<?xml version="1.0" encoding="UTF-8"?>
<testsuite xmlns:xsi="http://www.w3.org/2001/XMLSchema-instance" xsi:noNamespaceSchemaLocation="https://maven.apache.org/surefire/maven-surefire-plugin/xsd/surefire-test-report.xsd" name="org.apache.hadoop.ozone.client.rpc.TestOzoneClientRetriesOnException" time="278.576" tests="2" errors="2" skipped="0" failures="0">
  <properties>
    <property name="awt.toolkit" value="sun.awt.X11.XToolkit"/>
    <property name="file.encoding.pkg" value="sun.io"/>
    <property name="java.specification.version" value="1.8"/>
    <property name="sun.cpu.isalist" value=""/>
    <property name="sun.jnu.encoding" value="UTF-8"/>
    <property name="java.class.path" value="/workdir/hadoop-ozone/integration-test/target/test-classes:/workdir/hadoop-ozone/integration-test/target/classes:/home/user/.m2/repository/org/apache/hadoop/hadoop-ozone-common/0.5.0-SNAPSHOT/hadoop-ozone-common-0.5.0-SNAPSHOT.jar:/home/user/.m2/repository/org/apache/commons/commons-compress/1.4.1/commons-compress-1.4.1.jar:/home/user/.m2/repository/org/tukaani/xz/1.0/xz-1.0.jar:/home/user/.m2/repository/org/apache/hadoop/hadoop-common/3.2.0/hadoop-common-3.2.0.jar:/home/user/.m2/repository/org/apache/hadoop/hadoop-hdfs/3.2.0/hadoop-hdfs-3.2.0.jar:/home/user/.m2/repository/org/apache/hadoop/hadoop-hdfs-client/3.2.0/hadoop-hdfs-client-3.2.0.jar:/home/user/.m2/repository/com/fasterxml/jackson/core/jackson-annotations/2.9.9/jackson-annotations-2.9.9.jar:/home/user/.m2/repository/org/apache/hadoop/hadoop-hdds-common/0.5.0-SNAPSHOT/hadoop-hdds-common-0.5.0-SNAPSHOT.jar:/home/user/.m2/repository/javax/annotation/javax.annotation-api/1.2/javax.annotation-api-1.2.jar:/home/user/.m2/repository/org/apache/ratis/ratis-server/0.4.0/ratis-server-0.4.0.jar:/home/user/.m2/repository/org/apache/ratis/ratis-thirdparty-misc/0.2.0/ratis-thirdparty-misc-0.2.0.jar:/home/user/.m2/repository/org/apache/ratis/ratis-proto/0.4.0/ratis-proto-0.4.0.jar:/home/user/.m2/repository/org/apache/ratis/ratis-common/0.4.0/ratis-common-0.4.0.jar:/home/user/.m2/repository/org/apache/ratis/ratis-client/0.4.0/ratis-client-0.4.0.jar:/home/user/.m2/repository/org/apache/ratis/ratis-metrics/0.4.0/ratis-metrics-0.4.0.jar:/home/user/.m2/repository/com/github/joshelser/dropwizard-metrics-hadoop-metrics2-reporter/0.1.2/dropwizard-metrics-hadoop-metrics2-reporter-0.1.2.jar:/home/user/.m2/repository/io/dropwizard/metrics/metrics-jvm/3.2.5/metrics-jvm-3.2.5.jar:/home/user/.m2/repository/io/dropwizard/metrics/metrics-ganglia/3.2.5/metrics-ganglia-3.2.5.jar:/home/user/.m2/repository/info/ganglia/gmetric4j/gmetric4j/1.0.7/gmetric4j-1.0.7.jar:/home/user/.m2/repository/org/apache/ratis/ratis-netty/0.4.0/ratis-netty-0.4.0.jar:/home/user/.m2/repository/org/apache/ratis/ratis-grpc/0.4.0/ratis-grpc-0.4.0.jar:/home/user/.m2/repository/org/rocksdb/rocksdbjni/6.0.1/rocksdbjni-6.0.1.jar:/home/user/.m2/repository/org/apache/logging/log4j/log4j-api/2.11.0/log4j-api-2.11.0.jar:/home/user/.m2/repository/org/apache/logging/log4j/log4j-core/2.11.0/log4j-core-2.11.0.jar:/home/user/.m2/repository/com/lmax/disruptor/3.4.2/disruptor-3.4.2.jar:/home/user/.m2/repository/org/apache/commons/commons-pool2/2.6.0/commons-pool2-2.6.0.jar:/home/user/.m2/repository/org/bouncycastle/bcpkix-jdk15on/1.60/bcpkix-jdk15on-1.60.jar:/home/user/.m2/repository/commons-validator/commons-validator/1.6/commons-validator-1.6.jar:/home/user/.m2/repository/commons-digester/commons-digester/1.8.1/commons-digester-1.8.1.jar:/home/user/.m2/repository/io/jaegertracing/jaeger-client/0.34.0/jaeger-client-0.34.0.jar:/home/user/.m2/repository/io/jaegertracing/jaeger-thrift/0.34.0/jaeger-thrift-0.34.0.jar:/home/user/.m2/repository/org/apache/thrift/libthrift/0.12.0/libthrift-0.12.0.jar:/home/user/.m2/repository/com/squareup/okhttp3/okhttp/3.9.0/okhttp-3.9.0.jar:/home/user/.m2/repository/com/squareup/okio/okio/1.13.0/okio-1.13.0.jar:/home/user/.m2/repository/io/jaegertracing/jaeger-core/0.34.0/jaeger-core-0.34.0.jar:/home/user/.m2/repository/io/jaegertracing/jaeger-tracerresolver/0.34.0/jaeger-tracerresolver-0.34.0.jar:/home/user/.m2/repository/io/opentracing/contrib/opentracing-tracerresolver/0.1.5/opentracing-tracerresolver-0.1.5.jar:/home/user/.m2/repository/io/opentracing/opentracing-util/0.31.0/opentracing-util-0.31.0.jar:/home/user/.m2/repository/io/opentracing/opentracing-api/0.31.0/opentracing-api-0.31.0.jar:/home/user/.m2/repository/io/opentracing/opentracing-noop/0.31.0/opentracing-noop-0.31.0.jar:/home/user/.m2/repository/org/apache/hadoop/hadoop-hdds-server-framework/0.5.0-SNAPSHOT/hadoop-hdds-server-framework-0.5.0-SNAPSHOT.jar:/home/user/.m2/repository/org/apache/hadoop/hadoop-hdds-container-service/0.5.0-SNAPSHOT/hadoop-hdds-container-service-0.5.0-SNAPSHOT.jar:/home/user/.m2/repository/org/apache/hadoop/hadoop-hdds-client/0.5.0-SNAPSHOT/hadoop-hdds-client-0.5.0-SNAPSHOT.jar:/home/user/.m2/repository/org/apache/hadoop/hadoop-hdds-tools/0.5.0-SNAPSHOT/hadoop-hdds-tools-0.5.0-SNAPSHOT.jar:/home/user/.m2/repository/org/apache/hadoop/hadoop-hdds-server-scm/0.5.0-SNAPSHOT/hadoop-hdds-server-scm-0.5.0-SNAPSHOT.jar:/home/user/.m2/repository/org/apache/hadoop/hadoop-hdds-docs/0.5.0-SNAPSHOT/hadoop-hdds-docs-0.5.0-SNAPSHOT.jar:/home/user/.m2/repository/io/dropwizard/metrics/metrics-core/3.2.4/metrics-core-3.2.4.jar:/home/user/.m2/repository/org/hamcrest/hamcrest-all/1.3/hamcrest-all-1.3.jar:/home/user/.m2/repository/org/bouncycastle/bcprov-jdk15on/1.60/bcprov-jdk15on-1.60.jar:/home/user/.m2/repository/info/picocli/picocli/3.9.6/picocli-3.9.6.jar:/home/user/.m2/repository/com/google/protobuf/protobuf-java/2.5.0/protobuf-java-2.5.0.jar:/home/user/.m2/repository/com/google/guava/guava/11.0.2/guava-11.0.2.jar:/home/user/.m2/repository/org/apache/hadoop/hadoop-ozone-ozone-manager/0.5.0-SNAPSHOT/hadoop-ozone-ozone-manager-0.5.0-SNAPSHOT.jar:/home/user/.m2/repository/org/apache/hadoop/hadoop-minikdc/3.2.0/hadoop-minikdc-3.2.0.jar:/home/user/.m2/repository/commons-io/commons-io/2.5/commons-io-2.5.jar:/home/user/.m2/repository/org/apache/kerby/kerb-simplekdc/1.0.1/kerb-simplekdc-1.0.1.jar:/home/user/.m2/repository/org/apache/kerby/kerb-client/1.0.1/kerb-client-1.0.1.jar:/home/user/.m2/repository/org/apache/kerby/kerby-config/1.0.1/kerby-config-1.0.1.jar:/home/user/.m2/repository/org/apache/kerby/kerb-core/1.0.1/kerb-core-1.0.1.jar:/home/user/.m2/repository/org/apache/kerby/kerby-pkix/1.0.1/kerby-pkix-1.0.1.jar:/home/user/.m2/repository/org/apache/kerby/kerby-asn1/1.0.1/kerby-asn1-1.0.1.jar:/home/user/.m2/repository/org/apache/kerby/kerby-util/1.0.1/kerby-util-1.0.1.jar:/home/user/.m2/repository/org/apache/kerby/kerb-common/1.0.1/kerb-common-1.0.1.jar:/home/user/.m2/repository/org/apache/kerby/kerb-crypto/1.0.1/kerb-crypto-1.0.1.jar:/home/user/.m2/repository/org/apache/kerby/kerb-util/1.0.1/kerb-util-1.0.1.jar:/home/user/.m2/repository/org/apache/kerby/token-provider/1.0.1/token-provider-1.0.1.jar:/home/user/.m2/repository/org/apache/kerby/kerb-admin/1.0.1/kerb-admin-1.0.1.jar:/home/user/.m2/repository/org/apache/kerby/kerb-server/1.0.1/kerb-server-1.0.1.jar:/home/user/.m2/repository/org/apache/kerby/kerb-identity/1.0.1/kerb-identity-1.0.1.jar:/home/user/.m2/repository/org/apache/kerby/kerby-xdr/1.0.1/kerby-xdr-1.0.1.jar:/home/user/.m2/repository/org/slf4j/slf4j-log4j12/1.7.25/slf4j-log4j12-1.7.25.jar:/home/user/.m2/repository/org/apache/hadoop/hadoop-ozone-s3gateway/0.5.0-SNAPSHOT/hadoop-ozone-s3gateway-0.5.0-SNAPSHOT.jar:/home/user/.m2/repository/org/jboss/weld/servlet/weld-servlet/2.4.7.Final/weld-servlet-2.4.7.Final.jar:/home/user/.m2/repository/org/glassfish/jersey/containers/jersey-container-servlet-core/2.27/jersey-container-servlet-core-2.27.jar:/home/user/.m2/repository/org/glassfish/hk2/external/javax.inject/2.5.0-b42/javax.inject-2.5.0-b42.jar:/home/user/.m2/repository/org/glassfish/jersey/core/jersey-common/2.27/jersey-common-2.27.jar:/home/user/.m2/repository/org/glassfish/hk2/osgi-resource-locator/1.0.1/osgi-resource-locator-1.0.1.jar:/home/user/.m2/repository/javax/ws/rs/javax.ws.rs-api/2.1/javax.ws.rs-api-2.1.jar:/home/user/.m2/repository/org/glassfish/jersey/ext/cdi/jersey-cdi1x/2.27/jersey-cdi1x-2.27.jar:/home/user/.m2/repository/org/glassfish/jersey/inject/jersey-hk2/2.27/jersey-hk2-2.27.jar:/home/user/.m2/repository/org/glassfish/hk2/hk2-locator/2.5.0-b42/hk2-locator-2.5.0-b42.jar:/home/user/.m2/repository/org/javassist/javassist/3.22.0-CR2/javassist-3.22.0-CR2.jar:/home/user/.m2/repository/org/glassfish/hk2/hk2-api/2.5.0/hk2-api-2.5.0.jar:/home/user/.m2/repository/org/glassfish/hk2/external/jakarta.inject/2.5.0/jakarta.inject-2.5.0.jar:/home/user/.m2/repository/org/glassfish/hk2/hk2-utils/2.5.0/hk2-utils-2.5.0.jar:/home/user/.m2/repository/jakarta/annotation/jakarta.annotation-api/1.3.4/jakarta.annotation-api-1.3.4.jar:/home/user/.m2/repository/org/glassfish/hk2/external/aopalliance-repackaged/2.5.0/aopalliance-repackaged-2.5.0.jar:/home/user/.m2/repository/com/fasterxml/jackson/dataformat/jackson-dataformat-xml/2.9.0/jackson-dataformat-xml-2.9.0.jar:/home/user/.m2/repository/com/fasterxml/jackson/core/jackson-core/2.9.9/jackson-core-2.9.9.jar:/home/user/.m2/repository/com/fasterxml/jackson/module/jackson-module-jaxb-annotations/2.9.9/jackson-module-jaxb-annotations-2.9.9.jar:/home/user/.m2/repository/javax/enterprise/cdi-api/1.2/cdi-api-1.2.jar:/home/user/.m2/repository/javax/el/javax.el-api/3.0.0/javax.el-api-3.0.0.jar:/home/user/.m2/repository/javax/interceptor/javax.interceptor-api/1.2/javax.interceptor-api-1.2.jar:/home/user/.m2/repository/javax/inject/javax.inject/1/javax.inject-1.jar:/home/user/.m2/repository/com/sun/xml/bind/jaxb-impl/2.3.0.1/jaxb-impl-2.3.0.1.jar:/home/user/.m2/repository/com/sun/xml/bind/jaxb-core/2.3.0.1/jaxb-core-2.3.0.1.jar:/home/user/.m2/repository/javax/xml/bind/jaxb-api/2.3.0/jaxb-api-2.3.0.jar:/home/user/.m2/repository/javax/activation/activation/1.1.1/activation-1.1.1.jar:/home/user/.m2/repository/org/apache/hadoop/hadoop-ozone-csi/0.5.0-SNAPSHOT/hadoop-ozone-csi-0.5.0-SNAPSHOT.jar:/home/user/.m2/repository/com/google/protobuf/protobuf-java-util/3.5.1/protobuf-java-util-3.5.1.jar:/home/user/.m2/repository/org/apache/hadoop/hadoop-hdds-config/0.5.0-SNAPSHOT/hadoop-hdds-config-0.5.0-SNAPSHOT.jar:/home/user/.m2/repository/io/grpc/grpc-netty/1.17.1/grpc-netty-1.17.1.jar:/home/user/.m2/repository/io/grpc/grpc-core/1.17.1/grpc-core-1.17.1.jar:/home/user/.m2/repository/io/grpc/grpc-context/1.17.1/grpc-context-1.17.1.jar:/home/user/.m2/repository/com/google/errorprone/error_prone_annotations/2.2.0/error_prone_annotations-2.2.0.jar:/home/user/.m2/repository/org/codehaus/mojo/animal-sniffer-annotations/1.17/animal-sniffer-annotations-1.17.jar:/home/user/.m2/repository/io/opencensus/opencensus-api/0.17.0/opencensus-api-0.17.0.jar:/home/user/.m2/repository/io/opencensus/opencensus-contrib-grpc-metrics/0.17.0/opencensus-contrib-grpc-metrics-0.17.0.jar:/home/user/.m2/repository/io/netty/netty-codec-http2/4.1.30.Final/netty-codec-http2-4.1.30.Final.jar:/home/user/.m2/repository/io/netty/netty-codec-http/4.1.30.Final/netty-codec-http-4.1.30.Final.jar:/home/user/.m2/repository/io/netty/netty-codec/4.1.30.Final/netty-codec-4.1.30.Final.jar:/home/user/.m2/repository/io/netty/netty-handler/4.1.30.Final/netty-handler-4.1.30.Final.jar:/home/user/.m2/repository/io/netty/netty-handler-proxy/4.1.30.Final/netty-handler-proxy-4.1.30.Final.jar:/home/user/.m2/repository/io/netty/netty-codec-socks/4.1.30.Final/netty-codec-socks-4.1.30.Final.jar:/home/user/.m2/repository/io/netty/netty-transport-native-epoll/4.1.30.Final/netty-transport-native-epoll-4.1.30.Final.jar:/home/user/.m2/repository/io/netty/netty-common/4.1.30.Final/netty-common-4.1.30.Final.jar:/home/user/.m2/repository/io/netty/netty-buffer/4.1.30.Final/netty-buffer-4.1.30.Final.jar:/home/user/.m2/repository/io/netty/netty-transport/4.1.30.Final/netty-transport-4.1.30.Final.jar:/home/user/.m2/repository/io/netty/netty-resolver/4.1.30.Final/netty-resolver-4.1.30.Final.jar:/home/user/.m2/repository/io/netty/netty-transport-native-unix-common/4.1.30.Final/netty-transport-native-unix-common-4.1.30.Final.jar:/home/user/.m2/repository/io/grpc/grpc-protobuf/1.17.1/grpc-protobuf-1.17.1.jar:/home/user/.m2/repository/com/google/api/grpc/proto-google-common-protos/1.0.0/proto-google-common-protos-1.0.0.jar:/home/user/.m2/repository/io/grpc/grpc-protobuf-lite/1.17.1/grpc-protobuf-lite-1.17.1.jar:/home/user/.m2/repository/io/grpc/grpc-stub/1.17.1/grpc-stub-1.17.1.jar:/home/user/.m2/repository/org/apache/hadoop/hadoop-ozone-recon/0.5.0-SNAPSHOT/hadoop-ozone-recon-0.5.0-SNAPSHOT.jar:/home/user/.m2/repository/org/apache/hadoop/hadoop-ozone-reconcodegen/0.5.0-SNAPSHOT/hadoop-ozone-reconcodegen-0.5.0-SNAPSHOT.jar:/home/user/.m2/repository/com/google/inject/extensions/guice-multibindings/4.0/guice-multibindings-4.0.jar:/home/user/.m2/repository/com/google/inject/guice/4.0/guice-4.0.jar:/home/user/.m2/repository/aopalliance/aopalliance/1.0/aopalliance-1.0.jar:/home/user/.m2/repository/com/google/inject/extensions/guice-servlet/4.0/guice-servlet-4.0.jar:/home/user/.m2/repository/org/glassfish/jersey/containers/jersey-container-servlet/2.27/jersey-container-servlet-2.27.jar:/home/user/.m2/repository/org/glassfish/hk2/guice-bridge/2.5.0/guice-bridge-2.5.0.jar:/home/user/.m2/repository/org/glassfish/jersey/core/jersey-server/2.27/jersey-server-2.27.jar:/home/user/.m2/repository/org/glassfish/jersey/core/jersey-client/2.27/jersey-client-2.27.jar:/home/user/.m2/repository/org/glassfish/jersey/media/jersey-media-jaxb/2.27/jersey-media-jaxb-2.27.jar:/home/user/.m2/repository/javax/validation/validation-api/1.1.0.Final/validation-api-1.1.0.Final.jar:/home/user/.m2/repository/org/glassfish/jersey/media/jersey-media-json-jackson/2.27/jersey-media-json-jackson-2.27.jar:/home/user/.m2/repository/org/glassfish/jersey/ext/jersey-entity-filtering/2.27/jersey-entity-filtering-2.27.jar:/home/user/.m2/repository/com/google/inject/extensions/guice-assistedinject/4.0/guice-assistedinject-4.0.jar:/home/user/.m2/repository/org/jooq/jooq/3.11.10/jooq-3.11.10.jar:/home/user/.m2/repository/org/jooq/jooq-meta/3.11.10/jooq-meta-3.11.10.jar:/home/user/.m2/repository/org/jooq/jooq-codegen/3.11.10/jooq-codegen-3.11.10.jar:/home/user/.m2/repository/com/jolbox/bonecp/0.8.0.RELEASE/bonecp-0.8.0.RELEASE.jar:/home/user/.m2/repository/org/xerial/sqlite-jdbc/3.25.2/sqlite-jdbc-3.25.2.jar:/home/user/.m2/repository/org/springframework/spring-jdbc/5.1.3.RELEASE/spring-jdbc-5.1.3.RELEASE.jar:/home/user/.m2/repository/org/springframework/spring-beans/5.1.3.RELEASE/spring-beans-5.1.3.RELEASE.jar:/home/user/.m2/repository/org/springframework/spring-core/5.1.3.RELEASE/spring-core-5.1.3.RELEASE.jar:/home/user/.m2/repository/org/springframework/spring-jcl/5.1.3.RELEASE/spring-jcl-5.1.3.RELEASE.jar:/home/user/.m2/repository/org/springframework/spring-tx/5.1.3.RELEASE/spring-tx-5.1.3.RELEASE.jar:/home/user/.m2/repository/org/apache/hadoop/hadoop-ozone-client/0.5.0-SNAPSHOT/hadoop-ozone-client-0.5.0-SNAPSHOT.jar:/home/user/.m2/repository/commons-lang/commons-lang/2.6/commons-lang-2.6.jar:/home/user/.m2/repository/org/apache/hadoop/hadoop-ozone-ozone-manager/0.5.0-SNAPSHOT/hadoop-ozone-ozone-manager-0.5.0-SNAPSHOT-tests.jar:/home/user/.m2/repository/junit/junit/4.11/junit-4.11.jar:/home/user/.m2/repository/org/hamcrest/hamcrest-core/1.3/hamcrest-core-1.3.jar:/home/user/.m2/repository/org/openjdk/jmh/jmh-core/1.19/jmh-core-1.19.jar:/home/user/.m2/repository/net/sf/jopt-simple/jopt-simple/4.6/jopt-simple-4.6.jar:/home/user/.m2/repository/org/apache/commons/commons-math3/3.1.1/commons-math3-3.1.1.jar:/home/user/.m2/repository/org/openjdk/jmh/jmh-generator-annprocess/1.19/jmh-generator-annprocess-1.19.jar:/home/user/.m2/repository/org/mockito/mockito-all/1.8.5/mockito-all-1.8.5.jar:/home/user/.m2/repository/org/apache/hadoop/hadoop-kms/3.2.0/hadoop-kms-3.2.0.jar:/home/user/.m2/repository/org/apache/hadoop/hadoop-auth/3.2.0/hadoop-auth-3.2.0.jar:/home/user/.m2/repository/com/nimbusds/nimbus-jose-jwt/4.41.1/nimbus-jose-jwt-4.41.1.jar:/home/user/.m2/repository/com/github/stephenc/jcip/jcip-annotations/1.0-1/jcip-annotations-1.0-1.jar:/home/user/.m2/repository/net/minidev/json-smart/2.3/json-smart-2.3.jar:/home/user/.m2/repository/net/minidev/accessors-smart/1.2/accessors-smart-1.2.jar:/home/user/.m2/repository/org/ow2/asm/asm/5.0.4/asm-5.0.4.jar:/home/user/.m2/repository/org/apache/curator/curator-framework/2.12.0/curator-framework-2.12.0.jar:/home/user/.m2/repository/com/sun/jersey/jersey-core/1.19/jersey-core-1.19.jar:/home/user/.m2/repository/javax/ws/rs/jsr311-api/1.1.1/jsr311-api-1.1.1.jar:/home/user/.m2/repository/com/sun/jersey/jersey-server/1.19/jersey-server-1.19.jar:/home/user/.m2/repository/javax/servlet/javax.servlet-api/3.1.0/javax.servlet-api-3.1.0.jar:/home/user/.m2/repository/org/eclipse/jetty/jetty-server/9.3.25.v20180904/jetty-server-9.3.25.v20180904.jar:/home/user/.m2/repository/org/eclipse/jetty/jetty-http/9.3.25.v20180904/jetty-http-9.3.25.v20180904.jar:/home/user/.m2/repository/org/eclipse/jetty/jetty-io/9.3.25.v20180904/jetty-io-9.3.25.v20180904.jar:/home/user/.m2/repository/org/eclipse/jetty/jetty-webapp/9.3.25.v20180904/jetty-webapp-9.3.25.v20180904.jar:/home/user/.m2/repository/org/eclipse/jetty/jetty-xml/9.3.25.v20180904/jetty-xml-9.3.25.v20180904.jar:/home/user/.m2/repository/log4j/log4j/1.2.17/log4j-1.2.17.jar:/home/user/.m2/repository/org/slf4j/slf4j-api/1.7.25/slf4j-api-1.7.25.jar:/home/user/.m2/repository/org/slf4j/jul-to-slf4j/1.7.25/jul-to-slf4j-1.7.25.jar:/home/user/.m2/repository/org/eclipse/jetty/jetty-util/9.3.25.v20180904/jetty-util-9.3.25.v20180904.jar:/home/user/.m2/repository/com/fasterxml/jackson/core/jackson-databind/2.9.9/jackson-databind-2.9.9.jar:/home/user/.m2/repository/org/apache/hadoop/hadoop-kms/3.2.0/hadoop-kms-3.2.0-tests.jar:/home/user/.m2/repository/org/apache/hadoop/hadoop-hdds-server-scm/0.5.0-SNAPSHOT/hadoop-hdds-server-scm-0.5.0-SNAPSHOT-tests.jar:/home/user/.m2/repository/org/apache/hadoop/hadoop-hdds-container-service/0.5.0-SNAPSHOT/hadoop-hdds-container-service-0.5.0-SNAPSHOT-tests.jar:/home/user/.m2/repository/org/yaml/snakeyaml/1.16/snakeyaml-1.16.jar:/home/user/.m2/repository/org/apache/hadoop/hadoop-common/3.2.0/hadoop-common-3.2.0-tests.jar:/home/user/.m2/repository/org/apache/hadoop/hadoop-annotations/3.2.0/hadoop-annotations-3.2.0.jar:/usr/lib/jvm/java-1.8-openjdk/jre/../lib/tools.jar:/home/user/.m2/repository/commons-cli/commons-cli/1.2/commons-cli-1.2.jar:/home/user/.m2/repository/org/apache/httpcomponents/httpclient/4.5.2/httpclient-4.5.2.jar:/home/user/.m2/repository/org/apache/httpcomponents/httpcore/4.4.4/httpcore-4.4.4.jar:/home/user/.m2/repository/commons-codec/commons-codec/1.11/commons-codec-1.11.jar:/home/user/.m2/repository/commons-net/commons-net/3.6/commons-net-3.6.jar:/home/user/.m2/repository/commons-collections/commons-collections/3.2.2/commons-collections-3.2.2.jar:/home/user/.m2/repository/org/eclipse/jetty/jetty-servlet/9.3.25.v20180904/jetty-servlet-9.3.25.v20180904.jar:/home/user/.m2/repository/org/eclipse/jetty/jetty-security/9.3.25.v20180904/jetty-security-9.3.25.v20180904.jar:/home/user/.m2/repository/javax/servlet/jsp/jsp-api/2.1/jsp-api-2.1.jar:/home/user/.m2/repository/com/sun/jersey/jersey-servlet/1.19/jersey-servlet-1.19.jar:/home/user/.m2/repository/com/sun/jersey/jersey-json/1.19/jersey-json-1.19.jar:/home/user/.m2/repository/org/codehaus/jettison/jettison/1.1/jettison-1.1.jar:/home/user/.m2/repository/org/codehaus/jackson/jackson-core-asl/1.9.13/jackson-core-asl-1.9.13.jar:/home/user/.m2/repository/org/codehaus/jackson/jackson-mapper-asl/1.9.13/jackson-mapper-asl-1.9.13.jar:/home/user/.m2/repository/org/codehaus/jackson/jackson-jaxrs/1.9.13/jackson-jaxrs-1.9.13.jar:/home/user/.m2/repository/org/codehaus/jackson/jackson-xc/1.9.13/jackson-xc-1.9.13.jar:/home/user/.m2/repository/commons-logging/commons-logging/1.1.3/commons-logging-1.1.3.jar:/home/user/.m2/repository/commons-beanutils/commons-beanutils/1.9.4/commons-beanutils-1.9.4.jar:/home/user/.m2/repository/org/apache/commons/commons-configuration2/2.1.1/commons-configuration2-2.1.1.jar:/home/user/.m2/repository/org/apache/commons/commons-lang3/3.7/commons-lang3-3.7.jar:/home/user/.m2/repository/org/apache/commons/commons-text/1.4/commons-text-1.4.jar:/home/user/.m2/repository/org/apache/avro/avro/1.7.7/avro-1.7.7.jar:/home/user/.m2/repository/com/thoughtworks/paranamer/paranamer/2.3/paranamer-2.3.jar:/home/user/.m2/repository/org/xerial/snappy/snappy-java/1.0.5/snappy-java-1.0.5.jar:/home/user/.m2/repository/com/google/re2j/re2j/1.1/re2j-1.1.jar:/home/user/.m2/repository/com/google/code/gson/gson/2.2.4/gson-2.2.4.jar:/home/user/.m2/repository/com/jcraft/jsch/0.1.54/jsch-0.1.54.jar:/home/user/.m2/repository/org/apache/curator/curator-client/2.12.0/curator-client-2.12.0.jar:/home/user/.m2/repository/org/apache/curator/curator-recipes/2.12.0/curator-recipes-2.12.0.jar:/home/user/.m2/repository/com/google/code/findbugs/jsr305/3.0.0/jsr305-3.0.0.jar:/home/user/.m2/repository/org/apache/htrace/htrace-core4/4.1.0-incubating/htrace-core4-4.1.0-incubating.jar:/home/user/.m2/repository/org/apache/zookeeper/zookeeper/3.4.13/zookeeper-3.4.13.jar:/home/user/.m2/repository/jline/jline/0.9.94/jline-0.9.94.jar:/home/user/.m2/repository/org/apache/yetus/audience-annotations/0.5.0/audience-annotations-0.5.0.jar:/home/user/.m2/repository/org/codehaus/woodstox/stax2-api/3.1.4/stax2-api-3.1.4.jar:/home/user/.m2/repository/com/fasterxml/woodstox/woodstox-core/5.0.3/woodstox-core-5.0.3.jar:/home/user/.m2/repository/dnsjava/dnsjava/2.1.7/dnsjava-2.1.7.jar:/home/user/.m2/repository/org/apache/hadoop/hadoop-hdfs/3.2.0/hadoop-hdfs-3.2.0-tests.jar:/home/user/.m2/repository/org/eclipse/jetty/jetty-util-ajax/9.3.25.v20180904/jetty-util-ajax-9.3.25.v20180904.jar:/home/user/.m2/repository/commons-daemon/commons-daemon/1.0.13/commons-daemon-1.0.13.jar:/home/user/.m2/repository/io/netty/netty/3.10.5.Final/netty-3.10.5.Final.jar:/home/user/.m2/repository/io/netty/netty-all/4.0.52.Final/netty-all-4.0.52.Final.jar:/home/user/.m2/repository/org/fusesource/leveldbjni/leveldbjni-all/1.8/leveldbjni-all-1.8.jar:"/>
    <property name="java.vm.vendor" value="IcedTea"/>
    <property name="sun.arch.data.model" value="64"/>
    <property name="test.build.dir" value="/workdir/hadoop-ozone/integration-test/target/test-dir"/>
    <property name="test.cache.data" value=""/>
    <property name="java.vendor.url" value="https://icedtea.classpath.org"/>
    <property name="user.timezone" value=""/>
    <property name="java.vm.specification.version" value="1.8"/>
    <property name="os.name" value="Linux"/>
    <property name="test.build.data" value="/workdir/hadoop-ozone/integration-test/target/test-dir"/>
    <property name="user.country" value="US"/>
    <property name="sun.java.launcher" value="SUN_STANDARD"/>
    <property name="sun.boot.library.path" value="/usr/lib/jvm/java-1.8-openjdk/jre/lib/amd64"/>
    <property name="sun.java.command" value="/workdir/hadoop-ozone/integration-test/target/surefire/surefirebooter2899843994827655678.jar /workdir/hadoop-ozone/integration-test/target/surefire 2019-09-26T15-34-27_911-jvmRun1 surefire6614399483441842993tmp surefire_303876739033300374542tmp"/>
    <property name="test" value="!TestMiniChaosOzoneCluster"/>
    <property name="surefire.test.class.path" value="/workdir/hadoop-ozone/integration-test/target/test-classes:/workdir/hadoop-ozone/integration-test/target/classes:/home/user/.m2/repository/org/apache/hadoop/hadoop-ozone-common/0.5.0-SNAPSHOT/hadoop-ozone-common-0.5.0-SNAPSHOT.jar:/home/user/.m2/repository/org/apache/commons/commons-compress/1.4.1/commons-compress-1.4.1.jar:/home/user/.m2/repository/org/tukaani/xz/1.0/xz-1.0.jar:/home/user/.m2/repository/org/apache/hadoop/hadoop-common/3.2.0/hadoop-common-3.2.0.jar:/home/user/.m2/repository/org/apache/hadoop/hadoop-hdfs/3.2.0/hadoop-hdfs-3.2.0.jar:/home/user/.m2/repository/org/apache/hadoop/hadoop-hdfs-client/3.2.0/hadoop-hdfs-client-3.2.0.jar:/home/user/.m2/repository/com/fasterxml/jackson/core/jackson-annotations/2.9.9/jackson-annotations-2.9.9.jar:/home/user/.m2/repository/org/apache/hadoop/hadoop-hdds-common/0.5.0-SNAPSHOT/hadoop-hdds-common-0.5.0-SNAPSHOT.jar:/home/user/.m2/repository/javax/annotation/javax.annotation-api/1.2/javax.annotation-api-1.2.jar:/home/user/.m2/repository/org/apache/ratis/ratis-server/0.4.0/ratis-server-0.4.0.jar:/home/user/.m2/repository/org/apache/ratis/ratis-thirdparty-misc/0.2.0/ratis-thirdparty-misc-0.2.0.jar:/home/user/.m2/repository/org/apache/ratis/ratis-proto/0.4.0/ratis-proto-0.4.0.jar:/home/user/.m2/repository/org/apache/ratis/ratis-common/0.4.0/ratis-common-0.4.0.jar:/home/user/.m2/repository/org/apache/ratis/ratis-client/0.4.0/ratis-client-0.4.0.jar:/home/user/.m2/repository/org/apache/ratis/ratis-metrics/0.4.0/ratis-metrics-0.4.0.jar:/home/user/.m2/repository/com/github/joshelser/dropwizard-metrics-hadoop-metrics2-reporter/0.1.2/dropwizard-metrics-hadoop-metrics2-reporter-0.1.2.jar:/home/user/.m2/repository/io/dropwizard/metrics/metrics-jvm/3.2.5/metrics-jvm-3.2.5.jar:/home/user/.m2/repository/io/dropwizard/metrics/metrics-ganglia/3.2.5/metrics-ganglia-3.2.5.jar:/home/user/.m2/repository/info/ganglia/gmetric4j/gmetric4j/1.0.7/gmetric4j-1.0.7.jar:/home/user/.m2/repository/org/apache/ratis/ratis-netty/0.4.0/ratis-netty-0.4.0.jar:/home/user/.m2/repository/org/apache/ratis/ratis-grpc/0.4.0/ratis-grpc-0.4.0.jar:/home/user/.m2/repository/org/rocksdb/rocksdbjni/6.0.1/rocksdbjni-6.0.1.jar:/home/user/.m2/repository/org/apache/logging/log4j/log4j-api/2.11.0/log4j-api-2.11.0.jar:/home/user/.m2/repository/org/apache/logging/log4j/log4j-core/2.11.0/log4j-core-2.11.0.jar:/home/user/.m2/repository/com/lmax/disruptor/3.4.2/disruptor-3.4.2.jar:/home/user/.m2/repository/org/apache/commons/commons-pool2/2.6.0/commons-pool2-2.6.0.jar:/home/user/.m2/repository/org/bouncycastle/bcpkix-jdk15on/1.60/bcpkix-jdk15on-1.60.jar:/home/user/.m2/repository/commons-validator/commons-validator/1.6/commons-validator-1.6.jar:/home/user/.m2/repository/commons-digester/commons-digester/1.8.1/commons-digester-1.8.1.jar:/home/user/.m2/repository/io/jaegertracing/jaeger-client/0.34.0/jaeger-client-0.34.0.jar:/home/user/.m2/repository/io/jaegertracing/jaeger-thrift/0.34.0/jaeger-thrift-0.34.0.jar:/home/user/.m2/repository/org/apache/thrift/libthrift/0.12.0/libthrift-0.12.0.jar:/home/user/.m2/repository/com/squareup/okhttp3/okhttp/3.9.0/okhttp-3.9.0.jar:/home/user/.m2/repository/com/squareup/okio/okio/1.13.0/okio-1.13.0.jar:/home/user/.m2/repository/io/jaegertracing/jaeger-core/0.34.0/jaeger-core-0.34.0.jar:/home/user/.m2/repository/io/jaegertracing/jaeger-tracerresolver/0.34.0/jaeger-tracerresolver-0.34.0.jar:/home/user/.m2/repository/io/opentracing/contrib/opentracing-tracerresolver/0.1.5/opentracing-tracerresolver-0.1.5.jar:/home/user/.m2/repository/io/opentracing/opentracing-util/0.31.0/opentracing-util-0.31.0.jar:/home/user/.m2/repository/io/opentracing/opentracing-api/0.31.0/opentracing-api-0.31.0.jar:/home/user/.m2/repository/io/opentracing/opentracing-noop/0.31.0/opentracing-noop-0.31.0.jar:/home/user/.m2/repository/org/apache/hadoop/hadoop-hdds-server-framework/0.5.0-SNAPSHOT/hadoop-hdds-server-framework-0.5.0-SNAPSHOT.jar:/home/user/.m2/repository/org/apache/hadoop/hadoop-hdds-container-service/0.5.0-SNAPSHOT/hadoop-hdds-container-service-0.5.0-SNAPSHOT.jar:/home/user/.m2/repository/org/apache/hadoop/hadoop-hdds-client/0.5.0-SNAPSHOT/hadoop-hdds-client-0.5.0-SNAPSHOT.jar:/home/user/.m2/repository/org/apache/hadoop/hadoop-hdds-tools/0.5.0-SNAPSHOT/hadoop-hdds-tools-0.5.0-SNAPSHOT.jar:/home/user/.m2/repository/org/apache/hadoop/hadoop-hdds-server-scm/0.5.0-SNAPSHOT/hadoop-hdds-server-scm-0.5.0-SNAPSHOT.jar:/home/user/.m2/repository/org/apache/hadoop/hadoop-hdds-docs/0.5.0-SNAPSHOT/hadoop-hdds-docs-0.5.0-SNAPSHOT.jar:/home/user/.m2/repository/io/dropwizard/metrics/metrics-core/3.2.4/metrics-core-3.2.4.jar:/home/user/.m2/repository/org/hamcrest/hamcrest-all/1.3/hamcrest-all-1.3.jar:/home/user/.m2/repository/org/bouncycastle/bcprov-jdk15on/1.60/bcprov-jdk15on-1.60.jar:/home/user/.m2/repository/info/picocli/picocli/3.9.6/picocli-3.9.6.jar:/home/user/.m2/repository/com/google/protobuf/protobuf-java/2.5.0/protobuf-java-2.5.0.jar:/home/user/.m2/repository/com/google/guava/guava/11.0.2/guava-11.0.2.jar:/home/user/.m2/repository/org/apache/hadoop/hadoop-ozone-ozone-manager/0.5.0-SNAPSHOT/hadoop-ozone-ozone-manager-0.5.0-SNAPSHOT.jar:/home/user/.m2/repository/org/apache/hadoop/hadoop-minikdc/3.2.0/hadoop-minikdc-3.2.0.jar:/home/user/.m2/repository/commons-io/commons-io/2.5/commons-io-2.5.jar:/home/user/.m2/repository/org/apache/kerby/kerb-simplekdc/1.0.1/kerb-simplekdc-1.0.1.jar:/home/user/.m2/repository/org/apache/kerby/kerb-client/1.0.1/kerb-client-1.0.1.jar:/home/user/.m2/repository/org/apache/kerby/kerby-config/1.0.1/kerby-config-1.0.1.jar:/home/user/.m2/repository/org/apache/kerby/kerb-core/1.0.1/kerb-core-1.0.1.jar:/home/user/.m2/repository/org/apache/kerby/kerby-pkix/1.0.1/kerby-pkix-1.0.1.jar:/home/user/.m2/repository/org/apache/kerby/kerby-asn1/1.0.1/kerby-asn1-1.0.1.jar:/home/user/.m2/repository/org/apache/kerby/kerby-util/1.0.1/kerby-util-1.0.1.jar:/home/user/.m2/repository/org/apache/kerby/kerb-common/1.0.1/kerb-common-1.0.1.jar:/home/user/.m2/repository/org/apache/kerby/kerb-crypto/1.0.1/kerb-crypto-1.0.1.jar:/home/user/.m2/repository/org/apache/kerby/kerb-util/1.0.1/kerb-util-1.0.1.jar:/home/user/.m2/repository/org/apache/kerby/token-provider/1.0.1/token-provider-1.0.1.jar:/home/user/.m2/repository/org/apache/kerby/kerb-admin/1.0.1/kerb-admin-1.0.1.jar:/home/user/.m2/repository/org/apache/kerby/kerb-server/1.0.1/kerb-server-1.0.1.jar:/home/user/.m2/repository/org/apache/kerby/kerb-identity/1.0.1/kerb-identity-1.0.1.jar:/home/user/.m2/repository/org/apache/kerby/kerby-xdr/1.0.1/kerby-xdr-1.0.1.jar:/home/user/.m2/repository/org/slf4j/slf4j-log4j12/1.7.25/slf4j-log4j12-1.7.25.jar:/home/user/.m2/repository/org/apache/hadoop/hadoop-ozone-s3gateway/0.5.0-SNAPSHOT/hadoop-ozone-s3gateway-0.5.0-SNAPSHOT.jar:/home/user/.m2/repository/org/jboss/weld/servlet/weld-servlet/2.4.7.Final/weld-servlet-2.4.7.Final.jar:/home/user/.m2/repository/org/glassfish/jersey/containers/jersey-container-servlet-core/2.27/jersey-container-servlet-core-2.27.jar:/home/user/.m2/repository/org/glassfish/hk2/external/javax.inject/2.5.0-b42/javax.inject-2.5.0-b42.jar:/home/user/.m2/repository/org/glassfish/jersey/core/jersey-common/2.27/jersey-common-2.27.jar:/home/user/.m2/repository/org/glassfish/hk2/osgi-resource-locator/1.0.1/osgi-resource-locator-1.0.1.jar:/home/user/.m2/repository/javax/ws/rs/javax.ws.rs-api/2.1/javax.ws.rs-api-2.1.jar:/home/user/.m2/repository/org/glassfish/jersey/ext/cdi/jersey-cdi1x/2.27/jersey-cdi1x-2.27.jar:/home/user/.m2/repository/org/glassfish/jersey/inject/jersey-hk2/2.27/jersey-hk2-2.27.jar:/home/user/.m2/repository/org/glassfish/hk2/hk2-locator/2.5.0-b42/hk2-locator-2.5.0-b42.jar:/home/user/.m2/repository/org/javassist/javassist/3.22.0-CR2/javassist-3.22.0-CR2.jar:/home/user/.m2/repository/org/glassfish/hk2/hk2-api/2.5.0/hk2-api-2.5.0.jar:/home/user/.m2/repository/org/glassfish/hk2/external/jakarta.inject/2.5.0/jakarta.inject-2.5.0.jar:/home/user/.m2/repository/org/glassfish/hk2/hk2-utils/2.5.0/hk2-utils-2.5.0.jar:/home/user/.m2/repository/jakarta/annotation/jakarta.annotation-api/1.3.4/jakarta.annotation-api-1.3.4.jar:/home/user/.m2/repository/org/glassfish/hk2/external/aopalliance-repackaged/2.5.0/aopalliance-repackaged-2.5.0.jar:/home/user/.m2/repository/com/fasterxml/jackson/dataformat/jackson-dataformat-xml/2.9.0/jackson-dataformat-xml-2.9.0.jar:/home/user/.m2/repository/com/fasterxml/jackson/core/jackson-core/2.9.9/jackson-core-2.9.9.jar:/home/user/.m2/repository/com/fasterxml/jackson/module/jackson-module-jaxb-annotations/2.9.9/jackson-module-jaxb-annotations-2.9.9.jar:/home/user/.m2/repository/javax/enterprise/cdi-api/1.2/cdi-api-1.2.jar:/home/user/.m2/repository/javax/el/javax.el-api/3.0.0/javax.el-api-3.0.0.jar:/home/user/.m2/repository/javax/interceptor/javax.interceptor-api/1.2/javax.interceptor-api-1.2.jar:/home/user/.m2/repository/javax/inject/javax.inject/1/javax.inject-1.jar:/home/user/.m2/repository/com/sun/xml/bind/jaxb-impl/2.3.0.1/jaxb-impl-2.3.0.1.jar:/home/user/.m2/repository/com/sun/xml/bind/jaxb-core/2.3.0.1/jaxb-core-2.3.0.1.jar:/home/user/.m2/repository/javax/xml/bind/jaxb-api/2.3.0/jaxb-api-2.3.0.jar:/home/user/.m2/repository/javax/activation/activation/1.1.1/activation-1.1.1.jar:/home/user/.m2/repository/org/apache/hadoop/hadoop-ozone-csi/0.5.0-SNAPSHOT/hadoop-ozone-csi-0.5.0-SNAPSHOT.jar:/home/user/.m2/repository/com/google/protobuf/protobuf-java-util/3.5.1/protobuf-java-util-3.5.1.jar:/home/user/.m2/repository/org/apache/hadoop/hadoop-hdds-config/0.5.0-SNAPSHOT/hadoop-hdds-config-0.5.0-SNAPSHOT.jar:/home/user/.m2/repository/io/grpc/grpc-netty/1.17.1/grpc-netty-1.17.1.jar:/home/user/.m2/repository/io/grpc/grpc-core/1.17.1/grpc-core-1.17.1.jar:/home/user/.m2/repository/io/grpc/grpc-context/1.17.1/grpc-context-1.17.1.jar:/home/user/.m2/repository/com/google/errorprone/error_prone_annotations/2.2.0/error_prone_annotations-2.2.0.jar:/home/user/.m2/repository/org/codehaus/mojo/animal-sniffer-annotations/1.17/animal-sniffer-annotations-1.17.jar:/home/user/.m2/repository/io/opencensus/opencensus-api/0.17.0/opencensus-api-0.17.0.jar:/home/user/.m2/repository/io/opencensus/opencensus-contrib-grpc-metrics/0.17.0/opencensus-contrib-grpc-metrics-0.17.0.jar:/home/user/.m2/repository/io/netty/netty-codec-http2/4.1.30.Final/netty-codec-http2-4.1.30.Final.jar:/home/user/.m2/repository/io/netty/netty-codec-http/4.1.30.Final/netty-codec-http-4.1.30.Final.jar:/home/user/.m2/repository/io/netty/netty-codec/4.1.30.Final/netty-codec-4.1.30.Final.jar:/home/user/.m2/repository/io/netty/netty-handler/4.1.30.Final/netty-handler-4.1.30.Final.jar:/home/user/.m2/repository/io/netty/netty-handler-proxy/4.1.30.Final/netty-handler-proxy-4.1.30.Final.jar:/home/user/.m2/repository/io/netty/netty-codec-socks/4.1.30.Final/netty-codec-socks-4.1.30.Final.jar:/home/user/.m2/repository/io/netty/netty-transport-native-epoll/4.1.30.Final/netty-transport-native-epoll-4.1.30.Final.jar:/home/user/.m2/repository/io/netty/netty-common/4.1.30.Final/netty-common-4.1.30.Final.jar:/home/user/.m2/repository/io/netty/netty-buffer/4.1.30.Final/netty-buffer-4.1.30.Final.jar:/home/user/.m2/repository/io/netty/netty-transport/4.1.30.Final/netty-transport-4.1.30.Final.jar:/home/user/.m2/repository/io/netty/netty-resolver/4.1.30.Final/netty-resolver-4.1.30.Final.jar:/home/user/.m2/repository/io/netty/netty-transport-native-unix-common/4.1.30.Final/netty-transport-native-unix-common-4.1.30.Final.jar:/home/user/.m2/repository/io/grpc/grpc-protobuf/1.17.1/grpc-protobuf-1.17.1.jar:/home/user/.m2/repository/com/google/api/grpc/proto-google-common-protos/1.0.0/proto-google-common-protos-1.0.0.jar:/home/user/.m2/repository/io/grpc/grpc-protobuf-lite/1.17.1/grpc-protobuf-lite-1.17.1.jar:/home/user/.m2/repository/io/grpc/grpc-stub/1.17.1/grpc-stub-1.17.1.jar:/home/user/.m2/repository/org/apache/hadoop/hadoop-ozone-recon/0.5.0-SNAPSHOT/hadoop-ozone-recon-0.5.0-SNAPSHOT.jar:/home/user/.m2/repository/org/apache/hadoop/hadoop-ozone-reconcodegen/0.5.0-SNAPSHOT/hadoop-ozone-reconcodegen-0.5.0-SNAPSHOT.jar:/home/user/.m2/repository/com/google/inject/extensions/guice-multibindings/4.0/guice-multibindings-4.0.jar:/home/user/.m2/repository/com/google/inject/guice/4.0/guice-4.0.jar:/home/user/.m2/repository/aopalliance/aopalliance/1.0/aopalliance-1.0.jar:/home/user/.m2/repository/com/google/inject/extensions/guice-servlet/4.0/guice-servlet-4.0.jar:/home/user/.m2/repository/org/glassfish/jersey/containers/jersey-container-servlet/2.27/jersey-container-servlet-2.27.jar:/home/user/.m2/repository/org/glassfish/hk2/guice-bridge/2.5.0/guice-bridge-2.5.0.jar:/home/user/.m2/repository/org/glassfish/jersey/core/jersey-server/2.27/jersey-server-2.27.jar:/home/user/.m2/repository/org/glassfish/jersey/core/jersey-client/2.27/jersey-client-2.27.jar:/home/user/.m2/repository/org/glassfish/jersey/media/jersey-media-jaxb/2.27/jersey-media-jaxb-2.27.jar:/home/user/.m2/repository/javax/validation/validation-api/1.1.0.Final/validation-api-1.1.0.Final.jar:/home/user/.m2/repository/org/glassfish/jersey/media/jersey-media-json-jackson/2.27/jersey-media-json-jackson-2.27.jar:/home/user/.m2/repository/org/glassfish/jersey/ext/jersey-entity-filtering/2.27/jersey-entity-filtering-2.27.jar:/home/user/.m2/repository/com/google/inject/extensions/guice-assistedinject/4.0/guice-assistedinject-4.0.jar:/home/user/.m2/repository/org/jooq/jooq/3.11.10/jooq-3.11.10.jar:/home/user/.m2/repository/org/jooq/jooq-meta/3.11.10/jooq-meta-3.11.10.jar:/home/user/.m2/repository/org/jooq/jooq-codegen/3.11.10/jooq-codegen-3.11.10.jar:/home/user/.m2/repository/com/jolbox/bonecp/0.8.0.RELEASE/bonecp-0.8.0.RELEASE.jar:/home/user/.m2/repository/org/xerial/sqlite-jdbc/3.25.2/sqlite-jdbc-3.25.2.jar:/home/user/.m2/repository/org/springframework/spring-jdbc/5.1.3.RELEASE/spring-jdbc-5.1.3.RELEASE.jar:/home/user/.m2/repository/org/springframework/spring-beans/5.1.3.RELEASE/spring-beans-5.1.3.RELEASE.jar:/home/user/.m2/repository/org/springframework/spring-core/5.1.3.RELEASE/spring-core-5.1.3.RELEASE.jar:/home/user/.m2/repository/org/springframework/spring-jcl/5.1.3.RELEASE/spring-jcl-5.1.3.RELEASE.jar:/home/user/.m2/repository/org/springframework/spring-tx/5.1.3.RELEASE/spring-tx-5.1.3.RELEASE.jar:/home/user/.m2/repository/org/apache/hadoop/hadoop-ozone-client/0.5.0-SNAPSHOT/hadoop-ozone-client-0.5.0-SNAPSHOT.jar:/home/user/.m2/repository/commons-lang/commons-lang/2.6/commons-lang-2.6.jar:/home/user/.m2/repository/org/apache/hadoop/hadoop-ozone-ozone-manager/0.5.0-SNAPSHOT/hadoop-ozone-ozone-manager-0.5.0-SNAPSHOT-tests.jar:/home/user/.m2/repository/junit/junit/4.11/junit-4.11.jar:/home/user/.m2/repository/org/hamcrest/hamcrest-core/1.3/hamcrest-core-1.3.jar:/home/user/.m2/repository/org/openjdk/jmh/jmh-core/1.19/jmh-core-1.19.jar:/home/user/.m2/repository/net/sf/jopt-simple/jopt-simple/4.6/jopt-simple-4.6.jar:/home/user/.m2/repository/org/apache/commons/commons-math3/3.1.1/commons-math3-3.1.1.jar:/home/user/.m2/repository/org/openjdk/jmh/jmh-generator-annprocess/1.19/jmh-generator-annprocess-1.19.jar:/home/user/.m2/repository/org/mockito/mockito-all/1.8.5/mockito-all-1.8.5.jar:/home/user/.m2/repository/org/apache/hadoop/hadoop-kms/3.2.0/hadoop-kms-3.2.0.jar:/home/user/.m2/repository/org/apache/hadoop/hadoop-auth/3.2.0/hadoop-auth-3.2.0.jar:/home/user/.m2/repository/com/nimbusds/nimbus-jose-jwt/4.41.1/nimbus-jose-jwt-4.41.1.jar:/home/user/.m2/repository/com/github/stephenc/jcip/jcip-annotations/1.0-1/jcip-annotations-1.0-1.jar:/home/user/.m2/repository/net/minidev/json-smart/2.3/json-smart-2.3.jar:/home/user/.m2/repository/net/minidev/accessors-smart/1.2/accessors-smart-1.2.jar:/home/user/.m2/repository/org/ow2/asm/asm/5.0.4/asm-5.0.4.jar:/home/user/.m2/repository/org/apache/curator/curator-framework/2.12.0/curator-framework-2.12.0.jar:/home/user/.m2/repository/com/sun/jersey/jersey-core/1.19/jersey-core-1.19.jar:/home/user/.m2/repository/javax/ws/rs/jsr311-api/1.1.1/jsr311-api-1.1.1.jar:/home/user/.m2/repository/com/sun/jersey/jersey-server/1.19/jersey-server-1.19.jar:/home/user/.m2/repository/javax/servlet/javax.servlet-api/3.1.0/javax.servlet-api-3.1.0.jar:/home/user/.m2/repository/org/eclipse/jetty/jetty-server/9.3.25.v20180904/jetty-server-9.3.25.v20180904.jar:/home/user/.m2/repository/org/eclipse/jetty/jetty-http/9.3.25.v20180904/jetty-http-9.3.25.v20180904.jar:/home/user/.m2/repository/org/eclipse/jetty/jetty-io/9.3.25.v20180904/jetty-io-9.3.25.v20180904.jar:/home/user/.m2/repository/org/eclipse/jetty/jetty-webapp/9.3.25.v20180904/jetty-webapp-9.3.25.v20180904.jar:/home/user/.m2/repository/org/eclipse/jetty/jetty-xml/9.3.25.v20180904/jetty-xml-9.3.25.v20180904.jar:/home/user/.m2/repository/log4j/log4j/1.2.17/log4j-1.2.17.jar:/home/user/.m2/repository/org/slf4j/slf4j-api/1.7.25/slf4j-api-1.7.25.jar:/home/user/.m2/repository/org/slf4j/jul-to-slf4j/1.7.25/jul-to-slf4j-1.7.25.jar:/home/user/.m2/repository/org/eclipse/jetty/jetty-util/9.3.25.v20180904/jetty-util-9.3.25.v20180904.jar:/home/user/.m2/repository/com/fasterxml/jackson/core/jackson-databind/2.9.9/jackson-databind-2.9.9.jar:/home/user/.m2/repository/org/apache/hadoop/hadoop-kms/3.2.0/hadoop-kms-3.2.0-tests.jar:/home/user/.m2/repository/org/apache/hadoop/hadoop-hdds-server-scm/0.5.0-SNAPSHOT/hadoop-hdds-server-scm-0.5.0-SNAPSHOT-tests.jar:/home/user/.m2/repository/org/apache/hadoop/hadoop-hdds-container-service/0.5.0-SNAPSHOT/hadoop-hdds-container-service-0.5.0-SNAPSHOT-tests.jar:/home/user/.m2/repository/org/yaml/snakeyaml/1.16/snakeyaml-1.16.jar:/home/user/.m2/repository/org/apache/hadoop/hadoop-common/3.2.0/hadoop-common-3.2.0-tests.jar:/home/user/.m2/repository/org/apache/hadoop/hadoop-annotations/3.2.0/hadoop-annotations-3.2.0.jar:/usr/lib/jvm/java-1.8-openjdk/jre/../lib/tools.jar:/home/user/.m2/repository/commons-cli/commons-cli/1.2/commons-cli-1.2.jar:/home/user/.m2/repository/org/apache/httpcomponents/httpclient/4.5.2/httpclient-4.5.2.jar:/home/user/.m2/repository/org/apache/httpcomponents/httpcore/4.4.4/httpcore-4.4.4.jar:/home/user/.m2/repository/commons-codec/commons-codec/1.11/commons-codec-1.11.jar:/home/user/.m2/repository/commons-net/commons-net/3.6/commons-net-3.6.jar:/home/user/.m2/repository/commons-collections/commons-collections/3.2.2/commons-collections-3.2.2.jar:/home/user/.m2/repository/org/eclipse/jetty/jetty-servlet/9.3.25.v20180904/jetty-servlet-9.3.25.v20180904.jar:/home/user/.m2/repository/org/eclipse/jetty/jetty-security/9.3.25.v20180904/jetty-security-9.3.25.v20180904.jar:/home/user/.m2/repository/javax/servlet/jsp/jsp-api/2.1/jsp-api-2.1.jar:/home/user/.m2/repository/com/sun/jersey/jersey-servlet/1.19/jersey-servlet-1.19.jar:/home/user/.m2/repository/com/sun/jersey/jersey-json/1.19/jersey-json-1.19.jar:/home/user/.m2/repository/org/codehaus/jettison/jettison/1.1/jettison-1.1.jar:/home/user/.m2/repository/org/codehaus/jackson/jackson-core-asl/1.9.13/jackson-core-asl-1.9.13.jar:/home/user/.m2/repository/org/codehaus/jackson/jackson-mapper-asl/1.9.13/jackson-mapper-asl-1.9.13.jar:/home/user/.m2/repository/org/codehaus/jackson/jackson-jaxrs/1.9.13/jackson-jaxrs-1.9.13.jar:/home/user/.m2/repository/org/codehaus/jackson/jackson-xc/1.9.13/jackson-xc-1.9.13.jar:/home/user/.m2/repository/commons-logging/commons-logging/1.1.3/commons-logging-1.1.3.jar:/home/user/.m2/repository/commons-beanutils/commons-beanutils/1.9.4/commons-beanutils-1.9.4.jar:/home/user/.m2/repository/org/apache/commons/commons-configuration2/2.1.1/commons-configuration2-2.1.1.jar:/home/user/.m2/repository/org/apache/commons/commons-lang3/3.7/commons-lang3-3.7.jar:/home/user/.m2/repository/org/apache/commons/commons-text/1.4/commons-text-1.4.jar:/home/user/.m2/repository/org/apache/avro/avro/1.7.7/avro-1.7.7.jar:/home/user/.m2/repository/com/thoughtworks/paranamer/paranamer/2.3/paranamer-2.3.jar:/home/user/.m2/repository/org/xerial/snappy/snappy-java/1.0.5/snappy-java-1.0.5.jar:/home/user/.m2/repository/com/google/re2j/re2j/1.1/re2j-1.1.jar:/home/user/.m2/repository/com/google/code/gson/gson/2.2.4/gson-2.2.4.jar:/home/user/.m2/repository/com/jcraft/jsch/0.1.54/jsch-0.1.54.jar:/home/user/.m2/repository/org/apache/curator/curator-client/2.12.0/curator-client-2.12.0.jar:/home/user/.m2/repository/org/apache/curator/curator-recipes/2.12.0/curator-recipes-2.12.0.jar:/home/user/.m2/repository/com/google/code/findbugs/jsr305/3.0.0/jsr305-3.0.0.jar:/home/user/.m2/repository/org/apache/htrace/htrace-core4/4.1.0-incubating/htrace-core4-4.1.0-incubating.jar:/home/user/.m2/repository/org/apache/zookeeper/zookeeper/3.4.13/zookeeper-3.4.13.jar:/home/user/.m2/repository/jline/jline/0.9.94/jline-0.9.94.jar:/home/user/.m2/repository/org/apache/yetus/audience-annotations/0.5.0/audience-annotations-0.5.0.jar:/home/user/.m2/repository/org/codehaus/woodstox/stax2-api/3.1.4/stax2-api-3.1.4.jar:/home/user/.m2/repository/com/fasterxml/woodstox/woodstox-core/5.0.3/woodstox-core-5.0.3.jar:/home/user/.m2/repository/dnsjava/dnsjava/2.1.7/dnsjava-2.1.7.jar:/home/user/.m2/repository/org/apache/hadoop/hadoop-hdfs/3.2.0/hadoop-hdfs-3.2.0-tests.jar:/home/user/.m2/repository/org/eclipse/jetty/jetty-util-ajax/9.3.25.v20180904/jetty-util-ajax-9.3.25.v20180904.jar:/home/user/.m2/repository/commons-daemon/commons-daemon/1.0.13/commons-daemon-1.0.13.jar:/home/user/.m2/repository/io/netty/netty/3.10.5.Final/netty-3.10.5.Final.jar:/home/user/.m2/repository/io/netty/netty-all/4.0.52.Final/netty-all-4.0.52.Final.jar:/home/user/.m2/repository/org/fusesource/leveldbjni/leveldbjni-all/1.8/leveldbjni-all-1.8.jar:"/>
    <property name="sun.cpu.endian" value="little"/>
    <property name="user.home" value="/home/user"/>
    <property name="user.language" value="en"/>
    <property name="java.specification.vendor" value="Oracle Corporation"/>
    <property name="java.home" value="/usr/lib/jvm/java-1.8-openjdk/jre"/>
    <property name="java.security.krb5.conf" value="/workdir/hadoop-ozone/integration-test/target/test-classes/krb5.conf"/>
    <property name="basedir" value="/workdir/hadoop-ozone/integration-test"/>
    <property name="file.separator" value="/"/>
    <property name="line.separator" value="&#10;"/>
    <property name="java.vm.specification.vendor" value="Oracle Corporation"/>
    <property name="java.specification.name" value="Java Platform API Specification"/>
    <property name="java.awt.graphicsenv" value="sun.awt.X11GraphicsEnvironment"/>
    <property name="surefire.real.class.path" value="/workdir/hadoop-ozone/integration-test/target/surefire/surefirebooter2899843994827655678.jar"/>
    <property name="hadoop.log.dir" value="/workdir/hadoop-ozone/integration-test/target/log"/>
    <property name="sun.boot.class.path" value="/usr/lib/jvm/java-1.8-openjdk/jre/lib/resources.jar:/usr/lib/jvm/java-1.8-openjdk/jre/lib/rt.jar:/usr/lib/jvm/java-1.8-openjdk/jre/lib/sunrsasign.jar:/usr/lib/jvm/java-1.8-openjdk/jre/lib/jsse.jar:/usr/lib/jvm/java-1.8-openjdk/jre/lib/jce.jar:/usr/lib/jvm/java-1.8-openjdk/jre/lib/charsets.jar:/usr/lib/jvm/java-1.8-openjdk/jre/lib/jfr.jar:/usr/lib/jvm/java-1.8-openjdk/jre/classes"/>
    <property name="sun.management.compiler" value="HotSpot 64-Bit Tiered Compilers"/>
    <property name="java.runtime.version" value="1.8.0_212-b04"/>
    <property name="java.net.preferIPv4Stack" value="true"/>
    <property name="user.name" value="jenkins1000"/>
    <property name="path.separator" value=":"/>
    <property name="java.security.egd" value="file:///dev/urandom"/>
    <property name="os.version" value="3.10.0-957.12.2.el7.x86_64"/>
    <property name="java.endorsed.dirs" value="/usr/lib/jvm/java-1.8-openjdk/jre/lib/endorsed"/>
    <property name="java.runtime.name" value="OpenJDK Runtime Environment"/>
    <property name="file.encoding" value="UTF-8"/>
    <property name="java.vm.name" value="OpenJDK 64-Bit Server VM"/>
    <property name="test.build.webapps" value=""/>
    <property name="localRepository" value="/home/user/.m2/repository"/>
    <property name="java.vendor.url.bug" value="https://icedtea.classpath.org/bugzilla"/>
    <property name="java.io.tmpdir" value="/tmp"/>
    <property name="require.test.libhadoop" value=""/>
    <property name="java.version" value="1.8.0_212"/>
    <property name="user.dir" value="/workdir/hadoop-ozone/integration-test"/>
    <property name="os.arch" value="amd64"/>
    <property name="java.vm.specification.name" value="Java Virtual Machine Specification"/>
    <property name="test.build.classes" value="/workdir/hadoop-ozone/integration-test/target/test-classes"/>
    <property name="java.awt.printerjob" value="sun.print.PSPrinterJob"/>
    <property name="sun.os.patch.level" value="unknown"/>
    <property name="hadoop.tmp.dir" value="/workdir/hadoop-ozone/integration-test/target/tmp"/>
    <property name="java.library.path" value="/usr/lib/jvm/java-1.8-openjdk/jre/lib/amd64/server:/usr/lib/jvm/java-1.8-openjdk/jre/lib/amd64:/usr/lib/jvm/java-1.8-openjdk/jre/../lib/amd64:/workdir/hadoop-ozone/integration-test/target/native/target/usr/local/lib:/workdir/hadoop-ozone/integration-test/../../hadoop-common-project/hadoop-common/target/native/target/usr/local/lib:/usr/java/packages/lib/amd64:/usr/lib64:/lib64:/lib:/usr/lib"/>
    <property name="java.vm.info" value="mixed mode"/>
    <property name="java.vendor" value="IcedTea"/>
    <property name="java.vm.version" value="25.212-b04"/>
    <property name="java.ext.dirs" value="/usr/lib/jvm/java-1.8-openjdk/jre/lib/ext:/usr/java/packages/lib/ext"/>
    <property name="sun.io.unicode.encoding" value="UnicodeLittle"/>
    <property name="java.class.version" value="52.0"/>
  </properties>
  <testcase name="testGroupMismatchExceptionHandling" classname="org.apache.hadoop.ozone.client.rpc.TestOzoneClientRetriesOnException" time="141.023">
    <error message="Connection refused" type="java.net.ConnectException"><![CDATA[java.net.ConnectException: Connection refused
	at sun.nio.ch.SocketChannelImpl.checkConnect(Native Method)
	at sun.nio.ch.SocketChannelImpl.finishConnect(SocketChannelImpl.java:717)
	at org.apache.hadoop.net.SocketIOWithTimeout.connect(SocketIOWithTimeout.java:206)
	at org.apache.hadoop.net.NetUtils.connect(NetUtils.java:531)
	at org.apache.hadoop.ipc.Client$Connection.setupConnection(Client.java:690)
	at org.apache.hadoop.ipc.Client$Connection.setupIOstreams(Client.java:794)
	at org.apache.hadoop.ipc.Client$Connection.access$3700(Client.java:411)
	at org.apache.hadoop.ipc.Client.getConnection(Client.java:1572)
	at org.apache.hadoop.ipc.Client.call(Client.java:1403)
	at org.apache.hadoop.ipc.Client.call(Client.java:1367)
	at org.apache.hadoop.ipc.ProtobufRpcEngine$Invoker.invoke(ProtobufRpcEngine.java:228)
	at org.apache.hadoop.ipc.ProtobufRpcEngine$Invoker.invoke(ProtobufRpcEngine.java:116)
	at com.sun.proxy.$Proxy36.submitRequest(Unknown Source)
	at sun.reflect.NativeMethodAccessorImpl.invoke0(Native Method)
	at sun.reflect.NativeMethodAccessorImpl.invoke(NativeMethodAccessorImpl.java:62)
	at sun.reflect.DelegatingMethodAccessorImpl.invoke(DelegatingMethodAccessorImpl.java:43)
	at java.lang.reflect.Method.invoke(Method.java:498)
	at org.apache.hadoop.io.retry.RetryInvocationHandler.invokeMethod(RetryInvocationHandler.java:422)
	at org.apache.hadoop.io.retry.RetryInvocationHandler$Call.invokeMethod(RetryInvocationHandler.java:165)
	at org.apache.hadoop.io.retry.RetryInvocationHandler$Call.invoke(RetryInvocationHandler.java:157)
	at org.apache.hadoop.io.retry.RetryInvocationHandler$Call.invokeOnce(RetryInvocationHandler.java:95)
	at org.apache.hadoop.io.retry.RetryInvocationHandler.invoke(RetryInvocationHandler.java:359)
	at com.sun.proxy.$Proxy36.submitRequest(Unknown Source)
	at org.apache.hadoop.ozone.om.protocolPB.OzoneManagerProtocolClientSideTranslatorPB.submitRequest(OzoneManagerProtocolClientSideTranslatorPB.java:338)
	at org.apache.hadoop.ozone.om.protocolPB.OzoneManagerProtocolClientSideTranslatorPB.getServiceInfo(OzoneManagerProtocolClientSideTranslatorPB.java:1223)
	at sun.reflect.NativeMethodAccessorImpl.invoke0(Native Method)
	at sun.reflect.NativeMethodAccessorImpl.invoke(NativeMethodAccessorImpl.java:62)
	at sun.reflect.DelegatingMethodAccessorImpl.invoke(DelegatingMethodAccessorImpl.java:43)
	at java.lang.reflect.Method.invoke(Method.java:498)
	at org.apache.hadoop.hdds.tracing.TraceAllMethod.invoke(TraceAllMethod.java:66)
	at com.sun.proxy.$Proxy37.getServiceInfo(Unknown Source)
	at org.apache.hadoop.ozone.client.rpc.RpcClient.<init>(RpcClient.java:154)
	at org.apache.hadoop.ozone.client.OzoneClientFactory.getClientProtocol(OzoneClientFactory.java:256)
	at org.apache.hadoop.ozone.client.OzoneClientFactory.getClientProtocol(OzoneClientFactory.java:239)
	at org.apache.hadoop.ozone.client.OzoneClientFactory.getClient(OzoneClientFactory.java:75)
	at org.apache.hadoop.ozone.client.rpc.TestOzoneClientRetriesOnException.init(TestOzoneClientRetriesOnException.java:102)
	at sun.reflect.NativeMethodAccessorImpl.invoke0(Native Method)
	at sun.reflect.NativeMethodAccessorImpl.invoke(NativeMethodAccessorImpl.java:62)
	at sun.reflect.DelegatingMethodAccessorImpl.invoke(DelegatingMethodAccessorImpl.java:43)
	at java.lang.reflect.Method.invoke(Method.java:498)
	at org.junit.runners.model.FrameworkMethod$1.runReflectiveCall(FrameworkMethod.java:47)
	at org.junit.internal.runners.model.ReflectiveCallable.run(ReflectiveCallable.java:12)
	at org.junit.runners.model.FrameworkMethod.invokeExplosively(FrameworkMethod.java:44)
	at org.junit.internal.runners.statements.RunBefores.evaluate(RunBefores.java:24)
	at org.junit.internal.runners.statements.RunAfters.evaluate(RunAfters.java:27)
	at org.junit.runners.ParentRunner.runLeaf(ParentRunner.java:271)
	at org.junit.runners.BlockJUnit4ClassRunner.runChild(BlockJUnit4ClassRunner.java:70)
	at org.junit.runners.BlockJUnit4ClassRunner.runChild(BlockJUnit4ClassRunner.java:50)
	at org.junit.runners.ParentRunner$3.run(ParentRunner.java:238)
	at org.junit.runners.ParentRunner$1.schedule(ParentRunner.java:63)
	at org.junit.runners.ParentRunner.runChildren(ParentRunner.java:236)
	at org.junit.runners.ParentRunner.access$000(ParentRunner.java:53)
	at org.junit.runners.ParentRunner$2.evaluate(ParentRunner.java:229)
	at org.junit.runners.ParentRunner.run(ParentRunner.java:309)
	at org.apache.maven.surefire.junit4.JUnit4Provider.execute(JUnit4Provider.java:365)
	at org.apache.maven.surefire.junit4.JUnit4Provider.executeWithRerun(JUnit4Provider.java:273)
	at org.apache.maven.surefire.junit4.JUnit4Provider.executeTestSet(JUnit4Provider.java:238)
	at org.apache.maven.surefire.junit4.JUnit4Provider.invoke(JUnit4Provider.java:159)
	at org.apache.maven.surefire.booter.ForkedBooter.invokeProviderInSameClassLoader(ForkedBooter.java:384)
	at org.apache.maven.surefire.booter.ForkedBooter.runSuitesInProcess(ForkedBooter.java:345)
	at org.apache.maven.surefire.booter.ForkedBooter.execute(ForkedBooter.java:126)
	at org.apache.maven.surefire.booter.ForkedBooter.main(ForkedBooter.java:418)
]]></error>
    <system-out><![CDATA[2019-09-26 16:03:20,737 [main] WARN  server.ServerUtils (ServerUtils.java:getScmDbDir(145)) - ozone.scm.db.dirs is not configured. We recommend adding this setting. Falling back to ozone.metadata.dirs instead.
2019-09-26 16:03:20,870 [main] WARN  server.ServerUtils (ServerUtils.java:getScmDbDir(145)) - ozone.scm.db.dirs is not configured. We recommend adding this setting. Falling back to ozone.metadata.dirs instead.
2019-09-26 16:03:20,875 [main] WARN  server.ServerUtils (ServerUtils.java:getScmDbDir(145)) - ozone.scm.db.dirs is not configured. We recommend adding this setting. Falling back to ozone.metadata.dirs instead.
2019-09-26 16:03:20,900 [main] INFO  util.log (Log.java:initialized(192)) - Logging initialized @908ms
2019-09-26 16:03:21,017 [main] INFO  db.DBStoreBuilder (DBStoreBuilder.java:addTable(110)) - using custom profile for table: deletedBlocks
2019-09-26 16:03:21,017 [main] INFO  db.DBStoreBuilder (DBStoreBuilder.java:processTables(161)) - Using default column profile:DBProfile.DISK for Table:deletedBlocks
2019-09-26 16:03:21,018 [main] INFO  db.DBStoreBuilder (DBStoreBuilder.java:addTable(110)) - using custom profile for table: validCerts
2019-09-26 16:03:21,018 [main] INFO  db.DBStoreBuilder (DBStoreBuilder.java:processTables(161)) - Using default column profile:DBProfile.DISK for Table:validCerts
2019-09-26 16:03:21,018 [main] INFO  db.DBStoreBuilder (DBStoreBuilder.java:addTable(110)) - using custom profile for table: revokedCerts
2019-09-26 16:03:21,019 [main] INFO  db.DBStoreBuilder (DBStoreBuilder.java:processTables(161)) - Using default column profile:DBProfile.DISK for Table:revokedCerts
2019-09-26 16:03:21,033 [main] INFO  db.DBStoreBuilder (DBStoreBuilder.java:addTable(110)) - using custom profile for table: default
2019-09-26 16:03:21,033 [main] INFO  db.DBStoreBuilder (DBStoreBuilder.java:processTables(167)) - Using default column profile:DBProfile.DISK for Table:default
2019-09-26 16:03:21,034 [main] INFO  db.DBStoreBuilder (DBStoreBuilder.java:getDbProfile(198)) - Using default options. DBProfile.DISK
2019-09-26 16:03:21,268 [main] INFO  net.NodeSchemaLoader (NodeSchemaLoader.java:loadSchemaFromFile(125)) - Loading file from sun.misc.CompoundEnumeration@34123d65
2019-09-26 16:03:21,270 [main] INFO  net.NodeSchemaLoader (NodeSchemaLoader.java:loadSchema(171)) - Loading network topology layer schema file
2019-09-26 16:03:21,339 [main] WARN  server.ServerUtils (ServerUtils.java:sanitizeUserArgs(70)) - ozone.scm.stale.node.interval value = 300000 is larger than max = 100000 based on the key value of ozone.scm.heartbeat.thread.interval, reset to the max value 100000.
2019-09-26 16:03:21,341 [main] WARN  server.ServerUtils (ServerUtils.java:sanitizeUserArgs(70)) - ozone.scm.stale.node.interval value = 300000 is larger than max = 100000 based on the key value of ozone.scm.heartbeat.thread.interval, reset to the max value 100000.
2019-09-26 16:03:21,343 [main] INFO  node.SCMNodeManager (SCMNodeManager.java:<init>(114)) - Entering startup safe mode.
2019-09-26 16:03:21,444 [main] INFO  algorithms.ContainerPlacementPolicyFactory (ContainerPlacementPolicyFactory.java:getPolicy(57)) - Create container placement policy of type org.apache.hadoop.hdds.scm.container.placement.algorithms.SCMContainerPlacementRandom
2019-09-26 16:03:21,461 [main] WARN  server.ServerUtils (ServerUtils.java:getScmDbDir(145)) - ozone.scm.db.dirs is not configured. We recommend adding this setting. Falling back to ozone.metadata.dirs instead.
2019-09-26 16:03:21,532 [main] INFO  pipeline.SCMPipelineManager (SCMPipelineManager.java:initializePipelineState(132)) - No pipeline exists in current db
2019-09-26 16:03:21,535 [main] WARN  server.ServerUtils (ServerUtils.java:getScmDbDir(145)) - ozone.scm.db.dirs is not configured. We recommend adding this setting. Falling back to ozone.metadata.dirs instead.
2019-09-26 16:03:21,658 [main] WARN  events.EventQueue (EventQueue.java:fireEvent(183)) - No event handler registered for event TypedEvent{payloadType=SafeModeStatus, name='SafeModeStatus'}
2019-09-26 16:03:21,951 [main] INFO  ipc.CallQueueManager (CallQueueManager.java:<init>(84)) - Using callQueue: class java.util.concurrent.LinkedBlockingQueue, queueCapacity: 2000, scheduler: class org.apache.hadoop.ipc.DefaultRpcScheduler, ipcBackoff: false.
2019-09-26 16:03:21,972 [Socket Reader #1 for port 45277] INFO  ipc.Server (Server.java:run(1074)) - Starting Socket Reader #1 for port 45277
2019-09-26 16:03:22,131 [main] INFO  ipc.CallQueueManager (CallQueueManager.java:<init>(84)) - Using callQueue: class java.util.concurrent.LinkedBlockingQueue, queueCapacity: 2000, scheduler: class org.apache.hadoop.ipc.DefaultRpcScheduler, ipcBackoff: false.
2019-09-26 16:03:22,133 [Socket Reader #1 for port 44266] INFO  ipc.Server (Server.java:run(1074)) - Starting Socket Reader #1 for port 44266
2019-09-26 16:03:22,146 [main] INFO  ipc.CallQueueManager (CallQueueManager.java:<init>(84)) - Using callQueue: class java.util.concurrent.LinkedBlockingQueue, queueCapacity: 2000, scheduler: class org.apache.hadoop.ipc.DefaultRpcScheduler, ipcBackoff: false.
2019-09-26 16:03:22,147 [Socket Reader #1 for port 37192] INFO  ipc.Server (Server.java:run(1074)) - Starting Socket Reader #1 for port 37192
2019-09-26 16:03:22,175 [main] INFO  hdfs.DFSUtil (DFSUtil.java:httpServerTemplateForNNAndJN(1641)) - Starting Web-server for scm at: http://0.0.0.0:0
2019-09-26 16:03:22,297 [main] INFO  server.AuthenticationFilter (AuthenticationFilter.java:constructSecretProvider(240)) - Unable to initialize FileSignerSecretProvider, falling back to use random secrets.
2019-09-26 16:03:22,304 [main] WARN  http.HttpRequestLog (HttpRequestLog.java:getRequestLog(97)) - Jetty request log can only be enabled using Log4j
2019-09-26 16:03:22,311 [main] INFO  http.HttpServer2 (HttpServer2.java:addGlobalFilter(975)) - Added global filter 'safety' (class=org.apache.hadoop.http.HttpServer2$QuotingInputFilter)
2019-09-26 16:03:22,313 [main] INFO  http.HttpServer2 (HttpServer2.java:addFilter(948)) - Added filter static_user_filter (class=org.apache.hadoop.http.lib.StaticUserWebFilter$StaticUserFilter) to context scm
2019-09-26 16:03:22,314 [main] INFO  http.HttpServer2 (HttpServer2.java:addFilter(958)) - Added filter static_user_filter (class=org.apache.hadoop.http.lib.StaticUserWebFilter$StaticUserFilter) to context logs
2019-09-26 16:03:22,314 [main] INFO  http.HttpServer2 (HttpServer2.java:addFilter(958)) - Added filter static_user_filter (class=org.apache.hadoop.http.lib.StaticUserWebFilter$StaticUserFilter) to context static
2019-09-26 16:03:22,339 [main] INFO  server.StorageContainerManager (StorageContainerManager.java:start(770)) - StorageContainerLocationProtocol RPC server is listening at /0.0.0.0:37192
2019-09-26 16:03:22,390 [main] WARN  impl.MetricsConfig (MetricsConfig.java:loadFirst(134)) - Cannot locate configuration: tried hadoop-metrics2-storagecontainermanager.properties,hadoop-metrics2.properties
2019-09-26 16:03:22,401 [main] INFO  impl.MetricsSystemImpl (MetricsSystemImpl.java:startTimer(374)) - Scheduled Metric snapshot period at 10 second(s).
2019-09-26 16:03:22,401 [main] INFO  impl.MetricsSystemImpl (MetricsSystemImpl.java:start(191)) - StorageContainerManager metrics system started
2019-09-26 16:03:22,646 [main] INFO  server.SCMClientProtocolServer (SCMClientProtocolServer.java:start(151)) - RPC server for Client  is listening at /0.0.0.0:37192
2019-09-26 16:03:22,647 [IPC Server Responder] INFO  ipc.Server (Server.java:run(1314)) - IPC Server Responder: starting
2019-09-26 16:03:22,647 [IPC Server listener on 37192] INFO  ipc.Server (Server.java:run(1153)) - IPC Server listener on 37192: starting
2019-09-26 16:03:22,651 [main] INFO  server.StorageContainerManager (StorageContainerManager.java:start(780)) - ScmBlockLocationProtocol RPC server is listening at /0.0.0.0:44266
2019-09-26 16:03:22,653 [main] INFO  server.SCMBlockProtocolServer (SCMBlockProtocolServer.java:start(146)) - RPC server for Block Protocol is listening at /0.0.0.0:44266
2019-09-26 16:03:22,653 [IPC Server Responder] INFO  ipc.Server (Server.java:run(1314)) - IPC Server Responder: starting
2019-09-26 16:03:22,654 [IPC Server listener on 44266] INFO  ipc.Server (Server.java:run(1153)) - IPC Server listener on 44266: starting
2019-09-26 16:03:22,660 [main] INFO  server.StorageContainerManager (StorageContainerManager.java:start(784)) - ScmDatanodeProtocl RPC server is listening at /0.0.0.0:45277
2019-09-26 16:03:22,660 [main] INFO  server.SCMDatanodeProtocolServer (SCMDatanodeProtocolServer.java:start(191)) - RPC server for DataNodes is listening at /0.0.0.0:45277
2019-09-26 16:03:22,661 [IPC Server Responder] INFO  ipc.Server (Server.java:run(1314)) - IPC Server Responder: starting
2019-09-26 16:03:22,662 [IPC Server listener on 45277] INFO  ipc.Server (Server.java:run(1153)) - IPC Server listener on 45277: starting
2019-09-26 16:03:22,670 [main] INFO  http.HttpServer2 (HttpServer2.java:bindListener(1191)) - Jetty bound to port 46438
2019-09-26 16:03:22,672 [main] INFO  server.Server (Server.java:doStart(351)) - jetty-9.3.25.v20180904, build timestamp: 2018-09-04T21:11:46Z, git hash: 3ce520221d0240229c862b122d2b06c12a625732
2019-09-26 16:03:22,719 [main] INFO  handler.ContextHandler (ContextHandler.java:doStart(781)) - Started o.e.j.s.ServletContextHandler@4aa83f4f{/logs,file:///workdir/hadoop-ozone/integration-test/target/log,AVAILABLE}
2019-09-26 16:03:22,720 [main] INFO  handler.ContextHandler (ContextHandler.java:doStart(781)) - Started o.e.j.s.ServletContextHandler@260e86a1{/static,file:///workdir/hadoop-ozone/integration-test/target/test-classes/webapps/static,AVAILABLE}
2019-09-26 16:03:22,759 [main] INFO  handler.ContextHandler (ContextHandler.java:doStart(781)) - Started o.e.j.w.WebAppContext@db44aa2{/,file:///workdir/hadoop-ozone/integration-test/target/test-classes/webapps/scm/,AVAILABLE}{/scm}
2019-09-26 16:03:22,765 [main] INFO  server.AbstractConnector (AbstractConnector.java:doStart(278)) - Started ServerConnector@59a67c3a{HTTP/1.1,[http/1.1]}{0.0.0.0:46438}
2019-09-26 16:03:22,765 [main] INFO  server.Server (Server.java:doStart(419)) - Started @2773ms
2019-09-26 16:03:22,767 [main] INFO  impl.MetricsSinkAdapter (MetricsSinkAdapter.java:start(204)) - Sink prometheus started
2019-09-26 16:03:22,768 [main] INFO  impl.MetricsSystemImpl (MetricsSystemImpl.java:registerSink(301)) - Registered sink prometheus
2019-09-26 16:03:22,769 [main] INFO  server.BaseHttpServer (BaseHttpServer.java:updateConnectorAddress(215)) - HTTP server of SCM is listening at http://0.0.0.0:46438
2019-09-26 16:03:22,778 [org.apache.hadoop.util.JvmPauseMonitor$Monitor@514eedd8] INFO  util.JvmPauseMonitor (JvmPauseMonitor.java:run(188)) - Starting JVM pause monitor
2019-09-26 16:03:22,781 [main] WARN  server.ServerUtils (ServerUtils.java:getDBPath(222)) - ozone.om.db.dirs is not configured. We recommend adding this setting. Falling back to ozone.metadata.dirs instead.
2019-09-26 16:03:23,053 [main] INFO  ha.OMHANodeDetails (OMHANodeDetails.java:loadOMHAConfig(194)) - Configuration either no ozone.om.address set. Falling back to the default OM address /127.0.0.1:0
2019-09-26 16:03:23,054 [main] INFO  ha.OMHANodeDetails (OMHANodeDetails.java:getOMNodeDetails(224)) - OM Service ID is not set. Setting it to the default ID: omServiceIdDefault
2019-09-26 16:03:23,056 [main] WARN  server.ServerUtils (ServerUtils.java:getDBPath(222)) - ozone.om.db.dirs is not configured. We recommend adding this setting. Falling back to ozone.metadata.dirs instead.
2019-09-26 16:03:23,057 [main] WARN  server.ServerUtils (ServerUtils.java:getDBPath(222)) - ozone.om.db.dirs is not configured. We recommend adding this setting. Falling back to ozone.metadata.dirs instead.
2019-09-26 16:03:23,860 [main] WARN  server.ServerUtils (ServerUtils.java:getDBPath(222)) - ozone.om.db.dirs is not configured. We recommend adding this setting. Falling back to ozone.metadata.dirs instead.
2019-09-26 16:03:23,870 [main] INFO  db.DBStoreBuilder (DBStoreBuilder.java:addTable(110)) - using custom profile for table: userTable
2019-09-26 16:03:23,870 [main] INFO  db.DBStoreBuilder (DBStoreBuilder.java:processTables(161)) - Using default column profile:DBProfile.DISK for Table:userTable
2019-09-26 16:03:23,870 [main] INFO  db.DBStoreBuilder (DBStoreBuilder.java:addTable(110)) - using custom profile for table: volumeTable
2019-09-26 16:03:23,871 [main] INFO  db.DBStoreBuilder (DBStoreBuilder.java:processTables(161)) - Using default column profile:DBProfile.DISK for Table:volumeTable
2019-09-26 16:03:23,871 [main] INFO  db.DBStoreBuilder (DBStoreBuilder.java:addTable(110)) - using custom profile for table: bucketTable
2019-09-26 16:03:23,871 [main] INFO  db.DBStoreBuilder (DBStoreBuilder.java:processTables(161)) - Using default column profile:DBProfile.DISK for Table:bucketTable
2019-09-26 16:03:23,872 [main] INFO  db.DBStoreBuilder (DBStoreBuilder.java:addTable(110)) - using custom profile for table: keyTable
2019-09-26 16:03:23,872 [main] INFO  db.DBStoreBuilder (DBStoreBuilder.java:processTables(161)) - Using default column profile:DBProfile.DISK for Table:keyTable
2019-09-26 16:03:23,872 [main] INFO  db.DBStoreBuilder (DBStoreBuilder.java:addTable(110)) - using custom profile for table: deletedTable
2019-09-26 16:03:23,873 [main] INFO  db.DBStoreBuilder (DBStoreBuilder.java:processTables(161)) - Using default column profile:DBProfile.DISK for Table:deletedTable
2019-09-26 16:03:23,873 [main] INFO  db.DBStoreBuilder (DBStoreBuilder.java:addTable(110)) - using custom profile for table: openKeyTable
2019-09-26 16:03:23,873 [main] INFO  db.DBStoreBuilder (DBStoreBuilder.java:processTables(161)) - Using default column profile:DBProfile.DISK for Table:openKeyTable
2019-09-26 16:03:23,874 [main] INFO  db.DBStoreBuilder (DBStoreBuilder.java:addTable(110)) - using custom profile for table: s3Table
2019-09-26 16:03:23,874 [main] INFO  db.DBStoreBuilder (DBStoreBuilder.java:processTables(161)) - Using default column profile:DBProfile.DISK for Table:s3Table
2019-09-26 16:03:23,874 [main] INFO  db.DBStoreBuilder (DBStoreBuilder.java:addTable(110)) - using custom profile for table: multipartInfoTable
2019-09-26 16:03:23,875 [main] INFO  db.DBStoreBuilder (DBStoreBuilder.java:processTables(161)) - Using default column profile:DBProfile.DISK for Table:multipartInfoTable
2019-09-26 16:03:23,875 [main] INFO  db.DBStoreBuilder (DBStoreBuilder.java:addTable(110)) - using custom profile for table: dTokenTable
2019-09-26 16:03:23,875 [main] INFO  db.DBStoreBuilder (DBStoreBuilder.java:processTables(161)) - Using default column profile:DBProfile.DISK for Table:dTokenTable
2019-09-26 16:03:23,876 [main] INFO  db.DBStoreBuilder (DBStoreBuilder.java:addTable(110)) - using custom profile for table: s3SecretTable
2019-09-26 16:03:23,876 [main] INFO  db.DBStoreBuilder (DBStoreBuilder.java:processTables(161)) - Using default column profile:DBProfile.DISK for Table:s3SecretTable
2019-09-26 16:03:23,876 [main] INFO  db.DBStoreBuilder (DBStoreBuilder.java:addTable(110)) - using custom profile for table: prefixTable
2019-09-26 16:03:23,876 [main] INFO  db.DBStoreBuilder (DBStoreBuilder.java:processTables(161)) - Using default column profile:DBProfile.DISK for Table:prefixTable
2019-09-26 16:03:23,877 [main] INFO  db.DBStoreBuilder (DBStoreBuilder.java:addTable(110)) - using custom profile for table: default
2019-09-26 16:03:23,877 [main] INFO  db.DBStoreBuilder (DBStoreBuilder.java:processTables(167)) - Using default column profile:DBProfile.DISK for Table:default
2019-09-26 16:03:23,877 [main] INFO  db.DBStoreBuilder (DBStoreBuilder.java:getDbProfile(198)) - Using default options. DBProfile.DISK
2019-09-26 16:03:24,391 [main] INFO  ipc.CallQueueManager (CallQueueManager.java:<init>(84)) - Using callQueue: class java.util.concurrent.LinkedBlockingQueue, queueCapacity: 2000, scheduler: class org.apache.hadoop.ipc.DefaultRpcScheduler, ipcBackoff: false.
2019-09-26 16:03:24,392 [Socket Reader #1 for port 40479] INFO  ipc.Server (Server.java:run(1074)) - Starting Socket Reader #1 for port 40479
2019-09-26 16:03:24,416 [main] INFO  om.OzoneManager (OzoneManager.java:start(1069)) - OzoneManager RPC server is listening at localhost/127.0.0.1:40479
2019-09-26 16:03:24,416 [main] INFO  impl.MetricsSystemImpl (MetricsSystemImpl.java:init(158)) - OzoneManager metrics system started (again)
2019-09-26 16:03:24,419 [IPC Server Responder] INFO  ipc.Server (Server.java:run(1314)) - IPC Server Responder: starting
2019-09-26 16:03:24,419 [IPC Server listener on 40479] INFO  ipc.Server (Server.java:run(1153)) - IPC Server listener on 40479: starting
2019-09-26 16:03:24,431 [main] INFO  hdfs.DFSUtil (DFSUtil.java:httpServerTemplateForNNAndJN(1641)) - Starting Web-server for ozoneManager at: http://0.0.0.0:0
2019-09-26 16:03:24,433 [main] INFO  server.AuthenticationFilter (AuthenticationFilter.java:constructSecretProvider(240)) - Unable to initialize FileSignerSecretProvider, falling back to use random secrets.
2019-09-26 16:03:24,434 [main] WARN  http.HttpRequestLog (HttpRequestLog.java:getRequestLog(97)) - Jetty request log can only be enabled using Log4j
2019-09-26 16:03:24,436 [main] INFO  http.HttpServer2 (HttpServer2.java:addGlobalFilter(975)) - Added global filter 'safety' (class=org.apache.hadoop.http.HttpServer2$QuotingInputFilter)
2019-09-26 16:03:24,437 [main] INFO  http.HttpServer2 (HttpServer2.java:addFilter(948)) - Added filter static_user_filter (class=org.apache.hadoop.http.lib.StaticUserWebFilter$StaticUserFilter) to context ozoneManager
2019-09-26 16:03:24,437 [main] INFO  http.HttpServer2 (HttpServer2.java:addFilter(958)) - Added filter static_user_filter (class=org.apache.hadoop.http.lib.StaticUserWebFilter$StaticUserFilter) to context logs
2019-09-26 16:03:24,437 [main] INFO  http.HttpServer2 (HttpServer2.java:addFilter(958)) - Added filter static_user_filter (class=org.apache.hadoop.http.lib.StaticUserWebFilter$StaticUserFilter) to context static
2019-09-26 16:03:24,440 [main] INFO  http.HttpServer2 (HttpServer2.java:bindListener(1191)) - Jetty bound to port 41355
2019-09-26 16:03:24,440 [main] INFO  server.Server (Server.java:doStart(351)) - jetty-9.3.25.v20180904, build timestamp: 2018-09-04T21:11:46Z, git hash: 3ce520221d0240229c862b122d2b06c12a625732
2019-09-26 16:03:24,442 [main] INFO  handler.ContextHandler (ContextHandler.java:doStart(781)) - Started o.e.j.s.ServletContextHandler@989da1{/logs,file:///workdir/hadoop-ozone/integration-test/target/log,AVAILABLE}
2019-09-26 16:03:24,443 [main] INFO  handler.ContextHandler (ContextHandler.java:doStart(781)) - Started o.e.j.s.ServletContextHandler@3eed0f5{/static,file:///workdir/hadoop-ozone/integration-test/target/test-classes/webapps/static,AVAILABLE}
2019-09-26 16:03:24,448 [main] INFO  handler.ContextHandler (ContextHandler.java:doStart(781)) - Started o.e.j.w.WebAppContext@353efdbf{/,file:///workdir/hadoop-ozone/integration-test/target/test-classes/webapps/ozoneManager/,AVAILABLE}{/ozoneManager}
2019-09-26 16:03:24,449 [main] INFO  server.AbstractConnector (AbstractConnector.java:doStart(278)) - Started ServerConnector@55cff952{HTTP/1.1,[http/1.1]}{0.0.0.0:41355}
2019-09-26 16:03:24,449 [main] INFO  server.Server (Server.java:doStart(419)) - Started @4457ms
2019-09-26 16:03:24,450 [main] WARN  impl.MetricsSystemImpl (MetricsSystemImpl.java:register(276)) - Sink prometheus already exists!
2019-09-26 16:03:24,451 [main] INFO  server.BaseHttpServer (BaseHttpServer.java:updateConnectorAddress(215)) - HTTP server of OZONEMANAGER is listening at http://0.0.0.0:41355
2019-09-26 16:03:24,774 [main] INFO  impl.MetricsSystemImpl (MetricsSystemImpl.java:init(158)) - HddsDatanode metrics system started (again)
2019-09-26 16:03:24,829 [main] INFO  ozone.HddsDatanodeService (HddsDatanodeService.java:start(184)) - HddsDatanodeService host:pr-hdds-2162-htzpk-1451759861 ip:192.168.157.234
2019-09-26 16:03:24,863 [main] INFO  volume.HddsVolume (HddsVolume.java:<init>(176)) - Creating Volume: /workdir/hadoop-ozone/integration-test/target/test-dir/MiniOzoneClusterImpl-e6b3eac8-f257-4ae4-aa9d-4144be51a25f/datanode-0/data/containers/hdds of  storage type : DISK and capacity : 1482555576320
2019-09-26 16:03:24,865 [main] INFO  volume.VolumeSet (VolumeSet.java:initializeVolumeSet(170)) - Added Volume : /workdir/hadoop-ozone/integration-test/target/test-dir/MiniOzoneClusterImpl-e6b3eac8-f257-4ae4-aa9d-4144be51a25f/datanode-0/data/containers/hdds to VolumeSet
2019-09-26 16:03:24,868 [main] INFO  volume.ThrottledAsyncChecker (ThrottledAsyncChecker.java:schedule(139)) - Scheduling a check for org.apache.hadoop.ozone.container.common.volume.HddsVolume@45d6ef73
2019-09-26 16:03:24,886 [main] INFO  volume.HddsVolumeChecker (HddsVolumeChecker.java:checkAllVolumes(202)) - Scheduled health check for volume org.apache.hadoop.ozone.container.common.volume.HddsVolume@45d6ef73
2019-09-26 16:03:25,039 [main] INFO  impl.RaftServerProxy (ConfUtils.java:logGet(43)) - raft.rpc.type = GRPC (default)
2019-09-26 16:03:25,117 [main] INFO  grpc.GrpcFactory (GrpcFactory.java:checkPooledByteBufAllocatorUseCacheForAllThreads(45)) - PERFORMANCE WARNING: useCacheForAllThreads is true that may cause Netty to create a lot garbage objects and, as a result, trigger GC.
	It is recommended to disable useCacheForAllThreads by setting -Dorg.apache.ratis.thirdparty.io.netty.allocator.useCacheForAllThreads=false in command line.
2019-09-26 16:03:25,123 [main] INFO  grpc.GrpcConfigKeys$Server (ConfUtils.java:logGet(43)) - raft.grpc.server.port = 0 (default)
2019-09-26 16:03:25,124 [main] INFO  server.GrpcService (ConfUtils.java:logGet(43)) - raft.grpc.message.size.max = 33570816 (custom)
2019-09-26 16:03:25,125 [main] INFO  server.RaftServerConfigKeys (ConfUtils.java:logGet(43)) - raft.server.log.appender.buffer.byte-limit = 33554432 (custom)
2019-09-26 16:03:25,126 [main] INFO  server.GrpcService (ConfUtils.java:logGet(43)) - raft.grpc.flow.control.window = 1MB (=1048576) (default)
2019-09-26 16:03:25,127 [main] INFO  server.RaftServerConfigKeys (ConfUtils.java:logGet(43)) - raft.server.rpc.request.timeout = 3000ms (default)
2019-09-26 16:03:25,341 [main] INFO  server.RaftServerConfigKeys (ConfUtils.java:logGet(43)) - raft.server.storage.dir = [/workdir/hadoop-ozone/integration-test/target/test-dir/MiniOzoneClusterImpl-e6b3eac8-f257-4ae4-aa9d-4144be51a25f/datanode-0/data/ratis] (custom)
2019-09-26 16:03:25,401 [main] INFO  hdfs.DFSUtil (DFSUtil.java:httpServerTemplateForNNAndJN(1641)) - Starting Web-server for hddsDatanode at: http://0.0.0.0:0
2019-09-26 16:03:25,408 [main] INFO  server.AuthenticationFilter (AuthenticationFilter.java:constructSecretProvider(240)) - Unable to initialize FileSignerSecretProvider, falling back to use random secrets.
2019-09-26 16:03:25,410 [main] WARN  http.HttpRequestLog (HttpRequestLog.java:getRequestLog(97)) - Jetty request log can only be enabled using Log4j
2019-09-26 16:03:25,413 [main] INFO  http.HttpServer2 (HttpServer2.java:addGlobalFilter(975)) - Added global filter 'safety' (class=org.apache.hadoop.http.HttpServer2$QuotingInputFilter)
2019-09-26 16:03:25,414 [main] INFO  http.HttpServer2 (HttpServer2.java:addFilter(948)) - Added filter static_user_filter (class=org.apache.hadoop.http.lib.StaticUserWebFilter$StaticUserFilter) to context hddsDatanode
2019-09-26 16:03:25,414 [main] INFO  http.HttpServer2 (HttpServer2.java:addFilter(958)) - Added filter static_user_filter (class=org.apache.hadoop.http.lib.StaticUserWebFilter$StaticUserFilter) to context logs
2019-09-26 16:03:25,415 [main] INFO  http.HttpServer2 (HttpServer2.java:addFilter(958)) - Added filter static_user_filter (class=org.apache.hadoop.http.lib.StaticUserWebFilter$StaticUserFilter) to context static
2019-09-26 16:03:25,416 [main] INFO  http.HttpServer2 (HttpServer2.java:bindListener(1191)) - Jetty bound to port 45700
2019-09-26 16:03:25,417 [main] INFO  server.Server (Server.java:doStart(351)) - jetty-9.3.25.v20180904, build timestamp: 2018-09-04T21:11:46Z, git hash: 3ce520221d0240229c862b122d2b06c12a625732
2019-09-26 16:03:25,420 [main] INFO  handler.ContextHandler (ContextHandler.java:doStart(781)) - Started o.e.j.s.ServletContextHandler@75ae4a1f{/logs,file:///workdir/hadoop-ozone/integration-test/target/log,AVAILABLE}
2019-09-26 16:03:25,422 [main] INFO  handler.ContextHandler (ContextHandler.java:doStart(781)) - Started o.e.j.s.ServletContextHandler@63c12e52{/static,jar:file:/home/user/.m2/repository/org/apache/hadoop/hadoop-hdds-container-service/0.5.0-SNAPSHOT/hadoop-hdds-container-service-0.5.0-SNAPSHOT.jar!/webapps/static,AVAILABLE}
2019-09-26 16:03:25,473 [main] INFO  handler.ContextHandler (ContextHandler.java:doStart(781)) - Started o.e.j.w.WebAppContext@68a4dcc6{/,file:///tmp/jetty-0.0.0.0-45700-hddsDatanode-_-any-5828836010145773223.dir/webapp/,AVAILABLE}{/hddsDatanode}
2019-09-26 16:03:25,474 [main] INFO  server.AbstractConnector (AbstractConnector.java:doStart(278)) - Started ServerConnector@646c0a67{HTTP/1.1,[http/1.1]}{0.0.0.0:45700}
2019-09-26 16:03:25,475 [main] INFO  server.Server (Server.java:doStart(419)) - Started @5483ms
2019-09-26 16:03:25,476 [main] WARN  impl.MetricsSystemImpl (MetricsSystemImpl.java:register(276)) - Sink prometheus already exists!
2019-09-26 16:03:25,477 [main] INFO  server.BaseHttpServer (BaseHttpServer.java:updateConnectorAddress(215)) - HTTP server of HDDSDATANODE is listening at http://0.0.0.0:45700
2019-09-26 16:03:25,479 [main] INFO  impl.MetricsSystemImpl (MetricsSystemImpl.java:init(158)) - HddsDatanode metrics system started (again)
2019-09-26 16:03:25,484 [main] INFO  ozone.HddsDatanodeService (HddsDatanodeService.java:start(184)) - HddsDatanodeService host:pr-hdds-2162-htzpk-1451759861 ip:192.168.157.234
2019-09-26 16:03:25,486 [org.apache.hadoop.util.JvmPauseMonitor$Monitor@3a2af0f6] INFO  util.JvmPauseMonitor (JvmPauseMonitor.java:run(188)) - Starting JVM pause monitor
2019-09-26 16:03:25,494 [main] INFO  volume.HddsVolume (HddsVolume.java:<init>(176)) - Creating Volume: /workdir/hadoop-ozone/integration-test/target/test-dir/MiniOzoneClusterImpl-e6b3eac8-f257-4ae4-aa9d-4144be51a25f/datanode-1/data/containers/hdds of  storage type : DISK and capacity : 1482555576320
2019-09-26 16:03:25,496 [main] INFO  volume.VolumeSet (VolumeSet.java:initializeVolumeSet(170)) - Added Volume : /workdir/hadoop-ozone/integration-test/target/test-dir/MiniOzoneClusterImpl-e6b3eac8-f257-4ae4-aa9d-4144be51a25f/datanode-1/data/containers/hdds to VolumeSet
2019-09-26 16:03:25,496 [main] INFO  volume.ThrottledAsyncChecker (ThrottledAsyncChecker.java:schedule(139)) - Scheduling a check for org.apache.hadoop.ozone.container.common.volume.HddsVolume@18d910b3
2019-09-26 16:03:25,498 [main] INFO  volume.HddsVolumeChecker (HddsVolumeChecker.java:checkAllVolumes(202)) - Scheduled health check for volume org.apache.hadoop.ozone.container.common.volume.HddsVolume@18d910b3
2019-09-26 16:03:25,520 [main] INFO  impl.RaftServerProxy (ConfUtils.java:logGet(43)) - raft.rpc.type = GRPC (default)
2019-09-26 16:03:25,521 [main] INFO  grpc.GrpcFactory (GrpcFactory.java:checkPooledByteBufAllocatorUseCacheForAllThreads(45)) - PERFORMANCE WARNING: useCacheForAllThreads is true that may cause Netty to create a lot garbage objects and, as a result, trigger GC.
	It is recommended to disable useCacheForAllThreads by setting -Dorg.apache.ratis.thirdparty.io.netty.allocator.useCacheForAllThreads=false in command line.
2019-09-26 16:03:25,521 [main] INFO  grpc.GrpcConfigKeys$Server (ConfUtils.java:logGet(43)) - raft.grpc.server.port = 0 (default)
2019-09-26 16:03:25,522 [main] INFO  server.GrpcService (ConfUtils.java:logGet(43)) - raft.grpc.message.size.max = 33570816 (custom)
2019-09-26 16:03:25,522 [main] INFO  server.RaftServerConfigKeys (ConfUtils.java:logGet(43)) - raft.server.log.appender.buffer.byte-limit = 33554432 (custom)
2019-09-26 16:03:25,523 [main] INFO  server.GrpcService (ConfUtils.java:logGet(43)) - raft.grpc.flow.control.window = 1MB (=1048576) (default)
2019-09-26 16:03:25,523 [main] INFO  server.RaftServerConfigKeys (ConfUtils.java:logGet(43)) - raft.server.rpc.request.timeout = 3000ms (default)
2019-09-26 16:03:25,524 [main] INFO  server.RaftServerConfigKeys (ConfUtils.java:logGet(43)) - raft.server.storage.dir = [/workdir/hadoop-ozone/integration-test/target/test-dir/MiniOzoneClusterImpl-e6b3eac8-f257-4ae4-aa9d-4144be51a25f/datanode-1/data/ratis] (custom)
2019-09-26 16:03:25,526 [main] INFO  hdfs.DFSUtil (DFSUtil.java:httpServerTemplateForNNAndJN(1641)) - Starting Web-server for hddsDatanode at: http://0.0.0.0:0
2019-09-26 16:03:25,528 [main] INFO  server.AuthenticationFilter (AuthenticationFilter.java:constructSecretProvider(240)) - Unable to initialize FileSignerSecretProvider, falling back to use random secrets.
2019-09-26 16:03:25,529 [main] WARN  http.HttpRequestLog (HttpRequestLog.java:getRequestLog(97)) - Jetty request log can only be enabled using Log4j
2019-09-26 16:03:25,531 [main] INFO  http.HttpServer2 (HttpServer2.java:addGlobalFilter(975)) - Added global filter 'safety' (class=org.apache.hadoop.http.HttpServer2$QuotingInputFilter)
2019-09-26 16:03:25,532 [main] INFO  http.HttpServer2 (HttpServer2.java:addFilter(948)) - Added filter static_user_filter (class=org.apache.hadoop.http.lib.StaticUserWebFilter$StaticUserFilter) to context hddsDatanode
2019-09-26 16:03:25,532 [main] INFO  http.HttpServer2 (HttpServer2.java:addFilter(958)) - Added filter static_user_filter (class=org.apache.hadoop.http.lib.StaticUserWebFilter$StaticUserFilter) to context logs
2019-09-26 16:03:25,532 [main] INFO  http.HttpServer2 (HttpServer2.java:addFilter(958)) - Added filter static_user_filter (class=org.apache.hadoop.http.lib.StaticUserWebFilter$StaticUserFilter) to context static
2019-09-26 16:03:25,533 [main] INFO  http.HttpServer2 (HttpServer2.java:bindListener(1191)) - Jetty bound to port 42456
2019-09-26 16:03:25,534 [main] INFO  server.Server (Server.java:doStart(351)) - jetty-9.3.25.v20180904, build timestamp: 2018-09-04T21:11:46Z, git hash: 3ce520221d0240229c862b122d2b06c12a625732
2019-09-26 16:03:25,540 [main] INFO  handler.ContextHandler (ContextHandler.java:doStart(781)) - Started o.e.j.s.ServletContextHandler@3ee0b4f7{/logs,file:///workdir/hadoop-ozone/integration-test/target/log,AVAILABLE}
2019-09-26 16:03:25,541 [main] INFO  handler.ContextHandler (ContextHandler.java:doStart(781)) - Started o.e.j.s.ServletContextHandler@4d41ba0f{/static,jar:file:/home/user/.m2/repository/org/apache/hadoop/hadoop-hdds-container-service/0.5.0-SNAPSHOT/hadoop-hdds-container-service-0.5.0-SNAPSHOT.jar!/webapps/static,AVAILABLE}
2019-09-26 16:03:25,585 [main] INFO  handler.ContextHandler (ContextHandler.java:doStart(781)) - Started o.e.j.w.WebAppContext@7baf1f5a{/,file:///tmp/jetty-0.0.0.0-42456-hddsDatanode-_-any-2655960262948650259.dir/webapp/,AVAILABLE}{/hddsDatanode}
2019-09-26 16:03:25,587 [main] INFO  server.AbstractConnector (AbstractConnector.java:doStart(278)) - Started ServerConnector@6cc86152{HTTP/1.1,[http/1.1]}{0.0.0.0:42456}
2019-09-26 16:03:25,588 [main] INFO  server.Server (Server.java:doStart(419)) - Started @5596ms
2019-09-26 16:03:25,588 [main] WARN  impl.MetricsSystemImpl (MetricsSystemImpl.java:register(276)) - Sink prometheus already exists!
2019-09-26 16:03:25,590 [main] INFO  server.BaseHttpServer (BaseHttpServer.java:updateConnectorAddress(215)) - HTTP server of HDDSDATANODE is listening at http://0.0.0.0:42456
2019-09-26 16:03:25,590 [main] INFO  impl.MetricsSystemImpl (MetricsSystemImpl.java:init(158)) - HddsDatanode metrics system started (again)
2019-09-26 16:03:25,594 [org.apache.hadoop.util.JvmPauseMonitor$Monitor@ebd5a5f] INFO  util.JvmPauseMonitor (JvmPauseMonitor.java:run(188)) - Starting JVM pause monitor
2019-09-26 16:03:25,594 [main] INFO  ozone.HddsDatanodeService (HddsDatanodeService.java:start(184)) - HddsDatanodeService host:pr-hdds-2162-htzpk-1451759861 ip:192.168.157.234
2019-09-26 16:03:25,604 [main] INFO  volume.HddsVolume (HddsVolume.java:<init>(176)) - Creating Volume: /workdir/hadoop-ozone/integration-test/target/test-dir/MiniOzoneClusterImpl-e6b3eac8-f257-4ae4-aa9d-4144be51a25f/datanode-2/data/containers/hdds of  storage type : DISK and capacity : 1482555576320
2019-09-26 16:03:25,605 [main] INFO  volume.VolumeSet (VolumeSet.java:initializeVolumeSet(170)) - Added Volume : /workdir/hadoop-ozone/integration-test/target/test-dir/MiniOzoneClusterImpl-e6b3eac8-f257-4ae4-aa9d-4144be51a25f/datanode-2/data/containers/hdds to VolumeSet
2019-09-26 16:03:25,606 [main] INFO  volume.ThrottledAsyncChecker (ThrottledAsyncChecker.java:schedule(139)) - Scheduling a check for org.apache.hadoop.ozone.container.common.volume.HddsVolume@4b65d9f4
2019-09-26 16:03:25,606 [main] INFO  volume.HddsVolumeChecker (HddsVolumeChecker.java:checkAllVolumes(202)) - Scheduled health check for volume org.apache.hadoop.ozone.container.common.volume.HddsVolume@4b65d9f4
2019-09-26 16:03:25,620 [Datanode State Machine Thread - 0] INFO  datanode.InitDatanodeState (InitDatanodeState.java:persistContainerDatanodeDetails(140)) - DatanodeDetails is persisted to /workdir/hadoop-ozone/integration-test/target/test-dir/MiniOzoneClusterImpl-e6b3eac8-f257-4ae4-aa9d-4144be51a25f/datanode-0/meta/datanode.id
2019-09-26 16:03:25,624 [Datanode State Machine Thread - 0] INFO  datanode.InitDatanodeState (InitDatanodeState.java:persistContainerDatanodeDetails(140)) - DatanodeDetails is persisted to /workdir/hadoop-ozone/integration-test/target/test-dir/MiniOzoneClusterImpl-e6b3eac8-f257-4ae4-aa9d-4144be51a25f/datanode-1/meta/datanode.id
2019-09-26 16:03:25,626 [main] INFO  impl.RaftServerProxy (ConfUtils.java:logGet(43)) - raft.rpc.type = GRPC (default)
2019-09-26 16:03:25,626 [main] INFO  grpc.GrpcFactory (GrpcFactory.java:checkPooledByteBufAllocatorUseCacheForAllThreads(45)) - PERFORMANCE WARNING: useCacheForAllThreads is true that may cause Netty to create a lot garbage objects and, as a result, trigger GC.
	It is recommended to disable useCacheForAllThreads by setting -Dorg.apache.ratis.thirdparty.io.netty.allocator.useCacheForAllThreads=false in command line.
2019-09-26 16:03:25,627 [main] INFO  grpc.GrpcConfigKeys$Server (ConfUtils.java:logGet(43)) - raft.grpc.server.port = 0 (default)
2019-09-26 16:03:25,627 [main] INFO  server.GrpcService (ConfUtils.java:logGet(43)) - raft.grpc.message.size.max = 33570816 (custom)
2019-09-26 16:03:25,627 [main] INFO  server.RaftServerConfigKeys (ConfUtils.java:logGet(43)) - raft.server.log.appender.buffer.byte-limit = 33554432 (custom)
2019-09-26 16:03:25,627 [main] INFO  server.GrpcService (ConfUtils.java:logGet(43)) - raft.grpc.flow.control.window = 1MB (=1048576) (default)
2019-09-26 16:03:25,628 [main] INFO  server.RaftServerConfigKeys (ConfUtils.java:logGet(43)) - raft.server.rpc.request.timeout = 3000ms (default)
2019-09-26 16:03:25,628 [main] INFO  server.RaftServerConfigKeys (ConfUtils.java:logGet(43)) - raft.server.storage.dir = [/workdir/hadoop-ozone/integration-test/target/test-dir/MiniOzoneClusterImpl-e6b3eac8-f257-4ae4-aa9d-4144be51a25f/datanode-2/data/ratis] (custom)
2019-09-26 16:03:25,630 [main] INFO  hdfs.DFSUtil (DFSUtil.java:httpServerTemplateForNNAndJN(1641)) - Starting Web-server for hddsDatanode at: http://0.0.0.0:0
2019-09-26 16:03:25,632 [main] INFO  server.AuthenticationFilter (AuthenticationFilter.java:constructSecretProvider(240)) - Unable to initialize FileSignerSecretProvider, falling back to use random secrets.
2019-09-26 16:03:25,632 [main] WARN  http.HttpRequestLog (HttpRequestLog.java:getRequestLog(97)) - Jetty request log can only be enabled using Log4j
2019-09-26 16:03:25,634 [main] INFO  http.HttpServer2 (HttpServer2.java:addGlobalFilter(975)) - Added global filter 'safety' (class=org.apache.hadoop.http.HttpServer2$QuotingInputFilter)
2019-09-26 16:03:25,634 [main] INFO  http.HttpServer2 (HttpServer2.java:addFilter(948)) - Added filter static_user_filter (class=org.apache.hadoop.http.lib.StaticUserWebFilter$StaticUserFilter) to context hddsDatanode
2019-09-26 16:03:25,635 [main] INFO  http.HttpServer2 (HttpServer2.java:addFilter(958)) - Added filter static_user_filter (class=org.apache.hadoop.http.lib.StaticUserWebFilter$StaticUserFilter) to context logs
2019-09-26 16:03:25,635 [main] INFO  http.HttpServer2 (HttpServer2.java:addFilter(958)) - Added filter static_user_filter (class=org.apache.hadoop.http.lib.StaticUserWebFilter$StaticUserFilter) to context static
2019-09-26 16:03:25,636 [main] INFO  http.HttpServer2 (HttpServer2.java:bindListener(1191)) - Jetty bound to port 41644
2019-09-26 16:03:25,636 [main] INFO  server.Server (Server.java:doStart(351)) - jetty-9.3.25.v20180904, build timestamp: 2018-09-04T21:11:46Z, git hash: 3ce520221d0240229c862b122d2b06c12a625732
2019-09-26 16:03:25,638 [main] INFO  handler.ContextHandler (ContextHandler.java:doStart(781)) - Started o.e.j.s.ServletContextHandler@40e37b06{/logs,file:///workdir/hadoop-ozone/integration-test/target/log,AVAILABLE}
2019-09-26 16:03:25,638 [main] INFO  handler.ContextHandler (ContextHandler.java:doStart(781)) - Started o.e.j.s.ServletContextHandler@6dcc40f5{/static,jar:file:/home/user/.m2/repository/org/apache/hadoop/hadoop-hdds-container-service/0.5.0-SNAPSHOT/hadoop-hdds-container-service-0.5.0-SNAPSHOT.jar!/webapps/static,AVAILABLE}
2019-09-26 16:03:25,669 [main] INFO  handler.ContextHandler (ContextHandler.java:doStart(781)) - Started o.e.j.w.WebAppContext@6b1dc20f{/,file:///tmp/jetty-0.0.0.0-41644-hddsDatanode-_-any-1391348150190551748.dir/webapp/,AVAILABLE}{/hddsDatanode}
2019-09-26 16:03:25,671 [main] INFO  server.AbstractConnector (AbstractConnector.java:doStart(278)) - Started ServerConnector@4613311f{HTTP/1.1,[http/1.1]}{0.0.0.0:41644}
2019-09-26 16:03:25,672 [main] INFO  server.Server (Server.java:doStart(419)) - Started @5680ms
2019-09-26 16:03:25,672 [main] WARN  impl.MetricsSystemImpl (MetricsSystemImpl.java:register(276)) - Sink prometheus already exists!
2019-09-26 16:03:25,673 [main] INFO  server.BaseHttpServer (BaseHttpServer.java:updateConnectorAddress(215)) - HTTP server of HDDSDATANODE is listening at http://0.0.0.0:41644
2019-09-26 16:03:25,674 [main] INFO  impl.MetricsSystemImpl (MetricsSystemImpl.java:init(158)) - HddsDatanode metrics system started (again)
2019-09-26 16:03:25,677 [main] INFO  ozone.HddsDatanodeService (HddsDatanodeService.java:start(184)) - HddsDatanodeService host:pr-hdds-2162-htzpk-1451759861 ip:192.168.157.234
2019-09-26 16:03:25,677 [org.apache.hadoop.util.JvmPauseMonitor$Monitor@22713924] INFO  util.JvmPauseMonitor (JvmPauseMonitor.java:run(188)) - Starting JVM pause monitor
2019-09-26 16:03:25,681 [Datanode State Machine Thread - 0] INFO  datanode.InitDatanodeState (InitDatanodeState.java:persistContainerDatanodeDetails(140)) - DatanodeDetails is persisted to /workdir/hadoop-ozone/integration-test/target/test-dir/MiniOzoneClusterImpl-e6b3eac8-f257-4ae4-aa9d-4144be51a25f/datanode-2/meta/datanode.id
2019-09-26 16:03:25,684 [main] INFO  volume.HddsVolume (HddsVolume.java:<init>(176)) - Creating Volume: /workdir/hadoop-ozone/integration-test/target/test-dir/MiniOzoneClusterImpl-e6b3eac8-f257-4ae4-aa9d-4144be51a25f/datanode-3/data/containers/hdds of  storage type : DISK and capacity : 1482555576320
2019-09-26 16:03:25,685 [main] INFO  volume.VolumeSet (VolumeSet.java:initializeVolumeSet(170)) - Added Volume : /workdir/hadoop-ozone/integration-test/target/test-dir/MiniOzoneClusterImpl-e6b3eac8-f257-4ae4-aa9d-4144be51a25f/datanode-3/data/containers/hdds to VolumeSet
2019-09-26 16:03:25,686 [main] INFO  volume.ThrottledAsyncChecker (ThrottledAsyncChecker.java:schedule(139)) - Scheduling a check for org.apache.hadoop.ozone.container.common.volume.HddsVolume@36480b2d
2019-09-26 16:03:25,686 [main] INFO  volume.HddsVolumeChecker (HddsVolumeChecker.java:checkAllVolumes(202)) - Scheduled health check for volume org.apache.hadoop.ozone.container.common.volume.HddsVolume@36480b2d
2019-09-26 16:03:25,700 [main] INFO  impl.RaftServerProxy (ConfUtils.java:logGet(43)) - raft.rpc.type = GRPC (default)
2019-09-26 16:03:25,701 [main] INFO  grpc.GrpcFactory (GrpcFactory.java:checkPooledByteBufAllocatorUseCacheForAllThreads(45)) - PERFORMANCE WARNING: useCacheForAllThreads is true that may cause Netty to create a lot garbage objects and, as a result, trigger GC.
	It is recommended to disable useCacheForAllThreads by setting -Dorg.apache.ratis.thirdparty.io.netty.allocator.useCacheForAllThreads=false in command line.
2019-09-26 16:03:25,701 [main] INFO  grpc.GrpcConfigKeys$Server (ConfUtils.java:logGet(43)) - raft.grpc.server.port = 0 (default)
2019-09-26 16:03:25,701 [main] INFO  server.GrpcService (ConfUtils.java:logGet(43)) - raft.grpc.message.size.max = 33570816 (custom)
2019-09-26 16:03:25,701 [main] INFO  server.RaftServerConfigKeys (ConfUtils.java:logGet(43)) - raft.server.log.appender.buffer.byte-limit = 33554432 (custom)
2019-09-26 16:03:25,702 [main] INFO  server.GrpcService (ConfUtils.java:logGet(43)) - raft.grpc.flow.control.window = 1MB (=1048576) (default)
2019-09-26 16:03:25,702 [main] INFO  server.RaftServerConfigKeys (ConfUtils.java:logGet(43)) - raft.server.rpc.request.timeout = 3000ms (default)
2019-09-26 16:03:25,703 [main] INFO  server.RaftServerConfigKeys (ConfUtils.java:logGet(43)) - raft.server.storage.dir = [/workdir/hadoop-ozone/integration-test/target/test-dir/MiniOzoneClusterImpl-e6b3eac8-f257-4ae4-aa9d-4144be51a25f/datanode-3/data/ratis] (custom)
2019-09-26 16:03:25,704 [main] INFO  hdfs.DFSUtil (DFSUtil.java:httpServerTemplateForNNAndJN(1641)) - Starting Web-server for hddsDatanode at: http://0.0.0.0:0
2019-09-26 16:03:25,706 [main] INFO  server.AuthenticationFilter (AuthenticationFilter.java:constructSecretProvider(240)) - Unable to initialize FileSignerSecretProvider, falling back to use random secrets.
2019-09-26 16:03:25,706 [main] WARN  http.HttpRequestLog (HttpRequestLog.java:getRequestLog(97)) - Jetty request log can only be enabled using Log4j
2019-09-26 16:03:25,708 [main] INFO  http.HttpServer2 (HttpServer2.java:addGlobalFilter(975)) - Added global filter 'safety' (class=org.apache.hadoop.http.HttpServer2$QuotingInputFilter)
2019-09-26 16:03:25,708 [main] INFO  http.HttpServer2 (HttpServer2.java:addFilter(948)) - Added filter static_user_filter (class=org.apache.hadoop.http.lib.StaticUserWebFilter$StaticUserFilter) to context hddsDatanode
2019-09-26 16:03:25,708 [main] INFO  http.HttpServer2 (HttpServer2.java:addFilter(958)) - Added filter static_user_filter (class=org.apache.hadoop.http.lib.StaticUserWebFilter$StaticUserFilter) to context static
2019-09-26 16:03:25,709 [main] INFO  http.HttpServer2 (HttpServer2.java:addFilter(958)) - Added filter static_user_filter (class=org.apache.hadoop.http.lib.StaticUserWebFilter$StaticUserFilter) to context logs
2019-09-26 16:03:25,709 [main] INFO  http.HttpServer2 (HttpServer2.java:bindListener(1191)) - Jetty bound to port 43780
2019-09-26 16:03:25,710 [main] INFO  server.Server (Server.java:doStart(351)) - jetty-9.3.25.v20180904, build timestamp: 2018-09-04T21:11:46Z, git hash: 3ce520221d0240229c862b122d2b06c12a625732
2019-09-26 16:03:25,715 [main] INFO  handler.ContextHandler (ContextHandler.java:doStart(781)) - Started o.e.j.s.ServletContextHandler@70972170{/logs,file:///workdir/hadoop-ozone/integration-test/target/log,AVAILABLE}
2019-09-26 16:03:25,716 [main] INFO  handler.ContextHandler (ContextHandler.java:doStart(781)) - Started o.e.j.s.ServletContextHandler@4e1a46fb{/static,jar:file:/home/user/.m2/repository/org/apache/hadoop/hadoop-hdds-container-service/0.5.0-SNAPSHOT/hadoop-hdds-container-service-0.5.0-SNAPSHOT.jar!/webapps/static,AVAILABLE}
2019-09-26 16:03:25,746 [main] INFO  handler.ContextHandler (ContextHandler.java:doStart(781)) - Started o.e.j.w.WebAppContext@1687eb01{/,file:///tmp/jetty-0.0.0.0-43780-hddsDatanode-_-any-1316053077195631159.dir/webapp/,AVAILABLE}{/hddsDatanode}
2019-09-26 16:03:25,747 [main] INFO  server.AbstractConnector (AbstractConnector.java:doStart(278)) - Started ServerConnector@748d2277{HTTP/1.1,[http/1.1]}{0.0.0.0:43780}
2019-09-26 16:03:25,748 [main] INFO  server.Server (Server.java:doStart(419)) - Started @5756ms
2019-09-26 16:03:25,748 [main] WARN  impl.MetricsSystemImpl (MetricsSystemImpl.java:register(276)) - Sink prometheus already exists!
2019-09-26 16:03:25,749 [main] INFO  server.BaseHttpServer (BaseHttpServer.java:updateConnectorAddress(215)) - HTTP server of HDDSDATANODE is listening at http://0.0.0.0:43780
2019-09-26 16:03:25,749 [main] INFO  impl.MetricsSystemImpl (MetricsSystemImpl.java:init(158)) - HddsDatanode metrics system started (again)
2019-09-26 16:03:25,752 [org.apache.hadoop.util.JvmPauseMonitor$Monitor@8eb84b4] INFO  util.JvmPauseMonitor (JvmPauseMonitor.java:run(188)) - Starting JVM pause monitor
2019-09-26 16:03:25,753 [main] INFO  ozone.HddsDatanodeService (HddsDatanodeService.java:start(184)) - HddsDatanodeService host:pr-hdds-2162-htzpk-1451759861 ip:192.168.157.234
2019-09-26 16:03:25,755 [Datanode State Machine Thread - 0] INFO  datanode.InitDatanodeState (InitDatanodeState.java:persistContainerDatanodeDetails(140)) - DatanodeDetails is persisted to /workdir/hadoop-ozone/integration-test/target/test-dir/MiniOzoneClusterImpl-e6b3eac8-f257-4ae4-aa9d-4144be51a25f/datanode-3/meta/datanode.id
2019-09-26 16:03:25,763 [main] INFO  volume.HddsVolume (HddsVolume.java:<init>(176)) - Creating Volume: /workdir/hadoop-ozone/integration-test/target/test-dir/MiniOzoneClusterImpl-e6b3eac8-f257-4ae4-aa9d-4144be51a25f/datanode-4/data/containers/hdds of  storage type : DISK and capacity : 1482555576320
2019-09-26 16:03:25,763 [main] INFO  volume.VolumeSet (VolumeSet.java:initializeVolumeSet(170)) - Added Volume : /workdir/hadoop-ozone/integration-test/target/test-dir/MiniOzoneClusterImpl-e6b3eac8-f257-4ae4-aa9d-4144be51a25f/datanode-4/data/containers/hdds to VolumeSet
2019-09-26 16:03:25,764 [main] INFO  volume.ThrottledAsyncChecker (ThrottledAsyncChecker.java:schedule(139)) - Scheduling a check for org.apache.hadoop.ozone.container.common.volume.HddsVolume@22eaa86e
2019-09-26 16:03:25,765 [main] INFO  volume.HddsVolumeChecker (HddsVolumeChecker.java:checkAllVolumes(202)) - Scheduled health check for volume org.apache.hadoop.ozone.container.common.volume.HddsVolume@22eaa86e
2019-09-26 16:03:25,780 [main] INFO  impl.RaftServerProxy (ConfUtils.java:logGet(43)) - raft.rpc.type = GRPC (default)
2019-09-26 16:03:25,780 [main] INFO  grpc.GrpcFactory (GrpcFactory.java:checkPooledByteBufAllocatorUseCacheForAllThreads(45)) - PERFORMANCE WARNING: useCacheForAllThreads is true that may cause Netty to create a lot garbage objects and, as a result, trigger GC.
	It is recommended to disable useCacheForAllThreads by setting -Dorg.apache.ratis.thirdparty.io.netty.allocator.useCacheForAllThreads=false in command line.
2019-09-26 16:03:25,780 [main] INFO  grpc.GrpcConfigKeys$Server (ConfUtils.java:logGet(43)) - raft.grpc.server.port = 0 (default)
2019-09-26 16:03:25,781 [main] INFO  server.GrpcService (ConfUtils.java:logGet(43)) - raft.grpc.message.size.max = 33570816 (custom)
2019-09-26 16:03:25,781 [main] INFO  server.RaftServerConfigKeys (ConfUtils.java:logGet(43)) - raft.server.log.appender.buffer.byte-limit = 33554432 (custom)
2019-09-26 16:03:25,781 [main] INFO  server.GrpcService (ConfUtils.java:logGet(43)) - raft.grpc.flow.control.window = 1MB (=1048576) (default)
2019-09-26 16:03:25,781 [main] INFO  server.RaftServerConfigKeys (ConfUtils.java:logGet(43)) - raft.server.rpc.request.timeout = 3000ms (default)
2019-09-26 16:03:25,782 [main] INFO  server.RaftServerConfigKeys (ConfUtils.java:logGet(43)) - raft.server.storage.dir = [/workdir/hadoop-ozone/integration-test/target/test-dir/MiniOzoneClusterImpl-e6b3eac8-f257-4ae4-aa9d-4144be51a25f/datanode-4/data/ratis] (custom)
2019-09-26 16:03:25,784 [main] INFO  hdfs.DFSUtil (DFSUtil.java:httpServerTemplateForNNAndJN(1641)) - Starting Web-server for hddsDatanode at: http://0.0.0.0:0
2019-09-26 16:03:25,785 [main] INFO  server.AuthenticationFilter (AuthenticationFilter.java:constructSecretProvider(240)) - Unable to initialize FileSignerSecretProvider, falling back to use random secrets.
2019-09-26 16:03:25,786 [main] WARN  http.HttpRequestLog (HttpRequestLog.java:getRequestLog(97)) - Jetty request log can only be enabled using Log4j
2019-09-26 16:03:25,788 [main] INFO  http.HttpServer2 (HttpServer2.java:addGlobalFilter(975)) - Added global filter 'safety' (class=org.apache.hadoop.http.HttpServer2$QuotingInputFilter)
2019-09-26 16:03:25,788 [main] INFO  http.HttpServer2 (HttpServer2.java:addFilter(948)) - Added filter static_user_filter (class=org.apache.hadoop.http.lib.StaticUserWebFilter$StaticUserFilter) to context hddsDatanode
2019-09-26 16:03:25,789 [main] INFO  http.HttpServer2 (HttpServer2.java:addFilter(958)) - Added filter static_user_filter (class=org.apache.hadoop.http.lib.StaticUserWebFilter$StaticUserFilter) to context logs
2019-09-26 16:03:25,789 [main] INFO  http.HttpServer2 (HttpServer2.java:addFilter(958)) - Added filter static_user_filter (class=org.apache.hadoop.http.lib.StaticUserWebFilter$StaticUserFilter) to context static
2019-09-26 16:03:25,790 [main] INFO  http.HttpServer2 (HttpServer2.java:bindListener(1191)) - Jetty bound to port 33152
2019-09-26 16:03:25,790 [main] INFO  server.Server (Server.java:doStart(351)) - jetty-9.3.25.v20180904, build timestamp: 2018-09-04T21:11:46Z, git hash: 3ce520221d0240229c862b122d2b06c12a625732
2019-09-26 16:03:25,793 [main] INFO  handler.ContextHandler (ContextHandler.java:doStart(781)) - Started o.e.j.s.ServletContextHandler@3bd2af5b{/logs,file:///workdir/hadoop-ozone/integration-test/target/log,AVAILABLE}
2019-09-26 16:03:25,793 [main] INFO  handler.ContextHandler (ContextHandler.java:doStart(781)) - Started o.e.j.s.ServletContextHandler@75d982d3{/static,jar:file:/home/user/.m2/repository/org/apache/hadoop/hadoop-hdds-container-service/0.5.0-SNAPSHOT/hadoop-hdds-container-service-0.5.0-SNAPSHOT.jar!/webapps/static,AVAILABLE}
2019-09-26 16:03:25,835 [main] INFO  handler.ContextHandler (ContextHandler.java:doStart(781)) - Started o.e.j.w.WebAppContext@74ea46e2{/,file:///tmp/jetty-0.0.0.0-33152-hddsDatanode-_-any-6088316316062935558.dir/webapp/,AVAILABLE}{/hddsDatanode}
2019-09-26 16:03:25,836 [main] INFO  server.AbstractConnector (AbstractConnector.java:doStart(278)) - Started ServerConnector@6f911326{HTTP/1.1,[http/1.1]}{0.0.0.0:33152}
2019-09-26 16:03:25,837 [main] INFO  server.Server (Server.java:doStart(419)) - Started @5845ms
2019-09-26 16:03:25,837 [main] WARN  impl.MetricsSystemImpl (MetricsSystemImpl.java:register(276)) - Sink prometheus already exists!
2019-09-26 16:03:25,838 [main] INFO  server.BaseHttpServer (BaseHttpServer.java:updateConnectorAddress(215)) - HTTP server of HDDSDATANODE is listening at http://0.0.0.0:33152
2019-09-26 16:03:25,839 [main] INFO  impl.MetricsSystemImpl (MetricsSystemImpl.java:init(158)) - HddsDatanode metrics system started (again)
2019-09-26 16:03:25,842 [org.apache.hadoop.util.JvmPauseMonitor$Monitor@115ec31a] INFO  util.JvmPauseMonitor (JvmPauseMonitor.java:run(188)) - Starting JVM pause monitor
2019-09-26 16:03:25,843 [main] INFO  ozone.HddsDatanodeService (HddsDatanodeService.java:start(184)) - HddsDatanodeService host:pr-hdds-2162-htzpk-1451759861 ip:192.168.157.234
2019-09-26 16:03:25,846 [Datanode State Machine Thread - 0] INFO  datanode.InitDatanodeState (InitDatanodeState.java:persistContainerDatanodeDetails(140)) - DatanodeDetails is persisted to /workdir/hadoop-ozone/integration-test/target/test-dir/MiniOzoneClusterImpl-e6b3eac8-f257-4ae4-aa9d-4144be51a25f/datanode-4/meta/datanode.id
2019-09-26 16:03:25,852 [main] INFO  volume.HddsVolume (HddsVolume.java:<init>(176)) - Creating Volume: /workdir/hadoop-ozone/integration-test/target/test-dir/MiniOzoneClusterImpl-e6b3eac8-f257-4ae4-aa9d-4144be51a25f/datanode-5/data/containers/hdds of  storage type : DISK and capacity : 1482555576320
2019-09-26 16:03:25,852 [main] INFO  volume.VolumeSet (VolumeSet.java:initializeVolumeSet(170)) - Added Volume : /workdir/hadoop-ozone/integration-test/target/test-dir/MiniOzoneClusterImpl-e6b3eac8-f257-4ae4-aa9d-4144be51a25f/datanode-5/data/containers/hdds to VolumeSet
2019-09-26 16:03:25,852 [main] INFO  volume.ThrottledAsyncChecker (ThrottledAsyncChecker.java:schedule(139)) - Scheduling a check for org.apache.hadoop.ozone.container.common.volume.HddsVolume@117d32e
2019-09-26 16:03:25,853 [main] INFO  volume.HddsVolumeChecker (HddsVolumeChecker.java:checkAllVolumes(202)) - Scheduled health check for volume org.apache.hadoop.ozone.container.common.volume.HddsVolume@117d32e
2019-09-26 16:03:25,871 [main] INFO  impl.RaftServerProxy (ConfUtils.java:logGet(43)) - raft.rpc.type = GRPC (default)
2019-09-26 16:03:25,871 [main] INFO  grpc.GrpcFactory (GrpcFactory.java:checkPooledByteBufAllocatorUseCacheForAllThreads(45)) - PERFORMANCE WARNING: useCacheForAllThreads is true that may cause Netty to create a lot garbage objects and, as a result, trigger GC.
	It is recommended to disable useCacheForAllThreads by setting -Dorg.apache.ratis.thirdparty.io.netty.allocator.useCacheForAllThreads=false in command line.
2019-09-26 16:03:25,871 [main] INFO  grpc.GrpcConfigKeys$Server (ConfUtils.java:logGet(43)) - raft.grpc.server.port = 0 (default)
2019-09-26 16:03:25,872 [main] INFO  server.GrpcService (ConfUtils.java:logGet(43)) - raft.grpc.message.size.max = 33570816 (custom)
2019-09-26 16:03:25,872 [main] INFO  server.RaftServerConfigKeys (ConfUtils.java:logGet(43)) - raft.server.log.appender.buffer.byte-limit = 33554432 (custom)
2019-09-26 16:03:25,872 [main] INFO  server.GrpcService (ConfUtils.java:logGet(43)) - raft.grpc.flow.control.window = 1MB (=1048576) (default)
2019-09-26 16:03:25,872 [main] INFO  server.RaftServerConfigKeys (ConfUtils.java:logGet(43)) - raft.server.rpc.request.timeout = 3000ms (default)
2019-09-26 16:03:25,873 [main] INFO  server.RaftServerConfigKeys (ConfUtils.java:logGet(43)) - raft.server.storage.dir = [/workdir/hadoop-ozone/integration-test/target/test-dir/MiniOzoneClusterImpl-e6b3eac8-f257-4ae4-aa9d-4144be51a25f/datanode-5/data/ratis] (custom)
2019-09-26 16:03:25,875 [main] INFO  hdfs.DFSUtil (DFSUtil.java:httpServerTemplateForNNAndJN(1641)) - Starting Web-server for hddsDatanode at: http://0.0.0.0:0
2019-09-26 16:03:25,876 [main] INFO  server.AuthenticationFilter (AuthenticationFilter.java:constructSecretProvider(240)) - Unable to initialize FileSignerSecretProvider, falling back to use random secrets.
2019-09-26 16:03:25,876 [main] WARN  http.HttpRequestLog (HttpRequestLog.java:getRequestLog(97)) - Jetty request log can only be enabled using Log4j
2019-09-26 16:03:25,878 [main] INFO  http.HttpServer2 (HttpServer2.java:addGlobalFilter(975)) - Added global filter 'safety' (class=org.apache.hadoop.http.HttpServer2$QuotingInputFilter)
2019-09-26 16:03:25,879 [main] INFO  http.HttpServer2 (HttpServer2.java:addFilter(948)) - Added filter static_user_filter (class=org.apache.hadoop.http.lib.StaticUserWebFilter$StaticUserFilter) to context hddsDatanode
2019-09-26 16:03:25,879 [main] INFO  http.HttpServer2 (HttpServer2.java:addFilter(958)) - Added filter static_user_filter (class=org.apache.hadoop.http.lib.StaticUserWebFilter$StaticUserFilter) to context logs
2019-09-26 16:03:25,879 [main] INFO  http.HttpServer2 (HttpServer2.java:addFilter(958)) - Added filter static_user_filter (class=org.apache.hadoop.http.lib.StaticUserWebFilter$StaticUserFilter) to context static
2019-09-26 16:03:25,880 [main] INFO  http.HttpServer2 (HttpServer2.java:bindListener(1191)) - Jetty bound to port 45212
2019-09-26 16:03:25,880 [main] INFO  server.Server (Server.java:doStart(351)) - jetty-9.3.25.v20180904, build timestamp: 2018-09-04T21:11:46Z, git hash: 3ce520221d0240229c862b122d2b06c12a625732
2019-09-26 16:03:25,882 [main] INFO  handler.ContextHandler (ContextHandler.java:doStart(781)) - Started o.e.j.s.ServletContextHandler@181d8899{/logs,file:///workdir/hadoop-ozone/integration-test/target/log,AVAILABLE}
2019-09-26 16:03:25,882 [main] INFO  handler.ContextHandler (ContextHandler.java:doStart(781)) - Started o.e.j.s.ServletContextHandler@b887730{/static,jar:file:/home/user/.m2/repository/org/apache/hadoop/hadoop-hdds-container-service/0.5.0-SNAPSHOT/hadoop-hdds-container-service-0.5.0-SNAPSHOT.jar!/webapps/static,AVAILABLE}
2019-09-26 16:03:25,912 [main] INFO  handler.ContextHandler (ContextHandler.java:doStart(781)) - Started o.e.j.w.WebAppContext@7ab34619{/,file:///tmp/jetty-0.0.0.0-45212-hddsDatanode-_-any-7226792236240693213.dir/webapp/,AVAILABLE}{/hddsDatanode}
2019-09-26 16:03:25,913 [main] INFO  server.AbstractConnector (AbstractConnector.java:doStart(278)) - Started ServerConnector@ae2db25{HTTP/1.1,[http/1.1]}{0.0.0.0:45212}
2019-09-26 16:03:25,914 [main] INFO  server.Server (Server.java:doStart(419)) - Started @5922ms
2019-09-26 16:03:25,914 [main] WARN  impl.MetricsSystemImpl (MetricsSystemImpl.java:register(276)) - Sink prometheus already exists!
2019-09-26 16:03:25,915 [main] INFO  server.BaseHttpServer (BaseHttpServer.java:updateConnectorAddress(215)) - HTTP server of HDDSDATANODE is listening at http://0.0.0.0:45212
2019-09-26 16:03:25,915 [main] INFO  impl.MetricsSystemImpl (MetricsSystemImpl.java:init(158)) - HddsDatanode metrics system started (again)
2019-09-26 16:03:25,919 [org.apache.hadoop.util.JvmPauseMonitor$Monitor@68c44d10] INFO  util.JvmPauseMonitor (JvmPauseMonitor.java:run(188)) - Starting JVM pause monitor
2019-09-26 16:03:25,920 [main] INFO  ozone.HddsDatanodeService (HddsDatanodeService.java:start(184)) - HddsDatanodeService host:pr-hdds-2162-htzpk-1451759861 ip:192.168.157.234
2019-09-26 16:03:25,923 [Datanode State Machine Thread - 0] INFO  datanode.InitDatanodeState (InitDatanodeState.java:persistContainerDatanodeDetails(140)) - DatanodeDetails is persisted to /workdir/hadoop-ozone/integration-test/target/test-dir/MiniOzoneClusterImpl-e6b3eac8-f257-4ae4-aa9d-4144be51a25f/datanode-5/meta/datanode.id
2019-09-26 16:03:25,929 [main] INFO  volume.HddsVolume (HddsVolume.java:<init>(176)) - Creating Volume: /workdir/hadoop-ozone/integration-test/target/test-dir/MiniOzoneClusterImpl-e6b3eac8-f257-4ae4-aa9d-4144be51a25f/datanode-6/data/containers/hdds of  storage type : DISK and capacity : 1482555576320
2019-09-26 16:03:25,929 [main] INFO  volume.VolumeSet (VolumeSet.java:initializeVolumeSet(170)) - Added Volume : /workdir/hadoop-ozone/integration-test/target/test-dir/MiniOzoneClusterImpl-e6b3eac8-f257-4ae4-aa9d-4144be51a25f/datanode-6/data/containers/hdds to VolumeSet
2019-09-26 16:03:25,929 [main] INFO  volume.ThrottledAsyncChecker (ThrottledAsyncChecker.java:schedule(139)) - Scheduling a check for org.apache.hadoop.ozone.container.common.volume.HddsVolume@7f5538a1
2019-09-26 16:03:25,930 [main] INFO  volume.HddsVolumeChecker (HddsVolumeChecker.java:checkAllVolumes(202)) - Scheduled health check for volume org.apache.hadoop.ozone.container.common.volume.HddsVolume@7f5538a1
2019-09-26 16:03:25,944 [main] INFO  impl.RaftServerProxy (ConfUtils.java:logGet(43)) - raft.rpc.type = GRPC (default)
2019-09-26 16:03:25,944 [main] INFO  grpc.GrpcFactory (GrpcFactory.java:checkPooledByteBufAllocatorUseCacheForAllThreads(45)) - PERFORMANCE WARNING: useCacheForAllThreads is true that may cause Netty to create a lot garbage objects and, as a result, trigger GC.
	It is recommended to disable useCacheForAllThreads by setting -Dorg.apache.ratis.thirdparty.io.netty.allocator.useCacheForAllThreads=false in command line.
2019-09-26 16:03:25,944 [main] INFO  grpc.GrpcConfigKeys$Server (ConfUtils.java:logGet(43)) - raft.grpc.server.port = 0 (default)
2019-09-26 16:03:25,944 [main] INFO  server.GrpcService (ConfUtils.java:logGet(43)) - raft.grpc.message.size.max = 33570816 (custom)
2019-09-26 16:03:25,945 [main] INFO  server.RaftServerConfigKeys (ConfUtils.java:logGet(43)) - raft.server.log.appender.buffer.byte-limit = 33554432 (custom)
2019-09-26 16:03:25,945 [main] INFO  server.GrpcService (ConfUtils.java:logGet(43)) - raft.grpc.flow.control.window = 1MB (=1048576) (default)
2019-09-26 16:03:25,945 [main] INFO  server.RaftServerConfigKeys (ConfUtils.java:logGet(43)) - raft.server.rpc.request.timeout = 3000ms (default)
2019-09-26 16:03:25,946 [main] INFO  server.RaftServerConfigKeys (ConfUtils.java:logGet(43)) - raft.server.storage.dir = [/workdir/hadoop-ozone/integration-test/target/test-dir/MiniOzoneClusterImpl-e6b3eac8-f257-4ae4-aa9d-4144be51a25f/datanode-6/data/ratis] (custom)
2019-09-26 16:03:25,947 [main] INFO  hdfs.DFSUtil (DFSUtil.java:httpServerTemplateForNNAndJN(1641)) - Starting Web-server for hddsDatanode at: http://0.0.0.0:0
2019-09-26 16:03:25,948 [main] INFO  server.AuthenticationFilter (AuthenticationFilter.java:constructSecretProvider(240)) - Unable to initialize FileSignerSecretProvider, falling back to use random secrets.
2019-09-26 16:03:25,949 [main] WARN  http.HttpRequestLog (HttpRequestLog.java:getRequestLog(97)) - Jetty request log can only be enabled using Log4j
2019-09-26 16:03:25,950 [main] INFO  http.HttpServer2 (HttpServer2.java:addGlobalFilter(975)) - Added global filter 'safety' (class=org.apache.hadoop.http.HttpServer2$QuotingInputFilter)
2019-09-26 16:03:25,951 [main] INFO  http.HttpServer2 (HttpServer2.java:addFilter(948)) - Added filter static_user_filter (class=org.apache.hadoop.http.lib.StaticUserWebFilter$StaticUserFilter) to context hddsDatanode
2019-09-26 16:03:25,951 [main] INFO  http.HttpServer2 (HttpServer2.java:addFilter(958)) - Added filter static_user_filter (class=org.apache.hadoop.http.lib.StaticUserWebFilter$StaticUserFilter) to context static
2019-09-26 16:03:25,951 [main] INFO  http.HttpServer2 (HttpServer2.java:addFilter(958)) - Added filter static_user_filter (class=org.apache.hadoop.http.lib.StaticUserWebFilter$StaticUserFilter) to context logs
2019-09-26 16:03:25,952 [main] INFO  http.HttpServer2 (HttpServer2.java:bindListener(1191)) - Jetty bound to port 39415
2019-09-26 16:03:25,952 [main] INFO  server.Server (Server.java:doStart(351)) - jetty-9.3.25.v20180904, build timestamp: 2018-09-04T21:11:46Z, git hash: 3ce520221d0240229c862b122d2b06c12a625732
2019-09-26 16:03:25,954 [main] INFO  handler.ContextHandler (ContextHandler.java:doStart(781)) - Started o.e.j.s.ServletContextHandler@58434b19{/logs,file:///workdir/hadoop-ozone/integration-test/target/log,AVAILABLE}
2019-09-26 16:03:25,954 [main] INFO  handler.ContextHandler (ContextHandler.java:doStart(781)) - Started o.e.j.s.ServletContextHandler@7dbe2ebf{/static,jar:file:/home/user/.m2/repository/org/apache/hadoop/hadoop-hdds-container-service/0.5.0-SNAPSHOT/hadoop-hdds-container-service-0.5.0-SNAPSHOT.jar!/webapps/static,AVAILABLE}
2019-09-26 16:03:25,982 [main] INFO  handler.ContextHandler (ContextHandler.java:doStart(781)) - Started o.e.j.w.WebAppContext@3c74aa0d{/,file:///tmp/jetty-0.0.0.0-39415-hddsDatanode-_-any-2809970099300249882.dir/webapp/,AVAILABLE}{/hddsDatanode}
2019-09-26 16:03:25,983 [main] INFO  server.AbstractConnector (AbstractConnector.java:doStart(278)) - Started ServerConnector@6c841199{HTTP/1.1,[http/1.1]}{0.0.0.0:39415}
2019-09-26 16:03:25,984 [main] INFO  server.Server (Server.java:doStart(419)) - Started @5992ms
2019-09-26 16:03:25,984 [main] WARN  impl.MetricsSystemImpl (MetricsSystemImpl.java:register(276)) - Sink prometheus already exists!
2019-09-26 16:03:25,985 [main] INFO  server.BaseHttpServer (BaseHttpServer.java:updateConnectorAddress(215)) - HTTP server of HDDSDATANODE is listening at http://0.0.0.0:39415
2019-09-26 16:03:25,987 [main] INFO  ozone.MiniOzoneClusterImpl (MiniOzoneClusterImpl.java:lambda$waitForClusterToBeReady$0(147)) - Waiting for cluster to be ready. Got 0 of 7 DN Heartbeats.
2019-09-26 16:03:25,988 [org.apache.hadoop.util.JvmPauseMonitor$Monitor@7ea8c1a7] INFO  util.JvmPauseMonitor (JvmPauseMonitor.java:run(188)) - Starting JVM pause monitor
2019-09-26 16:03:25,991 [Datanode State Machine Thread - 0] INFO  datanode.InitDatanodeState (InitDatanodeState.java:persistContainerDatanodeDetails(140)) - DatanodeDetails is persisted to /workdir/hadoop-ozone/integration-test/target/test-dir/MiniOzoneClusterImpl-e6b3eac8-f257-4ae4-aa9d-4144be51a25f/datanode-6/meta/datanode.id
2019-09-26 16:03:26,988 [main] INFO  ozone.MiniOzoneClusterImpl (MiniOzoneClusterImpl.java:lambda$waitForClusterToBeReady$0(147)) - Waiting for cluster to be ready. Got 0 of 7 DN Heartbeats.
2019-09-26 16:03:27,576 [Datanode State Machine Thread - 0] INFO  ozoneimpl.OzoneContainer (OzoneContainer.java:start(217)) - Attempting to start container services.
2019-09-26 16:03:27,581 [Datanode State Machine Thread - 0] INFO  ozoneimpl.OzoneContainer (OzoneContainer.java:startContainerScrub(179)) - Background container scanner has been disabled.
2019-09-26 16:03:27,581 [Datanode State Machine Thread - 0] INFO  ratis.XceiverServerRatis (XceiverServerRatis.java:start(411)) - Starting XceiverServerRatis 48de5d4d-80aa-4db3-8305-07d8969acec5 at port 0
2019-09-26 16:03:27,613 [Datanode State Machine Thread - 0] INFO  impl.RaftServerProxy (RaftServerProxy.java:lambda$start$3(299)) - 48de5d4d-80aa-4db3-8305-07d8969acec5: start RPC server
2019-09-26 16:03:27,614 [Datanode State Machine Thread - 0] INFO  ozoneimpl.OzoneContainer (OzoneContainer.java:start(217)) - Attempting to start container services.
2019-09-26 16:03:27,621 [Datanode State Machine Thread - 0] INFO  ozoneimpl.OzoneContainer (OzoneContainer.java:startContainerScrub(179)) - Background container scanner has been disabled.
2019-09-26 16:03:27,622 [Datanode State Machine Thread - 0] INFO  ratis.XceiverServerRatis (XceiverServerRatis.java:start(411)) - Starting XceiverServerRatis 947c5801-1794-4fdd-a08d-28b892c7eaef at port 0
2019-09-26 16:03:27,634 [Datanode State Machine Thread - 0] INFO  impl.RaftServerProxy (RaftServerProxy.java:lambda$start$3(299)) - 947c5801-1794-4fdd-a08d-28b892c7eaef: start RPC server
2019-09-26 16:03:27,694 [Datanode State Machine Thread - 0] INFO  ozoneimpl.OzoneContainer (OzoneContainer.java:start(217)) - Attempting to start container services.
2019-09-26 16:03:27,698 [Datanode State Machine Thread - 0] INFO  ozoneimpl.OzoneContainer (OzoneContainer.java:startContainerScrub(179)) - Background container scanner has been disabled.
2019-09-26 16:03:27,699 [Datanode State Machine Thread - 0] INFO  ratis.XceiverServerRatis (XceiverServerRatis.java:start(411)) - Starting XceiverServerRatis 89ab1f74-7e20-414f-8e85-0b96306ed4b0 at port 0
2019-09-26 16:03:27,710 [Datanode State Machine Thread - 0] INFO  impl.RaftServerProxy (RaftServerProxy.java:lambda$start$3(299)) - 89ab1f74-7e20-414f-8e85-0b96306ed4b0: start RPC server
2019-09-26 16:03:27,776 [Datanode State Machine Thread - 0] INFO  ozoneimpl.OzoneContainer (OzoneContainer.java:start(217)) - Attempting to start container services.
2019-09-26 16:03:27,776 [Datanode State Machine Thread - 0] INFO  ozoneimpl.OzoneContainer (OzoneContainer.java:startContainerScrub(179)) - Background container scanner has been disabled.
2019-09-26 16:03:27,777 [Datanode State Machine Thread - 0] INFO  ratis.XceiverServerRatis (XceiverServerRatis.java:start(411)) - Starting XceiverServerRatis 147c816b-a366-4aae-aa7b-87981ba2da73 at port 0
2019-09-26 16:03:27,786 [Datanode State Machine Thread - 0] INFO  server.GrpcService (GrpcService.java:startImpl(158)) - 48de5d4d-80aa-4db3-8305-07d8969acec5: GrpcService started, listening on 0.0.0.0/0.0.0.0:43656
2019-09-26 16:03:27,786 [Datanode State Machine Thread - 0] INFO  server.GrpcService (GrpcService.java:startImpl(158)) - 89ab1f74-7e20-414f-8e85-0b96306ed4b0: GrpcService started, listening on 0.0.0.0/0.0.0.0:36984
2019-09-26 16:03:27,786 [Datanode State Machine Thread - 0] INFO  server.GrpcService (GrpcService.java:startImpl(158)) - 947c5801-1794-4fdd-a08d-28b892c7eaef: GrpcService started, listening on 0.0.0.0/0.0.0.0:33746
2019-09-26 16:03:27,788 [Datanode State Machine Thread - 0] INFO  ratis.XceiverServerRatis (XceiverServerRatis.java:start(421)) - XceiverServerRatis 89ab1f74-7e20-414f-8e85-0b96306ed4b0 is started using port 36984
2019-09-26 16:03:27,788 [Datanode State Machine Thread - 0] INFO  ratis.XceiverServerRatis (XceiverServerRatis.java:start(421)) - XceiverServerRatis 48de5d4d-80aa-4db3-8305-07d8969acec5 is started using port 43656
2019-09-26 16:03:27,788 [Datanode State Machine Thread - 0] INFO  ratis.XceiverServerRatis (XceiverServerRatis.java:start(421)) - XceiverServerRatis 947c5801-1794-4fdd-a08d-28b892c7eaef is started using port 33746
2019-09-26 16:03:27,797 [Datanode State Machine Thread - 0] INFO  impl.RaftServerProxy (RaftServerProxy.java:lambda$start$3(299)) - 147c816b-a366-4aae-aa7b-87981ba2da73: start RPC server
2019-09-26 16:03:27,797 [Datanode State Machine Thread - 0] INFO  server.XceiverServerGrpc (XceiverServerGrpc.java:start(149)) - XceiverServerGrpc 947c5801-1794-4fdd-a08d-28b892c7eaef is started using port 34000
2019-09-26 16:03:27,797 [Datanode State Machine Thread - 0] INFO  server.XceiverServerGrpc (XceiverServerGrpc.java:start(149)) - XceiverServerGrpc 48de5d4d-80aa-4db3-8305-07d8969acec5 is started using port 36496
2019-09-26 16:03:27,797 [Datanode State Machine Thread - 0] INFO  server.XceiverServerGrpc (XceiverServerGrpc.java:start(149)) - XceiverServerGrpc 89ab1f74-7e20-414f-8e85-0b96306ed4b0 is started using port 35161
2019-09-26 16:03:27,801 [Datanode State Machine Thread - 0] INFO  server.GrpcService (GrpcService.java:startImpl(158)) - 147c816b-a366-4aae-aa7b-87981ba2da73: GrpcService started, listening on 0.0.0.0/0.0.0.0:33171
2019-09-26 16:03:27,801 [Datanode State Machine Thread - 0] INFO  ratis.XceiverServerRatis (XceiverServerRatis.java:start(421)) - XceiverServerRatis 147c816b-a366-4aae-aa7b-87981ba2da73 is started using port 33171
2019-09-26 16:03:27,804 [Datanode State Machine Thread - 0] INFO  server.XceiverServerGrpc (XceiverServerGrpc.java:start(149)) - XceiverServerGrpc 147c816b-a366-4aae-aa7b-87981ba2da73 is started using port 43345
2019-09-26 16:03:27,852 [Datanode State Machine Thread - 0] INFO  ozoneimpl.OzoneContainer (OzoneContainer.java:start(217)) - Attempting to start container services.
2019-09-26 16:03:27,852 [Datanode State Machine Thread - 0] INFO  ozoneimpl.OzoneContainer (OzoneContainer.java:startContainerScrub(179)) - Background container scanner has been disabled.
2019-09-26 16:03:27,853 [Datanode State Machine Thread - 0] INFO  ratis.XceiverServerRatis (XceiverServerRatis.java:start(411)) - Starting XceiverServerRatis 62842ba7-8c68-4127-a44e-55d7d7ab4342 at port 0
2019-09-26 16:03:27,864 [Datanode State Machine Thread - 0] INFO  impl.RaftServerProxy (RaftServerProxy.java:lambda$start$3(299)) - 62842ba7-8c68-4127-a44e-55d7d7ab4342: start RPC server
2019-09-26 16:03:27,868 [Datanode State Machine Thread - 0] INFO  server.GrpcService (GrpcService.java:startImpl(158)) - 62842ba7-8c68-4127-a44e-55d7d7ab4342: GrpcService started, listening on 0.0.0.0/0.0.0.0:34781
2019-09-26 16:03:27,868 [Datanode State Machine Thread - 0] INFO  ratis.XceiverServerRatis (XceiverServerRatis.java:start(421)) - XceiverServerRatis 62842ba7-8c68-4127-a44e-55d7d7ab4342 is started using port 34781
2019-09-26 16:03:27,872 [Datanode State Machine Thread - 0] INFO  server.XceiverServerGrpc (XceiverServerGrpc.java:start(149)) - XceiverServerGrpc 62842ba7-8c68-4127-a44e-55d7d7ab4342 is started using port 34929
2019-09-26 16:03:27,936 [Datanode State Machine Thread - 0] INFO  ozoneimpl.OzoneContainer (OzoneContainer.java:start(217)) - Attempting to start container services.
2019-09-26 16:03:27,937 [Datanode State Machine Thread - 0] INFO  ozoneimpl.OzoneContainer (OzoneContainer.java:startContainerScrub(179)) - Background container scanner has been disabled.
2019-09-26 16:03:27,937 [Datanode State Machine Thread - 0] INFO  ratis.XceiverServerRatis (XceiverServerRatis.java:start(411)) - Starting XceiverServerRatis fec3750d-6dc3-4624-a01f-e7799a846917 at port 0
2019-09-26 16:03:27,947 [Datanode State Machine Thread - 0] INFO  impl.RaftServerProxy (RaftServerProxy.java:lambda$start$3(299)) - fec3750d-6dc3-4624-a01f-e7799a846917: start RPC server
2019-09-26 16:03:27,951 [Datanode State Machine Thread - 0] INFO  server.GrpcService (GrpcService.java:startImpl(158)) - fec3750d-6dc3-4624-a01f-e7799a846917: GrpcService started, listening on 0.0.0.0/0.0.0.0:44292
2019-09-26 16:03:27,952 [Datanode State Machine Thread - 0] INFO  ratis.XceiverServerRatis (XceiverServerRatis.java:start(421)) - XceiverServerRatis fec3750d-6dc3-4624-a01f-e7799a846917 is started using port 44292
2019-09-26 16:03:27,956 [Datanode State Machine Thread - 0] INFO  server.XceiverServerGrpc (XceiverServerGrpc.java:start(149)) - XceiverServerGrpc fec3750d-6dc3-4624-a01f-e7799a846917 is started using port 35209
2019-09-26 16:03:27,990 [main] INFO  ozone.MiniOzoneClusterImpl (MiniOzoneClusterImpl.java:lambda$waitForClusterToBeReady$0(147)) - Waiting for cluster to be ready. Got 0 of 7 DN Heartbeats.
2019-09-26 16:03:28,005 [Datanode State Machine Thread - 0] INFO  ozoneimpl.OzoneContainer (OzoneContainer.java:start(217)) - Attempting to start container services.
2019-09-26 16:03:28,006 [Datanode State Machine Thread - 0] INFO  ozoneimpl.OzoneContainer (OzoneContainer.java:startContainerScrub(179)) - Background container scanner has been disabled.
2019-09-26 16:03:28,006 [Datanode State Machine Thread - 0] INFO  ratis.XceiverServerRatis (XceiverServerRatis.java:start(411)) - Starting XceiverServerRatis 52409454-a635-4025-bc64-a21ce237eab6 at port 0
2019-09-26 16:03:28,014 [Datanode State Machine Thread - 0] INFO  impl.RaftServerProxy (RaftServerProxy.java:lambda$start$3(299)) - 52409454-a635-4025-bc64-a21ce237eab6: start RPC server
2019-09-26 16:03:28,018 [Datanode State Machine Thread - 0] INFO  server.GrpcService (GrpcService.java:startImpl(158)) - 52409454-a635-4025-bc64-a21ce237eab6: GrpcService started, listening on 0.0.0.0/0.0.0.0:35565
2019-09-26 16:03:28,018 [Datanode State Machine Thread - 0] INFO  ratis.XceiverServerRatis (XceiverServerRatis.java:start(421)) - XceiverServerRatis 52409454-a635-4025-bc64-a21ce237eab6 is started using port 35565
2019-09-26 16:03:28,022 [Datanode State Machine Thread - 0] INFO  server.XceiverServerGrpc (XceiverServerGrpc.java:start(149)) - XceiverServerGrpc 52409454-a635-4025-bc64-a21ce237eab6 is started using port 33598
2019-09-26 16:03:28,991 [main] INFO  ozone.MiniOzoneClusterImpl (MiniOzoneClusterImpl.java:lambda$waitForClusterToBeReady$0(147)) - Waiting for cluster to be ready. Got 0 of 7 DN Heartbeats.
2019-09-26 16:03:29,536 [IPC Server handler 6 on 45277] INFO  net.NetworkTopology (NetworkTopologyImpl.java:add(111)) - Added a new node: /default-rack/48de5d4d-80aa-4db3-8305-07d8969acec5
2019-09-26 16:03:29,537 [IPC Server handler 6 on 45277] INFO  node.SCMNodeManager (SCMNodeManager.java:register(266)) - Registered Data node : 48de5d4d-80aa-4db3-8305-07d8969acec5{ip: 192.168.157.234, host: pr-hdds-2162-htzpk-1451759861, networkLocation: /default-rack, certSerialId: null}
2019-09-26 16:03:29,543 [EventQueue-NodeRegistrationContainerReportForDataNodeSafeModeRule] INFO  safemode.SCMSafeModeManager (DataNodeSafeModeRule.java:process(71)) - SCM in safe mode. 1 DataNodes registered, 1 required.
2019-09-26 16:03:29,543 [EventQueue-NodeRegistrationContainerReportForDataNodeSafeModeRule] INFO  safemode.SCMSafeModeManager (SCMSafeModeManager.java:validateSafeModeExitRules(177)) - ScmSafeModeManager, all rules are successfully validated
2019-09-26 16:03:29,544 [EventQueue-NodeRegistrationContainerReportForDataNodeSafeModeRule] INFO  safemode.SCMSafeModeManager (SCMSafeModeManager.java:exitSafeMode(193)) - SCM exiting safe mode.
2019-09-26 16:03:29,600 [IPC Server handler 5 on 45277] INFO  net.NetworkTopology (NetworkTopologyImpl.java:add(111)) - Added a new node: /default-rack/947c5801-1794-4fdd-a08d-28b892c7eaef
2019-09-26 16:03:29,600 [IPC Server handler 5 on 45277] INFO  node.SCMNodeManager (SCMNodeManager.java:register(266)) - Registered Data node : 947c5801-1794-4fdd-a08d-28b892c7eaef{ip: 192.168.157.234, host: pr-hdds-2162-htzpk-1451759861, networkLocation: /default-rack, certSerialId: null}
2019-09-26 16:03:29,681 [IPC Server handler 2 on 45277] INFO  net.NetworkTopology (NetworkTopologyImpl.java:add(111)) - Added a new node: /default-rack/89ab1f74-7e20-414f-8e85-0b96306ed4b0
2019-09-26 16:03:29,681 [IPC Server handler 2 on 45277] INFO  node.SCMNodeManager (SCMNodeManager.java:register(266)) - Registered Data node : 89ab1f74-7e20-414f-8e85-0b96306ed4b0{ip: 192.168.157.234, host: pr-hdds-2162-htzpk-1451759861, networkLocation: /default-rack, certSerialId: null}
2019-09-26 16:03:29,756 [IPC Server handler 3 on 45277] INFO  net.NetworkTopology (NetworkTopologyImpl.java:add(111)) - Added a new node: /default-rack/147c816b-a366-4aae-aa7b-87981ba2da73
2019-09-26 16:03:29,756 [IPC Server handler 3 on 45277] INFO  node.SCMNodeManager (SCMNodeManager.java:register(266)) - Registered Data node : 147c816b-a366-4aae-aa7b-87981ba2da73{ip: 192.168.157.234, host: pr-hdds-2162-htzpk-1451759861, networkLocation: /default-rack, certSerialId: null}
2019-09-26 16:03:29,848 [IPC Server handler 1 on 45277] INFO  net.NetworkTopology (NetworkTopologyImpl.java:add(111)) - Added a new node: /default-rack/62842ba7-8c68-4127-a44e-55d7d7ab4342
2019-09-26 16:03:29,848 [IPC Server handler 1 on 45277] INFO  node.SCMNodeManager (SCMNodeManager.java:register(266)) - Registered Data node : 62842ba7-8c68-4127-a44e-55d7d7ab4342{ip: 192.168.157.234, host: pr-hdds-2162-htzpk-1451759861, networkLocation: /default-rack, certSerialId: null}
2019-09-26 16:03:29,923 [IPC Server handler 4 on 45277] INFO  net.NetworkTopology (NetworkTopologyImpl.java:add(111)) - Added a new node: /default-rack/fec3750d-6dc3-4624-a01f-e7799a846917
2019-09-26 16:03:29,923 [IPC Server handler 4 on 45277] INFO  node.SCMNodeManager (SCMNodeManager.java:register(266)) - Registered Data node : fec3750d-6dc3-4624-a01f-e7799a846917{ip: 192.168.157.234, host: pr-hdds-2162-htzpk-1451759861, networkLocation: /default-rack, certSerialId: null}
2019-09-26 16:03:29,992 [main] INFO  ozone.MiniOzoneClusterImpl (MiniOzoneClusterImpl.java:lambda$waitForClusterToBeReady$0(147)) - Cluster is ready. Got 7 of 7 DN Heartbeats.
2019-09-26 16:03:29,992 [IPC Server handler 6 on 45277] INFO  net.NetworkTopology (NetworkTopologyImpl.java:add(111)) - Added a new node: /default-rack/52409454-a635-4025-bc64-a21ce237eab6
2019-09-26 16:03:29,992 [IPC Server handler 6 on 45277] INFO  node.SCMNodeManager (SCMNodeManager.java:register(266)) - Registered Data node : 52409454-a635-4025-bc64-a21ce237eab6{ip: 192.168.157.234, host: pr-hdds-2162-htzpk-1451759861, networkLocation: /default-rack, certSerialId: null}
2019-09-26 16:03:30,118 [grpc-default-executor-0] INFO  impl.RaftServerProxy (RaftServerProxy.java:addNew(89)) - 48de5d4d-80aa-4db3-8305-07d8969acec5: addNew group-86775A4A74EF:[48de5d4d-80aa-4db3-8305-07d8969acec5:192.168.157.234:43656] returns group-86775A4A74EF:java.util.concurrent.CompletableFuture@4c815ed[Not completed]
2019-09-26 16:03:30,133 [pool-27-thread-1] INFO  impl.RaftServerImpl (RaftServerImpl.java:<init>(95)) - 48de5d4d-80aa-4db3-8305-07d8969acec5: new RaftServerImpl for group-86775A4A74EF:[48de5d4d-80aa-4db3-8305-07d8969acec5:192.168.157.234:43656] with ContainerStateMachine:uninitialized
2019-09-26 16:03:30,135 [pool-27-thread-1] INFO  server.RaftServerConfigKeys (ConfUtils.java:logGet(43)) - raft.server.rpc.timeout.min = 5s (custom)
2019-09-26 16:03:30,138 [pool-27-thread-1] INFO  server.RaftServerConfigKeys (ConfUtils.java:logGet(43)) - raft.server.rpc.timeout.max = 5200ms (custom)
2019-09-26 16:03:30,138 [pool-27-thread-1] INFO  server.RaftServerConfigKeys (ConfUtils.java:logGet(43)) - raft.server.rpcslowness.timeout = 120s (custom)
2019-09-26 16:03:30,139 [pool-27-thread-1] INFO  server.RaftServerConfigKeys (ConfUtils.java:logGet(43)) - raft.server.sleep.deviation.threshold = 300 (default)
2019-09-26 16:03:30,140 [pool-27-thread-1] INFO  server.RaftServerConfigKeys (ConfUtils.java:logGet(43)) - raft.server.log.appender.install.snapshot.enabled = false (custom)
2019-09-26 16:03:30,149 [pool-27-thread-1] INFO  impl.RaftServerImpl (ServerState.java:<init>(103)) - 48de5d4d-80aa-4db3-8305-07d8969acec5@group-86775A4A74EF: ConfigurationManager, init=-1: [48de5d4d-80aa-4db3-8305-07d8969acec5:192.168.157.234:43656], old=null, confs=<EMPTY_MAP>
2019-09-26 16:03:30,149 [pool-27-thread-1] INFO  server.RaftServerConfigKeys (ConfUtils.java:logGet(43)) - raft.server.storage.dir = [/workdir/hadoop-ozone/integration-test/target/test-dir/MiniOzoneClusterImpl-e6b3eac8-f257-4ae4-aa9d-4144be51a25f/datanode-0/data/ratis] (custom)
2019-09-26 16:03:30,157 [pool-27-thread-1] INFO  storage.RaftStorageDirectory (RaftStorageDirectory.java:analyzeStorage(246)) - The storage directory /workdir/hadoop-ozone/integration-test/target/test-dir/MiniOzoneClusterImpl-e6b3eac8-f257-4ae4-aa9d-4144be51a25f/datanode-0/data/ratis/2e33c9fe-4b35-4008-ace8-86775a4a74ef does not exist. Creating ...
2019-09-26 16:03:30,176 [pool-27-thread-1] INFO  storage.RaftStorageDirectory (RaftStorageDirectory.java:tryLock(328)) - Lock on /workdir/hadoop-ozone/integration-test/target/test-dir/MiniOzoneClusterImpl-e6b3eac8-f257-4ae4-aa9d-4144be51a25f/datanode-0/data/ratis/2e33c9fe-4b35-4008-ace8-86775a4a74ef/in_use.lock acquired by nodename 31074@pr-hdds-2162-htzpk-1451759861
2019-09-26 16:03:30,193 [pool-27-thread-1] INFO  storage.RaftStorage (RaftStorage.java:format(72)) - Storage directory /workdir/hadoop-ozone/integration-test/target/test-dir/MiniOzoneClusterImpl-e6b3eac8-f257-4ae4-aa9d-4144be51a25f/datanode-0/data/ratis/2e33c9fe-4b35-4008-ace8-86775a4a74ef has been successfully formatted.
2019-09-26 16:03:30,196 [pool-27-thread-1] INFO  ratis.ContainerStateMachine (ContainerStateMachine.java:loadSnapshot(230)) - group-86775A4A74EF: The snapshot info is null. Setting the last applied indexto:(t:0, i:~)
2019-09-26 16:03:30,197 [pool-27-thread-1] INFO  server.RaftServerConfigKeys (ConfUtils.java:logGet(43)) - raft.server.notification.no-leader.timeout = 120s (custom)
2019-09-26 16:03:30,200 [pool-27-thread-1] INFO  server.RaftServerConfigKeys (ConfUtils.java:logGet(43)) - raft.server.log.use.memory = false (default)
2019-09-26 16:03:30,209 [pool-27-thread-1] INFO  server.RaftServerConfigKeys (ConfUtils.java:logGet(43)) - raft.server.log.purge.gap = 1000000 (custom)
2019-09-26 16:03:30,209 [pool-27-thread-1] INFO  server.RaftServerConfigKeys (ConfUtils.java:logGet(43)) - raft.server.log.appender.buffer.byte-limit = 33554432 (custom)
2019-09-26 16:03:30,212 [pool-27-thread-1] INFO  server.RaftServerConfigKeys (ConfUtils.java:logGet(43)) - raft.server.log.segment.size.max = 1048576 (custom)
2019-09-26 16:03:30,219 [pool-27-thread-1] INFO  server.RaftServerConfigKeys (ConfUtils.java:logGet(43)) - raft.server.log.segment.cache.num.max = 2 (custom)
2019-09-26 16:03:30,226 [pool-27-thread-1] INFO  segmented.SegmentedRaftLogWorker (SegmentedRaftLogWorker.java:<init>(172)) - new 48de5d4d-80aa-4db3-8305-07d8969acec5@group-86775A4A74EF-SegmentedRaftLogWorker for RaftStorage:Storage Directory /workdir/hadoop-ozone/integration-test/target/test-dir/MiniOzoneClusterImpl-e6b3eac8-f257-4ae4-aa9d-4144be51a25f/datanode-0/data/ratis/2e33c9fe-4b35-4008-ace8-86775a4a74ef
2019-09-26 16:03:30,228 [pool-27-thread-1] INFO  impl.MetricsSystemImpl (MetricsSystemImpl.java:init(158)) - ratis metrics system started (again)
2019-09-26 16:03:30,236 [pool-27-thread-1] INFO  metrics.MetricRegistries (MetricRegistriesLoader.java:load(64)) - Loaded MetricRegistries class org.apache.ratis.metrics.impl.MetricRegistriesImpl
2019-09-26 16:03:30,271 [pool-27-thread-1] INFO  server.RaftServerConfigKeys (ConfUtils.java:logGet(43)) - raft.server.log.queue.byte-limit = 2147483647 (custom)
2019-09-26 16:03:30,272 [pool-27-thread-1] INFO  server.RaftServerConfigKeys (ConfUtils.java:logGet(43)) - raft.server.log.queue.element-limit = 1024 (custom)
2019-09-26 16:03:30,275 [pool-27-thread-1] INFO  server.RaftServerConfigKeys (ConfUtils.java:logGet(43)) - raft.server.log.segment.size.max = 1048576 (custom)
2019-09-26 16:03:30,276 [pool-27-thread-1] INFO  server.RaftServerConfigKeys (ConfUtils.java:logGet(43)) - raft.server.log.preallocated.size = 16384 (custom)
2019-09-26 16:03:30,276 [pool-27-thread-1] INFO  server.RaftServerConfigKeys (ConfUtils.java:logGet(43)) - raft.server.log.write.buffer.size = 33554432 (custom)
2019-09-26 16:03:30,277 [pool-27-thread-1] INFO  server.RaftServerConfigKeys (ConfUtils.java:logGet(43)) - raft.server.log.force.sync.num = 128 (default)
2019-09-26 16:03:30,278 [pool-27-thread-1] INFO  server.RaftServerConfigKeys (ConfUtils.java:logGet(43)) - raft.server.log.statemachine.data.sync = true (default)
2019-09-26 16:03:30,278 [pool-27-thread-1] INFO  server.RaftServerConfigKeys (ConfUtils.java:logGet(43)) - raft.server.log.statemachine.data.sync.timeout = 10s (default)
2019-09-26 16:03:30,278 [pool-27-thread-1] INFO  server.RaftServerConfigKeys (ConfUtils.java:logGet(43)) - raft.server.log.statemachine.data.sync.timeout.retry = -1 (default)
2019-09-26 16:03:30,288 [pool-27-thread-1] INFO  server.RaftServerConfigKeys (ConfUtils.java:logGet(43)) - raft.server.log.statemachine.data.caching.enabled = true (custom)
2019-09-26 16:03:30,293 [pool-27-thread-1] INFO  segmented.SegmentedRaftLogWorker (SegmentedRaftLogWorker.java:lambda$new$0(132)) - 48de5d4d-80aa-4db3-8305-07d8969acec5@group-86775A4A74EF-SegmentedRaftLogWorker: flushIndex: setUnconditionally 0 -> -1
2019-09-26 16:03:30,297 [pool-27-thread-1] INFO  server.RaftServerConfigKeys (ConfUtils.java:logGet(43)) - raft.server.snapshot.auto.trigger.enabled = true (custom)
2019-09-26 16:03:30,298 [pool-27-thread-1] INFO  server.RaftServerConfigKeys (ConfUtils.java:logGet(43)) - raft.server.snapshot.auto.trigger.threshold = 10000 (custom)
2019-09-26 16:03:30,299 [pool-27-thread-1] INFO  server.RaftServerConfigKeys (ConfUtils.java:logGet(43)) - raft.server.snapshot.retention.num.files = 5 (custom)
2019-09-26 16:03:30,299 [pool-27-thread-1] INFO  server.RaftServerConfigKeys (ConfUtils.java:logGet(43)) - raft.server.retrycache.expirytime = 600000ms (custom)
2019-09-26 16:03:30,326 [pool-27-thread-1] INFO  impl.RaftServerImpl (RaftServerImpl.java:start(185)) - 48de5d4d-80aa-4db3-8305-07d8969acec5@group-86775A4A74EF: start as a follower, conf=-1: [48de5d4d-80aa-4db3-8305-07d8969acec5:192.168.157.234:43656], old=null
2019-09-26 16:03:30,327 [pool-27-thread-1] INFO  impl.RaftServerImpl (RaftServerImpl.java:setRole(174)) - 48de5d4d-80aa-4db3-8305-07d8969acec5@group-86775A4A74EF: changes role from      null to FOLLOWER at term 0 for startAsFollower
2019-09-26 16:03:30,329 [pool-27-thread-1] INFO  impl.RoleInfo (RoleInfo.java:updateAndGet(143)) - 48de5d4d-80aa-4db3-8305-07d8969acec5: start FollowerState
2019-09-26 16:03:30,330 [pool-27-thread-1] INFO  util.JmxRegister (JmxRegister.java:tryRegister(44)) - Successfully registered JMX Bean with object name Ratis:service=RaftServer,group=group-86775A4A74EF,id=48de5d4d-80aa-4db3-8305-07d8969acec5
2019-09-26 16:03:30,399 [RatisPipelineUtilsThread] INFO  pipeline.PipelineStateManager (PipelineStateManager.java:addPipeline(56)) - Created pipeline Pipeline[ Id: 2e33c9fe-4b35-4008-ace8-86775a4a74ef, Nodes: 48de5d4d-80aa-4db3-8305-07d8969acec5{ip: 192.168.157.234, host: pr-hdds-2162-htzpk-1451759861, networkLocation: /default-rack, certSerialId: null}, Type:RATIS, Factor:ONE, State:OPEN]
2019-09-26 16:03:30,430 [grpc-default-executor-0] INFO  impl.RaftServerProxy (RaftServerProxy.java:addNew(89)) - 947c5801-1794-4fdd-a08d-28b892c7eaef: addNew group-DE4BCCD1B3BF:[947c5801-1794-4fdd-a08d-28b892c7eaef:192.168.157.234:33746] returns group-DE4BCCD1B3BF:java.util.concurrent.CompletableFuture@35791eb0[Not completed]
2019-09-26 16:03:30,501 [pool-37-thread-1] INFO  impl.RaftServerImpl (RaftServerImpl.java:<init>(95)) - 947c5801-1794-4fdd-a08d-28b892c7eaef: new RaftServerImpl for group-DE4BCCD1B3BF:[947c5801-1794-4fdd-a08d-28b892c7eaef:192.168.157.234:33746] with ContainerStateMachine:uninitialized
2019-09-26 16:03:30,502 [pool-37-thread-1] INFO  server.RaftServerConfigKeys (ConfUtils.java:logGet(43)) - raft.server.rpc.timeout.min = 5s (custom)
2019-09-26 16:03:30,503 [pool-37-thread-1] INFO  server.RaftServerConfigKeys (ConfUtils.java:logGet(43)) - raft.server.rpc.timeout.max = 5200ms (custom)
2019-09-26 16:03:30,503 [pool-37-thread-1] INFO  server.RaftServerConfigKeys (ConfUtils.java:logGet(43)) - raft.server.rpcslowness.timeout = 120s (custom)
2019-09-26 16:03:30,503 [pool-37-thread-1] INFO  server.RaftServerConfigKeys (ConfUtils.java:logGet(43)) - raft.server.sleep.deviation.threshold = 300 (default)
2019-09-26 16:03:30,503 [pool-37-thread-1] INFO  server.RaftServerConfigKeys (ConfUtils.java:logGet(43)) - raft.server.log.appender.install.snapshot.enabled = false (custom)
2019-09-26 16:03:30,503 [pool-37-thread-1] INFO  impl.RaftServerImpl (ServerState.java:<init>(103)) - 947c5801-1794-4fdd-a08d-28b892c7eaef@group-DE4BCCD1B3BF: ConfigurationManager, init=-1: [947c5801-1794-4fdd-a08d-28b892c7eaef:192.168.157.234:33746], old=null, confs=<EMPTY_MAP>
2019-09-26 16:03:30,504 [pool-37-thread-1] INFO  server.RaftServerConfigKeys (ConfUtils.java:logGet(43)) - raft.server.storage.dir = [/workdir/hadoop-ozone/integration-test/target/test-dir/MiniOzoneClusterImpl-e6b3eac8-f257-4ae4-aa9d-4144be51a25f/datanode-1/data/ratis] (custom)
2019-09-26 16:03:30,504 [pool-37-thread-1] INFO  storage.RaftStorageDirectory (RaftStorageDirectory.java:analyzeStorage(246)) - The storage directory /workdir/hadoop-ozone/integration-test/target/test-dir/MiniOzoneClusterImpl-e6b3eac8-f257-4ae4-aa9d-4144be51a25f/datanode-1/data/ratis/34c4b974-58af-4af8-b5bf-de4bccd1b3bf does not exist. Creating ...
2019-09-26 16:03:30,520 [pool-37-thread-1] INFO  storage.RaftStorageDirectory (RaftStorageDirectory.java:tryLock(328)) - Lock on /workdir/hadoop-ozone/integration-test/target/test-dir/MiniOzoneClusterImpl-e6b3eac8-f257-4ae4-aa9d-4144be51a25f/datanode-1/data/ratis/34c4b974-58af-4af8-b5bf-de4bccd1b3bf/in_use.lock acquired by nodename 31074@pr-hdds-2162-htzpk-1451759861
2019-09-26 16:03:30,533 [pool-37-thread-1] INFO  storage.RaftStorage (RaftStorage.java:format(72)) - Storage directory /workdir/hadoop-ozone/integration-test/target/test-dir/MiniOzoneClusterImpl-e6b3eac8-f257-4ae4-aa9d-4144be51a25f/datanode-1/data/ratis/34c4b974-58af-4af8-b5bf-de4bccd1b3bf has been successfully formatted.
2019-09-26 16:03:30,536 [pool-37-thread-1] INFO  ratis.ContainerStateMachine (ContainerStateMachine.java:loadSnapshot(230)) - group-DE4BCCD1B3BF: The snapshot info is null. Setting the last applied indexto:(t:0, i:~)
2019-09-26 16:03:30,538 [pool-37-thread-1] INFO  server.RaftServerConfigKeys (ConfUtils.java:logGet(43)) - raft.server.notification.no-leader.timeout = 120s (custom)
2019-09-26 16:03:30,538 [pool-37-thread-1] INFO  server.RaftServerConfigKeys (ConfUtils.java:logGet(43)) - raft.server.log.use.memory = false (default)
2019-09-26 16:03:30,538 [pool-37-thread-1] INFO  server.RaftServerConfigKeys (ConfUtils.java:logGet(43)) - raft.server.log.purge.gap = 1000000 (custom)
2019-09-26 16:03:30,539 [pool-37-thread-1] INFO  server.RaftServerConfigKeys (ConfUtils.java:logGet(43)) - raft.server.log.appender.buffer.byte-limit = 33554432 (custom)
2019-09-26 16:03:30,539 [pool-37-thread-1] INFO  server.RaftServerConfigKeys (ConfUtils.java:logGet(43)) - raft.server.log.segment.size.max = 1048576 (custom)
2019-09-26 16:03:30,539 [pool-37-thread-1] INFO  server.RaftServerConfigKeys (ConfUtils.java:logGet(43)) - raft.server.log.segment.cache.num.max = 2 (custom)
2019-09-26 16:03:30,539 [pool-37-thread-1] INFO  segmented.SegmentedRaftLogWorker (SegmentedRaftLogWorker.java:<init>(172)) - new 947c5801-1794-4fdd-a08d-28b892c7eaef@group-DE4BCCD1B3BF-SegmentedRaftLogWorker for RaftStorage:Storage Directory /workdir/hadoop-ozone/integration-test/target/test-dir/MiniOzoneClusterImpl-e6b3eac8-f257-4ae4-aa9d-4144be51a25f/datanode-1/data/ratis/34c4b974-58af-4af8-b5bf-de4bccd1b3bf
2019-09-26 16:03:30,549 [pool-37-thread-1] INFO  server.RaftServerConfigKeys (ConfUtils.java:logGet(43)) - raft.server.log.queue.byte-limit = 2147483647 (custom)
2019-09-26 16:03:30,549 [pool-37-thread-1] INFO  server.RaftServerConfigKeys (ConfUtils.java:logGet(43)) - raft.server.log.queue.element-limit = 1024 (custom)
2019-09-26 16:03:30,549 [pool-37-thread-1] INFO  server.RaftServerConfigKeys (ConfUtils.java:logGet(43)) - raft.server.log.segment.size.max = 1048576 (custom)
2019-09-26 16:03:30,549 [pool-37-thread-1] INFO  server.RaftServerConfigKeys (ConfUtils.java:logGet(43)) - raft.server.log.preallocated.size = 16384 (custom)
2019-09-26 16:03:30,550 [pool-37-thread-1] INFO  server.RaftServerConfigKeys (ConfUtils.java:logGet(43)) - raft.server.log.write.buffer.size = 33554432 (custom)
2019-09-26 16:03:30,550 [pool-37-thread-1] INFO  server.RaftServerConfigKeys (ConfUtils.java:logGet(43)) - raft.server.log.force.sync.num = 128 (default)
2019-09-26 16:03:30,550 [pool-37-thread-1] INFO  server.RaftServerConfigKeys (ConfUtils.java:logGet(43)) - raft.server.log.statemachine.data.sync = true (default)
2019-09-26 16:03:30,550 [pool-37-thread-1] INFO  server.RaftServerConfigKeys (ConfUtils.java:logGet(43)) - raft.server.log.statemachine.data.sync.timeout = 10s (default)
2019-09-26 16:03:30,551 [pool-37-thread-1] INFO  server.RaftServerConfigKeys (ConfUtils.java:logGet(43)) - raft.server.log.statemachine.data.sync.timeout.retry = -1 (default)
2019-09-26 16:03:30,551 [pool-37-thread-1] INFO  server.RaftServerConfigKeys (ConfUtils.java:logGet(43)) - raft.server.log.statemachine.data.caching.enabled = true (custom)
2019-09-26 16:03:30,552 [pool-37-thread-1] INFO  segmented.SegmentedRaftLogWorker (SegmentedRaftLogWorker.java:lambda$new$0(132)) - 947c5801-1794-4fdd-a08d-28b892c7eaef@group-DE4BCCD1B3BF-SegmentedRaftLogWorker: flushIndex: setUnconditionally 0 -> -1
2019-09-26 16:03:30,552 [pool-37-thread-1] INFO  server.RaftServerConfigKeys (ConfUtils.java:logGet(43)) - raft.server.snapshot.auto.trigger.enabled = true (custom)
2019-09-26 16:03:30,552 [pool-37-thread-1] INFO  server.RaftServerConfigKeys (ConfUtils.java:logGet(43)) - raft.server.snapshot.auto.trigger.threshold = 10000 (custom)
2019-09-26 16:03:30,553 [pool-37-thread-1] INFO  server.RaftServerConfigKeys (ConfUtils.java:logGet(43)) - raft.server.snapshot.retention.num.files = 5 (custom)
2019-09-26 16:03:30,553 [pool-37-thread-1] INFO  server.RaftServerConfigKeys (ConfUtils.java:logGet(43)) - raft.server.retrycache.expirytime = 600000ms (custom)
2019-09-26 16:03:30,560 [pool-37-thread-1] INFO  impl.RaftServerImpl (RaftServerImpl.java:start(185)) - 947c5801-1794-4fdd-a08d-28b892c7eaef@group-DE4BCCD1B3BF: start as a follower, conf=-1: [947c5801-1794-4fdd-a08d-28b892c7eaef:192.168.157.234:33746], old=null
2019-09-26 16:03:30,560 [pool-37-thread-1] INFO  impl.RaftServerImpl (RaftServerImpl.java:setRole(174)) - 947c5801-1794-4fdd-a08d-28b892c7eaef@group-DE4BCCD1B3BF: changes role from      null to FOLLOWER at term 0 for startAsFollower
2019-09-26 16:03:30,560 [pool-37-thread-1] INFO  impl.RoleInfo (RoleInfo.java:updateAndGet(143)) - 947c5801-1794-4fdd-a08d-28b892c7eaef: start FollowerState
2019-09-26 16:03:30,563 [pool-37-thread-1] INFO  util.JmxRegister (JmxRegister.java:tryRegister(44)) - Successfully registered JMX Bean with object name Ratis:service=RaftServer,group=group-DE4BCCD1B3BF,id=947c5801-1794-4fdd-a08d-28b892c7eaef
2019-09-26 16:03:30,582 [RatisPipelineUtilsThread] INFO  pipeline.PipelineStateManager (PipelineStateManager.java:addPipeline(56)) - Created pipeline Pipeline[ Id: 34c4b974-58af-4af8-b5bf-de4bccd1b3bf, Nodes: 947c5801-1794-4fdd-a08d-28b892c7eaef{ip: 192.168.157.234, host: pr-hdds-2162-htzpk-1451759861, networkLocation: /default-rack, certSerialId: null}, Type:RATIS, Factor:ONE, State:OPEN]
2019-09-26 16:03:30,616 [grpc-default-executor-0] INFO  impl.RaftServerProxy (RaftServerProxy.java:addNew(89)) - 62842ba7-8c68-4127-a44e-55d7d7ab4342: addNew group-41D91E331254:[62842ba7-8c68-4127-a44e-55d7d7ab4342:192.168.157.234:34781] returns group-41D91E331254:java.util.concurrent.CompletableFuture@6abddc69[Not completed]
2019-09-26 16:03:30,648 [pool-67-thread-1] INFO  impl.RaftServerImpl (RaftServerImpl.java:<init>(95)) - 62842ba7-8c68-4127-a44e-55d7d7ab4342: new RaftServerImpl for group-41D91E331254:[62842ba7-8c68-4127-a44e-55d7d7ab4342:192.168.157.234:34781] with ContainerStateMachine:uninitialized
2019-09-26 16:03:30,648 [pool-67-thread-1] INFO  server.RaftServerConfigKeys (ConfUtils.java:logGet(43)) - raft.server.rpc.timeout.min = 5s (custom)
2019-09-26 16:03:30,648 [pool-67-thread-1] INFO  server.RaftServerConfigKeys (ConfUtils.java:logGet(43)) - raft.server.rpc.timeout.max = 5200ms (custom)
2019-09-26 16:03:30,649 [pool-67-thread-1] INFO  server.RaftServerConfigKeys (ConfUtils.java:logGet(43)) - raft.server.rpcslowness.timeout = 120s (custom)
2019-09-26 16:03:30,649 [pool-67-thread-1] INFO  server.RaftServerConfigKeys (ConfUtils.java:logGet(43)) - raft.server.sleep.deviation.threshold = 300 (default)
2019-09-26 16:03:30,649 [pool-67-thread-1] INFO  server.RaftServerConfigKeys (ConfUtils.java:logGet(43)) - raft.server.log.appender.install.snapshot.enabled = false (custom)
2019-09-26 16:03:30,649 [pool-67-thread-1] INFO  impl.RaftServerImpl (ServerState.java:<init>(103)) - 62842ba7-8c68-4127-a44e-55d7d7ab4342@group-41D91E331254: ConfigurationManager, init=-1: [62842ba7-8c68-4127-a44e-55d7d7ab4342:192.168.157.234:34781], old=null, confs=<EMPTY_MAP>
2019-09-26 16:03:30,649 [pool-67-thread-1] INFO  server.RaftServerConfigKeys (ConfUtils.java:logGet(43)) - raft.server.storage.dir = [/workdir/hadoop-ozone/integration-test/target/test-dir/MiniOzoneClusterImpl-e6b3eac8-f257-4ae4-aa9d-4144be51a25f/datanode-4/data/ratis] (custom)
2019-09-26 16:03:30,650 [pool-67-thread-1] INFO  storage.RaftStorageDirectory (RaftStorageDirectory.java:analyzeStorage(246)) - The storage directory /workdir/hadoop-ozone/integration-test/target/test-dir/MiniOzoneClusterImpl-e6b3eac8-f257-4ae4-aa9d-4144be51a25f/datanode-4/data/ratis/53260eae-6432-47bd-8dae-41d91e331254 does not exist. Creating ...
2019-09-26 16:03:30,664 [pool-67-thread-1] INFO  storage.RaftStorageDirectory (RaftStorageDirectory.java:tryLock(328)) - Lock on /workdir/hadoop-ozone/integration-test/target/test-dir/MiniOzoneClusterImpl-e6b3eac8-f257-4ae4-aa9d-4144be51a25f/datanode-4/data/ratis/53260eae-6432-47bd-8dae-41d91e331254/in_use.lock acquired by nodename 31074@pr-hdds-2162-htzpk-1451759861
2019-09-26 16:03:30,678 [pool-67-thread-1] INFO  storage.RaftStorage (RaftStorage.java:format(72)) - Storage directory /workdir/hadoop-ozone/integration-test/target/test-dir/MiniOzoneClusterImpl-e6b3eac8-f257-4ae4-aa9d-4144be51a25f/datanode-4/data/ratis/53260eae-6432-47bd-8dae-41d91e331254 has been successfully formatted.
2019-09-26 16:03:30,678 [pool-67-thread-1] INFO  ratis.ContainerStateMachine (ContainerStateMachine.java:loadSnapshot(230)) - group-41D91E331254: The snapshot info is null. Setting the last applied indexto:(t:0, i:~)
2019-09-26 16:03:30,679 [pool-67-thread-1] INFO  server.RaftServerConfigKeys (ConfUtils.java:logGet(43)) - raft.server.notification.no-leader.timeout = 120s (custom)
2019-09-26 16:03:30,679 [pool-67-thread-1] INFO  server.RaftServerConfigKeys (ConfUtils.java:logGet(43)) - raft.server.log.use.memory = false (default)
2019-09-26 16:03:30,679 [pool-67-thread-1] INFO  server.RaftServerConfigKeys (ConfUtils.java:logGet(43)) - raft.server.log.purge.gap = 1000000 (custom)
2019-09-26 16:03:30,679 [pool-67-thread-1] INFO  server.RaftServerConfigKeys (ConfUtils.java:logGet(43)) - raft.server.log.appender.buffer.byte-limit = 33554432 (custom)
2019-09-26 16:03:30,679 [pool-67-thread-1] INFO  server.RaftServerConfigKeys (ConfUtils.java:logGet(43)) - raft.server.log.segment.size.max = 1048576 (custom)
2019-09-26 16:03:30,680 [pool-67-thread-1] INFO  server.RaftServerConfigKeys (ConfUtils.java:logGet(43)) - raft.server.log.segment.cache.num.max = 2 (custom)
2019-09-26 16:03:30,680 [pool-67-thread-1] INFO  segmented.SegmentedRaftLogWorker (SegmentedRaftLogWorker.java:<init>(172)) - new 62842ba7-8c68-4127-a44e-55d7d7ab4342@group-41D91E331254-SegmentedRaftLogWorker for RaftStorage:Storage Directory /workdir/hadoop-ozone/integration-test/target/test-dir/MiniOzoneClusterImpl-e6b3eac8-f257-4ae4-aa9d-4144be51a25f/datanode-4/data/ratis/53260eae-6432-47bd-8dae-41d91e331254
2019-09-26 16:03:30,718 [pool-67-thread-1] INFO  server.RaftServerConfigKeys (ConfUtils.java:logGet(43)) - raft.server.log.queue.byte-limit = 2147483647 (custom)
2019-09-26 16:03:30,718 [pool-67-thread-1] INFO  server.RaftServerConfigKeys (ConfUtils.java:logGet(43)) - raft.server.log.queue.element-limit = 1024 (custom)
2019-09-26 16:03:30,718 [pool-67-thread-1] INFO  server.RaftServerConfigKeys (ConfUtils.java:logGet(43)) - raft.server.log.segment.size.max = 1048576 (custom)
2019-09-26 16:03:30,719 [pool-67-thread-1] INFO  server.RaftServerConfigKeys (ConfUtils.java:logGet(43)) - raft.server.log.preallocated.size = 16384 (custom)
2019-09-26 16:03:30,719 [pool-67-thread-1] INFO  server.RaftServerConfigKeys (ConfUtils.java:logGet(43)) - raft.server.log.write.buffer.size = 33554432 (custom)
2019-09-26 16:03:30,719 [pool-67-thread-1] INFO  server.RaftServerConfigKeys (ConfUtils.java:logGet(43)) - raft.server.log.force.sync.num = 128 (default)
2019-09-26 16:03:30,719 [pool-67-thread-1] INFO  server.RaftServerConfigKeys (ConfUtils.java:logGet(43)) - raft.server.log.statemachine.data.sync = true (default)
2019-09-26 16:03:30,719 [pool-67-thread-1] INFO  server.RaftServerConfigKeys (ConfUtils.java:logGet(43)) - raft.server.log.statemachine.data.sync.timeout = 10s (default)
2019-09-26 16:03:30,720 [pool-67-thread-1] INFO  server.RaftServerConfigKeys (ConfUtils.java:logGet(43)) - raft.server.log.statemachine.data.sync.timeout.retry = -1 (default)
2019-09-26 16:03:30,720 [pool-67-thread-1] INFO  server.RaftServerConfigKeys (ConfUtils.java:logGet(43)) - raft.server.log.statemachine.data.caching.enabled = true (custom)
2019-09-26 16:03:30,720 [pool-67-thread-1] INFO  segmented.SegmentedRaftLogWorker (SegmentedRaftLogWorker.java:lambda$new$0(132)) - 62842ba7-8c68-4127-a44e-55d7d7ab4342@group-41D91E331254-SegmentedRaftLogWorker: flushIndex: setUnconditionally 0 -> -1
2019-09-26 16:03:30,721 [pool-67-thread-1] INFO  server.RaftServerConfigKeys (ConfUtils.java:logGet(43)) - raft.server.snapshot.auto.trigger.enabled = true (custom)
2019-09-26 16:03:30,721 [pool-67-thread-1] INFO  server.RaftServerConfigKeys (ConfUtils.java:logGet(43)) - raft.server.snapshot.auto.trigger.threshold = 10000 (custom)
2019-09-26 16:03:30,721 [pool-67-thread-1] INFO  server.RaftServerConfigKeys (ConfUtils.java:logGet(43)) - raft.server.snapshot.retention.num.files = 5 (custom)
2019-09-26 16:03:30,722 [pool-67-thread-1] INFO  server.RaftServerConfigKeys (ConfUtils.java:logGet(43)) - raft.server.retrycache.expirytime = 600000ms (custom)
2019-09-26 16:03:30,727 [pool-67-thread-1] INFO  impl.RaftServerImpl (RaftServerImpl.java:start(185)) - 62842ba7-8c68-4127-a44e-55d7d7ab4342@group-41D91E331254: start as a follower, conf=-1: [62842ba7-8c68-4127-a44e-55d7d7ab4342:192.168.157.234:34781], old=null
2019-09-26 16:03:30,727 [pool-67-thread-1] INFO  impl.RaftServerImpl (RaftServerImpl.java:setRole(174)) - 62842ba7-8c68-4127-a44e-55d7d7ab4342@group-41D91E331254: changes role from      null to FOLLOWER at term 0 for startAsFollower
2019-09-26 16:03:30,727 [pool-67-thread-1] INFO  impl.RoleInfo (RoleInfo.java:updateAndGet(143)) - 62842ba7-8c68-4127-a44e-55d7d7ab4342: start FollowerState
2019-09-26 16:03:30,728 [pool-67-thread-1] INFO  util.JmxRegister (JmxRegister.java:tryRegister(44)) - Successfully registered JMX Bean with object name Ratis:service=RaftServer,group=group-41D91E331254,id=62842ba7-8c68-4127-a44e-55d7d7ab4342
2019-09-26 16:03:30,742 [RatisPipelineUtilsThread] INFO  pipeline.PipelineStateManager (PipelineStateManager.java:addPipeline(56)) - Created pipeline Pipeline[ Id: 53260eae-6432-47bd-8dae-41d91e331254, Nodes: 62842ba7-8c68-4127-a44e-55d7d7ab4342{ip: 192.168.157.234, host: pr-hdds-2162-htzpk-1451759861, networkLocation: /default-rack, certSerialId: null}, Type:RATIS, Factor:ONE, State:OPEN]
2019-09-26 16:03:30,766 [grpc-default-executor-0] INFO  impl.RaftServerProxy (RaftServerProxy.java:addNew(89)) - fec3750d-6dc3-4624-a01f-e7799a846917: addNew group-D83952B8E867:[fec3750d-6dc3-4624-a01f-e7799a846917:192.168.157.234:44292] returns group-D83952B8E867:java.util.concurrent.CompletableFuture@705fa927[Not completed]
2019-09-26 16:03:30,771 [pool-77-thread-1] INFO  impl.RaftServerImpl (RaftServerImpl.java:<init>(95)) - fec3750d-6dc3-4624-a01f-e7799a846917: new RaftServerImpl for group-D83952B8E867:[fec3750d-6dc3-4624-a01f-e7799a846917:192.168.157.234:44292] with ContainerStateMachine:uninitialized
2019-09-26 16:03:30,771 [pool-77-thread-1] INFO  server.RaftServerConfigKeys (ConfUtils.java:logGet(43)) - raft.server.rpc.timeout.min = 5s (custom)
2019-09-26 16:03:30,771 [pool-77-thread-1] INFO  server.RaftServerConfigKeys (ConfUtils.java:logGet(43)) - raft.server.rpc.timeout.max = 5200ms (custom)
2019-09-26 16:03:30,771 [pool-77-thread-1] INFO  server.RaftServerConfigKeys (ConfUtils.java:logGet(43)) - raft.server.rpcslowness.timeout = 120s (custom)
2019-09-26 16:03:30,771 [pool-77-thread-1] INFO  server.RaftServerConfigKeys (ConfUtils.java:logGet(43)) - raft.server.sleep.deviation.threshold = 300 (default)
2019-09-26 16:03:30,772 [pool-77-thread-1] INFO  server.RaftServerConfigKeys (ConfUtils.java:logGet(43)) - raft.server.log.appender.install.snapshot.enabled = false (custom)
2019-09-26 16:03:30,772 [pool-77-thread-1] INFO  impl.RaftServerImpl (ServerState.java:<init>(103)) - fec3750d-6dc3-4624-a01f-e7799a846917@group-D83952B8E867: ConfigurationManager, init=-1: [fec3750d-6dc3-4624-a01f-e7799a846917:192.168.157.234:44292], old=null, confs=<EMPTY_MAP>
2019-09-26 16:03:30,772 [pool-77-thread-1] INFO  server.RaftServerConfigKeys (ConfUtils.java:logGet(43)) - raft.server.storage.dir = [/workdir/hadoop-ozone/integration-test/target/test-dir/MiniOzoneClusterImpl-e6b3eac8-f257-4ae4-aa9d-4144be51a25f/datanode-5/data/ratis] (custom)
2019-09-26 16:03:30,772 [pool-77-thread-1] INFO  storage.RaftStorageDirectory (RaftStorageDirectory.java:analyzeStorage(246)) - The storage directory /workdir/hadoop-ozone/integration-test/target/test-dir/MiniOzoneClusterImpl-e6b3eac8-f257-4ae4-aa9d-4144be51a25f/datanode-5/data/ratis/a71362b2-766b-42f5-aff8-d83952b8e867 does not exist. Creating ...
2019-09-26 16:03:30,786 [pool-77-thread-1] INFO  storage.RaftStorageDirectory (RaftStorageDirectory.java:tryLock(328)) - Lock on /workdir/hadoop-ozone/integration-test/target/test-dir/MiniOzoneClusterImpl-e6b3eac8-f257-4ae4-aa9d-4144be51a25f/datanode-5/data/ratis/a71362b2-766b-42f5-aff8-d83952b8e867/in_use.lock acquired by nodename 31074@pr-hdds-2162-htzpk-1451759861
2019-09-26 16:03:30,807 [pool-77-thread-1] INFO  storage.RaftStorage (RaftStorage.java:format(72)) - Storage directory /workdir/hadoop-ozone/integration-test/target/test-dir/MiniOzoneClusterImpl-e6b3eac8-f257-4ae4-aa9d-4144be51a25f/datanode-5/data/ratis/a71362b2-766b-42f5-aff8-d83952b8e867 has been successfully formatted.
2019-09-26 16:03:30,808 [pool-77-thread-1] INFO  ratis.ContainerStateMachine (ContainerStateMachine.java:loadSnapshot(230)) - group-D83952B8E867: The snapshot info is null. Setting the last applied indexto:(t:0, i:~)
2019-09-26 16:03:30,809 [pool-77-thread-1] INFO  server.RaftServerConfigKeys (ConfUtils.java:logGet(43)) - raft.server.notification.no-leader.timeout = 120s (custom)
2019-09-26 16:03:30,809 [pool-77-thread-1] INFO  server.RaftServerConfigKeys (ConfUtils.java:logGet(43)) - raft.server.log.use.memory = false (default)
2019-09-26 16:03:30,809 [pool-77-thread-1] INFO  server.RaftServerConfigKeys (ConfUtils.java:logGet(43)) - raft.server.log.purge.gap = 1000000 (custom)
2019-09-26 16:03:30,809 [pool-77-thread-1] INFO  server.RaftServerConfigKeys (ConfUtils.java:logGet(43)) - raft.server.log.appender.buffer.byte-limit = 33554432 (custom)
2019-09-26 16:03:30,809 [pool-77-thread-1] INFO  server.RaftServerConfigKeys (ConfUtils.java:logGet(43)) - raft.server.log.segment.size.max = 1048576 (custom)
2019-09-26 16:03:30,809 [pool-77-thread-1] INFO  server.RaftServerConfigKeys (ConfUtils.java:logGet(43)) - raft.server.log.segment.cache.num.max = 2 (custom)
2019-09-26 16:03:30,809 [pool-77-thread-1] INFO  segmented.SegmentedRaftLogWorker (SegmentedRaftLogWorker.java:<init>(172)) - new fec3750d-6dc3-4624-a01f-e7799a846917@group-D83952B8E867-SegmentedRaftLogWorker for RaftStorage:Storage Directory /workdir/hadoop-ozone/integration-test/target/test-dir/MiniOzoneClusterImpl-e6b3eac8-f257-4ae4-aa9d-4144be51a25f/datanode-5/data/ratis/a71362b2-766b-42f5-aff8-d83952b8e867
2019-09-26 16:03:30,814 [pool-77-thread-1] INFO  server.RaftServerConfigKeys (ConfUtils.java:logGet(43)) - raft.server.log.queue.byte-limit = 2147483647 (custom)
2019-09-26 16:03:30,814 [pool-77-thread-1] INFO  server.RaftServerConfigKeys (ConfUtils.java:logGet(43)) - raft.server.log.queue.element-limit = 1024 (custom)
2019-09-26 16:03:30,814 [pool-77-thread-1] INFO  server.RaftServerConfigKeys (ConfUtils.java:logGet(43)) - raft.server.log.segment.size.max = 1048576 (custom)
2019-09-26 16:03:30,814 [pool-77-thread-1] INFO  server.RaftServerConfigKeys (ConfUtils.java:logGet(43)) - raft.server.log.preallocated.size = 16384 (custom)
2019-09-26 16:03:30,814 [pool-77-thread-1] INFO  server.RaftServerConfigKeys (ConfUtils.java:logGet(43)) - raft.server.log.write.buffer.size = 33554432 (custom)
2019-09-26 16:03:30,815 [pool-77-thread-1] INFO  server.RaftServerConfigKeys (ConfUtils.java:logGet(43)) - raft.server.log.force.sync.num = 128 (default)
2019-09-26 16:03:30,815 [pool-77-thread-1] INFO  server.RaftServerConfigKeys (ConfUtils.java:logGet(43)) - raft.server.log.statemachine.data.sync = true (default)
2019-09-26 16:03:30,815 [pool-77-thread-1] INFO  server.RaftServerConfigKeys (ConfUtils.java:logGet(43)) - raft.server.log.statemachine.data.sync.timeout = 10s (default)
2019-09-26 16:03:30,815 [pool-77-thread-1] INFO  server.RaftServerConfigKeys (ConfUtils.java:logGet(43)) - raft.server.log.statemachine.data.sync.timeout.retry = -1 (default)
2019-09-26 16:03:30,815 [pool-77-thread-1] INFO  server.RaftServerConfigKeys (ConfUtils.java:logGet(43)) - raft.server.log.statemachine.data.caching.enabled = true (custom)
2019-09-26 16:03:30,816 [pool-77-thread-1] INFO  segmented.SegmentedRaftLogWorker (SegmentedRaftLogWorker.java:lambda$new$0(132)) - fec3750d-6dc3-4624-a01f-e7799a846917@group-D83952B8E867-SegmentedRaftLogWorker: flushIndex: setUnconditionally 0 -> -1
2019-09-26 16:03:30,816 [pool-77-thread-1] INFO  server.RaftServerConfigKeys (ConfUtils.java:logGet(43)) - raft.server.snapshot.auto.trigger.enabled = true (custom)
2019-09-26 16:03:30,816 [pool-77-thread-1] INFO  server.RaftServerConfigKeys (ConfUtils.java:logGet(43)) - raft.server.snapshot.auto.trigger.threshold = 10000 (custom)
2019-09-26 16:03:30,816 [pool-77-thread-1] INFO  server.RaftServerConfigKeys (ConfUtils.java:logGet(43)) - raft.server.snapshot.retention.num.files = 5 (custom)
2019-09-26 16:03:30,816 [pool-77-thread-1] INFO  server.RaftServerConfigKeys (ConfUtils.java:logGet(43)) - raft.server.retrycache.expirytime = 600000ms (custom)
2019-09-26 16:03:30,820 [pool-77-thread-1] INFO  impl.RaftServerImpl (RaftServerImpl.java:start(185)) - fec3750d-6dc3-4624-a01f-e7799a846917@group-D83952B8E867: start as a follower, conf=-1: [fec3750d-6dc3-4624-a01f-e7799a846917:192.168.157.234:44292], old=null
2019-09-26 16:03:30,820 [pool-77-thread-1] INFO  impl.RaftServerImpl (RaftServerImpl.java:setRole(174)) - fec3750d-6dc3-4624-a01f-e7799a846917@group-D83952B8E867: changes role from      null to FOLLOWER at term 0 for startAsFollower
2019-09-26 16:03:30,821 [pool-77-thread-1] INFO  impl.RoleInfo (RoleInfo.java:updateAndGet(143)) - fec3750d-6dc3-4624-a01f-e7799a846917: start FollowerState
2019-09-26 16:03:30,821 [pool-77-thread-1] INFO  util.JmxRegister (JmxRegister.java:tryRegister(44)) - Successfully registered JMX Bean with object name Ratis:service=RaftServer,group=group-D83952B8E867,id=fec3750d-6dc3-4624-a01f-e7799a846917
2019-09-26 16:03:30,837 [RatisPipelineUtilsThread] INFO  pipeline.PipelineStateManager (PipelineStateManager.java:addPipeline(56)) - Created pipeline Pipeline[ Id: a71362b2-766b-42f5-aff8-d83952b8e867, Nodes: fec3750d-6dc3-4624-a01f-e7799a846917{ip: 192.168.157.234, host: pr-hdds-2162-htzpk-1451759861, networkLocation: /default-rack, certSerialId: null}, Type:RATIS, Factor:ONE, State:OPEN]
2019-09-26 16:03:30,861 [grpc-default-executor-0] INFO  impl.RaftServerProxy (RaftServerProxy.java:addNew(89)) - 89ab1f74-7e20-414f-8e85-0b96306ed4b0: addNew group-5C0F363C2806:[89ab1f74-7e20-414f-8e85-0b96306ed4b0:192.168.157.234:36984] returns group-5C0F363C2806:java.util.concurrent.CompletableFuture@20b32604[Not completed]
2019-09-26 16:03:30,865 [pool-47-thread-1] INFO  impl.RaftServerImpl (RaftServerImpl.java:<init>(95)) - 89ab1f74-7e20-414f-8e85-0b96306ed4b0: new RaftServerImpl for group-5C0F363C2806:[89ab1f74-7e20-414f-8e85-0b96306ed4b0:192.168.157.234:36984] with ContainerStateMachine:uninitialized
2019-09-26 16:03:30,865 [pool-47-thread-1] INFO  server.RaftServerConfigKeys (ConfUtils.java:logGet(43)) - raft.server.rpc.timeout.min = 5s (custom)
2019-09-26 16:03:30,865 [pool-47-thread-1] INFO  server.RaftServerConfigKeys (ConfUtils.java:logGet(43)) - raft.server.rpc.timeout.max = 5200ms (custom)
2019-09-26 16:03:30,865 [pool-47-thread-1] INFO  server.RaftServerConfigKeys (ConfUtils.java:logGet(43)) - raft.server.rpcslowness.timeout = 120s (custom)
2019-09-26 16:03:30,865 [pool-47-thread-1] INFO  server.RaftServerConfigKeys (ConfUtils.java:logGet(43)) - raft.server.sleep.deviation.threshold = 300 (default)
2019-09-26 16:03:30,865 [pool-47-thread-1] INFO  server.RaftServerConfigKeys (ConfUtils.java:logGet(43)) - raft.server.log.appender.install.snapshot.enabled = false (custom)
2019-09-26 16:03:30,865 [pool-47-thread-1] INFO  impl.RaftServerImpl (ServerState.java:<init>(103)) - 89ab1f74-7e20-414f-8e85-0b96306ed4b0@group-5C0F363C2806: ConfigurationManager, init=-1: [89ab1f74-7e20-414f-8e85-0b96306ed4b0:192.168.157.234:36984], old=null, confs=<EMPTY_MAP>
2019-09-26 16:03:30,866 [pool-47-thread-1] INFO  server.RaftServerConfigKeys (ConfUtils.java:logGet(43)) - raft.server.storage.dir = [/workdir/hadoop-ozone/integration-test/target/test-dir/MiniOzoneClusterImpl-e6b3eac8-f257-4ae4-aa9d-4144be51a25f/datanode-2/data/ratis] (custom)
2019-09-26 16:03:30,866 [pool-47-thread-1] INFO  storage.RaftStorageDirectory (RaftStorageDirectory.java:analyzeStorage(246)) - The storage directory /workdir/hadoop-ozone/integration-test/target/test-dir/MiniOzoneClusterImpl-e6b3eac8-f257-4ae4-aa9d-4144be51a25f/datanode-2/data/ratis/864af72f-e8f3-4cd7-90ef-5c0f363c2806 does not exist. Creating ...
2019-09-26 16:03:30,879 [pool-47-thread-1] INFO  storage.RaftStorageDirectory (RaftStorageDirectory.java:tryLock(328)) - Lock on /workdir/hadoop-ozone/integration-test/target/test-dir/MiniOzoneClusterImpl-e6b3eac8-f257-4ae4-aa9d-4144be51a25f/datanode-2/data/ratis/864af72f-e8f3-4cd7-90ef-5c0f363c2806/in_use.lock acquired by nodename 31074@pr-hdds-2162-htzpk-1451759861
2019-09-26 16:03:30,892 [pool-47-thread-1] INFO  storage.RaftStorage (RaftStorage.java:format(72)) - Storage directory /workdir/hadoop-ozone/integration-test/target/test-dir/MiniOzoneClusterImpl-e6b3eac8-f257-4ae4-aa9d-4144be51a25f/datanode-2/data/ratis/864af72f-e8f3-4cd7-90ef-5c0f363c2806 has been successfully formatted.
2019-09-26 16:03:30,892 [pool-47-thread-1] INFO  ratis.ContainerStateMachine (ContainerStateMachine.java:loadSnapshot(230)) - group-5C0F363C2806: The snapshot info is null. Setting the last applied indexto:(t:0, i:~)
2019-09-26 16:03:30,892 [pool-47-thread-1] INFO  server.RaftServerConfigKeys (ConfUtils.java:logGet(43)) - raft.server.notification.no-leader.timeout = 120s (custom)
2019-09-26 16:03:30,892 [pool-47-thread-1] INFO  server.RaftServerConfigKeys (ConfUtils.java:logGet(43)) - raft.server.log.use.memory = false (default)
2019-09-26 16:03:30,892 [pool-47-thread-1] INFO  server.RaftServerConfigKeys (ConfUtils.java:logGet(43)) - raft.server.log.purge.gap = 1000000 (custom)
2019-09-26 16:03:30,892 [pool-47-thread-1] INFO  server.RaftServerConfigKeys (ConfUtils.java:logGet(43)) - raft.server.log.appender.buffer.byte-limit = 33554432 (custom)
2019-09-26 16:03:30,893 [pool-47-thread-1] INFO  server.RaftServerConfigKeys (ConfUtils.java:logGet(43)) - raft.server.log.segment.size.max = 1048576 (custom)
2019-09-26 16:03:30,893 [pool-47-thread-1] INFO  server.RaftServerConfigKeys (ConfUtils.java:logGet(43)) - raft.server.log.segment.cache.num.max = 2 (custom)
2019-09-26 16:03:30,893 [pool-47-thread-1] INFO  segmented.SegmentedRaftLogWorker (SegmentedRaftLogWorker.java:<init>(172)) - new 89ab1f74-7e20-414f-8e85-0b96306ed4b0@group-5C0F363C2806-SegmentedRaftLogWorker for RaftStorage:Storage Directory /workdir/hadoop-ozone/integration-test/target/test-dir/MiniOzoneClusterImpl-e6b3eac8-f257-4ae4-aa9d-4144be51a25f/datanode-2/data/ratis/864af72f-e8f3-4cd7-90ef-5c0f363c2806
2019-09-26 16:03:30,896 [pool-47-thread-1] INFO  server.RaftServerConfigKeys (ConfUtils.java:logGet(43)) - raft.server.log.queue.byte-limit = 2147483647 (custom)
2019-09-26 16:03:30,896 [pool-47-thread-1] INFO  server.RaftServerConfigKeys (ConfUtils.java:logGet(43)) - raft.server.log.queue.element-limit = 1024 (custom)
2019-09-26 16:03:30,896 [pool-47-thread-1] INFO  server.RaftServerConfigKeys (ConfUtils.java:logGet(43)) - raft.server.log.segment.size.max = 1048576 (custom)
2019-09-26 16:03:30,896 [pool-47-thread-1] INFO  server.RaftServerConfigKeys (ConfUtils.java:logGet(43)) - raft.server.log.preallocated.size = 16384 (custom)
2019-09-26 16:03:30,896 [pool-47-thread-1] INFO  server.RaftServerConfigKeys (ConfUtils.java:logGet(43)) - raft.server.log.write.buffer.size = 33554432 (custom)
2019-09-26 16:03:30,896 [pool-47-thread-1] INFO  server.RaftServerConfigKeys (ConfUtils.java:logGet(43)) - raft.server.log.force.sync.num = 128 (default)
2019-09-26 16:03:30,896 [pool-47-thread-1] INFO  server.RaftServerConfigKeys (ConfUtils.java:logGet(43)) - raft.server.log.statemachine.data.sync = true (default)
2019-09-26 16:03:30,896 [pool-47-thread-1] INFO  server.RaftServerConfigKeys (ConfUtils.java:logGet(43)) - raft.server.log.statemachine.data.sync.timeout = 10s (default)
2019-09-26 16:03:30,897 [pool-47-thread-1] INFO  server.RaftServerConfigKeys (ConfUtils.java:logGet(43)) - raft.server.log.statemachine.data.sync.timeout.retry = -1 (default)
2019-09-26 16:03:30,897 [pool-47-thread-1] INFO  server.RaftServerConfigKeys (ConfUtils.java:logGet(43)) - raft.server.log.statemachine.data.caching.enabled = true (custom)
2019-09-26 16:03:30,897 [pool-47-thread-1] INFO  segmented.SegmentedRaftLogWorker (SegmentedRaftLogWorker.java:lambda$new$0(132)) - 89ab1f74-7e20-414f-8e85-0b96306ed4b0@group-5C0F363C2806-SegmentedRaftLogWorker: flushIndex: setUnconditionally 0 -> -1
2019-09-26 16:03:30,897 [pool-47-thread-1] INFO  server.RaftServerConfigKeys (ConfUtils.java:logGet(43)) - raft.server.snapshot.auto.trigger.enabled = true (custom)
2019-09-26 16:03:30,897 [pool-47-thread-1] INFO  server.RaftServerConfigKeys (ConfUtils.java:logGet(43)) - raft.server.snapshot.auto.trigger.threshold = 10000 (custom)
2019-09-26 16:03:30,898 [pool-47-thread-1] INFO  server.RaftServerConfigKeys (ConfUtils.java:logGet(43)) - raft.server.snapshot.retention.num.files = 5 (custom)
2019-09-26 16:03:30,898 [pool-47-thread-1] INFO  server.RaftServerConfigKeys (ConfUtils.java:logGet(43)) - raft.server.retrycache.expirytime = 600000ms (custom)
2019-09-26 16:03:30,900 [pool-47-thread-1] INFO  impl.RaftServerImpl (RaftServerImpl.java:start(185)) - 89ab1f74-7e20-414f-8e85-0b96306ed4b0@group-5C0F363C2806: start as a follower, conf=-1: [89ab1f74-7e20-414f-8e85-0b96306ed4b0:192.168.157.234:36984], old=null
2019-09-26 16:03:30,900 [pool-47-thread-1] INFO  impl.RaftServerImpl (RaftServerImpl.java:setRole(174)) - 89ab1f74-7e20-414f-8e85-0b96306ed4b0@group-5C0F363C2806: changes role from      null to FOLLOWER at term 0 for startAsFollower
2019-09-26 16:03:30,901 [pool-47-thread-1] INFO  impl.RoleInfo (RoleInfo.java:updateAndGet(143)) - 89ab1f74-7e20-414f-8e85-0b96306ed4b0: start FollowerState
2019-09-26 16:03:30,901 [pool-47-thread-1] INFO  util.JmxRegister (JmxRegister.java:tryRegister(44)) - Successfully registered JMX Bean with object name Ratis:service=RaftServer,group=group-5C0F363C2806,id=89ab1f74-7e20-414f-8e85-0b96306ed4b0
2019-09-26 16:03:30,912 [RatisPipelineUtilsThread] INFO  pipeline.PipelineStateManager (PipelineStateManager.java:addPipeline(56)) - Created pipeline Pipeline[ Id: 864af72f-e8f3-4cd7-90ef-5c0f363c2806, Nodes: 89ab1f74-7e20-414f-8e85-0b96306ed4b0{ip: 192.168.157.234, host: pr-hdds-2162-htzpk-1451759861, networkLocation: /default-rack, certSerialId: null}, Type:RATIS, Factor:ONE, State:OPEN]
2019-09-26 16:03:30,939 [grpc-default-executor-0] INFO  impl.RaftServerProxy (RaftServerProxy.java:addNew(89)) - 147c816b-a366-4aae-aa7b-87981ba2da73: addNew group-BB8EEB0C989E:[147c816b-a366-4aae-aa7b-87981ba2da73:192.168.157.234:33171] returns group-BB8EEB0C989E:java.util.concurrent.CompletableFuture@741a5480[Not completed]
2019-09-26 16:03:30,943 [pool-57-thread-1] INFO  impl.RaftServerImpl (RaftServerImpl.java:<init>(95)) - 147c816b-a366-4aae-aa7b-87981ba2da73: new RaftServerImpl for group-BB8EEB0C989E:[147c816b-a366-4aae-aa7b-87981ba2da73:192.168.157.234:33171] with ContainerStateMachine:uninitialized
2019-09-26 16:03:30,943 [pool-57-thread-1] INFO  server.RaftServerConfigKeys (ConfUtils.java:logGet(43)) - raft.server.rpc.timeout.min = 5s (custom)
2019-09-26 16:03:30,943 [pool-57-thread-1] INFO  server.RaftServerConfigKeys (ConfUtils.java:logGet(43)) - raft.server.rpc.timeout.max = 5200ms (custom)
2019-09-26 16:03:30,943 [pool-57-thread-1] INFO  server.RaftServerConfigKeys (ConfUtils.java:logGet(43)) - raft.server.rpcslowness.timeout = 120s (custom)
2019-09-26 16:03:30,943 [pool-57-thread-1] INFO  server.RaftServerConfigKeys (ConfUtils.java:logGet(43)) - raft.server.sleep.deviation.threshold = 300 (default)
2019-09-26 16:03:30,943 [pool-57-thread-1] INFO  server.RaftServerConfigKeys (ConfUtils.java:logGet(43)) - raft.server.log.appender.install.snapshot.enabled = false (custom)
2019-09-26 16:03:30,943 [pool-57-thread-1] INFO  impl.RaftServerImpl (ServerState.java:<init>(103)) - 147c816b-a366-4aae-aa7b-87981ba2da73@group-BB8EEB0C989E: ConfigurationManager, init=-1: [147c816b-a366-4aae-aa7b-87981ba2da73:192.168.157.234:33171], old=null, confs=<EMPTY_MAP>
2019-09-26 16:03:30,944 [pool-57-thread-1] INFO  server.RaftServerConfigKeys (ConfUtils.java:logGet(43)) - raft.server.storage.dir = [/workdir/hadoop-ozone/integration-test/target/test-dir/MiniOzoneClusterImpl-e6b3eac8-f257-4ae4-aa9d-4144be51a25f/datanode-3/data/ratis] (custom)
2019-09-26 16:03:30,944 [pool-57-thread-1] INFO  storage.RaftStorageDirectory (RaftStorageDirectory.java:analyzeStorage(246)) - The storage directory /workdir/hadoop-ozone/integration-test/target/test-dir/MiniOzoneClusterImpl-e6b3eac8-f257-4ae4-aa9d-4144be51a25f/datanode-3/data/ratis/7d0a47cc-a59f-4b57-8474-bb8eeb0c989e does not exist. Creating ...
2019-09-26 16:03:30,957 [pool-57-thread-1] INFO  storage.RaftStorageDirectory (RaftStorageDirectory.java:tryLock(328)) - Lock on /workdir/hadoop-ozone/integration-test/target/test-dir/MiniOzoneClusterImpl-e6b3eac8-f257-4ae4-aa9d-4144be51a25f/datanode-3/data/ratis/7d0a47cc-a59f-4b57-8474-bb8eeb0c989e/in_use.lock acquired by nodename 31074@pr-hdds-2162-htzpk-1451759861
2019-09-26 16:03:30,970 [pool-57-thread-1] INFO  storage.RaftStorage (RaftStorage.java:format(72)) - Storage directory /workdir/hadoop-ozone/integration-test/target/test-dir/MiniOzoneClusterImpl-e6b3eac8-f257-4ae4-aa9d-4144be51a25f/datanode-3/data/ratis/7d0a47cc-a59f-4b57-8474-bb8eeb0c989e has been successfully formatted.
2019-09-26 16:03:30,971 [pool-57-thread-1] INFO  ratis.ContainerStateMachine (ContainerStateMachine.java:loadSnapshot(230)) - group-BB8EEB0C989E: The snapshot info is null. Setting the last applied indexto:(t:0, i:~)
2019-09-26 16:03:30,971 [pool-57-thread-1] INFO  server.RaftServerConfigKeys (ConfUtils.java:logGet(43)) - raft.server.notification.no-leader.timeout = 120s (custom)
2019-09-26 16:03:30,971 [pool-57-thread-1] INFO  server.RaftServerConfigKeys (ConfUtils.java:logGet(43)) - raft.server.log.use.memory = false (default)
2019-09-26 16:03:30,971 [pool-57-thread-1] INFO  server.RaftServerConfigKeys (ConfUtils.java:logGet(43)) - raft.server.log.purge.gap = 1000000 (custom)
2019-09-26 16:03:30,971 [pool-57-thread-1] INFO  server.RaftServerConfigKeys (ConfUtils.java:logGet(43)) - raft.server.log.appender.buffer.byte-limit = 33554432 (custom)
2019-09-26 16:03:30,971 [pool-57-thread-1] INFO  server.RaftServerConfigKeys (ConfUtils.java:logGet(43)) - raft.server.log.segment.size.max = 1048576 (custom)
2019-09-26 16:03:30,971 [pool-57-thread-1] INFO  server.RaftServerConfigKeys (ConfUtils.java:logGet(43)) - raft.server.log.segment.cache.num.max = 2 (custom)
2019-09-26 16:03:30,972 [pool-57-thread-1] INFO  segmented.SegmentedRaftLogWorker (SegmentedRaftLogWorker.java:<init>(172)) - new 147c816b-a366-4aae-aa7b-87981ba2da73@group-BB8EEB0C989E-SegmentedRaftLogWorker for RaftStorage:Storage Directory /workdir/hadoop-ozone/integration-test/target/test-dir/MiniOzoneClusterImpl-e6b3eac8-f257-4ae4-aa9d-4144be51a25f/datanode-3/data/ratis/7d0a47cc-a59f-4b57-8474-bb8eeb0c989e
2019-09-26 16:03:30,975 [pool-57-thread-1] INFO  server.RaftServerConfigKeys (ConfUtils.java:logGet(43)) - raft.server.log.queue.byte-limit = 2147483647 (custom)
2019-09-26 16:03:30,975 [pool-57-thread-1] INFO  server.RaftServerConfigKeys (ConfUtils.java:logGet(43)) - raft.server.log.queue.element-limit = 1024 (custom)
2019-09-26 16:03:30,975 [pool-57-thread-1] INFO  server.RaftServerConfigKeys (ConfUtils.java:logGet(43)) - raft.server.log.segment.size.max = 1048576 (custom)
2019-09-26 16:03:30,975 [pool-57-thread-1] INFO  server.RaftServerConfigKeys (ConfUtils.java:logGet(43)) - raft.server.log.preallocated.size = 16384 (custom)
2019-09-26 16:03:30,975 [pool-57-thread-1] INFO  server.RaftServerConfigKeys (ConfUtils.java:logGet(43)) - raft.server.log.write.buffer.size = 33554432 (custom)
2019-09-26 16:03:30,975 [pool-57-thread-1] INFO  server.RaftServerConfigKeys (ConfUtils.java:logGet(43)) - raft.server.log.force.sync.num = 128 (default)
2019-09-26 16:03:30,976 [pool-57-thread-1] INFO  server.RaftServerConfigKeys (ConfUtils.java:logGet(43)) - raft.server.log.statemachine.data.sync = true (default)
2019-09-26 16:03:30,976 [pool-57-thread-1] INFO  server.RaftServerConfigKeys (ConfUtils.java:logGet(43)) - raft.server.log.statemachine.data.sync.timeout = 10s (default)
2019-09-26 16:03:30,976 [pool-57-thread-1] INFO  server.RaftServerConfigKeys (ConfUtils.java:logGet(43)) - raft.server.log.statemachine.data.sync.timeout.retry = -1 (default)
2019-09-26 16:03:30,976 [pool-57-thread-1] INFO  server.RaftServerConfigKeys (ConfUtils.java:logGet(43)) - raft.server.log.statemachine.data.caching.enabled = true (custom)
2019-09-26 16:03:30,977 [pool-57-thread-1] INFO  segmented.SegmentedRaftLogWorker (SegmentedRaftLogWorker.java:lambda$new$0(132)) - 147c816b-a366-4aae-aa7b-87981ba2da73@group-BB8EEB0C989E-SegmentedRaftLogWorker: flushIndex: setUnconditionally 0 -> -1
2019-09-26 16:03:30,977 [pool-57-thread-1] INFO  server.RaftServerConfigKeys (ConfUtils.java:logGet(43)) - raft.server.snapshot.auto.trigger.enabled = true (custom)
2019-09-26 16:03:30,977 [pool-57-thread-1] INFO  server.RaftServerConfigKeys (ConfUtils.java:logGet(43)) - raft.server.snapshot.auto.trigger.threshold = 10000 (custom)
2019-09-26 16:03:30,977 [pool-57-thread-1] INFO  server.RaftServerConfigKeys (ConfUtils.java:logGet(43)) - raft.server.snapshot.retention.num.files = 5 (custom)
2019-09-26 16:03:30,977 [pool-57-thread-1] INFO  server.RaftServerConfigKeys (ConfUtils.java:logGet(43)) - raft.server.retrycache.expirytime = 600000ms (custom)
2019-09-26 16:03:30,981 [pool-57-thread-1] INFO  impl.RaftServerImpl (RaftServerImpl.java:start(185)) - 147c816b-a366-4aae-aa7b-87981ba2da73@group-BB8EEB0C989E: start as a follower, conf=-1: [147c816b-a366-4aae-aa7b-87981ba2da73:192.168.157.234:33171], old=null
2019-09-26 16:03:30,981 [pool-57-thread-1] INFO  impl.RaftServerImpl (RaftServerImpl.java:setRole(174)) - 147c816b-a366-4aae-aa7b-87981ba2da73@group-BB8EEB0C989E: changes role from      null to FOLLOWER at term 0 for startAsFollower
2019-09-26 16:03:30,981 [pool-57-thread-1] INFO  impl.RoleInfo (RoleInfo.java:updateAndGet(143)) - 147c816b-a366-4aae-aa7b-87981ba2da73: start FollowerState
2019-09-26 16:03:30,982 [pool-57-thread-1] INFO  util.JmxRegister (JmxRegister.java:tryRegister(44)) - Successfully registered JMX Bean with object name Ratis:service=RaftServer,group=group-BB8EEB0C989E,id=147c816b-a366-4aae-aa7b-87981ba2da73
2019-09-26 16:03:30,995 [RatisPipelineUtilsThread] INFO  pipeline.PipelineStateManager (PipelineStateManager.java:addPipeline(56)) - Created pipeline Pipeline[ Id: 7d0a47cc-a59f-4b57-8474-bb8eeb0c989e, Nodes: 147c816b-a366-4aae-aa7b-87981ba2da73{ip: 192.168.157.234, host: pr-hdds-2162-htzpk-1451759861, networkLocation: /default-rack, certSerialId: null}, Type:RATIS, Factor:ONE, State:OPEN]
2019-09-26 16:03:31,011 [grpc-default-executor-0] INFO  impl.RaftServerProxy (RaftServerProxy.java:addNew(89)) - 52409454-a635-4025-bc64-a21ce237eab6: addNew group-BE849D3171E6:[52409454-a635-4025-bc64-a21ce237eab6:192.168.157.234:35565] returns group-BE849D3171E6:java.util.concurrent.CompletableFuture@3633b98e[Not completed]
2019-09-26 16:03:31,016 [pool-87-thread-1] INFO  impl.RaftServerImpl (RaftServerImpl.java:<init>(95)) - 52409454-a635-4025-bc64-a21ce237eab6: new RaftServerImpl for group-BE849D3171E6:[52409454-a635-4025-bc64-a21ce237eab6:192.168.157.234:35565] with ContainerStateMachine:uninitialized
2019-09-26 16:03:31,016 [pool-87-thread-1] INFO  server.RaftServerConfigKeys (ConfUtils.java:logGet(43)) - raft.server.rpc.timeout.min = 5s (custom)
2019-09-26 16:03:31,016 [pool-87-thread-1] INFO  server.RaftServerConfigKeys (ConfUtils.java:logGet(43)) - raft.server.rpc.timeout.max = 5200ms (custom)
2019-09-26 16:03:31,017 [pool-87-thread-1] INFO  server.RaftServerConfigKeys (ConfUtils.java:logGet(43)) - raft.server.rpcslowness.timeout = 120s (custom)
2019-09-26 16:03:31,017 [pool-87-thread-1] INFO  server.RaftServerConfigKeys (ConfUtils.java:logGet(43)) - raft.server.sleep.deviation.threshold = 300 (default)
2019-09-26 16:03:31,017 [pool-87-thread-1] INFO  server.RaftServerConfigKeys (ConfUtils.java:logGet(43)) - raft.server.log.appender.install.snapshot.enabled = false (custom)
2019-09-26 16:03:31,017 [pool-87-thread-1] INFO  impl.RaftServerImpl (ServerState.java:<init>(103)) - 52409454-a635-4025-bc64-a21ce237eab6@group-BE849D3171E6: ConfigurationManager, init=-1: [52409454-a635-4025-bc64-a21ce237eab6:192.168.157.234:35565], old=null, confs=<EMPTY_MAP>
2019-09-26 16:03:31,018 [pool-87-thread-1] INFO  server.RaftServerConfigKeys (ConfUtils.java:logGet(43)) - raft.server.storage.dir = [/workdir/hadoop-ozone/integration-test/target/test-dir/MiniOzoneClusterImpl-e6b3eac8-f257-4ae4-aa9d-4144be51a25f/datanode-6/data/ratis] (custom)
2019-09-26 16:03:31,018 [pool-87-thread-1] INFO  storage.RaftStorageDirectory (RaftStorageDirectory.java:analyzeStorage(246)) - The storage directory /workdir/hadoop-ozone/integration-test/target/test-dir/MiniOzoneClusterImpl-e6b3eac8-f257-4ae4-aa9d-4144be51a25f/datanode-6/data/ratis/df69253a-cef4-4ec5-8c40-be849d3171e6 does not exist. Creating ...
2019-09-26 16:03:31,031 [pool-87-thread-1] INFO  storage.RaftStorageDirectory (RaftStorageDirectory.java:tryLock(328)) - Lock on /workdir/hadoop-ozone/integration-test/target/test-dir/MiniOzoneClusterImpl-e6b3eac8-f257-4ae4-aa9d-4144be51a25f/datanode-6/data/ratis/df69253a-cef4-4ec5-8c40-be849d3171e6/in_use.lock acquired by nodename 31074@pr-hdds-2162-htzpk-1451759861
2019-09-26 16:03:31,054 [pool-87-thread-1] INFO  storage.RaftStorage (RaftStorage.java:format(72)) - Storage directory /workdir/hadoop-ozone/integration-test/target/test-dir/MiniOzoneClusterImpl-e6b3eac8-f257-4ae4-aa9d-4144be51a25f/datanode-6/data/ratis/df69253a-cef4-4ec5-8c40-be849d3171e6 has been successfully formatted.
2019-09-26 16:03:31,057 [pool-87-thread-1] INFO  ratis.ContainerStateMachine (ContainerStateMachine.java:loadSnapshot(230)) - group-BE849D3171E6: The snapshot info is null. Setting the last applied indexto:(t:0, i:~)
2019-09-26 16:03:31,057 [pool-87-thread-1] INFO  server.RaftServerConfigKeys (ConfUtils.java:logGet(43)) - raft.server.notification.no-leader.timeout = 120s (custom)
2019-09-26 16:03:31,057 [pool-87-thread-1] INFO  server.RaftServerConfigKeys (ConfUtils.java:logGet(43)) - raft.server.log.use.memory = false (default)
2019-09-26 16:03:31,057 [pool-87-thread-1] INFO  server.RaftServerConfigKeys (ConfUtils.java:logGet(43)) - raft.server.log.purge.gap = 1000000 (custom)
2019-09-26 16:03:31,058 [pool-87-thread-1] INFO  server.RaftServerConfigKeys (ConfUtils.java:logGet(43)) - raft.server.log.appender.buffer.byte-limit = 33554432 (custom)
2019-09-26 16:03:31,058 [pool-87-thread-1] INFO  server.RaftServerConfigKeys (ConfUtils.java:logGet(43)) - raft.server.log.segment.size.max = 1048576 (custom)
2019-09-26 16:03:31,058 [pool-87-thread-1] INFO  server.RaftServerConfigKeys (ConfUtils.java:logGet(43)) - raft.server.log.segment.cache.num.max = 2 (custom)
2019-09-26 16:03:31,058 [pool-87-thread-1] INFO  segmented.SegmentedRaftLogWorker (SegmentedRaftLogWorker.java:<init>(172)) - new 52409454-a635-4025-bc64-a21ce237eab6@group-BE849D3171E6-SegmentedRaftLogWorker for RaftStorage:Storage Directory /workdir/hadoop-ozone/integration-test/target/test-dir/MiniOzoneClusterImpl-e6b3eac8-f257-4ae4-aa9d-4144be51a25f/datanode-6/data/ratis/df69253a-cef4-4ec5-8c40-be849d3171e6
2019-09-26 16:03:31,062 [pool-87-thread-1] INFO  server.RaftServerConfigKeys (ConfUtils.java:logGet(43)) - raft.server.log.queue.byte-limit = 2147483647 (custom)
2019-09-26 16:03:31,062 [pool-87-thread-1] INFO  server.RaftServerConfigKeys (ConfUtils.java:logGet(43)) - raft.server.log.queue.element-limit = 1024 (custom)
2019-09-26 16:03:31,062 [pool-87-thread-1] INFO  server.RaftServerConfigKeys (ConfUtils.java:logGet(43)) - raft.server.log.segment.size.max = 1048576 (custom)
2019-09-26 16:03:31,062 [pool-87-thread-1] INFO  server.RaftServerConfigKeys (ConfUtils.java:logGet(43)) - raft.server.log.preallocated.size = 16384 (custom)
2019-09-26 16:03:31,063 [pool-87-thread-1] INFO  server.RaftServerConfigKeys (ConfUtils.java:logGet(43)) - raft.server.log.write.buffer.size = 33554432 (custom)
2019-09-26 16:03:31,063 [pool-87-thread-1] INFO  server.RaftServerConfigKeys (ConfUtils.java:logGet(43)) - raft.server.log.force.sync.num = 128 (default)
2019-09-26 16:03:31,063 [pool-87-thread-1] INFO  server.RaftServerConfigKeys (ConfUtils.java:logGet(43)) - raft.server.log.statemachine.data.sync = true (default)
2019-09-26 16:03:31,063 [pool-87-thread-1] INFO  server.RaftServerConfigKeys (ConfUtils.java:logGet(43)) - raft.server.log.statemachine.data.sync.timeout = 10s (default)
2019-09-26 16:03:31,063 [pool-87-thread-1] INFO  server.RaftServerConfigKeys (ConfUtils.java:logGet(43)) - raft.server.log.statemachine.data.sync.timeout.retry = -1 (default)
2019-09-26 16:03:31,064 [pool-87-thread-1] INFO  server.RaftServerConfigKeys (ConfUtils.java:logGet(43)) - raft.server.log.statemachine.data.caching.enabled = true (custom)
2019-09-26 16:03:31,064 [pool-87-thread-1] INFO  segmented.SegmentedRaftLogWorker (SegmentedRaftLogWorker.java:lambda$new$0(132)) - 52409454-a635-4025-bc64-a21ce237eab6@group-BE849D3171E6-SegmentedRaftLogWorker: flushIndex: setUnconditionally 0 -> -1
2019-09-26 16:03:31,064 [pool-87-thread-1] INFO  server.RaftServerConfigKeys (ConfUtils.java:logGet(43)) - raft.server.snapshot.auto.trigger.enabled = true (custom)
2019-09-26 16:03:31,065 [pool-87-thread-1] INFO  server.RaftServerConfigKeys (ConfUtils.java:logGet(43)) - raft.server.snapshot.auto.trigger.threshold = 10000 (custom)
2019-09-26 16:03:31,065 [pool-87-thread-1] INFO  server.RaftServerConfigKeys (ConfUtils.java:logGet(43)) - raft.server.snapshot.retention.num.files = 5 (custom)
2019-09-26 16:03:31,065 [pool-87-thread-1] INFO  server.RaftServerConfigKeys (ConfUtils.java:logGet(43)) - raft.server.retrycache.expirytime = 600000ms (custom)
2019-09-26 16:03:31,068 [pool-87-thread-1] INFO  impl.RaftServerImpl (RaftServerImpl.java:start(185)) - 52409454-a635-4025-bc64-a21ce237eab6@group-BE849D3171E6: start as a follower, conf=-1: [52409454-a635-4025-bc64-a21ce237eab6:192.168.157.234:35565], old=null
2019-09-26 16:03:31,069 [pool-87-thread-1] INFO  impl.RaftServerImpl (RaftServerImpl.java:setRole(174)) - 52409454-a635-4025-bc64-a21ce237eab6@group-BE849D3171E6: changes role from      null to FOLLOWER at term 0 for startAsFollower
2019-09-26 16:03:31,069 [pool-87-thread-1] INFO  impl.RoleInfo (RoleInfo.java:updateAndGet(143)) - 52409454-a635-4025-bc64-a21ce237eab6: start FollowerState
2019-09-26 16:03:31,069 [pool-87-thread-1] INFO  util.JmxRegister (JmxRegister.java:tryRegister(44)) - Successfully registered JMX Bean with object name Ratis:service=RaftServer,group=group-BE849D3171E6,id=52409454-a635-4025-bc64-a21ce237eab6
2019-09-26 16:03:31,088 [RatisPipelineUtilsThread] INFO  pipeline.PipelineStateManager (PipelineStateManager.java:addPipeline(56)) - Created pipeline Pipeline[ Id: df69253a-cef4-4ec5-8c40-be849d3171e6, Nodes: 52409454-a635-4025-bc64-a21ce237eab6{ip: 192.168.157.234, host: pr-hdds-2162-htzpk-1451759861, networkLocation: /default-rack, certSerialId: null}, Type:RATIS, Factor:ONE, State:OPEN]
2019-09-26 16:03:31,124 [grpc-default-executor-1] INFO  impl.RaftServerProxy (RaftServerProxy.java:addNew(89)) - 48de5d4d-80aa-4db3-8305-07d8969acec5: addNew group-652419E1F15D:[947c5801-1794-4fdd-a08d-28b892c7eaef:192.168.157.234:33746, 48de5d4d-80aa-4db3-8305-07d8969acec5:192.168.157.234:43656, 62842ba7-8c68-4127-a44e-55d7d7ab4342:192.168.157.234:34781] returns group-652419E1F15D:java.util.concurrent.CompletableFuture@6c23f7fe[Not completed]
2019-09-26 16:03:31,124 [grpc-default-executor-2] INFO  impl.RaftServerProxy (RaftServerProxy.java:addNew(89)) - 62842ba7-8c68-4127-a44e-55d7d7ab4342: addNew group-652419E1F15D:[947c5801-1794-4fdd-a08d-28b892c7eaef:192.168.157.234:33746, 48de5d4d-80aa-4db3-8305-07d8969acec5:192.168.157.234:43656, 62842ba7-8c68-4127-a44e-55d7d7ab4342:192.168.157.234:34781] returns group-652419E1F15D:java.util.concurrent.CompletableFuture@7757fb40[Not completed]
2019-09-26 16:03:31,124 [grpc-default-executor-0] INFO  impl.RaftServerProxy (RaftServerProxy.java:addNew(89)) - 947c5801-1794-4fdd-a08d-28b892c7eaef: addNew group-652419E1F15D:[947c5801-1794-4fdd-a08d-28b892c7eaef:192.168.157.234:33746, 48de5d4d-80aa-4db3-8305-07d8969acec5:192.168.157.234:43656, 62842ba7-8c68-4127-a44e-55d7d7ab4342:192.168.157.234:34781] returns group-652419E1F15D:java.util.concurrent.CompletableFuture@5bb8484f[Not completed]
2019-09-26 16:03:31,126 [pool-27-thread-1] INFO  impl.RaftServerImpl (RaftServerImpl.java:<init>(95)) - 48de5d4d-80aa-4db3-8305-07d8969acec5: new RaftServerImpl for group-652419E1F15D:[947c5801-1794-4fdd-a08d-28b892c7eaef:192.168.157.234:33746, 48de5d4d-80aa-4db3-8305-07d8969acec5:192.168.157.234:43656, 62842ba7-8c68-4127-a44e-55d7d7ab4342:192.168.157.234:34781] with ContainerStateMachine:uninitialized
2019-09-26 16:03:31,127 [pool-27-thread-1] INFO  server.RaftServerConfigKeys (ConfUtils.java:logGet(43)) - raft.server.rpc.timeout.min = 5s (custom)
2019-09-26 16:03:31,127 [pool-27-thread-1] INFO  server.RaftServerConfigKeys (ConfUtils.java:logGet(43)) - raft.server.rpc.timeout.max = 5200ms (custom)
2019-09-26 16:03:31,127 [pool-27-thread-1] INFO  server.RaftServerConfigKeys (ConfUtils.java:logGet(43)) - raft.server.rpcslowness.timeout = 120s (custom)
2019-09-26 16:03:31,127 [pool-27-thread-1] INFO  server.RaftServerConfigKeys (ConfUtils.java:logGet(43)) - raft.server.sleep.deviation.threshold = 300 (default)
2019-09-26 16:03:31,127 [pool-37-thread-1] INFO  impl.RaftServerImpl (RaftServerImpl.java:<init>(95)) - 947c5801-1794-4fdd-a08d-28b892c7eaef: new RaftServerImpl for group-652419E1F15D:[947c5801-1794-4fdd-a08d-28b892c7eaef:192.168.157.234:33746, 48de5d4d-80aa-4db3-8305-07d8969acec5:192.168.157.234:43656, 62842ba7-8c68-4127-a44e-55d7d7ab4342:192.168.157.234:34781] with ContainerStateMachine:uninitialized
2019-09-26 16:03:31,128 [pool-27-thread-1] INFO  server.RaftServerConfigKeys (ConfUtils.java:logGet(43)) - raft.server.log.appender.install.snapshot.enabled = false (custom)
2019-09-26 16:03:31,128 [pool-37-thread-1] INFO  server.RaftServerConfigKeys (ConfUtils.java:logGet(43)) - raft.server.rpc.timeout.min = 5s (custom)
2019-09-26 16:03:31,128 [pool-27-thread-1] INFO  impl.RaftServerImpl (ServerState.java:<init>(103)) - 48de5d4d-80aa-4db3-8305-07d8969acec5@group-652419E1F15D: ConfigurationManager, init=-1: [947c5801-1794-4fdd-a08d-28b892c7eaef:192.168.157.234:33746, 48de5d4d-80aa-4db3-8305-07d8969acec5:192.168.157.234:43656, 62842ba7-8c68-4127-a44e-55d7d7ab4342:192.168.157.234:34781], old=null, confs=<EMPTY_MAP>
2019-09-26 16:03:31,128 [pool-37-thread-1] INFO  server.RaftServerConfigKeys (ConfUtils.java:logGet(43)) - raft.server.rpc.timeout.max = 5200ms (custom)
2019-09-26 16:03:31,128 [pool-37-thread-1] INFO  server.RaftServerConfigKeys (ConfUtils.java:logGet(43)) - raft.server.rpcslowness.timeout = 120s (custom)
2019-09-26 16:03:31,128 [pool-27-thread-1] INFO  server.RaftServerConfigKeys (ConfUtils.java:logGet(43)) - raft.server.storage.dir = [/workdir/hadoop-ozone/integration-test/target/test-dir/MiniOzoneClusterImpl-e6b3eac8-f257-4ae4-aa9d-4144be51a25f/datanode-0/data/ratis] (custom)
2019-09-26 16:03:31,128 [pool-37-thread-1] INFO  server.RaftServerConfigKeys (ConfUtils.java:logGet(43)) - raft.server.sleep.deviation.threshold = 300 (default)
2019-09-26 16:03:31,129 [pool-37-thread-1] INFO  server.RaftServerConfigKeys (ConfUtils.java:logGet(43)) - raft.server.log.appender.install.snapshot.enabled = false (custom)
2019-09-26 16:03:31,129 [pool-37-thread-1] INFO  impl.RaftServerImpl (ServerState.java:<init>(103)) - 947c5801-1794-4fdd-a08d-28b892c7eaef@group-652419E1F15D: ConfigurationManager, init=-1: [947c5801-1794-4fdd-a08d-28b892c7eaef:192.168.157.234:33746, 48de5d4d-80aa-4db3-8305-07d8969acec5:192.168.157.234:43656, 62842ba7-8c68-4127-a44e-55d7d7ab4342:192.168.157.234:34781], old=null, confs=<EMPTY_MAP>
2019-09-26 16:03:31,129 [pool-67-thread-1] INFO  impl.RaftServerImpl (RaftServerImpl.java:<init>(95)) - 62842ba7-8c68-4127-a44e-55d7d7ab4342: new RaftServerImpl for group-652419E1F15D:[947c5801-1794-4fdd-a08d-28b892c7eaef:192.168.157.234:33746, 48de5d4d-80aa-4db3-8305-07d8969acec5:192.168.157.234:43656, 62842ba7-8c68-4127-a44e-55d7d7ab4342:192.168.157.234:34781] with ContainerStateMachine:uninitialized
2019-09-26 16:03:31,129 [pool-37-thread-1] INFO  server.RaftServerConfigKeys (ConfUtils.java:logGet(43)) - raft.server.storage.dir = [/workdir/hadoop-ozone/integration-test/target/test-dir/MiniOzoneClusterImpl-e6b3eac8-f257-4ae4-aa9d-4144be51a25f/datanode-1/data/ratis] (custom)
2019-09-26 16:03:31,129 [pool-27-thread-1] INFO  storage.RaftStorageDirectory (RaftStorageDirectory.java:analyzeStorage(246)) - The storage directory /workdir/hadoop-ozone/integration-test/target/test-dir/MiniOzoneClusterImpl-e6b3eac8-f257-4ae4-aa9d-4144be51a25f/datanode-0/data/ratis/dc5840e4-c0d5-4780-8380-652419e1f15d does not exist. Creating ...
2019-09-26 16:03:31,129 [pool-67-thread-1] INFO  server.RaftServerConfigKeys (ConfUtils.java:logGet(43)) - raft.server.rpc.timeout.min = 5s (custom)
2019-09-26 16:03:31,129 [pool-37-thread-1] INFO  storage.RaftStorageDirectory (RaftStorageDirectory.java:analyzeStorage(246)) - The storage directory /workdir/hadoop-ozone/integration-test/target/test-dir/MiniOzoneClusterImpl-e6b3eac8-f257-4ae4-aa9d-4144be51a25f/datanode-1/data/ratis/dc5840e4-c0d5-4780-8380-652419e1f15d does not exist. Creating ...
2019-09-26 16:03:31,129 [pool-67-thread-1] INFO  server.RaftServerConfigKeys (ConfUtils.java:logGet(43)) - raft.server.rpc.timeout.max = 5200ms (custom)
2019-09-26 16:03:31,130 [pool-67-thread-1] INFO  server.RaftServerConfigKeys (ConfUtils.java:logGet(43)) - raft.server.rpcslowness.timeout = 120s (custom)
2019-09-26 16:03:31,130 [pool-67-thread-1] INFO  server.RaftServerConfigKeys (ConfUtils.java:logGet(43)) - raft.server.sleep.deviation.threshold = 300 (default)
2019-09-26 16:03:31,130 [pool-67-thread-1] INFO  server.RaftServerConfigKeys (ConfUtils.java:logGet(43)) - raft.server.log.appender.install.snapshot.enabled = false (custom)
2019-09-26 16:03:31,130 [pool-67-thread-1] INFO  impl.RaftServerImpl (ServerState.java:<init>(103)) - 62842ba7-8c68-4127-a44e-55d7d7ab4342@group-652419E1F15D: ConfigurationManager, init=-1: [947c5801-1794-4fdd-a08d-28b892c7eaef:192.168.157.234:33746, 48de5d4d-80aa-4db3-8305-07d8969acec5:192.168.157.234:43656, 62842ba7-8c68-4127-a44e-55d7d7ab4342:192.168.157.234:34781], old=null, confs=<EMPTY_MAP>
2019-09-26 16:03:31,130 [pool-67-thread-1] INFO  server.RaftServerConfigKeys (ConfUtils.java:logGet(43)) - raft.server.storage.dir = [/workdir/hadoop-ozone/integration-test/target/test-dir/MiniOzoneClusterImpl-e6b3eac8-f257-4ae4-aa9d-4144be51a25f/datanode-4/data/ratis] (custom)
2019-09-26 16:03:31,131 [pool-67-thread-1] INFO  storage.RaftStorageDirectory (RaftStorageDirectory.java:analyzeStorage(246)) - The storage directory /workdir/hadoop-ozone/integration-test/target/test-dir/MiniOzoneClusterImpl-e6b3eac8-f257-4ae4-aa9d-4144be51a25f/datanode-4/data/ratis/dc5840e4-c0d5-4780-8380-652419e1f15d does not exist. Creating ...
2019-09-26 16:03:31,144 [pool-67-thread-1] INFO  storage.RaftStorageDirectory (RaftStorageDirectory.java:tryLock(328)) - Lock on /workdir/hadoop-ozone/integration-test/target/test-dir/MiniOzoneClusterImpl-e6b3eac8-f257-4ae4-aa9d-4144be51a25f/datanode-4/data/ratis/dc5840e4-c0d5-4780-8380-652419e1f15d/in_use.lock acquired by nodename 31074@pr-hdds-2162-htzpk-1451759861
2019-09-26 16:03:31,144 [pool-27-thread-1] INFO  storage.RaftStorageDirectory (RaftStorageDirectory.java:tryLock(328)) - Lock on /workdir/hadoop-ozone/integration-test/target/test-dir/MiniOzoneClusterImpl-e6b3eac8-f257-4ae4-aa9d-4144be51a25f/datanode-0/data/ratis/dc5840e4-c0d5-4780-8380-652419e1f15d/in_use.lock acquired by nodename 31074@pr-hdds-2162-htzpk-1451759861
2019-09-26 16:03:31,144 [pool-37-thread-1] INFO  storage.RaftStorageDirectory (RaftStorageDirectory.java:tryLock(328)) - Lock on /workdir/hadoop-ozone/integration-test/target/test-dir/MiniOzoneClusterImpl-e6b3eac8-f257-4ae4-aa9d-4144be51a25f/datanode-1/data/ratis/dc5840e4-c0d5-4780-8380-652419e1f15d/in_use.lock acquired by nodename 31074@pr-hdds-2162-htzpk-1451759861
2019-09-26 16:03:31,159 [pool-27-thread-1] INFO  storage.RaftStorage (RaftStorage.java:format(72)) - Storage directory /workdir/hadoop-ozone/integration-test/target/test-dir/MiniOzoneClusterImpl-e6b3eac8-f257-4ae4-aa9d-4144be51a25f/datanode-0/data/ratis/dc5840e4-c0d5-4780-8380-652419e1f15d has been successfully formatted.
2019-09-26 16:03:31,159 [pool-67-thread-1] INFO  storage.RaftStorage (RaftStorage.java:format(72)) - Storage directory /workdir/hadoop-ozone/integration-test/target/test-dir/MiniOzoneClusterImpl-e6b3eac8-f257-4ae4-aa9d-4144be51a25f/datanode-4/data/ratis/dc5840e4-c0d5-4780-8380-652419e1f15d has been successfully formatted.
2019-09-26 16:03:31,159 [pool-27-thread-1] INFO  ratis.ContainerStateMachine (ContainerStateMachine.java:loadSnapshot(230)) - group-652419E1F15D: The snapshot info is null. Setting the last applied indexto:(t:0, i:~)
2019-09-26 16:03:31,159 [pool-37-thread-1] INFO  storage.RaftStorage (RaftStorage.java:format(72)) - Storage directory /workdir/hadoop-ozone/integration-test/target/test-dir/MiniOzoneClusterImpl-e6b3eac8-f257-4ae4-aa9d-4144be51a25f/datanode-1/data/ratis/dc5840e4-c0d5-4780-8380-652419e1f15d has been successfully formatted.
2019-09-26 16:03:31,160 [pool-27-thread-1] INFO  server.RaftServerConfigKeys (ConfUtils.java:logGet(43)) - raft.server.notification.no-leader.timeout = 120s (custom)
2019-09-26 16:03:31,160 [pool-67-thread-1] INFO  ratis.ContainerStateMachine (ContainerStateMachine.java:loadSnapshot(230)) - group-652419E1F15D: The snapshot info is null. Setting the last applied indexto:(t:0, i:~)
2019-09-26 16:03:31,160 [pool-37-thread-1] INFO  ratis.ContainerStateMachine (ContainerStateMachine.java:loadSnapshot(230)) - group-652419E1F15D: The snapshot info is null. Setting the last applied indexto:(t:0, i:~)
2019-09-26 16:03:31,160 [pool-27-thread-1] INFO  server.RaftServerConfigKeys (ConfUtils.java:logGet(43)) - raft.server.log.use.memory = false (default)
2019-09-26 16:03:31,161 [pool-37-thread-1] INFO  server.RaftServerConfigKeys (ConfUtils.java:logGet(43)) - raft.server.notification.no-leader.timeout = 120s (custom)
2019-09-26 16:03:31,160 [pool-67-thread-1] INFO  server.RaftServerConfigKeys (ConfUtils.java:logGet(43)) - raft.server.notification.no-leader.timeout = 120s (custom)
2019-09-26 16:03:31,161 [pool-37-thread-1] INFO  server.RaftServerConfigKeys (ConfUtils.java:logGet(43)) - raft.server.log.use.memory = false (default)
2019-09-26 16:03:31,161 [pool-27-thread-1] INFO  server.RaftServerConfigKeys (ConfUtils.java:logGet(43)) - raft.server.log.purge.gap = 1000000 (custom)
2019-09-26 16:03:31,161 [pool-37-thread-1] INFO  server.RaftServerConfigKeys (ConfUtils.java:logGet(43)) - raft.server.log.purge.gap = 1000000 (custom)
2019-09-26 16:03:31,161 [pool-67-thread-1] INFO  server.RaftServerConfigKeys (ConfUtils.java:logGet(43)) - raft.server.log.use.memory = false (default)
2019-09-26 16:03:31,162 [pool-37-thread-1] INFO  server.RaftServerConfigKeys (ConfUtils.java:logGet(43)) - raft.server.log.appender.buffer.byte-limit = 33554432 (custom)
2019-09-26 16:03:31,161 [pool-27-thread-1] INFO  server.RaftServerConfigKeys (ConfUtils.java:logGet(43)) - raft.server.log.appender.buffer.byte-limit = 33554432 (custom)
2019-09-26 16:03:31,162 [pool-37-thread-1] INFO  server.RaftServerConfigKeys (ConfUtils.java:logGet(43)) - raft.server.log.segment.size.max = 1048576 (custom)
2019-09-26 16:03:31,162 [pool-67-thread-1] INFO  server.RaftServerConfigKeys (ConfUtils.java:logGet(43)) - raft.server.log.purge.gap = 1000000 (custom)
2019-09-26 16:03:31,162 [pool-37-thread-1] INFO  server.RaftServerConfigKeys (ConfUtils.java:logGet(43)) - raft.server.log.segment.cache.num.max = 2 (custom)
2019-09-26 16:03:31,162 [pool-27-thread-1] INFO  server.RaftServerConfigKeys (ConfUtils.java:logGet(43)) - raft.server.log.segment.size.max = 1048576 (custom)
2019-09-26 16:03:31,163 [pool-37-thread-1] INFO  segmented.SegmentedRaftLogWorker (SegmentedRaftLogWorker.java:<init>(172)) - new 947c5801-1794-4fdd-a08d-28b892c7eaef@group-652419E1F15D-SegmentedRaftLogWorker for RaftStorage:Storage Directory /workdir/hadoop-ozone/integration-test/target/test-dir/MiniOzoneClusterImpl-e6b3eac8-f257-4ae4-aa9d-4144be51a25f/datanode-1/data/ratis/dc5840e4-c0d5-4780-8380-652419e1f15d
2019-09-26 16:03:31,163 [pool-67-thread-1] INFO  server.RaftServerConfigKeys (ConfUtils.java:logGet(43)) - raft.server.log.appender.buffer.byte-limit = 33554432 (custom)
2019-09-26 16:03:31,163 [pool-37-thread-1] INFO  server.RaftServerConfigKeys (ConfUtils.java:logGet(43)) - raft.server.log.queue.byte-limit = 2147483647 (custom)
2019-09-26 16:03:31,163 [pool-27-thread-1] INFO  server.RaftServerConfigKeys (ConfUtils.java:logGet(43)) - raft.server.log.segment.cache.num.max = 2 (custom)
2019-09-26 16:03:31,163 [pool-37-thread-1] INFO  server.RaftServerConfigKeys (ConfUtils.java:logGet(43)) - raft.server.log.queue.element-limit = 1024 (custom)
2019-09-26 16:03:31,163 [pool-67-thread-1] INFO  server.RaftServerConfigKeys (ConfUtils.java:logGet(43)) - raft.server.log.segment.size.max = 1048576 (custom)
2019-09-26 16:03:31,164 [pool-37-thread-1] INFO  server.RaftServerConfigKeys (ConfUtils.java:logGet(43)) - raft.server.log.segment.size.max = 1048576 (custom)
2019-09-26 16:03:31,164 [pool-27-thread-1] INFO  segmented.SegmentedRaftLogWorker (SegmentedRaftLogWorker.java:<init>(172)) - new 48de5d4d-80aa-4db3-8305-07d8969acec5@group-652419E1F15D-SegmentedRaftLogWorker for RaftStorage:Storage Directory /workdir/hadoop-ozone/integration-test/target/test-dir/MiniOzoneClusterImpl-e6b3eac8-f257-4ae4-aa9d-4144be51a25f/datanode-0/data/ratis/dc5840e4-c0d5-4780-8380-652419e1f15d
2019-09-26 16:03:31,164 [pool-37-thread-1] INFO  server.RaftServerConfigKeys (ConfUtils.java:logGet(43)) - raft.server.log.preallocated.size = 16384 (custom)
2019-09-26 16:03:31,164 [pool-67-thread-1] INFO  server.RaftServerConfigKeys (ConfUtils.java:logGet(43)) - raft.server.log.segment.cache.num.max = 2 (custom)
2019-09-26 16:03:31,165 [pool-37-thread-1] INFO  server.RaftServerConfigKeys (ConfUtils.java:logGet(43)) - raft.server.log.write.buffer.size = 33554432 (custom)
2019-09-26 16:03:31,164 [pool-27-thread-1] INFO  server.RaftServerConfigKeys (ConfUtils.java:logGet(43)) - raft.server.log.queue.byte-limit = 2147483647 (custom)
2019-09-26 16:03:31,165 [pool-37-thread-1] INFO  server.RaftServerConfigKeys (ConfUtils.java:logGet(43)) - raft.server.log.force.sync.num = 128 (default)
2019-09-26 16:03:31,165 [pool-67-thread-1] INFO  segmented.SegmentedRaftLogWorker (SegmentedRaftLogWorker.java:<init>(172)) - new 62842ba7-8c68-4127-a44e-55d7d7ab4342@group-652419E1F15D-SegmentedRaftLogWorker for RaftStorage:Storage Directory /workdir/hadoop-ozone/integration-test/target/test-dir/MiniOzoneClusterImpl-e6b3eac8-f257-4ae4-aa9d-4144be51a25f/datanode-4/data/ratis/dc5840e4-c0d5-4780-8380-652419e1f15d
2019-09-26 16:03:31,165 [pool-37-thread-1] INFO  server.RaftServerConfigKeys (ConfUtils.java:logGet(43)) - raft.server.log.statemachine.data.sync = true (default)
2019-09-26 16:03:31,165 [pool-27-thread-1] INFO  server.RaftServerConfigKeys (ConfUtils.java:logGet(43)) - raft.server.log.queue.element-limit = 1024 (custom)
2019-09-26 16:03:31,166 [pool-37-thread-1] INFO  server.RaftServerConfigKeys (ConfUtils.java:logGet(43)) - raft.server.log.statemachine.data.sync.timeout = 10s (default)
2019-09-26 16:03:31,166 [pool-67-thread-1] INFO  server.RaftServerConfigKeys (ConfUtils.java:logGet(43)) - raft.server.log.queue.byte-limit = 2147483647 (custom)
2019-09-26 16:03:31,166 [pool-37-thread-1] INFO  server.RaftServerConfigKeys (ConfUtils.java:logGet(43)) - raft.server.log.statemachine.data.sync.timeout.retry = -1 (default)
2019-09-26 16:03:31,166 [pool-27-thread-1] INFO  server.RaftServerConfigKeys (ConfUtils.java:logGet(43)) - raft.server.log.segment.size.max = 1048576 (custom)
2019-09-26 16:03:31,166 [pool-67-thread-1] INFO  server.RaftServerConfigKeys (ConfUtils.java:logGet(43)) - raft.server.log.queue.element-limit = 1024 (custom)
2019-09-26 16:03:31,167 [pool-37-thread-1] INFO  server.RaftServerConfigKeys (ConfUtils.java:logGet(43)) - raft.server.log.statemachine.data.caching.enabled = true (custom)
2019-09-26 16:03:31,167 [pool-27-thread-1] INFO  server.RaftServerConfigKeys (ConfUtils.java:logGet(43)) - raft.server.log.preallocated.size = 16384 (custom)
2019-09-26 16:03:31,167 [pool-67-thread-1] INFO  server.RaftServerConfigKeys (ConfUtils.java:logGet(43)) - raft.server.log.segment.size.max = 1048576 (custom)
2019-09-26 16:03:31,167 [pool-27-thread-1] INFO  server.RaftServerConfigKeys (ConfUtils.java:logGet(43)) - raft.server.log.write.buffer.size = 33554432 (custom)
2019-09-26 16:03:31,167 [pool-67-thread-1] INFO  server.RaftServerConfigKeys (ConfUtils.java:logGet(43)) - raft.server.log.preallocated.size = 16384 (custom)
2019-09-26 16:03:31,167 [pool-37-thread-1] INFO  segmented.SegmentedRaftLogWorker (SegmentedRaftLogWorker.java:lambda$new$0(132)) - 947c5801-1794-4fdd-a08d-28b892c7eaef@group-652419E1F15D-SegmentedRaftLogWorker: flushIndex: setUnconditionally 0 -> -1
2019-09-26 16:03:31,168 [pool-67-thread-1] INFO  server.RaftServerConfigKeys (ConfUtils.java:logGet(43)) - raft.server.log.write.buffer.size = 33554432 (custom)
2019-09-26 16:03:31,168 [pool-67-thread-1] INFO  server.RaftServerConfigKeys (ConfUtils.java:logGet(43)) - raft.server.log.force.sync.num = 128 (default)
2019-09-26 16:03:31,168 [pool-27-thread-1] INFO  server.RaftServerConfigKeys (ConfUtils.java:logGet(43)) - raft.server.log.force.sync.num = 128 (default)
2019-09-26 16:03:31,168 [pool-67-thread-1] INFO  server.RaftServerConfigKeys (ConfUtils.java:logGet(43)) - raft.server.log.statemachine.data.sync = true (default)
2019-09-26 16:03:31,168 [pool-37-thread-1] INFO  server.RaftServerConfigKeys (ConfUtils.java:logGet(43)) - raft.server.snapshot.auto.trigger.enabled = true (custom)
2019-09-26 16:03:31,169 [pool-67-thread-1] INFO  server.RaftServerConfigKeys (ConfUtils.java:logGet(43)) - raft.server.log.statemachine.data.sync.timeout = 10s (default)
2019-09-26 16:03:31,169 [pool-27-thread-1] INFO  server.RaftServerConfigKeys (ConfUtils.java:logGet(43)) - raft.server.log.statemachine.data.sync = true (default)
2019-09-26 16:03:31,169 [pool-67-thread-1] INFO  server.RaftServerConfigKeys (ConfUtils.java:logGet(43)) - raft.server.log.statemachine.data.sync.timeout.retry = -1 (default)
2019-09-26 16:03:31,169 [pool-37-thread-1] INFO  server.RaftServerConfigKeys (ConfUtils.java:logGet(43)) - raft.server.snapshot.auto.trigger.threshold = 10000 (custom)
2019-09-26 16:03:31,170 [pool-67-thread-1] INFO  server.RaftServerConfigKeys (ConfUtils.java:logGet(43)) - raft.server.log.statemachine.data.caching.enabled = true (custom)
2019-09-26 16:03:31,169 [pool-27-thread-1] INFO  server.RaftServerConfigKeys (ConfUtils.java:logGet(43)) - raft.server.log.statemachine.data.sync.timeout = 10s (default)
2019-09-26 16:03:31,170 [pool-37-thread-1] INFO  server.RaftServerConfigKeys (ConfUtils.java:logGet(43)) - raft.server.snapshot.retention.num.files = 5 (custom)
2019-09-26 16:03:31,170 [pool-67-thread-1] INFO  segmented.SegmentedRaftLogWorker (SegmentedRaftLogWorker.java:lambda$new$0(132)) - 62842ba7-8c68-4127-a44e-55d7d7ab4342@group-652419E1F15D-SegmentedRaftLogWorker: flushIndex: setUnconditionally 0 -> -1
2019-09-26 16:03:31,170 [pool-37-thread-1] INFO  server.RaftServerConfigKeys (ConfUtils.java:logGet(43)) - raft.server.retrycache.expirytime = 600000ms (custom)
2019-09-26 16:03:31,170 [pool-27-thread-1] INFO  server.RaftServerConfigKeys (ConfUtils.java:logGet(43)) - raft.server.log.statemachine.data.sync.timeout.retry = -1 (default)
2019-09-26 16:03:31,171 [pool-67-thread-1] INFO  server.RaftServerConfigKeys (ConfUtils.java:logGet(43)) - raft.server.snapshot.auto.trigger.enabled = true (custom)
2019-09-26 16:03:31,171 [pool-27-thread-1] INFO  server.RaftServerConfigKeys (ConfUtils.java:logGet(43)) - raft.server.log.statemachine.data.caching.enabled = true (custom)
2019-09-26 16:03:31,171 [pool-67-thread-1] INFO  server.RaftServerConfigKeys (ConfUtils.java:logGet(43)) - raft.server.snapshot.auto.trigger.threshold = 10000 (custom)
2019-09-26 16:03:31,171 [pool-67-thread-1] INFO  server.RaftServerConfigKeys (ConfUtils.java:logGet(43)) - raft.server.snapshot.retention.num.files = 5 (custom)
2019-09-26 16:03:31,171 [pool-27-thread-1] INFO  segmented.SegmentedRaftLogWorker (SegmentedRaftLogWorker.java:lambda$new$0(132)) - 48de5d4d-80aa-4db3-8305-07d8969acec5@group-652419E1F15D-SegmentedRaftLogWorker: flushIndex: setUnconditionally 0 -> -1
2019-09-26 16:03:31,171 [pool-67-thread-1] INFO  server.RaftServerConfigKeys (ConfUtils.java:logGet(43)) - raft.server.retrycache.expirytime = 600000ms (custom)
2019-09-26 16:03:31,172 [pool-27-thread-1] INFO  server.RaftServerConfigKeys (ConfUtils.java:logGet(43)) - raft.server.snapshot.auto.trigger.enabled = true (custom)
2019-09-26 16:03:31,172 [pool-27-thread-1] INFO  server.RaftServerConfigKeys (ConfUtils.java:logGet(43)) - raft.server.snapshot.auto.trigger.threshold = 10000 (custom)
2019-09-26 16:03:31,172 [pool-27-thread-1] INFO  server.RaftServerConfigKeys (ConfUtils.java:logGet(43)) - raft.server.snapshot.retention.num.files = 5 (custom)
2019-09-26 16:03:31,172 [pool-27-thread-1] INFO  server.RaftServerConfigKeys (ConfUtils.java:logGet(43)) - raft.server.retrycache.expirytime = 600000ms (custom)
2019-09-26 16:03:31,177 [pool-37-thread-1] INFO  impl.RaftServerImpl (RaftServerImpl.java:start(185)) - 947c5801-1794-4fdd-a08d-28b892c7eaef@group-652419E1F15D: start as a follower, conf=-1: [947c5801-1794-4fdd-a08d-28b892c7eaef:192.168.157.234:33746, 48de5d4d-80aa-4db3-8305-07d8969acec5:192.168.157.234:43656, 62842ba7-8c68-4127-a44e-55d7d7ab4342:192.168.157.234:34781], old=null
2019-09-26 16:03:31,177 [pool-37-thread-1] INFO  impl.RaftServerImpl (RaftServerImpl.java:setRole(174)) - 947c5801-1794-4fdd-a08d-28b892c7eaef@group-652419E1F15D: changes role from      null to FOLLOWER at term 0 for startAsFollower
2019-09-26 16:03:31,177 [pool-37-thread-1] INFO  impl.RoleInfo (RoleInfo.java:updateAndGet(143)) - 947c5801-1794-4fdd-a08d-28b892c7eaef: start FollowerState
2019-09-26 16:03:31,178 [pool-67-thread-1] INFO  impl.RaftServerImpl (RaftServerImpl.java:start(185)) - 62842ba7-8c68-4127-a44e-55d7d7ab4342@group-652419E1F15D: start as a follower, conf=-1: [947c5801-1794-4fdd-a08d-28b892c7eaef:192.168.157.234:33746, 48de5d4d-80aa-4db3-8305-07d8969acec5:192.168.157.234:43656, 62842ba7-8c68-4127-a44e-55d7d7ab4342:192.168.157.234:34781], old=null
2019-09-26 16:03:31,178 [pool-27-thread-1] INFO  impl.RaftServerImpl (RaftServerImpl.java:start(185)) - 48de5d4d-80aa-4db3-8305-07d8969acec5@group-652419E1F15D: start as a follower, conf=-1: [947c5801-1794-4fdd-a08d-28b892c7eaef:192.168.157.234:33746, 48de5d4d-80aa-4db3-8305-07d8969acec5:192.168.157.234:43656, 62842ba7-8c68-4127-a44e-55d7d7ab4342:192.168.157.234:34781], old=null
2019-09-26 16:03:31,178 [pool-27-thread-1] INFO  impl.RaftServerImpl (RaftServerImpl.java:setRole(174)) - 48de5d4d-80aa-4db3-8305-07d8969acec5@group-652419E1F15D: changes role from      null to FOLLOWER at term 0 for startAsFollower
2019-09-26 16:03:31,178 [pool-37-thread-1] INFO  util.JmxRegister (JmxRegister.java:tryRegister(44)) - Successfully registered JMX Bean with object name Ratis:service=RaftServer,group=group-652419E1F15D,id=947c5801-1794-4fdd-a08d-28b892c7eaef
2019-09-26 16:03:31,178 [pool-27-thread-1] INFO  impl.RoleInfo (RoleInfo.java:updateAndGet(143)) - 48de5d4d-80aa-4db3-8305-07d8969acec5: start FollowerState
2019-09-26 16:03:31,178 [pool-67-thread-1] INFO  impl.RaftServerImpl (RaftServerImpl.java:setRole(174)) - 62842ba7-8c68-4127-a44e-55d7d7ab4342@group-652419E1F15D: changes role from      null to FOLLOWER at term 0 for startAsFollower
2019-09-26 16:03:31,179 [pool-67-thread-1] INFO  impl.RoleInfo (RoleInfo.java:updateAndGet(143)) - 62842ba7-8c68-4127-a44e-55d7d7ab4342: start FollowerState
2019-09-26 16:03:31,179 [pool-27-thread-1] INFO  util.JmxRegister (JmxRegister.java:tryRegister(44)) - Successfully registered JMX Bean with object name Ratis:service=RaftServer,group=group-652419E1F15D,id=48de5d4d-80aa-4db3-8305-07d8969acec5
2019-09-26 16:03:31,179 [pool-67-thread-1] INFO  util.JmxRegister (JmxRegister.java:tryRegister(44)) - Successfully registered JMX Bean with object name Ratis:service=RaftServer,group=group-652419E1F15D,id=62842ba7-8c68-4127-a44e-55d7d7ab4342
2019-09-26 16:03:31,208 [RatisPipelineUtilsThread] INFO  pipeline.PipelineStateManager (PipelineStateManager.java:addPipeline(56)) - Created pipeline Pipeline[ Id: dc5840e4-c0d5-4780-8380-652419e1f15d, Nodes: 48de5d4d-80aa-4db3-8305-07d8969acec5{ip: 192.168.157.234, host: pr-hdds-2162-htzpk-1451759861, networkLocation: /default-rack, certSerialId: null}947c5801-1794-4fdd-a08d-28b892c7eaef{ip: 192.168.157.234, host: pr-hdds-2162-htzpk-1451759861, networkLocation: /default-rack, certSerialId: null}62842ba7-8c68-4127-a44e-55d7d7ab4342{ip: 192.168.157.234, host: pr-hdds-2162-htzpk-1451759861, networkLocation: /default-rack, certSerialId: null}, Type:RATIS, Factor:THREE, State:OPEN]
2019-09-26 16:03:31,229 [main] INFO  ipc.Client (Client.java:handleConnectionFailure(948)) - Retrying connect to server: localhost/127.0.0.1:0. Already tried 0 time(s); retry policy is RetryUpToMaximumCountWithFixedSleep(maxRetries=10, sleepTime=1000 MILLISECONDS)
2019-09-26 16:03:31,251 [grpc-default-executor-0] INFO  impl.RaftServerProxy (RaftServerProxy.java:addNew(89)) - 147c816b-a366-4aae-aa7b-87981ba2da73: addNew group-DD5A3C6E8262:[fec3750d-6dc3-4624-a01f-e7799a846917:192.168.157.234:44292, 147c816b-a366-4aae-aa7b-87981ba2da73:192.168.157.234:33171, 89ab1f74-7e20-414f-8e85-0b96306ed4b0:192.168.157.234:36984] returns group-DD5A3C6E8262:java.util.concurrent.CompletableFuture@3fda680c[Not completed]
2019-09-26 16:03:31,253 [grpc-default-executor-1] INFO  impl.RaftServerProxy (RaftServerProxy.java:addNew(89)) - fec3750d-6dc3-4624-a01f-e7799a846917: addNew group-DD5A3C6E8262:[fec3750d-6dc3-4624-a01f-e7799a846917:192.168.157.234:44292, 147c816b-a366-4aae-aa7b-87981ba2da73:192.168.157.234:33171, 89ab1f74-7e20-414f-8e85-0b96306ed4b0:192.168.157.234:36984] returns group-DD5A3C6E8262:java.util.concurrent.CompletableFuture@13a4a258[Not completed]
2019-09-26 16:03:31,253 [grpc-default-executor-2] INFO  impl.RaftServerProxy (RaftServerProxy.java:addNew(89)) - 89ab1f74-7e20-414f-8e85-0b96306ed4b0: addNew group-DD5A3C6E8262:[fec3750d-6dc3-4624-a01f-e7799a846917:192.168.157.234:44292, 147c816b-a366-4aae-aa7b-87981ba2da73:192.168.157.234:33171, 89ab1f74-7e20-414f-8e85-0b96306ed4b0:192.168.157.234:36984] returns group-DD5A3C6E8262:java.util.concurrent.CompletableFuture@33fa43a4[Not completed]
2019-09-26 16:03:31,256 [pool-77-thread-1] INFO  impl.RaftServerImpl (RaftServerImpl.java:<init>(95)) - fec3750d-6dc3-4624-a01f-e7799a846917: new RaftServerImpl for group-DD5A3C6E8262:[fec3750d-6dc3-4624-a01f-e7799a846917:192.168.157.234:44292, 147c816b-a366-4aae-aa7b-87981ba2da73:192.168.157.234:33171, 89ab1f74-7e20-414f-8e85-0b96306ed4b0:192.168.157.234:36984] with ContainerStateMachine:uninitialized
2019-09-26 16:03:31,256 [pool-77-thread-1] INFO  server.RaftServerConfigKeys (ConfUtils.java:logGet(43)) - raft.server.rpc.timeout.min = 5s (custom)
2019-09-26 16:03:31,256 [pool-77-thread-1] INFO  server.RaftServerConfigKeys (ConfUtils.java:logGet(43)) - raft.server.rpc.timeout.max = 5200ms (custom)
2019-09-26 16:03:31,256 [pool-77-thread-1] INFO  server.RaftServerConfigKeys (ConfUtils.java:logGet(43)) - raft.server.rpcslowness.timeout = 120s (custom)
2019-09-26 16:03:31,257 [pool-77-thread-1] INFO  server.RaftServerConfigKeys (ConfUtils.java:logGet(43)) - raft.server.sleep.deviation.threshold = 300 (default)
2019-09-26 16:03:31,257 [pool-77-thread-1] INFO  server.RaftServerConfigKeys (ConfUtils.java:logGet(43)) - raft.server.log.appender.install.snapshot.enabled = false (custom)
2019-09-26 16:03:31,257 [pool-77-thread-1] INFO  impl.RaftServerImpl (ServerState.java:<init>(103)) - fec3750d-6dc3-4624-a01f-e7799a846917@group-DD5A3C6E8262: ConfigurationManager, init=-1: [fec3750d-6dc3-4624-a01f-e7799a846917:192.168.157.234:44292, 147c816b-a366-4aae-aa7b-87981ba2da73:192.168.157.234:33171, 89ab1f74-7e20-414f-8e85-0b96306ed4b0:192.168.157.234:36984], old=null, confs=<EMPTY_MAP>
2019-09-26 16:03:31,257 [pool-77-thread-1] INFO  server.RaftServerConfigKeys (ConfUtils.java:logGet(43)) - raft.server.storage.dir = [/workdir/hadoop-ozone/integration-test/target/test-dir/MiniOzoneClusterImpl-e6b3eac8-f257-4ae4-aa9d-4144be51a25f/datanode-5/data/ratis] (custom)
2019-09-26 16:03:31,257 [pool-57-thread-1] INFO  impl.RaftServerImpl (RaftServerImpl.java:<init>(95)) - 147c816b-a366-4aae-aa7b-87981ba2da73: new RaftServerImpl for group-DD5A3C6E8262:[fec3750d-6dc3-4624-a01f-e7799a846917:192.168.157.234:44292, 147c816b-a366-4aae-aa7b-87981ba2da73:192.168.157.234:33171, 89ab1f74-7e20-414f-8e85-0b96306ed4b0:192.168.157.234:36984] with ContainerStateMachine:uninitialized
2019-09-26 16:03:31,258 [pool-57-thread-1] INFO  server.RaftServerConfigKeys (ConfUtils.java:logGet(43)) - raft.server.rpc.timeout.min = 5s (custom)
2019-09-26 16:03:31,258 [pool-77-thread-1] INFO  storage.RaftStorageDirectory (RaftStorageDirectory.java:analyzeStorage(246)) - The storage directory /workdir/hadoop-ozone/integration-test/target/test-dir/MiniOzoneClusterImpl-e6b3eac8-f257-4ae4-aa9d-4144be51a25f/datanode-5/data/ratis/875ee8e1-dd55-443d-85cb-dd5a3c6e8262 does not exist. Creating ...
2019-09-26 16:03:31,258 [pool-57-thread-1] INFO  server.RaftServerConfigKeys (ConfUtils.java:logGet(43)) - raft.server.rpc.timeout.max = 5200ms (custom)
2019-09-26 16:03:31,258 [pool-57-thread-1] INFO  server.RaftServerConfigKeys (ConfUtils.java:logGet(43)) - raft.server.rpcslowness.timeout = 120s (custom)
2019-09-26 16:03:31,258 [pool-57-thread-1] INFO  server.RaftServerConfigKeys (ConfUtils.java:logGet(43)) - raft.server.sleep.deviation.threshold = 300 (default)
2019-09-26 16:03:31,258 [pool-57-thread-1] INFO  server.RaftServerConfigKeys (ConfUtils.java:logGet(43)) - raft.server.log.appender.install.snapshot.enabled = false (custom)
2019-09-26 16:03:31,259 [pool-57-thread-1] INFO  impl.RaftServerImpl (ServerState.java:<init>(103)) - 147c816b-a366-4aae-aa7b-87981ba2da73@group-DD5A3C6E8262: ConfigurationManager, init=-1: [fec3750d-6dc3-4624-a01f-e7799a846917:192.168.157.234:44292, 147c816b-a366-4aae-aa7b-87981ba2da73:192.168.157.234:33171, 89ab1f74-7e20-414f-8e85-0b96306ed4b0:192.168.157.234:36984], old=null, confs=<EMPTY_MAP>
2019-09-26 16:03:31,259 [pool-57-thread-1] INFO  server.RaftServerConfigKeys (ConfUtils.java:logGet(43)) - raft.server.storage.dir = [/workdir/hadoop-ozone/integration-test/target/test-dir/MiniOzoneClusterImpl-e6b3eac8-f257-4ae4-aa9d-4144be51a25f/datanode-3/data/ratis] (custom)
2019-09-26 16:03:31,259 [pool-47-thread-1] INFO  impl.RaftServerImpl (RaftServerImpl.java:<init>(95)) - 89ab1f74-7e20-414f-8e85-0b96306ed4b0: new RaftServerImpl for group-DD5A3C6E8262:[fec3750d-6dc3-4624-a01f-e7799a846917:192.168.157.234:44292, 147c816b-a366-4aae-aa7b-87981ba2da73:192.168.157.234:33171, 89ab1f74-7e20-414f-8e85-0b96306ed4b0:192.168.157.234:36984] with ContainerStateMachine:uninitialized
2019-09-26 16:03:31,259 [pool-47-thread-1] INFO  server.RaftServerConfigKeys (ConfUtils.java:logGet(43)) - raft.server.rpc.timeout.min = 5s (custom)
2019-09-26 16:03:31,259 [pool-57-thread-1] INFO  storage.RaftStorageDirectory (RaftStorageDirectory.java:analyzeStorage(246)) - The storage directory /workdir/hadoop-ozone/integration-test/target/test-dir/MiniOzoneClusterImpl-e6b3eac8-f257-4ae4-aa9d-4144be51a25f/datanode-3/data/ratis/875ee8e1-dd55-443d-85cb-dd5a3c6e8262 does not exist. Creating ...
2019-09-26 16:03:31,260 [pool-47-thread-1] INFO  server.RaftServerConfigKeys (ConfUtils.java:logGet(43)) - raft.server.rpc.timeout.max = 5200ms (custom)
2019-09-26 16:03:31,260 [pool-47-thread-1] INFO  server.RaftServerConfigKeys (ConfUtils.java:logGet(43)) - raft.server.rpcslowness.timeout = 120s (custom)
2019-09-26 16:03:31,260 [pool-47-thread-1] INFO  server.RaftServerConfigKeys (ConfUtils.java:logGet(43)) - raft.server.sleep.deviation.threshold = 300 (default)
2019-09-26 16:03:31,260 [pool-47-thread-1] INFO  server.RaftServerConfigKeys (ConfUtils.java:logGet(43)) - raft.server.log.appender.install.snapshot.enabled = false (custom)
2019-09-26 16:03:31,261 [pool-47-thread-1] INFO  impl.RaftServerImpl (ServerState.java:<init>(103)) - 89ab1f74-7e20-414f-8e85-0b96306ed4b0@group-DD5A3C6E8262: ConfigurationManager, init=-1: [fec3750d-6dc3-4624-a01f-e7799a846917:192.168.157.234:44292, 147c816b-a366-4aae-aa7b-87981ba2da73:192.168.157.234:33171, 89ab1f74-7e20-414f-8e85-0b96306ed4b0:192.168.157.234:36984], old=null, confs=<EMPTY_MAP>
2019-09-26 16:03:31,261 [pool-47-thread-1] INFO  server.RaftServerConfigKeys (ConfUtils.java:logGet(43)) - raft.server.storage.dir = [/workdir/hadoop-ozone/integration-test/target/test-dir/MiniOzoneClusterImpl-e6b3eac8-f257-4ae4-aa9d-4144be51a25f/datanode-2/data/ratis] (custom)
2019-09-26 16:03:31,261 [pool-47-thread-1] INFO  storage.RaftStorageDirectory (RaftStorageDirectory.java:analyzeStorage(246)) - The storage directory /workdir/hadoop-ozone/integration-test/target/test-dir/MiniOzoneClusterImpl-e6b3eac8-f257-4ae4-aa9d-4144be51a25f/datanode-2/data/ratis/875ee8e1-dd55-443d-85cb-dd5a3c6e8262 does not exist. Creating ...
2019-09-26 16:03:31,273 [pool-47-thread-1] INFO  storage.RaftStorageDirectory (RaftStorageDirectory.java:tryLock(328)) - Lock on /workdir/hadoop-ozone/integration-test/target/test-dir/MiniOzoneClusterImpl-e6b3eac8-f257-4ae4-aa9d-4144be51a25f/datanode-2/data/ratis/875ee8e1-dd55-443d-85cb-dd5a3c6e8262/in_use.lock acquired by nodename 31074@pr-hdds-2162-htzpk-1451759861
2019-09-26 16:03:31,273 [pool-77-thread-1] INFO  storage.RaftStorageDirectory (RaftStorageDirectory.java:tryLock(328)) - Lock on /workdir/hadoop-ozone/integration-test/target/test-dir/MiniOzoneClusterImpl-e6b3eac8-f257-4ae4-aa9d-4144be51a25f/datanode-5/data/ratis/875ee8e1-dd55-443d-85cb-dd5a3c6e8262/in_use.lock acquired by nodename 31074@pr-hdds-2162-htzpk-1451759861
2019-09-26 16:03:31,273 [pool-57-thread-1] INFO  storage.RaftStorageDirectory (RaftStorageDirectory.java:tryLock(328)) - Lock on /workdir/hadoop-ozone/integration-test/target/test-dir/MiniOzoneClusterImpl-e6b3eac8-f257-4ae4-aa9d-4144be51a25f/datanode-3/data/ratis/875ee8e1-dd55-443d-85cb-dd5a3c6e8262/in_use.lock acquired by nodename 31074@pr-hdds-2162-htzpk-1451759861
2019-09-26 16:03:31,288 [pool-77-thread-1] INFO  storage.RaftStorage (RaftStorage.java:format(72)) - Storage directory /workdir/hadoop-ozone/integration-test/target/test-dir/MiniOzoneClusterImpl-e6b3eac8-f257-4ae4-aa9d-4144be51a25f/datanode-5/data/ratis/875ee8e1-dd55-443d-85cb-dd5a3c6e8262 has been successfully formatted.
2019-09-26 16:03:31,288 [pool-57-thread-1] INFO  storage.RaftStorage (RaftStorage.java:format(72)) - Storage directory /workdir/hadoop-ozone/integration-test/target/test-dir/MiniOzoneClusterImpl-e6b3eac8-f257-4ae4-aa9d-4144be51a25f/datanode-3/data/ratis/875ee8e1-dd55-443d-85cb-dd5a3c6e8262 has been successfully formatted.
2019-09-26 16:03:31,288 [pool-77-thread-1] INFO  ratis.ContainerStateMachine (ContainerStateMachine.java:loadSnapshot(230)) - group-DD5A3C6E8262: The snapshot info is null. Setting the last applied indexto:(t:0, i:~)
2019-09-26 16:03:31,288 [pool-47-thread-1] INFO  storage.RaftStorage (RaftStorage.java:format(72)) - Storage directory /workdir/hadoop-ozone/integration-test/target/test-dir/MiniOzoneClusterImpl-e6b3eac8-f257-4ae4-aa9d-4144be51a25f/datanode-2/data/ratis/875ee8e1-dd55-443d-85cb-dd5a3c6e8262 has been successfully formatted.
2019-09-26 16:03:31,288 [pool-77-thread-1] INFO  server.RaftServerConfigKeys (ConfUtils.java:logGet(43)) - raft.server.notification.no-leader.timeout = 120s (custom)
2019-09-26 16:03:31,288 [pool-57-thread-1] INFO  ratis.ContainerStateMachine (ContainerStateMachine.java:loadSnapshot(230)) - group-DD5A3C6E8262: The snapshot info is null. Setting the last applied indexto:(t:0, i:~)
2019-09-26 16:03:31,289 [pool-77-thread-1] INFO  server.RaftServerConfigKeys (ConfUtils.java:logGet(43)) - raft.server.log.use.memory = false (default)
2019-09-26 16:03:31,289 [pool-47-thread-1] INFO  ratis.ContainerStateMachine (ContainerStateMachine.java:loadSnapshot(230)) - group-DD5A3C6E8262: The snapshot info is null. Setting the last applied indexto:(t:0, i:~)
2019-09-26 16:03:31,289 [pool-77-thread-1] INFO  server.RaftServerConfigKeys (ConfUtils.java:logGet(43)) - raft.server.log.purge.gap = 1000000 (custom)
2019-09-26 16:03:31,289 [pool-57-thread-1] INFO  server.RaftServerConfigKeys (ConfUtils.java:logGet(43)) - raft.server.notification.no-leader.timeout = 120s (custom)
2019-09-26 16:03:31,290 [pool-77-thread-1] INFO  server.RaftServerConfigKeys (ConfUtils.java:logGet(43)) - raft.server.log.appender.buffer.byte-limit = 33554432 (custom)
2019-09-26 16:03:31,289 [pool-47-thread-1] INFO  server.RaftServerConfigKeys (ConfUtils.java:logGet(43)) - raft.server.notification.no-leader.timeout = 120s (custom)
2019-09-26 16:03:31,290 [pool-77-thread-1] INFO  server.RaftServerConfigKeys (ConfUtils.java:logGet(43)) - raft.server.log.segment.size.max = 1048576 (custom)
2019-09-26 16:03:31,290 [pool-57-thread-1] INFO  server.RaftServerConfigKeys (ConfUtils.java:logGet(43)) - raft.server.log.use.memory = false (default)
2019-09-26 16:03:31,290 [pool-77-thread-1] INFO  server.RaftServerConfigKeys (ConfUtils.java:logGet(43)) - raft.server.log.segment.cache.num.max = 2 (custom)
2019-09-26 16:03:31,290 [pool-47-thread-1] INFO  server.RaftServerConfigKeys (ConfUtils.java:logGet(43)) - raft.server.log.use.memory = false (default)
2019-09-26 16:03:31,291 [pool-77-thread-1] INFO  segmented.SegmentedRaftLogWorker (SegmentedRaftLogWorker.java:<init>(172)) - new fec3750d-6dc3-4624-a01f-e7799a846917@group-DD5A3C6E8262-SegmentedRaftLogWorker for RaftStorage:Storage Directory /workdir/hadoop-ozone/integration-test/target/test-dir/MiniOzoneClusterImpl-e6b3eac8-f257-4ae4-aa9d-4144be51a25f/datanode-5/data/ratis/875ee8e1-dd55-443d-85cb-dd5a3c6e8262
2019-09-26 16:03:31,291 [pool-57-thread-1] INFO  server.RaftServerConfigKeys (ConfUtils.java:logGet(43)) - raft.server.log.purge.gap = 1000000 (custom)
2019-09-26 16:03:31,291 [pool-77-thread-1] INFO  server.RaftServerConfigKeys (ConfUtils.java:logGet(43)) - raft.server.log.queue.byte-limit = 2147483647 (custom)
2019-09-26 16:03:31,291 [pool-47-thread-1] INFO  server.RaftServerConfigKeys (ConfUtils.java:logGet(43)) - raft.server.log.purge.gap = 1000000 (custom)
2019-09-26 16:03:31,292 [pool-77-thread-1] INFO  server.RaftServerConfigKeys (ConfUtils.java:logGet(43)) - raft.server.log.queue.element-limit = 1024 (custom)
2019-09-26 16:03:31,291 [pool-57-thread-1] INFO  server.RaftServerConfigKeys (ConfUtils.java:logGet(43)) - raft.server.log.appender.buffer.byte-limit = 33554432 (custom)
2019-09-26 16:03:31,292 [pool-77-thread-1] INFO  server.RaftServerConfigKeys (ConfUtils.java:logGet(43)) - raft.server.log.segment.size.max = 1048576 (custom)
2019-09-26 16:03:31,292 [pool-47-thread-1] INFO  server.RaftServerConfigKeys (ConfUtils.java:logGet(43)) - raft.server.log.appender.buffer.byte-limit = 33554432 (custom)
2019-09-26 16:03:31,292 [pool-77-thread-1] INFO  server.RaftServerConfigKeys (ConfUtils.java:logGet(43)) - raft.server.log.preallocated.size = 16384 (custom)
2019-09-26 16:03:31,292 [pool-57-thread-1] INFO  server.RaftServerConfigKeys (ConfUtils.java:logGet(43)) - raft.server.log.segment.size.max = 1048576 (custom)
2019-09-26 16:03:31,293 [pool-77-thread-1] INFO  server.RaftServerConfigKeys (ConfUtils.java:logGet(43)) - raft.server.log.write.buffer.size = 33554432 (custom)
2019-09-26 16:03:31,293 [pool-77-thread-1] INFO  server.RaftServerConfigKeys (ConfUtils.java:logGet(43)) - raft.server.log.force.sync.num = 128 (default)
2019-09-26 16:03:31,293 [pool-47-thread-1] INFO  server.RaftServerConfigKeys (ConfUtils.java:logGet(43)) - raft.server.log.segment.size.max = 1048576 (custom)
2019-09-26 16:03:31,293 [pool-77-thread-1] INFO  server.RaftServerConfigKeys (ConfUtils.java:logGet(43)) - raft.server.log.statemachine.data.sync = true (default)
2019-09-26 16:03:31,293 [pool-57-thread-1] INFO  server.RaftServerConfigKeys (ConfUtils.java:logGet(43)) - raft.server.log.segment.cache.num.max = 2 (custom)
2019-09-26 16:03:31,294 [pool-77-thread-1] INFO  server.RaftServerConfigKeys (ConfUtils.java:logGet(43)) - raft.server.log.statemachine.data.sync.timeout = 10s (default)
2019-09-26 16:03:31,294 [pool-77-thread-1] INFO  server.RaftServerConfigKeys (ConfUtils.java:logGet(43)) - raft.server.log.statemachine.data.sync.timeout.retry = -1 (default)
2019-09-26 16:03:31,294 [pool-47-thread-1] INFO  server.RaftServerConfigKeys (ConfUtils.java:logGet(43)) - raft.server.log.segment.cache.num.max = 2 (custom)
2019-09-26 16:03:31,294 [pool-77-thread-1] INFO  server.RaftServerConfigKeys (ConfUtils.java:logGet(43)) - raft.server.log.statemachine.data.caching.enabled = true (custom)
2019-09-26 16:03:31,294 [pool-57-thread-1] INFO  segmented.SegmentedRaftLogWorker (SegmentedRaftLogWorker.java:<init>(172)) - new 147c816b-a366-4aae-aa7b-87981ba2da73@group-DD5A3C6E8262-SegmentedRaftLogWorker for RaftStorage:Storage Directory /workdir/hadoop-ozone/integration-test/target/test-dir/MiniOzoneClusterImpl-e6b3eac8-f257-4ae4-aa9d-4144be51a25f/datanode-3/data/ratis/875ee8e1-dd55-443d-85cb-dd5a3c6e8262
2019-09-26 16:03:31,295 [pool-47-thread-1] INFO  segmented.SegmentedRaftLogWorker (SegmentedRaftLogWorker.java:<init>(172)) - new 89ab1f74-7e20-414f-8e85-0b96306ed4b0@group-DD5A3C6E8262-SegmentedRaftLogWorker for RaftStorage:Storage Directory /workdir/hadoop-ozone/integration-test/target/test-dir/MiniOzoneClusterImpl-e6b3eac8-f257-4ae4-aa9d-4144be51a25f/datanode-2/data/ratis/875ee8e1-dd55-443d-85cb-dd5a3c6e8262
2019-09-26 16:03:31,295 [pool-77-thread-1] INFO  segmented.SegmentedRaftLogWorker (SegmentedRaftLogWorker.java:lambda$new$0(132)) - fec3750d-6dc3-4624-a01f-e7799a846917@group-DD5A3C6E8262-SegmentedRaftLogWorker: flushIndex: setUnconditionally 0 -> -1
2019-09-26 16:03:31,295 [pool-57-thread-1] INFO  server.RaftServerConfigKeys (ConfUtils.java:logGet(43)) - raft.server.log.queue.byte-limit = 2147483647 (custom)
2019-09-26 16:03:31,295 [pool-47-thread-1] INFO  server.RaftServerConfigKeys (ConfUtils.java:logGet(43)) - raft.server.log.queue.byte-limit = 2147483647 (custom)
2019-09-26 16:03:31,295 [pool-77-thread-1] INFO  server.RaftServerConfigKeys (ConfUtils.java:logGet(43)) - raft.server.snapshot.auto.trigger.enabled = true (custom)
2019-09-26 16:03:31,295 [pool-57-thread-1] INFO  server.RaftServerConfigKeys (ConfUtils.java:logGet(43)) - raft.server.log.queue.element-limit = 1024 (custom)
2019-09-26 16:03:31,296 [pool-77-thread-1] INFO  server.RaftServerConfigKeys (ConfUtils.java:logGet(43)) - raft.server.snapshot.auto.trigger.threshold = 10000 (custom)
2019-09-26 16:03:31,296 [pool-77-thread-1] INFO  server.RaftServerConfigKeys (ConfUtils.java:logGet(43)) - raft.server.snapshot.retention.num.files = 5 (custom)
2019-09-26 16:03:31,296 [pool-47-thread-1] INFO  server.RaftServerConfigKeys (ConfUtils.java:logGet(43)) - raft.server.log.queue.element-limit = 1024 (custom)
2019-09-26 16:03:31,296 [pool-77-thread-1] INFO  server.RaftServerConfigKeys (ConfUtils.java:logGet(43)) - raft.server.retrycache.expirytime = 600000ms (custom)
2019-09-26 16:03:31,296 [pool-57-thread-1] INFO  server.RaftServerConfigKeys (ConfUtils.java:logGet(43)) - raft.server.log.segment.size.max = 1048576 (custom)
2019-09-26 16:03:31,297 [pool-47-thread-1] INFO  server.RaftServerConfigKeys (ConfUtils.java:logGet(43)) - raft.server.log.segment.size.max = 1048576 (custom)
2019-09-26 16:03:31,297 [pool-57-thread-1] INFO  server.RaftServerConfigKeys (ConfUtils.java:logGet(43)) - raft.server.log.preallocated.size = 16384 (custom)
2019-09-26 16:03:31,297 [pool-47-thread-1] INFO  server.RaftServerConfigKeys (ConfUtils.java:logGet(43)) - raft.server.log.preallocated.size = 16384 (custom)
2019-09-26 16:03:31,297 [pool-57-thread-1] INFO  server.RaftServerConfigKeys (ConfUtils.java:logGet(43)) - raft.server.log.write.buffer.size = 33554432 (custom)
2019-09-26 16:03:31,297 [pool-47-thread-1] INFO  server.RaftServerConfigKeys (ConfUtils.java:logGet(43)) - raft.server.log.write.buffer.size = 33554432 (custom)
2019-09-26 16:03:31,298 [pool-57-thread-1] INFO  server.RaftServerConfigKeys (ConfUtils.java:logGet(43)) - raft.server.log.force.sync.num = 128 (default)
2019-09-26 16:03:31,298 [pool-47-thread-1] INFO  server.RaftServerConfigKeys (ConfUtils.java:logGet(43)) - raft.server.log.force.sync.num = 128 (default)
2019-09-26 16:03:31,298 [pool-57-thread-1] INFO  server.RaftServerConfigKeys (ConfUtils.java:logGet(43)) - raft.server.log.statemachine.data.sync = true (default)
2019-09-26 16:03:31,298 [pool-47-thread-1] INFO  server.RaftServerConfigKeys (ConfUtils.java:logGet(43)) - raft.server.log.statemachine.data.sync = true (default)
2019-09-26 16:03:31,298 [pool-57-thread-1] INFO  server.RaftServerConfigKeys (ConfUtils.java:logGet(43)) - raft.server.log.statemachine.data.sync.timeout = 10s (default)
2019-09-26 16:03:31,298 [pool-47-thread-1] INFO  server.RaftServerConfigKeys (ConfUtils.java:logGet(43)) - raft.server.log.statemachine.data.sync.timeout = 10s (default)
2019-09-26 16:03:31,299 [pool-57-thread-1] INFO  server.RaftServerConfigKeys (ConfUtils.java:logGet(43)) - raft.server.log.statemachine.data.sync.timeout.retry = -1 (default)
2019-09-26 16:03:31,299 [pool-47-thread-1] INFO  server.RaftServerConfigKeys (ConfUtils.java:logGet(43)) - raft.server.log.statemachine.data.sync.timeout.retry = -1 (default)
2019-09-26 16:03:31,299 [pool-57-thread-1] INFO  server.RaftServerConfigKeys (ConfUtils.java:logGet(43)) - raft.server.log.statemachine.data.caching.enabled = true (custom)
2019-09-26 16:03:31,299 [pool-47-thread-1] INFO  server.RaftServerConfigKeys (ConfUtils.java:logGet(43)) - raft.server.log.statemachine.data.caching.enabled = true (custom)
2019-09-26 16:03:31,300 [pool-57-thread-1] INFO  segmented.SegmentedRaftLogWorker (SegmentedRaftLogWorker.java:lambda$new$0(132)) - 147c816b-a366-4aae-aa7b-87981ba2da73@group-DD5A3C6E8262-SegmentedRaftLogWorker: flushIndex: setUnconditionally 0 -> -1
2019-09-26 16:03:31,300 [pool-47-thread-1] INFO  segmented.SegmentedRaftLogWorker (SegmentedRaftLogWorker.java:lambda$new$0(132)) - 89ab1f74-7e20-414f-8e85-0b96306ed4b0@group-DD5A3C6E8262-SegmentedRaftLogWorker: flushIndex: setUnconditionally 0 -> -1
2019-09-26 16:03:31,300 [pool-57-thread-1] INFO  server.RaftServerConfigKeys (ConfUtils.java:logGet(43)) - raft.server.snapshot.auto.trigger.enabled = true (custom)
2019-09-26 16:03:31,300 [pool-47-thread-1] INFO  server.RaftServerConfigKeys (ConfUtils.java:logGet(43)) - raft.server.snapshot.auto.trigger.enabled = true (custom)
2019-09-26 16:03:31,300 [pool-77-thread-1] INFO  impl.RaftServerImpl (RaftServerImpl.java:start(185)) - fec3750d-6dc3-4624-a01f-e7799a846917@group-DD5A3C6E8262: start as a follower, conf=-1: [fec3750d-6dc3-4624-a01f-e7799a846917:192.168.157.234:44292, 147c816b-a366-4aae-aa7b-87981ba2da73:192.168.157.234:33171, 89ab1f74-7e20-414f-8e85-0b96306ed4b0:192.168.157.234:36984], old=null
2019-09-26 16:03:31,300 [pool-57-thread-1] INFO  server.RaftServerConfigKeys (ConfUtils.java:logGet(43)) - raft.server.snapshot.auto.trigger.threshold = 10000 (custom)
2019-09-26 16:03:31,301 [pool-77-thread-1] INFO  impl.RaftServerImpl (RaftServerImpl.java:setRole(174)) - fec3750d-6dc3-4624-a01f-e7799a846917@group-DD5A3C6E8262: changes role from      null to FOLLOWER at term 0 for startAsFollower
2019-09-26 16:03:31,300 [pool-47-thread-1] INFO  server.RaftServerConfigKeys (ConfUtils.java:logGet(43)) - raft.server.snapshot.auto.trigger.threshold = 10000 (custom)
2019-09-26 16:03:31,301 [pool-77-thread-1] INFO  impl.RoleInfo (RoleInfo.java:updateAndGet(143)) - fec3750d-6dc3-4624-a01f-e7799a846917: start FollowerState
2019-09-26 16:03:31,301 [pool-57-thread-1] INFO  server.RaftServerConfigKeys (ConfUtils.java:logGet(43)) - raft.server.snapshot.retention.num.files = 5 (custom)
2019-09-26 16:03:31,301 [pool-47-thread-1] INFO  server.RaftServerConfigKeys (ConfUtils.java:logGet(43)) - raft.server.snapshot.retention.num.files = 5 (custom)
2019-09-26 16:03:31,301 [pool-57-thread-1] INFO  server.RaftServerConfigKeys (ConfUtils.java:logGet(43)) - raft.server.retrycache.expirytime = 600000ms (custom)
2019-09-26 16:03:31,302 [pool-47-thread-1] INFO  server.RaftServerConfigKeys (ConfUtils.java:logGet(43)) - raft.server.retrycache.expirytime = 600000ms (custom)
2019-09-26 16:03:31,302 [pool-77-thread-1] INFO  util.JmxRegister (JmxRegister.java:tryRegister(44)) - Successfully registered JMX Bean with object name Ratis:service=RaftServer,group=group-DD5A3C6E8262,id=fec3750d-6dc3-4624-a01f-e7799a846917
2019-09-26 16:03:31,316 [pool-57-thread-1] INFO  impl.RaftServerImpl (RaftServerImpl.java:start(185)) - 147c816b-a366-4aae-aa7b-87981ba2da73@group-DD5A3C6E8262: start as a follower, conf=-1: [fec3750d-6dc3-4624-a01f-e7799a846917:192.168.157.234:44292, 147c816b-a366-4aae-aa7b-87981ba2da73:192.168.157.234:33171, 89ab1f74-7e20-414f-8e85-0b96306ed4b0:192.168.157.234:36984], old=null
2019-09-26 16:03:31,317 [pool-57-thread-1] INFO  impl.RaftServerImpl (RaftServerImpl.java:setRole(174)) - 147c816b-a366-4aae-aa7b-87981ba2da73@group-DD5A3C6E8262: changes role from      null to FOLLOWER at term 0 for startAsFollower
2019-09-26 16:03:31,317 [pool-47-thread-1] INFO  impl.RaftServerImpl (RaftServerImpl.java:start(185)) - 89ab1f74-7e20-414f-8e85-0b96306ed4b0@group-DD5A3C6E8262: start as a follower, conf=-1: [fec3750d-6dc3-4624-a01f-e7799a846917:192.168.157.234:44292, 147c816b-a366-4aae-aa7b-87981ba2da73:192.168.157.234:33171, 89ab1f74-7e20-414f-8e85-0b96306ed4b0:192.168.157.234:36984], old=null
2019-09-26 16:03:31,317 [pool-57-thread-1] INFO  impl.RoleInfo (RoleInfo.java:updateAndGet(143)) - 147c816b-a366-4aae-aa7b-87981ba2da73: start FollowerState
2019-09-26 16:03:31,317 [pool-47-thread-1] INFO  impl.RaftServerImpl (RaftServerImpl.java:setRole(174)) - 89ab1f74-7e20-414f-8e85-0b96306ed4b0@group-DD5A3C6E8262: changes role from      null to FOLLOWER at term 0 for startAsFollower
2019-09-26 16:03:31,319 [pool-47-thread-1] INFO  impl.RoleInfo (RoleInfo.java:updateAndGet(143)) - 89ab1f74-7e20-414f-8e85-0b96306ed4b0: start FollowerState
2019-09-26 16:03:31,319 [pool-57-thread-1] INFO  util.JmxRegister (JmxRegister.java:tryRegister(44)) - Successfully registered JMX Bean with object name Ratis:service=RaftServer,group=group-DD5A3C6E8262,id=147c816b-a366-4aae-aa7b-87981ba2da73
2019-09-26 16:03:31,320 [pool-47-thread-1] INFO  util.JmxRegister (JmxRegister.java:tryRegister(44)) - Successfully registered JMX Bean with object name Ratis:service=RaftServer,group=group-DD5A3C6E8262,id=89ab1f74-7e20-414f-8e85-0b96306ed4b0
2019-09-26 16:03:31,339 [RatisPipelineUtilsThread] INFO  pipeline.PipelineStateManager (PipelineStateManager.java:addPipeline(56)) - Created pipeline Pipeline[ Id: 875ee8e1-dd55-443d-85cb-dd5a3c6e8262, Nodes: fec3750d-6dc3-4624-a01f-e7799a846917{ip: 192.168.157.234, host: pr-hdds-2162-htzpk-1451759861, networkLocation: /default-rack, certSerialId: null}89ab1f74-7e20-414f-8e85-0b96306ed4b0{ip: 192.168.157.234, host: pr-hdds-2162-htzpk-1451759861, networkLocation: /default-rack, certSerialId: null}147c816b-a366-4aae-aa7b-87981ba2da73{ip: 192.168.157.234, host: pr-hdds-2162-htzpk-1451759861, networkLocation: /default-rack, certSerialId: null}, Type:RATIS, Factor:THREE, State:OPEN]
2019-09-26 16:03:32,241 [main] INFO  ipc.Client (Client.java:handleConnectionFailure(948)) - Retrying connect to server: localhost/127.0.0.1:0. Already tried 1 time(s); retry policy is RetryUpToMaximumCountWithFixedSleep(maxRetries=10, sleepTime=1000 MILLISECONDS)
2019-09-26 16:03:32,697 [Thread-238] INFO  container.ReplicationManager (ReplicationManager.java:start(162)) - Starting Replication Monitor Thread.
2019-09-26 16:03:32,701 [ReplicationMonitor] INFO  container.ReplicationManager (ReplicationManager.java:run(225)) - Replication Monitor Thread took 1 milliseconds for processing 0 containers.
2019-09-26 16:03:33,242 [main] INFO  ipc.Client (Client.java:handleConnectionFailure(948)) - Retrying connect to server: localhost/127.0.0.1:0. Already tried 2 time(s); retry policy is RetryUpToMaximumCountWithFixedSleep(maxRetries=10, sleepTime=1000 MILLISECONDS)
2019-09-26 16:03:34,244 [main] INFO  ipc.Client (Client.java:handleConnectionFailure(948)) - Retrying connect to server: localhost/127.0.0.1:0. Already tried 3 time(s); retry policy is RetryUpToMaximumCountWithFixedSleep(maxRetries=10, sleepTime=1000 MILLISECONDS)
2019-09-26 16:03:35,245 [main] INFO  ipc.Client (Client.java:handleConnectionFailure(948)) - Retrying connect to server: localhost/127.0.0.1:0. Already tried 4 time(s); retry policy is RetryUpToMaximumCountWithFixedSleep(maxRetries=10, sleepTime=1000 MILLISECONDS)
2019-09-26 16:03:35,426 [Thread-241] INFO  impl.FollowerState (FollowerState.java:run(106)) - 48de5d4d-80aa-4db3-8305-07d8969acec5:group-86775A4A74EF changes to CANDIDATE, lastRpcTime:5098, electionTimeout:5097ms
2019-09-26 16:03:35,429 [Thread-241] INFO  impl.RoleInfo (RoleInfo.java:shutdownFollowerState(121)) - 48de5d4d-80aa-4db3-8305-07d8969acec5: shutdown FollowerState
2019-09-26 16:03:35,429 [Thread-241] INFO  impl.RaftServerImpl (RaftServerImpl.java:setRole(174)) - 48de5d4d-80aa-4db3-8305-07d8969acec5@group-86775A4A74EF: changes role from  FOLLOWER to CANDIDATE at term 0 for changeToCandidate
2019-09-26 16:03:35,440 [Thread-241] INFO  impl.RoleInfo (RoleInfo.java:updateAndGet(143)) - 48de5d4d-80aa-4db3-8305-07d8969acec5: start LeaderElection
2019-09-26 16:03:35,470 [48de5d4d-80aa-4db3-8305-07d8969acec5@group-86775A4A74EF:LeaderElection1] INFO  impl.LeaderElection (LeaderElection.java:askForVotes(182)) - 48de5d4d-80aa-4db3-8305-07d8969acec5@group-86775A4A74EF:LeaderElection1: begin an election at term 1 for -1: [48de5d4d-80aa-4db3-8305-07d8969acec5:192.168.157.234:43656], old=null
2019-09-26 16:03:35,472 [48de5d4d-80aa-4db3-8305-07d8969acec5@group-86775A4A74EF:LeaderElection1] INFO  impl.RoleInfo (RoleInfo.java:shutdownLeaderElection(134)) - 48de5d4d-80aa-4db3-8305-07d8969acec5: shutdown LeaderElection
2019-09-26 16:03:35,473 [48de5d4d-80aa-4db3-8305-07d8969acec5@group-86775A4A74EF:LeaderElection1] INFO  impl.RaftServerImpl (RaftServerImpl.java:setRole(174)) - 48de5d4d-80aa-4db3-8305-07d8969acec5@group-86775A4A74EF: changes role from CANDIDATE to LEADER at term 1 for changeToLeader
2019-09-26 16:03:35,473 [48de5d4d-80aa-4db3-8305-07d8969acec5@group-86775A4A74EF:LeaderElection1] INFO  impl.RaftServerImpl (ServerState.java:setLeader(253)) - 48de5d4d-80aa-4db3-8305-07d8969acec5@group-86775A4A74EF: change Leader from null to 48de5d4d-80aa-4db3-8305-07d8969acec5 at term 1 for becomeLeader, leader elected after 5276ms
2019-09-26 16:03:35,482 [48de5d4d-80aa-4db3-8305-07d8969acec5@group-86775A4A74EF:LeaderElection1] INFO  server.RaftServerConfigKeys (ConfUtils.java:logGet(43)) - raft.server.staging.catchup.gap = 1000 (default)
2019-09-26 16:03:35,482 [48de5d4d-80aa-4db3-8305-07d8969acec5@group-86775A4A74EF:LeaderElection1] INFO  server.RaftServerConfigKeys (ConfUtils.java:logGet(43)) - raft.server.rpc.sleep.time = 25ms (default)
2019-09-26 16:03:35,486 [48de5d4d-80aa-4db3-8305-07d8969acec5@group-86775A4A74EF:LeaderElection1] INFO  server.RaftServerConfigKeys (ConfUtils.java:logGet(43)) - raft.server.write.element-limit = 4096 (default)
2019-09-26 16:03:35,490 [48de5d4d-80aa-4db3-8305-07d8969acec5@group-86775A4A74EF:LeaderElection1] INFO  server.RaftServerConfigKeys (ConfUtils.java:logGet(43)) - raft.server.watch.timeout = 10s (default)
2019-09-26 16:03:35,490 [48de5d4d-80aa-4db3-8305-07d8969acec5@group-86775A4A74EF:LeaderElection1] INFO  server.RaftServerConfigKeys (ConfUtils.java:logGet(43)) - raft.server.watch.timeout.denomination = 1s (default)
2019-09-26 16:03:35,492 [48de5d4d-80aa-4db3-8305-07d8969acec5@group-86775A4A74EF:LeaderElection1] INFO  server.RaftServerConfigKeys (ConfUtils.java:logGet(43)) - raft.server.watch.element-limit = 65536 (default)
2019-09-26 16:03:35,507 [48de5d4d-80aa-4db3-8305-07d8969acec5@group-86775A4A74EF:LeaderElection1] INFO  impl.RoleInfo (RoleInfo.java:updateAndGet(143)) - 48de5d4d-80aa-4db3-8305-07d8969acec5: start LeaderState
2019-09-26 16:03:35,533 [48de5d4d-80aa-4db3-8305-07d8969acec5@group-86775A4A74EF:LeaderElection1] INFO  segmented.SegmentedRaftLogWorker (SegmentedRaftLogWorker.java:startLogSegment(380)) - 48de5d4d-80aa-4db3-8305-07d8969acec5@group-86775A4A74EF-SegmentedRaftLogWorker: Starting segment from index:0
2019-09-26 16:03:35,544 [48de5d4d-80aa-4db3-8305-07d8969acec5@group-86775A4A74EF:LeaderElection1] INFO  impl.RaftServerImpl (ServerState.java:setRaftConf(354)) - 48de5d4d-80aa-4db3-8305-07d8969acec5@group-86775A4A74EF: set configuration 0: [48de5d4d-80aa-4db3-8305-07d8969acec5:192.168.157.234:43656], old=null at 0
2019-09-26 16:03:35,600 [Thread-244] INFO  impl.FollowerState (FollowerState.java:run(106)) - 947c5801-1794-4fdd-a08d-28b892c7eaef:group-DE4BCCD1B3BF changes to CANDIDATE, lastRpcTime:5039, electionTimeout:5037ms
2019-09-26 16:03:35,602 [Thread-244] INFO  impl.RoleInfo (RoleInfo.java:shutdownFollowerState(121)) - 947c5801-1794-4fdd-a08d-28b892c7eaef: shutdown FollowerState
2019-09-26 16:03:35,602 [Thread-244] INFO  impl.RaftServerImpl (RaftServerImpl.java:setRole(174)) - 947c5801-1794-4fdd-a08d-28b892c7eaef@group-DE4BCCD1B3BF: changes role from  FOLLOWER to CANDIDATE at term 0 for changeToCandidate
2019-09-26 16:03:35,603 [Thread-244] INFO  impl.RoleInfo (RoleInfo.java:updateAndGet(143)) - 947c5801-1794-4fdd-a08d-28b892c7eaef: start LeaderElection
2019-09-26 16:03:35,667 [947c5801-1794-4fdd-a08d-28b892c7eaef@group-DE4BCCD1B3BF:LeaderElection2] INFO  impl.LeaderElection (LeaderElection.java:askForVotes(182)) - 947c5801-1794-4fdd-a08d-28b892c7eaef@group-DE4BCCD1B3BF:LeaderElection2: begin an election at term 1 for -1: [947c5801-1794-4fdd-a08d-28b892c7eaef:192.168.157.234:33746], old=null
2019-09-26 16:03:35,667 [947c5801-1794-4fdd-a08d-28b892c7eaef@group-DE4BCCD1B3BF:LeaderElection2] INFO  impl.RoleInfo (RoleInfo.java:shutdownLeaderElection(134)) - 947c5801-1794-4fdd-a08d-28b892c7eaef: shutdown LeaderElection
2019-09-26 16:03:35,667 [947c5801-1794-4fdd-a08d-28b892c7eaef@group-DE4BCCD1B3BF:LeaderElection2] INFO  impl.RaftServerImpl (RaftServerImpl.java:setRole(174)) - 947c5801-1794-4fdd-a08d-28b892c7eaef@group-DE4BCCD1B3BF: changes role from CANDIDATE to LEADER at term 1 for changeToLeader
2019-09-26 16:03:35,667 [947c5801-1794-4fdd-a08d-28b892c7eaef@group-DE4BCCD1B3BF:LeaderElection2] INFO  impl.RaftServerImpl (ServerState.java:setLeader(253)) - 947c5801-1794-4fdd-a08d-28b892c7eaef@group-DE4BCCD1B3BF: change Leader from null to 947c5801-1794-4fdd-a08d-28b892c7eaef at term 1 for becomeLeader, leader elected after 5129ms
2019-09-26 16:03:35,669 [947c5801-1794-4fdd-a08d-28b892c7eaef@group-DE4BCCD1B3BF:LeaderElection2] INFO  server.RaftServerConfigKeys (ConfUtils.java:logGet(43)) - raft.server.staging.catchup.gap = 1000 (default)
2019-09-26 16:03:35,669 [947c5801-1794-4fdd-a08d-28b892c7eaef@group-DE4BCCD1B3BF:LeaderElection2] INFO  server.RaftServerConfigKeys (ConfUtils.java:logGet(43)) - raft.server.rpc.sleep.time = 25ms (default)
2019-09-26 16:03:35,670 [947c5801-1794-4fdd-a08d-28b892c7eaef@group-DE4BCCD1B3BF:LeaderElection2] INFO  server.RaftServerConfigKeys (ConfUtils.java:logGet(43)) - raft.server.write.element-limit = 4096 (default)
2019-09-26 16:03:35,670 [947c5801-1794-4fdd-a08d-28b892c7eaef@group-DE4BCCD1B3BF:LeaderElection2] INFO  server.RaftServerConfigKeys (ConfUtils.java:logGet(43)) - raft.server.watch.timeout = 10s (default)
2019-09-26 16:03:35,670 [947c5801-1794-4fdd-a08d-28b892c7eaef@group-DE4BCCD1B3BF:LeaderElection2] INFO  server.RaftServerConfigKeys (ConfUtils.java:logGet(43)) - raft.server.watch.timeout.denomination = 1s (default)
2019-09-26 16:03:35,670 [947c5801-1794-4fdd-a08d-28b892c7eaef@group-DE4BCCD1B3BF:LeaderElection2] INFO  server.RaftServerConfigKeys (ConfUtils.java:logGet(43)) - raft.server.watch.element-limit = 65536 (default)
2019-09-26 16:03:35,674 [947c5801-1794-4fdd-a08d-28b892c7eaef@group-DE4BCCD1B3BF:LeaderElection2] INFO  impl.RoleInfo (RoleInfo.java:updateAndGet(143)) - 947c5801-1794-4fdd-a08d-28b892c7eaef: start LeaderState
2019-09-26 16:03:35,674 [947c5801-1794-4fdd-a08d-28b892c7eaef@group-DE4BCCD1B3BF:LeaderElection2] INFO  segmented.SegmentedRaftLogWorker (SegmentedRaftLogWorker.java:startLogSegment(380)) - 947c5801-1794-4fdd-a08d-28b892c7eaef@group-DE4BCCD1B3BF-SegmentedRaftLogWorker: Starting segment from index:0
2019-09-26 16:03:35,674 [947c5801-1794-4fdd-a08d-28b892c7eaef@group-DE4BCCD1B3BF:LeaderElection2] INFO  impl.RaftServerImpl (ServerState.java:setRaftConf(354)) - 947c5801-1794-4fdd-a08d-28b892c7eaef@group-DE4BCCD1B3BF: set configuration 0: [947c5801-1794-4fdd-a08d-28b892c7eaef:192.168.157.234:33746], old=null at 0
2019-09-26 16:03:35,763 [48de5d4d-80aa-4db3-8305-07d8969acec5@group-86775A4A74EF-SegmentedRaftLogWorker] INFO  segmented.SegmentedRaftLogWorker (SegmentedRaftLogWorker.java:execute(569)) - 48de5d4d-80aa-4db3-8305-07d8969acec5@group-86775A4A74EF-SegmentedRaftLogWorker: created new log segment /workdir/hadoop-ozone/integration-test/target/test-dir/MiniOzoneClusterImpl-e6b3eac8-f257-4ae4-aa9d-4144be51a25f/datanode-0/data/ratis/2e33c9fe-4b35-4008-ace8-86775a4a74ef/current/log_inprogress_0
2019-09-26 16:03:35,763 [947c5801-1794-4fdd-a08d-28b892c7eaef@group-DE4BCCD1B3BF-SegmentedRaftLogWorker] INFO  segmented.SegmentedRaftLogWorker (SegmentedRaftLogWorker.java:execute(569)) - 947c5801-1794-4fdd-a08d-28b892c7eaef@group-DE4BCCD1B3BF-SegmentedRaftLogWorker: created new log segment /workdir/hadoop-ozone/integration-test/target/test-dir/MiniOzoneClusterImpl-e6b3eac8-f257-4ae4-aa9d-4144be51a25f/datanode-1/data/ratis/34c4b974-58af-4af8-b5bf-de4bccd1b3bf/current/log_inprogress_0
2019-09-26 16:03:35,882 [Thread-250] INFO  impl.FollowerState (FollowerState.java:run(106)) - fec3750d-6dc3-4624-a01f-e7799a846917:group-D83952B8E867 changes to CANDIDATE, lastRpcTime:5061, electionTimeout:5061ms
2019-09-26 16:03:35,883 [Thread-250] INFO  impl.RoleInfo (RoleInfo.java:shutdownFollowerState(121)) - fec3750d-6dc3-4624-a01f-e7799a846917: shutdown FollowerState
2019-09-26 16:03:35,883 [Thread-250] INFO  impl.RaftServerImpl (RaftServerImpl.java:setRole(174)) - fec3750d-6dc3-4624-a01f-e7799a846917@group-D83952B8E867: changes role from  FOLLOWER to CANDIDATE at term 0 for changeToCandidate
2019-09-26 16:03:35,883 [Thread-250] INFO  impl.RoleInfo (RoleInfo.java:updateAndGet(143)) - fec3750d-6dc3-4624-a01f-e7799a846917: start LeaderElection
2019-09-26 16:03:35,891 [Thread-247] INFO  impl.FollowerState (FollowerState.java:run(106)) - 62842ba7-8c68-4127-a44e-55d7d7ab4342:group-41D91E331254 changes to CANDIDATE, lastRpcTime:5163, electionTimeout:5163ms
2019-09-26 16:03:35,891 [Thread-247] INFO  impl.RoleInfo (RoleInfo.java:shutdownFollowerState(121)) - 62842ba7-8c68-4127-a44e-55d7d7ab4342: shutdown FollowerState
2019-09-26 16:03:35,891 [Thread-247] INFO  impl.RaftServerImpl (RaftServerImpl.java:setRole(174)) - 62842ba7-8c68-4127-a44e-55d7d7ab4342@group-41D91E331254: changes role from  FOLLOWER to CANDIDATE at term 0 for changeToCandidate
2019-09-26 16:03:35,892 [Thread-247] INFO  impl.RoleInfo (RoleInfo.java:updateAndGet(143)) - 62842ba7-8c68-4127-a44e-55d7d7ab4342: start LeaderElection
2019-09-26 16:03:35,923 [62842ba7-8c68-4127-a44e-55d7d7ab4342@group-41D91E331254:LeaderElection4] INFO  impl.LeaderElection (LeaderElection.java:askForVotes(182)) - 62842ba7-8c68-4127-a44e-55d7d7ab4342@group-41D91E331254:LeaderElection4: begin an election at term 1 for -1: [62842ba7-8c68-4127-a44e-55d7d7ab4342:192.168.157.234:34781], old=null
2019-09-26 16:03:35,925 [fec3750d-6dc3-4624-a01f-e7799a846917@group-D83952B8E867:LeaderElection3] INFO  impl.LeaderElection (LeaderElection.java:askForVotes(182)) - fec3750d-6dc3-4624-a01f-e7799a846917@group-D83952B8E867:LeaderElection3: begin an election at term 1 for -1: [fec3750d-6dc3-4624-a01f-e7799a846917:192.168.157.234:44292], old=null
2019-09-26 16:03:35,925 [62842ba7-8c68-4127-a44e-55d7d7ab4342@group-41D91E331254:LeaderElection4] INFO  impl.RoleInfo (RoleInfo.java:shutdownLeaderElection(134)) - 62842ba7-8c68-4127-a44e-55d7d7ab4342: shutdown LeaderElection
2019-09-26 16:03:35,925 [fec3750d-6dc3-4624-a01f-e7799a846917@group-D83952B8E867:LeaderElection3] INFO  impl.RoleInfo (RoleInfo.java:shutdownLeaderElection(134)) - fec3750d-6dc3-4624-a01f-e7799a846917: shutdown LeaderElection
2019-09-26 16:03:35,925 [62842ba7-8c68-4127-a44e-55d7d7ab4342@group-41D91E331254:LeaderElection4] INFO  impl.RaftServerImpl (RaftServerImpl.java:setRole(174)) - 62842ba7-8c68-4127-a44e-55d7d7ab4342@group-41D91E331254: changes role from CANDIDATE to LEADER at term 1 for changeToLeader
2019-09-26 16:03:35,926 [fec3750d-6dc3-4624-a01f-e7799a846917@group-D83952B8E867:LeaderElection3] INFO  impl.RaftServerImpl (RaftServerImpl.java:setRole(174)) - fec3750d-6dc3-4624-a01f-e7799a846917@group-D83952B8E867: changes role from CANDIDATE to LEADER at term 1 for changeToLeader
2019-09-26 16:03:35,926 [62842ba7-8c68-4127-a44e-55d7d7ab4342@group-41D91E331254:LeaderElection4] INFO  impl.RaftServerImpl (ServerState.java:setLeader(253)) - 62842ba7-8c68-4127-a44e-55d7d7ab4342@group-41D91E331254: change Leader from null to 62842ba7-8c68-4127-a44e-55d7d7ab4342 at term 1 for becomeLeader, leader elected after 5247ms
2019-09-26 16:03:35,926 [fec3750d-6dc3-4624-a01f-e7799a846917@group-D83952B8E867:LeaderElection3] INFO  impl.RaftServerImpl (ServerState.java:setLeader(253)) - fec3750d-6dc3-4624-a01f-e7799a846917@group-D83952B8E867: change Leader from null to fec3750d-6dc3-4624-a01f-e7799a846917 at term 1 for becomeLeader, leader elected after 5117ms
2019-09-26 16:03:35,927 [62842ba7-8c68-4127-a44e-55d7d7ab4342@group-41D91E331254:LeaderElection4] INFO  server.RaftServerConfigKeys (ConfUtils.java:logGet(43)) - raft.server.staging.catchup.gap = 1000 (default)
2019-09-26 16:03:35,929 [fec3750d-6dc3-4624-a01f-e7799a846917@group-D83952B8E867:LeaderElection3] INFO  server.RaftServerConfigKeys (ConfUtils.java:logGet(43)) - raft.server.staging.catchup.gap = 1000 (default)
2019-09-26 16:03:35,929 [62842ba7-8c68-4127-a44e-55d7d7ab4342@group-41D91E331254:LeaderElection4] INFO  server.RaftServerConfigKeys (ConfUtils.java:logGet(43)) - raft.server.rpc.sleep.time = 25ms (default)
2019-09-26 16:03:35,930 [fec3750d-6dc3-4624-a01f-e7799a846917@group-D83952B8E867:LeaderElection3] INFO  server.RaftServerConfigKeys (ConfUtils.java:logGet(43)) - raft.server.rpc.sleep.time = 25ms (default)
2019-09-26 16:03:35,930 [62842ba7-8c68-4127-a44e-55d7d7ab4342@group-41D91E331254:LeaderElection4] INFO  server.RaftServerConfigKeys (ConfUtils.java:logGet(43)) - raft.server.write.element-limit = 4096 (default)
2019-09-26 16:03:35,930 [62842ba7-8c68-4127-a44e-55d7d7ab4342@group-41D91E331254:LeaderElection4] INFO  server.RaftServerConfigKeys (ConfUtils.java:logGet(43)) - raft.server.watch.timeout = 10s (default)
2019-09-26 16:03:35,930 [fec3750d-6dc3-4624-a01f-e7799a846917@group-D83952B8E867:LeaderElection3] INFO  server.RaftServerConfigKeys (ConfUtils.java:logGet(43)) - raft.server.write.element-limit = 4096 (default)
2019-09-26 16:03:35,930 [62842ba7-8c68-4127-a44e-55d7d7ab4342@group-41D91E331254:LeaderElection4] INFO  server.RaftServerConfigKeys (ConfUtils.java:logGet(43)) - raft.server.watch.timeout.denomination = 1s (default)
2019-09-26 16:03:35,930 [fec3750d-6dc3-4624-a01f-e7799a846917@group-D83952B8E867:LeaderElection3] INFO  server.RaftServerConfigKeys (ConfUtils.java:logGet(43)) - raft.server.watch.timeout = 10s (default)
2019-09-26 16:03:35,930 [62842ba7-8c68-4127-a44e-55d7d7ab4342@group-41D91E331254:LeaderElection4] INFO  server.RaftServerConfigKeys (ConfUtils.java:logGet(43)) - raft.server.watch.element-limit = 65536 (default)
2019-09-26 16:03:35,931 [fec3750d-6dc3-4624-a01f-e7799a846917@group-D83952B8E867:LeaderElection3] INFO  server.RaftServerConfigKeys (ConfUtils.java:logGet(43)) - raft.server.watch.timeout.denomination = 1s (default)
2019-09-26 16:03:35,931 [fec3750d-6dc3-4624-a01f-e7799a846917@group-D83952B8E867:LeaderElection3] INFO  server.RaftServerConfigKeys (ConfUtils.java:logGet(43)) - raft.server.watch.element-limit = 65536 (default)
2019-09-26 16:03:35,934 [62842ba7-8c68-4127-a44e-55d7d7ab4342@group-41D91E331254:LeaderElection4] INFO  impl.RoleInfo (RoleInfo.java:updateAndGet(143)) - 62842ba7-8c68-4127-a44e-55d7d7ab4342: start LeaderState
2019-09-26 16:03:35,934 [62842ba7-8c68-4127-a44e-55d7d7ab4342@group-41D91E331254:LeaderElection4] INFO  segmented.SegmentedRaftLogWorker (SegmentedRaftLogWorker.java:startLogSegment(380)) - 62842ba7-8c68-4127-a44e-55d7d7ab4342@group-41D91E331254-SegmentedRaftLogWorker: Starting segment from index:0
2019-09-26 16:03:35,935 [62842ba7-8c68-4127-a44e-55d7d7ab4342@group-41D91E331254:LeaderElection4] INFO  impl.RaftServerImpl (ServerState.java:setRaftConf(354)) - 62842ba7-8c68-4127-a44e-55d7d7ab4342@group-41D91E331254: set configuration 0: [62842ba7-8c68-4127-a44e-55d7d7ab4342:192.168.157.234:34781], old=null at 0
2019-09-26 16:03:35,951 [fec3750d-6dc3-4624-a01f-e7799a846917@group-D83952B8E867:LeaderElection3] INFO  impl.RoleInfo (RoleInfo.java:updateAndGet(143)) - fec3750d-6dc3-4624-a01f-e7799a846917: start LeaderState
2019-09-26 16:03:35,953 [fec3750d-6dc3-4624-a01f-e7799a846917@group-D83952B8E867:LeaderElection3] INFO  segmented.SegmentedRaftLogWorker (SegmentedRaftLogWorker.java:startLogSegment(380)) - fec3750d-6dc3-4624-a01f-e7799a846917@group-D83952B8E867-SegmentedRaftLogWorker: Starting segment from index:0
2019-09-26 16:03:35,954 [fec3750d-6dc3-4624-a01f-e7799a846917@group-D83952B8E867:LeaderElection3] INFO  impl.RaftServerImpl (ServerState.java:setRaftConf(354)) - fec3750d-6dc3-4624-a01f-e7799a846917@group-D83952B8E867: set configuration 0: [fec3750d-6dc3-4624-a01f-e7799a846917:192.168.157.234:44292], old=null at 0
2019-09-26 16:03:35,971 [62842ba7-8c68-4127-a44e-55d7d7ab4342@group-41D91E331254-SegmentedRaftLogWorker] INFO  segmented.SegmentedRaftLogWorker (SegmentedRaftLogWorker.java:execute(569)) - 62842ba7-8c68-4127-a44e-55d7d7ab4342@group-41D91E331254-SegmentedRaftLogWorker: created new log segment /workdir/hadoop-ozone/integration-test/target/test-dir/MiniOzoneClusterImpl-e6b3eac8-f257-4ae4-aa9d-4144be51a25f/datanode-4/data/ratis/53260eae-6432-47bd-8dae-41d91e331254/current/log_inprogress_0
2019-09-26 16:03:35,985 [fec3750d-6dc3-4624-a01f-e7799a846917@group-D83952B8E867-SegmentedRaftLogWorker] INFO  segmented.SegmentedRaftLogWorker (SegmentedRaftLogWorker.java:execute(569)) - fec3750d-6dc3-4624-a01f-e7799a846917@group-D83952B8E867-SegmentedRaftLogWorker: created new log segment /workdir/hadoop-ozone/integration-test/target/test-dir/MiniOzoneClusterImpl-e6b3eac8-f257-4ae4-aa9d-4144be51a25f/datanode-5/data/ratis/a71362b2-766b-42f5-aff8-d83952b8e867/current/log_inprogress_0
2019-09-26 16:03:36,084 [Thread-259] INFO  impl.FollowerState (FollowerState.java:run(106)) - 52409454-a635-4025-bc64-a21ce237eab6:group-BE849D3171E6 changes to CANDIDATE, lastRpcTime:5015, electionTimeout:5015ms
2019-09-26 16:03:36,085 [Thread-259] INFO  impl.RoleInfo (RoleInfo.java:shutdownFollowerState(121)) - 52409454-a635-4025-bc64-a21ce237eab6: shutdown FollowerState
2019-09-26 16:03:36,085 [Thread-259] INFO  impl.RaftServerImpl (RaftServerImpl.java:setRole(174)) - 52409454-a635-4025-bc64-a21ce237eab6@group-BE849D3171E6: changes role from  FOLLOWER to CANDIDATE at term 0 for changeToCandidate
2019-09-26 16:03:36,086 [Thread-259] INFO  impl.RoleInfo (RoleInfo.java:updateAndGet(143)) - 52409454-a635-4025-bc64-a21ce237eab6: start LeaderElection
2019-09-26 16:03:36,101 [Thread-253] INFO  impl.FollowerState (FollowerState.java:run(106)) - 89ab1f74-7e20-414f-8e85-0b96306ed4b0:group-5C0F363C2806 changes to CANDIDATE, lastRpcTime:5200, electionTimeout:5200ms
2019-09-26 16:03:36,101 [Thread-253] INFO  impl.RoleInfo (RoleInfo.java:shutdownFollowerState(121)) - 89ab1f74-7e20-414f-8e85-0b96306ed4b0: shutdown FollowerState
2019-09-26 16:03:36,102 [Thread-253] INFO  impl.RaftServerImpl (RaftServerImpl.java:setRole(174)) - 89ab1f74-7e20-414f-8e85-0b96306ed4b0@group-5C0F363C2806: changes role from  FOLLOWER to CANDIDATE at term 0 for changeToCandidate
2019-09-26 16:03:36,102 [Thread-253] INFO  impl.RoleInfo (RoleInfo.java:updateAndGet(143)) - 89ab1f74-7e20-414f-8e85-0b96306ed4b0: start LeaderElection
2019-09-26 16:03:36,107 [52409454-a635-4025-bc64-a21ce237eab6@group-BE849D3171E6:LeaderElection5] INFO  impl.LeaderElection (LeaderElection.java:askForVotes(182)) - 52409454-a635-4025-bc64-a21ce237eab6@group-BE849D3171E6:LeaderElection5: begin an election at term 1 for -1: [52409454-a635-4025-bc64-a21ce237eab6:192.168.157.234:35565], old=null
2019-09-26 16:03:36,107 [52409454-a635-4025-bc64-a21ce237eab6@group-BE849D3171E6:LeaderElection5] INFO  impl.RoleInfo (RoleInfo.java:shutdownLeaderElection(134)) - 52409454-a635-4025-bc64-a21ce237eab6: shutdown LeaderElection
2019-09-26 16:03:36,107 [52409454-a635-4025-bc64-a21ce237eab6@group-BE849D3171E6:LeaderElection5] INFO  impl.RaftServerImpl (RaftServerImpl.java:setRole(174)) - 52409454-a635-4025-bc64-a21ce237eab6@group-BE849D3171E6: changes role from CANDIDATE to LEADER at term 1 for changeToLeader
2019-09-26 16:03:36,107 [52409454-a635-4025-bc64-a21ce237eab6@group-BE849D3171E6:LeaderElection5] INFO  impl.RaftServerImpl (ServerState.java:setLeader(253)) - 52409454-a635-4025-bc64-a21ce237eab6@group-BE849D3171E6: change Leader from null to 52409454-a635-4025-bc64-a21ce237eab6 at term 1 for becomeLeader, leader elected after 5050ms
2019-09-26 16:03:36,109 [52409454-a635-4025-bc64-a21ce237eab6@group-BE849D3171E6:LeaderElection5] INFO  server.RaftServerConfigKeys (ConfUtils.java:logGet(43)) - raft.server.staging.catchup.gap = 1000 (default)
2019-09-26 16:03:36,109 [52409454-a635-4025-bc64-a21ce237eab6@group-BE849D3171E6:LeaderElection5] INFO  server.RaftServerConfigKeys (ConfUtils.java:logGet(43)) - raft.server.rpc.sleep.time = 25ms (default)
2019-09-26 16:03:36,110 [52409454-a635-4025-bc64-a21ce237eab6@group-BE849D3171E6:LeaderElection5] INFO  server.RaftServerConfigKeys (ConfUtils.java:logGet(43)) - raft.server.write.element-limit = 4096 (default)
2019-09-26 16:03:36,110 [52409454-a635-4025-bc64-a21ce237eab6@group-BE849D3171E6:LeaderElection5] INFO  server.RaftServerConfigKeys (ConfUtils.java:logGet(43)) - raft.server.watch.timeout = 10s (default)
2019-09-26 16:03:36,110 [52409454-a635-4025-bc64-a21ce237eab6@group-BE849D3171E6:LeaderElection5] INFO  server.RaftServerConfigKeys (ConfUtils.java:logGet(43)) - raft.server.watch.timeout.denomination = 1s (default)
2019-09-26 16:03:36,110 [52409454-a635-4025-bc64-a21ce237eab6@group-BE849D3171E6:LeaderElection5] INFO  server.RaftServerConfigKeys (ConfUtils.java:logGet(43)) - raft.server.watch.element-limit = 65536 (default)
2019-09-26 16:03:36,113 [52409454-a635-4025-bc64-a21ce237eab6@group-BE849D3171E6:LeaderElection5] INFO  impl.RoleInfo (RoleInfo.java:updateAndGet(143)) - 52409454-a635-4025-bc64-a21ce237eab6: start LeaderState
2019-09-26 16:03:36,114 [52409454-a635-4025-bc64-a21ce237eab6@group-BE849D3171E6:LeaderElection5] INFO  segmented.SegmentedRaftLogWorker (SegmentedRaftLogWorker.java:startLogSegment(380)) - 52409454-a635-4025-bc64-a21ce237eab6@group-BE849D3171E6-SegmentedRaftLogWorker: Starting segment from index:0
2019-09-26 16:03:36,115 [52409454-a635-4025-bc64-a21ce237eab6@group-BE849D3171E6:LeaderElection5] INFO  impl.RaftServerImpl (ServerState.java:setRaftConf(354)) - 52409454-a635-4025-bc64-a21ce237eab6@group-BE849D3171E6: set configuration 0: [52409454-a635-4025-bc64-a21ce237eab6:192.168.157.234:35565], old=null at 0
2019-09-26 16:03:36,160 [Thread-256] INFO  impl.FollowerState (FollowerState.java:run(106)) - 147c816b-a366-4aae-aa7b-87981ba2da73:group-BB8EEB0C989E changes to CANDIDATE, lastRpcTime:5178, electionTimeout:5151ms
2019-09-26 16:03:36,160 [89ab1f74-7e20-414f-8e85-0b96306ed4b0@group-5C0F363C2806:LeaderElection6] INFO  impl.LeaderElection (LeaderElection.java:askForVotes(182)) - 89ab1f74-7e20-414f-8e85-0b96306ed4b0@group-5C0F363C2806:LeaderElection6: begin an election at term 1 for -1: [89ab1f74-7e20-414f-8e85-0b96306ed4b0:192.168.157.234:36984], old=null
2019-09-26 16:03:36,160 [Thread-256] INFO  impl.RoleInfo (RoleInfo.java:shutdownFollowerState(121)) - 147c816b-a366-4aae-aa7b-87981ba2da73: shutdown FollowerState
2019-09-26 16:03:36,161 [89ab1f74-7e20-414f-8e85-0b96306ed4b0@group-5C0F363C2806:LeaderElection6] INFO  impl.RoleInfo (RoleInfo.java:shutdownLeaderElection(134)) - 89ab1f74-7e20-414f-8e85-0b96306ed4b0: shutdown LeaderElection
2019-09-26 16:03:36,161 [Thread-256] INFO  impl.RaftServerImpl (RaftServerImpl.java:setRole(174)) - 147c816b-a366-4aae-aa7b-87981ba2da73@group-BB8EEB0C989E: changes role from  FOLLOWER to CANDIDATE at term 0 for changeToCandidate
2019-09-26 16:03:36,161 [89ab1f74-7e20-414f-8e85-0b96306ed4b0@group-5C0F363C2806:LeaderElection6] INFO  impl.RaftServerImpl (RaftServerImpl.java:setRole(174)) - 89ab1f74-7e20-414f-8e85-0b96306ed4b0@group-5C0F363C2806: changes role from CANDIDATE to LEADER at term 1 for changeToLeader
2019-09-26 16:03:36,161 [Thread-256] INFO  impl.RoleInfo (RoleInfo.java:updateAndGet(143)) - 147c816b-a366-4aae-aa7b-87981ba2da73: start LeaderElection
2019-09-26 16:03:36,161 [89ab1f74-7e20-414f-8e85-0b96306ed4b0@group-5C0F363C2806:LeaderElection6] INFO  impl.RaftServerImpl (ServerState.java:setLeader(253)) - 89ab1f74-7e20-414f-8e85-0b96306ed4b0@group-5C0F363C2806: change Leader from null to 89ab1f74-7e20-414f-8e85-0b96306ed4b0 at term 1 for becomeLeader, leader elected after 5268ms
2019-09-26 16:03:36,163 [89ab1f74-7e20-414f-8e85-0b96306ed4b0@group-5C0F363C2806:LeaderElection6] INFO  server.RaftServerConfigKeys (ConfUtils.java:logGet(43)) - raft.server.staging.catchup.gap = 1000 (default)
2019-09-26 16:03:36,167 [89ab1f74-7e20-414f-8e85-0b96306ed4b0@group-5C0F363C2806:LeaderElection6] INFO  server.RaftServerConfigKeys (ConfUtils.java:logGet(43)) - raft.server.rpc.sleep.time = 25ms (default)
2019-09-26 16:03:36,169 [89ab1f74-7e20-414f-8e85-0b96306ed4b0@group-5C0F363C2806:LeaderElection6] INFO  server.RaftServerConfigKeys (ConfUtils.java:logGet(43)) - raft.server.write.element-limit = 4096 (default)
2019-09-26 16:03:36,170 [89ab1f74-7e20-414f-8e85-0b96306ed4b0@group-5C0F363C2806:LeaderElection6] INFO  server.RaftServerConfigKeys (ConfUtils.java:logGet(43)) - raft.server.watch.timeout = 10s (default)
2019-09-26 16:03:36,170 [89ab1f74-7e20-414f-8e85-0b96306ed4b0@group-5C0F363C2806:LeaderElection6] INFO  server.RaftServerConfigKeys (ConfUtils.java:logGet(43)) - raft.server.watch.timeout.denomination = 1s (default)
2019-09-26 16:03:36,170 [89ab1f74-7e20-414f-8e85-0b96306ed4b0@group-5C0F363C2806:LeaderElection6] INFO  server.RaftServerConfigKeys (ConfUtils.java:logGet(43)) - raft.server.watch.element-limit = 65536 (default)
2019-09-26 16:03:36,176 [89ab1f74-7e20-414f-8e85-0b96306ed4b0@group-5C0F363C2806:LeaderElection6] INFO  impl.RoleInfo (RoleInfo.java:updateAndGet(143)) - 89ab1f74-7e20-414f-8e85-0b96306ed4b0: start LeaderState
2019-09-26 16:03:36,176 [89ab1f74-7e20-414f-8e85-0b96306ed4b0@group-5C0F363C2806:LeaderElection6] INFO  segmented.SegmentedRaftLogWorker (SegmentedRaftLogWorker.java:startLogSegment(380)) - 89ab1f74-7e20-414f-8e85-0b96306ed4b0@group-5C0F363C2806-SegmentedRaftLogWorker: Starting segment from index:0
2019-09-26 16:03:36,177 [89ab1f74-7e20-414f-8e85-0b96306ed4b0@group-5C0F363C2806:LeaderElection6] INFO  impl.RaftServerImpl (ServerState.java:setRaftConf(354)) - 89ab1f74-7e20-414f-8e85-0b96306ed4b0@group-5C0F363C2806: set configuration 0: [89ab1f74-7e20-414f-8e85-0b96306ed4b0:192.168.157.234:36984], old=null at 0
2019-09-26 16:03:36,220 [Thread-264] INFO  impl.FollowerState (FollowerState.java:run(106)) - 947c5801-1794-4fdd-a08d-28b892c7eaef:group-652419E1F15D changes to CANDIDATE, lastRpcTime:5043, electionTimeout:5016ms
2019-09-26 16:03:36,220 [52409454-a635-4025-bc64-a21ce237eab6@group-BE849D3171E6-SegmentedRaftLogWorker] INFO  segmented.SegmentedRaftLogWorker (SegmentedRaftLogWorker.java:execute(569)) - 52409454-a635-4025-bc64-a21ce237eab6@group-BE849D3171E6-SegmentedRaftLogWorker: created new log segment /workdir/hadoop-ozone/integration-test/target/test-dir/MiniOzoneClusterImpl-e6b3eac8-f257-4ae4-aa9d-4144be51a25f/datanode-6/data/ratis/df69253a-cef4-4ec5-8c40-be849d3171e6/current/log_inprogress_0
2019-09-26 16:03:36,221 [Thread-264] INFO  impl.RoleInfo (RoleInfo.java:shutdownFollowerState(121)) - 947c5801-1794-4fdd-a08d-28b892c7eaef: shutdown FollowerState
2019-09-26 16:03:36,221 [147c816b-a366-4aae-aa7b-87981ba2da73@group-BB8EEB0C989E:LeaderElection7] INFO  impl.LeaderElection (LeaderElection.java:askForVotes(182)) - 147c816b-a366-4aae-aa7b-87981ba2da73@group-BB8EEB0C989E:LeaderElection7: begin an election at term 1 for -1: [147c816b-a366-4aae-aa7b-87981ba2da73:192.168.157.234:33171], old=null
2019-09-26 16:03:36,221 [Thread-264] INFO  impl.RaftServerImpl (RaftServerImpl.java:setRole(174)) - 947c5801-1794-4fdd-a08d-28b892c7eaef@group-652419E1F15D: changes role from  FOLLOWER to CANDIDATE at term 0 for changeToCandidate
2019-09-26 16:03:36,221 [147c816b-a366-4aae-aa7b-87981ba2da73@group-BB8EEB0C989E:LeaderElection7] INFO  impl.RoleInfo (RoleInfo.java:shutdownLeaderElection(134)) - 147c816b-a366-4aae-aa7b-87981ba2da73: shutdown LeaderElection
2019-09-26 16:03:36,221 [Thread-264] INFO  impl.RoleInfo (RoleInfo.java:updateAndGet(143)) - 947c5801-1794-4fdd-a08d-28b892c7eaef: start LeaderElection
2019-09-26 16:03:36,221 [147c816b-a366-4aae-aa7b-87981ba2da73@group-BB8EEB0C989E:LeaderElection7] INFO  impl.RaftServerImpl (RaftServerImpl.java:setRole(174)) - 147c816b-a366-4aae-aa7b-87981ba2da73@group-BB8EEB0C989E: changes role from CANDIDATE to LEADER at term 1 for changeToLeader
2019-09-26 16:03:36,222 [147c816b-a366-4aae-aa7b-87981ba2da73@group-BB8EEB0C989E:LeaderElection7] INFO  impl.RaftServerImpl (ServerState.java:setLeader(253)) - 147c816b-a366-4aae-aa7b-87981ba2da73@group-BB8EEB0C989E: change Leader from null to 147c816b-a366-4aae-aa7b-87981ba2da73 at term 1 for becomeLeader, leader elected after 5250ms
2019-09-26 16:03:36,226 [147c816b-a366-4aae-aa7b-87981ba2da73@group-BB8EEB0C989E:LeaderElection7] INFO  server.RaftServerConfigKeys (ConfUtils.java:logGet(43)) - raft.server.staging.catchup.gap = 1000 (default)
2019-09-26 16:03:36,226 [147c816b-a366-4aae-aa7b-87981ba2da73@group-BB8EEB0C989E:LeaderElection7] INFO  server.RaftServerConfigKeys (ConfUtils.java:logGet(43)) - raft.server.rpc.sleep.time = 25ms (default)
2019-09-26 16:03:36,227 [147c816b-a366-4aae-aa7b-87981ba2da73@group-BB8EEB0C989E:LeaderElection7] INFO  server.RaftServerConfigKeys (ConfUtils.java:logGet(43)) - raft.server.write.element-limit = 4096 (default)
2019-09-26 16:03:36,227 [147c816b-a366-4aae-aa7b-87981ba2da73@group-BB8EEB0C989E:LeaderElection7] INFO  server.RaftServerConfigKeys (ConfUtils.java:logGet(43)) - raft.server.watch.timeout = 10s (default)
2019-09-26 16:03:36,227 [147c816b-a366-4aae-aa7b-87981ba2da73@group-BB8EEB0C989E:LeaderElection7] INFO  server.RaftServerConfigKeys (ConfUtils.java:logGet(43)) - raft.server.watch.timeout.denomination = 1s (default)
2019-09-26 16:03:36,227 [147c816b-a366-4aae-aa7b-87981ba2da73@group-BB8EEB0C989E:LeaderElection7] INFO  server.RaftServerConfigKeys (ConfUtils.java:logGet(43)) - raft.server.watch.element-limit = 65536 (default)
2019-09-26 16:03:36,231 [147c816b-a366-4aae-aa7b-87981ba2da73@group-BB8EEB0C989E:LeaderElection7] INFO  impl.RoleInfo (RoleInfo.java:updateAndGet(143)) - 147c816b-a366-4aae-aa7b-87981ba2da73: start LeaderState
2019-09-26 16:03:36,231 [147c816b-a366-4aae-aa7b-87981ba2da73@group-BB8EEB0C989E:LeaderElection7] INFO  segmented.SegmentedRaftLogWorker (SegmentedRaftLogWorker.java:startLogSegment(380)) - 147c816b-a366-4aae-aa7b-87981ba2da73@group-BB8EEB0C989E-SegmentedRaftLogWorker: Starting segment from index:0
2019-09-26 16:03:36,232 [147c816b-a366-4aae-aa7b-87981ba2da73@group-BB8EEB0C989E:LeaderElection7] INFO  impl.RaftServerImpl (ServerState.java:setRaftConf(354)) - 147c816b-a366-4aae-aa7b-87981ba2da73@group-BB8EEB0C989E: set configuration 0: [147c816b-a366-4aae-aa7b-87981ba2da73:192.168.157.234:33171], old=null at 0
2019-09-26 16:03:36,234 [89ab1f74-7e20-414f-8e85-0b96306ed4b0@group-5C0F363C2806-SegmentedRaftLogWorker] INFO  segmented.SegmentedRaftLogWorker (SegmentedRaftLogWorker.java:execute(569)) - 89ab1f74-7e20-414f-8e85-0b96306ed4b0@group-5C0F363C2806-SegmentedRaftLogWorker: created new log segment /workdir/hadoop-ozone/integration-test/target/test-dir/MiniOzoneClusterImpl-e6b3eac8-f257-4ae4-aa9d-4144be51a25f/datanode-2/data/ratis/864af72f-e8f3-4cd7-90ef-5c0f363c2806/current/log_inprogress_0
2019-09-26 16:03:36,235 [947c5801-1794-4fdd-a08d-28b892c7eaef@group-652419E1F15D:LeaderElection8] INFO  impl.LeaderElection (LeaderElection.java:askForVotes(182)) - 947c5801-1794-4fdd-a08d-28b892c7eaef@group-652419E1F15D:LeaderElection8: begin an election at term 1 for -1: [947c5801-1794-4fdd-a08d-28b892c7eaef:192.168.157.234:33746, 48de5d4d-80aa-4db3-8305-07d8969acec5:192.168.157.234:43656, 62842ba7-8c68-4127-a44e-55d7d7ab4342:192.168.157.234:34781], old=null
2019-09-26 16:03:36,279 [main] INFO  ipc.Client (Client.java:handleConnectionFailure(948)) - Retrying connect to server: localhost/127.0.0.1:0. Already tried 5 time(s); retry policy is RetryUpToMaximumCountWithFixedSleep(maxRetries=10, sleepTime=1000 MILLISECONDS)
2019-09-26 16:03:36,294 [grpc-default-executor-1] INFO  impl.RaftServerImpl (RaftServerImpl.java:setRole(174)) - 62842ba7-8c68-4127-a44e-55d7d7ab4342@group-652419E1F15D: changes role from  FOLLOWER to FOLLOWER at term 1 for recognizeCandidate:947c5801-1794-4fdd-a08d-28b892c7eaef
2019-09-26 16:03:36,294 [grpc-default-executor-2] INFO  impl.RaftServerImpl (RaftServerImpl.java:setRole(174)) - 48de5d4d-80aa-4db3-8305-07d8969acec5@group-652419E1F15D: changes role from  FOLLOWER to FOLLOWER at term 1 for recognizeCandidate:947c5801-1794-4fdd-a08d-28b892c7eaef
2019-09-26 16:03:36,294 [grpc-default-executor-1] INFO  impl.RoleInfo (RoleInfo.java:shutdownFollowerState(121)) - 62842ba7-8c68-4127-a44e-55d7d7ab4342: shutdown FollowerState
2019-09-26 16:03:36,294 [grpc-default-executor-2] INFO  impl.RoleInfo (RoleInfo.java:shutdownFollowerState(121)) - 48de5d4d-80aa-4db3-8305-07d8969acec5: shutdown FollowerState
2019-09-26 16:03:36,295 [Thread-266] INFO  impl.FollowerState (FollowerState.java:run(115)) - 62842ba7-8c68-4127-a44e-55d7d7ab4342: FollowerState was interrupted: java.lang.InterruptedException: sleep interrupted
2019-09-26 16:03:36,295 [Thread-265] INFO  impl.FollowerState (FollowerState.java:run(115)) - 48de5d4d-80aa-4db3-8305-07d8969acec5: FollowerState was interrupted: java.lang.InterruptedException: sleep interrupted
2019-09-26 16:03:36,295 [grpc-default-executor-2] INFO  impl.RoleInfo (RoleInfo.java:updateAndGet(143)) - 48de5d4d-80aa-4db3-8305-07d8969acec5: start FollowerState
2019-09-26 16:03:36,295 [grpc-default-executor-1] INFO  impl.RoleInfo (RoleInfo.java:updateAndGet(143)) - 62842ba7-8c68-4127-a44e-55d7d7ab4342: start FollowerState
2019-09-26 16:03:36,303 [147c816b-a366-4aae-aa7b-87981ba2da73@group-BB8EEB0C989E-SegmentedRaftLogWorker] INFO  segmented.SegmentedRaftLogWorker (SegmentedRaftLogWorker.java:execute(569)) - 147c816b-a366-4aae-aa7b-87981ba2da73@group-BB8EEB0C989E-SegmentedRaftLogWorker: created new log segment /workdir/hadoop-ozone/integration-test/target/test-dir/MiniOzoneClusterImpl-e6b3eac8-f257-4ae4-aa9d-4144be51a25f/datanode-3/data/ratis/7d0a47cc-a59f-4b57-8474-bb8eeb0c989e/current/log_inprogress_0
2019-09-26 16:03:36,331 [947c5801-1794-4fdd-a08d-28b892c7eaef@group-652419E1F15D:LeaderElection8] INFO  impl.LeaderElection (LeaderElection.java:logAndReturn(56)) - 947c5801-1794-4fdd-a08d-28b892c7eaef@group-652419E1F15D:LeaderElection8: Election PASSED; received 1 response(s) [947c5801-1794-4fdd-a08d-28b892c7eaef<-48de5d4d-80aa-4db3-8305-07d8969acec5#0:OK-t1] and 0 exception(s); 947c5801-1794-4fdd-a08d-28b892c7eaef@group-652419E1F15D:t1, leader=null, voted=947c5801-1794-4fdd-a08d-28b892c7eaef, raftlog=947c5801-1794-4fdd-a08d-28b892c7eaef@group-652419E1F15D-SegmentedRaftLog:OPENED:c-1,f-1,i0, conf=-1: [947c5801-1794-4fdd-a08d-28b892c7eaef:192.168.157.234:33746, 48de5d4d-80aa-4db3-8305-07d8969acec5:192.168.157.234:43656, 62842ba7-8c68-4127-a44e-55d7d7ab4342:192.168.157.234:34781], old=null
2019-09-26 16:03:36,332 [947c5801-1794-4fdd-a08d-28b892c7eaef@group-652419E1F15D:LeaderElection8] INFO  impl.RoleInfo (RoleInfo.java:shutdownLeaderElection(134)) - 947c5801-1794-4fdd-a08d-28b892c7eaef: shutdown LeaderElection
2019-09-26 16:03:36,332 [947c5801-1794-4fdd-a08d-28b892c7eaef@group-652419E1F15D:LeaderElection8] INFO  impl.RaftServerImpl (RaftServerImpl.java:setRole(174)) - 947c5801-1794-4fdd-a08d-28b892c7eaef@group-652419E1F15D: changes role from CANDIDATE to LEADER at term 1 for changeToLeader
2019-09-26 16:03:36,334 [947c5801-1794-4fdd-a08d-28b892c7eaef@group-652419E1F15D:LeaderElection8] INFO  impl.RaftServerImpl (ServerState.java:setLeader(253)) - 947c5801-1794-4fdd-a08d-28b892c7eaef@group-652419E1F15D: change Leader from null to 947c5801-1794-4fdd-a08d-28b892c7eaef at term 1 for becomeLeader, leader elected after 5173ms
2019-09-26 16:03:36,335 [947c5801-1794-4fdd-a08d-28b892c7eaef@group-652419E1F15D:LeaderElection8] INFO  server.RaftServerConfigKeys (ConfUtils.java:logGet(43)) - raft.server.staging.catchup.gap = 1000 (default)
2019-09-26 16:03:36,335 [947c5801-1794-4fdd-a08d-28b892c7eaef@group-652419E1F15D:LeaderElection8] INFO  server.RaftServerConfigKeys (ConfUtils.java:logGet(43)) - raft.server.rpc.sleep.time = 25ms (default)
2019-09-26 16:03:36,335 [947c5801-1794-4fdd-a08d-28b892c7eaef@group-652419E1F15D:LeaderElection8] INFO  server.RaftServerConfigKeys (ConfUtils.java:logGet(43)) - raft.server.write.element-limit = 4096 (default)
2019-09-26 16:03:36,335 [947c5801-1794-4fdd-a08d-28b892c7eaef@group-652419E1F15D:LeaderElection8] INFO  server.RaftServerConfigKeys (ConfUtils.java:logGet(43)) - raft.server.watch.timeout = 10s (default)
2019-09-26 16:03:36,335 [947c5801-1794-4fdd-a08d-28b892c7eaef@group-652419E1F15D:LeaderElection8] INFO  server.RaftServerConfigKeys (ConfUtils.java:logGet(43)) - raft.server.watch.timeout.denomination = 1s (default)
2019-09-26 16:03:36,336 [947c5801-1794-4fdd-a08d-28b892c7eaef@group-652419E1F15D:LeaderElection8] INFO  server.RaftServerConfigKeys (ConfUtils.java:logGet(43)) - raft.server.watch.element-limit = 65536 (default)
2019-09-26 16:03:36,342 [947c5801-1794-4fdd-a08d-28b892c7eaef@group-652419E1F15D:LeaderElection8] INFO  server.RaftServerConfigKeys (ConfUtils.java:logGet(43)) - raft.server.log.appender.snapshot.chunk.size.max = 16MB (=16777216) (default)
2019-09-26 16:03:36,342 [947c5801-1794-4fdd-a08d-28b892c7eaef@group-652419E1F15D:LeaderElection8] INFO  server.RaftServerConfigKeys (ConfUtils.java:logGet(43)) - raft.server.log.appender.buffer.byte-limit = 33554432 (custom)
2019-09-26 16:03:36,343 [947c5801-1794-4fdd-a08d-28b892c7eaef@group-652419E1F15D:LeaderElection8] INFO  server.RaftServerConfigKeys (ConfUtils.java:logGet(43)) - raft.server.log.appender.buffer.element-limit = 1 (custom)
2019-09-26 16:03:36,348 [947c5801-1794-4fdd-a08d-28b892c7eaef@group-652419E1F15D:LeaderElection8] INFO  grpc.GrpcConfigKeys$Server (ConfUtils.java:logGet(43)) - raft.grpc.server.leader.outstanding.appends.max = 128 (default)
2019-09-26 16:03:36,356 [947c5801-1794-4fdd-a08d-28b892c7eaef@group-652419E1F15D:LeaderElection8] INFO  server.RaftServerConfigKeys (ConfUtils.java:logGet(43)) - raft.server.rpc.request.timeout = 3000ms (default)
2019-09-26 16:03:36,356 [947c5801-1794-4fdd-a08d-28b892c7eaef@group-652419E1F15D:LeaderElection8] INFO  server.RaftServerConfigKeys (ConfUtils.java:logGet(43)) - raft.server.log.appender.install.snapshot.enabled = false (custom)
2019-09-26 16:03:36,358 [947c5801-1794-4fdd-a08d-28b892c7eaef@group-652419E1F15D:LeaderElection8] INFO  server.RaftServerConfigKeys (ConfUtils.java:logGet(43)) - raft.server.log.appender.snapshot.chunk.size.max = 16MB (=16777216) (default)
2019-09-26 16:03:36,358 [947c5801-1794-4fdd-a08d-28b892c7eaef@group-652419E1F15D:LeaderElection8] INFO  server.RaftServerConfigKeys (ConfUtils.java:logGet(43)) - raft.server.log.appender.buffer.byte-limit = 33554432 (custom)
2019-09-26 16:03:36,358 [947c5801-1794-4fdd-a08d-28b892c7eaef@group-652419E1F15D:LeaderElection8] INFO  server.RaftServerConfigKeys (ConfUtils.java:logGet(43)) - raft.server.log.appender.buffer.element-limit = 1 (custom)
2019-09-26 16:03:36,358 [947c5801-1794-4fdd-a08d-28b892c7eaef@group-652419E1F15D:LeaderElection8] INFO  grpc.GrpcConfigKeys$Server (ConfUtils.java:logGet(43)) - raft.grpc.server.leader.outstanding.appends.max = 128 (default)
2019-09-26 16:03:36,358 [947c5801-1794-4fdd-a08d-28b892c7eaef@group-652419E1F15D:LeaderElection8] INFO  server.RaftServerConfigKeys (ConfUtils.java:logGet(43)) - raft.server.rpc.request.timeout = 3000ms (default)
2019-09-26 16:03:36,359 [947c5801-1794-4fdd-a08d-28b892c7eaef@group-652419E1F15D:LeaderElection8] INFO  server.RaftServerConfigKeys (ConfUtils.java:logGet(43)) - raft.server.log.appender.install.snapshot.enabled = false (custom)
2019-09-26 16:03:36,363 [947c5801-1794-4fdd-a08d-28b892c7eaef@group-652419E1F15D:LeaderElection8] INFO  impl.RoleInfo (RoleInfo.java:updateAndGet(143)) - 947c5801-1794-4fdd-a08d-28b892c7eaef: start LeaderState
2019-09-26 16:03:36,363 [947c5801-1794-4fdd-a08d-28b892c7eaef@group-652419E1F15D:LeaderElection8] INFO  segmented.SegmentedRaftLogWorker (SegmentedRaftLogWorker.java:startLogSegment(380)) - 947c5801-1794-4fdd-a08d-28b892c7eaef@group-652419E1F15D-SegmentedRaftLogWorker: Starting segment from index:0
2019-09-26 16:03:36,363 [Thread-275] INFO  impl.FollowerState (FollowerState.java:run(106)) - 147c816b-a366-4aae-aa7b-87981ba2da73:group-DD5A3C6E8262 changes to CANDIDATE, lastRpcTime:5046, electionTimeout:5044ms
2019-09-26 16:03:36,366 [Thread-275] INFO  impl.RoleInfo (RoleInfo.java:shutdownFollowerState(121)) - 147c816b-a366-4aae-aa7b-87981ba2da73: shutdown FollowerState
2019-09-26 16:03:36,366 [Thread-275] INFO  impl.RaftServerImpl (RaftServerImpl.java:setRole(174)) - 147c816b-a366-4aae-aa7b-87981ba2da73@group-DD5A3C6E8262: changes role from  FOLLOWER to CANDIDATE at term 0 for changeToCandidate
2019-09-26 16:03:36,366 [947c5801-1794-4fdd-a08d-28b892c7eaef@group-652419E1F15D:LeaderElection8] INFO  impl.RaftServerImpl (ServerState.java:setRaftConf(354)) - 947c5801-1794-4fdd-a08d-28b892c7eaef@group-652419E1F15D: set configuration 0: [947c5801-1794-4fdd-a08d-28b892c7eaef:192.168.157.234:33746, 48de5d4d-80aa-4db3-8305-07d8969acec5:192.168.157.234:43656, 62842ba7-8c68-4127-a44e-55d7d7ab4342:192.168.157.234:34781], old=null at 0
2019-09-26 16:03:36,366 [Thread-275] INFO  impl.RoleInfo (RoleInfo.java:updateAndGet(143)) - 147c816b-a366-4aae-aa7b-87981ba2da73: start LeaderElection
2019-09-26 16:03:36,397 [Thread-276] INFO  impl.FollowerState (FollowerState.java:run(106)) - 89ab1f74-7e20-414f-8e85-0b96306ed4b0:group-DD5A3C6E8262 changes to CANDIDATE, lastRpcTime:5077, electionTimeout:5077ms
2019-09-26 16:03:36,397 [Thread-276] INFO  impl.RoleInfo (RoleInfo.java:shutdownFollowerState(121)) - 89ab1f74-7e20-414f-8e85-0b96306ed4b0: shutdown FollowerState
2019-09-26 16:03:36,397 [947c5801-1794-4fdd-a08d-28b892c7eaef@group-652419E1F15D-SegmentedRaftLogWorker] INFO  segmented.SegmentedRaftLogWorker (SegmentedRaftLogWorker.java:execute(569)) - 947c5801-1794-4fdd-a08d-28b892c7eaef@group-652419E1F15D-SegmentedRaftLogWorker: created new log segment /workdir/hadoop-ozone/integration-test/target/test-dir/MiniOzoneClusterImpl-e6b3eac8-f257-4ae4-aa9d-4144be51a25f/datanode-1/data/ratis/dc5840e4-c0d5-4780-8380-652419e1f15d/current/log_inprogress_0
2019-09-26 16:03:36,397 [Thread-276] INFO  impl.RaftServerImpl (RaftServerImpl.java:setRole(174)) - 89ab1f74-7e20-414f-8e85-0b96306ed4b0@group-DD5A3C6E8262: changes role from  FOLLOWER to CANDIDATE at term 0 for changeToCandidate
2019-09-26 16:03:36,398 [147c816b-a366-4aae-aa7b-87981ba2da73@group-DD5A3C6E8262:LeaderElection9] INFO  impl.LeaderElection (LeaderElection.java:askForVotes(182)) - 147c816b-a366-4aae-aa7b-87981ba2da73@group-DD5A3C6E8262:LeaderElection9: begin an election at term 1 for -1: [fec3750d-6dc3-4624-a01f-e7799a846917:192.168.157.234:44292, 147c816b-a366-4aae-aa7b-87981ba2da73:192.168.157.234:33171, 89ab1f74-7e20-414f-8e85-0b96306ed4b0:192.168.157.234:36984], old=null
2019-09-26 16:03:36,398 [Thread-276] INFO  impl.RoleInfo (RoleInfo.java:updateAndGet(143)) - 89ab1f74-7e20-414f-8e85-0b96306ed4b0: start LeaderElection
2019-09-26 16:03:36,414 [89ab1f74-7e20-414f-8e85-0b96306ed4b0@group-DD5A3C6E8262:LeaderElection10] INFO  impl.LeaderElection (LeaderElection.java:askForVotes(182)) - 89ab1f74-7e20-414f-8e85-0b96306ed4b0@group-DD5A3C6E8262:LeaderElection10: begin an election at term 1 for -1: [fec3750d-6dc3-4624-a01f-e7799a846917:192.168.157.234:44292, 147c816b-a366-4aae-aa7b-87981ba2da73:192.168.157.234:33171, 89ab1f74-7e20-414f-8e85-0b96306ed4b0:192.168.157.234:36984], old=null
2019-09-26 16:03:36,505 [Thread-271] INFO  impl.FollowerState (FollowerState.java:run(106)) - fec3750d-6dc3-4624-a01f-e7799a846917:group-DD5A3C6E8262 changes to CANDIDATE, lastRpcTime:5204, electionTimeout:5192ms
2019-09-26 16:03:36,506 [Thread-271] INFO  impl.RoleInfo (RoleInfo.java:shutdownFollowerState(121)) - fec3750d-6dc3-4624-a01f-e7799a846917: shutdown FollowerState
2019-09-26 16:03:36,506 [Thread-271] INFO  impl.RaftServerImpl (RaftServerImpl.java:setRole(174)) - fec3750d-6dc3-4624-a01f-e7799a846917@group-DD5A3C6E8262: changes role from  FOLLOWER to CANDIDATE at term 0 for changeToCandidate
2019-09-26 16:03:36,507 [Thread-271] INFO  impl.RoleInfo (RoleInfo.java:updateAndGet(143)) - fec3750d-6dc3-4624-a01f-e7799a846917: start LeaderElection
2019-09-26 16:03:36,543 [fec3750d-6dc3-4624-a01f-e7799a846917@group-DD5A3C6E8262:LeaderElection11] INFO  impl.LeaderElection (LeaderElection.java:askForVotes(182)) - fec3750d-6dc3-4624-a01f-e7799a846917@group-DD5A3C6E8262:LeaderElection11: begin an election at term 1 for -1: [fec3750d-6dc3-4624-a01f-e7799a846917:192.168.157.234:44292, 147c816b-a366-4aae-aa7b-87981ba2da73:192.168.157.234:33171, 89ab1f74-7e20-414f-8e85-0b96306ed4b0:192.168.157.234:36984], old=null
2019-09-26 16:03:36,571 [grpc-default-executor-2] INFO  impl.RaftServerImpl (ServerState.java:setLeader(253)) - 48de5d4d-80aa-4db3-8305-07d8969acec5@group-652419E1F15D: change Leader from null to 947c5801-1794-4fdd-a08d-28b892c7eaef at term 1 for appendEntries, leader elected after 5410ms
2019-09-26 16:03:36,571 [grpc-default-executor-1] INFO  impl.RaftServerImpl (ServerState.java:setLeader(253)) - 62842ba7-8c68-4127-a44e-55d7d7ab4342@group-652419E1F15D: change Leader from null to 947c5801-1794-4fdd-a08d-28b892c7eaef at term 1 for appendEntries, leader elected after 5410ms
2019-09-26 16:03:36,584 [147c816b-a366-4aae-aa7b-87981ba2da73@group-DD5A3C6E8262:LeaderElection9] INFO  impl.LeaderElection (LeaderElection.java:logAndReturn(56)) - 147c816b-a366-4aae-aa7b-87981ba2da73@group-DD5A3C6E8262:LeaderElection9: Election REJECTED; received 2 response(s) [147c816b-a366-4aae-aa7b-87981ba2da73<-fec3750d-6dc3-4624-a01f-e7799a846917#0:FAIL-t1, 147c816b-a366-4aae-aa7b-87981ba2da73<-89ab1f74-7e20-414f-8e85-0b96306ed4b0#0:FAIL-t1] and 0 exception(s); 147c816b-a366-4aae-aa7b-87981ba2da73@group-DD5A3C6E8262:t1, leader=null, voted=147c816b-a366-4aae-aa7b-87981ba2da73, raftlog=147c816b-a366-4aae-aa7b-87981ba2da73@group-DD5A3C6E8262-SegmentedRaftLog:OPENED:c-1,f-1,i0, conf=-1: [fec3750d-6dc3-4624-a01f-e7799a846917:192.168.157.234:44292, 147c816b-a366-4aae-aa7b-87981ba2da73:192.168.157.234:33171, 89ab1f74-7e20-414f-8e85-0b96306ed4b0:192.168.157.234:36984], old=null
2019-09-26 16:03:36,585 [147c816b-a366-4aae-aa7b-87981ba2da73@group-DD5A3C6E8262:LeaderElection9] INFO  impl.RaftServerImpl (RaftServerImpl.java:setRole(174)) - 147c816b-a366-4aae-aa7b-87981ba2da73@group-DD5A3C6E8262: changes role from CANDIDATE to FOLLOWER at term 1 for DISCOVERED_A_NEW_TERM
2019-09-26 16:03:36,585 [147c816b-a366-4aae-aa7b-87981ba2da73@group-DD5A3C6E8262:LeaderElection9] INFO  impl.RoleInfo (RoleInfo.java:shutdownLeaderElection(134)) - 147c816b-a366-4aae-aa7b-87981ba2da73: shutdown LeaderElection
2019-09-26 16:03:36,585 [89ab1f74-7e20-414f-8e85-0b96306ed4b0@group-DD5A3C6E8262:LeaderElection10] INFO  impl.LeaderElection (LeaderElection.java:logAndReturn(56)) - 89ab1f74-7e20-414f-8e85-0b96306ed4b0@group-DD5A3C6E8262:LeaderElection10: Election REJECTED; received 2 response(s) [89ab1f74-7e20-414f-8e85-0b96306ed4b0<-fec3750d-6dc3-4624-a01f-e7799a846917#0:FAIL-t1, 89ab1f74-7e20-414f-8e85-0b96306ed4b0<-147c816b-a366-4aae-aa7b-87981ba2da73#0:FAIL-t1] and 0 exception(s); 89ab1f74-7e20-414f-8e85-0b96306ed4b0@group-DD5A3C6E8262:t1, leader=null, voted=89ab1f74-7e20-414f-8e85-0b96306ed4b0, raftlog=89ab1f74-7e20-414f-8e85-0b96306ed4b0@group-DD5A3C6E8262-SegmentedRaftLog:OPENED:c-1,f-1,i0, conf=-1: [fec3750d-6dc3-4624-a01f-e7799a846917:192.168.157.234:44292, 147c816b-a366-4aae-aa7b-87981ba2da73:192.168.157.234:33171, 89ab1f74-7e20-414f-8e85-0b96306ed4b0:192.168.157.234:36984], old=null
2019-09-26 16:03:36,587 [147c816b-a366-4aae-aa7b-87981ba2da73@group-DD5A3C6E8262:LeaderElection9] INFO  impl.RoleInfo (RoleInfo.java:updateAndGet(143)) - 147c816b-a366-4aae-aa7b-87981ba2da73: start FollowerState
2019-09-26 16:03:36,587 [89ab1f74-7e20-414f-8e85-0b96306ed4b0@group-DD5A3C6E8262:LeaderElection10] INFO  impl.RaftServerImpl (RaftServerImpl.java:setRole(174)) - 89ab1f74-7e20-414f-8e85-0b96306ed4b0@group-DD5A3C6E8262: changes role from CANDIDATE to FOLLOWER at term 1 for DISCOVERED_A_NEW_TERM
2019-09-26 16:03:36,589 [89ab1f74-7e20-414f-8e85-0b96306ed4b0@group-DD5A3C6E8262:LeaderElection10] INFO  impl.RoleInfo (RoleInfo.java:shutdownLeaderElection(134)) - 89ab1f74-7e20-414f-8e85-0b96306ed4b0: shutdown LeaderElection
2019-09-26 16:03:36,594 [89ab1f74-7e20-414f-8e85-0b96306ed4b0@group-DD5A3C6E8262:LeaderElection10] INFO  impl.RoleInfo (RoleInfo.java:updateAndGet(143)) - 89ab1f74-7e20-414f-8e85-0b96306ed4b0: start FollowerState
2019-09-26 16:03:36,667 [fec3750d-6dc3-4624-a01f-e7799a846917@group-DD5A3C6E8262:LeaderElection11] INFO  impl.LeaderElection (LeaderElection.java:logAndReturn(56)) - fec3750d-6dc3-4624-a01f-e7799a846917@group-DD5A3C6E8262:LeaderElection11: Election REJECTED; received 2 response(s) [fec3750d-6dc3-4624-a01f-e7799a846917<-147c816b-a366-4aae-aa7b-87981ba2da73#0:FAIL-t1, fec3750d-6dc3-4624-a01f-e7799a846917<-89ab1f74-7e20-414f-8e85-0b96306ed4b0#0:FAIL-t1] and 0 exception(s); fec3750d-6dc3-4624-a01f-e7799a846917@group-DD5A3C6E8262:t1, leader=null, voted=fec3750d-6dc3-4624-a01f-e7799a846917, raftlog=fec3750d-6dc3-4624-a01f-e7799a846917@group-DD5A3C6E8262-SegmentedRaftLog:OPENED:c-1,f-1,i0, conf=-1: [fec3750d-6dc3-4624-a01f-e7799a846917:192.168.157.234:44292, 147c816b-a366-4aae-aa7b-87981ba2da73:192.168.157.234:33171, 89ab1f74-7e20-414f-8e85-0b96306ed4b0:192.168.157.234:36984], old=null
2019-09-26 16:03:36,668 [fec3750d-6dc3-4624-a01f-e7799a846917@group-DD5A3C6E8262:LeaderElection11] INFO  impl.RaftServerImpl (RaftServerImpl.java:setRole(174)) - fec3750d-6dc3-4624-a01f-e7799a846917@group-DD5A3C6E8262: changes role from CANDIDATE to FOLLOWER at term 1 for DISCOVERED_A_NEW_TERM
2019-09-26 16:03:36,670 [fec3750d-6dc3-4624-a01f-e7799a846917@group-DD5A3C6E8262:LeaderElection11] INFO  impl.RoleInfo (RoleInfo.java:shutdownLeaderElection(134)) - fec3750d-6dc3-4624-a01f-e7799a846917: shutdown LeaderElection
2019-09-26 16:03:36,670 [fec3750d-6dc3-4624-a01f-e7799a846917@group-DD5A3C6E8262:LeaderElection11] INFO  impl.RoleInfo (RoleInfo.java:updateAndGet(143)) - fec3750d-6dc3-4624-a01f-e7799a846917: start FollowerState
2019-09-26 16:03:36,693 [grpc-default-executor-2] INFO  impl.RaftServerImpl (ServerState.java:setRaftConf(354)) - 62842ba7-8c68-4127-a44e-55d7d7ab4342@group-652419E1F15D: set configuration 0: [947c5801-1794-4fdd-a08d-28b892c7eaef:192.168.157.234:33746, 48de5d4d-80aa-4db3-8305-07d8969acec5:192.168.157.234:43656, 62842ba7-8c68-4127-a44e-55d7d7ab4342:192.168.157.234:34781], old=null at 0
2019-09-26 16:03:36,693 [grpc-default-executor-1] INFO  impl.RaftServerImpl (ServerState.java:setRaftConf(354)) - 48de5d4d-80aa-4db3-8305-07d8969acec5@group-652419E1F15D: set configuration 0: [947c5801-1794-4fdd-a08d-28b892c7eaef:192.168.157.234:33746, 48de5d4d-80aa-4db3-8305-07d8969acec5:192.168.157.234:43656, 62842ba7-8c68-4127-a44e-55d7d7ab4342:192.168.157.234:34781], old=null at 0
2019-09-26 16:03:36,695 [grpc-default-executor-2] INFO  segmented.SegmentedRaftLogWorker (SegmentedRaftLogWorker.java:startLogSegment(380)) - 62842ba7-8c68-4127-a44e-55d7d7ab4342@group-652419E1F15D-SegmentedRaftLogWorker: Starting segment from index:0
2019-09-26 16:03:36,695 [grpc-default-executor-1] INFO  segmented.SegmentedRaftLogWorker (SegmentedRaftLogWorker.java:startLogSegment(380)) - 48de5d4d-80aa-4db3-8305-07d8969acec5@group-652419E1F15D-SegmentedRaftLogWorker: Starting segment from index:0
2019-09-26 16:03:36,724 [48de5d4d-80aa-4db3-8305-07d8969acec5@group-652419E1F15D-SegmentedRaftLogWorker] INFO  segmented.SegmentedRaftLogWorker (SegmentedRaftLogWorker.java:execute(569)) - 48de5d4d-80aa-4db3-8305-07d8969acec5@group-652419E1F15D-SegmentedRaftLogWorker: created new log segment /workdir/hadoop-ozone/integration-test/target/test-dir/MiniOzoneClusterImpl-e6b3eac8-f257-4ae4-aa9d-4144be51a25f/datanode-0/data/ratis/dc5840e4-c0d5-4780-8380-652419e1f15d/current/log_inprogress_0
2019-09-26 16:03:36,724 [62842ba7-8c68-4127-a44e-55d7d7ab4342@group-652419E1F15D-SegmentedRaftLogWorker] INFO  segmented.SegmentedRaftLogWorker (SegmentedRaftLogWorker.java:execute(569)) - 62842ba7-8c68-4127-a44e-55d7d7ab4342@group-652419E1F15D-SegmentedRaftLogWorker: created new log segment /workdir/hadoop-ozone/integration-test/target/test-dir/MiniOzoneClusterImpl-e6b3eac8-f257-4ae4-aa9d-4144be51a25f/datanode-4/data/ratis/dc5840e4-c0d5-4780-8380-652419e1f15d/current/log_inprogress_0
2019-09-26 16:03:37,281 [main] INFO  ipc.Client (Client.java:handleConnectionFailure(948)) - Retrying connect to server: localhost/127.0.0.1:0. Already tried 6 time(s); retry policy is RetryUpToMaximumCountWithFixedSleep(maxRetries=10, sleepTime=1000 MILLISECONDS)
2019-09-26 16:03:38,283 [main] INFO  ipc.Client (Client.java:handleConnectionFailure(948)) - Retrying connect to server: localhost/127.0.0.1:0. Already tried 7 time(s); retry policy is RetryUpToMaximumCountWithFixedSleep(maxRetries=10, sleepTime=1000 MILLISECONDS)
2019-09-26 16:03:39,284 [main] INFO  ipc.Client (Client.java:handleConnectionFailure(948)) - Retrying connect to server: localhost/127.0.0.1:0. Already tried 8 time(s); retry policy is RetryUpToMaximumCountWithFixedSleep(maxRetries=10, sleepTime=1000 MILLISECONDS)
2019-09-26 16:03:40,286 [main] INFO  ipc.Client (Client.java:handleConnectionFailure(948)) - Retrying connect to server: localhost/127.0.0.1:0. Already tried 9 time(s); retry policy is RetryUpToMaximumCountWithFixedSleep(maxRetries=10, sleepTime=1000 MILLISECONDS)
2019-09-26 16:03:41,292 [main] INFO  ipc.Client (Client.java:handleConnectionFailure(948)) - Retrying connect to server: localhost/127.0.0.1:0. Already tried 0 time(s); retry policy is RetryUpToMaximumCountWithFixedSleep(maxRetries=10, sleepTime=1000 MILLISECONDS)
2019-09-26 16:03:41,605 [Thread-316] INFO  impl.FollowerState (FollowerState.java:run(106)) - 89ab1f74-7e20-414f-8e85-0b96306ed4b0:group-DD5A3C6E8262 changes to CANDIDATE, lastRpcTime:5010, electionTimeout:5008ms
2019-09-26 16:03:41,605 [Thread-316] INFO  impl.RoleInfo (RoleInfo.java:shutdownFollowerState(121)) - 89ab1f74-7e20-414f-8e85-0b96306ed4b0: shutdown FollowerState
2019-09-26 16:03:41,605 [Thread-316] INFO  impl.RaftServerImpl (RaftServerImpl.java:setRole(174)) - 89ab1f74-7e20-414f-8e85-0b96306ed4b0@group-DD5A3C6E8262: changes role from  FOLLOWER to CANDIDATE at term 1 for changeToCandidate
2019-09-26 16:03:41,605 [Thread-316] INFO  impl.RoleInfo (RoleInfo.java:updateAndGet(143)) - 89ab1f74-7e20-414f-8e85-0b96306ed4b0: start LeaderElection
2019-09-26 16:03:41,632 [89ab1f74-7e20-414f-8e85-0b96306ed4b0@group-DD5A3C6E8262:LeaderElection12] INFO  impl.LeaderElection (LeaderElection.java:askForVotes(182)) - 89ab1f74-7e20-414f-8e85-0b96306ed4b0@group-DD5A3C6E8262:LeaderElection12: begin an election at term 2 for -1: [fec3750d-6dc3-4624-a01f-e7799a846917:192.168.157.234:44292, 147c816b-a366-4aae-aa7b-87981ba2da73:192.168.157.234:33171, 89ab1f74-7e20-414f-8e85-0b96306ed4b0:192.168.157.234:36984], old=null
2019-09-26 16:03:41,643 [grpc-default-executor-1] INFO  impl.RaftServerImpl (RaftServerImpl.java:setRole(174)) - fec3750d-6dc3-4624-a01f-e7799a846917@group-DD5A3C6E8262: changes role from  FOLLOWER to FOLLOWER at term 2 for recognizeCandidate:89ab1f74-7e20-414f-8e85-0b96306ed4b0
2019-09-26 16:03:41,643 [grpc-default-executor-1] INFO  impl.RoleInfo (RoleInfo.java:shutdownFollowerState(121)) - fec3750d-6dc3-4624-a01f-e7799a846917: shutdown FollowerState
2019-09-26 16:03:41,643 [grpc-default-executor-2] INFO  impl.RaftServerImpl (RaftServerImpl.java:setRole(174)) - 147c816b-a366-4aae-aa7b-87981ba2da73@group-DD5A3C6E8262: changes role from  FOLLOWER to FOLLOWER at term 2 for recognizeCandidate:89ab1f74-7e20-414f-8e85-0b96306ed4b0
2019-09-26 16:03:41,644 [Thread-317] INFO  impl.FollowerState (FollowerState.java:run(115)) - fec3750d-6dc3-4624-a01f-e7799a846917: FollowerState was interrupted: java.lang.InterruptedException: sleep interrupted
2019-09-26 16:03:41,643 [grpc-default-executor-1] INFO  impl.RoleInfo (RoleInfo.java:updateAndGet(143)) - fec3750d-6dc3-4624-a01f-e7799a846917: start FollowerState
2019-09-26 16:03:41,644 [grpc-default-executor-2] INFO  impl.RoleInfo (RoleInfo.java:shutdownFollowerState(121)) - 147c816b-a366-4aae-aa7b-87981ba2da73: shutdown FollowerState
2019-09-26 16:03:41,646 [grpc-default-executor-2] INFO  impl.RoleInfo (RoleInfo.java:updateAndGet(143)) - 147c816b-a366-4aae-aa7b-87981ba2da73: start FollowerState
2019-09-26 16:03:41,646 [Thread-315] INFO  impl.FollowerState (FollowerState.java:run(115)) - 147c816b-a366-4aae-aa7b-87981ba2da73: FollowerState was interrupted: java.lang.InterruptedException: sleep interrupted
2019-09-26 16:03:41,662 [89ab1f74-7e20-414f-8e85-0b96306ed4b0@group-DD5A3C6E8262:LeaderElection12] INFO  impl.LeaderElection (LeaderElection.java:logAndReturn(56)) - 89ab1f74-7e20-414f-8e85-0b96306ed4b0@group-DD5A3C6E8262:LeaderElection12: Election PASSED; received 1 response(s) [89ab1f74-7e20-414f-8e85-0b96306ed4b0<-147c816b-a366-4aae-aa7b-87981ba2da73#0:OK-t2] and 0 exception(s); 89ab1f74-7e20-414f-8e85-0b96306ed4b0@group-DD5A3C6E8262:t2, leader=null, voted=89ab1f74-7e20-414f-8e85-0b96306ed4b0, raftlog=89ab1f74-7e20-414f-8e85-0b96306ed4b0@group-DD5A3C6E8262-SegmentedRaftLog:OPENED:c-1,f-1,i0, conf=-1: [fec3750d-6dc3-4624-a01f-e7799a846917:192.168.157.234:44292, 147c816b-a366-4aae-aa7b-87981ba2da73:192.168.157.234:33171, 89ab1f74-7e20-414f-8e85-0b96306ed4b0:192.168.157.234:36984], old=null
2019-09-26 16:03:41,663 [89ab1f74-7e20-414f-8e85-0b96306ed4b0@group-DD5A3C6E8262:LeaderElection12] INFO  impl.RoleInfo (RoleInfo.java:shutdownLeaderElection(134)) - 89ab1f74-7e20-414f-8e85-0b96306ed4b0: shutdown LeaderElection
2019-09-26 16:03:41,670 [89ab1f74-7e20-414f-8e85-0b96306ed4b0@group-DD5A3C6E8262:LeaderElection12] INFO  impl.RaftServerImpl (RaftServerImpl.java:setRole(174)) - 89ab1f74-7e20-414f-8e85-0b96306ed4b0@group-DD5A3C6E8262: changes role from CANDIDATE to LEADER at term 2 for changeToLeader
2019-09-26 16:03:41,671 [89ab1f74-7e20-414f-8e85-0b96306ed4b0@group-DD5A3C6E8262:LeaderElection12] INFO  impl.RaftServerImpl (ServerState.java:setLeader(253)) - 89ab1f74-7e20-414f-8e85-0b96306ed4b0@group-DD5A3C6E8262: change Leader from null to 89ab1f74-7e20-414f-8e85-0b96306ed4b0 at term 2 for becomeLeader, leader elected after 10381ms
2019-09-26 16:03:41,671 [89ab1f74-7e20-414f-8e85-0b96306ed4b0@group-DD5A3C6E8262:LeaderElection12] INFO  server.RaftServerConfigKeys (ConfUtils.java:logGet(43)) - raft.server.staging.catchup.gap = 1000 (default)
2019-09-26 16:03:41,671 [89ab1f74-7e20-414f-8e85-0b96306ed4b0@group-DD5A3C6E8262:LeaderElection12] INFO  server.RaftServerConfigKeys (ConfUtils.java:logGet(43)) - raft.server.rpc.sleep.time = 25ms (default)
2019-09-26 16:03:41,671 [89ab1f74-7e20-414f-8e85-0b96306ed4b0@group-DD5A3C6E8262:LeaderElection12] INFO  server.RaftServerConfigKeys (ConfUtils.java:logGet(43)) - raft.server.write.element-limit = 4096 (default)
2019-09-26 16:03:41,671 [89ab1f74-7e20-414f-8e85-0b96306ed4b0@group-DD5A3C6E8262:LeaderElection12] INFO  server.RaftServerConfigKeys (ConfUtils.java:logGet(43)) - raft.server.watch.timeout = 10s (default)
2019-09-26 16:03:41,671 [89ab1f74-7e20-414f-8e85-0b96306ed4b0@group-DD5A3C6E8262:LeaderElection12] INFO  server.RaftServerConfigKeys (ConfUtils.java:logGet(43)) - raft.server.watch.timeout.denomination = 1s (default)
2019-09-26 16:03:41,671 [89ab1f74-7e20-414f-8e85-0b96306ed4b0@group-DD5A3C6E8262:LeaderElection12] INFO  server.RaftServerConfigKeys (ConfUtils.java:logGet(43)) - raft.server.watch.element-limit = 65536 (default)
2019-09-26 16:03:41,674 [89ab1f74-7e20-414f-8e85-0b96306ed4b0@group-DD5A3C6E8262:LeaderElection12] INFO  server.RaftServerConfigKeys (ConfUtils.java:logGet(43)) - raft.server.log.appender.snapshot.chunk.size.max = 16MB (=16777216) (default)
2019-09-26 16:03:41,674 [89ab1f74-7e20-414f-8e85-0b96306ed4b0@group-DD5A3C6E8262:LeaderElection12] INFO  server.RaftServerConfigKeys (ConfUtils.java:logGet(43)) - raft.server.log.appender.buffer.byte-limit = 33554432 (custom)
2019-09-26 16:03:41,674 [89ab1f74-7e20-414f-8e85-0b96306ed4b0@group-DD5A3C6E8262:LeaderElection12] INFO  server.RaftServerConfigKeys (ConfUtils.java:logGet(43)) - raft.server.log.appender.buffer.element-limit = 1 (custom)
2019-09-26 16:03:41,674 [89ab1f74-7e20-414f-8e85-0b96306ed4b0@group-DD5A3C6E8262:LeaderElection12] INFO  grpc.GrpcConfigKeys$Server (ConfUtils.java:logGet(43)) - raft.grpc.server.leader.outstanding.appends.max = 128 (default)
2019-09-26 16:03:41,676 [89ab1f74-7e20-414f-8e85-0b96306ed4b0@group-DD5A3C6E8262:LeaderElection12] INFO  server.RaftServerConfigKeys (ConfUtils.java:logGet(43)) - raft.server.rpc.request.timeout = 3000ms (default)
2019-09-26 16:03:41,676 [89ab1f74-7e20-414f-8e85-0b96306ed4b0@group-DD5A3C6E8262:LeaderElection12] INFO  server.RaftServerConfigKeys (ConfUtils.java:logGet(43)) - raft.server.log.appender.install.snapshot.enabled = false (custom)
2019-09-26 16:03:41,676 [89ab1f74-7e20-414f-8e85-0b96306ed4b0@group-DD5A3C6E8262:LeaderElection12] INFO  server.RaftServerConfigKeys (ConfUtils.java:logGet(43)) - raft.server.log.appender.snapshot.chunk.size.max = 16MB (=16777216) (default)
2019-09-26 16:03:41,676 [89ab1f74-7e20-414f-8e85-0b96306ed4b0@group-DD5A3C6E8262:LeaderElection12] INFO  server.RaftServerConfigKeys (ConfUtils.java:logGet(43)) - raft.server.log.appender.buffer.byte-limit = 33554432 (custom)
2019-09-26 16:03:41,676 [89ab1f74-7e20-414f-8e85-0b96306ed4b0@group-DD5A3C6E8262:LeaderElection12] INFO  server.RaftServerConfigKeys (ConfUtils.java:logGet(43)) - raft.server.log.appender.buffer.element-limit = 1 (custom)
2019-09-26 16:03:41,677 [89ab1f74-7e20-414f-8e85-0b96306ed4b0@group-DD5A3C6E8262:LeaderElection12] INFO  grpc.GrpcConfigKeys$Server (ConfUtils.java:logGet(43)) - raft.grpc.server.leader.outstanding.appends.max = 128 (default)
2019-09-26 16:03:41,677 [89ab1f74-7e20-414f-8e85-0b96306ed4b0@group-DD5A3C6E8262:LeaderElection12] INFO  server.RaftServerConfigKeys (ConfUtils.java:logGet(43)) - raft.server.rpc.request.timeout = 3000ms (default)
2019-09-26 16:03:41,677 [89ab1f74-7e20-414f-8e85-0b96306ed4b0@group-DD5A3C6E8262:LeaderElection12] INFO  server.RaftServerConfigKeys (ConfUtils.java:logGet(43)) - raft.server.log.appender.install.snapshot.enabled = false (custom)
2019-09-26 16:03:41,677 [89ab1f74-7e20-414f-8e85-0b96306ed4b0@group-DD5A3C6E8262:LeaderElection12] INFO  impl.RoleInfo (RoleInfo.java:updateAndGet(143)) - 89ab1f74-7e20-414f-8e85-0b96306ed4b0: start LeaderState
2019-09-26 16:03:41,677 [89ab1f74-7e20-414f-8e85-0b96306ed4b0@group-DD5A3C6E8262:LeaderElection12] INFO  segmented.SegmentedRaftLogWorker (SegmentedRaftLogWorker.java:startLogSegment(380)) - 89ab1f74-7e20-414f-8e85-0b96306ed4b0@group-DD5A3C6E8262-SegmentedRaftLogWorker: Starting segment from index:0
2019-09-26 16:03:41,678 [89ab1f74-7e20-414f-8e85-0b96306ed4b0@group-DD5A3C6E8262:LeaderElection12] INFO  impl.RaftServerImpl (ServerState.java:setRaftConf(354)) - 89ab1f74-7e20-414f-8e85-0b96306ed4b0@group-DD5A3C6E8262: set configuration 0: [fec3750d-6dc3-4624-a01f-e7799a846917:192.168.157.234:44292, 147c816b-a366-4aae-aa7b-87981ba2da73:192.168.157.234:33171, 89ab1f74-7e20-414f-8e85-0b96306ed4b0:192.168.157.234:36984], old=null at 0
2019-09-26 16:03:41,698 [grpc-default-executor-2] INFO  impl.RaftServerImpl (ServerState.java:setLeader(253)) - 147c816b-a366-4aae-aa7b-87981ba2da73@group-DD5A3C6E8262: change Leader from null to 89ab1f74-7e20-414f-8e85-0b96306ed4b0 at term 2 for appendEntries, leader elected after 10409ms
2019-09-26 16:03:41,701 [grpc-default-executor-1] INFO  impl.RaftServerImpl (ServerState.java:setLeader(253)) - fec3750d-6dc3-4624-a01f-e7799a846917@group-DD5A3C6E8262: change Leader from null to 89ab1f74-7e20-414f-8e85-0b96306ed4b0 at term 2 for appendEntries, leader elected after 10412ms
2019-09-26 16:03:41,704 [grpc-default-executor-1] INFO  impl.RaftServerImpl (ServerState.java:setRaftConf(354)) - 147c816b-a366-4aae-aa7b-87981ba2da73@group-DD5A3C6E8262: set configuration 0: [fec3750d-6dc3-4624-a01f-e7799a846917:192.168.157.234:44292, 147c816b-a366-4aae-aa7b-87981ba2da73:192.168.157.234:33171, 89ab1f74-7e20-414f-8e85-0b96306ed4b0:192.168.157.234:36984], old=null at 0
2019-09-26 16:03:41,705 [grpc-default-executor-1] INFO  segmented.SegmentedRaftLogWorker (SegmentedRaftLogWorker.java:startLogSegment(380)) - 147c816b-a366-4aae-aa7b-87981ba2da73@group-DD5A3C6E8262-SegmentedRaftLogWorker: Starting segment from index:0
2019-09-26 16:03:41,705 [grpc-default-executor-2] INFO  impl.RaftServerImpl (ServerState.java:setRaftConf(354)) - fec3750d-6dc3-4624-a01f-e7799a846917@group-DD5A3C6E8262: set configuration 0: [fec3750d-6dc3-4624-a01f-e7799a846917:192.168.157.234:44292, 147c816b-a366-4aae-aa7b-87981ba2da73:192.168.157.234:33171, 89ab1f74-7e20-414f-8e85-0b96306ed4b0:192.168.157.234:36984], old=null at 0
2019-09-26 16:03:41,705 [grpc-default-executor-2] INFO  segmented.SegmentedRaftLogWorker (SegmentedRaftLogWorker.java:startLogSegment(380)) - fec3750d-6dc3-4624-a01f-e7799a846917@group-DD5A3C6E8262-SegmentedRaftLogWorker: Starting segment from index:0
2019-09-26 16:03:41,706 [89ab1f74-7e20-414f-8e85-0b96306ed4b0@group-DD5A3C6E8262-SegmentedRaftLogWorker] INFO  segmented.SegmentedRaftLogWorker (SegmentedRaftLogWorker.java:execute(569)) - 89ab1f74-7e20-414f-8e85-0b96306ed4b0@group-DD5A3C6E8262-SegmentedRaftLogWorker: created new log segment /workdir/hadoop-ozone/integration-test/target/test-dir/MiniOzoneClusterImpl-e6b3eac8-f257-4ae4-aa9d-4144be51a25f/datanode-2/data/ratis/875ee8e1-dd55-443d-85cb-dd5a3c6e8262/current/log_inprogress_0
2019-09-26 16:03:41,735 [fec3750d-6dc3-4624-a01f-e7799a846917@group-DD5A3C6E8262-SegmentedRaftLogWorker] INFO  segmented.SegmentedRaftLogWorker (SegmentedRaftLogWorker.java:execute(569)) - fec3750d-6dc3-4624-a01f-e7799a846917@group-DD5A3C6E8262-SegmentedRaftLogWorker: created new log segment /workdir/hadoop-ozone/integration-test/target/test-dir/MiniOzoneClusterImpl-e6b3eac8-f257-4ae4-aa9d-4144be51a25f/datanode-5/data/ratis/875ee8e1-dd55-443d-85cb-dd5a3c6e8262/current/log_inprogress_0
2019-09-26 16:03:41,735 [147c816b-a366-4aae-aa7b-87981ba2da73@group-DD5A3C6E8262-SegmentedRaftLogWorker] INFO  segmented.SegmentedRaftLogWorker (SegmentedRaftLogWorker.java:execute(569)) - 147c816b-a366-4aae-aa7b-87981ba2da73@group-DD5A3C6E8262-SegmentedRaftLogWorker: created new log segment /workdir/hadoop-ozone/integration-test/target/test-dir/MiniOzoneClusterImpl-e6b3eac8-f257-4ae4-aa9d-4144be51a25f/datanode-3/data/ratis/875ee8e1-dd55-443d-85cb-dd5a3c6e8262/current/log_inprogress_0
2019-09-26 16:03:42,294 [main] INFO  ipc.Client (Client.java:handleConnectionFailure(948)) - Retrying connect to server: localhost/127.0.0.1:0. Already tried 1 time(s); retry policy is RetryUpToMaximumCountWithFixedSleep(maxRetries=10, sleepTime=1000 MILLISECONDS)
2019-09-26 16:03:43,295 [main] INFO  ipc.Client (Client.java:handleConnectionFailure(948)) - Retrying connect to server: localhost/127.0.0.1:0. Already tried 2 time(s); retry policy is RetryUpToMaximumCountWithFixedSleep(maxRetries=10, sleepTime=1000 MILLISECONDS)
2019-09-26 16:03:44,296 [main] INFO  ipc.Client (Client.java:handleConnectionFailure(948)) - Retrying connect to server: localhost/127.0.0.1:0. Already tried 3 time(s); retry policy is RetryUpToMaximumCountWithFixedSleep(maxRetries=10, sleepTime=1000 MILLISECONDS)
2019-09-26 16:03:45,298 [main] INFO  ipc.Client (Client.java:handleConnectionFailure(948)) - Retrying connect to server: localhost/127.0.0.1:0. Already tried 4 time(s); retry policy is RetryUpToMaximumCountWithFixedSleep(maxRetries=10, sleepTime=1000 MILLISECONDS)
2019-09-26 16:03:46,299 [main] INFO  ipc.Client (Client.java:handleConnectionFailure(948)) - Retrying connect to server: localhost/127.0.0.1:0. Already tried 5 time(s); retry policy is RetryUpToMaximumCountWithFixedSleep(maxRetries=10, sleepTime=1000 MILLISECONDS)
2019-09-26 16:03:47,301 [main] INFO  ipc.Client (Client.java:handleConnectionFailure(948)) - Retrying connect to server: localhost/127.0.0.1:0. Already tried 6 time(s); retry policy is RetryUpToMaximumCountWithFixedSleep(maxRetries=10, sleepTime=1000 MILLISECONDS)
2019-09-26 16:03:48,302 [main] INFO  ipc.Client (Client.java:handleConnectionFailure(948)) - Retrying connect to server: localhost/127.0.0.1:0. Already tried 7 time(s); retry policy is RetryUpToMaximumCountWithFixedSleep(maxRetries=10, sleepTime=1000 MILLISECONDS)
2019-09-26 16:03:49,304 [main] INFO  ipc.Client (Client.java:handleConnectionFailure(948)) - Retrying connect to server: localhost/127.0.0.1:0. Already tried 8 time(s); retry policy is RetryUpToMaximumCountWithFixedSleep(maxRetries=10, sleepTime=1000 MILLISECONDS)
2019-09-26 16:03:50,305 [main] INFO  ipc.Client (Client.java:handleConnectionFailure(948)) - Retrying connect to server: localhost/127.0.0.1:0. Already tried 9 time(s); retry policy is RetryUpToMaximumCountWithFixedSleep(maxRetries=10, sleepTime=1000 MILLISECONDS)
2019-09-26 16:03:50,307 [main] INFO  retry.RetryInvocationHandler (RetryInvocationHandler.java:log(411)) - com.google.protobuf.ServiceException: java.net.ConnectException: Your endpoint configuration is wrong; For more details see:  http://wiki.apache.org/hadoop/UnsetHostnameOrPort, while invoking $Proxy36.submitRequest over nodeId=null,nodeAddress=127.0.0.1:0 after 1 failover attempts. Trying to failover immediately.
2019-09-26 16:03:51,309 [main] INFO  ipc.Client (Client.java:handleConnectionFailure(948)) - Retrying connect to server: localhost/127.0.0.1:0. Already tried 0 time(s); retry policy is RetryUpToMaximumCountWithFixedSleep(maxRetries=10, sleepTime=1000 MILLISECONDS)
2019-09-26 16:03:52,310 [main] INFO  ipc.Client (Client.java:handleConnectionFailure(948)) - Retrying connect to server: localhost/127.0.0.1:0. Already tried 1 time(s); retry policy is RetryUpToMaximumCountWithFixedSleep(maxRetries=10, sleepTime=1000 MILLISECONDS)
2019-09-26 16:03:53,312 [main] INFO  ipc.Client (Client.java:handleConnectionFailure(948)) - Retrying connect to server: localhost/127.0.0.1:0. Already tried 2 time(s); retry policy is RetryUpToMaximumCountWithFixedSleep(maxRetries=10, sleepTime=1000 MILLISECONDS)
2019-09-26 16:03:54,313 [main] INFO  ipc.Client (Client.java:handleConnectionFailure(948)) - Retrying connect to server: localhost/127.0.0.1:0. Already tried 3 time(s); retry policy is RetryUpToMaximumCountWithFixedSleep(maxRetries=10, sleepTime=1000 MILLISECONDS)
2019-09-26 16:03:55,315 [main] INFO  ipc.Client (Client.java:handleConnectionFailure(948)) - Retrying connect to server: localhost/127.0.0.1:0. Already tried 4 time(s); retry policy is RetryUpToMaximumCountWithFixedSleep(maxRetries=10, sleepTime=1000 MILLISECONDS)
2019-09-26 16:03:56,316 [main] INFO  ipc.Client (Client.java:handleConnectionFailure(948)) - Retrying connect to server: localhost/127.0.0.1:0. Already tried 5 time(s); retry policy is RetryUpToMaximumCountWithFixedSleep(maxRetries=10, sleepTime=1000 MILLISECONDS)
2019-09-26 16:03:57,318 [main] INFO  ipc.Client (Client.java:handleConnectionFailure(948)) - Retrying connect to server: localhost/127.0.0.1:0. Already tried 6 time(s); retry policy is RetryUpToMaximumCountWithFixedSleep(maxRetries=10, sleepTime=1000 MILLISECONDS)
2019-09-26 16:03:58,319 [main] INFO  ipc.Client (Client.java:handleConnectionFailure(948)) - Retrying connect to server: localhost/127.0.0.1:0. Already tried 7 time(s); retry policy is RetryUpToMaximumCountWithFixedSleep(maxRetries=10, sleepTime=1000 MILLISECONDS)
2019-09-26 16:03:59,322 [main] INFO  ipc.Client (Client.java:handleConnectionFailure(948)) - Retrying connect to server: localhost/127.0.0.1:0. Already tried 8 time(s); retry policy is RetryUpToMaximumCountWithFixedSleep(maxRetries=10, sleepTime=1000 MILLISECONDS)
2019-09-26 16:04:00,323 [main] INFO  ipc.Client (Client.java:handleConnectionFailure(948)) - Retrying connect to server: localhost/127.0.0.1:0. Already tried 9 time(s); retry policy is RetryUpToMaximumCountWithFixedSleep(maxRetries=10, sleepTime=1000 MILLISECONDS)
2019-09-26 16:04:00,325 [main] INFO  retry.RetryInvocationHandler (RetryInvocationHandler.java:log(411)) - com.google.protobuf.ServiceException: java.net.ConnectException: Your endpoint configuration is wrong; For more details see:  http://wiki.apache.org/hadoop/UnsetHostnameOrPort, while invoking $Proxy36.submitRequest over nodeId=null,nodeAddress=127.0.0.1:0 after 2 failover attempts. Trying to failover immediately.
2019-09-26 16:04:01,326 [main] INFO  ipc.Client (Client.java:handleConnectionFailure(948)) - Retrying connect to server: localhost/127.0.0.1:0. Already tried 0 time(s); retry policy is RetryUpToMaximumCountWithFixedSleep(maxRetries=10, sleepTime=1000 MILLISECONDS)
2019-09-26 16:04:02,327 [main] INFO  ipc.Client (Client.java:handleConnectionFailure(948)) - Retrying connect to server: localhost/127.0.0.1:0. Already tried 1 time(s); retry policy is RetryUpToMaximumCountWithFixedSleep(maxRetries=10, sleepTime=1000 MILLISECONDS)
2019-09-26 16:04:03,329 [main] INFO  ipc.Client (Client.java:handleConnectionFailure(948)) - Retrying connect to server: localhost/127.0.0.1:0. Already tried 2 time(s); retry policy is RetryUpToMaximumCountWithFixedSleep(maxRetries=10, sleepTime=1000 MILLISECONDS)
2019-09-26 16:04:04,330 [main] INFO  ipc.Client (Client.java:handleConnectionFailure(948)) - Retrying connect to server: localhost/127.0.0.1:0. Already tried 3 time(s); retry policy is RetryUpToMaximumCountWithFixedSleep(maxRetries=10, sleepTime=1000 MILLISECONDS)
2019-09-26 16:04:05,331 [main] INFO  ipc.Client (Client.java:handleConnectionFailure(948)) - Retrying connect to server: localhost/127.0.0.1:0. Already tried 4 time(s); retry policy is RetryUpToMaximumCountWithFixedSleep(maxRetries=10, sleepTime=1000 MILLISECONDS)
2019-09-26 16:04:06,333 [main] INFO  ipc.Client (Client.java:handleConnectionFailure(948)) - Retrying connect to server: localhost/127.0.0.1:0. Already tried 5 time(s); retry policy is RetryUpToMaximumCountWithFixedSleep(maxRetries=10, sleepTime=1000 MILLISECONDS)
2019-09-26 16:04:07,335 [main] INFO  ipc.Client (Client.java:handleConnectionFailure(948)) - Retrying connect to server: localhost/127.0.0.1:0. Already tried 6 time(s); retry policy is RetryUpToMaximumCountWithFixedSleep(maxRetries=10, sleepTime=1000 MILLISECONDS)
2019-09-26 16:04:08,336 [main] INFO  ipc.Client (Client.java:handleConnectionFailure(948)) - Retrying connect to server: localhost/127.0.0.1:0. Already tried 7 time(s); retry policy is RetryUpToMaximumCountWithFixedSleep(maxRetries=10, sleepTime=1000 MILLISECONDS)
2019-09-26 16:04:09,338 [main] INFO  ipc.Client (Client.java:handleConnectionFailure(948)) - Retrying connect to server: localhost/127.0.0.1:0. Already tried 8 time(s); retry policy is RetryUpToMaximumCountWithFixedSleep(maxRetries=10, sleepTime=1000 MILLISECONDS)
2019-09-26 16:04:10,339 [main] INFO  ipc.Client (Client.java:handleConnectionFailure(948)) - Retrying connect to server: localhost/127.0.0.1:0. Already tried 9 time(s); retry policy is RetryUpToMaximumCountWithFixedSleep(maxRetries=10, sleepTime=1000 MILLISECONDS)
2019-09-26 16:04:10,341 [main] INFO  retry.RetryInvocationHandler (RetryInvocationHandler.java:log(411)) - com.google.protobuf.ServiceException: java.net.ConnectException: Your endpoint configuration is wrong; For more details see:  http://wiki.apache.org/hadoop/UnsetHostnameOrPort, while invoking $Proxy36.submitRequest over nodeId=null,nodeAddress=127.0.0.1:0 after 3 failover attempts. Trying to failover immediately.
2019-09-26 16:04:11,343 [main] INFO  ipc.Client (Client.java:handleConnectionFailure(948)) - Retrying connect to server: localhost/127.0.0.1:0. Already tried 0 time(s); retry policy is RetryUpToMaximumCountWithFixedSleep(maxRetries=10, sleepTime=1000 MILLISECONDS)
2019-09-26 16:04:12,344 [main] INFO  ipc.Client (Client.java:handleConnectionFailure(948)) - Retrying connect to server: localhost/127.0.0.1:0. Already tried 1 time(s); retry policy is RetryUpToMaximumCountWithFixedSleep(maxRetries=10, sleepTime=1000 MILLISECONDS)
2019-09-26 16:04:13,346 [main] INFO  ipc.Client (Client.java:handleConnectionFailure(948)) - Retrying connect to server: localhost/127.0.0.1:0. Already tried 2 time(s); retry policy is RetryUpToMaximumCountWithFixedSleep(maxRetries=10, sleepTime=1000 MILLISECONDS)
2019-09-26 16:04:14,347 [main] INFO  ipc.Client (Client.java:handleConnectionFailure(948)) - Retrying connect to server: localhost/127.0.0.1:0. Already tried 3 time(s); retry policy is RetryUpToMaximumCountWithFixedSleep(maxRetries=10, sleepTime=1000 MILLISECONDS)
2019-09-26 16:04:15,348 [main] INFO  ipc.Client (Client.java:handleConnectionFailure(948)) - Retrying connect to server: localhost/127.0.0.1:0. Already tried 4 time(s); retry policy is RetryUpToMaximumCountWithFixedSleep(maxRetries=10, sleepTime=1000 MILLISECONDS)
2019-09-26 16:04:16,350 [main] INFO  ipc.Client (Client.java:handleConnectionFailure(948)) - Retrying connect to server: localhost/127.0.0.1:0. Already tried 5 time(s); retry policy is RetryUpToMaximumCountWithFixedSleep(maxRetries=10, sleepTime=1000 MILLISECONDS)
2019-09-26 16:04:17,351 [main] INFO  ipc.Client (Client.java:handleConnectionFailure(948)) - Retrying connect to server: localhost/127.0.0.1:0. Already tried 6 time(s); retry policy is RetryUpToMaximumCountWithFixedSleep(maxRetries=10, sleepTime=1000 MILLISECONDS)
2019-09-26 16:04:18,352 [main] INFO  ipc.Client (Client.java:handleConnectionFailure(948)) - Retrying connect to server: localhost/127.0.0.1:0. Already tried 7 time(s); retry policy is RetryUpToMaximumCountWithFixedSleep(maxRetries=10, sleepTime=1000 MILLISECONDS)
2019-09-26 16:04:19,354 [main] INFO  ipc.Client (Client.java:handleConnectionFailure(948)) - Retrying connect to server: localhost/127.0.0.1:0. Already tried 8 time(s); retry policy is RetryUpToMaximumCountWithFixedSleep(maxRetries=10, sleepTime=1000 MILLISECONDS)
2019-09-26 16:04:20,355 [main] INFO  ipc.Client (Client.java:handleConnectionFailure(948)) - Retrying connect to server: localhost/127.0.0.1:0. Already tried 9 time(s); retry policy is RetryUpToMaximumCountWithFixedSleep(maxRetries=10, sleepTime=1000 MILLISECONDS)
2019-09-26 16:04:20,357 [main] INFO  retry.RetryInvocationHandler (RetryInvocationHandler.java:log(411)) - com.google.protobuf.ServiceException: java.net.ConnectException: Your endpoint configuration is wrong; For more details see:  http://wiki.apache.org/hadoop/UnsetHostnameOrPort, while invoking $Proxy36.submitRequest over nodeId=null,nodeAddress=127.0.0.1:0 after 4 failover attempts. Trying to failover immediately.
2019-09-26 16:04:21,358 [main] INFO  ipc.Client (Client.java:handleConnectionFailure(948)) - Retrying connect to server: localhost/127.0.0.1:0. Already tried 0 time(s); retry policy is RetryUpToMaximumCountWithFixedSleep(maxRetries=10, sleepTime=1000 MILLISECONDS)
2019-09-26 16:04:22,360 [main] INFO  ipc.Client (Client.java:handleConnectionFailure(948)) - Retrying connect to server: localhost/127.0.0.1:0. Already tried 1 time(s); retry policy is RetryUpToMaximumCountWithFixedSleep(maxRetries=10, sleepTime=1000 MILLISECONDS)
2019-09-26 16:04:23,361 [main] INFO  ipc.Client (Client.java:handleConnectionFailure(948)) - Retrying connect to server: localhost/127.0.0.1:0. Already tried 2 time(s); retry policy is RetryUpToMaximumCountWithFixedSleep(maxRetries=10, sleepTime=1000 MILLISECONDS)
2019-09-26 16:04:24,363 [main] INFO  ipc.Client (Client.java:handleConnectionFailure(948)) - Retrying connect to server: localhost/127.0.0.1:0. Already tried 3 time(s); retry policy is RetryUpToMaximumCountWithFixedSleep(maxRetries=10, sleepTime=1000 MILLISECONDS)
2019-09-26 16:04:25,364 [main] INFO  ipc.Client (Client.java:handleConnectionFailure(948)) - Retrying connect to server: localhost/127.0.0.1:0. Already tried 4 time(s); retry policy is RetryUpToMaximumCountWithFixedSleep(maxRetries=10, sleepTime=1000 MILLISECONDS)
2019-09-26 16:04:26,365 [main] INFO  ipc.Client (Client.java:handleConnectionFailure(948)) - Retrying connect to server: localhost/127.0.0.1:0. Already tried 5 time(s); retry policy is RetryUpToMaximumCountWithFixedSleep(maxRetries=10, sleepTime=1000 MILLISECONDS)
2019-09-26 16:04:27,367 [main] INFO  ipc.Client (Client.java:handleConnectionFailure(948)) - Retrying connect to server: localhost/127.0.0.1:0. Already tried 6 time(s); retry policy is RetryUpToMaximumCountWithFixedSleep(maxRetries=10, sleepTime=1000 MILLISECONDS)
2019-09-26 16:04:28,368 [main] INFO  ipc.Client (Client.java:handleConnectionFailure(948)) - Retrying connect to server: localhost/127.0.0.1:0. Already tried 7 time(s); retry policy is RetryUpToMaximumCountWithFixedSleep(maxRetries=10, sleepTime=1000 MILLISECONDS)
2019-09-26 16:04:29,370 [main] INFO  ipc.Client (Client.java:handleConnectionFailure(948)) - Retrying connect to server: localhost/127.0.0.1:0. Already tried 8 time(s); retry policy is RetryUpToMaximumCountWithFixedSleep(maxRetries=10, sleepTime=1000 MILLISECONDS)
2019-09-26 16:04:30,371 [main] INFO  ipc.Client (Client.java:handleConnectionFailure(948)) - Retrying connect to server: localhost/127.0.0.1:0. Already tried 9 time(s); retry policy is RetryUpToMaximumCountWithFixedSleep(maxRetries=10, sleepTime=1000 MILLISECONDS)
2019-09-26 16:04:30,373 [main] INFO  retry.RetryInvocationHandler (RetryInvocationHandler.java:log(411)) - com.google.protobuf.ServiceException: java.net.ConnectException: Your endpoint configuration is wrong; For more details see:  http://wiki.apache.org/hadoop/UnsetHostnameOrPort, while invoking $Proxy36.submitRequest over nodeId=null,nodeAddress=127.0.0.1:0 after 5 failover attempts. Trying to failover immediately.
2019-09-26 16:04:31,374 [main] INFO  ipc.Client (Client.java:handleConnectionFailure(948)) - Retrying connect to server: localhost/127.0.0.1:0. Already tried 0 time(s); retry policy is RetryUpToMaximumCountWithFixedSleep(maxRetries=10, sleepTime=1000 MILLISECONDS)
2019-09-26 16:04:32,376 [main] INFO  ipc.Client (Client.java:handleConnectionFailure(948)) - Retrying connect to server: localhost/127.0.0.1:0. Already tried 1 time(s); retry policy is RetryUpToMaximumCountWithFixedSleep(maxRetries=10, sleepTime=1000 MILLISECONDS)
2019-09-26 16:04:33,377 [main] INFO  ipc.Client (Client.java:handleConnectionFailure(948)) - Retrying connect to server: localhost/127.0.0.1:0. Already tried 2 time(s); retry policy is RetryUpToMaximumCountWithFixedSleep(maxRetries=10, sleepTime=1000 MILLISECONDS)
2019-09-26 16:04:34,378 [main] INFO  ipc.Client (Client.java:handleConnectionFailure(948)) - Retrying connect to server: localhost/127.0.0.1:0. Already tried 3 time(s); retry policy is RetryUpToMaximumCountWithFixedSleep(maxRetries=10, sleepTime=1000 MILLISECONDS)
2019-09-26 16:04:35,380 [main] INFO  ipc.Client (Client.java:handleConnectionFailure(948)) - Retrying connect to server: localhost/127.0.0.1:0. Already tried 4 time(s); retry policy is RetryUpToMaximumCountWithFixedSleep(maxRetries=10, sleepTime=1000 MILLISECONDS)
2019-09-26 16:04:36,382 [main] INFO  ipc.Client (Client.java:handleConnectionFailure(948)) - Retrying connect to server: localhost/127.0.0.1:0. Already tried 5 time(s); retry policy is RetryUpToMaximumCountWithFixedSleep(maxRetries=10, sleepTime=1000 MILLISECONDS)
2019-09-26 16:04:37,384 [main] INFO  ipc.Client (Client.java:handleConnectionFailure(948)) - Retrying connect to server: localhost/127.0.0.1:0. Already tried 6 time(s); retry policy is RetryUpToMaximumCountWithFixedSleep(maxRetries=10, sleepTime=1000 MILLISECONDS)
2019-09-26 16:04:38,385 [main] INFO  ipc.Client (Client.java:handleConnectionFailure(948)) - Retrying connect to server: localhost/127.0.0.1:0. Already tried 7 time(s); retry policy is RetryUpToMaximumCountWithFixedSleep(maxRetries=10, sleepTime=1000 MILLISECONDS)
2019-09-26 16:04:39,387 [main] INFO  ipc.Client (Client.java:handleConnectionFailure(948)) - Retrying connect to server: localhost/127.0.0.1:0. Already tried 8 time(s); retry policy is RetryUpToMaximumCountWithFixedSleep(maxRetries=10, sleepTime=1000 MILLISECONDS)
2019-09-26 16:04:40,388 [main] INFO  ipc.Client (Client.java:handleConnectionFailure(948)) - Retrying connect to server: localhost/127.0.0.1:0. Already tried 9 time(s); retry policy is RetryUpToMaximumCountWithFixedSleep(maxRetries=10, sleepTime=1000 MILLISECONDS)
2019-09-26 16:04:40,390 [main] INFO  retry.RetryInvocationHandler (RetryInvocationHandler.java:log(411)) - com.google.protobuf.ServiceException: java.net.ConnectException: Your endpoint configuration is wrong; For more details see:  http://wiki.apache.org/hadoop/UnsetHostnameOrPort, while invoking $Proxy36.submitRequest over nodeId=null,nodeAddress=127.0.0.1:0 after 6 failover attempts. Trying to failover immediately.
2019-09-26 16:04:41,391 [main] INFO  ipc.Client (Client.java:handleConnectionFailure(948)) - Retrying connect to server: localhost/127.0.0.1:0. Already tried 0 time(s); retry policy is RetryUpToMaximumCountWithFixedSleep(maxRetries=10, sleepTime=1000 MILLISECONDS)
2019-09-26 16:04:42,393 [main] INFO  ipc.Client (Client.java:handleConnectionFailure(948)) - Retrying connect to server: localhost/127.0.0.1:0. Already tried 1 time(s); retry policy is RetryUpToMaximumCountWithFixedSleep(maxRetries=10, sleepTime=1000 MILLISECONDS)
2019-09-26 16:04:43,394 [main] INFO  ipc.Client (Client.java:handleConnectionFailure(948)) - Retrying connect to server: localhost/127.0.0.1:0. Already tried 2 time(s); retry policy is RetryUpToMaximumCountWithFixedSleep(maxRetries=10, sleepTime=1000 MILLISECONDS)
2019-09-26 16:04:44,395 [main] INFO  ipc.Client (Client.java:handleConnectionFailure(948)) - Retrying connect to server: localhost/127.0.0.1:0. Already tried 3 time(s); retry policy is RetryUpToMaximumCountWithFixedSleep(maxRetries=10, sleepTime=1000 MILLISECONDS)
2019-09-26 16:04:45,397 [main] INFO  ipc.Client (Client.java:handleConnectionFailure(948)) - Retrying connect to server: localhost/127.0.0.1:0. Already tried 4 time(s); retry policy is RetryUpToMaximumCountWithFixedSleep(maxRetries=10, sleepTime=1000 MILLISECONDS)
2019-09-26 16:04:46,398 [main] INFO  ipc.Client (Client.java:handleConnectionFailure(948)) - Retrying connect to server: localhost/127.0.0.1:0. Already tried 5 time(s); retry policy is RetryUpToMaximumCountWithFixedSleep(maxRetries=10, sleepTime=1000 MILLISECONDS)
2019-09-26 16:04:47,400 [main] INFO  ipc.Client (Client.java:handleConnectionFailure(948)) - Retrying connect to server: localhost/127.0.0.1:0. Already tried 6 time(s); retry policy is RetryUpToMaximumCountWithFixedSleep(maxRetries=10, sleepTime=1000 MILLISECONDS)
2019-09-26 16:04:48,401 [main] INFO  ipc.Client (Client.java:handleConnectionFailure(948)) - Retrying connect to server: localhost/127.0.0.1:0. Already tried 7 time(s); retry policy is RetryUpToMaximumCountWithFixedSleep(maxRetries=10, sleepTime=1000 MILLISECONDS)
2019-09-26 16:04:49,402 [main] INFO  ipc.Client (Client.java:handleConnectionFailure(948)) - Retrying connect to server: localhost/127.0.0.1:0. Already tried 8 time(s); retry policy is RetryUpToMaximumCountWithFixedSleep(maxRetries=10, sleepTime=1000 MILLISECONDS)
2019-09-26 16:04:50,404 [main] INFO  ipc.Client (Client.java:handleConnectionFailure(948)) - Retrying connect to server: localhost/127.0.0.1:0. Already tried 9 time(s); retry policy is RetryUpToMaximumCountWithFixedSleep(maxRetries=10, sleepTime=1000 MILLISECONDS)
2019-09-26 16:04:50,406 [main] INFO  retry.RetryInvocationHandler (RetryInvocationHandler.java:log(411)) - com.google.protobuf.ServiceException: java.net.ConnectException: Your endpoint configuration is wrong; For more details see:  http://wiki.apache.org/hadoop/UnsetHostnameOrPort, while invoking $Proxy36.submitRequest over nodeId=null,nodeAddress=127.0.0.1:0 after 7 failover attempts. Trying to failover immediately.
2019-09-26 16:04:51,407 [main] INFO  ipc.Client (Client.java:handleConnectionFailure(948)) - Retrying connect to server: localhost/127.0.0.1:0. Already tried 0 time(s); retry policy is RetryUpToMaximumCountWithFixedSleep(maxRetries=10, sleepTime=1000 MILLISECONDS)
2019-09-26 16:04:52,409 [main] INFO  ipc.Client (Client.java:handleConnectionFailure(948)) - Retrying connect to server: localhost/127.0.0.1:0. Already tried 1 time(s); retry policy is RetryUpToMaximumCountWithFixedSleep(maxRetries=10, sleepTime=1000 MILLISECONDS)
2019-09-26 16:04:53,410 [main] INFO  ipc.Client (Client.java:handleConnectionFailure(948)) - Retrying connect to server: localhost/127.0.0.1:0. Already tried 2 time(s); retry policy is RetryUpToMaximumCountWithFixedSleep(maxRetries=10, sleepTime=1000 MILLISECONDS)
2019-09-26 16:04:54,411 [main] INFO  ipc.Client (Client.java:handleConnectionFailure(948)) - Retrying connect to server: localhost/127.0.0.1:0. Already tried 3 time(s); retry policy is RetryUpToMaximumCountWithFixedSleep(maxRetries=10, sleepTime=1000 MILLISECONDS)
2019-09-26 16:04:55,413 [main] INFO  ipc.Client (Client.java:handleConnectionFailure(948)) - Retrying connect to server: localhost/127.0.0.1:0. Already tried 4 time(s); retry policy is RetryUpToMaximumCountWithFixedSleep(maxRetries=10, sleepTime=1000 MILLISECONDS)
2019-09-26 16:04:56,414 [main] INFO  ipc.Client (Client.java:handleConnectionFailure(948)) - Retrying connect to server: localhost/127.0.0.1:0. Already tried 5 time(s); retry policy is RetryUpToMaximumCountWithFixedSleep(maxRetries=10, sleepTime=1000 MILLISECONDS)
2019-09-26 16:04:57,416 [main] INFO  ipc.Client (Client.java:handleConnectionFailure(948)) - Retrying connect to server: localhost/127.0.0.1:0. Already tried 6 time(s); retry policy is RetryUpToMaximumCountWithFixedSleep(maxRetries=10, sleepTime=1000 MILLISECONDS)
2019-09-26 16:04:58,417 [main] INFO  ipc.Client (Client.java:handleConnectionFailure(948)) - Retrying connect to server: localhost/127.0.0.1:0. Already tried 7 time(s); retry policy is RetryUpToMaximumCountWithFixedSleep(maxRetries=10, sleepTime=1000 MILLISECONDS)
2019-09-26 16:04:59,418 [main] INFO  ipc.Client (Client.java:handleConnectionFailure(948)) - Retrying connect to server: localhost/127.0.0.1:0. Already tried 8 time(s); retry policy is RetryUpToMaximumCountWithFixedSleep(maxRetries=10, sleepTime=1000 MILLISECONDS)
2019-09-26 16:05:00,420 [main] INFO  ipc.Client (Client.java:handleConnectionFailure(948)) - Retrying connect to server: localhost/127.0.0.1:0. Already tried 9 time(s); retry policy is RetryUpToMaximumCountWithFixedSleep(maxRetries=10, sleepTime=1000 MILLISECONDS)
2019-09-26 16:05:00,422 [main] INFO  retry.RetryInvocationHandler (RetryInvocationHandler.java:log(411)) - com.google.protobuf.ServiceException: java.net.ConnectException: Your endpoint configuration is wrong; For more details see:  http://wiki.apache.org/hadoop/UnsetHostnameOrPort, while invoking $Proxy36.submitRequest over nodeId=null,nodeAddress=127.0.0.1:0 after 8 failover attempts. Trying to failover immediately.
2019-09-26 16:05:01,423 [main] INFO  ipc.Client (Client.java:handleConnectionFailure(948)) - Retrying connect to server: localhost/127.0.0.1:0. Already tried 0 time(s); retry policy is RetryUpToMaximumCountWithFixedSleep(maxRetries=10, sleepTime=1000 MILLISECONDS)
2019-09-26 16:05:02,424 [main] INFO  ipc.Client (Client.java:handleConnectionFailure(948)) - Retrying connect to server: localhost/127.0.0.1:0. Already tried 1 time(s); retry policy is RetryUpToMaximumCountWithFixedSleep(maxRetries=10, sleepTime=1000 MILLISECONDS)
2019-09-26 16:05:03,426 [main] INFO  ipc.Client (Client.java:handleConnectionFailure(948)) - Retrying connect to server: localhost/127.0.0.1:0. Already tried 2 time(s); retry policy is RetryUpToMaximumCountWithFixedSleep(maxRetries=10, sleepTime=1000 MILLISECONDS)
2019-09-26 16:05:04,427 [main] INFO  ipc.Client (Client.java:handleConnectionFailure(948)) - Retrying connect to server: localhost/127.0.0.1:0. Already tried 3 time(s); retry policy is RetryUpToMaximumCountWithFixedSleep(maxRetries=10, sleepTime=1000 MILLISECONDS)
2019-09-26 16:05:05,428 [main] INFO  ipc.Client (Client.java:handleConnectionFailure(948)) - Retrying connect to server: localhost/127.0.0.1:0. Already tried 4 time(s); retry policy is RetryUpToMaximumCountWithFixedSleep(maxRetries=10, sleepTime=1000 MILLISECONDS)
2019-09-26 16:05:06,430 [main] INFO  ipc.Client (Client.java:handleConnectionFailure(948)) - Retrying connect to server: localhost/127.0.0.1:0. Already tried 5 time(s); retry policy is RetryUpToMaximumCountWithFixedSleep(maxRetries=10, sleepTime=1000 MILLISECONDS)
2019-09-26 16:05:07,431 [main] INFO  ipc.Client (Client.java:handleConnectionFailure(948)) - Retrying connect to server: localhost/127.0.0.1:0. Already tried 6 time(s); retry policy is RetryUpToMaximumCountWithFixedSleep(maxRetries=10, sleepTime=1000 MILLISECONDS)
2019-09-26 16:05:08,433 [main] INFO  ipc.Client (Client.java:handleConnectionFailure(948)) - Retrying connect to server: localhost/127.0.0.1:0. Already tried 7 time(s); retry policy is RetryUpToMaximumCountWithFixedSleep(maxRetries=10, sleepTime=1000 MILLISECONDS)
2019-09-26 16:05:09,434 [main] INFO  ipc.Client (Client.java:handleConnectionFailure(948)) - Retrying connect to server: localhost/127.0.0.1:0. Already tried 8 time(s); retry policy is RetryUpToMaximumCountWithFixedSleep(maxRetries=10, sleepTime=1000 MILLISECONDS)
2019-09-26 16:05:10,435 [main] INFO  ipc.Client (Client.java:handleConnectionFailure(948)) - Retrying connect to server: localhost/127.0.0.1:0. Already tried 9 time(s); retry policy is RetryUpToMaximumCountWithFixedSleep(maxRetries=10, sleepTime=1000 MILLISECONDS)
2019-09-26 16:05:10,437 [main] INFO  retry.RetryInvocationHandler (RetryInvocationHandler.java:log(411)) - com.google.protobuf.ServiceException: java.net.ConnectException: Your endpoint configuration is wrong; For more details see:  http://wiki.apache.org/hadoop/UnsetHostnameOrPort, while invoking $Proxy36.submitRequest over nodeId=null,nodeAddress=127.0.0.1:0 after 9 failover attempts. Trying to failover immediately.
2019-09-26 16:05:11,439 [main] INFO  ipc.Client (Client.java:handleConnectionFailure(948)) - Retrying connect to server: localhost/127.0.0.1:0. Already tried 0 time(s); retry policy is RetryUpToMaximumCountWithFixedSleep(maxRetries=10, sleepTime=1000 MILLISECONDS)
2019-09-26 16:05:12,440 [main] INFO  ipc.Client (Client.java:handleConnectionFailure(948)) - Retrying connect to server: localhost/127.0.0.1:0. Already tried 1 time(s); retry policy is RetryUpToMaximumCountWithFixedSleep(maxRetries=10, sleepTime=1000 MILLISECONDS)
2019-09-26 16:05:13,441 [main] INFO  ipc.Client (Client.java:handleConnectionFailure(948)) - Retrying connect to server: localhost/127.0.0.1:0. Already tried 2 time(s); retry policy is RetryUpToMaximumCountWithFixedSleep(maxRetries=10, sleepTime=1000 MILLISECONDS)
2019-09-26 16:05:14,443 [main] INFO  ipc.Client (Client.java:handleConnectionFailure(948)) - Retrying connect to server: localhost/127.0.0.1:0. Already tried 3 time(s); retry policy is RetryUpToMaximumCountWithFixedSleep(maxRetries=10, sleepTime=1000 MILLISECONDS)
2019-09-26 16:05:15,445 [main] INFO  ipc.Client (Client.java:handleConnectionFailure(948)) - Retrying connect to server: localhost/127.0.0.1:0. Already tried 4 time(s); retry policy is RetryUpToMaximumCountWithFixedSleep(maxRetries=10, sleepTime=1000 MILLISECONDS)
2019-09-26 16:05:16,446 [main] INFO  ipc.Client (Client.java:handleConnectionFailure(948)) - Retrying connect to server: localhost/127.0.0.1:0. Already tried 5 time(s); retry policy is RetryUpToMaximumCountWithFixedSleep(maxRetries=10, sleepTime=1000 MILLISECONDS)
2019-09-26 16:05:17,447 [main] INFO  ipc.Client (Client.java:handleConnectionFailure(948)) - Retrying connect to server: localhost/127.0.0.1:0. Already tried 6 time(s); retry policy is RetryUpToMaximumCountWithFixedSleep(maxRetries=10, sleepTime=1000 MILLISECONDS)
2019-09-26 16:05:18,449 [main] INFO  ipc.Client (Client.java:handleConnectionFailure(948)) - Retrying connect to server: localhost/127.0.0.1:0. Already tried 7 time(s); retry policy is RetryUpToMaximumCountWithFixedSleep(maxRetries=10, sleepTime=1000 MILLISECONDS)
2019-09-26 16:05:19,450 [main] INFO  ipc.Client (Client.java:handleConnectionFailure(948)) - Retrying connect to server: localhost/127.0.0.1:0. Already tried 8 time(s); retry policy is RetryUpToMaximumCountWithFixedSleep(maxRetries=10, sleepTime=1000 MILLISECONDS)
2019-09-26 16:05:20,451 [main] INFO  ipc.Client (Client.java:handleConnectionFailure(948)) - Retrying connect to server: localhost/127.0.0.1:0. Already tried 9 time(s); retry policy is RetryUpToMaximumCountWithFixedSleep(maxRetries=10, sleepTime=1000 MILLISECONDS)
2019-09-26 16:05:20,453 [main] ERROR ha.OMFailoverProxyProvider (OzoneManagerProtocolClientSideTranslatorPB.java:getRetryAction(268)) - Failed to connect to OM. Attempted 10 retries and 10 failovers
2019-09-26 16:05:20,457 [main] ERROR client.OzoneClientFactory (OzoneClientFactory.java:getClientProtocol(259)) - Couldn't create RpcClient protocol exception: 
java.net.ConnectException: Your endpoint configuration is wrong; For more details see:  http://wiki.apache.org/hadoop/UnsetHostnameOrPort
	at sun.reflect.NativeConstructorAccessorImpl.newInstance0(Native Method)
	at sun.reflect.NativeConstructorAccessorImpl.newInstance(NativeConstructorAccessorImpl.java:62)
	at sun.reflect.DelegatingConstructorAccessorImpl.newInstance(DelegatingConstructorAccessorImpl.java:45)
	at java.lang.reflect.Constructor.newInstance(Constructor.java:423)
	at org.apache.hadoop.net.NetUtils.wrapWithMessage(NetUtils.java:831)
	at org.apache.hadoop.net.NetUtils.wrapException(NetUtils.java:751)
	at org.apache.hadoop.ipc.Client.getRpcResponse(Client.java:1515)
	at org.apache.hadoop.ipc.Client.call(Client.java:1457)
	at org.apache.hadoop.ipc.Client.call(Client.java:1367)
	at org.apache.hadoop.ipc.ProtobufRpcEngine$Invoker.invoke(ProtobufRpcEngine.java:228)
	at org.apache.hadoop.ipc.ProtobufRpcEngine$Invoker.invoke(ProtobufRpcEngine.java:116)
	at com.sun.proxy.$Proxy36.submitRequest(Unknown Source)
	at sun.reflect.NativeMethodAccessorImpl.invoke0(Native Method)
	at sun.reflect.NativeMethodAccessorImpl.invoke(NativeMethodAccessorImpl.java:62)
	at sun.reflect.DelegatingMethodAccessorImpl.invoke(DelegatingMethodAccessorImpl.java:43)
	at java.lang.reflect.Method.invoke(Method.java:498)
	at org.apache.hadoop.io.retry.RetryInvocationHandler.invokeMethod(RetryInvocationHandler.java:422)
	at org.apache.hadoop.io.retry.RetryInvocationHandler$Call.invokeMethod(RetryInvocationHandler.java:165)
	at org.apache.hadoop.io.retry.RetryInvocationHandler$Call.invoke(RetryInvocationHandler.java:157)
	at org.apache.hadoop.io.retry.RetryInvocationHandler$Call.invokeOnce(RetryInvocationHandler.java:95)
	at org.apache.hadoop.io.retry.RetryInvocationHandler.invoke(RetryInvocationHandler.java:359)
	at com.sun.proxy.$Proxy36.submitRequest(Unknown Source)
	at org.apache.hadoop.ozone.om.protocolPB.OzoneManagerProtocolClientSideTranslatorPB.submitRequest(OzoneManagerProtocolClientSideTranslatorPB.java:338)
	at org.apache.hadoop.ozone.om.protocolPB.OzoneManagerProtocolClientSideTranslatorPB.getServiceInfo(OzoneManagerProtocolClientSideTranslatorPB.java:1223)
	at sun.reflect.NativeMethodAccessorImpl.invoke0(Native Method)
	at sun.reflect.NativeMethodAccessorImpl.invoke(NativeMethodAccessorImpl.java:62)
	at sun.reflect.DelegatingMethodAccessorImpl.invoke(DelegatingMethodAccessorImpl.java:43)
	at java.lang.reflect.Method.invoke(Method.java:498)
	at org.apache.hadoop.hdds.tracing.TraceAllMethod.invoke(TraceAllMethod.java:66)
	at com.sun.proxy.$Proxy37.getServiceInfo(Unknown Source)
	at org.apache.hadoop.ozone.client.rpc.RpcClient.<init>(RpcClient.java:154)
	at org.apache.hadoop.ozone.client.OzoneClientFactory.getClientProtocol(OzoneClientFactory.java:256)
	at org.apache.hadoop.ozone.client.OzoneClientFactory.getClientProtocol(OzoneClientFactory.java:239)
	at org.apache.hadoop.ozone.client.OzoneClientFactory.getClient(OzoneClientFactory.java:75)
	at org.apache.hadoop.ozone.client.rpc.TestOzoneClientRetriesOnException.init(TestOzoneClientRetriesOnException.java:102)
	at sun.reflect.NativeMethodAccessorImpl.invoke0(Native Method)
	at sun.reflect.NativeMethodAccessorImpl.invoke(NativeMethodAccessorImpl.java:62)
	at sun.reflect.DelegatingMethodAccessorImpl.invoke(DelegatingMethodAccessorImpl.java:43)
	at java.lang.reflect.Method.invoke(Method.java:498)
	at org.junit.runners.model.FrameworkMethod$1.runReflectiveCall(FrameworkMethod.java:47)
	at org.junit.internal.runners.model.ReflectiveCallable.run(ReflectiveCallable.java:12)
	at org.junit.runners.model.FrameworkMethod.invokeExplosively(FrameworkMethod.java:44)
	at org.junit.internal.runners.statements.RunBefores.evaluate(RunBefores.java:24)
	at org.junit.internal.runners.statements.RunAfters.evaluate(RunAfters.java:27)
	at org.junit.runners.ParentRunner.runLeaf(ParentRunner.java:271)
	at org.junit.runners.BlockJUnit4ClassRunner.runChild(BlockJUnit4ClassRunner.java:70)
	at org.junit.runners.BlockJUnit4ClassRunner.runChild(BlockJUnit4ClassRunner.java:50)
	at org.junit.runners.ParentRunner$3.run(ParentRunner.java:238)
	at org.junit.runners.ParentRunner$1.schedule(ParentRunner.java:63)
	at org.junit.runners.ParentRunner.runChildren(ParentRunner.java:236)
	at org.junit.runners.ParentRunner.access$000(ParentRunner.java:53)
	at org.junit.runners.ParentRunner$2.evaluate(ParentRunner.java:229)
	at org.junit.runners.ParentRunner.run(ParentRunner.java:309)
	at org.apache.maven.surefire.junit4.JUnit4Provider.execute(JUnit4Provider.java:365)
	at org.apache.maven.surefire.junit4.JUnit4Provider.executeWithRerun(JUnit4Provider.java:273)
	at org.apache.maven.surefire.junit4.JUnit4Provider.executeTestSet(JUnit4Provider.java:238)
	at org.apache.maven.surefire.junit4.JUnit4Provider.invoke(JUnit4Provider.java:159)
	at org.apache.maven.surefire.booter.ForkedBooter.invokeProviderInSameClassLoader(ForkedBooter.java:384)
	at org.apache.maven.surefire.booter.ForkedBooter.runSuitesInProcess(ForkedBooter.java:345)
	at org.apache.maven.surefire.booter.ForkedBooter.execute(ForkedBooter.java:126)
	at org.apache.maven.surefire.booter.ForkedBooter.main(ForkedBooter.java:418)
Caused by: java.net.ConnectException: Connection refused
	at sun.nio.ch.SocketChannelImpl.checkConnect(Native Method)
	at sun.nio.ch.SocketChannelImpl.finishConnect(SocketChannelImpl.java:717)
	at org.apache.hadoop.net.SocketIOWithTimeout.connect(SocketIOWithTimeout.java:206)
	at org.apache.hadoop.net.NetUtils.connect(NetUtils.java:531)
	at org.apache.hadoop.ipc.Client$Connection.setupConnection(Client.java:690)
	at org.apache.hadoop.ipc.Client$Connection.setupIOstreams(Client.java:794)
	at org.apache.hadoop.ipc.Client$Connection.access$3700(Client.java:411)
	at org.apache.hadoop.ipc.Client.getConnection(Client.java:1572)
	at org.apache.hadoop.ipc.Client.call(Client.java:1403)
	... 53 more
2019-09-26 16:05:20,462 [main] INFO  ozone.MiniOzoneClusterImpl (MiniOzoneClusterImpl.java:shutdown(314)) - Shutting down the Mini Ozone Cluster
2019-09-26 16:05:20,463 [main] INFO  ozone.MiniOzoneClusterImpl (MiniOzoneClusterImpl.java:stop(330)) - Stopping the Mini Ozone Cluster
2019-09-26 16:05:20,463 [main] INFO  ozone.MiniOzoneClusterImpl (MiniOzoneClusterImpl.java:stopOM(400)) - Stopping the OzoneManager
2019-09-26 16:05:20,463 [main] INFO  ipc.Server (Server.java:stop(3082)) - Stopping server on 40479
2019-09-26 16:05:20,479 [IPC Server listener on 40479] INFO  ipc.Server (Server.java:run(1185)) - Stopping IPC Server listener on 40479
2019-09-26 16:05:20,479 [main] INFO  ratis.OzoneManagerDoubleBuffer (OzoneManagerDoubleBuffer.java:stop(248)) - Stopping OMDoubleBuffer flush thread
2019-09-26 16:05:20,482 [IPC Server Responder] INFO  ipc.Server (Server.java:run(1319)) - Stopping IPC Server Responder
2019-09-26 16:05:20,492 [OMDoubleBufferFlushThread] INFO  ratis.OzoneManagerDoubleBuffer (OzoneManagerDoubleBuffer.java:flushTransactions(191)) - OMDoubleBuffer flush thread OMDoubleBufferFlushThread is interrupted and will exit. OMDoubleBufferFlushThread
2019-09-26 16:05:20,512 [main] INFO  utils.BackgroundService (BackgroundService.java:shutdown(148)) - Shutting down service KeyDeletingService
2019-09-26 16:05:20,530 [main] INFO  handler.ContextHandler (ContextHandler.java:doStop(910)) - Stopped o.e.j.w.WebAppContext@353efdbf{/,null,UNAVAILABLE}{/ozoneManager}
2019-09-26 16:05:20,539 [main] INFO  server.AbstractConnector (AbstractConnector.java:doStop(318)) - Stopped ServerConnector@55cff952{HTTP/1.1,[http/1.1]}{0.0.0.0:0}
2019-09-26 16:05:20,539 [main] INFO  handler.ContextHandler (ContextHandler.java:doStop(910)) - Stopped o.e.j.s.ServletContextHandler@3eed0f5{/static,file:///workdir/hadoop-ozone/integration-test/target/test-classes/webapps/static,UNAVAILABLE}
2019-09-26 16:05:20,540 [main] INFO  handler.ContextHandler (ContextHandler.java:doStop(910)) - Stopped o.e.j.s.ServletContextHandler@989da1{/logs,file:///workdir/hadoop-ozone/integration-test/target/log,UNAVAILABLE}
2019-09-26 16:05:20,546 [main] INFO  ozone.MiniOzoneClusterImpl (MiniOzoneClusterImpl.java:stopDatanodes(377)) - Stopping the HddsDatanodes
2019-09-26 16:05:20,614 [Datanode State Machine Thread - 0] INFO  statemachine.DatanodeStateMachine (DatanodeStateMachine.java:lambda$startDaemon$0(350)) - Ozone container server started.
2019-09-26 16:05:20,857 [Datanode State Machine Thread - 0] INFO  statemachine.DatanodeStateMachine (DatanodeStateMachine.java:lambda$startDaemon$0(350)) - Ozone container server started.
2019-09-26 16:05:25,550 [main] INFO  ozoneimpl.OzoneContainer (OzoneContainer.java:stop(231)) - Attempting to stop container services.
2019-09-26 16:05:25,550 [ForkJoinPool.commonPool-worker-0] INFO  ozoneimpl.OzoneContainer (OzoneContainer.java:stop(231)) - Attempting to stop container services.
2019-09-26 16:05:25,551 [main] INFO  impl.RaftServerProxy (RaftServerProxy.java:lambda$close$4(314)) - 62842ba7-8c68-4127-a44e-55d7d7ab4342: close
2019-09-26 16:05:25,551 [ForkJoinPool.commonPool-worker-0] INFO  impl.RaftServerProxy (RaftServerProxy.java:lambda$close$4(314)) - 947c5801-1794-4fdd-a08d-28b892c7eaef: close
2019-09-26 16:05:25,555 [main] INFO  impl.RaftServerImpl (RaftServerImpl.java:lambda$shutdown$3(251)) - 62842ba7-8c68-4127-a44e-55d7d7ab4342@group-652419E1F15D: shutdown
2019-09-26 16:05:25,555 [ForkJoinPool.commonPool-worker-0] INFO  impl.RaftServerImpl (RaftServerImpl.java:lambda$shutdown$3(251)) - 947c5801-1794-4fdd-a08d-28b892c7eaef@group-652419E1F15D: shutdown
2019-09-26 16:05:25,555 [main] INFO  util.JmxRegister (JmxRegister.java:unregister(73)) - Successfully un-registered JMX Bean with object name Ratis:service=RaftServer,group=group-652419E1F15D,id=62842ba7-8c68-4127-a44e-55d7d7ab4342
2019-09-26 16:05:25,556 [main] INFO  impl.RoleInfo (RoleInfo.java:shutdownFollowerState(121)) - 62842ba7-8c68-4127-a44e-55d7d7ab4342: shutdown FollowerState
2019-09-26 16:05:25,556 [ForkJoinPool.commonPool-worker-0] INFO  util.JmxRegister (JmxRegister.java:unregister(73)) - Successfully un-registered JMX Bean with object name Ratis:service=RaftServer,group=group-652419E1F15D,id=947c5801-1794-4fdd-a08d-28b892c7eaef
2019-09-26 16:05:25,557 [Thread-297] INFO  impl.FollowerState (FollowerState.java:run(115)) - 62842ba7-8c68-4127-a44e-55d7d7ab4342: FollowerState was interrupted: java.lang.InterruptedException: sleep interrupted
2019-09-26 16:05:25,557 [main] INFO  impl.StateMachineUpdater (StateMachineUpdater.java:stopAndJoin(125)) - 62842ba7-8c68-4127-a44e-55d7d7ab4342@group-652419E1F15D-StateMachineUpdater: set stopIndex = 0
2019-09-26 16:05:25,557 [ForkJoinPool.commonPool-worker-0] INFO  impl.RoleInfo (RoleInfo.java:shutdownLeaderState(104)) - 947c5801-1794-4fdd-a08d-28b892c7eaef: shutdown LeaderState
2019-09-26 16:05:25,561 [main] INFO  impl.RaftServerImpl (ServerState.java:close(385)) - 62842ba7-8c68-4127-a44e-55d7d7ab4342@group-652419E1F15D: closes. applyIndex: 0
2019-09-26 16:05:25,566 [org.apache.ratis.server.impl.LogAppender$AppenderDaemon$$Lambda$395/192424674@76bdf13f] WARN  server.GrpcLogAppender (GrpcLogAppender.java:mayWait(143)) - 947c5801-1794-4fdd-a08d-28b892c7eaef@group-652419E1F15D->48de5d4d-80aa-4db3-8305-07d8969acec5-GrpcLogAppender: Wait interrupted by java.lang.InterruptedException
2019-09-26 16:05:25,566 [org.apache.ratis.server.impl.LogAppender$AppenderDaemon$$Lambda$395/192424674@292dacfd] WARN  server.GrpcLogAppender (GrpcLogAppender.java:mayWait(143)) - 947c5801-1794-4fdd-a08d-28b892c7eaef@group-652419E1F15D->62842ba7-8c68-4127-a44e-55d7d7ab4342-GrpcLogAppender: Wait interrupted by java.lang.InterruptedException
2019-09-26 16:05:25,568 [ForkJoinPool.commonPool-worker-0] INFO  impl.PendingRequests (PendingRequests.java:sendNotLeaderResponses(202)) - 947c5801-1794-4fdd-a08d-28b892c7eaef-PendingRequests: sendNotLeaderResponses
2019-09-26 16:05:25,571 [62842ba7-8c68-4127-a44e-55d7d7ab4342@group-652419E1F15D-SegmentedRaftLogWorker] INFO  segmented.SegmentedRaftLogWorker (SegmentedRaftLogWorker.java:run(313)) - 62842ba7-8c68-4127-a44e-55d7d7ab4342@group-652419E1F15D-SegmentedRaftLogWorker was interrupted, exiting. There are 0 tasks remaining in the queue.
2019-09-26 16:05:25,573 [main] INFO  segmented.SegmentedRaftLogWorker (SegmentedRaftLogWorker.java:close(228)) - 62842ba7-8c68-4127-a44e-55d7d7ab4342@group-652419E1F15D-SegmentedRaftLogWorker close()
2019-09-26 16:05:25,576 [grpc-default-executor-1] INFO  server.GrpcServerProtocolService (GrpcServerProtocolService.java:onCompleted(113)) - 48de5d4d-80aa-4db3-8305-07d8969acec5: Completed APPEND_ENTRIES, lastRequest: 947c5801-1794-4fdd-a08d-28b892c7eaef->48de5d4d-80aa-4db3-8305-07d8969acec5#44-t1, previous=(t:1, i:0), leaderCommit=0, initializing? false, entries: <empty>
2019-09-26 16:05:25,576 [grpc-default-executor-2] INFO  server.GrpcServerProtocolService (GrpcServerProtocolService.java:onCompleted(113)) - 62842ba7-8c68-4127-a44e-55d7d7ab4342: Completed APPEND_ENTRIES, lastRequest: 947c5801-1794-4fdd-a08d-28b892c7eaef->62842ba7-8c68-4127-a44e-55d7d7ab4342#44-t1, previous=(t:1, i:0), leaderCommit=0, initializing? false, entries: <empty>
2019-09-26 16:05:25,585 [main] INFO  impl.RaftServerImpl (RaftServerImpl.java:lambda$shutdown$3(251)) - 62842ba7-8c68-4127-a44e-55d7d7ab4342@group-41D91E331254: shutdown
2019-09-26 16:05:25,573 [ForkJoinPool.commonPool-worker-0] INFO  impl.StateMachineUpdater (StateMachineUpdater.java:stopAndJoin(125)) - 947c5801-1794-4fdd-a08d-28b892c7eaef@group-652419E1F15D-StateMachineUpdater: set stopIndex = 0
2019-09-26 16:05:25,585 [main] INFO  util.JmxRegister (JmxRegister.java:unregister(73)) - Successfully un-registered JMX Bean with object name Ratis:service=RaftServer,group=group-41D91E331254,id=62842ba7-8c68-4127-a44e-55d7d7ab4342
2019-09-26 16:05:25,586 [grpc-default-executor-2] INFO  server.GrpcLogAppender (GrpcLogAppender.java:onCompleted(293)) - 947c5801-1794-4fdd-a08d-28b892c7eaef@group-652419E1F15D->48de5d4d-80aa-4db3-8305-07d8969acec5-AppendLogResponseHandler: follower responses appendEntries COMPLETED
2019-09-26 16:05:25,585 [ForkJoinPool.commonPool-worker-0] INFO  impl.RaftServerImpl (ServerState.java:close(385)) - 947c5801-1794-4fdd-a08d-28b892c7eaef@group-652419E1F15D: closes. applyIndex: 0
2019-09-26 16:05:25,586 [grpc-default-executor-1] INFO  server.GrpcLogAppender (GrpcLogAppender.java:onCompleted(293)) - 947c5801-1794-4fdd-a08d-28b892c7eaef@group-652419E1F15D->62842ba7-8c68-4127-a44e-55d7d7ab4342-AppendLogResponseHandler: follower responses appendEntries COMPLETED
2019-09-26 16:05:25,586 [main] INFO  impl.RoleInfo (RoleInfo.java:shutdownLeaderState(104)) - 62842ba7-8c68-4127-a44e-55d7d7ab4342: shutdown LeaderState
2019-09-26 16:05:25,589 [947c5801-1794-4fdd-a08d-28b892c7eaef@group-652419E1F15D-SegmentedRaftLogWorker] INFO  segmented.SegmentedRaftLogWorker (SegmentedRaftLogWorker.java:run(313)) - 947c5801-1794-4fdd-a08d-28b892c7eaef@group-652419E1F15D-SegmentedRaftLogWorker was interrupted, exiting. There are 0 tasks remaining in the queue.
2019-09-26 16:05:25,591 [main] INFO  impl.PendingRequests (PendingRequests.java:sendNotLeaderResponses(202)) - 62842ba7-8c68-4127-a44e-55d7d7ab4342-PendingRequests: sendNotLeaderResponses
2019-09-26 16:05:25,594 [ForkJoinPool.commonPool-worker-0] INFO  segmented.SegmentedRaftLogWorker (SegmentedRaftLogWorker.java:close(228)) - 947c5801-1794-4fdd-a08d-28b892c7eaef@group-652419E1F15D-SegmentedRaftLogWorker close()
2019-09-26 16:05:25,594 [grpc-default-executor-2] INFO  impl.FollowerInfo (FollowerInfo.java:lambda$new$0(51)) - 947c5801-1794-4fdd-a08d-28b892c7eaef@group-652419E1F15D->48de5d4d-80aa-4db3-8305-07d8969acec5: nextIndex: updateUnconditionally 1 -> 0
2019-09-26 16:05:25,594 [main] INFO  impl.StateMachineUpdater (StateMachineUpdater.java:stopAndJoin(125)) - 62842ba7-8c68-4127-a44e-55d7d7ab4342@group-41D91E331254-StateMachineUpdater: set stopIndex = 0
2019-09-26 16:05:25,598 [grpc-default-executor-1] INFO  impl.FollowerInfo (FollowerInfo.java:lambda$new$0(51)) - 947c5801-1794-4fdd-a08d-28b892c7eaef@group-652419E1F15D->62842ba7-8c68-4127-a44e-55d7d7ab4342: nextIndex: updateUnconditionally 1 -> 0
2019-09-26 16:05:25,598 [ForkJoinPool.commonPool-worker-0] INFO  impl.RaftServerImpl (RaftServerImpl.java:lambda$shutdown$3(251)) - 947c5801-1794-4fdd-a08d-28b892c7eaef@group-DE4BCCD1B3BF: shutdown
2019-09-26 16:05:25,601 [main] INFO  impl.RaftServerImpl (ServerState.java:close(385)) - 62842ba7-8c68-4127-a44e-55d7d7ab4342@group-41D91E331254: closes. applyIndex: 0
2019-09-26 16:05:25,601 [ForkJoinPool.commonPool-worker-0] INFO  util.JmxRegister (JmxRegister.java:unregister(73)) - Successfully un-registered JMX Bean with object name Ratis:service=RaftServer,group=group-DE4BCCD1B3BF,id=947c5801-1794-4fdd-a08d-28b892c7eaef
2019-09-26 16:05:25,602 [62842ba7-8c68-4127-a44e-55d7d7ab4342@group-41D91E331254-SegmentedRaftLogWorker] INFO  segmented.SegmentedRaftLogWorker (SegmentedRaftLogWorker.java:run(313)) - 62842ba7-8c68-4127-a44e-55d7d7ab4342@group-41D91E331254-SegmentedRaftLogWorker was interrupted, exiting. There are 0 tasks remaining in the queue.
2019-09-26 16:05:25,602 [ForkJoinPool.commonPool-worker-0] INFO  impl.RoleInfo (RoleInfo.java:shutdownLeaderState(104)) - 947c5801-1794-4fdd-a08d-28b892c7eaef: shutdown LeaderState
2019-09-26 16:05:25,604 [main] INFO  segmented.SegmentedRaftLogWorker (SegmentedRaftLogWorker.java:close(228)) - 62842ba7-8c68-4127-a44e-55d7d7ab4342@group-41D91E331254-SegmentedRaftLogWorker close()
2019-09-26 16:05:25,604 [ForkJoinPool.commonPool-worker-0] INFO  impl.PendingRequests (PendingRequests.java:sendNotLeaderResponses(202)) - 947c5801-1794-4fdd-a08d-28b892c7eaef-PendingRequests: sendNotLeaderResponses
2019-09-26 16:05:25,608 [ForkJoinPool.commonPool-worker-0] INFO  impl.StateMachineUpdater (StateMachineUpdater.java:stopAndJoin(125)) - 947c5801-1794-4fdd-a08d-28b892c7eaef@group-DE4BCCD1B3BF-StateMachineUpdater: set stopIndex = 0
2019-09-26 16:05:25,608 [main] INFO  server.GrpcService (GrpcService.java:closeImpl(164)) - 62842ba7-8c68-4127-a44e-55d7d7ab4342: shutdown server with port 34781 now
2019-09-26 16:05:25,609 [ForkJoinPool.commonPool-worker-0] INFO  impl.RaftServerImpl (ServerState.java:close(385)) - 947c5801-1794-4fdd-a08d-28b892c7eaef@group-DE4BCCD1B3BF: closes. applyIndex: 0
2019-09-26 16:05:25,609 [947c5801-1794-4fdd-a08d-28b892c7eaef@group-DE4BCCD1B3BF-SegmentedRaftLogWorker] INFO  segmented.SegmentedRaftLogWorker (SegmentedRaftLogWorker.java:run(313)) - 947c5801-1794-4fdd-a08d-28b892c7eaef@group-DE4BCCD1B3BF-SegmentedRaftLogWorker was interrupted, exiting. There are 0 tasks remaining in the queue.
2019-09-26 16:05:25,611 [ForkJoinPool.commonPool-worker-0] INFO  segmented.SegmentedRaftLogWorker (SegmentedRaftLogWorker.java:close(228)) - 947c5801-1794-4fdd-a08d-28b892c7eaef@group-DE4BCCD1B3BF-SegmentedRaftLogWorker close()
2019-09-26 16:05:25,617 [ForkJoinPool.commonPool-worker-0] INFO  server.GrpcService (GrpcService.java:closeImpl(164)) - 947c5801-1794-4fdd-a08d-28b892c7eaef: shutdown server with port 33746 now
2019-09-26 16:05:25,619 [main] INFO  server.GrpcService (GrpcService.java:closeImpl(172)) - 62842ba7-8c68-4127-a44e-55d7d7ab4342: shutdown server with port 34781 successfully
2019-09-26 16:05:25,621 [ForkJoinPool.commonPool-worker-0] INFO  server.GrpcService (GrpcService.java:closeImpl(172)) - 947c5801-1794-4fdd-a08d-28b892c7eaef: shutdown server with port 33746 successfully
2019-09-26 16:05:25,641 [refreshUsed-/workdir/hadoop-ozone/integration-test/target/test-dir/MiniOzoneClusterImpl-e6b3eac8-f257-4ae4-aa9d-4144be51a25f/datanode-1/data/containers] WARN  fs.CachingGetSpaceUsed (CachingGetSpaceUsed.java:run(183)) - Thread Interrupted waiting to refresh disk information: sleep interrupted
2019-09-26 16:05:25,641 [refreshUsed-/workdir/hadoop-ozone/integration-test/target/test-dir/MiniOzoneClusterImpl-e6b3eac8-f257-4ae4-aa9d-4144be51a25f/datanode-4/data/containers] WARN  fs.CachingGetSpaceUsed (CachingGetSpaceUsed.java:run(183)) - Thread Interrupted waiting to refresh disk information: sleep interrupted
2019-09-26 16:05:25,665 [ForkJoinPool.commonPool-worker-0] INFO  utils.BackgroundService (BackgroundService.java:shutdown(148)) - Shutting down service BlockDeletingService
2019-09-26 16:05:25,672 [ForkJoinPool.commonPool-worker-0] INFO  statemachine.DatanodeStateMachine (DatanodeStateMachine.java:stopDaemon(395)) - Ozone container server stopped.
2019-09-26 16:05:25,678 [ForkJoinPool.commonPool-worker-0] INFO  handler.ContextHandler (ContextHandler.java:doStop(910)) - Stopped o.e.j.w.WebAppContext@7baf1f5a{/,null,UNAVAILABLE}{/hddsDatanode}
2019-09-26 16:05:25,678 [main] INFO  utils.BackgroundService (BackgroundService.java:shutdown(148)) - Shutting down service BlockDeletingService
2019-09-26 16:05:25,679 [ForkJoinPool.commonPool-worker-0] INFO  server.AbstractConnector (AbstractConnector.java:doStop(318)) - Stopped ServerConnector@6cc86152{HTTP/1.1,[http/1.1]}{0.0.0.0:0}
2019-09-26 16:05:25,683 [ForkJoinPool.commonPool-worker-0] INFO  handler.ContextHandler (ContextHandler.java:doStop(910)) - Stopped o.e.j.s.ServletContextHandler@4d41ba0f{/static,jar:file:/home/user/.m2/repository/org/apache/hadoop/hadoop-hdds-container-service/0.5.0-SNAPSHOT/hadoop-hdds-container-service-0.5.0-SNAPSHOT.jar!/webapps/static,UNAVAILABLE}
2019-09-26 16:05:25,685 [main] INFO  statemachine.DatanodeStateMachine (DatanodeStateMachine.java:stopDaemon(395)) - Ozone container server stopped.
2019-09-26 16:05:25,686 [ForkJoinPool.commonPool-worker-0] INFO  handler.ContextHandler (ContextHandler.java:doStop(910)) - Stopped o.e.j.s.ServletContextHandler@3ee0b4f7{/logs,file:///workdir/hadoop-ozone/integration-test/target/log,UNAVAILABLE}
2019-09-26 16:05:25,687 [main] INFO  handler.ContextHandler (ContextHandler.java:doStop(910)) - Stopped o.e.j.w.WebAppContext@74ea46e2{/,null,UNAVAILABLE}{/hddsDatanode}
2019-09-26 16:05:25,688 [main] INFO  server.AbstractConnector (AbstractConnector.java:doStop(318)) - Stopped ServerConnector@6f911326{HTTP/1.1,[http/1.1]}{0.0.0.0:0}
2019-09-26 16:05:25,689 [main] INFO  handler.ContextHandler (ContextHandler.java:doStop(910)) - Stopped o.e.j.s.ServletContextHandler@75d982d3{/static,jar:file:/home/user/.m2/repository/org/apache/hadoop/hadoop-hdds-container-service/0.5.0-SNAPSHOT/hadoop-hdds-container-service-0.5.0-SNAPSHOT.jar!/webapps/static,UNAVAILABLE}
2019-09-26 16:05:25,690 [main] INFO  handler.ContextHandler (ContextHandler.java:doStop(910)) - Stopped o.e.j.s.ServletContextHandler@3bd2af5b{/logs,file:///workdir/hadoop-ozone/integration-test/target/log,UNAVAILABLE}
2019-09-26 16:05:25,704 [Datanode State Machine Thread - 0] INFO  statemachine.DatanodeStateMachine (DatanodeStateMachine.java:lambda$startDaemon$0(350)) - Ozone container server started.
2019-09-26 16:05:25,769 [Datanode State Machine Thread - 0] INFO  statemachine.DatanodeStateMachine (DatanodeStateMachine.java:lambda$startDaemon$0(350)) - Ozone container server started.
2019-09-26 16:05:30,688 [ForkJoinPool.commonPool-worker-0] INFO  ozoneimpl.OzoneContainer (OzoneContainer.java:stop(231)) - Attempting to stop container services.
2019-09-26 16:05:30,689 [ForkJoinPool.commonPool-worker-0] INFO  impl.RaftServerProxy (RaftServerProxy.java:lambda$close$4(314)) - 89ab1f74-7e20-414f-8e85-0b96306ed4b0: close
2019-09-26 16:05:30,689 [ForkJoinPool.commonPool-worker-0] INFO  impl.RaftServerImpl (RaftServerImpl.java:lambda$shutdown$3(251)) - 89ab1f74-7e20-414f-8e85-0b96306ed4b0@group-DD5A3C6E8262: shutdown
2019-09-26 16:05:30,690 [ForkJoinPool.commonPool-worker-0] INFO  util.JmxRegister (JmxRegister.java:unregister(73)) - Successfully un-registered JMX Bean with object name Ratis:service=RaftServer,group=group-DD5A3C6E8262,id=89ab1f74-7e20-414f-8e85-0b96306ed4b0
2019-09-26 16:05:30,690 [ForkJoinPool.commonPool-worker-0] INFO  impl.RoleInfo (RoleInfo.java:shutdownLeaderState(104)) - 89ab1f74-7e20-414f-8e85-0b96306ed4b0: shutdown LeaderState
2019-09-26 16:05:30,694 [ForkJoinPool.commonPool-worker-0] INFO  impl.PendingRequests (PendingRequests.java:sendNotLeaderResponses(202)) - 89ab1f74-7e20-414f-8e85-0b96306ed4b0-PendingRequests: sendNotLeaderResponses
2019-09-26 16:05:30,695 [main] INFO  ozoneimpl.OzoneContainer (OzoneContainer.java:stop(231)) - Attempting to stop container services.
2019-09-26 16:05:30,694 [org.apache.ratis.server.impl.LogAppender$AppenderDaemon$$Lambda$395/192424674@206bafcc] WARN  server.GrpcLogAppender (GrpcLogAppender.java:mayWait(143)) - 89ab1f74-7e20-414f-8e85-0b96306ed4b0@group-DD5A3C6E8262->147c816b-a366-4aae-aa7b-87981ba2da73-GrpcLogAppender: Wait interrupted by java.lang.InterruptedException
2019-09-26 16:05:30,694 [org.apache.ratis.server.impl.LogAppender$AppenderDaemon$$Lambda$395/192424674@36b70b93] WARN  server.GrpcLogAppender (GrpcLogAppender.java:mayWait(143)) - 89ab1f74-7e20-414f-8e85-0b96306ed4b0@group-DD5A3C6E8262->fec3750d-6dc3-4624-a01f-e7799a846917-GrpcLogAppender: Wait interrupted by java.lang.InterruptedException
2019-09-26 16:05:30,695 [main] INFO  impl.RaftServerProxy (RaftServerProxy.java:lambda$close$4(314)) - 147c816b-a366-4aae-aa7b-87981ba2da73: close
2019-09-26 16:05:30,695 [ForkJoinPool.commonPool-worker-0] INFO  impl.StateMachineUpdater (StateMachineUpdater.java:stopAndJoin(125)) - 89ab1f74-7e20-414f-8e85-0b96306ed4b0@group-DD5A3C6E8262-StateMachineUpdater: set stopIndex = 0
2019-09-26 16:05:30,699 [main] INFO  impl.RaftServerImpl (RaftServerImpl.java:lambda$shutdown$3(251)) - 147c816b-a366-4aae-aa7b-87981ba2da73@group-BB8EEB0C989E: shutdown
2019-09-26 16:05:30,699 [grpc-default-executor-2] INFO  server.GrpcServerProtocolService (GrpcServerProtocolService.java:onCompleted(113)) - 147c816b-a366-4aae-aa7b-87981ba2da73: Completed APPEND_ENTRIES, lastRequest: 89ab1f74-7e20-414f-8e85-0b96306ed4b0->147c816b-a366-4aae-aa7b-87981ba2da73#44-t2, previous=(t:2, i:0), leaderCommit=0, initializing? false, entries: <empty>
2019-09-26 16:05:30,699 [grpc-default-executor-1] INFO  server.GrpcServerProtocolService (GrpcServerProtocolService.java:onCompleted(113)) - fec3750d-6dc3-4624-a01f-e7799a846917: Completed APPEND_ENTRIES, lastRequest: 89ab1f74-7e20-414f-8e85-0b96306ed4b0->fec3750d-6dc3-4624-a01f-e7799a846917#44-t2, previous=(t:2, i:0), leaderCommit=0, initializing? false, entries: <empty>
2019-09-26 16:05:30,699 [ForkJoinPool.commonPool-worker-0] INFO  impl.RaftServerImpl (ServerState.java:close(385)) - 89ab1f74-7e20-414f-8e85-0b96306ed4b0@group-DD5A3C6E8262: closes. applyIndex: 0
2019-09-26 16:05:30,700 [main] INFO  util.JmxRegister (JmxRegister.java:unregister(73)) - Successfully un-registered JMX Bean with object name Ratis:service=RaftServer,group=group-BB8EEB0C989E,id=147c816b-a366-4aae-aa7b-87981ba2da73
2019-09-26 16:05:30,702 [main] INFO  impl.RoleInfo (RoleInfo.java:shutdownLeaderState(104)) - 147c816b-a366-4aae-aa7b-87981ba2da73: shutdown LeaderState
2019-09-26 16:05:30,700 [89ab1f74-7e20-414f-8e85-0b96306ed4b0@group-DD5A3C6E8262-SegmentedRaftLogWorker] INFO  segmented.SegmentedRaftLogWorker (SegmentedRaftLogWorker.java:run(313)) - 89ab1f74-7e20-414f-8e85-0b96306ed4b0@group-DD5A3C6E8262-SegmentedRaftLogWorker was interrupted, exiting. There are 0 tasks remaining in the queue.
2019-09-26 16:05:30,703 [main] INFO  impl.PendingRequests (PendingRequests.java:sendNotLeaderResponses(202)) - 147c816b-a366-4aae-aa7b-87981ba2da73-PendingRequests: sendNotLeaderResponses
2019-09-26 16:05:30,703 [grpc-default-executor-2] INFO  server.GrpcLogAppender (GrpcLogAppender.java:onCompleted(293)) - 89ab1f74-7e20-414f-8e85-0b96306ed4b0@group-DD5A3C6E8262->147c816b-a366-4aae-aa7b-87981ba2da73-AppendLogResponseHandler: follower responses appendEntries COMPLETED
2019-09-26 16:05:30,705 [main] INFO  impl.StateMachineUpdater (StateMachineUpdater.java:stopAndJoin(125)) - 147c816b-a366-4aae-aa7b-87981ba2da73@group-BB8EEB0C989E-StateMachineUpdater: set stopIndex = 0
2019-09-26 16:05:30,704 [ForkJoinPool.commonPool-worker-0] INFO  segmented.SegmentedRaftLogWorker (SegmentedRaftLogWorker.java:close(228)) - 89ab1f74-7e20-414f-8e85-0b96306ed4b0@group-DD5A3C6E8262-SegmentedRaftLogWorker close()
2019-09-26 16:05:30,703 [grpc-default-executor-1] INFO  server.GrpcLogAppender (GrpcLogAppender.java:onCompleted(293)) - 89ab1f74-7e20-414f-8e85-0b96306ed4b0@group-DD5A3C6E8262->fec3750d-6dc3-4624-a01f-e7799a846917-AppendLogResponseHandler: follower responses appendEntries COMPLETED
2019-09-26 16:05:30,712 [ForkJoinPool.commonPool-worker-0] INFO  impl.RaftServerImpl (RaftServerImpl.java:lambda$shutdown$3(251)) - 89ab1f74-7e20-414f-8e85-0b96306ed4b0@group-5C0F363C2806: shutdown
2019-09-26 16:05:30,708 [main] INFO  impl.RaftServerImpl (ServerState.java:close(385)) - 147c816b-a366-4aae-aa7b-87981ba2da73@group-BB8EEB0C989E: closes. applyIndex: 0
2019-09-26 16:05:30,707 [grpc-default-executor-2] INFO  impl.FollowerInfo (FollowerInfo.java:lambda$new$0(51)) - 89ab1f74-7e20-414f-8e85-0b96306ed4b0@group-DD5A3C6E8262->147c816b-a366-4aae-aa7b-87981ba2da73: nextIndex: updateUnconditionally 1 -> 0
2019-09-26 16:05:30,715 [147c816b-a366-4aae-aa7b-87981ba2da73@group-BB8EEB0C989E-SegmentedRaftLogWorker] INFO  segmented.SegmentedRaftLogWorker (SegmentedRaftLogWorker.java:run(313)) - 147c816b-a366-4aae-aa7b-87981ba2da73@group-BB8EEB0C989E-SegmentedRaftLogWorker was interrupted, exiting. There are 0 tasks remaining in the queue.
2019-09-26 16:05:30,715 [ForkJoinPool.commonPool-worker-0] INFO  util.JmxRegister (JmxRegister.java:unregister(73)) - Successfully un-registered JMX Bean with object name Ratis:service=RaftServer,group=group-5C0F363C2806,id=89ab1f74-7e20-414f-8e85-0b96306ed4b0
2019-09-26 16:05:30,714 [grpc-default-executor-1] INFO  impl.FollowerInfo (FollowerInfo.java:lambda$new$0(51)) - 89ab1f74-7e20-414f-8e85-0b96306ed4b0@group-DD5A3C6E8262->fec3750d-6dc3-4624-a01f-e7799a846917: nextIndex: updateUnconditionally 1 -> 0
2019-09-26 16:05:30,717 [ForkJoinPool.commonPool-worker-0] INFO  impl.RoleInfo (RoleInfo.java:shutdownLeaderState(104)) - 89ab1f74-7e20-414f-8e85-0b96306ed4b0: shutdown LeaderState
2019-09-26 16:05:30,717 [main] INFO  segmented.SegmentedRaftLogWorker (SegmentedRaftLogWorker.java:close(228)) - 147c816b-a366-4aae-aa7b-87981ba2da73@group-BB8EEB0C989E-SegmentedRaftLogWorker close()
2019-09-26 16:05:30,718 [ForkJoinPool.commonPool-worker-0] INFO  impl.PendingRequests (PendingRequests.java:sendNotLeaderResponses(202)) - 89ab1f74-7e20-414f-8e85-0b96306ed4b0-PendingRequests: sendNotLeaderResponses
2019-09-26 16:05:30,720 [main] INFO  impl.RaftServerImpl (RaftServerImpl.java:lambda$shutdown$3(251)) - 147c816b-a366-4aae-aa7b-87981ba2da73@group-DD5A3C6E8262: shutdown
2019-09-26 16:05:30,721 [ForkJoinPool.commonPool-worker-0] INFO  impl.StateMachineUpdater (StateMachineUpdater.java:stopAndJoin(125)) - 89ab1f74-7e20-414f-8e85-0b96306ed4b0@group-5C0F363C2806-StateMachineUpdater: set stopIndex = 0
2019-09-26 16:05:30,721 [main] INFO  util.JmxRegister (JmxRegister.java:unregister(73)) - Successfully un-registered JMX Bean with object name Ratis:service=RaftServer,group=group-DD5A3C6E8262,id=147c816b-a366-4aae-aa7b-87981ba2da73
2019-09-26 16:05:30,722 [ForkJoinPool.commonPool-worker-0] INFO  impl.RaftServerImpl (ServerState.java:close(385)) - 89ab1f74-7e20-414f-8e85-0b96306ed4b0@group-5C0F363C2806: closes. applyIndex: 0
2019-09-26 16:05:30,722 [main] INFO  impl.RoleInfo (RoleInfo.java:shutdownFollowerState(121)) - 147c816b-a366-4aae-aa7b-87981ba2da73: shutdown FollowerState
2019-09-26 16:05:30,722 [89ab1f74-7e20-414f-8e85-0b96306ed4b0@group-5C0F363C2806-SegmentedRaftLogWorker] INFO  segmented.SegmentedRaftLogWorker (SegmentedRaftLogWorker.java:run(313)) - 89ab1f74-7e20-414f-8e85-0b96306ed4b0@group-5C0F363C2806-SegmentedRaftLogWorker was interrupted, exiting. There are 0 tasks remaining in the queue.
2019-09-26 16:05:30,723 [Thread-327] INFO  impl.FollowerState (FollowerState.java:run(115)) - 147c816b-a366-4aae-aa7b-87981ba2da73: FollowerState was interrupted: java.lang.InterruptedException: sleep interrupted
2019-09-26 16:05:30,723 [main] INFO  impl.StateMachineUpdater (StateMachineUpdater.java:stopAndJoin(125)) - 147c816b-a366-4aae-aa7b-87981ba2da73@group-DD5A3C6E8262-StateMachineUpdater: set stopIndex = 0
2019-09-26 16:05:30,724 [ForkJoinPool.commonPool-worker-0] INFO  segmented.SegmentedRaftLogWorker (SegmentedRaftLogWorker.java:close(228)) - 89ab1f74-7e20-414f-8e85-0b96306ed4b0@group-5C0F363C2806-SegmentedRaftLogWorker close()
2019-09-26 16:05:30,726 [main] INFO  impl.RaftServerImpl (ServerState.java:close(385)) - 147c816b-a366-4aae-aa7b-87981ba2da73@group-DD5A3C6E8262: closes. applyIndex: 0
2019-09-26 16:05:31,146 [ForkJoinPool.commonPool-worker-0] INFO  server.GrpcService (GrpcService.java:closeImpl(164)) - 89ab1f74-7e20-414f-8e85-0b96306ed4b0: shutdown server with port 36984 now
2019-09-26 16:05:31,170 [147c816b-a366-4aae-aa7b-87981ba2da73@group-DD5A3C6E8262-SegmentedRaftLogWorker] INFO  segmented.SegmentedRaftLogWorker (SegmentedRaftLogWorker.java:run(313)) - 147c816b-a366-4aae-aa7b-87981ba2da73@group-DD5A3C6E8262-SegmentedRaftLogWorker was interrupted, exiting. There are 0 tasks remaining in the queue.
2019-09-26 16:05:31,173 [main] INFO  segmented.SegmentedRaftLogWorker (SegmentedRaftLogWorker.java:close(228)) - 147c816b-a366-4aae-aa7b-87981ba2da73@group-DD5A3C6E8262-SegmentedRaftLogWorker close()
2019-09-26 16:05:31,177 [main] INFO  server.GrpcService (GrpcService.java:closeImpl(164)) - 147c816b-a366-4aae-aa7b-87981ba2da73: shutdown server with port 33171 now
2019-09-26 16:05:31,182 [ForkJoinPool.commonPool-worker-0] INFO  server.GrpcService (GrpcService.java:closeImpl(172)) - 89ab1f74-7e20-414f-8e85-0b96306ed4b0: shutdown server with port 36984 successfully
2019-09-26 16:05:31,186 [main] INFO  server.GrpcService (GrpcService.java:closeImpl(172)) - 147c816b-a366-4aae-aa7b-87981ba2da73: shutdown server with port 33171 successfully
2019-09-26 16:05:31,207 [refreshUsed-/workdir/hadoop-ozone/integration-test/target/test-dir/MiniOzoneClusterImpl-e6b3eac8-f257-4ae4-aa9d-4144be51a25f/datanode-2/data/containers] WARN  fs.CachingGetSpaceUsed (CachingGetSpaceUsed.java:run(183)) - Thread Interrupted waiting to refresh disk information: sleep interrupted
2019-09-26 16:05:31,215 [refreshUsed-/workdir/hadoop-ozone/integration-test/target/test-dir/MiniOzoneClusterImpl-e6b3eac8-f257-4ae4-aa9d-4144be51a25f/datanode-3/data/containers] WARN  fs.CachingGetSpaceUsed (CachingGetSpaceUsed.java:run(183)) - Thread Interrupted waiting to refresh disk information: sleep interrupted
2019-09-26 16:05:31,230 [ForkJoinPool.commonPool-worker-0] INFO  utils.BackgroundService (BackgroundService.java:shutdown(148)) - Shutting down service BlockDeletingService
2019-09-26 16:05:31,234 [ForkJoinPool.commonPool-worker-0] INFO  statemachine.DatanodeStateMachine (DatanodeStateMachine.java:stopDaemon(395)) - Ozone container server stopped.
2019-09-26 16:05:31,238 [main] INFO  utils.BackgroundService (BackgroundService.java:shutdown(148)) - Shutting down service BlockDeletingService
2019-09-26 16:05:31,238 [ForkJoinPool.commonPool-worker-0] INFO  handler.ContextHandler (ContextHandler.java:doStop(910)) - Stopped o.e.j.w.WebAppContext@6b1dc20f{/,null,UNAVAILABLE}{/hddsDatanode}
2019-09-26 16:05:31,244 [main] INFO  statemachine.DatanodeStateMachine (DatanodeStateMachine.java:stopDaemon(395)) - Ozone container server stopped.
2019-09-26 16:05:31,244 [ForkJoinPool.commonPool-worker-0] INFO  server.AbstractConnector (AbstractConnector.java:doStop(318)) - Stopped ServerConnector@4613311f{HTTP/1.1,[http/1.1]}{0.0.0.0:0}
2019-09-26 16:05:31,246 [ForkJoinPool.commonPool-worker-0] INFO  handler.ContextHandler (ContextHandler.java:doStop(910)) - Stopped o.e.j.s.ServletContextHandler@6dcc40f5{/static,jar:file:/home/user/.m2/repository/org/apache/hadoop/hadoop-hdds-container-service/0.5.0-SNAPSHOT/hadoop-hdds-container-service-0.5.0-SNAPSHOT.jar!/webapps/static,UNAVAILABLE}
2019-09-26 16:05:31,248 [main] INFO  handler.ContextHandler (ContextHandler.java:doStop(910)) - Stopped o.e.j.w.WebAppContext@1687eb01{/,null,UNAVAILABLE}{/hddsDatanode}
2019-09-26 16:05:31,248 [ForkJoinPool.commonPool-worker-0] INFO  handler.ContextHandler (ContextHandler.java:doStop(910)) - Stopped o.e.j.s.ServletContextHandler@40e37b06{/logs,file:///workdir/hadoop-ozone/integration-test/target/log,UNAVAILABLE}
2019-09-26 16:05:31,249 [main] INFO  server.AbstractConnector (AbstractConnector.java:doStop(318)) - Stopped ServerConnector@748d2277{HTTP/1.1,[http/1.1]}{0.0.0.0:0}
2019-09-26 16:05:31,250 [main] INFO  handler.ContextHandler (ContextHandler.java:doStop(910)) - Stopped o.e.j.s.ServletContextHandler@4e1a46fb{/static,jar:file:/home/user/.m2/repository/org/apache/hadoop/hadoop-hdds-container-service/0.5.0-SNAPSHOT/hadoop-hdds-container-service-0.5.0-SNAPSHOT.jar!/webapps/static,UNAVAILABLE}
2019-09-26 16:05:31,250 [main] INFO  handler.ContextHandler (ContextHandler.java:doStop(910)) - Stopped o.e.j.s.ServletContextHandler@70972170{/logs,file:///workdir/hadoop-ozone/integration-test/target/log,UNAVAILABLE}
2019-09-26 16:05:31,525 [Datanode State Machine Thread - 0] INFO  statemachine.DatanodeStateMachine (DatanodeStateMachine.java:lambda$startDaemon$0(350)) - Ozone container server started.
2019-09-26 16:05:32,147 [Datanode State Machine Thread - 0] INFO  statemachine.DatanodeStateMachine (DatanodeStateMachine.java:lambda$startDaemon$0(350)) - Ozone container server started.
2019-09-26 16:05:33,416 [Thread-298] INFO  impl.FollowerState (FollowerState.java:run(106)) - 48de5d4d-80aa-4db3-8305-07d8969acec5:group-652419E1F15D changes to CANDIDATE, lastRpcTime:8942, electionTimeout:5068ms
2019-09-26 16:05:33,416 [Thread-298] INFO  impl.RoleInfo (RoleInfo.java:shutdownFollowerState(121)) - 48de5d4d-80aa-4db3-8305-07d8969acec5: shutdown FollowerState
2019-09-26 16:05:33,416 [Thread-298] INFO  impl.RaftServerImpl (RaftServerImpl.java:setRole(174)) - 48de5d4d-80aa-4db3-8305-07d8969acec5@group-652419E1F15D: changes role from  FOLLOWER to CANDIDATE at term 1 for changeToCandidate
2019-09-26 16:05:33,417 [Thread-298] INFO  impl.RoleInfo (RoleInfo.java:updateAndGet(143)) - 48de5d4d-80aa-4db3-8305-07d8969acec5: start LeaderElection
2019-09-26 16:05:33,419 [48de5d4d-80aa-4db3-8305-07d8969acec5@group-652419E1F15D:LeaderElection13] INFO  impl.RaftServerImpl (ServerState.java:setLeader(253)) - 48de5d4d-80aa-4db3-8305-07d8969acec5@group-652419E1F15D: change Leader from 947c5801-1794-4fdd-a08d-28b892c7eaef to null at term 1 for initElection
2019-09-26 16:05:33,444 [48de5d4d-80aa-4db3-8305-07d8969acec5@group-652419E1F15D:LeaderElection13] INFO  impl.LeaderElection (LeaderElection.java:askForVotes(182)) - 48de5d4d-80aa-4db3-8305-07d8969acec5@group-652419E1F15D:LeaderElection13: begin an election at term 2 for 0: [947c5801-1794-4fdd-a08d-28b892c7eaef:192.168.157.234:33746, 48de5d4d-80aa-4db3-8305-07d8969acec5:192.168.157.234:43656, 62842ba7-8c68-4127-a44e-55d7d7ab4342:192.168.157.234:34781], old=null
2019-09-26 16:05:33,476 [48de5d4d-80aa-4db3-8305-07d8969acec5@group-652419E1F15D:LeaderElection13] INFO  impl.LeaderElection (LogUtils.java:infoOrTrace(149)) - 48de5d4d-80aa-4db3-8305-07d8969acec5@group-652419E1F15D:LeaderElection13 got exception when requesting votes: {}
java.util.concurrent.ExecutionException: org.apache.ratis.thirdparty.io.grpc.StatusRuntimeException: UNAVAILABLE: io exception
	at java.util.concurrent.FutureTask.report(FutureTask.java:122)
	at java.util.concurrent.FutureTask.get(FutureTask.java:192)
	at org.apache.ratis.server.impl.LeaderElection.waitForResults(LeaderElection.java:263)
	at org.apache.ratis.server.impl.LeaderElection.askForVotes(LeaderElection.java:201)
	at org.apache.ratis.server.impl.LeaderElection.run(LeaderElection.java:133)
	at java.lang.Thread.run(Thread.java:748)
Caused by: org.apache.ratis.thirdparty.io.grpc.StatusRuntimeException: UNAVAILABLE: io exception
	at org.apache.ratis.thirdparty.io.grpc.stub.ClientCalls.toStatusRuntimeException(ClientCalls.java:233)
	at org.apache.ratis.thirdparty.io.grpc.stub.ClientCalls.getUnchecked(ClientCalls.java:214)
	at org.apache.ratis.thirdparty.io.grpc.stub.ClientCalls.blockingUnaryCall(ClientCalls.java:139)
	at org.apache.ratis.proto.grpc.RaftServerProtocolServiceGrpc$RaftServerProtocolServiceBlockingStub.requestVote(RaftServerProtocolServiceGrpc.java:265)
	at org.apache.ratis.grpc.server.GrpcServerProtocolClient.requestVote(GrpcServerProtocolClient.java:90)
	at org.apache.ratis.grpc.server.GrpcService.requestVote(GrpcService.java:204)
	at org.apache.ratis.server.impl.LeaderElection.lambda$submitRequests$1(LeaderElection.java:238)
	at java.util.concurrent.FutureTask.run(FutureTask.java:266)
	at java.util.concurrent.Executors$RunnableAdapter.call(Executors.java:511)
	at java.util.concurrent.FutureTask.run(FutureTask.java:266)
	at java.util.concurrent.ThreadPoolExecutor.runWorker(ThreadPoolExecutor.java:1149)
	at java.util.concurrent.ThreadPoolExecutor$Worker.run(ThreadPoolExecutor.java:624)
	... 1 more
Caused by: org.apache.ratis.thirdparty.io.netty.channel.AbstractChannel$AnnotatedConnectException: Connection refused: /192.168.157.234:33746
	at sun.nio.ch.SocketChannelImpl.checkConnect(Native Method)
	at sun.nio.ch.SocketChannelImpl.finishConnect(SocketChannelImpl.java:717)
	at org.apache.ratis.thirdparty.io.netty.channel.socket.nio.NioSocketChannel.doFinishConnect(NioSocketChannel.java:327)
	at org.apache.ratis.thirdparty.io.netty.channel.nio.AbstractNioChannel$AbstractNioUnsafe.finishConnect(AbstractNioChannel.java:340)
	at org.apache.ratis.thirdparty.io.netty.channel.nio.NioEventLoop.processSelectedKey(NioEventLoop.java:632)
	at org.apache.ratis.thirdparty.io.netty.channel.nio.NioEventLoop.processSelectedKeysOptimized(NioEventLoop.java:579)
	at org.apache.ratis.thirdparty.io.netty.channel.nio.NioEventLoop.processSelectedKeys(NioEventLoop.java:496)
	at org.apache.ratis.thirdparty.io.netty.channel.nio.NioEventLoop.run(NioEventLoop.java:458)
	at org.apache.ratis.thirdparty.io.netty.util.concurrent.SingleThreadEventExecutor$5.run(SingleThreadEventExecutor.java:897)
	at org.apache.ratis.thirdparty.io.netty.util.concurrent.FastThreadLocalRunnable.run(FastThreadLocalRunnable.java:30)
	... 1 more
Caused by: java.net.ConnectException: Connection refused
	... 11 more
2019-09-26 16:05:33,482 [48de5d4d-80aa-4db3-8305-07d8969acec5@group-652419E1F15D:LeaderElection13] INFO  impl.LeaderElection (LogUtils.java:infoOrTrace(149)) - 48de5d4d-80aa-4db3-8305-07d8969acec5@group-652419E1F15D:LeaderElection13 got exception when requesting votes: {}
java.util.concurrent.ExecutionException: org.apache.ratis.thirdparty.io.grpc.StatusRuntimeException: UNAVAILABLE: io exception
	at java.util.concurrent.FutureTask.report(FutureTask.java:122)
	at java.util.concurrent.FutureTask.get(FutureTask.java:192)
	at org.apache.ratis.server.impl.LeaderElection.waitForResults(LeaderElection.java:263)
	at org.apache.ratis.server.impl.LeaderElection.askForVotes(LeaderElection.java:201)
	at org.apache.ratis.server.impl.LeaderElection.run(LeaderElection.java:133)
	at java.lang.Thread.run(Thread.java:748)
Caused by: org.apache.ratis.thirdparty.io.grpc.StatusRuntimeException: UNAVAILABLE: io exception
	at org.apache.ratis.thirdparty.io.grpc.stub.ClientCalls.toStatusRuntimeException(ClientCalls.java:233)
	at org.apache.ratis.thirdparty.io.grpc.stub.ClientCalls.getUnchecked(ClientCalls.java:214)
	at org.apache.ratis.thirdparty.io.grpc.stub.ClientCalls.blockingUnaryCall(ClientCalls.java:139)
	at org.apache.ratis.proto.grpc.RaftServerProtocolServiceGrpc$RaftServerProtocolServiceBlockingStub.requestVote(RaftServerProtocolServiceGrpc.java:265)
	at org.apache.ratis.grpc.server.GrpcServerProtocolClient.requestVote(GrpcServerProtocolClient.java:90)
	at org.apache.ratis.grpc.server.GrpcService.requestVote(GrpcService.java:204)
	at org.apache.ratis.server.impl.LeaderElection.lambda$submitRequests$1(LeaderElection.java:238)
	at java.util.concurrent.FutureTask.run(FutureTask.java:266)
	at java.util.concurrent.Executors$RunnableAdapter.call(Executors.java:511)
	at java.util.concurrent.FutureTask.run(FutureTask.java:266)
	at java.util.concurrent.ThreadPoolExecutor.runWorker(ThreadPoolExecutor.java:1149)
	at java.util.concurrent.ThreadPoolExecutor$Worker.run(ThreadPoolExecutor.java:624)
	... 1 more
Caused by: org.apache.ratis.thirdparty.io.netty.channel.AbstractChannel$AnnotatedConnectException: Connection refused: /192.168.157.234:34781
	at sun.nio.ch.SocketChannelImpl.checkConnect(Native Method)
	at sun.nio.ch.SocketChannelImpl.finishConnect(SocketChannelImpl.java:717)
	at org.apache.ratis.thirdparty.io.netty.channel.socket.nio.NioSocketChannel.doFinishConnect(NioSocketChannel.java:327)
	at org.apache.ratis.thirdparty.io.netty.channel.nio.AbstractNioChannel$AbstractNioUnsafe.finishConnect(AbstractNioChannel.java:340)
	at org.apache.ratis.thirdparty.io.netty.channel.nio.NioEventLoop.processSelectedKey(NioEventLoop.java:632)
	at org.apache.ratis.thirdparty.io.netty.channel.nio.NioEventLoop.processSelectedKeysOptimized(NioEventLoop.java:579)
	at org.apache.ratis.thirdparty.io.netty.channel.nio.NioEventLoop.processSelectedKeys(NioEventLoop.java:496)
	at org.apache.ratis.thirdparty.io.netty.channel.nio.NioEventLoop.run(NioEventLoop.java:458)
	at org.apache.ratis.thirdparty.io.netty.util.concurrent.SingleThreadEventExecutor$5.run(SingleThreadEventExecutor.java:897)
	at org.apache.ratis.thirdparty.io.netty.util.concurrent.FastThreadLocalRunnable.run(FastThreadLocalRunnable.java:30)
	... 1 more
Caused by: java.net.ConnectException: Connection refused
	... 11 more
2019-09-26 16:05:33,485 [48de5d4d-80aa-4db3-8305-07d8969acec5@group-652419E1F15D:LeaderElection13] INFO  impl.LeaderElection (LeaderElection.java:logAndReturn(56)) - 48de5d4d-80aa-4db3-8305-07d8969acec5@group-652419E1F15D:LeaderElection13: Election REJECTED; received 0 response(s) [] and 2 exception(s); 48de5d4d-80aa-4db3-8305-07d8969acec5@group-652419E1F15D:t2, leader=null, voted=48de5d4d-80aa-4db3-8305-07d8969acec5, raftlog=48de5d4d-80aa-4db3-8305-07d8969acec5@group-652419E1F15D-SegmentedRaftLog:OPENED:c0,f0,i0, conf=0: [947c5801-1794-4fdd-a08d-28b892c7eaef:192.168.157.234:33746, 48de5d4d-80aa-4db3-8305-07d8969acec5:192.168.157.234:43656, 62842ba7-8c68-4127-a44e-55d7d7ab4342:192.168.157.234:34781], old=null
2019-09-26 16:05:33,486 [48de5d4d-80aa-4db3-8305-07d8969acec5@group-652419E1F15D:LeaderElection13] INFO  impl.LeaderElection (LogUtils.java:infoOrTrace(149)) -   Exception 0: {}
java.util.concurrent.ExecutionException: org.apache.ratis.thirdparty.io.grpc.StatusRuntimeException: UNAVAILABLE: io exception
	at java.util.concurrent.FutureTask.report(FutureTask.java:122)
	at java.util.concurrent.FutureTask.get(FutureTask.java:192)
	at org.apache.ratis.server.impl.LeaderElection.waitForResults(LeaderElection.java:263)
	at org.apache.ratis.server.impl.LeaderElection.askForVotes(LeaderElection.java:201)
	at org.apache.ratis.server.impl.LeaderElection.run(LeaderElection.java:133)
	at java.lang.Thread.run(Thread.java:748)
Caused by: org.apache.ratis.thirdparty.io.grpc.StatusRuntimeException: UNAVAILABLE: io exception
	at org.apache.ratis.thirdparty.io.grpc.stub.ClientCalls.toStatusRuntimeException(ClientCalls.java:233)
	at org.apache.ratis.thirdparty.io.grpc.stub.ClientCalls.getUnchecked(ClientCalls.java:214)
	at org.apache.ratis.thirdparty.io.grpc.stub.ClientCalls.blockingUnaryCall(ClientCalls.java:139)
	at org.apache.ratis.proto.grpc.RaftServerProtocolServiceGrpc$RaftServerProtocolServiceBlockingStub.requestVote(RaftServerProtocolServiceGrpc.java:265)
	at org.apache.ratis.grpc.server.GrpcServerProtocolClient.requestVote(GrpcServerProtocolClient.java:90)
	at org.apache.ratis.grpc.server.GrpcService.requestVote(GrpcService.java:204)
	at org.apache.ratis.server.impl.LeaderElection.lambda$submitRequests$1(LeaderElection.java:238)
	at java.util.concurrent.FutureTask.run(FutureTask.java:266)
	at java.util.concurrent.Executors$RunnableAdapter.call(Executors.java:511)
	at java.util.concurrent.FutureTask.run(FutureTask.java:266)
	at java.util.concurrent.ThreadPoolExecutor.runWorker(ThreadPoolExecutor.java:1149)
	at java.util.concurrent.ThreadPoolExecutor$Worker.run(ThreadPoolExecutor.java:624)
	... 1 more
Caused by: org.apache.ratis.thirdparty.io.netty.channel.AbstractChannel$AnnotatedConnectException: Connection refused: /192.168.157.234:33746
	at sun.nio.ch.SocketChannelImpl.checkConnect(Native Method)
	at sun.nio.ch.SocketChannelImpl.finishConnect(SocketChannelImpl.java:717)
	at org.apache.ratis.thirdparty.io.netty.channel.socket.nio.NioSocketChannel.doFinishConnect(NioSocketChannel.java:327)
	at org.apache.ratis.thirdparty.io.netty.channel.nio.AbstractNioChannel$AbstractNioUnsafe.finishConnect(AbstractNioChannel.java:340)
	at org.apache.ratis.thirdparty.io.netty.channel.nio.NioEventLoop.processSelectedKey(NioEventLoop.java:632)
	at org.apache.ratis.thirdparty.io.netty.channel.nio.NioEventLoop.processSelectedKeysOptimized(NioEventLoop.java:579)
	at org.apache.ratis.thirdparty.io.netty.channel.nio.NioEventLoop.processSelectedKeys(NioEventLoop.java:496)
	at org.apache.ratis.thirdparty.io.netty.channel.nio.NioEventLoop.run(NioEventLoop.java:458)
	at org.apache.ratis.thirdparty.io.netty.util.concurrent.SingleThreadEventExecutor$5.run(SingleThreadEventExecutor.java:897)
	at org.apache.ratis.thirdparty.io.netty.util.concurrent.FastThreadLocalRunnable.run(FastThreadLocalRunnable.java:30)
	... 1 more
Caused by: java.net.ConnectException: Connection refused
	... 11 more
2019-09-26 16:05:33,487 [48de5d4d-80aa-4db3-8305-07d8969acec5@group-652419E1F15D:LeaderElection13] INFO  impl.LeaderElection (LogUtils.java:infoOrTrace(149)) -   Exception 1: {}
java.util.concurrent.ExecutionException: org.apache.ratis.thirdparty.io.grpc.StatusRuntimeException: UNAVAILABLE: io exception
	at java.util.concurrent.FutureTask.report(FutureTask.java:122)
	at java.util.concurrent.FutureTask.get(FutureTask.java:192)
	at org.apache.ratis.server.impl.LeaderElection.waitForResults(LeaderElection.java:263)
	at org.apache.ratis.server.impl.LeaderElection.askForVotes(LeaderElection.java:201)
	at org.apache.ratis.server.impl.LeaderElection.run(LeaderElection.java:133)
	at java.lang.Thread.run(Thread.java:748)
Caused by: org.apache.ratis.thirdparty.io.grpc.StatusRuntimeException: UNAVAILABLE: io exception
	at org.apache.ratis.thirdparty.io.grpc.stub.ClientCalls.toStatusRuntimeException(ClientCalls.java:233)
	at org.apache.ratis.thirdparty.io.grpc.stub.ClientCalls.getUnchecked(ClientCalls.java:214)
	at org.apache.ratis.thirdparty.io.grpc.stub.ClientCalls.blockingUnaryCall(ClientCalls.java:139)
	at org.apache.ratis.proto.grpc.RaftServerProtocolServiceGrpc$RaftServerProtocolServiceBlockingStub.requestVote(RaftServerProtocolServiceGrpc.java:265)
	at org.apache.ratis.grpc.server.GrpcServerProtocolClient.requestVote(GrpcServerProtocolClient.java:90)
	at org.apache.ratis.grpc.server.GrpcService.requestVote(GrpcService.java:204)
	at org.apache.ratis.server.impl.LeaderElection.lambda$submitRequests$1(LeaderElection.java:238)
	at java.util.concurrent.FutureTask.run(FutureTask.java:266)
	at java.util.concurrent.Executors$RunnableAdapter.call(Executors.java:511)
	at java.util.concurrent.FutureTask.run(FutureTask.java:266)
	at java.util.concurrent.ThreadPoolExecutor.runWorker(ThreadPoolExecutor.java:1149)
	at java.util.concurrent.ThreadPoolExecutor$Worker.run(ThreadPoolExecutor.java:624)
	... 1 more
Caused by: org.apache.ratis.thirdparty.io.netty.channel.AbstractChannel$AnnotatedConnectException: Connection refused: /192.168.157.234:34781
	at sun.nio.ch.SocketChannelImpl.checkConnect(Native Method)
	at sun.nio.ch.SocketChannelImpl.finishConnect(SocketChannelImpl.java:717)
	at org.apache.ratis.thirdparty.io.netty.channel.socket.nio.NioSocketChannel.doFinishConnect(NioSocketChannel.java:327)
	at org.apache.ratis.thirdparty.io.netty.channel.nio.AbstractNioChannel$AbstractNioUnsafe.finishConnect(AbstractNioChannel.java:340)
	at org.apache.ratis.thirdparty.io.netty.channel.nio.NioEventLoop.processSelectedKey(NioEventLoop.java:632)
	at org.apache.ratis.thirdparty.io.netty.channel.nio.NioEventLoop.processSelectedKeysOptimized(NioEventLoop.java:579)
	at org.apache.ratis.thirdparty.io.netty.channel.nio.NioEventLoop.processSelectedKeys(NioEventLoop.java:496)
	at org.apache.ratis.thirdparty.io.netty.channel.nio.NioEventLoop.run(NioEventLoop.java:458)
	at org.apache.ratis.thirdparty.io.netty.util.concurrent.SingleThreadEventExecutor$5.run(SingleThreadEventExecutor.java:897)
	at org.apache.ratis.thirdparty.io.netty.util.concurrent.FastThreadLocalRunnable.run(FastThreadLocalRunnable.java:30)
	... 1 more
Caused by: java.net.ConnectException: Connection refused
	... 11 more
2019-09-26 16:05:33,488 [48de5d4d-80aa-4db3-8305-07d8969acec5@group-652419E1F15D:LeaderElection13] INFO  impl.RaftServerImpl (RaftServerImpl.java:setRole(174)) - 48de5d4d-80aa-4db3-8305-07d8969acec5@group-652419E1F15D: changes role from CANDIDATE to FOLLOWER at term 2 for DISCOVERED_A_NEW_TERM
2019-09-26 16:05:33,489 [48de5d4d-80aa-4db3-8305-07d8969acec5@group-652419E1F15D:LeaderElection13] INFO  impl.RoleInfo (RoleInfo.java:shutdownLeaderElection(134)) - 48de5d4d-80aa-4db3-8305-07d8969acec5: shutdown LeaderElection
2019-09-26 16:05:33,490 [48de5d4d-80aa-4db3-8305-07d8969acec5@group-652419E1F15D:LeaderElection13] INFO  impl.RoleInfo (RoleInfo.java:updateAndGet(143)) - 48de5d4d-80aa-4db3-8305-07d8969acec5: start FollowerState
2019-09-26 16:05:36,250 [ForkJoinPool.commonPool-worker-0] INFO  ozoneimpl.OzoneContainer (OzoneContainer.java:stop(231)) - Attempting to stop container services.
2019-09-26 16:05:36,252 [main] INFO  ozoneimpl.OzoneContainer (OzoneContainer.java:stop(231)) - Attempting to stop container services.
2019-09-26 16:05:36,254 [ForkJoinPool.commonPool-worker-0] INFO  impl.RaftServerProxy (RaftServerProxy.java:lambda$close$4(314)) - 48de5d4d-80aa-4db3-8305-07d8969acec5: close
2019-09-26 16:05:36,254 [main] INFO  impl.RaftServerProxy (RaftServerProxy.java:lambda$close$4(314)) - 52409454-a635-4025-bc64-a21ce237eab6: close
2019-09-26 16:05:36,254 [ForkJoinPool.commonPool-worker-0] INFO  impl.RaftServerImpl (RaftServerImpl.java:lambda$shutdown$3(251)) - 48de5d4d-80aa-4db3-8305-07d8969acec5@group-652419E1F15D: shutdown
2019-09-26 16:05:36,255 [main] INFO  impl.RaftServerImpl (RaftServerImpl.java:lambda$shutdown$3(251)) - 52409454-a635-4025-bc64-a21ce237eab6@group-BE849D3171E6: shutdown
2019-09-26 16:05:36,255 [ForkJoinPool.commonPool-worker-0] INFO  util.JmxRegister (JmxRegister.java:unregister(73)) - Successfully un-registered JMX Bean with object name Ratis:service=RaftServer,group=group-652419E1F15D,id=48de5d4d-80aa-4db3-8305-07d8969acec5
2019-09-26 16:05:36,256 [main] INFO  util.JmxRegister (JmxRegister.java:unregister(73)) - Successfully un-registered JMX Bean with object name Ratis:service=RaftServer,group=group-BE849D3171E6,id=52409454-a635-4025-bc64-a21ce237eab6
2019-09-26 16:05:36,256 [ForkJoinPool.commonPool-worker-0] INFO  impl.RoleInfo (RoleInfo.java:shutdownFollowerState(121)) - 48de5d4d-80aa-4db3-8305-07d8969acec5: shutdown FollowerState
2019-09-26 16:05:36,256 [main] INFO  impl.RoleInfo (RoleInfo.java:shutdownLeaderState(104)) - 52409454-a635-4025-bc64-a21ce237eab6: shutdown LeaderState
2019-09-26 16:05:36,257 [Thread-532] INFO  impl.FollowerState (FollowerState.java:run(115)) - 48de5d4d-80aa-4db3-8305-07d8969acec5: FollowerState was interrupted: java.lang.InterruptedException: sleep interrupted
2019-09-26 16:05:36,257 [ForkJoinPool.commonPool-worker-0] INFO  impl.StateMachineUpdater (StateMachineUpdater.java:stopAndJoin(125)) - 48de5d4d-80aa-4db3-8305-07d8969acec5@group-652419E1F15D-StateMachineUpdater: set stopIndex = 0
2019-09-26 16:05:36,257 [main] INFO  impl.PendingRequests (PendingRequests.java:sendNotLeaderResponses(202)) - 52409454-a635-4025-bc64-a21ce237eab6-PendingRequests: sendNotLeaderResponses
2019-09-26 16:05:36,265 [ForkJoinPool.commonPool-worker-0] INFO  impl.RaftServerImpl (ServerState.java:close(385)) - 48de5d4d-80aa-4db3-8305-07d8969acec5@group-652419E1F15D: closes. applyIndex: 0
2019-09-26 16:05:36,266 [main] INFO  impl.StateMachineUpdater (StateMachineUpdater.java:stopAndJoin(125)) - 52409454-a635-4025-bc64-a21ce237eab6@group-BE849D3171E6-StateMachineUpdater: set stopIndex = 0
2019-09-26 16:05:36,267 [main] INFO  impl.RaftServerImpl (ServerState.java:close(385)) - 52409454-a635-4025-bc64-a21ce237eab6@group-BE849D3171E6: closes. applyIndex: 0
2019-09-26 16:05:36,267 [48de5d4d-80aa-4db3-8305-07d8969acec5@group-652419E1F15D-SegmentedRaftLogWorker] INFO  segmented.SegmentedRaftLogWorker (SegmentedRaftLogWorker.java:run(313)) - 48de5d4d-80aa-4db3-8305-07d8969acec5@group-652419E1F15D-SegmentedRaftLogWorker was interrupted, exiting. There are 0 tasks remaining in the queue.
2019-09-26 16:05:36,267 [52409454-a635-4025-bc64-a21ce237eab6@group-BE849D3171E6-SegmentedRaftLogWorker] INFO  segmented.SegmentedRaftLogWorker (SegmentedRaftLogWorker.java:run(313)) - 52409454-a635-4025-bc64-a21ce237eab6@group-BE849D3171E6-SegmentedRaftLogWorker was interrupted, exiting. There are 0 tasks remaining in the queue.
2019-09-26 16:05:36,270 [ForkJoinPool.commonPool-worker-0] INFO  segmented.SegmentedRaftLogWorker (SegmentedRaftLogWorker.java:close(228)) - 48de5d4d-80aa-4db3-8305-07d8969acec5@group-652419E1F15D-SegmentedRaftLogWorker close()
2019-09-26 16:05:36,270 [main] INFO  segmented.SegmentedRaftLogWorker (SegmentedRaftLogWorker.java:close(228)) - 52409454-a635-4025-bc64-a21ce237eab6@group-BE849D3171E6-SegmentedRaftLogWorker close()
2019-09-26 16:05:36,273 [ForkJoinPool.commonPool-worker-0] INFO  impl.RaftServerImpl (RaftServerImpl.java:lambda$shutdown$3(251)) - 48de5d4d-80aa-4db3-8305-07d8969acec5@group-86775A4A74EF: shutdown
2019-09-26 16:05:36,279 [main] INFO  server.GrpcService (GrpcService.java:closeImpl(164)) - 52409454-a635-4025-bc64-a21ce237eab6: shutdown server with port 35565 now
2019-09-26 16:05:36,279 [ForkJoinPool.commonPool-worker-0] INFO  util.JmxRegister (JmxRegister.java:unregister(73)) - Successfully un-registered JMX Bean with object name Ratis:service=RaftServer,group=group-86775A4A74EF,id=48de5d4d-80aa-4db3-8305-07d8969acec5
2019-09-26 16:05:36,281 [ForkJoinPool.commonPool-worker-0] INFO  impl.RoleInfo (RoleInfo.java:shutdownLeaderState(104)) - 48de5d4d-80aa-4db3-8305-07d8969acec5: shutdown LeaderState
2019-09-26 16:05:36,281 [main] INFO  server.GrpcService (GrpcService.java:closeImpl(172)) - 52409454-a635-4025-bc64-a21ce237eab6: shutdown server with port 35565 successfully
2019-09-26 16:05:36,281 [ForkJoinPool.commonPool-worker-0] INFO  impl.PendingRequests (PendingRequests.java:sendNotLeaderResponses(202)) - 48de5d4d-80aa-4db3-8305-07d8969acec5-PendingRequests: sendNotLeaderResponses
2019-09-26 16:05:36,282 [ForkJoinPool.commonPool-worker-0] INFO  impl.StateMachineUpdater (StateMachineUpdater.java:stopAndJoin(125)) - 48de5d4d-80aa-4db3-8305-07d8969acec5@group-86775A4A74EF-StateMachineUpdater: set stopIndex = 0
2019-09-26 16:05:36,283 [ForkJoinPool.commonPool-worker-0] INFO  impl.RaftServerImpl (ServerState.java:close(385)) - 48de5d4d-80aa-4db3-8305-07d8969acec5@group-86775A4A74EF: closes. applyIndex: 0
2019-09-26 16:05:36,283 [48de5d4d-80aa-4db3-8305-07d8969acec5@group-86775A4A74EF-SegmentedRaftLogWorker] INFO  segmented.SegmentedRaftLogWorker (SegmentedRaftLogWorker.java:run(313)) - 48de5d4d-80aa-4db3-8305-07d8969acec5@group-86775A4A74EF-SegmentedRaftLogWorker was interrupted, exiting. There are 0 tasks remaining in the queue.
2019-09-26 16:05:36,284 [ForkJoinPool.commonPool-worker-0] INFO  segmented.SegmentedRaftLogWorker (SegmentedRaftLogWorker.java:close(228)) - 48de5d4d-80aa-4db3-8305-07d8969acec5@group-86775A4A74EF-SegmentedRaftLogWorker close()
2019-09-26 16:05:36,286 [ForkJoinPool.commonPool-worker-0] INFO  server.GrpcService (GrpcService.java:closeImpl(164)) - 48de5d4d-80aa-4db3-8305-07d8969acec5: shutdown server with port 43656 now
2019-09-26 16:05:36,289 [ForkJoinPool.commonPool-worker-0] INFO  server.GrpcService (GrpcService.java:closeImpl(172)) - 48de5d4d-80aa-4db3-8305-07d8969acec5: shutdown server with port 43656 successfully
2019-09-26 16:05:36,297 [refreshUsed-/workdir/hadoop-ozone/integration-test/target/test-dir/MiniOzoneClusterImpl-e6b3eac8-f257-4ae4-aa9d-4144be51a25f/datanode-6/data/containers] WARN  fs.CachingGetSpaceUsed (CachingGetSpaceUsed.java:run(183)) - Thread Interrupted waiting to refresh disk information: sleep interrupted
2019-09-26 16:05:36,308 [refreshUsed-/workdir/hadoop-ozone/integration-test/target/test-dir/MiniOzoneClusterImpl-e6b3eac8-f257-4ae4-aa9d-4144be51a25f/datanode-0/data/containers] WARN  fs.CachingGetSpaceUsed (CachingGetSpaceUsed.java:run(183)) - Thread Interrupted waiting to refresh disk information: sleep interrupted
2019-09-26 16:05:36,323 [main] INFO  utils.BackgroundService (BackgroundService.java:shutdown(148)) - Shutting down service BlockDeletingService
2019-09-26 16:05:36,327 [main] INFO  statemachine.DatanodeStateMachine (DatanodeStateMachine.java:stopDaemon(395)) - Ozone container server stopped.
2019-09-26 16:05:36,328 [main] INFO  handler.ContextHandler (ContextHandler.java:doStop(910)) - Stopped o.e.j.w.WebAppContext@3c74aa0d{/,null,UNAVAILABLE}{/hddsDatanode}
2019-09-26 16:05:36,328 [ForkJoinPool.commonPool-worker-0] INFO  utils.BackgroundService (BackgroundService.java:shutdown(148)) - Shutting down service BlockDeletingService
2019-09-26 16:05:36,331 [main] INFO  server.AbstractConnector (AbstractConnector.java:doStop(318)) - Stopped ServerConnector@6c841199{HTTP/1.1,[http/1.1]}{0.0.0.0:0}
2019-09-26 16:05:36,332 [ForkJoinPool.commonPool-worker-0] INFO  statemachine.DatanodeStateMachine (DatanodeStateMachine.java:stopDaemon(395)) - Ozone container server stopped.
2019-09-26 16:05:36,333 [main] INFO  handler.ContextHandler (ContextHandler.java:doStop(910)) - Stopped o.e.j.s.ServletContextHandler@7dbe2ebf{/static,jar:file:/home/user/.m2/repository/org/apache/hadoop/hadoop-hdds-container-service/0.5.0-SNAPSHOT/hadoop-hdds-container-service-0.5.0-SNAPSHOT.jar!/webapps/static,UNAVAILABLE}
2019-09-26 16:05:36,335 [main] INFO  handler.ContextHandler (ContextHandler.java:doStop(910)) - Stopped o.e.j.s.ServletContextHandler@58434b19{/logs,file:///workdir/hadoop-ozone/integration-test/target/log,UNAVAILABLE}
2019-09-26 16:05:36,336 [ForkJoinPool.commonPool-worker-0] INFO  handler.ContextHandler (ContextHandler.java:doStop(910)) - Stopped o.e.j.w.WebAppContext@68a4dcc6{/,null,UNAVAILABLE}{/hddsDatanode}
2019-09-26 16:05:36,337 [ForkJoinPool.commonPool-worker-0] INFO  server.AbstractConnector (AbstractConnector.java:doStop(318)) - Stopped ServerConnector@646c0a67{HTTP/1.1,[http/1.1]}{0.0.0.0:0}
2019-09-26 16:05:36,339 [ForkJoinPool.commonPool-worker-0] INFO  handler.ContextHandler (ContextHandler.java:doStop(910)) - Stopped o.e.j.s.ServletContextHandler@63c12e52{/static,jar:file:/home/user/.m2/repository/org/apache/hadoop/hadoop-hdds-container-service/0.5.0-SNAPSHOT/hadoop-hdds-container-service-0.5.0-SNAPSHOT.jar!/webapps/static,UNAVAILABLE}
2019-09-26 16:05:36,340 [ForkJoinPool.commonPool-worker-0] INFO  handler.ContextHandler (ContextHandler.java:doStop(910)) - Stopped o.e.j.s.ServletContextHandler@75ae4a1f{/logs,file:///workdir/hadoop-ozone/integration-test/target/log,UNAVAILABLE}
2019-09-26 16:05:37,148 [Datanode State Machine Thread - 0] INFO  statemachine.DatanodeStateMachine (DatanodeStateMachine.java:lambda$startDaemon$0(350)) - Ozone container server started.
2019-09-26 16:05:38,788 [Thread-326] INFO  impl.FollowerState (FollowerState.java:run(106)) - fec3750d-6dc3-4624-a01f-e7799a846917:group-DD5A3C6E8262 changes to CANDIDATE, lastRpcTime:9304, electionTimeout:5140ms
2019-09-26 16:05:38,789 [Thread-326] INFO  impl.RoleInfo (RoleInfo.java:shutdownFollowerState(121)) - fec3750d-6dc3-4624-a01f-e7799a846917: shutdown FollowerState
2019-09-26 16:05:38,789 [Thread-326] INFO  impl.RaftServerImpl (RaftServerImpl.java:setRole(174)) - fec3750d-6dc3-4624-a01f-e7799a846917@group-DD5A3C6E8262: changes role from  FOLLOWER to CANDIDATE at term 2 for changeToCandidate
2019-09-26 16:05:38,789 [Thread-326] INFO  impl.RoleInfo (RoleInfo.java:updateAndGet(143)) - fec3750d-6dc3-4624-a01f-e7799a846917: start LeaderElection
2019-09-26 16:05:38,790 [fec3750d-6dc3-4624-a01f-e7799a846917@group-DD5A3C6E8262:LeaderElection14] INFO  impl.RaftServerImpl (ServerState.java:setLeader(253)) - fec3750d-6dc3-4624-a01f-e7799a846917@group-DD5A3C6E8262: change Leader from 89ab1f74-7e20-414f-8e85-0b96306ed4b0 to null at term 2 for initElection
2019-09-26 16:05:38,806 [fec3750d-6dc3-4624-a01f-e7799a846917@group-DD5A3C6E8262:LeaderElection14] INFO  impl.LeaderElection (LeaderElection.java:askForVotes(182)) - fec3750d-6dc3-4624-a01f-e7799a846917@group-DD5A3C6E8262:LeaderElection14: begin an election at term 3 for 0: [fec3750d-6dc3-4624-a01f-e7799a846917:192.168.157.234:44292, 147c816b-a366-4aae-aa7b-87981ba2da73:192.168.157.234:33171, 89ab1f74-7e20-414f-8e85-0b96306ed4b0:192.168.157.234:36984], old=null
2019-09-26 16:05:38,810 [fec3750d-6dc3-4624-a01f-e7799a846917@group-DD5A3C6E8262:LeaderElection14] INFO  impl.LeaderElection (LogUtils.java:infoOrTrace(149)) - fec3750d-6dc3-4624-a01f-e7799a846917@group-DD5A3C6E8262:LeaderElection14 got exception when requesting votes: {}
java.util.concurrent.ExecutionException: org.apache.ratis.thirdparty.io.grpc.StatusRuntimeException: UNAVAILABLE: io exception
	at java.util.concurrent.FutureTask.report(FutureTask.java:122)
	at java.util.concurrent.FutureTask.get(FutureTask.java:192)
	at org.apache.ratis.server.impl.LeaderElection.waitForResults(LeaderElection.java:263)
	at org.apache.ratis.server.impl.LeaderElection.askForVotes(LeaderElection.java:201)
	at org.apache.ratis.server.impl.LeaderElection.run(LeaderElection.java:133)
	at java.lang.Thread.run(Thread.java:748)
Caused by: org.apache.ratis.thirdparty.io.grpc.StatusRuntimeException: UNAVAILABLE: io exception
	at org.apache.ratis.thirdparty.io.grpc.stub.ClientCalls.toStatusRuntimeException(ClientCalls.java:233)
	at org.apache.ratis.thirdparty.io.grpc.stub.ClientCalls.getUnchecked(ClientCalls.java:214)
	at org.apache.ratis.thirdparty.io.grpc.stub.ClientCalls.blockingUnaryCall(ClientCalls.java:139)
	at org.apache.ratis.proto.grpc.RaftServerProtocolServiceGrpc$RaftServerProtocolServiceBlockingStub.requestVote(RaftServerProtocolServiceGrpc.java:265)
	at org.apache.ratis.grpc.server.GrpcServerProtocolClient.requestVote(GrpcServerProtocolClient.java:90)
	at org.apache.ratis.grpc.server.GrpcService.requestVote(GrpcService.java:204)
	at org.apache.ratis.server.impl.LeaderElection.lambda$submitRequests$1(LeaderElection.java:238)
	at java.util.concurrent.FutureTask.run(FutureTask.java:266)
	at java.util.concurrent.Executors$RunnableAdapter.call(Executors.java:511)
	at java.util.concurrent.FutureTask.run(FutureTask.java:266)
	at java.util.concurrent.ThreadPoolExecutor.runWorker(ThreadPoolExecutor.java:1149)
	at java.util.concurrent.ThreadPoolExecutor$Worker.run(ThreadPoolExecutor.java:624)
	... 1 more
Caused by: org.apache.ratis.thirdparty.io.netty.channel.AbstractChannel$AnnotatedConnectException: Connection refused: /192.168.157.234:36984
	at sun.nio.ch.SocketChannelImpl.checkConnect(Native Method)
	at sun.nio.ch.SocketChannelImpl.finishConnect(SocketChannelImpl.java:717)
	at org.apache.ratis.thirdparty.io.netty.channel.socket.nio.NioSocketChannel.doFinishConnect(NioSocketChannel.java:327)
	at org.apache.ratis.thirdparty.io.netty.channel.nio.AbstractNioChannel$AbstractNioUnsafe.finishConnect(AbstractNioChannel.java:340)
	at org.apache.ratis.thirdparty.io.netty.channel.nio.NioEventLoop.processSelectedKey(NioEventLoop.java:632)
	at org.apache.ratis.thirdparty.io.netty.channel.nio.NioEventLoop.processSelectedKeysOptimized(NioEventLoop.java:579)
	at org.apache.ratis.thirdparty.io.netty.channel.nio.NioEventLoop.processSelectedKeys(NioEventLoop.java:496)
	at org.apache.ratis.thirdparty.io.netty.channel.nio.NioEventLoop.run(NioEventLoop.java:458)
	at org.apache.ratis.thirdparty.io.netty.util.concurrent.SingleThreadEventExecutor$5.run(SingleThreadEventExecutor.java:897)
	at org.apache.ratis.thirdparty.io.netty.util.concurrent.FastThreadLocalRunnable.run(FastThreadLocalRunnable.java:30)
	... 1 more
Caused by: java.net.ConnectException: Connection refused
	... 11 more
2019-09-26 16:05:38,812 [fec3750d-6dc3-4624-a01f-e7799a846917@group-DD5A3C6E8262:LeaderElection14] INFO  impl.LeaderElection (LogUtils.java:infoOrTrace(149)) - fec3750d-6dc3-4624-a01f-e7799a846917@group-DD5A3C6E8262:LeaderElection14 got exception when requesting votes: {}
java.util.concurrent.ExecutionException: org.apache.ratis.thirdparty.io.grpc.StatusRuntimeException: UNAVAILABLE: io exception
	at java.util.concurrent.FutureTask.report(FutureTask.java:122)
	at java.util.concurrent.FutureTask.get(FutureTask.java:192)
	at org.apache.ratis.server.impl.LeaderElection.waitForResults(LeaderElection.java:263)
	at org.apache.ratis.server.impl.LeaderElection.askForVotes(LeaderElection.java:201)
	at org.apache.ratis.server.impl.LeaderElection.run(LeaderElection.java:133)
	at java.lang.Thread.run(Thread.java:748)
Caused by: org.apache.ratis.thirdparty.io.grpc.StatusRuntimeException: UNAVAILABLE: io exception
	at org.apache.ratis.thirdparty.io.grpc.stub.ClientCalls.toStatusRuntimeException(ClientCalls.java:233)
	at org.apache.ratis.thirdparty.io.grpc.stub.ClientCalls.getUnchecked(ClientCalls.java:214)
	at org.apache.ratis.thirdparty.io.grpc.stub.ClientCalls.blockingUnaryCall(ClientCalls.java:139)
	at org.apache.ratis.proto.grpc.RaftServerProtocolServiceGrpc$RaftServerProtocolServiceBlockingStub.requestVote(RaftServerProtocolServiceGrpc.java:265)
	at org.apache.ratis.grpc.server.GrpcServerProtocolClient.requestVote(GrpcServerProtocolClient.java:90)
	at org.apache.ratis.grpc.server.GrpcService.requestVote(GrpcService.java:204)
	at org.apache.ratis.server.impl.LeaderElection.lambda$submitRequests$1(LeaderElection.java:238)
	at java.util.concurrent.FutureTask.run(FutureTask.java:266)
	at java.util.concurrent.Executors$RunnableAdapter.call(Executors.java:511)
	at java.util.concurrent.FutureTask.run(FutureTask.java:266)
	at java.util.concurrent.ThreadPoolExecutor.runWorker(ThreadPoolExecutor.java:1149)
	at java.util.concurrent.ThreadPoolExecutor$Worker.run(ThreadPoolExecutor.java:624)
	... 1 more
Caused by: org.apache.ratis.thirdparty.io.netty.channel.AbstractChannel$AnnotatedConnectException: Connection refused: /192.168.157.234:33171
	at sun.nio.ch.SocketChannelImpl.checkConnect(Native Method)
	at sun.nio.ch.SocketChannelImpl.finishConnect(SocketChannelImpl.java:717)
	at org.apache.ratis.thirdparty.io.netty.channel.socket.nio.NioSocketChannel.doFinishConnect(NioSocketChannel.java:327)
	at org.apache.ratis.thirdparty.io.netty.channel.nio.AbstractNioChannel$AbstractNioUnsafe.finishConnect(AbstractNioChannel.java:340)
	at org.apache.ratis.thirdparty.io.netty.channel.nio.NioEventLoop.processSelectedKey(NioEventLoop.java:632)
	at org.apache.ratis.thirdparty.io.netty.channel.nio.NioEventLoop.processSelectedKeysOptimized(NioEventLoop.java:579)
	at org.apache.ratis.thirdparty.io.netty.channel.nio.NioEventLoop.processSelectedKeys(NioEventLoop.java:496)
	at org.apache.ratis.thirdparty.io.netty.channel.nio.NioEventLoop.run(NioEventLoop.java:458)
	at org.apache.ratis.thirdparty.io.netty.util.concurrent.SingleThreadEventExecutor$5.run(SingleThreadEventExecutor.java:897)
	at org.apache.ratis.thirdparty.io.netty.util.concurrent.FastThreadLocalRunnable.run(FastThreadLocalRunnable.java:30)
	... 1 more
Caused by: java.net.ConnectException: Connection refused
	... 11 more
2019-09-26 16:05:38,814 [fec3750d-6dc3-4624-a01f-e7799a846917@group-DD5A3C6E8262:LeaderElection14] INFO  impl.LeaderElection (LeaderElection.java:logAndReturn(56)) - fec3750d-6dc3-4624-a01f-e7799a846917@group-DD5A3C6E8262:LeaderElection14: Election REJECTED; received 0 response(s) [] and 2 exception(s); fec3750d-6dc3-4624-a01f-e7799a846917@group-DD5A3C6E8262:t3, leader=null, voted=fec3750d-6dc3-4624-a01f-e7799a846917, raftlog=fec3750d-6dc3-4624-a01f-e7799a846917@group-DD5A3C6E8262-SegmentedRaftLog:OPENED:c0,f0,i0, conf=0: [fec3750d-6dc3-4624-a01f-e7799a846917:192.168.157.234:44292, 147c816b-a366-4aae-aa7b-87981ba2da73:192.168.157.234:33171, 89ab1f74-7e20-414f-8e85-0b96306ed4b0:192.168.157.234:36984], old=null
2019-09-26 16:05:38,814 [fec3750d-6dc3-4624-a01f-e7799a846917@group-DD5A3C6E8262:LeaderElection14] INFO  impl.LeaderElection (LogUtils.java:infoOrTrace(149)) -   Exception 0: {}
java.util.concurrent.ExecutionException: org.apache.ratis.thirdparty.io.grpc.StatusRuntimeException: UNAVAILABLE: io exception
	at java.util.concurrent.FutureTask.report(FutureTask.java:122)
	at java.util.concurrent.FutureTask.get(FutureTask.java:192)
	at org.apache.ratis.server.impl.LeaderElection.waitForResults(LeaderElection.java:263)
	at org.apache.ratis.server.impl.LeaderElection.askForVotes(LeaderElection.java:201)
	at org.apache.ratis.server.impl.LeaderElection.run(LeaderElection.java:133)
	at java.lang.Thread.run(Thread.java:748)
Caused by: org.apache.ratis.thirdparty.io.grpc.StatusRuntimeException: UNAVAILABLE: io exception
	at org.apache.ratis.thirdparty.io.grpc.stub.ClientCalls.toStatusRuntimeException(ClientCalls.java:233)
	at org.apache.ratis.thirdparty.io.grpc.stub.ClientCalls.getUnchecked(ClientCalls.java:214)
	at org.apache.ratis.thirdparty.io.grpc.stub.ClientCalls.blockingUnaryCall(ClientCalls.java:139)
	at org.apache.ratis.proto.grpc.RaftServerProtocolServiceGrpc$RaftServerProtocolServiceBlockingStub.requestVote(RaftServerProtocolServiceGrpc.java:265)
	at org.apache.ratis.grpc.server.GrpcServerProtocolClient.requestVote(GrpcServerProtocolClient.java:90)
	at org.apache.ratis.grpc.server.GrpcService.requestVote(GrpcService.java:204)
	at org.apache.ratis.server.impl.LeaderElection.lambda$submitRequests$1(LeaderElection.java:238)
	at java.util.concurrent.FutureTask.run(FutureTask.java:266)
	at java.util.concurrent.Executors$RunnableAdapter.call(Executors.java:511)
	at java.util.concurrent.FutureTask.run(FutureTask.java:266)
	at java.util.concurrent.ThreadPoolExecutor.runWorker(ThreadPoolExecutor.java:1149)
	at java.util.concurrent.ThreadPoolExecutor$Worker.run(ThreadPoolExecutor.java:624)
	... 1 more
Caused by: org.apache.ratis.thirdparty.io.netty.channel.AbstractChannel$AnnotatedConnectException: Connection refused: /192.168.157.234:36984
	at sun.nio.ch.SocketChannelImpl.checkConnect(Native Method)
	at sun.nio.ch.SocketChannelImpl.finishConnect(SocketChannelImpl.java:717)
	at org.apache.ratis.thirdparty.io.netty.channel.socket.nio.NioSocketChannel.doFinishConnect(NioSocketChannel.java:327)
	at org.apache.ratis.thirdparty.io.netty.channel.nio.AbstractNioChannel$AbstractNioUnsafe.finishConnect(AbstractNioChannel.java:340)
	at org.apache.ratis.thirdparty.io.netty.channel.nio.NioEventLoop.processSelectedKey(NioEventLoop.java:632)
	at org.apache.ratis.thirdparty.io.netty.channel.nio.NioEventLoop.processSelectedKeysOptimized(NioEventLoop.java:579)
	at org.apache.ratis.thirdparty.io.netty.channel.nio.NioEventLoop.processSelectedKeys(NioEventLoop.java:496)
	at org.apache.ratis.thirdparty.io.netty.channel.nio.NioEventLoop.run(NioEventLoop.java:458)
	at org.apache.ratis.thirdparty.io.netty.util.concurrent.SingleThreadEventExecutor$5.run(SingleThreadEventExecutor.java:897)
	at org.apache.ratis.thirdparty.io.netty.util.concurrent.FastThreadLocalRunnable.run(FastThreadLocalRunnable.java:30)
	... 1 more
Caused by: java.net.ConnectException: Connection refused
	... 11 more
2019-09-26 16:05:38,814 [fec3750d-6dc3-4624-a01f-e7799a846917@group-DD5A3C6E8262:LeaderElection14] INFO  impl.LeaderElection (LogUtils.java:infoOrTrace(149)) -   Exception 1: {}
java.util.concurrent.ExecutionException: org.apache.ratis.thirdparty.io.grpc.StatusRuntimeException: UNAVAILABLE: io exception
	at java.util.concurrent.FutureTask.report(FutureTask.java:122)
	at java.util.concurrent.FutureTask.get(FutureTask.java:192)
	at org.apache.ratis.server.impl.LeaderElection.waitForResults(LeaderElection.java:263)
	at org.apache.ratis.server.impl.LeaderElection.askForVotes(LeaderElection.java:201)
	at org.apache.ratis.server.impl.LeaderElection.run(LeaderElection.java:133)
	at java.lang.Thread.run(Thread.java:748)
Caused by: org.apache.ratis.thirdparty.io.grpc.StatusRuntimeException: UNAVAILABLE: io exception
	at org.apache.ratis.thirdparty.io.grpc.stub.ClientCalls.toStatusRuntimeException(ClientCalls.java:233)
	at org.apache.ratis.thirdparty.io.grpc.stub.ClientCalls.getUnchecked(ClientCalls.java:214)
	at org.apache.ratis.thirdparty.io.grpc.stub.ClientCalls.blockingUnaryCall(ClientCalls.java:139)
	at org.apache.ratis.proto.grpc.RaftServerProtocolServiceGrpc$RaftServerProtocolServiceBlockingStub.requestVote(RaftServerProtocolServiceGrpc.java:265)
	at org.apache.ratis.grpc.server.GrpcServerProtocolClient.requestVote(GrpcServerProtocolClient.java:90)
	at org.apache.ratis.grpc.server.GrpcService.requestVote(GrpcService.java:204)
	at org.apache.ratis.server.impl.LeaderElection.lambda$submitRequests$1(LeaderElection.java:238)
	at java.util.concurrent.FutureTask.run(FutureTask.java:266)
	at java.util.concurrent.Executors$RunnableAdapter.call(Executors.java:511)
	at java.util.concurrent.FutureTask.run(FutureTask.java:266)
	at java.util.concurrent.ThreadPoolExecutor.runWorker(ThreadPoolExecutor.java:1149)
	at java.util.concurrent.ThreadPoolExecutor$Worker.run(ThreadPoolExecutor.java:624)
	... 1 more
Caused by: org.apache.ratis.thirdparty.io.netty.channel.AbstractChannel$AnnotatedConnectException: Connection refused: /192.168.157.234:33171
	at sun.nio.ch.SocketChannelImpl.checkConnect(Native Method)
	at sun.nio.ch.SocketChannelImpl.finishConnect(SocketChannelImpl.java:717)
	at org.apache.ratis.thirdparty.io.netty.channel.socket.nio.NioSocketChannel.doFinishConnect(NioSocketChannel.java:327)
	at org.apache.ratis.thirdparty.io.netty.channel.nio.AbstractNioChannel$AbstractNioUnsafe.finishConnect(AbstractNioChannel.java:340)
	at org.apache.ratis.thirdparty.io.netty.channel.nio.NioEventLoop.processSelectedKey(NioEventLoop.java:632)
	at org.apache.ratis.thirdparty.io.netty.channel.nio.NioEventLoop.processSelectedKeysOptimized(NioEventLoop.java:579)
	at org.apache.ratis.thirdparty.io.netty.channel.nio.NioEventLoop.processSelectedKeys(NioEventLoop.java:496)
	at org.apache.ratis.thirdparty.io.netty.channel.nio.NioEventLoop.run(NioEventLoop.java:458)
	at org.apache.ratis.thirdparty.io.netty.util.concurrent.SingleThreadEventExecutor$5.run(SingleThreadEventExecutor.java:897)
	at org.apache.ratis.thirdparty.io.netty.util.concurrent.FastThreadLocalRunnable.run(FastThreadLocalRunnable.java:30)
	... 1 more
Caused by: java.net.ConnectException: Connection refused
	... 11 more
2019-09-26 16:05:38,816 [fec3750d-6dc3-4624-a01f-e7799a846917@group-DD5A3C6E8262:LeaderElection14] INFO  impl.RaftServerImpl (RaftServerImpl.java:setRole(174)) - fec3750d-6dc3-4624-a01f-e7799a846917@group-DD5A3C6E8262: changes role from CANDIDATE to FOLLOWER at term 3 for DISCOVERED_A_NEW_TERM
2019-09-26 16:05:38,817 [fec3750d-6dc3-4624-a01f-e7799a846917@group-DD5A3C6E8262:LeaderElection14] INFO  impl.RoleInfo (RoleInfo.java:shutdownLeaderElection(134)) - fec3750d-6dc3-4624-a01f-e7799a846917: shutdown LeaderElection
2019-09-26 16:05:38,817 [fec3750d-6dc3-4624-a01f-e7799a846917@group-DD5A3C6E8262:LeaderElection14] INFO  impl.RoleInfo (RoleInfo.java:updateAndGet(143)) - fec3750d-6dc3-4624-a01f-e7799a846917: start FollowerState
2019-09-26 16:05:41,338 [main] INFO  ozoneimpl.OzoneContainer (OzoneContainer.java:stop(231)) - Attempting to stop container services.
2019-09-26 16:05:41,341 [main] INFO  impl.RaftServerProxy (RaftServerProxy.java:lambda$close$4(314)) - fec3750d-6dc3-4624-a01f-e7799a846917: close
2019-09-26 16:05:41,342 [main] INFO  impl.RaftServerImpl (RaftServerImpl.java:lambda$shutdown$3(251)) - fec3750d-6dc3-4624-a01f-e7799a846917@group-D83952B8E867: shutdown
2019-09-26 16:05:41,342 [ForkJoinPool.commonPool-worker-1] INFO  impl.RaftServerImpl (RaftServerImpl.java:lambda$shutdown$3(251)) - fec3750d-6dc3-4624-a01f-e7799a846917@group-DD5A3C6E8262: shutdown
2019-09-26 16:05:41,342 [main] INFO  util.JmxRegister (JmxRegister.java:unregister(73)) - Successfully un-registered JMX Bean with object name Ratis:service=RaftServer,group=group-D83952B8E867,id=fec3750d-6dc3-4624-a01f-e7799a846917
2019-09-26 16:05:41,342 [ForkJoinPool.commonPool-worker-1] INFO  util.JmxRegister (JmxRegister.java:unregister(73)) - Successfully un-registered JMX Bean with object name Ratis:service=RaftServer,group=group-DD5A3C6E8262,id=fec3750d-6dc3-4624-a01f-e7799a846917
2019-09-26 16:05:41,343 [main] INFO  impl.RoleInfo (RoleInfo.java:shutdownLeaderState(104)) - fec3750d-6dc3-4624-a01f-e7799a846917: shutdown LeaderState
2019-09-26 16:05:41,343 [ForkJoinPool.commonPool-worker-1] INFO  impl.RoleInfo (RoleInfo.java:shutdownFollowerState(121)) - fec3750d-6dc3-4624-a01f-e7799a846917: shutdown FollowerState
2019-09-26 16:05:41,344 [main] INFO  impl.PendingRequests (PendingRequests.java:sendNotLeaderResponses(202)) - fec3750d-6dc3-4624-a01f-e7799a846917-PendingRequests: sendNotLeaderResponses
2019-09-26 16:05:41,344 [Thread-536] INFO  impl.FollowerState (FollowerState.java:run(115)) - fec3750d-6dc3-4624-a01f-e7799a846917: FollowerState was interrupted: java.lang.InterruptedException: sleep interrupted
2019-09-26 16:05:41,344 [ForkJoinPool.commonPool-worker-1] INFO  impl.StateMachineUpdater (StateMachineUpdater.java:stopAndJoin(125)) - fec3750d-6dc3-4624-a01f-e7799a846917@group-DD5A3C6E8262-StateMachineUpdater: set stopIndex = 0
2019-09-26 16:05:41,344 [main] INFO  impl.StateMachineUpdater (StateMachineUpdater.java:stopAndJoin(125)) - fec3750d-6dc3-4624-a01f-e7799a846917@group-D83952B8E867-StateMachineUpdater: set stopIndex = 0
2019-09-26 16:05:41,346 [ForkJoinPool.commonPool-worker-1] INFO  impl.RaftServerImpl (ServerState.java:close(385)) - fec3750d-6dc3-4624-a01f-e7799a846917@group-DD5A3C6E8262: closes. applyIndex: 0
2019-09-26 16:05:41,347 [main] INFO  impl.RaftServerImpl (ServerState.java:close(385)) - fec3750d-6dc3-4624-a01f-e7799a846917@group-D83952B8E867: closes. applyIndex: 0
2019-09-26 16:05:41,348 [fec3750d-6dc3-4624-a01f-e7799a846917@group-DD5A3C6E8262-SegmentedRaftLogWorker] INFO  segmented.SegmentedRaftLogWorker (SegmentedRaftLogWorker.java:run(313)) - fec3750d-6dc3-4624-a01f-e7799a846917@group-DD5A3C6E8262-SegmentedRaftLogWorker was interrupted, exiting. There are 0 tasks remaining in the queue.
2019-09-26 16:05:41,348 [fec3750d-6dc3-4624-a01f-e7799a846917@group-D83952B8E867-SegmentedRaftLogWorker] INFO  segmented.SegmentedRaftLogWorker (SegmentedRaftLogWorker.java:run(313)) - fec3750d-6dc3-4624-a01f-e7799a846917@group-D83952B8E867-SegmentedRaftLogWorker was interrupted, exiting. There are 0 tasks remaining in the queue.
2019-09-26 16:05:41,348 [ForkJoinPool.commonPool-worker-1] INFO  segmented.SegmentedRaftLogWorker (SegmentedRaftLogWorker.java:close(228)) - fec3750d-6dc3-4624-a01f-e7799a846917@group-DD5A3C6E8262-SegmentedRaftLogWorker close()
2019-09-26 16:05:41,348 [main] INFO  segmented.SegmentedRaftLogWorker (SegmentedRaftLogWorker.java:close(228)) - fec3750d-6dc3-4624-a01f-e7799a846917@group-D83952B8E867-SegmentedRaftLogWorker close()
2019-09-26 16:05:41,351 [main] INFO  server.GrpcService (GrpcService.java:closeImpl(164)) - fec3750d-6dc3-4624-a01f-e7799a846917: shutdown server with port 44292 now
2019-09-26 16:05:41,354 [main] INFO  server.GrpcService (GrpcService.java:closeImpl(172)) - fec3750d-6dc3-4624-a01f-e7799a846917: shutdown server with port 44292 successfully
2019-09-26 16:05:41,362 [refreshUsed-/workdir/hadoop-ozone/integration-test/target/test-dir/MiniOzoneClusterImpl-e6b3eac8-f257-4ae4-aa9d-4144be51a25f/datanode-5/data/containers] WARN  fs.CachingGetSpaceUsed (CachingGetSpaceUsed.java:run(183)) - Thread Interrupted waiting to refresh disk information: sleep interrupted
2019-09-26 16:05:41,382 [main] INFO  utils.BackgroundService (BackgroundService.java:shutdown(148)) - Shutting down service BlockDeletingService
2019-09-26 16:05:41,385 [main] INFO  statemachine.DatanodeStateMachine (DatanodeStateMachine.java:stopDaemon(395)) - Ozone container server stopped.
2019-09-26 16:05:41,387 [main] INFO  handler.ContextHandler (ContextHandler.java:doStop(910)) - Stopped o.e.j.w.WebAppContext@7ab34619{/,null,UNAVAILABLE}{/hddsDatanode}
2019-09-26 16:05:41,388 [main] INFO  server.AbstractConnector (AbstractConnector.java:doStop(318)) - Stopped ServerConnector@ae2db25{HTTP/1.1,[http/1.1]}{0.0.0.0:0}
2019-09-26 16:05:41,388 [main] INFO  handler.ContextHandler (ContextHandler.java:doStop(910)) - Stopped o.e.j.s.ServletContextHandler@b887730{/static,jar:file:/home/user/.m2/repository/org/apache/hadoop/hadoop-hdds-container-service/0.5.0-SNAPSHOT/hadoop-hdds-container-service-0.5.0-SNAPSHOT.jar!/webapps/static,UNAVAILABLE}
2019-09-26 16:05:41,389 [main] INFO  handler.ContextHandler (ContextHandler.java:doStop(910)) - Stopped o.e.j.s.ServletContextHandler@181d8899{/logs,file:///workdir/hadoop-ozone/integration-test/target/log,UNAVAILABLE}
2019-09-26 16:05:41,390 [main] INFO  ozone.MiniOzoneClusterImpl (MiniOzoneClusterImpl.java:stopSCM(392)) - Stopping the StorageContainerManager
2019-09-26 16:05:41,390 [main] INFO  server.StorageContainerManager (StorageContainerManager.java:stop(808)) - Stopping Replication Manager Service.
2019-09-26 16:05:41,391 [main] INFO  container.ReplicationManager (ReplicationManager.java:stop(203)) - Stopping Replication Monitor Thread.
2019-09-26 16:05:41,391 [main] INFO  server.StorageContainerManager (StorageContainerManager.java:stop(815)) - Stopping Lease Manager of the command watchers
2019-09-26 16:05:41,392 [main] INFO  server.StorageContainerManager (StorageContainerManager.java:stop(822)) - Stopping datanode service RPC server
2019-09-26 16:05:41,392 [main] INFO  server.SCMDatanodeProtocolServer (SCMDatanodeProtocolServer.java:stop(367)) - Stopping the RPC server for DataNodes
2019-09-26 16:05:41,392 [main] INFO  ipc.Server (Server.java:stop(3082)) - Stopping server on 45277
2019-09-26 16:05:41,395 [IPC Server listener on 45277] INFO  ipc.Server (Server.java:run(1185)) - Stopping IPC Server listener on 45277
2019-09-26 16:05:41,395 [IPC Server Responder] INFO  ipc.Server (Server.java:run(1319)) - Stopping IPC Server Responder
2019-09-26 16:05:41,473 [SCM Heartbeat Processing Thread - 0] WARN  node.NodeStateManager (NodeStateManager.java:scheduleNextHealthCheck(646)) - Current Thread is interrupted, shutting down HB processing thread for Node Manager.
2019-09-26 16:05:41,473 [main] INFO  server.StorageContainerManager (StorageContainerManager.java:stop(830)) - Stopping block service RPC server
2019-09-26 16:05:41,473 [main] INFO  server.SCMBlockProtocolServer (SCMBlockProtocolServer.java:stop(155)) - Stopping the RPC server for Block Protocol
2019-09-26 16:05:41,474 [main] INFO  ipc.Server (Server.java:stop(3082)) - Stopping server on 44266
2019-09-26 16:05:41,476 [IPC Server listener on 44266] INFO  ipc.Server (Server.java:run(1185)) - Stopping IPC Server listener on 44266
2019-09-26 16:05:41,476 [main] INFO  server.StorageContainerManager (StorageContainerManager.java:stop(837)) - Stopping the StorageContainerLocationProtocol RPC server
2019-09-26 16:05:41,476 [IPC Server Responder] INFO  ipc.Server (Server.java:run(1319)) - Stopping IPC Server Responder
2019-09-26 16:05:41,477 [main] INFO  server.SCMClientProtocolServer (SCMClientProtocolServer.java:stop(159)) - Stopping the RPC server for Client Protocol
2019-09-26 16:05:41,477 [main] INFO  ipc.Server (Server.java:stop(3082)) - Stopping server on 37192
2019-09-26 16:05:41,480 [IPC Server listener on 37192] INFO  ipc.Server (Server.java:run(1185)) - Stopping IPC Server listener on 37192
2019-09-26 16:05:41,480 [main] INFO  server.StorageContainerManager (StorageContainerManager.java:stop(844)) - Stopping Storage Container Manager HTTP server.
2019-09-26 16:05:41,480 [IPC Server Responder] INFO  ipc.Server (Server.java:run(1319)) - Stopping IPC Server Responder
2019-09-26 16:05:41,481 [main] INFO  handler.ContextHandler (ContextHandler.java:doStop(910)) - Stopped o.e.j.w.WebAppContext@db44aa2{/,null,UNAVAILABLE}{/scm}
2019-09-26 16:05:41,482 [main] INFO  server.AbstractConnector (AbstractConnector.java:doStop(318)) - Stopped ServerConnector@59a67c3a{HTTP/1.1,[http/1.1]}{0.0.0.0:0}
2019-09-26 16:05:41,483 [main] INFO  handler.ContextHandler (ContextHandler.java:doStop(910)) - Stopped o.e.j.s.ServletContextHandler@260e86a1{/static,file:///workdir/hadoop-ozone/integration-test/target/test-classes/webapps/static,UNAVAILABLE}
2019-09-26 16:05:41,483 [main] INFO  handler.ContextHandler (ContextHandler.java:doStop(910)) - Stopped o.e.j.s.ServletContextHandler@4aa83f4f{/logs,file:///workdir/hadoop-ozone/integration-test/target/log,UNAVAILABLE}
2019-09-26 16:05:41,484 [main] INFO  server.StorageContainerManager (StorageContainerManager.java:stop(855)) - Stopping Block Manager Service.
2019-09-26 16:05:41,484 [main] INFO  utils.BackgroundService (BackgroundService.java:shutdown(148)) - Shutting down service SCMBlockDeletingService
2019-09-26 16:05:41,485 [main] INFO  utils.BackgroundService (BackgroundService.java:shutdown(148)) - Shutting down service SCMBlockDeletingService
2019-09-26 16:05:41,486 [main] INFO  server.StorageContainerManager (StorageContainerManager.java:stop(877)) - Stopping SCM Event Queue.
2019-09-26 16:05:41,496 [main] INFO  impl.MetricsSystemImpl (MetricsSystemImpl.java:stop(210)) - Stopping ratis metrics system...
2019-09-26 16:05:41,507 [prometheus] INFO  impl.MetricsSinkAdapter (MetricsSinkAdapter.java:publishMetricsFromQueue(141)) - prometheus thread interrupted.
2019-09-26 16:05:41,507 [main] INFO  impl.MetricsSystemImpl (MetricsSystemImpl.java:stop(216)) - ratis metrics system stopped.
]]></system-out>
    <system-err><![CDATA[ERROR StatusLogger No Log4j 2 configuration file found. Using default configuration (logging only errors to the console), or user programmatically provided configurations. Set system property 'log4j2.debug' to show Log4j 2 internal initialization logging. See https://logging.apache.org/log4j/2.x/manual/configuration.html for instructions on how to configure Log4j 2
]]></system-err>
  </testcase>
  <testcase name="testMaxRetriesByOzoneClient" classname="org.apache.hadoop.ozone.client.rpc.TestOzoneClientRetriesOnException" time="137.327">
    <error message="Connection refused" type="java.net.ConnectException"><![CDATA[java.net.ConnectException: Connection refused
	at sun.nio.ch.SocketChannelImpl.checkConnect(Native Method)
	at sun.nio.ch.SocketChannelImpl.finishConnect(SocketChannelImpl.java:717)
	at org.apache.hadoop.net.SocketIOWithTimeout.connect(SocketIOWithTimeout.java:206)
	at org.apache.hadoop.net.NetUtils.connect(NetUtils.java:531)
	at org.apache.hadoop.ipc.Client$Connection.setupConnection(Client.java:690)
	at org.apache.hadoop.ipc.Client$Connection.setupIOstreams(Client.java:794)
	at org.apache.hadoop.ipc.Client$Connection.access$3700(Client.java:411)
	at org.apache.hadoop.ipc.Client.getConnection(Client.java:1572)
	at org.apache.hadoop.ipc.Client.call(Client.java:1403)
	at org.apache.hadoop.ipc.Client.call(Client.java:1367)
	at org.apache.hadoop.ipc.ProtobufRpcEngine$Invoker.invoke(ProtobufRpcEngine.java:228)
	at org.apache.hadoop.ipc.ProtobufRpcEngine$Invoker.invoke(ProtobufRpcEngine.java:116)
	at com.sun.proxy.$Proxy36.submitRequest(Unknown Source)
	at sun.reflect.GeneratedMethodAccessor23.invoke(Unknown Source)
	at sun.reflect.DelegatingMethodAccessorImpl.invoke(DelegatingMethodAccessorImpl.java:43)
	at java.lang.reflect.Method.invoke(Method.java:498)
	at org.apache.hadoop.io.retry.RetryInvocationHandler.invokeMethod(RetryInvocationHandler.java:422)
	at org.apache.hadoop.io.retry.RetryInvocationHandler$Call.invokeMethod(RetryInvocationHandler.java:165)
	at org.apache.hadoop.io.retry.RetryInvocationHandler$Call.invoke(RetryInvocationHandler.java:157)
	at org.apache.hadoop.io.retry.RetryInvocationHandler$Call.invokeOnce(RetryInvocationHandler.java:95)
	at org.apache.hadoop.io.retry.RetryInvocationHandler.invoke(RetryInvocationHandler.java:359)
	at com.sun.proxy.$Proxy36.submitRequest(Unknown Source)
	at org.apache.hadoop.ozone.om.protocolPB.OzoneManagerProtocolClientSideTranslatorPB.submitRequest(OzoneManagerProtocolClientSideTranslatorPB.java:338)
	at org.apache.hadoop.ozone.om.protocolPB.OzoneManagerProtocolClientSideTranslatorPB.getServiceInfo(OzoneManagerProtocolClientSideTranslatorPB.java:1223)
	at sun.reflect.NativeMethodAccessorImpl.invoke0(Native Method)
	at sun.reflect.NativeMethodAccessorImpl.invoke(NativeMethodAccessorImpl.java:62)
	at sun.reflect.DelegatingMethodAccessorImpl.invoke(DelegatingMethodAccessorImpl.java:43)
	at java.lang.reflect.Method.invoke(Method.java:498)
	at org.apache.hadoop.hdds.tracing.TraceAllMethod.invoke(TraceAllMethod.java:66)
	at com.sun.proxy.$Proxy37.getServiceInfo(Unknown Source)
	at org.apache.hadoop.ozone.client.rpc.RpcClient.<init>(RpcClient.java:154)
	at org.apache.hadoop.ozone.client.OzoneClientFactory.getClientProtocol(OzoneClientFactory.java:256)
	at org.apache.hadoop.ozone.client.OzoneClientFactory.getClientProtocol(OzoneClientFactory.java:239)
	at org.apache.hadoop.ozone.client.OzoneClientFactory.getClient(OzoneClientFactory.java:75)
	at org.apache.hadoop.ozone.client.rpc.TestOzoneClientRetriesOnException.init(TestOzoneClientRetriesOnException.java:102)
	at sun.reflect.NativeMethodAccessorImpl.invoke0(Native Method)
	at sun.reflect.NativeMethodAccessorImpl.invoke(NativeMethodAccessorImpl.java:62)
	at sun.reflect.DelegatingMethodAccessorImpl.invoke(DelegatingMethodAccessorImpl.java:43)
	at java.lang.reflect.Method.invoke(Method.java:498)
	at org.junit.runners.model.FrameworkMethod$1.runReflectiveCall(FrameworkMethod.java:47)
	at org.junit.internal.runners.model.ReflectiveCallable.run(ReflectiveCallable.java:12)
	at org.junit.runners.model.FrameworkMethod.invokeExplosively(FrameworkMethod.java:44)
	at org.junit.internal.runners.statements.RunBefores.evaluate(RunBefores.java:24)
	at org.junit.internal.runners.statements.RunAfters.evaluate(RunAfters.java:27)
	at org.junit.runners.ParentRunner.runLeaf(ParentRunner.java:271)
	at org.junit.runners.BlockJUnit4ClassRunner.runChild(BlockJUnit4ClassRunner.java:70)
	at org.junit.runners.BlockJUnit4ClassRunner.runChild(BlockJUnit4ClassRunner.java:50)
	at org.junit.runners.ParentRunner$3.run(ParentRunner.java:238)
	at org.junit.runners.ParentRunner$1.schedule(ParentRunner.java:63)
	at org.junit.runners.ParentRunner.runChildren(ParentRunner.java:236)
	at org.junit.runners.ParentRunner.access$000(ParentRunner.java:53)
	at org.junit.runners.ParentRunner$2.evaluate(ParentRunner.java:229)
	at org.junit.runners.ParentRunner.run(ParentRunner.java:309)
	at org.apache.maven.surefire.junit4.JUnit4Provider.execute(JUnit4Provider.java:365)
	at org.apache.maven.surefire.junit4.JUnit4Provider.executeWithRerun(JUnit4Provider.java:273)
	at org.apache.maven.surefire.junit4.JUnit4Provider.executeTestSet(JUnit4Provider.java:238)
	at org.apache.maven.surefire.junit4.JUnit4Provider.invoke(JUnit4Provider.java:159)
	at org.apache.maven.surefire.booter.ForkedBooter.invokeProviderInSameClassLoader(ForkedBooter.java:384)
	at org.apache.maven.surefire.booter.ForkedBooter.runSuitesInProcess(ForkedBooter.java:345)
	at org.apache.maven.surefire.booter.ForkedBooter.execute(ForkedBooter.java:126)
	at org.apache.maven.surefire.booter.ForkedBooter.main(ForkedBooter.java:418)
]]></error>
    <system-out><![CDATA[2019-09-26 16:05:41,582 [main] WARN  server.ServerUtils (ServerUtils.java:getScmDbDir(145)) - ozone.scm.db.dirs is not configured. We recommend adding this setting. Falling back to ozone.metadata.dirs instead.
2019-09-26 16:05:41,598 [main] WARN  server.ServerUtils (ServerUtils.java:getScmDbDir(145)) - ozone.scm.db.dirs is not configured. We recommend adding this setting. Falling back to ozone.metadata.dirs instead.
2019-09-26 16:05:41,598 [main] WARN  server.ServerUtils (ServerUtils.java:getScmDbDir(145)) - ozone.scm.db.dirs is not configured. We recommend adding this setting. Falling back to ozone.metadata.dirs instead.
2019-09-26 16:05:41,599 [main] INFO  db.DBStoreBuilder (DBStoreBuilder.java:addTable(110)) - using custom profile for table: deletedBlocks
2019-09-26 16:05:41,599 [main] INFO  db.DBStoreBuilder (DBStoreBuilder.java:processTables(161)) - Using default column profile:DBProfile.DISK for Table:deletedBlocks
2019-09-26 16:05:41,599 [main] INFO  db.DBStoreBuilder (DBStoreBuilder.java:addTable(110)) - using custom profile for table: validCerts
2019-09-26 16:05:41,599 [main] INFO  db.DBStoreBuilder (DBStoreBuilder.java:processTables(161)) - Using default column profile:DBProfile.DISK for Table:validCerts
2019-09-26 16:05:41,600 [main] INFO  db.DBStoreBuilder (DBStoreBuilder.java:addTable(110)) - using custom profile for table: revokedCerts
2019-09-26 16:05:41,600 [main] INFO  db.DBStoreBuilder (DBStoreBuilder.java:processTables(161)) - Using default column profile:DBProfile.DISK for Table:revokedCerts
2019-09-26 16:05:41,600 [main] INFO  db.DBStoreBuilder (DBStoreBuilder.java:addTable(110)) - using custom profile for table: default
2019-09-26 16:05:41,600 [main] INFO  db.DBStoreBuilder (DBStoreBuilder.java:processTables(167)) - Using default column profile:DBProfile.DISK for Table:default
2019-09-26 16:05:41,600 [main] INFO  db.DBStoreBuilder (DBStoreBuilder.java:getDbProfile(198)) - Using default options. DBProfile.DISK
2019-09-26 16:05:41,753 [main] INFO  net.NodeSchemaLoader (NodeSchemaLoader.java:loadSchemaFromFile(125)) - Loading file from sun.misc.CompoundEnumeration@470d183
2019-09-26 16:05:41,754 [main] INFO  net.NodeSchemaLoader (NodeSchemaLoader.java:loadSchema(171)) - Loading network topology layer schema file
2019-09-26 16:05:41,759 [main] WARN  server.ServerUtils (ServerUtils.java:sanitizeUserArgs(70)) - ozone.scm.stale.node.interval value = 300000 is larger than max = 100000 based on the key value of ozone.scm.heartbeat.thread.interval, reset to the max value 100000.
2019-09-26 16:05:41,759 [main] WARN  server.ServerUtils (ServerUtils.java:sanitizeUserArgs(70)) - ozone.scm.stale.node.interval value = 300000 is larger than max = 100000 based on the key value of ozone.scm.heartbeat.thread.interval, reset to the max value 100000.
2019-09-26 16:05:41,760 [main] INFO  node.SCMNodeManager (SCMNodeManager.java:<init>(114)) - Entering startup safe mode.
2019-09-26 16:05:41,761 [main] INFO  algorithms.ContainerPlacementPolicyFactory (ContainerPlacementPolicyFactory.java:getPolicy(57)) - Create container placement policy of type org.apache.hadoop.hdds.scm.container.placement.algorithms.SCMContainerPlacementRandom
2019-09-26 16:05:41,761 [main] WARN  server.ServerUtils (ServerUtils.java:getScmDbDir(145)) - ozone.scm.db.dirs is not configured. We recommend adding this setting. Falling back to ozone.metadata.dirs instead.
2019-09-26 16:05:41,810 [main] INFO  pipeline.SCMPipelineManager (SCMPipelineManager.java:initializePipelineState(132)) - No pipeline exists in current db
2019-09-26 16:05:41,811 [main] WARN  server.ServerUtils (ServerUtils.java:getScmDbDir(145)) - ozone.scm.db.dirs is not configured. We recommend adding this setting. Falling back to ozone.metadata.dirs instead.
2019-09-26 16:05:41,905 [main] WARN  events.EventQueue (EventQueue.java:fireEvent(183)) - No event handler registered for event TypedEvent{payloadType=SafeModeStatus, name='SafeModeStatus'}
2019-09-26 16:05:41,907 [main] INFO  ipc.CallQueueManager (CallQueueManager.java:<init>(84)) - Using callQueue: class java.util.concurrent.LinkedBlockingQueue, queueCapacity: 2000, scheduler: class org.apache.hadoop.ipc.DefaultRpcScheduler, ipcBackoff: false.
2019-09-26 16:05:41,908 [Socket Reader #1 for port 35621] INFO  ipc.Server (Server.java:run(1074)) - Starting Socket Reader #1 for port 35621
2019-09-26 16:05:41,911 [main] INFO  ipc.CallQueueManager (CallQueueManager.java:<init>(84)) - Using callQueue: class java.util.concurrent.LinkedBlockingQueue, queueCapacity: 2000, scheduler: class org.apache.hadoop.ipc.DefaultRpcScheduler, ipcBackoff: false.
2019-09-26 16:05:41,912 [Socket Reader #1 for port 35361] INFO  ipc.Server (Server.java:run(1074)) - Starting Socket Reader #1 for port 35361
2019-09-26 16:05:41,914 [main] INFO  ipc.CallQueueManager (CallQueueManager.java:<init>(84)) - Using callQueue: class java.util.concurrent.LinkedBlockingQueue, queueCapacity: 2000, scheduler: class org.apache.hadoop.ipc.DefaultRpcScheduler, ipcBackoff: false.
2019-09-26 16:05:41,915 [Socket Reader #1 for port 40086] INFO  ipc.Server (Server.java:run(1074)) - Starting Socket Reader #1 for port 40086
2019-09-26 16:05:41,918 [main] INFO  hdfs.DFSUtil (DFSUtil.java:httpServerTemplateForNNAndJN(1641)) - Starting Web-server for scm at: http://0.0.0.0:0
2019-09-26 16:05:41,921 [main] INFO  server.AuthenticationFilter (AuthenticationFilter.java:constructSecretProvider(240)) - Unable to initialize FileSignerSecretProvider, falling back to use random secrets.
2019-09-26 16:05:41,922 [main] WARN  http.HttpRequestLog (HttpRequestLog.java:getRequestLog(97)) - Jetty request log can only be enabled using Log4j
2019-09-26 16:05:41,925 [main] INFO  http.HttpServer2 (HttpServer2.java:addGlobalFilter(975)) - Added global filter 'safety' (class=org.apache.hadoop.http.HttpServer2$QuotingInputFilter)
2019-09-26 16:05:41,926 [main] INFO  http.HttpServer2 (HttpServer2.java:addFilter(948)) - Added filter static_user_filter (class=org.apache.hadoop.http.lib.StaticUserWebFilter$StaticUserFilter) to context scm
2019-09-26 16:05:41,926 [main] INFO  http.HttpServer2 (HttpServer2.java:addFilter(958)) - Added filter static_user_filter (class=org.apache.hadoop.http.lib.StaticUserWebFilter$StaticUserFilter) to context logs
2019-09-26 16:05:41,926 [main] INFO  http.HttpServer2 (HttpServer2.java:addFilter(958)) - Added filter static_user_filter (class=org.apache.hadoop.http.lib.StaticUserWebFilter$StaticUserFilter) to context static
2019-09-26 16:05:41,929 [main] INFO  server.StorageContainerManager (StorageContainerManager.java:start(770)) - StorageContainerLocationProtocol RPC server is listening at /0.0.0.0:40086
2019-09-26 16:05:41,932 [main] WARN  impl.MetricsConfig (MetricsConfig.java:loadFirst(134)) - Cannot locate configuration: tried hadoop-metrics2-storagecontainermanager.properties,hadoop-metrics2.properties
2019-09-26 16:05:41,934 [main] INFO  impl.MetricsSystemImpl (MetricsSystemImpl.java:startTimer(374)) - Scheduled Metric snapshot period at 10 second(s).
2019-09-26 16:05:41,934 [main] INFO  impl.MetricsSystemImpl (MetricsSystemImpl.java:start(191)) - StorageContainerManager metrics system started
2019-09-26 16:05:41,986 [main] WARN  impl.MetricsSystemImpl (MetricsSystemImpl.java:register(276)) - Sink prometheus already exists!
2019-09-26 16:05:41,990 [main] INFO  server.SCMClientProtocolServer (SCMClientProtocolServer.java:start(151)) - RPC server for Client  is listening at /0.0.0.0:40086
2019-09-26 16:05:41,991 [IPC Server Responder] INFO  ipc.Server (Server.java:run(1314)) - IPC Server Responder: starting
2019-09-26 16:05:41,991 [IPC Server listener on 40086] INFO  ipc.Server (Server.java:run(1153)) - IPC Server listener on 40086: starting
2019-09-26 16:05:41,996 [main] INFO  server.StorageContainerManager (StorageContainerManager.java:start(780)) - ScmBlockLocationProtocol RPC server is listening at /0.0.0.0:35361
2019-09-26 16:05:41,996 [main] INFO  server.SCMBlockProtocolServer (SCMBlockProtocolServer.java:start(146)) - RPC server for Block Protocol is listening at /0.0.0.0:35361
2019-09-26 16:05:41,997 [IPC Server Responder] INFO  ipc.Server (Server.java:run(1314)) - IPC Server Responder: starting
2019-09-26 16:05:41,997 [IPC Server listener on 35361] INFO  ipc.Server (Server.java:run(1153)) - IPC Server listener on 35361: starting
2019-09-26 16:05:42,002 [main] INFO  server.StorageContainerManager (StorageContainerManager.java:start(784)) - ScmDatanodeProtocl RPC server is listening at /0.0.0.0:35621
2019-09-26 16:05:42,002 [main] INFO  server.SCMDatanodeProtocolServer (SCMDatanodeProtocolServer.java:start(191)) - RPC server for DataNodes is listening at /0.0.0.0:35621
2019-09-26 16:05:42,002 [IPC Server Responder] INFO  ipc.Server (Server.java:run(1314)) - IPC Server Responder: starting
2019-09-26 16:05:42,003 [IPC Server listener on 35621] INFO  ipc.Server (Server.java:run(1153)) - IPC Server listener on 35621: starting
2019-09-26 16:05:42,007 [main] INFO  http.HttpServer2 (HttpServer2.java:bindListener(1191)) - Jetty bound to port 44181
2019-09-26 16:05:42,007 [main] INFO  server.Server (Server.java:doStart(351)) - jetty-9.3.25.v20180904, build timestamp: 2018-09-04T21:11:46Z, git hash: 3ce520221d0240229c862b122d2b06c12a625732
2019-09-26 16:05:42,010 [main] INFO  handler.ContextHandler (ContextHandler.java:doStart(781)) - Started o.e.j.s.ServletContextHandler@97a145b{/logs,file:///workdir/hadoop-ozone/integration-test/target/log,AVAILABLE}
2019-09-26 16:05:42,011 [main] INFO  handler.ContextHandler (ContextHandler.java:doStart(781)) - Started o.e.j.s.ServletContextHandler@157ec23b{/static,file:///workdir/hadoop-ozone/integration-test/target/test-classes/webapps/static,AVAILABLE}
2019-09-26 16:05:42,017 [main] INFO  handler.ContextHandler (ContextHandler.java:doStart(781)) - Started o.e.j.w.WebAppContext@575b5f7d{/,file:///workdir/hadoop-ozone/integration-test/target/test-classes/webapps/scm/,AVAILABLE}{/scm}
2019-09-26 16:05:42,018 [main] INFO  server.AbstractConnector (AbstractConnector.java:doStart(278)) - Started ServerConnector@59bbb974{HTTP/1.1,[http/1.1]}{0.0.0.0:44181}
2019-09-26 16:05:42,019 [main] INFO  server.Server (Server.java:doStart(419)) - Started @142027ms
2019-09-26 16:05:42,019 [main] WARN  impl.MetricsSystemImpl (MetricsSystemImpl.java:register(276)) - Sink prometheus already exists!
2019-09-26 16:05:42,020 [main] INFO  server.BaseHttpServer (BaseHttpServer.java:updateConnectorAddress(215)) - HTTP server of SCM is listening at http://0.0.0.0:44181
2019-09-26 16:05:42,020 [main] WARN  server.ServerUtils (ServerUtils.java:getDBPath(222)) - ozone.om.db.dirs is not configured. We recommend adding this setting. Falling back to ozone.metadata.dirs instead.
2019-09-26 16:05:42,021 [org.apache.hadoop.util.JvmPauseMonitor$Monitor@12f49ca8] INFO  util.JvmPauseMonitor (JvmPauseMonitor.java:run(188)) - Starting JVM pause monitor
2019-09-26 16:05:42,036 [main] INFO  ha.OMHANodeDetails (OMHANodeDetails.java:loadOMHAConfig(194)) - Configuration either no ozone.om.address set. Falling back to the default OM address /127.0.0.1:0
2019-09-26 16:05:42,037 [main] INFO  ha.OMHANodeDetails (OMHANodeDetails.java:getOMNodeDetails(224)) - OM Service ID is not set. Setting it to the default ID: omServiceIdDefault
2019-09-26 16:05:42,037 [main] WARN  server.ServerUtils (ServerUtils.java:getDBPath(222)) - ozone.om.db.dirs is not configured. We recommend adding this setting. Falling back to ozone.metadata.dirs instead.
2019-09-26 16:05:42,038 [main] WARN  server.ServerUtils (ServerUtils.java:getDBPath(222)) - ozone.om.db.dirs is not configured. We recommend adding this setting. Falling back to ozone.metadata.dirs instead.
2019-09-26 16:05:42,050 [main] WARN  server.ServerUtils (ServerUtils.java:getDBPath(222)) - ozone.om.db.dirs is not configured. We recommend adding this setting. Falling back to ozone.metadata.dirs instead.
2019-09-26 16:05:42,051 [main] INFO  db.DBStoreBuilder (DBStoreBuilder.java:addTable(110)) - using custom profile for table: userTable
2019-09-26 16:05:42,051 [main] INFO  db.DBStoreBuilder (DBStoreBuilder.java:processTables(161)) - Using default column profile:DBProfile.DISK for Table:userTable
2019-09-26 16:05:42,051 [main] INFO  db.DBStoreBuilder (DBStoreBuilder.java:addTable(110)) - using custom profile for table: volumeTable
2019-09-26 16:05:42,052 [main] INFO  db.DBStoreBuilder (DBStoreBuilder.java:processTables(161)) - Using default column profile:DBProfile.DISK for Table:volumeTable
2019-09-26 16:05:42,052 [main] INFO  db.DBStoreBuilder (DBStoreBuilder.java:addTable(110)) - using custom profile for table: bucketTable
2019-09-26 16:05:42,052 [main] INFO  db.DBStoreBuilder (DBStoreBuilder.java:processTables(161)) - Using default column profile:DBProfile.DISK for Table:bucketTable
2019-09-26 16:05:42,053 [main] INFO  db.DBStoreBuilder (DBStoreBuilder.java:addTable(110)) - using custom profile for table: keyTable
2019-09-26 16:05:42,053 [main] INFO  db.DBStoreBuilder (DBStoreBuilder.java:processTables(161)) - Using default column profile:DBProfile.DISK for Table:keyTable
2019-09-26 16:05:42,053 [main] INFO  db.DBStoreBuilder (DBStoreBuilder.java:addTable(110)) - using custom profile for table: deletedTable
2019-09-26 16:05:42,053 [main] INFO  db.DBStoreBuilder (DBStoreBuilder.java:processTables(161)) - Using default column profile:DBProfile.DISK for Table:deletedTable
2019-09-26 16:05:42,054 [main] INFO  db.DBStoreBuilder (DBStoreBuilder.java:addTable(110)) - using custom profile for table: openKeyTable
2019-09-26 16:05:42,054 [main] INFO  db.DBStoreBuilder (DBStoreBuilder.java:processTables(161)) - Using default column profile:DBProfile.DISK for Table:openKeyTable
2019-09-26 16:05:42,054 [main] INFO  db.DBStoreBuilder (DBStoreBuilder.java:addTable(110)) - using custom profile for table: s3Table
2019-09-26 16:05:42,054 [main] INFO  db.DBStoreBuilder (DBStoreBuilder.java:processTables(161)) - Using default column profile:DBProfile.DISK for Table:s3Table
2019-09-26 16:05:42,055 [main] INFO  db.DBStoreBuilder (DBStoreBuilder.java:addTable(110)) - using custom profile for table: multipartInfoTable
2019-09-26 16:05:42,055 [main] INFO  db.DBStoreBuilder (DBStoreBuilder.java:processTables(161)) - Using default column profile:DBProfile.DISK for Table:multipartInfoTable
2019-09-26 16:05:42,055 [main] INFO  db.DBStoreBuilder (DBStoreBuilder.java:addTable(110)) - using custom profile for table: dTokenTable
2019-09-26 16:05:42,055 [main] INFO  db.DBStoreBuilder (DBStoreBuilder.java:processTables(161)) - Using default column profile:DBProfile.DISK for Table:dTokenTable
2019-09-26 16:05:42,056 [main] INFO  db.DBStoreBuilder (DBStoreBuilder.java:addTable(110)) - using custom profile for table: s3SecretTable
2019-09-26 16:05:42,056 [main] INFO  db.DBStoreBuilder (DBStoreBuilder.java:processTables(161)) - Using default column profile:DBProfile.DISK for Table:s3SecretTable
2019-09-26 16:05:42,056 [main] INFO  db.DBStoreBuilder (DBStoreBuilder.java:addTable(110)) - using custom profile for table: prefixTable
2019-09-26 16:05:42,056 [main] INFO  db.DBStoreBuilder (DBStoreBuilder.java:processTables(161)) - Using default column profile:DBProfile.DISK for Table:prefixTable
2019-09-26 16:05:42,057 [main] INFO  db.DBStoreBuilder (DBStoreBuilder.java:addTable(110)) - using custom profile for table: default
2019-09-26 16:05:42,057 [main] INFO  db.DBStoreBuilder (DBStoreBuilder.java:processTables(167)) - Using default column profile:DBProfile.DISK for Table:default
2019-09-26 16:05:42,057 [main] INFO  db.DBStoreBuilder (DBStoreBuilder.java:getDbProfile(198)) - Using default options. DBProfile.DISK
2019-09-26 16:05:42,628 [main] INFO  ipc.CallQueueManager (CallQueueManager.java:<init>(84)) - Using callQueue: class java.util.concurrent.LinkedBlockingQueue, queueCapacity: 2000, scheduler: class org.apache.hadoop.ipc.DefaultRpcScheduler, ipcBackoff: false.
2019-09-26 16:05:42,629 [Socket Reader #1 for port 42929] INFO  ipc.Server (Server.java:run(1074)) - Starting Socket Reader #1 for port 42929
2019-09-26 16:05:42,650 [main] INFO  om.OzoneManager (OzoneManager.java:start(1069)) - OzoneManager RPC server is listening at localhost/127.0.0.1:42929
2019-09-26 16:05:42,650 [main] INFO  impl.MetricsSystemImpl (MetricsSystemImpl.java:init(158)) - OzoneManager metrics system started (again)
2019-09-26 16:05:42,651 [IPC Server Responder] INFO  ipc.Server (Server.java:run(1314)) - IPC Server Responder: starting
2019-09-26 16:05:42,651 [IPC Server listener on 42929] INFO  ipc.Server (Server.java:run(1153)) - IPC Server listener on 42929: starting
2019-09-26 16:05:42,658 [main] INFO  hdfs.DFSUtil (DFSUtil.java:httpServerTemplateForNNAndJN(1641)) - Starting Web-server for ozoneManager at: http://0.0.0.0:0
2019-09-26 16:05:42,660 [main] INFO  server.AuthenticationFilter (AuthenticationFilter.java:constructSecretProvider(240)) - Unable to initialize FileSignerSecretProvider, falling back to use random secrets.
2019-09-26 16:05:42,660 [main] WARN  http.HttpRequestLog (HttpRequestLog.java:getRequestLog(97)) - Jetty request log can only be enabled using Log4j
2019-09-26 16:05:42,662 [main] INFO  http.HttpServer2 (HttpServer2.java:addGlobalFilter(975)) - Added global filter 'safety' (class=org.apache.hadoop.http.HttpServer2$QuotingInputFilter)
2019-09-26 16:05:42,663 [main] INFO  http.HttpServer2 (HttpServer2.java:addFilter(948)) - Added filter static_user_filter (class=org.apache.hadoop.http.lib.StaticUserWebFilter$StaticUserFilter) to context ozoneManager
2019-09-26 16:05:42,663 [main] INFO  http.HttpServer2 (HttpServer2.java:addFilter(958)) - Added filter static_user_filter (class=org.apache.hadoop.http.lib.StaticUserWebFilter$StaticUserFilter) to context logs
2019-09-26 16:05:42,663 [main] INFO  http.HttpServer2 (HttpServer2.java:addFilter(958)) - Added filter static_user_filter (class=org.apache.hadoop.http.lib.StaticUserWebFilter$StaticUserFilter) to context static
2019-09-26 16:05:42,664 [main] INFO  http.HttpServer2 (HttpServer2.java:bindListener(1191)) - Jetty bound to port 39484
2019-09-26 16:05:42,664 [main] INFO  server.Server (Server.java:doStart(351)) - jetty-9.3.25.v20180904, build timestamp: 2018-09-04T21:11:46Z, git hash: 3ce520221d0240229c862b122d2b06c12a625732
2019-09-26 16:05:42,666 [main] INFO  handler.ContextHandler (ContextHandler.java:doStart(781)) - Started o.e.j.s.ServletContextHandler@56382bc9{/logs,file:///workdir/hadoop-ozone/integration-test/target/log,AVAILABLE}
2019-09-26 16:05:42,667 [main] INFO  handler.ContextHandler (ContextHandler.java:doStart(781)) - Started o.e.j.s.ServletContextHandler@53ed80d3{/static,file:///workdir/hadoop-ozone/integration-test/target/test-classes/webapps/static,AVAILABLE}
2019-09-26 16:05:42,672 [main] INFO  handler.ContextHandler (ContextHandler.java:doStart(781)) - Started o.e.j.w.WebAppContext@7c0777b5{/,file:///workdir/hadoop-ozone/integration-test/target/test-classes/webapps/ozoneManager/,AVAILABLE}{/ozoneManager}
2019-09-26 16:05:42,673 [main] INFO  server.AbstractConnector (AbstractConnector.java:doStart(278)) - Started ServerConnector@2489e84a{HTTP/1.1,[http/1.1]}{0.0.0.0:39484}
2019-09-26 16:05:42,674 [main] INFO  server.Server (Server.java:doStart(419)) - Started @142682ms
2019-09-26 16:05:42,674 [main] WARN  impl.MetricsSystemImpl (MetricsSystemImpl.java:register(276)) - Sink prometheus already exists!
2019-09-26 16:05:42,675 [main] INFO  server.BaseHttpServer (BaseHttpServer.java:updateConnectorAddress(215)) - HTTP server of OZONEMANAGER is listening at http://0.0.0.0:39484
2019-09-26 16:05:42,694 [main] INFO  impl.MetricsSystemImpl (MetricsSystemImpl.java:init(158)) - HddsDatanode metrics system started (again)
2019-09-26 16:05:42,696 [main] INFO  ozone.HddsDatanodeService (HddsDatanodeService.java:start(184)) - HddsDatanodeService host:pr-hdds-2162-htzpk-1451759861 ip:192.168.157.234
2019-09-26 16:05:42,702 [main] INFO  volume.HddsVolume (HddsVolume.java:<init>(176)) - Creating Volume: /workdir/hadoop-ozone/integration-test/target/test-dir/MiniOzoneClusterImpl-af67ac00-e673-4dc0-88ca-7b49334fe824/datanode-0/data/containers/hdds of  storage type : DISK and capacity : 1482555576320
2019-09-26 16:05:42,703 [main] INFO  volume.VolumeSet (VolumeSet.java:initializeVolumeSet(170)) - Added Volume : /workdir/hadoop-ozone/integration-test/target/test-dir/MiniOzoneClusterImpl-af67ac00-e673-4dc0-88ca-7b49334fe824/datanode-0/data/containers/hdds to VolumeSet
2019-09-26 16:05:42,703 [main] INFO  volume.ThrottledAsyncChecker (ThrottledAsyncChecker.java:schedule(139)) - Scheduling a check for org.apache.hadoop.ozone.container.common.volume.HddsVolume@7fc420b8
2019-09-26 16:05:42,703 [main] INFO  volume.HddsVolumeChecker (HddsVolumeChecker.java:checkAllVolumes(202)) - Scheduled health check for volume org.apache.hadoop.ozone.container.common.volume.HddsVolume@7fc420b8
2019-09-26 16:05:42,717 [main] INFO  impl.RaftServerProxy (ConfUtils.java:logGet(43)) - raft.rpc.type = GRPC (default)
2019-09-26 16:05:42,717 [main] INFO  grpc.GrpcFactory (GrpcFactory.java:checkPooledByteBufAllocatorUseCacheForAllThreads(45)) - PERFORMANCE WARNING: useCacheForAllThreads is true that may cause Netty to create a lot garbage objects and, as a result, trigger GC.
	It is recommended to disable useCacheForAllThreads by setting -Dorg.apache.ratis.thirdparty.io.netty.allocator.useCacheForAllThreads=false in command line.
2019-09-26 16:05:42,718 [main] INFO  grpc.GrpcConfigKeys$Server (ConfUtils.java:logGet(43)) - raft.grpc.server.port = 0 (default)
2019-09-26 16:05:42,718 [main] INFO  server.GrpcService (ConfUtils.java:logGet(43)) - raft.grpc.message.size.max = 33570816 (custom)
2019-09-26 16:05:42,718 [main] INFO  server.RaftServerConfigKeys (ConfUtils.java:logGet(43)) - raft.server.log.appender.buffer.byte-limit = 33554432 (custom)
2019-09-26 16:05:42,718 [main] INFO  server.GrpcService (ConfUtils.java:logGet(43)) - raft.grpc.flow.control.window = 1MB (=1048576) (default)
2019-09-26 16:05:42,719 [main] INFO  server.RaftServerConfigKeys (ConfUtils.java:logGet(43)) - raft.server.rpc.request.timeout = 3000ms (default)
2019-09-26 16:05:42,719 [main] INFO  server.RaftServerConfigKeys (ConfUtils.java:logGet(43)) - raft.server.storage.dir = [/workdir/hadoop-ozone/integration-test/target/test-dir/MiniOzoneClusterImpl-af67ac00-e673-4dc0-88ca-7b49334fe824/datanode-0/data/ratis] (custom)
2019-09-26 16:05:42,721 [main] INFO  hdfs.DFSUtil (DFSUtil.java:httpServerTemplateForNNAndJN(1641)) - Starting Web-server for hddsDatanode at: http://0.0.0.0:0
2019-09-26 16:05:42,722 [main] INFO  server.AuthenticationFilter (AuthenticationFilter.java:constructSecretProvider(240)) - Unable to initialize FileSignerSecretProvider, falling back to use random secrets.
2019-09-26 16:05:42,722 [main] WARN  http.HttpRequestLog (HttpRequestLog.java:getRequestLog(97)) - Jetty request log can only be enabled using Log4j
2019-09-26 16:05:42,724 [main] INFO  http.HttpServer2 (HttpServer2.java:addGlobalFilter(975)) - Added global filter 'safety' (class=org.apache.hadoop.http.HttpServer2$QuotingInputFilter)
2019-09-26 16:05:42,724 [main] INFO  http.HttpServer2 (HttpServer2.java:addFilter(948)) - Added filter static_user_filter (class=org.apache.hadoop.http.lib.StaticUserWebFilter$StaticUserFilter) to context hddsDatanode
2019-09-26 16:05:42,724 [main] INFO  http.HttpServer2 (HttpServer2.java:addFilter(958)) - Added filter static_user_filter (class=org.apache.hadoop.http.lib.StaticUserWebFilter$StaticUserFilter) to context logs
2019-09-26 16:05:42,725 [main] INFO  http.HttpServer2 (HttpServer2.java:addFilter(958)) - Added filter static_user_filter (class=org.apache.hadoop.http.lib.StaticUserWebFilter$StaticUserFilter) to context static
2019-09-26 16:05:42,726 [main] INFO  http.HttpServer2 (HttpServer2.java:bindListener(1191)) - Jetty bound to port 40878
2019-09-26 16:05:42,726 [main] INFO  server.Server (Server.java:doStart(351)) - jetty-9.3.25.v20180904, build timestamp: 2018-09-04T21:11:46Z, git hash: 3ce520221d0240229c862b122d2b06c12a625732
2019-09-26 16:05:42,728 [main] INFO  handler.ContextHandler (ContextHandler.java:doStart(781)) - Started o.e.j.s.ServletContextHandler@2b2954e1{/logs,file:///workdir/hadoop-ozone/integration-test/target/log,AVAILABLE}
2019-09-26 16:05:42,728 [main] INFO  handler.ContextHandler (ContextHandler.java:doStart(781)) - Started o.e.j.s.ServletContextHandler@751ae8a4{/static,jar:file:/home/user/.m2/repository/org/apache/hadoop/hadoop-hdds-container-service/0.5.0-SNAPSHOT/hadoop-hdds-container-service-0.5.0-SNAPSHOT.jar!/webapps/static,AVAILABLE}
2019-09-26 16:05:42,757 [main] INFO  handler.ContextHandler (ContextHandler.java:doStart(781)) - Started o.e.j.w.WebAppContext@7650ded6{/,file:///tmp/jetty-0.0.0.0-40878-hddsDatanode-_-any-1079979089828475347.dir/webapp/,AVAILABLE}{/hddsDatanode}
2019-09-26 16:05:42,757 [main] INFO  server.AbstractConnector (AbstractConnector.java:doStart(278)) - Started ServerConnector@5034f5dd{HTTP/1.1,[http/1.1]}{0.0.0.0:40878}
2019-09-26 16:05:42,759 [main] INFO  server.Server (Server.java:doStart(419)) - Started @142767ms
2019-09-26 16:05:42,759 [main] WARN  impl.MetricsSystemImpl (MetricsSystemImpl.java:register(276)) - Sink prometheus already exists!
2019-09-26 16:05:42,760 [main] INFO  server.BaseHttpServer (BaseHttpServer.java:updateConnectorAddress(215)) - HTTP server of HDDSDATANODE is listening at http://0.0.0.0:40878
2019-09-26 16:05:42,760 [main] INFO  impl.MetricsSystemImpl (MetricsSystemImpl.java:init(158)) - HddsDatanode metrics system started (again)
2019-09-26 16:05:42,763 [main] INFO  ozone.HddsDatanodeService (HddsDatanodeService.java:start(184)) - HddsDatanodeService host:pr-hdds-2162-htzpk-1451759861 ip:192.168.157.234
2019-09-26 16:05:42,763 [org.apache.hadoop.util.JvmPauseMonitor$Monitor@39dd6399] INFO  util.JvmPauseMonitor (JvmPauseMonitor.java:run(188)) - Starting JVM pause monitor
2019-09-26 16:05:42,766 [Datanode State Machine Thread - 0] INFO  datanode.InitDatanodeState (InitDatanodeState.java:persistContainerDatanodeDetails(140)) - DatanodeDetails is persisted to /workdir/hadoop-ozone/integration-test/target/test-dir/MiniOzoneClusterImpl-af67ac00-e673-4dc0-88ca-7b49334fe824/datanode-0/meta/datanode.id
2019-09-26 16:05:42,769 [main] INFO  volume.HddsVolume (HddsVolume.java:<init>(176)) - Creating Volume: /workdir/hadoop-ozone/integration-test/target/test-dir/MiniOzoneClusterImpl-af67ac00-e673-4dc0-88ca-7b49334fe824/datanode-1/data/containers/hdds of  storage type : DISK and capacity : 1482555576320
2019-09-26 16:05:42,769 [main] INFO  volume.VolumeSet (VolumeSet.java:initializeVolumeSet(170)) - Added Volume : /workdir/hadoop-ozone/integration-test/target/test-dir/MiniOzoneClusterImpl-af67ac00-e673-4dc0-88ca-7b49334fe824/datanode-1/data/containers/hdds to VolumeSet
2019-09-26 16:05:42,770 [main] INFO  volume.ThrottledAsyncChecker (ThrottledAsyncChecker.java:schedule(139)) - Scheduling a check for org.apache.hadoop.ozone.container.common.volume.HddsVolume@1084f78c
2019-09-26 16:05:42,770 [main] INFO  volume.HddsVolumeChecker (HddsVolumeChecker.java:checkAllVolumes(202)) - Scheduled health check for volume org.apache.hadoop.ozone.container.common.volume.HddsVolume@1084f78c
2019-09-26 16:05:42,782 [main] INFO  impl.RaftServerProxy (ConfUtils.java:logGet(43)) - raft.rpc.type = GRPC (default)
2019-09-26 16:05:42,782 [main] INFO  grpc.GrpcFactory (GrpcFactory.java:checkPooledByteBufAllocatorUseCacheForAllThreads(45)) - PERFORMANCE WARNING: useCacheForAllThreads is true that may cause Netty to create a lot garbage objects and, as a result, trigger GC.
	It is recommended to disable useCacheForAllThreads by setting -Dorg.apache.ratis.thirdparty.io.netty.allocator.useCacheForAllThreads=false in command line.
2019-09-26 16:05:42,782 [main] INFO  grpc.GrpcConfigKeys$Server (ConfUtils.java:logGet(43)) - raft.grpc.server.port = 0 (default)
2019-09-26 16:05:42,782 [main] INFO  server.GrpcService (ConfUtils.java:logGet(43)) - raft.grpc.message.size.max = 33570816 (custom)
2019-09-26 16:05:42,783 [main] INFO  server.RaftServerConfigKeys (ConfUtils.java:logGet(43)) - raft.server.log.appender.buffer.byte-limit = 33554432 (custom)
2019-09-26 16:05:42,783 [main] INFO  server.GrpcService (ConfUtils.java:logGet(43)) - raft.grpc.flow.control.window = 1MB (=1048576) (default)
2019-09-26 16:05:42,783 [main] INFO  server.RaftServerConfigKeys (ConfUtils.java:logGet(43)) - raft.server.rpc.request.timeout = 3000ms (default)
2019-09-26 16:05:42,784 [main] INFO  server.RaftServerConfigKeys (ConfUtils.java:logGet(43)) - raft.server.storage.dir = [/workdir/hadoop-ozone/integration-test/target/test-dir/MiniOzoneClusterImpl-af67ac00-e673-4dc0-88ca-7b49334fe824/datanode-1/data/ratis] (custom)
2019-09-26 16:05:42,785 [main] INFO  hdfs.DFSUtil (DFSUtil.java:httpServerTemplateForNNAndJN(1641)) - Starting Web-server for hddsDatanode at: http://0.0.0.0:0
2019-09-26 16:05:42,786 [main] INFO  server.AuthenticationFilter (AuthenticationFilter.java:constructSecretProvider(240)) - Unable to initialize FileSignerSecretProvider, falling back to use random secrets.
2019-09-26 16:05:42,786 [main] WARN  http.HttpRequestLog (HttpRequestLog.java:getRequestLog(97)) - Jetty request log can only be enabled using Log4j
2019-09-26 16:05:42,788 [main] INFO  http.HttpServer2 (HttpServer2.java:addGlobalFilter(975)) - Added global filter 'safety' (class=org.apache.hadoop.http.HttpServer2$QuotingInputFilter)
2019-09-26 16:05:42,789 [main] INFO  http.HttpServer2 (HttpServer2.java:addFilter(948)) - Added filter static_user_filter (class=org.apache.hadoop.http.lib.StaticUserWebFilter$StaticUserFilter) to context hddsDatanode
2019-09-26 16:05:42,789 [main] INFO  http.HttpServer2 (HttpServer2.java:addFilter(958)) - Added filter static_user_filter (class=org.apache.hadoop.http.lib.StaticUserWebFilter$StaticUserFilter) to context logs
2019-09-26 16:05:42,789 [main] INFO  http.HttpServer2 (HttpServer2.java:addFilter(958)) - Added filter static_user_filter (class=org.apache.hadoop.http.lib.StaticUserWebFilter$StaticUserFilter) to context static
2019-09-26 16:05:42,790 [main] INFO  http.HttpServer2 (HttpServer2.java:bindListener(1191)) - Jetty bound to port 37938
2019-09-26 16:05:42,790 [main] INFO  server.Server (Server.java:doStart(351)) - jetty-9.3.25.v20180904, build timestamp: 2018-09-04T21:11:46Z, git hash: 3ce520221d0240229c862b122d2b06c12a625732
2019-09-26 16:05:42,792 [main] INFO  handler.ContextHandler (ContextHandler.java:doStart(781)) - Started o.e.j.s.ServletContextHandler@6a9cd0f8{/logs,file:///workdir/hadoop-ozone/integration-test/target/log,AVAILABLE}
2019-09-26 16:05:42,793 [main] INFO  handler.ContextHandler (ContextHandler.java:doStart(781)) - Started o.e.j.s.ServletContextHandler@7be2f29a{/static,jar:file:/home/user/.m2/repository/org/apache/hadoop/hadoop-hdds-container-service/0.5.0-SNAPSHOT/hadoop-hdds-container-service-0.5.0-SNAPSHOT.jar!/webapps/static,AVAILABLE}
2019-09-26 16:05:42,822 [main] INFO  handler.ContextHandler (ContextHandler.java:doStart(781)) - Started o.e.j.w.WebAppContext@42cc183e{/,file:///tmp/jetty-0.0.0.0-37938-hddsDatanode-_-any-3824772139923485678.dir/webapp/,AVAILABLE}{/hddsDatanode}
2019-09-26 16:05:42,822 [main] INFO  server.AbstractConnector (AbstractConnector.java:doStart(278)) - Started ServerConnector@3e4e8fdf{HTTP/1.1,[http/1.1]}{0.0.0.0:37938}
2019-09-26 16:05:42,823 [main] INFO  server.Server (Server.java:doStart(419)) - Started @142831ms
2019-09-26 16:05:42,823 [main] WARN  impl.MetricsSystemImpl (MetricsSystemImpl.java:register(276)) - Sink prometheus already exists!
2019-09-26 16:05:42,824 [main] INFO  server.BaseHttpServer (BaseHttpServer.java:updateConnectorAddress(215)) - HTTP server of HDDSDATANODE is listening at http://0.0.0.0:37938
2019-09-26 16:05:42,824 [main] INFO  impl.MetricsSystemImpl (MetricsSystemImpl.java:init(158)) - HddsDatanode metrics system started (again)
2019-09-26 16:05:42,828 [org.apache.hadoop.util.JvmPauseMonitor$Monitor@4e396b4f] INFO  util.JvmPauseMonitor (JvmPauseMonitor.java:run(188)) - Starting JVM pause monitor
2019-09-26 16:05:42,828 [main] INFO  ozone.HddsDatanodeService (HddsDatanodeService.java:start(184)) - HddsDatanodeService host:pr-hdds-2162-htzpk-1451759861 ip:192.168.157.234
2019-09-26 16:05:42,830 [Datanode State Machine Thread - 0] INFO  datanode.InitDatanodeState (InitDatanodeState.java:persistContainerDatanodeDetails(140)) - DatanodeDetails is persisted to /workdir/hadoop-ozone/integration-test/target/test-dir/MiniOzoneClusterImpl-af67ac00-e673-4dc0-88ca-7b49334fe824/datanode-1/meta/datanode.id
2019-09-26 16:05:42,834 [main] INFO  volume.HddsVolume (HddsVolume.java:<init>(176)) - Creating Volume: /workdir/hadoop-ozone/integration-test/target/test-dir/MiniOzoneClusterImpl-af67ac00-e673-4dc0-88ca-7b49334fe824/datanode-2/data/containers/hdds of  storage type : DISK and capacity : 1482555576320
2019-09-26 16:05:42,834 [main] INFO  volume.VolumeSet (VolumeSet.java:initializeVolumeSet(170)) - Added Volume : /workdir/hadoop-ozone/integration-test/target/test-dir/MiniOzoneClusterImpl-af67ac00-e673-4dc0-88ca-7b49334fe824/datanode-2/data/containers/hdds to VolumeSet
2019-09-26 16:05:42,835 [main] INFO  volume.ThrottledAsyncChecker (ThrottledAsyncChecker.java:schedule(139)) - Scheduling a check for org.apache.hadoop.ozone.container.common.volume.HddsVolume@590f0c50
2019-09-26 16:05:42,835 [main] INFO  volume.HddsVolumeChecker (HddsVolumeChecker.java:checkAllVolumes(202)) - Scheduled health check for volume org.apache.hadoop.ozone.container.common.volume.HddsVolume@590f0c50
2019-09-26 16:05:42,853 [main] INFO  impl.RaftServerProxy (ConfUtils.java:logGet(43)) - raft.rpc.type = GRPC (default)
2019-09-26 16:05:42,853 [main] INFO  grpc.GrpcFactory (GrpcFactory.java:checkPooledByteBufAllocatorUseCacheForAllThreads(45)) - PERFORMANCE WARNING: useCacheForAllThreads is true that may cause Netty to create a lot garbage objects and, as a result, trigger GC.
	It is recommended to disable useCacheForAllThreads by setting -Dorg.apache.ratis.thirdparty.io.netty.allocator.useCacheForAllThreads=false in command line.
2019-09-26 16:05:42,853 [main] INFO  grpc.GrpcConfigKeys$Server (ConfUtils.java:logGet(43)) - raft.grpc.server.port = 0 (default)
2019-09-26 16:05:42,853 [main] INFO  server.GrpcService (ConfUtils.java:logGet(43)) - raft.grpc.message.size.max = 33570816 (custom)
2019-09-26 16:05:42,854 [main] INFO  server.RaftServerConfigKeys (ConfUtils.java:logGet(43)) - raft.server.log.appender.buffer.byte-limit = 33554432 (custom)
2019-09-26 16:05:42,854 [main] INFO  server.GrpcService (ConfUtils.java:logGet(43)) - raft.grpc.flow.control.window = 1MB (=1048576) (default)
2019-09-26 16:05:42,854 [main] INFO  server.RaftServerConfigKeys (ConfUtils.java:logGet(43)) - raft.server.rpc.request.timeout = 3000ms (default)
2019-09-26 16:05:42,855 [main] INFO  server.RaftServerConfigKeys (ConfUtils.java:logGet(43)) - raft.server.storage.dir = [/workdir/hadoop-ozone/integration-test/target/test-dir/MiniOzoneClusterImpl-af67ac00-e673-4dc0-88ca-7b49334fe824/datanode-2/data/ratis] (custom)
2019-09-26 16:05:42,856 [main] INFO  hdfs.DFSUtil (DFSUtil.java:httpServerTemplateForNNAndJN(1641)) - Starting Web-server for hddsDatanode at: http://0.0.0.0:0
2019-09-26 16:05:42,857 [main] INFO  server.AuthenticationFilter (AuthenticationFilter.java:constructSecretProvider(240)) - Unable to initialize FileSignerSecretProvider, falling back to use random secrets.
2019-09-26 16:05:42,858 [main] WARN  http.HttpRequestLog (HttpRequestLog.java:getRequestLog(97)) - Jetty request log can only be enabled using Log4j
2019-09-26 16:05:42,859 [main] INFO  http.HttpServer2 (HttpServer2.java:addGlobalFilter(975)) - Added global filter 'safety' (class=org.apache.hadoop.http.HttpServer2$QuotingInputFilter)
2019-09-26 16:05:42,859 [main] INFO  http.HttpServer2 (HttpServer2.java:addFilter(948)) - Added filter static_user_filter (class=org.apache.hadoop.http.lib.StaticUserWebFilter$StaticUserFilter) to context hddsDatanode
2019-09-26 16:05:42,859 [main] INFO  http.HttpServer2 (HttpServer2.java:addFilter(958)) - Added filter static_user_filter (class=org.apache.hadoop.http.lib.StaticUserWebFilter$StaticUserFilter) to context logs
2019-09-26 16:05:42,860 [main] INFO  http.HttpServer2 (HttpServer2.java:addFilter(958)) - Added filter static_user_filter (class=org.apache.hadoop.http.lib.StaticUserWebFilter$StaticUserFilter) to context static
2019-09-26 16:05:42,860 [main] INFO  http.HttpServer2 (HttpServer2.java:bindListener(1191)) - Jetty bound to port 39708
2019-09-26 16:05:42,860 [main] INFO  server.Server (Server.java:doStart(351)) - jetty-9.3.25.v20180904, build timestamp: 2018-09-04T21:11:46Z, git hash: 3ce520221d0240229c862b122d2b06c12a625732
2019-09-26 16:05:42,862 [main] INFO  handler.ContextHandler (ContextHandler.java:doStart(781)) - Started o.e.j.s.ServletContextHandler@949c598{/logs,file:///workdir/hadoop-ozone/integration-test/target/log,AVAILABLE}
2019-09-26 16:05:42,863 [main] INFO  handler.ContextHandler (ContextHandler.java:doStart(781)) - Started o.e.j.s.ServletContextHandler@6bfaa0a6{/static,jar:file:/home/user/.m2/repository/org/apache/hadoop/hadoop-hdds-container-service/0.5.0-SNAPSHOT/hadoop-hdds-container-service-0.5.0-SNAPSHOT.jar!/webapps/static,AVAILABLE}
2019-09-26 16:05:42,890 [main] INFO  handler.ContextHandler (ContextHandler.java:doStart(781)) - Started o.e.j.w.WebAppContext@49a6f486{/,file:///tmp/jetty-0.0.0.0-39708-hddsDatanode-_-any-1872411409110993414.dir/webapp/,AVAILABLE}{/hddsDatanode}
2019-09-26 16:05:42,891 [main] INFO  server.AbstractConnector (AbstractConnector.java:doStart(278)) - Started ServerConnector@14fded9d{HTTP/1.1,[http/1.1]}{0.0.0.0:39708}
2019-09-26 16:05:42,892 [main] INFO  server.Server (Server.java:doStart(419)) - Started @142900ms
2019-09-26 16:05:42,892 [main] WARN  impl.MetricsSystemImpl (MetricsSystemImpl.java:register(276)) - Sink prometheus already exists!
2019-09-26 16:05:42,893 [main] INFO  server.BaseHttpServer (BaseHttpServer.java:updateConnectorAddress(215)) - HTTP server of HDDSDATANODE is listening at http://0.0.0.0:39708
2019-09-26 16:05:42,893 [main] INFO  impl.MetricsSystemImpl (MetricsSystemImpl.java:init(158)) - HddsDatanode metrics system started (again)
2019-09-26 16:05:42,897 [main] INFO  ozone.HddsDatanodeService (HddsDatanodeService.java:start(184)) - HddsDatanodeService host:pr-hdds-2162-htzpk-1451759861 ip:192.168.157.234
2019-09-26 16:05:42,897 [org.apache.hadoop.util.JvmPauseMonitor$Monitor@2273394] INFO  util.JvmPauseMonitor (JvmPauseMonitor.java:run(188)) - Starting JVM pause monitor
2019-09-26 16:05:42,900 [Datanode State Machine Thread - 0] INFO  datanode.InitDatanodeState (InitDatanodeState.java:persistContainerDatanodeDetails(140)) - DatanodeDetails is persisted to /workdir/hadoop-ozone/integration-test/target/test-dir/MiniOzoneClusterImpl-af67ac00-e673-4dc0-88ca-7b49334fe824/datanode-2/meta/datanode.id
2019-09-26 16:05:42,903 [main] INFO  volume.HddsVolume (HddsVolume.java:<init>(176)) - Creating Volume: /workdir/hadoop-ozone/integration-test/target/test-dir/MiniOzoneClusterImpl-af67ac00-e673-4dc0-88ca-7b49334fe824/datanode-3/data/containers/hdds of  storage type : DISK and capacity : 1482555576320
2019-09-26 16:05:42,903 [main] INFO  volume.VolumeSet (VolumeSet.java:initializeVolumeSet(170)) - Added Volume : /workdir/hadoop-ozone/integration-test/target/test-dir/MiniOzoneClusterImpl-af67ac00-e673-4dc0-88ca-7b49334fe824/datanode-3/data/containers/hdds to VolumeSet
2019-09-26 16:05:42,903 [main] INFO  volume.ThrottledAsyncChecker (ThrottledAsyncChecker.java:schedule(139)) - Scheduling a check for org.apache.hadoop.ozone.container.common.volume.HddsVolume@2b0e9f30
2019-09-26 16:05:42,904 [main] INFO  volume.HddsVolumeChecker (HddsVolumeChecker.java:checkAllVolumes(202)) - Scheduled health check for volume org.apache.hadoop.ozone.container.common.volume.HddsVolume@2b0e9f30
2019-09-26 16:05:42,917 [main] INFO  impl.RaftServerProxy (ConfUtils.java:logGet(43)) - raft.rpc.type = GRPC (default)
2019-09-26 16:05:42,917 [main] INFO  grpc.GrpcFactory (GrpcFactory.java:checkPooledByteBufAllocatorUseCacheForAllThreads(45)) - PERFORMANCE WARNING: useCacheForAllThreads is true that may cause Netty to create a lot garbage objects and, as a result, trigger GC.
	It is recommended to disable useCacheForAllThreads by setting -Dorg.apache.ratis.thirdparty.io.netty.allocator.useCacheForAllThreads=false in command line.
2019-09-26 16:05:42,917 [main] INFO  grpc.GrpcConfigKeys$Server (ConfUtils.java:logGet(43)) - raft.grpc.server.port = 0 (default)
2019-09-26 16:05:42,917 [main] INFO  server.GrpcService (ConfUtils.java:logGet(43)) - raft.grpc.message.size.max = 33570816 (custom)
2019-09-26 16:05:42,918 [main] INFO  server.RaftServerConfigKeys (ConfUtils.java:logGet(43)) - raft.server.log.appender.buffer.byte-limit = 33554432 (custom)
2019-09-26 16:05:42,918 [main] INFO  server.GrpcService (ConfUtils.java:logGet(43)) - raft.grpc.flow.control.window = 1MB (=1048576) (default)
2019-09-26 16:05:42,918 [main] INFO  server.RaftServerConfigKeys (ConfUtils.java:logGet(43)) - raft.server.rpc.request.timeout = 3000ms (default)
2019-09-26 16:05:42,918 [main] INFO  server.RaftServerConfigKeys (ConfUtils.java:logGet(43)) - raft.server.storage.dir = [/workdir/hadoop-ozone/integration-test/target/test-dir/MiniOzoneClusterImpl-af67ac00-e673-4dc0-88ca-7b49334fe824/datanode-3/data/ratis] (custom)
2019-09-26 16:05:42,920 [main] INFO  hdfs.DFSUtil (DFSUtil.java:httpServerTemplateForNNAndJN(1641)) - Starting Web-server for hddsDatanode at: http://0.0.0.0:0
2019-09-26 16:05:42,921 [main] INFO  server.AuthenticationFilter (AuthenticationFilter.java:constructSecretProvider(240)) - Unable to initialize FileSignerSecretProvider, falling back to use random secrets.
2019-09-26 16:05:42,921 [main] WARN  http.HttpRequestLog (HttpRequestLog.java:getRequestLog(97)) - Jetty request log can only be enabled using Log4j
2019-09-26 16:05:42,922 [main] INFO  http.HttpServer2 (HttpServer2.java:addGlobalFilter(975)) - Added global filter 'safety' (class=org.apache.hadoop.http.HttpServer2$QuotingInputFilter)
2019-09-26 16:05:42,923 [main] INFO  http.HttpServer2 (HttpServer2.java:addFilter(948)) - Added filter static_user_filter (class=org.apache.hadoop.http.lib.StaticUserWebFilter$StaticUserFilter) to context hddsDatanode
2019-09-26 16:05:42,923 [main] INFO  http.HttpServer2 (HttpServer2.java:addFilter(958)) - Added filter static_user_filter (class=org.apache.hadoop.http.lib.StaticUserWebFilter$StaticUserFilter) to context logs
2019-09-26 16:05:42,923 [main] INFO  http.HttpServer2 (HttpServer2.java:addFilter(958)) - Added filter static_user_filter (class=org.apache.hadoop.http.lib.StaticUserWebFilter$StaticUserFilter) to context static
2019-09-26 16:05:42,924 [main] INFO  http.HttpServer2 (HttpServer2.java:bindListener(1191)) - Jetty bound to port 35830
2019-09-26 16:05:42,924 [main] INFO  server.Server (Server.java:doStart(351)) - jetty-9.3.25.v20180904, build timestamp: 2018-09-04T21:11:46Z, git hash: 3ce520221d0240229c862b122d2b06c12a625732
2019-09-26 16:05:42,925 [main] INFO  handler.ContextHandler (ContextHandler.java:doStart(781)) - Started o.e.j.s.ServletContextHandler@49e4c2d5{/logs,file:///workdir/hadoop-ozone/integration-test/target/log,AVAILABLE}
2019-09-26 16:05:42,926 [main] INFO  handler.ContextHandler (ContextHandler.java:doStart(781)) - Started o.e.j.s.ServletContextHandler@3e36b7a0{/static,jar:file:/home/user/.m2/repository/org/apache/hadoop/hadoop-hdds-container-service/0.5.0-SNAPSHOT/hadoop-hdds-container-service-0.5.0-SNAPSHOT.jar!/webapps/static,AVAILABLE}
2019-09-26 16:05:42,954 [main] INFO  handler.ContextHandler (ContextHandler.java:doStart(781)) - Started o.e.j.w.WebAppContext@2db2a05f{/,file:///tmp/jetty-0.0.0.0-35830-hddsDatanode-_-any-7447391298628096027.dir/webapp/,AVAILABLE}{/hddsDatanode}
2019-09-26 16:05:42,954 [main] INFO  server.AbstractConnector (AbstractConnector.java:doStart(278)) - Started ServerConnector@695c938d{HTTP/1.1,[http/1.1]}{0.0.0.0:35830}
2019-09-26 16:05:42,956 [main] INFO  server.Server (Server.java:doStart(419)) - Started @142964ms
2019-09-26 16:05:42,956 [main] WARN  impl.MetricsSystemImpl (MetricsSystemImpl.java:register(276)) - Sink prometheus already exists!
2019-09-26 16:05:42,956 [main] INFO  server.BaseHttpServer (BaseHttpServer.java:updateConnectorAddress(215)) - HTTP server of HDDSDATANODE is listening at http://0.0.0.0:35830
2019-09-26 16:05:42,957 [main] INFO  impl.MetricsSystemImpl (MetricsSystemImpl.java:init(158)) - HddsDatanode metrics system started (again)
2019-09-26 16:05:42,961 [main] INFO  ozone.HddsDatanodeService (HddsDatanodeService.java:start(184)) - HddsDatanodeService host:pr-hdds-2162-htzpk-1451759861 ip:192.168.157.234
2019-09-26 16:05:42,961 [org.apache.hadoop.util.JvmPauseMonitor$Monitor@1ca6f6be] INFO  util.JvmPauseMonitor (JvmPauseMonitor.java:run(188)) - Starting JVM pause monitor
2019-09-26 16:05:42,963 [Datanode State Machine Thread - 0] INFO  datanode.InitDatanodeState (InitDatanodeState.java:persistContainerDatanodeDetails(140)) - DatanodeDetails is persisted to /workdir/hadoop-ozone/integration-test/target/test-dir/MiniOzoneClusterImpl-af67ac00-e673-4dc0-88ca-7b49334fe824/datanode-3/meta/datanode.id
2019-09-26 16:05:42,966 [main] INFO  volume.HddsVolume (HddsVolume.java:<init>(176)) - Creating Volume: /workdir/hadoop-ozone/integration-test/target/test-dir/MiniOzoneClusterImpl-af67ac00-e673-4dc0-88ca-7b49334fe824/datanode-4/data/containers/hdds of  storage type : DISK and capacity : 1482555576320
2019-09-26 16:05:42,967 [main] INFO  volume.VolumeSet (VolumeSet.java:initializeVolumeSet(170)) - Added Volume : /workdir/hadoop-ozone/integration-test/target/test-dir/MiniOzoneClusterImpl-af67ac00-e673-4dc0-88ca-7b49334fe824/datanode-4/data/containers/hdds to VolumeSet
2019-09-26 16:05:42,967 [main] INFO  volume.ThrottledAsyncChecker (ThrottledAsyncChecker.java:schedule(139)) - Scheduling a check for org.apache.hadoop.ozone.container.common.volume.HddsVolume@12b5736c
2019-09-26 16:05:42,967 [main] INFO  volume.HddsVolumeChecker (HddsVolumeChecker.java:checkAllVolumes(202)) - Scheduled health check for volume org.apache.hadoop.ozone.container.common.volume.HddsVolume@12b5736c
2019-09-26 16:05:42,982 [main] INFO  impl.RaftServerProxy (ConfUtils.java:logGet(43)) - raft.rpc.type = GRPC (default)
2019-09-26 16:05:42,982 [main] INFO  grpc.GrpcFactory (GrpcFactory.java:checkPooledByteBufAllocatorUseCacheForAllThreads(45)) - PERFORMANCE WARNING: useCacheForAllThreads is true that may cause Netty to create a lot garbage objects and, as a result, trigger GC.
	It is recommended to disable useCacheForAllThreads by setting -Dorg.apache.ratis.thirdparty.io.netty.allocator.useCacheForAllThreads=false in command line.
2019-09-26 16:05:42,982 [main] INFO  grpc.GrpcConfigKeys$Server (ConfUtils.java:logGet(43)) - raft.grpc.server.port = 0 (default)
2019-09-26 16:05:42,983 [main] INFO  server.GrpcService (ConfUtils.java:logGet(43)) - raft.grpc.message.size.max = 33570816 (custom)
2019-09-26 16:05:42,983 [main] INFO  server.RaftServerConfigKeys (ConfUtils.java:logGet(43)) - raft.server.log.appender.buffer.byte-limit = 33554432 (custom)
2019-09-26 16:05:42,983 [main] INFO  server.GrpcService (ConfUtils.java:logGet(43)) - raft.grpc.flow.control.window = 1MB (=1048576) (default)
2019-09-26 16:05:42,983 [main] INFO  server.RaftServerConfigKeys (ConfUtils.java:logGet(43)) - raft.server.rpc.request.timeout = 3000ms (default)
2019-09-26 16:05:42,984 [main] INFO  server.RaftServerConfigKeys (ConfUtils.java:logGet(43)) - raft.server.storage.dir = [/workdir/hadoop-ozone/integration-test/target/test-dir/MiniOzoneClusterImpl-af67ac00-e673-4dc0-88ca-7b49334fe824/datanode-4/data/ratis] (custom)
2019-09-26 16:05:42,985 [main] INFO  hdfs.DFSUtil (DFSUtil.java:httpServerTemplateForNNAndJN(1641)) - Starting Web-server for hddsDatanode at: http://0.0.0.0:0
2019-09-26 16:05:42,987 [main] INFO  server.AuthenticationFilter (AuthenticationFilter.java:constructSecretProvider(240)) - Unable to initialize FileSignerSecretProvider, falling back to use random secrets.
2019-09-26 16:05:42,987 [main] WARN  http.HttpRequestLog (HttpRequestLog.java:getRequestLog(97)) - Jetty request log can only be enabled using Log4j
2019-09-26 16:05:42,989 [main] INFO  http.HttpServer2 (HttpServer2.java:addGlobalFilter(975)) - Added global filter 'safety' (class=org.apache.hadoop.http.HttpServer2$QuotingInputFilter)
2019-09-26 16:05:42,990 [main] INFO  http.HttpServer2 (HttpServer2.java:addFilter(948)) - Added filter static_user_filter (class=org.apache.hadoop.http.lib.StaticUserWebFilter$StaticUserFilter) to context hddsDatanode
2019-09-26 16:05:42,990 [main] INFO  http.HttpServer2 (HttpServer2.java:addFilter(958)) - Added filter static_user_filter (class=org.apache.hadoop.http.lib.StaticUserWebFilter$StaticUserFilter) to context logs
2019-09-26 16:05:42,990 [main] INFO  http.HttpServer2 (HttpServer2.java:addFilter(958)) - Added filter static_user_filter (class=org.apache.hadoop.http.lib.StaticUserWebFilter$StaticUserFilter) to context static
2019-09-26 16:05:42,991 [main] INFO  http.HttpServer2 (HttpServer2.java:bindListener(1191)) - Jetty bound to port 46486
2019-09-26 16:05:42,991 [main] INFO  server.Server (Server.java:doStart(351)) - jetty-9.3.25.v20180904, build timestamp: 2018-09-04T21:11:46Z, git hash: 3ce520221d0240229c862b122d2b06c12a625732
2019-09-26 16:05:42,993 [main] INFO  handler.ContextHandler (ContextHandler.java:doStart(781)) - Started o.e.j.s.ServletContextHandler@d2e6b0b{/logs,file:///workdir/hadoop-ozone/integration-test/target/log,AVAILABLE}
2019-09-26 16:05:42,993 [main] INFO  handler.ContextHandler (ContextHandler.java:doStart(781)) - Started o.e.j.s.ServletContextHandler@228bda54{/static,jar:file:/home/user/.m2/repository/org/apache/hadoop/hadoop-hdds-container-service/0.5.0-SNAPSHOT/hadoop-hdds-container-service-0.5.0-SNAPSHOT.jar!/webapps/static,AVAILABLE}
2019-09-26 16:05:43,028 [main] INFO  handler.ContextHandler (ContextHandler.java:doStart(781)) - Started o.e.j.w.WebAppContext@79d82f66{/,file:///tmp/jetty-0.0.0.0-46486-hddsDatanode-_-any-2097056765023258252.dir/webapp/,AVAILABLE}{/hddsDatanode}
2019-09-26 16:05:43,029 [main] INFO  server.AbstractConnector (AbstractConnector.java:doStart(278)) - Started ServerConnector@19b206ee{HTTP/1.1,[http/1.1]}{0.0.0.0:46486}
2019-09-26 16:05:43,031 [main] INFO  server.Server (Server.java:doStart(419)) - Started @143039ms
2019-09-26 16:05:43,031 [main] WARN  impl.MetricsSystemImpl (MetricsSystemImpl.java:register(276)) - Sink prometheus already exists!
2019-09-26 16:05:43,032 [main] INFO  server.BaseHttpServer (BaseHttpServer.java:updateConnectorAddress(215)) - HTTP server of HDDSDATANODE is listening at http://0.0.0.0:46486
2019-09-26 16:05:43,032 [main] INFO  impl.MetricsSystemImpl (MetricsSystemImpl.java:init(158)) - HddsDatanode metrics system started (again)
2019-09-26 16:05:43,037 [main] INFO  ozone.HddsDatanodeService (HddsDatanodeService.java:start(184)) - HddsDatanodeService host:pr-hdds-2162-htzpk-1451759861 ip:192.168.157.234
2019-09-26 16:05:43,037 [org.apache.hadoop.util.JvmPauseMonitor$Monitor@3b0ecf43] INFO  util.JvmPauseMonitor (JvmPauseMonitor.java:run(188)) - Starting JVM pause monitor
2019-09-26 16:05:43,040 [Datanode State Machine Thread - 0] INFO  datanode.InitDatanodeState (InitDatanodeState.java:persistContainerDatanodeDetails(140)) - DatanodeDetails is persisted to /workdir/hadoop-ozone/integration-test/target/test-dir/MiniOzoneClusterImpl-af67ac00-e673-4dc0-88ca-7b49334fe824/datanode-4/meta/datanode.id
2019-09-26 16:05:43,043 [main] INFO  volume.HddsVolume (HddsVolume.java:<init>(176)) - Creating Volume: /workdir/hadoop-ozone/integration-test/target/test-dir/MiniOzoneClusterImpl-af67ac00-e673-4dc0-88ca-7b49334fe824/datanode-5/data/containers/hdds of  storage type : DISK and capacity : 1482555576320
2019-09-26 16:05:43,044 [main] INFO  volume.VolumeSet (VolumeSet.java:initializeVolumeSet(170)) - Added Volume : /workdir/hadoop-ozone/integration-test/target/test-dir/MiniOzoneClusterImpl-af67ac00-e673-4dc0-88ca-7b49334fe824/datanode-5/data/containers/hdds to VolumeSet
2019-09-26 16:05:43,044 [main] INFO  volume.ThrottledAsyncChecker (ThrottledAsyncChecker.java:schedule(139)) - Scheduling a check for org.apache.hadoop.ozone.container.common.volume.HddsVolume@65fe2691
2019-09-26 16:05:43,044 [main] INFO  volume.HddsVolumeChecker (HddsVolumeChecker.java:checkAllVolumes(202)) - Scheduled health check for volume org.apache.hadoop.ozone.container.common.volume.HddsVolume@65fe2691
2019-09-26 16:05:43,057 [main] INFO  impl.RaftServerProxy (ConfUtils.java:logGet(43)) - raft.rpc.type = GRPC (default)
2019-09-26 16:05:43,057 [main] INFO  grpc.GrpcFactory (GrpcFactory.java:checkPooledByteBufAllocatorUseCacheForAllThreads(45)) - PERFORMANCE WARNING: useCacheForAllThreads is true that may cause Netty to create a lot garbage objects and, as a result, trigger GC.
	It is recommended to disable useCacheForAllThreads by setting -Dorg.apache.ratis.thirdparty.io.netty.allocator.useCacheForAllThreads=false in command line.
2019-09-26 16:05:43,057 [main] INFO  grpc.GrpcConfigKeys$Server (ConfUtils.java:logGet(43)) - raft.grpc.server.port = 0 (default)
2019-09-26 16:05:43,057 [main] INFO  server.GrpcService (ConfUtils.java:logGet(43)) - raft.grpc.message.size.max = 33570816 (custom)
2019-09-26 16:05:43,058 [main] INFO  server.RaftServerConfigKeys (ConfUtils.java:logGet(43)) - raft.server.log.appender.buffer.byte-limit = 33554432 (custom)
2019-09-26 16:05:43,058 [main] INFO  server.GrpcService (ConfUtils.java:logGet(43)) - raft.grpc.flow.control.window = 1MB (=1048576) (default)
2019-09-26 16:05:43,058 [main] INFO  server.RaftServerConfigKeys (ConfUtils.java:logGet(43)) - raft.server.rpc.request.timeout = 3000ms (default)
2019-09-26 16:05:43,059 [main] INFO  server.RaftServerConfigKeys (ConfUtils.java:logGet(43)) - raft.server.storage.dir = [/workdir/hadoop-ozone/integration-test/target/test-dir/MiniOzoneClusterImpl-af67ac00-e673-4dc0-88ca-7b49334fe824/datanode-5/data/ratis] (custom)
2019-09-26 16:05:43,060 [main] INFO  hdfs.DFSUtil (DFSUtil.java:httpServerTemplateForNNAndJN(1641)) - Starting Web-server for hddsDatanode at: http://0.0.0.0:0
2019-09-26 16:05:43,061 [main] INFO  server.AuthenticationFilter (AuthenticationFilter.java:constructSecretProvider(240)) - Unable to initialize FileSignerSecretProvider, falling back to use random secrets.
2019-09-26 16:05:43,061 [main] WARN  http.HttpRequestLog (HttpRequestLog.java:getRequestLog(97)) - Jetty request log can only be enabled using Log4j
2019-09-26 16:05:43,063 [main] INFO  http.HttpServer2 (HttpServer2.java:addGlobalFilter(975)) - Added global filter 'safety' (class=org.apache.hadoop.http.HttpServer2$QuotingInputFilter)
2019-09-26 16:05:43,063 [main] INFO  http.HttpServer2 (HttpServer2.java:addFilter(948)) - Added filter static_user_filter (class=org.apache.hadoop.http.lib.StaticUserWebFilter$StaticUserFilter) to context hddsDatanode
2019-09-26 16:05:43,064 [main] INFO  http.HttpServer2 (HttpServer2.java:addFilter(958)) - Added filter static_user_filter (class=org.apache.hadoop.http.lib.StaticUserWebFilter$StaticUserFilter) to context static
2019-09-26 16:05:43,064 [main] INFO  http.HttpServer2 (HttpServer2.java:addFilter(958)) - Added filter static_user_filter (class=org.apache.hadoop.http.lib.StaticUserWebFilter$StaticUserFilter) to context logs
2019-09-26 16:05:43,064 [main] INFO  http.HttpServer2 (HttpServer2.java:bindListener(1191)) - Jetty bound to port 40617
2019-09-26 16:05:43,064 [main] INFO  server.Server (Server.java:doStart(351)) - jetty-9.3.25.v20180904, build timestamp: 2018-09-04T21:11:46Z, git hash: 3ce520221d0240229c862b122d2b06c12a625732
2019-09-26 16:05:43,066 [main] INFO  handler.ContextHandler (ContextHandler.java:doStart(781)) - Started o.e.j.s.ServletContextHandler@3bf54172{/logs,file:///workdir/hadoop-ozone/integration-test/target/log,AVAILABLE}
2019-09-26 16:05:43,067 [main] INFO  handler.ContextHandler (ContextHandler.java:doStart(781)) - Started o.e.j.s.ServletContextHandler@7b3cde6f{/static,jar:file:/home/user/.m2/repository/org/apache/hadoop/hadoop-hdds-container-service/0.5.0-SNAPSHOT/hadoop-hdds-container-service-0.5.0-SNAPSHOT.jar!/webapps/static,AVAILABLE}
2019-09-26 16:05:43,095 [main] INFO  handler.ContextHandler (ContextHandler.java:doStart(781)) - Started o.e.j.w.WebAppContext@36b9cb99{/,file:///tmp/jetty-0.0.0.0-40617-hddsDatanode-_-any-6545135896389371640.dir/webapp/,AVAILABLE}{/hddsDatanode}
2019-09-26 16:05:43,095 [main] INFO  server.AbstractConnector (AbstractConnector.java:doStart(278)) - Started ServerConnector@4130955c{HTTP/1.1,[http/1.1]}{0.0.0.0:40617}
2019-09-26 16:05:43,096 [main] INFO  server.Server (Server.java:doStart(419)) - Started @143104ms
2019-09-26 16:05:43,096 [main] WARN  impl.MetricsSystemImpl (MetricsSystemImpl.java:register(276)) - Sink prometheus already exists!
2019-09-26 16:05:43,097 [main] INFO  server.BaseHttpServer (BaseHttpServer.java:updateConnectorAddress(215)) - HTTP server of HDDSDATANODE is listening at http://0.0.0.0:40617
2019-09-26 16:05:43,097 [main] INFO  impl.MetricsSystemImpl (MetricsSystemImpl.java:init(158)) - HddsDatanode metrics system started (again)
2019-09-26 16:05:43,102 [main] INFO  ozone.HddsDatanodeService (HddsDatanodeService.java:start(184)) - HddsDatanodeService host:pr-hdds-2162-htzpk-1451759861 ip:192.168.157.234
2019-09-26 16:05:43,103 [org.apache.hadoop.util.JvmPauseMonitor$Monitor@6127a0bc] INFO  util.JvmPauseMonitor (JvmPauseMonitor.java:run(188)) - Starting JVM pause monitor
2019-09-26 16:05:43,105 [Datanode State Machine Thread - 0] INFO  datanode.InitDatanodeState (InitDatanodeState.java:persistContainerDatanodeDetails(140)) - DatanodeDetails is persisted to /workdir/hadoop-ozone/integration-test/target/test-dir/MiniOzoneClusterImpl-af67ac00-e673-4dc0-88ca-7b49334fe824/datanode-5/meta/datanode.id
2019-09-26 16:05:43,109 [main] INFO  volume.HddsVolume (HddsVolume.java:<init>(176)) - Creating Volume: /workdir/hadoop-ozone/integration-test/target/test-dir/MiniOzoneClusterImpl-af67ac00-e673-4dc0-88ca-7b49334fe824/datanode-6/data/containers/hdds of  storage type : DISK and capacity : 1482555576320
2019-09-26 16:05:43,109 [main] INFO  volume.VolumeSet (VolumeSet.java:initializeVolumeSet(170)) - Added Volume : /workdir/hadoop-ozone/integration-test/target/test-dir/MiniOzoneClusterImpl-af67ac00-e673-4dc0-88ca-7b49334fe824/datanode-6/data/containers/hdds to VolumeSet
2019-09-26 16:05:43,109 [main] INFO  volume.ThrottledAsyncChecker (ThrottledAsyncChecker.java:schedule(139)) - Scheduling a check for org.apache.hadoop.ozone.container.common.volume.HddsVolume@6680f714
2019-09-26 16:05:43,110 [main] INFO  volume.HddsVolumeChecker (HddsVolumeChecker.java:checkAllVolumes(202)) - Scheduled health check for volume org.apache.hadoop.ozone.container.common.volume.HddsVolume@6680f714
2019-09-26 16:05:43,123 [main] INFO  impl.RaftServerProxy (ConfUtils.java:logGet(43)) - raft.rpc.type = GRPC (default)
2019-09-26 16:05:43,123 [main] INFO  grpc.GrpcFactory (GrpcFactory.java:checkPooledByteBufAllocatorUseCacheForAllThreads(45)) - PERFORMANCE WARNING: useCacheForAllThreads is true that may cause Netty to create a lot garbage objects and, as a result, trigger GC.
	It is recommended to disable useCacheForAllThreads by setting -Dorg.apache.ratis.thirdparty.io.netty.allocator.useCacheForAllThreads=false in command line.
2019-09-26 16:05:43,123 [main] INFO  grpc.GrpcConfigKeys$Server (ConfUtils.java:logGet(43)) - raft.grpc.server.port = 0 (default)
2019-09-26 16:05:43,123 [main] INFO  server.GrpcService (ConfUtils.java:logGet(43)) - raft.grpc.message.size.max = 33570816 (custom)
2019-09-26 16:05:43,123 [main] INFO  server.RaftServerConfigKeys (ConfUtils.java:logGet(43)) - raft.server.log.appender.buffer.byte-limit = 33554432 (custom)
2019-09-26 16:05:43,124 [main] INFO  server.GrpcService (ConfUtils.java:logGet(43)) - raft.grpc.flow.control.window = 1MB (=1048576) (default)
2019-09-26 16:05:43,124 [main] INFO  server.RaftServerConfigKeys (ConfUtils.java:logGet(43)) - raft.server.rpc.request.timeout = 3000ms (default)
2019-09-26 16:05:43,124 [main] INFO  server.RaftServerConfigKeys (ConfUtils.java:logGet(43)) - raft.server.storage.dir = [/workdir/hadoop-ozone/integration-test/target/test-dir/MiniOzoneClusterImpl-af67ac00-e673-4dc0-88ca-7b49334fe824/datanode-6/data/ratis] (custom)
2019-09-26 16:05:43,125 [main] INFO  hdfs.DFSUtil (DFSUtil.java:httpServerTemplateForNNAndJN(1641)) - Starting Web-server for hddsDatanode at: http://0.0.0.0:0
2019-09-26 16:05:43,127 [main] INFO  server.AuthenticationFilter (AuthenticationFilter.java:constructSecretProvider(240)) - Unable to initialize FileSignerSecretProvider, falling back to use random secrets.
2019-09-26 16:05:43,127 [main] WARN  http.HttpRequestLog (HttpRequestLog.java:getRequestLog(97)) - Jetty request log can only be enabled using Log4j
2019-09-26 16:05:43,128 [main] INFO  http.HttpServer2 (HttpServer2.java:addGlobalFilter(975)) - Added global filter 'safety' (class=org.apache.hadoop.http.HttpServer2$QuotingInputFilter)
2019-09-26 16:05:43,129 [main] INFO  http.HttpServer2 (HttpServer2.java:addFilter(948)) - Added filter static_user_filter (class=org.apache.hadoop.http.lib.StaticUserWebFilter$StaticUserFilter) to context hddsDatanode
2019-09-26 16:05:43,129 [main] INFO  http.HttpServer2 (HttpServer2.java:addFilter(958)) - Added filter static_user_filter (class=org.apache.hadoop.http.lib.StaticUserWebFilter$StaticUserFilter) to context logs
2019-09-26 16:05:43,129 [main] INFO  http.HttpServer2 (HttpServer2.java:addFilter(958)) - Added filter static_user_filter (class=org.apache.hadoop.http.lib.StaticUserWebFilter$StaticUserFilter) to context static
2019-09-26 16:05:43,130 [main] INFO  http.HttpServer2 (HttpServer2.java:bindListener(1191)) - Jetty bound to port 35517
2019-09-26 16:05:43,130 [main] INFO  server.Server (Server.java:doStart(351)) - jetty-9.3.25.v20180904, build timestamp: 2018-09-04T21:11:46Z, git hash: 3ce520221d0240229c862b122d2b06c12a625732
2019-09-26 16:05:43,132 [main] INFO  handler.ContextHandler (ContextHandler.java:doStart(781)) - Started o.e.j.s.ServletContextHandler@58af5076{/logs,file:///workdir/hadoop-ozone/integration-test/target/log,AVAILABLE}
2019-09-26 16:05:43,132 [main] INFO  handler.ContextHandler (ContextHandler.java:doStart(781)) - Started o.e.j.s.ServletContextHandler@4d9754a8{/static,jar:file:/home/user/.m2/repository/org/apache/hadoop/hadoop-hdds-container-service/0.5.0-SNAPSHOT/hadoop-hdds-container-service-0.5.0-SNAPSHOT.jar!/webapps/static,AVAILABLE}
2019-09-26 16:05:43,159 [main] INFO  handler.ContextHandler (ContextHandler.java:doStart(781)) - Started o.e.j.w.WebAppContext@46911148{/,file:///tmp/jetty-0.0.0.0-35517-hddsDatanode-_-any-3740362173398144066.dir/webapp/,AVAILABLE}{/hddsDatanode}
2019-09-26 16:05:43,160 [main] INFO  server.AbstractConnector (AbstractConnector.java:doStart(278)) - Started ServerConnector@2db1b657{HTTP/1.1,[http/1.1]}{0.0.0.0:35517}
2019-09-26 16:05:43,161 [main] INFO  server.Server (Server.java:doStart(419)) - Started @143169ms
2019-09-26 16:05:43,161 [main] WARN  impl.MetricsSystemImpl (MetricsSystemImpl.java:register(276)) - Sink prometheus already exists!
2019-09-26 16:05:43,162 [main] INFO  server.BaseHttpServer (BaseHttpServer.java:updateConnectorAddress(215)) - HTTP server of HDDSDATANODE is listening at http://0.0.0.0:35517
2019-09-26 16:05:43,162 [main] INFO  ozone.MiniOzoneClusterImpl (MiniOzoneClusterImpl.java:lambda$waitForClusterToBeReady$0(147)) - Waiting for cluster to be ready. Got 0 of 7 DN Heartbeats.
2019-09-26 16:05:43,166 [org.apache.hadoop.util.JvmPauseMonitor$Monitor@3129b51c] INFO  util.JvmPauseMonitor (JvmPauseMonitor.java:run(188)) - Starting JVM pause monitor
2019-09-26 16:05:43,168 [Datanode State Machine Thread - 0] INFO  datanode.InitDatanodeState (InitDatanodeState.java:persistContainerDatanodeDetails(140)) - DatanodeDetails is persisted to /workdir/hadoop-ozone/integration-test/target/test-dir/MiniOzoneClusterImpl-af67ac00-e673-4dc0-88ca-7b49334fe824/datanode-6/meta/datanode.id
2019-09-26 16:05:44,162 [main] INFO  ozone.MiniOzoneClusterImpl (MiniOzoneClusterImpl.java:lambda$waitForClusterToBeReady$0(147)) - Waiting for cluster to be ready. Got 0 of 7 DN Heartbeats.
2019-09-26 16:05:44,788 [Datanode State Machine Thread - 0] INFO  ozoneimpl.OzoneContainer (OzoneContainer.java:start(217)) - Attempting to start container services.
2019-09-26 16:05:44,790 [Datanode State Machine Thread - 0] INFO  ozoneimpl.OzoneContainer (OzoneContainer.java:startContainerScrub(179)) - Background container scanner has been disabled.
2019-09-26 16:05:44,791 [Datanode State Machine Thread - 0] INFO  ratis.XceiverServerRatis (XceiverServerRatis.java:start(411)) - Starting XceiverServerRatis f1b22ec7-1217-442a-a6e0-7f0124023303 at port 0
2019-09-26 16:05:44,799 [Datanode State Machine Thread - 0] INFO  impl.RaftServerProxy (RaftServerProxy.java:lambda$start$3(299)) - f1b22ec7-1217-442a-a6e0-7f0124023303: start RPC server
2019-09-26 16:05:44,801 [Datanode State Machine Thread - 0] INFO  server.GrpcService (GrpcService.java:startImpl(158)) - f1b22ec7-1217-442a-a6e0-7f0124023303: GrpcService started, listening on 0.0.0.0/0.0.0.0:42096
2019-09-26 16:05:44,802 [Datanode State Machine Thread - 0] INFO  ratis.XceiverServerRatis (XceiverServerRatis.java:start(421)) - XceiverServerRatis f1b22ec7-1217-442a-a6e0-7f0124023303 is started using port 42096
2019-09-26 16:05:44,802 [Datanode State Machine Thread - 0] INFO  server.XceiverServerGrpc (XceiverServerGrpc.java:start(149)) - XceiverServerGrpc f1b22ec7-1217-442a-a6e0-7f0124023303 is started using port 45223
2019-09-26 16:05:44,841 [Datanode State Machine Thread - 0] INFO  ozoneimpl.OzoneContainer (OzoneContainer.java:start(217)) - Attempting to start container services.
2019-09-26 16:05:44,844 [Datanode State Machine Thread - 0] INFO  ozoneimpl.OzoneContainer (OzoneContainer.java:startContainerScrub(179)) - Background container scanner has been disabled.
2019-09-26 16:05:44,844 [Datanode State Machine Thread - 0] INFO  ratis.XceiverServerRatis (XceiverServerRatis.java:start(411)) - Starting XceiverServerRatis 4114f39e-2137-4ef9-80cf-d1972135e71d at port 0
2019-09-26 16:05:44,852 [Datanode State Machine Thread - 0] INFO  impl.RaftServerProxy (RaftServerProxy.java:lambda$start$3(299)) - 4114f39e-2137-4ef9-80cf-d1972135e71d: start RPC server
2019-09-26 16:05:44,854 [Datanode State Machine Thread - 0] INFO  server.GrpcService (GrpcService.java:startImpl(158)) - 4114f39e-2137-4ef9-80cf-d1972135e71d: GrpcService started, listening on 0.0.0.0/0.0.0.0:44854
2019-09-26 16:05:44,854 [Datanode State Machine Thread - 0] INFO  ratis.XceiverServerRatis (XceiverServerRatis.java:start(421)) - XceiverServerRatis 4114f39e-2137-4ef9-80cf-d1972135e71d is started using port 44854
2019-09-26 16:05:44,860 [Datanode State Machine Thread - 0] INFO  server.XceiverServerGrpc (XceiverServerGrpc.java:start(149)) - XceiverServerGrpc 4114f39e-2137-4ef9-80cf-d1972135e71d is started using port 39015
2019-09-26 16:05:44,912 [Datanode State Machine Thread - 0] INFO  ozoneimpl.OzoneContainer (OzoneContainer.java:start(217)) - Attempting to start container services.
2019-09-26 16:05:44,916 [Datanode State Machine Thread - 0] INFO  ozoneimpl.OzoneContainer (OzoneContainer.java:startContainerScrub(179)) - Background container scanner has been disabled.
2019-09-26 16:05:44,917 [Datanode State Machine Thread - 0] INFO  ratis.XceiverServerRatis (XceiverServerRatis.java:start(411)) - Starting XceiverServerRatis eceeeb53-0a64-40d1-8165-8060b1e5e631 at port 0
2019-09-26 16:05:44,924 [Datanode State Machine Thread - 0] INFO  impl.RaftServerProxy (RaftServerProxy.java:lambda$start$3(299)) - eceeeb53-0a64-40d1-8165-8060b1e5e631: start RPC server
2019-09-26 16:05:44,926 [Datanode State Machine Thread - 0] INFO  server.GrpcService (GrpcService.java:startImpl(158)) - eceeeb53-0a64-40d1-8165-8060b1e5e631: GrpcService started, listening on 0.0.0.0/0.0.0.0:41381
2019-09-26 16:05:44,926 [Datanode State Machine Thread - 0] INFO  ratis.XceiverServerRatis (XceiverServerRatis.java:start(421)) - XceiverServerRatis eceeeb53-0a64-40d1-8165-8060b1e5e631 is started using port 41381
2019-09-26 16:05:44,932 [Datanode State Machine Thread - 0] INFO  server.XceiverServerGrpc (XceiverServerGrpc.java:start(149)) - XceiverServerGrpc eceeeb53-0a64-40d1-8165-8060b1e5e631 is started using port 34781
2019-09-26 16:05:44,974 [Datanode State Machine Thread - 0] INFO  ozoneimpl.OzoneContainer (OzoneContainer.java:start(217)) - Attempting to start container services.
2019-09-26 16:05:44,975 [Datanode State Machine Thread - 0] INFO  ozoneimpl.OzoneContainer (OzoneContainer.java:startContainerScrub(179)) - Background container scanner has been disabled.
2019-09-26 16:05:44,975 [Datanode State Machine Thread - 0] INFO  ratis.XceiverServerRatis (XceiverServerRatis.java:start(411)) - Starting XceiverServerRatis 308cfd6e-1ef3-4349-b86c-3560b39e7009 at port 0
2019-09-26 16:05:44,983 [Datanode State Machine Thread - 0] INFO  impl.RaftServerProxy (RaftServerProxy.java:lambda$start$3(299)) - 308cfd6e-1ef3-4349-b86c-3560b39e7009: start RPC server
2019-09-26 16:05:44,985 [Datanode State Machine Thread - 0] INFO  server.GrpcService (GrpcService.java:startImpl(158)) - 308cfd6e-1ef3-4349-b86c-3560b39e7009: GrpcService started, listening on 0.0.0.0/0.0.0.0:42268
2019-09-26 16:05:44,986 [Datanode State Machine Thread - 0] INFO  ratis.XceiverServerRatis (XceiverServerRatis.java:start(421)) - XceiverServerRatis 308cfd6e-1ef3-4349-b86c-3560b39e7009 is started using port 42268
2019-09-26 16:05:44,986 [Datanode State Machine Thread - 0] INFO  server.XceiverServerGrpc (XceiverServerGrpc.java:start(149)) - XceiverServerGrpc 308cfd6e-1ef3-4349-b86c-3560b39e7009 is started using port 38491
2019-09-26 16:05:45,052 [Datanode State Machine Thread - 0] INFO  ozoneimpl.OzoneContainer (OzoneContainer.java:start(217)) - Attempting to start container services.
2019-09-26 16:05:45,052 [Datanode State Machine Thread - 0] INFO  ozoneimpl.OzoneContainer (OzoneContainer.java:startContainerScrub(179)) - Background container scanner has been disabled.
2019-09-26 16:05:45,052 [Datanode State Machine Thread - 0] INFO  ratis.XceiverServerRatis (XceiverServerRatis.java:start(411)) - Starting XceiverServerRatis 36c748ab-6e2f-4bd5-8311-2939c6be6aae at port 0
2019-09-26 16:05:45,061 [Datanode State Machine Thread - 0] INFO  impl.RaftServerProxy (RaftServerProxy.java:lambda$start$3(299)) - 36c748ab-6e2f-4bd5-8311-2939c6be6aae: start RPC server
2019-09-26 16:05:45,062 [Datanode State Machine Thread - 0] INFO  server.GrpcService (GrpcService.java:startImpl(158)) - 36c748ab-6e2f-4bd5-8311-2939c6be6aae: GrpcService started, listening on 0.0.0.0/0.0.0.0:46293
2019-09-26 16:05:45,063 [Datanode State Machine Thread - 0] INFO  ratis.XceiverServerRatis (XceiverServerRatis.java:start(421)) - XceiverServerRatis 36c748ab-6e2f-4bd5-8311-2939c6be6aae is started using port 46293
2019-09-26 16:05:45,063 [Datanode State Machine Thread - 0] INFO  server.XceiverServerGrpc (XceiverServerGrpc.java:start(149)) - XceiverServerGrpc 36c748ab-6e2f-4bd5-8311-2939c6be6aae is started using port 32992
2019-09-26 16:05:45,117 [Datanode State Machine Thread - 0] INFO  ozoneimpl.OzoneContainer (OzoneContainer.java:start(217)) - Attempting to start container services.
2019-09-26 16:05:45,118 [Datanode State Machine Thread - 0] INFO  ozoneimpl.OzoneContainer (OzoneContainer.java:startContainerScrub(179)) - Background container scanner has been disabled.
2019-09-26 16:05:45,118 [Datanode State Machine Thread - 0] INFO  ratis.XceiverServerRatis (XceiverServerRatis.java:start(411)) - Starting XceiverServerRatis 8214dcd7-9039-498f-bb6d-268e472c0f13 at port 0
2019-09-26 16:05:45,126 [Datanode State Machine Thread - 0] INFO  impl.RaftServerProxy (RaftServerProxy.java:lambda$start$3(299)) - 8214dcd7-9039-498f-bb6d-268e472c0f13: start RPC server
2019-09-26 16:05:45,127 [Datanode State Machine Thread - 0] INFO  server.GrpcService (GrpcService.java:startImpl(158)) - 8214dcd7-9039-498f-bb6d-268e472c0f13: GrpcService started, listening on 0.0.0.0/0.0.0.0:37160
2019-09-26 16:05:45,127 [Datanode State Machine Thread - 0] INFO  ratis.XceiverServerRatis (XceiverServerRatis.java:start(421)) - XceiverServerRatis 8214dcd7-9039-498f-bb6d-268e472c0f13 is started using port 37160
2019-09-26 16:05:45,128 [Datanode State Machine Thread - 0] INFO  server.XceiverServerGrpc (XceiverServerGrpc.java:start(149)) - XceiverServerGrpc 8214dcd7-9039-498f-bb6d-268e472c0f13 is started using port 45568
2019-09-26 16:05:45,163 [main] INFO  ozone.MiniOzoneClusterImpl (MiniOzoneClusterImpl.java:lambda$waitForClusterToBeReady$0(147)) - Waiting for cluster to be ready. Got 0 of 7 DN Heartbeats.
2019-09-26 16:05:45,181 [Datanode State Machine Thread - 0] INFO  ozoneimpl.OzoneContainer (OzoneContainer.java:start(217)) - Attempting to start container services.
2019-09-26 16:05:45,181 [Datanode State Machine Thread - 0] INFO  ozoneimpl.OzoneContainer (OzoneContainer.java:startContainerScrub(179)) - Background container scanner has been disabled.
2019-09-26 16:05:45,181 [Datanode State Machine Thread - 0] INFO  ratis.XceiverServerRatis (XceiverServerRatis.java:start(411)) - Starting XceiverServerRatis 4eb0591e-003a-4cce-b16f-5b85711c4d0d at port 0
2019-09-26 16:05:45,189 [Datanode State Machine Thread - 0] INFO  impl.RaftServerProxy (RaftServerProxy.java:lambda$start$3(299)) - 4eb0591e-003a-4cce-b16f-5b85711c4d0d: start RPC server
2019-09-26 16:05:45,190 [Datanode State Machine Thread - 0] INFO  server.GrpcService (GrpcService.java:startImpl(158)) - 4eb0591e-003a-4cce-b16f-5b85711c4d0d: GrpcService started, listening on 0.0.0.0/0.0.0.0:41570
2019-09-26 16:05:45,190 [Datanode State Machine Thread - 0] INFO  ratis.XceiverServerRatis (XceiverServerRatis.java:start(421)) - XceiverServerRatis 4eb0591e-003a-4cce-b16f-5b85711c4d0d is started using port 41570
2019-09-26 16:05:45,190 [Datanode State Machine Thread - 0] INFO  server.XceiverServerGrpc (XceiverServerGrpc.java:start(149)) - XceiverServerGrpc 4eb0591e-003a-4cce-b16f-5b85711c4d0d is started using port 41461
2019-09-26 16:05:46,164 [main] INFO  ozone.MiniOzoneClusterImpl (MiniOzoneClusterImpl.java:lambda$waitForClusterToBeReady$0(147)) - Waiting for cluster to be ready. Got 0 of 7 DN Heartbeats.
2019-09-26 16:05:46,770 [IPC Server handler 4 on 35621] INFO  net.NetworkTopology (NetworkTopologyImpl.java:add(111)) - Added a new node: /default-rack/f1b22ec7-1217-442a-a6e0-7f0124023303
2019-09-26 16:05:46,773 [IPC Server handler 4 on 35621] INFO  node.SCMNodeManager (SCMNodeManager.java:register(266)) - Registered Data node : f1b22ec7-1217-442a-a6e0-7f0124023303{ip: 192.168.157.234, host: pr-hdds-2162-htzpk-1451759861, networkLocation: /default-rack, certSerialId: null}
2019-09-26 16:05:46,775 [EventQueue-NodeRegistrationContainerReportForDataNodeSafeModeRule] INFO  safemode.SCMSafeModeManager (DataNodeSafeModeRule.java:process(71)) - SCM in safe mode. 1 DataNodes registered, 1 required.
2019-09-26 16:05:46,778 [EventQueue-NodeRegistrationContainerReportForDataNodeSafeModeRule] INFO  safemode.SCMSafeModeManager (SCMSafeModeManager.java:validateSafeModeExitRules(177)) - ScmSafeModeManager, all rules are successfully validated
2019-09-26 16:05:46,778 [EventQueue-NodeRegistrationContainerReportForDataNodeSafeModeRule] INFO  safemode.SCMSafeModeManager (SCMSafeModeManager.java:exitSafeMode(193)) - SCM exiting safe mode.
2019-09-26 16:05:46,814 [grpc-default-executor-0] INFO  impl.RaftServerProxy (RaftServerProxy.java:addNew(89)) - f1b22ec7-1217-442a-a6e0-7f0124023303: addNew group-6AFA2E7D9180:[f1b22ec7-1217-442a-a6e0-7f0124023303:192.168.157.234:42096] returns group-6AFA2E7D9180:java.util.concurrent.CompletableFuture@a5b3e13[Not completed]
2019-09-26 16:05:46,817 [pool-117-thread-1] INFO  impl.RaftServerImpl (RaftServerImpl.java:<init>(95)) - f1b22ec7-1217-442a-a6e0-7f0124023303: new RaftServerImpl for group-6AFA2E7D9180:[f1b22ec7-1217-442a-a6e0-7f0124023303:192.168.157.234:42096] with ContainerStateMachine:uninitialized
2019-09-26 16:05:46,817 [pool-117-thread-1] INFO  server.RaftServerConfigKeys (ConfUtils.java:logGet(43)) - raft.server.rpc.timeout.min = 5s (custom)
2019-09-26 16:05:46,817 [pool-117-thread-1] INFO  server.RaftServerConfigKeys (ConfUtils.java:logGet(43)) - raft.server.rpc.timeout.max = 5200ms (custom)
2019-09-26 16:05:46,817 [pool-117-thread-1] INFO  server.RaftServerConfigKeys (ConfUtils.java:logGet(43)) - raft.server.rpcslowness.timeout = 120s (custom)
2019-09-26 16:05:46,818 [pool-117-thread-1] INFO  server.RaftServerConfigKeys (ConfUtils.java:logGet(43)) - raft.server.sleep.deviation.threshold = 300 (default)
2019-09-26 16:05:46,818 [pool-117-thread-1] INFO  server.RaftServerConfigKeys (ConfUtils.java:logGet(43)) - raft.server.log.appender.install.snapshot.enabled = false (custom)
2019-09-26 16:05:46,818 [pool-117-thread-1] INFO  impl.RaftServerImpl (ServerState.java:<init>(103)) - f1b22ec7-1217-442a-a6e0-7f0124023303@group-6AFA2E7D9180: ConfigurationManager, init=-1: [f1b22ec7-1217-442a-a6e0-7f0124023303:192.168.157.234:42096], old=null, confs=<EMPTY_MAP>
2019-09-26 16:05:46,818 [pool-117-thread-1] INFO  server.RaftServerConfigKeys (ConfUtils.java:logGet(43)) - raft.server.storage.dir = [/workdir/hadoop-ozone/integration-test/target/test-dir/MiniOzoneClusterImpl-af67ac00-e673-4dc0-88ca-7b49334fe824/datanode-0/data/ratis] (custom)
2019-09-26 16:05:46,819 [pool-117-thread-1] INFO  storage.RaftStorageDirectory (RaftStorageDirectory.java:analyzeStorage(246)) - The storage directory /workdir/hadoop-ozone/integration-test/target/test-dir/MiniOzoneClusterImpl-af67ac00-e673-4dc0-88ca-7b49334fe824/datanode-0/data/ratis/abe7b230-b018-48f8-8239-6afa2e7d9180 does not exist. Creating ...
2019-09-26 16:05:46,829 [IPC Server handler 2 on 35621] INFO  net.NetworkTopology (NetworkTopologyImpl.java:add(111)) - Added a new node: /default-rack/4114f39e-2137-4ef9-80cf-d1972135e71d
2019-09-26 16:05:46,829 [IPC Server handler 2 on 35621] INFO  node.SCMNodeManager (SCMNodeManager.java:register(266)) - Registered Data node : 4114f39e-2137-4ef9-80cf-d1972135e71d{ip: 192.168.157.234, host: pr-hdds-2162-htzpk-1451759861, networkLocation: /default-rack, certSerialId: null}
2019-09-26 16:05:46,833 [pool-117-thread-1] INFO  storage.RaftStorageDirectory (RaftStorageDirectory.java:tryLock(328)) - Lock on /workdir/hadoop-ozone/integration-test/target/test-dir/MiniOzoneClusterImpl-af67ac00-e673-4dc0-88ca-7b49334fe824/datanode-0/data/ratis/abe7b230-b018-48f8-8239-6afa2e7d9180/in_use.lock acquired by nodename 31074@pr-hdds-2162-htzpk-1451759861
2019-09-26 16:05:46,847 [pool-117-thread-1] INFO  storage.RaftStorage (RaftStorage.java:format(72)) - Storage directory /workdir/hadoop-ozone/integration-test/target/test-dir/MiniOzoneClusterImpl-af67ac00-e673-4dc0-88ca-7b49334fe824/datanode-0/data/ratis/abe7b230-b018-48f8-8239-6afa2e7d9180 has been successfully formatted.
2019-09-26 16:05:46,848 [pool-117-thread-1] INFO  ratis.ContainerStateMachine (ContainerStateMachine.java:loadSnapshot(230)) - group-6AFA2E7D9180: The snapshot info is null. Setting the last applied indexto:(t:0, i:~)
2019-09-26 16:05:46,848 [pool-117-thread-1] INFO  server.RaftServerConfigKeys (ConfUtils.java:logGet(43)) - raft.server.notification.no-leader.timeout = 120s (custom)
2019-09-26 16:05:46,848 [pool-117-thread-1] INFO  server.RaftServerConfigKeys (ConfUtils.java:logGet(43)) - raft.server.log.use.memory = false (default)
2019-09-26 16:05:46,848 [pool-117-thread-1] INFO  server.RaftServerConfigKeys (ConfUtils.java:logGet(43)) - raft.server.log.purge.gap = 1000000 (custom)
2019-09-26 16:05:46,848 [pool-117-thread-1] INFO  server.RaftServerConfigKeys (ConfUtils.java:logGet(43)) - raft.server.log.appender.buffer.byte-limit = 33554432 (custom)
2019-09-26 16:05:46,849 [pool-117-thread-1] INFO  server.RaftServerConfigKeys (ConfUtils.java:logGet(43)) - raft.server.log.segment.size.max = 1048576 (custom)
2019-09-26 16:05:46,849 [pool-117-thread-1] INFO  server.RaftServerConfigKeys (ConfUtils.java:logGet(43)) - raft.server.log.segment.cache.num.max = 2 (custom)
2019-09-26 16:05:46,849 [pool-117-thread-1] INFO  segmented.SegmentedRaftLogWorker (SegmentedRaftLogWorker.java:<init>(172)) - new f1b22ec7-1217-442a-a6e0-7f0124023303@group-6AFA2E7D9180-SegmentedRaftLogWorker for RaftStorage:Storage Directory /workdir/hadoop-ozone/integration-test/target/test-dir/MiniOzoneClusterImpl-af67ac00-e673-4dc0-88ca-7b49334fe824/datanode-0/data/ratis/abe7b230-b018-48f8-8239-6afa2e7d9180
2019-09-26 16:05:46,852 [pool-117-thread-1] INFO  server.RaftServerConfigKeys (ConfUtils.java:logGet(43)) - raft.server.log.queue.byte-limit = 2147483647 (custom)
2019-09-26 16:05:46,852 [pool-117-thread-1] INFO  server.RaftServerConfigKeys (ConfUtils.java:logGet(43)) - raft.server.log.queue.element-limit = 1024 (custom)
2019-09-26 16:05:46,853 [pool-117-thread-1] INFO  server.RaftServerConfigKeys (ConfUtils.java:logGet(43)) - raft.server.log.segment.size.max = 1048576 (custom)
2019-09-26 16:05:46,853 [pool-117-thread-1] INFO  server.RaftServerConfigKeys (ConfUtils.java:logGet(43)) - raft.server.log.preallocated.size = 16384 (custom)
2019-09-26 16:05:46,853 [pool-117-thread-1] INFO  server.RaftServerConfigKeys (ConfUtils.java:logGet(43)) - raft.server.log.write.buffer.size = 33554432 (custom)
2019-09-26 16:05:46,853 [pool-117-thread-1] INFO  server.RaftServerConfigKeys (ConfUtils.java:logGet(43)) - raft.server.log.force.sync.num = 128 (default)
2019-09-26 16:05:46,853 [pool-117-thread-1] INFO  server.RaftServerConfigKeys (ConfUtils.java:logGet(43)) - raft.server.log.statemachine.data.sync = true (default)
2019-09-26 16:05:46,854 [pool-117-thread-1] INFO  server.RaftServerConfigKeys (ConfUtils.java:logGet(43)) - raft.server.log.statemachine.data.sync.timeout = 10s (default)
2019-09-26 16:05:46,854 [pool-117-thread-1] INFO  server.RaftServerConfigKeys (ConfUtils.java:logGet(43)) - raft.server.log.statemachine.data.sync.timeout.retry = -1 (default)
2019-09-26 16:05:46,854 [pool-117-thread-1] INFO  server.RaftServerConfigKeys (ConfUtils.java:logGet(43)) - raft.server.log.statemachine.data.caching.enabled = true (custom)
2019-09-26 16:05:46,855 [pool-117-thread-1] INFO  segmented.SegmentedRaftLogWorker (SegmentedRaftLogWorker.java:lambda$new$0(132)) - f1b22ec7-1217-442a-a6e0-7f0124023303@group-6AFA2E7D9180-SegmentedRaftLogWorker: flushIndex: setUnconditionally 0 -> -1
2019-09-26 16:05:46,855 [pool-117-thread-1] INFO  server.RaftServerConfigKeys (ConfUtils.java:logGet(43)) - raft.server.snapshot.auto.trigger.enabled = true (custom)
2019-09-26 16:05:46,855 [pool-117-thread-1] INFO  server.RaftServerConfigKeys (ConfUtils.java:logGet(43)) - raft.server.snapshot.auto.trigger.threshold = 10000 (custom)
2019-09-26 16:05:46,855 [pool-117-thread-1] INFO  server.RaftServerConfigKeys (ConfUtils.java:logGet(43)) - raft.server.snapshot.retention.num.files = 5 (custom)
2019-09-26 16:05:46,856 [pool-117-thread-1] INFO  server.RaftServerConfigKeys (ConfUtils.java:logGet(43)) - raft.server.retrycache.expirytime = 600000ms (custom)
2019-09-26 16:05:46,858 [pool-117-thread-1] INFO  impl.RaftServerImpl (RaftServerImpl.java:start(185)) - f1b22ec7-1217-442a-a6e0-7f0124023303@group-6AFA2E7D9180: start as a follower, conf=-1: [f1b22ec7-1217-442a-a6e0-7f0124023303:192.168.157.234:42096], old=null
2019-09-26 16:05:46,858 [pool-117-thread-1] INFO  impl.RaftServerImpl (RaftServerImpl.java:setRole(174)) - f1b22ec7-1217-442a-a6e0-7f0124023303@group-6AFA2E7D9180: changes role from      null to FOLLOWER at term 0 for startAsFollower
2019-09-26 16:05:46,859 [pool-117-thread-1] INFO  impl.RoleInfo (RoleInfo.java:updateAndGet(143)) - f1b22ec7-1217-442a-a6e0-7f0124023303: start FollowerState
2019-09-26 16:05:46,859 [pool-117-thread-1] INFO  util.JmxRegister (JmxRegister.java:tryRegister(44)) - Successfully registered JMX Bean with object name Ratis:service=RaftServer,group=group-6AFA2E7D9180,id=f1b22ec7-1217-442a-a6e0-7f0124023303
2019-09-26 16:05:46,872 [RatisPipelineUtilsThread] INFO  pipeline.PipelineStateManager (PipelineStateManager.java:addPipeline(56)) - Created pipeline Pipeline[ Id: abe7b230-b018-48f8-8239-6afa2e7d9180, Nodes: f1b22ec7-1217-442a-a6e0-7f0124023303{ip: 192.168.157.234, host: pr-hdds-2162-htzpk-1451759861, networkLocation: /default-rack, certSerialId: null}, Type:RATIS, Factor:ONE, State:OPEN]
2019-09-26 16:05:46,890 [grpc-default-executor-0] INFO  impl.RaftServerProxy (RaftServerProxy.java:addNew(89)) - 4114f39e-2137-4ef9-80cf-d1972135e71d: addNew group-21120FA99BA6:[4114f39e-2137-4ef9-80cf-d1972135e71d:192.168.157.234:44854] returns group-21120FA99BA6:java.util.concurrent.CompletableFuture@398ccbd8[Not completed]
2019-09-26 16:05:46,891 [pool-127-thread-1] INFO  impl.RaftServerImpl (RaftServerImpl.java:<init>(95)) - 4114f39e-2137-4ef9-80cf-d1972135e71d: new RaftServerImpl for group-21120FA99BA6:[4114f39e-2137-4ef9-80cf-d1972135e71d:192.168.157.234:44854] with ContainerStateMachine:uninitialized
2019-09-26 16:05:46,892 [pool-127-thread-1] INFO  server.RaftServerConfigKeys (ConfUtils.java:logGet(43)) - raft.server.rpc.timeout.min = 5s (custom)
2019-09-26 16:05:46,892 [pool-127-thread-1] INFO  server.RaftServerConfigKeys (ConfUtils.java:logGet(43)) - raft.server.rpc.timeout.max = 5200ms (custom)
2019-09-26 16:05:46,892 [pool-127-thread-1] INFO  server.RaftServerConfigKeys (ConfUtils.java:logGet(43)) - raft.server.rpcslowness.timeout = 120s (custom)
2019-09-26 16:05:46,892 [pool-127-thread-1] INFO  server.RaftServerConfigKeys (ConfUtils.java:logGet(43)) - raft.server.sleep.deviation.threshold = 300 (default)
2019-09-26 16:05:46,893 [pool-127-thread-1] INFO  server.RaftServerConfigKeys (ConfUtils.java:logGet(43)) - raft.server.log.appender.install.snapshot.enabled = false (custom)
2019-09-26 16:05:46,893 [pool-127-thread-1] INFO  impl.RaftServerImpl (ServerState.java:<init>(103)) - 4114f39e-2137-4ef9-80cf-d1972135e71d@group-21120FA99BA6: ConfigurationManager, init=-1: [4114f39e-2137-4ef9-80cf-d1972135e71d:192.168.157.234:44854], old=null, confs=<EMPTY_MAP>
2019-09-26 16:05:46,893 [pool-127-thread-1] INFO  server.RaftServerConfigKeys (ConfUtils.java:logGet(43)) - raft.server.storage.dir = [/workdir/hadoop-ozone/integration-test/target/test-dir/MiniOzoneClusterImpl-af67ac00-e673-4dc0-88ca-7b49334fe824/datanode-1/data/ratis] (custom)
2019-09-26 16:05:46,894 [pool-127-thread-1] INFO  storage.RaftStorageDirectory (RaftStorageDirectory.java:analyzeStorage(246)) - The storage directory /workdir/hadoop-ozone/integration-test/target/test-dir/MiniOzoneClusterImpl-af67ac00-e673-4dc0-88ca-7b49334fe824/datanode-1/data/ratis/0c801895-3f42-40ef-a79b-21120fa99ba6 does not exist. Creating ...
2019-09-26 16:05:46,900 [IPC Server handler 5 on 35621] INFO  net.NetworkTopology (NetworkTopologyImpl.java:add(111)) - Added a new node: /default-rack/eceeeb53-0a64-40d1-8165-8060b1e5e631
2019-09-26 16:05:46,901 [IPC Server handler 5 on 35621] INFO  node.SCMNodeManager (SCMNodeManager.java:register(266)) - Registered Data node : eceeeb53-0a64-40d1-8165-8060b1e5e631{ip: 192.168.157.234, host: pr-hdds-2162-htzpk-1451759861, networkLocation: /default-rack, certSerialId: null}
2019-09-26 16:05:46,907 [pool-127-thread-1] INFO  storage.RaftStorageDirectory (RaftStorageDirectory.java:tryLock(328)) - Lock on /workdir/hadoop-ozone/integration-test/target/test-dir/MiniOzoneClusterImpl-af67ac00-e673-4dc0-88ca-7b49334fe824/datanode-1/data/ratis/0c801895-3f42-40ef-a79b-21120fa99ba6/in_use.lock acquired by nodename 31074@pr-hdds-2162-htzpk-1451759861
2019-09-26 16:05:46,921 [pool-127-thread-1] INFO  storage.RaftStorage (RaftStorage.java:format(72)) - Storage directory /workdir/hadoop-ozone/integration-test/target/test-dir/MiniOzoneClusterImpl-af67ac00-e673-4dc0-88ca-7b49334fe824/datanode-1/data/ratis/0c801895-3f42-40ef-a79b-21120fa99ba6 has been successfully formatted.
2019-09-26 16:05:46,922 [pool-127-thread-1] INFO  ratis.ContainerStateMachine (ContainerStateMachine.java:loadSnapshot(230)) - group-21120FA99BA6: The snapshot info is null. Setting the last applied indexto:(t:0, i:~)
2019-09-26 16:05:46,922 [pool-127-thread-1] INFO  server.RaftServerConfigKeys (ConfUtils.java:logGet(43)) - raft.server.notification.no-leader.timeout = 120s (custom)
2019-09-26 16:05:46,922 [pool-127-thread-1] INFO  server.RaftServerConfigKeys (ConfUtils.java:logGet(43)) - raft.server.log.use.memory = false (default)
2019-09-26 16:05:46,922 [pool-127-thread-1] INFO  server.RaftServerConfigKeys (ConfUtils.java:logGet(43)) - raft.server.log.purge.gap = 1000000 (custom)
2019-09-26 16:05:46,923 [pool-127-thread-1] INFO  server.RaftServerConfigKeys (ConfUtils.java:logGet(43)) - raft.server.log.appender.buffer.byte-limit = 33554432 (custom)
2019-09-26 16:05:46,923 [pool-127-thread-1] INFO  server.RaftServerConfigKeys (ConfUtils.java:logGet(43)) - raft.server.log.segment.size.max = 1048576 (custom)
2019-09-26 16:05:46,923 [pool-127-thread-1] INFO  server.RaftServerConfigKeys (ConfUtils.java:logGet(43)) - raft.server.log.segment.cache.num.max = 2 (custom)
2019-09-26 16:05:46,923 [pool-127-thread-1] INFO  segmented.SegmentedRaftLogWorker (SegmentedRaftLogWorker.java:<init>(172)) - new 4114f39e-2137-4ef9-80cf-d1972135e71d@group-21120FA99BA6-SegmentedRaftLogWorker for RaftStorage:Storage Directory /workdir/hadoop-ozone/integration-test/target/test-dir/MiniOzoneClusterImpl-af67ac00-e673-4dc0-88ca-7b49334fe824/datanode-1/data/ratis/0c801895-3f42-40ef-a79b-21120fa99ba6
2019-09-26 16:05:46,926 [pool-127-thread-1] INFO  server.RaftServerConfigKeys (ConfUtils.java:logGet(43)) - raft.server.log.queue.byte-limit = 2147483647 (custom)
2019-09-26 16:05:46,927 [pool-127-thread-1] INFO  server.RaftServerConfigKeys (ConfUtils.java:logGet(43)) - raft.server.log.queue.element-limit = 1024 (custom)
2019-09-26 16:05:46,927 [pool-127-thread-1] INFO  server.RaftServerConfigKeys (ConfUtils.java:logGet(43)) - raft.server.log.segment.size.max = 1048576 (custom)
2019-09-26 16:05:46,927 [pool-127-thread-1] INFO  server.RaftServerConfigKeys (ConfUtils.java:logGet(43)) - raft.server.log.preallocated.size = 16384 (custom)
2019-09-26 16:05:46,927 [pool-127-thread-1] INFO  server.RaftServerConfigKeys (ConfUtils.java:logGet(43)) - raft.server.log.write.buffer.size = 33554432 (custom)
2019-09-26 16:05:46,927 [pool-127-thread-1] INFO  server.RaftServerConfigKeys (ConfUtils.java:logGet(43)) - raft.server.log.force.sync.num = 128 (default)
2019-09-26 16:05:46,928 [pool-127-thread-1] INFO  server.RaftServerConfigKeys (ConfUtils.java:logGet(43)) - raft.server.log.statemachine.data.sync = true (default)
2019-09-26 16:05:46,928 [pool-127-thread-1] INFO  server.RaftServerConfigKeys (ConfUtils.java:logGet(43)) - raft.server.log.statemachine.data.sync.timeout = 10s (default)
2019-09-26 16:05:46,928 [pool-127-thread-1] INFO  server.RaftServerConfigKeys (ConfUtils.java:logGet(43)) - raft.server.log.statemachine.data.sync.timeout.retry = -1 (default)
2019-09-26 16:05:46,928 [pool-127-thread-1] INFO  server.RaftServerConfigKeys (ConfUtils.java:logGet(43)) - raft.server.log.statemachine.data.caching.enabled = true (custom)
2019-09-26 16:05:46,929 [pool-127-thread-1] INFO  segmented.SegmentedRaftLogWorker (SegmentedRaftLogWorker.java:lambda$new$0(132)) - 4114f39e-2137-4ef9-80cf-d1972135e71d@group-21120FA99BA6-SegmentedRaftLogWorker: flushIndex: setUnconditionally 0 -> -1
2019-09-26 16:05:46,929 [pool-127-thread-1] INFO  server.RaftServerConfigKeys (ConfUtils.java:logGet(43)) - raft.server.snapshot.auto.trigger.enabled = true (custom)
2019-09-26 16:05:46,930 [pool-127-thread-1] INFO  server.RaftServerConfigKeys (ConfUtils.java:logGet(43)) - raft.server.snapshot.auto.trigger.threshold = 10000 (custom)
2019-09-26 16:05:46,930 [pool-127-thread-1] INFO  server.RaftServerConfigKeys (ConfUtils.java:logGet(43)) - raft.server.snapshot.retention.num.files = 5 (custom)
2019-09-26 16:05:46,930 [pool-127-thread-1] INFO  server.RaftServerConfigKeys (ConfUtils.java:logGet(43)) - raft.server.retrycache.expirytime = 600000ms (custom)
2019-09-26 16:05:46,933 [pool-127-thread-1] INFO  impl.RaftServerImpl (RaftServerImpl.java:start(185)) - 4114f39e-2137-4ef9-80cf-d1972135e71d@group-21120FA99BA6: start as a follower, conf=-1: [4114f39e-2137-4ef9-80cf-d1972135e71d:192.168.157.234:44854], old=null
2019-09-26 16:05:46,934 [pool-127-thread-1] INFO  impl.RaftServerImpl (RaftServerImpl.java:setRole(174)) - 4114f39e-2137-4ef9-80cf-d1972135e71d@group-21120FA99BA6: changes role from      null to FOLLOWER at term 0 for startAsFollower
2019-09-26 16:05:46,934 [pool-127-thread-1] INFO  impl.RoleInfo (RoleInfo.java:updateAndGet(143)) - 4114f39e-2137-4ef9-80cf-d1972135e71d: start FollowerState
2019-09-26 16:05:46,934 [pool-127-thread-1] INFO  util.JmxRegister (JmxRegister.java:tryRegister(44)) - Successfully registered JMX Bean with object name Ratis:service=RaftServer,group=group-21120FA99BA6,id=4114f39e-2137-4ef9-80cf-d1972135e71d
2019-09-26 16:05:46,941 [RatisPipelineUtilsThread] INFO  pipeline.PipelineStateManager (PipelineStateManager.java:addPipeline(56)) - Created pipeline Pipeline[ Id: 0c801895-3f42-40ef-a79b-21120fa99ba6, Nodes: 4114f39e-2137-4ef9-80cf-d1972135e71d{ip: 192.168.157.234, host: pr-hdds-2162-htzpk-1451759861, networkLocation: /default-rack, certSerialId: null}, Type:RATIS, Factor:ONE, State:OPEN]
2019-09-26 16:05:46,955 [grpc-default-executor-0] INFO  impl.RaftServerProxy (RaftServerProxy.java:addNew(89)) - eceeeb53-0a64-40d1-8165-8060b1e5e631: addNew group-AE608F9D485A:[eceeeb53-0a64-40d1-8165-8060b1e5e631:192.168.157.234:41381] returns group-AE608F9D485A:java.util.concurrent.CompletableFuture@7d0552ce[Not completed]
2019-09-26 16:05:46,960 [pool-137-thread-1] INFO  impl.RaftServerImpl (RaftServerImpl.java:<init>(95)) - eceeeb53-0a64-40d1-8165-8060b1e5e631: new RaftServerImpl for group-AE608F9D485A:[eceeeb53-0a64-40d1-8165-8060b1e5e631:192.168.157.234:41381] with ContainerStateMachine:uninitialized
2019-09-26 16:05:46,961 [pool-137-thread-1] INFO  server.RaftServerConfigKeys (ConfUtils.java:logGet(43)) - raft.server.rpc.timeout.min = 5s (custom)
2019-09-26 16:05:46,961 [pool-137-thread-1] INFO  server.RaftServerConfigKeys (ConfUtils.java:logGet(43)) - raft.server.rpc.timeout.max = 5200ms (custom)
2019-09-26 16:05:46,961 [pool-137-thread-1] INFO  server.RaftServerConfigKeys (ConfUtils.java:logGet(43)) - raft.server.rpcslowness.timeout = 120s (custom)
2019-09-26 16:05:46,961 [pool-137-thread-1] INFO  server.RaftServerConfigKeys (ConfUtils.java:logGet(43)) - raft.server.sleep.deviation.threshold = 300 (default)
2019-09-26 16:05:46,961 [pool-137-thread-1] INFO  server.RaftServerConfigKeys (ConfUtils.java:logGet(43)) - raft.server.log.appender.install.snapshot.enabled = false (custom)
2019-09-26 16:05:46,962 [pool-137-thread-1] INFO  impl.RaftServerImpl (ServerState.java:<init>(103)) - eceeeb53-0a64-40d1-8165-8060b1e5e631@group-AE608F9D485A: ConfigurationManager, init=-1: [eceeeb53-0a64-40d1-8165-8060b1e5e631:192.168.157.234:41381], old=null, confs=<EMPTY_MAP>
2019-09-26 16:05:46,962 [pool-137-thread-1] INFO  server.RaftServerConfigKeys (ConfUtils.java:logGet(43)) - raft.server.storage.dir = [/workdir/hadoop-ozone/integration-test/target/test-dir/MiniOzoneClusterImpl-af67ac00-e673-4dc0-88ca-7b49334fe824/datanode-2/data/ratis] (custom)
2019-09-26 16:05:46,962 [IPC Server handler 6 on 35621] INFO  net.NetworkTopology (NetworkTopologyImpl.java:add(111)) - Added a new node: /default-rack/308cfd6e-1ef3-4349-b86c-3560b39e7009
2019-09-26 16:05:46,962 [pool-137-thread-1] INFO  storage.RaftStorageDirectory (RaftStorageDirectory.java:analyzeStorage(246)) - The storage directory /workdir/hadoop-ozone/integration-test/target/test-dir/MiniOzoneClusterImpl-af67ac00-e673-4dc0-88ca-7b49334fe824/datanode-2/data/ratis/ddf4b2d2-1217-4aba-99a4-ae608f9d485a does not exist. Creating ...
2019-09-26 16:05:46,962 [IPC Server handler 6 on 35621] INFO  node.SCMNodeManager (SCMNodeManager.java:register(266)) - Registered Data node : 308cfd6e-1ef3-4349-b86c-3560b39e7009{ip: 192.168.157.234, host: pr-hdds-2162-htzpk-1451759861, networkLocation: /default-rack, certSerialId: null}
2019-09-26 16:05:46,975 [pool-137-thread-1] INFO  storage.RaftStorageDirectory (RaftStorageDirectory.java:tryLock(328)) - Lock on /workdir/hadoop-ozone/integration-test/target/test-dir/MiniOzoneClusterImpl-af67ac00-e673-4dc0-88ca-7b49334fe824/datanode-2/data/ratis/ddf4b2d2-1217-4aba-99a4-ae608f9d485a/in_use.lock acquired by nodename 31074@pr-hdds-2162-htzpk-1451759861
2019-09-26 16:05:46,989 [pool-137-thread-1] INFO  storage.RaftStorage (RaftStorage.java:format(72)) - Storage directory /workdir/hadoop-ozone/integration-test/target/test-dir/MiniOzoneClusterImpl-af67ac00-e673-4dc0-88ca-7b49334fe824/datanode-2/data/ratis/ddf4b2d2-1217-4aba-99a4-ae608f9d485a has been successfully formatted.
2019-09-26 16:05:46,990 [pool-137-thread-1] INFO  ratis.ContainerStateMachine (ContainerStateMachine.java:loadSnapshot(230)) - group-AE608F9D485A: The snapshot info is null. Setting the last applied indexto:(t:0, i:~)
2019-09-26 16:05:46,990 [pool-137-thread-1] INFO  server.RaftServerConfigKeys (ConfUtils.java:logGet(43)) - raft.server.notification.no-leader.timeout = 120s (custom)
2019-09-26 16:05:46,990 [pool-137-thread-1] INFO  server.RaftServerConfigKeys (ConfUtils.java:logGet(43)) - raft.server.log.use.memory = false (default)
2019-09-26 16:05:46,990 [pool-137-thread-1] INFO  server.RaftServerConfigKeys (ConfUtils.java:logGet(43)) - raft.server.log.purge.gap = 1000000 (custom)
2019-09-26 16:05:46,990 [pool-137-thread-1] INFO  server.RaftServerConfigKeys (ConfUtils.java:logGet(43)) - raft.server.log.appender.buffer.byte-limit = 33554432 (custom)
2019-09-26 16:05:46,991 [pool-137-thread-1] INFO  server.RaftServerConfigKeys (ConfUtils.java:logGet(43)) - raft.server.log.segment.size.max = 1048576 (custom)
2019-09-26 16:05:46,991 [pool-137-thread-1] INFO  server.RaftServerConfigKeys (ConfUtils.java:logGet(43)) - raft.server.log.segment.cache.num.max = 2 (custom)
2019-09-26 16:05:46,991 [pool-137-thread-1] INFO  segmented.SegmentedRaftLogWorker (SegmentedRaftLogWorker.java:<init>(172)) - new eceeeb53-0a64-40d1-8165-8060b1e5e631@group-AE608F9D485A-SegmentedRaftLogWorker for RaftStorage:Storage Directory /workdir/hadoop-ozone/integration-test/target/test-dir/MiniOzoneClusterImpl-af67ac00-e673-4dc0-88ca-7b49334fe824/datanode-2/data/ratis/ddf4b2d2-1217-4aba-99a4-ae608f9d485a
2019-09-26 16:05:46,994 [pool-137-thread-1] INFO  server.RaftServerConfigKeys (ConfUtils.java:logGet(43)) - raft.server.log.queue.byte-limit = 2147483647 (custom)
2019-09-26 16:05:46,994 [pool-137-thread-1] INFO  server.RaftServerConfigKeys (ConfUtils.java:logGet(43)) - raft.server.log.queue.element-limit = 1024 (custom)
2019-09-26 16:05:46,994 [pool-137-thread-1] INFO  server.RaftServerConfigKeys (ConfUtils.java:logGet(43)) - raft.server.log.segment.size.max = 1048576 (custom)
2019-09-26 16:05:46,994 [pool-137-thread-1] INFO  server.RaftServerConfigKeys (ConfUtils.java:logGet(43)) - raft.server.log.preallocated.size = 16384 (custom)
2019-09-26 16:05:46,995 [pool-137-thread-1] INFO  server.RaftServerConfigKeys (ConfUtils.java:logGet(43)) - raft.server.log.write.buffer.size = 33554432 (custom)
2019-09-26 16:05:46,995 [pool-137-thread-1] INFO  server.RaftServerConfigKeys (ConfUtils.java:logGet(43)) - raft.server.log.force.sync.num = 128 (default)
2019-09-26 16:05:46,995 [pool-137-thread-1] INFO  server.RaftServerConfigKeys (ConfUtils.java:logGet(43)) - raft.server.log.statemachine.data.sync = true (default)
2019-09-26 16:05:46,995 [pool-137-thread-1] INFO  server.RaftServerConfigKeys (ConfUtils.java:logGet(43)) - raft.server.log.statemachine.data.sync.timeout = 10s (default)
2019-09-26 16:05:46,995 [pool-137-thread-1] INFO  server.RaftServerConfigKeys (ConfUtils.java:logGet(43)) - raft.server.log.statemachine.data.sync.timeout.retry = -1 (default)
2019-09-26 16:05:46,996 [pool-137-thread-1] INFO  server.RaftServerConfigKeys (ConfUtils.java:logGet(43)) - raft.server.log.statemachine.data.caching.enabled = true (custom)
2019-09-26 16:05:46,996 [pool-137-thread-1] INFO  segmented.SegmentedRaftLogWorker (SegmentedRaftLogWorker.java:lambda$new$0(132)) - eceeeb53-0a64-40d1-8165-8060b1e5e631@group-AE608F9D485A-SegmentedRaftLogWorker: flushIndex: setUnconditionally 0 -> -1
2019-09-26 16:05:46,997 [pool-137-thread-1] INFO  server.RaftServerConfigKeys (ConfUtils.java:logGet(43)) - raft.server.snapshot.auto.trigger.enabled = true (custom)
2019-09-26 16:05:46,997 [pool-137-thread-1] INFO  server.RaftServerConfigKeys (ConfUtils.java:logGet(43)) - raft.server.snapshot.auto.trigger.threshold = 10000 (custom)
2019-09-26 16:05:46,997 [pool-137-thread-1] INFO  server.RaftServerConfigKeys (ConfUtils.java:logGet(43)) - raft.server.snapshot.retention.num.files = 5 (custom)
2019-09-26 16:05:46,997 [pool-137-thread-1] INFO  server.RaftServerConfigKeys (ConfUtils.java:logGet(43)) - raft.server.retrycache.expirytime = 600000ms (custom)
2019-09-26 16:05:47,000 [pool-137-thread-1] INFO  impl.RaftServerImpl (RaftServerImpl.java:start(185)) - eceeeb53-0a64-40d1-8165-8060b1e5e631@group-AE608F9D485A: start as a follower, conf=-1: [eceeeb53-0a64-40d1-8165-8060b1e5e631:192.168.157.234:41381], old=null
2019-09-26 16:05:47,000 [pool-137-thread-1] INFO  impl.RaftServerImpl (RaftServerImpl.java:setRole(174)) - eceeeb53-0a64-40d1-8165-8060b1e5e631@group-AE608F9D485A: changes role from      null to FOLLOWER at term 0 for startAsFollower
2019-09-26 16:05:47,000 [pool-137-thread-1] INFO  impl.RoleInfo (RoleInfo.java:updateAndGet(143)) - eceeeb53-0a64-40d1-8165-8060b1e5e631: start FollowerState
2019-09-26 16:05:47,001 [pool-137-thread-1] INFO  util.JmxRegister (JmxRegister.java:tryRegister(44)) - Successfully registered JMX Bean with object name Ratis:service=RaftServer,group=group-AE608F9D485A,id=eceeeb53-0a64-40d1-8165-8060b1e5e631
2019-09-26 16:05:47,006 [RatisPipelineUtilsThread] INFO  pipeline.PipelineStateManager (PipelineStateManager.java:addPipeline(56)) - Created pipeline Pipeline[ Id: ddf4b2d2-1217-4aba-99a4-ae608f9d485a, Nodes: eceeeb53-0a64-40d1-8165-8060b1e5e631{ip: 192.168.157.234, host: pr-hdds-2162-htzpk-1451759861, networkLocation: /default-rack, certSerialId: null}, Type:RATIS, Factor:ONE, State:OPEN]
2019-09-26 16:05:47,020 [grpc-default-executor-0] INFO  impl.RaftServerProxy (RaftServerProxy.java:addNew(89)) - 308cfd6e-1ef3-4349-b86c-3560b39e7009: addNew group-4B1CBFF860DF:[308cfd6e-1ef3-4349-b86c-3560b39e7009:192.168.157.234:42268] returns group-4B1CBFF860DF:java.util.concurrent.CompletableFuture@2547b598[Not completed]
2019-09-26 16:05:47,026 [pool-147-thread-1] INFO  impl.RaftServerImpl (RaftServerImpl.java:<init>(95)) - 308cfd6e-1ef3-4349-b86c-3560b39e7009: new RaftServerImpl for group-4B1CBFF860DF:[308cfd6e-1ef3-4349-b86c-3560b39e7009:192.168.157.234:42268] with ContainerStateMachine:uninitialized
2019-09-26 16:05:47,027 [pool-147-thread-1] INFO  server.RaftServerConfigKeys (ConfUtils.java:logGet(43)) - raft.server.rpc.timeout.min = 5s (custom)
2019-09-26 16:05:47,027 [pool-147-thread-1] INFO  server.RaftServerConfigKeys (ConfUtils.java:logGet(43)) - raft.server.rpc.timeout.max = 5200ms (custom)
2019-09-26 16:05:47,027 [pool-147-thread-1] INFO  server.RaftServerConfigKeys (ConfUtils.java:logGet(43)) - raft.server.rpcslowness.timeout = 120s (custom)
2019-09-26 16:05:47,027 [pool-147-thread-1] INFO  server.RaftServerConfigKeys (ConfUtils.java:logGet(43)) - raft.server.sleep.deviation.threshold = 300 (default)
2019-09-26 16:05:47,027 [pool-147-thread-1] INFO  server.RaftServerConfigKeys (ConfUtils.java:logGet(43)) - raft.server.log.appender.install.snapshot.enabled = false (custom)
2019-09-26 16:05:47,027 [pool-147-thread-1] INFO  impl.RaftServerImpl (ServerState.java:<init>(103)) - 308cfd6e-1ef3-4349-b86c-3560b39e7009@group-4B1CBFF860DF: ConfigurationManager, init=-1: [308cfd6e-1ef3-4349-b86c-3560b39e7009:192.168.157.234:42268], old=null, confs=<EMPTY_MAP>
2019-09-26 16:05:47,028 [pool-147-thread-1] INFO  server.RaftServerConfigKeys (ConfUtils.java:logGet(43)) - raft.server.storage.dir = [/workdir/hadoop-ozone/integration-test/target/test-dir/MiniOzoneClusterImpl-af67ac00-e673-4dc0-88ca-7b49334fe824/datanode-3/data/ratis] (custom)
2019-09-26 16:05:47,028 [pool-147-thread-1] INFO  storage.RaftStorageDirectory (RaftStorageDirectory.java:analyzeStorage(246)) - The storage directory /workdir/hadoop-ozone/integration-test/target/test-dir/MiniOzoneClusterImpl-af67ac00-e673-4dc0-88ca-7b49334fe824/datanode-3/data/ratis/3e0a6428-243d-48f6-93de-4b1cbff860df does not exist. Creating ...
2019-09-26 16:05:47,038 [IPC Server handler 0 on 35621] INFO  net.NetworkTopology (NetworkTopologyImpl.java:add(111)) - Added a new node: /default-rack/36c748ab-6e2f-4bd5-8311-2939c6be6aae
2019-09-26 16:05:47,039 [IPC Server handler 0 on 35621] INFO  node.SCMNodeManager (SCMNodeManager.java:register(266)) - Registered Data node : 36c748ab-6e2f-4bd5-8311-2939c6be6aae{ip: 192.168.157.234, host: pr-hdds-2162-htzpk-1451759861, networkLocation: /default-rack, certSerialId: null}
2019-09-26 16:05:47,041 [pool-147-thread-1] INFO  storage.RaftStorageDirectory (RaftStorageDirectory.java:tryLock(328)) - Lock on /workdir/hadoop-ozone/integration-test/target/test-dir/MiniOzoneClusterImpl-af67ac00-e673-4dc0-88ca-7b49334fe824/datanode-3/data/ratis/3e0a6428-243d-48f6-93de-4b1cbff860df/in_use.lock acquired by nodename 31074@pr-hdds-2162-htzpk-1451759861
2019-09-26 16:05:47,055 [pool-147-thread-1] INFO  storage.RaftStorage (RaftStorage.java:format(72)) - Storage directory /workdir/hadoop-ozone/integration-test/target/test-dir/MiniOzoneClusterImpl-af67ac00-e673-4dc0-88ca-7b49334fe824/datanode-3/data/ratis/3e0a6428-243d-48f6-93de-4b1cbff860df has been successfully formatted.
2019-09-26 16:05:47,056 [pool-147-thread-1] INFO  ratis.ContainerStateMachine (ContainerStateMachine.java:loadSnapshot(230)) - group-4B1CBFF860DF: The snapshot info is null. Setting the last applied indexto:(t:0, i:~)
2019-09-26 16:05:47,056 [pool-147-thread-1] INFO  server.RaftServerConfigKeys (ConfUtils.java:logGet(43)) - raft.server.notification.no-leader.timeout = 120s (custom)
2019-09-26 16:05:47,057 [pool-147-thread-1] INFO  server.RaftServerConfigKeys (ConfUtils.java:logGet(43)) - raft.server.log.use.memory = false (default)
2019-09-26 16:05:47,057 [pool-147-thread-1] INFO  server.RaftServerConfigKeys (ConfUtils.java:logGet(43)) - raft.server.log.purge.gap = 1000000 (custom)
2019-09-26 16:05:47,057 [pool-147-thread-1] INFO  server.RaftServerConfigKeys (ConfUtils.java:logGet(43)) - raft.server.log.appender.buffer.byte-limit = 33554432 (custom)
2019-09-26 16:05:47,057 [pool-147-thread-1] INFO  server.RaftServerConfigKeys (ConfUtils.java:logGet(43)) - raft.server.log.segment.size.max = 1048576 (custom)
2019-09-26 16:05:47,057 [pool-147-thread-1] INFO  server.RaftServerConfigKeys (ConfUtils.java:logGet(43)) - raft.server.log.segment.cache.num.max = 2 (custom)
2019-09-26 16:05:47,058 [pool-147-thread-1] INFO  segmented.SegmentedRaftLogWorker (SegmentedRaftLogWorker.java:<init>(172)) - new 308cfd6e-1ef3-4349-b86c-3560b39e7009@group-4B1CBFF860DF-SegmentedRaftLogWorker for RaftStorage:Storage Directory /workdir/hadoop-ozone/integration-test/target/test-dir/MiniOzoneClusterImpl-af67ac00-e673-4dc0-88ca-7b49334fe824/datanode-3/data/ratis/3e0a6428-243d-48f6-93de-4b1cbff860df
2019-09-26 16:05:47,062 [pool-147-thread-1] INFO  server.RaftServerConfigKeys (ConfUtils.java:logGet(43)) - raft.server.log.queue.byte-limit = 2147483647 (custom)
2019-09-26 16:05:47,062 [pool-147-thread-1] INFO  server.RaftServerConfigKeys (ConfUtils.java:logGet(43)) - raft.server.log.queue.element-limit = 1024 (custom)
2019-09-26 16:05:47,062 [pool-147-thread-1] INFO  server.RaftServerConfigKeys (ConfUtils.java:logGet(43)) - raft.server.log.segment.size.max = 1048576 (custom)
2019-09-26 16:05:47,062 [pool-147-thread-1] INFO  server.RaftServerConfigKeys (ConfUtils.java:logGet(43)) - raft.server.log.preallocated.size = 16384 (custom)
2019-09-26 16:05:47,063 [pool-147-thread-1] INFO  server.RaftServerConfigKeys (ConfUtils.java:logGet(43)) - raft.server.log.write.buffer.size = 33554432 (custom)
2019-09-26 16:05:47,063 [pool-147-thread-1] INFO  server.RaftServerConfigKeys (ConfUtils.java:logGet(43)) - raft.server.log.force.sync.num = 128 (default)
2019-09-26 16:05:47,063 [pool-147-thread-1] INFO  server.RaftServerConfigKeys (ConfUtils.java:logGet(43)) - raft.server.log.statemachine.data.sync = true (default)
2019-09-26 16:05:47,063 [pool-147-thread-1] INFO  server.RaftServerConfigKeys (ConfUtils.java:logGet(43)) - raft.server.log.statemachine.data.sync.timeout = 10s (default)
2019-09-26 16:05:47,063 [pool-147-thread-1] INFO  server.RaftServerConfigKeys (ConfUtils.java:logGet(43)) - raft.server.log.statemachine.data.sync.timeout.retry = -1 (default)
2019-09-26 16:05:47,064 [pool-147-thread-1] INFO  server.RaftServerConfigKeys (ConfUtils.java:logGet(43)) - raft.server.log.statemachine.data.caching.enabled = true (custom)
2019-09-26 16:05:47,064 [pool-147-thread-1] INFO  segmented.SegmentedRaftLogWorker (SegmentedRaftLogWorker.java:lambda$new$0(132)) - 308cfd6e-1ef3-4349-b86c-3560b39e7009@group-4B1CBFF860DF-SegmentedRaftLogWorker: flushIndex: setUnconditionally 0 -> -1
2019-09-26 16:05:47,065 [pool-147-thread-1] INFO  server.RaftServerConfigKeys (ConfUtils.java:logGet(43)) - raft.server.snapshot.auto.trigger.enabled = true (custom)
2019-09-26 16:05:47,065 [pool-147-thread-1] INFO  server.RaftServerConfigKeys (ConfUtils.java:logGet(43)) - raft.server.snapshot.auto.trigger.threshold = 10000 (custom)
2019-09-26 16:05:47,065 [pool-147-thread-1] INFO  server.RaftServerConfigKeys (ConfUtils.java:logGet(43)) - raft.server.snapshot.retention.num.files = 5 (custom)
2019-09-26 16:05:47,065 [pool-147-thread-1] INFO  server.RaftServerConfigKeys (ConfUtils.java:logGet(43)) - raft.server.retrycache.expirytime = 600000ms (custom)
2019-09-26 16:05:47,069 [pool-147-thread-1] INFO  impl.RaftServerImpl (RaftServerImpl.java:start(185)) - 308cfd6e-1ef3-4349-b86c-3560b39e7009@group-4B1CBFF860DF: start as a follower, conf=-1: [308cfd6e-1ef3-4349-b86c-3560b39e7009:192.168.157.234:42268], old=null
2019-09-26 16:05:47,069 [pool-147-thread-1] INFO  impl.RaftServerImpl (RaftServerImpl.java:setRole(174)) - 308cfd6e-1ef3-4349-b86c-3560b39e7009@group-4B1CBFF860DF: changes role from      null to FOLLOWER at term 0 for startAsFollower
2019-09-26 16:05:47,069 [pool-147-thread-1] INFO  impl.RoleInfo (RoleInfo.java:updateAndGet(143)) - 308cfd6e-1ef3-4349-b86c-3560b39e7009: start FollowerState
2019-09-26 16:05:47,070 [pool-147-thread-1] INFO  util.JmxRegister (JmxRegister.java:tryRegister(44)) - Successfully registered JMX Bean with object name Ratis:service=RaftServer,group=group-4B1CBFF860DF,id=308cfd6e-1ef3-4349-b86c-3560b39e7009
2019-09-26 16:05:47,077 [RatisPipelineUtilsThread] INFO  pipeline.PipelineStateManager (PipelineStateManager.java:addPipeline(56)) - Created pipeline Pipeline[ Id: 3e0a6428-243d-48f6-93de-4b1cbff860df, Nodes: 308cfd6e-1ef3-4349-b86c-3560b39e7009{ip: 192.168.157.234, host: pr-hdds-2162-htzpk-1451759861, networkLocation: /default-rack, certSerialId: null}, Type:RATIS, Factor:ONE, State:OPEN]
2019-09-26 16:05:47,091 [grpc-default-executor-0] INFO  impl.RaftServerProxy (RaftServerProxy.java:addNew(89)) - 36c748ab-6e2f-4bd5-8311-2939c6be6aae: addNew group-778A4F74CD95:[36c748ab-6e2f-4bd5-8311-2939c6be6aae:192.168.157.234:46293] returns group-778A4F74CD95:java.util.concurrent.CompletableFuture@2cb64c12[Not completed]
2019-09-26 16:05:47,096 [pool-157-thread-1] INFO  impl.RaftServerImpl (RaftServerImpl.java:<init>(95)) - 36c748ab-6e2f-4bd5-8311-2939c6be6aae: new RaftServerImpl for group-778A4F74CD95:[36c748ab-6e2f-4bd5-8311-2939c6be6aae:192.168.157.234:46293] with ContainerStateMachine:uninitialized
2019-09-26 16:05:47,097 [pool-157-thread-1] INFO  server.RaftServerConfigKeys (ConfUtils.java:logGet(43)) - raft.server.rpc.timeout.min = 5s (custom)
2019-09-26 16:05:47,097 [pool-157-thread-1] INFO  server.RaftServerConfigKeys (ConfUtils.java:logGet(43)) - raft.server.rpc.timeout.max = 5200ms (custom)
2019-09-26 16:05:47,097 [pool-157-thread-1] INFO  server.RaftServerConfigKeys (ConfUtils.java:logGet(43)) - raft.server.rpcslowness.timeout = 120s (custom)
2019-09-26 16:05:47,097 [pool-157-thread-1] INFO  server.RaftServerConfigKeys (ConfUtils.java:logGet(43)) - raft.server.sleep.deviation.threshold = 300 (default)
2019-09-26 16:05:47,097 [pool-157-thread-1] INFO  server.RaftServerConfigKeys (ConfUtils.java:logGet(43)) - raft.server.log.appender.install.snapshot.enabled = false (custom)
2019-09-26 16:05:47,097 [pool-157-thread-1] INFO  impl.RaftServerImpl (ServerState.java:<init>(103)) - 36c748ab-6e2f-4bd5-8311-2939c6be6aae@group-778A4F74CD95: ConfigurationManager, init=-1: [36c748ab-6e2f-4bd5-8311-2939c6be6aae:192.168.157.234:46293], old=null, confs=<EMPTY_MAP>
2019-09-26 16:05:47,098 [pool-157-thread-1] INFO  server.RaftServerConfigKeys (ConfUtils.java:logGet(43)) - raft.server.storage.dir = [/workdir/hadoop-ozone/integration-test/target/test-dir/MiniOzoneClusterImpl-af67ac00-e673-4dc0-88ca-7b49334fe824/datanode-4/data/ratis] (custom)
2019-09-26 16:05:47,098 [pool-157-thread-1] INFO  storage.RaftStorageDirectory (RaftStorageDirectory.java:analyzeStorage(246)) - The storage directory /workdir/hadoop-ozone/integration-test/target/test-dir/MiniOzoneClusterImpl-af67ac00-e673-4dc0-88ca-7b49334fe824/datanode-4/data/ratis/ef5d9a8e-21c1-4070-8209-778a4f74cd95 does not exist. Creating ...
2019-09-26 16:05:47,103 [IPC Server handler 1 on 35621] INFO  net.NetworkTopology (NetworkTopologyImpl.java:add(111)) - Added a new node: /default-rack/8214dcd7-9039-498f-bb6d-268e472c0f13
2019-09-26 16:05:47,104 [IPC Server handler 1 on 35621] INFO  node.SCMNodeManager (SCMNodeManager.java:register(266)) - Registered Data node : 8214dcd7-9039-498f-bb6d-268e472c0f13{ip: 192.168.157.234, host: pr-hdds-2162-htzpk-1451759861, networkLocation: /default-rack, certSerialId: null}
2019-09-26 16:05:47,111 [pool-157-thread-1] INFO  storage.RaftStorageDirectory (RaftStorageDirectory.java:tryLock(328)) - Lock on /workdir/hadoop-ozone/integration-test/target/test-dir/MiniOzoneClusterImpl-af67ac00-e673-4dc0-88ca-7b49334fe824/datanode-4/data/ratis/ef5d9a8e-21c1-4070-8209-778a4f74cd95/in_use.lock acquired by nodename 31074@pr-hdds-2162-htzpk-1451759861
2019-09-26 16:05:47,147 [pool-157-thread-1] INFO  storage.RaftStorage (RaftStorage.java:format(72)) - Storage directory /workdir/hadoop-ozone/integration-test/target/test-dir/MiniOzoneClusterImpl-af67ac00-e673-4dc0-88ca-7b49334fe824/datanode-4/data/ratis/ef5d9a8e-21c1-4070-8209-778a4f74cd95 has been successfully formatted.
2019-09-26 16:05:47,148 [pool-157-thread-1] INFO  ratis.ContainerStateMachine (ContainerStateMachine.java:loadSnapshot(230)) - group-778A4F74CD95: The snapshot info is null. Setting the last applied indexto:(t:0, i:~)
2019-09-26 16:05:47,148 [pool-157-thread-1] INFO  server.RaftServerConfigKeys (ConfUtils.java:logGet(43)) - raft.server.notification.no-leader.timeout = 120s (custom)
2019-09-26 16:05:47,148 [pool-157-thread-1] INFO  server.RaftServerConfigKeys (ConfUtils.java:logGet(43)) - raft.server.log.use.memory = false (default)
2019-09-26 16:05:47,148 [pool-157-thread-1] INFO  server.RaftServerConfigKeys (ConfUtils.java:logGet(43)) - raft.server.log.purge.gap = 1000000 (custom)
2019-09-26 16:05:47,149 [pool-157-thread-1] INFO  server.RaftServerConfigKeys (ConfUtils.java:logGet(43)) - raft.server.log.appender.buffer.byte-limit = 33554432 (custom)
2019-09-26 16:05:47,149 [pool-157-thread-1] INFO  server.RaftServerConfigKeys (ConfUtils.java:logGet(43)) - raft.server.log.segment.size.max = 1048576 (custom)
2019-09-26 16:05:47,149 [pool-157-thread-1] INFO  server.RaftServerConfigKeys (ConfUtils.java:logGet(43)) - raft.server.log.segment.cache.num.max = 2 (custom)
2019-09-26 16:05:47,149 [pool-157-thread-1] INFO  segmented.SegmentedRaftLogWorker (SegmentedRaftLogWorker.java:<init>(172)) - new 36c748ab-6e2f-4bd5-8311-2939c6be6aae@group-778A4F74CD95-SegmentedRaftLogWorker for RaftStorage:Storage Directory /workdir/hadoop-ozone/integration-test/target/test-dir/MiniOzoneClusterImpl-af67ac00-e673-4dc0-88ca-7b49334fe824/datanode-4/data/ratis/ef5d9a8e-21c1-4070-8209-778a4f74cd95
2019-09-26 16:05:47,152 [pool-157-thread-1] INFO  server.RaftServerConfigKeys (ConfUtils.java:logGet(43)) - raft.server.log.queue.byte-limit = 2147483647 (custom)
2019-09-26 16:05:47,152 [pool-157-thread-1] INFO  server.RaftServerConfigKeys (ConfUtils.java:logGet(43)) - raft.server.log.queue.element-limit = 1024 (custom)
2019-09-26 16:05:47,152 [pool-157-thread-1] INFO  server.RaftServerConfigKeys (ConfUtils.java:logGet(43)) - raft.server.log.segment.size.max = 1048576 (custom)
2019-09-26 16:05:47,153 [pool-157-thread-1] INFO  server.RaftServerConfigKeys (ConfUtils.java:logGet(43)) - raft.server.log.preallocated.size = 16384 (custom)
2019-09-26 16:05:47,153 [pool-157-thread-1] INFO  server.RaftServerConfigKeys (ConfUtils.java:logGet(43)) - raft.server.log.write.buffer.size = 33554432 (custom)
2019-09-26 16:05:47,153 [pool-157-thread-1] INFO  server.RaftServerConfigKeys (ConfUtils.java:logGet(43)) - raft.server.log.force.sync.num = 128 (default)
2019-09-26 16:05:47,153 [pool-157-thread-1] INFO  server.RaftServerConfigKeys (ConfUtils.java:logGet(43)) - raft.server.log.statemachine.data.sync = true (default)
2019-09-26 16:05:47,153 [pool-157-thread-1] INFO  server.RaftServerConfigKeys (ConfUtils.java:logGet(43)) - raft.server.log.statemachine.data.sync.timeout = 10s (default)
2019-09-26 16:05:47,153 [pool-157-thread-1] INFO  server.RaftServerConfigKeys (ConfUtils.java:logGet(43)) - raft.server.log.statemachine.data.sync.timeout.retry = -1 (default)
2019-09-26 16:05:47,154 [pool-157-thread-1] INFO  server.RaftServerConfigKeys (ConfUtils.java:logGet(43)) - raft.server.log.statemachine.data.caching.enabled = true (custom)
2019-09-26 16:05:47,154 [pool-157-thread-1] INFO  segmented.SegmentedRaftLogWorker (SegmentedRaftLogWorker.java:lambda$new$0(132)) - 36c748ab-6e2f-4bd5-8311-2939c6be6aae@group-778A4F74CD95-SegmentedRaftLogWorker: flushIndex: setUnconditionally 0 -> -1
2019-09-26 16:05:47,154 [pool-157-thread-1] INFO  server.RaftServerConfigKeys (ConfUtils.java:logGet(43)) - raft.server.snapshot.auto.trigger.enabled = true (custom)
2019-09-26 16:05:47,155 [pool-157-thread-1] INFO  server.RaftServerConfigKeys (ConfUtils.java:logGet(43)) - raft.server.snapshot.auto.trigger.threshold = 10000 (custom)
2019-09-26 16:05:47,155 [pool-157-thread-1] INFO  server.RaftServerConfigKeys (ConfUtils.java:logGet(43)) - raft.server.snapshot.retention.num.files = 5 (custom)
2019-09-26 16:05:47,155 [pool-157-thread-1] INFO  server.RaftServerConfigKeys (ConfUtils.java:logGet(43)) - raft.server.retrycache.expirytime = 600000ms (custom)
2019-09-26 16:05:47,157 [pool-157-thread-1] INFO  impl.RaftServerImpl (RaftServerImpl.java:start(185)) - 36c748ab-6e2f-4bd5-8311-2939c6be6aae@group-778A4F74CD95: start as a follower, conf=-1: [36c748ab-6e2f-4bd5-8311-2939c6be6aae:192.168.157.234:46293], old=null
2019-09-26 16:05:47,157 [pool-157-thread-1] INFO  impl.RaftServerImpl (RaftServerImpl.java:setRole(174)) - 36c748ab-6e2f-4bd5-8311-2939c6be6aae@group-778A4F74CD95: changes role from      null to FOLLOWER at term 0 for startAsFollower
2019-09-26 16:05:47,158 [pool-157-thread-1] INFO  impl.RoleInfo (RoleInfo.java:updateAndGet(143)) - 36c748ab-6e2f-4bd5-8311-2939c6be6aae: start FollowerState
2019-09-26 16:05:47,158 [pool-157-thread-1] INFO  util.JmxRegister (JmxRegister.java:tryRegister(44)) - Successfully registered JMX Bean with object name Ratis:service=RaftServer,group=group-778A4F74CD95,id=36c748ab-6e2f-4bd5-8311-2939c6be6aae
2019-09-26 16:05:47,165 [main] INFO  ozone.MiniOzoneClusterImpl (MiniOzoneClusterImpl.java:lambda$waitForClusterToBeReady$0(147)) - Waiting for cluster to be ready. Got 6 of 7 DN Heartbeats.
2019-09-26 16:05:47,167 [RatisPipelineUtilsThread] INFO  pipeline.PipelineStateManager (PipelineStateManager.java:addPipeline(56)) - Created pipeline Pipeline[ Id: ef5d9a8e-21c1-4070-8209-778a4f74cd95, Nodes: 36c748ab-6e2f-4bd5-8311-2939c6be6aae{ip: 192.168.157.234, host: pr-hdds-2162-htzpk-1451759861, networkLocation: /default-rack, certSerialId: null}, Type:RATIS, Factor:ONE, State:OPEN]
2019-09-26 16:05:47,167 [IPC Server handler 3 on 35621] INFO  net.NetworkTopology (NetworkTopologyImpl.java:add(111)) - Added a new node: /default-rack/4eb0591e-003a-4cce-b16f-5b85711c4d0d
2019-09-26 16:05:47,167 [IPC Server handler 3 on 35621] INFO  node.SCMNodeManager (SCMNodeManager.java:register(266)) - Registered Data node : 4eb0591e-003a-4cce-b16f-5b85711c4d0d{ip: 192.168.157.234, host: pr-hdds-2162-htzpk-1451759861, networkLocation: /default-rack, certSerialId: null}
2019-09-26 16:05:47,181 [grpc-default-executor-0] INFO  impl.RaftServerProxy (RaftServerProxy.java:addNew(89)) - 4eb0591e-003a-4cce-b16f-5b85711c4d0d: addNew group-87F3408112C2:[4eb0591e-003a-4cce-b16f-5b85711c4d0d:192.168.157.234:41570] returns group-87F3408112C2:java.util.concurrent.CompletableFuture@cca3a62[Not completed]
2019-09-26 16:05:47,186 [pool-177-thread-1] INFO  impl.RaftServerImpl (RaftServerImpl.java:<init>(95)) - 4eb0591e-003a-4cce-b16f-5b85711c4d0d: new RaftServerImpl for group-87F3408112C2:[4eb0591e-003a-4cce-b16f-5b85711c4d0d:192.168.157.234:41570] with ContainerStateMachine:uninitialized
2019-09-26 16:05:47,186 [pool-177-thread-1] INFO  server.RaftServerConfigKeys (ConfUtils.java:logGet(43)) - raft.server.rpc.timeout.min = 5s (custom)
2019-09-26 16:05:47,187 [pool-177-thread-1] INFO  server.RaftServerConfigKeys (ConfUtils.java:logGet(43)) - raft.server.rpc.timeout.max = 5200ms (custom)
2019-09-26 16:05:47,187 [pool-177-thread-1] INFO  server.RaftServerConfigKeys (ConfUtils.java:logGet(43)) - raft.server.rpcslowness.timeout = 120s (custom)
2019-09-26 16:05:47,187 [pool-177-thread-1] INFO  server.RaftServerConfigKeys (ConfUtils.java:logGet(43)) - raft.server.sleep.deviation.threshold = 300 (default)
2019-09-26 16:05:47,187 [pool-177-thread-1] INFO  server.RaftServerConfigKeys (ConfUtils.java:logGet(43)) - raft.server.log.appender.install.snapshot.enabled = false (custom)
2019-09-26 16:05:47,187 [pool-177-thread-1] INFO  impl.RaftServerImpl (ServerState.java:<init>(103)) - 4eb0591e-003a-4cce-b16f-5b85711c4d0d@group-87F3408112C2: ConfigurationManager, init=-1: [4eb0591e-003a-4cce-b16f-5b85711c4d0d:192.168.157.234:41570], old=null, confs=<EMPTY_MAP>
2019-09-26 16:05:47,187 [pool-177-thread-1] INFO  server.RaftServerConfigKeys (ConfUtils.java:logGet(43)) - raft.server.storage.dir = [/workdir/hadoop-ozone/integration-test/target/test-dir/MiniOzoneClusterImpl-af67ac00-e673-4dc0-88ca-7b49334fe824/datanode-6/data/ratis] (custom)
2019-09-26 16:05:47,188 [pool-177-thread-1] INFO  storage.RaftStorageDirectory (RaftStorageDirectory.java:analyzeStorage(246)) - The storage directory /workdir/hadoop-ozone/integration-test/target/test-dir/MiniOzoneClusterImpl-af67ac00-e673-4dc0-88ca-7b49334fe824/datanode-6/data/ratis/c781c281-15d1-409f-ba31-87f3408112c2 does not exist. Creating ...
2019-09-26 16:05:47,201 [pool-177-thread-1] INFO  storage.RaftStorageDirectory (RaftStorageDirectory.java:tryLock(328)) - Lock on /workdir/hadoop-ozone/integration-test/target/test-dir/MiniOzoneClusterImpl-af67ac00-e673-4dc0-88ca-7b49334fe824/datanode-6/data/ratis/c781c281-15d1-409f-ba31-87f3408112c2/in_use.lock acquired by nodename 31074@pr-hdds-2162-htzpk-1451759861
2019-09-26 16:05:47,215 [pool-177-thread-1] INFO  storage.RaftStorage (RaftStorage.java:format(72)) - Storage directory /workdir/hadoop-ozone/integration-test/target/test-dir/MiniOzoneClusterImpl-af67ac00-e673-4dc0-88ca-7b49334fe824/datanode-6/data/ratis/c781c281-15d1-409f-ba31-87f3408112c2 has been successfully formatted.
2019-09-26 16:05:47,216 [pool-177-thread-1] INFO  ratis.ContainerStateMachine (ContainerStateMachine.java:loadSnapshot(230)) - group-87F3408112C2: The snapshot info is null. Setting the last applied indexto:(t:0, i:~)
2019-09-26 16:05:47,216 [pool-177-thread-1] INFO  server.RaftServerConfigKeys (ConfUtils.java:logGet(43)) - raft.server.notification.no-leader.timeout = 120s (custom)
2019-09-26 16:05:47,216 [pool-177-thread-1] INFO  server.RaftServerConfigKeys (ConfUtils.java:logGet(43)) - raft.server.log.use.memory = false (default)
2019-09-26 16:05:47,216 [pool-177-thread-1] INFO  server.RaftServerConfigKeys (ConfUtils.java:logGet(43)) - raft.server.log.purge.gap = 1000000 (custom)
2019-09-26 16:05:47,216 [pool-177-thread-1] INFO  server.RaftServerConfigKeys (ConfUtils.java:logGet(43)) - raft.server.log.appender.buffer.byte-limit = 33554432 (custom)
2019-09-26 16:05:47,217 [pool-177-thread-1] INFO  server.RaftServerConfigKeys (ConfUtils.java:logGet(43)) - raft.server.log.segment.size.max = 1048576 (custom)
2019-09-26 16:05:47,217 [pool-177-thread-1] INFO  server.RaftServerConfigKeys (ConfUtils.java:logGet(43)) - raft.server.log.segment.cache.num.max = 2 (custom)
2019-09-26 16:05:47,217 [pool-177-thread-1] INFO  segmented.SegmentedRaftLogWorker (SegmentedRaftLogWorker.java:<init>(172)) - new 4eb0591e-003a-4cce-b16f-5b85711c4d0d@group-87F3408112C2-SegmentedRaftLogWorker for RaftStorage:Storage Directory /workdir/hadoop-ozone/integration-test/target/test-dir/MiniOzoneClusterImpl-af67ac00-e673-4dc0-88ca-7b49334fe824/datanode-6/data/ratis/c781c281-15d1-409f-ba31-87f3408112c2
2019-09-26 16:05:47,219 [pool-177-thread-1] INFO  server.RaftServerConfigKeys (ConfUtils.java:logGet(43)) - raft.server.log.queue.byte-limit = 2147483647 (custom)
2019-09-26 16:05:47,220 [pool-177-thread-1] INFO  server.RaftServerConfigKeys (ConfUtils.java:logGet(43)) - raft.server.log.queue.element-limit = 1024 (custom)
2019-09-26 16:05:47,220 [pool-177-thread-1] INFO  server.RaftServerConfigKeys (ConfUtils.java:logGet(43)) - raft.server.log.segment.size.max = 1048576 (custom)
2019-09-26 16:05:47,220 [pool-177-thread-1] INFO  server.RaftServerConfigKeys (ConfUtils.java:logGet(43)) - raft.server.log.preallocated.size = 16384 (custom)
2019-09-26 16:05:47,220 [pool-177-thread-1] INFO  server.RaftServerConfigKeys (ConfUtils.java:logGet(43)) - raft.server.log.write.buffer.size = 33554432 (custom)
2019-09-26 16:05:47,220 [pool-177-thread-1] INFO  server.RaftServerConfigKeys (ConfUtils.java:logGet(43)) - raft.server.log.force.sync.num = 128 (default)
2019-09-26 16:05:47,221 [pool-177-thread-1] INFO  server.RaftServerConfigKeys (ConfUtils.java:logGet(43)) - raft.server.log.statemachine.data.sync = true (default)
2019-09-26 16:05:47,221 [pool-177-thread-1] INFO  server.RaftServerConfigKeys (ConfUtils.java:logGet(43)) - raft.server.log.statemachine.data.sync.timeout = 10s (default)
2019-09-26 16:05:47,221 [pool-177-thread-1] INFO  server.RaftServerConfigKeys (ConfUtils.java:logGet(43)) - raft.server.log.statemachine.data.sync.timeout.retry = -1 (default)
2019-09-26 16:05:47,221 [pool-177-thread-1] INFO  server.RaftServerConfigKeys (ConfUtils.java:logGet(43)) - raft.server.log.statemachine.data.caching.enabled = true (custom)
2019-09-26 16:05:47,222 [pool-177-thread-1] INFO  segmented.SegmentedRaftLogWorker (SegmentedRaftLogWorker.java:lambda$new$0(132)) - 4eb0591e-003a-4cce-b16f-5b85711c4d0d@group-87F3408112C2-SegmentedRaftLogWorker: flushIndex: setUnconditionally 0 -> -1
2019-09-26 16:05:47,222 [pool-177-thread-1] INFO  server.RaftServerConfigKeys (ConfUtils.java:logGet(43)) - raft.server.snapshot.auto.trigger.enabled = true (custom)
2019-09-26 16:05:47,222 [pool-177-thread-1] INFO  server.RaftServerConfigKeys (ConfUtils.java:logGet(43)) - raft.server.snapshot.auto.trigger.threshold = 10000 (custom)
2019-09-26 16:05:47,222 [pool-177-thread-1] INFO  server.RaftServerConfigKeys (ConfUtils.java:logGet(43)) - raft.server.snapshot.retention.num.files = 5 (custom)
2019-09-26 16:05:47,222 [pool-177-thread-1] INFO  server.RaftServerConfigKeys (ConfUtils.java:logGet(43)) - raft.server.retrycache.expirytime = 600000ms (custom)
2019-09-26 16:05:47,225 [pool-177-thread-1] INFO  impl.RaftServerImpl (RaftServerImpl.java:start(185)) - 4eb0591e-003a-4cce-b16f-5b85711c4d0d@group-87F3408112C2: start as a follower, conf=-1: [4eb0591e-003a-4cce-b16f-5b85711c4d0d:192.168.157.234:41570], old=null
2019-09-26 16:05:47,225 [pool-177-thread-1] INFO  impl.RaftServerImpl (RaftServerImpl.java:setRole(174)) - 4eb0591e-003a-4cce-b16f-5b85711c4d0d@group-87F3408112C2: changes role from      null to FOLLOWER at term 0 for startAsFollower
2019-09-26 16:05:47,225 [pool-177-thread-1] INFO  impl.RoleInfo (RoleInfo.java:updateAndGet(143)) - 4eb0591e-003a-4cce-b16f-5b85711c4d0d: start FollowerState
2019-09-26 16:05:47,226 [pool-177-thread-1] INFO  util.JmxRegister (JmxRegister.java:tryRegister(44)) - Successfully registered JMX Bean with object name Ratis:service=RaftServer,group=group-87F3408112C2,id=4eb0591e-003a-4cce-b16f-5b85711c4d0d
2019-09-26 16:05:47,231 [RatisPipelineUtilsThread] INFO  pipeline.PipelineStateManager (PipelineStateManager.java:addPipeline(56)) - Created pipeline Pipeline[ Id: c781c281-15d1-409f-ba31-87f3408112c2, Nodes: 4eb0591e-003a-4cce-b16f-5b85711c4d0d{ip: 192.168.157.234, host: pr-hdds-2162-htzpk-1451759861, networkLocation: /default-rack, certSerialId: null}, Type:RATIS, Factor:ONE, State:OPEN]
2019-09-26 16:05:47,244 [grpc-default-executor-0] INFO  impl.RaftServerProxy (RaftServerProxy.java:addNew(89)) - 8214dcd7-9039-498f-bb6d-268e472c0f13: addNew group-55B0A4FE2B46:[8214dcd7-9039-498f-bb6d-268e472c0f13:192.168.157.234:37160] returns group-55B0A4FE2B46:java.util.concurrent.CompletableFuture@7e5138e[Not completed]
2019-09-26 16:05:47,250 [pool-167-thread-1] INFO  impl.RaftServerImpl (RaftServerImpl.java:<init>(95)) - 8214dcd7-9039-498f-bb6d-268e472c0f13: new RaftServerImpl for group-55B0A4FE2B46:[8214dcd7-9039-498f-bb6d-268e472c0f13:192.168.157.234:37160] with ContainerStateMachine:uninitialized
2019-09-26 16:05:47,250 [pool-167-thread-1] INFO  server.RaftServerConfigKeys (ConfUtils.java:logGet(43)) - raft.server.rpc.timeout.min = 5s (custom)
2019-09-26 16:05:47,250 [pool-167-thread-1] INFO  server.RaftServerConfigKeys (ConfUtils.java:logGet(43)) - raft.server.rpc.timeout.max = 5200ms (custom)
2019-09-26 16:05:47,250 [pool-167-thread-1] INFO  server.RaftServerConfigKeys (ConfUtils.java:logGet(43)) - raft.server.rpcslowness.timeout = 120s (custom)
2019-09-26 16:05:47,251 [pool-167-thread-1] INFO  server.RaftServerConfigKeys (ConfUtils.java:logGet(43)) - raft.server.sleep.deviation.threshold = 300 (default)
2019-09-26 16:05:47,251 [pool-167-thread-1] INFO  server.RaftServerConfigKeys (ConfUtils.java:logGet(43)) - raft.server.log.appender.install.snapshot.enabled = false (custom)
2019-09-26 16:05:47,251 [pool-167-thread-1] INFO  impl.RaftServerImpl (ServerState.java:<init>(103)) - 8214dcd7-9039-498f-bb6d-268e472c0f13@group-55B0A4FE2B46: ConfigurationManager, init=-1: [8214dcd7-9039-498f-bb6d-268e472c0f13:192.168.157.234:37160], old=null, confs=<EMPTY_MAP>
2019-09-26 16:05:47,251 [pool-167-thread-1] INFO  server.RaftServerConfigKeys (ConfUtils.java:logGet(43)) - raft.server.storage.dir = [/workdir/hadoop-ozone/integration-test/target/test-dir/MiniOzoneClusterImpl-af67ac00-e673-4dc0-88ca-7b49334fe824/datanode-5/data/ratis] (custom)
2019-09-26 16:05:47,252 [pool-167-thread-1] INFO  storage.RaftStorageDirectory (RaftStorageDirectory.java:analyzeStorage(246)) - The storage directory /workdir/hadoop-ozone/integration-test/target/test-dir/MiniOzoneClusterImpl-af67ac00-e673-4dc0-88ca-7b49334fe824/datanode-5/data/ratis/df0f360c-da27-4c12-bcb1-55b0a4fe2b46 does not exist. Creating ...
2019-09-26 16:05:47,265 [pool-167-thread-1] INFO  storage.RaftStorageDirectory (RaftStorageDirectory.java:tryLock(328)) - Lock on /workdir/hadoop-ozone/integration-test/target/test-dir/MiniOzoneClusterImpl-af67ac00-e673-4dc0-88ca-7b49334fe824/datanode-5/data/ratis/df0f360c-da27-4c12-bcb1-55b0a4fe2b46/in_use.lock acquired by nodename 31074@pr-hdds-2162-htzpk-1451759861
2019-09-26 16:05:47,279 [pool-167-thread-1] INFO  storage.RaftStorage (RaftStorage.java:format(72)) - Storage directory /workdir/hadoop-ozone/integration-test/target/test-dir/MiniOzoneClusterImpl-af67ac00-e673-4dc0-88ca-7b49334fe824/datanode-5/data/ratis/df0f360c-da27-4c12-bcb1-55b0a4fe2b46 has been successfully formatted.
2019-09-26 16:05:47,279 [pool-167-thread-1] INFO  ratis.ContainerStateMachine (ContainerStateMachine.java:loadSnapshot(230)) - group-55B0A4FE2B46: The snapshot info is null. Setting the last applied indexto:(t:0, i:~)
2019-09-26 16:05:47,279 [pool-167-thread-1] INFO  server.RaftServerConfigKeys (ConfUtils.java:logGet(43)) - raft.server.notification.no-leader.timeout = 120s (custom)
2019-09-26 16:05:47,279 [pool-167-thread-1] INFO  server.RaftServerConfigKeys (ConfUtils.java:logGet(43)) - raft.server.log.use.memory = false (default)
2019-09-26 16:05:47,279 [pool-167-thread-1] INFO  server.RaftServerConfigKeys (ConfUtils.java:logGet(43)) - raft.server.log.purge.gap = 1000000 (custom)
2019-09-26 16:05:47,280 [pool-167-thread-1] INFO  server.RaftServerConfigKeys (ConfUtils.java:logGet(43)) - raft.server.log.appender.buffer.byte-limit = 33554432 (custom)
2019-09-26 16:05:47,280 [pool-167-thread-1] INFO  server.RaftServerConfigKeys (ConfUtils.java:logGet(43)) - raft.server.log.segment.size.max = 1048576 (custom)
2019-09-26 16:05:47,280 [pool-167-thread-1] INFO  server.RaftServerConfigKeys (ConfUtils.java:logGet(43)) - raft.server.log.segment.cache.num.max = 2 (custom)
2019-09-26 16:05:47,280 [pool-167-thread-1] INFO  segmented.SegmentedRaftLogWorker (SegmentedRaftLogWorker.java:<init>(172)) - new 8214dcd7-9039-498f-bb6d-268e472c0f13@group-55B0A4FE2B46-SegmentedRaftLogWorker for RaftStorage:Storage Directory /workdir/hadoop-ozone/integration-test/target/test-dir/MiniOzoneClusterImpl-af67ac00-e673-4dc0-88ca-7b49334fe824/datanode-5/data/ratis/df0f360c-da27-4c12-bcb1-55b0a4fe2b46
2019-09-26 16:05:47,282 [pool-167-thread-1] INFO  server.RaftServerConfigKeys (ConfUtils.java:logGet(43)) - raft.server.log.queue.byte-limit = 2147483647 (custom)
2019-09-26 16:05:47,283 [pool-167-thread-1] INFO  server.RaftServerConfigKeys (ConfUtils.java:logGet(43)) - raft.server.log.queue.element-limit = 1024 (custom)
2019-09-26 16:05:47,283 [pool-167-thread-1] INFO  server.RaftServerConfigKeys (ConfUtils.java:logGet(43)) - raft.server.log.segment.size.max = 1048576 (custom)
2019-09-26 16:05:47,283 [pool-167-thread-1] INFO  server.RaftServerConfigKeys (ConfUtils.java:logGet(43)) - raft.server.log.preallocated.size = 16384 (custom)
2019-09-26 16:05:47,283 [pool-167-thread-1] INFO  server.RaftServerConfigKeys (ConfUtils.java:logGet(43)) - raft.server.log.write.buffer.size = 33554432 (custom)
2019-09-26 16:05:47,283 [pool-167-thread-1] INFO  server.RaftServerConfigKeys (ConfUtils.java:logGet(43)) - raft.server.log.force.sync.num = 128 (default)
2019-09-26 16:05:47,284 [pool-167-thread-1] INFO  server.RaftServerConfigKeys (ConfUtils.java:logGet(43)) - raft.server.log.statemachine.data.sync = true (default)
2019-09-26 16:05:47,284 [pool-167-thread-1] INFO  server.RaftServerConfigKeys (ConfUtils.java:logGet(43)) - raft.server.log.statemachine.data.sync.timeout = 10s (default)
2019-09-26 16:05:47,284 [pool-167-thread-1] INFO  server.RaftServerConfigKeys (ConfUtils.java:logGet(43)) - raft.server.log.statemachine.data.sync.timeout.retry = -1 (default)
2019-09-26 16:05:47,284 [pool-167-thread-1] INFO  server.RaftServerConfigKeys (ConfUtils.java:logGet(43)) - raft.server.log.statemachine.data.caching.enabled = true (custom)
2019-09-26 16:05:47,285 [pool-167-thread-1] INFO  segmented.SegmentedRaftLogWorker (SegmentedRaftLogWorker.java:lambda$new$0(132)) - 8214dcd7-9039-498f-bb6d-268e472c0f13@group-55B0A4FE2B46-SegmentedRaftLogWorker: flushIndex: setUnconditionally 0 -> -1
2019-09-26 16:05:47,285 [pool-167-thread-1] INFO  server.RaftServerConfigKeys (ConfUtils.java:logGet(43)) - raft.server.snapshot.auto.trigger.enabled = true (custom)
2019-09-26 16:05:47,285 [pool-167-thread-1] INFO  server.RaftServerConfigKeys (ConfUtils.java:logGet(43)) - raft.server.snapshot.auto.trigger.threshold = 10000 (custom)
2019-09-26 16:05:47,285 [pool-167-thread-1] INFO  server.RaftServerConfigKeys (ConfUtils.java:logGet(43)) - raft.server.snapshot.retention.num.files = 5 (custom)
2019-09-26 16:05:47,285 [pool-167-thread-1] INFO  server.RaftServerConfigKeys (ConfUtils.java:logGet(43)) - raft.server.retrycache.expirytime = 600000ms (custom)
2019-09-26 16:05:47,288 [pool-167-thread-1] INFO  impl.RaftServerImpl (RaftServerImpl.java:start(185)) - 8214dcd7-9039-498f-bb6d-268e472c0f13@group-55B0A4FE2B46: start as a follower, conf=-1: [8214dcd7-9039-498f-bb6d-268e472c0f13:192.168.157.234:37160], old=null
2019-09-26 16:05:47,288 [pool-167-thread-1] INFO  impl.RaftServerImpl (RaftServerImpl.java:setRole(174)) - 8214dcd7-9039-498f-bb6d-268e472c0f13@group-55B0A4FE2B46: changes role from      null to FOLLOWER at term 0 for startAsFollower
2019-09-26 16:05:47,288 [pool-167-thread-1] INFO  impl.RoleInfo (RoleInfo.java:updateAndGet(143)) - 8214dcd7-9039-498f-bb6d-268e472c0f13: start FollowerState
2019-09-26 16:05:47,301 [pool-167-thread-1] INFO  util.JmxRegister (JmxRegister.java:tryRegister(44)) - Successfully registered JMX Bean with object name Ratis:service=RaftServer,group=group-55B0A4FE2B46,id=8214dcd7-9039-498f-bb6d-268e472c0f13
2019-09-26 16:05:47,315 [RatisPipelineUtilsThread] INFO  pipeline.PipelineStateManager (PipelineStateManager.java:addPipeline(56)) - Created pipeline Pipeline[ Id: df0f360c-da27-4c12-bcb1-55b0a4fe2b46, Nodes: 8214dcd7-9039-498f-bb6d-268e472c0f13{ip: 192.168.157.234, host: pr-hdds-2162-htzpk-1451759861, networkLocation: /default-rack, certSerialId: null}, Type:RATIS, Factor:ONE, State:OPEN]
2019-09-26 16:05:47,347 [grpc-default-executor-2] INFO  impl.RaftServerProxy (RaftServerProxy.java:addNew(89)) - 308cfd6e-1ef3-4349-b86c-3560b39e7009: addNew group-5DE6EF6651F4:[4114f39e-2137-4ef9-80cf-d1972135e71d:192.168.157.234:44854, 308cfd6e-1ef3-4349-b86c-3560b39e7009:192.168.157.234:42268, 4eb0591e-003a-4cce-b16f-5b85711c4d0d:192.168.157.234:41570] returns group-5DE6EF6651F4:java.util.concurrent.CompletableFuture@58ca9c34[Not completed]
2019-09-26 16:05:47,353 [grpc-default-executor-2] INFO  impl.RaftServerProxy (RaftServerProxy.java:addNew(89)) - 4eb0591e-003a-4cce-b16f-5b85711c4d0d: addNew group-5DE6EF6651F4:[4114f39e-2137-4ef9-80cf-d1972135e71d:192.168.157.234:44854, 308cfd6e-1ef3-4349-b86c-3560b39e7009:192.168.157.234:42268, 4eb0591e-003a-4cce-b16f-5b85711c4d0d:192.168.157.234:41570] returns group-5DE6EF6651F4:java.util.concurrent.CompletableFuture@58854563[Not completed]
2019-09-26 16:05:47,353 [grpc-default-executor-1] INFO  impl.RaftServerProxy (RaftServerProxy.java:addNew(89)) - 4114f39e-2137-4ef9-80cf-d1972135e71d: addNew group-5DE6EF6651F4:[4114f39e-2137-4ef9-80cf-d1972135e71d:192.168.157.234:44854, 308cfd6e-1ef3-4349-b86c-3560b39e7009:192.168.157.234:42268, 4eb0591e-003a-4cce-b16f-5b85711c4d0d:192.168.157.234:41570] returns group-5DE6EF6651F4:java.util.concurrent.CompletableFuture@550d7c5b[Not completed]
2019-09-26 16:05:47,353 [pool-147-thread-1] INFO  impl.RaftServerImpl (RaftServerImpl.java:<init>(95)) - 308cfd6e-1ef3-4349-b86c-3560b39e7009: new RaftServerImpl for group-5DE6EF6651F4:[4114f39e-2137-4ef9-80cf-d1972135e71d:192.168.157.234:44854, 308cfd6e-1ef3-4349-b86c-3560b39e7009:192.168.157.234:42268, 4eb0591e-003a-4cce-b16f-5b85711c4d0d:192.168.157.234:41570] with ContainerStateMachine:uninitialized
2019-09-26 16:05:47,354 [pool-147-thread-1] INFO  server.RaftServerConfigKeys (ConfUtils.java:logGet(43)) - raft.server.rpc.timeout.min = 5s (custom)
2019-09-26 16:05:47,354 [pool-147-thread-1] INFO  server.RaftServerConfigKeys (ConfUtils.java:logGet(43)) - raft.server.rpc.timeout.max = 5200ms (custom)
2019-09-26 16:05:47,354 [pool-147-thread-1] INFO  server.RaftServerConfigKeys (ConfUtils.java:logGet(43)) - raft.server.rpcslowness.timeout = 120s (custom)
2019-09-26 16:05:47,354 [pool-147-thread-1] INFO  server.RaftServerConfigKeys (ConfUtils.java:logGet(43)) - raft.server.sleep.deviation.threshold = 300 (default)
2019-09-26 16:05:47,355 [pool-147-thread-1] INFO  server.RaftServerConfigKeys (ConfUtils.java:logGet(43)) - raft.server.log.appender.install.snapshot.enabled = false (custom)
2019-09-26 16:05:47,355 [pool-147-thread-1] INFO  impl.RaftServerImpl (ServerState.java:<init>(103)) - 308cfd6e-1ef3-4349-b86c-3560b39e7009@group-5DE6EF6651F4: ConfigurationManager, init=-1: [4114f39e-2137-4ef9-80cf-d1972135e71d:192.168.157.234:44854, 308cfd6e-1ef3-4349-b86c-3560b39e7009:192.168.157.234:42268, 4eb0591e-003a-4cce-b16f-5b85711c4d0d:192.168.157.234:41570], old=null, confs=<EMPTY_MAP>
2019-09-26 16:05:47,355 [pool-127-thread-1] INFO  impl.RaftServerImpl (RaftServerImpl.java:<init>(95)) - 4114f39e-2137-4ef9-80cf-d1972135e71d: new RaftServerImpl for group-5DE6EF6651F4:[4114f39e-2137-4ef9-80cf-d1972135e71d:192.168.157.234:44854, 308cfd6e-1ef3-4349-b86c-3560b39e7009:192.168.157.234:42268, 4eb0591e-003a-4cce-b16f-5b85711c4d0d:192.168.157.234:41570] with ContainerStateMachine:uninitialized
2019-09-26 16:05:47,355 [pool-147-thread-1] INFO  server.RaftServerConfigKeys (ConfUtils.java:logGet(43)) - raft.server.storage.dir = [/workdir/hadoop-ozone/integration-test/target/test-dir/MiniOzoneClusterImpl-af67ac00-e673-4dc0-88ca-7b49334fe824/datanode-3/data/ratis] (custom)
2019-09-26 16:05:47,355 [pool-127-thread-1] INFO  server.RaftServerConfigKeys (ConfUtils.java:logGet(43)) - raft.server.rpc.timeout.min = 5s (custom)
2019-09-26 16:05:47,355 [pool-127-thread-1] INFO  server.RaftServerConfigKeys (ConfUtils.java:logGet(43)) - raft.server.rpc.timeout.max = 5200ms (custom)
2019-09-26 16:05:47,356 [pool-127-thread-1] INFO  server.RaftServerConfigKeys (ConfUtils.java:logGet(43)) - raft.server.rpcslowness.timeout = 120s (custom)
2019-09-26 16:05:47,356 [pool-177-thread-1] INFO  impl.RaftServerImpl (RaftServerImpl.java:<init>(95)) - 4eb0591e-003a-4cce-b16f-5b85711c4d0d: new RaftServerImpl for group-5DE6EF6651F4:[4114f39e-2137-4ef9-80cf-d1972135e71d:192.168.157.234:44854, 308cfd6e-1ef3-4349-b86c-3560b39e7009:192.168.157.234:42268, 4eb0591e-003a-4cce-b16f-5b85711c4d0d:192.168.157.234:41570] with ContainerStateMachine:uninitialized
2019-09-26 16:05:47,356 [pool-147-thread-1] INFO  storage.RaftStorageDirectory (RaftStorageDirectory.java:analyzeStorage(246)) - The storage directory /workdir/hadoop-ozone/integration-test/target/test-dir/MiniOzoneClusterImpl-af67ac00-e673-4dc0-88ca-7b49334fe824/datanode-3/data/ratis/8a23c4ea-f5e4-42e8-8e38-5de6ef6651f4 does not exist. Creating ...
2019-09-26 16:05:47,356 [pool-177-thread-1] INFO  server.RaftServerConfigKeys (ConfUtils.java:logGet(43)) - raft.server.rpc.timeout.min = 5s (custom)
2019-09-26 16:05:47,356 [pool-127-thread-1] INFO  server.RaftServerConfigKeys (ConfUtils.java:logGet(43)) - raft.server.sleep.deviation.threshold = 300 (default)
2019-09-26 16:05:47,358 [pool-127-thread-1] INFO  server.RaftServerConfigKeys (ConfUtils.java:logGet(43)) - raft.server.log.appender.install.snapshot.enabled = false (custom)
2019-09-26 16:05:47,356 [pool-177-thread-1] INFO  server.RaftServerConfigKeys (ConfUtils.java:logGet(43)) - raft.server.rpc.timeout.max = 5200ms (custom)
2019-09-26 16:05:47,359 [pool-127-thread-1] INFO  impl.RaftServerImpl (ServerState.java:<init>(103)) - 4114f39e-2137-4ef9-80cf-d1972135e71d@group-5DE6EF6651F4: ConfigurationManager, init=-1: [4114f39e-2137-4ef9-80cf-d1972135e71d:192.168.157.234:44854, 308cfd6e-1ef3-4349-b86c-3560b39e7009:192.168.157.234:42268, 4eb0591e-003a-4cce-b16f-5b85711c4d0d:192.168.157.234:41570], old=null, confs=<EMPTY_MAP>
2019-09-26 16:05:47,359 [pool-177-thread-1] INFO  server.RaftServerConfigKeys (ConfUtils.java:logGet(43)) - raft.server.rpcslowness.timeout = 120s (custom)
2019-09-26 16:05:47,359 [pool-127-thread-1] INFO  server.RaftServerConfigKeys (ConfUtils.java:logGet(43)) - raft.server.storage.dir = [/workdir/hadoop-ozone/integration-test/target/test-dir/MiniOzoneClusterImpl-af67ac00-e673-4dc0-88ca-7b49334fe824/datanode-1/data/ratis] (custom)
2019-09-26 16:05:47,359 [pool-177-thread-1] INFO  server.RaftServerConfigKeys (ConfUtils.java:logGet(43)) - raft.server.sleep.deviation.threshold = 300 (default)
2019-09-26 16:05:47,359 [pool-177-thread-1] INFO  server.RaftServerConfigKeys (ConfUtils.java:logGet(43)) - raft.server.log.appender.install.snapshot.enabled = false (custom)
2019-09-26 16:05:47,360 [pool-127-thread-1] INFO  storage.RaftStorageDirectory (RaftStorageDirectory.java:analyzeStorage(246)) - The storage directory /workdir/hadoop-ozone/integration-test/target/test-dir/MiniOzoneClusterImpl-af67ac00-e673-4dc0-88ca-7b49334fe824/datanode-1/data/ratis/8a23c4ea-f5e4-42e8-8e38-5de6ef6651f4 does not exist. Creating ...
2019-09-26 16:05:47,360 [pool-177-thread-1] INFO  impl.RaftServerImpl (ServerState.java:<init>(103)) - 4eb0591e-003a-4cce-b16f-5b85711c4d0d@group-5DE6EF6651F4: ConfigurationManager, init=-1: [4114f39e-2137-4ef9-80cf-d1972135e71d:192.168.157.234:44854, 308cfd6e-1ef3-4349-b86c-3560b39e7009:192.168.157.234:42268, 4eb0591e-003a-4cce-b16f-5b85711c4d0d:192.168.157.234:41570], old=null, confs=<EMPTY_MAP>
2019-09-26 16:05:47,360 [pool-177-thread-1] INFO  server.RaftServerConfigKeys (ConfUtils.java:logGet(43)) - raft.server.storage.dir = [/workdir/hadoop-ozone/integration-test/target/test-dir/MiniOzoneClusterImpl-af67ac00-e673-4dc0-88ca-7b49334fe824/datanode-6/data/ratis] (custom)
2019-09-26 16:05:47,360 [pool-177-thread-1] INFO  storage.RaftStorageDirectory (RaftStorageDirectory.java:analyzeStorage(246)) - The storage directory /workdir/hadoop-ozone/integration-test/target/test-dir/MiniOzoneClusterImpl-af67ac00-e673-4dc0-88ca-7b49334fe824/datanode-6/data/ratis/8a23c4ea-f5e4-42e8-8e38-5de6ef6651f4 does not exist. Creating ...
2019-09-26 16:05:47,372 [pool-177-thread-1] INFO  storage.RaftStorageDirectory (RaftStorageDirectory.java:tryLock(328)) - Lock on /workdir/hadoop-ozone/integration-test/target/test-dir/MiniOzoneClusterImpl-af67ac00-e673-4dc0-88ca-7b49334fe824/datanode-6/data/ratis/8a23c4ea-f5e4-42e8-8e38-5de6ef6651f4/in_use.lock acquired by nodename 31074@pr-hdds-2162-htzpk-1451759861
2019-09-26 16:05:47,372 [pool-147-thread-1] INFO  storage.RaftStorageDirectory (RaftStorageDirectory.java:tryLock(328)) - Lock on /workdir/hadoop-ozone/integration-test/target/test-dir/MiniOzoneClusterImpl-af67ac00-e673-4dc0-88ca-7b49334fe824/datanode-3/data/ratis/8a23c4ea-f5e4-42e8-8e38-5de6ef6651f4/in_use.lock acquired by nodename 31074@pr-hdds-2162-htzpk-1451759861
2019-09-26 16:05:47,372 [pool-127-thread-1] INFO  storage.RaftStorageDirectory (RaftStorageDirectory.java:tryLock(328)) - Lock on /workdir/hadoop-ozone/integration-test/target/test-dir/MiniOzoneClusterImpl-af67ac00-e673-4dc0-88ca-7b49334fe824/datanode-1/data/ratis/8a23c4ea-f5e4-42e8-8e38-5de6ef6651f4/in_use.lock acquired by nodename 31074@pr-hdds-2162-htzpk-1451759861
2019-09-26 16:05:47,392 [pool-147-thread-1] INFO  storage.RaftStorage (RaftStorage.java:format(72)) - Storage directory /workdir/hadoop-ozone/integration-test/target/test-dir/MiniOzoneClusterImpl-af67ac00-e673-4dc0-88ca-7b49334fe824/datanode-3/data/ratis/8a23c4ea-f5e4-42e8-8e38-5de6ef6651f4 has been successfully formatted.
2019-09-26 16:05:47,392 [pool-177-thread-1] INFO  storage.RaftStorage (RaftStorage.java:format(72)) - Storage directory /workdir/hadoop-ozone/integration-test/target/test-dir/MiniOzoneClusterImpl-af67ac00-e673-4dc0-88ca-7b49334fe824/datanode-6/data/ratis/8a23c4ea-f5e4-42e8-8e38-5de6ef6651f4 has been successfully formatted.
2019-09-26 16:05:47,392 [pool-127-thread-1] INFO  storage.RaftStorage (RaftStorage.java:format(72)) - Storage directory /workdir/hadoop-ozone/integration-test/target/test-dir/MiniOzoneClusterImpl-af67ac00-e673-4dc0-88ca-7b49334fe824/datanode-1/data/ratis/8a23c4ea-f5e4-42e8-8e38-5de6ef6651f4 has been successfully formatted.
2019-09-26 16:05:47,392 [pool-147-thread-1] INFO  ratis.ContainerStateMachine (ContainerStateMachine.java:loadSnapshot(230)) - group-5DE6EF6651F4: The snapshot info is null. Setting the last applied indexto:(t:0, i:~)
2019-09-26 16:05:47,392 [pool-127-thread-1] INFO  ratis.ContainerStateMachine (ContainerStateMachine.java:loadSnapshot(230)) - group-5DE6EF6651F4: The snapshot info is null. Setting the last applied indexto:(t:0, i:~)
2019-09-26 16:05:47,392 [pool-177-thread-1] INFO  ratis.ContainerStateMachine (ContainerStateMachine.java:loadSnapshot(230)) - group-5DE6EF6651F4: The snapshot info is null. Setting the last applied indexto:(t:0, i:~)
2019-09-26 16:05:47,392 [pool-127-thread-1] INFO  server.RaftServerConfigKeys (ConfUtils.java:logGet(43)) - raft.server.notification.no-leader.timeout = 120s (custom)
2019-09-26 16:05:47,392 [pool-147-thread-1] INFO  server.RaftServerConfigKeys (ConfUtils.java:logGet(43)) - raft.server.notification.no-leader.timeout = 120s (custom)
2019-09-26 16:05:47,393 [pool-127-thread-1] INFO  server.RaftServerConfigKeys (ConfUtils.java:logGet(43)) - raft.server.log.use.memory = false (default)
2019-09-26 16:05:47,393 [pool-177-thread-1] INFO  server.RaftServerConfigKeys (ConfUtils.java:logGet(43)) - raft.server.notification.no-leader.timeout = 120s (custom)
2019-09-26 16:05:47,393 [pool-127-thread-1] INFO  server.RaftServerConfigKeys (ConfUtils.java:logGet(43)) - raft.server.log.purge.gap = 1000000 (custom)
2019-09-26 16:05:47,393 [pool-147-thread-1] INFO  server.RaftServerConfigKeys (ConfUtils.java:logGet(43)) - raft.server.log.use.memory = false (default)
2019-09-26 16:05:47,394 [pool-127-thread-1] INFO  server.RaftServerConfigKeys (ConfUtils.java:logGet(43)) - raft.server.log.appender.buffer.byte-limit = 33554432 (custom)
2019-09-26 16:05:47,393 [pool-177-thread-1] INFO  server.RaftServerConfigKeys (ConfUtils.java:logGet(43)) - raft.server.log.use.memory = false (default)
2019-09-26 16:05:47,394 [pool-127-thread-1] INFO  server.RaftServerConfigKeys (ConfUtils.java:logGet(43)) - raft.server.log.segment.size.max = 1048576 (custom)
2019-09-26 16:05:47,394 [pool-147-thread-1] INFO  server.RaftServerConfigKeys (ConfUtils.java:logGet(43)) - raft.server.log.purge.gap = 1000000 (custom)
2019-09-26 16:05:47,394 [pool-127-thread-1] INFO  server.RaftServerConfigKeys (ConfUtils.java:logGet(43)) - raft.server.log.segment.cache.num.max = 2 (custom)
2019-09-26 16:05:47,394 [pool-177-thread-1] INFO  server.RaftServerConfigKeys (ConfUtils.java:logGet(43)) - raft.server.log.purge.gap = 1000000 (custom)
2019-09-26 16:05:47,395 [pool-127-thread-1] INFO  segmented.SegmentedRaftLogWorker (SegmentedRaftLogWorker.java:<init>(172)) - new 4114f39e-2137-4ef9-80cf-d1972135e71d@group-5DE6EF6651F4-SegmentedRaftLogWorker for RaftStorage:Storage Directory /workdir/hadoop-ozone/integration-test/target/test-dir/MiniOzoneClusterImpl-af67ac00-e673-4dc0-88ca-7b49334fe824/datanode-1/data/ratis/8a23c4ea-f5e4-42e8-8e38-5de6ef6651f4
2019-09-26 16:05:47,395 [pool-147-thread-1] INFO  server.RaftServerConfigKeys (ConfUtils.java:logGet(43)) - raft.server.log.appender.buffer.byte-limit = 33554432 (custom)
2019-09-26 16:05:47,395 [pool-127-thread-1] INFO  server.RaftServerConfigKeys (ConfUtils.java:logGet(43)) - raft.server.log.queue.byte-limit = 2147483647 (custom)
2019-09-26 16:05:47,395 [pool-177-thread-1] INFO  server.RaftServerConfigKeys (ConfUtils.java:logGet(43)) - raft.server.log.appender.buffer.byte-limit = 33554432 (custom)
2019-09-26 16:05:47,395 [pool-127-thread-1] INFO  server.RaftServerConfigKeys (ConfUtils.java:logGet(43)) - raft.server.log.queue.element-limit = 1024 (custom)
2019-09-26 16:05:47,395 [pool-147-thread-1] INFO  server.RaftServerConfigKeys (ConfUtils.java:logGet(43)) - raft.server.log.segment.size.max = 1048576 (custom)
2019-09-26 16:05:47,396 [pool-127-thread-1] INFO  server.RaftServerConfigKeys (ConfUtils.java:logGet(43)) - raft.server.log.segment.size.max = 1048576 (custom)
2019-09-26 16:05:47,396 [pool-127-thread-1] INFO  server.RaftServerConfigKeys (ConfUtils.java:logGet(43)) - raft.server.log.preallocated.size = 16384 (custom)
2019-09-26 16:05:47,396 [pool-177-thread-1] INFO  server.RaftServerConfigKeys (ConfUtils.java:logGet(43)) - raft.server.log.segment.size.max = 1048576 (custom)
2019-09-26 16:05:47,396 [pool-127-thread-1] INFO  server.RaftServerConfigKeys (ConfUtils.java:logGet(43)) - raft.server.log.write.buffer.size = 33554432 (custom)
2019-09-26 16:05:47,396 [pool-147-thread-1] INFO  server.RaftServerConfigKeys (ConfUtils.java:logGet(43)) - raft.server.log.segment.cache.num.max = 2 (custom)
2019-09-26 16:05:47,397 [pool-127-thread-1] INFO  server.RaftServerConfigKeys (ConfUtils.java:logGet(43)) - raft.server.log.force.sync.num = 128 (default)
2019-09-26 16:05:47,397 [pool-177-thread-1] INFO  server.RaftServerConfigKeys (ConfUtils.java:logGet(43)) - raft.server.log.segment.cache.num.max = 2 (custom)
2019-09-26 16:05:47,397 [pool-127-thread-1] INFO  server.RaftServerConfigKeys (ConfUtils.java:logGet(43)) - raft.server.log.statemachine.data.sync = true (default)
2019-09-26 16:05:47,397 [pool-147-thread-1] INFO  segmented.SegmentedRaftLogWorker (SegmentedRaftLogWorker.java:<init>(172)) - new 308cfd6e-1ef3-4349-b86c-3560b39e7009@group-5DE6EF6651F4-SegmentedRaftLogWorker for RaftStorage:Storage Directory /workdir/hadoop-ozone/integration-test/target/test-dir/MiniOzoneClusterImpl-af67ac00-e673-4dc0-88ca-7b49334fe824/datanode-3/data/ratis/8a23c4ea-f5e4-42e8-8e38-5de6ef6651f4
2019-09-26 16:05:47,397 [pool-127-thread-1] INFO  server.RaftServerConfigKeys (ConfUtils.java:logGet(43)) - raft.server.log.statemachine.data.sync.timeout = 10s (default)
2019-09-26 16:05:47,397 [pool-177-thread-1] INFO  segmented.SegmentedRaftLogWorker (SegmentedRaftLogWorker.java:<init>(172)) - new 4eb0591e-003a-4cce-b16f-5b85711c4d0d@group-5DE6EF6651F4-SegmentedRaftLogWorker for RaftStorage:Storage Directory /workdir/hadoop-ozone/integration-test/target/test-dir/MiniOzoneClusterImpl-af67ac00-e673-4dc0-88ca-7b49334fe824/datanode-6/data/ratis/8a23c4ea-f5e4-42e8-8e38-5de6ef6651f4
2019-09-26 16:05:47,398 [pool-127-thread-1] INFO  server.RaftServerConfigKeys (ConfUtils.java:logGet(43)) - raft.server.log.statemachine.data.sync.timeout.retry = -1 (default)
2019-09-26 16:05:47,398 [pool-147-thread-1] INFO  server.RaftServerConfigKeys (ConfUtils.java:logGet(43)) - raft.server.log.queue.byte-limit = 2147483647 (custom)
2019-09-26 16:05:47,398 [pool-127-thread-1] INFO  server.RaftServerConfigKeys (ConfUtils.java:logGet(43)) - raft.server.log.statemachine.data.caching.enabled = true (custom)
2019-09-26 16:05:47,398 [pool-177-thread-1] INFO  server.RaftServerConfigKeys (ConfUtils.java:logGet(43)) - raft.server.log.queue.byte-limit = 2147483647 (custom)
2019-09-26 16:05:47,398 [pool-147-thread-1] INFO  server.RaftServerConfigKeys (ConfUtils.java:logGet(43)) - raft.server.log.queue.element-limit = 1024 (custom)
2019-09-26 16:05:47,399 [pool-127-thread-1] INFO  segmented.SegmentedRaftLogWorker (SegmentedRaftLogWorker.java:lambda$new$0(132)) - 4114f39e-2137-4ef9-80cf-d1972135e71d@group-5DE6EF6651F4-SegmentedRaftLogWorker: flushIndex: setUnconditionally 0 -> -1
2019-09-26 16:05:47,399 [pool-177-thread-1] INFO  server.RaftServerConfigKeys (ConfUtils.java:logGet(43)) - raft.server.log.queue.element-limit = 1024 (custom)
2019-09-26 16:05:47,399 [pool-147-thread-1] INFO  server.RaftServerConfigKeys (ConfUtils.java:logGet(43)) - raft.server.log.segment.size.max = 1048576 (custom)
2019-09-26 16:05:47,399 [pool-127-thread-1] INFO  server.RaftServerConfigKeys (ConfUtils.java:logGet(43)) - raft.server.snapshot.auto.trigger.enabled = true (custom)
2019-09-26 16:05:47,399 [pool-177-thread-1] INFO  server.RaftServerConfigKeys (ConfUtils.java:logGet(43)) - raft.server.log.segment.size.max = 1048576 (custom)
2019-09-26 16:05:47,400 [pool-127-thread-1] INFO  server.RaftServerConfigKeys (ConfUtils.java:logGet(43)) - raft.server.snapshot.auto.trigger.threshold = 10000 (custom)
2019-09-26 16:05:47,399 [pool-147-thread-1] INFO  server.RaftServerConfigKeys (ConfUtils.java:logGet(43)) - raft.server.log.preallocated.size = 16384 (custom)
2019-09-26 16:05:47,400 [pool-127-thread-1] INFO  server.RaftServerConfigKeys (ConfUtils.java:logGet(43)) - raft.server.snapshot.retention.num.files = 5 (custom)
2019-09-26 16:05:47,400 [pool-177-thread-1] INFO  server.RaftServerConfigKeys (ConfUtils.java:logGet(43)) - raft.server.log.preallocated.size = 16384 (custom)
2019-09-26 16:05:47,400 [pool-127-thread-1] INFO  server.RaftServerConfigKeys (ConfUtils.java:logGet(43)) - raft.server.retrycache.expirytime = 600000ms (custom)
2019-09-26 16:05:47,400 [pool-147-thread-1] INFO  server.RaftServerConfigKeys (ConfUtils.java:logGet(43)) - raft.server.log.write.buffer.size = 33554432 (custom)
2019-09-26 16:05:47,401 [pool-177-thread-1] INFO  server.RaftServerConfigKeys (ConfUtils.java:logGet(43)) - raft.server.log.write.buffer.size = 33554432 (custom)
2019-09-26 16:05:47,401 [pool-147-thread-1] INFO  server.RaftServerConfigKeys (ConfUtils.java:logGet(43)) - raft.server.log.force.sync.num = 128 (default)
2019-09-26 16:05:47,401 [pool-177-thread-1] INFO  server.RaftServerConfigKeys (ConfUtils.java:logGet(43)) - raft.server.log.force.sync.num = 128 (default)
2019-09-26 16:05:47,401 [pool-147-thread-1] INFO  server.RaftServerConfigKeys (ConfUtils.java:logGet(43)) - raft.server.log.statemachine.data.sync = true (default)
2019-09-26 16:05:47,402 [pool-177-thread-1] INFO  server.RaftServerConfigKeys (ConfUtils.java:logGet(43)) - raft.server.log.statemachine.data.sync = true (default)
2019-09-26 16:05:47,402 [pool-147-thread-1] INFO  server.RaftServerConfigKeys (ConfUtils.java:logGet(43)) - raft.server.log.statemachine.data.sync.timeout = 10s (default)
2019-09-26 16:05:47,402 [pool-177-thread-1] INFO  server.RaftServerConfigKeys (ConfUtils.java:logGet(43)) - raft.server.log.statemachine.data.sync.timeout = 10s (default)
2019-09-26 16:05:47,402 [pool-147-thread-1] INFO  server.RaftServerConfigKeys (ConfUtils.java:logGet(43)) - raft.server.log.statemachine.data.sync.timeout.retry = -1 (default)
2019-09-26 16:05:47,402 [pool-177-thread-1] INFO  server.RaftServerConfigKeys (ConfUtils.java:logGet(43)) - raft.server.log.statemachine.data.sync.timeout.retry = -1 (default)
2019-09-26 16:05:47,402 [pool-147-thread-1] INFO  server.RaftServerConfigKeys (ConfUtils.java:logGet(43)) - raft.server.log.statemachine.data.caching.enabled = true (custom)
2019-09-26 16:05:47,403 [pool-177-thread-1] INFO  server.RaftServerConfigKeys (ConfUtils.java:logGet(43)) - raft.server.log.statemachine.data.caching.enabled = true (custom)
2019-09-26 16:05:47,403 [pool-147-thread-1] INFO  segmented.SegmentedRaftLogWorker (SegmentedRaftLogWorker.java:lambda$new$0(132)) - 308cfd6e-1ef3-4349-b86c-3560b39e7009@group-5DE6EF6651F4-SegmentedRaftLogWorker: flushIndex: setUnconditionally 0 -> -1
2019-09-26 16:05:47,403 [pool-127-thread-1] INFO  impl.RaftServerImpl (RaftServerImpl.java:start(185)) - 4114f39e-2137-4ef9-80cf-d1972135e71d@group-5DE6EF6651F4: start as a follower, conf=-1: [4114f39e-2137-4ef9-80cf-d1972135e71d:192.168.157.234:44854, 308cfd6e-1ef3-4349-b86c-3560b39e7009:192.168.157.234:42268, 4eb0591e-003a-4cce-b16f-5b85711c4d0d:192.168.157.234:41570], old=null
2019-09-26 16:05:47,403 [pool-177-thread-1] INFO  segmented.SegmentedRaftLogWorker (SegmentedRaftLogWorker.java:lambda$new$0(132)) - 4eb0591e-003a-4cce-b16f-5b85711c4d0d@group-5DE6EF6651F4-SegmentedRaftLogWorker: flushIndex: setUnconditionally 0 -> -1
2019-09-26 16:05:47,403 [pool-147-thread-1] INFO  server.RaftServerConfigKeys (ConfUtils.java:logGet(43)) - raft.server.snapshot.auto.trigger.enabled = true (custom)
2019-09-26 16:05:47,403 [pool-127-thread-1] INFO  impl.RaftServerImpl (RaftServerImpl.java:setRole(174)) - 4114f39e-2137-4ef9-80cf-d1972135e71d@group-5DE6EF6651F4: changes role from      null to FOLLOWER at term 0 for startAsFollower
2019-09-26 16:05:47,404 [pool-147-thread-1] INFO  server.RaftServerConfigKeys (ConfUtils.java:logGet(43)) - raft.server.snapshot.auto.trigger.threshold = 10000 (custom)
2019-09-26 16:05:47,404 [pool-177-thread-1] INFO  server.RaftServerConfigKeys (ConfUtils.java:logGet(43)) - raft.server.snapshot.auto.trigger.enabled = true (custom)
2019-09-26 16:05:47,404 [pool-147-thread-1] INFO  server.RaftServerConfigKeys (ConfUtils.java:logGet(43)) - raft.server.snapshot.retention.num.files = 5 (custom)
2019-09-26 16:05:47,404 [pool-127-thread-1] INFO  impl.RoleInfo (RoleInfo.java:updateAndGet(143)) - 4114f39e-2137-4ef9-80cf-d1972135e71d: start FollowerState
2019-09-26 16:05:47,404 [pool-147-thread-1] INFO  server.RaftServerConfigKeys (ConfUtils.java:logGet(43)) - raft.server.retrycache.expirytime = 600000ms (custom)
2019-09-26 16:05:47,404 [pool-177-thread-1] INFO  server.RaftServerConfigKeys (ConfUtils.java:logGet(43)) - raft.server.snapshot.auto.trigger.threshold = 10000 (custom)
2019-09-26 16:05:47,405 [pool-177-thread-1] INFO  server.RaftServerConfigKeys (ConfUtils.java:logGet(43)) - raft.server.snapshot.retention.num.files = 5 (custom)
2019-09-26 16:05:47,405 [pool-127-thread-1] INFO  util.JmxRegister (JmxRegister.java:tryRegister(44)) - Successfully registered JMX Bean with object name Ratis:service=RaftServer,group=group-5DE6EF6651F4,id=4114f39e-2137-4ef9-80cf-d1972135e71d
2019-09-26 16:05:47,405 [pool-177-thread-1] INFO  server.RaftServerConfigKeys (ConfUtils.java:logGet(43)) - raft.server.retrycache.expirytime = 600000ms (custom)
2019-09-26 16:05:47,411 [pool-147-thread-1] INFO  impl.RaftServerImpl (RaftServerImpl.java:start(185)) - 308cfd6e-1ef3-4349-b86c-3560b39e7009@group-5DE6EF6651F4: start as a follower, conf=-1: [4114f39e-2137-4ef9-80cf-d1972135e71d:192.168.157.234:44854, 308cfd6e-1ef3-4349-b86c-3560b39e7009:192.168.157.234:42268, 4eb0591e-003a-4cce-b16f-5b85711c4d0d:192.168.157.234:41570], old=null
2019-09-26 16:05:47,411 [pool-147-thread-1] INFO  impl.RaftServerImpl (RaftServerImpl.java:setRole(174)) - 308cfd6e-1ef3-4349-b86c-3560b39e7009@group-5DE6EF6651F4: changes role from      null to FOLLOWER at term 0 for startAsFollower
2019-09-26 16:05:47,411 [pool-147-thread-1] INFO  impl.RoleInfo (RoleInfo.java:updateAndGet(143)) - 308cfd6e-1ef3-4349-b86c-3560b39e7009: start FollowerState
2019-09-26 16:05:47,412 [pool-147-thread-1] INFO  util.JmxRegister (JmxRegister.java:tryRegister(44)) - Successfully registered JMX Bean with object name Ratis:service=RaftServer,group=group-5DE6EF6651F4,id=308cfd6e-1ef3-4349-b86c-3560b39e7009
2019-09-26 16:05:47,412 [pool-177-thread-1] INFO  impl.RaftServerImpl (RaftServerImpl.java:start(185)) - 4eb0591e-003a-4cce-b16f-5b85711c4d0d@group-5DE6EF6651F4: start as a follower, conf=-1: [4114f39e-2137-4ef9-80cf-d1972135e71d:192.168.157.234:44854, 308cfd6e-1ef3-4349-b86c-3560b39e7009:192.168.157.234:42268, 4eb0591e-003a-4cce-b16f-5b85711c4d0d:192.168.157.234:41570], old=null
2019-09-26 16:05:47,412 [pool-177-thread-1] INFO  impl.RaftServerImpl (RaftServerImpl.java:setRole(174)) - 4eb0591e-003a-4cce-b16f-5b85711c4d0d@group-5DE6EF6651F4: changes role from      null to FOLLOWER at term 0 for startAsFollower
2019-09-26 16:05:47,413 [pool-177-thread-1] INFO  impl.RoleInfo (RoleInfo.java:updateAndGet(143)) - 4eb0591e-003a-4cce-b16f-5b85711c4d0d: start FollowerState
2019-09-26 16:05:47,416 [pool-177-thread-1] INFO  util.JmxRegister (JmxRegister.java:tryRegister(44)) - Successfully registered JMX Bean with object name Ratis:service=RaftServer,group=group-5DE6EF6651F4,id=4eb0591e-003a-4cce-b16f-5b85711c4d0d
2019-09-26 16:05:47,429 [RatisPipelineUtilsThread] INFO  pipeline.PipelineStateManager (PipelineStateManager.java:addPipeline(56)) - Created pipeline Pipeline[ Id: 8a23c4ea-f5e4-42e8-8e38-5de6ef6651f4, Nodes: 4eb0591e-003a-4cce-b16f-5b85711c4d0d{ip: 192.168.157.234, host: pr-hdds-2162-htzpk-1451759861, networkLocation: /default-rack, certSerialId: null}308cfd6e-1ef3-4349-b86c-3560b39e7009{ip: 192.168.157.234, host: pr-hdds-2162-htzpk-1451759861, networkLocation: /default-rack, certSerialId: null}4114f39e-2137-4ef9-80cf-d1972135e71d{ip: 192.168.157.234, host: pr-hdds-2162-htzpk-1451759861, networkLocation: /default-rack, certSerialId: null}, Type:RATIS, Factor:THREE, State:OPEN]
2019-09-26 16:05:47,451 [grpc-default-executor-0] INFO  impl.RaftServerProxy (RaftServerProxy.java:addNew(89)) - f1b22ec7-1217-442a-a6e0-7f0124023303: addNew group-619C31D50264:[f1b22ec7-1217-442a-a6e0-7f0124023303:192.168.157.234:42096, 8214dcd7-9039-498f-bb6d-268e472c0f13:192.168.157.234:37160, eceeeb53-0a64-40d1-8165-8060b1e5e631:192.168.157.234:41381] returns group-619C31D50264:java.util.concurrent.CompletableFuture@63e10aae[Not completed]
2019-09-26 16:05:47,456 [grpc-default-executor-2] INFO  impl.RaftServerProxy (RaftServerProxy.java:addNew(89)) - eceeeb53-0a64-40d1-8165-8060b1e5e631: addNew group-619C31D50264:[f1b22ec7-1217-442a-a6e0-7f0124023303:192.168.157.234:42096, 8214dcd7-9039-498f-bb6d-268e472c0f13:192.168.157.234:37160, eceeeb53-0a64-40d1-8165-8060b1e5e631:192.168.157.234:41381] returns group-619C31D50264:java.util.concurrent.CompletableFuture@20b82119[Not completed]
2019-09-26 16:05:47,456 [grpc-default-executor-0] INFO  impl.RaftServerProxy (RaftServerProxy.java:addNew(89)) - 8214dcd7-9039-498f-bb6d-268e472c0f13: addNew group-619C31D50264:[f1b22ec7-1217-442a-a6e0-7f0124023303:192.168.157.234:42096, 8214dcd7-9039-498f-bb6d-268e472c0f13:192.168.157.234:37160, eceeeb53-0a64-40d1-8165-8060b1e5e631:192.168.157.234:41381] returns group-619C31D50264:java.util.concurrent.CompletableFuture@4c370c3f[Not completed]
2019-09-26 16:05:47,460 [pool-117-thread-1] INFO  impl.RaftServerImpl (RaftServerImpl.java:<init>(95)) - f1b22ec7-1217-442a-a6e0-7f0124023303: new RaftServerImpl for group-619C31D50264:[f1b22ec7-1217-442a-a6e0-7f0124023303:192.168.157.234:42096, 8214dcd7-9039-498f-bb6d-268e472c0f13:192.168.157.234:37160, eceeeb53-0a64-40d1-8165-8060b1e5e631:192.168.157.234:41381] with ContainerStateMachine:uninitialized
2019-09-26 16:05:47,460 [pool-117-thread-1] INFO  server.RaftServerConfigKeys (ConfUtils.java:logGet(43)) - raft.server.rpc.timeout.min = 5s (custom)
2019-09-26 16:05:47,460 [pool-117-thread-1] INFO  server.RaftServerConfigKeys (ConfUtils.java:logGet(43)) - raft.server.rpc.timeout.max = 5200ms (custom)
2019-09-26 16:05:47,460 [pool-117-thread-1] INFO  server.RaftServerConfigKeys (ConfUtils.java:logGet(43)) - raft.server.rpcslowness.timeout = 120s (custom)
2019-09-26 16:05:47,461 [pool-117-thread-1] INFO  server.RaftServerConfigKeys (ConfUtils.java:logGet(43)) - raft.server.sleep.deviation.threshold = 300 (default)
2019-09-26 16:05:47,461 [pool-117-thread-1] INFO  server.RaftServerConfigKeys (ConfUtils.java:logGet(43)) - raft.server.log.appender.install.snapshot.enabled = false (custom)
2019-09-26 16:05:47,461 [pool-137-thread-1] INFO  impl.RaftServerImpl (RaftServerImpl.java:<init>(95)) - eceeeb53-0a64-40d1-8165-8060b1e5e631: new RaftServerImpl for group-619C31D50264:[f1b22ec7-1217-442a-a6e0-7f0124023303:192.168.157.234:42096, 8214dcd7-9039-498f-bb6d-268e472c0f13:192.168.157.234:37160, eceeeb53-0a64-40d1-8165-8060b1e5e631:192.168.157.234:41381] with ContainerStateMachine:uninitialized
2019-09-26 16:05:47,461 [pool-117-thread-1] INFO  impl.RaftServerImpl (ServerState.java:<init>(103)) - f1b22ec7-1217-442a-a6e0-7f0124023303@group-619C31D50264: ConfigurationManager, init=-1: [f1b22ec7-1217-442a-a6e0-7f0124023303:192.168.157.234:42096, 8214dcd7-9039-498f-bb6d-268e472c0f13:192.168.157.234:37160, eceeeb53-0a64-40d1-8165-8060b1e5e631:192.168.157.234:41381], old=null, confs=<EMPTY_MAP>
2019-09-26 16:05:47,461 [pool-137-thread-1] INFO  server.RaftServerConfigKeys (ConfUtils.java:logGet(43)) - raft.server.rpc.timeout.min = 5s (custom)
2019-09-26 16:05:47,461 [pool-117-thread-1] INFO  server.RaftServerConfigKeys (ConfUtils.java:logGet(43)) - raft.server.storage.dir = [/workdir/hadoop-ozone/integration-test/target/test-dir/MiniOzoneClusterImpl-af67ac00-e673-4dc0-88ca-7b49334fe824/datanode-0/data/ratis] (custom)
2019-09-26 16:05:47,461 [pool-137-thread-1] INFO  server.RaftServerConfigKeys (ConfUtils.java:logGet(43)) - raft.server.rpc.timeout.max = 5200ms (custom)
2019-09-26 16:05:47,462 [pool-167-thread-1] INFO  impl.RaftServerImpl (RaftServerImpl.java:<init>(95)) - 8214dcd7-9039-498f-bb6d-268e472c0f13: new RaftServerImpl for group-619C31D50264:[f1b22ec7-1217-442a-a6e0-7f0124023303:192.168.157.234:42096, 8214dcd7-9039-498f-bb6d-268e472c0f13:192.168.157.234:37160, eceeeb53-0a64-40d1-8165-8060b1e5e631:192.168.157.234:41381] with ContainerStateMachine:uninitialized
2019-09-26 16:05:47,462 [pool-117-thread-1] INFO  storage.RaftStorageDirectory (RaftStorageDirectory.java:analyzeStorage(246)) - The storage directory /workdir/hadoop-ozone/integration-test/target/test-dir/MiniOzoneClusterImpl-af67ac00-e673-4dc0-88ca-7b49334fe824/datanode-0/data/ratis/e656e54b-5bdc-4364-bd38-619c31d50264 does not exist. Creating ...
2019-09-26 16:05:47,462 [pool-137-thread-1] INFO  server.RaftServerConfigKeys (ConfUtils.java:logGet(43)) - raft.server.rpcslowness.timeout = 120s (custom)
2019-09-26 16:05:47,462 [pool-167-thread-1] INFO  server.RaftServerConfigKeys (ConfUtils.java:logGet(43)) - raft.server.rpc.timeout.min = 5s (custom)
2019-09-26 16:05:47,462 [pool-137-thread-1] INFO  server.RaftServerConfigKeys (ConfUtils.java:logGet(43)) - raft.server.sleep.deviation.threshold = 300 (default)
2019-09-26 16:05:47,462 [pool-167-thread-1] INFO  server.RaftServerConfigKeys (ConfUtils.java:logGet(43)) - raft.server.rpc.timeout.max = 5200ms (custom)
2019-09-26 16:05:47,463 [pool-137-thread-1] INFO  server.RaftServerConfigKeys (ConfUtils.java:logGet(43)) - raft.server.log.appender.install.snapshot.enabled = false (custom)
2019-09-26 16:05:47,463 [pool-167-thread-1] INFO  server.RaftServerConfigKeys (ConfUtils.java:logGet(43)) - raft.server.rpcslowness.timeout = 120s (custom)
2019-09-26 16:05:47,463 [pool-137-thread-1] INFO  impl.RaftServerImpl (ServerState.java:<init>(103)) - eceeeb53-0a64-40d1-8165-8060b1e5e631@group-619C31D50264: ConfigurationManager, init=-1: [f1b22ec7-1217-442a-a6e0-7f0124023303:192.168.157.234:42096, 8214dcd7-9039-498f-bb6d-268e472c0f13:192.168.157.234:37160, eceeeb53-0a64-40d1-8165-8060b1e5e631:192.168.157.234:41381], old=null, confs=<EMPTY_MAP>
2019-09-26 16:05:47,463 [pool-167-thread-1] INFO  server.RaftServerConfigKeys (ConfUtils.java:logGet(43)) - raft.server.sleep.deviation.threshold = 300 (default)
2019-09-26 16:05:47,463 [pool-137-thread-1] INFO  server.RaftServerConfigKeys (ConfUtils.java:logGet(43)) - raft.server.storage.dir = [/workdir/hadoop-ozone/integration-test/target/test-dir/MiniOzoneClusterImpl-af67ac00-e673-4dc0-88ca-7b49334fe824/datanode-2/data/ratis] (custom)
2019-09-26 16:05:47,463 [pool-167-thread-1] INFO  server.RaftServerConfigKeys (ConfUtils.java:logGet(43)) - raft.server.log.appender.install.snapshot.enabled = false (custom)
2019-09-26 16:05:47,464 [pool-167-thread-1] INFO  impl.RaftServerImpl (ServerState.java:<init>(103)) - 8214dcd7-9039-498f-bb6d-268e472c0f13@group-619C31D50264: ConfigurationManager, init=-1: [f1b22ec7-1217-442a-a6e0-7f0124023303:192.168.157.234:42096, 8214dcd7-9039-498f-bb6d-268e472c0f13:192.168.157.234:37160, eceeeb53-0a64-40d1-8165-8060b1e5e631:192.168.157.234:41381], old=null, confs=<EMPTY_MAP>
2019-09-26 16:05:47,464 [pool-137-thread-1] INFO  storage.RaftStorageDirectory (RaftStorageDirectory.java:analyzeStorage(246)) - The storage directory /workdir/hadoop-ozone/integration-test/target/test-dir/MiniOzoneClusterImpl-af67ac00-e673-4dc0-88ca-7b49334fe824/datanode-2/data/ratis/e656e54b-5bdc-4364-bd38-619c31d50264 does not exist. Creating ...
2019-09-26 16:05:47,464 [pool-167-thread-1] INFO  server.RaftServerConfigKeys (ConfUtils.java:logGet(43)) - raft.server.storage.dir = [/workdir/hadoop-ozone/integration-test/target/test-dir/MiniOzoneClusterImpl-af67ac00-e673-4dc0-88ca-7b49334fe824/datanode-5/data/ratis] (custom)
2019-09-26 16:05:47,464 [pool-167-thread-1] INFO  storage.RaftStorageDirectory (RaftStorageDirectory.java:analyzeStorage(246)) - The storage directory /workdir/hadoop-ozone/integration-test/target/test-dir/MiniOzoneClusterImpl-af67ac00-e673-4dc0-88ca-7b49334fe824/datanode-5/data/ratis/e656e54b-5bdc-4364-bd38-619c31d50264 does not exist. Creating ...
2019-09-26 16:05:47,476 [pool-117-thread-1] INFO  storage.RaftStorageDirectory (RaftStorageDirectory.java:tryLock(328)) - Lock on /workdir/hadoop-ozone/integration-test/target/test-dir/MiniOzoneClusterImpl-af67ac00-e673-4dc0-88ca-7b49334fe824/datanode-0/data/ratis/e656e54b-5bdc-4364-bd38-619c31d50264/in_use.lock acquired by nodename 31074@pr-hdds-2162-htzpk-1451759861
2019-09-26 16:05:47,476 [pool-167-thread-1] INFO  storage.RaftStorageDirectory (RaftStorageDirectory.java:tryLock(328)) - Lock on /workdir/hadoop-ozone/integration-test/target/test-dir/MiniOzoneClusterImpl-af67ac00-e673-4dc0-88ca-7b49334fe824/datanode-5/data/ratis/e656e54b-5bdc-4364-bd38-619c31d50264/in_use.lock acquired by nodename 31074@pr-hdds-2162-htzpk-1451759861
2019-09-26 16:05:47,476 [pool-137-thread-1] INFO  storage.RaftStorageDirectory (RaftStorageDirectory.java:tryLock(328)) - Lock on /workdir/hadoop-ozone/integration-test/target/test-dir/MiniOzoneClusterImpl-af67ac00-e673-4dc0-88ca-7b49334fe824/datanode-2/data/ratis/e656e54b-5bdc-4364-bd38-619c31d50264/in_use.lock acquired by nodename 31074@pr-hdds-2162-htzpk-1451759861
2019-09-26 16:05:47,491 [pool-117-thread-1] INFO  storage.RaftStorage (RaftStorage.java:format(72)) - Storage directory /workdir/hadoop-ozone/integration-test/target/test-dir/MiniOzoneClusterImpl-af67ac00-e673-4dc0-88ca-7b49334fe824/datanode-0/data/ratis/e656e54b-5bdc-4364-bd38-619c31d50264 has been successfully formatted.
2019-09-26 16:05:47,491 [pool-167-thread-1] INFO  storage.RaftStorage (RaftStorage.java:format(72)) - Storage directory /workdir/hadoop-ozone/integration-test/target/test-dir/MiniOzoneClusterImpl-af67ac00-e673-4dc0-88ca-7b49334fe824/datanode-5/data/ratis/e656e54b-5bdc-4364-bd38-619c31d50264 has been successfully formatted.
2019-09-26 16:05:47,491 [pool-137-thread-1] INFO  storage.RaftStorage (RaftStorage.java:format(72)) - Storage directory /workdir/hadoop-ozone/integration-test/target/test-dir/MiniOzoneClusterImpl-af67ac00-e673-4dc0-88ca-7b49334fe824/datanode-2/data/ratis/e656e54b-5bdc-4364-bd38-619c31d50264 has been successfully formatted.
2019-09-26 16:05:47,491 [pool-167-thread-1] INFO  ratis.ContainerStateMachine (ContainerStateMachine.java:loadSnapshot(230)) - group-619C31D50264: The snapshot info is null. Setting the last applied indexto:(t:0, i:~)
2019-09-26 16:05:47,492 [pool-137-thread-1] INFO  ratis.ContainerStateMachine (ContainerStateMachine.java:loadSnapshot(230)) - group-619C31D50264: The snapshot info is null. Setting the last applied indexto:(t:0, i:~)
2019-09-26 16:05:47,491 [pool-117-thread-1] INFO  ratis.ContainerStateMachine (ContainerStateMachine.java:loadSnapshot(230)) - group-619C31D50264: The snapshot info is null. Setting the last applied indexto:(t:0, i:~)
2019-09-26 16:05:47,495 [pool-137-thread-1] INFO  server.RaftServerConfigKeys (ConfUtils.java:logGet(43)) - raft.server.notification.no-leader.timeout = 120s (custom)
2019-09-26 16:05:47,492 [pool-167-thread-1] INFO  server.RaftServerConfigKeys (ConfUtils.java:logGet(43)) - raft.server.notification.no-leader.timeout = 120s (custom)
2019-09-26 16:05:47,495 [pool-137-thread-1] INFO  server.RaftServerConfigKeys (ConfUtils.java:logGet(43)) - raft.server.log.use.memory = false (default)
2019-09-26 16:05:47,495 [pool-117-thread-1] INFO  server.RaftServerConfigKeys (ConfUtils.java:logGet(43)) - raft.server.notification.no-leader.timeout = 120s (custom)
2019-09-26 16:05:47,495 [pool-137-thread-1] INFO  server.RaftServerConfigKeys (ConfUtils.java:logGet(43)) - raft.server.log.purge.gap = 1000000 (custom)
2019-09-26 16:05:47,495 [pool-167-thread-1] INFO  server.RaftServerConfigKeys (ConfUtils.java:logGet(43)) - raft.server.log.use.memory = false (default)
2019-09-26 16:05:47,496 [pool-137-thread-1] INFO  server.RaftServerConfigKeys (ConfUtils.java:logGet(43)) - raft.server.log.appender.buffer.byte-limit = 33554432 (custom)
2019-09-26 16:05:47,495 [pool-117-thread-1] INFO  server.RaftServerConfigKeys (ConfUtils.java:logGet(43)) - raft.server.log.use.memory = false (default)
2019-09-26 16:05:47,496 [pool-137-thread-1] INFO  server.RaftServerConfigKeys (ConfUtils.java:logGet(43)) - raft.server.log.segment.size.max = 1048576 (custom)
2019-09-26 16:05:47,496 [pool-167-thread-1] INFO  server.RaftServerConfigKeys (ConfUtils.java:logGet(43)) - raft.server.log.purge.gap = 1000000 (custom)
2019-09-26 16:05:47,496 [pool-137-thread-1] INFO  server.RaftServerConfigKeys (ConfUtils.java:logGet(43)) - raft.server.log.segment.cache.num.max = 2 (custom)
2019-09-26 16:05:47,497 [pool-137-thread-1] INFO  segmented.SegmentedRaftLogWorker (SegmentedRaftLogWorker.java:<init>(172)) - new eceeeb53-0a64-40d1-8165-8060b1e5e631@group-619C31D50264-SegmentedRaftLogWorker for RaftStorage:Storage Directory /workdir/hadoop-ozone/integration-test/target/test-dir/MiniOzoneClusterImpl-af67ac00-e673-4dc0-88ca-7b49334fe824/datanode-2/data/ratis/e656e54b-5bdc-4364-bd38-619c31d50264
2019-09-26 16:05:47,496 [pool-117-thread-1] INFO  server.RaftServerConfigKeys (ConfUtils.java:logGet(43)) - raft.server.log.purge.gap = 1000000 (custom)
2019-09-26 16:05:47,497 [pool-137-thread-1] INFO  server.RaftServerConfigKeys (ConfUtils.java:logGet(43)) - raft.server.log.queue.byte-limit = 2147483647 (custom)
2019-09-26 16:05:47,497 [pool-137-thread-1] INFO  server.RaftServerConfigKeys (ConfUtils.java:logGet(43)) - raft.server.log.queue.element-limit = 1024 (custom)
2019-09-26 16:05:47,497 [pool-167-thread-1] INFO  server.RaftServerConfigKeys (ConfUtils.java:logGet(43)) - raft.server.log.appender.buffer.byte-limit = 33554432 (custom)
2019-09-26 16:05:47,497 [pool-137-thread-1] INFO  server.RaftServerConfigKeys (ConfUtils.java:logGet(43)) - raft.server.log.segment.size.max = 1048576 (custom)
2019-09-26 16:05:47,497 [pool-117-thread-1] INFO  server.RaftServerConfigKeys (ConfUtils.java:logGet(43)) - raft.server.log.appender.buffer.byte-limit = 33554432 (custom)
2019-09-26 16:05:47,498 [pool-137-thread-1] INFO  server.RaftServerConfigKeys (ConfUtils.java:logGet(43)) - raft.server.log.preallocated.size = 16384 (custom)
2019-09-26 16:05:47,498 [pool-167-thread-1] INFO  server.RaftServerConfigKeys (ConfUtils.java:logGet(43)) - raft.server.log.segment.size.max = 1048576 (custom)
2019-09-26 16:05:47,500 [pool-137-thread-1] INFO  server.RaftServerConfigKeys (ConfUtils.java:logGet(43)) - raft.server.log.write.buffer.size = 33554432 (custom)
2019-09-26 16:05:47,498 [pool-117-thread-1] INFO  server.RaftServerConfigKeys (ConfUtils.java:logGet(43)) - raft.server.log.segment.size.max = 1048576 (custom)
2019-09-26 16:05:47,501 [pool-137-thread-1] INFO  server.RaftServerConfigKeys (ConfUtils.java:logGet(43)) - raft.server.log.force.sync.num = 128 (default)
2019-09-26 16:05:47,501 [pool-137-thread-1] INFO  server.RaftServerConfigKeys (ConfUtils.java:logGet(43)) - raft.server.log.statemachine.data.sync = true (default)
2019-09-26 16:05:47,501 [pool-167-thread-1] INFO  server.RaftServerConfigKeys (ConfUtils.java:logGet(43)) - raft.server.log.segment.cache.num.max = 2 (custom)
2019-09-26 16:05:47,501 [pool-137-thread-1] INFO  server.RaftServerConfigKeys (ConfUtils.java:logGet(43)) - raft.server.log.statemachine.data.sync.timeout = 10s (default)
2019-09-26 16:05:47,502 [pool-137-thread-1] INFO  server.RaftServerConfigKeys (ConfUtils.java:logGet(43)) - raft.server.log.statemachine.data.sync.timeout.retry = -1 (default)
2019-09-26 16:05:47,501 [pool-117-thread-1] INFO  server.RaftServerConfigKeys (ConfUtils.java:logGet(43)) - raft.server.log.segment.cache.num.max = 2 (custom)
2019-09-26 16:05:47,502 [pool-137-thread-1] INFO  server.RaftServerConfigKeys (ConfUtils.java:logGet(43)) - raft.server.log.statemachine.data.caching.enabled = true (custom)
2019-09-26 16:05:47,502 [pool-167-thread-1] INFO  segmented.SegmentedRaftLogWorker (SegmentedRaftLogWorker.java:<init>(172)) - new 8214dcd7-9039-498f-bb6d-268e472c0f13@group-619C31D50264-SegmentedRaftLogWorker for RaftStorage:Storage Directory /workdir/hadoop-ozone/integration-test/target/test-dir/MiniOzoneClusterImpl-af67ac00-e673-4dc0-88ca-7b49334fe824/datanode-5/data/ratis/e656e54b-5bdc-4364-bd38-619c31d50264
2019-09-26 16:05:47,502 [pool-117-thread-1] INFO  segmented.SegmentedRaftLogWorker (SegmentedRaftLogWorker.java:<init>(172)) - new f1b22ec7-1217-442a-a6e0-7f0124023303@group-619C31D50264-SegmentedRaftLogWorker for RaftStorage:Storage Directory /workdir/hadoop-ozone/integration-test/target/test-dir/MiniOzoneClusterImpl-af67ac00-e673-4dc0-88ca-7b49334fe824/datanode-0/data/ratis/e656e54b-5bdc-4364-bd38-619c31d50264
2019-09-26 16:05:47,503 [pool-167-thread-1] INFO  server.RaftServerConfigKeys (ConfUtils.java:logGet(43)) - raft.server.log.queue.byte-limit = 2147483647 (custom)
2019-09-26 16:05:47,503 [pool-137-thread-1] INFO  segmented.SegmentedRaftLogWorker (SegmentedRaftLogWorker.java:lambda$new$0(132)) - eceeeb53-0a64-40d1-8165-8060b1e5e631@group-619C31D50264-SegmentedRaftLogWorker: flushIndex: setUnconditionally 0 -> -1
2019-09-26 16:05:47,503 [pool-167-thread-1] INFO  server.RaftServerConfigKeys (ConfUtils.java:logGet(43)) - raft.server.log.queue.element-limit = 1024 (custom)
2019-09-26 16:05:47,503 [pool-117-thread-1] INFO  server.RaftServerConfigKeys (ConfUtils.java:logGet(43)) - raft.server.log.queue.byte-limit = 2147483647 (custom)
2019-09-26 16:05:47,505 [pool-167-thread-1] INFO  server.RaftServerConfigKeys (ConfUtils.java:logGet(43)) - raft.server.log.segment.size.max = 1048576 (custom)
2019-09-26 16:05:47,505 [pool-137-thread-1] INFO  server.RaftServerConfigKeys (ConfUtils.java:logGet(43)) - raft.server.snapshot.auto.trigger.enabled = true (custom)
2019-09-26 16:05:47,505 [pool-117-thread-1] INFO  server.RaftServerConfigKeys (ConfUtils.java:logGet(43)) - raft.server.log.queue.element-limit = 1024 (custom)
2019-09-26 16:05:47,505 [pool-137-thread-1] INFO  server.RaftServerConfigKeys (ConfUtils.java:logGet(43)) - raft.server.snapshot.auto.trigger.threshold = 10000 (custom)
2019-09-26 16:05:47,505 [pool-167-thread-1] INFO  server.RaftServerConfigKeys (ConfUtils.java:logGet(43)) - raft.server.log.preallocated.size = 16384 (custom)
2019-09-26 16:05:47,506 [pool-137-thread-1] INFO  server.RaftServerConfigKeys (ConfUtils.java:logGet(43)) - raft.server.snapshot.retention.num.files = 5 (custom)
2019-09-26 16:05:47,505 [pool-117-thread-1] INFO  server.RaftServerConfigKeys (ConfUtils.java:logGet(43)) - raft.server.log.segment.size.max = 1048576 (custom)
2019-09-26 16:05:47,506 [pool-137-thread-1] INFO  server.RaftServerConfigKeys (ConfUtils.java:logGet(43)) - raft.server.retrycache.expirytime = 600000ms (custom)
2019-09-26 16:05:47,506 [pool-167-thread-1] INFO  server.RaftServerConfigKeys (ConfUtils.java:logGet(43)) - raft.server.log.write.buffer.size = 33554432 (custom)
2019-09-26 16:05:47,506 [pool-117-thread-1] INFO  server.RaftServerConfigKeys (ConfUtils.java:logGet(43)) - raft.server.log.preallocated.size = 16384 (custom)
2019-09-26 16:05:47,506 [pool-167-thread-1] INFO  server.RaftServerConfigKeys (ConfUtils.java:logGet(43)) - raft.server.log.force.sync.num = 128 (default)
2019-09-26 16:05:47,507 [pool-117-thread-1] INFO  server.RaftServerConfigKeys (ConfUtils.java:logGet(43)) - raft.server.log.write.buffer.size = 33554432 (custom)
2019-09-26 16:05:47,507 [pool-167-thread-1] INFO  server.RaftServerConfigKeys (ConfUtils.java:logGet(43)) - raft.server.log.statemachine.data.sync = true (default)
2019-09-26 16:05:47,507 [pool-117-thread-1] INFO  server.RaftServerConfigKeys (ConfUtils.java:logGet(43)) - raft.server.log.force.sync.num = 128 (default)
2019-09-26 16:05:47,507 [pool-167-thread-1] INFO  server.RaftServerConfigKeys (ConfUtils.java:logGet(43)) - raft.server.log.statemachine.data.sync.timeout = 10s (default)
2019-09-26 16:05:47,507 [pool-117-thread-1] INFO  server.RaftServerConfigKeys (ConfUtils.java:logGet(43)) - raft.server.log.statemachine.data.sync = true (default)
2019-09-26 16:05:47,508 [pool-167-thread-1] INFO  server.RaftServerConfigKeys (ConfUtils.java:logGet(43)) - raft.server.log.statemachine.data.sync.timeout.retry = -1 (default)
2019-09-26 16:05:47,508 [pool-117-thread-1] INFO  server.RaftServerConfigKeys (ConfUtils.java:logGet(43)) - raft.server.log.statemachine.data.sync.timeout = 10s (default)
2019-09-26 16:05:47,508 [pool-167-thread-1] INFO  server.RaftServerConfigKeys (ConfUtils.java:logGet(43)) - raft.server.log.statemachine.data.caching.enabled = true (custom)
2019-09-26 16:05:47,508 [pool-117-thread-1] INFO  server.RaftServerConfigKeys (ConfUtils.java:logGet(43)) - raft.server.log.statemachine.data.sync.timeout.retry = -1 (default)
2019-09-26 16:05:47,508 [pool-167-thread-1] INFO  segmented.SegmentedRaftLogWorker (SegmentedRaftLogWorker.java:lambda$new$0(132)) - 8214dcd7-9039-498f-bb6d-268e472c0f13@group-619C31D50264-SegmentedRaftLogWorker: flushIndex: setUnconditionally 0 -> -1
2019-09-26 16:05:47,508 [pool-117-thread-1] INFO  server.RaftServerConfigKeys (ConfUtils.java:logGet(43)) - raft.server.log.statemachine.data.caching.enabled = true (custom)
2019-09-26 16:05:47,509 [pool-167-thread-1] INFO  server.RaftServerConfigKeys (ConfUtils.java:logGet(43)) - raft.server.snapshot.auto.trigger.enabled = true (custom)
2019-09-26 16:05:47,509 [pool-137-thread-1] INFO  impl.RaftServerImpl (RaftServerImpl.java:start(185)) - eceeeb53-0a64-40d1-8165-8060b1e5e631@group-619C31D50264: start as a follower, conf=-1: [f1b22ec7-1217-442a-a6e0-7f0124023303:192.168.157.234:42096, 8214dcd7-9039-498f-bb6d-268e472c0f13:192.168.157.234:37160, eceeeb53-0a64-40d1-8165-8060b1e5e631:192.168.157.234:41381], old=null
2019-09-26 16:05:47,509 [pool-117-thread-1] INFO  segmented.SegmentedRaftLogWorker (SegmentedRaftLogWorker.java:lambda$new$0(132)) - f1b22ec7-1217-442a-a6e0-7f0124023303@group-619C31D50264-SegmentedRaftLogWorker: flushIndex: setUnconditionally 0 -> -1
2019-09-26 16:05:47,509 [pool-167-thread-1] INFO  server.RaftServerConfigKeys (ConfUtils.java:logGet(43)) - raft.server.snapshot.auto.trigger.threshold = 10000 (custom)
2019-09-26 16:05:47,509 [pool-137-thread-1] INFO  impl.RaftServerImpl (RaftServerImpl.java:setRole(174)) - eceeeb53-0a64-40d1-8165-8060b1e5e631@group-619C31D50264: changes role from      null to FOLLOWER at term 0 for startAsFollower
2019-09-26 16:05:47,510 [pool-117-thread-1] INFO  server.RaftServerConfigKeys (ConfUtils.java:logGet(43)) - raft.server.snapshot.auto.trigger.enabled = true (custom)
2019-09-26 16:05:47,510 [pool-167-thread-1] INFO  server.RaftServerConfigKeys (ConfUtils.java:logGet(43)) - raft.server.snapshot.retention.num.files = 5 (custom)
2019-09-26 16:05:47,510 [pool-117-thread-1] INFO  server.RaftServerConfigKeys (ConfUtils.java:logGet(43)) - raft.server.snapshot.auto.trigger.threshold = 10000 (custom)
2019-09-26 16:05:47,510 [pool-117-thread-1] INFO  server.RaftServerConfigKeys (ConfUtils.java:logGet(43)) - raft.server.snapshot.retention.num.files = 5 (custom)
2019-09-26 16:05:47,510 [pool-137-thread-1] INFO  impl.RoleInfo (RoleInfo.java:updateAndGet(143)) - eceeeb53-0a64-40d1-8165-8060b1e5e631: start FollowerState
2019-09-26 16:05:47,510 [pool-117-thread-1] INFO  server.RaftServerConfigKeys (ConfUtils.java:logGet(43)) - raft.server.retrycache.expirytime = 600000ms (custom)
2019-09-26 16:05:47,510 [pool-167-thread-1] INFO  server.RaftServerConfigKeys (ConfUtils.java:logGet(43)) - raft.server.retrycache.expirytime = 600000ms (custom)
2019-09-26 16:05:47,511 [pool-137-thread-1] INFO  util.JmxRegister (JmxRegister.java:tryRegister(44)) - Successfully registered JMX Bean with object name Ratis:service=RaftServer,group=group-619C31D50264,id=eceeeb53-0a64-40d1-8165-8060b1e5e631
2019-09-26 16:05:47,520 [pool-117-thread-1] INFO  impl.RaftServerImpl (RaftServerImpl.java:start(185)) - f1b22ec7-1217-442a-a6e0-7f0124023303@group-619C31D50264: start as a follower, conf=-1: [f1b22ec7-1217-442a-a6e0-7f0124023303:192.168.157.234:42096, 8214dcd7-9039-498f-bb6d-268e472c0f13:192.168.157.234:37160, eceeeb53-0a64-40d1-8165-8060b1e5e631:192.168.157.234:41381], old=null
2019-09-26 16:05:47,520 [pool-117-thread-1] INFO  impl.RaftServerImpl (RaftServerImpl.java:setRole(174)) - f1b22ec7-1217-442a-a6e0-7f0124023303@group-619C31D50264: changes role from      null to FOLLOWER at term 0 for startAsFollower
2019-09-26 16:05:47,520 [pool-117-thread-1] INFO  impl.RoleInfo (RoleInfo.java:updateAndGet(143)) - f1b22ec7-1217-442a-a6e0-7f0124023303: start FollowerState
2019-09-26 16:05:47,520 [pool-167-thread-1] INFO  impl.RaftServerImpl (RaftServerImpl.java:start(185)) - 8214dcd7-9039-498f-bb6d-268e472c0f13@group-619C31D50264: start as a follower, conf=-1: [f1b22ec7-1217-442a-a6e0-7f0124023303:192.168.157.234:42096, 8214dcd7-9039-498f-bb6d-268e472c0f13:192.168.157.234:37160, eceeeb53-0a64-40d1-8165-8060b1e5e631:192.168.157.234:41381], old=null
2019-09-26 16:05:47,521 [pool-167-thread-1] INFO  impl.RaftServerImpl (RaftServerImpl.java:setRole(174)) - 8214dcd7-9039-498f-bb6d-268e472c0f13@group-619C31D50264: changes role from      null to FOLLOWER at term 0 for startAsFollower
2019-09-26 16:05:47,521 [pool-117-thread-1] INFO  util.JmxRegister (JmxRegister.java:tryRegister(44)) - Successfully registered JMX Bean with object name Ratis:service=RaftServer,group=group-619C31D50264,id=f1b22ec7-1217-442a-a6e0-7f0124023303
2019-09-26 16:05:47,521 [pool-167-thread-1] INFO  impl.RoleInfo (RoleInfo.java:updateAndGet(143)) - 8214dcd7-9039-498f-bb6d-268e472c0f13: start FollowerState
2019-09-26 16:05:47,521 [pool-167-thread-1] INFO  util.JmxRegister (JmxRegister.java:tryRegister(44)) - Successfully registered JMX Bean with object name Ratis:service=RaftServer,group=group-619C31D50264,id=8214dcd7-9039-498f-bb6d-268e472c0f13
2019-09-26 16:05:47,529 [RatisPipelineUtilsThread] INFO  pipeline.PipelineStateManager (PipelineStateManager.java:addPipeline(56)) - Created pipeline Pipeline[ Id: e656e54b-5bdc-4364-bd38-619c31d50264, Nodes: f1b22ec7-1217-442a-a6e0-7f0124023303{ip: 192.168.157.234, host: pr-hdds-2162-htzpk-1451759861, networkLocation: /default-rack, certSerialId: null}eceeeb53-0a64-40d1-8165-8060b1e5e631{ip: 192.168.157.234, host: pr-hdds-2162-htzpk-1451759861, networkLocation: /default-rack, certSerialId: null}8214dcd7-9039-498f-bb6d-268e472c0f13{ip: 192.168.157.234, host: pr-hdds-2162-htzpk-1451759861, networkLocation: /default-rack, certSerialId: null}, Type:RATIS, Factor:THREE, State:OPEN]
2019-09-26 16:05:48,165 [main] INFO  ozone.MiniOzoneClusterImpl (MiniOzoneClusterImpl.java:lambda$waitForClusterToBeReady$0(147)) - Cluster is ready. Got 7 of 7 DN Heartbeats.
2019-09-26 16:05:49,170 [main] INFO  ipc.Client (Client.java:handleConnectionFailure(948)) - Retrying connect to server: localhost/127.0.0.1:0. Already tried 0 time(s); retry policy is RetryUpToMaximumCountWithFixedSleep(maxRetries=10, sleepTime=1000 MILLISECONDS)
2019-09-26 16:05:49,785 [Thread-768] INFO  container.ReplicationManager (ReplicationManager.java:start(162)) - Starting Replication Monitor Thread.
2019-09-26 16:05:49,792 [ReplicationMonitor] INFO  container.ReplicationManager (ReplicationManager.java:run(225)) - Replication Monitor Thread took 0 milliseconds for processing 0 containers.
2019-09-26 16:05:50,172 [main] INFO  ipc.Client (Client.java:handleConnectionFailure(948)) - Retrying connect to server: localhost/127.0.0.1:0. Already tried 1 time(s); retry policy is RetryUpToMaximumCountWithFixedSleep(maxRetries=10, sleepTime=1000 MILLISECONDS)
2019-09-26 16:05:51,174 [main] INFO  ipc.Client (Client.java:handleConnectionFailure(948)) - Retrying connect to server: localhost/127.0.0.1:0. Already tried 2 time(s); retry policy is RetryUpToMaximumCountWithFixedSleep(maxRetries=10, sleepTime=1000 MILLISECONDS)
2019-09-26 16:05:51,861 [Thread-770] INFO  impl.FollowerState (FollowerState.java:run(106)) - f1b22ec7-1217-442a-a6e0-7f0124023303:group-6AFA2E7D9180 changes to CANDIDATE, lastRpcTime:5002, electionTimeout:5002ms
2019-09-26 16:05:51,862 [Thread-770] INFO  impl.RoleInfo (RoleInfo.java:shutdownFollowerState(121)) - f1b22ec7-1217-442a-a6e0-7f0124023303: shutdown FollowerState
2019-09-26 16:05:51,862 [Thread-770] INFO  impl.RaftServerImpl (RaftServerImpl.java:setRole(174)) - f1b22ec7-1217-442a-a6e0-7f0124023303@group-6AFA2E7D9180: changes role from  FOLLOWER to CANDIDATE at term 0 for changeToCandidate
2019-09-26 16:05:51,863 [Thread-770] INFO  impl.RoleInfo (RoleInfo.java:updateAndGet(143)) - f1b22ec7-1217-442a-a6e0-7f0124023303: start LeaderElection
2019-09-26 16:05:51,886 [f1b22ec7-1217-442a-a6e0-7f0124023303@group-6AFA2E7D9180:LeaderElection15] INFO  impl.LeaderElection (LeaderElection.java:askForVotes(182)) - f1b22ec7-1217-442a-a6e0-7f0124023303@group-6AFA2E7D9180:LeaderElection15: begin an election at term 1 for -1: [f1b22ec7-1217-442a-a6e0-7f0124023303:192.168.157.234:42096], old=null
2019-09-26 16:05:51,886 [f1b22ec7-1217-442a-a6e0-7f0124023303@group-6AFA2E7D9180:LeaderElection15] INFO  impl.RoleInfo (RoleInfo.java:shutdownLeaderElection(134)) - f1b22ec7-1217-442a-a6e0-7f0124023303: shutdown LeaderElection
2019-09-26 16:05:51,887 [f1b22ec7-1217-442a-a6e0-7f0124023303@group-6AFA2E7D9180:LeaderElection15] INFO  impl.RaftServerImpl (RaftServerImpl.java:setRole(174)) - f1b22ec7-1217-442a-a6e0-7f0124023303@group-6AFA2E7D9180: changes role from CANDIDATE to LEADER at term 1 for changeToLeader
2019-09-26 16:05:51,887 [f1b22ec7-1217-442a-a6e0-7f0124023303@group-6AFA2E7D9180:LeaderElection15] INFO  impl.RaftServerImpl (ServerState.java:setLeader(253)) - f1b22ec7-1217-442a-a6e0-7f0124023303@group-6AFA2E7D9180: change Leader from null to f1b22ec7-1217-442a-a6e0-7f0124023303 at term 1 for becomeLeader, leader elected after 5039ms
2019-09-26 16:05:51,889 [f1b22ec7-1217-442a-a6e0-7f0124023303@group-6AFA2E7D9180:LeaderElection15] INFO  server.RaftServerConfigKeys (ConfUtils.java:logGet(43)) - raft.server.staging.catchup.gap = 1000 (default)
2019-09-26 16:05:51,890 [f1b22ec7-1217-442a-a6e0-7f0124023303@group-6AFA2E7D9180:LeaderElection15] INFO  server.RaftServerConfigKeys (ConfUtils.java:logGet(43)) - raft.server.rpc.sleep.time = 25ms (default)
2019-09-26 16:05:51,890 [f1b22ec7-1217-442a-a6e0-7f0124023303@group-6AFA2E7D9180:LeaderElection15] INFO  server.RaftServerConfigKeys (ConfUtils.java:logGet(43)) - raft.server.write.element-limit = 4096 (default)
2019-09-26 16:05:51,890 [f1b22ec7-1217-442a-a6e0-7f0124023303@group-6AFA2E7D9180:LeaderElection15] INFO  server.RaftServerConfigKeys (ConfUtils.java:logGet(43)) - raft.server.watch.timeout = 10s (default)
2019-09-26 16:05:51,890 [f1b22ec7-1217-442a-a6e0-7f0124023303@group-6AFA2E7D9180:LeaderElection15] INFO  server.RaftServerConfigKeys (ConfUtils.java:logGet(43)) - raft.server.watch.timeout.denomination = 1s (default)
2019-09-26 16:05:51,891 [f1b22ec7-1217-442a-a6e0-7f0124023303@group-6AFA2E7D9180:LeaderElection15] INFO  server.RaftServerConfigKeys (ConfUtils.java:logGet(43)) - raft.server.watch.element-limit = 65536 (default)
2019-09-26 16:05:51,894 [f1b22ec7-1217-442a-a6e0-7f0124023303@group-6AFA2E7D9180:LeaderElection15] INFO  impl.RoleInfo (RoleInfo.java:updateAndGet(143)) - f1b22ec7-1217-442a-a6e0-7f0124023303: start LeaderState
2019-09-26 16:05:51,895 [f1b22ec7-1217-442a-a6e0-7f0124023303@group-6AFA2E7D9180:LeaderElection15] INFO  segmented.SegmentedRaftLogWorker (SegmentedRaftLogWorker.java:startLogSegment(380)) - f1b22ec7-1217-442a-a6e0-7f0124023303@group-6AFA2E7D9180-SegmentedRaftLogWorker: Starting segment from index:0
2019-09-26 16:05:51,896 [f1b22ec7-1217-442a-a6e0-7f0124023303@group-6AFA2E7D9180:LeaderElection15] INFO  impl.RaftServerImpl (ServerState.java:setRaftConf(354)) - f1b22ec7-1217-442a-a6e0-7f0124023303@group-6AFA2E7D9180: set configuration 0: [f1b22ec7-1217-442a-a6e0-7f0124023303:192.168.157.234:42096], old=null at 0
2019-09-26 16:05:51,928 [f1b22ec7-1217-442a-a6e0-7f0124023303@group-6AFA2E7D9180-SegmentedRaftLogWorker] INFO  segmented.SegmentedRaftLogWorker (SegmentedRaftLogWorker.java:execute(569)) - f1b22ec7-1217-442a-a6e0-7f0124023303@group-6AFA2E7D9180-SegmentedRaftLogWorker: created new log segment /workdir/hadoop-ozone/integration-test/target/test-dir/MiniOzoneClusterImpl-af67ac00-e673-4dc0-88ca-7b49334fe824/datanode-0/data/ratis/abe7b230-b018-48f8-8239-6afa2e7d9180/current/log_inprogress_0
2019-09-26 16:05:51,954 [Thread-773] INFO  impl.FollowerState (FollowerState.java:run(106)) - 4114f39e-2137-4ef9-80cf-d1972135e71d:group-21120FA99BA6 changes to CANDIDATE, lastRpcTime:5019, electionTimeout:5019ms
2019-09-26 16:05:51,954 [Thread-773] INFO  impl.RoleInfo (RoleInfo.java:shutdownFollowerState(121)) - 4114f39e-2137-4ef9-80cf-d1972135e71d: shutdown FollowerState
2019-09-26 16:05:51,954 [Thread-773] INFO  impl.RaftServerImpl (RaftServerImpl.java:setRole(174)) - 4114f39e-2137-4ef9-80cf-d1972135e71d@group-21120FA99BA6: changes role from  FOLLOWER to CANDIDATE at term 0 for changeToCandidate
2019-09-26 16:05:51,954 [Thread-773] INFO  impl.RoleInfo (RoleInfo.java:updateAndGet(143)) - 4114f39e-2137-4ef9-80cf-d1972135e71d: start LeaderElection
2019-09-26 16:05:51,974 [4114f39e-2137-4ef9-80cf-d1972135e71d@group-21120FA99BA6:LeaderElection16] INFO  impl.LeaderElection (LeaderElection.java:askForVotes(182)) - 4114f39e-2137-4ef9-80cf-d1972135e71d@group-21120FA99BA6:LeaderElection16: begin an election at term 1 for -1: [4114f39e-2137-4ef9-80cf-d1972135e71d:192.168.157.234:44854], old=null
2019-09-26 16:05:51,974 [4114f39e-2137-4ef9-80cf-d1972135e71d@group-21120FA99BA6:LeaderElection16] INFO  impl.RoleInfo (RoleInfo.java:shutdownLeaderElection(134)) - 4114f39e-2137-4ef9-80cf-d1972135e71d: shutdown LeaderElection
2019-09-26 16:05:51,974 [4114f39e-2137-4ef9-80cf-d1972135e71d@group-21120FA99BA6:LeaderElection16] INFO  impl.RaftServerImpl (RaftServerImpl.java:setRole(174)) - 4114f39e-2137-4ef9-80cf-d1972135e71d@group-21120FA99BA6: changes role from CANDIDATE to LEADER at term 1 for changeToLeader
2019-09-26 16:05:51,974 [4114f39e-2137-4ef9-80cf-d1972135e71d@group-21120FA99BA6:LeaderElection16] INFO  impl.RaftServerImpl (ServerState.java:setLeader(253)) - 4114f39e-2137-4ef9-80cf-d1972135e71d@group-21120FA99BA6: change Leader from null to 4114f39e-2137-4ef9-80cf-d1972135e71d at term 1 for becomeLeader, leader elected after 5052ms
2019-09-26 16:05:51,977 [4114f39e-2137-4ef9-80cf-d1972135e71d@group-21120FA99BA6:LeaderElection16] INFO  server.RaftServerConfigKeys (ConfUtils.java:logGet(43)) - raft.server.staging.catchup.gap = 1000 (default)
2019-09-26 16:05:51,977 [4114f39e-2137-4ef9-80cf-d1972135e71d@group-21120FA99BA6:LeaderElection16] INFO  server.RaftServerConfigKeys (ConfUtils.java:logGet(43)) - raft.server.rpc.sleep.time = 25ms (default)
2019-09-26 16:05:51,977 [4114f39e-2137-4ef9-80cf-d1972135e71d@group-21120FA99BA6:LeaderElection16] INFO  server.RaftServerConfigKeys (ConfUtils.java:logGet(43)) - raft.server.write.element-limit = 4096 (default)
2019-09-26 16:05:51,978 [4114f39e-2137-4ef9-80cf-d1972135e71d@group-21120FA99BA6:LeaderElection16] INFO  server.RaftServerConfigKeys (ConfUtils.java:logGet(43)) - raft.server.watch.timeout = 10s (default)
2019-09-26 16:05:51,978 [4114f39e-2137-4ef9-80cf-d1972135e71d@group-21120FA99BA6:LeaderElection16] INFO  server.RaftServerConfigKeys (ConfUtils.java:logGet(43)) - raft.server.watch.timeout.denomination = 1s (default)
2019-09-26 16:05:51,978 [4114f39e-2137-4ef9-80cf-d1972135e71d@group-21120FA99BA6:LeaderElection16] INFO  server.RaftServerConfigKeys (ConfUtils.java:logGet(43)) - raft.server.watch.element-limit = 65536 (default)
2019-09-26 16:05:51,981 [4114f39e-2137-4ef9-80cf-d1972135e71d@group-21120FA99BA6:LeaderElection16] INFO  impl.RoleInfo (RoleInfo.java:updateAndGet(143)) - 4114f39e-2137-4ef9-80cf-d1972135e71d: start LeaderState
2019-09-26 16:05:51,981 [4114f39e-2137-4ef9-80cf-d1972135e71d@group-21120FA99BA6:LeaderElection16] INFO  segmented.SegmentedRaftLogWorker (SegmentedRaftLogWorker.java:startLogSegment(380)) - 4114f39e-2137-4ef9-80cf-d1972135e71d@group-21120FA99BA6-SegmentedRaftLogWorker: Starting segment from index:0
2019-09-26 16:05:51,982 [4114f39e-2137-4ef9-80cf-d1972135e71d@group-21120FA99BA6:LeaderElection16] INFO  impl.RaftServerImpl (ServerState.java:setRaftConf(354)) - 4114f39e-2137-4ef9-80cf-d1972135e71d@group-21120FA99BA6: set configuration 0: [4114f39e-2137-4ef9-80cf-d1972135e71d:192.168.157.234:44854], old=null at 0
2019-09-26 16:05:52,014 [4114f39e-2137-4ef9-80cf-d1972135e71d@group-21120FA99BA6-SegmentedRaftLogWorker] INFO  segmented.SegmentedRaftLogWorker (SegmentedRaftLogWorker.java:execute(569)) - 4114f39e-2137-4ef9-80cf-d1972135e71d@group-21120FA99BA6-SegmentedRaftLogWorker: created new log segment /workdir/hadoop-ozone/integration-test/target/test-dir/MiniOzoneClusterImpl-af67ac00-e673-4dc0-88ca-7b49334fe824/datanode-1/data/ratis/0c801895-3f42-40ef-a79b-21120fa99ba6/current/log_inprogress_0
2019-09-26 16:05:52,084 [Thread-776] INFO  impl.FollowerState (FollowerState.java:run(106)) - eceeeb53-0a64-40d1-8165-8060b1e5e631:group-AE608F9D485A changes to CANDIDATE, lastRpcTime:5083, electionTimeout:5083ms
2019-09-26 16:05:52,084 [Thread-776] INFO  impl.RoleInfo (RoleInfo.java:shutdownFollowerState(121)) - eceeeb53-0a64-40d1-8165-8060b1e5e631: shutdown FollowerState
2019-09-26 16:05:52,084 [Thread-776] INFO  impl.RaftServerImpl (RaftServerImpl.java:setRole(174)) - eceeeb53-0a64-40d1-8165-8060b1e5e631@group-AE608F9D485A: changes role from  FOLLOWER to CANDIDATE at term 0 for changeToCandidate
2019-09-26 16:05:52,085 [Thread-776] INFO  impl.RoleInfo (RoleInfo.java:updateAndGet(143)) - eceeeb53-0a64-40d1-8165-8060b1e5e631: start LeaderElection
2019-09-26 16:05:52,102 [eceeeb53-0a64-40d1-8165-8060b1e5e631@group-AE608F9D485A:LeaderElection17] INFO  impl.LeaderElection (LeaderElection.java:askForVotes(182)) - eceeeb53-0a64-40d1-8165-8060b1e5e631@group-AE608F9D485A:LeaderElection17: begin an election at term 1 for -1: [eceeeb53-0a64-40d1-8165-8060b1e5e631:192.168.157.234:41381], old=null
2019-09-26 16:05:52,102 [eceeeb53-0a64-40d1-8165-8060b1e5e631@group-AE608F9D485A:LeaderElection17] INFO  impl.RoleInfo (RoleInfo.java:shutdownLeaderElection(134)) - eceeeb53-0a64-40d1-8165-8060b1e5e631: shutdown LeaderElection
2019-09-26 16:05:52,103 [eceeeb53-0a64-40d1-8165-8060b1e5e631@group-AE608F9D485A:LeaderElection17] INFO  impl.RaftServerImpl (RaftServerImpl.java:setRole(174)) - eceeeb53-0a64-40d1-8165-8060b1e5e631@group-AE608F9D485A: changes role from CANDIDATE to LEADER at term 1 for changeToLeader
2019-09-26 16:05:52,103 [eceeeb53-0a64-40d1-8165-8060b1e5e631@group-AE608F9D485A:LeaderElection17] INFO  impl.RaftServerImpl (ServerState.java:setLeader(253)) - eceeeb53-0a64-40d1-8165-8060b1e5e631@group-AE608F9D485A: change Leader from null to eceeeb53-0a64-40d1-8165-8060b1e5e631 at term 1 for becomeLeader, leader elected after 5112ms
2019-09-26 16:05:52,105 [eceeeb53-0a64-40d1-8165-8060b1e5e631@group-AE608F9D485A:LeaderElection17] INFO  server.RaftServerConfigKeys (ConfUtils.java:logGet(43)) - raft.server.staging.catchup.gap = 1000 (default)
2019-09-26 16:05:52,105 [eceeeb53-0a64-40d1-8165-8060b1e5e631@group-AE608F9D485A:LeaderElection17] INFO  server.RaftServerConfigKeys (ConfUtils.java:logGet(43)) - raft.server.rpc.sleep.time = 25ms (default)
2019-09-26 16:05:52,106 [eceeeb53-0a64-40d1-8165-8060b1e5e631@group-AE608F9D485A:LeaderElection17] INFO  server.RaftServerConfigKeys (ConfUtils.java:logGet(43)) - raft.server.write.element-limit = 4096 (default)
2019-09-26 16:05:52,106 [eceeeb53-0a64-40d1-8165-8060b1e5e631@group-AE608F9D485A:LeaderElection17] INFO  server.RaftServerConfigKeys (ConfUtils.java:logGet(43)) - raft.server.watch.timeout = 10s (default)
2019-09-26 16:05:52,106 [eceeeb53-0a64-40d1-8165-8060b1e5e631@group-AE608F9D485A:LeaderElection17] INFO  server.RaftServerConfigKeys (ConfUtils.java:logGet(43)) - raft.server.watch.timeout.denomination = 1s (default)
2019-09-26 16:05:52,106 [eceeeb53-0a64-40d1-8165-8060b1e5e631@group-AE608F9D485A:LeaderElection17] INFO  server.RaftServerConfigKeys (ConfUtils.java:logGet(43)) - raft.server.watch.element-limit = 65536 (default)
2019-09-26 16:05:52,109 [eceeeb53-0a64-40d1-8165-8060b1e5e631@group-AE608F9D485A:LeaderElection17] INFO  impl.RoleInfo (RoleInfo.java:updateAndGet(143)) - eceeeb53-0a64-40d1-8165-8060b1e5e631: start LeaderState
2019-09-26 16:05:52,109 [eceeeb53-0a64-40d1-8165-8060b1e5e631@group-AE608F9D485A:LeaderElection17] INFO  segmented.SegmentedRaftLogWorker (SegmentedRaftLogWorker.java:startLogSegment(380)) - eceeeb53-0a64-40d1-8165-8060b1e5e631@group-AE608F9D485A-SegmentedRaftLogWorker: Starting segment from index:0
2019-09-26 16:05:52,110 [eceeeb53-0a64-40d1-8165-8060b1e5e631@group-AE608F9D485A:LeaderElection17] INFO  impl.RaftServerImpl (ServerState.java:setRaftConf(354)) - eceeeb53-0a64-40d1-8165-8060b1e5e631@group-AE608F9D485A: set configuration 0: [eceeeb53-0a64-40d1-8165-8060b1e5e631:192.168.157.234:41381], old=null at 0
2019-09-26 16:05:52,152 [eceeeb53-0a64-40d1-8165-8060b1e5e631@group-AE608F9D485A-SegmentedRaftLogWorker] INFO  segmented.SegmentedRaftLogWorker (SegmentedRaftLogWorker.java:execute(569)) - eceeeb53-0a64-40d1-8165-8060b1e5e631@group-AE608F9D485A-SegmentedRaftLogWorker: created new log segment /workdir/hadoop-ozone/integration-test/target/test-dir/MiniOzoneClusterImpl-af67ac00-e673-4dc0-88ca-7b49334fe824/datanode-2/data/ratis/ddf4b2d2-1217-4aba-99a4-ae608f9d485a/current/log_inprogress_0
2019-09-26 16:05:52,173 [Thread-782] INFO  impl.FollowerState (FollowerState.java:run(106)) - 36c748ab-6e2f-4bd5-8311-2939c6be6aae:group-778A4F74CD95 changes to CANDIDATE, lastRpcTime:5015, electionTimeout:5015ms
2019-09-26 16:05:52,174 [Thread-782] INFO  impl.RoleInfo (RoleInfo.java:shutdownFollowerState(121)) - 36c748ab-6e2f-4bd5-8311-2939c6be6aae: shutdown FollowerState
2019-09-26 16:05:52,174 [Thread-782] INFO  impl.RaftServerImpl (RaftServerImpl.java:setRole(174)) - 36c748ab-6e2f-4bd5-8311-2939c6be6aae@group-778A4F74CD95: changes role from  FOLLOWER to CANDIDATE at term 0 for changeToCandidate
2019-09-26 16:05:52,174 [Thread-782] INFO  impl.RoleInfo (RoleInfo.java:updateAndGet(143)) - 36c748ab-6e2f-4bd5-8311-2939c6be6aae: start LeaderElection
2019-09-26 16:05:52,177 [main] INFO  ipc.Client (Client.java:handleConnectionFailure(948)) - Retrying connect to server: localhost/127.0.0.1:0. Already tried 3 time(s); retry policy is RetryUpToMaximumCountWithFixedSleep(maxRetries=10, sleepTime=1000 MILLISECONDS)
2019-09-26 16:05:52,206 [36c748ab-6e2f-4bd5-8311-2939c6be6aae@group-778A4F74CD95:LeaderElection18] INFO  impl.LeaderElection (LeaderElection.java:askForVotes(182)) - 36c748ab-6e2f-4bd5-8311-2939c6be6aae@group-778A4F74CD95:LeaderElection18: begin an election at term 1 for -1: [36c748ab-6e2f-4bd5-8311-2939c6be6aae:192.168.157.234:46293], old=null
2019-09-26 16:05:52,206 [36c748ab-6e2f-4bd5-8311-2939c6be6aae@group-778A4F74CD95:LeaderElection18] INFO  impl.RoleInfo (RoleInfo.java:shutdownLeaderElection(134)) - 36c748ab-6e2f-4bd5-8311-2939c6be6aae: shutdown LeaderElection
2019-09-26 16:05:52,206 [36c748ab-6e2f-4bd5-8311-2939c6be6aae@group-778A4F74CD95:LeaderElection18] INFO  impl.RaftServerImpl (RaftServerImpl.java:setRole(174)) - 36c748ab-6e2f-4bd5-8311-2939c6be6aae@group-778A4F74CD95: changes role from CANDIDATE to LEADER at term 1 for changeToLeader
2019-09-26 16:05:52,206 [36c748ab-6e2f-4bd5-8311-2939c6be6aae@group-778A4F74CD95:LeaderElection18] INFO  impl.RaftServerImpl (ServerState.java:setLeader(253)) - 36c748ab-6e2f-4bd5-8311-2939c6be6aae@group-778A4F74CD95: change Leader from null to 36c748ab-6e2f-4bd5-8311-2939c6be6aae at term 1 for becomeLeader, leader elected after 5058ms
2019-09-26 16:05:52,209 [36c748ab-6e2f-4bd5-8311-2939c6be6aae@group-778A4F74CD95:LeaderElection18] INFO  server.RaftServerConfigKeys (ConfUtils.java:logGet(43)) - raft.server.staging.catchup.gap = 1000 (default)
2019-09-26 16:05:52,209 [36c748ab-6e2f-4bd5-8311-2939c6be6aae@group-778A4F74CD95:LeaderElection18] INFO  server.RaftServerConfigKeys (ConfUtils.java:logGet(43)) - raft.server.rpc.sleep.time = 25ms (default)
2019-09-26 16:05:52,209 [36c748ab-6e2f-4bd5-8311-2939c6be6aae@group-778A4F74CD95:LeaderElection18] INFO  server.RaftServerConfigKeys (ConfUtils.java:logGet(43)) - raft.server.write.element-limit = 4096 (default)
2019-09-26 16:05:52,209 [36c748ab-6e2f-4bd5-8311-2939c6be6aae@group-778A4F74CD95:LeaderElection18] INFO  server.RaftServerConfigKeys (ConfUtils.java:logGet(43)) - raft.server.watch.timeout = 10s (default)
2019-09-26 16:05:52,209 [36c748ab-6e2f-4bd5-8311-2939c6be6aae@group-778A4F74CD95:LeaderElection18] INFO  server.RaftServerConfigKeys (ConfUtils.java:logGet(43)) - raft.server.watch.timeout.denomination = 1s (default)
2019-09-26 16:05:52,209 [36c748ab-6e2f-4bd5-8311-2939c6be6aae@group-778A4F74CD95:LeaderElection18] INFO  server.RaftServerConfigKeys (ConfUtils.java:logGet(43)) - raft.server.watch.element-limit = 65536 (default)
2019-09-26 16:05:52,212 [36c748ab-6e2f-4bd5-8311-2939c6be6aae@group-778A4F74CD95:LeaderElection18] INFO  impl.RoleInfo (RoleInfo.java:updateAndGet(143)) - 36c748ab-6e2f-4bd5-8311-2939c6be6aae: start LeaderState
2019-09-26 16:05:52,212 [36c748ab-6e2f-4bd5-8311-2939c6be6aae@group-778A4F74CD95:LeaderElection18] INFO  segmented.SegmentedRaftLogWorker (SegmentedRaftLogWorker.java:startLogSegment(380)) - 36c748ab-6e2f-4bd5-8311-2939c6be6aae@group-778A4F74CD95-SegmentedRaftLogWorker: Starting segment from index:0
2019-09-26 16:05:52,213 [36c748ab-6e2f-4bd5-8311-2939c6be6aae@group-778A4F74CD95:LeaderElection18] INFO  impl.RaftServerImpl (ServerState.java:setRaftConf(354)) - 36c748ab-6e2f-4bd5-8311-2939c6be6aae@group-778A4F74CD95: set configuration 0: [36c748ab-6e2f-4bd5-8311-2939c6be6aae:192.168.157.234:46293], old=null at 0
2019-09-26 16:05:52,239 [Thread-785] INFO  impl.FollowerState (FollowerState.java:run(106)) - 4eb0591e-003a-4cce-b16f-5b85711c4d0d:group-87F3408112C2 changes to CANDIDATE, lastRpcTime:5013, electionTimeout:5013ms
2019-09-26 16:05:52,239 [Thread-779] INFO  impl.FollowerState (FollowerState.java:run(106)) - 308cfd6e-1ef3-4349-b86c-3560b39e7009:group-4B1CBFF860DF changes to CANDIDATE, lastRpcTime:5169, electionTimeout:5169ms
2019-09-26 16:05:52,239 [Thread-785] INFO  impl.RoleInfo (RoleInfo.java:shutdownFollowerState(121)) - 4eb0591e-003a-4cce-b16f-5b85711c4d0d: shutdown FollowerState
2019-09-26 16:05:52,239 [Thread-779] INFO  impl.RoleInfo (RoleInfo.java:shutdownFollowerState(121)) - 308cfd6e-1ef3-4349-b86c-3560b39e7009: shutdown FollowerState
2019-09-26 16:05:52,240 [Thread-785] INFO  impl.RaftServerImpl (RaftServerImpl.java:setRole(174)) - 4eb0591e-003a-4cce-b16f-5b85711c4d0d@group-87F3408112C2: changes role from  FOLLOWER to CANDIDATE at term 0 for changeToCandidate
2019-09-26 16:05:52,240 [Thread-779] INFO  impl.RaftServerImpl (RaftServerImpl.java:setRole(174)) - 308cfd6e-1ef3-4349-b86c-3560b39e7009@group-4B1CBFF860DF: changes role from  FOLLOWER to CANDIDATE at term 0 for changeToCandidate
2019-09-26 16:05:52,240 [Thread-785] INFO  impl.RoleInfo (RoleInfo.java:updateAndGet(143)) - 4eb0591e-003a-4cce-b16f-5b85711c4d0d: start LeaderElection
2019-09-26 16:05:52,240 [Thread-779] INFO  impl.RoleInfo (RoleInfo.java:updateAndGet(143)) - 308cfd6e-1ef3-4349-b86c-3560b39e7009: start LeaderElection
2019-09-26 16:05:52,249 [36c748ab-6e2f-4bd5-8311-2939c6be6aae@group-778A4F74CD95-SegmentedRaftLogWorker] INFO  segmented.SegmentedRaftLogWorker (SegmentedRaftLogWorker.java:execute(569)) - 36c748ab-6e2f-4bd5-8311-2939c6be6aae@group-778A4F74CD95-SegmentedRaftLogWorker: created new log segment /workdir/hadoop-ozone/integration-test/target/test-dir/MiniOzoneClusterImpl-af67ac00-e673-4dc0-88ca-7b49334fe824/datanode-4/data/ratis/ef5d9a8e-21c1-4070-8209-778a4f74cd95/current/log_inprogress_0
2019-09-26 16:05:52,263 [4eb0591e-003a-4cce-b16f-5b85711c4d0d@group-87F3408112C2:LeaderElection19] INFO  impl.LeaderElection (LeaderElection.java:askForVotes(182)) - 4eb0591e-003a-4cce-b16f-5b85711c4d0d@group-87F3408112C2:LeaderElection19: begin an election at term 1 for -1: [4eb0591e-003a-4cce-b16f-5b85711c4d0d:192.168.157.234:41570], old=null
2019-09-26 16:05:52,263 [308cfd6e-1ef3-4349-b86c-3560b39e7009@group-4B1CBFF860DF:LeaderElection20] INFO  impl.LeaderElection (LeaderElection.java:askForVotes(182)) - 308cfd6e-1ef3-4349-b86c-3560b39e7009@group-4B1CBFF860DF:LeaderElection20: begin an election at term 1 for -1: [308cfd6e-1ef3-4349-b86c-3560b39e7009:192.168.157.234:42268], old=null
2019-09-26 16:05:52,263 [4eb0591e-003a-4cce-b16f-5b85711c4d0d@group-87F3408112C2:LeaderElection19] INFO  impl.RoleInfo (RoleInfo.java:shutdownLeaderElection(134)) - 4eb0591e-003a-4cce-b16f-5b85711c4d0d: shutdown LeaderElection
2019-09-26 16:05:52,263 [308cfd6e-1ef3-4349-b86c-3560b39e7009@group-4B1CBFF860DF:LeaderElection20] INFO  impl.RoleInfo (RoleInfo.java:shutdownLeaderElection(134)) - 308cfd6e-1ef3-4349-b86c-3560b39e7009: shutdown LeaderElection
2019-09-26 16:05:52,263 [4eb0591e-003a-4cce-b16f-5b85711c4d0d@group-87F3408112C2:LeaderElection19] INFO  impl.RaftServerImpl (RaftServerImpl.java:setRole(174)) - 4eb0591e-003a-4cce-b16f-5b85711c4d0d@group-87F3408112C2: changes role from CANDIDATE to LEADER at term 1 for changeToLeader
2019-09-26 16:05:52,263 [308cfd6e-1ef3-4349-b86c-3560b39e7009@group-4B1CBFF860DF:LeaderElection20] INFO  impl.RaftServerImpl (RaftServerImpl.java:setRole(174)) - 308cfd6e-1ef3-4349-b86c-3560b39e7009@group-4B1CBFF860DF: changes role from CANDIDATE to LEADER at term 1 for changeToLeader
2019-09-26 16:05:52,263 [4eb0591e-003a-4cce-b16f-5b85711c4d0d@group-87F3408112C2:LeaderElection19] INFO  impl.RaftServerImpl (ServerState.java:setLeader(253)) - 4eb0591e-003a-4cce-b16f-5b85711c4d0d@group-87F3408112C2: change Leader from null to 4eb0591e-003a-4cce-b16f-5b85711c4d0d at term 1 for becomeLeader, leader elected after 5047ms
2019-09-26 16:05:52,263 [308cfd6e-1ef3-4349-b86c-3560b39e7009@group-4B1CBFF860DF:LeaderElection20] INFO  impl.RaftServerImpl (ServerState.java:setLeader(253)) - 308cfd6e-1ef3-4349-b86c-3560b39e7009@group-4B1CBFF860DF: change Leader from null to 308cfd6e-1ef3-4349-b86c-3560b39e7009 at term 1 for becomeLeader, leader elected after 5207ms
2019-09-26 16:05:52,265 [4eb0591e-003a-4cce-b16f-5b85711c4d0d@group-87F3408112C2:LeaderElection19] INFO  server.RaftServerConfigKeys (ConfUtils.java:logGet(43)) - raft.server.staging.catchup.gap = 1000 (default)
2019-09-26 16:05:52,267 [308cfd6e-1ef3-4349-b86c-3560b39e7009@group-4B1CBFF860DF:LeaderElection20] INFO  server.RaftServerConfigKeys (ConfUtils.java:logGet(43)) - raft.server.staging.catchup.gap = 1000 (default)
2019-09-26 16:05:52,268 [4eb0591e-003a-4cce-b16f-5b85711c4d0d@group-87F3408112C2:LeaderElection19] INFO  server.RaftServerConfigKeys (ConfUtils.java:logGet(43)) - raft.server.rpc.sleep.time = 25ms (default)
2019-09-26 16:05:52,268 [308cfd6e-1ef3-4349-b86c-3560b39e7009@group-4B1CBFF860DF:LeaderElection20] INFO  server.RaftServerConfigKeys (ConfUtils.java:logGet(43)) - raft.server.rpc.sleep.time = 25ms (default)
2019-09-26 16:05:52,268 [4eb0591e-003a-4cce-b16f-5b85711c4d0d@group-87F3408112C2:LeaderElection19] INFO  server.RaftServerConfigKeys (ConfUtils.java:logGet(43)) - raft.server.write.element-limit = 4096 (default)
2019-09-26 16:05:52,268 [308cfd6e-1ef3-4349-b86c-3560b39e7009@group-4B1CBFF860DF:LeaderElection20] INFO  server.RaftServerConfigKeys (ConfUtils.java:logGet(43)) - raft.server.write.element-limit = 4096 (default)
2019-09-26 16:05:52,268 [4eb0591e-003a-4cce-b16f-5b85711c4d0d@group-87F3408112C2:LeaderElection19] INFO  server.RaftServerConfigKeys (ConfUtils.java:logGet(43)) - raft.server.watch.timeout = 10s (default)
2019-09-26 16:05:52,268 [308cfd6e-1ef3-4349-b86c-3560b39e7009@group-4B1CBFF860DF:LeaderElection20] INFO  server.RaftServerConfigKeys (ConfUtils.java:logGet(43)) - raft.server.watch.timeout = 10s (default)
2019-09-26 16:05:52,268 [4eb0591e-003a-4cce-b16f-5b85711c4d0d@group-87F3408112C2:LeaderElection19] INFO  server.RaftServerConfigKeys (ConfUtils.java:logGet(43)) - raft.server.watch.timeout.denomination = 1s (default)
2019-09-26 16:05:52,269 [308cfd6e-1ef3-4349-b86c-3560b39e7009@group-4B1CBFF860DF:LeaderElection20] INFO  server.RaftServerConfigKeys (ConfUtils.java:logGet(43)) - raft.server.watch.timeout.denomination = 1s (default)
2019-09-26 16:05:52,269 [4eb0591e-003a-4cce-b16f-5b85711c4d0d@group-87F3408112C2:LeaderElection19] INFO  server.RaftServerConfigKeys (ConfUtils.java:logGet(43)) - raft.server.watch.element-limit = 65536 (default)
2019-09-26 16:05:52,269 [308cfd6e-1ef3-4349-b86c-3560b39e7009@group-4B1CBFF860DF:LeaderElection20] INFO  server.RaftServerConfigKeys (ConfUtils.java:logGet(43)) - raft.server.watch.element-limit = 65536 (default)
2019-09-26 16:05:52,272 [4eb0591e-003a-4cce-b16f-5b85711c4d0d@group-87F3408112C2:LeaderElection19] INFO  impl.RoleInfo (RoleInfo.java:updateAndGet(143)) - 4eb0591e-003a-4cce-b16f-5b85711c4d0d: start LeaderState
2019-09-26 16:05:52,272 [4eb0591e-003a-4cce-b16f-5b85711c4d0d@group-87F3408112C2:LeaderElection19] INFO  segmented.SegmentedRaftLogWorker (SegmentedRaftLogWorker.java:startLogSegment(380)) - 4eb0591e-003a-4cce-b16f-5b85711c4d0d@group-87F3408112C2-SegmentedRaftLogWorker: Starting segment from index:0
2019-09-26 16:05:52,272 [308cfd6e-1ef3-4349-b86c-3560b39e7009@group-4B1CBFF860DF:LeaderElection20] INFO  impl.RoleInfo (RoleInfo.java:updateAndGet(143)) - 308cfd6e-1ef3-4349-b86c-3560b39e7009: start LeaderState
2019-09-26 16:05:52,273 [4eb0591e-003a-4cce-b16f-5b85711c4d0d@group-87F3408112C2:LeaderElection19] INFO  impl.RaftServerImpl (ServerState.java:setRaftConf(354)) - 4eb0591e-003a-4cce-b16f-5b85711c4d0d@group-87F3408112C2: set configuration 0: [4eb0591e-003a-4cce-b16f-5b85711c4d0d:192.168.157.234:41570], old=null at 0
2019-09-26 16:05:52,273 [308cfd6e-1ef3-4349-b86c-3560b39e7009@group-4B1CBFF860DF:LeaderElection20] INFO  segmented.SegmentedRaftLogWorker (SegmentedRaftLogWorker.java:startLogSegment(380)) - 308cfd6e-1ef3-4349-b86c-3560b39e7009@group-4B1CBFF860DF-SegmentedRaftLogWorker: Starting segment from index:0
2019-09-26 16:05:52,293 [308cfd6e-1ef3-4349-b86c-3560b39e7009@group-4B1CBFF860DF:LeaderElection20] INFO  impl.RaftServerImpl (ServerState.java:setRaftConf(354)) - 308cfd6e-1ef3-4349-b86c-3560b39e7009@group-4B1CBFF860DF: set configuration 0: [308cfd6e-1ef3-4349-b86c-3560b39e7009:192.168.157.234:42268], old=null at 0
2019-09-26 16:05:52,332 [4eb0591e-003a-4cce-b16f-5b85711c4d0d@group-87F3408112C2-SegmentedRaftLogWorker] INFO  segmented.SegmentedRaftLogWorker (SegmentedRaftLogWorker.java:execute(569)) - 4eb0591e-003a-4cce-b16f-5b85711c4d0d@group-87F3408112C2-SegmentedRaftLogWorker: created new log segment /workdir/hadoop-ozone/integration-test/target/test-dir/MiniOzoneClusterImpl-af67ac00-e673-4dc0-88ca-7b49334fe824/datanode-6/data/ratis/c781c281-15d1-409f-ba31-87f3408112c2/current/log_inprogress_0
2019-09-26 16:05:52,346 [308cfd6e-1ef3-4349-b86c-3560b39e7009@group-4B1CBFF860DF-SegmentedRaftLogWorker] INFO  segmented.SegmentedRaftLogWorker (SegmentedRaftLogWorker.java:execute(569)) - 308cfd6e-1ef3-4349-b86c-3560b39e7009@group-4B1CBFF860DF-SegmentedRaftLogWorker: created new log segment /workdir/hadoop-ozone/integration-test/target/test-dir/MiniOzoneClusterImpl-af67ac00-e673-4dc0-88ca-7b49334fe824/datanode-3/data/ratis/3e0a6428-243d-48f6-93de-4b1cbff860df/current/log_inprogress_0
2019-09-26 16:05:52,460 [Thread-788] INFO  impl.FollowerState (FollowerState.java:run(106)) - 8214dcd7-9039-498f-bb6d-268e472c0f13:group-55B0A4FE2B46 changes to CANDIDATE, lastRpcTime:5171, electionTimeout:5158ms
2019-09-26 16:05:52,460 [Thread-788] INFO  impl.RoleInfo (RoleInfo.java:shutdownFollowerState(121)) - 8214dcd7-9039-498f-bb6d-268e472c0f13: shutdown FollowerState
2019-09-26 16:05:52,460 [Thread-788] INFO  impl.RaftServerImpl (RaftServerImpl.java:setRole(174)) - 8214dcd7-9039-498f-bb6d-268e472c0f13@group-55B0A4FE2B46: changes role from  FOLLOWER to CANDIDATE at term 0 for changeToCandidate
2019-09-26 16:05:52,460 [Thread-788] INFO  impl.RoleInfo (RoleInfo.java:updateAndGet(143)) - 8214dcd7-9039-498f-bb6d-268e472c0f13: start LeaderElection
2019-09-26 16:05:52,488 [Thread-797] INFO  impl.FollowerState (FollowerState.java:run(106)) - 4eb0591e-003a-4cce-b16f-5b85711c4d0d:group-5DE6EF6651F4 changes to CANDIDATE, lastRpcTime:5075, electionTimeout:5072ms
2019-09-26 16:05:52,488 [Thread-797] INFO  impl.RoleInfo (RoleInfo.java:shutdownFollowerState(121)) - 4eb0591e-003a-4cce-b16f-5b85711c4d0d: shutdown FollowerState
2019-09-26 16:05:52,489 [Thread-797] INFO  impl.RaftServerImpl (RaftServerImpl.java:setRole(174)) - 4eb0591e-003a-4cce-b16f-5b85711c4d0d@group-5DE6EF6651F4: changes role from  FOLLOWER to CANDIDATE at term 0 for changeToCandidate
2019-09-26 16:05:52,489 [Thread-797] INFO  impl.RoleInfo (RoleInfo.java:updateAndGet(143)) - 4eb0591e-003a-4cce-b16f-5b85711c4d0d: start LeaderElection
2019-09-26 16:05:52,495 [8214dcd7-9039-498f-bb6d-268e472c0f13@group-55B0A4FE2B46:LeaderElection21] INFO  impl.LeaderElection (LeaderElection.java:askForVotes(182)) - 8214dcd7-9039-498f-bb6d-268e472c0f13@group-55B0A4FE2B46:LeaderElection21: begin an election at term 1 for -1: [8214dcd7-9039-498f-bb6d-268e472c0f13:192.168.157.234:37160], old=null
2019-09-26 16:05:52,495 [8214dcd7-9039-498f-bb6d-268e472c0f13@group-55B0A4FE2B46:LeaderElection21] INFO  impl.RoleInfo (RoleInfo.java:shutdownLeaderElection(134)) - 8214dcd7-9039-498f-bb6d-268e472c0f13: shutdown LeaderElection
2019-09-26 16:05:52,496 [8214dcd7-9039-498f-bb6d-268e472c0f13@group-55B0A4FE2B46:LeaderElection21] INFO  impl.RaftServerImpl (RaftServerImpl.java:setRole(174)) - 8214dcd7-9039-498f-bb6d-268e472c0f13@group-55B0A4FE2B46: changes role from CANDIDATE to LEADER at term 1 for changeToLeader
2019-09-26 16:05:52,496 [8214dcd7-9039-498f-bb6d-268e472c0f13@group-55B0A4FE2B46:LeaderElection21] INFO  impl.RaftServerImpl (ServerState.java:setLeader(253)) - 8214dcd7-9039-498f-bb6d-268e472c0f13@group-55B0A4FE2B46: change Leader from null to 8214dcd7-9039-498f-bb6d-268e472c0f13 at term 1 for becomeLeader, leader elected after 5216ms
2019-09-26 16:05:52,498 [8214dcd7-9039-498f-bb6d-268e472c0f13@group-55B0A4FE2B46:LeaderElection21] INFO  server.RaftServerConfigKeys (ConfUtils.java:logGet(43)) - raft.server.staging.catchup.gap = 1000 (default)
2019-09-26 16:05:52,498 [4eb0591e-003a-4cce-b16f-5b85711c4d0d@group-5DE6EF6651F4:LeaderElection22] INFO  impl.LeaderElection (LeaderElection.java:askForVotes(182)) - 4eb0591e-003a-4cce-b16f-5b85711c4d0d@group-5DE6EF6651F4:LeaderElection22: begin an election at term 1 for -1: [4114f39e-2137-4ef9-80cf-d1972135e71d:192.168.157.234:44854, 308cfd6e-1ef3-4349-b86c-3560b39e7009:192.168.157.234:42268, 4eb0591e-003a-4cce-b16f-5b85711c4d0d:192.168.157.234:41570], old=null
2019-09-26 16:05:52,498 [8214dcd7-9039-498f-bb6d-268e472c0f13@group-55B0A4FE2B46:LeaderElection21] INFO  server.RaftServerConfigKeys (ConfUtils.java:logGet(43)) - raft.server.rpc.sleep.time = 25ms (default)
2019-09-26 16:05:52,499 [8214dcd7-9039-498f-bb6d-268e472c0f13@group-55B0A4FE2B46:LeaderElection21] INFO  server.RaftServerConfigKeys (ConfUtils.java:logGet(43)) - raft.server.write.element-limit = 4096 (default)
2019-09-26 16:05:52,499 [8214dcd7-9039-498f-bb6d-268e472c0f13@group-55B0A4FE2B46:LeaderElection21] INFO  server.RaftServerConfigKeys (ConfUtils.java:logGet(43)) - raft.server.watch.timeout = 10s (default)
2019-09-26 16:05:52,499 [8214dcd7-9039-498f-bb6d-268e472c0f13@group-55B0A4FE2B46:LeaderElection21] INFO  server.RaftServerConfigKeys (ConfUtils.java:logGet(43)) - raft.server.watch.timeout.denomination = 1s (default)
2019-09-26 16:05:52,500 [8214dcd7-9039-498f-bb6d-268e472c0f13@group-55B0A4FE2B46:LeaderElection21] INFO  server.RaftServerConfigKeys (ConfUtils.java:logGet(43)) - raft.server.watch.element-limit = 65536 (default)
2019-09-26 16:05:52,507 [8214dcd7-9039-498f-bb6d-268e472c0f13@group-55B0A4FE2B46:LeaderElection21] INFO  impl.RoleInfo (RoleInfo.java:updateAndGet(143)) - 8214dcd7-9039-498f-bb6d-268e472c0f13: start LeaderState
2019-09-26 16:05:52,507 [8214dcd7-9039-498f-bb6d-268e472c0f13@group-55B0A4FE2B46:LeaderElection21] INFO  segmented.SegmentedRaftLogWorker (SegmentedRaftLogWorker.java:startLogSegment(380)) - 8214dcd7-9039-498f-bb6d-268e472c0f13@group-55B0A4FE2B46-SegmentedRaftLogWorker: Starting segment from index:0
2019-09-26 16:05:52,511 [8214dcd7-9039-498f-bb6d-268e472c0f13@group-55B0A4FE2B46:LeaderElection21] INFO  impl.RaftServerImpl (ServerState.java:setRaftConf(354)) - 8214dcd7-9039-498f-bb6d-268e472c0f13@group-55B0A4FE2B46: set configuration 0: [8214dcd7-9039-498f-bb6d-268e472c0f13:192.168.157.234:37160], old=null at 0
2019-09-26 16:05:52,540 [Thread-800] INFO  impl.FollowerState (FollowerState.java:run(106)) - eceeeb53-0a64-40d1-8165-8060b1e5e631:group-619C31D50264 changes to CANDIDATE, lastRpcTime:5030, electionTimeout:5028ms
2019-09-26 16:05:52,543 [Thread-791] INFO  impl.FollowerState (FollowerState.java:run(106)) - 4114f39e-2137-4ef9-80cf-d1972135e71d:group-5DE6EF6651F4 changes to CANDIDATE, lastRpcTime:5138, electionTimeout:5136ms
2019-09-26 16:05:52,543 [grpc-default-executor-2] INFO  impl.RaftServerImpl (RaftServerImpl.java:setRole(174)) - 308cfd6e-1ef3-4349-b86c-3560b39e7009@group-5DE6EF6651F4: changes role from  FOLLOWER to FOLLOWER at term 1 for recognizeCandidate:4eb0591e-003a-4cce-b16f-5b85711c4d0d
2019-09-26 16:05:52,543 [Thread-800] INFO  impl.RoleInfo (RoleInfo.java:shutdownFollowerState(121)) - eceeeb53-0a64-40d1-8165-8060b1e5e631: shutdown FollowerState
2019-09-26 16:05:52,543 [Thread-791] INFO  impl.RoleInfo (RoleInfo.java:shutdownFollowerState(121)) - 4114f39e-2137-4ef9-80cf-d1972135e71d: shutdown FollowerState
2019-09-26 16:05:52,546 [Thread-800] INFO  impl.RaftServerImpl (RaftServerImpl.java:setRole(174)) - eceeeb53-0a64-40d1-8165-8060b1e5e631@group-619C31D50264: changes role from  FOLLOWER to CANDIDATE at term 0 for changeToCandidate
2019-09-26 16:05:52,545 [8214dcd7-9039-498f-bb6d-268e472c0f13@group-55B0A4FE2B46-SegmentedRaftLogWorker] INFO  segmented.SegmentedRaftLogWorker (SegmentedRaftLogWorker.java:execute(569)) - 8214dcd7-9039-498f-bb6d-268e472c0f13@group-55B0A4FE2B46-SegmentedRaftLogWorker: created new log segment /workdir/hadoop-ozone/integration-test/target/test-dir/MiniOzoneClusterImpl-af67ac00-e673-4dc0-88ca-7b49334fe824/datanode-5/data/ratis/df0f360c-da27-4c12-bcb1-55b0a4fe2b46/current/log_inprogress_0
2019-09-26 16:05:52,545 [grpc-default-executor-2] INFO  impl.RoleInfo (RoleInfo.java:shutdownFollowerState(121)) - 308cfd6e-1ef3-4349-b86c-3560b39e7009: shutdown FollowerState
2019-09-26 16:05:52,546 [Thread-800] INFO  impl.RoleInfo (RoleInfo.java:updateAndGet(143)) - eceeeb53-0a64-40d1-8165-8060b1e5e631: start LeaderElection
2019-09-26 16:05:52,546 [Thread-791] INFO  impl.RaftServerImpl (RaftServerImpl.java:setRole(174)) - 4114f39e-2137-4ef9-80cf-d1972135e71d@group-5DE6EF6651F4: changes role from  FOLLOWER to CANDIDATE at term 0 for changeToCandidate
2019-09-26 16:05:52,547 [Thread-795] INFO  impl.FollowerState (FollowerState.java:run(115)) - 308cfd6e-1ef3-4349-b86c-3560b39e7009: FollowerState was interrupted: java.lang.InterruptedException: sleep interrupted
2019-09-26 16:05:52,546 [grpc-default-executor-2] INFO  impl.RoleInfo (RoleInfo.java:updateAndGet(143)) - 308cfd6e-1ef3-4349-b86c-3560b39e7009: start FollowerState
2019-09-26 16:05:52,547 [Thread-791] INFO  impl.RoleInfo (RoleInfo.java:updateAndGet(143)) - 4114f39e-2137-4ef9-80cf-d1972135e71d: start LeaderElection
2019-09-26 16:05:52,555 [grpc-default-executor-0] INFO  impl.RaftServerImpl (RaftServerImpl.java:setRole(174)) - 4114f39e-2137-4ef9-80cf-d1972135e71d@group-5DE6EF6651F4: changes role from CANDIDATE to FOLLOWER at term 1 for recognizeCandidate:4eb0591e-003a-4cce-b16f-5b85711c4d0d
2019-09-26 16:05:52,556 [grpc-default-executor-0] INFO  impl.RoleInfo (RoleInfo.java:shutdownLeaderElection(134)) - 4114f39e-2137-4ef9-80cf-d1972135e71d: shutdown LeaderElection
2019-09-26 16:05:52,556 [grpc-default-executor-0] INFO  impl.RoleInfo (RoleInfo.java:updateAndGet(143)) - 4114f39e-2137-4ef9-80cf-d1972135e71d: start FollowerState
2019-09-26 16:05:52,560 [eceeeb53-0a64-40d1-8165-8060b1e5e631@group-619C31D50264:LeaderElection23] INFO  impl.LeaderElection (LeaderElection.java:askForVotes(182)) - eceeeb53-0a64-40d1-8165-8060b1e5e631@group-619C31D50264:LeaderElection23: begin an election at term 1 for -1: [f1b22ec7-1217-442a-a6e0-7f0124023303:192.168.157.234:42096, 8214dcd7-9039-498f-bb6d-268e472c0f13:192.168.157.234:37160, eceeeb53-0a64-40d1-8165-8060b1e5e631:192.168.157.234:41381], old=null
2019-09-26 16:05:52,582 [4eb0591e-003a-4cce-b16f-5b85711c4d0d@group-5DE6EF6651F4:LeaderElection22] INFO  impl.LeaderElection (LeaderElection.java:logAndReturn(56)) - 4eb0591e-003a-4cce-b16f-5b85711c4d0d@group-5DE6EF6651F4:LeaderElection22: Election PASSED; received 1 response(s) [4eb0591e-003a-4cce-b16f-5b85711c4d0d<-308cfd6e-1ef3-4349-b86c-3560b39e7009#0:OK-t1] and 0 exception(s); 4eb0591e-003a-4cce-b16f-5b85711c4d0d@group-5DE6EF6651F4:t1, leader=null, voted=4eb0591e-003a-4cce-b16f-5b85711c4d0d, raftlog=4eb0591e-003a-4cce-b16f-5b85711c4d0d@group-5DE6EF6651F4-SegmentedRaftLog:OPENED:c-1,f-1,i0, conf=-1: [4114f39e-2137-4ef9-80cf-d1972135e71d:192.168.157.234:44854, 308cfd6e-1ef3-4349-b86c-3560b39e7009:192.168.157.234:42268, 4eb0591e-003a-4cce-b16f-5b85711c4d0d:192.168.157.234:41570], old=null
2019-09-26 16:05:52,582 [4114f39e-2137-4ef9-80cf-d1972135e71d@group-5DE6EF6651F4:LeaderElection24] INFO  impl.LeaderElection (LeaderElection.java:askForVotes(182)) - 4114f39e-2137-4ef9-80cf-d1972135e71d@group-5DE6EF6651F4:LeaderElection24: begin an election at term 2 for -1: [4114f39e-2137-4ef9-80cf-d1972135e71d:192.168.157.234:44854, 308cfd6e-1ef3-4349-b86c-3560b39e7009:192.168.157.234:42268, 4eb0591e-003a-4cce-b16f-5b85711c4d0d:192.168.157.234:41570], old=null
2019-09-26 16:05:52,582 [4eb0591e-003a-4cce-b16f-5b85711c4d0d@group-5DE6EF6651F4:LeaderElection22] INFO  impl.RoleInfo (RoleInfo.java:shutdownLeaderElection(134)) - 4eb0591e-003a-4cce-b16f-5b85711c4d0d: shutdown LeaderElection
2019-09-26 16:05:52,586 [4eb0591e-003a-4cce-b16f-5b85711c4d0d@group-5DE6EF6651F4:LeaderElection22] INFO  impl.RaftServerImpl (RaftServerImpl.java:setRole(174)) - 4eb0591e-003a-4cce-b16f-5b85711c4d0d@group-5DE6EF6651F4: changes role from CANDIDATE to LEADER at term 1 for changeToLeader
2019-09-26 16:05:52,586 [4eb0591e-003a-4cce-b16f-5b85711c4d0d@group-5DE6EF6651F4:LeaderElection22] INFO  impl.RaftServerImpl (ServerState.java:setLeader(253)) - 4eb0591e-003a-4cce-b16f-5b85711c4d0d@group-5DE6EF6651F4: change Leader from null to 4eb0591e-003a-4cce-b16f-5b85711c4d0d at term 1 for becomeLeader, leader elected after 5193ms
2019-09-26 16:05:52,587 [4eb0591e-003a-4cce-b16f-5b85711c4d0d@group-5DE6EF6651F4:LeaderElection22] INFO  server.RaftServerConfigKeys (ConfUtils.java:logGet(43)) - raft.server.staging.catchup.gap = 1000 (default)
2019-09-26 16:05:52,587 [4eb0591e-003a-4cce-b16f-5b85711c4d0d@group-5DE6EF6651F4:LeaderElection22] INFO  server.RaftServerConfigKeys (ConfUtils.java:logGet(43)) - raft.server.rpc.sleep.time = 25ms (default)
2019-09-26 16:05:52,587 [4114f39e-2137-4ef9-80cf-d1972135e71d@group-5DE6EF6651F4:LeaderElection24] INFO  impl.LeaderElection (LeaderElection.java:logAndReturn(56)) - 4114f39e-2137-4ef9-80cf-d1972135e71d@group-5DE6EF6651F4:LeaderElection24: Election REJECTED; received 0 response(s) [] and 0 exception(s); 4114f39e-2137-4ef9-80cf-d1972135e71d@group-5DE6EF6651F4:t2, leader=null, voted=4114f39e-2137-4ef9-80cf-d1972135e71d, raftlog=4114f39e-2137-4ef9-80cf-d1972135e71d@group-5DE6EF6651F4-SegmentedRaftLog:OPENED:c-1,f-1,i0, conf=-1: [4114f39e-2137-4ef9-80cf-d1972135e71d:192.168.157.234:44854, 308cfd6e-1ef3-4349-b86c-3560b39e7009:192.168.157.234:42268, 4eb0591e-003a-4cce-b16f-5b85711c4d0d:192.168.157.234:41570], old=null
2019-09-26 16:05:52,587 [4eb0591e-003a-4cce-b16f-5b85711c4d0d@group-5DE6EF6651F4:LeaderElection22] INFO  server.RaftServerConfigKeys (ConfUtils.java:logGet(43)) - raft.server.write.element-limit = 4096 (default)
2019-09-26 16:05:52,590 [4eb0591e-003a-4cce-b16f-5b85711c4d0d@group-5DE6EF6651F4:LeaderElection22] INFO  server.RaftServerConfigKeys (ConfUtils.java:logGet(43)) - raft.server.watch.timeout = 10s (default)
2019-09-26 16:05:52,591 [4eb0591e-003a-4cce-b16f-5b85711c4d0d@group-5DE6EF6651F4:LeaderElection22] INFO  server.RaftServerConfigKeys (ConfUtils.java:logGet(43)) - raft.server.watch.timeout.denomination = 1s (default)
2019-09-26 16:05:52,591 [4eb0591e-003a-4cce-b16f-5b85711c4d0d@group-5DE6EF6651F4:LeaderElection22] INFO  server.RaftServerConfigKeys (ConfUtils.java:logGet(43)) - raft.server.watch.element-limit = 65536 (default)
2019-09-26 16:05:52,598 [4eb0591e-003a-4cce-b16f-5b85711c4d0d@group-5DE6EF6651F4:LeaderElection22] INFO  server.RaftServerConfigKeys (ConfUtils.java:logGet(43)) - raft.server.log.appender.snapshot.chunk.size.max = 16MB (=16777216) (default)
2019-09-26 16:05:52,601 [4eb0591e-003a-4cce-b16f-5b85711c4d0d@group-5DE6EF6651F4:LeaderElection22] INFO  server.RaftServerConfigKeys (ConfUtils.java:logGet(43)) - raft.server.log.appender.buffer.byte-limit = 33554432 (custom)
2019-09-26 16:05:52,603 [grpc-default-executor-2] INFO  impl.RaftServerImpl (RaftServerImpl.java:setRole(174)) - f1b22ec7-1217-442a-a6e0-7f0124023303@group-619C31D50264: changes role from  FOLLOWER to FOLLOWER at term 1 for recognizeCandidate:eceeeb53-0a64-40d1-8165-8060b1e5e631
2019-09-26 16:05:52,603 [4eb0591e-003a-4cce-b16f-5b85711c4d0d@group-5DE6EF6651F4:LeaderElection22] INFO  server.RaftServerConfigKeys (ConfUtils.java:logGet(43)) - raft.server.log.appender.buffer.element-limit = 1 (custom)
2019-09-26 16:05:52,603 [grpc-default-executor-0] INFO  impl.RaftServerImpl (RaftServerImpl.java:setRole(174)) - 8214dcd7-9039-498f-bb6d-268e472c0f13@group-619C31D50264: changes role from  FOLLOWER to FOLLOWER at term 1 for recognizeCandidate:eceeeb53-0a64-40d1-8165-8060b1e5e631
2019-09-26 16:05:52,606 [4eb0591e-003a-4cce-b16f-5b85711c4d0d@group-5DE6EF6651F4:LeaderElection22] INFO  grpc.GrpcConfigKeys$Server (ConfUtils.java:logGet(43)) - raft.grpc.server.leader.outstanding.appends.max = 128 (default)
2019-09-26 16:05:52,606 [grpc-default-executor-0] INFO  impl.RoleInfo (RoleInfo.java:shutdownFollowerState(121)) - 8214dcd7-9039-498f-bb6d-268e472c0f13: shutdown FollowerState
2019-09-26 16:05:52,606 [grpc-default-executor-2] INFO  impl.RoleInfo (RoleInfo.java:shutdownFollowerState(121)) - f1b22ec7-1217-442a-a6e0-7f0124023303: shutdown FollowerState
2019-09-26 16:05:52,610 [Thread-805] INFO  impl.FollowerState (FollowerState.java:run(115)) - 8214dcd7-9039-498f-bb6d-268e472c0f13: FollowerState was interrupted: java.lang.InterruptedException: sleep interrupted
2019-09-26 16:05:52,610 [grpc-default-executor-0] INFO  impl.RoleInfo (RoleInfo.java:updateAndGet(143)) - 8214dcd7-9039-498f-bb6d-268e472c0f13: start FollowerState
2019-09-26 16:05:52,610 [4eb0591e-003a-4cce-b16f-5b85711c4d0d@group-5DE6EF6651F4:LeaderElection22] INFO  server.RaftServerConfigKeys (ConfUtils.java:logGet(43)) - raft.server.rpc.request.timeout = 3000ms (default)
2019-09-26 16:05:52,619 [Thread-804] INFO  impl.FollowerState (FollowerState.java:run(115)) - f1b22ec7-1217-442a-a6e0-7f0124023303: FollowerState was interrupted: java.lang.InterruptedException: sleep interrupted
2019-09-26 16:05:52,610 [grpc-default-executor-2] INFO  impl.RoleInfo (RoleInfo.java:updateAndGet(143)) - f1b22ec7-1217-442a-a6e0-7f0124023303: start FollowerState
2019-09-26 16:05:52,625 [4eb0591e-003a-4cce-b16f-5b85711c4d0d@group-5DE6EF6651F4:LeaderElection22] INFO  server.RaftServerConfigKeys (ConfUtils.java:logGet(43)) - raft.server.log.appender.install.snapshot.enabled = false (custom)
2019-09-26 16:05:52,625 [grpc-default-executor-3] INFO  impl.RaftServerImpl (RaftServerImpl.java:setRole(174)) - 308cfd6e-1ef3-4349-b86c-3560b39e7009@group-5DE6EF6651F4: changes role from  FOLLOWER to FOLLOWER at term 2 for recognizeCandidate:4114f39e-2137-4ef9-80cf-d1972135e71d
2019-09-26 16:05:52,627 [4eb0591e-003a-4cce-b16f-5b85711c4d0d@group-5DE6EF6651F4:LeaderElection22] INFO  server.RaftServerConfigKeys (ConfUtils.java:logGet(43)) - raft.server.log.appender.snapshot.chunk.size.max = 16MB (=16777216) (default)
2019-09-26 16:05:52,627 [grpc-default-executor-3] INFO  impl.RoleInfo (RoleInfo.java:shutdownFollowerState(121)) - 308cfd6e-1ef3-4349-b86c-3560b39e7009: shutdown FollowerState
2019-09-26 16:05:52,627 [4eb0591e-003a-4cce-b16f-5b85711c4d0d@group-5DE6EF6651F4:LeaderElection22] INFO  server.RaftServerConfigKeys (ConfUtils.java:logGet(43)) - raft.server.log.appender.buffer.byte-limit = 33554432 (custom)
2019-09-26 16:05:52,628 [Thread-828] INFO  impl.FollowerState (FollowerState.java:run(115)) - 308cfd6e-1ef3-4349-b86c-3560b39e7009: FollowerState was interrupted: java.lang.InterruptedException: sleep interrupted
2019-09-26 16:05:52,628 [grpc-default-executor-3] INFO  impl.RoleInfo (RoleInfo.java:updateAndGet(143)) - 308cfd6e-1ef3-4349-b86c-3560b39e7009: start FollowerState
2019-09-26 16:05:52,628 [4eb0591e-003a-4cce-b16f-5b85711c4d0d@group-5DE6EF6651F4:LeaderElection22] INFO  server.RaftServerConfigKeys (ConfUtils.java:logGet(43)) - raft.server.log.appender.buffer.element-limit = 1 (custom)
2019-09-26 16:05:52,630 [4eb0591e-003a-4cce-b16f-5b85711c4d0d@group-5DE6EF6651F4:LeaderElection22] INFO  grpc.GrpcConfigKeys$Server (ConfUtils.java:logGet(43)) - raft.grpc.server.leader.outstanding.appends.max = 128 (default)
2019-09-26 16:05:52,630 [4eb0591e-003a-4cce-b16f-5b85711c4d0d@group-5DE6EF6651F4:LeaderElection22] INFO  server.RaftServerConfigKeys (ConfUtils.java:logGet(43)) - raft.server.rpc.request.timeout = 3000ms (default)
2019-09-26 16:05:52,631 [4eb0591e-003a-4cce-b16f-5b85711c4d0d@group-5DE6EF6651F4:LeaderElection22] INFO  server.RaftServerConfigKeys (ConfUtils.java:logGet(43)) - raft.server.log.appender.install.snapshot.enabled = false (custom)
2019-09-26 16:05:52,631 [4eb0591e-003a-4cce-b16f-5b85711c4d0d@group-5DE6EF6651F4:LeaderElection22] INFO  impl.RoleInfo (RoleInfo.java:updateAndGet(143)) - 4eb0591e-003a-4cce-b16f-5b85711c4d0d: start LeaderState
2019-09-26 16:05:52,631 [4eb0591e-003a-4cce-b16f-5b85711c4d0d@group-5DE6EF6651F4:LeaderElection22] INFO  segmented.SegmentedRaftLogWorker (SegmentedRaftLogWorker.java:startLogSegment(380)) - 4eb0591e-003a-4cce-b16f-5b85711c4d0d@group-5DE6EF6651F4-SegmentedRaftLogWorker: Starting segment from index:0
2019-09-26 16:05:52,632 [4eb0591e-003a-4cce-b16f-5b85711c4d0d@group-5DE6EF6651F4:LeaderElection22] INFO  impl.RaftServerImpl (ServerState.java:setRaftConf(354)) - 4eb0591e-003a-4cce-b16f-5b85711c4d0d@group-5DE6EF6651F4: set configuration 0: [4114f39e-2137-4ef9-80cf-d1972135e71d:192.168.157.234:44854, 308cfd6e-1ef3-4349-b86c-3560b39e7009:192.168.157.234:42268, 4eb0591e-003a-4cce-b16f-5b85711c4d0d:192.168.157.234:41570], old=null at 0
2019-09-26 16:05:52,664 [grpc-default-executor-1] INFO  impl.RaftServerImpl (ServerState.java:setLeader(253)) - 4eb0591e-003a-4cce-b16f-5b85711c4d0d@group-5DE6EF6651F4: change Leader from 4eb0591e-003a-4cce-b16f-5b85711c4d0d to null at term 2 for updateCurrentTerm
2019-09-26 16:05:52,664 [grpc-default-executor-1] INFO  impl.RaftServerImpl (RaftServerImpl.java:setRole(174)) - 4eb0591e-003a-4cce-b16f-5b85711c4d0d@group-5DE6EF6651F4: changes role from    LEADER to FOLLOWER at term 2 for recognizeCandidate:4114f39e-2137-4ef9-80cf-d1972135e71d
2019-09-26 16:05:52,664 [grpc-default-executor-1] INFO  impl.RoleInfo (RoleInfo.java:shutdownLeaderState(104)) - 4eb0591e-003a-4cce-b16f-5b85711c4d0d: shutdown LeaderState
2019-09-26 16:05:52,668 [org.apache.ratis.server.impl.LogAppender$AppenderDaemon$$Lambda$395/192424674@2d1a9eb1] WARN  server.GrpcLogAppender (GrpcLogAppender.java:mayWait(143)) - 4eb0591e-003a-4cce-b16f-5b85711c4d0d@group-5DE6EF6651F4->308cfd6e-1ef3-4349-b86c-3560b39e7009-GrpcLogAppender: Wait interrupted by java.lang.InterruptedException
2019-09-26 16:05:52,668 [org.apache.ratis.server.impl.LogAppender$AppenderDaemon$$Lambda$395/192424674@62e6b400] WARN  server.GrpcLogAppender (GrpcLogAppender.java:mayWait(143)) - 4eb0591e-003a-4cce-b16f-5b85711c4d0d@group-5DE6EF6651F4->4114f39e-2137-4ef9-80cf-d1972135e71d-GrpcLogAppender: Wait interrupted by java.lang.InterruptedException
2019-09-26 16:05:52,674 [grpc-default-executor-1] INFO  impl.PendingRequests (PendingRequests.java:sendNotLeaderResponses(202)) - 4eb0591e-003a-4cce-b16f-5b85711c4d0d-PendingRequests: sendNotLeaderResponses
2019-09-26 16:05:52,676 [4eb0591e-003a-4cce-b16f-5b85711c4d0d@group-5DE6EF6651F4-SegmentedRaftLogWorker] INFO  segmented.SegmentedRaftLogWorker (SegmentedRaftLogWorker.java:execute(569)) - 4eb0591e-003a-4cce-b16f-5b85711c4d0d@group-5DE6EF6651F4-SegmentedRaftLogWorker: created new log segment /workdir/hadoop-ozone/integration-test/target/test-dir/MiniOzoneClusterImpl-af67ac00-e673-4dc0-88ca-7b49334fe824/datanode-6/data/ratis/8a23c4ea-f5e4-42e8-8e38-5de6ef6651f4/current/log_inprogress_0
2019-09-26 16:05:52,677 [grpc-default-executor-1] INFO  impl.RoleInfo (RoleInfo.java:updateAndGet(143)) - 4eb0591e-003a-4cce-b16f-5b85711c4d0d: start FollowerState
2019-09-26 16:05:52,683 [grpc-default-executor-0] INFO  server.GrpcServerProtocolService (GrpcServerProtocolService.java:onCompleted(113)) - 308cfd6e-1ef3-4349-b86c-3560b39e7009: Completed APPEND_ENTRIES, lastRequest: null
2019-09-26 16:05:52,683 [eceeeb53-0a64-40d1-8165-8060b1e5e631@group-619C31D50264:LeaderElection23] INFO  impl.LeaderElection (LeaderElection.java:logAndReturn(56)) - eceeeb53-0a64-40d1-8165-8060b1e5e631@group-619C31D50264:LeaderElection23: Election PASSED; received 1 response(s) [eceeeb53-0a64-40d1-8165-8060b1e5e631<-8214dcd7-9039-498f-bb6d-268e472c0f13#0:OK-t1] and 0 exception(s); eceeeb53-0a64-40d1-8165-8060b1e5e631@group-619C31D50264:t1, leader=null, voted=eceeeb53-0a64-40d1-8165-8060b1e5e631, raftlog=eceeeb53-0a64-40d1-8165-8060b1e5e631@group-619C31D50264-SegmentedRaftLog:OPENED:c-1,f-1,i0, conf=-1: [f1b22ec7-1217-442a-a6e0-7f0124023303:192.168.157.234:42096, 8214dcd7-9039-498f-bb6d-268e472c0f13:192.168.157.234:37160, eceeeb53-0a64-40d1-8165-8060b1e5e631:192.168.157.234:41381], old=null
2019-09-26 16:05:52,683 [grpc-default-executor-3] INFO  server.GrpcServerProtocolService (GrpcServerProtocolService.java:onCompleted(113)) - 4114f39e-2137-4ef9-80cf-d1972135e71d: Completed APPEND_ENTRIES, lastRequest: null
2019-09-26 16:05:52,685 [eceeeb53-0a64-40d1-8165-8060b1e5e631@group-619C31D50264:LeaderElection23] INFO  impl.RoleInfo (RoleInfo.java:shutdownLeaderElection(134)) - eceeeb53-0a64-40d1-8165-8060b1e5e631: shutdown LeaderElection
2019-09-26 16:05:52,691 [grpc-default-executor-3] INFO  server.GrpcLogAppender (GrpcLogAppender.java:onCompleted(293)) - 4eb0591e-003a-4cce-b16f-5b85711c4d0d@group-5DE6EF6651F4->308cfd6e-1ef3-4349-b86c-3560b39e7009-AppendLogResponseHandler: follower responses appendEntries COMPLETED
2019-09-26 16:05:52,691 [eceeeb53-0a64-40d1-8165-8060b1e5e631@group-619C31D50264:LeaderElection23] INFO  impl.RaftServerImpl (RaftServerImpl.java:setRole(174)) - eceeeb53-0a64-40d1-8165-8060b1e5e631@group-619C31D50264: changes role from CANDIDATE to LEADER at term 1 for changeToLeader
2019-09-26 16:05:52,696 [eceeeb53-0a64-40d1-8165-8060b1e5e631@group-619C31D50264:LeaderElection23] INFO  impl.RaftServerImpl (ServerState.java:setLeader(253)) - eceeeb53-0a64-40d1-8165-8060b1e5e631@group-619C31D50264: change Leader from null to eceeeb53-0a64-40d1-8165-8060b1e5e631 at term 1 for becomeLeader, leader elected after 5201ms
2019-09-26 16:05:52,696 [grpc-default-executor-3] INFO  impl.FollowerInfo (FollowerInfo.java:lambda$new$0(51)) - 4eb0591e-003a-4cce-b16f-5b85711c4d0d@group-5DE6EF6651F4->308cfd6e-1ef3-4349-b86c-3560b39e7009: nextIndex: updateUnconditionally 0 -> 0
2019-09-26 16:05:52,699 [grpc-default-executor-2] INFO  server.GrpcLogAppender (GrpcLogAppender.java:onCompleted(293)) - 4eb0591e-003a-4cce-b16f-5b85711c4d0d@group-5DE6EF6651F4->4114f39e-2137-4ef9-80cf-d1972135e71d-AppendLogResponseHandler: follower responses appendEntries COMPLETED
2019-09-26 16:05:52,698 [eceeeb53-0a64-40d1-8165-8060b1e5e631@group-619C31D50264:LeaderElection23] INFO  server.RaftServerConfigKeys (ConfUtils.java:logGet(43)) - raft.server.staging.catchup.gap = 1000 (default)
2019-09-26 16:05:52,701 [grpc-default-executor-2] INFO  impl.FollowerInfo (FollowerInfo.java:lambda$new$0(51)) - 4eb0591e-003a-4cce-b16f-5b85711c4d0d@group-5DE6EF6651F4->4114f39e-2137-4ef9-80cf-d1972135e71d: nextIndex: updateUnconditionally 0 -> 0
2019-09-26 16:05:52,701 [eceeeb53-0a64-40d1-8165-8060b1e5e631@group-619C31D50264:LeaderElection23] INFO  server.RaftServerConfigKeys (ConfUtils.java:logGet(43)) - raft.server.rpc.sleep.time = 25ms (default)
2019-09-26 16:05:52,702 [eceeeb53-0a64-40d1-8165-8060b1e5e631@group-619C31D50264:LeaderElection23] INFO  server.RaftServerConfigKeys (ConfUtils.java:logGet(43)) - raft.server.write.element-limit = 4096 (default)
2019-09-26 16:05:52,702 [eceeeb53-0a64-40d1-8165-8060b1e5e631@group-619C31D50264:LeaderElection23] INFO  server.RaftServerConfigKeys (ConfUtils.java:logGet(43)) - raft.server.watch.timeout = 10s (default)
2019-09-26 16:05:52,702 [eceeeb53-0a64-40d1-8165-8060b1e5e631@group-619C31D50264:LeaderElection23] INFO  server.RaftServerConfigKeys (ConfUtils.java:logGet(43)) - raft.server.watch.timeout.denomination = 1s (default)
2019-09-26 16:05:52,702 [eceeeb53-0a64-40d1-8165-8060b1e5e631@group-619C31D50264:LeaderElection23] INFO  server.RaftServerConfigKeys (ConfUtils.java:logGet(43)) - raft.server.watch.element-limit = 65536 (default)
2019-09-26 16:05:52,704 [eceeeb53-0a64-40d1-8165-8060b1e5e631@group-619C31D50264:LeaderElection23] INFO  server.RaftServerConfigKeys (ConfUtils.java:logGet(43)) - raft.server.log.appender.snapshot.chunk.size.max = 16MB (=16777216) (default)
2019-09-26 16:05:52,705 [eceeeb53-0a64-40d1-8165-8060b1e5e631@group-619C31D50264:LeaderElection23] INFO  server.RaftServerConfigKeys (ConfUtils.java:logGet(43)) - raft.server.log.appender.buffer.byte-limit = 33554432 (custom)
2019-09-26 16:05:52,705 [eceeeb53-0a64-40d1-8165-8060b1e5e631@group-619C31D50264:LeaderElection23] INFO  server.RaftServerConfigKeys (ConfUtils.java:logGet(43)) - raft.server.log.appender.buffer.element-limit = 1 (custom)
2019-09-26 16:05:52,705 [eceeeb53-0a64-40d1-8165-8060b1e5e631@group-619C31D50264:LeaderElection23] INFO  grpc.GrpcConfigKeys$Server (ConfUtils.java:logGet(43)) - raft.grpc.server.leader.outstanding.appends.max = 128 (default)
2019-09-26 16:05:52,705 [eceeeb53-0a64-40d1-8165-8060b1e5e631@group-619C31D50264:LeaderElection23] INFO  server.RaftServerConfigKeys (ConfUtils.java:logGet(43)) - raft.server.rpc.request.timeout = 3000ms (default)
2019-09-26 16:05:52,705 [eceeeb53-0a64-40d1-8165-8060b1e5e631@group-619C31D50264:LeaderElection23] INFO  server.RaftServerConfigKeys (ConfUtils.java:logGet(43)) - raft.server.log.appender.install.snapshot.enabled = false (custom)
2019-09-26 16:05:52,706 [eceeeb53-0a64-40d1-8165-8060b1e5e631@group-619C31D50264:LeaderElection23] INFO  server.RaftServerConfigKeys (ConfUtils.java:logGet(43)) - raft.server.log.appender.snapshot.chunk.size.max = 16MB (=16777216) (default)
2019-09-26 16:05:52,706 [eceeeb53-0a64-40d1-8165-8060b1e5e631@group-619C31D50264:LeaderElection23] INFO  server.RaftServerConfigKeys (ConfUtils.java:logGet(43)) - raft.server.log.appender.buffer.byte-limit = 33554432 (custom)
2019-09-26 16:05:52,706 [eceeeb53-0a64-40d1-8165-8060b1e5e631@group-619C31D50264:LeaderElection23] INFO  server.RaftServerConfigKeys (ConfUtils.java:logGet(43)) - raft.server.log.appender.buffer.element-limit = 1 (custom)
2019-09-26 16:05:52,706 [eceeeb53-0a64-40d1-8165-8060b1e5e631@group-619C31D50264:LeaderElection23] INFO  grpc.GrpcConfigKeys$Server (ConfUtils.java:logGet(43)) - raft.grpc.server.leader.outstanding.appends.max = 128 (default)
2019-09-26 16:05:52,706 [eceeeb53-0a64-40d1-8165-8060b1e5e631@group-619C31D50264:LeaderElection23] INFO  server.RaftServerConfigKeys (ConfUtils.java:logGet(43)) - raft.server.rpc.request.timeout = 3000ms (default)
2019-09-26 16:05:52,706 [eceeeb53-0a64-40d1-8165-8060b1e5e631@group-619C31D50264:LeaderElection23] INFO  server.RaftServerConfigKeys (ConfUtils.java:logGet(43)) - raft.server.log.appender.install.snapshot.enabled = false (custom)
2019-09-26 16:05:52,707 [eceeeb53-0a64-40d1-8165-8060b1e5e631@group-619C31D50264:LeaderElection23] INFO  impl.RoleInfo (RoleInfo.java:updateAndGet(143)) - eceeeb53-0a64-40d1-8165-8060b1e5e631: start LeaderState
2019-09-26 16:05:52,707 [eceeeb53-0a64-40d1-8165-8060b1e5e631@group-619C31D50264:LeaderElection23] INFO  segmented.SegmentedRaftLogWorker (SegmentedRaftLogWorker.java:startLogSegment(380)) - eceeeb53-0a64-40d1-8165-8060b1e5e631@group-619C31D50264-SegmentedRaftLogWorker: Starting segment from index:0
2019-09-26 16:05:52,708 [eceeeb53-0a64-40d1-8165-8060b1e5e631@group-619C31D50264:LeaderElection23] INFO  impl.RaftServerImpl (ServerState.java:setRaftConf(354)) - eceeeb53-0a64-40d1-8165-8060b1e5e631@group-619C31D50264: set configuration 0: [f1b22ec7-1217-442a-a6e0-7f0124023303:192.168.157.234:42096, 8214dcd7-9039-498f-bb6d-268e472c0f13:192.168.157.234:37160, eceeeb53-0a64-40d1-8165-8060b1e5e631:192.168.157.234:41381], old=null at 0
2019-09-26 16:05:52,737 [grpc-default-executor-2] INFO  impl.RaftServerImpl (ServerState.java:setLeader(253)) - 8214dcd7-9039-498f-bb6d-268e472c0f13@group-619C31D50264: change Leader from null to eceeeb53-0a64-40d1-8165-8060b1e5e631 at term 1 for appendEntries, leader elected after 5245ms
2019-09-26 16:05:52,739 [grpc-default-executor-1] INFO  impl.RaftServerImpl (ServerState.java:setLeader(253)) - f1b22ec7-1217-442a-a6e0-7f0124023303@group-619C31D50264: change Leader from null to eceeeb53-0a64-40d1-8165-8060b1e5e631 at term 1 for appendEntries, leader elected after 5244ms
2019-09-26 16:05:52,739 [eceeeb53-0a64-40d1-8165-8060b1e5e631@group-619C31D50264-SegmentedRaftLogWorker] INFO  segmented.SegmentedRaftLogWorker (SegmentedRaftLogWorker.java:execute(569)) - eceeeb53-0a64-40d1-8165-8060b1e5e631@group-619C31D50264-SegmentedRaftLogWorker: created new log segment /workdir/hadoop-ozone/integration-test/target/test-dir/MiniOzoneClusterImpl-af67ac00-e673-4dc0-88ca-7b49334fe824/datanode-2/data/ratis/e656e54b-5bdc-4364-bd38-619c31d50264/current/log_inprogress_0
2019-09-26 16:05:52,745 [grpc-default-executor-1] INFO  impl.RaftServerImpl (ServerState.java:setRaftConf(354)) - f1b22ec7-1217-442a-a6e0-7f0124023303@group-619C31D50264: set configuration 0: [f1b22ec7-1217-442a-a6e0-7f0124023303:192.168.157.234:42096, 8214dcd7-9039-498f-bb6d-268e472c0f13:192.168.157.234:37160, eceeeb53-0a64-40d1-8165-8060b1e5e631:192.168.157.234:41381], old=null at 0
2019-09-26 16:05:52,745 [grpc-default-executor-2] INFO  impl.RaftServerImpl (ServerState.java:setRaftConf(354)) - 8214dcd7-9039-498f-bb6d-268e472c0f13@group-619C31D50264: set configuration 0: [f1b22ec7-1217-442a-a6e0-7f0124023303:192.168.157.234:42096, 8214dcd7-9039-498f-bb6d-268e472c0f13:192.168.157.234:37160, eceeeb53-0a64-40d1-8165-8060b1e5e631:192.168.157.234:41381], old=null at 0
2019-09-26 16:05:52,745 [grpc-default-executor-1] INFO  segmented.SegmentedRaftLogWorker (SegmentedRaftLogWorker.java:startLogSegment(380)) - f1b22ec7-1217-442a-a6e0-7f0124023303@group-619C31D50264-SegmentedRaftLogWorker: Starting segment from index:0
2019-09-26 16:05:52,745 [grpc-default-executor-2] INFO  segmented.SegmentedRaftLogWorker (SegmentedRaftLogWorker.java:startLogSegment(380)) - 8214dcd7-9039-498f-bb6d-268e472c0f13@group-619C31D50264-SegmentedRaftLogWorker: Starting segment from index:0
2019-09-26 16:05:52,775 [8214dcd7-9039-498f-bb6d-268e472c0f13@group-619C31D50264-SegmentedRaftLogWorker] INFO  segmented.SegmentedRaftLogWorker (SegmentedRaftLogWorker.java:execute(569)) - 8214dcd7-9039-498f-bb6d-268e472c0f13@group-619C31D50264-SegmentedRaftLogWorker: created new log segment /workdir/hadoop-ozone/integration-test/target/test-dir/MiniOzoneClusterImpl-af67ac00-e673-4dc0-88ca-7b49334fe824/datanode-5/data/ratis/e656e54b-5bdc-4364-bd38-619c31d50264/current/log_inprogress_0
2019-09-26 16:05:52,775 [f1b22ec7-1217-442a-a6e0-7f0124023303@group-619C31D50264-SegmentedRaftLogWorker] INFO  segmented.SegmentedRaftLogWorker (SegmentedRaftLogWorker.java:execute(569)) - f1b22ec7-1217-442a-a6e0-7f0124023303@group-619C31D50264-SegmentedRaftLogWorker: created new log segment /workdir/hadoop-ozone/integration-test/target/test-dir/MiniOzoneClusterImpl-af67ac00-e673-4dc0-88ca-7b49334fe824/datanode-0/data/ratis/e656e54b-5bdc-4364-bd38-619c31d50264/current/log_inprogress_0
2019-09-26 16:05:53,183 [main] INFO  ipc.Client (Client.java:handleConnectionFailure(948)) - Retrying connect to server: localhost/127.0.0.1:0. Already tried 4 time(s); retry policy is RetryUpToMaximumCountWithFixedSleep(maxRetries=10, sleepTime=1000 MILLISECONDS)
2019-09-26 16:05:54,184 [main] INFO  ipc.Client (Client.java:handleConnectionFailure(948)) - Retrying connect to server: localhost/127.0.0.1:0. Already tried 5 time(s); retry policy is RetryUpToMaximumCountWithFixedSleep(maxRetries=10, sleepTime=1000 MILLISECONDS)
2019-09-26 16:05:55,186 [main] INFO  ipc.Client (Client.java:handleConnectionFailure(948)) - Retrying connect to server: localhost/127.0.0.1:0. Already tried 6 time(s); retry policy is RetryUpToMaximumCountWithFixedSleep(maxRetries=10, sleepTime=1000 MILLISECONDS)
2019-09-26 16:05:56,187 [main] INFO  ipc.Client (Client.java:handleConnectionFailure(948)) - Retrying connect to server: localhost/127.0.0.1:0. Already tried 7 time(s); retry policy is RetryUpToMaximumCountWithFixedSleep(maxRetries=10, sleepTime=1000 MILLISECONDS)
2019-09-26 16:05:57,189 [main] INFO  ipc.Client (Client.java:handleConnectionFailure(948)) - Retrying connect to server: localhost/127.0.0.1:0. Already tried 8 time(s); retry policy is RetryUpToMaximumCountWithFixedSleep(maxRetries=10, sleepTime=1000 MILLISECONDS)
2019-09-26 16:05:57,616 [Thread-830] INFO  impl.FollowerState (FollowerState.java:run(106)) - 4114f39e-2137-4ef9-80cf-d1972135e71d:group-5DE6EF6651F4 changes to CANDIDATE, lastRpcTime:5060, electionTimeout:5060ms
2019-09-26 16:05:57,617 [Thread-830] INFO  impl.RoleInfo (RoleInfo.java:shutdownFollowerState(121)) - 4114f39e-2137-4ef9-80cf-d1972135e71d: shutdown FollowerState
2019-09-26 16:05:57,617 [Thread-830] INFO  impl.RaftServerImpl (RaftServerImpl.java:setRole(174)) - 4114f39e-2137-4ef9-80cf-d1972135e71d@group-5DE6EF6651F4: changes role from  FOLLOWER to CANDIDATE at term 2 for changeToCandidate
2019-09-26 16:05:57,617 [Thread-830] INFO  impl.RoleInfo (RoleInfo.java:updateAndGet(143)) - 4114f39e-2137-4ef9-80cf-d1972135e71d: start LeaderElection
2019-09-26 16:05:57,636 [4114f39e-2137-4ef9-80cf-d1972135e71d@group-5DE6EF6651F4:LeaderElection25] INFO  impl.LeaderElection (LeaderElection.java:askForVotes(182)) - 4114f39e-2137-4ef9-80cf-d1972135e71d@group-5DE6EF6651F4:LeaderElection25: begin an election at term 3 for -1: [4114f39e-2137-4ef9-80cf-d1972135e71d:192.168.157.234:44854, 308cfd6e-1ef3-4349-b86c-3560b39e7009:192.168.157.234:42268, 4eb0591e-003a-4cce-b16f-5b85711c4d0d:192.168.157.234:41570], old=null
2019-09-26 16:05:57,645 [grpc-default-executor-2] INFO  impl.RaftServerImpl (RaftServerImpl.java:setRole(174)) - 308cfd6e-1ef3-4349-b86c-3560b39e7009@group-5DE6EF6651F4: changes role from  FOLLOWER to FOLLOWER at term 3 for recognizeCandidate:4114f39e-2137-4ef9-80cf-d1972135e71d
2019-09-26 16:05:57,645 [grpc-default-executor-1] INFO  impl.RaftServerImpl (RaftServerImpl.java:setRole(174)) - 4eb0591e-003a-4cce-b16f-5b85711c4d0d@group-5DE6EF6651F4: changes role from  FOLLOWER to FOLLOWER at term 3 for recognizeCandidate:4114f39e-2137-4ef9-80cf-d1972135e71d
2019-09-26 16:05:57,645 [grpc-default-executor-2] INFO  impl.RoleInfo (RoleInfo.java:shutdownFollowerState(121)) - 308cfd6e-1ef3-4349-b86c-3560b39e7009: shutdown FollowerState
2019-09-26 16:05:57,646 [grpc-default-executor-1] INFO  impl.RoleInfo (RoleInfo.java:shutdownFollowerState(121)) - 4eb0591e-003a-4cce-b16f-5b85711c4d0d: shutdown FollowerState
2019-09-26 16:05:57,646 [grpc-default-executor-2] INFO  impl.RoleInfo (RoleInfo.java:updateAndGet(143)) - 308cfd6e-1ef3-4349-b86c-3560b39e7009: start FollowerState
2019-09-26 16:05:57,646 [Thread-839] INFO  impl.FollowerState (FollowerState.java:run(115)) - 308cfd6e-1ef3-4349-b86c-3560b39e7009: FollowerState was interrupted: java.lang.InterruptedException: sleep interrupted
2019-09-26 16:05:57,646 [Thread-841] INFO  impl.FollowerState (FollowerState.java:run(115)) - 4eb0591e-003a-4cce-b16f-5b85711c4d0d: FollowerState was interrupted: java.lang.InterruptedException: sleep interrupted
2019-09-26 16:05:57,646 [grpc-default-executor-1] INFO  impl.RoleInfo (RoleInfo.java:updateAndGet(143)) - 4eb0591e-003a-4cce-b16f-5b85711c4d0d: start FollowerState
2019-09-26 16:05:57,667 [4114f39e-2137-4ef9-80cf-d1972135e71d@group-5DE6EF6651F4:LeaderElection25] INFO  impl.LeaderElection (LeaderElection.java:logAndReturn(56)) - 4114f39e-2137-4ef9-80cf-d1972135e71d@group-5DE6EF6651F4:LeaderElection25: Election PASSED; received 2 response(s) [4114f39e-2137-4ef9-80cf-d1972135e71d<-308cfd6e-1ef3-4349-b86c-3560b39e7009#0:OK-t3, 4114f39e-2137-4ef9-80cf-d1972135e71d<-4eb0591e-003a-4cce-b16f-5b85711c4d0d#0:FAIL-t3] and 0 exception(s); 4114f39e-2137-4ef9-80cf-d1972135e71d@group-5DE6EF6651F4:t3, leader=null, voted=4114f39e-2137-4ef9-80cf-d1972135e71d, raftlog=4114f39e-2137-4ef9-80cf-d1972135e71d@group-5DE6EF6651F4-SegmentedRaftLog:OPENED:c-1,f-1,i0, conf=-1: [4114f39e-2137-4ef9-80cf-d1972135e71d:192.168.157.234:44854, 308cfd6e-1ef3-4349-b86c-3560b39e7009:192.168.157.234:42268, 4eb0591e-003a-4cce-b16f-5b85711c4d0d:192.168.157.234:41570], old=null
2019-09-26 16:05:57,668 [4114f39e-2137-4ef9-80cf-d1972135e71d@group-5DE6EF6651F4:LeaderElection25] INFO  impl.RoleInfo (RoleInfo.java:shutdownLeaderElection(134)) - 4114f39e-2137-4ef9-80cf-d1972135e71d: shutdown LeaderElection
2019-09-26 16:05:57,672 [4114f39e-2137-4ef9-80cf-d1972135e71d@group-5DE6EF6651F4:LeaderElection25] INFO  impl.RaftServerImpl (RaftServerImpl.java:setRole(174)) - 4114f39e-2137-4ef9-80cf-d1972135e71d@group-5DE6EF6651F4: changes role from CANDIDATE to LEADER at term 3 for changeToLeader
2019-09-26 16:05:57,672 [4114f39e-2137-4ef9-80cf-d1972135e71d@group-5DE6EF6651F4:LeaderElection25] INFO  impl.RaftServerImpl (ServerState.java:setLeader(253)) - 4114f39e-2137-4ef9-80cf-d1972135e71d@group-5DE6EF6651F4: change Leader from null to 4114f39e-2137-4ef9-80cf-d1972135e71d at term 3 for becomeLeader, leader elected after 10279ms
2019-09-26 16:05:57,672 [4114f39e-2137-4ef9-80cf-d1972135e71d@group-5DE6EF6651F4:LeaderElection25] INFO  server.RaftServerConfigKeys (ConfUtils.java:logGet(43)) - raft.server.staging.catchup.gap = 1000 (default)
2019-09-26 16:05:57,672 [4114f39e-2137-4ef9-80cf-d1972135e71d@group-5DE6EF6651F4:LeaderElection25] INFO  server.RaftServerConfigKeys (ConfUtils.java:logGet(43)) - raft.server.rpc.sleep.time = 25ms (default)
2019-09-26 16:05:57,673 [4114f39e-2137-4ef9-80cf-d1972135e71d@group-5DE6EF6651F4:LeaderElection25] INFO  server.RaftServerConfigKeys (ConfUtils.java:logGet(43)) - raft.server.write.element-limit = 4096 (default)
2019-09-26 16:05:57,673 [4114f39e-2137-4ef9-80cf-d1972135e71d@group-5DE6EF6651F4:LeaderElection25] INFO  server.RaftServerConfigKeys (ConfUtils.java:logGet(43)) - raft.server.watch.timeout = 10s (default)
2019-09-26 16:05:57,673 [4114f39e-2137-4ef9-80cf-d1972135e71d@group-5DE6EF6651F4:LeaderElection25] INFO  server.RaftServerConfigKeys (ConfUtils.java:logGet(43)) - raft.server.watch.timeout.denomination = 1s (default)
2019-09-26 16:05:57,673 [4114f39e-2137-4ef9-80cf-d1972135e71d@group-5DE6EF6651F4:LeaderElection25] INFO  server.RaftServerConfigKeys (ConfUtils.java:logGet(43)) - raft.server.watch.element-limit = 65536 (default)
2019-09-26 16:05:57,676 [4114f39e-2137-4ef9-80cf-d1972135e71d@group-5DE6EF6651F4:LeaderElection25] INFO  server.RaftServerConfigKeys (ConfUtils.java:logGet(43)) - raft.server.log.appender.snapshot.chunk.size.max = 16MB (=16777216) (default)
2019-09-26 16:05:57,676 [4114f39e-2137-4ef9-80cf-d1972135e71d@group-5DE6EF6651F4:LeaderElection25] INFO  server.RaftServerConfigKeys (ConfUtils.java:logGet(43)) - raft.server.log.appender.buffer.byte-limit = 33554432 (custom)
2019-09-26 16:05:57,676 [4114f39e-2137-4ef9-80cf-d1972135e71d@group-5DE6EF6651F4:LeaderElection25] INFO  server.RaftServerConfigKeys (ConfUtils.java:logGet(43)) - raft.server.log.appender.buffer.element-limit = 1 (custom)
2019-09-26 16:05:57,677 [4114f39e-2137-4ef9-80cf-d1972135e71d@group-5DE6EF6651F4:LeaderElection25] INFO  grpc.GrpcConfigKeys$Server (ConfUtils.java:logGet(43)) - raft.grpc.server.leader.outstanding.appends.max = 128 (default)
2019-09-26 16:05:57,677 [4114f39e-2137-4ef9-80cf-d1972135e71d@group-5DE6EF6651F4:LeaderElection25] INFO  server.RaftServerConfigKeys (ConfUtils.java:logGet(43)) - raft.server.rpc.request.timeout = 3000ms (default)
2019-09-26 16:05:57,677 [4114f39e-2137-4ef9-80cf-d1972135e71d@group-5DE6EF6651F4:LeaderElection25] INFO  server.RaftServerConfigKeys (ConfUtils.java:logGet(43)) - raft.server.log.appender.install.snapshot.enabled = false (custom)
2019-09-26 16:05:57,678 [4114f39e-2137-4ef9-80cf-d1972135e71d@group-5DE6EF6651F4:LeaderElection25] INFO  server.RaftServerConfigKeys (ConfUtils.java:logGet(43)) - raft.server.log.appender.snapshot.chunk.size.max = 16MB (=16777216) (default)
2019-09-26 16:05:57,678 [4114f39e-2137-4ef9-80cf-d1972135e71d@group-5DE6EF6651F4:LeaderElection25] INFO  server.RaftServerConfigKeys (ConfUtils.java:logGet(43)) - raft.server.log.appender.buffer.byte-limit = 33554432 (custom)
2019-09-26 16:05:57,678 [4114f39e-2137-4ef9-80cf-d1972135e71d@group-5DE6EF6651F4:LeaderElection25] INFO  server.RaftServerConfigKeys (ConfUtils.java:logGet(43)) - raft.server.log.appender.buffer.element-limit = 1 (custom)
2019-09-26 16:05:57,678 [4114f39e-2137-4ef9-80cf-d1972135e71d@group-5DE6EF6651F4:LeaderElection25] INFO  grpc.GrpcConfigKeys$Server (ConfUtils.java:logGet(43)) - raft.grpc.server.leader.outstanding.appends.max = 128 (default)
2019-09-26 16:05:57,678 [4114f39e-2137-4ef9-80cf-d1972135e71d@group-5DE6EF6651F4:LeaderElection25] INFO  server.RaftServerConfigKeys (ConfUtils.java:logGet(43)) - raft.server.rpc.request.timeout = 3000ms (default)
2019-09-26 16:05:57,679 [4114f39e-2137-4ef9-80cf-d1972135e71d@group-5DE6EF6651F4:LeaderElection25] INFO  server.RaftServerConfigKeys (ConfUtils.java:logGet(43)) - raft.server.log.appender.install.snapshot.enabled = false (custom)
2019-09-26 16:05:57,679 [4114f39e-2137-4ef9-80cf-d1972135e71d@group-5DE6EF6651F4:LeaderElection25] INFO  impl.RoleInfo (RoleInfo.java:updateAndGet(143)) - 4114f39e-2137-4ef9-80cf-d1972135e71d: start LeaderState
2019-09-26 16:05:57,679 [4114f39e-2137-4ef9-80cf-d1972135e71d@group-5DE6EF6651F4:LeaderElection25] INFO  segmented.SegmentedRaftLogWorker (SegmentedRaftLogWorker.java:startLogSegment(380)) - 4114f39e-2137-4ef9-80cf-d1972135e71d@group-5DE6EF6651F4-SegmentedRaftLogWorker: Starting segment from index:0
2019-09-26 16:05:57,680 [4114f39e-2137-4ef9-80cf-d1972135e71d@group-5DE6EF6651F4:LeaderElection25] INFO  impl.RaftServerImpl (ServerState.java:setRaftConf(354)) - 4114f39e-2137-4ef9-80cf-d1972135e71d@group-5DE6EF6651F4: set configuration 0: [4114f39e-2137-4ef9-80cf-d1972135e71d:192.168.157.234:44854, 308cfd6e-1ef3-4349-b86c-3560b39e7009:192.168.157.234:42268, 4eb0591e-003a-4cce-b16f-5b85711c4d0d:192.168.157.234:41570], old=null at 0
2019-09-26 16:05:57,718 [grpc-default-executor-2] INFO  impl.RaftServerImpl (ServerState.java:setLeader(253)) - 308cfd6e-1ef3-4349-b86c-3560b39e7009@group-5DE6EF6651F4: change Leader from null to 4114f39e-2137-4ef9-80cf-d1972135e71d at term 3 for appendEntries, leader elected after 10325ms
2019-09-26 16:05:57,721 [grpc-default-executor-1] INFO  impl.RaftServerImpl (ServerState.java:setLeader(253)) - 4eb0591e-003a-4cce-b16f-5b85711c4d0d@group-5DE6EF6651F4: change Leader from null to 4114f39e-2137-4ef9-80cf-d1972135e71d at term 3 for appendEntries, leader elected after 5057ms
2019-09-26 16:05:57,729 [grpc-default-executor-1] INFO  impl.RaftServerImpl (ServerState.java:setRaftConf(354)) - 308cfd6e-1ef3-4349-b86c-3560b39e7009@group-5DE6EF6651F4: set configuration 0: [4114f39e-2137-4ef9-80cf-d1972135e71d:192.168.157.234:44854, 308cfd6e-1ef3-4349-b86c-3560b39e7009:192.168.157.234:42268, 4eb0591e-003a-4cce-b16f-5b85711c4d0d:192.168.157.234:41570], old=null at 0
2019-09-26 16:05:57,729 [grpc-default-executor-2] INFO  impl.RaftServerImpl (ServerState.java:setRaftConf(354)) - 4eb0591e-003a-4cce-b16f-5b85711c4d0d@group-5DE6EF6651F4: set configuration 0: [4114f39e-2137-4ef9-80cf-d1972135e71d:192.168.157.234:44854, 308cfd6e-1ef3-4349-b86c-3560b39e7009:192.168.157.234:42268, 4eb0591e-003a-4cce-b16f-5b85711c4d0d:192.168.157.234:41570], old=null at 0
2019-09-26 16:05:57,729 [grpc-default-executor-1] INFO  segmented.SegmentedRaftLogWorker (SegmentedRaftLogWorker.java:startLogSegment(380)) - 308cfd6e-1ef3-4349-b86c-3560b39e7009@group-5DE6EF6651F4-SegmentedRaftLogWorker: Starting segment from index:0
2019-09-26 16:05:57,729 [4114f39e-2137-4ef9-80cf-d1972135e71d@group-5DE6EF6651F4-SegmentedRaftLogWorker] INFO  segmented.SegmentedRaftLogWorker (SegmentedRaftLogWorker.java:execute(569)) - 4114f39e-2137-4ef9-80cf-d1972135e71d@group-5DE6EF6651F4-SegmentedRaftLogWorker: created new log segment /workdir/hadoop-ozone/integration-test/target/test-dir/MiniOzoneClusterImpl-af67ac00-e673-4dc0-88ca-7b49334fe824/datanode-1/data/ratis/8a23c4ea-f5e4-42e8-8e38-5de6ef6651f4/current/log_inprogress_0
2019-09-26 16:05:57,733 [grpc-default-executor-2] INFO  segmented.SegmentedRaftLogWorker (SegmentedRaftLogWorker.java:truncate(396)) - 4eb0591e-003a-4cce-b16f-5b85711c4d0d@group-5DE6EF6651F4-SegmentedRaftLogWorker: Truncating segments toTruncate: null
  toDelete: [(0, 0) isOpen? true, length=0, newEndIndex=-1], start index 0
2019-09-26 16:05:57,734 [grpc-default-executor-2] INFO  segmented.SegmentedRaftLogWorker (SegmentedRaftLogWorker.java:startLogSegment(380)) - 4eb0591e-003a-4cce-b16f-5b85711c4d0d@group-5DE6EF6651F4-SegmentedRaftLogWorker: Starting segment from index:0
2019-09-26 16:05:57,735 [4eb0591e-003a-4cce-b16f-5b85711c4d0d@group-5DE6EF6651F4-SegmentedRaftLogWorker] INFO  segmented.SegmentedRaftLogWorker (SegmentedRaftLogWorker.java:execute(633)) - 4eb0591e-003a-4cce-b16f-5b85711c4d0d@group-5DE6EF6651F4-SegmentedRaftLogWorker: Deleted log file /workdir/hadoop-ozone/integration-test/target/test-dir/MiniOzoneClusterImpl-af67ac00-e673-4dc0-88ca-7b49334fe824/datanode-6/data/ratis/8a23c4ea-f5e4-42e8-8e38-5de6ef6651f4/current/log_inprogress_0
2019-09-26 16:05:57,736 [4eb0591e-003a-4cce-b16f-5b85711c4d0d@group-5DE6EF6651F4-SegmentedRaftLogWorker] INFO  segmented.SegmentedRaftLogWorker (SegmentedRaftLogWorker.java:lambda$new$0(132)) - 4eb0591e-003a-4cce-b16f-5b85711c4d0d@group-5DE6EF6651F4-SegmentedRaftLogWorker: flushIndex: setUnconditionally 0 -> -1
2019-09-26 16:05:57,783 [308cfd6e-1ef3-4349-b86c-3560b39e7009@group-5DE6EF6651F4-SegmentedRaftLogWorker] INFO  segmented.SegmentedRaftLogWorker (SegmentedRaftLogWorker.java:execute(569)) - 308cfd6e-1ef3-4349-b86c-3560b39e7009@group-5DE6EF6651F4-SegmentedRaftLogWorker: created new log segment /workdir/hadoop-ozone/integration-test/target/test-dir/MiniOzoneClusterImpl-af67ac00-e673-4dc0-88ca-7b49334fe824/datanode-3/data/ratis/8a23c4ea-f5e4-42e8-8e38-5de6ef6651f4/current/log_inprogress_0
2019-09-26 16:05:57,786 [4eb0591e-003a-4cce-b16f-5b85711c4d0d@group-5DE6EF6651F4-SegmentedRaftLogWorker] INFO  segmented.SegmentedRaftLogWorker (SegmentedRaftLogWorker.java:execute(569)) - 4eb0591e-003a-4cce-b16f-5b85711c4d0d@group-5DE6EF6651F4-SegmentedRaftLogWorker: created new log segment /workdir/hadoop-ozone/integration-test/target/test-dir/MiniOzoneClusterImpl-af67ac00-e673-4dc0-88ca-7b49334fe824/datanode-6/data/ratis/8a23c4ea-f5e4-42e8-8e38-5de6ef6651f4/current/log_inprogress_0
2019-09-26 16:05:58,190 [main] INFO  ipc.Client (Client.java:handleConnectionFailure(948)) - Retrying connect to server: localhost/127.0.0.1:0. Already tried 9 time(s); retry policy is RetryUpToMaximumCountWithFixedSleep(maxRetries=10, sleepTime=1000 MILLISECONDS)
2019-09-26 16:05:59,192 [main] INFO  ipc.Client (Client.java:handleConnectionFailure(948)) - Retrying connect to server: localhost/127.0.0.1:0. Already tried 0 time(s); retry policy is RetryUpToMaximumCountWithFixedSleep(maxRetries=10, sleepTime=1000 MILLISECONDS)
2019-09-26 16:06:00,194 [main] INFO  ipc.Client (Client.java:handleConnectionFailure(948)) - Retrying connect to server: localhost/127.0.0.1:0. Already tried 1 time(s); retry policy is RetryUpToMaximumCountWithFixedSleep(maxRetries=10, sleepTime=1000 MILLISECONDS)
2019-09-26 16:06:01,195 [main] INFO  ipc.Client (Client.java:handleConnectionFailure(948)) - Retrying connect to server: localhost/127.0.0.1:0. Already tried 2 time(s); retry policy is RetryUpToMaximumCountWithFixedSleep(maxRetries=10, sleepTime=1000 MILLISECONDS)
2019-09-26 16:06:02,196 [main] INFO  ipc.Client (Client.java:handleConnectionFailure(948)) - Retrying connect to server: localhost/127.0.0.1:0. Already tried 3 time(s); retry policy is RetryUpToMaximumCountWithFixedSleep(maxRetries=10, sleepTime=1000 MILLISECONDS)
2019-09-26 16:06:03,197 [main] INFO  ipc.Client (Client.java:handleConnectionFailure(948)) - Retrying connect to server: localhost/127.0.0.1:0. Already tried 4 time(s); retry policy is RetryUpToMaximumCountWithFixedSleep(maxRetries=10, sleepTime=1000 MILLISECONDS)
2019-09-26 16:06:04,199 [main] INFO  ipc.Client (Client.java:handleConnectionFailure(948)) - Retrying connect to server: localhost/127.0.0.1:0. Already tried 5 time(s); retry policy is RetryUpToMaximumCountWithFixedSleep(maxRetries=10, sleepTime=1000 MILLISECONDS)
2019-09-26 16:06:05,200 [main] INFO  ipc.Client (Client.java:handleConnectionFailure(948)) - Retrying connect to server: localhost/127.0.0.1:0. Already tried 6 time(s); retry policy is RetryUpToMaximumCountWithFixedSleep(maxRetries=10, sleepTime=1000 MILLISECONDS)
2019-09-26 16:06:06,201 [main] INFO  ipc.Client (Client.java:handleConnectionFailure(948)) - Retrying connect to server: localhost/127.0.0.1:0. Already tried 7 time(s); retry policy is RetryUpToMaximumCountWithFixedSleep(maxRetries=10, sleepTime=1000 MILLISECONDS)
2019-09-26 16:06:07,203 [main] INFO  ipc.Client (Client.java:handleConnectionFailure(948)) - Retrying connect to server: localhost/127.0.0.1:0. Already tried 8 time(s); retry policy is RetryUpToMaximumCountWithFixedSleep(maxRetries=10, sleepTime=1000 MILLISECONDS)
2019-09-26 16:06:08,204 [main] INFO  ipc.Client (Client.java:handleConnectionFailure(948)) - Retrying connect to server: localhost/127.0.0.1:0. Already tried 9 time(s); retry policy is RetryUpToMaximumCountWithFixedSleep(maxRetries=10, sleepTime=1000 MILLISECONDS)
2019-09-26 16:06:08,206 [main] INFO  retry.RetryInvocationHandler (RetryInvocationHandler.java:log(411)) - com.google.protobuf.ServiceException: java.net.ConnectException: Your endpoint configuration is wrong; For more details see:  http://wiki.apache.org/hadoop/UnsetHostnameOrPort, while invoking $Proxy36.submitRequest over nodeId=null,nodeAddress=127.0.0.1:0 after 1 failover attempts. Trying to failover immediately.
2019-09-26 16:06:09,207 [main] INFO  ipc.Client (Client.java:handleConnectionFailure(948)) - Retrying connect to server: localhost/127.0.0.1:0. Already tried 0 time(s); retry policy is RetryUpToMaximumCountWithFixedSleep(maxRetries=10, sleepTime=1000 MILLISECONDS)
2019-09-26 16:06:10,209 [main] INFO  ipc.Client (Client.java:handleConnectionFailure(948)) - Retrying connect to server: localhost/127.0.0.1:0. Already tried 1 time(s); retry policy is RetryUpToMaximumCountWithFixedSleep(maxRetries=10, sleepTime=1000 MILLISECONDS)
2019-09-26 16:06:11,210 [main] INFO  ipc.Client (Client.java:handleConnectionFailure(948)) - Retrying connect to server: localhost/127.0.0.1:0. Already tried 2 time(s); retry policy is RetryUpToMaximumCountWithFixedSleep(maxRetries=10, sleepTime=1000 MILLISECONDS)
2019-09-26 16:06:12,212 [main] INFO  ipc.Client (Client.java:handleConnectionFailure(948)) - Retrying connect to server: localhost/127.0.0.1:0. Already tried 3 time(s); retry policy is RetryUpToMaximumCountWithFixedSleep(maxRetries=10, sleepTime=1000 MILLISECONDS)
2019-09-26 16:06:13,213 [main] INFO  ipc.Client (Client.java:handleConnectionFailure(948)) - Retrying connect to server: localhost/127.0.0.1:0. Already tried 4 time(s); retry policy is RetryUpToMaximumCountWithFixedSleep(maxRetries=10, sleepTime=1000 MILLISECONDS)
2019-09-26 16:06:14,215 [main] INFO  ipc.Client (Client.java:handleConnectionFailure(948)) - Retrying connect to server: localhost/127.0.0.1:0. Already tried 5 time(s); retry policy is RetryUpToMaximumCountWithFixedSleep(maxRetries=10, sleepTime=1000 MILLISECONDS)
2019-09-26 16:06:15,216 [main] INFO  ipc.Client (Client.java:handleConnectionFailure(948)) - Retrying connect to server: localhost/127.0.0.1:0. Already tried 6 time(s); retry policy is RetryUpToMaximumCountWithFixedSleep(maxRetries=10, sleepTime=1000 MILLISECONDS)
2019-09-26 16:06:16,217 [main] INFO  ipc.Client (Client.java:handleConnectionFailure(948)) - Retrying connect to server: localhost/127.0.0.1:0. Already tried 7 time(s); retry policy is RetryUpToMaximumCountWithFixedSleep(maxRetries=10, sleepTime=1000 MILLISECONDS)
2019-09-26 16:06:17,219 [main] INFO  ipc.Client (Client.java:handleConnectionFailure(948)) - Retrying connect to server: localhost/127.0.0.1:0. Already tried 8 time(s); retry policy is RetryUpToMaximumCountWithFixedSleep(maxRetries=10, sleepTime=1000 MILLISECONDS)
2019-09-26 16:06:18,220 [main] INFO  ipc.Client (Client.java:handleConnectionFailure(948)) - Retrying connect to server: localhost/127.0.0.1:0. Already tried 9 time(s); retry policy is RetryUpToMaximumCountWithFixedSleep(maxRetries=10, sleepTime=1000 MILLISECONDS)
2019-09-26 16:06:18,222 [main] INFO  retry.RetryInvocationHandler (RetryInvocationHandler.java:log(411)) - com.google.protobuf.ServiceException: java.net.ConnectException: Your endpoint configuration is wrong; For more details see:  http://wiki.apache.org/hadoop/UnsetHostnameOrPort, while invoking $Proxy36.submitRequest over nodeId=null,nodeAddress=127.0.0.1:0 after 2 failover attempts. Trying to failover immediately.
2019-09-26 16:06:19,223 [main] INFO  ipc.Client (Client.java:handleConnectionFailure(948)) - Retrying connect to server: localhost/127.0.0.1:0. Already tried 0 time(s); retry policy is RetryUpToMaximumCountWithFixedSleep(maxRetries=10, sleepTime=1000 MILLISECONDS)
2019-09-26 16:06:20,224 [main] INFO  ipc.Client (Client.java:handleConnectionFailure(948)) - Retrying connect to server: localhost/127.0.0.1:0. Already tried 1 time(s); retry policy is RetryUpToMaximumCountWithFixedSleep(maxRetries=10, sleepTime=1000 MILLISECONDS)
2019-09-26 16:06:21,225 [main] INFO  ipc.Client (Client.java:handleConnectionFailure(948)) - Retrying connect to server: localhost/127.0.0.1:0. Already tried 2 time(s); retry policy is RetryUpToMaximumCountWithFixedSleep(maxRetries=10, sleepTime=1000 MILLISECONDS)
2019-09-26 16:06:22,227 [main] INFO  ipc.Client (Client.java:handleConnectionFailure(948)) - Retrying connect to server: localhost/127.0.0.1:0. Already tried 3 time(s); retry policy is RetryUpToMaximumCountWithFixedSleep(maxRetries=10, sleepTime=1000 MILLISECONDS)
2019-09-26 16:06:23,228 [main] INFO  ipc.Client (Client.java:handleConnectionFailure(948)) - Retrying connect to server: localhost/127.0.0.1:0. Already tried 4 time(s); retry policy is RetryUpToMaximumCountWithFixedSleep(maxRetries=10, sleepTime=1000 MILLISECONDS)
2019-09-26 16:06:24,229 [main] INFO  ipc.Client (Client.java:handleConnectionFailure(948)) - Retrying connect to server: localhost/127.0.0.1:0. Already tried 5 time(s); retry policy is RetryUpToMaximumCountWithFixedSleep(maxRetries=10, sleepTime=1000 MILLISECONDS)
2019-09-26 16:06:25,231 [main] INFO  ipc.Client (Client.java:handleConnectionFailure(948)) - Retrying connect to server: localhost/127.0.0.1:0. Already tried 6 time(s); retry policy is RetryUpToMaximumCountWithFixedSleep(maxRetries=10, sleepTime=1000 MILLISECONDS)
2019-09-26 16:06:26,232 [main] INFO  ipc.Client (Client.java:handleConnectionFailure(948)) - Retrying connect to server: localhost/127.0.0.1:0. Already tried 7 time(s); retry policy is RetryUpToMaximumCountWithFixedSleep(maxRetries=10, sleepTime=1000 MILLISECONDS)
2019-09-26 16:06:27,234 [main] INFO  ipc.Client (Client.java:handleConnectionFailure(948)) - Retrying connect to server: localhost/127.0.0.1:0. Already tried 8 time(s); retry policy is RetryUpToMaximumCountWithFixedSleep(maxRetries=10, sleepTime=1000 MILLISECONDS)
2019-09-26 16:06:28,235 [main] INFO  ipc.Client (Client.java:handleConnectionFailure(948)) - Retrying connect to server: localhost/127.0.0.1:0. Already tried 9 time(s); retry policy is RetryUpToMaximumCountWithFixedSleep(maxRetries=10, sleepTime=1000 MILLISECONDS)
2019-09-26 16:06:28,237 [main] INFO  retry.RetryInvocationHandler (RetryInvocationHandler.java:log(411)) - com.google.protobuf.ServiceException: java.net.ConnectException: Your endpoint configuration is wrong; For more details see:  http://wiki.apache.org/hadoop/UnsetHostnameOrPort, while invoking $Proxy36.submitRequest over nodeId=null,nodeAddress=127.0.0.1:0 after 3 failover attempts. Trying to failover immediately.
2019-09-26 16:06:29,239 [main] INFO  ipc.Client (Client.java:handleConnectionFailure(948)) - Retrying connect to server: localhost/127.0.0.1:0. Already tried 0 time(s); retry policy is RetryUpToMaximumCountWithFixedSleep(maxRetries=10, sleepTime=1000 MILLISECONDS)
2019-09-26 16:06:30,240 [main] INFO  ipc.Client (Client.java:handleConnectionFailure(948)) - Retrying connect to server: localhost/127.0.0.1:0. Already tried 1 time(s); retry policy is RetryUpToMaximumCountWithFixedSleep(maxRetries=10, sleepTime=1000 MILLISECONDS)
2019-09-26 16:06:31,241 [main] INFO  ipc.Client (Client.java:handleConnectionFailure(948)) - Retrying connect to server: localhost/127.0.0.1:0. Already tried 2 time(s); retry policy is RetryUpToMaximumCountWithFixedSleep(maxRetries=10, sleepTime=1000 MILLISECONDS)
2019-09-26 16:06:32,243 [main] INFO  ipc.Client (Client.java:handleConnectionFailure(948)) - Retrying connect to server: localhost/127.0.0.1:0. Already tried 3 time(s); retry policy is RetryUpToMaximumCountWithFixedSleep(maxRetries=10, sleepTime=1000 MILLISECONDS)
2019-09-26 16:06:33,244 [main] INFO  ipc.Client (Client.java:handleConnectionFailure(948)) - Retrying connect to server: localhost/127.0.0.1:0. Already tried 4 time(s); retry policy is RetryUpToMaximumCountWithFixedSleep(maxRetries=10, sleepTime=1000 MILLISECONDS)
2019-09-26 16:06:34,245 [main] INFO  ipc.Client (Client.java:handleConnectionFailure(948)) - Retrying connect to server: localhost/127.0.0.1:0. Already tried 5 time(s); retry policy is RetryUpToMaximumCountWithFixedSleep(maxRetries=10, sleepTime=1000 MILLISECONDS)
2019-09-26 16:06:35,247 [main] INFO  ipc.Client (Client.java:handleConnectionFailure(948)) - Retrying connect to server: localhost/127.0.0.1:0. Already tried 6 time(s); retry policy is RetryUpToMaximumCountWithFixedSleep(maxRetries=10, sleepTime=1000 MILLISECONDS)
2019-09-26 16:06:36,248 [main] INFO  ipc.Client (Client.java:handleConnectionFailure(948)) - Retrying connect to server: localhost/127.0.0.1:0. Already tried 7 time(s); retry policy is RetryUpToMaximumCountWithFixedSleep(maxRetries=10, sleepTime=1000 MILLISECONDS)
2019-09-26 16:06:37,249 [main] INFO  ipc.Client (Client.java:handleConnectionFailure(948)) - Retrying connect to server: localhost/127.0.0.1:0. Already tried 8 time(s); retry policy is RetryUpToMaximumCountWithFixedSleep(maxRetries=10, sleepTime=1000 MILLISECONDS)
2019-09-26 16:06:38,251 [main] INFO  ipc.Client (Client.java:handleConnectionFailure(948)) - Retrying connect to server: localhost/127.0.0.1:0. Already tried 9 time(s); retry policy is RetryUpToMaximumCountWithFixedSleep(maxRetries=10, sleepTime=1000 MILLISECONDS)
2019-09-26 16:06:38,253 [main] INFO  retry.RetryInvocationHandler (RetryInvocationHandler.java:log(411)) - com.google.protobuf.ServiceException: java.net.ConnectException: Your endpoint configuration is wrong; For more details see:  http://wiki.apache.org/hadoop/UnsetHostnameOrPort, while invoking $Proxy36.submitRequest over nodeId=null,nodeAddress=127.0.0.1:0 after 4 failover attempts. Trying to failover immediately.
2019-09-26 16:06:39,275 [main] INFO  ipc.Client (Client.java:handleConnectionFailure(948)) - Retrying connect to server: localhost/127.0.0.1:0. Already tried 0 time(s); retry policy is RetryUpToMaximumCountWithFixedSleep(maxRetries=10, sleepTime=1000 MILLISECONDS)
2019-09-26 16:06:40,276 [main] INFO  ipc.Client (Client.java:handleConnectionFailure(948)) - Retrying connect to server: localhost/127.0.0.1:0. Already tried 1 time(s); retry policy is RetryUpToMaximumCountWithFixedSleep(maxRetries=10, sleepTime=1000 MILLISECONDS)
2019-09-26 16:06:41,277 [main] INFO  ipc.Client (Client.java:handleConnectionFailure(948)) - Retrying connect to server: localhost/127.0.0.1:0. Already tried 2 time(s); retry policy is RetryUpToMaximumCountWithFixedSleep(maxRetries=10, sleepTime=1000 MILLISECONDS)
2019-09-26 16:06:42,279 [main] INFO  ipc.Client (Client.java:handleConnectionFailure(948)) - Retrying connect to server: localhost/127.0.0.1:0. Already tried 3 time(s); retry policy is RetryUpToMaximumCountWithFixedSleep(maxRetries=10, sleepTime=1000 MILLISECONDS)
2019-09-26 16:06:43,281 [main] INFO  ipc.Client (Client.java:handleConnectionFailure(948)) - Retrying connect to server: localhost/127.0.0.1:0. Already tried 4 time(s); retry policy is RetryUpToMaximumCountWithFixedSleep(maxRetries=10, sleepTime=1000 MILLISECONDS)
2019-09-26 16:06:44,282 [main] INFO  ipc.Client (Client.java:handleConnectionFailure(948)) - Retrying connect to server: localhost/127.0.0.1:0. Already tried 5 time(s); retry policy is RetryUpToMaximumCountWithFixedSleep(maxRetries=10, sleepTime=1000 MILLISECONDS)
2019-09-26 16:06:45,283 [main] INFO  ipc.Client (Client.java:handleConnectionFailure(948)) - Retrying connect to server: localhost/127.0.0.1:0. Already tried 6 time(s); retry policy is RetryUpToMaximumCountWithFixedSleep(maxRetries=10, sleepTime=1000 MILLISECONDS)
2019-09-26 16:06:46,285 [main] INFO  ipc.Client (Client.java:handleConnectionFailure(948)) - Retrying connect to server: localhost/127.0.0.1:0. Already tried 7 time(s); retry policy is RetryUpToMaximumCountWithFixedSleep(maxRetries=10, sleepTime=1000 MILLISECONDS)
2019-09-26 16:06:47,286 [main] INFO  ipc.Client (Client.java:handleConnectionFailure(948)) - Retrying connect to server: localhost/127.0.0.1:0. Already tried 8 time(s); retry policy is RetryUpToMaximumCountWithFixedSleep(maxRetries=10, sleepTime=1000 MILLISECONDS)
2019-09-26 16:06:48,287 [main] INFO  ipc.Client (Client.java:handleConnectionFailure(948)) - Retrying connect to server: localhost/127.0.0.1:0. Already tried 9 time(s); retry policy is RetryUpToMaximumCountWithFixedSleep(maxRetries=10, sleepTime=1000 MILLISECONDS)
2019-09-26 16:06:48,289 [main] INFO  retry.RetryInvocationHandler (RetryInvocationHandler.java:log(411)) - com.google.protobuf.ServiceException: java.net.ConnectException: Your endpoint configuration is wrong; For more details see:  http://wiki.apache.org/hadoop/UnsetHostnameOrPort, while invoking $Proxy36.submitRequest over nodeId=null,nodeAddress=127.0.0.1:0 after 5 failover attempts. Trying to failover immediately.
2019-09-26 16:06:49,290 [main] INFO  ipc.Client (Client.java:handleConnectionFailure(948)) - Retrying connect to server: localhost/127.0.0.1:0. Already tried 0 time(s); retry policy is RetryUpToMaximumCountWithFixedSleep(maxRetries=10, sleepTime=1000 MILLISECONDS)
2019-09-26 16:06:50,292 [main] INFO  ipc.Client (Client.java:handleConnectionFailure(948)) - Retrying connect to server: localhost/127.0.0.1:0. Already tried 1 time(s); retry policy is RetryUpToMaximumCountWithFixedSleep(maxRetries=10, sleepTime=1000 MILLISECONDS)
2019-09-26 16:06:51,293 [main] INFO  ipc.Client (Client.java:handleConnectionFailure(948)) - Retrying connect to server: localhost/127.0.0.1:0. Already tried 2 time(s); retry policy is RetryUpToMaximumCountWithFixedSleep(maxRetries=10, sleepTime=1000 MILLISECONDS)
2019-09-26 16:06:52,294 [main] INFO  ipc.Client (Client.java:handleConnectionFailure(948)) - Retrying connect to server: localhost/127.0.0.1:0. Already tried 3 time(s); retry policy is RetryUpToMaximumCountWithFixedSleep(maxRetries=10, sleepTime=1000 MILLISECONDS)
2019-09-26 16:06:53,297 [main] INFO  ipc.Client (Client.java:handleConnectionFailure(948)) - Retrying connect to server: localhost/127.0.0.1:0. Already tried 4 time(s); retry policy is RetryUpToMaximumCountWithFixedSleep(maxRetries=10, sleepTime=1000 MILLISECONDS)
2019-09-26 16:06:54,298 [main] INFO  ipc.Client (Client.java:handleConnectionFailure(948)) - Retrying connect to server: localhost/127.0.0.1:0. Already tried 5 time(s); retry policy is RetryUpToMaximumCountWithFixedSleep(maxRetries=10, sleepTime=1000 MILLISECONDS)
2019-09-26 16:06:55,299 [main] INFO  ipc.Client (Client.java:handleConnectionFailure(948)) - Retrying connect to server: localhost/127.0.0.1:0. Already tried 6 time(s); retry policy is RetryUpToMaximumCountWithFixedSleep(maxRetries=10, sleepTime=1000 MILLISECONDS)
2019-09-26 16:06:56,301 [main] INFO  ipc.Client (Client.java:handleConnectionFailure(948)) - Retrying connect to server: localhost/127.0.0.1:0. Already tried 7 time(s); retry policy is RetryUpToMaximumCountWithFixedSleep(maxRetries=10, sleepTime=1000 MILLISECONDS)
2019-09-26 16:06:57,302 [main] INFO  ipc.Client (Client.java:handleConnectionFailure(948)) - Retrying connect to server: localhost/127.0.0.1:0. Already tried 8 time(s); retry policy is RetryUpToMaximumCountWithFixedSleep(maxRetries=10, sleepTime=1000 MILLISECONDS)
2019-09-26 16:06:58,304 [main] INFO  ipc.Client (Client.java:handleConnectionFailure(948)) - Retrying connect to server: localhost/127.0.0.1:0. Already tried 9 time(s); retry policy is RetryUpToMaximumCountWithFixedSleep(maxRetries=10, sleepTime=1000 MILLISECONDS)
2019-09-26 16:06:58,306 [main] INFO  retry.RetryInvocationHandler (RetryInvocationHandler.java:log(411)) - com.google.protobuf.ServiceException: java.net.ConnectException: Your endpoint configuration is wrong; For more details see:  http://wiki.apache.org/hadoop/UnsetHostnameOrPort, while invoking $Proxy36.submitRequest over nodeId=null,nodeAddress=127.0.0.1:0 after 6 failover attempts. Trying to failover immediately.
2019-09-26 16:06:59,307 [main] INFO  ipc.Client (Client.java:handleConnectionFailure(948)) - Retrying connect to server: localhost/127.0.0.1:0. Already tried 0 time(s); retry policy is RetryUpToMaximumCountWithFixedSleep(maxRetries=10, sleepTime=1000 MILLISECONDS)
2019-09-26 16:07:00,308 [main] INFO  ipc.Client (Client.java:handleConnectionFailure(948)) - Retrying connect to server: localhost/127.0.0.1:0. Already tried 1 time(s); retry policy is RetryUpToMaximumCountWithFixedSleep(maxRetries=10, sleepTime=1000 MILLISECONDS)
2019-09-26 16:07:01,311 [main] INFO  ipc.Client (Client.java:handleConnectionFailure(948)) - Retrying connect to server: localhost/127.0.0.1:0. Already tried 2 time(s); retry policy is RetryUpToMaximumCountWithFixedSleep(maxRetries=10, sleepTime=1000 MILLISECONDS)
2019-09-26 16:07:02,312 [main] INFO  ipc.Client (Client.java:handleConnectionFailure(948)) - Retrying connect to server: localhost/127.0.0.1:0. Already tried 3 time(s); retry policy is RetryUpToMaximumCountWithFixedSleep(maxRetries=10, sleepTime=1000 MILLISECONDS)
2019-09-26 16:07:03,314 [main] INFO  ipc.Client (Client.java:handleConnectionFailure(948)) - Retrying connect to server: localhost/127.0.0.1:0. Already tried 4 time(s); retry policy is RetryUpToMaximumCountWithFixedSleep(maxRetries=10, sleepTime=1000 MILLISECONDS)
2019-09-26 16:07:04,315 [main] INFO  ipc.Client (Client.java:handleConnectionFailure(948)) - Retrying connect to server: localhost/127.0.0.1:0. Already tried 5 time(s); retry policy is RetryUpToMaximumCountWithFixedSleep(maxRetries=10, sleepTime=1000 MILLISECONDS)
2019-09-26 16:07:05,316 [main] INFO  ipc.Client (Client.java:handleConnectionFailure(948)) - Retrying connect to server: localhost/127.0.0.1:0. Already tried 6 time(s); retry policy is RetryUpToMaximumCountWithFixedSleep(maxRetries=10, sleepTime=1000 MILLISECONDS)
2019-09-26 16:07:06,318 [main] INFO  ipc.Client (Client.java:handleConnectionFailure(948)) - Retrying connect to server: localhost/127.0.0.1:0. Already tried 7 time(s); retry policy is RetryUpToMaximumCountWithFixedSleep(maxRetries=10, sleepTime=1000 MILLISECONDS)
2019-09-26 16:07:07,319 [main] INFO  ipc.Client (Client.java:handleConnectionFailure(948)) - Retrying connect to server: localhost/127.0.0.1:0. Already tried 8 time(s); retry policy is RetryUpToMaximumCountWithFixedSleep(maxRetries=10, sleepTime=1000 MILLISECONDS)
2019-09-26 16:07:08,320 [main] INFO  ipc.Client (Client.java:handleConnectionFailure(948)) - Retrying connect to server: localhost/127.0.0.1:0. Already tried 9 time(s); retry policy is RetryUpToMaximumCountWithFixedSleep(maxRetries=10, sleepTime=1000 MILLISECONDS)
2019-09-26 16:07:08,322 [main] INFO  retry.RetryInvocationHandler (RetryInvocationHandler.java:log(411)) - com.google.protobuf.ServiceException: java.net.ConnectException: Your endpoint configuration is wrong; For more details see:  http://wiki.apache.org/hadoop/UnsetHostnameOrPort, while invoking $Proxy36.submitRequest over nodeId=null,nodeAddress=127.0.0.1:0 after 7 failover attempts. Trying to failover immediately.
2019-09-26 16:07:09,323 [main] INFO  ipc.Client (Client.java:handleConnectionFailure(948)) - Retrying connect to server: localhost/127.0.0.1:0. Already tried 0 time(s); retry policy is RetryUpToMaximumCountWithFixedSleep(maxRetries=10, sleepTime=1000 MILLISECONDS)
2019-09-26 16:07:10,324 [main] INFO  ipc.Client (Client.java:handleConnectionFailure(948)) - Retrying connect to server: localhost/127.0.0.1:0. Already tried 1 time(s); retry policy is RetryUpToMaximumCountWithFixedSleep(maxRetries=10, sleepTime=1000 MILLISECONDS)
2019-09-26 16:07:11,326 [main] INFO  ipc.Client (Client.java:handleConnectionFailure(948)) - Retrying connect to server: localhost/127.0.0.1:0. Already tried 2 time(s); retry policy is RetryUpToMaximumCountWithFixedSleep(maxRetries=10, sleepTime=1000 MILLISECONDS)
2019-09-26 16:07:12,327 [main] INFO  ipc.Client (Client.java:handleConnectionFailure(948)) - Retrying connect to server: localhost/127.0.0.1:0. Already tried 3 time(s); retry policy is RetryUpToMaximumCountWithFixedSleep(maxRetries=10, sleepTime=1000 MILLISECONDS)
2019-09-26 16:07:13,328 [main] INFO  ipc.Client (Client.java:handleConnectionFailure(948)) - Retrying connect to server: localhost/127.0.0.1:0. Already tried 4 time(s); retry policy is RetryUpToMaximumCountWithFixedSleep(maxRetries=10, sleepTime=1000 MILLISECONDS)
2019-09-26 16:07:14,329 [main] INFO  ipc.Client (Client.java:handleConnectionFailure(948)) - Retrying connect to server: localhost/127.0.0.1:0. Already tried 5 time(s); retry policy is RetryUpToMaximumCountWithFixedSleep(maxRetries=10, sleepTime=1000 MILLISECONDS)
2019-09-26 16:07:15,331 [main] INFO  ipc.Client (Client.java:handleConnectionFailure(948)) - Retrying connect to server: localhost/127.0.0.1:0. Already tried 6 time(s); retry policy is RetryUpToMaximumCountWithFixedSleep(maxRetries=10, sleepTime=1000 MILLISECONDS)
2019-09-26 16:07:16,332 [main] INFO  ipc.Client (Client.java:handleConnectionFailure(948)) - Retrying connect to server: localhost/127.0.0.1:0. Already tried 7 time(s); retry policy is RetryUpToMaximumCountWithFixedSleep(maxRetries=10, sleepTime=1000 MILLISECONDS)
2019-09-26 16:07:17,333 [main] INFO  ipc.Client (Client.java:handleConnectionFailure(948)) - Retrying connect to server: localhost/127.0.0.1:0. Already tried 8 time(s); retry policy is RetryUpToMaximumCountWithFixedSleep(maxRetries=10, sleepTime=1000 MILLISECONDS)
2019-09-26 16:07:18,335 [main] INFO  ipc.Client (Client.java:handleConnectionFailure(948)) - Retrying connect to server: localhost/127.0.0.1:0. Already tried 9 time(s); retry policy is RetryUpToMaximumCountWithFixedSleep(maxRetries=10, sleepTime=1000 MILLISECONDS)
2019-09-26 16:07:18,336 [main] INFO  retry.RetryInvocationHandler (RetryInvocationHandler.java:log(411)) - com.google.protobuf.ServiceException: java.net.ConnectException: Your endpoint configuration is wrong; For more details see:  http://wiki.apache.org/hadoop/UnsetHostnameOrPort, while invoking $Proxy36.submitRequest over nodeId=null,nodeAddress=127.0.0.1:0 after 8 failover attempts. Trying to failover immediately.
2019-09-26 16:07:19,337 [main] INFO  ipc.Client (Client.java:handleConnectionFailure(948)) - Retrying connect to server: localhost/127.0.0.1:0. Already tried 0 time(s); retry policy is RetryUpToMaximumCountWithFixedSleep(maxRetries=10, sleepTime=1000 MILLISECONDS)
2019-09-26 16:07:20,339 [main] INFO  ipc.Client (Client.java:handleConnectionFailure(948)) - Retrying connect to server: localhost/127.0.0.1:0. Already tried 1 time(s); retry policy is RetryUpToMaximumCountWithFixedSleep(maxRetries=10, sleepTime=1000 MILLISECONDS)
2019-09-26 16:07:21,340 [main] INFO  ipc.Client (Client.java:handleConnectionFailure(948)) - Retrying connect to server: localhost/127.0.0.1:0. Already tried 2 time(s); retry policy is RetryUpToMaximumCountWithFixedSleep(maxRetries=10, sleepTime=1000 MILLISECONDS)
2019-09-26 16:07:22,342 [main] INFO  ipc.Client (Client.java:handleConnectionFailure(948)) - Retrying connect to server: localhost/127.0.0.1:0. Already tried 3 time(s); retry policy is RetryUpToMaximumCountWithFixedSleep(maxRetries=10, sleepTime=1000 MILLISECONDS)
2019-09-26 16:07:23,343 [main] INFO  ipc.Client (Client.java:handleConnectionFailure(948)) - Retrying connect to server: localhost/127.0.0.1:0. Already tried 4 time(s); retry policy is RetryUpToMaximumCountWithFixedSleep(maxRetries=10, sleepTime=1000 MILLISECONDS)
2019-09-26 16:07:24,344 [main] INFO  ipc.Client (Client.java:handleConnectionFailure(948)) - Retrying connect to server: localhost/127.0.0.1:0. Already tried 5 time(s); retry policy is RetryUpToMaximumCountWithFixedSleep(maxRetries=10, sleepTime=1000 MILLISECONDS)
2019-09-26 16:07:25,346 [main] INFO  ipc.Client (Client.java:handleConnectionFailure(948)) - Retrying connect to server: localhost/127.0.0.1:0. Already tried 6 time(s); retry policy is RetryUpToMaximumCountWithFixedSleep(maxRetries=10, sleepTime=1000 MILLISECONDS)
2019-09-26 16:07:26,347 [main] INFO  ipc.Client (Client.java:handleConnectionFailure(948)) - Retrying connect to server: localhost/127.0.0.1:0. Already tried 7 time(s); retry policy is RetryUpToMaximumCountWithFixedSleep(maxRetries=10, sleepTime=1000 MILLISECONDS)
2019-09-26 16:07:27,348 [main] INFO  ipc.Client (Client.java:handleConnectionFailure(948)) - Retrying connect to server: localhost/127.0.0.1:0. Already tried 8 time(s); retry policy is RetryUpToMaximumCountWithFixedSleep(maxRetries=10, sleepTime=1000 MILLISECONDS)
2019-09-26 16:07:28,350 [main] INFO  ipc.Client (Client.java:handleConnectionFailure(948)) - Retrying connect to server: localhost/127.0.0.1:0. Already tried 9 time(s); retry policy is RetryUpToMaximumCountWithFixedSleep(maxRetries=10, sleepTime=1000 MILLISECONDS)
2019-09-26 16:07:28,354 [main] INFO  retry.RetryInvocationHandler (RetryInvocationHandler.java:log(411)) - com.google.protobuf.ServiceException: java.net.ConnectException: Your endpoint configuration is wrong; For more details see:  http://wiki.apache.org/hadoop/UnsetHostnameOrPort, while invoking $Proxy36.submitRequest over nodeId=null,nodeAddress=127.0.0.1:0 after 9 failover attempts. Trying to failover immediately.
2019-09-26 16:07:29,355 [main] INFO  ipc.Client (Client.java:handleConnectionFailure(948)) - Retrying connect to server: localhost/127.0.0.1:0. Already tried 0 time(s); retry policy is RetryUpToMaximumCountWithFixedSleep(maxRetries=10, sleepTime=1000 MILLISECONDS)
2019-09-26 16:07:30,356 [main] INFO  ipc.Client (Client.java:handleConnectionFailure(948)) - Retrying connect to server: localhost/127.0.0.1:0. Already tried 1 time(s); retry policy is RetryUpToMaximumCountWithFixedSleep(maxRetries=10, sleepTime=1000 MILLISECONDS)
2019-09-26 16:07:31,358 [main] INFO  ipc.Client (Client.java:handleConnectionFailure(948)) - Retrying connect to server: localhost/127.0.0.1:0. Already tried 2 time(s); retry policy is RetryUpToMaximumCountWithFixedSleep(maxRetries=10, sleepTime=1000 MILLISECONDS)
2019-09-26 16:07:32,359 [main] INFO  ipc.Client (Client.java:handleConnectionFailure(948)) - Retrying connect to server: localhost/127.0.0.1:0. Already tried 3 time(s); retry policy is RetryUpToMaximumCountWithFixedSleep(maxRetries=10, sleepTime=1000 MILLISECONDS)
2019-09-26 16:07:33,361 [main] INFO  ipc.Client (Client.java:handleConnectionFailure(948)) - Retrying connect to server: localhost/127.0.0.1:0. Already tried 4 time(s); retry policy is RetryUpToMaximumCountWithFixedSleep(maxRetries=10, sleepTime=1000 MILLISECONDS)
2019-09-26 16:07:34,362 [main] INFO  ipc.Client (Client.java:handleConnectionFailure(948)) - Retrying connect to server: localhost/127.0.0.1:0. Already tried 5 time(s); retry policy is RetryUpToMaximumCountWithFixedSleep(maxRetries=10, sleepTime=1000 MILLISECONDS)
2019-09-26 16:07:35,364 [main] INFO  ipc.Client (Client.java:handleConnectionFailure(948)) - Retrying connect to server: localhost/127.0.0.1:0. Already tried 6 time(s); retry policy is RetryUpToMaximumCountWithFixedSleep(maxRetries=10, sleepTime=1000 MILLISECONDS)
2019-09-26 16:07:36,365 [main] INFO  ipc.Client (Client.java:handleConnectionFailure(948)) - Retrying connect to server: localhost/127.0.0.1:0. Already tried 7 time(s); retry policy is RetryUpToMaximumCountWithFixedSleep(maxRetries=10, sleepTime=1000 MILLISECONDS)
2019-09-26 16:07:37,366 [main] INFO  ipc.Client (Client.java:handleConnectionFailure(948)) - Retrying connect to server: localhost/127.0.0.1:0. Already tried 8 time(s); retry policy is RetryUpToMaximumCountWithFixedSleep(maxRetries=10, sleepTime=1000 MILLISECONDS)
2019-09-26 16:07:38,368 [main] INFO  ipc.Client (Client.java:handleConnectionFailure(948)) - Retrying connect to server: localhost/127.0.0.1:0. Already tried 9 time(s); retry policy is RetryUpToMaximumCountWithFixedSleep(maxRetries=10, sleepTime=1000 MILLISECONDS)
2019-09-26 16:07:38,369 [main] ERROR ha.OMFailoverProxyProvider (OzoneManagerProtocolClientSideTranslatorPB.java:getRetryAction(268)) - Failed to connect to OM. Attempted 10 retries and 10 failovers
2019-09-26 16:07:38,370 [main] ERROR client.OzoneClientFactory (OzoneClientFactory.java:getClientProtocol(259)) - Couldn't create RpcClient protocol exception: 
java.net.ConnectException: Your endpoint configuration is wrong; For more details see:  http://wiki.apache.org/hadoop/UnsetHostnameOrPort
	at sun.reflect.GeneratedConstructorAccessor32.newInstance(Unknown Source)
	at sun.reflect.DelegatingConstructorAccessorImpl.newInstance(DelegatingConstructorAccessorImpl.java:45)
	at java.lang.reflect.Constructor.newInstance(Constructor.java:423)
	at org.apache.hadoop.net.NetUtils.wrapWithMessage(NetUtils.java:831)
	at org.apache.hadoop.net.NetUtils.wrapException(NetUtils.java:751)
	at org.apache.hadoop.ipc.Client.getRpcResponse(Client.java:1515)
	at org.apache.hadoop.ipc.Client.call(Client.java:1457)
	at org.apache.hadoop.ipc.Client.call(Client.java:1367)
	at org.apache.hadoop.ipc.ProtobufRpcEngine$Invoker.invoke(ProtobufRpcEngine.java:228)
	at org.apache.hadoop.ipc.ProtobufRpcEngine$Invoker.invoke(ProtobufRpcEngine.java:116)
	at com.sun.proxy.$Proxy36.submitRequest(Unknown Source)
	at sun.reflect.GeneratedMethodAccessor23.invoke(Unknown Source)
	at sun.reflect.DelegatingMethodAccessorImpl.invoke(DelegatingMethodAccessorImpl.java:43)
	at java.lang.reflect.Method.invoke(Method.java:498)
	at org.apache.hadoop.io.retry.RetryInvocationHandler.invokeMethod(RetryInvocationHandler.java:422)
	at org.apache.hadoop.io.retry.RetryInvocationHandler$Call.invokeMethod(RetryInvocationHandler.java:165)
	at org.apache.hadoop.io.retry.RetryInvocationHandler$Call.invoke(RetryInvocationHandler.java:157)
	at org.apache.hadoop.io.retry.RetryInvocationHandler$Call.invokeOnce(RetryInvocationHandler.java:95)
	at org.apache.hadoop.io.retry.RetryInvocationHandler.invoke(RetryInvocationHandler.java:359)
	at com.sun.proxy.$Proxy36.submitRequest(Unknown Source)
	at org.apache.hadoop.ozone.om.protocolPB.OzoneManagerProtocolClientSideTranslatorPB.submitRequest(OzoneManagerProtocolClientSideTranslatorPB.java:338)
	at org.apache.hadoop.ozone.om.protocolPB.OzoneManagerProtocolClientSideTranslatorPB.getServiceInfo(OzoneManagerProtocolClientSideTranslatorPB.java:1223)
	at sun.reflect.NativeMethodAccessorImpl.invoke0(Native Method)
	at sun.reflect.NativeMethodAccessorImpl.invoke(NativeMethodAccessorImpl.java:62)
	at sun.reflect.DelegatingMethodAccessorImpl.invoke(DelegatingMethodAccessorImpl.java:43)
	at java.lang.reflect.Method.invoke(Method.java:498)
	at org.apache.hadoop.hdds.tracing.TraceAllMethod.invoke(TraceAllMethod.java:66)
	at com.sun.proxy.$Proxy37.getServiceInfo(Unknown Source)
	at org.apache.hadoop.ozone.client.rpc.RpcClient.<init>(RpcClient.java:154)
	at org.apache.hadoop.ozone.client.OzoneClientFactory.getClientProtocol(OzoneClientFactory.java:256)
	at org.apache.hadoop.ozone.client.OzoneClientFactory.getClientProtocol(OzoneClientFactory.java:239)
	at org.apache.hadoop.ozone.client.OzoneClientFactory.getClient(OzoneClientFactory.java:75)
	at org.apache.hadoop.ozone.client.rpc.TestOzoneClientRetriesOnException.init(TestOzoneClientRetriesOnException.java:102)
	at sun.reflect.NativeMethodAccessorImpl.invoke0(Native Method)
	at sun.reflect.NativeMethodAccessorImpl.invoke(NativeMethodAccessorImpl.java:62)
	at sun.reflect.DelegatingMethodAccessorImpl.invoke(DelegatingMethodAccessorImpl.java:43)
	at java.lang.reflect.Method.invoke(Method.java:498)
	at org.junit.runners.model.FrameworkMethod$1.runReflectiveCall(FrameworkMethod.java:47)
	at org.junit.internal.runners.model.ReflectiveCallable.run(ReflectiveCallable.java:12)
	at org.junit.runners.model.FrameworkMethod.invokeExplosively(FrameworkMethod.java:44)
	at org.junit.internal.runners.statements.RunBefores.evaluate(RunBefores.java:24)
	at org.junit.internal.runners.statements.RunAfters.evaluate(RunAfters.java:27)
	at org.junit.runners.ParentRunner.runLeaf(ParentRunner.java:271)
	at org.junit.runners.BlockJUnit4ClassRunner.runChild(BlockJUnit4ClassRunner.java:70)
	at org.junit.runners.BlockJUnit4ClassRunner.runChild(BlockJUnit4ClassRunner.java:50)
	at org.junit.runners.ParentRunner$3.run(ParentRunner.java:238)
	at org.junit.runners.ParentRunner$1.schedule(ParentRunner.java:63)
	at org.junit.runners.ParentRunner.runChildren(ParentRunner.java:236)
	at org.junit.runners.ParentRunner.access$000(ParentRunner.java:53)
	at org.junit.runners.ParentRunner$2.evaluate(ParentRunner.java:229)
	at org.junit.runners.ParentRunner.run(ParentRunner.java:309)
	at org.apache.maven.surefire.junit4.JUnit4Provider.execute(JUnit4Provider.java:365)
	at org.apache.maven.surefire.junit4.JUnit4Provider.executeWithRerun(JUnit4Provider.java:273)
	at org.apache.maven.surefire.junit4.JUnit4Provider.executeTestSet(JUnit4Provider.java:238)
	at org.apache.maven.surefire.junit4.JUnit4Provider.invoke(JUnit4Provider.java:159)
	at org.apache.maven.surefire.booter.ForkedBooter.invokeProviderInSameClassLoader(ForkedBooter.java:384)
	at org.apache.maven.surefire.booter.ForkedBooter.runSuitesInProcess(ForkedBooter.java:345)
	at org.apache.maven.surefire.booter.ForkedBooter.execute(ForkedBooter.java:126)
	at org.apache.maven.surefire.booter.ForkedBooter.main(ForkedBooter.java:418)
Caused by: java.net.ConnectException: Connection refused
	at sun.nio.ch.SocketChannelImpl.checkConnect(Native Method)
	at sun.nio.ch.SocketChannelImpl.finishConnect(SocketChannelImpl.java:717)
	at org.apache.hadoop.net.SocketIOWithTimeout.connect(SocketIOWithTimeout.java:206)
	at org.apache.hadoop.net.NetUtils.connect(NetUtils.java:531)
	at org.apache.hadoop.ipc.Client$Connection.setupConnection(Client.java:690)
	at org.apache.hadoop.ipc.Client$Connection.setupIOstreams(Client.java:794)
	at org.apache.hadoop.ipc.Client$Connection.access$3700(Client.java:411)
	at org.apache.hadoop.ipc.Client.getConnection(Client.java:1572)
	at org.apache.hadoop.ipc.Client.call(Client.java:1403)
	... 52 more
2019-09-26 16:07:38,372 [main] INFO  ozone.MiniOzoneClusterImpl (MiniOzoneClusterImpl.java:shutdown(314)) - Shutting down the Mini Ozone Cluster
2019-09-26 16:07:38,373 [main] INFO  ozone.MiniOzoneClusterImpl (MiniOzoneClusterImpl.java:stop(330)) - Stopping the Mini Ozone Cluster
2019-09-26 16:07:38,373 [main] INFO  ozone.MiniOzoneClusterImpl (MiniOzoneClusterImpl.java:stopOM(400)) - Stopping the OzoneManager
2019-09-26 16:07:38,373 [main] INFO  ipc.Server (Server.java:stop(3082)) - Stopping server on 42929
2019-09-26 16:07:38,412 [IPC Server listener on 42929] INFO  ipc.Server (Server.java:run(1185)) - Stopping IPC Server listener on 42929
2019-09-26 16:07:38,432 [IPC Server Responder] INFO  ipc.Server (Server.java:run(1319)) - Stopping IPC Server Responder
2019-09-26 16:07:38,432 [main] INFO  ratis.OzoneManagerDoubleBuffer (OzoneManagerDoubleBuffer.java:stop(248)) - Stopping OMDoubleBuffer flush thread
2019-09-26 16:07:38,435 [OMDoubleBufferFlushThread] INFO  ratis.OzoneManagerDoubleBuffer (OzoneManagerDoubleBuffer.java:flushTransactions(191)) - OMDoubleBuffer flush thread OMDoubleBufferFlushThread is interrupted and will exit. OMDoubleBufferFlushThread
2019-09-26 16:07:38,435 [main] INFO  utils.BackgroundService (BackgroundService.java:shutdown(148)) - Shutting down service KeyDeletingService
2019-09-26 16:07:38,438 [main] INFO  handler.ContextHandler (ContextHandler.java:doStop(910)) - Stopped o.e.j.w.WebAppContext@7c0777b5{/,null,UNAVAILABLE}{/ozoneManager}
2019-09-26 16:07:38,440 [main] INFO  server.AbstractConnector (AbstractConnector.java:doStop(318)) - Stopped ServerConnector@2489e84a{HTTP/1.1,[http/1.1]}{0.0.0.0:0}
2019-09-26 16:07:38,440 [main] INFO  handler.ContextHandler (ContextHandler.java:doStop(910)) - Stopped o.e.j.s.ServletContextHandler@53ed80d3{/static,file:///workdir/hadoop-ozone/integration-test/target/test-classes/webapps/static,UNAVAILABLE}
2019-09-26 16:07:38,441 [main] INFO  handler.ContextHandler (ContextHandler.java:doStop(910)) - Stopped o.e.j.s.ServletContextHandler@56382bc9{/logs,file:///workdir/hadoop-ozone/integration-test/target/log,UNAVAILABLE}
2019-09-26 16:07:38,445 [main] INFO  ozone.MiniOzoneClusterImpl (MiniOzoneClusterImpl.java:stopDatanodes(377)) - Stopping the HddsDatanodes
2019-09-26 16:07:38,841 [Datanode State Machine Thread - 0] INFO  statemachine.DatanodeStateMachine (DatanodeStateMachine.java:lambda$startDaemon$0(350)) - Ozone container server started.
2019-09-26 16:07:39,052 [Datanode State Machine Thread - 0] INFO  statemachine.DatanodeStateMachine (DatanodeStateMachine.java:lambda$startDaemon$0(350)) - Ozone container server started.
2019-09-26 16:07:43,447 [ForkJoinPool.commonPool-worker-1] INFO  ozoneimpl.OzoneContainer (OzoneContainer.java:stop(231)) - Attempting to stop container services.
2019-09-26 16:07:43,447 [main] INFO  ozoneimpl.OzoneContainer (OzoneContainer.java:stop(231)) - Attempting to stop container services.
2019-09-26 16:07:43,448 [ForkJoinPool.commonPool-worker-1] INFO  impl.RaftServerProxy (RaftServerProxy.java:lambda$close$4(314)) - 4114f39e-2137-4ef9-80cf-d1972135e71d: close
2019-09-26 16:07:43,448 [main] INFO  impl.RaftServerProxy (RaftServerProxy.java:lambda$close$4(314)) - 36c748ab-6e2f-4bd5-8311-2939c6be6aae: close
2019-09-26 16:07:43,449 [ForkJoinPool.commonPool-worker-1] INFO  impl.RaftServerImpl (RaftServerImpl.java:lambda$shutdown$3(251)) - 4114f39e-2137-4ef9-80cf-d1972135e71d@group-5DE6EF6651F4: shutdown
2019-09-26 16:07:43,449 [main] INFO  impl.RaftServerImpl (RaftServerImpl.java:lambda$shutdown$3(251)) - 36c748ab-6e2f-4bd5-8311-2939c6be6aae@group-778A4F74CD95: shutdown
2019-09-26 16:07:43,449 [ForkJoinPool.commonPool-worker-1] INFO  util.JmxRegister (JmxRegister.java:unregister(73)) - Successfully un-registered JMX Bean with object name Ratis:service=RaftServer,group=group-5DE6EF6651F4,id=4114f39e-2137-4ef9-80cf-d1972135e71d
2019-09-26 16:07:43,450 [main] INFO  util.JmxRegister (JmxRegister.java:unregister(73)) - Successfully un-registered JMX Bean with object name Ratis:service=RaftServer,group=group-778A4F74CD95,id=36c748ab-6e2f-4bd5-8311-2939c6be6aae
2019-09-26 16:07:43,450 [ForkJoinPool.commonPool-worker-1] INFO  impl.RoleInfo (RoleInfo.java:shutdownLeaderState(104)) - 4114f39e-2137-4ef9-80cf-d1972135e71d: shutdown LeaderState
2019-09-26 16:07:43,450 [main] INFO  impl.RoleInfo (RoleInfo.java:shutdownLeaderState(104)) - 36c748ab-6e2f-4bd5-8311-2939c6be6aae: shutdown LeaderState
2019-09-26 16:07:43,455 [org.apache.ratis.server.impl.LogAppender$AppenderDaemon$$Lambda$395/192424674@49071b5f] WARN  server.GrpcLogAppender (GrpcLogAppender.java:mayWait(143)) - 4114f39e-2137-4ef9-80cf-d1972135e71d@group-5DE6EF6651F4->308cfd6e-1ef3-4349-b86c-3560b39e7009-GrpcLogAppender: Wait interrupted by java.lang.InterruptedException
2019-09-26 16:07:43,455 [org.apache.ratis.server.impl.LogAppender$AppenderDaemon$$Lambda$395/192424674@206d3603] WARN  server.GrpcLogAppender (GrpcLogAppender.java:mayWait(143)) - 4114f39e-2137-4ef9-80cf-d1972135e71d@group-5DE6EF6651F4->4eb0591e-003a-4cce-b16f-5b85711c4d0d-GrpcLogAppender: Wait interrupted by java.lang.InterruptedException
2019-09-26 16:07:43,455 [ForkJoinPool.commonPool-worker-1] INFO  impl.PendingRequests (PendingRequests.java:sendNotLeaderResponses(202)) - 4114f39e-2137-4ef9-80cf-d1972135e71d-PendingRequests: sendNotLeaderResponses
2019-09-26 16:07:43,455 [main] INFO  impl.PendingRequests (PendingRequests.java:sendNotLeaderResponses(202)) - 36c748ab-6e2f-4bd5-8311-2939c6be6aae-PendingRequests: sendNotLeaderResponses
2019-09-26 16:07:43,460 [ForkJoinPool.commonPool-worker-1] INFO  impl.StateMachineUpdater (StateMachineUpdater.java:stopAndJoin(125)) - 4114f39e-2137-4ef9-80cf-d1972135e71d@group-5DE6EF6651F4-StateMachineUpdater: set stopIndex = 0
2019-09-26 16:07:43,460 [main] INFO  impl.StateMachineUpdater (StateMachineUpdater.java:stopAndJoin(125)) - 36c748ab-6e2f-4bd5-8311-2939c6be6aae@group-778A4F74CD95-StateMachineUpdater: set stopIndex = 0
2019-09-26 16:07:43,460 [grpc-default-executor-2] INFO  server.GrpcServerProtocolService (GrpcServerProtocolService.java:onCompleted(113)) - 308cfd6e-1ef3-4349-b86c-3560b39e7009: Completed APPEND_ENTRIES, lastRequest: 4114f39e-2137-4ef9-80cf-d1972135e71d->308cfd6e-1ef3-4349-b86c-3560b39e7009#43-t3, previous=(t:3, i:0), leaderCommit=0, initializing? false, entries: <empty>
2019-09-26 16:07:43,460 [grpc-default-executor-1] INFO  server.GrpcServerProtocolService (GrpcServerProtocolService.java:onCompleted(113)) - 4eb0591e-003a-4cce-b16f-5b85711c4d0d: Completed APPEND_ENTRIES, lastRequest: 4114f39e-2137-4ef9-80cf-d1972135e71d->4eb0591e-003a-4cce-b16f-5b85711c4d0d#43-t3, previous=(t:3, i:0), leaderCommit=0, initializing? false, entries: <empty>
2019-09-26 16:07:43,461 [main] INFO  impl.RaftServerImpl (ServerState.java:close(385)) - 36c748ab-6e2f-4bd5-8311-2939c6be6aae@group-778A4F74CD95: closes. applyIndex: 0
2019-09-26 16:07:43,460 [ForkJoinPool.commonPool-worker-1] INFO  impl.RaftServerImpl (ServerState.java:close(385)) - 4114f39e-2137-4ef9-80cf-d1972135e71d@group-5DE6EF6651F4: closes. applyIndex: 0
2019-09-26 16:07:43,462 [36c748ab-6e2f-4bd5-8311-2939c6be6aae@group-778A4F74CD95-SegmentedRaftLogWorker] INFO  segmented.SegmentedRaftLogWorker (SegmentedRaftLogWorker.java:run(313)) - 36c748ab-6e2f-4bd5-8311-2939c6be6aae@group-778A4F74CD95-SegmentedRaftLogWorker was interrupted, exiting. There are 0 tasks remaining in the queue.
2019-09-26 16:07:43,462 [4114f39e-2137-4ef9-80cf-d1972135e71d@group-5DE6EF6651F4-SegmentedRaftLogWorker] INFO  segmented.SegmentedRaftLogWorker (SegmentedRaftLogWorker.java:run(313)) - 4114f39e-2137-4ef9-80cf-d1972135e71d@group-5DE6EF6651F4-SegmentedRaftLogWorker was interrupted, exiting. There are 0 tasks remaining in the queue.
2019-09-26 16:07:43,465 [grpc-default-executor-1] INFO  server.GrpcLogAppender (GrpcLogAppender.java:onCompleted(293)) - 4114f39e-2137-4ef9-80cf-d1972135e71d@group-5DE6EF6651F4->308cfd6e-1ef3-4349-b86c-3560b39e7009-AppendLogResponseHandler: follower responses appendEntries COMPLETED
2019-09-26 16:07:43,465 [ForkJoinPool.commonPool-worker-1] INFO  segmented.SegmentedRaftLogWorker (SegmentedRaftLogWorker.java:close(228)) - 4114f39e-2137-4ef9-80cf-d1972135e71d@group-5DE6EF6651F4-SegmentedRaftLogWorker close()
2019-09-26 16:07:43,465 [main] INFO  segmented.SegmentedRaftLogWorker (SegmentedRaftLogWorker.java:close(228)) - 36c748ab-6e2f-4bd5-8311-2939c6be6aae@group-778A4F74CD95-SegmentedRaftLogWorker close()
2019-09-26 16:07:43,471 [grpc-default-executor-1] INFO  impl.FollowerInfo (FollowerInfo.java:lambda$new$0(51)) - 4114f39e-2137-4ef9-80cf-d1972135e71d@group-5DE6EF6651F4->308cfd6e-1ef3-4349-b86c-3560b39e7009: nextIndex: updateUnconditionally 1 -> 0
2019-09-26 16:07:43,465 [grpc-default-executor-2] INFO  server.GrpcLogAppender (GrpcLogAppender.java:onCompleted(293)) - 4114f39e-2137-4ef9-80cf-d1972135e71d@group-5DE6EF6651F4->4eb0591e-003a-4cce-b16f-5b85711c4d0d-AppendLogResponseHandler: follower responses appendEntries COMPLETED
2019-09-26 16:07:43,474 [main] INFO  server.GrpcService (GrpcService.java:closeImpl(164)) - 36c748ab-6e2f-4bd5-8311-2939c6be6aae: shutdown server with port 46293 now
2019-09-26 16:07:43,470 [ForkJoinPool.commonPool-worker-1] INFO  impl.RaftServerImpl (RaftServerImpl.java:lambda$shutdown$3(251)) - 4114f39e-2137-4ef9-80cf-d1972135e71d@group-21120FA99BA6: shutdown
2019-09-26 16:07:43,481 [main] INFO  server.GrpcService (GrpcService.java:closeImpl(172)) - 36c748ab-6e2f-4bd5-8311-2939c6be6aae: shutdown server with port 46293 successfully
2019-09-26 16:07:43,478 [grpc-default-executor-2] INFO  impl.FollowerInfo (FollowerInfo.java:lambda$new$0(51)) - 4114f39e-2137-4ef9-80cf-d1972135e71d@group-5DE6EF6651F4->4eb0591e-003a-4cce-b16f-5b85711c4d0d: nextIndex: updateUnconditionally 1 -> 0
2019-09-26 16:07:43,481 [ForkJoinPool.commonPool-worker-1] INFO  util.JmxRegister (JmxRegister.java:unregister(73)) - Successfully un-registered JMX Bean with object name Ratis:service=RaftServer,group=group-21120FA99BA6,id=4114f39e-2137-4ef9-80cf-d1972135e71d
2019-09-26 16:07:43,482 [ForkJoinPool.commonPool-worker-1] INFO  impl.RoleInfo (RoleInfo.java:shutdownLeaderState(104)) - 4114f39e-2137-4ef9-80cf-d1972135e71d: shutdown LeaderState
2019-09-26 16:07:43,482 [ForkJoinPool.commonPool-worker-1] INFO  impl.PendingRequests (PendingRequests.java:sendNotLeaderResponses(202)) - 4114f39e-2137-4ef9-80cf-d1972135e71d-PendingRequests: sendNotLeaderResponses
2019-09-26 16:07:43,483 [ForkJoinPool.commonPool-worker-1] INFO  impl.StateMachineUpdater (StateMachineUpdater.java:stopAndJoin(125)) - 4114f39e-2137-4ef9-80cf-d1972135e71d@group-21120FA99BA6-StateMachineUpdater: set stopIndex = 0
2019-09-26 16:07:43,484 [ForkJoinPool.commonPool-worker-1] INFO  impl.RaftServerImpl (ServerState.java:close(385)) - 4114f39e-2137-4ef9-80cf-d1972135e71d@group-21120FA99BA6: closes. applyIndex: 0
2019-09-26 16:07:43,484 [refreshUsed-/workdir/hadoop-ozone/integration-test/target/test-dir/MiniOzoneClusterImpl-af67ac00-e673-4dc0-88ca-7b49334fe824/datanode-4/data/containers] WARN  fs.CachingGetSpaceUsed (CachingGetSpaceUsed.java:run(183)) - Thread Interrupted waiting to refresh disk information: sleep interrupted
2019-09-26 16:07:43,485 [4114f39e-2137-4ef9-80cf-d1972135e71d@group-21120FA99BA6-SegmentedRaftLogWorker] INFO  segmented.SegmentedRaftLogWorker (SegmentedRaftLogWorker.java:run(313)) - 4114f39e-2137-4ef9-80cf-d1972135e71d@group-21120FA99BA6-SegmentedRaftLogWorker was interrupted, exiting. There are 0 tasks remaining in the queue.
2019-09-26 16:07:43,487 [ForkJoinPool.commonPool-worker-1] INFO  segmented.SegmentedRaftLogWorker (SegmentedRaftLogWorker.java:close(228)) - 4114f39e-2137-4ef9-80cf-d1972135e71d@group-21120FA99BA6-SegmentedRaftLogWorker close()
2019-09-26 16:07:43,491 [ForkJoinPool.commonPool-worker-1] INFO  server.GrpcService (GrpcService.java:closeImpl(164)) - 4114f39e-2137-4ef9-80cf-d1972135e71d: shutdown server with port 44854 now
2019-09-26 16:07:43,493 [ForkJoinPool.commonPool-worker-1] INFO  server.GrpcService (GrpcService.java:closeImpl(172)) - 4114f39e-2137-4ef9-80cf-d1972135e71d: shutdown server with port 44854 successfully
2019-09-26 16:07:43,498 [refreshUsed-/workdir/hadoop-ozone/integration-test/target/test-dir/MiniOzoneClusterImpl-af67ac00-e673-4dc0-88ca-7b49334fe824/datanode-1/data/containers] WARN  fs.CachingGetSpaceUsed (CachingGetSpaceUsed.java:run(183)) - Thread Interrupted waiting to refresh disk information: sleep interrupted
2019-09-26 16:07:43,513 [main] INFO  utils.BackgroundService (BackgroundService.java:shutdown(148)) - Shutting down service BlockDeletingService
2019-09-26 16:07:43,513 [ForkJoinPool.commonPool-worker-1] INFO  utils.BackgroundService (BackgroundService.java:shutdown(148)) - Shutting down service BlockDeletingService
2019-09-26 16:07:43,521 [main] INFO  statemachine.DatanodeStateMachine (DatanodeStateMachine.java:stopDaemon(395)) - Ozone container server stopped.
2019-09-26 16:07:43,522 [ForkJoinPool.commonPool-worker-1] INFO  statemachine.DatanodeStateMachine (DatanodeStateMachine.java:stopDaemon(395)) - Ozone container server stopped.
2019-09-26 16:07:43,528 [main] INFO  handler.ContextHandler (ContextHandler.java:doStop(910)) - Stopped o.e.j.w.WebAppContext@79d82f66{/,null,UNAVAILABLE}{/hddsDatanode}
2019-09-26 16:07:43,528 [ForkJoinPool.commonPool-worker-1] INFO  handler.ContextHandler (ContextHandler.java:doStop(910)) - Stopped o.e.j.w.WebAppContext@42cc183e{/,null,UNAVAILABLE}{/hddsDatanode}
2019-09-26 16:07:43,529 [main] INFO  server.AbstractConnector (AbstractConnector.java:doStop(318)) - Stopped ServerConnector@19b206ee{HTTP/1.1,[http/1.1]}{0.0.0.0:0}
2019-09-26 16:07:43,529 [ForkJoinPool.commonPool-worker-1] INFO  server.AbstractConnector (AbstractConnector.java:doStop(318)) - Stopped ServerConnector@3e4e8fdf{HTTP/1.1,[http/1.1]}{0.0.0.0:0}
2019-09-26 16:07:43,529 [main] INFO  handler.ContextHandler (ContextHandler.java:doStop(910)) - Stopped o.e.j.s.ServletContextHandler@228bda54{/static,jar:file:/home/user/.m2/repository/org/apache/hadoop/hadoop-hdds-container-service/0.5.0-SNAPSHOT/hadoop-hdds-container-service-0.5.0-SNAPSHOT.jar!/webapps/static,UNAVAILABLE}
2019-09-26 16:07:43,531 [ForkJoinPool.commonPool-worker-1] INFO  handler.ContextHandler (ContextHandler.java:doStop(910)) - Stopped o.e.j.s.ServletContextHandler@7be2f29a{/static,jar:file:/home/user/.m2/repository/org/apache/hadoop/hadoop-hdds-container-service/0.5.0-SNAPSHOT/hadoop-hdds-container-service-0.5.0-SNAPSHOT.jar!/webapps/static,UNAVAILABLE}
2019-09-26 16:07:43,532 [main] INFO  handler.ContextHandler (ContextHandler.java:doStop(910)) - Stopped o.e.j.s.ServletContextHandler@d2e6b0b{/logs,file:///workdir/hadoop-ozone/integration-test/target/log,UNAVAILABLE}
2019-09-26 16:07:43,533 [ForkJoinPool.commonPool-worker-1] INFO  handler.ContextHandler (ContextHandler.java:doStop(910)) - Stopped o.e.j.s.ServletContextHandler@6a9cd0f8{/logs,file:///workdir/hadoop-ozone/integration-test/target/log,UNAVAILABLE}
2019-09-26 16:07:43,945 [Datanode State Machine Thread - 0] INFO  statemachine.DatanodeStateMachine (DatanodeStateMachine.java:lambda$startDaemon$0(350)) - Ozone container server started.
2019-09-26 16:07:43,980 [Datanode State Machine Thread - 0] INFO  statemachine.DatanodeStateMachine (DatanodeStateMachine.java:lambda$startDaemon$0(350)) - Ozone container server started.
2019-09-26 16:07:48,535 [ForkJoinPool.commonPool-worker-1] INFO  ozoneimpl.OzoneContainer (OzoneContainer.java:stop(231)) - Attempting to stop container services.
2019-09-26 16:07:48,535 [main] INFO  ozoneimpl.OzoneContainer (OzoneContainer.java:stop(231)) - Attempting to stop container services.
2019-09-26 16:07:48,536 [ForkJoinPool.commonPool-worker-1] INFO  impl.RaftServerProxy (RaftServerProxy.java:lambda$close$4(314)) - eceeeb53-0a64-40d1-8165-8060b1e5e631: close
2019-09-26 16:07:48,536 [main] INFO  impl.RaftServerProxy (RaftServerProxy.java:lambda$close$4(314)) - 308cfd6e-1ef3-4349-b86c-3560b39e7009: close
2019-09-26 16:07:48,536 [ForkJoinPool.commonPool-worker-1] INFO  impl.RaftServerImpl (RaftServerImpl.java:lambda$shutdown$3(251)) - eceeeb53-0a64-40d1-8165-8060b1e5e631@group-619C31D50264: shutdown
2019-09-26 16:07:48,537 [main] INFO  impl.RaftServerImpl (RaftServerImpl.java:lambda$shutdown$3(251)) - 308cfd6e-1ef3-4349-b86c-3560b39e7009@group-5DE6EF6651F4: shutdown
2019-09-26 16:07:48,537 [ForkJoinPool.commonPool-worker-1] INFO  util.JmxRegister (JmxRegister.java:unregister(73)) - Successfully un-registered JMX Bean with object name Ratis:service=RaftServer,group=group-619C31D50264,id=eceeeb53-0a64-40d1-8165-8060b1e5e631
2019-09-26 16:07:48,538 [main] INFO  util.JmxRegister (JmxRegister.java:unregister(73)) - Successfully un-registered JMX Bean with object name Ratis:service=RaftServer,group=group-5DE6EF6651F4,id=308cfd6e-1ef3-4349-b86c-3560b39e7009
2019-09-26 16:07:48,538 [ForkJoinPool.commonPool-worker-1] INFO  impl.RoleInfo (RoleInfo.java:shutdownLeaderState(104)) - eceeeb53-0a64-40d1-8165-8060b1e5e631: shutdown LeaderState
2019-09-26 16:07:48,538 [main] INFO  impl.RoleInfo (RoleInfo.java:shutdownFollowerState(121)) - 308cfd6e-1ef3-4349-b86c-3560b39e7009: shutdown FollowerState
2019-09-26 16:07:48,544 [org.apache.ratis.server.impl.LogAppender$AppenderDaemon$$Lambda$395/192424674@3f9fe57e] WARN  server.GrpcLogAppender (GrpcLogAppender.java:mayWait(143)) - eceeeb53-0a64-40d1-8165-8060b1e5e631@group-619C31D50264->f1b22ec7-1217-442a-a6e0-7f0124023303-GrpcLogAppender: Wait interrupted by java.lang.InterruptedException
2019-09-26 16:07:48,544 [org.apache.ratis.server.impl.LogAppender$AppenderDaemon$$Lambda$395/192424674@675b3973] WARN  server.GrpcLogAppender (GrpcLogAppender.java:mayWait(143)) - eceeeb53-0a64-40d1-8165-8060b1e5e631@group-619C31D50264->8214dcd7-9039-498f-bb6d-268e472c0f13-GrpcLogAppender: Wait interrupted by java.lang.InterruptedException
2019-09-26 16:07:48,544 [ForkJoinPool.commonPool-worker-1] INFO  impl.PendingRequests (PendingRequests.java:sendNotLeaderResponses(202)) - eceeeb53-0a64-40d1-8165-8060b1e5e631-PendingRequests: sendNotLeaderResponses
2019-09-26 16:07:48,544 [Thread-856] INFO  impl.FollowerState (FollowerState.java:run(115)) - 308cfd6e-1ef3-4349-b86c-3560b39e7009: FollowerState was interrupted: java.lang.InterruptedException: sleep interrupted
2019-09-26 16:07:48,544 [main] INFO  impl.StateMachineUpdater (StateMachineUpdater.java:stopAndJoin(125)) - 308cfd6e-1ef3-4349-b86c-3560b39e7009@group-5DE6EF6651F4-StateMachineUpdater: set stopIndex = 0
2019-09-26 16:07:48,551 [grpc-default-executor-1] INFO  server.GrpcServerProtocolService (GrpcServerProtocolService.java:onCompleted(113)) - 8214dcd7-9039-498f-bb6d-268e472c0f13: Completed APPEND_ENTRIES, lastRequest: eceeeb53-0a64-40d1-8165-8060b1e5e631->8214dcd7-9039-498f-bb6d-268e472c0f13#47-t1, previous=(t:1, i:0), leaderCommit=0, initializing? false, entries: <empty>
2019-09-26 16:07:48,549 [ForkJoinPool.commonPool-worker-1] INFO  impl.StateMachineUpdater (StateMachineUpdater.java:stopAndJoin(125)) - eceeeb53-0a64-40d1-8165-8060b1e5e631@group-619C31D50264-StateMachineUpdater: set stopIndex = 0
2019-09-26 16:07:48,552 [ForkJoinPool.commonPool-worker-1] INFO  impl.RaftServerImpl (ServerState.java:close(385)) - eceeeb53-0a64-40d1-8165-8060b1e5e631@group-619C31D50264: closes. applyIndex: 0
2019-09-26 16:07:48,549 [grpc-default-executor-2] INFO  server.GrpcServerProtocolService (GrpcServerProtocolService.java:onCompleted(113)) - f1b22ec7-1217-442a-a6e0-7f0124023303: Completed APPEND_ENTRIES, lastRequest: eceeeb53-0a64-40d1-8165-8060b1e5e631->f1b22ec7-1217-442a-a6e0-7f0124023303#47-t1, previous=(t:1, i:0), leaderCommit=0, initializing? false, entries: <empty>
2019-09-26 16:07:48,552 [grpc-default-executor-1] INFO  server.GrpcLogAppender (GrpcLogAppender.java:onCompleted(293)) - eceeeb53-0a64-40d1-8165-8060b1e5e631@group-619C31D50264->8214dcd7-9039-498f-bb6d-268e472c0f13-AppendLogResponseHandler: follower responses appendEntries COMPLETED
2019-09-26 16:07:48,551 [main] INFO  impl.RaftServerImpl (ServerState.java:close(385)) - 308cfd6e-1ef3-4349-b86c-3560b39e7009@group-5DE6EF6651F4: closes. applyIndex: 0
2019-09-26 16:07:48,557 [grpc-default-executor-2] INFO  server.GrpcLogAppender (GrpcLogAppender.java:onCompleted(293)) - eceeeb53-0a64-40d1-8165-8060b1e5e631@group-619C31D50264->f1b22ec7-1217-442a-a6e0-7f0124023303-AppendLogResponseHandler: follower responses appendEntries COMPLETED
2019-09-26 16:07:48,557 [grpc-default-executor-1] INFO  impl.FollowerInfo (FollowerInfo.java:lambda$new$0(51)) - eceeeb53-0a64-40d1-8165-8060b1e5e631@group-619C31D50264->8214dcd7-9039-498f-bb6d-268e472c0f13: nextIndex: updateUnconditionally 1 -> 0
2019-09-26 16:07:48,552 [eceeeb53-0a64-40d1-8165-8060b1e5e631@group-619C31D50264-SegmentedRaftLogWorker] INFO  segmented.SegmentedRaftLogWorker (SegmentedRaftLogWorker.java:run(313)) - eceeeb53-0a64-40d1-8165-8060b1e5e631@group-619C31D50264-SegmentedRaftLogWorker was interrupted, exiting. There are 0 tasks remaining in the queue.
2019-09-26 16:07:48,559 [grpc-default-executor-2] INFO  impl.FollowerInfo (FollowerInfo.java:lambda$new$0(51)) - eceeeb53-0a64-40d1-8165-8060b1e5e631@group-619C31D50264->f1b22ec7-1217-442a-a6e0-7f0124023303: nextIndex: updateUnconditionally 1 -> 0
2019-09-26 16:07:48,557 [308cfd6e-1ef3-4349-b86c-3560b39e7009@group-5DE6EF6651F4-SegmentedRaftLogWorker] INFO  segmented.SegmentedRaftLogWorker (SegmentedRaftLogWorker.java:run(313)) - 308cfd6e-1ef3-4349-b86c-3560b39e7009@group-5DE6EF6651F4-SegmentedRaftLogWorker was interrupted, exiting. There are 0 tasks remaining in the queue.
2019-09-26 16:07:48,562 [ForkJoinPool.commonPool-worker-1] INFO  segmented.SegmentedRaftLogWorker (SegmentedRaftLogWorker.java:close(228)) - eceeeb53-0a64-40d1-8165-8060b1e5e631@group-619C31D50264-SegmentedRaftLogWorker close()
2019-09-26 16:07:48,564 [main] INFO  segmented.SegmentedRaftLogWorker (SegmentedRaftLogWorker.java:close(228)) - 308cfd6e-1ef3-4349-b86c-3560b39e7009@group-5DE6EF6651F4-SegmentedRaftLogWorker close()
2019-09-26 16:07:48,569 [ForkJoinPool.commonPool-worker-1] INFO  impl.RaftServerImpl (RaftServerImpl.java:lambda$shutdown$3(251)) - eceeeb53-0a64-40d1-8165-8060b1e5e631@group-AE608F9D485A: shutdown
2019-09-26 16:07:48,575 [main] INFO  impl.RaftServerImpl (RaftServerImpl.java:lambda$shutdown$3(251)) - 308cfd6e-1ef3-4349-b86c-3560b39e7009@group-4B1CBFF860DF: shutdown
2019-09-26 16:07:48,575 [ForkJoinPool.commonPool-worker-1] INFO  util.JmxRegister (JmxRegister.java:unregister(73)) - Successfully un-registered JMX Bean with object name Ratis:service=RaftServer,group=group-AE608F9D485A,id=eceeeb53-0a64-40d1-8165-8060b1e5e631
2019-09-26 16:07:48,575 [main] INFO  util.JmxRegister (JmxRegister.java:unregister(73)) - Successfully un-registered JMX Bean with object name Ratis:service=RaftServer,group=group-4B1CBFF860DF,id=308cfd6e-1ef3-4349-b86c-3560b39e7009
2019-09-26 16:07:48,576 [ForkJoinPool.commonPool-worker-1] INFO  impl.RoleInfo (RoleInfo.java:shutdownLeaderState(104)) - eceeeb53-0a64-40d1-8165-8060b1e5e631: shutdown LeaderState
2019-09-26 16:07:48,576 [main] INFO  impl.RoleInfo (RoleInfo.java:shutdownLeaderState(104)) - 308cfd6e-1ef3-4349-b86c-3560b39e7009: shutdown LeaderState
2019-09-26 16:07:48,576 [ForkJoinPool.commonPool-worker-1] INFO  impl.PendingRequests (PendingRequests.java:sendNotLeaderResponses(202)) - eceeeb53-0a64-40d1-8165-8060b1e5e631-PendingRequests: sendNotLeaderResponses
2019-09-26 16:07:48,577 [main] INFO  impl.PendingRequests (PendingRequests.java:sendNotLeaderResponses(202)) - 308cfd6e-1ef3-4349-b86c-3560b39e7009-PendingRequests: sendNotLeaderResponses
2019-09-26 16:07:48,577 [ForkJoinPool.commonPool-worker-1] INFO  impl.StateMachineUpdater (StateMachineUpdater.java:stopAndJoin(125)) - eceeeb53-0a64-40d1-8165-8060b1e5e631@group-AE608F9D485A-StateMachineUpdater: set stopIndex = 0
2019-09-26 16:07:48,578 [main] INFO  impl.StateMachineUpdater (StateMachineUpdater.java:stopAndJoin(125)) - 308cfd6e-1ef3-4349-b86c-3560b39e7009@group-4B1CBFF860DF-StateMachineUpdater: set stopIndex = 0
2019-09-26 16:07:48,578 [ForkJoinPool.commonPool-worker-1] INFO  impl.RaftServerImpl (ServerState.java:close(385)) - eceeeb53-0a64-40d1-8165-8060b1e5e631@group-AE608F9D485A: closes. applyIndex: 0
2019-09-26 16:07:48,578 [main] INFO  impl.RaftServerImpl (ServerState.java:close(385)) - 308cfd6e-1ef3-4349-b86c-3560b39e7009@group-4B1CBFF860DF: closes. applyIndex: 0
2019-09-26 16:07:48,579 [eceeeb53-0a64-40d1-8165-8060b1e5e631@group-AE608F9D485A-SegmentedRaftLogWorker] INFO  segmented.SegmentedRaftLogWorker (SegmentedRaftLogWorker.java:run(313)) - eceeeb53-0a64-40d1-8165-8060b1e5e631@group-AE608F9D485A-SegmentedRaftLogWorker was interrupted, exiting. There are 0 tasks remaining in the queue.
2019-09-26 16:07:48,579 [308cfd6e-1ef3-4349-b86c-3560b39e7009@group-4B1CBFF860DF-SegmentedRaftLogWorker] INFO  segmented.SegmentedRaftLogWorker (SegmentedRaftLogWorker.java:run(313)) - 308cfd6e-1ef3-4349-b86c-3560b39e7009@group-4B1CBFF860DF-SegmentedRaftLogWorker was interrupted, exiting. There are 0 tasks remaining in the queue.
2019-09-26 16:07:48,583 [ForkJoinPool.commonPool-worker-1] INFO  segmented.SegmentedRaftLogWorker (SegmentedRaftLogWorker.java:close(228)) - eceeeb53-0a64-40d1-8165-8060b1e5e631@group-AE608F9D485A-SegmentedRaftLogWorker close()
2019-09-26 16:07:48,583 [main] INFO  segmented.SegmentedRaftLogWorker (SegmentedRaftLogWorker.java:close(228)) - 308cfd6e-1ef3-4349-b86c-3560b39e7009@group-4B1CBFF860DF-SegmentedRaftLogWorker close()
2019-09-26 16:07:48,587 [ForkJoinPool.commonPool-worker-1] INFO  server.GrpcService (GrpcService.java:closeImpl(164)) - eceeeb53-0a64-40d1-8165-8060b1e5e631: shutdown server with port 41381 now
2019-09-26 16:07:48,598 [main] INFO  server.GrpcService (GrpcService.java:closeImpl(164)) - 308cfd6e-1ef3-4349-b86c-3560b39e7009: shutdown server with port 42268 now
2019-09-26 16:07:48,598 [ForkJoinPool.commonPool-worker-1] INFO  server.GrpcService (GrpcService.java:closeImpl(172)) - eceeeb53-0a64-40d1-8165-8060b1e5e631: shutdown server with port 41381 successfully
2019-09-26 16:07:48,599 [main] INFO  server.GrpcService (GrpcService.java:closeImpl(172)) - 308cfd6e-1ef3-4349-b86c-3560b39e7009: shutdown server with port 42268 successfully
2019-09-26 16:07:48,603 [refreshUsed-/workdir/hadoop-ozone/integration-test/target/test-dir/MiniOzoneClusterImpl-af67ac00-e673-4dc0-88ca-7b49334fe824/datanode-2/data/containers] WARN  fs.CachingGetSpaceUsed (CachingGetSpaceUsed.java:run(183)) - Thread Interrupted waiting to refresh disk information: sleep interrupted
2019-09-26 16:07:48,604 [refreshUsed-/workdir/hadoop-ozone/integration-test/target/test-dir/MiniOzoneClusterImpl-af67ac00-e673-4dc0-88ca-7b49334fe824/datanode-3/data/containers] WARN  fs.CachingGetSpaceUsed (CachingGetSpaceUsed.java:run(183)) - Thread Interrupted waiting to refresh disk information: sleep interrupted
2019-09-26 16:07:48,625 [main] INFO  utils.BackgroundService (BackgroundService.java:shutdown(148)) - Shutting down service BlockDeletingService
2019-09-26 16:07:48,625 [ForkJoinPool.commonPool-worker-1] INFO  utils.BackgroundService (BackgroundService.java:shutdown(148)) - Shutting down service BlockDeletingService
2019-09-26 16:07:48,630 [main] INFO  statemachine.DatanodeStateMachine (DatanodeStateMachine.java:stopDaemon(395)) - Ozone container server stopped.
2019-09-26 16:07:48,634 [ForkJoinPool.commonPool-worker-1] INFO  statemachine.DatanodeStateMachine (DatanodeStateMachine.java:stopDaemon(395)) - Ozone container server stopped.
2019-09-26 16:07:48,637 [main] INFO  handler.ContextHandler (ContextHandler.java:doStop(910)) - Stopped o.e.j.w.WebAppContext@2db2a05f{/,null,UNAVAILABLE}{/hddsDatanode}
2019-09-26 16:07:48,639 [ForkJoinPool.commonPool-worker-1] INFO  handler.ContextHandler (ContextHandler.java:doStop(910)) - Stopped o.e.j.w.WebAppContext@49a6f486{/,null,UNAVAILABLE}{/hddsDatanode}
2019-09-26 16:07:48,639 [main] INFO  server.AbstractConnector (AbstractConnector.java:doStop(318)) - Stopped ServerConnector@695c938d{HTTP/1.1,[http/1.1]}{0.0.0.0:0}
2019-09-26 16:07:48,640 [ForkJoinPool.commonPool-worker-1] INFO  server.AbstractConnector (AbstractConnector.java:doStop(318)) - Stopped ServerConnector@14fded9d{HTTP/1.1,[http/1.1]}{0.0.0.0:0}
2019-09-26 16:07:48,640 [main] INFO  handler.ContextHandler (ContextHandler.java:doStop(910)) - Stopped o.e.j.s.ServletContextHandler@3e36b7a0{/static,jar:file:/home/user/.m2/repository/org/apache/hadoop/hadoop-hdds-container-service/0.5.0-SNAPSHOT/hadoop-hdds-container-service-0.5.0-SNAPSHOT.jar!/webapps/static,UNAVAILABLE}
2019-09-26 16:07:48,642 [ForkJoinPool.commonPool-worker-1] INFO  handler.ContextHandler (ContextHandler.java:doStop(910)) - Stopped o.e.j.s.ServletContextHandler@6bfaa0a6{/static,jar:file:/home/user/.m2/repository/org/apache/hadoop/hadoop-hdds-container-service/0.5.0-SNAPSHOT/hadoop-hdds-container-service-0.5.0-SNAPSHOT.jar!/webapps/static,UNAVAILABLE}
2019-09-26 16:07:48,642 [main] INFO  handler.ContextHandler (ContextHandler.java:doStop(910)) - Stopped o.e.j.s.ServletContextHandler@49e4c2d5{/logs,file:///workdir/hadoop-ozone/integration-test/target/log,UNAVAILABLE}
2019-09-26 16:07:48,645 [ForkJoinPool.commonPool-worker-1] INFO  handler.ContextHandler (ContextHandler.java:doStop(910)) - Stopped o.e.j.s.ServletContextHandler@949c598{/logs,file:///workdir/hadoop-ozone/integration-test/target/log,UNAVAILABLE}
2019-09-26 16:07:48,784 [Datanode State Machine Thread - 0] INFO  statemachine.DatanodeStateMachine (DatanodeStateMachine.java:lambda$startDaemon$0(350)) - Ozone container server started.
2019-09-26 16:07:49,187 [Datanode State Machine Thread - 0] INFO  statemachine.DatanodeStateMachine (DatanodeStateMachine.java:lambda$startDaemon$0(350)) - Ozone container server started.
2019-09-26 16:07:50,459 [Thread-857] INFO  impl.FollowerState (FollowerState.java:run(106)) - 4eb0591e-003a-4cce-b16f-5b85711c4d0d:group-5DE6EF6651F4 changes to CANDIDATE, lastRpcTime:7510, electionTimeout:5131ms
2019-09-26 16:07:50,460 [Thread-857] INFO  impl.RoleInfo (RoleInfo.java:shutdownFollowerState(121)) - 4eb0591e-003a-4cce-b16f-5b85711c4d0d: shutdown FollowerState
2019-09-26 16:07:50,460 [Thread-857] INFO  impl.RaftServerImpl (RaftServerImpl.java:setRole(174)) - 4eb0591e-003a-4cce-b16f-5b85711c4d0d@group-5DE6EF6651F4: changes role from  FOLLOWER to CANDIDATE at term 3 for changeToCandidate
2019-09-26 16:07:50,460 [Thread-857] INFO  impl.RoleInfo (RoleInfo.java:updateAndGet(143)) - 4eb0591e-003a-4cce-b16f-5b85711c4d0d: start LeaderElection
2019-09-26 16:07:50,463 [4eb0591e-003a-4cce-b16f-5b85711c4d0d@group-5DE6EF6651F4:LeaderElection26] INFO  impl.RaftServerImpl (ServerState.java:setLeader(253)) - 4eb0591e-003a-4cce-b16f-5b85711c4d0d@group-5DE6EF6651F4: change Leader from 4114f39e-2137-4ef9-80cf-d1972135e71d to null at term 3 for initElection
2019-09-26 16:07:50,487 [4eb0591e-003a-4cce-b16f-5b85711c4d0d@group-5DE6EF6651F4:LeaderElection26] INFO  impl.LeaderElection (LeaderElection.java:askForVotes(182)) - 4eb0591e-003a-4cce-b16f-5b85711c4d0d@group-5DE6EF6651F4:LeaderElection26: begin an election at term 4 for 0: [4114f39e-2137-4ef9-80cf-d1972135e71d:192.168.157.234:44854, 308cfd6e-1ef3-4349-b86c-3560b39e7009:192.168.157.234:42268, 4eb0591e-003a-4cce-b16f-5b85711c4d0d:192.168.157.234:41570], old=null
2019-09-26 16:07:50,495 [4eb0591e-003a-4cce-b16f-5b85711c4d0d@group-5DE6EF6651F4:LeaderElection26] INFO  impl.LeaderElection (LogUtils.java:infoOrTrace(149)) - 4eb0591e-003a-4cce-b16f-5b85711c4d0d@group-5DE6EF6651F4:LeaderElection26 got exception when requesting votes: {}
java.util.concurrent.ExecutionException: org.apache.ratis.thirdparty.io.grpc.StatusRuntimeException: UNAVAILABLE: io exception
	at java.util.concurrent.FutureTask.report(FutureTask.java:122)
	at java.util.concurrent.FutureTask.get(FutureTask.java:192)
	at org.apache.ratis.server.impl.LeaderElection.waitForResults(LeaderElection.java:263)
	at org.apache.ratis.server.impl.LeaderElection.askForVotes(LeaderElection.java:201)
	at org.apache.ratis.server.impl.LeaderElection.run(LeaderElection.java:133)
	at java.lang.Thread.run(Thread.java:748)
Caused by: org.apache.ratis.thirdparty.io.grpc.StatusRuntimeException: UNAVAILABLE: io exception
	at org.apache.ratis.thirdparty.io.grpc.stub.ClientCalls.toStatusRuntimeException(ClientCalls.java:233)
	at org.apache.ratis.thirdparty.io.grpc.stub.ClientCalls.getUnchecked(ClientCalls.java:214)
	at org.apache.ratis.thirdparty.io.grpc.stub.ClientCalls.blockingUnaryCall(ClientCalls.java:139)
	at org.apache.ratis.proto.grpc.RaftServerProtocolServiceGrpc$RaftServerProtocolServiceBlockingStub.requestVote(RaftServerProtocolServiceGrpc.java:265)
	at org.apache.ratis.grpc.server.GrpcServerProtocolClient.requestVote(GrpcServerProtocolClient.java:90)
	at org.apache.ratis.grpc.server.GrpcService.requestVote(GrpcService.java:204)
	at org.apache.ratis.server.impl.LeaderElection.lambda$submitRequests$1(LeaderElection.java:238)
	at java.util.concurrent.FutureTask.run(FutureTask.java:266)
	at java.util.concurrent.Executors$RunnableAdapter.call(Executors.java:511)
	at java.util.concurrent.FutureTask.run(FutureTask.java:266)
	at java.util.concurrent.ThreadPoolExecutor.runWorker(ThreadPoolExecutor.java:1149)
	at java.util.concurrent.ThreadPoolExecutor$Worker.run(ThreadPoolExecutor.java:624)
	... 1 more
Caused by: org.apache.ratis.thirdparty.io.netty.channel.AbstractChannel$AnnotatedConnectException: Connection refused: /192.168.157.234:44854
	at sun.nio.ch.SocketChannelImpl.checkConnect(Native Method)
	at sun.nio.ch.SocketChannelImpl.finishConnect(SocketChannelImpl.java:717)
	at org.apache.ratis.thirdparty.io.netty.channel.socket.nio.NioSocketChannel.doFinishConnect(NioSocketChannel.java:327)
	at org.apache.ratis.thirdparty.io.netty.channel.nio.AbstractNioChannel$AbstractNioUnsafe.finishConnect(AbstractNioChannel.java:340)
	at org.apache.ratis.thirdparty.io.netty.channel.nio.NioEventLoop.processSelectedKey(NioEventLoop.java:632)
	at org.apache.ratis.thirdparty.io.netty.channel.nio.NioEventLoop.processSelectedKeysOptimized(NioEventLoop.java:579)
	at org.apache.ratis.thirdparty.io.netty.channel.nio.NioEventLoop.processSelectedKeys(NioEventLoop.java:496)
	at org.apache.ratis.thirdparty.io.netty.channel.nio.NioEventLoop.run(NioEventLoop.java:458)
	at org.apache.ratis.thirdparty.io.netty.util.concurrent.SingleThreadEventExecutor$5.run(SingleThreadEventExecutor.java:897)
	at org.apache.ratis.thirdparty.io.netty.util.concurrent.FastThreadLocalRunnable.run(FastThreadLocalRunnable.java:30)
	... 1 more
Caused by: java.net.ConnectException: Connection refused
	... 11 more
2019-09-26 16:07:50,497 [4eb0591e-003a-4cce-b16f-5b85711c4d0d@group-5DE6EF6651F4:LeaderElection26] INFO  impl.LeaderElection (LogUtils.java:infoOrTrace(149)) - 4eb0591e-003a-4cce-b16f-5b85711c4d0d@group-5DE6EF6651F4:LeaderElection26 got exception when requesting votes: {}
java.util.concurrent.ExecutionException: org.apache.ratis.thirdparty.io.grpc.StatusRuntimeException: UNAVAILABLE: io exception
	at java.util.concurrent.FutureTask.report(FutureTask.java:122)
	at java.util.concurrent.FutureTask.get(FutureTask.java:192)
	at org.apache.ratis.server.impl.LeaderElection.waitForResults(LeaderElection.java:263)
	at org.apache.ratis.server.impl.LeaderElection.askForVotes(LeaderElection.java:201)
	at org.apache.ratis.server.impl.LeaderElection.run(LeaderElection.java:133)
	at java.lang.Thread.run(Thread.java:748)
Caused by: org.apache.ratis.thirdparty.io.grpc.StatusRuntimeException: UNAVAILABLE: io exception
	at org.apache.ratis.thirdparty.io.grpc.stub.ClientCalls.toStatusRuntimeException(ClientCalls.java:233)
	at org.apache.ratis.thirdparty.io.grpc.stub.ClientCalls.getUnchecked(ClientCalls.java:214)
	at org.apache.ratis.thirdparty.io.grpc.stub.ClientCalls.blockingUnaryCall(ClientCalls.java:139)
	at org.apache.ratis.proto.grpc.RaftServerProtocolServiceGrpc$RaftServerProtocolServiceBlockingStub.requestVote(RaftServerProtocolServiceGrpc.java:265)
	at org.apache.ratis.grpc.server.GrpcServerProtocolClient.requestVote(GrpcServerProtocolClient.java:90)
	at org.apache.ratis.grpc.server.GrpcService.requestVote(GrpcService.java:204)
	at org.apache.ratis.server.impl.LeaderElection.lambda$submitRequests$1(LeaderElection.java:238)
	at java.util.concurrent.FutureTask.run(FutureTask.java:266)
	at java.util.concurrent.Executors$RunnableAdapter.call(Executors.java:511)
	at java.util.concurrent.FutureTask.run(FutureTask.java:266)
	at java.util.concurrent.ThreadPoolExecutor.runWorker(ThreadPoolExecutor.java:1149)
	at java.util.concurrent.ThreadPoolExecutor$Worker.run(ThreadPoolExecutor.java:624)
	... 1 more
Caused by: org.apache.ratis.thirdparty.io.netty.channel.AbstractChannel$AnnotatedConnectException: Connection refused: /192.168.157.234:42268
	at sun.nio.ch.SocketChannelImpl.checkConnect(Native Method)
	at sun.nio.ch.SocketChannelImpl.finishConnect(SocketChannelImpl.java:717)
	at org.apache.ratis.thirdparty.io.netty.channel.socket.nio.NioSocketChannel.doFinishConnect(NioSocketChannel.java:327)
	at org.apache.ratis.thirdparty.io.netty.channel.nio.AbstractNioChannel$AbstractNioUnsafe.finishConnect(AbstractNioChannel.java:340)
	at org.apache.ratis.thirdparty.io.netty.channel.nio.NioEventLoop.processSelectedKey(NioEventLoop.java:632)
	at org.apache.ratis.thirdparty.io.netty.channel.nio.NioEventLoop.processSelectedKeysOptimized(NioEventLoop.java:579)
	at org.apache.ratis.thirdparty.io.netty.channel.nio.NioEventLoop.processSelectedKeys(NioEventLoop.java:496)
	at org.apache.ratis.thirdparty.io.netty.channel.nio.NioEventLoop.run(NioEventLoop.java:458)
	at org.apache.ratis.thirdparty.io.netty.util.concurrent.SingleThreadEventExecutor$5.run(SingleThreadEventExecutor.java:897)
	at org.apache.ratis.thirdparty.io.netty.util.concurrent.FastThreadLocalRunnable.run(FastThreadLocalRunnable.java:30)
	... 1 more
Caused by: java.net.ConnectException: Connection refused
	... 11 more
2019-09-26 16:07:50,499 [4eb0591e-003a-4cce-b16f-5b85711c4d0d@group-5DE6EF6651F4:LeaderElection26] INFO  impl.LeaderElection (LeaderElection.java:logAndReturn(56)) - 4eb0591e-003a-4cce-b16f-5b85711c4d0d@group-5DE6EF6651F4:LeaderElection26: Election REJECTED; received 0 response(s) [] and 2 exception(s); 4eb0591e-003a-4cce-b16f-5b85711c4d0d@group-5DE6EF6651F4:t4, leader=null, voted=4eb0591e-003a-4cce-b16f-5b85711c4d0d, raftlog=4eb0591e-003a-4cce-b16f-5b85711c4d0d@group-5DE6EF6651F4-SegmentedRaftLog:OPENED:c0,f0,i0, conf=0: [4114f39e-2137-4ef9-80cf-d1972135e71d:192.168.157.234:44854, 308cfd6e-1ef3-4349-b86c-3560b39e7009:192.168.157.234:42268, 4eb0591e-003a-4cce-b16f-5b85711c4d0d:192.168.157.234:41570], old=null
2019-09-26 16:07:50,499 [4eb0591e-003a-4cce-b16f-5b85711c4d0d@group-5DE6EF6651F4:LeaderElection26] INFO  impl.LeaderElection (LogUtils.java:infoOrTrace(149)) -   Exception 0: {}
java.util.concurrent.ExecutionException: org.apache.ratis.thirdparty.io.grpc.StatusRuntimeException: UNAVAILABLE: io exception
	at java.util.concurrent.FutureTask.report(FutureTask.java:122)
	at java.util.concurrent.FutureTask.get(FutureTask.java:192)
	at org.apache.ratis.server.impl.LeaderElection.waitForResults(LeaderElection.java:263)
	at org.apache.ratis.server.impl.LeaderElection.askForVotes(LeaderElection.java:201)
	at org.apache.ratis.server.impl.LeaderElection.run(LeaderElection.java:133)
	at java.lang.Thread.run(Thread.java:748)
Caused by: org.apache.ratis.thirdparty.io.grpc.StatusRuntimeException: UNAVAILABLE: io exception
	at org.apache.ratis.thirdparty.io.grpc.stub.ClientCalls.toStatusRuntimeException(ClientCalls.java:233)
	at org.apache.ratis.thirdparty.io.grpc.stub.ClientCalls.getUnchecked(ClientCalls.java:214)
	at org.apache.ratis.thirdparty.io.grpc.stub.ClientCalls.blockingUnaryCall(ClientCalls.java:139)
	at org.apache.ratis.proto.grpc.RaftServerProtocolServiceGrpc$RaftServerProtocolServiceBlockingStub.requestVote(RaftServerProtocolServiceGrpc.java:265)
	at org.apache.ratis.grpc.server.GrpcServerProtocolClient.requestVote(GrpcServerProtocolClient.java:90)
	at org.apache.ratis.grpc.server.GrpcService.requestVote(GrpcService.java:204)
	at org.apache.ratis.server.impl.LeaderElection.lambda$submitRequests$1(LeaderElection.java:238)
	at java.util.concurrent.FutureTask.run(FutureTask.java:266)
	at java.util.concurrent.Executors$RunnableAdapter.call(Executors.java:511)
	at java.util.concurrent.FutureTask.run(FutureTask.java:266)
	at java.util.concurrent.ThreadPoolExecutor.runWorker(ThreadPoolExecutor.java:1149)
	at java.util.concurrent.ThreadPoolExecutor$Worker.run(ThreadPoolExecutor.java:624)
	... 1 more
Caused by: org.apache.ratis.thirdparty.io.netty.channel.AbstractChannel$AnnotatedConnectException: Connection refused: /192.168.157.234:44854
	at sun.nio.ch.SocketChannelImpl.checkConnect(Native Method)
	at sun.nio.ch.SocketChannelImpl.finishConnect(SocketChannelImpl.java:717)
	at org.apache.ratis.thirdparty.io.netty.channel.socket.nio.NioSocketChannel.doFinishConnect(NioSocketChannel.java:327)
	at org.apache.ratis.thirdparty.io.netty.channel.nio.AbstractNioChannel$AbstractNioUnsafe.finishConnect(AbstractNioChannel.java:340)
	at org.apache.ratis.thirdparty.io.netty.channel.nio.NioEventLoop.processSelectedKey(NioEventLoop.java:632)
	at org.apache.ratis.thirdparty.io.netty.channel.nio.NioEventLoop.processSelectedKeysOptimized(NioEventLoop.java:579)
	at org.apache.ratis.thirdparty.io.netty.channel.nio.NioEventLoop.processSelectedKeys(NioEventLoop.java:496)
	at org.apache.ratis.thirdparty.io.netty.channel.nio.NioEventLoop.run(NioEventLoop.java:458)
	at org.apache.ratis.thirdparty.io.netty.util.concurrent.SingleThreadEventExecutor$5.run(SingleThreadEventExecutor.java:897)
	at org.apache.ratis.thirdparty.io.netty.util.concurrent.FastThreadLocalRunnable.run(FastThreadLocalRunnable.java:30)
	... 1 more
Caused by: java.net.ConnectException: Connection refused
	... 11 more
2019-09-26 16:07:50,499 [4eb0591e-003a-4cce-b16f-5b85711c4d0d@group-5DE6EF6651F4:LeaderElection26] INFO  impl.LeaderElection (LogUtils.java:infoOrTrace(149)) -   Exception 1: {}
java.util.concurrent.ExecutionException: org.apache.ratis.thirdparty.io.grpc.StatusRuntimeException: UNAVAILABLE: io exception
	at java.util.concurrent.FutureTask.report(FutureTask.java:122)
	at java.util.concurrent.FutureTask.get(FutureTask.java:192)
	at org.apache.ratis.server.impl.LeaderElection.waitForResults(LeaderElection.java:263)
	at org.apache.ratis.server.impl.LeaderElection.askForVotes(LeaderElection.java:201)
	at org.apache.ratis.server.impl.LeaderElection.run(LeaderElection.java:133)
	at java.lang.Thread.run(Thread.java:748)
Caused by: org.apache.ratis.thirdparty.io.grpc.StatusRuntimeException: UNAVAILABLE: io exception
	at org.apache.ratis.thirdparty.io.grpc.stub.ClientCalls.toStatusRuntimeException(ClientCalls.java:233)
	at org.apache.ratis.thirdparty.io.grpc.stub.ClientCalls.getUnchecked(ClientCalls.java:214)
	at org.apache.ratis.thirdparty.io.grpc.stub.ClientCalls.blockingUnaryCall(ClientCalls.java:139)
	at org.apache.ratis.proto.grpc.RaftServerProtocolServiceGrpc$RaftServerProtocolServiceBlockingStub.requestVote(RaftServerProtocolServiceGrpc.java:265)
	at org.apache.ratis.grpc.server.GrpcServerProtocolClient.requestVote(GrpcServerProtocolClient.java:90)
	at org.apache.ratis.grpc.server.GrpcService.requestVote(GrpcService.java:204)
	at org.apache.ratis.server.impl.LeaderElection.lambda$submitRequests$1(LeaderElection.java:238)
	at java.util.concurrent.FutureTask.run(FutureTask.java:266)
	at java.util.concurrent.Executors$RunnableAdapter.call(Executors.java:511)
	at java.util.concurrent.FutureTask.run(FutureTask.java:266)
	at java.util.concurrent.ThreadPoolExecutor.runWorker(ThreadPoolExecutor.java:1149)
	at java.util.concurrent.ThreadPoolExecutor$Worker.run(ThreadPoolExecutor.java:624)
	... 1 more
Caused by: org.apache.ratis.thirdparty.io.netty.channel.AbstractChannel$AnnotatedConnectException: Connection refused: /192.168.157.234:42268
	at sun.nio.ch.SocketChannelImpl.checkConnect(Native Method)
	at sun.nio.ch.SocketChannelImpl.finishConnect(SocketChannelImpl.java:717)
	at org.apache.ratis.thirdparty.io.netty.channel.socket.nio.NioSocketChannel.doFinishConnect(NioSocketChannel.java:327)
	at org.apache.ratis.thirdparty.io.netty.channel.nio.AbstractNioChannel$AbstractNioUnsafe.finishConnect(AbstractNioChannel.java:340)
	at org.apache.ratis.thirdparty.io.netty.channel.nio.NioEventLoop.processSelectedKey(NioEventLoop.java:632)
	at org.apache.ratis.thirdparty.io.netty.channel.nio.NioEventLoop.processSelectedKeysOptimized(NioEventLoop.java:579)
	at org.apache.ratis.thirdparty.io.netty.channel.nio.NioEventLoop.processSelectedKeys(NioEventLoop.java:496)
	at org.apache.ratis.thirdparty.io.netty.channel.nio.NioEventLoop.run(NioEventLoop.java:458)
	at org.apache.ratis.thirdparty.io.netty.util.concurrent.SingleThreadEventExecutor$5.run(SingleThreadEventExecutor.java:897)
	at org.apache.ratis.thirdparty.io.netty.util.concurrent.FastThreadLocalRunnable.run(FastThreadLocalRunnable.java:30)
	... 1 more
Caused by: java.net.ConnectException: Connection refused
	... 11 more
2019-09-26 16:07:50,500 [4eb0591e-003a-4cce-b16f-5b85711c4d0d@group-5DE6EF6651F4:LeaderElection26] INFO  impl.RaftServerImpl (RaftServerImpl.java:setRole(174)) - 4eb0591e-003a-4cce-b16f-5b85711c4d0d@group-5DE6EF6651F4: changes role from CANDIDATE to FOLLOWER at term 4 for DISCOVERED_A_NEW_TERM
2019-09-26 16:07:50,501 [4eb0591e-003a-4cce-b16f-5b85711c4d0d@group-5DE6EF6651F4:LeaderElection26] INFO  impl.RoleInfo (RoleInfo.java:shutdownLeaderElection(134)) - 4eb0591e-003a-4cce-b16f-5b85711c4d0d: shutdown LeaderElection
2019-09-26 16:07:50,502 [4eb0591e-003a-4cce-b16f-5b85711c4d0d@group-5DE6EF6651F4:LeaderElection26] INFO  impl.RoleInfo (RoleInfo.java:updateAndGet(143)) - 4eb0591e-003a-4cce-b16f-5b85711c4d0d: start FollowerState
2019-09-26 16:07:53,647 [ForkJoinPool.commonPool-worker-1] INFO  ozoneimpl.OzoneContainer (OzoneContainer.java:stop(231)) - Attempting to stop container services.
2019-09-26 16:07:53,647 [main] INFO  ozoneimpl.OzoneContainer (OzoneContainer.java:stop(231)) - Attempting to stop container services.
2019-09-26 16:07:53,650 [ForkJoinPool.commonPool-worker-1] INFO  impl.RaftServerProxy (RaftServerProxy.java:lambda$close$4(314)) - f1b22ec7-1217-442a-a6e0-7f0124023303: close
2019-09-26 16:07:53,650 [ForkJoinPool.commonPool-worker-1] INFO  impl.RaftServerImpl (RaftServerImpl.java:lambda$shutdown$3(251)) - f1b22ec7-1217-442a-a6e0-7f0124023303@group-619C31D50264: shutdown
2019-09-26 16:07:53,650 [main] INFO  impl.RaftServerProxy (RaftServerProxy.java:lambda$close$4(314)) - 4eb0591e-003a-4cce-b16f-5b85711c4d0d: close
2019-09-26 16:07:53,651 [ForkJoinPool.commonPool-worker-1] INFO  util.JmxRegister (JmxRegister.java:unregister(73)) - Successfully un-registered JMX Bean with object name Ratis:service=RaftServer,group=group-619C31D50264,id=f1b22ec7-1217-442a-a6e0-7f0124023303
2019-09-26 16:07:53,651 [main] INFO  impl.RaftServerImpl (RaftServerImpl.java:lambda$shutdown$3(251)) - 4eb0591e-003a-4cce-b16f-5b85711c4d0d@group-5DE6EF6651F4: shutdown
2019-09-26 16:07:53,651 [ForkJoinPool.commonPool-worker-1] INFO  impl.RoleInfo (RoleInfo.java:shutdownFollowerState(121)) - f1b22ec7-1217-442a-a6e0-7f0124023303: shutdown FollowerState
2019-09-26 16:07:53,652 [main] INFO  util.JmxRegister (JmxRegister.java:unregister(73)) - Successfully un-registered JMX Bean with object name Ratis:service=RaftServer,group=group-5DE6EF6651F4,id=4eb0591e-003a-4cce-b16f-5b85711c4d0d
2019-09-26 16:07:53,653 [main] INFO  impl.RoleInfo (RoleInfo.java:shutdownFollowerState(121)) - 4eb0591e-003a-4cce-b16f-5b85711c4d0d: shutdown FollowerState
2019-09-26 16:07:53,652 [Thread-838] INFO  impl.FollowerState (FollowerState.java:run(115)) - f1b22ec7-1217-442a-a6e0-7f0124023303: FollowerState was interrupted: java.lang.InterruptedException: sleep interrupted
2019-09-26 16:07:53,652 [ForkJoinPool.commonPool-worker-1] INFO  impl.StateMachineUpdater (StateMachineUpdater.java:stopAndJoin(125)) - f1b22ec7-1217-442a-a6e0-7f0124023303@group-619C31D50264-StateMachineUpdater: set stopIndex = 0
2019-09-26 16:07:53,653 [Thread-1067] INFO  impl.FollowerState (FollowerState.java:run(115)) - 4eb0591e-003a-4cce-b16f-5b85711c4d0d: FollowerState was interrupted: java.lang.InterruptedException: sleep interrupted
2019-09-26 16:07:53,653 [main] INFO  impl.StateMachineUpdater (StateMachineUpdater.java:stopAndJoin(125)) - 4eb0591e-003a-4cce-b16f-5b85711c4d0d@group-5DE6EF6651F4-StateMachineUpdater: set stopIndex = 0
2019-09-26 16:07:53,656 [ForkJoinPool.commonPool-worker-1] INFO  impl.RaftServerImpl (ServerState.java:close(385)) - f1b22ec7-1217-442a-a6e0-7f0124023303@group-619C31D50264: closes. applyIndex: 0
2019-09-26 16:07:53,658 [main] INFO  impl.RaftServerImpl (ServerState.java:close(385)) - 4eb0591e-003a-4cce-b16f-5b85711c4d0d@group-5DE6EF6651F4: closes. applyIndex: 0
2019-09-26 16:07:53,659 [f1b22ec7-1217-442a-a6e0-7f0124023303@group-619C31D50264-SegmentedRaftLogWorker] INFO  segmented.SegmentedRaftLogWorker (SegmentedRaftLogWorker.java:run(313)) - f1b22ec7-1217-442a-a6e0-7f0124023303@group-619C31D50264-SegmentedRaftLogWorker was interrupted, exiting. There are 0 tasks remaining in the queue.
2019-09-26 16:07:53,659 [4eb0591e-003a-4cce-b16f-5b85711c4d0d@group-5DE6EF6651F4-SegmentedRaftLogWorker] INFO  segmented.SegmentedRaftLogWorker (SegmentedRaftLogWorker.java:run(313)) - 4eb0591e-003a-4cce-b16f-5b85711c4d0d@group-5DE6EF6651F4-SegmentedRaftLogWorker was interrupted, exiting. There are 0 tasks remaining in the queue.
2019-09-26 16:07:53,661 [ForkJoinPool.commonPool-worker-1] INFO  segmented.SegmentedRaftLogWorker (SegmentedRaftLogWorker.java:close(228)) - f1b22ec7-1217-442a-a6e0-7f0124023303@group-619C31D50264-SegmentedRaftLogWorker close()
2019-09-26 16:07:53,662 [main] INFO  segmented.SegmentedRaftLogWorker (SegmentedRaftLogWorker.java:close(228)) - 4eb0591e-003a-4cce-b16f-5b85711c4d0d@group-5DE6EF6651F4-SegmentedRaftLogWorker close()
2019-09-26 16:07:53,663 [ForkJoinPool.commonPool-worker-1] INFO  impl.RaftServerImpl (RaftServerImpl.java:lambda$shutdown$3(251)) - f1b22ec7-1217-442a-a6e0-7f0124023303@group-6AFA2E7D9180: shutdown
2019-09-26 16:07:53,664 [main] INFO  impl.RaftServerImpl (RaftServerImpl.java:lambda$shutdown$3(251)) - 4eb0591e-003a-4cce-b16f-5b85711c4d0d@group-87F3408112C2: shutdown
2019-09-26 16:07:53,665 [ForkJoinPool.commonPool-worker-1] INFO  util.JmxRegister (JmxRegister.java:unregister(73)) - Successfully un-registered JMX Bean with object name Ratis:service=RaftServer,group=group-6AFA2E7D9180,id=f1b22ec7-1217-442a-a6e0-7f0124023303
2019-09-26 16:07:53,665 [main] INFO  util.JmxRegister (JmxRegister.java:unregister(73)) - Successfully un-registered JMX Bean with object name Ratis:service=RaftServer,group=group-87F3408112C2,id=4eb0591e-003a-4cce-b16f-5b85711c4d0d
2019-09-26 16:07:53,666 [main] INFO  impl.RoleInfo (RoleInfo.java:shutdownLeaderState(104)) - 4eb0591e-003a-4cce-b16f-5b85711c4d0d: shutdown LeaderState
2019-09-26 16:07:53,665 [ForkJoinPool.commonPool-worker-1] INFO  impl.RoleInfo (RoleInfo.java:shutdownLeaderState(104)) - f1b22ec7-1217-442a-a6e0-7f0124023303: shutdown LeaderState
2019-09-26 16:07:53,666 [main] INFO  impl.PendingRequests (PendingRequests.java:sendNotLeaderResponses(202)) - 4eb0591e-003a-4cce-b16f-5b85711c4d0d-PendingRequests: sendNotLeaderResponses
2019-09-26 16:07:53,666 [ForkJoinPool.commonPool-worker-1] INFO  impl.PendingRequests (PendingRequests.java:sendNotLeaderResponses(202)) - f1b22ec7-1217-442a-a6e0-7f0124023303-PendingRequests: sendNotLeaderResponses
2019-09-26 16:07:53,667 [main] INFO  impl.StateMachineUpdater (StateMachineUpdater.java:stopAndJoin(125)) - 4eb0591e-003a-4cce-b16f-5b85711c4d0d@group-87F3408112C2-StateMachineUpdater: set stopIndex = 0
2019-09-26 16:07:53,667 [ForkJoinPool.commonPool-worker-1] INFO  impl.StateMachineUpdater (StateMachineUpdater.java:stopAndJoin(125)) - f1b22ec7-1217-442a-a6e0-7f0124023303@group-6AFA2E7D9180-StateMachineUpdater: set stopIndex = 0
2019-09-26 16:07:53,668 [main] INFO  impl.RaftServerImpl (ServerState.java:close(385)) - 4eb0591e-003a-4cce-b16f-5b85711c4d0d@group-87F3408112C2: closes. applyIndex: 0
2019-09-26 16:07:53,668 [ForkJoinPool.commonPool-worker-1] INFO  impl.RaftServerImpl (ServerState.java:close(385)) - f1b22ec7-1217-442a-a6e0-7f0124023303@group-6AFA2E7D9180: closes. applyIndex: 0
2019-09-26 16:07:53,668 [4eb0591e-003a-4cce-b16f-5b85711c4d0d@group-87F3408112C2-SegmentedRaftLogWorker] INFO  segmented.SegmentedRaftLogWorker (SegmentedRaftLogWorker.java:run(313)) - 4eb0591e-003a-4cce-b16f-5b85711c4d0d@group-87F3408112C2-SegmentedRaftLogWorker was interrupted, exiting. There are 0 tasks remaining in the queue.
2019-09-26 16:07:53,669 [f1b22ec7-1217-442a-a6e0-7f0124023303@group-6AFA2E7D9180-SegmentedRaftLogWorker] INFO  segmented.SegmentedRaftLogWorker (SegmentedRaftLogWorker.java:run(313)) - f1b22ec7-1217-442a-a6e0-7f0124023303@group-6AFA2E7D9180-SegmentedRaftLogWorker was interrupted, exiting. There are 0 tasks remaining in the queue.
2019-09-26 16:07:53,670 [main] INFO  segmented.SegmentedRaftLogWorker (SegmentedRaftLogWorker.java:close(228)) - 4eb0591e-003a-4cce-b16f-5b85711c4d0d@group-87F3408112C2-SegmentedRaftLogWorker close()
2019-09-26 16:07:53,675 [ForkJoinPool.commonPool-worker-1] INFO  segmented.SegmentedRaftLogWorker (SegmentedRaftLogWorker.java:close(228)) - f1b22ec7-1217-442a-a6e0-7f0124023303@group-6AFA2E7D9180-SegmentedRaftLogWorker close()
2019-09-26 16:07:53,676 [main] INFO  server.GrpcService (GrpcService.java:closeImpl(164)) - 4eb0591e-003a-4cce-b16f-5b85711c4d0d: shutdown server with port 41570 now
2019-09-26 16:07:53,676 [ForkJoinPool.commonPool-worker-1] INFO  server.GrpcService (GrpcService.java:closeImpl(164)) - f1b22ec7-1217-442a-a6e0-7f0124023303: shutdown server with port 42096 now
2019-09-26 16:07:53,678 [ForkJoinPool.commonPool-worker-1] INFO  server.GrpcService (GrpcService.java:closeImpl(172)) - f1b22ec7-1217-442a-a6e0-7f0124023303: shutdown server with port 42096 successfully
2019-09-26 16:07:53,679 [main] INFO  server.GrpcService (GrpcService.java:closeImpl(172)) - 4eb0591e-003a-4cce-b16f-5b85711c4d0d: shutdown server with port 41570 successfully
2019-09-26 16:07:53,684 [refreshUsed-/workdir/hadoop-ozone/integration-test/target/test-dir/MiniOzoneClusterImpl-af67ac00-e673-4dc0-88ca-7b49334fe824/datanode-6/data/containers] WARN  fs.CachingGetSpaceUsed (CachingGetSpaceUsed.java:run(183)) - Thread Interrupted waiting to refresh disk information: sleep interrupted
2019-09-26 16:07:53,689 [refreshUsed-/workdir/hadoop-ozone/integration-test/target/test-dir/MiniOzoneClusterImpl-af67ac00-e673-4dc0-88ca-7b49334fe824/datanode-0/data/containers] WARN  fs.CachingGetSpaceUsed (CachingGetSpaceUsed.java:run(183)) - Thread Interrupted waiting to refresh disk information: sleep interrupted
2019-09-26 16:07:53,701 [ForkJoinPool.commonPool-worker-1] INFO  utils.BackgroundService (BackgroundService.java:shutdown(148)) - Shutting down service BlockDeletingService
2019-09-26 16:07:53,701 [main] INFO  utils.BackgroundService (BackgroundService.java:shutdown(148)) - Shutting down service BlockDeletingService
2019-09-26 16:07:53,704 [ForkJoinPool.commonPool-worker-1] INFO  statemachine.DatanodeStateMachine (DatanodeStateMachine.java:stopDaemon(395)) - Ozone container server stopped.
2019-09-26 16:07:53,708 [main] INFO  statemachine.DatanodeStateMachine (DatanodeStateMachine.java:stopDaemon(395)) - Ozone container server stopped.
2019-09-26 16:07:53,709 [ForkJoinPool.commonPool-worker-1] INFO  handler.ContextHandler (ContextHandler.java:doStop(910)) - Stopped o.e.j.w.WebAppContext@7650ded6{/,null,UNAVAILABLE}{/hddsDatanode}
2019-09-26 16:07:53,710 [main] INFO  handler.ContextHandler (ContextHandler.java:doStop(910)) - Stopped o.e.j.w.WebAppContext@46911148{/,null,UNAVAILABLE}{/hddsDatanode}
2019-09-26 16:07:53,710 [ForkJoinPool.commonPool-worker-1] INFO  server.AbstractConnector (AbstractConnector.java:doStop(318)) - Stopped ServerConnector@5034f5dd{HTTP/1.1,[http/1.1]}{0.0.0.0:0}
2019-09-26 16:07:53,711 [ForkJoinPool.commonPool-worker-1] INFO  handler.ContextHandler (ContextHandler.java:doStop(910)) - Stopped o.e.j.s.ServletContextHandler@751ae8a4{/static,jar:file:/home/user/.m2/repository/org/apache/hadoop/hadoop-hdds-container-service/0.5.0-SNAPSHOT/hadoop-hdds-container-service-0.5.0-SNAPSHOT.jar!/webapps/static,UNAVAILABLE}
2019-09-26 16:07:53,712 [main] INFO  server.AbstractConnector (AbstractConnector.java:doStop(318)) - Stopped ServerConnector@2db1b657{HTTP/1.1,[http/1.1]}{0.0.0.0:0}
2019-09-26 16:07:53,713 [ForkJoinPool.commonPool-worker-1] INFO  handler.ContextHandler (ContextHandler.java:doStop(910)) - Stopped o.e.j.s.ServletContextHandler@2b2954e1{/logs,file:///workdir/hadoop-ozone/integration-test/target/log,UNAVAILABLE}
2019-09-26 16:07:53,713 [main] INFO  handler.ContextHandler (ContextHandler.java:doStop(910)) - Stopped o.e.j.s.ServletContextHandler@4d9754a8{/static,jar:file:/home/user/.m2/repository/org/apache/hadoop/hadoop-hdds-container-service/0.5.0-SNAPSHOT/hadoop-hdds-container-service-0.5.0-SNAPSHOT.jar!/webapps/static,UNAVAILABLE}
2019-09-26 16:07:53,714 [main] INFO  handler.ContextHandler (ContextHandler.java:doStop(910)) - Stopped o.e.j.s.ServletContextHandler@58af5076{/logs,file:///workdir/hadoop-ozone/integration-test/target/log,UNAVAILABLE}
2019-09-26 16:07:54,116 [Datanode State Machine Thread - 0] INFO  statemachine.DatanodeStateMachine (DatanodeStateMachine.java:lambda$startDaemon$0(350)) - Ozone container server started.
2019-09-26 16:07:55,030 [Thread-837] INFO  impl.FollowerState (FollowerState.java:run(106)) - 8214dcd7-9039-498f-bb6d-268e472c0f13:group-619C31D50264 changes to CANDIDATE, lastRpcTime:7058, electionTimeout:5147ms
2019-09-26 16:07:55,031 [Thread-837] INFO  impl.RoleInfo (RoleInfo.java:shutdownFollowerState(121)) - 8214dcd7-9039-498f-bb6d-268e472c0f13: shutdown FollowerState
2019-09-26 16:07:55,031 [Thread-837] INFO  impl.RaftServerImpl (RaftServerImpl.java:setRole(174)) - 8214dcd7-9039-498f-bb6d-268e472c0f13@group-619C31D50264: changes role from  FOLLOWER to CANDIDATE at term 1 for changeToCandidate
2019-09-26 16:07:55,031 [Thread-837] INFO  impl.RoleInfo (RoleInfo.java:updateAndGet(143)) - 8214dcd7-9039-498f-bb6d-268e472c0f13: start LeaderElection
2019-09-26 16:07:55,033 [8214dcd7-9039-498f-bb6d-268e472c0f13@group-619C31D50264:LeaderElection27] INFO  impl.RaftServerImpl (ServerState.java:setLeader(253)) - 8214dcd7-9039-498f-bb6d-268e472c0f13@group-619C31D50264: change Leader from eceeeb53-0a64-40d1-8165-8060b1e5e631 to null at term 1 for initElection
2019-09-26 16:07:55,059 [8214dcd7-9039-498f-bb6d-268e472c0f13@group-619C31D50264:LeaderElection27] INFO  impl.LeaderElection (LeaderElection.java:askForVotes(182)) - 8214dcd7-9039-498f-bb6d-268e472c0f13@group-619C31D50264:LeaderElection27: begin an election at term 2 for 0: [f1b22ec7-1217-442a-a6e0-7f0124023303:192.168.157.234:42096, 8214dcd7-9039-498f-bb6d-268e472c0f13:192.168.157.234:37160, eceeeb53-0a64-40d1-8165-8060b1e5e631:192.168.157.234:41381], old=null
2019-09-26 16:07:55,065 [8214dcd7-9039-498f-bb6d-268e472c0f13@group-619C31D50264:LeaderElection27] INFO  impl.LeaderElection (LogUtils.java:infoOrTrace(149)) - 8214dcd7-9039-498f-bb6d-268e472c0f13@group-619C31D50264:LeaderElection27 got exception when requesting votes: {}
java.util.concurrent.ExecutionException: org.apache.ratis.thirdparty.io.grpc.StatusRuntimeException: UNAVAILABLE: io exception
	at java.util.concurrent.FutureTask.report(FutureTask.java:122)
	at java.util.concurrent.FutureTask.get(FutureTask.java:192)
	at org.apache.ratis.server.impl.LeaderElection.waitForResults(LeaderElection.java:263)
	at org.apache.ratis.server.impl.LeaderElection.askForVotes(LeaderElection.java:201)
	at org.apache.ratis.server.impl.LeaderElection.run(LeaderElection.java:133)
	at java.lang.Thread.run(Thread.java:748)
Caused by: org.apache.ratis.thirdparty.io.grpc.StatusRuntimeException: UNAVAILABLE: io exception
	at org.apache.ratis.thirdparty.io.grpc.stub.ClientCalls.toStatusRuntimeException(ClientCalls.java:233)
	at org.apache.ratis.thirdparty.io.grpc.stub.ClientCalls.getUnchecked(ClientCalls.java:214)
	at org.apache.ratis.thirdparty.io.grpc.stub.ClientCalls.blockingUnaryCall(ClientCalls.java:139)
	at org.apache.ratis.proto.grpc.RaftServerProtocolServiceGrpc$RaftServerProtocolServiceBlockingStub.requestVote(RaftServerProtocolServiceGrpc.java:265)
	at org.apache.ratis.grpc.server.GrpcServerProtocolClient.requestVote(GrpcServerProtocolClient.java:90)
	at org.apache.ratis.grpc.server.GrpcService.requestVote(GrpcService.java:204)
	at org.apache.ratis.server.impl.LeaderElection.lambda$submitRequests$1(LeaderElection.java:238)
	at java.util.concurrent.FutureTask.run(FutureTask.java:266)
	at java.util.concurrent.Executors$RunnableAdapter.call(Executors.java:511)
	at java.util.concurrent.FutureTask.run(FutureTask.java:266)
	at java.util.concurrent.ThreadPoolExecutor.runWorker(ThreadPoolExecutor.java:1149)
	at java.util.concurrent.ThreadPoolExecutor$Worker.run(ThreadPoolExecutor.java:624)
	... 1 more
Caused by: org.apache.ratis.thirdparty.io.netty.channel.AbstractChannel$AnnotatedConnectException: Connection refused: /192.168.157.234:42096
	at sun.nio.ch.SocketChannelImpl.checkConnect(Native Method)
	at sun.nio.ch.SocketChannelImpl.finishConnect(SocketChannelImpl.java:717)
	at org.apache.ratis.thirdparty.io.netty.channel.socket.nio.NioSocketChannel.doFinishConnect(NioSocketChannel.java:327)
	at org.apache.ratis.thirdparty.io.netty.channel.nio.AbstractNioChannel$AbstractNioUnsafe.finishConnect(AbstractNioChannel.java:340)
	at org.apache.ratis.thirdparty.io.netty.channel.nio.NioEventLoop.processSelectedKey(NioEventLoop.java:632)
	at org.apache.ratis.thirdparty.io.netty.channel.nio.NioEventLoop.processSelectedKeysOptimized(NioEventLoop.java:579)
	at org.apache.ratis.thirdparty.io.netty.channel.nio.NioEventLoop.processSelectedKeys(NioEventLoop.java:496)
	at org.apache.ratis.thirdparty.io.netty.channel.nio.NioEventLoop.run(NioEventLoop.java:458)
	at org.apache.ratis.thirdparty.io.netty.util.concurrent.SingleThreadEventExecutor$5.run(SingleThreadEventExecutor.java:897)
	at org.apache.ratis.thirdparty.io.netty.util.concurrent.FastThreadLocalRunnable.run(FastThreadLocalRunnable.java:30)
	... 1 more
Caused by: java.net.ConnectException: Connection refused
	... 11 more
2019-09-26 16:07:55,067 [8214dcd7-9039-498f-bb6d-268e472c0f13@group-619C31D50264:LeaderElection27] INFO  impl.LeaderElection (LogUtils.java:infoOrTrace(149)) - 8214dcd7-9039-498f-bb6d-268e472c0f13@group-619C31D50264:LeaderElection27 got exception when requesting votes: {}
java.util.concurrent.ExecutionException: org.apache.ratis.thirdparty.io.grpc.StatusRuntimeException: UNAVAILABLE: io exception
	at java.util.concurrent.FutureTask.report(FutureTask.java:122)
	at java.util.concurrent.FutureTask.get(FutureTask.java:192)
	at org.apache.ratis.server.impl.LeaderElection.waitForResults(LeaderElection.java:263)
	at org.apache.ratis.server.impl.LeaderElection.askForVotes(LeaderElection.java:201)
	at org.apache.ratis.server.impl.LeaderElection.run(LeaderElection.java:133)
	at java.lang.Thread.run(Thread.java:748)
Caused by: org.apache.ratis.thirdparty.io.grpc.StatusRuntimeException: UNAVAILABLE: io exception
	at org.apache.ratis.thirdparty.io.grpc.stub.ClientCalls.toStatusRuntimeException(ClientCalls.java:233)
	at org.apache.ratis.thirdparty.io.grpc.stub.ClientCalls.getUnchecked(ClientCalls.java:214)
	at org.apache.ratis.thirdparty.io.grpc.stub.ClientCalls.blockingUnaryCall(ClientCalls.java:139)
	at org.apache.ratis.proto.grpc.RaftServerProtocolServiceGrpc$RaftServerProtocolServiceBlockingStub.requestVote(RaftServerProtocolServiceGrpc.java:265)
	at org.apache.ratis.grpc.server.GrpcServerProtocolClient.requestVote(GrpcServerProtocolClient.java:90)
	at org.apache.ratis.grpc.server.GrpcService.requestVote(GrpcService.java:204)
	at org.apache.ratis.server.impl.LeaderElection.lambda$submitRequests$1(LeaderElection.java:238)
	at java.util.concurrent.FutureTask.run(FutureTask.java:266)
	at java.util.concurrent.Executors$RunnableAdapter.call(Executors.java:511)
	at java.util.concurrent.FutureTask.run(FutureTask.java:266)
	at java.util.concurrent.ThreadPoolExecutor.runWorker(ThreadPoolExecutor.java:1149)
	at java.util.concurrent.ThreadPoolExecutor$Worker.run(ThreadPoolExecutor.java:624)
	... 1 more
Caused by: org.apache.ratis.thirdparty.io.netty.channel.AbstractChannel$AnnotatedConnectException: Connection refused: /192.168.157.234:41381
	at sun.nio.ch.SocketChannelImpl.checkConnect(Native Method)
	at sun.nio.ch.SocketChannelImpl.finishConnect(SocketChannelImpl.java:717)
	at org.apache.ratis.thirdparty.io.netty.channel.socket.nio.NioSocketChannel.doFinishConnect(NioSocketChannel.java:327)
	at org.apache.ratis.thirdparty.io.netty.channel.nio.AbstractNioChannel$AbstractNioUnsafe.finishConnect(AbstractNioChannel.java:340)
	at org.apache.ratis.thirdparty.io.netty.channel.nio.NioEventLoop.processSelectedKey(NioEventLoop.java:632)
	at org.apache.ratis.thirdparty.io.netty.channel.nio.NioEventLoop.processSelectedKeysOptimized(NioEventLoop.java:579)
	at org.apache.ratis.thirdparty.io.netty.channel.nio.NioEventLoop.processSelectedKeys(NioEventLoop.java:496)
	at org.apache.ratis.thirdparty.io.netty.channel.nio.NioEventLoop.run(NioEventLoop.java:458)
	at org.apache.ratis.thirdparty.io.netty.util.concurrent.SingleThreadEventExecutor$5.run(SingleThreadEventExecutor.java:897)
	at org.apache.ratis.thirdparty.io.netty.util.concurrent.FastThreadLocalRunnable.run(FastThreadLocalRunnable.java:30)
	... 1 more
Caused by: java.net.ConnectException: Connection refused
	... 11 more
2019-09-26 16:07:55,068 [8214dcd7-9039-498f-bb6d-268e472c0f13@group-619C31D50264:LeaderElection27] INFO  impl.LeaderElection (LeaderElection.java:logAndReturn(56)) - 8214dcd7-9039-498f-bb6d-268e472c0f13@group-619C31D50264:LeaderElection27: Election REJECTED; received 0 response(s) [] and 2 exception(s); 8214dcd7-9039-498f-bb6d-268e472c0f13@group-619C31D50264:t2, leader=null, voted=8214dcd7-9039-498f-bb6d-268e472c0f13, raftlog=8214dcd7-9039-498f-bb6d-268e472c0f13@group-619C31D50264-SegmentedRaftLog:OPENED:c0,f0,i0, conf=0: [f1b22ec7-1217-442a-a6e0-7f0124023303:192.168.157.234:42096, 8214dcd7-9039-498f-bb6d-268e472c0f13:192.168.157.234:37160, eceeeb53-0a64-40d1-8165-8060b1e5e631:192.168.157.234:41381], old=null
2019-09-26 16:07:55,068 [8214dcd7-9039-498f-bb6d-268e472c0f13@group-619C31D50264:LeaderElection27] INFO  impl.LeaderElection (LogUtils.java:infoOrTrace(149)) -   Exception 0: {}
java.util.concurrent.ExecutionException: org.apache.ratis.thirdparty.io.grpc.StatusRuntimeException: UNAVAILABLE: io exception
	at java.util.concurrent.FutureTask.report(FutureTask.java:122)
	at java.util.concurrent.FutureTask.get(FutureTask.java:192)
	at org.apache.ratis.server.impl.LeaderElection.waitForResults(LeaderElection.java:263)
	at org.apache.ratis.server.impl.LeaderElection.askForVotes(LeaderElection.java:201)
	at org.apache.ratis.server.impl.LeaderElection.run(LeaderElection.java:133)
	at java.lang.Thread.run(Thread.java:748)
Caused by: org.apache.ratis.thirdparty.io.grpc.StatusRuntimeException: UNAVAILABLE: io exception
	at org.apache.ratis.thirdparty.io.grpc.stub.ClientCalls.toStatusRuntimeException(ClientCalls.java:233)
	at org.apache.ratis.thirdparty.io.grpc.stub.ClientCalls.getUnchecked(ClientCalls.java:214)
	at org.apache.ratis.thirdparty.io.grpc.stub.ClientCalls.blockingUnaryCall(ClientCalls.java:139)
	at org.apache.ratis.proto.grpc.RaftServerProtocolServiceGrpc$RaftServerProtocolServiceBlockingStub.requestVote(RaftServerProtocolServiceGrpc.java:265)
	at org.apache.ratis.grpc.server.GrpcServerProtocolClient.requestVote(GrpcServerProtocolClient.java:90)
	at org.apache.ratis.grpc.server.GrpcService.requestVote(GrpcService.java:204)
	at org.apache.ratis.server.impl.LeaderElection.lambda$submitRequests$1(LeaderElection.java:238)
	at java.util.concurrent.FutureTask.run(FutureTask.java:266)
	at java.util.concurrent.Executors$RunnableAdapter.call(Executors.java:511)
	at java.util.concurrent.FutureTask.run(FutureTask.java:266)
	at java.util.concurrent.ThreadPoolExecutor.runWorker(ThreadPoolExecutor.java:1149)
	at java.util.concurrent.ThreadPoolExecutor$Worker.run(ThreadPoolExecutor.java:624)
	... 1 more
Caused by: org.apache.ratis.thirdparty.io.netty.channel.AbstractChannel$AnnotatedConnectException: Connection refused: /192.168.157.234:42096
	at sun.nio.ch.SocketChannelImpl.checkConnect(Native Method)
	at sun.nio.ch.SocketChannelImpl.finishConnect(SocketChannelImpl.java:717)
	at org.apache.ratis.thirdparty.io.netty.channel.socket.nio.NioSocketChannel.doFinishConnect(NioSocketChannel.java:327)
	at org.apache.ratis.thirdparty.io.netty.channel.nio.AbstractNioChannel$AbstractNioUnsafe.finishConnect(AbstractNioChannel.java:340)
	at org.apache.ratis.thirdparty.io.netty.channel.nio.NioEventLoop.processSelectedKey(NioEventLoop.java:632)
	at org.apache.ratis.thirdparty.io.netty.channel.nio.NioEventLoop.processSelectedKeysOptimized(NioEventLoop.java:579)
	at org.apache.ratis.thirdparty.io.netty.channel.nio.NioEventLoop.processSelectedKeys(NioEventLoop.java:496)
	at org.apache.ratis.thirdparty.io.netty.channel.nio.NioEventLoop.run(NioEventLoop.java:458)
	at org.apache.ratis.thirdparty.io.netty.util.concurrent.SingleThreadEventExecutor$5.run(SingleThreadEventExecutor.java:897)
	at org.apache.ratis.thirdparty.io.netty.util.concurrent.FastThreadLocalRunnable.run(FastThreadLocalRunnable.java:30)
	... 1 more
Caused by: java.net.ConnectException: Connection refused
	... 11 more
2019-09-26 16:07:55,069 [8214dcd7-9039-498f-bb6d-268e472c0f13@group-619C31D50264:LeaderElection27] INFO  impl.LeaderElection (LogUtils.java:infoOrTrace(149)) -   Exception 1: {}
java.util.concurrent.ExecutionException: org.apache.ratis.thirdparty.io.grpc.StatusRuntimeException: UNAVAILABLE: io exception
	at java.util.concurrent.FutureTask.report(FutureTask.java:122)
	at java.util.concurrent.FutureTask.get(FutureTask.java:192)
	at org.apache.ratis.server.impl.LeaderElection.waitForResults(LeaderElection.java:263)
	at org.apache.ratis.server.impl.LeaderElection.askForVotes(LeaderElection.java:201)
	at org.apache.ratis.server.impl.LeaderElection.run(LeaderElection.java:133)
	at java.lang.Thread.run(Thread.java:748)
Caused by: org.apache.ratis.thirdparty.io.grpc.StatusRuntimeException: UNAVAILABLE: io exception
	at org.apache.ratis.thirdparty.io.grpc.stub.ClientCalls.toStatusRuntimeException(ClientCalls.java:233)
	at org.apache.ratis.thirdparty.io.grpc.stub.ClientCalls.getUnchecked(ClientCalls.java:214)
	at org.apache.ratis.thirdparty.io.grpc.stub.ClientCalls.blockingUnaryCall(ClientCalls.java:139)
	at org.apache.ratis.proto.grpc.RaftServerProtocolServiceGrpc$RaftServerProtocolServiceBlockingStub.requestVote(RaftServerProtocolServiceGrpc.java:265)
	at org.apache.ratis.grpc.server.GrpcServerProtocolClient.requestVote(GrpcServerProtocolClient.java:90)
	at org.apache.ratis.grpc.server.GrpcService.requestVote(GrpcService.java:204)
	at org.apache.ratis.server.impl.LeaderElection.lambda$submitRequests$1(LeaderElection.java:238)
	at java.util.concurrent.FutureTask.run(FutureTask.java:266)
	at java.util.concurrent.Executors$RunnableAdapter.call(Executors.java:511)
	at java.util.concurrent.FutureTask.run(FutureTask.java:266)
	at java.util.concurrent.ThreadPoolExecutor.runWorker(ThreadPoolExecutor.java:1149)
	at java.util.concurrent.ThreadPoolExecutor$Worker.run(ThreadPoolExecutor.java:624)
	... 1 more
Caused by: org.apache.ratis.thirdparty.io.netty.channel.AbstractChannel$AnnotatedConnectException: Connection refused: /192.168.157.234:41381
	at sun.nio.ch.SocketChannelImpl.checkConnect(Native Method)
	at sun.nio.ch.SocketChannelImpl.finishConnect(SocketChannelImpl.java:717)
	at org.apache.ratis.thirdparty.io.netty.channel.socket.nio.NioSocketChannel.doFinishConnect(NioSocketChannel.java:327)
	at org.apache.ratis.thirdparty.io.netty.channel.nio.AbstractNioChannel$AbstractNioUnsafe.finishConnect(AbstractNioChannel.java:340)
	at org.apache.ratis.thirdparty.io.netty.channel.nio.NioEventLoop.processSelectedKey(NioEventLoop.java:632)
	at org.apache.ratis.thirdparty.io.netty.channel.nio.NioEventLoop.processSelectedKeysOptimized(NioEventLoop.java:579)
	at org.apache.ratis.thirdparty.io.netty.channel.nio.NioEventLoop.processSelectedKeys(NioEventLoop.java:496)
	at org.apache.ratis.thirdparty.io.netty.channel.nio.NioEventLoop.run(NioEventLoop.java:458)
	at org.apache.ratis.thirdparty.io.netty.util.concurrent.SingleThreadEventExecutor$5.run(SingleThreadEventExecutor.java:897)
	at org.apache.ratis.thirdparty.io.netty.util.concurrent.FastThreadLocalRunnable.run(FastThreadLocalRunnable.java:30)
	... 1 more
Caused by: java.net.ConnectException: Connection refused
	... 11 more
2019-09-26 16:07:55,069 [8214dcd7-9039-498f-bb6d-268e472c0f13@group-619C31D50264:LeaderElection27] INFO  impl.RaftServerImpl (RaftServerImpl.java:setRole(174)) - 8214dcd7-9039-498f-bb6d-268e472c0f13@group-619C31D50264: changes role from CANDIDATE to FOLLOWER at term 2 for DISCOVERED_A_NEW_TERM
2019-09-26 16:07:55,070 [8214dcd7-9039-498f-bb6d-268e472c0f13@group-619C31D50264:LeaderElection27] INFO  impl.RoleInfo (RoleInfo.java:shutdownLeaderElection(134)) - 8214dcd7-9039-498f-bb6d-268e472c0f13: shutdown LeaderElection
2019-09-26 16:07:55,071 [8214dcd7-9039-498f-bb6d-268e472c0f13@group-619C31D50264:LeaderElection27] INFO  impl.RoleInfo (RoleInfo.java:updateAndGet(143)) - 8214dcd7-9039-498f-bb6d-268e472c0f13: start FollowerState
2019-09-26 16:07:58,714 [ForkJoinPool.commonPool-worker-1] INFO  ozoneimpl.OzoneContainer (OzoneContainer.java:stop(231)) - Attempting to stop container services.
2019-09-26 16:07:58,717 [ForkJoinPool.commonPool-worker-1] INFO  impl.RaftServerProxy (RaftServerProxy.java:lambda$close$4(314)) - 8214dcd7-9039-498f-bb6d-268e472c0f13: close
2019-09-26 16:07:58,717 [ForkJoinPool.commonPool-worker-1] INFO  impl.RaftServerImpl (RaftServerImpl.java:lambda$shutdown$3(251)) - 8214dcd7-9039-498f-bb6d-268e472c0f13@group-619C31D50264: shutdown
2019-09-26 16:07:58,717 [ForkJoinPool.commonPool-worker-1] INFO  util.JmxRegister (JmxRegister.java:unregister(73)) - Successfully un-registered JMX Bean with object name Ratis:service=RaftServer,group=group-619C31D50264,id=8214dcd7-9039-498f-bb6d-268e472c0f13
2019-09-26 16:07:58,717 [ForkJoinPool.commonPool-worker-1] INFO  impl.RoleInfo (RoleInfo.java:shutdownFollowerState(121)) - 8214dcd7-9039-498f-bb6d-268e472c0f13: shutdown FollowerState
2019-09-26 16:07:58,718 [ForkJoinPool.commonPool-worker-1] INFO  impl.StateMachineUpdater (StateMachineUpdater.java:stopAndJoin(125)) - 8214dcd7-9039-498f-bb6d-268e472c0f13@group-619C31D50264-StateMachineUpdater: set stopIndex = 0
2019-09-26 16:07:58,718 [Thread-1071] INFO  impl.FollowerState (FollowerState.java:run(115)) - 8214dcd7-9039-498f-bb6d-268e472c0f13: FollowerState was interrupted: java.lang.InterruptedException: sleep interrupted
2019-09-26 16:07:58,720 [ForkJoinPool.commonPool-worker-1] INFO  impl.RaftServerImpl (ServerState.java:close(385)) - 8214dcd7-9039-498f-bb6d-268e472c0f13@group-619C31D50264: closes. applyIndex: 0
2019-09-26 16:07:58,720 [8214dcd7-9039-498f-bb6d-268e472c0f13@group-619C31D50264-SegmentedRaftLogWorker] INFO  segmented.SegmentedRaftLogWorker (SegmentedRaftLogWorker.java:run(313)) - 8214dcd7-9039-498f-bb6d-268e472c0f13@group-619C31D50264-SegmentedRaftLogWorker was interrupted, exiting. There are 0 tasks remaining in the queue.
2019-09-26 16:07:58,720 [ForkJoinPool.commonPool-worker-1] INFO  segmented.SegmentedRaftLogWorker (SegmentedRaftLogWorker.java:close(228)) - 8214dcd7-9039-498f-bb6d-268e472c0f13@group-619C31D50264-SegmentedRaftLogWorker close()
2019-09-26 16:07:58,721 [ForkJoinPool.commonPool-worker-1] INFO  impl.RaftServerImpl (RaftServerImpl.java:lambda$shutdown$3(251)) - 8214dcd7-9039-498f-bb6d-268e472c0f13@group-55B0A4FE2B46: shutdown
2019-09-26 16:07:58,721 [ForkJoinPool.commonPool-worker-1] INFO  util.JmxRegister (JmxRegister.java:unregister(73)) - Successfully un-registered JMX Bean with object name Ratis:service=RaftServer,group=group-55B0A4FE2B46,id=8214dcd7-9039-498f-bb6d-268e472c0f13
2019-09-26 16:07:58,721 [ForkJoinPool.commonPool-worker-1] INFO  impl.RoleInfo (RoleInfo.java:shutdownLeaderState(104)) - 8214dcd7-9039-498f-bb6d-268e472c0f13: shutdown LeaderState
2019-09-26 16:07:58,722 [ForkJoinPool.commonPool-worker-1] INFO  impl.PendingRequests (PendingRequests.java:sendNotLeaderResponses(202)) - 8214dcd7-9039-498f-bb6d-268e472c0f13-PendingRequests: sendNotLeaderResponses
2019-09-26 16:07:58,722 [ForkJoinPool.commonPool-worker-1] INFO  impl.StateMachineUpdater (StateMachineUpdater.java:stopAndJoin(125)) - 8214dcd7-9039-498f-bb6d-268e472c0f13@group-55B0A4FE2B46-StateMachineUpdater: set stopIndex = 0
2019-09-26 16:07:58,723 [ForkJoinPool.commonPool-worker-1] INFO  impl.RaftServerImpl (ServerState.java:close(385)) - 8214dcd7-9039-498f-bb6d-268e472c0f13@group-55B0A4FE2B46: closes. applyIndex: 0
2019-09-26 16:07:58,723 [8214dcd7-9039-498f-bb6d-268e472c0f13@group-55B0A4FE2B46-SegmentedRaftLogWorker] INFO  segmented.SegmentedRaftLogWorker (SegmentedRaftLogWorker.java:run(313)) - 8214dcd7-9039-498f-bb6d-268e472c0f13@group-55B0A4FE2B46-SegmentedRaftLogWorker was interrupted, exiting. There are 0 tasks remaining in the queue.
2019-09-26 16:07:58,724 [ForkJoinPool.commonPool-worker-1] INFO  segmented.SegmentedRaftLogWorker (SegmentedRaftLogWorker.java:close(228)) - 8214dcd7-9039-498f-bb6d-268e472c0f13@group-55B0A4FE2B46-SegmentedRaftLogWorker close()
2019-09-26 16:07:58,724 [ForkJoinPool.commonPool-worker-1] INFO  server.GrpcService (GrpcService.java:closeImpl(164)) - 8214dcd7-9039-498f-bb6d-268e472c0f13: shutdown server with port 37160 now
2019-09-26 16:07:58,730 [ForkJoinPool.commonPool-worker-1] INFO  server.GrpcService (GrpcService.java:closeImpl(172)) - 8214dcd7-9039-498f-bb6d-268e472c0f13: shutdown server with port 37160 successfully
2019-09-26 16:07:58,735 [refreshUsed-/workdir/hadoop-ozone/integration-test/target/test-dir/MiniOzoneClusterImpl-af67ac00-e673-4dc0-88ca-7b49334fe824/datanode-5/data/containers] WARN  fs.CachingGetSpaceUsed (CachingGetSpaceUsed.java:run(183)) - Thread Interrupted waiting to refresh disk information: sleep interrupted
2019-09-26 16:07:58,749 [ForkJoinPool.commonPool-worker-1] INFO  utils.BackgroundService (BackgroundService.java:shutdown(148)) - Shutting down service BlockDeletingService
2019-09-26 16:07:58,753 [ForkJoinPool.commonPool-worker-1] INFO  statemachine.DatanodeStateMachine (DatanodeStateMachine.java:stopDaemon(395)) - Ozone container server stopped.
2019-09-26 16:07:58,757 [ForkJoinPool.commonPool-worker-1] INFO  handler.ContextHandler (ContextHandler.java:doStop(910)) - Stopped o.e.j.w.WebAppContext@36b9cb99{/,null,UNAVAILABLE}{/hddsDatanode}
2019-09-26 16:07:58,758 [ForkJoinPool.commonPool-worker-1] INFO  server.AbstractConnector (AbstractConnector.java:doStop(318)) - Stopped ServerConnector@4130955c{HTTP/1.1,[http/1.1]}{0.0.0.0:0}
2019-09-26 16:07:58,760 [ForkJoinPool.commonPool-worker-1] INFO  handler.ContextHandler (ContextHandler.java:doStop(910)) - Stopped o.e.j.s.ServletContextHandler@7b3cde6f{/static,jar:file:/home/user/.m2/repository/org/apache/hadoop/hadoop-hdds-container-service/0.5.0-SNAPSHOT/hadoop-hdds-container-service-0.5.0-SNAPSHOT.jar!/webapps/static,UNAVAILABLE}
2019-09-26 16:07:58,761 [ForkJoinPool.commonPool-worker-1] INFO  handler.ContextHandler (ContextHandler.java:doStop(910)) - Stopped o.e.j.s.ServletContextHandler@3bf54172{/logs,file:///workdir/hadoop-ozone/integration-test/target/log,UNAVAILABLE}
2019-09-26 16:07:58,762 [main] INFO  ozone.MiniOzoneClusterImpl (MiniOzoneClusterImpl.java:stopSCM(392)) - Stopping the StorageContainerManager
2019-09-26 16:07:58,762 [main] INFO  server.StorageContainerManager (StorageContainerManager.java:stop(808)) - Stopping Replication Manager Service.
2019-09-26 16:07:58,762 [main] INFO  container.ReplicationManager (ReplicationManager.java:stop(203)) - Stopping Replication Monitor Thread.
2019-09-26 16:07:58,763 [main] INFO  server.StorageContainerManager (StorageContainerManager.java:stop(815)) - Stopping Lease Manager of the command watchers
2019-09-26 16:07:58,763 [main] INFO  server.StorageContainerManager (StorageContainerManager.java:stop(822)) - Stopping datanode service RPC server
2019-09-26 16:07:58,763 [main] INFO  server.SCMDatanodeProtocolServer (SCMDatanodeProtocolServer.java:stop(367)) - Stopping the RPC server for DataNodes
2019-09-26 16:07:58,763 [main] INFO  ipc.Server (Server.java:stop(3082)) - Stopping server on 35621
2019-09-26 16:07:58,766 [IPC Server listener on 35621] INFO  ipc.Server (Server.java:run(1185)) - Stopping IPC Server listener on 35621
2019-09-26 16:07:58,767 [IPC Server Responder] INFO  ipc.Server (Server.java:run(1319)) - Stopping IPC Server Responder
2019-09-26 16:07:58,839 [SCM Heartbeat Processing Thread - 0] WARN  node.NodeStateManager (NodeStateManager.java:scheduleNextHealthCheck(646)) - Current Thread is interrupted, shutting down HB processing thread for Node Manager.
2019-09-26 16:07:58,840 [main] INFO  server.StorageContainerManager (StorageContainerManager.java:stop(830)) - Stopping block service RPC server
2019-09-26 16:07:58,840 [main] INFO  server.SCMBlockProtocolServer (SCMBlockProtocolServer.java:stop(155)) - Stopping the RPC server for Block Protocol
2019-09-26 16:07:58,840 [main] INFO  ipc.Server (Server.java:stop(3082)) - Stopping server on 35361
2019-09-26 16:07:58,843 [IPC Server listener on 35361] INFO  ipc.Server (Server.java:run(1185)) - Stopping IPC Server listener on 35361
2019-09-26 16:07:58,844 [main] INFO  server.StorageContainerManager (StorageContainerManager.java:stop(837)) - Stopping the StorageContainerLocationProtocol RPC server
2019-09-26 16:07:58,844 [IPC Server Responder] INFO  ipc.Server (Server.java:run(1319)) - Stopping IPC Server Responder
2019-09-26 16:07:58,845 [main] INFO  server.SCMClientProtocolServer (SCMClientProtocolServer.java:stop(159)) - Stopping the RPC server for Client Protocol
2019-09-26 16:07:58,845 [main] INFO  ipc.Server (Server.java:stop(3082)) - Stopping server on 40086
2019-09-26 16:07:58,848 [IPC Server listener on 40086] INFO  ipc.Server (Server.java:run(1185)) - Stopping IPC Server listener on 40086
2019-09-26 16:07:58,848 [main] INFO  server.StorageContainerManager (StorageContainerManager.java:stop(844)) - Stopping Storage Container Manager HTTP server.
2019-09-26 16:07:58,848 [IPC Server Responder] INFO  ipc.Server (Server.java:run(1319)) - Stopping IPC Server Responder
2019-09-26 16:07:58,850 [main] INFO  handler.ContextHandler (ContextHandler.java:doStop(910)) - Stopped o.e.j.w.WebAppContext@575b5f7d{/,null,UNAVAILABLE}{/scm}
2019-09-26 16:07:58,851 [main] INFO  server.AbstractConnector (AbstractConnector.java:doStop(318)) - Stopped ServerConnector@59bbb974{HTTP/1.1,[http/1.1]}{0.0.0.0:0}
2019-09-26 16:07:58,851 [main] INFO  handler.ContextHandler (ContextHandler.java:doStop(910)) - Stopped o.e.j.s.ServletContextHandler@157ec23b{/static,file:///workdir/hadoop-ozone/integration-test/target/test-classes/webapps/static,UNAVAILABLE}
2019-09-26 16:07:58,852 [main] INFO  handler.ContextHandler (ContextHandler.java:doStop(910)) - Stopped o.e.j.s.ServletContextHandler@97a145b{/logs,file:///workdir/hadoop-ozone/integration-test/target/log,UNAVAILABLE}
2019-09-26 16:07:58,852 [main] INFO  server.StorageContainerManager (StorageContainerManager.java:stop(855)) - Stopping Block Manager Service.
2019-09-26 16:07:58,853 [main] INFO  utils.BackgroundService (BackgroundService.java:shutdown(148)) - Shutting down service SCMBlockDeletingService
2019-09-26 16:07:58,853 [main] INFO  utils.BackgroundService (BackgroundService.java:shutdown(148)) - Shutting down service SCMBlockDeletingService
2019-09-26 16:07:58,854 [main] INFO  server.StorageContainerManager (StorageContainerManager.java:stop(877)) - Stopping SCM Event Queue.
2019-09-26 16:07:58,858 [main] INFO  impl.MetricsSystemImpl (MetricsSystemImpl.java:stop(210)) - Stopping HddsDatanode metrics system...
2019-09-26 16:07:58,871 [main] INFO  impl.MetricsSystemImpl (MetricsSystemImpl.java:stop(216)) - HddsDatanode metrics system stopped.
]]></system-out>
  </testcase>
</testsuite>