<?xml version="1.0" encoding="UTF-8"?>
<testsuite xmlns:xsi="http://www.w3.org/2001/XMLSchema-instance" xsi:noNamespaceSchemaLocation="https://maven.apache.org/surefire/maven-surefire-plugin/xsd/surefire-test-report.xsd" name="org.apache.hadoop.ozone.client.rpc.TestCommitWatcher" time="141.593" tests="1" errors="1" skipped="0" failures="0">
  <properties>
    <property name="awt.toolkit" value="sun.awt.X11.XToolkit"/>
    <property name="file.encoding.pkg" value="sun.io"/>
    <property name="java.specification.version" value="1.8"/>
    <property name="sun.cpu.isalist" value=""/>
    <property name="sun.jnu.encoding" value="UTF-8"/>
    <property name="java.class.path" value="/workdir/hadoop-ozone/integration-test/target/test-classes:/workdir/hadoop-ozone/integration-test/target/classes:/home/user/.m2/repository/org/apache/hadoop/hadoop-ozone-common/0.5.0-SNAPSHOT/hadoop-ozone-common-0.5.0-SNAPSHOT.jar:/home/user/.m2/repository/org/apache/commons/commons-compress/1.4.1/commons-compress-1.4.1.jar:/home/user/.m2/repository/org/tukaani/xz/1.0/xz-1.0.jar:/home/user/.m2/repository/org/apache/hadoop/hadoop-common/3.2.0/hadoop-common-3.2.0.jar:/home/user/.m2/repository/org/apache/hadoop/hadoop-hdfs/3.2.0/hadoop-hdfs-3.2.0.jar:/home/user/.m2/repository/org/apache/hadoop/hadoop-hdfs-client/3.2.0/hadoop-hdfs-client-3.2.0.jar:/home/user/.m2/repository/com/fasterxml/jackson/core/jackson-annotations/2.9.9/jackson-annotations-2.9.9.jar:/home/user/.m2/repository/org/apache/hadoop/hadoop-hdds-common/0.5.0-SNAPSHOT/hadoop-hdds-common-0.5.0-SNAPSHOT.jar:/home/user/.m2/repository/javax/annotation/javax.annotation-api/1.2/javax.annotation-api-1.2.jar:/home/user/.m2/repository/org/apache/ratis/ratis-server/0.4.0/ratis-server-0.4.0.jar:/home/user/.m2/repository/org/apache/ratis/ratis-thirdparty-misc/0.2.0/ratis-thirdparty-misc-0.2.0.jar:/home/user/.m2/repository/org/apache/ratis/ratis-proto/0.4.0/ratis-proto-0.4.0.jar:/home/user/.m2/repository/org/apache/ratis/ratis-common/0.4.0/ratis-common-0.4.0.jar:/home/user/.m2/repository/org/apache/ratis/ratis-client/0.4.0/ratis-client-0.4.0.jar:/home/user/.m2/repository/org/apache/ratis/ratis-metrics/0.4.0/ratis-metrics-0.4.0.jar:/home/user/.m2/repository/com/github/joshelser/dropwizard-metrics-hadoop-metrics2-reporter/0.1.2/dropwizard-metrics-hadoop-metrics2-reporter-0.1.2.jar:/home/user/.m2/repository/io/dropwizard/metrics/metrics-jvm/3.2.5/metrics-jvm-3.2.5.jar:/home/user/.m2/repository/io/dropwizard/metrics/metrics-ganglia/3.2.5/metrics-ganglia-3.2.5.jar:/home/user/.m2/repository/info/ganglia/gmetric4j/gmetric4j/1.0.7/gmetric4j-1.0.7.jar:/home/user/.m2/repository/org/apache/ratis/ratis-netty/0.4.0/ratis-netty-0.4.0.jar:/home/user/.m2/repository/org/apache/ratis/ratis-grpc/0.4.0/ratis-grpc-0.4.0.jar:/home/user/.m2/repository/org/rocksdb/rocksdbjni/6.0.1/rocksdbjni-6.0.1.jar:/home/user/.m2/repository/org/apache/logging/log4j/log4j-api/2.11.0/log4j-api-2.11.0.jar:/home/user/.m2/repository/org/apache/logging/log4j/log4j-core/2.11.0/log4j-core-2.11.0.jar:/home/user/.m2/repository/com/lmax/disruptor/3.4.2/disruptor-3.4.2.jar:/home/user/.m2/repository/org/apache/commons/commons-pool2/2.6.0/commons-pool2-2.6.0.jar:/home/user/.m2/repository/org/bouncycastle/bcpkix-jdk15on/1.60/bcpkix-jdk15on-1.60.jar:/home/user/.m2/repository/commons-validator/commons-validator/1.6/commons-validator-1.6.jar:/home/user/.m2/repository/commons-digester/commons-digester/1.8.1/commons-digester-1.8.1.jar:/home/user/.m2/repository/io/jaegertracing/jaeger-client/0.34.0/jaeger-client-0.34.0.jar:/home/user/.m2/repository/io/jaegertracing/jaeger-thrift/0.34.0/jaeger-thrift-0.34.0.jar:/home/user/.m2/repository/org/apache/thrift/libthrift/0.12.0/libthrift-0.12.0.jar:/home/user/.m2/repository/com/squareup/okhttp3/okhttp/3.9.0/okhttp-3.9.0.jar:/home/user/.m2/repository/com/squareup/okio/okio/1.13.0/okio-1.13.0.jar:/home/user/.m2/repository/io/jaegertracing/jaeger-core/0.34.0/jaeger-core-0.34.0.jar:/home/user/.m2/repository/io/jaegertracing/jaeger-tracerresolver/0.34.0/jaeger-tracerresolver-0.34.0.jar:/home/user/.m2/repository/io/opentracing/contrib/opentracing-tracerresolver/0.1.5/opentracing-tracerresolver-0.1.5.jar:/home/user/.m2/repository/io/opentracing/opentracing-util/0.31.0/opentracing-util-0.31.0.jar:/home/user/.m2/repository/io/opentracing/opentracing-api/0.31.0/opentracing-api-0.31.0.jar:/home/user/.m2/repository/io/opentracing/opentracing-noop/0.31.0/opentracing-noop-0.31.0.jar:/home/user/.m2/repository/org/apache/hadoop/hadoop-hdds-server-framework/0.5.0-SNAPSHOT/hadoop-hdds-server-framework-0.5.0-SNAPSHOT.jar:/home/user/.m2/repository/org/apache/hadoop/hadoop-hdds-container-service/0.5.0-SNAPSHOT/hadoop-hdds-container-service-0.5.0-SNAPSHOT.jar:/home/user/.m2/repository/org/apache/hadoop/hadoop-hdds-client/0.5.0-SNAPSHOT/hadoop-hdds-client-0.5.0-SNAPSHOT.jar:/home/user/.m2/repository/org/apache/hadoop/hadoop-hdds-tools/0.5.0-SNAPSHOT/hadoop-hdds-tools-0.5.0-SNAPSHOT.jar:/home/user/.m2/repository/org/apache/hadoop/hadoop-hdds-server-scm/0.5.0-SNAPSHOT/hadoop-hdds-server-scm-0.5.0-SNAPSHOT.jar:/home/user/.m2/repository/org/apache/hadoop/hadoop-hdds-docs/0.5.0-SNAPSHOT/hadoop-hdds-docs-0.5.0-SNAPSHOT.jar:/home/user/.m2/repository/io/dropwizard/metrics/metrics-core/3.2.4/metrics-core-3.2.4.jar:/home/user/.m2/repository/org/hamcrest/hamcrest-all/1.3/hamcrest-all-1.3.jar:/home/user/.m2/repository/org/bouncycastle/bcprov-jdk15on/1.60/bcprov-jdk15on-1.60.jar:/home/user/.m2/repository/info/picocli/picocli/3.9.6/picocli-3.9.6.jar:/home/user/.m2/repository/com/google/protobuf/protobuf-java/2.5.0/protobuf-java-2.5.0.jar:/home/user/.m2/repository/com/google/guava/guava/11.0.2/guava-11.0.2.jar:/home/user/.m2/repository/org/apache/hadoop/hadoop-ozone-ozone-manager/0.5.0-SNAPSHOT/hadoop-ozone-ozone-manager-0.5.0-SNAPSHOT.jar:/home/user/.m2/repository/org/apache/hadoop/hadoop-minikdc/3.2.0/hadoop-minikdc-3.2.0.jar:/home/user/.m2/repository/commons-io/commons-io/2.5/commons-io-2.5.jar:/home/user/.m2/repository/org/apache/kerby/kerb-simplekdc/1.0.1/kerb-simplekdc-1.0.1.jar:/home/user/.m2/repository/org/apache/kerby/kerb-client/1.0.1/kerb-client-1.0.1.jar:/home/user/.m2/repository/org/apache/kerby/kerby-config/1.0.1/kerby-config-1.0.1.jar:/home/user/.m2/repository/org/apache/kerby/kerb-core/1.0.1/kerb-core-1.0.1.jar:/home/user/.m2/repository/org/apache/kerby/kerby-pkix/1.0.1/kerby-pkix-1.0.1.jar:/home/user/.m2/repository/org/apache/kerby/kerby-asn1/1.0.1/kerby-asn1-1.0.1.jar:/home/user/.m2/repository/org/apache/kerby/kerby-util/1.0.1/kerby-util-1.0.1.jar:/home/user/.m2/repository/org/apache/kerby/kerb-common/1.0.1/kerb-common-1.0.1.jar:/home/user/.m2/repository/org/apache/kerby/kerb-crypto/1.0.1/kerb-crypto-1.0.1.jar:/home/user/.m2/repository/org/apache/kerby/kerb-util/1.0.1/kerb-util-1.0.1.jar:/home/user/.m2/repository/org/apache/kerby/token-provider/1.0.1/token-provider-1.0.1.jar:/home/user/.m2/repository/org/apache/kerby/kerb-admin/1.0.1/kerb-admin-1.0.1.jar:/home/user/.m2/repository/org/apache/kerby/kerb-server/1.0.1/kerb-server-1.0.1.jar:/home/user/.m2/repository/org/apache/kerby/kerb-identity/1.0.1/kerb-identity-1.0.1.jar:/home/user/.m2/repository/org/apache/kerby/kerby-xdr/1.0.1/kerby-xdr-1.0.1.jar:/home/user/.m2/repository/org/slf4j/slf4j-log4j12/1.7.25/slf4j-log4j12-1.7.25.jar:/home/user/.m2/repository/org/apache/hadoop/hadoop-ozone-s3gateway/0.5.0-SNAPSHOT/hadoop-ozone-s3gateway-0.5.0-SNAPSHOT.jar:/home/user/.m2/repository/org/jboss/weld/servlet/weld-servlet/2.4.7.Final/weld-servlet-2.4.7.Final.jar:/home/user/.m2/repository/org/glassfish/jersey/containers/jersey-container-servlet-core/2.27/jersey-container-servlet-core-2.27.jar:/home/user/.m2/repository/org/glassfish/hk2/external/javax.inject/2.5.0-b42/javax.inject-2.5.0-b42.jar:/home/user/.m2/repository/org/glassfish/jersey/core/jersey-common/2.27/jersey-common-2.27.jar:/home/user/.m2/repository/org/glassfish/hk2/osgi-resource-locator/1.0.1/osgi-resource-locator-1.0.1.jar:/home/user/.m2/repository/javax/ws/rs/javax.ws.rs-api/2.1/javax.ws.rs-api-2.1.jar:/home/user/.m2/repository/org/glassfish/jersey/ext/cdi/jersey-cdi1x/2.27/jersey-cdi1x-2.27.jar:/home/user/.m2/repository/org/glassfish/jersey/inject/jersey-hk2/2.27/jersey-hk2-2.27.jar:/home/user/.m2/repository/org/glassfish/hk2/hk2-locator/2.5.0-b42/hk2-locator-2.5.0-b42.jar:/home/user/.m2/repository/org/javassist/javassist/3.22.0-CR2/javassist-3.22.0-CR2.jar:/home/user/.m2/repository/org/glassfish/hk2/hk2-api/2.5.0/hk2-api-2.5.0.jar:/home/user/.m2/repository/org/glassfish/hk2/external/jakarta.inject/2.5.0/jakarta.inject-2.5.0.jar:/home/user/.m2/repository/org/glassfish/hk2/hk2-utils/2.5.0/hk2-utils-2.5.0.jar:/home/user/.m2/repository/jakarta/annotation/jakarta.annotation-api/1.3.4/jakarta.annotation-api-1.3.4.jar:/home/user/.m2/repository/org/glassfish/hk2/external/aopalliance-repackaged/2.5.0/aopalliance-repackaged-2.5.0.jar:/home/user/.m2/repository/com/fasterxml/jackson/dataformat/jackson-dataformat-xml/2.9.0/jackson-dataformat-xml-2.9.0.jar:/home/user/.m2/repository/com/fasterxml/jackson/core/jackson-core/2.9.9/jackson-core-2.9.9.jar:/home/user/.m2/repository/com/fasterxml/jackson/module/jackson-module-jaxb-annotations/2.9.9/jackson-module-jaxb-annotations-2.9.9.jar:/home/user/.m2/repository/javax/enterprise/cdi-api/1.2/cdi-api-1.2.jar:/home/user/.m2/repository/javax/el/javax.el-api/3.0.0/javax.el-api-3.0.0.jar:/home/user/.m2/repository/javax/interceptor/javax.interceptor-api/1.2/javax.interceptor-api-1.2.jar:/home/user/.m2/repository/javax/inject/javax.inject/1/javax.inject-1.jar:/home/user/.m2/repository/com/sun/xml/bind/jaxb-impl/2.3.0.1/jaxb-impl-2.3.0.1.jar:/home/user/.m2/repository/com/sun/xml/bind/jaxb-core/2.3.0.1/jaxb-core-2.3.0.1.jar:/home/user/.m2/repository/javax/xml/bind/jaxb-api/2.3.0/jaxb-api-2.3.0.jar:/home/user/.m2/repository/javax/activation/activation/1.1.1/activation-1.1.1.jar:/home/user/.m2/repository/org/apache/hadoop/hadoop-ozone-csi/0.5.0-SNAPSHOT/hadoop-ozone-csi-0.5.0-SNAPSHOT.jar:/home/user/.m2/repository/com/google/protobuf/protobuf-java-util/3.5.1/protobuf-java-util-3.5.1.jar:/home/user/.m2/repository/org/apache/hadoop/hadoop-hdds-config/0.5.0-SNAPSHOT/hadoop-hdds-config-0.5.0-SNAPSHOT.jar:/home/user/.m2/repository/io/grpc/grpc-netty/1.17.1/grpc-netty-1.17.1.jar:/home/user/.m2/repository/io/grpc/grpc-core/1.17.1/grpc-core-1.17.1.jar:/home/user/.m2/repository/io/grpc/grpc-context/1.17.1/grpc-context-1.17.1.jar:/home/user/.m2/repository/com/google/errorprone/error_prone_annotations/2.2.0/error_prone_annotations-2.2.0.jar:/home/user/.m2/repository/org/codehaus/mojo/animal-sniffer-annotations/1.17/animal-sniffer-annotations-1.17.jar:/home/user/.m2/repository/io/opencensus/opencensus-api/0.17.0/opencensus-api-0.17.0.jar:/home/user/.m2/repository/io/opencensus/opencensus-contrib-grpc-metrics/0.17.0/opencensus-contrib-grpc-metrics-0.17.0.jar:/home/user/.m2/repository/io/netty/netty-codec-http2/4.1.30.Final/netty-codec-http2-4.1.30.Final.jar:/home/user/.m2/repository/io/netty/netty-codec-http/4.1.30.Final/netty-codec-http-4.1.30.Final.jar:/home/user/.m2/repository/io/netty/netty-codec/4.1.30.Final/netty-codec-4.1.30.Final.jar:/home/user/.m2/repository/io/netty/netty-handler/4.1.30.Final/netty-handler-4.1.30.Final.jar:/home/user/.m2/repository/io/netty/netty-handler-proxy/4.1.30.Final/netty-handler-proxy-4.1.30.Final.jar:/home/user/.m2/repository/io/netty/netty-codec-socks/4.1.30.Final/netty-codec-socks-4.1.30.Final.jar:/home/user/.m2/repository/io/netty/netty-transport-native-epoll/4.1.30.Final/netty-transport-native-epoll-4.1.30.Final.jar:/home/user/.m2/repository/io/netty/netty-common/4.1.30.Final/netty-common-4.1.30.Final.jar:/home/user/.m2/repository/io/netty/netty-buffer/4.1.30.Final/netty-buffer-4.1.30.Final.jar:/home/user/.m2/repository/io/netty/netty-transport/4.1.30.Final/netty-transport-4.1.30.Final.jar:/home/user/.m2/repository/io/netty/netty-resolver/4.1.30.Final/netty-resolver-4.1.30.Final.jar:/home/user/.m2/repository/io/netty/netty-transport-native-unix-common/4.1.30.Final/netty-transport-native-unix-common-4.1.30.Final.jar:/home/user/.m2/repository/io/grpc/grpc-protobuf/1.17.1/grpc-protobuf-1.17.1.jar:/home/user/.m2/repository/com/google/api/grpc/proto-google-common-protos/1.0.0/proto-google-common-protos-1.0.0.jar:/home/user/.m2/repository/io/grpc/grpc-protobuf-lite/1.17.1/grpc-protobuf-lite-1.17.1.jar:/home/user/.m2/repository/io/grpc/grpc-stub/1.17.1/grpc-stub-1.17.1.jar:/home/user/.m2/repository/org/apache/hadoop/hadoop-ozone-recon/0.5.0-SNAPSHOT/hadoop-ozone-recon-0.5.0-SNAPSHOT.jar:/home/user/.m2/repository/org/apache/hadoop/hadoop-ozone-reconcodegen/0.5.0-SNAPSHOT/hadoop-ozone-reconcodegen-0.5.0-SNAPSHOT.jar:/home/user/.m2/repository/com/google/inject/extensions/guice-multibindings/4.0/guice-multibindings-4.0.jar:/home/user/.m2/repository/com/google/inject/guice/4.0/guice-4.0.jar:/home/user/.m2/repository/aopalliance/aopalliance/1.0/aopalliance-1.0.jar:/home/user/.m2/repository/com/google/inject/extensions/guice-servlet/4.0/guice-servlet-4.0.jar:/home/user/.m2/repository/org/glassfish/jersey/containers/jersey-container-servlet/2.27/jersey-container-servlet-2.27.jar:/home/user/.m2/repository/org/glassfish/hk2/guice-bridge/2.5.0/guice-bridge-2.5.0.jar:/home/user/.m2/repository/org/glassfish/jersey/core/jersey-server/2.27/jersey-server-2.27.jar:/home/user/.m2/repository/org/glassfish/jersey/core/jersey-client/2.27/jersey-client-2.27.jar:/home/user/.m2/repository/org/glassfish/jersey/media/jersey-media-jaxb/2.27/jersey-media-jaxb-2.27.jar:/home/user/.m2/repository/javax/validation/validation-api/1.1.0.Final/validation-api-1.1.0.Final.jar:/home/user/.m2/repository/org/glassfish/jersey/media/jersey-media-json-jackson/2.27/jersey-media-json-jackson-2.27.jar:/home/user/.m2/repository/org/glassfish/jersey/ext/jersey-entity-filtering/2.27/jersey-entity-filtering-2.27.jar:/home/user/.m2/repository/com/google/inject/extensions/guice-assistedinject/4.0/guice-assistedinject-4.0.jar:/home/user/.m2/repository/org/jooq/jooq/3.11.10/jooq-3.11.10.jar:/home/user/.m2/repository/org/jooq/jooq-meta/3.11.10/jooq-meta-3.11.10.jar:/home/user/.m2/repository/org/jooq/jooq-codegen/3.11.10/jooq-codegen-3.11.10.jar:/home/user/.m2/repository/com/jolbox/bonecp/0.8.0.RELEASE/bonecp-0.8.0.RELEASE.jar:/home/user/.m2/repository/org/xerial/sqlite-jdbc/3.25.2/sqlite-jdbc-3.25.2.jar:/home/user/.m2/repository/org/springframework/spring-jdbc/5.1.3.RELEASE/spring-jdbc-5.1.3.RELEASE.jar:/home/user/.m2/repository/org/springframework/spring-beans/5.1.3.RELEASE/spring-beans-5.1.3.RELEASE.jar:/home/user/.m2/repository/org/springframework/spring-core/5.1.3.RELEASE/spring-core-5.1.3.RELEASE.jar:/home/user/.m2/repository/org/springframework/spring-jcl/5.1.3.RELEASE/spring-jcl-5.1.3.RELEASE.jar:/home/user/.m2/repository/org/springframework/spring-tx/5.1.3.RELEASE/spring-tx-5.1.3.RELEASE.jar:/home/user/.m2/repository/org/apache/hadoop/hadoop-ozone-client/0.5.0-SNAPSHOT/hadoop-ozone-client-0.5.0-SNAPSHOT.jar:/home/user/.m2/repository/commons-lang/commons-lang/2.6/commons-lang-2.6.jar:/home/user/.m2/repository/org/apache/hadoop/hadoop-ozone-ozone-manager/0.5.0-SNAPSHOT/hadoop-ozone-ozone-manager-0.5.0-SNAPSHOT-tests.jar:/home/user/.m2/repository/junit/junit/4.11/junit-4.11.jar:/home/user/.m2/repository/org/hamcrest/hamcrest-core/1.3/hamcrest-core-1.3.jar:/home/user/.m2/repository/org/openjdk/jmh/jmh-core/1.19/jmh-core-1.19.jar:/home/user/.m2/repository/net/sf/jopt-simple/jopt-simple/4.6/jopt-simple-4.6.jar:/home/user/.m2/repository/org/apache/commons/commons-math3/3.1.1/commons-math3-3.1.1.jar:/home/user/.m2/repository/org/openjdk/jmh/jmh-generator-annprocess/1.19/jmh-generator-annprocess-1.19.jar:/home/user/.m2/repository/org/mockito/mockito-all/1.8.5/mockito-all-1.8.5.jar:/home/user/.m2/repository/org/apache/hadoop/hadoop-kms/3.2.0/hadoop-kms-3.2.0.jar:/home/user/.m2/repository/org/apache/hadoop/hadoop-auth/3.2.0/hadoop-auth-3.2.0.jar:/home/user/.m2/repository/com/nimbusds/nimbus-jose-jwt/4.41.1/nimbus-jose-jwt-4.41.1.jar:/home/user/.m2/repository/com/github/stephenc/jcip/jcip-annotations/1.0-1/jcip-annotations-1.0-1.jar:/home/user/.m2/repository/net/minidev/json-smart/2.3/json-smart-2.3.jar:/home/user/.m2/repository/net/minidev/accessors-smart/1.2/accessors-smart-1.2.jar:/home/user/.m2/repository/org/ow2/asm/asm/5.0.4/asm-5.0.4.jar:/home/user/.m2/repository/org/apache/curator/curator-framework/2.12.0/curator-framework-2.12.0.jar:/home/user/.m2/repository/com/sun/jersey/jersey-core/1.19/jersey-core-1.19.jar:/home/user/.m2/repository/javax/ws/rs/jsr311-api/1.1.1/jsr311-api-1.1.1.jar:/home/user/.m2/repository/com/sun/jersey/jersey-server/1.19/jersey-server-1.19.jar:/home/user/.m2/repository/javax/servlet/javax.servlet-api/3.1.0/javax.servlet-api-3.1.0.jar:/home/user/.m2/repository/org/eclipse/jetty/jetty-server/9.3.25.v20180904/jetty-server-9.3.25.v20180904.jar:/home/user/.m2/repository/org/eclipse/jetty/jetty-http/9.3.25.v20180904/jetty-http-9.3.25.v20180904.jar:/home/user/.m2/repository/org/eclipse/jetty/jetty-io/9.3.25.v20180904/jetty-io-9.3.25.v20180904.jar:/home/user/.m2/repository/org/eclipse/jetty/jetty-webapp/9.3.25.v20180904/jetty-webapp-9.3.25.v20180904.jar:/home/user/.m2/repository/org/eclipse/jetty/jetty-xml/9.3.25.v20180904/jetty-xml-9.3.25.v20180904.jar:/home/user/.m2/repository/log4j/log4j/1.2.17/log4j-1.2.17.jar:/home/user/.m2/repository/org/slf4j/slf4j-api/1.7.25/slf4j-api-1.7.25.jar:/home/user/.m2/repository/org/slf4j/jul-to-slf4j/1.7.25/jul-to-slf4j-1.7.25.jar:/home/user/.m2/repository/org/eclipse/jetty/jetty-util/9.3.25.v20180904/jetty-util-9.3.25.v20180904.jar:/home/user/.m2/repository/com/fasterxml/jackson/core/jackson-databind/2.9.9/jackson-databind-2.9.9.jar:/home/user/.m2/repository/org/apache/hadoop/hadoop-kms/3.2.0/hadoop-kms-3.2.0-tests.jar:/home/user/.m2/repository/org/apache/hadoop/hadoop-hdds-server-scm/0.5.0-SNAPSHOT/hadoop-hdds-server-scm-0.5.0-SNAPSHOT-tests.jar:/home/user/.m2/repository/org/apache/hadoop/hadoop-hdds-container-service/0.5.0-SNAPSHOT/hadoop-hdds-container-service-0.5.0-SNAPSHOT-tests.jar:/home/user/.m2/repository/org/yaml/snakeyaml/1.16/snakeyaml-1.16.jar:/home/user/.m2/repository/org/apache/hadoop/hadoop-common/3.2.0/hadoop-common-3.2.0-tests.jar:/home/user/.m2/repository/org/apache/hadoop/hadoop-annotations/3.2.0/hadoop-annotations-3.2.0.jar:/usr/lib/jvm/java-1.8-openjdk/jre/../lib/tools.jar:/home/user/.m2/repository/commons-cli/commons-cli/1.2/commons-cli-1.2.jar:/home/user/.m2/repository/org/apache/httpcomponents/httpclient/4.5.2/httpclient-4.5.2.jar:/home/user/.m2/repository/org/apache/httpcomponents/httpcore/4.4.4/httpcore-4.4.4.jar:/home/user/.m2/repository/commons-codec/commons-codec/1.11/commons-codec-1.11.jar:/home/user/.m2/repository/commons-net/commons-net/3.6/commons-net-3.6.jar:/home/user/.m2/repository/commons-collections/commons-collections/3.2.2/commons-collections-3.2.2.jar:/home/user/.m2/repository/org/eclipse/jetty/jetty-servlet/9.3.25.v20180904/jetty-servlet-9.3.25.v20180904.jar:/home/user/.m2/repository/org/eclipse/jetty/jetty-security/9.3.25.v20180904/jetty-security-9.3.25.v20180904.jar:/home/user/.m2/repository/javax/servlet/jsp/jsp-api/2.1/jsp-api-2.1.jar:/home/user/.m2/repository/com/sun/jersey/jersey-servlet/1.19/jersey-servlet-1.19.jar:/home/user/.m2/repository/com/sun/jersey/jersey-json/1.19/jersey-json-1.19.jar:/home/user/.m2/repository/org/codehaus/jettison/jettison/1.1/jettison-1.1.jar:/home/user/.m2/repository/org/codehaus/jackson/jackson-core-asl/1.9.13/jackson-core-asl-1.9.13.jar:/home/user/.m2/repository/org/codehaus/jackson/jackson-mapper-asl/1.9.13/jackson-mapper-asl-1.9.13.jar:/home/user/.m2/repository/org/codehaus/jackson/jackson-jaxrs/1.9.13/jackson-jaxrs-1.9.13.jar:/home/user/.m2/repository/org/codehaus/jackson/jackson-xc/1.9.13/jackson-xc-1.9.13.jar:/home/user/.m2/repository/commons-logging/commons-logging/1.1.3/commons-logging-1.1.3.jar:/home/user/.m2/repository/commons-beanutils/commons-beanutils/1.9.4/commons-beanutils-1.9.4.jar:/home/user/.m2/repository/org/apache/commons/commons-configuration2/2.1.1/commons-configuration2-2.1.1.jar:/home/user/.m2/repository/org/apache/commons/commons-lang3/3.7/commons-lang3-3.7.jar:/home/user/.m2/repository/org/apache/commons/commons-text/1.4/commons-text-1.4.jar:/home/user/.m2/repository/org/apache/avro/avro/1.7.7/avro-1.7.7.jar:/home/user/.m2/repository/com/thoughtworks/paranamer/paranamer/2.3/paranamer-2.3.jar:/home/user/.m2/repository/org/xerial/snappy/snappy-java/1.0.5/snappy-java-1.0.5.jar:/home/user/.m2/repository/com/google/re2j/re2j/1.1/re2j-1.1.jar:/home/user/.m2/repository/com/google/code/gson/gson/2.2.4/gson-2.2.4.jar:/home/user/.m2/repository/com/jcraft/jsch/0.1.54/jsch-0.1.54.jar:/home/user/.m2/repository/org/apache/curator/curator-client/2.12.0/curator-client-2.12.0.jar:/home/user/.m2/repository/org/apache/curator/curator-recipes/2.12.0/curator-recipes-2.12.0.jar:/home/user/.m2/repository/com/google/code/findbugs/jsr305/3.0.0/jsr305-3.0.0.jar:/home/user/.m2/repository/org/apache/htrace/htrace-core4/4.1.0-incubating/htrace-core4-4.1.0-incubating.jar:/home/user/.m2/repository/org/apache/zookeeper/zookeeper/3.4.13/zookeeper-3.4.13.jar:/home/user/.m2/repository/jline/jline/0.9.94/jline-0.9.94.jar:/home/user/.m2/repository/org/apache/yetus/audience-annotations/0.5.0/audience-annotations-0.5.0.jar:/home/user/.m2/repository/org/codehaus/woodstox/stax2-api/3.1.4/stax2-api-3.1.4.jar:/home/user/.m2/repository/com/fasterxml/woodstox/woodstox-core/5.0.3/woodstox-core-5.0.3.jar:/home/user/.m2/repository/dnsjava/dnsjava/2.1.7/dnsjava-2.1.7.jar:/home/user/.m2/repository/org/apache/hadoop/hadoop-hdfs/3.2.0/hadoop-hdfs-3.2.0-tests.jar:/home/user/.m2/repository/org/eclipse/jetty/jetty-util-ajax/9.3.25.v20180904/jetty-util-ajax-9.3.25.v20180904.jar:/home/user/.m2/repository/commons-daemon/commons-daemon/1.0.13/commons-daemon-1.0.13.jar:/home/user/.m2/repository/io/netty/netty/3.10.5.Final/netty-3.10.5.Final.jar:/home/user/.m2/repository/io/netty/netty-all/4.0.52.Final/netty-all-4.0.52.Final.jar:/home/user/.m2/repository/org/fusesource/leveldbjni/leveldbjni-all/1.8/leveldbjni-all-1.8.jar:"/>
    <property name="java.vm.vendor" value="IcedTea"/>
    <property name="sun.arch.data.model" value="64"/>
    <property name="test.build.dir" value="/workdir/hadoop-ozone/integration-test/target/test-dir"/>
    <property name="test.cache.data" value=""/>
    <property name="java.vendor.url" value="https://icedtea.classpath.org"/>
    <property name="user.timezone" value=""/>
    <property name="java.vm.specification.version" value="1.8"/>
    <property name="os.name" value="Linux"/>
    <property name="test.build.data" value="/workdir/hadoop-ozone/integration-test/target/test-dir"/>
    <property name="user.country" value="US"/>
    <property name="sun.java.launcher" value="SUN_STANDARD"/>
    <property name="sun.boot.library.path" value="/usr/lib/jvm/java-1.8-openjdk/jre/lib/amd64"/>
    <property name="sun.java.command" value="/workdir/hadoop-ozone/integration-test/target/surefire/surefirebooter2741734687605523242.jar /workdir/hadoop-ozone/integration-test/target/surefire 2019-09-26T15-34-27_911-jvmRun1 surefire4929155273696070020tmp surefire_355516839713155751353tmp"/>
    <property name="test" value="!TestMiniChaosOzoneCluster"/>
    <property name="surefire.test.class.path" value="/workdir/hadoop-ozone/integration-test/target/test-classes:/workdir/hadoop-ozone/integration-test/target/classes:/home/user/.m2/repository/org/apache/hadoop/hadoop-ozone-common/0.5.0-SNAPSHOT/hadoop-ozone-common-0.5.0-SNAPSHOT.jar:/home/user/.m2/repository/org/apache/commons/commons-compress/1.4.1/commons-compress-1.4.1.jar:/home/user/.m2/repository/org/tukaani/xz/1.0/xz-1.0.jar:/home/user/.m2/repository/org/apache/hadoop/hadoop-common/3.2.0/hadoop-common-3.2.0.jar:/home/user/.m2/repository/org/apache/hadoop/hadoop-hdfs/3.2.0/hadoop-hdfs-3.2.0.jar:/home/user/.m2/repository/org/apache/hadoop/hadoop-hdfs-client/3.2.0/hadoop-hdfs-client-3.2.0.jar:/home/user/.m2/repository/com/fasterxml/jackson/core/jackson-annotations/2.9.9/jackson-annotations-2.9.9.jar:/home/user/.m2/repository/org/apache/hadoop/hadoop-hdds-common/0.5.0-SNAPSHOT/hadoop-hdds-common-0.5.0-SNAPSHOT.jar:/home/user/.m2/repository/javax/annotation/javax.annotation-api/1.2/javax.annotation-api-1.2.jar:/home/user/.m2/repository/org/apache/ratis/ratis-server/0.4.0/ratis-server-0.4.0.jar:/home/user/.m2/repository/org/apache/ratis/ratis-thirdparty-misc/0.2.0/ratis-thirdparty-misc-0.2.0.jar:/home/user/.m2/repository/org/apache/ratis/ratis-proto/0.4.0/ratis-proto-0.4.0.jar:/home/user/.m2/repository/org/apache/ratis/ratis-common/0.4.0/ratis-common-0.4.0.jar:/home/user/.m2/repository/org/apache/ratis/ratis-client/0.4.0/ratis-client-0.4.0.jar:/home/user/.m2/repository/org/apache/ratis/ratis-metrics/0.4.0/ratis-metrics-0.4.0.jar:/home/user/.m2/repository/com/github/joshelser/dropwizard-metrics-hadoop-metrics2-reporter/0.1.2/dropwizard-metrics-hadoop-metrics2-reporter-0.1.2.jar:/home/user/.m2/repository/io/dropwizard/metrics/metrics-jvm/3.2.5/metrics-jvm-3.2.5.jar:/home/user/.m2/repository/io/dropwizard/metrics/metrics-ganglia/3.2.5/metrics-ganglia-3.2.5.jar:/home/user/.m2/repository/info/ganglia/gmetric4j/gmetric4j/1.0.7/gmetric4j-1.0.7.jar:/home/user/.m2/repository/org/apache/ratis/ratis-netty/0.4.0/ratis-netty-0.4.0.jar:/home/user/.m2/repository/org/apache/ratis/ratis-grpc/0.4.0/ratis-grpc-0.4.0.jar:/home/user/.m2/repository/org/rocksdb/rocksdbjni/6.0.1/rocksdbjni-6.0.1.jar:/home/user/.m2/repository/org/apache/logging/log4j/log4j-api/2.11.0/log4j-api-2.11.0.jar:/home/user/.m2/repository/org/apache/logging/log4j/log4j-core/2.11.0/log4j-core-2.11.0.jar:/home/user/.m2/repository/com/lmax/disruptor/3.4.2/disruptor-3.4.2.jar:/home/user/.m2/repository/org/apache/commons/commons-pool2/2.6.0/commons-pool2-2.6.0.jar:/home/user/.m2/repository/org/bouncycastle/bcpkix-jdk15on/1.60/bcpkix-jdk15on-1.60.jar:/home/user/.m2/repository/commons-validator/commons-validator/1.6/commons-validator-1.6.jar:/home/user/.m2/repository/commons-digester/commons-digester/1.8.1/commons-digester-1.8.1.jar:/home/user/.m2/repository/io/jaegertracing/jaeger-client/0.34.0/jaeger-client-0.34.0.jar:/home/user/.m2/repository/io/jaegertracing/jaeger-thrift/0.34.0/jaeger-thrift-0.34.0.jar:/home/user/.m2/repository/org/apache/thrift/libthrift/0.12.0/libthrift-0.12.0.jar:/home/user/.m2/repository/com/squareup/okhttp3/okhttp/3.9.0/okhttp-3.9.0.jar:/home/user/.m2/repository/com/squareup/okio/okio/1.13.0/okio-1.13.0.jar:/home/user/.m2/repository/io/jaegertracing/jaeger-core/0.34.0/jaeger-core-0.34.0.jar:/home/user/.m2/repository/io/jaegertracing/jaeger-tracerresolver/0.34.0/jaeger-tracerresolver-0.34.0.jar:/home/user/.m2/repository/io/opentracing/contrib/opentracing-tracerresolver/0.1.5/opentracing-tracerresolver-0.1.5.jar:/home/user/.m2/repository/io/opentracing/opentracing-util/0.31.0/opentracing-util-0.31.0.jar:/home/user/.m2/repository/io/opentracing/opentracing-api/0.31.0/opentracing-api-0.31.0.jar:/home/user/.m2/repository/io/opentracing/opentracing-noop/0.31.0/opentracing-noop-0.31.0.jar:/home/user/.m2/repository/org/apache/hadoop/hadoop-hdds-server-framework/0.5.0-SNAPSHOT/hadoop-hdds-server-framework-0.5.0-SNAPSHOT.jar:/home/user/.m2/repository/org/apache/hadoop/hadoop-hdds-container-service/0.5.0-SNAPSHOT/hadoop-hdds-container-service-0.5.0-SNAPSHOT.jar:/home/user/.m2/repository/org/apache/hadoop/hadoop-hdds-client/0.5.0-SNAPSHOT/hadoop-hdds-client-0.5.0-SNAPSHOT.jar:/home/user/.m2/repository/org/apache/hadoop/hadoop-hdds-tools/0.5.0-SNAPSHOT/hadoop-hdds-tools-0.5.0-SNAPSHOT.jar:/home/user/.m2/repository/org/apache/hadoop/hadoop-hdds-server-scm/0.5.0-SNAPSHOT/hadoop-hdds-server-scm-0.5.0-SNAPSHOT.jar:/home/user/.m2/repository/org/apache/hadoop/hadoop-hdds-docs/0.5.0-SNAPSHOT/hadoop-hdds-docs-0.5.0-SNAPSHOT.jar:/home/user/.m2/repository/io/dropwizard/metrics/metrics-core/3.2.4/metrics-core-3.2.4.jar:/home/user/.m2/repository/org/hamcrest/hamcrest-all/1.3/hamcrest-all-1.3.jar:/home/user/.m2/repository/org/bouncycastle/bcprov-jdk15on/1.60/bcprov-jdk15on-1.60.jar:/home/user/.m2/repository/info/picocli/picocli/3.9.6/picocli-3.9.6.jar:/home/user/.m2/repository/com/google/protobuf/protobuf-java/2.5.0/protobuf-java-2.5.0.jar:/home/user/.m2/repository/com/google/guava/guava/11.0.2/guava-11.0.2.jar:/home/user/.m2/repository/org/apache/hadoop/hadoop-ozone-ozone-manager/0.5.0-SNAPSHOT/hadoop-ozone-ozone-manager-0.5.0-SNAPSHOT.jar:/home/user/.m2/repository/org/apache/hadoop/hadoop-minikdc/3.2.0/hadoop-minikdc-3.2.0.jar:/home/user/.m2/repository/commons-io/commons-io/2.5/commons-io-2.5.jar:/home/user/.m2/repository/org/apache/kerby/kerb-simplekdc/1.0.1/kerb-simplekdc-1.0.1.jar:/home/user/.m2/repository/org/apache/kerby/kerb-client/1.0.1/kerb-client-1.0.1.jar:/home/user/.m2/repository/org/apache/kerby/kerby-config/1.0.1/kerby-config-1.0.1.jar:/home/user/.m2/repository/org/apache/kerby/kerb-core/1.0.1/kerb-core-1.0.1.jar:/home/user/.m2/repository/org/apache/kerby/kerby-pkix/1.0.1/kerby-pkix-1.0.1.jar:/home/user/.m2/repository/org/apache/kerby/kerby-asn1/1.0.1/kerby-asn1-1.0.1.jar:/home/user/.m2/repository/org/apache/kerby/kerby-util/1.0.1/kerby-util-1.0.1.jar:/home/user/.m2/repository/org/apache/kerby/kerb-common/1.0.1/kerb-common-1.0.1.jar:/home/user/.m2/repository/org/apache/kerby/kerb-crypto/1.0.1/kerb-crypto-1.0.1.jar:/home/user/.m2/repository/org/apache/kerby/kerb-util/1.0.1/kerb-util-1.0.1.jar:/home/user/.m2/repository/org/apache/kerby/token-provider/1.0.1/token-provider-1.0.1.jar:/home/user/.m2/repository/org/apache/kerby/kerb-admin/1.0.1/kerb-admin-1.0.1.jar:/home/user/.m2/repository/org/apache/kerby/kerb-server/1.0.1/kerb-server-1.0.1.jar:/home/user/.m2/repository/org/apache/kerby/kerb-identity/1.0.1/kerb-identity-1.0.1.jar:/home/user/.m2/repository/org/apache/kerby/kerby-xdr/1.0.1/kerby-xdr-1.0.1.jar:/home/user/.m2/repository/org/slf4j/slf4j-log4j12/1.7.25/slf4j-log4j12-1.7.25.jar:/home/user/.m2/repository/org/apache/hadoop/hadoop-ozone-s3gateway/0.5.0-SNAPSHOT/hadoop-ozone-s3gateway-0.5.0-SNAPSHOT.jar:/home/user/.m2/repository/org/jboss/weld/servlet/weld-servlet/2.4.7.Final/weld-servlet-2.4.7.Final.jar:/home/user/.m2/repository/org/glassfish/jersey/containers/jersey-container-servlet-core/2.27/jersey-container-servlet-core-2.27.jar:/home/user/.m2/repository/org/glassfish/hk2/external/javax.inject/2.5.0-b42/javax.inject-2.5.0-b42.jar:/home/user/.m2/repository/org/glassfish/jersey/core/jersey-common/2.27/jersey-common-2.27.jar:/home/user/.m2/repository/org/glassfish/hk2/osgi-resource-locator/1.0.1/osgi-resource-locator-1.0.1.jar:/home/user/.m2/repository/javax/ws/rs/javax.ws.rs-api/2.1/javax.ws.rs-api-2.1.jar:/home/user/.m2/repository/org/glassfish/jersey/ext/cdi/jersey-cdi1x/2.27/jersey-cdi1x-2.27.jar:/home/user/.m2/repository/org/glassfish/jersey/inject/jersey-hk2/2.27/jersey-hk2-2.27.jar:/home/user/.m2/repository/org/glassfish/hk2/hk2-locator/2.5.0-b42/hk2-locator-2.5.0-b42.jar:/home/user/.m2/repository/org/javassist/javassist/3.22.0-CR2/javassist-3.22.0-CR2.jar:/home/user/.m2/repository/org/glassfish/hk2/hk2-api/2.5.0/hk2-api-2.5.0.jar:/home/user/.m2/repository/org/glassfish/hk2/external/jakarta.inject/2.5.0/jakarta.inject-2.5.0.jar:/home/user/.m2/repository/org/glassfish/hk2/hk2-utils/2.5.0/hk2-utils-2.5.0.jar:/home/user/.m2/repository/jakarta/annotation/jakarta.annotation-api/1.3.4/jakarta.annotation-api-1.3.4.jar:/home/user/.m2/repository/org/glassfish/hk2/external/aopalliance-repackaged/2.5.0/aopalliance-repackaged-2.5.0.jar:/home/user/.m2/repository/com/fasterxml/jackson/dataformat/jackson-dataformat-xml/2.9.0/jackson-dataformat-xml-2.9.0.jar:/home/user/.m2/repository/com/fasterxml/jackson/core/jackson-core/2.9.9/jackson-core-2.9.9.jar:/home/user/.m2/repository/com/fasterxml/jackson/module/jackson-module-jaxb-annotations/2.9.9/jackson-module-jaxb-annotations-2.9.9.jar:/home/user/.m2/repository/javax/enterprise/cdi-api/1.2/cdi-api-1.2.jar:/home/user/.m2/repository/javax/el/javax.el-api/3.0.0/javax.el-api-3.0.0.jar:/home/user/.m2/repository/javax/interceptor/javax.interceptor-api/1.2/javax.interceptor-api-1.2.jar:/home/user/.m2/repository/javax/inject/javax.inject/1/javax.inject-1.jar:/home/user/.m2/repository/com/sun/xml/bind/jaxb-impl/2.3.0.1/jaxb-impl-2.3.0.1.jar:/home/user/.m2/repository/com/sun/xml/bind/jaxb-core/2.3.0.1/jaxb-core-2.3.0.1.jar:/home/user/.m2/repository/javax/xml/bind/jaxb-api/2.3.0/jaxb-api-2.3.0.jar:/home/user/.m2/repository/javax/activation/activation/1.1.1/activation-1.1.1.jar:/home/user/.m2/repository/org/apache/hadoop/hadoop-ozone-csi/0.5.0-SNAPSHOT/hadoop-ozone-csi-0.5.0-SNAPSHOT.jar:/home/user/.m2/repository/com/google/protobuf/protobuf-java-util/3.5.1/protobuf-java-util-3.5.1.jar:/home/user/.m2/repository/org/apache/hadoop/hadoop-hdds-config/0.5.0-SNAPSHOT/hadoop-hdds-config-0.5.0-SNAPSHOT.jar:/home/user/.m2/repository/io/grpc/grpc-netty/1.17.1/grpc-netty-1.17.1.jar:/home/user/.m2/repository/io/grpc/grpc-core/1.17.1/grpc-core-1.17.1.jar:/home/user/.m2/repository/io/grpc/grpc-context/1.17.1/grpc-context-1.17.1.jar:/home/user/.m2/repository/com/google/errorprone/error_prone_annotations/2.2.0/error_prone_annotations-2.2.0.jar:/home/user/.m2/repository/org/codehaus/mojo/animal-sniffer-annotations/1.17/animal-sniffer-annotations-1.17.jar:/home/user/.m2/repository/io/opencensus/opencensus-api/0.17.0/opencensus-api-0.17.0.jar:/home/user/.m2/repository/io/opencensus/opencensus-contrib-grpc-metrics/0.17.0/opencensus-contrib-grpc-metrics-0.17.0.jar:/home/user/.m2/repository/io/netty/netty-codec-http2/4.1.30.Final/netty-codec-http2-4.1.30.Final.jar:/home/user/.m2/repository/io/netty/netty-codec-http/4.1.30.Final/netty-codec-http-4.1.30.Final.jar:/home/user/.m2/repository/io/netty/netty-codec/4.1.30.Final/netty-codec-4.1.30.Final.jar:/home/user/.m2/repository/io/netty/netty-handler/4.1.30.Final/netty-handler-4.1.30.Final.jar:/home/user/.m2/repository/io/netty/netty-handler-proxy/4.1.30.Final/netty-handler-proxy-4.1.30.Final.jar:/home/user/.m2/repository/io/netty/netty-codec-socks/4.1.30.Final/netty-codec-socks-4.1.30.Final.jar:/home/user/.m2/repository/io/netty/netty-transport-native-epoll/4.1.30.Final/netty-transport-native-epoll-4.1.30.Final.jar:/home/user/.m2/repository/io/netty/netty-common/4.1.30.Final/netty-common-4.1.30.Final.jar:/home/user/.m2/repository/io/netty/netty-buffer/4.1.30.Final/netty-buffer-4.1.30.Final.jar:/home/user/.m2/repository/io/netty/netty-transport/4.1.30.Final/netty-transport-4.1.30.Final.jar:/home/user/.m2/repository/io/netty/netty-resolver/4.1.30.Final/netty-resolver-4.1.30.Final.jar:/home/user/.m2/repository/io/netty/netty-transport-native-unix-common/4.1.30.Final/netty-transport-native-unix-common-4.1.30.Final.jar:/home/user/.m2/repository/io/grpc/grpc-protobuf/1.17.1/grpc-protobuf-1.17.1.jar:/home/user/.m2/repository/com/google/api/grpc/proto-google-common-protos/1.0.0/proto-google-common-protos-1.0.0.jar:/home/user/.m2/repository/io/grpc/grpc-protobuf-lite/1.17.1/grpc-protobuf-lite-1.17.1.jar:/home/user/.m2/repository/io/grpc/grpc-stub/1.17.1/grpc-stub-1.17.1.jar:/home/user/.m2/repository/org/apache/hadoop/hadoop-ozone-recon/0.5.0-SNAPSHOT/hadoop-ozone-recon-0.5.0-SNAPSHOT.jar:/home/user/.m2/repository/org/apache/hadoop/hadoop-ozone-reconcodegen/0.5.0-SNAPSHOT/hadoop-ozone-reconcodegen-0.5.0-SNAPSHOT.jar:/home/user/.m2/repository/com/google/inject/extensions/guice-multibindings/4.0/guice-multibindings-4.0.jar:/home/user/.m2/repository/com/google/inject/guice/4.0/guice-4.0.jar:/home/user/.m2/repository/aopalliance/aopalliance/1.0/aopalliance-1.0.jar:/home/user/.m2/repository/com/google/inject/extensions/guice-servlet/4.0/guice-servlet-4.0.jar:/home/user/.m2/repository/org/glassfish/jersey/containers/jersey-container-servlet/2.27/jersey-container-servlet-2.27.jar:/home/user/.m2/repository/org/glassfish/hk2/guice-bridge/2.5.0/guice-bridge-2.5.0.jar:/home/user/.m2/repository/org/glassfish/jersey/core/jersey-server/2.27/jersey-server-2.27.jar:/home/user/.m2/repository/org/glassfish/jersey/core/jersey-client/2.27/jersey-client-2.27.jar:/home/user/.m2/repository/org/glassfish/jersey/media/jersey-media-jaxb/2.27/jersey-media-jaxb-2.27.jar:/home/user/.m2/repository/javax/validation/validation-api/1.1.0.Final/validation-api-1.1.0.Final.jar:/home/user/.m2/repository/org/glassfish/jersey/media/jersey-media-json-jackson/2.27/jersey-media-json-jackson-2.27.jar:/home/user/.m2/repository/org/glassfish/jersey/ext/jersey-entity-filtering/2.27/jersey-entity-filtering-2.27.jar:/home/user/.m2/repository/com/google/inject/extensions/guice-assistedinject/4.0/guice-assistedinject-4.0.jar:/home/user/.m2/repository/org/jooq/jooq/3.11.10/jooq-3.11.10.jar:/home/user/.m2/repository/org/jooq/jooq-meta/3.11.10/jooq-meta-3.11.10.jar:/home/user/.m2/repository/org/jooq/jooq-codegen/3.11.10/jooq-codegen-3.11.10.jar:/home/user/.m2/repository/com/jolbox/bonecp/0.8.0.RELEASE/bonecp-0.8.0.RELEASE.jar:/home/user/.m2/repository/org/xerial/sqlite-jdbc/3.25.2/sqlite-jdbc-3.25.2.jar:/home/user/.m2/repository/org/springframework/spring-jdbc/5.1.3.RELEASE/spring-jdbc-5.1.3.RELEASE.jar:/home/user/.m2/repository/org/springframework/spring-beans/5.1.3.RELEASE/spring-beans-5.1.3.RELEASE.jar:/home/user/.m2/repository/org/springframework/spring-core/5.1.3.RELEASE/spring-core-5.1.3.RELEASE.jar:/home/user/.m2/repository/org/springframework/spring-jcl/5.1.3.RELEASE/spring-jcl-5.1.3.RELEASE.jar:/home/user/.m2/repository/org/springframework/spring-tx/5.1.3.RELEASE/spring-tx-5.1.3.RELEASE.jar:/home/user/.m2/repository/org/apache/hadoop/hadoop-ozone-client/0.5.0-SNAPSHOT/hadoop-ozone-client-0.5.0-SNAPSHOT.jar:/home/user/.m2/repository/commons-lang/commons-lang/2.6/commons-lang-2.6.jar:/home/user/.m2/repository/org/apache/hadoop/hadoop-ozone-ozone-manager/0.5.0-SNAPSHOT/hadoop-ozone-ozone-manager-0.5.0-SNAPSHOT-tests.jar:/home/user/.m2/repository/junit/junit/4.11/junit-4.11.jar:/home/user/.m2/repository/org/hamcrest/hamcrest-core/1.3/hamcrest-core-1.3.jar:/home/user/.m2/repository/org/openjdk/jmh/jmh-core/1.19/jmh-core-1.19.jar:/home/user/.m2/repository/net/sf/jopt-simple/jopt-simple/4.6/jopt-simple-4.6.jar:/home/user/.m2/repository/org/apache/commons/commons-math3/3.1.1/commons-math3-3.1.1.jar:/home/user/.m2/repository/org/openjdk/jmh/jmh-generator-annprocess/1.19/jmh-generator-annprocess-1.19.jar:/home/user/.m2/repository/org/mockito/mockito-all/1.8.5/mockito-all-1.8.5.jar:/home/user/.m2/repository/org/apache/hadoop/hadoop-kms/3.2.0/hadoop-kms-3.2.0.jar:/home/user/.m2/repository/org/apache/hadoop/hadoop-auth/3.2.0/hadoop-auth-3.2.0.jar:/home/user/.m2/repository/com/nimbusds/nimbus-jose-jwt/4.41.1/nimbus-jose-jwt-4.41.1.jar:/home/user/.m2/repository/com/github/stephenc/jcip/jcip-annotations/1.0-1/jcip-annotations-1.0-1.jar:/home/user/.m2/repository/net/minidev/json-smart/2.3/json-smart-2.3.jar:/home/user/.m2/repository/net/minidev/accessors-smart/1.2/accessors-smart-1.2.jar:/home/user/.m2/repository/org/ow2/asm/asm/5.0.4/asm-5.0.4.jar:/home/user/.m2/repository/org/apache/curator/curator-framework/2.12.0/curator-framework-2.12.0.jar:/home/user/.m2/repository/com/sun/jersey/jersey-core/1.19/jersey-core-1.19.jar:/home/user/.m2/repository/javax/ws/rs/jsr311-api/1.1.1/jsr311-api-1.1.1.jar:/home/user/.m2/repository/com/sun/jersey/jersey-server/1.19/jersey-server-1.19.jar:/home/user/.m2/repository/javax/servlet/javax.servlet-api/3.1.0/javax.servlet-api-3.1.0.jar:/home/user/.m2/repository/org/eclipse/jetty/jetty-server/9.3.25.v20180904/jetty-server-9.3.25.v20180904.jar:/home/user/.m2/repository/org/eclipse/jetty/jetty-http/9.3.25.v20180904/jetty-http-9.3.25.v20180904.jar:/home/user/.m2/repository/org/eclipse/jetty/jetty-io/9.3.25.v20180904/jetty-io-9.3.25.v20180904.jar:/home/user/.m2/repository/org/eclipse/jetty/jetty-webapp/9.3.25.v20180904/jetty-webapp-9.3.25.v20180904.jar:/home/user/.m2/repository/org/eclipse/jetty/jetty-xml/9.3.25.v20180904/jetty-xml-9.3.25.v20180904.jar:/home/user/.m2/repository/log4j/log4j/1.2.17/log4j-1.2.17.jar:/home/user/.m2/repository/org/slf4j/slf4j-api/1.7.25/slf4j-api-1.7.25.jar:/home/user/.m2/repository/org/slf4j/jul-to-slf4j/1.7.25/jul-to-slf4j-1.7.25.jar:/home/user/.m2/repository/org/eclipse/jetty/jetty-util/9.3.25.v20180904/jetty-util-9.3.25.v20180904.jar:/home/user/.m2/repository/com/fasterxml/jackson/core/jackson-databind/2.9.9/jackson-databind-2.9.9.jar:/home/user/.m2/repository/org/apache/hadoop/hadoop-kms/3.2.0/hadoop-kms-3.2.0-tests.jar:/home/user/.m2/repository/org/apache/hadoop/hadoop-hdds-server-scm/0.5.0-SNAPSHOT/hadoop-hdds-server-scm-0.5.0-SNAPSHOT-tests.jar:/home/user/.m2/repository/org/apache/hadoop/hadoop-hdds-container-service/0.5.0-SNAPSHOT/hadoop-hdds-container-service-0.5.0-SNAPSHOT-tests.jar:/home/user/.m2/repository/org/yaml/snakeyaml/1.16/snakeyaml-1.16.jar:/home/user/.m2/repository/org/apache/hadoop/hadoop-common/3.2.0/hadoop-common-3.2.0-tests.jar:/home/user/.m2/repository/org/apache/hadoop/hadoop-annotations/3.2.0/hadoop-annotations-3.2.0.jar:/usr/lib/jvm/java-1.8-openjdk/jre/../lib/tools.jar:/home/user/.m2/repository/commons-cli/commons-cli/1.2/commons-cli-1.2.jar:/home/user/.m2/repository/org/apache/httpcomponents/httpclient/4.5.2/httpclient-4.5.2.jar:/home/user/.m2/repository/org/apache/httpcomponents/httpcore/4.4.4/httpcore-4.4.4.jar:/home/user/.m2/repository/commons-codec/commons-codec/1.11/commons-codec-1.11.jar:/home/user/.m2/repository/commons-net/commons-net/3.6/commons-net-3.6.jar:/home/user/.m2/repository/commons-collections/commons-collections/3.2.2/commons-collections-3.2.2.jar:/home/user/.m2/repository/org/eclipse/jetty/jetty-servlet/9.3.25.v20180904/jetty-servlet-9.3.25.v20180904.jar:/home/user/.m2/repository/org/eclipse/jetty/jetty-security/9.3.25.v20180904/jetty-security-9.3.25.v20180904.jar:/home/user/.m2/repository/javax/servlet/jsp/jsp-api/2.1/jsp-api-2.1.jar:/home/user/.m2/repository/com/sun/jersey/jersey-servlet/1.19/jersey-servlet-1.19.jar:/home/user/.m2/repository/com/sun/jersey/jersey-json/1.19/jersey-json-1.19.jar:/home/user/.m2/repository/org/codehaus/jettison/jettison/1.1/jettison-1.1.jar:/home/user/.m2/repository/org/codehaus/jackson/jackson-core-asl/1.9.13/jackson-core-asl-1.9.13.jar:/home/user/.m2/repository/org/codehaus/jackson/jackson-mapper-asl/1.9.13/jackson-mapper-asl-1.9.13.jar:/home/user/.m2/repository/org/codehaus/jackson/jackson-jaxrs/1.9.13/jackson-jaxrs-1.9.13.jar:/home/user/.m2/repository/org/codehaus/jackson/jackson-xc/1.9.13/jackson-xc-1.9.13.jar:/home/user/.m2/repository/commons-logging/commons-logging/1.1.3/commons-logging-1.1.3.jar:/home/user/.m2/repository/commons-beanutils/commons-beanutils/1.9.4/commons-beanutils-1.9.4.jar:/home/user/.m2/repository/org/apache/commons/commons-configuration2/2.1.1/commons-configuration2-2.1.1.jar:/home/user/.m2/repository/org/apache/commons/commons-lang3/3.7/commons-lang3-3.7.jar:/home/user/.m2/repository/org/apache/commons/commons-text/1.4/commons-text-1.4.jar:/home/user/.m2/repository/org/apache/avro/avro/1.7.7/avro-1.7.7.jar:/home/user/.m2/repository/com/thoughtworks/paranamer/paranamer/2.3/paranamer-2.3.jar:/home/user/.m2/repository/org/xerial/snappy/snappy-java/1.0.5/snappy-java-1.0.5.jar:/home/user/.m2/repository/com/google/re2j/re2j/1.1/re2j-1.1.jar:/home/user/.m2/repository/com/google/code/gson/gson/2.2.4/gson-2.2.4.jar:/home/user/.m2/repository/com/jcraft/jsch/0.1.54/jsch-0.1.54.jar:/home/user/.m2/repository/org/apache/curator/curator-client/2.12.0/curator-client-2.12.0.jar:/home/user/.m2/repository/org/apache/curator/curator-recipes/2.12.0/curator-recipes-2.12.0.jar:/home/user/.m2/repository/com/google/code/findbugs/jsr305/3.0.0/jsr305-3.0.0.jar:/home/user/.m2/repository/org/apache/htrace/htrace-core4/4.1.0-incubating/htrace-core4-4.1.0-incubating.jar:/home/user/.m2/repository/org/apache/zookeeper/zookeeper/3.4.13/zookeeper-3.4.13.jar:/home/user/.m2/repository/jline/jline/0.9.94/jline-0.9.94.jar:/home/user/.m2/repository/org/apache/yetus/audience-annotations/0.5.0/audience-annotations-0.5.0.jar:/home/user/.m2/repository/org/codehaus/woodstox/stax2-api/3.1.4/stax2-api-3.1.4.jar:/home/user/.m2/repository/com/fasterxml/woodstox/woodstox-core/5.0.3/woodstox-core-5.0.3.jar:/home/user/.m2/repository/dnsjava/dnsjava/2.1.7/dnsjava-2.1.7.jar:/home/user/.m2/repository/org/apache/hadoop/hadoop-hdfs/3.2.0/hadoop-hdfs-3.2.0-tests.jar:/home/user/.m2/repository/org/eclipse/jetty/jetty-util-ajax/9.3.25.v20180904/jetty-util-ajax-9.3.25.v20180904.jar:/home/user/.m2/repository/commons-daemon/commons-daemon/1.0.13/commons-daemon-1.0.13.jar:/home/user/.m2/repository/io/netty/netty/3.10.5.Final/netty-3.10.5.Final.jar:/home/user/.m2/repository/io/netty/netty-all/4.0.52.Final/netty-all-4.0.52.Final.jar:/home/user/.m2/repository/org/fusesource/leveldbjni/leveldbjni-all/1.8/leveldbjni-all-1.8.jar:"/>
    <property name="sun.cpu.endian" value="little"/>
    <property name="user.home" value="/home/user"/>
    <property name="user.language" value="en"/>
    <property name="java.specification.vendor" value="Oracle Corporation"/>
    <property name="java.home" value="/usr/lib/jvm/java-1.8-openjdk/jre"/>
    <property name="java.security.krb5.conf" value="/workdir/hadoop-ozone/integration-test/target/test-classes/krb5.conf"/>
    <property name="basedir" value="/workdir/hadoop-ozone/integration-test"/>
    <property name="file.separator" value="/"/>
    <property name="line.separator" value="&#10;"/>
    <property name="java.vm.specification.vendor" value="Oracle Corporation"/>
    <property name="java.specification.name" value="Java Platform API Specification"/>
    <property name="java.awt.graphicsenv" value="sun.awt.X11GraphicsEnvironment"/>
    <property name="surefire.real.class.path" value="/workdir/hadoop-ozone/integration-test/target/surefire/surefirebooter2741734687605523242.jar"/>
    <property name="hadoop.log.dir" value="/workdir/hadoop-ozone/integration-test/target/log"/>
    <property name="sun.boot.class.path" value="/usr/lib/jvm/java-1.8-openjdk/jre/lib/resources.jar:/usr/lib/jvm/java-1.8-openjdk/jre/lib/rt.jar:/usr/lib/jvm/java-1.8-openjdk/jre/lib/sunrsasign.jar:/usr/lib/jvm/java-1.8-openjdk/jre/lib/jsse.jar:/usr/lib/jvm/java-1.8-openjdk/jre/lib/jce.jar:/usr/lib/jvm/java-1.8-openjdk/jre/lib/charsets.jar:/usr/lib/jvm/java-1.8-openjdk/jre/lib/jfr.jar:/usr/lib/jvm/java-1.8-openjdk/jre/classes"/>
    <property name="sun.management.compiler" value="HotSpot 64-Bit Tiered Compilers"/>
    <property name="java.runtime.version" value="1.8.0_212-b04"/>
    <property name="java.net.preferIPv4Stack" value="true"/>
    <property name="user.name" value="jenkins1000"/>
    <property name="path.separator" value=":"/>
    <property name="java.security.egd" value="file:///dev/urandom"/>
    <property name="os.version" value="3.10.0-957.12.2.el7.x86_64"/>
    <property name="java.endorsed.dirs" value="/usr/lib/jvm/java-1.8-openjdk/jre/lib/endorsed"/>
    <property name="java.runtime.name" value="OpenJDK Runtime Environment"/>
    <property name="file.encoding" value="UTF-8"/>
    <property name="java.vm.name" value="OpenJDK 64-Bit Server VM"/>
    <property name="test.build.webapps" value=""/>
    <property name="localRepository" value="/home/user/.m2/repository"/>
    <property name="java.vendor.url.bug" value="https://icedtea.classpath.org/bugzilla"/>
    <property name="java.io.tmpdir" value="/tmp"/>
    <property name="require.test.libhadoop" value=""/>
    <property name="java.version" value="1.8.0_212"/>
    <property name="user.dir" value="/workdir/hadoop-ozone/integration-test"/>
    <property name="os.arch" value="amd64"/>
    <property name="java.vm.specification.name" value="Java Virtual Machine Specification"/>
    <property name="test.build.classes" value="/workdir/hadoop-ozone/integration-test/target/test-classes"/>
    <property name="java.awt.printerjob" value="sun.print.PSPrinterJob"/>
    <property name="sun.os.patch.level" value="unknown"/>
    <property name="hadoop.tmp.dir" value="/workdir/hadoop-ozone/integration-test/target/tmp"/>
    <property name="java.library.path" value="/usr/lib/jvm/java-1.8-openjdk/jre/lib/amd64/server:/usr/lib/jvm/java-1.8-openjdk/jre/lib/amd64:/usr/lib/jvm/java-1.8-openjdk/jre/../lib/amd64:/workdir/hadoop-ozone/integration-test/target/native/target/usr/local/lib:/workdir/hadoop-ozone/integration-test/../../hadoop-common-project/hadoop-common/target/native/target/usr/local/lib:/usr/java/packages/lib/amd64:/usr/lib64:/lib64:/lib:/usr/lib"/>
    <property name="java.vm.info" value="mixed mode"/>
    <property name="java.vendor" value="IcedTea"/>
    <property name="java.vm.version" value="25.212-b04"/>
    <property name="java.ext.dirs" value="/usr/lib/jvm/java-1.8-openjdk/jre/lib/ext:/usr/java/packages/lib/ext"/>
    <property name="sun.io.unicode.encoding" value="UnicodeLittle"/>
    <property name="java.class.version" value="52.0"/>
  </properties>
  <testcase name="org.apache.hadoop.ozone.client.rpc.TestCommitWatcher" classname="org.apache.hadoop.ozone.client.rpc.TestCommitWatcher" time="141.593">
    <error message="Connection refused" type="java.net.ConnectException"><![CDATA[java.net.ConnectException: Connection refused
	at sun.nio.ch.SocketChannelImpl.checkConnect(Native Method)
	at sun.nio.ch.SocketChannelImpl.finishConnect(SocketChannelImpl.java:717)
	at org.apache.hadoop.net.SocketIOWithTimeout.connect(SocketIOWithTimeout.java:206)
	at org.apache.hadoop.net.NetUtils.connect(NetUtils.java:531)
	at org.apache.hadoop.ipc.Client$Connection.setupConnection(Client.java:690)
	at org.apache.hadoop.ipc.Client$Connection.setupIOstreams(Client.java:794)
	at org.apache.hadoop.ipc.Client$Connection.access$3700(Client.java:411)
	at org.apache.hadoop.ipc.Client.getConnection(Client.java:1572)
	at org.apache.hadoop.ipc.Client.call(Client.java:1403)
	at org.apache.hadoop.ipc.Client.call(Client.java:1367)
	at org.apache.hadoop.ipc.ProtobufRpcEngine$Invoker.invoke(ProtobufRpcEngine.java:228)
	at org.apache.hadoop.ipc.ProtobufRpcEngine$Invoker.invoke(ProtobufRpcEngine.java:116)
	at com.sun.proxy.$Proxy36.submitRequest(Unknown Source)
	at sun.reflect.NativeMethodAccessorImpl.invoke0(Native Method)
	at sun.reflect.NativeMethodAccessorImpl.invoke(NativeMethodAccessorImpl.java:62)
	at sun.reflect.DelegatingMethodAccessorImpl.invoke(DelegatingMethodAccessorImpl.java:43)
	at java.lang.reflect.Method.invoke(Method.java:498)
	at org.apache.hadoop.io.retry.RetryInvocationHandler.invokeMethod(RetryInvocationHandler.java:422)
	at org.apache.hadoop.io.retry.RetryInvocationHandler$Call.invokeMethod(RetryInvocationHandler.java:165)
	at org.apache.hadoop.io.retry.RetryInvocationHandler$Call.invoke(RetryInvocationHandler.java:157)
	at org.apache.hadoop.io.retry.RetryInvocationHandler$Call.invokeOnce(RetryInvocationHandler.java:95)
	at org.apache.hadoop.io.retry.RetryInvocationHandler.invoke(RetryInvocationHandler.java:359)
	at com.sun.proxy.$Proxy36.submitRequest(Unknown Source)
	at org.apache.hadoop.ozone.om.protocolPB.OzoneManagerProtocolClientSideTranslatorPB.submitRequest(OzoneManagerProtocolClientSideTranslatorPB.java:338)
	at org.apache.hadoop.ozone.om.protocolPB.OzoneManagerProtocolClientSideTranslatorPB.getServiceInfo(OzoneManagerProtocolClientSideTranslatorPB.java:1223)
	at sun.reflect.NativeMethodAccessorImpl.invoke0(Native Method)
	at sun.reflect.NativeMethodAccessorImpl.invoke(NativeMethodAccessorImpl.java:62)
	at sun.reflect.DelegatingMethodAccessorImpl.invoke(DelegatingMethodAccessorImpl.java:43)
	at java.lang.reflect.Method.invoke(Method.java:498)
	at org.apache.hadoop.hdds.tracing.TraceAllMethod.invoke(TraceAllMethod.java:66)
	at com.sun.proxy.$Proxy37.getServiceInfo(Unknown Source)
	at org.apache.hadoop.ozone.client.rpc.RpcClient.<init>(RpcClient.java:154)
	at org.apache.hadoop.ozone.client.OzoneClientFactory.getClientProtocol(OzoneClientFactory.java:256)
	at org.apache.hadoop.ozone.client.OzoneClientFactory.getClientProtocol(OzoneClientFactory.java:239)
	at org.apache.hadoop.ozone.client.OzoneClientFactory.getClient(OzoneClientFactory.java:75)
	at org.apache.hadoop.ozone.client.rpc.TestCommitWatcher.init(TestCommitWatcher.java:107)
	at sun.reflect.NativeMethodAccessorImpl.invoke0(Native Method)
	at sun.reflect.NativeMethodAccessorImpl.invoke(NativeMethodAccessorImpl.java:62)
	at sun.reflect.DelegatingMethodAccessorImpl.invoke(DelegatingMethodAccessorImpl.java:43)
	at java.lang.reflect.Method.invoke(Method.java:498)
	at org.junit.runners.model.FrameworkMethod$1.runReflectiveCall(FrameworkMethod.java:47)
	at org.junit.internal.runners.model.ReflectiveCallable.run(ReflectiveCallable.java:12)
	at org.junit.runners.model.FrameworkMethod.invokeExplosively(FrameworkMethod.java:44)
	at org.junit.internal.runners.statements.RunBefores.evaluate(RunBefores.java:24)
	at org.junit.internal.runners.statements.RunAfters.evaluate(RunAfters.java:27)
	at org.junit.runners.ParentRunner.run(ParentRunner.java:309)
	at org.apache.maven.surefire.junit4.JUnit4Provider.execute(JUnit4Provider.java:365)
	at org.apache.maven.surefire.junit4.JUnit4Provider.executeWithRerun(JUnit4Provider.java:273)
	at org.apache.maven.surefire.junit4.JUnit4Provider.executeTestSet(JUnit4Provider.java:238)
	at org.apache.maven.surefire.junit4.JUnit4Provider.invoke(JUnit4Provider.java:159)
	at org.apache.maven.surefire.booter.ForkedBooter.invokeProviderInSameClassLoader(ForkedBooter.java:384)
	at org.apache.maven.surefire.booter.ForkedBooter.runSuitesInProcess(ForkedBooter.java:345)
	at org.apache.maven.surefire.booter.ForkedBooter.execute(ForkedBooter.java:126)
	at org.apache.maven.surefire.booter.ForkedBooter.main(ForkedBooter.java:418)
]]></error>
    <system-out><![CDATA[2019-09-26 16:27:35,449 [main] WARN  server.ServerUtils (ServerUtils.java:getScmDbDir(145)) - ozone.scm.db.dirs is not configured. We recommend adding this setting. Falling back to ozone.metadata.dirs instead.
2019-09-26 16:27:35,589 [main] WARN  server.ServerUtils (ServerUtils.java:getScmDbDir(145)) - ozone.scm.db.dirs is not configured. We recommend adding this setting. Falling back to ozone.metadata.dirs instead.
2019-09-26 16:27:35,594 [main] WARN  server.ServerUtils (ServerUtils.java:getScmDbDir(145)) - ozone.scm.db.dirs is not configured. We recommend adding this setting. Falling back to ozone.metadata.dirs instead.
2019-09-26 16:27:35,620 [main] INFO  util.log (Log.java:initialized(192)) - Logging initialized @965ms
2019-09-26 16:27:35,742 [main] INFO  db.DBStoreBuilder (DBStoreBuilder.java:addTable(110)) - using custom profile for table: deletedBlocks
2019-09-26 16:27:35,743 [main] INFO  db.DBStoreBuilder (DBStoreBuilder.java:processTables(161)) - Using default column profile:DBProfile.DISK for Table:deletedBlocks
2019-09-26 16:27:35,743 [main] INFO  db.DBStoreBuilder (DBStoreBuilder.java:addTable(110)) - using custom profile for table: validCerts
2019-09-26 16:27:35,743 [main] INFO  db.DBStoreBuilder (DBStoreBuilder.java:processTables(161)) - Using default column profile:DBProfile.DISK for Table:validCerts
2019-09-26 16:27:35,744 [main] INFO  db.DBStoreBuilder (DBStoreBuilder.java:addTable(110)) - using custom profile for table: revokedCerts
2019-09-26 16:27:35,744 [main] INFO  db.DBStoreBuilder (DBStoreBuilder.java:processTables(161)) - Using default column profile:DBProfile.DISK for Table:revokedCerts
2019-09-26 16:27:35,758 [main] INFO  db.DBStoreBuilder (DBStoreBuilder.java:addTable(110)) - using custom profile for table: default
2019-09-26 16:27:35,758 [main] INFO  db.DBStoreBuilder (DBStoreBuilder.java:processTables(167)) - Using default column profile:DBProfile.DISK for Table:default
2019-09-26 16:27:35,759 [main] INFO  db.DBStoreBuilder (DBStoreBuilder.java:getDbProfile(198)) - Using default options. DBProfile.DISK
2019-09-26 16:27:35,996 [main] INFO  net.NodeSchemaLoader (NodeSchemaLoader.java:loadSchemaFromFile(125)) - Loading file from sun.misc.CompoundEnumeration@30c15d8b
2019-09-26 16:27:35,998 [main] INFO  net.NodeSchemaLoader (NodeSchemaLoader.java:loadSchema(171)) - Loading network topology layer schema file
2019-09-26 16:27:36,071 [main] INFO  node.SCMNodeManager (SCMNodeManager.java:<init>(114)) - Entering startup safe mode.
2019-09-26 16:27:36,147 [main] INFO  algorithms.ContainerPlacementPolicyFactory (ContainerPlacementPolicyFactory.java:getPolicy(57)) - Create container placement policy of type org.apache.hadoop.hdds.scm.container.placement.algorithms.SCMContainerPlacementRandom
2019-09-26 16:27:36,162 [main] WARN  server.ServerUtils (ServerUtils.java:getScmDbDir(145)) - ozone.scm.db.dirs is not configured. We recommend adding this setting. Falling back to ozone.metadata.dirs instead.
2019-09-26 16:27:36,222 [main] INFO  pipeline.SCMPipelineManager (SCMPipelineManager.java:initializePipelineState(132)) - No pipeline exists in current db
2019-09-26 16:27:36,225 [main] WARN  server.ServerUtils (ServerUtils.java:getScmDbDir(145)) - ozone.scm.db.dirs is not configured. We recommend adding this setting. Falling back to ozone.metadata.dirs instead.
2019-09-26 16:27:36,346 [main] WARN  events.EventQueue (EventQueue.java:fireEvent(183)) - No event handler registered for event TypedEvent{payloadType=SafeModeStatus, name='SafeModeStatus'}
2019-09-26 16:27:36,712 [main] INFO  ipc.CallQueueManager (CallQueueManager.java:<init>(84)) - Using callQueue: class java.util.concurrent.LinkedBlockingQueue, queueCapacity: 2000, scheduler: class org.apache.hadoop.ipc.DefaultRpcScheduler, ipcBackoff: false.
2019-09-26 16:27:36,866 [Socket Reader #1 for port 34427] INFO  ipc.Server (Server.java:run(1074)) - Starting Socket Reader #1 for port 34427
2019-09-26 16:27:36,910 [main] INFO  ipc.CallQueueManager (CallQueueManager.java:<init>(84)) - Using callQueue: class java.util.concurrent.LinkedBlockingQueue, queueCapacity: 2000, scheduler: class org.apache.hadoop.ipc.DefaultRpcScheduler, ipcBackoff: false.
2019-09-26 16:27:36,912 [Socket Reader #1 for port 37279] INFO  ipc.Server (Server.java:run(1074)) - Starting Socket Reader #1 for port 37279
2019-09-26 16:27:36,923 [main] INFO  ipc.CallQueueManager (CallQueueManager.java:<init>(84)) - Using callQueue: class java.util.concurrent.LinkedBlockingQueue, queueCapacity: 2000, scheduler: class org.apache.hadoop.ipc.DefaultRpcScheduler, ipcBackoff: false.
2019-09-26 16:27:36,924 [Socket Reader #1 for port 32799] INFO  ipc.Server (Server.java:run(1074)) - Starting Socket Reader #1 for port 32799
2019-09-26 16:27:36,953 [main] INFO  hdfs.DFSUtil (DFSUtil.java:httpServerTemplateForNNAndJN(1641)) - Starting Web-server for scm at: http://0.0.0.0:0
2019-09-26 16:27:37,123 [main] INFO  server.AuthenticationFilter (AuthenticationFilter.java:constructSecretProvider(240)) - Unable to initialize FileSignerSecretProvider, falling back to use random secrets.
2019-09-26 16:27:37,131 [main] WARN  http.HttpRequestLog (HttpRequestLog.java:getRequestLog(97)) - Jetty request log can only be enabled using Log4j
2019-09-26 16:27:37,139 [main] INFO  http.HttpServer2 (HttpServer2.java:addGlobalFilter(975)) - Added global filter 'safety' (class=org.apache.hadoop.http.HttpServer2$QuotingInputFilter)
2019-09-26 16:27:37,141 [main] INFO  http.HttpServer2 (HttpServer2.java:addFilter(948)) - Added filter static_user_filter (class=org.apache.hadoop.http.lib.StaticUserWebFilter$StaticUserFilter) to context scm
2019-09-26 16:27:37,142 [main] INFO  http.HttpServer2 (HttpServer2.java:addFilter(958)) - Added filter static_user_filter (class=org.apache.hadoop.http.lib.StaticUserWebFilter$StaticUserFilter) to context logs
2019-09-26 16:27:37,142 [main] INFO  http.HttpServer2 (HttpServer2.java:addFilter(958)) - Added filter static_user_filter (class=org.apache.hadoop.http.lib.StaticUserWebFilter$StaticUserFilter) to context static
2019-09-26 16:27:37,172 [main] INFO  server.StorageContainerManager (StorageContainerManager.java:start(770)) - StorageContainerLocationProtocol RPC server is listening at /0.0.0.0:32799
2019-09-26 16:27:37,235 [main] WARN  impl.MetricsConfig (MetricsConfig.java:loadFirst(134)) - Cannot locate configuration: tried hadoop-metrics2-storagecontainermanager.properties,hadoop-metrics2.properties
2019-09-26 16:27:37,248 [main] INFO  impl.MetricsSystemImpl (MetricsSystemImpl.java:startTimer(374)) - Scheduled Metric snapshot period at 10 second(s).
2019-09-26 16:27:37,248 [main] INFO  impl.MetricsSystemImpl (MetricsSystemImpl.java:start(191)) - StorageContainerManager metrics system started
2019-09-26 16:27:37,484 [main] INFO  server.SCMClientProtocolServer (SCMClientProtocolServer.java:start(151)) - RPC server for Client  is listening at /0.0.0.0:32799
2019-09-26 16:27:37,485 [IPC Server Responder] INFO  ipc.Server (Server.java:run(1314)) - IPC Server Responder: starting
2019-09-26 16:27:37,485 [IPC Server listener on 32799] INFO  ipc.Server (Server.java:run(1153)) - IPC Server listener on 32799: starting
2019-09-26 16:27:37,489 [main] INFO  server.StorageContainerManager (StorageContainerManager.java:start(780)) - ScmBlockLocationProtocol RPC server is listening at /0.0.0.0:37279
2019-09-26 16:27:37,491 [main] INFO  server.SCMBlockProtocolServer (SCMBlockProtocolServer.java:start(146)) - RPC server for Block Protocol is listening at /0.0.0.0:37279
2019-09-26 16:27:37,492 [IPC Server Responder] INFO  ipc.Server (Server.java:run(1314)) - IPC Server Responder: starting
2019-09-26 16:27:37,493 [IPC Server listener on 37279] INFO  ipc.Server (Server.java:run(1153)) - IPC Server listener on 37279: starting
2019-09-26 16:27:37,499 [main] INFO  server.StorageContainerManager (StorageContainerManager.java:start(784)) - ScmDatanodeProtocl RPC server is listening at /0.0.0.0:34427
2019-09-26 16:27:37,499 [main] INFO  server.SCMDatanodeProtocolServer (SCMDatanodeProtocolServer.java:start(191)) - RPC server for DataNodes is listening at /0.0.0.0:34427
2019-09-26 16:27:37,500 [IPC Server Responder] INFO  ipc.Server (Server.java:run(1314)) - IPC Server Responder: starting
2019-09-26 16:27:37,501 [IPC Server listener on 34427] INFO  ipc.Server (Server.java:run(1153)) - IPC Server listener on 34427: starting
2019-09-26 16:27:37,510 [main] INFO  http.HttpServer2 (HttpServer2.java:bindListener(1191)) - Jetty bound to port 44012
2019-09-26 16:27:37,512 [main] INFO  server.Server (Server.java:doStart(351)) - jetty-9.3.25.v20180904, build timestamp: 2018-09-04T21:11:46Z, git hash: 3ce520221d0240229c862b122d2b06c12a625732
2019-09-26 16:27:37,552 [main] INFO  handler.ContextHandler (ContextHandler.java:doStart(781)) - Started o.e.j.s.ServletContextHandler@56303b57{/logs,file:///workdir/hadoop-ozone/integration-test/target/log,AVAILABLE}
2019-09-26 16:27:37,553 [main] INFO  handler.ContextHandler (ContextHandler.java:doStart(781)) - Started o.e.j.s.ServletContextHandler@8692d67{/static,file:///workdir/hadoop-ozone/integration-test/target/test-classes/webapps/static,AVAILABLE}
2019-09-26 16:27:37,590 [main] INFO  handler.ContextHandler (ContextHandler.java:doStart(781)) - Started o.e.j.w.WebAppContext@5003041b{/,file:///workdir/hadoop-ozone/integration-test/target/test-classes/webapps/scm/,AVAILABLE}{/scm}
2019-09-26 16:27:37,597 [main] INFO  server.AbstractConnector (AbstractConnector.java:doStart(278)) - Started ServerConnector@1b822fcc{HTTP/1.1,[http/1.1]}{0.0.0.0:44012}
2019-09-26 16:27:37,598 [main] INFO  server.Server (Server.java:doStart(419)) - Started @2944ms
2019-09-26 16:27:37,602 [main] INFO  impl.MetricsSinkAdapter (MetricsSinkAdapter.java:start(204)) - Sink prometheus started
2019-09-26 16:27:37,602 [main] INFO  impl.MetricsSystemImpl (MetricsSystemImpl.java:registerSink(301)) - Registered sink prometheus
2019-09-26 16:27:37,604 [main] INFO  server.BaseHttpServer (BaseHttpServer.java:updateConnectorAddress(215)) - HTTP server of SCM is listening at http://0.0.0.0:44012
2019-09-26 16:27:37,610 [org.apache.hadoop.util.JvmPauseMonitor$Monitor@5aceec94] INFO  util.JvmPauseMonitor (JvmPauseMonitor.java:run(188)) - Starting JVM pause monitor
2019-09-26 16:27:37,613 [main] WARN  server.ServerUtils (ServerUtils.java:getDBPath(222)) - ozone.om.db.dirs is not configured. We recommend adding this setting. Falling back to ozone.metadata.dirs instead.
2019-09-26 16:27:37,723 [main] INFO  ha.OMHANodeDetails (OMHANodeDetails.java:loadOMHAConfig(194)) - Configuration either no ozone.om.address set. Falling back to the default OM address /127.0.0.1:0
2019-09-26 16:27:37,724 [main] INFO  ha.OMHANodeDetails (OMHANodeDetails.java:getOMNodeDetails(224)) - OM Service ID is not set. Setting it to the default ID: omServiceIdDefault
2019-09-26 16:27:37,725 [main] WARN  server.ServerUtils (ServerUtils.java:getDBPath(222)) - ozone.om.db.dirs is not configured. We recommend adding this setting. Falling back to ozone.metadata.dirs instead.
2019-09-26 16:27:37,726 [main] WARN  server.ServerUtils (ServerUtils.java:getDBPath(222)) - ozone.om.db.dirs is not configured. We recommend adding this setting. Falling back to ozone.metadata.dirs instead.
2019-09-26 16:27:38,314 [main] WARN  server.ServerUtils (ServerUtils.java:getDBPath(222)) - ozone.om.db.dirs is not configured. We recommend adding this setting. Falling back to ozone.metadata.dirs instead.
2019-09-26 16:27:38,320 [main] INFO  db.DBStoreBuilder (DBStoreBuilder.java:addTable(110)) - using custom profile for table: userTable
2019-09-26 16:27:38,320 [main] INFO  db.DBStoreBuilder (DBStoreBuilder.java:processTables(161)) - Using default column profile:DBProfile.DISK for Table:userTable
2019-09-26 16:27:38,321 [main] INFO  db.DBStoreBuilder (DBStoreBuilder.java:addTable(110)) - using custom profile for table: volumeTable
2019-09-26 16:27:38,321 [main] INFO  db.DBStoreBuilder (DBStoreBuilder.java:processTables(161)) - Using default column profile:DBProfile.DISK for Table:volumeTable
2019-09-26 16:27:38,321 [main] INFO  db.DBStoreBuilder (DBStoreBuilder.java:addTable(110)) - using custom profile for table: bucketTable
2019-09-26 16:27:38,321 [main] INFO  db.DBStoreBuilder (DBStoreBuilder.java:processTables(161)) - Using default column profile:DBProfile.DISK for Table:bucketTable
2019-09-26 16:27:38,321 [main] INFO  db.DBStoreBuilder (DBStoreBuilder.java:addTable(110)) - using custom profile for table: keyTable
2019-09-26 16:27:38,322 [main] INFO  db.DBStoreBuilder (DBStoreBuilder.java:processTables(161)) - Using default column profile:DBProfile.DISK for Table:keyTable
2019-09-26 16:27:38,322 [main] INFO  db.DBStoreBuilder (DBStoreBuilder.java:addTable(110)) - using custom profile for table: deletedTable
2019-09-26 16:27:38,322 [main] INFO  db.DBStoreBuilder (DBStoreBuilder.java:processTables(161)) - Using default column profile:DBProfile.DISK for Table:deletedTable
2019-09-26 16:27:38,322 [main] INFO  db.DBStoreBuilder (DBStoreBuilder.java:addTable(110)) - using custom profile for table: openKeyTable
2019-09-26 16:27:38,322 [main] INFO  db.DBStoreBuilder (DBStoreBuilder.java:processTables(161)) - Using default column profile:DBProfile.DISK for Table:openKeyTable
2019-09-26 16:27:38,323 [main] INFO  db.DBStoreBuilder (DBStoreBuilder.java:addTable(110)) - using custom profile for table: s3Table
2019-09-26 16:27:38,323 [main] INFO  db.DBStoreBuilder (DBStoreBuilder.java:processTables(161)) - Using default column profile:DBProfile.DISK for Table:s3Table
2019-09-26 16:27:38,323 [main] INFO  db.DBStoreBuilder (DBStoreBuilder.java:addTable(110)) - using custom profile for table: multipartInfoTable
2019-09-26 16:27:38,323 [main] INFO  db.DBStoreBuilder (DBStoreBuilder.java:processTables(161)) - Using default column profile:DBProfile.DISK for Table:multipartInfoTable
2019-09-26 16:27:38,323 [main] INFO  db.DBStoreBuilder (DBStoreBuilder.java:addTable(110)) - using custom profile for table: dTokenTable
2019-09-26 16:27:38,323 [main] INFO  db.DBStoreBuilder (DBStoreBuilder.java:processTables(161)) - Using default column profile:DBProfile.DISK for Table:dTokenTable
2019-09-26 16:27:38,324 [main] INFO  db.DBStoreBuilder (DBStoreBuilder.java:addTable(110)) - using custom profile for table: s3SecretTable
2019-09-26 16:27:38,324 [main] INFO  db.DBStoreBuilder (DBStoreBuilder.java:processTables(161)) - Using default column profile:DBProfile.DISK for Table:s3SecretTable
2019-09-26 16:27:38,324 [main] INFO  db.DBStoreBuilder (DBStoreBuilder.java:addTable(110)) - using custom profile for table: prefixTable
2019-09-26 16:27:38,324 [main] INFO  db.DBStoreBuilder (DBStoreBuilder.java:processTables(161)) - Using default column profile:DBProfile.DISK for Table:prefixTable
2019-09-26 16:27:38,325 [main] INFO  db.DBStoreBuilder (DBStoreBuilder.java:addTable(110)) - using custom profile for table: default
2019-09-26 16:27:38,325 [main] INFO  db.DBStoreBuilder (DBStoreBuilder.java:processTables(167)) - Using default column profile:DBProfile.DISK for Table:default
2019-09-26 16:27:38,325 [main] INFO  db.DBStoreBuilder (DBStoreBuilder.java:getDbProfile(198)) - Using default options. DBProfile.DISK
2019-09-26 16:27:38,862 [main] INFO  ipc.CallQueueManager (CallQueueManager.java:<init>(84)) - Using callQueue: class java.util.concurrent.LinkedBlockingQueue, queueCapacity: 2000, scheduler: class org.apache.hadoop.ipc.DefaultRpcScheduler, ipcBackoff: false.
2019-09-26 16:27:38,863 [Socket Reader #1 for port 41235] INFO  ipc.Server (Server.java:run(1074)) - Starting Socket Reader #1 for port 41235
2019-09-26 16:27:38,883 [main] INFO  om.OzoneManager (OzoneManager.java:start(1069)) - OzoneManager RPC server is listening at localhost/127.0.0.1:41235
2019-09-26 16:27:38,884 [main] INFO  impl.MetricsSystemImpl (MetricsSystemImpl.java:init(158)) - OzoneManager metrics system started (again)
2019-09-26 16:27:38,885 [IPC Server Responder] INFO  ipc.Server (Server.java:run(1314)) - IPC Server Responder: starting
2019-09-26 16:27:38,885 [IPC Server listener on 41235] INFO  ipc.Server (Server.java:run(1153)) - IPC Server listener on 41235: starting
2019-09-26 16:27:38,898 [main] INFO  hdfs.DFSUtil (DFSUtil.java:httpServerTemplateForNNAndJN(1641)) - Starting Web-server for ozoneManager at: http://0.0.0.0:0
2019-09-26 16:27:38,900 [main] INFO  server.AuthenticationFilter (AuthenticationFilter.java:constructSecretProvider(240)) - Unable to initialize FileSignerSecretProvider, falling back to use random secrets.
2019-09-26 16:27:38,901 [main] WARN  http.HttpRequestLog (HttpRequestLog.java:getRequestLog(97)) - Jetty request log can only be enabled using Log4j
2019-09-26 16:27:38,905 [main] INFO  http.HttpServer2 (HttpServer2.java:addGlobalFilter(975)) - Added global filter 'safety' (class=org.apache.hadoop.http.HttpServer2$QuotingInputFilter)
2019-09-26 16:27:38,906 [main] INFO  http.HttpServer2 (HttpServer2.java:addFilter(948)) - Added filter static_user_filter (class=org.apache.hadoop.http.lib.StaticUserWebFilter$StaticUserFilter) to context ozoneManager
2019-09-26 16:27:38,907 [main] INFO  http.HttpServer2 (HttpServer2.java:addFilter(958)) - Added filter static_user_filter (class=org.apache.hadoop.http.lib.StaticUserWebFilter$StaticUserFilter) to context static
2019-09-26 16:27:38,907 [main] INFO  http.HttpServer2 (HttpServer2.java:addFilter(958)) - Added filter static_user_filter (class=org.apache.hadoop.http.lib.StaticUserWebFilter$StaticUserFilter) to context logs
2019-09-26 16:27:38,910 [main] INFO  http.HttpServer2 (HttpServer2.java:bindListener(1191)) - Jetty bound to port 33346
2019-09-26 16:27:38,910 [main] INFO  server.Server (Server.java:doStart(351)) - jetty-9.3.25.v20180904, build timestamp: 2018-09-04T21:11:46Z, git hash: 3ce520221d0240229c862b122d2b06c12a625732
2019-09-26 16:27:38,913 [main] INFO  handler.ContextHandler (ContextHandler.java:doStart(781)) - Started o.e.j.s.ServletContextHandler@26dcd8c0{/logs,file:///workdir/hadoop-ozone/integration-test/target/log,AVAILABLE}
2019-09-26 16:27:38,914 [main] INFO  handler.ContextHandler (ContextHandler.java:doStart(781)) - Started o.e.j.s.ServletContextHandler@444548a0{/static,file:///workdir/hadoop-ozone/integration-test/target/test-classes/webapps/static,AVAILABLE}
2019-09-26 16:27:38,921 [main] INFO  handler.ContextHandler (ContextHandler.java:doStart(781)) - Started o.e.j.w.WebAppContext@5eb97ced{/,file:///workdir/hadoop-ozone/integration-test/target/test-classes/webapps/ozoneManager/,AVAILABLE}{/ozoneManager}
2019-09-26 16:27:38,923 [main] INFO  server.AbstractConnector (AbstractConnector.java:doStart(278)) - Started ServerConnector@68ba310d{HTTP/1.1,[http/1.1]}{0.0.0.0:33346}
2019-09-26 16:27:38,924 [main] INFO  server.Server (Server.java:doStart(419)) - Started @4270ms
2019-09-26 16:27:38,924 [main] WARN  impl.MetricsSystemImpl (MetricsSystemImpl.java:register(276)) - Sink prometheus already exists!
2019-09-26 16:27:38,925 [main] INFO  server.BaseHttpServer (BaseHttpServer.java:updateConnectorAddress(215)) - HTTP server of OZONEMANAGER is listening at http://0.0.0.0:33346
2019-09-26 16:27:39,294 [main] INFO  impl.MetricsSystemImpl (MetricsSystemImpl.java:init(158)) - HddsDatanode metrics system started (again)
2019-09-26 16:27:39,353 [main] INFO  ozone.HddsDatanodeService (HddsDatanodeService.java:start(184)) - HddsDatanodeService host:pr-hdds-2162-htzpk-1451759861 ip:192.168.157.234
2019-09-26 16:27:39,390 [main] INFO  volume.HddsVolume (HddsVolume.java:<init>(176)) - Creating Volume: /workdir/hadoop-ozone/integration-test/target/test-dir/MiniOzoneClusterImpl-598ef3ce-e04c-4237-8ba0-cc477a09206f/datanode-0/data/containers/hdds of  storage type : DISK and capacity : 1482555576320
2019-09-26 16:27:39,392 [main] INFO  volume.VolumeSet (VolumeSet.java:initializeVolumeSet(170)) - Added Volume : /workdir/hadoop-ozone/integration-test/target/test-dir/MiniOzoneClusterImpl-598ef3ce-e04c-4237-8ba0-cc477a09206f/datanode-0/data/containers/hdds to VolumeSet
2019-09-26 16:27:39,395 [main] INFO  volume.ThrottledAsyncChecker (ThrottledAsyncChecker.java:schedule(139)) - Scheduling a check for org.apache.hadoop.ozone.container.common.volume.HddsVolume@3b05a99b
2019-09-26 16:27:39,412 [main] INFO  volume.HddsVolumeChecker (HddsVolumeChecker.java:checkAllVolumes(202)) - Scheduled health check for volume org.apache.hadoop.ozone.container.common.volume.HddsVolume@3b05a99b
2019-09-26 16:27:39,544 [main] INFO  impl.RaftServerProxy (ConfUtils.java:logGet(43)) - raft.rpc.type = GRPC (default)
2019-09-26 16:27:39,637 [main] INFO  grpc.GrpcFactory (GrpcFactory.java:checkPooledByteBufAllocatorUseCacheForAllThreads(45)) - PERFORMANCE WARNING: useCacheForAllThreads is true that may cause Netty to create a lot garbage objects and, as a result, trigger GC.
	It is recommended to disable useCacheForAllThreads by setting -Dorg.apache.ratis.thirdparty.io.netty.allocator.useCacheForAllThreads=false in command line.
2019-09-26 16:27:39,644 [main] INFO  grpc.GrpcConfigKeys$Server (ConfUtils.java:logGet(43)) - raft.grpc.server.port = 0 (default)
2019-09-26 16:27:39,645 [main] INFO  server.GrpcService (ConfUtils.java:logGet(43)) - raft.grpc.message.size.max = 33570816 (custom)
2019-09-26 16:27:39,647 [main] INFO  server.RaftServerConfigKeys (ConfUtils.java:logGet(43)) - raft.server.log.appender.buffer.byte-limit = 33554432 (custom)
2019-09-26 16:27:39,648 [main] INFO  server.GrpcService (ConfUtils.java:logGet(43)) - raft.grpc.flow.control.window = 1MB (=1048576) (default)
2019-09-26 16:27:39,649 [main] INFO  server.RaftServerConfigKeys (ConfUtils.java:logGet(43)) - raft.server.rpc.request.timeout = 3000ms (default)
2019-09-26 16:27:39,831 [main] INFO  server.RaftServerConfigKeys (ConfUtils.java:logGet(43)) - raft.server.storage.dir = [/workdir/hadoop-ozone/integration-test/target/test-dir/MiniOzoneClusterImpl-598ef3ce-e04c-4237-8ba0-cc477a09206f/datanode-0/data/ratis] (custom)
2019-09-26 16:27:39,888 [main] INFO  hdfs.DFSUtil (DFSUtil.java:httpServerTemplateForNNAndJN(1641)) - Starting Web-server for hddsDatanode at: http://0.0.0.0:0
2019-09-26 16:27:39,892 [main] INFO  server.AuthenticationFilter (AuthenticationFilter.java:constructSecretProvider(240)) - Unable to initialize FileSignerSecretProvider, falling back to use random secrets.
2019-09-26 16:27:39,893 [main] WARN  http.HttpRequestLog (HttpRequestLog.java:getRequestLog(97)) - Jetty request log can only be enabled using Log4j
2019-09-26 16:27:39,895 [main] INFO  http.HttpServer2 (HttpServer2.java:addGlobalFilter(975)) - Added global filter 'safety' (class=org.apache.hadoop.http.HttpServer2$QuotingInputFilter)
2019-09-26 16:27:39,896 [main] INFO  http.HttpServer2 (HttpServer2.java:addFilter(948)) - Added filter static_user_filter (class=org.apache.hadoop.http.lib.StaticUserWebFilter$StaticUserFilter) to context hddsDatanode
2019-09-26 16:27:39,896 [main] INFO  http.HttpServer2 (HttpServer2.java:addFilter(958)) - Added filter static_user_filter (class=org.apache.hadoop.http.lib.StaticUserWebFilter$StaticUserFilter) to context logs
2019-09-26 16:27:39,896 [main] INFO  http.HttpServer2 (HttpServer2.java:addFilter(958)) - Added filter static_user_filter (class=org.apache.hadoop.http.lib.StaticUserWebFilter$StaticUserFilter) to context static
2019-09-26 16:27:39,898 [main] INFO  http.HttpServer2 (HttpServer2.java:bindListener(1191)) - Jetty bound to port 40727
2019-09-26 16:27:39,898 [main] INFO  server.Server (Server.java:doStart(351)) - jetty-9.3.25.v20180904, build timestamp: 2018-09-04T21:11:46Z, git hash: 3ce520221d0240229c862b122d2b06c12a625732
2019-09-26 16:27:39,901 [main] INFO  handler.ContextHandler (ContextHandler.java:doStart(781)) - Started o.e.j.s.ServletContextHandler@4eba373c{/logs,file:///workdir/hadoop-ozone/integration-test/target/log,AVAILABLE}
2019-09-26 16:27:39,901 [main] INFO  handler.ContextHandler (ContextHandler.java:doStart(781)) - Started o.e.j.s.ServletContextHandler@d109c4f{/static,jar:file:/home/user/.m2/repository/org/apache/hadoop/hadoop-hdds-container-service/0.5.0-SNAPSHOT/hadoop-hdds-container-service-0.5.0-SNAPSHOT.jar!/webapps/static,AVAILABLE}
2019-09-26 16:27:39,935 [main] INFO  handler.ContextHandler (ContextHandler.java:doStart(781)) - Started o.e.j.w.WebAppContext@6edcad64{/,file:///tmp/jetty-0.0.0.0-40727-hddsDatanode-_-any-8463259006548919067.dir/webapp/,AVAILABLE}{/hddsDatanode}
2019-09-26 16:27:39,936 [main] INFO  server.AbstractConnector (AbstractConnector.java:doStart(278)) - Started ServerConnector@4c6007fb{HTTP/1.1,[http/1.1]}{0.0.0.0:40727}
2019-09-26 16:27:39,937 [main] INFO  server.Server (Server.java:doStart(419)) - Started @5283ms
2019-09-26 16:27:39,937 [main] WARN  impl.MetricsSystemImpl (MetricsSystemImpl.java:register(276)) - Sink prometheus already exists!
2019-09-26 16:27:39,938 [main] INFO  server.BaseHttpServer (BaseHttpServer.java:updateConnectorAddress(215)) - HTTP server of HDDSDATANODE is listening at http://0.0.0.0:40727
2019-09-26 16:27:39,940 [main] INFO  impl.MetricsSystemImpl (MetricsSystemImpl.java:init(158)) - HddsDatanode metrics system started (again)
2019-09-26 16:27:39,944 [main] INFO  ozone.HddsDatanodeService (HddsDatanodeService.java:start(184)) - HddsDatanodeService host:pr-hdds-2162-htzpk-1451759861 ip:192.168.157.234
2019-09-26 16:27:39,946 [org.apache.hadoop.util.JvmPauseMonitor$Monitor@7103c98f] INFO  util.JvmPauseMonitor (JvmPauseMonitor.java:run(188)) - Starting JVM pause monitor
2019-09-26 16:27:39,954 [main] INFO  volume.HddsVolume (HddsVolume.java:<init>(176)) - Creating Volume: /workdir/hadoop-ozone/integration-test/target/test-dir/MiniOzoneClusterImpl-598ef3ce-e04c-4237-8ba0-cc477a09206f/datanode-1/data/containers/hdds of  storage type : DISK and capacity : 1482555576320
2019-09-26 16:27:39,956 [main] INFO  volume.VolumeSet (VolumeSet.java:initializeVolumeSet(170)) - Added Volume : /workdir/hadoop-ozone/integration-test/target/test-dir/MiniOzoneClusterImpl-598ef3ce-e04c-4237-8ba0-cc477a09206f/datanode-1/data/containers/hdds to VolumeSet
2019-09-26 16:27:39,956 [main] INFO  volume.ThrottledAsyncChecker (ThrottledAsyncChecker.java:schedule(139)) - Scheduling a check for org.apache.hadoop.ozone.container.common.volume.HddsVolume@cb7fa71
2019-09-26 16:27:39,957 [main] INFO  volume.HddsVolumeChecker (HddsVolumeChecker.java:checkAllVolumes(202)) - Scheduled health check for volume org.apache.hadoop.ozone.container.common.volume.HddsVolume@cb7fa71
2019-09-26 16:27:39,977 [main] INFO  impl.RaftServerProxy (ConfUtils.java:logGet(43)) - raft.rpc.type = GRPC (default)
2019-09-26 16:27:39,977 [main] INFO  grpc.GrpcFactory (GrpcFactory.java:checkPooledByteBufAllocatorUseCacheForAllThreads(45)) - PERFORMANCE WARNING: useCacheForAllThreads is true that may cause Netty to create a lot garbage objects and, as a result, trigger GC.
	It is recommended to disable useCacheForAllThreads by setting -Dorg.apache.ratis.thirdparty.io.netty.allocator.useCacheForAllThreads=false in command line.
2019-09-26 16:27:39,977 [main] INFO  grpc.GrpcConfigKeys$Server (ConfUtils.java:logGet(43)) - raft.grpc.server.port = 0 (default)
2019-09-26 16:27:39,978 [main] INFO  server.GrpcService (ConfUtils.java:logGet(43)) - raft.grpc.message.size.max = 33570816 (custom)
2019-09-26 16:27:39,979 [main] INFO  server.RaftServerConfigKeys (ConfUtils.java:logGet(43)) - raft.server.log.appender.buffer.byte-limit = 33554432 (custom)
2019-09-26 16:27:39,979 [main] INFO  server.GrpcService (ConfUtils.java:logGet(43)) - raft.grpc.flow.control.window = 1MB (=1048576) (default)
2019-09-26 16:27:39,979 [main] INFO  server.RaftServerConfigKeys (ConfUtils.java:logGet(43)) - raft.server.rpc.request.timeout = 3000ms (default)
2019-09-26 16:27:39,980 [main] INFO  server.RaftServerConfigKeys (ConfUtils.java:logGet(43)) - raft.server.storage.dir = [/workdir/hadoop-ozone/integration-test/target/test-dir/MiniOzoneClusterImpl-598ef3ce-e04c-4237-8ba0-cc477a09206f/datanode-1/data/ratis] (custom)
2019-09-26 16:27:39,982 [main] INFO  hdfs.DFSUtil (DFSUtil.java:httpServerTemplateForNNAndJN(1641)) - Starting Web-server for hddsDatanode at: http://0.0.0.0:0
2019-09-26 16:27:39,984 [main] INFO  server.AuthenticationFilter (AuthenticationFilter.java:constructSecretProvider(240)) - Unable to initialize FileSignerSecretProvider, falling back to use random secrets.
2019-09-26 16:27:39,985 [main] WARN  http.HttpRequestLog (HttpRequestLog.java:getRequestLog(97)) - Jetty request log can only be enabled using Log4j
2019-09-26 16:27:39,987 [main] INFO  http.HttpServer2 (HttpServer2.java:addGlobalFilter(975)) - Added global filter 'safety' (class=org.apache.hadoop.http.HttpServer2$QuotingInputFilter)
2019-09-26 16:27:39,988 [main] INFO  http.HttpServer2 (HttpServer2.java:addFilter(948)) - Added filter static_user_filter (class=org.apache.hadoop.http.lib.StaticUserWebFilter$StaticUserFilter) to context hddsDatanode
2019-09-26 16:27:39,988 [main] INFO  http.HttpServer2 (HttpServer2.java:addFilter(958)) - Added filter static_user_filter (class=org.apache.hadoop.http.lib.StaticUserWebFilter$StaticUserFilter) to context static
2019-09-26 16:27:39,988 [main] INFO  http.HttpServer2 (HttpServer2.java:addFilter(958)) - Added filter static_user_filter (class=org.apache.hadoop.http.lib.StaticUserWebFilter$StaticUserFilter) to context logs
2019-09-26 16:27:39,989 [main] INFO  http.HttpServer2 (HttpServer2.java:bindListener(1191)) - Jetty bound to port 38416
2019-09-26 16:27:39,989 [main] INFO  server.Server (Server.java:doStart(351)) - jetty-9.3.25.v20180904, build timestamp: 2018-09-04T21:11:46Z, git hash: 3ce520221d0240229c862b122d2b06c12a625732
2019-09-26 16:27:39,996 [main] INFO  handler.ContextHandler (ContextHandler.java:doStart(781)) - Started o.e.j.s.ServletContextHandler@59dc36d4{/logs,file:///workdir/hadoop-ozone/integration-test/target/log,AVAILABLE}
2019-09-26 16:27:39,996 [main] INFO  handler.ContextHandler (ContextHandler.java:doStart(781)) - Started o.e.j.s.ServletContextHandler@5679e96b{/static,jar:file:/home/user/.m2/repository/org/apache/hadoop/hadoop-hdds-container-service/0.5.0-SNAPSHOT/hadoop-hdds-container-service-0.5.0-SNAPSHOT.jar!/webapps/static,AVAILABLE}
2019-09-26 16:27:40,031 [main] INFO  handler.ContextHandler (ContextHandler.java:doStart(781)) - Started o.e.j.w.WebAppContext@2924f1d8{/,file:///tmp/jetty-0.0.0.0-38416-hddsDatanode-_-any-5382856360505854905.dir/webapp/,AVAILABLE}{/hddsDatanode}
2019-09-26 16:27:40,033 [main] INFO  server.AbstractConnector (AbstractConnector.java:doStart(278)) - Started ServerConnector@524a076e{HTTP/1.1,[http/1.1]}{0.0.0.0:38416}
2019-09-26 16:27:40,034 [main] INFO  server.Server (Server.java:doStart(419)) - Started @5380ms
2019-09-26 16:27:40,034 [main] WARN  impl.MetricsSystemImpl (MetricsSystemImpl.java:register(276)) - Sink prometheus already exists!
2019-09-26 16:27:40,035 [main] INFO  server.BaseHttpServer (BaseHttpServer.java:updateConnectorAddress(215)) - HTTP server of HDDSDATANODE is listening at http://0.0.0.0:38416
2019-09-26 16:27:40,036 [main] INFO  impl.MetricsSystemImpl (MetricsSystemImpl.java:init(158)) - HddsDatanode metrics system started (again)
2019-09-26 16:27:40,040 [org.apache.hadoop.util.JvmPauseMonitor$Monitor@4ed1e510] INFO  util.JvmPauseMonitor (JvmPauseMonitor.java:run(188)) - Starting JVM pause monitor
2019-09-26 16:27:40,040 [main] INFO  ozone.HddsDatanodeService (HddsDatanodeService.java:start(184)) - HddsDatanodeService host:pr-hdds-2162-htzpk-1451759861 ip:192.168.157.234
2019-09-26 16:27:40,049 [main] INFO  volume.HddsVolume (HddsVolume.java:<init>(176)) - Creating Volume: /workdir/hadoop-ozone/integration-test/target/test-dir/MiniOzoneClusterImpl-598ef3ce-e04c-4237-8ba0-cc477a09206f/datanode-2/data/containers/hdds of  storage type : DISK and capacity : 1482555576320
2019-09-26 16:27:40,051 [main] INFO  volume.VolumeSet (VolumeSet.java:initializeVolumeSet(170)) - Added Volume : /workdir/hadoop-ozone/integration-test/target/test-dir/MiniOzoneClusterImpl-598ef3ce-e04c-4237-8ba0-cc477a09206f/datanode-2/data/containers/hdds to VolumeSet
2019-09-26 16:27:40,051 [main] INFO  volume.ThrottledAsyncChecker (ThrottledAsyncChecker.java:schedule(139)) - Scheduling a check for org.apache.hadoop.ozone.container.common.volume.HddsVolume@5f0f9947
2019-09-26 16:27:40,051 [main] INFO  volume.HddsVolumeChecker (HddsVolumeChecker.java:checkAllVolumes(202)) - Scheduled health check for volume org.apache.hadoop.ozone.container.common.volume.HddsVolume@5f0f9947
2019-09-26 16:27:40,063 [Datanode State Machine Thread - 0] INFO  datanode.InitDatanodeState (InitDatanodeState.java:persistContainerDatanodeDetails(140)) - DatanodeDetails is persisted to /workdir/hadoop-ozone/integration-test/target/test-dir/MiniOzoneClusterImpl-598ef3ce-e04c-4237-8ba0-cc477a09206f/datanode-0/meta/datanode.id
2019-09-26 16:27:40,068 [Datanode State Machine Thread - 0] INFO  datanode.InitDatanodeState (InitDatanodeState.java:persistContainerDatanodeDetails(140)) - DatanodeDetails is persisted to /workdir/hadoop-ozone/integration-test/target/test-dir/MiniOzoneClusterImpl-598ef3ce-e04c-4237-8ba0-cc477a09206f/datanode-1/meta/datanode.id
2019-09-26 16:27:40,071 [main] INFO  impl.RaftServerProxy (ConfUtils.java:logGet(43)) - raft.rpc.type = GRPC (default)
2019-09-26 16:27:40,071 [main] INFO  grpc.GrpcFactory (GrpcFactory.java:checkPooledByteBufAllocatorUseCacheForAllThreads(45)) - PERFORMANCE WARNING: useCacheForAllThreads is true that may cause Netty to create a lot garbage objects and, as a result, trigger GC.
	It is recommended to disable useCacheForAllThreads by setting -Dorg.apache.ratis.thirdparty.io.netty.allocator.useCacheForAllThreads=false in command line.
2019-09-26 16:27:40,071 [main] INFO  grpc.GrpcConfigKeys$Server (ConfUtils.java:logGet(43)) - raft.grpc.server.port = 0 (default)
2019-09-26 16:27:40,071 [main] INFO  server.GrpcService (ConfUtils.java:logGet(43)) - raft.grpc.message.size.max = 33570816 (custom)
2019-09-26 16:27:40,072 [main] INFO  server.RaftServerConfigKeys (ConfUtils.java:logGet(43)) - raft.server.log.appender.buffer.byte-limit = 33554432 (custom)
2019-09-26 16:27:40,072 [main] INFO  server.GrpcService (ConfUtils.java:logGet(43)) - raft.grpc.flow.control.window = 1MB (=1048576) (default)
2019-09-26 16:27:40,072 [main] INFO  server.RaftServerConfigKeys (ConfUtils.java:logGet(43)) - raft.server.rpc.request.timeout = 3000ms (default)
2019-09-26 16:27:40,073 [main] INFO  server.RaftServerConfigKeys (ConfUtils.java:logGet(43)) - raft.server.storage.dir = [/workdir/hadoop-ozone/integration-test/target/test-dir/MiniOzoneClusterImpl-598ef3ce-e04c-4237-8ba0-cc477a09206f/datanode-2/data/ratis] (custom)
2019-09-26 16:27:40,075 [main] INFO  hdfs.DFSUtil (DFSUtil.java:httpServerTemplateForNNAndJN(1641)) - Starting Web-server for hddsDatanode at: http://0.0.0.0:0
2019-09-26 16:27:40,076 [main] INFO  server.AuthenticationFilter (AuthenticationFilter.java:constructSecretProvider(240)) - Unable to initialize FileSignerSecretProvider, falling back to use random secrets.
2019-09-26 16:27:40,077 [main] WARN  http.HttpRequestLog (HttpRequestLog.java:getRequestLog(97)) - Jetty request log can only be enabled using Log4j
2019-09-26 16:27:40,079 [main] INFO  http.HttpServer2 (HttpServer2.java:addGlobalFilter(975)) - Added global filter 'safety' (class=org.apache.hadoop.http.HttpServer2$QuotingInputFilter)
2019-09-26 16:27:40,080 [main] INFO  http.HttpServer2 (HttpServer2.java:addFilter(948)) - Added filter static_user_filter (class=org.apache.hadoop.http.lib.StaticUserWebFilter$StaticUserFilter) to context hddsDatanode
2019-09-26 16:27:40,080 [main] INFO  http.HttpServer2 (HttpServer2.java:addFilter(958)) - Added filter static_user_filter (class=org.apache.hadoop.http.lib.StaticUserWebFilter$StaticUserFilter) to context logs
2019-09-26 16:27:40,080 [main] INFO  http.HttpServer2 (HttpServer2.java:addFilter(958)) - Added filter static_user_filter (class=org.apache.hadoop.http.lib.StaticUserWebFilter$StaticUserFilter) to context static
2019-09-26 16:27:40,081 [main] INFO  http.HttpServer2 (HttpServer2.java:bindListener(1191)) - Jetty bound to port 45882
2019-09-26 16:27:40,081 [main] INFO  server.Server (Server.java:doStart(351)) - jetty-9.3.25.v20180904, build timestamp: 2018-09-04T21:11:46Z, git hash: 3ce520221d0240229c862b122d2b06c12a625732
2019-09-26 16:27:40,084 [main] INFO  handler.ContextHandler (ContextHandler.java:doStart(781)) - Started o.e.j.s.ServletContextHandler@121bb45b{/logs,file:///workdir/hadoop-ozone/integration-test/target/log,AVAILABLE}
2019-09-26 16:27:40,084 [main] INFO  handler.ContextHandler (ContextHandler.java:doStart(781)) - Started o.e.j.s.ServletContextHandler@1cd3b138{/static,jar:file:/home/user/.m2/repository/org/apache/hadoop/hadoop-hdds-container-service/0.5.0-SNAPSHOT/hadoop-hdds-container-service-0.5.0-SNAPSHOT.jar!/webapps/static,AVAILABLE}
2019-09-26 16:27:40,117 [main] INFO  handler.ContextHandler (ContextHandler.java:doStart(781)) - Started o.e.j.w.WebAppContext@53f4c1e6{/,file:///tmp/jetty-0.0.0.0-45882-hddsDatanode-_-any-4715805096797053824.dir/webapp/,AVAILABLE}{/hddsDatanode}
2019-09-26 16:27:40,118 [main] INFO  server.AbstractConnector (AbstractConnector.java:doStart(278)) - Started ServerConnector@74174a23{HTTP/1.1,[http/1.1]}{0.0.0.0:45882}
2019-09-26 16:27:40,119 [main] INFO  server.Server (Server.java:doStart(419)) - Started @5465ms
2019-09-26 16:27:40,119 [main] WARN  impl.MetricsSystemImpl (MetricsSystemImpl.java:register(276)) - Sink prometheus already exists!
2019-09-26 16:27:40,121 [main] INFO  server.BaseHttpServer (BaseHttpServer.java:updateConnectorAddress(215)) - HTTP server of HDDSDATANODE is listening at http://0.0.0.0:45882
2019-09-26 16:27:40,121 [main] INFO  impl.MetricsSystemImpl (MetricsSystemImpl.java:init(158)) - HddsDatanode metrics system started (again)
2019-09-26 16:27:40,125 [main] INFO  ozone.HddsDatanodeService (HddsDatanodeService.java:start(184)) - HddsDatanodeService host:pr-hdds-2162-htzpk-1451759861 ip:192.168.157.234
2019-09-26 16:27:40,125 [org.apache.hadoop.util.JvmPauseMonitor$Monitor@7af48d4b] INFO  util.JvmPauseMonitor (JvmPauseMonitor.java:run(188)) - Starting JVM pause monitor
2019-09-26 16:27:40,129 [Datanode State Machine Thread - 0] INFO  datanode.InitDatanodeState (InitDatanodeState.java:persistContainerDatanodeDetails(140)) - DatanodeDetails is persisted to /workdir/hadoop-ozone/integration-test/target/test-dir/MiniOzoneClusterImpl-598ef3ce-e04c-4237-8ba0-cc477a09206f/datanode-2/meta/datanode.id
2019-09-26 16:27:40,132 [main] INFO  volume.HddsVolume (HddsVolume.java:<init>(176)) - Creating Volume: /workdir/hadoop-ozone/integration-test/target/test-dir/MiniOzoneClusterImpl-598ef3ce-e04c-4237-8ba0-cc477a09206f/datanode-3/data/containers/hdds of  storage type : DISK and capacity : 1482555576320
2019-09-26 16:27:40,134 [main] INFO  volume.VolumeSet (VolumeSet.java:initializeVolumeSet(170)) - Added Volume : /workdir/hadoop-ozone/integration-test/target/test-dir/MiniOzoneClusterImpl-598ef3ce-e04c-4237-8ba0-cc477a09206f/datanode-3/data/containers/hdds to VolumeSet
2019-09-26 16:27:40,134 [main] INFO  volume.ThrottledAsyncChecker (ThrottledAsyncChecker.java:schedule(139)) - Scheduling a check for org.apache.hadoop.ozone.container.common.volume.HddsVolume@4ce94d2f
2019-09-26 16:27:40,135 [main] INFO  volume.HddsVolumeChecker (HddsVolumeChecker.java:checkAllVolumes(202)) - Scheduled health check for volume org.apache.hadoop.ozone.container.common.volume.HddsVolume@4ce94d2f
2019-09-26 16:27:40,151 [main] INFO  impl.RaftServerProxy (ConfUtils.java:logGet(43)) - raft.rpc.type = GRPC (default)
2019-09-26 16:27:40,152 [main] INFO  grpc.GrpcFactory (GrpcFactory.java:checkPooledByteBufAllocatorUseCacheForAllThreads(45)) - PERFORMANCE WARNING: useCacheForAllThreads is true that may cause Netty to create a lot garbage objects and, as a result, trigger GC.
	It is recommended to disable useCacheForAllThreads by setting -Dorg.apache.ratis.thirdparty.io.netty.allocator.useCacheForAllThreads=false in command line.
2019-09-26 16:27:40,152 [main] INFO  grpc.GrpcConfigKeys$Server (ConfUtils.java:logGet(43)) - raft.grpc.server.port = 0 (default)
2019-09-26 16:27:40,152 [main] INFO  server.GrpcService (ConfUtils.java:logGet(43)) - raft.grpc.message.size.max = 33570816 (custom)
2019-09-26 16:27:40,152 [main] INFO  server.RaftServerConfigKeys (ConfUtils.java:logGet(43)) - raft.server.log.appender.buffer.byte-limit = 33554432 (custom)
2019-09-26 16:27:40,152 [main] INFO  server.GrpcService (ConfUtils.java:logGet(43)) - raft.grpc.flow.control.window = 1MB (=1048576) (default)
2019-09-26 16:27:40,153 [main] INFO  server.RaftServerConfigKeys (ConfUtils.java:logGet(43)) - raft.server.rpc.request.timeout = 3000ms (default)
2019-09-26 16:27:40,153 [main] INFO  server.RaftServerConfigKeys (ConfUtils.java:logGet(43)) - raft.server.storage.dir = [/workdir/hadoop-ozone/integration-test/target/test-dir/MiniOzoneClusterImpl-598ef3ce-e04c-4237-8ba0-cc477a09206f/datanode-3/data/ratis] (custom)
2019-09-26 16:27:40,155 [main] INFO  hdfs.DFSUtil (DFSUtil.java:httpServerTemplateForNNAndJN(1641)) - Starting Web-server for hddsDatanode at: http://0.0.0.0:0
2019-09-26 16:27:40,156 [main] INFO  server.AuthenticationFilter (AuthenticationFilter.java:constructSecretProvider(240)) - Unable to initialize FileSignerSecretProvider, falling back to use random secrets.
2019-09-26 16:27:40,156 [main] WARN  http.HttpRequestLog (HttpRequestLog.java:getRequestLog(97)) - Jetty request log can only be enabled using Log4j
2019-09-26 16:27:40,158 [main] INFO  http.HttpServer2 (HttpServer2.java:addGlobalFilter(975)) - Added global filter 'safety' (class=org.apache.hadoop.http.HttpServer2$QuotingInputFilter)
2019-09-26 16:27:40,158 [main] INFO  http.HttpServer2 (HttpServer2.java:addFilter(948)) - Added filter static_user_filter (class=org.apache.hadoop.http.lib.StaticUserWebFilter$StaticUserFilter) to context hddsDatanode
2019-09-26 16:27:40,158 [main] INFO  http.HttpServer2 (HttpServer2.java:addFilter(958)) - Added filter static_user_filter (class=org.apache.hadoop.http.lib.StaticUserWebFilter$StaticUserFilter) to context static
2019-09-26 16:27:40,158 [main] INFO  http.HttpServer2 (HttpServer2.java:addFilter(958)) - Added filter static_user_filter (class=org.apache.hadoop.http.lib.StaticUserWebFilter$StaticUserFilter) to context logs
2019-09-26 16:27:40,159 [main] INFO  http.HttpServer2 (HttpServer2.java:bindListener(1191)) - Jetty bound to port 44327
2019-09-26 16:27:40,159 [main] INFO  server.Server (Server.java:doStart(351)) - jetty-9.3.25.v20180904, build timestamp: 2018-09-04T21:11:46Z, git hash: 3ce520221d0240229c862b122d2b06c12a625732
2019-09-26 16:27:40,163 [main] INFO  handler.ContextHandler (ContextHandler.java:doStart(781)) - Started o.e.j.s.ServletContextHandler@4b97c4ad{/logs,file:///workdir/hadoop-ozone/integration-test/target/log,AVAILABLE}
2019-09-26 16:27:40,163 [main] INFO  handler.ContextHandler (ContextHandler.java:doStart(781)) - Started o.e.j.s.ServletContextHandler@642f9a77{/static,jar:file:/home/user/.m2/repository/org/apache/hadoop/hadoop-hdds-container-service/0.5.0-SNAPSHOT/hadoop-hdds-container-service-0.5.0-SNAPSHOT.jar!/webapps/static,AVAILABLE}
2019-09-26 16:27:40,192 [main] INFO  handler.ContextHandler (ContextHandler.java:doStart(781)) - Started o.e.j.w.WebAppContext@350d3f4d{/,file:///tmp/jetty-0.0.0.0-44327-hddsDatanode-_-any-243519959530991082.dir/webapp/,AVAILABLE}{/hddsDatanode}
2019-09-26 16:27:40,192 [main] INFO  server.AbstractConnector (AbstractConnector.java:doStart(278)) - Started ServerConnector@18b8d173{HTTP/1.1,[http/1.1]}{0.0.0.0:44327}
2019-09-26 16:27:40,193 [main] INFO  server.Server (Server.java:doStart(419)) - Started @5539ms
2019-09-26 16:27:40,193 [main] WARN  impl.MetricsSystemImpl (MetricsSystemImpl.java:register(276)) - Sink prometheus already exists!
2019-09-26 16:27:40,195 [main] INFO  server.BaseHttpServer (BaseHttpServer.java:updateConnectorAddress(215)) - HTTP server of HDDSDATANODE is listening at http://0.0.0.0:44327
2019-09-26 16:27:40,195 [main] INFO  impl.MetricsSystemImpl (MetricsSystemImpl.java:init(158)) - HddsDatanode metrics system started (again)
2019-09-26 16:27:40,198 [main] INFO  ozone.HddsDatanodeService (HddsDatanodeService.java:start(184)) - HddsDatanodeService host:pr-hdds-2162-htzpk-1451759861 ip:192.168.157.234
2019-09-26 16:27:40,198 [org.apache.hadoop.util.JvmPauseMonitor$Monitor@4eb782a7] INFO  util.JvmPauseMonitor (JvmPauseMonitor.java:run(188)) - Starting JVM pause monitor
2019-09-26 16:27:40,202 [Datanode State Machine Thread - 0] INFO  datanode.InitDatanodeState (InitDatanodeState.java:persistContainerDatanodeDetails(140)) - DatanodeDetails is persisted to /workdir/hadoop-ozone/integration-test/target/test-dir/MiniOzoneClusterImpl-598ef3ce-e04c-4237-8ba0-cc477a09206f/datanode-3/meta/datanode.id
2019-09-26 16:27:40,206 [main] INFO  volume.HddsVolume (HddsVolume.java:<init>(176)) - Creating Volume: /workdir/hadoop-ozone/integration-test/target/test-dir/MiniOzoneClusterImpl-598ef3ce-e04c-4237-8ba0-cc477a09206f/datanode-4/data/containers/hdds of  storage type : DISK and capacity : 1482555576320
2019-09-26 16:27:40,208 [main] INFO  volume.VolumeSet (VolumeSet.java:initializeVolumeSet(170)) - Added Volume : /workdir/hadoop-ozone/integration-test/target/test-dir/MiniOzoneClusterImpl-598ef3ce-e04c-4237-8ba0-cc477a09206f/datanode-4/data/containers/hdds to VolumeSet
2019-09-26 16:27:40,208 [main] INFO  volume.ThrottledAsyncChecker (ThrottledAsyncChecker.java:schedule(139)) - Scheduling a check for org.apache.hadoop.ozone.container.common.volume.HddsVolume@3f0d6038
2019-09-26 16:27:40,208 [main] INFO  volume.HddsVolumeChecker (HddsVolumeChecker.java:checkAllVolumes(202)) - Scheduled health check for volume org.apache.hadoop.ozone.container.common.volume.HddsVolume@3f0d6038
2019-09-26 16:27:40,220 [main] INFO  impl.RaftServerProxy (ConfUtils.java:logGet(43)) - raft.rpc.type = GRPC (default)
2019-09-26 16:27:40,221 [main] INFO  grpc.GrpcFactory (GrpcFactory.java:checkPooledByteBufAllocatorUseCacheForAllThreads(45)) - PERFORMANCE WARNING: useCacheForAllThreads is true that may cause Netty to create a lot garbage objects and, as a result, trigger GC.
	It is recommended to disable useCacheForAllThreads by setting -Dorg.apache.ratis.thirdparty.io.netty.allocator.useCacheForAllThreads=false in command line.
2019-09-26 16:27:40,221 [main] INFO  grpc.GrpcConfigKeys$Server (ConfUtils.java:logGet(43)) - raft.grpc.server.port = 0 (default)
2019-09-26 16:27:40,221 [main] INFO  server.GrpcService (ConfUtils.java:logGet(43)) - raft.grpc.message.size.max = 33570816 (custom)
2019-09-26 16:27:40,221 [main] INFO  server.RaftServerConfigKeys (ConfUtils.java:logGet(43)) - raft.server.log.appender.buffer.byte-limit = 33554432 (custom)
2019-09-26 16:27:40,221 [main] INFO  server.GrpcService (ConfUtils.java:logGet(43)) - raft.grpc.flow.control.window = 1MB (=1048576) (default)
2019-09-26 16:27:40,222 [main] INFO  server.RaftServerConfigKeys (ConfUtils.java:logGet(43)) - raft.server.rpc.request.timeout = 3000ms (default)
2019-09-26 16:27:40,222 [main] INFO  server.RaftServerConfigKeys (ConfUtils.java:logGet(43)) - raft.server.storage.dir = [/workdir/hadoop-ozone/integration-test/target/test-dir/MiniOzoneClusterImpl-598ef3ce-e04c-4237-8ba0-cc477a09206f/datanode-4/data/ratis] (custom)
2019-09-26 16:27:40,224 [main] INFO  hdfs.DFSUtil (DFSUtil.java:httpServerTemplateForNNAndJN(1641)) - Starting Web-server for hddsDatanode at: http://0.0.0.0:0
2019-09-26 16:27:40,225 [main] INFO  server.AuthenticationFilter (AuthenticationFilter.java:constructSecretProvider(240)) - Unable to initialize FileSignerSecretProvider, falling back to use random secrets.
2019-09-26 16:27:40,225 [main] WARN  http.HttpRequestLog (HttpRequestLog.java:getRequestLog(97)) - Jetty request log can only be enabled using Log4j
2019-09-26 16:27:40,226 [main] INFO  http.HttpServer2 (HttpServer2.java:addGlobalFilter(975)) - Added global filter 'safety' (class=org.apache.hadoop.http.HttpServer2$QuotingInputFilter)
2019-09-26 16:27:40,227 [main] INFO  http.HttpServer2 (HttpServer2.java:addFilter(948)) - Added filter static_user_filter (class=org.apache.hadoop.http.lib.StaticUserWebFilter$StaticUserFilter) to context hddsDatanode
2019-09-26 16:27:40,227 [main] INFO  http.HttpServer2 (HttpServer2.java:addFilter(958)) - Added filter static_user_filter (class=org.apache.hadoop.http.lib.StaticUserWebFilter$StaticUserFilter) to context logs
2019-09-26 16:27:40,227 [main] INFO  http.HttpServer2 (HttpServer2.java:addFilter(958)) - Added filter static_user_filter (class=org.apache.hadoop.http.lib.StaticUserWebFilter$StaticUserFilter) to context static
2019-09-26 16:27:40,228 [main] INFO  http.HttpServer2 (HttpServer2.java:bindListener(1191)) - Jetty bound to port 43555
2019-09-26 16:27:40,228 [main] INFO  server.Server (Server.java:doStart(351)) - jetty-9.3.25.v20180904, build timestamp: 2018-09-04T21:11:46Z, git hash: 3ce520221d0240229c862b122d2b06c12a625732
2019-09-26 16:27:40,230 [main] INFO  handler.ContextHandler (ContextHandler.java:doStart(781)) - Started o.e.j.s.ServletContextHandler@68b9834c{/logs,file:///workdir/hadoop-ozone/integration-test/target/log,AVAILABLE}
2019-09-26 16:27:40,231 [main] INFO  handler.ContextHandler (ContextHandler.java:doStart(781)) - Started o.e.j.s.ServletContextHandler@671d1157{/static,jar:file:/home/user/.m2/repository/org/apache/hadoop/hadoop-hdds-container-service/0.5.0-SNAPSHOT/hadoop-hdds-container-service-0.5.0-SNAPSHOT.jar!/webapps/static,AVAILABLE}
2019-09-26 16:27:40,259 [main] INFO  handler.ContextHandler (ContextHandler.java:doStart(781)) - Started o.e.j.w.WebAppContext@76ad6715{/,file:///tmp/jetty-0.0.0.0-43555-hddsDatanode-_-any-1139145596717740618.dir/webapp/,AVAILABLE}{/hddsDatanode}
2019-09-26 16:27:40,259 [main] INFO  server.AbstractConnector (AbstractConnector.java:doStart(278)) - Started ServerConnector@56637cff{HTTP/1.1,[http/1.1]}{0.0.0.0:43555}
2019-09-26 16:27:40,260 [main] INFO  server.Server (Server.java:doStart(419)) - Started @5606ms
2019-09-26 16:27:40,260 [main] WARN  impl.MetricsSystemImpl (MetricsSystemImpl.java:register(276)) - Sink prometheus already exists!
2019-09-26 16:27:40,263 [main] INFO  server.BaseHttpServer (BaseHttpServer.java:updateConnectorAddress(215)) - HTTP server of HDDSDATANODE is listening at http://0.0.0.0:43555
2019-09-26 16:27:40,264 [main] INFO  impl.MetricsSystemImpl (MetricsSystemImpl.java:init(158)) - HddsDatanode metrics system started (again)
2019-09-26 16:27:40,267 [main] INFO  ozone.HddsDatanodeService (HddsDatanodeService.java:start(184)) - HddsDatanodeService host:pr-hdds-2162-htzpk-1451759861 ip:192.168.157.234
2019-09-26 16:27:40,268 [org.apache.hadoop.util.JvmPauseMonitor$Monitor@7ea8c1a7] INFO  util.JvmPauseMonitor (JvmPauseMonitor.java:run(188)) - Starting JVM pause monitor
2019-09-26 16:27:40,271 [Datanode State Machine Thread - 0] INFO  datanode.InitDatanodeState (InitDatanodeState.java:persistContainerDatanodeDetails(140)) - DatanodeDetails is persisted to /workdir/hadoop-ozone/integration-test/target/test-dir/MiniOzoneClusterImpl-598ef3ce-e04c-4237-8ba0-cc477a09206f/datanode-4/meta/datanode.id
2019-09-26 16:27:40,275 [main] INFO  volume.HddsVolume (HddsVolume.java:<init>(176)) - Creating Volume: /workdir/hadoop-ozone/integration-test/target/test-dir/MiniOzoneClusterImpl-598ef3ce-e04c-4237-8ba0-cc477a09206f/datanode-5/data/containers/hdds of  storage type : DISK and capacity : 1482555576320
2019-09-26 16:27:40,275 [main] INFO  volume.VolumeSet (VolumeSet.java:initializeVolumeSet(170)) - Added Volume : /workdir/hadoop-ozone/integration-test/target/test-dir/MiniOzoneClusterImpl-598ef3ce-e04c-4237-8ba0-cc477a09206f/datanode-5/data/containers/hdds to VolumeSet
2019-09-26 16:27:40,275 [main] INFO  volume.ThrottledAsyncChecker (ThrottledAsyncChecker.java:schedule(139)) - Scheduling a check for org.apache.hadoop.ozone.container.common.volume.HddsVolume@41294371
2019-09-26 16:27:40,276 [main] INFO  volume.HddsVolumeChecker (HddsVolumeChecker.java:checkAllVolumes(202)) - Scheduled health check for volume org.apache.hadoop.ozone.container.common.volume.HddsVolume@41294371
2019-09-26 16:27:40,292 [main] INFO  impl.RaftServerProxy (ConfUtils.java:logGet(43)) - raft.rpc.type = GRPC (default)
2019-09-26 16:27:40,292 [main] INFO  grpc.GrpcFactory (GrpcFactory.java:checkPooledByteBufAllocatorUseCacheForAllThreads(45)) - PERFORMANCE WARNING: useCacheForAllThreads is true that may cause Netty to create a lot garbage objects and, as a result, trigger GC.
	It is recommended to disable useCacheForAllThreads by setting -Dorg.apache.ratis.thirdparty.io.netty.allocator.useCacheForAllThreads=false in command line.
2019-09-26 16:27:40,292 [main] INFO  grpc.GrpcConfigKeys$Server (ConfUtils.java:logGet(43)) - raft.grpc.server.port = 0 (default)
2019-09-26 16:27:40,292 [main] INFO  server.GrpcService (ConfUtils.java:logGet(43)) - raft.grpc.message.size.max = 33570816 (custom)
2019-09-26 16:27:40,292 [main] INFO  server.RaftServerConfigKeys (ConfUtils.java:logGet(43)) - raft.server.log.appender.buffer.byte-limit = 33554432 (custom)
2019-09-26 16:27:40,293 [main] INFO  server.GrpcService (ConfUtils.java:logGet(43)) - raft.grpc.flow.control.window = 1MB (=1048576) (default)
2019-09-26 16:27:40,293 [main] INFO  server.RaftServerConfigKeys (ConfUtils.java:logGet(43)) - raft.server.rpc.request.timeout = 3000ms (default)
2019-09-26 16:27:40,293 [main] INFO  server.RaftServerConfigKeys (ConfUtils.java:logGet(43)) - raft.server.storage.dir = [/workdir/hadoop-ozone/integration-test/target/test-dir/MiniOzoneClusterImpl-598ef3ce-e04c-4237-8ba0-cc477a09206f/datanode-5/data/ratis] (custom)
2019-09-26 16:27:40,295 [main] INFO  hdfs.DFSUtil (DFSUtil.java:httpServerTemplateForNNAndJN(1641)) - Starting Web-server for hddsDatanode at: http://0.0.0.0:0
2019-09-26 16:27:40,296 [main] INFO  server.AuthenticationFilter (AuthenticationFilter.java:constructSecretProvider(240)) - Unable to initialize FileSignerSecretProvider, falling back to use random secrets.
2019-09-26 16:27:40,296 [main] WARN  http.HttpRequestLog (HttpRequestLog.java:getRequestLog(97)) - Jetty request log can only be enabled using Log4j
2019-09-26 16:27:40,298 [main] INFO  http.HttpServer2 (HttpServer2.java:addGlobalFilter(975)) - Added global filter 'safety' (class=org.apache.hadoop.http.HttpServer2$QuotingInputFilter)
2019-09-26 16:27:40,298 [main] INFO  http.HttpServer2 (HttpServer2.java:addFilter(948)) - Added filter static_user_filter (class=org.apache.hadoop.http.lib.StaticUserWebFilter$StaticUserFilter) to context hddsDatanode
2019-09-26 16:27:40,298 [main] INFO  http.HttpServer2 (HttpServer2.java:addFilter(958)) - Added filter static_user_filter (class=org.apache.hadoop.http.lib.StaticUserWebFilter$StaticUserFilter) to context logs
2019-09-26 16:27:40,298 [main] INFO  http.HttpServer2 (HttpServer2.java:addFilter(958)) - Added filter static_user_filter (class=org.apache.hadoop.http.lib.StaticUserWebFilter$StaticUserFilter) to context static
2019-09-26 16:27:40,299 [main] INFO  http.HttpServer2 (HttpServer2.java:bindListener(1191)) - Jetty bound to port 46054
2019-09-26 16:27:40,299 [main] INFO  server.Server (Server.java:doStart(351)) - jetty-9.3.25.v20180904, build timestamp: 2018-09-04T21:11:46Z, git hash: 3ce520221d0240229c862b122d2b06c12a625732
2019-09-26 16:27:40,301 [main] INFO  handler.ContextHandler (ContextHandler.java:doStart(781)) - Started o.e.j.s.ServletContextHandler@4f9a6c2d{/logs,file:///workdir/hadoop-ozone/integration-test/target/log,AVAILABLE}
2019-09-26 16:27:40,301 [main] INFO  handler.ContextHandler (ContextHandler.java:doStart(781)) - Started o.e.j.s.ServletContextHandler@75de6341{/static,jar:file:/home/user/.m2/repository/org/apache/hadoop/hadoop-hdds-container-service/0.5.0-SNAPSHOT/hadoop-hdds-container-service-0.5.0-SNAPSHOT.jar!/webapps/static,AVAILABLE}
2019-09-26 16:27:40,330 [main] INFO  handler.ContextHandler (ContextHandler.java:doStart(781)) - Started o.e.j.w.WebAppContext@3ba46e63{/,file:///tmp/jetty-0.0.0.0-46054-hddsDatanode-_-any-7347897464323362386.dir/webapp/,AVAILABLE}{/hddsDatanode}
2019-09-26 16:27:40,330 [main] INFO  server.AbstractConnector (AbstractConnector.java:doStart(278)) - Started ServerConnector@788ddc1f{HTTP/1.1,[http/1.1]}{0.0.0.0:46054}
2019-09-26 16:27:40,331 [main] INFO  server.Server (Server.java:doStart(419)) - Started @5677ms
2019-09-26 16:27:40,332 [main] WARN  impl.MetricsSystemImpl (MetricsSystemImpl.java:register(276)) - Sink prometheus already exists!
2019-09-26 16:27:40,332 [main] INFO  server.BaseHttpServer (BaseHttpServer.java:updateConnectorAddress(215)) - HTTP server of HDDSDATANODE is listening at http://0.0.0.0:46054
2019-09-26 16:27:40,333 [main] INFO  impl.MetricsSystemImpl (MetricsSystemImpl.java:init(158)) - HddsDatanode metrics system started (again)
2019-09-26 16:27:40,337 [main] INFO  ozone.HddsDatanodeService (HddsDatanodeService.java:start(184)) - HddsDatanodeService host:pr-hdds-2162-htzpk-1451759861 ip:192.168.157.234
2019-09-26 16:27:40,337 [org.apache.hadoop.util.JvmPauseMonitor$Monitor@1f693b6f] INFO  util.JvmPauseMonitor (JvmPauseMonitor.java:run(188)) - Starting JVM pause monitor
2019-09-26 16:27:40,341 [Datanode State Machine Thread - 0] INFO  datanode.InitDatanodeState (InitDatanodeState.java:persistContainerDatanodeDetails(140)) - DatanodeDetails is persisted to /workdir/hadoop-ozone/integration-test/target/test-dir/MiniOzoneClusterImpl-598ef3ce-e04c-4237-8ba0-cc477a09206f/datanode-5/meta/datanode.id
2019-09-26 16:27:40,346 [main] INFO  volume.HddsVolume (HddsVolume.java:<init>(176)) - Creating Volume: /workdir/hadoop-ozone/integration-test/target/test-dir/MiniOzoneClusterImpl-598ef3ce-e04c-4237-8ba0-cc477a09206f/datanode-6/data/containers/hdds of  storage type : DISK and capacity : 1482555576320
2019-09-26 16:27:40,346 [main] INFO  volume.VolumeSet (VolumeSet.java:initializeVolumeSet(170)) - Added Volume : /workdir/hadoop-ozone/integration-test/target/test-dir/MiniOzoneClusterImpl-598ef3ce-e04c-4237-8ba0-cc477a09206f/datanode-6/data/containers/hdds to VolumeSet
2019-09-26 16:27:40,346 [main] INFO  volume.ThrottledAsyncChecker (ThrottledAsyncChecker.java:schedule(139)) - Scheduling a check for org.apache.hadoop.ozone.container.common.volume.HddsVolume@6812fa3a
2019-09-26 16:27:40,347 [main] INFO  volume.HddsVolumeChecker (HddsVolumeChecker.java:checkAllVolumes(202)) - Scheduled health check for volume org.apache.hadoop.ozone.container.common.volume.HddsVolume@6812fa3a
2019-09-26 16:27:40,360 [main] INFO  impl.RaftServerProxy (ConfUtils.java:logGet(43)) - raft.rpc.type = GRPC (default)
2019-09-26 16:27:40,360 [main] INFO  grpc.GrpcFactory (GrpcFactory.java:checkPooledByteBufAllocatorUseCacheForAllThreads(45)) - PERFORMANCE WARNING: useCacheForAllThreads is true that may cause Netty to create a lot garbage objects and, as a result, trigger GC.
	It is recommended to disable useCacheForAllThreads by setting -Dorg.apache.ratis.thirdparty.io.netty.allocator.useCacheForAllThreads=false in command line.
2019-09-26 16:27:40,361 [main] INFO  grpc.GrpcConfigKeys$Server (ConfUtils.java:logGet(43)) - raft.grpc.server.port = 0 (default)
2019-09-26 16:27:40,361 [main] INFO  server.GrpcService (ConfUtils.java:logGet(43)) - raft.grpc.message.size.max = 33570816 (custom)
2019-09-26 16:27:40,361 [main] INFO  server.RaftServerConfigKeys (ConfUtils.java:logGet(43)) - raft.server.log.appender.buffer.byte-limit = 33554432 (custom)
2019-09-26 16:27:40,361 [main] INFO  server.GrpcService (ConfUtils.java:logGet(43)) - raft.grpc.flow.control.window = 1MB (=1048576) (default)
2019-09-26 16:27:40,362 [main] INFO  server.RaftServerConfigKeys (ConfUtils.java:logGet(43)) - raft.server.rpc.request.timeout = 3000ms (default)
2019-09-26 16:27:40,362 [main] INFO  server.RaftServerConfigKeys (ConfUtils.java:logGet(43)) - raft.server.storage.dir = [/workdir/hadoop-ozone/integration-test/target/test-dir/MiniOzoneClusterImpl-598ef3ce-e04c-4237-8ba0-cc477a09206f/datanode-6/data/ratis] (custom)
2019-09-26 16:27:40,363 [main] INFO  hdfs.DFSUtil (DFSUtil.java:httpServerTemplateForNNAndJN(1641)) - Starting Web-server for hddsDatanode at: http://0.0.0.0:0
2019-09-26 16:27:40,364 [main] INFO  server.AuthenticationFilter (AuthenticationFilter.java:constructSecretProvider(240)) - Unable to initialize FileSignerSecretProvider, falling back to use random secrets.
2019-09-26 16:27:40,365 [main] WARN  http.HttpRequestLog (HttpRequestLog.java:getRequestLog(97)) - Jetty request log can only be enabled using Log4j
2019-09-26 16:27:40,366 [main] INFO  http.HttpServer2 (HttpServer2.java:addGlobalFilter(975)) - Added global filter 'safety' (class=org.apache.hadoop.http.HttpServer2$QuotingInputFilter)
2019-09-26 16:27:40,367 [main] INFO  http.HttpServer2 (HttpServer2.java:addFilter(948)) - Added filter static_user_filter (class=org.apache.hadoop.http.lib.StaticUserWebFilter$StaticUserFilter) to context hddsDatanode
2019-09-26 16:27:40,367 [main] INFO  http.HttpServer2 (HttpServer2.java:addFilter(958)) - Added filter static_user_filter (class=org.apache.hadoop.http.lib.StaticUserWebFilter$StaticUserFilter) to context logs
2019-09-26 16:27:40,367 [main] INFO  http.HttpServer2 (HttpServer2.java:addFilter(958)) - Added filter static_user_filter (class=org.apache.hadoop.http.lib.StaticUserWebFilter$StaticUserFilter) to context static
2019-09-26 16:27:40,368 [main] INFO  http.HttpServer2 (HttpServer2.java:bindListener(1191)) - Jetty bound to port 43951
2019-09-26 16:27:40,368 [main] INFO  server.Server (Server.java:doStart(351)) - jetty-9.3.25.v20180904, build timestamp: 2018-09-04T21:11:46Z, git hash: 3ce520221d0240229c862b122d2b06c12a625732
2019-09-26 16:27:40,369 [main] INFO  handler.ContextHandler (ContextHandler.java:doStart(781)) - Started o.e.j.s.ServletContextHandler@3f1ed068{/logs,file:///workdir/hadoop-ozone/integration-test/target/log,AVAILABLE}
2019-09-26 16:27:40,370 [main] INFO  handler.ContextHandler (ContextHandler.java:doStart(781)) - Started o.e.j.s.ServletContextHandler@2e645fbd{/static,jar:file:/home/user/.m2/repository/org/apache/hadoop/hadoop-hdds-container-service/0.5.0-SNAPSHOT/hadoop-hdds-container-service-0.5.0-SNAPSHOT.jar!/webapps/static,AVAILABLE}
2019-09-26 16:27:40,398 [main] INFO  handler.ContextHandler (ContextHandler.java:doStart(781)) - Started o.e.j.w.WebAppContext@5f69e2b{/,file:///tmp/jetty-0.0.0.0-43951-hddsDatanode-_-any-4565449139690924852.dir/webapp/,AVAILABLE}{/hddsDatanode}
2019-09-26 16:27:40,398 [main] INFO  server.AbstractConnector (AbstractConnector.java:doStart(278)) - Started ServerConnector@984169e{HTTP/1.1,[http/1.1]}{0.0.0.0:43951}
2019-09-26 16:27:40,399 [main] INFO  server.Server (Server.java:doStart(419)) - Started @5745ms
2019-09-26 16:27:40,399 [main] WARN  impl.MetricsSystemImpl (MetricsSystemImpl.java:register(276)) - Sink prometheus already exists!
2019-09-26 16:27:40,400 [main] INFO  server.BaseHttpServer (BaseHttpServer.java:updateConnectorAddress(215)) - HTTP server of HDDSDATANODE is listening at http://0.0.0.0:43951
2019-09-26 16:27:40,403 [main] INFO  ozone.MiniOzoneClusterImpl (MiniOzoneClusterImpl.java:lambda$waitForClusterToBeReady$0(147)) - Waiting for cluster to be ready. Got 0 of 7 DN Heartbeats.
2019-09-26 16:27:40,404 [org.apache.hadoop.util.JvmPauseMonitor$Monitor@74ede6af] INFO  util.JvmPauseMonitor (JvmPauseMonitor.java:run(188)) - Starting JVM pause monitor
2019-09-26 16:27:40,407 [Datanode State Machine Thread - 0] INFO  datanode.InitDatanodeState (InitDatanodeState.java:persistContainerDatanodeDetails(140)) - DatanodeDetails is persisted to /workdir/hadoop-ozone/integration-test/target/test-dir/MiniOzoneClusterImpl-598ef3ce-e04c-4237-8ba0-cc477a09206f/datanode-6/meta/datanode.id
2019-09-26 16:27:41,403 [main] INFO  ozone.MiniOzoneClusterImpl (MiniOzoneClusterImpl.java:lambda$waitForClusterToBeReady$0(147)) - Waiting for cluster to be ready. Got 0 of 7 DN Heartbeats.
2019-09-26 16:27:42,037 [Datanode State Machine Thread - 0] INFO  ozoneimpl.OzoneContainer (OzoneContainer.java:start(217)) - Attempting to start container services.
2019-09-26 16:27:42,041 [Datanode State Machine Thread - 0] INFO  ozoneimpl.OzoneContainer (OzoneContainer.java:startContainerScrub(179)) - Background container scanner has been disabled.
2019-09-26 16:27:42,042 [Datanode State Machine Thread - 0] INFO  ratis.XceiverServerRatis (XceiverServerRatis.java:start(411)) - Starting XceiverServerRatis f41b9329-29f6-4fb4-8de9-d292d9a8a636 at port 0
2019-09-26 16:27:42,059 [Datanode State Machine Thread - 0] INFO  ozoneimpl.OzoneContainer (OzoneContainer.java:start(217)) - Attempting to start container services.
2019-09-26 16:27:42,069 [Datanode State Machine Thread - 0] INFO  ozoneimpl.OzoneContainer (OzoneContainer.java:startContainerScrub(179)) - Background container scanner has been disabled.
2019-09-26 16:27:42,070 [Datanode State Machine Thread - 0] INFO  ratis.XceiverServerRatis (XceiverServerRatis.java:start(411)) - Starting XceiverServerRatis 544e4564-cff2-4854-aa86-9068d953c0c3 at port 0
2019-09-26 16:27:42,090 [Datanode State Machine Thread - 0] INFO  impl.RaftServerProxy (RaftServerProxy.java:lambda$start$3(299)) - 544e4564-cff2-4854-aa86-9068d953c0c3: start RPC server
2019-09-26 16:27:42,090 [Datanode State Machine Thread - 0] INFO  impl.RaftServerProxy (RaftServerProxy.java:lambda$start$3(299)) - f41b9329-29f6-4fb4-8de9-d292d9a8a636: start RPC server
2019-09-26 16:27:42,142 [Datanode State Machine Thread - 0] INFO  ozoneimpl.OzoneContainer (OzoneContainer.java:start(217)) - Attempting to start container services.
2019-09-26 16:27:42,146 [Datanode State Machine Thread - 0] INFO  ozoneimpl.OzoneContainer (OzoneContainer.java:startContainerScrub(179)) - Background container scanner has been disabled.
2019-09-26 16:27:42,146 [Datanode State Machine Thread - 0] INFO  ratis.XceiverServerRatis (XceiverServerRatis.java:start(411)) - Starting XceiverServerRatis fc68d4fa-5d3a-472d-bc12-ba3c6d7c7a39 at port 0
2019-09-26 16:27:42,157 [Datanode State Machine Thread - 0] INFO  impl.RaftServerProxy (RaftServerProxy.java:lambda$start$3(299)) - fc68d4fa-5d3a-472d-bc12-ba3c6d7c7a39: start RPC server
2019-09-26 16:27:42,215 [Datanode State Machine Thread - 0] INFO  ozoneimpl.OzoneContainer (OzoneContainer.java:start(217)) - Attempting to start container services.
2019-09-26 16:27:42,216 [Datanode State Machine Thread - 0] INFO  ozoneimpl.OzoneContainer (OzoneContainer.java:startContainerScrub(179)) - Background container scanner has been disabled.
2019-09-26 16:27:42,216 [Datanode State Machine Thread - 0] INFO  ratis.XceiverServerRatis (XceiverServerRatis.java:start(411)) - Starting XceiverServerRatis 79ffe903-3fc0-40a8-8acf-aa2d12154a51 at port 0
2019-09-26 16:27:42,236 [Datanode State Machine Thread - 0] INFO  impl.RaftServerProxy (RaftServerProxy.java:lambda$start$3(299)) - 79ffe903-3fc0-40a8-8acf-aa2d12154a51: start RPC server
2019-09-26 16:27:42,254 [Datanode State Machine Thread - 0] INFO  server.GrpcService (GrpcService.java:startImpl(158)) - 544e4564-cff2-4854-aa86-9068d953c0c3: GrpcService started, listening on 0.0.0.0/0.0.0.0:41394
2019-09-26 16:27:42,254 [Datanode State Machine Thread - 0] INFO  server.GrpcService (GrpcService.java:startImpl(158)) - fc68d4fa-5d3a-472d-bc12-ba3c6d7c7a39: GrpcService started, listening on 0.0.0.0/0.0.0.0:33291
2019-09-26 16:27:42,254 [Datanode State Machine Thread - 0] INFO  server.GrpcService (GrpcService.java:startImpl(158)) - 79ffe903-3fc0-40a8-8acf-aa2d12154a51: GrpcService started, listening on 0.0.0.0/0.0.0.0:38144
2019-09-26 16:27:42,254 [Datanode State Machine Thread - 0] INFO  server.GrpcService (GrpcService.java:startImpl(158)) - f41b9329-29f6-4fb4-8de9-d292d9a8a636: GrpcService started, listening on 0.0.0.0/0.0.0.0:44465
2019-09-26 16:27:42,255 [Datanode State Machine Thread - 0] INFO  ratis.XceiverServerRatis (XceiverServerRatis.java:start(421)) - XceiverServerRatis 79ffe903-3fc0-40a8-8acf-aa2d12154a51 is started using port 38144
2019-09-26 16:27:42,255 [Datanode State Machine Thread - 0] INFO  ratis.XceiverServerRatis (XceiverServerRatis.java:start(421)) - XceiverServerRatis fc68d4fa-5d3a-472d-bc12-ba3c6d7c7a39 is started using port 33291
2019-09-26 16:27:42,255 [Datanode State Machine Thread - 0] INFO  ratis.XceiverServerRatis (XceiverServerRatis.java:start(421)) - XceiverServerRatis 544e4564-cff2-4854-aa86-9068d953c0c3 is started using port 41394
2019-09-26 16:27:42,256 [Datanode State Machine Thread - 0] INFO  ratis.XceiverServerRatis (XceiverServerRatis.java:start(421)) - XceiverServerRatis f41b9329-29f6-4fb4-8de9-d292d9a8a636 is started using port 44465
2019-09-26 16:27:42,263 [Datanode State Machine Thread - 0] INFO  server.XceiverServerGrpc (XceiverServerGrpc.java:start(149)) - XceiverServerGrpc 544e4564-cff2-4854-aa86-9068d953c0c3 is started using port 43078
2019-09-26 16:27:42,263 [Datanode State Machine Thread - 0] INFO  server.XceiverServerGrpc (XceiverServerGrpc.java:start(149)) - XceiverServerGrpc 79ffe903-3fc0-40a8-8acf-aa2d12154a51 is started using port 43344
2019-09-26 16:27:42,264 [Datanode State Machine Thread - 0] INFO  server.XceiverServerGrpc (XceiverServerGrpc.java:start(149)) - XceiverServerGrpc fc68d4fa-5d3a-472d-bc12-ba3c6d7c7a39 is started using port 33648
2019-09-26 16:27:42,263 [Datanode State Machine Thread - 0] INFO  server.XceiverServerGrpc (XceiverServerGrpc.java:start(149)) - XceiverServerGrpc f41b9329-29f6-4fb4-8de9-d292d9a8a636 is started using port 38617
2019-09-26 16:27:42,287 [Datanode State Machine Thread - 0] INFO  ozoneimpl.OzoneContainer (OzoneContainer.java:start(217)) - Attempting to start container services.
2019-09-26 16:27:42,288 [Datanode State Machine Thread - 0] INFO  ozoneimpl.OzoneContainer (OzoneContainer.java:startContainerScrub(179)) - Background container scanner has been disabled.
2019-09-26 16:27:42,288 [Datanode State Machine Thread - 0] INFO  ratis.XceiverServerRatis (XceiverServerRatis.java:start(411)) - Starting XceiverServerRatis 923128ae-3131-46de-9810-c19589cb32d9 at port 0
2019-09-26 16:27:42,298 [Datanode State Machine Thread - 0] INFO  impl.RaftServerProxy (RaftServerProxy.java:lambda$start$3(299)) - 923128ae-3131-46de-9810-c19589cb32d9: start RPC server
2019-09-26 16:27:42,300 [Datanode State Machine Thread - 0] INFO  server.GrpcService (GrpcService.java:startImpl(158)) - 923128ae-3131-46de-9810-c19589cb32d9: GrpcService started, listening on 0.0.0.0/0.0.0.0:34411
2019-09-26 16:27:42,301 [Datanode State Machine Thread - 0] INFO  ratis.XceiverServerRatis (XceiverServerRatis.java:start(421)) - XceiverServerRatis 923128ae-3131-46de-9810-c19589cb32d9 is started using port 34411
2019-09-26 16:27:42,303 [Datanode State Machine Thread - 0] INFO  server.XceiverServerGrpc (XceiverServerGrpc.java:start(149)) - XceiverServerGrpc 923128ae-3131-46de-9810-c19589cb32d9 is started using port 36992
2019-09-26 16:27:42,353 [Datanode State Machine Thread - 0] INFO  ozoneimpl.OzoneContainer (OzoneContainer.java:start(217)) - Attempting to start container services.
2019-09-26 16:27:42,353 [Datanode State Machine Thread - 0] INFO  ozoneimpl.OzoneContainer (OzoneContainer.java:startContainerScrub(179)) - Background container scanner has been disabled.
2019-09-26 16:27:42,354 [Datanode State Machine Thread - 0] INFO  ratis.XceiverServerRatis (XceiverServerRatis.java:start(411)) - Starting XceiverServerRatis 6ad4b93a-b4cf-4be6-9fd2-9d62088a494c at port 0
2019-09-26 16:27:42,362 [Datanode State Machine Thread - 0] INFO  impl.RaftServerProxy (RaftServerProxy.java:lambda$start$3(299)) - 6ad4b93a-b4cf-4be6-9fd2-9d62088a494c: start RPC server
2019-09-26 16:27:42,367 [Datanode State Machine Thread - 0] INFO  server.GrpcService (GrpcService.java:startImpl(158)) - 6ad4b93a-b4cf-4be6-9fd2-9d62088a494c: GrpcService started, listening on 0.0.0.0/0.0.0.0:38689
2019-09-26 16:27:42,368 [Datanode State Machine Thread - 0] INFO  ratis.XceiverServerRatis (XceiverServerRatis.java:start(421)) - XceiverServerRatis 6ad4b93a-b4cf-4be6-9fd2-9d62088a494c is started using port 38689
2019-09-26 16:27:42,371 [Datanode State Machine Thread - 0] INFO  server.XceiverServerGrpc (XceiverServerGrpc.java:start(149)) - XceiverServerGrpc 6ad4b93a-b4cf-4be6-9fd2-9d62088a494c is started using port 45386
2019-09-26 16:27:42,404 [main] INFO  ozone.MiniOzoneClusterImpl (MiniOzoneClusterImpl.java:lambda$waitForClusterToBeReady$0(147)) - Waiting for cluster to be ready. Got 0 of 7 DN Heartbeats.
2019-09-26 16:27:42,421 [Datanode State Machine Thread - 0] INFO  ozoneimpl.OzoneContainer (OzoneContainer.java:start(217)) - Attempting to start container services.
2019-09-26 16:27:42,422 [Datanode State Machine Thread - 0] INFO  ozoneimpl.OzoneContainer (OzoneContainer.java:startContainerScrub(179)) - Background container scanner has been disabled.
2019-09-26 16:27:42,422 [Datanode State Machine Thread - 0] INFO  ratis.XceiverServerRatis (XceiverServerRatis.java:start(411)) - Starting XceiverServerRatis 7ae1d8e0-c3cd-44e1-b67c-818b78fc249c at port 0
2019-09-26 16:27:42,432 [Datanode State Machine Thread - 0] INFO  impl.RaftServerProxy (RaftServerProxy.java:lambda$start$3(299)) - 7ae1d8e0-c3cd-44e1-b67c-818b78fc249c: start RPC server
2019-09-26 16:27:42,438 [Datanode State Machine Thread - 0] INFO  server.GrpcService (GrpcService.java:startImpl(158)) - 7ae1d8e0-c3cd-44e1-b67c-818b78fc249c: GrpcService started, listening on 0.0.0.0/0.0.0.0:39343
2019-09-26 16:27:42,438 [Datanode State Machine Thread - 0] INFO  ratis.XceiverServerRatis (XceiverServerRatis.java:start(421)) - XceiverServerRatis 7ae1d8e0-c3cd-44e1-b67c-818b78fc249c is started using port 39343
2019-09-26 16:27:42,444 [Datanode State Machine Thread - 0] INFO  server.XceiverServerGrpc (XceiverServerGrpc.java:start(149)) - XceiverServerGrpc 7ae1d8e0-c3cd-44e1-b67c-818b78fc249c is started using port 46069
2019-09-26 16:27:43,404 [main] INFO  ozone.MiniOzoneClusterImpl (MiniOzoneClusterImpl.java:lambda$waitForClusterToBeReady$0(147)) - Waiting for cluster to be ready. Got 0 of 7 DN Heartbeats.
2019-09-26 16:27:43,996 [IPC Server handler 1 on 34427] INFO  net.NetworkTopology (NetworkTopologyImpl.java:add(111)) - Added a new node: /default-rack/f41b9329-29f6-4fb4-8de9-d292d9a8a636
2019-09-26 16:27:43,996 [IPC Server handler 1 on 34427] INFO  node.SCMNodeManager (SCMNodeManager.java:register(266)) - Registered Data node : f41b9329-29f6-4fb4-8de9-d292d9a8a636{ip: 192.168.157.234, host: pr-hdds-2162-htzpk-1451759861, networkLocation: /default-rack, certSerialId: null}
2019-09-26 16:27:44,003 [EventQueue-NodeRegistrationContainerReportForDataNodeSafeModeRule] INFO  safemode.SCMSafeModeManager (DataNodeSafeModeRule.java:process(71)) - SCM in safe mode. 1 DataNodes registered, 1 required.
2019-09-26 16:27:44,003 [EventQueue-NodeRegistrationContainerReportForDataNodeSafeModeRule] INFO  safemode.SCMSafeModeManager (SCMSafeModeManager.java:validateSafeModeExitRules(177)) - ScmSafeModeManager, all rules are successfully validated
2019-09-26 16:27:44,003 [EventQueue-NodeRegistrationContainerReportForDataNodeSafeModeRule] INFO  safemode.SCMSafeModeManager (SCMSafeModeManager.java:exitSafeMode(193)) - SCM exiting safe mode.
2019-09-26 16:27:44,046 [IPC Server handler 0 on 34427] INFO  net.NetworkTopology (NetworkTopologyImpl.java:add(111)) - Added a new node: /default-rack/544e4564-cff2-4854-aa86-9068d953c0c3
2019-09-26 16:27:44,046 [IPC Server handler 0 on 34427] INFO  node.SCMNodeManager (SCMNodeManager.java:register(266)) - Registered Data node : 544e4564-cff2-4854-aa86-9068d953c0c3{ip: 192.168.157.234, host: pr-hdds-2162-htzpk-1451759861, networkLocation: /default-rack, certSerialId: null}
2019-09-26 16:27:44,130 [IPC Server handler 3 on 34427] INFO  net.NetworkTopology (NetworkTopologyImpl.java:add(111)) - Added a new node: /default-rack/fc68d4fa-5d3a-472d-bc12-ba3c6d7c7a39
2019-09-26 16:27:44,130 [IPC Server handler 3 on 34427] INFO  node.SCMNodeManager (SCMNodeManager.java:register(266)) - Registered Data node : fc68d4fa-5d3a-472d-bc12-ba3c6d7c7a39{ip: 192.168.157.234, host: pr-hdds-2162-htzpk-1451759861, networkLocation: /default-rack, certSerialId: null}
2019-09-26 16:27:44,202 [IPC Server handler 6 on 34427] INFO  net.NetworkTopology (NetworkTopologyImpl.java:add(111)) - Added a new node: /default-rack/79ffe903-3fc0-40a8-8acf-aa2d12154a51
2019-09-26 16:27:44,203 [IPC Server handler 6 on 34427] INFO  node.SCMNodeManager (SCMNodeManager.java:register(266)) - Registered Data node : 79ffe903-3fc0-40a8-8acf-aa2d12154a51{ip: 192.168.157.234, host: pr-hdds-2162-htzpk-1451759861, networkLocation: /default-rack, certSerialId: null}
2019-09-26 16:27:44,272 [IPC Server handler 4 on 34427] INFO  net.NetworkTopology (NetworkTopologyImpl.java:add(111)) - Added a new node: /default-rack/923128ae-3131-46de-9810-c19589cb32d9
2019-09-26 16:27:44,272 [IPC Server handler 4 on 34427] INFO  node.SCMNodeManager (SCMNodeManager.java:register(266)) - Registered Data node : 923128ae-3131-46de-9810-c19589cb32d9{ip: 192.168.157.234, host: pr-hdds-2162-htzpk-1451759861, networkLocation: /default-rack, certSerialId: null}
2019-09-26 16:27:44,342 [IPC Server handler 5 on 34427] INFO  net.NetworkTopology (NetworkTopologyImpl.java:add(111)) - Added a new node: /default-rack/6ad4b93a-b4cf-4be6-9fd2-9d62088a494c
2019-09-26 16:27:44,342 [IPC Server handler 5 on 34427] INFO  node.SCMNodeManager (SCMNodeManager.java:register(266)) - Registered Data node : 6ad4b93a-b4cf-4be6-9fd2-9d62088a494c{ip: 192.168.157.234, host: pr-hdds-2162-htzpk-1451759861, networkLocation: /default-rack, certSerialId: null}
2019-09-26 16:27:44,407 [main] INFO  ozone.MiniOzoneClusterImpl (MiniOzoneClusterImpl.java:lambda$waitForClusterToBeReady$0(147)) - Waiting for cluster to be ready. Got 6 of 7 DN Heartbeats.
2019-09-26 16:27:44,411 [IPC Server handler 7 on 34427] INFO  net.NetworkTopology (NetworkTopologyImpl.java:add(111)) - Added a new node: /default-rack/7ae1d8e0-c3cd-44e1-b67c-818b78fc249c
2019-09-26 16:27:44,411 [IPC Server handler 7 on 34427] INFO  node.SCMNodeManager (SCMNodeManager.java:register(266)) - Registered Data node : 7ae1d8e0-c3cd-44e1-b67c-818b78fc249c{ip: 192.168.157.234, host: pr-hdds-2162-htzpk-1451759861, networkLocation: /default-rack, certSerialId: null}
2019-09-26 16:27:44,623 [grpc-default-executor-0] INFO  impl.RaftServerProxy (RaftServerProxy.java:addNew(89)) - f41b9329-29f6-4fb4-8de9-d292d9a8a636: addNew group-9E2E9997F620:[f41b9329-29f6-4fb4-8de9-d292d9a8a636:192.168.157.234:44465] returns group-9E2E9997F620:java.util.concurrent.CompletableFuture@5584c42f[Not completed]
2019-09-26 16:27:44,648 [pool-27-thread-1] INFO  impl.RaftServerImpl (RaftServerImpl.java:<init>(95)) - f41b9329-29f6-4fb4-8de9-d292d9a8a636: new RaftServerImpl for group-9E2E9997F620:[f41b9329-29f6-4fb4-8de9-d292d9a8a636:192.168.157.234:44465] with ContainerStateMachine:uninitialized
2019-09-26 16:27:44,650 [pool-27-thread-1] INFO  server.RaftServerConfigKeys (ConfUtils.java:logGet(43)) - raft.server.rpc.timeout.min = 5s (custom)
2019-09-26 16:27:44,652 [pool-27-thread-1] INFO  server.RaftServerConfigKeys (ConfUtils.java:logGet(43)) - raft.server.rpc.timeout.max = 5200ms (custom)
2019-09-26 16:27:44,652 [pool-27-thread-1] INFO  server.RaftServerConfigKeys (ConfUtils.java:logGet(43)) - raft.server.rpcslowness.timeout = 120s (custom)
2019-09-26 16:27:44,653 [pool-27-thread-1] INFO  server.RaftServerConfigKeys (ConfUtils.java:logGet(43)) - raft.server.sleep.deviation.threshold = 300 (default)
2019-09-26 16:27:44,654 [pool-27-thread-1] INFO  server.RaftServerConfigKeys (ConfUtils.java:logGet(43)) - raft.server.log.appender.install.snapshot.enabled = false (custom)
2019-09-26 16:27:44,664 [pool-27-thread-1] INFO  impl.RaftServerImpl (ServerState.java:<init>(103)) - f41b9329-29f6-4fb4-8de9-d292d9a8a636@group-9E2E9997F620: ConfigurationManager, init=-1: [f41b9329-29f6-4fb4-8de9-d292d9a8a636:192.168.157.234:44465], old=null, confs=<EMPTY_MAP>
2019-09-26 16:27:44,664 [pool-27-thread-1] INFO  server.RaftServerConfigKeys (ConfUtils.java:logGet(43)) - raft.server.storage.dir = [/workdir/hadoop-ozone/integration-test/target/test-dir/MiniOzoneClusterImpl-598ef3ce-e04c-4237-8ba0-cc477a09206f/datanode-0/data/ratis] (custom)
2019-09-26 16:27:44,676 [pool-27-thread-1] INFO  storage.RaftStorageDirectory (RaftStorageDirectory.java:analyzeStorage(246)) - The storage directory /workdir/hadoop-ozone/integration-test/target/test-dir/MiniOzoneClusterImpl-598ef3ce-e04c-4237-8ba0-cc477a09206f/datanode-0/data/ratis/e58f0dc2-62ee-4bda-bed0-9e2e9997f620 does not exist. Creating ...
2019-09-26 16:27:44,694 [pool-27-thread-1] INFO  storage.RaftStorageDirectory (RaftStorageDirectory.java:tryLock(328)) - Lock on /workdir/hadoop-ozone/integration-test/target/test-dir/MiniOzoneClusterImpl-598ef3ce-e04c-4237-8ba0-cc477a09206f/datanode-0/data/ratis/e58f0dc2-62ee-4bda-bed0-9e2e9997f620/in_use.lock acquired by nodename 12895@pr-hdds-2162-htzpk-1451759861
2019-09-26 16:27:44,710 [pool-27-thread-1] INFO  storage.RaftStorage (RaftStorage.java:format(72)) - Storage directory /workdir/hadoop-ozone/integration-test/target/test-dir/MiniOzoneClusterImpl-598ef3ce-e04c-4237-8ba0-cc477a09206f/datanode-0/data/ratis/e58f0dc2-62ee-4bda-bed0-9e2e9997f620 has been successfully formatted.
2019-09-26 16:27:44,713 [pool-27-thread-1] INFO  ratis.ContainerStateMachine (ContainerStateMachine.java:loadSnapshot(230)) - group-9E2E9997F620: The snapshot info is null. Setting the last applied indexto:(t:0, i:~)
2019-09-26 16:27:44,713 [pool-27-thread-1] INFO  server.RaftServerConfigKeys (ConfUtils.java:logGet(43)) - raft.server.notification.no-leader.timeout = 120s (custom)
2019-09-26 16:27:44,715 [pool-27-thread-1] INFO  server.RaftServerConfigKeys (ConfUtils.java:logGet(43)) - raft.server.log.use.memory = false (default)
2019-09-26 16:27:44,721 [pool-27-thread-1] INFO  server.RaftServerConfigKeys (ConfUtils.java:logGet(43)) - raft.server.log.purge.gap = 1000000 (custom)
2019-09-26 16:27:44,721 [pool-27-thread-1] INFO  server.RaftServerConfigKeys (ConfUtils.java:logGet(43)) - raft.server.log.appender.buffer.byte-limit = 33554432 (custom)
2019-09-26 16:27:44,724 [pool-27-thread-1] INFO  server.RaftServerConfigKeys (ConfUtils.java:logGet(43)) - raft.server.log.segment.size.max = 1048576 (custom)
2019-09-26 16:27:44,731 [pool-27-thread-1] INFO  server.RaftServerConfigKeys (ConfUtils.java:logGet(43)) - raft.server.log.segment.cache.num.max = 2 (custom)
2019-09-26 16:27:44,737 [pool-27-thread-1] INFO  segmented.SegmentedRaftLogWorker (SegmentedRaftLogWorker.java:<init>(172)) - new f41b9329-29f6-4fb4-8de9-d292d9a8a636@group-9E2E9997F620-SegmentedRaftLogWorker for RaftStorage:Storage Directory /workdir/hadoop-ozone/integration-test/target/test-dir/MiniOzoneClusterImpl-598ef3ce-e04c-4237-8ba0-cc477a09206f/datanode-0/data/ratis/e58f0dc2-62ee-4bda-bed0-9e2e9997f620
2019-09-26 16:27:44,739 [pool-27-thread-1] INFO  impl.MetricsSystemImpl (MetricsSystemImpl.java:init(158)) - ratis metrics system started (again)
2019-09-26 16:27:44,747 [pool-27-thread-1] INFO  metrics.MetricRegistries (MetricRegistriesLoader.java:load(64)) - Loaded MetricRegistries class org.apache.ratis.metrics.impl.MetricRegistriesImpl
2019-09-26 16:27:44,774 [pool-27-thread-1] INFO  server.RaftServerConfigKeys (ConfUtils.java:logGet(43)) - raft.server.log.queue.byte-limit = 2147483647 (custom)
2019-09-26 16:27:44,775 [pool-27-thread-1] INFO  server.RaftServerConfigKeys (ConfUtils.java:logGet(43)) - raft.server.log.queue.element-limit = 1024 (custom)
2019-09-26 16:27:44,778 [pool-27-thread-1] INFO  server.RaftServerConfigKeys (ConfUtils.java:logGet(43)) - raft.server.log.segment.size.max = 1048576 (custom)
2019-09-26 16:27:44,778 [pool-27-thread-1] INFO  server.RaftServerConfigKeys (ConfUtils.java:logGet(43)) - raft.server.log.preallocated.size = 16384 (custom)
2019-09-26 16:27:44,779 [pool-27-thread-1] INFO  server.RaftServerConfigKeys (ConfUtils.java:logGet(43)) - raft.server.log.write.buffer.size = 33554432 (custom)
2019-09-26 16:27:44,779 [pool-27-thread-1] INFO  server.RaftServerConfigKeys (ConfUtils.java:logGet(43)) - raft.server.log.force.sync.num = 128 (default)
2019-09-26 16:27:44,780 [pool-27-thread-1] INFO  server.RaftServerConfigKeys (ConfUtils.java:logGet(43)) - raft.server.log.statemachine.data.sync = true (default)
2019-09-26 16:27:44,780 [pool-27-thread-1] INFO  server.RaftServerConfigKeys (ConfUtils.java:logGet(43)) - raft.server.log.statemachine.data.sync.timeout = 10s (default)
2019-09-26 16:27:44,781 [pool-27-thread-1] INFO  server.RaftServerConfigKeys (ConfUtils.java:logGet(43)) - raft.server.log.statemachine.data.sync.timeout.retry = -1 (default)
2019-09-26 16:27:44,789 [pool-27-thread-1] INFO  server.RaftServerConfigKeys (ConfUtils.java:logGet(43)) - raft.server.log.statemachine.data.caching.enabled = true (custom)
2019-09-26 16:27:44,794 [pool-27-thread-1] INFO  segmented.SegmentedRaftLogWorker (SegmentedRaftLogWorker.java:lambda$new$0(132)) - f41b9329-29f6-4fb4-8de9-d292d9a8a636@group-9E2E9997F620-SegmentedRaftLogWorker: flushIndex: setUnconditionally 0 -> -1
2019-09-26 16:27:44,798 [pool-27-thread-1] INFO  server.RaftServerConfigKeys (ConfUtils.java:logGet(43)) - raft.server.snapshot.auto.trigger.enabled = true (custom)
2019-09-26 16:27:44,798 [pool-27-thread-1] INFO  server.RaftServerConfigKeys (ConfUtils.java:logGet(43)) - raft.server.snapshot.auto.trigger.threshold = 10000 (custom)
2019-09-26 16:27:44,799 [pool-27-thread-1] INFO  server.RaftServerConfigKeys (ConfUtils.java:logGet(43)) - raft.server.snapshot.retention.num.files = 5 (custom)
2019-09-26 16:27:44,799 [pool-27-thread-1] INFO  server.RaftServerConfigKeys (ConfUtils.java:logGet(43)) - raft.server.retrycache.expirytime = 600000ms (custom)
2019-09-26 16:27:44,824 [pool-27-thread-1] INFO  impl.RaftServerImpl (RaftServerImpl.java:start(185)) - f41b9329-29f6-4fb4-8de9-d292d9a8a636@group-9E2E9997F620: start as a follower, conf=-1: [f41b9329-29f6-4fb4-8de9-d292d9a8a636:192.168.157.234:44465], old=null
2019-09-26 16:27:44,825 [pool-27-thread-1] INFO  impl.RaftServerImpl (RaftServerImpl.java:setRole(174)) - f41b9329-29f6-4fb4-8de9-d292d9a8a636@group-9E2E9997F620: changes role from      null to FOLLOWER at term 0 for startAsFollower
2019-09-26 16:27:44,827 [pool-27-thread-1] INFO  impl.RoleInfo (RoleInfo.java:updateAndGet(143)) - f41b9329-29f6-4fb4-8de9-d292d9a8a636: start FollowerState
2019-09-26 16:27:44,828 [pool-27-thread-1] INFO  util.JmxRegister (JmxRegister.java:tryRegister(44)) - Successfully registered JMX Bean with object name Ratis:service=RaftServer,group=group-9E2E9997F620,id=f41b9329-29f6-4fb4-8de9-d292d9a8a636
2019-09-26 16:27:44,900 [RatisPipelineUtilsThread] INFO  pipeline.PipelineStateManager (PipelineStateManager.java:addPipeline(56)) - Created pipeline Pipeline[ Id: e58f0dc2-62ee-4bda-bed0-9e2e9997f620, Nodes: f41b9329-29f6-4fb4-8de9-d292d9a8a636{ip: 192.168.157.234, host: pr-hdds-2162-htzpk-1451759861, networkLocation: /default-rack, certSerialId: null}, Type:RATIS, Factor:ONE, State:OPEN]
2019-09-26 16:27:44,933 [grpc-default-executor-0] INFO  impl.RaftServerProxy (RaftServerProxy.java:addNew(89)) - 6ad4b93a-b4cf-4be6-9fd2-9d62088a494c: addNew group-E8F107E9C3DC:[6ad4b93a-b4cf-4be6-9fd2-9d62088a494c:192.168.157.234:38689] returns group-E8F107E9C3DC:java.util.concurrent.CompletableFuture@1806ee01[Not completed]
2019-09-26 16:27:44,988 [pool-77-thread-1] INFO  impl.RaftServerImpl (RaftServerImpl.java:<init>(95)) - 6ad4b93a-b4cf-4be6-9fd2-9d62088a494c: new RaftServerImpl for group-E8F107E9C3DC:[6ad4b93a-b4cf-4be6-9fd2-9d62088a494c:192.168.157.234:38689] with ContainerStateMachine:uninitialized
2019-09-26 16:27:44,989 [pool-77-thread-1] INFO  server.RaftServerConfigKeys (ConfUtils.java:logGet(43)) - raft.server.rpc.timeout.min = 5s (custom)
2019-09-26 16:27:44,990 [pool-77-thread-1] INFO  server.RaftServerConfigKeys (ConfUtils.java:logGet(43)) - raft.server.rpc.timeout.max = 5200ms (custom)
2019-09-26 16:27:44,990 [pool-77-thread-1] INFO  server.RaftServerConfigKeys (ConfUtils.java:logGet(43)) - raft.server.rpcslowness.timeout = 120s (custom)
2019-09-26 16:27:44,990 [pool-77-thread-1] INFO  server.RaftServerConfigKeys (ConfUtils.java:logGet(43)) - raft.server.sleep.deviation.threshold = 300 (default)
2019-09-26 16:27:44,990 [pool-77-thread-1] INFO  server.RaftServerConfigKeys (ConfUtils.java:logGet(43)) - raft.server.log.appender.install.snapshot.enabled = false (custom)
2019-09-26 16:27:44,990 [pool-77-thread-1] INFO  impl.RaftServerImpl (ServerState.java:<init>(103)) - 6ad4b93a-b4cf-4be6-9fd2-9d62088a494c@group-E8F107E9C3DC: ConfigurationManager, init=-1: [6ad4b93a-b4cf-4be6-9fd2-9d62088a494c:192.168.157.234:38689], old=null, confs=<EMPTY_MAP>
2019-09-26 16:27:44,991 [pool-77-thread-1] INFO  server.RaftServerConfigKeys (ConfUtils.java:logGet(43)) - raft.server.storage.dir = [/workdir/hadoop-ozone/integration-test/target/test-dir/MiniOzoneClusterImpl-598ef3ce-e04c-4237-8ba0-cc477a09206f/datanode-5/data/ratis] (custom)
2019-09-26 16:27:44,991 [pool-77-thread-1] INFO  storage.RaftStorageDirectory (RaftStorageDirectory.java:analyzeStorage(246)) - The storage directory /workdir/hadoop-ozone/integration-test/target/test-dir/MiniOzoneClusterImpl-598ef3ce-e04c-4237-8ba0-cc477a09206f/datanode-5/data/ratis/286eb71d-9b35-420e-bff0-e8f107e9c3dc does not exist. Creating ...
2019-09-26 16:27:45,010 [pool-77-thread-1] INFO  storage.RaftStorageDirectory (RaftStorageDirectory.java:tryLock(328)) - Lock on /workdir/hadoop-ozone/integration-test/target/test-dir/MiniOzoneClusterImpl-598ef3ce-e04c-4237-8ba0-cc477a09206f/datanode-5/data/ratis/286eb71d-9b35-420e-bff0-e8f107e9c3dc/in_use.lock acquired by nodename 12895@pr-hdds-2162-htzpk-1451759861
2019-09-26 16:27:45,023 [pool-77-thread-1] INFO  storage.RaftStorage (RaftStorage.java:format(72)) - Storage directory /workdir/hadoop-ozone/integration-test/target/test-dir/MiniOzoneClusterImpl-598ef3ce-e04c-4237-8ba0-cc477a09206f/datanode-5/data/ratis/286eb71d-9b35-420e-bff0-e8f107e9c3dc has been successfully formatted.
2019-09-26 16:27:45,026 [pool-77-thread-1] INFO  ratis.ContainerStateMachine (ContainerStateMachine.java:loadSnapshot(230)) - group-E8F107E9C3DC: The snapshot info is null. Setting the last applied indexto:(t:0, i:~)
2019-09-26 16:27:45,028 [pool-77-thread-1] INFO  server.RaftServerConfigKeys (ConfUtils.java:logGet(43)) - raft.server.notification.no-leader.timeout = 120s (custom)
2019-09-26 16:27:45,028 [pool-77-thread-1] INFO  server.RaftServerConfigKeys (ConfUtils.java:logGet(43)) - raft.server.log.use.memory = false (default)
2019-09-26 16:27:45,028 [pool-77-thread-1] INFO  server.RaftServerConfigKeys (ConfUtils.java:logGet(43)) - raft.server.log.purge.gap = 1000000 (custom)
2019-09-26 16:27:45,028 [pool-77-thread-1] INFO  server.RaftServerConfigKeys (ConfUtils.java:logGet(43)) - raft.server.log.appender.buffer.byte-limit = 33554432 (custom)
2019-09-26 16:27:45,028 [pool-77-thread-1] INFO  server.RaftServerConfigKeys (ConfUtils.java:logGet(43)) - raft.server.log.segment.size.max = 1048576 (custom)
2019-09-26 16:27:45,029 [pool-77-thread-1] INFO  server.RaftServerConfigKeys (ConfUtils.java:logGet(43)) - raft.server.log.segment.cache.num.max = 2 (custom)
2019-09-26 16:27:45,029 [pool-77-thread-1] INFO  segmented.SegmentedRaftLogWorker (SegmentedRaftLogWorker.java:<init>(172)) - new 6ad4b93a-b4cf-4be6-9fd2-9d62088a494c@group-E8F107E9C3DC-SegmentedRaftLogWorker for RaftStorage:Storage Directory /workdir/hadoop-ozone/integration-test/target/test-dir/MiniOzoneClusterImpl-598ef3ce-e04c-4237-8ba0-cc477a09206f/datanode-5/data/ratis/286eb71d-9b35-420e-bff0-e8f107e9c3dc
2019-09-26 16:27:45,037 [pool-77-thread-1] INFO  server.RaftServerConfigKeys (ConfUtils.java:logGet(43)) - raft.server.log.queue.byte-limit = 2147483647 (custom)
2019-09-26 16:27:45,037 [pool-77-thread-1] INFO  server.RaftServerConfigKeys (ConfUtils.java:logGet(43)) - raft.server.log.queue.element-limit = 1024 (custom)
2019-09-26 16:27:45,037 [pool-77-thread-1] INFO  server.RaftServerConfigKeys (ConfUtils.java:logGet(43)) - raft.server.log.segment.size.max = 1048576 (custom)
2019-09-26 16:27:45,037 [pool-77-thread-1] INFO  server.RaftServerConfigKeys (ConfUtils.java:logGet(43)) - raft.server.log.preallocated.size = 16384 (custom)
2019-09-26 16:27:45,037 [pool-77-thread-1] INFO  server.RaftServerConfigKeys (ConfUtils.java:logGet(43)) - raft.server.log.write.buffer.size = 33554432 (custom)
2019-09-26 16:27:45,038 [pool-77-thread-1] INFO  server.RaftServerConfigKeys (ConfUtils.java:logGet(43)) - raft.server.log.force.sync.num = 128 (default)
2019-09-26 16:27:45,038 [pool-77-thread-1] INFO  server.RaftServerConfigKeys (ConfUtils.java:logGet(43)) - raft.server.log.statemachine.data.sync = true (default)
2019-09-26 16:27:45,038 [pool-77-thread-1] INFO  server.RaftServerConfigKeys (ConfUtils.java:logGet(43)) - raft.server.log.statemachine.data.sync.timeout = 10s (default)
2019-09-26 16:27:45,038 [pool-77-thread-1] INFO  server.RaftServerConfigKeys (ConfUtils.java:logGet(43)) - raft.server.log.statemachine.data.sync.timeout.retry = -1 (default)
2019-09-26 16:27:45,039 [pool-77-thread-1] INFO  server.RaftServerConfigKeys (ConfUtils.java:logGet(43)) - raft.server.log.statemachine.data.caching.enabled = true (custom)
2019-09-26 16:27:45,039 [pool-77-thread-1] INFO  segmented.SegmentedRaftLogWorker (SegmentedRaftLogWorker.java:lambda$new$0(132)) - 6ad4b93a-b4cf-4be6-9fd2-9d62088a494c@group-E8F107E9C3DC-SegmentedRaftLogWorker: flushIndex: setUnconditionally 0 -> -1
2019-09-26 16:27:45,039 [pool-77-thread-1] INFO  server.RaftServerConfigKeys (ConfUtils.java:logGet(43)) - raft.server.snapshot.auto.trigger.enabled = true (custom)
2019-09-26 16:27:45,040 [pool-77-thread-1] INFO  server.RaftServerConfigKeys (ConfUtils.java:logGet(43)) - raft.server.snapshot.auto.trigger.threshold = 10000 (custom)
2019-09-26 16:27:45,040 [pool-77-thread-1] INFO  server.RaftServerConfigKeys (ConfUtils.java:logGet(43)) - raft.server.snapshot.retention.num.files = 5 (custom)
2019-09-26 16:27:45,040 [pool-77-thread-1] INFO  server.RaftServerConfigKeys (ConfUtils.java:logGet(43)) - raft.server.retrycache.expirytime = 600000ms (custom)
2019-09-26 16:27:45,048 [pool-77-thread-1] INFO  impl.RaftServerImpl (RaftServerImpl.java:start(185)) - 6ad4b93a-b4cf-4be6-9fd2-9d62088a494c@group-E8F107E9C3DC: start as a follower, conf=-1: [6ad4b93a-b4cf-4be6-9fd2-9d62088a494c:192.168.157.234:38689], old=null
2019-09-26 16:27:45,048 [pool-77-thread-1] INFO  impl.RaftServerImpl (RaftServerImpl.java:setRole(174)) - 6ad4b93a-b4cf-4be6-9fd2-9d62088a494c@group-E8F107E9C3DC: changes role from      null to FOLLOWER at term 0 for startAsFollower
2019-09-26 16:27:45,049 [pool-77-thread-1] INFO  impl.RoleInfo (RoleInfo.java:updateAndGet(143)) - 6ad4b93a-b4cf-4be6-9fd2-9d62088a494c: start FollowerState
2019-09-26 16:27:45,053 [pool-77-thread-1] INFO  util.JmxRegister (JmxRegister.java:tryRegister(44)) - Successfully registered JMX Bean with object name Ratis:service=RaftServer,group=group-E8F107E9C3DC,id=6ad4b93a-b4cf-4be6-9fd2-9d62088a494c
2019-09-26 16:27:45,073 [RatisPipelineUtilsThread] INFO  pipeline.PipelineStateManager (PipelineStateManager.java:addPipeline(56)) - Created pipeline Pipeline[ Id: 286eb71d-9b35-420e-bff0-e8f107e9c3dc, Nodes: 6ad4b93a-b4cf-4be6-9fd2-9d62088a494c{ip: 192.168.157.234, host: pr-hdds-2162-htzpk-1451759861, networkLocation: /default-rack, certSerialId: null}, Type:RATIS, Factor:ONE, State:OPEN]
2019-09-26 16:27:45,101 [grpc-default-executor-0] INFO  impl.RaftServerProxy (RaftServerProxy.java:addNew(89)) - 544e4564-cff2-4854-aa86-9068d953c0c3: addNew group-5753AE72AAA1:[544e4564-cff2-4854-aa86-9068d953c0c3:192.168.157.234:41394] returns group-5753AE72AAA1:java.util.concurrent.CompletableFuture@5809b7e3[Not completed]
2019-09-26 16:27:45,129 [pool-37-thread-1] INFO  impl.RaftServerImpl (RaftServerImpl.java:<init>(95)) - 544e4564-cff2-4854-aa86-9068d953c0c3: new RaftServerImpl for group-5753AE72AAA1:[544e4564-cff2-4854-aa86-9068d953c0c3:192.168.157.234:41394] with ContainerStateMachine:uninitialized
2019-09-26 16:27:45,129 [pool-37-thread-1] INFO  server.RaftServerConfigKeys (ConfUtils.java:logGet(43)) - raft.server.rpc.timeout.min = 5s (custom)
2019-09-26 16:27:45,129 [pool-37-thread-1] INFO  server.RaftServerConfigKeys (ConfUtils.java:logGet(43)) - raft.server.rpc.timeout.max = 5200ms (custom)
2019-09-26 16:27:45,130 [pool-37-thread-1] INFO  server.RaftServerConfigKeys (ConfUtils.java:logGet(43)) - raft.server.rpcslowness.timeout = 120s (custom)
2019-09-26 16:27:45,130 [pool-37-thread-1] INFO  server.RaftServerConfigKeys (ConfUtils.java:logGet(43)) - raft.server.sleep.deviation.threshold = 300 (default)
2019-09-26 16:27:45,130 [pool-37-thread-1] INFO  server.RaftServerConfigKeys (ConfUtils.java:logGet(43)) - raft.server.log.appender.install.snapshot.enabled = false (custom)
2019-09-26 16:27:45,130 [pool-37-thread-1] INFO  impl.RaftServerImpl (ServerState.java:<init>(103)) - 544e4564-cff2-4854-aa86-9068d953c0c3@group-5753AE72AAA1: ConfigurationManager, init=-1: [544e4564-cff2-4854-aa86-9068d953c0c3:192.168.157.234:41394], old=null, confs=<EMPTY_MAP>
2019-09-26 16:27:45,130 [pool-37-thread-1] INFO  server.RaftServerConfigKeys (ConfUtils.java:logGet(43)) - raft.server.storage.dir = [/workdir/hadoop-ozone/integration-test/target/test-dir/MiniOzoneClusterImpl-598ef3ce-e04c-4237-8ba0-cc477a09206f/datanode-1/data/ratis] (custom)
2019-09-26 16:27:45,130 [pool-37-thread-1] INFO  storage.RaftStorageDirectory (RaftStorageDirectory.java:analyzeStorage(246)) - The storage directory /workdir/hadoop-ozone/integration-test/target/test-dir/MiniOzoneClusterImpl-598ef3ce-e04c-4237-8ba0-cc477a09206f/datanode-1/data/ratis/e484aa2a-5944-402a-b04c-5753ae72aaa1 does not exist. Creating ...
2019-09-26 16:27:45,143 [pool-37-thread-1] INFO  storage.RaftStorageDirectory (RaftStorageDirectory.java:tryLock(328)) - Lock on /workdir/hadoop-ozone/integration-test/target/test-dir/MiniOzoneClusterImpl-598ef3ce-e04c-4237-8ba0-cc477a09206f/datanode-1/data/ratis/e484aa2a-5944-402a-b04c-5753ae72aaa1/in_use.lock acquired by nodename 12895@pr-hdds-2162-htzpk-1451759861
2019-09-26 16:27:45,156 [pool-37-thread-1] INFO  storage.RaftStorage (RaftStorage.java:format(72)) - Storage directory /workdir/hadoop-ozone/integration-test/target/test-dir/MiniOzoneClusterImpl-598ef3ce-e04c-4237-8ba0-cc477a09206f/datanode-1/data/ratis/e484aa2a-5944-402a-b04c-5753ae72aaa1 has been successfully formatted.
2019-09-26 16:27:45,156 [pool-37-thread-1] INFO  ratis.ContainerStateMachine (ContainerStateMachine.java:loadSnapshot(230)) - group-5753AE72AAA1: The snapshot info is null. Setting the last applied indexto:(t:0, i:~)
2019-09-26 16:27:45,156 [pool-37-thread-1] INFO  server.RaftServerConfigKeys (ConfUtils.java:logGet(43)) - raft.server.notification.no-leader.timeout = 120s (custom)
2019-09-26 16:27:45,156 [pool-37-thread-1] INFO  server.RaftServerConfigKeys (ConfUtils.java:logGet(43)) - raft.server.log.use.memory = false (default)
2019-09-26 16:27:45,157 [pool-37-thread-1] INFO  server.RaftServerConfigKeys (ConfUtils.java:logGet(43)) - raft.server.log.purge.gap = 1000000 (custom)
2019-09-26 16:27:45,157 [pool-37-thread-1] INFO  server.RaftServerConfigKeys (ConfUtils.java:logGet(43)) - raft.server.log.appender.buffer.byte-limit = 33554432 (custom)
2019-09-26 16:27:45,157 [pool-37-thread-1] INFO  server.RaftServerConfigKeys (ConfUtils.java:logGet(43)) - raft.server.log.segment.size.max = 1048576 (custom)
2019-09-26 16:27:45,157 [pool-37-thread-1] INFO  server.RaftServerConfigKeys (ConfUtils.java:logGet(43)) - raft.server.log.segment.cache.num.max = 2 (custom)
2019-09-26 16:27:45,157 [pool-37-thread-1] INFO  segmented.SegmentedRaftLogWorker (SegmentedRaftLogWorker.java:<init>(172)) - new 544e4564-cff2-4854-aa86-9068d953c0c3@group-5753AE72AAA1-SegmentedRaftLogWorker for RaftStorage:Storage Directory /workdir/hadoop-ozone/integration-test/target/test-dir/MiniOzoneClusterImpl-598ef3ce-e04c-4237-8ba0-cc477a09206f/datanode-1/data/ratis/e484aa2a-5944-402a-b04c-5753ae72aaa1
2019-09-26 16:27:45,211 [pool-37-thread-1] INFO  server.RaftServerConfigKeys (ConfUtils.java:logGet(43)) - raft.server.log.queue.byte-limit = 2147483647 (custom)
2019-09-26 16:27:45,211 [pool-37-thread-1] INFO  server.RaftServerConfigKeys (ConfUtils.java:logGet(43)) - raft.server.log.queue.element-limit = 1024 (custom)
2019-09-26 16:27:45,211 [pool-37-thread-1] INFO  server.RaftServerConfigKeys (ConfUtils.java:logGet(43)) - raft.server.log.segment.size.max = 1048576 (custom)
2019-09-26 16:27:45,212 [pool-37-thread-1] INFO  server.RaftServerConfigKeys (ConfUtils.java:logGet(43)) - raft.server.log.preallocated.size = 16384 (custom)
2019-09-26 16:27:45,212 [pool-37-thread-1] INFO  server.RaftServerConfigKeys (ConfUtils.java:logGet(43)) - raft.server.log.write.buffer.size = 33554432 (custom)
2019-09-26 16:27:45,212 [pool-37-thread-1] INFO  server.RaftServerConfigKeys (ConfUtils.java:logGet(43)) - raft.server.log.force.sync.num = 128 (default)
2019-09-26 16:27:45,212 [pool-37-thread-1] INFO  server.RaftServerConfigKeys (ConfUtils.java:logGet(43)) - raft.server.log.statemachine.data.sync = true (default)
2019-09-26 16:27:45,212 [pool-37-thread-1] INFO  server.RaftServerConfigKeys (ConfUtils.java:logGet(43)) - raft.server.log.statemachine.data.sync.timeout = 10s (default)
2019-09-26 16:27:45,212 [pool-37-thread-1] INFO  server.RaftServerConfigKeys (ConfUtils.java:logGet(43)) - raft.server.log.statemachine.data.sync.timeout.retry = -1 (default)
2019-09-26 16:27:45,213 [pool-37-thread-1] INFO  server.RaftServerConfigKeys (ConfUtils.java:logGet(43)) - raft.server.log.statemachine.data.caching.enabled = true (custom)
2019-09-26 16:27:45,213 [pool-37-thread-1] INFO  segmented.SegmentedRaftLogWorker (SegmentedRaftLogWorker.java:lambda$new$0(132)) - 544e4564-cff2-4854-aa86-9068d953c0c3@group-5753AE72AAA1-SegmentedRaftLogWorker: flushIndex: setUnconditionally 0 -> -1
2019-09-26 16:27:45,214 [pool-37-thread-1] INFO  server.RaftServerConfigKeys (ConfUtils.java:logGet(43)) - raft.server.snapshot.auto.trigger.enabled = true (custom)
2019-09-26 16:27:45,214 [pool-37-thread-1] INFO  server.RaftServerConfigKeys (ConfUtils.java:logGet(43)) - raft.server.snapshot.auto.trigger.threshold = 10000 (custom)
2019-09-26 16:27:45,214 [pool-37-thread-1] INFO  server.RaftServerConfigKeys (ConfUtils.java:logGet(43)) - raft.server.snapshot.retention.num.files = 5 (custom)
2019-09-26 16:27:45,214 [pool-37-thread-1] INFO  server.RaftServerConfigKeys (ConfUtils.java:logGet(43)) - raft.server.retrycache.expirytime = 600000ms (custom)
2019-09-26 16:27:45,219 [pool-37-thread-1] INFO  impl.RaftServerImpl (RaftServerImpl.java:start(185)) - 544e4564-cff2-4854-aa86-9068d953c0c3@group-5753AE72AAA1: start as a follower, conf=-1: [544e4564-cff2-4854-aa86-9068d953c0c3:192.168.157.234:41394], old=null
2019-09-26 16:27:45,219 [pool-37-thread-1] INFO  impl.RaftServerImpl (RaftServerImpl.java:setRole(174)) - 544e4564-cff2-4854-aa86-9068d953c0c3@group-5753AE72AAA1: changes role from      null to FOLLOWER at term 0 for startAsFollower
2019-09-26 16:27:45,220 [pool-37-thread-1] INFO  impl.RoleInfo (RoleInfo.java:updateAndGet(143)) - 544e4564-cff2-4854-aa86-9068d953c0c3: start FollowerState
2019-09-26 16:27:45,220 [pool-37-thread-1] INFO  util.JmxRegister (JmxRegister.java:tryRegister(44)) - Successfully registered JMX Bean with object name Ratis:service=RaftServer,group=group-5753AE72AAA1,id=544e4564-cff2-4854-aa86-9068d953c0c3
2019-09-26 16:27:45,234 [RatisPipelineUtilsThread] INFO  pipeline.PipelineStateManager (PipelineStateManager.java:addPipeline(56)) - Created pipeline Pipeline[ Id: e484aa2a-5944-402a-b04c-5753ae72aaa1, Nodes: 544e4564-cff2-4854-aa86-9068d953c0c3{ip: 192.168.157.234, host: pr-hdds-2162-htzpk-1451759861, networkLocation: /default-rack, certSerialId: null}, Type:RATIS, Factor:ONE, State:OPEN]
2019-09-26 16:27:45,256 [grpc-default-executor-0] INFO  impl.RaftServerProxy (RaftServerProxy.java:addNew(89)) - 79ffe903-3fc0-40a8-8acf-aa2d12154a51: addNew group-6439C2230DD6:[79ffe903-3fc0-40a8-8acf-aa2d12154a51:192.168.157.234:38144] returns group-6439C2230DD6:java.util.concurrent.CompletableFuture@34a5ba1e[Not completed]
2019-09-26 16:27:45,263 [pool-57-thread-1] INFO  impl.RaftServerImpl (RaftServerImpl.java:<init>(95)) - 79ffe903-3fc0-40a8-8acf-aa2d12154a51: new RaftServerImpl for group-6439C2230DD6:[79ffe903-3fc0-40a8-8acf-aa2d12154a51:192.168.157.234:38144] with ContainerStateMachine:uninitialized
2019-09-26 16:27:45,263 [pool-57-thread-1] INFO  server.RaftServerConfigKeys (ConfUtils.java:logGet(43)) - raft.server.rpc.timeout.min = 5s (custom)
2019-09-26 16:27:45,263 [pool-57-thread-1] INFO  server.RaftServerConfigKeys (ConfUtils.java:logGet(43)) - raft.server.rpc.timeout.max = 5200ms (custom)
2019-09-26 16:27:45,263 [pool-57-thread-1] INFO  server.RaftServerConfigKeys (ConfUtils.java:logGet(43)) - raft.server.rpcslowness.timeout = 120s (custom)
2019-09-26 16:27:45,264 [pool-57-thread-1] INFO  server.RaftServerConfigKeys (ConfUtils.java:logGet(43)) - raft.server.sleep.deviation.threshold = 300 (default)
2019-09-26 16:27:45,264 [pool-57-thread-1] INFO  server.RaftServerConfigKeys (ConfUtils.java:logGet(43)) - raft.server.log.appender.install.snapshot.enabled = false (custom)
2019-09-26 16:27:45,264 [pool-57-thread-1] INFO  impl.RaftServerImpl (ServerState.java:<init>(103)) - 79ffe903-3fc0-40a8-8acf-aa2d12154a51@group-6439C2230DD6: ConfigurationManager, init=-1: [79ffe903-3fc0-40a8-8acf-aa2d12154a51:192.168.157.234:38144], old=null, confs=<EMPTY_MAP>
2019-09-26 16:27:45,264 [pool-57-thread-1] INFO  server.RaftServerConfigKeys (ConfUtils.java:logGet(43)) - raft.server.storage.dir = [/workdir/hadoop-ozone/integration-test/target/test-dir/MiniOzoneClusterImpl-598ef3ce-e04c-4237-8ba0-cc477a09206f/datanode-3/data/ratis] (custom)
2019-09-26 16:27:45,265 [pool-57-thread-1] INFO  storage.RaftStorageDirectory (RaftStorageDirectory.java:analyzeStorage(246)) - The storage directory /workdir/hadoop-ozone/integration-test/target/test-dir/MiniOzoneClusterImpl-598ef3ce-e04c-4237-8ba0-cc477a09206f/datanode-3/data/ratis/5af77c09-2b51-448e-a3a2-6439c2230dd6 does not exist. Creating ...
2019-09-26 16:27:45,278 [pool-57-thread-1] INFO  storage.RaftStorageDirectory (RaftStorageDirectory.java:tryLock(328)) - Lock on /workdir/hadoop-ozone/integration-test/target/test-dir/MiniOzoneClusterImpl-598ef3ce-e04c-4237-8ba0-cc477a09206f/datanode-3/data/ratis/5af77c09-2b51-448e-a3a2-6439c2230dd6/in_use.lock acquired by nodename 12895@pr-hdds-2162-htzpk-1451759861
2019-09-26 16:27:45,298 [pool-57-thread-1] INFO  storage.RaftStorage (RaftStorage.java:format(72)) - Storage directory /workdir/hadoop-ozone/integration-test/target/test-dir/MiniOzoneClusterImpl-598ef3ce-e04c-4237-8ba0-cc477a09206f/datanode-3/data/ratis/5af77c09-2b51-448e-a3a2-6439c2230dd6 has been successfully formatted.
2019-09-26 16:27:45,298 [pool-57-thread-1] INFO  ratis.ContainerStateMachine (ContainerStateMachine.java:loadSnapshot(230)) - group-6439C2230DD6: The snapshot info is null. Setting the last applied indexto:(t:0, i:~)
2019-09-26 16:27:45,298 [pool-57-thread-1] INFO  server.RaftServerConfigKeys (ConfUtils.java:logGet(43)) - raft.server.notification.no-leader.timeout = 120s (custom)
2019-09-26 16:27:45,299 [pool-57-thread-1] INFO  server.RaftServerConfigKeys (ConfUtils.java:logGet(43)) - raft.server.log.use.memory = false (default)
2019-09-26 16:27:45,299 [pool-57-thread-1] INFO  server.RaftServerConfigKeys (ConfUtils.java:logGet(43)) - raft.server.log.purge.gap = 1000000 (custom)
2019-09-26 16:27:45,299 [pool-57-thread-1] INFO  server.RaftServerConfigKeys (ConfUtils.java:logGet(43)) - raft.server.log.appender.buffer.byte-limit = 33554432 (custom)
2019-09-26 16:27:45,299 [pool-57-thread-1] INFO  server.RaftServerConfigKeys (ConfUtils.java:logGet(43)) - raft.server.log.segment.size.max = 1048576 (custom)
2019-09-26 16:27:45,300 [pool-57-thread-1] INFO  server.RaftServerConfigKeys (ConfUtils.java:logGet(43)) - raft.server.log.segment.cache.num.max = 2 (custom)
2019-09-26 16:27:45,300 [pool-57-thread-1] INFO  segmented.SegmentedRaftLogWorker (SegmentedRaftLogWorker.java:<init>(172)) - new 79ffe903-3fc0-40a8-8acf-aa2d12154a51@group-6439C2230DD6-SegmentedRaftLogWorker for RaftStorage:Storage Directory /workdir/hadoop-ozone/integration-test/target/test-dir/MiniOzoneClusterImpl-598ef3ce-e04c-4237-8ba0-cc477a09206f/datanode-3/data/ratis/5af77c09-2b51-448e-a3a2-6439c2230dd6
2019-09-26 16:27:45,306 [pool-57-thread-1] INFO  server.RaftServerConfigKeys (ConfUtils.java:logGet(43)) - raft.server.log.queue.byte-limit = 2147483647 (custom)
2019-09-26 16:27:45,306 [pool-57-thread-1] INFO  server.RaftServerConfigKeys (ConfUtils.java:logGet(43)) - raft.server.log.queue.element-limit = 1024 (custom)
2019-09-26 16:27:45,306 [pool-57-thread-1] INFO  server.RaftServerConfigKeys (ConfUtils.java:logGet(43)) - raft.server.log.segment.size.max = 1048576 (custom)
2019-09-26 16:27:45,307 [pool-57-thread-1] INFO  server.RaftServerConfigKeys (ConfUtils.java:logGet(43)) - raft.server.log.preallocated.size = 16384 (custom)
2019-09-26 16:27:45,307 [pool-57-thread-1] INFO  server.RaftServerConfigKeys (ConfUtils.java:logGet(43)) - raft.server.log.write.buffer.size = 33554432 (custom)
2019-09-26 16:27:45,307 [pool-57-thread-1] INFO  server.RaftServerConfigKeys (ConfUtils.java:logGet(43)) - raft.server.log.force.sync.num = 128 (default)
2019-09-26 16:27:45,307 [pool-57-thread-1] INFO  server.RaftServerConfigKeys (ConfUtils.java:logGet(43)) - raft.server.log.statemachine.data.sync = true (default)
2019-09-26 16:27:45,307 [pool-57-thread-1] INFO  server.RaftServerConfigKeys (ConfUtils.java:logGet(43)) - raft.server.log.statemachine.data.sync.timeout = 10s (default)
2019-09-26 16:27:45,307 [pool-57-thread-1] INFO  server.RaftServerConfigKeys (ConfUtils.java:logGet(43)) - raft.server.log.statemachine.data.sync.timeout.retry = -1 (default)
2019-09-26 16:27:45,308 [pool-57-thread-1] INFO  server.RaftServerConfigKeys (ConfUtils.java:logGet(43)) - raft.server.log.statemachine.data.caching.enabled = true (custom)
2019-09-26 16:27:45,308 [pool-57-thread-1] INFO  segmented.SegmentedRaftLogWorker (SegmentedRaftLogWorker.java:lambda$new$0(132)) - 79ffe903-3fc0-40a8-8acf-aa2d12154a51@group-6439C2230DD6-SegmentedRaftLogWorker: flushIndex: setUnconditionally 0 -> -1
2019-09-26 16:27:45,309 [pool-57-thread-1] INFO  server.RaftServerConfigKeys (ConfUtils.java:logGet(43)) - raft.server.snapshot.auto.trigger.enabled = true (custom)
2019-09-26 16:27:45,309 [pool-57-thread-1] INFO  server.RaftServerConfigKeys (ConfUtils.java:logGet(43)) - raft.server.snapshot.auto.trigger.threshold = 10000 (custom)
2019-09-26 16:27:45,309 [pool-57-thread-1] INFO  server.RaftServerConfigKeys (ConfUtils.java:logGet(43)) - raft.server.snapshot.retention.num.files = 5 (custom)
2019-09-26 16:27:45,309 [pool-57-thread-1] INFO  server.RaftServerConfigKeys (ConfUtils.java:logGet(43)) - raft.server.retrycache.expirytime = 600000ms (custom)
2019-09-26 16:27:45,316 [pool-57-thread-1] INFO  impl.RaftServerImpl (RaftServerImpl.java:start(185)) - 79ffe903-3fc0-40a8-8acf-aa2d12154a51@group-6439C2230DD6: start as a follower, conf=-1: [79ffe903-3fc0-40a8-8acf-aa2d12154a51:192.168.157.234:38144], old=null
2019-09-26 16:27:45,316 [pool-57-thread-1] INFO  impl.RaftServerImpl (RaftServerImpl.java:setRole(174)) - 79ffe903-3fc0-40a8-8acf-aa2d12154a51@group-6439C2230DD6: changes role from      null to FOLLOWER at term 0 for startAsFollower
2019-09-26 16:27:45,316 [pool-57-thread-1] INFO  impl.RoleInfo (RoleInfo.java:updateAndGet(143)) - 79ffe903-3fc0-40a8-8acf-aa2d12154a51: start FollowerState
2019-09-26 16:27:45,317 [pool-57-thread-1] INFO  util.JmxRegister (JmxRegister.java:tryRegister(44)) - Successfully registered JMX Bean with object name Ratis:service=RaftServer,group=group-6439C2230DD6,id=79ffe903-3fc0-40a8-8acf-aa2d12154a51
2019-09-26 16:27:45,334 [RatisPipelineUtilsThread] INFO  pipeline.PipelineStateManager (PipelineStateManager.java:addPipeline(56)) - Created pipeline Pipeline[ Id: 5af77c09-2b51-448e-a3a2-6439c2230dd6, Nodes: 79ffe903-3fc0-40a8-8acf-aa2d12154a51{ip: 192.168.157.234, host: pr-hdds-2162-htzpk-1451759861, networkLocation: /default-rack, certSerialId: null}, Type:RATIS, Factor:ONE, State:OPEN]
2019-09-26 16:27:45,361 [grpc-default-executor-0] INFO  impl.RaftServerProxy (RaftServerProxy.java:addNew(89)) - 923128ae-3131-46de-9810-c19589cb32d9: addNew group-85810982B6DD:[923128ae-3131-46de-9810-c19589cb32d9:192.168.157.234:34411] returns group-85810982B6DD:java.util.concurrent.CompletableFuture@287799f1[Not completed]
2019-09-26 16:27:45,367 [pool-67-thread-1] INFO  impl.RaftServerImpl (RaftServerImpl.java:<init>(95)) - 923128ae-3131-46de-9810-c19589cb32d9: new RaftServerImpl for group-85810982B6DD:[923128ae-3131-46de-9810-c19589cb32d9:192.168.157.234:34411] with ContainerStateMachine:uninitialized
2019-09-26 16:27:45,368 [pool-67-thread-1] INFO  server.RaftServerConfigKeys (ConfUtils.java:logGet(43)) - raft.server.rpc.timeout.min = 5s (custom)
2019-09-26 16:27:45,368 [pool-67-thread-1] INFO  server.RaftServerConfigKeys (ConfUtils.java:logGet(43)) - raft.server.rpc.timeout.max = 5200ms (custom)
2019-09-26 16:27:45,368 [pool-67-thread-1] INFO  server.RaftServerConfigKeys (ConfUtils.java:logGet(43)) - raft.server.rpcslowness.timeout = 120s (custom)
2019-09-26 16:27:45,368 [pool-67-thread-1] INFO  server.RaftServerConfigKeys (ConfUtils.java:logGet(43)) - raft.server.sleep.deviation.threshold = 300 (default)
2019-09-26 16:27:45,369 [pool-67-thread-1] INFO  server.RaftServerConfigKeys (ConfUtils.java:logGet(43)) - raft.server.log.appender.install.snapshot.enabled = false (custom)
2019-09-26 16:27:45,369 [pool-67-thread-1] INFO  impl.RaftServerImpl (ServerState.java:<init>(103)) - 923128ae-3131-46de-9810-c19589cb32d9@group-85810982B6DD: ConfigurationManager, init=-1: [923128ae-3131-46de-9810-c19589cb32d9:192.168.157.234:34411], old=null, confs=<EMPTY_MAP>
2019-09-26 16:27:45,369 [pool-67-thread-1] INFO  server.RaftServerConfigKeys (ConfUtils.java:logGet(43)) - raft.server.storage.dir = [/workdir/hadoop-ozone/integration-test/target/test-dir/MiniOzoneClusterImpl-598ef3ce-e04c-4237-8ba0-cc477a09206f/datanode-4/data/ratis] (custom)
2019-09-26 16:27:45,370 [pool-67-thread-1] INFO  storage.RaftStorageDirectory (RaftStorageDirectory.java:analyzeStorage(246)) - The storage directory /workdir/hadoop-ozone/integration-test/target/test-dir/MiniOzoneClusterImpl-598ef3ce-e04c-4237-8ba0-cc477a09206f/datanode-4/data/ratis/ebeed409-2436-4f93-8d48-85810982b6dd does not exist. Creating ...
2019-09-26 16:27:45,383 [pool-67-thread-1] INFO  storage.RaftStorageDirectory (RaftStorageDirectory.java:tryLock(328)) - Lock on /workdir/hadoop-ozone/integration-test/target/test-dir/MiniOzoneClusterImpl-598ef3ce-e04c-4237-8ba0-cc477a09206f/datanode-4/data/ratis/ebeed409-2436-4f93-8d48-85810982b6dd/in_use.lock acquired by nodename 12895@pr-hdds-2162-htzpk-1451759861
2019-09-26 16:27:45,396 [pool-67-thread-1] INFO  storage.RaftStorage (RaftStorage.java:format(72)) - Storage directory /workdir/hadoop-ozone/integration-test/target/test-dir/MiniOzoneClusterImpl-598ef3ce-e04c-4237-8ba0-cc477a09206f/datanode-4/data/ratis/ebeed409-2436-4f93-8d48-85810982b6dd has been successfully formatted.
2019-09-26 16:27:45,397 [pool-67-thread-1] INFO  ratis.ContainerStateMachine (ContainerStateMachine.java:loadSnapshot(230)) - group-85810982B6DD: The snapshot info is null. Setting the last applied indexto:(t:0, i:~)
2019-09-26 16:27:45,397 [pool-67-thread-1] INFO  server.RaftServerConfigKeys (ConfUtils.java:logGet(43)) - raft.server.notification.no-leader.timeout = 120s (custom)
2019-09-26 16:27:45,397 [pool-67-thread-1] INFO  server.RaftServerConfigKeys (ConfUtils.java:logGet(43)) - raft.server.log.use.memory = false (default)
2019-09-26 16:27:45,397 [pool-67-thread-1] INFO  server.RaftServerConfigKeys (ConfUtils.java:logGet(43)) - raft.server.log.purge.gap = 1000000 (custom)
2019-09-26 16:27:45,398 [pool-67-thread-1] INFO  server.RaftServerConfigKeys (ConfUtils.java:logGet(43)) - raft.server.log.appender.buffer.byte-limit = 33554432 (custom)
2019-09-26 16:27:45,398 [pool-67-thread-1] INFO  server.RaftServerConfigKeys (ConfUtils.java:logGet(43)) - raft.server.log.segment.size.max = 1048576 (custom)
2019-09-26 16:27:45,398 [pool-67-thread-1] INFO  server.RaftServerConfigKeys (ConfUtils.java:logGet(43)) - raft.server.log.segment.cache.num.max = 2 (custom)
2019-09-26 16:27:45,398 [pool-67-thread-1] INFO  segmented.SegmentedRaftLogWorker (SegmentedRaftLogWorker.java:<init>(172)) - new 923128ae-3131-46de-9810-c19589cb32d9@group-85810982B6DD-SegmentedRaftLogWorker for RaftStorage:Storage Directory /workdir/hadoop-ozone/integration-test/target/test-dir/MiniOzoneClusterImpl-598ef3ce-e04c-4237-8ba0-cc477a09206f/datanode-4/data/ratis/ebeed409-2436-4f93-8d48-85810982b6dd
2019-09-26 16:27:45,403 [pool-67-thread-1] INFO  server.RaftServerConfigKeys (ConfUtils.java:logGet(43)) - raft.server.log.queue.byte-limit = 2147483647 (custom)
2019-09-26 16:27:45,404 [pool-67-thread-1] INFO  server.RaftServerConfigKeys (ConfUtils.java:logGet(43)) - raft.server.log.queue.element-limit = 1024 (custom)
2019-09-26 16:27:45,404 [pool-67-thread-1] INFO  server.RaftServerConfigKeys (ConfUtils.java:logGet(43)) - raft.server.log.segment.size.max = 1048576 (custom)
2019-09-26 16:27:45,404 [pool-67-thread-1] INFO  server.RaftServerConfigKeys (ConfUtils.java:logGet(43)) - raft.server.log.preallocated.size = 16384 (custom)
2019-09-26 16:27:45,404 [pool-67-thread-1] INFO  server.RaftServerConfigKeys (ConfUtils.java:logGet(43)) - raft.server.log.write.buffer.size = 33554432 (custom)
2019-09-26 16:27:45,405 [pool-67-thread-1] INFO  server.RaftServerConfigKeys (ConfUtils.java:logGet(43)) - raft.server.log.force.sync.num = 128 (default)
2019-09-26 16:27:45,405 [pool-67-thread-1] INFO  server.RaftServerConfigKeys (ConfUtils.java:logGet(43)) - raft.server.log.statemachine.data.sync = true (default)
2019-09-26 16:27:45,405 [pool-67-thread-1] INFO  server.RaftServerConfigKeys (ConfUtils.java:logGet(43)) - raft.server.log.statemachine.data.sync.timeout = 10s (default)
2019-09-26 16:27:45,405 [pool-67-thread-1] INFO  server.RaftServerConfigKeys (ConfUtils.java:logGet(43)) - raft.server.log.statemachine.data.sync.timeout.retry = -1 (default)
2019-09-26 16:27:45,406 [pool-67-thread-1] INFO  server.RaftServerConfigKeys (ConfUtils.java:logGet(43)) - raft.server.log.statemachine.data.caching.enabled = true (custom)
2019-09-26 16:27:45,406 [pool-67-thread-1] INFO  segmented.SegmentedRaftLogWorker (SegmentedRaftLogWorker.java:lambda$new$0(132)) - 923128ae-3131-46de-9810-c19589cb32d9@group-85810982B6DD-SegmentedRaftLogWorker: flushIndex: setUnconditionally 0 -> -1
2019-09-26 16:27:45,406 [pool-67-thread-1] INFO  server.RaftServerConfigKeys (ConfUtils.java:logGet(43)) - raft.server.snapshot.auto.trigger.enabled = true (custom)
2019-09-26 16:27:45,407 [pool-67-thread-1] INFO  server.RaftServerConfigKeys (ConfUtils.java:logGet(43)) - raft.server.snapshot.auto.trigger.threshold = 10000 (custom)
2019-09-26 16:27:45,407 [pool-67-thread-1] INFO  server.RaftServerConfigKeys (ConfUtils.java:logGet(43)) - raft.server.snapshot.retention.num.files = 5 (custom)
2019-09-26 16:27:45,407 [pool-67-thread-1] INFO  server.RaftServerConfigKeys (ConfUtils.java:logGet(43)) - raft.server.retrycache.expirytime = 600000ms (custom)
2019-09-26 16:27:45,407 [main] INFO  ozone.MiniOzoneClusterImpl (MiniOzoneClusterImpl.java:lambda$waitForClusterToBeReady$0(147)) - Cluster is ready. Got 7 of 7 DN Heartbeats.
2019-09-26 16:27:45,412 [pool-67-thread-1] INFO  impl.RaftServerImpl (RaftServerImpl.java:start(185)) - 923128ae-3131-46de-9810-c19589cb32d9@group-85810982B6DD: start as a follower, conf=-1: [923128ae-3131-46de-9810-c19589cb32d9:192.168.157.234:34411], old=null
2019-09-26 16:27:45,412 [pool-67-thread-1] INFO  impl.RaftServerImpl (RaftServerImpl.java:setRole(174)) - 923128ae-3131-46de-9810-c19589cb32d9@group-85810982B6DD: changes role from      null to FOLLOWER at term 0 for startAsFollower
2019-09-26 16:27:45,413 [pool-67-thread-1] INFO  impl.RoleInfo (RoleInfo.java:updateAndGet(143)) - 923128ae-3131-46de-9810-c19589cb32d9: start FollowerState
2019-09-26 16:27:45,413 [pool-67-thread-1] INFO  util.JmxRegister (JmxRegister.java:tryRegister(44)) - Successfully registered JMX Bean with object name Ratis:service=RaftServer,group=group-85810982B6DD,id=923128ae-3131-46de-9810-c19589cb32d9
2019-09-26 16:27:45,430 [RatisPipelineUtilsThread] INFO  pipeline.PipelineStateManager (PipelineStateManager.java:addPipeline(56)) - Created pipeline Pipeline[ Id: ebeed409-2436-4f93-8d48-85810982b6dd, Nodes: 923128ae-3131-46de-9810-c19589cb32d9{ip: 192.168.157.234, host: pr-hdds-2162-htzpk-1451759861, networkLocation: /default-rack, certSerialId: null}, Type:RATIS, Factor:ONE, State:OPEN]
2019-09-26 16:27:45,460 [grpc-default-executor-0] INFO  impl.RaftServerProxy (RaftServerProxy.java:addNew(89)) - 7ae1d8e0-c3cd-44e1-b67c-818b78fc249c: addNew group-56580634F3B6:[7ae1d8e0-c3cd-44e1-b67c-818b78fc249c:192.168.157.234:39343] returns group-56580634F3B6:java.util.concurrent.CompletableFuture@721fdea5[Not completed]
2019-09-26 16:27:45,466 [pool-87-thread-1] INFO  impl.RaftServerImpl (RaftServerImpl.java:<init>(95)) - 7ae1d8e0-c3cd-44e1-b67c-818b78fc249c: new RaftServerImpl for group-56580634F3B6:[7ae1d8e0-c3cd-44e1-b67c-818b78fc249c:192.168.157.234:39343] with ContainerStateMachine:uninitialized
2019-09-26 16:27:45,466 [pool-87-thread-1] INFO  server.RaftServerConfigKeys (ConfUtils.java:logGet(43)) - raft.server.rpc.timeout.min = 5s (custom)
2019-09-26 16:27:45,466 [pool-87-thread-1] INFO  server.RaftServerConfigKeys (ConfUtils.java:logGet(43)) - raft.server.rpc.timeout.max = 5200ms (custom)
2019-09-26 16:27:45,466 [pool-87-thread-1] INFO  server.RaftServerConfigKeys (ConfUtils.java:logGet(43)) - raft.server.rpcslowness.timeout = 120s (custom)
2019-09-26 16:27:45,467 [pool-87-thread-1] INFO  server.RaftServerConfigKeys (ConfUtils.java:logGet(43)) - raft.server.sleep.deviation.threshold = 300 (default)
2019-09-26 16:27:45,467 [pool-87-thread-1] INFO  server.RaftServerConfigKeys (ConfUtils.java:logGet(43)) - raft.server.log.appender.install.snapshot.enabled = false (custom)
2019-09-26 16:27:45,467 [pool-87-thread-1] INFO  impl.RaftServerImpl (ServerState.java:<init>(103)) - 7ae1d8e0-c3cd-44e1-b67c-818b78fc249c@group-56580634F3B6: ConfigurationManager, init=-1: [7ae1d8e0-c3cd-44e1-b67c-818b78fc249c:192.168.157.234:39343], old=null, confs=<EMPTY_MAP>
2019-09-26 16:27:45,467 [pool-87-thread-1] INFO  server.RaftServerConfigKeys (ConfUtils.java:logGet(43)) - raft.server.storage.dir = [/workdir/hadoop-ozone/integration-test/target/test-dir/MiniOzoneClusterImpl-598ef3ce-e04c-4237-8ba0-cc477a09206f/datanode-6/data/ratis] (custom)
2019-09-26 16:27:45,468 [pool-87-thread-1] INFO  storage.RaftStorageDirectory (RaftStorageDirectory.java:analyzeStorage(246)) - The storage directory /workdir/hadoop-ozone/integration-test/target/test-dir/MiniOzoneClusterImpl-598ef3ce-e04c-4237-8ba0-cc477a09206f/datanode-6/data/ratis/9ccac47d-dc13-45ab-ae90-56580634f3b6 does not exist. Creating ...
2019-09-26 16:27:45,481 [pool-87-thread-1] INFO  storage.RaftStorageDirectory (RaftStorageDirectory.java:tryLock(328)) - Lock on /workdir/hadoop-ozone/integration-test/target/test-dir/MiniOzoneClusterImpl-598ef3ce-e04c-4237-8ba0-cc477a09206f/datanode-6/data/ratis/9ccac47d-dc13-45ab-ae90-56580634f3b6/in_use.lock acquired by nodename 12895@pr-hdds-2162-htzpk-1451759861
2019-09-26 16:27:45,494 [pool-87-thread-1] INFO  storage.RaftStorage (RaftStorage.java:format(72)) - Storage directory /workdir/hadoop-ozone/integration-test/target/test-dir/MiniOzoneClusterImpl-598ef3ce-e04c-4237-8ba0-cc477a09206f/datanode-6/data/ratis/9ccac47d-dc13-45ab-ae90-56580634f3b6 has been successfully formatted.
2019-09-26 16:27:45,495 [pool-87-thread-1] INFO  ratis.ContainerStateMachine (ContainerStateMachine.java:loadSnapshot(230)) - group-56580634F3B6: The snapshot info is null. Setting the last applied indexto:(t:0, i:~)
2019-09-26 16:27:45,495 [pool-87-thread-1] INFO  server.RaftServerConfigKeys (ConfUtils.java:logGet(43)) - raft.server.notification.no-leader.timeout = 120s (custom)
2019-09-26 16:27:45,495 [pool-87-thread-1] INFO  server.RaftServerConfigKeys (ConfUtils.java:logGet(43)) - raft.server.log.use.memory = false (default)
2019-09-26 16:27:45,495 [pool-87-thread-1] INFO  server.RaftServerConfigKeys (ConfUtils.java:logGet(43)) - raft.server.log.purge.gap = 1000000 (custom)
2019-09-26 16:27:45,495 [pool-87-thread-1] INFO  server.RaftServerConfigKeys (ConfUtils.java:logGet(43)) - raft.server.log.appender.buffer.byte-limit = 33554432 (custom)
2019-09-26 16:27:45,495 [pool-87-thread-1] INFO  server.RaftServerConfigKeys (ConfUtils.java:logGet(43)) - raft.server.log.segment.size.max = 1048576 (custom)
2019-09-26 16:27:45,496 [pool-87-thread-1] INFO  server.RaftServerConfigKeys (ConfUtils.java:logGet(43)) - raft.server.log.segment.cache.num.max = 2 (custom)
2019-09-26 16:27:45,496 [pool-87-thread-1] INFO  segmented.SegmentedRaftLogWorker (SegmentedRaftLogWorker.java:<init>(172)) - new 7ae1d8e0-c3cd-44e1-b67c-818b78fc249c@group-56580634F3B6-SegmentedRaftLogWorker for RaftStorage:Storage Directory /workdir/hadoop-ozone/integration-test/target/test-dir/MiniOzoneClusterImpl-598ef3ce-e04c-4237-8ba0-cc477a09206f/datanode-6/data/ratis/9ccac47d-dc13-45ab-ae90-56580634f3b6
2019-09-26 16:27:45,499 [pool-87-thread-1] INFO  server.RaftServerConfigKeys (ConfUtils.java:logGet(43)) - raft.server.log.queue.byte-limit = 2147483647 (custom)
2019-09-26 16:27:45,499 [pool-87-thread-1] INFO  server.RaftServerConfigKeys (ConfUtils.java:logGet(43)) - raft.server.log.queue.element-limit = 1024 (custom)
2019-09-26 16:27:45,499 [pool-87-thread-1] INFO  server.RaftServerConfigKeys (ConfUtils.java:logGet(43)) - raft.server.log.segment.size.max = 1048576 (custom)
2019-09-26 16:27:45,499 [pool-87-thread-1] INFO  server.RaftServerConfigKeys (ConfUtils.java:logGet(43)) - raft.server.log.preallocated.size = 16384 (custom)
2019-09-26 16:27:45,499 [pool-87-thread-1] INFO  server.RaftServerConfigKeys (ConfUtils.java:logGet(43)) - raft.server.log.write.buffer.size = 33554432 (custom)
2019-09-26 16:27:45,500 [pool-87-thread-1] INFO  server.RaftServerConfigKeys (ConfUtils.java:logGet(43)) - raft.server.log.force.sync.num = 128 (default)
2019-09-26 16:27:45,500 [pool-87-thread-1] INFO  server.RaftServerConfigKeys (ConfUtils.java:logGet(43)) - raft.server.log.statemachine.data.sync = true (default)
2019-09-26 16:27:45,500 [pool-87-thread-1] INFO  server.RaftServerConfigKeys (ConfUtils.java:logGet(43)) - raft.server.log.statemachine.data.sync.timeout = 10s (default)
2019-09-26 16:27:45,500 [pool-87-thread-1] INFO  server.RaftServerConfigKeys (ConfUtils.java:logGet(43)) - raft.server.log.statemachine.data.sync.timeout.retry = -1 (default)
2019-09-26 16:27:45,500 [pool-87-thread-1] INFO  server.RaftServerConfigKeys (ConfUtils.java:logGet(43)) - raft.server.log.statemachine.data.caching.enabled = true (custom)
2019-09-26 16:27:45,501 [pool-87-thread-1] INFO  segmented.SegmentedRaftLogWorker (SegmentedRaftLogWorker.java:lambda$new$0(132)) - 7ae1d8e0-c3cd-44e1-b67c-818b78fc249c@group-56580634F3B6-SegmentedRaftLogWorker: flushIndex: setUnconditionally 0 -> -1
2019-09-26 16:27:45,501 [pool-87-thread-1] INFO  server.RaftServerConfigKeys (ConfUtils.java:logGet(43)) - raft.server.snapshot.auto.trigger.enabled = true (custom)
2019-09-26 16:27:45,501 [pool-87-thread-1] INFO  server.RaftServerConfigKeys (ConfUtils.java:logGet(43)) - raft.server.snapshot.auto.trigger.threshold = 10000 (custom)
2019-09-26 16:27:45,501 [pool-87-thread-1] INFO  server.RaftServerConfigKeys (ConfUtils.java:logGet(43)) - raft.server.snapshot.retention.num.files = 5 (custom)
2019-09-26 16:27:45,502 [pool-87-thread-1] INFO  server.RaftServerConfigKeys (ConfUtils.java:logGet(43)) - raft.server.retrycache.expirytime = 600000ms (custom)
2019-09-26 16:27:45,505 [pool-87-thread-1] INFO  impl.RaftServerImpl (RaftServerImpl.java:start(185)) - 7ae1d8e0-c3cd-44e1-b67c-818b78fc249c@group-56580634F3B6: start as a follower, conf=-1: [7ae1d8e0-c3cd-44e1-b67c-818b78fc249c:192.168.157.234:39343], old=null
2019-09-26 16:27:45,505 [pool-87-thread-1] INFO  impl.RaftServerImpl (RaftServerImpl.java:setRole(174)) - 7ae1d8e0-c3cd-44e1-b67c-818b78fc249c@group-56580634F3B6: changes role from      null to FOLLOWER at term 0 for startAsFollower
2019-09-26 16:27:45,505 [pool-87-thread-1] INFO  impl.RoleInfo (RoleInfo.java:updateAndGet(143)) - 7ae1d8e0-c3cd-44e1-b67c-818b78fc249c: start FollowerState
2019-09-26 16:27:45,506 [pool-87-thread-1] INFO  util.JmxRegister (JmxRegister.java:tryRegister(44)) - Successfully registered JMX Bean with object name Ratis:service=RaftServer,group=group-56580634F3B6,id=7ae1d8e0-c3cd-44e1-b67c-818b78fc249c
2019-09-26 16:27:45,520 [RatisPipelineUtilsThread] INFO  pipeline.PipelineStateManager (PipelineStateManager.java:addPipeline(56)) - Created pipeline Pipeline[ Id: 9ccac47d-dc13-45ab-ae90-56580634f3b6, Nodes: 7ae1d8e0-c3cd-44e1-b67c-818b78fc249c{ip: 192.168.157.234, host: pr-hdds-2162-htzpk-1451759861, networkLocation: /default-rack, certSerialId: null}, Type:RATIS, Factor:ONE, State:OPEN]
2019-09-26 16:27:45,540 [grpc-default-executor-0] INFO  impl.RaftServerProxy (RaftServerProxy.java:addNew(89)) - fc68d4fa-5d3a-472d-bc12-ba3c6d7c7a39: addNew group-87AD02832322:[fc68d4fa-5d3a-472d-bc12-ba3c6d7c7a39:192.168.157.234:33291] returns group-87AD02832322:java.util.concurrent.CompletableFuture@13a13850[Not completed]
2019-09-26 16:27:45,546 [pool-47-thread-1] INFO  impl.RaftServerImpl (RaftServerImpl.java:<init>(95)) - fc68d4fa-5d3a-472d-bc12-ba3c6d7c7a39: new RaftServerImpl for group-87AD02832322:[fc68d4fa-5d3a-472d-bc12-ba3c6d7c7a39:192.168.157.234:33291] with ContainerStateMachine:uninitialized
2019-09-26 16:27:45,546 [pool-47-thread-1] INFO  server.RaftServerConfigKeys (ConfUtils.java:logGet(43)) - raft.server.rpc.timeout.min = 5s (custom)
2019-09-26 16:27:45,546 [pool-47-thread-1] INFO  server.RaftServerConfigKeys (ConfUtils.java:logGet(43)) - raft.server.rpc.timeout.max = 5200ms (custom)
2019-09-26 16:27:45,546 [pool-47-thread-1] INFO  server.RaftServerConfigKeys (ConfUtils.java:logGet(43)) - raft.server.rpcslowness.timeout = 120s (custom)
2019-09-26 16:27:45,546 [pool-47-thread-1] INFO  server.RaftServerConfigKeys (ConfUtils.java:logGet(43)) - raft.server.sleep.deviation.threshold = 300 (default)
2019-09-26 16:27:45,547 [pool-47-thread-1] INFO  server.RaftServerConfigKeys (ConfUtils.java:logGet(43)) - raft.server.log.appender.install.snapshot.enabled = false (custom)
2019-09-26 16:27:45,547 [pool-47-thread-1] INFO  impl.RaftServerImpl (ServerState.java:<init>(103)) - fc68d4fa-5d3a-472d-bc12-ba3c6d7c7a39@group-87AD02832322: ConfigurationManager, init=-1: [fc68d4fa-5d3a-472d-bc12-ba3c6d7c7a39:192.168.157.234:33291], old=null, confs=<EMPTY_MAP>
2019-09-26 16:27:45,547 [pool-47-thread-1] INFO  server.RaftServerConfigKeys (ConfUtils.java:logGet(43)) - raft.server.storage.dir = [/workdir/hadoop-ozone/integration-test/target/test-dir/MiniOzoneClusterImpl-598ef3ce-e04c-4237-8ba0-cc477a09206f/datanode-2/data/ratis] (custom)
2019-09-26 16:27:45,547 [pool-47-thread-1] INFO  storage.RaftStorageDirectory (RaftStorageDirectory.java:analyzeStorage(246)) - The storage directory /workdir/hadoop-ozone/integration-test/target/test-dir/MiniOzoneClusterImpl-598ef3ce-e04c-4237-8ba0-cc477a09206f/datanode-2/data/ratis/020747a8-77b1-4d69-9761-87ad02832322 does not exist. Creating ...
2019-09-26 16:27:45,561 [pool-47-thread-1] INFO  storage.RaftStorageDirectory (RaftStorageDirectory.java:tryLock(328)) - Lock on /workdir/hadoop-ozone/integration-test/target/test-dir/MiniOzoneClusterImpl-598ef3ce-e04c-4237-8ba0-cc477a09206f/datanode-2/data/ratis/020747a8-77b1-4d69-9761-87ad02832322/in_use.lock acquired by nodename 12895@pr-hdds-2162-htzpk-1451759861
2019-09-26 16:27:45,574 [pool-47-thread-1] INFO  storage.RaftStorage (RaftStorage.java:format(72)) - Storage directory /workdir/hadoop-ozone/integration-test/target/test-dir/MiniOzoneClusterImpl-598ef3ce-e04c-4237-8ba0-cc477a09206f/datanode-2/data/ratis/020747a8-77b1-4d69-9761-87ad02832322 has been successfully formatted.
2019-09-26 16:27:45,574 [pool-47-thread-1] INFO  ratis.ContainerStateMachine (ContainerStateMachine.java:loadSnapshot(230)) - group-87AD02832322: The snapshot info is null. Setting the last applied indexto:(t:0, i:~)
2019-09-26 16:27:45,574 [pool-47-thread-1] INFO  server.RaftServerConfigKeys (ConfUtils.java:logGet(43)) - raft.server.notification.no-leader.timeout = 120s (custom)
2019-09-26 16:27:45,574 [pool-47-thread-1] INFO  server.RaftServerConfigKeys (ConfUtils.java:logGet(43)) - raft.server.log.use.memory = false (default)
2019-09-26 16:27:45,574 [pool-47-thread-1] INFO  server.RaftServerConfigKeys (ConfUtils.java:logGet(43)) - raft.server.log.purge.gap = 1000000 (custom)
2019-09-26 16:27:45,575 [pool-47-thread-1] INFO  server.RaftServerConfigKeys (ConfUtils.java:logGet(43)) - raft.server.log.appender.buffer.byte-limit = 33554432 (custom)
2019-09-26 16:27:45,575 [pool-47-thread-1] INFO  server.RaftServerConfigKeys (ConfUtils.java:logGet(43)) - raft.server.log.segment.size.max = 1048576 (custom)
2019-09-26 16:27:45,575 [pool-47-thread-1] INFO  server.RaftServerConfigKeys (ConfUtils.java:logGet(43)) - raft.server.log.segment.cache.num.max = 2 (custom)
2019-09-26 16:27:45,575 [pool-47-thread-1] INFO  segmented.SegmentedRaftLogWorker (SegmentedRaftLogWorker.java:<init>(172)) - new fc68d4fa-5d3a-472d-bc12-ba3c6d7c7a39@group-87AD02832322-SegmentedRaftLogWorker for RaftStorage:Storage Directory /workdir/hadoop-ozone/integration-test/target/test-dir/MiniOzoneClusterImpl-598ef3ce-e04c-4237-8ba0-cc477a09206f/datanode-2/data/ratis/020747a8-77b1-4d69-9761-87ad02832322
2019-09-26 16:27:45,578 [pool-47-thread-1] INFO  server.RaftServerConfigKeys (ConfUtils.java:logGet(43)) - raft.server.log.queue.byte-limit = 2147483647 (custom)
2019-09-26 16:27:45,578 [pool-47-thread-1] INFO  server.RaftServerConfigKeys (ConfUtils.java:logGet(43)) - raft.server.log.queue.element-limit = 1024 (custom)
2019-09-26 16:27:45,578 [pool-47-thread-1] INFO  server.RaftServerConfigKeys (ConfUtils.java:logGet(43)) - raft.server.log.segment.size.max = 1048576 (custom)
2019-09-26 16:27:45,578 [pool-47-thread-1] INFO  server.RaftServerConfigKeys (ConfUtils.java:logGet(43)) - raft.server.log.preallocated.size = 16384 (custom)
2019-09-26 16:27:45,578 [pool-47-thread-1] INFO  server.RaftServerConfigKeys (ConfUtils.java:logGet(43)) - raft.server.log.write.buffer.size = 33554432 (custom)
2019-09-26 16:27:45,578 [pool-47-thread-1] INFO  server.RaftServerConfigKeys (ConfUtils.java:logGet(43)) - raft.server.log.force.sync.num = 128 (default)
2019-09-26 16:27:45,578 [pool-47-thread-1] INFO  server.RaftServerConfigKeys (ConfUtils.java:logGet(43)) - raft.server.log.statemachine.data.sync = true (default)
2019-09-26 16:27:45,579 [pool-47-thread-1] INFO  server.RaftServerConfigKeys (ConfUtils.java:logGet(43)) - raft.server.log.statemachine.data.sync.timeout = 10s (default)
2019-09-26 16:27:45,579 [pool-47-thread-1] INFO  server.RaftServerConfigKeys (ConfUtils.java:logGet(43)) - raft.server.log.statemachine.data.sync.timeout.retry = -1 (default)
2019-09-26 16:27:45,579 [pool-47-thread-1] INFO  server.RaftServerConfigKeys (ConfUtils.java:logGet(43)) - raft.server.log.statemachine.data.caching.enabled = true (custom)
2019-09-26 16:27:45,579 [pool-47-thread-1] INFO  segmented.SegmentedRaftLogWorker (SegmentedRaftLogWorker.java:lambda$new$0(132)) - fc68d4fa-5d3a-472d-bc12-ba3c6d7c7a39@group-87AD02832322-SegmentedRaftLogWorker: flushIndex: setUnconditionally 0 -> -1
2019-09-26 16:27:45,580 [pool-47-thread-1] INFO  server.RaftServerConfigKeys (ConfUtils.java:logGet(43)) - raft.server.snapshot.auto.trigger.enabled = true (custom)
2019-09-26 16:27:45,580 [pool-47-thread-1] INFO  server.RaftServerConfigKeys (ConfUtils.java:logGet(43)) - raft.server.snapshot.auto.trigger.threshold = 10000 (custom)
2019-09-26 16:27:45,580 [pool-47-thread-1] INFO  server.RaftServerConfigKeys (ConfUtils.java:logGet(43)) - raft.server.snapshot.retention.num.files = 5 (custom)
2019-09-26 16:27:45,580 [pool-47-thread-1] INFO  server.RaftServerConfigKeys (ConfUtils.java:logGet(43)) - raft.server.retrycache.expirytime = 600000ms (custom)
2019-09-26 16:27:45,583 [pool-47-thread-1] INFO  impl.RaftServerImpl (RaftServerImpl.java:start(185)) - fc68d4fa-5d3a-472d-bc12-ba3c6d7c7a39@group-87AD02832322: start as a follower, conf=-1: [fc68d4fa-5d3a-472d-bc12-ba3c6d7c7a39:192.168.157.234:33291], old=null
2019-09-26 16:27:45,583 [pool-47-thread-1] INFO  impl.RaftServerImpl (RaftServerImpl.java:setRole(174)) - fc68d4fa-5d3a-472d-bc12-ba3c6d7c7a39@group-87AD02832322: changes role from      null to FOLLOWER at term 0 for startAsFollower
2019-09-26 16:27:45,583 [pool-47-thread-1] INFO  impl.RoleInfo (RoleInfo.java:updateAndGet(143)) - fc68d4fa-5d3a-472d-bc12-ba3c6d7c7a39: start FollowerState
2019-09-26 16:27:45,584 [pool-47-thread-1] INFO  util.JmxRegister (JmxRegister.java:tryRegister(44)) - Successfully registered JMX Bean with object name Ratis:service=RaftServer,group=group-87AD02832322,id=fc68d4fa-5d3a-472d-bc12-ba3c6d7c7a39
2019-09-26 16:27:45,605 [RatisPipelineUtilsThread] INFO  pipeline.PipelineStateManager (PipelineStateManager.java:addPipeline(56)) - Created pipeline Pipeline[ Id: 020747a8-77b1-4d69-9761-87ad02832322, Nodes: fc68d4fa-5d3a-472d-bc12-ba3c6d7c7a39{ip: 192.168.157.234, host: pr-hdds-2162-htzpk-1451759861, networkLocation: /default-rack, certSerialId: null}, Type:RATIS, Factor:ONE, State:OPEN]
2019-09-26 16:27:45,647 [grpc-default-executor-1] INFO  impl.RaftServerProxy (RaftServerProxy.java:addNew(89)) - 544e4564-cff2-4854-aa86-9068d953c0c3: addNew group-F45A88C3A742:[544e4564-cff2-4854-aa86-9068d953c0c3:192.168.157.234:41394, 79ffe903-3fc0-40a8-8acf-aa2d12154a51:192.168.157.234:38144, 6ad4b93a-b4cf-4be6-9fd2-9d62088a494c:192.168.157.234:38689] returns group-F45A88C3A742:java.util.concurrent.CompletableFuture@502012a[Not completed]
2019-09-26 16:27:45,647 [grpc-default-executor-2] INFO  impl.RaftServerProxy (RaftServerProxy.java:addNew(89)) - 79ffe903-3fc0-40a8-8acf-aa2d12154a51: addNew group-F45A88C3A742:[544e4564-cff2-4854-aa86-9068d953c0c3:192.168.157.234:41394, 79ffe903-3fc0-40a8-8acf-aa2d12154a51:192.168.157.234:38144, 6ad4b93a-b4cf-4be6-9fd2-9d62088a494c:192.168.157.234:38689] returns group-F45A88C3A742:java.util.concurrent.CompletableFuture@16e5920f[Not completed]
2019-09-26 16:27:45,649 [grpc-default-executor-2] INFO  impl.RaftServerProxy (RaftServerProxy.java:addNew(89)) - 6ad4b93a-b4cf-4be6-9fd2-9d62088a494c: addNew group-F45A88C3A742:[544e4564-cff2-4854-aa86-9068d953c0c3:192.168.157.234:41394, 79ffe903-3fc0-40a8-8acf-aa2d12154a51:192.168.157.234:38144, 6ad4b93a-b4cf-4be6-9fd2-9d62088a494c:192.168.157.234:38689] returns group-F45A88C3A742:java.util.concurrent.CompletableFuture@53e71eb7[Not completed]
2019-09-26 16:27:45,650 [pool-37-thread-1] INFO  impl.RaftServerImpl (RaftServerImpl.java:<init>(95)) - 544e4564-cff2-4854-aa86-9068d953c0c3: new RaftServerImpl for group-F45A88C3A742:[544e4564-cff2-4854-aa86-9068d953c0c3:192.168.157.234:41394, 79ffe903-3fc0-40a8-8acf-aa2d12154a51:192.168.157.234:38144, 6ad4b93a-b4cf-4be6-9fd2-9d62088a494c:192.168.157.234:38689] with ContainerStateMachine:uninitialized
2019-09-26 16:27:45,651 [pool-37-thread-1] INFO  server.RaftServerConfigKeys (ConfUtils.java:logGet(43)) - raft.server.rpc.timeout.min = 5s (custom)
2019-09-26 16:27:45,651 [pool-37-thread-1] INFO  server.RaftServerConfigKeys (ConfUtils.java:logGet(43)) - raft.server.rpc.timeout.max = 5200ms (custom)
2019-09-26 16:27:45,651 [pool-37-thread-1] INFO  server.RaftServerConfigKeys (ConfUtils.java:logGet(43)) - raft.server.rpcslowness.timeout = 120s (custom)
2019-09-26 16:27:45,651 [pool-37-thread-1] INFO  server.RaftServerConfigKeys (ConfUtils.java:logGet(43)) - raft.server.sleep.deviation.threshold = 300 (default)
2019-09-26 16:27:45,651 [pool-37-thread-1] INFO  server.RaftServerConfigKeys (ConfUtils.java:logGet(43)) - raft.server.log.appender.install.snapshot.enabled = false (custom)
2019-09-26 16:27:45,651 [pool-77-thread-1] INFO  impl.RaftServerImpl (RaftServerImpl.java:<init>(95)) - 6ad4b93a-b4cf-4be6-9fd2-9d62088a494c: new RaftServerImpl for group-F45A88C3A742:[544e4564-cff2-4854-aa86-9068d953c0c3:192.168.157.234:41394, 79ffe903-3fc0-40a8-8acf-aa2d12154a51:192.168.157.234:38144, 6ad4b93a-b4cf-4be6-9fd2-9d62088a494c:192.168.157.234:38689] with ContainerStateMachine:uninitialized
2019-09-26 16:27:45,651 [pool-37-thread-1] INFO  impl.RaftServerImpl (ServerState.java:<init>(103)) - 544e4564-cff2-4854-aa86-9068d953c0c3@group-F45A88C3A742: ConfigurationManager, init=-1: [544e4564-cff2-4854-aa86-9068d953c0c3:192.168.157.234:41394, 79ffe903-3fc0-40a8-8acf-aa2d12154a51:192.168.157.234:38144, 6ad4b93a-b4cf-4be6-9fd2-9d62088a494c:192.168.157.234:38689], old=null, confs=<EMPTY_MAP>
2019-09-26 16:27:45,652 [pool-77-thread-1] INFO  server.RaftServerConfigKeys (ConfUtils.java:logGet(43)) - raft.server.rpc.timeout.min = 5s (custom)
2019-09-26 16:27:45,652 [pool-37-thread-1] INFO  server.RaftServerConfigKeys (ConfUtils.java:logGet(43)) - raft.server.storage.dir = [/workdir/hadoop-ozone/integration-test/target/test-dir/MiniOzoneClusterImpl-598ef3ce-e04c-4237-8ba0-cc477a09206f/datanode-1/data/ratis] (custom)
2019-09-26 16:27:45,652 [pool-77-thread-1] INFO  server.RaftServerConfigKeys (ConfUtils.java:logGet(43)) - raft.server.rpc.timeout.max = 5200ms (custom)
2019-09-26 16:27:45,652 [pool-77-thread-1] INFO  server.RaftServerConfigKeys (ConfUtils.java:logGet(43)) - raft.server.rpcslowness.timeout = 120s (custom)
2019-09-26 16:27:45,652 [pool-77-thread-1] INFO  server.RaftServerConfigKeys (ConfUtils.java:logGet(43)) - raft.server.sleep.deviation.threshold = 300 (default)
2019-09-26 16:27:45,652 [pool-37-thread-1] INFO  storage.RaftStorageDirectory (RaftStorageDirectory.java:analyzeStorage(246)) - The storage directory /workdir/hadoop-ozone/integration-test/target/test-dir/MiniOzoneClusterImpl-598ef3ce-e04c-4237-8ba0-cc477a09206f/datanode-1/data/ratis/2b957455-3cc6-403c-874d-f45a88c3a742 does not exist. Creating ...
2019-09-26 16:27:45,652 [pool-77-thread-1] INFO  server.RaftServerConfigKeys (ConfUtils.java:logGet(43)) - raft.server.log.appender.install.snapshot.enabled = false (custom)
2019-09-26 16:27:45,652 [pool-77-thread-1] INFO  impl.RaftServerImpl (ServerState.java:<init>(103)) - 6ad4b93a-b4cf-4be6-9fd2-9d62088a494c@group-F45A88C3A742: ConfigurationManager, init=-1: [544e4564-cff2-4854-aa86-9068d953c0c3:192.168.157.234:41394, 79ffe903-3fc0-40a8-8acf-aa2d12154a51:192.168.157.234:38144, 6ad4b93a-b4cf-4be6-9fd2-9d62088a494c:192.168.157.234:38689], old=null, confs=<EMPTY_MAP>
2019-09-26 16:27:45,652 [pool-57-thread-1] INFO  impl.RaftServerImpl (RaftServerImpl.java:<init>(95)) - 79ffe903-3fc0-40a8-8acf-aa2d12154a51: new RaftServerImpl for group-F45A88C3A742:[544e4564-cff2-4854-aa86-9068d953c0c3:192.168.157.234:41394, 79ffe903-3fc0-40a8-8acf-aa2d12154a51:192.168.157.234:38144, 6ad4b93a-b4cf-4be6-9fd2-9d62088a494c:192.168.157.234:38689] with ContainerStateMachine:uninitialized
2019-09-26 16:27:45,653 [pool-77-thread-1] INFO  server.RaftServerConfigKeys (ConfUtils.java:logGet(43)) - raft.server.storage.dir = [/workdir/hadoop-ozone/integration-test/target/test-dir/MiniOzoneClusterImpl-598ef3ce-e04c-4237-8ba0-cc477a09206f/datanode-5/data/ratis] (custom)
2019-09-26 16:27:45,653 [pool-57-thread-1] INFO  server.RaftServerConfigKeys (ConfUtils.java:logGet(43)) - raft.server.rpc.timeout.min = 5s (custom)
2019-09-26 16:27:45,653 [pool-57-thread-1] INFO  server.RaftServerConfigKeys (ConfUtils.java:logGet(43)) - raft.server.rpc.timeout.max = 5200ms (custom)
2019-09-26 16:27:45,653 [pool-77-thread-1] INFO  storage.RaftStorageDirectory (RaftStorageDirectory.java:analyzeStorage(246)) - The storage directory /workdir/hadoop-ozone/integration-test/target/test-dir/MiniOzoneClusterImpl-598ef3ce-e04c-4237-8ba0-cc477a09206f/datanode-5/data/ratis/2b957455-3cc6-403c-874d-f45a88c3a742 does not exist. Creating ...
2019-09-26 16:27:45,653 [pool-57-thread-1] INFO  server.RaftServerConfigKeys (ConfUtils.java:logGet(43)) - raft.server.rpcslowness.timeout = 120s (custom)
2019-09-26 16:27:45,653 [pool-57-thread-1] INFO  server.RaftServerConfigKeys (ConfUtils.java:logGet(43)) - raft.server.sleep.deviation.threshold = 300 (default)
2019-09-26 16:27:45,653 [pool-57-thread-1] INFO  server.RaftServerConfigKeys (ConfUtils.java:logGet(43)) - raft.server.log.appender.install.snapshot.enabled = false (custom)
2019-09-26 16:27:45,653 [pool-57-thread-1] INFO  impl.RaftServerImpl (ServerState.java:<init>(103)) - 79ffe903-3fc0-40a8-8acf-aa2d12154a51@group-F45A88C3A742: ConfigurationManager, init=-1: [544e4564-cff2-4854-aa86-9068d953c0c3:192.168.157.234:41394, 79ffe903-3fc0-40a8-8acf-aa2d12154a51:192.168.157.234:38144, 6ad4b93a-b4cf-4be6-9fd2-9d62088a494c:192.168.157.234:38689], old=null, confs=<EMPTY_MAP>
2019-09-26 16:27:45,654 [pool-57-thread-1] INFO  server.RaftServerConfigKeys (ConfUtils.java:logGet(43)) - raft.server.storage.dir = [/workdir/hadoop-ozone/integration-test/target/test-dir/MiniOzoneClusterImpl-598ef3ce-e04c-4237-8ba0-cc477a09206f/datanode-3/data/ratis] (custom)
2019-09-26 16:27:45,654 [pool-57-thread-1] INFO  storage.RaftStorageDirectory (RaftStorageDirectory.java:analyzeStorage(246)) - The storage directory /workdir/hadoop-ozone/integration-test/target/test-dir/MiniOzoneClusterImpl-598ef3ce-e04c-4237-8ba0-cc477a09206f/datanode-3/data/ratis/2b957455-3cc6-403c-874d-f45a88c3a742 does not exist. Creating ...
2019-09-26 16:27:45,666 [pool-77-thread-1] INFO  storage.RaftStorageDirectory (RaftStorageDirectory.java:tryLock(328)) - Lock on /workdir/hadoop-ozone/integration-test/target/test-dir/MiniOzoneClusterImpl-598ef3ce-e04c-4237-8ba0-cc477a09206f/datanode-5/data/ratis/2b957455-3cc6-403c-874d-f45a88c3a742/in_use.lock acquired by nodename 12895@pr-hdds-2162-htzpk-1451759861
2019-09-26 16:27:45,666 [pool-57-thread-1] INFO  storage.RaftStorageDirectory (RaftStorageDirectory.java:tryLock(328)) - Lock on /workdir/hadoop-ozone/integration-test/target/test-dir/MiniOzoneClusterImpl-598ef3ce-e04c-4237-8ba0-cc477a09206f/datanode-3/data/ratis/2b957455-3cc6-403c-874d-f45a88c3a742/in_use.lock acquired by nodename 12895@pr-hdds-2162-htzpk-1451759861
2019-09-26 16:27:45,666 [pool-37-thread-1] INFO  storage.RaftStorageDirectory (RaftStorageDirectory.java:tryLock(328)) - Lock on /workdir/hadoop-ozone/integration-test/target/test-dir/MiniOzoneClusterImpl-598ef3ce-e04c-4237-8ba0-cc477a09206f/datanode-1/data/ratis/2b957455-3cc6-403c-874d-f45a88c3a742/in_use.lock acquired by nodename 12895@pr-hdds-2162-htzpk-1451759861
2019-09-26 16:27:45,680 [pool-77-thread-1] INFO  storage.RaftStorage (RaftStorage.java:format(72)) - Storage directory /workdir/hadoop-ozone/integration-test/target/test-dir/MiniOzoneClusterImpl-598ef3ce-e04c-4237-8ba0-cc477a09206f/datanode-5/data/ratis/2b957455-3cc6-403c-874d-f45a88c3a742 has been successfully formatted.
2019-09-26 16:27:45,680 [pool-57-thread-1] INFO  storage.RaftStorage (RaftStorage.java:format(72)) - Storage directory /workdir/hadoop-ozone/integration-test/target/test-dir/MiniOzoneClusterImpl-598ef3ce-e04c-4237-8ba0-cc477a09206f/datanode-3/data/ratis/2b957455-3cc6-403c-874d-f45a88c3a742 has been successfully formatted.
2019-09-26 16:27:45,680 [pool-37-thread-1] INFO  storage.RaftStorage (RaftStorage.java:format(72)) - Storage directory /workdir/hadoop-ozone/integration-test/target/test-dir/MiniOzoneClusterImpl-598ef3ce-e04c-4237-8ba0-cc477a09206f/datanode-1/data/ratis/2b957455-3cc6-403c-874d-f45a88c3a742 has been successfully formatted.
2019-09-26 16:27:45,681 [pool-77-thread-1] INFO  ratis.ContainerStateMachine (ContainerStateMachine.java:loadSnapshot(230)) - group-F45A88C3A742: The snapshot info is null. Setting the last applied indexto:(t:0, i:~)
2019-09-26 16:27:45,681 [pool-37-thread-1] INFO  ratis.ContainerStateMachine (ContainerStateMachine.java:loadSnapshot(230)) - group-F45A88C3A742: The snapshot info is null. Setting the last applied indexto:(t:0, i:~)
2019-09-26 16:27:45,681 [pool-57-thread-1] INFO  ratis.ContainerStateMachine (ContainerStateMachine.java:loadSnapshot(230)) - group-F45A88C3A742: The snapshot info is null. Setting the last applied indexto:(t:0, i:~)
2019-09-26 16:27:45,681 [pool-37-thread-1] INFO  server.RaftServerConfigKeys (ConfUtils.java:logGet(43)) - raft.server.notification.no-leader.timeout = 120s (custom)
2019-09-26 16:27:45,681 [pool-77-thread-1] INFO  server.RaftServerConfigKeys (ConfUtils.java:logGet(43)) - raft.server.notification.no-leader.timeout = 120s (custom)
2019-09-26 16:27:45,681 [pool-37-thread-1] INFO  server.RaftServerConfigKeys (ConfUtils.java:logGet(43)) - raft.server.log.use.memory = false (default)
2019-09-26 16:27:45,681 [pool-57-thread-1] INFO  server.RaftServerConfigKeys (ConfUtils.java:logGet(43)) - raft.server.notification.no-leader.timeout = 120s (custom)
2019-09-26 16:27:45,681 [pool-37-thread-1] INFO  server.RaftServerConfigKeys (ConfUtils.java:logGet(43)) - raft.server.log.purge.gap = 1000000 (custom)
2019-09-26 16:27:45,681 [pool-77-thread-1] INFO  server.RaftServerConfigKeys (ConfUtils.java:logGet(43)) - raft.server.log.use.memory = false (default)
2019-09-26 16:27:45,682 [pool-37-thread-1] INFO  server.RaftServerConfigKeys (ConfUtils.java:logGet(43)) - raft.server.log.appender.buffer.byte-limit = 33554432 (custom)
2019-09-26 16:27:45,682 [pool-57-thread-1] INFO  server.RaftServerConfigKeys (ConfUtils.java:logGet(43)) - raft.server.log.use.memory = false (default)
2019-09-26 16:27:45,682 [pool-37-thread-1] INFO  server.RaftServerConfigKeys (ConfUtils.java:logGet(43)) - raft.server.log.segment.size.max = 1048576 (custom)
2019-09-26 16:27:45,682 [pool-77-thread-1] INFO  server.RaftServerConfigKeys (ConfUtils.java:logGet(43)) - raft.server.log.purge.gap = 1000000 (custom)
2019-09-26 16:27:45,682 [pool-37-thread-1] INFO  server.RaftServerConfigKeys (ConfUtils.java:logGet(43)) - raft.server.log.segment.cache.num.max = 2 (custom)
2019-09-26 16:27:45,682 [pool-57-thread-1] INFO  server.RaftServerConfigKeys (ConfUtils.java:logGet(43)) - raft.server.log.purge.gap = 1000000 (custom)
2019-09-26 16:27:45,683 [pool-37-thread-1] INFO  segmented.SegmentedRaftLogWorker (SegmentedRaftLogWorker.java:<init>(172)) - new 544e4564-cff2-4854-aa86-9068d953c0c3@group-F45A88C3A742-SegmentedRaftLogWorker for RaftStorage:Storage Directory /workdir/hadoop-ozone/integration-test/target/test-dir/MiniOzoneClusterImpl-598ef3ce-e04c-4237-8ba0-cc477a09206f/datanode-1/data/ratis/2b957455-3cc6-403c-874d-f45a88c3a742
2019-09-26 16:27:45,682 [pool-77-thread-1] INFO  server.RaftServerConfigKeys (ConfUtils.java:logGet(43)) - raft.server.log.appender.buffer.byte-limit = 33554432 (custom)
2019-09-26 16:27:45,683 [pool-37-thread-1] INFO  server.RaftServerConfigKeys (ConfUtils.java:logGet(43)) - raft.server.log.queue.byte-limit = 2147483647 (custom)
2019-09-26 16:27:45,683 [pool-57-thread-1] INFO  server.RaftServerConfigKeys (ConfUtils.java:logGet(43)) - raft.server.log.appender.buffer.byte-limit = 33554432 (custom)
2019-09-26 16:27:45,683 [pool-37-thread-1] INFO  server.RaftServerConfigKeys (ConfUtils.java:logGet(43)) - raft.server.log.queue.element-limit = 1024 (custom)
2019-09-26 16:27:45,683 [pool-77-thread-1] INFO  server.RaftServerConfigKeys (ConfUtils.java:logGet(43)) - raft.server.log.segment.size.max = 1048576 (custom)
2019-09-26 16:27:45,683 [pool-37-thread-1] INFO  server.RaftServerConfigKeys (ConfUtils.java:logGet(43)) - raft.server.log.segment.size.max = 1048576 (custom)
2019-09-26 16:27:45,684 [pool-37-thread-1] INFO  server.RaftServerConfigKeys (ConfUtils.java:logGet(43)) - raft.server.log.preallocated.size = 16384 (custom)
2019-09-26 16:27:45,683 [pool-57-thread-1] INFO  server.RaftServerConfigKeys (ConfUtils.java:logGet(43)) - raft.server.log.segment.size.max = 1048576 (custom)
2019-09-26 16:27:45,684 [pool-37-thread-1] INFO  server.RaftServerConfigKeys (ConfUtils.java:logGet(43)) - raft.server.log.write.buffer.size = 33554432 (custom)
2019-09-26 16:27:45,684 [pool-77-thread-1] INFO  server.RaftServerConfigKeys (ConfUtils.java:logGet(43)) - raft.server.log.segment.cache.num.max = 2 (custom)
2019-09-26 16:27:45,684 [pool-37-thread-1] INFO  server.RaftServerConfigKeys (ConfUtils.java:logGet(43)) - raft.server.log.force.sync.num = 128 (default)
2019-09-26 16:27:45,684 [pool-57-thread-1] INFO  server.RaftServerConfigKeys (ConfUtils.java:logGet(43)) - raft.server.log.segment.cache.num.max = 2 (custom)
2019-09-26 16:27:45,684 [pool-37-thread-1] INFO  server.RaftServerConfigKeys (ConfUtils.java:logGet(43)) - raft.server.log.statemachine.data.sync = true (default)
2019-09-26 16:27:45,684 [pool-77-thread-1] INFO  segmented.SegmentedRaftLogWorker (SegmentedRaftLogWorker.java:<init>(172)) - new 6ad4b93a-b4cf-4be6-9fd2-9d62088a494c@group-F45A88C3A742-SegmentedRaftLogWorker for RaftStorage:Storage Directory /workdir/hadoop-ozone/integration-test/target/test-dir/MiniOzoneClusterImpl-598ef3ce-e04c-4237-8ba0-cc477a09206f/datanode-5/data/ratis/2b957455-3cc6-403c-874d-f45a88c3a742
2019-09-26 16:27:45,684 [pool-37-thread-1] INFO  server.RaftServerConfigKeys (ConfUtils.java:logGet(43)) - raft.server.log.statemachine.data.sync.timeout = 10s (default)
2019-09-26 16:27:45,684 [pool-57-thread-1] INFO  segmented.SegmentedRaftLogWorker (SegmentedRaftLogWorker.java:<init>(172)) - new 79ffe903-3fc0-40a8-8acf-aa2d12154a51@group-F45A88C3A742-SegmentedRaftLogWorker for RaftStorage:Storage Directory /workdir/hadoop-ozone/integration-test/target/test-dir/MiniOzoneClusterImpl-598ef3ce-e04c-4237-8ba0-cc477a09206f/datanode-3/data/ratis/2b957455-3cc6-403c-874d-f45a88c3a742
2019-09-26 16:27:45,685 [pool-37-thread-1] INFO  server.RaftServerConfigKeys (ConfUtils.java:logGet(43)) - raft.server.log.statemachine.data.sync.timeout.retry = -1 (default)
2019-09-26 16:27:45,685 [pool-77-thread-1] INFO  server.RaftServerConfigKeys (ConfUtils.java:logGet(43)) - raft.server.log.queue.byte-limit = 2147483647 (custom)
2019-09-26 16:27:45,685 [pool-37-thread-1] INFO  server.RaftServerConfigKeys (ConfUtils.java:logGet(43)) - raft.server.log.statemachine.data.caching.enabled = true (custom)
2019-09-26 16:27:45,685 [pool-57-thread-1] INFO  server.RaftServerConfigKeys (ConfUtils.java:logGet(43)) - raft.server.log.queue.byte-limit = 2147483647 (custom)
2019-09-26 16:27:45,685 [pool-37-thread-1] INFO  segmented.SegmentedRaftLogWorker (SegmentedRaftLogWorker.java:lambda$new$0(132)) - 544e4564-cff2-4854-aa86-9068d953c0c3@group-F45A88C3A742-SegmentedRaftLogWorker: flushIndex: setUnconditionally 0 -> -1
2019-09-26 16:27:45,685 [pool-77-thread-1] INFO  server.RaftServerConfigKeys (ConfUtils.java:logGet(43)) - raft.server.log.queue.element-limit = 1024 (custom)
2019-09-26 16:27:45,685 [pool-57-thread-1] INFO  server.RaftServerConfigKeys (ConfUtils.java:logGet(43)) - raft.server.log.queue.element-limit = 1024 (custom)
2019-09-26 16:27:45,686 [pool-77-thread-1] INFO  server.RaftServerConfigKeys (ConfUtils.java:logGet(43)) - raft.server.log.segment.size.max = 1048576 (custom)
2019-09-26 16:27:45,686 [pool-37-thread-1] INFO  server.RaftServerConfigKeys (ConfUtils.java:logGet(43)) - raft.server.snapshot.auto.trigger.enabled = true (custom)
2019-09-26 16:27:45,686 [pool-77-thread-1] INFO  server.RaftServerConfigKeys (ConfUtils.java:logGet(43)) - raft.server.log.preallocated.size = 16384 (custom)
2019-09-26 16:27:45,686 [pool-57-thread-1] INFO  server.RaftServerConfigKeys (ConfUtils.java:logGet(43)) - raft.server.log.segment.size.max = 1048576 (custom)
2019-09-26 16:27:45,686 [pool-77-thread-1] INFO  server.RaftServerConfigKeys (ConfUtils.java:logGet(43)) - raft.server.log.write.buffer.size = 33554432 (custom)
2019-09-26 16:27:45,686 [pool-37-thread-1] INFO  server.RaftServerConfigKeys (ConfUtils.java:logGet(43)) - raft.server.snapshot.auto.trigger.threshold = 10000 (custom)
2019-09-26 16:27:45,687 [pool-77-thread-1] INFO  server.RaftServerConfigKeys (ConfUtils.java:logGet(43)) - raft.server.log.force.sync.num = 128 (default)
2019-09-26 16:27:45,686 [pool-57-thread-1] INFO  server.RaftServerConfigKeys (ConfUtils.java:logGet(43)) - raft.server.log.preallocated.size = 16384 (custom)
2019-09-26 16:27:45,687 [pool-77-thread-1] INFO  server.RaftServerConfigKeys (ConfUtils.java:logGet(43)) - raft.server.log.statemachine.data.sync = true (default)
2019-09-26 16:27:45,687 [pool-37-thread-1] INFO  server.RaftServerConfigKeys (ConfUtils.java:logGet(43)) - raft.server.snapshot.retention.num.files = 5 (custom)
2019-09-26 16:27:45,687 [pool-77-thread-1] INFO  server.RaftServerConfigKeys (ConfUtils.java:logGet(43)) - raft.server.log.statemachine.data.sync.timeout = 10s (default)
2019-09-26 16:27:45,687 [pool-57-thread-1] INFO  server.RaftServerConfigKeys (ConfUtils.java:logGet(43)) - raft.server.log.write.buffer.size = 33554432 (custom)
2019-09-26 16:27:45,687 [pool-77-thread-1] INFO  server.RaftServerConfigKeys (ConfUtils.java:logGet(43)) - raft.server.log.statemachine.data.sync.timeout.retry = -1 (default)
2019-09-26 16:27:45,687 [pool-37-thread-1] INFO  server.RaftServerConfigKeys (ConfUtils.java:logGet(43)) - raft.server.retrycache.expirytime = 600000ms (custom)
2019-09-26 16:27:45,688 [pool-57-thread-1] INFO  server.RaftServerConfigKeys (ConfUtils.java:logGet(43)) - raft.server.log.force.sync.num = 128 (default)
2019-09-26 16:27:45,688 [pool-77-thread-1] INFO  server.RaftServerConfigKeys (ConfUtils.java:logGet(43)) - raft.server.log.statemachine.data.caching.enabled = true (custom)
2019-09-26 16:27:45,688 [pool-57-thread-1] INFO  server.RaftServerConfigKeys (ConfUtils.java:logGet(43)) - raft.server.log.statemachine.data.sync = true (default)
2019-09-26 16:27:45,688 [pool-57-thread-1] INFO  server.RaftServerConfigKeys (ConfUtils.java:logGet(43)) - raft.server.log.statemachine.data.sync.timeout = 10s (default)
2019-09-26 16:27:45,688 [pool-77-thread-1] INFO  segmented.SegmentedRaftLogWorker (SegmentedRaftLogWorker.java:lambda$new$0(132)) - 6ad4b93a-b4cf-4be6-9fd2-9d62088a494c@group-F45A88C3A742-SegmentedRaftLogWorker: flushIndex: setUnconditionally 0 -> -1
2019-09-26 16:27:45,688 [pool-57-thread-1] INFO  server.RaftServerConfigKeys (ConfUtils.java:logGet(43)) - raft.server.log.statemachine.data.sync.timeout.retry = -1 (default)
2019-09-26 16:27:45,689 [pool-77-thread-1] INFO  server.RaftServerConfigKeys (ConfUtils.java:logGet(43)) - raft.server.snapshot.auto.trigger.enabled = true (custom)
2019-09-26 16:27:45,689 [pool-57-thread-1] INFO  server.RaftServerConfigKeys (ConfUtils.java:logGet(43)) - raft.server.log.statemachine.data.caching.enabled = true (custom)
2019-09-26 16:27:45,689 [pool-77-thread-1] INFO  server.RaftServerConfigKeys (ConfUtils.java:logGet(43)) - raft.server.snapshot.auto.trigger.threshold = 10000 (custom)
2019-09-26 16:27:45,689 [pool-77-thread-1] INFO  server.RaftServerConfigKeys (ConfUtils.java:logGet(43)) - raft.server.snapshot.retention.num.files = 5 (custom)
2019-09-26 16:27:45,689 [pool-57-thread-1] INFO  segmented.SegmentedRaftLogWorker (SegmentedRaftLogWorker.java:lambda$new$0(132)) - 79ffe903-3fc0-40a8-8acf-aa2d12154a51@group-F45A88C3A742-SegmentedRaftLogWorker: flushIndex: setUnconditionally 0 -> -1
2019-09-26 16:27:45,689 [pool-77-thread-1] INFO  server.RaftServerConfigKeys (ConfUtils.java:logGet(43)) - raft.server.retrycache.expirytime = 600000ms (custom)
2019-09-26 16:27:45,690 [pool-57-thread-1] INFO  server.RaftServerConfigKeys (ConfUtils.java:logGet(43)) - raft.server.snapshot.auto.trigger.enabled = true (custom)
2019-09-26 16:27:45,690 [pool-57-thread-1] INFO  server.RaftServerConfigKeys (ConfUtils.java:logGet(43)) - raft.server.snapshot.auto.trigger.threshold = 10000 (custom)
2019-09-26 16:27:45,690 [pool-57-thread-1] INFO  server.RaftServerConfigKeys (ConfUtils.java:logGet(43)) - raft.server.snapshot.retention.num.files = 5 (custom)
2019-09-26 16:27:45,690 [pool-57-thread-1] INFO  server.RaftServerConfigKeys (ConfUtils.java:logGet(43)) - raft.server.retrycache.expirytime = 600000ms (custom)
2019-09-26 16:27:45,690 [pool-37-thread-1] INFO  impl.RaftServerImpl (RaftServerImpl.java:start(185)) - 544e4564-cff2-4854-aa86-9068d953c0c3@group-F45A88C3A742: start as a follower, conf=-1: [544e4564-cff2-4854-aa86-9068d953c0c3:192.168.157.234:41394, 79ffe903-3fc0-40a8-8acf-aa2d12154a51:192.168.157.234:38144, 6ad4b93a-b4cf-4be6-9fd2-9d62088a494c:192.168.157.234:38689], old=null
2019-09-26 16:27:45,690 [pool-37-thread-1] INFO  impl.RaftServerImpl (RaftServerImpl.java:setRole(174)) - 544e4564-cff2-4854-aa86-9068d953c0c3@group-F45A88C3A742: changes role from      null to FOLLOWER at term 0 for startAsFollower
2019-09-26 16:27:45,691 [pool-37-thread-1] INFO  impl.RoleInfo (RoleInfo.java:updateAndGet(143)) - 544e4564-cff2-4854-aa86-9068d953c0c3: start FollowerState
2019-09-26 16:27:45,691 [pool-37-thread-1] INFO  util.JmxRegister (JmxRegister.java:tryRegister(44)) - Successfully registered JMX Bean with object name Ratis:service=RaftServer,group=group-F45A88C3A742,id=544e4564-cff2-4854-aa86-9068d953c0c3
2019-09-26 16:27:45,693 [pool-77-thread-1] INFO  impl.RaftServerImpl (RaftServerImpl.java:start(185)) - 6ad4b93a-b4cf-4be6-9fd2-9d62088a494c@group-F45A88C3A742: start as a follower, conf=-1: [544e4564-cff2-4854-aa86-9068d953c0c3:192.168.157.234:41394, 79ffe903-3fc0-40a8-8acf-aa2d12154a51:192.168.157.234:38144, 6ad4b93a-b4cf-4be6-9fd2-9d62088a494c:192.168.157.234:38689], old=null
2019-09-26 16:27:45,694 [pool-77-thread-1] INFO  impl.RaftServerImpl (RaftServerImpl.java:setRole(174)) - 6ad4b93a-b4cf-4be6-9fd2-9d62088a494c@group-F45A88C3A742: changes role from      null to FOLLOWER at term 0 for startAsFollower
2019-09-26 16:27:45,694 [pool-57-thread-1] INFO  impl.RaftServerImpl (RaftServerImpl.java:start(185)) - 79ffe903-3fc0-40a8-8acf-aa2d12154a51@group-F45A88C3A742: start as a follower, conf=-1: [544e4564-cff2-4854-aa86-9068d953c0c3:192.168.157.234:41394, 79ffe903-3fc0-40a8-8acf-aa2d12154a51:192.168.157.234:38144, 6ad4b93a-b4cf-4be6-9fd2-9d62088a494c:192.168.157.234:38689], old=null
2019-09-26 16:27:45,694 [pool-77-thread-1] INFO  impl.RoleInfo (RoleInfo.java:updateAndGet(143)) - 6ad4b93a-b4cf-4be6-9fd2-9d62088a494c: start FollowerState
2019-09-26 16:27:45,694 [pool-57-thread-1] INFO  impl.RaftServerImpl (RaftServerImpl.java:setRole(174)) - 79ffe903-3fc0-40a8-8acf-aa2d12154a51@group-F45A88C3A742: changes role from      null to FOLLOWER at term 0 for startAsFollower
2019-09-26 16:27:45,699 [pool-77-thread-1] INFO  util.JmxRegister (JmxRegister.java:tryRegister(44)) - Successfully registered JMX Bean with object name Ratis:service=RaftServer,group=group-F45A88C3A742,id=6ad4b93a-b4cf-4be6-9fd2-9d62088a494c
2019-09-26 16:27:45,699 [pool-57-thread-1] INFO  impl.RoleInfo (RoleInfo.java:updateAndGet(143)) - 79ffe903-3fc0-40a8-8acf-aa2d12154a51: start FollowerState
2019-09-26 16:27:45,706 [pool-57-thread-1] INFO  util.JmxRegister (JmxRegister.java:tryRegister(44)) - Successfully registered JMX Bean with object name Ratis:service=RaftServer,group=group-F45A88C3A742,id=79ffe903-3fc0-40a8-8acf-aa2d12154a51
2019-09-26 16:27:45,721 [RatisPipelineUtilsThread] INFO  pipeline.PipelineStateManager (PipelineStateManager.java:addPipeline(56)) - Created pipeline Pipeline[ Id: 2b957455-3cc6-403c-874d-f45a88c3a742, Nodes: 6ad4b93a-b4cf-4be6-9fd2-9d62088a494c{ip: 192.168.157.234, host: pr-hdds-2162-htzpk-1451759861, networkLocation: /default-rack, certSerialId: null}544e4564-cff2-4854-aa86-9068d953c0c3{ip: 192.168.157.234, host: pr-hdds-2162-htzpk-1451759861, networkLocation: /default-rack, certSerialId: null}79ffe903-3fc0-40a8-8acf-aa2d12154a51{ip: 192.168.157.234, host: pr-hdds-2162-htzpk-1451759861, networkLocation: /default-rack, certSerialId: null}, Type:RATIS, Factor:THREE, State:OPEN]
2019-09-26 16:27:45,749 [grpc-default-executor-1] INFO  impl.RaftServerProxy (RaftServerProxy.java:addNew(89)) - 7ae1d8e0-c3cd-44e1-b67c-818b78fc249c: addNew group-54FC743A9B46:[7ae1d8e0-c3cd-44e1-b67c-818b78fc249c:192.168.157.234:39343, f41b9329-29f6-4fb4-8de9-d292d9a8a636:192.168.157.234:44465, 923128ae-3131-46de-9810-c19589cb32d9:192.168.157.234:34411] returns group-54FC743A9B46:java.util.concurrent.CompletableFuture@1cf4950e[Not completed]
2019-09-26 16:27:45,749 [grpc-default-executor-0] INFO  impl.RaftServerProxy (RaftServerProxy.java:addNew(89)) - f41b9329-29f6-4fb4-8de9-d292d9a8a636: addNew group-54FC743A9B46:[7ae1d8e0-c3cd-44e1-b67c-818b78fc249c:192.168.157.234:39343, f41b9329-29f6-4fb4-8de9-d292d9a8a636:192.168.157.234:44465, 923128ae-3131-46de-9810-c19589cb32d9:192.168.157.234:34411] returns group-54FC743A9B46:java.util.concurrent.CompletableFuture@201e9e90[Not completed]
2019-09-26 16:27:45,749 [grpc-default-executor-2] INFO  impl.RaftServerProxy (RaftServerProxy.java:addNew(89)) - 923128ae-3131-46de-9810-c19589cb32d9: addNew group-54FC743A9B46:[7ae1d8e0-c3cd-44e1-b67c-818b78fc249c:192.168.157.234:39343, f41b9329-29f6-4fb4-8de9-d292d9a8a636:192.168.157.234:44465, 923128ae-3131-46de-9810-c19589cb32d9:192.168.157.234:34411] returns group-54FC743A9B46:java.util.concurrent.CompletableFuture@62fecd45[Not completed]
2019-09-26 16:27:45,752 [pool-87-thread-1] INFO  impl.RaftServerImpl (RaftServerImpl.java:<init>(95)) - 7ae1d8e0-c3cd-44e1-b67c-818b78fc249c: new RaftServerImpl for group-54FC743A9B46:[7ae1d8e0-c3cd-44e1-b67c-818b78fc249c:192.168.157.234:39343, f41b9329-29f6-4fb4-8de9-d292d9a8a636:192.168.157.234:44465, 923128ae-3131-46de-9810-c19589cb32d9:192.168.157.234:34411] with ContainerStateMachine:uninitialized
2019-09-26 16:27:45,752 [pool-87-thread-1] INFO  server.RaftServerConfigKeys (ConfUtils.java:logGet(43)) - raft.server.rpc.timeout.min = 5s (custom)
2019-09-26 16:27:45,752 [pool-87-thread-1] INFO  server.RaftServerConfigKeys (ConfUtils.java:logGet(43)) - raft.server.rpc.timeout.max = 5200ms (custom)
2019-09-26 16:27:45,752 [pool-87-thread-1] INFO  server.RaftServerConfigKeys (ConfUtils.java:logGet(43)) - raft.server.rpcslowness.timeout = 120s (custom)
2019-09-26 16:27:45,752 [pool-87-thread-1] INFO  server.RaftServerConfigKeys (ConfUtils.java:logGet(43)) - raft.server.sleep.deviation.threshold = 300 (default)
2019-09-26 16:27:45,752 [pool-87-thread-1] INFO  server.RaftServerConfigKeys (ConfUtils.java:logGet(43)) - raft.server.log.appender.install.snapshot.enabled = false (custom)
2019-09-26 16:27:45,752 [pool-87-thread-1] INFO  impl.RaftServerImpl (ServerState.java:<init>(103)) - 7ae1d8e0-c3cd-44e1-b67c-818b78fc249c@group-54FC743A9B46: ConfigurationManager, init=-1: [7ae1d8e0-c3cd-44e1-b67c-818b78fc249c:192.168.157.234:39343, f41b9329-29f6-4fb4-8de9-d292d9a8a636:192.168.157.234:44465, 923128ae-3131-46de-9810-c19589cb32d9:192.168.157.234:34411], old=null, confs=<EMPTY_MAP>
2019-09-26 16:27:45,753 [pool-87-thread-1] INFO  server.RaftServerConfigKeys (ConfUtils.java:logGet(43)) - raft.server.storage.dir = [/workdir/hadoop-ozone/integration-test/target/test-dir/MiniOzoneClusterImpl-598ef3ce-e04c-4237-8ba0-cc477a09206f/datanode-6/data/ratis] (custom)
2019-09-26 16:27:45,753 [pool-87-thread-1] INFO  storage.RaftStorageDirectory (RaftStorageDirectory.java:analyzeStorage(246)) - The storage directory /workdir/hadoop-ozone/integration-test/target/test-dir/MiniOzoneClusterImpl-598ef3ce-e04c-4237-8ba0-cc477a09206f/datanode-6/data/ratis/34bef81e-1e14-4f2d-8ce9-54fc743a9b46 does not exist. Creating ...
2019-09-26 16:27:45,753 [pool-27-thread-1] INFO  impl.RaftServerImpl (RaftServerImpl.java:<init>(95)) - f41b9329-29f6-4fb4-8de9-d292d9a8a636: new RaftServerImpl for group-54FC743A9B46:[7ae1d8e0-c3cd-44e1-b67c-818b78fc249c:192.168.157.234:39343, f41b9329-29f6-4fb4-8de9-d292d9a8a636:192.168.157.234:44465, 923128ae-3131-46de-9810-c19589cb32d9:192.168.157.234:34411] with ContainerStateMachine:uninitialized
2019-09-26 16:27:45,753 [pool-27-thread-1] INFO  server.RaftServerConfigKeys (ConfUtils.java:logGet(43)) - raft.server.rpc.timeout.min = 5s (custom)
2019-09-26 16:27:45,754 [pool-27-thread-1] INFO  server.RaftServerConfigKeys (ConfUtils.java:logGet(43)) - raft.server.rpc.timeout.max = 5200ms (custom)
2019-09-26 16:27:45,754 [pool-27-thread-1] INFO  server.RaftServerConfigKeys (ConfUtils.java:logGet(43)) - raft.server.rpcslowness.timeout = 120s (custom)
2019-09-26 16:27:45,754 [pool-27-thread-1] INFO  server.RaftServerConfigKeys (ConfUtils.java:logGet(43)) - raft.server.sleep.deviation.threshold = 300 (default)
2019-09-26 16:27:45,754 [pool-67-thread-1] INFO  impl.RaftServerImpl (RaftServerImpl.java:<init>(95)) - 923128ae-3131-46de-9810-c19589cb32d9: new RaftServerImpl for group-54FC743A9B46:[7ae1d8e0-c3cd-44e1-b67c-818b78fc249c:192.168.157.234:39343, f41b9329-29f6-4fb4-8de9-d292d9a8a636:192.168.157.234:44465, 923128ae-3131-46de-9810-c19589cb32d9:192.168.157.234:34411] with ContainerStateMachine:uninitialized
2019-09-26 16:27:45,754 [pool-27-thread-1] INFO  server.RaftServerConfigKeys (ConfUtils.java:logGet(43)) - raft.server.log.appender.install.snapshot.enabled = false (custom)
2019-09-26 16:27:45,754 [pool-67-thread-1] INFO  server.RaftServerConfigKeys (ConfUtils.java:logGet(43)) - raft.server.rpc.timeout.min = 5s (custom)
2019-09-26 16:27:45,754 [pool-27-thread-1] INFO  impl.RaftServerImpl (ServerState.java:<init>(103)) - f41b9329-29f6-4fb4-8de9-d292d9a8a636@group-54FC743A9B46: ConfigurationManager, init=-1: [7ae1d8e0-c3cd-44e1-b67c-818b78fc249c:192.168.157.234:39343, f41b9329-29f6-4fb4-8de9-d292d9a8a636:192.168.157.234:44465, 923128ae-3131-46de-9810-c19589cb32d9:192.168.157.234:34411], old=null, confs=<EMPTY_MAP>
2019-09-26 16:27:45,755 [pool-67-thread-1] INFO  server.RaftServerConfigKeys (ConfUtils.java:logGet(43)) - raft.server.rpc.timeout.max = 5200ms (custom)
2019-09-26 16:27:45,755 [pool-27-thread-1] INFO  server.RaftServerConfigKeys (ConfUtils.java:logGet(43)) - raft.server.storage.dir = [/workdir/hadoop-ozone/integration-test/target/test-dir/MiniOzoneClusterImpl-598ef3ce-e04c-4237-8ba0-cc477a09206f/datanode-0/data/ratis] (custom)
2019-09-26 16:27:45,755 [pool-67-thread-1] INFO  server.RaftServerConfigKeys (ConfUtils.java:logGet(43)) - raft.server.rpcslowness.timeout = 120s (custom)
2019-09-26 16:27:45,755 [pool-67-thread-1] INFO  server.RaftServerConfigKeys (ConfUtils.java:logGet(43)) - raft.server.sleep.deviation.threshold = 300 (default)
2019-09-26 16:27:45,755 [pool-67-thread-1] INFO  server.RaftServerConfigKeys (ConfUtils.java:logGet(43)) - raft.server.log.appender.install.snapshot.enabled = false (custom)
2019-09-26 16:27:45,755 [pool-27-thread-1] INFO  storage.RaftStorageDirectory (RaftStorageDirectory.java:analyzeStorage(246)) - The storage directory /workdir/hadoop-ozone/integration-test/target/test-dir/MiniOzoneClusterImpl-598ef3ce-e04c-4237-8ba0-cc477a09206f/datanode-0/data/ratis/34bef81e-1e14-4f2d-8ce9-54fc743a9b46 does not exist. Creating ...
2019-09-26 16:27:45,755 [pool-67-thread-1] INFO  impl.RaftServerImpl (ServerState.java:<init>(103)) - 923128ae-3131-46de-9810-c19589cb32d9@group-54FC743A9B46: ConfigurationManager, init=-1: [7ae1d8e0-c3cd-44e1-b67c-818b78fc249c:192.168.157.234:39343, f41b9329-29f6-4fb4-8de9-d292d9a8a636:192.168.157.234:44465, 923128ae-3131-46de-9810-c19589cb32d9:192.168.157.234:34411], old=null, confs=<EMPTY_MAP>
2019-09-26 16:27:45,756 [pool-67-thread-1] INFO  server.RaftServerConfigKeys (ConfUtils.java:logGet(43)) - raft.server.storage.dir = [/workdir/hadoop-ozone/integration-test/target/test-dir/MiniOzoneClusterImpl-598ef3ce-e04c-4237-8ba0-cc477a09206f/datanode-4/data/ratis] (custom)
2019-09-26 16:27:45,756 [pool-67-thread-1] INFO  storage.RaftStorageDirectory (RaftStorageDirectory.java:analyzeStorage(246)) - The storage directory /workdir/hadoop-ozone/integration-test/target/test-dir/MiniOzoneClusterImpl-598ef3ce-e04c-4237-8ba0-cc477a09206f/datanode-4/data/ratis/34bef81e-1e14-4f2d-8ce9-54fc743a9b46 does not exist. Creating ...
2019-09-26 16:27:45,767 [pool-87-thread-1] INFO  storage.RaftStorageDirectory (RaftStorageDirectory.java:tryLock(328)) - Lock on /workdir/hadoop-ozone/integration-test/target/test-dir/MiniOzoneClusterImpl-598ef3ce-e04c-4237-8ba0-cc477a09206f/datanode-6/data/ratis/34bef81e-1e14-4f2d-8ce9-54fc743a9b46/in_use.lock acquired by nodename 12895@pr-hdds-2162-htzpk-1451759861
2019-09-26 16:27:45,767 [pool-67-thread-1] INFO  storage.RaftStorageDirectory (RaftStorageDirectory.java:tryLock(328)) - Lock on /workdir/hadoop-ozone/integration-test/target/test-dir/MiniOzoneClusterImpl-598ef3ce-e04c-4237-8ba0-cc477a09206f/datanode-4/data/ratis/34bef81e-1e14-4f2d-8ce9-54fc743a9b46/in_use.lock acquired by nodename 12895@pr-hdds-2162-htzpk-1451759861
2019-09-26 16:27:45,767 [pool-27-thread-1] INFO  storage.RaftStorageDirectory (RaftStorageDirectory.java:tryLock(328)) - Lock on /workdir/hadoop-ozone/integration-test/target/test-dir/MiniOzoneClusterImpl-598ef3ce-e04c-4237-8ba0-cc477a09206f/datanode-0/data/ratis/34bef81e-1e14-4f2d-8ce9-54fc743a9b46/in_use.lock acquired by nodename 12895@pr-hdds-2162-htzpk-1451759861
2019-09-26 16:27:45,780 [pool-87-thread-1] INFO  storage.RaftStorage (RaftStorage.java:format(72)) - Storage directory /workdir/hadoop-ozone/integration-test/target/test-dir/MiniOzoneClusterImpl-598ef3ce-e04c-4237-8ba0-cc477a09206f/datanode-6/data/ratis/34bef81e-1e14-4f2d-8ce9-54fc743a9b46 has been successfully formatted.
2019-09-26 16:27:45,780 [pool-67-thread-1] INFO  storage.RaftStorage (RaftStorage.java:format(72)) - Storage directory /workdir/hadoop-ozone/integration-test/target/test-dir/MiniOzoneClusterImpl-598ef3ce-e04c-4237-8ba0-cc477a09206f/datanode-4/data/ratis/34bef81e-1e14-4f2d-8ce9-54fc743a9b46 has been successfully formatted.
2019-09-26 16:27:45,781 [pool-87-thread-1] INFO  ratis.ContainerStateMachine (ContainerStateMachine.java:loadSnapshot(230)) - group-54FC743A9B46: The snapshot info is null. Setting the last applied indexto:(t:0, i:~)
2019-09-26 16:27:45,780 [pool-27-thread-1] INFO  storage.RaftStorage (RaftStorage.java:format(72)) - Storage directory /workdir/hadoop-ozone/integration-test/target/test-dir/MiniOzoneClusterImpl-598ef3ce-e04c-4237-8ba0-cc477a09206f/datanode-0/data/ratis/34bef81e-1e14-4f2d-8ce9-54fc743a9b46 has been successfully formatted.
2019-09-26 16:27:45,781 [pool-67-thread-1] INFO  ratis.ContainerStateMachine (ContainerStateMachine.java:loadSnapshot(230)) - group-54FC743A9B46: The snapshot info is null. Setting the last applied indexto:(t:0, i:~)
2019-09-26 16:27:45,781 [pool-87-thread-1] INFO  server.RaftServerConfigKeys (ConfUtils.java:logGet(43)) - raft.server.notification.no-leader.timeout = 120s (custom)
2019-09-26 16:27:45,781 [pool-67-thread-1] INFO  server.RaftServerConfigKeys (ConfUtils.java:logGet(43)) - raft.server.notification.no-leader.timeout = 120s (custom)
2019-09-26 16:27:45,781 [pool-27-thread-1] INFO  ratis.ContainerStateMachine (ContainerStateMachine.java:loadSnapshot(230)) - group-54FC743A9B46: The snapshot info is null. Setting the last applied indexto:(t:0, i:~)
2019-09-26 16:27:45,781 [pool-67-thread-1] INFO  server.RaftServerConfigKeys (ConfUtils.java:logGet(43)) - raft.server.log.use.memory = false (default)
2019-09-26 16:27:45,781 [pool-87-thread-1] INFO  server.RaftServerConfigKeys (ConfUtils.java:logGet(43)) - raft.server.log.use.memory = false (default)
2019-09-26 16:27:45,782 [pool-67-thread-1] INFO  server.RaftServerConfigKeys (ConfUtils.java:logGet(43)) - raft.server.log.purge.gap = 1000000 (custom)
2019-09-26 16:27:45,781 [pool-27-thread-1] INFO  server.RaftServerConfigKeys (ConfUtils.java:logGet(43)) - raft.server.notification.no-leader.timeout = 120s (custom)
2019-09-26 16:27:45,782 [pool-67-thread-1] INFO  server.RaftServerConfigKeys (ConfUtils.java:logGet(43)) - raft.server.log.appender.buffer.byte-limit = 33554432 (custom)
2019-09-26 16:27:45,782 [pool-87-thread-1] INFO  server.RaftServerConfigKeys (ConfUtils.java:logGet(43)) - raft.server.log.purge.gap = 1000000 (custom)
2019-09-26 16:27:45,782 [pool-67-thread-1] INFO  server.RaftServerConfigKeys (ConfUtils.java:logGet(43)) - raft.server.log.segment.size.max = 1048576 (custom)
2019-09-26 16:27:45,782 [pool-27-thread-1] INFO  server.RaftServerConfigKeys (ConfUtils.java:logGet(43)) - raft.server.log.use.memory = false (default)
2019-09-26 16:27:45,782 [pool-67-thread-1] INFO  server.RaftServerConfigKeys (ConfUtils.java:logGet(43)) - raft.server.log.segment.cache.num.max = 2 (custom)
2019-09-26 16:27:45,782 [pool-87-thread-1] INFO  server.RaftServerConfigKeys (ConfUtils.java:logGet(43)) - raft.server.log.appender.buffer.byte-limit = 33554432 (custom)
2019-09-26 16:27:45,783 [pool-67-thread-1] INFO  segmented.SegmentedRaftLogWorker (SegmentedRaftLogWorker.java:<init>(172)) - new 923128ae-3131-46de-9810-c19589cb32d9@group-54FC743A9B46-SegmentedRaftLogWorker for RaftStorage:Storage Directory /workdir/hadoop-ozone/integration-test/target/test-dir/MiniOzoneClusterImpl-598ef3ce-e04c-4237-8ba0-cc477a09206f/datanode-4/data/ratis/34bef81e-1e14-4f2d-8ce9-54fc743a9b46
2019-09-26 16:27:45,782 [pool-27-thread-1] INFO  server.RaftServerConfigKeys (ConfUtils.java:logGet(43)) - raft.server.log.purge.gap = 1000000 (custom)
2019-09-26 16:27:45,783 [pool-67-thread-1] INFO  server.RaftServerConfigKeys (ConfUtils.java:logGet(43)) - raft.server.log.queue.byte-limit = 2147483647 (custom)
2019-09-26 16:27:45,783 [pool-87-thread-1] INFO  server.RaftServerConfigKeys (ConfUtils.java:logGet(43)) - raft.server.log.segment.size.max = 1048576 (custom)
2019-09-26 16:27:45,783 [pool-67-thread-1] INFO  server.RaftServerConfigKeys (ConfUtils.java:logGet(43)) - raft.server.log.queue.element-limit = 1024 (custom)
2019-09-26 16:27:45,783 [pool-27-thread-1] INFO  server.RaftServerConfigKeys (ConfUtils.java:logGet(43)) - raft.server.log.appender.buffer.byte-limit = 33554432 (custom)
2019-09-26 16:27:45,784 [pool-67-thread-1] INFO  server.RaftServerConfigKeys (ConfUtils.java:logGet(43)) - raft.server.log.segment.size.max = 1048576 (custom)
2019-09-26 16:27:45,783 [pool-87-thread-1] INFO  server.RaftServerConfigKeys (ConfUtils.java:logGet(43)) - raft.server.log.segment.cache.num.max = 2 (custom)
2019-09-26 16:27:45,784 [pool-67-thread-1] INFO  server.RaftServerConfigKeys (ConfUtils.java:logGet(43)) - raft.server.log.preallocated.size = 16384 (custom)
2019-09-26 16:27:45,784 [pool-27-thread-1] INFO  server.RaftServerConfigKeys (ConfUtils.java:logGet(43)) - raft.server.log.segment.size.max = 1048576 (custom)
2019-09-26 16:27:45,784 [pool-67-thread-1] INFO  server.RaftServerConfigKeys (ConfUtils.java:logGet(43)) - raft.server.log.write.buffer.size = 33554432 (custom)
2019-09-26 16:27:45,784 [pool-87-thread-1] INFO  segmented.SegmentedRaftLogWorker (SegmentedRaftLogWorker.java:<init>(172)) - new 7ae1d8e0-c3cd-44e1-b67c-818b78fc249c@group-54FC743A9B46-SegmentedRaftLogWorker for RaftStorage:Storage Directory /workdir/hadoop-ozone/integration-test/target/test-dir/MiniOzoneClusterImpl-598ef3ce-e04c-4237-8ba0-cc477a09206f/datanode-6/data/ratis/34bef81e-1e14-4f2d-8ce9-54fc743a9b46
2019-09-26 16:27:45,785 [pool-67-thread-1] INFO  server.RaftServerConfigKeys (ConfUtils.java:logGet(43)) - raft.server.log.force.sync.num = 128 (default)
2019-09-26 16:27:45,784 [pool-27-thread-1] INFO  server.RaftServerConfigKeys (ConfUtils.java:logGet(43)) - raft.server.log.segment.cache.num.max = 2 (custom)
2019-09-26 16:27:45,785 [pool-67-thread-1] INFO  server.RaftServerConfigKeys (ConfUtils.java:logGet(43)) - raft.server.log.statemachine.data.sync = true (default)
2019-09-26 16:27:45,785 [pool-87-thread-1] INFO  server.RaftServerConfigKeys (ConfUtils.java:logGet(43)) - raft.server.log.queue.byte-limit = 2147483647 (custom)
2019-09-26 16:27:45,785 [pool-67-thread-1] INFO  server.RaftServerConfigKeys (ConfUtils.java:logGet(43)) - raft.server.log.statemachine.data.sync.timeout = 10s (default)
2019-09-26 16:27:45,785 [pool-27-thread-1] INFO  segmented.SegmentedRaftLogWorker (SegmentedRaftLogWorker.java:<init>(172)) - new f41b9329-29f6-4fb4-8de9-d292d9a8a636@group-54FC743A9B46-SegmentedRaftLogWorker for RaftStorage:Storage Directory /workdir/hadoop-ozone/integration-test/target/test-dir/MiniOzoneClusterImpl-598ef3ce-e04c-4237-8ba0-cc477a09206f/datanode-0/data/ratis/34bef81e-1e14-4f2d-8ce9-54fc743a9b46
2019-09-26 16:27:45,786 [pool-67-thread-1] INFO  server.RaftServerConfigKeys (ConfUtils.java:logGet(43)) - raft.server.log.statemachine.data.sync.timeout.retry = -1 (default)
2019-09-26 16:27:45,785 [pool-87-thread-1] INFO  server.RaftServerConfigKeys (ConfUtils.java:logGet(43)) - raft.server.log.queue.element-limit = 1024 (custom)
2019-09-26 16:27:45,786 [pool-27-thread-1] INFO  server.RaftServerConfigKeys (ConfUtils.java:logGet(43)) - raft.server.log.queue.byte-limit = 2147483647 (custom)
2019-09-26 16:27:45,786 [pool-67-thread-1] INFO  server.RaftServerConfigKeys (ConfUtils.java:logGet(43)) - raft.server.log.statemachine.data.caching.enabled = true (custom)
2019-09-26 16:27:45,786 [pool-87-thread-1] INFO  server.RaftServerConfigKeys (ConfUtils.java:logGet(43)) - raft.server.log.segment.size.max = 1048576 (custom)
2019-09-26 16:27:45,786 [pool-27-thread-1] INFO  server.RaftServerConfigKeys (ConfUtils.java:logGet(43)) - raft.server.log.queue.element-limit = 1024 (custom)
2019-09-26 16:27:45,786 [pool-67-thread-1] INFO  segmented.SegmentedRaftLogWorker (SegmentedRaftLogWorker.java:lambda$new$0(132)) - 923128ae-3131-46de-9810-c19589cb32d9@group-54FC743A9B46-SegmentedRaftLogWorker: flushIndex: setUnconditionally 0 -> -1
2019-09-26 16:27:45,786 [pool-87-thread-1] INFO  server.RaftServerConfigKeys (ConfUtils.java:logGet(43)) - raft.server.log.preallocated.size = 16384 (custom)
2019-09-26 16:27:45,787 [pool-27-thread-1] INFO  server.RaftServerConfigKeys (ConfUtils.java:logGet(43)) - raft.server.log.segment.size.max = 1048576 (custom)
2019-09-26 16:27:45,787 [pool-67-thread-1] INFO  server.RaftServerConfigKeys (ConfUtils.java:logGet(43)) - raft.server.snapshot.auto.trigger.enabled = true (custom)
2019-09-26 16:27:45,787 [pool-87-thread-1] INFO  server.RaftServerConfigKeys (ConfUtils.java:logGet(43)) - raft.server.log.write.buffer.size = 33554432 (custom)
2019-09-26 16:27:45,787 [pool-67-thread-1] INFO  server.RaftServerConfigKeys (ConfUtils.java:logGet(43)) - raft.server.snapshot.auto.trigger.threshold = 10000 (custom)
2019-09-26 16:27:45,787 [pool-27-thread-1] INFO  server.RaftServerConfigKeys (ConfUtils.java:logGet(43)) - raft.server.log.preallocated.size = 16384 (custom)
2019-09-26 16:27:45,787 [pool-67-thread-1] INFO  server.RaftServerConfigKeys (ConfUtils.java:logGet(43)) - raft.server.snapshot.retention.num.files = 5 (custom)
2019-09-26 16:27:45,787 [pool-87-thread-1] INFO  server.RaftServerConfigKeys (ConfUtils.java:logGet(43)) - raft.server.log.force.sync.num = 128 (default)
2019-09-26 16:27:45,788 [pool-67-thread-1] INFO  server.RaftServerConfigKeys (ConfUtils.java:logGet(43)) - raft.server.retrycache.expirytime = 600000ms (custom)
2019-09-26 16:27:45,788 [pool-27-thread-1] INFO  server.RaftServerConfigKeys (ConfUtils.java:logGet(43)) - raft.server.log.write.buffer.size = 33554432 (custom)
2019-09-26 16:27:45,788 [pool-87-thread-1] INFO  server.RaftServerConfigKeys (ConfUtils.java:logGet(43)) - raft.server.log.statemachine.data.sync = true (default)
2019-09-26 16:27:45,788 [pool-27-thread-1] INFO  server.RaftServerConfigKeys (ConfUtils.java:logGet(43)) - raft.server.log.force.sync.num = 128 (default)
2019-09-26 16:27:45,788 [pool-87-thread-1] INFO  server.RaftServerConfigKeys (ConfUtils.java:logGet(43)) - raft.server.log.statemachine.data.sync.timeout = 10s (default)
2019-09-26 16:27:45,788 [pool-27-thread-1] INFO  server.RaftServerConfigKeys (ConfUtils.java:logGet(43)) - raft.server.log.statemachine.data.sync = true (default)
2019-09-26 16:27:45,788 [pool-87-thread-1] INFO  server.RaftServerConfigKeys (ConfUtils.java:logGet(43)) - raft.server.log.statemachine.data.sync.timeout.retry = -1 (default)
2019-09-26 16:27:45,788 [pool-27-thread-1] INFO  server.RaftServerConfigKeys (ConfUtils.java:logGet(43)) - raft.server.log.statemachine.data.sync.timeout = 10s (default)
2019-09-26 16:27:45,789 [pool-87-thread-1] INFO  server.RaftServerConfigKeys (ConfUtils.java:logGet(43)) - raft.server.log.statemachine.data.caching.enabled = true (custom)
2019-09-26 16:27:45,789 [pool-27-thread-1] INFO  server.RaftServerConfigKeys (ConfUtils.java:logGet(43)) - raft.server.log.statemachine.data.sync.timeout.retry = -1 (default)
2019-09-26 16:27:45,789 [pool-87-thread-1] INFO  segmented.SegmentedRaftLogWorker (SegmentedRaftLogWorker.java:lambda$new$0(132)) - 7ae1d8e0-c3cd-44e1-b67c-818b78fc249c@group-54FC743A9B46-SegmentedRaftLogWorker: flushIndex: setUnconditionally 0 -> -1
2019-09-26 16:27:45,789 [pool-27-thread-1] INFO  server.RaftServerConfigKeys (ConfUtils.java:logGet(43)) - raft.server.log.statemachine.data.caching.enabled = true (custom)
2019-09-26 16:27:45,789 [pool-87-thread-1] INFO  server.RaftServerConfigKeys (ConfUtils.java:logGet(43)) - raft.server.snapshot.auto.trigger.enabled = true (custom)
2019-09-26 16:27:45,789 [pool-87-thread-1] INFO  server.RaftServerConfigKeys (ConfUtils.java:logGet(43)) - raft.server.snapshot.auto.trigger.threshold = 10000 (custom)
2019-09-26 16:27:45,789 [pool-87-thread-1] INFO  server.RaftServerConfigKeys (ConfUtils.java:logGet(43)) - raft.server.snapshot.retention.num.files = 5 (custom)
2019-09-26 16:27:45,790 [pool-27-thread-1] INFO  segmented.SegmentedRaftLogWorker (SegmentedRaftLogWorker.java:lambda$new$0(132)) - f41b9329-29f6-4fb4-8de9-d292d9a8a636@group-54FC743A9B46-SegmentedRaftLogWorker: flushIndex: setUnconditionally 0 -> -1
2019-09-26 16:27:45,790 [pool-87-thread-1] INFO  server.RaftServerConfigKeys (ConfUtils.java:logGet(43)) - raft.server.retrycache.expirytime = 600000ms (custom)
2019-09-26 16:27:45,790 [pool-27-thread-1] INFO  server.RaftServerConfigKeys (ConfUtils.java:logGet(43)) - raft.server.snapshot.auto.trigger.enabled = true (custom)
2019-09-26 16:27:45,790 [pool-67-thread-1] INFO  impl.RaftServerImpl (RaftServerImpl.java:start(185)) - 923128ae-3131-46de-9810-c19589cb32d9@group-54FC743A9B46: start as a follower, conf=-1: [7ae1d8e0-c3cd-44e1-b67c-818b78fc249c:192.168.157.234:39343, f41b9329-29f6-4fb4-8de9-d292d9a8a636:192.168.157.234:44465, 923128ae-3131-46de-9810-c19589cb32d9:192.168.157.234:34411], old=null
2019-09-26 16:27:45,790 [pool-27-thread-1] INFO  server.RaftServerConfigKeys (ConfUtils.java:logGet(43)) - raft.server.snapshot.auto.trigger.threshold = 10000 (custom)
2019-09-26 16:27:45,790 [pool-67-thread-1] INFO  impl.RaftServerImpl (RaftServerImpl.java:setRole(174)) - 923128ae-3131-46de-9810-c19589cb32d9@group-54FC743A9B46: changes role from      null to FOLLOWER at term 0 for startAsFollower
2019-09-26 16:27:45,790 [pool-27-thread-1] INFO  server.RaftServerConfigKeys (ConfUtils.java:logGet(43)) - raft.server.snapshot.retention.num.files = 5 (custom)
2019-09-26 16:27:45,791 [pool-67-thread-1] INFO  impl.RoleInfo (RoleInfo.java:updateAndGet(143)) - 923128ae-3131-46de-9810-c19589cb32d9: start FollowerState
2019-09-26 16:27:45,791 [pool-27-thread-1] INFO  server.RaftServerConfigKeys (ConfUtils.java:logGet(43)) - raft.server.retrycache.expirytime = 600000ms (custom)
2019-09-26 16:27:45,791 [pool-67-thread-1] INFO  util.JmxRegister (JmxRegister.java:tryRegister(44)) - Successfully registered JMX Bean with object name Ratis:service=RaftServer,group=group-54FC743A9B46,id=923128ae-3131-46de-9810-c19589cb32d9
2019-09-26 16:27:45,793 [pool-87-thread-1] INFO  impl.RaftServerImpl (RaftServerImpl.java:start(185)) - 7ae1d8e0-c3cd-44e1-b67c-818b78fc249c@group-54FC743A9B46: start as a follower, conf=-1: [7ae1d8e0-c3cd-44e1-b67c-818b78fc249c:192.168.157.234:39343, f41b9329-29f6-4fb4-8de9-d292d9a8a636:192.168.157.234:44465, 923128ae-3131-46de-9810-c19589cb32d9:192.168.157.234:34411], old=null
2019-09-26 16:27:45,793 [pool-87-thread-1] INFO  impl.RaftServerImpl (RaftServerImpl.java:setRole(174)) - 7ae1d8e0-c3cd-44e1-b67c-818b78fc249c@group-54FC743A9B46: changes role from      null to FOLLOWER at term 0 for startAsFollower
2019-09-26 16:27:45,793 [pool-87-thread-1] INFO  impl.RoleInfo (RoleInfo.java:updateAndGet(143)) - 7ae1d8e0-c3cd-44e1-b67c-818b78fc249c: start FollowerState
2019-09-26 16:27:45,795 [pool-87-thread-1] INFO  util.JmxRegister (JmxRegister.java:tryRegister(44)) - Successfully registered JMX Bean with object name Ratis:service=RaftServer,group=group-54FC743A9B46,id=7ae1d8e0-c3cd-44e1-b67c-818b78fc249c
2019-09-26 16:27:45,798 [pool-27-thread-1] INFO  impl.RaftServerImpl (RaftServerImpl.java:start(185)) - f41b9329-29f6-4fb4-8de9-d292d9a8a636@group-54FC743A9B46: start as a follower, conf=-1: [7ae1d8e0-c3cd-44e1-b67c-818b78fc249c:192.168.157.234:39343, f41b9329-29f6-4fb4-8de9-d292d9a8a636:192.168.157.234:44465, 923128ae-3131-46de-9810-c19589cb32d9:192.168.157.234:34411], old=null
2019-09-26 16:27:45,799 [pool-27-thread-1] INFO  impl.RaftServerImpl (RaftServerImpl.java:setRole(174)) - f41b9329-29f6-4fb4-8de9-d292d9a8a636@group-54FC743A9B46: changes role from      null to FOLLOWER at term 0 for startAsFollower
2019-09-26 16:27:45,799 [pool-27-thread-1] INFO  impl.RoleInfo (RoleInfo.java:updateAndGet(143)) - f41b9329-29f6-4fb4-8de9-d292d9a8a636: start FollowerState
2019-09-26 16:27:45,800 [pool-27-thread-1] INFO  util.JmxRegister (JmxRegister.java:tryRegister(44)) - Successfully registered JMX Bean with object name Ratis:service=RaftServer,group=group-54FC743A9B46,id=f41b9329-29f6-4fb4-8de9-d292d9a8a636
2019-09-26 16:27:45,816 [RatisPipelineUtilsThread] INFO  pipeline.PipelineStateManager (PipelineStateManager.java:addPipeline(56)) - Created pipeline Pipeline[ Id: 34bef81e-1e14-4f2d-8ce9-54fc743a9b46, Nodes: f41b9329-29f6-4fb4-8de9-d292d9a8a636{ip: 192.168.157.234, host: pr-hdds-2162-htzpk-1451759861, networkLocation: /default-rack, certSerialId: null}923128ae-3131-46de-9810-c19589cb32d9{ip: 192.168.157.234, host: pr-hdds-2162-htzpk-1451759861, networkLocation: /default-rack, certSerialId: null}7ae1d8e0-c3cd-44e1-b67c-818b78fc249c{ip: 192.168.157.234, host: pr-hdds-2162-htzpk-1451759861, networkLocation: /default-rack, certSerialId: null}, Type:RATIS, Factor:THREE, State:OPEN]
2019-09-26 16:27:46,776 [main] INFO  ipc.Client (Client.java:handleConnectionFailure(948)) - Retrying connect to server: localhost/127.0.0.1:0. Already tried 0 time(s); retry policy is RetryUpToMaximumCountWithFixedSleep(maxRetries=10, sleepTime=1000 MILLISECONDS)
2019-09-26 16:27:47,011 [Thread-238] INFO  container.ReplicationManager (ReplicationManager.java:start(162)) - Starting Replication Monitor Thread.
2019-09-26 16:27:47,017 [ReplicationMonitor] INFO  container.ReplicationManager (ReplicationManager.java:run(225)) - Replication Monitor Thread took 1 milliseconds for processing 0 containers.
2019-09-26 16:27:47,777 [main] INFO  ipc.Client (Client.java:handleConnectionFailure(948)) - Retrying connect to server: localhost/127.0.0.1:0. Already tried 1 time(s); retry policy is RetryUpToMaximumCountWithFixedSleep(maxRetries=10, sleepTime=1000 MILLISECONDS)
2019-09-26 16:27:48,778 [main] INFO  ipc.Client (Client.java:handleConnectionFailure(948)) - Retrying connect to server: localhost/127.0.0.1:0. Already tried 2 time(s); retry policy is RetryUpToMaximumCountWithFixedSleep(maxRetries=10, sleepTime=1000 MILLISECONDS)
2019-09-26 16:27:49,780 [main] INFO  ipc.Client (Client.java:handleConnectionFailure(948)) - Retrying connect to server: localhost/127.0.0.1:0. Already tried 3 time(s); retry policy is RetryUpToMaximumCountWithFixedSleep(maxRetries=10, sleepTime=1000 MILLISECONDS)
2019-09-26 16:27:49,935 [Thread-240] INFO  impl.FollowerState (FollowerState.java:run(106)) - f41b9329-29f6-4fb4-8de9-d292d9a8a636:group-9E2E9997F620 changes to CANDIDATE, lastRpcTime:5109, electionTimeout:5108ms
2019-09-26 16:27:49,938 [Thread-240] INFO  impl.RoleInfo (RoleInfo.java:shutdownFollowerState(121)) - f41b9329-29f6-4fb4-8de9-d292d9a8a636: shutdown FollowerState
2019-09-26 16:27:49,938 [Thread-240] INFO  impl.RaftServerImpl (RaftServerImpl.java:setRole(174)) - f41b9329-29f6-4fb4-8de9-d292d9a8a636@group-9E2E9997F620: changes role from  FOLLOWER to CANDIDATE at term 0 for changeToCandidate
2019-09-26 16:27:49,948 [Thread-240] INFO  impl.RoleInfo (RoleInfo.java:updateAndGet(143)) - f41b9329-29f6-4fb4-8de9-d292d9a8a636: start LeaderElection
2019-09-26 16:27:49,968 [f41b9329-29f6-4fb4-8de9-d292d9a8a636@group-9E2E9997F620:LeaderElection1] INFO  impl.LeaderElection (LeaderElection.java:askForVotes(182)) - f41b9329-29f6-4fb4-8de9-d292d9a8a636@group-9E2E9997F620:LeaderElection1: begin an election at term 1 for -1: [f41b9329-29f6-4fb4-8de9-d292d9a8a636:192.168.157.234:44465], old=null
2019-09-26 16:27:49,970 [f41b9329-29f6-4fb4-8de9-d292d9a8a636@group-9E2E9997F620:LeaderElection1] INFO  impl.RoleInfo (RoleInfo.java:shutdownLeaderElection(134)) - f41b9329-29f6-4fb4-8de9-d292d9a8a636: shutdown LeaderElection
2019-09-26 16:27:49,970 [f41b9329-29f6-4fb4-8de9-d292d9a8a636@group-9E2E9997F620:LeaderElection1] INFO  impl.RaftServerImpl (RaftServerImpl.java:setRole(174)) - f41b9329-29f6-4fb4-8de9-d292d9a8a636@group-9E2E9997F620: changes role from CANDIDATE to LEADER at term 1 for changeToLeader
2019-09-26 16:27:49,970 [f41b9329-29f6-4fb4-8de9-d292d9a8a636@group-9E2E9997F620:LeaderElection1] INFO  impl.RaftServerImpl (ServerState.java:setLeader(253)) - f41b9329-29f6-4fb4-8de9-d292d9a8a636@group-9E2E9997F620: change Leader from null to f41b9329-29f6-4fb4-8de9-d292d9a8a636 at term 1 for becomeLeader, leader elected after 5257ms
2019-09-26 16:27:49,978 [f41b9329-29f6-4fb4-8de9-d292d9a8a636@group-9E2E9997F620:LeaderElection1] INFO  server.RaftServerConfigKeys (ConfUtils.java:logGet(43)) - raft.server.staging.catchup.gap = 1000 (default)
2019-09-26 16:27:49,979 [f41b9329-29f6-4fb4-8de9-d292d9a8a636@group-9E2E9997F620:LeaderElection1] INFO  server.RaftServerConfigKeys (ConfUtils.java:logGet(43)) - raft.server.rpc.sleep.time = 25ms (default)
2019-09-26 16:27:49,982 [f41b9329-29f6-4fb4-8de9-d292d9a8a636@group-9E2E9997F620:LeaderElection1] INFO  server.RaftServerConfigKeys (ConfUtils.java:logGet(43)) - raft.server.write.element-limit = 4096 (default)
2019-09-26 16:27:49,984 [f41b9329-29f6-4fb4-8de9-d292d9a8a636@group-9E2E9997F620:LeaderElection1] INFO  server.RaftServerConfigKeys (ConfUtils.java:logGet(43)) - raft.server.watch.timeout = 10s (default)
2019-09-26 16:27:49,984 [f41b9329-29f6-4fb4-8de9-d292d9a8a636@group-9E2E9997F620:LeaderElection1] INFO  server.RaftServerConfigKeys (ConfUtils.java:logGet(43)) - raft.server.watch.timeout.denomination = 1s (default)
2019-09-26 16:27:49,986 [f41b9329-29f6-4fb4-8de9-d292d9a8a636@group-9E2E9997F620:LeaderElection1] INFO  server.RaftServerConfigKeys (ConfUtils.java:logGet(43)) - raft.server.watch.element-limit = 65536 (default)
2019-09-26 16:27:50,001 [f41b9329-29f6-4fb4-8de9-d292d9a8a636@group-9E2E9997F620:LeaderElection1] INFO  impl.RoleInfo (RoleInfo.java:updateAndGet(143)) - f41b9329-29f6-4fb4-8de9-d292d9a8a636: start LeaderState
2019-09-26 16:27:50,031 [f41b9329-29f6-4fb4-8de9-d292d9a8a636@group-9E2E9997F620:LeaderElection1] INFO  segmented.SegmentedRaftLogWorker (SegmentedRaftLogWorker.java:startLogSegment(380)) - f41b9329-29f6-4fb4-8de9-d292d9a8a636@group-9E2E9997F620-SegmentedRaftLogWorker: Starting segment from index:0
2019-09-26 16:27:50,041 [f41b9329-29f6-4fb4-8de9-d292d9a8a636@group-9E2E9997F620:LeaderElection1] INFO  impl.RaftServerImpl (ServerState.java:setRaftConf(354)) - f41b9329-29f6-4fb4-8de9-d292d9a8a636@group-9E2E9997F620: set configuration 0: [f41b9329-29f6-4fb4-8de9-d292d9a8a636:192.168.157.234:44465], old=null at 0
2019-09-26 16:27:50,111 [Thread-243] INFO  impl.FollowerState (FollowerState.java:run(106)) - 6ad4b93a-b4cf-4be6-9fd2-9d62088a494c:group-E8F107E9C3DC changes to CANDIDATE, lastRpcTime:5062, electionTimeout:5058ms
2019-09-26 16:27:50,122 [Thread-243] INFO  impl.RoleInfo (RoleInfo.java:shutdownFollowerState(121)) - 6ad4b93a-b4cf-4be6-9fd2-9d62088a494c: shutdown FollowerState
2019-09-26 16:27:50,122 [Thread-243] INFO  impl.RaftServerImpl (RaftServerImpl.java:setRole(174)) - 6ad4b93a-b4cf-4be6-9fd2-9d62088a494c@group-E8F107E9C3DC: changes role from  FOLLOWER to CANDIDATE at term 0 for changeToCandidate
2019-09-26 16:27:50,122 [Thread-243] INFO  impl.RoleInfo (RoleInfo.java:updateAndGet(143)) - 6ad4b93a-b4cf-4be6-9fd2-9d62088a494c: start LeaderElection
2019-09-26 16:27:50,152 [6ad4b93a-b4cf-4be6-9fd2-9d62088a494c@group-E8F107E9C3DC:LeaderElection2] INFO  impl.LeaderElection (LeaderElection.java:askForVotes(182)) - 6ad4b93a-b4cf-4be6-9fd2-9d62088a494c@group-E8F107E9C3DC:LeaderElection2: begin an election at term 1 for -1: [6ad4b93a-b4cf-4be6-9fd2-9d62088a494c:192.168.157.234:38689], old=null
2019-09-26 16:27:50,152 [6ad4b93a-b4cf-4be6-9fd2-9d62088a494c@group-E8F107E9C3DC:LeaderElection2] INFO  impl.RoleInfo (RoleInfo.java:shutdownLeaderElection(134)) - 6ad4b93a-b4cf-4be6-9fd2-9d62088a494c: shutdown LeaderElection
2019-09-26 16:27:50,152 [6ad4b93a-b4cf-4be6-9fd2-9d62088a494c@group-E8F107E9C3DC:LeaderElection2] INFO  impl.RaftServerImpl (RaftServerImpl.java:setRole(174)) - 6ad4b93a-b4cf-4be6-9fd2-9d62088a494c@group-E8F107E9C3DC: changes role from CANDIDATE to LEADER at term 1 for changeToLeader
2019-09-26 16:27:50,152 [6ad4b93a-b4cf-4be6-9fd2-9d62088a494c@group-E8F107E9C3DC:LeaderElection2] INFO  impl.RaftServerImpl (ServerState.java:setLeader(253)) - 6ad4b93a-b4cf-4be6-9fd2-9d62088a494c@group-E8F107E9C3DC: change Leader from null to 6ad4b93a-b4cf-4be6-9fd2-9d62088a494c at term 1 for becomeLeader, leader elected after 5124ms
2019-09-26 16:27:50,154 [6ad4b93a-b4cf-4be6-9fd2-9d62088a494c@group-E8F107E9C3DC:LeaderElection2] INFO  server.RaftServerConfigKeys (ConfUtils.java:logGet(43)) - raft.server.staging.catchup.gap = 1000 (default)
2019-09-26 16:27:50,155 [6ad4b93a-b4cf-4be6-9fd2-9d62088a494c@group-E8F107E9C3DC:LeaderElection2] INFO  server.RaftServerConfigKeys (ConfUtils.java:logGet(43)) - raft.server.rpc.sleep.time = 25ms (default)
2019-09-26 16:27:50,155 [6ad4b93a-b4cf-4be6-9fd2-9d62088a494c@group-E8F107E9C3DC:LeaderElection2] INFO  server.RaftServerConfigKeys (ConfUtils.java:logGet(43)) - raft.server.write.element-limit = 4096 (default)
2019-09-26 16:27:50,155 [6ad4b93a-b4cf-4be6-9fd2-9d62088a494c@group-E8F107E9C3DC:LeaderElection2] INFO  server.RaftServerConfigKeys (ConfUtils.java:logGet(43)) - raft.server.watch.timeout = 10s (default)
2019-09-26 16:27:50,155 [6ad4b93a-b4cf-4be6-9fd2-9d62088a494c@group-E8F107E9C3DC:LeaderElection2] INFO  server.RaftServerConfigKeys (ConfUtils.java:logGet(43)) - raft.server.watch.timeout.denomination = 1s (default)
2019-09-26 16:27:50,155 [6ad4b93a-b4cf-4be6-9fd2-9d62088a494c@group-E8F107E9C3DC:LeaderElection2] INFO  server.RaftServerConfigKeys (ConfUtils.java:logGet(43)) - raft.server.watch.element-limit = 65536 (default)
2019-09-26 16:27:50,158 [6ad4b93a-b4cf-4be6-9fd2-9d62088a494c@group-E8F107E9C3DC:LeaderElection2] INFO  impl.RoleInfo (RoleInfo.java:updateAndGet(143)) - 6ad4b93a-b4cf-4be6-9fd2-9d62088a494c: start LeaderState
2019-09-26 16:27:50,159 [6ad4b93a-b4cf-4be6-9fd2-9d62088a494c@group-E8F107E9C3DC:LeaderElection2] INFO  segmented.SegmentedRaftLogWorker (SegmentedRaftLogWorker.java:startLogSegment(380)) - 6ad4b93a-b4cf-4be6-9fd2-9d62088a494c@group-E8F107E9C3DC-SegmentedRaftLogWorker: Starting segment from index:0
2019-09-26 16:27:50,159 [6ad4b93a-b4cf-4be6-9fd2-9d62088a494c@group-E8F107E9C3DC:LeaderElection2] INFO  impl.RaftServerImpl (ServerState.java:setRaftConf(354)) - 6ad4b93a-b4cf-4be6-9fd2-9d62088a494c@group-E8F107E9C3DC: set configuration 0: [6ad4b93a-b4cf-4be6-9fd2-9d62088a494c:192.168.157.234:38689], old=null at 0
2019-09-26 16:27:50,212 [6ad4b93a-b4cf-4be6-9fd2-9d62088a494c@group-E8F107E9C3DC-SegmentedRaftLogWorker] INFO  segmented.SegmentedRaftLogWorker (SegmentedRaftLogWorker.java:execute(569)) - 6ad4b93a-b4cf-4be6-9fd2-9d62088a494c@group-E8F107E9C3DC-SegmentedRaftLogWorker: created new log segment /workdir/hadoop-ozone/integration-test/target/test-dir/MiniOzoneClusterImpl-598ef3ce-e04c-4237-8ba0-cc477a09206f/datanode-5/data/ratis/286eb71d-9b35-420e-bff0-e8f107e9c3dc/current/log_inprogress_0
2019-09-26 16:27:50,212 [f41b9329-29f6-4fb4-8de9-d292d9a8a636@group-9E2E9997F620-SegmentedRaftLogWorker] INFO  segmented.SegmentedRaftLogWorker (SegmentedRaftLogWorker.java:execute(569)) - f41b9329-29f6-4fb4-8de9-d292d9a8a636@group-9E2E9997F620-SegmentedRaftLogWorker: created new log segment /workdir/hadoop-ozone/integration-test/target/test-dir/MiniOzoneClusterImpl-598ef3ce-e04c-4237-8ba0-cc477a09206f/datanode-0/data/ratis/e58f0dc2-62ee-4bda-bed0-9e2e9997f620/current/log_inprogress_0
2019-09-26 16:27:50,405 [Thread-246] INFO  impl.FollowerState (FollowerState.java:run(106)) - 544e4564-cff2-4854-aa86-9068d953c0c3:group-5753AE72AAA1 changes to CANDIDATE, lastRpcTime:5185, electionTimeout:5185ms
2019-09-26 16:27:50,408 [Thread-246] INFO  impl.RoleInfo (RoleInfo.java:shutdownFollowerState(121)) - 544e4564-cff2-4854-aa86-9068d953c0c3: shutdown FollowerState
2019-09-26 16:27:50,408 [Thread-246] INFO  impl.RaftServerImpl (RaftServerImpl.java:setRole(174)) - 544e4564-cff2-4854-aa86-9068d953c0c3@group-5753AE72AAA1: changes role from  FOLLOWER to CANDIDATE at term 0 for changeToCandidate
2019-09-26 16:27:50,409 [Thread-246] INFO  impl.RoleInfo (RoleInfo.java:updateAndGet(143)) - 544e4564-cff2-4854-aa86-9068d953c0c3: start LeaderElection
2019-09-26 16:27:50,413 [Thread-249] INFO  impl.FollowerState (FollowerState.java:run(106)) - 79ffe903-3fc0-40a8-8acf-aa2d12154a51:group-6439C2230DD6 changes to CANDIDATE, lastRpcTime:5096, electionTimeout:5096ms
2019-09-26 16:27:50,413 [Thread-249] INFO  impl.RoleInfo (RoleInfo.java:shutdownFollowerState(121)) - 79ffe903-3fc0-40a8-8acf-aa2d12154a51: shutdown FollowerState
2019-09-26 16:27:50,413 [Thread-249] INFO  impl.RaftServerImpl (RaftServerImpl.java:setRole(174)) - 79ffe903-3fc0-40a8-8acf-aa2d12154a51@group-6439C2230DD6: changes role from  FOLLOWER to CANDIDATE at term 0 for changeToCandidate
2019-09-26 16:27:50,413 [Thread-249] INFO  impl.RoleInfo (RoleInfo.java:updateAndGet(143)) - 79ffe903-3fc0-40a8-8acf-aa2d12154a51: start LeaderElection
2019-09-26 16:27:50,426 [79ffe903-3fc0-40a8-8acf-aa2d12154a51@group-6439C2230DD6:LeaderElection4] INFO  impl.LeaderElection (LeaderElection.java:askForVotes(182)) - 79ffe903-3fc0-40a8-8acf-aa2d12154a51@group-6439C2230DD6:LeaderElection4: begin an election at term 1 for -1: [79ffe903-3fc0-40a8-8acf-aa2d12154a51:192.168.157.234:38144], old=null
2019-09-26 16:27:50,426 [544e4564-cff2-4854-aa86-9068d953c0c3@group-5753AE72AAA1:LeaderElection3] INFO  impl.LeaderElection (LeaderElection.java:askForVotes(182)) - 544e4564-cff2-4854-aa86-9068d953c0c3@group-5753AE72AAA1:LeaderElection3: begin an election at term 1 for -1: [544e4564-cff2-4854-aa86-9068d953c0c3:192.168.157.234:41394], old=null
2019-09-26 16:27:50,427 [79ffe903-3fc0-40a8-8acf-aa2d12154a51@group-6439C2230DD6:LeaderElection4] INFO  impl.RoleInfo (RoleInfo.java:shutdownLeaderElection(134)) - 79ffe903-3fc0-40a8-8acf-aa2d12154a51: shutdown LeaderElection
2019-09-26 16:27:50,427 [544e4564-cff2-4854-aa86-9068d953c0c3@group-5753AE72AAA1:LeaderElection3] INFO  impl.RoleInfo (RoleInfo.java:shutdownLeaderElection(134)) - 544e4564-cff2-4854-aa86-9068d953c0c3: shutdown LeaderElection
2019-09-26 16:27:50,427 [79ffe903-3fc0-40a8-8acf-aa2d12154a51@group-6439C2230DD6:LeaderElection4] INFO  impl.RaftServerImpl (RaftServerImpl.java:setRole(174)) - 79ffe903-3fc0-40a8-8acf-aa2d12154a51@group-6439C2230DD6: changes role from CANDIDATE to LEADER at term 1 for changeToLeader
2019-09-26 16:27:50,427 [544e4564-cff2-4854-aa86-9068d953c0c3@group-5753AE72AAA1:LeaderElection3] INFO  impl.RaftServerImpl (RaftServerImpl.java:setRole(174)) - 544e4564-cff2-4854-aa86-9068d953c0c3@group-5753AE72AAA1: changes role from CANDIDATE to LEADER at term 1 for changeToLeader
2019-09-26 16:27:50,427 [79ffe903-3fc0-40a8-8acf-aa2d12154a51@group-6439C2230DD6:LeaderElection4] INFO  impl.RaftServerImpl (ServerState.java:setLeader(253)) - 79ffe903-3fc0-40a8-8acf-aa2d12154a51@group-6439C2230DD6: change Leader from null to 79ffe903-3fc0-40a8-8acf-aa2d12154a51 at term 1 for becomeLeader, leader elected after 5129ms
2019-09-26 16:27:50,428 [544e4564-cff2-4854-aa86-9068d953c0c3@group-5753AE72AAA1:LeaderElection3] INFO  impl.RaftServerImpl (ServerState.java:setLeader(253)) - 544e4564-cff2-4854-aa86-9068d953c0c3@group-5753AE72AAA1: change Leader from null to 544e4564-cff2-4854-aa86-9068d953c0c3 at term 1 for becomeLeader, leader elected after 5271ms
2019-09-26 16:27:50,429 [79ffe903-3fc0-40a8-8acf-aa2d12154a51@group-6439C2230DD6:LeaderElection4] INFO  server.RaftServerConfigKeys (ConfUtils.java:logGet(43)) - raft.server.staging.catchup.gap = 1000 (default)
2019-09-26 16:27:50,430 [544e4564-cff2-4854-aa86-9068d953c0c3@group-5753AE72AAA1:LeaderElection3] INFO  server.RaftServerConfigKeys (ConfUtils.java:logGet(43)) - raft.server.staging.catchup.gap = 1000 (default)
2019-09-26 16:27:50,430 [79ffe903-3fc0-40a8-8acf-aa2d12154a51@group-6439C2230DD6:LeaderElection4] INFO  server.RaftServerConfigKeys (ConfUtils.java:logGet(43)) - raft.server.rpc.sleep.time = 25ms (default)
2019-09-26 16:27:50,430 [544e4564-cff2-4854-aa86-9068d953c0c3@group-5753AE72AAA1:LeaderElection3] INFO  server.RaftServerConfigKeys (ConfUtils.java:logGet(43)) - raft.server.rpc.sleep.time = 25ms (default)
2019-09-26 16:27:50,431 [79ffe903-3fc0-40a8-8acf-aa2d12154a51@group-6439C2230DD6:LeaderElection4] INFO  server.RaftServerConfigKeys (ConfUtils.java:logGet(43)) - raft.server.write.element-limit = 4096 (default)
2019-09-26 16:27:50,431 [544e4564-cff2-4854-aa86-9068d953c0c3@group-5753AE72AAA1:LeaderElection3] INFO  server.RaftServerConfigKeys (ConfUtils.java:logGet(43)) - raft.server.write.element-limit = 4096 (default)
2019-09-26 16:27:50,431 [79ffe903-3fc0-40a8-8acf-aa2d12154a51@group-6439C2230DD6:LeaderElection4] INFO  server.RaftServerConfigKeys (ConfUtils.java:logGet(43)) - raft.server.watch.timeout = 10s (default)
2019-09-26 16:27:50,431 [544e4564-cff2-4854-aa86-9068d953c0c3@group-5753AE72AAA1:LeaderElection3] INFO  server.RaftServerConfigKeys (ConfUtils.java:logGet(43)) - raft.server.watch.timeout = 10s (default)
2019-09-26 16:27:50,431 [79ffe903-3fc0-40a8-8acf-aa2d12154a51@group-6439C2230DD6:LeaderElection4] INFO  server.RaftServerConfigKeys (ConfUtils.java:logGet(43)) - raft.server.watch.timeout.denomination = 1s (default)
2019-09-26 16:27:50,431 [544e4564-cff2-4854-aa86-9068d953c0c3@group-5753AE72AAA1:LeaderElection3] INFO  server.RaftServerConfigKeys (ConfUtils.java:logGet(43)) - raft.server.watch.timeout.denomination = 1s (default)
2019-09-26 16:27:50,432 [79ffe903-3fc0-40a8-8acf-aa2d12154a51@group-6439C2230DD6:LeaderElection4] INFO  server.RaftServerConfigKeys (ConfUtils.java:logGet(43)) - raft.server.watch.element-limit = 65536 (default)
2019-09-26 16:27:50,432 [544e4564-cff2-4854-aa86-9068d953c0c3@group-5753AE72AAA1:LeaderElection3] INFO  server.RaftServerConfigKeys (ConfUtils.java:logGet(43)) - raft.server.watch.element-limit = 65536 (default)
2019-09-26 16:27:50,436 [79ffe903-3fc0-40a8-8acf-aa2d12154a51@group-6439C2230DD6:LeaderElection4] INFO  impl.RoleInfo (RoleInfo.java:updateAndGet(143)) - 79ffe903-3fc0-40a8-8acf-aa2d12154a51: start LeaderState
2019-09-26 16:27:50,437 [79ffe903-3fc0-40a8-8acf-aa2d12154a51@group-6439C2230DD6:LeaderElection4] INFO  segmented.SegmentedRaftLogWorker (SegmentedRaftLogWorker.java:startLogSegment(380)) - 79ffe903-3fc0-40a8-8acf-aa2d12154a51@group-6439C2230DD6-SegmentedRaftLogWorker: Starting segment from index:0
2019-09-26 16:27:50,437 [544e4564-cff2-4854-aa86-9068d953c0c3@group-5753AE72AAA1:LeaderElection3] INFO  impl.RoleInfo (RoleInfo.java:updateAndGet(143)) - 544e4564-cff2-4854-aa86-9068d953c0c3: start LeaderState
2019-09-26 16:27:50,437 [544e4564-cff2-4854-aa86-9068d953c0c3@group-5753AE72AAA1:LeaderElection3] INFO  segmented.SegmentedRaftLogWorker (SegmentedRaftLogWorker.java:startLogSegment(380)) - 544e4564-cff2-4854-aa86-9068d953c0c3@group-5753AE72AAA1-SegmentedRaftLogWorker: Starting segment from index:0
2019-09-26 16:27:50,437 [79ffe903-3fc0-40a8-8acf-aa2d12154a51@group-6439C2230DD6:LeaderElection4] INFO  impl.RaftServerImpl (ServerState.java:setRaftConf(354)) - 79ffe903-3fc0-40a8-8acf-aa2d12154a51@group-6439C2230DD6: set configuration 0: [79ffe903-3fc0-40a8-8acf-aa2d12154a51:192.168.157.234:38144], old=null at 0
2019-09-26 16:27:50,453 [544e4564-cff2-4854-aa86-9068d953c0c3@group-5753AE72AAA1:LeaderElection3] INFO  impl.RaftServerImpl (ServerState.java:setRaftConf(354)) - 544e4564-cff2-4854-aa86-9068d953c0c3@group-5753AE72AAA1: set configuration 0: [544e4564-cff2-4854-aa86-9068d953c0c3:192.168.157.234:41394], old=null at 0
2019-09-26 16:27:50,490 [79ffe903-3fc0-40a8-8acf-aa2d12154a51@group-6439C2230DD6-SegmentedRaftLogWorker] INFO  segmented.SegmentedRaftLogWorker (SegmentedRaftLogWorker.java:execute(569)) - 79ffe903-3fc0-40a8-8acf-aa2d12154a51@group-6439C2230DD6-SegmentedRaftLogWorker: created new log segment /workdir/hadoop-ozone/integration-test/target/test-dir/MiniOzoneClusterImpl-598ef3ce-e04c-4237-8ba0-cc477a09206f/datanode-3/data/ratis/5af77c09-2b51-448e-a3a2-6439c2230dd6/current/log_inprogress_0
2019-09-26 16:27:50,507 [544e4564-cff2-4854-aa86-9068d953c0c3@group-5753AE72AAA1-SegmentedRaftLogWorker] INFO  segmented.SegmentedRaftLogWorker (SegmentedRaftLogWorker.java:execute(569)) - 544e4564-cff2-4854-aa86-9068d953c0c3@group-5753AE72AAA1-SegmentedRaftLogWorker: created new log segment /workdir/hadoop-ozone/integration-test/target/test-dir/MiniOzoneClusterImpl-598ef3ce-e04c-4237-8ba0-cc477a09206f/datanode-1/data/ratis/e484aa2a-5944-402a-b04c-5753ae72aaa1/current/log_inprogress_0
2019-09-26 16:27:50,533 [Thread-252] INFO  impl.FollowerState (FollowerState.java:run(106)) - 923128ae-3131-46de-9810-c19589cb32d9:group-85810982B6DD changes to CANDIDATE, lastRpcTime:5120, electionTimeout:5120ms
2019-09-26 16:27:50,534 [Thread-252] INFO  impl.RoleInfo (RoleInfo.java:shutdownFollowerState(121)) - 923128ae-3131-46de-9810-c19589cb32d9: shutdown FollowerState
2019-09-26 16:27:50,534 [Thread-252] INFO  impl.RaftServerImpl (RaftServerImpl.java:setRole(174)) - 923128ae-3131-46de-9810-c19589cb32d9@group-85810982B6DD: changes role from  FOLLOWER to CANDIDATE at term 0 for changeToCandidate
2019-09-26 16:27:50,534 [Thread-252] INFO  impl.RoleInfo (RoleInfo.java:updateAndGet(143)) - 923128ae-3131-46de-9810-c19589cb32d9: start LeaderElection
2019-09-26 16:27:50,557 [Thread-255] INFO  impl.FollowerState (FollowerState.java:run(106)) - 7ae1d8e0-c3cd-44e1-b67c-818b78fc249c:group-56580634F3B6 changes to CANDIDATE, lastRpcTime:5052, electionTimeout:5052ms
2019-09-26 16:27:50,558 [Thread-255] INFO  impl.RoleInfo (RoleInfo.java:shutdownFollowerState(121)) - 7ae1d8e0-c3cd-44e1-b67c-818b78fc249c: shutdown FollowerState
2019-09-26 16:27:50,558 [Thread-255] INFO  impl.RaftServerImpl (RaftServerImpl.java:setRole(174)) - 7ae1d8e0-c3cd-44e1-b67c-818b78fc249c@group-56580634F3B6: changes role from  FOLLOWER to CANDIDATE at term 0 for changeToCandidate
2019-09-26 16:27:50,558 [Thread-255] INFO  impl.RoleInfo (RoleInfo.java:updateAndGet(143)) - 7ae1d8e0-c3cd-44e1-b67c-818b78fc249c: start LeaderElection
2019-09-26 16:27:50,564 [923128ae-3131-46de-9810-c19589cb32d9@group-85810982B6DD:LeaderElection5] INFO  impl.LeaderElection (LeaderElection.java:askForVotes(182)) - 923128ae-3131-46de-9810-c19589cb32d9@group-85810982B6DD:LeaderElection5: begin an election at term 1 for -1: [923128ae-3131-46de-9810-c19589cb32d9:192.168.157.234:34411], old=null
2019-09-26 16:27:50,564 [923128ae-3131-46de-9810-c19589cb32d9@group-85810982B6DD:LeaderElection5] INFO  impl.RoleInfo (RoleInfo.java:shutdownLeaderElection(134)) - 923128ae-3131-46de-9810-c19589cb32d9: shutdown LeaderElection
2019-09-26 16:27:50,564 [923128ae-3131-46de-9810-c19589cb32d9@group-85810982B6DD:LeaderElection5] INFO  impl.RaftServerImpl (RaftServerImpl.java:setRole(174)) - 923128ae-3131-46de-9810-c19589cb32d9@group-85810982B6DD: changes role from CANDIDATE to LEADER at term 1 for changeToLeader
2019-09-26 16:27:50,565 [923128ae-3131-46de-9810-c19589cb32d9@group-85810982B6DD:LeaderElection5] INFO  impl.RaftServerImpl (ServerState.java:setLeader(253)) - 923128ae-3131-46de-9810-c19589cb32d9@group-85810982B6DD: change Leader from null to 923128ae-3131-46de-9810-c19589cb32d9 at term 1 for becomeLeader, leader elected after 5167ms
2019-09-26 16:27:50,567 [923128ae-3131-46de-9810-c19589cb32d9@group-85810982B6DD:LeaderElection5] INFO  server.RaftServerConfigKeys (ConfUtils.java:logGet(43)) - raft.server.staging.catchup.gap = 1000 (default)
2019-09-26 16:27:50,567 [7ae1d8e0-c3cd-44e1-b67c-818b78fc249c@group-56580634F3B6:LeaderElection6] INFO  impl.LeaderElection (LeaderElection.java:askForVotes(182)) - 7ae1d8e0-c3cd-44e1-b67c-818b78fc249c@group-56580634F3B6:LeaderElection6: begin an election at term 1 for -1: [7ae1d8e0-c3cd-44e1-b67c-818b78fc249c:192.168.157.234:39343], old=null
2019-09-26 16:27:50,567 [923128ae-3131-46de-9810-c19589cb32d9@group-85810982B6DD:LeaderElection5] INFO  server.RaftServerConfigKeys (ConfUtils.java:logGet(43)) - raft.server.rpc.sleep.time = 25ms (default)
2019-09-26 16:27:50,567 [7ae1d8e0-c3cd-44e1-b67c-818b78fc249c@group-56580634F3B6:LeaderElection6] INFO  impl.RoleInfo (RoleInfo.java:shutdownLeaderElection(134)) - 7ae1d8e0-c3cd-44e1-b67c-818b78fc249c: shutdown LeaderElection
2019-09-26 16:27:50,567 [923128ae-3131-46de-9810-c19589cb32d9@group-85810982B6DD:LeaderElection5] INFO  server.RaftServerConfigKeys (ConfUtils.java:logGet(43)) - raft.server.write.element-limit = 4096 (default)
2019-09-26 16:27:50,567 [7ae1d8e0-c3cd-44e1-b67c-818b78fc249c@group-56580634F3B6:LeaderElection6] INFO  impl.RaftServerImpl (RaftServerImpl.java:setRole(174)) - 7ae1d8e0-c3cd-44e1-b67c-818b78fc249c@group-56580634F3B6: changes role from CANDIDATE to LEADER at term 1 for changeToLeader
2019-09-26 16:27:50,567 [923128ae-3131-46de-9810-c19589cb32d9@group-85810982B6DD:LeaderElection5] INFO  server.RaftServerConfigKeys (ConfUtils.java:logGet(43)) - raft.server.watch.timeout = 10s (default)
2019-09-26 16:27:50,568 [7ae1d8e0-c3cd-44e1-b67c-818b78fc249c@group-56580634F3B6:LeaderElection6] INFO  impl.RaftServerImpl (ServerState.java:setLeader(253)) - 7ae1d8e0-c3cd-44e1-b67c-818b78fc249c@group-56580634F3B6: change Leader from null to 7ae1d8e0-c3cd-44e1-b67c-818b78fc249c at term 1 for becomeLeader, leader elected after 5072ms
2019-09-26 16:27:50,568 [923128ae-3131-46de-9810-c19589cb32d9@group-85810982B6DD:LeaderElection5] INFO  server.RaftServerConfigKeys (ConfUtils.java:logGet(43)) - raft.server.watch.timeout.denomination = 1s (default)
2019-09-26 16:27:50,570 [7ae1d8e0-c3cd-44e1-b67c-818b78fc249c@group-56580634F3B6:LeaderElection6] INFO  server.RaftServerConfigKeys (ConfUtils.java:logGet(43)) - raft.server.staging.catchup.gap = 1000 (default)
2019-09-26 16:27:50,570 [923128ae-3131-46de-9810-c19589cb32d9@group-85810982B6DD:LeaderElection5] INFO  server.RaftServerConfigKeys (ConfUtils.java:logGet(43)) - raft.server.watch.element-limit = 65536 (default)
2019-09-26 16:27:50,570 [7ae1d8e0-c3cd-44e1-b67c-818b78fc249c@group-56580634F3B6:LeaderElection6] INFO  server.RaftServerConfigKeys (ConfUtils.java:logGet(43)) - raft.server.rpc.sleep.time = 25ms (default)
2019-09-26 16:27:50,570 [7ae1d8e0-c3cd-44e1-b67c-818b78fc249c@group-56580634F3B6:LeaderElection6] INFO  server.RaftServerConfigKeys (ConfUtils.java:logGet(43)) - raft.server.write.element-limit = 4096 (default)
2019-09-26 16:27:50,570 [7ae1d8e0-c3cd-44e1-b67c-818b78fc249c@group-56580634F3B6:LeaderElection6] INFO  server.RaftServerConfigKeys (ConfUtils.java:logGet(43)) - raft.server.watch.timeout = 10s (default)
2019-09-26 16:27:50,571 [7ae1d8e0-c3cd-44e1-b67c-818b78fc249c@group-56580634F3B6:LeaderElection6] INFO  server.RaftServerConfigKeys (ConfUtils.java:logGet(43)) - raft.server.watch.timeout.denomination = 1s (default)
2019-09-26 16:27:50,571 [7ae1d8e0-c3cd-44e1-b67c-818b78fc249c@group-56580634F3B6:LeaderElection6] INFO  server.RaftServerConfigKeys (ConfUtils.java:logGet(43)) - raft.server.watch.element-limit = 65536 (default)
2019-09-26 16:27:50,573 [923128ae-3131-46de-9810-c19589cb32d9@group-85810982B6DD:LeaderElection5] INFO  impl.RoleInfo (RoleInfo.java:updateAndGet(143)) - 923128ae-3131-46de-9810-c19589cb32d9: start LeaderState
2019-09-26 16:27:50,574 [923128ae-3131-46de-9810-c19589cb32d9@group-85810982B6DD:LeaderElection5] INFO  segmented.SegmentedRaftLogWorker (SegmentedRaftLogWorker.java:startLogSegment(380)) - 923128ae-3131-46de-9810-c19589cb32d9@group-85810982B6DD-SegmentedRaftLogWorker: Starting segment from index:0
2019-09-26 16:27:50,574 [7ae1d8e0-c3cd-44e1-b67c-818b78fc249c@group-56580634F3B6:LeaderElection6] INFO  impl.RoleInfo (RoleInfo.java:updateAndGet(143)) - 7ae1d8e0-c3cd-44e1-b67c-818b78fc249c: start LeaderState
2019-09-26 16:27:50,574 [7ae1d8e0-c3cd-44e1-b67c-818b78fc249c@group-56580634F3B6:LeaderElection6] INFO  segmented.SegmentedRaftLogWorker (SegmentedRaftLogWorker.java:startLogSegment(380)) - 7ae1d8e0-c3cd-44e1-b67c-818b78fc249c@group-56580634F3B6-SegmentedRaftLogWorker: Starting segment from index:0
2019-09-26 16:27:50,574 [923128ae-3131-46de-9810-c19589cb32d9@group-85810982B6DD:LeaderElection5] INFO  impl.RaftServerImpl (ServerState.java:setRaftConf(354)) - 923128ae-3131-46de-9810-c19589cb32d9@group-85810982B6DD: set configuration 0: [923128ae-3131-46de-9810-c19589cb32d9:192.168.157.234:34411], old=null at 0
2019-09-26 16:27:50,618 [7ae1d8e0-c3cd-44e1-b67c-818b78fc249c@group-56580634F3B6:LeaderElection6] INFO  impl.RaftServerImpl (ServerState.java:setRaftConf(354)) - 7ae1d8e0-c3cd-44e1-b67c-818b78fc249c@group-56580634F3B6: set configuration 0: [7ae1d8e0-c3cd-44e1-b67c-818b78fc249c:192.168.157.234:39343], old=null at 0
2019-09-26 16:27:50,656 [923128ae-3131-46de-9810-c19589cb32d9@group-85810982B6DD-SegmentedRaftLogWorker] INFO  segmented.SegmentedRaftLogWorker (SegmentedRaftLogWorker.java:execute(569)) - 923128ae-3131-46de-9810-c19589cb32d9@group-85810982B6DD-SegmentedRaftLogWorker: created new log segment /workdir/hadoop-ozone/integration-test/target/test-dir/MiniOzoneClusterImpl-598ef3ce-e04c-4237-8ba0-cc477a09206f/datanode-4/data/ratis/ebeed409-2436-4f93-8d48-85810982b6dd/current/log_inprogress_0
2019-09-26 16:27:50,669 [7ae1d8e0-c3cd-44e1-b67c-818b78fc249c@group-56580634F3B6-SegmentedRaftLogWorker] INFO  segmented.SegmentedRaftLogWorker (SegmentedRaftLogWorker.java:execute(569)) - 7ae1d8e0-c3cd-44e1-b67c-818b78fc249c@group-56580634F3B6-SegmentedRaftLogWorker: created new log segment /workdir/hadoop-ozone/integration-test/target/test-dir/MiniOzoneClusterImpl-598ef3ce-e04c-4237-8ba0-cc477a09206f/datanode-6/data/ratis/9ccac47d-dc13-45ab-ae90-56580634f3b6/current/log_inprogress_0
2019-09-26 16:27:50,722 [Thread-258] INFO  impl.FollowerState (FollowerState.java:run(106)) - fc68d4fa-5d3a-472d-bc12-ba3c6d7c7a39:group-87AD02832322 changes to CANDIDATE, lastRpcTime:5138, electionTimeout:5138ms
2019-09-26 16:27:50,722 [Thread-258] INFO  impl.RoleInfo (RoleInfo.java:shutdownFollowerState(121)) - fc68d4fa-5d3a-472d-bc12-ba3c6d7c7a39: shutdown FollowerState
2019-09-26 16:27:50,723 [Thread-258] INFO  impl.RaftServerImpl (RaftServerImpl.java:setRole(174)) - fc68d4fa-5d3a-472d-bc12-ba3c6d7c7a39@group-87AD02832322: changes role from  FOLLOWER to CANDIDATE at term 0 for changeToCandidate
2019-09-26 16:27:50,723 [Thread-258] INFO  impl.RoleInfo (RoleInfo.java:updateAndGet(143)) - fc68d4fa-5d3a-472d-bc12-ba3c6d7c7a39: start LeaderElection
2019-09-26 16:27:50,741 [Thread-265] INFO  impl.FollowerState (FollowerState.java:run(106)) - 6ad4b93a-b4cf-4be6-9fd2-9d62088a494c:group-F45A88C3A742 changes to CANDIDATE, lastRpcTime:5046, electionTimeout:5041ms
2019-09-26 16:27:50,741 [Thread-265] INFO  impl.RoleInfo (RoleInfo.java:shutdownFollowerState(121)) - 6ad4b93a-b4cf-4be6-9fd2-9d62088a494c: shutdown FollowerState
2019-09-26 16:27:50,741 [Thread-265] INFO  impl.RaftServerImpl (RaftServerImpl.java:setRole(174)) - 6ad4b93a-b4cf-4be6-9fd2-9d62088a494c@group-F45A88C3A742: changes role from  FOLLOWER to CANDIDATE at term 0 for changeToCandidate
2019-09-26 16:27:50,741 [Thread-265] INFO  impl.RoleInfo (RoleInfo.java:updateAndGet(143)) - 6ad4b93a-b4cf-4be6-9fd2-9d62088a494c: start LeaderElection
2019-09-26 16:27:50,742 [fc68d4fa-5d3a-472d-bc12-ba3c6d7c7a39@group-87AD02832322:LeaderElection7] INFO  impl.LeaderElection (LeaderElection.java:askForVotes(182)) - fc68d4fa-5d3a-472d-bc12-ba3c6d7c7a39@group-87AD02832322:LeaderElection7: begin an election at term 1 for -1: [fc68d4fa-5d3a-472d-bc12-ba3c6d7c7a39:192.168.157.234:33291], old=null
2019-09-26 16:27:50,742 [fc68d4fa-5d3a-472d-bc12-ba3c6d7c7a39@group-87AD02832322:LeaderElection7] INFO  impl.RoleInfo (RoleInfo.java:shutdownLeaderElection(134)) - fc68d4fa-5d3a-472d-bc12-ba3c6d7c7a39: shutdown LeaderElection
2019-09-26 16:27:50,746 [fc68d4fa-5d3a-472d-bc12-ba3c6d7c7a39@group-87AD02832322:LeaderElection7] INFO  impl.RaftServerImpl (RaftServerImpl.java:setRole(174)) - fc68d4fa-5d3a-472d-bc12-ba3c6d7c7a39@group-87AD02832322: changes role from CANDIDATE to LEADER at term 1 for changeToLeader
2019-09-26 16:27:50,746 [fc68d4fa-5d3a-472d-bc12-ba3c6d7c7a39@group-87AD02832322:LeaderElection7] INFO  impl.RaftServerImpl (ServerState.java:setLeader(253)) - fc68d4fa-5d3a-472d-bc12-ba3c6d7c7a39@group-87AD02832322: change Leader from null to fc68d4fa-5d3a-472d-bc12-ba3c6d7c7a39 at term 1 for becomeLeader, leader elected after 5172ms
2019-09-26 16:27:50,748 [fc68d4fa-5d3a-472d-bc12-ba3c6d7c7a39@group-87AD02832322:LeaderElection7] INFO  server.RaftServerConfigKeys (ConfUtils.java:logGet(43)) - raft.server.staging.catchup.gap = 1000 (default)
2019-09-26 16:27:50,748 [fc68d4fa-5d3a-472d-bc12-ba3c6d7c7a39@group-87AD02832322:LeaderElection7] INFO  server.RaftServerConfigKeys (ConfUtils.java:logGet(43)) - raft.server.rpc.sleep.time = 25ms (default)
2019-09-26 16:27:50,748 [fc68d4fa-5d3a-472d-bc12-ba3c6d7c7a39@group-87AD02832322:LeaderElection7] INFO  server.RaftServerConfigKeys (ConfUtils.java:logGet(43)) - raft.server.write.element-limit = 4096 (default)
2019-09-26 16:27:50,749 [fc68d4fa-5d3a-472d-bc12-ba3c6d7c7a39@group-87AD02832322:LeaderElection7] INFO  server.RaftServerConfigKeys (ConfUtils.java:logGet(43)) - raft.server.watch.timeout = 10s (default)
2019-09-26 16:27:50,749 [fc68d4fa-5d3a-472d-bc12-ba3c6d7c7a39@group-87AD02832322:LeaderElection7] INFO  server.RaftServerConfigKeys (ConfUtils.java:logGet(43)) - raft.server.watch.timeout.denomination = 1s (default)
2019-09-26 16:27:50,749 [fc68d4fa-5d3a-472d-bc12-ba3c6d7c7a39@group-87AD02832322:LeaderElection7] INFO  server.RaftServerConfigKeys (ConfUtils.java:logGet(43)) - raft.server.watch.element-limit = 65536 (default)
2019-09-26 16:27:50,752 [fc68d4fa-5d3a-472d-bc12-ba3c6d7c7a39@group-87AD02832322:LeaderElection7] INFO  impl.RoleInfo (RoleInfo.java:updateAndGet(143)) - fc68d4fa-5d3a-472d-bc12-ba3c6d7c7a39: start LeaderState
2019-09-26 16:27:50,752 [fc68d4fa-5d3a-472d-bc12-ba3c6d7c7a39@group-87AD02832322:LeaderElection7] INFO  segmented.SegmentedRaftLogWorker (SegmentedRaftLogWorker.java:startLogSegment(380)) - fc68d4fa-5d3a-472d-bc12-ba3c6d7c7a39@group-87AD02832322-SegmentedRaftLogWorker: Starting segment from index:0
2019-09-26 16:27:50,753 [fc68d4fa-5d3a-472d-bc12-ba3c6d7c7a39@group-87AD02832322:LeaderElection7] INFO  impl.RaftServerImpl (ServerState.java:setRaftConf(354)) - fc68d4fa-5d3a-472d-bc12-ba3c6d7c7a39@group-87AD02832322: set configuration 0: [fc68d4fa-5d3a-472d-bc12-ba3c6d7c7a39:192.168.157.234:33291], old=null at 0
2019-09-26 16:27:50,795 [main] INFO  ipc.Client (Client.java:handleConnectionFailure(948)) - Retrying connect to server: localhost/127.0.0.1:0. Already tried 4 time(s); retry policy is RetryUpToMaximumCountWithFixedSleep(maxRetries=10, sleepTime=1000 MILLISECONDS)
2019-09-26 16:27:50,795 [6ad4b93a-b4cf-4be6-9fd2-9d62088a494c@group-F45A88C3A742:LeaderElection8] INFO  impl.LeaderElection (LeaderElection.java:askForVotes(182)) - 6ad4b93a-b4cf-4be6-9fd2-9d62088a494c@group-F45A88C3A742:LeaderElection8: begin an election at term 1 for -1: [544e4564-cff2-4854-aa86-9068d953c0c3:192.168.157.234:41394, 79ffe903-3fc0-40a8-8acf-aa2d12154a51:192.168.157.234:38144, 6ad4b93a-b4cf-4be6-9fd2-9d62088a494c:192.168.157.234:38689], old=null
2019-09-26 16:27:50,795 [Thread-266] INFO  impl.FollowerState (FollowerState.java:run(106)) - 79ffe903-3fc0-40a8-8acf-aa2d12154a51:group-F45A88C3A742 changes to CANDIDATE, lastRpcTime:5095, electionTimeout:5056ms
2019-09-26 16:27:50,795 [Thread-263] INFO  impl.FollowerState (FollowerState.java:run(106)) - 544e4564-cff2-4854-aa86-9068d953c0c3:group-F45A88C3A742 changes to CANDIDATE, lastRpcTime:5103, electionTimeout:5095ms
2019-09-26 16:27:50,796 [Thread-266] INFO  impl.RoleInfo (RoleInfo.java:shutdownFollowerState(121)) - 79ffe903-3fc0-40a8-8acf-aa2d12154a51: shutdown FollowerState
2019-09-26 16:27:50,796 [Thread-263] INFO  impl.RoleInfo (RoleInfo.java:shutdownFollowerState(121)) - 544e4564-cff2-4854-aa86-9068d953c0c3: shutdown FollowerState
2019-09-26 16:27:50,796 [Thread-266] INFO  impl.RaftServerImpl (RaftServerImpl.java:setRole(174)) - 79ffe903-3fc0-40a8-8acf-aa2d12154a51@group-F45A88C3A742: changes role from  FOLLOWER to CANDIDATE at term 0 for changeToCandidate
2019-09-26 16:27:50,796 [Thread-263] INFO  impl.RaftServerImpl (RaftServerImpl.java:setRole(174)) - 544e4564-cff2-4854-aa86-9068d953c0c3@group-F45A88C3A742: changes role from  FOLLOWER to CANDIDATE at term 0 for changeToCandidate
2019-09-26 16:27:50,796 [Thread-266] INFO  impl.RoleInfo (RoleInfo.java:updateAndGet(143)) - 79ffe903-3fc0-40a8-8acf-aa2d12154a51: start LeaderElection
2019-09-26 16:27:50,797 [Thread-263] INFO  impl.RoleInfo (RoleInfo.java:updateAndGet(143)) - 544e4564-cff2-4854-aa86-9068d953c0c3: start LeaderElection
2019-09-26 16:27:50,812 [fc68d4fa-5d3a-472d-bc12-ba3c6d7c7a39@group-87AD02832322-SegmentedRaftLogWorker] INFO  segmented.SegmentedRaftLogWorker (SegmentedRaftLogWorker.java:execute(569)) - fc68d4fa-5d3a-472d-bc12-ba3c6d7c7a39@group-87AD02832322-SegmentedRaftLogWorker: created new log segment /workdir/hadoop-ozone/integration-test/target/test-dir/MiniOzoneClusterImpl-598ef3ce-e04c-4237-8ba0-cc477a09206f/datanode-2/data/ratis/020747a8-77b1-4d69-9761-87ad02832322/current/log_inprogress_0
2019-09-26 16:27:50,814 [Thread-275] INFO  impl.FollowerState (FollowerState.java:run(106)) - 7ae1d8e0-c3cd-44e1-b67c-818b78fc249c:group-54FC743A9B46 changes to CANDIDATE, lastRpcTime:5020, electionTimeout:5018ms
2019-09-26 16:27:50,814 [Thread-275] INFO  impl.RoleInfo (RoleInfo.java:shutdownFollowerState(121)) - 7ae1d8e0-c3cd-44e1-b67c-818b78fc249c: shutdown FollowerState
2019-09-26 16:27:50,814 [Thread-275] INFO  impl.RaftServerImpl (RaftServerImpl.java:setRole(174)) - 7ae1d8e0-c3cd-44e1-b67c-818b78fc249c@group-54FC743A9B46: changes role from  FOLLOWER to CANDIDATE at term 0 for changeToCandidate
2019-09-26 16:27:50,814 [Thread-275] INFO  impl.RoleInfo (RoleInfo.java:updateAndGet(143)) - 7ae1d8e0-c3cd-44e1-b67c-818b78fc249c: start LeaderElection
2019-09-26 16:27:50,819 [79ffe903-3fc0-40a8-8acf-aa2d12154a51@group-F45A88C3A742:LeaderElection9] INFO  impl.LeaderElection (LeaderElection.java:askForVotes(182)) - 79ffe903-3fc0-40a8-8acf-aa2d12154a51@group-F45A88C3A742:LeaderElection9: begin an election at term 1 for -1: [544e4564-cff2-4854-aa86-9068d953c0c3:192.168.157.234:41394, 79ffe903-3fc0-40a8-8acf-aa2d12154a51:192.168.157.234:38144, 6ad4b93a-b4cf-4be6-9fd2-9d62088a494c:192.168.157.234:38689], old=null
2019-09-26 16:27:50,819 [544e4564-cff2-4854-aa86-9068d953c0c3@group-F45A88C3A742:LeaderElection10] INFO  impl.LeaderElection (LeaderElection.java:askForVotes(182)) - 544e4564-cff2-4854-aa86-9068d953c0c3@group-F45A88C3A742:LeaderElection10: begin an election at term 1 for -1: [544e4564-cff2-4854-aa86-9068d953c0c3:192.168.157.234:41394, 79ffe903-3fc0-40a8-8acf-aa2d12154a51:192.168.157.234:38144, 6ad4b93a-b4cf-4be6-9fd2-9d62088a494c:192.168.157.234:38689], old=null
2019-09-26 16:27:50,819 [Thread-272] INFO  impl.FollowerState (FollowerState.java:run(106)) - 923128ae-3131-46de-9810-c19589cb32d9:group-54FC743A9B46 changes to CANDIDATE, lastRpcTime:5028, electionTimeout:5028ms
2019-09-26 16:27:50,819 [Thread-272] INFO  impl.RoleInfo (RoleInfo.java:shutdownFollowerState(121)) - 923128ae-3131-46de-9810-c19589cb32d9: shutdown FollowerState
2019-09-26 16:27:50,820 [Thread-272] INFO  impl.RaftServerImpl (RaftServerImpl.java:setRole(174)) - 923128ae-3131-46de-9810-c19589cb32d9@group-54FC743A9B46: changes role from  FOLLOWER to CANDIDATE at term 0 for changeToCandidate
2019-09-26 16:27:50,820 [Thread-272] INFO  impl.RoleInfo (RoleInfo.java:updateAndGet(143)) - 923128ae-3131-46de-9810-c19589cb32d9: start LeaderElection
2019-09-26 16:27:50,831 [Thread-277] INFO  impl.FollowerState (FollowerState.java:run(106)) - f41b9329-29f6-4fb4-8de9-d292d9a8a636:group-54FC743A9B46 changes to CANDIDATE, lastRpcTime:5031, electionTimeout:5031ms
2019-09-26 16:27:50,831 [Thread-277] INFO  impl.RoleInfo (RoleInfo.java:shutdownFollowerState(121)) - f41b9329-29f6-4fb4-8de9-d292d9a8a636: shutdown FollowerState
2019-09-26 16:27:50,833 [7ae1d8e0-c3cd-44e1-b67c-818b78fc249c@group-54FC743A9B46:LeaderElection11] INFO  impl.LeaderElection (LeaderElection.java:askForVotes(182)) - 7ae1d8e0-c3cd-44e1-b67c-818b78fc249c@group-54FC743A9B46:LeaderElection11: begin an election at term 1 for -1: [7ae1d8e0-c3cd-44e1-b67c-818b78fc249c:192.168.157.234:39343, f41b9329-29f6-4fb4-8de9-d292d9a8a636:192.168.157.234:44465, 923128ae-3131-46de-9810-c19589cb32d9:192.168.157.234:34411], old=null
2019-09-26 16:27:50,835 [Thread-277] INFO  impl.RaftServerImpl (RaftServerImpl.java:setRole(174)) - f41b9329-29f6-4fb4-8de9-d292d9a8a636@group-54FC743A9B46: changes role from  FOLLOWER to CANDIDATE at term 0 for changeToCandidate
2019-09-26 16:27:50,833 [923128ae-3131-46de-9810-c19589cb32d9@group-54FC743A9B46:LeaderElection12] INFO  impl.LeaderElection (LeaderElection.java:askForVotes(182)) - 923128ae-3131-46de-9810-c19589cb32d9@group-54FC743A9B46:LeaderElection12: begin an election at term 1 for -1: [7ae1d8e0-c3cd-44e1-b67c-818b78fc249c:192.168.157.234:39343, f41b9329-29f6-4fb4-8de9-d292d9a8a636:192.168.157.234:44465, 923128ae-3131-46de-9810-c19589cb32d9:192.168.157.234:34411], old=null
2019-09-26 16:27:50,836 [Thread-277] INFO  impl.RoleInfo (RoleInfo.java:updateAndGet(143)) - f41b9329-29f6-4fb4-8de9-d292d9a8a636: start LeaderElection
2019-09-26 16:27:50,862 [f41b9329-29f6-4fb4-8de9-d292d9a8a636@group-54FC743A9B46:LeaderElection13] INFO  impl.LeaderElection (LeaderElection.java:askForVotes(182)) - f41b9329-29f6-4fb4-8de9-d292d9a8a636@group-54FC743A9B46:LeaderElection13: begin an election at term 1 for -1: [7ae1d8e0-c3cd-44e1-b67c-818b78fc249c:192.168.157.234:39343, f41b9329-29f6-4fb4-8de9-d292d9a8a636:192.168.157.234:44465, 923128ae-3131-46de-9810-c19589cb32d9:192.168.157.234:34411], old=null
2019-09-26 16:27:50,911 [6ad4b93a-b4cf-4be6-9fd2-9d62088a494c@group-F45A88C3A742:LeaderElection8] INFO  impl.LeaderElection (LeaderElection.java:logAndReturn(56)) - 6ad4b93a-b4cf-4be6-9fd2-9d62088a494c@group-F45A88C3A742:LeaderElection8: Election REJECTED; received 2 response(s) [6ad4b93a-b4cf-4be6-9fd2-9d62088a494c<-544e4564-cff2-4854-aa86-9068d953c0c3#0:FAIL-t1, 6ad4b93a-b4cf-4be6-9fd2-9d62088a494c<-79ffe903-3fc0-40a8-8acf-aa2d12154a51#0:FAIL-t1] and 0 exception(s); 6ad4b93a-b4cf-4be6-9fd2-9d62088a494c@group-F45A88C3A742:t1, leader=null, voted=6ad4b93a-b4cf-4be6-9fd2-9d62088a494c, raftlog=6ad4b93a-b4cf-4be6-9fd2-9d62088a494c@group-F45A88C3A742-SegmentedRaftLog:OPENED:c-1,f-1,i0, conf=-1: [544e4564-cff2-4854-aa86-9068d953c0c3:192.168.157.234:41394, 79ffe903-3fc0-40a8-8acf-aa2d12154a51:192.168.157.234:38144, 6ad4b93a-b4cf-4be6-9fd2-9d62088a494c:192.168.157.234:38689], old=null
2019-09-26 16:27:50,918 [6ad4b93a-b4cf-4be6-9fd2-9d62088a494c@group-F45A88C3A742:LeaderElection8] INFO  impl.RaftServerImpl (RaftServerImpl.java:setRole(174)) - 6ad4b93a-b4cf-4be6-9fd2-9d62088a494c@group-F45A88C3A742: changes role from CANDIDATE to FOLLOWER at term 1 for DISCOVERED_A_NEW_TERM
2019-09-26 16:27:50,918 [6ad4b93a-b4cf-4be6-9fd2-9d62088a494c@group-F45A88C3A742:LeaderElection8] INFO  impl.RoleInfo (RoleInfo.java:shutdownLeaderElection(134)) - 6ad4b93a-b4cf-4be6-9fd2-9d62088a494c: shutdown LeaderElection
2019-09-26 16:27:50,918 [6ad4b93a-b4cf-4be6-9fd2-9d62088a494c@group-F45A88C3A742:LeaderElection8] INFO  impl.RoleInfo (RoleInfo.java:updateAndGet(143)) - 6ad4b93a-b4cf-4be6-9fd2-9d62088a494c: start FollowerState
2019-09-26 16:27:50,930 [79ffe903-3fc0-40a8-8acf-aa2d12154a51@group-F45A88C3A742:LeaderElection9] INFO  impl.LeaderElection (LeaderElection.java:logAndReturn(56)) - 79ffe903-3fc0-40a8-8acf-aa2d12154a51@group-F45A88C3A742:LeaderElection9: Election REJECTED; received 2 response(s) [79ffe903-3fc0-40a8-8acf-aa2d12154a51<-544e4564-cff2-4854-aa86-9068d953c0c3#0:FAIL-t1, 79ffe903-3fc0-40a8-8acf-aa2d12154a51<-6ad4b93a-b4cf-4be6-9fd2-9d62088a494c#0:FAIL-t1] and 0 exception(s); 79ffe903-3fc0-40a8-8acf-aa2d12154a51@group-F45A88C3A742:t1, leader=null, voted=79ffe903-3fc0-40a8-8acf-aa2d12154a51, raftlog=79ffe903-3fc0-40a8-8acf-aa2d12154a51@group-F45A88C3A742-SegmentedRaftLog:OPENED:c-1,f-1,i0, conf=-1: [544e4564-cff2-4854-aa86-9068d953c0c3:192.168.157.234:41394, 79ffe903-3fc0-40a8-8acf-aa2d12154a51:192.168.157.234:38144, 6ad4b93a-b4cf-4be6-9fd2-9d62088a494c:192.168.157.234:38689], old=null
2019-09-26 16:27:50,932 [79ffe903-3fc0-40a8-8acf-aa2d12154a51@group-F45A88C3A742:LeaderElection9] INFO  impl.RaftServerImpl (RaftServerImpl.java:setRole(174)) - 79ffe903-3fc0-40a8-8acf-aa2d12154a51@group-F45A88C3A742: changes role from CANDIDATE to FOLLOWER at term 1 for DISCOVERED_A_NEW_TERM
2019-09-26 16:27:50,939 [79ffe903-3fc0-40a8-8acf-aa2d12154a51@group-F45A88C3A742:LeaderElection9] INFO  impl.RoleInfo (RoleInfo.java:shutdownLeaderElection(134)) - 79ffe903-3fc0-40a8-8acf-aa2d12154a51: shutdown LeaderElection
2019-09-26 16:27:50,939 [79ffe903-3fc0-40a8-8acf-aa2d12154a51@group-F45A88C3A742:LeaderElection9] INFO  impl.RoleInfo (RoleInfo.java:updateAndGet(143)) - 79ffe903-3fc0-40a8-8acf-aa2d12154a51: start FollowerState
2019-09-26 16:27:50,944 [923128ae-3131-46de-9810-c19589cb32d9@group-54FC743A9B46:LeaderElection12] INFO  impl.LeaderElection (LeaderElection.java:logAndReturn(56)) - 923128ae-3131-46de-9810-c19589cb32d9@group-54FC743A9B46:LeaderElection12: Election REJECTED; received 2 response(s) [923128ae-3131-46de-9810-c19589cb32d9<-7ae1d8e0-c3cd-44e1-b67c-818b78fc249c#0:FAIL-t1, 923128ae-3131-46de-9810-c19589cb32d9<-f41b9329-29f6-4fb4-8de9-d292d9a8a636#0:FAIL-t1] and 0 exception(s); 923128ae-3131-46de-9810-c19589cb32d9@group-54FC743A9B46:t1, leader=null, voted=923128ae-3131-46de-9810-c19589cb32d9, raftlog=923128ae-3131-46de-9810-c19589cb32d9@group-54FC743A9B46-SegmentedRaftLog:OPENED:c-1,f-1,i0, conf=-1: [7ae1d8e0-c3cd-44e1-b67c-818b78fc249c:192.168.157.234:39343, f41b9329-29f6-4fb4-8de9-d292d9a8a636:192.168.157.234:44465, 923128ae-3131-46de-9810-c19589cb32d9:192.168.157.234:34411], old=null
2019-09-26 16:27:50,945 [7ae1d8e0-c3cd-44e1-b67c-818b78fc249c@group-54FC743A9B46:LeaderElection11] INFO  impl.LeaderElection (LeaderElection.java:logAndReturn(56)) - 7ae1d8e0-c3cd-44e1-b67c-818b78fc249c@group-54FC743A9B46:LeaderElection11: Election REJECTED; received 2 response(s) [7ae1d8e0-c3cd-44e1-b67c-818b78fc249c<-f41b9329-29f6-4fb4-8de9-d292d9a8a636#0:FAIL-t1, 7ae1d8e0-c3cd-44e1-b67c-818b78fc249c<-923128ae-3131-46de-9810-c19589cb32d9#0:FAIL-t1] and 0 exception(s); 7ae1d8e0-c3cd-44e1-b67c-818b78fc249c@group-54FC743A9B46:t1, leader=null, voted=7ae1d8e0-c3cd-44e1-b67c-818b78fc249c, raftlog=7ae1d8e0-c3cd-44e1-b67c-818b78fc249c@group-54FC743A9B46-SegmentedRaftLog:OPENED:c-1,f-1,i0, conf=-1: [7ae1d8e0-c3cd-44e1-b67c-818b78fc249c:192.168.157.234:39343, f41b9329-29f6-4fb4-8de9-d292d9a8a636:192.168.157.234:44465, 923128ae-3131-46de-9810-c19589cb32d9:192.168.157.234:34411], old=null
2019-09-26 16:27:50,947 [923128ae-3131-46de-9810-c19589cb32d9@group-54FC743A9B46:LeaderElection12] INFO  impl.RaftServerImpl (RaftServerImpl.java:setRole(174)) - 923128ae-3131-46de-9810-c19589cb32d9@group-54FC743A9B46: changes role from CANDIDATE to FOLLOWER at term 1 for DISCOVERED_A_NEW_TERM
2019-09-26 16:27:50,949 [923128ae-3131-46de-9810-c19589cb32d9@group-54FC743A9B46:LeaderElection12] INFO  impl.RoleInfo (RoleInfo.java:shutdownLeaderElection(134)) - 923128ae-3131-46de-9810-c19589cb32d9: shutdown LeaderElection
2019-09-26 16:27:50,951 [7ae1d8e0-c3cd-44e1-b67c-818b78fc249c@group-54FC743A9B46:LeaderElection11] INFO  impl.RaftServerImpl (RaftServerImpl.java:setRole(174)) - 7ae1d8e0-c3cd-44e1-b67c-818b78fc249c@group-54FC743A9B46: changes role from CANDIDATE to FOLLOWER at term 1 for DISCOVERED_A_NEW_TERM
2019-09-26 16:27:50,953 [7ae1d8e0-c3cd-44e1-b67c-818b78fc249c@group-54FC743A9B46:LeaderElection11] INFO  impl.RoleInfo (RoleInfo.java:shutdownLeaderElection(134)) - 7ae1d8e0-c3cd-44e1-b67c-818b78fc249c: shutdown LeaderElection
2019-09-26 16:27:50,955 [923128ae-3131-46de-9810-c19589cb32d9@group-54FC743A9B46:LeaderElection12] INFO  impl.RoleInfo (RoleInfo.java:updateAndGet(143)) - 923128ae-3131-46de-9810-c19589cb32d9: start FollowerState
2019-09-26 16:27:50,955 [7ae1d8e0-c3cd-44e1-b67c-818b78fc249c@group-54FC743A9B46:LeaderElection11] INFO  impl.RoleInfo (RoleInfo.java:updateAndGet(143)) - 7ae1d8e0-c3cd-44e1-b67c-818b78fc249c: start FollowerState
2019-09-26 16:27:50,955 [544e4564-cff2-4854-aa86-9068d953c0c3@group-F45A88C3A742:LeaderElection10] INFO  impl.LeaderElection (LeaderElection.java:logAndReturn(56)) - 544e4564-cff2-4854-aa86-9068d953c0c3@group-F45A88C3A742:LeaderElection10: Election REJECTED; received 2 response(s) [544e4564-cff2-4854-aa86-9068d953c0c3<-79ffe903-3fc0-40a8-8acf-aa2d12154a51#0:FAIL-t1, 544e4564-cff2-4854-aa86-9068d953c0c3<-6ad4b93a-b4cf-4be6-9fd2-9d62088a494c#0:FAIL-t1] and 0 exception(s); 544e4564-cff2-4854-aa86-9068d953c0c3@group-F45A88C3A742:t1, leader=null, voted=544e4564-cff2-4854-aa86-9068d953c0c3, raftlog=544e4564-cff2-4854-aa86-9068d953c0c3@group-F45A88C3A742-SegmentedRaftLog:OPENED:c-1,f-1,i0, conf=-1: [544e4564-cff2-4854-aa86-9068d953c0c3:192.168.157.234:41394, 79ffe903-3fc0-40a8-8acf-aa2d12154a51:192.168.157.234:38144, 6ad4b93a-b4cf-4be6-9fd2-9d62088a494c:192.168.157.234:38689], old=null
2019-09-26 16:27:50,958 [544e4564-cff2-4854-aa86-9068d953c0c3@group-F45A88C3A742:LeaderElection10] INFO  impl.RaftServerImpl (RaftServerImpl.java:setRole(174)) - 544e4564-cff2-4854-aa86-9068d953c0c3@group-F45A88C3A742: changes role from CANDIDATE to FOLLOWER at term 1 for DISCOVERED_A_NEW_TERM
2019-09-26 16:27:50,960 [544e4564-cff2-4854-aa86-9068d953c0c3@group-F45A88C3A742:LeaderElection10] INFO  impl.RoleInfo (RoleInfo.java:shutdownLeaderElection(134)) - 544e4564-cff2-4854-aa86-9068d953c0c3: shutdown LeaderElection
2019-09-26 16:27:50,967 [544e4564-cff2-4854-aa86-9068d953c0c3@group-F45A88C3A742:LeaderElection10] INFO  impl.RoleInfo (RoleInfo.java:updateAndGet(143)) - 544e4564-cff2-4854-aa86-9068d953c0c3: start FollowerState
2019-09-26 16:27:50,969 [f41b9329-29f6-4fb4-8de9-d292d9a8a636@group-54FC743A9B46:LeaderElection13] INFO  impl.LeaderElection (LeaderElection.java:logAndReturn(56)) - f41b9329-29f6-4fb4-8de9-d292d9a8a636@group-54FC743A9B46:LeaderElection13: Election REJECTED; received 2 response(s) [f41b9329-29f6-4fb4-8de9-d292d9a8a636<-7ae1d8e0-c3cd-44e1-b67c-818b78fc249c#0:FAIL-t1, f41b9329-29f6-4fb4-8de9-d292d9a8a636<-923128ae-3131-46de-9810-c19589cb32d9#0:FAIL-t1] and 0 exception(s); f41b9329-29f6-4fb4-8de9-d292d9a8a636@group-54FC743A9B46:t1, leader=null, voted=f41b9329-29f6-4fb4-8de9-d292d9a8a636, raftlog=f41b9329-29f6-4fb4-8de9-d292d9a8a636@group-54FC743A9B46-SegmentedRaftLog:OPENED:c-1,f-1,i0, conf=-1: [7ae1d8e0-c3cd-44e1-b67c-818b78fc249c:192.168.157.234:39343, f41b9329-29f6-4fb4-8de9-d292d9a8a636:192.168.157.234:44465, 923128ae-3131-46de-9810-c19589cb32d9:192.168.157.234:34411], old=null
2019-09-26 16:27:50,970 [f41b9329-29f6-4fb4-8de9-d292d9a8a636@group-54FC743A9B46:LeaderElection13] INFO  impl.RaftServerImpl (RaftServerImpl.java:setRole(174)) - f41b9329-29f6-4fb4-8de9-d292d9a8a636@group-54FC743A9B46: changes role from CANDIDATE to FOLLOWER at term 1 for DISCOVERED_A_NEW_TERM
2019-09-26 16:27:50,971 [f41b9329-29f6-4fb4-8de9-d292d9a8a636@group-54FC743A9B46:LeaderElection13] INFO  impl.RoleInfo (RoleInfo.java:shutdownLeaderElection(134)) - f41b9329-29f6-4fb4-8de9-d292d9a8a636: shutdown LeaderElection
2019-09-26 16:27:50,971 [f41b9329-29f6-4fb4-8de9-d292d9a8a636@group-54FC743A9B46:LeaderElection13] INFO  impl.RoleInfo (RoleInfo.java:updateAndGet(143)) - f41b9329-29f6-4fb4-8de9-d292d9a8a636: start FollowerState
2019-09-26 16:27:51,796 [main] INFO  ipc.Client (Client.java:handleConnectionFailure(948)) - Retrying connect to server: localhost/127.0.0.1:0. Already tried 5 time(s); retry policy is RetryUpToMaximumCountWithFixedSleep(maxRetries=10, sleepTime=1000 MILLISECONDS)
2019-09-26 16:27:52,801 [main] INFO  ipc.Client (Client.java:handleConnectionFailure(948)) - Retrying connect to server: localhost/127.0.0.1:0. Already tried 6 time(s); retry policy is RetryUpToMaximumCountWithFixedSleep(maxRetries=10, sleepTime=1000 MILLISECONDS)
2019-09-26 16:27:53,802 [main] INFO  ipc.Client (Client.java:handleConnectionFailure(948)) - Retrying connect to server: localhost/127.0.0.1:0. Already tried 7 time(s); retry policy is RetryUpToMaximumCountWithFixedSleep(maxRetries=10, sleepTime=1000 MILLISECONDS)
2019-09-26 16:27:54,804 [main] INFO  ipc.Client (Client.java:handleConnectionFailure(948)) - Retrying connect to server: localhost/127.0.0.1:0. Already tried 8 time(s); retry policy is RetryUpToMaximumCountWithFixedSleep(maxRetries=10, sleepTime=1000 MILLISECONDS)
2019-09-26 16:27:55,805 [main] INFO  ipc.Client (Client.java:handleConnectionFailure(948)) - Retrying connect to server: localhost/127.0.0.1:0. Already tried 9 time(s); retry policy is RetryUpToMaximumCountWithFixedSleep(maxRetries=10, sleepTime=1000 MILLISECONDS)
2019-09-26 16:27:55,939 [Thread-312] INFO  impl.FollowerState (FollowerState.java:run(106)) - 6ad4b93a-b4cf-4be6-9fd2-9d62088a494c:group-F45A88C3A742 changes to CANDIDATE, lastRpcTime:5021, electionTimeout:5010ms
2019-09-26 16:27:55,939 [Thread-312] INFO  impl.RoleInfo (RoleInfo.java:shutdownFollowerState(121)) - 6ad4b93a-b4cf-4be6-9fd2-9d62088a494c: shutdown FollowerState
2019-09-26 16:27:55,940 [Thread-312] INFO  impl.RaftServerImpl (RaftServerImpl.java:setRole(174)) - 6ad4b93a-b4cf-4be6-9fd2-9d62088a494c@group-F45A88C3A742: changes role from  FOLLOWER to CANDIDATE at term 1 for changeToCandidate
2019-09-26 16:27:55,940 [Thread-312] INFO  impl.RoleInfo (RoleInfo.java:updateAndGet(143)) - 6ad4b93a-b4cf-4be6-9fd2-9d62088a494c: start LeaderElection
2019-09-26 16:27:55,958 [6ad4b93a-b4cf-4be6-9fd2-9d62088a494c@group-F45A88C3A742:LeaderElection14] INFO  impl.LeaderElection (LeaderElection.java:askForVotes(182)) - 6ad4b93a-b4cf-4be6-9fd2-9d62088a494c@group-F45A88C3A742:LeaderElection14: begin an election at term 2 for -1: [544e4564-cff2-4854-aa86-9068d953c0c3:192.168.157.234:41394, 79ffe903-3fc0-40a8-8acf-aa2d12154a51:192.168.157.234:38144, 6ad4b93a-b4cf-4be6-9fd2-9d62088a494c:192.168.157.234:38689], old=null
2019-09-26 16:27:55,968 [Thread-314] INFO  impl.FollowerState (FollowerState.java:run(106)) - 923128ae-3131-46de-9810-c19589cb32d9:group-54FC743A9B46 changes to CANDIDATE, lastRpcTime:5013, electionTimeout:5010ms
2019-09-26 16:27:55,968 [Thread-314] INFO  impl.RoleInfo (RoleInfo.java:shutdownFollowerState(121)) - 923128ae-3131-46de-9810-c19589cb32d9: shutdown FollowerState
2019-09-26 16:27:55,968 [Thread-314] INFO  impl.RaftServerImpl (RaftServerImpl.java:setRole(174)) - 923128ae-3131-46de-9810-c19589cb32d9@group-54FC743A9B46: changes role from  FOLLOWER to CANDIDATE at term 1 for changeToCandidate
2019-09-26 16:27:55,968 [grpc-default-executor-5] INFO  impl.RaftServerImpl (RaftServerImpl.java:setRole(174)) - 544e4564-cff2-4854-aa86-9068d953c0c3@group-F45A88C3A742: changes role from  FOLLOWER to FOLLOWER at term 2 for recognizeCandidate:6ad4b93a-b4cf-4be6-9fd2-9d62088a494c
2019-09-26 16:27:55,969 [Thread-314] INFO  impl.RoleInfo (RoleInfo.java:updateAndGet(143)) - 923128ae-3131-46de-9810-c19589cb32d9: start LeaderElection
2019-09-26 16:27:55,969 [grpc-default-executor-0] INFO  impl.RaftServerImpl (RaftServerImpl.java:setRole(174)) - 79ffe903-3fc0-40a8-8acf-aa2d12154a51@group-F45A88C3A742: changes role from  FOLLOWER to FOLLOWER at term 2 for recognizeCandidate:6ad4b93a-b4cf-4be6-9fd2-9d62088a494c
2019-09-26 16:27:55,971 [grpc-default-executor-0] INFO  impl.RoleInfo (RoleInfo.java:shutdownFollowerState(121)) - 79ffe903-3fc0-40a8-8acf-aa2d12154a51: shutdown FollowerState
2019-09-26 16:27:55,969 [Thread-315] INFO  impl.FollowerState (FollowerState.java:run(106)) - 7ae1d8e0-c3cd-44e1-b67c-818b78fc249c:group-54FC743A9B46 changes to CANDIDATE, lastRpcTime:5013, electionTimeout:5009ms
2019-09-26 16:27:55,971 [grpc-default-executor-0] INFO  impl.RoleInfo (RoleInfo.java:updateAndGet(143)) - 79ffe903-3fc0-40a8-8acf-aa2d12154a51: start FollowerState
2019-09-26 16:27:55,969 [grpc-default-executor-5] INFO  impl.RoleInfo (RoleInfo.java:shutdownFollowerState(121)) - 544e4564-cff2-4854-aa86-9068d953c0c3: shutdown FollowerState
2019-09-26 16:27:55,972 [Thread-313] INFO  impl.FollowerState (FollowerState.java:run(115)) - 79ffe903-3fc0-40a8-8acf-aa2d12154a51: FollowerState was interrupted: java.lang.InterruptedException: sleep interrupted
2019-09-26 16:27:55,971 [Thread-315] INFO  impl.RoleInfo (RoleInfo.java:shutdownFollowerState(121)) - 7ae1d8e0-c3cd-44e1-b67c-818b78fc249c: shutdown FollowerState
2019-09-26 16:27:55,972 [Thread-316] INFO  impl.FollowerState (FollowerState.java:run(115)) - 544e4564-cff2-4854-aa86-9068d953c0c3: FollowerState was interrupted: java.lang.InterruptedException: sleep interrupted
2019-09-26 16:27:55,972 [grpc-default-executor-5] INFO  impl.RoleInfo (RoleInfo.java:updateAndGet(143)) - 544e4564-cff2-4854-aa86-9068d953c0c3: start FollowerState
2019-09-26 16:27:55,976 [Thread-315] INFO  impl.RaftServerImpl (RaftServerImpl.java:setRole(174)) - 7ae1d8e0-c3cd-44e1-b67c-818b78fc249c@group-54FC743A9B46: changes role from  FOLLOWER to CANDIDATE at term 1 for changeToCandidate
2019-09-26 16:27:55,979 [Thread-315] INFO  impl.RoleInfo (RoleInfo.java:updateAndGet(143)) - 7ae1d8e0-c3cd-44e1-b67c-818b78fc249c: start LeaderElection
2019-09-26 16:27:55,985 [923128ae-3131-46de-9810-c19589cb32d9@group-54FC743A9B46:LeaderElection15] INFO  impl.LeaderElection (LeaderElection.java:askForVotes(182)) - 923128ae-3131-46de-9810-c19589cb32d9@group-54FC743A9B46:LeaderElection15: begin an election at term 2 for -1: [7ae1d8e0-c3cd-44e1-b67c-818b78fc249c:192.168.157.234:39343, f41b9329-29f6-4fb4-8de9-d292d9a8a636:192.168.157.234:44465, 923128ae-3131-46de-9810-c19589cb32d9:192.168.157.234:34411], old=null
2019-09-26 16:27:55,993 [grpc-default-executor-2] INFO  impl.RaftServerImpl (RaftServerImpl.java:setRole(174)) - f41b9329-29f6-4fb4-8de9-d292d9a8a636@group-54FC743A9B46: changes role from  FOLLOWER to FOLLOWER at term 2 for recognizeCandidate:923128ae-3131-46de-9810-c19589cb32d9
2019-09-26 16:27:55,993 [grpc-default-executor-2] INFO  impl.RoleInfo (RoleInfo.java:shutdownFollowerState(121)) - f41b9329-29f6-4fb4-8de9-d292d9a8a636: shutdown FollowerState
2019-09-26 16:27:55,993 [grpc-default-executor-2] INFO  impl.RoleInfo (RoleInfo.java:updateAndGet(143)) - f41b9329-29f6-4fb4-8de9-d292d9a8a636: start FollowerState
2019-09-26 16:27:55,993 [Thread-317] INFO  impl.FollowerState (FollowerState.java:run(115)) - f41b9329-29f6-4fb4-8de9-d292d9a8a636: FollowerState was interrupted: java.lang.InterruptedException: sleep interrupted
2019-09-26 16:27:55,999 [7ae1d8e0-c3cd-44e1-b67c-818b78fc249c@group-54FC743A9B46:LeaderElection16] INFO  impl.LeaderElection (LeaderElection.java:askForVotes(182)) - 7ae1d8e0-c3cd-44e1-b67c-818b78fc249c@group-54FC743A9B46:LeaderElection16: begin an election at term 2 for -1: [7ae1d8e0-c3cd-44e1-b67c-818b78fc249c:192.168.157.234:39343, f41b9329-29f6-4fb4-8de9-d292d9a8a636:192.168.157.234:44465, 923128ae-3131-46de-9810-c19589cb32d9:192.168.157.234:34411], old=null
2019-09-26 16:27:56,002 [923128ae-3131-46de-9810-c19589cb32d9@group-54FC743A9B46:LeaderElection15] INFO  impl.LeaderElection (LeaderElection.java:logAndReturn(56)) - 923128ae-3131-46de-9810-c19589cb32d9@group-54FC743A9B46:LeaderElection15: Election PASSED; received 2 response(s) [923128ae-3131-46de-9810-c19589cb32d9<-7ae1d8e0-c3cd-44e1-b67c-818b78fc249c#0:FAIL-t2, 923128ae-3131-46de-9810-c19589cb32d9<-f41b9329-29f6-4fb4-8de9-d292d9a8a636#0:OK-t2] and 0 exception(s); 923128ae-3131-46de-9810-c19589cb32d9@group-54FC743A9B46:t2, leader=null, voted=923128ae-3131-46de-9810-c19589cb32d9, raftlog=923128ae-3131-46de-9810-c19589cb32d9@group-54FC743A9B46-SegmentedRaftLog:OPENED:c-1,f-1,i0, conf=-1: [7ae1d8e0-c3cd-44e1-b67c-818b78fc249c:192.168.157.234:39343, f41b9329-29f6-4fb4-8de9-d292d9a8a636:192.168.157.234:44465, 923128ae-3131-46de-9810-c19589cb32d9:192.168.157.234:34411], old=null
2019-09-26 16:27:56,002 [923128ae-3131-46de-9810-c19589cb32d9@group-54FC743A9B46:LeaderElection15] INFO  impl.RoleInfo (RoleInfo.java:shutdownLeaderElection(134)) - 923128ae-3131-46de-9810-c19589cb32d9: shutdown LeaderElection
2019-09-26 16:27:56,002 [6ad4b93a-b4cf-4be6-9fd2-9d62088a494c@group-F45A88C3A742:LeaderElection14] INFO  impl.LeaderElection (LeaderElection.java:logAndReturn(56)) - 6ad4b93a-b4cf-4be6-9fd2-9d62088a494c@group-F45A88C3A742:LeaderElection14: Election PASSED; received 1 response(s) [6ad4b93a-b4cf-4be6-9fd2-9d62088a494c<-544e4564-cff2-4854-aa86-9068d953c0c3#0:OK-t2] and 0 exception(s); 6ad4b93a-b4cf-4be6-9fd2-9d62088a494c@group-F45A88C3A742:t2, leader=null, voted=6ad4b93a-b4cf-4be6-9fd2-9d62088a494c, raftlog=6ad4b93a-b4cf-4be6-9fd2-9d62088a494c@group-F45A88C3A742-SegmentedRaftLog:OPENED:c-1,f-1,i0, conf=-1: [544e4564-cff2-4854-aa86-9068d953c0c3:192.168.157.234:41394, 79ffe903-3fc0-40a8-8acf-aa2d12154a51:192.168.157.234:38144, 6ad4b93a-b4cf-4be6-9fd2-9d62088a494c:192.168.157.234:38689], old=null
2019-09-26 16:27:56,005 [6ad4b93a-b4cf-4be6-9fd2-9d62088a494c@group-F45A88C3A742:LeaderElection14] INFO  impl.RoleInfo (RoleInfo.java:shutdownLeaderElection(134)) - 6ad4b93a-b4cf-4be6-9fd2-9d62088a494c: shutdown LeaderElection
2019-09-26 16:27:56,007 [923128ae-3131-46de-9810-c19589cb32d9@group-54FC743A9B46:LeaderElection15] INFO  impl.RaftServerImpl (RaftServerImpl.java:setRole(174)) - 923128ae-3131-46de-9810-c19589cb32d9@group-54FC743A9B46: changes role from CANDIDATE to LEADER at term 2 for changeToLeader
2019-09-26 16:27:56,009 [6ad4b93a-b4cf-4be6-9fd2-9d62088a494c@group-F45A88C3A742:LeaderElection14] INFO  impl.RaftServerImpl (RaftServerImpl.java:setRole(174)) - 6ad4b93a-b4cf-4be6-9fd2-9d62088a494c@group-F45A88C3A742: changes role from CANDIDATE to LEADER at term 2 for changeToLeader
2019-09-26 16:27:56,014 [923128ae-3131-46de-9810-c19589cb32d9@group-54FC743A9B46:LeaderElection15] INFO  impl.RaftServerImpl (ServerState.java:setLeader(253)) - 923128ae-3131-46de-9810-c19589cb32d9@group-54FC743A9B46: change Leader from null to 923128ae-3131-46de-9810-c19589cb32d9 at term 2 for becomeLeader, leader elected after 10233ms
2019-09-26 16:27:56,014 [6ad4b93a-b4cf-4be6-9fd2-9d62088a494c@group-F45A88C3A742:LeaderElection14] INFO  impl.RaftServerImpl (ServerState.java:setLeader(253)) - 6ad4b93a-b4cf-4be6-9fd2-9d62088a494c@group-F45A88C3A742: change Leader from null to 6ad4b93a-b4cf-4be6-9fd2-9d62088a494c at term 2 for becomeLeader, leader elected after 10333ms
2019-09-26 16:27:56,015 [923128ae-3131-46de-9810-c19589cb32d9@group-54FC743A9B46:LeaderElection15] INFO  server.RaftServerConfigKeys (ConfUtils.java:logGet(43)) - raft.server.staging.catchup.gap = 1000 (default)
2019-09-26 16:27:56,015 [6ad4b93a-b4cf-4be6-9fd2-9d62088a494c@group-F45A88C3A742:LeaderElection14] INFO  server.RaftServerConfigKeys (ConfUtils.java:logGet(43)) - raft.server.staging.catchup.gap = 1000 (default)
2019-09-26 16:27:56,015 [923128ae-3131-46de-9810-c19589cb32d9@group-54FC743A9B46:LeaderElection15] INFO  server.RaftServerConfigKeys (ConfUtils.java:logGet(43)) - raft.server.rpc.sleep.time = 25ms (default)
2019-09-26 16:27:56,015 [6ad4b93a-b4cf-4be6-9fd2-9d62088a494c@group-F45A88C3A742:LeaderElection14] INFO  server.RaftServerConfigKeys (ConfUtils.java:logGet(43)) - raft.server.rpc.sleep.time = 25ms (default)
2019-09-26 16:27:56,015 [923128ae-3131-46de-9810-c19589cb32d9@group-54FC743A9B46:LeaderElection15] INFO  server.RaftServerConfigKeys (ConfUtils.java:logGet(43)) - raft.server.write.element-limit = 4096 (default)
2019-09-26 16:27:56,015 [6ad4b93a-b4cf-4be6-9fd2-9d62088a494c@group-F45A88C3A742:LeaderElection14] INFO  server.RaftServerConfigKeys (ConfUtils.java:logGet(43)) - raft.server.write.element-limit = 4096 (default)
2019-09-26 16:27:56,015 [923128ae-3131-46de-9810-c19589cb32d9@group-54FC743A9B46:LeaderElection15] INFO  server.RaftServerConfigKeys (ConfUtils.java:logGet(43)) - raft.server.watch.timeout = 10s (default)
2019-09-26 16:27:56,016 [6ad4b93a-b4cf-4be6-9fd2-9d62088a494c@group-F45A88C3A742:LeaderElection14] INFO  server.RaftServerConfigKeys (ConfUtils.java:logGet(43)) - raft.server.watch.timeout = 10s (default)
2019-09-26 16:27:56,016 [923128ae-3131-46de-9810-c19589cb32d9@group-54FC743A9B46:LeaderElection15] INFO  server.RaftServerConfigKeys (ConfUtils.java:logGet(43)) - raft.server.watch.timeout.denomination = 1s (default)
2019-09-26 16:27:56,016 [6ad4b93a-b4cf-4be6-9fd2-9d62088a494c@group-F45A88C3A742:LeaderElection14] INFO  server.RaftServerConfigKeys (ConfUtils.java:logGet(43)) - raft.server.watch.timeout.denomination = 1s (default)
2019-09-26 16:27:56,016 [923128ae-3131-46de-9810-c19589cb32d9@group-54FC743A9B46:LeaderElection15] INFO  server.RaftServerConfigKeys (ConfUtils.java:logGet(43)) - raft.server.watch.element-limit = 65536 (default)
2019-09-26 16:27:56,016 [6ad4b93a-b4cf-4be6-9fd2-9d62088a494c@group-F45A88C3A742:LeaderElection14] INFO  server.RaftServerConfigKeys (ConfUtils.java:logGet(43)) - raft.server.watch.element-limit = 65536 (default)
2019-09-26 16:27:56,022 [6ad4b93a-b4cf-4be6-9fd2-9d62088a494c@group-F45A88C3A742:LeaderElection14] INFO  server.RaftServerConfigKeys (ConfUtils.java:logGet(43)) - raft.server.log.appender.snapshot.chunk.size.max = 16MB (=16777216) (default)
2019-09-26 16:27:56,022 [923128ae-3131-46de-9810-c19589cb32d9@group-54FC743A9B46:LeaderElection15] INFO  server.RaftServerConfigKeys (ConfUtils.java:logGet(43)) - raft.server.log.appender.snapshot.chunk.size.max = 16MB (=16777216) (default)
2019-09-26 16:27:56,022 [6ad4b93a-b4cf-4be6-9fd2-9d62088a494c@group-F45A88C3A742:LeaderElection14] INFO  server.RaftServerConfigKeys (ConfUtils.java:logGet(43)) - raft.server.log.appender.buffer.byte-limit = 33554432 (custom)
2019-09-26 16:27:56,023 [923128ae-3131-46de-9810-c19589cb32d9@group-54FC743A9B46:LeaderElection15] INFO  server.RaftServerConfigKeys (ConfUtils.java:logGet(43)) - raft.server.log.appender.buffer.byte-limit = 33554432 (custom)
2019-09-26 16:27:56,023 [6ad4b93a-b4cf-4be6-9fd2-9d62088a494c@group-F45A88C3A742:LeaderElection14] INFO  server.RaftServerConfigKeys (ConfUtils.java:logGet(43)) - raft.server.log.appender.buffer.element-limit = 1 (custom)
2019-09-26 16:27:56,023 [923128ae-3131-46de-9810-c19589cb32d9@group-54FC743A9B46:LeaderElection15] INFO  server.RaftServerConfigKeys (ConfUtils.java:logGet(43)) - raft.server.log.appender.buffer.element-limit = 1 (custom)
2019-09-26 16:27:56,027 [6ad4b93a-b4cf-4be6-9fd2-9d62088a494c@group-F45A88C3A742:LeaderElection14] INFO  grpc.GrpcConfigKeys$Server (ConfUtils.java:logGet(43)) - raft.grpc.server.leader.outstanding.appends.max = 128 (default)
2019-09-26 16:27:56,027 [923128ae-3131-46de-9810-c19589cb32d9@group-54FC743A9B46:LeaderElection15] INFO  grpc.GrpcConfigKeys$Server (ConfUtils.java:logGet(43)) - raft.grpc.server.leader.outstanding.appends.max = 128 (default)
2019-09-26 16:27:56,029 [6ad4b93a-b4cf-4be6-9fd2-9d62088a494c@group-F45A88C3A742:LeaderElection14] INFO  server.RaftServerConfigKeys (ConfUtils.java:logGet(43)) - raft.server.rpc.request.timeout = 3000ms (default)
2019-09-26 16:27:56,029 [923128ae-3131-46de-9810-c19589cb32d9@group-54FC743A9B46:LeaderElection15] INFO  server.RaftServerConfigKeys (ConfUtils.java:logGet(43)) - raft.server.rpc.request.timeout = 3000ms (default)
2019-09-26 16:27:56,029 [6ad4b93a-b4cf-4be6-9fd2-9d62088a494c@group-F45A88C3A742:LeaderElection14] INFO  server.RaftServerConfigKeys (ConfUtils.java:logGet(43)) - raft.server.log.appender.install.snapshot.enabled = false (custom)
2019-09-26 16:27:56,029 [923128ae-3131-46de-9810-c19589cb32d9@group-54FC743A9B46:LeaderElection15] INFO  server.RaftServerConfigKeys (ConfUtils.java:logGet(43)) - raft.server.log.appender.install.snapshot.enabled = false (custom)
2019-09-26 16:27:56,030 [6ad4b93a-b4cf-4be6-9fd2-9d62088a494c@group-F45A88C3A742:LeaderElection14] INFO  server.RaftServerConfigKeys (ConfUtils.java:logGet(43)) - raft.server.log.appender.snapshot.chunk.size.max = 16MB (=16777216) (default)
2019-09-26 16:27:56,030 [923128ae-3131-46de-9810-c19589cb32d9@group-54FC743A9B46:LeaderElection15] INFO  server.RaftServerConfigKeys (ConfUtils.java:logGet(43)) - raft.server.log.appender.snapshot.chunk.size.max = 16MB (=16777216) (default)
2019-09-26 16:27:56,030 [6ad4b93a-b4cf-4be6-9fd2-9d62088a494c@group-F45A88C3A742:LeaderElection14] INFO  server.RaftServerConfigKeys (ConfUtils.java:logGet(43)) - raft.server.log.appender.buffer.byte-limit = 33554432 (custom)
2019-09-26 16:27:56,031 [923128ae-3131-46de-9810-c19589cb32d9@group-54FC743A9B46:LeaderElection15] INFO  server.RaftServerConfigKeys (ConfUtils.java:logGet(43)) - raft.server.log.appender.buffer.byte-limit = 33554432 (custom)
2019-09-26 16:27:56,031 [6ad4b93a-b4cf-4be6-9fd2-9d62088a494c@group-F45A88C3A742:LeaderElection14] INFO  server.RaftServerConfigKeys (ConfUtils.java:logGet(43)) - raft.server.log.appender.buffer.element-limit = 1 (custom)
2019-09-26 16:27:56,031 [923128ae-3131-46de-9810-c19589cb32d9@group-54FC743A9B46:LeaderElection15] INFO  server.RaftServerConfigKeys (ConfUtils.java:logGet(43)) - raft.server.log.appender.buffer.element-limit = 1 (custom)
2019-09-26 16:27:56,031 [6ad4b93a-b4cf-4be6-9fd2-9d62088a494c@group-F45A88C3A742:LeaderElection14] INFO  grpc.GrpcConfigKeys$Server (ConfUtils.java:logGet(43)) - raft.grpc.server.leader.outstanding.appends.max = 128 (default)
2019-09-26 16:27:56,031 [923128ae-3131-46de-9810-c19589cb32d9@group-54FC743A9B46:LeaderElection15] INFO  grpc.GrpcConfigKeys$Server (ConfUtils.java:logGet(43)) - raft.grpc.server.leader.outstanding.appends.max = 128 (default)
2019-09-26 16:27:56,031 [6ad4b93a-b4cf-4be6-9fd2-9d62088a494c@group-F45A88C3A742:LeaderElection14] INFO  server.RaftServerConfigKeys (ConfUtils.java:logGet(43)) - raft.server.rpc.request.timeout = 3000ms (default)
2019-09-26 16:27:56,032 [923128ae-3131-46de-9810-c19589cb32d9@group-54FC743A9B46:LeaderElection15] INFO  server.RaftServerConfigKeys (ConfUtils.java:logGet(43)) - raft.server.rpc.request.timeout = 3000ms (default)
2019-09-26 16:27:56,032 [6ad4b93a-b4cf-4be6-9fd2-9d62088a494c@group-F45A88C3A742:LeaderElection14] INFO  server.RaftServerConfigKeys (ConfUtils.java:logGet(43)) - raft.server.log.appender.install.snapshot.enabled = false (custom)
2019-09-26 16:27:56,032 [923128ae-3131-46de-9810-c19589cb32d9@group-54FC743A9B46:LeaderElection15] INFO  server.RaftServerConfigKeys (ConfUtils.java:logGet(43)) - raft.server.log.appender.install.snapshot.enabled = false (custom)
2019-09-26 16:27:56,035 [6ad4b93a-b4cf-4be6-9fd2-9d62088a494c@group-F45A88C3A742:LeaderElection14] INFO  impl.RoleInfo (RoleInfo.java:updateAndGet(143)) - 6ad4b93a-b4cf-4be6-9fd2-9d62088a494c: start LeaderState
2019-09-26 16:27:56,035 [923128ae-3131-46de-9810-c19589cb32d9@group-54FC743A9B46:LeaderElection15] INFO  impl.RoleInfo (RoleInfo.java:updateAndGet(143)) - 923128ae-3131-46de-9810-c19589cb32d9: start LeaderState
2019-09-26 16:27:56,035 [6ad4b93a-b4cf-4be6-9fd2-9d62088a494c@group-F45A88C3A742:LeaderElection14] INFO  segmented.SegmentedRaftLogWorker (SegmentedRaftLogWorker.java:startLogSegment(380)) - 6ad4b93a-b4cf-4be6-9fd2-9d62088a494c@group-F45A88C3A742-SegmentedRaftLogWorker: Starting segment from index:0
2019-09-26 16:27:56,035 [923128ae-3131-46de-9810-c19589cb32d9@group-54FC743A9B46:LeaderElection15] INFO  segmented.SegmentedRaftLogWorker (SegmentedRaftLogWorker.java:startLogSegment(380)) - 923128ae-3131-46de-9810-c19589cb32d9@group-54FC743A9B46-SegmentedRaftLogWorker: Starting segment from index:0
2019-09-26 16:27:56,037 [6ad4b93a-b4cf-4be6-9fd2-9d62088a494c@group-F45A88C3A742:LeaderElection14] INFO  impl.RaftServerImpl (ServerState.java:setRaftConf(354)) - 6ad4b93a-b4cf-4be6-9fd2-9d62088a494c@group-F45A88C3A742: set configuration 0: [544e4564-cff2-4854-aa86-9068d953c0c3:192.168.157.234:41394, 79ffe903-3fc0-40a8-8acf-aa2d12154a51:192.168.157.234:38144, 6ad4b93a-b4cf-4be6-9fd2-9d62088a494c:192.168.157.234:38689], old=null at 0
2019-09-26 16:27:56,081 [923128ae-3131-46de-9810-c19589cb32d9@group-54FC743A9B46:LeaderElection15] INFO  impl.RaftServerImpl (ServerState.java:setRaftConf(354)) - 923128ae-3131-46de-9810-c19589cb32d9@group-54FC743A9B46: set configuration 0: [7ae1d8e0-c3cd-44e1-b67c-818b78fc249c:192.168.157.234:39343, f41b9329-29f6-4fb4-8de9-d292d9a8a636:192.168.157.234:44465, 923128ae-3131-46de-9810-c19589cb32d9:192.168.157.234:34411], old=null at 0
2019-09-26 16:27:56,083 [grpc-default-executor-2] INFO  impl.RaftServerImpl (RaftServerImpl.java:requestVote(758)) - 923128ae-3131-46de-9810-c19589cb32d9@group-54FC743A9B46-   LEADER: Withhold vote from candidate 7ae1d8e0-c3cd-44e1-b67c-818b78fc249c with term 2. State: leader=923128ae-3131-46de-9810-c19589cb32d9, term=2, lastRpcElapsed=null
2019-09-26 16:27:56,086 [7ae1d8e0-c3cd-44e1-b67c-818b78fc249c@group-54FC743A9B46:LeaderElection16] INFO  impl.LeaderElection (LeaderElection.java:logAndReturn(56)) - 7ae1d8e0-c3cd-44e1-b67c-818b78fc249c@group-54FC743A9B46:LeaderElection16: Election REJECTED; received 2 response(s) [7ae1d8e0-c3cd-44e1-b67c-818b78fc249c<-f41b9329-29f6-4fb4-8de9-d292d9a8a636#0:FAIL-t2, 7ae1d8e0-c3cd-44e1-b67c-818b78fc249c<-923128ae-3131-46de-9810-c19589cb32d9#0:FAIL-t2] and 0 exception(s); 7ae1d8e0-c3cd-44e1-b67c-818b78fc249c@group-54FC743A9B46:t2, leader=null, voted=7ae1d8e0-c3cd-44e1-b67c-818b78fc249c, raftlog=7ae1d8e0-c3cd-44e1-b67c-818b78fc249c@group-54FC743A9B46-SegmentedRaftLog:OPENED:c-1,f-1,i0, conf=-1: [7ae1d8e0-c3cd-44e1-b67c-818b78fc249c:192.168.157.234:39343, f41b9329-29f6-4fb4-8de9-d292d9a8a636:192.168.157.234:44465, 923128ae-3131-46de-9810-c19589cb32d9:192.168.157.234:34411], old=null
2019-09-26 16:27:56,087 [7ae1d8e0-c3cd-44e1-b67c-818b78fc249c@group-54FC743A9B46:LeaderElection16] INFO  impl.RaftServerImpl (RaftServerImpl.java:setRole(174)) - 7ae1d8e0-c3cd-44e1-b67c-818b78fc249c@group-54FC743A9B46: changes role from CANDIDATE to FOLLOWER at term 2 for DISCOVERED_A_NEW_TERM
2019-09-26 16:27:56,089 [7ae1d8e0-c3cd-44e1-b67c-818b78fc249c@group-54FC743A9B46:LeaderElection16] INFO  impl.RoleInfo (RoleInfo.java:shutdownLeaderElection(134)) - 7ae1d8e0-c3cd-44e1-b67c-818b78fc249c: shutdown LeaderElection
2019-09-26 16:27:56,089 [7ae1d8e0-c3cd-44e1-b67c-818b78fc249c@group-54FC743A9B46:LeaderElection16] INFO  impl.RoleInfo (RoleInfo.java:updateAndGet(143)) - 7ae1d8e0-c3cd-44e1-b67c-818b78fc249c: start FollowerState
2019-09-26 16:27:56,093 [6ad4b93a-b4cf-4be6-9fd2-9d62088a494c@group-F45A88C3A742-SegmentedRaftLogWorker] INFO  segmented.SegmentedRaftLogWorker (SegmentedRaftLogWorker.java:execute(569)) - 6ad4b93a-b4cf-4be6-9fd2-9d62088a494c@group-F45A88C3A742-SegmentedRaftLogWorker: created new log segment /workdir/hadoop-ozone/integration-test/target/test-dir/MiniOzoneClusterImpl-598ef3ce-e04c-4237-8ba0-cc477a09206f/datanode-5/data/ratis/2b957455-3cc6-403c-874d-f45a88c3a742/current/log_inprogress_0
2019-09-26 16:27:56,094 [923128ae-3131-46de-9810-c19589cb32d9@group-54FC743A9B46-SegmentedRaftLogWorker] INFO  segmented.SegmentedRaftLogWorker (SegmentedRaftLogWorker.java:execute(569)) - 923128ae-3131-46de-9810-c19589cb32d9@group-54FC743A9B46-SegmentedRaftLogWorker: created new log segment /workdir/hadoop-ozone/integration-test/target/test-dir/MiniOzoneClusterImpl-598ef3ce-e04c-4237-8ba0-cc477a09206f/datanode-4/data/ratis/34bef81e-1e14-4f2d-8ce9-54fc743a9b46/current/log_inprogress_0
2019-09-26 16:27:56,116 [grpc-default-executor-3] INFO  impl.RaftServerImpl (ServerState.java:setLeader(253)) - 7ae1d8e0-c3cd-44e1-b67c-818b78fc249c@group-54FC743A9B46: change Leader from null to 923128ae-3131-46de-9810-c19589cb32d9 at term 2 for appendEntries, leader elected after 10335ms
2019-09-26 16:27:56,116 [grpc-default-executor-5] INFO  impl.RaftServerImpl (ServerState.java:setLeader(253)) - f41b9329-29f6-4fb4-8de9-d292d9a8a636@group-54FC743A9B46: change Leader from null to 923128ae-3131-46de-9810-c19589cb32d9 at term 2 for appendEntries, leader elected after 10334ms
2019-09-26 16:27:56,116 [grpc-default-executor-2] INFO  impl.RaftServerImpl (ServerState.java:setLeader(253)) - 544e4564-cff2-4854-aa86-9068d953c0c3@group-F45A88C3A742: change Leader from null to 6ad4b93a-b4cf-4be6-9fd2-9d62088a494c at term 2 for appendEntries, leader elected after 10434ms
2019-09-26 16:27:56,116 [grpc-default-executor-0] INFO  impl.RaftServerImpl (ServerState.java:setLeader(253)) - 79ffe903-3fc0-40a8-8acf-aa2d12154a51@group-F45A88C3A742: change Leader from null to 6ad4b93a-b4cf-4be6-9fd2-9d62088a494c at term 2 for appendEntries, leader elected after 10434ms
2019-09-26 16:27:56,168 [grpc-default-executor-3] INFO  impl.RaftServerImpl (ServerState.java:setRaftConf(354)) - 544e4564-cff2-4854-aa86-9068d953c0c3@group-F45A88C3A742: set configuration 0: [544e4564-cff2-4854-aa86-9068d953c0c3:192.168.157.234:41394, 79ffe903-3fc0-40a8-8acf-aa2d12154a51:192.168.157.234:38144, 6ad4b93a-b4cf-4be6-9fd2-9d62088a494c:192.168.157.234:38689], old=null at 0
2019-09-26 16:27:56,168 [grpc-default-executor-2] INFO  impl.RaftServerImpl (ServerState.java:setRaftConf(354)) - f41b9329-29f6-4fb4-8de9-d292d9a8a636@group-54FC743A9B46: set configuration 0: [7ae1d8e0-c3cd-44e1-b67c-818b78fc249c:192.168.157.234:39343, f41b9329-29f6-4fb4-8de9-d292d9a8a636:192.168.157.234:44465, 923128ae-3131-46de-9810-c19589cb32d9:192.168.157.234:34411], old=null at 0
2019-09-26 16:27:56,168 [grpc-default-executor-5] INFO  impl.RaftServerImpl (ServerState.java:setRaftConf(354)) - 79ffe903-3fc0-40a8-8acf-aa2d12154a51@group-F45A88C3A742: set configuration 0: [544e4564-cff2-4854-aa86-9068d953c0c3:192.168.157.234:41394, 79ffe903-3fc0-40a8-8acf-aa2d12154a51:192.168.157.234:38144, 6ad4b93a-b4cf-4be6-9fd2-9d62088a494c:192.168.157.234:38689], old=null at 0
2019-09-26 16:27:56,168 [grpc-default-executor-0] INFO  impl.RaftServerImpl (ServerState.java:setRaftConf(354)) - 7ae1d8e0-c3cd-44e1-b67c-818b78fc249c@group-54FC743A9B46: set configuration 0: [7ae1d8e0-c3cd-44e1-b67c-818b78fc249c:192.168.157.234:39343, f41b9329-29f6-4fb4-8de9-d292d9a8a636:192.168.157.234:44465, 923128ae-3131-46de-9810-c19589cb32d9:192.168.157.234:34411], old=null at 0
2019-09-26 16:27:56,169 [grpc-default-executor-5] INFO  segmented.SegmentedRaftLogWorker (SegmentedRaftLogWorker.java:startLogSegment(380)) - 79ffe903-3fc0-40a8-8acf-aa2d12154a51@group-F45A88C3A742-SegmentedRaftLogWorker: Starting segment from index:0
2019-09-26 16:27:56,169 [grpc-default-executor-2] INFO  segmented.SegmentedRaftLogWorker (SegmentedRaftLogWorker.java:startLogSegment(380)) - f41b9329-29f6-4fb4-8de9-d292d9a8a636@group-54FC743A9B46-SegmentedRaftLogWorker: Starting segment from index:0
2019-09-26 16:27:56,169 [grpc-default-executor-3] INFO  segmented.SegmentedRaftLogWorker (SegmentedRaftLogWorker.java:startLogSegment(380)) - 544e4564-cff2-4854-aa86-9068d953c0c3@group-F45A88C3A742-SegmentedRaftLogWorker: Starting segment from index:0
2019-09-26 16:27:56,169 [grpc-default-executor-0] INFO  segmented.SegmentedRaftLogWorker (SegmentedRaftLogWorker.java:startLogSegment(380)) - 7ae1d8e0-c3cd-44e1-b67c-818b78fc249c@group-54FC743A9B46-SegmentedRaftLogWorker: Starting segment from index:0
2019-09-26 16:27:56,222 [f41b9329-29f6-4fb4-8de9-d292d9a8a636@group-54FC743A9B46-SegmentedRaftLogWorker] INFO  segmented.SegmentedRaftLogWorker (SegmentedRaftLogWorker.java:execute(569)) - f41b9329-29f6-4fb4-8de9-d292d9a8a636@group-54FC743A9B46-SegmentedRaftLogWorker: created new log segment /workdir/hadoop-ozone/integration-test/target/test-dir/MiniOzoneClusterImpl-598ef3ce-e04c-4237-8ba0-cc477a09206f/datanode-0/data/ratis/34bef81e-1e14-4f2d-8ce9-54fc743a9b46/current/log_inprogress_0
2019-09-26 16:27:56,222 [7ae1d8e0-c3cd-44e1-b67c-818b78fc249c@group-54FC743A9B46-SegmentedRaftLogWorker] INFO  segmented.SegmentedRaftLogWorker (SegmentedRaftLogWorker.java:execute(569)) - 7ae1d8e0-c3cd-44e1-b67c-818b78fc249c@group-54FC743A9B46-SegmentedRaftLogWorker: created new log segment /workdir/hadoop-ozone/integration-test/target/test-dir/MiniOzoneClusterImpl-598ef3ce-e04c-4237-8ba0-cc477a09206f/datanode-6/data/ratis/34bef81e-1e14-4f2d-8ce9-54fc743a9b46/current/log_inprogress_0
2019-09-26 16:27:56,222 [544e4564-cff2-4854-aa86-9068d953c0c3@group-F45A88C3A742-SegmentedRaftLogWorker] INFO  segmented.SegmentedRaftLogWorker (SegmentedRaftLogWorker.java:execute(569)) - 544e4564-cff2-4854-aa86-9068d953c0c3@group-F45A88C3A742-SegmentedRaftLogWorker: created new log segment /workdir/hadoop-ozone/integration-test/target/test-dir/MiniOzoneClusterImpl-598ef3ce-e04c-4237-8ba0-cc477a09206f/datanode-1/data/ratis/2b957455-3cc6-403c-874d-f45a88c3a742/current/log_inprogress_0
2019-09-26 16:27:56,222 [79ffe903-3fc0-40a8-8acf-aa2d12154a51@group-F45A88C3A742-SegmentedRaftLogWorker] INFO  segmented.SegmentedRaftLogWorker (SegmentedRaftLogWorker.java:execute(569)) - 79ffe903-3fc0-40a8-8acf-aa2d12154a51@group-F45A88C3A742-SegmentedRaftLogWorker: created new log segment /workdir/hadoop-ozone/integration-test/target/test-dir/MiniOzoneClusterImpl-598ef3ce-e04c-4237-8ba0-cc477a09206f/datanode-3/data/ratis/2b957455-3cc6-403c-874d-f45a88c3a742/current/log_inprogress_0
2019-09-26 16:27:56,812 [main] INFO  ipc.Client (Client.java:handleConnectionFailure(948)) - Retrying connect to server: localhost/127.0.0.1:0. Already tried 0 time(s); retry policy is RetryUpToMaximumCountWithFixedSleep(maxRetries=10, sleepTime=1000 MILLISECONDS)
2019-09-26 16:27:57,813 [main] INFO  ipc.Client (Client.java:handleConnectionFailure(948)) - Retrying connect to server: localhost/127.0.0.1:0. Already tried 1 time(s); retry policy is RetryUpToMaximumCountWithFixedSleep(maxRetries=10, sleepTime=1000 MILLISECONDS)
2019-09-26 16:27:58,815 [main] INFO  ipc.Client (Client.java:handleConnectionFailure(948)) - Retrying connect to server: localhost/127.0.0.1:0. Already tried 2 time(s); retry policy is RetryUpToMaximumCountWithFixedSleep(maxRetries=10, sleepTime=1000 MILLISECONDS)
2019-09-26 16:27:59,816 [main] INFO  ipc.Client (Client.java:handleConnectionFailure(948)) - Retrying connect to server: localhost/127.0.0.1:0. Already tried 3 time(s); retry policy is RetryUpToMaximumCountWithFixedSleep(maxRetries=10, sleepTime=1000 MILLISECONDS)
2019-09-26 16:28:00,817 [main] INFO  ipc.Client (Client.java:handleConnectionFailure(948)) - Retrying connect to server: localhost/127.0.0.1:0. Already tried 4 time(s); retry policy is RetryUpToMaximumCountWithFixedSleep(maxRetries=10, sleepTime=1000 MILLISECONDS)
2019-09-26 16:28:01,819 [main] INFO  ipc.Client (Client.java:handleConnectionFailure(948)) - Retrying connect to server: localhost/127.0.0.1:0. Already tried 5 time(s); retry policy is RetryUpToMaximumCountWithFixedSleep(maxRetries=10, sleepTime=1000 MILLISECONDS)
2019-09-26 16:28:02,821 [main] INFO  ipc.Client (Client.java:handleConnectionFailure(948)) - Retrying connect to server: localhost/127.0.0.1:0. Already tried 6 time(s); retry policy is RetryUpToMaximumCountWithFixedSleep(maxRetries=10, sleepTime=1000 MILLISECONDS)
2019-09-26 16:28:03,822 [main] INFO  ipc.Client (Client.java:handleConnectionFailure(948)) - Retrying connect to server: localhost/127.0.0.1:0. Already tried 7 time(s); retry policy is RetryUpToMaximumCountWithFixedSleep(maxRetries=10, sleepTime=1000 MILLISECONDS)
2019-09-26 16:28:04,824 [main] INFO  ipc.Client (Client.java:handleConnectionFailure(948)) - Retrying connect to server: localhost/127.0.0.1:0. Already tried 8 time(s); retry policy is RetryUpToMaximumCountWithFixedSleep(maxRetries=10, sleepTime=1000 MILLISECONDS)
2019-09-26 16:28:05,826 [main] INFO  ipc.Client (Client.java:handleConnectionFailure(948)) - Retrying connect to server: localhost/127.0.0.1:0. Already tried 9 time(s); retry policy is RetryUpToMaximumCountWithFixedSleep(maxRetries=10, sleepTime=1000 MILLISECONDS)
2019-09-26 16:28:05,828 [main] INFO  retry.RetryInvocationHandler (RetryInvocationHandler.java:log(411)) - com.google.protobuf.ServiceException: java.net.ConnectException: Your endpoint configuration is wrong; For more details see:  http://wiki.apache.org/hadoop/UnsetHostnameOrPort, while invoking $Proxy36.submitRequest over nodeId=null,nodeAddress=127.0.0.1:0 after 1 failover attempts. Trying to failover immediately.
2019-09-26 16:28:06,829 [main] INFO  ipc.Client (Client.java:handleConnectionFailure(948)) - Retrying connect to server: localhost/127.0.0.1:0. Already tried 0 time(s); retry policy is RetryUpToMaximumCountWithFixedSleep(maxRetries=10, sleepTime=1000 MILLISECONDS)
2019-09-26 16:28:07,830 [main] INFO  ipc.Client (Client.java:handleConnectionFailure(948)) - Retrying connect to server: localhost/127.0.0.1:0. Already tried 1 time(s); retry policy is RetryUpToMaximumCountWithFixedSleep(maxRetries=10, sleepTime=1000 MILLISECONDS)
2019-09-26 16:28:08,832 [main] INFO  ipc.Client (Client.java:handleConnectionFailure(948)) - Retrying connect to server: localhost/127.0.0.1:0. Already tried 2 time(s); retry policy is RetryUpToMaximumCountWithFixedSleep(maxRetries=10, sleepTime=1000 MILLISECONDS)
2019-09-26 16:28:09,834 [main] INFO  ipc.Client (Client.java:handleConnectionFailure(948)) - Retrying connect to server: localhost/127.0.0.1:0. Already tried 3 time(s); retry policy is RetryUpToMaximumCountWithFixedSleep(maxRetries=10, sleepTime=1000 MILLISECONDS)
2019-09-26 16:28:10,835 [main] INFO  ipc.Client (Client.java:handleConnectionFailure(948)) - Retrying connect to server: localhost/127.0.0.1:0. Already tried 4 time(s); retry policy is RetryUpToMaximumCountWithFixedSleep(maxRetries=10, sleepTime=1000 MILLISECONDS)
2019-09-26 16:28:11,836 [main] INFO  ipc.Client (Client.java:handleConnectionFailure(948)) - Retrying connect to server: localhost/127.0.0.1:0. Already tried 5 time(s); retry policy is RetryUpToMaximumCountWithFixedSleep(maxRetries=10, sleepTime=1000 MILLISECONDS)
2019-09-26 16:28:12,837 [main] INFO  ipc.Client (Client.java:handleConnectionFailure(948)) - Retrying connect to server: localhost/127.0.0.1:0. Already tried 6 time(s); retry policy is RetryUpToMaximumCountWithFixedSleep(maxRetries=10, sleepTime=1000 MILLISECONDS)
2019-09-26 16:28:13,839 [main] INFO  ipc.Client (Client.java:handleConnectionFailure(948)) - Retrying connect to server: localhost/127.0.0.1:0. Already tried 7 time(s); retry policy is RetryUpToMaximumCountWithFixedSleep(maxRetries=10, sleepTime=1000 MILLISECONDS)
2019-09-26 16:28:14,841 [main] INFO  ipc.Client (Client.java:handleConnectionFailure(948)) - Retrying connect to server: localhost/127.0.0.1:0. Already tried 8 time(s); retry policy is RetryUpToMaximumCountWithFixedSleep(maxRetries=10, sleepTime=1000 MILLISECONDS)
2019-09-26 16:28:15,842 [main] INFO  ipc.Client (Client.java:handleConnectionFailure(948)) - Retrying connect to server: localhost/127.0.0.1:0. Already tried 9 time(s); retry policy is RetryUpToMaximumCountWithFixedSleep(maxRetries=10, sleepTime=1000 MILLISECONDS)
2019-09-26 16:28:15,844 [main] INFO  retry.RetryInvocationHandler (RetryInvocationHandler.java:log(411)) - com.google.protobuf.ServiceException: java.net.ConnectException: Your endpoint configuration is wrong; For more details see:  http://wiki.apache.org/hadoop/UnsetHostnameOrPort, while invoking $Proxy36.submitRequest over nodeId=null,nodeAddress=127.0.0.1:0 after 2 failover attempts. Trying to failover immediately.
2019-09-26 16:28:16,845 [main] INFO  ipc.Client (Client.java:handleConnectionFailure(948)) - Retrying connect to server: localhost/127.0.0.1:0. Already tried 0 time(s); retry policy is RetryUpToMaximumCountWithFixedSleep(maxRetries=10, sleepTime=1000 MILLISECONDS)
2019-09-26 16:28:17,847 [main] INFO  ipc.Client (Client.java:handleConnectionFailure(948)) - Retrying connect to server: localhost/127.0.0.1:0. Already tried 1 time(s); retry policy is RetryUpToMaximumCountWithFixedSleep(maxRetries=10, sleepTime=1000 MILLISECONDS)
2019-09-26 16:28:18,849 [main] INFO  ipc.Client (Client.java:handleConnectionFailure(948)) - Retrying connect to server: localhost/127.0.0.1:0. Already tried 2 time(s); retry policy is RetryUpToMaximumCountWithFixedSleep(maxRetries=10, sleepTime=1000 MILLISECONDS)
2019-09-26 16:28:19,850 [main] INFO  ipc.Client (Client.java:handleConnectionFailure(948)) - Retrying connect to server: localhost/127.0.0.1:0. Already tried 3 time(s); retry policy is RetryUpToMaximumCountWithFixedSleep(maxRetries=10, sleepTime=1000 MILLISECONDS)
2019-09-26 16:28:20,851 [main] INFO  ipc.Client (Client.java:handleConnectionFailure(948)) - Retrying connect to server: localhost/127.0.0.1:0. Already tried 4 time(s); retry policy is RetryUpToMaximumCountWithFixedSleep(maxRetries=10, sleepTime=1000 MILLISECONDS)
2019-09-26 16:28:21,853 [main] INFO  ipc.Client (Client.java:handleConnectionFailure(948)) - Retrying connect to server: localhost/127.0.0.1:0. Already tried 5 time(s); retry policy is RetryUpToMaximumCountWithFixedSleep(maxRetries=10, sleepTime=1000 MILLISECONDS)
2019-09-26 16:28:22,854 [main] INFO  ipc.Client (Client.java:handleConnectionFailure(948)) - Retrying connect to server: localhost/127.0.0.1:0. Already tried 6 time(s); retry policy is RetryUpToMaximumCountWithFixedSleep(maxRetries=10, sleepTime=1000 MILLISECONDS)
2019-09-26 16:28:23,856 [main] INFO  ipc.Client (Client.java:handleConnectionFailure(948)) - Retrying connect to server: localhost/127.0.0.1:0. Already tried 7 time(s); retry policy is RetryUpToMaximumCountWithFixedSleep(maxRetries=10, sleepTime=1000 MILLISECONDS)
2019-09-26 16:28:24,857 [main] INFO  ipc.Client (Client.java:handleConnectionFailure(948)) - Retrying connect to server: localhost/127.0.0.1:0. Already tried 8 time(s); retry policy is RetryUpToMaximumCountWithFixedSleep(maxRetries=10, sleepTime=1000 MILLISECONDS)
2019-09-26 16:28:25,859 [main] INFO  ipc.Client (Client.java:handleConnectionFailure(948)) - Retrying connect to server: localhost/127.0.0.1:0. Already tried 9 time(s); retry policy is RetryUpToMaximumCountWithFixedSleep(maxRetries=10, sleepTime=1000 MILLISECONDS)
2019-09-26 16:28:25,861 [main] INFO  retry.RetryInvocationHandler (RetryInvocationHandler.java:log(411)) - com.google.protobuf.ServiceException: java.net.ConnectException: Your endpoint configuration is wrong; For more details see:  http://wiki.apache.org/hadoop/UnsetHostnameOrPort, while invoking $Proxy36.submitRequest over nodeId=null,nodeAddress=127.0.0.1:0 after 3 failover attempts. Trying to failover immediately.
2019-09-26 16:28:26,862 [main] INFO  ipc.Client (Client.java:handleConnectionFailure(948)) - Retrying connect to server: localhost/127.0.0.1:0. Already tried 0 time(s); retry policy is RetryUpToMaximumCountWithFixedSleep(maxRetries=10, sleepTime=1000 MILLISECONDS)
2019-09-26 16:28:27,864 [main] INFO  ipc.Client (Client.java:handleConnectionFailure(948)) - Retrying connect to server: localhost/127.0.0.1:0. Already tried 1 time(s); retry policy is RetryUpToMaximumCountWithFixedSleep(maxRetries=10, sleepTime=1000 MILLISECONDS)
2019-09-26 16:28:28,865 [main] INFO  ipc.Client (Client.java:handleConnectionFailure(948)) - Retrying connect to server: localhost/127.0.0.1:0. Already tried 2 time(s); retry policy is RetryUpToMaximumCountWithFixedSleep(maxRetries=10, sleepTime=1000 MILLISECONDS)
2019-09-26 16:28:29,866 [main] INFO  ipc.Client (Client.java:handleConnectionFailure(948)) - Retrying connect to server: localhost/127.0.0.1:0. Already tried 3 time(s); retry policy is RetryUpToMaximumCountWithFixedSleep(maxRetries=10, sleepTime=1000 MILLISECONDS)
2019-09-26 16:28:30,868 [main] INFO  ipc.Client (Client.java:handleConnectionFailure(948)) - Retrying connect to server: localhost/127.0.0.1:0. Already tried 4 time(s); retry policy is RetryUpToMaximumCountWithFixedSleep(maxRetries=10, sleepTime=1000 MILLISECONDS)
2019-09-26 16:28:31,869 [main] INFO  ipc.Client (Client.java:handleConnectionFailure(948)) - Retrying connect to server: localhost/127.0.0.1:0. Already tried 5 time(s); retry policy is RetryUpToMaximumCountWithFixedSleep(maxRetries=10, sleepTime=1000 MILLISECONDS)
2019-09-26 16:28:32,871 [main] INFO  ipc.Client (Client.java:handleConnectionFailure(948)) - Retrying connect to server: localhost/127.0.0.1:0. Already tried 6 time(s); retry policy is RetryUpToMaximumCountWithFixedSleep(maxRetries=10, sleepTime=1000 MILLISECONDS)
2019-09-26 16:28:33,872 [main] INFO  ipc.Client (Client.java:handleConnectionFailure(948)) - Retrying connect to server: localhost/127.0.0.1:0. Already tried 7 time(s); retry policy is RetryUpToMaximumCountWithFixedSleep(maxRetries=10, sleepTime=1000 MILLISECONDS)
2019-09-26 16:28:34,873 [main] INFO  ipc.Client (Client.java:handleConnectionFailure(948)) - Retrying connect to server: localhost/127.0.0.1:0. Already tried 8 time(s); retry policy is RetryUpToMaximumCountWithFixedSleep(maxRetries=10, sleepTime=1000 MILLISECONDS)
2019-09-26 16:28:35,875 [main] INFO  ipc.Client (Client.java:handleConnectionFailure(948)) - Retrying connect to server: localhost/127.0.0.1:0. Already tried 9 time(s); retry policy is RetryUpToMaximumCountWithFixedSleep(maxRetries=10, sleepTime=1000 MILLISECONDS)
2019-09-26 16:28:35,877 [main] INFO  retry.RetryInvocationHandler (RetryInvocationHandler.java:log(411)) - com.google.protobuf.ServiceException: java.net.ConnectException: Your endpoint configuration is wrong; For more details see:  http://wiki.apache.org/hadoop/UnsetHostnameOrPort, while invoking $Proxy36.submitRequest over nodeId=null,nodeAddress=127.0.0.1:0 after 4 failover attempts. Trying to failover immediately.
2019-09-26 16:28:36,878 [main] INFO  ipc.Client (Client.java:handleConnectionFailure(948)) - Retrying connect to server: localhost/127.0.0.1:0. Already tried 0 time(s); retry policy is RetryUpToMaximumCountWithFixedSleep(maxRetries=10, sleepTime=1000 MILLISECONDS)
2019-09-26 16:28:37,879 [main] INFO  ipc.Client (Client.java:handleConnectionFailure(948)) - Retrying connect to server: localhost/127.0.0.1:0. Already tried 1 time(s); retry policy is RetryUpToMaximumCountWithFixedSleep(maxRetries=10, sleepTime=1000 MILLISECONDS)
2019-09-26 16:28:38,881 [main] INFO  ipc.Client (Client.java:handleConnectionFailure(948)) - Retrying connect to server: localhost/127.0.0.1:0. Already tried 2 time(s); retry policy is RetryUpToMaximumCountWithFixedSleep(maxRetries=10, sleepTime=1000 MILLISECONDS)
2019-09-26 16:28:39,882 [main] INFO  ipc.Client (Client.java:handleConnectionFailure(948)) - Retrying connect to server: localhost/127.0.0.1:0. Already tried 3 time(s); retry policy is RetryUpToMaximumCountWithFixedSleep(maxRetries=10, sleepTime=1000 MILLISECONDS)
2019-09-26 16:28:40,883 [main] INFO  ipc.Client (Client.java:handleConnectionFailure(948)) - Retrying connect to server: localhost/127.0.0.1:0. Already tried 4 time(s); retry policy is RetryUpToMaximumCountWithFixedSleep(maxRetries=10, sleepTime=1000 MILLISECONDS)
2019-09-26 16:28:41,885 [main] INFO  ipc.Client (Client.java:handleConnectionFailure(948)) - Retrying connect to server: localhost/127.0.0.1:0. Already tried 5 time(s); retry policy is RetryUpToMaximumCountWithFixedSleep(maxRetries=10, sleepTime=1000 MILLISECONDS)
2019-09-26 16:28:42,886 [main] INFO  ipc.Client (Client.java:handleConnectionFailure(948)) - Retrying connect to server: localhost/127.0.0.1:0. Already tried 6 time(s); retry policy is RetryUpToMaximumCountWithFixedSleep(maxRetries=10, sleepTime=1000 MILLISECONDS)
2019-09-26 16:28:43,887 [main] INFO  ipc.Client (Client.java:handleConnectionFailure(948)) - Retrying connect to server: localhost/127.0.0.1:0. Already tried 7 time(s); retry policy is RetryUpToMaximumCountWithFixedSleep(maxRetries=10, sleepTime=1000 MILLISECONDS)
2019-09-26 16:28:44,889 [main] INFO  ipc.Client (Client.java:handleConnectionFailure(948)) - Retrying connect to server: localhost/127.0.0.1:0. Already tried 8 time(s); retry policy is RetryUpToMaximumCountWithFixedSleep(maxRetries=10, sleepTime=1000 MILLISECONDS)
2019-09-26 16:28:45,890 [main] INFO  ipc.Client (Client.java:handleConnectionFailure(948)) - Retrying connect to server: localhost/127.0.0.1:0. Already tried 9 time(s); retry policy is RetryUpToMaximumCountWithFixedSleep(maxRetries=10, sleepTime=1000 MILLISECONDS)
2019-09-26 16:28:45,892 [main] INFO  retry.RetryInvocationHandler (RetryInvocationHandler.java:log(411)) - com.google.protobuf.ServiceException: java.net.ConnectException: Your endpoint configuration is wrong; For more details see:  http://wiki.apache.org/hadoop/UnsetHostnameOrPort, while invoking $Proxy36.submitRequest over nodeId=null,nodeAddress=127.0.0.1:0 after 5 failover attempts. Trying to failover immediately.
2019-09-26 16:28:46,893 [main] INFO  ipc.Client (Client.java:handleConnectionFailure(948)) - Retrying connect to server: localhost/127.0.0.1:0. Already tried 0 time(s); retry policy is RetryUpToMaximumCountWithFixedSleep(maxRetries=10, sleepTime=1000 MILLISECONDS)
2019-09-26 16:28:47,894 [main] INFO  ipc.Client (Client.java:handleConnectionFailure(948)) - Retrying connect to server: localhost/127.0.0.1:0. Already tried 1 time(s); retry policy is RetryUpToMaximumCountWithFixedSleep(maxRetries=10, sleepTime=1000 MILLISECONDS)
2019-09-26 16:28:48,896 [main] INFO  ipc.Client (Client.java:handleConnectionFailure(948)) - Retrying connect to server: localhost/127.0.0.1:0. Already tried 2 time(s); retry policy is RetryUpToMaximumCountWithFixedSleep(maxRetries=10, sleepTime=1000 MILLISECONDS)
2019-09-26 16:28:49,897 [main] INFO  ipc.Client (Client.java:handleConnectionFailure(948)) - Retrying connect to server: localhost/127.0.0.1:0. Already tried 3 time(s); retry policy is RetryUpToMaximumCountWithFixedSleep(maxRetries=10, sleepTime=1000 MILLISECONDS)
2019-09-26 16:28:50,898 [main] INFO  ipc.Client (Client.java:handleConnectionFailure(948)) - Retrying connect to server: localhost/127.0.0.1:0. Already tried 4 time(s); retry policy is RetryUpToMaximumCountWithFixedSleep(maxRetries=10, sleepTime=1000 MILLISECONDS)
2019-09-26 16:28:51,900 [main] INFO  ipc.Client (Client.java:handleConnectionFailure(948)) - Retrying connect to server: localhost/127.0.0.1:0. Already tried 5 time(s); retry policy is RetryUpToMaximumCountWithFixedSleep(maxRetries=10, sleepTime=1000 MILLISECONDS)
2019-09-26 16:28:52,901 [main] INFO  ipc.Client (Client.java:handleConnectionFailure(948)) - Retrying connect to server: localhost/127.0.0.1:0. Already tried 6 time(s); retry policy is RetryUpToMaximumCountWithFixedSleep(maxRetries=10, sleepTime=1000 MILLISECONDS)
2019-09-26 16:28:53,902 [main] INFO  ipc.Client (Client.java:handleConnectionFailure(948)) - Retrying connect to server: localhost/127.0.0.1:0. Already tried 7 time(s); retry policy is RetryUpToMaximumCountWithFixedSleep(maxRetries=10, sleepTime=1000 MILLISECONDS)
2019-09-26 16:28:54,904 [main] INFO  ipc.Client (Client.java:handleConnectionFailure(948)) - Retrying connect to server: localhost/127.0.0.1:0. Already tried 8 time(s); retry policy is RetryUpToMaximumCountWithFixedSleep(maxRetries=10, sleepTime=1000 MILLISECONDS)
2019-09-26 16:28:55,905 [main] INFO  ipc.Client (Client.java:handleConnectionFailure(948)) - Retrying connect to server: localhost/127.0.0.1:0. Already tried 9 time(s); retry policy is RetryUpToMaximumCountWithFixedSleep(maxRetries=10, sleepTime=1000 MILLISECONDS)
2019-09-26 16:28:55,907 [main] INFO  retry.RetryInvocationHandler (RetryInvocationHandler.java:log(411)) - com.google.protobuf.ServiceException: java.net.ConnectException: Your endpoint configuration is wrong; For more details see:  http://wiki.apache.org/hadoop/UnsetHostnameOrPort, while invoking $Proxy36.submitRequest over nodeId=null,nodeAddress=127.0.0.1:0 after 6 failover attempts. Trying to failover immediately.
2019-09-26 16:28:56,908 [main] INFO  ipc.Client (Client.java:handleConnectionFailure(948)) - Retrying connect to server: localhost/127.0.0.1:0. Already tried 0 time(s); retry policy is RetryUpToMaximumCountWithFixedSleep(maxRetries=10, sleepTime=1000 MILLISECONDS)
2019-09-26 16:28:57,909 [main] INFO  ipc.Client (Client.java:handleConnectionFailure(948)) - Retrying connect to server: localhost/127.0.0.1:0. Already tried 1 time(s); retry policy is RetryUpToMaximumCountWithFixedSleep(maxRetries=10, sleepTime=1000 MILLISECONDS)
2019-09-26 16:28:58,912 [main] INFO  ipc.Client (Client.java:handleConnectionFailure(948)) - Retrying connect to server: localhost/127.0.0.1:0. Already tried 2 time(s); retry policy is RetryUpToMaximumCountWithFixedSleep(maxRetries=10, sleepTime=1000 MILLISECONDS)
2019-09-26 16:28:59,916 [main] INFO  ipc.Client (Client.java:handleConnectionFailure(948)) - Retrying connect to server: localhost/127.0.0.1:0. Already tried 3 time(s); retry policy is RetryUpToMaximumCountWithFixedSleep(maxRetries=10, sleepTime=1000 MILLISECONDS)
2019-09-26 16:29:00,919 [main] INFO  ipc.Client (Client.java:handleConnectionFailure(948)) - Retrying connect to server: localhost/127.0.0.1:0. Already tried 4 time(s); retry policy is RetryUpToMaximumCountWithFixedSleep(maxRetries=10, sleepTime=1000 MILLISECONDS)
2019-09-26 16:29:01,923 [main] INFO  ipc.Client (Client.java:handleConnectionFailure(948)) - Retrying connect to server: localhost/127.0.0.1:0. Already tried 5 time(s); retry policy is RetryUpToMaximumCountWithFixedSleep(maxRetries=10, sleepTime=1000 MILLISECONDS)
2019-09-26 16:29:02,924 [main] INFO  ipc.Client (Client.java:handleConnectionFailure(948)) - Retrying connect to server: localhost/127.0.0.1:0. Already tried 6 time(s); retry policy is RetryUpToMaximumCountWithFixedSleep(maxRetries=10, sleepTime=1000 MILLISECONDS)
2019-09-26 16:29:03,926 [main] INFO  ipc.Client (Client.java:handleConnectionFailure(948)) - Retrying connect to server: localhost/127.0.0.1:0. Already tried 7 time(s); retry policy is RetryUpToMaximumCountWithFixedSleep(maxRetries=10, sleepTime=1000 MILLISECONDS)
2019-09-26 16:29:04,929 [main] INFO  ipc.Client (Client.java:handleConnectionFailure(948)) - Retrying connect to server: localhost/127.0.0.1:0. Already tried 8 time(s); retry policy is RetryUpToMaximumCountWithFixedSleep(maxRetries=10, sleepTime=1000 MILLISECONDS)
2019-09-26 16:29:05,930 [main] INFO  ipc.Client (Client.java:handleConnectionFailure(948)) - Retrying connect to server: localhost/127.0.0.1:0. Already tried 9 time(s); retry policy is RetryUpToMaximumCountWithFixedSleep(maxRetries=10, sleepTime=1000 MILLISECONDS)
2019-09-26 16:29:05,932 [main] INFO  retry.RetryInvocationHandler (RetryInvocationHandler.java:log(411)) - com.google.protobuf.ServiceException: java.net.ConnectException: Your endpoint configuration is wrong; For more details see:  http://wiki.apache.org/hadoop/UnsetHostnameOrPort, while invoking $Proxy36.submitRequest over nodeId=null,nodeAddress=127.0.0.1:0 after 7 failover attempts. Trying to failover immediately.
2019-09-26 16:29:06,934 [main] INFO  ipc.Client (Client.java:handleConnectionFailure(948)) - Retrying connect to server: localhost/127.0.0.1:0. Already tried 0 time(s); retry policy is RetryUpToMaximumCountWithFixedSleep(maxRetries=10, sleepTime=1000 MILLISECONDS)
2019-09-26 16:29:07,939 [main] INFO  ipc.Client (Client.java:handleConnectionFailure(948)) - Retrying connect to server: localhost/127.0.0.1:0. Already tried 1 time(s); retry policy is RetryUpToMaximumCountWithFixedSleep(maxRetries=10, sleepTime=1000 MILLISECONDS)
2019-09-26 16:29:08,942 [main] INFO  ipc.Client (Client.java:handleConnectionFailure(948)) - Retrying connect to server: localhost/127.0.0.1:0. Already tried 2 time(s); retry policy is RetryUpToMaximumCountWithFixedSleep(maxRetries=10, sleepTime=1000 MILLISECONDS)
2019-09-26 16:29:09,944 [main] INFO  ipc.Client (Client.java:handleConnectionFailure(948)) - Retrying connect to server: localhost/127.0.0.1:0. Already tried 3 time(s); retry policy is RetryUpToMaximumCountWithFixedSleep(maxRetries=10, sleepTime=1000 MILLISECONDS)
2019-09-26 16:29:10,945 [main] INFO  ipc.Client (Client.java:handleConnectionFailure(948)) - Retrying connect to server: localhost/127.0.0.1:0. Already tried 4 time(s); retry policy is RetryUpToMaximumCountWithFixedSleep(maxRetries=10, sleepTime=1000 MILLISECONDS)
2019-09-26 16:29:11,946 [main] INFO  ipc.Client (Client.java:handleConnectionFailure(948)) - Retrying connect to server: localhost/127.0.0.1:0. Already tried 5 time(s); retry policy is RetryUpToMaximumCountWithFixedSleep(maxRetries=10, sleepTime=1000 MILLISECONDS)
2019-09-26 16:29:12,948 [main] INFO  ipc.Client (Client.java:handleConnectionFailure(948)) - Retrying connect to server: localhost/127.0.0.1:0. Already tried 6 time(s); retry policy is RetryUpToMaximumCountWithFixedSleep(maxRetries=10, sleepTime=1000 MILLISECONDS)
2019-09-26 16:29:13,949 [main] INFO  ipc.Client (Client.java:handleConnectionFailure(948)) - Retrying connect to server: localhost/127.0.0.1:0. Already tried 7 time(s); retry policy is RetryUpToMaximumCountWithFixedSleep(maxRetries=10, sleepTime=1000 MILLISECONDS)
2019-09-26 16:29:14,951 [main] INFO  ipc.Client (Client.java:handleConnectionFailure(948)) - Retrying connect to server: localhost/127.0.0.1:0. Already tried 8 time(s); retry policy is RetryUpToMaximumCountWithFixedSleep(maxRetries=10, sleepTime=1000 MILLISECONDS)
2019-09-26 16:29:15,953 [main] INFO  ipc.Client (Client.java:handleConnectionFailure(948)) - Retrying connect to server: localhost/127.0.0.1:0. Already tried 9 time(s); retry policy is RetryUpToMaximumCountWithFixedSleep(maxRetries=10, sleepTime=1000 MILLISECONDS)
2019-09-26 16:29:15,955 [main] INFO  retry.RetryInvocationHandler (RetryInvocationHandler.java:log(411)) - com.google.protobuf.ServiceException: java.net.ConnectException: Your endpoint configuration is wrong; For more details see:  http://wiki.apache.org/hadoop/UnsetHostnameOrPort, while invoking $Proxy36.submitRequest over nodeId=null,nodeAddress=127.0.0.1:0 after 8 failover attempts. Trying to failover immediately.
2019-09-26 16:29:16,956 [main] INFO  ipc.Client (Client.java:handleConnectionFailure(948)) - Retrying connect to server: localhost/127.0.0.1:0. Already tried 0 time(s); retry policy is RetryUpToMaximumCountWithFixedSleep(maxRetries=10, sleepTime=1000 MILLISECONDS)
2019-09-26 16:29:17,961 [main] INFO  ipc.Client (Client.java:handleConnectionFailure(948)) - Retrying connect to server: localhost/127.0.0.1:0. Already tried 1 time(s); retry policy is RetryUpToMaximumCountWithFixedSleep(maxRetries=10, sleepTime=1000 MILLISECONDS)
2019-09-26 16:29:18,963 [main] INFO  ipc.Client (Client.java:handleConnectionFailure(948)) - Retrying connect to server: localhost/127.0.0.1:0. Already tried 2 time(s); retry policy is RetryUpToMaximumCountWithFixedSleep(maxRetries=10, sleepTime=1000 MILLISECONDS)
2019-09-26 16:29:19,966 [main] INFO  ipc.Client (Client.java:handleConnectionFailure(948)) - Retrying connect to server: localhost/127.0.0.1:0. Already tried 3 time(s); retry policy is RetryUpToMaximumCountWithFixedSleep(maxRetries=10, sleepTime=1000 MILLISECONDS)
2019-09-26 16:29:20,970 [main] INFO  ipc.Client (Client.java:handleConnectionFailure(948)) - Retrying connect to server: localhost/127.0.0.1:0. Already tried 4 time(s); retry policy is RetryUpToMaximumCountWithFixedSleep(maxRetries=10, sleepTime=1000 MILLISECONDS)
2019-09-26 16:29:21,973 [main] INFO  ipc.Client (Client.java:handleConnectionFailure(948)) - Retrying connect to server: localhost/127.0.0.1:0. Already tried 5 time(s); retry policy is RetryUpToMaximumCountWithFixedSleep(maxRetries=10, sleepTime=1000 MILLISECONDS)
2019-09-26 16:29:22,974 [main] INFO  ipc.Client (Client.java:handleConnectionFailure(948)) - Retrying connect to server: localhost/127.0.0.1:0. Already tried 6 time(s); retry policy is RetryUpToMaximumCountWithFixedSleep(maxRetries=10, sleepTime=1000 MILLISECONDS)
2019-09-26 16:29:23,977 [main] INFO  ipc.Client (Client.java:handleConnectionFailure(948)) - Retrying connect to server: localhost/127.0.0.1:0. Already tried 7 time(s); retry policy is RetryUpToMaximumCountWithFixedSleep(maxRetries=10, sleepTime=1000 MILLISECONDS)
2019-09-26 16:29:24,980 [main] INFO  ipc.Client (Client.java:handleConnectionFailure(948)) - Retrying connect to server: localhost/127.0.0.1:0. Already tried 8 time(s); retry policy is RetryUpToMaximumCountWithFixedSleep(maxRetries=10, sleepTime=1000 MILLISECONDS)
2019-09-26 16:29:25,982 [main] INFO  ipc.Client (Client.java:handleConnectionFailure(948)) - Retrying connect to server: localhost/127.0.0.1:0. Already tried 9 time(s); retry policy is RetryUpToMaximumCountWithFixedSleep(maxRetries=10, sleepTime=1000 MILLISECONDS)
2019-09-26 16:29:25,984 [main] INFO  retry.RetryInvocationHandler (RetryInvocationHandler.java:log(411)) - com.google.protobuf.ServiceException: java.net.ConnectException: Your endpoint configuration is wrong; For more details see:  http://wiki.apache.org/hadoop/UnsetHostnameOrPort, while invoking $Proxy36.submitRequest over nodeId=null,nodeAddress=127.0.0.1:0 after 9 failover attempts. Trying to failover immediately.
2019-09-26 16:29:26,986 [main] INFO  ipc.Client (Client.java:handleConnectionFailure(948)) - Retrying connect to server: localhost/127.0.0.1:0. Already tried 0 time(s); retry policy is RetryUpToMaximumCountWithFixedSleep(maxRetries=10, sleepTime=1000 MILLISECONDS)
2019-09-26 16:29:27,987 [main] INFO  ipc.Client (Client.java:handleConnectionFailure(948)) - Retrying connect to server: localhost/127.0.0.1:0. Already tried 1 time(s); retry policy is RetryUpToMaximumCountWithFixedSleep(maxRetries=10, sleepTime=1000 MILLISECONDS)
2019-09-26 16:29:28,991 [main] INFO  ipc.Client (Client.java:handleConnectionFailure(948)) - Retrying connect to server: localhost/127.0.0.1:0. Already tried 2 time(s); retry policy is RetryUpToMaximumCountWithFixedSleep(maxRetries=10, sleepTime=1000 MILLISECONDS)
2019-09-26 16:29:29,992 [main] INFO  ipc.Client (Client.java:handleConnectionFailure(948)) - Retrying connect to server: localhost/127.0.0.1:0. Already tried 3 time(s); retry policy is RetryUpToMaximumCountWithFixedSleep(maxRetries=10, sleepTime=1000 MILLISECONDS)
2019-09-26 16:29:30,995 [main] INFO  ipc.Client (Client.java:handleConnectionFailure(948)) - Retrying connect to server: localhost/127.0.0.1:0. Already tried 4 time(s); retry policy is RetryUpToMaximumCountWithFixedSleep(maxRetries=10, sleepTime=1000 MILLISECONDS)
2019-09-26 16:29:31,998 [main] INFO  ipc.Client (Client.java:handleConnectionFailure(948)) - Retrying connect to server: localhost/127.0.0.1:0. Already tried 5 time(s); retry policy is RetryUpToMaximumCountWithFixedSleep(maxRetries=10, sleepTime=1000 MILLISECONDS)
2019-09-26 16:29:33,001 [main] INFO  ipc.Client (Client.java:handleConnectionFailure(948)) - Retrying connect to server: localhost/127.0.0.1:0. Already tried 6 time(s); retry policy is RetryUpToMaximumCountWithFixedSleep(maxRetries=10, sleepTime=1000 MILLISECONDS)
2019-09-26 16:29:34,004 [main] INFO  ipc.Client (Client.java:handleConnectionFailure(948)) - Retrying connect to server: localhost/127.0.0.1:0. Already tried 7 time(s); retry policy is RetryUpToMaximumCountWithFixedSleep(maxRetries=10, sleepTime=1000 MILLISECONDS)
2019-09-26 16:29:35,008 [main] INFO  ipc.Client (Client.java:handleConnectionFailure(948)) - Retrying connect to server: localhost/127.0.0.1:0. Already tried 8 time(s); retry policy is RetryUpToMaximumCountWithFixedSleep(maxRetries=10, sleepTime=1000 MILLISECONDS)
2019-09-26 16:29:36,010 [main] INFO  ipc.Client (Client.java:handleConnectionFailure(948)) - Retrying connect to server: localhost/127.0.0.1:0. Already tried 9 time(s); retry policy is RetryUpToMaximumCountWithFixedSleep(maxRetries=10, sleepTime=1000 MILLISECONDS)
2019-09-26 16:29:36,012 [main] ERROR ha.OMFailoverProxyProvider (OzoneManagerProtocolClientSideTranslatorPB.java:getRetryAction(268)) - Failed to connect to OM. Attempted 10 retries and 10 failovers
2019-09-26 16:29:36,014 [main] ERROR client.OzoneClientFactory (OzoneClientFactory.java:getClientProtocol(259)) - Couldn't create RpcClient protocol exception: 
java.net.ConnectException: Your endpoint configuration is wrong; For more details see:  http://wiki.apache.org/hadoop/UnsetHostnameOrPort
	at sun.reflect.NativeConstructorAccessorImpl.newInstance0(Native Method)
	at sun.reflect.NativeConstructorAccessorImpl.newInstance(NativeConstructorAccessorImpl.java:62)
	at sun.reflect.DelegatingConstructorAccessorImpl.newInstance(DelegatingConstructorAccessorImpl.java:45)
	at java.lang.reflect.Constructor.newInstance(Constructor.java:423)
	at org.apache.hadoop.net.NetUtils.wrapWithMessage(NetUtils.java:831)
	at org.apache.hadoop.net.NetUtils.wrapException(NetUtils.java:751)
	at org.apache.hadoop.ipc.Client.getRpcResponse(Client.java:1515)
	at org.apache.hadoop.ipc.Client.call(Client.java:1457)
	at org.apache.hadoop.ipc.Client.call(Client.java:1367)
	at org.apache.hadoop.ipc.ProtobufRpcEngine$Invoker.invoke(ProtobufRpcEngine.java:228)
	at org.apache.hadoop.ipc.ProtobufRpcEngine$Invoker.invoke(ProtobufRpcEngine.java:116)
	at com.sun.proxy.$Proxy36.submitRequest(Unknown Source)
	at sun.reflect.NativeMethodAccessorImpl.invoke0(Native Method)
	at sun.reflect.NativeMethodAccessorImpl.invoke(NativeMethodAccessorImpl.java:62)
	at sun.reflect.DelegatingMethodAccessorImpl.invoke(DelegatingMethodAccessorImpl.java:43)
	at java.lang.reflect.Method.invoke(Method.java:498)
	at org.apache.hadoop.io.retry.RetryInvocationHandler.invokeMethod(RetryInvocationHandler.java:422)
	at org.apache.hadoop.io.retry.RetryInvocationHandler$Call.invokeMethod(RetryInvocationHandler.java:165)
	at org.apache.hadoop.io.retry.RetryInvocationHandler$Call.invoke(RetryInvocationHandler.java:157)
	at org.apache.hadoop.io.retry.RetryInvocationHandler$Call.invokeOnce(RetryInvocationHandler.java:95)
	at org.apache.hadoop.io.retry.RetryInvocationHandler.invoke(RetryInvocationHandler.java:359)
	at com.sun.proxy.$Proxy36.submitRequest(Unknown Source)
	at org.apache.hadoop.ozone.om.protocolPB.OzoneManagerProtocolClientSideTranslatorPB.submitRequest(OzoneManagerProtocolClientSideTranslatorPB.java:338)
	at org.apache.hadoop.ozone.om.protocolPB.OzoneManagerProtocolClientSideTranslatorPB.getServiceInfo(OzoneManagerProtocolClientSideTranslatorPB.java:1223)
	at sun.reflect.NativeMethodAccessorImpl.invoke0(Native Method)
	at sun.reflect.NativeMethodAccessorImpl.invoke(NativeMethodAccessorImpl.java:62)
	at sun.reflect.DelegatingMethodAccessorImpl.invoke(DelegatingMethodAccessorImpl.java:43)
	at java.lang.reflect.Method.invoke(Method.java:498)
	at org.apache.hadoop.hdds.tracing.TraceAllMethod.invoke(TraceAllMethod.java:66)
	at com.sun.proxy.$Proxy37.getServiceInfo(Unknown Source)
	at org.apache.hadoop.ozone.client.rpc.RpcClient.<init>(RpcClient.java:154)
	at org.apache.hadoop.ozone.client.OzoneClientFactory.getClientProtocol(OzoneClientFactory.java:256)
	at org.apache.hadoop.ozone.client.OzoneClientFactory.getClientProtocol(OzoneClientFactory.java:239)
	at org.apache.hadoop.ozone.client.OzoneClientFactory.getClient(OzoneClientFactory.java:75)
	at org.apache.hadoop.ozone.client.rpc.TestCommitWatcher.init(TestCommitWatcher.java:107)
	at sun.reflect.NativeMethodAccessorImpl.invoke0(Native Method)
	at sun.reflect.NativeMethodAccessorImpl.invoke(NativeMethodAccessorImpl.java:62)
	at sun.reflect.DelegatingMethodAccessorImpl.invoke(DelegatingMethodAccessorImpl.java:43)
	at java.lang.reflect.Method.invoke(Method.java:498)
	at org.junit.runners.model.FrameworkMethod$1.runReflectiveCall(FrameworkMethod.java:47)
	at org.junit.internal.runners.model.ReflectiveCallable.run(ReflectiveCallable.java:12)
	at org.junit.runners.model.FrameworkMethod.invokeExplosively(FrameworkMethod.java:44)
	at org.junit.internal.runners.statements.RunBefores.evaluate(RunBefores.java:24)
	at org.junit.internal.runners.statements.RunAfters.evaluate(RunAfters.java:27)
	at org.junit.runners.ParentRunner.run(ParentRunner.java:309)
	at org.apache.maven.surefire.junit4.JUnit4Provider.execute(JUnit4Provider.java:365)
	at org.apache.maven.surefire.junit4.JUnit4Provider.executeWithRerun(JUnit4Provider.java:273)
	at org.apache.maven.surefire.junit4.JUnit4Provider.executeTestSet(JUnit4Provider.java:238)
	at org.apache.maven.surefire.junit4.JUnit4Provider.invoke(JUnit4Provider.java:159)
	at org.apache.maven.surefire.booter.ForkedBooter.invokeProviderInSameClassLoader(ForkedBooter.java:384)
	at org.apache.maven.surefire.booter.ForkedBooter.runSuitesInProcess(ForkedBooter.java:345)
	at org.apache.maven.surefire.booter.ForkedBooter.execute(ForkedBooter.java:126)
	at org.apache.maven.surefire.booter.ForkedBooter.main(ForkedBooter.java:418)
Caused by: java.net.ConnectException: Connection refused
	at sun.nio.ch.SocketChannelImpl.checkConnect(Native Method)
	at sun.nio.ch.SocketChannelImpl.finishConnect(SocketChannelImpl.java:717)
	at org.apache.hadoop.net.SocketIOWithTimeout.connect(SocketIOWithTimeout.java:206)
	at org.apache.hadoop.net.NetUtils.connect(NetUtils.java:531)
	at org.apache.hadoop.ipc.Client$Connection.setupConnection(Client.java:690)
	at org.apache.hadoop.ipc.Client$Connection.setupIOstreams(Client.java:794)
	at org.apache.hadoop.ipc.Client$Connection.access$3700(Client.java:411)
	at org.apache.hadoop.ipc.Client.getConnection(Client.java:1572)
	at org.apache.hadoop.ipc.Client.call(Client.java:1403)
	... 45 more
2019-09-26 16:29:36,017 [main] INFO  ozone.MiniOzoneClusterImpl (MiniOzoneClusterImpl.java:shutdown(314)) - Shutting down the Mini Ozone Cluster
2019-09-26 16:29:36,018 [main] INFO  ozone.MiniOzoneClusterImpl (MiniOzoneClusterImpl.java:stop(330)) - Stopping the Mini Ozone Cluster
2019-09-26 16:29:36,018 [main] INFO  ozone.MiniOzoneClusterImpl (MiniOzoneClusterImpl.java:stopOM(400)) - Stopping the OzoneManager
2019-09-26 16:29:36,018 [main] INFO  ipc.Server (Server.java:stop(3082)) - Stopping server on 41235
2019-09-26 16:29:36,029 [IPC Server listener on 41235] INFO  ipc.Server (Server.java:run(1185)) - Stopping IPC Server listener on 41235
2019-09-26 16:29:36,031 [main] INFO  ratis.OzoneManagerDoubleBuffer (OzoneManagerDoubleBuffer.java:stop(248)) - Stopping OMDoubleBuffer flush thread
2019-09-26 16:29:36,036 [IPC Server Responder] INFO  ipc.Server (Server.java:run(1319)) - Stopping IPC Server Responder
2019-09-26 16:29:36,045 [OMDoubleBufferFlushThread] INFO  ratis.OzoneManagerDoubleBuffer (OzoneManagerDoubleBuffer.java:flushTransactions(191)) - OMDoubleBuffer flush thread OMDoubleBufferFlushThread is interrupted and will exit. OMDoubleBufferFlushThread
2019-09-26 16:29:36,063 [main] INFO  utils.BackgroundService (BackgroundService.java:shutdown(148)) - Shutting down service KeyDeletingService
2019-09-26 16:29:36,082 [main] INFO  handler.ContextHandler (ContextHandler.java:doStop(910)) - Stopped o.e.j.w.WebAppContext@5eb97ced{/,null,UNAVAILABLE}{/ozoneManager}
2019-09-26 16:29:36,089 [main] INFO  server.AbstractConnector (AbstractConnector.java:doStop(318)) - Stopped ServerConnector@68ba310d{HTTP/1.1,[http/1.1]}{0.0.0.0:0}
2019-09-26 16:29:36,090 [main] INFO  handler.ContextHandler (ContextHandler.java:doStop(910)) - Stopped o.e.j.s.ServletContextHandler@444548a0{/static,file:///workdir/hadoop-ozone/integration-test/target/test-classes/webapps/static,UNAVAILABLE}
2019-09-26 16:29:36,090 [main] INFO  handler.ContextHandler (ContextHandler.java:doStop(910)) - Stopped o.e.j.s.ServletContextHandler@26dcd8c0{/logs,file:///workdir/hadoop-ozone/integration-test/target/log,UNAVAILABLE}
2019-09-26 16:29:36,095 [main] INFO  ozone.MiniOzoneClusterImpl (MiniOzoneClusterImpl.java:stopDatanodes(377)) - Stopping the HddsDatanodes
2019-09-26 16:29:36,100 [Datanode State Machine Thread - 0] INFO  statemachine.DatanodeStateMachine (DatanodeStateMachine.java:lambda$startDaemon$0(350)) - Ozone container server started.
2019-09-26 16:29:36,306 [Datanode State Machine Thread - 0] INFO  statemachine.DatanodeStateMachine (DatanodeStateMachine.java:lambda$startDaemon$0(350)) - Ozone container server started.
2019-09-26 16:29:38,115 [EventQueue-StaleNodeForStaleNodeHandler] INFO  node.StaleNodeHandler (StaleNodeHandler.java:onMessage(58)) - Datanode 544e4564-cff2-4854-aa86-9068d953c0c3{ip: 192.168.157.234, host: pr-hdds-2162-htzpk-1451759861, networkLocation: /default-rack, certSerialId: null} moved to stale state. Finalizing its pipelines [PipelineID=e484aa2a-5944-402a-b04c-5753ae72aaa1, PipelineID=2b957455-3cc6-403c-874d-f45a88c3a742]
2019-09-26 16:29:38,116 [EventQueue-StaleNodeForStaleNodeHandler] INFO  pipeline.SCMPipelineManager (SCMPipelineManager.java:finalizeAndDestroyPipeline(315)) - destroying pipeline:Pipeline[ Id: e484aa2a-5944-402a-b04c-5753ae72aaa1, Nodes: 544e4564-cff2-4854-aa86-9068d953c0c3{ip: 192.168.157.234, host: pr-hdds-2162-htzpk-1451759861, networkLocation: /default-rack, certSerialId: null}, Type:RATIS, Factor:ONE, State:OPEN]
2019-09-26 16:29:38,120 [EventQueue-StaleNodeForStaleNodeHandler] INFO  pipeline.PipelineStateManager (PipelineStateManager.java:finalizePipeline(123)) - Pipeline Pipeline[ Id: e484aa2a-5944-402a-b04c-5753ae72aaa1, Nodes: 544e4564-cff2-4854-aa86-9068d953c0c3{ip: 192.168.157.234, host: pr-hdds-2162-htzpk-1451759861, networkLocation: /default-rack, certSerialId: null}, Type:RATIS, Factor:ONE, State:CLOSED] moved to CLOSED state
2019-09-26 16:29:38,123 [EventQueue-StaleNodeForStaleNodeHandler] INFO  pipeline.SCMPipelineManager (SCMPipelineManager.java:finalizeAndDestroyPipeline(315)) - destroying pipeline:Pipeline[ Id: 2b957455-3cc6-403c-874d-f45a88c3a742, Nodes: 6ad4b93a-b4cf-4be6-9fd2-9d62088a494c{ip: 192.168.157.234, host: pr-hdds-2162-htzpk-1451759861, networkLocation: /default-rack, certSerialId: null}544e4564-cff2-4854-aa86-9068d953c0c3{ip: 192.168.157.234, host: pr-hdds-2162-htzpk-1451759861, networkLocation: /default-rack, certSerialId: null}79ffe903-3fc0-40a8-8acf-aa2d12154a51{ip: 192.168.157.234, host: pr-hdds-2162-htzpk-1451759861, networkLocation: /default-rack, certSerialId: null}, Type:RATIS, Factor:THREE, State:OPEN]
2019-09-26 16:29:38,123 [EventQueue-StaleNodeForStaleNodeHandler] INFO  pipeline.PipelineStateManager (PipelineStateManager.java:finalizePipeline(123)) - Pipeline Pipeline[ Id: 2b957455-3cc6-403c-874d-f45a88c3a742, Nodes: 6ad4b93a-b4cf-4be6-9fd2-9d62088a494c{ip: 192.168.157.234, host: pr-hdds-2162-htzpk-1451759861, networkLocation: /default-rack, certSerialId: null}544e4564-cff2-4854-aa86-9068d953c0c3{ip: 192.168.157.234, host: pr-hdds-2162-htzpk-1451759861, networkLocation: /default-rack, certSerialId: null}79ffe903-3fc0-40a8-8acf-aa2d12154a51{ip: 192.168.157.234, host: pr-hdds-2162-htzpk-1451759861, networkLocation: /default-rack, certSerialId: null}, Type:RATIS, Factor:THREE, State:CLOSED] moved to CLOSED state
2019-09-26 16:29:38,315 [EventQueue-StaleNodeForStaleNodeHandler] INFO  node.StaleNodeHandler (StaleNodeHandler.java:onMessage(58)) - Datanode 923128ae-3131-46de-9810-c19589cb32d9{ip: 192.168.157.234, host: pr-hdds-2162-htzpk-1451759861, networkLocation: /default-rack, certSerialId: null} moved to stale state. Finalizing its pipelines [PipelineID=34bef81e-1e14-4f2d-8ce9-54fc743a9b46, PipelineID=ebeed409-2436-4f93-8d48-85810982b6dd]
2019-09-26 16:29:38,315 [EventQueue-StaleNodeForStaleNodeHandler] INFO  pipeline.SCMPipelineManager (SCMPipelineManager.java:finalizeAndDestroyPipeline(315)) - destroying pipeline:Pipeline[ Id: 34bef81e-1e14-4f2d-8ce9-54fc743a9b46, Nodes: f41b9329-29f6-4fb4-8de9-d292d9a8a636{ip: 192.168.157.234, host: pr-hdds-2162-htzpk-1451759861, networkLocation: /default-rack, certSerialId: null}923128ae-3131-46de-9810-c19589cb32d9{ip: 192.168.157.234, host: pr-hdds-2162-htzpk-1451759861, networkLocation: /default-rack, certSerialId: null}7ae1d8e0-c3cd-44e1-b67c-818b78fc249c{ip: 192.168.157.234, host: pr-hdds-2162-htzpk-1451759861, networkLocation: /default-rack, certSerialId: null}, Type:RATIS, Factor:THREE, State:OPEN]
2019-09-26 16:29:38,316 [EventQueue-StaleNodeForStaleNodeHandler] INFO  pipeline.PipelineStateManager (PipelineStateManager.java:finalizePipeline(123)) - Pipeline Pipeline[ Id: 34bef81e-1e14-4f2d-8ce9-54fc743a9b46, Nodes: f41b9329-29f6-4fb4-8de9-d292d9a8a636{ip: 192.168.157.234, host: pr-hdds-2162-htzpk-1451759861, networkLocation: /default-rack, certSerialId: null}923128ae-3131-46de-9810-c19589cb32d9{ip: 192.168.157.234, host: pr-hdds-2162-htzpk-1451759861, networkLocation: /default-rack, certSerialId: null}7ae1d8e0-c3cd-44e1-b67c-818b78fc249c{ip: 192.168.157.234, host: pr-hdds-2162-htzpk-1451759861, networkLocation: /default-rack, certSerialId: null}, Type:RATIS, Factor:THREE, State:CLOSED] moved to CLOSED state
2019-09-26 16:29:38,316 [EventQueue-StaleNodeForStaleNodeHandler] INFO  pipeline.SCMPipelineManager (SCMPipelineManager.java:finalizeAndDestroyPipeline(315)) - destroying pipeline:Pipeline[ Id: ebeed409-2436-4f93-8d48-85810982b6dd, Nodes: 923128ae-3131-46de-9810-c19589cb32d9{ip: 192.168.157.234, host: pr-hdds-2162-htzpk-1451759861, networkLocation: /default-rack, certSerialId: null}, Type:RATIS, Factor:ONE, State:OPEN]
2019-09-26 16:29:38,316 [EventQueue-StaleNodeForStaleNodeHandler] INFO  pipeline.PipelineStateManager (PipelineStateManager.java:finalizePipeline(123)) - Pipeline Pipeline[ Id: ebeed409-2436-4f93-8d48-85810982b6dd, Nodes: 923128ae-3131-46de-9810-c19589cb32d9{ip: 192.168.157.234, host: pr-hdds-2162-htzpk-1451759861, networkLocation: /default-rack, certSerialId: null}, Type:RATIS, Factor:ONE, State:CLOSED] moved to CLOSED state
2019-09-26 16:29:41,098 [ForkJoinPool.commonPool-worker-0] INFO  ozoneimpl.OzoneContainer (OzoneContainer.java:stop(231)) - Attempting to stop container services.
2019-09-26 16:29:41,098 [main] INFO  ozoneimpl.OzoneContainer (OzoneContainer.java:stop(231)) - Attempting to stop container services.
2019-09-26 16:29:41,103 [ForkJoinPool.commonPool-worker-0] INFO  impl.RaftServerProxy (RaftServerProxy.java:lambda$close$4(314)) - 544e4564-cff2-4854-aa86-9068d953c0c3: close
2019-09-26 16:29:41,103 [main] INFO  impl.RaftServerProxy (RaftServerProxy.java:lambda$close$4(314)) - 923128ae-3131-46de-9810-c19589cb32d9: close
2019-09-26 16:29:41,106 [ForkJoinPool.commonPool-worker-0] INFO  impl.RaftServerImpl (RaftServerImpl.java:lambda$shutdown$3(251)) - 544e4564-cff2-4854-aa86-9068d953c0c3@group-5753AE72AAA1: shutdown
2019-09-26 16:29:41,106 [main] INFO  impl.RaftServerImpl (RaftServerImpl.java:lambda$shutdown$3(251)) - 923128ae-3131-46de-9810-c19589cb32d9@group-54FC743A9B46: shutdown
2019-09-26 16:29:41,107 [ForkJoinPool.commonPool-worker-0] INFO  util.JmxRegister (JmxRegister.java:unregister(73)) - Successfully un-registered JMX Bean with object name Ratis:service=RaftServer,group=group-5753AE72AAA1,id=544e4564-cff2-4854-aa86-9068d953c0c3
2019-09-26 16:29:41,107 [main] INFO  util.JmxRegister (JmxRegister.java:unregister(73)) - Successfully un-registered JMX Bean with object name Ratis:service=RaftServer,group=group-54FC743A9B46,id=923128ae-3131-46de-9810-c19589cb32d9
2019-09-26 16:29:41,108 [ForkJoinPool.commonPool-worker-0] INFO  impl.RoleInfo (RoleInfo.java:shutdownLeaderState(104)) - 544e4564-cff2-4854-aa86-9068d953c0c3: shutdown LeaderState
2019-09-26 16:29:41,108 [main] INFO  impl.RoleInfo (RoleInfo.java:shutdownLeaderState(104)) - 923128ae-3131-46de-9810-c19589cb32d9: shutdown LeaderState
2019-09-26 16:29:41,113 [org.apache.ratis.server.impl.LogAppender$AppenderDaemon$$Lambda$405/1148012056@29bc68f4] WARN  server.GrpcLogAppender (GrpcLogAppender.java:mayWait(143)) - 923128ae-3131-46de-9810-c19589cb32d9@group-54FC743A9B46->7ae1d8e0-c3cd-44e1-b67c-818b78fc249c-GrpcLogAppender: Wait interrupted by java.lang.InterruptedException
2019-09-26 16:29:41,115 [ForkJoinPool.commonPool-worker-0] INFO  impl.PendingRequests (PendingRequests.java:sendNotLeaderResponses(202)) - 544e4564-cff2-4854-aa86-9068d953c0c3-PendingRequests: sendNotLeaderResponses
2019-09-26 16:29:41,113 [org.apache.ratis.server.impl.LogAppender$AppenderDaemon$$Lambda$405/1148012056@6e978da] WARN  server.GrpcLogAppender (GrpcLogAppender.java:mayWait(143)) - 923128ae-3131-46de-9810-c19589cb32d9@group-54FC743A9B46->f41b9329-29f6-4fb4-8de9-d292d9a8a636-GrpcLogAppender: Wait interrupted by java.lang.InterruptedException
2019-09-26 16:29:41,113 [main] INFO  impl.PendingRequests (PendingRequests.java:sendNotLeaderResponses(202)) - 923128ae-3131-46de-9810-c19589cb32d9-PendingRequests: sendNotLeaderResponses
2019-09-26 16:29:41,122 [main] INFO  impl.StateMachineUpdater (StateMachineUpdater.java:stopAndJoin(125)) - 923128ae-3131-46de-9810-c19589cb32d9@group-54FC743A9B46-StateMachineUpdater: set stopIndex = 0
2019-09-26 16:29:41,124 [grpc-default-executor-0] INFO  server.GrpcServerProtocolService (GrpcServerProtocolService.java:onCompleted(113)) - 7ae1d8e0-c3cd-44e1-b67c-818b78fc249c: Completed APPEND_ENTRIES, lastRequest: 923128ae-3131-46de-9810-c19589cb32d9->7ae1d8e0-c3cd-44e1-b67c-818b78fc249c#42-t2, previous=(t:2, i:0), leaderCommit=0, initializing? false, entries: <empty>
2019-09-26 16:29:41,122 [ForkJoinPool.commonPool-worker-0] INFO  impl.StateMachineUpdater (StateMachineUpdater.java:stopAndJoin(125)) - 544e4564-cff2-4854-aa86-9068d953c0c3@group-5753AE72AAA1-StateMachineUpdater: set stopIndex = 0
2019-09-26 16:29:41,127 [main] INFO  impl.RaftServerImpl (ServerState.java:close(385)) - 923128ae-3131-46de-9810-c19589cb32d9@group-54FC743A9B46: closes. applyIndex: 0
2019-09-26 16:29:41,124 [grpc-default-executor-5] INFO  server.GrpcServerProtocolService (GrpcServerProtocolService.java:onCompleted(113)) - f41b9329-29f6-4fb4-8de9-d292d9a8a636: Completed APPEND_ENTRIES, lastRequest: 923128ae-3131-46de-9810-c19589cb32d9->f41b9329-29f6-4fb4-8de9-d292d9a8a636#42-t2, previous=(t:2, i:0), leaderCommit=0, initializing? false, entries: <empty>
2019-09-26 16:29:41,127 [ForkJoinPool.commonPool-worker-0] INFO  impl.RaftServerImpl (ServerState.java:close(385)) - 544e4564-cff2-4854-aa86-9068d953c0c3@group-5753AE72AAA1: closes. applyIndex: 0
2019-09-26 16:29:41,133 [grpc-default-executor-5] INFO  server.GrpcLogAppender (GrpcLogAppender.java:onCompleted(293)) - 923128ae-3131-46de-9810-c19589cb32d9@group-54FC743A9B46->7ae1d8e0-c3cd-44e1-b67c-818b78fc249c-AppendLogResponseHandler: follower responses appendEntries COMPLETED
2019-09-26 16:29:41,133 [grpc-default-executor-0] INFO  server.GrpcLogAppender (GrpcLogAppender.java:onCompleted(293)) - 923128ae-3131-46de-9810-c19589cb32d9@group-54FC743A9B46->f41b9329-29f6-4fb4-8de9-d292d9a8a636-AppendLogResponseHandler: follower responses appendEntries COMPLETED
2019-09-26 16:29:41,136 [923128ae-3131-46de-9810-c19589cb32d9@group-54FC743A9B46-SegmentedRaftLogWorker] INFO  segmented.SegmentedRaftLogWorker (SegmentedRaftLogWorker.java:run(313)) - 923128ae-3131-46de-9810-c19589cb32d9@group-54FC743A9B46-SegmentedRaftLogWorker was interrupted, exiting. There are 0 tasks remaining in the queue.
2019-09-26 16:29:41,136 [544e4564-cff2-4854-aa86-9068d953c0c3@group-5753AE72AAA1-SegmentedRaftLogWorker] INFO  segmented.SegmentedRaftLogWorker (SegmentedRaftLogWorker.java:run(313)) - 544e4564-cff2-4854-aa86-9068d953c0c3@group-5753AE72AAA1-SegmentedRaftLogWorker was interrupted, exiting. There are 0 tasks remaining in the queue.
2019-09-26 16:29:41,142 [main] INFO  segmented.SegmentedRaftLogWorker (SegmentedRaftLogWorker.java:close(228)) - 923128ae-3131-46de-9810-c19589cb32d9@group-54FC743A9B46-SegmentedRaftLogWorker close()
2019-09-26 16:29:41,142 [grpc-default-executor-0] INFO  impl.FollowerInfo (FollowerInfo.java:lambda$new$0(51)) - 923128ae-3131-46de-9810-c19589cb32d9@group-54FC743A9B46->f41b9329-29f6-4fb4-8de9-d292d9a8a636: nextIndex: updateUnconditionally 1 -> 0
2019-09-26 16:29:41,142 [ForkJoinPool.commonPool-worker-0] INFO  segmented.SegmentedRaftLogWorker (SegmentedRaftLogWorker.java:close(228)) - 544e4564-cff2-4854-aa86-9068d953c0c3@group-5753AE72AAA1-SegmentedRaftLogWorker close()
2019-09-26 16:29:41,148 [main] INFO  impl.RaftServerImpl (RaftServerImpl.java:lambda$shutdown$3(251)) - 923128ae-3131-46de-9810-c19589cb32d9@group-85810982B6DD: shutdown
2019-09-26 16:29:41,146 [grpc-default-executor-5] INFO  impl.FollowerInfo (FollowerInfo.java:lambda$new$0(51)) - 923128ae-3131-46de-9810-c19589cb32d9@group-54FC743A9B46->7ae1d8e0-c3cd-44e1-b67c-818b78fc249c: nextIndex: updateUnconditionally 1 -> 0
2019-09-26 16:29:41,152 [main] INFO  util.JmxRegister (JmxRegister.java:unregister(73)) - Successfully un-registered JMX Bean with object name Ratis:service=RaftServer,group=group-85810982B6DD,id=923128ae-3131-46de-9810-c19589cb32d9
2019-09-26 16:29:41,153 [main] INFO  impl.RoleInfo (RoleInfo.java:shutdownLeaderState(104)) - 923128ae-3131-46de-9810-c19589cb32d9: shutdown LeaderState
2019-09-26 16:29:41,152 [ForkJoinPool.commonPool-worker-0] INFO  impl.RaftServerImpl (RaftServerImpl.java:lambda$shutdown$3(251)) - 544e4564-cff2-4854-aa86-9068d953c0c3@group-F45A88C3A742: shutdown
2019-09-26 16:29:41,153 [main] INFO  impl.PendingRequests (PendingRequests.java:sendNotLeaderResponses(202)) - 923128ae-3131-46de-9810-c19589cb32d9-PendingRequests: sendNotLeaderResponses
2019-09-26 16:29:41,153 [ForkJoinPool.commonPool-worker-0] INFO  util.JmxRegister (JmxRegister.java:unregister(73)) - Successfully un-registered JMX Bean with object name Ratis:service=RaftServer,group=group-F45A88C3A742,id=544e4564-cff2-4854-aa86-9068d953c0c3
2019-09-26 16:29:41,154 [main] INFO  impl.StateMachineUpdater (StateMachineUpdater.java:stopAndJoin(125)) - 923128ae-3131-46de-9810-c19589cb32d9@group-85810982B6DD-StateMachineUpdater: set stopIndex = 0
2019-09-26 16:29:41,154 [ForkJoinPool.commonPool-worker-0] INFO  impl.RoleInfo (RoleInfo.java:shutdownFollowerState(121)) - 544e4564-cff2-4854-aa86-9068d953c0c3: shutdown FollowerState
2019-09-26 16:29:41,154 [main] INFO  impl.RaftServerImpl (ServerState.java:close(385)) - 923128ae-3131-46de-9810-c19589cb32d9@group-85810982B6DD: closes. applyIndex: 0
2019-09-26 16:29:41,155 [Thread-324] INFO  impl.FollowerState (FollowerState.java:run(115)) - 544e4564-cff2-4854-aa86-9068d953c0c3: FollowerState was interrupted: java.lang.InterruptedException: sleep interrupted
2019-09-26 16:29:41,155 [923128ae-3131-46de-9810-c19589cb32d9@group-85810982B6DD-SegmentedRaftLogWorker] INFO  segmented.SegmentedRaftLogWorker (SegmentedRaftLogWorker.java:run(313)) - 923128ae-3131-46de-9810-c19589cb32d9@group-85810982B6DD-SegmentedRaftLogWorker was interrupted, exiting. There are 0 tasks remaining in the queue.
2019-09-26 16:29:41,154 [ForkJoinPool.commonPool-worker-0] INFO  impl.StateMachineUpdater (StateMachineUpdater.java:stopAndJoin(125)) - 544e4564-cff2-4854-aa86-9068d953c0c3@group-F45A88C3A742-StateMachineUpdater: set stopIndex = 0
2019-09-26 16:29:41,167 [main] INFO  segmented.SegmentedRaftLogWorker (SegmentedRaftLogWorker.java:close(228)) - 923128ae-3131-46de-9810-c19589cb32d9@group-85810982B6DD-SegmentedRaftLogWorker close()
2019-09-26 16:29:41,167 [ForkJoinPool.commonPool-worker-0] INFO  impl.RaftServerImpl (ServerState.java:close(385)) - 544e4564-cff2-4854-aa86-9068d953c0c3@group-F45A88C3A742: closes. applyIndex: 0
2019-09-26 16:29:41,170 [544e4564-cff2-4854-aa86-9068d953c0c3@group-F45A88C3A742-SegmentedRaftLogWorker] INFO  segmented.SegmentedRaftLogWorker (SegmentedRaftLogWorker.java:run(313)) - 544e4564-cff2-4854-aa86-9068d953c0c3@group-F45A88C3A742-SegmentedRaftLogWorker was interrupted, exiting. There are 0 tasks remaining in the queue.
2019-09-26 16:29:41,172 [main] INFO  server.GrpcService (GrpcService.java:closeImpl(164)) - 923128ae-3131-46de-9810-c19589cb32d9: shutdown server with port 34411 now
2019-09-26 16:29:41,172 [ForkJoinPool.commonPool-worker-0] INFO  segmented.SegmentedRaftLogWorker (SegmentedRaftLogWorker.java:close(228)) - 544e4564-cff2-4854-aa86-9068d953c0c3@group-F45A88C3A742-SegmentedRaftLogWorker close()
2019-09-26 16:29:41,175 [ForkJoinPool.commonPool-worker-0] INFO  server.GrpcService (GrpcService.java:closeImpl(164)) - 544e4564-cff2-4854-aa86-9068d953c0c3: shutdown server with port 41394 now
2019-09-26 16:29:41,182 [main] INFO  server.GrpcService (GrpcService.java:closeImpl(172)) - 923128ae-3131-46de-9810-c19589cb32d9: shutdown server with port 34411 successfully
2019-09-26 16:29:41,187 [refreshUsed-/workdir/hadoop-ozone/integration-test/target/test-dir/MiniOzoneClusterImpl-598ef3ce-e04c-4237-8ba0-cc477a09206f/datanode-4/data/containers] WARN  fs.CachingGetSpaceUsed (CachingGetSpaceUsed.java:run(183)) - Thread Interrupted waiting to refresh disk information: sleep interrupted
2019-09-26 16:29:41,187 [grpc-default-executor-0] WARN  server.GrpcServerProtocolService (LogUtils.java:warn(134)) - 544e4564-cff2-4854-aa86-9068d953c0c3: installSnapshot onError, lastRequest: 6ad4b93a-b4cf-4be6-9fd2-9d62088a494c->544e4564-cff2-4854-aa86-9068d953c0c3#42-t2, previous=(t:2, i:0), leaderCommit=0, initializing? false, entries: <empty>: org.apache.ratis.thirdparty.io.grpc.StatusRuntimeException: CANCELLED: cancelled before receiving half close
2019-09-26 16:29:41,188 [ForkJoinPool.commonPool-worker-0] INFO  server.GrpcService (GrpcService.java:closeImpl(172)) - 544e4564-cff2-4854-aa86-9068d953c0c3: shutdown server with port 41394 successfully
2019-09-26 16:29:41,191 [grpc-default-executor-2] WARN  server.GrpcLogAppender (LogUtils.java:warn(134)) - 6ad4b93a-b4cf-4be6-9fd2-9d62088a494c@group-F45A88C3A742->544e4564-cff2-4854-aa86-9068d953c0c3-AppendLogResponseHandler: Failed appendEntries: org.apache.ratis.thirdparty.io.grpc.StatusRuntimeException: CANCELLED: HTTP/2 error code: CANCEL
Received Rst Stream
2019-09-26 16:29:41,194 [grpc-default-executor-2] INFO  impl.FollowerInfo (FollowerInfo.java:lambda$new$0(51)) - 6ad4b93a-b4cf-4be6-9fd2-9d62088a494c@group-F45A88C3A742->544e4564-cff2-4854-aa86-9068d953c0c3: nextIndex: updateUnconditionally 1 -> 0
2019-09-26 16:29:41,202 [refreshUsed-/workdir/hadoop-ozone/integration-test/target/test-dir/MiniOzoneClusterImpl-598ef3ce-e04c-4237-8ba0-cc477a09206f/datanode-1/data/containers] WARN  fs.CachingGetSpaceUsed (CachingGetSpaceUsed.java:run(183)) - Thread Interrupted waiting to refresh disk information: sleep interrupted
2019-09-26 16:29:41,215 [main] INFO  utils.BackgroundService (BackgroundService.java:shutdown(148)) - Shutting down service BlockDeletingService
2019-09-26 16:29:41,221 [main] INFO  statemachine.DatanodeStateMachine (DatanodeStateMachine.java:stopDaemon(395)) - Ozone container server stopped.
2019-09-26 16:29:41,221 [main] INFO  handler.ContextHandler (ContextHandler.java:doStop(910)) - Stopped o.e.j.w.WebAppContext@76ad6715{/,null,UNAVAILABLE}{/hddsDatanode}
2019-09-26 16:29:41,222 [main] INFO  server.AbstractConnector (AbstractConnector.java:doStop(318)) - Stopped ServerConnector@56637cff{HTTP/1.1,[http/1.1]}{0.0.0.0:0}
2019-09-26 16:29:41,222 [main] INFO  handler.ContextHandler (ContextHandler.java:doStop(910)) - Stopped o.e.j.s.ServletContextHandler@671d1157{/static,jar:file:/home/user/.m2/repository/org/apache/hadoop/hadoop-hdds-container-service/0.5.0-SNAPSHOT/hadoop-hdds-container-service-0.5.0-SNAPSHOT.jar!/webapps/static,UNAVAILABLE}
2019-09-26 16:29:41,223 [main] INFO  handler.ContextHandler (ContextHandler.java:doStop(910)) - Stopped o.e.j.s.ServletContextHandler@68b9834c{/logs,file:///workdir/hadoop-ozone/integration-test/target/log,UNAVAILABLE}
2019-09-26 16:29:41,228 [ForkJoinPool.commonPool-worker-0] INFO  utils.BackgroundService (BackgroundService.java:shutdown(148)) - Shutting down service BlockDeletingService
2019-09-26 16:29:41,232 [ForkJoinPool.commonPool-worker-0] INFO  statemachine.DatanodeStateMachine (DatanodeStateMachine.java:stopDaemon(395)) - Ozone container server stopped.
2019-09-26 16:29:41,237 [ForkJoinPool.commonPool-worker-0] INFO  handler.ContextHandler (ContextHandler.java:doStop(910)) - Stopped o.e.j.w.WebAppContext@2924f1d8{/,null,UNAVAILABLE}{/hddsDatanode}
2019-09-26 16:29:41,238 [ForkJoinPool.commonPool-worker-0] INFO  server.AbstractConnector (AbstractConnector.java:doStop(318)) - Stopped ServerConnector@524a076e{HTTP/1.1,[http/1.1]}{0.0.0.0:0}
2019-09-26 16:29:41,240 [ForkJoinPool.commonPool-worker-0] INFO  handler.ContextHandler (ContextHandler.java:doStop(910)) - Stopped o.e.j.s.ServletContextHandler@5679e96b{/static,jar:file:/home/user/.m2/repository/org/apache/hadoop/hadoop-hdds-container-service/0.5.0-SNAPSHOT/hadoop-hdds-container-service-0.5.0-SNAPSHOT.jar!/webapps/static,UNAVAILABLE}
2019-09-26 16:29:41,241 [ForkJoinPool.commonPool-worker-0] INFO  handler.ContextHandler (ContextHandler.java:doStop(910)) - Stopped o.e.j.s.ServletContextHandler@59dc36d4{/logs,file:///workdir/hadoop-ozone/integration-test/target/log,UNAVAILABLE}
2019-09-26 16:29:41,514 [grpc-default-executor-0] WARN  server.GrpcLogAppender (LogUtils.java:warn(134)) - 6ad4b93a-b4cf-4be6-9fd2-9d62088a494c@group-F45A88C3A742->544e4564-cff2-4854-aa86-9068d953c0c3-AppendLogResponseHandler: Failed appendEntries: org.apache.ratis.thirdparty.io.grpc.StatusRuntimeException: UNAVAILABLE: io exception
2019-09-26 16:29:41,517 [grpc-default-executor-0] INFO  impl.FollowerInfo (FollowerInfo.java:lambda$new$0(51)) - 6ad4b93a-b4cf-4be6-9fd2-9d62088a494c@group-F45A88C3A742->544e4564-cff2-4854-aa86-9068d953c0c3: nextIndex: updateUnconditionally 0 -> 0
2019-09-26 16:29:42,147 [Datanode State Machine Thread - 0] INFO  statemachine.DatanodeStateMachine (DatanodeStateMachine.java:lambda$startDaemon$0(350)) - Ozone container server started.
2019-09-26 16:29:42,218 [Datanode State Machine Thread - 0] INFO  statemachine.DatanodeStateMachine (DatanodeStateMachine.java:lambda$startDaemon$0(350)) - Ozone container server started.
2019-09-26 16:29:44,011 [grpc-default-executor-3] WARN  server.GrpcLogAppender (LogUtils.java:warn(134)) - 6ad4b93a-b4cf-4be6-9fd2-9d62088a494c@group-F45A88C3A742->544e4564-cff2-4854-aa86-9068d953c0c3-AppendLogResponseHandler: Failed appendEntries: org.apache.ratis.thirdparty.io.grpc.StatusRuntimeException: UNAVAILABLE: io exception
2019-09-26 16:29:44,013 [grpc-default-executor-3] INFO  impl.FollowerInfo (FollowerInfo.java:lambda$new$0(51)) - 6ad4b93a-b4cf-4be6-9fd2-9d62088a494c@group-F45A88C3A742->544e4564-cff2-4854-aa86-9068d953c0c3: nextIndex: updateUnconditionally 0 -> 0
2019-09-26 16:29:44,226 [EventQueue-StaleNodeForStaleNodeHandler] INFO  node.StaleNodeHandler (StaleNodeHandler.java:onMessage(58)) - Datanode 79ffe903-3fc0-40a8-8acf-aa2d12154a51{ip: 192.168.157.234, host: pr-hdds-2162-htzpk-1451759861, networkLocation: /default-rack, certSerialId: null} moved to stale state. Finalizing its pipelines [PipelineID=2b957455-3cc6-403c-874d-f45a88c3a742, PipelineID=5af77c09-2b51-448e-a3a2-6439c2230dd6]
2019-09-26 16:29:44,226 [EventQueue-StaleNodeForStaleNodeHandler] INFO  pipeline.SCMPipelineManager (SCMPipelineManager.java:finalizeAndDestroyPipeline(315)) - destroying pipeline:Pipeline[ Id: 2b957455-3cc6-403c-874d-f45a88c3a742, Nodes: 6ad4b93a-b4cf-4be6-9fd2-9d62088a494c{ip: 192.168.157.234, host: pr-hdds-2162-htzpk-1451759861, networkLocation: /default-rack, certSerialId: null}544e4564-cff2-4854-aa86-9068d953c0c3{ip: 192.168.157.234, host: pr-hdds-2162-htzpk-1451759861, networkLocation: /default-rack, certSerialId: null}79ffe903-3fc0-40a8-8acf-aa2d12154a51{ip: 192.168.157.234, host: pr-hdds-2162-htzpk-1451759861, networkLocation: /default-rack, certSerialId: null}, Type:RATIS, Factor:THREE, State:CLOSED]
2019-09-26 16:29:44,227 [EventQueue-StaleNodeForStaleNodeHandler] INFO  pipeline.SCMPipelineManager (SCMPipelineManager.java:finalizeAndDestroyPipeline(315)) - destroying pipeline:Pipeline[ Id: 5af77c09-2b51-448e-a3a2-6439c2230dd6, Nodes: 79ffe903-3fc0-40a8-8acf-aa2d12154a51{ip: 192.168.157.234, host: pr-hdds-2162-htzpk-1451759861, networkLocation: /default-rack, certSerialId: null}, Type:RATIS, Factor:ONE, State:OPEN]
2019-09-26 16:29:44,227 [EventQueue-StaleNodeForStaleNodeHandler] INFO  pipeline.PipelineStateManager (PipelineStateManager.java:finalizePipeline(123)) - Pipeline Pipeline[ Id: 5af77c09-2b51-448e-a3a2-6439c2230dd6, Nodes: 79ffe903-3fc0-40a8-8acf-aa2d12154a51{ip: 192.168.157.234, host: pr-hdds-2162-htzpk-1451759861, networkLocation: /default-rack, certSerialId: null}, Type:RATIS, Factor:ONE, State:CLOSED] moved to CLOSED state
2019-09-26 16:29:44,227 [EventQueue-StaleNodeForStaleNodeHandler] INFO  node.StaleNodeHandler (StaleNodeHandler.java:onMessage(58)) - Datanode fc68d4fa-5d3a-472d-bc12-ba3c6d7c7a39{ip: 192.168.157.234, host: pr-hdds-2162-htzpk-1451759861, networkLocation: /default-rack, certSerialId: null} moved to stale state. Finalizing its pipelines [PipelineID=020747a8-77b1-4d69-9761-87ad02832322]
2019-09-26 16:29:44,228 [EventQueue-StaleNodeForStaleNodeHandler] INFO  pipeline.SCMPipelineManager (SCMPipelineManager.java:finalizeAndDestroyPipeline(315)) - destroying pipeline:Pipeline[ Id: 020747a8-77b1-4d69-9761-87ad02832322, Nodes: fc68d4fa-5d3a-472d-bc12-ba3c6d7c7a39{ip: 192.168.157.234, host: pr-hdds-2162-htzpk-1451759861, networkLocation: /default-rack, certSerialId: null}, Type:RATIS, Factor:ONE, State:OPEN]
2019-09-26 16:29:44,228 [EventQueue-StaleNodeForStaleNodeHandler] INFO  pipeline.PipelineStateManager (PipelineStateManager.java:finalizePipeline(123)) - Pipeline Pipeline[ Id: 020747a8-77b1-4d69-9761-87ad02832322, Nodes: fc68d4fa-5d3a-472d-bc12-ba3c6d7c7a39{ip: 192.168.157.234, host: pr-hdds-2162-htzpk-1451759861, networkLocation: /default-rack, certSerialId: null}, Type:RATIS, Factor:ONE, State:CLOSED] moved to CLOSED state
2019-09-26 16:29:45,845 [grpc-default-executor-2] INFO  impl.RaftServerProxy (RaftServerProxy.java:addNew(89)) - 6ad4b93a-b4cf-4be6-9fd2-9d62088a494c: addNew group-EAB1D7230F93:[7ae1d8e0-c3cd-44e1-b67c-818b78fc249c:192.168.157.234:39343, f41b9329-29f6-4fb4-8de9-d292d9a8a636:192.168.157.234:44465, 6ad4b93a-b4cf-4be6-9fd2-9d62088a494c:192.168.157.234:38689] returns group-EAB1D7230F93:java.util.concurrent.CompletableFuture@4fbdb1c3[Not completed]
2019-09-26 16:29:45,845 [grpc-default-executor-3] INFO  impl.RaftServerProxy (RaftServerProxy.java:addNew(89)) - f41b9329-29f6-4fb4-8de9-d292d9a8a636: addNew group-EAB1D7230F93:[7ae1d8e0-c3cd-44e1-b67c-818b78fc249c:192.168.157.234:39343, f41b9329-29f6-4fb4-8de9-d292d9a8a636:192.168.157.234:44465, 6ad4b93a-b4cf-4be6-9fd2-9d62088a494c:192.168.157.234:38689] returns group-EAB1D7230F93:java.util.concurrent.CompletableFuture@38f85a06[Not completed]
2019-09-26 16:29:45,848 [grpc-default-executor-0] INFO  impl.RaftServerProxy (RaftServerProxy.java:addNew(89)) - 7ae1d8e0-c3cd-44e1-b67c-818b78fc249c: addNew group-EAB1D7230F93:[7ae1d8e0-c3cd-44e1-b67c-818b78fc249c:192.168.157.234:39343, f41b9329-29f6-4fb4-8de9-d292d9a8a636:192.168.157.234:44465, 6ad4b93a-b4cf-4be6-9fd2-9d62088a494c:192.168.157.234:38689] returns group-EAB1D7230F93:java.util.concurrent.CompletableFuture@5809d901[Not completed]
2019-09-26 16:29:45,851 [pool-77-thread-1] INFO  impl.RaftServerImpl (RaftServerImpl.java:<init>(95)) - 6ad4b93a-b4cf-4be6-9fd2-9d62088a494c: new RaftServerImpl for group-EAB1D7230F93:[7ae1d8e0-c3cd-44e1-b67c-818b78fc249c:192.168.157.234:39343, f41b9329-29f6-4fb4-8de9-d292d9a8a636:192.168.157.234:44465, 6ad4b93a-b4cf-4be6-9fd2-9d62088a494c:192.168.157.234:38689] with ContainerStateMachine:uninitialized
2019-09-26 16:29:45,852 [pool-77-thread-1] INFO  server.RaftServerConfigKeys (ConfUtils.java:logGet(43)) - raft.server.rpc.timeout.min = 5s (custom)
2019-09-26 16:29:45,852 [pool-77-thread-1] INFO  server.RaftServerConfigKeys (ConfUtils.java:logGet(43)) - raft.server.rpc.timeout.max = 5200ms (custom)
2019-09-26 16:29:45,852 [pool-77-thread-1] INFO  server.RaftServerConfigKeys (ConfUtils.java:logGet(43)) - raft.server.rpcslowness.timeout = 120s (custom)
2019-09-26 16:29:45,852 [pool-77-thread-1] INFO  server.RaftServerConfigKeys (ConfUtils.java:logGet(43)) - raft.server.sleep.deviation.threshold = 300 (default)
2019-09-26 16:29:45,853 [pool-77-thread-1] INFO  server.RaftServerConfigKeys (ConfUtils.java:logGet(43)) - raft.server.log.appender.install.snapshot.enabled = false (custom)
2019-09-26 16:29:45,853 [pool-77-thread-1] INFO  impl.RaftServerImpl (ServerState.java:<init>(103)) - 6ad4b93a-b4cf-4be6-9fd2-9d62088a494c@group-EAB1D7230F93: ConfigurationManager, init=-1: [7ae1d8e0-c3cd-44e1-b67c-818b78fc249c:192.168.157.234:39343, f41b9329-29f6-4fb4-8de9-d292d9a8a636:192.168.157.234:44465, 6ad4b93a-b4cf-4be6-9fd2-9d62088a494c:192.168.157.234:38689], old=null, confs=<EMPTY_MAP>
2019-09-26 16:29:45,853 [pool-27-thread-1] INFO  impl.RaftServerImpl (RaftServerImpl.java:<init>(95)) - f41b9329-29f6-4fb4-8de9-d292d9a8a636: new RaftServerImpl for group-EAB1D7230F93:[7ae1d8e0-c3cd-44e1-b67c-818b78fc249c:192.168.157.234:39343, f41b9329-29f6-4fb4-8de9-d292d9a8a636:192.168.157.234:44465, 6ad4b93a-b4cf-4be6-9fd2-9d62088a494c:192.168.157.234:38689] with ContainerStateMachine:uninitialized
2019-09-26 16:29:45,853 [pool-27-thread-1] INFO  server.RaftServerConfigKeys (ConfUtils.java:logGet(43)) - raft.server.rpc.timeout.min = 5s (custom)
2019-09-26 16:29:45,854 [pool-77-thread-1] INFO  server.RaftServerConfigKeys (ConfUtils.java:logGet(43)) - raft.server.storage.dir = [/workdir/hadoop-ozone/integration-test/target/test-dir/MiniOzoneClusterImpl-598ef3ce-e04c-4237-8ba0-cc477a09206f/datanode-5/data/ratis] (custom)
2019-09-26 16:29:45,854 [pool-27-thread-1] INFO  server.RaftServerConfigKeys (ConfUtils.java:logGet(43)) - raft.server.rpc.timeout.max = 5200ms (custom)
2019-09-26 16:29:45,854 [pool-27-thread-1] INFO  server.RaftServerConfigKeys (ConfUtils.java:logGet(43)) - raft.server.rpcslowness.timeout = 120s (custom)
2019-09-26 16:29:45,854 [pool-87-thread-1] INFO  impl.RaftServerImpl (RaftServerImpl.java:<init>(95)) - 7ae1d8e0-c3cd-44e1-b67c-818b78fc249c: new RaftServerImpl for group-EAB1D7230F93:[7ae1d8e0-c3cd-44e1-b67c-818b78fc249c:192.168.157.234:39343, f41b9329-29f6-4fb4-8de9-d292d9a8a636:192.168.157.234:44465, 6ad4b93a-b4cf-4be6-9fd2-9d62088a494c:192.168.157.234:38689] with ContainerStateMachine:uninitialized
2019-09-26 16:29:45,854 [pool-27-thread-1] INFO  server.RaftServerConfigKeys (ConfUtils.java:logGet(43)) - raft.server.sleep.deviation.threshold = 300 (default)
2019-09-26 16:29:45,854 [pool-87-thread-1] INFO  server.RaftServerConfigKeys (ConfUtils.java:logGet(43)) - raft.server.rpc.timeout.min = 5s (custom)
2019-09-26 16:29:45,854 [pool-77-thread-1] INFO  storage.RaftStorageDirectory (RaftStorageDirectory.java:analyzeStorage(246)) - The storage directory /workdir/hadoop-ozone/integration-test/target/test-dir/MiniOzoneClusterImpl-598ef3ce-e04c-4237-8ba0-cc477a09206f/datanode-5/data/ratis/b3111ccd-eccc-49ee-a460-eab1d7230f93 does not exist. Creating ...
2019-09-26 16:29:45,855 [pool-87-thread-1] INFO  server.RaftServerConfigKeys (ConfUtils.java:logGet(43)) - raft.server.rpc.timeout.max = 5200ms (custom)
2019-09-26 16:29:45,855 [pool-27-thread-1] INFO  server.RaftServerConfigKeys (ConfUtils.java:logGet(43)) - raft.server.log.appender.install.snapshot.enabled = false (custom)
2019-09-26 16:29:45,855 [pool-87-thread-1] INFO  server.RaftServerConfigKeys (ConfUtils.java:logGet(43)) - raft.server.rpcslowness.timeout = 120s (custom)
2019-09-26 16:29:45,855 [pool-27-thread-1] INFO  impl.RaftServerImpl (ServerState.java:<init>(103)) - f41b9329-29f6-4fb4-8de9-d292d9a8a636@group-EAB1D7230F93: ConfigurationManager, init=-1: [7ae1d8e0-c3cd-44e1-b67c-818b78fc249c:192.168.157.234:39343, f41b9329-29f6-4fb4-8de9-d292d9a8a636:192.168.157.234:44465, 6ad4b93a-b4cf-4be6-9fd2-9d62088a494c:192.168.157.234:38689], old=null, confs=<EMPTY_MAP>
2019-09-26 16:29:45,855 [pool-87-thread-1] INFO  server.RaftServerConfigKeys (ConfUtils.java:logGet(43)) - raft.server.sleep.deviation.threshold = 300 (default)
2019-09-26 16:29:45,856 [pool-87-thread-1] INFO  server.RaftServerConfigKeys (ConfUtils.java:logGet(43)) - raft.server.log.appender.install.snapshot.enabled = false (custom)
2019-09-26 16:29:45,856 [pool-27-thread-1] INFO  server.RaftServerConfigKeys (ConfUtils.java:logGet(43)) - raft.server.storage.dir = [/workdir/hadoop-ozone/integration-test/target/test-dir/MiniOzoneClusterImpl-598ef3ce-e04c-4237-8ba0-cc477a09206f/datanode-0/data/ratis] (custom)
2019-09-26 16:29:45,856 [pool-87-thread-1] INFO  impl.RaftServerImpl (ServerState.java:<init>(103)) - 7ae1d8e0-c3cd-44e1-b67c-818b78fc249c@group-EAB1D7230F93: ConfigurationManager, init=-1: [7ae1d8e0-c3cd-44e1-b67c-818b78fc249c:192.168.157.234:39343, f41b9329-29f6-4fb4-8de9-d292d9a8a636:192.168.157.234:44465, 6ad4b93a-b4cf-4be6-9fd2-9d62088a494c:192.168.157.234:38689], old=null, confs=<EMPTY_MAP>
2019-09-26 16:29:45,856 [pool-87-thread-1] INFO  server.RaftServerConfigKeys (ConfUtils.java:logGet(43)) - raft.server.storage.dir = [/workdir/hadoop-ozone/integration-test/target/test-dir/MiniOzoneClusterImpl-598ef3ce-e04c-4237-8ba0-cc477a09206f/datanode-6/data/ratis] (custom)
2019-09-26 16:29:45,857 [pool-27-thread-1] INFO  storage.RaftStorageDirectory (RaftStorageDirectory.java:analyzeStorage(246)) - The storage directory /workdir/hadoop-ozone/integration-test/target/test-dir/MiniOzoneClusterImpl-598ef3ce-e04c-4237-8ba0-cc477a09206f/datanode-0/data/ratis/b3111ccd-eccc-49ee-a460-eab1d7230f93 does not exist. Creating ...
2019-09-26 16:29:45,857 [pool-87-thread-1] INFO  storage.RaftStorageDirectory (RaftStorageDirectory.java:analyzeStorage(246)) - The storage directory /workdir/hadoop-ozone/integration-test/target/test-dir/MiniOzoneClusterImpl-598ef3ce-e04c-4237-8ba0-cc477a09206f/datanode-6/data/ratis/b3111ccd-eccc-49ee-a460-eab1d7230f93 does not exist. Creating ...
2019-09-26 16:29:45,871 [pool-87-thread-1] INFO  storage.RaftStorageDirectory (RaftStorageDirectory.java:tryLock(328)) - Lock on /workdir/hadoop-ozone/integration-test/target/test-dir/MiniOzoneClusterImpl-598ef3ce-e04c-4237-8ba0-cc477a09206f/datanode-6/data/ratis/b3111ccd-eccc-49ee-a460-eab1d7230f93/in_use.lock acquired by nodename 12895@pr-hdds-2162-htzpk-1451759861
2019-09-26 16:29:45,871 [pool-27-thread-1] INFO  storage.RaftStorageDirectory (RaftStorageDirectory.java:tryLock(328)) - Lock on /workdir/hadoop-ozone/integration-test/target/test-dir/MiniOzoneClusterImpl-598ef3ce-e04c-4237-8ba0-cc477a09206f/datanode-0/data/ratis/b3111ccd-eccc-49ee-a460-eab1d7230f93/in_use.lock acquired by nodename 12895@pr-hdds-2162-htzpk-1451759861
2019-09-26 16:29:45,871 [pool-77-thread-1] INFO  storage.RaftStorageDirectory (RaftStorageDirectory.java:tryLock(328)) - Lock on /workdir/hadoop-ozone/integration-test/target/test-dir/MiniOzoneClusterImpl-598ef3ce-e04c-4237-8ba0-cc477a09206f/datanode-5/data/ratis/b3111ccd-eccc-49ee-a460-eab1d7230f93/in_use.lock acquired by nodename 12895@pr-hdds-2162-htzpk-1451759861
2019-09-26 16:29:45,885 [pool-27-thread-1] INFO  storage.RaftStorage (RaftStorage.java:format(72)) - Storage directory /workdir/hadoop-ozone/integration-test/target/test-dir/MiniOzoneClusterImpl-598ef3ce-e04c-4237-8ba0-cc477a09206f/datanode-0/data/ratis/b3111ccd-eccc-49ee-a460-eab1d7230f93 has been successfully formatted.
2019-09-26 16:29:45,885 [pool-87-thread-1] INFO  storage.RaftStorage (RaftStorage.java:format(72)) - Storage directory /workdir/hadoop-ozone/integration-test/target/test-dir/MiniOzoneClusterImpl-598ef3ce-e04c-4237-8ba0-cc477a09206f/datanode-6/data/ratis/b3111ccd-eccc-49ee-a460-eab1d7230f93 has been successfully formatted.
2019-09-26 16:29:45,885 [pool-77-thread-1] INFO  storage.RaftStorage (RaftStorage.java:format(72)) - Storage directory /workdir/hadoop-ozone/integration-test/target/test-dir/MiniOzoneClusterImpl-598ef3ce-e04c-4237-8ba0-cc477a09206f/datanode-5/data/ratis/b3111ccd-eccc-49ee-a460-eab1d7230f93 has been successfully formatted.
2019-09-26 16:29:45,886 [pool-27-thread-1] INFO  ratis.ContainerStateMachine (ContainerStateMachine.java:loadSnapshot(230)) - group-EAB1D7230F93: The snapshot info is null. Setting the last applied indexto:(t:0, i:~)
2019-09-26 16:29:45,886 [pool-77-thread-1] INFO  ratis.ContainerStateMachine (ContainerStateMachine.java:loadSnapshot(230)) - group-EAB1D7230F93: The snapshot info is null. Setting the last applied indexto:(t:0, i:~)
2019-09-26 16:29:45,886 [pool-87-thread-1] INFO  ratis.ContainerStateMachine (ContainerStateMachine.java:loadSnapshot(230)) - group-EAB1D7230F93: The snapshot info is null. Setting the last applied indexto:(t:0, i:~)
2019-09-26 16:29:45,886 [pool-77-thread-1] INFO  server.RaftServerConfigKeys (ConfUtils.java:logGet(43)) - raft.server.notification.no-leader.timeout = 120s (custom)
2019-09-26 16:29:45,886 [pool-27-thread-1] INFO  server.RaftServerConfigKeys (ConfUtils.java:logGet(43)) - raft.server.notification.no-leader.timeout = 120s (custom)
2019-09-26 16:29:45,886 [pool-77-thread-1] INFO  server.RaftServerConfigKeys (ConfUtils.java:logGet(43)) - raft.server.log.use.memory = false (default)
2019-09-26 16:29:45,886 [pool-87-thread-1] INFO  server.RaftServerConfigKeys (ConfUtils.java:logGet(43)) - raft.server.notification.no-leader.timeout = 120s (custom)
2019-09-26 16:29:45,887 [pool-77-thread-1] INFO  server.RaftServerConfigKeys (ConfUtils.java:logGet(43)) - raft.server.log.purge.gap = 1000000 (custom)
2019-09-26 16:29:45,887 [pool-27-thread-1] INFO  server.RaftServerConfigKeys (ConfUtils.java:logGet(43)) - raft.server.log.use.memory = false (default)
2019-09-26 16:29:45,887 [pool-77-thread-1] INFO  server.RaftServerConfigKeys (ConfUtils.java:logGet(43)) - raft.server.log.appender.buffer.byte-limit = 33554432 (custom)
2019-09-26 16:29:45,887 [pool-87-thread-1] INFO  server.RaftServerConfigKeys (ConfUtils.java:logGet(43)) - raft.server.log.use.memory = false (default)
2019-09-26 16:29:45,887 [pool-77-thread-1] INFO  server.RaftServerConfigKeys (ConfUtils.java:logGet(43)) - raft.server.log.segment.size.max = 1048576 (custom)
2019-09-26 16:29:45,887 [pool-27-thread-1] INFO  server.RaftServerConfigKeys (ConfUtils.java:logGet(43)) - raft.server.log.purge.gap = 1000000 (custom)
2019-09-26 16:29:45,888 [pool-77-thread-1] INFO  server.RaftServerConfigKeys (ConfUtils.java:logGet(43)) - raft.server.log.segment.cache.num.max = 2 (custom)
2019-09-26 16:29:45,888 [pool-87-thread-1] INFO  server.RaftServerConfigKeys (ConfUtils.java:logGet(43)) - raft.server.log.purge.gap = 1000000 (custom)
2019-09-26 16:29:45,888 [pool-77-thread-1] INFO  segmented.SegmentedRaftLogWorker (SegmentedRaftLogWorker.java:<init>(172)) - new 6ad4b93a-b4cf-4be6-9fd2-9d62088a494c@group-EAB1D7230F93-SegmentedRaftLogWorker for RaftStorage:Storage Directory /workdir/hadoop-ozone/integration-test/target/test-dir/MiniOzoneClusterImpl-598ef3ce-e04c-4237-8ba0-cc477a09206f/datanode-5/data/ratis/b3111ccd-eccc-49ee-a460-eab1d7230f93
2019-09-26 16:29:45,888 [pool-27-thread-1] INFO  server.RaftServerConfigKeys (ConfUtils.java:logGet(43)) - raft.server.log.appender.buffer.byte-limit = 33554432 (custom)
2019-09-26 16:29:45,889 [pool-77-thread-1] INFO  server.RaftServerConfigKeys (ConfUtils.java:logGet(43)) - raft.server.log.queue.byte-limit = 2147483647 (custom)
2019-09-26 16:29:45,888 [pool-87-thread-1] INFO  server.RaftServerConfigKeys (ConfUtils.java:logGet(43)) - raft.server.log.appender.buffer.byte-limit = 33554432 (custom)
2019-09-26 16:29:45,889 [pool-77-thread-1] INFO  server.RaftServerConfigKeys (ConfUtils.java:logGet(43)) - raft.server.log.queue.element-limit = 1024 (custom)
2019-09-26 16:29:45,889 [pool-27-thread-1] INFO  server.RaftServerConfigKeys (ConfUtils.java:logGet(43)) - raft.server.log.segment.size.max = 1048576 (custom)
2019-09-26 16:29:45,889 [pool-77-thread-1] INFO  server.RaftServerConfigKeys (ConfUtils.java:logGet(43)) - raft.server.log.segment.size.max = 1048576 (custom)
2019-09-26 16:29:45,889 [pool-87-thread-1] INFO  server.RaftServerConfigKeys (ConfUtils.java:logGet(43)) - raft.server.log.segment.size.max = 1048576 (custom)
2019-09-26 16:29:45,890 [pool-77-thread-1] INFO  server.RaftServerConfigKeys (ConfUtils.java:logGet(43)) - raft.server.log.preallocated.size = 16384 (custom)
2019-09-26 16:29:45,889 [pool-27-thread-1] INFO  server.RaftServerConfigKeys (ConfUtils.java:logGet(43)) - raft.server.log.segment.cache.num.max = 2 (custom)
2019-09-26 16:29:45,890 [pool-77-thread-1] INFO  server.RaftServerConfigKeys (ConfUtils.java:logGet(43)) - raft.server.log.write.buffer.size = 33554432 (custom)
2019-09-26 16:29:45,890 [pool-87-thread-1] INFO  server.RaftServerConfigKeys (ConfUtils.java:logGet(43)) - raft.server.log.segment.cache.num.max = 2 (custom)
2019-09-26 16:29:45,890 [pool-77-thread-1] INFO  server.RaftServerConfigKeys (ConfUtils.java:logGet(43)) - raft.server.log.force.sync.num = 128 (default)
2019-09-26 16:29:45,891 [pool-77-thread-1] INFO  server.RaftServerConfigKeys (ConfUtils.java:logGet(43)) - raft.server.log.statemachine.data.sync = true (default)
2019-09-26 16:29:45,890 [pool-27-thread-1] INFO  segmented.SegmentedRaftLogWorker (SegmentedRaftLogWorker.java:<init>(172)) - new f41b9329-29f6-4fb4-8de9-d292d9a8a636@group-EAB1D7230F93-SegmentedRaftLogWorker for RaftStorage:Storage Directory /workdir/hadoop-ozone/integration-test/target/test-dir/MiniOzoneClusterImpl-598ef3ce-e04c-4237-8ba0-cc477a09206f/datanode-0/data/ratis/b3111ccd-eccc-49ee-a460-eab1d7230f93
2019-09-26 16:29:45,891 [pool-77-thread-1] INFO  server.RaftServerConfigKeys (ConfUtils.java:logGet(43)) - raft.server.log.statemachine.data.sync.timeout = 10s (default)
2019-09-26 16:29:45,890 [pool-87-thread-1] INFO  segmented.SegmentedRaftLogWorker (SegmentedRaftLogWorker.java:<init>(172)) - new 7ae1d8e0-c3cd-44e1-b67c-818b78fc249c@group-EAB1D7230F93-SegmentedRaftLogWorker for RaftStorage:Storage Directory /workdir/hadoop-ozone/integration-test/target/test-dir/MiniOzoneClusterImpl-598ef3ce-e04c-4237-8ba0-cc477a09206f/datanode-6/data/ratis/b3111ccd-eccc-49ee-a460-eab1d7230f93
2019-09-26 16:29:45,891 [pool-77-thread-1] INFO  server.RaftServerConfigKeys (ConfUtils.java:logGet(43)) - raft.server.log.statemachine.data.sync.timeout.retry = -1 (default)
2019-09-26 16:29:45,891 [pool-27-thread-1] INFO  server.RaftServerConfigKeys (ConfUtils.java:logGet(43)) - raft.server.log.queue.byte-limit = 2147483647 (custom)
2019-09-26 16:29:45,892 [pool-77-thread-1] INFO  server.RaftServerConfigKeys (ConfUtils.java:logGet(43)) - raft.server.log.statemachine.data.caching.enabled = true (custom)
2019-09-26 16:29:45,891 [pool-87-thread-1] INFO  server.RaftServerConfigKeys (ConfUtils.java:logGet(43)) - raft.server.log.queue.byte-limit = 2147483647 (custom)
2019-09-26 16:29:45,892 [pool-27-thread-1] INFO  server.RaftServerConfigKeys (ConfUtils.java:logGet(43)) - raft.server.log.queue.element-limit = 1024 (custom)
2019-09-26 16:29:45,892 [pool-77-thread-1] INFO  segmented.SegmentedRaftLogWorker (SegmentedRaftLogWorker.java:lambda$new$0(132)) - 6ad4b93a-b4cf-4be6-9fd2-9d62088a494c@group-EAB1D7230F93-SegmentedRaftLogWorker: flushIndex: setUnconditionally 0 -> -1
2019-09-26 16:29:45,892 [pool-87-thread-1] INFO  server.RaftServerConfigKeys (ConfUtils.java:logGet(43)) - raft.server.log.queue.element-limit = 1024 (custom)
2019-09-26 16:29:45,892 [pool-27-thread-1] INFO  server.RaftServerConfigKeys (ConfUtils.java:logGet(43)) - raft.server.log.segment.size.max = 1048576 (custom)
2019-09-26 16:29:45,893 [pool-87-thread-1] INFO  server.RaftServerConfigKeys (ConfUtils.java:logGet(43)) - raft.server.log.segment.size.max = 1048576 (custom)
2019-09-26 16:29:45,893 [pool-77-thread-1] INFO  server.RaftServerConfigKeys (ConfUtils.java:logGet(43)) - raft.server.snapshot.auto.trigger.enabled = true (custom)
2019-09-26 16:29:45,893 [pool-87-thread-1] INFO  server.RaftServerConfigKeys (ConfUtils.java:logGet(43)) - raft.server.log.preallocated.size = 16384 (custom)
2019-09-26 16:29:45,893 [pool-27-thread-1] INFO  server.RaftServerConfigKeys (ConfUtils.java:logGet(43)) - raft.server.log.preallocated.size = 16384 (custom)
2019-09-26 16:29:45,893 [pool-87-thread-1] INFO  server.RaftServerConfigKeys (ConfUtils.java:logGet(43)) - raft.server.log.write.buffer.size = 33554432 (custom)
2019-09-26 16:29:45,893 [pool-77-thread-1] INFO  server.RaftServerConfigKeys (ConfUtils.java:logGet(43)) - raft.server.snapshot.auto.trigger.threshold = 10000 (custom)
2019-09-26 16:29:45,894 [pool-87-thread-1] INFO  server.RaftServerConfigKeys (ConfUtils.java:logGet(43)) - raft.server.log.force.sync.num = 128 (default)
2019-09-26 16:29:45,894 [pool-27-thread-1] INFO  server.RaftServerConfigKeys (ConfUtils.java:logGet(43)) - raft.server.log.write.buffer.size = 33554432 (custom)
2019-09-26 16:29:45,894 [pool-87-thread-1] INFO  server.RaftServerConfigKeys (ConfUtils.java:logGet(43)) - raft.server.log.statemachine.data.sync = true (default)
2019-09-26 16:29:45,894 [pool-77-thread-1] INFO  server.RaftServerConfigKeys (ConfUtils.java:logGet(43)) - raft.server.snapshot.retention.num.files = 5 (custom)
2019-09-26 16:29:45,894 [pool-87-thread-1] INFO  server.RaftServerConfigKeys (ConfUtils.java:logGet(43)) - raft.server.log.statemachine.data.sync.timeout = 10s (default)
2019-09-26 16:29:45,895 [pool-87-thread-1] INFO  server.RaftServerConfigKeys (ConfUtils.java:logGet(43)) - raft.server.log.statemachine.data.sync.timeout.retry = -1 (default)
2019-09-26 16:29:45,894 [pool-27-thread-1] INFO  server.RaftServerConfigKeys (ConfUtils.java:logGet(43)) - raft.server.log.force.sync.num = 128 (default)
2019-09-26 16:29:45,895 [pool-87-thread-1] INFO  server.RaftServerConfigKeys (ConfUtils.java:logGet(43)) - raft.server.log.statemachine.data.caching.enabled = true (custom)
2019-09-26 16:29:45,895 [pool-77-thread-1] INFO  server.RaftServerConfigKeys (ConfUtils.java:logGet(43)) - raft.server.retrycache.expirytime = 600000ms (custom)
2019-09-26 16:29:45,895 [pool-27-thread-1] INFO  server.RaftServerConfigKeys (ConfUtils.java:logGet(43)) - raft.server.log.statemachine.data.sync = true (default)
2019-09-26 16:29:45,896 [pool-87-thread-1] INFO  segmented.SegmentedRaftLogWorker (SegmentedRaftLogWorker.java:lambda$new$0(132)) - 7ae1d8e0-c3cd-44e1-b67c-818b78fc249c@group-EAB1D7230F93-SegmentedRaftLogWorker: flushIndex: setUnconditionally 0 -> -1
2019-09-26 16:29:45,896 [pool-27-thread-1] INFO  server.RaftServerConfigKeys (ConfUtils.java:logGet(43)) - raft.server.log.statemachine.data.sync.timeout = 10s (default)
2019-09-26 16:29:45,896 [pool-87-thread-1] INFO  server.RaftServerConfigKeys (ConfUtils.java:logGet(43)) - raft.server.snapshot.auto.trigger.enabled = true (custom)
2019-09-26 16:29:45,896 [pool-27-thread-1] INFO  server.RaftServerConfigKeys (ConfUtils.java:logGet(43)) - raft.server.log.statemachine.data.sync.timeout.retry = -1 (default)
2019-09-26 16:29:45,896 [pool-87-thread-1] INFO  server.RaftServerConfigKeys (ConfUtils.java:logGet(43)) - raft.server.snapshot.auto.trigger.threshold = 10000 (custom)
2019-09-26 16:29:45,897 [pool-27-thread-1] INFO  server.RaftServerConfigKeys (ConfUtils.java:logGet(43)) - raft.server.log.statemachine.data.caching.enabled = true (custom)
2019-09-26 16:29:45,897 [pool-87-thread-1] INFO  server.RaftServerConfigKeys (ConfUtils.java:logGet(43)) - raft.server.snapshot.retention.num.files = 5 (custom)
2019-09-26 16:29:45,897 [pool-27-thread-1] INFO  segmented.SegmentedRaftLogWorker (SegmentedRaftLogWorker.java:lambda$new$0(132)) - f41b9329-29f6-4fb4-8de9-d292d9a8a636@group-EAB1D7230F93-SegmentedRaftLogWorker: flushIndex: setUnconditionally 0 -> -1
2019-09-26 16:29:45,897 [pool-87-thread-1] INFO  server.RaftServerConfigKeys (ConfUtils.java:logGet(43)) - raft.server.retrycache.expirytime = 600000ms (custom)
2019-09-26 16:29:45,898 [pool-27-thread-1] INFO  server.RaftServerConfigKeys (ConfUtils.java:logGet(43)) - raft.server.snapshot.auto.trigger.enabled = true (custom)
2019-09-26 16:29:45,898 [pool-27-thread-1] INFO  server.RaftServerConfigKeys (ConfUtils.java:logGet(43)) - raft.server.snapshot.auto.trigger.threshold = 10000 (custom)
2019-09-26 16:29:45,898 [pool-27-thread-1] INFO  server.RaftServerConfigKeys (ConfUtils.java:logGet(43)) - raft.server.snapshot.retention.num.files = 5 (custom)
2019-09-26 16:29:45,898 [pool-27-thread-1] INFO  server.RaftServerConfigKeys (ConfUtils.java:logGet(43)) - raft.server.retrycache.expirytime = 600000ms (custom)
2019-09-26 16:29:45,902 [pool-77-thread-1] INFO  impl.RaftServerImpl (RaftServerImpl.java:start(185)) - 6ad4b93a-b4cf-4be6-9fd2-9d62088a494c@group-EAB1D7230F93: start as a follower, conf=-1: [7ae1d8e0-c3cd-44e1-b67c-818b78fc249c:192.168.157.234:39343, f41b9329-29f6-4fb4-8de9-d292d9a8a636:192.168.157.234:44465, 6ad4b93a-b4cf-4be6-9fd2-9d62088a494c:192.168.157.234:38689], old=null
2019-09-26 16:29:45,902 [pool-77-thread-1] INFO  impl.RaftServerImpl (RaftServerImpl.java:setRole(174)) - 6ad4b93a-b4cf-4be6-9fd2-9d62088a494c@group-EAB1D7230F93: changes role from      null to FOLLOWER at term 0 for startAsFollower
2019-09-26 16:29:45,902 [pool-77-thread-1] INFO  impl.RoleInfo (RoleInfo.java:updateAndGet(143)) - 6ad4b93a-b4cf-4be6-9fd2-9d62088a494c: start FollowerState
2019-09-26 16:29:45,903 [pool-87-thread-1] INFO  impl.RaftServerImpl (RaftServerImpl.java:start(185)) - 7ae1d8e0-c3cd-44e1-b67c-818b78fc249c@group-EAB1D7230F93: start as a follower, conf=-1: [7ae1d8e0-c3cd-44e1-b67c-818b78fc249c:192.168.157.234:39343, f41b9329-29f6-4fb4-8de9-d292d9a8a636:192.168.157.234:44465, 6ad4b93a-b4cf-4be6-9fd2-9d62088a494c:192.168.157.234:38689], old=null
2019-09-26 16:29:45,903 [pool-87-thread-1] INFO  impl.RaftServerImpl (RaftServerImpl.java:setRole(174)) - 7ae1d8e0-c3cd-44e1-b67c-818b78fc249c@group-EAB1D7230F93: changes role from      null to FOLLOWER at term 0 for startAsFollower
2019-09-26 16:29:45,903 [pool-87-thread-1] INFO  impl.RoleInfo (RoleInfo.java:updateAndGet(143)) - 7ae1d8e0-c3cd-44e1-b67c-818b78fc249c: start FollowerState
2019-09-26 16:29:45,903 [pool-77-thread-1] INFO  util.JmxRegister (JmxRegister.java:tryRegister(44)) - Successfully registered JMX Bean with object name Ratis:service=RaftServer,group=group-EAB1D7230F93,id=6ad4b93a-b4cf-4be6-9fd2-9d62088a494c
2019-09-26 16:29:45,903 [pool-27-thread-1] INFO  impl.RaftServerImpl (RaftServerImpl.java:start(185)) - f41b9329-29f6-4fb4-8de9-d292d9a8a636@group-EAB1D7230F93: start as a follower, conf=-1: [7ae1d8e0-c3cd-44e1-b67c-818b78fc249c:192.168.157.234:39343, f41b9329-29f6-4fb4-8de9-d292d9a8a636:192.168.157.234:44465, 6ad4b93a-b4cf-4be6-9fd2-9d62088a494c:192.168.157.234:38689], old=null
2019-09-26 16:29:45,903 [pool-87-thread-1] INFO  util.JmxRegister (JmxRegister.java:tryRegister(44)) - Successfully registered JMX Bean with object name Ratis:service=RaftServer,group=group-EAB1D7230F93,id=7ae1d8e0-c3cd-44e1-b67c-818b78fc249c
2019-09-26 16:29:45,903 [pool-27-thread-1] INFO  impl.RaftServerImpl (RaftServerImpl.java:setRole(174)) - f41b9329-29f6-4fb4-8de9-d292d9a8a636@group-EAB1D7230F93: changes role from      null to FOLLOWER at term 0 for startAsFollower
2019-09-26 16:29:45,904 [pool-27-thread-1] INFO  impl.RoleInfo (RoleInfo.java:updateAndGet(143)) - f41b9329-29f6-4fb4-8de9-d292d9a8a636: start FollowerState
2019-09-26 16:29:45,904 [pool-27-thread-1] INFO  util.JmxRegister (JmxRegister.java:tryRegister(44)) - Successfully registered JMX Bean with object name Ratis:service=RaftServer,group=group-EAB1D7230F93,id=f41b9329-29f6-4fb4-8de9-d292d9a8a636
2019-09-26 16:29:45,911 [RatisPipelineUtilsThread] INFO  pipeline.PipelineStateManager (PipelineStateManager.java:addPipeline(56)) - Created pipeline Pipeline[ Id: b3111ccd-eccc-49ee-a460-eab1d7230f93, Nodes: 6ad4b93a-b4cf-4be6-9fd2-9d62088a494c{ip: 192.168.157.234, host: pr-hdds-2162-htzpk-1451759861, networkLocation: /default-rack, certSerialId: null}f41b9329-29f6-4fb4-8de9-d292d9a8a636{ip: 192.168.157.234, host: pr-hdds-2162-htzpk-1451759861, networkLocation: /default-rack, certSerialId: null}7ae1d8e0-c3cd-44e1-b67c-818b78fc249c{ip: 192.168.157.234, host: pr-hdds-2162-htzpk-1451759861, networkLocation: /default-rack, certSerialId: null}, Type:RATIS, Factor:THREE, State:OPEN]
2019-09-26 16:29:46,224 [main] INFO  ozoneimpl.OzoneContainer (OzoneContainer.java:stop(231)) - Attempting to stop container services.
2019-09-26 16:29:46,225 [main] INFO  impl.RaftServerProxy (RaftServerProxy.java:lambda$close$4(314)) - 79ffe903-3fc0-40a8-8acf-aa2d12154a51: close
2019-09-26 16:29:46,225 [main] INFO  impl.RaftServerImpl (RaftServerImpl.java:lambda$shutdown$3(251)) - 79ffe903-3fc0-40a8-8acf-aa2d12154a51@group-F45A88C3A742: shutdown
2019-09-26 16:29:46,226 [main] INFO  util.JmxRegister (JmxRegister.java:unregister(73)) - Successfully un-registered JMX Bean with object name Ratis:service=RaftServer,group=group-F45A88C3A742,id=79ffe903-3fc0-40a8-8acf-aa2d12154a51
2019-09-26 16:29:46,226 [main] INFO  impl.RoleInfo (RoleInfo.java:shutdownFollowerState(121)) - 79ffe903-3fc0-40a8-8acf-aa2d12154a51: shutdown FollowerState
2019-09-26 16:29:46,227 [main] INFO  impl.StateMachineUpdater (StateMachineUpdater.java:stopAndJoin(125)) - 79ffe903-3fc0-40a8-8acf-aa2d12154a51@group-F45A88C3A742-StateMachineUpdater: set stopIndex = 0
2019-09-26 16:29:46,227 [Thread-323] INFO  impl.FollowerState (FollowerState.java:run(115)) - 79ffe903-3fc0-40a8-8acf-aa2d12154a51: FollowerState was interrupted: java.lang.InterruptedException: sleep interrupted
2019-09-26 16:29:46,230 [main] INFO  impl.RaftServerImpl (ServerState.java:close(385)) - 79ffe903-3fc0-40a8-8acf-aa2d12154a51@group-F45A88C3A742: closes. applyIndex: 0
2019-09-26 16:29:46,231 [79ffe903-3fc0-40a8-8acf-aa2d12154a51@group-F45A88C3A742-SegmentedRaftLogWorker] INFO  segmented.SegmentedRaftLogWorker (SegmentedRaftLogWorker.java:run(313)) - 79ffe903-3fc0-40a8-8acf-aa2d12154a51@group-F45A88C3A742-SegmentedRaftLogWorker was interrupted, exiting. There are 0 tasks remaining in the queue.
2019-09-26 16:29:46,233 [main] INFO  segmented.SegmentedRaftLogWorker (SegmentedRaftLogWorker.java:close(228)) - 79ffe903-3fc0-40a8-8acf-aa2d12154a51@group-F45A88C3A742-SegmentedRaftLogWorker close()
2019-09-26 16:29:46,236 [main] INFO  impl.RaftServerImpl (RaftServerImpl.java:lambda$shutdown$3(251)) - 79ffe903-3fc0-40a8-8acf-aa2d12154a51@group-6439C2230DD6: shutdown
2019-09-26 16:29:46,237 [main] INFO  util.JmxRegister (JmxRegister.java:unregister(73)) - Successfully un-registered JMX Bean with object name Ratis:service=RaftServer,group=group-6439C2230DD6,id=79ffe903-3fc0-40a8-8acf-aa2d12154a51
2019-09-26 16:29:46,237 [main] INFO  impl.RoleInfo (RoleInfo.java:shutdownLeaderState(104)) - 79ffe903-3fc0-40a8-8acf-aa2d12154a51: shutdown LeaderState
2019-09-26 16:29:46,238 [main] INFO  impl.PendingRequests (PendingRequests.java:sendNotLeaderResponses(202)) - 79ffe903-3fc0-40a8-8acf-aa2d12154a51-PendingRequests: sendNotLeaderResponses
2019-09-26 16:29:46,238 [main] INFO  impl.StateMachineUpdater (StateMachineUpdater.java:stopAndJoin(125)) - 79ffe903-3fc0-40a8-8acf-aa2d12154a51@group-6439C2230DD6-StateMachineUpdater: set stopIndex = 0
2019-09-26 16:29:46,239 [main] INFO  impl.RaftServerImpl (ServerState.java:close(385)) - 79ffe903-3fc0-40a8-8acf-aa2d12154a51@group-6439C2230DD6: closes. applyIndex: 0
2019-09-26 16:29:46,240 [79ffe903-3fc0-40a8-8acf-aa2d12154a51@group-6439C2230DD6-SegmentedRaftLogWorker] INFO  segmented.SegmentedRaftLogWorker (SegmentedRaftLogWorker.java:run(313)) - 79ffe903-3fc0-40a8-8acf-aa2d12154a51@group-6439C2230DD6-SegmentedRaftLogWorker was interrupted, exiting. There are 0 tasks remaining in the queue.
2019-09-26 16:29:46,242 [main] INFO  segmented.SegmentedRaftLogWorker (SegmentedRaftLogWorker.java:close(228)) - 79ffe903-3fc0-40a8-8acf-aa2d12154a51@group-6439C2230DD6-SegmentedRaftLogWorker close()
2019-09-26 16:29:46,245 [main] INFO  server.GrpcService (GrpcService.java:closeImpl(164)) - 79ffe903-3fc0-40a8-8acf-aa2d12154a51: shutdown server with port 38144 now
2019-09-26 16:29:46,246 [ForkJoinPool.commonPool-worker-0] INFO  ozoneimpl.OzoneContainer (OzoneContainer.java:stop(231)) - Attempting to stop container services.
2019-09-26 16:29:46,249 [ForkJoinPool.commonPool-worker-0] INFO  impl.RaftServerProxy (RaftServerProxy.java:lambda$close$4(314)) - fc68d4fa-5d3a-472d-bc12-ba3c6d7c7a39: close
2019-09-26 16:29:46,252 [ForkJoinPool.commonPool-worker-0] INFO  impl.RaftServerImpl (RaftServerImpl.java:lambda$shutdown$3(251)) - fc68d4fa-5d3a-472d-bc12-ba3c6d7c7a39@group-87AD02832322: shutdown
2019-09-26 16:29:46,252 [grpc-default-executor-3] WARN  server.GrpcServerProtocolService (LogUtils.java:warn(134)) - 79ffe903-3fc0-40a8-8acf-aa2d12154a51: installSnapshot onError, lastRequest: 6ad4b93a-b4cf-4be6-9fd2-9d62088a494c->79ffe903-3fc0-40a8-8acf-aa2d12154a51#44-t2, previous=(t:2, i:0), leaderCommit=0, initializing? false, entries: <empty>: org.apache.ratis.thirdparty.io.grpc.StatusRuntimeException: CANCELLED: cancelled before receiving half close
2019-09-26 16:29:46,252 [main] INFO  server.GrpcService (GrpcService.java:closeImpl(172)) - 79ffe903-3fc0-40a8-8acf-aa2d12154a51: shutdown server with port 38144 successfully
2019-09-26 16:29:46,252 [grpc-default-executor-2] WARN  server.GrpcLogAppender (LogUtils.java:warn(134)) - 6ad4b93a-b4cf-4be6-9fd2-9d62088a494c@group-F45A88C3A742->79ffe903-3fc0-40a8-8acf-aa2d12154a51-AppendLogResponseHandler: Failed appendEntries: org.apache.ratis.thirdparty.io.grpc.StatusRuntimeException: CANCELLED: HTTP/2 error code: CANCEL
Received Rst Stream
2019-09-26 16:29:46,252 [ForkJoinPool.commonPool-worker-0] INFO  util.JmxRegister (JmxRegister.java:unregister(73)) - Successfully un-registered JMX Bean with object name Ratis:service=RaftServer,group=group-87AD02832322,id=fc68d4fa-5d3a-472d-bc12-ba3c6d7c7a39
2019-09-26 16:29:46,258 [grpc-default-executor-2] INFO  impl.FollowerInfo (FollowerInfo.java:lambda$new$0(51)) - 6ad4b93a-b4cf-4be6-9fd2-9d62088a494c@group-F45A88C3A742->79ffe903-3fc0-40a8-8acf-aa2d12154a51: nextIndex: updateUnconditionally 1 -> 0
2019-09-26 16:29:46,258 [ForkJoinPool.commonPool-worker-0] INFO  impl.RoleInfo (RoleInfo.java:shutdownLeaderState(104)) - fc68d4fa-5d3a-472d-bc12-ba3c6d7c7a39: shutdown LeaderState
2019-09-26 16:29:46,260 [ForkJoinPool.commonPool-worker-0] INFO  impl.PendingRequests (PendingRequests.java:sendNotLeaderResponses(202)) - fc68d4fa-5d3a-472d-bc12-ba3c6d7c7a39-PendingRequests: sendNotLeaderResponses
2019-09-26 16:29:46,261 [refreshUsed-/workdir/hadoop-ozone/integration-test/target/test-dir/MiniOzoneClusterImpl-598ef3ce-e04c-4237-8ba0-cc477a09206f/datanode-3/data/containers] WARN  fs.CachingGetSpaceUsed (CachingGetSpaceUsed.java:run(183)) - Thread Interrupted waiting to refresh disk information: sleep interrupted
2019-09-26 16:29:46,261 [ForkJoinPool.commonPool-worker-0] INFO  impl.StateMachineUpdater (StateMachineUpdater.java:stopAndJoin(125)) - fc68d4fa-5d3a-472d-bc12-ba3c6d7c7a39@group-87AD02832322-StateMachineUpdater: set stopIndex = 0
2019-09-26 16:29:46,262 [ForkJoinPool.commonPool-worker-0] INFO  impl.RaftServerImpl (ServerState.java:close(385)) - fc68d4fa-5d3a-472d-bc12-ba3c6d7c7a39@group-87AD02832322: closes. applyIndex: 0
2019-09-26 16:29:46,262 [fc68d4fa-5d3a-472d-bc12-ba3c6d7c7a39@group-87AD02832322-SegmentedRaftLogWorker] INFO  segmented.SegmentedRaftLogWorker (SegmentedRaftLogWorker.java:run(313)) - fc68d4fa-5d3a-472d-bc12-ba3c6d7c7a39@group-87AD02832322-SegmentedRaftLogWorker was interrupted, exiting. There are 0 tasks remaining in the queue.
2019-09-26 16:29:46,264 [ForkJoinPool.commonPool-worker-0] INFO  segmented.SegmentedRaftLogWorker (SegmentedRaftLogWorker.java:close(228)) - fc68d4fa-5d3a-472d-bc12-ba3c6d7c7a39@group-87AD02832322-SegmentedRaftLogWorker close()
2019-09-26 16:29:46,268 [ForkJoinPool.commonPool-worker-0] INFO  server.GrpcService (GrpcService.java:closeImpl(164)) - fc68d4fa-5d3a-472d-bc12-ba3c6d7c7a39: shutdown server with port 33291 now
2019-09-26 16:29:46,270 [ForkJoinPool.commonPool-worker-0] INFO  server.GrpcService (GrpcService.java:closeImpl(172)) - fc68d4fa-5d3a-472d-bc12-ba3c6d7c7a39: shutdown server with port 33291 successfully
2019-09-26 16:29:46,284 [refreshUsed-/workdir/hadoop-ozone/integration-test/target/test-dir/MiniOzoneClusterImpl-598ef3ce-e04c-4237-8ba0-cc477a09206f/datanode-2/data/containers] WARN  fs.CachingGetSpaceUsed (CachingGetSpaceUsed.java:run(183)) - Thread Interrupted waiting to refresh disk information: sleep interrupted
2019-09-26 16:29:46,296 [main] INFO  utils.BackgroundService (BackgroundService.java:shutdown(148)) - Shutting down service BlockDeletingService
2019-09-26 16:29:46,300 [main] INFO  statemachine.DatanodeStateMachine (DatanodeStateMachine.java:stopDaemon(395)) - Ozone container server stopped.
2019-09-26 16:29:46,301 [main] INFO  handler.ContextHandler (ContextHandler.java:doStop(910)) - Stopped o.e.j.w.WebAppContext@350d3f4d{/,null,UNAVAILABLE}{/hddsDatanode}
2019-09-26 16:29:46,302 [main] INFO  server.AbstractConnector (AbstractConnector.java:doStop(318)) - Stopped ServerConnector@18b8d173{HTTP/1.1,[http/1.1]}{0.0.0.0:0}
2019-09-26 16:29:46,303 [main] INFO  handler.ContextHandler (ContextHandler.java:doStop(910)) - Stopped o.e.j.s.ServletContextHandler@642f9a77{/static,jar:file:/home/user/.m2/repository/org/apache/hadoop/hadoop-hdds-container-service/0.5.0-SNAPSHOT/hadoop-hdds-container-service-0.5.0-SNAPSHOT.jar!/webapps/static,UNAVAILABLE}
2019-09-26 16:29:46,303 [main] INFO  handler.ContextHandler (ContextHandler.java:doStop(910)) - Stopped o.e.j.s.ServletContextHandler@4b97c4ad{/logs,file:///workdir/hadoop-ozone/integration-test/target/log,UNAVAILABLE}
2019-09-26 16:29:46,306 [ForkJoinPool.commonPool-worker-0] INFO  utils.BackgroundService (BackgroundService.java:shutdown(148)) - Shutting down service BlockDeletingService
2019-09-26 16:29:46,310 [ForkJoinPool.commonPool-worker-0] INFO  statemachine.DatanodeStateMachine (DatanodeStateMachine.java:stopDaemon(395)) - Ozone container server stopped.
2019-09-26 16:29:46,315 [ForkJoinPool.commonPool-worker-0] INFO  handler.ContextHandler (ContextHandler.java:doStop(910)) - Stopped o.e.j.w.WebAppContext@53f4c1e6{/,null,UNAVAILABLE}{/hddsDatanode}
2019-09-26 16:29:46,316 [ForkJoinPool.commonPool-worker-0] INFO  server.AbstractConnector (AbstractConnector.java:doStop(318)) - Stopped ServerConnector@74174a23{HTTP/1.1,[http/1.1]}{0.0.0.0:0}
2019-09-26 16:29:46,317 [ForkJoinPool.commonPool-worker-0] INFO  handler.ContextHandler (ContextHandler.java:doStop(910)) - Stopped o.e.j.s.ServletContextHandler@1cd3b138{/static,jar:file:/home/user/.m2/repository/org/apache/hadoop/hadoop-hdds-container-service/0.5.0-SNAPSHOT/hadoop-hdds-container-service-0.5.0-SNAPSHOT.jar!/webapps/static,UNAVAILABLE}
2019-09-26 16:29:46,319 [ForkJoinPool.commonPool-worker-0] INFO  handler.ContextHandler (ContextHandler.java:doStop(910)) - Stopped o.e.j.s.ServletContextHandler@121bb45b{/logs,file:///workdir/hadoop-ozone/integration-test/target/log,UNAVAILABLE}
2019-09-26 16:29:46,430 [Datanode State Machine Thread - 0] INFO  statemachine.DatanodeStateMachine (DatanodeStateMachine.java:lambda$startDaemon$0(350)) - Ozone container server started.
2019-09-26 16:29:46,513 [grpc-default-executor-0] WARN  server.GrpcLogAppender (LogUtils.java:warn(134)) - 6ad4b93a-b4cf-4be6-9fd2-9d62088a494c@group-F45A88C3A742->544e4564-cff2-4854-aa86-9068d953c0c3-AppendLogResponseHandler: Failed appendEntries: org.apache.ratis.thirdparty.io.grpc.StatusRuntimeException: UNAVAILABLE: io exception
2019-09-26 16:29:46,514 [grpc-default-executor-0] INFO  impl.FollowerInfo (FollowerInfo.java:lambda$new$0(51)) - 6ad4b93a-b4cf-4be6-9fd2-9d62088a494c@group-F45A88C3A742->544e4564-cff2-4854-aa86-9068d953c0c3: nextIndex: updateUnconditionally 0 -> 0
2019-09-26 16:29:46,518 [grpc-default-executor-2] WARN  server.GrpcLogAppender (LogUtils.java:warn(134)) - 6ad4b93a-b4cf-4be6-9fd2-9d62088a494c@group-F45A88C3A742->79ffe903-3fc0-40a8-8acf-aa2d12154a51-AppendLogResponseHandler: Failed appendEntries: org.apache.ratis.thirdparty.io.grpc.StatusRuntimeException: UNAVAILABLE: io exception
2019-09-26 16:29:46,520 [grpc-default-executor-2] INFO  impl.FollowerInfo (FollowerInfo.java:lambda$new$0(51)) - 6ad4b93a-b4cf-4be6-9fd2-9d62088a494c@group-F45A88C3A742->79ffe903-3fc0-40a8-8acf-aa2d12154a51: nextIndex: updateUnconditionally 0 -> 0
2019-09-26 16:29:46,966 [Datanode State Machine Thread - 0] INFO  statemachine.DatanodeStateMachine (DatanodeStateMachine.java:lambda$startDaemon$0(350)) - Ozone container server started.
2019-09-26 16:29:48,355 [Thread-328] INFO  impl.FollowerState (FollowerState.java:run(106)) - f41b9329-29f6-4fb4-8de9-d292d9a8a636:group-54FC743A9B46 changes to CANDIDATE, lastRpcTime:9359, electionTimeout:5119ms
2019-09-26 16:29:48,355 [Thread-328] INFO  impl.RoleInfo (RoleInfo.java:shutdownFollowerState(121)) - f41b9329-29f6-4fb4-8de9-d292d9a8a636: shutdown FollowerState
2019-09-26 16:29:48,356 [Thread-328] INFO  impl.RaftServerImpl (RaftServerImpl.java:setRole(174)) - f41b9329-29f6-4fb4-8de9-d292d9a8a636@group-54FC743A9B46: changes role from  FOLLOWER to CANDIDATE at term 2 for changeToCandidate
2019-09-26 16:29:48,356 [Thread-328] INFO  impl.RoleInfo (RoleInfo.java:updateAndGet(143)) - f41b9329-29f6-4fb4-8de9-d292d9a8a636: start LeaderElection
2019-09-26 16:29:48,357 [f41b9329-29f6-4fb4-8de9-d292d9a8a636@group-54FC743A9B46:LeaderElection17] INFO  impl.RaftServerImpl (ServerState.java:setLeader(253)) - f41b9329-29f6-4fb4-8de9-d292d9a8a636@group-54FC743A9B46: change Leader from 923128ae-3131-46de-9810-c19589cb32d9 to null at term 2 for initElection
2019-09-26 16:29:48,391 [f41b9329-29f6-4fb4-8de9-d292d9a8a636@group-54FC743A9B46:LeaderElection17] INFO  impl.LeaderElection (LeaderElection.java:askForVotes(182)) - f41b9329-29f6-4fb4-8de9-d292d9a8a636@group-54FC743A9B46:LeaderElection17: begin an election at term 3 for 0: [7ae1d8e0-c3cd-44e1-b67c-818b78fc249c:192.168.157.234:39343, f41b9329-29f6-4fb4-8de9-d292d9a8a636:192.168.157.234:44465, 923128ae-3131-46de-9810-c19589cb32d9:192.168.157.234:34411], old=null
2019-09-26 16:29:48,397 [grpc-default-executor-2] INFO  impl.RaftServerImpl (ServerState.java:setLeader(253)) - 7ae1d8e0-c3cd-44e1-b67c-818b78fc249c@group-54FC743A9B46: change Leader from 923128ae-3131-46de-9810-c19589cb32d9 to null at term 3 for updateCurrentTerm
2019-09-26 16:29:48,397 [grpc-default-executor-2] INFO  impl.RaftServerImpl (RaftServerImpl.java:setRole(174)) - 7ae1d8e0-c3cd-44e1-b67c-818b78fc249c@group-54FC743A9B46: changes role from  FOLLOWER to FOLLOWER at term 3 for recognizeCandidate:f41b9329-29f6-4fb4-8de9-d292d9a8a636
2019-09-26 16:29:48,398 [grpc-default-executor-2] INFO  impl.RoleInfo (RoleInfo.java:shutdownFollowerState(121)) - 7ae1d8e0-c3cd-44e1-b67c-818b78fc249c: shutdown FollowerState
2019-09-26 16:29:48,398 [grpc-default-executor-2] INFO  impl.RoleInfo (RoleInfo.java:updateAndGet(143)) - 7ae1d8e0-c3cd-44e1-b67c-818b78fc249c: start FollowerState
2019-09-26 16:29:48,398 [Thread-337] INFO  impl.FollowerState (FollowerState.java:run(115)) - 7ae1d8e0-c3cd-44e1-b67c-818b78fc249c: FollowerState was interrupted: java.lang.InterruptedException: sleep interrupted
2019-09-26 16:29:48,400 [f41b9329-29f6-4fb4-8de9-d292d9a8a636@group-54FC743A9B46:LeaderElection17] INFO  impl.LeaderElection (LogUtils.java:infoOrTrace(149)) - f41b9329-29f6-4fb4-8de9-d292d9a8a636@group-54FC743A9B46:LeaderElection17 got exception when requesting votes: {}
java.util.concurrent.ExecutionException: org.apache.ratis.thirdparty.io.grpc.StatusRuntimeException: UNAVAILABLE: io exception
	at java.util.concurrent.FutureTask.report(FutureTask.java:122)
	at java.util.concurrent.FutureTask.get(FutureTask.java:192)
	at org.apache.ratis.server.impl.LeaderElection.waitForResults(LeaderElection.java:263)
	at org.apache.ratis.server.impl.LeaderElection.askForVotes(LeaderElection.java:201)
	at org.apache.ratis.server.impl.LeaderElection.run(LeaderElection.java:133)
	at java.lang.Thread.run(Thread.java:748)
Caused by: org.apache.ratis.thirdparty.io.grpc.StatusRuntimeException: UNAVAILABLE: io exception
	at org.apache.ratis.thirdparty.io.grpc.stub.ClientCalls.toStatusRuntimeException(ClientCalls.java:233)
	at org.apache.ratis.thirdparty.io.grpc.stub.ClientCalls.getUnchecked(ClientCalls.java:214)
	at org.apache.ratis.thirdparty.io.grpc.stub.ClientCalls.blockingUnaryCall(ClientCalls.java:139)
	at org.apache.ratis.proto.grpc.RaftServerProtocolServiceGrpc$RaftServerProtocolServiceBlockingStub.requestVote(RaftServerProtocolServiceGrpc.java:265)
	at org.apache.ratis.grpc.server.GrpcServerProtocolClient.requestVote(GrpcServerProtocolClient.java:90)
	at org.apache.ratis.grpc.server.GrpcService.requestVote(GrpcService.java:204)
	at org.apache.ratis.server.impl.LeaderElection.lambda$submitRequests$1(LeaderElection.java:238)
	at java.util.concurrent.FutureTask.run(FutureTask.java:266)
	at java.util.concurrent.Executors$RunnableAdapter.call(Executors.java:511)
	at java.util.concurrent.FutureTask.run(FutureTask.java:266)
	at java.util.concurrent.ThreadPoolExecutor.runWorker(ThreadPoolExecutor.java:1149)
	at java.util.concurrent.ThreadPoolExecutor$Worker.run(ThreadPoolExecutor.java:624)
	... 1 more
Caused by: org.apache.ratis.thirdparty.io.netty.channel.AbstractChannel$AnnotatedConnectException: Connection refused: /192.168.157.234:34411
	at sun.nio.ch.SocketChannelImpl.checkConnect(Native Method)
	at sun.nio.ch.SocketChannelImpl.finishConnect(SocketChannelImpl.java:717)
	at org.apache.ratis.thirdparty.io.netty.channel.socket.nio.NioSocketChannel.doFinishConnect(NioSocketChannel.java:327)
	at org.apache.ratis.thirdparty.io.netty.channel.nio.AbstractNioChannel$AbstractNioUnsafe.finishConnect(AbstractNioChannel.java:340)
	at org.apache.ratis.thirdparty.io.netty.channel.nio.NioEventLoop.processSelectedKey(NioEventLoop.java:632)
	at org.apache.ratis.thirdparty.io.netty.channel.nio.NioEventLoop.processSelectedKeysOptimized(NioEventLoop.java:579)
	at org.apache.ratis.thirdparty.io.netty.channel.nio.NioEventLoop.processSelectedKeys(NioEventLoop.java:496)
	at org.apache.ratis.thirdparty.io.netty.channel.nio.NioEventLoop.run(NioEventLoop.java:458)
	at org.apache.ratis.thirdparty.io.netty.util.concurrent.SingleThreadEventExecutor$5.run(SingleThreadEventExecutor.java:897)
	at org.apache.ratis.thirdparty.io.netty.util.concurrent.FastThreadLocalRunnable.run(FastThreadLocalRunnable.java:30)
	... 1 more
Caused by: java.net.ConnectException: Connection refused
	... 11 more
2019-09-26 16:29:48,414 [f41b9329-29f6-4fb4-8de9-d292d9a8a636@group-54FC743A9B46:LeaderElection17] INFO  impl.LeaderElection (LeaderElection.java:logAndReturn(56)) - f41b9329-29f6-4fb4-8de9-d292d9a8a636@group-54FC743A9B46:LeaderElection17: Election PASSED; received 1 response(s) [f41b9329-29f6-4fb4-8de9-d292d9a8a636<-7ae1d8e0-c3cd-44e1-b67c-818b78fc249c#0:OK-t3] and 1 exception(s); f41b9329-29f6-4fb4-8de9-d292d9a8a636@group-54FC743A9B46:t3, leader=null, voted=f41b9329-29f6-4fb4-8de9-d292d9a8a636, raftlog=f41b9329-29f6-4fb4-8de9-d292d9a8a636@group-54FC743A9B46-SegmentedRaftLog:OPENED:c0,f0,i0, conf=0: [7ae1d8e0-c3cd-44e1-b67c-818b78fc249c:192.168.157.234:39343, f41b9329-29f6-4fb4-8de9-d292d9a8a636:192.168.157.234:44465, 923128ae-3131-46de-9810-c19589cb32d9:192.168.157.234:34411], old=null
2019-09-26 16:29:48,414 [f41b9329-29f6-4fb4-8de9-d292d9a8a636@group-54FC743A9B46:LeaderElection17] INFO  impl.LeaderElection (LogUtils.java:infoOrTrace(149)) -   Exception 0: {}
java.util.concurrent.ExecutionException: org.apache.ratis.thirdparty.io.grpc.StatusRuntimeException: UNAVAILABLE: io exception
	at java.util.concurrent.FutureTask.report(FutureTask.java:122)
	at java.util.concurrent.FutureTask.get(FutureTask.java:192)
	at org.apache.ratis.server.impl.LeaderElection.waitForResults(LeaderElection.java:263)
	at org.apache.ratis.server.impl.LeaderElection.askForVotes(LeaderElection.java:201)
	at org.apache.ratis.server.impl.LeaderElection.run(LeaderElection.java:133)
	at java.lang.Thread.run(Thread.java:748)
Caused by: org.apache.ratis.thirdparty.io.grpc.StatusRuntimeException: UNAVAILABLE: io exception
	at org.apache.ratis.thirdparty.io.grpc.stub.ClientCalls.toStatusRuntimeException(ClientCalls.java:233)
	at org.apache.ratis.thirdparty.io.grpc.stub.ClientCalls.getUnchecked(ClientCalls.java:214)
	at org.apache.ratis.thirdparty.io.grpc.stub.ClientCalls.blockingUnaryCall(ClientCalls.java:139)
	at org.apache.ratis.proto.grpc.RaftServerProtocolServiceGrpc$RaftServerProtocolServiceBlockingStub.requestVote(RaftServerProtocolServiceGrpc.java:265)
	at org.apache.ratis.grpc.server.GrpcServerProtocolClient.requestVote(GrpcServerProtocolClient.java:90)
	at org.apache.ratis.grpc.server.GrpcService.requestVote(GrpcService.java:204)
	at org.apache.ratis.server.impl.LeaderElection.lambda$submitRequests$1(LeaderElection.java:238)
	at java.util.concurrent.FutureTask.run(FutureTask.java:266)
	at java.util.concurrent.Executors$RunnableAdapter.call(Executors.java:511)
	at java.util.concurrent.FutureTask.run(FutureTask.java:266)
	at java.util.concurrent.ThreadPoolExecutor.runWorker(ThreadPoolExecutor.java:1149)
	at java.util.concurrent.ThreadPoolExecutor$Worker.run(ThreadPoolExecutor.java:624)
	... 1 more
Caused by: org.apache.ratis.thirdparty.io.netty.channel.AbstractChannel$AnnotatedConnectException: Connection refused: /192.168.157.234:34411
	at sun.nio.ch.SocketChannelImpl.checkConnect(Native Method)
	at sun.nio.ch.SocketChannelImpl.finishConnect(SocketChannelImpl.java:717)
	at org.apache.ratis.thirdparty.io.netty.channel.socket.nio.NioSocketChannel.doFinishConnect(NioSocketChannel.java:327)
	at org.apache.ratis.thirdparty.io.netty.channel.nio.AbstractNioChannel$AbstractNioUnsafe.finishConnect(AbstractNioChannel.java:340)
	at org.apache.ratis.thirdparty.io.netty.channel.nio.NioEventLoop.processSelectedKey(NioEventLoop.java:632)
	at org.apache.ratis.thirdparty.io.netty.channel.nio.NioEventLoop.processSelectedKeysOptimized(NioEventLoop.java:579)
	at org.apache.ratis.thirdparty.io.netty.channel.nio.NioEventLoop.processSelectedKeys(NioEventLoop.java:496)
	at org.apache.ratis.thirdparty.io.netty.channel.nio.NioEventLoop.run(NioEventLoop.java:458)
	at org.apache.ratis.thirdparty.io.netty.util.concurrent.SingleThreadEventExecutor$5.run(SingleThreadEventExecutor.java:897)
	at org.apache.ratis.thirdparty.io.netty.util.concurrent.FastThreadLocalRunnable.run(FastThreadLocalRunnable.java:30)
	... 1 more
Caused by: java.net.ConnectException: Connection refused
	... 11 more
2019-09-26 16:29:48,415 [f41b9329-29f6-4fb4-8de9-d292d9a8a636@group-54FC743A9B46:LeaderElection17] INFO  impl.RoleInfo (RoleInfo.java:shutdownLeaderElection(134)) - f41b9329-29f6-4fb4-8de9-d292d9a8a636: shutdown LeaderElection
2019-09-26 16:29:48,417 [f41b9329-29f6-4fb4-8de9-d292d9a8a636@group-54FC743A9B46:LeaderElection17] INFO  impl.RaftServerImpl (RaftServerImpl.java:setRole(174)) - f41b9329-29f6-4fb4-8de9-d292d9a8a636@group-54FC743A9B46: changes role from CANDIDATE to LEADER at term 3 for changeToLeader
2019-09-26 16:29:48,417 [f41b9329-29f6-4fb4-8de9-d292d9a8a636@group-54FC743A9B46:LeaderElection17] INFO  impl.RaftServerImpl (ServerState.java:setLeader(253)) - f41b9329-29f6-4fb4-8de9-d292d9a8a636@group-54FC743A9B46: change Leader from null to f41b9329-29f6-4fb4-8de9-d292d9a8a636 at term 3 for becomeLeader, leader elected after 60ms
2019-09-26 16:29:48,417 [f41b9329-29f6-4fb4-8de9-d292d9a8a636@group-54FC743A9B46:LeaderElection17] INFO  server.RaftServerConfigKeys (ConfUtils.java:logGet(43)) - raft.server.staging.catchup.gap = 1000 (default)
2019-09-26 16:29:48,417 [f41b9329-29f6-4fb4-8de9-d292d9a8a636@group-54FC743A9B46:LeaderElection17] INFO  server.RaftServerConfigKeys (ConfUtils.java:logGet(43)) - raft.server.rpc.sleep.time = 25ms (default)
2019-09-26 16:29:48,417 [f41b9329-29f6-4fb4-8de9-d292d9a8a636@group-54FC743A9B46:LeaderElection17] INFO  server.RaftServerConfigKeys (ConfUtils.java:logGet(43)) - raft.server.write.element-limit = 4096 (default)
2019-09-26 16:29:48,418 [f41b9329-29f6-4fb4-8de9-d292d9a8a636@group-54FC743A9B46:LeaderElection17] INFO  server.RaftServerConfigKeys (ConfUtils.java:logGet(43)) - raft.server.watch.timeout = 10s (default)
2019-09-26 16:29:48,418 [f41b9329-29f6-4fb4-8de9-d292d9a8a636@group-54FC743A9B46:LeaderElection17] INFO  server.RaftServerConfigKeys (ConfUtils.java:logGet(43)) - raft.server.watch.timeout.denomination = 1s (default)
2019-09-26 16:29:48,418 [f41b9329-29f6-4fb4-8de9-d292d9a8a636@group-54FC743A9B46:LeaderElection17] INFO  server.RaftServerConfigKeys (ConfUtils.java:logGet(43)) - raft.server.watch.element-limit = 65536 (default)
2019-09-26 16:29:48,422 [f41b9329-29f6-4fb4-8de9-d292d9a8a636@group-54FC743A9B46:LeaderElection17] INFO  server.RaftServerConfigKeys (ConfUtils.java:logGet(43)) - raft.server.log.appender.snapshot.chunk.size.max = 16MB (=16777216) (default)
2019-09-26 16:29:48,422 [f41b9329-29f6-4fb4-8de9-d292d9a8a636@group-54FC743A9B46:LeaderElection17] INFO  server.RaftServerConfigKeys (ConfUtils.java:logGet(43)) - raft.server.log.appender.buffer.byte-limit = 33554432 (custom)
2019-09-26 16:29:48,422 [f41b9329-29f6-4fb4-8de9-d292d9a8a636@group-54FC743A9B46:LeaderElection17] INFO  server.RaftServerConfigKeys (ConfUtils.java:logGet(43)) - raft.server.log.appender.buffer.element-limit = 1 (custom)
2019-09-26 16:29:48,423 [f41b9329-29f6-4fb4-8de9-d292d9a8a636@group-54FC743A9B46:LeaderElection17] INFO  grpc.GrpcConfigKeys$Server (ConfUtils.java:logGet(43)) - raft.grpc.server.leader.outstanding.appends.max = 128 (default)
2019-09-26 16:29:48,423 [f41b9329-29f6-4fb4-8de9-d292d9a8a636@group-54FC743A9B46:LeaderElection17] INFO  server.RaftServerConfigKeys (ConfUtils.java:logGet(43)) - raft.server.rpc.request.timeout = 3000ms (default)
2019-09-26 16:29:48,423 [f41b9329-29f6-4fb4-8de9-d292d9a8a636@group-54FC743A9B46:LeaderElection17] INFO  server.RaftServerConfigKeys (ConfUtils.java:logGet(43)) - raft.server.log.appender.install.snapshot.enabled = false (custom)
2019-09-26 16:29:48,423 [f41b9329-29f6-4fb4-8de9-d292d9a8a636@group-54FC743A9B46:LeaderElection17] INFO  server.RaftServerConfigKeys (ConfUtils.java:logGet(43)) - raft.server.log.appender.snapshot.chunk.size.max = 16MB (=16777216) (default)
2019-09-26 16:29:48,424 [f41b9329-29f6-4fb4-8de9-d292d9a8a636@group-54FC743A9B46:LeaderElection17] INFO  server.RaftServerConfigKeys (ConfUtils.java:logGet(43)) - raft.server.log.appender.buffer.byte-limit = 33554432 (custom)
2019-09-26 16:29:48,424 [f41b9329-29f6-4fb4-8de9-d292d9a8a636@group-54FC743A9B46:LeaderElection17] INFO  server.RaftServerConfigKeys (ConfUtils.java:logGet(43)) - raft.server.log.appender.buffer.element-limit = 1 (custom)
2019-09-26 16:29:48,424 [f41b9329-29f6-4fb4-8de9-d292d9a8a636@group-54FC743A9B46:LeaderElection17] INFO  grpc.GrpcConfigKeys$Server (ConfUtils.java:logGet(43)) - raft.grpc.server.leader.outstanding.appends.max = 128 (default)
2019-09-26 16:29:48,424 [f41b9329-29f6-4fb4-8de9-d292d9a8a636@group-54FC743A9B46:LeaderElection17] INFO  server.RaftServerConfigKeys (ConfUtils.java:logGet(43)) - raft.server.rpc.request.timeout = 3000ms (default)
2019-09-26 16:29:48,425 [f41b9329-29f6-4fb4-8de9-d292d9a8a636@group-54FC743A9B46:LeaderElection17] INFO  server.RaftServerConfigKeys (ConfUtils.java:logGet(43)) - raft.server.log.appender.install.snapshot.enabled = false (custom)
2019-09-26 16:29:48,425 [f41b9329-29f6-4fb4-8de9-d292d9a8a636@group-54FC743A9B46:LeaderElection17] INFO  impl.RoleInfo (RoleInfo.java:updateAndGet(143)) - f41b9329-29f6-4fb4-8de9-d292d9a8a636: start LeaderState
2019-09-26 16:29:48,426 [f41b9329-29f6-4fb4-8de9-d292d9a8a636@group-54FC743A9B46:LeaderElection17] INFO  segmented.SegmentedRaftLogWorker (SegmentedRaftLogWorker.java:rollLogSegment(385)) - f41b9329-29f6-4fb4-8de9-d292d9a8a636@group-54FC743A9B46-SegmentedRaftLogWorker: Rolling segment log-0_0 to index:0
2019-09-26 16:29:48,429 [f41b9329-29f6-4fb4-8de9-d292d9a8a636@group-54FC743A9B46-SegmentedRaftLogWorker] INFO  segmented.SegmentedRaftLogWorker (SegmentedRaftLogWorker.java:execute(526)) - f41b9329-29f6-4fb4-8de9-d292d9a8a636@group-54FC743A9B46-SegmentedRaftLogWorker: Rolled log segment from /workdir/hadoop-ozone/integration-test/target/test-dir/MiniOzoneClusterImpl-598ef3ce-e04c-4237-8ba0-cc477a09206f/datanode-0/data/ratis/34bef81e-1e14-4f2d-8ce9-54fc743a9b46/current/log_inprogress_0 to /workdir/hadoop-ozone/integration-test/target/test-dir/MiniOzoneClusterImpl-598ef3ce-e04c-4237-8ba0-cc477a09206f/datanode-0/data/ratis/34bef81e-1e14-4f2d-8ce9-54fc743a9b46/current/log_0-0
2019-09-26 16:29:48,434 [f41b9329-29f6-4fb4-8de9-d292d9a8a636@group-54FC743A9B46:LeaderElection17] INFO  impl.RaftServerImpl (ServerState.java:setRaftConf(354)) - f41b9329-29f6-4fb4-8de9-d292d9a8a636@group-54FC743A9B46: set configuration 1: [7ae1d8e0-c3cd-44e1-b67c-818b78fc249c:192.168.157.234:39343, f41b9329-29f6-4fb4-8de9-d292d9a8a636:192.168.157.234:44465, 923128ae-3131-46de-9810-c19589cb32d9:192.168.157.234:34411], old=null at 1
2019-09-26 16:29:48,473 [EventQueue-StaleNodeForStaleNodeHandler] INFO  node.StaleNodeHandler (StaleNodeHandler.java:onMessage(58)) - Datanode 7ae1d8e0-c3cd-44e1-b67c-818b78fc249c{ip: 192.168.157.234, host: pr-hdds-2162-htzpk-1451759861, networkLocation: /default-rack, certSerialId: null} moved to stale state. Finalizing its pipelines [PipelineID=34bef81e-1e14-4f2d-8ce9-54fc743a9b46, PipelineID=9ccac47d-dc13-45ab-ae90-56580634f3b6, PipelineID=b3111ccd-eccc-49ee-a460-eab1d7230f93]
2019-09-26 16:29:48,474 [grpc-default-executor-2] WARN  server.GrpcLogAppender (LogUtils.java:warn(134)) - f41b9329-29f6-4fb4-8de9-d292d9a8a636@group-54FC743A9B46->923128ae-3131-46de-9810-c19589cb32d9-AppendLogResponseHandler: Failed appendEntries: org.apache.ratis.thirdparty.io.grpc.StatusRuntimeException: UNAVAILABLE: io exception
2019-09-26 16:29:48,474 [EventQueue-StaleNodeForStaleNodeHandler] INFO  pipeline.SCMPipelineManager (SCMPipelineManager.java:finalizeAndDestroyPipeline(315)) - destroying pipeline:Pipeline[ Id: 34bef81e-1e14-4f2d-8ce9-54fc743a9b46, Nodes: f41b9329-29f6-4fb4-8de9-d292d9a8a636{ip: 192.168.157.234, host: pr-hdds-2162-htzpk-1451759861, networkLocation: /default-rack, certSerialId: null}923128ae-3131-46de-9810-c19589cb32d9{ip: 192.168.157.234, host: pr-hdds-2162-htzpk-1451759861, networkLocation: /default-rack, certSerialId: null}7ae1d8e0-c3cd-44e1-b67c-818b78fc249c{ip: 192.168.157.234, host: pr-hdds-2162-htzpk-1451759861, networkLocation: /default-rack, certSerialId: null}, Type:RATIS, Factor:THREE, State:CLOSED]
2019-09-26 16:29:48,476 [EventQueue-StaleNodeForStaleNodeHandler] INFO  pipeline.SCMPipelineManager (SCMPipelineManager.java:finalizeAndDestroyPipeline(315)) - destroying pipeline:Pipeline[ Id: 9ccac47d-dc13-45ab-ae90-56580634f3b6, Nodes: 7ae1d8e0-c3cd-44e1-b67c-818b78fc249c{ip: 192.168.157.234, host: pr-hdds-2162-htzpk-1451759861, networkLocation: /default-rack, certSerialId: null}, Type:RATIS, Factor:ONE, State:OPEN]
2019-09-26 16:29:48,476 [grpc-default-executor-2] INFO  impl.FollowerInfo (FollowerInfo.java:lambda$new$0(51)) - f41b9329-29f6-4fb4-8de9-d292d9a8a636@group-54FC743A9B46->923128ae-3131-46de-9810-c19589cb32d9: nextIndex: updateUnconditionally 1 -> 0
2019-09-26 16:29:48,478 [EventQueue-StaleNodeForStaleNodeHandler] INFO  pipeline.PipelineStateManager (PipelineStateManager.java:finalizePipeline(123)) - Pipeline Pipeline[ Id: 9ccac47d-dc13-45ab-ae90-56580634f3b6, Nodes: 7ae1d8e0-c3cd-44e1-b67c-818b78fc249c{ip: 192.168.157.234, host: pr-hdds-2162-htzpk-1451759861, networkLocation: /default-rack, certSerialId: null}, Type:RATIS, Factor:ONE, State:CLOSED] moved to CLOSED state
2019-09-26 16:29:48,479 [EventQueue-StaleNodeForStaleNodeHandler] INFO  pipeline.SCMPipelineManager (SCMPipelineManager.java:finalizeAndDestroyPipeline(315)) - destroying pipeline:Pipeline[ Id: b3111ccd-eccc-49ee-a460-eab1d7230f93, Nodes: 6ad4b93a-b4cf-4be6-9fd2-9d62088a494c{ip: 192.168.157.234, host: pr-hdds-2162-htzpk-1451759861, networkLocation: /default-rack, certSerialId: null}f41b9329-29f6-4fb4-8de9-d292d9a8a636{ip: 192.168.157.234, host: pr-hdds-2162-htzpk-1451759861, networkLocation: /default-rack, certSerialId: null}7ae1d8e0-c3cd-44e1-b67c-818b78fc249c{ip: 192.168.157.234, host: pr-hdds-2162-htzpk-1451759861, networkLocation: /default-rack, certSerialId: null}, Type:RATIS, Factor:THREE, State:OPEN]
2019-09-26 16:29:48,479 [EventQueue-StaleNodeForStaleNodeHandler] INFO  pipeline.PipelineStateManager (PipelineStateManager.java:finalizePipeline(123)) - Pipeline Pipeline[ Id: b3111ccd-eccc-49ee-a460-eab1d7230f93, Nodes: 6ad4b93a-b4cf-4be6-9fd2-9d62088a494c{ip: 192.168.157.234, host: pr-hdds-2162-htzpk-1451759861, networkLocation: /default-rack, certSerialId: null}f41b9329-29f6-4fb4-8de9-d292d9a8a636{ip: 192.168.157.234, host: pr-hdds-2162-htzpk-1451759861, networkLocation: /default-rack, certSerialId: null}7ae1d8e0-c3cd-44e1-b67c-818b78fc249c{ip: 192.168.157.234, host: pr-hdds-2162-htzpk-1451759861, networkLocation: /default-rack, certSerialId: null}, Type:RATIS, Factor:THREE, State:CLOSED] moved to CLOSED state
2019-09-26 16:29:48,479 [grpc-default-executor-2] INFO  impl.RaftServerImpl (ServerState.java:setLeader(253)) - 7ae1d8e0-c3cd-44e1-b67c-818b78fc249c@group-54FC743A9B46: change Leader from null to f41b9329-29f6-4fb4-8de9-d292d9a8a636 at term 3 for appendEntries, leader elected after 82ms
2019-09-26 16:29:48,486 [f41b9329-29f6-4fb4-8de9-d292d9a8a636@group-54FC743A9B46-SegmentedRaftLogWorker] INFO  segmented.SegmentedRaftLogWorker (SegmentedRaftLogWorker.java:execute(569)) - f41b9329-29f6-4fb4-8de9-d292d9a8a636@group-54FC743A9B46-SegmentedRaftLogWorker: created new log segment /workdir/hadoop-ozone/integration-test/target/test-dir/MiniOzoneClusterImpl-598ef3ce-e04c-4237-8ba0-cc477a09206f/datanode-0/data/ratis/34bef81e-1e14-4f2d-8ce9-54fc743a9b46/current/log_inprogress_1
2019-09-26 16:29:48,489 [grpc-default-executor-2] INFO  impl.RaftServerImpl (ServerState.java:setRaftConf(354)) - 7ae1d8e0-c3cd-44e1-b67c-818b78fc249c@group-54FC743A9B46: set configuration 1: [7ae1d8e0-c3cd-44e1-b67c-818b78fc249c:192.168.157.234:39343, f41b9329-29f6-4fb4-8de9-d292d9a8a636:192.168.157.234:44465, 923128ae-3131-46de-9810-c19589cb32d9:192.168.157.234:34411], old=null at 1
2019-09-26 16:29:48,489 [grpc-default-executor-2] INFO  segmented.SegmentedRaftLogWorker (SegmentedRaftLogWorker.java:rollLogSegment(385)) - 7ae1d8e0-c3cd-44e1-b67c-818b78fc249c@group-54FC743A9B46-SegmentedRaftLogWorker: Rolling segment log-0_0 to index:0
2019-09-26 16:29:48,490 [7ae1d8e0-c3cd-44e1-b67c-818b78fc249c@group-54FC743A9B46-SegmentedRaftLogWorker] INFO  segmented.SegmentedRaftLogWorker (SegmentedRaftLogWorker.java:execute(526)) - 7ae1d8e0-c3cd-44e1-b67c-818b78fc249c@group-54FC743A9B46-SegmentedRaftLogWorker: Rolled log segment from /workdir/hadoop-ozone/integration-test/target/test-dir/MiniOzoneClusterImpl-598ef3ce-e04c-4237-8ba0-cc477a09206f/datanode-6/data/ratis/34bef81e-1e14-4f2d-8ce9-54fc743a9b46/current/log_inprogress_0 to /workdir/hadoop-ozone/integration-test/target/test-dir/MiniOzoneClusterImpl-598ef3ce-e04c-4237-8ba0-cc477a09206f/datanode-6/data/ratis/34bef81e-1e14-4f2d-8ce9-54fc743a9b46/current/log_0-0
2019-09-26 16:29:48,544 [7ae1d8e0-c3cd-44e1-b67c-818b78fc249c@group-54FC743A9B46-SegmentedRaftLogWorker] INFO  segmented.SegmentedRaftLogWorker (SegmentedRaftLogWorker.java:execute(569)) - 7ae1d8e0-c3cd-44e1-b67c-818b78fc249c@group-54FC743A9B46-SegmentedRaftLogWorker: created new log segment /workdir/hadoop-ozone/integration-test/target/test-dir/MiniOzoneClusterImpl-598ef3ce-e04c-4237-8ba0-cc477a09206f/datanode-6/data/ratis/34bef81e-1e14-4f2d-8ce9-54fc743a9b46/current/log_inprogress_1
2019-09-26 16:29:48,569 [grpc-default-executor-3] WARN  server.GrpcLogAppender (LogUtils.java:warn(134)) - f41b9329-29f6-4fb4-8de9-d292d9a8a636@group-54FC743A9B46->923128ae-3131-46de-9810-c19589cb32d9-AppendLogResponseHandler: Failed appendEntries: org.apache.ratis.thirdparty.io.grpc.StatusRuntimeException: UNAVAILABLE: io exception
2019-09-26 16:29:48,576 [grpc-default-executor-3] INFO  impl.FollowerInfo (FollowerInfo.java:lambda$new$0(51)) - f41b9329-29f6-4fb4-8de9-d292d9a8a636@group-54FC743A9B46->923128ae-3131-46de-9810-c19589cb32d9: nextIndex: updateUnconditionally 1 -> 0
2019-09-26 16:29:48,585 [grpc-default-executor-2] WARN  server.GrpcLogAppender (LogUtils.java:warn(134)) - f41b9329-29f6-4fb4-8de9-d292d9a8a636@group-54FC743A9B46->923128ae-3131-46de-9810-c19589cb32d9-AppendLogResponseHandler: Failed appendEntries: org.apache.ratis.thirdparty.io.grpc.StatusRuntimeException: UNAVAILABLE: io exception
2019-09-26 16:29:48,588 [grpc-default-executor-2] INFO  impl.FollowerInfo (FollowerInfo.java:lambda$new$0(51)) - f41b9329-29f6-4fb4-8de9-d292d9a8a636@group-54FC743A9B46->923128ae-3131-46de-9810-c19589cb32d9: nextIndex: updateUnconditionally 1 -> 0
2019-09-26 16:29:48,975 [EventQueue-StaleNodeForStaleNodeHandler] INFO  node.StaleNodeHandler (StaleNodeHandler.java:onMessage(58)) - Datanode f41b9329-29f6-4fb4-8de9-d292d9a8a636{ip: 192.168.157.234, host: pr-hdds-2162-htzpk-1451759861, networkLocation: /default-rack, certSerialId: null} moved to stale state. Finalizing its pipelines [PipelineID=e58f0dc2-62ee-4bda-bed0-9e2e9997f620, PipelineID=34bef81e-1e14-4f2d-8ce9-54fc743a9b46, PipelineID=b3111ccd-eccc-49ee-a460-eab1d7230f93]
2019-09-26 16:29:48,976 [EventQueue-StaleNodeForStaleNodeHandler] INFO  pipeline.SCMPipelineManager (SCMPipelineManager.java:finalizeAndDestroyPipeline(315)) - destroying pipeline:Pipeline[ Id: e58f0dc2-62ee-4bda-bed0-9e2e9997f620, Nodes: f41b9329-29f6-4fb4-8de9-d292d9a8a636{ip: 192.168.157.234, host: pr-hdds-2162-htzpk-1451759861, networkLocation: /default-rack, certSerialId: null}, Type:RATIS, Factor:ONE, State:OPEN]
2019-09-26 16:29:48,976 [EventQueue-StaleNodeForStaleNodeHandler] INFO  pipeline.PipelineStateManager (PipelineStateManager.java:finalizePipeline(123)) - Pipeline Pipeline[ Id: e58f0dc2-62ee-4bda-bed0-9e2e9997f620, Nodes: f41b9329-29f6-4fb4-8de9-d292d9a8a636{ip: 192.168.157.234, host: pr-hdds-2162-htzpk-1451759861, networkLocation: /default-rack, certSerialId: null}, Type:RATIS, Factor:ONE, State:CLOSED] moved to CLOSED state
2019-09-26 16:29:48,976 [EventQueue-StaleNodeForStaleNodeHandler] INFO  pipeline.SCMPipelineManager (SCMPipelineManager.java:finalizeAndDestroyPipeline(315)) - destroying pipeline:Pipeline[ Id: 34bef81e-1e14-4f2d-8ce9-54fc743a9b46, Nodes: f41b9329-29f6-4fb4-8de9-d292d9a8a636{ip: 192.168.157.234, host: pr-hdds-2162-htzpk-1451759861, networkLocation: /default-rack, certSerialId: null}923128ae-3131-46de-9810-c19589cb32d9{ip: 192.168.157.234, host: pr-hdds-2162-htzpk-1451759861, networkLocation: /default-rack, certSerialId: null}7ae1d8e0-c3cd-44e1-b67c-818b78fc249c{ip: 192.168.157.234, host: pr-hdds-2162-htzpk-1451759861, networkLocation: /default-rack, certSerialId: null}, Type:RATIS, Factor:THREE, State:CLOSED]
2019-09-26 16:29:48,977 [EventQueue-StaleNodeForStaleNodeHandler] INFO  pipeline.SCMPipelineManager (SCMPipelineManager.java:finalizeAndDestroyPipeline(315)) - destroying pipeline:Pipeline[ Id: b3111ccd-eccc-49ee-a460-eab1d7230f93, Nodes: 6ad4b93a-b4cf-4be6-9fd2-9d62088a494c{ip: 192.168.157.234, host: pr-hdds-2162-htzpk-1451759861, networkLocation: /default-rack, certSerialId: null}f41b9329-29f6-4fb4-8de9-d292d9a8a636{ip: 192.168.157.234, host: pr-hdds-2162-htzpk-1451759861, networkLocation: /default-rack, certSerialId: null}7ae1d8e0-c3cd-44e1-b67c-818b78fc249c{ip: 192.168.157.234, host: pr-hdds-2162-htzpk-1451759861, networkLocation: /default-rack, certSerialId: null}, Type:RATIS, Factor:THREE, State:CLOSED]
2019-09-26 16:29:49,015 [grpc-default-executor-2] WARN  server.GrpcLogAppender (LogUtils.java:warn(134)) - 6ad4b93a-b4cf-4be6-9fd2-9d62088a494c@group-F45A88C3A742->544e4564-cff2-4854-aa86-9068d953c0c3-AppendLogResponseHandler: Failed appendEntries: org.apache.ratis.thirdparty.io.grpc.StatusRuntimeException: UNAVAILABLE: io exception
2019-09-26 16:29:49,018 [grpc-default-executor-2] INFO  impl.FollowerInfo (FollowerInfo.java:lambda$new$0(51)) - 6ad4b93a-b4cf-4be6-9fd2-9d62088a494c@group-F45A88C3A742->544e4564-cff2-4854-aa86-9068d953c0c3: nextIndex: updateUnconditionally 0 -> 0
2019-09-26 16:29:49,021 [grpc-default-executor-0] WARN  server.GrpcLogAppender (LogUtils.java:warn(134)) - 6ad4b93a-b4cf-4be6-9fd2-9d62088a494c@group-F45A88C3A742->79ffe903-3fc0-40a8-8acf-aa2d12154a51-AppendLogResponseHandler: Failed appendEntries: org.apache.ratis.thirdparty.io.grpc.StatusRuntimeException: UNAVAILABLE: io exception
2019-09-26 16:29:49,024 [grpc-default-executor-0] INFO  impl.FollowerInfo (FollowerInfo.java:lambda$new$0(51)) - 6ad4b93a-b4cf-4be6-9fd2-9d62088a494c@group-F45A88C3A742->79ffe903-3fc0-40a8-8acf-aa2d12154a51: nextIndex: updateUnconditionally 0 -> 0
2019-09-26 16:29:50,981 [Thread-543] INFO  impl.FollowerState (FollowerState.java:run(106)) - 7ae1d8e0-c3cd-44e1-b67c-818b78fc249c:group-EAB1D7230F93 changes to CANDIDATE, lastRpcTime:5078, electionTimeout:5078ms
2019-09-26 16:29:50,982 [Thread-543] INFO  impl.RoleInfo (RoleInfo.java:shutdownFollowerState(121)) - 7ae1d8e0-c3cd-44e1-b67c-818b78fc249c: shutdown FollowerState
2019-09-26 16:29:50,982 [Thread-543] INFO  impl.RaftServerImpl (RaftServerImpl.java:setRole(174)) - 7ae1d8e0-c3cd-44e1-b67c-818b78fc249c@group-EAB1D7230F93: changes role from  FOLLOWER to CANDIDATE at term 0 for changeToCandidate
2019-09-26 16:29:50,982 [Thread-543] INFO  impl.RoleInfo (RoleInfo.java:updateAndGet(143)) - 7ae1d8e0-c3cd-44e1-b67c-818b78fc249c: start LeaderElection
2019-09-26 16:29:51,001 [7ae1d8e0-c3cd-44e1-b67c-818b78fc249c@group-EAB1D7230F93:LeaderElection18] INFO  impl.LeaderElection (LeaderElection.java:askForVotes(182)) - 7ae1d8e0-c3cd-44e1-b67c-818b78fc249c@group-EAB1D7230F93:LeaderElection18: begin an election at term 1 for -1: [7ae1d8e0-c3cd-44e1-b67c-818b78fc249c:192.168.157.234:39343, f41b9329-29f6-4fb4-8de9-d292d9a8a636:192.168.157.234:44465, 6ad4b93a-b4cf-4be6-9fd2-9d62088a494c:192.168.157.234:38689], old=null
2019-09-26 16:29:51,011 [grpc-default-executor-0] INFO  impl.RaftServerImpl (RaftServerImpl.java:setRole(174)) - f41b9329-29f6-4fb4-8de9-d292d9a8a636@group-EAB1D7230F93: changes role from  FOLLOWER to FOLLOWER at term 1 for recognizeCandidate:7ae1d8e0-c3cd-44e1-b67c-818b78fc249c
2019-09-26 16:29:51,011 [grpc-default-executor-0] INFO  impl.RoleInfo (RoleInfo.java:shutdownFollowerState(121)) - f41b9329-29f6-4fb4-8de9-d292d9a8a636: shutdown FollowerState
2019-09-26 16:29:51,011 [grpc-default-executor-0] INFO  impl.RoleInfo (RoleInfo.java:updateAndGet(143)) - f41b9329-29f6-4fb4-8de9-d292d9a8a636: start FollowerState
2019-09-26 16:29:51,011 [Thread-545] INFO  impl.FollowerState (FollowerState.java:run(115)) - f41b9329-29f6-4fb4-8de9-d292d9a8a636: FollowerState was interrupted: java.lang.InterruptedException: sleep interrupted
2019-09-26 16:29:51,017 [grpc-default-executor-3] INFO  impl.RaftServerImpl (RaftServerImpl.java:setRole(174)) - 6ad4b93a-b4cf-4be6-9fd2-9d62088a494c@group-EAB1D7230F93: changes role from  FOLLOWER to FOLLOWER at term 1 for recognizeCandidate:7ae1d8e0-c3cd-44e1-b67c-818b78fc249c
2019-09-26 16:29:51,017 [grpc-default-executor-3] INFO  impl.RoleInfo (RoleInfo.java:shutdownFollowerState(121)) - 6ad4b93a-b4cf-4be6-9fd2-9d62088a494c: shutdown FollowerState
2019-09-26 16:29:51,017 [Thread-542] INFO  impl.FollowerState (FollowerState.java:run(115)) - 6ad4b93a-b4cf-4be6-9fd2-9d62088a494c: FollowerState was interrupted: java.lang.InterruptedException: sleep interrupted
2019-09-26 16:29:51,017 [grpc-default-executor-3] INFO  impl.RoleInfo (RoleInfo.java:updateAndGet(143)) - 6ad4b93a-b4cf-4be6-9fd2-9d62088a494c: start FollowerState
2019-09-26 16:29:51,030 [7ae1d8e0-c3cd-44e1-b67c-818b78fc249c@group-EAB1D7230F93:LeaderElection18] INFO  impl.LeaderElection (LeaderElection.java:logAndReturn(56)) - 7ae1d8e0-c3cd-44e1-b67c-818b78fc249c@group-EAB1D7230F93:LeaderElection18: Election PASSED; received 1 response(s) [7ae1d8e0-c3cd-44e1-b67c-818b78fc249c<-f41b9329-29f6-4fb4-8de9-d292d9a8a636#0:OK-t1] and 0 exception(s); 7ae1d8e0-c3cd-44e1-b67c-818b78fc249c@group-EAB1D7230F93:t1, leader=null, voted=7ae1d8e0-c3cd-44e1-b67c-818b78fc249c, raftlog=7ae1d8e0-c3cd-44e1-b67c-818b78fc249c@group-EAB1D7230F93-SegmentedRaftLog:OPENED:c-1,f-1,i0, conf=-1: [7ae1d8e0-c3cd-44e1-b67c-818b78fc249c:192.168.157.234:39343, f41b9329-29f6-4fb4-8de9-d292d9a8a636:192.168.157.234:44465, 6ad4b93a-b4cf-4be6-9fd2-9d62088a494c:192.168.157.234:38689], old=null
2019-09-26 16:29:51,031 [7ae1d8e0-c3cd-44e1-b67c-818b78fc249c@group-EAB1D7230F93:LeaderElection18] INFO  impl.RoleInfo (RoleInfo.java:shutdownLeaderElection(134)) - 7ae1d8e0-c3cd-44e1-b67c-818b78fc249c: shutdown LeaderElection
2019-09-26 16:29:51,033 [7ae1d8e0-c3cd-44e1-b67c-818b78fc249c@group-EAB1D7230F93:LeaderElection18] INFO  impl.RaftServerImpl (RaftServerImpl.java:setRole(174)) - 7ae1d8e0-c3cd-44e1-b67c-818b78fc249c@group-EAB1D7230F93: changes role from CANDIDATE to LEADER at term 1 for changeToLeader
2019-09-26 16:29:51,033 [7ae1d8e0-c3cd-44e1-b67c-818b78fc249c@group-EAB1D7230F93:LeaderElection18] INFO  impl.RaftServerImpl (ServerState.java:setLeader(253)) - 7ae1d8e0-c3cd-44e1-b67c-818b78fc249c@group-EAB1D7230F93: change Leader from null to 7ae1d8e0-c3cd-44e1-b67c-818b78fc249c at term 1 for becomeLeader, leader elected after 5146ms
2019-09-26 16:29:51,033 [7ae1d8e0-c3cd-44e1-b67c-818b78fc249c@group-EAB1D7230F93:LeaderElection18] INFO  server.RaftServerConfigKeys (ConfUtils.java:logGet(43)) - raft.server.staging.catchup.gap = 1000 (default)
2019-09-26 16:29:51,034 [7ae1d8e0-c3cd-44e1-b67c-818b78fc249c@group-EAB1D7230F93:LeaderElection18] INFO  server.RaftServerConfigKeys (ConfUtils.java:logGet(43)) - raft.server.rpc.sleep.time = 25ms (default)
2019-09-26 16:29:51,034 [7ae1d8e0-c3cd-44e1-b67c-818b78fc249c@group-EAB1D7230F93:LeaderElection18] INFO  server.RaftServerConfigKeys (ConfUtils.java:logGet(43)) - raft.server.write.element-limit = 4096 (default)
2019-09-26 16:29:51,034 [7ae1d8e0-c3cd-44e1-b67c-818b78fc249c@group-EAB1D7230F93:LeaderElection18] INFO  server.RaftServerConfigKeys (ConfUtils.java:logGet(43)) - raft.server.watch.timeout = 10s (default)
2019-09-26 16:29:51,034 [7ae1d8e0-c3cd-44e1-b67c-818b78fc249c@group-EAB1D7230F93:LeaderElection18] INFO  server.RaftServerConfigKeys (ConfUtils.java:logGet(43)) - raft.server.watch.timeout.denomination = 1s (default)
2019-09-26 16:29:51,034 [7ae1d8e0-c3cd-44e1-b67c-818b78fc249c@group-EAB1D7230F93:LeaderElection18] INFO  server.RaftServerConfigKeys (ConfUtils.java:logGet(43)) - raft.server.watch.element-limit = 65536 (default)
2019-09-26 16:29:51,039 [7ae1d8e0-c3cd-44e1-b67c-818b78fc249c@group-EAB1D7230F93:LeaderElection18] INFO  server.RaftServerConfigKeys (ConfUtils.java:logGet(43)) - raft.server.log.appender.snapshot.chunk.size.max = 16MB (=16777216) (default)
2019-09-26 16:29:51,039 [7ae1d8e0-c3cd-44e1-b67c-818b78fc249c@group-EAB1D7230F93:LeaderElection18] INFO  server.RaftServerConfigKeys (ConfUtils.java:logGet(43)) - raft.server.log.appender.buffer.byte-limit = 33554432 (custom)
2019-09-26 16:29:51,039 [7ae1d8e0-c3cd-44e1-b67c-818b78fc249c@group-EAB1D7230F93:LeaderElection18] INFO  server.RaftServerConfigKeys (ConfUtils.java:logGet(43)) - raft.server.log.appender.buffer.element-limit = 1 (custom)
2019-09-26 16:29:51,039 [7ae1d8e0-c3cd-44e1-b67c-818b78fc249c@group-EAB1D7230F93:LeaderElection18] INFO  grpc.GrpcConfigKeys$Server (ConfUtils.java:logGet(43)) - raft.grpc.server.leader.outstanding.appends.max = 128 (default)
2019-09-26 16:29:51,040 [7ae1d8e0-c3cd-44e1-b67c-818b78fc249c@group-EAB1D7230F93:LeaderElection18] INFO  server.RaftServerConfigKeys (ConfUtils.java:logGet(43)) - raft.server.rpc.request.timeout = 3000ms (default)
2019-09-26 16:29:51,040 [7ae1d8e0-c3cd-44e1-b67c-818b78fc249c@group-EAB1D7230F93:LeaderElection18] INFO  server.RaftServerConfigKeys (ConfUtils.java:logGet(43)) - raft.server.log.appender.install.snapshot.enabled = false (custom)
2019-09-26 16:29:51,040 [7ae1d8e0-c3cd-44e1-b67c-818b78fc249c@group-EAB1D7230F93:LeaderElection18] INFO  server.RaftServerConfigKeys (ConfUtils.java:logGet(43)) - raft.server.log.appender.snapshot.chunk.size.max = 16MB (=16777216) (default)
2019-09-26 16:29:51,040 [7ae1d8e0-c3cd-44e1-b67c-818b78fc249c@group-EAB1D7230F93:LeaderElection18] INFO  server.RaftServerConfigKeys (ConfUtils.java:logGet(43)) - raft.server.log.appender.buffer.byte-limit = 33554432 (custom)
2019-09-26 16:29:51,041 [7ae1d8e0-c3cd-44e1-b67c-818b78fc249c@group-EAB1D7230F93:LeaderElection18] INFO  server.RaftServerConfigKeys (ConfUtils.java:logGet(43)) - raft.server.log.appender.buffer.element-limit = 1 (custom)
2019-09-26 16:29:51,041 [7ae1d8e0-c3cd-44e1-b67c-818b78fc249c@group-EAB1D7230F93:LeaderElection18] INFO  grpc.GrpcConfigKeys$Server (ConfUtils.java:logGet(43)) - raft.grpc.server.leader.outstanding.appends.max = 128 (default)
2019-09-26 16:29:51,041 [7ae1d8e0-c3cd-44e1-b67c-818b78fc249c@group-EAB1D7230F93:LeaderElection18] INFO  server.RaftServerConfigKeys (ConfUtils.java:logGet(43)) - raft.server.rpc.request.timeout = 3000ms (default)
2019-09-26 16:29:51,041 [7ae1d8e0-c3cd-44e1-b67c-818b78fc249c@group-EAB1D7230F93:LeaderElection18] INFO  server.RaftServerConfigKeys (ConfUtils.java:logGet(43)) - raft.server.log.appender.install.snapshot.enabled = false (custom)
2019-09-26 16:29:51,042 [7ae1d8e0-c3cd-44e1-b67c-818b78fc249c@group-EAB1D7230F93:LeaderElection18] INFO  impl.RoleInfo (RoleInfo.java:updateAndGet(143)) - 7ae1d8e0-c3cd-44e1-b67c-818b78fc249c: start LeaderState
2019-09-26 16:29:51,042 [7ae1d8e0-c3cd-44e1-b67c-818b78fc249c@group-EAB1D7230F93:LeaderElection18] INFO  segmented.SegmentedRaftLogWorker (SegmentedRaftLogWorker.java:startLogSegment(380)) - 7ae1d8e0-c3cd-44e1-b67c-818b78fc249c@group-EAB1D7230F93-SegmentedRaftLogWorker: Starting segment from index:0
2019-09-26 16:29:51,043 [7ae1d8e0-c3cd-44e1-b67c-818b78fc249c@group-EAB1D7230F93:LeaderElection18] INFO  impl.RaftServerImpl (ServerState.java:setRaftConf(354)) - 7ae1d8e0-c3cd-44e1-b67c-818b78fc249c@group-EAB1D7230F93: set configuration 0: [7ae1d8e0-c3cd-44e1-b67c-818b78fc249c:192.168.157.234:39343, f41b9329-29f6-4fb4-8de9-d292d9a8a636:192.168.157.234:44465, 6ad4b93a-b4cf-4be6-9fd2-9d62088a494c:192.168.157.234:38689], old=null at 0
2019-09-26 16:29:51,087 [grpc-default-executor-0] INFO  impl.RaftServerImpl (ServerState.java:setLeader(253)) - 6ad4b93a-b4cf-4be6-9fd2-9d62088a494c@group-EAB1D7230F93: change Leader from null to 7ae1d8e0-c3cd-44e1-b67c-818b78fc249c at term 1 for appendEntries, leader elected after 5201ms
2019-09-26 16:29:51,087 [grpc-default-executor-3] INFO  impl.RaftServerImpl (ServerState.java:setLeader(253)) - f41b9329-29f6-4fb4-8de9-d292d9a8a636@group-EAB1D7230F93: change Leader from null to 7ae1d8e0-c3cd-44e1-b67c-818b78fc249c at term 1 for appendEntries, leader elected after 5201ms
2019-09-26 16:29:51,089 [grpc-default-executor-3] WARN  server.GrpcLogAppender (LogUtils.java:warn(134)) - f41b9329-29f6-4fb4-8de9-d292d9a8a636@group-54FC743A9B46->923128ae-3131-46de-9810-c19589cb32d9-AppendLogResponseHandler: Failed appendEntries: org.apache.ratis.thirdparty.io.grpc.StatusRuntimeException: UNAVAILABLE: io exception
2019-09-26 16:29:51,091 [grpc-default-executor-3] INFO  impl.FollowerInfo (FollowerInfo.java:lambda$new$0(51)) - f41b9329-29f6-4fb4-8de9-d292d9a8a636@group-54FC743A9B46->923128ae-3131-46de-9810-c19589cb32d9: nextIndex: updateUnconditionally 0 -> 0
2019-09-26 16:29:51,092 [grpc-default-executor-0] INFO  impl.RaftServerImpl (ServerState.java:setRaftConf(354)) - 6ad4b93a-b4cf-4be6-9fd2-9d62088a494c@group-EAB1D7230F93: set configuration 0: [7ae1d8e0-c3cd-44e1-b67c-818b78fc249c:192.168.157.234:39343, f41b9329-29f6-4fb4-8de9-d292d9a8a636:192.168.157.234:44465, 6ad4b93a-b4cf-4be6-9fd2-9d62088a494c:192.168.157.234:38689], old=null at 0
2019-09-26 16:29:51,093 [grpc-default-executor-0] INFO  segmented.SegmentedRaftLogWorker (SegmentedRaftLogWorker.java:startLogSegment(380)) - 6ad4b93a-b4cf-4be6-9fd2-9d62088a494c@group-EAB1D7230F93-SegmentedRaftLogWorker: Starting segment from index:0
2019-09-26 16:29:51,093 [grpc-default-executor-3] INFO  impl.RaftServerImpl (ServerState.java:setRaftConf(354)) - f41b9329-29f6-4fb4-8de9-d292d9a8a636@group-EAB1D7230F93: set configuration 0: [7ae1d8e0-c3cd-44e1-b67c-818b78fc249c:192.168.157.234:39343, f41b9329-29f6-4fb4-8de9-d292d9a8a636:192.168.157.234:44465, 6ad4b93a-b4cf-4be6-9fd2-9d62088a494c:192.168.157.234:38689], old=null at 0
2019-09-26 16:29:51,093 [grpc-default-executor-3] INFO  segmented.SegmentedRaftLogWorker (SegmentedRaftLogWorker.java:startLogSegment(380)) - f41b9329-29f6-4fb4-8de9-d292d9a8a636@group-EAB1D7230F93-SegmentedRaftLogWorker: Starting segment from index:0
2019-09-26 16:29:51,094 [7ae1d8e0-c3cd-44e1-b67c-818b78fc249c@group-EAB1D7230F93-SegmentedRaftLogWorker] INFO  segmented.SegmentedRaftLogWorker (SegmentedRaftLogWorker.java:execute(569)) - 7ae1d8e0-c3cd-44e1-b67c-818b78fc249c@group-EAB1D7230F93-SegmentedRaftLogWorker: created new log segment /workdir/hadoop-ozone/integration-test/target/test-dir/MiniOzoneClusterImpl-598ef3ce-e04c-4237-8ba0-cc477a09206f/datanode-6/data/ratis/b3111ccd-eccc-49ee-a460-eab1d7230f93/current/log_inprogress_0
2019-09-26 16:29:51,140 [f41b9329-29f6-4fb4-8de9-d292d9a8a636@group-EAB1D7230F93-SegmentedRaftLogWorker] INFO  segmented.SegmentedRaftLogWorker (SegmentedRaftLogWorker.java:execute(569)) - f41b9329-29f6-4fb4-8de9-d292d9a8a636@group-EAB1D7230F93-SegmentedRaftLogWorker: created new log segment /workdir/hadoop-ozone/integration-test/target/test-dir/MiniOzoneClusterImpl-598ef3ce-e04c-4237-8ba0-cc477a09206f/datanode-0/data/ratis/b3111ccd-eccc-49ee-a460-eab1d7230f93/current/log_inprogress_0
2019-09-26 16:29:51,140 [6ad4b93a-b4cf-4be6-9fd2-9d62088a494c@group-EAB1D7230F93-SegmentedRaftLogWorker] INFO  segmented.SegmentedRaftLogWorker (SegmentedRaftLogWorker.java:execute(569)) - 6ad4b93a-b4cf-4be6-9fd2-9d62088a494c@group-EAB1D7230F93-SegmentedRaftLogWorker: created new log segment /workdir/hadoop-ozone/integration-test/target/test-dir/MiniOzoneClusterImpl-598ef3ce-e04c-4237-8ba0-cc477a09206f/datanode-5/data/ratis/b3111ccd-eccc-49ee-a460-eab1d7230f93/current/log_inprogress_0
2019-09-26 16:29:51,305 [main] INFO  ozoneimpl.OzoneContainer (OzoneContainer.java:stop(231)) - Attempting to stop container services.
2019-09-26 16:29:51,306 [main] INFO  impl.RaftServerProxy (RaftServerProxy.java:lambda$close$4(314)) - 7ae1d8e0-c3cd-44e1-b67c-818b78fc249c: close
2019-09-26 16:29:51,306 [main] INFO  impl.RaftServerImpl (RaftServerImpl.java:lambda$shutdown$3(251)) - 7ae1d8e0-c3cd-44e1-b67c-818b78fc249c@group-54FC743A9B46: shutdown
2019-09-26 16:29:51,307 [main] INFO  util.JmxRegister (JmxRegister.java:unregister(73)) - Successfully un-registered JMX Bean with object name Ratis:service=RaftServer,group=group-54FC743A9B46,id=7ae1d8e0-c3cd-44e1-b67c-818b78fc249c
2019-09-26 16:29:51,307 [main] INFO  impl.RoleInfo (RoleInfo.java:shutdownFollowerState(121)) - 7ae1d8e0-c3cd-44e1-b67c-818b78fc249c: shutdown FollowerState
2019-09-26 16:29:51,308 [main] INFO  impl.StateMachineUpdater (StateMachineUpdater.java:stopAndJoin(125)) - 7ae1d8e0-c3cd-44e1-b67c-818b78fc249c@group-54FC743A9B46-StateMachineUpdater: set stopIndex = 2
2019-09-26 16:29:51,308 [Thread-551] INFO  impl.FollowerState (FollowerState.java:run(115)) - 7ae1d8e0-c3cd-44e1-b67c-818b78fc249c: FollowerState was interrupted: java.lang.InterruptedException: sleep interrupted
2019-09-26 16:29:51,308 [main] INFO  impl.RaftServerImpl (ServerState.java:close(385)) - 7ae1d8e0-c3cd-44e1-b67c-818b78fc249c@group-54FC743A9B46: closes. applyIndex: 2
2019-09-26 16:29:51,311 [7ae1d8e0-c3cd-44e1-b67c-818b78fc249c@group-54FC743A9B46-SegmentedRaftLogWorker] INFO  segmented.SegmentedRaftLogWorker (SegmentedRaftLogWorker.java:run(313)) - 7ae1d8e0-c3cd-44e1-b67c-818b78fc249c@group-54FC743A9B46-SegmentedRaftLogWorker was interrupted, exiting. There are 0 tasks remaining in the queue.
2019-09-26 16:29:51,312 [main] INFO  segmented.SegmentedRaftLogWorker (SegmentedRaftLogWorker.java:close(228)) - 7ae1d8e0-c3cd-44e1-b67c-818b78fc249c@group-54FC743A9B46-SegmentedRaftLogWorker close()
2019-09-26 16:29:51,314 [main] INFO  impl.RaftServerImpl (RaftServerImpl.java:lambda$shutdown$3(251)) - 7ae1d8e0-c3cd-44e1-b67c-818b78fc249c@group-56580634F3B6: shutdown
2019-09-26 16:29:51,315 [main] INFO  util.JmxRegister (JmxRegister.java:unregister(73)) - Successfully un-registered JMX Bean with object name Ratis:service=RaftServer,group=group-56580634F3B6,id=7ae1d8e0-c3cd-44e1-b67c-818b78fc249c
2019-09-26 16:29:51,315 [main] INFO  impl.RoleInfo (RoleInfo.java:shutdownLeaderState(104)) - 7ae1d8e0-c3cd-44e1-b67c-818b78fc249c: shutdown LeaderState
2019-09-26 16:29:51,315 [main] INFO  impl.PendingRequests (PendingRequests.java:sendNotLeaderResponses(202)) - 7ae1d8e0-c3cd-44e1-b67c-818b78fc249c-PendingRequests: sendNotLeaderResponses
2019-09-26 16:29:51,316 [main] INFO  impl.StateMachineUpdater (StateMachineUpdater.java:stopAndJoin(125)) - 7ae1d8e0-c3cd-44e1-b67c-818b78fc249c@group-56580634F3B6-StateMachineUpdater: set stopIndex = 0
2019-09-26 16:29:51,316 [main] INFO  impl.RaftServerImpl (ServerState.java:close(385)) - 7ae1d8e0-c3cd-44e1-b67c-818b78fc249c@group-56580634F3B6: closes. applyIndex: 0
2019-09-26 16:29:51,317 [7ae1d8e0-c3cd-44e1-b67c-818b78fc249c@group-56580634F3B6-SegmentedRaftLogWorker] INFO  segmented.SegmentedRaftLogWorker (SegmentedRaftLogWorker.java:run(313)) - 7ae1d8e0-c3cd-44e1-b67c-818b78fc249c@group-56580634F3B6-SegmentedRaftLogWorker was interrupted, exiting. There are 0 tasks remaining in the queue.
2019-09-26 16:29:51,318 [main] INFO  segmented.SegmentedRaftLogWorker (SegmentedRaftLogWorker.java:close(228)) - 7ae1d8e0-c3cd-44e1-b67c-818b78fc249c@group-56580634F3B6-SegmentedRaftLogWorker close()
2019-09-26 16:29:51,320 [main] INFO  impl.RaftServerImpl (RaftServerImpl.java:lambda$shutdown$3(251)) - 7ae1d8e0-c3cd-44e1-b67c-818b78fc249c@group-EAB1D7230F93: shutdown
2019-09-26 16:29:51,320 [ForkJoinPool.commonPool-worker-0] INFO  ozoneimpl.OzoneContainer (OzoneContainer.java:stop(231)) - Attempting to stop container services.
2019-09-26 16:29:51,320 [main] INFO  util.JmxRegister (JmxRegister.java:unregister(73)) - Successfully un-registered JMX Bean with object name Ratis:service=RaftServer,group=group-EAB1D7230F93,id=7ae1d8e0-c3cd-44e1-b67c-818b78fc249c
2019-09-26 16:29:51,321 [ForkJoinPool.commonPool-worker-0] INFO  impl.RaftServerProxy (RaftServerProxy.java:lambda$close$4(314)) - f41b9329-29f6-4fb4-8de9-d292d9a8a636: close
2019-09-26 16:29:51,321 [main] INFO  impl.RoleInfo (RoleInfo.java:shutdownLeaderState(104)) - 7ae1d8e0-c3cd-44e1-b67c-818b78fc249c: shutdown LeaderState
2019-09-26 16:29:51,321 [ForkJoinPool.commonPool-worker-0] INFO  impl.RaftServerImpl (RaftServerImpl.java:lambda$shutdown$3(251)) - f41b9329-29f6-4fb4-8de9-d292d9a8a636@group-9E2E9997F620: shutdown
2019-09-26 16:29:51,324 [main] INFO  impl.PendingRequests (PendingRequests.java:sendNotLeaderResponses(202)) - 7ae1d8e0-c3cd-44e1-b67c-818b78fc249c-PendingRequests: sendNotLeaderResponses
2019-09-26 16:29:51,324 [org.apache.ratis.server.impl.LogAppender$AppenderDaemon$$Lambda$405/1148012056@3e84da70] WARN  server.GrpcLogAppender (GrpcLogAppender.java:mayWait(143)) - 7ae1d8e0-c3cd-44e1-b67c-818b78fc249c@group-EAB1D7230F93->6ad4b93a-b4cf-4be6-9fd2-9d62088a494c-GrpcLogAppender: Wait interrupted by java.lang.InterruptedException
2019-09-26 16:29:51,324 [org.apache.ratis.server.impl.LogAppender$AppenderDaemon$$Lambda$405/1148012056@21d4d5b1] WARN  server.GrpcLogAppender (GrpcLogAppender.java:mayWait(143)) - 7ae1d8e0-c3cd-44e1-b67c-818b78fc249c@group-EAB1D7230F93->f41b9329-29f6-4fb4-8de9-d292d9a8a636-GrpcLogAppender: Wait interrupted by java.lang.InterruptedException
2019-09-26 16:29:51,324 [main] INFO  impl.StateMachineUpdater (StateMachineUpdater.java:stopAndJoin(125)) - 7ae1d8e0-c3cd-44e1-b67c-818b78fc249c@group-EAB1D7230F93-StateMachineUpdater: set stopIndex = 0
2019-09-26 16:29:51,324 [ForkJoinPool.commonPool-worker-0] INFO  util.JmxRegister (JmxRegister.java:unregister(73)) - Successfully un-registered JMX Bean with object name Ratis:service=RaftServer,group=group-9E2E9997F620,id=f41b9329-29f6-4fb4-8de9-d292d9a8a636
2019-09-26 16:29:51,328 [main] INFO  impl.RaftServerImpl (ServerState.java:close(385)) - 7ae1d8e0-c3cd-44e1-b67c-818b78fc249c@group-EAB1D7230F93: closes. applyIndex: 0
2019-09-26 16:29:51,328 [ForkJoinPool.commonPool-worker-0] INFO  impl.RoleInfo (RoleInfo.java:shutdownLeaderState(104)) - f41b9329-29f6-4fb4-8de9-d292d9a8a636: shutdown LeaderState
2019-09-26 16:29:51,329 [grpc-default-executor-0] INFO  server.GrpcServerProtocolService (GrpcServerProtocolService.java:onCompleted(113)) - f41b9329-29f6-4fb4-8de9-d292d9a8a636: Completed APPEND_ENTRIES, lastRequest: 7ae1d8e0-c3cd-44e1-b67c-818b78fc249c->f41b9329-29f6-4fb4-8de9-d292d9a8a636#1-t1, previous=(t:0, i:0), leaderCommit=-1, initializing? false, entries: size=1, first=(t:1, i:0), CONFIGURATIONENTRY
2019-09-26 16:29:51,329 [grpc-default-executor-3] INFO  server.GrpcServerProtocolService (GrpcServerProtocolService.java:onCompleted(113)) - 6ad4b93a-b4cf-4be6-9fd2-9d62088a494c: Completed APPEND_ENTRIES, lastRequest: 7ae1d8e0-c3cd-44e1-b67c-818b78fc249c->6ad4b93a-b4cf-4be6-9fd2-9d62088a494c#1-t1, previous=(t:0, i:0), leaderCommit=-1, initializing? false, entries: size=1, first=(t:1, i:0), CONFIGURATIONENTRY
2019-09-26 16:29:51,329 [7ae1d8e0-c3cd-44e1-b67c-818b78fc249c@group-EAB1D7230F93-SegmentedRaftLogWorker] INFO  segmented.SegmentedRaftLogWorker (SegmentedRaftLogWorker.java:run(313)) - 7ae1d8e0-c3cd-44e1-b67c-818b78fc249c@group-EAB1D7230F93-SegmentedRaftLogWorker was interrupted, exiting. There are 0 tasks remaining in the queue.
2019-09-26 16:29:51,329 [ForkJoinPool.commonPool-worker-0] INFO  impl.PendingRequests (PendingRequests.java:sendNotLeaderResponses(202)) - f41b9329-29f6-4fb4-8de9-d292d9a8a636-PendingRequests: sendNotLeaderResponses
2019-09-26 16:29:51,331 [main] INFO  segmented.SegmentedRaftLogWorker (SegmentedRaftLogWorker.java:close(228)) - 7ae1d8e0-c3cd-44e1-b67c-818b78fc249c@group-EAB1D7230F93-SegmentedRaftLogWorker close()
2019-09-26 16:29:51,332 [ForkJoinPool.commonPool-worker-0] INFO  impl.StateMachineUpdater (StateMachineUpdater.java:stopAndJoin(125)) - f41b9329-29f6-4fb4-8de9-d292d9a8a636@group-9E2E9997F620-StateMachineUpdater: set stopIndex = 0
2019-09-26 16:29:51,339 [grpc-default-executor-0] INFO  server.GrpcLogAppender (GrpcLogAppender.java:onCompleted(293)) - 7ae1d8e0-c3cd-44e1-b67c-818b78fc249c@group-EAB1D7230F93->6ad4b93a-b4cf-4be6-9fd2-9d62088a494c-AppendLogResponseHandler: follower responses appendEntries COMPLETED
2019-09-26 16:29:51,339 [grpc-default-executor-3] INFO  server.GrpcLogAppender (GrpcLogAppender.java:onCompleted(293)) - 7ae1d8e0-c3cd-44e1-b67c-818b78fc249c@group-EAB1D7230F93->f41b9329-29f6-4fb4-8de9-d292d9a8a636-AppendLogResponseHandler: follower responses appendEntries COMPLETED
2019-09-26 16:29:51,338 [main] INFO  server.GrpcService (GrpcService.java:closeImpl(164)) - 7ae1d8e0-c3cd-44e1-b67c-818b78fc249c: shutdown server with port 39343 now
2019-09-26 16:29:51,343 [grpc-default-executor-3] INFO  impl.FollowerInfo (FollowerInfo.java:lambda$new$0(51)) - 7ae1d8e0-c3cd-44e1-b67c-818b78fc249c@group-EAB1D7230F93->f41b9329-29f6-4fb4-8de9-d292d9a8a636: nextIndex: updateUnconditionally 1 -> 0
2019-09-26 16:29:51,340 [grpc-default-executor-0] INFO  impl.FollowerInfo (FollowerInfo.java:lambda$new$0(51)) - 7ae1d8e0-c3cd-44e1-b67c-818b78fc249c@group-EAB1D7230F93->6ad4b93a-b4cf-4be6-9fd2-9d62088a494c: nextIndex: updateUnconditionally 1 -> 0
2019-09-26 16:29:51,339 [ForkJoinPool.commonPool-worker-0] INFO  impl.RaftServerImpl (ServerState.java:close(385)) - f41b9329-29f6-4fb4-8de9-d292d9a8a636@group-9E2E9997F620: closes. applyIndex: 0
2019-09-26 16:29:51,344 [grpc-default-executor-3] WARN  server.GrpcServerProtocolService (LogUtils.java:warn(134)) - 7ae1d8e0-c3cd-44e1-b67c-818b78fc249c: installSnapshot onError, lastRequest: f41b9329-29f6-4fb4-8de9-d292d9a8a636->7ae1d8e0-c3cd-44e1-b67c-818b78fc249c#3-t3, previous=(t:3, i:2), leaderCommit=2, initializing? false, entries: <empty>: org.apache.ratis.thirdparty.io.grpc.StatusRuntimeException: CANCELLED: cancelled before receiving half close
2019-09-26 16:29:51,344 [f41b9329-29f6-4fb4-8de9-d292d9a8a636@group-9E2E9997F620-SegmentedRaftLogWorker] INFO  segmented.SegmentedRaftLogWorker (SegmentedRaftLogWorker.java:run(313)) - f41b9329-29f6-4fb4-8de9-d292d9a8a636@group-9E2E9997F620-SegmentedRaftLogWorker was interrupted, exiting. There are 0 tasks remaining in the queue.
2019-09-26 16:29:51,344 [main] INFO  server.GrpcService (GrpcService.java:closeImpl(172)) - 7ae1d8e0-c3cd-44e1-b67c-818b78fc249c: shutdown server with port 39343 successfully
2019-09-26 16:29:51,345 [ForkJoinPool.commonPool-worker-0] INFO  segmented.SegmentedRaftLogWorker (SegmentedRaftLogWorker.java:close(228)) - f41b9329-29f6-4fb4-8de9-d292d9a8a636@group-9E2E9997F620-SegmentedRaftLogWorker close()
2019-09-26 16:29:51,345 [grpc-default-executor-2] WARN  server.GrpcLogAppender (LogUtils.java:warn(134)) - f41b9329-29f6-4fb4-8de9-d292d9a8a636@group-54FC743A9B46->7ae1d8e0-c3cd-44e1-b67c-818b78fc249c-AppendLogResponseHandler: Failed appendEntries: org.apache.ratis.thirdparty.io.grpc.StatusRuntimeException: CANCELLED: HTTP/2 error code: CANCEL
Received Rst Stream
2019-09-26 16:29:51,347 [ForkJoinPool.commonPool-worker-0] INFO  impl.RaftServerImpl (RaftServerImpl.java:lambda$shutdown$3(251)) - f41b9329-29f6-4fb4-8de9-d292d9a8a636@group-54FC743A9B46: shutdown
2019-09-26 16:29:51,347 [grpc-default-executor-2] INFO  impl.FollowerInfo (FollowerInfo.java:lambda$new$0(51)) - f41b9329-29f6-4fb4-8de9-d292d9a8a636@group-54FC743A9B46->7ae1d8e0-c3cd-44e1-b67c-818b78fc249c: nextIndex: updateUnconditionally 3 -> 2
2019-09-26 16:29:51,347 [ForkJoinPool.commonPool-worker-0] INFO  util.JmxRegister (JmxRegister.java:unregister(73)) - Successfully un-registered JMX Bean with object name Ratis:service=RaftServer,group=group-54FC743A9B46,id=f41b9329-29f6-4fb4-8de9-d292d9a8a636
2019-09-26 16:29:51,348 [ForkJoinPool.commonPool-worker-0] INFO  impl.RoleInfo (RoleInfo.java:shutdownLeaderState(104)) - f41b9329-29f6-4fb4-8de9-d292d9a8a636: shutdown LeaderState
2019-09-26 16:29:51,351 [ForkJoinPool.commonPool-worker-0] INFO  impl.PendingRequests (PendingRequests.java:sendNotLeaderResponses(202)) - f41b9329-29f6-4fb4-8de9-d292d9a8a636-PendingRequests: sendNotLeaderResponses
2019-09-26 16:29:51,351 [refreshUsed-/workdir/hadoop-ozone/integration-test/target/test-dir/MiniOzoneClusterImpl-598ef3ce-e04c-4237-8ba0-cc477a09206f/datanode-6/data/containers] WARN  fs.CachingGetSpaceUsed (CachingGetSpaceUsed.java:run(183)) - Thread Interrupted waiting to refresh disk information: sleep interrupted
2019-09-26 16:29:51,351 [org.apache.ratis.server.impl.LogAppender$AppenderDaemon$$Lambda$405/1148012056@fab3a70] WARN  server.GrpcLogAppender (GrpcLogAppender.java:mayWait(143)) - f41b9329-29f6-4fb4-8de9-d292d9a8a636@group-54FC743A9B46->7ae1d8e0-c3cd-44e1-b67c-818b78fc249c-GrpcLogAppender: Wait interrupted by java.lang.InterruptedException
2019-09-26 16:29:51,351 [org.apache.ratis.server.impl.LogAppender$AppenderDaemon$$Lambda$405/1148012056@321481e4] WARN  server.GrpcLogAppender (GrpcLogAppender.java:mayWait(143)) - f41b9329-29f6-4fb4-8de9-d292d9a8a636@group-54FC743A9B46->923128ae-3131-46de-9810-c19589cb32d9-GrpcLogAppender: Wait interrupted by java.lang.InterruptedException
2019-09-26 16:29:51,353 [ForkJoinPool.commonPool-worker-0] INFO  impl.StateMachineUpdater (StateMachineUpdater.java:stopAndJoin(125)) - f41b9329-29f6-4fb4-8de9-d292d9a8a636@group-54FC743A9B46-StateMachineUpdater: set stopIndex = 2
2019-09-26 16:29:51,356 [ForkJoinPool.commonPool-worker-0] INFO  impl.RaftServerImpl (ServerState.java:close(385)) - f41b9329-29f6-4fb4-8de9-d292d9a8a636@group-54FC743A9B46: closes. applyIndex: 2
2019-09-26 16:29:51,357 [f41b9329-29f6-4fb4-8de9-d292d9a8a636@group-54FC743A9B46-SegmentedRaftLogWorker] INFO  segmented.SegmentedRaftLogWorker (SegmentedRaftLogWorker.java:run(313)) - f41b9329-29f6-4fb4-8de9-d292d9a8a636@group-54FC743A9B46-SegmentedRaftLogWorker was interrupted, exiting. There are 0 tasks remaining in the queue.
2019-09-26 16:29:51,357 [ForkJoinPool.commonPool-worker-0] INFO  segmented.SegmentedRaftLogWorker (SegmentedRaftLogWorker.java:close(228)) - f41b9329-29f6-4fb4-8de9-d292d9a8a636@group-54FC743A9B46-SegmentedRaftLogWorker close()
2019-09-26 16:29:51,359 [ForkJoinPool.commonPool-worker-0] INFO  impl.RaftServerImpl (RaftServerImpl.java:lambda$shutdown$3(251)) - f41b9329-29f6-4fb4-8de9-d292d9a8a636@group-EAB1D7230F93: shutdown
2019-09-26 16:29:51,359 [ForkJoinPool.commonPool-worker-0] INFO  util.JmxRegister (JmxRegister.java:unregister(73)) - Successfully un-registered JMX Bean with object name Ratis:service=RaftServer,group=group-EAB1D7230F93,id=f41b9329-29f6-4fb4-8de9-d292d9a8a636
2019-09-26 16:29:51,361 [ForkJoinPool.commonPool-worker-0] INFO  impl.RoleInfo (RoleInfo.java:shutdownFollowerState(121)) - f41b9329-29f6-4fb4-8de9-d292d9a8a636: shutdown FollowerState
2019-09-26 16:29:51,361 [ForkJoinPool.commonPool-worker-0] INFO  impl.StateMachineUpdater (StateMachineUpdater.java:stopAndJoin(125)) - f41b9329-29f6-4fb4-8de9-d292d9a8a636@group-EAB1D7230F93-StateMachineUpdater: set stopIndex = -1
2019-09-26 16:29:51,361 [Thread-563] INFO  impl.FollowerState (FollowerState.java:run(115)) - f41b9329-29f6-4fb4-8de9-d292d9a8a636: FollowerState was interrupted: java.lang.InterruptedException: sleep interrupted
2019-09-26 16:29:51,363 [ForkJoinPool.commonPool-worker-0] INFO  impl.RaftServerImpl (ServerState.java:close(385)) - f41b9329-29f6-4fb4-8de9-d292d9a8a636@group-EAB1D7230F93: closes. applyIndex: -1
2019-09-26 16:29:51,364 [f41b9329-29f6-4fb4-8de9-d292d9a8a636@group-EAB1D7230F93-SegmentedRaftLogWorker] INFO  segmented.SegmentedRaftLogWorker (SegmentedRaftLogWorker.java:run(313)) - f41b9329-29f6-4fb4-8de9-d292d9a8a636@group-EAB1D7230F93-SegmentedRaftLogWorker was interrupted, exiting. There are 0 tasks remaining in the queue.
2019-09-26 16:29:51,364 [ForkJoinPool.commonPool-worker-0] INFO  segmented.SegmentedRaftLogWorker (SegmentedRaftLogWorker.java:close(228)) - f41b9329-29f6-4fb4-8de9-d292d9a8a636@group-EAB1D7230F93-SegmentedRaftLogWorker close()
2019-09-26 16:29:51,365 [ForkJoinPool.commonPool-worker-0] INFO  server.GrpcService (GrpcService.java:closeImpl(164)) - f41b9329-29f6-4fb4-8de9-d292d9a8a636: shutdown server with port 44465 now
2019-09-26 16:29:51,366 [ForkJoinPool.commonPool-worker-0] INFO  server.GrpcService (GrpcService.java:closeImpl(172)) - f41b9329-29f6-4fb4-8de9-d292d9a8a636: shutdown server with port 44465 successfully
2019-09-26 16:29:51,367 [refreshUsed-/workdir/hadoop-ozone/integration-test/target/test-dir/MiniOzoneClusterImpl-598ef3ce-e04c-4237-8ba0-cc477a09206f/datanode-0/data/containers] WARN  fs.CachingGetSpaceUsed (CachingGetSpaceUsed.java:run(183)) - Thread Interrupted waiting to refresh disk information: sleep interrupted
2019-09-26 16:29:51,378 [main] INFO  utils.BackgroundService (BackgroundService.java:shutdown(148)) - Shutting down service BlockDeletingService
2019-09-26 16:29:51,381 [main] INFO  statemachine.DatanodeStateMachine (DatanodeStateMachine.java:stopDaemon(395)) - Ozone container server stopped.
2019-09-26 16:29:51,382 [main] INFO  handler.ContextHandler (ContextHandler.java:doStop(910)) - Stopped o.e.j.w.WebAppContext@5f69e2b{/,null,UNAVAILABLE}{/hddsDatanode}
2019-09-26 16:29:51,383 [main] INFO  server.AbstractConnector (AbstractConnector.java:doStop(318)) - Stopped ServerConnector@984169e{HTTP/1.1,[http/1.1]}{0.0.0.0:0}
2019-09-26 16:29:51,384 [main] INFO  handler.ContextHandler (ContextHandler.java:doStop(910)) - Stopped o.e.j.s.ServletContextHandler@2e645fbd{/static,jar:file:/home/user/.m2/repository/org/apache/hadoop/hadoop-hdds-container-service/0.5.0-SNAPSHOT/hadoop-hdds-container-service-0.5.0-SNAPSHOT.jar!/webapps/static,UNAVAILABLE}
2019-09-26 16:29:51,384 [main] INFO  handler.ContextHandler (ContextHandler.java:doStop(910)) - Stopped o.e.j.s.ServletContextHandler@3f1ed068{/logs,file:///workdir/hadoop-ozone/integration-test/target/log,UNAVAILABLE}
2019-09-26 16:29:51,388 [ForkJoinPool.commonPool-worker-0] INFO  utils.BackgroundService (BackgroundService.java:shutdown(148)) - Shutting down service BlockDeletingService
2019-09-26 16:29:51,391 [ForkJoinPool.commonPool-worker-0] INFO  statemachine.DatanodeStateMachine (DatanodeStateMachine.java:stopDaemon(395)) - Ozone container server stopped.
2019-09-26 16:29:51,394 [ForkJoinPool.commonPool-worker-0] INFO  handler.ContextHandler (ContextHandler.java:doStop(910)) - Stopped o.e.j.w.WebAppContext@6edcad64{/,null,UNAVAILABLE}{/hddsDatanode}
2019-09-26 16:29:51,395 [ForkJoinPool.commonPool-worker-0] INFO  server.AbstractConnector (AbstractConnector.java:doStop(318)) - Stopped ServerConnector@4c6007fb{HTTP/1.1,[http/1.1]}{0.0.0.0:0}
2019-09-26 16:29:51,396 [ForkJoinPool.commonPool-worker-0] INFO  handler.ContextHandler (ContextHandler.java:doStop(910)) - Stopped o.e.j.s.ServletContextHandler@d109c4f{/static,jar:file:/home/user/.m2/repository/org/apache/hadoop/hadoop-hdds-container-service/0.5.0-SNAPSHOT/hadoop-hdds-container-service-0.5.0-SNAPSHOT.jar!/webapps/static,UNAVAILABLE}
2019-09-26 16:29:51,397 [ForkJoinPool.commonPool-worker-0] INFO  handler.ContextHandler (ContextHandler.java:doStop(910)) - Stopped o.e.j.s.ServletContextHandler@4eba373c{/logs,file:///workdir/hadoop-ozone/integration-test/target/log,UNAVAILABLE}
2019-09-26 16:29:51,517 [grpc-default-executor-0] WARN  server.GrpcLogAppender (LogUtils.java:warn(134)) - 6ad4b93a-b4cf-4be6-9fd2-9d62088a494c@group-F45A88C3A742->544e4564-cff2-4854-aa86-9068d953c0c3-AppendLogResponseHandler: Failed appendEntries: org.apache.ratis.thirdparty.io.grpc.StatusRuntimeException: UNAVAILABLE: io exception
2019-09-26 16:29:51,519 [grpc-default-executor-0] INFO  impl.FollowerInfo (FollowerInfo.java:lambda$new$0(51)) - 6ad4b93a-b4cf-4be6-9fd2-9d62088a494c@group-F45A88C3A742->544e4564-cff2-4854-aa86-9068d953c0c3: nextIndex: updateUnconditionally 0 -> 0
2019-09-26 16:29:51,523 [grpc-default-executor-3] WARN  server.GrpcLogAppender (LogUtils.java:warn(134)) - 6ad4b93a-b4cf-4be6-9fd2-9d62088a494c@group-F45A88C3A742->79ffe903-3fc0-40a8-8acf-aa2d12154a51-AppendLogResponseHandler: Failed appendEntries: org.apache.ratis.thirdparty.io.grpc.StatusRuntimeException: UNAVAILABLE: io exception
2019-09-26 16:29:51,524 [grpc-default-executor-3] INFO  impl.FollowerInfo (FollowerInfo.java:lambda$new$0(51)) - 6ad4b93a-b4cf-4be6-9fd2-9d62088a494c@group-F45A88C3A742->79ffe903-3fc0-40a8-8acf-aa2d12154a51: nextIndex: updateUnconditionally 0 -> 0
2019-09-26 16:29:52,356 [Datanode State Machine Thread - 0] INFO  statemachine.DatanodeStateMachine (DatanodeStateMachine.java:lambda$startDaemon$0(350)) - Ozone container server started.
2019-09-26 16:29:54,022 [grpc-default-executor-3] WARN  server.GrpcLogAppender (LogUtils.java:warn(134)) - 6ad4b93a-b4cf-4be6-9fd2-9d62088a494c@group-F45A88C3A742->544e4564-cff2-4854-aa86-9068d953c0c3-AppendLogResponseHandler: Failed appendEntries: org.apache.ratis.thirdparty.io.grpc.StatusRuntimeException: UNAVAILABLE: io exception
2019-09-26 16:29:54,023 [grpc-default-executor-3] INFO  impl.FollowerInfo (FollowerInfo.java:lambda$new$0(51)) - 6ad4b93a-b4cf-4be6-9fd2-9d62088a494c@group-F45A88C3A742->544e4564-cff2-4854-aa86-9068d953c0c3: nextIndex: updateUnconditionally 0 -> 0
2019-09-26 16:29:54,024 [grpc-default-executor-0] WARN  server.GrpcLogAppender (LogUtils.java:warn(134)) - 6ad4b93a-b4cf-4be6-9fd2-9d62088a494c@group-F45A88C3A742->79ffe903-3fc0-40a8-8acf-aa2d12154a51-AppendLogResponseHandler: Failed appendEntries: org.apache.ratis.thirdparty.io.grpc.StatusRuntimeException: UNAVAILABLE: io exception
2019-09-26 16:29:54,026 [grpc-default-executor-0] INFO  impl.FollowerInfo (FollowerInfo.java:lambda$new$0(51)) - 6ad4b93a-b4cf-4be6-9fd2-9d62088a494c@group-F45A88C3A742->79ffe903-3fc0-40a8-8acf-aa2d12154a51: nextIndex: updateUnconditionally 0 -> 0
2019-09-26 16:29:54,387 [EventQueue-StaleNodeForStaleNodeHandler] INFO  node.StaleNodeHandler (StaleNodeHandler.java:onMessage(58)) - Datanode 6ad4b93a-b4cf-4be6-9fd2-9d62088a494c{ip: 192.168.157.234, host: pr-hdds-2162-htzpk-1451759861, networkLocation: /default-rack, certSerialId: null} moved to stale state. Finalizing its pipelines [PipelineID=286eb71d-9b35-420e-bff0-e8f107e9c3dc, PipelineID=2b957455-3cc6-403c-874d-f45a88c3a742, PipelineID=b3111ccd-eccc-49ee-a460-eab1d7230f93]
2019-09-26 16:29:54,387 [EventQueue-StaleNodeForStaleNodeHandler] INFO  pipeline.SCMPipelineManager (SCMPipelineManager.java:finalizeAndDestroyPipeline(315)) - destroying pipeline:Pipeline[ Id: 286eb71d-9b35-420e-bff0-e8f107e9c3dc, Nodes: 6ad4b93a-b4cf-4be6-9fd2-9d62088a494c{ip: 192.168.157.234, host: pr-hdds-2162-htzpk-1451759861, networkLocation: /default-rack, certSerialId: null}, Type:RATIS, Factor:ONE, State:OPEN]
2019-09-26 16:29:54,387 [EventQueue-StaleNodeForStaleNodeHandler] INFO  pipeline.PipelineStateManager (PipelineStateManager.java:finalizePipeline(123)) - Pipeline Pipeline[ Id: 286eb71d-9b35-420e-bff0-e8f107e9c3dc, Nodes: 6ad4b93a-b4cf-4be6-9fd2-9d62088a494c{ip: 192.168.157.234, host: pr-hdds-2162-htzpk-1451759861, networkLocation: /default-rack, certSerialId: null}, Type:RATIS, Factor:ONE, State:CLOSED] moved to CLOSED state
2019-09-26 16:29:54,388 [EventQueue-StaleNodeForStaleNodeHandler] INFO  pipeline.SCMPipelineManager (SCMPipelineManager.java:finalizeAndDestroyPipeline(315)) - destroying pipeline:Pipeline[ Id: 2b957455-3cc6-403c-874d-f45a88c3a742, Nodes: 6ad4b93a-b4cf-4be6-9fd2-9d62088a494c{ip: 192.168.157.234, host: pr-hdds-2162-htzpk-1451759861, networkLocation: /default-rack, certSerialId: null}544e4564-cff2-4854-aa86-9068d953c0c3{ip: 192.168.157.234, host: pr-hdds-2162-htzpk-1451759861, networkLocation: /default-rack, certSerialId: null}79ffe903-3fc0-40a8-8acf-aa2d12154a51{ip: 192.168.157.234, host: pr-hdds-2162-htzpk-1451759861, networkLocation: /default-rack, certSerialId: null}, Type:RATIS, Factor:THREE, State:CLOSED]
2019-09-26 16:29:54,388 [EventQueue-StaleNodeForStaleNodeHandler] INFO  pipeline.SCMPipelineManager (SCMPipelineManager.java:finalizeAndDestroyPipeline(315)) - destroying pipeline:Pipeline[ Id: b3111ccd-eccc-49ee-a460-eab1d7230f93, Nodes: 6ad4b93a-b4cf-4be6-9fd2-9d62088a494c{ip: 192.168.157.234, host: pr-hdds-2162-htzpk-1451759861, networkLocation: /default-rack, certSerialId: null}f41b9329-29f6-4fb4-8de9-d292d9a8a636{ip: 192.168.157.234, host: pr-hdds-2162-htzpk-1451759861, networkLocation: /default-rack, certSerialId: null}7ae1d8e0-c3cd-44e1-b67c-818b78fc249c{ip: 192.168.157.234, host: pr-hdds-2162-htzpk-1451759861, networkLocation: /default-rack, certSerialId: null}, Type:RATIS, Factor:THREE, State:CLOSED]
2019-09-26 16:29:56,386 [main] INFO  ozoneimpl.OzoneContainer (OzoneContainer.java:stop(231)) - Attempting to stop container services.
2019-09-26 16:29:56,388 [main] INFO  impl.RaftServerProxy (RaftServerProxy.java:lambda$close$4(314)) - 6ad4b93a-b4cf-4be6-9fd2-9d62088a494c: close
2019-09-26 16:29:56,388 [main] INFO  impl.RaftServerImpl (RaftServerImpl.java:lambda$shutdown$3(251)) - 6ad4b93a-b4cf-4be6-9fd2-9d62088a494c@group-E8F107E9C3DC: shutdown
2019-09-26 16:29:56,389 [main] INFO  util.JmxRegister (JmxRegister.java:unregister(73)) - Successfully un-registered JMX Bean with object name Ratis:service=RaftServer,group=group-E8F107E9C3DC,id=6ad4b93a-b4cf-4be6-9fd2-9d62088a494c
2019-09-26 16:29:56,389 [main] INFO  impl.RoleInfo (RoleInfo.java:shutdownLeaderState(104)) - 6ad4b93a-b4cf-4be6-9fd2-9d62088a494c: shutdown LeaderState
2019-09-26 16:29:56,390 [main] INFO  impl.PendingRequests (PendingRequests.java:sendNotLeaderResponses(202)) - 6ad4b93a-b4cf-4be6-9fd2-9d62088a494c-PendingRequests: sendNotLeaderResponses
2019-09-26 16:29:56,391 [main] INFO  impl.StateMachineUpdater (StateMachineUpdater.java:stopAndJoin(125)) - 6ad4b93a-b4cf-4be6-9fd2-9d62088a494c@group-E8F107E9C3DC-StateMachineUpdater: set stopIndex = 0
2019-09-26 16:29:56,395 [main] INFO  impl.RaftServerImpl (ServerState.java:close(385)) - 6ad4b93a-b4cf-4be6-9fd2-9d62088a494c@group-E8F107E9C3DC: closes. applyIndex: 0
2019-09-26 16:29:56,395 [6ad4b93a-b4cf-4be6-9fd2-9d62088a494c@group-E8F107E9C3DC-SegmentedRaftLogWorker] INFO  segmented.SegmentedRaftLogWorker (SegmentedRaftLogWorker.java:run(313)) - 6ad4b93a-b4cf-4be6-9fd2-9d62088a494c@group-E8F107E9C3DC-SegmentedRaftLogWorker was interrupted, exiting. There are 0 tasks remaining in the queue.
2019-09-26 16:29:56,397 [main] INFO  segmented.SegmentedRaftLogWorker (SegmentedRaftLogWorker.java:close(228)) - 6ad4b93a-b4cf-4be6-9fd2-9d62088a494c@group-E8F107E9C3DC-SegmentedRaftLogWorker close()
2019-09-26 16:29:56,398 [main] INFO  impl.RaftServerImpl (RaftServerImpl.java:lambda$shutdown$3(251)) - 6ad4b93a-b4cf-4be6-9fd2-9d62088a494c@group-F45A88C3A742: shutdown
2019-09-26 16:29:56,398 [main] INFO  util.JmxRegister (JmxRegister.java:unregister(73)) - Successfully un-registered JMX Bean with object name Ratis:service=RaftServer,group=group-F45A88C3A742,id=6ad4b93a-b4cf-4be6-9fd2-9d62088a494c
2019-09-26 16:29:56,399 [main] INFO  impl.RoleInfo (RoleInfo.java:shutdownLeaderState(104)) - 6ad4b93a-b4cf-4be6-9fd2-9d62088a494c: shutdown LeaderState
2019-09-26 16:29:56,401 [main] INFO  impl.PendingRequests (PendingRequests.java:sendNotLeaderResponses(202)) - 6ad4b93a-b4cf-4be6-9fd2-9d62088a494c-PendingRequests: sendNotLeaderResponses
2019-09-26 16:29:56,401 [org.apache.ratis.server.impl.LogAppender$AppenderDaemon$$Lambda$405/1148012056@7d2ca852] WARN  server.GrpcLogAppender (GrpcLogAppender.java:mayWait(143)) - 6ad4b93a-b4cf-4be6-9fd2-9d62088a494c@group-F45A88C3A742->544e4564-cff2-4854-aa86-9068d953c0c3-GrpcLogAppender: Wait interrupted by java.lang.InterruptedException
2019-09-26 16:29:56,401 [org.apache.ratis.server.impl.LogAppender$AppenderDaemon$$Lambda$405/1148012056@1db30a93] WARN  server.GrpcLogAppender (GrpcLogAppender.java:mayWait(143)) - 6ad4b93a-b4cf-4be6-9fd2-9d62088a494c@group-F45A88C3A742->79ffe903-3fc0-40a8-8acf-aa2d12154a51-GrpcLogAppender: Wait interrupted by java.lang.InterruptedException
2019-09-26 16:29:56,402 [main] INFO  impl.StateMachineUpdater (StateMachineUpdater.java:stopAndJoin(125)) - 6ad4b93a-b4cf-4be6-9fd2-9d62088a494c@group-F45A88C3A742-StateMachineUpdater: set stopIndex = 0
2019-09-26 16:29:56,402 [main] INFO  impl.RaftServerImpl (ServerState.java:close(385)) - 6ad4b93a-b4cf-4be6-9fd2-9d62088a494c@group-F45A88C3A742: closes. applyIndex: 0
2019-09-26 16:29:56,403 [6ad4b93a-b4cf-4be6-9fd2-9d62088a494c@group-F45A88C3A742-SegmentedRaftLogWorker] INFO  segmented.SegmentedRaftLogWorker (SegmentedRaftLogWorker.java:run(313)) - 6ad4b93a-b4cf-4be6-9fd2-9d62088a494c@group-F45A88C3A742-SegmentedRaftLogWorker was interrupted, exiting. There are 0 tasks remaining in the queue.
2019-09-26 16:29:56,403 [main] INFO  segmented.SegmentedRaftLogWorker (SegmentedRaftLogWorker.java:close(228)) - 6ad4b93a-b4cf-4be6-9fd2-9d62088a494c@group-F45A88C3A742-SegmentedRaftLogWorker close()
2019-09-26 16:29:56,405 [main] INFO  impl.RaftServerImpl (RaftServerImpl.java:lambda$shutdown$3(251)) - 6ad4b93a-b4cf-4be6-9fd2-9d62088a494c@group-EAB1D7230F93: shutdown
2019-09-26 16:29:56,405 [main] INFO  util.JmxRegister (JmxRegister.java:unregister(73)) - Successfully un-registered JMX Bean with object name Ratis:service=RaftServer,group=group-EAB1D7230F93,id=6ad4b93a-b4cf-4be6-9fd2-9d62088a494c
2019-09-26 16:29:56,406 [main] INFO  impl.RoleInfo (RoleInfo.java:shutdownFollowerState(121)) - 6ad4b93a-b4cf-4be6-9fd2-9d62088a494c: shutdown FollowerState
2019-09-26 16:29:56,406 [main] INFO  impl.StateMachineUpdater (StateMachineUpdater.java:stopAndJoin(125)) - 6ad4b93a-b4cf-4be6-9fd2-9d62088a494c@group-EAB1D7230F93-StateMachineUpdater: set stopIndex = -1
2019-09-26 16:29:56,406 [Thread-564] INFO  impl.FollowerState (FollowerState.java:run(115)) - 6ad4b93a-b4cf-4be6-9fd2-9d62088a494c: FollowerState was interrupted: java.lang.InterruptedException: sleep interrupted
2019-09-26 16:29:56,406 [main] INFO  impl.RaftServerImpl (ServerState.java:close(385)) - 6ad4b93a-b4cf-4be6-9fd2-9d62088a494c@group-EAB1D7230F93: closes. applyIndex: -1
2019-09-26 16:29:56,408 [6ad4b93a-b4cf-4be6-9fd2-9d62088a494c@group-EAB1D7230F93-SegmentedRaftLogWorker] INFO  segmented.SegmentedRaftLogWorker (SegmentedRaftLogWorker.java:run(313)) - 6ad4b93a-b4cf-4be6-9fd2-9d62088a494c@group-EAB1D7230F93-SegmentedRaftLogWorker was interrupted, exiting. There are 0 tasks remaining in the queue.
2019-09-26 16:29:56,408 [main] INFO  segmented.SegmentedRaftLogWorker (SegmentedRaftLogWorker.java:close(228)) - 6ad4b93a-b4cf-4be6-9fd2-9d62088a494c@group-EAB1D7230F93-SegmentedRaftLogWorker close()
2019-09-26 16:29:56,410 [main] INFO  server.GrpcService (GrpcService.java:closeImpl(164)) - 6ad4b93a-b4cf-4be6-9fd2-9d62088a494c: shutdown server with port 38689 now
2019-09-26 16:29:56,410 [main] INFO  server.GrpcService (GrpcService.java:closeImpl(172)) - 6ad4b93a-b4cf-4be6-9fd2-9d62088a494c: shutdown server with port 38689 successfully
2019-09-26 16:29:56,414 [refreshUsed-/workdir/hadoop-ozone/integration-test/target/test-dir/MiniOzoneClusterImpl-598ef3ce-e04c-4237-8ba0-cc477a09206f/datanode-5/data/containers] WARN  fs.CachingGetSpaceUsed (CachingGetSpaceUsed.java:run(183)) - Thread Interrupted waiting to refresh disk information: sleep interrupted
2019-09-26 16:29:56,435 [main] INFO  utils.BackgroundService (BackgroundService.java:shutdown(148)) - Shutting down service BlockDeletingService
2019-09-26 16:29:56,438 [main] INFO  statemachine.DatanodeStateMachine (DatanodeStateMachine.java:stopDaemon(395)) - Ozone container server stopped.
2019-09-26 16:29:56,439 [main] INFO  handler.ContextHandler (ContextHandler.java:doStop(910)) - Stopped o.e.j.w.WebAppContext@3ba46e63{/,null,UNAVAILABLE}{/hddsDatanode}
2019-09-26 16:29:56,440 [main] INFO  server.AbstractConnector (AbstractConnector.java:doStop(318)) - Stopped ServerConnector@788ddc1f{HTTP/1.1,[http/1.1]}{0.0.0.0:0}
2019-09-26 16:29:56,441 [main] INFO  handler.ContextHandler (ContextHandler.java:doStop(910)) - Stopped o.e.j.s.ServletContextHandler@75de6341{/static,jar:file:/home/user/.m2/repository/org/apache/hadoop/hadoop-hdds-container-service/0.5.0-SNAPSHOT/hadoop-hdds-container-service-0.5.0-SNAPSHOT.jar!/webapps/static,UNAVAILABLE}
2019-09-26 16:29:56,441 [main] INFO  handler.ContextHandler (ContextHandler.java:doStop(910)) - Stopped o.e.j.s.ServletContextHandler@4f9a6c2d{/logs,file:///workdir/hadoop-ozone/integration-test/target/log,UNAVAILABLE}
2019-09-26 16:29:56,442 [main] INFO  ozone.MiniOzoneClusterImpl (MiniOzoneClusterImpl.java:stopSCM(392)) - Stopping the StorageContainerManager
2019-09-26 16:29:56,442 [main] INFO  server.StorageContainerManager (StorageContainerManager.java:stop(808)) - Stopping Replication Manager Service.
2019-09-26 16:29:56,443 [main] INFO  container.ReplicationManager (ReplicationManager.java:stop(203)) - Stopping Replication Monitor Thread.
2019-09-26 16:29:56,443 [main] INFO  server.StorageContainerManager (StorageContainerManager.java:stop(815)) - Stopping Lease Manager of the command watchers
2019-09-26 16:29:56,443 [main] INFO  server.StorageContainerManager (StorageContainerManager.java:stop(822)) - Stopping datanode service RPC server
2019-09-26 16:29:56,443 [main] INFO  server.SCMDatanodeProtocolServer (SCMDatanodeProtocolServer.java:stop(367)) - Stopping the RPC server for DataNodes
2019-09-26 16:29:56,444 [main] INFO  ipc.Server (Server.java:stop(3082)) - Stopping server on 34427
2019-09-26 16:29:56,446 [IPC Server Responder] INFO  ipc.Server (Server.java:run(1319)) - Stopping IPC Server Responder
2019-09-26 16:29:56,446 [IPC Server listener on 34427] INFO  ipc.Server (Server.java:run(1185)) - Stopping IPC Server listener on 34427
2019-09-26 16:29:56,490 [SCM Heartbeat Processing Thread - 0] WARN  node.NodeStateManager (NodeStateManager.java:scheduleNextHealthCheck(646)) - Current Thread is interrupted, shutting down HB processing thread for Node Manager.
2019-09-26 16:29:56,490 [main] INFO  server.StorageContainerManager (StorageContainerManager.java:stop(830)) - Stopping block service RPC server
2019-09-26 16:29:56,491 [main] INFO  server.SCMBlockProtocolServer (SCMBlockProtocolServer.java:stop(155)) - Stopping the RPC server for Block Protocol
2019-09-26 16:29:56,491 [main] INFO  ipc.Server (Server.java:stop(3082)) - Stopping server on 37279
2019-09-26 16:29:56,493 [main] INFO  server.StorageContainerManager (StorageContainerManager.java:stop(837)) - Stopping the StorageContainerLocationProtocol RPC server
2019-09-26 16:29:56,493 [IPC Server listener on 37279] INFO  ipc.Server (Server.java:run(1185)) - Stopping IPC Server listener on 37279
2019-09-26 16:29:56,494 [IPC Server Responder] INFO  ipc.Server (Server.java:run(1319)) - Stopping IPC Server Responder
2019-09-26 16:29:56,494 [main] INFO  server.SCMClientProtocolServer (SCMClientProtocolServer.java:stop(159)) - Stopping the RPC server for Client Protocol
2019-09-26 16:29:56,494 [main] INFO  ipc.Server (Server.java:stop(3082)) - Stopping server on 32799
2019-09-26 16:29:56,497 [IPC Server listener on 32799] INFO  ipc.Server (Server.java:run(1185)) - Stopping IPC Server listener on 32799
2019-09-26 16:29:56,497 [main] INFO  server.StorageContainerManager (StorageContainerManager.java:stop(844)) - Stopping Storage Container Manager HTTP server.
2019-09-26 16:29:56,498 [IPC Server Responder] INFO  ipc.Server (Server.java:run(1319)) - Stopping IPC Server Responder
2019-09-26 16:29:56,498 [main] INFO  handler.ContextHandler (ContextHandler.java:doStop(910)) - Stopped o.e.j.w.WebAppContext@5003041b{/,null,UNAVAILABLE}{/scm}
2019-09-26 16:29:56,499 [main] INFO  server.AbstractConnector (AbstractConnector.java:doStop(318)) - Stopped ServerConnector@1b822fcc{HTTP/1.1,[http/1.1]}{0.0.0.0:0}
2019-09-26 16:29:56,500 [main] INFO  handler.ContextHandler (ContextHandler.java:doStop(910)) - Stopped o.e.j.s.ServletContextHandler@8692d67{/static,file:///workdir/hadoop-ozone/integration-test/target/test-classes/webapps/static,UNAVAILABLE}
2019-09-26 16:29:56,500 [main] INFO  handler.ContextHandler (ContextHandler.java:doStop(910)) - Stopped o.e.j.s.ServletContextHandler@56303b57{/logs,file:///workdir/hadoop-ozone/integration-test/target/log,UNAVAILABLE}
2019-09-26 16:29:56,501 [main] INFO  server.StorageContainerManager (StorageContainerManager.java:stop(855)) - Stopping Block Manager Service.
2019-09-26 16:29:56,501 [main] INFO  utils.BackgroundService (BackgroundService.java:shutdown(148)) - Shutting down service SCMBlockDeletingService
2019-09-26 16:29:56,502 [main] INFO  utils.BackgroundService (BackgroundService.java:shutdown(148)) - Shutting down service SCMBlockDeletingService
2019-09-26 16:29:56,502 [main] INFO  server.StorageContainerManager (StorageContainerManager.java:stop(877)) - Stopping SCM Event Queue.
2019-09-26 16:29:56,512 [main] INFO  impl.MetricsSystemImpl (MetricsSystemImpl.java:stop(210)) - Stopping ratis metrics system...
2019-09-26 16:29:56,525 [prometheus] INFO  impl.MetricsSinkAdapter (MetricsSinkAdapter.java:publishMetricsFromQueue(141)) - prometheus thread interrupted.
2019-09-26 16:29:56,525 [main] INFO  impl.MetricsSystemImpl (MetricsSystemImpl.java:stop(216)) - ratis metrics system stopped.
]]></system-out>
    <system-err><![CDATA[ERROR StatusLogger No Log4j 2 configuration file found. Using default configuration (logging only errors to the console), or user programmatically provided configurations. Set system property 'log4j2.debug' to show Log4j 2 internal initialization logging. See https://logging.apache.org/log4j/2.x/manual/configuration.html for instructions on how to configure Log4j 2
Sep 26, 2019 4:29:41 PM org.apache.ratis.thirdparty.io.grpc.internal.SerializingExecutor run
SEVERE: Exception while executing runnable org.apache.ratis.thirdparty.io.grpc.internal.ServerImpl$JumpToApplicationThreadServerStreamListener$1Closed@14e3e9cf
org.apache.ratis.thirdparty.io.grpc.StatusRuntimeException: CANCELLED: call already cancelled
	at org.apache.ratis.thirdparty.io.grpc.Status.asRuntimeException(Status.java:517)
	at org.apache.ratis.thirdparty.io.grpc.stub.ServerCalls$ServerCallStreamObserverImpl.onCompleted(ServerCalls.java:356)
	at org.apache.ratis.grpc.server.GrpcServerProtocolService$ServerRequestStreamObserver.onError(GrpcServerProtocolService.java:121)
	at org.apache.ratis.thirdparty.io.grpc.stub.ServerCalls$StreamingServerCallHandler$StreamingServerCallListener.onCancel(ServerCalls.java:269)
	at org.apache.ratis.thirdparty.io.grpc.internal.ServerCallImpl$ServerStreamListenerImpl.closed(ServerCallImpl.java:293)
	at org.apache.ratis.thirdparty.io.grpc.internal.ServerImpl$JumpToApplicationThreadServerStreamListener$1Closed.runInContext(ServerImpl.java:741)
	at org.apache.ratis.thirdparty.io.grpc.internal.ContextRunnable.run(ContextRunnable.java:37)
	at org.apache.ratis.thirdparty.io.grpc.internal.SerializingExecutor.run(SerializingExecutor.java:123)
	at java.util.concurrent.ThreadPoolExecutor.runWorker(ThreadPoolExecutor.java:1149)
	at java.util.concurrent.ThreadPoolExecutor$Worker.run(ThreadPoolExecutor.java:624)
	at java.lang.Thread.run(Thread.java:748)

Sep 26, 2019 4:29:46 PM org.apache.ratis.thirdparty.io.grpc.internal.SerializingExecutor run
SEVERE: Exception while executing runnable org.apache.ratis.thirdparty.io.grpc.internal.ServerImpl$JumpToApplicationThreadServerStreamListener$1Closed@2a38e5ff
org.apache.ratis.thirdparty.io.grpc.StatusRuntimeException: CANCELLED: call already cancelled
	at org.apache.ratis.thirdparty.io.grpc.Status.asRuntimeException(Status.java:517)
	at org.apache.ratis.thirdparty.io.grpc.stub.ServerCalls$ServerCallStreamObserverImpl.onCompleted(ServerCalls.java:356)
	at org.apache.ratis.grpc.server.GrpcServerProtocolService$ServerRequestStreamObserver.onError(GrpcServerProtocolService.java:121)
	at org.apache.ratis.thirdparty.io.grpc.stub.ServerCalls$StreamingServerCallHandler$StreamingServerCallListener.onCancel(ServerCalls.java:269)
	at org.apache.ratis.thirdparty.io.grpc.internal.ServerCallImpl$ServerStreamListenerImpl.closed(ServerCallImpl.java:293)
	at org.apache.ratis.thirdparty.io.grpc.internal.ServerImpl$JumpToApplicationThreadServerStreamListener$1Closed.runInContext(ServerImpl.java:741)
	at org.apache.ratis.thirdparty.io.grpc.internal.ContextRunnable.run(ContextRunnable.java:37)
	at org.apache.ratis.thirdparty.io.grpc.internal.SerializingExecutor.run(SerializingExecutor.java:123)
	at java.util.concurrent.ThreadPoolExecutor.runWorker(ThreadPoolExecutor.java:1149)
	at java.util.concurrent.ThreadPoolExecutor$Worker.run(ThreadPoolExecutor.java:624)
	at java.lang.Thread.run(Thread.java:748)

Sep 26, 2019 4:29:51 PM org.apache.ratis.thirdparty.io.grpc.internal.SerializingExecutor run
SEVERE: Exception while executing runnable org.apache.ratis.thirdparty.io.grpc.internal.ServerImpl$JumpToApplicationThreadServerStreamListener$1Closed@4a03551b
org.apache.ratis.thirdparty.io.grpc.StatusRuntimeException: CANCELLED: call already cancelled
	at org.apache.ratis.thirdparty.io.grpc.Status.asRuntimeException(Status.java:517)
	at org.apache.ratis.thirdparty.io.grpc.stub.ServerCalls$ServerCallStreamObserverImpl.onCompleted(ServerCalls.java:356)
	at org.apache.ratis.grpc.server.GrpcServerProtocolService$ServerRequestStreamObserver.onError(GrpcServerProtocolService.java:121)
	at org.apache.ratis.thirdparty.io.grpc.stub.ServerCalls$StreamingServerCallHandler$StreamingServerCallListener.onCancel(ServerCalls.java:269)
	at org.apache.ratis.thirdparty.io.grpc.internal.ServerCallImpl$ServerStreamListenerImpl.closed(ServerCallImpl.java:293)
	at org.apache.ratis.thirdparty.io.grpc.internal.ServerImpl$JumpToApplicationThreadServerStreamListener$1Closed.runInContext(ServerImpl.java:741)
	at org.apache.ratis.thirdparty.io.grpc.internal.ContextRunnable.run(ContextRunnable.java:37)
	at org.apache.ratis.thirdparty.io.grpc.internal.SerializingExecutor.run(SerializingExecutor.java:123)
	at java.util.concurrent.ThreadPoolExecutor.runWorker(ThreadPoolExecutor.java:1149)
	at java.util.concurrent.ThreadPoolExecutor$Worker.run(ThreadPoolExecutor.java:624)
	at java.lang.Thread.run(Thread.java:748)

]]></system-err>
  </testcase>
</testsuite>