<?xml version="1.0" encoding="UTF-8"?>
<testsuite xmlns:xsi="http://www.w3.org/2001/XMLSchema-instance" xsi:noNamespaceSchemaLocation="https://maven.apache.org/surefire/maven-surefire-plugin/xsd/surefire-test-report.xsd" name="org.apache.hadoop.ozone.container.common.statemachine.commandhandler.TestCloseContainerByPipeline" time="147.072" tests="1" errors="1" skipped="0" failures="0">
  <properties>
    <property name="awt.toolkit" value="sun.awt.X11.XToolkit"/>
    <property name="file.encoding.pkg" value="sun.io"/>
    <property name="java.specification.version" value="1.8"/>
    <property name="sun.cpu.isalist" value=""/>
    <property name="sun.jnu.encoding" value="UTF-8"/>
    <property name="java.class.path" value="/workdir/hadoop-ozone/integration-test/target/test-classes:/workdir/hadoop-ozone/integration-test/target/classes:/home/user/.m2/repository/org/apache/hadoop/hadoop-ozone-common/0.5.0-SNAPSHOT/hadoop-ozone-common-0.5.0-SNAPSHOT.jar:/home/user/.m2/repository/org/apache/commons/commons-compress/1.4.1/commons-compress-1.4.1.jar:/home/user/.m2/repository/org/tukaani/xz/1.0/xz-1.0.jar:/home/user/.m2/repository/org/apache/hadoop/hadoop-common/3.2.0/hadoop-common-3.2.0.jar:/home/user/.m2/repository/org/apache/hadoop/hadoop-hdfs/3.2.0/hadoop-hdfs-3.2.0.jar:/home/user/.m2/repository/org/apache/hadoop/hadoop-hdfs-client/3.2.0/hadoop-hdfs-client-3.2.0.jar:/home/user/.m2/repository/com/fasterxml/jackson/core/jackson-annotations/2.9.9/jackson-annotations-2.9.9.jar:/home/user/.m2/repository/org/apache/hadoop/hadoop-hdds-common/0.5.0-SNAPSHOT/hadoop-hdds-common-0.5.0-SNAPSHOT.jar:/home/user/.m2/repository/javax/annotation/javax.annotation-api/1.2/javax.annotation-api-1.2.jar:/home/user/.m2/repository/org/apache/ratis/ratis-server/0.4.0/ratis-server-0.4.0.jar:/home/user/.m2/repository/org/apache/ratis/ratis-thirdparty-misc/0.2.0/ratis-thirdparty-misc-0.2.0.jar:/home/user/.m2/repository/org/apache/ratis/ratis-proto/0.4.0/ratis-proto-0.4.0.jar:/home/user/.m2/repository/org/apache/ratis/ratis-common/0.4.0/ratis-common-0.4.0.jar:/home/user/.m2/repository/org/apache/ratis/ratis-client/0.4.0/ratis-client-0.4.0.jar:/home/user/.m2/repository/org/apache/ratis/ratis-metrics/0.4.0/ratis-metrics-0.4.0.jar:/home/user/.m2/repository/com/github/joshelser/dropwizard-metrics-hadoop-metrics2-reporter/0.1.2/dropwizard-metrics-hadoop-metrics2-reporter-0.1.2.jar:/home/user/.m2/repository/io/dropwizard/metrics/metrics-jvm/3.2.5/metrics-jvm-3.2.5.jar:/home/user/.m2/repository/io/dropwizard/metrics/metrics-ganglia/3.2.5/metrics-ganglia-3.2.5.jar:/home/user/.m2/repository/info/ganglia/gmetric4j/gmetric4j/1.0.7/gmetric4j-1.0.7.jar:/home/user/.m2/repository/org/apache/ratis/ratis-netty/0.4.0/ratis-netty-0.4.0.jar:/home/user/.m2/repository/org/apache/ratis/ratis-grpc/0.4.0/ratis-grpc-0.4.0.jar:/home/user/.m2/repository/org/rocksdb/rocksdbjni/6.0.1/rocksdbjni-6.0.1.jar:/home/user/.m2/repository/org/apache/logging/log4j/log4j-api/2.11.0/log4j-api-2.11.0.jar:/home/user/.m2/repository/org/apache/logging/log4j/log4j-core/2.11.0/log4j-core-2.11.0.jar:/home/user/.m2/repository/com/lmax/disruptor/3.4.2/disruptor-3.4.2.jar:/home/user/.m2/repository/org/apache/commons/commons-pool2/2.6.0/commons-pool2-2.6.0.jar:/home/user/.m2/repository/org/bouncycastle/bcpkix-jdk15on/1.60/bcpkix-jdk15on-1.60.jar:/home/user/.m2/repository/commons-validator/commons-validator/1.6/commons-validator-1.6.jar:/home/user/.m2/repository/commons-digester/commons-digester/1.8.1/commons-digester-1.8.1.jar:/home/user/.m2/repository/io/jaegertracing/jaeger-client/0.34.0/jaeger-client-0.34.0.jar:/home/user/.m2/repository/io/jaegertracing/jaeger-thrift/0.34.0/jaeger-thrift-0.34.0.jar:/home/user/.m2/repository/org/apache/thrift/libthrift/0.12.0/libthrift-0.12.0.jar:/home/user/.m2/repository/com/squareup/okhttp3/okhttp/3.9.0/okhttp-3.9.0.jar:/home/user/.m2/repository/com/squareup/okio/okio/1.13.0/okio-1.13.0.jar:/home/user/.m2/repository/io/jaegertracing/jaeger-core/0.34.0/jaeger-core-0.34.0.jar:/home/user/.m2/repository/io/jaegertracing/jaeger-tracerresolver/0.34.0/jaeger-tracerresolver-0.34.0.jar:/home/user/.m2/repository/io/opentracing/contrib/opentracing-tracerresolver/0.1.5/opentracing-tracerresolver-0.1.5.jar:/home/user/.m2/repository/io/opentracing/opentracing-util/0.31.0/opentracing-util-0.31.0.jar:/home/user/.m2/repository/io/opentracing/opentracing-api/0.31.0/opentracing-api-0.31.0.jar:/home/user/.m2/repository/io/opentracing/opentracing-noop/0.31.0/opentracing-noop-0.31.0.jar:/home/user/.m2/repository/org/apache/hadoop/hadoop-hdds-server-framework/0.5.0-SNAPSHOT/hadoop-hdds-server-framework-0.5.0-SNAPSHOT.jar:/home/user/.m2/repository/org/apache/hadoop/hadoop-hdds-container-service/0.5.0-SNAPSHOT/hadoop-hdds-container-service-0.5.0-SNAPSHOT.jar:/home/user/.m2/repository/org/apache/hadoop/hadoop-hdds-client/0.5.0-SNAPSHOT/hadoop-hdds-client-0.5.0-SNAPSHOT.jar:/home/user/.m2/repository/org/apache/hadoop/hadoop-hdds-tools/0.5.0-SNAPSHOT/hadoop-hdds-tools-0.5.0-SNAPSHOT.jar:/home/user/.m2/repository/org/apache/hadoop/hadoop-hdds-server-scm/0.5.0-SNAPSHOT/hadoop-hdds-server-scm-0.5.0-SNAPSHOT.jar:/home/user/.m2/repository/org/apache/hadoop/hadoop-hdds-docs/0.5.0-SNAPSHOT/hadoop-hdds-docs-0.5.0-SNAPSHOT.jar:/home/user/.m2/repository/io/dropwizard/metrics/metrics-core/3.2.4/metrics-core-3.2.4.jar:/home/user/.m2/repository/org/hamcrest/hamcrest-all/1.3/hamcrest-all-1.3.jar:/home/user/.m2/repository/org/bouncycastle/bcprov-jdk15on/1.60/bcprov-jdk15on-1.60.jar:/home/user/.m2/repository/info/picocli/picocli/3.9.6/picocli-3.9.6.jar:/home/user/.m2/repository/com/google/protobuf/protobuf-java/2.5.0/protobuf-java-2.5.0.jar:/home/user/.m2/repository/com/google/guava/guava/11.0.2/guava-11.0.2.jar:/home/user/.m2/repository/org/apache/hadoop/hadoop-ozone-ozone-manager/0.5.0-SNAPSHOT/hadoop-ozone-ozone-manager-0.5.0-SNAPSHOT.jar:/home/user/.m2/repository/org/apache/hadoop/hadoop-minikdc/3.2.0/hadoop-minikdc-3.2.0.jar:/home/user/.m2/repository/commons-io/commons-io/2.5/commons-io-2.5.jar:/home/user/.m2/repository/org/apache/kerby/kerb-simplekdc/1.0.1/kerb-simplekdc-1.0.1.jar:/home/user/.m2/repository/org/apache/kerby/kerb-client/1.0.1/kerb-client-1.0.1.jar:/home/user/.m2/repository/org/apache/kerby/kerby-config/1.0.1/kerby-config-1.0.1.jar:/home/user/.m2/repository/org/apache/kerby/kerb-core/1.0.1/kerb-core-1.0.1.jar:/home/user/.m2/repository/org/apache/kerby/kerby-pkix/1.0.1/kerby-pkix-1.0.1.jar:/home/user/.m2/repository/org/apache/kerby/kerby-asn1/1.0.1/kerby-asn1-1.0.1.jar:/home/user/.m2/repository/org/apache/kerby/kerby-util/1.0.1/kerby-util-1.0.1.jar:/home/user/.m2/repository/org/apache/kerby/kerb-common/1.0.1/kerb-common-1.0.1.jar:/home/user/.m2/repository/org/apache/kerby/kerb-crypto/1.0.1/kerb-crypto-1.0.1.jar:/home/user/.m2/repository/org/apache/kerby/kerb-util/1.0.1/kerb-util-1.0.1.jar:/home/user/.m2/repository/org/apache/kerby/token-provider/1.0.1/token-provider-1.0.1.jar:/home/user/.m2/repository/org/apache/kerby/kerb-admin/1.0.1/kerb-admin-1.0.1.jar:/home/user/.m2/repository/org/apache/kerby/kerb-server/1.0.1/kerb-server-1.0.1.jar:/home/user/.m2/repository/org/apache/kerby/kerb-identity/1.0.1/kerb-identity-1.0.1.jar:/home/user/.m2/repository/org/apache/kerby/kerby-xdr/1.0.1/kerby-xdr-1.0.1.jar:/home/user/.m2/repository/org/slf4j/slf4j-log4j12/1.7.25/slf4j-log4j12-1.7.25.jar:/home/user/.m2/repository/org/apache/hadoop/hadoop-ozone-s3gateway/0.5.0-SNAPSHOT/hadoop-ozone-s3gateway-0.5.0-SNAPSHOT.jar:/home/user/.m2/repository/org/jboss/weld/servlet/weld-servlet/2.4.7.Final/weld-servlet-2.4.7.Final.jar:/home/user/.m2/repository/org/glassfish/jersey/containers/jersey-container-servlet-core/2.27/jersey-container-servlet-core-2.27.jar:/home/user/.m2/repository/org/glassfish/hk2/external/javax.inject/2.5.0-b42/javax.inject-2.5.0-b42.jar:/home/user/.m2/repository/org/glassfish/jersey/core/jersey-common/2.27/jersey-common-2.27.jar:/home/user/.m2/repository/org/glassfish/hk2/osgi-resource-locator/1.0.1/osgi-resource-locator-1.0.1.jar:/home/user/.m2/repository/javax/ws/rs/javax.ws.rs-api/2.1/javax.ws.rs-api-2.1.jar:/home/user/.m2/repository/org/glassfish/jersey/ext/cdi/jersey-cdi1x/2.27/jersey-cdi1x-2.27.jar:/home/user/.m2/repository/org/glassfish/jersey/inject/jersey-hk2/2.27/jersey-hk2-2.27.jar:/home/user/.m2/repository/org/glassfish/hk2/hk2-locator/2.5.0-b42/hk2-locator-2.5.0-b42.jar:/home/user/.m2/repository/org/javassist/javassist/3.22.0-CR2/javassist-3.22.0-CR2.jar:/home/user/.m2/repository/org/glassfish/hk2/hk2-api/2.5.0/hk2-api-2.5.0.jar:/home/user/.m2/repository/org/glassfish/hk2/external/jakarta.inject/2.5.0/jakarta.inject-2.5.0.jar:/home/user/.m2/repository/org/glassfish/hk2/hk2-utils/2.5.0/hk2-utils-2.5.0.jar:/home/user/.m2/repository/jakarta/annotation/jakarta.annotation-api/1.3.4/jakarta.annotation-api-1.3.4.jar:/home/user/.m2/repository/org/glassfish/hk2/external/aopalliance-repackaged/2.5.0/aopalliance-repackaged-2.5.0.jar:/home/user/.m2/repository/com/fasterxml/jackson/dataformat/jackson-dataformat-xml/2.9.0/jackson-dataformat-xml-2.9.0.jar:/home/user/.m2/repository/com/fasterxml/jackson/core/jackson-core/2.9.9/jackson-core-2.9.9.jar:/home/user/.m2/repository/com/fasterxml/jackson/module/jackson-module-jaxb-annotations/2.9.9/jackson-module-jaxb-annotations-2.9.9.jar:/home/user/.m2/repository/javax/enterprise/cdi-api/1.2/cdi-api-1.2.jar:/home/user/.m2/repository/javax/el/javax.el-api/3.0.0/javax.el-api-3.0.0.jar:/home/user/.m2/repository/javax/interceptor/javax.interceptor-api/1.2/javax.interceptor-api-1.2.jar:/home/user/.m2/repository/javax/inject/javax.inject/1/javax.inject-1.jar:/home/user/.m2/repository/com/sun/xml/bind/jaxb-impl/2.3.0.1/jaxb-impl-2.3.0.1.jar:/home/user/.m2/repository/com/sun/xml/bind/jaxb-core/2.3.0.1/jaxb-core-2.3.0.1.jar:/home/user/.m2/repository/javax/xml/bind/jaxb-api/2.3.0/jaxb-api-2.3.0.jar:/home/user/.m2/repository/javax/activation/activation/1.1.1/activation-1.1.1.jar:/home/user/.m2/repository/org/apache/hadoop/hadoop-ozone-csi/0.5.0-SNAPSHOT/hadoop-ozone-csi-0.5.0-SNAPSHOT.jar:/home/user/.m2/repository/com/google/protobuf/protobuf-java-util/3.5.1/protobuf-java-util-3.5.1.jar:/home/user/.m2/repository/org/apache/hadoop/hadoop-hdds-config/0.5.0-SNAPSHOT/hadoop-hdds-config-0.5.0-SNAPSHOT.jar:/home/user/.m2/repository/io/grpc/grpc-netty/1.17.1/grpc-netty-1.17.1.jar:/home/user/.m2/repository/io/grpc/grpc-core/1.17.1/grpc-core-1.17.1.jar:/home/user/.m2/repository/io/grpc/grpc-context/1.17.1/grpc-context-1.17.1.jar:/home/user/.m2/repository/com/google/errorprone/error_prone_annotations/2.2.0/error_prone_annotations-2.2.0.jar:/home/user/.m2/repository/org/codehaus/mojo/animal-sniffer-annotations/1.17/animal-sniffer-annotations-1.17.jar:/home/user/.m2/repository/io/opencensus/opencensus-api/0.17.0/opencensus-api-0.17.0.jar:/home/user/.m2/repository/io/opencensus/opencensus-contrib-grpc-metrics/0.17.0/opencensus-contrib-grpc-metrics-0.17.0.jar:/home/user/.m2/repository/io/netty/netty-codec-http2/4.1.30.Final/netty-codec-http2-4.1.30.Final.jar:/home/user/.m2/repository/io/netty/netty-codec-http/4.1.30.Final/netty-codec-http-4.1.30.Final.jar:/home/user/.m2/repository/io/netty/netty-codec/4.1.30.Final/netty-codec-4.1.30.Final.jar:/home/user/.m2/repository/io/netty/netty-handler/4.1.30.Final/netty-handler-4.1.30.Final.jar:/home/user/.m2/repository/io/netty/netty-handler-proxy/4.1.30.Final/netty-handler-proxy-4.1.30.Final.jar:/home/user/.m2/repository/io/netty/netty-codec-socks/4.1.30.Final/netty-codec-socks-4.1.30.Final.jar:/home/user/.m2/repository/io/netty/netty-transport-native-epoll/4.1.30.Final/netty-transport-native-epoll-4.1.30.Final.jar:/home/user/.m2/repository/io/netty/netty-common/4.1.30.Final/netty-common-4.1.30.Final.jar:/home/user/.m2/repository/io/netty/netty-buffer/4.1.30.Final/netty-buffer-4.1.30.Final.jar:/home/user/.m2/repository/io/netty/netty-transport/4.1.30.Final/netty-transport-4.1.30.Final.jar:/home/user/.m2/repository/io/netty/netty-resolver/4.1.30.Final/netty-resolver-4.1.30.Final.jar:/home/user/.m2/repository/io/netty/netty-transport-native-unix-common/4.1.30.Final/netty-transport-native-unix-common-4.1.30.Final.jar:/home/user/.m2/repository/io/grpc/grpc-protobuf/1.17.1/grpc-protobuf-1.17.1.jar:/home/user/.m2/repository/com/google/api/grpc/proto-google-common-protos/1.0.0/proto-google-common-protos-1.0.0.jar:/home/user/.m2/repository/io/grpc/grpc-protobuf-lite/1.17.1/grpc-protobuf-lite-1.17.1.jar:/home/user/.m2/repository/io/grpc/grpc-stub/1.17.1/grpc-stub-1.17.1.jar:/home/user/.m2/repository/org/apache/hadoop/hadoop-ozone-recon/0.5.0-SNAPSHOT/hadoop-ozone-recon-0.5.0-SNAPSHOT.jar:/home/user/.m2/repository/org/apache/hadoop/hadoop-ozone-reconcodegen/0.5.0-SNAPSHOT/hadoop-ozone-reconcodegen-0.5.0-SNAPSHOT.jar:/home/user/.m2/repository/com/google/inject/extensions/guice-multibindings/4.0/guice-multibindings-4.0.jar:/home/user/.m2/repository/com/google/inject/guice/4.0/guice-4.0.jar:/home/user/.m2/repository/aopalliance/aopalliance/1.0/aopalliance-1.0.jar:/home/user/.m2/repository/com/google/inject/extensions/guice-servlet/4.0/guice-servlet-4.0.jar:/home/user/.m2/repository/org/glassfish/jersey/containers/jersey-container-servlet/2.27/jersey-container-servlet-2.27.jar:/home/user/.m2/repository/org/glassfish/hk2/guice-bridge/2.5.0/guice-bridge-2.5.0.jar:/home/user/.m2/repository/org/glassfish/jersey/core/jersey-server/2.27/jersey-server-2.27.jar:/home/user/.m2/repository/org/glassfish/jersey/core/jersey-client/2.27/jersey-client-2.27.jar:/home/user/.m2/repository/org/glassfish/jersey/media/jersey-media-jaxb/2.27/jersey-media-jaxb-2.27.jar:/home/user/.m2/repository/javax/validation/validation-api/1.1.0.Final/validation-api-1.1.0.Final.jar:/home/user/.m2/repository/org/glassfish/jersey/media/jersey-media-json-jackson/2.27/jersey-media-json-jackson-2.27.jar:/home/user/.m2/repository/org/glassfish/jersey/ext/jersey-entity-filtering/2.27/jersey-entity-filtering-2.27.jar:/home/user/.m2/repository/com/google/inject/extensions/guice-assistedinject/4.0/guice-assistedinject-4.0.jar:/home/user/.m2/repository/org/jooq/jooq/3.11.10/jooq-3.11.10.jar:/home/user/.m2/repository/org/jooq/jooq-meta/3.11.10/jooq-meta-3.11.10.jar:/home/user/.m2/repository/org/jooq/jooq-codegen/3.11.10/jooq-codegen-3.11.10.jar:/home/user/.m2/repository/com/jolbox/bonecp/0.8.0.RELEASE/bonecp-0.8.0.RELEASE.jar:/home/user/.m2/repository/org/xerial/sqlite-jdbc/3.25.2/sqlite-jdbc-3.25.2.jar:/home/user/.m2/repository/org/springframework/spring-jdbc/5.1.3.RELEASE/spring-jdbc-5.1.3.RELEASE.jar:/home/user/.m2/repository/org/springframework/spring-beans/5.1.3.RELEASE/spring-beans-5.1.3.RELEASE.jar:/home/user/.m2/repository/org/springframework/spring-core/5.1.3.RELEASE/spring-core-5.1.3.RELEASE.jar:/home/user/.m2/repository/org/springframework/spring-jcl/5.1.3.RELEASE/spring-jcl-5.1.3.RELEASE.jar:/home/user/.m2/repository/org/springframework/spring-tx/5.1.3.RELEASE/spring-tx-5.1.3.RELEASE.jar:/home/user/.m2/repository/org/apache/hadoop/hadoop-ozone-client/0.5.0-SNAPSHOT/hadoop-ozone-client-0.5.0-SNAPSHOT.jar:/home/user/.m2/repository/commons-lang/commons-lang/2.6/commons-lang-2.6.jar:/home/user/.m2/repository/org/apache/hadoop/hadoop-ozone-ozone-manager/0.5.0-SNAPSHOT/hadoop-ozone-ozone-manager-0.5.0-SNAPSHOT-tests.jar:/home/user/.m2/repository/junit/junit/4.11/junit-4.11.jar:/home/user/.m2/repository/org/hamcrest/hamcrest-core/1.3/hamcrest-core-1.3.jar:/home/user/.m2/repository/org/openjdk/jmh/jmh-core/1.19/jmh-core-1.19.jar:/home/user/.m2/repository/net/sf/jopt-simple/jopt-simple/4.6/jopt-simple-4.6.jar:/home/user/.m2/repository/org/apache/commons/commons-math3/3.1.1/commons-math3-3.1.1.jar:/home/user/.m2/repository/org/openjdk/jmh/jmh-generator-annprocess/1.19/jmh-generator-annprocess-1.19.jar:/home/user/.m2/repository/org/mockito/mockito-all/1.8.5/mockito-all-1.8.5.jar:/home/user/.m2/repository/org/apache/hadoop/hadoop-kms/3.2.0/hadoop-kms-3.2.0.jar:/home/user/.m2/repository/org/apache/hadoop/hadoop-auth/3.2.0/hadoop-auth-3.2.0.jar:/home/user/.m2/repository/com/nimbusds/nimbus-jose-jwt/4.41.1/nimbus-jose-jwt-4.41.1.jar:/home/user/.m2/repository/com/github/stephenc/jcip/jcip-annotations/1.0-1/jcip-annotations-1.0-1.jar:/home/user/.m2/repository/net/minidev/json-smart/2.3/json-smart-2.3.jar:/home/user/.m2/repository/net/minidev/accessors-smart/1.2/accessors-smart-1.2.jar:/home/user/.m2/repository/org/ow2/asm/asm/5.0.4/asm-5.0.4.jar:/home/user/.m2/repository/org/apache/curator/curator-framework/2.12.0/curator-framework-2.12.0.jar:/home/user/.m2/repository/com/sun/jersey/jersey-core/1.19/jersey-core-1.19.jar:/home/user/.m2/repository/javax/ws/rs/jsr311-api/1.1.1/jsr311-api-1.1.1.jar:/home/user/.m2/repository/com/sun/jersey/jersey-server/1.19/jersey-server-1.19.jar:/home/user/.m2/repository/javax/servlet/javax.servlet-api/3.1.0/javax.servlet-api-3.1.0.jar:/home/user/.m2/repository/org/eclipse/jetty/jetty-server/9.3.25.v20180904/jetty-server-9.3.25.v20180904.jar:/home/user/.m2/repository/org/eclipse/jetty/jetty-http/9.3.25.v20180904/jetty-http-9.3.25.v20180904.jar:/home/user/.m2/repository/org/eclipse/jetty/jetty-io/9.3.25.v20180904/jetty-io-9.3.25.v20180904.jar:/home/user/.m2/repository/org/eclipse/jetty/jetty-webapp/9.3.25.v20180904/jetty-webapp-9.3.25.v20180904.jar:/home/user/.m2/repository/org/eclipse/jetty/jetty-xml/9.3.25.v20180904/jetty-xml-9.3.25.v20180904.jar:/home/user/.m2/repository/log4j/log4j/1.2.17/log4j-1.2.17.jar:/home/user/.m2/repository/org/slf4j/slf4j-api/1.7.25/slf4j-api-1.7.25.jar:/home/user/.m2/repository/org/slf4j/jul-to-slf4j/1.7.25/jul-to-slf4j-1.7.25.jar:/home/user/.m2/repository/org/eclipse/jetty/jetty-util/9.3.25.v20180904/jetty-util-9.3.25.v20180904.jar:/home/user/.m2/repository/com/fasterxml/jackson/core/jackson-databind/2.9.9/jackson-databind-2.9.9.jar:/home/user/.m2/repository/org/apache/hadoop/hadoop-kms/3.2.0/hadoop-kms-3.2.0-tests.jar:/home/user/.m2/repository/org/apache/hadoop/hadoop-hdds-server-scm/0.5.0-SNAPSHOT/hadoop-hdds-server-scm-0.5.0-SNAPSHOT-tests.jar:/home/user/.m2/repository/org/apache/hadoop/hadoop-hdds-container-service/0.5.0-SNAPSHOT/hadoop-hdds-container-service-0.5.0-SNAPSHOT-tests.jar:/home/user/.m2/repository/org/yaml/snakeyaml/1.16/snakeyaml-1.16.jar:/home/user/.m2/repository/org/apache/hadoop/hadoop-common/3.2.0/hadoop-common-3.2.0-tests.jar:/home/user/.m2/repository/org/apache/hadoop/hadoop-annotations/3.2.0/hadoop-annotations-3.2.0.jar:/usr/lib/jvm/java-1.8-openjdk/jre/../lib/tools.jar:/home/user/.m2/repository/commons-cli/commons-cli/1.2/commons-cli-1.2.jar:/home/user/.m2/repository/org/apache/httpcomponents/httpclient/4.5.2/httpclient-4.5.2.jar:/home/user/.m2/repository/org/apache/httpcomponents/httpcore/4.4.4/httpcore-4.4.4.jar:/home/user/.m2/repository/commons-codec/commons-codec/1.11/commons-codec-1.11.jar:/home/user/.m2/repository/commons-net/commons-net/3.6/commons-net-3.6.jar:/home/user/.m2/repository/commons-collections/commons-collections/3.2.2/commons-collections-3.2.2.jar:/home/user/.m2/repository/org/eclipse/jetty/jetty-servlet/9.3.25.v20180904/jetty-servlet-9.3.25.v20180904.jar:/home/user/.m2/repository/org/eclipse/jetty/jetty-security/9.3.25.v20180904/jetty-security-9.3.25.v20180904.jar:/home/user/.m2/repository/javax/servlet/jsp/jsp-api/2.1/jsp-api-2.1.jar:/home/user/.m2/repository/com/sun/jersey/jersey-servlet/1.19/jersey-servlet-1.19.jar:/home/user/.m2/repository/com/sun/jersey/jersey-json/1.19/jersey-json-1.19.jar:/home/user/.m2/repository/org/codehaus/jettison/jettison/1.1/jettison-1.1.jar:/home/user/.m2/repository/org/codehaus/jackson/jackson-core-asl/1.9.13/jackson-core-asl-1.9.13.jar:/home/user/.m2/repository/org/codehaus/jackson/jackson-mapper-asl/1.9.13/jackson-mapper-asl-1.9.13.jar:/home/user/.m2/repository/org/codehaus/jackson/jackson-jaxrs/1.9.13/jackson-jaxrs-1.9.13.jar:/home/user/.m2/repository/org/codehaus/jackson/jackson-xc/1.9.13/jackson-xc-1.9.13.jar:/home/user/.m2/repository/commons-logging/commons-logging/1.1.3/commons-logging-1.1.3.jar:/home/user/.m2/repository/commons-beanutils/commons-beanutils/1.9.4/commons-beanutils-1.9.4.jar:/home/user/.m2/repository/org/apache/commons/commons-configuration2/2.1.1/commons-configuration2-2.1.1.jar:/home/user/.m2/repository/org/apache/commons/commons-lang3/3.7/commons-lang3-3.7.jar:/home/user/.m2/repository/org/apache/commons/commons-text/1.4/commons-text-1.4.jar:/home/user/.m2/repository/org/apache/avro/avro/1.7.7/avro-1.7.7.jar:/home/user/.m2/repository/com/thoughtworks/paranamer/paranamer/2.3/paranamer-2.3.jar:/home/user/.m2/repository/org/xerial/snappy/snappy-java/1.0.5/snappy-java-1.0.5.jar:/home/user/.m2/repository/com/google/re2j/re2j/1.1/re2j-1.1.jar:/home/user/.m2/repository/com/google/code/gson/gson/2.2.4/gson-2.2.4.jar:/home/user/.m2/repository/com/jcraft/jsch/0.1.54/jsch-0.1.54.jar:/home/user/.m2/repository/org/apache/curator/curator-client/2.12.0/curator-client-2.12.0.jar:/home/user/.m2/repository/org/apache/curator/curator-recipes/2.12.0/curator-recipes-2.12.0.jar:/home/user/.m2/repository/com/google/code/findbugs/jsr305/3.0.0/jsr305-3.0.0.jar:/home/user/.m2/repository/org/apache/htrace/htrace-core4/4.1.0-incubating/htrace-core4-4.1.0-incubating.jar:/home/user/.m2/repository/org/apache/zookeeper/zookeeper/3.4.13/zookeeper-3.4.13.jar:/home/user/.m2/repository/jline/jline/0.9.94/jline-0.9.94.jar:/home/user/.m2/repository/org/apache/yetus/audience-annotations/0.5.0/audience-annotations-0.5.0.jar:/home/user/.m2/repository/org/codehaus/woodstox/stax2-api/3.1.4/stax2-api-3.1.4.jar:/home/user/.m2/repository/com/fasterxml/woodstox/woodstox-core/5.0.3/woodstox-core-5.0.3.jar:/home/user/.m2/repository/dnsjava/dnsjava/2.1.7/dnsjava-2.1.7.jar:/home/user/.m2/repository/org/apache/hadoop/hadoop-hdfs/3.2.0/hadoop-hdfs-3.2.0-tests.jar:/home/user/.m2/repository/org/eclipse/jetty/jetty-util-ajax/9.3.25.v20180904/jetty-util-ajax-9.3.25.v20180904.jar:/home/user/.m2/repository/commons-daemon/commons-daemon/1.0.13/commons-daemon-1.0.13.jar:/home/user/.m2/repository/io/netty/netty/3.10.5.Final/netty-3.10.5.Final.jar:/home/user/.m2/repository/io/netty/netty-all/4.0.52.Final/netty-all-4.0.52.Final.jar:/home/user/.m2/repository/org/fusesource/leveldbjni/leveldbjni-all/1.8/leveldbjni-all-1.8.jar:"/>
    <property name="java.vm.vendor" value="IcedTea"/>
    <property name="sun.arch.data.model" value="64"/>
    <property name="test.build.dir" value="/workdir/hadoop-ozone/integration-test/target/test-dir"/>
    <property name="test.cache.data" value=""/>
    <property name="java.vendor.url" value="https://icedtea.classpath.org"/>
    <property name="user.timezone" value=""/>
    <property name="java.vm.specification.version" value="1.8"/>
    <property name="os.name" value="Linux"/>
    <property name="test.build.data" value="/workdir/hadoop-ozone/integration-test/target/test-dir"/>
    <property name="user.country" value="US"/>
    <property name="sun.java.launcher" value="SUN_STANDARD"/>
    <property name="sun.boot.library.path" value="/usr/lib/jvm/java-1.8-openjdk/jre/lib/amd64"/>
    <property name="sun.java.command" value="/workdir/hadoop-ozone/integration-test/target/surefire/surefirebooter5000420144773166834.jar /workdir/hadoop-ozone/integration-test/target/surefire 2019-09-26T15-34-27_911-jvmRun1 surefire6614569474432776936tmp surefire_663363077014670590390tmp"/>
    <property name="test" value="!TestMiniChaosOzoneCluster"/>
    <property name="surefire.test.class.path" value="/workdir/hadoop-ozone/integration-test/target/test-classes:/workdir/hadoop-ozone/integration-test/target/classes:/home/user/.m2/repository/org/apache/hadoop/hadoop-ozone-common/0.5.0-SNAPSHOT/hadoop-ozone-common-0.5.0-SNAPSHOT.jar:/home/user/.m2/repository/org/apache/commons/commons-compress/1.4.1/commons-compress-1.4.1.jar:/home/user/.m2/repository/org/tukaani/xz/1.0/xz-1.0.jar:/home/user/.m2/repository/org/apache/hadoop/hadoop-common/3.2.0/hadoop-common-3.2.0.jar:/home/user/.m2/repository/org/apache/hadoop/hadoop-hdfs/3.2.0/hadoop-hdfs-3.2.0.jar:/home/user/.m2/repository/org/apache/hadoop/hadoop-hdfs-client/3.2.0/hadoop-hdfs-client-3.2.0.jar:/home/user/.m2/repository/com/fasterxml/jackson/core/jackson-annotations/2.9.9/jackson-annotations-2.9.9.jar:/home/user/.m2/repository/org/apache/hadoop/hadoop-hdds-common/0.5.0-SNAPSHOT/hadoop-hdds-common-0.5.0-SNAPSHOT.jar:/home/user/.m2/repository/javax/annotation/javax.annotation-api/1.2/javax.annotation-api-1.2.jar:/home/user/.m2/repository/org/apache/ratis/ratis-server/0.4.0/ratis-server-0.4.0.jar:/home/user/.m2/repository/org/apache/ratis/ratis-thirdparty-misc/0.2.0/ratis-thirdparty-misc-0.2.0.jar:/home/user/.m2/repository/org/apache/ratis/ratis-proto/0.4.0/ratis-proto-0.4.0.jar:/home/user/.m2/repository/org/apache/ratis/ratis-common/0.4.0/ratis-common-0.4.0.jar:/home/user/.m2/repository/org/apache/ratis/ratis-client/0.4.0/ratis-client-0.4.0.jar:/home/user/.m2/repository/org/apache/ratis/ratis-metrics/0.4.0/ratis-metrics-0.4.0.jar:/home/user/.m2/repository/com/github/joshelser/dropwizard-metrics-hadoop-metrics2-reporter/0.1.2/dropwizard-metrics-hadoop-metrics2-reporter-0.1.2.jar:/home/user/.m2/repository/io/dropwizard/metrics/metrics-jvm/3.2.5/metrics-jvm-3.2.5.jar:/home/user/.m2/repository/io/dropwizard/metrics/metrics-ganglia/3.2.5/metrics-ganglia-3.2.5.jar:/home/user/.m2/repository/info/ganglia/gmetric4j/gmetric4j/1.0.7/gmetric4j-1.0.7.jar:/home/user/.m2/repository/org/apache/ratis/ratis-netty/0.4.0/ratis-netty-0.4.0.jar:/home/user/.m2/repository/org/apache/ratis/ratis-grpc/0.4.0/ratis-grpc-0.4.0.jar:/home/user/.m2/repository/org/rocksdb/rocksdbjni/6.0.1/rocksdbjni-6.0.1.jar:/home/user/.m2/repository/org/apache/logging/log4j/log4j-api/2.11.0/log4j-api-2.11.0.jar:/home/user/.m2/repository/org/apache/logging/log4j/log4j-core/2.11.0/log4j-core-2.11.0.jar:/home/user/.m2/repository/com/lmax/disruptor/3.4.2/disruptor-3.4.2.jar:/home/user/.m2/repository/org/apache/commons/commons-pool2/2.6.0/commons-pool2-2.6.0.jar:/home/user/.m2/repository/org/bouncycastle/bcpkix-jdk15on/1.60/bcpkix-jdk15on-1.60.jar:/home/user/.m2/repository/commons-validator/commons-validator/1.6/commons-validator-1.6.jar:/home/user/.m2/repository/commons-digester/commons-digester/1.8.1/commons-digester-1.8.1.jar:/home/user/.m2/repository/io/jaegertracing/jaeger-client/0.34.0/jaeger-client-0.34.0.jar:/home/user/.m2/repository/io/jaegertracing/jaeger-thrift/0.34.0/jaeger-thrift-0.34.0.jar:/home/user/.m2/repository/org/apache/thrift/libthrift/0.12.0/libthrift-0.12.0.jar:/home/user/.m2/repository/com/squareup/okhttp3/okhttp/3.9.0/okhttp-3.9.0.jar:/home/user/.m2/repository/com/squareup/okio/okio/1.13.0/okio-1.13.0.jar:/home/user/.m2/repository/io/jaegertracing/jaeger-core/0.34.0/jaeger-core-0.34.0.jar:/home/user/.m2/repository/io/jaegertracing/jaeger-tracerresolver/0.34.0/jaeger-tracerresolver-0.34.0.jar:/home/user/.m2/repository/io/opentracing/contrib/opentracing-tracerresolver/0.1.5/opentracing-tracerresolver-0.1.5.jar:/home/user/.m2/repository/io/opentracing/opentracing-util/0.31.0/opentracing-util-0.31.0.jar:/home/user/.m2/repository/io/opentracing/opentracing-api/0.31.0/opentracing-api-0.31.0.jar:/home/user/.m2/repository/io/opentracing/opentracing-noop/0.31.0/opentracing-noop-0.31.0.jar:/home/user/.m2/repository/org/apache/hadoop/hadoop-hdds-server-framework/0.5.0-SNAPSHOT/hadoop-hdds-server-framework-0.5.0-SNAPSHOT.jar:/home/user/.m2/repository/org/apache/hadoop/hadoop-hdds-container-service/0.5.0-SNAPSHOT/hadoop-hdds-container-service-0.5.0-SNAPSHOT.jar:/home/user/.m2/repository/org/apache/hadoop/hadoop-hdds-client/0.5.0-SNAPSHOT/hadoop-hdds-client-0.5.0-SNAPSHOT.jar:/home/user/.m2/repository/org/apache/hadoop/hadoop-hdds-tools/0.5.0-SNAPSHOT/hadoop-hdds-tools-0.5.0-SNAPSHOT.jar:/home/user/.m2/repository/org/apache/hadoop/hadoop-hdds-server-scm/0.5.0-SNAPSHOT/hadoop-hdds-server-scm-0.5.0-SNAPSHOT.jar:/home/user/.m2/repository/org/apache/hadoop/hadoop-hdds-docs/0.5.0-SNAPSHOT/hadoop-hdds-docs-0.5.0-SNAPSHOT.jar:/home/user/.m2/repository/io/dropwizard/metrics/metrics-core/3.2.4/metrics-core-3.2.4.jar:/home/user/.m2/repository/org/hamcrest/hamcrest-all/1.3/hamcrest-all-1.3.jar:/home/user/.m2/repository/org/bouncycastle/bcprov-jdk15on/1.60/bcprov-jdk15on-1.60.jar:/home/user/.m2/repository/info/picocli/picocli/3.9.6/picocli-3.9.6.jar:/home/user/.m2/repository/com/google/protobuf/protobuf-java/2.5.0/protobuf-java-2.5.0.jar:/home/user/.m2/repository/com/google/guava/guava/11.0.2/guava-11.0.2.jar:/home/user/.m2/repository/org/apache/hadoop/hadoop-ozone-ozone-manager/0.5.0-SNAPSHOT/hadoop-ozone-ozone-manager-0.5.0-SNAPSHOT.jar:/home/user/.m2/repository/org/apache/hadoop/hadoop-minikdc/3.2.0/hadoop-minikdc-3.2.0.jar:/home/user/.m2/repository/commons-io/commons-io/2.5/commons-io-2.5.jar:/home/user/.m2/repository/org/apache/kerby/kerb-simplekdc/1.0.1/kerb-simplekdc-1.0.1.jar:/home/user/.m2/repository/org/apache/kerby/kerb-client/1.0.1/kerb-client-1.0.1.jar:/home/user/.m2/repository/org/apache/kerby/kerby-config/1.0.1/kerby-config-1.0.1.jar:/home/user/.m2/repository/org/apache/kerby/kerb-core/1.0.1/kerb-core-1.0.1.jar:/home/user/.m2/repository/org/apache/kerby/kerby-pkix/1.0.1/kerby-pkix-1.0.1.jar:/home/user/.m2/repository/org/apache/kerby/kerby-asn1/1.0.1/kerby-asn1-1.0.1.jar:/home/user/.m2/repository/org/apache/kerby/kerby-util/1.0.1/kerby-util-1.0.1.jar:/home/user/.m2/repository/org/apache/kerby/kerb-common/1.0.1/kerb-common-1.0.1.jar:/home/user/.m2/repository/org/apache/kerby/kerb-crypto/1.0.1/kerb-crypto-1.0.1.jar:/home/user/.m2/repository/org/apache/kerby/kerb-util/1.0.1/kerb-util-1.0.1.jar:/home/user/.m2/repository/org/apache/kerby/token-provider/1.0.1/token-provider-1.0.1.jar:/home/user/.m2/repository/org/apache/kerby/kerb-admin/1.0.1/kerb-admin-1.0.1.jar:/home/user/.m2/repository/org/apache/kerby/kerb-server/1.0.1/kerb-server-1.0.1.jar:/home/user/.m2/repository/org/apache/kerby/kerb-identity/1.0.1/kerb-identity-1.0.1.jar:/home/user/.m2/repository/org/apache/kerby/kerby-xdr/1.0.1/kerby-xdr-1.0.1.jar:/home/user/.m2/repository/org/slf4j/slf4j-log4j12/1.7.25/slf4j-log4j12-1.7.25.jar:/home/user/.m2/repository/org/apache/hadoop/hadoop-ozone-s3gateway/0.5.0-SNAPSHOT/hadoop-ozone-s3gateway-0.5.0-SNAPSHOT.jar:/home/user/.m2/repository/org/jboss/weld/servlet/weld-servlet/2.4.7.Final/weld-servlet-2.4.7.Final.jar:/home/user/.m2/repository/org/glassfish/jersey/containers/jersey-container-servlet-core/2.27/jersey-container-servlet-core-2.27.jar:/home/user/.m2/repository/org/glassfish/hk2/external/javax.inject/2.5.0-b42/javax.inject-2.5.0-b42.jar:/home/user/.m2/repository/org/glassfish/jersey/core/jersey-common/2.27/jersey-common-2.27.jar:/home/user/.m2/repository/org/glassfish/hk2/osgi-resource-locator/1.0.1/osgi-resource-locator-1.0.1.jar:/home/user/.m2/repository/javax/ws/rs/javax.ws.rs-api/2.1/javax.ws.rs-api-2.1.jar:/home/user/.m2/repository/org/glassfish/jersey/ext/cdi/jersey-cdi1x/2.27/jersey-cdi1x-2.27.jar:/home/user/.m2/repository/org/glassfish/jersey/inject/jersey-hk2/2.27/jersey-hk2-2.27.jar:/home/user/.m2/repository/org/glassfish/hk2/hk2-locator/2.5.0-b42/hk2-locator-2.5.0-b42.jar:/home/user/.m2/repository/org/javassist/javassist/3.22.0-CR2/javassist-3.22.0-CR2.jar:/home/user/.m2/repository/org/glassfish/hk2/hk2-api/2.5.0/hk2-api-2.5.0.jar:/home/user/.m2/repository/org/glassfish/hk2/external/jakarta.inject/2.5.0/jakarta.inject-2.5.0.jar:/home/user/.m2/repository/org/glassfish/hk2/hk2-utils/2.5.0/hk2-utils-2.5.0.jar:/home/user/.m2/repository/jakarta/annotation/jakarta.annotation-api/1.3.4/jakarta.annotation-api-1.3.4.jar:/home/user/.m2/repository/org/glassfish/hk2/external/aopalliance-repackaged/2.5.0/aopalliance-repackaged-2.5.0.jar:/home/user/.m2/repository/com/fasterxml/jackson/dataformat/jackson-dataformat-xml/2.9.0/jackson-dataformat-xml-2.9.0.jar:/home/user/.m2/repository/com/fasterxml/jackson/core/jackson-core/2.9.9/jackson-core-2.9.9.jar:/home/user/.m2/repository/com/fasterxml/jackson/module/jackson-module-jaxb-annotations/2.9.9/jackson-module-jaxb-annotations-2.9.9.jar:/home/user/.m2/repository/javax/enterprise/cdi-api/1.2/cdi-api-1.2.jar:/home/user/.m2/repository/javax/el/javax.el-api/3.0.0/javax.el-api-3.0.0.jar:/home/user/.m2/repository/javax/interceptor/javax.interceptor-api/1.2/javax.interceptor-api-1.2.jar:/home/user/.m2/repository/javax/inject/javax.inject/1/javax.inject-1.jar:/home/user/.m2/repository/com/sun/xml/bind/jaxb-impl/2.3.0.1/jaxb-impl-2.3.0.1.jar:/home/user/.m2/repository/com/sun/xml/bind/jaxb-core/2.3.0.1/jaxb-core-2.3.0.1.jar:/home/user/.m2/repository/javax/xml/bind/jaxb-api/2.3.0/jaxb-api-2.3.0.jar:/home/user/.m2/repository/javax/activation/activation/1.1.1/activation-1.1.1.jar:/home/user/.m2/repository/org/apache/hadoop/hadoop-ozone-csi/0.5.0-SNAPSHOT/hadoop-ozone-csi-0.5.0-SNAPSHOT.jar:/home/user/.m2/repository/com/google/protobuf/protobuf-java-util/3.5.1/protobuf-java-util-3.5.1.jar:/home/user/.m2/repository/org/apache/hadoop/hadoop-hdds-config/0.5.0-SNAPSHOT/hadoop-hdds-config-0.5.0-SNAPSHOT.jar:/home/user/.m2/repository/io/grpc/grpc-netty/1.17.1/grpc-netty-1.17.1.jar:/home/user/.m2/repository/io/grpc/grpc-core/1.17.1/grpc-core-1.17.1.jar:/home/user/.m2/repository/io/grpc/grpc-context/1.17.1/grpc-context-1.17.1.jar:/home/user/.m2/repository/com/google/errorprone/error_prone_annotations/2.2.0/error_prone_annotations-2.2.0.jar:/home/user/.m2/repository/org/codehaus/mojo/animal-sniffer-annotations/1.17/animal-sniffer-annotations-1.17.jar:/home/user/.m2/repository/io/opencensus/opencensus-api/0.17.0/opencensus-api-0.17.0.jar:/home/user/.m2/repository/io/opencensus/opencensus-contrib-grpc-metrics/0.17.0/opencensus-contrib-grpc-metrics-0.17.0.jar:/home/user/.m2/repository/io/netty/netty-codec-http2/4.1.30.Final/netty-codec-http2-4.1.30.Final.jar:/home/user/.m2/repository/io/netty/netty-codec-http/4.1.30.Final/netty-codec-http-4.1.30.Final.jar:/home/user/.m2/repository/io/netty/netty-codec/4.1.30.Final/netty-codec-4.1.30.Final.jar:/home/user/.m2/repository/io/netty/netty-handler/4.1.30.Final/netty-handler-4.1.30.Final.jar:/home/user/.m2/repository/io/netty/netty-handler-proxy/4.1.30.Final/netty-handler-proxy-4.1.30.Final.jar:/home/user/.m2/repository/io/netty/netty-codec-socks/4.1.30.Final/netty-codec-socks-4.1.30.Final.jar:/home/user/.m2/repository/io/netty/netty-transport-native-epoll/4.1.30.Final/netty-transport-native-epoll-4.1.30.Final.jar:/home/user/.m2/repository/io/netty/netty-common/4.1.30.Final/netty-common-4.1.30.Final.jar:/home/user/.m2/repository/io/netty/netty-buffer/4.1.30.Final/netty-buffer-4.1.30.Final.jar:/home/user/.m2/repository/io/netty/netty-transport/4.1.30.Final/netty-transport-4.1.30.Final.jar:/home/user/.m2/repository/io/netty/netty-resolver/4.1.30.Final/netty-resolver-4.1.30.Final.jar:/home/user/.m2/repository/io/netty/netty-transport-native-unix-common/4.1.30.Final/netty-transport-native-unix-common-4.1.30.Final.jar:/home/user/.m2/repository/io/grpc/grpc-protobuf/1.17.1/grpc-protobuf-1.17.1.jar:/home/user/.m2/repository/com/google/api/grpc/proto-google-common-protos/1.0.0/proto-google-common-protos-1.0.0.jar:/home/user/.m2/repository/io/grpc/grpc-protobuf-lite/1.17.1/grpc-protobuf-lite-1.17.1.jar:/home/user/.m2/repository/io/grpc/grpc-stub/1.17.1/grpc-stub-1.17.1.jar:/home/user/.m2/repository/org/apache/hadoop/hadoop-ozone-recon/0.5.0-SNAPSHOT/hadoop-ozone-recon-0.5.0-SNAPSHOT.jar:/home/user/.m2/repository/org/apache/hadoop/hadoop-ozone-reconcodegen/0.5.0-SNAPSHOT/hadoop-ozone-reconcodegen-0.5.0-SNAPSHOT.jar:/home/user/.m2/repository/com/google/inject/extensions/guice-multibindings/4.0/guice-multibindings-4.0.jar:/home/user/.m2/repository/com/google/inject/guice/4.0/guice-4.0.jar:/home/user/.m2/repository/aopalliance/aopalliance/1.0/aopalliance-1.0.jar:/home/user/.m2/repository/com/google/inject/extensions/guice-servlet/4.0/guice-servlet-4.0.jar:/home/user/.m2/repository/org/glassfish/jersey/containers/jersey-container-servlet/2.27/jersey-container-servlet-2.27.jar:/home/user/.m2/repository/org/glassfish/hk2/guice-bridge/2.5.0/guice-bridge-2.5.0.jar:/home/user/.m2/repository/org/glassfish/jersey/core/jersey-server/2.27/jersey-server-2.27.jar:/home/user/.m2/repository/org/glassfish/jersey/core/jersey-client/2.27/jersey-client-2.27.jar:/home/user/.m2/repository/org/glassfish/jersey/media/jersey-media-jaxb/2.27/jersey-media-jaxb-2.27.jar:/home/user/.m2/repository/javax/validation/validation-api/1.1.0.Final/validation-api-1.1.0.Final.jar:/home/user/.m2/repository/org/glassfish/jersey/media/jersey-media-json-jackson/2.27/jersey-media-json-jackson-2.27.jar:/home/user/.m2/repository/org/glassfish/jersey/ext/jersey-entity-filtering/2.27/jersey-entity-filtering-2.27.jar:/home/user/.m2/repository/com/google/inject/extensions/guice-assistedinject/4.0/guice-assistedinject-4.0.jar:/home/user/.m2/repository/org/jooq/jooq/3.11.10/jooq-3.11.10.jar:/home/user/.m2/repository/org/jooq/jooq-meta/3.11.10/jooq-meta-3.11.10.jar:/home/user/.m2/repository/org/jooq/jooq-codegen/3.11.10/jooq-codegen-3.11.10.jar:/home/user/.m2/repository/com/jolbox/bonecp/0.8.0.RELEASE/bonecp-0.8.0.RELEASE.jar:/home/user/.m2/repository/org/xerial/sqlite-jdbc/3.25.2/sqlite-jdbc-3.25.2.jar:/home/user/.m2/repository/org/springframework/spring-jdbc/5.1.3.RELEASE/spring-jdbc-5.1.3.RELEASE.jar:/home/user/.m2/repository/org/springframework/spring-beans/5.1.3.RELEASE/spring-beans-5.1.3.RELEASE.jar:/home/user/.m2/repository/org/springframework/spring-core/5.1.3.RELEASE/spring-core-5.1.3.RELEASE.jar:/home/user/.m2/repository/org/springframework/spring-jcl/5.1.3.RELEASE/spring-jcl-5.1.3.RELEASE.jar:/home/user/.m2/repository/org/springframework/spring-tx/5.1.3.RELEASE/spring-tx-5.1.3.RELEASE.jar:/home/user/.m2/repository/org/apache/hadoop/hadoop-ozone-client/0.5.0-SNAPSHOT/hadoop-ozone-client-0.5.0-SNAPSHOT.jar:/home/user/.m2/repository/commons-lang/commons-lang/2.6/commons-lang-2.6.jar:/home/user/.m2/repository/org/apache/hadoop/hadoop-ozone-ozone-manager/0.5.0-SNAPSHOT/hadoop-ozone-ozone-manager-0.5.0-SNAPSHOT-tests.jar:/home/user/.m2/repository/junit/junit/4.11/junit-4.11.jar:/home/user/.m2/repository/org/hamcrest/hamcrest-core/1.3/hamcrest-core-1.3.jar:/home/user/.m2/repository/org/openjdk/jmh/jmh-core/1.19/jmh-core-1.19.jar:/home/user/.m2/repository/net/sf/jopt-simple/jopt-simple/4.6/jopt-simple-4.6.jar:/home/user/.m2/repository/org/apache/commons/commons-math3/3.1.1/commons-math3-3.1.1.jar:/home/user/.m2/repository/org/openjdk/jmh/jmh-generator-annprocess/1.19/jmh-generator-annprocess-1.19.jar:/home/user/.m2/repository/org/mockito/mockito-all/1.8.5/mockito-all-1.8.5.jar:/home/user/.m2/repository/org/apache/hadoop/hadoop-kms/3.2.0/hadoop-kms-3.2.0.jar:/home/user/.m2/repository/org/apache/hadoop/hadoop-auth/3.2.0/hadoop-auth-3.2.0.jar:/home/user/.m2/repository/com/nimbusds/nimbus-jose-jwt/4.41.1/nimbus-jose-jwt-4.41.1.jar:/home/user/.m2/repository/com/github/stephenc/jcip/jcip-annotations/1.0-1/jcip-annotations-1.0-1.jar:/home/user/.m2/repository/net/minidev/json-smart/2.3/json-smart-2.3.jar:/home/user/.m2/repository/net/minidev/accessors-smart/1.2/accessors-smart-1.2.jar:/home/user/.m2/repository/org/ow2/asm/asm/5.0.4/asm-5.0.4.jar:/home/user/.m2/repository/org/apache/curator/curator-framework/2.12.0/curator-framework-2.12.0.jar:/home/user/.m2/repository/com/sun/jersey/jersey-core/1.19/jersey-core-1.19.jar:/home/user/.m2/repository/javax/ws/rs/jsr311-api/1.1.1/jsr311-api-1.1.1.jar:/home/user/.m2/repository/com/sun/jersey/jersey-server/1.19/jersey-server-1.19.jar:/home/user/.m2/repository/javax/servlet/javax.servlet-api/3.1.0/javax.servlet-api-3.1.0.jar:/home/user/.m2/repository/org/eclipse/jetty/jetty-server/9.3.25.v20180904/jetty-server-9.3.25.v20180904.jar:/home/user/.m2/repository/org/eclipse/jetty/jetty-http/9.3.25.v20180904/jetty-http-9.3.25.v20180904.jar:/home/user/.m2/repository/org/eclipse/jetty/jetty-io/9.3.25.v20180904/jetty-io-9.3.25.v20180904.jar:/home/user/.m2/repository/org/eclipse/jetty/jetty-webapp/9.3.25.v20180904/jetty-webapp-9.3.25.v20180904.jar:/home/user/.m2/repository/org/eclipse/jetty/jetty-xml/9.3.25.v20180904/jetty-xml-9.3.25.v20180904.jar:/home/user/.m2/repository/log4j/log4j/1.2.17/log4j-1.2.17.jar:/home/user/.m2/repository/org/slf4j/slf4j-api/1.7.25/slf4j-api-1.7.25.jar:/home/user/.m2/repository/org/slf4j/jul-to-slf4j/1.7.25/jul-to-slf4j-1.7.25.jar:/home/user/.m2/repository/org/eclipse/jetty/jetty-util/9.3.25.v20180904/jetty-util-9.3.25.v20180904.jar:/home/user/.m2/repository/com/fasterxml/jackson/core/jackson-databind/2.9.9/jackson-databind-2.9.9.jar:/home/user/.m2/repository/org/apache/hadoop/hadoop-kms/3.2.0/hadoop-kms-3.2.0-tests.jar:/home/user/.m2/repository/org/apache/hadoop/hadoop-hdds-server-scm/0.5.0-SNAPSHOT/hadoop-hdds-server-scm-0.5.0-SNAPSHOT-tests.jar:/home/user/.m2/repository/org/apache/hadoop/hadoop-hdds-container-service/0.5.0-SNAPSHOT/hadoop-hdds-container-service-0.5.0-SNAPSHOT-tests.jar:/home/user/.m2/repository/org/yaml/snakeyaml/1.16/snakeyaml-1.16.jar:/home/user/.m2/repository/org/apache/hadoop/hadoop-common/3.2.0/hadoop-common-3.2.0-tests.jar:/home/user/.m2/repository/org/apache/hadoop/hadoop-annotations/3.2.0/hadoop-annotations-3.2.0.jar:/usr/lib/jvm/java-1.8-openjdk/jre/../lib/tools.jar:/home/user/.m2/repository/commons-cli/commons-cli/1.2/commons-cli-1.2.jar:/home/user/.m2/repository/org/apache/httpcomponents/httpclient/4.5.2/httpclient-4.5.2.jar:/home/user/.m2/repository/org/apache/httpcomponents/httpcore/4.4.4/httpcore-4.4.4.jar:/home/user/.m2/repository/commons-codec/commons-codec/1.11/commons-codec-1.11.jar:/home/user/.m2/repository/commons-net/commons-net/3.6/commons-net-3.6.jar:/home/user/.m2/repository/commons-collections/commons-collections/3.2.2/commons-collections-3.2.2.jar:/home/user/.m2/repository/org/eclipse/jetty/jetty-servlet/9.3.25.v20180904/jetty-servlet-9.3.25.v20180904.jar:/home/user/.m2/repository/org/eclipse/jetty/jetty-security/9.3.25.v20180904/jetty-security-9.3.25.v20180904.jar:/home/user/.m2/repository/javax/servlet/jsp/jsp-api/2.1/jsp-api-2.1.jar:/home/user/.m2/repository/com/sun/jersey/jersey-servlet/1.19/jersey-servlet-1.19.jar:/home/user/.m2/repository/com/sun/jersey/jersey-json/1.19/jersey-json-1.19.jar:/home/user/.m2/repository/org/codehaus/jettison/jettison/1.1/jettison-1.1.jar:/home/user/.m2/repository/org/codehaus/jackson/jackson-core-asl/1.9.13/jackson-core-asl-1.9.13.jar:/home/user/.m2/repository/org/codehaus/jackson/jackson-mapper-asl/1.9.13/jackson-mapper-asl-1.9.13.jar:/home/user/.m2/repository/org/codehaus/jackson/jackson-jaxrs/1.9.13/jackson-jaxrs-1.9.13.jar:/home/user/.m2/repository/org/codehaus/jackson/jackson-xc/1.9.13/jackson-xc-1.9.13.jar:/home/user/.m2/repository/commons-logging/commons-logging/1.1.3/commons-logging-1.1.3.jar:/home/user/.m2/repository/commons-beanutils/commons-beanutils/1.9.4/commons-beanutils-1.9.4.jar:/home/user/.m2/repository/org/apache/commons/commons-configuration2/2.1.1/commons-configuration2-2.1.1.jar:/home/user/.m2/repository/org/apache/commons/commons-lang3/3.7/commons-lang3-3.7.jar:/home/user/.m2/repository/org/apache/commons/commons-text/1.4/commons-text-1.4.jar:/home/user/.m2/repository/org/apache/avro/avro/1.7.7/avro-1.7.7.jar:/home/user/.m2/repository/com/thoughtworks/paranamer/paranamer/2.3/paranamer-2.3.jar:/home/user/.m2/repository/org/xerial/snappy/snappy-java/1.0.5/snappy-java-1.0.5.jar:/home/user/.m2/repository/com/google/re2j/re2j/1.1/re2j-1.1.jar:/home/user/.m2/repository/com/google/code/gson/gson/2.2.4/gson-2.2.4.jar:/home/user/.m2/repository/com/jcraft/jsch/0.1.54/jsch-0.1.54.jar:/home/user/.m2/repository/org/apache/curator/curator-client/2.12.0/curator-client-2.12.0.jar:/home/user/.m2/repository/org/apache/curator/curator-recipes/2.12.0/curator-recipes-2.12.0.jar:/home/user/.m2/repository/com/google/code/findbugs/jsr305/3.0.0/jsr305-3.0.0.jar:/home/user/.m2/repository/org/apache/htrace/htrace-core4/4.1.0-incubating/htrace-core4-4.1.0-incubating.jar:/home/user/.m2/repository/org/apache/zookeeper/zookeeper/3.4.13/zookeeper-3.4.13.jar:/home/user/.m2/repository/jline/jline/0.9.94/jline-0.9.94.jar:/home/user/.m2/repository/org/apache/yetus/audience-annotations/0.5.0/audience-annotations-0.5.0.jar:/home/user/.m2/repository/org/codehaus/woodstox/stax2-api/3.1.4/stax2-api-3.1.4.jar:/home/user/.m2/repository/com/fasterxml/woodstox/woodstox-core/5.0.3/woodstox-core-5.0.3.jar:/home/user/.m2/repository/dnsjava/dnsjava/2.1.7/dnsjava-2.1.7.jar:/home/user/.m2/repository/org/apache/hadoop/hadoop-hdfs/3.2.0/hadoop-hdfs-3.2.0-tests.jar:/home/user/.m2/repository/org/eclipse/jetty/jetty-util-ajax/9.3.25.v20180904/jetty-util-ajax-9.3.25.v20180904.jar:/home/user/.m2/repository/commons-daemon/commons-daemon/1.0.13/commons-daemon-1.0.13.jar:/home/user/.m2/repository/io/netty/netty/3.10.5.Final/netty-3.10.5.Final.jar:/home/user/.m2/repository/io/netty/netty-all/4.0.52.Final/netty-all-4.0.52.Final.jar:/home/user/.m2/repository/org/fusesource/leveldbjni/leveldbjni-all/1.8/leveldbjni-all-1.8.jar:"/>
    <property name="sun.cpu.endian" value="little"/>
    <property name="user.home" value="/home/user"/>
    <property name="user.language" value="en"/>
    <property name="java.specification.vendor" value="Oracle Corporation"/>
    <property name="java.home" value="/usr/lib/jvm/java-1.8-openjdk/jre"/>
    <property name="java.security.krb5.conf" value="/workdir/hadoop-ozone/integration-test/target/test-classes/krb5.conf"/>
    <property name="basedir" value="/workdir/hadoop-ozone/integration-test"/>
    <property name="file.separator" value="/"/>
    <property name="line.separator" value="&#10;"/>
    <property name="java.vm.specification.vendor" value="Oracle Corporation"/>
    <property name="java.specification.name" value="Java Platform API Specification"/>
    <property name="java.awt.graphicsenv" value="sun.awt.X11GraphicsEnvironment"/>
    <property name="surefire.real.class.path" value="/workdir/hadoop-ozone/integration-test/target/surefire/surefirebooter5000420144773166834.jar"/>
    <property name="hadoop.log.dir" value="/workdir/hadoop-ozone/integration-test/target/log"/>
    <property name="sun.boot.class.path" value="/usr/lib/jvm/java-1.8-openjdk/jre/lib/resources.jar:/usr/lib/jvm/java-1.8-openjdk/jre/lib/rt.jar:/usr/lib/jvm/java-1.8-openjdk/jre/lib/sunrsasign.jar:/usr/lib/jvm/java-1.8-openjdk/jre/lib/jsse.jar:/usr/lib/jvm/java-1.8-openjdk/jre/lib/jce.jar:/usr/lib/jvm/java-1.8-openjdk/jre/lib/charsets.jar:/usr/lib/jvm/java-1.8-openjdk/jre/lib/jfr.jar:/usr/lib/jvm/java-1.8-openjdk/jre/classes"/>
    <property name="sun.management.compiler" value="HotSpot 64-Bit Tiered Compilers"/>
    <property name="java.runtime.version" value="1.8.0_212-b04"/>
    <property name="java.net.preferIPv4Stack" value="true"/>
    <property name="user.name" value="jenkins1000"/>
    <property name="path.separator" value=":"/>
    <property name="java.security.egd" value="file:///dev/urandom"/>
    <property name="os.version" value="3.10.0-957.12.2.el7.x86_64"/>
    <property name="java.endorsed.dirs" value="/usr/lib/jvm/java-1.8-openjdk/jre/lib/endorsed"/>
    <property name="java.runtime.name" value="OpenJDK Runtime Environment"/>
    <property name="file.encoding" value="UTF-8"/>
    <property name="java.vm.name" value="OpenJDK 64-Bit Server VM"/>
    <property name="test.build.webapps" value=""/>
    <property name="localRepository" value="/home/user/.m2/repository"/>
    <property name="java.vendor.url.bug" value="https://icedtea.classpath.org/bugzilla"/>
    <property name="java.io.tmpdir" value="/tmp"/>
    <property name="require.test.libhadoop" value=""/>
    <property name="java.version" value="1.8.0_212"/>
    <property name="user.dir" value="/workdir/hadoop-ozone/integration-test"/>
    <property name="os.arch" value="amd64"/>
    <property name="java.vm.specification.name" value="Java Virtual Machine Specification"/>
    <property name="test.build.classes" value="/workdir/hadoop-ozone/integration-test/target/test-classes"/>
    <property name="java.awt.printerjob" value="sun.print.PSPrinterJob"/>
    <property name="sun.os.patch.level" value="unknown"/>
    <property name="hadoop.tmp.dir" value="/workdir/hadoop-ozone/integration-test/target/tmp"/>
    <property name="java.library.path" value="/usr/lib/jvm/java-1.8-openjdk/jre/lib/amd64/server:/usr/lib/jvm/java-1.8-openjdk/jre/lib/amd64:/usr/lib/jvm/java-1.8-openjdk/jre/../lib/amd64:/workdir/hadoop-ozone/integration-test/target/native/target/usr/local/lib:/workdir/hadoop-ozone/integration-test/../../hadoop-common-project/hadoop-common/target/native/target/usr/local/lib:/usr/java/packages/lib/amd64:/usr/lib64:/lib64:/lib:/usr/lib"/>
    <property name="java.vm.info" value="mixed mode"/>
    <property name="java.vendor" value="IcedTea"/>
    <property name="java.vm.version" value="25.212-b04"/>
    <property name="java.ext.dirs" value="/usr/lib/jvm/java-1.8-openjdk/jre/lib/ext:/usr/java/packages/lib/ext"/>
    <property name="sun.io.unicode.encoding" value="UnicodeLittle"/>
    <property name="java.class.version" value="52.0"/>
  </properties>
  <testcase name="org.apache.hadoop.ozone.container.common.statemachine.commandhandler.TestCloseContainerByPipeline" classname="org.apache.hadoop.ozone.container.common.statemachine.commandhandler.TestCloseContainerByPipeline" time="147.072">
    <error message="Connection refused" type="java.net.ConnectException"><![CDATA[java.net.ConnectException: Connection refused
	at sun.nio.ch.SocketChannelImpl.checkConnect(Native Method)
	at sun.nio.ch.SocketChannelImpl.finishConnect(SocketChannelImpl.java:717)
	at org.apache.hadoop.net.SocketIOWithTimeout.connect(SocketIOWithTimeout.java:206)
	at org.apache.hadoop.net.NetUtils.connect(NetUtils.java:531)
	at org.apache.hadoop.ipc.Client$Connection.setupConnection(Client.java:690)
	at org.apache.hadoop.ipc.Client$Connection.setupIOstreams(Client.java:794)
	at org.apache.hadoop.ipc.Client$Connection.access$3700(Client.java:411)
	at org.apache.hadoop.ipc.Client.getConnection(Client.java:1572)
	at org.apache.hadoop.ipc.Client.call(Client.java:1403)
	at org.apache.hadoop.ipc.Client.call(Client.java:1367)
	at org.apache.hadoop.ipc.ProtobufRpcEngine$Invoker.invoke(ProtobufRpcEngine.java:228)
	at org.apache.hadoop.ipc.ProtobufRpcEngine$Invoker.invoke(ProtobufRpcEngine.java:116)
	at com.sun.proxy.$Proxy36.submitRequest(Unknown Source)
	at sun.reflect.NativeMethodAccessorImpl.invoke0(Native Method)
	at sun.reflect.NativeMethodAccessorImpl.invoke(NativeMethodAccessorImpl.java:62)
	at sun.reflect.DelegatingMethodAccessorImpl.invoke(DelegatingMethodAccessorImpl.java:43)
	at java.lang.reflect.Method.invoke(Method.java:498)
	at org.apache.hadoop.io.retry.RetryInvocationHandler.invokeMethod(RetryInvocationHandler.java:422)
	at org.apache.hadoop.io.retry.RetryInvocationHandler$Call.invokeMethod(RetryInvocationHandler.java:165)
	at org.apache.hadoop.io.retry.RetryInvocationHandler$Call.invoke(RetryInvocationHandler.java:157)
	at org.apache.hadoop.io.retry.RetryInvocationHandler$Call.invokeOnce(RetryInvocationHandler.java:95)
	at org.apache.hadoop.io.retry.RetryInvocationHandler.invoke(RetryInvocationHandler.java:359)
	at com.sun.proxy.$Proxy36.submitRequest(Unknown Source)
	at org.apache.hadoop.ozone.om.protocolPB.OzoneManagerProtocolClientSideTranslatorPB.submitRequest(OzoneManagerProtocolClientSideTranslatorPB.java:338)
	at org.apache.hadoop.ozone.om.protocolPB.OzoneManagerProtocolClientSideTranslatorPB.getServiceInfo(OzoneManagerProtocolClientSideTranslatorPB.java:1223)
	at sun.reflect.NativeMethodAccessorImpl.invoke0(Native Method)
	at sun.reflect.NativeMethodAccessorImpl.invoke(NativeMethodAccessorImpl.java:62)
	at sun.reflect.DelegatingMethodAccessorImpl.invoke(DelegatingMethodAccessorImpl.java:43)
	at java.lang.reflect.Method.invoke(Method.java:498)
	at org.apache.hadoop.hdds.tracing.TraceAllMethod.invoke(TraceAllMethod.java:66)
	at com.sun.proxy.$Proxy37.getServiceInfo(Unknown Source)
	at org.apache.hadoop.ozone.client.rpc.RpcClient.<init>(RpcClient.java:154)
	at org.apache.hadoop.ozone.client.OzoneClientFactory.getClientProtocol(OzoneClientFactory.java:256)
	at org.apache.hadoop.ozone.client.OzoneClientFactory.getClientProtocol(OzoneClientFactory.java:239)
	at org.apache.hadoop.ozone.client.OzoneClientFactory.getClient(OzoneClientFactory.java:75)
	at org.apache.hadoop.ozone.container.common.statemachine.commandhandler.TestCloseContainerByPipeline.init(TestCloseContainerByPipeline.java:81)
	at sun.reflect.NativeMethodAccessorImpl.invoke0(Native Method)
	at sun.reflect.NativeMethodAccessorImpl.invoke(NativeMethodAccessorImpl.java:62)
	at sun.reflect.DelegatingMethodAccessorImpl.invoke(DelegatingMethodAccessorImpl.java:43)
	at java.lang.reflect.Method.invoke(Method.java:498)
	at org.junit.runners.model.FrameworkMethod$1.runReflectiveCall(FrameworkMethod.java:47)
	at org.junit.internal.runners.model.ReflectiveCallable.run(ReflectiveCallable.java:12)
	at org.junit.runners.model.FrameworkMethod.invokeExplosively(FrameworkMethod.java:44)
	at org.junit.internal.runners.statements.RunBefores.evaluate(RunBefores.java:24)
	at org.junit.internal.runners.statements.RunAfters.evaluate(RunAfters.java:27)
	at org.junit.runners.ParentRunner.run(ParentRunner.java:309)
	at org.apache.maven.surefire.junit4.JUnit4Provider.execute(JUnit4Provider.java:365)
	at org.apache.maven.surefire.junit4.JUnit4Provider.executeWithRerun(JUnit4Provider.java:273)
	at org.apache.maven.surefire.junit4.JUnit4Provider.executeTestSet(JUnit4Provider.java:238)
	at org.apache.maven.surefire.junit4.JUnit4Provider.invoke(JUnit4Provider.java:159)
	at org.apache.maven.surefire.booter.ForkedBooter.invokeProviderInSameClassLoader(ForkedBooter.java:384)
	at org.apache.maven.surefire.booter.ForkedBooter.runSuitesInProcess(ForkedBooter.java:345)
	at org.apache.maven.surefire.booter.ForkedBooter.execute(ForkedBooter.java:126)
	at org.apache.maven.surefire.booter.ForkedBooter.main(ForkedBooter.java:418)
]]></error>
    <system-out><![CDATA[2019-09-26 17:32:59,791 [main] WARN  server.ServerUtils (ServerUtils.java:getScmDbDir(145)) - ozone.scm.db.dirs is not configured. We recommend adding this setting. Falling back to ozone.metadata.dirs instead.
2019-09-26 17:32:59,893 [main] WARN  server.ServerUtils (ServerUtils.java:getScmDbDir(145)) - ozone.scm.db.dirs is not configured. We recommend adding this setting. Falling back to ozone.metadata.dirs instead.
2019-09-26 17:32:59,896 [main] WARN  server.ServerUtils (ServerUtils.java:getScmDbDir(145)) - ozone.scm.db.dirs is not configured. We recommend adding this setting. Falling back to ozone.metadata.dirs instead.
2019-09-26 17:32:59,918 [main] INFO  util.log (Log.java:initialized(192)) - Logging initialized @955ms
2019-09-26 17:33:00,049 [main] INFO  db.DBStoreBuilder (DBStoreBuilder.java:addTable(110)) - using custom profile for table: deletedBlocks
2019-09-26 17:33:00,050 [main] INFO  db.DBStoreBuilder (DBStoreBuilder.java:processTables(161)) - Using default column profile:DBProfile.DISK for Table:deletedBlocks
2019-09-26 17:33:00,050 [main] INFO  db.DBStoreBuilder (DBStoreBuilder.java:addTable(110)) - using custom profile for table: validCerts
2019-09-26 17:33:00,050 [main] INFO  db.DBStoreBuilder (DBStoreBuilder.java:processTables(161)) - Using default column profile:DBProfile.DISK for Table:validCerts
2019-09-26 17:33:00,051 [main] INFO  db.DBStoreBuilder (DBStoreBuilder.java:addTable(110)) - using custom profile for table: revokedCerts
2019-09-26 17:33:00,051 [main] INFO  db.DBStoreBuilder (DBStoreBuilder.java:processTables(161)) - Using default column profile:DBProfile.DISK for Table:revokedCerts
2019-09-26 17:33:00,063 [main] INFO  db.DBStoreBuilder (DBStoreBuilder.java:addTable(110)) - using custom profile for table: default
2019-09-26 17:33:00,063 [main] INFO  db.DBStoreBuilder (DBStoreBuilder.java:processTables(167)) - Using default column profile:DBProfile.DISK for Table:default
2019-09-26 17:33:00,064 [main] INFO  db.DBStoreBuilder (DBStoreBuilder.java:getDbProfile(198)) - Using default options. DBProfile.DISK
2019-09-26 17:33:00,360 [main] INFO  net.NodeSchemaLoader (NodeSchemaLoader.java:loadSchemaFromFile(125)) - Loading file from sun.misc.CompoundEnumeration@235834f2
2019-09-26 17:33:00,362 [main] INFO  net.NodeSchemaLoader (NodeSchemaLoader.java:loadSchema(171)) - Loading network topology layer schema file
2019-09-26 17:33:00,454 [main] WARN  server.ServerUtils (ServerUtils.java:sanitizeUserArgs(70)) - ozone.scm.stale.node.interval value = 300000 is larger than max = 100000 based on the key value of ozone.scm.heartbeat.thread.interval, reset to the max value 100000.
2019-09-26 17:33:00,456 [main] WARN  server.ServerUtils (ServerUtils.java:sanitizeUserArgs(70)) - ozone.scm.stale.node.interval value = 300000 is larger than max = 100000 based on the key value of ozone.scm.heartbeat.thread.interval, reset to the max value 100000.
2019-09-26 17:33:00,459 [main] INFO  node.SCMNodeManager (SCMNodeManager.java:<init>(114)) - Entering startup safe mode.
2019-09-26 17:33:00,533 [main] INFO  algorithms.ContainerPlacementPolicyFactory (ContainerPlacementPolicyFactory.java:getPolicy(57)) - Create container placement policy of type org.apache.hadoop.hdds.scm.container.placement.algorithms.SCMContainerPlacementRandom
2019-09-26 17:33:00,547 [main] WARN  server.ServerUtils (ServerUtils.java:getScmDbDir(145)) - ozone.scm.db.dirs is not configured. We recommend adding this setting. Falling back to ozone.metadata.dirs instead.
2019-09-26 17:33:00,620 [main] INFO  pipeline.SCMPipelineManager (SCMPipelineManager.java:initializePipelineState(132)) - No pipeline exists in current db
2019-09-26 17:33:00,623 [main] WARN  server.ServerUtils (ServerUtils.java:getScmDbDir(145)) - ozone.scm.db.dirs is not configured. We recommend adding this setting. Falling back to ozone.metadata.dirs instead.
2019-09-26 17:33:00,768 [main] WARN  events.EventQueue (EventQueue.java:fireEvent(183)) - No event handler registered for event TypedEvent{payloadType=SafeModeStatus, name='SafeModeStatus'}
2019-09-26 17:33:01,154 [main] INFO  ipc.CallQueueManager (CallQueueManager.java:<init>(84)) - Using callQueue: class java.util.concurrent.LinkedBlockingQueue, queueCapacity: 2000, scheduler: class org.apache.hadoop.ipc.DefaultRpcScheduler, ipcBackoff: false.
2019-09-26 17:33:01,194 [Socket Reader #1 for port 44579] INFO  ipc.Server (Server.java:run(1074)) - Starting Socket Reader #1 for port 44579
2019-09-26 17:33:01,342 [main] INFO  ipc.CallQueueManager (CallQueueManager.java:<init>(84)) - Using callQueue: class java.util.concurrent.LinkedBlockingQueue, queueCapacity: 2000, scheduler: class org.apache.hadoop.ipc.DefaultRpcScheduler, ipcBackoff: false.
2019-09-26 17:33:01,343 [Socket Reader #1 for port 33400] INFO  ipc.Server (Server.java:run(1074)) - Starting Socket Reader #1 for port 33400
2019-09-26 17:33:01,354 [main] INFO  ipc.CallQueueManager (CallQueueManager.java:<init>(84)) - Using callQueue: class java.util.concurrent.LinkedBlockingQueue, queueCapacity: 2000, scheduler: class org.apache.hadoop.ipc.DefaultRpcScheduler, ipcBackoff: false.
2019-09-26 17:33:01,355 [Socket Reader #1 for port 34800] INFO  ipc.Server (Server.java:run(1074)) - Starting Socket Reader #1 for port 34800
2019-09-26 17:33:01,382 [main] INFO  hdfs.DFSUtil (DFSUtil.java:httpServerTemplateForNNAndJN(1641)) - Starting Web-server for scm at: http://0.0.0.0:0
2019-09-26 17:33:01,533 [main] INFO  server.AuthenticationFilter (AuthenticationFilter.java:constructSecretProvider(240)) - Unable to initialize FileSignerSecretProvider, falling back to use random secrets.
2019-09-26 17:33:01,541 [main] WARN  http.HttpRequestLog (HttpRequestLog.java:getRequestLog(97)) - Jetty request log can only be enabled using Log4j
2019-09-26 17:33:01,549 [main] INFO  http.HttpServer2 (HttpServer2.java:addGlobalFilter(975)) - Added global filter 'safety' (class=org.apache.hadoop.http.HttpServer2$QuotingInputFilter)
2019-09-26 17:33:01,552 [main] INFO  http.HttpServer2 (HttpServer2.java:addFilter(948)) - Added filter static_user_filter (class=org.apache.hadoop.http.lib.StaticUserWebFilter$StaticUserFilter) to context scm
2019-09-26 17:33:01,552 [main] INFO  http.HttpServer2 (HttpServer2.java:addFilter(958)) - Added filter static_user_filter (class=org.apache.hadoop.http.lib.StaticUserWebFilter$StaticUserFilter) to context static
2019-09-26 17:33:01,552 [main] INFO  http.HttpServer2 (HttpServer2.java:addFilter(958)) - Added filter static_user_filter (class=org.apache.hadoop.http.lib.StaticUserWebFilter$StaticUserFilter) to context logs
2019-09-26 17:33:01,583 [main] INFO  server.StorageContainerManager (StorageContainerManager.java:start(770)) - StorageContainerLocationProtocol RPC server is listening at /0.0.0.0:34800
2019-09-26 17:33:01,644 [main] WARN  impl.MetricsConfig (MetricsConfig.java:loadFirst(134)) - Cannot locate configuration: tried hadoop-metrics2-storagecontainermanager.properties,hadoop-metrics2.properties
2019-09-26 17:33:01,656 [main] INFO  impl.MetricsSystemImpl (MetricsSystemImpl.java:startTimer(374)) - Scheduled Metric snapshot period at 10 second(s).
2019-09-26 17:33:01,657 [main] INFO  impl.MetricsSystemImpl (MetricsSystemImpl.java:start(191)) - StorageContainerManager metrics system started
2019-09-26 17:33:01,915 [main] INFO  server.SCMClientProtocolServer (SCMClientProtocolServer.java:start(151)) - RPC server for Client  is listening at /0.0.0.0:34800
2019-09-26 17:33:01,916 [IPC Server Responder] INFO  ipc.Server (Server.java:run(1314)) - IPC Server Responder: starting
2019-09-26 17:33:01,916 [IPC Server listener on 34800] INFO  ipc.Server (Server.java:run(1153)) - IPC Server listener on 34800: starting
2019-09-26 17:33:01,920 [main] INFO  server.StorageContainerManager (StorageContainerManager.java:start(780)) - ScmBlockLocationProtocol RPC server is listening at /0.0.0.0:33400
2019-09-26 17:33:01,922 [main] INFO  server.SCMBlockProtocolServer (SCMBlockProtocolServer.java:start(146)) - RPC server for Block Protocol is listening at /0.0.0.0:33400
2019-09-26 17:33:01,922 [IPC Server Responder] INFO  ipc.Server (Server.java:run(1314)) - IPC Server Responder: starting
2019-09-26 17:33:01,922 [IPC Server listener on 33400] INFO  ipc.Server (Server.java:run(1153)) - IPC Server listener on 33400: starting
2019-09-26 17:33:01,928 [main] INFO  server.StorageContainerManager (StorageContainerManager.java:start(784)) - ScmDatanodeProtocl RPC server is listening at /0.0.0.0:44579
2019-09-26 17:33:01,928 [main] INFO  server.SCMDatanodeProtocolServer (SCMDatanodeProtocolServer.java:start(191)) - RPC server for DataNodes is listening at /0.0.0.0:44579
2019-09-26 17:33:01,929 [IPC Server Responder] INFO  ipc.Server (Server.java:run(1314)) - IPC Server Responder: starting
2019-09-26 17:33:01,930 [IPC Server listener on 44579] INFO  ipc.Server (Server.java:run(1153)) - IPC Server listener on 44579: starting
2019-09-26 17:33:01,940 [main] INFO  http.HttpServer2 (HttpServer2.java:bindListener(1191)) - Jetty bound to port 43576
2019-09-26 17:33:01,942 [main] INFO  server.Server (Server.java:doStart(351)) - jetty-9.3.25.v20180904, build timestamp: 2018-09-04T21:11:46Z, git hash: 3ce520221d0240229c862b122d2b06c12a625732
2019-09-26 17:33:01,984 [main] INFO  handler.ContextHandler (ContextHandler.java:doStart(781)) - Started o.e.j.s.ServletContextHandler@50ecde95{/logs,file:///workdir/hadoop-ozone/integration-test/target/log,AVAILABLE}
2019-09-26 17:33:01,985 [main] INFO  handler.ContextHandler (ContextHandler.java:doStart(781)) - Started o.e.j.s.ServletContextHandler@70a36a66{/static,file:///workdir/hadoop-ozone/integration-test/target/test-classes/webapps/static,AVAILABLE}
2019-09-26 17:33:02,026 [main] INFO  handler.ContextHandler (ContextHandler.java:doStart(781)) - Started o.e.j.w.WebAppContext@64c2b546{/,file:///workdir/hadoop-ozone/integration-test/target/test-classes/webapps/scm/,AVAILABLE}{/scm}
2019-09-26 17:33:02,033 [main] INFO  server.AbstractConnector (AbstractConnector.java:doStart(278)) - Started ServerConnector@69f63d95{HTTP/1.1,[http/1.1]}{0.0.0.0:43576}
2019-09-26 17:33:02,033 [main] INFO  server.Server (Server.java:doStart(419)) - Started @3070ms
2019-09-26 17:33:02,035 [main] INFO  impl.MetricsSinkAdapter (MetricsSinkAdapter.java:start(204)) - Sink prometheus started
2019-09-26 17:33:02,036 [main] INFO  impl.MetricsSystemImpl (MetricsSystemImpl.java:registerSink(301)) - Registered sink prometheus
2019-09-26 17:33:02,037 [main] INFO  server.BaseHttpServer (BaseHttpServer.java:updateConnectorAddress(215)) - HTTP server of SCM is listening at http://0.0.0.0:43576
2019-09-26 17:33:02,046 [org.apache.hadoop.util.JvmPauseMonitor$Monitor@ca27722] INFO  util.JvmPauseMonitor (JvmPauseMonitor.java:run(188)) - Starting JVM pause monitor
2019-09-26 17:33:02,050 [main] WARN  server.ServerUtils (ServerUtils.java:getDBPath(222)) - ozone.om.db.dirs is not configured. We recommend adding this setting. Falling back to ozone.metadata.dirs instead.
2019-09-26 17:33:02,174 [main] INFO  ha.OMHANodeDetails (OMHANodeDetails.java:loadOMHAConfig(194)) - Configuration either no ozone.om.address set. Falling back to the default OM address /127.0.0.1:0
2019-09-26 17:33:02,174 [main] INFO  ha.OMHANodeDetails (OMHANodeDetails.java:getOMNodeDetails(224)) - OM Service ID is not set. Setting it to the default ID: omServiceIdDefault
2019-09-26 17:33:02,176 [main] WARN  server.ServerUtils (ServerUtils.java:getDBPath(222)) - ozone.om.db.dirs is not configured. We recommend adding this setting. Falling back to ozone.metadata.dirs instead.
2019-09-26 17:33:02,176 [main] WARN  server.ServerUtils (ServerUtils.java:getDBPath(222)) - ozone.om.db.dirs is not configured. We recommend adding this setting. Falling back to ozone.metadata.dirs instead.
2019-09-26 17:33:02,906 [main] WARN  server.ServerUtils (ServerUtils.java:getDBPath(222)) - ozone.om.db.dirs is not configured. We recommend adding this setting. Falling back to ozone.metadata.dirs instead.
2019-09-26 17:33:02,914 [main] INFO  db.DBStoreBuilder (DBStoreBuilder.java:addTable(110)) - using custom profile for table: userTable
2019-09-26 17:33:02,914 [main] INFO  db.DBStoreBuilder (DBStoreBuilder.java:processTables(161)) - Using default column profile:DBProfile.DISK for Table:userTable
2019-09-26 17:33:02,914 [main] INFO  db.DBStoreBuilder (DBStoreBuilder.java:addTable(110)) - using custom profile for table: volumeTable
2019-09-26 17:33:02,914 [main] INFO  db.DBStoreBuilder (DBStoreBuilder.java:processTables(161)) - Using default column profile:DBProfile.DISK for Table:volumeTable
2019-09-26 17:33:02,915 [main] INFO  db.DBStoreBuilder (DBStoreBuilder.java:addTable(110)) - using custom profile for table: bucketTable
2019-09-26 17:33:02,915 [main] INFO  db.DBStoreBuilder (DBStoreBuilder.java:processTables(161)) - Using default column profile:DBProfile.DISK for Table:bucketTable
2019-09-26 17:33:02,915 [main] INFO  db.DBStoreBuilder (DBStoreBuilder.java:addTable(110)) - using custom profile for table: keyTable
2019-09-26 17:33:02,915 [main] INFO  db.DBStoreBuilder (DBStoreBuilder.java:processTables(161)) - Using default column profile:DBProfile.DISK for Table:keyTable
2019-09-26 17:33:02,916 [main] INFO  db.DBStoreBuilder (DBStoreBuilder.java:addTable(110)) - using custom profile for table: deletedTable
2019-09-26 17:33:02,916 [main] INFO  db.DBStoreBuilder (DBStoreBuilder.java:processTables(161)) - Using default column profile:DBProfile.DISK for Table:deletedTable
2019-09-26 17:33:02,916 [main] INFO  db.DBStoreBuilder (DBStoreBuilder.java:addTable(110)) - using custom profile for table: openKeyTable
2019-09-26 17:33:02,916 [main] INFO  db.DBStoreBuilder (DBStoreBuilder.java:processTables(161)) - Using default column profile:DBProfile.DISK for Table:openKeyTable
2019-09-26 17:33:02,917 [main] INFO  db.DBStoreBuilder (DBStoreBuilder.java:addTable(110)) - using custom profile for table: s3Table
2019-09-26 17:33:02,917 [main] INFO  db.DBStoreBuilder (DBStoreBuilder.java:processTables(161)) - Using default column profile:DBProfile.DISK for Table:s3Table
2019-09-26 17:33:02,917 [main] INFO  db.DBStoreBuilder (DBStoreBuilder.java:addTable(110)) - using custom profile for table: multipartInfoTable
2019-09-26 17:33:02,917 [main] INFO  db.DBStoreBuilder (DBStoreBuilder.java:processTables(161)) - Using default column profile:DBProfile.DISK for Table:multipartInfoTable
2019-09-26 17:33:02,918 [main] INFO  db.DBStoreBuilder (DBStoreBuilder.java:addTable(110)) - using custom profile for table: dTokenTable
2019-09-26 17:33:02,918 [main] INFO  db.DBStoreBuilder (DBStoreBuilder.java:processTables(161)) - Using default column profile:DBProfile.DISK for Table:dTokenTable
2019-09-26 17:33:02,918 [main] INFO  db.DBStoreBuilder (DBStoreBuilder.java:addTable(110)) - using custom profile for table: s3SecretTable
2019-09-26 17:33:02,918 [main] INFO  db.DBStoreBuilder (DBStoreBuilder.java:processTables(161)) - Using default column profile:DBProfile.DISK for Table:s3SecretTable
2019-09-26 17:33:02,919 [main] INFO  db.DBStoreBuilder (DBStoreBuilder.java:addTable(110)) - using custom profile for table: prefixTable
2019-09-26 17:33:02,919 [main] INFO  db.DBStoreBuilder (DBStoreBuilder.java:processTables(161)) - Using default column profile:DBProfile.DISK for Table:prefixTable
2019-09-26 17:33:02,919 [main] INFO  db.DBStoreBuilder (DBStoreBuilder.java:addTable(110)) - using custom profile for table: default
2019-09-26 17:33:02,919 [main] INFO  db.DBStoreBuilder (DBStoreBuilder.java:processTables(167)) - Using default column profile:DBProfile.DISK for Table:default
2019-09-26 17:33:02,920 [main] INFO  db.DBStoreBuilder (DBStoreBuilder.java:getDbProfile(198)) - Using default options. DBProfile.DISK
2019-09-26 17:33:03,534 [main] INFO  ipc.CallQueueManager (CallQueueManager.java:<init>(84)) - Using callQueue: class java.util.concurrent.LinkedBlockingQueue, queueCapacity: 2000, scheduler: class org.apache.hadoop.ipc.DefaultRpcScheduler, ipcBackoff: false.
2019-09-26 17:33:03,535 [Socket Reader #1 for port 34521] INFO  ipc.Server (Server.java:run(1074)) - Starting Socket Reader #1 for port 34521
2019-09-26 17:33:03,557 [main] INFO  om.OzoneManager (OzoneManager.java:start(1069)) - OzoneManager RPC server is listening at localhost/127.0.0.1:34521
2019-09-26 17:33:03,557 [main] INFO  impl.MetricsSystemImpl (MetricsSystemImpl.java:init(158)) - OzoneManager metrics system started (again)
2019-09-26 17:33:03,559 [IPC Server Responder] INFO  ipc.Server (Server.java:run(1314)) - IPC Server Responder: starting
2019-09-26 17:33:03,560 [IPC Server listener on 34521] INFO  ipc.Server (Server.java:run(1153)) - IPC Server listener on 34521: starting
2019-09-26 17:33:03,570 [main] INFO  hdfs.DFSUtil (DFSUtil.java:httpServerTemplateForNNAndJN(1641)) - Starting Web-server for ozoneManager at: http://0.0.0.0:0
2019-09-26 17:33:03,572 [main] INFO  server.AuthenticationFilter (AuthenticationFilter.java:constructSecretProvider(240)) - Unable to initialize FileSignerSecretProvider, falling back to use random secrets.
2019-09-26 17:33:03,573 [main] WARN  http.HttpRequestLog (HttpRequestLog.java:getRequestLog(97)) - Jetty request log can only be enabled using Log4j
2019-09-26 17:33:03,576 [main] INFO  http.HttpServer2 (HttpServer2.java:addGlobalFilter(975)) - Added global filter 'safety' (class=org.apache.hadoop.http.HttpServer2$QuotingInputFilter)
2019-09-26 17:33:03,577 [main] INFO  http.HttpServer2 (HttpServer2.java:addFilter(948)) - Added filter static_user_filter (class=org.apache.hadoop.http.lib.StaticUserWebFilter$StaticUserFilter) to context ozoneManager
2019-09-26 17:33:03,577 [main] INFO  http.HttpServer2 (HttpServer2.java:addFilter(958)) - Added filter static_user_filter (class=org.apache.hadoop.http.lib.StaticUserWebFilter$StaticUserFilter) to context static
2019-09-26 17:33:03,577 [main] INFO  http.HttpServer2 (HttpServer2.java:addFilter(958)) - Added filter static_user_filter (class=org.apache.hadoop.http.lib.StaticUserWebFilter$StaticUserFilter) to context logs
2019-09-26 17:33:03,579 [main] INFO  http.HttpServer2 (HttpServer2.java:bindListener(1191)) - Jetty bound to port 39247
2019-09-26 17:33:03,579 [main] INFO  server.Server (Server.java:doStart(351)) - jetty-9.3.25.v20180904, build timestamp: 2018-09-04T21:11:46Z, git hash: 3ce520221d0240229c862b122d2b06c12a625732
2019-09-26 17:33:03,585 [main] INFO  handler.ContextHandler (ContextHandler.java:doStart(781)) - Started o.e.j.s.ServletContextHandler@4c27d39d{/logs,file:///workdir/hadoop-ozone/integration-test/target/log,AVAILABLE}
2019-09-26 17:33:03,587 [main] INFO  handler.ContextHandler (ContextHandler.java:doStart(781)) - Started o.e.j.s.ServletContextHandler@7bde1f3a{/static,file:///workdir/hadoop-ozone/integration-test/target/test-classes/webapps/static,AVAILABLE}
2019-09-26 17:33:03,594 [main] INFO  handler.ContextHandler (ContextHandler.java:doStart(781)) - Started o.e.j.w.WebAppContext@3e48e859{/,file:///workdir/hadoop-ozone/integration-test/target/test-classes/webapps/ozoneManager/,AVAILABLE}{/ozoneManager}
2019-09-26 17:33:03,595 [main] INFO  server.AbstractConnector (AbstractConnector.java:doStart(278)) - Started ServerConnector@31ddd4a4{HTTP/1.1,[http/1.1]}{0.0.0.0:39247}
2019-09-26 17:33:03,598 [main] INFO  server.Server (Server.java:doStart(419)) - Started @4635ms
2019-09-26 17:33:03,599 [main] WARN  impl.MetricsSystemImpl (MetricsSystemImpl.java:register(276)) - Sink prometheus already exists!
2019-09-26 17:33:03,600 [main] INFO  server.BaseHttpServer (BaseHttpServer.java:updateConnectorAddress(215)) - HTTP server of OZONEMANAGER is listening at http://0.0.0.0:39247
2019-09-26 17:33:03,925 [main] INFO  impl.MetricsSystemImpl (MetricsSystemImpl.java:init(158)) - HddsDatanode metrics system started (again)
2019-09-26 17:33:03,989 [main] INFO  ozone.HddsDatanodeService (HddsDatanodeService.java:start(184)) - HddsDatanodeService host:pr-hdds-2162-htzpk-1451759861 ip:192.168.157.234
2019-09-26 17:33:04,029 [main] INFO  volume.HddsVolume (HddsVolume.java:<init>(176)) - Creating Volume: /workdir/hadoop-ozone/integration-test/target/test-dir/MiniOzoneClusterImpl-e957bdb1-9b3f-4e03-89f8-47fdabd8daf2/datanode-0/data/containers/hdds of  storage type : DISK and capacity : 1482555576320
2019-09-26 17:33:04,031 [main] INFO  volume.VolumeSet (VolumeSet.java:initializeVolumeSet(170)) - Added Volume : /workdir/hadoop-ozone/integration-test/target/test-dir/MiniOzoneClusterImpl-e957bdb1-9b3f-4e03-89f8-47fdabd8daf2/datanode-0/data/containers/hdds to VolumeSet
2019-09-26 17:33:04,034 [main] INFO  volume.ThrottledAsyncChecker (ThrottledAsyncChecker.java:schedule(139)) - Scheduling a check for org.apache.hadoop.ozone.container.common.volume.HddsVolume@344426bf
2019-09-26 17:33:04,051 [main] INFO  volume.HddsVolumeChecker (HddsVolumeChecker.java:checkAllVolumes(202)) - Scheduled health check for volume org.apache.hadoop.ozone.container.common.volume.HddsVolume@344426bf
2019-09-26 17:33:04,173 [main] INFO  impl.RaftServerProxy (ConfUtils.java:logGet(43)) - raft.rpc.type = GRPC (default)
2019-09-26 17:33:04,245 [main] INFO  grpc.GrpcFactory (GrpcFactory.java:checkPooledByteBufAllocatorUseCacheForAllThreads(45)) - PERFORMANCE WARNING: useCacheForAllThreads is true that may cause Netty to create a lot garbage objects and, as a result, trigger GC.
	It is recommended to disable useCacheForAllThreads by setting -Dorg.apache.ratis.thirdparty.io.netty.allocator.useCacheForAllThreads=false in command line.
2019-09-26 17:33:04,250 [main] INFO  grpc.GrpcConfigKeys$Server (ConfUtils.java:logGet(43)) - raft.grpc.server.port = 0 (default)
2019-09-26 17:33:04,251 [main] INFO  server.GrpcService (ConfUtils.java:logGet(43)) - raft.grpc.message.size.max = 33570816 (custom)
2019-09-26 17:33:04,253 [main] INFO  server.RaftServerConfigKeys (ConfUtils.java:logGet(43)) - raft.server.log.appender.buffer.byte-limit = 33554432 (custom)
2019-09-26 17:33:04,253 [main] INFO  server.GrpcService (ConfUtils.java:logGet(43)) - raft.grpc.flow.control.window = 1MB (=1048576) (default)
2019-09-26 17:33:04,254 [main] INFO  server.RaftServerConfigKeys (ConfUtils.java:logGet(43)) - raft.server.rpc.request.timeout = 3000ms (default)
2019-09-26 17:33:04,414 [main] INFO  server.RaftServerConfigKeys (ConfUtils.java:logGet(43)) - raft.server.storage.dir = [/workdir/hadoop-ozone/integration-test/target/test-dir/MiniOzoneClusterImpl-e957bdb1-9b3f-4e03-89f8-47fdabd8daf2/datanode-0/data/ratis] (custom)
2019-09-26 17:33:04,485 [main] INFO  hdfs.DFSUtil (DFSUtil.java:httpServerTemplateForNNAndJN(1641)) - Starting Web-server for hddsDatanode at: http://0.0.0.0:0
2019-09-26 17:33:04,487 [main] INFO  server.AuthenticationFilter (AuthenticationFilter.java:constructSecretProvider(240)) - Unable to initialize FileSignerSecretProvider, falling back to use random secrets.
2019-09-26 17:33:04,488 [main] WARN  http.HttpRequestLog (HttpRequestLog.java:getRequestLog(97)) - Jetty request log can only be enabled using Log4j
2019-09-26 17:33:04,490 [main] INFO  http.HttpServer2 (HttpServer2.java:addGlobalFilter(975)) - Added global filter 'safety' (class=org.apache.hadoop.http.HttpServer2$QuotingInputFilter)
2019-09-26 17:33:04,490 [main] INFO  http.HttpServer2 (HttpServer2.java:addFilter(948)) - Added filter static_user_filter (class=org.apache.hadoop.http.lib.StaticUserWebFilter$StaticUserFilter) to context hddsDatanode
2019-09-26 17:33:04,491 [main] INFO  http.HttpServer2 (HttpServer2.java:addFilter(958)) - Added filter static_user_filter (class=org.apache.hadoop.http.lib.StaticUserWebFilter$StaticUserFilter) to context static
2019-09-26 17:33:04,491 [main] INFO  http.HttpServer2 (HttpServer2.java:addFilter(958)) - Added filter static_user_filter (class=org.apache.hadoop.http.lib.StaticUserWebFilter$StaticUserFilter) to context logs
2019-09-26 17:33:04,492 [main] INFO  http.HttpServer2 (HttpServer2.java:bindListener(1191)) - Jetty bound to port 46293
2019-09-26 17:33:04,492 [main] INFO  server.Server (Server.java:doStart(351)) - jetty-9.3.25.v20180904, build timestamp: 2018-09-04T21:11:46Z, git hash: 3ce520221d0240229c862b122d2b06c12a625732
2019-09-26 17:33:04,494 [main] INFO  handler.ContextHandler (ContextHandler.java:doStart(781)) - Started o.e.j.s.ServletContextHandler@102ecc22{/logs,file:///workdir/hadoop-ozone/integration-test/target/log,AVAILABLE}
2019-09-26 17:33:04,494 [main] INFO  handler.ContextHandler (ContextHandler.java:doStart(781)) - Started o.e.j.s.ServletContextHandler@26dc9bd5{/static,jar:file:/home/user/.m2/repository/org/apache/hadoop/hadoop-hdds-container-service/0.5.0-SNAPSHOT/hadoop-hdds-container-service-0.5.0-SNAPSHOT.jar!/webapps/static,AVAILABLE}
2019-09-26 17:33:04,528 [main] INFO  handler.ContextHandler (ContextHandler.java:doStart(781)) - Started o.e.j.w.WebAppContext@5b852b49{/,file:///tmp/jetty-0.0.0.0-46293-hddsDatanode-_-any-1255332507758293811.dir/webapp/,AVAILABLE}{/hddsDatanode}
2019-09-26 17:33:04,529 [main] INFO  server.AbstractConnector (AbstractConnector.java:doStart(278)) - Started ServerConnector@cdb2d95{HTTP/1.1,[http/1.1]}{0.0.0.0:46293}
2019-09-26 17:33:04,530 [main] INFO  server.Server (Server.java:doStart(419)) - Started @5567ms
2019-09-26 17:33:04,531 [main] WARN  impl.MetricsSystemImpl (MetricsSystemImpl.java:register(276)) - Sink prometheus already exists!
2019-09-26 17:33:04,532 [main] INFO  server.BaseHttpServer (BaseHttpServer.java:updateConnectorAddress(215)) - HTTP server of HDDSDATANODE is listening at http://0.0.0.0:46293
2019-09-26 17:33:04,533 [main] INFO  impl.MetricsSystemImpl (MetricsSystemImpl.java:init(158)) - HddsDatanode metrics system started (again)
2019-09-26 17:33:04,535 [main] INFO  ozone.HddsDatanodeService (HddsDatanodeService.java:start(184)) - HddsDatanodeService host:pr-hdds-2162-htzpk-1451759861 ip:192.168.157.234
2019-09-26 17:33:04,538 [org.apache.hadoop.util.JvmPauseMonitor$Monitor@10c1bba3] INFO  util.JvmPauseMonitor (JvmPauseMonitor.java:run(188)) - Starting JVM pause monitor
2019-09-26 17:33:04,543 [main] INFO  volume.HddsVolume (HddsVolume.java:<init>(176)) - Creating Volume: /workdir/hadoop-ozone/integration-test/target/test-dir/MiniOzoneClusterImpl-e957bdb1-9b3f-4e03-89f8-47fdabd8daf2/datanode-1/data/containers/hdds of  storage type : DISK and capacity : 1482555576320
2019-09-26 17:33:04,544 [main] INFO  volume.VolumeSet (VolumeSet.java:initializeVolumeSet(170)) - Added Volume : /workdir/hadoop-ozone/integration-test/target/test-dir/MiniOzoneClusterImpl-e957bdb1-9b3f-4e03-89f8-47fdabd8daf2/datanode-1/data/containers/hdds to VolumeSet
2019-09-26 17:33:04,544 [main] INFO  volume.ThrottledAsyncChecker (ThrottledAsyncChecker.java:schedule(139)) - Scheduling a check for org.apache.hadoop.ozone.container.common.volume.HddsVolume@5bc28f40
2019-09-26 17:33:04,545 [main] INFO  volume.HddsVolumeChecker (HddsVolumeChecker.java:checkAllVolumes(202)) - Scheduled health check for volume org.apache.hadoop.ozone.container.common.volume.HddsVolume@5bc28f40
2019-09-26 17:33:04,559 [main] INFO  impl.RaftServerProxy (ConfUtils.java:logGet(43)) - raft.rpc.type = GRPC (default)
2019-09-26 17:33:04,559 [main] INFO  grpc.GrpcFactory (GrpcFactory.java:checkPooledByteBufAllocatorUseCacheForAllThreads(45)) - PERFORMANCE WARNING: useCacheForAllThreads is true that may cause Netty to create a lot garbage objects and, as a result, trigger GC.
	It is recommended to disable useCacheForAllThreads by setting -Dorg.apache.ratis.thirdparty.io.netty.allocator.useCacheForAllThreads=false in command line.
2019-09-26 17:33:04,559 [main] INFO  grpc.GrpcConfigKeys$Server (ConfUtils.java:logGet(43)) - raft.grpc.server.port = 0 (default)
2019-09-26 17:33:04,559 [main] INFO  server.GrpcService (ConfUtils.java:logGet(43)) - raft.grpc.message.size.max = 33570816 (custom)
2019-09-26 17:33:04,559 [main] INFO  server.RaftServerConfigKeys (ConfUtils.java:logGet(43)) - raft.server.log.appender.buffer.byte-limit = 33554432 (custom)
2019-09-26 17:33:04,560 [main] INFO  server.GrpcService (ConfUtils.java:logGet(43)) - raft.grpc.flow.control.window = 1MB (=1048576) (default)
2019-09-26 17:33:04,560 [main] INFO  server.RaftServerConfigKeys (ConfUtils.java:logGet(43)) - raft.server.rpc.request.timeout = 3000ms (default)
2019-09-26 17:33:04,560 [main] INFO  server.RaftServerConfigKeys (ConfUtils.java:logGet(43)) - raft.server.storage.dir = [/workdir/hadoop-ozone/integration-test/target/test-dir/MiniOzoneClusterImpl-e957bdb1-9b3f-4e03-89f8-47fdabd8daf2/datanode-1/data/ratis] (custom)
2019-09-26 17:33:04,563 [main] INFO  hdfs.DFSUtil (DFSUtil.java:httpServerTemplateForNNAndJN(1641)) - Starting Web-server for hddsDatanode at: http://0.0.0.0:0
2019-09-26 17:33:04,565 [main] INFO  server.AuthenticationFilter (AuthenticationFilter.java:constructSecretProvider(240)) - Unable to initialize FileSignerSecretProvider, falling back to use random secrets.
2019-09-26 17:33:04,566 [main] WARN  http.HttpRequestLog (HttpRequestLog.java:getRequestLog(97)) - Jetty request log can only be enabled using Log4j
2019-09-26 17:33:04,567 [main] INFO  http.HttpServer2 (HttpServer2.java:addGlobalFilter(975)) - Added global filter 'safety' (class=org.apache.hadoop.http.HttpServer2$QuotingInputFilter)
2019-09-26 17:33:04,568 [main] INFO  http.HttpServer2 (HttpServer2.java:addFilter(948)) - Added filter static_user_filter (class=org.apache.hadoop.http.lib.StaticUserWebFilter$StaticUserFilter) to context hddsDatanode
2019-09-26 17:33:04,568 [main] INFO  http.HttpServer2 (HttpServer2.java:addFilter(958)) - Added filter static_user_filter (class=org.apache.hadoop.http.lib.StaticUserWebFilter$StaticUserFilter) to context static
2019-09-26 17:33:04,568 [main] INFO  http.HttpServer2 (HttpServer2.java:addFilter(958)) - Added filter static_user_filter (class=org.apache.hadoop.http.lib.StaticUserWebFilter$StaticUserFilter) to context logs
2019-09-26 17:33:04,569 [main] INFO  http.HttpServer2 (HttpServer2.java:bindListener(1191)) - Jetty bound to port 45817
2019-09-26 17:33:04,569 [main] INFO  server.Server (Server.java:doStart(351)) - jetty-9.3.25.v20180904, build timestamp: 2018-09-04T21:11:46Z, git hash: 3ce520221d0240229c862b122d2b06c12a625732
2019-09-26 17:33:04,573 [main] INFO  handler.ContextHandler (ContextHandler.java:doStart(781)) - Started o.e.j.s.ServletContextHandler@6cd64ee8{/logs,file:///workdir/hadoop-ozone/integration-test/target/log,AVAILABLE}
2019-09-26 17:33:04,575 [main] INFO  handler.ContextHandler (ContextHandler.java:doStart(781)) - Started o.e.j.s.ServletContextHandler@2f1d0bbc{/static,jar:file:/home/user/.m2/repository/org/apache/hadoop/hadoop-hdds-container-service/0.5.0-SNAPSHOT/hadoop-hdds-container-service-0.5.0-SNAPSHOT.jar!/webapps/static,AVAILABLE}
2019-09-26 17:33:04,617 [main] INFO  handler.ContextHandler (ContextHandler.java:doStart(781)) - Started o.e.j.w.WebAppContext@59072e9d{/,file:///tmp/jetty-0.0.0.0-45817-hddsDatanode-_-any-8778874351402938157.dir/webapp/,AVAILABLE}{/hddsDatanode}
2019-09-26 17:33:04,619 [main] INFO  server.AbstractConnector (AbstractConnector.java:doStart(278)) - Started ServerConnector@58472096{HTTP/1.1,[http/1.1]}{0.0.0.0:45817}
2019-09-26 17:33:04,620 [main] INFO  server.Server (Server.java:doStart(419)) - Started @5657ms
2019-09-26 17:33:04,620 [main] WARN  impl.MetricsSystemImpl (MetricsSystemImpl.java:register(276)) - Sink prometheus already exists!
2019-09-26 17:33:04,621 [main] INFO  server.BaseHttpServer (BaseHttpServer.java:updateConnectorAddress(215)) - HTTP server of HDDSDATANODE is listening at http://0.0.0.0:45817
2019-09-26 17:33:04,621 [main] INFO  impl.MetricsSystemImpl (MetricsSystemImpl.java:init(158)) - HddsDatanode metrics system started (again)
2019-09-26 17:33:04,624 [org.apache.hadoop.util.JvmPauseMonitor$Monitor@63d2835d] INFO  util.JvmPauseMonitor (JvmPauseMonitor.java:run(188)) - Starting JVM pause monitor
2019-09-26 17:33:04,625 [main] INFO  ozone.HddsDatanodeService (HddsDatanodeService.java:start(184)) - HddsDatanodeService host:pr-hdds-2162-htzpk-1451759861 ip:192.168.157.234
2019-09-26 17:33:04,632 [main] INFO  volume.HddsVolume (HddsVolume.java:<init>(176)) - Creating Volume: /workdir/hadoop-ozone/integration-test/target/test-dir/MiniOzoneClusterImpl-e957bdb1-9b3f-4e03-89f8-47fdabd8daf2/datanode-2/data/containers/hdds of  storage type : DISK and capacity : 1482555576320
2019-09-26 17:33:04,632 [main] INFO  volume.VolumeSet (VolumeSet.java:initializeVolumeSet(170)) - Added Volume : /workdir/hadoop-ozone/integration-test/target/test-dir/MiniOzoneClusterImpl-e957bdb1-9b3f-4e03-89f8-47fdabd8daf2/datanode-2/data/containers/hdds to VolumeSet
2019-09-26 17:33:04,632 [main] INFO  volume.ThrottledAsyncChecker (ThrottledAsyncChecker.java:schedule(139)) - Scheduling a check for org.apache.hadoop.ozone.container.common.volume.HddsVolume@611a990b
2019-09-26 17:33:04,633 [main] INFO  volume.HddsVolumeChecker (HddsVolumeChecker.java:checkAllVolumes(202)) - Scheduled health check for volume org.apache.hadoop.ozone.container.common.volume.HddsVolume@611a990b
2019-09-26 17:33:04,648 [main] INFO  impl.RaftServerProxy (ConfUtils.java:logGet(43)) - raft.rpc.type = GRPC (default)
2019-09-26 17:33:04,648 [main] INFO  grpc.GrpcFactory (GrpcFactory.java:checkPooledByteBufAllocatorUseCacheForAllThreads(45)) - PERFORMANCE WARNING: useCacheForAllThreads is true that may cause Netty to create a lot garbage objects and, as a result, trigger GC.
	It is recommended to disable useCacheForAllThreads by setting -Dorg.apache.ratis.thirdparty.io.netty.allocator.useCacheForAllThreads=false in command line.
2019-09-26 17:33:04,648 [main] INFO  grpc.GrpcConfigKeys$Server (ConfUtils.java:logGet(43)) - raft.grpc.server.port = 0 (default)
2019-09-26 17:33:04,648 [main] INFO  server.GrpcService (ConfUtils.java:logGet(43)) - raft.grpc.message.size.max = 33570816 (custom)
2019-09-26 17:33:04,649 [main] INFO  server.RaftServerConfigKeys (ConfUtils.java:logGet(43)) - raft.server.log.appender.buffer.byte-limit = 33554432 (custom)
2019-09-26 17:33:04,649 [main] INFO  server.GrpcService (ConfUtils.java:logGet(43)) - raft.grpc.flow.control.window = 1MB (=1048576) (default)
2019-09-26 17:33:04,649 [main] INFO  server.RaftServerConfigKeys (ConfUtils.java:logGet(43)) - raft.server.rpc.request.timeout = 3000ms (default)
2019-09-26 17:33:04,650 [main] INFO  server.RaftServerConfigKeys (ConfUtils.java:logGet(43)) - raft.server.storage.dir = [/workdir/hadoop-ozone/integration-test/target/test-dir/MiniOzoneClusterImpl-e957bdb1-9b3f-4e03-89f8-47fdabd8daf2/datanode-2/data/ratis] (custom)
2019-09-26 17:33:04,652 [main] INFO  hdfs.DFSUtil (DFSUtil.java:httpServerTemplateForNNAndJN(1641)) - Starting Web-server for hddsDatanode at: http://0.0.0.0:0
2019-09-26 17:33:04,653 [main] INFO  server.AuthenticationFilter (AuthenticationFilter.java:constructSecretProvider(240)) - Unable to initialize FileSignerSecretProvider, falling back to use random secrets.
2019-09-26 17:33:04,654 [main] WARN  http.HttpRequestLog (HttpRequestLog.java:getRequestLog(97)) - Jetty request log can only be enabled using Log4j
2019-09-26 17:33:04,655 [main] INFO  http.HttpServer2 (HttpServer2.java:addGlobalFilter(975)) - Added global filter 'safety' (class=org.apache.hadoop.http.HttpServer2$QuotingInputFilter)
2019-09-26 17:33:04,656 [main] INFO  http.HttpServer2 (HttpServer2.java:addFilter(948)) - Added filter static_user_filter (class=org.apache.hadoop.http.lib.StaticUserWebFilter$StaticUserFilter) to context hddsDatanode
2019-09-26 17:33:04,656 [main] INFO  http.HttpServer2 (HttpServer2.java:addFilter(958)) - Added filter static_user_filter (class=org.apache.hadoop.http.lib.StaticUserWebFilter$StaticUserFilter) to context logs
2019-09-26 17:33:04,656 [main] INFO  http.HttpServer2 (HttpServer2.java:addFilter(958)) - Added filter static_user_filter (class=org.apache.hadoop.http.lib.StaticUserWebFilter$StaticUserFilter) to context static
2019-09-26 17:33:04,657 [main] INFO  http.HttpServer2 (HttpServer2.java:bindListener(1191)) - Jetty bound to port 39858
2019-09-26 17:33:04,657 [main] INFO  server.Server (Server.java:doStart(351)) - jetty-9.3.25.v20180904, build timestamp: 2018-09-04T21:11:46Z, git hash: 3ce520221d0240229c862b122d2b06c12a625732
2019-09-26 17:33:04,659 [main] INFO  handler.ContextHandler (ContextHandler.java:doStart(781)) - Started o.e.j.s.ServletContextHandler@5624657a{/logs,file:///workdir/hadoop-ozone/integration-test/target/log,AVAILABLE}
2019-09-26 17:33:04,660 [main] INFO  handler.ContextHandler (ContextHandler.java:doStart(781)) - Started o.e.j.s.ServletContextHandler@4d21c56e{/static,jar:file:/home/user/.m2/repository/org/apache/hadoop/hadoop-hdds-container-service/0.5.0-SNAPSHOT/hadoop-hdds-container-service-0.5.0-SNAPSHOT.jar!/webapps/static,AVAILABLE}
2019-09-26 17:33:04,666 [Datanode State Machine Thread - 0] INFO  datanode.InitDatanodeState (InitDatanodeState.java:persistContainerDatanodeDetails(140)) - DatanodeDetails is persisted to /workdir/hadoop-ozone/integration-test/target/test-dir/MiniOzoneClusterImpl-e957bdb1-9b3f-4e03-89f8-47fdabd8daf2/datanode-0/meta/datanode.id
2019-09-26 17:33:04,670 [Datanode State Machine Thread - 0] INFO  datanode.InitDatanodeState (InitDatanodeState.java:persistContainerDatanodeDetails(140)) - DatanodeDetails is persisted to /workdir/hadoop-ozone/integration-test/target/test-dir/MiniOzoneClusterImpl-e957bdb1-9b3f-4e03-89f8-47fdabd8daf2/datanode-1/meta/datanode.id
2019-09-26 17:33:04,692 [main] INFO  handler.ContextHandler (ContextHandler.java:doStart(781)) - Started o.e.j.w.WebAppContext@4a163575{/,file:///tmp/jetty-0.0.0.0-39858-hddsDatanode-_-any-2161785872193467986.dir/webapp/,AVAILABLE}{/hddsDatanode}
2019-09-26 17:33:04,693 [main] INFO  server.AbstractConnector (AbstractConnector.java:doStart(278)) - Started ServerConnector@7e642b88{HTTP/1.1,[http/1.1]}{0.0.0.0:39858}
2019-09-26 17:33:04,694 [main] INFO  server.Server (Server.java:doStart(419)) - Started @5731ms
2019-09-26 17:33:04,694 [main] WARN  impl.MetricsSystemImpl (MetricsSystemImpl.java:register(276)) - Sink prometheus already exists!
2019-09-26 17:33:04,695 [main] INFO  server.BaseHttpServer (BaseHttpServer.java:updateConnectorAddress(215)) - HTTP server of HDDSDATANODE is listening at http://0.0.0.0:39858
2019-09-26 17:33:04,695 [main] INFO  impl.MetricsSystemImpl (MetricsSystemImpl.java:init(158)) - HddsDatanode metrics system started (again)
2019-09-26 17:33:04,698 [org.apache.hadoop.util.JvmPauseMonitor$Monitor@612e8c12] INFO  util.JvmPauseMonitor (JvmPauseMonitor.java:run(188)) - Starting JVM pause monitor
2019-09-26 17:33:04,698 [main] INFO  ozone.HddsDatanodeService (HddsDatanodeService.java:start(184)) - HddsDatanodeService host:pr-hdds-2162-htzpk-1451759861 ip:192.168.157.234
2019-09-26 17:33:04,700 [Datanode State Machine Thread - 0] INFO  datanode.InitDatanodeState (InitDatanodeState.java:persistContainerDatanodeDetails(140)) - DatanodeDetails is persisted to /workdir/hadoop-ozone/integration-test/target/test-dir/MiniOzoneClusterImpl-e957bdb1-9b3f-4e03-89f8-47fdabd8daf2/datanode-2/meta/datanode.id
2019-09-26 17:33:04,705 [main] INFO  volume.HddsVolume (HddsVolume.java:<init>(176)) - Creating Volume: /workdir/hadoop-ozone/integration-test/target/test-dir/MiniOzoneClusterImpl-e957bdb1-9b3f-4e03-89f8-47fdabd8daf2/datanode-3/data/containers/hdds of  storage type : DISK and capacity : 1482555576320
2019-09-26 17:33:04,706 [main] INFO  volume.VolumeSet (VolumeSet.java:initializeVolumeSet(170)) - Added Volume : /workdir/hadoop-ozone/integration-test/target/test-dir/MiniOzoneClusterImpl-e957bdb1-9b3f-4e03-89f8-47fdabd8daf2/datanode-3/data/containers/hdds to VolumeSet
2019-09-26 17:33:04,706 [main] INFO  volume.ThrottledAsyncChecker (ThrottledAsyncChecker.java:schedule(139)) - Scheduling a check for org.apache.hadoop.ozone.container.common.volume.HddsVolume@6540cf1d
2019-09-26 17:33:04,706 [main] INFO  volume.HddsVolumeChecker (HddsVolumeChecker.java:checkAllVolumes(202)) - Scheduled health check for volume org.apache.hadoop.ozone.container.common.volume.HddsVolume@6540cf1d
2019-09-26 17:33:04,720 [main] INFO  impl.RaftServerProxy (ConfUtils.java:logGet(43)) - raft.rpc.type = GRPC (default)
2019-09-26 17:33:04,720 [main] INFO  grpc.GrpcFactory (GrpcFactory.java:checkPooledByteBufAllocatorUseCacheForAllThreads(45)) - PERFORMANCE WARNING: useCacheForAllThreads is true that may cause Netty to create a lot garbage objects and, as a result, trigger GC.
	It is recommended to disable useCacheForAllThreads by setting -Dorg.apache.ratis.thirdparty.io.netty.allocator.useCacheForAllThreads=false in command line.
2019-09-26 17:33:04,720 [main] INFO  grpc.GrpcConfigKeys$Server (ConfUtils.java:logGet(43)) - raft.grpc.server.port = 0 (default)
2019-09-26 17:33:04,721 [main] INFO  server.GrpcService (ConfUtils.java:logGet(43)) - raft.grpc.message.size.max = 33570816 (custom)
2019-09-26 17:33:04,721 [main] INFO  server.RaftServerConfigKeys (ConfUtils.java:logGet(43)) - raft.server.log.appender.buffer.byte-limit = 33554432 (custom)
2019-09-26 17:33:04,721 [main] INFO  server.GrpcService (ConfUtils.java:logGet(43)) - raft.grpc.flow.control.window = 1MB (=1048576) (default)
2019-09-26 17:33:04,721 [main] INFO  server.RaftServerConfigKeys (ConfUtils.java:logGet(43)) - raft.server.rpc.request.timeout = 3000ms (default)
2019-09-26 17:33:04,722 [main] INFO  server.RaftServerConfigKeys (ConfUtils.java:logGet(43)) - raft.server.storage.dir = [/workdir/hadoop-ozone/integration-test/target/test-dir/MiniOzoneClusterImpl-e957bdb1-9b3f-4e03-89f8-47fdabd8daf2/datanode-3/data/ratis] (custom)
2019-09-26 17:33:04,724 [main] INFO  hdfs.DFSUtil (DFSUtil.java:httpServerTemplateForNNAndJN(1641)) - Starting Web-server for hddsDatanode at: http://0.0.0.0:0
2019-09-26 17:33:04,725 [main] INFO  server.AuthenticationFilter (AuthenticationFilter.java:constructSecretProvider(240)) - Unable to initialize FileSignerSecretProvider, falling back to use random secrets.
2019-09-26 17:33:04,725 [main] WARN  http.HttpRequestLog (HttpRequestLog.java:getRequestLog(97)) - Jetty request log can only be enabled using Log4j
2019-09-26 17:33:04,727 [main] INFO  http.HttpServer2 (HttpServer2.java:addGlobalFilter(975)) - Added global filter 'safety' (class=org.apache.hadoop.http.HttpServer2$QuotingInputFilter)
2019-09-26 17:33:04,727 [main] INFO  http.HttpServer2 (HttpServer2.java:addFilter(948)) - Added filter static_user_filter (class=org.apache.hadoop.http.lib.StaticUserWebFilter$StaticUserFilter) to context hddsDatanode
2019-09-26 17:33:04,727 [main] INFO  http.HttpServer2 (HttpServer2.java:addFilter(958)) - Added filter static_user_filter (class=org.apache.hadoop.http.lib.StaticUserWebFilter$StaticUserFilter) to context static
2019-09-26 17:33:04,727 [main] INFO  http.HttpServer2 (HttpServer2.java:addFilter(958)) - Added filter static_user_filter (class=org.apache.hadoop.http.lib.StaticUserWebFilter$StaticUserFilter) to context logs
2019-09-26 17:33:04,728 [main] INFO  http.HttpServer2 (HttpServer2.java:bindListener(1191)) - Jetty bound to port 34548
2019-09-26 17:33:04,728 [main] INFO  server.Server (Server.java:doStart(351)) - jetty-9.3.25.v20180904, build timestamp: 2018-09-04T21:11:46Z, git hash: 3ce520221d0240229c862b122d2b06c12a625732
2019-09-26 17:33:04,732 [main] INFO  handler.ContextHandler (ContextHandler.java:doStart(781)) - Started o.e.j.s.ServletContextHandler@378cfecf{/logs,file:///workdir/hadoop-ozone/integration-test/target/log,AVAILABLE}
2019-09-26 17:33:04,732 [main] INFO  handler.ContextHandler (ContextHandler.java:doStart(781)) - Started o.e.j.s.ServletContextHandler@5e7c141d{/static,jar:file:/home/user/.m2/repository/org/apache/hadoop/hadoop-hdds-container-service/0.5.0-SNAPSHOT/hadoop-hdds-container-service-0.5.0-SNAPSHOT.jar!/webapps/static,AVAILABLE}
2019-09-26 17:33:04,761 [main] INFO  handler.ContextHandler (ContextHandler.java:doStart(781)) - Started o.e.j.w.WebAppContext@437486cd{/,file:///tmp/jetty-0.0.0.0-34548-hddsDatanode-_-any-5704416443178893416.dir/webapp/,AVAILABLE}{/hddsDatanode}
2019-09-26 17:33:04,762 [main] INFO  server.AbstractConnector (AbstractConnector.java:doStart(278)) - Started ServerConnector@15b642b9{HTTP/1.1,[http/1.1]}{0.0.0.0:34548}
2019-09-26 17:33:04,763 [main] INFO  server.Server (Server.java:doStart(419)) - Started @5800ms
2019-09-26 17:33:04,763 [main] WARN  impl.MetricsSystemImpl (MetricsSystemImpl.java:register(276)) - Sink prometheus already exists!
2019-09-26 17:33:04,764 [main] INFO  server.BaseHttpServer (BaseHttpServer.java:updateConnectorAddress(215)) - HTTP server of HDDSDATANODE is listening at http://0.0.0.0:34548
2019-09-26 17:33:04,764 [main] INFO  impl.MetricsSystemImpl (MetricsSystemImpl.java:init(158)) - HddsDatanode metrics system started (again)
2019-09-26 17:33:04,767 [org.apache.hadoop.util.JvmPauseMonitor$Monitor@65b946b] INFO  util.JvmPauseMonitor (JvmPauseMonitor.java:run(188)) - Starting JVM pause monitor
2019-09-26 17:33:04,768 [main] INFO  ozone.HddsDatanodeService (HddsDatanodeService.java:start(184)) - HddsDatanodeService host:pr-hdds-2162-htzpk-1451759861 ip:192.168.157.234
2019-09-26 17:33:04,770 [Datanode State Machine Thread - 0] INFO  datanode.InitDatanodeState (InitDatanodeState.java:persistContainerDatanodeDetails(140)) - DatanodeDetails is persisted to /workdir/hadoop-ozone/integration-test/target/test-dir/MiniOzoneClusterImpl-e957bdb1-9b3f-4e03-89f8-47fdabd8daf2/datanode-3/meta/datanode.id
2019-09-26 17:33:04,776 [main] INFO  volume.HddsVolume (HddsVolume.java:<init>(176)) - Creating Volume: /workdir/hadoop-ozone/integration-test/target/test-dir/MiniOzoneClusterImpl-e957bdb1-9b3f-4e03-89f8-47fdabd8daf2/datanode-4/data/containers/hdds of  storage type : DISK and capacity : 1482555576320
2019-09-26 17:33:04,776 [main] INFO  volume.VolumeSet (VolumeSet.java:initializeVolumeSet(170)) - Added Volume : /workdir/hadoop-ozone/integration-test/target/test-dir/MiniOzoneClusterImpl-e957bdb1-9b3f-4e03-89f8-47fdabd8daf2/datanode-4/data/containers/hdds to VolumeSet
2019-09-26 17:33:04,776 [main] INFO  volume.ThrottledAsyncChecker (ThrottledAsyncChecker.java:schedule(139)) - Scheduling a check for org.apache.hadoop.ozone.container.common.volume.HddsVolume@2f897dab
2019-09-26 17:33:04,777 [main] INFO  volume.HddsVolumeChecker (HddsVolumeChecker.java:checkAllVolumes(202)) - Scheduled health check for volume org.apache.hadoop.ozone.container.common.volume.HddsVolume@2f897dab
2019-09-26 17:33:04,790 [main] INFO  impl.RaftServerProxy (ConfUtils.java:logGet(43)) - raft.rpc.type = GRPC (default)
2019-09-26 17:33:04,790 [main] INFO  grpc.GrpcFactory (GrpcFactory.java:checkPooledByteBufAllocatorUseCacheForAllThreads(45)) - PERFORMANCE WARNING: useCacheForAllThreads is true that may cause Netty to create a lot garbage objects and, as a result, trigger GC.
	It is recommended to disable useCacheForAllThreads by setting -Dorg.apache.ratis.thirdparty.io.netty.allocator.useCacheForAllThreads=false in command line.
2019-09-26 17:33:04,790 [main] INFO  grpc.GrpcConfigKeys$Server (ConfUtils.java:logGet(43)) - raft.grpc.server.port = 0 (default)
2019-09-26 17:33:04,790 [main] INFO  server.GrpcService (ConfUtils.java:logGet(43)) - raft.grpc.message.size.max = 33570816 (custom)
2019-09-26 17:33:04,791 [main] INFO  server.RaftServerConfigKeys (ConfUtils.java:logGet(43)) - raft.server.log.appender.buffer.byte-limit = 33554432 (custom)
2019-09-26 17:33:04,791 [main] INFO  server.GrpcService (ConfUtils.java:logGet(43)) - raft.grpc.flow.control.window = 1MB (=1048576) (default)
2019-09-26 17:33:04,791 [main] INFO  server.RaftServerConfigKeys (ConfUtils.java:logGet(43)) - raft.server.rpc.request.timeout = 3000ms (default)
2019-09-26 17:33:04,792 [main] INFO  server.RaftServerConfigKeys (ConfUtils.java:logGet(43)) - raft.server.storage.dir = [/workdir/hadoop-ozone/integration-test/target/test-dir/MiniOzoneClusterImpl-e957bdb1-9b3f-4e03-89f8-47fdabd8daf2/datanode-4/data/ratis] (custom)
2019-09-26 17:33:04,793 [main] INFO  hdfs.DFSUtil (DFSUtil.java:httpServerTemplateForNNAndJN(1641)) - Starting Web-server for hddsDatanode at: http://0.0.0.0:0
2019-09-26 17:33:04,794 [main] INFO  server.AuthenticationFilter (AuthenticationFilter.java:constructSecretProvider(240)) - Unable to initialize FileSignerSecretProvider, falling back to use random secrets.
2019-09-26 17:33:04,795 [main] WARN  http.HttpRequestLog (HttpRequestLog.java:getRequestLog(97)) - Jetty request log can only be enabled using Log4j
2019-09-26 17:33:04,796 [main] INFO  http.HttpServer2 (HttpServer2.java:addGlobalFilter(975)) - Added global filter 'safety' (class=org.apache.hadoop.http.HttpServer2$QuotingInputFilter)
2019-09-26 17:33:04,797 [main] INFO  http.HttpServer2 (HttpServer2.java:addFilter(948)) - Added filter static_user_filter (class=org.apache.hadoop.http.lib.StaticUserWebFilter$StaticUserFilter) to context hddsDatanode
2019-09-26 17:33:04,797 [main] INFO  http.HttpServer2 (HttpServer2.java:addFilter(958)) - Added filter static_user_filter (class=org.apache.hadoop.http.lib.StaticUserWebFilter$StaticUserFilter) to context logs
2019-09-26 17:33:04,797 [main] INFO  http.HttpServer2 (HttpServer2.java:addFilter(958)) - Added filter static_user_filter (class=org.apache.hadoop.http.lib.StaticUserWebFilter$StaticUserFilter) to context static
2019-09-26 17:33:04,798 [main] INFO  http.HttpServer2 (HttpServer2.java:bindListener(1191)) - Jetty bound to port 40079
2019-09-26 17:33:04,798 [main] INFO  server.Server (Server.java:doStart(351)) - jetty-9.3.25.v20180904, build timestamp: 2018-09-04T21:11:46Z, git hash: 3ce520221d0240229c862b122d2b06c12a625732
2019-09-26 17:33:04,800 [main] INFO  handler.ContextHandler (ContextHandler.java:doStart(781)) - Started o.e.j.s.ServletContextHandler@67e13bd0{/logs,file:///workdir/hadoop-ozone/integration-test/target/log,AVAILABLE}
2019-09-26 17:33:04,800 [main] INFO  handler.ContextHandler (ContextHandler.java:doStart(781)) - Started o.e.j.s.ServletContextHandler@2cae9b8{/static,jar:file:/home/user/.m2/repository/org/apache/hadoop/hadoop-hdds-container-service/0.5.0-SNAPSHOT/hadoop-hdds-container-service-0.5.0-SNAPSHOT.jar!/webapps/static,AVAILABLE}
2019-09-26 17:33:04,828 [main] INFO  handler.ContextHandler (ContextHandler.java:doStart(781)) - Started o.e.j.w.WebAppContext@53cf9c99{/,file:///tmp/jetty-0.0.0.0-40079-hddsDatanode-_-any-6037001394697290105.dir/webapp/,AVAILABLE}{/hddsDatanode}
2019-09-26 17:33:04,829 [main] INFO  server.AbstractConnector (AbstractConnector.java:doStart(278)) - Started ServerConnector@7b306b9f{HTTP/1.1,[http/1.1]}{0.0.0.0:40079}
2019-09-26 17:33:04,830 [main] INFO  server.Server (Server.java:doStart(419)) - Started @5867ms
2019-09-26 17:33:04,832 [main] WARN  impl.MetricsSystemImpl (MetricsSystemImpl.java:register(276)) - Sink prometheus already exists!
2019-09-26 17:33:04,833 [main] INFO  server.BaseHttpServer (BaseHttpServer.java:updateConnectorAddress(215)) - HTTP server of HDDSDATANODE is listening at http://0.0.0.0:40079
2019-09-26 17:33:04,834 [main] INFO  impl.MetricsSystemImpl (MetricsSystemImpl.java:init(158)) - HddsDatanode metrics system started (again)
2019-09-26 17:33:04,837 [main] INFO  ozone.HddsDatanodeService (HddsDatanodeService.java:start(184)) - HddsDatanodeService host:pr-hdds-2162-htzpk-1451759861 ip:192.168.157.234
2019-09-26 17:33:04,838 [org.apache.hadoop.util.JvmPauseMonitor$Monitor@4b55ebf6] INFO  util.JvmPauseMonitor (JvmPauseMonitor.java:run(188)) - Starting JVM pause monitor
2019-09-26 17:33:04,841 [Datanode State Machine Thread - 0] INFO  datanode.InitDatanodeState (InitDatanodeState.java:persistContainerDatanodeDetails(140)) - DatanodeDetails is persisted to /workdir/hadoop-ozone/integration-test/target/test-dir/MiniOzoneClusterImpl-e957bdb1-9b3f-4e03-89f8-47fdabd8daf2/datanode-4/meta/datanode.id
2019-09-26 17:33:04,845 [main] INFO  volume.HddsVolume (HddsVolume.java:<init>(176)) - Creating Volume: /workdir/hadoop-ozone/integration-test/target/test-dir/MiniOzoneClusterImpl-e957bdb1-9b3f-4e03-89f8-47fdabd8daf2/datanode-5/data/containers/hdds of  storage type : DISK and capacity : 1482555576320
2019-09-26 17:33:04,846 [main] INFO  volume.VolumeSet (VolumeSet.java:initializeVolumeSet(170)) - Added Volume : /workdir/hadoop-ozone/integration-test/target/test-dir/MiniOzoneClusterImpl-e957bdb1-9b3f-4e03-89f8-47fdabd8daf2/datanode-5/data/containers/hdds to VolumeSet
2019-09-26 17:33:04,846 [main] INFO  volume.ThrottledAsyncChecker (ThrottledAsyncChecker.java:schedule(139)) - Scheduling a check for org.apache.hadoop.ozone.container.common.volume.HddsVolume@6f911326
2019-09-26 17:33:04,847 [main] INFO  volume.HddsVolumeChecker (HddsVolumeChecker.java:checkAllVolumes(202)) - Scheduled health check for volume org.apache.hadoop.ozone.container.common.volume.HddsVolume@6f911326
2019-09-26 17:33:04,868 [main] INFO  impl.RaftServerProxy (ConfUtils.java:logGet(43)) - raft.rpc.type = GRPC (default)
2019-09-26 17:33:04,868 [main] INFO  grpc.GrpcFactory (GrpcFactory.java:checkPooledByteBufAllocatorUseCacheForAllThreads(45)) - PERFORMANCE WARNING: useCacheForAllThreads is true that may cause Netty to create a lot garbage objects and, as a result, trigger GC.
	It is recommended to disable useCacheForAllThreads by setting -Dorg.apache.ratis.thirdparty.io.netty.allocator.useCacheForAllThreads=false in command line.
2019-09-26 17:33:04,869 [main] INFO  grpc.GrpcConfigKeys$Server (ConfUtils.java:logGet(43)) - raft.grpc.server.port = 0 (default)
2019-09-26 17:33:04,869 [main] INFO  server.GrpcService (ConfUtils.java:logGet(43)) - raft.grpc.message.size.max = 33570816 (custom)
2019-09-26 17:33:04,869 [main] INFO  server.RaftServerConfigKeys (ConfUtils.java:logGet(43)) - raft.server.log.appender.buffer.byte-limit = 33554432 (custom)
2019-09-26 17:33:04,870 [main] INFO  server.GrpcService (ConfUtils.java:logGet(43)) - raft.grpc.flow.control.window = 1MB (=1048576) (default)
2019-09-26 17:33:04,870 [main] INFO  server.RaftServerConfigKeys (ConfUtils.java:logGet(43)) - raft.server.rpc.request.timeout = 3000ms (default)
2019-09-26 17:33:04,871 [main] INFO  server.RaftServerConfigKeys (ConfUtils.java:logGet(43)) - raft.server.storage.dir = [/workdir/hadoop-ozone/integration-test/target/test-dir/MiniOzoneClusterImpl-e957bdb1-9b3f-4e03-89f8-47fdabd8daf2/datanode-5/data/ratis] (custom)
2019-09-26 17:33:04,873 [main] INFO  hdfs.DFSUtil (DFSUtil.java:httpServerTemplateForNNAndJN(1641)) - Starting Web-server for hddsDatanode at: http://0.0.0.0:0
2019-09-26 17:33:04,874 [main] INFO  server.AuthenticationFilter (AuthenticationFilter.java:constructSecretProvider(240)) - Unable to initialize FileSignerSecretProvider, falling back to use random secrets.
2019-09-26 17:33:04,875 [main] WARN  http.HttpRequestLog (HttpRequestLog.java:getRequestLog(97)) - Jetty request log can only be enabled using Log4j
2019-09-26 17:33:04,877 [main] INFO  http.HttpServer2 (HttpServer2.java:addGlobalFilter(975)) - Added global filter 'safety' (class=org.apache.hadoop.http.HttpServer2$QuotingInputFilter)
2019-09-26 17:33:04,877 [main] INFO  http.HttpServer2 (HttpServer2.java:addFilter(948)) - Added filter static_user_filter (class=org.apache.hadoop.http.lib.StaticUserWebFilter$StaticUserFilter) to context hddsDatanode
2019-09-26 17:33:04,878 [main] INFO  http.HttpServer2 (HttpServer2.java:addFilter(958)) - Added filter static_user_filter (class=org.apache.hadoop.http.lib.StaticUserWebFilter$StaticUserFilter) to context logs
2019-09-26 17:33:04,878 [main] INFO  http.HttpServer2 (HttpServer2.java:addFilter(958)) - Added filter static_user_filter (class=org.apache.hadoop.http.lib.StaticUserWebFilter$StaticUserFilter) to context static
2019-09-26 17:33:04,879 [main] INFO  http.HttpServer2 (HttpServer2.java:bindListener(1191)) - Jetty bound to port 44672
2019-09-26 17:33:04,879 [main] INFO  server.Server (Server.java:doStart(351)) - jetty-9.3.25.v20180904, build timestamp: 2018-09-04T21:11:46Z, git hash: 3ce520221d0240229c862b122d2b06c12a625732
2019-09-26 17:33:04,881 [main] INFO  handler.ContextHandler (ContextHandler.java:doStart(781)) - Started o.e.j.s.ServletContextHandler@6cf0a747{/logs,file:///workdir/hadoop-ozone/integration-test/target/log,AVAILABLE}
2019-09-26 17:33:04,882 [main] INFO  handler.ContextHandler (ContextHandler.java:doStart(781)) - Started o.e.j.s.ServletContextHandler@7e53339{/static,jar:file:/home/user/.m2/repository/org/apache/hadoop/hadoop-hdds-container-service/0.5.0-SNAPSHOT/hadoop-hdds-container-service-0.5.0-SNAPSHOT.jar!/webapps/static,AVAILABLE}
2019-09-26 17:33:04,912 [main] INFO  handler.ContextHandler (ContextHandler.java:doStart(781)) - Started o.e.j.w.WebAppContext@17143b3b{/,file:///tmp/jetty-0.0.0.0-44672-hddsDatanode-_-any-6396295612300345829.dir/webapp/,AVAILABLE}{/hddsDatanode}
2019-09-26 17:33:04,914 [main] INFO  server.AbstractConnector (AbstractConnector.java:doStart(278)) - Started ServerConnector@100c8b75{HTTP/1.1,[http/1.1]}{0.0.0.0:44672}
2019-09-26 17:33:04,914 [main] INFO  server.Server (Server.java:doStart(419)) - Started @5951ms
2019-09-26 17:33:04,915 [main] WARN  impl.MetricsSystemImpl (MetricsSystemImpl.java:register(276)) - Sink prometheus already exists!
2019-09-26 17:33:04,915 [main] INFO  server.BaseHttpServer (BaseHttpServer.java:updateConnectorAddress(215)) - HTTP server of HDDSDATANODE is listening at http://0.0.0.0:44672
2019-09-26 17:33:04,916 [main] INFO  impl.MetricsSystemImpl (MetricsSystemImpl.java:init(158)) - HddsDatanode metrics system started (again)
2019-09-26 17:33:04,920 [main] INFO  ozone.HddsDatanodeService (HddsDatanodeService.java:start(184)) - HddsDatanodeService host:pr-hdds-2162-htzpk-1451759861 ip:192.168.157.234
2019-09-26 17:33:04,920 [org.apache.hadoop.util.JvmPauseMonitor$Monitor@2d6a5a98] INFO  util.JvmPauseMonitor (JvmPauseMonitor.java:run(188)) - Starting JVM pause monitor
2019-09-26 17:33:04,924 [Datanode State Machine Thread - 0] INFO  datanode.InitDatanodeState (InitDatanodeState.java:persistContainerDatanodeDetails(140)) - DatanodeDetails is persisted to /workdir/hadoop-ozone/integration-test/target/test-dir/MiniOzoneClusterImpl-e957bdb1-9b3f-4e03-89f8-47fdabd8daf2/datanode-5/meta/datanode.id
2019-09-26 17:33:04,930 [main] INFO  volume.HddsVolume (HddsVolume.java:<init>(176)) - Creating Volume: /workdir/hadoop-ozone/integration-test/target/test-dir/MiniOzoneClusterImpl-e957bdb1-9b3f-4e03-89f8-47fdabd8daf2/datanode-6/data/containers/hdds of  storage type : DISK and capacity : 1482555576320
2019-09-26 17:33:04,930 [main] INFO  volume.VolumeSet (VolumeSet.java:initializeVolumeSet(170)) - Added Volume : /workdir/hadoop-ozone/integration-test/target/test-dir/MiniOzoneClusterImpl-e957bdb1-9b3f-4e03-89f8-47fdabd8daf2/datanode-6/data/containers/hdds to VolumeSet
2019-09-26 17:33:04,930 [main] INFO  volume.ThrottledAsyncChecker (ThrottledAsyncChecker.java:schedule(139)) - Scheduling a check for org.apache.hadoop.ozone.container.common.volume.HddsVolume@363c4251
2019-09-26 17:33:04,931 [main] INFO  volume.HddsVolumeChecker (HddsVolumeChecker.java:checkAllVolumes(202)) - Scheduled health check for volume org.apache.hadoop.ozone.container.common.volume.HddsVolume@363c4251
2019-09-26 17:33:04,945 [main] INFO  impl.RaftServerProxy (ConfUtils.java:logGet(43)) - raft.rpc.type = GRPC (default)
2019-09-26 17:33:04,946 [main] INFO  grpc.GrpcFactory (GrpcFactory.java:checkPooledByteBufAllocatorUseCacheForAllThreads(45)) - PERFORMANCE WARNING: useCacheForAllThreads is true that may cause Netty to create a lot garbage objects and, as a result, trigger GC.
	It is recommended to disable useCacheForAllThreads by setting -Dorg.apache.ratis.thirdparty.io.netty.allocator.useCacheForAllThreads=false in command line.
2019-09-26 17:33:04,946 [main] INFO  grpc.GrpcConfigKeys$Server (ConfUtils.java:logGet(43)) - raft.grpc.server.port = 0 (default)
2019-09-26 17:33:04,946 [main] INFO  server.GrpcService (ConfUtils.java:logGet(43)) - raft.grpc.message.size.max = 33570816 (custom)
2019-09-26 17:33:04,946 [main] INFO  server.RaftServerConfigKeys (ConfUtils.java:logGet(43)) - raft.server.log.appender.buffer.byte-limit = 33554432 (custom)
2019-09-26 17:33:04,946 [main] INFO  server.GrpcService (ConfUtils.java:logGet(43)) - raft.grpc.flow.control.window = 1MB (=1048576) (default)
2019-09-26 17:33:04,947 [main] INFO  server.RaftServerConfigKeys (ConfUtils.java:logGet(43)) - raft.server.rpc.request.timeout = 3000ms (default)
2019-09-26 17:33:04,947 [main] INFO  server.RaftServerConfigKeys (ConfUtils.java:logGet(43)) - raft.server.storage.dir = [/workdir/hadoop-ozone/integration-test/target/test-dir/MiniOzoneClusterImpl-e957bdb1-9b3f-4e03-89f8-47fdabd8daf2/datanode-6/data/ratis] (custom)
2019-09-26 17:33:04,949 [main] INFO  hdfs.DFSUtil (DFSUtil.java:httpServerTemplateForNNAndJN(1641)) - Starting Web-server for hddsDatanode at: http://0.0.0.0:0
2019-09-26 17:33:04,950 [main] INFO  server.AuthenticationFilter (AuthenticationFilter.java:constructSecretProvider(240)) - Unable to initialize FileSignerSecretProvider, falling back to use random secrets.
2019-09-26 17:33:04,951 [main] WARN  http.HttpRequestLog (HttpRequestLog.java:getRequestLog(97)) - Jetty request log can only be enabled using Log4j
2019-09-26 17:33:04,952 [main] INFO  http.HttpServer2 (HttpServer2.java:addGlobalFilter(975)) - Added global filter 'safety' (class=org.apache.hadoop.http.HttpServer2$QuotingInputFilter)
2019-09-26 17:33:04,953 [main] INFO  http.HttpServer2 (HttpServer2.java:addFilter(948)) - Added filter static_user_filter (class=org.apache.hadoop.http.lib.StaticUserWebFilter$StaticUserFilter) to context hddsDatanode
2019-09-26 17:33:04,953 [main] INFO  http.HttpServer2 (HttpServer2.java:addFilter(958)) - Added filter static_user_filter (class=org.apache.hadoop.http.lib.StaticUserWebFilter$StaticUserFilter) to context logs
2019-09-26 17:33:04,953 [main] INFO  http.HttpServer2 (HttpServer2.java:addFilter(958)) - Added filter static_user_filter (class=org.apache.hadoop.http.lib.StaticUserWebFilter$StaticUserFilter) to context static
2019-09-26 17:33:04,954 [main] INFO  http.HttpServer2 (HttpServer2.java:bindListener(1191)) - Jetty bound to port 34959
2019-09-26 17:33:04,954 [main] INFO  server.Server (Server.java:doStart(351)) - jetty-9.3.25.v20180904, build timestamp: 2018-09-04T21:11:46Z, git hash: 3ce520221d0240229c862b122d2b06c12a625732
2019-09-26 17:33:04,956 [main] INFO  handler.ContextHandler (ContextHandler.java:doStart(781)) - Started o.e.j.s.ServletContextHandler@7c8c70d6{/logs,file:///workdir/hadoop-ozone/integration-test/target/log,AVAILABLE}
2019-09-26 17:33:04,956 [main] INFO  handler.ContextHandler (ContextHandler.java:doStart(781)) - Started o.e.j.s.ServletContextHandler@6edf29c1{/static,jar:file:/home/user/.m2/repository/org/apache/hadoop/hadoop-hdds-container-service/0.5.0-SNAPSHOT/hadoop-hdds-container-service-0.5.0-SNAPSHOT.jar!/webapps/static,AVAILABLE}
2019-09-26 17:33:04,987 [main] INFO  handler.ContextHandler (ContextHandler.java:doStart(781)) - Started o.e.j.w.WebAppContext@1e9469b8{/,file:///tmp/jetty-0.0.0.0-34959-hddsDatanode-_-any-135395628081782642.dir/webapp/,AVAILABLE}{/hddsDatanode}
2019-09-26 17:33:04,988 [main] INFO  server.AbstractConnector (AbstractConnector.java:doStart(278)) - Started ServerConnector@5a08efdc{HTTP/1.1,[http/1.1]}{0.0.0.0:34959}
2019-09-26 17:33:04,989 [main] INFO  server.Server (Server.java:doStart(419)) - Started @6026ms
2019-09-26 17:33:04,989 [main] WARN  impl.MetricsSystemImpl (MetricsSystemImpl.java:register(276)) - Sink prometheus already exists!
2019-09-26 17:33:04,990 [main] INFO  server.BaseHttpServer (BaseHttpServer.java:updateConnectorAddress(215)) - HTTP server of HDDSDATANODE is listening at http://0.0.0.0:34959
2019-09-26 17:33:04,990 [main] INFO  impl.MetricsSystemImpl (MetricsSystemImpl.java:init(158)) - HddsDatanode metrics system started (again)
2019-09-26 17:33:04,995 [org.apache.hadoop.util.JvmPauseMonitor$Monitor@95fabfe] INFO  util.JvmPauseMonitor (JvmPauseMonitor.java:run(188)) - Starting JVM pause monitor
2019-09-26 17:33:04,996 [main] INFO  ozone.HddsDatanodeService (HddsDatanodeService.java:start(184)) - HddsDatanodeService host:pr-hdds-2162-htzpk-1451759861 ip:192.168.157.234
2019-09-26 17:33:04,997 [Datanode State Machine Thread - 0] INFO  datanode.InitDatanodeState (InitDatanodeState.java:persistContainerDatanodeDetails(140)) - DatanodeDetails is persisted to /workdir/hadoop-ozone/integration-test/target/test-dir/MiniOzoneClusterImpl-e957bdb1-9b3f-4e03-89f8-47fdabd8daf2/datanode-6/meta/datanode.id
2019-09-26 17:33:05,007 [main] INFO  volume.HddsVolume (HddsVolume.java:<init>(176)) - Creating Volume: /workdir/hadoop-ozone/integration-test/target/test-dir/MiniOzoneClusterImpl-e957bdb1-9b3f-4e03-89f8-47fdabd8daf2/datanode-7/data/containers/hdds of  storage type : DISK and capacity : 1482555576320
2019-09-26 17:33:05,008 [main] INFO  volume.VolumeSet (VolumeSet.java:initializeVolumeSet(170)) - Added Volume : /workdir/hadoop-ozone/integration-test/target/test-dir/MiniOzoneClusterImpl-e957bdb1-9b3f-4e03-89f8-47fdabd8daf2/datanode-7/data/containers/hdds to VolumeSet
2019-09-26 17:33:05,008 [main] INFO  volume.ThrottledAsyncChecker (ThrottledAsyncChecker.java:schedule(139)) - Scheduling a check for org.apache.hadoop.ozone.container.common.volume.HddsVolume@489091bd
2019-09-26 17:33:05,008 [main] INFO  volume.HddsVolumeChecker (HddsVolumeChecker.java:checkAllVolumes(202)) - Scheduled health check for volume org.apache.hadoop.ozone.container.common.volume.HddsVolume@489091bd
2019-09-26 17:33:05,025 [main] INFO  impl.RaftServerProxy (ConfUtils.java:logGet(43)) - raft.rpc.type = GRPC (default)
2019-09-26 17:33:05,025 [main] INFO  grpc.GrpcFactory (GrpcFactory.java:checkPooledByteBufAllocatorUseCacheForAllThreads(45)) - PERFORMANCE WARNING: useCacheForAllThreads is true that may cause Netty to create a lot garbage objects and, as a result, trigger GC.
	It is recommended to disable useCacheForAllThreads by setting -Dorg.apache.ratis.thirdparty.io.netty.allocator.useCacheForAllThreads=false in command line.
2019-09-26 17:33:05,026 [main] INFO  grpc.GrpcConfigKeys$Server (ConfUtils.java:logGet(43)) - raft.grpc.server.port = 0 (default)
2019-09-26 17:33:05,026 [main] INFO  server.GrpcService (ConfUtils.java:logGet(43)) - raft.grpc.message.size.max = 33570816 (custom)
2019-09-26 17:33:05,026 [main] INFO  server.RaftServerConfigKeys (ConfUtils.java:logGet(43)) - raft.server.log.appender.buffer.byte-limit = 33554432 (custom)
2019-09-26 17:33:05,026 [main] INFO  server.GrpcService (ConfUtils.java:logGet(43)) - raft.grpc.flow.control.window = 1MB (=1048576) (default)
2019-09-26 17:33:05,027 [main] INFO  server.RaftServerConfigKeys (ConfUtils.java:logGet(43)) - raft.server.rpc.request.timeout = 3000ms (default)
2019-09-26 17:33:05,027 [main] INFO  server.RaftServerConfigKeys (ConfUtils.java:logGet(43)) - raft.server.storage.dir = [/workdir/hadoop-ozone/integration-test/target/test-dir/MiniOzoneClusterImpl-e957bdb1-9b3f-4e03-89f8-47fdabd8daf2/datanode-7/data/ratis] (custom)
2019-09-26 17:33:05,029 [main] INFO  hdfs.DFSUtil (DFSUtil.java:httpServerTemplateForNNAndJN(1641)) - Starting Web-server for hddsDatanode at: http://0.0.0.0:0
2019-09-26 17:33:05,030 [main] INFO  server.AuthenticationFilter (AuthenticationFilter.java:constructSecretProvider(240)) - Unable to initialize FileSignerSecretProvider, falling back to use random secrets.
2019-09-26 17:33:05,031 [main] WARN  http.HttpRequestLog (HttpRequestLog.java:getRequestLog(97)) - Jetty request log can only be enabled using Log4j
2019-09-26 17:33:05,032 [main] INFO  http.HttpServer2 (HttpServer2.java:addGlobalFilter(975)) - Added global filter 'safety' (class=org.apache.hadoop.http.HttpServer2$QuotingInputFilter)
2019-09-26 17:33:05,033 [main] INFO  http.HttpServer2 (HttpServer2.java:addFilter(948)) - Added filter static_user_filter (class=org.apache.hadoop.http.lib.StaticUserWebFilter$StaticUserFilter) to context hddsDatanode
2019-09-26 17:33:05,033 [main] INFO  http.HttpServer2 (HttpServer2.java:addFilter(958)) - Added filter static_user_filter (class=org.apache.hadoop.http.lib.StaticUserWebFilter$StaticUserFilter) to context logs
2019-09-26 17:33:05,033 [main] INFO  http.HttpServer2 (HttpServer2.java:addFilter(958)) - Added filter static_user_filter (class=org.apache.hadoop.http.lib.StaticUserWebFilter$StaticUserFilter) to context static
2019-09-26 17:33:05,034 [main] INFO  http.HttpServer2 (HttpServer2.java:bindListener(1191)) - Jetty bound to port 37768
2019-09-26 17:33:05,034 [main] INFO  server.Server (Server.java:doStart(351)) - jetty-9.3.25.v20180904, build timestamp: 2018-09-04T21:11:46Z, git hash: 3ce520221d0240229c862b122d2b06c12a625732
2019-09-26 17:33:05,036 [main] INFO  handler.ContextHandler (ContextHandler.java:doStart(781)) - Started o.e.j.s.ServletContextHandler@6325f352{/logs,file:///workdir/hadoop-ozone/integration-test/target/log,AVAILABLE}
2019-09-26 17:33:05,036 [main] INFO  handler.ContextHandler (ContextHandler.java:doStart(781)) - Started o.e.j.s.ServletContextHandler@6cbd0674{/static,jar:file:/home/user/.m2/repository/org/apache/hadoop/hadoop-hdds-container-service/0.5.0-SNAPSHOT/hadoop-hdds-container-service-0.5.0-SNAPSHOT.jar!/webapps/static,AVAILABLE}
2019-09-26 17:33:05,065 [main] INFO  handler.ContextHandler (ContextHandler.java:doStart(781)) - Started o.e.j.w.WebAppContext@7a8b9166{/,file:///tmp/jetty-0.0.0.0-37768-hddsDatanode-_-any-8053247048218282697.dir/webapp/,AVAILABLE}{/hddsDatanode}
2019-09-26 17:33:05,065 [main] INFO  server.AbstractConnector (AbstractConnector.java:doStart(278)) - Started ServerConnector@4acc5dff{HTTP/1.1,[http/1.1]}{0.0.0.0:37768}
2019-09-26 17:33:05,067 [main] INFO  server.Server (Server.java:doStart(419)) - Started @6104ms
2019-09-26 17:33:05,067 [main] WARN  impl.MetricsSystemImpl (MetricsSystemImpl.java:register(276)) - Sink prometheus already exists!
2019-09-26 17:33:05,068 [main] INFO  server.BaseHttpServer (BaseHttpServer.java:updateConnectorAddress(215)) - HTTP server of HDDSDATANODE is listening at http://0.0.0.0:37768
2019-09-26 17:33:05,068 [main] INFO  impl.MetricsSystemImpl (MetricsSystemImpl.java:init(158)) - HddsDatanode metrics system started (again)
2019-09-26 17:33:05,072 [org.apache.hadoop.util.JvmPauseMonitor$Monitor@35fce79e] INFO  util.JvmPauseMonitor (JvmPauseMonitor.java:run(188)) - Starting JVM pause monitor
2019-09-26 17:33:05,073 [main] INFO  ozone.HddsDatanodeService (HddsDatanodeService.java:start(184)) - HddsDatanodeService host:pr-hdds-2162-htzpk-1451759861 ip:192.168.157.234
2019-09-26 17:33:05,076 [Datanode State Machine Thread - 0] INFO  datanode.InitDatanodeState (InitDatanodeState.java:persistContainerDatanodeDetails(140)) - DatanodeDetails is persisted to /workdir/hadoop-ozone/integration-test/target/test-dir/MiniOzoneClusterImpl-e957bdb1-9b3f-4e03-89f8-47fdabd8daf2/datanode-7/meta/datanode.id
2019-09-26 17:33:05,084 [main] INFO  volume.HddsVolume (HddsVolume.java:<init>(176)) - Creating Volume: /workdir/hadoop-ozone/integration-test/target/test-dir/MiniOzoneClusterImpl-e957bdb1-9b3f-4e03-89f8-47fdabd8daf2/datanode-8/data/containers/hdds of  storage type : DISK and capacity : 1482555576320
2019-09-26 17:33:05,084 [main] INFO  volume.VolumeSet (VolumeSet.java:initializeVolumeSet(170)) - Added Volume : /workdir/hadoop-ozone/integration-test/target/test-dir/MiniOzoneClusterImpl-e957bdb1-9b3f-4e03-89f8-47fdabd8daf2/datanode-8/data/containers/hdds to VolumeSet
2019-09-26 17:33:05,084 [main] INFO  volume.ThrottledAsyncChecker (ThrottledAsyncChecker.java:schedule(139)) - Scheduling a check for org.apache.hadoop.ozone.container.common.volume.HddsVolume@7d3c09ec
2019-09-26 17:33:05,085 [main] INFO  volume.HddsVolumeChecker (HddsVolumeChecker.java:checkAllVolumes(202)) - Scheduled health check for volume org.apache.hadoop.ozone.container.common.volume.HddsVolume@7d3c09ec
2019-09-26 17:33:05,098 [main] INFO  impl.RaftServerProxy (ConfUtils.java:logGet(43)) - raft.rpc.type = GRPC (default)
2019-09-26 17:33:05,099 [main] INFO  grpc.GrpcFactory (GrpcFactory.java:checkPooledByteBufAllocatorUseCacheForAllThreads(45)) - PERFORMANCE WARNING: useCacheForAllThreads is true that may cause Netty to create a lot garbage objects and, as a result, trigger GC.
	It is recommended to disable useCacheForAllThreads by setting -Dorg.apache.ratis.thirdparty.io.netty.allocator.useCacheForAllThreads=false in command line.
2019-09-26 17:33:05,099 [main] INFO  grpc.GrpcConfigKeys$Server (ConfUtils.java:logGet(43)) - raft.grpc.server.port = 0 (default)
2019-09-26 17:33:05,099 [main] INFO  server.GrpcService (ConfUtils.java:logGet(43)) - raft.grpc.message.size.max = 33570816 (custom)
2019-09-26 17:33:05,099 [main] INFO  server.RaftServerConfigKeys (ConfUtils.java:logGet(43)) - raft.server.log.appender.buffer.byte-limit = 33554432 (custom)
2019-09-26 17:33:05,100 [main] INFO  server.GrpcService (ConfUtils.java:logGet(43)) - raft.grpc.flow.control.window = 1MB (=1048576) (default)
2019-09-26 17:33:05,100 [main] INFO  server.RaftServerConfigKeys (ConfUtils.java:logGet(43)) - raft.server.rpc.request.timeout = 3000ms (default)
2019-09-26 17:33:05,100 [main] INFO  server.RaftServerConfigKeys (ConfUtils.java:logGet(43)) - raft.server.storage.dir = [/workdir/hadoop-ozone/integration-test/target/test-dir/MiniOzoneClusterImpl-e957bdb1-9b3f-4e03-89f8-47fdabd8daf2/datanode-8/data/ratis] (custom)
2019-09-26 17:33:05,102 [main] INFO  hdfs.DFSUtil (DFSUtil.java:httpServerTemplateForNNAndJN(1641)) - Starting Web-server for hddsDatanode at: http://0.0.0.0:0
2019-09-26 17:33:05,103 [main] INFO  server.AuthenticationFilter (AuthenticationFilter.java:constructSecretProvider(240)) - Unable to initialize FileSignerSecretProvider, falling back to use random secrets.
2019-09-26 17:33:05,104 [main] WARN  http.HttpRequestLog (HttpRequestLog.java:getRequestLog(97)) - Jetty request log can only be enabled using Log4j
2019-09-26 17:33:05,105 [main] INFO  http.HttpServer2 (HttpServer2.java:addGlobalFilter(975)) - Added global filter 'safety' (class=org.apache.hadoop.http.HttpServer2$QuotingInputFilter)
2019-09-26 17:33:05,106 [main] INFO  http.HttpServer2 (HttpServer2.java:addFilter(948)) - Added filter static_user_filter (class=org.apache.hadoop.http.lib.StaticUserWebFilter$StaticUserFilter) to context hddsDatanode
2019-09-26 17:33:05,106 [main] INFO  http.HttpServer2 (HttpServer2.java:addFilter(958)) - Added filter static_user_filter (class=org.apache.hadoop.http.lib.StaticUserWebFilter$StaticUserFilter) to context logs
2019-09-26 17:33:05,106 [main] INFO  http.HttpServer2 (HttpServer2.java:addFilter(958)) - Added filter static_user_filter (class=org.apache.hadoop.http.lib.StaticUserWebFilter$StaticUserFilter) to context static
2019-09-26 17:33:05,107 [main] INFO  http.HttpServer2 (HttpServer2.java:bindListener(1191)) - Jetty bound to port 41645
2019-09-26 17:33:05,107 [main] INFO  server.Server (Server.java:doStart(351)) - jetty-9.3.25.v20180904, build timestamp: 2018-09-04T21:11:46Z, git hash: 3ce520221d0240229c862b122d2b06c12a625732
2019-09-26 17:33:05,112 [main] INFO  handler.ContextHandler (ContextHandler.java:doStart(781)) - Started o.e.j.s.ServletContextHandler@6d11ceef{/logs,file:///workdir/hadoop-ozone/integration-test/target/log,AVAILABLE}
2019-09-26 17:33:05,113 [main] INFO  handler.ContextHandler (ContextHandler.java:doStart(781)) - Started o.e.j.s.ServletContextHandler@72e295cc{/static,jar:file:/home/user/.m2/repository/org/apache/hadoop/hadoop-hdds-container-service/0.5.0-SNAPSHOT/hadoop-hdds-container-service-0.5.0-SNAPSHOT.jar!/webapps/static,AVAILABLE}
2019-09-26 17:33:05,142 [main] INFO  handler.ContextHandler (ContextHandler.java:doStart(781)) - Started o.e.j.w.WebAppContext@2373ad99{/,file:///tmp/jetty-0.0.0.0-41645-hddsDatanode-_-any-5676396495148961610.dir/webapp/,AVAILABLE}{/hddsDatanode}
2019-09-26 17:33:05,142 [main] INFO  server.AbstractConnector (AbstractConnector.java:doStart(278)) - Started ServerConnector@33634f04{HTTP/1.1,[http/1.1]}{0.0.0.0:41645}
2019-09-26 17:33:05,144 [main] INFO  server.Server (Server.java:doStart(419)) - Started @6181ms
2019-09-26 17:33:05,144 [main] WARN  impl.MetricsSystemImpl (MetricsSystemImpl.java:register(276)) - Sink prometheus already exists!
2019-09-26 17:33:05,145 [main] INFO  server.BaseHttpServer (BaseHttpServer.java:updateConnectorAddress(215)) - HTTP server of HDDSDATANODE is listening at http://0.0.0.0:41645
2019-09-26 17:33:05,145 [main] INFO  impl.MetricsSystemImpl (MetricsSystemImpl.java:init(158)) - HddsDatanode metrics system started (again)
2019-09-26 17:33:05,150 [org.apache.hadoop.util.JvmPauseMonitor$Monitor@c5f400] INFO  util.JvmPauseMonitor (JvmPauseMonitor.java:run(188)) - Starting JVM pause monitor
2019-09-26 17:33:05,150 [main] INFO  ozone.HddsDatanodeService (HddsDatanodeService.java:start(184)) - HddsDatanodeService host:pr-hdds-2162-htzpk-1451759861 ip:192.168.157.234
2019-09-26 17:33:05,153 [Datanode State Machine Thread - 0] INFO  datanode.InitDatanodeState (InitDatanodeState.java:persistContainerDatanodeDetails(140)) - DatanodeDetails is persisted to /workdir/hadoop-ozone/integration-test/target/test-dir/MiniOzoneClusterImpl-e957bdb1-9b3f-4e03-89f8-47fdabd8daf2/datanode-8/meta/datanode.id
2019-09-26 17:33:05,158 [main] INFO  volume.HddsVolume (HddsVolume.java:<init>(176)) - Creating Volume: /workdir/hadoop-ozone/integration-test/target/test-dir/MiniOzoneClusterImpl-e957bdb1-9b3f-4e03-89f8-47fdabd8daf2/datanode-9/data/containers/hdds of  storage type : DISK and capacity : 1482555576320
2019-09-26 17:33:05,159 [main] INFO  volume.VolumeSet (VolumeSet.java:initializeVolumeSet(170)) - Added Volume : /workdir/hadoop-ozone/integration-test/target/test-dir/MiniOzoneClusterImpl-e957bdb1-9b3f-4e03-89f8-47fdabd8daf2/datanode-9/data/containers/hdds to VolumeSet
2019-09-26 17:33:05,159 [main] INFO  volume.ThrottledAsyncChecker (ThrottledAsyncChecker.java:schedule(139)) - Scheduling a check for org.apache.hadoop.ozone.container.common.volume.HddsVolume@18578491
2019-09-26 17:33:05,159 [main] INFO  volume.HddsVolumeChecker (HddsVolumeChecker.java:checkAllVolumes(202)) - Scheduled health check for volume org.apache.hadoop.ozone.container.common.volume.HddsVolume@18578491
2019-09-26 17:33:05,174 [main] INFO  impl.RaftServerProxy (ConfUtils.java:logGet(43)) - raft.rpc.type = GRPC (default)
2019-09-26 17:33:05,174 [main] INFO  grpc.GrpcFactory (GrpcFactory.java:checkPooledByteBufAllocatorUseCacheForAllThreads(45)) - PERFORMANCE WARNING: useCacheForAllThreads is true that may cause Netty to create a lot garbage objects and, as a result, trigger GC.
	It is recommended to disable useCacheForAllThreads by setting -Dorg.apache.ratis.thirdparty.io.netty.allocator.useCacheForAllThreads=false in command line.
2019-09-26 17:33:05,174 [main] INFO  grpc.GrpcConfigKeys$Server (ConfUtils.java:logGet(43)) - raft.grpc.server.port = 0 (default)
2019-09-26 17:33:05,175 [main] INFO  server.GrpcService (ConfUtils.java:logGet(43)) - raft.grpc.message.size.max = 33570816 (custom)
2019-09-26 17:33:05,175 [main] INFO  server.RaftServerConfigKeys (ConfUtils.java:logGet(43)) - raft.server.log.appender.buffer.byte-limit = 33554432 (custom)
2019-09-26 17:33:05,175 [main] INFO  server.GrpcService (ConfUtils.java:logGet(43)) - raft.grpc.flow.control.window = 1MB (=1048576) (default)
2019-09-26 17:33:05,175 [main] INFO  server.RaftServerConfigKeys (ConfUtils.java:logGet(43)) - raft.server.rpc.request.timeout = 3000ms (default)
2019-09-26 17:33:05,176 [main] INFO  server.RaftServerConfigKeys (ConfUtils.java:logGet(43)) - raft.server.storage.dir = [/workdir/hadoop-ozone/integration-test/target/test-dir/MiniOzoneClusterImpl-e957bdb1-9b3f-4e03-89f8-47fdabd8daf2/datanode-9/data/ratis] (custom)
2019-09-26 17:33:05,177 [main] INFO  hdfs.DFSUtil (DFSUtil.java:httpServerTemplateForNNAndJN(1641)) - Starting Web-server for hddsDatanode at: http://0.0.0.0:0
2019-09-26 17:33:05,179 [main] INFO  server.AuthenticationFilter (AuthenticationFilter.java:constructSecretProvider(240)) - Unable to initialize FileSignerSecretProvider, falling back to use random secrets.
2019-09-26 17:33:05,179 [main] WARN  http.HttpRequestLog (HttpRequestLog.java:getRequestLog(97)) - Jetty request log can only be enabled using Log4j
2019-09-26 17:33:05,181 [main] INFO  http.HttpServer2 (HttpServer2.java:addGlobalFilter(975)) - Added global filter 'safety' (class=org.apache.hadoop.http.HttpServer2$QuotingInputFilter)
2019-09-26 17:33:05,181 [main] INFO  http.HttpServer2 (HttpServer2.java:addFilter(948)) - Added filter static_user_filter (class=org.apache.hadoop.http.lib.StaticUserWebFilter$StaticUserFilter) to context hddsDatanode
2019-09-26 17:33:05,181 [main] INFO  http.HttpServer2 (HttpServer2.java:addFilter(958)) - Added filter static_user_filter (class=org.apache.hadoop.http.lib.StaticUserWebFilter$StaticUserFilter) to context static
2019-09-26 17:33:05,182 [main] INFO  http.HttpServer2 (HttpServer2.java:addFilter(958)) - Added filter static_user_filter (class=org.apache.hadoop.http.lib.StaticUserWebFilter$StaticUserFilter) to context logs
2019-09-26 17:33:05,182 [main] INFO  http.HttpServer2 (HttpServer2.java:bindListener(1191)) - Jetty bound to port 32881
2019-09-26 17:33:05,182 [main] INFO  server.Server (Server.java:doStart(351)) - jetty-9.3.25.v20180904, build timestamp: 2018-09-04T21:11:46Z, git hash: 3ce520221d0240229c862b122d2b06c12a625732
2019-09-26 17:33:05,184 [main] INFO  handler.ContextHandler (ContextHandler.java:doStart(781)) - Started o.e.j.s.ServletContextHandler@5ad5be4a{/logs,file:///workdir/hadoop-ozone/integration-test/target/log,AVAILABLE}
2019-09-26 17:33:05,185 [main] INFO  handler.ContextHandler (ContextHandler.java:doStart(781)) - Started o.e.j.s.ServletContextHandler@737d100a{/static,jar:file:/home/user/.m2/repository/org/apache/hadoop/hadoop-hdds-container-service/0.5.0-SNAPSHOT/hadoop-hdds-container-service-0.5.0-SNAPSHOT.jar!/webapps/static,AVAILABLE}
2019-09-26 17:33:05,212 [main] INFO  handler.ContextHandler (ContextHandler.java:doStart(781)) - Started o.e.j.w.WebAppContext@47c40b56{/,file:///tmp/jetty-0.0.0.0-32881-hddsDatanode-_-any-8347877752322979674.dir/webapp/,AVAILABLE}{/hddsDatanode}
2019-09-26 17:33:05,213 [main] INFO  server.AbstractConnector (AbstractConnector.java:doStart(278)) - Started ServerConnector@4b039c6d{HTTP/1.1,[http/1.1]}{0.0.0.0:32881}
2019-09-26 17:33:05,214 [main] INFO  server.Server (Server.java:doStart(419)) - Started @6251ms
2019-09-26 17:33:05,215 [main] WARN  impl.MetricsSystemImpl (MetricsSystemImpl.java:register(276)) - Sink prometheus already exists!
2019-09-26 17:33:05,215 [main] INFO  server.BaseHttpServer (BaseHttpServer.java:updateConnectorAddress(215)) - HTTP server of HDDSDATANODE is listening at http://0.0.0.0:32881
2019-09-26 17:33:05,220 [main] INFO  ozone.MiniOzoneClusterImpl (MiniOzoneClusterImpl.java:lambda$waitForClusterToBeReady$0(147)) - Waiting for cluster to be ready. Got 0 of 10 DN Heartbeats.
2019-09-26 17:33:05,221 [org.apache.hadoop.util.JvmPauseMonitor$Monitor@112ab8ac] INFO  util.JvmPauseMonitor (JvmPauseMonitor.java:run(188)) - Starting JVM pause monitor
2019-09-26 17:33:05,224 [Datanode State Machine Thread - 0] INFO  datanode.InitDatanodeState (InitDatanodeState.java:persistContainerDatanodeDetails(140)) - DatanodeDetails is persisted to /workdir/hadoop-ozone/integration-test/target/test-dir/MiniOzoneClusterImpl-e957bdb1-9b3f-4e03-89f8-47fdabd8daf2/datanode-9/meta/datanode.id
2019-09-26 17:33:06,221 [main] INFO  ozone.MiniOzoneClusterImpl (MiniOzoneClusterImpl.java:lambda$waitForClusterToBeReady$0(147)) - Waiting for cluster to be ready. Got 0 of 10 DN Heartbeats.
2019-09-26 17:33:06,628 [Datanode State Machine Thread - 0] INFO  ozoneimpl.OzoneContainer (OzoneContainer.java:start(217)) - Attempting to start container services.
2019-09-26 17:33:06,630 [Datanode State Machine Thread - 0] INFO  ozoneimpl.OzoneContainer (OzoneContainer.java:startContainerScrub(179)) - Background container scanner has been disabled.
2019-09-26 17:33:06,630 [Datanode State Machine Thread - 0] INFO  ratis.XceiverServerRatis (XceiverServerRatis.java:start(411)) - Starting XceiverServerRatis 702f2153-2d31-40fe-9bcb-1ea73c11f529 at port 0
2019-09-26 17:33:06,642 [Datanode State Machine Thread - 0] INFO  ozoneimpl.OzoneContainer (OzoneContainer.java:start(217)) - Attempting to start container services.
2019-09-26 17:33:06,649 [Datanode State Machine Thread - 0] INFO  ozoneimpl.OzoneContainer (OzoneContainer.java:startContainerScrub(179)) - Background container scanner has been disabled.
2019-09-26 17:33:06,649 [Datanode State Machine Thread - 0] INFO  ratis.XceiverServerRatis (XceiverServerRatis.java:start(411)) - Starting XceiverServerRatis 4bd181aa-b15e-4fb6-b331-207cc3229c90 at port 0
2019-09-26 17:33:06,657 [Datanode State Machine Thread - 0] INFO  impl.RaftServerProxy (RaftServerProxy.java:lambda$start$3(299)) - 702f2153-2d31-40fe-9bcb-1ea73c11f529: start RPC server
2019-09-26 17:33:06,659 [Datanode State Machine Thread - 0] INFO  impl.RaftServerProxy (RaftServerProxy.java:lambda$start$3(299)) - 4bd181aa-b15e-4fb6-b331-207cc3229c90: start RPC server
2019-09-26 17:33:06,722 [Datanode State Machine Thread - 0] INFO  ozoneimpl.OzoneContainer (OzoneContainer.java:start(217)) - Attempting to start container services.
2019-09-26 17:33:06,722 [Datanode State Machine Thread - 0] INFO  ozoneimpl.OzoneContainer (OzoneContainer.java:startContainerScrub(179)) - Background container scanner has been disabled.
2019-09-26 17:33:06,722 [Datanode State Machine Thread - 0] INFO  ratis.XceiverServerRatis (XceiverServerRatis.java:start(411)) - Starting XceiverServerRatis 11011891-d857-4221-8ea5-6747af062c6a at port 0
2019-09-26 17:33:06,732 [Datanode State Machine Thread - 0] INFO  impl.RaftServerProxy (RaftServerProxy.java:lambda$start$3(299)) - 11011891-d857-4221-8ea5-6747af062c6a: start RPC server
2019-09-26 17:33:06,788 [Datanode State Machine Thread - 0] INFO  ozoneimpl.OzoneContainer (OzoneContainer.java:start(217)) - Attempting to start container services.
2019-09-26 17:33:06,788 [Datanode State Machine Thread - 0] INFO  ozoneimpl.OzoneContainer (OzoneContainer.java:startContainerScrub(179)) - Background container scanner has been disabled.
2019-09-26 17:33:06,788 [Datanode State Machine Thread - 0] INFO  ratis.XceiverServerRatis (XceiverServerRatis.java:start(411)) - Starting XceiverServerRatis b0d633e9-e5dd-4965-9348-f887f26d3e3f at port 0
2019-09-26 17:33:06,801 [Datanode State Machine Thread - 0] INFO  impl.RaftServerProxy (RaftServerProxy.java:lambda$start$3(299)) - b0d633e9-e5dd-4965-9348-f887f26d3e3f: start RPC server
2019-09-26 17:33:06,806 [Datanode State Machine Thread - 0] INFO  server.GrpcService (GrpcService.java:startImpl(158)) - 702f2153-2d31-40fe-9bcb-1ea73c11f529: GrpcService started, listening on 0.0.0.0/0.0.0.0:44580
2019-09-26 17:33:06,806 [Datanode State Machine Thread - 0] INFO  server.GrpcService (GrpcService.java:startImpl(158)) - 11011891-d857-4221-8ea5-6747af062c6a: GrpcService started, listening on 0.0.0.0/0.0.0.0:35503
2019-09-26 17:33:06,806 [Datanode State Machine Thread - 0] INFO  server.GrpcService (GrpcService.java:startImpl(158)) - 4bd181aa-b15e-4fb6-b331-207cc3229c90: GrpcService started, listening on 0.0.0.0/0.0.0.0:46079
2019-09-26 17:33:06,809 [Datanode State Machine Thread - 0] INFO  ratis.XceiverServerRatis (XceiverServerRatis.java:start(421)) - XceiverServerRatis 11011891-d857-4221-8ea5-6747af062c6a is started using port 35503
2019-09-26 17:33:06,809 [Datanode State Machine Thread - 0] INFO  server.GrpcService (GrpcService.java:startImpl(158)) - b0d633e9-e5dd-4965-9348-f887f26d3e3f: GrpcService started, listening on 0.0.0.0/0.0.0.0:36411
2019-09-26 17:33:06,810 [Datanode State Machine Thread - 0] INFO  ratis.XceiverServerRatis (XceiverServerRatis.java:start(421)) - XceiverServerRatis b0d633e9-e5dd-4965-9348-f887f26d3e3f is started using port 36411
2019-09-26 17:33:06,809 [Datanode State Machine Thread - 0] INFO  ratis.XceiverServerRatis (XceiverServerRatis.java:start(421)) - XceiverServerRatis 702f2153-2d31-40fe-9bcb-1ea73c11f529 is started using port 44580
2019-09-26 17:33:06,810 [Datanode State Machine Thread - 0] INFO  ratis.XceiverServerRatis (XceiverServerRatis.java:start(421)) - XceiverServerRatis 4bd181aa-b15e-4fb6-b331-207cc3229c90 is started using port 46079
2019-09-26 17:33:06,818 [Datanode State Machine Thread - 0] INFO  server.XceiverServerGrpc (XceiverServerGrpc.java:start(149)) - XceiverServerGrpc b0d633e9-e5dd-4965-9348-f887f26d3e3f is started using port 44692
2019-09-26 17:33:06,818 [Datanode State Machine Thread - 0] INFO  server.XceiverServerGrpc (XceiverServerGrpc.java:start(149)) - XceiverServerGrpc 4bd181aa-b15e-4fb6-b331-207cc3229c90 is started using port 37890
2019-09-26 17:33:06,819 [Datanode State Machine Thread - 0] INFO  server.XceiverServerGrpc (XceiverServerGrpc.java:start(149)) - XceiverServerGrpc 11011891-d857-4221-8ea5-6747af062c6a is started using port 38178
2019-09-26 17:33:06,819 [Datanode State Machine Thread - 0] INFO  server.XceiverServerGrpc (XceiverServerGrpc.java:start(149)) - XceiverServerGrpc 702f2153-2d31-40fe-9bcb-1ea73c11f529 is started using port 45546
2019-09-26 17:33:06,853 [Datanode State Machine Thread - 0] INFO  ozoneimpl.OzoneContainer (OzoneContainer.java:start(217)) - Attempting to start container services.
2019-09-26 17:33:06,854 [Datanode State Machine Thread - 0] INFO  ozoneimpl.OzoneContainer (OzoneContainer.java:startContainerScrub(179)) - Background container scanner has been disabled.
2019-09-26 17:33:06,854 [Datanode State Machine Thread - 0] INFO  ratis.XceiverServerRatis (XceiverServerRatis.java:start(411)) - Starting XceiverServerRatis 4d234c04-482d-4481-920d-252ce1c5378f at port 0
2019-09-26 17:33:06,864 [Datanode State Machine Thread - 0] INFO  impl.RaftServerProxy (RaftServerProxy.java:lambda$start$3(299)) - 4d234c04-482d-4481-920d-252ce1c5378f: start RPC server
2019-09-26 17:33:06,868 [Datanode State Machine Thread - 0] INFO  server.GrpcService (GrpcService.java:startImpl(158)) - 4d234c04-482d-4481-920d-252ce1c5378f: GrpcService started, listening on 0.0.0.0/0.0.0.0:42224
2019-09-26 17:33:06,868 [Datanode State Machine Thread - 0] INFO  ratis.XceiverServerRatis (XceiverServerRatis.java:start(421)) - XceiverServerRatis 4d234c04-482d-4481-920d-252ce1c5378f is started using port 42224
2019-09-26 17:33:06,872 [Datanode State Machine Thread - 0] INFO  server.XceiverServerGrpc (XceiverServerGrpc.java:start(149)) - XceiverServerGrpc 4d234c04-482d-4481-920d-252ce1c5378f is started using port 36493
2019-09-26 17:33:06,949 [Datanode State Machine Thread - 0] INFO  ozoneimpl.OzoneContainer (OzoneContainer.java:start(217)) - Attempting to start container services.
2019-09-26 17:33:06,949 [Datanode State Machine Thread - 0] INFO  ozoneimpl.OzoneContainer (OzoneContainer.java:startContainerScrub(179)) - Background container scanner has been disabled.
2019-09-26 17:33:06,950 [Datanode State Machine Thread - 0] INFO  ratis.XceiverServerRatis (XceiverServerRatis.java:start(411)) - Starting XceiverServerRatis d1db60e7-74f1-40e3-a58d-9a1b4e6b78cf at port 0
2019-09-26 17:33:06,960 [Datanode State Machine Thread - 0] INFO  impl.RaftServerProxy (RaftServerProxy.java:lambda$start$3(299)) - d1db60e7-74f1-40e3-a58d-9a1b4e6b78cf: start RPC server
2019-09-26 17:33:06,965 [Datanode State Machine Thread - 0] INFO  server.GrpcService (GrpcService.java:startImpl(158)) - d1db60e7-74f1-40e3-a58d-9a1b4e6b78cf: GrpcService started, listening on 0.0.0.0/0.0.0.0:45514
2019-09-26 17:33:06,965 [Datanode State Machine Thread - 0] INFO  ratis.XceiverServerRatis (XceiverServerRatis.java:start(421)) - XceiverServerRatis d1db60e7-74f1-40e3-a58d-9a1b4e6b78cf is started using port 45514
2019-09-26 17:33:06,969 [Datanode State Machine Thread - 0] INFO  server.XceiverServerGrpc (XceiverServerGrpc.java:start(149)) - XceiverServerGrpc d1db60e7-74f1-40e3-a58d-9a1b4e6b78cf is started using port 45822
2019-09-26 17:33:07,023 [Datanode State Machine Thread - 0] INFO  ozoneimpl.OzoneContainer (OzoneContainer.java:start(217)) - Attempting to start container services.
2019-09-26 17:33:07,023 [Datanode State Machine Thread - 0] INFO  ozoneimpl.OzoneContainer (OzoneContainer.java:startContainerScrub(179)) - Background container scanner has been disabled.
2019-09-26 17:33:07,023 [Datanode State Machine Thread - 0] INFO  ratis.XceiverServerRatis (XceiverServerRatis.java:start(411)) - Starting XceiverServerRatis 090c4de5-a6fa-4d03-a645-efabbe50ef62 at port 0
2019-09-26 17:33:07,033 [Datanode State Machine Thread - 0] INFO  impl.RaftServerProxy (RaftServerProxy.java:lambda$start$3(299)) - 090c4de5-a6fa-4d03-a645-efabbe50ef62: start RPC server
2019-09-26 17:33:07,039 [Datanode State Machine Thread - 0] INFO  server.GrpcService (GrpcService.java:startImpl(158)) - 090c4de5-a6fa-4d03-a645-efabbe50ef62: GrpcService started, listening on 0.0.0.0/0.0.0.0:41033
2019-09-26 17:33:07,039 [Datanode State Machine Thread - 0] INFO  ratis.XceiverServerRatis (XceiverServerRatis.java:start(421)) - XceiverServerRatis 090c4de5-a6fa-4d03-a645-efabbe50ef62 is started using port 41033
2019-09-26 17:33:07,044 [Datanode State Machine Thread - 0] INFO  server.XceiverServerGrpc (XceiverServerGrpc.java:start(149)) - XceiverServerGrpc 090c4de5-a6fa-4d03-a645-efabbe50ef62 is started using port 42530
2019-09-26 17:33:07,089 [Datanode State Machine Thread - 0] INFO  ozoneimpl.OzoneContainer (OzoneContainer.java:start(217)) - Attempting to start container services.
2019-09-26 17:33:07,090 [Datanode State Machine Thread - 0] INFO  ozoneimpl.OzoneContainer (OzoneContainer.java:startContainerScrub(179)) - Background container scanner has been disabled.
2019-09-26 17:33:07,090 [Datanode State Machine Thread - 0] INFO  ratis.XceiverServerRatis (XceiverServerRatis.java:start(411)) - Starting XceiverServerRatis 5be8714d-2642-4bf1-86d9-fb9f2e784a52 at port 0
2019-09-26 17:33:07,100 [Datanode State Machine Thread - 0] INFO  impl.RaftServerProxy (RaftServerProxy.java:lambda$start$3(299)) - 5be8714d-2642-4bf1-86d9-fb9f2e784a52: start RPC server
2019-09-26 17:33:07,105 [Datanode State Machine Thread - 0] INFO  server.GrpcService (GrpcService.java:startImpl(158)) - 5be8714d-2642-4bf1-86d9-fb9f2e784a52: GrpcService started, listening on 0.0.0.0/0.0.0.0:41550
2019-09-26 17:33:07,105 [Datanode State Machine Thread - 0] INFO  ratis.XceiverServerRatis (XceiverServerRatis.java:start(421)) - XceiverServerRatis 5be8714d-2642-4bf1-86d9-fb9f2e784a52 is started using port 41550
2019-09-26 17:33:07,110 [Datanode State Machine Thread - 0] INFO  server.XceiverServerGrpc (XceiverServerGrpc.java:start(149)) - XceiverServerGrpc 5be8714d-2642-4bf1-86d9-fb9f2e784a52 is started using port 35166
2019-09-26 17:33:07,177 [Datanode State Machine Thread - 0] INFO  ozoneimpl.OzoneContainer (OzoneContainer.java:start(217)) - Attempting to start container services.
2019-09-26 17:33:07,178 [Datanode State Machine Thread - 0] INFO  ozoneimpl.OzoneContainer (OzoneContainer.java:startContainerScrub(179)) - Background container scanner has been disabled.
2019-09-26 17:33:07,178 [Datanode State Machine Thread - 0] INFO  ratis.XceiverServerRatis (XceiverServerRatis.java:start(411)) - Starting XceiverServerRatis 815536f4-dee7-4433-8f37-6956ea789edb at port 0
2019-09-26 17:33:07,190 [Datanode State Machine Thread - 0] INFO  impl.RaftServerProxy (RaftServerProxy.java:lambda$start$3(299)) - 815536f4-dee7-4433-8f37-6956ea789edb: start RPC server
2019-09-26 17:33:07,196 [Datanode State Machine Thread - 0] INFO  server.GrpcService (GrpcService.java:startImpl(158)) - 815536f4-dee7-4433-8f37-6956ea789edb: GrpcService started, listening on 0.0.0.0/0.0.0.0:36203
2019-09-26 17:33:07,196 [Datanode State Machine Thread - 0] INFO  ratis.XceiverServerRatis (XceiverServerRatis.java:start(421)) - XceiverServerRatis 815536f4-dee7-4433-8f37-6956ea789edb is started using port 36203
2019-09-26 17:33:07,200 [Datanode State Machine Thread - 0] INFO  server.XceiverServerGrpc (XceiverServerGrpc.java:start(149)) - XceiverServerGrpc 815536f4-dee7-4433-8f37-6956ea789edb is started using port 37715
2019-09-26 17:33:07,222 [main] INFO  ozone.MiniOzoneClusterImpl (MiniOzoneClusterImpl.java:lambda$waitForClusterToBeReady$0(147)) - Waiting for cluster to be ready. Got 0 of 10 DN Heartbeats.
2019-09-26 17:33:07,238 [Datanode State Machine Thread - 0] INFO  ozoneimpl.OzoneContainer (OzoneContainer.java:start(217)) - Attempting to start container services.
2019-09-26 17:33:07,238 [Datanode State Machine Thread - 0] INFO  ozoneimpl.OzoneContainer (OzoneContainer.java:startContainerScrub(179)) - Background container scanner has been disabled.
2019-09-26 17:33:07,239 [Datanode State Machine Thread - 0] INFO  ratis.XceiverServerRatis (XceiverServerRatis.java:start(411)) - Starting XceiverServerRatis 150c97ca-4206-422c-955c-64eaeed2313b at port 0
2019-09-26 17:33:07,247 [Datanode State Machine Thread - 0] INFO  impl.RaftServerProxy (RaftServerProxy.java:lambda$start$3(299)) - 150c97ca-4206-422c-955c-64eaeed2313b: start RPC server
2019-09-26 17:33:07,261 [Datanode State Machine Thread - 0] INFO  server.GrpcService (GrpcService.java:startImpl(158)) - 150c97ca-4206-422c-955c-64eaeed2313b: GrpcService started, listening on 0.0.0.0/0.0.0.0:42488
2019-09-26 17:33:07,261 [Datanode State Machine Thread - 0] INFO  ratis.XceiverServerRatis (XceiverServerRatis.java:start(421)) - XceiverServerRatis 150c97ca-4206-422c-955c-64eaeed2313b is started using port 42488
2019-09-26 17:33:07,282 [Datanode State Machine Thread - 0] INFO  server.XceiverServerGrpc (XceiverServerGrpc.java:start(149)) - XceiverServerGrpc 150c97ca-4206-422c-955c-64eaeed2313b is started using port 40348
2019-09-26 17:33:08,223 [main] INFO  ozone.MiniOzoneClusterImpl (MiniOzoneClusterImpl.java:lambda$waitForClusterToBeReady$0(147)) - Waiting for cluster to be ready. Got 0 of 10 DN Heartbeats.
2019-09-26 17:33:08,591 [IPC Server handler 3 on 44579] INFO  net.NetworkTopology (NetworkTopologyImpl.java:add(111)) - Added a new node: /default-rack/702f2153-2d31-40fe-9bcb-1ea73c11f529
2019-09-26 17:33:08,592 [IPC Server handler 3 on 44579] INFO  node.SCMNodeManager (SCMNodeManager.java:register(266)) - Registered Data node : 702f2153-2d31-40fe-9bcb-1ea73c11f529{ip: 192.168.157.234, host: pr-hdds-2162-htzpk-1451759861, networkLocation: /default-rack, certSerialId: null}
2019-09-26 17:33:08,598 [EventQueue-NodeRegistrationContainerReportForDataNodeSafeModeRule] INFO  safemode.SCMSafeModeManager (DataNodeSafeModeRule.java:process(71)) - SCM in safe mode. 1 DataNodes registered, 1 required.
2019-09-26 17:33:08,598 [EventQueue-NodeRegistrationContainerReportForDataNodeSafeModeRule] INFO  safemode.SCMSafeModeManager (SCMSafeModeManager.java:validateSafeModeExitRules(177)) - ScmSafeModeManager, all rules are successfully validated
2019-09-26 17:33:08,598 [EventQueue-NodeRegistrationContainerReportForDataNodeSafeModeRule] INFO  safemode.SCMSafeModeManager (SCMSafeModeManager.java:exitSafeMode(193)) - SCM exiting safe mode.
2019-09-26 17:33:08,629 [IPC Server handler 5 on 44579] INFO  net.NetworkTopology (NetworkTopologyImpl.java:add(111)) - Added a new node: /default-rack/4bd181aa-b15e-4fb6-b331-207cc3229c90
2019-09-26 17:33:08,630 [IPC Server handler 5 on 44579] INFO  node.SCMNodeManager (SCMNodeManager.java:register(266)) - Registered Data node : 4bd181aa-b15e-4fb6-b331-207cc3229c90{ip: 192.168.157.234, host: pr-hdds-2162-htzpk-1451759861, networkLocation: /default-rack, certSerialId: null}
2019-09-26 17:33:08,705 [IPC Server handler 6 on 44579] INFO  net.NetworkTopology (NetworkTopologyImpl.java:add(111)) - Added a new node: /default-rack/11011891-d857-4221-8ea5-6747af062c6a
2019-09-26 17:33:08,705 [IPC Server handler 6 on 44579] INFO  node.SCMNodeManager (SCMNodeManager.java:register(266)) - Registered Data node : 11011891-d857-4221-8ea5-6747af062c6a{ip: 192.168.157.234, host: pr-hdds-2162-htzpk-1451759861, networkLocation: /default-rack, certSerialId: null}
2019-09-26 17:33:08,772 [IPC Server handler 7 on 44579] INFO  net.NetworkTopology (NetworkTopologyImpl.java:add(111)) - Added a new node: /default-rack/b0d633e9-e5dd-4965-9348-f887f26d3e3f
2019-09-26 17:33:08,772 [IPC Server handler 7 on 44579] INFO  node.SCMNodeManager (SCMNodeManager.java:register(266)) - Registered Data node : b0d633e9-e5dd-4965-9348-f887f26d3e3f{ip: 192.168.157.234, host: pr-hdds-2162-htzpk-1451759861, networkLocation: /default-rack, certSerialId: null}
2019-09-26 17:33:08,842 [IPC Server handler 8 on 44579] INFO  net.NetworkTopology (NetworkTopologyImpl.java:add(111)) - Added a new node: /default-rack/4d234c04-482d-4481-920d-252ce1c5378f
2019-09-26 17:33:08,842 [IPC Server handler 8 on 44579] INFO  node.SCMNodeManager (SCMNodeManager.java:register(266)) - Registered Data node : 4d234c04-482d-4481-920d-252ce1c5378f{ip: 192.168.157.234, host: pr-hdds-2162-htzpk-1451759861, networkLocation: /default-rack, certSerialId: null}
2019-09-26 17:33:08,926 [IPC Server handler 9 on 44579] INFO  net.NetworkTopology (NetworkTopologyImpl.java:add(111)) - Added a new node: /default-rack/d1db60e7-74f1-40e3-a58d-9a1b4e6b78cf
2019-09-26 17:33:08,926 [IPC Server handler 9 on 44579] INFO  node.SCMNodeManager (SCMNodeManager.java:register(266)) - Registered Data node : d1db60e7-74f1-40e3-a58d-9a1b4e6b78cf{ip: 192.168.157.234, host: pr-hdds-2162-htzpk-1451759861, networkLocation: /default-rack, certSerialId: null}
2019-09-26 17:33:09,035 [IPC Server handler 0 on 44579] INFO  net.NetworkTopology (NetworkTopologyImpl.java:add(111)) - Added a new node: /default-rack/090c4de5-a6fa-4d03-a645-efabbe50ef62
2019-09-26 17:33:09,036 [IPC Server handler 0 on 44579] INFO  node.SCMNodeManager (SCMNodeManager.java:register(266)) - Registered Data node : 090c4de5-a6fa-4d03-a645-efabbe50ef62{ip: 192.168.157.234, host: pr-hdds-2162-htzpk-1451759861, networkLocation: /default-rack, certSerialId: null}
2019-09-26 17:33:09,078 [IPC Server handler 2 on 44579] INFO  net.NetworkTopology (NetworkTopologyImpl.java:add(111)) - Added a new node: /default-rack/5be8714d-2642-4bf1-86d9-fb9f2e784a52
2019-09-26 17:33:09,078 [IPC Server handler 2 on 44579] INFO  node.SCMNodeManager (SCMNodeManager.java:register(266)) - Registered Data node : 5be8714d-2642-4bf1-86d9-fb9f2e784a52{ip: 192.168.157.234, host: pr-hdds-2162-htzpk-1451759861, networkLocation: /default-rack, certSerialId: null}
2019-09-26 17:33:09,154 [IPC Server handler 4 on 44579] INFO  net.NetworkTopology (NetworkTopologyImpl.java:add(111)) - Added a new node: /default-rack/815536f4-dee7-4433-8f37-6956ea789edb
2019-09-26 17:33:09,154 [IPC Server handler 4 on 44579] INFO  node.SCMNodeManager (SCMNodeManager.java:register(266)) - Registered Data node : 815536f4-dee7-4433-8f37-6956ea789edb{ip: 192.168.157.234, host: pr-hdds-2162-htzpk-1451759861, networkLocation: /default-rack, certSerialId: null}
2019-09-26 17:33:09,214 [grpc-default-executor-0] INFO  impl.RaftServerProxy (RaftServerProxy.java:addNew(89)) - 702f2153-2d31-40fe-9bcb-1ea73c11f529: addNew group-CA0F4A0C1B57:[702f2153-2d31-40fe-9bcb-1ea73c11f529:192.168.157.234:44580] returns group-CA0F4A0C1B57:java.util.concurrent.CompletableFuture@76fea5d4[Not completed]
2019-09-26 17:33:09,228 [main] INFO  ozone.MiniOzoneClusterImpl (MiniOzoneClusterImpl.java:lambda$waitForClusterToBeReady$0(147)) - Waiting for cluster to be ready. Got 9 of 10 DN Heartbeats.
2019-09-26 17:33:09,251 [IPC Server handler 3 on 44579] INFO  net.NetworkTopology (NetworkTopologyImpl.java:add(111)) - Added a new node: /default-rack/150c97ca-4206-422c-955c-64eaeed2313b
2019-09-26 17:33:09,252 [IPC Server handler 3 on 44579] INFO  node.SCMNodeManager (SCMNodeManager.java:register(266)) - Registered Data node : 150c97ca-4206-422c-955c-64eaeed2313b{ip: 192.168.157.234, host: pr-hdds-2162-htzpk-1451759861, networkLocation: /default-rack, certSerialId: null}
2019-09-26 17:33:09,264 [pool-27-thread-1] INFO  impl.RaftServerImpl (RaftServerImpl.java:<init>(95)) - 702f2153-2d31-40fe-9bcb-1ea73c11f529: new RaftServerImpl for group-CA0F4A0C1B57:[702f2153-2d31-40fe-9bcb-1ea73c11f529:192.168.157.234:44580] with ContainerStateMachine:uninitialized
2019-09-26 17:33:09,266 [pool-27-thread-1] INFO  server.RaftServerConfigKeys (ConfUtils.java:logGet(43)) - raft.server.rpc.timeout.min = 5s (custom)
2019-09-26 17:33:09,268 [pool-27-thread-1] INFO  server.RaftServerConfigKeys (ConfUtils.java:logGet(43)) - raft.server.rpc.timeout.max = 5200ms (custom)
2019-09-26 17:33:09,268 [pool-27-thread-1] INFO  server.RaftServerConfigKeys (ConfUtils.java:logGet(43)) - raft.server.rpcslowness.timeout = 120s (custom)
2019-09-26 17:33:09,269 [pool-27-thread-1] INFO  server.RaftServerConfigKeys (ConfUtils.java:logGet(43)) - raft.server.sleep.deviation.threshold = 300 (default)
2019-09-26 17:33:09,269 [pool-27-thread-1] INFO  server.RaftServerConfigKeys (ConfUtils.java:logGet(43)) - raft.server.log.appender.install.snapshot.enabled = false (custom)
2019-09-26 17:33:09,278 [pool-27-thread-1] INFO  impl.RaftServerImpl (ServerState.java:<init>(103)) - 702f2153-2d31-40fe-9bcb-1ea73c11f529@group-CA0F4A0C1B57: ConfigurationManager, init=-1: [702f2153-2d31-40fe-9bcb-1ea73c11f529:192.168.157.234:44580], old=null, confs=<EMPTY_MAP>
2019-09-26 17:33:09,279 [pool-27-thread-1] INFO  server.RaftServerConfigKeys (ConfUtils.java:logGet(43)) - raft.server.storage.dir = [/workdir/hadoop-ozone/integration-test/target/test-dir/MiniOzoneClusterImpl-e957bdb1-9b3f-4e03-89f8-47fdabd8daf2/datanode-0/data/ratis] (custom)
2019-09-26 17:33:09,287 [pool-27-thread-1] INFO  storage.RaftStorageDirectory (RaftStorageDirectory.java:analyzeStorage(246)) - The storage directory /workdir/hadoop-ozone/integration-test/target/test-dir/MiniOzoneClusterImpl-e957bdb1-9b3f-4e03-89f8-47fdabd8daf2/datanode-0/data/ratis/998b5ee1-1f1b-4933-bf9c-ca0f4a0c1b57 does not exist. Creating ...
2019-09-26 17:33:09,305 [pool-27-thread-1] INFO  storage.RaftStorageDirectory (RaftStorageDirectory.java:tryLock(328)) - Lock on /workdir/hadoop-ozone/integration-test/target/test-dir/MiniOzoneClusterImpl-e957bdb1-9b3f-4e03-89f8-47fdabd8daf2/datanode-0/data/ratis/998b5ee1-1f1b-4933-bf9c-ca0f4a0c1b57/in_use.lock acquired by nodename 3306@pr-hdds-2162-htzpk-1451759861
2019-09-26 17:33:09,320 [pool-27-thread-1] INFO  storage.RaftStorage (RaftStorage.java:format(72)) - Storage directory /workdir/hadoop-ozone/integration-test/target/test-dir/MiniOzoneClusterImpl-e957bdb1-9b3f-4e03-89f8-47fdabd8daf2/datanode-0/data/ratis/998b5ee1-1f1b-4933-bf9c-ca0f4a0c1b57 has been successfully formatted.
2019-09-26 17:33:09,322 [pool-27-thread-1] INFO  ratis.ContainerStateMachine (ContainerStateMachine.java:loadSnapshot(230)) - group-CA0F4A0C1B57: The snapshot info is null. Setting the last applied indexto:(t:0, i:~)
2019-09-26 17:33:09,322 [pool-27-thread-1] INFO  server.RaftServerConfigKeys (ConfUtils.java:logGet(43)) - raft.server.notification.no-leader.timeout = 120s (custom)
2019-09-26 17:33:09,325 [pool-27-thread-1] INFO  server.RaftServerConfigKeys (ConfUtils.java:logGet(43)) - raft.server.log.use.memory = false (default)
2019-09-26 17:33:09,331 [pool-27-thread-1] INFO  server.RaftServerConfigKeys (ConfUtils.java:logGet(43)) - raft.server.log.purge.gap = 1000000 (custom)
2019-09-26 17:33:09,331 [pool-27-thread-1] INFO  server.RaftServerConfigKeys (ConfUtils.java:logGet(43)) - raft.server.log.appender.buffer.byte-limit = 33554432 (custom)
2019-09-26 17:33:09,333 [pool-27-thread-1] INFO  server.RaftServerConfigKeys (ConfUtils.java:logGet(43)) - raft.server.log.segment.size.max = 1048576 (custom)
2019-09-26 17:33:09,337 [pool-27-thread-1] INFO  server.RaftServerConfigKeys (ConfUtils.java:logGet(43)) - raft.server.log.segment.cache.num.max = 2 (custom)
2019-09-26 17:33:09,342 [pool-27-thread-1] INFO  segmented.SegmentedRaftLogWorker (SegmentedRaftLogWorker.java:<init>(172)) - new 702f2153-2d31-40fe-9bcb-1ea73c11f529@group-CA0F4A0C1B57-SegmentedRaftLogWorker for RaftStorage:Storage Directory /workdir/hadoop-ozone/integration-test/target/test-dir/MiniOzoneClusterImpl-e957bdb1-9b3f-4e03-89f8-47fdabd8daf2/datanode-0/data/ratis/998b5ee1-1f1b-4933-bf9c-ca0f4a0c1b57
2019-09-26 17:33:09,344 [pool-27-thread-1] INFO  impl.MetricsSystemImpl (MetricsSystemImpl.java:init(158)) - ratis metrics system started (again)
2019-09-26 17:33:09,350 [pool-27-thread-1] INFO  metrics.MetricRegistries (MetricRegistriesLoader.java:load(64)) - Loaded MetricRegistries class org.apache.ratis.metrics.impl.MetricRegistriesImpl
2019-09-26 17:33:09,378 [pool-27-thread-1] INFO  server.RaftServerConfigKeys (ConfUtils.java:logGet(43)) - raft.server.log.queue.byte-limit = 2147483647 (custom)
2019-09-26 17:33:09,379 [pool-27-thread-1] INFO  server.RaftServerConfigKeys (ConfUtils.java:logGet(43)) - raft.server.log.queue.element-limit = 1024 (custom)
2019-09-26 17:33:09,382 [pool-27-thread-1] INFO  server.RaftServerConfigKeys (ConfUtils.java:logGet(43)) - raft.server.log.segment.size.max = 1048576 (custom)
2019-09-26 17:33:09,382 [pool-27-thread-1] INFO  server.RaftServerConfigKeys (ConfUtils.java:logGet(43)) - raft.server.log.preallocated.size = 16384 (custom)
2019-09-26 17:33:09,383 [pool-27-thread-1] INFO  server.RaftServerConfigKeys (ConfUtils.java:logGet(43)) - raft.server.log.write.buffer.size = 33554432 (custom)
2019-09-26 17:33:09,383 [pool-27-thread-1] INFO  server.RaftServerConfigKeys (ConfUtils.java:logGet(43)) - raft.server.log.force.sync.num = 128 (default)
2019-09-26 17:33:09,384 [pool-27-thread-1] INFO  server.RaftServerConfigKeys (ConfUtils.java:logGet(43)) - raft.server.log.statemachine.data.sync = true (default)
2019-09-26 17:33:09,384 [pool-27-thread-1] INFO  server.RaftServerConfigKeys (ConfUtils.java:logGet(43)) - raft.server.log.statemachine.data.sync.timeout = 10s (default)
2019-09-26 17:33:09,385 [pool-27-thread-1] INFO  server.RaftServerConfigKeys (ConfUtils.java:logGet(43)) - raft.server.log.statemachine.data.sync.timeout.retry = -1 (default)
2019-09-26 17:33:09,393 [pool-27-thread-1] INFO  server.RaftServerConfigKeys (ConfUtils.java:logGet(43)) - raft.server.log.statemachine.data.caching.enabled = true (custom)
2019-09-26 17:33:09,397 [pool-27-thread-1] INFO  segmented.SegmentedRaftLogWorker (SegmentedRaftLogWorker.java:lambda$new$0(132)) - 702f2153-2d31-40fe-9bcb-1ea73c11f529@group-CA0F4A0C1B57-SegmentedRaftLogWorker: flushIndex: setUnconditionally 0 -> -1
2019-09-26 17:33:09,402 [pool-27-thread-1] INFO  server.RaftServerConfigKeys (ConfUtils.java:logGet(43)) - raft.server.snapshot.auto.trigger.enabled = true (custom)
2019-09-26 17:33:09,403 [pool-27-thread-1] INFO  server.RaftServerConfigKeys (ConfUtils.java:logGet(43)) - raft.server.snapshot.auto.trigger.threshold = 10000 (custom)
2019-09-26 17:33:09,403 [pool-27-thread-1] INFO  server.RaftServerConfigKeys (ConfUtils.java:logGet(43)) - raft.server.snapshot.retention.num.files = 5 (custom)
2019-09-26 17:33:09,404 [pool-27-thread-1] INFO  server.RaftServerConfigKeys (ConfUtils.java:logGet(43)) - raft.server.retrycache.expirytime = 600000ms (custom)
2019-09-26 17:33:09,430 [pool-27-thread-1] INFO  impl.RaftServerImpl (RaftServerImpl.java:start(185)) - 702f2153-2d31-40fe-9bcb-1ea73c11f529@group-CA0F4A0C1B57: start as a follower, conf=-1: [702f2153-2d31-40fe-9bcb-1ea73c11f529:192.168.157.234:44580], old=null
2019-09-26 17:33:09,431 [pool-27-thread-1] INFO  impl.RaftServerImpl (RaftServerImpl.java:setRole(174)) - 702f2153-2d31-40fe-9bcb-1ea73c11f529@group-CA0F4A0C1B57: changes role from      null to FOLLOWER at term 0 for startAsFollower
2019-09-26 17:33:09,432 [pool-27-thread-1] INFO  impl.RoleInfo (RoleInfo.java:updateAndGet(143)) - 702f2153-2d31-40fe-9bcb-1ea73c11f529: start FollowerState
2019-09-26 17:33:09,433 [pool-27-thread-1] INFO  util.JmxRegister (JmxRegister.java:tryRegister(44)) - Successfully registered JMX Bean with object name Ratis:service=RaftServer,group=group-CA0F4A0C1B57,id=702f2153-2d31-40fe-9bcb-1ea73c11f529
2019-09-26 17:33:09,520 [RatisPipelineUtilsThread] INFO  pipeline.PipelineStateManager (PipelineStateManager.java:addPipeline(56)) - Created pipeline Pipeline[ Id: 998b5ee1-1f1b-4933-bf9c-ca0f4a0c1b57, Nodes: 702f2153-2d31-40fe-9bcb-1ea73c11f529{ip: 192.168.157.234, host: pr-hdds-2162-htzpk-1451759861, networkLocation: /default-rack, certSerialId: null}, Type:RATIS, Factor:ONE, State:OPEN]
2019-09-26 17:33:09,549 [grpc-default-executor-0] INFO  impl.RaftServerProxy (RaftServerProxy.java:addNew(89)) - 4d234c04-482d-4481-920d-252ce1c5378f: addNew group-961C8875D548:[4d234c04-482d-4481-920d-252ce1c5378f:192.168.157.234:42224] returns group-961C8875D548:java.util.concurrent.CompletableFuture@359db57c[Not completed]
2019-09-26 17:33:09,621 [pool-67-thread-1] INFO  impl.RaftServerImpl (RaftServerImpl.java:<init>(95)) - 4d234c04-482d-4481-920d-252ce1c5378f: new RaftServerImpl for group-961C8875D548:[4d234c04-482d-4481-920d-252ce1c5378f:192.168.157.234:42224] with ContainerStateMachine:uninitialized
2019-09-26 17:33:09,622 [pool-67-thread-1] INFO  server.RaftServerConfigKeys (ConfUtils.java:logGet(43)) - raft.server.rpc.timeout.min = 5s (custom)
2019-09-26 17:33:09,622 [pool-67-thread-1] INFO  server.RaftServerConfigKeys (ConfUtils.java:logGet(43)) - raft.server.rpc.timeout.max = 5200ms (custom)
2019-09-26 17:33:09,623 [pool-67-thread-1] INFO  server.RaftServerConfigKeys (ConfUtils.java:logGet(43)) - raft.server.rpcslowness.timeout = 120s (custom)
2019-09-26 17:33:09,623 [pool-67-thread-1] INFO  server.RaftServerConfigKeys (ConfUtils.java:logGet(43)) - raft.server.sleep.deviation.threshold = 300 (default)
2019-09-26 17:33:09,623 [pool-67-thread-1] INFO  server.RaftServerConfigKeys (ConfUtils.java:logGet(43)) - raft.server.log.appender.install.snapshot.enabled = false (custom)
2019-09-26 17:33:09,623 [pool-67-thread-1] INFO  impl.RaftServerImpl (ServerState.java:<init>(103)) - 4d234c04-482d-4481-920d-252ce1c5378f@group-961C8875D548: ConfigurationManager, init=-1: [4d234c04-482d-4481-920d-252ce1c5378f:192.168.157.234:42224], old=null, confs=<EMPTY_MAP>
2019-09-26 17:33:09,623 [pool-67-thread-1] INFO  server.RaftServerConfigKeys (ConfUtils.java:logGet(43)) - raft.server.storage.dir = [/workdir/hadoop-ozone/integration-test/target/test-dir/MiniOzoneClusterImpl-e957bdb1-9b3f-4e03-89f8-47fdabd8daf2/datanode-4/data/ratis] (custom)
2019-09-26 17:33:09,624 [pool-67-thread-1] INFO  storage.RaftStorageDirectory (RaftStorageDirectory.java:analyzeStorage(246)) - The storage directory /workdir/hadoop-ozone/integration-test/target/test-dir/MiniOzoneClusterImpl-e957bdb1-9b3f-4e03-89f8-47fdabd8daf2/datanode-4/data/ratis/b7f93a88-f4a8-4be8-bf1d-961c8875d548 does not exist. Creating ...
2019-09-26 17:33:09,639 [pool-67-thread-1] INFO  storage.RaftStorageDirectory (RaftStorageDirectory.java:tryLock(328)) - Lock on /workdir/hadoop-ozone/integration-test/target/test-dir/MiniOzoneClusterImpl-e957bdb1-9b3f-4e03-89f8-47fdabd8daf2/datanode-4/data/ratis/b7f93a88-f4a8-4be8-bf1d-961c8875d548/in_use.lock acquired by nodename 3306@pr-hdds-2162-htzpk-1451759861
2019-09-26 17:33:09,652 [pool-67-thread-1] INFO  storage.RaftStorage (RaftStorage.java:format(72)) - Storage directory /workdir/hadoop-ozone/integration-test/target/test-dir/MiniOzoneClusterImpl-e957bdb1-9b3f-4e03-89f8-47fdabd8daf2/datanode-4/data/ratis/b7f93a88-f4a8-4be8-bf1d-961c8875d548 has been successfully formatted.
2019-09-26 17:33:09,654 [pool-67-thread-1] INFO  ratis.ContainerStateMachine (ContainerStateMachine.java:loadSnapshot(230)) - group-961C8875D548: The snapshot info is null. Setting the last applied indexto:(t:0, i:~)
2019-09-26 17:33:09,655 [pool-67-thread-1] INFO  server.RaftServerConfigKeys (ConfUtils.java:logGet(43)) - raft.server.notification.no-leader.timeout = 120s (custom)
2019-09-26 17:33:09,656 [pool-67-thread-1] INFO  server.RaftServerConfigKeys (ConfUtils.java:logGet(43)) - raft.server.log.use.memory = false (default)
2019-09-26 17:33:09,656 [pool-67-thread-1] INFO  server.RaftServerConfigKeys (ConfUtils.java:logGet(43)) - raft.server.log.purge.gap = 1000000 (custom)
2019-09-26 17:33:09,656 [pool-67-thread-1] INFO  server.RaftServerConfigKeys (ConfUtils.java:logGet(43)) - raft.server.log.appender.buffer.byte-limit = 33554432 (custom)
2019-09-26 17:33:09,656 [pool-67-thread-1] INFO  server.RaftServerConfigKeys (ConfUtils.java:logGet(43)) - raft.server.log.segment.size.max = 1048576 (custom)
2019-09-26 17:33:09,656 [pool-67-thread-1] INFO  server.RaftServerConfigKeys (ConfUtils.java:logGet(43)) - raft.server.log.segment.cache.num.max = 2 (custom)
2019-09-26 17:33:09,657 [pool-67-thread-1] INFO  segmented.SegmentedRaftLogWorker (SegmentedRaftLogWorker.java:<init>(172)) - new 4d234c04-482d-4481-920d-252ce1c5378f@group-961C8875D548-SegmentedRaftLogWorker for RaftStorage:Storage Directory /workdir/hadoop-ozone/integration-test/target/test-dir/MiniOzoneClusterImpl-e957bdb1-9b3f-4e03-89f8-47fdabd8daf2/datanode-4/data/ratis/b7f93a88-f4a8-4be8-bf1d-961c8875d548
2019-09-26 17:33:09,665 [pool-67-thread-1] INFO  server.RaftServerConfigKeys (ConfUtils.java:logGet(43)) - raft.server.log.queue.byte-limit = 2147483647 (custom)
2019-09-26 17:33:09,665 [pool-67-thread-1] INFO  server.RaftServerConfigKeys (ConfUtils.java:logGet(43)) - raft.server.log.queue.element-limit = 1024 (custom)
2019-09-26 17:33:09,665 [pool-67-thread-1] INFO  server.RaftServerConfigKeys (ConfUtils.java:logGet(43)) - raft.server.log.segment.size.max = 1048576 (custom)
2019-09-26 17:33:09,665 [pool-67-thread-1] INFO  server.RaftServerConfigKeys (ConfUtils.java:logGet(43)) - raft.server.log.preallocated.size = 16384 (custom)
2019-09-26 17:33:09,665 [pool-67-thread-1] INFO  server.RaftServerConfigKeys (ConfUtils.java:logGet(43)) - raft.server.log.write.buffer.size = 33554432 (custom)
2019-09-26 17:33:09,666 [pool-67-thread-1] INFO  server.RaftServerConfigKeys (ConfUtils.java:logGet(43)) - raft.server.log.force.sync.num = 128 (default)
2019-09-26 17:33:09,666 [pool-67-thread-1] INFO  server.RaftServerConfigKeys (ConfUtils.java:logGet(43)) - raft.server.log.statemachine.data.sync = true (default)
2019-09-26 17:33:09,666 [pool-67-thread-1] INFO  server.RaftServerConfigKeys (ConfUtils.java:logGet(43)) - raft.server.log.statemachine.data.sync.timeout = 10s (default)
2019-09-26 17:33:09,666 [pool-67-thread-1] INFO  server.RaftServerConfigKeys (ConfUtils.java:logGet(43)) - raft.server.log.statemachine.data.sync.timeout.retry = -1 (default)
2019-09-26 17:33:09,667 [pool-67-thread-1] INFO  server.RaftServerConfigKeys (ConfUtils.java:logGet(43)) - raft.server.log.statemachine.data.caching.enabled = true (custom)
2019-09-26 17:33:09,667 [pool-67-thread-1] INFO  segmented.SegmentedRaftLogWorker (SegmentedRaftLogWorker.java:lambda$new$0(132)) - 4d234c04-482d-4481-920d-252ce1c5378f@group-961C8875D548-SegmentedRaftLogWorker: flushIndex: setUnconditionally 0 -> -1
2019-09-26 17:33:09,668 [pool-67-thread-1] INFO  server.RaftServerConfigKeys (ConfUtils.java:logGet(43)) - raft.server.snapshot.auto.trigger.enabled = true (custom)
2019-09-26 17:33:09,668 [pool-67-thread-1] INFO  server.RaftServerConfigKeys (ConfUtils.java:logGet(43)) - raft.server.snapshot.auto.trigger.threshold = 10000 (custom)
2019-09-26 17:33:09,668 [pool-67-thread-1] INFO  server.RaftServerConfigKeys (ConfUtils.java:logGet(43)) - raft.server.snapshot.retention.num.files = 5 (custom)
2019-09-26 17:33:09,668 [pool-67-thread-1] INFO  server.RaftServerConfigKeys (ConfUtils.java:logGet(43)) - raft.server.retrycache.expirytime = 600000ms (custom)
2019-09-26 17:33:09,674 [pool-67-thread-1] INFO  impl.RaftServerImpl (RaftServerImpl.java:start(185)) - 4d234c04-482d-4481-920d-252ce1c5378f@group-961C8875D548: start as a follower, conf=-1: [4d234c04-482d-4481-920d-252ce1c5378f:192.168.157.234:42224], old=null
2019-09-26 17:33:09,674 [pool-67-thread-1] INFO  impl.RaftServerImpl (RaftServerImpl.java:setRole(174)) - 4d234c04-482d-4481-920d-252ce1c5378f@group-961C8875D548: changes role from      null to FOLLOWER at term 0 for startAsFollower
2019-09-26 17:33:09,675 [pool-67-thread-1] INFO  impl.RoleInfo (RoleInfo.java:updateAndGet(143)) - 4d234c04-482d-4481-920d-252ce1c5378f: start FollowerState
2019-09-26 17:33:09,677 [pool-67-thread-1] INFO  util.JmxRegister (JmxRegister.java:tryRegister(44)) - Successfully registered JMX Bean with object name Ratis:service=RaftServer,group=group-961C8875D548,id=4d234c04-482d-4481-920d-252ce1c5378f
2019-09-26 17:33:09,694 [RatisPipelineUtilsThread] INFO  pipeline.PipelineStateManager (PipelineStateManager.java:addPipeline(56)) - Created pipeline Pipeline[ Id: b7f93a88-f4a8-4be8-bf1d-961c8875d548, Nodes: 4d234c04-482d-4481-920d-252ce1c5378f{ip: 192.168.157.234, host: pr-hdds-2162-htzpk-1451759861, networkLocation: /default-rack, certSerialId: null}, Type:RATIS, Factor:ONE, State:OPEN]
2019-09-26 17:33:09,717 [grpc-default-executor-0] INFO  impl.RaftServerProxy (RaftServerProxy.java:addNew(89)) - 150c97ca-4206-422c-955c-64eaeed2313b: addNew group-0768DB8FF2EF:[150c97ca-4206-422c-955c-64eaeed2313b:192.168.157.234:42488] returns group-0768DB8FF2EF:java.util.concurrent.CompletableFuture@430b74ba[Not completed]
2019-09-26 17:33:09,751 [pool-117-thread-1] INFO  impl.RaftServerImpl (RaftServerImpl.java:<init>(95)) - 150c97ca-4206-422c-955c-64eaeed2313b: new RaftServerImpl for group-0768DB8FF2EF:[150c97ca-4206-422c-955c-64eaeed2313b:192.168.157.234:42488] with ContainerStateMachine:uninitialized
2019-09-26 17:33:09,751 [pool-117-thread-1] INFO  server.RaftServerConfigKeys (ConfUtils.java:logGet(43)) - raft.server.rpc.timeout.min = 5s (custom)
2019-09-26 17:33:09,752 [pool-117-thread-1] INFO  server.RaftServerConfigKeys (ConfUtils.java:logGet(43)) - raft.server.rpc.timeout.max = 5200ms (custom)
2019-09-26 17:33:09,752 [pool-117-thread-1] INFO  server.RaftServerConfigKeys (ConfUtils.java:logGet(43)) - raft.server.rpcslowness.timeout = 120s (custom)
2019-09-26 17:33:09,752 [pool-117-thread-1] INFO  server.RaftServerConfigKeys (ConfUtils.java:logGet(43)) - raft.server.sleep.deviation.threshold = 300 (default)
2019-09-26 17:33:09,752 [pool-117-thread-1] INFO  server.RaftServerConfigKeys (ConfUtils.java:logGet(43)) - raft.server.log.appender.install.snapshot.enabled = false (custom)
2019-09-26 17:33:09,752 [pool-117-thread-1] INFO  impl.RaftServerImpl (ServerState.java:<init>(103)) - 150c97ca-4206-422c-955c-64eaeed2313b@group-0768DB8FF2EF: ConfigurationManager, init=-1: [150c97ca-4206-422c-955c-64eaeed2313b:192.168.157.234:42488], old=null, confs=<EMPTY_MAP>
2019-09-26 17:33:09,752 [pool-117-thread-1] INFO  server.RaftServerConfigKeys (ConfUtils.java:logGet(43)) - raft.server.storage.dir = [/workdir/hadoop-ozone/integration-test/target/test-dir/MiniOzoneClusterImpl-e957bdb1-9b3f-4e03-89f8-47fdabd8daf2/datanode-9/data/ratis] (custom)
2019-09-26 17:33:09,753 [pool-117-thread-1] INFO  storage.RaftStorageDirectory (RaftStorageDirectory.java:analyzeStorage(246)) - The storage directory /workdir/hadoop-ozone/integration-test/target/test-dir/MiniOzoneClusterImpl-e957bdb1-9b3f-4e03-89f8-47fdabd8daf2/datanode-9/data/ratis/d97822a3-2bbd-4e1c-a9ee-0768db8ff2ef does not exist. Creating ...
2019-09-26 17:33:09,767 [pool-117-thread-1] INFO  storage.RaftStorageDirectory (RaftStorageDirectory.java:tryLock(328)) - Lock on /workdir/hadoop-ozone/integration-test/target/test-dir/MiniOzoneClusterImpl-e957bdb1-9b3f-4e03-89f8-47fdabd8daf2/datanode-9/data/ratis/d97822a3-2bbd-4e1c-a9ee-0768db8ff2ef/in_use.lock acquired by nodename 3306@pr-hdds-2162-htzpk-1451759861
2019-09-26 17:33:09,780 [pool-117-thread-1] INFO  storage.RaftStorage (RaftStorage.java:format(72)) - Storage directory /workdir/hadoop-ozone/integration-test/target/test-dir/MiniOzoneClusterImpl-e957bdb1-9b3f-4e03-89f8-47fdabd8daf2/datanode-9/data/ratis/d97822a3-2bbd-4e1c-a9ee-0768db8ff2ef has been successfully formatted.
2019-09-26 17:33:09,781 [pool-117-thread-1] INFO  ratis.ContainerStateMachine (ContainerStateMachine.java:loadSnapshot(230)) - group-0768DB8FF2EF: The snapshot info is null. Setting the last applied indexto:(t:0, i:~)
2019-09-26 17:33:09,781 [pool-117-thread-1] INFO  server.RaftServerConfigKeys (ConfUtils.java:logGet(43)) - raft.server.notification.no-leader.timeout = 120s (custom)
2019-09-26 17:33:09,781 [pool-117-thread-1] INFO  server.RaftServerConfigKeys (ConfUtils.java:logGet(43)) - raft.server.log.use.memory = false (default)
2019-09-26 17:33:09,781 [pool-117-thread-1] INFO  server.RaftServerConfigKeys (ConfUtils.java:logGet(43)) - raft.server.log.purge.gap = 1000000 (custom)
2019-09-26 17:33:09,781 [pool-117-thread-1] INFO  server.RaftServerConfigKeys (ConfUtils.java:logGet(43)) - raft.server.log.appender.buffer.byte-limit = 33554432 (custom)
2019-09-26 17:33:09,782 [pool-117-thread-1] INFO  server.RaftServerConfigKeys (ConfUtils.java:logGet(43)) - raft.server.log.segment.size.max = 1048576 (custom)
2019-09-26 17:33:09,782 [pool-117-thread-1] INFO  server.RaftServerConfigKeys (ConfUtils.java:logGet(43)) - raft.server.log.segment.cache.num.max = 2 (custom)
2019-09-26 17:33:09,782 [pool-117-thread-1] INFO  segmented.SegmentedRaftLogWorker (SegmentedRaftLogWorker.java:<init>(172)) - new 150c97ca-4206-422c-955c-64eaeed2313b@group-0768DB8FF2EF-SegmentedRaftLogWorker for RaftStorage:Storage Directory /workdir/hadoop-ozone/integration-test/target/test-dir/MiniOzoneClusterImpl-e957bdb1-9b3f-4e03-89f8-47fdabd8daf2/datanode-9/data/ratis/d97822a3-2bbd-4e1c-a9ee-0768db8ff2ef
2019-09-26 17:33:09,828 [pool-117-thread-1] INFO  server.RaftServerConfigKeys (ConfUtils.java:logGet(43)) - raft.server.log.queue.byte-limit = 2147483647 (custom)
2019-09-26 17:33:09,828 [pool-117-thread-1] INFO  server.RaftServerConfigKeys (ConfUtils.java:logGet(43)) - raft.server.log.queue.element-limit = 1024 (custom)
2019-09-26 17:33:09,828 [pool-117-thread-1] INFO  server.RaftServerConfigKeys (ConfUtils.java:logGet(43)) - raft.server.log.segment.size.max = 1048576 (custom)
2019-09-26 17:33:09,829 [pool-117-thread-1] INFO  server.RaftServerConfigKeys (ConfUtils.java:logGet(43)) - raft.server.log.preallocated.size = 16384 (custom)
2019-09-26 17:33:09,829 [pool-117-thread-1] INFO  server.RaftServerConfigKeys (ConfUtils.java:logGet(43)) - raft.server.log.write.buffer.size = 33554432 (custom)
2019-09-26 17:33:09,829 [pool-117-thread-1] INFO  server.RaftServerConfigKeys (ConfUtils.java:logGet(43)) - raft.server.log.force.sync.num = 128 (default)
2019-09-26 17:33:09,829 [pool-117-thread-1] INFO  server.RaftServerConfigKeys (ConfUtils.java:logGet(43)) - raft.server.log.statemachine.data.sync = true (default)
2019-09-26 17:33:09,829 [pool-117-thread-1] INFO  server.RaftServerConfigKeys (ConfUtils.java:logGet(43)) - raft.server.log.statemachine.data.sync.timeout = 10s (default)
2019-09-26 17:33:09,830 [pool-117-thread-1] INFO  server.RaftServerConfigKeys (ConfUtils.java:logGet(43)) - raft.server.log.statemachine.data.sync.timeout.retry = -1 (default)
2019-09-26 17:33:09,830 [pool-117-thread-1] INFO  server.RaftServerConfigKeys (ConfUtils.java:logGet(43)) - raft.server.log.statemachine.data.caching.enabled = true (custom)
2019-09-26 17:33:09,830 [pool-117-thread-1] INFO  segmented.SegmentedRaftLogWorker (SegmentedRaftLogWorker.java:lambda$new$0(132)) - 150c97ca-4206-422c-955c-64eaeed2313b@group-0768DB8FF2EF-SegmentedRaftLogWorker: flushIndex: setUnconditionally 0 -> -1
2019-09-26 17:33:09,831 [pool-117-thread-1] INFO  server.RaftServerConfigKeys (ConfUtils.java:logGet(43)) - raft.server.snapshot.auto.trigger.enabled = true (custom)
2019-09-26 17:33:09,831 [pool-117-thread-1] INFO  server.RaftServerConfigKeys (ConfUtils.java:logGet(43)) - raft.server.snapshot.auto.trigger.threshold = 10000 (custom)
2019-09-26 17:33:09,831 [pool-117-thread-1] INFO  server.RaftServerConfigKeys (ConfUtils.java:logGet(43)) - raft.server.snapshot.retention.num.files = 5 (custom)
2019-09-26 17:33:09,831 [pool-117-thread-1] INFO  server.RaftServerConfigKeys (ConfUtils.java:logGet(43)) - raft.server.retrycache.expirytime = 600000ms (custom)
2019-09-26 17:33:09,837 [pool-117-thread-1] INFO  impl.RaftServerImpl (RaftServerImpl.java:start(185)) - 150c97ca-4206-422c-955c-64eaeed2313b@group-0768DB8FF2EF: start as a follower, conf=-1: [150c97ca-4206-422c-955c-64eaeed2313b:192.168.157.234:42488], old=null
2019-09-26 17:33:09,837 [pool-117-thread-1] INFO  impl.RaftServerImpl (RaftServerImpl.java:setRole(174)) - 150c97ca-4206-422c-955c-64eaeed2313b@group-0768DB8FF2EF: changes role from      null to FOLLOWER at term 0 for startAsFollower
2019-09-26 17:33:09,837 [pool-117-thread-1] INFO  impl.RoleInfo (RoleInfo.java:updateAndGet(143)) - 150c97ca-4206-422c-955c-64eaeed2313b: start FollowerState
2019-09-26 17:33:09,838 [pool-117-thread-1] INFO  util.JmxRegister (JmxRegister.java:tryRegister(44)) - Successfully registered JMX Bean with object name Ratis:service=RaftServer,group=group-0768DB8FF2EF,id=150c97ca-4206-422c-955c-64eaeed2313b
2019-09-26 17:33:09,857 [RatisPipelineUtilsThread] INFO  pipeline.PipelineStateManager (PipelineStateManager.java:addPipeline(56)) - Created pipeline Pipeline[ Id: d97822a3-2bbd-4e1c-a9ee-0768db8ff2ef, Nodes: 150c97ca-4206-422c-955c-64eaeed2313b{ip: 192.168.157.234, host: pr-hdds-2162-htzpk-1451759861, networkLocation: /default-rack, certSerialId: null}, Type:RATIS, Factor:ONE, State:OPEN]
2019-09-26 17:33:09,882 [grpc-default-executor-0] INFO  impl.RaftServerProxy (RaftServerProxy.java:addNew(89)) - 815536f4-dee7-4433-8f37-6956ea789edb: addNew group-F037E4891B00:[815536f4-dee7-4433-8f37-6956ea789edb:192.168.157.234:36203] returns group-F037E4891B00:java.util.concurrent.CompletableFuture@b0acac0[Not completed]
2019-09-26 17:33:09,886 [pool-107-thread-1] INFO  impl.RaftServerImpl (RaftServerImpl.java:<init>(95)) - 815536f4-dee7-4433-8f37-6956ea789edb: new RaftServerImpl for group-F037E4891B00:[815536f4-dee7-4433-8f37-6956ea789edb:192.168.157.234:36203] with ContainerStateMachine:uninitialized
2019-09-26 17:33:09,886 [pool-107-thread-1] INFO  server.RaftServerConfigKeys (ConfUtils.java:logGet(43)) - raft.server.rpc.timeout.min = 5s (custom)
2019-09-26 17:33:09,886 [pool-107-thread-1] INFO  server.RaftServerConfigKeys (ConfUtils.java:logGet(43)) - raft.server.rpc.timeout.max = 5200ms (custom)
2019-09-26 17:33:09,887 [pool-107-thread-1] INFO  server.RaftServerConfigKeys (ConfUtils.java:logGet(43)) - raft.server.rpcslowness.timeout = 120s (custom)
2019-09-26 17:33:09,887 [pool-107-thread-1] INFO  server.RaftServerConfigKeys (ConfUtils.java:logGet(43)) - raft.server.sleep.deviation.threshold = 300 (default)
2019-09-26 17:33:09,887 [pool-107-thread-1] INFO  server.RaftServerConfigKeys (ConfUtils.java:logGet(43)) - raft.server.log.appender.install.snapshot.enabled = false (custom)
2019-09-26 17:33:09,887 [pool-107-thread-1] INFO  impl.RaftServerImpl (ServerState.java:<init>(103)) - 815536f4-dee7-4433-8f37-6956ea789edb@group-F037E4891B00: ConfigurationManager, init=-1: [815536f4-dee7-4433-8f37-6956ea789edb:192.168.157.234:36203], old=null, confs=<EMPTY_MAP>
2019-09-26 17:33:09,887 [pool-107-thread-1] INFO  server.RaftServerConfigKeys (ConfUtils.java:logGet(43)) - raft.server.storage.dir = [/workdir/hadoop-ozone/integration-test/target/test-dir/MiniOzoneClusterImpl-e957bdb1-9b3f-4e03-89f8-47fdabd8daf2/datanode-8/data/ratis] (custom)
2019-09-26 17:33:09,887 [pool-107-thread-1] INFO  storage.RaftStorageDirectory (RaftStorageDirectory.java:analyzeStorage(246)) - The storage directory /workdir/hadoop-ozone/integration-test/target/test-dir/MiniOzoneClusterImpl-e957bdb1-9b3f-4e03-89f8-47fdabd8daf2/datanode-8/data/ratis/fd02d878-99d6-4bfb-a900-f037e4891b00 does not exist. Creating ...
2019-09-26 17:33:09,900 [pool-107-thread-1] INFO  storage.RaftStorageDirectory (RaftStorageDirectory.java:tryLock(328)) - Lock on /workdir/hadoop-ozone/integration-test/target/test-dir/MiniOzoneClusterImpl-e957bdb1-9b3f-4e03-89f8-47fdabd8daf2/datanode-8/data/ratis/fd02d878-99d6-4bfb-a900-f037e4891b00/in_use.lock acquired by nodename 3306@pr-hdds-2162-htzpk-1451759861
2019-09-26 17:33:09,918 [pool-107-thread-1] INFO  storage.RaftStorage (RaftStorage.java:format(72)) - Storage directory /workdir/hadoop-ozone/integration-test/target/test-dir/MiniOzoneClusterImpl-e957bdb1-9b3f-4e03-89f8-47fdabd8daf2/datanode-8/data/ratis/fd02d878-99d6-4bfb-a900-f037e4891b00 has been successfully formatted.
2019-09-26 17:33:09,918 [pool-107-thread-1] INFO  ratis.ContainerStateMachine (ContainerStateMachine.java:loadSnapshot(230)) - group-F037E4891B00: The snapshot info is null. Setting the last applied indexto:(t:0, i:~)
2019-09-26 17:33:09,918 [pool-107-thread-1] INFO  server.RaftServerConfigKeys (ConfUtils.java:logGet(43)) - raft.server.notification.no-leader.timeout = 120s (custom)
2019-09-26 17:33:09,918 [pool-107-thread-1] INFO  server.RaftServerConfigKeys (ConfUtils.java:logGet(43)) - raft.server.log.use.memory = false (default)
2019-09-26 17:33:09,918 [pool-107-thread-1] INFO  server.RaftServerConfigKeys (ConfUtils.java:logGet(43)) - raft.server.log.purge.gap = 1000000 (custom)
2019-09-26 17:33:09,919 [pool-107-thread-1] INFO  server.RaftServerConfigKeys (ConfUtils.java:logGet(43)) - raft.server.log.appender.buffer.byte-limit = 33554432 (custom)
2019-09-26 17:33:09,919 [pool-107-thread-1] INFO  server.RaftServerConfigKeys (ConfUtils.java:logGet(43)) - raft.server.log.segment.size.max = 1048576 (custom)
2019-09-26 17:33:09,919 [pool-107-thread-1] INFO  server.RaftServerConfigKeys (ConfUtils.java:logGet(43)) - raft.server.log.segment.cache.num.max = 2 (custom)
2019-09-26 17:33:09,919 [pool-107-thread-1] INFO  segmented.SegmentedRaftLogWorker (SegmentedRaftLogWorker.java:<init>(172)) - new 815536f4-dee7-4433-8f37-6956ea789edb@group-F037E4891B00-SegmentedRaftLogWorker for RaftStorage:Storage Directory /workdir/hadoop-ozone/integration-test/target/test-dir/MiniOzoneClusterImpl-e957bdb1-9b3f-4e03-89f8-47fdabd8daf2/datanode-8/data/ratis/fd02d878-99d6-4bfb-a900-f037e4891b00
2019-09-26 17:33:09,924 [pool-107-thread-1] INFO  server.RaftServerConfigKeys (ConfUtils.java:logGet(43)) - raft.server.log.queue.byte-limit = 2147483647 (custom)
2019-09-26 17:33:09,924 [pool-107-thread-1] INFO  server.RaftServerConfigKeys (ConfUtils.java:logGet(43)) - raft.server.log.queue.element-limit = 1024 (custom)
2019-09-26 17:33:09,927 [pool-107-thread-1] INFO  server.RaftServerConfigKeys (ConfUtils.java:logGet(43)) - raft.server.log.segment.size.max = 1048576 (custom)
2019-09-26 17:33:09,927 [pool-107-thread-1] INFO  server.RaftServerConfigKeys (ConfUtils.java:logGet(43)) - raft.server.log.preallocated.size = 16384 (custom)
2019-09-26 17:33:09,927 [pool-107-thread-1] INFO  server.RaftServerConfigKeys (ConfUtils.java:logGet(43)) - raft.server.log.write.buffer.size = 33554432 (custom)
2019-09-26 17:33:09,928 [pool-107-thread-1] INFO  server.RaftServerConfigKeys (ConfUtils.java:logGet(43)) - raft.server.log.force.sync.num = 128 (default)
2019-09-26 17:33:09,928 [pool-107-thread-1] INFO  server.RaftServerConfigKeys (ConfUtils.java:logGet(43)) - raft.server.log.statemachine.data.sync = true (default)
2019-09-26 17:33:09,928 [pool-107-thread-1] INFO  server.RaftServerConfigKeys (ConfUtils.java:logGet(43)) - raft.server.log.statemachine.data.sync.timeout = 10s (default)
2019-09-26 17:33:09,928 [pool-107-thread-1] INFO  server.RaftServerConfigKeys (ConfUtils.java:logGet(43)) - raft.server.log.statemachine.data.sync.timeout.retry = -1 (default)
2019-09-26 17:33:09,928 [pool-107-thread-1] INFO  server.RaftServerConfigKeys (ConfUtils.java:logGet(43)) - raft.server.log.statemachine.data.caching.enabled = true (custom)
2019-09-26 17:33:09,929 [pool-107-thread-1] INFO  segmented.SegmentedRaftLogWorker (SegmentedRaftLogWorker.java:lambda$new$0(132)) - 815536f4-dee7-4433-8f37-6956ea789edb@group-F037E4891B00-SegmentedRaftLogWorker: flushIndex: setUnconditionally 0 -> -1
2019-09-26 17:33:09,929 [pool-107-thread-1] INFO  server.RaftServerConfigKeys (ConfUtils.java:logGet(43)) - raft.server.snapshot.auto.trigger.enabled = true (custom)
2019-09-26 17:33:09,929 [pool-107-thread-1] INFO  server.RaftServerConfigKeys (ConfUtils.java:logGet(43)) - raft.server.snapshot.auto.trigger.threshold = 10000 (custom)
2019-09-26 17:33:09,929 [pool-107-thread-1] INFO  server.RaftServerConfigKeys (ConfUtils.java:logGet(43)) - raft.server.snapshot.retention.num.files = 5 (custom)
2019-09-26 17:33:09,929 [pool-107-thread-1] INFO  server.RaftServerConfigKeys (ConfUtils.java:logGet(43)) - raft.server.retrycache.expirytime = 600000ms (custom)
2019-09-26 17:33:09,933 [pool-107-thread-1] INFO  impl.RaftServerImpl (RaftServerImpl.java:start(185)) - 815536f4-dee7-4433-8f37-6956ea789edb@group-F037E4891B00: start as a follower, conf=-1: [815536f4-dee7-4433-8f37-6956ea789edb:192.168.157.234:36203], old=null
2019-09-26 17:33:09,933 [pool-107-thread-1] INFO  impl.RaftServerImpl (RaftServerImpl.java:setRole(174)) - 815536f4-dee7-4433-8f37-6956ea789edb@group-F037E4891B00: changes role from      null to FOLLOWER at term 0 for startAsFollower
2019-09-26 17:33:09,933 [pool-107-thread-1] INFO  impl.RoleInfo (RoleInfo.java:updateAndGet(143)) - 815536f4-dee7-4433-8f37-6956ea789edb: start FollowerState
2019-09-26 17:33:09,933 [pool-107-thread-1] INFO  util.JmxRegister (JmxRegister.java:tryRegister(44)) - Successfully registered JMX Bean with object name Ratis:service=RaftServer,group=group-F037E4891B00,id=815536f4-dee7-4433-8f37-6956ea789edb
2019-09-26 17:33:09,959 [RatisPipelineUtilsThread] INFO  pipeline.PipelineStateManager (PipelineStateManager.java:addPipeline(56)) - Created pipeline Pipeline[ Id: fd02d878-99d6-4bfb-a900-f037e4891b00, Nodes: 815536f4-dee7-4433-8f37-6956ea789edb{ip: 192.168.157.234, host: pr-hdds-2162-htzpk-1451759861, networkLocation: /default-rack, certSerialId: null}, Type:RATIS, Factor:ONE, State:OPEN]
2019-09-26 17:33:09,975 [grpc-default-executor-0] INFO  impl.RaftServerProxy (RaftServerProxy.java:addNew(89)) - 11011891-d857-4221-8ea5-6747af062c6a: addNew group-B1FFC5289608:[11011891-d857-4221-8ea5-6747af062c6a:192.168.157.234:35503] returns group-B1FFC5289608:java.util.concurrent.CompletableFuture@23b723bc[Not completed]
2019-09-26 17:33:09,979 [pool-47-thread-1] INFO  impl.RaftServerImpl (RaftServerImpl.java:<init>(95)) - 11011891-d857-4221-8ea5-6747af062c6a: new RaftServerImpl for group-B1FFC5289608:[11011891-d857-4221-8ea5-6747af062c6a:192.168.157.234:35503] with ContainerStateMachine:uninitialized
2019-09-26 17:33:09,980 [pool-47-thread-1] INFO  server.RaftServerConfigKeys (ConfUtils.java:logGet(43)) - raft.server.rpc.timeout.min = 5s (custom)
2019-09-26 17:33:09,980 [pool-47-thread-1] INFO  server.RaftServerConfigKeys (ConfUtils.java:logGet(43)) - raft.server.rpc.timeout.max = 5200ms (custom)
2019-09-26 17:33:09,980 [pool-47-thread-1] INFO  server.RaftServerConfigKeys (ConfUtils.java:logGet(43)) - raft.server.rpcslowness.timeout = 120s (custom)
2019-09-26 17:33:09,980 [pool-47-thread-1] INFO  server.RaftServerConfigKeys (ConfUtils.java:logGet(43)) - raft.server.sleep.deviation.threshold = 300 (default)
2019-09-26 17:33:09,980 [pool-47-thread-1] INFO  server.RaftServerConfigKeys (ConfUtils.java:logGet(43)) - raft.server.log.appender.install.snapshot.enabled = false (custom)
2019-09-26 17:33:09,980 [pool-47-thread-1] INFO  impl.RaftServerImpl (ServerState.java:<init>(103)) - 11011891-d857-4221-8ea5-6747af062c6a@group-B1FFC5289608: ConfigurationManager, init=-1: [11011891-d857-4221-8ea5-6747af062c6a:192.168.157.234:35503], old=null, confs=<EMPTY_MAP>
2019-09-26 17:33:09,981 [pool-47-thread-1] INFO  server.RaftServerConfigKeys (ConfUtils.java:logGet(43)) - raft.server.storage.dir = [/workdir/hadoop-ozone/integration-test/target/test-dir/MiniOzoneClusterImpl-e957bdb1-9b3f-4e03-89f8-47fdabd8daf2/datanode-2/data/ratis] (custom)
2019-09-26 17:33:09,981 [pool-47-thread-1] INFO  storage.RaftStorageDirectory (RaftStorageDirectory.java:analyzeStorage(246)) - The storage directory /workdir/hadoop-ozone/integration-test/target/test-dir/MiniOzoneClusterImpl-e957bdb1-9b3f-4e03-89f8-47fdabd8daf2/datanode-2/data/ratis/6b3422c1-047a-4013-8af0-b1ffc5289608 does not exist. Creating ...
2019-09-26 17:33:09,994 [pool-47-thread-1] INFO  storage.RaftStorageDirectory (RaftStorageDirectory.java:tryLock(328)) - Lock on /workdir/hadoop-ozone/integration-test/target/test-dir/MiniOzoneClusterImpl-e957bdb1-9b3f-4e03-89f8-47fdabd8daf2/datanode-2/data/ratis/6b3422c1-047a-4013-8af0-b1ffc5289608/in_use.lock acquired by nodename 3306@pr-hdds-2162-htzpk-1451759861
2019-09-26 17:33:10,006 [pool-47-thread-1] INFO  storage.RaftStorage (RaftStorage.java:format(72)) - Storage directory /workdir/hadoop-ozone/integration-test/target/test-dir/MiniOzoneClusterImpl-e957bdb1-9b3f-4e03-89f8-47fdabd8daf2/datanode-2/data/ratis/6b3422c1-047a-4013-8af0-b1ffc5289608 has been successfully formatted.
2019-09-26 17:33:10,007 [pool-47-thread-1] INFO  ratis.ContainerStateMachine (ContainerStateMachine.java:loadSnapshot(230)) - group-B1FFC5289608: The snapshot info is null. Setting the last applied indexto:(t:0, i:~)
2019-09-26 17:33:10,007 [pool-47-thread-1] INFO  server.RaftServerConfigKeys (ConfUtils.java:logGet(43)) - raft.server.notification.no-leader.timeout = 120s (custom)
2019-09-26 17:33:10,007 [pool-47-thread-1] INFO  server.RaftServerConfigKeys (ConfUtils.java:logGet(43)) - raft.server.log.use.memory = false (default)
2019-09-26 17:33:10,008 [pool-47-thread-1] INFO  server.RaftServerConfigKeys (ConfUtils.java:logGet(43)) - raft.server.log.purge.gap = 1000000 (custom)
2019-09-26 17:33:10,008 [pool-47-thread-1] INFO  server.RaftServerConfigKeys (ConfUtils.java:logGet(43)) - raft.server.log.appender.buffer.byte-limit = 33554432 (custom)
2019-09-26 17:33:10,008 [pool-47-thread-1] INFO  server.RaftServerConfigKeys (ConfUtils.java:logGet(43)) - raft.server.log.segment.size.max = 1048576 (custom)
2019-09-26 17:33:10,008 [pool-47-thread-1] INFO  server.RaftServerConfigKeys (ConfUtils.java:logGet(43)) - raft.server.log.segment.cache.num.max = 2 (custom)
2019-09-26 17:33:10,008 [pool-47-thread-1] INFO  segmented.SegmentedRaftLogWorker (SegmentedRaftLogWorker.java:<init>(172)) - new 11011891-d857-4221-8ea5-6747af062c6a@group-B1FFC5289608-SegmentedRaftLogWorker for RaftStorage:Storage Directory /workdir/hadoop-ozone/integration-test/target/test-dir/MiniOzoneClusterImpl-e957bdb1-9b3f-4e03-89f8-47fdabd8daf2/datanode-2/data/ratis/6b3422c1-047a-4013-8af0-b1ffc5289608
2019-09-26 17:33:10,073 [pool-47-thread-1] INFO  server.RaftServerConfigKeys (ConfUtils.java:logGet(43)) - raft.server.log.queue.byte-limit = 2147483647 (custom)
2019-09-26 17:33:10,074 [pool-47-thread-1] INFO  server.RaftServerConfigKeys (ConfUtils.java:logGet(43)) - raft.server.log.queue.element-limit = 1024 (custom)
2019-09-26 17:33:10,074 [pool-47-thread-1] INFO  server.RaftServerConfigKeys (ConfUtils.java:logGet(43)) - raft.server.log.segment.size.max = 1048576 (custom)
2019-09-26 17:33:10,074 [pool-47-thread-1] INFO  server.RaftServerConfigKeys (ConfUtils.java:logGet(43)) - raft.server.log.preallocated.size = 16384 (custom)
2019-09-26 17:33:10,074 [pool-47-thread-1] INFO  server.RaftServerConfigKeys (ConfUtils.java:logGet(43)) - raft.server.log.write.buffer.size = 33554432 (custom)
2019-09-26 17:33:10,074 [pool-47-thread-1] INFO  server.RaftServerConfigKeys (ConfUtils.java:logGet(43)) - raft.server.log.force.sync.num = 128 (default)
2019-09-26 17:33:10,075 [pool-47-thread-1] INFO  server.RaftServerConfigKeys (ConfUtils.java:logGet(43)) - raft.server.log.statemachine.data.sync = true (default)
2019-09-26 17:33:10,075 [pool-47-thread-1] INFO  server.RaftServerConfigKeys (ConfUtils.java:logGet(43)) - raft.server.log.statemachine.data.sync.timeout = 10s (default)
2019-09-26 17:33:10,075 [pool-47-thread-1] INFO  server.RaftServerConfigKeys (ConfUtils.java:logGet(43)) - raft.server.log.statemachine.data.sync.timeout.retry = -1 (default)
2019-09-26 17:33:10,075 [pool-47-thread-1] INFO  server.RaftServerConfigKeys (ConfUtils.java:logGet(43)) - raft.server.log.statemachine.data.caching.enabled = true (custom)
2019-09-26 17:33:10,076 [pool-47-thread-1] INFO  segmented.SegmentedRaftLogWorker (SegmentedRaftLogWorker.java:lambda$new$0(132)) - 11011891-d857-4221-8ea5-6747af062c6a@group-B1FFC5289608-SegmentedRaftLogWorker: flushIndex: setUnconditionally 0 -> -1
2019-09-26 17:33:10,076 [pool-47-thread-1] INFO  server.RaftServerConfigKeys (ConfUtils.java:logGet(43)) - raft.server.snapshot.auto.trigger.enabled = true (custom)
2019-09-26 17:33:10,076 [pool-47-thread-1] INFO  server.RaftServerConfigKeys (ConfUtils.java:logGet(43)) - raft.server.snapshot.auto.trigger.threshold = 10000 (custom)
2019-09-26 17:33:10,077 [pool-47-thread-1] INFO  server.RaftServerConfigKeys (ConfUtils.java:logGet(43)) - raft.server.snapshot.retention.num.files = 5 (custom)
2019-09-26 17:33:10,077 [pool-47-thread-1] INFO  server.RaftServerConfigKeys (ConfUtils.java:logGet(43)) - raft.server.retrycache.expirytime = 600000ms (custom)
2019-09-26 17:33:10,125 [pool-47-thread-1] INFO  impl.RaftServerImpl (RaftServerImpl.java:start(185)) - 11011891-d857-4221-8ea5-6747af062c6a@group-B1FFC5289608: start as a follower, conf=-1: [11011891-d857-4221-8ea5-6747af062c6a:192.168.157.234:35503], old=null
2019-09-26 17:33:10,125 [pool-47-thread-1] INFO  impl.RaftServerImpl (RaftServerImpl.java:setRole(174)) - 11011891-d857-4221-8ea5-6747af062c6a@group-B1FFC5289608: changes role from      null to FOLLOWER at term 0 for startAsFollower
2019-09-26 17:33:10,125 [pool-47-thread-1] INFO  impl.RoleInfo (RoleInfo.java:updateAndGet(143)) - 11011891-d857-4221-8ea5-6747af062c6a: start FollowerState
2019-09-26 17:33:10,126 [pool-47-thread-1] INFO  util.JmxRegister (JmxRegister.java:tryRegister(44)) - Successfully registered JMX Bean with object name Ratis:service=RaftServer,group=group-B1FFC5289608,id=11011891-d857-4221-8ea5-6747af062c6a
2019-09-26 17:33:10,136 [RatisPipelineUtilsThread] INFO  pipeline.PipelineStateManager (PipelineStateManager.java:addPipeline(56)) - Created pipeline Pipeline[ Id: 6b3422c1-047a-4013-8af0-b1ffc5289608, Nodes: 11011891-d857-4221-8ea5-6747af062c6a{ip: 192.168.157.234, host: pr-hdds-2162-htzpk-1451759861, networkLocation: /default-rack, certSerialId: null}, Type:RATIS, Factor:ONE, State:OPEN]
2019-09-26 17:33:10,156 [grpc-default-executor-0] INFO  impl.RaftServerProxy (RaftServerProxy.java:addNew(89)) - b0d633e9-e5dd-4965-9348-f887f26d3e3f: addNew group-396E1A52CAF9:[b0d633e9-e5dd-4965-9348-f887f26d3e3f:192.168.157.234:36411] returns group-396E1A52CAF9:java.util.concurrent.CompletableFuture@158e9b5[Not completed]
2019-09-26 17:33:10,162 [pool-57-thread-1] INFO  impl.RaftServerImpl (RaftServerImpl.java:<init>(95)) - b0d633e9-e5dd-4965-9348-f887f26d3e3f: new RaftServerImpl for group-396E1A52CAF9:[b0d633e9-e5dd-4965-9348-f887f26d3e3f:192.168.157.234:36411] with ContainerStateMachine:uninitialized
2019-09-26 17:33:10,163 [pool-57-thread-1] INFO  server.RaftServerConfigKeys (ConfUtils.java:logGet(43)) - raft.server.rpc.timeout.min = 5s (custom)
2019-09-26 17:33:10,163 [pool-57-thread-1] INFO  server.RaftServerConfigKeys (ConfUtils.java:logGet(43)) - raft.server.rpc.timeout.max = 5200ms (custom)
2019-09-26 17:33:10,163 [pool-57-thread-1] INFO  server.RaftServerConfigKeys (ConfUtils.java:logGet(43)) - raft.server.rpcslowness.timeout = 120s (custom)
2019-09-26 17:33:10,163 [pool-57-thread-1] INFO  server.RaftServerConfigKeys (ConfUtils.java:logGet(43)) - raft.server.sleep.deviation.threshold = 300 (default)
2019-09-26 17:33:10,163 [pool-57-thread-1] INFO  server.RaftServerConfigKeys (ConfUtils.java:logGet(43)) - raft.server.log.appender.install.snapshot.enabled = false (custom)
2019-09-26 17:33:10,163 [pool-57-thread-1] INFO  impl.RaftServerImpl (ServerState.java:<init>(103)) - b0d633e9-e5dd-4965-9348-f887f26d3e3f@group-396E1A52CAF9: ConfigurationManager, init=-1: [b0d633e9-e5dd-4965-9348-f887f26d3e3f:192.168.157.234:36411], old=null, confs=<EMPTY_MAP>
2019-09-26 17:33:10,164 [pool-57-thread-1] INFO  server.RaftServerConfigKeys (ConfUtils.java:logGet(43)) - raft.server.storage.dir = [/workdir/hadoop-ozone/integration-test/target/test-dir/MiniOzoneClusterImpl-e957bdb1-9b3f-4e03-89f8-47fdabd8daf2/datanode-3/data/ratis] (custom)
2019-09-26 17:33:10,164 [pool-57-thread-1] INFO  storage.RaftStorageDirectory (RaftStorageDirectory.java:analyzeStorage(246)) - The storage directory /workdir/hadoop-ozone/integration-test/target/test-dir/MiniOzoneClusterImpl-e957bdb1-9b3f-4e03-89f8-47fdabd8daf2/datanode-3/data/ratis/5404a662-6ab2-4ff8-a9dc-396e1a52caf9 does not exist. Creating ...
2019-09-26 17:33:10,187 [pool-57-thread-1] INFO  storage.RaftStorageDirectory (RaftStorageDirectory.java:tryLock(328)) - Lock on /workdir/hadoop-ozone/integration-test/target/test-dir/MiniOzoneClusterImpl-e957bdb1-9b3f-4e03-89f8-47fdabd8daf2/datanode-3/data/ratis/5404a662-6ab2-4ff8-a9dc-396e1a52caf9/in_use.lock acquired by nodename 3306@pr-hdds-2162-htzpk-1451759861
2019-09-26 17:33:10,203 [pool-57-thread-1] INFO  storage.RaftStorage (RaftStorage.java:format(72)) - Storage directory /workdir/hadoop-ozone/integration-test/target/test-dir/MiniOzoneClusterImpl-e957bdb1-9b3f-4e03-89f8-47fdabd8daf2/datanode-3/data/ratis/5404a662-6ab2-4ff8-a9dc-396e1a52caf9 has been successfully formatted.
2019-09-26 17:33:10,203 [pool-57-thread-1] INFO  ratis.ContainerStateMachine (ContainerStateMachine.java:loadSnapshot(230)) - group-396E1A52CAF9: The snapshot info is null. Setting the last applied indexto:(t:0, i:~)
2019-09-26 17:33:10,203 [pool-57-thread-1] INFO  server.RaftServerConfigKeys (ConfUtils.java:logGet(43)) - raft.server.notification.no-leader.timeout = 120s (custom)
2019-09-26 17:33:10,203 [pool-57-thread-1] INFO  server.RaftServerConfigKeys (ConfUtils.java:logGet(43)) - raft.server.log.use.memory = false (default)
2019-09-26 17:33:10,203 [pool-57-thread-1] INFO  server.RaftServerConfigKeys (ConfUtils.java:logGet(43)) - raft.server.log.purge.gap = 1000000 (custom)
2019-09-26 17:33:10,204 [pool-57-thread-1] INFO  server.RaftServerConfigKeys (ConfUtils.java:logGet(43)) - raft.server.log.appender.buffer.byte-limit = 33554432 (custom)
2019-09-26 17:33:10,204 [pool-57-thread-1] INFO  server.RaftServerConfigKeys (ConfUtils.java:logGet(43)) - raft.server.log.segment.size.max = 1048576 (custom)
2019-09-26 17:33:10,204 [pool-57-thread-1] INFO  server.RaftServerConfigKeys (ConfUtils.java:logGet(43)) - raft.server.log.segment.cache.num.max = 2 (custom)
2019-09-26 17:33:10,204 [pool-57-thread-1] INFO  segmented.SegmentedRaftLogWorker (SegmentedRaftLogWorker.java:<init>(172)) - new b0d633e9-e5dd-4965-9348-f887f26d3e3f@group-396E1A52CAF9-SegmentedRaftLogWorker for RaftStorage:Storage Directory /workdir/hadoop-ozone/integration-test/target/test-dir/MiniOzoneClusterImpl-e957bdb1-9b3f-4e03-89f8-47fdabd8daf2/datanode-3/data/ratis/5404a662-6ab2-4ff8-a9dc-396e1a52caf9
2019-09-26 17:33:10,208 [pool-57-thread-1] INFO  server.RaftServerConfigKeys (ConfUtils.java:logGet(43)) - raft.server.log.queue.byte-limit = 2147483647 (custom)
2019-09-26 17:33:10,208 [pool-57-thread-1] INFO  server.RaftServerConfigKeys (ConfUtils.java:logGet(43)) - raft.server.log.queue.element-limit = 1024 (custom)
2019-09-26 17:33:10,208 [pool-57-thread-1] INFO  server.RaftServerConfigKeys (ConfUtils.java:logGet(43)) - raft.server.log.segment.size.max = 1048576 (custom)
2019-09-26 17:33:10,208 [pool-57-thread-1] INFO  server.RaftServerConfigKeys (ConfUtils.java:logGet(43)) - raft.server.log.preallocated.size = 16384 (custom)
2019-09-26 17:33:10,208 [pool-57-thread-1] INFO  server.RaftServerConfigKeys (ConfUtils.java:logGet(43)) - raft.server.log.write.buffer.size = 33554432 (custom)
2019-09-26 17:33:10,209 [pool-57-thread-1] INFO  server.RaftServerConfigKeys (ConfUtils.java:logGet(43)) - raft.server.log.force.sync.num = 128 (default)
2019-09-26 17:33:10,209 [pool-57-thread-1] INFO  server.RaftServerConfigKeys (ConfUtils.java:logGet(43)) - raft.server.log.statemachine.data.sync = true (default)
2019-09-26 17:33:10,209 [pool-57-thread-1] INFO  server.RaftServerConfigKeys (ConfUtils.java:logGet(43)) - raft.server.log.statemachine.data.sync.timeout = 10s (default)
2019-09-26 17:33:10,209 [pool-57-thread-1] INFO  server.RaftServerConfigKeys (ConfUtils.java:logGet(43)) - raft.server.log.statemachine.data.sync.timeout.retry = -1 (default)
2019-09-26 17:33:10,210 [pool-57-thread-1] INFO  server.RaftServerConfigKeys (ConfUtils.java:logGet(43)) - raft.server.log.statemachine.data.caching.enabled = true (custom)
2019-09-26 17:33:10,210 [pool-57-thread-1] INFO  segmented.SegmentedRaftLogWorker (SegmentedRaftLogWorker.java:lambda$new$0(132)) - b0d633e9-e5dd-4965-9348-f887f26d3e3f@group-396E1A52CAF9-SegmentedRaftLogWorker: flushIndex: setUnconditionally 0 -> -1
2019-09-26 17:33:10,210 [pool-57-thread-1] INFO  server.RaftServerConfigKeys (ConfUtils.java:logGet(43)) - raft.server.snapshot.auto.trigger.enabled = true (custom)
2019-09-26 17:33:10,210 [pool-57-thread-1] INFO  server.RaftServerConfigKeys (ConfUtils.java:logGet(43)) - raft.server.snapshot.auto.trigger.threshold = 10000 (custom)
2019-09-26 17:33:10,211 [pool-57-thread-1] INFO  server.RaftServerConfigKeys (ConfUtils.java:logGet(43)) - raft.server.snapshot.retention.num.files = 5 (custom)
2019-09-26 17:33:10,211 [pool-57-thread-1] INFO  server.RaftServerConfigKeys (ConfUtils.java:logGet(43)) - raft.server.retrycache.expirytime = 600000ms (custom)
2019-09-26 17:33:10,214 [pool-57-thread-1] INFO  impl.RaftServerImpl (RaftServerImpl.java:start(185)) - b0d633e9-e5dd-4965-9348-f887f26d3e3f@group-396E1A52CAF9: start as a follower, conf=-1: [b0d633e9-e5dd-4965-9348-f887f26d3e3f:192.168.157.234:36411], old=null
2019-09-26 17:33:10,214 [pool-57-thread-1] INFO  impl.RaftServerImpl (RaftServerImpl.java:setRole(174)) - b0d633e9-e5dd-4965-9348-f887f26d3e3f@group-396E1A52CAF9: changes role from      null to FOLLOWER at term 0 for startAsFollower
2019-09-26 17:33:10,215 [pool-57-thread-1] INFO  impl.RoleInfo (RoleInfo.java:updateAndGet(143)) - b0d633e9-e5dd-4965-9348-f887f26d3e3f: start FollowerState
2019-09-26 17:33:10,215 [pool-57-thread-1] INFO  util.JmxRegister (JmxRegister.java:tryRegister(44)) - Successfully registered JMX Bean with object name Ratis:service=RaftServer,group=group-396E1A52CAF9,id=b0d633e9-e5dd-4965-9348-f887f26d3e3f
2019-09-26 17:33:10,230 [main] INFO  ozone.MiniOzoneClusterImpl (MiniOzoneClusterImpl.java:lambda$waitForClusterToBeReady$0(147)) - Cluster is ready. Got 10 of 10 DN Heartbeats.
2019-09-26 17:33:10,231 [RatisPipelineUtilsThread] INFO  pipeline.PipelineStateManager (PipelineStateManager.java:addPipeline(56)) - Created pipeline Pipeline[ Id: 5404a662-6ab2-4ff8-a9dc-396e1a52caf9, Nodes: b0d633e9-e5dd-4965-9348-f887f26d3e3f{ip: 192.168.157.234, host: pr-hdds-2162-htzpk-1451759861, networkLocation: /default-rack, certSerialId: null}, Type:RATIS, Factor:ONE, State:OPEN]
2019-09-26 17:33:10,255 [grpc-default-executor-0] INFO  impl.RaftServerProxy (RaftServerProxy.java:addNew(89)) - 5be8714d-2642-4bf1-86d9-fb9f2e784a52: addNew group-163E4ABF0178:[5be8714d-2642-4bf1-86d9-fb9f2e784a52:192.168.157.234:41550] returns group-163E4ABF0178:java.util.concurrent.CompletableFuture@4e43e058[Not completed]
2019-09-26 17:33:10,262 [pool-97-thread-1] INFO  impl.RaftServerImpl (RaftServerImpl.java:<init>(95)) - 5be8714d-2642-4bf1-86d9-fb9f2e784a52: new RaftServerImpl for group-163E4ABF0178:[5be8714d-2642-4bf1-86d9-fb9f2e784a52:192.168.157.234:41550] with ContainerStateMachine:uninitialized
2019-09-26 17:33:10,262 [pool-97-thread-1] INFO  server.RaftServerConfigKeys (ConfUtils.java:logGet(43)) - raft.server.rpc.timeout.min = 5s (custom)
2019-09-26 17:33:10,262 [pool-97-thread-1] INFO  server.RaftServerConfigKeys (ConfUtils.java:logGet(43)) - raft.server.rpc.timeout.max = 5200ms (custom)
2019-09-26 17:33:10,263 [pool-97-thread-1] INFO  server.RaftServerConfigKeys (ConfUtils.java:logGet(43)) - raft.server.rpcslowness.timeout = 120s (custom)
2019-09-26 17:33:10,263 [pool-97-thread-1] INFO  server.RaftServerConfigKeys (ConfUtils.java:logGet(43)) - raft.server.sleep.deviation.threshold = 300 (default)
2019-09-26 17:33:10,263 [pool-97-thread-1] INFO  server.RaftServerConfigKeys (ConfUtils.java:logGet(43)) - raft.server.log.appender.install.snapshot.enabled = false (custom)
2019-09-26 17:33:10,263 [pool-97-thread-1] INFO  impl.RaftServerImpl (ServerState.java:<init>(103)) - 5be8714d-2642-4bf1-86d9-fb9f2e784a52@group-163E4ABF0178: ConfigurationManager, init=-1: [5be8714d-2642-4bf1-86d9-fb9f2e784a52:192.168.157.234:41550], old=null, confs=<EMPTY_MAP>
2019-09-26 17:33:10,264 [pool-97-thread-1] INFO  server.RaftServerConfigKeys (ConfUtils.java:logGet(43)) - raft.server.storage.dir = [/workdir/hadoop-ozone/integration-test/target/test-dir/MiniOzoneClusterImpl-e957bdb1-9b3f-4e03-89f8-47fdabd8daf2/datanode-7/data/ratis] (custom)
2019-09-26 17:33:10,264 [pool-97-thread-1] INFO  storage.RaftStorageDirectory (RaftStorageDirectory.java:analyzeStorage(246)) - The storage directory /workdir/hadoop-ozone/integration-test/target/test-dir/MiniOzoneClusterImpl-e957bdb1-9b3f-4e03-89f8-47fdabd8daf2/datanode-7/data/ratis/e4c07753-37de-4cce-b799-163e4abf0178 does not exist. Creating ...
2019-09-26 17:33:10,277 [pool-97-thread-1] INFO  storage.RaftStorageDirectory (RaftStorageDirectory.java:tryLock(328)) - Lock on /workdir/hadoop-ozone/integration-test/target/test-dir/MiniOzoneClusterImpl-e957bdb1-9b3f-4e03-89f8-47fdabd8daf2/datanode-7/data/ratis/e4c07753-37de-4cce-b799-163e4abf0178/in_use.lock acquired by nodename 3306@pr-hdds-2162-htzpk-1451759861
2019-09-26 17:33:10,292 [pool-97-thread-1] INFO  storage.RaftStorage (RaftStorage.java:format(72)) - Storage directory /workdir/hadoop-ozone/integration-test/target/test-dir/MiniOzoneClusterImpl-e957bdb1-9b3f-4e03-89f8-47fdabd8daf2/datanode-7/data/ratis/e4c07753-37de-4cce-b799-163e4abf0178 has been successfully formatted.
2019-09-26 17:33:10,292 [pool-97-thread-1] INFO  ratis.ContainerStateMachine (ContainerStateMachine.java:loadSnapshot(230)) - group-163E4ABF0178: The snapshot info is null. Setting the last applied indexto:(t:0, i:~)
2019-09-26 17:33:10,293 [pool-97-thread-1] INFO  server.RaftServerConfigKeys (ConfUtils.java:logGet(43)) - raft.server.notification.no-leader.timeout = 120s (custom)
2019-09-26 17:33:10,293 [pool-97-thread-1] INFO  server.RaftServerConfigKeys (ConfUtils.java:logGet(43)) - raft.server.log.use.memory = false (default)
2019-09-26 17:33:10,293 [pool-97-thread-1] INFO  server.RaftServerConfigKeys (ConfUtils.java:logGet(43)) - raft.server.log.purge.gap = 1000000 (custom)
2019-09-26 17:33:10,293 [pool-97-thread-1] INFO  server.RaftServerConfigKeys (ConfUtils.java:logGet(43)) - raft.server.log.appender.buffer.byte-limit = 33554432 (custom)
2019-09-26 17:33:10,293 [pool-97-thread-1] INFO  server.RaftServerConfigKeys (ConfUtils.java:logGet(43)) - raft.server.log.segment.size.max = 1048576 (custom)
2019-09-26 17:33:10,294 [pool-97-thread-1] INFO  server.RaftServerConfigKeys (ConfUtils.java:logGet(43)) - raft.server.log.segment.cache.num.max = 2 (custom)
2019-09-26 17:33:10,294 [pool-97-thread-1] INFO  segmented.SegmentedRaftLogWorker (SegmentedRaftLogWorker.java:<init>(172)) - new 5be8714d-2642-4bf1-86d9-fb9f2e784a52@group-163E4ABF0178-SegmentedRaftLogWorker for RaftStorage:Storage Directory /workdir/hadoop-ozone/integration-test/target/test-dir/MiniOzoneClusterImpl-e957bdb1-9b3f-4e03-89f8-47fdabd8daf2/datanode-7/data/ratis/e4c07753-37de-4cce-b799-163e4abf0178
2019-09-26 17:33:10,297 [pool-97-thread-1] INFO  server.RaftServerConfigKeys (ConfUtils.java:logGet(43)) - raft.server.log.queue.byte-limit = 2147483647 (custom)
2019-09-26 17:33:10,297 [pool-97-thread-1] INFO  server.RaftServerConfigKeys (ConfUtils.java:logGet(43)) - raft.server.log.queue.element-limit = 1024 (custom)
2019-09-26 17:33:10,297 [pool-97-thread-1] INFO  server.RaftServerConfigKeys (ConfUtils.java:logGet(43)) - raft.server.log.segment.size.max = 1048576 (custom)
2019-09-26 17:33:10,298 [pool-97-thread-1] INFO  server.RaftServerConfigKeys (ConfUtils.java:logGet(43)) - raft.server.log.preallocated.size = 16384 (custom)
2019-09-26 17:33:10,298 [pool-97-thread-1] INFO  server.RaftServerConfigKeys (ConfUtils.java:logGet(43)) - raft.server.log.write.buffer.size = 33554432 (custom)
2019-09-26 17:33:10,298 [pool-97-thread-1] INFO  server.RaftServerConfigKeys (ConfUtils.java:logGet(43)) - raft.server.log.force.sync.num = 128 (default)
2019-09-26 17:33:10,298 [pool-97-thread-1] INFO  server.RaftServerConfigKeys (ConfUtils.java:logGet(43)) - raft.server.log.statemachine.data.sync = true (default)
2019-09-26 17:33:10,298 [pool-97-thread-1] INFO  server.RaftServerConfigKeys (ConfUtils.java:logGet(43)) - raft.server.log.statemachine.data.sync.timeout = 10s (default)
2019-09-26 17:33:10,298 [pool-97-thread-1] INFO  server.RaftServerConfigKeys (ConfUtils.java:logGet(43)) - raft.server.log.statemachine.data.sync.timeout.retry = -1 (default)
2019-09-26 17:33:10,299 [pool-97-thread-1] INFO  server.RaftServerConfigKeys (ConfUtils.java:logGet(43)) - raft.server.log.statemachine.data.caching.enabled = true (custom)
2019-09-26 17:33:10,299 [pool-97-thread-1] INFO  segmented.SegmentedRaftLogWorker (SegmentedRaftLogWorker.java:lambda$new$0(132)) - 5be8714d-2642-4bf1-86d9-fb9f2e784a52@group-163E4ABF0178-SegmentedRaftLogWorker: flushIndex: setUnconditionally 0 -> -1
2019-09-26 17:33:10,299 [pool-97-thread-1] INFO  server.RaftServerConfigKeys (ConfUtils.java:logGet(43)) - raft.server.snapshot.auto.trigger.enabled = true (custom)
2019-09-26 17:33:10,300 [pool-97-thread-1] INFO  server.RaftServerConfigKeys (ConfUtils.java:logGet(43)) - raft.server.snapshot.auto.trigger.threshold = 10000 (custom)
2019-09-26 17:33:10,300 [pool-97-thread-1] INFO  server.RaftServerConfigKeys (ConfUtils.java:logGet(43)) - raft.server.snapshot.retention.num.files = 5 (custom)
2019-09-26 17:33:10,300 [pool-97-thread-1] INFO  server.RaftServerConfigKeys (ConfUtils.java:logGet(43)) - raft.server.retrycache.expirytime = 600000ms (custom)
2019-09-26 17:33:10,303 [pool-97-thread-1] INFO  impl.RaftServerImpl (RaftServerImpl.java:start(185)) - 5be8714d-2642-4bf1-86d9-fb9f2e784a52@group-163E4ABF0178: start as a follower, conf=-1: [5be8714d-2642-4bf1-86d9-fb9f2e784a52:192.168.157.234:41550], old=null
2019-09-26 17:33:10,303 [pool-97-thread-1] INFO  impl.RaftServerImpl (RaftServerImpl.java:setRole(174)) - 5be8714d-2642-4bf1-86d9-fb9f2e784a52@group-163E4ABF0178: changes role from      null to FOLLOWER at term 0 for startAsFollower
2019-09-26 17:33:10,303 [pool-97-thread-1] INFO  impl.RoleInfo (RoleInfo.java:updateAndGet(143)) - 5be8714d-2642-4bf1-86d9-fb9f2e784a52: start FollowerState
2019-09-26 17:33:10,303 [pool-97-thread-1] INFO  util.JmxRegister (JmxRegister.java:tryRegister(44)) - Successfully registered JMX Bean with object name Ratis:service=RaftServer,group=group-163E4ABF0178,id=5be8714d-2642-4bf1-86d9-fb9f2e784a52
2019-09-26 17:33:10,332 [RatisPipelineUtilsThread] INFO  pipeline.PipelineStateManager (PipelineStateManager.java:addPipeline(56)) - Created pipeline Pipeline[ Id: e4c07753-37de-4cce-b799-163e4abf0178, Nodes: 5be8714d-2642-4bf1-86d9-fb9f2e784a52{ip: 192.168.157.234, host: pr-hdds-2162-htzpk-1451759861, networkLocation: /default-rack, certSerialId: null}, Type:RATIS, Factor:ONE, State:OPEN]
2019-09-26 17:33:10,352 [grpc-default-executor-0] INFO  impl.RaftServerProxy (RaftServerProxy.java:addNew(89)) - 4bd181aa-b15e-4fb6-b331-207cc3229c90: addNew group-2858C96F1AE0:[4bd181aa-b15e-4fb6-b331-207cc3229c90:192.168.157.234:46079] returns group-2858C96F1AE0:java.util.concurrent.CompletableFuture@5fe47fe4[Not completed]
2019-09-26 17:33:10,358 [pool-37-thread-1] INFO  impl.RaftServerImpl (RaftServerImpl.java:<init>(95)) - 4bd181aa-b15e-4fb6-b331-207cc3229c90: new RaftServerImpl for group-2858C96F1AE0:[4bd181aa-b15e-4fb6-b331-207cc3229c90:192.168.157.234:46079] with ContainerStateMachine:uninitialized
2019-09-26 17:33:10,358 [pool-37-thread-1] INFO  server.RaftServerConfigKeys (ConfUtils.java:logGet(43)) - raft.server.rpc.timeout.min = 5s (custom)
2019-09-26 17:33:10,358 [pool-37-thread-1] INFO  server.RaftServerConfigKeys (ConfUtils.java:logGet(43)) - raft.server.rpc.timeout.max = 5200ms (custom)
2019-09-26 17:33:10,359 [pool-37-thread-1] INFO  server.RaftServerConfigKeys (ConfUtils.java:logGet(43)) - raft.server.rpcslowness.timeout = 120s (custom)
2019-09-26 17:33:10,359 [pool-37-thread-1] INFO  server.RaftServerConfigKeys (ConfUtils.java:logGet(43)) - raft.server.sleep.deviation.threshold = 300 (default)
2019-09-26 17:33:10,359 [pool-37-thread-1] INFO  server.RaftServerConfigKeys (ConfUtils.java:logGet(43)) - raft.server.log.appender.install.snapshot.enabled = false (custom)
2019-09-26 17:33:10,359 [pool-37-thread-1] INFO  impl.RaftServerImpl (ServerState.java:<init>(103)) - 4bd181aa-b15e-4fb6-b331-207cc3229c90@group-2858C96F1AE0: ConfigurationManager, init=-1: [4bd181aa-b15e-4fb6-b331-207cc3229c90:192.168.157.234:46079], old=null, confs=<EMPTY_MAP>
2019-09-26 17:33:10,359 [pool-37-thread-1] INFO  server.RaftServerConfigKeys (ConfUtils.java:logGet(43)) - raft.server.storage.dir = [/workdir/hadoop-ozone/integration-test/target/test-dir/MiniOzoneClusterImpl-e957bdb1-9b3f-4e03-89f8-47fdabd8daf2/datanode-1/data/ratis] (custom)
2019-09-26 17:33:10,360 [pool-37-thread-1] INFO  storage.RaftStorageDirectory (RaftStorageDirectory.java:analyzeStorage(246)) - The storage directory /workdir/hadoop-ozone/integration-test/target/test-dir/MiniOzoneClusterImpl-e957bdb1-9b3f-4e03-89f8-47fdabd8daf2/datanode-1/data/ratis/7afa8884-bc99-4bda-ac7d-2858c96f1ae0 does not exist. Creating ...
2019-09-26 17:33:10,372 [pool-37-thread-1] INFO  storage.RaftStorageDirectory (RaftStorageDirectory.java:tryLock(328)) - Lock on /workdir/hadoop-ozone/integration-test/target/test-dir/MiniOzoneClusterImpl-e957bdb1-9b3f-4e03-89f8-47fdabd8daf2/datanode-1/data/ratis/7afa8884-bc99-4bda-ac7d-2858c96f1ae0/in_use.lock acquired by nodename 3306@pr-hdds-2162-htzpk-1451759861
2019-09-26 17:33:10,385 [pool-37-thread-1] INFO  storage.RaftStorage (RaftStorage.java:format(72)) - Storage directory /workdir/hadoop-ozone/integration-test/target/test-dir/MiniOzoneClusterImpl-e957bdb1-9b3f-4e03-89f8-47fdabd8daf2/datanode-1/data/ratis/7afa8884-bc99-4bda-ac7d-2858c96f1ae0 has been successfully formatted.
2019-09-26 17:33:10,386 [pool-37-thread-1] INFO  ratis.ContainerStateMachine (ContainerStateMachine.java:loadSnapshot(230)) - group-2858C96F1AE0: The snapshot info is null. Setting the last applied indexto:(t:0, i:~)
2019-09-26 17:33:10,386 [pool-37-thread-1] INFO  server.RaftServerConfigKeys (ConfUtils.java:logGet(43)) - raft.server.notification.no-leader.timeout = 120s (custom)
2019-09-26 17:33:10,386 [pool-37-thread-1] INFO  server.RaftServerConfigKeys (ConfUtils.java:logGet(43)) - raft.server.log.use.memory = false (default)
2019-09-26 17:33:10,386 [pool-37-thread-1] INFO  server.RaftServerConfigKeys (ConfUtils.java:logGet(43)) - raft.server.log.purge.gap = 1000000 (custom)
2019-09-26 17:33:10,386 [pool-37-thread-1] INFO  server.RaftServerConfigKeys (ConfUtils.java:logGet(43)) - raft.server.log.appender.buffer.byte-limit = 33554432 (custom)
2019-09-26 17:33:10,387 [pool-37-thread-1] INFO  server.RaftServerConfigKeys (ConfUtils.java:logGet(43)) - raft.server.log.segment.size.max = 1048576 (custom)
2019-09-26 17:33:10,387 [pool-37-thread-1] INFO  server.RaftServerConfigKeys (ConfUtils.java:logGet(43)) - raft.server.log.segment.cache.num.max = 2 (custom)
2019-09-26 17:33:10,387 [pool-37-thread-1] INFO  segmented.SegmentedRaftLogWorker (SegmentedRaftLogWorker.java:<init>(172)) - new 4bd181aa-b15e-4fb6-b331-207cc3229c90@group-2858C96F1AE0-SegmentedRaftLogWorker for RaftStorage:Storage Directory /workdir/hadoop-ozone/integration-test/target/test-dir/MiniOzoneClusterImpl-e957bdb1-9b3f-4e03-89f8-47fdabd8daf2/datanode-1/data/ratis/7afa8884-bc99-4bda-ac7d-2858c96f1ae0
2019-09-26 17:33:10,390 [pool-37-thread-1] INFO  server.RaftServerConfigKeys (ConfUtils.java:logGet(43)) - raft.server.log.queue.byte-limit = 2147483647 (custom)
2019-09-26 17:33:10,390 [pool-37-thread-1] INFO  server.RaftServerConfigKeys (ConfUtils.java:logGet(43)) - raft.server.log.queue.element-limit = 1024 (custom)
2019-09-26 17:33:10,390 [pool-37-thread-1] INFO  server.RaftServerConfigKeys (ConfUtils.java:logGet(43)) - raft.server.log.segment.size.max = 1048576 (custom)
2019-09-26 17:33:10,390 [pool-37-thread-1] INFO  server.RaftServerConfigKeys (ConfUtils.java:logGet(43)) - raft.server.log.preallocated.size = 16384 (custom)
2019-09-26 17:33:10,391 [pool-37-thread-1] INFO  server.RaftServerConfigKeys (ConfUtils.java:logGet(43)) - raft.server.log.write.buffer.size = 33554432 (custom)
2019-09-26 17:33:10,391 [pool-37-thread-1] INFO  server.RaftServerConfigKeys (ConfUtils.java:logGet(43)) - raft.server.log.force.sync.num = 128 (default)
2019-09-26 17:33:10,391 [pool-37-thread-1] INFO  server.RaftServerConfigKeys (ConfUtils.java:logGet(43)) - raft.server.log.statemachine.data.sync = true (default)
2019-09-26 17:33:10,391 [pool-37-thread-1] INFO  server.RaftServerConfigKeys (ConfUtils.java:logGet(43)) - raft.server.log.statemachine.data.sync.timeout = 10s (default)
2019-09-26 17:33:10,391 [pool-37-thread-1] INFO  server.RaftServerConfigKeys (ConfUtils.java:logGet(43)) - raft.server.log.statemachine.data.sync.timeout.retry = -1 (default)
2019-09-26 17:33:10,392 [pool-37-thread-1] INFO  server.RaftServerConfigKeys (ConfUtils.java:logGet(43)) - raft.server.log.statemachine.data.caching.enabled = true (custom)
2019-09-26 17:33:10,392 [pool-37-thread-1] INFO  segmented.SegmentedRaftLogWorker (SegmentedRaftLogWorker.java:lambda$new$0(132)) - 4bd181aa-b15e-4fb6-b331-207cc3229c90@group-2858C96F1AE0-SegmentedRaftLogWorker: flushIndex: setUnconditionally 0 -> -1
2019-09-26 17:33:10,392 [pool-37-thread-1] INFO  server.RaftServerConfigKeys (ConfUtils.java:logGet(43)) - raft.server.snapshot.auto.trigger.enabled = true (custom)
2019-09-26 17:33:10,393 [pool-37-thread-1] INFO  server.RaftServerConfigKeys (ConfUtils.java:logGet(43)) - raft.server.snapshot.auto.trigger.threshold = 10000 (custom)
2019-09-26 17:33:10,393 [pool-37-thread-1] INFO  server.RaftServerConfigKeys (ConfUtils.java:logGet(43)) - raft.server.snapshot.retention.num.files = 5 (custom)
2019-09-26 17:33:10,393 [pool-37-thread-1] INFO  server.RaftServerConfigKeys (ConfUtils.java:logGet(43)) - raft.server.retrycache.expirytime = 600000ms (custom)
2019-09-26 17:33:10,396 [pool-37-thread-1] INFO  impl.RaftServerImpl (RaftServerImpl.java:start(185)) - 4bd181aa-b15e-4fb6-b331-207cc3229c90@group-2858C96F1AE0: start as a follower, conf=-1: [4bd181aa-b15e-4fb6-b331-207cc3229c90:192.168.157.234:46079], old=null
2019-09-26 17:33:10,396 [pool-37-thread-1] INFO  impl.RaftServerImpl (RaftServerImpl.java:setRole(174)) - 4bd181aa-b15e-4fb6-b331-207cc3229c90@group-2858C96F1AE0: changes role from      null to FOLLOWER at term 0 for startAsFollower
2019-09-26 17:33:10,396 [pool-37-thread-1] INFO  impl.RoleInfo (RoleInfo.java:updateAndGet(143)) - 4bd181aa-b15e-4fb6-b331-207cc3229c90: start FollowerState
2019-09-26 17:33:10,397 [pool-37-thread-1] INFO  util.JmxRegister (JmxRegister.java:tryRegister(44)) - Successfully registered JMX Bean with object name Ratis:service=RaftServer,group=group-2858C96F1AE0,id=4bd181aa-b15e-4fb6-b331-207cc3229c90
2019-09-26 17:33:10,414 [RatisPipelineUtilsThread] INFO  pipeline.PipelineStateManager (PipelineStateManager.java:addPipeline(56)) - Created pipeline Pipeline[ Id: 7afa8884-bc99-4bda-ac7d-2858c96f1ae0, Nodes: 4bd181aa-b15e-4fb6-b331-207cc3229c90{ip: 192.168.157.234, host: pr-hdds-2162-htzpk-1451759861, networkLocation: /default-rack, certSerialId: null}, Type:RATIS, Factor:ONE, State:OPEN]
2019-09-26 17:33:10,439 [grpc-default-executor-0] INFO  impl.RaftServerProxy (RaftServerProxy.java:addNew(89)) - d1db60e7-74f1-40e3-a58d-9a1b4e6b78cf: addNew group-C9F52A38C361:[d1db60e7-74f1-40e3-a58d-9a1b4e6b78cf:192.168.157.234:45514] returns group-C9F52A38C361:java.util.concurrent.CompletableFuture@56afb98b[Not completed]
2019-09-26 17:33:10,446 [pool-77-thread-1] INFO  impl.RaftServerImpl (RaftServerImpl.java:<init>(95)) - d1db60e7-74f1-40e3-a58d-9a1b4e6b78cf: new RaftServerImpl for group-C9F52A38C361:[d1db60e7-74f1-40e3-a58d-9a1b4e6b78cf:192.168.157.234:45514] with ContainerStateMachine:uninitialized
2019-09-26 17:33:10,446 [pool-77-thread-1] INFO  server.RaftServerConfigKeys (ConfUtils.java:logGet(43)) - raft.server.rpc.timeout.min = 5s (custom)
2019-09-26 17:33:10,446 [pool-77-thread-1] INFO  server.RaftServerConfigKeys (ConfUtils.java:logGet(43)) - raft.server.rpc.timeout.max = 5200ms (custom)
2019-09-26 17:33:10,447 [pool-77-thread-1] INFO  server.RaftServerConfigKeys (ConfUtils.java:logGet(43)) - raft.server.rpcslowness.timeout = 120s (custom)
2019-09-26 17:33:10,447 [pool-77-thread-1] INFO  server.RaftServerConfigKeys (ConfUtils.java:logGet(43)) - raft.server.sleep.deviation.threshold = 300 (default)
2019-09-26 17:33:10,447 [pool-77-thread-1] INFO  server.RaftServerConfigKeys (ConfUtils.java:logGet(43)) - raft.server.log.appender.install.snapshot.enabled = false (custom)
2019-09-26 17:33:10,447 [pool-77-thread-1] INFO  impl.RaftServerImpl (ServerState.java:<init>(103)) - d1db60e7-74f1-40e3-a58d-9a1b4e6b78cf@group-C9F52A38C361: ConfigurationManager, init=-1: [d1db60e7-74f1-40e3-a58d-9a1b4e6b78cf:192.168.157.234:45514], old=null, confs=<EMPTY_MAP>
2019-09-26 17:33:10,447 [pool-77-thread-1] INFO  server.RaftServerConfigKeys (ConfUtils.java:logGet(43)) - raft.server.storage.dir = [/workdir/hadoop-ozone/integration-test/target/test-dir/MiniOzoneClusterImpl-e957bdb1-9b3f-4e03-89f8-47fdabd8daf2/datanode-5/data/ratis] (custom)
2019-09-26 17:33:10,448 [pool-77-thread-1] INFO  storage.RaftStorageDirectory (RaftStorageDirectory.java:analyzeStorage(246)) - The storage directory /workdir/hadoop-ozone/integration-test/target/test-dir/MiniOzoneClusterImpl-e957bdb1-9b3f-4e03-89f8-47fdabd8daf2/datanode-5/data/ratis/06e817ae-6010-4014-b91b-c9f52a38c361 does not exist. Creating ...
2019-09-26 17:33:10,460 [pool-77-thread-1] INFO  storage.RaftStorageDirectory (RaftStorageDirectory.java:tryLock(328)) - Lock on /workdir/hadoop-ozone/integration-test/target/test-dir/MiniOzoneClusterImpl-e957bdb1-9b3f-4e03-89f8-47fdabd8daf2/datanode-5/data/ratis/06e817ae-6010-4014-b91b-c9f52a38c361/in_use.lock acquired by nodename 3306@pr-hdds-2162-htzpk-1451759861
2019-09-26 17:33:10,478 [pool-77-thread-1] INFO  storage.RaftStorage (RaftStorage.java:format(72)) - Storage directory /workdir/hadoop-ozone/integration-test/target/test-dir/MiniOzoneClusterImpl-e957bdb1-9b3f-4e03-89f8-47fdabd8daf2/datanode-5/data/ratis/06e817ae-6010-4014-b91b-c9f52a38c361 has been successfully formatted.
2019-09-26 17:33:10,478 [pool-77-thread-1] INFO  ratis.ContainerStateMachine (ContainerStateMachine.java:loadSnapshot(230)) - group-C9F52A38C361: The snapshot info is null. Setting the last applied indexto:(t:0, i:~)
2019-09-26 17:33:10,478 [pool-77-thread-1] INFO  server.RaftServerConfigKeys (ConfUtils.java:logGet(43)) - raft.server.notification.no-leader.timeout = 120s (custom)
2019-09-26 17:33:10,478 [pool-77-thread-1] INFO  server.RaftServerConfigKeys (ConfUtils.java:logGet(43)) - raft.server.log.use.memory = false (default)
2019-09-26 17:33:10,478 [pool-77-thread-1] INFO  server.RaftServerConfigKeys (ConfUtils.java:logGet(43)) - raft.server.log.purge.gap = 1000000 (custom)
2019-09-26 17:33:10,479 [pool-77-thread-1] INFO  server.RaftServerConfigKeys (ConfUtils.java:logGet(43)) - raft.server.log.appender.buffer.byte-limit = 33554432 (custom)
2019-09-26 17:33:10,479 [pool-77-thread-1] INFO  server.RaftServerConfigKeys (ConfUtils.java:logGet(43)) - raft.server.log.segment.size.max = 1048576 (custom)
2019-09-26 17:33:10,479 [pool-77-thread-1] INFO  server.RaftServerConfigKeys (ConfUtils.java:logGet(43)) - raft.server.log.segment.cache.num.max = 2 (custom)
2019-09-26 17:33:10,479 [pool-77-thread-1] INFO  segmented.SegmentedRaftLogWorker (SegmentedRaftLogWorker.java:<init>(172)) - new d1db60e7-74f1-40e3-a58d-9a1b4e6b78cf@group-C9F52A38C361-SegmentedRaftLogWorker for RaftStorage:Storage Directory /workdir/hadoop-ozone/integration-test/target/test-dir/MiniOzoneClusterImpl-e957bdb1-9b3f-4e03-89f8-47fdabd8daf2/datanode-5/data/ratis/06e817ae-6010-4014-b91b-c9f52a38c361
2019-09-26 17:33:10,482 [pool-77-thread-1] INFO  server.RaftServerConfigKeys (ConfUtils.java:logGet(43)) - raft.server.log.queue.byte-limit = 2147483647 (custom)
2019-09-26 17:33:10,482 [pool-77-thread-1] INFO  server.RaftServerConfigKeys (ConfUtils.java:logGet(43)) - raft.server.log.queue.element-limit = 1024 (custom)
2019-09-26 17:33:10,482 [pool-77-thread-1] INFO  server.RaftServerConfigKeys (ConfUtils.java:logGet(43)) - raft.server.log.segment.size.max = 1048576 (custom)
2019-09-26 17:33:10,482 [pool-77-thread-1] INFO  server.RaftServerConfigKeys (ConfUtils.java:logGet(43)) - raft.server.log.preallocated.size = 16384 (custom)
2019-09-26 17:33:10,483 [pool-77-thread-1] INFO  server.RaftServerConfigKeys (ConfUtils.java:logGet(43)) - raft.server.log.write.buffer.size = 33554432 (custom)
2019-09-26 17:33:10,483 [pool-77-thread-1] INFO  server.RaftServerConfigKeys (ConfUtils.java:logGet(43)) - raft.server.log.force.sync.num = 128 (default)
2019-09-26 17:33:10,483 [pool-77-thread-1] INFO  server.RaftServerConfigKeys (ConfUtils.java:logGet(43)) - raft.server.log.statemachine.data.sync = true (default)
2019-09-26 17:33:10,483 [pool-77-thread-1] INFO  server.RaftServerConfigKeys (ConfUtils.java:logGet(43)) - raft.server.log.statemachine.data.sync.timeout = 10s (default)
2019-09-26 17:33:10,483 [pool-77-thread-1] INFO  server.RaftServerConfigKeys (ConfUtils.java:logGet(43)) - raft.server.log.statemachine.data.sync.timeout.retry = -1 (default)
2019-09-26 17:33:10,484 [pool-77-thread-1] INFO  server.RaftServerConfigKeys (ConfUtils.java:logGet(43)) - raft.server.log.statemachine.data.caching.enabled = true (custom)
2019-09-26 17:33:10,484 [pool-77-thread-1] INFO  segmented.SegmentedRaftLogWorker (SegmentedRaftLogWorker.java:lambda$new$0(132)) - d1db60e7-74f1-40e3-a58d-9a1b4e6b78cf@group-C9F52A38C361-SegmentedRaftLogWorker: flushIndex: setUnconditionally 0 -> -1
2019-09-26 17:33:10,484 [pool-77-thread-1] INFO  server.RaftServerConfigKeys (ConfUtils.java:logGet(43)) - raft.server.snapshot.auto.trigger.enabled = true (custom)
2019-09-26 17:33:10,484 [pool-77-thread-1] INFO  server.RaftServerConfigKeys (ConfUtils.java:logGet(43)) - raft.server.snapshot.auto.trigger.threshold = 10000 (custom)
2019-09-26 17:33:10,485 [pool-77-thread-1] INFO  server.RaftServerConfigKeys (ConfUtils.java:logGet(43)) - raft.server.snapshot.retention.num.files = 5 (custom)
2019-09-26 17:33:10,485 [pool-77-thread-1] INFO  server.RaftServerConfigKeys (ConfUtils.java:logGet(43)) - raft.server.retrycache.expirytime = 600000ms (custom)
2019-09-26 17:33:10,487 [pool-77-thread-1] INFO  impl.RaftServerImpl (RaftServerImpl.java:start(185)) - d1db60e7-74f1-40e3-a58d-9a1b4e6b78cf@group-C9F52A38C361: start as a follower, conf=-1: [d1db60e7-74f1-40e3-a58d-9a1b4e6b78cf:192.168.157.234:45514], old=null
2019-09-26 17:33:10,488 [pool-77-thread-1] INFO  impl.RaftServerImpl (RaftServerImpl.java:setRole(174)) - d1db60e7-74f1-40e3-a58d-9a1b4e6b78cf@group-C9F52A38C361: changes role from      null to FOLLOWER at term 0 for startAsFollower
2019-09-26 17:33:10,488 [pool-77-thread-1] INFO  impl.RoleInfo (RoleInfo.java:updateAndGet(143)) - d1db60e7-74f1-40e3-a58d-9a1b4e6b78cf: start FollowerState
2019-09-26 17:33:10,488 [pool-77-thread-1] INFO  util.JmxRegister (JmxRegister.java:tryRegister(44)) - Successfully registered JMX Bean with object name Ratis:service=RaftServer,group=group-C9F52A38C361,id=d1db60e7-74f1-40e3-a58d-9a1b4e6b78cf
2019-09-26 17:33:10,500 [RatisPipelineUtilsThread] INFO  pipeline.PipelineStateManager (PipelineStateManager.java:addPipeline(56)) - Created pipeline Pipeline[ Id: 06e817ae-6010-4014-b91b-c9f52a38c361, Nodes: d1db60e7-74f1-40e3-a58d-9a1b4e6b78cf{ip: 192.168.157.234, host: pr-hdds-2162-htzpk-1451759861, networkLocation: /default-rack, certSerialId: null}, Type:RATIS, Factor:ONE, State:OPEN]
2019-09-26 17:33:10,541 [grpc-default-executor-0] INFO  impl.RaftServerProxy (RaftServerProxy.java:addNew(89)) - 090c4de5-a6fa-4d03-a645-efabbe50ef62: addNew group-85A86911A4E9:[090c4de5-a6fa-4d03-a645-efabbe50ef62:192.168.157.234:41033] returns group-85A86911A4E9:java.util.concurrent.CompletableFuture@103de2d3[Not completed]
2019-09-26 17:33:10,552 [pool-87-thread-1] INFO  impl.RaftServerImpl (RaftServerImpl.java:<init>(95)) - 090c4de5-a6fa-4d03-a645-efabbe50ef62: new RaftServerImpl for group-85A86911A4E9:[090c4de5-a6fa-4d03-a645-efabbe50ef62:192.168.157.234:41033] with ContainerStateMachine:uninitialized
2019-09-26 17:33:10,552 [pool-87-thread-1] INFO  server.RaftServerConfigKeys (ConfUtils.java:logGet(43)) - raft.server.rpc.timeout.min = 5s (custom)
2019-09-26 17:33:10,552 [pool-87-thread-1] INFO  server.RaftServerConfigKeys (ConfUtils.java:logGet(43)) - raft.server.rpc.timeout.max = 5200ms (custom)
2019-09-26 17:33:10,552 [pool-87-thread-1] INFO  server.RaftServerConfigKeys (ConfUtils.java:logGet(43)) - raft.server.rpcslowness.timeout = 120s (custom)
2019-09-26 17:33:10,552 [pool-87-thread-1] INFO  server.RaftServerConfigKeys (ConfUtils.java:logGet(43)) - raft.server.sleep.deviation.threshold = 300 (default)
2019-09-26 17:33:10,552 [pool-87-thread-1] INFO  server.RaftServerConfigKeys (ConfUtils.java:logGet(43)) - raft.server.log.appender.install.snapshot.enabled = false (custom)
2019-09-26 17:33:10,553 [pool-87-thread-1] INFO  impl.RaftServerImpl (ServerState.java:<init>(103)) - 090c4de5-a6fa-4d03-a645-efabbe50ef62@group-85A86911A4E9: ConfigurationManager, init=-1: [090c4de5-a6fa-4d03-a645-efabbe50ef62:192.168.157.234:41033], old=null, confs=<EMPTY_MAP>
2019-09-26 17:33:10,553 [pool-87-thread-1] INFO  server.RaftServerConfigKeys (ConfUtils.java:logGet(43)) - raft.server.storage.dir = [/workdir/hadoop-ozone/integration-test/target/test-dir/MiniOzoneClusterImpl-e957bdb1-9b3f-4e03-89f8-47fdabd8daf2/datanode-6/data/ratis] (custom)
2019-09-26 17:33:10,553 [pool-87-thread-1] INFO  storage.RaftStorageDirectory (RaftStorageDirectory.java:analyzeStorage(246)) - The storage directory /workdir/hadoop-ozone/integration-test/target/test-dir/MiniOzoneClusterImpl-e957bdb1-9b3f-4e03-89f8-47fdabd8daf2/datanode-6/data/ratis/f0aa0276-2303-427e-a42c-85a86911a4e9 does not exist. Creating ...
2019-09-26 17:33:10,574 [pool-87-thread-1] INFO  storage.RaftStorageDirectory (RaftStorageDirectory.java:tryLock(328)) - Lock on /workdir/hadoop-ozone/integration-test/target/test-dir/MiniOzoneClusterImpl-e957bdb1-9b3f-4e03-89f8-47fdabd8daf2/datanode-6/data/ratis/f0aa0276-2303-427e-a42c-85a86911a4e9/in_use.lock acquired by nodename 3306@pr-hdds-2162-htzpk-1451759861
2019-09-26 17:33:10,587 [pool-87-thread-1] INFO  storage.RaftStorage (RaftStorage.java:format(72)) - Storage directory /workdir/hadoop-ozone/integration-test/target/test-dir/MiniOzoneClusterImpl-e957bdb1-9b3f-4e03-89f8-47fdabd8daf2/datanode-6/data/ratis/f0aa0276-2303-427e-a42c-85a86911a4e9 has been successfully formatted.
2019-09-26 17:33:10,588 [pool-87-thread-1] INFO  ratis.ContainerStateMachine (ContainerStateMachine.java:loadSnapshot(230)) - group-85A86911A4E9: The snapshot info is null. Setting the last applied indexto:(t:0, i:~)
2019-09-26 17:33:10,588 [pool-87-thread-1] INFO  server.RaftServerConfigKeys (ConfUtils.java:logGet(43)) - raft.server.notification.no-leader.timeout = 120s (custom)
2019-09-26 17:33:10,588 [pool-87-thread-1] INFO  server.RaftServerConfigKeys (ConfUtils.java:logGet(43)) - raft.server.log.use.memory = false (default)
2019-09-26 17:33:10,588 [pool-87-thread-1] INFO  server.RaftServerConfigKeys (ConfUtils.java:logGet(43)) - raft.server.log.purge.gap = 1000000 (custom)
2019-09-26 17:33:10,589 [pool-87-thread-1] INFO  server.RaftServerConfigKeys (ConfUtils.java:logGet(43)) - raft.server.log.appender.buffer.byte-limit = 33554432 (custom)
2019-09-26 17:33:10,589 [pool-87-thread-1] INFO  server.RaftServerConfigKeys (ConfUtils.java:logGet(43)) - raft.server.log.segment.size.max = 1048576 (custom)
2019-09-26 17:33:10,589 [pool-87-thread-1] INFO  server.RaftServerConfigKeys (ConfUtils.java:logGet(43)) - raft.server.log.segment.cache.num.max = 2 (custom)
2019-09-26 17:33:10,589 [pool-87-thread-1] INFO  segmented.SegmentedRaftLogWorker (SegmentedRaftLogWorker.java:<init>(172)) - new 090c4de5-a6fa-4d03-a645-efabbe50ef62@group-85A86911A4E9-SegmentedRaftLogWorker for RaftStorage:Storage Directory /workdir/hadoop-ozone/integration-test/target/test-dir/MiniOzoneClusterImpl-e957bdb1-9b3f-4e03-89f8-47fdabd8daf2/datanode-6/data/ratis/f0aa0276-2303-427e-a42c-85a86911a4e9
2019-09-26 17:33:10,592 [pool-87-thread-1] INFO  server.RaftServerConfigKeys (ConfUtils.java:logGet(43)) - raft.server.log.queue.byte-limit = 2147483647 (custom)
2019-09-26 17:33:10,592 [pool-87-thread-1] INFO  server.RaftServerConfigKeys (ConfUtils.java:logGet(43)) - raft.server.log.queue.element-limit = 1024 (custom)
2019-09-26 17:33:10,592 [pool-87-thread-1] INFO  server.RaftServerConfigKeys (ConfUtils.java:logGet(43)) - raft.server.log.segment.size.max = 1048576 (custom)
2019-09-26 17:33:10,592 [pool-87-thread-1] INFO  server.RaftServerConfigKeys (ConfUtils.java:logGet(43)) - raft.server.log.preallocated.size = 16384 (custom)
2019-09-26 17:33:10,593 [pool-87-thread-1] INFO  server.RaftServerConfigKeys (ConfUtils.java:logGet(43)) - raft.server.log.write.buffer.size = 33554432 (custom)
2019-09-26 17:33:10,593 [pool-87-thread-1] INFO  server.RaftServerConfigKeys (ConfUtils.java:logGet(43)) - raft.server.log.force.sync.num = 128 (default)
2019-09-26 17:33:10,593 [pool-87-thread-1] INFO  server.RaftServerConfigKeys (ConfUtils.java:logGet(43)) - raft.server.log.statemachine.data.sync = true (default)
2019-09-26 17:33:10,593 [pool-87-thread-1] INFO  server.RaftServerConfigKeys (ConfUtils.java:logGet(43)) - raft.server.log.statemachine.data.sync.timeout = 10s (default)
2019-09-26 17:33:10,593 [pool-87-thread-1] INFO  server.RaftServerConfigKeys (ConfUtils.java:logGet(43)) - raft.server.log.statemachine.data.sync.timeout.retry = -1 (default)
2019-09-26 17:33:10,593 [pool-87-thread-1] INFO  server.RaftServerConfigKeys (ConfUtils.java:logGet(43)) - raft.server.log.statemachine.data.caching.enabled = true (custom)
2019-09-26 17:33:10,594 [pool-87-thread-1] INFO  segmented.SegmentedRaftLogWorker (SegmentedRaftLogWorker.java:lambda$new$0(132)) - 090c4de5-a6fa-4d03-a645-efabbe50ef62@group-85A86911A4E9-SegmentedRaftLogWorker: flushIndex: setUnconditionally 0 -> -1
2019-09-26 17:33:10,594 [pool-87-thread-1] INFO  server.RaftServerConfigKeys (ConfUtils.java:logGet(43)) - raft.server.snapshot.auto.trigger.enabled = true (custom)
2019-09-26 17:33:10,594 [pool-87-thread-1] INFO  server.RaftServerConfigKeys (ConfUtils.java:logGet(43)) - raft.server.snapshot.auto.trigger.threshold = 10000 (custom)
2019-09-26 17:33:10,594 [pool-87-thread-1] INFO  server.RaftServerConfigKeys (ConfUtils.java:logGet(43)) - raft.server.snapshot.retention.num.files = 5 (custom)
2019-09-26 17:33:10,594 [pool-87-thread-1] INFO  server.RaftServerConfigKeys (ConfUtils.java:logGet(43)) - raft.server.retrycache.expirytime = 600000ms (custom)
2019-09-26 17:33:10,596 [pool-87-thread-1] INFO  impl.RaftServerImpl (RaftServerImpl.java:start(185)) - 090c4de5-a6fa-4d03-a645-efabbe50ef62@group-85A86911A4E9: start as a follower, conf=-1: [090c4de5-a6fa-4d03-a645-efabbe50ef62:192.168.157.234:41033], old=null
2019-09-26 17:33:10,597 [pool-87-thread-1] INFO  impl.RaftServerImpl (RaftServerImpl.java:setRole(174)) - 090c4de5-a6fa-4d03-a645-efabbe50ef62@group-85A86911A4E9: changes role from      null to FOLLOWER at term 0 for startAsFollower
2019-09-26 17:33:10,597 [pool-87-thread-1] INFO  impl.RoleInfo (RoleInfo.java:updateAndGet(143)) - 090c4de5-a6fa-4d03-a645-efabbe50ef62: start FollowerState
2019-09-26 17:33:10,597 [pool-87-thread-1] INFO  util.JmxRegister (JmxRegister.java:tryRegister(44)) - Successfully registered JMX Bean with object name Ratis:service=RaftServer,group=group-85A86911A4E9,id=090c4de5-a6fa-4d03-a645-efabbe50ef62
2019-09-26 17:33:10,615 [RatisPipelineUtilsThread] INFO  pipeline.PipelineStateManager (PipelineStateManager.java:addPipeline(56)) - Created pipeline Pipeline[ Id: f0aa0276-2303-427e-a42c-85a86911a4e9, Nodes: 090c4de5-a6fa-4d03-a645-efabbe50ef62{ip: 192.168.157.234, host: pr-hdds-2162-htzpk-1451759861, networkLocation: /default-rack, certSerialId: null}, Type:RATIS, Factor:ONE, State:OPEN]
2019-09-26 17:33:10,668 [grpc-default-executor-2] INFO  impl.RaftServerProxy (RaftServerProxy.java:addNew(89)) - 150c97ca-4206-422c-955c-64eaeed2313b: addNew group-B51692E50471:[702f2153-2d31-40fe-9bcb-1ea73c11f529:192.168.157.234:44580, 4d234c04-482d-4481-920d-252ce1c5378f:192.168.157.234:42224, 150c97ca-4206-422c-955c-64eaeed2313b:192.168.157.234:42488] returns group-B51692E50471:java.util.concurrent.CompletableFuture@6225a18f[Not completed]
2019-09-26 17:33:10,669 [grpc-default-executor-0] INFO  impl.RaftServerProxy (RaftServerProxy.java:addNew(89)) - 4d234c04-482d-4481-920d-252ce1c5378f: addNew group-B51692E50471:[702f2153-2d31-40fe-9bcb-1ea73c11f529:192.168.157.234:44580, 4d234c04-482d-4481-920d-252ce1c5378f:192.168.157.234:42224, 150c97ca-4206-422c-955c-64eaeed2313b:192.168.157.234:42488] returns group-B51692E50471:java.util.concurrent.CompletableFuture@566f4dea[Not completed]
2019-09-26 17:33:10,669 [grpc-default-executor-1] INFO  impl.RaftServerProxy (RaftServerProxy.java:addNew(89)) - 702f2153-2d31-40fe-9bcb-1ea73c11f529: addNew group-B51692E50471:[702f2153-2d31-40fe-9bcb-1ea73c11f529:192.168.157.234:44580, 4d234c04-482d-4481-920d-252ce1c5378f:192.168.157.234:42224, 150c97ca-4206-422c-955c-64eaeed2313b:192.168.157.234:42488] returns group-B51692E50471:java.util.concurrent.CompletableFuture@3395896e[Not completed]
2019-09-26 17:33:10,670 [pool-117-thread-1] INFO  impl.RaftServerImpl (RaftServerImpl.java:<init>(95)) - 150c97ca-4206-422c-955c-64eaeed2313b: new RaftServerImpl for group-B51692E50471:[702f2153-2d31-40fe-9bcb-1ea73c11f529:192.168.157.234:44580, 4d234c04-482d-4481-920d-252ce1c5378f:192.168.157.234:42224, 150c97ca-4206-422c-955c-64eaeed2313b:192.168.157.234:42488] with ContainerStateMachine:uninitialized
2019-09-26 17:33:10,670 [pool-117-thread-1] INFO  server.RaftServerConfigKeys (ConfUtils.java:logGet(43)) - raft.server.rpc.timeout.min = 5s (custom)
2019-09-26 17:33:10,670 [pool-117-thread-1] INFO  server.RaftServerConfigKeys (ConfUtils.java:logGet(43)) - raft.server.rpc.timeout.max = 5200ms (custom)
2019-09-26 17:33:10,670 [pool-117-thread-1] INFO  server.RaftServerConfigKeys (ConfUtils.java:logGet(43)) - raft.server.rpcslowness.timeout = 120s (custom)
2019-09-26 17:33:10,670 [pool-117-thread-1] INFO  server.RaftServerConfigKeys (ConfUtils.java:logGet(43)) - raft.server.sleep.deviation.threshold = 300 (default)
2019-09-26 17:33:10,671 [pool-117-thread-1] INFO  server.RaftServerConfigKeys (ConfUtils.java:logGet(43)) - raft.server.log.appender.install.snapshot.enabled = false (custom)
2019-09-26 17:33:10,671 [pool-117-thread-1] INFO  impl.RaftServerImpl (ServerState.java:<init>(103)) - 150c97ca-4206-422c-955c-64eaeed2313b@group-B51692E50471: ConfigurationManager, init=-1: [702f2153-2d31-40fe-9bcb-1ea73c11f529:192.168.157.234:44580, 4d234c04-482d-4481-920d-252ce1c5378f:192.168.157.234:42224, 150c97ca-4206-422c-955c-64eaeed2313b:192.168.157.234:42488], old=null, confs=<EMPTY_MAP>
2019-09-26 17:33:10,671 [pool-27-thread-1] INFO  impl.RaftServerImpl (RaftServerImpl.java:<init>(95)) - 702f2153-2d31-40fe-9bcb-1ea73c11f529: new RaftServerImpl for group-B51692E50471:[702f2153-2d31-40fe-9bcb-1ea73c11f529:192.168.157.234:44580, 4d234c04-482d-4481-920d-252ce1c5378f:192.168.157.234:42224, 150c97ca-4206-422c-955c-64eaeed2313b:192.168.157.234:42488] with ContainerStateMachine:uninitialized
2019-09-26 17:33:10,671 [pool-117-thread-1] INFO  server.RaftServerConfigKeys (ConfUtils.java:logGet(43)) - raft.server.storage.dir = [/workdir/hadoop-ozone/integration-test/target/test-dir/MiniOzoneClusterImpl-e957bdb1-9b3f-4e03-89f8-47fdabd8daf2/datanode-9/data/ratis] (custom)
2019-09-26 17:33:10,671 [pool-27-thread-1] INFO  server.RaftServerConfigKeys (ConfUtils.java:logGet(43)) - raft.server.rpc.timeout.min = 5s (custom)
2019-09-26 17:33:10,671 [pool-27-thread-1] INFO  server.RaftServerConfigKeys (ConfUtils.java:logGet(43)) - raft.server.rpc.timeout.max = 5200ms (custom)
2019-09-26 17:33:10,671 [pool-27-thread-1] INFO  server.RaftServerConfigKeys (ConfUtils.java:logGet(43)) - raft.server.rpcslowness.timeout = 120s (custom)
2019-09-26 17:33:10,671 [pool-117-thread-1] INFO  storage.RaftStorageDirectory (RaftStorageDirectory.java:analyzeStorage(246)) - The storage directory /workdir/hadoop-ozone/integration-test/target/test-dir/MiniOzoneClusterImpl-e957bdb1-9b3f-4e03-89f8-47fdabd8daf2/datanode-9/data/ratis/d80859c0-a94a-43a5-9a55-b51692e50471 does not exist. Creating ...
2019-09-26 17:33:10,671 [pool-27-thread-1] INFO  server.RaftServerConfigKeys (ConfUtils.java:logGet(43)) - raft.server.sleep.deviation.threshold = 300 (default)
2019-09-26 17:33:10,672 [pool-67-thread-1] INFO  impl.RaftServerImpl (RaftServerImpl.java:<init>(95)) - 4d234c04-482d-4481-920d-252ce1c5378f: new RaftServerImpl for group-B51692E50471:[702f2153-2d31-40fe-9bcb-1ea73c11f529:192.168.157.234:44580, 4d234c04-482d-4481-920d-252ce1c5378f:192.168.157.234:42224, 150c97ca-4206-422c-955c-64eaeed2313b:192.168.157.234:42488] with ContainerStateMachine:uninitialized
2019-09-26 17:33:10,672 [pool-27-thread-1] INFO  server.RaftServerConfigKeys (ConfUtils.java:logGet(43)) - raft.server.log.appender.install.snapshot.enabled = false (custom)
2019-09-26 17:33:10,672 [pool-67-thread-1] INFO  server.RaftServerConfigKeys (ConfUtils.java:logGet(43)) - raft.server.rpc.timeout.min = 5s (custom)
2019-09-26 17:33:10,672 [pool-27-thread-1] INFO  impl.RaftServerImpl (ServerState.java:<init>(103)) - 702f2153-2d31-40fe-9bcb-1ea73c11f529@group-B51692E50471: ConfigurationManager, init=-1: [702f2153-2d31-40fe-9bcb-1ea73c11f529:192.168.157.234:44580, 4d234c04-482d-4481-920d-252ce1c5378f:192.168.157.234:42224, 150c97ca-4206-422c-955c-64eaeed2313b:192.168.157.234:42488], old=null, confs=<EMPTY_MAP>
2019-09-26 17:33:10,672 [pool-67-thread-1] INFO  server.RaftServerConfigKeys (ConfUtils.java:logGet(43)) - raft.server.rpc.timeout.max = 5200ms (custom)
2019-09-26 17:33:10,672 [pool-27-thread-1] INFO  server.RaftServerConfigKeys (ConfUtils.java:logGet(43)) - raft.server.storage.dir = [/workdir/hadoop-ozone/integration-test/target/test-dir/MiniOzoneClusterImpl-e957bdb1-9b3f-4e03-89f8-47fdabd8daf2/datanode-0/data/ratis] (custom)
2019-09-26 17:33:10,672 [pool-67-thread-1] INFO  server.RaftServerConfigKeys (ConfUtils.java:logGet(43)) - raft.server.rpcslowness.timeout = 120s (custom)
2019-09-26 17:33:10,672 [pool-67-thread-1] INFO  server.RaftServerConfigKeys (ConfUtils.java:logGet(43)) - raft.server.sleep.deviation.threshold = 300 (default)
2019-09-26 17:33:10,673 [pool-27-thread-1] INFO  storage.RaftStorageDirectory (RaftStorageDirectory.java:analyzeStorage(246)) - The storage directory /workdir/hadoop-ozone/integration-test/target/test-dir/MiniOzoneClusterImpl-e957bdb1-9b3f-4e03-89f8-47fdabd8daf2/datanode-0/data/ratis/d80859c0-a94a-43a5-9a55-b51692e50471 does not exist. Creating ...
2019-09-26 17:33:10,673 [pool-67-thread-1] INFO  server.RaftServerConfigKeys (ConfUtils.java:logGet(43)) - raft.server.log.appender.install.snapshot.enabled = false (custom)
2019-09-26 17:33:10,673 [pool-67-thread-1] INFO  impl.RaftServerImpl (ServerState.java:<init>(103)) - 4d234c04-482d-4481-920d-252ce1c5378f@group-B51692E50471: ConfigurationManager, init=-1: [702f2153-2d31-40fe-9bcb-1ea73c11f529:192.168.157.234:44580, 4d234c04-482d-4481-920d-252ce1c5378f:192.168.157.234:42224, 150c97ca-4206-422c-955c-64eaeed2313b:192.168.157.234:42488], old=null, confs=<EMPTY_MAP>
2019-09-26 17:33:10,673 [pool-67-thread-1] INFO  server.RaftServerConfigKeys (ConfUtils.java:logGet(43)) - raft.server.storage.dir = [/workdir/hadoop-ozone/integration-test/target/test-dir/MiniOzoneClusterImpl-e957bdb1-9b3f-4e03-89f8-47fdabd8daf2/datanode-4/data/ratis] (custom)
2019-09-26 17:33:10,674 [pool-67-thread-1] INFO  storage.RaftStorageDirectory (RaftStorageDirectory.java:analyzeStorage(246)) - The storage directory /workdir/hadoop-ozone/integration-test/target/test-dir/MiniOzoneClusterImpl-e957bdb1-9b3f-4e03-89f8-47fdabd8daf2/datanode-4/data/ratis/d80859c0-a94a-43a5-9a55-b51692e50471 does not exist. Creating ...
2019-09-26 17:33:10,697 [pool-27-thread-1] INFO  storage.RaftStorageDirectory (RaftStorageDirectory.java:tryLock(328)) - Lock on /workdir/hadoop-ozone/integration-test/target/test-dir/MiniOzoneClusterImpl-e957bdb1-9b3f-4e03-89f8-47fdabd8daf2/datanode-0/data/ratis/d80859c0-a94a-43a5-9a55-b51692e50471/in_use.lock acquired by nodename 3306@pr-hdds-2162-htzpk-1451759861
2019-09-26 17:33:10,697 [pool-67-thread-1] INFO  storage.RaftStorageDirectory (RaftStorageDirectory.java:tryLock(328)) - Lock on /workdir/hadoop-ozone/integration-test/target/test-dir/MiniOzoneClusterImpl-e957bdb1-9b3f-4e03-89f8-47fdabd8daf2/datanode-4/data/ratis/d80859c0-a94a-43a5-9a55-b51692e50471/in_use.lock acquired by nodename 3306@pr-hdds-2162-htzpk-1451759861
2019-09-26 17:33:10,697 [pool-117-thread-1] INFO  storage.RaftStorageDirectory (RaftStorageDirectory.java:tryLock(328)) - Lock on /workdir/hadoop-ozone/integration-test/target/test-dir/MiniOzoneClusterImpl-e957bdb1-9b3f-4e03-89f8-47fdabd8daf2/datanode-9/data/ratis/d80859c0-a94a-43a5-9a55-b51692e50471/in_use.lock acquired by nodename 3306@pr-hdds-2162-htzpk-1451759861
2019-09-26 17:33:10,722 [pool-27-thread-1] INFO  storage.RaftStorage (RaftStorage.java:format(72)) - Storage directory /workdir/hadoop-ozone/integration-test/target/test-dir/MiniOzoneClusterImpl-e957bdb1-9b3f-4e03-89f8-47fdabd8daf2/datanode-0/data/ratis/d80859c0-a94a-43a5-9a55-b51692e50471 has been successfully formatted.
2019-09-26 17:33:10,722 [pool-67-thread-1] INFO  storage.RaftStorage (RaftStorage.java:format(72)) - Storage directory /workdir/hadoop-ozone/integration-test/target/test-dir/MiniOzoneClusterImpl-e957bdb1-9b3f-4e03-89f8-47fdabd8daf2/datanode-4/data/ratis/d80859c0-a94a-43a5-9a55-b51692e50471 has been successfully formatted.
2019-09-26 17:33:10,722 [pool-27-thread-1] INFO  ratis.ContainerStateMachine (ContainerStateMachine.java:loadSnapshot(230)) - group-B51692E50471: The snapshot info is null. Setting the last applied indexto:(t:0, i:~)
2019-09-26 17:33:10,722 [pool-117-thread-1] INFO  storage.RaftStorage (RaftStorage.java:format(72)) - Storage directory /workdir/hadoop-ozone/integration-test/target/test-dir/MiniOzoneClusterImpl-e957bdb1-9b3f-4e03-89f8-47fdabd8daf2/datanode-9/data/ratis/d80859c0-a94a-43a5-9a55-b51692e50471 has been successfully formatted.
2019-09-26 17:33:10,723 [pool-67-thread-1] INFO  ratis.ContainerStateMachine (ContainerStateMachine.java:loadSnapshot(230)) - group-B51692E50471: The snapshot info is null. Setting the last applied indexto:(t:0, i:~)
2019-09-26 17:33:10,723 [pool-117-thread-1] INFO  ratis.ContainerStateMachine (ContainerStateMachine.java:loadSnapshot(230)) - group-B51692E50471: The snapshot info is null. Setting the last applied indexto:(t:0, i:~)
2019-09-26 17:33:10,722 [pool-27-thread-1] INFO  server.RaftServerConfigKeys (ConfUtils.java:logGet(43)) - raft.server.notification.no-leader.timeout = 120s (custom)
2019-09-26 17:33:10,723 [pool-117-thread-1] INFO  server.RaftServerConfigKeys (ConfUtils.java:logGet(43)) - raft.server.notification.no-leader.timeout = 120s (custom)
2019-09-26 17:33:10,723 [pool-67-thread-1] INFO  server.RaftServerConfigKeys (ConfUtils.java:logGet(43)) - raft.server.notification.no-leader.timeout = 120s (custom)
2019-09-26 17:33:10,723 [pool-117-thread-1] INFO  server.RaftServerConfigKeys (ConfUtils.java:logGet(43)) - raft.server.log.use.memory = false (default)
2019-09-26 17:33:10,723 [pool-27-thread-1] INFO  server.RaftServerConfigKeys (ConfUtils.java:logGet(43)) - raft.server.log.use.memory = false (default)
2019-09-26 17:33:10,723 [pool-117-thread-1] INFO  server.RaftServerConfigKeys (ConfUtils.java:logGet(43)) - raft.server.log.purge.gap = 1000000 (custom)
2019-09-26 17:33:10,723 [pool-67-thread-1] INFO  server.RaftServerConfigKeys (ConfUtils.java:logGet(43)) - raft.server.log.use.memory = false (default)
2019-09-26 17:33:10,724 [pool-117-thread-1] INFO  server.RaftServerConfigKeys (ConfUtils.java:logGet(43)) - raft.server.log.appender.buffer.byte-limit = 33554432 (custom)
2019-09-26 17:33:10,723 [pool-27-thread-1] INFO  server.RaftServerConfigKeys (ConfUtils.java:logGet(43)) - raft.server.log.purge.gap = 1000000 (custom)
2019-09-26 17:33:10,724 [pool-117-thread-1] INFO  server.RaftServerConfigKeys (ConfUtils.java:logGet(43)) - raft.server.log.segment.size.max = 1048576 (custom)
2019-09-26 17:33:10,724 [pool-67-thread-1] INFO  server.RaftServerConfigKeys (ConfUtils.java:logGet(43)) - raft.server.log.purge.gap = 1000000 (custom)
2019-09-26 17:33:10,724 [pool-117-thread-1] INFO  server.RaftServerConfigKeys (ConfUtils.java:logGet(43)) - raft.server.log.segment.cache.num.max = 2 (custom)
2019-09-26 17:33:10,724 [pool-27-thread-1] INFO  server.RaftServerConfigKeys (ConfUtils.java:logGet(43)) - raft.server.log.appender.buffer.byte-limit = 33554432 (custom)
2019-09-26 17:33:10,724 [pool-117-thread-1] INFO  segmented.SegmentedRaftLogWorker (SegmentedRaftLogWorker.java:<init>(172)) - new 150c97ca-4206-422c-955c-64eaeed2313b@group-B51692E50471-SegmentedRaftLogWorker for RaftStorage:Storage Directory /workdir/hadoop-ozone/integration-test/target/test-dir/MiniOzoneClusterImpl-e957bdb1-9b3f-4e03-89f8-47fdabd8daf2/datanode-9/data/ratis/d80859c0-a94a-43a5-9a55-b51692e50471
2019-09-26 17:33:10,724 [pool-67-thread-1] INFO  server.RaftServerConfigKeys (ConfUtils.java:logGet(43)) - raft.server.log.appender.buffer.byte-limit = 33554432 (custom)
2019-09-26 17:33:10,725 [pool-117-thread-1] INFO  server.RaftServerConfigKeys (ConfUtils.java:logGet(43)) - raft.server.log.queue.byte-limit = 2147483647 (custom)
2019-09-26 17:33:10,725 [pool-27-thread-1] INFO  server.RaftServerConfigKeys (ConfUtils.java:logGet(43)) - raft.server.log.segment.size.max = 1048576 (custom)
2019-09-26 17:33:10,725 [pool-117-thread-1] INFO  server.RaftServerConfigKeys (ConfUtils.java:logGet(43)) - raft.server.log.queue.element-limit = 1024 (custom)
2019-09-26 17:33:10,725 [pool-27-thread-1] INFO  server.RaftServerConfigKeys (ConfUtils.java:logGet(43)) - raft.server.log.segment.cache.num.max = 2 (custom)
2019-09-26 17:33:10,725 [pool-67-thread-1] INFO  server.RaftServerConfigKeys (ConfUtils.java:logGet(43)) - raft.server.log.segment.size.max = 1048576 (custom)
2019-09-26 17:33:10,725 [pool-27-thread-1] INFO  segmented.SegmentedRaftLogWorker (SegmentedRaftLogWorker.java:<init>(172)) - new 702f2153-2d31-40fe-9bcb-1ea73c11f529@group-B51692E50471-SegmentedRaftLogWorker for RaftStorage:Storage Directory /workdir/hadoop-ozone/integration-test/target/test-dir/MiniOzoneClusterImpl-e957bdb1-9b3f-4e03-89f8-47fdabd8daf2/datanode-0/data/ratis/d80859c0-a94a-43a5-9a55-b51692e50471
2019-09-26 17:33:10,725 [pool-117-thread-1] INFO  server.RaftServerConfigKeys (ConfUtils.java:logGet(43)) - raft.server.log.segment.size.max = 1048576 (custom)
2019-09-26 17:33:10,726 [pool-27-thread-1] INFO  server.RaftServerConfigKeys (ConfUtils.java:logGet(43)) - raft.server.log.queue.byte-limit = 2147483647 (custom)
2019-09-26 17:33:10,726 [pool-67-thread-1] INFO  server.RaftServerConfigKeys (ConfUtils.java:logGet(43)) - raft.server.log.segment.cache.num.max = 2 (custom)
2019-09-26 17:33:10,726 [pool-27-thread-1] INFO  server.RaftServerConfigKeys (ConfUtils.java:logGet(43)) - raft.server.log.queue.element-limit = 1024 (custom)
2019-09-26 17:33:10,726 [pool-117-thread-1] INFO  server.RaftServerConfigKeys (ConfUtils.java:logGet(43)) - raft.server.log.preallocated.size = 16384 (custom)
2019-09-26 17:33:10,726 [pool-27-thread-1] INFO  server.RaftServerConfigKeys (ConfUtils.java:logGet(43)) - raft.server.log.segment.size.max = 1048576 (custom)
2019-09-26 17:33:10,726 [pool-67-thread-1] INFO  segmented.SegmentedRaftLogWorker (SegmentedRaftLogWorker.java:<init>(172)) - new 4d234c04-482d-4481-920d-252ce1c5378f@group-B51692E50471-SegmentedRaftLogWorker for RaftStorage:Storage Directory /workdir/hadoop-ozone/integration-test/target/test-dir/MiniOzoneClusterImpl-e957bdb1-9b3f-4e03-89f8-47fdabd8daf2/datanode-4/data/ratis/d80859c0-a94a-43a5-9a55-b51692e50471
2019-09-26 17:33:10,726 [pool-27-thread-1] INFO  server.RaftServerConfigKeys (ConfUtils.java:logGet(43)) - raft.server.log.preallocated.size = 16384 (custom)
2019-09-26 17:33:10,726 [pool-117-thread-1] INFO  server.RaftServerConfigKeys (ConfUtils.java:logGet(43)) - raft.server.log.write.buffer.size = 33554432 (custom)
2019-09-26 17:33:10,727 [pool-27-thread-1] INFO  server.RaftServerConfigKeys (ConfUtils.java:logGet(43)) - raft.server.log.write.buffer.size = 33554432 (custom)
2019-09-26 17:33:10,727 [pool-67-thread-1] INFO  server.RaftServerConfigKeys (ConfUtils.java:logGet(43)) - raft.server.log.queue.byte-limit = 2147483647 (custom)
2019-09-26 17:33:10,727 [pool-27-thread-1] INFO  server.RaftServerConfigKeys (ConfUtils.java:logGet(43)) - raft.server.log.force.sync.num = 128 (default)
2019-09-26 17:33:10,727 [pool-117-thread-1] INFO  server.RaftServerConfigKeys (ConfUtils.java:logGet(43)) - raft.server.log.force.sync.num = 128 (default)
2019-09-26 17:33:10,727 [pool-27-thread-1] INFO  server.RaftServerConfigKeys (ConfUtils.java:logGet(43)) - raft.server.log.statemachine.data.sync = true (default)
2019-09-26 17:33:10,727 [pool-67-thread-1] INFO  server.RaftServerConfigKeys (ConfUtils.java:logGet(43)) - raft.server.log.queue.element-limit = 1024 (custom)
2019-09-26 17:33:10,727 [pool-27-thread-1] INFO  server.RaftServerConfigKeys (ConfUtils.java:logGet(43)) - raft.server.log.statemachine.data.sync.timeout = 10s (default)
2019-09-26 17:33:10,727 [pool-117-thread-1] INFO  server.RaftServerConfigKeys (ConfUtils.java:logGet(43)) - raft.server.log.statemachine.data.sync = true (default)
2019-09-26 17:33:10,728 [pool-27-thread-1] INFO  server.RaftServerConfigKeys (ConfUtils.java:logGet(43)) - raft.server.log.statemachine.data.sync.timeout.retry = -1 (default)
2019-09-26 17:33:10,728 [pool-67-thread-1] INFO  server.RaftServerConfigKeys (ConfUtils.java:logGet(43)) - raft.server.log.segment.size.max = 1048576 (custom)
2019-09-26 17:33:10,728 [pool-27-thread-1] INFO  server.RaftServerConfigKeys (ConfUtils.java:logGet(43)) - raft.server.log.statemachine.data.caching.enabled = true (custom)
2019-09-26 17:33:10,728 [pool-117-thread-1] INFO  server.RaftServerConfigKeys (ConfUtils.java:logGet(43)) - raft.server.log.statemachine.data.sync.timeout = 10s (default)
2019-09-26 17:33:10,728 [pool-67-thread-1] INFO  server.RaftServerConfigKeys (ConfUtils.java:logGet(43)) - raft.server.log.preallocated.size = 16384 (custom)
2019-09-26 17:33:10,728 [pool-27-thread-1] INFO  segmented.SegmentedRaftLogWorker (SegmentedRaftLogWorker.java:lambda$new$0(132)) - 702f2153-2d31-40fe-9bcb-1ea73c11f529@group-B51692E50471-SegmentedRaftLogWorker: flushIndex: setUnconditionally 0 -> -1
2019-09-26 17:33:10,728 [pool-117-thread-1] INFO  server.RaftServerConfigKeys (ConfUtils.java:logGet(43)) - raft.server.log.statemachine.data.sync.timeout.retry = -1 (default)
2019-09-26 17:33:10,729 [pool-67-thread-1] INFO  server.RaftServerConfigKeys (ConfUtils.java:logGet(43)) - raft.server.log.write.buffer.size = 33554432 (custom)
2019-09-26 17:33:10,729 [pool-117-thread-1] INFO  server.RaftServerConfigKeys (ConfUtils.java:logGet(43)) - raft.server.log.statemachine.data.caching.enabled = true (custom)
2019-09-26 17:33:10,729 [pool-27-thread-1] INFO  server.RaftServerConfigKeys (ConfUtils.java:logGet(43)) - raft.server.snapshot.auto.trigger.enabled = true (custom)
2019-09-26 17:33:10,729 [pool-67-thread-1] INFO  server.RaftServerConfigKeys (ConfUtils.java:logGet(43)) - raft.server.log.force.sync.num = 128 (default)
2019-09-26 17:33:10,729 [pool-117-thread-1] INFO  segmented.SegmentedRaftLogWorker (SegmentedRaftLogWorker.java:lambda$new$0(132)) - 150c97ca-4206-422c-955c-64eaeed2313b@group-B51692E50471-SegmentedRaftLogWorker: flushIndex: setUnconditionally 0 -> -1
2019-09-26 17:33:10,729 [pool-27-thread-1] INFO  server.RaftServerConfigKeys (ConfUtils.java:logGet(43)) - raft.server.snapshot.auto.trigger.threshold = 10000 (custom)
2019-09-26 17:33:10,729 [pool-67-thread-1] INFO  server.RaftServerConfigKeys (ConfUtils.java:logGet(43)) - raft.server.log.statemachine.data.sync = true (default)
2019-09-26 17:33:10,730 [pool-117-thread-1] INFO  server.RaftServerConfigKeys (ConfUtils.java:logGet(43)) - raft.server.snapshot.auto.trigger.enabled = true (custom)
2019-09-26 17:33:10,730 [pool-27-thread-1] INFO  server.RaftServerConfigKeys (ConfUtils.java:logGet(43)) - raft.server.snapshot.retention.num.files = 5 (custom)
2019-09-26 17:33:10,730 [pool-117-thread-1] INFO  server.RaftServerConfigKeys (ConfUtils.java:logGet(43)) - raft.server.snapshot.auto.trigger.threshold = 10000 (custom)
2019-09-26 17:33:10,730 [pool-67-thread-1] INFO  server.RaftServerConfigKeys (ConfUtils.java:logGet(43)) - raft.server.log.statemachine.data.sync.timeout = 10s (default)
2019-09-26 17:33:10,730 [pool-117-thread-1] INFO  server.RaftServerConfigKeys (ConfUtils.java:logGet(43)) - raft.server.snapshot.retention.num.files = 5 (custom)
2019-09-26 17:33:10,730 [pool-27-thread-1] INFO  server.RaftServerConfigKeys (ConfUtils.java:logGet(43)) - raft.server.retrycache.expirytime = 600000ms (custom)
2019-09-26 17:33:10,731 [pool-117-thread-1] INFO  server.RaftServerConfigKeys (ConfUtils.java:logGet(43)) - raft.server.retrycache.expirytime = 600000ms (custom)
2019-09-26 17:33:10,730 [pool-67-thread-1] INFO  server.RaftServerConfigKeys (ConfUtils.java:logGet(43)) - raft.server.log.statemachine.data.sync.timeout.retry = -1 (default)
2019-09-26 17:33:10,731 [pool-67-thread-1] INFO  server.RaftServerConfigKeys (ConfUtils.java:logGet(43)) - raft.server.log.statemachine.data.caching.enabled = true (custom)
2019-09-26 17:33:10,731 [pool-67-thread-1] INFO  segmented.SegmentedRaftLogWorker (SegmentedRaftLogWorker.java:lambda$new$0(132)) - 4d234c04-482d-4481-920d-252ce1c5378f@group-B51692E50471-SegmentedRaftLogWorker: flushIndex: setUnconditionally 0 -> -1
2019-09-26 17:33:10,732 [pool-67-thread-1] INFO  server.RaftServerConfigKeys (ConfUtils.java:logGet(43)) - raft.server.snapshot.auto.trigger.enabled = true (custom)
2019-09-26 17:33:10,732 [pool-67-thread-1] INFO  server.RaftServerConfigKeys (ConfUtils.java:logGet(43)) - raft.server.snapshot.auto.trigger.threshold = 10000 (custom)
2019-09-26 17:33:10,732 [pool-67-thread-1] INFO  server.RaftServerConfigKeys (ConfUtils.java:logGet(43)) - raft.server.snapshot.retention.num.files = 5 (custom)
2019-09-26 17:33:10,732 [pool-67-thread-1] INFO  server.RaftServerConfigKeys (ConfUtils.java:logGet(43)) - raft.server.retrycache.expirytime = 600000ms (custom)
2019-09-26 17:33:10,733 [pool-27-thread-1] INFO  impl.RaftServerImpl (RaftServerImpl.java:start(185)) - 702f2153-2d31-40fe-9bcb-1ea73c11f529@group-B51692E50471: start as a follower, conf=-1: [702f2153-2d31-40fe-9bcb-1ea73c11f529:192.168.157.234:44580, 4d234c04-482d-4481-920d-252ce1c5378f:192.168.157.234:42224, 150c97ca-4206-422c-955c-64eaeed2313b:192.168.157.234:42488], old=null
2019-09-26 17:33:10,733 [pool-27-thread-1] INFO  impl.RaftServerImpl (RaftServerImpl.java:setRole(174)) - 702f2153-2d31-40fe-9bcb-1ea73c11f529@group-B51692E50471: changes role from      null to FOLLOWER at term 0 for startAsFollower
2019-09-26 17:33:10,734 [pool-27-thread-1] INFO  impl.RoleInfo (RoleInfo.java:updateAndGet(143)) - 702f2153-2d31-40fe-9bcb-1ea73c11f529: start FollowerState
2019-09-26 17:33:10,734 [pool-117-thread-1] INFO  impl.RaftServerImpl (RaftServerImpl.java:start(185)) - 150c97ca-4206-422c-955c-64eaeed2313b@group-B51692E50471: start as a follower, conf=-1: [702f2153-2d31-40fe-9bcb-1ea73c11f529:192.168.157.234:44580, 4d234c04-482d-4481-920d-252ce1c5378f:192.168.157.234:42224, 150c97ca-4206-422c-955c-64eaeed2313b:192.168.157.234:42488], old=null
2019-09-26 17:33:10,734 [pool-117-thread-1] INFO  impl.RaftServerImpl (RaftServerImpl.java:setRole(174)) - 150c97ca-4206-422c-955c-64eaeed2313b@group-B51692E50471: changes role from      null to FOLLOWER at term 0 for startAsFollower
2019-09-26 17:33:10,734 [pool-27-thread-1] INFO  util.JmxRegister (JmxRegister.java:tryRegister(44)) - Successfully registered JMX Bean with object name Ratis:service=RaftServer,group=group-B51692E50471,id=702f2153-2d31-40fe-9bcb-1ea73c11f529
2019-09-26 17:33:10,734 [pool-117-thread-1] INFO  impl.RoleInfo (RoleInfo.java:updateAndGet(143)) - 150c97ca-4206-422c-955c-64eaeed2313b: start FollowerState
2019-09-26 17:33:10,735 [pool-117-thread-1] INFO  util.JmxRegister (JmxRegister.java:tryRegister(44)) - Successfully registered JMX Bean with object name Ratis:service=RaftServer,group=group-B51692E50471,id=150c97ca-4206-422c-955c-64eaeed2313b
2019-09-26 17:33:10,736 [pool-67-thread-1] INFO  impl.RaftServerImpl (RaftServerImpl.java:start(185)) - 4d234c04-482d-4481-920d-252ce1c5378f@group-B51692E50471: start as a follower, conf=-1: [702f2153-2d31-40fe-9bcb-1ea73c11f529:192.168.157.234:44580, 4d234c04-482d-4481-920d-252ce1c5378f:192.168.157.234:42224, 150c97ca-4206-422c-955c-64eaeed2313b:192.168.157.234:42488], old=null
2019-09-26 17:33:10,736 [pool-67-thread-1] INFO  impl.RaftServerImpl (RaftServerImpl.java:setRole(174)) - 4d234c04-482d-4481-920d-252ce1c5378f@group-B51692E50471: changes role from      null to FOLLOWER at term 0 for startAsFollower
2019-09-26 17:33:10,736 [pool-67-thread-1] INFO  impl.RoleInfo (RoleInfo.java:updateAndGet(143)) - 4d234c04-482d-4481-920d-252ce1c5378f: start FollowerState
2019-09-26 17:33:10,737 [pool-67-thread-1] INFO  util.JmxRegister (JmxRegister.java:tryRegister(44)) - Successfully registered JMX Bean with object name Ratis:service=RaftServer,group=group-B51692E50471,id=4d234c04-482d-4481-920d-252ce1c5378f
2019-09-26 17:33:10,764 [RatisPipelineUtilsThread] INFO  pipeline.PipelineStateManager (PipelineStateManager.java:addPipeline(56)) - Created pipeline Pipeline[ Id: d80859c0-a94a-43a5-9a55-b51692e50471, Nodes: 4d234c04-482d-4481-920d-252ce1c5378f{ip: 192.168.157.234, host: pr-hdds-2162-htzpk-1451759861, networkLocation: /default-rack, certSerialId: null}150c97ca-4206-422c-955c-64eaeed2313b{ip: 192.168.157.234, host: pr-hdds-2162-htzpk-1451759861, networkLocation: /default-rack, certSerialId: null}702f2153-2d31-40fe-9bcb-1ea73c11f529{ip: 192.168.157.234, host: pr-hdds-2162-htzpk-1451759861, networkLocation: /default-rack, certSerialId: null}, Type:RATIS, Factor:THREE, State:OPEN]
2019-09-26 17:33:10,789 [grpc-default-executor-2] INFO  impl.RaftServerProxy (RaftServerProxy.java:addNew(89)) - b0d633e9-e5dd-4965-9348-f887f26d3e3f: addNew group-DD316D7CA787:[b0d633e9-e5dd-4965-9348-f887f26d3e3f:192.168.157.234:36411, 815536f4-dee7-4433-8f37-6956ea789edb:192.168.157.234:36203, 11011891-d857-4221-8ea5-6747af062c6a:192.168.157.234:35503] returns group-DD316D7CA787:java.util.concurrent.CompletableFuture@592ca631[Not completed]
2019-09-26 17:33:10,793 [grpc-default-executor-1] INFO  impl.RaftServerProxy (RaftServerProxy.java:addNew(89)) - 815536f4-dee7-4433-8f37-6956ea789edb: addNew group-DD316D7CA787:[b0d633e9-e5dd-4965-9348-f887f26d3e3f:192.168.157.234:36411, 815536f4-dee7-4433-8f37-6956ea789edb:192.168.157.234:36203, 11011891-d857-4221-8ea5-6747af062c6a:192.168.157.234:35503] returns group-DD316D7CA787:java.util.concurrent.CompletableFuture@203c60a6[Not completed]
2019-09-26 17:33:10,798 [grpc-default-executor-2] INFO  impl.RaftServerProxy (RaftServerProxy.java:addNew(89)) - 11011891-d857-4221-8ea5-6747af062c6a: addNew group-DD316D7CA787:[b0d633e9-e5dd-4965-9348-f887f26d3e3f:192.168.157.234:36411, 815536f4-dee7-4433-8f37-6956ea789edb:192.168.157.234:36203, 11011891-d857-4221-8ea5-6747af062c6a:192.168.157.234:35503] returns group-DD316D7CA787:java.util.concurrent.CompletableFuture@4708dce0[Not completed]
2019-09-26 17:33:10,798 [pool-57-thread-1] INFO  impl.RaftServerImpl (RaftServerImpl.java:<init>(95)) - b0d633e9-e5dd-4965-9348-f887f26d3e3f: new RaftServerImpl for group-DD316D7CA787:[b0d633e9-e5dd-4965-9348-f887f26d3e3f:192.168.157.234:36411, 815536f4-dee7-4433-8f37-6956ea789edb:192.168.157.234:36203, 11011891-d857-4221-8ea5-6747af062c6a:192.168.157.234:35503] with ContainerStateMachine:uninitialized
2019-09-26 17:33:10,799 [pool-57-thread-1] INFO  server.RaftServerConfigKeys (ConfUtils.java:logGet(43)) - raft.server.rpc.timeout.min = 5s (custom)
2019-09-26 17:33:10,799 [pool-57-thread-1] INFO  server.RaftServerConfigKeys (ConfUtils.java:logGet(43)) - raft.server.rpc.timeout.max = 5200ms (custom)
2019-09-26 17:33:10,799 [pool-57-thread-1] INFO  server.RaftServerConfigKeys (ConfUtils.java:logGet(43)) - raft.server.rpcslowness.timeout = 120s (custom)
2019-09-26 17:33:10,799 [pool-57-thread-1] INFO  server.RaftServerConfigKeys (ConfUtils.java:logGet(43)) - raft.server.sleep.deviation.threshold = 300 (default)
2019-09-26 17:33:10,799 [pool-107-thread-1] INFO  impl.RaftServerImpl (RaftServerImpl.java:<init>(95)) - 815536f4-dee7-4433-8f37-6956ea789edb: new RaftServerImpl for group-DD316D7CA787:[b0d633e9-e5dd-4965-9348-f887f26d3e3f:192.168.157.234:36411, 815536f4-dee7-4433-8f37-6956ea789edb:192.168.157.234:36203, 11011891-d857-4221-8ea5-6747af062c6a:192.168.157.234:35503] with ContainerStateMachine:uninitialized
2019-09-26 17:33:10,799 [pool-57-thread-1] INFO  server.RaftServerConfigKeys (ConfUtils.java:logGet(43)) - raft.server.log.appender.install.snapshot.enabled = false (custom)
2019-09-26 17:33:10,800 [pool-107-thread-1] INFO  server.RaftServerConfigKeys (ConfUtils.java:logGet(43)) - raft.server.rpc.timeout.min = 5s (custom)
2019-09-26 17:33:10,800 [pool-57-thread-1] INFO  impl.RaftServerImpl (ServerState.java:<init>(103)) - b0d633e9-e5dd-4965-9348-f887f26d3e3f@group-DD316D7CA787: ConfigurationManager, init=-1: [b0d633e9-e5dd-4965-9348-f887f26d3e3f:192.168.157.234:36411, 815536f4-dee7-4433-8f37-6956ea789edb:192.168.157.234:36203, 11011891-d857-4221-8ea5-6747af062c6a:192.168.157.234:35503], old=null, confs=<EMPTY_MAP>
2019-09-26 17:33:10,800 [pool-107-thread-1] INFO  server.RaftServerConfigKeys (ConfUtils.java:logGet(43)) - raft.server.rpc.timeout.max = 5200ms (custom)
2019-09-26 17:33:10,800 [pool-57-thread-1] INFO  server.RaftServerConfigKeys (ConfUtils.java:logGet(43)) - raft.server.storage.dir = [/workdir/hadoop-ozone/integration-test/target/test-dir/MiniOzoneClusterImpl-e957bdb1-9b3f-4e03-89f8-47fdabd8daf2/datanode-3/data/ratis] (custom)
2019-09-26 17:33:10,800 [pool-107-thread-1] INFO  server.RaftServerConfigKeys (ConfUtils.java:logGet(43)) - raft.server.rpcslowness.timeout = 120s (custom)
2019-09-26 17:33:10,800 [pool-107-thread-1] INFO  server.RaftServerConfigKeys (ConfUtils.java:logGet(43)) - raft.server.sleep.deviation.threshold = 300 (default)
2019-09-26 17:33:10,800 [pool-107-thread-1] INFO  server.RaftServerConfigKeys (ConfUtils.java:logGet(43)) - raft.server.log.appender.install.snapshot.enabled = false (custom)
2019-09-26 17:33:10,800 [pool-57-thread-1] INFO  storage.RaftStorageDirectory (RaftStorageDirectory.java:analyzeStorage(246)) - The storage directory /workdir/hadoop-ozone/integration-test/target/test-dir/MiniOzoneClusterImpl-e957bdb1-9b3f-4e03-89f8-47fdabd8daf2/datanode-3/data/ratis/456c0055-3eaa-4f9a-9af0-dd316d7ca787 does not exist. Creating ...
2019-09-26 17:33:10,800 [pool-47-thread-1] INFO  impl.RaftServerImpl (RaftServerImpl.java:<init>(95)) - 11011891-d857-4221-8ea5-6747af062c6a: new RaftServerImpl for group-DD316D7CA787:[b0d633e9-e5dd-4965-9348-f887f26d3e3f:192.168.157.234:36411, 815536f4-dee7-4433-8f37-6956ea789edb:192.168.157.234:36203, 11011891-d857-4221-8ea5-6747af062c6a:192.168.157.234:35503] with ContainerStateMachine:uninitialized
2019-09-26 17:33:10,801 [pool-107-thread-1] INFO  impl.RaftServerImpl (ServerState.java:<init>(103)) - 815536f4-dee7-4433-8f37-6956ea789edb@group-DD316D7CA787: ConfigurationManager, init=-1: [b0d633e9-e5dd-4965-9348-f887f26d3e3f:192.168.157.234:36411, 815536f4-dee7-4433-8f37-6956ea789edb:192.168.157.234:36203, 11011891-d857-4221-8ea5-6747af062c6a:192.168.157.234:35503], old=null, confs=<EMPTY_MAP>
2019-09-26 17:33:10,803 [pool-47-thread-1] INFO  server.RaftServerConfigKeys (ConfUtils.java:logGet(43)) - raft.server.rpc.timeout.min = 5s (custom)
2019-09-26 17:33:10,803 [pool-107-thread-1] INFO  server.RaftServerConfigKeys (ConfUtils.java:logGet(43)) - raft.server.storage.dir = [/workdir/hadoop-ozone/integration-test/target/test-dir/MiniOzoneClusterImpl-e957bdb1-9b3f-4e03-89f8-47fdabd8daf2/datanode-8/data/ratis] (custom)
2019-09-26 17:33:10,803 [pool-47-thread-1] INFO  server.RaftServerConfigKeys (ConfUtils.java:logGet(43)) - raft.server.rpc.timeout.max = 5200ms (custom)
2019-09-26 17:33:10,804 [pool-47-thread-1] INFO  server.RaftServerConfigKeys (ConfUtils.java:logGet(43)) - raft.server.rpcslowness.timeout = 120s (custom)
2019-09-26 17:33:10,804 [pool-107-thread-1] INFO  storage.RaftStorageDirectory (RaftStorageDirectory.java:analyzeStorage(246)) - The storage directory /workdir/hadoop-ozone/integration-test/target/test-dir/MiniOzoneClusterImpl-e957bdb1-9b3f-4e03-89f8-47fdabd8daf2/datanode-8/data/ratis/456c0055-3eaa-4f9a-9af0-dd316d7ca787 does not exist. Creating ...
2019-09-26 17:33:10,804 [pool-47-thread-1] INFO  server.RaftServerConfigKeys (ConfUtils.java:logGet(43)) - raft.server.sleep.deviation.threshold = 300 (default)
2019-09-26 17:33:10,804 [pool-47-thread-1] INFO  server.RaftServerConfigKeys (ConfUtils.java:logGet(43)) - raft.server.log.appender.install.snapshot.enabled = false (custom)
2019-09-26 17:33:10,804 [pool-47-thread-1] INFO  impl.RaftServerImpl (ServerState.java:<init>(103)) - 11011891-d857-4221-8ea5-6747af062c6a@group-DD316D7CA787: ConfigurationManager, init=-1: [b0d633e9-e5dd-4965-9348-f887f26d3e3f:192.168.157.234:36411, 815536f4-dee7-4433-8f37-6956ea789edb:192.168.157.234:36203, 11011891-d857-4221-8ea5-6747af062c6a:192.168.157.234:35503], old=null, confs=<EMPTY_MAP>
2019-09-26 17:33:10,804 [pool-47-thread-1] INFO  server.RaftServerConfigKeys (ConfUtils.java:logGet(43)) - raft.server.storage.dir = [/workdir/hadoop-ozone/integration-test/target/test-dir/MiniOzoneClusterImpl-e957bdb1-9b3f-4e03-89f8-47fdabd8daf2/datanode-2/data/ratis] (custom)
2019-09-26 17:33:10,805 [pool-47-thread-1] INFO  storage.RaftStorageDirectory (RaftStorageDirectory.java:analyzeStorage(246)) - The storage directory /workdir/hadoop-ozone/integration-test/target/test-dir/MiniOzoneClusterImpl-e957bdb1-9b3f-4e03-89f8-47fdabd8daf2/datanode-2/data/ratis/456c0055-3eaa-4f9a-9af0-dd316d7ca787 does not exist. Creating ...
2019-09-26 17:33:10,829 [pool-107-thread-1] INFO  storage.RaftStorageDirectory (RaftStorageDirectory.java:tryLock(328)) - Lock on /workdir/hadoop-ozone/integration-test/target/test-dir/MiniOzoneClusterImpl-e957bdb1-9b3f-4e03-89f8-47fdabd8daf2/datanode-8/data/ratis/456c0055-3eaa-4f9a-9af0-dd316d7ca787/in_use.lock acquired by nodename 3306@pr-hdds-2162-htzpk-1451759861
2019-09-26 17:33:10,829 [pool-57-thread-1] INFO  storage.RaftStorageDirectory (RaftStorageDirectory.java:tryLock(328)) - Lock on /workdir/hadoop-ozone/integration-test/target/test-dir/MiniOzoneClusterImpl-e957bdb1-9b3f-4e03-89f8-47fdabd8daf2/datanode-3/data/ratis/456c0055-3eaa-4f9a-9af0-dd316d7ca787/in_use.lock acquired by nodename 3306@pr-hdds-2162-htzpk-1451759861
2019-09-26 17:33:10,829 [pool-47-thread-1] INFO  storage.RaftStorageDirectory (RaftStorageDirectory.java:tryLock(328)) - Lock on /workdir/hadoop-ozone/integration-test/target/test-dir/MiniOzoneClusterImpl-e957bdb1-9b3f-4e03-89f8-47fdabd8daf2/datanode-2/data/ratis/456c0055-3eaa-4f9a-9af0-dd316d7ca787/in_use.lock acquired by nodename 3306@pr-hdds-2162-htzpk-1451759861
2019-09-26 17:33:10,843 [pool-107-thread-1] INFO  storage.RaftStorage (RaftStorage.java:format(72)) - Storage directory /workdir/hadoop-ozone/integration-test/target/test-dir/MiniOzoneClusterImpl-e957bdb1-9b3f-4e03-89f8-47fdabd8daf2/datanode-8/data/ratis/456c0055-3eaa-4f9a-9af0-dd316d7ca787 has been successfully formatted.
2019-09-26 17:33:10,843 [pool-47-thread-1] INFO  storage.RaftStorage (RaftStorage.java:format(72)) - Storage directory /workdir/hadoop-ozone/integration-test/target/test-dir/MiniOzoneClusterImpl-e957bdb1-9b3f-4e03-89f8-47fdabd8daf2/datanode-2/data/ratis/456c0055-3eaa-4f9a-9af0-dd316d7ca787 has been successfully formatted.
2019-09-26 17:33:10,843 [pool-107-thread-1] INFO  ratis.ContainerStateMachine (ContainerStateMachine.java:loadSnapshot(230)) - group-DD316D7CA787: The snapshot info is null. Setting the last applied indexto:(t:0, i:~)
2019-09-26 17:33:10,843 [pool-57-thread-1] INFO  storage.RaftStorage (RaftStorage.java:format(72)) - Storage directory /workdir/hadoop-ozone/integration-test/target/test-dir/MiniOzoneClusterImpl-e957bdb1-9b3f-4e03-89f8-47fdabd8daf2/datanode-3/data/ratis/456c0055-3eaa-4f9a-9af0-dd316d7ca787 has been successfully formatted.
2019-09-26 17:33:10,843 [pool-47-thread-1] INFO  ratis.ContainerStateMachine (ContainerStateMachine.java:loadSnapshot(230)) - group-DD316D7CA787: The snapshot info is null. Setting the last applied indexto:(t:0, i:~)
2019-09-26 17:33:10,843 [pool-57-thread-1] INFO  ratis.ContainerStateMachine (ContainerStateMachine.java:loadSnapshot(230)) - group-DD316D7CA787: The snapshot info is null. Setting the last applied indexto:(t:0, i:~)
2019-09-26 17:33:10,843 [pool-107-thread-1] INFO  server.RaftServerConfigKeys (ConfUtils.java:logGet(43)) - raft.server.notification.no-leader.timeout = 120s (custom)
2019-09-26 17:33:10,844 [pool-57-thread-1] INFO  server.RaftServerConfigKeys (ConfUtils.java:logGet(43)) - raft.server.notification.no-leader.timeout = 120s (custom)
2019-09-26 17:33:10,843 [pool-47-thread-1] INFO  server.RaftServerConfigKeys (ConfUtils.java:logGet(43)) - raft.server.notification.no-leader.timeout = 120s (custom)
2019-09-26 17:33:10,844 [pool-57-thread-1] INFO  server.RaftServerConfigKeys (ConfUtils.java:logGet(43)) - raft.server.log.use.memory = false (default)
2019-09-26 17:33:10,844 [pool-107-thread-1] INFO  server.RaftServerConfigKeys (ConfUtils.java:logGet(43)) - raft.server.log.use.memory = false (default)
2019-09-26 17:33:10,844 [pool-57-thread-1] INFO  server.RaftServerConfigKeys (ConfUtils.java:logGet(43)) - raft.server.log.purge.gap = 1000000 (custom)
2019-09-26 17:33:10,844 [pool-47-thread-1] INFO  server.RaftServerConfigKeys (ConfUtils.java:logGet(43)) - raft.server.log.use.memory = false (default)
2019-09-26 17:33:10,844 [pool-57-thread-1] INFO  server.RaftServerConfigKeys (ConfUtils.java:logGet(43)) - raft.server.log.appender.buffer.byte-limit = 33554432 (custom)
2019-09-26 17:33:10,844 [pool-107-thread-1] INFO  server.RaftServerConfigKeys (ConfUtils.java:logGet(43)) - raft.server.log.purge.gap = 1000000 (custom)
2019-09-26 17:33:10,845 [pool-57-thread-1] INFO  server.RaftServerConfigKeys (ConfUtils.java:logGet(43)) - raft.server.log.segment.size.max = 1048576 (custom)
2019-09-26 17:33:10,845 [pool-47-thread-1] INFO  server.RaftServerConfigKeys (ConfUtils.java:logGet(43)) - raft.server.log.purge.gap = 1000000 (custom)
2019-09-26 17:33:10,845 [pool-57-thread-1] INFO  server.RaftServerConfigKeys (ConfUtils.java:logGet(43)) - raft.server.log.segment.cache.num.max = 2 (custom)
2019-09-26 17:33:10,845 [pool-107-thread-1] INFO  server.RaftServerConfigKeys (ConfUtils.java:logGet(43)) - raft.server.log.appender.buffer.byte-limit = 33554432 (custom)
2019-09-26 17:33:10,845 [pool-57-thread-1] INFO  segmented.SegmentedRaftLogWorker (SegmentedRaftLogWorker.java:<init>(172)) - new b0d633e9-e5dd-4965-9348-f887f26d3e3f@group-DD316D7CA787-SegmentedRaftLogWorker for RaftStorage:Storage Directory /workdir/hadoop-ozone/integration-test/target/test-dir/MiniOzoneClusterImpl-e957bdb1-9b3f-4e03-89f8-47fdabd8daf2/datanode-3/data/ratis/456c0055-3eaa-4f9a-9af0-dd316d7ca787
2019-09-26 17:33:10,845 [pool-47-thread-1] INFO  server.RaftServerConfigKeys (ConfUtils.java:logGet(43)) - raft.server.log.appender.buffer.byte-limit = 33554432 (custom)
2019-09-26 17:33:10,846 [pool-57-thread-1] INFO  server.RaftServerConfigKeys (ConfUtils.java:logGet(43)) - raft.server.log.queue.byte-limit = 2147483647 (custom)
2019-09-26 17:33:10,845 [pool-107-thread-1] INFO  server.RaftServerConfigKeys (ConfUtils.java:logGet(43)) - raft.server.log.segment.size.max = 1048576 (custom)
2019-09-26 17:33:10,846 [pool-57-thread-1] INFO  server.RaftServerConfigKeys (ConfUtils.java:logGet(43)) - raft.server.log.queue.element-limit = 1024 (custom)
2019-09-26 17:33:10,846 [pool-47-thread-1] INFO  server.RaftServerConfigKeys (ConfUtils.java:logGet(43)) - raft.server.log.segment.size.max = 1048576 (custom)
2019-09-26 17:33:10,846 [pool-57-thread-1] INFO  server.RaftServerConfigKeys (ConfUtils.java:logGet(43)) - raft.server.log.segment.size.max = 1048576 (custom)
2019-09-26 17:33:10,846 [pool-107-thread-1] INFO  server.RaftServerConfigKeys (ConfUtils.java:logGet(43)) - raft.server.log.segment.cache.num.max = 2 (custom)
2019-09-26 17:33:10,846 [pool-57-thread-1] INFO  server.RaftServerConfigKeys (ConfUtils.java:logGet(43)) - raft.server.log.preallocated.size = 16384 (custom)
2019-09-26 17:33:10,846 [pool-47-thread-1] INFO  server.RaftServerConfigKeys (ConfUtils.java:logGet(43)) - raft.server.log.segment.cache.num.max = 2 (custom)
2019-09-26 17:33:10,847 [pool-57-thread-1] INFO  server.RaftServerConfigKeys (ConfUtils.java:logGet(43)) - raft.server.log.write.buffer.size = 33554432 (custom)
2019-09-26 17:33:10,846 [pool-107-thread-1] INFO  segmented.SegmentedRaftLogWorker (SegmentedRaftLogWorker.java:<init>(172)) - new 815536f4-dee7-4433-8f37-6956ea789edb@group-DD316D7CA787-SegmentedRaftLogWorker for RaftStorage:Storage Directory /workdir/hadoop-ozone/integration-test/target/test-dir/MiniOzoneClusterImpl-e957bdb1-9b3f-4e03-89f8-47fdabd8daf2/datanode-8/data/ratis/456c0055-3eaa-4f9a-9af0-dd316d7ca787
2019-09-26 17:33:10,847 [pool-57-thread-1] INFO  server.RaftServerConfigKeys (ConfUtils.java:logGet(43)) - raft.server.log.force.sync.num = 128 (default)
2019-09-26 17:33:10,847 [pool-57-thread-1] INFO  server.RaftServerConfigKeys (ConfUtils.java:logGet(43)) - raft.server.log.statemachine.data.sync = true (default)
2019-09-26 17:33:10,847 [pool-47-thread-1] INFO  segmented.SegmentedRaftLogWorker (SegmentedRaftLogWorker.java:<init>(172)) - new 11011891-d857-4221-8ea5-6747af062c6a@group-DD316D7CA787-SegmentedRaftLogWorker for RaftStorage:Storage Directory /workdir/hadoop-ozone/integration-test/target/test-dir/MiniOzoneClusterImpl-e957bdb1-9b3f-4e03-89f8-47fdabd8daf2/datanode-2/data/ratis/456c0055-3eaa-4f9a-9af0-dd316d7ca787
2019-09-26 17:33:10,847 [pool-57-thread-1] INFO  server.RaftServerConfigKeys (ConfUtils.java:logGet(43)) - raft.server.log.statemachine.data.sync.timeout = 10s (default)
2019-09-26 17:33:10,847 [pool-107-thread-1] INFO  server.RaftServerConfigKeys (ConfUtils.java:logGet(43)) - raft.server.log.queue.byte-limit = 2147483647 (custom)
2019-09-26 17:33:10,848 [pool-57-thread-1] INFO  server.RaftServerConfigKeys (ConfUtils.java:logGet(43)) - raft.server.log.statemachine.data.sync.timeout.retry = -1 (default)
2019-09-26 17:33:10,848 [pool-47-thread-1] INFO  server.RaftServerConfigKeys (ConfUtils.java:logGet(43)) - raft.server.log.queue.byte-limit = 2147483647 (custom)
2019-09-26 17:33:10,848 [pool-57-thread-1] INFO  server.RaftServerConfigKeys (ConfUtils.java:logGet(43)) - raft.server.log.statemachine.data.caching.enabled = true (custom)
2019-09-26 17:33:10,848 [pool-107-thread-1] INFO  server.RaftServerConfigKeys (ConfUtils.java:logGet(43)) - raft.server.log.queue.element-limit = 1024 (custom)
2019-09-26 17:33:10,848 [pool-47-thread-1] INFO  server.RaftServerConfigKeys (ConfUtils.java:logGet(43)) - raft.server.log.queue.element-limit = 1024 (custom)
2019-09-26 17:33:10,849 [pool-57-thread-1] INFO  segmented.SegmentedRaftLogWorker (SegmentedRaftLogWorker.java:lambda$new$0(132)) - b0d633e9-e5dd-4965-9348-f887f26d3e3f@group-DD316D7CA787-SegmentedRaftLogWorker: flushIndex: setUnconditionally 0 -> -1
2019-09-26 17:33:10,848 [pool-107-thread-1] INFO  server.RaftServerConfigKeys (ConfUtils.java:logGet(43)) - raft.server.log.segment.size.max = 1048576 (custom)
2019-09-26 17:33:10,849 [pool-47-thread-1] INFO  server.RaftServerConfigKeys (ConfUtils.java:logGet(43)) - raft.server.log.segment.size.max = 1048576 (custom)
2019-09-26 17:33:10,849 [pool-57-thread-1] INFO  server.RaftServerConfigKeys (ConfUtils.java:logGet(43)) - raft.server.snapshot.auto.trigger.enabled = true (custom)
2019-09-26 17:33:10,849 [pool-107-thread-1] INFO  server.RaftServerConfigKeys (ConfUtils.java:logGet(43)) - raft.server.log.preallocated.size = 16384 (custom)
2019-09-26 17:33:10,849 [pool-57-thread-1] INFO  server.RaftServerConfigKeys (ConfUtils.java:logGet(43)) - raft.server.snapshot.auto.trigger.threshold = 10000 (custom)
2019-09-26 17:33:10,849 [pool-47-thread-1] INFO  server.RaftServerConfigKeys (ConfUtils.java:logGet(43)) - raft.server.log.preallocated.size = 16384 (custom)
2019-09-26 17:33:10,849 [pool-57-thread-1] INFO  server.RaftServerConfigKeys (ConfUtils.java:logGet(43)) - raft.server.snapshot.retention.num.files = 5 (custom)
2019-09-26 17:33:10,849 [pool-107-thread-1] INFO  server.RaftServerConfigKeys (ConfUtils.java:logGet(43)) - raft.server.log.write.buffer.size = 33554432 (custom)
2019-09-26 17:33:10,850 [pool-47-thread-1] INFO  server.RaftServerConfigKeys (ConfUtils.java:logGet(43)) - raft.server.log.write.buffer.size = 33554432 (custom)
2019-09-26 17:33:10,850 [pool-107-thread-1] INFO  server.RaftServerConfigKeys (ConfUtils.java:logGet(43)) - raft.server.log.force.sync.num = 128 (default)
2019-09-26 17:33:10,850 [pool-57-thread-1] INFO  server.RaftServerConfigKeys (ConfUtils.java:logGet(43)) - raft.server.retrycache.expirytime = 600000ms (custom)
2019-09-26 17:33:10,850 [pool-107-thread-1] INFO  server.RaftServerConfigKeys (ConfUtils.java:logGet(43)) - raft.server.log.statemachine.data.sync = true (default)
2019-09-26 17:33:10,850 [pool-47-thread-1] INFO  server.RaftServerConfigKeys (ConfUtils.java:logGet(43)) - raft.server.log.force.sync.num = 128 (default)
2019-09-26 17:33:10,850 [pool-107-thread-1] INFO  server.RaftServerConfigKeys (ConfUtils.java:logGet(43)) - raft.server.log.statemachine.data.sync.timeout = 10s (default)
2019-09-26 17:33:10,851 [pool-47-thread-1] INFO  server.RaftServerConfigKeys (ConfUtils.java:logGet(43)) - raft.server.log.statemachine.data.sync = true (default)
2019-09-26 17:33:10,851 [pool-107-thread-1] INFO  server.RaftServerConfigKeys (ConfUtils.java:logGet(43)) - raft.server.log.statemachine.data.sync.timeout.retry = -1 (default)
2019-09-26 17:33:10,851 [pool-47-thread-1] INFO  server.RaftServerConfigKeys (ConfUtils.java:logGet(43)) - raft.server.log.statemachine.data.sync.timeout = 10s (default)
2019-09-26 17:33:10,851 [pool-107-thread-1] INFO  server.RaftServerConfigKeys (ConfUtils.java:logGet(43)) - raft.server.log.statemachine.data.caching.enabled = true (custom)
2019-09-26 17:33:10,851 [pool-47-thread-1] INFO  server.RaftServerConfigKeys (ConfUtils.java:logGet(43)) - raft.server.log.statemachine.data.sync.timeout.retry = -1 (default)
2019-09-26 17:33:10,851 [pool-107-thread-1] INFO  segmented.SegmentedRaftLogWorker (SegmentedRaftLogWorker.java:lambda$new$0(132)) - 815536f4-dee7-4433-8f37-6956ea789edb@group-DD316D7CA787-SegmentedRaftLogWorker: flushIndex: setUnconditionally 0 -> -1
2019-09-26 17:33:10,851 [pool-47-thread-1] INFO  server.RaftServerConfigKeys (ConfUtils.java:logGet(43)) - raft.server.log.statemachine.data.caching.enabled = true (custom)
2019-09-26 17:33:10,852 [pool-107-thread-1] INFO  server.RaftServerConfigKeys (ConfUtils.java:logGet(43)) - raft.server.snapshot.auto.trigger.enabled = true (custom)
2019-09-26 17:33:10,852 [pool-107-thread-1] INFO  server.RaftServerConfigKeys (ConfUtils.java:logGet(43)) - raft.server.snapshot.auto.trigger.threshold = 10000 (custom)
2019-09-26 17:33:10,852 [pool-47-thread-1] INFO  segmented.SegmentedRaftLogWorker (SegmentedRaftLogWorker.java:lambda$new$0(132)) - 11011891-d857-4221-8ea5-6747af062c6a@group-DD316D7CA787-SegmentedRaftLogWorker: flushIndex: setUnconditionally 0 -> -1
2019-09-26 17:33:10,852 [pool-107-thread-1] INFO  server.RaftServerConfigKeys (ConfUtils.java:logGet(43)) - raft.server.snapshot.retention.num.files = 5 (custom)
2019-09-26 17:33:10,852 [pool-47-thread-1] INFO  server.RaftServerConfigKeys (ConfUtils.java:logGet(43)) - raft.server.snapshot.auto.trigger.enabled = true (custom)
2019-09-26 17:33:10,852 [pool-107-thread-1] INFO  server.RaftServerConfigKeys (ConfUtils.java:logGet(43)) - raft.server.retrycache.expirytime = 600000ms (custom)
2019-09-26 17:33:10,852 [pool-47-thread-1] INFO  server.RaftServerConfigKeys (ConfUtils.java:logGet(43)) - raft.server.snapshot.auto.trigger.threshold = 10000 (custom)
2019-09-26 17:33:10,853 [pool-47-thread-1] INFO  server.RaftServerConfigKeys (ConfUtils.java:logGet(43)) - raft.server.snapshot.retention.num.files = 5 (custom)
2019-09-26 17:33:10,853 [pool-47-thread-1] INFO  server.RaftServerConfigKeys (ConfUtils.java:logGet(43)) - raft.server.retrycache.expirytime = 600000ms (custom)
2019-09-26 17:33:10,853 [pool-57-thread-1] INFO  impl.RaftServerImpl (RaftServerImpl.java:start(185)) - b0d633e9-e5dd-4965-9348-f887f26d3e3f@group-DD316D7CA787: start as a follower, conf=-1: [b0d633e9-e5dd-4965-9348-f887f26d3e3f:192.168.157.234:36411, 815536f4-dee7-4433-8f37-6956ea789edb:192.168.157.234:36203, 11011891-d857-4221-8ea5-6747af062c6a:192.168.157.234:35503], old=null
2019-09-26 17:33:10,853 [pool-57-thread-1] INFO  impl.RaftServerImpl (RaftServerImpl.java:setRole(174)) - b0d633e9-e5dd-4965-9348-f887f26d3e3f@group-DD316D7CA787: changes role from      null to FOLLOWER at term 0 for startAsFollower
2019-09-26 17:33:10,853 [pool-57-thread-1] INFO  impl.RoleInfo (RoleInfo.java:updateAndGet(143)) - b0d633e9-e5dd-4965-9348-f887f26d3e3f: start FollowerState
2019-09-26 17:33:10,854 [pool-57-thread-1] INFO  util.JmxRegister (JmxRegister.java:tryRegister(44)) - Successfully registered JMX Bean with object name Ratis:service=RaftServer,group=group-DD316D7CA787,id=b0d633e9-e5dd-4965-9348-f887f26d3e3f
2019-09-26 17:33:10,855 [pool-107-thread-1] INFO  impl.RaftServerImpl (RaftServerImpl.java:start(185)) - 815536f4-dee7-4433-8f37-6956ea789edb@group-DD316D7CA787: start as a follower, conf=-1: [b0d633e9-e5dd-4965-9348-f887f26d3e3f:192.168.157.234:36411, 815536f4-dee7-4433-8f37-6956ea789edb:192.168.157.234:36203, 11011891-d857-4221-8ea5-6747af062c6a:192.168.157.234:35503], old=null
2019-09-26 17:33:10,855 [pool-107-thread-1] INFO  impl.RaftServerImpl (RaftServerImpl.java:setRole(174)) - 815536f4-dee7-4433-8f37-6956ea789edb@group-DD316D7CA787: changes role from      null to FOLLOWER at term 0 for startAsFollower
2019-09-26 17:33:10,855 [pool-107-thread-1] INFO  impl.RoleInfo (RoleInfo.java:updateAndGet(143)) - 815536f4-dee7-4433-8f37-6956ea789edb: start FollowerState
2019-09-26 17:33:10,855 [pool-107-thread-1] INFO  util.JmxRegister (JmxRegister.java:tryRegister(44)) - Successfully registered JMX Bean with object name Ratis:service=RaftServer,group=group-DD316D7CA787,id=815536f4-dee7-4433-8f37-6956ea789edb
2019-09-26 17:33:10,856 [pool-47-thread-1] INFO  impl.RaftServerImpl (RaftServerImpl.java:start(185)) - 11011891-d857-4221-8ea5-6747af062c6a@group-DD316D7CA787: start as a follower, conf=-1: [b0d633e9-e5dd-4965-9348-f887f26d3e3f:192.168.157.234:36411, 815536f4-dee7-4433-8f37-6956ea789edb:192.168.157.234:36203, 11011891-d857-4221-8ea5-6747af062c6a:192.168.157.234:35503], old=null
2019-09-26 17:33:10,856 [pool-47-thread-1] INFO  impl.RaftServerImpl (RaftServerImpl.java:setRole(174)) - 11011891-d857-4221-8ea5-6747af062c6a@group-DD316D7CA787: changes role from      null to FOLLOWER at term 0 for startAsFollower
2019-09-26 17:33:10,871 [pool-47-thread-1] INFO  impl.RoleInfo (RoleInfo.java:updateAndGet(143)) - 11011891-d857-4221-8ea5-6747af062c6a: start FollowerState
2019-09-26 17:33:10,872 [pool-47-thread-1] INFO  util.JmxRegister (JmxRegister.java:tryRegister(44)) - Successfully registered JMX Bean with object name Ratis:service=RaftServer,group=group-DD316D7CA787,id=11011891-d857-4221-8ea5-6747af062c6a
2019-09-26 17:33:10,882 [RatisPipelineUtilsThread] INFO  pipeline.PipelineStateManager (PipelineStateManager.java:addPipeline(56)) - Created pipeline Pipeline[ Id: 456c0055-3eaa-4f9a-9af0-dd316d7ca787, Nodes: 815536f4-dee7-4433-8f37-6956ea789edb{ip: 192.168.157.234, host: pr-hdds-2162-htzpk-1451759861, networkLocation: /default-rack, certSerialId: null}11011891-d857-4221-8ea5-6747af062c6a{ip: 192.168.157.234, host: pr-hdds-2162-htzpk-1451759861, networkLocation: /default-rack, certSerialId: null}b0d633e9-e5dd-4965-9348-f887f26d3e3f{ip: 192.168.157.234, host: pr-hdds-2162-htzpk-1451759861, networkLocation: /default-rack, certSerialId: null}, Type:RATIS, Factor:THREE, State:OPEN]
2019-09-26 17:33:10,903 [grpc-default-executor-0] INFO  impl.RaftServerProxy (RaftServerProxy.java:addNew(89)) - 5be8714d-2642-4bf1-86d9-fb9f2e784a52: addNew group-C48F6741ACCA:[4bd181aa-b15e-4fb6-b331-207cc3229c90:192.168.157.234:46079, d1db60e7-74f1-40e3-a58d-9a1b4e6b78cf:192.168.157.234:45514, 5be8714d-2642-4bf1-86d9-fb9f2e784a52:192.168.157.234:41550] returns group-C48F6741ACCA:java.util.concurrent.CompletableFuture@70fd6461[Not completed]
2019-09-26 17:33:10,907 [grpc-default-executor-1] INFO  impl.RaftServerProxy (RaftServerProxy.java:addNew(89)) - d1db60e7-74f1-40e3-a58d-9a1b4e6b78cf: addNew group-C48F6741ACCA:[4bd181aa-b15e-4fb6-b331-207cc3229c90:192.168.157.234:46079, d1db60e7-74f1-40e3-a58d-9a1b4e6b78cf:192.168.157.234:45514, 5be8714d-2642-4bf1-86d9-fb9f2e784a52:192.168.157.234:41550] returns group-C48F6741ACCA:java.util.concurrent.CompletableFuture@58eaa893[Not completed]
2019-09-26 17:33:10,909 [grpc-default-executor-0] INFO  impl.RaftServerProxy (RaftServerProxy.java:addNew(89)) - 4bd181aa-b15e-4fb6-b331-207cc3229c90: addNew group-C48F6741ACCA:[4bd181aa-b15e-4fb6-b331-207cc3229c90:192.168.157.234:46079, d1db60e7-74f1-40e3-a58d-9a1b4e6b78cf:192.168.157.234:45514, 5be8714d-2642-4bf1-86d9-fb9f2e784a52:192.168.157.234:41550] returns group-C48F6741ACCA:java.util.concurrent.CompletableFuture@5c517789[Not completed]
2019-09-26 17:33:10,910 [pool-97-thread-1] INFO  impl.RaftServerImpl (RaftServerImpl.java:<init>(95)) - 5be8714d-2642-4bf1-86d9-fb9f2e784a52: new RaftServerImpl for group-C48F6741ACCA:[4bd181aa-b15e-4fb6-b331-207cc3229c90:192.168.157.234:46079, d1db60e7-74f1-40e3-a58d-9a1b4e6b78cf:192.168.157.234:45514, 5be8714d-2642-4bf1-86d9-fb9f2e784a52:192.168.157.234:41550] with ContainerStateMachine:uninitialized
2019-09-26 17:33:10,911 [pool-97-thread-1] INFO  server.RaftServerConfigKeys (ConfUtils.java:logGet(43)) - raft.server.rpc.timeout.min = 5s (custom)
2019-09-26 17:33:10,911 [pool-97-thread-1] INFO  server.RaftServerConfigKeys (ConfUtils.java:logGet(43)) - raft.server.rpc.timeout.max = 5200ms (custom)
2019-09-26 17:33:10,911 [pool-97-thread-1] INFO  server.RaftServerConfigKeys (ConfUtils.java:logGet(43)) - raft.server.rpcslowness.timeout = 120s (custom)
2019-09-26 17:33:10,911 [pool-37-thread-1] INFO  impl.RaftServerImpl (RaftServerImpl.java:<init>(95)) - 4bd181aa-b15e-4fb6-b331-207cc3229c90: new RaftServerImpl for group-C48F6741ACCA:[4bd181aa-b15e-4fb6-b331-207cc3229c90:192.168.157.234:46079, d1db60e7-74f1-40e3-a58d-9a1b4e6b78cf:192.168.157.234:45514, 5be8714d-2642-4bf1-86d9-fb9f2e784a52:192.168.157.234:41550] with ContainerStateMachine:uninitialized
2019-09-26 17:33:10,911 [pool-97-thread-1] INFO  server.RaftServerConfigKeys (ConfUtils.java:logGet(43)) - raft.server.sleep.deviation.threshold = 300 (default)
2019-09-26 17:33:10,911 [pool-37-thread-1] INFO  server.RaftServerConfigKeys (ConfUtils.java:logGet(43)) - raft.server.rpc.timeout.min = 5s (custom)
2019-09-26 17:33:10,912 [pool-77-thread-1] INFO  impl.RaftServerImpl (RaftServerImpl.java:<init>(95)) - d1db60e7-74f1-40e3-a58d-9a1b4e6b78cf: new RaftServerImpl for group-C48F6741ACCA:[4bd181aa-b15e-4fb6-b331-207cc3229c90:192.168.157.234:46079, d1db60e7-74f1-40e3-a58d-9a1b4e6b78cf:192.168.157.234:45514, 5be8714d-2642-4bf1-86d9-fb9f2e784a52:192.168.157.234:41550] with ContainerStateMachine:uninitialized
2019-09-26 17:33:10,912 [pool-97-thread-1] INFO  server.RaftServerConfigKeys (ConfUtils.java:logGet(43)) - raft.server.log.appender.install.snapshot.enabled = false (custom)
2019-09-26 17:33:10,912 [pool-77-thread-1] INFO  server.RaftServerConfigKeys (ConfUtils.java:logGet(43)) - raft.server.rpc.timeout.min = 5s (custom)
2019-09-26 17:33:10,912 [pool-37-thread-1] INFO  server.RaftServerConfigKeys (ConfUtils.java:logGet(43)) - raft.server.rpc.timeout.max = 5200ms (custom)
2019-09-26 17:33:10,912 [pool-77-thread-1] INFO  server.RaftServerConfigKeys (ConfUtils.java:logGet(43)) - raft.server.rpc.timeout.max = 5200ms (custom)
2019-09-26 17:33:10,912 [pool-97-thread-1] INFO  impl.RaftServerImpl (ServerState.java:<init>(103)) - 5be8714d-2642-4bf1-86d9-fb9f2e784a52@group-C48F6741ACCA: ConfigurationManager, init=-1: [4bd181aa-b15e-4fb6-b331-207cc3229c90:192.168.157.234:46079, d1db60e7-74f1-40e3-a58d-9a1b4e6b78cf:192.168.157.234:45514, 5be8714d-2642-4bf1-86d9-fb9f2e784a52:192.168.157.234:41550], old=null, confs=<EMPTY_MAP>
2019-09-26 17:33:10,912 [pool-77-thread-1] INFO  server.RaftServerConfigKeys (ConfUtils.java:logGet(43)) - raft.server.rpcslowness.timeout = 120s (custom)
2019-09-26 17:33:10,912 [pool-37-thread-1] INFO  server.RaftServerConfigKeys (ConfUtils.java:logGet(43)) - raft.server.rpcslowness.timeout = 120s (custom)
2019-09-26 17:33:10,912 [pool-77-thread-1] INFO  server.RaftServerConfigKeys (ConfUtils.java:logGet(43)) - raft.server.sleep.deviation.threshold = 300 (default)
2019-09-26 17:33:10,912 [pool-97-thread-1] INFO  server.RaftServerConfigKeys (ConfUtils.java:logGet(43)) - raft.server.storage.dir = [/workdir/hadoop-ozone/integration-test/target/test-dir/MiniOzoneClusterImpl-e957bdb1-9b3f-4e03-89f8-47fdabd8daf2/datanode-7/data/ratis] (custom)
2019-09-26 17:33:10,913 [pool-77-thread-1] INFO  server.RaftServerConfigKeys (ConfUtils.java:logGet(43)) - raft.server.log.appender.install.snapshot.enabled = false (custom)
2019-09-26 17:33:10,913 [pool-37-thread-1] INFO  server.RaftServerConfigKeys (ConfUtils.java:logGet(43)) - raft.server.sleep.deviation.threshold = 300 (default)
2019-09-26 17:33:10,913 [pool-97-thread-1] INFO  storage.RaftStorageDirectory (RaftStorageDirectory.java:analyzeStorage(246)) - The storage directory /workdir/hadoop-ozone/integration-test/target/test-dir/MiniOzoneClusterImpl-e957bdb1-9b3f-4e03-89f8-47fdabd8daf2/datanode-7/data/ratis/f47c3ab2-306d-4dc6-a802-c48f6741acca does not exist. Creating ...
2019-09-26 17:33:10,913 [pool-77-thread-1] INFO  impl.RaftServerImpl (ServerState.java:<init>(103)) - d1db60e7-74f1-40e3-a58d-9a1b4e6b78cf@group-C48F6741ACCA: ConfigurationManager, init=-1: [4bd181aa-b15e-4fb6-b331-207cc3229c90:192.168.157.234:46079, d1db60e7-74f1-40e3-a58d-9a1b4e6b78cf:192.168.157.234:45514, 5be8714d-2642-4bf1-86d9-fb9f2e784a52:192.168.157.234:41550], old=null, confs=<EMPTY_MAP>
2019-09-26 17:33:10,913 [pool-37-thread-1] INFO  server.RaftServerConfigKeys (ConfUtils.java:logGet(43)) - raft.server.log.appender.install.snapshot.enabled = false (custom)
2019-09-26 17:33:10,913 [pool-77-thread-1] INFO  server.RaftServerConfigKeys (ConfUtils.java:logGet(43)) - raft.server.storage.dir = [/workdir/hadoop-ozone/integration-test/target/test-dir/MiniOzoneClusterImpl-e957bdb1-9b3f-4e03-89f8-47fdabd8daf2/datanode-5/data/ratis] (custom)
2019-09-26 17:33:10,914 [pool-37-thread-1] INFO  impl.RaftServerImpl (ServerState.java:<init>(103)) - 4bd181aa-b15e-4fb6-b331-207cc3229c90@group-C48F6741ACCA: ConfigurationManager, init=-1: [4bd181aa-b15e-4fb6-b331-207cc3229c90:192.168.157.234:46079, d1db60e7-74f1-40e3-a58d-9a1b4e6b78cf:192.168.157.234:45514, 5be8714d-2642-4bf1-86d9-fb9f2e784a52:192.168.157.234:41550], old=null, confs=<EMPTY_MAP>
2019-09-26 17:33:10,914 [pool-77-thread-1] INFO  storage.RaftStorageDirectory (RaftStorageDirectory.java:analyzeStorage(246)) - The storage directory /workdir/hadoop-ozone/integration-test/target/test-dir/MiniOzoneClusterImpl-e957bdb1-9b3f-4e03-89f8-47fdabd8daf2/datanode-5/data/ratis/f47c3ab2-306d-4dc6-a802-c48f6741acca does not exist. Creating ...
2019-09-26 17:33:10,914 [pool-37-thread-1] INFO  server.RaftServerConfigKeys (ConfUtils.java:logGet(43)) - raft.server.storage.dir = [/workdir/hadoop-ozone/integration-test/target/test-dir/MiniOzoneClusterImpl-e957bdb1-9b3f-4e03-89f8-47fdabd8daf2/datanode-1/data/ratis] (custom)
2019-09-26 17:33:10,914 [pool-37-thread-1] INFO  storage.RaftStorageDirectory (RaftStorageDirectory.java:analyzeStorage(246)) - The storage directory /workdir/hadoop-ozone/integration-test/target/test-dir/MiniOzoneClusterImpl-e957bdb1-9b3f-4e03-89f8-47fdabd8daf2/datanode-1/data/ratis/f47c3ab2-306d-4dc6-a802-c48f6741acca does not exist. Creating ...
2019-09-26 17:33:10,938 [pool-77-thread-1] INFO  storage.RaftStorageDirectory (RaftStorageDirectory.java:tryLock(328)) - Lock on /workdir/hadoop-ozone/integration-test/target/test-dir/MiniOzoneClusterImpl-e957bdb1-9b3f-4e03-89f8-47fdabd8daf2/datanode-5/data/ratis/f47c3ab2-306d-4dc6-a802-c48f6741acca/in_use.lock acquired by nodename 3306@pr-hdds-2162-htzpk-1451759861
2019-09-26 17:33:10,938 [pool-97-thread-1] INFO  storage.RaftStorageDirectory (RaftStorageDirectory.java:tryLock(328)) - Lock on /workdir/hadoop-ozone/integration-test/target/test-dir/MiniOzoneClusterImpl-e957bdb1-9b3f-4e03-89f8-47fdabd8daf2/datanode-7/data/ratis/f47c3ab2-306d-4dc6-a802-c48f6741acca/in_use.lock acquired by nodename 3306@pr-hdds-2162-htzpk-1451759861
2019-09-26 17:33:10,938 [pool-37-thread-1] INFO  storage.RaftStorageDirectory (RaftStorageDirectory.java:tryLock(328)) - Lock on /workdir/hadoop-ozone/integration-test/target/test-dir/MiniOzoneClusterImpl-e957bdb1-9b3f-4e03-89f8-47fdabd8daf2/datanode-1/data/ratis/f47c3ab2-306d-4dc6-a802-c48f6741acca/in_use.lock acquired by nodename 3306@pr-hdds-2162-htzpk-1451759861
2019-09-26 17:33:10,963 [pool-97-thread-1] INFO  storage.RaftStorage (RaftStorage.java:format(72)) - Storage directory /workdir/hadoop-ozone/integration-test/target/test-dir/MiniOzoneClusterImpl-e957bdb1-9b3f-4e03-89f8-47fdabd8daf2/datanode-7/data/ratis/f47c3ab2-306d-4dc6-a802-c48f6741acca has been successfully formatted.
2019-09-26 17:33:10,963 [pool-77-thread-1] INFO  storage.RaftStorage (RaftStorage.java:format(72)) - Storage directory /workdir/hadoop-ozone/integration-test/target/test-dir/MiniOzoneClusterImpl-e957bdb1-9b3f-4e03-89f8-47fdabd8daf2/datanode-5/data/ratis/f47c3ab2-306d-4dc6-a802-c48f6741acca has been successfully formatted.
2019-09-26 17:33:10,963 [pool-37-thread-1] INFO  storage.RaftStorage (RaftStorage.java:format(72)) - Storage directory /workdir/hadoop-ozone/integration-test/target/test-dir/MiniOzoneClusterImpl-e957bdb1-9b3f-4e03-89f8-47fdabd8daf2/datanode-1/data/ratis/f47c3ab2-306d-4dc6-a802-c48f6741acca has been successfully formatted.
2019-09-26 17:33:10,964 [pool-77-thread-1] INFO  ratis.ContainerStateMachine (ContainerStateMachine.java:loadSnapshot(230)) - group-C48F6741ACCA: The snapshot info is null. Setting the last applied indexto:(t:0, i:~)
2019-09-26 17:33:10,964 [pool-97-thread-1] INFO  ratis.ContainerStateMachine (ContainerStateMachine.java:loadSnapshot(230)) - group-C48F6741ACCA: The snapshot info is null. Setting the last applied indexto:(t:0, i:~)
2019-09-26 17:33:10,964 [pool-77-thread-1] INFO  server.RaftServerConfigKeys (ConfUtils.java:logGet(43)) - raft.server.notification.no-leader.timeout = 120s (custom)
2019-09-26 17:33:10,964 [pool-37-thread-1] INFO  ratis.ContainerStateMachine (ContainerStateMachine.java:loadSnapshot(230)) - group-C48F6741ACCA: The snapshot info is null. Setting the last applied indexto:(t:0, i:~)
2019-09-26 17:33:10,964 [pool-77-thread-1] INFO  server.RaftServerConfigKeys (ConfUtils.java:logGet(43)) - raft.server.log.use.memory = false (default)
2019-09-26 17:33:10,964 [pool-97-thread-1] INFO  server.RaftServerConfigKeys (ConfUtils.java:logGet(43)) - raft.server.notification.no-leader.timeout = 120s (custom)
2019-09-26 17:33:10,965 [pool-77-thread-1] INFO  server.RaftServerConfigKeys (ConfUtils.java:logGet(43)) - raft.server.log.purge.gap = 1000000 (custom)
2019-09-26 17:33:10,964 [pool-37-thread-1] INFO  server.RaftServerConfigKeys (ConfUtils.java:logGet(43)) - raft.server.notification.no-leader.timeout = 120s (custom)
2019-09-26 17:33:10,965 [pool-77-thread-1] INFO  server.RaftServerConfigKeys (ConfUtils.java:logGet(43)) - raft.server.log.appender.buffer.byte-limit = 33554432 (custom)
2019-09-26 17:33:10,965 [pool-97-thread-1] INFO  server.RaftServerConfigKeys (ConfUtils.java:logGet(43)) - raft.server.log.use.memory = false (default)
2019-09-26 17:33:10,965 [pool-77-thread-1] INFO  server.RaftServerConfigKeys (ConfUtils.java:logGet(43)) - raft.server.log.segment.size.max = 1048576 (custom)
2019-09-26 17:33:10,965 [pool-37-thread-1] INFO  server.RaftServerConfigKeys (ConfUtils.java:logGet(43)) - raft.server.log.use.memory = false (default)
2019-09-26 17:33:10,966 [pool-77-thread-1] INFO  server.RaftServerConfigKeys (ConfUtils.java:logGet(43)) - raft.server.log.segment.cache.num.max = 2 (custom)
2019-09-26 17:33:10,965 [pool-97-thread-1] INFO  server.RaftServerConfigKeys (ConfUtils.java:logGet(43)) - raft.server.log.purge.gap = 1000000 (custom)
2019-09-26 17:33:10,966 [pool-77-thread-1] INFO  segmented.SegmentedRaftLogWorker (SegmentedRaftLogWorker.java:<init>(172)) - new d1db60e7-74f1-40e3-a58d-9a1b4e6b78cf@group-C48F6741ACCA-SegmentedRaftLogWorker for RaftStorage:Storage Directory /workdir/hadoop-ozone/integration-test/target/test-dir/MiniOzoneClusterImpl-e957bdb1-9b3f-4e03-89f8-47fdabd8daf2/datanode-5/data/ratis/f47c3ab2-306d-4dc6-a802-c48f6741acca
2019-09-26 17:33:10,966 [pool-37-thread-1] INFO  server.RaftServerConfigKeys (ConfUtils.java:logGet(43)) - raft.server.log.purge.gap = 1000000 (custom)
2019-09-26 17:33:10,966 [pool-77-thread-1] INFO  server.RaftServerConfigKeys (ConfUtils.java:logGet(43)) - raft.server.log.queue.byte-limit = 2147483647 (custom)
2019-09-26 17:33:10,966 [pool-97-thread-1] INFO  server.RaftServerConfigKeys (ConfUtils.java:logGet(43)) - raft.server.log.appender.buffer.byte-limit = 33554432 (custom)
2019-09-26 17:33:10,967 [pool-77-thread-1] INFO  server.RaftServerConfigKeys (ConfUtils.java:logGet(43)) - raft.server.log.queue.element-limit = 1024 (custom)
2019-09-26 17:33:10,967 [pool-37-thread-1] INFO  server.RaftServerConfigKeys (ConfUtils.java:logGet(43)) - raft.server.log.appender.buffer.byte-limit = 33554432 (custom)
2019-09-26 17:33:10,967 [pool-77-thread-1] INFO  server.RaftServerConfigKeys (ConfUtils.java:logGet(43)) - raft.server.log.segment.size.max = 1048576 (custom)
2019-09-26 17:33:10,967 [pool-97-thread-1] INFO  server.RaftServerConfigKeys (ConfUtils.java:logGet(43)) - raft.server.log.segment.size.max = 1048576 (custom)
2019-09-26 17:33:10,967 [pool-77-thread-1] INFO  server.RaftServerConfigKeys (ConfUtils.java:logGet(43)) - raft.server.log.preallocated.size = 16384 (custom)
2019-09-26 17:33:10,967 [pool-37-thread-1] INFO  server.RaftServerConfigKeys (ConfUtils.java:logGet(43)) - raft.server.log.segment.size.max = 1048576 (custom)
2019-09-26 17:33:10,968 [pool-77-thread-1] INFO  server.RaftServerConfigKeys (ConfUtils.java:logGet(43)) - raft.server.log.write.buffer.size = 33554432 (custom)
2019-09-26 17:33:10,968 [pool-97-thread-1] INFO  server.RaftServerConfigKeys (ConfUtils.java:logGet(43)) - raft.server.log.segment.cache.num.max = 2 (custom)
2019-09-26 17:33:10,968 [pool-77-thread-1] INFO  server.RaftServerConfigKeys (ConfUtils.java:logGet(43)) - raft.server.log.force.sync.num = 128 (default)
2019-09-26 17:33:10,968 [pool-37-thread-1] INFO  server.RaftServerConfigKeys (ConfUtils.java:logGet(43)) - raft.server.log.segment.cache.num.max = 2 (custom)
2019-09-26 17:33:10,968 [pool-77-thread-1] INFO  server.RaftServerConfigKeys (ConfUtils.java:logGet(43)) - raft.server.log.statemachine.data.sync = true (default)
2019-09-26 17:33:10,968 [pool-97-thread-1] INFO  segmented.SegmentedRaftLogWorker (SegmentedRaftLogWorker.java:<init>(172)) - new 5be8714d-2642-4bf1-86d9-fb9f2e784a52@group-C48F6741ACCA-SegmentedRaftLogWorker for RaftStorage:Storage Directory /workdir/hadoop-ozone/integration-test/target/test-dir/MiniOzoneClusterImpl-e957bdb1-9b3f-4e03-89f8-47fdabd8daf2/datanode-7/data/ratis/f47c3ab2-306d-4dc6-a802-c48f6741acca
2019-09-26 17:33:10,969 [pool-77-thread-1] INFO  server.RaftServerConfigKeys (ConfUtils.java:logGet(43)) - raft.server.log.statemachine.data.sync.timeout = 10s (default)
2019-09-26 17:33:10,969 [pool-37-thread-1] INFO  segmented.SegmentedRaftLogWorker (SegmentedRaftLogWorker.java:<init>(172)) - new 4bd181aa-b15e-4fb6-b331-207cc3229c90@group-C48F6741ACCA-SegmentedRaftLogWorker for RaftStorage:Storage Directory /workdir/hadoop-ozone/integration-test/target/test-dir/MiniOzoneClusterImpl-e957bdb1-9b3f-4e03-89f8-47fdabd8daf2/datanode-1/data/ratis/f47c3ab2-306d-4dc6-a802-c48f6741acca
2019-09-26 17:33:10,969 [pool-77-thread-1] INFO  server.RaftServerConfigKeys (ConfUtils.java:logGet(43)) - raft.server.log.statemachine.data.sync.timeout.retry = -1 (default)
2019-09-26 17:33:10,969 [pool-97-thread-1] INFO  server.RaftServerConfigKeys (ConfUtils.java:logGet(43)) - raft.server.log.queue.byte-limit = 2147483647 (custom)
2019-09-26 17:33:10,970 [pool-77-thread-1] INFO  server.RaftServerConfigKeys (ConfUtils.java:logGet(43)) - raft.server.log.statemachine.data.caching.enabled = true (custom)
2019-09-26 17:33:10,969 [pool-37-thread-1] INFO  server.RaftServerConfigKeys (ConfUtils.java:logGet(43)) - raft.server.log.queue.byte-limit = 2147483647 (custom)
2019-09-26 17:33:10,970 [pool-97-thread-1] INFO  server.RaftServerConfigKeys (ConfUtils.java:logGet(43)) - raft.server.log.queue.element-limit = 1024 (custom)
2019-09-26 17:33:10,970 [pool-37-thread-1] INFO  server.RaftServerConfigKeys (ConfUtils.java:logGet(43)) - raft.server.log.queue.element-limit = 1024 (custom)
2019-09-26 17:33:10,970 [pool-77-thread-1] INFO  segmented.SegmentedRaftLogWorker (SegmentedRaftLogWorker.java:lambda$new$0(132)) - d1db60e7-74f1-40e3-a58d-9a1b4e6b78cf@group-C48F6741ACCA-SegmentedRaftLogWorker: flushIndex: setUnconditionally 0 -> -1
2019-09-26 17:33:10,970 [pool-37-thread-1] INFO  server.RaftServerConfigKeys (ConfUtils.java:logGet(43)) - raft.server.log.segment.size.max = 1048576 (custom)
2019-09-26 17:33:10,970 [pool-97-thread-1] INFO  server.RaftServerConfigKeys (ConfUtils.java:logGet(43)) - raft.server.log.segment.size.max = 1048576 (custom)
2019-09-26 17:33:10,971 [pool-77-thread-1] INFO  server.RaftServerConfigKeys (ConfUtils.java:logGet(43)) - raft.server.snapshot.auto.trigger.enabled = true (custom)
2019-09-26 17:33:10,971 [pool-37-thread-1] INFO  server.RaftServerConfigKeys (ConfUtils.java:logGet(43)) - raft.server.log.preallocated.size = 16384 (custom)
2019-09-26 17:33:10,971 [pool-77-thread-1] INFO  server.RaftServerConfigKeys (ConfUtils.java:logGet(43)) - raft.server.snapshot.auto.trigger.threshold = 10000 (custom)
2019-09-26 17:33:10,971 [pool-97-thread-1] INFO  server.RaftServerConfigKeys (ConfUtils.java:logGet(43)) - raft.server.log.preallocated.size = 16384 (custom)
2019-09-26 17:33:10,971 [pool-77-thread-1] INFO  server.RaftServerConfigKeys (ConfUtils.java:logGet(43)) - raft.server.snapshot.retention.num.files = 5 (custom)
2019-09-26 17:33:10,971 [pool-37-thread-1] INFO  server.RaftServerConfigKeys (ConfUtils.java:logGet(43)) - raft.server.log.write.buffer.size = 33554432 (custom)
2019-09-26 17:33:10,972 [pool-77-thread-1] INFO  server.RaftServerConfigKeys (ConfUtils.java:logGet(43)) - raft.server.retrycache.expirytime = 600000ms (custom)
2019-09-26 17:33:10,971 [pool-97-thread-1] INFO  server.RaftServerConfigKeys (ConfUtils.java:logGet(43)) - raft.server.log.write.buffer.size = 33554432 (custom)
2019-09-26 17:33:10,972 [pool-37-thread-1] INFO  server.RaftServerConfigKeys (ConfUtils.java:logGet(43)) - raft.server.log.force.sync.num = 128 (default)
2019-09-26 17:33:10,972 [pool-97-thread-1] INFO  server.RaftServerConfigKeys (ConfUtils.java:logGet(43)) - raft.server.log.force.sync.num = 128 (default)
2019-09-26 17:33:10,972 [pool-37-thread-1] INFO  server.RaftServerConfigKeys (ConfUtils.java:logGet(43)) - raft.server.log.statemachine.data.sync = true (default)
2019-09-26 17:33:10,973 [pool-97-thread-1] INFO  server.RaftServerConfigKeys (ConfUtils.java:logGet(43)) - raft.server.log.statemachine.data.sync = true (default)
2019-09-26 17:33:10,973 [pool-37-thread-1] INFO  server.RaftServerConfigKeys (ConfUtils.java:logGet(43)) - raft.server.log.statemachine.data.sync.timeout = 10s (default)
2019-09-26 17:33:10,973 [pool-97-thread-1] INFO  server.RaftServerConfigKeys (ConfUtils.java:logGet(43)) - raft.server.log.statemachine.data.sync.timeout = 10s (default)
2019-09-26 17:33:10,973 [pool-37-thread-1] INFO  server.RaftServerConfigKeys (ConfUtils.java:logGet(43)) - raft.server.log.statemachine.data.sync.timeout.retry = -1 (default)
2019-09-26 17:33:10,973 [pool-97-thread-1] INFO  server.RaftServerConfigKeys (ConfUtils.java:logGet(43)) - raft.server.log.statemachine.data.sync.timeout.retry = -1 (default)
2019-09-26 17:33:10,974 [pool-37-thread-1] INFO  server.RaftServerConfigKeys (ConfUtils.java:logGet(43)) - raft.server.log.statemachine.data.caching.enabled = true (custom)
2019-09-26 17:33:10,974 [pool-97-thread-1] INFO  server.RaftServerConfigKeys (ConfUtils.java:logGet(43)) - raft.server.log.statemachine.data.caching.enabled = true (custom)
2019-09-26 17:33:10,974 [pool-37-thread-1] INFO  segmented.SegmentedRaftLogWorker (SegmentedRaftLogWorker.java:lambda$new$0(132)) - 4bd181aa-b15e-4fb6-b331-207cc3229c90@group-C48F6741ACCA-SegmentedRaftLogWorker: flushIndex: setUnconditionally 0 -> -1
2019-09-26 17:33:10,974 [pool-97-thread-1] INFO  segmented.SegmentedRaftLogWorker (SegmentedRaftLogWorker.java:lambda$new$0(132)) - 5be8714d-2642-4bf1-86d9-fb9f2e784a52@group-C48F6741ACCA-SegmentedRaftLogWorker: flushIndex: setUnconditionally 0 -> -1
2019-09-26 17:33:10,974 [pool-37-thread-1] INFO  server.RaftServerConfigKeys (ConfUtils.java:logGet(43)) - raft.server.snapshot.auto.trigger.enabled = true (custom)
2019-09-26 17:33:10,975 [pool-37-thread-1] INFO  server.RaftServerConfigKeys (ConfUtils.java:logGet(43)) - raft.server.snapshot.auto.trigger.threshold = 10000 (custom)
2019-09-26 17:33:10,975 [pool-97-thread-1] INFO  server.RaftServerConfigKeys (ConfUtils.java:logGet(43)) - raft.server.snapshot.auto.trigger.enabled = true (custom)
2019-09-26 17:33:10,975 [pool-77-thread-1] INFO  impl.RaftServerImpl (RaftServerImpl.java:start(185)) - d1db60e7-74f1-40e3-a58d-9a1b4e6b78cf@group-C48F6741ACCA: start as a follower, conf=-1: [4bd181aa-b15e-4fb6-b331-207cc3229c90:192.168.157.234:46079, d1db60e7-74f1-40e3-a58d-9a1b4e6b78cf:192.168.157.234:45514, 5be8714d-2642-4bf1-86d9-fb9f2e784a52:192.168.157.234:41550], old=null
2019-09-26 17:33:10,975 [pool-37-thread-1] INFO  server.RaftServerConfigKeys (ConfUtils.java:logGet(43)) - raft.server.snapshot.retention.num.files = 5 (custom)
2019-09-26 17:33:10,975 [pool-77-thread-1] INFO  impl.RaftServerImpl (RaftServerImpl.java:setRole(174)) - d1db60e7-74f1-40e3-a58d-9a1b4e6b78cf@group-C48F6741ACCA: changes role from      null to FOLLOWER at term 0 for startAsFollower
2019-09-26 17:33:10,975 [pool-97-thread-1] INFO  server.RaftServerConfigKeys (ConfUtils.java:logGet(43)) - raft.server.snapshot.auto.trigger.threshold = 10000 (custom)
2019-09-26 17:33:10,975 [pool-77-thread-1] INFO  impl.RoleInfo (RoleInfo.java:updateAndGet(143)) - d1db60e7-74f1-40e3-a58d-9a1b4e6b78cf: start FollowerState
2019-09-26 17:33:10,975 [pool-37-thread-1] INFO  server.RaftServerConfigKeys (ConfUtils.java:logGet(43)) - raft.server.retrycache.expirytime = 600000ms (custom)
2019-09-26 17:33:10,975 [pool-97-thread-1] INFO  server.RaftServerConfigKeys (ConfUtils.java:logGet(43)) - raft.server.snapshot.retention.num.files = 5 (custom)
2019-09-26 17:33:10,976 [pool-77-thread-1] INFO  util.JmxRegister (JmxRegister.java:tryRegister(44)) - Successfully registered JMX Bean with object name Ratis:service=RaftServer,group=group-C48F6741ACCA,id=d1db60e7-74f1-40e3-a58d-9a1b4e6b78cf
2019-09-26 17:33:10,976 [pool-97-thread-1] INFO  server.RaftServerConfigKeys (ConfUtils.java:logGet(43)) - raft.server.retrycache.expirytime = 600000ms (custom)
2019-09-26 17:33:10,983 [pool-37-thread-1] INFO  impl.RaftServerImpl (RaftServerImpl.java:start(185)) - 4bd181aa-b15e-4fb6-b331-207cc3229c90@group-C48F6741ACCA: start as a follower, conf=-1: [4bd181aa-b15e-4fb6-b331-207cc3229c90:192.168.157.234:46079, d1db60e7-74f1-40e3-a58d-9a1b4e6b78cf:192.168.157.234:45514, 5be8714d-2642-4bf1-86d9-fb9f2e784a52:192.168.157.234:41550], old=null
2019-09-26 17:33:10,983 [pool-37-thread-1] INFO  impl.RaftServerImpl (RaftServerImpl.java:setRole(174)) - 4bd181aa-b15e-4fb6-b331-207cc3229c90@group-C48F6741ACCA: changes role from      null to FOLLOWER at term 0 for startAsFollower
2019-09-26 17:33:10,983 [pool-97-thread-1] INFO  impl.RaftServerImpl (RaftServerImpl.java:start(185)) - 5be8714d-2642-4bf1-86d9-fb9f2e784a52@group-C48F6741ACCA: start as a follower, conf=-1: [4bd181aa-b15e-4fb6-b331-207cc3229c90:192.168.157.234:46079, d1db60e7-74f1-40e3-a58d-9a1b4e6b78cf:192.168.157.234:45514, 5be8714d-2642-4bf1-86d9-fb9f2e784a52:192.168.157.234:41550], old=null
2019-09-26 17:33:10,984 [pool-37-thread-1] INFO  impl.RoleInfo (RoleInfo.java:updateAndGet(143)) - 4bd181aa-b15e-4fb6-b331-207cc3229c90: start FollowerState
2019-09-26 17:33:10,984 [pool-97-thread-1] INFO  impl.RaftServerImpl (RaftServerImpl.java:setRole(174)) - 5be8714d-2642-4bf1-86d9-fb9f2e784a52@group-C48F6741ACCA: changes role from      null to FOLLOWER at term 0 for startAsFollower
2019-09-26 17:33:10,984 [pool-97-thread-1] INFO  impl.RoleInfo (RoleInfo.java:updateAndGet(143)) - 5be8714d-2642-4bf1-86d9-fb9f2e784a52: start FollowerState
2019-09-26 17:33:10,984 [pool-37-thread-1] INFO  util.JmxRegister (JmxRegister.java:tryRegister(44)) - Successfully registered JMX Bean with object name Ratis:service=RaftServer,group=group-C48F6741ACCA,id=4bd181aa-b15e-4fb6-b331-207cc3229c90
2019-09-26 17:33:10,984 [pool-97-thread-1] INFO  util.JmxRegister (JmxRegister.java:tryRegister(44)) - Successfully registered JMX Bean with object name Ratis:service=RaftServer,group=group-C48F6741ACCA,id=5be8714d-2642-4bf1-86d9-fb9f2e784a52
2019-09-26 17:33:10,994 [RatisPipelineUtilsThread] INFO  pipeline.PipelineStateManager (PipelineStateManager.java:addPipeline(56)) - Created pipeline Pipeline[ Id: f47c3ab2-306d-4dc6-a802-c48f6741acca, Nodes: 5be8714d-2642-4bf1-86d9-fb9f2e784a52{ip: 192.168.157.234, host: pr-hdds-2162-htzpk-1451759861, networkLocation: /default-rack, certSerialId: null}4bd181aa-b15e-4fb6-b331-207cc3229c90{ip: 192.168.157.234, host: pr-hdds-2162-htzpk-1451759861, networkLocation: /default-rack, certSerialId: null}d1db60e7-74f1-40e3-a58d-9a1b4e6b78cf{ip: 192.168.157.234, host: pr-hdds-2162-htzpk-1451759861, networkLocation: /default-rack, certSerialId: null}, Type:RATIS, Factor:THREE, State:OPEN]
2019-09-26 17:33:11,569 [main] INFO  ipc.Client (Client.java:handleConnectionFailure(948)) - Retrying connect to server: localhost/127.0.0.1:0. Already tried 0 time(s); retry policy is RetryUpToMaximumCountWithFixedSleep(maxRetries=10, sleepTime=1000 MILLISECONDS)
2019-09-26 17:33:11,605 [Thread-283] INFO  container.ReplicationManager (ReplicationManager.java:start(162)) - Starting Replication Monitor Thread.
2019-09-26 17:33:11,612 [ReplicationMonitor] INFO  container.ReplicationManager (ReplicationManager.java:run(225)) - Replication Monitor Thread took 1 milliseconds for processing 0 containers.
2019-09-26 17:33:12,571 [main] INFO  ipc.Client (Client.java:handleConnectionFailure(948)) - Retrying connect to server: localhost/127.0.0.1:0. Already tried 1 time(s); retry policy is RetryUpToMaximumCountWithFixedSleep(maxRetries=10, sleepTime=1000 MILLISECONDS)
2019-09-26 17:33:13,573 [main] INFO  ipc.Client (Client.java:handleConnectionFailure(948)) - Retrying connect to server: localhost/127.0.0.1:0. Already tried 2 time(s); retry policy is RetryUpToMaximumCountWithFixedSleep(maxRetries=10, sleepTime=1000 MILLISECONDS)
2019-09-26 17:33:14,437 [Thread-285] INFO  impl.FollowerState (FollowerState.java:run(106)) - 702f2153-2d31-40fe-9bcb-1ea73c11f529:group-CA0F4A0C1B57 changes to CANDIDATE, lastRpcTime:5006, electionTimeout:5005ms
2019-09-26 17:33:14,445 [Thread-285] INFO  impl.RoleInfo (RoleInfo.java:shutdownFollowerState(121)) - 702f2153-2d31-40fe-9bcb-1ea73c11f529: shutdown FollowerState
2019-09-26 17:33:14,445 [Thread-285] INFO  impl.RaftServerImpl (RaftServerImpl.java:setRole(174)) - 702f2153-2d31-40fe-9bcb-1ea73c11f529@group-CA0F4A0C1B57: changes role from  FOLLOWER to CANDIDATE at term 0 for changeToCandidate
2019-09-26 17:33:14,455 [Thread-285] INFO  impl.RoleInfo (RoleInfo.java:updateAndGet(143)) - 702f2153-2d31-40fe-9bcb-1ea73c11f529: start LeaderElection
2019-09-26 17:33:14,479 [702f2153-2d31-40fe-9bcb-1ea73c11f529@group-CA0F4A0C1B57:LeaderElection1] INFO  impl.LeaderElection (LeaderElection.java:askForVotes(182)) - 702f2153-2d31-40fe-9bcb-1ea73c11f529@group-CA0F4A0C1B57:LeaderElection1: begin an election at term 1 for -1: [702f2153-2d31-40fe-9bcb-1ea73c11f529:192.168.157.234:44580], old=null
2019-09-26 17:33:14,481 [702f2153-2d31-40fe-9bcb-1ea73c11f529@group-CA0F4A0C1B57:LeaderElection1] INFO  impl.RoleInfo (RoleInfo.java:shutdownLeaderElection(134)) - 702f2153-2d31-40fe-9bcb-1ea73c11f529: shutdown LeaderElection
2019-09-26 17:33:14,482 [702f2153-2d31-40fe-9bcb-1ea73c11f529@group-CA0F4A0C1B57:LeaderElection1] INFO  impl.RaftServerImpl (RaftServerImpl.java:setRole(174)) - 702f2153-2d31-40fe-9bcb-1ea73c11f529@group-CA0F4A0C1B57: changes role from CANDIDATE to LEADER at term 1 for changeToLeader
2019-09-26 17:33:14,483 [702f2153-2d31-40fe-9bcb-1ea73c11f529@group-CA0F4A0C1B57:LeaderElection1] INFO  impl.RaftServerImpl (ServerState.java:setLeader(253)) - 702f2153-2d31-40fe-9bcb-1ea73c11f529@group-CA0F4A0C1B57: change Leader from null to 702f2153-2d31-40fe-9bcb-1ea73c11f529 at term 1 for becomeLeader, leader elected after 5160ms
2019-09-26 17:33:14,491 [702f2153-2d31-40fe-9bcb-1ea73c11f529@group-CA0F4A0C1B57:LeaderElection1] INFO  server.RaftServerConfigKeys (ConfUtils.java:logGet(43)) - raft.server.staging.catchup.gap = 1000 (default)
2019-09-26 17:33:14,491 [702f2153-2d31-40fe-9bcb-1ea73c11f529@group-CA0F4A0C1B57:LeaderElection1] INFO  server.RaftServerConfigKeys (ConfUtils.java:logGet(43)) - raft.server.rpc.sleep.time = 25ms (default)
2019-09-26 17:33:14,495 [702f2153-2d31-40fe-9bcb-1ea73c11f529@group-CA0F4A0C1B57:LeaderElection1] INFO  server.RaftServerConfigKeys (ConfUtils.java:logGet(43)) - raft.server.write.element-limit = 4096 (default)
2019-09-26 17:33:14,498 [702f2153-2d31-40fe-9bcb-1ea73c11f529@group-CA0F4A0C1B57:LeaderElection1] INFO  server.RaftServerConfigKeys (ConfUtils.java:logGet(43)) - raft.server.watch.timeout = 10s (default)
2019-09-26 17:33:14,499 [702f2153-2d31-40fe-9bcb-1ea73c11f529@group-CA0F4A0C1B57:LeaderElection1] INFO  server.RaftServerConfigKeys (ConfUtils.java:logGet(43)) - raft.server.watch.timeout.denomination = 1s (default)
2019-09-26 17:33:14,500 [702f2153-2d31-40fe-9bcb-1ea73c11f529@group-CA0F4A0C1B57:LeaderElection1] INFO  server.RaftServerConfigKeys (ConfUtils.java:logGet(43)) - raft.server.watch.element-limit = 65536 (default)
2019-09-26 17:33:14,515 [702f2153-2d31-40fe-9bcb-1ea73c11f529@group-CA0F4A0C1B57:LeaderElection1] INFO  impl.RoleInfo (RoleInfo.java:updateAndGet(143)) - 702f2153-2d31-40fe-9bcb-1ea73c11f529: start LeaderState
2019-09-26 17:33:14,543 [702f2153-2d31-40fe-9bcb-1ea73c11f529@group-CA0F4A0C1B57:LeaderElection1] INFO  segmented.SegmentedRaftLogWorker (SegmentedRaftLogWorker.java:startLogSegment(380)) - 702f2153-2d31-40fe-9bcb-1ea73c11f529@group-CA0F4A0C1B57-SegmentedRaftLogWorker: Starting segment from index:0
2019-09-26 17:33:14,552 [702f2153-2d31-40fe-9bcb-1ea73c11f529@group-CA0F4A0C1B57:LeaderElection1] INFO  impl.RaftServerImpl (ServerState.java:setRaftConf(354)) - 702f2153-2d31-40fe-9bcb-1ea73c11f529@group-CA0F4A0C1B57: set configuration 0: [702f2153-2d31-40fe-9bcb-1ea73c11f529:192.168.157.234:44580], old=null at 0
2019-09-26 17:33:14,598 [main] INFO  ipc.Client (Client.java:handleConnectionFailure(948)) - Retrying connect to server: localhost/127.0.0.1:0. Already tried 3 time(s); retry policy is RetryUpToMaximumCountWithFixedSleep(maxRetries=10, sleepTime=1000 MILLISECONDS)
2019-09-26 17:33:14,729 [Thread-288] INFO  impl.FollowerState (FollowerState.java:run(106)) - 4d234c04-482d-4481-920d-252ce1c5378f:group-961C8875D548 changes to CANDIDATE, lastRpcTime:5053, electionTimeout:5052ms
2019-09-26 17:33:14,739 [Thread-288] INFO  impl.RoleInfo (RoleInfo.java:shutdownFollowerState(121)) - 4d234c04-482d-4481-920d-252ce1c5378f: shutdown FollowerState
2019-09-26 17:33:14,739 [Thread-288] INFO  impl.RaftServerImpl (RaftServerImpl.java:setRole(174)) - 4d234c04-482d-4481-920d-252ce1c5378f@group-961C8875D548: changes role from  FOLLOWER to CANDIDATE at term 0 for changeToCandidate
2019-09-26 17:33:14,739 [Thread-288] INFO  impl.RoleInfo (RoleInfo.java:updateAndGet(143)) - 4d234c04-482d-4481-920d-252ce1c5378f: start LeaderElection
2019-09-26 17:33:14,759 [702f2153-2d31-40fe-9bcb-1ea73c11f529@group-CA0F4A0C1B57-SegmentedRaftLogWorker] INFO  segmented.SegmentedRaftLogWorker (SegmentedRaftLogWorker.java:execute(569)) - 702f2153-2d31-40fe-9bcb-1ea73c11f529@group-CA0F4A0C1B57-SegmentedRaftLogWorker: created new log segment /workdir/hadoop-ozone/integration-test/target/test-dir/MiniOzoneClusterImpl-e957bdb1-9b3f-4e03-89f8-47fdabd8daf2/datanode-0/data/ratis/998b5ee1-1f1b-4933-bf9c-ca0f4a0c1b57/current/log_inprogress_0
2019-09-26 17:33:14,759 [4d234c04-482d-4481-920d-252ce1c5378f@group-961C8875D548:LeaderElection2] INFO  impl.LeaderElection (LeaderElection.java:askForVotes(182)) - 4d234c04-482d-4481-920d-252ce1c5378f@group-961C8875D548:LeaderElection2: begin an election at term 1 for -1: [4d234c04-482d-4481-920d-252ce1c5378f:192.168.157.234:42224], old=null
2019-09-26 17:33:14,762 [4d234c04-482d-4481-920d-252ce1c5378f@group-961C8875D548:LeaderElection2] INFO  impl.RoleInfo (RoleInfo.java:shutdownLeaderElection(134)) - 4d234c04-482d-4481-920d-252ce1c5378f: shutdown LeaderElection
2019-09-26 17:33:14,762 [4d234c04-482d-4481-920d-252ce1c5378f@group-961C8875D548:LeaderElection2] INFO  impl.RaftServerImpl (RaftServerImpl.java:setRole(174)) - 4d234c04-482d-4481-920d-252ce1c5378f@group-961C8875D548: changes role from CANDIDATE to LEADER at term 1 for changeToLeader
2019-09-26 17:33:14,762 [4d234c04-482d-4481-920d-252ce1c5378f@group-961C8875D548:LeaderElection2] INFO  impl.RaftServerImpl (ServerState.java:setLeader(253)) - 4d234c04-482d-4481-920d-252ce1c5378f@group-961C8875D548: change Leader from null to 4d234c04-482d-4481-920d-252ce1c5378f at term 1 for becomeLeader, leader elected after 5106ms
2019-09-26 17:33:14,762 [4d234c04-482d-4481-920d-252ce1c5378f@group-961C8875D548:LeaderElection2] INFO  server.RaftServerConfigKeys (ConfUtils.java:logGet(43)) - raft.server.staging.catchup.gap = 1000 (default)
2019-09-26 17:33:14,762 [4d234c04-482d-4481-920d-252ce1c5378f@group-961C8875D548:LeaderElection2] INFO  server.RaftServerConfigKeys (ConfUtils.java:logGet(43)) - raft.server.rpc.sleep.time = 25ms (default)
2019-09-26 17:33:14,763 [4d234c04-482d-4481-920d-252ce1c5378f@group-961C8875D548:LeaderElection2] INFO  server.RaftServerConfigKeys (ConfUtils.java:logGet(43)) - raft.server.write.element-limit = 4096 (default)
2019-09-26 17:33:14,763 [4d234c04-482d-4481-920d-252ce1c5378f@group-961C8875D548:LeaderElection2] INFO  server.RaftServerConfigKeys (ConfUtils.java:logGet(43)) - raft.server.watch.timeout = 10s (default)
2019-09-26 17:33:14,763 [4d234c04-482d-4481-920d-252ce1c5378f@group-961C8875D548:LeaderElection2] INFO  server.RaftServerConfigKeys (ConfUtils.java:logGet(43)) - raft.server.watch.timeout.denomination = 1s (default)
2019-09-26 17:33:14,763 [4d234c04-482d-4481-920d-252ce1c5378f@group-961C8875D548:LeaderElection2] INFO  server.RaftServerConfigKeys (ConfUtils.java:logGet(43)) - raft.server.watch.element-limit = 65536 (default)
2019-09-26 17:33:14,766 [4d234c04-482d-4481-920d-252ce1c5378f@group-961C8875D548:LeaderElection2] INFO  impl.RoleInfo (RoleInfo.java:updateAndGet(143)) - 4d234c04-482d-4481-920d-252ce1c5378f: start LeaderState
2019-09-26 17:33:14,766 [4d234c04-482d-4481-920d-252ce1c5378f@group-961C8875D548:LeaderElection2] INFO  segmented.SegmentedRaftLogWorker (SegmentedRaftLogWorker.java:startLogSegment(380)) - 4d234c04-482d-4481-920d-252ce1c5378f@group-961C8875D548-SegmentedRaftLogWorker: Starting segment from index:0
2019-09-26 17:33:14,767 [4d234c04-482d-4481-920d-252ce1c5378f@group-961C8875D548:LeaderElection2] INFO  impl.RaftServerImpl (ServerState.java:setRaftConf(354)) - 4d234c04-482d-4481-920d-252ce1c5378f@group-961C8875D548: set configuration 0: [4d234c04-482d-4481-920d-252ce1c5378f:192.168.157.234:42224], old=null at 0
2019-09-26 17:33:14,799 [4d234c04-482d-4481-920d-252ce1c5378f@group-961C8875D548-SegmentedRaftLogWorker] INFO  segmented.SegmentedRaftLogWorker (SegmentedRaftLogWorker.java:execute(569)) - 4d234c04-482d-4481-920d-252ce1c5378f@group-961C8875D548-SegmentedRaftLogWorker: created new log segment /workdir/hadoop-ozone/integration-test/target/test-dir/MiniOzoneClusterImpl-e957bdb1-9b3f-4e03-89f8-47fdabd8daf2/datanode-4/data/ratis/b7f93a88-f4a8-4be8-bf1d-961c8875d548/current/log_inprogress_0
2019-09-26 17:33:15,016 [Thread-291] INFO  impl.FollowerState (FollowerState.java:run(106)) - 150c97ca-4206-422c-955c-64eaeed2313b:group-0768DB8FF2EF changes to CANDIDATE, lastRpcTime:5178, electionTimeout:5178ms
2019-09-26 17:33:15,016 [Thread-291] INFO  impl.RoleInfo (RoleInfo.java:shutdownFollowerState(121)) - 150c97ca-4206-422c-955c-64eaeed2313b: shutdown FollowerState
2019-09-26 17:33:15,016 [Thread-291] INFO  impl.RaftServerImpl (RaftServerImpl.java:setRole(174)) - 150c97ca-4206-422c-955c-64eaeed2313b@group-0768DB8FF2EF: changes role from  FOLLOWER to CANDIDATE at term 0 for changeToCandidate
2019-09-26 17:33:15,017 [Thread-291] INFO  impl.RoleInfo (RoleInfo.java:updateAndGet(143)) - 150c97ca-4206-422c-955c-64eaeed2313b: start LeaderElection
2019-09-26 17:33:15,048 [150c97ca-4206-422c-955c-64eaeed2313b@group-0768DB8FF2EF:LeaderElection3] INFO  impl.LeaderElection (LeaderElection.java:askForVotes(182)) - 150c97ca-4206-422c-955c-64eaeed2313b@group-0768DB8FF2EF:LeaderElection3: begin an election at term 1 for -1: [150c97ca-4206-422c-955c-64eaeed2313b:192.168.157.234:42488], old=null
2019-09-26 17:33:15,049 [150c97ca-4206-422c-955c-64eaeed2313b@group-0768DB8FF2EF:LeaderElection3] INFO  impl.RoleInfo (RoleInfo.java:shutdownLeaderElection(134)) - 150c97ca-4206-422c-955c-64eaeed2313b: shutdown LeaderElection
2019-09-26 17:33:15,049 [150c97ca-4206-422c-955c-64eaeed2313b@group-0768DB8FF2EF:LeaderElection3] INFO  impl.RaftServerImpl (RaftServerImpl.java:setRole(174)) - 150c97ca-4206-422c-955c-64eaeed2313b@group-0768DB8FF2EF: changes role from CANDIDATE to LEADER at term 1 for changeToLeader
2019-09-26 17:33:15,049 [150c97ca-4206-422c-955c-64eaeed2313b@group-0768DB8FF2EF:LeaderElection3] INFO  impl.RaftServerImpl (ServerState.java:setLeader(253)) - 150c97ca-4206-422c-955c-64eaeed2313b@group-0768DB8FF2EF: change Leader from null to 150c97ca-4206-422c-955c-64eaeed2313b at term 1 for becomeLeader, leader elected after 5268ms
2019-09-26 17:33:15,049 [150c97ca-4206-422c-955c-64eaeed2313b@group-0768DB8FF2EF:LeaderElection3] INFO  server.RaftServerConfigKeys (ConfUtils.java:logGet(43)) - raft.server.staging.catchup.gap = 1000 (default)
2019-09-26 17:33:15,049 [150c97ca-4206-422c-955c-64eaeed2313b@group-0768DB8FF2EF:LeaderElection3] INFO  server.RaftServerConfigKeys (ConfUtils.java:logGet(43)) - raft.server.rpc.sleep.time = 25ms (default)
2019-09-26 17:33:15,050 [150c97ca-4206-422c-955c-64eaeed2313b@group-0768DB8FF2EF:LeaderElection3] INFO  server.RaftServerConfigKeys (ConfUtils.java:logGet(43)) - raft.server.write.element-limit = 4096 (default)
2019-09-26 17:33:15,050 [150c97ca-4206-422c-955c-64eaeed2313b@group-0768DB8FF2EF:LeaderElection3] INFO  server.RaftServerConfigKeys (ConfUtils.java:logGet(43)) - raft.server.watch.timeout = 10s (default)
2019-09-26 17:33:15,050 [150c97ca-4206-422c-955c-64eaeed2313b@group-0768DB8FF2EF:LeaderElection3] INFO  server.RaftServerConfigKeys (ConfUtils.java:logGet(43)) - raft.server.watch.timeout.denomination = 1s (default)
2019-09-26 17:33:15,050 [150c97ca-4206-422c-955c-64eaeed2313b@group-0768DB8FF2EF:LeaderElection3] INFO  server.RaftServerConfigKeys (ConfUtils.java:logGet(43)) - raft.server.watch.element-limit = 65536 (default)
2019-09-26 17:33:15,053 [150c97ca-4206-422c-955c-64eaeed2313b@group-0768DB8FF2EF:LeaderElection3] INFO  impl.RoleInfo (RoleInfo.java:updateAndGet(143)) - 150c97ca-4206-422c-955c-64eaeed2313b: start LeaderState
2019-09-26 17:33:15,054 [150c97ca-4206-422c-955c-64eaeed2313b@group-0768DB8FF2EF:LeaderElection3] INFO  segmented.SegmentedRaftLogWorker (SegmentedRaftLogWorker.java:startLogSegment(380)) - 150c97ca-4206-422c-955c-64eaeed2313b@group-0768DB8FF2EF-SegmentedRaftLogWorker: Starting segment from index:0
2019-09-26 17:33:15,055 [150c97ca-4206-422c-955c-64eaeed2313b@group-0768DB8FF2EF:LeaderElection3] INFO  impl.RaftServerImpl (ServerState.java:setRaftConf(354)) - 150c97ca-4206-422c-955c-64eaeed2313b@group-0768DB8FF2EF: set configuration 0: [150c97ca-4206-422c-955c-64eaeed2313b:192.168.157.234:42488], old=null at 0
2019-09-26 17:33:15,091 [Thread-294] INFO  impl.FollowerState (FollowerState.java:run(106)) - 815536f4-dee7-4433-8f37-6956ea789edb:group-F037E4891B00 changes to CANDIDATE, lastRpcTime:5157, electionTimeout:5152ms
2019-09-26 17:33:15,091 [Thread-294] INFO  impl.RoleInfo (RoleInfo.java:shutdownFollowerState(121)) - 815536f4-dee7-4433-8f37-6956ea789edb: shutdown FollowerState
2019-09-26 17:33:15,091 [Thread-294] INFO  impl.RaftServerImpl (RaftServerImpl.java:setRole(174)) - 815536f4-dee7-4433-8f37-6956ea789edb@group-F037E4891B00: changes role from  FOLLOWER to CANDIDATE at term 0 for changeToCandidate
2019-09-26 17:33:15,091 [Thread-294] INFO  impl.RoleInfo (RoleInfo.java:updateAndGet(143)) - 815536f4-dee7-4433-8f37-6956ea789edb: start LeaderElection
2019-09-26 17:33:15,115 [150c97ca-4206-422c-955c-64eaeed2313b@group-0768DB8FF2EF-SegmentedRaftLogWorker] INFO  segmented.SegmentedRaftLogWorker (SegmentedRaftLogWorker.java:execute(569)) - 150c97ca-4206-422c-955c-64eaeed2313b@group-0768DB8FF2EF-SegmentedRaftLogWorker: created new log segment /workdir/hadoop-ozone/integration-test/target/test-dir/MiniOzoneClusterImpl-e957bdb1-9b3f-4e03-89f8-47fdabd8daf2/datanode-9/data/ratis/d97822a3-2bbd-4e1c-a9ee-0768db8ff2ef/current/log_inprogress_0
2019-09-26 17:33:15,115 [815536f4-dee7-4433-8f37-6956ea789edb@group-F037E4891B00:LeaderElection4] INFO  impl.LeaderElection (LeaderElection.java:askForVotes(182)) - 815536f4-dee7-4433-8f37-6956ea789edb@group-F037E4891B00:LeaderElection4: begin an election at term 1 for -1: [815536f4-dee7-4433-8f37-6956ea789edb:192.168.157.234:36203], old=null
2019-09-26 17:33:15,116 [815536f4-dee7-4433-8f37-6956ea789edb@group-F037E4891B00:LeaderElection4] INFO  impl.RoleInfo (RoleInfo.java:shutdownLeaderElection(134)) - 815536f4-dee7-4433-8f37-6956ea789edb: shutdown LeaderElection
2019-09-26 17:33:15,116 [815536f4-dee7-4433-8f37-6956ea789edb@group-F037E4891B00:LeaderElection4] INFO  impl.RaftServerImpl (RaftServerImpl.java:setRole(174)) - 815536f4-dee7-4433-8f37-6956ea789edb@group-F037E4891B00: changes role from CANDIDATE to LEADER at term 1 for changeToLeader
2019-09-26 17:33:15,116 [815536f4-dee7-4433-8f37-6956ea789edb@group-F037E4891B00:LeaderElection4] INFO  impl.RaftServerImpl (ServerState.java:setLeader(253)) - 815536f4-dee7-4433-8f37-6956ea789edb@group-F037E4891B00: change Leader from null to 815536f4-dee7-4433-8f37-6956ea789edb at term 1 for becomeLeader, leader elected after 5197ms
2019-09-26 17:33:15,116 [815536f4-dee7-4433-8f37-6956ea789edb@group-F037E4891B00:LeaderElection4] INFO  server.RaftServerConfigKeys (ConfUtils.java:logGet(43)) - raft.server.staging.catchup.gap = 1000 (default)
2019-09-26 17:33:15,116 [815536f4-dee7-4433-8f37-6956ea789edb@group-F037E4891B00:LeaderElection4] INFO  server.RaftServerConfigKeys (ConfUtils.java:logGet(43)) - raft.server.rpc.sleep.time = 25ms (default)
2019-09-26 17:33:15,117 [815536f4-dee7-4433-8f37-6956ea789edb@group-F037E4891B00:LeaderElection4] INFO  server.RaftServerConfigKeys (ConfUtils.java:logGet(43)) - raft.server.write.element-limit = 4096 (default)
2019-09-26 17:33:15,117 [815536f4-dee7-4433-8f37-6956ea789edb@group-F037E4891B00:LeaderElection4] INFO  server.RaftServerConfigKeys (ConfUtils.java:logGet(43)) - raft.server.watch.timeout = 10s (default)
2019-09-26 17:33:15,117 [815536f4-dee7-4433-8f37-6956ea789edb@group-F037E4891B00:LeaderElection4] INFO  server.RaftServerConfigKeys (ConfUtils.java:logGet(43)) - raft.server.watch.timeout.denomination = 1s (default)
2019-09-26 17:33:15,117 [815536f4-dee7-4433-8f37-6956ea789edb@group-F037E4891B00:LeaderElection4] INFO  server.RaftServerConfigKeys (ConfUtils.java:logGet(43)) - raft.server.watch.element-limit = 65536 (default)
2019-09-26 17:33:15,120 [815536f4-dee7-4433-8f37-6956ea789edb@group-F037E4891B00:LeaderElection4] INFO  impl.RoleInfo (RoleInfo.java:updateAndGet(143)) - 815536f4-dee7-4433-8f37-6956ea789edb: start LeaderState
2019-09-26 17:33:15,121 [815536f4-dee7-4433-8f37-6956ea789edb@group-F037E4891B00:LeaderElection4] INFO  segmented.SegmentedRaftLogWorker (SegmentedRaftLogWorker.java:startLogSegment(380)) - 815536f4-dee7-4433-8f37-6956ea789edb@group-F037E4891B00-SegmentedRaftLogWorker: Starting segment from index:0
2019-09-26 17:33:15,121 [815536f4-dee7-4433-8f37-6956ea789edb@group-F037E4891B00:LeaderElection4] INFO  impl.RaftServerImpl (ServerState.java:setRaftConf(354)) - 815536f4-dee7-4433-8f37-6956ea789edb@group-F037E4891B00: set configuration 0: [815536f4-dee7-4433-8f37-6956ea789edb:192.168.157.234:36203], old=null at 0
2019-09-26 17:33:15,163 [815536f4-dee7-4433-8f37-6956ea789edb@group-F037E4891B00-SegmentedRaftLogWorker] INFO  segmented.SegmentedRaftLogWorker (SegmentedRaftLogWorker.java:execute(569)) - 815536f4-dee7-4433-8f37-6956ea789edb@group-F037E4891B00-SegmentedRaftLogWorker: created new log segment /workdir/hadoop-ozone/integration-test/target/test-dir/MiniOzoneClusterImpl-e957bdb1-9b3f-4e03-89f8-47fdabd8daf2/datanode-8/data/ratis/fd02d878-99d6-4bfb-a900-f037e4891b00/current/log_inprogress_0
2019-09-26 17:33:15,178 [Thread-297] INFO  impl.FollowerState (FollowerState.java:run(106)) - 11011891-d857-4221-8ea5-6747af062c6a:group-B1FFC5289608 changes to CANDIDATE, lastRpcTime:5052, electionTimeout:5052ms
2019-09-26 17:33:15,178 [Thread-297] INFO  impl.RoleInfo (RoleInfo.java:shutdownFollowerState(121)) - 11011891-d857-4221-8ea5-6747af062c6a: shutdown FollowerState
2019-09-26 17:33:15,178 [Thread-297] INFO  impl.RaftServerImpl (RaftServerImpl.java:setRole(174)) - 11011891-d857-4221-8ea5-6747af062c6a@group-B1FFC5289608: changes role from  FOLLOWER to CANDIDATE at term 0 for changeToCandidate
2019-09-26 17:33:15,178 [Thread-297] INFO  impl.RoleInfo (RoleInfo.java:updateAndGet(143)) - 11011891-d857-4221-8ea5-6747af062c6a: start LeaderElection
2019-09-26 17:33:15,197 [11011891-d857-4221-8ea5-6747af062c6a@group-B1FFC5289608:LeaderElection5] INFO  impl.LeaderElection (LeaderElection.java:askForVotes(182)) - 11011891-d857-4221-8ea5-6747af062c6a@group-B1FFC5289608:LeaderElection5: begin an election at term 1 for -1: [11011891-d857-4221-8ea5-6747af062c6a:192.168.157.234:35503], old=null
2019-09-26 17:33:15,197 [11011891-d857-4221-8ea5-6747af062c6a@group-B1FFC5289608:LeaderElection5] INFO  impl.RoleInfo (RoleInfo.java:shutdownLeaderElection(134)) - 11011891-d857-4221-8ea5-6747af062c6a: shutdown LeaderElection
2019-09-26 17:33:15,197 [11011891-d857-4221-8ea5-6747af062c6a@group-B1FFC5289608:LeaderElection5] INFO  impl.RaftServerImpl (RaftServerImpl.java:setRole(174)) - 11011891-d857-4221-8ea5-6747af062c6a@group-B1FFC5289608: changes role from CANDIDATE to LEADER at term 1 for changeToLeader
2019-09-26 17:33:15,198 [11011891-d857-4221-8ea5-6747af062c6a@group-B1FFC5289608:LeaderElection5] INFO  impl.RaftServerImpl (ServerState.java:setLeader(253)) - 11011891-d857-4221-8ea5-6747af062c6a@group-B1FFC5289608: change Leader from null to 11011891-d857-4221-8ea5-6747af062c6a at term 1 for becomeLeader, leader elected after 5190ms
2019-09-26 17:33:15,198 [11011891-d857-4221-8ea5-6747af062c6a@group-B1FFC5289608:LeaderElection5] INFO  server.RaftServerConfigKeys (ConfUtils.java:logGet(43)) - raft.server.staging.catchup.gap = 1000 (default)
2019-09-26 17:33:15,198 [11011891-d857-4221-8ea5-6747af062c6a@group-B1FFC5289608:LeaderElection5] INFO  server.RaftServerConfigKeys (ConfUtils.java:logGet(43)) - raft.server.rpc.sleep.time = 25ms (default)
2019-09-26 17:33:15,198 [11011891-d857-4221-8ea5-6747af062c6a@group-B1FFC5289608:LeaderElection5] INFO  server.RaftServerConfigKeys (ConfUtils.java:logGet(43)) - raft.server.write.element-limit = 4096 (default)
2019-09-26 17:33:15,198 [11011891-d857-4221-8ea5-6747af062c6a@group-B1FFC5289608:LeaderElection5] INFO  server.RaftServerConfigKeys (ConfUtils.java:logGet(43)) - raft.server.watch.timeout = 10s (default)
2019-09-26 17:33:15,198 [11011891-d857-4221-8ea5-6747af062c6a@group-B1FFC5289608:LeaderElection5] INFO  server.RaftServerConfigKeys (ConfUtils.java:logGet(43)) - raft.server.watch.timeout.denomination = 1s (default)
2019-09-26 17:33:15,199 [11011891-d857-4221-8ea5-6747af062c6a@group-B1FFC5289608:LeaderElection5] INFO  server.RaftServerConfigKeys (ConfUtils.java:logGet(43)) - raft.server.watch.element-limit = 65536 (default)
2019-09-26 17:33:15,201 [11011891-d857-4221-8ea5-6747af062c6a@group-B1FFC5289608:LeaderElection5] INFO  impl.RoleInfo (RoleInfo.java:updateAndGet(143)) - 11011891-d857-4221-8ea5-6747af062c6a: start LeaderState
2019-09-26 17:33:15,202 [11011891-d857-4221-8ea5-6747af062c6a@group-B1FFC5289608:LeaderElection5] INFO  segmented.SegmentedRaftLogWorker (SegmentedRaftLogWorker.java:startLogSegment(380)) - 11011891-d857-4221-8ea5-6747af062c6a@group-B1FFC5289608-SegmentedRaftLogWorker: Starting segment from index:0
2019-09-26 17:33:15,202 [11011891-d857-4221-8ea5-6747af062c6a@group-B1FFC5289608:LeaderElection5] INFO  impl.RaftServerImpl (ServerState.java:setRaftConf(354)) - 11011891-d857-4221-8ea5-6747af062c6a@group-B1FFC5289608: set configuration 0: [11011891-d857-4221-8ea5-6747af062c6a:192.168.157.234:35503], old=null at 0
2019-09-26 17:33:15,259 [11011891-d857-4221-8ea5-6747af062c6a@group-B1FFC5289608-SegmentedRaftLogWorker] INFO  segmented.SegmentedRaftLogWorker (SegmentedRaftLogWorker.java:execute(569)) - 11011891-d857-4221-8ea5-6747af062c6a@group-B1FFC5289608-SegmentedRaftLogWorker: created new log segment /workdir/hadoop-ozone/integration-test/target/test-dir/MiniOzoneClusterImpl-e957bdb1-9b3f-4e03-89f8-47fdabd8daf2/datanode-2/data/ratis/6b3422c1-047a-4013-8af0-b1ffc5289608/current/log_inprogress_0
2019-09-26 17:33:15,351 [Thread-300] INFO  impl.FollowerState (FollowerState.java:run(106)) - b0d633e9-e5dd-4965-9348-f887f26d3e3f:group-396E1A52CAF9 changes to CANDIDATE, lastRpcTime:5136, electionTimeout:5136ms
2019-09-26 17:33:15,351 [Thread-300] INFO  impl.RoleInfo (RoleInfo.java:shutdownFollowerState(121)) - b0d633e9-e5dd-4965-9348-f887f26d3e3f: shutdown FollowerState
2019-09-26 17:33:15,352 [Thread-300] INFO  impl.RaftServerImpl (RaftServerImpl.java:setRole(174)) - b0d633e9-e5dd-4965-9348-f887f26d3e3f@group-396E1A52CAF9: changes role from  FOLLOWER to CANDIDATE at term 0 for changeToCandidate
2019-09-26 17:33:15,352 [Thread-300] INFO  impl.RoleInfo (RoleInfo.java:updateAndGet(143)) - b0d633e9-e5dd-4965-9348-f887f26d3e3f: start LeaderElection
2019-09-26 17:33:15,372 [b0d633e9-e5dd-4965-9348-f887f26d3e3f@group-396E1A52CAF9:LeaderElection6] INFO  impl.LeaderElection (LeaderElection.java:askForVotes(182)) - b0d633e9-e5dd-4965-9348-f887f26d3e3f@group-396E1A52CAF9:LeaderElection6: begin an election at term 1 for -1: [b0d633e9-e5dd-4965-9348-f887f26d3e3f:192.168.157.234:36411], old=null
2019-09-26 17:33:15,373 [b0d633e9-e5dd-4965-9348-f887f26d3e3f@group-396E1A52CAF9:LeaderElection6] INFO  impl.RoleInfo (RoleInfo.java:shutdownLeaderElection(134)) - b0d633e9-e5dd-4965-9348-f887f26d3e3f: shutdown LeaderElection
2019-09-26 17:33:15,373 [b0d633e9-e5dd-4965-9348-f887f26d3e3f@group-396E1A52CAF9:LeaderElection6] INFO  impl.RaftServerImpl (RaftServerImpl.java:setRole(174)) - b0d633e9-e5dd-4965-9348-f887f26d3e3f@group-396E1A52CAF9: changes role from CANDIDATE to LEADER at term 1 for changeToLeader
2019-09-26 17:33:15,373 [b0d633e9-e5dd-4965-9348-f887f26d3e3f@group-396E1A52CAF9:LeaderElection6] INFO  impl.RaftServerImpl (ServerState.java:setLeader(253)) - b0d633e9-e5dd-4965-9348-f887f26d3e3f@group-396E1A52CAF9: change Leader from null to b0d633e9-e5dd-4965-9348-f887f26d3e3f at term 1 for becomeLeader, leader elected after 5169ms
2019-09-26 17:33:15,373 [b0d633e9-e5dd-4965-9348-f887f26d3e3f@group-396E1A52CAF9:LeaderElection6] INFO  server.RaftServerConfigKeys (ConfUtils.java:logGet(43)) - raft.server.staging.catchup.gap = 1000 (default)
2019-09-26 17:33:15,373 [b0d633e9-e5dd-4965-9348-f887f26d3e3f@group-396E1A52CAF9:LeaderElection6] INFO  server.RaftServerConfigKeys (ConfUtils.java:logGet(43)) - raft.server.rpc.sleep.time = 25ms (default)
2019-09-26 17:33:15,374 [b0d633e9-e5dd-4965-9348-f887f26d3e3f@group-396E1A52CAF9:LeaderElection6] INFO  server.RaftServerConfigKeys (ConfUtils.java:logGet(43)) - raft.server.write.element-limit = 4096 (default)
2019-09-26 17:33:15,374 [b0d633e9-e5dd-4965-9348-f887f26d3e3f@group-396E1A52CAF9:LeaderElection6] INFO  server.RaftServerConfigKeys (ConfUtils.java:logGet(43)) - raft.server.watch.timeout = 10s (default)
2019-09-26 17:33:15,374 [b0d633e9-e5dd-4965-9348-f887f26d3e3f@group-396E1A52CAF9:LeaderElection6] INFO  server.RaftServerConfigKeys (ConfUtils.java:logGet(43)) - raft.server.watch.timeout.denomination = 1s (default)
2019-09-26 17:33:15,374 [b0d633e9-e5dd-4965-9348-f887f26d3e3f@group-396E1A52CAF9:LeaderElection6] INFO  server.RaftServerConfigKeys (ConfUtils.java:logGet(43)) - raft.server.watch.element-limit = 65536 (default)
2019-09-26 17:33:15,378 [b0d633e9-e5dd-4965-9348-f887f26d3e3f@group-396E1A52CAF9:LeaderElection6] INFO  impl.RoleInfo (RoleInfo.java:updateAndGet(143)) - b0d633e9-e5dd-4965-9348-f887f26d3e3f: start LeaderState
2019-09-26 17:33:15,378 [b0d633e9-e5dd-4965-9348-f887f26d3e3f@group-396E1A52CAF9:LeaderElection6] INFO  segmented.SegmentedRaftLogWorker (SegmentedRaftLogWorker.java:startLogSegment(380)) - b0d633e9-e5dd-4965-9348-f887f26d3e3f@group-396E1A52CAF9-SegmentedRaftLogWorker: Starting segment from index:0
2019-09-26 17:33:15,379 [b0d633e9-e5dd-4965-9348-f887f26d3e3f@group-396E1A52CAF9:LeaderElection6] INFO  impl.RaftServerImpl (ServerState.java:setRaftConf(354)) - b0d633e9-e5dd-4965-9348-f887f26d3e3f@group-396E1A52CAF9: set configuration 0: [b0d633e9-e5dd-4965-9348-f887f26d3e3f:192.168.157.234:36411], old=null at 0
2019-09-26 17:33:15,452 [b0d633e9-e5dd-4965-9348-f887f26d3e3f@group-396E1A52CAF9-SegmentedRaftLogWorker] INFO  segmented.SegmentedRaftLogWorker (SegmentedRaftLogWorker.java:execute(569)) - b0d633e9-e5dd-4965-9348-f887f26d3e3f@group-396E1A52CAF9-SegmentedRaftLogWorker: created new log segment /workdir/hadoop-ozone/integration-test/target/test-dir/MiniOzoneClusterImpl-e957bdb1-9b3f-4e03-89f8-47fdabd8daf2/datanode-3/data/ratis/5404a662-6ab2-4ff8-a9dc-396e1a52caf9/current/log_inprogress_0
2019-09-26 17:33:15,480 [Thread-303] INFO  impl.FollowerState (FollowerState.java:run(106)) - 5be8714d-2642-4bf1-86d9-fb9f2e784a52:group-163E4ABF0178 changes to CANDIDATE, lastRpcTime:5176, electionTimeout:5176ms
2019-09-26 17:33:15,480 [Thread-303] INFO  impl.RoleInfo (RoleInfo.java:shutdownFollowerState(121)) - 5be8714d-2642-4bf1-86d9-fb9f2e784a52: shutdown FollowerState
2019-09-26 17:33:15,480 [Thread-303] INFO  impl.RaftServerImpl (RaftServerImpl.java:setRole(174)) - 5be8714d-2642-4bf1-86d9-fb9f2e784a52@group-163E4ABF0178: changes role from  FOLLOWER to CANDIDATE at term 0 for changeToCandidate
2019-09-26 17:33:15,480 [Thread-303] INFO  impl.RoleInfo (RoleInfo.java:updateAndGet(143)) - 5be8714d-2642-4bf1-86d9-fb9f2e784a52: start LeaderElection
2019-09-26 17:33:15,500 [5be8714d-2642-4bf1-86d9-fb9f2e784a52@group-163E4ABF0178:LeaderElection7] INFO  impl.LeaderElection (LeaderElection.java:askForVotes(182)) - 5be8714d-2642-4bf1-86d9-fb9f2e784a52@group-163E4ABF0178:LeaderElection7: begin an election at term 1 for -1: [5be8714d-2642-4bf1-86d9-fb9f2e784a52:192.168.157.234:41550], old=null
2019-09-26 17:33:15,501 [5be8714d-2642-4bf1-86d9-fb9f2e784a52@group-163E4ABF0178:LeaderElection7] INFO  impl.RoleInfo (RoleInfo.java:shutdownLeaderElection(134)) - 5be8714d-2642-4bf1-86d9-fb9f2e784a52: shutdown LeaderElection
2019-09-26 17:33:15,501 [5be8714d-2642-4bf1-86d9-fb9f2e784a52@group-163E4ABF0178:LeaderElection7] INFO  impl.RaftServerImpl (RaftServerImpl.java:setRole(174)) - 5be8714d-2642-4bf1-86d9-fb9f2e784a52@group-163E4ABF0178: changes role from CANDIDATE to LEADER at term 1 for changeToLeader
2019-09-26 17:33:15,501 [5be8714d-2642-4bf1-86d9-fb9f2e784a52@group-163E4ABF0178:LeaderElection7] INFO  impl.RaftServerImpl (ServerState.java:setLeader(253)) - 5be8714d-2642-4bf1-86d9-fb9f2e784a52@group-163E4ABF0178: change Leader from null to 5be8714d-2642-4bf1-86d9-fb9f2e784a52 at term 1 for becomeLeader, leader elected after 5208ms
2019-09-26 17:33:15,501 [5be8714d-2642-4bf1-86d9-fb9f2e784a52@group-163E4ABF0178:LeaderElection7] INFO  server.RaftServerConfigKeys (ConfUtils.java:logGet(43)) - raft.server.staging.catchup.gap = 1000 (default)
2019-09-26 17:33:15,502 [5be8714d-2642-4bf1-86d9-fb9f2e784a52@group-163E4ABF0178:LeaderElection7] INFO  server.RaftServerConfigKeys (ConfUtils.java:logGet(43)) - raft.server.rpc.sleep.time = 25ms (default)
2019-09-26 17:33:15,502 [5be8714d-2642-4bf1-86d9-fb9f2e784a52@group-163E4ABF0178:LeaderElection7] INFO  server.RaftServerConfigKeys (ConfUtils.java:logGet(43)) - raft.server.write.element-limit = 4096 (default)
2019-09-26 17:33:15,502 [5be8714d-2642-4bf1-86d9-fb9f2e784a52@group-163E4ABF0178:LeaderElection7] INFO  server.RaftServerConfigKeys (ConfUtils.java:logGet(43)) - raft.server.watch.timeout = 10s (default)
2019-09-26 17:33:15,502 [5be8714d-2642-4bf1-86d9-fb9f2e784a52@group-163E4ABF0178:LeaderElection7] INFO  server.RaftServerConfigKeys (ConfUtils.java:logGet(43)) - raft.server.watch.timeout.denomination = 1s (default)
2019-09-26 17:33:15,502 [5be8714d-2642-4bf1-86d9-fb9f2e784a52@group-163E4ABF0178:LeaderElection7] INFO  server.RaftServerConfigKeys (ConfUtils.java:logGet(43)) - raft.server.watch.element-limit = 65536 (default)
2019-09-26 17:33:15,505 [5be8714d-2642-4bf1-86d9-fb9f2e784a52@group-163E4ABF0178:LeaderElection7] INFO  impl.RoleInfo (RoleInfo.java:updateAndGet(143)) - 5be8714d-2642-4bf1-86d9-fb9f2e784a52: start LeaderState
2019-09-26 17:33:15,506 [5be8714d-2642-4bf1-86d9-fb9f2e784a52@group-163E4ABF0178:LeaderElection7] INFO  segmented.SegmentedRaftLogWorker (SegmentedRaftLogWorker.java:startLogSegment(380)) - 5be8714d-2642-4bf1-86d9-fb9f2e784a52@group-163E4ABF0178-SegmentedRaftLogWorker: Starting segment from index:0
2019-09-26 17:33:15,506 [5be8714d-2642-4bf1-86d9-fb9f2e784a52@group-163E4ABF0178:LeaderElection7] INFO  impl.RaftServerImpl (ServerState.java:setRaftConf(354)) - 5be8714d-2642-4bf1-86d9-fb9f2e784a52@group-163E4ABF0178: set configuration 0: [5be8714d-2642-4bf1-86d9-fb9f2e784a52:192.168.157.234:41550], old=null at 0
2019-09-26 17:33:15,549 [Thread-306] INFO  impl.FollowerState (FollowerState.java:run(106)) - 4bd181aa-b15e-4fb6-b331-207cc3229c90:group-2858C96F1AE0 changes to CANDIDATE, lastRpcTime:5152, electionTimeout:5110ms
2019-09-26 17:33:15,550 [Thread-306] INFO  impl.RoleInfo (RoleInfo.java:shutdownFollowerState(121)) - 4bd181aa-b15e-4fb6-b331-207cc3229c90: shutdown FollowerState
2019-09-26 17:33:15,550 [Thread-306] INFO  impl.RaftServerImpl (RaftServerImpl.java:setRole(174)) - 4bd181aa-b15e-4fb6-b331-207cc3229c90@group-2858C96F1AE0: changes role from  FOLLOWER to CANDIDATE at term 0 for changeToCandidate
2019-09-26 17:33:15,550 [Thread-306] INFO  impl.RoleInfo (RoleInfo.java:updateAndGet(143)) - 4bd181aa-b15e-4fb6-b331-207cc3229c90: start LeaderElection
2019-09-26 17:33:15,563 [5be8714d-2642-4bf1-86d9-fb9f2e784a52@group-163E4ABF0178-SegmentedRaftLogWorker] INFO  segmented.SegmentedRaftLogWorker (SegmentedRaftLogWorker.java:execute(569)) - 5be8714d-2642-4bf1-86d9-fb9f2e784a52@group-163E4ABF0178-SegmentedRaftLogWorker: created new log segment /workdir/hadoop-ozone/integration-test/target/test-dir/MiniOzoneClusterImpl-e957bdb1-9b3f-4e03-89f8-47fdabd8daf2/datanode-7/data/ratis/e4c07753-37de-4cce-b799-163e4abf0178/current/log_inprogress_0
2019-09-26 17:33:15,563 [4bd181aa-b15e-4fb6-b331-207cc3229c90@group-2858C96F1AE0:LeaderElection8] INFO  impl.LeaderElection (LeaderElection.java:askForVotes(182)) - 4bd181aa-b15e-4fb6-b331-207cc3229c90@group-2858C96F1AE0:LeaderElection8: begin an election at term 1 for -1: [4bd181aa-b15e-4fb6-b331-207cc3229c90:192.168.157.234:46079], old=null
2019-09-26 17:33:15,563 [4bd181aa-b15e-4fb6-b331-207cc3229c90@group-2858C96F1AE0:LeaderElection8] INFO  impl.RoleInfo (RoleInfo.java:shutdownLeaderElection(134)) - 4bd181aa-b15e-4fb6-b331-207cc3229c90: shutdown LeaderElection
2019-09-26 17:33:15,564 [4bd181aa-b15e-4fb6-b331-207cc3229c90@group-2858C96F1AE0:LeaderElection8] INFO  impl.RaftServerImpl (RaftServerImpl.java:setRole(174)) - 4bd181aa-b15e-4fb6-b331-207cc3229c90@group-2858C96F1AE0: changes role from CANDIDATE to LEADER at term 1 for changeToLeader
2019-09-26 17:33:15,564 [4bd181aa-b15e-4fb6-b331-207cc3229c90@group-2858C96F1AE0:LeaderElection8] INFO  impl.RaftServerImpl (ServerState.java:setLeader(253)) - 4bd181aa-b15e-4fb6-b331-207cc3229c90@group-2858C96F1AE0: change Leader from null to 4bd181aa-b15e-4fb6-b331-207cc3229c90 at term 1 for becomeLeader, leader elected after 5177ms
2019-09-26 17:33:15,564 [4bd181aa-b15e-4fb6-b331-207cc3229c90@group-2858C96F1AE0:LeaderElection8] INFO  server.RaftServerConfigKeys (ConfUtils.java:logGet(43)) - raft.server.staging.catchup.gap = 1000 (default)
2019-09-26 17:33:15,564 [4bd181aa-b15e-4fb6-b331-207cc3229c90@group-2858C96F1AE0:LeaderElection8] INFO  server.RaftServerConfigKeys (ConfUtils.java:logGet(43)) - raft.server.rpc.sleep.time = 25ms (default)
2019-09-26 17:33:15,564 [4bd181aa-b15e-4fb6-b331-207cc3229c90@group-2858C96F1AE0:LeaderElection8] INFO  server.RaftServerConfigKeys (ConfUtils.java:logGet(43)) - raft.server.write.element-limit = 4096 (default)
2019-09-26 17:33:15,565 [4bd181aa-b15e-4fb6-b331-207cc3229c90@group-2858C96F1AE0:LeaderElection8] INFO  server.RaftServerConfigKeys (ConfUtils.java:logGet(43)) - raft.server.watch.timeout = 10s (default)
2019-09-26 17:33:15,565 [4bd181aa-b15e-4fb6-b331-207cc3229c90@group-2858C96F1AE0:LeaderElection8] INFO  server.RaftServerConfigKeys (ConfUtils.java:logGet(43)) - raft.server.watch.timeout.denomination = 1s (default)
2019-09-26 17:33:15,565 [4bd181aa-b15e-4fb6-b331-207cc3229c90@group-2858C96F1AE0:LeaderElection8] INFO  server.RaftServerConfigKeys (ConfUtils.java:logGet(43)) - raft.server.watch.element-limit = 65536 (default)
2019-09-26 17:33:15,569 [4bd181aa-b15e-4fb6-b331-207cc3229c90@group-2858C96F1AE0:LeaderElection8] INFO  impl.RoleInfo (RoleInfo.java:updateAndGet(143)) - 4bd181aa-b15e-4fb6-b331-207cc3229c90: start LeaderState
2019-09-26 17:33:15,569 [4bd181aa-b15e-4fb6-b331-207cc3229c90@group-2858C96F1AE0:LeaderElection8] INFO  segmented.SegmentedRaftLogWorker (SegmentedRaftLogWorker.java:startLogSegment(380)) - 4bd181aa-b15e-4fb6-b331-207cc3229c90@group-2858C96F1AE0-SegmentedRaftLogWorker: Starting segment from index:0
2019-09-26 17:33:15,570 [4bd181aa-b15e-4fb6-b331-207cc3229c90@group-2858C96F1AE0:LeaderElection8] INFO  impl.RaftServerImpl (ServerState.java:setRaftConf(354)) - 4bd181aa-b15e-4fb6-b331-207cc3229c90@group-2858C96F1AE0: set configuration 0: [4bd181aa-b15e-4fb6-b331-207cc3229c90:192.168.157.234:46079], old=null at 0
2019-09-26 17:33:15,599 [main] INFO  ipc.Client (Client.java:handleConnectionFailure(948)) - Retrying connect to server: localhost/127.0.0.1:0. Already tried 4 time(s); retry policy is RetryUpToMaximumCountWithFixedSleep(maxRetries=10, sleepTime=1000 MILLISECONDS)
2019-09-26 17:33:15,608 [4bd181aa-b15e-4fb6-b331-207cc3229c90@group-2858C96F1AE0-SegmentedRaftLogWorker] INFO  segmented.SegmentedRaftLogWorker (SegmentedRaftLogWorker.java:execute(569)) - 4bd181aa-b15e-4fb6-b331-207cc3229c90@group-2858C96F1AE0-SegmentedRaftLogWorker: created new log segment /workdir/hadoop-ozone/integration-test/target/test-dir/MiniOzoneClusterImpl-e957bdb1-9b3f-4e03-89f8-47fdabd8daf2/datanode-1/data/ratis/7afa8884-bc99-4bda-ac7d-2858c96f1ae0/current/log_inprogress_0
2019-09-26 17:33:15,628 [Thread-309] INFO  impl.FollowerState (FollowerState.java:run(106)) - d1db60e7-74f1-40e3-a58d-9a1b4e6b78cf:group-C9F52A38C361 changes to CANDIDATE, lastRpcTime:5140, electionTimeout:5140ms
2019-09-26 17:33:15,629 [Thread-309] INFO  impl.RoleInfo (RoleInfo.java:shutdownFollowerState(121)) - d1db60e7-74f1-40e3-a58d-9a1b4e6b78cf: shutdown FollowerState
2019-09-26 17:33:15,629 [Thread-309] INFO  impl.RaftServerImpl (RaftServerImpl.java:setRole(174)) - d1db60e7-74f1-40e3-a58d-9a1b4e6b78cf@group-C9F52A38C361: changes role from  FOLLOWER to CANDIDATE at term 0 for changeToCandidate
2019-09-26 17:33:15,629 [Thread-309] INFO  impl.RoleInfo (RoleInfo.java:updateAndGet(143)) - d1db60e7-74f1-40e3-a58d-9a1b4e6b78cf: start LeaderElection
2019-09-26 17:33:15,651 [d1db60e7-74f1-40e3-a58d-9a1b4e6b78cf@group-C9F52A38C361:LeaderElection9] INFO  impl.LeaderElection (LeaderElection.java:askForVotes(182)) - d1db60e7-74f1-40e3-a58d-9a1b4e6b78cf@group-C9F52A38C361:LeaderElection9: begin an election at term 1 for -1: [d1db60e7-74f1-40e3-a58d-9a1b4e6b78cf:192.168.157.234:45514], old=null
2019-09-26 17:33:15,652 [d1db60e7-74f1-40e3-a58d-9a1b4e6b78cf@group-C9F52A38C361:LeaderElection9] INFO  impl.RoleInfo (RoleInfo.java:shutdownLeaderElection(134)) - d1db60e7-74f1-40e3-a58d-9a1b4e6b78cf: shutdown LeaderElection
2019-09-26 17:33:15,652 [d1db60e7-74f1-40e3-a58d-9a1b4e6b78cf@group-C9F52A38C361:LeaderElection9] INFO  impl.RaftServerImpl (RaftServerImpl.java:setRole(174)) - d1db60e7-74f1-40e3-a58d-9a1b4e6b78cf@group-C9F52A38C361: changes role from CANDIDATE to LEADER at term 1 for changeToLeader
2019-09-26 17:33:15,652 [d1db60e7-74f1-40e3-a58d-9a1b4e6b78cf@group-C9F52A38C361:LeaderElection9] INFO  impl.RaftServerImpl (ServerState.java:setLeader(253)) - d1db60e7-74f1-40e3-a58d-9a1b4e6b78cf@group-C9F52A38C361: change Leader from null to d1db60e7-74f1-40e3-a58d-9a1b4e6b78cf at term 1 for becomeLeader, leader elected after 5173ms
2019-09-26 17:33:15,652 [d1db60e7-74f1-40e3-a58d-9a1b4e6b78cf@group-C9F52A38C361:LeaderElection9] INFO  server.RaftServerConfigKeys (ConfUtils.java:logGet(43)) - raft.server.staging.catchup.gap = 1000 (default)
2019-09-26 17:33:15,653 [d1db60e7-74f1-40e3-a58d-9a1b4e6b78cf@group-C9F52A38C361:LeaderElection9] INFO  server.RaftServerConfigKeys (ConfUtils.java:logGet(43)) - raft.server.rpc.sleep.time = 25ms (default)
2019-09-26 17:33:15,653 [d1db60e7-74f1-40e3-a58d-9a1b4e6b78cf@group-C9F52A38C361:LeaderElection9] INFO  server.RaftServerConfigKeys (ConfUtils.java:logGet(43)) - raft.server.write.element-limit = 4096 (default)
2019-09-26 17:33:15,653 [d1db60e7-74f1-40e3-a58d-9a1b4e6b78cf@group-C9F52A38C361:LeaderElection9] INFO  server.RaftServerConfigKeys (ConfUtils.java:logGet(43)) - raft.server.watch.timeout = 10s (default)
2019-09-26 17:33:15,654 [d1db60e7-74f1-40e3-a58d-9a1b4e6b78cf@group-C9F52A38C361:LeaderElection9] INFO  server.RaftServerConfigKeys (ConfUtils.java:logGet(43)) - raft.server.watch.timeout.denomination = 1s (default)
2019-09-26 17:33:15,654 [d1db60e7-74f1-40e3-a58d-9a1b4e6b78cf@group-C9F52A38C361:LeaderElection9] INFO  server.RaftServerConfigKeys (ConfUtils.java:logGet(43)) - raft.server.watch.element-limit = 65536 (default)
2019-09-26 17:33:15,658 [d1db60e7-74f1-40e3-a58d-9a1b4e6b78cf@group-C9F52A38C361:LeaderElection9] INFO  impl.RoleInfo (RoleInfo.java:updateAndGet(143)) - d1db60e7-74f1-40e3-a58d-9a1b4e6b78cf: start LeaderState
2019-09-26 17:33:15,659 [d1db60e7-74f1-40e3-a58d-9a1b4e6b78cf@group-C9F52A38C361:LeaderElection9] INFO  segmented.SegmentedRaftLogWorker (SegmentedRaftLogWorker.java:startLogSegment(380)) - d1db60e7-74f1-40e3-a58d-9a1b4e6b78cf@group-C9F52A38C361-SegmentedRaftLogWorker: Starting segment from index:0
2019-09-26 17:33:15,660 [d1db60e7-74f1-40e3-a58d-9a1b4e6b78cf@group-C9F52A38C361:LeaderElection9] INFO  impl.RaftServerImpl (ServerState.java:setRaftConf(354)) - d1db60e7-74f1-40e3-a58d-9a1b4e6b78cf@group-C9F52A38C361: set configuration 0: [d1db60e7-74f1-40e3-a58d-9a1b4e6b78cf:192.168.157.234:45514], old=null at 0
2019-09-26 17:33:15,698 [Thread-313] INFO  impl.FollowerState (FollowerState.java:run(106)) - 090c4de5-a6fa-4d03-a645-efabbe50ef62:group-85A86911A4E9 changes to CANDIDATE, lastRpcTime:5101, electionTimeout:5101ms
2019-09-26 17:33:15,699 [Thread-313] INFO  impl.RoleInfo (RoleInfo.java:shutdownFollowerState(121)) - 090c4de5-a6fa-4d03-a645-efabbe50ef62: shutdown FollowerState
2019-09-26 17:33:15,699 [Thread-313] INFO  impl.RaftServerImpl (RaftServerImpl.java:setRole(174)) - 090c4de5-a6fa-4d03-a645-efabbe50ef62@group-85A86911A4E9: changes role from  FOLLOWER to CANDIDATE at term 0 for changeToCandidate
2019-09-26 17:33:15,700 [Thread-313] INFO  impl.RoleInfo (RoleInfo.java:updateAndGet(143)) - 090c4de5-a6fa-4d03-a645-efabbe50ef62: start LeaderElection
2019-09-26 17:33:15,707 [d1db60e7-74f1-40e3-a58d-9a1b4e6b78cf@group-C9F52A38C361-SegmentedRaftLogWorker] INFO  segmented.SegmentedRaftLogWorker (SegmentedRaftLogWorker.java:execute(569)) - d1db60e7-74f1-40e3-a58d-9a1b4e6b78cf@group-C9F52A38C361-SegmentedRaftLogWorker: created new log segment /workdir/hadoop-ozone/integration-test/target/test-dir/MiniOzoneClusterImpl-e957bdb1-9b3f-4e03-89f8-47fdabd8daf2/datanode-5/data/ratis/06e817ae-6010-4014-b91b-c9f52a38c361/current/log_inprogress_0
2019-09-26 17:33:15,728 [090c4de5-a6fa-4d03-a645-efabbe50ef62@group-85A86911A4E9:LeaderElection10] INFO  impl.LeaderElection (LeaderElection.java:askForVotes(182)) - 090c4de5-a6fa-4d03-a645-efabbe50ef62@group-85A86911A4E9:LeaderElection10: begin an election at term 1 for -1: [090c4de5-a6fa-4d03-a645-efabbe50ef62:192.168.157.234:41033], old=null
2019-09-26 17:33:15,728 [090c4de5-a6fa-4d03-a645-efabbe50ef62@group-85A86911A4E9:LeaderElection10] INFO  impl.RoleInfo (RoleInfo.java:shutdownLeaderElection(134)) - 090c4de5-a6fa-4d03-a645-efabbe50ef62: shutdown LeaderElection
2019-09-26 17:33:15,728 [090c4de5-a6fa-4d03-a645-efabbe50ef62@group-85A86911A4E9:LeaderElection10] INFO  impl.RaftServerImpl (RaftServerImpl.java:setRole(174)) - 090c4de5-a6fa-4d03-a645-efabbe50ef62@group-85A86911A4E9: changes role from CANDIDATE to LEADER at term 1 for changeToLeader
2019-09-26 17:33:15,728 [090c4de5-a6fa-4d03-a645-efabbe50ef62@group-85A86911A4E9:LeaderElection10] INFO  impl.RaftServerImpl (ServerState.java:setLeader(253)) - 090c4de5-a6fa-4d03-a645-efabbe50ef62@group-85A86911A4E9: change Leader from null to 090c4de5-a6fa-4d03-a645-efabbe50ef62 at term 1 for becomeLeader, leader elected after 5140ms
2019-09-26 17:33:15,729 [090c4de5-a6fa-4d03-a645-efabbe50ef62@group-85A86911A4E9:LeaderElection10] INFO  server.RaftServerConfigKeys (ConfUtils.java:logGet(43)) - raft.server.staging.catchup.gap = 1000 (default)
2019-09-26 17:33:15,729 [090c4de5-a6fa-4d03-a645-efabbe50ef62@group-85A86911A4E9:LeaderElection10] INFO  server.RaftServerConfigKeys (ConfUtils.java:logGet(43)) - raft.server.rpc.sleep.time = 25ms (default)
2019-09-26 17:33:15,729 [090c4de5-a6fa-4d03-a645-efabbe50ef62@group-85A86911A4E9:LeaderElection10] INFO  server.RaftServerConfigKeys (ConfUtils.java:logGet(43)) - raft.server.write.element-limit = 4096 (default)
2019-09-26 17:33:15,729 [090c4de5-a6fa-4d03-a645-efabbe50ef62@group-85A86911A4E9:LeaderElection10] INFO  server.RaftServerConfigKeys (ConfUtils.java:logGet(43)) - raft.server.watch.timeout = 10s (default)
2019-09-26 17:33:15,729 [090c4de5-a6fa-4d03-a645-efabbe50ef62@group-85A86911A4E9:LeaderElection10] INFO  server.RaftServerConfigKeys (ConfUtils.java:logGet(43)) - raft.server.watch.timeout.denomination = 1s (default)
2019-09-26 17:33:15,730 [090c4de5-a6fa-4d03-a645-efabbe50ef62@group-85A86911A4E9:LeaderElection10] INFO  server.RaftServerConfigKeys (ConfUtils.java:logGet(43)) - raft.server.watch.element-limit = 65536 (default)
2019-09-26 17:33:15,733 [090c4de5-a6fa-4d03-a645-efabbe50ef62@group-85A86911A4E9:LeaderElection10] INFO  impl.RoleInfo (RoleInfo.java:updateAndGet(143)) - 090c4de5-a6fa-4d03-a645-efabbe50ef62: start LeaderState
2019-09-26 17:33:15,734 [090c4de5-a6fa-4d03-a645-efabbe50ef62@group-85A86911A4E9:LeaderElection10] INFO  segmented.SegmentedRaftLogWorker (SegmentedRaftLogWorker.java:startLogSegment(380)) - 090c4de5-a6fa-4d03-a645-efabbe50ef62@group-85A86911A4E9-SegmentedRaftLogWorker: Starting segment from index:0
2019-09-26 17:33:15,735 [090c4de5-a6fa-4d03-a645-efabbe50ef62@group-85A86911A4E9:LeaderElection10] INFO  impl.RaftServerImpl (ServerState.java:setRaftConf(354)) - 090c4de5-a6fa-4d03-a645-efabbe50ef62@group-85A86911A4E9: set configuration 0: [090c4de5-a6fa-4d03-a645-efabbe50ef62:192.168.157.234:41033], old=null at 0
2019-09-26 17:33:15,765 [Thread-322] INFO  impl.FollowerState (FollowerState.java:run(106)) - 4d234c04-482d-4481-920d-252ce1c5378f:group-B51692E50471 changes to CANDIDATE, lastRpcTime:5028, electionTimeout:5028ms
2019-09-26 17:33:15,765 [Thread-322] INFO  impl.RoleInfo (RoleInfo.java:shutdownFollowerState(121)) - 4d234c04-482d-4481-920d-252ce1c5378f: shutdown FollowerState
2019-09-26 17:33:15,765 [Thread-322] INFO  impl.RaftServerImpl (RaftServerImpl.java:setRole(174)) - 4d234c04-482d-4481-920d-252ce1c5378f@group-B51692E50471: changes role from  FOLLOWER to CANDIDATE at term 0 for changeToCandidate
2019-09-26 17:33:15,766 [Thread-322] INFO  impl.RoleInfo (RoleInfo.java:updateAndGet(143)) - 4d234c04-482d-4481-920d-252ce1c5378f: start LeaderElection
2019-09-26 17:33:15,771 [090c4de5-a6fa-4d03-a645-efabbe50ef62@group-85A86911A4E9-SegmentedRaftLogWorker] INFO  segmented.SegmentedRaftLogWorker (SegmentedRaftLogWorker.java:execute(569)) - 090c4de5-a6fa-4d03-a645-efabbe50ef62@group-85A86911A4E9-SegmentedRaftLogWorker: created new log segment /workdir/hadoop-ozone/integration-test/target/test-dir/MiniOzoneClusterImpl-e957bdb1-9b3f-4e03-89f8-47fdabd8daf2/datanode-6/data/ratis/f0aa0276-2303-427e-a42c-85a86911a4e9/current/log_inprogress_0
2019-09-26 17:33:15,786 [4d234c04-482d-4481-920d-252ce1c5378f@group-B51692E50471:LeaderElection11] INFO  impl.LeaderElection (LeaderElection.java:askForVotes(182)) - 4d234c04-482d-4481-920d-252ce1c5378f@group-B51692E50471:LeaderElection11: begin an election at term 1 for -1: [702f2153-2d31-40fe-9bcb-1ea73c11f529:192.168.157.234:44580, 4d234c04-482d-4481-920d-252ce1c5378f:192.168.157.234:42224, 150c97ca-4206-422c-955c-64eaeed2313b:192.168.157.234:42488], old=null
2019-09-26 17:33:15,813 [Thread-318] INFO  impl.FollowerState (FollowerState.java:run(106)) - 702f2153-2d31-40fe-9bcb-1ea73c11f529:group-B51692E50471 changes to CANDIDATE, lastRpcTime:5079, electionTimeout:5066ms
2019-09-26 17:33:15,814 [Thread-318] INFO  impl.RoleInfo (RoleInfo.java:shutdownFollowerState(121)) - 702f2153-2d31-40fe-9bcb-1ea73c11f529: shutdown FollowerState
2019-09-26 17:33:15,814 [Thread-318] INFO  impl.RaftServerImpl (RaftServerImpl.java:setRole(174)) - 702f2153-2d31-40fe-9bcb-1ea73c11f529@group-B51692E50471: changes role from  FOLLOWER to CANDIDATE at term 0 for changeToCandidate
2019-09-26 17:33:15,814 [Thread-318] INFO  impl.RoleInfo (RoleInfo.java:updateAndGet(143)) - 702f2153-2d31-40fe-9bcb-1ea73c11f529: start LeaderElection
2019-09-26 17:33:15,834 [702f2153-2d31-40fe-9bcb-1ea73c11f529@group-B51692E50471:LeaderElection12] INFO  impl.LeaderElection (LeaderElection.java:askForVotes(182)) - 702f2153-2d31-40fe-9bcb-1ea73c11f529@group-B51692E50471:LeaderElection12: begin an election at term 1 for -1: [702f2153-2d31-40fe-9bcb-1ea73c11f529:192.168.157.234:44580, 4d234c04-482d-4481-920d-252ce1c5378f:192.168.157.234:42224, 150c97ca-4206-422c-955c-64eaeed2313b:192.168.157.234:42488], old=null
2019-09-26 17:33:15,849 [grpc-default-executor-0] INFO  impl.RaftServerImpl (RaftServerImpl.java:setRole(174)) - 150c97ca-4206-422c-955c-64eaeed2313b@group-B51692E50471: changes role from  FOLLOWER to FOLLOWER at term 1 for recognizeCandidate:4d234c04-482d-4481-920d-252ce1c5378f
2019-09-26 17:33:15,849 [grpc-default-executor-0] INFO  impl.RoleInfo (RoleInfo.java:shutdownFollowerState(121)) - 150c97ca-4206-422c-955c-64eaeed2313b: shutdown FollowerState
2019-09-26 17:33:15,849 [grpc-default-executor-0] INFO  impl.RoleInfo (RoleInfo.java:updateAndGet(143)) - 150c97ca-4206-422c-955c-64eaeed2313b: start FollowerState
2019-09-26 17:33:15,878 [702f2153-2d31-40fe-9bcb-1ea73c11f529@group-B51692E50471:LeaderElection12] INFO  impl.LeaderElection (LeaderElection.java:logAndReturn(56)) - 702f2153-2d31-40fe-9bcb-1ea73c11f529@group-B51692E50471:LeaderElection12: Election REJECTED; received 2 response(s) [702f2153-2d31-40fe-9bcb-1ea73c11f529<-4d234c04-482d-4481-920d-252ce1c5378f#0:FAIL-t1, 702f2153-2d31-40fe-9bcb-1ea73c11f529<-150c97ca-4206-422c-955c-64eaeed2313b#0:FAIL-t1] and 0 exception(s); 702f2153-2d31-40fe-9bcb-1ea73c11f529@group-B51692E50471:t1, leader=null, voted=702f2153-2d31-40fe-9bcb-1ea73c11f529, raftlog=702f2153-2d31-40fe-9bcb-1ea73c11f529@group-B51692E50471-SegmentedRaftLog:OPENED:c-1,f-1,i0, conf=-1: [702f2153-2d31-40fe-9bcb-1ea73c11f529:192.168.157.234:44580, 4d234c04-482d-4481-920d-252ce1c5378f:192.168.157.234:42224, 150c97ca-4206-422c-955c-64eaeed2313b:192.168.157.234:42488], old=null
2019-09-26 17:33:15,878 [4d234c04-482d-4481-920d-252ce1c5378f@group-B51692E50471:LeaderElection11] INFO  impl.LeaderElection (LeaderElection.java:logAndReturn(56)) - 4d234c04-482d-4481-920d-252ce1c5378f@group-B51692E50471:LeaderElection11: Election PASSED; received 2 response(s) [4d234c04-482d-4481-920d-252ce1c5378f<-702f2153-2d31-40fe-9bcb-1ea73c11f529#0:FAIL-t1, 4d234c04-482d-4481-920d-252ce1c5378f<-150c97ca-4206-422c-955c-64eaeed2313b#0:OK-t1] and 0 exception(s); 4d234c04-482d-4481-920d-252ce1c5378f@group-B51692E50471:t1, leader=null, voted=4d234c04-482d-4481-920d-252ce1c5378f, raftlog=4d234c04-482d-4481-920d-252ce1c5378f@group-B51692E50471-SegmentedRaftLog:OPENED:c-1,f-1,i0, conf=-1: [702f2153-2d31-40fe-9bcb-1ea73c11f529:192.168.157.234:44580, 4d234c04-482d-4481-920d-252ce1c5378f:192.168.157.234:42224, 150c97ca-4206-422c-955c-64eaeed2313b:192.168.157.234:42488], old=null
2019-09-26 17:33:15,879 [4d234c04-482d-4481-920d-252ce1c5378f@group-B51692E50471:LeaderElection11] INFO  impl.RoleInfo (RoleInfo.java:shutdownLeaderElection(134)) - 4d234c04-482d-4481-920d-252ce1c5378f: shutdown LeaderElection
2019-09-26 17:33:15,879 [702f2153-2d31-40fe-9bcb-1ea73c11f529@group-B51692E50471:LeaderElection12] INFO  impl.RaftServerImpl (RaftServerImpl.java:setRole(174)) - 702f2153-2d31-40fe-9bcb-1ea73c11f529@group-B51692E50471: changes role from CANDIDATE to FOLLOWER at term 1 for DISCOVERED_A_NEW_TERM
2019-09-26 17:33:15,883 [702f2153-2d31-40fe-9bcb-1ea73c11f529@group-B51692E50471:LeaderElection12] INFO  impl.RoleInfo (RoleInfo.java:shutdownLeaderElection(134)) - 702f2153-2d31-40fe-9bcb-1ea73c11f529: shutdown LeaderElection
2019-09-26 17:33:15,883 [4d234c04-482d-4481-920d-252ce1c5378f@group-B51692E50471:LeaderElection11] INFO  impl.RaftServerImpl (RaftServerImpl.java:setRole(174)) - 4d234c04-482d-4481-920d-252ce1c5378f@group-B51692E50471: changes role from CANDIDATE to LEADER at term 1 for changeToLeader
2019-09-26 17:33:15,883 [702f2153-2d31-40fe-9bcb-1ea73c11f529@group-B51692E50471:LeaderElection12] INFO  impl.RoleInfo (RoleInfo.java:updateAndGet(143)) - 702f2153-2d31-40fe-9bcb-1ea73c11f529: start FollowerState
2019-09-26 17:33:15,883 [4d234c04-482d-4481-920d-252ce1c5378f@group-B51692E50471:LeaderElection11] INFO  impl.RaftServerImpl (ServerState.java:setLeader(253)) - 4d234c04-482d-4481-920d-252ce1c5378f@group-B51692E50471: change Leader from null to 4d234c04-482d-4481-920d-252ce1c5378f at term 1 for becomeLeader, leader elected after 5160ms
2019-09-26 17:33:15,885 [Thread-329] INFO  impl.FollowerState (FollowerState.java:run(106)) - 815536f4-dee7-4433-8f37-6956ea789edb:group-DD316D7CA787 changes to CANDIDATE, lastRpcTime:5030, electionTimeout:5030ms
2019-09-26 17:33:15,886 [4d234c04-482d-4481-920d-252ce1c5378f@group-B51692E50471:LeaderElection11] INFO  server.RaftServerConfigKeys (ConfUtils.java:logGet(43)) - raft.server.staging.catchup.gap = 1000 (default)
2019-09-26 17:33:15,886 [Thread-329] INFO  impl.RoleInfo (RoleInfo.java:shutdownFollowerState(121)) - 815536f4-dee7-4433-8f37-6956ea789edb: shutdown FollowerState
2019-09-26 17:33:15,886 [4d234c04-482d-4481-920d-252ce1c5378f@group-B51692E50471:LeaderElection11] INFO  server.RaftServerConfigKeys (ConfUtils.java:logGet(43)) - raft.server.rpc.sleep.time = 25ms (default)
2019-09-26 17:33:15,886 [Thread-329] INFO  impl.RaftServerImpl (RaftServerImpl.java:setRole(174)) - 815536f4-dee7-4433-8f37-6956ea789edb@group-DD316D7CA787: changes role from  FOLLOWER to CANDIDATE at term 0 for changeToCandidate
2019-09-26 17:33:15,886 [4d234c04-482d-4481-920d-252ce1c5378f@group-B51692E50471:LeaderElection11] INFO  server.RaftServerConfigKeys (ConfUtils.java:logGet(43)) - raft.server.write.element-limit = 4096 (default)
2019-09-26 17:33:15,886 [Thread-329] INFO  impl.RoleInfo (RoleInfo.java:updateAndGet(143)) - 815536f4-dee7-4433-8f37-6956ea789edb: start LeaderElection
2019-09-26 17:33:15,886 [4d234c04-482d-4481-920d-252ce1c5378f@group-B51692E50471:LeaderElection11] INFO  server.RaftServerConfigKeys (ConfUtils.java:logGet(43)) - raft.server.watch.timeout = 10s (default)
2019-09-26 17:33:15,887 [4d234c04-482d-4481-920d-252ce1c5378f@group-B51692E50471:LeaderElection11] INFO  server.RaftServerConfigKeys (ConfUtils.java:logGet(43)) - raft.server.watch.timeout.denomination = 1s (default)
2019-09-26 17:33:15,887 [4d234c04-482d-4481-920d-252ce1c5378f@group-B51692E50471:LeaderElection11] INFO  server.RaftServerConfigKeys (ConfUtils.java:logGet(43)) - raft.server.watch.element-limit = 65536 (default)
2019-09-26 17:33:15,895 [4d234c04-482d-4481-920d-252ce1c5378f@group-B51692E50471:LeaderElection11] INFO  server.RaftServerConfigKeys (ConfUtils.java:logGet(43)) - raft.server.log.appender.snapshot.chunk.size.max = 16MB (=16777216) (default)
2019-09-26 17:33:15,895 [4d234c04-482d-4481-920d-252ce1c5378f@group-B51692E50471:LeaderElection11] INFO  server.RaftServerConfigKeys (ConfUtils.java:logGet(43)) - raft.server.log.appender.buffer.byte-limit = 33554432 (custom)
2019-09-26 17:33:15,895 [4d234c04-482d-4481-920d-252ce1c5378f@group-B51692E50471:LeaderElection11] INFO  server.RaftServerConfigKeys (ConfUtils.java:logGet(43)) - raft.server.log.appender.buffer.element-limit = 1 (custom)
2019-09-26 17:33:15,899 [4d234c04-482d-4481-920d-252ce1c5378f@group-B51692E50471:LeaderElection11] INFO  grpc.GrpcConfigKeys$Server (ConfUtils.java:logGet(43)) - raft.grpc.server.leader.outstanding.appends.max = 128 (default)
2019-09-26 17:33:15,901 [4d234c04-482d-4481-920d-252ce1c5378f@group-B51692E50471:LeaderElection11] INFO  server.RaftServerConfigKeys (ConfUtils.java:logGet(43)) - raft.server.rpc.request.timeout = 3000ms (default)
2019-09-26 17:33:15,901 [4d234c04-482d-4481-920d-252ce1c5378f@group-B51692E50471:LeaderElection11] INFO  server.RaftServerConfigKeys (ConfUtils.java:logGet(43)) - raft.server.log.appender.install.snapshot.enabled = false (custom)
2019-09-26 17:33:15,902 [4d234c04-482d-4481-920d-252ce1c5378f@group-B51692E50471:LeaderElection11] INFO  server.RaftServerConfigKeys (ConfUtils.java:logGet(43)) - raft.server.log.appender.snapshot.chunk.size.max = 16MB (=16777216) (default)
2019-09-26 17:33:15,902 [4d234c04-482d-4481-920d-252ce1c5378f@group-B51692E50471:LeaderElection11] INFO  server.RaftServerConfigKeys (ConfUtils.java:logGet(43)) - raft.server.log.appender.buffer.byte-limit = 33554432 (custom)
2019-09-26 17:33:15,902 [4d234c04-482d-4481-920d-252ce1c5378f@group-B51692E50471:LeaderElection11] INFO  server.RaftServerConfigKeys (ConfUtils.java:logGet(43)) - raft.server.log.appender.buffer.element-limit = 1 (custom)
2019-09-26 17:33:15,902 [4d234c04-482d-4481-920d-252ce1c5378f@group-B51692E50471:LeaderElection11] INFO  grpc.GrpcConfigKeys$Server (ConfUtils.java:logGet(43)) - raft.grpc.server.leader.outstanding.appends.max = 128 (default)
2019-09-26 17:33:15,903 [4d234c04-482d-4481-920d-252ce1c5378f@group-B51692E50471:LeaderElection11] INFO  server.RaftServerConfigKeys (ConfUtils.java:logGet(43)) - raft.server.rpc.request.timeout = 3000ms (default)
2019-09-26 17:33:15,903 [4d234c04-482d-4481-920d-252ce1c5378f@group-B51692E50471:LeaderElection11] INFO  server.RaftServerConfigKeys (ConfUtils.java:logGet(43)) - raft.server.log.appender.install.snapshot.enabled = false (custom)
2019-09-26 17:33:15,904 [815536f4-dee7-4433-8f37-6956ea789edb@group-DD316D7CA787:LeaderElection13] INFO  impl.LeaderElection (LeaderElection.java:askForVotes(182)) - 815536f4-dee7-4433-8f37-6956ea789edb@group-DD316D7CA787:LeaderElection13: begin an election at term 1 for -1: [b0d633e9-e5dd-4965-9348-f887f26d3e3f:192.168.157.234:36411, 815536f4-dee7-4433-8f37-6956ea789edb:192.168.157.234:36203, 11011891-d857-4221-8ea5-6747af062c6a:192.168.157.234:35503], old=null
2019-09-26 17:33:15,909 [4d234c04-482d-4481-920d-252ce1c5378f@group-B51692E50471:LeaderElection11] INFO  impl.RoleInfo (RoleInfo.java:updateAndGet(143)) - 4d234c04-482d-4481-920d-252ce1c5378f: start LeaderState
2019-09-26 17:33:15,909 [4d234c04-482d-4481-920d-252ce1c5378f@group-B51692E50471:LeaderElection11] INFO  segmented.SegmentedRaftLogWorker (SegmentedRaftLogWorker.java:startLogSegment(380)) - 4d234c04-482d-4481-920d-252ce1c5378f@group-B51692E50471-SegmentedRaftLogWorker: Starting segment from index:0
2019-09-26 17:33:15,910 [4d234c04-482d-4481-920d-252ce1c5378f@group-B51692E50471:LeaderElection11] INFO  impl.RaftServerImpl (ServerState.java:setRaftConf(354)) - 4d234c04-482d-4481-920d-252ce1c5378f@group-B51692E50471: set configuration 0: [702f2153-2d31-40fe-9bcb-1ea73c11f529:192.168.157.234:44580, 4d234c04-482d-4481-920d-252ce1c5378f:192.168.157.234:42224, 150c97ca-4206-422c-955c-64eaeed2313b:192.168.157.234:42488], old=null at 0
2019-09-26 17:33:15,938 [grpc-default-executor-1] INFO  impl.RaftServerImpl (RaftServerImpl.java:setRole(174)) - 11011891-d857-4221-8ea5-6747af062c6a@group-DD316D7CA787: changes role from  FOLLOWER to FOLLOWER at term 1 for recognizeCandidate:815536f4-dee7-4433-8f37-6956ea789edb
2019-09-26 17:33:15,940 [grpc-default-executor-0] INFO  impl.RaftServerImpl (RaftServerImpl.java:setRole(174)) - b0d633e9-e5dd-4965-9348-f887f26d3e3f@group-DD316D7CA787: changes role from  FOLLOWER to FOLLOWER at term 1 for recognizeCandidate:815536f4-dee7-4433-8f37-6956ea789edb
2019-09-26 17:33:15,940 [grpc-default-executor-1] INFO  impl.RoleInfo (RoleInfo.java:shutdownFollowerState(121)) - 11011891-d857-4221-8ea5-6747af062c6a: shutdown FollowerState
2019-09-26 17:33:15,941 [grpc-default-executor-0] INFO  impl.RoleInfo (RoleInfo.java:shutdownFollowerState(121)) - b0d633e9-e5dd-4965-9348-f887f26d3e3f: shutdown FollowerState
2019-09-26 17:33:15,941 [grpc-default-executor-1] INFO  impl.RoleInfo (RoleInfo.java:updateAndGet(143)) - 11011891-d857-4221-8ea5-6747af062c6a: start FollowerState
2019-09-26 17:33:15,941 [grpc-default-executor-0] INFO  impl.RoleInfo (RoleInfo.java:updateAndGet(143)) - b0d633e9-e5dd-4965-9348-f887f26d3e3f: start FollowerState
2019-09-26 17:33:15,941 [Thread-327] INFO  impl.FollowerState (FollowerState.java:run(115)) - b0d633e9-e5dd-4965-9348-f887f26d3e3f: FollowerState was interrupted: java.lang.InterruptedException: sleep interrupted
2019-09-26 17:33:15,941 [Thread-331] INFO  impl.FollowerState (FollowerState.java:run(115)) - 11011891-d857-4221-8ea5-6747af062c6a: FollowerState was interrupted: java.lang.InterruptedException: sleep interrupted
2019-09-26 17:33:15,950 [4d234c04-482d-4481-920d-252ce1c5378f@group-B51692E50471-SegmentedRaftLogWorker] INFO  segmented.SegmentedRaftLogWorker (SegmentedRaftLogWorker.java:execute(569)) - 4d234c04-482d-4481-920d-252ce1c5378f@group-B51692E50471-SegmentedRaftLogWorker: created new log segment /workdir/hadoop-ozone/integration-test/target/test-dir/MiniOzoneClusterImpl-e957bdb1-9b3f-4e03-89f8-47fdabd8daf2/datanode-4/data/ratis/d80859c0-a94a-43a5-9a55-b51692e50471/current/log_inprogress_0
2019-09-26 17:33:15,963 [grpc-default-executor-2] INFO  impl.RaftServerImpl (ServerState.java:setLeader(253)) - 702f2153-2d31-40fe-9bcb-1ea73c11f529@group-B51692E50471: change Leader from null to 4d234c04-482d-4481-920d-252ce1c5378f at term 1 for appendEntries, leader elected after 5240ms
2019-09-26 17:33:15,963 [grpc-default-executor-3] INFO  impl.RaftServerImpl (ServerState.java:setLeader(253)) - 150c97ca-4206-422c-955c-64eaeed2313b@group-B51692E50471: change Leader from null to 4d234c04-482d-4481-920d-252ce1c5378f at term 1 for appendEntries, leader elected after 5239ms
2019-09-26 17:33:15,978 [815536f4-dee7-4433-8f37-6956ea789edb@group-DD316D7CA787:LeaderElection13] INFO  impl.LeaderElection (LeaderElection.java:logAndReturn(56)) - 815536f4-dee7-4433-8f37-6956ea789edb@group-DD316D7CA787:LeaderElection13: Election PASSED; received 1 response(s) [815536f4-dee7-4433-8f37-6956ea789edb<-11011891-d857-4221-8ea5-6747af062c6a#0:OK-t1] and 0 exception(s); 815536f4-dee7-4433-8f37-6956ea789edb@group-DD316D7CA787:t1, leader=null, voted=815536f4-dee7-4433-8f37-6956ea789edb, raftlog=815536f4-dee7-4433-8f37-6956ea789edb@group-DD316D7CA787-SegmentedRaftLog:OPENED:c-1,f-1,i0, conf=-1: [b0d633e9-e5dd-4965-9348-f887f26d3e3f:192.168.157.234:36411, 815536f4-dee7-4433-8f37-6956ea789edb:192.168.157.234:36203, 11011891-d857-4221-8ea5-6747af062c6a:192.168.157.234:35503], old=null
2019-09-26 17:33:15,978 [815536f4-dee7-4433-8f37-6956ea789edb@group-DD316D7CA787:LeaderElection13] INFO  impl.RoleInfo (RoleInfo.java:shutdownLeaderElection(134)) - 815536f4-dee7-4433-8f37-6956ea789edb: shutdown LeaderElection
2019-09-26 17:33:15,980 [815536f4-dee7-4433-8f37-6956ea789edb@group-DD316D7CA787:LeaderElection13] INFO  impl.RaftServerImpl (RaftServerImpl.java:setRole(174)) - 815536f4-dee7-4433-8f37-6956ea789edb@group-DD316D7CA787: changes role from CANDIDATE to LEADER at term 1 for changeToLeader
2019-09-26 17:33:15,980 [815536f4-dee7-4433-8f37-6956ea789edb@group-DD316D7CA787:LeaderElection13] INFO  impl.RaftServerImpl (ServerState.java:setLeader(253)) - 815536f4-dee7-4433-8f37-6956ea789edb@group-DD316D7CA787: change Leader from null to 815536f4-dee7-4433-8f37-6956ea789edb at term 1 for becomeLeader, leader elected after 5136ms
2019-09-26 17:33:15,980 [815536f4-dee7-4433-8f37-6956ea789edb@group-DD316D7CA787:LeaderElection13] INFO  server.RaftServerConfigKeys (ConfUtils.java:logGet(43)) - raft.server.staging.catchup.gap = 1000 (default)
2019-09-26 17:33:15,980 [815536f4-dee7-4433-8f37-6956ea789edb@group-DD316D7CA787:LeaderElection13] INFO  server.RaftServerConfigKeys (ConfUtils.java:logGet(43)) - raft.server.rpc.sleep.time = 25ms (default)
2019-09-26 17:33:15,981 [815536f4-dee7-4433-8f37-6956ea789edb@group-DD316D7CA787:LeaderElection13] INFO  server.RaftServerConfigKeys (ConfUtils.java:logGet(43)) - raft.server.write.element-limit = 4096 (default)
2019-09-26 17:33:15,981 [815536f4-dee7-4433-8f37-6956ea789edb@group-DD316D7CA787:LeaderElection13] INFO  server.RaftServerConfigKeys (ConfUtils.java:logGet(43)) - raft.server.watch.timeout = 10s (default)
2019-09-26 17:33:15,981 [815536f4-dee7-4433-8f37-6956ea789edb@group-DD316D7CA787:LeaderElection13] INFO  server.RaftServerConfigKeys (ConfUtils.java:logGet(43)) - raft.server.watch.timeout.denomination = 1s (default)
2019-09-26 17:33:15,981 [815536f4-dee7-4433-8f37-6956ea789edb@group-DD316D7CA787:LeaderElection13] INFO  server.RaftServerConfigKeys (ConfUtils.java:logGet(43)) - raft.server.watch.element-limit = 65536 (default)
2019-09-26 17:33:15,986 [815536f4-dee7-4433-8f37-6956ea789edb@group-DD316D7CA787:LeaderElection13] INFO  server.RaftServerConfigKeys (ConfUtils.java:logGet(43)) - raft.server.log.appender.snapshot.chunk.size.max = 16MB (=16777216) (default)
2019-09-26 17:33:15,986 [815536f4-dee7-4433-8f37-6956ea789edb@group-DD316D7CA787:LeaderElection13] INFO  server.RaftServerConfigKeys (ConfUtils.java:logGet(43)) - raft.server.log.appender.buffer.byte-limit = 33554432 (custom)
2019-09-26 17:33:15,987 [815536f4-dee7-4433-8f37-6956ea789edb@group-DD316D7CA787:LeaderElection13] INFO  server.RaftServerConfigKeys (ConfUtils.java:logGet(43)) - raft.server.log.appender.buffer.element-limit = 1 (custom)
2019-09-26 17:33:15,990 [815536f4-dee7-4433-8f37-6956ea789edb@group-DD316D7CA787:LeaderElection13] INFO  grpc.GrpcConfigKeys$Server (ConfUtils.java:logGet(43)) - raft.grpc.server.leader.outstanding.appends.max = 128 (default)
2019-09-26 17:33:15,990 [815536f4-dee7-4433-8f37-6956ea789edb@group-DD316D7CA787:LeaderElection13] INFO  server.RaftServerConfigKeys (ConfUtils.java:logGet(43)) - raft.server.rpc.request.timeout = 3000ms (default)
2019-09-26 17:33:15,990 [815536f4-dee7-4433-8f37-6956ea789edb@group-DD316D7CA787:LeaderElection13] INFO  server.RaftServerConfigKeys (ConfUtils.java:logGet(43)) - raft.server.log.appender.install.snapshot.enabled = false (custom)
2019-09-26 17:33:15,991 [815536f4-dee7-4433-8f37-6956ea789edb@group-DD316D7CA787:LeaderElection13] INFO  server.RaftServerConfigKeys (ConfUtils.java:logGet(43)) - raft.server.log.appender.snapshot.chunk.size.max = 16MB (=16777216) (default)
2019-09-26 17:33:15,991 [815536f4-dee7-4433-8f37-6956ea789edb@group-DD316D7CA787:LeaderElection13] INFO  server.RaftServerConfigKeys (ConfUtils.java:logGet(43)) - raft.server.log.appender.buffer.byte-limit = 33554432 (custom)
2019-09-26 17:33:15,991 [815536f4-dee7-4433-8f37-6956ea789edb@group-DD316D7CA787:LeaderElection13] INFO  server.RaftServerConfigKeys (ConfUtils.java:logGet(43)) - raft.server.log.appender.buffer.element-limit = 1 (custom)
2019-09-26 17:33:15,992 [815536f4-dee7-4433-8f37-6956ea789edb@group-DD316D7CA787:LeaderElection13] INFO  grpc.GrpcConfigKeys$Server (ConfUtils.java:logGet(43)) - raft.grpc.server.leader.outstanding.appends.max = 128 (default)
2019-09-26 17:33:15,992 [815536f4-dee7-4433-8f37-6956ea789edb@group-DD316D7CA787:LeaderElection13] INFO  server.RaftServerConfigKeys (ConfUtils.java:logGet(43)) - raft.server.rpc.request.timeout = 3000ms (default)
2019-09-26 17:33:15,992 [815536f4-dee7-4433-8f37-6956ea789edb@group-DD316D7CA787:LeaderElection13] INFO  server.RaftServerConfigKeys (ConfUtils.java:logGet(43)) - raft.server.log.appender.install.snapshot.enabled = false (custom)
2019-09-26 17:33:15,992 [815536f4-dee7-4433-8f37-6956ea789edb@group-DD316D7CA787:LeaderElection13] INFO  impl.RoleInfo (RoleInfo.java:updateAndGet(143)) - 815536f4-dee7-4433-8f37-6956ea789edb: start LeaderState
2019-09-26 17:33:15,993 [815536f4-dee7-4433-8f37-6956ea789edb@group-DD316D7CA787:LeaderElection13] INFO  segmented.SegmentedRaftLogWorker (SegmentedRaftLogWorker.java:startLogSegment(380)) - 815536f4-dee7-4433-8f37-6956ea789edb@group-DD316D7CA787-SegmentedRaftLogWorker: Starting segment from index:0
2019-09-26 17:33:15,996 [815536f4-dee7-4433-8f37-6956ea789edb@group-DD316D7CA787:LeaderElection13] INFO  impl.RaftServerImpl (ServerState.java:setRaftConf(354)) - 815536f4-dee7-4433-8f37-6956ea789edb@group-DD316D7CA787: set configuration 0: [b0d633e9-e5dd-4965-9348-f887f26d3e3f:192.168.157.234:36411, 815536f4-dee7-4433-8f37-6956ea789edb:192.168.157.234:36203, 11011891-d857-4221-8ea5-6747af062c6a:192.168.157.234:35503], old=null at 0
2019-09-26 17:33:16,016 [Thread-335] INFO  impl.FollowerState (FollowerState.java:run(106)) - d1db60e7-74f1-40e3-a58d-9a1b4e6b78cf:group-C48F6741ACCA changes to CANDIDATE, lastRpcTime:5040, electionTimeout:5037ms
2019-09-26 17:33:16,025 [Thread-335] INFO  impl.RoleInfo (RoleInfo.java:shutdownFollowerState(121)) - d1db60e7-74f1-40e3-a58d-9a1b4e6b78cf: shutdown FollowerState
2019-09-26 17:33:16,025 [Thread-335] INFO  impl.RaftServerImpl (RaftServerImpl.java:setRole(174)) - d1db60e7-74f1-40e3-a58d-9a1b4e6b78cf@group-C48F6741ACCA: changes role from  FOLLOWER to CANDIDATE at term 0 for changeToCandidate
2019-09-26 17:33:16,025 [Thread-335] INFO  impl.RoleInfo (RoleInfo.java:updateAndGet(143)) - d1db60e7-74f1-40e3-a58d-9a1b4e6b78cf: start LeaderElection
2019-09-26 17:33:16,028 [815536f4-dee7-4433-8f37-6956ea789edb@group-DD316D7CA787-SegmentedRaftLogWorker] INFO  segmented.SegmentedRaftLogWorker (SegmentedRaftLogWorker.java:execute(569)) - 815536f4-dee7-4433-8f37-6956ea789edb@group-DD316D7CA787-SegmentedRaftLogWorker: created new log segment /workdir/hadoop-ozone/integration-test/target/test-dir/MiniOzoneClusterImpl-e957bdb1-9b3f-4e03-89f8-47fdabd8daf2/datanode-8/data/ratis/456c0055-3eaa-4f9a-9af0-dd316d7ca787/current/log_inprogress_0
2019-09-26 17:33:16,034 [grpc-default-executor-2] INFO  impl.RaftServerImpl (ServerState.java:setLeader(253)) - 11011891-d857-4221-8ea5-6747af062c6a@group-DD316D7CA787: change Leader from null to 815536f4-dee7-4433-8f37-6956ea789edb at term 1 for appendEntries, leader elected after 5190ms
2019-09-26 17:33:16,037 [grpc-default-executor-3] INFO  impl.RaftServerImpl (ServerState.java:setLeader(253)) - b0d633e9-e5dd-4965-9348-f887f26d3e3f@group-DD316D7CA787: change Leader from null to 815536f4-dee7-4433-8f37-6956ea789edb at term 1 for appendEntries, leader elected after 5193ms
2019-09-26 17:33:16,039 [Thread-339] INFO  impl.FollowerState (FollowerState.java:run(106)) - 5be8714d-2642-4bf1-86d9-fb9f2e784a52:group-C48F6741ACCA changes to CANDIDATE, lastRpcTime:5054, electionTimeout:5054ms
2019-09-26 17:33:16,039 [Thread-339] INFO  impl.RoleInfo (RoleInfo.java:shutdownFollowerState(121)) - 5be8714d-2642-4bf1-86d9-fb9f2e784a52: shutdown FollowerState
2019-09-26 17:33:16,039 [Thread-339] INFO  impl.RaftServerImpl (RaftServerImpl.java:setRole(174)) - 5be8714d-2642-4bf1-86d9-fb9f2e784a52@group-C48F6741ACCA: changes role from  FOLLOWER to CANDIDATE at term 0 for changeToCandidate
2019-09-26 17:33:16,039 [Thread-339] INFO  impl.RoleInfo (RoleInfo.java:updateAndGet(143)) - 5be8714d-2642-4bf1-86d9-fb9f2e784a52: start LeaderElection
2019-09-26 17:33:16,045 [d1db60e7-74f1-40e3-a58d-9a1b4e6b78cf@group-C48F6741ACCA:LeaderElection14] INFO  impl.LeaderElection (LeaderElection.java:askForVotes(182)) - d1db60e7-74f1-40e3-a58d-9a1b4e6b78cf@group-C48F6741ACCA:LeaderElection14: begin an election at term 1 for -1: [4bd181aa-b15e-4fb6-b331-207cc3229c90:192.168.157.234:46079, d1db60e7-74f1-40e3-a58d-9a1b4e6b78cf:192.168.157.234:45514, 5be8714d-2642-4bf1-86d9-fb9f2e784a52:192.168.157.234:41550], old=null
2019-09-26 17:33:16,053 [grpc-default-executor-4] INFO  impl.RaftServerImpl (ServerState.java:setRaftConf(354)) - b0d633e9-e5dd-4965-9348-f887f26d3e3f@group-DD316D7CA787: set configuration 0: [b0d633e9-e5dd-4965-9348-f887f26d3e3f:192.168.157.234:36411, 815536f4-dee7-4433-8f37-6956ea789edb:192.168.157.234:36203, 11011891-d857-4221-8ea5-6747af062c6a:192.168.157.234:35503], old=null at 0
2019-09-26 17:33:16,053 [grpc-default-executor-3] INFO  impl.RaftServerImpl (ServerState.java:setRaftConf(354)) - 702f2153-2d31-40fe-9bcb-1ea73c11f529@group-B51692E50471: set configuration 0: [702f2153-2d31-40fe-9bcb-1ea73c11f529:192.168.157.234:44580, 4d234c04-482d-4481-920d-252ce1c5378f:192.168.157.234:42224, 150c97ca-4206-422c-955c-64eaeed2313b:192.168.157.234:42488], old=null at 0
2019-09-26 17:33:16,053 [grpc-default-executor-0] INFO  impl.RaftServerImpl (ServerState.java:setRaftConf(354)) - 11011891-d857-4221-8ea5-6747af062c6a@group-DD316D7CA787: set configuration 0: [b0d633e9-e5dd-4965-9348-f887f26d3e3f:192.168.157.234:36411, 815536f4-dee7-4433-8f37-6956ea789edb:192.168.157.234:36203, 11011891-d857-4221-8ea5-6747af062c6a:192.168.157.234:35503], old=null at 0
2019-09-26 17:33:16,053 [grpc-default-executor-2] INFO  impl.RaftServerImpl (ServerState.java:setRaftConf(354)) - 150c97ca-4206-422c-955c-64eaeed2313b@group-B51692E50471: set configuration 0: [702f2153-2d31-40fe-9bcb-1ea73c11f529:192.168.157.234:44580, 4d234c04-482d-4481-920d-252ce1c5378f:192.168.157.234:42224, 150c97ca-4206-422c-955c-64eaeed2313b:192.168.157.234:42488], old=null at 0
2019-09-26 17:33:16,053 [grpc-default-executor-4] INFO  segmented.SegmentedRaftLogWorker (SegmentedRaftLogWorker.java:startLogSegment(380)) - b0d633e9-e5dd-4965-9348-f887f26d3e3f@group-DD316D7CA787-SegmentedRaftLogWorker: Starting segment from index:0
2019-09-26 17:33:16,054 [grpc-default-executor-2] INFO  segmented.SegmentedRaftLogWorker (SegmentedRaftLogWorker.java:startLogSegment(380)) - 150c97ca-4206-422c-955c-64eaeed2313b@group-B51692E50471-SegmentedRaftLogWorker: Starting segment from index:0
2019-09-26 17:33:16,054 [grpc-default-executor-0] INFO  segmented.SegmentedRaftLogWorker (SegmentedRaftLogWorker.java:startLogSegment(380)) - 11011891-d857-4221-8ea5-6747af062c6a@group-DD316D7CA787-SegmentedRaftLogWorker: Starting segment from index:0
2019-09-26 17:33:16,054 [grpc-default-executor-3] INFO  segmented.SegmentedRaftLogWorker (SegmentedRaftLogWorker.java:startLogSegment(380)) - 702f2153-2d31-40fe-9bcb-1ea73c11f529@group-B51692E50471-SegmentedRaftLogWorker: Starting segment from index:0
2019-09-26 17:33:16,098 [5be8714d-2642-4bf1-86d9-fb9f2e784a52@group-C48F6741ACCA:LeaderElection15] INFO  impl.LeaderElection (LeaderElection.java:askForVotes(182)) - 5be8714d-2642-4bf1-86d9-fb9f2e784a52@group-C48F6741ACCA:LeaderElection15: begin an election at term 1 for -1: [4bd181aa-b15e-4fb6-b331-207cc3229c90:192.168.157.234:46079, d1db60e7-74f1-40e3-a58d-9a1b4e6b78cf:192.168.157.234:45514, 5be8714d-2642-4bf1-86d9-fb9f2e784a52:192.168.157.234:41550], old=null
2019-09-26 17:33:16,100 [grpc-default-executor-0] INFO  impl.RaftServerImpl (RaftServerImpl.java:setRole(174)) - 4bd181aa-b15e-4fb6-b331-207cc3229c90@group-C48F6741ACCA: changes role from  FOLLOWER to FOLLOWER at term 1 for recognizeCandidate:d1db60e7-74f1-40e3-a58d-9a1b4e6b78cf
2019-09-26 17:33:16,100 [grpc-default-executor-0] INFO  impl.RoleInfo (RoleInfo.java:shutdownFollowerState(121)) - 4bd181aa-b15e-4fb6-b331-207cc3229c90: shutdown FollowerState
2019-09-26 17:33:16,101 [grpc-default-executor-0] INFO  impl.RoleInfo (RoleInfo.java:updateAndGet(143)) - 4bd181aa-b15e-4fb6-b331-207cc3229c90: start FollowerState
2019-09-26 17:33:16,101 [Thread-338] INFO  impl.FollowerState (FollowerState.java:run(115)) - 4bd181aa-b15e-4fb6-b331-207cc3229c90: FollowerState was interrupted: java.lang.InterruptedException: sleep interrupted
2019-09-26 17:33:16,107 [b0d633e9-e5dd-4965-9348-f887f26d3e3f@group-DD316D7CA787-SegmentedRaftLogWorker] INFO  segmented.SegmentedRaftLogWorker (SegmentedRaftLogWorker.java:execute(569)) - b0d633e9-e5dd-4965-9348-f887f26d3e3f@group-DD316D7CA787-SegmentedRaftLogWorker: created new log segment /workdir/hadoop-ozone/integration-test/target/test-dir/MiniOzoneClusterImpl-e957bdb1-9b3f-4e03-89f8-47fdabd8daf2/datanode-3/data/ratis/456c0055-3eaa-4f9a-9af0-dd316d7ca787/current/log_inprogress_0
2019-09-26 17:33:16,108 [150c97ca-4206-422c-955c-64eaeed2313b@group-B51692E50471-SegmentedRaftLogWorker] INFO  segmented.SegmentedRaftLogWorker (SegmentedRaftLogWorker.java:execute(569)) - 150c97ca-4206-422c-955c-64eaeed2313b@group-B51692E50471-SegmentedRaftLogWorker: created new log segment /workdir/hadoop-ozone/integration-test/target/test-dir/MiniOzoneClusterImpl-e957bdb1-9b3f-4e03-89f8-47fdabd8daf2/datanode-9/data/ratis/d80859c0-a94a-43a5-9a55-b51692e50471/current/log_inprogress_0
2019-09-26 17:33:16,108 [702f2153-2d31-40fe-9bcb-1ea73c11f529@group-B51692E50471-SegmentedRaftLogWorker] INFO  segmented.SegmentedRaftLogWorker (SegmentedRaftLogWorker.java:execute(569)) - 702f2153-2d31-40fe-9bcb-1ea73c11f529@group-B51692E50471-SegmentedRaftLogWorker: created new log segment /workdir/hadoop-ozone/integration-test/target/test-dir/MiniOzoneClusterImpl-e957bdb1-9b3f-4e03-89f8-47fdabd8daf2/datanode-0/data/ratis/d80859c0-a94a-43a5-9a55-b51692e50471/current/log_inprogress_0
2019-09-26 17:33:16,108 [11011891-d857-4221-8ea5-6747af062c6a@group-DD316D7CA787-SegmentedRaftLogWorker] INFO  segmented.SegmentedRaftLogWorker (SegmentedRaftLogWorker.java:execute(569)) - 11011891-d857-4221-8ea5-6747af062c6a@group-DD316D7CA787-SegmentedRaftLogWorker: created new log segment /workdir/hadoop-ozone/integration-test/target/test-dir/MiniOzoneClusterImpl-e957bdb1-9b3f-4e03-89f8-47fdabd8daf2/datanode-2/data/ratis/456c0055-3eaa-4f9a-9af0-dd316d7ca787/current/log_inprogress_0
2019-09-26 17:33:16,138 [5be8714d-2642-4bf1-86d9-fb9f2e784a52@group-C48F6741ACCA:LeaderElection15] INFO  impl.LeaderElection (LeaderElection.java:logAndReturn(56)) - 5be8714d-2642-4bf1-86d9-fb9f2e784a52@group-C48F6741ACCA:LeaderElection15: Election REJECTED; received 2 response(s) [5be8714d-2642-4bf1-86d9-fb9f2e784a52<-4bd181aa-b15e-4fb6-b331-207cc3229c90#0:FAIL-t1, 5be8714d-2642-4bf1-86d9-fb9f2e784a52<-d1db60e7-74f1-40e3-a58d-9a1b4e6b78cf#0:FAIL-t1] and 0 exception(s); 5be8714d-2642-4bf1-86d9-fb9f2e784a52@group-C48F6741ACCA:t1, leader=null, voted=5be8714d-2642-4bf1-86d9-fb9f2e784a52, raftlog=5be8714d-2642-4bf1-86d9-fb9f2e784a52@group-C48F6741ACCA-SegmentedRaftLog:OPENED:c-1,f-1,i0, conf=-1: [4bd181aa-b15e-4fb6-b331-207cc3229c90:192.168.157.234:46079, d1db60e7-74f1-40e3-a58d-9a1b4e6b78cf:192.168.157.234:45514, 5be8714d-2642-4bf1-86d9-fb9f2e784a52:192.168.157.234:41550], old=null
2019-09-26 17:33:16,141 [5be8714d-2642-4bf1-86d9-fb9f2e784a52@group-C48F6741ACCA:LeaderElection15] INFO  impl.RaftServerImpl (RaftServerImpl.java:setRole(174)) - 5be8714d-2642-4bf1-86d9-fb9f2e784a52@group-C48F6741ACCA: changes role from CANDIDATE to FOLLOWER at term 1 for DISCOVERED_A_NEW_TERM
2019-09-26 17:33:16,153 [5be8714d-2642-4bf1-86d9-fb9f2e784a52@group-C48F6741ACCA:LeaderElection15] INFO  impl.RoleInfo (RoleInfo.java:shutdownLeaderElection(134)) - 5be8714d-2642-4bf1-86d9-fb9f2e784a52: shutdown LeaderElection
2019-09-26 17:33:16,153 [d1db60e7-74f1-40e3-a58d-9a1b4e6b78cf@group-C48F6741ACCA:LeaderElection14] INFO  impl.LeaderElection (LeaderElection.java:logAndReturn(56)) - d1db60e7-74f1-40e3-a58d-9a1b4e6b78cf@group-C48F6741ACCA:LeaderElection14: Election PASSED; received 2 response(s) [d1db60e7-74f1-40e3-a58d-9a1b4e6b78cf<-4bd181aa-b15e-4fb6-b331-207cc3229c90#0:OK-t1, d1db60e7-74f1-40e3-a58d-9a1b4e6b78cf<-5be8714d-2642-4bf1-86d9-fb9f2e784a52#0:FAIL-t1] and 0 exception(s); d1db60e7-74f1-40e3-a58d-9a1b4e6b78cf@group-C48F6741ACCA:t1, leader=null, voted=d1db60e7-74f1-40e3-a58d-9a1b4e6b78cf, raftlog=d1db60e7-74f1-40e3-a58d-9a1b4e6b78cf@group-C48F6741ACCA-SegmentedRaftLog:OPENED:c-1,f-1,i0, conf=-1: [4bd181aa-b15e-4fb6-b331-207cc3229c90:192.168.157.234:46079, d1db60e7-74f1-40e3-a58d-9a1b4e6b78cf:192.168.157.234:45514, 5be8714d-2642-4bf1-86d9-fb9f2e784a52:192.168.157.234:41550], old=null
2019-09-26 17:33:16,155 [5be8714d-2642-4bf1-86d9-fb9f2e784a52@group-C48F6741ACCA:LeaderElection15] INFO  impl.RoleInfo (RoleInfo.java:updateAndGet(143)) - 5be8714d-2642-4bf1-86d9-fb9f2e784a52: start FollowerState
2019-09-26 17:33:16,158 [d1db60e7-74f1-40e3-a58d-9a1b4e6b78cf@group-C48F6741ACCA:LeaderElection14] INFO  impl.RoleInfo (RoleInfo.java:shutdownLeaderElection(134)) - d1db60e7-74f1-40e3-a58d-9a1b4e6b78cf: shutdown LeaderElection
2019-09-26 17:33:16,161 [d1db60e7-74f1-40e3-a58d-9a1b4e6b78cf@group-C48F6741ACCA:LeaderElection14] INFO  impl.RaftServerImpl (RaftServerImpl.java:setRole(174)) - d1db60e7-74f1-40e3-a58d-9a1b4e6b78cf@group-C48F6741ACCA: changes role from CANDIDATE to LEADER at term 1 for changeToLeader
2019-09-26 17:33:16,161 [d1db60e7-74f1-40e3-a58d-9a1b4e6b78cf@group-C48F6741ACCA:LeaderElection14] INFO  impl.RaftServerImpl (ServerState.java:setLeader(253)) - d1db60e7-74f1-40e3-a58d-9a1b4e6b78cf@group-C48F6741ACCA: change Leader from null to d1db60e7-74f1-40e3-a58d-9a1b4e6b78cf at term 1 for becomeLeader, leader elected after 5196ms
2019-09-26 17:33:16,161 [d1db60e7-74f1-40e3-a58d-9a1b4e6b78cf@group-C48F6741ACCA:LeaderElection14] INFO  server.RaftServerConfigKeys (ConfUtils.java:logGet(43)) - raft.server.staging.catchup.gap = 1000 (default)
2019-09-26 17:33:16,161 [d1db60e7-74f1-40e3-a58d-9a1b4e6b78cf@group-C48F6741ACCA:LeaderElection14] INFO  server.RaftServerConfigKeys (ConfUtils.java:logGet(43)) - raft.server.rpc.sleep.time = 25ms (default)
2019-09-26 17:33:16,161 [d1db60e7-74f1-40e3-a58d-9a1b4e6b78cf@group-C48F6741ACCA:LeaderElection14] INFO  server.RaftServerConfigKeys (ConfUtils.java:logGet(43)) - raft.server.write.element-limit = 4096 (default)
2019-09-26 17:33:16,161 [d1db60e7-74f1-40e3-a58d-9a1b4e6b78cf@group-C48F6741ACCA:LeaderElection14] INFO  server.RaftServerConfigKeys (ConfUtils.java:logGet(43)) - raft.server.watch.timeout = 10s (default)
2019-09-26 17:33:16,161 [d1db60e7-74f1-40e3-a58d-9a1b4e6b78cf@group-C48F6741ACCA:LeaderElection14] INFO  server.RaftServerConfigKeys (ConfUtils.java:logGet(43)) - raft.server.watch.timeout.denomination = 1s (default)
2019-09-26 17:33:16,161 [d1db60e7-74f1-40e3-a58d-9a1b4e6b78cf@group-C48F6741ACCA:LeaderElection14] INFO  server.RaftServerConfigKeys (ConfUtils.java:logGet(43)) - raft.server.watch.element-limit = 65536 (default)
2019-09-26 17:33:16,164 [d1db60e7-74f1-40e3-a58d-9a1b4e6b78cf@group-C48F6741ACCA:LeaderElection14] INFO  server.RaftServerConfigKeys (ConfUtils.java:logGet(43)) - raft.server.log.appender.snapshot.chunk.size.max = 16MB (=16777216) (default)
2019-09-26 17:33:16,164 [d1db60e7-74f1-40e3-a58d-9a1b4e6b78cf@group-C48F6741ACCA:LeaderElection14] INFO  server.RaftServerConfigKeys (ConfUtils.java:logGet(43)) - raft.server.log.appender.buffer.byte-limit = 33554432 (custom)
2019-09-26 17:33:16,164 [d1db60e7-74f1-40e3-a58d-9a1b4e6b78cf@group-C48F6741ACCA:LeaderElection14] INFO  server.RaftServerConfigKeys (ConfUtils.java:logGet(43)) - raft.server.log.appender.buffer.element-limit = 1 (custom)
2019-09-26 17:33:16,164 [d1db60e7-74f1-40e3-a58d-9a1b4e6b78cf@group-C48F6741ACCA:LeaderElection14] INFO  grpc.GrpcConfigKeys$Server (ConfUtils.java:logGet(43)) - raft.grpc.server.leader.outstanding.appends.max = 128 (default)
2019-09-26 17:33:16,164 [d1db60e7-74f1-40e3-a58d-9a1b4e6b78cf@group-C48F6741ACCA:LeaderElection14] INFO  server.RaftServerConfigKeys (ConfUtils.java:logGet(43)) - raft.server.rpc.request.timeout = 3000ms (default)
2019-09-26 17:33:16,164 [d1db60e7-74f1-40e3-a58d-9a1b4e6b78cf@group-C48F6741ACCA:LeaderElection14] INFO  server.RaftServerConfigKeys (ConfUtils.java:logGet(43)) - raft.server.log.appender.install.snapshot.enabled = false (custom)
2019-09-26 17:33:16,165 [d1db60e7-74f1-40e3-a58d-9a1b4e6b78cf@group-C48F6741ACCA:LeaderElection14] INFO  server.RaftServerConfigKeys (ConfUtils.java:logGet(43)) - raft.server.log.appender.snapshot.chunk.size.max = 16MB (=16777216) (default)
2019-09-26 17:33:16,165 [d1db60e7-74f1-40e3-a58d-9a1b4e6b78cf@group-C48F6741ACCA:LeaderElection14] INFO  server.RaftServerConfigKeys (ConfUtils.java:logGet(43)) - raft.server.log.appender.buffer.byte-limit = 33554432 (custom)
2019-09-26 17:33:16,165 [d1db60e7-74f1-40e3-a58d-9a1b4e6b78cf@group-C48F6741ACCA:LeaderElection14] INFO  server.RaftServerConfigKeys (ConfUtils.java:logGet(43)) - raft.server.log.appender.buffer.element-limit = 1 (custom)
2019-09-26 17:33:16,165 [d1db60e7-74f1-40e3-a58d-9a1b4e6b78cf@group-C48F6741ACCA:LeaderElection14] INFO  grpc.GrpcConfigKeys$Server (ConfUtils.java:logGet(43)) - raft.grpc.server.leader.outstanding.appends.max = 128 (default)
2019-09-26 17:33:16,165 [d1db60e7-74f1-40e3-a58d-9a1b4e6b78cf@group-C48F6741ACCA:LeaderElection14] INFO  server.RaftServerConfigKeys (ConfUtils.java:logGet(43)) - raft.server.rpc.request.timeout = 3000ms (default)
2019-09-26 17:33:16,165 [d1db60e7-74f1-40e3-a58d-9a1b4e6b78cf@group-C48F6741ACCA:LeaderElection14] INFO  server.RaftServerConfigKeys (ConfUtils.java:logGet(43)) - raft.server.log.appender.install.snapshot.enabled = false (custom)
2019-09-26 17:33:16,166 [d1db60e7-74f1-40e3-a58d-9a1b4e6b78cf@group-C48F6741ACCA:LeaderElection14] INFO  impl.RoleInfo (RoleInfo.java:updateAndGet(143)) - d1db60e7-74f1-40e3-a58d-9a1b4e6b78cf: start LeaderState
2019-09-26 17:33:16,166 [d1db60e7-74f1-40e3-a58d-9a1b4e6b78cf@group-C48F6741ACCA:LeaderElection14] INFO  segmented.SegmentedRaftLogWorker (SegmentedRaftLogWorker.java:startLogSegment(380)) - d1db60e7-74f1-40e3-a58d-9a1b4e6b78cf@group-C48F6741ACCA-SegmentedRaftLogWorker: Starting segment from index:0
2019-09-26 17:33:16,167 [d1db60e7-74f1-40e3-a58d-9a1b4e6b78cf@group-C48F6741ACCA:LeaderElection14] INFO  impl.RaftServerImpl (ServerState.java:setRaftConf(354)) - d1db60e7-74f1-40e3-a58d-9a1b4e6b78cf@group-C48F6741ACCA: set configuration 0: [4bd181aa-b15e-4fb6-b331-207cc3229c90:192.168.157.234:46079, d1db60e7-74f1-40e3-a58d-9a1b4e6b78cf:192.168.157.234:45514, 5be8714d-2642-4bf1-86d9-fb9f2e784a52:192.168.157.234:41550], old=null at 0
2019-09-26 17:33:16,170 [grpc-default-executor-4] INFO  impl.RaftServerImpl (ServerState.java:setLeader(253)) - 5be8714d-2642-4bf1-86d9-fb9f2e784a52@group-C48F6741ACCA: change Leader from null to d1db60e7-74f1-40e3-a58d-9a1b4e6b78cf at term 1 for appendEntries, leader elected after 5205ms
2019-09-26 17:33:16,170 [grpc-default-executor-0] INFO  impl.RaftServerImpl (ServerState.java:setLeader(253)) - 4bd181aa-b15e-4fb6-b331-207cc3229c90@group-C48F6741ACCA: change Leader from null to d1db60e7-74f1-40e3-a58d-9a1b4e6b78cf at term 1 for appendEntries, leader elected after 5205ms
2019-09-26 17:33:16,174 [grpc-default-executor-0] INFO  impl.RaftServerImpl (ServerState.java:setRaftConf(354)) - 5be8714d-2642-4bf1-86d9-fb9f2e784a52@group-C48F6741ACCA: set configuration 0: [4bd181aa-b15e-4fb6-b331-207cc3229c90:192.168.157.234:46079, d1db60e7-74f1-40e3-a58d-9a1b4e6b78cf:192.168.157.234:45514, 5be8714d-2642-4bf1-86d9-fb9f2e784a52:192.168.157.234:41550], old=null at 0
2019-09-26 17:33:16,175 [grpc-default-executor-0] INFO  segmented.SegmentedRaftLogWorker (SegmentedRaftLogWorker.java:startLogSegment(380)) - 5be8714d-2642-4bf1-86d9-fb9f2e784a52@group-C48F6741ACCA-SegmentedRaftLogWorker: Starting segment from index:0
2019-09-26 17:33:16,175 [grpc-default-executor-4] INFO  impl.RaftServerImpl (ServerState.java:setRaftConf(354)) - 4bd181aa-b15e-4fb6-b331-207cc3229c90@group-C48F6741ACCA: set configuration 0: [4bd181aa-b15e-4fb6-b331-207cc3229c90:192.168.157.234:46079, d1db60e7-74f1-40e3-a58d-9a1b4e6b78cf:192.168.157.234:45514, 5be8714d-2642-4bf1-86d9-fb9f2e784a52:192.168.157.234:41550], old=null at 0
2019-09-26 17:33:16,175 [grpc-default-executor-4] INFO  segmented.SegmentedRaftLogWorker (SegmentedRaftLogWorker.java:startLogSegment(380)) - 4bd181aa-b15e-4fb6-b331-207cc3229c90@group-C48F6741ACCA-SegmentedRaftLogWorker: Starting segment from index:0
2019-09-26 17:33:16,206 [d1db60e7-74f1-40e3-a58d-9a1b4e6b78cf@group-C48F6741ACCA-SegmentedRaftLogWorker] INFO  segmented.SegmentedRaftLogWorker (SegmentedRaftLogWorker.java:execute(569)) - d1db60e7-74f1-40e3-a58d-9a1b4e6b78cf@group-C48F6741ACCA-SegmentedRaftLogWorker: created new log segment /workdir/hadoop-ozone/integration-test/target/test-dir/MiniOzoneClusterImpl-e957bdb1-9b3f-4e03-89f8-47fdabd8daf2/datanode-5/data/ratis/f47c3ab2-306d-4dc6-a802-c48f6741acca/current/log_inprogress_0
2019-09-26 17:33:16,206 [5be8714d-2642-4bf1-86d9-fb9f2e784a52@group-C48F6741ACCA-SegmentedRaftLogWorker] INFO  segmented.SegmentedRaftLogWorker (SegmentedRaftLogWorker.java:execute(569)) - 5be8714d-2642-4bf1-86d9-fb9f2e784a52@group-C48F6741ACCA-SegmentedRaftLogWorker: created new log segment /workdir/hadoop-ozone/integration-test/target/test-dir/MiniOzoneClusterImpl-e957bdb1-9b3f-4e03-89f8-47fdabd8daf2/datanode-7/data/ratis/f47c3ab2-306d-4dc6-a802-c48f6741acca/current/log_inprogress_0
2019-09-26 17:33:16,230 [4bd181aa-b15e-4fb6-b331-207cc3229c90@group-C48F6741ACCA-SegmentedRaftLogWorker] INFO  segmented.SegmentedRaftLogWorker (SegmentedRaftLogWorker.java:execute(569)) - 4bd181aa-b15e-4fb6-b331-207cc3229c90@group-C48F6741ACCA-SegmentedRaftLogWorker: created new log segment /workdir/hadoop-ozone/integration-test/target/test-dir/MiniOzoneClusterImpl-e957bdb1-9b3f-4e03-89f8-47fdabd8daf2/datanode-1/data/ratis/f47c3ab2-306d-4dc6-a802-c48f6741acca/current/log_inprogress_0
2019-09-26 17:33:16,601 [main] INFO  ipc.Client (Client.java:handleConnectionFailure(948)) - Retrying connect to server: localhost/127.0.0.1:0. Already tried 5 time(s); retry policy is RetryUpToMaximumCountWithFixedSleep(maxRetries=10, sleepTime=1000 MILLISECONDS)
2019-09-26 17:33:17,602 [main] INFO  ipc.Client (Client.java:handleConnectionFailure(948)) - Retrying connect to server: localhost/127.0.0.1:0. Already tried 6 time(s); retry policy is RetryUpToMaximumCountWithFixedSleep(maxRetries=10, sleepTime=1000 MILLISECONDS)
2019-09-26 17:33:18,603 [main] INFO  ipc.Client (Client.java:handleConnectionFailure(948)) - Retrying connect to server: localhost/127.0.0.1:0. Already tried 7 time(s); retry policy is RetryUpToMaximumCountWithFixedSleep(maxRetries=10, sleepTime=1000 MILLISECONDS)
2019-09-26 17:33:19,605 [main] INFO  ipc.Client (Client.java:handleConnectionFailure(948)) - Retrying connect to server: localhost/127.0.0.1:0. Already tried 8 time(s); retry policy is RetryUpToMaximumCountWithFixedSleep(maxRetries=10, sleepTime=1000 MILLISECONDS)
2019-09-26 17:33:20,606 [main] INFO  ipc.Client (Client.java:handleConnectionFailure(948)) - Retrying connect to server: localhost/127.0.0.1:0. Already tried 9 time(s); retry policy is RetryUpToMaximumCountWithFixedSleep(maxRetries=10, sleepTime=1000 MILLISECONDS)
2019-09-26 17:33:21,613 [main] INFO  ipc.Client (Client.java:handleConnectionFailure(948)) - Retrying connect to server: localhost/127.0.0.1:0. Already tried 0 time(s); retry policy is RetryUpToMaximumCountWithFixedSleep(maxRetries=10, sleepTime=1000 MILLISECONDS)
2019-09-26 17:33:22,614 [main] INFO  ipc.Client (Client.java:handleConnectionFailure(948)) - Retrying connect to server: localhost/127.0.0.1:0. Already tried 1 time(s); retry policy is RetryUpToMaximumCountWithFixedSleep(maxRetries=10, sleepTime=1000 MILLISECONDS)
2019-09-26 17:33:23,615 [main] INFO  ipc.Client (Client.java:handleConnectionFailure(948)) - Retrying connect to server: localhost/127.0.0.1:0. Already tried 2 time(s); retry policy is RetryUpToMaximumCountWithFixedSleep(maxRetries=10, sleepTime=1000 MILLISECONDS)
2019-09-26 17:33:24,617 [main] INFO  ipc.Client (Client.java:handleConnectionFailure(948)) - Retrying connect to server: localhost/127.0.0.1:0. Already tried 3 time(s); retry policy is RetryUpToMaximumCountWithFixedSleep(maxRetries=10, sleepTime=1000 MILLISECONDS)
2019-09-26 17:33:25,618 [main] INFO  ipc.Client (Client.java:handleConnectionFailure(948)) - Retrying connect to server: localhost/127.0.0.1:0. Already tried 4 time(s); retry policy is RetryUpToMaximumCountWithFixedSleep(maxRetries=10, sleepTime=1000 MILLISECONDS)
2019-09-26 17:33:26,619 [main] INFO  ipc.Client (Client.java:handleConnectionFailure(948)) - Retrying connect to server: localhost/127.0.0.1:0. Already tried 5 time(s); retry policy is RetryUpToMaximumCountWithFixedSleep(maxRetries=10, sleepTime=1000 MILLISECONDS)
2019-09-26 17:33:27,621 [main] INFO  ipc.Client (Client.java:handleConnectionFailure(948)) - Retrying connect to server: localhost/127.0.0.1:0. Already tried 6 time(s); retry policy is RetryUpToMaximumCountWithFixedSleep(maxRetries=10, sleepTime=1000 MILLISECONDS)
2019-09-26 17:33:28,622 [main] INFO  ipc.Client (Client.java:handleConnectionFailure(948)) - Retrying connect to server: localhost/127.0.0.1:0. Already tried 7 time(s); retry policy is RetryUpToMaximumCountWithFixedSleep(maxRetries=10, sleepTime=1000 MILLISECONDS)
2019-09-26 17:33:29,624 [main] INFO  ipc.Client (Client.java:handleConnectionFailure(948)) - Retrying connect to server: localhost/127.0.0.1:0. Already tried 8 time(s); retry policy is RetryUpToMaximumCountWithFixedSleep(maxRetries=10, sleepTime=1000 MILLISECONDS)
2019-09-26 17:33:30,625 [main] INFO  ipc.Client (Client.java:handleConnectionFailure(948)) - Retrying connect to server: localhost/127.0.0.1:0. Already tried 9 time(s); retry policy is RetryUpToMaximumCountWithFixedSleep(maxRetries=10, sleepTime=1000 MILLISECONDS)
2019-09-26 17:33:30,628 [main] INFO  retry.RetryInvocationHandler (RetryInvocationHandler.java:log(411)) - com.google.protobuf.ServiceException: java.net.ConnectException: Your endpoint configuration is wrong; For more details see:  http://wiki.apache.org/hadoop/UnsetHostnameOrPort, while invoking $Proxy36.submitRequest over nodeId=null,nodeAddress=127.0.0.1:0 after 1 failover attempts. Trying to failover immediately.
2019-09-26 17:33:31,629 [main] INFO  ipc.Client (Client.java:handleConnectionFailure(948)) - Retrying connect to server: localhost/127.0.0.1:0. Already tried 0 time(s); retry policy is RetryUpToMaximumCountWithFixedSleep(maxRetries=10, sleepTime=1000 MILLISECONDS)
2019-09-26 17:33:32,630 [main] INFO  ipc.Client (Client.java:handleConnectionFailure(948)) - Retrying connect to server: localhost/127.0.0.1:0. Already tried 1 time(s); retry policy is RetryUpToMaximumCountWithFixedSleep(maxRetries=10, sleepTime=1000 MILLISECONDS)
2019-09-26 17:33:33,648 [main] INFO  ipc.Client (Client.java:handleConnectionFailure(948)) - Retrying connect to server: localhost/127.0.0.1:0. Already tried 2 time(s); retry policy is RetryUpToMaximumCountWithFixedSleep(maxRetries=10, sleepTime=1000 MILLISECONDS)
2019-09-26 17:33:34,649 [main] INFO  ipc.Client (Client.java:handleConnectionFailure(948)) - Retrying connect to server: localhost/127.0.0.1:0. Already tried 3 time(s); retry policy is RetryUpToMaximumCountWithFixedSleep(maxRetries=10, sleepTime=1000 MILLISECONDS)
2019-09-26 17:33:35,650 [main] INFO  ipc.Client (Client.java:handleConnectionFailure(948)) - Retrying connect to server: localhost/127.0.0.1:0. Already tried 4 time(s); retry policy is RetryUpToMaximumCountWithFixedSleep(maxRetries=10, sleepTime=1000 MILLISECONDS)
2019-09-26 17:33:36,651 [main] INFO  ipc.Client (Client.java:handleConnectionFailure(948)) - Retrying connect to server: localhost/127.0.0.1:0. Already tried 5 time(s); retry policy is RetryUpToMaximumCountWithFixedSleep(maxRetries=10, sleepTime=1000 MILLISECONDS)
2019-09-26 17:33:37,653 [main] INFO  ipc.Client (Client.java:handleConnectionFailure(948)) - Retrying connect to server: localhost/127.0.0.1:0. Already tried 6 time(s); retry policy is RetryUpToMaximumCountWithFixedSleep(maxRetries=10, sleepTime=1000 MILLISECONDS)
2019-09-26 17:33:38,654 [main] INFO  ipc.Client (Client.java:handleConnectionFailure(948)) - Retrying connect to server: localhost/127.0.0.1:0. Already tried 7 time(s); retry policy is RetryUpToMaximumCountWithFixedSleep(maxRetries=10, sleepTime=1000 MILLISECONDS)
2019-09-26 17:33:39,656 [main] INFO  ipc.Client (Client.java:handleConnectionFailure(948)) - Retrying connect to server: localhost/127.0.0.1:0. Already tried 8 time(s); retry policy is RetryUpToMaximumCountWithFixedSleep(maxRetries=10, sleepTime=1000 MILLISECONDS)
2019-09-26 17:33:40,657 [main] INFO  ipc.Client (Client.java:handleConnectionFailure(948)) - Retrying connect to server: localhost/127.0.0.1:0. Already tried 9 time(s); retry policy is RetryUpToMaximumCountWithFixedSleep(maxRetries=10, sleepTime=1000 MILLISECONDS)
2019-09-26 17:33:40,659 [main] INFO  retry.RetryInvocationHandler (RetryInvocationHandler.java:log(411)) - com.google.protobuf.ServiceException: java.net.ConnectException: Your endpoint configuration is wrong; For more details see:  http://wiki.apache.org/hadoop/UnsetHostnameOrPort, while invoking $Proxy36.submitRequest over nodeId=null,nodeAddress=127.0.0.1:0 after 2 failover attempts. Trying to failover immediately.
2019-09-26 17:33:41,660 [main] INFO  ipc.Client (Client.java:handleConnectionFailure(948)) - Retrying connect to server: localhost/127.0.0.1:0. Already tried 0 time(s); retry policy is RetryUpToMaximumCountWithFixedSleep(maxRetries=10, sleepTime=1000 MILLISECONDS)
2019-09-26 17:33:42,662 [main] INFO  ipc.Client (Client.java:handleConnectionFailure(948)) - Retrying connect to server: localhost/127.0.0.1:0. Already tried 1 time(s); retry policy is RetryUpToMaximumCountWithFixedSleep(maxRetries=10, sleepTime=1000 MILLISECONDS)
2019-09-26 17:33:43,663 [main] INFO  ipc.Client (Client.java:handleConnectionFailure(948)) - Retrying connect to server: localhost/127.0.0.1:0. Already tried 2 time(s); retry policy is RetryUpToMaximumCountWithFixedSleep(maxRetries=10, sleepTime=1000 MILLISECONDS)
2019-09-26 17:33:44,664 [main] INFO  ipc.Client (Client.java:handleConnectionFailure(948)) - Retrying connect to server: localhost/127.0.0.1:0. Already tried 3 time(s); retry policy is RetryUpToMaximumCountWithFixedSleep(maxRetries=10, sleepTime=1000 MILLISECONDS)
2019-09-26 17:33:45,666 [main] INFO  ipc.Client (Client.java:handleConnectionFailure(948)) - Retrying connect to server: localhost/127.0.0.1:0. Already tried 4 time(s); retry policy is RetryUpToMaximumCountWithFixedSleep(maxRetries=10, sleepTime=1000 MILLISECONDS)
2019-09-26 17:33:46,667 [main] INFO  ipc.Client (Client.java:handleConnectionFailure(948)) - Retrying connect to server: localhost/127.0.0.1:0. Already tried 5 time(s); retry policy is RetryUpToMaximumCountWithFixedSleep(maxRetries=10, sleepTime=1000 MILLISECONDS)
2019-09-26 17:33:47,669 [main] INFO  ipc.Client (Client.java:handleConnectionFailure(948)) - Retrying connect to server: localhost/127.0.0.1:0. Already tried 6 time(s); retry policy is RetryUpToMaximumCountWithFixedSleep(maxRetries=10, sleepTime=1000 MILLISECONDS)
2019-09-26 17:33:48,670 [main] INFO  ipc.Client (Client.java:handleConnectionFailure(948)) - Retrying connect to server: localhost/127.0.0.1:0. Already tried 7 time(s); retry policy is RetryUpToMaximumCountWithFixedSleep(maxRetries=10, sleepTime=1000 MILLISECONDS)
2019-09-26 17:33:49,671 [main] INFO  ipc.Client (Client.java:handleConnectionFailure(948)) - Retrying connect to server: localhost/127.0.0.1:0. Already tried 8 time(s); retry policy is RetryUpToMaximumCountWithFixedSleep(maxRetries=10, sleepTime=1000 MILLISECONDS)
2019-09-26 17:33:50,673 [main] INFO  ipc.Client (Client.java:handleConnectionFailure(948)) - Retrying connect to server: localhost/127.0.0.1:0. Already tried 9 time(s); retry policy is RetryUpToMaximumCountWithFixedSleep(maxRetries=10, sleepTime=1000 MILLISECONDS)
2019-09-26 17:33:50,674 [main] INFO  retry.RetryInvocationHandler (RetryInvocationHandler.java:log(411)) - com.google.protobuf.ServiceException: java.net.ConnectException: Your endpoint configuration is wrong; For more details see:  http://wiki.apache.org/hadoop/UnsetHostnameOrPort, while invoking $Proxy36.submitRequest over nodeId=null,nodeAddress=127.0.0.1:0 after 3 failover attempts. Trying to failover immediately.
2019-09-26 17:33:51,676 [main] INFO  ipc.Client (Client.java:handleConnectionFailure(948)) - Retrying connect to server: localhost/127.0.0.1:0. Already tried 0 time(s); retry policy is RetryUpToMaximumCountWithFixedSleep(maxRetries=10, sleepTime=1000 MILLISECONDS)
2019-09-26 17:33:52,678 [main] INFO  ipc.Client (Client.java:handleConnectionFailure(948)) - Retrying connect to server: localhost/127.0.0.1:0. Already tried 1 time(s); retry policy is RetryUpToMaximumCountWithFixedSleep(maxRetries=10, sleepTime=1000 MILLISECONDS)
2019-09-26 17:33:53,679 [main] INFO  ipc.Client (Client.java:handleConnectionFailure(948)) - Retrying connect to server: localhost/127.0.0.1:0. Already tried 2 time(s); retry policy is RetryUpToMaximumCountWithFixedSleep(maxRetries=10, sleepTime=1000 MILLISECONDS)
2019-09-26 17:33:54,680 [main] INFO  ipc.Client (Client.java:handleConnectionFailure(948)) - Retrying connect to server: localhost/127.0.0.1:0. Already tried 3 time(s); retry policy is RetryUpToMaximumCountWithFixedSleep(maxRetries=10, sleepTime=1000 MILLISECONDS)
2019-09-26 17:33:55,682 [main] INFO  ipc.Client (Client.java:handleConnectionFailure(948)) - Retrying connect to server: localhost/127.0.0.1:0. Already tried 4 time(s); retry policy is RetryUpToMaximumCountWithFixedSleep(maxRetries=10, sleepTime=1000 MILLISECONDS)
2019-09-26 17:33:56,683 [main] INFO  ipc.Client (Client.java:handleConnectionFailure(948)) - Retrying connect to server: localhost/127.0.0.1:0. Already tried 5 time(s); retry policy is RetryUpToMaximumCountWithFixedSleep(maxRetries=10, sleepTime=1000 MILLISECONDS)
2019-09-26 17:33:57,684 [main] INFO  ipc.Client (Client.java:handleConnectionFailure(948)) - Retrying connect to server: localhost/127.0.0.1:0. Already tried 6 time(s); retry policy is RetryUpToMaximumCountWithFixedSleep(maxRetries=10, sleepTime=1000 MILLISECONDS)
2019-09-26 17:33:58,685 [main] INFO  ipc.Client (Client.java:handleConnectionFailure(948)) - Retrying connect to server: localhost/127.0.0.1:0. Already tried 7 time(s); retry policy is RetryUpToMaximumCountWithFixedSleep(maxRetries=10, sleepTime=1000 MILLISECONDS)
2019-09-26 17:33:59,687 [main] INFO  ipc.Client (Client.java:handleConnectionFailure(948)) - Retrying connect to server: localhost/127.0.0.1:0. Already tried 8 time(s); retry policy is RetryUpToMaximumCountWithFixedSleep(maxRetries=10, sleepTime=1000 MILLISECONDS)
2019-09-26 17:34:00,688 [main] INFO  ipc.Client (Client.java:handleConnectionFailure(948)) - Retrying connect to server: localhost/127.0.0.1:0. Already tried 9 time(s); retry policy is RetryUpToMaximumCountWithFixedSleep(maxRetries=10, sleepTime=1000 MILLISECONDS)
2019-09-26 17:34:00,690 [main] INFO  retry.RetryInvocationHandler (RetryInvocationHandler.java:log(411)) - com.google.protobuf.ServiceException: java.net.ConnectException: Your endpoint configuration is wrong; For more details see:  http://wiki.apache.org/hadoop/UnsetHostnameOrPort, while invoking $Proxy36.submitRequest over nodeId=null,nodeAddress=127.0.0.1:0 after 4 failover attempts. Trying to failover immediately.
2019-09-26 17:34:01,691 [main] INFO  ipc.Client (Client.java:handleConnectionFailure(948)) - Retrying connect to server: localhost/127.0.0.1:0. Already tried 0 time(s); retry policy is RetryUpToMaximumCountWithFixedSleep(maxRetries=10, sleepTime=1000 MILLISECONDS)
2019-09-26 17:34:02,692 [main] INFO  ipc.Client (Client.java:handleConnectionFailure(948)) - Retrying connect to server: localhost/127.0.0.1:0. Already tried 1 time(s); retry policy is RetryUpToMaximumCountWithFixedSleep(maxRetries=10, sleepTime=1000 MILLISECONDS)
2019-09-26 17:34:03,693 [main] INFO  ipc.Client (Client.java:handleConnectionFailure(948)) - Retrying connect to server: localhost/127.0.0.1:0. Already tried 2 time(s); retry policy is RetryUpToMaximumCountWithFixedSleep(maxRetries=10, sleepTime=1000 MILLISECONDS)
2019-09-26 17:34:04,695 [main] INFO  ipc.Client (Client.java:handleConnectionFailure(948)) - Retrying connect to server: localhost/127.0.0.1:0. Already tried 3 time(s); retry policy is RetryUpToMaximumCountWithFixedSleep(maxRetries=10, sleepTime=1000 MILLISECONDS)
2019-09-26 17:34:05,696 [main] INFO  ipc.Client (Client.java:handleConnectionFailure(948)) - Retrying connect to server: localhost/127.0.0.1:0. Already tried 4 time(s); retry policy is RetryUpToMaximumCountWithFixedSleep(maxRetries=10, sleepTime=1000 MILLISECONDS)
2019-09-26 17:34:06,697 [main] INFO  ipc.Client (Client.java:handleConnectionFailure(948)) - Retrying connect to server: localhost/127.0.0.1:0. Already tried 5 time(s); retry policy is RetryUpToMaximumCountWithFixedSleep(maxRetries=10, sleepTime=1000 MILLISECONDS)
2019-09-26 17:34:07,698 [main] INFO  ipc.Client (Client.java:handleConnectionFailure(948)) - Retrying connect to server: localhost/127.0.0.1:0. Already tried 6 time(s); retry policy is RetryUpToMaximumCountWithFixedSleep(maxRetries=10, sleepTime=1000 MILLISECONDS)
2019-09-26 17:34:08,700 [main] INFO  ipc.Client (Client.java:handleConnectionFailure(948)) - Retrying connect to server: localhost/127.0.0.1:0. Already tried 7 time(s); retry policy is RetryUpToMaximumCountWithFixedSleep(maxRetries=10, sleepTime=1000 MILLISECONDS)
2019-09-26 17:34:09,701 [main] INFO  ipc.Client (Client.java:handleConnectionFailure(948)) - Retrying connect to server: localhost/127.0.0.1:0. Already tried 8 time(s); retry policy is RetryUpToMaximumCountWithFixedSleep(maxRetries=10, sleepTime=1000 MILLISECONDS)
2019-09-26 17:34:10,702 [main] INFO  ipc.Client (Client.java:handleConnectionFailure(948)) - Retrying connect to server: localhost/127.0.0.1:0. Already tried 9 time(s); retry policy is RetryUpToMaximumCountWithFixedSleep(maxRetries=10, sleepTime=1000 MILLISECONDS)
2019-09-26 17:34:10,704 [main] INFO  retry.RetryInvocationHandler (RetryInvocationHandler.java:log(411)) - com.google.protobuf.ServiceException: java.net.ConnectException: Your endpoint configuration is wrong; For more details see:  http://wiki.apache.org/hadoop/UnsetHostnameOrPort, while invoking $Proxy36.submitRequest over nodeId=null,nodeAddress=127.0.0.1:0 after 5 failover attempts. Trying to failover immediately.
2019-09-26 17:34:11,705 [main] INFO  ipc.Client (Client.java:handleConnectionFailure(948)) - Retrying connect to server: localhost/127.0.0.1:0. Already tried 0 time(s); retry policy is RetryUpToMaximumCountWithFixedSleep(maxRetries=10, sleepTime=1000 MILLISECONDS)
2019-09-26 17:34:12,706 [main] INFO  ipc.Client (Client.java:handleConnectionFailure(948)) - Retrying connect to server: localhost/127.0.0.1:0. Already tried 1 time(s); retry policy is RetryUpToMaximumCountWithFixedSleep(maxRetries=10, sleepTime=1000 MILLISECONDS)
2019-09-26 17:34:13,708 [main] INFO  ipc.Client (Client.java:handleConnectionFailure(948)) - Retrying connect to server: localhost/127.0.0.1:0. Already tried 2 time(s); retry policy is RetryUpToMaximumCountWithFixedSleep(maxRetries=10, sleepTime=1000 MILLISECONDS)
2019-09-26 17:34:14,709 [main] INFO  ipc.Client (Client.java:handleConnectionFailure(948)) - Retrying connect to server: localhost/127.0.0.1:0. Already tried 3 time(s); retry policy is RetryUpToMaximumCountWithFixedSleep(maxRetries=10, sleepTime=1000 MILLISECONDS)
2019-09-26 17:34:15,710 [main] INFO  ipc.Client (Client.java:handleConnectionFailure(948)) - Retrying connect to server: localhost/127.0.0.1:0. Already tried 4 time(s); retry policy is RetryUpToMaximumCountWithFixedSleep(maxRetries=10, sleepTime=1000 MILLISECONDS)
2019-09-26 17:34:16,711 [main] INFO  ipc.Client (Client.java:handleConnectionFailure(948)) - Retrying connect to server: localhost/127.0.0.1:0. Already tried 5 time(s); retry policy is RetryUpToMaximumCountWithFixedSleep(maxRetries=10, sleepTime=1000 MILLISECONDS)
2019-09-26 17:34:17,712 [main] INFO  ipc.Client (Client.java:handleConnectionFailure(948)) - Retrying connect to server: localhost/127.0.0.1:0. Already tried 6 time(s); retry policy is RetryUpToMaximumCountWithFixedSleep(maxRetries=10, sleepTime=1000 MILLISECONDS)
2019-09-26 17:34:18,714 [main] INFO  ipc.Client (Client.java:handleConnectionFailure(948)) - Retrying connect to server: localhost/127.0.0.1:0. Already tried 7 time(s); retry policy is RetryUpToMaximumCountWithFixedSleep(maxRetries=10, sleepTime=1000 MILLISECONDS)
2019-09-26 17:34:19,715 [main] INFO  ipc.Client (Client.java:handleConnectionFailure(948)) - Retrying connect to server: localhost/127.0.0.1:0. Already tried 8 time(s); retry policy is RetryUpToMaximumCountWithFixedSleep(maxRetries=10, sleepTime=1000 MILLISECONDS)
2019-09-26 17:34:20,716 [main] INFO  ipc.Client (Client.java:handleConnectionFailure(948)) - Retrying connect to server: localhost/127.0.0.1:0. Already tried 9 time(s); retry policy is RetryUpToMaximumCountWithFixedSleep(maxRetries=10, sleepTime=1000 MILLISECONDS)
2019-09-26 17:34:20,718 [main] INFO  retry.RetryInvocationHandler (RetryInvocationHandler.java:log(411)) - com.google.protobuf.ServiceException: java.net.ConnectException: Your endpoint configuration is wrong; For more details see:  http://wiki.apache.org/hadoop/UnsetHostnameOrPort, while invoking $Proxy36.submitRequest over nodeId=null,nodeAddress=127.0.0.1:0 after 6 failover attempts. Trying to failover immediately.
2019-09-26 17:34:21,719 [main] INFO  ipc.Client (Client.java:handleConnectionFailure(948)) - Retrying connect to server: localhost/127.0.0.1:0. Already tried 0 time(s); retry policy is RetryUpToMaximumCountWithFixedSleep(maxRetries=10, sleepTime=1000 MILLISECONDS)
2019-09-26 17:34:22,720 [main] INFO  ipc.Client (Client.java:handleConnectionFailure(948)) - Retrying connect to server: localhost/127.0.0.1:0. Already tried 1 time(s); retry policy is RetryUpToMaximumCountWithFixedSleep(maxRetries=10, sleepTime=1000 MILLISECONDS)
2019-09-26 17:34:23,722 [main] INFO  ipc.Client (Client.java:handleConnectionFailure(948)) - Retrying connect to server: localhost/127.0.0.1:0. Already tried 2 time(s); retry policy is RetryUpToMaximumCountWithFixedSleep(maxRetries=10, sleepTime=1000 MILLISECONDS)
2019-09-26 17:34:24,723 [main] INFO  ipc.Client (Client.java:handleConnectionFailure(948)) - Retrying connect to server: localhost/127.0.0.1:0. Already tried 3 time(s); retry policy is RetryUpToMaximumCountWithFixedSleep(maxRetries=10, sleepTime=1000 MILLISECONDS)
2019-09-26 17:34:25,724 [main] INFO  ipc.Client (Client.java:handleConnectionFailure(948)) - Retrying connect to server: localhost/127.0.0.1:0. Already tried 4 time(s); retry policy is RetryUpToMaximumCountWithFixedSleep(maxRetries=10, sleepTime=1000 MILLISECONDS)
2019-09-26 17:34:26,725 [main] INFO  ipc.Client (Client.java:handleConnectionFailure(948)) - Retrying connect to server: localhost/127.0.0.1:0. Already tried 5 time(s); retry policy is RetryUpToMaximumCountWithFixedSleep(maxRetries=10, sleepTime=1000 MILLISECONDS)
2019-09-26 17:34:27,727 [main] INFO  ipc.Client (Client.java:handleConnectionFailure(948)) - Retrying connect to server: localhost/127.0.0.1:0. Already tried 6 time(s); retry policy is RetryUpToMaximumCountWithFixedSleep(maxRetries=10, sleepTime=1000 MILLISECONDS)
2019-09-26 17:34:28,728 [main] INFO  ipc.Client (Client.java:handleConnectionFailure(948)) - Retrying connect to server: localhost/127.0.0.1:0. Already tried 7 time(s); retry policy is RetryUpToMaximumCountWithFixedSleep(maxRetries=10, sleepTime=1000 MILLISECONDS)
2019-09-26 17:34:29,729 [main] INFO  ipc.Client (Client.java:handleConnectionFailure(948)) - Retrying connect to server: localhost/127.0.0.1:0. Already tried 8 time(s); retry policy is RetryUpToMaximumCountWithFixedSleep(maxRetries=10, sleepTime=1000 MILLISECONDS)
2019-09-26 17:34:30,731 [main] INFO  ipc.Client (Client.java:handleConnectionFailure(948)) - Retrying connect to server: localhost/127.0.0.1:0. Already tried 9 time(s); retry policy is RetryUpToMaximumCountWithFixedSleep(maxRetries=10, sleepTime=1000 MILLISECONDS)
2019-09-26 17:34:30,732 [main] INFO  retry.RetryInvocationHandler (RetryInvocationHandler.java:log(411)) - com.google.protobuf.ServiceException: java.net.ConnectException: Your endpoint configuration is wrong; For more details see:  http://wiki.apache.org/hadoop/UnsetHostnameOrPort, while invoking $Proxy36.submitRequest over nodeId=null,nodeAddress=127.0.0.1:0 after 7 failover attempts. Trying to failover immediately.
2019-09-26 17:34:31,733 [main] INFO  ipc.Client (Client.java:handleConnectionFailure(948)) - Retrying connect to server: localhost/127.0.0.1:0. Already tried 0 time(s); retry policy is RetryUpToMaximumCountWithFixedSleep(maxRetries=10, sleepTime=1000 MILLISECONDS)
2019-09-26 17:34:32,734 [main] INFO  ipc.Client (Client.java:handleConnectionFailure(948)) - Retrying connect to server: localhost/127.0.0.1:0. Already tried 1 time(s); retry policy is RetryUpToMaximumCountWithFixedSleep(maxRetries=10, sleepTime=1000 MILLISECONDS)
2019-09-26 17:34:33,736 [main] INFO  ipc.Client (Client.java:handleConnectionFailure(948)) - Retrying connect to server: localhost/127.0.0.1:0. Already tried 2 time(s); retry policy is RetryUpToMaximumCountWithFixedSleep(maxRetries=10, sleepTime=1000 MILLISECONDS)
2019-09-26 17:34:34,737 [main] INFO  ipc.Client (Client.java:handleConnectionFailure(948)) - Retrying connect to server: localhost/127.0.0.1:0. Already tried 3 time(s); retry policy is RetryUpToMaximumCountWithFixedSleep(maxRetries=10, sleepTime=1000 MILLISECONDS)
2019-09-26 17:34:35,739 [main] INFO  ipc.Client (Client.java:handleConnectionFailure(948)) - Retrying connect to server: localhost/127.0.0.1:0. Already tried 4 time(s); retry policy is RetryUpToMaximumCountWithFixedSleep(maxRetries=10, sleepTime=1000 MILLISECONDS)
2019-09-26 17:34:36,741 [main] INFO  ipc.Client (Client.java:handleConnectionFailure(948)) - Retrying connect to server: localhost/127.0.0.1:0. Already tried 5 time(s); retry policy is RetryUpToMaximumCountWithFixedSleep(maxRetries=10, sleepTime=1000 MILLISECONDS)
2019-09-26 17:34:37,743 [main] INFO  ipc.Client (Client.java:handleConnectionFailure(948)) - Retrying connect to server: localhost/127.0.0.1:0. Already tried 6 time(s); retry policy is RetryUpToMaximumCountWithFixedSleep(maxRetries=10, sleepTime=1000 MILLISECONDS)
2019-09-26 17:34:38,744 [main] INFO  ipc.Client (Client.java:handleConnectionFailure(948)) - Retrying connect to server: localhost/127.0.0.1:0. Already tried 7 time(s); retry policy is RetryUpToMaximumCountWithFixedSleep(maxRetries=10, sleepTime=1000 MILLISECONDS)
2019-09-26 17:34:39,745 [main] INFO  ipc.Client (Client.java:handleConnectionFailure(948)) - Retrying connect to server: localhost/127.0.0.1:0. Already tried 8 time(s); retry policy is RetryUpToMaximumCountWithFixedSleep(maxRetries=10, sleepTime=1000 MILLISECONDS)
2019-09-26 17:34:40,746 [main] INFO  ipc.Client (Client.java:handleConnectionFailure(948)) - Retrying connect to server: localhost/127.0.0.1:0. Already tried 9 time(s); retry policy is RetryUpToMaximumCountWithFixedSleep(maxRetries=10, sleepTime=1000 MILLISECONDS)
2019-09-26 17:34:40,748 [main] INFO  retry.RetryInvocationHandler (RetryInvocationHandler.java:log(411)) - com.google.protobuf.ServiceException: java.net.ConnectException: Your endpoint configuration is wrong; For more details see:  http://wiki.apache.org/hadoop/UnsetHostnameOrPort, while invoking $Proxy36.submitRequest over nodeId=null,nodeAddress=127.0.0.1:0 after 8 failover attempts. Trying to failover immediately.
2019-09-26 17:34:41,749 [main] INFO  ipc.Client (Client.java:handleConnectionFailure(948)) - Retrying connect to server: localhost/127.0.0.1:0. Already tried 0 time(s); retry policy is RetryUpToMaximumCountWithFixedSleep(maxRetries=10, sleepTime=1000 MILLISECONDS)
2019-09-26 17:34:42,750 [main] INFO  ipc.Client (Client.java:handleConnectionFailure(948)) - Retrying connect to server: localhost/127.0.0.1:0. Already tried 1 time(s); retry policy is RetryUpToMaximumCountWithFixedSleep(maxRetries=10, sleepTime=1000 MILLISECONDS)
2019-09-26 17:34:43,751 [main] INFO  ipc.Client (Client.java:handleConnectionFailure(948)) - Retrying connect to server: localhost/127.0.0.1:0. Already tried 2 time(s); retry policy is RetryUpToMaximumCountWithFixedSleep(maxRetries=10, sleepTime=1000 MILLISECONDS)
2019-09-26 17:34:44,752 [main] INFO  ipc.Client (Client.java:handleConnectionFailure(948)) - Retrying connect to server: localhost/127.0.0.1:0. Already tried 3 time(s); retry policy is RetryUpToMaximumCountWithFixedSleep(maxRetries=10, sleepTime=1000 MILLISECONDS)
2019-09-26 17:34:45,753 [main] INFO  ipc.Client (Client.java:handleConnectionFailure(948)) - Retrying connect to server: localhost/127.0.0.1:0. Already tried 4 time(s); retry policy is RetryUpToMaximumCountWithFixedSleep(maxRetries=10, sleepTime=1000 MILLISECONDS)
2019-09-26 17:34:46,755 [main] INFO  ipc.Client (Client.java:handleConnectionFailure(948)) - Retrying connect to server: localhost/127.0.0.1:0. Already tried 5 time(s); retry policy is RetryUpToMaximumCountWithFixedSleep(maxRetries=10, sleepTime=1000 MILLISECONDS)
2019-09-26 17:34:47,756 [main] INFO  ipc.Client (Client.java:handleConnectionFailure(948)) - Retrying connect to server: localhost/127.0.0.1:0. Already tried 6 time(s); retry policy is RetryUpToMaximumCountWithFixedSleep(maxRetries=10, sleepTime=1000 MILLISECONDS)
2019-09-26 17:34:48,757 [main] INFO  ipc.Client (Client.java:handleConnectionFailure(948)) - Retrying connect to server: localhost/127.0.0.1:0. Already tried 7 time(s); retry policy is RetryUpToMaximumCountWithFixedSleep(maxRetries=10, sleepTime=1000 MILLISECONDS)
2019-09-26 17:34:49,758 [main] INFO  ipc.Client (Client.java:handleConnectionFailure(948)) - Retrying connect to server: localhost/127.0.0.1:0. Already tried 8 time(s); retry policy is RetryUpToMaximumCountWithFixedSleep(maxRetries=10, sleepTime=1000 MILLISECONDS)
2019-09-26 17:34:50,759 [main] INFO  ipc.Client (Client.java:handleConnectionFailure(948)) - Retrying connect to server: localhost/127.0.0.1:0. Already tried 9 time(s); retry policy is RetryUpToMaximumCountWithFixedSleep(maxRetries=10, sleepTime=1000 MILLISECONDS)
2019-09-26 17:34:50,761 [main] INFO  retry.RetryInvocationHandler (RetryInvocationHandler.java:log(411)) - com.google.protobuf.ServiceException: java.net.ConnectException: Your endpoint configuration is wrong; For more details see:  http://wiki.apache.org/hadoop/UnsetHostnameOrPort, while invoking $Proxy36.submitRequest over nodeId=null,nodeAddress=127.0.0.1:0 after 9 failover attempts. Trying to failover immediately.
2019-09-26 17:34:51,762 [main] INFO  ipc.Client (Client.java:handleConnectionFailure(948)) - Retrying connect to server: localhost/127.0.0.1:0. Already tried 0 time(s); retry policy is RetryUpToMaximumCountWithFixedSleep(maxRetries=10, sleepTime=1000 MILLISECONDS)
2019-09-26 17:34:52,764 [main] INFO  ipc.Client (Client.java:handleConnectionFailure(948)) - Retrying connect to server: localhost/127.0.0.1:0. Already tried 1 time(s); retry policy is RetryUpToMaximumCountWithFixedSleep(maxRetries=10, sleepTime=1000 MILLISECONDS)
2019-09-26 17:34:53,765 [main] INFO  ipc.Client (Client.java:handleConnectionFailure(948)) - Retrying connect to server: localhost/127.0.0.1:0. Already tried 2 time(s); retry policy is RetryUpToMaximumCountWithFixedSleep(maxRetries=10, sleepTime=1000 MILLISECONDS)
2019-09-26 17:34:54,766 [main] INFO  ipc.Client (Client.java:handleConnectionFailure(948)) - Retrying connect to server: localhost/127.0.0.1:0. Already tried 3 time(s); retry policy is RetryUpToMaximumCountWithFixedSleep(maxRetries=10, sleepTime=1000 MILLISECONDS)
2019-09-26 17:34:55,768 [main] INFO  ipc.Client (Client.java:handleConnectionFailure(948)) - Retrying connect to server: localhost/127.0.0.1:0. Already tried 4 time(s); retry policy is RetryUpToMaximumCountWithFixedSleep(maxRetries=10, sleepTime=1000 MILLISECONDS)
2019-09-26 17:34:56,770 [main] INFO  ipc.Client (Client.java:handleConnectionFailure(948)) - Retrying connect to server: localhost/127.0.0.1:0. Already tried 5 time(s); retry policy is RetryUpToMaximumCountWithFixedSleep(maxRetries=10, sleepTime=1000 MILLISECONDS)
2019-09-26 17:34:57,771 [main] INFO  ipc.Client (Client.java:handleConnectionFailure(948)) - Retrying connect to server: localhost/127.0.0.1:0. Already tried 6 time(s); retry policy is RetryUpToMaximumCountWithFixedSleep(maxRetries=10, sleepTime=1000 MILLISECONDS)
2019-09-26 17:34:58,772 [main] INFO  ipc.Client (Client.java:handleConnectionFailure(948)) - Retrying connect to server: localhost/127.0.0.1:0. Already tried 7 time(s); retry policy is RetryUpToMaximumCountWithFixedSleep(maxRetries=10, sleepTime=1000 MILLISECONDS)
2019-09-26 17:34:59,774 [main] INFO  ipc.Client (Client.java:handleConnectionFailure(948)) - Retrying connect to server: localhost/127.0.0.1:0. Already tried 8 time(s); retry policy is RetryUpToMaximumCountWithFixedSleep(maxRetries=10, sleepTime=1000 MILLISECONDS)
2019-09-26 17:35:00,775 [main] INFO  ipc.Client (Client.java:handleConnectionFailure(948)) - Retrying connect to server: localhost/127.0.0.1:0. Already tried 9 time(s); retry policy is RetryUpToMaximumCountWithFixedSleep(maxRetries=10, sleepTime=1000 MILLISECONDS)
2019-09-26 17:35:00,777 [main] ERROR ha.OMFailoverProxyProvider (OzoneManagerProtocolClientSideTranslatorPB.java:getRetryAction(268)) - Failed to connect to OM. Attempted 10 retries and 10 failovers
2019-09-26 17:35:00,781 [main] ERROR client.OzoneClientFactory (OzoneClientFactory.java:getClientProtocol(259)) - Couldn't create RpcClient protocol exception: 
java.net.ConnectException: Your endpoint configuration is wrong; For more details see:  http://wiki.apache.org/hadoop/UnsetHostnameOrPort
	at sun.reflect.NativeConstructorAccessorImpl.newInstance0(Native Method)
	at sun.reflect.NativeConstructorAccessorImpl.newInstance(NativeConstructorAccessorImpl.java:62)
	at sun.reflect.DelegatingConstructorAccessorImpl.newInstance(DelegatingConstructorAccessorImpl.java:45)
	at java.lang.reflect.Constructor.newInstance(Constructor.java:423)
	at org.apache.hadoop.net.NetUtils.wrapWithMessage(NetUtils.java:831)
	at org.apache.hadoop.net.NetUtils.wrapException(NetUtils.java:751)
	at org.apache.hadoop.ipc.Client.getRpcResponse(Client.java:1515)
	at org.apache.hadoop.ipc.Client.call(Client.java:1457)
	at org.apache.hadoop.ipc.Client.call(Client.java:1367)
	at org.apache.hadoop.ipc.ProtobufRpcEngine$Invoker.invoke(ProtobufRpcEngine.java:228)
	at org.apache.hadoop.ipc.ProtobufRpcEngine$Invoker.invoke(ProtobufRpcEngine.java:116)
	at com.sun.proxy.$Proxy36.submitRequest(Unknown Source)
	at sun.reflect.NativeMethodAccessorImpl.invoke0(Native Method)
	at sun.reflect.NativeMethodAccessorImpl.invoke(NativeMethodAccessorImpl.java:62)
	at sun.reflect.DelegatingMethodAccessorImpl.invoke(DelegatingMethodAccessorImpl.java:43)
	at java.lang.reflect.Method.invoke(Method.java:498)
	at org.apache.hadoop.io.retry.RetryInvocationHandler.invokeMethod(RetryInvocationHandler.java:422)
	at org.apache.hadoop.io.retry.RetryInvocationHandler$Call.invokeMethod(RetryInvocationHandler.java:165)
	at org.apache.hadoop.io.retry.RetryInvocationHandler$Call.invoke(RetryInvocationHandler.java:157)
	at org.apache.hadoop.io.retry.RetryInvocationHandler$Call.invokeOnce(RetryInvocationHandler.java:95)
	at org.apache.hadoop.io.retry.RetryInvocationHandler.invoke(RetryInvocationHandler.java:359)
	at com.sun.proxy.$Proxy36.submitRequest(Unknown Source)
	at org.apache.hadoop.ozone.om.protocolPB.OzoneManagerProtocolClientSideTranslatorPB.submitRequest(OzoneManagerProtocolClientSideTranslatorPB.java:338)
	at org.apache.hadoop.ozone.om.protocolPB.OzoneManagerProtocolClientSideTranslatorPB.getServiceInfo(OzoneManagerProtocolClientSideTranslatorPB.java:1223)
	at sun.reflect.NativeMethodAccessorImpl.invoke0(Native Method)
	at sun.reflect.NativeMethodAccessorImpl.invoke(NativeMethodAccessorImpl.java:62)
	at sun.reflect.DelegatingMethodAccessorImpl.invoke(DelegatingMethodAccessorImpl.java:43)
	at java.lang.reflect.Method.invoke(Method.java:498)
	at org.apache.hadoop.hdds.tracing.TraceAllMethod.invoke(TraceAllMethod.java:66)
	at com.sun.proxy.$Proxy37.getServiceInfo(Unknown Source)
	at org.apache.hadoop.ozone.client.rpc.RpcClient.<init>(RpcClient.java:154)
	at org.apache.hadoop.ozone.client.OzoneClientFactory.getClientProtocol(OzoneClientFactory.java:256)
	at org.apache.hadoop.ozone.client.OzoneClientFactory.getClientProtocol(OzoneClientFactory.java:239)
	at org.apache.hadoop.ozone.client.OzoneClientFactory.getClient(OzoneClientFactory.java:75)
	at org.apache.hadoop.ozone.container.common.statemachine.commandhandler.TestCloseContainerByPipeline.init(TestCloseContainerByPipeline.java:81)
	at sun.reflect.NativeMethodAccessorImpl.invoke0(Native Method)
	at sun.reflect.NativeMethodAccessorImpl.invoke(NativeMethodAccessorImpl.java:62)
	at sun.reflect.DelegatingMethodAccessorImpl.invoke(DelegatingMethodAccessorImpl.java:43)
	at java.lang.reflect.Method.invoke(Method.java:498)
	at org.junit.runners.model.FrameworkMethod$1.runReflectiveCall(FrameworkMethod.java:47)
	at org.junit.internal.runners.model.ReflectiveCallable.run(ReflectiveCallable.java:12)
	at org.junit.runners.model.FrameworkMethod.invokeExplosively(FrameworkMethod.java:44)
	at org.junit.internal.runners.statements.RunBefores.evaluate(RunBefores.java:24)
	at org.junit.internal.runners.statements.RunAfters.evaluate(RunAfters.java:27)
	at org.junit.runners.ParentRunner.run(ParentRunner.java:309)
	at org.apache.maven.surefire.junit4.JUnit4Provider.execute(JUnit4Provider.java:365)
	at org.apache.maven.surefire.junit4.JUnit4Provider.executeWithRerun(JUnit4Provider.java:273)
	at org.apache.maven.surefire.junit4.JUnit4Provider.executeTestSet(JUnit4Provider.java:238)
	at org.apache.maven.surefire.junit4.JUnit4Provider.invoke(JUnit4Provider.java:159)
	at org.apache.maven.surefire.booter.ForkedBooter.invokeProviderInSameClassLoader(ForkedBooter.java:384)
	at org.apache.maven.surefire.booter.ForkedBooter.runSuitesInProcess(ForkedBooter.java:345)
	at org.apache.maven.surefire.booter.ForkedBooter.execute(ForkedBooter.java:126)
	at org.apache.maven.surefire.booter.ForkedBooter.main(ForkedBooter.java:418)
Caused by: java.net.ConnectException: Connection refused
	at sun.nio.ch.SocketChannelImpl.checkConnect(Native Method)
	at sun.nio.ch.SocketChannelImpl.finishConnect(SocketChannelImpl.java:717)
	at org.apache.hadoop.net.SocketIOWithTimeout.connect(SocketIOWithTimeout.java:206)
	at org.apache.hadoop.net.NetUtils.connect(NetUtils.java:531)
	at org.apache.hadoop.ipc.Client$Connection.setupConnection(Client.java:690)
	at org.apache.hadoop.ipc.Client$Connection.setupIOstreams(Client.java:794)
	at org.apache.hadoop.ipc.Client$Connection.access$3700(Client.java:411)
	at org.apache.hadoop.ipc.Client.getConnection(Client.java:1572)
	at org.apache.hadoop.ipc.Client.call(Client.java:1403)
	... 45 more
2019-09-26 17:35:00,786 [main] INFO  ozone.MiniOzoneClusterImpl (MiniOzoneClusterImpl.java:shutdown(314)) - Shutting down the Mini Ozone Cluster
2019-09-26 17:35:00,786 [main] INFO  ozone.MiniOzoneClusterImpl (MiniOzoneClusterImpl.java:stop(330)) - Stopping the Mini Ozone Cluster
2019-09-26 17:35:00,787 [main] INFO  ozone.MiniOzoneClusterImpl (MiniOzoneClusterImpl.java:stopOM(400)) - Stopping the OzoneManager
2019-09-26 17:35:00,787 [main] INFO  ipc.Server (Server.java:stop(3082)) - Stopping server on 34521
2019-09-26 17:35:00,805 [main] INFO  ratis.OzoneManagerDoubleBuffer (OzoneManagerDoubleBuffer.java:stop(248)) - Stopping OMDoubleBuffer flush thread
2019-09-26 17:35:00,810 [IPC Server Responder] INFO  ipc.Server (Server.java:run(1319)) - Stopping IPC Server Responder
2019-09-26 17:35:00,811 [IPC Server listener on 34521] INFO  ipc.Server (Server.java:run(1185)) - Stopping IPC Server listener on 34521
2019-09-26 17:35:00,817 [OMDoubleBufferFlushThread] INFO  ratis.OzoneManagerDoubleBuffer (OzoneManagerDoubleBuffer.java:flushTransactions(191)) - OMDoubleBuffer flush thread OMDoubleBufferFlushThread is interrupted and will exit. OMDoubleBufferFlushThread
2019-09-26 17:35:00,857 [main] INFO  utils.BackgroundService (BackgroundService.java:shutdown(148)) - Shutting down service KeyDeletingService
2019-09-26 17:35:00,862 [main] INFO  handler.ContextHandler (ContextHandler.java:doStop(910)) - Stopped o.e.j.w.WebAppContext@3e48e859{/,null,UNAVAILABLE}{/ozoneManager}
2019-09-26 17:35:00,870 [main] INFO  server.AbstractConnector (AbstractConnector.java:doStop(318)) - Stopped ServerConnector@31ddd4a4{HTTP/1.1,[http/1.1]}{0.0.0.0:0}
2019-09-26 17:35:00,870 [main] INFO  handler.ContextHandler (ContextHandler.java:doStop(910)) - Stopped o.e.j.s.ServletContextHandler@7bde1f3a{/static,file:///workdir/hadoop-ozone/integration-test/target/test-classes/webapps/static,UNAVAILABLE}
2019-09-26 17:35:00,871 [main] INFO  handler.ContextHandler (ContextHandler.java:doStop(910)) - Stopped o.e.j.s.ServletContextHandler@4c27d39d{/logs,file:///workdir/hadoop-ozone/integration-test/target/log,UNAVAILABLE}
2019-09-26 17:35:00,876 [main] INFO  ozone.MiniOzoneClusterImpl (MiniOzoneClusterImpl.java:stopDatanodes(377)) - Stopping the HddsDatanodes
2019-09-26 17:35:01,248 [Datanode State Machine Thread - 0] INFO  statemachine.DatanodeStateMachine (DatanodeStateMachine.java:lambda$startDaemon$0(350)) - Ozone container server started.
2019-09-26 17:35:01,747 [Datanode State Machine Thread - 0] INFO  statemachine.DatanodeStateMachine (DatanodeStateMachine.java:lambda$startDaemon$0(350)) - Ozone container server started.
2019-09-26 17:35:04,924 [main] INFO  ozoneimpl.OzoneContainer (OzoneContainer.java:stop(231)) - Attempting to stop container services.
2019-09-26 17:35:04,926 [main] INFO  impl.RaftServerProxy (RaftServerProxy.java:lambda$close$4(314)) - d1db60e7-74f1-40e3-a58d-9a1b4e6b78cf: close
2019-09-26 17:35:04,929 [main] INFO  impl.RaftServerImpl (RaftServerImpl.java:lambda$shutdown$3(251)) - d1db60e7-74f1-40e3-a58d-9a1b4e6b78cf@group-C48F6741ACCA: shutdown
2019-09-26 17:35:04,930 [main] INFO  util.JmxRegister (JmxRegister.java:unregister(73)) - Successfully un-registered JMX Bean with object name Ratis:service=RaftServer,group=group-C48F6741ACCA,id=d1db60e7-74f1-40e3-a58d-9a1b4e6b78cf
2019-09-26 17:35:04,930 [main] INFO  impl.RoleInfo (RoleInfo.java:shutdownLeaderState(104)) - d1db60e7-74f1-40e3-a58d-9a1b4e6b78cf: shutdown LeaderState
2019-09-26 17:35:04,939 [org.apache.ratis.server.impl.LogAppender$AppenderDaemon$$Lambda$382/313409958@74fd983f] WARN  server.GrpcLogAppender (GrpcLogAppender.java:mayWait(143)) - d1db60e7-74f1-40e3-a58d-9a1b4e6b78cf@group-C48F6741ACCA->4bd181aa-b15e-4fb6-b331-207cc3229c90-GrpcLogAppender: Wait interrupted by java.lang.InterruptedException
2019-09-26 17:35:04,939 [org.apache.ratis.server.impl.LogAppender$AppenderDaemon$$Lambda$382/313409958@74a2926f] WARN  server.GrpcLogAppender (GrpcLogAppender.java:mayWait(143)) - d1db60e7-74f1-40e3-a58d-9a1b4e6b78cf@group-C48F6741ACCA->5be8714d-2642-4bf1-86d9-fb9f2e784a52-GrpcLogAppender: Wait interrupted by java.lang.InterruptedException
2019-09-26 17:35:04,942 [main] INFO  impl.PendingRequests (PendingRequests.java:sendNotLeaderResponses(202)) - d1db60e7-74f1-40e3-a58d-9a1b4e6b78cf-PendingRequests: sendNotLeaderResponses
2019-09-26 17:35:04,950 [grpc-default-executor-3] INFO  server.GrpcServerProtocolService (GrpcServerProtocolService.java:onCompleted(113)) - 5be8714d-2642-4bf1-86d9-fb9f2e784a52: Completed APPEND_ENTRIES, lastRequest: d1db60e7-74f1-40e3-a58d-9a1b4e6b78cf->5be8714d-2642-4bf1-86d9-fb9f2e784a52#44-t1, previous=(t:1, i:0), leaderCommit=0, initializing? false, entries: <empty>
2019-09-26 17:35:04,950 [grpc-default-executor-4] INFO  server.GrpcServerProtocolService (GrpcServerProtocolService.java:onCompleted(113)) - 4bd181aa-b15e-4fb6-b331-207cc3229c90: Completed APPEND_ENTRIES, lastRequest: d1db60e7-74f1-40e3-a58d-9a1b4e6b78cf->4bd181aa-b15e-4fb6-b331-207cc3229c90#44-t1, previous=(t:1, i:0), leaderCommit=0, initializing? false, entries: <empty>
2019-09-26 17:35:04,953 [main] INFO  impl.StateMachineUpdater (StateMachineUpdater.java:stopAndJoin(125)) - d1db60e7-74f1-40e3-a58d-9a1b4e6b78cf@group-C48F6741ACCA-StateMachineUpdater: set stopIndex = 0
2019-09-26 17:35:04,954 [main] INFO  impl.RaftServerImpl (ServerState.java:close(385)) - d1db60e7-74f1-40e3-a58d-9a1b4e6b78cf@group-C48F6741ACCA: closes. applyIndex: 0
2019-09-26 17:35:04,958 [grpc-default-executor-4] INFO  server.GrpcLogAppender (GrpcLogAppender.java:onCompleted(293)) - d1db60e7-74f1-40e3-a58d-9a1b4e6b78cf@group-C48F6741ACCA->5be8714d-2642-4bf1-86d9-fb9f2e784a52-AppendLogResponseHandler: follower responses appendEntries COMPLETED
2019-09-26 17:35:04,959 [grpc-default-executor-3] INFO  server.GrpcLogAppender (GrpcLogAppender.java:onCompleted(293)) - d1db60e7-74f1-40e3-a58d-9a1b4e6b78cf@group-C48F6741ACCA->4bd181aa-b15e-4fb6-b331-207cc3229c90-AppendLogResponseHandler: follower responses appendEntries COMPLETED
2019-09-26 17:35:04,966 [grpc-default-executor-4] INFO  impl.FollowerInfo (FollowerInfo.java:lambda$new$0(51)) - d1db60e7-74f1-40e3-a58d-9a1b4e6b78cf@group-C48F6741ACCA->5be8714d-2642-4bf1-86d9-fb9f2e784a52: nextIndex: updateUnconditionally 1 -> 0
2019-09-26 17:35:04,966 [grpc-default-executor-3] INFO  impl.FollowerInfo (FollowerInfo.java:lambda$new$0(51)) - d1db60e7-74f1-40e3-a58d-9a1b4e6b78cf@group-C48F6741ACCA->4bd181aa-b15e-4fb6-b331-207cc3229c90: nextIndex: updateUnconditionally 1 -> 0
2019-09-26 17:35:04,969 [d1db60e7-74f1-40e3-a58d-9a1b4e6b78cf@group-C48F6741ACCA-SegmentedRaftLogWorker] INFO  segmented.SegmentedRaftLogWorker (SegmentedRaftLogWorker.java:run(313)) - d1db60e7-74f1-40e3-a58d-9a1b4e6b78cf@group-C48F6741ACCA-SegmentedRaftLogWorker was interrupted, exiting. There are 0 tasks remaining in the queue.
2019-09-26 17:35:04,972 [main] INFO  segmented.SegmentedRaftLogWorker (SegmentedRaftLogWorker.java:close(228)) - d1db60e7-74f1-40e3-a58d-9a1b4e6b78cf@group-C48F6741ACCA-SegmentedRaftLogWorker close()
2019-09-26 17:35:04,978 [main] INFO  impl.RaftServerImpl (RaftServerImpl.java:lambda$shutdown$3(251)) - d1db60e7-74f1-40e3-a58d-9a1b4e6b78cf@group-C9F52A38C361: shutdown
2019-09-26 17:35:04,979 [main] INFO  util.JmxRegister (JmxRegister.java:unregister(73)) - Successfully un-registered JMX Bean with object name Ratis:service=RaftServer,group=group-C9F52A38C361,id=d1db60e7-74f1-40e3-a58d-9a1b4e6b78cf
2019-09-26 17:35:04,979 [main] INFO  impl.RoleInfo (RoleInfo.java:shutdownLeaderState(104)) - d1db60e7-74f1-40e3-a58d-9a1b4e6b78cf: shutdown LeaderState
2019-09-26 17:35:04,979 [main] INFO  impl.PendingRequests (PendingRequests.java:sendNotLeaderResponses(202)) - d1db60e7-74f1-40e3-a58d-9a1b4e6b78cf-PendingRequests: sendNotLeaderResponses
2019-09-26 17:35:04,980 [main] INFO  impl.StateMachineUpdater (StateMachineUpdater.java:stopAndJoin(125)) - d1db60e7-74f1-40e3-a58d-9a1b4e6b78cf@group-C9F52A38C361-StateMachineUpdater: set stopIndex = 0
2019-09-26 17:35:04,981 [main] INFO  impl.RaftServerImpl (ServerState.java:close(385)) - d1db60e7-74f1-40e3-a58d-9a1b4e6b78cf@group-C9F52A38C361: closes. applyIndex: 0
2019-09-26 17:35:04,981 [d1db60e7-74f1-40e3-a58d-9a1b4e6b78cf@group-C9F52A38C361-SegmentedRaftLogWorker] INFO  segmented.SegmentedRaftLogWorker (SegmentedRaftLogWorker.java:run(313)) - d1db60e7-74f1-40e3-a58d-9a1b4e6b78cf@group-C9F52A38C361-SegmentedRaftLogWorker was interrupted, exiting. There are 0 tasks remaining in the queue.
2019-09-26 17:35:04,984 [main] INFO  segmented.SegmentedRaftLogWorker (SegmentedRaftLogWorker.java:close(228)) - d1db60e7-74f1-40e3-a58d-9a1b4e6b78cf@group-C9F52A38C361-SegmentedRaftLogWorker close()
2019-09-26 17:35:04,990 [main] INFO  server.GrpcService (GrpcService.java:closeImpl(164)) - d1db60e7-74f1-40e3-a58d-9a1b4e6b78cf: shutdown server with port 45514 now
2019-09-26 17:35:04,996 [main] INFO  server.GrpcService (GrpcService.java:closeImpl(172)) - d1db60e7-74f1-40e3-a58d-9a1b4e6b78cf: shutdown server with port 45514 successfully
2019-09-26 17:35:05,005 [refreshUsed-/workdir/hadoop-ozone/integration-test/target/test-dir/MiniOzoneClusterImpl-e957bdb1-9b3f-4e03-89f8-47fdabd8daf2/datanode-5/data/containers] WARN  fs.CachingGetSpaceUsed (CachingGetSpaceUsed.java:run(183)) - Thread Interrupted waiting to refresh disk information: sleep interrupted
2019-09-26 17:35:05,028 [main] INFO  utils.BackgroundService (BackgroundService.java:shutdown(148)) - Shutting down service BlockDeletingService
2019-09-26 17:35:05,038 [main] INFO  statemachine.DatanodeStateMachine (DatanodeStateMachine.java:stopDaemon(395)) - Ozone container server stopped.
2019-09-26 17:35:05,039 [main] INFO  handler.ContextHandler (ContextHandler.java:doStop(910)) - Stopped o.e.j.w.WebAppContext@17143b3b{/,null,UNAVAILABLE}{/hddsDatanode}
2019-09-26 17:35:05,040 [main] INFO  server.AbstractConnector (AbstractConnector.java:doStop(318)) - Stopped ServerConnector@100c8b75{HTTP/1.1,[http/1.1]}{0.0.0.0:0}
2019-09-26 17:35:05,040 [main] INFO  handler.ContextHandler (ContextHandler.java:doStop(910)) - Stopped o.e.j.s.ServletContextHandler@7e53339{/static,jar:file:/home/user/.m2/repository/org/apache/hadoop/hadoop-hdds-container-service/0.5.0-SNAPSHOT/hadoop-hdds-container-service-0.5.0-SNAPSHOT.jar!/webapps/static,UNAVAILABLE}
2019-09-26 17:35:05,041 [main] INFO  handler.ContextHandler (ContextHandler.java:doStop(910)) - Stopped o.e.j.s.ServletContextHandler@6cf0a747{/logs,file:///workdir/hadoop-ozone/integration-test/target/log,UNAVAILABLE}
2019-09-26 17:35:05,249 [Datanode State Machine Thread - 0] INFO  statemachine.DatanodeStateMachine (DatanodeStateMachine.java:lambda$startDaemon$0(350)) - Ozone container server started.
2019-09-26 17:35:05,878 [ForkJoinPool.commonPool-worker-0] INFO  ozoneimpl.OzoneContainer (OzoneContainer.java:stop(231)) - Attempting to stop container services.
2019-09-26 17:35:05,879 [ForkJoinPool.commonPool-worker-0] INFO  impl.RaftServerProxy (RaftServerProxy.java:lambda$close$4(314)) - 11011891-d857-4221-8ea5-6747af062c6a: close
2019-09-26 17:35:05,879 [ForkJoinPool.commonPool-worker-0] INFO  impl.RaftServerImpl (RaftServerImpl.java:lambda$shutdown$3(251)) - 11011891-d857-4221-8ea5-6747af062c6a@group-B1FFC5289608: shutdown
2019-09-26 17:35:05,879 [ForkJoinPool.commonPool-worker-0] INFO  util.JmxRegister (JmxRegister.java:unregister(73)) - Successfully un-registered JMX Bean with object name Ratis:service=RaftServer,group=group-B1FFC5289608,id=11011891-d857-4221-8ea5-6747af062c6a
2019-09-26 17:35:05,880 [ForkJoinPool.commonPool-worker-0] INFO  impl.RoleInfo (RoleInfo.java:shutdownLeaderState(104)) - 11011891-d857-4221-8ea5-6747af062c6a: shutdown LeaderState
2019-09-26 17:35:05,880 [ForkJoinPool.commonPool-worker-0] INFO  impl.PendingRequests (PendingRequests.java:sendNotLeaderResponses(202)) - 11011891-d857-4221-8ea5-6747af062c6a-PendingRequests: sendNotLeaderResponses
2019-09-26 17:35:05,885 [ForkJoinPool.commonPool-worker-0] INFO  impl.StateMachineUpdater (StateMachineUpdater.java:stopAndJoin(125)) - 11011891-d857-4221-8ea5-6747af062c6a@group-B1FFC5289608-StateMachineUpdater: set stopIndex = 0
2019-09-26 17:35:05,888 [ForkJoinPool.commonPool-worker-0] INFO  impl.RaftServerImpl (ServerState.java:close(385)) - 11011891-d857-4221-8ea5-6747af062c6a@group-B1FFC5289608: closes. applyIndex: 0
2019-09-26 17:35:05,888 [11011891-d857-4221-8ea5-6747af062c6a@group-B1FFC5289608-SegmentedRaftLogWorker] INFO  segmented.SegmentedRaftLogWorker (SegmentedRaftLogWorker.java:run(313)) - 11011891-d857-4221-8ea5-6747af062c6a@group-B1FFC5289608-SegmentedRaftLogWorker was interrupted, exiting. There are 0 tasks remaining in the queue.
2019-09-26 17:35:05,891 [ForkJoinPool.commonPool-worker-0] INFO  segmented.SegmentedRaftLogWorker (SegmentedRaftLogWorker.java:close(228)) - 11011891-d857-4221-8ea5-6747af062c6a@group-B1FFC5289608-SegmentedRaftLogWorker close()
2019-09-26 17:35:05,895 [ForkJoinPool.commonPool-worker-0] INFO  impl.RaftServerImpl (RaftServerImpl.java:lambda$shutdown$3(251)) - 11011891-d857-4221-8ea5-6747af062c6a@group-DD316D7CA787: shutdown
2019-09-26 17:35:05,896 [ForkJoinPool.commonPool-worker-0] INFO  util.JmxRegister (JmxRegister.java:unregister(73)) - Successfully un-registered JMX Bean with object name Ratis:service=RaftServer,group=group-DD316D7CA787,id=11011891-d857-4221-8ea5-6747af062c6a
2019-09-26 17:35:05,896 [ForkJoinPool.commonPool-worker-0] INFO  impl.RoleInfo (RoleInfo.java:shutdownFollowerState(121)) - 11011891-d857-4221-8ea5-6747af062c6a: shutdown FollowerState
2019-09-26 17:35:05,896 [ForkJoinPool.commonPool-worker-0] INFO  impl.StateMachineUpdater (StateMachineUpdater.java:stopAndJoin(125)) - 11011891-d857-4221-8ea5-6747af062c6a@group-DD316D7CA787-StateMachineUpdater: set stopIndex = 0
2019-09-26 17:35:05,896 [Thread-377] INFO  impl.FollowerState (FollowerState.java:run(115)) - 11011891-d857-4221-8ea5-6747af062c6a: FollowerState was interrupted: java.lang.InterruptedException: sleep interrupted
2019-09-26 17:35:05,912 [ForkJoinPool.commonPool-worker-0] INFO  impl.RaftServerImpl (ServerState.java:close(385)) - 11011891-d857-4221-8ea5-6747af062c6a@group-DD316D7CA787: closes. applyIndex: 0
2019-09-26 17:35:05,912 [11011891-d857-4221-8ea5-6747af062c6a@group-DD316D7CA787-SegmentedRaftLogWorker] INFO  segmented.SegmentedRaftLogWorker (SegmentedRaftLogWorker.java:run(313)) - 11011891-d857-4221-8ea5-6747af062c6a@group-DD316D7CA787-SegmentedRaftLogWorker was interrupted, exiting. There are 0 tasks remaining in the queue.
2019-09-26 17:35:05,915 [ForkJoinPool.commonPool-worker-0] INFO  segmented.SegmentedRaftLogWorker (SegmentedRaftLogWorker.java:close(228)) - 11011891-d857-4221-8ea5-6747af062c6a@group-DD316D7CA787-SegmentedRaftLogWorker close()
2019-09-26 17:35:05,919 [ForkJoinPool.commonPool-worker-0] INFO  server.GrpcService (GrpcService.java:closeImpl(164)) - 11011891-d857-4221-8ea5-6747af062c6a: shutdown server with port 35503 now
2019-09-26 17:35:05,925 [grpc-default-executor-4] WARN  server.GrpcServerProtocolService (LogUtils.java:warn(134)) - 11011891-d857-4221-8ea5-6747af062c6a: installSnapshot onError, lastRequest: 815536f4-dee7-4433-8f37-6956ea789edb->11011891-d857-4221-8ea5-6747af062c6a#44-t1, previous=(t:1, i:0), leaderCommit=0, initializing? false, entries: <empty>: org.apache.ratis.thirdparty.io.grpc.StatusRuntimeException: CANCELLED: cancelled before receiving half close
2019-09-26 17:35:05,926 [ForkJoinPool.commonPool-worker-0] INFO  server.GrpcService (GrpcService.java:closeImpl(172)) - 11011891-d857-4221-8ea5-6747af062c6a: shutdown server with port 35503 successfully
2019-09-26 17:35:05,929 [grpc-default-executor-3] WARN  server.GrpcLogAppender (LogUtils.java:warn(134)) - 815536f4-dee7-4433-8f37-6956ea789edb@group-DD316D7CA787->11011891-d857-4221-8ea5-6747af062c6a-AppendLogResponseHandler: Failed appendEntries: org.apache.ratis.thirdparty.io.grpc.StatusRuntimeException: CANCELLED: HTTP/2 error code: CANCEL
Received Rst Stream
2019-09-26 17:35:05,933 [refreshUsed-/workdir/hadoop-ozone/integration-test/target/test-dir/MiniOzoneClusterImpl-e957bdb1-9b3f-4e03-89f8-47fdabd8daf2/datanode-2/data/containers] WARN  fs.CachingGetSpaceUsed (CachingGetSpaceUsed.java:run(183)) - Thread Interrupted waiting to refresh disk information: sleep interrupted
2019-09-26 17:35:05,937 [grpc-default-executor-3] INFO  impl.FollowerInfo (FollowerInfo.java:lambda$new$0(51)) - 815536f4-dee7-4433-8f37-6956ea789edb@group-DD316D7CA787->11011891-d857-4221-8ea5-6747af062c6a: nextIndex: updateUnconditionally 1 -> 0
2019-09-26 17:35:05,958 [ForkJoinPool.commonPool-worker-0] INFO  utils.BackgroundService (BackgroundService.java:shutdown(148)) - Shutting down service BlockDeletingService
2019-09-26 17:35:05,965 [ForkJoinPool.commonPool-worker-0] INFO  statemachine.DatanodeStateMachine (DatanodeStateMachine.java:stopDaemon(395)) - Ozone container server stopped.
2019-09-26 17:35:05,972 [ForkJoinPool.commonPool-worker-0] INFO  handler.ContextHandler (ContextHandler.java:doStop(910)) - Stopped o.e.j.w.WebAppContext@4a163575{/,null,UNAVAILABLE}{/hddsDatanode}
2019-09-26 17:35:05,973 [ForkJoinPool.commonPool-worker-0] INFO  server.AbstractConnector (AbstractConnector.java:doStop(318)) - Stopped ServerConnector@7e642b88{HTTP/1.1,[http/1.1]}{0.0.0.0:0}
2019-09-26 17:35:05,975 [ForkJoinPool.commonPool-worker-0] INFO  handler.ContextHandler (ContextHandler.java:doStop(910)) - Stopped o.e.j.s.ServletContextHandler@4d21c56e{/static,jar:file:/home/user/.m2/repository/org/apache/hadoop/hadoop-hdds-container-service/0.5.0-SNAPSHOT/hadoop-hdds-container-service-0.5.0-SNAPSHOT.jar!/webapps/static,UNAVAILABLE}
2019-09-26 17:35:05,977 [ForkJoinPool.commonPool-worker-0] INFO  handler.ContextHandler (ContextHandler.java:doStop(910)) - Stopped o.e.j.s.ServletContextHandler@5624657a{/logs,file:///workdir/hadoop-ozone/integration-test/target/log,UNAVAILABLE}
2019-09-26 17:35:06,810 [Datanode State Machine Thread - 0] INFO  statemachine.DatanodeStateMachine (DatanodeStateMachine.java:lambda$startDaemon$0(350)) - Ozone container server started.
2019-09-26 17:35:06,842 [grpc-default-executor-3] WARN  server.GrpcLogAppender (LogUtils.java:warn(134)) - 815536f4-dee7-4433-8f37-6956ea789edb@group-DD316D7CA787->11011891-d857-4221-8ea5-6747af062c6a-AppendLogResponseHandler: Failed appendEntries: org.apache.ratis.thirdparty.io.grpc.StatusRuntimeException: UNAVAILABLE: io exception
2019-09-26 17:35:06,844 [grpc-default-executor-3] INFO  impl.FollowerInfo (FollowerInfo.java:lambda$new$0(51)) - 815536f4-dee7-4433-8f37-6956ea789edb@group-DD316D7CA787->11011891-d857-4221-8ea5-6747af062c6a: nextIndex: updateUnconditionally 0 -> 0
2019-09-26 17:35:09,330 [grpc-default-executor-7] WARN  server.GrpcLogAppender (LogUtils.java:warn(134)) - 815536f4-dee7-4433-8f37-6956ea789edb@group-DD316D7CA787->11011891-d857-4221-8ea5-6747af062c6a-AppendLogResponseHandler: Failed appendEntries: org.apache.ratis.thirdparty.io.grpc.StatusRuntimeException: UNAVAILABLE: io exception
2019-09-26 17:35:09,333 [grpc-default-executor-7] INFO  impl.FollowerInfo (FollowerInfo.java:lambda$new$0(51)) - 815536f4-dee7-4433-8f37-6956ea789edb@group-DD316D7CA787->11011891-d857-4221-8ea5-6747af062c6a: nextIndex: updateUnconditionally 0 -> 0
2019-09-26 17:35:10,043 [main] INFO  ozoneimpl.OzoneContainer (OzoneContainer.java:stop(231)) - Attempting to stop container services.
2019-09-26 17:35:10,044 [main] INFO  impl.RaftServerProxy (RaftServerProxy.java:lambda$close$4(314)) - 090c4de5-a6fa-4d03-a645-efabbe50ef62: close
2019-09-26 17:35:10,044 [main] INFO  impl.RaftServerImpl (RaftServerImpl.java:lambda$shutdown$3(251)) - 090c4de5-a6fa-4d03-a645-efabbe50ef62@group-85A86911A4E9: shutdown
2019-09-26 17:35:10,045 [main] INFO  util.JmxRegister (JmxRegister.java:unregister(73)) - Successfully un-registered JMX Bean with object name Ratis:service=RaftServer,group=group-85A86911A4E9,id=090c4de5-a6fa-4d03-a645-efabbe50ef62
2019-09-26 17:35:10,045 [main] INFO  impl.RoleInfo (RoleInfo.java:shutdownLeaderState(104)) - 090c4de5-a6fa-4d03-a645-efabbe50ef62: shutdown LeaderState
2019-09-26 17:35:10,045 [main] INFO  impl.PendingRequests (PendingRequests.java:sendNotLeaderResponses(202)) - 090c4de5-a6fa-4d03-a645-efabbe50ef62-PendingRequests: sendNotLeaderResponses
2019-09-26 17:35:10,046 [main] INFO  impl.StateMachineUpdater (StateMachineUpdater.java:stopAndJoin(125)) - 090c4de5-a6fa-4d03-a645-efabbe50ef62@group-85A86911A4E9-StateMachineUpdater: set stopIndex = 0
2019-09-26 17:35:10,046 [main] INFO  impl.RaftServerImpl (ServerState.java:close(385)) - 090c4de5-a6fa-4d03-a645-efabbe50ef62@group-85A86911A4E9: closes. applyIndex: 0
2019-09-26 17:35:10,047 [090c4de5-a6fa-4d03-a645-efabbe50ef62@group-85A86911A4E9-SegmentedRaftLogWorker] INFO  segmented.SegmentedRaftLogWorker (SegmentedRaftLogWorker.java:run(313)) - 090c4de5-a6fa-4d03-a645-efabbe50ef62@group-85A86911A4E9-SegmentedRaftLogWorker was interrupted, exiting. There are 0 tasks remaining in the queue.
2019-09-26 17:35:10,051 [main] INFO  segmented.SegmentedRaftLogWorker (SegmentedRaftLogWorker.java:close(228)) - 090c4de5-a6fa-4d03-a645-efabbe50ef62@group-85A86911A4E9-SegmentedRaftLogWorker close()
2019-09-26 17:35:10,055 [main] INFO  server.GrpcService (GrpcService.java:closeImpl(164)) - 090c4de5-a6fa-4d03-a645-efabbe50ef62: shutdown server with port 41033 now
2019-09-26 17:35:10,058 [main] INFO  server.GrpcService (GrpcService.java:closeImpl(172)) - 090c4de5-a6fa-4d03-a645-efabbe50ef62: shutdown server with port 41033 successfully
2019-09-26 17:35:10,076 [refreshUsed-/workdir/hadoop-ozone/integration-test/target/test-dir/MiniOzoneClusterImpl-e957bdb1-9b3f-4e03-89f8-47fdabd8daf2/datanode-6/data/containers] WARN  fs.CachingGetSpaceUsed (CachingGetSpaceUsed.java:run(183)) - Thread Interrupted waiting to refresh disk information: sleep interrupted
2019-09-26 17:35:10,086 [main] INFO  utils.BackgroundService (BackgroundService.java:shutdown(148)) - Shutting down service BlockDeletingService
2019-09-26 17:35:10,095 [main] INFO  statemachine.DatanodeStateMachine (DatanodeStateMachine.java:stopDaemon(395)) - Ozone container server stopped.
2019-09-26 17:35:10,096 [main] INFO  handler.ContextHandler (ContextHandler.java:doStop(910)) - Stopped o.e.j.w.WebAppContext@1e9469b8{/,null,UNAVAILABLE}{/hddsDatanode}
2019-09-26 17:35:10,097 [main] INFO  server.AbstractConnector (AbstractConnector.java:doStop(318)) - Stopped ServerConnector@5a08efdc{HTTP/1.1,[http/1.1]}{0.0.0.0:0}
2019-09-26 17:35:10,097 [main] INFO  handler.ContextHandler (ContextHandler.java:doStop(910)) - Stopped o.e.j.s.ServletContextHandler@6edf29c1{/static,jar:file:/home/user/.m2/repository/org/apache/hadoop/hadoop-hdds-container-service/0.5.0-SNAPSHOT/hadoop-hdds-container-service-0.5.0-SNAPSHOT.jar!/webapps/static,UNAVAILABLE}
2019-09-26 17:35:10,097 [main] INFO  handler.ContextHandler (ContextHandler.java:doStop(910)) - Stopped o.e.j.s.ServletContextHandler@7c8c70d6{/logs,file:///workdir/hadoop-ozone/integration-test/target/log,UNAVAILABLE}
2019-09-26 17:35:10,250 [Datanode State Machine Thread - 0] INFO  statemachine.DatanodeStateMachine (DatanodeStateMachine.java:lambda$startDaemon$0(350)) - Ozone container server started.
2019-09-26 17:35:10,979 [ForkJoinPool.commonPool-worker-0] INFO  ozoneimpl.OzoneContainer (OzoneContainer.java:stop(231)) - Attempting to stop container services.
2019-09-26 17:35:10,980 [ForkJoinPool.commonPool-worker-0] INFO  impl.RaftServerProxy (RaftServerProxy.java:lambda$close$4(314)) - b0d633e9-e5dd-4965-9348-f887f26d3e3f: close
2019-09-26 17:35:10,980 [ForkJoinPool.commonPool-worker-0] INFO  impl.RaftServerImpl (RaftServerImpl.java:lambda$shutdown$3(251)) - b0d633e9-e5dd-4965-9348-f887f26d3e3f@group-DD316D7CA787: shutdown
2019-09-26 17:35:10,981 [ForkJoinPool.commonPool-worker-0] INFO  util.JmxRegister (JmxRegister.java:unregister(73)) - Successfully un-registered JMX Bean with object name Ratis:service=RaftServer,group=group-DD316D7CA787,id=b0d633e9-e5dd-4965-9348-f887f26d3e3f
2019-09-26 17:35:10,981 [ForkJoinPool.commonPool-worker-0] INFO  impl.RoleInfo (RoleInfo.java:shutdownFollowerState(121)) - b0d633e9-e5dd-4965-9348-f887f26d3e3f: shutdown FollowerState
2019-09-26 17:35:10,981 [ForkJoinPool.commonPool-worker-0] INFO  impl.StateMachineUpdater (StateMachineUpdater.java:stopAndJoin(125)) - b0d633e9-e5dd-4965-9348-f887f26d3e3f@group-DD316D7CA787-StateMachineUpdater: set stopIndex = 0
2019-09-26 17:35:10,982 [Thread-378] INFO  impl.FollowerState (FollowerState.java:run(115)) - b0d633e9-e5dd-4965-9348-f887f26d3e3f: FollowerState was interrupted: java.lang.InterruptedException: sleep interrupted
2019-09-26 17:35:10,982 [ForkJoinPool.commonPool-worker-0] INFO  impl.RaftServerImpl (ServerState.java:close(385)) - b0d633e9-e5dd-4965-9348-f887f26d3e3f@group-DD316D7CA787: closes. applyIndex: 0
2019-09-26 17:35:10,983 [b0d633e9-e5dd-4965-9348-f887f26d3e3f@group-DD316D7CA787-SegmentedRaftLogWorker] INFO  segmented.SegmentedRaftLogWorker (SegmentedRaftLogWorker.java:run(313)) - b0d633e9-e5dd-4965-9348-f887f26d3e3f@group-DD316D7CA787-SegmentedRaftLogWorker was interrupted, exiting. There are 0 tasks remaining in the queue.
2019-09-26 17:35:10,987 [ForkJoinPool.commonPool-worker-0] INFO  segmented.SegmentedRaftLogWorker (SegmentedRaftLogWorker.java:close(228)) - b0d633e9-e5dd-4965-9348-f887f26d3e3f@group-DD316D7CA787-SegmentedRaftLogWorker close()
2019-09-26 17:35:10,991 [ForkJoinPool.commonPool-worker-0] INFO  impl.RaftServerImpl (RaftServerImpl.java:lambda$shutdown$3(251)) - b0d633e9-e5dd-4965-9348-f887f26d3e3f@group-396E1A52CAF9: shutdown
2019-09-26 17:35:10,992 [ForkJoinPool.commonPool-worker-0] INFO  util.JmxRegister (JmxRegister.java:unregister(73)) - Successfully un-registered JMX Bean with object name Ratis:service=RaftServer,group=group-396E1A52CAF9,id=b0d633e9-e5dd-4965-9348-f887f26d3e3f
2019-09-26 17:35:10,992 [ForkJoinPool.commonPool-worker-0] INFO  impl.RoleInfo (RoleInfo.java:shutdownLeaderState(104)) - b0d633e9-e5dd-4965-9348-f887f26d3e3f: shutdown LeaderState
2019-09-26 17:35:10,992 [ForkJoinPool.commonPool-worker-0] INFO  impl.PendingRequests (PendingRequests.java:sendNotLeaderResponses(202)) - b0d633e9-e5dd-4965-9348-f887f26d3e3f-PendingRequests: sendNotLeaderResponses
2019-09-26 17:35:10,993 [ForkJoinPool.commonPool-worker-0] INFO  impl.StateMachineUpdater (StateMachineUpdater.java:stopAndJoin(125)) - b0d633e9-e5dd-4965-9348-f887f26d3e3f@group-396E1A52CAF9-StateMachineUpdater: set stopIndex = 0
2019-09-26 17:35:10,993 [ForkJoinPool.commonPool-worker-0] INFO  impl.RaftServerImpl (ServerState.java:close(385)) - b0d633e9-e5dd-4965-9348-f887f26d3e3f@group-396E1A52CAF9: closes. applyIndex: 0
2019-09-26 17:35:10,994 [b0d633e9-e5dd-4965-9348-f887f26d3e3f@group-396E1A52CAF9-SegmentedRaftLogWorker] INFO  segmented.SegmentedRaftLogWorker (SegmentedRaftLogWorker.java:run(313)) - b0d633e9-e5dd-4965-9348-f887f26d3e3f@group-396E1A52CAF9-SegmentedRaftLogWorker was interrupted, exiting. There are 0 tasks remaining in the queue.
2019-09-26 17:35:10,998 [ForkJoinPool.commonPool-worker-0] INFO  segmented.SegmentedRaftLogWorker (SegmentedRaftLogWorker.java:close(228)) - b0d633e9-e5dd-4965-9348-f887f26d3e3f@group-396E1A52CAF9-SegmentedRaftLogWorker close()
2019-09-26 17:35:11,003 [ForkJoinPool.commonPool-worker-0] INFO  server.GrpcService (GrpcService.java:closeImpl(164)) - b0d633e9-e5dd-4965-9348-f887f26d3e3f: shutdown server with port 36411 now
2019-09-26 17:35:11,006 [grpc-default-executor-3] WARN  server.GrpcServerProtocolService (LogUtils.java:warn(134)) - b0d633e9-e5dd-4965-9348-f887f26d3e3f: installSnapshot onError, lastRequest: 815536f4-dee7-4433-8f37-6956ea789edb->b0d633e9-e5dd-4965-9348-f887f26d3e3f#46-t1, previous=(t:1, i:0), leaderCommit=0, initializing? false, entries: <empty>: org.apache.ratis.thirdparty.io.grpc.StatusRuntimeException: CANCELLED: cancelled before receiving half close
2019-09-26 17:35:11,006 [ForkJoinPool.commonPool-worker-0] INFO  server.GrpcService (GrpcService.java:closeImpl(172)) - b0d633e9-e5dd-4965-9348-f887f26d3e3f: shutdown server with port 36411 successfully
2019-09-26 17:35:11,006 [grpc-default-executor-4] WARN  server.GrpcLogAppender (LogUtils.java:warn(134)) - 815536f4-dee7-4433-8f37-6956ea789edb@group-DD316D7CA787->b0d633e9-e5dd-4965-9348-f887f26d3e3f-AppendLogResponseHandler: Failed appendEntries: org.apache.ratis.thirdparty.io.grpc.StatusRuntimeException: CANCELLED: HTTP/2 error code: CANCEL
Received Rst Stream
2019-09-26 17:35:11,013 [grpc-default-executor-4] INFO  impl.FollowerInfo (FollowerInfo.java:lambda$new$0(51)) - 815536f4-dee7-4433-8f37-6956ea789edb@group-DD316D7CA787->b0d633e9-e5dd-4965-9348-f887f26d3e3f: nextIndex: updateUnconditionally 1 -> 0
2019-09-26 17:35:11,017 [refreshUsed-/workdir/hadoop-ozone/integration-test/target/test-dir/MiniOzoneClusterImpl-e957bdb1-9b3f-4e03-89f8-47fdabd8daf2/datanode-3/data/containers] WARN  fs.CachingGetSpaceUsed (CachingGetSpaceUsed.java:run(183)) - Thread Interrupted waiting to refresh disk information: sleep interrupted
2019-09-26 17:35:11,038 [ForkJoinPool.commonPool-worker-0] INFO  utils.BackgroundService (BackgroundService.java:shutdown(148)) - Shutting down service BlockDeletingService
2019-09-26 17:35:11,046 [ForkJoinPool.commonPool-worker-0] INFO  statemachine.DatanodeStateMachine (DatanodeStateMachine.java:stopDaemon(395)) - Ozone container server stopped.
2019-09-26 17:35:11,053 [ForkJoinPool.commonPool-worker-0] INFO  handler.ContextHandler (ContextHandler.java:doStop(910)) - Stopped o.e.j.w.WebAppContext@437486cd{/,null,UNAVAILABLE}{/hddsDatanode}
2019-09-26 17:35:11,054 [ForkJoinPool.commonPool-worker-0] INFO  server.AbstractConnector (AbstractConnector.java:doStop(318)) - Stopped ServerConnector@15b642b9{HTTP/1.1,[http/1.1]}{0.0.0.0:0}
2019-09-26 17:35:11,057 [ForkJoinPool.commonPool-worker-0] INFO  handler.ContextHandler (ContextHandler.java:doStop(910)) - Stopped o.e.j.s.ServletContextHandler@5e7c141d{/static,jar:file:/home/user/.m2/repository/org/apache/hadoop/hadoop-hdds-container-service/0.5.0-SNAPSHOT/hadoop-hdds-container-service-0.5.0-SNAPSHOT.jar!/webapps/static,UNAVAILABLE}
2019-09-26 17:35:11,059 [ForkJoinPool.commonPool-worker-0] INFO  handler.ContextHandler (ContextHandler.java:doStop(910)) - Stopped o.e.j.s.ServletContextHandler@378cfecf{/logs,file:///workdir/hadoop-ozone/integration-test/target/log,UNAVAILABLE}
2019-09-26 17:35:11,831 [grpc-default-executor-7] WARN  server.GrpcLogAppender (LogUtils.java:warn(134)) - 815536f4-dee7-4433-8f37-6956ea789edb@group-DD316D7CA787->11011891-d857-4221-8ea5-6747af062c6a-AppendLogResponseHandler: Failed appendEntries: org.apache.ratis.thirdparty.io.grpc.StatusRuntimeException: UNAVAILABLE: io exception
2019-09-26 17:35:11,834 [grpc-default-executor-7] INFO  impl.FollowerInfo (FollowerInfo.java:lambda$new$0(51)) - 815536f4-dee7-4433-8f37-6956ea789edb@group-DD316D7CA787->11011891-d857-4221-8ea5-6747af062c6a: nextIndex: updateUnconditionally 0 -> 0
2019-09-26 17:35:11,842 [grpc-default-executor-4] WARN  server.GrpcLogAppender (LogUtils.java:warn(134)) - 815536f4-dee7-4433-8f37-6956ea789edb@group-DD316D7CA787->b0d633e9-e5dd-4965-9348-f887f26d3e3f-AppendLogResponseHandler: Failed appendEntries: org.apache.ratis.thirdparty.io.grpc.StatusRuntimeException: UNAVAILABLE: io exception
2019-09-26 17:35:11,844 [grpc-default-executor-4] INFO  impl.FollowerInfo (FollowerInfo.java:lambda$new$0(51)) - 815536f4-dee7-4433-8f37-6956ea789edb@group-DD316D7CA787->b0d633e9-e5dd-4965-9348-f887f26d3e3f: nextIndex: updateUnconditionally 0 -> 0
2019-09-26 17:35:11,874 [Datanode State Machine Thread - 0] INFO  statemachine.DatanodeStateMachine (DatanodeStateMachine.java:lambda$startDaemon$0(350)) - Ozone container server started.
2019-09-26 17:35:13,658 [Thread-395] INFO  impl.FollowerState (FollowerState.java:run(106)) - 4bd181aa-b15e-4fb6-b331-207cc3229c90:group-C48F6741ACCA changes to CANDIDATE, lastRpcTime:9343, electionTimeout:5193ms
2019-09-26 17:35:13,659 [Thread-395] INFO  impl.RoleInfo (RoleInfo.java:shutdownFollowerState(121)) - 4bd181aa-b15e-4fb6-b331-207cc3229c90: shutdown FollowerState
2019-09-26 17:35:13,659 [Thread-395] INFO  impl.RaftServerImpl (RaftServerImpl.java:setRole(174)) - 4bd181aa-b15e-4fb6-b331-207cc3229c90@group-C48F6741ACCA: changes role from  FOLLOWER to CANDIDATE at term 1 for changeToCandidate
2019-09-26 17:35:13,659 [Thread-395] INFO  impl.RoleInfo (RoleInfo.java:updateAndGet(143)) - 4bd181aa-b15e-4fb6-b331-207cc3229c90: start LeaderElection
2019-09-26 17:35:13,660 [4bd181aa-b15e-4fb6-b331-207cc3229c90@group-C48F6741ACCA:LeaderElection16] INFO  impl.RaftServerImpl (ServerState.java:setLeader(253)) - 4bd181aa-b15e-4fb6-b331-207cc3229c90@group-C48F6741ACCA: change Leader from d1db60e7-74f1-40e3-a58d-9a1b4e6b78cf to null at term 1 for initElection
2019-09-26 17:35:13,674 [4bd181aa-b15e-4fb6-b331-207cc3229c90@group-C48F6741ACCA:LeaderElection16] INFO  impl.LeaderElection (LeaderElection.java:askForVotes(182)) - 4bd181aa-b15e-4fb6-b331-207cc3229c90@group-C48F6741ACCA:LeaderElection16: begin an election at term 2 for 0: [4bd181aa-b15e-4fb6-b331-207cc3229c90:192.168.157.234:46079, d1db60e7-74f1-40e3-a58d-9a1b4e6b78cf:192.168.157.234:45514, 5be8714d-2642-4bf1-86d9-fb9f2e784a52:192.168.157.234:41550], old=null
2019-09-26 17:35:13,690 [4bd181aa-b15e-4fb6-b331-207cc3229c90@group-C48F6741ACCA:LeaderElection16] INFO  impl.LeaderElection (LogUtils.java:infoOrTrace(149)) - 4bd181aa-b15e-4fb6-b331-207cc3229c90@group-C48F6741ACCA:LeaderElection16 got exception when requesting votes: {}
java.util.concurrent.ExecutionException: org.apache.ratis.thirdparty.io.grpc.StatusRuntimeException: UNAVAILABLE: io exception
	at java.util.concurrent.FutureTask.report(FutureTask.java:122)
	at java.util.concurrent.FutureTask.get(FutureTask.java:192)
	at org.apache.ratis.server.impl.LeaderElection.waitForResults(LeaderElection.java:263)
	at org.apache.ratis.server.impl.LeaderElection.askForVotes(LeaderElection.java:201)
	at org.apache.ratis.server.impl.LeaderElection.run(LeaderElection.java:133)
	at java.lang.Thread.run(Thread.java:748)
Caused by: org.apache.ratis.thirdparty.io.grpc.StatusRuntimeException: UNAVAILABLE: io exception
	at org.apache.ratis.thirdparty.io.grpc.stub.ClientCalls.toStatusRuntimeException(ClientCalls.java:233)
	at org.apache.ratis.thirdparty.io.grpc.stub.ClientCalls.getUnchecked(ClientCalls.java:214)
	at org.apache.ratis.thirdparty.io.grpc.stub.ClientCalls.blockingUnaryCall(ClientCalls.java:139)
	at org.apache.ratis.proto.grpc.RaftServerProtocolServiceGrpc$RaftServerProtocolServiceBlockingStub.requestVote(RaftServerProtocolServiceGrpc.java:265)
	at org.apache.ratis.grpc.server.GrpcServerProtocolClient.requestVote(GrpcServerProtocolClient.java:90)
	at org.apache.ratis.grpc.server.GrpcService.requestVote(GrpcService.java:204)
	at org.apache.ratis.server.impl.LeaderElection.lambda$submitRequests$1(LeaderElection.java:238)
	at java.util.concurrent.FutureTask.run(FutureTask.java:266)
	at java.util.concurrent.Executors$RunnableAdapter.call(Executors.java:511)
	at java.util.concurrent.FutureTask.run(FutureTask.java:266)
	at java.util.concurrent.ThreadPoolExecutor.runWorker(ThreadPoolExecutor.java:1149)
	at java.util.concurrent.ThreadPoolExecutor$Worker.run(ThreadPoolExecutor.java:624)
	... 1 more
Caused by: org.apache.ratis.thirdparty.io.netty.channel.AbstractChannel$AnnotatedConnectException: Connection refused: /192.168.157.234:45514
	at sun.nio.ch.SocketChannelImpl.checkConnect(Native Method)
	at sun.nio.ch.SocketChannelImpl.finishConnect(SocketChannelImpl.java:717)
	at org.apache.ratis.thirdparty.io.netty.channel.socket.nio.NioSocketChannel.doFinishConnect(NioSocketChannel.java:327)
	at org.apache.ratis.thirdparty.io.netty.channel.nio.AbstractNioChannel$AbstractNioUnsafe.finishConnect(AbstractNioChannel.java:340)
	at org.apache.ratis.thirdparty.io.netty.channel.nio.NioEventLoop.processSelectedKey(NioEventLoop.java:632)
	at org.apache.ratis.thirdparty.io.netty.channel.nio.NioEventLoop.processSelectedKeysOptimized(NioEventLoop.java:579)
	at org.apache.ratis.thirdparty.io.netty.channel.nio.NioEventLoop.processSelectedKeys(NioEventLoop.java:496)
	at org.apache.ratis.thirdparty.io.netty.channel.nio.NioEventLoop.run(NioEventLoop.java:458)
	at org.apache.ratis.thirdparty.io.netty.util.concurrent.SingleThreadEventExecutor$5.run(SingleThreadEventExecutor.java:897)
	at org.apache.ratis.thirdparty.io.netty.util.concurrent.FastThreadLocalRunnable.run(FastThreadLocalRunnable.java:30)
	... 1 more
Caused by: java.net.ConnectException: Connection refused
	... 11 more
2019-09-26 17:35:13,695 [grpc-default-executor-4] INFO  impl.RaftServerImpl (ServerState.java:setLeader(253)) - 5be8714d-2642-4bf1-86d9-fb9f2e784a52@group-C48F6741ACCA: change Leader from d1db60e7-74f1-40e3-a58d-9a1b4e6b78cf to null at term 2 for updateCurrentTerm
2019-09-26 17:35:13,695 [grpc-default-executor-4] INFO  impl.RaftServerImpl (RaftServerImpl.java:setRole(174)) - 5be8714d-2642-4bf1-86d9-fb9f2e784a52@group-C48F6741ACCA: changes role from  FOLLOWER to FOLLOWER at term 2 for recognizeCandidate:4bd181aa-b15e-4fb6-b331-207cc3229c90
2019-09-26 17:35:13,695 [grpc-default-executor-4] INFO  impl.RoleInfo (RoleInfo.java:shutdownFollowerState(121)) - 5be8714d-2642-4bf1-86d9-fb9f2e784a52: shutdown FollowerState
2019-09-26 17:35:13,695 [grpc-default-executor-4] INFO  impl.RoleInfo (RoleInfo.java:updateAndGet(143)) - 5be8714d-2642-4bf1-86d9-fb9f2e784a52: start FollowerState
2019-09-26 17:35:13,696 [Thread-401] INFO  impl.FollowerState (FollowerState.java:run(115)) - 5be8714d-2642-4bf1-86d9-fb9f2e784a52: FollowerState was interrupted: java.lang.InterruptedException: sleep interrupted
2019-09-26 17:35:13,725 [4bd181aa-b15e-4fb6-b331-207cc3229c90@group-C48F6741ACCA:LeaderElection16] INFO  impl.LeaderElection (LeaderElection.java:logAndReturn(56)) - 4bd181aa-b15e-4fb6-b331-207cc3229c90@group-C48F6741ACCA:LeaderElection16: Election PASSED; received 1 response(s) [4bd181aa-b15e-4fb6-b331-207cc3229c90<-5be8714d-2642-4bf1-86d9-fb9f2e784a52#0:OK-t2] and 1 exception(s); 4bd181aa-b15e-4fb6-b331-207cc3229c90@group-C48F6741ACCA:t2, leader=null, voted=4bd181aa-b15e-4fb6-b331-207cc3229c90, raftlog=4bd181aa-b15e-4fb6-b331-207cc3229c90@group-C48F6741ACCA-SegmentedRaftLog:OPENED:c0,f0,i0, conf=0: [4bd181aa-b15e-4fb6-b331-207cc3229c90:192.168.157.234:46079, d1db60e7-74f1-40e3-a58d-9a1b4e6b78cf:192.168.157.234:45514, 5be8714d-2642-4bf1-86d9-fb9f2e784a52:192.168.157.234:41550], old=null
2019-09-26 17:35:13,725 [4bd181aa-b15e-4fb6-b331-207cc3229c90@group-C48F6741ACCA:LeaderElection16] INFO  impl.LeaderElection (LogUtils.java:infoOrTrace(149)) -   Exception 0: {}
java.util.concurrent.ExecutionException: org.apache.ratis.thirdparty.io.grpc.StatusRuntimeException: UNAVAILABLE: io exception
	at java.util.concurrent.FutureTask.report(FutureTask.java:122)
	at java.util.concurrent.FutureTask.get(FutureTask.java:192)
	at org.apache.ratis.server.impl.LeaderElection.waitForResults(LeaderElection.java:263)
	at org.apache.ratis.server.impl.LeaderElection.askForVotes(LeaderElection.java:201)
	at org.apache.ratis.server.impl.LeaderElection.run(LeaderElection.java:133)
	at java.lang.Thread.run(Thread.java:748)
Caused by: org.apache.ratis.thirdparty.io.grpc.StatusRuntimeException: UNAVAILABLE: io exception
	at org.apache.ratis.thirdparty.io.grpc.stub.ClientCalls.toStatusRuntimeException(ClientCalls.java:233)
	at org.apache.ratis.thirdparty.io.grpc.stub.ClientCalls.getUnchecked(ClientCalls.java:214)
	at org.apache.ratis.thirdparty.io.grpc.stub.ClientCalls.blockingUnaryCall(ClientCalls.java:139)
	at org.apache.ratis.proto.grpc.RaftServerProtocolServiceGrpc$RaftServerProtocolServiceBlockingStub.requestVote(RaftServerProtocolServiceGrpc.java:265)
	at org.apache.ratis.grpc.server.GrpcServerProtocolClient.requestVote(GrpcServerProtocolClient.java:90)
	at org.apache.ratis.grpc.server.GrpcService.requestVote(GrpcService.java:204)
	at org.apache.ratis.server.impl.LeaderElection.lambda$submitRequests$1(LeaderElection.java:238)
	at java.util.concurrent.FutureTask.run(FutureTask.java:266)
	at java.util.concurrent.Executors$RunnableAdapter.call(Executors.java:511)
	at java.util.concurrent.FutureTask.run(FutureTask.java:266)
	at java.util.concurrent.ThreadPoolExecutor.runWorker(ThreadPoolExecutor.java:1149)
	at java.util.concurrent.ThreadPoolExecutor$Worker.run(ThreadPoolExecutor.java:624)
	... 1 more
Caused by: org.apache.ratis.thirdparty.io.netty.channel.AbstractChannel$AnnotatedConnectException: Connection refused: /192.168.157.234:45514
	at sun.nio.ch.SocketChannelImpl.checkConnect(Native Method)
	at sun.nio.ch.SocketChannelImpl.finishConnect(SocketChannelImpl.java:717)
	at org.apache.ratis.thirdparty.io.netty.channel.socket.nio.NioSocketChannel.doFinishConnect(NioSocketChannel.java:327)
	at org.apache.ratis.thirdparty.io.netty.channel.nio.AbstractNioChannel$AbstractNioUnsafe.finishConnect(AbstractNioChannel.java:340)
	at org.apache.ratis.thirdparty.io.netty.channel.nio.NioEventLoop.processSelectedKey(NioEventLoop.java:632)
	at org.apache.ratis.thirdparty.io.netty.channel.nio.NioEventLoop.processSelectedKeysOptimized(NioEventLoop.java:579)
	at org.apache.ratis.thirdparty.io.netty.channel.nio.NioEventLoop.processSelectedKeys(NioEventLoop.java:496)
	at org.apache.ratis.thirdparty.io.netty.channel.nio.NioEventLoop.run(NioEventLoop.java:458)
	at org.apache.ratis.thirdparty.io.netty.util.concurrent.SingleThreadEventExecutor$5.run(SingleThreadEventExecutor.java:897)
	at org.apache.ratis.thirdparty.io.netty.util.concurrent.FastThreadLocalRunnable.run(FastThreadLocalRunnable.java:30)
	... 1 more
Caused by: java.net.ConnectException: Connection refused
	... 11 more
2019-09-26 17:35:13,726 [4bd181aa-b15e-4fb6-b331-207cc3229c90@group-C48F6741ACCA:LeaderElection16] INFO  impl.RoleInfo (RoleInfo.java:shutdownLeaderElection(134)) - 4bd181aa-b15e-4fb6-b331-207cc3229c90: shutdown LeaderElection
2019-09-26 17:35:13,726 [4bd181aa-b15e-4fb6-b331-207cc3229c90@group-C48F6741ACCA:LeaderElection16] INFO  impl.RaftServerImpl (RaftServerImpl.java:setRole(174)) - 4bd181aa-b15e-4fb6-b331-207cc3229c90@group-C48F6741ACCA: changes role from CANDIDATE to LEADER at term 2 for changeToLeader
2019-09-26 17:35:13,729 [4bd181aa-b15e-4fb6-b331-207cc3229c90@group-C48F6741ACCA:LeaderElection16] INFO  impl.RaftServerImpl (ServerState.java:setLeader(253)) - 4bd181aa-b15e-4fb6-b331-207cc3229c90@group-C48F6741ACCA: change Leader from null to 4bd181aa-b15e-4fb6-b331-207cc3229c90 at term 2 for becomeLeader, leader elected after 68ms
2019-09-26 17:35:13,729 [4bd181aa-b15e-4fb6-b331-207cc3229c90@group-C48F6741ACCA:LeaderElection16] INFO  server.RaftServerConfigKeys (ConfUtils.java:logGet(43)) - raft.server.staging.catchup.gap = 1000 (default)
2019-09-26 17:35:13,729 [4bd181aa-b15e-4fb6-b331-207cc3229c90@group-C48F6741ACCA:LeaderElection16] INFO  server.RaftServerConfigKeys (ConfUtils.java:logGet(43)) - raft.server.rpc.sleep.time = 25ms (default)
2019-09-26 17:35:13,729 [4bd181aa-b15e-4fb6-b331-207cc3229c90@group-C48F6741ACCA:LeaderElection16] INFO  server.RaftServerConfigKeys (ConfUtils.java:logGet(43)) - raft.server.write.element-limit = 4096 (default)
2019-09-26 17:35:13,730 [4bd181aa-b15e-4fb6-b331-207cc3229c90@group-C48F6741ACCA:LeaderElection16] INFO  server.RaftServerConfigKeys (ConfUtils.java:logGet(43)) - raft.server.watch.timeout = 10s (default)
2019-09-26 17:35:13,730 [4bd181aa-b15e-4fb6-b331-207cc3229c90@group-C48F6741ACCA:LeaderElection16] INFO  server.RaftServerConfigKeys (ConfUtils.java:logGet(43)) - raft.server.watch.timeout.denomination = 1s (default)
2019-09-26 17:35:13,730 [4bd181aa-b15e-4fb6-b331-207cc3229c90@group-C48F6741ACCA:LeaderElection16] INFO  server.RaftServerConfigKeys (ConfUtils.java:logGet(43)) - raft.server.watch.element-limit = 65536 (default)
2019-09-26 17:35:13,734 [4bd181aa-b15e-4fb6-b331-207cc3229c90@group-C48F6741ACCA:LeaderElection16] INFO  server.RaftServerConfigKeys (ConfUtils.java:logGet(43)) - raft.server.log.appender.snapshot.chunk.size.max = 16MB (=16777216) (default)
2019-09-26 17:35:13,734 [4bd181aa-b15e-4fb6-b331-207cc3229c90@group-C48F6741ACCA:LeaderElection16] INFO  server.RaftServerConfigKeys (ConfUtils.java:logGet(43)) - raft.server.log.appender.buffer.byte-limit = 33554432 (custom)
2019-09-26 17:35:13,734 [4bd181aa-b15e-4fb6-b331-207cc3229c90@group-C48F6741ACCA:LeaderElection16] INFO  server.RaftServerConfigKeys (ConfUtils.java:logGet(43)) - raft.server.log.appender.buffer.element-limit = 1 (custom)
2019-09-26 17:35:13,735 [4bd181aa-b15e-4fb6-b331-207cc3229c90@group-C48F6741ACCA:LeaderElection16] INFO  grpc.GrpcConfigKeys$Server (ConfUtils.java:logGet(43)) - raft.grpc.server.leader.outstanding.appends.max = 128 (default)
2019-09-26 17:35:13,735 [4bd181aa-b15e-4fb6-b331-207cc3229c90@group-C48F6741ACCA:LeaderElection16] INFO  server.RaftServerConfigKeys (ConfUtils.java:logGet(43)) - raft.server.rpc.request.timeout = 3000ms (default)
2019-09-26 17:35:13,735 [4bd181aa-b15e-4fb6-b331-207cc3229c90@group-C48F6741ACCA:LeaderElection16] INFO  server.RaftServerConfigKeys (ConfUtils.java:logGet(43)) - raft.server.log.appender.install.snapshot.enabled = false (custom)
2019-09-26 17:35:13,735 [4bd181aa-b15e-4fb6-b331-207cc3229c90@group-C48F6741ACCA:LeaderElection16] INFO  server.RaftServerConfigKeys (ConfUtils.java:logGet(43)) - raft.server.log.appender.snapshot.chunk.size.max = 16MB (=16777216) (default)
2019-09-26 17:35:13,736 [4bd181aa-b15e-4fb6-b331-207cc3229c90@group-C48F6741ACCA:LeaderElection16] INFO  server.RaftServerConfigKeys (ConfUtils.java:logGet(43)) - raft.server.log.appender.buffer.byte-limit = 33554432 (custom)
2019-09-26 17:35:13,736 [4bd181aa-b15e-4fb6-b331-207cc3229c90@group-C48F6741ACCA:LeaderElection16] INFO  server.RaftServerConfigKeys (ConfUtils.java:logGet(43)) - raft.server.log.appender.buffer.element-limit = 1 (custom)
2019-09-26 17:35:13,736 [4bd181aa-b15e-4fb6-b331-207cc3229c90@group-C48F6741ACCA:LeaderElection16] INFO  grpc.GrpcConfigKeys$Server (ConfUtils.java:logGet(43)) - raft.grpc.server.leader.outstanding.appends.max = 128 (default)
2019-09-26 17:35:13,736 [4bd181aa-b15e-4fb6-b331-207cc3229c90@group-C48F6741ACCA:LeaderElection16] INFO  server.RaftServerConfigKeys (ConfUtils.java:logGet(43)) - raft.server.rpc.request.timeout = 3000ms (default)
2019-09-26 17:35:13,737 [4bd181aa-b15e-4fb6-b331-207cc3229c90@group-C48F6741ACCA:LeaderElection16] INFO  server.RaftServerConfigKeys (ConfUtils.java:logGet(43)) - raft.server.log.appender.install.snapshot.enabled = false (custom)
2019-09-26 17:35:13,737 [4bd181aa-b15e-4fb6-b331-207cc3229c90@group-C48F6741ACCA:LeaderElection16] INFO  impl.RoleInfo (RoleInfo.java:updateAndGet(143)) - 4bd181aa-b15e-4fb6-b331-207cc3229c90: start LeaderState
2019-09-26 17:35:13,738 [4bd181aa-b15e-4fb6-b331-207cc3229c90@group-C48F6741ACCA:LeaderElection16] INFO  segmented.SegmentedRaftLogWorker (SegmentedRaftLogWorker.java:rollLogSegment(385)) - 4bd181aa-b15e-4fb6-b331-207cc3229c90@group-C48F6741ACCA-SegmentedRaftLogWorker: Rolling segment log-0_0 to index:0
2019-09-26 17:35:13,741 [4bd181aa-b15e-4fb6-b331-207cc3229c90@group-C48F6741ACCA-SegmentedRaftLogWorker] INFO  segmented.SegmentedRaftLogWorker (SegmentedRaftLogWorker.java:execute(526)) - 4bd181aa-b15e-4fb6-b331-207cc3229c90@group-C48F6741ACCA-SegmentedRaftLogWorker: Rolled log segment from /workdir/hadoop-ozone/integration-test/target/test-dir/MiniOzoneClusterImpl-e957bdb1-9b3f-4e03-89f8-47fdabd8daf2/datanode-1/data/ratis/f47c3ab2-306d-4dc6-a802-c48f6741acca/current/log_inprogress_0 to /workdir/hadoop-ozone/integration-test/target/test-dir/MiniOzoneClusterImpl-e957bdb1-9b3f-4e03-89f8-47fdabd8daf2/datanode-1/data/ratis/f47c3ab2-306d-4dc6-a802-c48f6741acca/current/log_0-0
2019-09-26 17:35:13,750 [4bd181aa-b15e-4fb6-b331-207cc3229c90@group-C48F6741ACCA:LeaderElection16] INFO  impl.RaftServerImpl (ServerState.java:setRaftConf(354)) - 4bd181aa-b15e-4fb6-b331-207cc3229c90@group-C48F6741ACCA: set configuration 1: [4bd181aa-b15e-4fb6-b331-207cc3229c90:192.168.157.234:46079, d1db60e7-74f1-40e3-a58d-9a1b4e6b78cf:192.168.157.234:45514, 5be8714d-2642-4bf1-86d9-fb9f2e784a52:192.168.157.234:41550], old=null at 1
2019-09-26 17:35:13,763 [grpc-default-executor-4] WARN  server.GrpcLogAppender (LogUtils.java:warn(134)) - 4bd181aa-b15e-4fb6-b331-207cc3229c90@group-C48F6741ACCA->d1db60e7-74f1-40e3-a58d-9a1b4e6b78cf-AppendLogResponseHandler: Failed appendEntries: org.apache.ratis.thirdparty.io.grpc.StatusRuntimeException: UNAVAILABLE: io exception
2019-09-26 17:35:13,768 [grpc-default-executor-4] INFO  impl.FollowerInfo (FollowerInfo.java:lambda$new$0(51)) - 4bd181aa-b15e-4fb6-b331-207cc3229c90@group-C48F6741ACCA->d1db60e7-74f1-40e3-a58d-9a1b4e6b78cf: nextIndex: updateUnconditionally 1 -> 0
2019-09-26 17:35:13,769 [grpc-default-executor-4] INFO  impl.RaftServerImpl (ServerState.java:setLeader(253)) - 5be8714d-2642-4bf1-86d9-fb9f2e784a52@group-C48F6741ACCA: change Leader from null to 4bd181aa-b15e-4fb6-b331-207cc3229c90 at term 2 for appendEntries, leader elected after 74ms
2019-09-26 17:35:13,776 [grpc-default-executor-4] INFO  impl.RaftServerImpl (ServerState.java:setRaftConf(354)) - 5be8714d-2642-4bf1-86d9-fb9f2e784a52@group-C48F6741ACCA: set configuration 1: [4bd181aa-b15e-4fb6-b331-207cc3229c90:192.168.157.234:46079, d1db60e7-74f1-40e3-a58d-9a1b4e6b78cf:192.168.157.234:45514, 5be8714d-2642-4bf1-86d9-fb9f2e784a52:192.168.157.234:41550], old=null at 1
2019-09-26 17:35:13,777 [grpc-default-executor-4] INFO  segmented.SegmentedRaftLogWorker (SegmentedRaftLogWorker.java:rollLogSegment(385)) - 5be8714d-2642-4bf1-86d9-fb9f2e784a52@group-C48F6741ACCA-SegmentedRaftLogWorker: Rolling segment log-0_0 to index:0
2019-09-26 17:35:13,787 [5be8714d-2642-4bf1-86d9-fb9f2e784a52@group-C48F6741ACCA-SegmentedRaftLogWorker] INFO  segmented.SegmentedRaftLogWorker (SegmentedRaftLogWorker.java:execute(526)) - 5be8714d-2642-4bf1-86d9-fb9f2e784a52@group-C48F6741ACCA-SegmentedRaftLogWorker: Rolled log segment from /workdir/hadoop-ozone/integration-test/target/test-dir/MiniOzoneClusterImpl-e957bdb1-9b3f-4e03-89f8-47fdabd8daf2/datanode-7/data/ratis/f47c3ab2-306d-4dc6-a802-c48f6741acca/current/log_inprogress_0 to /workdir/hadoop-ozone/integration-test/target/test-dir/MiniOzoneClusterImpl-e957bdb1-9b3f-4e03-89f8-47fdabd8daf2/datanode-7/data/ratis/f47c3ab2-306d-4dc6-a802-c48f6741acca/current/log_0-0
2019-09-26 17:35:13,788 [4bd181aa-b15e-4fb6-b331-207cc3229c90@group-C48F6741ACCA-SegmentedRaftLogWorker] INFO  segmented.SegmentedRaftLogWorker (SegmentedRaftLogWorker.java:execute(569)) - 4bd181aa-b15e-4fb6-b331-207cc3229c90@group-C48F6741ACCA-SegmentedRaftLogWorker: created new log segment /workdir/hadoop-ozone/integration-test/target/test-dir/MiniOzoneClusterImpl-e957bdb1-9b3f-4e03-89f8-47fdabd8daf2/datanode-1/data/ratis/f47c3ab2-306d-4dc6-a802-c48f6741acca/current/log_inprogress_1
2019-09-26 17:35:13,856 [5be8714d-2642-4bf1-86d9-fb9f2e784a52@group-C48F6741ACCA-SegmentedRaftLogWorker] INFO  segmented.SegmentedRaftLogWorker (SegmentedRaftLogWorker.java:execute(569)) - 5be8714d-2642-4bf1-86d9-fb9f2e784a52@group-C48F6741ACCA-SegmentedRaftLogWorker: created new log segment /workdir/hadoop-ozone/integration-test/target/test-dir/MiniOzoneClusterImpl-e957bdb1-9b3f-4e03-89f8-47fdabd8daf2/datanode-7/data/ratis/f47c3ab2-306d-4dc6-a802-c48f6741acca/current/log_inprogress_1
2019-09-26 17:35:13,884 [grpc-default-executor-7] WARN  server.GrpcLogAppender (LogUtils.java:warn(134)) - 4bd181aa-b15e-4fb6-b331-207cc3229c90@group-C48F6741ACCA->d1db60e7-74f1-40e3-a58d-9a1b4e6b78cf-AppendLogResponseHandler: Failed appendEntries: org.apache.ratis.thirdparty.io.grpc.StatusRuntimeException: UNAVAILABLE: io exception
2019-09-26 17:35:13,886 [grpc-default-executor-7] INFO  impl.FollowerInfo (FollowerInfo.java:lambda$new$0(51)) - 4bd181aa-b15e-4fb6-b331-207cc3229c90@group-C48F6741ACCA->d1db60e7-74f1-40e3-a58d-9a1b4e6b78cf: nextIndex: updateUnconditionally 1 -> 0
2019-09-26 17:35:13,892 [grpc-default-executor-4] WARN  server.GrpcLogAppender (LogUtils.java:warn(134)) - 4bd181aa-b15e-4fb6-b331-207cc3229c90@group-C48F6741ACCA->d1db60e7-74f1-40e3-a58d-9a1b4e6b78cf-AppendLogResponseHandler: Failed appendEntries: org.apache.ratis.thirdparty.io.grpc.StatusRuntimeException: UNAVAILABLE: io exception
2019-09-26 17:35:13,894 [grpc-default-executor-4] INFO  impl.FollowerInfo (FollowerInfo.java:lambda$new$0(51)) - 4bd181aa-b15e-4fb6-b331-207cc3229c90@group-C48F6741ACCA->d1db60e7-74f1-40e3-a58d-9a1b4e6b78cf: nextIndex: updateUnconditionally 1 -> 0
2019-09-26 17:35:14,334 [grpc-default-executor-3] WARN  server.GrpcLogAppender (LogUtils.java:warn(134)) - 815536f4-dee7-4433-8f37-6956ea789edb@group-DD316D7CA787->11011891-d857-4221-8ea5-6747af062c6a-AppendLogResponseHandler: Failed appendEntries: org.apache.ratis.thirdparty.io.grpc.StatusRuntimeException: UNAVAILABLE: io exception
2019-09-26 17:35:14,337 [grpc-default-executor-3] INFO  impl.FollowerInfo (FollowerInfo.java:lambda$new$0(51)) - 815536f4-dee7-4433-8f37-6956ea789edb@group-DD316D7CA787->11011891-d857-4221-8ea5-6747af062c6a: nextIndex: updateUnconditionally 0 -> 0
2019-09-26 17:35:14,344 [grpc-default-executor-7] WARN  server.GrpcLogAppender (LogUtils.java:warn(134)) - 815536f4-dee7-4433-8f37-6956ea789edb@group-DD316D7CA787->b0d633e9-e5dd-4965-9348-f887f26d3e3f-AppendLogResponseHandler: Failed appendEntries: org.apache.ratis.thirdparty.io.grpc.StatusRuntimeException: UNAVAILABLE: io exception
2019-09-26 17:35:14,347 [grpc-default-executor-7] INFO  impl.FollowerInfo (FollowerInfo.java:lambda$new$0(51)) - 815536f4-dee7-4433-8f37-6956ea789edb@group-DD316D7CA787->b0d633e9-e5dd-4965-9348-f887f26d3e3f: nextIndex: updateUnconditionally 0 -> 0
2019-09-26 17:35:15,099 [main] INFO  ozoneimpl.OzoneContainer (OzoneContainer.java:stop(231)) - Attempting to stop container services.
2019-09-26 17:35:15,100 [main] INFO  impl.RaftServerProxy (RaftServerProxy.java:lambda$close$4(314)) - 815536f4-dee7-4433-8f37-6956ea789edb: close
2019-09-26 17:35:15,101 [main] INFO  impl.RaftServerImpl (RaftServerImpl.java:lambda$shutdown$3(251)) - 815536f4-dee7-4433-8f37-6956ea789edb@group-DD316D7CA787: shutdown
2019-09-26 17:35:15,101 [main] INFO  util.JmxRegister (JmxRegister.java:unregister(73)) - Successfully un-registered JMX Bean with object name Ratis:service=RaftServer,group=group-DD316D7CA787,id=815536f4-dee7-4433-8f37-6956ea789edb
2019-09-26 17:35:15,102 [main] INFO  impl.RoleInfo (RoleInfo.java:shutdownLeaderState(104)) - 815536f4-dee7-4433-8f37-6956ea789edb: shutdown LeaderState
2019-09-26 17:35:15,108 [org.apache.ratis.server.impl.LogAppender$AppenderDaemon$$Lambda$382/313409958@102513dc] WARN  server.GrpcLogAppender (GrpcLogAppender.java:mayWait(143)) - 815536f4-dee7-4433-8f37-6956ea789edb@group-DD316D7CA787->b0d633e9-e5dd-4965-9348-f887f26d3e3f-GrpcLogAppender: Wait interrupted by java.lang.InterruptedException
2019-09-26 17:35:15,108 [main] INFO  impl.PendingRequests (PendingRequests.java:sendNotLeaderResponses(202)) - 815536f4-dee7-4433-8f37-6956ea789edb-PendingRequests: sendNotLeaderResponses
2019-09-26 17:35:15,108 [org.apache.ratis.server.impl.LogAppender$AppenderDaemon$$Lambda$382/313409958@3039b128] WARN  server.GrpcLogAppender (GrpcLogAppender.java:mayWait(143)) - 815536f4-dee7-4433-8f37-6956ea789edb@group-DD316D7CA787->11011891-d857-4221-8ea5-6747af062c6a-GrpcLogAppender: Wait interrupted by java.lang.InterruptedException
2019-09-26 17:35:15,108 [main] INFO  impl.StateMachineUpdater (StateMachineUpdater.java:stopAndJoin(125)) - 815536f4-dee7-4433-8f37-6956ea789edb@group-DD316D7CA787-StateMachineUpdater: set stopIndex = 0
2019-09-26 17:35:15,109 [main] INFO  impl.RaftServerImpl (ServerState.java:close(385)) - 815536f4-dee7-4433-8f37-6956ea789edb@group-DD316D7CA787: closes. applyIndex: 0
2019-09-26 17:35:15,110 [815536f4-dee7-4433-8f37-6956ea789edb@group-DD316D7CA787-SegmentedRaftLogWorker] INFO  segmented.SegmentedRaftLogWorker (SegmentedRaftLogWorker.java:run(313)) - 815536f4-dee7-4433-8f37-6956ea789edb@group-DD316D7CA787-SegmentedRaftLogWorker was interrupted, exiting. There are 0 tasks remaining in the queue.
2019-09-26 17:35:15,112 [main] INFO  segmented.SegmentedRaftLogWorker (SegmentedRaftLogWorker.java:close(228)) - 815536f4-dee7-4433-8f37-6956ea789edb@group-DD316D7CA787-SegmentedRaftLogWorker close()
2019-09-26 17:35:15,116 [main] INFO  impl.RaftServerImpl (RaftServerImpl.java:lambda$shutdown$3(251)) - 815536f4-dee7-4433-8f37-6956ea789edb@group-F037E4891B00: shutdown
2019-09-26 17:35:15,117 [main] INFO  util.JmxRegister (JmxRegister.java:unregister(73)) - Successfully un-registered JMX Bean with object name Ratis:service=RaftServer,group=group-F037E4891B00,id=815536f4-dee7-4433-8f37-6956ea789edb
2019-09-26 17:35:15,117 [main] INFO  impl.RoleInfo (RoleInfo.java:shutdownLeaderState(104)) - 815536f4-dee7-4433-8f37-6956ea789edb: shutdown LeaderState
2019-09-26 17:35:15,118 [main] INFO  impl.PendingRequests (PendingRequests.java:sendNotLeaderResponses(202)) - 815536f4-dee7-4433-8f37-6956ea789edb-PendingRequests: sendNotLeaderResponses
2019-09-26 17:35:15,118 [main] INFO  impl.StateMachineUpdater (StateMachineUpdater.java:stopAndJoin(125)) - 815536f4-dee7-4433-8f37-6956ea789edb@group-F037E4891B00-StateMachineUpdater: set stopIndex = 0
2019-09-26 17:35:15,121 [main] INFO  impl.RaftServerImpl (ServerState.java:close(385)) - 815536f4-dee7-4433-8f37-6956ea789edb@group-F037E4891B00: closes. applyIndex: 0
2019-09-26 17:35:15,121 [815536f4-dee7-4433-8f37-6956ea789edb@group-F037E4891B00-SegmentedRaftLogWorker] INFO  segmented.SegmentedRaftLogWorker (SegmentedRaftLogWorker.java:run(313)) - 815536f4-dee7-4433-8f37-6956ea789edb@group-F037E4891B00-SegmentedRaftLogWorker was interrupted, exiting. There are 0 tasks remaining in the queue.
2019-09-26 17:35:15,124 [main] INFO  segmented.SegmentedRaftLogWorker (SegmentedRaftLogWorker.java:close(228)) - 815536f4-dee7-4433-8f37-6956ea789edb@group-F037E4891B00-SegmentedRaftLogWorker close()
2019-09-26 17:35:15,128 [main] INFO  server.GrpcService (GrpcService.java:closeImpl(164)) - 815536f4-dee7-4433-8f37-6956ea789edb: shutdown server with port 36203 now
2019-09-26 17:35:15,130 [main] INFO  server.GrpcService (GrpcService.java:closeImpl(172)) - 815536f4-dee7-4433-8f37-6956ea789edb: shutdown server with port 36203 successfully
2019-09-26 17:35:15,133 [refreshUsed-/workdir/hadoop-ozone/integration-test/target/test-dir/MiniOzoneClusterImpl-e957bdb1-9b3f-4e03-89f8-47fdabd8daf2/datanode-8/data/containers] WARN  fs.CachingGetSpaceUsed (CachingGetSpaceUsed.java:run(183)) - Thread Interrupted waiting to refresh disk information: sleep interrupted
2019-09-26 17:35:15,159 [main] INFO  utils.BackgroundService (BackgroundService.java:shutdown(148)) - Shutting down service BlockDeletingService
2019-09-26 17:35:15,165 [main] INFO  statemachine.DatanodeStateMachine (DatanodeStateMachine.java:stopDaemon(395)) - Ozone container server stopped.
2019-09-26 17:35:15,178 [main] INFO  handler.ContextHandler (ContextHandler.java:doStop(910)) - Stopped o.e.j.w.WebAppContext@2373ad99{/,null,UNAVAILABLE}{/hddsDatanode}
2019-09-26 17:35:15,180 [main] INFO  server.AbstractConnector (AbstractConnector.java:doStop(318)) - Stopped ServerConnector@33634f04{HTTP/1.1,[http/1.1]}{0.0.0.0:0}
2019-09-26 17:35:15,180 [main] INFO  handler.ContextHandler (ContextHandler.java:doStop(910)) - Stopped o.e.j.s.ServletContextHandler@72e295cc{/static,jar:file:/home/user/.m2/repository/org/apache/hadoop/hadoop-hdds-container-service/0.5.0-SNAPSHOT/hadoop-hdds-container-service-0.5.0-SNAPSHOT.jar!/webapps/static,UNAVAILABLE}
2019-09-26 17:35:15,181 [main] INFO  handler.ContextHandler (ContextHandler.java:doStop(910)) - Stopped o.e.j.s.ServletContextHandler@6d11ceef{/logs,file:///workdir/hadoop-ozone/integration-test/target/log,UNAVAILABLE}
2019-09-26 17:35:15,270 [Datanode State Machine Thread - 0] INFO  statemachine.DatanodeStateMachine (DatanodeStateMachine.java:lambda$startDaemon$0(350)) - Ozone container server started.
2019-09-26 17:35:16,060 [ForkJoinPool.commonPool-worker-0] INFO  ozoneimpl.OzoneContainer (OzoneContainer.java:stop(231)) - Attempting to stop container services.
2019-09-26 17:35:16,061 [ForkJoinPool.commonPool-worker-0] INFO  impl.RaftServerProxy (RaftServerProxy.java:lambda$close$4(314)) - 4d234c04-482d-4481-920d-252ce1c5378f: close
2019-09-26 17:35:16,062 [ForkJoinPool.commonPool-worker-0] INFO  impl.RaftServerImpl (RaftServerImpl.java:lambda$shutdown$3(251)) - 4d234c04-482d-4481-920d-252ce1c5378f@group-B51692E50471: shutdown
2019-09-26 17:35:16,062 [ForkJoinPool.commonPool-worker-0] INFO  util.JmxRegister (JmxRegister.java:unregister(73)) - Successfully un-registered JMX Bean with object name Ratis:service=RaftServer,group=group-B51692E50471,id=4d234c04-482d-4481-920d-252ce1c5378f
2019-09-26 17:35:16,062 [ForkJoinPool.commonPool-worker-0] INFO  impl.RoleInfo (RoleInfo.java:shutdownLeaderState(104)) - 4d234c04-482d-4481-920d-252ce1c5378f: shutdown LeaderState
2019-09-26 17:35:16,067 [org.apache.ratis.server.impl.LogAppender$AppenderDaemon$$Lambda$382/313409958@4cfbf53d] WARN  server.GrpcLogAppender (GrpcLogAppender.java:mayWait(143)) - 4d234c04-482d-4481-920d-252ce1c5378f@group-B51692E50471->702f2153-2d31-40fe-9bcb-1ea73c11f529-GrpcLogAppender: Wait interrupted by java.lang.InterruptedException
2019-09-26 17:35:16,067 [ForkJoinPool.commonPool-worker-0] INFO  impl.PendingRequests (PendingRequests.java:sendNotLeaderResponses(202)) - 4d234c04-482d-4481-920d-252ce1c5378f-PendingRequests: sendNotLeaderResponses
2019-09-26 17:35:16,067 [org.apache.ratis.server.impl.LogAppender$AppenderDaemon$$Lambda$382/313409958@2f2b99e7] WARN  server.GrpcLogAppender (GrpcLogAppender.java:mayWait(143)) - 4d234c04-482d-4481-920d-252ce1c5378f@group-B51692E50471->150c97ca-4206-422c-955c-64eaeed2313b-GrpcLogAppender: Wait interrupted by java.lang.InterruptedException
2019-09-26 17:35:16,068 [ForkJoinPool.commonPool-worker-0] INFO  impl.StateMachineUpdater (StateMachineUpdater.java:stopAndJoin(125)) - 4d234c04-482d-4481-920d-252ce1c5378f@group-B51692E50471-StateMachineUpdater: set stopIndex = 0
2019-09-26 17:35:16,069 [grpc-default-executor-7] INFO  server.GrpcServerProtocolService (GrpcServerProtocolService.java:onCompleted(113)) - 702f2153-2d31-40fe-9bcb-1ea73c11f529: Completed APPEND_ENTRIES, lastRequest: 4d234c04-482d-4481-920d-252ce1c5378f->702f2153-2d31-40fe-9bcb-1ea73c11f529#48-t1, previous=(t:1, i:0), leaderCommit=0, initializing? false, entries: <empty>
2019-09-26 17:35:16,069 [ForkJoinPool.commonPool-worker-0] INFO  impl.RaftServerImpl (ServerState.java:close(385)) - 4d234c04-482d-4481-920d-252ce1c5378f@group-B51692E50471: closes. applyIndex: 0
2019-09-26 17:35:16,069 [grpc-default-executor-4] INFO  server.GrpcServerProtocolService (GrpcServerProtocolService.java:onCompleted(113)) - 150c97ca-4206-422c-955c-64eaeed2313b: Completed APPEND_ENTRIES, lastRequest: 4d234c04-482d-4481-920d-252ce1c5378f->150c97ca-4206-422c-955c-64eaeed2313b#48-t1, previous=(t:1, i:0), leaderCommit=0, initializing? false, entries: <empty>
2019-09-26 17:35:16,069 [4d234c04-482d-4481-920d-252ce1c5378f@group-B51692E50471-SegmentedRaftLogWorker] INFO  segmented.SegmentedRaftLogWorker (SegmentedRaftLogWorker.java:run(313)) - 4d234c04-482d-4481-920d-252ce1c5378f@group-B51692E50471-SegmentedRaftLogWorker was interrupted, exiting. There are 0 tasks remaining in the queue.
2019-09-26 17:35:16,074 [ForkJoinPool.commonPool-worker-0] INFO  segmented.SegmentedRaftLogWorker (SegmentedRaftLogWorker.java:close(228)) - 4d234c04-482d-4481-920d-252ce1c5378f@group-B51692E50471-SegmentedRaftLogWorker close()
2019-09-26 17:35:16,074 [grpc-default-executor-7] INFO  server.GrpcLogAppender (GrpcLogAppender.java:onCompleted(293)) - 4d234c04-482d-4481-920d-252ce1c5378f@group-B51692E50471->702f2153-2d31-40fe-9bcb-1ea73c11f529-AppendLogResponseHandler: follower responses appendEntries COMPLETED
2019-09-26 17:35:16,086 [ForkJoinPool.commonPool-worker-0] INFO  impl.RaftServerImpl (RaftServerImpl.java:lambda$shutdown$3(251)) - 4d234c04-482d-4481-920d-252ce1c5378f@group-961C8875D548: shutdown
2019-09-26 17:35:16,090 [grpc-default-executor-3] INFO  server.GrpcLogAppender (GrpcLogAppender.java:onCompleted(293)) - 4d234c04-482d-4481-920d-252ce1c5378f@group-B51692E50471->150c97ca-4206-422c-955c-64eaeed2313b-AppendLogResponseHandler: follower responses appendEntries COMPLETED
2019-09-26 17:35:16,090 [grpc-default-executor-7] INFO  impl.FollowerInfo (FollowerInfo.java:lambda$new$0(51)) - 4d234c04-482d-4481-920d-252ce1c5378f@group-B51692E50471->702f2153-2d31-40fe-9bcb-1ea73c11f529: nextIndex: updateUnconditionally 1 -> 0
2019-09-26 17:35:16,090 [ForkJoinPool.commonPool-worker-0] INFO  util.JmxRegister (JmxRegister.java:unregister(73)) - Successfully un-registered JMX Bean with object name Ratis:service=RaftServer,group=group-961C8875D548,id=4d234c04-482d-4481-920d-252ce1c5378f
2019-09-26 17:35:16,094 [ForkJoinPool.commonPool-worker-0] INFO  impl.RoleInfo (RoleInfo.java:shutdownLeaderState(104)) - 4d234c04-482d-4481-920d-252ce1c5378f: shutdown LeaderState
2019-09-26 17:35:16,094 [grpc-default-executor-3] INFO  impl.FollowerInfo (FollowerInfo.java:lambda$new$0(51)) - 4d234c04-482d-4481-920d-252ce1c5378f@group-B51692E50471->150c97ca-4206-422c-955c-64eaeed2313b: nextIndex: updateUnconditionally 1 -> 0
2019-09-26 17:35:16,095 [ForkJoinPool.commonPool-worker-0] INFO  impl.PendingRequests (PendingRequests.java:sendNotLeaderResponses(202)) - 4d234c04-482d-4481-920d-252ce1c5378f-PendingRequests: sendNotLeaderResponses
2019-09-26 17:35:16,095 [ForkJoinPool.commonPool-worker-0] INFO  impl.StateMachineUpdater (StateMachineUpdater.java:stopAndJoin(125)) - 4d234c04-482d-4481-920d-252ce1c5378f@group-961C8875D548-StateMachineUpdater: set stopIndex = 0
2019-09-26 17:35:16,097 [ForkJoinPool.commonPool-worker-0] INFO  impl.RaftServerImpl (ServerState.java:close(385)) - 4d234c04-482d-4481-920d-252ce1c5378f@group-961C8875D548: closes. applyIndex: 0
2019-09-26 17:35:16,098 [4d234c04-482d-4481-920d-252ce1c5378f@group-961C8875D548-SegmentedRaftLogWorker] INFO  segmented.SegmentedRaftLogWorker (SegmentedRaftLogWorker.java:run(313)) - 4d234c04-482d-4481-920d-252ce1c5378f@group-961C8875D548-SegmentedRaftLogWorker was interrupted, exiting. There are 0 tasks remaining in the queue.
2019-09-26 17:35:16,098 [ForkJoinPool.commonPool-worker-0] INFO  segmented.SegmentedRaftLogWorker (SegmentedRaftLogWorker.java:close(228)) - 4d234c04-482d-4481-920d-252ce1c5378f@group-961C8875D548-SegmentedRaftLogWorker close()
2019-09-26 17:35:16,100 [ForkJoinPool.commonPool-worker-0] INFO  server.GrpcService (GrpcService.java:closeImpl(164)) - 4d234c04-482d-4481-920d-252ce1c5378f: shutdown server with port 42224 now
2019-09-26 17:35:16,101 [ForkJoinPool.commonPool-worker-0] INFO  server.GrpcService (GrpcService.java:closeImpl(172)) - 4d234c04-482d-4481-920d-252ce1c5378f: shutdown server with port 42224 successfully
2019-09-26 17:35:16,104 [refreshUsed-/workdir/hadoop-ozone/integration-test/target/test-dir/MiniOzoneClusterImpl-e957bdb1-9b3f-4e03-89f8-47fdabd8daf2/datanode-4/data/containers] WARN  fs.CachingGetSpaceUsed (CachingGetSpaceUsed.java:run(183)) - Thread Interrupted waiting to refresh disk information: sleep interrupted
2019-09-26 17:35:16,121 [ForkJoinPool.commonPool-worker-0] INFO  utils.BackgroundService (BackgroundService.java:shutdown(148)) - Shutting down service BlockDeletingService
2019-09-26 17:35:16,127 [ForkJoinPool.commonPool-worker-0] INFO  statemachine.DatanodeStateMachine (DatanodeStateMachine.java:stopDaemon(395)) - Ozone container server stopped.
2019-09-26 17:35:16,132 [ForkJoinPool.commonPool-worker-0] INFO  handler.ContextHandler (ContextHandler.java:doStop(910)) - Stopped o.e.j.w.WebAppContext@53cf9c99{/,null,UNAVAILABLE}{/hddsDatanode}
2019-09-26 17:35:16,133 [ForkJoinPool.commonPool-worker-0] INFO  server.AbstractConnector (AbstractConnector.java:doStop(318)) - Stopped ServerConnector@7b306b9f{HTTP/1.1,[http/1.1]}{0.0.0.0:0}
2019-09-26 17:35:16,135 [ForkJoinPool.commonPool-worker-0] INFO  handler.ContextHandler (ContextHandler.java:doStop(910)) - Stopped o.e.j.s.ServletContextHandler@2cae9b8{/static,jar:file:/home/user/.m2/repository/org/apache/hadoop/hadoop-hdds-container-service/0.5.0-SNAPSHOT/hadoop-hdds-container-service-0.5.0-SNAPSHOT.jar!/webapps/static,UNAVAILABLE}
2019-09-26 17:35:16,137 [ForkJoinPool.commonPool-worker-0] INFO  handler.ContextHandler (ContextHandler.java:doStop(910)) - Stopped o.e.j.s.ServletContextHandler@67e13bd0{/logs,file:///workdir/hadoop-ozone/integration-test/target/log,UNAVAILABLE}
2019-09-26 17:35:16,397 [grpc-default-executor-4] WARN  server.GrpcLogAppender (LogUtils.java:warn(134)) - 4bd181aa-b15e-4fb6-b331-207cc3229c90@group-C48F6741ACCA->d1db60e7-74f1-40e3-a58d-9a1b4e6b78cf-AppendLogResponseHandler: Failed appendEntries: org.apache.ratis.thirdparty.io.grpc.StatusRuntimeException: UNAVAILABLE: io exception
2019-09-26 17:35:16,399 [grpc-default-executor-4] INFO  impl.FollowerInfo (FollowerInfo.java:lambda$new$0(51)) - 4bd181aa-b15e-4fb6-b331-207cc3229c90@group-C48F6741ACCA->d1db60e7-74f1-40e3-a58d-9a1b4e6b78cf: nextIndex: updateUnconditionally 0 -> 0
2019-09-26 17:35:16,569 [Datanode State Machine Thread - 0] INFO  statemachine.DatanodeStateMachine (DatanodeStateMachine.java:lambda$startDaemon$0(350)) - Ozone container server started.
2019-09-26 17:35:18,902 [grpc-default-executor-7] WARN  server.GrpcLogAppender (LogUtils.java:warn(134)) - 4bd181aa-b15e-4fb6-b331-207cc3229c90@group-C48F6741ACCA->d1db60e7-74f1-40e3-a58d-9a1b4e6b78cf-AppendLogResponseHandler: Failed appendEntries: org.apache.ratis.thirdparty.io.grpc.StatusRuntimeException: UNAVAILABLE: io exception
2019-09-26 17:35:18,904 [grpc-default-executor-7] INFO  impl.FollowerInfo (FollowerInfo.java:lambda$new$0(51)) - 4bd181aa-b15e-4fb6-b331-207cc3229c90@group-C48F6741ACCA->d1db60e7-74f1-40e3-a58d-9a1b4e6b78cf: nextIndex: updateUnconditionally 0 -> 0
2019-09-26 17:35:20,183 [main] INFO  ozoneimpl.OzoneContainer (OzoneContainer.java:stop(231)) - Attempting to stop container services.
2019-09-26 17:35:20,184 [main] INFO  impl.RaftServerProxy (RaftServerProxy.java:lambda$close$4(314)) - 150c97ca-4206-422c-955c-64eaeed2313b: close
2019-09-26 17:35:20,184 [main] INFO  impl.RaftServerImpl (RaftServerImpl.java:lambda$shutdown$3(251)) - 150c97ca-4206-422c-955c-64eaeed2313b@group-B51692E50471: shutdown
2019-09-26 17:35:20,185 [main] INFO  util.JmxRegister (JmxRegister.java:unregister(73)) - Successfully un-registered JMX Bean with object name Ratis:service=RaftServer,group=group-B51692E50471,id=150c97ca-4206-422c-955c-64eaeed2313b
2019-09-26 17:35:20,185 [main] INFO  impl.RoleInfo (RoleInfo.java:shutdownFollowerState(121)) - 150c97ca-4206-422c-955c-64eaeed2313b: shutdown FollowerState
2019-09-26 17:35:20,186 [main] INFO  impl.StateMachineUpdater (StateMachineUpdater.java:stopAndJoin(125)) - 150c97ca-4206-422c-955c-64eaeed2313b@group-B51692E50471-StateMachineUpdater: set stopIndex = 0
2019-09-26 17:35:20,187 [main] INFO  impl.RaftServerImpl (ServerState.java:close(385)) - 150c97ca-4206-422c-955c-64eaeed2313b@group-B51692E50471: closes. applyIndex: 0
2019-09-26 17:35:20,186 [Thread-369] INFO  impl.FollowerState (FollowerState.java:run(115)) - 150c97ca-4206-422c-955c-64eaeed2313b: FollowerState was interrupted: java.lang.InterruptedException: sleep interrupted
2019-09-26 17:35:20,188 [150c97ca-4206-422c-955c-64eaeed2313b@group-B51692E50471-SegmentedRaftLogWorker] INFO  segmented.SegmentedRaftLogWorker (SegmentedRaftLogWorker.java:run(313)) - 150c97ca-4206-422c-955c-64eaeed2313b@group-B51692E50471-SegmentedRaftLogWorker was interrupted, exiting. There are 0 tasks remaining in the queue.
2019-09-26 17:35:20,188 [main] INFO  segmented.SegmentedRaftLogWorker (SegmentedRaftLogWorker.java:close(228)) - 150c97ca-4206-422c-955c-64eaeed2313b@group-B51692E50471-SegmentedRaftLogWorker close()
2019-09-26 17:35:20,191 [main] INFO  impl.RaftServerImpl (RaftServerImpl.java:lambda$shutdown$3(251)) - 150c97ca-4206-422c-955c-64eaeed2313b@group-0768DB8FF2EF: shutdown
2019-09-26 17:35:20,191 [main] INFO  util.JmxRegister (JmxRegister.java:unregister(73)) - Successfully un-registered JMX Bean with object name Ratis:service=RaftServer,group=group-0768DB8FF2EF,id=150c97ca-4206-422c-955c-64eaeed2313b
2019-09-26 17:35:20,192 [main] INFO  impl.RoleInfo (RoleInfo.java:shutdownLeaderState(104)) - 150c97ca-4206-422c-955c-64eaeed2313b: shutdown LeaderState
2019-09-26 17:35:20,192 [main] INFO  impl.PendingRequests (PendingRequests.java:sendNotLeaderResponses(202)) - 150c97ca-4206-422c-955c-64eaeed2313b-PendingRequests: sendNotLeaderResponses
2019-09-26 17:35:20,193 [main] INFO  impl.StateMachineUpdater (StateMachineUpdater.java:stopAndJoin(125)) - 150c97ca-4206-422c-955c-64eaeed2313b@group-0768DB8FF2EF-StateMachineUpdater: set stopIndex = 0
2019-09-26 17:35:20,200 [main] INFO  impl.RaftServerImpl (ServerState.java:close(385)) - 150c97ca-4206-422c-955c-64eaeed2313b@group-0768DB8FF2EF: closes. applyIndex: 0
2019-09-26 17:35:20,201 [150c97ca-4206-422c-955c-64eaeed2313b@group-0768DB8FF2EF-SegmentedRaftLogWorker] INFO  segmented.SegmentedRaftLogWorker (SegmentedRaftLogWorker.java:run(313)) - 150c97ca-4206-422c-955c-64eaeed2313b@group-0768DB8FF2EF-SegmentedRaftLogWorker was interrupted, exiting. There are 0 tasks remaining in the queue.
2019-09-26 17:35:20,201 [main] INFO  segmented.SegmentedRaftLogWorker (SegmentedRaftLogWorker.java:close(228)) - 150c97ca-4206-422c-955c-64eaeed2313b@group-0768DB8FF2EF-SegmentedRaftLogWorker close()
2019-09-26 17:35:20,203 [main] INFO  server.GrpcService (GrpcService.java:closeImpl(164)) - 150c97ca-4206-422c-955c-64eaeed2313b: shutdown server with port 42488 now
2019-09-26 17:35:20,205 [main] INFO  server.GrpcService (GrpcService.java:closeImpl(172)) - 150c97ca-4206-422c-955c-64eaeed2313b: shutdown server with port 42488 successfully
2019-09-26 17:35:20,208 [refreshUsed-/workdir/hadoop-ozone/integration-test/target/test-dir/MiniOzoneClusterImpl-e957bdb1-9b3f-4e03-89f8-47fdabd8daf2/datanode-9/data/containers] WARN  fs.CachingGetSpaceUsed (CachingGetSpaceUsed.java:run(183)) - Thread Interrupted waiting to refresh disk information: sleep interrupted
2019-09-26 17:35:20,234 [main] INFO  utils.BackgroundService (BackgroundService.java:shutdown(148)) - Shutting down service BlockDeletingService
2019-09-26 17:35:20,239 [main] INFO  statemachine.DatanodeStateMachine (DatanodeStateMachine.java:stopDaemon(395)) - Ozone container server stopped.
2019-09-26 17:35:20,251 [main] INFO  handler.ContextHandler (ContextHandler.java:doStop(910)) - Stopped o.e.j.w.WebAppContext@47c40b56{/,null,UNAVAILABLE}{/hddsDatanode}
2019-09-26 17:35:20,252 [main] INFO  server.AbstractConnector (AbstractConnector.java:doStop(318)) - Stopped ServerConnector@4b039c6d{HTTP/1.1,[http/1.1]}{0.0.0.0:0}
2019-09-26 17:35:20,253 [main] INFO  handler.ContextHandler (ContextHandler.java:doStop(910)) - Stopped o.e.j.s.ServletContextHandler@737d100a{/static,jar:file:/home/user/.m2/repository/org/apache/hadoop/hadoop-hdds-container-service/0.5.0-SNAPSHOT/hadoop-hdds-container-service-0.5.0-SNAPSHOT.jar!/webapps/static,UNAVAILABLE}
2019-09-26 17:35:20,253 [main] INFO  handler.ContextHandler (ContextHandler.java:doStop(910)) - Stopped o.e.j.s.ServletContextHandler@5ad5be4a{/logs,file:///workdir/hadoop-ozone/integration-test/target/log,UNAVAILABLE}
2019-09-26 17:35:21,139 [ForkJoinPool.commonPool-worker-0] INFO  ozoneimpl.OzoneContainer (OzoneContainer.java:stop(231)) - Attempting to stop container services.
2019-09-26 17:35:21,139 [ForkJoinPool.commonPool-worker-0] INFO  impl.RaftServerProxy (RaftServerProxy.java:lambda$close$4(314)) - 702f2153-2d31-40fe-9bcb-1ea73c11f529: close
2019-09-26 17:35:21,140 [ForkJoinPool.commonPool-worker-0] INFO  impl.RaftServerImpl (RaftServerImpl.java:lambda$shutdown$3(251)) - 702f2153-2d31-40fe-9bcb-1ea73c11f529@group-B51692E50471: shutdown
2019-09-26 17:35:21,140 [ForkJoinPool.commonPool-worker-0] INFO  util.JmxRegister (JmxRegister.java:unregister(73)) - Successfully un-registered JMX Bean with object name Ratis:service=RaftServer,group=group-B51692E50471,id=702f2153-2d31-40fe-9bcb-1ea73c11f529
2019-09-26 17:35:21,140 [ForkJoinPool.commonPool-worker-0] INFO  impl.RoleInfo (RoleInfo.java:shutdownFollowerState(121)) - 702f2153-2d31-40fe-9bcb-1ea73c11f529: shutdown FollowerState
2019-09-26 17:35:21,141 [ForkJoinPool.commonPool-worker-0] INFO  impl.StateMachineUpdater (StateMachineUpdater.java:stopAndJoin(125)) - 702f2153-2d31-40fe-9bcb-1ea73c11f529@group-B51692E50471-StateMachineUpdater: set stopIndex = 0
2019-09-26 17:35:21,141 [Thread-370] INFO  impl.FollowerState (FollowerState.java:run(115)) - 702f2153-2d31-40fe-9bcb-1ea73c11f529: FollowerState was interrupted: java.lang.InterruptedException: sleep interrupted
2019-09-26 17:35:21,141 [ForkJoinPool.commonPool-worker-0] INFO  impl.RaftServerImpl (ServerState.java:close(385)) - 702f2153-2d31-40fe-9bcb-1ea73c11f529@group-B51692E50471: closes. applyIndex: 0
2019-09-26 17:35:21,142 [702f2153-2d31-40fe-9bcb-1ea73c11f529@group-B51692E50471-SegmentedRaftLogWorker] INFO  segmented.SegmentedRaftLogWorker (SegmentedRaftLogWorker.java:run(313)) - 702f2153-2d31-40fe-9bcb-1ea73c11f529@group-B51692E50471-SegmentedRaftLogWorker was interrupted, exiting. There are 0 tasks remaining in the queue.
2019-09-26 17:35:21,142 [ForkJoinPool.commonPool-worker-0] INFO  segmented.SegmentedRaftLogWorker (SegmentedRaftLogWorker.java:close(228)) - 702f2153-2d31-40fe-9bcb-1ea73c11f529@group-B51692E50471-SegmentedRaftLogWorker close()
2019-09-26 17:35:21,145 [ForkJoinPool.commonPool-worker-0] INFO  impl.RaftServerImpl (RaftServerImpl.java:lambda$shutdown$3(251)) - 702f2153-2d31-40fe-9bcb-1ea73c11f529@group-CA0F4A0C1B57: shutdown
2019-09-26 17:35:21,146 [ForkJoinPool.commonPool-worker-0] INFO  util.JmxRegister (JmxRegister.java:unregister(73)) - Successfully un-registered JMX Bean with object name Ratis:service=RaftServer,group=group-CA0F4A0C1B57,id=702f2153-2d31-40fe-9bcb-1ea73c11f529
2019-09-26 17:35:21,146 [ForkJoinPool.commonPool-worker-0] INFO  impl.RoleInfo (RoleInfo.java:shutdownLeaderState(104)) - 702f2153-2d31-40fe-9bcb-1ea73c11f529: shutdown LeaderState
2019-09-26 17:35:21,146 [ForkJoinPool.commonPool-worker-0] INFO  impl.PendingRequests (PendingRequests.java:sendNotLeaderResponses(202)) - 702f2153-2d31-40fe-9bcb-1ea73c11f529-PendingRequests: sendNotLeaderResponses
2019-09-26 17:35:21,147 [ForkJoinPool.commonPool-worker-0] INFO  impl.StateMachineUpdater (StateMachineUpdater.java:stopAndJoin(125)) - 702f2153-2d31-40fe-9bcb-1ea73c11f529@group-CA0F4A0C1B57-StateMachineUpdater: set stopIndex = 0
2019-09-26 17:35:21,147 [ForkJoinPool.commonPool-worker-0] INFO  impl.RaftServerImpl (ServerState.java:close(385)) - 702f2153-2d31-40fe-9bcb-1ea73c11f529@group-CA0F4A0C1B57: closes. applyIndex: 0
2019-09-26 17:35:21,148 [702f2153-2d31-40fe-9bcb-1ea73c11f529@group-CA0F4A0C1B57-SegmentedRaftLogWorker] INFO  segmented.SegmentedRaftLogWorker (SegmentedRaftLogWorker.java:run(313)) - 702f2153-2d31-40fe-9bcb-1ea73c11f529@group-CA0F4A0C1B57-SegmentedRaftLogWorker was interrupted, exiting. There are 0 tasks remaining in the queue.
2019-09-26 17:35:21,148 [ForkJoinPool.commonPool-worker-0] INFO  segmented.SegmentedRaftLogWorker (SegmentedRaftLogWorker.java:close(228)) - 702f2153-2d31-40fe-9bcb-1ea73c11f529@group-CA0F4A0C1B57-SegmentedRaftLogWorker close()
2019-09-26 17:35:21,150 [ForkJoinPool.commonPool-worker-0] INFO  server.GrpcService (GrpcService.java:closeImpl(164)) - 702f2153-2d31-40fe-9bcb-1ea73c11f529: shutdown server with port 44580 now
2019-09-26 17:35:21,153 [ForkJoinPool.commonPool-worker-0] INFO  server.GrpcService (GrpcService.java:closeImpl(172)) - 702f2153-2d31-40fe-9bcb-1ea73c11f529: shutdown server with port 44580 successfully
2019-09-26 17:35:21,167 [refreshUsed-/workdir/hadoop-ozone/integration-test/target/test-dir/MiniOzoneClusterImpl-e957bdb1-9b3f-4e03-89f8-47fdabd8daf2/datanode-0/data/containers] WARN  fs.CachingGetSpaceUsed (CachingGetSpaceUsed.java:run(183)) - Thread Interrupted waiting to refresh disk information: sleep interrupted
2019-09-26 17:35:21,186 [ForkJoinPool.commonPool-worker-0] INFO  utils.BackgroundService (BackgroundService.java:shutdown(148)) - Shutting down service BlockDeletingService
2019-09-26 17:35:21,191 [ForkJoinPool.commonPool-worker-0] INFO  statemachine.DatanodeStateMachine (DatanodeStateMachine.java:stopDaemon(395)) - Ozone container server stopped.
2019-09-26 17:35:21,195 [ForkJoinPool.commonPool-worker-0] INFO  handler.ContextHandler (ContextHandler.java:doStop(910)) - Stopped o.e.j.w.WebAppContext@5b852b49{/,null,UNAVAILABLE}{/hddsDatanode}
2019-09-26 17:35:21,196 [ForkJoinPool.commonPool-worker-0] INFO  server.AbstractConnector (AbstractConnector.java:doStop(318)) - Stopped ServerConnector@cdb2d95{HTTP/1.1,[http/1.1]}{0.0.0.0:0}
2019-09-26 17:35:21,197 [ForkJoinPool.commonPool-worker-0] INFO  handler.ContextHandler (ContextHandler.java:doStop(910)) - Stopped o.e.j.s.ServletContextHandler@26dc9bd5{/static,jar:file:/home/user/.m2/repository/org/apache/hadoop/hadoop-hdds-container-service/0.5.0-SNAPSHOT/hadoop-hdds-container-service-0.5.0-SNAPSHOT.jar!/webapps/static,UNAVAILABLE}
2019-09-26 17:35:21,199 [ForkJoinPool.commonPool-worker-0] INFO  handler.ContextHandler (ContextHandler.java:doStop(910)) - Stopped o.e.j.s.ServletContextHandler@102ecc22{/logs,file:///workdir/hadoop-ozone/integration-test/target/log,UNAVAILABLE}
2019-09-26 17:35:21,405 [grpc-default-executor-3] WARN  server.GrpcLogAppender (LogUtils.java:warn(134)) - 4bd181aa-b15e-4fb6-b331-207cc3229c90@group-C48F6741ACCA->d1db60e7-74f1-40e3-a58d-9a1b4e6b78cf-AppendLogResponseHandler: Failed appendEntries: org.apache.ratis.thirdparty.io.grpc.StatusRuntimeException: UNAVAILABLE: io exception
2019-09-26 17:35:21,410 [grpc-default-executor-3] INFO  impl.FollowerInfo (FollowerInfo.java:lambda$new$0(51)) - 4bd181aa-b15e-4fb6-b331-207cc3229c90@group-C48F6741ACCA->d1db60e7-74f1-40e3-a58d-9a1b4e6b78cf: nextIndex: updateUnconditionally 0 -> 0
2019-09-26 17:35:21,642 [Datanode State Machine Thread - 0] INFO  statemachine.DatanodeStateMachine (DatanodeStateMachine.java:lambda$startDaemon$0(350)) - Ozone container server started.
2019-09-26 17:35:22,191 [Datanode ReportManager Thread - 0] WARN  concurrent.ExecutorHelper (ExecutorHelper.java:logThrowableFromAfterExecute(50)) - Execution exception when running task in Datanode ReportManager Thread - 0
2019-09-26 17:35:22,191 [Datanode ReportManager Thread - 0] WARN  concurrent.ExecutorHelper (ExecutorHelper.java:logThrowableFromAfterExecute(63)) - Caught exception in thread Datanode ReportManager Thread - 0: 
java.util.concurrent.RejectedExecutionException: Task java.util.concurrent.ScheduledThreadPoolExecutor$ScheduledFutureTask@4e8820a1 rejected from org.apache.hadoop.util.concurrent.HadoopScheduledThreadPoolExecutor@404fd700[Shutting down, pool size = 4, active threads = 1, queued tasks = 3, completed tasks = 8]
	at java.util.concurrent.ThreadPoolExecutor$AbortPolicy.rejectedExecution(ThreadPoolExecutor.java:2063)
	at java.util.concurrent.ThreadPoolExecutor.reject(ThreadPoolExecutor.java:830)
	at java.util.concurrent.ScheduledThreadPoolExecutor.delayedExecute(ScheduledThreadPoolExecutor.java:326)
	at java.util.concurrent.ScheduledThreadPoolExecutor.schedule(ScheduledThreadPoolExecutor.java:533)
	at org.apache.hadoop.ozone.container.common.report.ReportPublisher.run(ReportPublisher.java:76)
	at java.util.concurrent.Executors$RunnableAdapter.call(Executors.java:511)
	at java.util.concurrent.FutureTask.run(FutureTask.java:266)
	at java.util.concurrent.ScheduledThreadPoolExecutor$ScheduledFutureTask.access$201(ScheduledThreadPoolExecutor.java:180)
	at java.util.concurrent.ScheduledThreadPoolExecutor$ScheduledFutureTask.run(ScheduledThreadPoolExecutor.java:293)
	at java.util.concurrent.ThreadPoolExecutor.runWorker(ThreadPoolExecutor.java:1149)
	at java.util.concurrent.ThreadPoolExecutor$Worker.run(ThreadPoolExecutor.java:624)
	at java.lang.Thread.run(Thread.java:748)
2019-09-26 17:35:23,908 [grpc-default-executor-3] WARN  server.GrpcLogAppender (LogUtils.java:warn(134)) - 4bd181aa-b15e-4fb6-b331-207cc3229c90@group-C48F6741ACCA->d1db60e7-74f1-40e3-a58d-9a1b4e6b78cf-AppendLogResponseHandler: Failed appendEntries: org.apache.ratis.thirdparty.io.grpc.StatusRuntimeException: UNAVAILABLE: io exception
2019-09-26 17:35:23,910 [grpc-default-executor-3] INFO  impl.FollowerInfo (FollowerInfo.java:lambda$new$0(51)) - 4bd181aa-b15e-4fb6-b331-207cc3229c90@group-C48F6741ACCA->d1db60e7-74f1-40e3-a58d-9a1b4e6b78cf: nextIndex: updateUnconditionally 0 -> 0
2019-09-26 17:35:25,255 [Datanode State Machine Thread - 0] INFO  statemachine.DatanodeStateMachine (DatanodeStateMachine.java:lambda$startDaemon$0(350)) - Ozone container server started.
2019-09-26 17:35:25,255 [main] INFO  ozoneimpl.OzoneContainer (OzoneContainer.java:stop(231)) - Attempting to stop container services.
2019-09-26 17:35:25,256 [main] INFO  impl.RaftServerProxy (RaftServerProxy.java:lambda$close$4(314)) - 5be8714d-2642-4bf1-86d9-fb9f2e784a52: close
2019-09-26 17:35:25,256 [main] INFO  impl.RaftServerImpl (RaftServerImpl.java:lambda$shutdown$3(251)) - 5be8714d-2642-4bf1-86d9-fb9f2e784a52@group-163E4ABF0178: shutdown
2019-09-26 17:35:25,257 [main] INFO  util.JmxRegister (JmxRegister.java:unregister(73)) - Successfully un-registered JMX Bean with object name Ratis:service=RaftServer,group=group-163E4ABF0178,id=5be8714d-2642-4bf1-86d9-fb9f2e784a52
2019-09-26 17:35:25,257 [main] INFO  impl.RoleInfo (RoleInfo.java:shutdownLeaderState(104)) - 5be8714d-2642-4bf1-86d9-fb9f2e784a52: shutdown LeaderState
2019-09-26 17:35:25,258 [main] INFO  impl.PendingRequests (PendingRequests.java:sendNotLeaderResponses(202)) - 5be8714d-2642-4bf1-86d9-fb9f2e784a52-PendingRequests: sendNotLeaderResponses
2019-09-26 17:35:25,258 [main] INFO  impl.StateMachineUpdater (StateMachineUpdater.java:stopAndJoin(125)) - 5be8714d-2642-4bf1-86d9-fb9f2e784a52@group-163E4ABF0178-StateMachineUpdater: set stopIndex = 0
2019-09-26 17:35:25,260 [main] INFO  impl.RaftServerImpl (ServerState.java:close(385)) - 5be8714d-2642-4bf1-86d9-fb9f2e784a52@group-163E4ABF0178: closes. applyIndex: 0
2019-09-26 17:35:25,261 [5be8714d-2642-4bf1-86d9-fb9f2e784a52@group-163E4ABF0178-SegmentedRaftLogWorker] INFO  segmented.SegmentedRaftLogWorker (SegmentedRaftLogWorker.java:run(313)) - 5be8714d-2642-4bf1-86d9-fb9f2e784a52@group-163E4ABF0178-SegmentedRaftLogWorker was interrupted, exiting. There are 0 tasks remaining in the queue.
2019-09-26 17:35:25,261 [main] INFO  segmented.SegmentedRaftLogWorker (SegmentedRaftLogWorker.java:close(228)) - 5be8714d-2642-4bf1-86d9-fb9f2e784a52@group-163E4ABF0178-SegmentedRaftLogWorker close()
2019-09-26 17:35:25,263 [main] INFO  impl.RaftServerImpl (RaftServerImpl.java:lambda$shutdown$3(251)) - 5be8714d-2642-4bf1-86d9-fb9f2e784a52@group-C48F6741ACCA: shutdown
2019-09-26 17:35:25,263 [main] INFO  util.JmxRegister (JmxRegister.java:unregister(73)) - Successfully un-registered JMX Bean with object name Ratis:service=RaftServer,group=group-C48F6741ACCA,id=5be8714d-2642-4bf1-86d9-fb9f2e784a52
2019-09-26 17:35:25,264 [main] INFO  impl.RoleInfo (RoleInfo.java:shutdownFollowerState(121)) - 5be8714d-2642-4bf1-86d9-fb9f2e784a52: shutdown FollowerState
2019-09-26 17:35:25,264 [main] INFO  impl.StateMachineUpdater (StateMachineUpdater.java:stopAndJoin(125)) - 5be8714d-2642-4bf1-86d9-fb9f2e784a52@group-C48F6741ACCA-StateMachineUpdater: set stopIndex = 2
2019-09-26 17:35:25,265 [Thread-709] INFO  impl.FollowerState (FollowerState.java:run(115)) - 5be8714d-2642-4bf1-86d9-fb9f2e784a52: FollowerState was interrupted: java.lang.InterruptedException: sleep interrupted
2019-09-26 17:35:25,266 [main] INFO  impl.RaftServerImpl (ServerState.java:close(385)) - 5be8714d-2642-4bf1-86d9-fb9f2e784a52@group-C48F6741ACCA: closes. applyIndex: 2
2019-09-26 17:35:25,267 [5be8714d-2642-4bf1-86d9-fb9f2e784a52@group-C48F6741ACCA-SegmentedRaftLogWorker] INFO  segmented.SegmentedRaftLogWorker (SegmentedRaftLogWorker.java:run(313)) - 5be8714d-2642-4bf1-86d9-fb9f2e784a52@group-C48F6741ACCA-SegmentedRaftLogWorker was interrupted, exiting. There are 0 tasks remaining in the queue.
2019-09-26 17:35:25,274 [main] INFO  segmented.SegmentedRaftLogWorker (SegmentedRaftLogWorker.java:close(228)) - 5be8714d-2642-4bf1-86d9-fb9f2e784a52@group-C48F6741ACCA-SegmentedRaftLogWorker close()
2019-09-26 17:35:25,275 [main] INFO  server.GrpcService (GrpcService.java:closeImpl(164)) - 5be8714d-2642-4bf1-86d9-fb9f2e784a52: shutdown server with port 41550 now
2019-09-26 17:35:25,279 [grpc-default-executor-7] WARN  server.GrpcServerProtocolService (LogUtils.java:warn(134)) - 5be8714d-2642-4bf1-86d9-fb9f2e784a52: installSnapshot onError, lastRequest: 4bd181aa-b15e-4fb6-b331-207cc3229c90->5be8714d-2642-4bf1-86d9-fb9f2e784a52#6-t2, previous=(t:2, i:2), leaderCommit=2, initializing? false, entries: <empty>: org.apache.ratis.thirdparty.io.grpc.StatusRuntimeException: CANCELLED: cancelled before receiving half close
2019-09-26 17:35:25,279 [main] INFO  server.GrpcService (GrpcService.java:closeImpl(172)) - 5be8714d-2642-4bf1-86d9-fb9f2e784a52: shutdown server with port 41550 successfully
2019-09-26 17:35:25,279 [grpc-default-executor-4] WARN  server.GrpcLogAppender (LogUtils.java:warn(134)) - 4bd181aa-b15e-4fb6-b331-207cc3229c90@group-C48F6741ACCA->5be8714d-2642-4bf1-86d9-fb9f2e784a52-AppendLogResponseHandler: Failed appendEntries: org.apache.ratis.thirdparty.io.grpc.StatusRuntimeException: CANCELLED: HTTP/2 error code: CANCEL
Received Rst Stream
2019-09-26 17:35:25,280 [grpc-default-executor-4] INFO  impl.FollowerInfo (FollowerInfo.java:lambda$new$0(51)) - 4bd181aa-b15e-4fb6-b331-207cc3229c90@group-C48F6741ACCA->5be8714d-2642-4bf1-86d9-fb9f2e784a52: nextIndex: updateUnconditionally 3 -> 2
2019-09-26 17:35:25,281 [refreshUsed-/workdir/hadoop-ozone/integration-test/target/test-dir/MiniOzoneClusterImpl-e957bdb1-9b3f-4e03-89f8-47fdabd8daf2/datanode-7/data/containers] WARN  fs.CachingGetSpaceUsed (CachingGetSpaceUsed.java:run(183)) - Thread Interrupted waiting to refresh disk information: sleep interrupted
2019-09-26 17:35:25,297 [main] INFO  utils.BackgroundService (BackgroundService.java:shutdown(148)) - Shutting down service BlockDeletingService
2019-09-26 17:35:25,301 [main] INFO  statemachine.DatanodeStateMachine (DatanodeStateMachine.java:stopDaemon(395)) - Ozone container server stopped.
2019-09-26 17:35:25,314 [main] INFO  handler.ContextHandler (ContextHandler.java:doStop(910)) - Stopped o.e.j.w.WebAppContext@7a8b9166{/,null,UNAVAILABLE}{/hddsDatanode}
2019-09-26 17:35:25,315 [main] INFO  server.AbstractConnector (AbstractConnector.java:doStop(318)) - Stopped ServerConnector@4acc5dff{HTTP/1.1,[http/1.1]}{0.0.0.0:0}
2019-09-26 17:35:25,315 [main] INFO  handler.ContextHandler (ContextHandler.java:doStop(910)) - Stopped o.e.j.s.ServletContextHandler@6cbd0674{/static,jar:file:/home/user/.m2/repository/org/apache/hadoop/hadoop-hdds-container-service/0.5.0-SNAPSHOT/hadoop-hdds-container-service-0.5.0-SNAPSHOT.jar!/webapps/static,UNAVAILABLE}
2019-09-26 17:35:25,316 [main] INFO  handler.ContextHandler (ContextHandler.java:doStop(910)) - Stopped o.e.j.s.ServletContextHandler@6325f352{/logs,file:///workdir/hadoop-ozone/integration-test/target/log,UNAVAILABLE}
2019-09-26 17:35:26,201 [ForkJoinPool.commonPool-worker-0] INFO  ozoneimpl.OzoneContainer (OzoneContainer.java:stop(231)) - Attempting to stop container services.
2019-09-26 17:35:26,201 [ForkJoinPool.commonPool-worker-0] INFO  impl.RaftServerProxy (RaftServerProxy.java:lambda$close$4(314)) - 4bd181aa-b15e-4fb6-b331-207cc3229c90: close
2019-09-26 17:35:26,202 [ForkJoinPool.commonPool-worker-0] INFO  impl.RaftServerImpl (RaftServerImpl.java:lambda$shutdown$3(251)) - 4bd181aa-b15e-4fb6-b331-207cc3229c90@group-C48F6741ACCA: shutdown
2019-09-26 17:35:26,202 [ForkJoinPool.commonPool-worker-0] INFO  util.JmxRegister (JmxRegister.java:unregister(73)) - Successfully un-registered JMX Bean with object name Ratis:service=RaftServer,group=group-C48F6741ACCA,id=4bd181aa-b15e-4fb6-b331-207cc3229c90
2019-09-26 17:35:26,202 [ForkJoinPool.commonPool-worker-0] INFO  impl.RoleInfo (RoleInfo.java:shutdownLeaderState(104)) - 4bd181aa-b15e-4fb6-b331-207cc3229c90: shutdown LeaderState
2019-09-26 17:35:26,205 [org.apache.ratis.server.impl.LogAppender$AppenderDaemon$$Lambda$382/313409958@3508ad95] WARN  server.GrpcLogAppender (GrpcLogAppender.java:mayWait(143)) - 4bd181aa-b15e-4fb6-b331-207cc3229c90@group-C48F6741ACCA->d1db60e7-74f1-40e3-a58d-9a1b4e6b78cf-GrpcLogAppender: Wait interrupted by java.lang.InterruptedException
2019-09-26 17:35:26,205 [org.apache.ratis.server.impl.LogAppender$AppenderDaemon$$Lambda$382/313409958@d61bc33] WARN  server.GrpcLogAppender (GrpcLogAppender.java:mayWait(143)) - 4bd181aa-b15e-4fb6-b331-207cc3229c90@group-C48F6741ACCA->5be8714d-2642-4bf1-86d9-fb9f2e784a52-GrpcLogAppender: Wait interrupted by java.lang.InterruptedException
2019-09-26 17:35:26,205 [ForkJoinPool.commonPool-worker-0] INFO  impl.PendingRequests (PendingRequests.java:sendNotLeaderResponses(202)) - 4bd181aa-b15e-4fb6-b331-207cc3229c90-PendingRequests: sendNotLeaderResponses
2019-09-26 17:35:26,207 [ForkJoinPool.commonPool-worker-0] INFO  impl.StateMachineUpdater (StateMachineUpdater.java:stopAndJoin(125)) - 4bd181aa-b15e-4fb6-b331-207cc3229c90@group-C48F6741ACCA-StateMachineUpdater: set stopIndex = 2
2019-09-26 17:35:26,207 [ForkJoinPool.commonPool-worker-0] INFO  impl.RaftServerImpl (ServerState.java:close(385)) - 4bd181aa-b15e-4fb6-b331-207cc3229c90@group-C48F6741ACCA: closes. applyIndex: 2
2019-09-26 17:35:26,208 [4bd181aa-b15e-4fb6-b331-207cc3229c90@group-C48F6741ACCA-SegmentedRaftLogWorker] INFO  segmented.SegmentedRaftLogWorker (SegmentedRaftLogWorker.java:run(313)) - 4bd181aa-b15e-4fb6-b331-207cc3229c90@group-C48F6741ACCA-SegmentedRaftLogWorker was interrupted, exiting. There are 0 tasks remaining in the queue.
2019-09-26 17:35:26,208 [ForkJoinPool.commonPool-worker-0] INFO  segmented.SegmentedRaftLogWorker (SegmentedRaftLogWorker.java:close(228)) - 4bd181aa-b15e-4fb6-b331-207cc3229c90@group-C48F6741ACCA-SegmentedRaftLogWorker close()
2019-09-26 17:35:26,210 [ForkJoinPool.commonPool-worker-0] INFO  impl.RaftServerImpl (RaftServerImpl.java:lambda$shutdown$3(251)) - 4bd181aa-b15e-4fb6-b331-207cc3229c90@group-2858C96F1AE0: shutdown
2019-09-26 17:35:26,210 [ForkJoinPool.commonPool-worker-0] INFO  util.JmxRegister (JmxRegister.java:unregister(73)) - Successfully un-registered JMX Bean with object name Ratis:service=RaftServer,group=group-2858C96F1AE0,id=4bd181aa-b15e-4fb6-b331-207cc3229c90
2019-09-26 17:35:26,210 [ForkJoinPool.commonPool-worker-0] INFO  impl.RoleInfo (RoleInfo.java:shutdownLeaderState(104)) - 4bd181aa-b15e-4fb6-b331-207cc3229c90: shutdown LeaderState
2019-09-26 17:35:26,211 [ForkJoinPool.commonPool-worker-0] INFO  impl.PendingRequests (PendingRequests.java:sendNotLeaderResponses(202)) - 4bd181aa-b15e-4fb6-b331-207cc3229c90-PendingRequests: sendNotLeaderResponses
2019-09-26 17:35:26,211 [ForkJoinPool.commonPool-worker-0] INFO  impl.StateMachineUpdater (StateMachineUpdater.java:stopAndJoin(125)) - 4bd181aa-b15e-4fb6-b331-207cc3229c90@group-2858C96F1AE0-StateMachineUpdater: set stopIndex = 0
2019-09-26 17:35:26,212 [ForkJoinPool.commonPool-worker-0] INFO  impl.RaftServerImpl (ServerState.java:close(385)) - 4bd181aa-b15e-4fb6-b331-207cc3229c90@group-2858C96F1AE0: closes. applyIndex: 0
2019-09-26 17:35:26,213 [4bd181aa-b15e-4fb6-b331-207cc3229c90@group-2858C96F1AE0-SegmentedRaftLogWorker] INFO  segmented.SegmentedRaftLogWorker (SegmentedRaftLogWorker.java:run(313)) - 4bd181aa-b15e-4fb6-b331-207cc3229c90@group-2858C96F1AE0-SegmentedRaftLogWorker was interrupted, exiting. There are 0 tasks remaining in the queue.
2019-09-26 17:35:26,213 [ForkJoinPool.commonPool-worker-0] INFO  segmented.SegmentedRaftLogWorker (SegmentedRaftLogWorker.java:close(228)) - 4bd181aa-b15e-4fb6-b331-207cc3229c90@group-2858C96F1AE0-SegmentedRaftLogWorker close()
2019-09-26 17:35:26,214 [ForkJoinPool.commonPool-worker-0] INFO  server.GrpcService (GrpcService.java:closeImpl(164)) - 4bd181aa-b15e-4fb6-b331-207cc3229c90: shutdown server with port 46079 now
2019-09-26 17:35:26,215 [ForkJoinPool.commonPool-worker-0] INFO  server.GrpcService (GrpcService.java:closeImpl(172)) - 4bd181aa-b15e-4fb6-b331-207cc3229c90: shutdown server with port 46079 successfully
2019-09-26 17:35:26,236 [refreshUsed-/workdir/hadoop-ozone/integration-test/target/test-dir/MiniOzoneClusterImpl-e957bdb1-9b3f-4e03-89f8-47fdabd8daf2/datanode-1/data/containers] WARN  fs.CachingGetSpaceUsed (CachingGetSpaceUsed.java:run(183)) - Thread Interrupted waiting to refresh disk information: sleep interrupted
2019-09-26 17:35:26,252 [ForkJoinPool.commonPool-worker-0] INFO  utils.BackgroundService (BackgroundService.java:shutdown(148)) - Shutting down service BlockDeletingService
2019-09-26 17:35:26,256 [ForkJoinPool.commonPool-worker-0] INFO  statemachine.DatanodeStateMachine (DatanodeStateMachine.java:stopDaemon(395)) - Ozone container server stopped.
2019-09-26 17:35:26,259 [ForkJoinPool.commonPool-worker-0] INFO  handler.ContextHandler (ContextHandler.java:doStop(910)) - Stopped o.e.j.w.WebAppContext@59072e9d{/,null,UNAVAILABLE}{/hddsDatanode}
2019-09-26 17:35:26,260 [ForkJoinPool.commonPool-worker-0] INFO  server.AbstractConnector (AbstractConnector.java:doStop(318)) - Stopped ServerConnector@58472096{HTTP/1.1,[http/1.1]}{0.0.0.0:0}
2019-09-26 17:35:26,261 [ForkJoinPool.commonPool-worker-0] INFO  handler.ContextHandler (ContextHandler.java:doStop(910)) - Stopped o.e.j.s.ServletContextHandler@2f1d0bbc{/static,jar:file:/home/user/.m2/repository/org/apache/hadoop/hadoop-hdds-container-service/0.5.0-SNAPSHOT/hadoop-hdds-container-service-0.5.0-SNAPSHOT.jar!/webapps/static,UNAVAILABLE}
2019-09-26 17:35:26,262 [ForkJoinPool.commonPool-worker-0] INFO  handler.ContextHandler (ContextHandler.java:doStop(910)) - Stopped o.e.j.s.ServletContextHandler@6cd64ee8{/logs,file:///workdir/hadoop-ozone/integration-test/target/log,UNAVAILABLE}
2019-09-26 17:35:26,263 [main] INFO  ozone.MiniOzoneClusterImpl (MiniOzoneClusterImpl.java:stopSCM(392)) - Stopping the StorageContainerManager
2019-09-26 17:35:26,263 [main] INFO  server.StorageContainerManager (StorageContainerManager.java:stop(808)) - Stopping Replication Manager Service.
2019-09-26 17:35:26,264 [main] INFO  container.ReplicationManager (ReplicationManager.java:stop(203)) - Stopping Replication Monitor Thread.
2019-09-26 17:35:26,264 [main] INFO  server.StorageContainerManager (StorageContainerManager.java:stop(815)) - Stopping Lease Manager of the command watchers
2019-09-26 17:35:26,264 [main] INFO  server.StorageContainerManager (StorageContainerManager.java:stop(822)) - Stopping datanode service RPC server
2019-09-26 17:35:26,264 [main] INFO  server.SCMDatanodeProtocolServer (SCMDatanodeProtocolServer.java:stop(367)) - Stopping the RPC server for DataNodes
2019-09-26 17:35:26,264 [main] INFO  ipc.Server (Server.java:stop(3082)) - Stopping server on 44579
2019-09-26 17:35:26,267 [IPC Server listener on 44579] INFO  ipc.Server (Server.java:run(1185)) - Stopping IPC Server listener on 44579
2019-09-26 17:35:26,267 [IPC Server Responder] INFO  ipc.Server (Server.java:run(1319)) - Stopping IPC Server Responder
2019-09-26 17:35:26,317 [SCM Heartbeat Processing Thread - 0] WARN  node.NodeStateManager (NodeStateManager.java:scheduleNextHealthCheck(646)) - Current Thread is interrupted, shutting down HB processing thread for Node Manager.
2019-09-26 17:35:26,318 [main] INFO  server.StorageContainerManager (StorageContainerManager.java:stop(830)) - Stopping block service RPC server
2019-09-26 17:35:26,318 [main] INFO  server.SCMBlockProtocolServer (SCMBlockProtocolServer.java:stop(155)) - Stopping the RPC server for Block Protocol
2019-09-26 17:35:26,319 [main] INFO  ipc.Server (Server.java:stop(3082)) - Stopping server on 33400
2019-09-26 17:35:26,321 [IPC Server listener on 33400] INFO  ipc.Server (Server.java:run(1185)) - Stopping IPC Server listener on 33400
2019-09-26 17:35:26,321 [main] INFO  server.StorageContainerManager (StorageContainerManager.java:stop(837)) - Stopping the StorageContainerLocationProtocol RPC server
2019-09-26 17:35:26,321 [IPC Server Responder] INFO  ipc.Server (Server.java:run(1319)) - Stopping IPC Server Responder
2019-09-26 17:35:26,321 [main] INFO  server.SCMClientProtocolServer (SCMClientProtocolServer.java:stop(159)) - Stopping the RPC server for Client Protocol
2019-09-26 17:35:26,322 [main] INFO  ipc.Server (Server.java:stop(3082)) - Stopping server on 34800
2019-09-26 17:35:26,324 [IPC Server listener on 34800] INFO  ipc.Server (Server.java:run(1185)) - Stopping IPC Server listener on 34800
2019-09-26 17:35:26,324 [main] INFO  server.StorageContainerManager (StorageContainerManager.java:stop(844)) - Stopping Storage Container Manager HTTP server.
2019-09-26 17:35:26,324 [IPC Server Responder] INFO  ipc.Server (Server.java:run(1319)) - Stopping IPC Server Responder
2019-09-26 17:35:26,325 [main] INFO  handler.ContextHandler (ContextHandler.java:doStop(910)) - Stopped o.e.j.w.WebAppContext@64c2b546{/,null,UNAVAILABLE}{/scm}
2019-09-26 17:35:26,326 [main] INFO  server.AbstractConnector (AbstractConnector.java:doStop(318)) - Stopped ServerConnector@69f63d95{HTTP/1.1,[http/1.1]}{0.0.0.0:0}
2019-09-26 17:35:26,326 [main] INFO  handler.ContextHandler (ContextHandler.java:doStop(910)) - Stopped o.e.j.s.ServletContextHandler@70a36a66{/static,file:///workdir/hadoop-ozone/integration-test/target/test-classes/webapps/static,UNAVAILABLE}
2019-09-26 17:35:26,326 [main] INFO  handler.ContextHandler (ContextHandler.java:doStop(910)) - Stopped o.e.j.s.ServletContextHandler@50ecde95{/logs,file:///workdir/hadoop-ozone/integration-test/target/log,UNAVAILABLE}
2019-09-26 17:35:26,327 [main] INFO  server.StorageContainerManager (StorageContainerManager.java:stop(855)) - Stopping Block Manager Service.
2019-09-26 17:35:26,327 [main] INFO  utils.BackgroundService (BackgroundService.java:shutdown(148)) - Shutting down service SCMBlockDeletingService
2019-09-26 17:35:26,328 [main] INFO  utils.BackgroundService (BackgroundService.java:shutdown(148)) - Shutting down service SCMBlockDeletingService
2019-09-26 17:35:26,328 [main] INFO  server.StorageContainerManager (StorageContainerManager.java:stop(877)) - Stopping SCM Event Queue.
2019-09-26 17:35:26,335 [main] INFO  impl.MetricsSystemImpl (MetricsSystemImpl.java:stop(210)) - Stopping ratis metrics system...
2019-09-26 17:35:26,347 [prometheus] INFO  impl.MetricsSinkAdapter (MetricsSinkAdapter.java:publishMetricsFromQueue(141)) - prometheus thread interrupted.
2019-09-26 17:35:26,347 [main] INFO  impl.MetricsSystemImpl (MetricsSystemImpl.java:stop(216)) - ratis metrics system stopped.
]]></system-out>
    <system-err><![CDATA[ERROR StatusLogger No Log4j 2 configuration file found. Using default configuration (logging only errors to the console), or user programmatically provided configurations. Set system property 'log4j2.debug' to show Log4j 2 internal initialization logging. See https://logging.apache.org/log4j/2.x/manual/configuration.html for instructions on how to configure Log4j 2
Sep 26, 2019 5:35:05 PM org.apache.ratis.thirdparty.io.grpc.internal.SerializingExecutor run
SEVERE: Exception while executing runnable org.apache.ratis.thirdparty.io.grpc.internal.ServerImpl$JumpToApplicationThreadServerStreamListener$1Closed@3911dfb8
org.apache.ratis.thirdparty.io.grpc.StatusRuntimeException: CANCELLED: call already cancelled
	at org.apache.ratis.thirdparty.io.grpc.Status.asRuntimeException(Status.java:517)
	at org.apache.ratis.thirdparty.io.grpc.stub.ServerCalls$ServerCallStreamObserverImpl.onCompleted(ServerCalls.java:356)
	at org.apache.ratis.grpc.server.GrpcServerProtocolService$ServerRequestStreamObserver.onError(GrpcServerProtocolService.java:121)
	at org.apache.ratis.thirdparty.io.grpc.stub.ServerCalls$StreamingServerCallHandler$StreamingServerCallListener.onCancel(ServerCalls.java:269)
	at org.apache.ratis.thirdparty.io.grpc.internal.ServerCallImpl$ServerStreamListenerImpl.closed(ServerCallImpl.java:293)
	at org.apache.ratis.thirdparty.io.grpc.internal.ServerImpl$JumpToApplicationThreadServerStreamListener$1Closed.runInContext(ServerImpl.java:741)
	at org.apache.ratis.thirdparty.io.grpc.internal.ContextRunnable.run(ContextRunnable.java:37)
	at org.apache.ratis.thirdparty.io.grpc.internal.SerializingExecutor.run(SerializingExecutor.java:123)
	at java.util.concurrent.ThreadPoolExecutor.runWorker(ThreadPoolExecutor.java:1149)
	at java.util.concurrent.ThreadPoolExecutor$Worker.run(ThreadPoolExecutor.java:624)
	at java.lang.Thread.run(Thread.java:748)

Sep 26, 2019 5:35:11 PM org.apache.ratis.thirdparty.io.grpc.internal.SerializingExecutor run
SEVERE: Exception while executing runnable org.apache.ratis.thirdparty.io.grpc.internal.ServerImpl$JumpToApplicationThreadServerStreamListener$1Closed@be51996
org.apache.ratis.thirdparty.io.grpc.StatusRuntimeException: CANCELLED: call already cancelled
	at org.apache.ratis.thirdparty.io.grpc.Status.asRuntimeException(Status.java:517)
	at org.apache.ratis.thirdparty.io.grpc.stub.ServerCalls$ServerCallStreamObserverImpl.onCompleted(ServerCalls.java:356)
	at org.apache.ratis.grpc.server.GrpcServerProtocolService$ServerRequestStreamObserver.onError(GrpcServerProtocolService.java:121)
	at org.apache.ratis.thirdparty.io.grpc.stub.ServerCalls$StreamingServerCallHandler$StreamingServerCallListener.onCancel(ServerCalls.java:269)
	at org.apache.ratis.thirdparty.io.grpc.internal.ServerCallImpl$ServerStreamListenerImpl.closed(ServerCallImpl.java:293)
	at org.apache.ratis.thirdparty.io.grpc.internal.ServerImpl$JumpToApplicationThreadServerStreamListener$1Closed.runInContext(ServerImpl.java:741)
	at org.apache.ratis.thirdparty.io.grpc.internal.ContextRunnable.run(ContextRunnable.java:37)
	at org.apache.ratis.thirdparty.io.grpc.internal.SerializingExecutor.run(SerializingExecutor.java:123)
	at java.util.concurrent.ThreadPoolExecutor.runWorker(ThreadPoolExecutor.java:1149)
	at java.util.concurrent.ThreadPoolExecutor$Worker.run(ThreadPoolExecutor.java:624)
	at java.lang.Thread.run(Thread.java:748)

Sep 26, 2019 5:35:25 PM org.apache.ratis.thirdparty.io.grpc.internal.SerializingExecutor run
SEVERE: Exception while executing runnable org.apache.ratis.thirdparty.io.grpc.internal.ServerImpl$JumpToApplicationThreadServerStreamListener$1Closed@6572c04
org.apache.ratis.thirdparty.io.grpc.StatusRuntimeException: CANCELLED: call already cancelled
	at org.apache.ratis.thirdparty.io.grpc.Status.asRuntimeException(Status.java:517)
	at org.apache.ratis.thirdparty.io.grpc.stub.ServerCalls$ServerCallStreamObserverImpl.onCompleted(ServerCalls.java:356)
	at org.apache.ratis.grpc.server.GrpcServerProtocolService$ServerRequestStreamObserver.onError(GrpcServerProtocolService.java:121)
	at org.apache.ratis.thirdparty.io.grpc.stub.ServerCalls$StreamingServerCallHandler$StreamingServerCallListener.onCancel(ServerCalls.java:269)
	at org.apache.ratis.thirdparty.io.grpc.internal.ServerCallImpl$ServerStreamListenerImpl.closed(ServerCallImpl.java:293)
	at org.apache.ratis.thirdparty.io.grpc.internal.ServerImpl$JumpToApplicationThreadServerStreamListener$1Closed.runInContext(ServerImpl.java:741)
	at org.apache.ratis.thirdparty.io.grpc.internal.ContextRunnable.run(ContextRunnable.java:37)
	at org.apache.ratis.thirdparty.io.grpc.internal.SerializingExecutor.run(SerializingExecutor.java:123)
	at java.util.concurrent.ThreadPoolExecutor.runWorker(ThreadPoolExecutor.java:1149)
	at java.util.concurrent.ThreadPoolExecutor$Worker.run(ThreadPoolExecutor.java:624)
	at java.lang.Thread.run(Thread.java:748)

]]></system-err>
  </testcase>
</testsuite>