<?xml version="1.0" encoding="UTF-8"?>
<testsuite xmlns:xsi="http://www.w3.org/2001/XMLSchema-instance" xsi:noNamespaceSchemaLocation="https://maven.apache.org/surefire/maven-surefire-plugin/xsd/surefire-test-report.xsd" name="org.apache.hadoop.ozone.client.rpc.TestFailureHandlingByClient" time="718.901" tests="5" errors="5" skipped="0" failures="0">
  <properties>
    <property name="awt.toolkit" value="sun.awt.X11.XToolkit"/>
    <property name="file.encoding.pkg" value="sun.io"/>
    <property name="java.specification.version" value="1.8"/>
    <property name="sun.cpu.isalist" value=""/>
    <property name="sun.jnu.encoding" value="UTF-8"/>
    <property name="java.class.path" value="/workdir/hadoop-ozone/integration-test/target/test-classes:/workdir/hadoop-ozone/integration-test/target/classes:/home/user/.m2/repository/org/apache/hadoop/hadoop-ozone-common/0.5.0-SNAPSHOT/hadoop-ozone-common-0.5.0-SNAPSHOT.jar:/home/user/.m2/repository/org/apache/commons/commons-compress/1.4.1/commons-compress-1.4.1.jar:/home/user/.m2/repository/org/tukaani/xz/1.0/xz-1.0.jar:/home/user/.m2/repository/org/apache/hadoop/hadoop-common/3.2.0/hadoop-common-3.2.0.jar:/home/user/.m2/repository/org/apache/hadoop/hadoop-hdfs/3.2.0/hadoop-hdfs-3.2.0.jar:/home/user/.m2/repository/org/apache/hadoop/hadoop-hdfs-client/3.2.0/hadoop-hdfs-client-3.2.0.jar:/home/user/.m2/repository/com/fasterxml/jackson/core/jackson-annotations/2.9.9/jackson-annotations-2.9.9.jar:/home/user/.m2/repository/org/apache/hadoop/hadoop-hdds-common/0.5.0-SNAPSHOT/hadoop-hdds-common-0.5.0-SNAPSHOT.jar:/home/user/.m2/repository/javax/annotation/javax.annotation-api/1.2/javax.annotation-api-1.2.jar:/home/user/.m2/repository/org/apache/ratis/ratis-server/0.4.0/ratis-server-0.4.0.jar:/home/user/.m2/repository/org/apache/ratis/ratis-thirdparty-misc/0.2.0/ratis-thirdparty-misc-0.2.0.jar:/home/user/.m2/repository/org/apache/ratis/ratis-proto/0.4.0/ratis-proto-0.4.0.jar:/home/user/.m2/repository/org/apache/ratis/ratis-common/0.4.0/ratis-common-0.4.0.jar:/home/user/.m2/repository/org/apache/ratis/ratis-client/0.4.0/ratis-client-0.4.0.jar:/home/user/.m2/repository/org/apache/ratis/ratis-metrics/0.4.0/ratis-metrics-0.4.0.jar:/home/user/.m2/repository/com/github/joshelser/dropwizard-metrics-hadoop-metrics2-reporter/0.1.2/dropwizard-metrics-hadoop-metrics2-reporter-0.1.2.jar:/home/user/.m2/repository/io/dropwizard/metrics/metrics-jvm/3.2.5/metrics-jvm-3.2.5.jar:/home/user/.m2/repository/io/dropwizard/metrics/metrics-ganglia/3.2.5/metrics-ganglia-3.2.5.jar:/home/user/.m2/repository/info/ganglia/gmetric4j/gmetric4j/1.0.7/gmetric4j-1.0.7.jar:/home/user/.m2/repository/org/apache/ratis/ratis-netty/0.4.0/ratis-netty-0.4.0.jar:/home/user/.m2/repository/org/apache/ratis/ratis-grpc/0.4.0/ratis-grpc-0.4.0.jar:/home/user/.m2/repository/org/rocksdb/rocksdbjni/6.0.1/rocksdbjni-6.0.1.jar:/home/user/.m2/repository/org/apache/logging/log4j/log4j-api/2.11.0/log4j-api-2.11.0.jar:/home/user/.m2/repository/org/apache/logging/log4j/log4j-core/2.11.0/log4j-core-2.11.0.jar:/home/user/.m2/repository/com/lmax/disruptor/3.4.2/disruptor-3.4.2.jar:/home/user/.m2/repository/org/apache/commons/commons-pool2/2.6.0/commons-pool2-2.6.0.jar:/home/user/.m2/repository/org/bouncycastle/bcpkix-jdk15on/1.60/bcpkix-jdk15on-1.60.jar:/home/user/.m2/repository/commons-validator/commons-validator/1.6/commons-validator-1.6.jar:/home/user/.m2/repository/commons-digester/commons-digester/1.8.1/commons-digester-1.8.1.jar:/home/user/.m2/repository/io/jaegertracing/jaeger-client/0.34.0/jaeger-client-0.34.0.jar:/home/user/.m2/repository/io/jaegertracing/jaeger-thrift/0.34.0/jaeger-thrift-0.34.0.jar:/home/user/.m2/repository/org/apache/thrift/libthrift/0.12.0/libthrift-0.12.0.jar:/home/user/.m2/repository/com/squareup/okhttp3/okhttp/3.9.0/okhttp-3.9.0.jar:/home/user/.m2/repository/com/squareup/okio/okio/1.13.0/okio-1.13.0.jar:/home/user/.m2/repository/io/jaegertracing/jaeger-core/0.34.0/jaeger-core-0.34.0.jar:/home/user/.m2/repository/io/jaegertracing/jaeger-tracerresolver/0.34.0/jaeger-tracerresolver-0.34.0.jar:/home/user/.m2/repository/io/opentracing/contrib/opentracing-tracerresolver/0.1.5/opentracing-tracerresolver-0.1.5.jar:/home/user/.m2/repository/io/opentracing/opentracing-util/0.31.0/opentracing-util-0.31.0.jar:/home/user/.m2/repository/io/opentracing/opentracing-api/0.31.0/opentracing-api-0.31.0.jar:/home/user/.m2/repository/io/opentracing/opentracing-noop/0.31.0/opentracing-noop-0.31.0.jar:/home/user/.m2/repository/org/apache/hadoop/hadoop-hdds-server-framework/0.5.0-SNAPSHOT/hadoop-hdds-server-framework-0.5.0-SNAPSHOT.jar:/home/user/.m2/repository/org/apache/hadoop/hadoop-hdds-container-service/0.5.0-SNAPSHOT/hadoop-hdds-container-service-0.5.0-SNAPSHOT.jar:/home/user/.m2/repository/org/apache/hadoop/hadoop-hdds-client/0.5.0-SNAPSHOT/hadoop-hdds-client-0.5.0-SNAPSHOT.jar:/home/user/.m2/repository/org/apache/hadoop/hadoop-hdds-tools/0.5.0-SNAPSHOT/hadoop-hdds-tools-0.5.0-SNAPSHOT.jar:/home/user/.m2/repository/org/apache/hadoop/hadoop-hdds-server-scm/0.5.0-SNAPSHOT/hadoop-hdds-server-scm-0.5.0-SNAPSHOT.jar:/home/user/.m2/repository/org/apache/hadoop/hadoop-hdds-docs/0.5.0-SNAPSHOT/hadoop-hdds-docs-0.5.0-SNAPSHOT.jar:/home/user/.m2/repository/io/dropwizard/metrics/metrics-core/3.2.4/metrics-core-3.2.4.jar:/home/user/.m2/repository/org/hamcrest/hamcrest-all/1.3/hamcrest-all-1.3.jar:/home/user/.m2/repository/org/bouncycastle/bcprov-jdk15on/1.60/bcprov-jdk15on-1.60.jar:/home/user/.m2/repository/info/picocli/picocli/3.9.6/picocli-3.9.6.jar:/home/user/.m2/repository/com/google/protobuf/protobuf-java/2.5.0/protobuf-java-2.5.0.jar:/home/user/.m2/repository/com/google/guava/guava/11.0.2/guava-11.0.2.jar:/home/user/.m2/repository/org/apache/hadoop/hadoop-ozone-ozone-manager/0.5.0-SNAPSHOT/hadoop-ozone-ozone-manager-0.5.0-SNAPSHOT.jar:/home/user/.m2/repository/org/apache/hadoop/hadoop-minikdc/3.2.0/hadoop-minikdc-3.2.0.jar:/home/user/.m2/repository/commons-io/commons-io/2.5/commons-io-2.5.jar:/home/user/.m2/repository/org/apache/kerby/kerb-simplekdc/1.0.1/kerb-simplekdc-1.0.1.jar:/home/user/.m2/repository/org/apache/kerby/kerb-client/1.0.1/kerb-client-1.0.1.jar:/home/user/.m2/repository/org/apache/kerby/kerby-config/1.0.1/kerby-config-1.0.1.jar:/home/user/.m2/repository/org/apache/kerby/kerb-core/1.0.1/kerb-core-1.0.1.jar:/home/user/.m2/repository/org/apache/kerby/kerby-pkix/1.0.1/kerby-pkix-1.0.1.jar:/home/user/.m2/repository/org/apache/kerby/kerby-asn1/1.0.1/kerby-asn1-1.0.1.jar:/home/user/.m2/repository/org/apache/kerby/kerby-util/1.0.1/kerby-util-1.0.1.jar:/home/user/.m2/repository/org/apache/kerby/kerb-common/1.0.1/kerb-common-1.0.1.jar:/home/user/.m2/repository/org/apache/kerby/kerb-crypto/1.0.1/kerb-crypto-1.0.1.jar:/home/user/.m2/repository/org/apache/kerby/kerb-util/1.0.1/kerb-util-1.0.1.jar:/home/user/.m2/repository/org/apache/kerby/token-provider/1.0.1/token-provider-1.0.1.jar:/home/user/.m2/repository/org/apache/kerby/kerb-admin/1.0.1/kerb-admin-1.0.1.jar:/home/user/.m2/repository/org/apache/kerby/kerb-server/1.0.1/kerb-server-1.0.1.jar:/home/user/.m2/repository/org/apache/kerby/kerb-identity/1.0.1/kerb-identity-1.0.1.jar:/home/user/.m2/repository/org/apache/kerby/kerby-xdr/1.0.1/kerby-xdr-1.0.1.jar:/home/user/.m2/repository/org/slf4j/slf4j-log4j12/1.7.25/slf4j-log4j12-1.7.25.jar:/home/user/.m2/repository/org/apache/hadoop/hadoop-ozone-s3gateway/0.5.0-SNAPSHOT/hadoop-ozone-s3gateway-0.5.0-SNAPSHOT.jar:/home/user/.m2/repository/org/jboss/weld/servlet/weld-servlet/2.4.7.Final/weld-servlet-2.4.7.Final.jar:/home/user/.m2/repository/org/glassfish/jersey/containers/jersey-container-servlet-core/2.27/jersey-container-servlet-core-2.27.jar:/home/user/.m2/repository/org/glassfish/hk2/external/javax.inject/2.5.0-b42/javax.inject-2.5.0-b42.jar:/home/user/.m2/repository/org/glassfish/jersey/core/jersey-common/2.27/jersey-common-2.27.jar:/home/user/.m2/repository/org/glassfish/hk2/osgi-resource-locator/1.0.1/osgi-resource-locator-1.0.1.jar:/home/user/.m2/repository/javax/ws/rs/javax.ws.rs-api/2.1/javax.ws.rs-api-2.1.jar:/home/user/.m2/repository/org/glassfish/jersey/ext/cdi/jersey-cdi1x/2.27/jersey-cdi1x-2.27.jar:/home/user/.m2/repository/org/glassfish/jersey/inject/jersey-hk2/2.27/jersey-hk2-2.27.jar:/home/user/.m2/repository/org/glassfish/hk2/hk2-locator/2.5.0-b42/hk2-locator-2.5.0-b42.jar:/home/user/.m2/repository/org/javassist/javassist/3.22.0-CR2/javassist-3.22.0-CR2.jar:/home/user/.m2/repository/org/glassfish/hk2/hk2-api/2.5.0/hk2-api-2.5.0.jar:/home/user/.m2/repository/org/glassfish/hk2/external/jakarta.inject/2.5.0/jakarta.inject-2.5.0.jar:/home/user/.m2/repository/org/glassfish/hk2/hk2-utils/2.5.0/hk2-utils-2.5.0.jar:/home/user/.m2/repository/jakarta/annotation/jakarta.annotation-api/1.3.4/jakarta.annotation-api-1.3.4.jar:/home/user/.m2/repository/org/glassfish/hk2/external/aopalliance-repackaged/2.5.0/aopalliance-repackaged-2.5.0.jar:/home/user/.m2/repository/com/fasterxml/jackson/dataformat/jackson-dataformat-xml/2.9.0/jackson-dataformat-xml-2.9.0.jar:/home/user/.m2/repository/com/fasterxml/jackson/core/jackson-core/2.9.9/jackson-core-2.9.9.jar:/home/user/.m2/repository/com/fasterxml/jackson/module/jackson-module-jaxb-annotations/2.9.9/jackson-module-jaxb-annotations-2.9.9.jar:/home/user/.m2/repository/javax/enterprise/cdi-api/1.2/cdi-api-1.2.jar:/home/user/.m2/repository/javax/el/javax.el-api/3.0.0/javax.el-api-3.0.0.jar:/home/user/.m2/repository/javax/interceptor/javax.interceptor-api/1.2/javax.interceptor-api-1.2.jar:/home/user/.m2/repository/javax/inject/javax.inject/1/javax.inject-1.jar:/home/user/.m2/repository/com/sun/xml/bind/jaxb-impl/2.3.0.1/jaxb-impl-2.3.0.1.jar:/home/user/.m2/repository/com/sun/xml/bind/jaxb-core/2.3.0.1/jaxb-core-2.3.0.1.jar:/home/user/.m2/repository/javax/xml/bind/jaxb-api/2.3.0/jaxb-api-2.3.0.jar:/home/user/.m2/repository/javax/activation/activation/1.1.1/activation-1.1.1.jar:/home/user/.m2/repository/org/apache/hadoop/hadoop-ozone-csi/0.5.0-SNAPSHOT/hadoop-ozone-csi-0.5.0-SNAPSHOT.jar:/home/user/.m2/repository/com/google/protobuf/protobuf-java-util/3.5.1/protobuf-java-util-3.5.1.jar:/home/user/.m2/repository/org/apache/hadoop/hadoop-hdds-config/0.5.0-SNAPSHOT/hadoop-hdds-config-0.5.0-SNAPSHOT.jar:/home/user/.m2/repository/io/grpc/grpc-netty/1.17.1/grpc-netty-1.17.1.jar:/home/user/.m2/repository/io/grpc/grpc-core/1.17.1/grpc-core-1.17.1.jar:/home/user/.m2/repository/io/grpc/grpc-context/1.17.1/grpc-context-1.17.1.jar:/home/user/.m2/repository/com/google/errorprone/error_prone_annotations/2.2.0/error_prone_annotations-2.2.0.jar:/home/user/.m2/repository/org/codehaus/mojo/animal-sniffer-annotations/1.17/animal-sniffer-annotations-1.17.jar:/home/user/.m2/repository/io/opencensus/opencensus-api/0.17.0/opencensus-api-0.17.0.jar:/home/user/.m2/repository/io/opencensus/opencensus-contrib-grpc-metrics/0.17.0/opencensus-contrib-grpc-metrics-0.17.0.jar:/home/user/.m2/repository/io/netty/netty-codec-http2/4.1.30.Final/netty-codec-http2-4.1.30.Final.jar:/home/user/.m2/repository/io/netty/netty-codec-http/4.1.30.Final/netty-codec-http-4.1.30.Final.jar:/home/user/.m2/repository/io/netty/netty-codec/4.1.30.Final/netty-codec-4.1.30.Final.jar:/home/user/.m2/repository/io/netty/netty-handler/4.1.30.Final/netty-handler-4.1.30.Final.jar:/home/user/.m2/repository/io/netty/netty-handler-proxy/4.1.30.Final/netty-handler-proxy-4.1.30.Final.jar:/home/user/.m2/repository/io/netty/netty-codec-socks/4.1.30.Final/netty-codec-socks-4.1.30.Final.jar:/home/user/.m2/repository/io/netty/netty-transport-native-epoll/4.1.30.Final/netty-transport-native-epoll-4.1.30.Final.jar:/home/user/.m2/repository/io/netty/netty-common/4.1.30.Final/netty-common-4.1.30.Final.jar:/home/user/.m2/repository/io/netty/netty-buffer/4.1.30.Final/netty-buffer-4.1.30.Final.jar:/home/user/.m2/repository/io/netty/netty-transport/4.1.30.Final/netty-transport-4.1.30.Final.jar:/home/user/.m2/repository/io/netty/netty-resolver/4.1.30.Final/netty-resolver-4.1.30.Final.jar:/home/user/.m2/repository/io/netty/netty-transport-native-unix-common/4.1.30.Final/netty-transport-native-unix-common-4.1.30.Final.jar:/home/user/.m2/repository/io/grpc/grpc-protobuf/1.17.1/grpc-protobuf-1.17.1.jar:/home/user/.m2/repository/com/google/api/grpc/proto-google-common-protos/1.0.0/proto-google-common-protos-1.0.0.jar:/home/user/.m2/repository/io/grpc/grpc-protobuf-lite/1.17.1/grpc-protobuf-lite-1.17.1.jar:/home/user/.m2/repository/io/grpc/grpc-stub/1.17.1/grpc-stub-1.17.1.jar:/home/user/.m2/repository/org/apache/hadoop/hadoop-ozone-recon/0.5.0-SNAPSHOT/hadoop-ozone-recon-0.5.0-SNAPSHOT.jar:/home/user/.m2/repository/org/apache/hadoop/hadoop-ozone-reconcodegen/0.5.0-SNAPSHOT/hadoop-ozone-reconcodegen-0.5.0-SNAPSHOT.jar:/home/user/.m2/repository/com/google/inject/extensions/guice-multibindings/4.0/guice-multibindings-4.0.jar:/home/user/.m2/repository/com/google/inject/guice/4.0/guice-4.0.jar:/home/user/.m2/repository/aopalliance/aopalliance/1.0/aopalliance-1.0.jar:/home/user/.m2/repository/com/google/inject/extensions/guice-servlet/4.0/guice-servlet-4.0.jar:/home/user/.m2/repository/org/glassfish/jersey/containers/jersey-container-servlet/2.27/jersey-container-servlet-2.27.jar:/home/user/.m2/repository/org/glassfish/hk2/guice-bridge/2.5.0/guice-bridge-2.5.0.jar:/home/user/.m2/repository/org/glassfish/jersey/core/jersey-server/2.27/jersey-server-2.27.jar:/home/user/.m2/repository/org/glassfish/jersey/core/jersey-client/2.27/jersey-client-2.27.jar:/home/user/.m2/repository/org/glassfish/jersey/media/jersey-media-jaxb/2.27/jersey-media-jaxb-2.27.jar:/home/user/.m2/repository/javax/validation/validation-api/1.1.0.Final/validation-api-1.1.0.Final.jar:/home/user/.m2/repository/org/glassfish/jersey/media/jersey-media-json-jackson/2.27/jersey-media-json-jackson-2.27.jar:/home/user/.m2/repository/org/glassfish/jersey/ext/jersey-entity-filtering/2.27/jersey-entity-filtering-2.27.jar:/home/user/.m2/repository/com/google/inject/extensions/guice-assistedinject/4.0/guice-assistedinject-4.0.jar:/home/user/.m2/repository/org/jooq/jooq/3.11.10/jooq-3.11.10.jar:/home/user/.m2/repository/org/jooq/jooq-meta/3.11.10/jooq-meta-3.11.10.jar:/home/user/.m2/repository/org/jooq/jooq-codegen/3.11.10/jooq-codegen-3.11.10.jar:/home/user/.m2/repository/com/jolbox/bonecp/0.8.0.RELEASE/bonecp-0.8.0.RELEASE.jar:/home/user/.m2/repository/org/xerial/sqlite-jdbc/3.25.2/sqlite-jdbc-3.25.2.jar:/home/user/.m2/repository/org/springframework/spring-jdbc/5.1.3.RELEASE/spring-jdbc-5.1.3.RELEASE.jar:/home/user/.m2/repository/org/springframework/spring-beans/5.1.3.RELEASE/spring-beans-5.1.3.RELEASE.jar:/home/user/.m2/repository/org/springframework/spring-core/5.1.3.RELEASE/spring-core-5.1.3.RELEASE.jar:/home/user/.m2/repository/org/springframework/spring-jcl/5.1.3.RELEASE/spring-jcl-5.1.3.RELEASE.jar:/home/user/.m2/repository/org/springframework/spring-tx/5.1.3.RELEASE/spring-tx-5.1.3.RELEASE.jar:/home/user/.m2/repository/org/apache/hadoop/hadoop-ozone-client/0.5.0-SNAPSHOT/hadoop-ozone-client-0.5.0-SNAPSHOT.jar:/home/user/.m2/repository/commons-lang/commons-lang/2.6/commons-lang-2.6.jar:/home/user/.m2/repository/org/apache/hadoop/hadoop-ozone-ozone-manager/0.5.0-SNAPSHOT/hadoop-ozone-ozone-manager-0.5.0-SNAPSHOT-tests.jar:/home/user/.m2/repository/junit/junit/4.11/junit-4.11.jar:/home/user/.m2/repository/org/hamcrest/hamcrest-core/1.3/hamcrest-core-1.3.jar:/home/user/.m2/repository/org/openjdk/jmh/jmh-core/1.19/jmh-core-1.19.jar:/home/user/.m2/repository/net/sf/jopt-simple/jopt-simple/4.6/jopt-simple-4.6.jar:/home/user/.m2/repository/org/apache/commons/commons-math3/3.1.1/commons-math3-3.1.1.jar:/home/user/.m2/repository/org/openjdk/jmh/jmh-generator-annprocess/1.19/jmh-generator-annprocess-1.19.jar:/home/user/.m2/repository/org/mockito/mockito-all/1.8.5/mockito-all-1.8.5.jar:/home/user/.m2/repository/org/apache/hadoop/hadoop-kms/3.2.0/hadoop-kms-3.2.0.jar:/home/user/.m2/repository/org/apache/hadoop/hadoop-auth/3.2.0/hadoop-auth-3.2.0.jar:/home/user/.m2/repository/com/nimbusds/nimbus-jose-jwt/4.41.1/nimbus-jose-jwt-4.41.1.jar:/home/user/.m2/repository/com/github/stephenc/jcip/jcip-annotations/1.0-1/jcip-annotations-1.0-1.jar:/home/user/.m2/repository/net/minidev/json-smart/2.3/json-smart-2.3.jar:/home/user/.m2/repository/net/minidev/accessors-smart/1.2/accessors-smart-1.2.jar:/home/user/.m2/repository/org/ow2/asm/asm/5.0.4/asm-5.0.4.jar:/home/user/.m2/repository/org/apache/curator/curator-framework/2.12.0/curator-framework-2.12.0.jar:/home/user/.m2/repository/com/sun/jersey/jersey-core/1.19/jersey-core-1.19.jar:/home/user/.m2/repository/javax/ws/rs/jsr311-api/1.1.1/jsr311-api-1.1.1.jar:/home/user/.m2/repository/com/sun/jersey/jersey-server/1.19/jersey-server-1.19.jar:/home/user/.m2/repository/javax/servlet/javax.servlet-api/3.1.0/javax.servlet-api-3.1.0.jar:/home/user/.m2/repository/org/eclipse/jetty/jetty-server/9.3.25.v20180904/jetty-server-9.3.25.v20180904.jar:/home/user/.m2/repository/org/eclipse/jetty/jetty-http/9.3.25.v20180904/jetty-http-9.3.25.v20180904.jar:/home/user/.m2/repository/org/eclipse/jetty/jetty-io/9.3.25.v20180904/jetty-io-9.3.25.v20180904.jar:/home/user/.m2/repository/org/eclipse/jetty/jetty-webapp/9.3.25.v20180904/jetty-webapp-9.3.25.v20180904.jar:/home/user/.m2/repository/org/eclipse/jetty/jetty-xml/9.3.25.v20180904/jetty-xml-9.3.25.v20180904.jar:/home/user/.m2/repository/log4j/log4j/1.2.17/log4j-1.2.17.jar:/home/user/.m2/repository/org/slf4j/slf4j-api/1.7.25/slf4j-api-1.7.25.jar:/home/user/.m2/repository/org/slf4j/jul-to-slf4j/1.7.25/jul-to-slf4j-1.7.25.jar:/home/user/.m2/repository/org/eclipse/jetty/jetty-util/9.3.25.v20180904/jetty-util-9.3.25.v20180904.jar:/home/user/.m2/repository/com/fasterxml/jackson/core/jackson-databind/2.9.9/jackson-databind-2.9.9.jar:/home/user/.m2/repository/org/apache/hadoop/hadoop-kms/3.2.0/hadoop-kms-3.2.0-tests.jar:/home/user/.m2/repository/org/apache/hadoop/hadoop-hdds-server-scm/0.5.0-SNAPSHOT/hadoop-hdds-server-scm-0.5.0-SNAPSHOT-tests.jar:/home/user/.m2/repository/org/apache/hadoop/hadoop-hdds-container-service/0.5.0-SNAPSHOT/hadoop-hdds-container-service-0.5.0-SNAPSHOT-tests.jar:/home/user/.m2/repository/org/yaml/snakeyaml/1.16/snakeyaml-1.16.jar:/home/user/.m2/repository/org/apache/hadoop/hadoop-common/3.2.0/hadoop-common-3.2.0-tests.jar:/home/user/.m2/repository/org/apache/hadoop/hadoop-annotations/3.2.0/hadoop-annotations-3.2.0.jar:/usr/lib/jvm/java-1.8-openjdk/jre/../lib/tools.jar:/home/user/.m2/repository/commons-cli/commons-cli/1.2/commons-cli-1.2.jar:/home/user/.m2/repository/org/apache/httpcomponents/httpclient/4.5.2/httpclient-4.5.2.jar:/home/user/.m2/repository/org/apache/httpcomponents/httpcore/4.4.4/httpcore-4.4.4.jar:/home/user/.m2/repository/commons-codec/commons-codec/1.11/commons-codec-1.11.jar:/home/user/.m2/repository/commons-net/commons-net/3.6/commons-net-3.6.jar:/home/user/.m2/repository/commons-collections/commons-collections/3.2.2/commons-collections-3.2.2.jar:/home/user/.m2/repository/org/eclipse/jetty/jetty-servlet/9.3.25.v20180904/jetty-servlet-9.3.25.v20180904.jar:/home/user/.m2/repository/org/eclipse/jetty/jetty-security/9.3.25.v20180904/jetty-security-9.3.25.v20180904.jar:/home/user/.m2/repository/javax/servlet/jsp/jsp-api/2.1/jsp-api-2.1.jar:/home/user/.m2/repository/com/sun/jersey/jersey-servlet/1.19/jersey-servlet-1.19.jar:/home/user/.m2/repository/com/sun/jersey/jersey-json/1.19/jersey-json-1.19.jar:/home/user/.m2/repository/org/codehaus/jettison/jettison/1.1/jettison-1.1.jar:/home/user/.m2/repository/org/codehaus/jackson/jackson-core-asl/1.9.13/jackson-core-asl-1.9.13.jar:/home/user/.m2/repository/org/codehaus/jackson/jackson-mapper-asl/1.9.13/jackson-mapper-asl-1.9.13.jar:/home/user/.m2/repository/org/codehaus/jackson/jackson-jaxrs/1.9.13/jackson-jaxrs-1.9.13.jar:/home/user/.m2/repository/org/codehaus/jackson/jackson-xc/1.9.13/jackson-xc-1.9.13.jar:/home/user/.m2/repository/commons-logging/commons-logging/1.1.3/commons-logging-1.1.3.jar:/home/user/.m2/repository/commons-beanutils/commons-beanutils/1.9.4/commons-beanutils-1.9.4.jar:/home/user/.m2/repository/org/apache/commons/commons-configuration2/2.1.1/commons-configuration2-2.1.1.jar:/home/user/.m2/repository/org/apache/commons/commons-lang3/3.7/commons-lang3-3.7.jar:/home/user/.m2/repository/org/apache/commons/commons-text/1.4/commons-text-1.4.jar:/home/user/.m2/repository/org/apache/avro/avro/1.7.7/avro-1.7.7.jar:/home/user/.m2/repository/com/thoughtworks/paranamer/paranamer/2.3/paranamer-2.3.jar:/home/user/.m2/repository/org/xerial/snappy/snappy-java/1.0.5/snappy-java-1.0.5.jar:/home/user/.m2/repository/com/google/re2j/re2j/1.1/re2j-1.1.jar:/home/user/.m2/repository/com/google/code/gson/gson/2.2.4/gson-2.2.4.jar:/home/user/.m2/repository/com/jcraft/jsch/0.1.54/jsch-0.1.54.jar:/home/user/.m2/repository/org/apache/curator/curator-client/2.12.0/curator-client-2.12.0.jar:/home/user/.m2/repository/org/apache/curator/curator-recipes/2.12.0/curator-recipes-2.12.0.jar:/home/user/.m2/repository/com/google/code/findbugs/jsr305/3.0.0/jsr305-3.0.0.jar:/home/user/.m2/repository/org/apache/htrace/htrace-core4/4.1.0-incubating/htrace-core4-4.1.0-incubating.jar:/home/user/.m2/repository/org/apache/zookeeper/zookeeper/3.4.13/zookeeper-3.4.13.jar:/home/user/.m2/repository/jline/jline/0.9.94/jline-0.9.94.jar:/home/user/.m2/repository/org/apache/yetus/audience-annotations/0.5.0/audience-annotations-0.5.0.jar:/home/user/.m2/repository/org/codehaus/woodstox/stax2-api/3.1.4/stax2-api-3.1.4.jar:/home/user/.m2/repository/com/fasterxml/woodstox/woodstox-core/5.0.3/woodstox-core-5.0.3.jar:/home/user/.m2/repository/dnsjava/dnsjava/2.1.7/dnsjava-2.1.7.jar:/home/user/.m2/repository/org/apache/hadoop/hadoop-hdfs/3.2.0/hadoop-hdfs-3.2.0-tests.jar:/home/user/.m2/repository/org/eclipse/jetty/jetty-util-ajax/9.3.25.v20180904/jetty-util-ajax-9.3.25.v20180904.jar:/home/user/.m2/repository/commons-daemon/commons-daemon/1.0.13/commons-daemon-1.0.13.jar:/home/user/.m2/repository/io/netty/netty/3.10.5.Final/netty-3.10.5.Final.jar:/home/user/.m2/repository/io/netty/netty-all/4.0.52.Final/netty-all-4.0.52.Final.jar:/home/user/.m2/repository/org/fusesource/leveldbjni/leveldbjni-all/1.8/leveldbjni-all-1.8.jar:"/>
    <property name="java.vm.vendor" value="IcedTea"/>
    <property name="sun.arch.data.model" value="64"/>
    <property name="test.build.dir" value="/workdir/hadoop-ozone/integration-test/target/test-dir"/>
    <property name="test.cache.data" value=""/>
    <property name="java.vendor.url" value="https://icedtea.classpath.org"/>
    <property name="user.timezone" value=""/>
    <property name="java.vm.specification.version" value="1.8"/>
    <property name="os.name" value="Linux"/>
    <property name="test.build.data" value="/workdir/hadoop-ozone/integration-test/target/test-dir"/>
    <property name="user.country" value="US"/>
    <property name="sun.java.launcher" value="SUN_STANDARD"/>
    <property name="sun.boot.library.path" value="/usr/lib/jvm/java-1.8-openjdk/jre/lib/amd64"/>
    <property name="sun.java.command" value="/workdir/hadoop-ozone/integration-test/target/surefire/surefirebooter2624037701355009027.jar /workdir/hadoop-ozone/integration-test/target/surefire 2019-09-26T15-34-27_911-jvmRun1 surefire5060911179156587908tmp surefire_382339686924456528538tmp"/>
    <property name="test" value="!TestMiniChaosOzoneCluster"/>
    <property name="surefire.test.class.path" value="/workdir/hadoop-ozone/integration-test/target/test-classes:/workdir/hadoop-ozone/integration-test/target/classes:/home/user/.m2/repository/org/apache/hadoop/hadoop-ozone-common/0.5.0-SNAPSHOT/hadoop-ozone-common-0.5.0-SNAPSHOT.jar:/home/user/.m2/repository/org/apache/commons/commons-compress/1.4.1/commons-compress-1.4.1.jar:/home/user/.m2/repository/org/tukaani/xz/1.0/xz-1.0.jar:/home/user/.m2/repository/org/apache/hadoop/hadoop-common/3.2.0/hadoop-common-3.2.0.jar:/home/user/.m2/repository/org/apache/hadoop/hadoop-hdfs/3.2.0/hadoop-hdfs-3.2.0.jar:/home/user/.m2/repository/org/apache/hadoop/hadoop-hdfs-client/3.2.0/hadoop-hdfs-client-3.2.0.jar:/home/user/.m2/repository/com/fasterxml/jackson/core/jackson-annotations/2.9.9/jackson-annotations-2.9.9.jar:/home/user/.m2/repository/org/apache/hadoop/hadoop-hdds-common/0.5.0-SNAPSHOT/hadoop-hdds-common-0.5.0-SNAPSHOT.jar:/home/user/.m2/repository/javax/annotation/javax.annotation-api/1.2/javax.annotation-api-1.2.jar:/home/user/.m2/repository/org/apache/ratis/ratis-server/0.4.0/ratis-server-0.4.0.jar:/home/user/.m2/repository/org/apache/ratis/ratis-thirdparty-misc/0.2.0/ratis-thirdparty-misc-0.2.0.jar:/home/user/.m2/repository/org/apache/ratis/ratis-proto/0.4.0/ratis-proto-0.4.0.jar:/home/user/.m2/repository/org/apache/ratis/ratis-common/0.4.0/ratis-common-0.4.0.jar:/home/user/.m2/repository/org/apache/ratis/ratis-client/0.4.0/ratis-client-0.4.0.jar:/home/user/.m2/repository/org/apache/ratis/ratis-metrics/0.4.0/ratis-metrics-0.4.0.jar:/home/user/.m2/repository/com/github/joshelser/dropwizard-metrics-hadoop-metrics2-reporter/0.1.2/dropwizard-metrics-hadoop-metrics2-reporter-0.1.2.jar:/home/user/.m2/repository/io/dropwizard/metrics/metrics-jvm/3.2.5/metrics-jvm-3.2.5.jar:/home/user/.m2/repository/io/dropwizard/metrics/metrics-ganglia/3.2.5/metrics-ganglia-3.2.5.jar:/home/user/.m2/repository/info/ganglia/gmetric4j/gmetric4j/1.0.7/gmetric4j-1.0.7.jar:/home/user/.m2/repository/org/apache/ratis/ratis-netty/0.4.0/ratis-netty-0.4.0.jar:/home/user/.m2/repository/org/apache/ratis/ratis-grpc/0.4.0/ratis-grpc-0.4.0.jar:/home/user/.m2/repository/org/rocksdb/rocksdbjni/6.0.1/rocksdbjni-6.0.1.jar:/home/user/.m2/repository/org/apache/logging/log4j/log4j-api/2.11.0/log4j-api-2.11.0.jar:/home/user/.m2/repository/org/apache/logging/log4j/log4j-core/2.11.0/log4j-core-2.11.0.jar:/home/user/.m2/repository/com/lmax/disruptor/3.4.2/disruptor-3.4.2.jar:/home/user/.m2/repository/org/apache/commons/commons-pool2/2.6.0/commons-pool2-2.6.0.jar:/home/user/.m2/repository/org/bouncycastle/bcpkix-jdk15on/1.60/bcpkix-jdk15on-1.60.jar:/home/user/.m2/repository/commons-validator/commons-validator/1.6/commons-validator-1.6.jar:/home/user/.m2/repository/commons-digester/commons-digester/1.8.1/commons-digester-1.8.1.jar:/home/user/.m2/repository/io/jaegertracing/jaeger-client/0.34.0/jaeger-client-0.34.0.jar:/home/user/.m2/repository/io/jaegertracing/jaeger-thrift/0.34.0/jaeger-thrift-0.34.0.jar:/home/user/.m2/repository/org/apache/thrift/libthrift/0.12.0/libthrift-0.12.0.jar:/home/user/.m2/repository/com/squareup/okhttp3/okhttp/3.9.0/okhttp-3.9.0.jar:/home/user/.m2/repository/com/squareup/okio/okio/1.13.0/okio-1.13.0.jar:/home/user/.m2/repository/io/jaegertracing/jaeger-core/0.34.0/jaeger-core-0.34.0.jar:/home/user/.m2/repository/io/jaegertracing/jaeger-tracerresolver/0.34.0/jaeger-tracerresolver-0.34.0.jar:/home/user/.m2/repository/io/opentracing/contrib/opentracing-tracerresolver/0.1.5/opentracing-tracerresolver-0.1.5.jar:/home/user/.m2/repository/io/opentracing/opentracing-util/0.31.0/opentracing-util-0.31.0.jar:/home/user/.m2/repository/io/opentracing/opentracing-api/0.31.0/opentracing-api-0.31.0.jar:/home/user/.m2/repository/io/opentracing/opentracing-noop/0.31.0/opentracing-noop-0.31.0.jar:/home/user/.m2/repository/org/apache/hadoop/hadoop-hdds-server-framework/0.5.0-SNAPSHOT/hadoop-hdds-server-framework-0.5.0-SNAPSHOT.jar:/home/user/.m2/repository/org/apache/hadoop/hadoop-hdds-container-service/0.5.0-SNAPSHOT/hadoop-hdds-container-service-0.5.0-SNAPSHOT.jar:/home/user/.m2/repository/org/apache/hadoop/hadoop-hdds-client/0.5.0-SNAPSHOT/hadoop-hdds-client-0.5.0-SNAPSHOT.jar:/home/user/.m2/repository/org/apache/hadoop/hadoop-hdds-tools/0.5.0-SNAPSHOT/hadoop-hdds-tools-0.5.0-SNAPSHOT.jar:/home/user/.m2/repository/org/apache/hadoop/hadoop-hdds-server-scm/0.5.0-SNAPSHOT/hadoop-hdds-server-scm-0.5.0-SNAPSHOT.jar:/home/user/.m2/repository/org/apache/hadoop/hadoop-hdds-docs/0.5.0-SNAPSHOT/hadoop-hdds-docs-0.5.0-SNAPSHOT.jar:/home/user/.m2/repository/io/dropwizard/metrics/metrics-core/3.2.4/metrics-core-3.2.4.jar:/home/user/.m2/repository/org/hamcrest/hamcrest-all/1.3/hamcrest-all-1.3.jar:/home/user/.m2/repository/org/bouncycastle/bcprov-jdk15on/1.60/bcprov-jdk15on-1.60.jar:/home/user/.m2/repository/info/picocli/picocli/3.9.6/picocli-3.9.6.jar:/home/user/.m2/repository/com/google/protobuf/protobuf-java/2.5.0/protobuf-java-2.5.0.jar:/home/user/.m2/repository/com/google/guava/guava/11.0.2/guava-11.0.2.jar:/home/user/.m2/repository/org/apache/hadoop/hadoop-ozone-ozone-manager/0.5.0-SNAPSHOT/hadoop-ozone-ozone-manager-0.5.0-SNAPSHOT.jar:/home/user/.m2/repository/org/apache/hadoop/hadoop-minikdc/3.2.0/hadoop-minikdc-3.2.0.jar:/home/user/.m2/repository/commons-io/commons-io/2.5/commons-io-2.5.jar:/home/user/.m2/repository/org/apache/kerby/kerb-simplekdc/1.0.1/kerb-simplekdc-1.0.1.jar:/home/user/.m2/repository/org/apache/kerby/kerb-client/1.0.1/kerb-client-1.0.1.jar:/home/user/.m2/repository/org/apache/kerby/kerby-config/1.0.1/kerby-config-1.0.1.jar:/home/user/.m2/repository/org/apache/kerby/kerb-core/1.0.1/kerb-core-1.0.1.jar:/home/user/.m2/repository/org/apache/kerby/kerby-pkix/1.0.1/kerby-pkix-1.0.1.jar:/home/user/.m2/repository/org/apache/kerby/kerby-asn1/1.0.1/kerby-asn1-1.0.1.jar:/home/user/.m2/repository/org/apache/kerby/kerby-util/1.0.1/kerby-util-1.0.1.jar:/home/user/.m2/repository/org/apache/kerby/kerb-common/1.0.1/kerb-common-1.0.1.jar:/home/user/.m2/repository/org/apache/kerby/kerb-crypto/1.0.1/kerb-crypto-1.0.1.jar:/home/user/.m2/repository/org/apache/kerby/kerb-util/1.0.1/kerb-util-1.0.1.jar:/home/user/.m2/repository/org/apache/kerby/token-provider/1.0.1/token-provider-1.0.1.jar:/home/user/.m2/repository/org/apache/kerby/kerb-admin/1.0.1/kerb-admin-1.0.1.jar:/home/user/.m2/repository/org/apache/kerby/kerb-server/1.0.1/kerb-server-1.0.1.jar:/home/user/.m2/repository/org/apache/kerby/kerb-identity/1.0.1/kerb-identity-1.0.1.jar:/home/user/.m2/repository/org/apache/kerby/kerby-xdr/1.0.1/kerby-xdr-1.0.1.jar:/home/user/.m2/repository/org/slf4j/slf4j-log4j12/1.7.25/slf4j-log4j12-1.7.25.jar:/home/user/.m2/repository/org/apache/hadoop/hadoop-ozone-s3gateway/0.5.0-SNAPSHOT/hadoop-ozone-s3gateway-0.5.0-SNAPSHOT.jar:/home/user/.m2/repository/org/jboss/weld/servlet/weld-servlet/2.4.7.Final/weld-servlet-2.4.7.Final.jar:/home/user/.m2/repository/org/glassfish/jersey/containers/jersey-container-servlet-core/2.27/jersey-container-servlet-core-2.27.jar:/home/user/.m2/repository/org/glassfish/hk2/external/javax.inject/2.5.0-b42/javax.inject-2.5.0-b42.jar:/home/user/.m2/repository/org/glassfish/jersey/core/jersey-common/2.27/jersey-common-2.27.jar:/home/user/.m2/repository/org/glassfish/hk2/osgi-resource-locator/1.0.1/osgi-resource-locator-1.0.1.jar:/home/user/.m2/repository/javax/ws/rs/javax.ws.rs-api/2.1/javax.ws.rs-api-2.1.jar:/home/user/.m2/repository/org/glassfish/jersey/ext/cdi/jersey-cdi1x/2.27/jersey-cdi1x-2.27.jar:/home/user/.m2/repository/org/glassfish/jersey/inject/jersey-hk2/2.27/jersey-hk2-2.27.jar:/home/user/.m2/repository/org/glassfish/hk2/hk2-locator/2.5.0-b42/hk2-locator-2.5.0-b42.jar:/home/user/.m2/repository/org/javassist/javassist/3.22.0-CR2/javassist-3.22.0-CR2.jar:/home/user/.m2/repository/org/glassfish/hk2/hk2-api/2.5.0/hk2-api-2.5.0.jar:/home/user/.m2/repository/org/glassfish/hk2/external/jakarta.inject/2.5.0/jakarta.inject-2.5.0.jar:/home/user/.m2/repository/org/glassfish/hk2/hk2-utils/2.5.0/hk2-utils-2.5.0.jar:/home/user/.m2/repository/jakarta/annotation/jakarta.annotation-api/1.3.4/jakarta.annotation-api-1.3.4.jar:/home/user/.m2/repository/org/glassfish/hk2/external/aopalliance-repackaged/2.5.0/aopalliance-repackaged-2.5.0.jar:/home/user/.m2/repository/com/fasterxml/jackson/dataformat/jackson-dataformat-xml/2.9.0/jackson-dataformat-xml-2.9.0.jar:/home/user/.m2/repository/com/fasterxml/jackson/core/jackson-core/2.9.9/jackson-core-2.9.9.jar:/home/user/.m2/repository/com/fasterxml/jackson/module/jackson-module-jaxb-annotations/2.9.9/jackson-module-jaxb-annotations-2.9.9.jar:/home/user/.m2/repository/javax/enterprise/cdi-api/1.2/cdi-api-1.2.jar:/home/user/.m2/repository/javax/el/javax.el-api/3.0.0/javax.el-api-3.0.0.jar:/home/user/.m2/repository/javax/interceptor/javax.interceptor-api/1.2/javax.interceptor-api-1.2.jar:/home/user/.m2/repository/javax/inject/javax.inject/1/javax.inject-1.jar:/home/user/.m2/repository/com/sun/xml/bind/jaxb-impl/2.3.0.1/jaxb-impl-2.3.0.1.jar:/home/user/.m2/repository/com/sun/xml/bind/jaxb-core/2.3.0.1/jaxb-core-2.3.0.1.jar:/home/user/.m2/repository/javax/xml/bind/jaxb-api/2.3.0/jaxb-api-2.3.0.jar:/home/user/.m2/repository/javax/activation/activation/1.1.1/activation-1.1.1.jar:/home/user/.m2/repository/org/apache/hadoop/hadoop-ozone-csi/0.5.0-SNAPSHOT/hadoop-ozone-csi-0.5.0-SNAPSHOT.jar:/home/user/.m2/repository/com/google/protobuf/protobuf-java-util/3.5.1/protobuf-java-util-3.5.1.jar:/home/user/.m2/repository/org/apache/hadoop/hadoop-hdds-config/0.5.0-SNAPSHOT/hadoop-hdds-config-0.5.0-SNAPSHOT.jar:/home/user/.m2/repository/io/grpc/grpc-netty/1.17.1/grpc-netty-1.17.1.jar:/home/user/.m2/repository/io/grpc/grpc-core/1.17.1/grpc-core-1.17.1.jar:/home/user/.m2/repository/io/grpc/grpc-context/1.17.1/grpc-context-1.17.1.jar:/home/user/.m2/repository/com/google/errorprone/error_prone_annotations/2.2.0/error_prone_annotations-2.2.0.jar:/home/user/.m2/repository/org/codehaus/mojo/animal-sniffer-annotations/1.17/animal-sniffer-annotations-1.17.jar:/home/user/.m2/repository/io/opencensus/opencensus-api/0.17.0/opencensus-api-0.17.0.jar:/home/user/.m2/repository/io/opencensus/opencensus-contrib-grpc-metrics/0.17.0/opencensus-contrib-grpc-metrics-0.17.0.jar:/home/user/.m2/repository/io/netty/netty-codec-http2/4.1.30.Final/netty-codec-http2-4.1.30.Final.jar:/home/user/.m2/repository/io/netty/netty-codec-http/4.1.30.Final/netty-codec-http-4.1.30.Final.jar:/home/user/.m2/repository/io/netty/netty-codec/4.1.30.Final/netty-codec-4.1.30.Final.jar:/home/user/.m2/repository/io/netty/netty-handler/4.1.30.Final/netty-handler-4.1.30.Final.jar:/home/user/.m2/repository/io/netty/netty-handler-proxy/4.1.30.Final/netty-handler-proxy-4.1.30.Final.jar:/home/user/.m2/repository/io/netty/netty-codec-socks/4.1.30.Final/netty-codec-socks-4.1.30.Final.jar:/home/user/.m2/repository/io/netty/netty-transport-native-epoll/4.1.30.Final/netty-transport-native-epoll-4.1.30.Final.jar:/home/user/.m2/repository/io/netty/netty-common/4.1.30.Final/netty-common-4.1.30.Final.jar:/home/user/.m2/repository/io/netty/netty-buffer/4.1.30.Final/netty-buffer-4.1.30.Final.jar:/home/user/.m2/repository/io/netty/netty-transport/4.1.30.Final/netty-transport-4.1.30.Final.jar:/home/user/.m2/repository/io/netty/netty-resolver/4.1.30.Final/netty-resolver-4.1.30.Final.jar:/home/user/.m2/repository/io/netty/netty-transport-native-unix-common/4.1.30.Final/netty-transport-native-unix-common-4.1.30.Final.jar:/home/user/.m2/repository/io/grpc/grpc-protobuf/1.17.1/grpc-protobuf-1.17.1.jar:/home/user/.m2/repository/com/google/api/grpc/proto-google-common-protos/1.0.0/proto-google-common-protos-1.0.0.jar:/home/user/.m2/repository/io/grpc/grpc-protobuf-lite/1.17.1/grpc-protobuf-lite-1.17.1.jar:/home/user/.m2/repository/io/grpc/grpc-stub/1.17.1/grpc-stub-1.17.1.jar:/home/user/.m2/repository/org/apache/hadoop/hadoop-ozone-recon/0.5.0-SNAPSHOT/hadoop-ozone-recon-0.5.0-SNAPSHOT.jar:/home/user/.m2/repository/org/apache/hadoop/hadoop-ozone-reconcodegen/0.5.0-SNAPSHOT/hadoop-ozone-reconcodegen-0.5.0-SNAPSHOT.jar:/home/user/.m2/repository/com/google/inject/extensions/guice-multibindings/4.0/guice-multibindings-4.0.jar:/home/user/.m2/repository/com/google/inject/guice/4.0/guice-4.0.jar:/home/user/.m2/repository/aopalliance/aopalliance/1.0/aopalliance-1.0.jar:/home/user/.m2/repository/com/google/inject/extensions/guice-servlet/4.0/guice-servlet-4.0.jar:/home/user/.m2/repository/org/glassfish/jersey/containers/jersey-container-servlet/2.27/jersey-container-servlet-2.27.jar:/home/user/.m2/repository/org/glassfish/hk2/guice-bridge/2.5.0/guice-bridge-2.5.0.jar:/home/user/.m2/repository/org/glassfish/jersey/core/jersey-server/2.27/jersey-server-2.27.jar:/home/user/.m2/repository/org/glassfish/jersey/core/jersey-client/2.27/jersey-client-2.27.jar:/home/user/.m2/repository/org/glassfish/jersey/media/jersey-media-jaxb/2.27/jersey-media-jaxb-2.27.jar:/home/user/.m2/repository/javax/validation/validation-api/1.1.0.Final/validation-api-1.1.0.Final.jar:/home/user/.m2/repository/org/glassfish/jersey/media/jersey-media-json-jackson/2.27/jersey-media-json-jackson-2.27.jar:/home/user/.m2/repository/org/glassfish/jersey/ext/jersey-entity-filtering/2.27/jersey-entity-filtering-2.27.jar:/home/user/.m2/repository/com/google/inject/extensions/guice-assistedinject/4.0/guice-assistedinject-4.0.jar:/home/user/.m2/repository/org/jooq/jooq/3.11.10/jooq-3.11.10.jar:/home/user/.m2/repository/org/jooq/jooq-meta/3.11.10/jooq-meta-3.11.10.jar:/home/user/.m2/repository/org/jooq/jooq-codegen/3.11.10/jooq-codegen-3.11.10.jar:/home/user/.m2/repository/com/jolbox/bonecp/0.8.0.RELEASE/bonecp-0.8.0.RELEASE.jar:/home/user/.m2/repository/org/xerial/sqlite-jdbc/3.25.2/sqlite-jdbc-3.25.2.jar:/home/user/.m2/repository/org/springframework/spring-jdbc/5.1.3.RELEASE/spring-jdbc-5.1.3.RELEASE.jar:/home/user/.m2/repository/org/springframework/spring-beans/5.1.3.RELEASE/spring-beans-5.1.3.RELEASE.jar:/home/user/.m2/repository/org/springframework/spring-core/5.1.3.RELEASE/spring-core-5.1.3.RELEASE.jar:/home/user/.m2/repository/org/springframework/spring-jcl/5.1.3.RELEASE/spring-jcl-5.1.3.RELEASE.jar:/home/user/.m2/repository/org/springframework/spring-tx/5.1.3.RELEASE/spring-tx-5.1.3.RELEASE.jar:/home/user/.m2/repository/org/apache/hadoop/hadoop-ozone-client/0.5.0-SNAPSHOT/hadoop-ozone-client-0.5.0-SNAPSHOT.jar:/home/user/.m2/repository/commons-lang/commons-lang/2.6/commons-lang-2.6.jar:/home/user/.m2/repository/org/apache/hadoop/hadoop-ozone-ozone-manager/0.5.0-SNAPSHOT/hadoop-ozone-ozone-manager-0.5.0-SNAPSHOT-tests.jar:/home/user/.m2/repository/junit/junit/4.11/junit-4.11.jar:/home/user/.m2/repository/org/hamcrest/hamcrest-core/1.3/hamcrest-core-1.3.jar:/home/user/.m2/repository/org/openjdk/jmh/jmh-core/1.19/jmh-core-1.19.jar:/home/user/.m2/repository/net/sf/jopt-simple/jopt-simple/4.6/jopt-simple-4.6.jar:/home/user/.m2/repository/org/apache/commons/commons-math3/3.1.1/commons-math3-3.1.1.jar:/home/user/.m2/repository/org/openjdk/jmh/jmh-generator-annprocess/1.19/jmh-generator-annprocess-1.19.jar:/home/user/.m2/repository/org/mockito/mockito-all/1.8.5/mockito-all-1.8.5.jar:/home/user/.m2/repository/org/apache/hadoop/hadoop-kms/3.2.0/hadoop-kms-3.2.0.jar:/home/user/.m2/repository/org/apache/hadoop/hadoop-auth/3.2.0/hadoop-auth-3.2.0.jar:/home/user/.m2/repository/com/nimbusds/nimbus-jose-jwt/4.41.1/nimbus-jose-jwt-4.41.1.jar:/home/user/.m2/repository/com/github/stephenc/jcip/jcip-annotations/1.0-1/jcip-annotations-1.0-1.jar:/home/user/.m2/repository/net/minidev/json-smart/2.3/json-smart-2.3.jar:/home/user/.m2/repository/net/minidev/accessors-smart/1.2/accessors-smart-1.2.jar:/home/user/.m2/repository/org/ow2/asm/asm/5.0.4/asm-5.0.4.jar:/home/user/.m2/repository/org/apache/curator/curator-framework/2.12.0/curator-framework-2.12.0.jar:/home/user/.m2/repository/com/sun/jersey/jersey-core/1.19/jersey-core-1.19.jar:/home/user/.m2/repository/javax/ws/rs/jsr311-api/1.1.1/jsr311-api-1.1.1.jar:/home/user/.m2/repository/com/sun/jersey/jersey-server/1.19/jersey-server-1.19.jar:/home/user/.m2/repository/javax/servlet/javax.servlet-api/3.1.0/javax.servlet-api-3.1.0.jar:/home/user/.m2/repository/org/eclipse/jetty/jetty-server/9.3.25.v20180904/jetty-server-9.3.25.v20180904.jar:/home/user/.m2/repository/org/eclipse/jetty/jetty-http/9.3.25.v20180904/jetty-http-9.3.25.v20180904.jar:/home/user/.m2/repository/org/eclipse/jetty/jetty-io/9.3.25.v20180904/jetty-io-9.3.25.v20180904.jar:/home/user/.m2/repository/org/eclipse/jetty/jetty-webapp/9.3.25.v20180904/jetty-webapp-9.3.25.v20180904.jar:/home/user/.m2/repository/org/eclipse/jetty/jetty-xml/9.3.25.v20180904/jetty-xml-9.3.25.v20180904.jar:/home/user/.m2/repository/log4j/log4j/1.2.17/log4j-1.2.17.jar:/home/user/.m2/repository/org/slf4j/slf4j-api/1.7.25/slf4j-api-1.7.25.jar:/home/user/.m2/repository/org/slf4j/jul-to-slf4j/1.7.25/jul-to-slf4j-1.7.25.jar:/home/user/.m2/repository/org/eclipse/jetty/jetty-util/9.3.25.v20180904/jetty-util-9.3.25.v20180904.jar:/home/user/.m2/repository/com/fasterxml/jackson/core/jackson-databind/2.9.9/jackson-databind-2.9.9.jar:/home/user/.m2/repository/org/apache/hadoop/hadoop-kms/3.2.0/hadoop-kms-3.2.0-tests.jar:/home/user/.m2/repository/org/apache/hadoop/hadoop-hdds-server-scm/0.5.0-SNAPSHOT/hadoop-hdds-server-scm-0.5.0-SNAPSHOT-tests.jar:/home/user/.m2/repository/org/apache/hadoop/hadoop-hdds-container-service/0.5.0-SNAPSHOT/hadoop-hdds-container-service-0.5.0-SNAPSHOT-tests.jar:/home/user/.m2/repository/org/yaml/snakeyaml/1.16/snakeyaml-1.16.jar:/home/user/.m2/repository/org/apache/hadoop/hadoop-common/3.2.0/hadoop-common-3.2.0-tests.jar:/home/user/.m2/repository/org/apache/hadoop/hadoop-annotations/3.2.0/hadoop-annotations-3.2.0.jar:/usr/lib/jvm/java-1.8-openjdk/jre/../lib/tools.jar:/home/user/.m2/repository/commons-cli/commons-cli/1.2/commons-cli-1.2.jar:/home/user/.m2/repository/org/apache/httpcomponents/httpclient/4.5.2/httpclient-4.5.2.jar:/home/user/.m2/repository/org/apache/httpcomponents/httpcore/4.4.4/httpcore-4.4.4.jar:/home/user/.m2/repository/commons-codec/commons-codec/1.11/commons-codec-1.11.jar:/home/user/.m2/repository/commons-net/commons-net/3.6/commons-net-3.6.jar:/home/user/.m2/repository/commons-collections/commons-collections/3.2.2/commons-collections-3.2.2.jar:/home/user/.m2/repository/org/eclipse/jetty/jetty-servlet/9.3.25.v20180904/jetty-servlet-9.3.25.v20180904.jar:/home/user/.m2/repository/org/eclipse/jetty/jetty-security/9.3.25.v20180904/jetty-security-9.3.25.v20180904.jar:/home/user/.m2/repository/javax/servlet/jsp/jsp-api/2.1/jsp-api-2.1.jar:/home/user/.m2/repository/com/sun/jersey/jersey-servlet/1.19/jersey-servlet-1.19.jar:/home/user/.m2/repository/com/sun/jersey/jersey-json/1.19/jersey-json-1.19.jar:/home/user/.m2/repository/org/codehaus/jettison/jettison/1.1/jettison-1.1.jar:/home/user/.m2/repository/org/codehaus/jackson/jackson-core-asl/1.9.13/jackson-core-asl-1.9.13.jar:/home/user/.m2/repository/org/codehaus/jackson/jackson-mapper-asl/1.9.13/jackson-mapper-asl-1.9.13.jar:/home/user/.m2/repository/org/codehaus/jackson/jackson-jaxrs/1.9.13/jackson-jaxrs-1.9.13.jar:/home/user/.m2/repository/org/codehaus/jackson/jackson-xc/1.9.13/jackson-xc-1.9.13.jar:/home/user/.m2/repository/commons-logging/commons-logging/1.1.3/commons-logging-1.1.3.jar:/home/user/.m2/repository/commons-beanutils/commons-beanutils/1.9.4/commons-beanutils-1.9.4.jar:/home/user/.m2/repository/org/apache/commons/commons-configuration2/2.1.1/commons-configuration2-2.1.1.jar:/home/user/.m2/repository/org/apache/commons/commons-lang3/3.7/commons-lang3-3.7.jar:/home/user/.m2/repository/org/apache/commons/commons-text/1.4/commons-text-1.4.jar:/home/user/.m2/repository/org/apache/avro/avro/1.7.7/avro-1.7.7.jar:/home/user/.m2/repository/com/thoughtworks/paranamer/paranamer/2.3/paranamer-2.3.jar:/home/user/.m2/repository/org/xerial/snappy/snappy-java/1.0.5/snappy-java-1.0.5.jar:/home/user/.m2/repository/com/google/re2j/re2j/1.1/re2j-1.1.jar:/home/user/.m2/repository/com/google/code/gson/gson/2.2.4/gson-2.2.4.jar:/home/user/.m2/repository/com/jcraft/jsch/0.1.54/jsch-0.1.54.jar:/home/user/.m2/repository/org/apache/curator/curator-client/2.12.0/curator-client-2.12.0.jar:/home/user/.m2/repository/org/apache/curator/curator-recipes/2.12.0/curator-recipes-2.12.0.jar:/home/user/.m2/repository/com/google/code/findbugs/jsr305/3.0.0/jsr305-3.0.0.jar:/home/user/.m2/repository/org/apache/htrace/htrace-core4/4.1.0-incubating/htrace-core4-4.1.0-incubating.jar:/home/user/.m2/repository/org/apache/zookeeper/zookeeper/3.4.13/zookeeper-3.4.13.jar:/home/user/.m2/repository/jline/jline/0.9.94/jline-0.9.94.jar:/home/user/.m2/repository/org/apache/yetus/audience-annotations/0.5.0/audience-annotations-0.5.0.jar:/home/user/.m2/repository/org/codehaus/woodstox/stax2-api/3.1.4/stax2-api-3.1.4.jar:/home/user/.m2/repository/com/fasterxml/woodstox/woodstox-core/5.0.3/woodstox-core-5.0.3.jar:/home/user/.m2/repository/dnsjava/dnsjava/2.1.7/dnsjava-2.1.7.jar:/home/user/.m2/repository/org/apache/hadoop/hadoop-hdfs/3.2.0/hadoop-hdfs-3.2.0-tests.jar:/home/user/.m2/repository/org/eclipse/jetty/jetty-util-ajax/9.3.25.v20180904/jetty-util-ajax-9.3.25.v20180904.jar:/home/user/.m2/repository/commons-daemon/commons-daemon/1.0.13/commons-daemon-1.0.13.jar:/home/user/.m2/repository/io/netty/netty/3.10.5.Final/netty-3.10.5.Final.jar:/home/user/.m2/repository/io/netty/netty-all/4.0.52.Final/netty-all-4.0.52.Final.jar:/home/user/.m2/repository/org/fusesource/leveldbjni/leveldbjni-all/1.8/leveldbjni-all-1.8.jar:"/>
    <property name="sun.cpu.endian" value="little"/>
    <property name="user.home" value="/home/user"/>
    <property name="user.language" value="en"/>
    <property name="java.specification.vendor" value="Oracle Corporation"/>
    <property name="java.home" value="/usr/lib/jvm/java-1.8-openjdk/jre"/>
    <property name="java.security.krb5.conf" value="/workdir/hadoop-ozone/integration-test/target/test-classes/krb5.conf"/>
    <property name="basedir" value="/workdir/hadoop-ozone/integration-test"/>
    <property name="file.separator" value="/"/>
    <property name="line.separator" value="&#10;"/>
    <property name="java.vm.specification.vendor" value="Oracle Corporation"/>
    <property name="java.specification.name" value="Java Platform API Specification"/>
    <property name="java.awt.graphicsenv" value="sun.awt.X11GraphicsEnvironment"/>
    <property name="surefire.real.class.path" value="/workdir/hadoop-ozone/integration-test/target/surefire/surefirebooter2624037701355009027.jar"/>
    <property name="hadoop.log.dir" value="/workdir/hadoop-ozone/integration-test/target/log"/>
    <property name="sun.boot.class.path" value="/usr/lib/jvm/java-1.8-openjdk/jre/lib/resources.jar:/usr/lib/jvm/java-1.8-openjdk/jre/lib/rt.jar:/usr/lib/jvm/java-1.8-openjdk/jre/lib/sunrsasign.jar:/usr/lib/jvm/java-1.8-openjdk/jre/lib/jsse.jar:/usr/lib/jvm/java-1.8-openjdk/jre/lib/jce.jar:/usr/lib/jvm/java-1.8-openjdk/jre/lib/charsets.jar:/usr/lib/jvm/java-1.8-openjdk/jre/lib/jfr.jar:/usr/lib/jvm/java-1.8-openjdk/jre/classes"/>
    <property name="sun.management.compiler" value="HotSpot 64-Bit Tiered Compilers"/>
    <property name="java.runtime.version" value="1.8.0_212-b04"/>
    <property name="java.net.preferIPv4Stack" value="true"/>
    <property name="user.name" value="jenkins1000"/>
    <property name="path.separator" value=":"/>
    <property name="java.security.egd" value="file:///dev/urandom"/>
    <property name="os.version" value="3.10.0-957.12.2.el7.x86_64"/>
    <property name="java.endorsed.dirs" value="/usr/lib/jvm/java-1.8-openjdk/jre/lib/endorsed"/>
    <property name="java.runtime.name" value="OpenJDK Runtime Environment"/>
    <property name="file.encoding" value="UTF-8"/>
    <property name="java.vm.name" value="OpenJDK 64-Bit Server VM"/>
    <property name="test.build.webapps" value=""/>
    <property name="localRepository" value="/home/user/.m2/repository"/>
    <property name="java.vendor.url.bug" value="https://icedtea.classpath.org/bugzilla"/>
    <property name="java.io.tmpdir" value="/tmp"/>
    <property name="require.test.libhadoop" value=""/>
    <property name="java.version" value="1.8.0_212"/>
    <property name="user.dir" value="/workdir/hadoop-ozone/integration-test"/>
    <property name="os.arch" value="amd64"/>
    <property name="java.vm.specification.name" value="Java Virtual Machine Specification"/>
    <property name="test.build.classes" value="/workdir/hadoop-ozone/integration-test/target/test-classes"/>
    <property name="java.awt.printerjob" value="sun.print.PSPrinterJob"/>
    <property name="sun.os.patch.level" value="unknown"/>
    <property name="hadoop.tmp.dir" value="/workdir/hadoop-ozone/integration-test/target/tmp"/>
    <property name="java.library.path" value="/usr/lib/jvm/java-1.8-openjdk/jre/lib/amd64/server:/usr/lib/jvm/java-1.8-openjdk/jre/lib/amd64:/usr/lib/jvm/java-1.8-openjdk/jre/../lib/amd64:/workdir/hadoop-ozone/integration-test/target/native/target/usr/local/lib:/workdir/hadoop-ozone/integration-test/../../hadoop-common-project/hadoop-common/target/native/target/usr/local/lib:/usr/java/packages/lib/amd64:/usr/lib64:/lib64:/lib:/usr/lib"/>
    <property name="java.vm.info" value="mixed mode"/>
    <property name="java.vendor" value="IcedTea"/>
    <property name="java.vm.version" value="25.212-b04"/>
    <property name="java.ext.dirs" value="/usr/lib/jvm/java-1.8-openjdk/jre/lib/ext:/usr/java/packages/lib/ext"/>
    <property name="sun.io.unicode.encoding" value="UnicodeLittle"/>
    <property name="java.class.version" value="52.0"/>
  </properties>
  <testcase name="testPipelineExclusionWithPipelineFailure" classname="org.apache.hadoop.ozone.client.rpc.TestFailureHandlingByClient" time="147.552">
    <error message="Connection refused" type="java.net.ConnectException"><![CDATA[java.net.ConnectException: Connection refused
	at sun.nio.ch.SocketChannelImpl.checkConnect(Native Method)
	at sun.nio.ch.SocketChannelImpl.finishConnect(SocketChannelImpl.java:717)
	at org.apache.hadoop.net.SocketIOWithTimeout.connect(SocketIOWithTimeout.java:206)
	at org.apache.hadoop.net.NetUtils.connect(NetUtils.java:531)
	at org.apache.hadoop.ipc.Client$Connection.setupConnection(Client.java:690)
	at org.apache.hadoop.ipc.Client$Connection.setupIOstreams(Client.java:794)
	at org.apache.hadoop.ipc.Client$Connection.access$3700(Client.java:411)
	at org.apache.hadoop.ipc.Client.getConnection(Client.java:1572)
	at org.apache.hadoop.ipc.Client.call(Client.java:1403)
	at org.apache.hadoop.ipc.Client.call(Client.java:1367)
	at org.apache.hadoop.ipc.ProtobufRpcEngine$Invoker.invoke(ProtobufRpcEngine.java:228)
	at org.apache.hadoop.ipc.ProtobufRpcEngine$Invoker.invoke(ProtobufRpcEngine.java:116)
	at com.sun.proxy.$Proxy35.submitRequest(Unknown Source)
	at sun.reflect.NativeMethodAccessorImpl.invoke0(Native Method)
	at sun.reflect.NativeMethodAccessorImpl.invoke(NativeMethodAccessorImpl.java:62)
	at sun.reflect.DelegatingMethodAccessorImpl.invoke(DelegatingMethodAccessorImpl.java:43)
	at java.lang.reflect.Method.invoke(Method.java:498)
	at org.apache.hadoop.io.retry.RetryInvocationHandler.invokeMethod(RetryInvocationHandler.java:422)
	at org.apache.hadoop.io.retry.RetryInvocationHandler$Call.invokeMethod(RetryInvocationHandler.java:165)
	at org.apache.hadoop.io.retry.RetryInvocationHandler$Call.invoke(RetryInvocationHandler.java:157)
	at org.apache.hadoop.io.retry.RetryInvocationHandler$Call.invokeOnce(RetryInvocationHandler.java:95)
	at org.apache.hadoop.io.retry.RetryInvocationHandler.invoke(RetryInvocationHandler.java:359)
	at com.sun.proxy.$Proxy35.submitRequest(Unknown Source)
	at org.apache.hadoop.ozone.om.protocolPB.OzoneManagerProtocolClientSideTranslatorPB.submitRequest(OzoneManagerProtocolClientSideTranslatorPB.java:338)
	at org.apache.hadoop.ozone.om.protocolPB.OzoneManagerProtocolClientSideTranslatorPB.getServiceInfo(OzoneManagerProtocolClientSideTranslatorPB.java:1223)
	at sun.reflect.NativeMethodAccessorImpl.invoke0(Native Method)
	at sun.reflect.NativeMethodAccessorImpl.invoke(NativeMethodAccessorImpl.java:62)
	at sun.reflect.DelegatingMethodAccessorImpl.invoke(DelegatingMethodAccessorImpl.java:43)
	at java.lang.reflect.Method.invoke(Method.java:498)
	at org.apache.hadoop.hdds.tracing.TraceAllMethod.invoke(TraceAllMethod.java:66)
	at com.sun.proxy.$Proxy36.getServiceInfo(Unknown Source)
	at org.apache.hadoop.ozone.client.rpc.RpcClient.<init>(RpcClient.java:154)
	at org.apache.hadoop.ozone.client.OzoneClientFactory.getClientProtocol(OzoneClientFactory.java:256)
	at org.apache.hadoop.ozone.client.OzoneClientFactory.getClientProtocol(OzoneClientFactory.java:239)
	at org.apache.hadoop.ozone.client.OzoneClientFactory.getClient(OzoneClientFactory.java:75)
	at org.apache.hadoop.ozone.client.rpc.TestFailureHandlingByClient.init(TestFailureHandlingByClient.java:111)
	at org.apache.hadoop.ozone.client.rpc.TestFailureHandlingByClient.startCluster(TestFailureHandlingByClient.java:121)
	at org.apache.hadoop.ozone.client.rpc.TestFailureHandlingByClient.testPipelineExclusionWithPipelineFailure(TestFailureHandlingByClient.java:345)
	at sun.reflect.NativeMethodAccessorImpl.invoke0(Native Method)
	at sun.reflect.NativeMethodAccessorImpl.invoke(NativeMethodAccessorImpl.java:62)
	at sun.reflect.DelegatingMethodAccessorImpl.invoke(DelegatingMethodAccessorImpl.java:43)
	at java.lang.reflect.Method.invoke(Method.java:498)
	at org.junit.runners.model.FrameworkMethod$1.runReflectiveCall(FrameworkMethod.java:47)
	at org.junit.internal.runners.model.ReflectiveCallable.run(ReflectiveCallable.java:12)
	at org.junit.runners.model.FrameworkMethod.invokeExplosively(FrameworkMethod.java:44)
	at org.junit.internal.runners.statements.InvokeMethod.evaluate(InvokeMethod.java:17)
	at org.junit.internal.runners.statements.RunAfters.evaluate(RunAfters.java:27)
	at org.junit.runners.ParentRunner.runLeaf(ParentRunner.java:271)
	at org.junit.runners.BlockJUnit4ClassRunner.runChild(BlockJUnit4ClassRunner.java:70)
	at org.junit.runners.BlockJUnit4ClassRunner.runChild(BlockJUnit4ClassRunner.java:50)
	at org.junit.runners.ParentRunner$3.run(ParentRunner.java:238)
	at org.junit.runners.ParentRunner$1.schedule(ParentRunner.java:63)
	at org.junit.runners.ParentRunner.runChildren(ParentRunner.java:236)
	at org.junit.runners.ParentRunner.access$000(ParentRunner.java:53)
	at org.junit.runners.ParentRunner$2.evaluate(ParentRunner.java:229)
	at org.junit.runners.ParentRunner.run(ParentRunner.java:309)
	at org.apache.maven.surefire.junit4.JUnit4Provider.execute(JUnit4Provider.java:365)
	at org.apache.maven.surefire.junit4.JUnit4Provider.executeWithRerun(JUnit4Provider.java:273)
	at org.apache.maven.surefire.junit4.JUnit4Provider.executeTestSet(JUnit4Provider.java:238)
	at org.apache.maven.surefire.junit4.JUnit4Provider.invoke(JUnit4Provider.java:159)
	at org.apache.maven.surefire.booter.ForkedBooter.invokeProviderInSameClassLoader(ForkedBooter.java:384)
	at org.apache.maven.surefire.booter.ForkedBooter.runSuitesInProcess(ForkedBooter.java:345)
	at org.apache.maven.surefire.booter.ForkedBooter.execute(ForkedBooter.java:126)
	at org.apache.maven.surefire.booter.ForkedBooter.main(ForkedBooter.java:418)
]]></error>
    <system-out><![CDATA[2019-09-26 16:34:32,918 [main] WARN  server.ServerUtils (ServerUtils.java:getScmDbDir(145)) - ozone.scm.db.dirs is not configured. We recommend adding this setting. Falling back to ozone.metadata.dirs instead.
2019-09-26 16:34:33,042 [main] WARN  server.ServerUtils (ServerUtils.java:getScmDbDir(145)) - ozone.scm.db.dirs is not configured. We recommend adding this setting. Falling back to ozone.metadata.dirs instead.
2019-09-26 16:34:33,045 [main] WARN  server.ServerUtils (ServerUtils.java:getScmDbDir(145)) - ozone.scm.db.dirs is not configured. We recommend adding this setting. Falling back to ozone.metadata.dirs instead.
2019-09-26 16:34:33,064 [main] INFO  util.log (Log.java:initialized(192)) - Logging initialized @914ms
2019-09-26 16:34:33,168 [main] INFO  db.DBStoreBuilder (DBStoreBuilder.java:addTable(110)) - using custom profile for table: deletedBlocks
2019-09-26 16:34:33,168 [main] INFO  db.DBStoreBuilder (DBStoreBuilder.java:processTables(161)) - Using default column profile:DBProfile.DISK for Table:deletedBlocks
2019-09-26 16:34:33,169 [main] INFO  db.DBStoreBuilder (DBStoreBuilder.java:addTable(110)) - using custom profile for table: validCerts
2019-09-26 16:34:33,169 [main] INFO  db.DBStoreBuilder (DBStoreBuilder.java:processTables(161)) - Using default column profile:DBProfile.DISK for Table:validCerts
2019-09-26 16:34:33,169 [main] INFO  db.DBStoreBuilder (DBStoreBuilder.java:addTable(110)) - using custom profile for table: revokedCerts
2019-09-26 16:34:33,170 [main] INFO  db.DBStoreBuilder (DBStoreBuilder.java:processTables(161)) - Using default column profile:DBProfile.DISK for Table:revokedCerts
2019-09-26 16:34:33,181 [main] INFO  db.DBStoreBuilder (DBStoreBuilder.java:addTable(110)) - using custom profile for table: default
2019-09-26 16:34:33,181 [main] INFO  db.DBStoreBuilder (DBStoreBuilder.java:processTables(167)) - Using default column profile:DBProfile.DISK for Table:default
2019-09-26 16:34:33,183 [main] INFO  db.DBStoreBuilder (DBStoreBuilder.java:getDbProfile(198)) - Using default options. DBProfile.DISK
2019-09-26 16:34:33,433 [main] INFO  net.NodeSchemaLoader (NodeSchemaLoader.java:loadSchemaFromFile(125)) - Loading file from sun.misc.CompoundEnumeration@515c6049
2019-09-26 16:34:33,435 [main] INFO  net.NodeSchemaLoader (NodeSchemaLoader.java:loadSchema(171)) - Loading network topology layer schema file
2019-09-26 16:34:33,507 [main] INFO  node.SCMNodeManager (SCMNodeManager.java:<init>(114)) - Entering startup safe mode.
2019-09-26 16:34:33,578 [main] INFO  Configuration.deprecation (Configuration.java:logDeprecation(1394)) - hadoop.configured.node.mapping is deprecated. Instead, use net.topology.configured.node.mapping
2019-09-26 16:34:33,581 [main] INFO  algorithms.ContainerPlacementPolicyFactory (ContainerPlacementPolicyFactory.java:getPolicy(57)) - Create container placement policy of type org.apache.hadoop.hdds.scm.container.placement.algorithms.SCMContainerPlacementRandom
2019-09-26 16:34:33,595 [main] WARN  server.ServerUtils (ServerUtils.java:getScmDbDir(145)) - ozone.scm.db.dirs is not configured. We recommend adding this setting. Falling back to ozone.metadata.dirs instead.
2019-09-26 16:34:33,656 [main] INFO  pipeline.SCMPipelineManager (SCMPipelineManager.java:initializePipelineState(132)) - No pipeline exists in current db
2019-09-26 16:34:33,658 [main] WARN  server.ServerUtils (ServerUtils.java:getScmDbDir(145)) - ozone.scm.db.dirs is not configured. We recommend adding this setting. Falling back to ozone.metadata.dirs instead.
2019-09-26 16:34:33,769 [main] WARN  events.EventQueue (EventQueue.java:fireEvent(183)) - No event handler registered for event TypedEvent{payloadType=SafeModeStatus, name='SafeModeStatus'}
2019-09-26 16:34:34,140 [main] INFO  ipc.CallQueueManager (CallQueueManager.java:<init>(84)) - Using callQueue: class java.util.concurrent.LinkedBlockingQueue, queueCapacity: 2000, scheduler: class org.apache.hadoop.ipc.DefaultRpcScheduler, ipcBackoff: false.
2019-09-26 16:34:34,173 [Socket Reader #1 for port 34880] INFO  ipc.Server (Server.java:run(1074)) - Starting Socket Reader #1 for port 34880
2019-09-26 16:34:34,333 [main] INFO  ipc.CallQueueManager (CallQueueManager.java:<init>(84)) - Using callQueue: class java.util.concurrent.LinkedBlockingQueue, queueCapacity: 2000, scheduler: class org.apache.hadoop.ipc.DefaultRpcScheduler, ipcBackoff: false.
2019-09-26 16:34:34,335 [Socket Reader #1 for port 33616] INFO  ipc.Server (Server.java:run(1074)) - Starting Socket Reader #1 for port 33616
2019-09-26 16:34:34,347 [main] INFO  ipc.CallQueueManager (CallQueueManager.java:<init>(84)) - Using callQueue: class java.util.concurrent.LinkedBlockingQueue, queueCapacity: 2000, scheduler: class org.apache.hadoop.ipc.DefaultRpcScheduler, ipcBackoff: false.
2019-09-26 16:34:34,348 [Socket Reader #1 for port 37578] INFO  ipc.Server (Server.java:run(1074)) - Starting Socket Reader #1 for port 37578
2019-09-26 16:34:34,378 [main] INFO  hdfs.DFSUtil (DFSUtil.java:httpServerTemplateForNNAndJN(1641)) - Starting Web-server for scm at: http://0.0.0.0:0
2019-09-26 16:34:34,535 [main] INFO  server.AuthenticationFilter (AuthenticationFilter.java:constructSecretProvider(240)) - Unable to initialize FileSignerSecretProvider, falling back to use random secrets.
2019-09-26 16:34:34,542 [main] WARN  http.HttpRequestLog (HttpRequestLog.java:getRequestLog(97)) - Jetty request log can only be enabled using Log4j
2019-09-26 16:34:34,549 [main] INFO  http.HttpServer2 (HttpServer2.java:addGlobalFilter(975)) - Added global filter 'safety' (class=org.apache.hadoop.http.HttpServer2$QuotingInputFilter)
2019-09-26 16:34:34,551 [main] INFO  http.HttpServer2 (HttpServer2.java:addFilter(948)) - Added filter static_user_filter (class=org.apache.hadoop.http.lib.StaticUserWebFilter$StaticUserFilter) to context scm
2019-09-26 16:34:34,551 [main] INFO  http.HttpServer2 (HttpServer2.java:addFilter(958)) - Added filter static_user_filter (class=org.apache.hadoop.http.lib.StaticUserWebFilter$StaticUserFilter) to context static
2019-09-26 16:34:34,551 [main] INFO  http.HttpServer2 (HttpServer2.java:addFilter(958)) - Added filter static_user_filter (class=org.apache.hadoop.http.lib.StaticUserWebFilter$StaticUserFilter) to context logs
2019-09-26 16:34:34,584 [main] INFO  server.StorageContainerManager (StorageContainerManager.java:start(770)) - StorageContainerLocationProtocol RPC server is listening at /0.0.0.0:37578
2019-09-26 16:34:34,642 [main] WARN  impl.MetricsConfig (MetricsConfig.java:loadFirst(134)) - Cannot locate configuration: tried hadoop-metrics2-storagecontainermanager.properties,hadoop-metrics2.properties
2019-09-26 16:34:34,654 [main] INFO  impl.MetricsSystemImpl (MetricsSystemImpl.java:startTimer(374)) - Scheduled Metric snapshot period at 10 second(s).
2019-09-26 16:34:34,654 [main] INFO  impl.MetricsSystemImpl (MetricsSystemImpl.java:start(191)) - StorageContainerManager metrics system started
2019-09-26 16:34:34,835 [main] INFO  server.SCMClientProtocolServer (SCMClientProtocolServer.java:start(151)) - RPC server for Client  is listening at /0.0.0.0:37578
2019-09-26 16:34:34,836 [IPC Server listener on 37578] INFO  ipc.Server (Server.java:run(1153)) - IPC Server listener on 37578: starting
2019-09-26 16:34:34,837 [IPC Server Responder] INFO  ipc.Server (Server.java:run(1314)) - IPC Server Responder: starting
2019-09-26 16:34:34,841 [main] INFO  server.StorageContainerManager (StorageContainerManager.java:start(780)) - ScmBlockLocationProtocol RPC server is listening at /0.0.0.0:33616
2019-09-26 16:34:34,842 [main] INFO  server.SCMBlockProtocolServer (SCMBlockProtocolServer.java:start(146)) - RPC server for Block Protocol is listening at /0.0.0.0:33616
2019-09-26 16:34:34,843 [IPC Server Responder] INFO  ipc.Server (Server.java:run(1314)) - IPC Server Responder: starting
2019-09-26 16:34:34,843 [IPC Server listener on 33616] INFO  ipc.Server (Server.java:run(1153)) - IPC Server listener on 33616: starting
2019-09-26 16:34:34,850 [main] INFO  server.StorageContainerManager (StorageContainerManager.java:start(784)) - ScmDatanodeProtocl RPC server is listening at /0.0.0.0:34880
2019-09-26 16:34:34,851 [main] INFO  server.SCMDatanodeProtocolServer (SCMDatanodeProtocolServer.java:start(191)) - RPC server for DataNodes is listening at /0.0.0.0:34880
2019-09-26 16:34:34,851 [IPC Server Responder] INFO  ipc.Server (Server.java:run(1314)) - IPC Server Responder: starting
2019-09-26 16:34:34,852 [IPC Server listener on 34880] INFO  ipc.Server (Server.java:run(1153)) - IPC Server listener on 34880: starting
2019-09-26 16:34:34,859 [main] INFO  http.HttpServer2 (HttpServer2.java:bindListener(1191)) - Jetty bound to port 36008
2019-09-26 16:34:34,863 [main] INFO  server.Server (Server.java:doStart(351)) - jetty-9.3.25.v20180904, build timestamp: 2018-09-04T21:11:46Z, git hash: 3ce520221d0240229c862b122d2b06c12a625732
2019-09-26 16:34:34,914 [main] INFO  handler.ContextHandler (ContextHandler.java:doStart(781)) - Started o.e.j.s.ServletContextHandler@2f17e30d{/logs,file:///workdir/hadoop-ozone/integration-test/target/log,AVAILABLE}
2019-09-26 16:34:34,915 [main] INFO  handler.ContextHandler (ContextHandler.java:doStart(781)) - Started o.e.j.s.ServletContextHandler@1d131e1b{/static,file:///workdir/hadoop-ozone/integration-test/target/test-classes/webapps/static,AVAILABLE}
2019-09-26 16:34:34,952 [main] INFO  handler.ContextHandler (ContextHandler.java:doStart(781)) - Started o.e.j.w.WebAppContext@660e9100{/,file:///workdir/hadoop-ozone/integration-test/target/test-classes/webapps/scm/,AVAILABLE}{/scm}
2019-09-26 16:34:34,957 [main] INFO  server.AbstractConnector (AbstractConnector.java:doStart(278)) - Started ServerConnector@5aabbb29{HTTP/1.1,[http/1.1]}{0.0.0.0:36008}
2019-09-26 16:34:34,957 [main] INFO  server.Server (Server.java:doStart(419)) - Started @2808ms
2019-09-26 16:34:34,960 [main] INFO  impl.MetricsSinkAdapter (MetricsSinkAdapter.java:start(204)) - Sink prometheus started
2019-09-26 16:34:34,960 [main] INFO  impl.MetricsSystemImpl (MetricsSystemImpl.java:registerSink(301)) - Registered sink prometheus
2019-09-26 16:34:34,962 [main] INFO  server.BaseHttpServer (BaseHttpServer.java:updateConnectorAddress(215)) - HTTP server of SCM is listening at http://0.0.0.0:36008
2019-09-26 16:34:34,971 [org.apache.hadoop.util.JvmPauseMonitor$Monitor@7927bd9f] INFO  util.JvmPauseMonitor (JvmPauseMonitor.java:run(188)) - Starting JVM pause monitor
2019-09-26 16:34:34,975 [main] WARN  server.ServerUtils (ServerUtils.java:getDBPath(222)) - ozone.om.db.dirs is not configured. We recommend adding this setting. Falling back to ozone.metadata.dirs instead.
2019-09-26 16:34:35,113 [main] INFO  ha.OMHANodeDetails (OMHANodeDetails.java:loadOMHAConfig(194)) - Configuration either no ozone.om.address set. Falling back to the default OM address /127.0.0.1:0
2019-09-26 16:34:35,114 [main] INFO  ha.OMHANodeDetails (OMHANodeDetails.java:getOMNodeDetails(224)) - OM Service ID is not set. Setting it to the default ID: omServiceIdDefault
2019-09-26 16:34:35,115 [main] WARN  server.ServerUtils (ServerUtils.java:getDBPath(222)) - ozone.om.db.dirs is not configured. We recommend adding this setting. Falling back to ozone.metadata.dirs instead.
2019-09-26 16:34:35,116 [main] WARN  server.ServerUtils (ServerUtils.java:getDBPath(222)) - ozone.om.db.dirs is not configured. We recommend adding this setting. Falling back to ozone.metadata.dirs instead.
2019-09-26 16:34:35,845 [main] WARN  server.ServerUtils (ServerUtils.java:getDBPath(222)) - ozone.om.db.dirs is not configured. We recommend adding this setting. Falling back to ozone.metadata.dirs instead.
2019-09-26 16:34:35,854 [main] INFO  db.DBStoreBuilder (DBStoreBuilder.java:addTable(110)) - using custom profile for table: userTable
2019-09-26 16:34:35,854 [main] INFO  db.DBStoreBuilder (DBStoreBuilder.java:processTables(161)) - Using default column profile:DBProfile.DISK for Table:userTable
2019-09-26 16:34:35,854 [main] INFO  db.DBStoreBuilder (DBStoreBuilder.java:addTable(110)) - using custom profile for table: volumeTable
2019-09-26 16:34:35,854 [main] INFO  db.DBStoreBuilder (DBStoreBuilder.java:processTables(161)) - Using default column profile:DBProfile.DISK for Table:volumeTable
2019-09-26 16:34:35,855 [main] INFO  db.DBStoreBuilder (DBStoreBuilder.java:addTable(110)) - using custom profile for table: bucketTable
2019-09-26 16:34:35,855 [main] INFO  db.DBStoreBuilder (DBStoreBuilder.java:processTables(161)) - Using default column profile:DBProfile.DISK for Table:bucketTable
2019-09-26 16:34:35,855 [main] INFO  db.DBStoreBuilder (DBStoreBuilder.java:addTable(110)) - using custom profile for table: keyTable
2019-09-26 16:34:35,855 [main] INFO  db.DBStoreBuilder (DBStoreBuilder.java:processTables(161)) - Using default column profile:DBProfile.DISK for Table:keyTable
2019-09-26 16:34:35,856 [main] INFO  db.DBStoreBuilder (DBStoreBuilder.java:addTable(110)) - using custom profile for table: deletedTable
2019-09-26 16:34:35,856 [main] INFO  db.DBStoreBuilder (DBStoreBuilder.java:processTables(161)) - Using default column profile:DBProfile.DISK for Table:deletedTable
2019-09-26 16:34:35,856 [main] INFO  db.DBStoreBuilder (DBStoreBuilder.java:addTable(110)) - using custom profile for table: openKeyTable
2019-09-26 16:34:35,856 [main] INFO  db.DBStoreBuilder (DBStoreBuilder.java:processTables(161)) - Using default column profile:DBProfile.DISK for Table:openKeyTable
2019-09-26 16:34:35,857 [main] INFO  db.DBStoreBuilder (DBStoreBuilder.java:addTable(110)) - using custom profile for table: s3Table
2019-09-26 16:34:35,857 [main] INFO  db.DBStoreBuilder (DBStoreBuilder.java:processTables(161)) - Using default column profile:DBProfile.DISK for Table:s3Table
2019-09-26 16:34:35,857 [main] INFO  db.DBStoreBuilder (DBStoreBuilder.java:addTable(110)) - using custom profile for table: multipartInfoTable
2019-09-26 16:34:35,857 [main] INFO  db.DBStoreBuilder (DBStoreBuilder.java:processTables(161)) - Using default column profile:DBProfile.DISK for Table:multipartInfoTable
2019-09-26 16:34:35,858 [main] INFO  db.DBStoreBuilder (DBStoreBuilder.java:addTable(110)) - using custom profile for table: dTokenTable
2019-09-26 16:34:35,858 [main] INFO  db.DBStoreBuilder (DBStoreBuilder.java:processTables(161)) - Using default column profile:DBProfile.DISK for Table:dTokenTable
2019-09-26 16:34:35,858 [main] INFO  db.DBStoreBuilder (DBStoreBuilder.java:addTable(110)) - using custom profile for table: s3SecretTable
2019-09-26 16:34:35,859 [main] INFO  db.DBStoreBuilder (DBStoreBuilder.java:processTables(161)) - Using default column profile:DBProfile.DISK for Table:s3SecretTable
2019-09-26 16:34:35,859 [main] INFO  db.DBStoreBuilder (DBStoreBuilder.java:addTable(110)) - using custom profile for table: prefixTable
2019-09-26 16:34:35,859 [main] INFO  db.DBStoreBuilder (DBStoreBuilder.java:processTables(161)) - Using default column profile:DBProfile.DISK for Table:prefixTable
2019-09-26 16:34:35,859 [main] INFO  db.DBStoreBuilder (DBStoreBuilder.java:addTable(110)) - using custom profile for table: default
2019-09-26 16:34:35,860 [main] INFO  db.DBStoreBuilder (DBStoreBuilder.java:processTables(167)) - Using default column profile:DBProfile.DISK for Table:default
2019-09-26 16:34:35,860 [main] INFO  db.DBStoreBuilder (DBStoreBuilder.java:getDbProfile(198)) - Using default options. DBProfile.DISK
2019-09-26 16:34:36,397 [main] INFO  ipc.CallQueueManager (CallQueueManager.java:<init>(84)) - Using callQueue: class java.util.concurrent.LinkedBlockingQueue, queueCapacity: 2000, scheduler: class org.apache.hadoop.ipc.DefaultRpcScheduler, ipcBackoff: false.
2019-09-26 16:34:36,399 [Socket Reader #1 for port 35586] INFO  ipc.Server (Server.java:run(1074)) - Starting Socket Reader #1 for port 35586
2019-09-26 16:34:36,422 [main] INFO  om.OzoneManager (OzoneManager.java:start(1069)) - OzoneManager RPC server is listening at localhost/127.0.0.1:35586
2019-09-26 16:34:36,423 [main] INFO  impl.MetricsSystemImpl (MetricsSystemImpl.java:init(158)) - OzoneManager metrics system started (again)
2019-09-26 16:34:36,425 [IPC Server Responder] INFO  ipc.Server (Server.java:run(1314)) - IPC Server Responder: starting
2019-09-26 16:34:36,426 [IPC Server listener on 35586] INFO  ipc.Server (Server.java:run(1153)) - IPC Server listener on 35586: starting
2019-09-26 16:34:36,438 [main] INFO  hdfs.DFSUtil (DFSUtil.java:httpServerTemplateForNNAndJN(1641)) - Starting Web-server for ozoneManager at: http://0.0.0.0:0
2019-09-26 16:34:36,440 [main] INFO  server.AuthenticationFilter (AuthenticationFilter.java:constructSecretProvider(240)) - Unable to initialize FileSignerSecretProvider, falling back to use random secrets.
2019-09-26 16:34:36,440 [main] WARN  http.HttpRequestLog (HttpRequestLog.java:getRequestLog(97)) - Jetty request log can only be enabled using Log4j
2019-09-26 16:34:36,444 [main] INFO  http.HttpServer2 (HttpServer2.java:addGlobalFilter(975)) - Added global filter 'safety' (class=org.apache.hadoop.http.HttpServer2$QuotingInputFilter)
2019-09-26 16:34:36,445 [main] INFO  http.HttpServer2 (HttpServer2.java:addFilter(948)) - Added filter static_user_filter (class=org.apache.hadoop.http.lib.StaticUserWebFilter$StaticUserFilter) to context ozoneManager
2019-09-26 16:34:36,445 [main] INFO  http.HttpServer2 (HttpServer2.java:addFilter(958)) - Added filter static_user_filter (class=org.apache.hadoop.http.lib.StaticUserWebFilter$StaticUserFilter) to context logs
2019-09-26 16:34:36,445 [main] INFO  http.HttpServer2 (HttpServer2.java:addFilter(958)) - Added filter static_user_filter (class=org.apache.hadoop.http.lib.StaticUserWebFilter$StaticUserFilter) to context static
2019-09-26 16:34:36,448 [main] INFO  http.HttpServer2 (HttpServer2.java:bindListener(1191)) - Jetty bound to port 44163
2019-09-26 16:34:36,448 [main] INFO  server.Server (Server.java:doStart(351)) - jetty-9.3.25.v20180904, build timestamp: 2018-09-04T21:11:46Z, git hash: 3ce520221d0240229c862b122d2b06c12a625732
2019-09-26 16:34:36,450 [main] INFO  handler.ContextHandler (ContextHandler.java:doStart(781)) - Started o.e.j.s.ServletContextHandler@49aa766b{/logs,file:///workdir/hadoop-ozone/integration-test/target/log,AVAILABLE}
2019-09-26 16:34:36,451 [main] INFO  handler.ContextHandler (ContextHandler.java:doStart(781)) - Started o.e.j.s.ServletContextHandler@65004ff6{/static,file:///workdir/hadoop-ozone/integration-test/target/test-classes/webapps/static,AVAILABLE}
2019-09-26 16:34:36,457 [main] INFO  handler.ContextHandler (ContextHandler.java:doStart(781)) - Started o.e.j.w.WebAppContext@4158debd{/,file:///workdir/hadoop-ozone/integration-test/target/test-classes/webapps/ozoneManager/,AVAILABLE}{/ozoneManager}
2019-09-26 16:34:36,457 [main] INFO  server.AbstractConnector (AbstractConnector.java:doStart(278)) - Started ServerConnector@af78c87{HTTP/1.1,[http/1.1]}{0.0.0.0:44163}
2019-09-26 16:34:36,458 [main] INFO  server.Server (Server.java:doStart(419)) - Started @4308ms
2019-09-26 16:34:36,459 [main] WARN  impl.MetricsSystemImpl (MetricsSystemImpl.java:register(276)) - Sink prometheus already exists!
2019-09-26 16:34:36,460 [main] INFO  server.BaseHttpServer (BaseHttpServer.java:updateConnectorAddress(215)) - HTTP server of OZONEMANAGER is listening at http://0.0.0.0:44163
2019-09-26 16:34:36,844 [main] INFO  impl.MetricsSystemImpl (MetricsSystemImpl.java:init(158)) - HddsDatanode metrics system started (again)
2019-09-26 16:34:36,892 [main] INFO  ozone.HddsDatanodeService (HddsDatanodeService.java:start(184)) - HddsDatanodeService host:pr-hdds-2162-htzpk-1451759861 ip:192.168.157.234
2019-09-26 16:34:36,925 [main] INFO  volume.HddsVolume (HddsVolume.java:<init>(176)) - Creating Volume: /workdir/hadoop-ozone/integration-test/target/test-dir/MiniOzoneClusterImpl-b5ca4ec9-472d-464d-82c8-bb75eaf95e3a/datanode-0/data/containers/hdds of  storage type : DISK and capacity : 1482555576320
2019-09-26 16:34:36,927 [main] INFO  volume.VolumeSet (VolumeSet.java:initializeVolumeSet(170)) - Added Volume : /workdir/hadoop-ozone/integration-test/target/test-dir/MiniOzoneClusterImpl-b5ca4ec9-472d-464d-82c8-bb75eaf95e3a/datanode-0/data/containers/hdds to VolumeSet
2019-09-26 16:34:36,930 [main] INFO  volume.ThrottledAsyncChecker (ThrottledAsyncChecker.java:schedule(139)) - Scheduling a check for org.apache.hadoop.ozone.container.common.volume.HddsVolume@6aef4eb8
2019-09-26 16:34:36,948 [main] INFO  volume.HddsVolumeChecker (HddsVolumeChecker.java:checkAllVolumes(202)) - Scheduled health check for volume org.apache.hadoop.ozone.container.common.volume.HddsVolume@6aef4eb8
2019-09-26 16:34:37,051 [main] INFO  impl.RaftServerProxy (ConfUtils.java:logGet(43)) - raft.rpc.type = GRPC (default)
2019-09-26 16:34:37,120 [main] INFO  grpc.GrpcFactory (GrpcFactory.java:checkPooledByteBufAllocatorUseCacheForAllThreads(45)) - PERFORMANCE WARNING: useCacheForAllThreads is true that may cause Netty to create a lot garbage objects and, as a result, trigger GC.
	It is recommended to disable useCacheForAllThreads by setting -Dorg.apache.ratis.thirdparty.io.netty.allocator.useCacheForAllThreads=false in command line.
2019-09-26 16:34:37,125 [main] INFO  grpc.GrpcConfigKeys$Server (ConfUtils.java:logGet(43)) - raft.grpc.server.port = 0 (default)
2019-09-26 16:34:37,126 [main] INFO  server.GrpcService (ConfUtils.java:logGet(43)) - raft.grpc.message.size.max = 33570816 (custom)
2019-09-26 16:34:37,128 [main] INFO  server.RaftServerConfigKeys (ConfUtils.java:logGet(43)) - raft.server.log.appender.buffer.byte-limit = 33554432 (custom)
2019-09-26 16:34:37,128 [main] INFO  server.GrpcService (ConfUtils.java:logGet(43)) - raft.grpc.flow.control.window = 1MB (=1048576) (default)
2019-09-26 16:34:37,129 [main] INFO  server.RaftServerConfigKeys (ConfUtils.java:logGet(43)) - raft.server.rpc.request.timeout = 3000ms (default)
2019-09-26 16:34:37,317 [main] INFO  server.RaftServerConfigKeys (ConfUtils.java:logGet(43)) - raft.server.storage.dir = [/workdir/hadoop-ozone/integration-test/target/test-dir/MiniOzoneClusterImpl-b5ca4ec9-472d-464d-82c8-bb75eaf95e3a/datanode-0/data/ratis] (custom)
2019-09-26 16:34:37,401 [main] INFO  hdfs.DFSUtil (DFSUtil.java:httpServerTemplateForNNAndJN(1641)) - Starting Web-server for hddsDatanode at: http://0.0.0.0:0
2019-09-26 16:34:37,405 [main] INFO  server.AuthenticationFilter (AuthenticationFilter.java:constructSecretProvider(240)) - Unable to initialize FileSignerSecretProvider, falling back to use random secrets.
2019-09-26 16:34:37,406 [main] WARN  http.HttpRequestLog (HttpRequestLog.java:getRequestLog(97)) - Jetty request log can only be enabled using Log4j
2019-09-26 16:34:37,410 [main] INFO  http.HttpServer2 (HttpServer2.java:addGlobalFilter(975)) - Added global filter 'safety' (class=org.apache.hadoop.http.HttpServer2$QuotingInputFilter)
2019-09-26 16:34:37,411 [main] INFO  http.HttpServer2 (HttpServer2.java:addFilter(948)) - Added filter static_user_filter (class=org.apache.hadoop.http.lib.StaticUserWebFilter$StaticUserFilter) to context hddsDatanode
2019-09-26 16:34:37,412 [main] INFO  http.HttpServer2 (HttpServer2.java:addFilter(958)) - Added filter static_user_filter (class=org.apache.hadoop.http.lib.StaticUserWebFilter$StaticUserFilter) to context static
2019-09-26 16:34:37,412 [main] INFO  http.HttpServer2 (HttpServer2.java:addFilter(958)) - Added filter static_user_filter (class=org.apache.hadoop.http.lib.StaticUserWebFilter$StaticUserFilter) to context logs
2019-09-26 16:34:37,414 [main] INFO  http.HttpServer2 (HttpServer2.java:bindListener(1191)) - Jetty bound to port 36847
2019-09-26 16:34:37,415 [main] INFO  server.Server (Server.java:doStart(351)) - jetty-9.3.25.v20180904, build timestamp: 2018-09-04T21:11:46Z, git hash: 3ce520221d0240229c862b122d2b06c12a625732
2019-09-26 16:34:37,418 [main] INFO  handler.ContextHandler (ContextHandler.java:doStart(781)) - Started o.e.j.s.ServletContextHandler@d109c4f{/logs,file:///workdir/hadoop-ozone/integration-test/target/log,AVAILABLE}
2019-09-26 16:34:37,419 [main] INFO  handler.ContextHandler (ContextHandler.java:doStart(781)) - Started o.e.j.s.ServletContextHandler@26f46fa6{/static,jar:file:/home/user/.m2/repository/org/apache/hadoop/hadoop-hdds-container-service/0.5.0-SNAPSHOT/hadoop-hdds-container-service-0.5.0-SNAPSHOT.jar!/webapps/static,AVAILABLE}
2019-09-26 16:34:37,478 [main] INFO  handler.ContextHandler (ContextHandler.java:doStart(781)) - Started o.e.j.w.WebAppContext@3e33d73e{/,file:///tmp/jetty-0.0.0.0-36847-hddsDatanode-_-any-6810857851888802511.dir/webapp/,AVAILABLE}{/hddsDatanode}
2019-09-26 16:34:37,479 [main] INFO  server.AbstractConnector (AbstractConnector.java:doStart(278)) - Started ServerConnector@6981f8f3{HTTP/1.1,[http/1.1]}{0.0.0.0:36847}
2019-09-26 16:34:37,484 [main] INFO  server.Server (Server.java:doStart(419)) - Started @5334ms
2019-09-26 16:34:37,484 [main] WARN  impl.MetricsSystemImpl (MetricsSystemImpl.java:register(276)) - Sink prometheus already exists!
2019-09-26 16:34:37,486 [main] INFO  server.BaseHttpServer (BaseHttpServer.java:updateConnectorAddress(215)) - HTTP server of HDDSDATANODE is listening at http://0.0.0.0:36847
2019-09-26 16:34:37,487 [main] INFO  impl.MetricsSystemImpl (MetricsSystemImpl.java:init(158)) - HddsDatanode metrics system started (again)
2019-09-26 16:34:37,494 [main] INFO  ozone.HddsDatanodeService (HddsDatanodeService.java:start(184)) - HddsDatanodeService host:pr-hdds-2162-htzpk-1451759861 ip:192.168.157.234
2019-09-26 16:34:37,495 [org.apache.hadoop.util.JvmPauseMonitor$Monitor@777f6e07] INFO  util.JvmPauseMonitor (JvmPauseMonitor.java:run(188)) - Starting JVM pause monitor
2019-09-26 16:34:37,509 [main] INFO  volume.HddsVolume (HddsVolume.java:<init>(176)) - Creating Volume: /workdir/hadoop-ozone/integration-test/target/test-dir/MiniOzoneClusterImpl-b5ca4ec9-472d-464d-82c8-bb75eaf95e3a/datanode-1/data/containers/hdds of  storage type : DISK and capacity : 1482555576320
2019-09-26 16:34:37,510 [main] INFO  volume.VolumeSet (VolumeSet.java:initializeVolumeSet(170)) - Added Volume : /workdir/hadoop-ozone/integration-test/target/test-dir/MiniOzoneClusterImpl-b5ca4ec9-472d-464d-82c8-bb75eaf95e3a/datanode-1/data/containers/hdds to VolumeSet
2019-09-26 16:34:37,511 [main] INFO  volume.ThrottledAsyncChecker (ThrottledAsyncChecker.java:schedule(139)) - Scheduling a check for org.apache.hadoop.ozone.container.common.volume.HddsVolume@4b6e1c0
2019-09-26 16:34:37,512 [main] INFO  volume.HddsVolumeChecker (HddsVolumeChecker.java:checkAllVolumes(202)) - Scheduled health check for volume org.apache.hadoop.ozone.container.common.volume.HddsVolume@4b6e1c0
2019-09-26 16:34:37,532 [main] INFO  impl.RaftServerProxy (ConfUtils.java:logGet(43)) - raft.rpc.type = GRPC (default)
2019-09-26 16:34:37,532 [main] INFO  grpc.GrpcFactory (GrpcFactory.java:checkPooledByteBufAllocatorUseCacheForAllThreads(45)) - PERFORMANCE WARNING: useCacheForAllThreads is true that may cause Netty to create a lot garbage objects and, as a result, trigger GC.
	It is recommended to disable useCacheForAllThreads by setting -Dorg.apache.ratis.thirdparty.io.netty.allocator.useCacheForAllThreads=false in command line.
2019-09-26 16:34:37,533 [main] INFO  grpc.GrpcConfigKeys$Server (ConfUtils.java:logGet(43)) - raft.grpc.server.port = 0 (default)
2019-09-26 16:34:37,533 [main] INFO  server.GrpcService (ConfUtils.java:logGet(43)) - raft.grpc.message.size.max = 33570816 (custom)
2019-09-26 16:34:37,533 [main] INFO  server.RaftServerConfigKeys (ConfUtils.java:logGet(43)) - raft.server.log.appender.buffer.byte-limit = 33554432 (custom)
2019-09-26 16:34:37,534 [main] INFO  server.GrpcService (ConfUtils.java:logGet(43)) - raft.grpc.flow.control.window = 1MB (=1048576) (default)
2019-09-26 16:34:37,534 [main] INFO  server.RaftServerConfigKeys (ConfUtils.java:logGet(43)) - raft.server.rpc.request.timeout = 3000ms (default)
2019-09-26 16:34:37,535 [main] INFO  server.RaftServerConfigKeys (ConfUtils.java:logGet(43)) - raft.server.storage.dir = [/workdir/hadoop-ozone/integration-test/target/test-dir/MiniOzoneClusterImpl-b5ca4ec9-472d-464d-82c8-bb75eaf95e3a/datanode-1/data/ratis] (custom)
2019-09-26 16:34:37,537 [main] INFO  hdfs.DFSUtil (DFSUtil.java:httpServerTemplateForNNAndJN(1641)) - Starting Web-server for hddsDatanode at: http://0.0.0.0:0
2019-09-26 16:34:37,539 [main] INFO  server.AuthenticationFilter (AuthenticationFilter.java:constructSecretProvider(240)) - Unable to initialize FileSignerSecretProvider, falling back to use random secrets.
2019-09-26 16:34:37,540 [main] WARN  http.HttpRequestLog (HttpRequestLog.java:getRequestLog(97)) - Jetty request log can only be enabled using Log4j
2019-09-26 16:34:37,543 [main] INFO  http.HttpServer2 (HttpServer2.java:addGlobalFilter(975)) - Added global filter 'safety' (class=org.apache.hadoop.http.HttpServer2$QuotingInputFilter)
2019-09-26 16:34:37,543 [main] INFO  http.HttpServer2 (HttpServer2.java:addFilter(948)) - Added filter static_user_filter (class=org.apache.hadoop.http.lib.StaticUserWebFilter$StaticUserFilter) to context hddsDatanode
2019-09-26 16:34:37,544 [main] INFO  http.HttpServer2 (HttpServer2.java:addFilter(958)) - Added filter static_user_filter (class=org.apache.hadoop.http.lib.StaticUserWebFilter$StaticUserFilter) to context static
2019-09-26 16:34:37,544 [main] INFO  http.HttpServer2 (HttpServer2.java:addFilter(958)) - Added filter static_user_filter (class=org.apache.hadoop.http.lib.StaticUserWebFilter$StaticUserFilter) to context logs
2019-09-26 16:34:37,545 [main] INFO  http.HttpServer2 (HttpServer2.java:bindListener(1191)) - Jetty bound to port 43444
2019-09-26 16:34:37,545 [main] INFO  server.Server (Server.java:doStart(351)) - jetty-9.3.25.v20180904, build timestamp: 2018-09-04T21:11:46Z, git hash: 3ce520221d0240229c862b122d2b06c12a625732
2019-09-26 16:34:37,550 [main] INFO  handler.ContextHandler (ContextHandler.java:doStart(781)) - Started o.e.j.s.ServletContextHandler@5679e96b{/logs,file:///workdir/hadoop-ozone/integration-test/target/log,AVAILABLE}
2019-09-26 16:34:37,551 [main] INFO  handler.ContextHandler (ContextHandler.java:doStart(781)) - Started o.e.j.s.ServletContextHandler@3bbf841e{/static,jar:file:/home/user/.m2/repository/org/apache/hadoop/hadoop-hdds-container-service/0.5.0-SNAPSHOT/hadoop-hdds-container-service-0.5.0-SNAPSHOT.jar!/webapps/static,AVAILABLE}
2019-09-26 16:34:37,586 [main] INFO  handler.ContextHandler (ContextHandler.java:doStart(781)) - Started o.e.j.w.WebAppContext@5b5e7036{/,file:///tmp/jetty-0.0.0.0-43444-hddsDatanode-_-any-8011863857377550018.dir/webapp/,AVAILABLE}{/hddsDatanode}
2019-09-26 16:34:37,586 [main] INFO  server.AbstractConnector (AbstractConnector.java:doStart(278)) - Started ServerConnector@62dbe64e{HTTP/1.1,[http/1.1]}{0.0.0.0:43444}
2019-09-26 16:34:37,587 [main] INFO  server.Server (Server.java:doStart(419)) - Started @5437ms
2019-09-26 16:34:37,588 [main] WARN  impl.MetricsSystemImpl (MetricsSystemImpl.java:register(276)) - Sink prometheus already exists!
2019-09-26 16:34:37,589 [main] INFO  server.BaseHttpServer (BaseHttpServer.java:updateConnectorAddress(215)) - HTTP server of HDDSDATANODE is listening at http://0.0.0.0:43444
2019-09-26 16:34:37,589 [main] INFO  impl.MetricsSystemImpl (MetricsSystemImpl.java:init(158)) - HddsDatanode metrics system started (again)
2019-09-26 16:34:37,593 [org.apache.hadoop.util.JvmPauseMonitor$Monitor@1f6b6470] INFO  util.JvmPauseMonitor (JvmPauseMonitor.java:run(188)) - Starting JVM pause monitor
2019-09-26 16:34:37,593 [main] INFO  ozone.HddsDatanodeService (HddsDatanodeService.java:start(184)) - HddsDatanodeService host:pr-hdds-2162-htzpk-1451759861 ip:192.168.157.234
2019-09-26 16:34:37,603 [main] INFO  volume.HddsVolume (HddsVolume.java:<init>(176)) - Creating Volume: /workdir/hadoop-ozone/integration-test/target/test-dir/MiniOzoneClusterImpl-b5ca4ec9-472d-464d-82c8-bb75eaf95e3a/datanode-2/data/containers/hdds of  storage type : DISK and capacity : 1482555576320
2019-09-26 16:34:37,603 [main] INFO  volume.VolumeSet (VolumeSet.java:initializeVolumeSet(170)) - Added Volume : /workdir/hadoop-ozone/integration-test/target/test-dir/MiniOzoneClusterImpl-b5ca4ec9-472d-464d-82c8-bb75eaf95e3a/datanode-2/data/containers/hdds to VolumeSet
2019-09-26 16:34:37,604 [main] INFO  volume.ThrottledAsyncChecker (ThrottledAsyncChecker.java:schedule(139)) - Scheduling a check for org.apache.hadoop.ozone.container.common.volume.HddsVolume@c3edf4c
2019-09-26 16:34:37,604 [main] INFO  volume.HddsVolumeChecker (HddsVolumeChecker.java:checkAllVolumes(202)) - Scheduled health check for volume org.apache.hadoop.ozone.container.common.volume.HddsVolume@c3edf4c
2019-09-26 16:34:37,618 [main] INFO  impl.RaftServerProxy (ConfUtils.java:logGet(43)) - raft.rpc.type = GRPC (default)
2019-09-26 16:34:37,619 [main] INFO  grpc.GrpcFactory (GrpcFactory.java:checkPooledByteBufAllocatorUseCacheForAllThreads(45)) - PERFORMANCE WARNING: useCacheForAllThreads is true that may cause Netty to create a lot garbage objects and, as a result, trigger GC.
	It is recommended to disable useCacheForAllThreads by setting -Dorg.apache.ratis.thirdparty.io.netty.allocator.useCacheForAllThreads=false in command line.
2019-09-26 16:34:37,619 [main] INFO  grpc.GrpcConfigKeys$Server (ConfUtils.java:logGet(43)) - raft.grpc.server.port = 0 (default)
2019-09-26 16:34:37,619 [main] INFO  server.GrpcService (ConfUtils.java:logGet(43)) - raft.grpc.message.size.max = 33570816 (custom)
2019-09-26 16:34:37,619 [main] INFO  server.RaftServerConfigKeys (ConfUtils.java:logGet(43)) - raft.server.log.appender.buffer.byte-limit = 33554432 (custom)
2019-09-26 16:34:37,620 [main] INFO  server.GrpcService (ConfUtils.java:logGet(43)) - raft.grpc.flow.control.window = 1MB (=1048576) (default)
2019-09-26 16:34:37,620 [main] INFO  server.RaftServerConfigKeys (ConfUtils.java:logGet(43)) - raft.server.rpc.request.timeout = 3000ms (default)
2019-09-26 16:34:37,621 [main] INFO  server.RaftServerConfigKeys (ConfUtils.java:logGet(43)) - raft.server.storage.dir = [/workdir/hadoop-ozone/integration-test/target/test-dir/MiniOzoneClusterImpl-b5ca4ec9-472d-464d-82c8-bb75eaf95e3a/datanode-2/data/ratis] (custom)
2019-09-26 16:34:37,623 [main] INFO  hdfs.DFSUtil (DFSUtil.java:httpServerTemplateForNNAndJN(1641)) - Starting Web-server for hddsDatanode at: http://0.0.0.0:0
2019-09-26 16:34:37,624 [main] INFO  server.AuthenticationFilter (AuthenticationFilter.java:constructSecretProvider(240)) - Unable to initialize FileSignerSecretProvider, falling back to use random secrets.
2019-09-26 16:34:37,625 [main] WARN  http.HttpRequestLog (HttpRequestLog.java:getRequestLog(97)) - Jetty request log can only be enabled using Log4j
2019-09-26 16:34:37,626 [main] INFO  http.HttpServer2 (HttpServer2.java:addGlobalFilter(975)) - Added global filter 'safety' (class=org.apache.hadoop.http.HttpServer2$QuotingInputFilter)
2019-09-26 16:34:37,627 [main] INFO  http.HttpServer2 (HttpServer2.java:addFilter(948)) - Added filter static_user_filter (class=org.apache.hadoop.http.lib.StaticUserWebFilter$StaticUserFilter) to context hddsDatanode
2019-09-26 16:34:37,627 [main] INFO  http.HttpServer2 (HttpServer2.java:addFilter(958)) - Added filter static_user_filter (class=org.apache.hadoop.http.lib.StaticUserWebFilter$StaticUserFilter) to context logs
2019-09-26 16:34:37,627 [main] INFO  http.HttpServer2 (HttpServer2.java:addFilter(958)) - Added filter static_user_filter (class=org.apache.hadoop.http.lib.StaticUserWebFilter$StaticUserFilter) to context static
2019-09-26 16:34:37,628 [main] INFO  http.HttpServer2 (HttpServer2.java:bindListener(1191)) - Jetty bound to port 33598
2019-09-26 16:34:37,628 [main] INFO  server.Server (Server.java:doStart(351)) - jetty-9.3.25.v20180904, build timestamp: 2018-09-04T21:11:46Z, git hash: 3ce520221d0240229c862b122d2b06c12a625732
2019-09-26 16:34:37,631 [main] INFO  handler.ContextHandler (ContextHandler.java:doStart(781)) - Started o.e.j.s.ServletContextHandler@1cd3b138{/logs,file:///workdir/hadoop-ozone/integration-test/target/log,AVAILABLE}
2019-09-26 16:34:37,631 [main] INFO  handler.ContextHandler (ContextHandler.java:doStart(781)) - Started o.e.j.s.ServletContextHandler@5a6d30e2{/static,jar:file:/home/user/.m2/repository/org/apache/hadoop/hadoop-hdds-container-service/0.5.0-SNAPSHOT/hadoop-hdds-container-service-0.5.0-SNAPSHOT.jar!/webapps/static,AVAILABLE}
2019-09-26 16:34:37,651 [Datanode State Machine Thread - 0] INFO  datanode.InitDatanodeState (InitDatanodeState.java:persistContainerDatanodeDetails(140)) - DatanodeDetails is persisted to /workdir/hadoop-ozone/integration-test/target/test-dir/MiniOzoneClusterImpl-b5ca4ec9-472d-464d-82c8-bb75eaf95e3a/datanode-0/meta/datanode.id
2019-09-26 16:34:37,656 [Datanode State Machine Thread - 0] INFO  datanode.InitDatanodeState (InitDatanodeState.java:persistContainerDatanodeDetails(140)) - DatanodeDetails is persisted to /workdir/hadoop-ozone/integration-test/target/test-dir/MiniOzoneClusterImpl-b5ca4ec9-472d-464d-82c8-bb75eaf95e3a/datanode-1/meta/datanode.id
2019-09-26 16:34:37,664 [main] INFO  handler.ContextHandler (ContextHandler.java:doStart(781)) - Started o.e.j.w.WebAppContext@6342d610{/,file:///tmp/jetty-0.0.0.0-33598-hddsDatanode-_-any-6247779449031744601.dir/webapp/,AVAILABLE}{/hddsDatanode}
2019-09-26 16:34:37,665 [main] INFO  server.AbstractConnector (AbstractConnector.java:doStart(278)) - Started ServerConnector@dc4a691{HTTP/1.1,[http/1.1]}{0.0.0.0:33598}
2019-09-26 16:34:37,666 [main] INFO  server.Server (Server.java:doStart(419)) - Started @5516ms
2019-09-26 16:34:37,666 [main] WARN  impl.MetricsSystemImpl (MetricsSystemImpl.java:register(276)) - Sink prometheus already exists!
2019-09-26 16:34:37,667 [main] INFO  server.BaseHttpServer (BaseHttpServer.java:updateConnectorAddress(215)) - HTTP server of HDDSDATANODE is listening at http://0.0.0.0:33598
2019-09-26 16:34:37,668 [main] INFO  impl.MetricsSystemImpl (MetricsSystemImpl.java:init(158)) - HddsDatanode metrics system started (again)
2019-09-26 16:34:37,671 [main] INFO  ozone.HddsDatanodeService (HddsDatanodeService.java:start(184)) - HddsDatanodeService host:pr-hdds-2162-htzpk-1451759861 ip:192.168.157.234
2019-09-26 16:34:37,671 [org.apache.hadoop.util.JvmPauseMonitor$Monitor@3c019e61] INFO  util.JvmPauseMonitor (JvmPauseMonitor.java:run(188)) - Starting JVM pause monitor
2019-09-26 16:34:37,675 [Datanode State Machine Thread - 0] INFO  datanode.InitDatanodeState (InitDatanodeState.java:persistContainerDatanodeDetails(140)) - DatanodeDetails is persisted to /workdir/hadoop-ozone/integration-test/target/test-dir/MiniOzoneClusterImpl-b5ca4ec9-472d-464d-82c8-bb75eaf95e3a/datanode-2/meta/datanode.id
2019-09-26 16:34:37,680 [main] INFO  volume.HddsVolume (HddsVolume.java:<init>(176)) - Creating Volume: /workdir/hadoop-ozone/integration-test/target/test-dir/MiniOzoneClusterImpl-b5ca4ec9-472d-464d-82c8-bb75eaf95e3a/datanode-3/data/containers/hdds of  storage type : DISK and capacity : 1482555576320
2019-09-26 16:34:37,680 [main] INFO  volume.VolumeSet (VolumeSet.java:initializeVolumeSet(170)) - Added Volume : /workdir/hadoop-ozone/integration-test/target/test-dir/MiniOzoneClusterImpl-b5ca4ec9-472d-464d-82c8-bb75eaf95e3a/datanode-3/data/containers/hdds to VolumeSet
2019-09-26 16:34:37,681 [main] INFO  volume.ThrottledAsyncChecker (ThrottledAsyncChecker.java:schedule(139)) - Scheduling a check for org.apache.hadoop.ozone.container.common.volume.HddsVolume@3cd9aa64
2019-09-26 16:34:37,681 [main] INFO  volume.HddsVolumeChecker (HddsVolumeChecker.java:checkAllVolumes(202)) - Scheduled health check for volume org.apache.hadoop.ozone.container.common.volume.HddsVolume@3cd9aa64
2019-09-26 16:34:37,694 [main] INFO  impl.RaftServerProxy (ConfUtils.java:logGet(43)) - raft.rpc.type = GRPC (default)
2019-09-26 16:34:37,695 [main] INFO  grpc.GrpcFactory (GrpcFactory.java:checkPooledByteBufAllocatorUseCacheForAllThreads(45)) - PERFORMANCE WARNING: useCacheForAllThreads is true that may cause Netty to create a lot garbage objects and, as a result, trigger GC.
	It is recommended to disable useCacheForAllThreads by setting -Dorg.apache.ratis.thirdparty.io.netty.allocator.useCacheForAllThreads=false in command line.
2019-09-26 16:34:37,695 [main] INFO  grpc.GrpcConfigKeys$Server (ConfUtils.java:logGet(43)) - raft.grpc.server.port = 0 (default)
2019-09-26 16:34:37,695 [main] INFO  server.GrpcService (ConfUtils.java:logGet(43)) - raft.grpc.message.size.max = 33570816 (custom)
2019-09-26 16:34:37,695 [main] INFO  server.RaftServerConfigKeys (ConfUtils.java:logGet(43)) - raft.server.log.appender.buffer.byte-limit = 33554432 (custom)
2019-09-26 16:34:37,696 [main] INFO  server.GrpcService (ConfUtils.java:logGet(43)) - raft.grpc.flow.control.window = 1MB (=1048576) (default)
2019-09-26 16:34:37,696 [main] INFO  server.RaftServerConfigKeys (ConfUtils.java:logGet(43)) - raft.server.rpc.request.timeout = 3000ms (default)
2019-09-26 16:34:37,696 [main] INFO  server.RaftServerConfigKeys (ConfUtils.java:logGet(43)) - raft.server.storage.dir = [/workdir/hadoop-ozone/integration-test/target/test-dir/MiniOzoneClusterImpl-b5ca4ec9-472d-464d-82c8-bb75eaf95e3a/datanode-3/data/ratis] (custom)
2019-09-26 16:34:37,698 [main] INFO  hdfs.DFSUtil (DFSUtil.java:httpServerTemplateForNNAndJN(1641)) - Starting Web-server for hddsDatanode at: http://0.0.0.0:0
2019-09-26 16:34:37,699 [main] INFO  server.AuthenticationFilter (AuthenticationFilter.java:constructSecretProvider(240)) - Unable to initialize FileSignerSecretProvider, falling back to use random secrets.
2019-09-26 16:34:37,700 [main] WARN  http.HttpRequestLog (HttpRequestLog.java:getRequestLog(97)) - Jetty request log can only be enabled using Log4j
2019-09-26 16:34:37,705 [main] INFO  http.HttpServer2 (HttpServer2.java:addGlobalFilter(975)) - Added global filter 'safety' (class=org.apache.hadoop.http.HttpServer2$QuotingInputFilter)
2019-09-26 16:34:37,705 [main] INFO  http.HttpServer2 (HttpServer2.java:addFilter(948)) - Added filter static_user_filter (class=org.apache.hadoop.http.lib.StaticUserWebFilter$StaticUserFilter) to context hddsDatanode
2019-09-26 16:34:37,705 [main] INFO  http.HttpServer2 (HttpServer2.java:addFilter(958)) - Added filter static_user_filter (class=org.apache.hadoop.http.lib.StaticUserWebFilter$StaticUserFilter) to context static
2019-09-26 16:34:37,706 [main] INFO  http.HttpServer2 (HttpServer2.java:addFilter(958)) - Added filter static_user_filter (class=org.apache.hadoop.http.lib.StaticUserWebFilter$StaticUserFilter) to context logs
2019-09-26 16:34:37,706 [main] INFO  http.HttpServer2 (HttpServer2.java:bindListener(1191)) - Jetty bound to port 42682
2019-09-26 16:34:37,707 [main] INFO  server.Server (Server.java:doStart(351)) - jetty-9.3.25.v20180904, build timestamp: 2018-09-04T21:11:46Z, git hash: 3ce520221d0240229c862b122d2b06c12a625732
2019-09-26 16:34:37,713 [main] INFO  handler.ContextHandler (ContextHandler.java:doStart(781)) - Started o.e.j.s.ServletContextHandler@642f9a77{/logs,file:///workdir/hadoop-ozone/integration-test/target/log,AVAILABLE}
2019-09-26 16:34:37,714 [main] INFO  handler.ContextHandler (ContextHandler.java:doStart(781)) - Started o.e.j.s.ServletContextHandler@5634d0f4{/static,jar:file:/home/user/.m2/repository/org/apache/hadoop/hadoop-hdds-container-service/0.5.0-SNAPSHOT/hadoop-hdds-container-service-0.5.0-SNAPSHOT.jar!/webapps/static,AVAILABLE}
2019-09-26 16:34:37,743 [main] INFO  handler.ContextHandler (ContextHandler.java:doStart(781)) - Started o.e.j.w.WebAppContext@73844119{/,file:///tmp/jetty-0.0.0.0-42682-hddsDatanode-_-any-5754784593996151200.dir/webapp/,AVAILABLE}{/hddsDatanode}
2019-09-26 16:34:37,743 [main] INFO  server.AbstractConnector (AbstractConnector.java:doStart(278)) - Started ServerConnector@44f24a20{HTTP/1.1,[http/1.1]}{0.0.0.0:42682}
2019-09-26 16:34:37,745 [main] INFO  server.Server (Server.java:doStart(419)) - Started @5595ms
2019-09-26 16:34:37,746 [main] WARN  impl.MetricsSystemImpl (MetricsSystemImpl.java:register(276)) - Sink prometheus already exists!
2019-09-26 16:34:37,747 [main] INFO  server.BaseHttpServer (BaseHttpServer.java:updateConnectorAddress(215)) - HTTP server of HDDSDATANODE is listening at http://0.0.0.0:42682
2019-09-26 16:34:37,747 [main] INFO  impl.MetricsSystemImpl (MetricsSystemImpl.java:init(158)) - HddsDatanode metrics system started (again)
2019-09-26 16:34:37,750 [org.apache.hadoop.util.JvmPauseMonitor$Monitor@7bc55e33] INFO  util.JvmPauseMonitor (JvmPauseMonitor.java:run(188)) - Starting JVM pause monitor
2019-09-26 16:34:37,751 [main] INFO  ozone.HddsDatanodeService (HddsDatanodeService.java:start(184)) - HddsDatanodeService host:pr-hdds-2162-htzpk-1451759861 ip:192.168.157.234
2019-09-26 16:34:37,754 [Datanode State Machine Thread - 0] INFO  datanode.InitDatanodeState (InitDatanodeState.java:persistContainerDatanodeDetails(140)) - DatanodeDetails is persisted to /workdir/hadoop-ozone/integration-test/target/test-dir/MiniOzoneClusterImpl-b5ca4ec9-472d-464d-82c8-bb75eaf95e3a/datanode-3/meta/datanode.id
2019-09-26 16:34:37,760 [main] INFO  volume.HddsVolume (HddsVolume.java:<init>(176)) - Creating Volume: /workdir/hadoop-ozone/integration-test/target/test-dir/MiniOzoneClusterImpl-b5ca4ec9-472d-464d-82c8-bb75eaf95e3a/datanode-4/data/containers/hdds of  storage type : DISK and capacity : 1482555576320
2019-09-26 16:34:37,760 [main] INFO  volume.VolumeSet (VolumeSet.java:initializeVolumeSet(170)) - Added Volume : /workdir/hadoop-ozone/integration-test/target/test-dir/MiniOzoneClusterImpl-b5ca4ec9-472d-464d-82c8-bb75eaf95e3a/datanode-4/data/containers/hdds to VolumeSet
2019-09-26 16:34:37,761 [main] INFO  volume.ThrottledAsyncChecker (ThrottledAsyncChecker.java:schedule(139)) - Scheduling a check for org.apache.hadoop.ozone.container.common.volume.HddsVolume@7b948f3e
2019-09-26 16:34:37,761 [main] INFO  volume.HddsVolumeChecker (HddsVolumeChecker.java:checkAllVolumes(202)) - Scheduled health check for volume org.apache.hadoop.ozone.container.common.volume.HddsVolume@7b948f3e
2019-09-26 16:34:37,775 [main] INFO  impl.RaftServerProxy (ConfUtils.java:logGet(43)) - raft.rpc.type = GRPC (default)
2019-09-26 16:34:37,776 [main] INFO  grpc.GrpcFactory (GrpcFactory.java:checkPooledByteBufAllocatorUseCacheForAllThreads(45)) - PERFORMANCE WARNING: useCacheForAllThreads is true that may cause Netty to create a lot garbage objects and, as a result, trigger GC.
	It is recommended to disable useCacheForAllThreads by setting -Dorg.apache.ratis.thirdparty.io.netty.allocator.useCacheForAllThreads=false in command line.
2019-09-26 16:34:37,776 [main] INFO  grpc.GrpcConfigKeys$Server (ConfUtils.java:logGet(43)) - raft.grpc.server.port = 0 (default)
2019-09-26 16:34:37,776 [main] INFO  server.GrpcService (ConfUtils.java:logGet(43)) - raft.grpc.message.size.max = 33570816 (custom)
2019-09-26 16:34:37,776 [main] INFO  server.RaftServerConfigKeys (ConfUtils.java:logGet(43)) - raft.server.log.appender.buffer.byte-limit = 33554432 (custom)
2019-09-26 16:34:37,777 [main] INFO  server.GrpcService (ConfUtils.java:logGet(43)) - raft.grpc.flow.control.window = 1MB (=1048576) (default)
2019-09-26 16:34:37,777 [main] INFO  server.RaftServerConfigKeys (ConfUtils.java:logGet(43)) - raft.server.rpc.request.timeout = 3000ms (default)
2019-09-26 16:34:37,778 [main] INFO  server.RaftServerConfigKeys (ConfUtils.java:logGet(43)) - raft.server.storage.dir = [/workdir/hadoop-ozone/integration-test/target/test-dir/MiniOzoneClusterImpl-b5ca4ec9-472d-464d-82c8-bb75eaf95e3a/datanode-4/data/ratis] (custom)
2019-09-26 16:34:37,779 [main] INFO  hdfs.DFSUtil (DFSUtil.java:httpServerTemplateForNNAndJN(1641)) - Starting Web-server for hddsDatanode at: http://0.0.0.0:0
2019-09-26 16:34:37,781 [main] INFO  server.AuthenticationFilter (AuthenticationFilter.java:constructSecretProvider(240)) - Unable to initialize FileSignerSecretProvider, falling back to use random secrets.
2019-09-26 16:34:37,781 [main] WARN  http.HttpRequestLog (HttpRequestLog.java:getRequestLog(97)) - Jetty request log can only be enabled using Log4j
2019-09-26 16:34:37,783 [main] INFO  http.HttpServer2 (HttpServer2.java:addGlobalFilter(975)) - Added global filter 'safety' (class=org.apache.hadoop.http.HttpServer2$QuotingInputFilter)
2019-09-26 16:34:37,784 [main] INFO  http.HttpServer2 (HttpServer2.java:addFilter(948)) - Added filter static_user_filter (class=org.apache.hadoop.http.lib.StaticUserWebFilter$StaticUserFilter) to context hddsDatanode
2019-09-26 16:34:37,784 [main] INFO  http.HttpServer2 (HttpServer2.java:addFilter(958)) - Added filter static_user_filter (class=org.apache.hadoop.http.lib.StaticUserWebFilter$StaticUserFilter) to context static
2019-09-26 16:34:37,784 [main] INFO  http.HttpServer2 (HttpServer2.java:addFilter(958)) - Added filter static_user_filter (class=org.apache.hadoop.http.lib.StaticUserWebFilter$StaticUserFilter) to context logs
2019-09-26 16:34:37,785 [main] INFO  http.HttpServer2 (HttpServer2.java:bindListener(1191)) - Jetty bound to port 38624
2019-09-26 16:34:37,785 [main] INFO  server.Server (Server.java:doStart(351)) - jetty-9.3.25.v20180904, build timestamp: 2018-09-04T21:11:46Z, git hash: 3ce520221d0240229c862b122d2b06c12a625732
2019-09-26 16:34:37,787 [main] INFO  handler.ContextHandler (ContextHandler.java:doStart(781)) - Started o.e.j.s.ServletContextHandler@60c8a093{/logs,file:///workdir/hadoop-ozone/integration-test/target/log,AVAILABLE}
2019-09-26 16:34:37,788 [main] INFO  handler.ContextHandler (ContextHandler.java:doStart(781)) - Started o.e.j.s.ServletContextHandler@2a369e14{/static,jar:file:/home/user/.m2/repository/org/apache/hadoop/hadoop-hdds-container-service/0.5.0-SNAPSHOT/hadoop-hdds-container-service-0.5.0-SNAPSHOT.jar!/webapps/static,AVAILABLE}
2019-09-26 16:34:37,816 [main] INFO  handler.ContextHandler (ContextHandler.java:doStart(781)) - Started o.e.j.w.WebAppContext@127a7272{/,file:///tmp/jetty-0.0.0.0-38624-hddsDatanode-_-any-7291396004015268483.dir/webapp/,AVAILABLE}{/hddsDatanode}
2019-09-26 16:34:37,818 [main] INFO  server.AbstractConnector (AbstractConnector.java:doStart(278)) - Started ServerConnector@ff23ae7{HTTP/1.1,[http/1.1]}{0.0.0.0:38624}
2019-09-26 16:34:37,821 [main] INFO  server.Server (Server.java:doStart(419)) - Started @5671ms
2019-09-26 16:34:37,821 [main] WARN  impl.MetricsSystemImpl (MetricsSystemImpl.java:register(276)) - Sink prometheus already exists!
2019-09-26 16:34:37,822 [main] INFO  server.BaseHttpServer (BaseHttpServer.java:updateConnectorAddress(215)) - HTTP server of HDDSDATANODE is listening at http://0.0.0.0:38624
2019-09-26 16:34:37,822 [main] INFO  impl.MetricsSystemImpl (MetricsSystemImpl.java:init(158)) - HddsDatanode metrics system started (again)
2019-09-26 16:34:37,826 [main] INFO  ozone.HddsDatanodeService (HddsDatanodeService.java:start(184)) - HddsDatanodeService host:pr-hdds-2162-htzpk-1451759861 ip:192.168.157.234
2019-09-26 16:34:37,826 [org.apache.hadoop.util.JvmPauseMonitor$Monitor@2f983af5] INFO  util.JvmPauseMonitor (JvmPauseMonitor.java:run(188)) - Starting JVM pause monitor
2019-09-26 16:34:37,829 [Datanode State Machine Thread - 0] INFO  datanode.InitDatanodeState (InitDatanodeState.java:persistContainerDatanodeDetails(140)) - DatanodeDetails is persisted to /workdir/hadoop-ozone/integration-test/target/test-dir/MiniOzoneClusterImpl-b5ca4ec9-472d-464d-82c8-bb75eaf95e3a/datanode-4/meta/datanode.id
2019-09-26 16:34:37,834 [main] INFO  volume.HddsVolume (HddsVolume.java:<init>(176)) - Creating Volume: /workdir/hadoop-ozone/integration-test/target/test-dir/MiniOzoneClusterImpl-b5ca4ec9-472d-464d-82c8-bb75eaf95e3a/datanode-5/data/containers/hdds of  storage type : DISK and capacity : 1482555576320
2019-09-26 16:34:37,835 [main] INFO  volume.VolumeSet (VolumeSet.java:initializeVolumeSet(170)) - Added Volume : /workdir/hadoop-ozone/integration-test/target/test-dir/MiniOzoneClusterImpl-b5ca4ec9-472d-464d-82c8-bb75eaf95e3a/datanode-5/data/containers/hdds to VolumeSet
2019-09-26 16:34:37,835 [main] INFO  volume.ThrottledAsyncChecker (ThrottledAsyncChecker.java:schedule(139)) - Scheduling a check for org.apache.hadoop.ozone.container.common.volume.HddsVolume@315f09ef
2019-09-26 16:34:37,836 [main] INFO  volume.HddsVolumeChecker (HddsVolumeChecker.java:checkAllVolumes(202)) - Scheduled health check for volume org.apache.hadoop.ozone.container.common.volume.HddsVolume@315f09ef
2019-09-26 16:34:37,863 [main] INFO  impl.RaftServerProxy (ConfUtils.java:logGet(43)) - raft.rpc.type = GRPC (default)
2019-09-26 16:34:37,864 [main] INFO  grpc.GrpcFactory (GrpcFactory.java:checkPooledByteBufAllocatorUseCacheForAllThreads(45)) - PERFORMANCE WARNING: useCacheForAllThreads is true that may cause Netty to create a lot garbage objects and, as a result, trigger GC.
	It is recommended to disable useCacheForAllThreads by setting -Dorg.apache.ratis.thirdparty.io.netty.allocator.useCacheForAllThreads=false in command line.
2019-09-26 16:34:37,864 [main] INFO  grpc.GrpcConfigKeys$Server (ConfUtils.java:logGet(43)) - raft.grpc.server.port = 0 (default)
2019-09-26 16:34:37,865 [main] INFO  server.GrpcService (ConfUtils.java:logGet(43)) - raft.grpc.message.size.max = 33570816 (custom)
2019-09-26 16:34:37,865 [main] INFO  server.RaftServerConfigKeys (ConfUtils.java:logGet(43)) - raft.server.log.appender.buffer.byte-limit = 33554432 (custom)
2019-09-26 16:34:37,865 [main] INFO  server.GrpcService (ConfUtils.java:logGet(43)) - raft.grpc.flow.control.window = 1MB (=1048576) (default)
2019-09-26 16:34:37,866 [main] INFO  server.RaftServerConfigKeys (ConfUtils.java:logGet(43)) - raft.server.rpc.request.timeout = 3000ms (default)
2019-09-26 16:34:37,867 [main] INFO  server.RaftServerConfigKeys (ConfUtils.java:logGet(43)) - raft.server.storage.dir = [/workdir/hadoop-ozone/integration-test/target/test-dir/MiniOzoneClusterImpl-b5ca4ec9-472d-464d-82c8-bb75eaf95e3a/datanode-5/data/ratis] (custom)
2019-09-26 16:34:37,869 [main] INFO  hdfs.DFSUtil (DFSUtil.java:httpServerTemplateForNNAndJN(1641)) - Starting Web-server for hddsDatanode at: http://0.0.0.0:0
2019-09-26 16:34:37,871 [main] INFO  server.AuthenticationFilter (AuthenticationFilter.java:constructSecretProvider(240)) - Unable to initialize FileSignerSecretProvider, falling back to use random secrets.
2019-09-26 16:34:37,871 [main] WARN  http.HttpRequestLog (HttpRequestLog.java:getRequestLog(97)) - Jetty request log can only be enabled using Log4j
2019-09-26 16:34:37,874 [main] INFO  http.HttpServer2 (HttpServer2.java:addGlobalFilter(975)) - Added global filter 'safety' (class=org.apache.hadoop.http.HttpServer2$QuotingInputFilter)
2019-09-26 16:34:37,874 [main] INFO  http.HttpServer2 (HttpServer2.java:addFilter(948)) - Added filter static_user_filter (class=org.apache.hadoop.http.lib.StaticUserWebFilter$StaticUserFilter) to context hddsDatanode
2019-09-26 16:34:37,875 [main] INFO  http.HttpServer2 (HttpServer2.java:addFilter(958)) - Added filter static_user_filter (class=org.apache.hadoop.http.lib.StaticUserWebFilter$StaticUserFilter) to context logs
2019-09-26 16:34:37,875 [main] INFO  http.HttpServer2 (HttpServer2.java:addFilter(958)) - Added filter static_user_filter (class=org.apache.hadoop.http.lib.StaticUserWebFilter$StaticUserFilter) to context static
2019-09-26 16:34:37,876 [main] INFO  http.HttpServer2 (HttpServer2.java:bindListener(1191)) - Jetty bound to port 38656
2019-09-26 16:34:37,876 [main] INFO  server.Server (Server.java:doStart(351)) - jetty-9.3.25.v20180904, build timestamp: 2018-09-04T21:11:46Z, git hash: 3ce520221d0240229c862b122d2b06c12a625732
2019-09-26 16:34:37,880 [main] INFO  handler.ContextHandler (ContextHandler.java:doStart(781)) - Started o.e.j.s.ServletContextHandler@74170687{/logs,file:///workdir/hadoop-ozone/integration-test/target/log,AVAILABLE}
2019-09-26 16:34:37,881 [main] INFO  handler.ContextHandler (ContextHandler.java:doStart(781)) - Started o.e.j.s.ServletContextHandler@3d96fa9e{/static,jar:file:/home/user/.m2/repository/org/apache/hadoop/hadoop-hdds-container-service/0.5.0-SNAPSHOT/hadoop-hdds-container-service-0.5.0-SNAPSHOT.jar!/webapps/static,AVAILABLE}
2019-09-26 16:34:37,923 [main] INFO  handler.ContextHandler (ContextHandler.java:doStart(781)) - Started o.e.j.w.WebAppContext@254f906e{/,file:///tmp/jetty-0.0.0.0-38656-hddsDatanode-_-any-4139332180321812289.dir/webapp/,AVAILABLE}{/hddsDatanode}
2019-09-26 16:34:37,925 [main] INFO  server.AbstractConnector (AbstractConnector.java:doStart(278)) - Started ServerConnector@3d0035d2{HTTP/1.1,[http/1.1]}{0.0.0.0:38656}
2019-09-26 16:34:37,926 [main] INFO  server.Server (Server.java:doStart(419)) - Started @5776ms
2019-09-26 16:34:37,926 [main] WARN  impl.MetricsSystemImpl (MetricsSystemImpl.java:register(276)) - Sink prometheus already exists!
2019-09-26 16:34:37,927 [main] INFO  server.BaseHttpServer (BaseHttpServer.java:updateConnectorAddress(215)) - HTTP server of HDDSDATANODE is listening at http://0.0.0.0:38656
2019-09-26 16:34:37,928 [main] INFO  impl.MetricsSystemImpl (MetricsSystemImpl.java:init(158)) - HddsDatanode metrics system started (again)
2019-09-26 16:34:37,933 [org.apache.hadoop.util.JvmPauseMonitor$Monitor@225ef406] INFO  util.JvmPauseMonitor (JvmPauseMonitor.java:run(188)) - Starting JVM pause monitor
2019-09-26 16:34:37,935 [main] INFO  ozone.HddsDatanodeService (HddsDatanodeService.java:start(184)) - HddsDatanodeService host:pr-hdds-2162-htzpk-1451759861 ip:192.168.157.234
2019-09-26 16:34:37,937 [Datanode State Machine Thread - 0] INFO  datanode.InitDatanodeState (InitDatanodeState.java:persistContainerDatanodeDetails(140)) - DatanodeDetails is persisted to /workdir/hadoop-ozone/integration-test/target/test-dir/MiniOzoneClusterImpl-b5ca4ec9-472d-464d-82c8-bb75eaf95e3a/datanode-5/meta/datanode.id
2019-09-26 16:34:37,945 [main] INFO  volume.HddsVolume (HddsVolume.java:<init>(176)) - Creating Volume: /workdir/hadoop-ozone/integration-test/target/test-dir/MiniOzoneClusterImpl-b5ca4ec9-472d-464d-82c8-bb75eaf95e3a/datanode-6/data/containers/hdds of  storage type : DISK and capacity : 1482555576320
2019-09-26 16:34:37,946 [main] INFO  volume.VolumeSet (VolumeSet.java:initializeVolumeSet(170)) - Added Volume : /workdir/hadoop-ozone/integration-test/target/test-dir/MiniOzoneClusterImpl-b5ca4ec9-472d-464d-82c8-bb75eaf95e3a/datanode-6/data/containers/hdds to VolumeSet
2019-09-26 16:34:37,946 [main] INFO  volume.ThrottledAsyncChecker (ThrottledAsyncChecker.java:schedule(139)) - Scheduling a check for org.apache.hadoop.ozone.container.common.volume.HddsVolume@68868328
2019-09-26 16:34:37,947 [main] INFO  volume.HddsVolumeChecker (HddsVolumeChecker.java:checkAllVolumes(202)) - Scheduled health check for volume org.apache.hadoop.ozone.container.common.volume.HddsVolume@68868328
2019-09-26 16:34:37,970 [main] INFO  impl.RaftServerProxy (ConfUtils.java:logGet(43)) - raft.rpc.type = GRPC (default)
2019-09-26 16:34:37,970 [main] INFO  grpc.GrpcFactory (GrpcFactory.java:checkPooledByteBufAllocatorUseCacheForAllThreads(45)) - PERFORMANCE WARNING: useCacheForAllThreads is true that may cause Netty to create a lot garbage objects and, as a result, trigger GC.
	It is recommended to disable useCacheForAllThreads by setting -Dorg.apache.ratis.thirdparty.io.netty.allocator.useCacheForAllThreads=false in command line.
2019-09-26 16:34:37,971 [main] INFO  grpc.GrpcConfigKeys$Server (ConfUtils.java:logGet(43)) - raft.grpc.server.port = 0 (default)
2019-09-26 16:34:37,971 [main] INFO  server.GrpcService (ConfUtils.java:logGet(43)) - raft.grpc.message.size.max = 33570816 (custom)
2019-09-26 16:34:37,971 [main] INFO  server.RaftServerConfigKeys (ConfUtils.java:logGet(43)) - raft.server.log.appender.buffer.byte-limit = 33554432 (custom)
2019-09-26 16:34:37,972 [main] INFO  server.GrpcService (ConfUtils.java:logGet(43)) - raft.grpc.flow.control.window = 1MB (=1048576) (default)
2019-09-26 16:34:37,972 [main] INFO  server.RaftServerConfigKeys (ConfUtils.java:logGet(43)) - raft.server.rpc.request.timeout = 3000ms (default)
2019-09-26 16:34:37,973 [main] INFO  server.RaftServerConfigKeys (ConfUtils.java:logGet(43)) - raft.server.storage.dir = [/workdir/hadoop-ozone/integration-test/target/test-dir/MiniOzoneClusterImpl-b5ca4ec9-472d-464d-82c8-bb75eaf95e3a/datanode-6/data/ratis] (custom)
2019-09-26 16:34:37,975 [main] INFO  hdfs.DFSUtil (DFSUtil.java:httpServerTemplateForNNAndJN(1641)) - Starting Web-server for hddsDatanode at: http://0.0.0.0:0
2019-09-26 16:34:37,977 [main] INFO  server.AuthenticationFilter (AuthenticationFilter.java:constructSecretProvider(240)) - Unable to initialize FileSignerSecretProvider, falling back to use random secrets.
2019-09-26 16:34:37,977 [main] WARN  http.HttpRequestLog (HttpRequestLog.java:getRequestLog(97)) - Jetty request log can only be enabled using Log4j
2019-09-26 16:34:37,980 [main] INFO  http.HttpServer2 (HttpServer2.java:addGlobalFilter(975)) - Added global filter 'safety' (class=org.apache.hadoop.http.HttpServer2$QuotingInputFilter)
2019-09-26 16:34:37,981 [main] INFO  http.HttpServer2 (HttpServer2.java:addFilter(948)) - Added filter static_user_filter (class=org.apache.hadoop.http.lib.StaticUserWebFilter$StaticUserFilter) to context hddsDatanode
2019-09-26 16:34:37,981 [main] INFO  http.HttpServer2 (HttpServer2.java:addFilter(958)) - Added filter static_user_filter (class=org.apache.hadoop.http.lib.StaticUserWebFilter$StaticUserFilter) to context static
2019-09-26 16:34:37,981 [main] INFO  http.HttpServer2 (HttpServer2.java:addFilter(958)) - Added filter static_user_filter (class=org.apache.hadoop.http.lib.StaticUserWebFilter$StaticUserFilter) to context logs
2019-09-26 16:34:37,982 [main] INFO  http.HttpServer2 (HttpServer2.java:bindListener(1191)) - Jetty bound to port 46322
2019-09-26 16:34:37,983 [main] INFO  server.Server (Server.java:doStart(351)) - jetty-9.3.25.v20180904, build timestamp: 2018-09-04T21:11:46Z, git hash: 3ce520221d0240229c862b122d2b06c12a625732
2019-09-26 16:34:37,985 [main] INFO  handler.ContextHandler (ContextHandler.java:doStart(781)) - Started o.e.j.s.ServletContextHandler@574a89e2{/logs,file:///workdir/hadoop-ozone/integration-test/target/log,AVAILABLE}
2019-09-26 16:34:37,986 [main] INFO  handler.ContextHandler (ContextHandler.java:doStart(781)) - Started o.e.j.s.ServletContextHandler@3dd31157{/static,jar:file:/home/user/.m2/repository/org/apache/hadoop/hadoop-hdds-container-service/0.5.0-SNAPSHOT/hadoop-hdds-container-service-0.5.0-SNAPSHOT.jar!/webapps/static,AVAILABLE}
2019-09-26 16:34:38,024 [main] INFO  handler.ContextHandler (ContextHandler.java:doStart(781)) - Started o.e.j.w.WebAppContext@6d6bbd35{/,file:///tmp/jetty-0.0.0.0-46322-hddsDatanode-_-any-377466849142102235.dir/webapp/,AVAILABLE}{/hddsDatanode}
2019-09-26 16:34:38,024 [main] INFO  server.AbstractConnector (AbstractConnector.java:doStart(278)) - Started ServerConnector@5c5d6175{HTTP/1.1,[http/1.1]}{0.0.0.0:46322}
2019-09-26 16:34:38,025 [main] INFO  server.Server (Server.java:doStart(419)) - Started @5876ms
2019-09-26 16:34:38,026 [main] WARN  impl.MetricsSystemImpl (MetricsSystemImpl.java:register(276)) - Sink prometheus already exists!
2019-09-26 16:34:38,026 [main] INFO  server.BaseHttpServer (BaseHttpServer.java:updateConnectorAddress(215)) - HTTP server of HDDSDATANODE is listening at http://0.0.0.0:46322
2019-09-26 16:34:38,027 [main] INFO  impl.MetricsSystemImpl (MetricsSystemImpl.java:init(158)) - HddsDatanode metrics system started (again)
2019-09-26 16:34:38,031 [org.apache.hadoop.util.JvmPauseMonitor$Monitor@4b58a8be] INFO  util.JvmPauseMonitor (JvmPauseMonitor.java:run(188)) - Starting JVM pause monitor
2019-09-26 16:34:38,032 [main] INFO  ozone.HddsDatanodeService (HddsDatanodeService.java:start(184)) - HddsDatanodeService host:pr-hdds-2162-htzpk-1451759861 ip:192.168.157.234
2019-09-26 16:34:38,035 [Datanode State Machine Thread - 0] INFO  datanode.InitDatanodeState (InitDatanodeState.java:persistContainerDatanodeDetails(140)) - DatanodeDetails is persisted to /workdir/hadoop-ozone/integration-test/target/test-dir/MiniOzoneClusterImpl-b5ca4ec9-472d-464d-82c8-bb75eaf95e3a/datanode-6/meta/datanode.id
2019-09-26 16:34:38,040 [main] INFO  volume.HddsVolume (HddsVolume.java:<init>(176)) - Creating Volume: /workdir/hadoop-ozone/integration-test/target/test-dir/MiniOzoneClusterImpl-b5ca4ec9-472d-464d-82c8-bb75eaf95e3a/datanode-7/data/containers/hdds of  storage type : DISK and capacity : 1482555576320
2019-09-26 16:34:38,040 [main] INFO  volume.VolumeSet (VolumeSet.java:initializeVolumeSet(170)) - Added Volume : /workdir/hadoop-ozone/integration-test/target/test-dir/MiniOzoneClusterImpl-b5ca4ec9-472d-464d-82c8-bb75eaf95e3a/datanode-7/data/containers/hdds to VolumeSet
2019-09-26 16:34:38,041 [main] INFO  volume.ThrottledAsyncChecker (ThrottledAsyncChecker.java:schedule(139)) - Scheduling a check for org.apache.hadoop.ozone.container.common.volume.HddsVolume@2cc75074
2019-09-26 16:34:38,041 [main] INFO  volume.HddsVolumeChecker (HddsVolumeChecker.java:checkAllVolumes(202)) - Scheduled health check for volume org.apache.hadoop.ozone.container.common.volume.HddsVolume@2cc75074
2019-09-26 16:34:38,056 [main] INFO  impl.RaftServerProxy (ConfUtils.java:logGet(43)) - raft.rpc.type = GRPC (default)
2019-09-26 16:34:38,056 [main] INFO  grpc.GrpcFactory (GrpcFactory.java:checkPooledByteBufAllocatorUseCacheForAllThreads(45)) - PERFORMANCE WARNING: useCacheForAllThreads is true that may cause Netty to create a lot garbage objects and, as a result, trigger GC.
	It is recommended to disable useCacheForAllThreads by setting -Dorg.apache.ratis.thirdparty.io.netty.allocator.useCacheForAllThreads=false in command line.
2019-09-26 16:34:38,056 [main] INFO  grpc.GrpcConfigKeys$Server (ConfUtils.java:logGet(43)) - raft.grpc.server.port = 0 (default)
2019-09-26 16:34:38,057 [main] INFO  server.GrpcService (ConfUtils.java:logGet(43)) - raft.grpc.message.size.max = 33570816 (custom)
2019-09-26 16:34:38,057 [main] INFO  server.RaftServerConfigKeys (ConfUtils.java:logGet(43)) - raft.server.log.appender.buffer.byte-limit = 33554432 (custom)
2019-09-26 16:34:38,057 [main] INFO  server.GrpcService (ConfUtils.java:logGet(43)) - raft.grpc.flow.control.window = 1MB (=1048576) (default)
2019-09-26 16:34:38,057 [main] INFO  server.RaftServerConfigKeys (ConfUtils.java:logGet(43)) - raft.server.rpc.request.timeout = 3000ms (default)
2019-09-26 16:34:38,058 [main] INFO  server.RaftServerConfigKeys (ConfUtils.java:logGet(43)) - raft.server.storage.dir = [/workdir/hadoop-ozone/integration-test/target/test-dir/MiniOzoneClusterImpl-b5ca4ec9-472d-464d-82c8-bb75eaf95e3a/datanode-7/data/ratis] (custom)
2019-09-26 16:34:38,059 [main] INFO  hdfs.DFSUtil (DFSUtil.java:httpServerTemplateForNNAndJN(1641)) - Starting Web-server for hddsDatanode at: http://0.0.0.0:0
2019-09-26 16:34:38,060 [main] INFO  server.AuthenticationFilter (AuthenticationFilter.java:constructSecretProvider(240)) - Unable to initialize FileSignerSecretProvider, falling back to use random secrets.
2019-09-26 16:34:38,061 [main] WARN  http.HttpRequestLog (HttpRequestLog.java:getRequestLog(97)) - Jetty request log can only be enabled using Log4j
2019-09-26 16:34:38,062 [main] INFO  http.HttpServer2 (HttpServer2.java:addGlobalFilter(975)) - Added global filter 'safety' (class=org.apache.hadoop.http.HttpServer2$QuotingInputFilter)
2019-09-26 16:34:38,063 [main] INFO  http.HttpServer2 (HttpServer2.java:addFilter(948)) - Added filter static_user_filter (class=org.apache.hadoop.http.lib.StaticUserWebFilter$StaticUserFilter) to context hddsDatanode
2019-09-26 16:34:38,063 [main] INFO  http.HttpServer2 (HttpServer2.java:addFilter(958)) - Added filter static_user_filter (class=org.apache.hadoop.http.lib.StaticUserWebFilter$StaticUserFilter) to context static
2019-09-26 16:34:38,063 [main] INFO  http.HttpServer2 (HttpServer2.java:addFilter(958)) - Added filter static_user_filter (class=org.apache.hadoop.http.lib.StaticUserWebFilter$StaticUserFilter) to context logs
2019-09-26 16:34:38,064 [main] INFO  http.HttpServer2 (HttpServer2.java:bindListener(1191)) - Jetty bound to port 41812
2019-09-26 16:34:38,064 [main] INFO  server.Server (Server.java:doStart(351)) - jetty-9.3.25.v20180904, build timestamp: 2018-09-04T21:11:46Z, git hash: 3ce520221d0240229c862b122d2b06c12a625732
2019-09-26 16:34:38,066 [main] INFO  handler.ContextHandler (ContextHandler.java:doStart(781)) - Started o.e.j.s.ServletContextHandler@1a96d94c{/logs,file:///workdir/hadoop-ozone/integration-test/target/log,AVAILABLE}
2019-09-26 16:34:38,066 [main] INFO  handler.ContextHandler (ContextHandler.java:doStart(781)) - Started o.e.j.s.ServletContextHandler@ae202c6{/static,jar:file:/home/user/.m2/repository/org/apache/hadoop/hadoop-hdds-container-service/0.5.0-SNAPSHOT/hadoop-hdds-container-service-0.5.0-SNAPSHOT.jar!/webapps/static,AVAILABLE}
2019-09-26 16:34:38,094 [main] INFO  handler.ContextHandler (ContextHandler.java:doStart(781)) - Started o.e.j.w.WebAppContext@1947596f{/,file:///tmp/jetty-0.0.0.0-41812-hddsDatanode-_-any-756446605643540830.dir/webapp/,AVAILABLE}{/hddsDatanode}
2019-09-26 16:34:38,095 [main] INFO  server.AbstractConnector (AbstractConnector.java:doStart(278)) - Started ServerConnector@3078cac{HTTP/1.1,[http/1.1]}{0.0.0.0:41812}
2019-09-26 16:34:38,096 [main] INFO  server.Server (Server.java:doStart(419)) - Started @5947ms
2019-09-26 16:34:38,097 [main] WARN  impl.MetricsSystemImpl (MetricsSystemImpl.java:register(276)) - Sink prometheus already exists!
2019-09-26 16:34:38,097 [main] INFO  server.BaseHttpServer (BaseHttpServer.java:updateConnectorAddress(215)) - HTTP server of HDDSDATANODE is listening at http://0.0.0.0:41812
2019-09-26 16:34:38,098 [main] INFO  impl.MetricsSystemImpl (MetricsSystemImpl.java:init(158)) - HddsDatanode metrics system started (again)
2019-09-26 16:34:38,102 [org.apache.hadoop.util.JvmPauseMonitor$Monitor@73b5e769] INFO  util.JvmPauseMonitor (JvmPauseMonitor.java:run(188)) - Starting JVM pause monitor
2019-09-26 16:34:38,103 [main] INFO  ozone.HddsDatanodeService (HddsDatanodeService.java:start(184)) - HddsDatanodeService host:pr-hdds-2162-htzpk-1451759861 ip:192.168.157.234
2019-09-26 16:34:38,106 [Datanode State Machine Thread - 0] INFO  datanode.InitDatanodeState (InitDatanodeState.java:persistContainerDatanodeDetails(140)) - DatanodeDetails is persisted to /workdir/hadoop-ozone/integration-test/target/test-dir/MiniOzoneClusterImpl-b5ca4ec9-472d-464d-82c8-bb75eaf95e3a/datanode-7/meta/datanode.id
2019-09-26 16:34:38,114 [main] INFO  volume.HddsVolume (HddsVolume.java:<init>(176)) - Creating Volume: /workdir/hadoop-ozone/integration-test/target/test-dir/MiniOzoneClusterImpl-b5ca4ec9-472d-464d-82c8-bb75eaf95e3a/datanode-8/data/containers/hdds of  storage type : DISK and capacity : 1482555576320
2019-09-26 16:34:38,114 [main] INFO  volume.VolumeSet (VolumeSet.java:initializeVolumeSet(170)) - Added Volume : /workdir/hadoop-ozone/integration-test/target/test-dir/MiniOzoneClusterImpl-b5ca4ec9-472d-464d-82c8-bb75eaf95e3a/datanode-8/data/containers/hdds to VolumeSet
2019-09-26 16:34:38,115 [main] INFO  volume.ThrottledAsyncChecker (ThrottledAsyncChecker.java:schedule(139)) - Scheduling a check for org.apache.hadoop.ozone.container.common.volume.HddsVolume@4af45442
2019-09-26 16:34:38,115 [main] INFO  volume.HddsVolumeChecker (HddsVolumeChecker.java:checkAllVolumes(202)) - Scheduled health check for volume org.apache.hadoop.ozone.container.common.volume.HddsVolume@4af45442
2019-09-26 16:34:38,129 [main] INFO  impl.RaftServerProxy (ConfUtils.java:logGet(43)) - raft.rpc.type = GRPC (default)
2019-09-26 16:34:38,129 [main] INFO  grpc.GrpcFactory (GrpcFactory.java:checkPooledByteBufAllocatorUseCacheForAllThreads(45)) - PERFORMANCE WARNING: useCacheForAllThreads is true that may cause Netty to create a lot garbage objects and, as a result, trigger GC.
	It is recommended to disable useCacheForAllThreads by setting -Dorg.apache.ratis.thirdparty.io.netty.allocator.useCacheForAllThreads=false in command line.
2019-09-26 16:34:38,129 [main] INFO  grpc.GrpcConfigKeys$Server (ConfUtils.java:logGet(43)) - raft.grpc.server.port = 0 (default)
2019-09-26 16:34:38,129 [main] INFO  server.GrpcService (ConfUtils.java:logGet(43)) - raft.grpc.message.size.max = 33570816 (custom)
2019-09-26 16:34:38,130 [main] INFO  server.RaftServerConfigKeys (ConfUtils.java:logGet(43)) - raft.server.log.appender.buffer.byte-limit = 33554432 (custom)
2019-09-26 16:34:38,130 [main] INFO  server.GrpcService (ConfUtils.java:logGet(43)) - raft.grpc.flow.control.window = 1MB (=1048576) (default)
2019-09-26 16:34:38,130 [main] INFO  server.RaftServerConfigKeys (ConfUtils.java:logGet(43)) - raft.server.rpc.request.timeout = 3000ms (default)
2019-09-26 16:34:38,131 [main] INFO  server.RaftServerConfigKeys (ConfUtils.java:logGet(43)) - raft.server.storage.dir = [/workdir/hadoop-ozone/integration-test/target/test-dir/MiniOzoneClusterImpl-b5ca4ec9-472d-464d-82c8-bb75eaf95e3a/datanode-8/data/ratis] (custom)
2019-09-26 16:34:38,132 [main] INFO  hdfs.DFSUtil (DFSUtil.java:httpServerTemplateForNNAndJN(1641)) - Starting Web-server for hddsDatanode at: http://0.0.0.0:0
2019-09-26 16:34:38,133 [main] INFO  server.AuthenticationFilter (AuthenticationFilter.java:constructSecretProvider(240)) - Unable to initialize FileSignerSecretProvider, falling back to use random secrets.
2019-09-26 16:34:38,134 [main] WARN  http.HttpRequestLog (HttpRequestLog.java:getRequestLog(97)) - Jetty request log can only be enabled using Log4j
2019-09-26 16:34:38,135 [main] INFO  http.HttpServer2 (HttpServer2.java:addGlobalFilter(975)) - Added global filter 'safety' (class=org.apache.hadoop.http.HttpServer2$QuotingInputFilter)
2019-09-26 16:34:38,135 [main] INFO  http.HttpServer2 (HttpServer2.java:addFilter(948)) - Added filter static_user_filter (class=org.apache.hadoop.http.lib.StaticUserWebFilter$StaticUserFilter) to context hddsDatanode
2019-09-26 16:34:38,136 [main] INFO  http.HttpServer2 (HttpServer2.java:addFilter(958)) - Added filter static_user_filter (class=org.apache.hadoop.http.lib.StaticUserWebFilter$StaticUserFilter) to context logs
2019-09-26 16:34:38,136 [main] INFO  http.HttpServer2 (HttpServer2.java:addFilter(958)) - Added filter static_user_filter (class=org.apache.hadoop.http.lib.StaticUserWebFilter$StaticUserFilter) to context static
2019-09-26 16:34:38,137 [main] INFO  http.HttpServer2 (HttpServer2.java:bindListener(1191)) - Jetty bound to port 34695
2019-09-26 16:34:38,137 [main] INFO  server.Server (Server.java:doStart(351)) - jetty-9.3.25.v20180904, build timestamp: 2018-09-04T21:11:46Z, git hash: 3ce520221d0240229c862b122d2b06c12a625732
2019-09-26 16:34:38,138 [main] INFO  handler.ContextHandler (ContextHandler.java:doStart(781)) - Started o.e.j.s.ServletContextHandler@1f53481b{/logs,file:///workdir/hadoop-ozone/integration-test/target/log,AVAILABLE}
2019-09-26 16:34:38,139 [main] INFO  handler.ContextHandler (ContextHandler.java:doStart(781)) - Started o.e.j.s.ServletContextHandler@27e7c77f{/static,jar:file:/home/user/.m2/repository/org/apache/hadoop/hadoop-hdds-container-service/0.5.0-SNAPSHOT/hadoop-hdds-container-service-0.5.0-SNAPSHOT.jar!/webapps/static,AVAILABLE}
2019-09-26 16:34:38,167 [main] INFO  handler.ContextHandler (ContextHandler.java:doStart(781)) - Started o.e.j.w.WebAppContext@765ffb14{/,file:///tmp/jetty-0.0.0.0-34695-hddsDatanode-_-any-6829108006301707307.dir/webapp/,AVAILABLE}{/hddsDatanode}
2019-09-26 16:34:38,168 [main] INFO  server.AbstractConnector (AbstractConnector.java:doStart(278)) - Started ServerConnector@57562473{HTTP/1.1,[http/1.1]}{0.0.0.0:34695}
2019-09-26 16:34:38,169 [main] INFO  server.Server (Server.java:doStart(419)) - Started @6019ms
2019-09-26 16:34:38,169 [main] WARN  impl.MetricsSystemImpl (MetricsSystemImpl.java:register(276)) - Sink prometheus already exists!
2019-09-26 16:34:38,170 [main] INFO  server.BaseHttpServer (BaseHttpServer.java:updateConnectorAddress(215)) - HTTP server of HDDSDATANODE is listening at http://0.0.0.0:34695
2019-09-26 16:34:38,170 [main] INFO  impl.MetricsSystemImpl (MetricsSystemImpl.java:init(158)) - HddsDatanode metrics system started (again)
2019-09-26 16:34:38,175 [org.apache.hadoop.util.JvmPauseMonitor$Monitor@5753e2e0] INFO  util.JvmPauseMonitor (JvmPauseMonitor.java:run(188)) - Starting JVM pause monitor
2019-09-26 16:34:38,175 [main] INFO  ozone.HddsDatanodeService (HddsDatanodeService.java:start(184)) - HddsDatanodeService host:pr-hdds-2162-htzpk-1451759861 ip:192.168.157.234
2019-09-26 16:34:38,178 [Datanode State Machine Thread - 0] INFO  datanode.InitDatanodeState (InitDatanodeState.java:persistContainerDatanodeDetails(140)) - DatanodeDetails is persisted to /workdir/hadoop-ozone/integration-test/target/test-dir/MiniOzoneClusterImpl-b5ca4ec9-472d-464d-82c8-bb75eaf95e3a/datanode-8/meta/datanode.id
2019-09-26 16:34:38,184 [main] INFO  volume.HddsVolume (HddsVolume.java:<init>(176)) - Creating Volume: /workdir/hadoop-ozone/integration-test/target/test-dir/MiniOzoneClusterImpl-b5ca4ec9-472d-464d-82c8-bb75eaf95e3a/datanode-9/data/containers/hdds of  storage type : DISK and capacity : 1482555576320
2019-09-26 16:34:38,185 [main] INFO  volume.VolumeSet (VolumeSet.java:initializeVolumeSet(170)) - Added Volume : /workdir/hadoop-ozone/integration-test/target/test-dir/MiniOzoneClusterImpl-b5ca4ec9-472d-464d-82c8-bb75eaf95e3a/datanode-9/data/containers/hdds to VolumeSet
2019-09-26 16:34:38,185 [main] INFO  volume.ThrottledAsyncChecker (ThrottledAsyncChecker.java:schedule(139)) - Scheduling a check for org.apache.hadoop.ozone.container.common.volume.HddsVolume@4c2af006
2019-09-26 16:34:38,185 [main] INFO  volume.HddsVolumeChecker (HddsVolumeChecker.java:checkAllVolumes(202)) - Scheduled health check for volume org.apache.hadoop.ozone.container.common.volume.HddsVolume@4c2af006
2019-09-26 16:34:38,199 [main] INFO  impl.RaftServerProxy (ConfUtils.java:logGet(43)) - raft.rpc.type = GRPC (default)
2019-09-26 16:34:38,199 [main] INFO  grpc.GrpcFactory (GrpcFactory.java:checkPooledByteBufAllocatorUseCacheForAllThreads(45)) - PERFORMANCE WARNING: useCacheForAllThreads is true that may cause Netty to create a lot garbage objects and, as a result, trigger GC.
	It is recommended to disable useCacheForAllThreads by setting -Dorg.apache.ratis.thirdparty.io.netty.allocator.useCacheForAllThreads=false in command line.
2019-09-26 16:34:38,199 [main] INFO  grpc.GrpcConfigKeys$Server (ConfUtils.java:logGet(43)) - raft.grpc.server.port = 0 (default)
2019-09-26 16:34:38,200 [main] INFO  server.GrpcService (ConfUtils.java:logGet(43)) - raft.grpc.message.size.max = 33570816 (custom)
2019-09-26 16:34:38,200 [main] INFO  server.RaftServerConfigKeys (ConfUtils.java:logGet(43)) - raft.server.log.appender.buffer.byte-limit = 33554432 (custom)
2019-09-26 16:34:38,200 [main] INFO  server.GrpcService (ConfUtils.java:logGet(43)) - raft.grpc.flow.control.window = 1MB (=1048576) (default)
2019-09-26 16:34:38,200 [main] INFO  server.RaftServerConfigKeys (ConfUtils.java:logGet(43)) - raft.server.rpc.request.timeout = 3000ms (default)
2019-09-26 16:34:38,201 [main] INFO  server.RaftServerConfigKeys (ConfUtils.java:logGet(43)) - raft.server.storage.dir = [/workdir/hadoop-ozone/integration-test/target/test-dir/MiniOzoneClusterImpl-b5ca4ec9-472d-464d-82c8-bb75eaf95e3a/datanode-9/data/ratis] (custom)
2019-09-26 16:34:38,209 [main] INFO  hdfs.DFSUtil (DFSUtil.java:httpServerTemplateForNNAndJN(1641)) - Starting Web-server for hddsDatanode at: http://0.0.0.0:0
2019-09-26 16:34:38,213 [main] INFO  server.AuthenticationFilter (AuthenticationFilter.java:constructSecretProvider(240)) - Unable to initialize FileSignerSecretProvider, falling back to use random secrets.
2019-09-26 16:34:38,215 [main] WARN  http.HttpRequestLog (HttpRequestLog.java:getRequestLog(97)) - Jetty request log can only be enabled using Log4j
2019-09-26 16:34:38,217 [main] INFO  http.HttpServer2 (HttpServer2.java:addGlobalFilter(975)) - Added global filter 'safety' (class=org.apache.hadoop.http.HttpServer2$QuotingInputFilter)
2019-09-26 16:34:38,218 [main] INFO  http.HttpServer2 (HttpServer2.java:addFilter(948)) - Added filter static_user_filter (class=org.apache.hadoop.http.lib.StaticUserWebFilter$StaticUserFilter) to context hddsDatanode
2019-09-26 16:34:38,218 [main] INFO  http.HttpServer2 (HttpServer2.java:addFilter(958)) - Added filter static_user_filter (class=org.apache.hadoop.http.lib.StaticUserWebFilter$StaticUserFilter) to context static
2019-09-26 16:34:38,218 [main] INFO  http.HttpServer2 (HttpServer2.java:addFilter(958)) - Added filter static_user_filter (class=org.apache.hadoop.http.lib.StaticUserWebFilter$StaticUserFilter) to context logs
2019-09-26 16:34:38,219 [main] INFO  http.HttpServer2 (HttpServer2.java:bindListener(1191)) - Jetty bound to port 46804
2019-09-26 16:34:38,220 [main] INFO  server.Server (Server.java:doStart(351)) - jetty-9.3.25.v20180904, build timestamp: 2018-09-04T21:11:46Z, git hash: 3ce520221d0240229c862b122d2b06c12a625732
2019-09-26 16:34:38,222 [main] INFO  handler.ContextHandler (ContextHandler.java:doStart(781)) - Started o.e.j.s.ServletContextHandler@f88bfbe{/logs,file:///workdir/hadoop-ozone/integration-test/target/log,AVAILABLE}
2019-09-26 16:34:38,223 [main] INFO  handler.ContextHandler (ContextHandler.java:doStart(781)) - Started o.e.j.s.ServletContextHandler@5d8ab698{/static,jar:file:/home/user/.m2/repository/org/apache/hadoop/hadoop-hdds-container-service/0.5.0-SNAPSHOT/hadoop-hdds-container-service-0.5.0-SNAPSHOT.jar!/webapps/static,AVAILABLE}
2019-09-26 16:34:38,253 [main] INFO  handler.ContextHandler (ContextHandler.java:doStart(781)) - Started o.e.j.w.WebAppContext@1e0a864d{/,file:///tmp/jetty-0.0.0.0-46804-hddsDatanode-_-any-896059456191352383.dir/webapp/,AVAILABLE}{/hddsDatanode}
2019-09-26 16:34:38,253 [main] INFO  server.AbstractConnector (AbstractConnector.java:doStart(278)) - Started ServerConnector@440e3ce6{HTTP/1.1,[http/1.1]}{0.0.0.0:46804}
2019-09-26 16:34:38,255 [main] INFO  server.Server (Server.java:doStart(419)) - Started @6106ms
2019-09-26 16:34:38,256 [main] WARN  impl.MetricsSystemImpl (MetricsSystemImpl.java:register(276)) - Sink prometheus already exists!
2019-09-26 16:34:38,257 [main] INFO  server.BaseHttpServer (BaseHttpServer.java:updateConnectorAddress(215)) - HTTP server of HDDSDATANODE is listening at http://0.0.0.0:46804
2019-09-26 16:34:38,263 [org.apache.hadoop.util.JvmPauseMonitor$Monitor@770dfea6] INFO  util.JvmPauseMonitor (JvmPauseMonitor.java:run(188)) - Starting JVM pause monitor
2019-09-26 16:34:38,264 [main] INFO  ozone.MiniOzoneClusterImpl (MiniOzoneClusterImpl.java:lambda$waitForClusterToBeReady$0(147)) - Waiting for cluster to be ready. Got 0 of 10 DN Heartbeats.
2019-09-26 16:34:38,269 [Datanode State Machine Thread - 0] INFO  datanode.InitDatanodeState (InitDatanodeState.java:persistContainerDatanodeDetails(140)) - DatanodeDetails is persisted to /workdir/hadoop-ozone/integration-test/target/test-dir/MiniOzoneClusterImpl-b5ca4ec9-472d-464d-82c8-bb75eaf95e3a/datanode-9/meta/datanode.id
2019-09-26 16:34:39,265 [main] INFO  ozone.MiniOzoneClusterImpl (MiniOzoneClusterImpl.java:lambda$waitForClusterToBeReady$0(147)) - Waiting for cluster to be ready. Got 0 of 10 DN Heartbeats.
2019-09-26 16:34:39,572 [Datanode State Machine Thread - 0] INFO  ozoneimpl.OzoneContainer (OzoneContainer.java:start(217)) - Attempting to start container services.
2019-09-26 16:34:39,575 [Datanode State Machine Thread - 0] INFO  ozoneimpl.OzoneContainer (OzoneContainer.java:startContainerScrub(179)) - Background container scanner has been disabled.
2019-09-26 16:34:39,575 [Datanode State Machine Thread - 0] INFO  ratis.XceiverServerRatis (XceiverServerRatis.java:start(411)) - Starting XceiverServerRatis e92f8c69-4518-4ec8-914d-310b697ee99a at port 0
2019-09-26 16:34:39,608 [Datanode State Machine Thread - 0] INFO  impl.RaftServerProxy (RaftServerProxy.java:lambda$start$3(299)) - e92f8c69-4518-4ec8-914d-310b697ee99a: start RPC server
2019-09-26 16:34:39,612 [Datanode State Machine Thread - 0] INFO  ozoneimpl.OzoneContainer (OzoneContainer.java:start(217)) - Attempting to start container services.
2019-09-26 16:34:39,618 [Datanode State Machine Thread - 0] INFO  ozoneimpl.OzoneContainer (OzoneContainer.java:startContainerScrub(179)) - Background container scanner has been disabled.
2019-09-26 16:34:39,618 [Datanode State Machine Thread - 0] INFO  ratis.XceiverServerRatis (XceiverServerRatis.java:start(411)) - Starting XceiverServerRatis 9221d1d4-f927-4b56-ab16-f2eacc87aadd at port 0
2019-09-26 16:34:39,632 [Datanode State Machine Thread - 0] INFO  impl.RaftServerProxy (RaftServerProxy.java:lambda$start$3(299)) - 9221d1d4-f927-4b56-ab16-f2eacc87aadd: start RPC server
2019-09-26 16:34:39,688 [Datanode State Machine Thread - 0] INFO  ozoneimpl.OzoneContainer (OzoneContainer.java:start(217)) - Attempting to start container services.
2019-09-26 16:34:39,689 [Datanode State Machine Thread - 0] INFO  ozoneimpl.OzoneContainer (OzoneContainer.java:startContainerScrub(179)) - Background container scanner has been disabled.
2019-09-26 16:34:39,689 [Datanode State Machine Thread - 0] INFO  ratis.XceiverServerRatis (XceiverServerRatis.java:start(411)) - Starting XceiverServerRatis 837115f0-6bdf-4bb0-a918-7bab3585449b at port 0
2019-09-26 16:34:39,701 [Datanode State Machine Thread - 0] INFO  impl.RaftServerProxy (RaftServerProxy.java:lambda$start$3(299)) - 837115f0-6bdf-4bb0-a918-7bab3585449b: start RPC server
2019-09-26 16:34:39,770 [Datanode State Machine Thread - 0] INFO  ozoneimpl.OzoneContainer (OzoneContainer.java:start(217)) - Attempting to start container services.
2019-09-26 16:34:39,770 [Datanode State Machine Thread - 0] INFO  ozoneimpl.OzoneContainer (OzoneContainer.java:startContainerScrub(179)) - Background container scanner has been disabled.
2019-09-26 16:34:39,770 [Datanode State Machine Thread - 0] INFO  ratis.XceiverServerRatis (XceiverServerRatis.java:start(411)) - Starting XceiverServerRatis acb5cb05-bd62-40bc-82c8-ae32f2a7d477 at port 0
2019-09-26 16:34:39,784 [Datanode State Machine Thread - 0] INFO  impl.RaftServerProxy (RaftServerProxy.java:lambda$start$3(299)) - acb5cb05-bd62-40bc-82c8-ae32f2a7d477: start RPC server
2019-09-26 16:34:39,787 [Datanode State Machine Thread - 0] INFO  server.GrpcService (GrpcService.java:startImpl(158)) - 9221d1d4-f927-4b56-ab16-f2eacc87aadd: GrpcService started, listening on 0.0.0.0/0.0.0.0:40823
2019-09-26 16:34:39,787 [Datanode State Machine Thread - 0] INFO  server.GrpcService (GrpcService.java:startImpl(158)) - e92f8c69-4518-4ec8-914d-310b697ee99a: GrpcService started, listening on 0.0.0.0/0.0.0.0:37423
2019-09-26 16:34:39,787 [Datanode State Machine Thread - 0] INFO  server.GrpcService (GrpcService.java:startImpl(158)) - 837115f0-6bdf-4bb0-a918-7bab3585449b: GrpcService started, listening on 0.0.0.0/0.0.0.0:40176
2019-09-26 16:34:39,789 [Datanode State Machine Thread - 0] INFO  ratis.XceiverServerRatis (XceiverServerRatis.java:start(421)) - XceiverServerRatis e92f8c69-4518-4ec8-914d-310b697ee99a is started using port 37423
2019-09-26 16:34:39,788 [Datanode State Machine Thread - 0] INFO  ratis.XceiverServerRatis (XceiverServerRatis.java:start(421)) - XceiverServerRatis 9221d1d4-f927-4b56-ab16-f2eacc87aadd is started using port 40823
2019-09-26 16:34:39,788 [Datanode State Machine Thread - 0] INFO  server.GrpcService (GrpcService.java:startImpl(158)) - acb5cb05-bd62-40bc-82c8-ae32f2a7d477: GrpcService started, listening on 0.0.0.0/0.0.0.0:45827
2019-09-26 16:34:39,789 [Datanode State Machine Thread - 0] INFO  ratis.XceiverServerRatis (XceiverServerRatis.java:start(421)) - XceiverServerRatis 837115f0-6bdf-4bb0-a918-7bab3585449b is started using port 40176
2019-09-26 16:34:39,789 [Datanode State Machine Thread - 0] INFO  ratis.XceiverServerRatis (XceiverServerRatis.java:start(421)) - XceiverServerRatis acb5cb05-bd62-40bc-82c8-ae32f2a7d477 is started using port 45827
2019-09-26 16:34:39,797 [Datanode State Machine Thread - 0] INFO  server.XceiverServerGrpc (XceiverServerGrpc.java:start(149)) - XceiverServerGrpc 9221d1d4-f927-4b56-ab16-f2eacc87aadd is started using port 33256
2019-09-26 16:34:39,797 [Datanode State Machine Thread - 0] INFO  server.XceiverServerGrpc (XceiverServerGrpc.java:start(149)) - XceiverServerGrpc acb5cb05-bd62-40bc-82c8-ae32f2a7d477 is started using port 38847
2019-09-26 16:34:39,797 [Datanode State Machine Thread - 0] INFO  server.XceiverServerGrpc (XceiverServerGrpc.java:start(149)) - XceiverServerGrpc 837115f0-6bdf-4bb0-a918-7bab3585449b is started using port 41764
2019-09-26 16:34:39,797 [Datanode State Machine Thread - 0] INFO  server.XceiverServerGrpc (XceiverServerGrpc.java:start(149)) - XceiverServerGrpc e92f8c69-4518-4ec8-914d-310b697ee99a is started using port 46763
2019-09-26 16:34:39,842 [Datanode State Machine Thread - 0] INFO  ozoneimpl.OzoneContainer (OzoneContainer.java:start(217)) - Attempting to start container services.
2019-09-26 16:34:39,842 [Datanode State Machine Thread - 0] INFO  ozoneimpl.OzoneContainer (OzoneContainer.java:startContainerScrub(179)) - Background container scanner has been disabled.
2019-09-26 16:34:39,842 [Datanode State Machine Thread - 0] INFO  ratis.XceiverServerRatis (XceiverServerRatis.java:start(411)) - Starting XceiverServerRatis 1cb81857-6495-4479-8124-808fc28ebfe2 at port 0
2019-09-26 16:34:39,848 [Datanode State Machine Thread - 0] INFO  impl.RaftServerProxy (RaftServerProxy.java:lambda$start$3(299)) - 1cb81857-6495-4479-8124-808fc28ebfe2: start RPC server
2019-09-26 16:34:39,852 [Datanode State Machine Thread - 0] INFO  server.GrpcService (GrpcService.java:startImpl(158)) - 1cb81857-6495-4479-8124-808fc28ebfe2: GrpcService started, listening on 0.0.0.0/0.0.0.0:42169
2019-09-26 16:34:39,852 [Datanode State Machine Thread - 0] INFO  ratis.XceiverServerRatis (XceiverServerRatis.java:start(421)) - XceiverServerRatis 1cb81857-6495-4479-8124-808fc28ebfe2 is started using port 42169
2019-09-26 16:34:39,855 [Datanode State Machine Thread - 0] INFO  server.XceiverServerGrpc (XceiverServerGrpc.java:start(149)) - XceiverServerGrpc 1cb81857-6495-4479-8124-808fc28ebfe2 is started using port 36910
2019-09-26 16:34:39,951 [Datanode State Machine Thread - 0] INFO  ozoneimpl.OzoneContainer (OzoneContainer.java:start(217)) - Attempting to start container services.
2019-09-26 16:34:39,951 [Datanode State Machine Thread - 0] INFO  ozoneimpl.OzoneContainer (OzoneContainer.java:startContainerScrub(179)) - Background container scanner has been disabled.
2019-09-26 16:34:39,951 [Datanode State Machine Thread - 0] INFO  ratis.XceiverServerRatis (XceiverServerRatis.java:start(411)) - Starting XceiverServerRatis f9bb6cb5-24ba-4926-b442-6d897d5c3f6a at port 0
2019-09-26 16:34:39,958 [Datanode State Machine Thread - 0] INFO  impl.RaftServerProxy (RaftServerProxy.java:lambda$start$3(299)) - f9bb6cb5-24ba-4926-b442-6d897d5c3f6a: start RPC server
2019-09-26 16:34:39,963 [Datanode State Machine Thread - 0] INFO  server.GrpcService (GrpcService.java:startImpl(158)) - f9bb6cb5-24ba-4926-b442-6d897d5c3f6a: GrpcService started, listening on 0.0.0.0/0.0.0.0:36804
2019-09-26 16:34:39,964 [Datanode State Machine Thread - 0] INFO  ratis.XceiverServerRatis (XceiverServerRatis.java:start(421)) - XceiverServerRatis f9bb6cb5-24ba-4926-b442-6d897d5c3f6a is started using port 36804
2019-09-26 16:34:39,968 [Datanode State Machine Thread - 0] INFO  server.XceiverServerGrpc (XceiverServerGrpc.java:start(149)) - XceiverServerGrpc f9bb6cb5-24ba-4926-b442-6d897d5c3f6a is started using port 40573
2019-09-26 16:34:40,048 [Datanode State Machine Thread - 0] INFO  ozoneimpl.OzoneContainer (OzoneContainer.java:start(217)) - Attempting to start container services.
2019-09-26 16:34:40,049 [Datanode State Machine Thread - 0] INFO  ozoneimpl.OzoneContainer (OzoneContainer.java:startContainerScrub(179)) - Background container scanner has been disabled.
2019-09-26 16:34:40,049 [Datanode State Machine Thread - 0] INFO  ratis.XceiverServerRatis (XceiverServerRatis.java:start(411)) - Starting XceiverServerRatis 543c4478-56da-43d0-bc7b-befbdfd1ac53 at port 0
2019-09-26 16:34:40,058 [Datanode State Machine Thread - 0] INFO  impl.RaftServerProxy (RaftServerProxy.java:lambda$start$3(299)) - 543c4478-56da-43d0-bc7b-befbdfd1ac53: start RPC server
2019-09-26 16:34:40,063 [Datanode State Machine Thread - 0] INFO  server.GrpcService (GrpcService.java:startImpl(158)) - 543c4478-56da-43d0-bc7b-befbdfd1ac53: GrpcService started, listening on 0.0.0.0/0.0.0.0:44484
2019-09-26 16:34:40,064 [Datanode State Machine Thread - 0] INFO  ratis.XceiverServerRatis (XceiverServerRatis.java:start(421)) - XceiverServerRatis 543c4478-56da-43d0-bc7b-befbdfd1ac53 is started using port 44484
2019-09-26 16:34:40,068 [Datanode State Machine Thread - 0] INFO  server.XceiverServerGrpc (XceiverServerGrpc.java:start(149)) - XceiverServerGrpc 543c4478-56da-43d0-bc7b-befbdfd1ac53 is started using port 34980
2019-09-26 16:34:40,127 [Datanode State Machine Thread - 0] INFO  ozoneimpl.OzoneContainer (OzoneContainer.java:start(217)) - Attempting to start container services.
2019-09-26 16:34:40,128 [Datanode State Machine Thread - 0] INFO  ozoneimpl.OzoneContainer (OzoneContainer.java:startContainerScrub(179)) - Background container scanner has been disabled.
2019-09-26 16:34:40,128 [Datanode State Machine Thread - 0] INFO  ratis.XceiverServerRatis (XceiverServerRatis.java:start(411)) - Starting XceiverServerRatis 2d203acc-2876-43cc-a645-52d5b2311198 at port 0
2019-09-26 16:34:40,138 [Datanode State Machine Thread - 0] INFO  impl.RaftServerProxy (RaftServerProxy.java:lambda$start$3(299)) - 2d203acc-2876-43cc-a645-52d5b2311198: start RPC server
2019-09-26 16:34:40,143 [Datanode State Machine Thread - 0] INFO  server.GrpcService (GrpcService.java:startImpl(158)) - 2d203acc-2876-43cc-a645-52d5b2311198: GrpcService started, listening on 0.0.0.0/0.0.0.0:38739
2019-09-26 16:34:40,144 [Datanode State Machine Thread - 0] INFO  ratis.XceiverServerRatis (XceiverServerRatis.java:start(421)) - XceiverServerRatis 2d203acc-2876-43cc-a645-52d5b2311198 is started using port 38739
2019-09-26 16:34:40,149 [Datanode State Machine Thread - 0] INFO  server.XceiverServerGrpc (XceiverServerGrpc.java:start(149)) - XceiverServerGrpc 2d203acc-2876-43cc-a645-52d5b2311198 is started using port 35447
2019-09-26 16:34:40,193 [Datanode State Machine Thread - 0] INFO  ozoneimpl.OzoneContainer (OzoneContainer.java:start(217)) - Attempting to start container services.
2019-09-26 16:34:40,193 [Datanode State Machine Thread - 0] INFO  ozoneimpl.OzoneContainer (OzoneContainer.java:startContainerScrub(179)) - Background container scanner has been disabled.
2019-09-26 16:34:40,193 [Datanode State Machine Thread - 0] INFO  ratis.XceiverServerRatis (XceiverServerRatis.java:start(411)) - Starting XceiverServerRatis 05cbe63e-a985-40d9-b8c8-c9fa1f238747 at port 0
2019-09-26 16:34:40,203 [Datanode State Machine Thread - 0] INFO  impl.RaftServerProxy (RaftServerProxy.java:lambda$start$3(299)) - 05cbe63e-a985-40d9-b8c8-c9fa1f238747: start RPC server
2019-09-26 16:34:40,208 [Datanode State Machine Thread - 0] INFO  server.GrpcService (GrpcService.java:startImpl(158)) - 05cbe63e-a985-40d9-b8c8-c9fa1f238747: GrpcService started, listening on 0.0.0.0/0.0.0.0:37989
2019-09-26 16:34:40,209 [Datanode State Machine Thread - 0] INFO  ratis.XceiverServerRatis (XceiverServerRatis.java:start(421)) - XceiverServerRatis 05cbe63e-a985-40d9-b8c8-c9fa1f238747 is started using port 37989
2019-09-26 16:34:40,224 [Datanode State Machine Thread - 0] INFO  server.XceiverServerGrpc (XceiverServerGrpc.java:start(149)) - XceiverServerGrpc 05cbe63e-a985-40d9-b8c8-c9fa1f238747 is started using port 43857
2019-09-26 16:34:40,267 [main] INFO  ozone.MiniOzoneClusterImpl (MiniOzoneClusterImpl.java:lambda$waitForClusterToBeReady$0(147)) - Waiting for cluster to be ready. Got 0 of 10 DN Heartbeats.
2019-09-26 16:34:40,282 [Datanode State Machine Thread - 0] INFO  ozoneimpl.OzoneContainer (OzoneContainer.java:start(217)) - Attempting to start container services.
2019-09-26 16:34:40,282 [Datanode State Machine Thread - 0] INFO  ozoneimpl.OzoneContainer (OzoneContainer.java:startContainerScrub(179)) - Background container scanner has been disabled.
2019-09-26 16:34:40,283 [Datanode State Machine Thread - 0] INFO  ratis.XceiverServerRatis (XceiverServerRatis.java:start(411)) - Starting XceiverServerRatis 4d7b7b0b-d4b2-4e9e-949c-b3d401b8342c at port 0
2019-09-26 16:34:40,294 [Datanode State Machine Thread - 0] INFO  impl.RaftServerProxy (RaftServerProxy.java:lambda$start$3(299)) - 4d7b7b0b-d4b2-4e9e-949c-b3d401b8342c: start RPC server
2019-09-26 16:34:40,300 [Datanode State Machine Thread - 0] INFO  server.GrpcService (GrpcService.java:startImpl(158)) - 4d7b7b0b-d4b2-4e9e-949c-b3d401b8342c: GrpcService started, listening on 0.0.0.0/0.0.0.0:44365
2019-09-26 16:34:40,301 [Datanode State Machine Thread - 0] INFO  ratis.XceiverServerRatis (XceiverServerRatis.java:start(421)) - XceiverServerRatis 4d7b7b0b-d4b2-4e9e-949c-b3d401b8342c is started using port 44365
2019-09-26 16:34:40,327 [Datanode State Machine Thread - 0] INFO  server.XceiverServerGrpc (XceiverServerGrpc.java:start(149)) - XceiverServerGrpc 4d7b7b0b-d4b2-4e9e-949c-b3d401b8342c is started using port 44866
2019-09-26 16:34:41,268 [main] INFO  ozone.MiniOzoneClusterImpl (MiniOzoneClusterImpl.java:lambda$waitForClusterToBeReady$0(147)) - Waiting for cluster to be ready. Got 0 of 10 DN Heartbeats.
2019-09-26 16:34:41,548 [IPC Server handler 5 on 34880] INFO  net.NetworkTopology (NetworkTopologyImpl.java:add(111)) - Added a new node: /rack1/e92f8c69-4518-4ec8-914d-310b697ee99a
2019-09-26 16:34:41,549 [IPC Server handler 5 on 34880] INFO  node.SCMNodeManager (SCMNodeManager.java:register(266)) - Registered Data node : e92f8c69-4518-4ec8-914d-310b697ee99a{ip: 192.168.157.234, host: pr-hdds-2162-htzpk-1451759861, networkLocation: /rack1, certSerialId: null}
2019-09-26 16:34:41,556 [EventQueue-NodeRegistrationContainerReportForDataNodeSafeModeRule] INFO  safemode.SCMSafeModeManager (DataNodeSafeModeRule.java:process(71)) - SCM in safe mode. 1 DataNodes registered, 1 required.
2019-09-26 16:34:41,556 [EventQueue-NodeRegistrationContainerReportForDataNodeSafeModeRule] INFO  safemode.SCMSafeModeManager (SCMSafeModeManager.java:validateSafeModeExitRules(177)) - ScmSafeModeManager, all rules are successfully validated
2019-09-26 16:34:41,556 [EventQueue-NodeRegistrationContainerReportForDataNodeSafeModeRule] INFO  safemode.SCMSafeModeManager (SCMSafeModeManager.java:exitSafeMode(193)) - SCM exiting safe mode.
2019-09-26 16:34:41,598 [IPC Server handler 7 on 34880] INFO  net.NetworkTopology (NetworkTopologyImpl.java:add(111)) - Added a new node: /rack1/9221d1d4-f927-4b56-ab16-f2eacc87aadd
2019-09-26 16:34:41,599 [IPC Server handler 7 on 34880] INFO  node.SCMNodeManager (SCMNodeManager.java:register(266)) - Registered Data node : 9221d1d4-f927-4b56-ab16-f2eacc87aadd{ip: 192.168.157.234, host: pr-hdds-2162-htzpk-1451759861, networkLocation: /rack1, certSerialId: null}
2019-09-26 16:34:41,682 [IPC Server handler 6 on 34880] INFO  net.NetworkTopology (NetworkTopologyImpl.java:add(111)) - Added a new node: /rack1/837115f0-6bdf-4bb0-a918-7bab3585449b
2019-09-26 16:34:41,683 [IPC Server handler 6 on 34880] INFO  node.SCMNodeManager (SCMNodeManager.java:register(266)) - Registered Data node : 837115f0-6bdf-4bb0-a918-7bab3585449b{ip: 192.168.157.234, host: pr-hdds-2162-htzpk-1451759861, networkLocation: /rack1, certSerialId: null}
2019-09-26 16:34:41,760 [IPC Server handler 8 on 34880] INFO  net.NetworkTopology (NetworkTopologyImpl.java:add(111)) - Added a new node: /rack1/acb5cb05-bd62-40bc-82c8-ae32f2a7d477
2019-09-26 16:34:41,760 [IPC Server handler 8 on 34880] INFO  node.SCMNodeManager (SCMNodeManager.java:register(266)) - Registered Data node : acb5cb05-bd62-40bc-82c8-ae32f2a7d477{ip: 192.168.157.234, host: pr-hdds-2162-htzpk-1451759861, networkLocation: /rack1, certSerialId: null}
2019-09-26 16:34:41,832 [IPC Server handler 10 on 34880] INFO  net.NetworkTopology (NetworkTopologyImpl.java:add(111)) - Added a new node: /rack1/1cb81857-6495-4479-8124-808fc28ebfe2
2019-09-26 16:34:41,832 [IPC Server handler 10 on 34880] INFO  node.SCMNodeManager (SCMNodeManager.java:register(266)) - Registered Data node : 1cb81857-6495-4479-8124-808fc28ebfe2{ip: 192.168.157.234, host: pr-hdds-2162-htzpk-1451759861, networkLocation: /rack1, certSerialId: null}
2019-09-26 16:34:41,941 [IPC Server handler 2 on 34880] INFO  net.NetworkTopology (NetworkTopologyImpl.java:add(111)) - Added a new node: /rack1/f9bb6cb5-24ba-4926-b442-6d897d5c3f6a
2019-09-26 16:34:41,941 [IPC Server handler 2 on 34880] INFO  node.SCMNodeManager (SCMNodeManager.java:register(266)) - Registered Data node : f9bb6cb5-24ba-4926-b442-6d897d5c3f6a{ip: 192.168.157.234, host: pr-hdds-2162-htzpk-1451759861, networkLocation: /rack1, certSerialId: null}
2019-09-26 16:34:42,037 [IPC Server handler 3 on 34880] INFO  net.NetworkTopology (NetworkTopologyImpl.java:add(111)) - Added a new node: /rack1/543c4478-56da-43d0-bc7b-befbdfd1ac53
2019-09-26 16:34:42,039 [IPC Server handler 3 on 34880] INFO  node.SCMNodeManager (SCMNodeManager.java:register(266)) - Registered Data node : 543c4478-56da-43d0-bc7b-befbdfd1ac53{ip: 192.168.157.234, host: pr-hdds-2162-htzpk-1451759861, networkLocation: /rack1, certSerialId: null}
2019-09-26 16:34:42,107 [IPC Server handler 0 on 34880] INFO  net.NetworkTopology (NetworkTopologyImpl.java:add(111)) - Added a new node: /rack1/2d203acc-2876-43cc-a645-52d5b2311198
2019-09-26 16:34:42,107 [IPC Server handler 0 on 34880] INFO  node.SCMNodeManager (SCMNodeManager.java:register(266)) - Registered Data node : 2d203acc-2876-43cc-a645-52d5b2311198{ip: 192.168.157.234, host: pr-hdds-2162-htzpk-1451759861, networkLocation: /rack1, certSerialId: null}
2019-09-26 16:34:42,159 [grpc-default-executor-0] INFO  impl.RaftServerProxy (RaftServerProxy.java:addNew(89)) - e92f8c69-4518-4ec8-914d-310b697ee99a: addNew group-639B790198CB:[e92f8c69-4518-4ec8-914d-310b697ee99a:192.168.157.234:37423] returns group-639B790198CB:java.util.concurrent.CompletableFuture@37eb99fa[Not completed]
2019-09-26 16:34:42,181 [IPC Server handler 1 on 34880] INFO  net.NetworkTopology (NetworkTopologyImpl.java:add(111)) - Added a new node: /rack1/05cbe63e-a985-40d9-b8c8-c9fa1f238747
2019-09-26 16:34:42,181 [IPC Server handler 1 on 34880] INFO  node.SCMNodeManager (SCMNodeManager.java:register(266)) - Registered Data node : 05cbe63e-a985-40d9-b8c8-c9fa1f238747{ip: 192.168.157.234, host: pr-hdds-2162-htzpk-1451759861, networkLocation: /rack1, certSerialId: null}
2019-09-26 16:34:42,195 [pool-27-thread-1] INFO  impl.RaftServerImpl (RaftServerImpl.java:<init>(95)) - e92f8c69-4518-4ec8-914d-310b697ee99a: new RaftServerImpl for group-639B790198CB:[e92f8c69-4518-4ec8-914d-310b697ee99a:192.168.157.234:37423] with ContainerStateMachine:uninitialized
2019-09-26 16:34:42,196 [pool-27-thread-1] INFO  server.RaftServerConfigKeys (ConfUtils.java:logGet(43)) - raft.server.rpc.timeout.min = 1s (custom)
2019-09-26 16:34:42,199 [pool-27-thread-1] INFO  server.RaftServerConfigKeys (ConfUtils.java:logGet(43)) - raft.server.rpc.timeout.max = 1200ms (custom)
2019-09-26 16:34:42,199 [pool-27-thread-1] INFO  server.RaftServerConfigKeys (ConfUtils.java:logGet(43)) - raft.server.rpcslowness.timeout = 120s (custom)
2019-09-26 16:34:42,200 [pool-27-thread-1] INFO  server.RaftServerConfigKeys (ConfUtils.java:logGet(43)) - raft.server.sleep.deviation.threshold = 300 (default)
2019-09-26 16:34:42,200 [pool-27-thread-1] INFO  server.RaftServerConfigKeys (ConfUtils.java:logGet(43)) - raft.server.log.appender.install.snapshot.enabled = false (custom)
2019-09-26 16:34:42,209 [pool-27-thread-1] INFO  impl.RaftServerImpl (ServerState.java:<init>(103)) - e92f8c69-4518-4ec8-914d-310b697ee99a@group-639B790198CB: ConfigurationManager, init=-1: [e92f8c69-4518-4ec8-914d-310b697ee99a:192.168.157.234:37423], old=null, confs=<EMPTY_MAP>
2019-09-26 16:34:42,209 [pool-27-thread-1] INFO  server.RaftServerConfigKeys (ConfUtils.java:logGet(43)) - raft.server.storage.dir = [/workdir/hadoop-ozone/integration-test/target/test-dir/MiniOzoneClusterImpl-b5ca4ec9-472d-464d-82c8-bb75eaf95e3a/datanode-0/data/ratis] (custom)
2019-09-26 16:34:42,217 [pool-27-thread-1] INFO  storage.RaftStorageDirectory (RaftStorageDirectory.java:analyzeStorage(246)) - The storage directory /workdir/hadoop-ozone/integration-test/target/test-dir/MiniOzoneClusterImpl-b5ca4ec9-472d-464d-82c8-bb75eaf95e3a/datanode-0/data/ratis/cf9752af-ab1a-451c-99ae-639b790198cb does not exist. Creating ...
2019-09-26 16:34:42,234 [pool-27-thread-1] INFO  storage.RaftStorageDirectory (RaftStorageDirectory.java:tryLock(328)) - Lock on /workdir/hadoop-ozone/integration-test/target/test-dir/MiniOzoneClusterImpl-b5ca4ec9-472d-464d-82c8-bb75eaf95e3a/datanode-0/data/ratis/cf9752af-ab1a-451c-99ae-639b790198cb/in_use.lock acquired by nodename 16662@pr-hdds-2162-htzpk-1451759861
2019-09-26 16:34:42,248 [pool-27-thread-1] INFO  storage.RaftStorage (RaftStorage.java:format(72)) - Storage directory /workdir/hadoop-ozone/integration-test/target/test-dir/MiniOzoneClusterImpl-b5ca4ec9-472d-464d-82c8-bb75eaf95e3a/datanode-0/data/ratis/cf9752af-ab1a-451c-99ae-639b790198cb has been successfully formatted.
2019-09-26 16:34:42,250 [pool-27-thread-1] INFO  ratis.ContainerStateMachine (ContainerStateMachine.java:loadSnapshot(230)) - group-639B790198CB: The snapshot info is null. Setting the last applied indexto:(t:0, i:~)
2019-09-26 16:34:42,251 [pool-27-thread-1] INFO  server.RaftServerConfigKeys (ConfUtils.java:logGet(43)) - raft.server.notification.no-leader.timeout = 120s (custom)
2019-09-26 16:34:42,253 [pool-27-thread-1] INFO  server.RaftServerConfigKeys (ConfUtils.java:logGet(43)) - raft.server.log.use.memory = false (default)
2019-09-26 16:34:42,259 [pool-27-thread-1] INFO  server.RaftServerConfigKeys (ConfUtils.java:logGet(43)) - raft.server.log.purge.gap = 1000000 (custom)
2019-09-26 16:34:42,259 [pool-27-thread-1] INFO  server.RaftServerConfigKeys (ConfUtils.java:logGet(43)) - raft.server.log.appender.buffer.byte-limit = 33554432 (custom)
2019-09-26 16:34:42,262 [pool-27-thread-1] INFO  server.RaftServerConfigKeys (ConfUtils.java:logGet(43)) - raft.server.log.segment.size.max = 1048576 (custom)
2019-09-26 16:34:42,276 [main] INFO  ozone.MiniOzoneClusterImpl (MiniOzoneClusterImpl.java:lambda$waitForClusterToBeReady$0(147)) - Waiting for cluster to be ready. Got 9 of 10 DN Heartbeats.
2019-09-26 16:34:42,286 [pool-27-thread-1] INFO  server.RaftServerConfigKeys (ConfUtils.java:logGet(43)) - raft.server.log.segment.cache.num.max = 2 (custom)
2019-09-26 16:34:42,286 [IPC Server handler 5 on 34880] INFO  net.NetworkTopology (NetworkTopologyImpl.java:add(111)) - Added a new node: /rack1/4d7b7b0b-d4b2-4e9e-949c-b3d401b8342c
2019-09-26 16:34:42,286 [IPC Server handler 5 on 34880] INFO  node.SCMNodeManager (SCMNodeManager.java:register(266)) - Registered Data node : 4d7b7b0b-d4b2-4e9e-949c-b3d401b8342c{ip: 192.168.157.234, host: pr-hdds-2162-htzpk-1451759861, networkLocation: /rack1, certSerialId: null}
2019-09-26 16:34:42,292 [pool-27-thread-1] INFO  segmented.SegmentedRaftLogWorker (SegmentedRaftLogWorker.java:<init>(172)) - new e92f8c69-4518-4ec8-914d-310b697ee99a@group-639B790198CB-SegmentedRaftLogWorker for RaftStorage:Storage Directory /workdir/hadoop-ozone/integration-test/target/test-dir/MiniOzoneClusterImpl-b5ca4ec9-472d-464d-82c8-bb75eaf95e3a/datanode-0/data/ratis/cf9752af-ab1a-451c-99ae-639b790198cb
2019-09-26 16:34:42,293 [pool-27-thread-1] INFO  impl.MetricsSystemImpl (MetricsSystemImpl.java:init(158)) - ratis metrics system started (again)
2019-09-26 16:34:42,300 [pool-27-thread-1] INFO  metrics.MetricRegistries (MetricRegistriesLoader.java:load(64)) - Loaded MetricRegistries class org.apache.ratis.metrics.impl.MetricRegistriesImpl
2019-09-26 16:34:42,336 [pool-27-thread-1] INFO  server.RaftServerConfigKeys (ConfUtils.java:logGet(43)) - raft.server.log.queue.byte-limit = 2147483647 (custom)
2019-09-26 16:34:42,336 [pool-27-thread-1] INFO  server.RaftServerConfigKeys (ConfUtils.java:logGet(43)) - raft.server.log.queue.element-limit = 1024 (custom)
2019-09-26 16:34:42,339 [pool-27-thread-1] INFO  server.RaftServerConfigKeys (ConfUtils.java:logGet(43)) - raft.server.log.segment.size.max = 1048576 (custom)
2019-09-26 16:34:42,340 [pool-27-thread-1] INFO  server.RaftServerConfigKeys (ConfUtils.java:logGet(43)) - raft.server.log.preallocated.size = 16384 (custom)
2019-09-26 16:34:42,340 [pool-27-thread-1] INFO  server.RaftServerConfigKeys (ConfUtils.java:logGet(43)) - raft.server.log.write.buffer.size = 33554432 (custom)
2019-09-26 16:34:42,340 [pool-27-thread-1] INFO  server.RaftServerConfigKeys (ConfUtils.java:logGet(43)) - raft.server.log.force.sync.num = 128 (default)
2019-09-26 16:34:42,341 [pool-27-thread-1] INFO  server.RaftServerConfigKeys (ConfUtils.java:logGet(43)) - raft.server.log.statemachine.data.sync = true (default)
2019-09-26 16:34:42,342 [pool-27-thread-1] INFO  server.RaftServerConfigKeys (ConfUtils.java:logGet(43)) - raft.server.log.statemachine.data.sync.timeout = 10s (default)
2019-09-26 16:34:42,342 [pool-27-thread-1] INFO  server.RaftServerConfigKeys (ConfUtils.java:logGet(43)) - raft.server.log.statemachine.data.sync.timeout.retry = -1 (default)
2019-09-26 16:34:42,350 [pool-27-thread-1] INFO  server.RaftServerConfigKeys (ConfUtils.java:logGet(43)) - raft.server.log.statemachine.data.caching.enabled = true (custom)
2019-09-26 16:34:42,354 [pool-27-thread-1] INFO  segmented.SegmentedRaftLogWorker (SegmentedRaftLogWorker.java:lambda$new$0(132)) - e92f8c69-4518-4ec8-914d-310b697ee99a@group-639B790198CB-SegmentedRaftLogWorker: flushIndex: setUnconditionally 0 -> -1
2019-09-26 16:34:42,359 [pool-27-thread-1] INFO  server.RaftServerConfigKeys (ConfUtils.java:logGet(43)) - raft.server.snapshot.auto.trigger.enabled = true (custom)
2019-09-26 16:34:42,359 [pool-27-thread-1] INFO  server.RaftServerConfigKeys (ConfUtils.java:logGet(43)) - raft.server.snapshot.auto.trigger.threshold = 10000 (custom)
2019-09-26 16:34:42,360 [pool-27-thread-1] INFO  server.RaftServerConfigKeys (ConfUtils.java:logGet(43)) - raft.server.snapshot.retention.num.files = 5 (custom)
2019-09-26 16:34:42,360 [pool-27-thread-1] INFO  server.RaftServerConfigKeys (ConfUtils.java:logGet(43)) - raft.server.retrycache.expirytime = 600000ms (custom)
2019-09-26 16:34:42,385 [pool-27-thread-1] INFO  impl.RaftServerImpl (RaftServerImpl.java:start(185)) - e92f8c69-4518-4ec8-914d-310b697ee99a@group-639B790198CB: start as a follower, conf=-1: [e92f8c69-4518-4ec8-914d-310b697ee99a:192.168.157.234:37423], old=null
2019-09-26 16:34:42,386 [pool-27-thread-1] INFO  impl.RaftServerImpl (RaftServerImpl.java:setRole(174)) - e92f8c69-4518-4ec8-914d-310b697ee99a@group-639B790198CB: changes role from      null to FOLLOWER at term 0 for startAsFollower
2019-09-26 16:34:42,387 [pool-27-thread-1] INFO  impl.RoleInfo (RoleInfo.java:updateAndGet(143)) - e92f8c69-4518-4ec8-914d-310b697ee99a: start FollowerState
2019-09-26 16:34:42,389 [pool-27-thread-1] INFO  util.JmxRegister (JmxRegister.java:tryRegister(44)) - Successfully registered JMX Bean with object name Ratis:service=RaftServer,group=group-639B790198CB,id=e92f8c69-4518-4ec8-914d-310b697ee99a
2019-09-26 16:34:42,461 [RatisPipelineUtilsThread] INFO  pipeline.PipelineStateManager (PipelineStateManager.java:addPipeline(56)) - Created pipeline Pipeline[ Id: cf9752af-ab1a-451c-99ae-639b790198cb, Nodes: e92f8c69-4518-4ec8-914d-310b697ee99a{ip: 192.168.157.234, host: pr-hdds-2162-htzpk-1451759861, networkLocation: /rack1, certSerialId: null}, Type:RATIS, Factor:ONE, State:OPEN]
2019-09-26 16:34:42,493 [grpc-default-executor-1] INFO  impl.RaftServerProxy (RaftServerProxy.java:addNew(89)) - 4d7b7b0b-d4b2-4e9e-949c-b3d401b8342c: addNew group-C79567DAF354:[4d7b7b0b-d4b2-4e9e-949c-b3d401b8342c:192.168.157.234:44365] returns group-C79567DAF354:java.util.concurrent.CompletableFuture@5a1a4616[Not completed]
2019-09-26 16:34:42,582 [pool-117-thread-1] INFO  impl.RaftServerImpl (RaftServerImpl.java:<init>(95)) - 4d7b7b0b-d4b2-4e9e-949c-b3d401b8342c: new RaftServerImpl for group-C79567DAF354:[4d7b7b0b-d4b2-4e9e-949c-b3d401b8342c:192.168.157.234:44365] with ContainerStateMachine:uninitialized
2019-09-26 16:34:42,586 [pool-117-thread-1] INFO  server.RaftServerConfigKeys (ConfUtils.java:logGet(43)) - raft.server.rpc.timeout.min = 1s (custom)
2019-09-26 16:34:42,586 [pool-117-thread-1] INFO  server.RaftServerConfigKeys (ConfUtils.java:logGet(43)) - raft.server.rpc.timeout.max = 1200ms (custom)
2019-09-26 16:34:42,586 [pool-117-thread-1] INFO  server.RaftServerConfigKeys (ConfUtils.java:logGet(43)) - raft.server.rpcslowness.timeout = 120s (custom)
2019-09-26 16:34:42,586 [pool-117-thread-1] INFO  server.RaftServerConfigKeys (ConfUtils.java:logGet(43)) - raft.server.sleep.deviation.threshold = 300 (default)
2019-09-26 16:34:42,587 [pool-117-thread-1] INFO  server.RaftServerConfigKeys (ConfUtils.java:logGet(43)) - raft.server.log.appender.install.snapshot.enabled = false (custom)
2019-09-26 16:34:42,587 [pool-117-thread-1] INFO  impl.RaftServerImpl (ServerState.java:<init>(103)) - 4d7b7b0b-d4b2-4e9e-949c-b3d401b8342c@group-C79567DAF354: ConfigurationManager, init=-1: [4d7b7b0b-d4b2-4e9e-949c-b3d401b8342c:192.168.157.234:44365], old=null, confs=<EMPTY_MAP>
2019-09-26 16:34:42,587 [pool-117-thread-1] INFO  server.RaftServerConfigKeys (ConfUtils.java:logGet(43)) - raft.server.storage.dir = [/workdir/hadoop-ozone/integration-test/target/test-dir/MiniOzoneClusterImpl-b5ca4ec9-472d-464d-82c8-bb75eaf95e3a/datanode-9/data/ratis] (custom)
2019-09-26 16:34:42,588 [pool-117-thread-1] INFO  storage.RaftStorageDirectory (RaftStorageDirectory.java:analyzeStorage(246)) - The storage directory /workdir/hadoop-ozone/integration-test/target/test-dir/MiniOzoneClusterImpl-b5ca4ec9-472d-464d-82c8-bb75eaf95e3a/datanode-9/data/ratis/7491013e-45c4-4e14-bf66-c79567daf354 does not exist. Creating ...
2019-09-26 16:34:42,603 [pool-117-thread-1] INFO  storage.RaftStorageDirectory (RaftStorageDirectory.java:tryLock(328)) - Lock on /workdir/hadoop-ozone/integration-test/target/test-dir/MiniOzoneClusterImpl-b5ca4ec9-472d-464d-82c8-bb75eaf95e3a/datanode-9/data/ratis/7491013e-45c4-4e14-bf66-c79567daf354/in_use.lock acquired by nodename 16662@pr-hdds-2162-htzpk-1451759861
2019-09-26 16:34:42,617 [pool-117-thread-1] INFO  storage.RaftStorage (RaftStorage.java:format(72)) - Storage directory /workdir/hadoop-ozone/integration-test/target/test-dir/MiniOzoneClusterImpl-b5ca4ec9-472d-464d-82c8-bb75eaf95e3a/datanode-9/data/ratis/7491013e-45c4-4e14-bf66-c79567daf354 has been successfully formatted.
2019-09-26 16:34:42,621 [pool-117-thread-1] INFO  ratis.ContainerStateMachine (ContainerStateMachine.java:loadSnapshot(230)) - group-C79567DAF354: The snapshot info is null. Setting the last applied indexto:(t:0, i:~)
2019-09-26 16:34:42,622 [pool-117-thread-1] INFO  server.RaftServerConfigKeys (ConfUtils.java:logGet(43)) - raft.server.notification.no-leader.timeout = 120s (custom)
2019-09-26 16:34:42,623 [pool-117-thread-1] INFO  server.RaftServerConfigKeys (ConfUtils.java:logGet(43)) - raft.server.log.use.memory = false (default)
2019-09-26 16:34:42,623 [pool-117-thread-1] INFO  server.RaftServerConfigKeys (ConfUtils.java:logGet(43)) - raft.server.log.purge.gap = 1000000 (custom)
2019-09-26 16:34:42,623 [pool-117-thread-1] INFO  server.RaftServerConfigKeys (ConfUtils.java:logGet(43)) - raft.server.log.appender.buffer.byte-limit = 33554432 (custom)
2019-09-26 16:34:42,624 [pool-117-thread-1] INFO  server.RaftServerConfigKeys (ConfUtils.java:logGet(43)) - raft.server.log.segment.size.max = 1048576 (custom)
2019-09-26 16:34:42,624 [pool-117-thread-1] INFO  server.RaftServerConfigKeys (ConfUtils.java:logGet(43)) - raft.server.log.segment.cache.num.max = 2 (custom)
2019-09-26 16:34:42,624 [pool-117-thread-1] INFO  segmented.SegmentedRaftLogWorker (SegmentedRaftLogWorker.java:<init>(172)) - new 4d7b7b0b-d4b2-4e9e-949c-b3d401b8342c@group-C79567DAF354-SegmentedRaftLogWorker for RaftStorage:Storage Directory /workdir/hadoop-ozone/integration-test/target/test-dir/MiniOzoneClusterImpl-b5ca4ec9-472d-464d-82c8-bb75eaf95e3a/datanode-9/data/ratis/7491013e-45c4-4e14-bf66-c79567daf354
2019-09-26 16:34:42,633 [pool-117-thread-1] INFO  server.RaftServerConfigKeys (ConfUtils.java:logGet(43)) - raft.server.log.queue.byte-limit = 2147483647 (custom)
2019-09-26 16:34:42,633 [pool-117-thread-1] INFO  server.RaftServerConfigKeys (ConfUtils.java:logGet(43)) - raft.server.log.queue.element-limit = 1024 (custom)
2019-09-26 16:34:42,634 [pool-117-thread-1] INFO  server.RaftServerConfigKeys (ConfUtils.java:logGet(43)) - raft.server.log.segment.size.max = 1048576 (custom)
2019-09-26 16:34:42,634 [pool-117-thread-1] INFO  server.RaftServerConfigKeys (ConfUtils.java:logGet(43)) - raft.server.log.preallocated.size = 16384 (custom)
2019-09-26 16:34:42,634 [pool-117-thread-1] INFO  server.RaftServerConfigKeys (ConfUtils.java:logGet(43)) - raft.server.log.write.buffer.size = 33554432 (custom)
2019-09-26 16:34:42,634 [pool-117-thread-1] INFO  server.RaftServerConfigKeys (ConfUtils.java:logGet(43)) - raft.server.log.force.sync.num = 128 (default)
2019-09-26 16:34:42,634 [pool-117-thread-1] INFO  server.RaftServerConfigKeys (ConfUtils.java:logGet(43)) - raft.server.log.statemachine.data.sync = true (default)
2019-09-26 16:34:42,635 [pool-117-thread-1] INFO  server.RaftServerConfigKeys (ConfUtils.java:logGet(43)) - raft.server.log.statemachine.data.sync.timeout = 10s (default)
2019-09-26 16:34:42,635 [pool-117-thread-1] INFO  server.RaftServerConfigKeys (ConfUtils.java:logGet(43)) - raft.server.log.statemachine.data.sync.timeout.retry = -1 (default)
2019-09-26 16:34:42,635 [pool-117-thread-1] INFO  server.RaftServerConfigKeys (ConfUtils.java:logGet(43)) - raft.server.log.statemachine.data.caching.enabled = true (custom)
2019-09-26 16:34:42,636 [pool-117-thread-1] INFO  segmented.SegmentedRaftLogWorker (SegmentedRaftLogWorker.java:lambda$new$0(132)) - 4d7b7b0b-d4b2-4e9e-949c-b3d401b8342c@group-C79567DAF354-SegmentedRaftLogWorker: flushIndex: setUnconditionally 0 -> -1
2019-09-26 16:34:42,636 [pool-117-thread-1] INFO  server.RaftServerConfigKeys (ConfUtils.java:logGet(43)) - raft.server.snapshot.auto.trigger.enabled = true (custom)
2019-09-26 16:34:42,637 [pool-117-thread-1] INFO  server.RaftServerConfigKeys (ConfUtils.java:logGet(43)) - raft.server.snapshot.auto.trigger.threshold = 10000 (custom)
2019-09-26 16:34:42,637 [pool-117-thread-1] INFO  server.RaftServerConfigKeys (ConfUtils.java:logGet(43)) - raft.server.snapshot.retention.num.files = 5 (custom)
2019-09-26 16:34:42,637 [pool-117-thread-1] INFO  server.RaftServerConfigKeys (ConfUtils.java:logGet(43)) - raft.server.retrycache.expirytime = 600000ms (custom)
2019-09-26 16:34:42,643 [pool-117-thread-1] INFO  impl.RaftServerImpl (RaftServerImpl.java:start(185)) - 4d7b7b0b-d4b2-4e9e-949c-b3d401b8342c@group-C79567DAF354: start as a follower, conf=-1: [4d7b7b0b-d4b2-4e9e-949c-b3d401b8342c:192.168.157.234:44365], old=null
2019-09-26 16:34:42,643 [pool-117-thread-1] INFO  impl.RaftServerImpl (RaftServerImpl.java:setRole(174)) - 4d7b7b0b-d4b2-4e9e-949c-b3d401b8342c@group-C79567DAF354: changes role from      null to FOLLOWER at term 0 for startAsFollower
2019-09-26 16:34:42,644 [pool-117-thread-1] INFO  impl.RoleInfo (RoleInfo.java:updateAndGet(143)) - 4d7b7b0b-d4b2-4e9e-949c-b3d401b8342c: start FollowerState
2019-09-26 16:34:42,646 [pool-117-thread-1] INFO  util.JmxRegister (JmxRegister.java:tryRegister(44)) - Successfully registered JMX Bean with object name Ratis:service=RaftServer,group=group-C79567DAF354,id=4d7b7b0b-d4b2-4e9e-949c-b3d401b8342c
2019-09-26 16:34:42,664 [RatisPipelineUtilsThread] INFO  pipeline.PipelineStateManager (PipelineStateManager.java:addPipeline(56)) - Created pipeline Pipeline[ Id: 7491013e-45c4-4e14-bf66-c79567daf354, Nodes: 4d7b7b0b-d4b2-4e9e-949c-b3d401b8342c{ip: 192.168.157.234, host: pr-hdds-2162-htzpk-1451759861, networkLocation: /rack1, certSerialId: null}, Type:RATIS, Factor:ONE, State:OPEN]
2019-09-26 16:34:42,690 [grpc-default-executor-1] INFO  impl.RaftServerProxy (RaftServerProxy.java:addNew(89)) - 9221d1d4-f927-4b56-ab16-f2eacc87aadd: addNew group-161A8171FEDD:[9221d1d4-f927-4b56-ab16-f2eacc87aadd:192.168.157.234:40823] returns group-161A8171FEDD:java.util.concurrent.CompletableFuture@22d44fee[Not completed]
2019-09-26 16:34:42,724 [pool-37-thread-1] INFO  impl.RaftServerImpl (RaftServerImpl.java:<init>(95)) - 9221d1d4-f927-4b56-ab16-f2eacc87aadd: new RaftServerImpl for group-161A8171FEDD:[9221d1d4-f927-4b56-ab16-f2eacc87aadd:192.168.157.234:40823] with ContainerStateMachine:uninitialized
2019-09-26 16:34:42,724 [pool-37-thread-1] INFO  server.RaftServerConfigKeys (ConfUtils.java:logGet(43)) - raft.server.rpc.timeout.min = 1s (custom)
2019-09-26 16:34:42,724 [pool-37-thread-1] INFO  server.RaftServerConfigKeys (ConfUtils.java:logGet(43)) - raft.server.rpc.timeout.max = 1200ms (custom)
2019-09-26 16:34:42,725 [pool-37-thread-1] INFO  server.RaftServerConfigKeys (ConfUtils.java:logGet(43)) - raft.server.rpcslowness.timeout = 120s (custom)
2019-09-26 16:34:42,725 [pool-37-thread-1] INFO  server.RaftServerConfigKeys (ConfUtils.java:logGet(43)) - raft.server.sleep.deviation.threshold = 300 (default)
2019-09-26 16:34:42,725 [pool-37-thread-1] INFO  server.RaftServerConfigKeys (ConfUtils.java:logGet(43)) - raft.server.log.appender.install.snapshot.enabled = false (custom)
2019-09-26 16:34:42,725 [pool-37-thread-1] INFO  impl.RaftServerImpl (ServerState.java:<init>(103)) - 9221d1d4-f927-4b56-ab16-f2eacc87aadd@group-161A8171FEDD: ConfigurationManager, init=-1: [9221d1d4-f927-4b56-ab16-f2eacc87aadd:192.168.157.234:40823], old=null, confs=<EMPTY_MAP>
2019-09-26 16:34:42,725 [pool-37-thread-1] INFO  server.RaftServerConfigKeys (ConfUtils.java:logGet(43)) - raft.server.storage.dir = [/workdir/hadoop-ozone/integration-test/target/test-dir/MiniOzoneClusterImpl-b5ca4ec9-472d-464d-82c8-bb75eaf95e3a/datanode-1/data/ratis] (custom)
2019-09-26 16:34:42,726 [pool-37-thread-1] INFO  storage.RaftStorageDirectory (RaftStorageDirectory.java:analyzeStorage(246)) - The storage directory /workdir/hadoop-ozone/integration-test/target/test-dir/MiniOzoneClusterImpl-b5ca4ec9-472d-464d-82c8-bb75eaf95e3a/datanode-1/data/ratis/d54939e4-7afc-4d37-85b7-161a8171fedd does not exist. Creating ...
2019-09-26 16:34:42,740 [pool-37-thread-1] INFO  storage.RaftStorageDirectory (RaftStorageDirectory.java:tryLock(328)) - Lock on /workdir/hadoop-ozone/integration-test/target/test-dir/MiniOzoneClusterImpl-b5ca4ec9-472d-464d-82c8-bb75eaf95e3a/datanode-1/data/ratis/d54939e4-7afc-4d37-85b7-161a8171fedd/in_use.lock acquired by nodename 16662@pr-hdds-2162-htzpk-1451759861
2019-09-26 16:34:42,753 [pool-37-thread-1] INFO  storage.RaftStorage (RaftStorage.java:format(72)) - Storage directory /workdir/hadoop-ozone/integration-test/target/test-dir/MiniOzoneClusterImpl-b5ca4ec9-472d-464d-82c8-bb75eaf95e3a/datanode-1/data/ratis/d54939e4-7afc-4d37-85b7-161a8171fedd has been successfully formatted.
2019-09-26 16:34:42,754 [pool-37-thread-1] INFO  ratis.ContainerStateMachine (ContainerStateMachine.java:loadSnapshot(230)) - group-161A8171FEDD: The snapshot info is null. Setting the last applied indexto:(t:0, i:~)
2019-09-26 16:34:42,754 [pool-37-thread-1] INFO  server.RaftServerConfigKeys (ConfUtils.java:logGet(43)) - raft.server.notification.no-leader.timeout = 120s (custom)
2019-09-26 16:34:42,754 [pool-37-thread-1] INFO  server.RaftServerConfigKeys (ConfUtils.java:logGet(43)) - raft.server.log.use.memory = false (default)
2019-09-26 16:34:42,754 [pool-37-thread-1] INFO  server.RaftServerConfigKeys (ConfUtils.java:logGet(43)) - raft.server.log.purge.gap = 1000000 (custom)
2019-09-26 16:34:42,754 [pool-37-thread-1] INFO  server.RaftServerConfigKeys (ConfUtils.java:logGet(43)) - raft.server.log.appender.buffer.byte-limit = 33554432 (custom)
2019-09-26 16:34:42,755 [pool-37-thread-1] INFO  server.RaftServerConfigKeys (ConfUtils.java:logGet(43)) - raft.server.log.segment.size.max = 1048576 (custom)
2019-09-26 16:34:42,755 [pool-37-thread-1] INFO  server.RaftServerConfigKeys (ConfUtils.java:logGet(43)) - raft.server.log.segment.cache.num.max = 2 (custom)
2019-09-26 16:34:42,755 [pool-37-thread-1] INFO  segmented.SegmentedRaftLogWorker (SegmentedRaftLogWorker.java:<init>(172)) - new 9221d1d4-f927-4b56-ab16-f2eacc87aadd@group-161A8171FEDD-SegmentedRaftLogWorker for RaftStorage:Storage Directory /workdir/hadoop-ozone/integration-test/target/test-dir/MiniOzoneClusterImpl-b5ca4ec9-472d-464d-82c8-bb75eaf95e3a/datanode-1/data/ratis/d54939e4-7afc-4d37-85b7-161a8171fedd
2019-09-26 16:34:42,826 [pool-37-thread-1] INFO  server.RaftServerConfigKeys (ConfUtils.java:logGet(43)) - raft.server.log.queue.byte-limit = 2147483647 (custom)
2019-09-26 16:34:42,826 [pool-37-thread-1] INFO  server.RaftServerConfigKeys (ConfUtils.java:logGet(43)) - raft.server.log.queue.element-limit = 1024 (custom)
2019-09-26 16:34:42,827 [pool-37-thread-1] INFO  server.RaftServerConfigKeys (ConfUtils.java:logGet(43)) - raft.server.log.segment.size.max = 1048576 (custom)
2019-09-26 16:34:42,827 [pool-37-thread-1] INFO  server.RaftServerConfigKeys (ConfUtils.java:logGet(43)) - raft.server.log.preallocated.size = 16384 (custom)
2019-09-26 16:34:42,827 [pool-37-thread-1] INFO  server.RaftServerConfigKeys (ConfUtils.java:logGet(43)) - raft.server.log.write.buffer.size = 33554432 (custom)
2019-09-26 16:34:42,827 [pool-37-thread-1] INFO  server.RaftServerConfigKeys (ConfUtils.java:logGet(43)) - raft.server.log.force.sync.num = 128 (default)
2019-09-26 16:34:42,827 [pool-37-thread-1] INFO  server.RaftServerConfigKeys (ConfUtils.java:logGet(43)) - raft.server.log.statemachine.data.sync = true (default)
2019-09-26 16:34:42,828 [pool-37-thread-1] INFO  server.RaftServerConfigKeys (ConfUtils.java:logGet(43)) - raft.server.log.statemachine.data.sync.timeout = 10s (default)
2019-09-26 16:34:42,828 [pool-37-thread-1] INFO  server.RaftServerConfigKeys (ConfUtils.java:logGet(43)) - raft.server.log.statemachine.data.sync.timeout.retry = -1 (default)
2019-09-26 16:34:42,828 [pool-37-thread-1] INFO  server.RaftServerConfigKeys (ConfUtils.java:logGet(43)) - raft.server.log.statemachine.data.caching.enabled = true (custom)
2019-09-26 16:34:42,829 [pool-37-thread-1] INFO  segmented.SegmentedRaftLogWorker (SegmentedRaftLogWorker.java:lambda$new$0(132)) - 9221d1d4-f927-4b56-ab16-f2eacc87aadd@group-161A8171FEDD-SegmentedRaftLogWorker: flushIndex: setUnconditionally 0 -> -1
2019-09-26 16:34:42,829 [pool-37-thread-1] INFO  server.RaftServerConfigKeys (ConfUtils.java:logGet(43)) - raft.server.snapshot.auto.trigger.enabled = true (custom)
2019-09-26 16:34:42,830 [pool-37-thread-1] INFO  server.RaftServerConfigKeys (ConfUtils.java:logGet(43)) - raft.server.snapshot.auto.trigger.threshold = 10000 (custom)
2019-09-26 16:34:42,830 [pool-37-thread-1] INFO  server.RaftServerConfigKeys (ConfUtils.java:logGet(43)) - raft.server.snapshot.retention.num.files = 5 (custom)
2019-09-26 16:34:42,830 [pool-37-thread-1] INFO  server.RaftServerConfigKeys (ConfUtils.java:logGet(43)) - raft.server.retrycache.expirytime = 600000ms (custom)
2019-09-26 16:34:42,836 [pool-37-thread-1] INFO  impl.RaftServerImpl (RaftServerImpl.java:start(185)) - 9221d1d4-f927-4b56-ab16-f2eacc87aadd@group-161A8171FEDD: start as a follower, conf=-1: [9221d1d4-f927-4b56-ab16-f2eacc87aadd:192.168.157.234:40823], old=null
2019-09-26 16:34:42,836 [pool-37-thread-1] INFO  impl.RaftServerImpl (RaftServerImpl.java:setRole(174)) - 9221d1d4-f927-4b56-ab16-f2eacc87aadd@group-161A8171FEDD: changes role from      null to FOLLOWER at term 0 for startAsFollower
2019-09-26 16:34:42,837 [pool-37-thread-1] INFO  impl.RoleInfo (RoleInfo.java:updateAndGet(143)) - 9221d1d4-f927-4b56-ab16-f2eacc87aadd: start FollowerState
2019-09-26 16:34:42,837 [pool-37-thread-1] INFO  util.JmxRegister (JmxRegister.java:tryRegister(44)) - Successfully registered JMX Bean with object name Ratis:service=RaftServer,group=group-161A8171FEDD,id=9221d1d4-f927-4b56-ab16-f2eacc87aadd
2019-09-26 16:34:42,855 [RatisPipelineUtilsThread] INFO  pipeline.PipelineStateManager (PipelineStateManager.java:addPipeline(56)) - Created pipeline Pipeline[ Id: d54939e4-7afc-4d37-85b7-161a8171fedd, Nodes: 9221d1d4-f927-4b56-ab16-f2eacc87aadd{ip: 192.168.157.234, host: pr-hdds-2162-htzpk-1451759861, networkLocation: /rack1, certSerialId: null}, Type:RATIS, Factor:ONE, State:OPEN]
2019-09-26 16:34:42,891 [grpc-default-executor-1] INFO  impl.RaftServerProxy (RaftServerProxy.java:addNew(89)) - 837115f0-6bdf-4bb0-a918-7bab3585449b: addNew group-94E000F37FFD:[837115f0-6bdf-4bb0-a918-7bab3585449b:192.168.157.234:40176] returns group-94E000F37FFD:java.util.concurrent.CompletableFuture@7b08b362[Not completed]
2019-09-26 16:34:42,897 [pool-47-thread-1] INFO  impl.RaftServerImpl (RaftServerImpl.java:<init>(95)) - 837115f0-6bdf-4bb0-a918-7bab3585449b: new RaftServerImpl for group-94E000F37FFD:[837115f0-6bdf-4bb0-a918-7bab3585449b:192.168.157.234:40176] with ContainerStateMachine:uninitialized
2019-09-26 16:34:42,898 [pool-47-thread-1] INFO  server.RaftServerConfigKeys (ConfUtils.java:logGet(43)) - raft.server.rpc.timeout.min = 1s (custom)
2019-09-26 16:34:42,898 [pool-47-thread-1] INFO  server.RaftServerConfigKeys (ConfUtils.java:logGet(43)) - raft.server.rpc.timeout.max = 1200ms (custom)
2019-09-26 16:34:42,898 [pool-47-thread-1] INFO  server.RaftServerConfigKeys (ConfUtils.java:logGet(43)) - raft.server.rpcslowness.timeout = 120s (custom)
2019-09-26 16:34:42,898 [pool-47-thread-1] INFO  server.RaftServerConfigKeys (ConfUtils.java:logGet(43)) - raft.server.sleep.deviation.threshold = 300 (default)
2019-09-26 16:34:42,898 [pool-47-thread-1] INFO  server.RaftServerConfigKeys (ConfUtils.java:logGet(43)) - raft.server.log.appender.install.snapshot.enabled = false (custom)
2019-09-26 16:34:42,899 [pool-47-thread-1] INFO  impl.RaftServerImpl (ServerState.java:<init>(103)) - 837115f0-6bdf-4bb0-a918-7bab3585449b@group-94E000F37FFD: ConfigurationManager, init=-1: [837115f0-6bdf-4bb0-a918-7bab3585449b:192.168.157.234:40176], old=null, confs=<EMPTY_MAP>
2019-09-26 16:34:42,899 [pool-47-thread-1] INFO  server.RaftServerConfigKeys (ConfUtils.java:logGet(43)) - raft.server.storage.dir = [/workdir/hadoop-ozone/integration-test/target/test-dir/MiniOzoneClusterImpl-b5ca4ec9-472d-464d-82c8-bb75eaf95e3a/datanode-2/data/ratis] (custom)
2019-09-26 16:34:42,899 [pool-47-thread-1] INFO  storage.RaftStorageDirectory (RaftStorageDirectory.java:analyzeStorage(246)) - The storage directory /workdir/hadoop-ozone/integration-test/target/test-dir/MiniOzoneClusterImpl-b5ca4ec9-472d-464d-82c8-bb75eaf95e3a/datanode-2/data/ratis/8a056127-bc5d-410f-9d69-94e000f37ffd does not exist. Creating ...
2019-09-26 16:34:42,911 [pool-47-thread-1] INFO  storage.RaftStorageDirectory (RaftStorageDirectory.java:tryLock(328)) - Lock on /workdir/hadoop-ozone/integration-test/target/test-dir/MiniOzoneClusterImpl-b5ca4ec9-472d-464d-82c8-bb75eaf95e3a/datanode-2/data/ratis/8a056127-bc5d-410f-9d69-94e000f37ffd/in_use.lock acquired by nodename 16662@pr-hdds-2162-htzpk-1451759861
2019-09-26 16:34:42,925 [pool-47-thread-1] INFO  storage.RaftStorage (RaftStorage.java:format(72)) - Storage directory /workdir/hadoop-ozone/integration-test/target/test-dir/MiniOzoneClusterImpl-b5ca4ec9-472d-464d-82c8-bb75eaf95e3a/datanode-2/data/ratis/8a056127-bc5d-410f-9d69-94e000f37ffd has been successfully formatted.
2019-09-26 16:34:42,925 [pool-47-thread-1] INFO  ratis.ContainerStateMachine (ContainerStateMachine.java:loadSnapshot(230)) - group-94E000F37FFD: The snapshot info is null. Setting the last applied indexto:(t:0, i:~)
2019-09-26 16:34:42,925 [pool-47-thread-1] INFO  server.RaftServerConfigKeys (ConfUtils.java:logGet(43)) - raft.server.notification.no-leader.timeout = 120s (custom)
2019-09-26 16:34:42,926 [pool-47-thread-1] INFO  server.RaftServerConfigKeys (ConfUtils.java:logGet(43)) - raft.server.log.use.memory = false (default)
2019-09-26 16:34:42,926 [pool-47-thread-1] INFO  server.RaftServerConfigKeys (ConfUtils.java:logGet(43)) - raft.server.log.purge.gap = 1000000 (custom)
2019-09-26 16:34:42,926 [pool-47-thread-1] INFO  server.RaftServerConfigKeys (ConfUtils.java:logGet(43)) - raft.server.log.appender.buffer.byte-limit = 33554432 (custom)
2019-09-26 16:34:42,926 [pool-47-thread-1] INFO  server.RaftServerConfigKeys (ConfUtils.java:logGet(43)) - raft.server.log.segment.size.max = 1048576 (custom)
2019-09-26 16:34:42,926 [pool-47-thread-1] INFO  server.RaftServerConfigKeys (ConfUtils.java:logGet(43)) - raft.server.log.segment.cache.num.max = 2 (custom)
2019-09-26 16:34:42,927 [pool-47-thread-1] INFO  segmented.SegmentedRaftLogWorker (SegmentedRaftLogWorker.java:<init>(172)) - new 837115f0-6bdf-4bb0-a918-7bab3585449b@group-94E000F37FFD-SegmentedRaftLogWorker for RaftStorage:Storage Directory /workdir/hadoop-ozone/integration-test/target/test-dir/MiniOzoneClusterImpl-b5ca4ec9-472d-464d-82c8-bb75eaf95e3a/datanode-2/data/ratis/8a056127-bc5d-410f-9d69-94e000f37ffd
2019-09-26 16:34:42,932 [pool-47-thread-1] INFO  server.RaftServerConfigKeys (ConfUtils.java:logGet(43)) - raft.server.log.queue.byte-limit = 2147483647 (custom)
2019-09-26 16:34:42,932 [pool-47-thread-1] INFO  server.RaftServerConfigKeys (ConfUtils.java:logGet(43)) - raft.server.log.queue.element-limit = 1024 (custom)
2019-09-26 16:34:42,932 [pool-47-thread-1] INFO  server.RaftServerConfigKeys (ConfUtils.java:logGet(43)) - raft.server.log.segment.size.max = 1048576 (custom)
2019-09-26 16:34:42,933 [pool-47-thread-1] INFO  server.RaftServerConfigKeys (ConfUtils.java:logGet(43)) - raft.server.log.preallocated.size = 16384 (custom)
2019-09-26 16:34:42,933 [pool-47-thread-1] INFO  server.RaftServerConfigKeys (ConfUtils.java:logGet(43)) - raft.server.log.write.buffer.size = 33554432 (custom)
2019-09-26 16:34:42,933 [pool-47-thread-1] INFO  server.RaftServerConfigKeys (ConfUtils.java:logGet(43)) - raft.server.log.force.sync.num = 128 (default)
2019-09-26 16:34:42,933 [pool-47-thread-1] INFO  server.RaftServerConfigKeys (ConfUtils.java:logGet(43)) - raft.server.log.statemachine.data.sync = true (default)
2019-09-26 16:34:42,933 [pool-47-thread-1] INFO  server.RaftServerConfigKeys (ConfUtils.java:logGet(43)) - raft.server.log.statemachine.data.sync.timeout = 10s (default)
2019-09-26 16:34:42,933 [pool-47-thread-1] INFO  server.RaftServerConfigKeys (ConfUtils.java:logGet(43)) - raft.server.log.statemachine.data.sync.timeout.retry = -1 (default)
2019-09-26 16:34:42,934 [pool-47-thread-1] INFO  server.RaftServerConfigKeys (ConfUtils.java:logGet(43)) - raft.server.log.statemachine.data.caching.enabled = true (custom)
2019-09-26 16:34:42,934 [pool-47-thread-1] INFO  segmented.SegmentedRaftLogWorker (SegmentedRaftLogWorker.java:lambda$new$0(132)) - 837115f0-6bdf-4bb0-a918-7bab3585449b@group-94E000F37FFD-SegmentedRaftLogWorker: flushIndex: setUnconditionally 0 -> -1
2019-09-26 16:34:42,935 [pool-47-thread-1] INFO  server.RaftServerConfigKeys (ConfUtils.java:logGet(43)) - raft.server.snapshot.auto.trigger.enabled = true (custom)
2019-09-26 16:34:42,935 [pool-47-thread-1] INFO  server.RaftServerConfigKeys (ConfUtils.java:logGet(43)) - raft.server.snapshot.auto.trigger.threshold = 10000 (custom)
2019-09-26 16:34:42,935 [pool-47-thread-1] INFO  server.RaftServerConfigKeys (ConfUtils.java:logGet(43)) - raft.server.snapshot.retention.num.files = 5 (custom)
2019-09-26 16:34:42,935 [pool-47-thread-1] INFO  server.RaftServerConfigKeys (ConfUtils.java:logGet(43)) - raft.server.retrycache.expirytime = 600000ms (custom)
2019-09-26 16:34:42,940 [pool-47-thread-1] INFO  impl.RaftServerImpl (RaftServerImpl.java:start(185)) - 837115f0-6bdf-4bb0-a918-7bab3585449b@group-94E000F37FFD: start as a follower, conf=-1: [837115f0-6bdf-4bb0-a918-7bab3585449b:192.168.157.234:40176], old=null
2019-09-26 16:34:42,941 [pool-47-thread-1] INFO  impl.RaftServerImpl (RaftServerImpl.java:setRole(174)) - 837115f0-6bdf-4bb0-a918-7bab3585449b@group-94E000F37FFD: changes role from      null to FOLLOWER at term 0 for startAsFollower
2019-09-26 16:34:42,941 [pool-47-thread-1] INFO  impl.RoleInfo (RoleInfo.java:updateAndGet(143)) - 837115f0-6bdf-4bb0-a918-7bab3585449b: start FollowerState
2019-09-26 16:34:42,941 [pool-47-thread-1] INFO  util.JmxRegister (JmxRegister.java:tryRegister(44)) - Successfully registered JMX Bean with object name Ratis:service=RaftServer,group=group-94E000F37FFD,id=837115f0-6bdf-4bb0-a918-7bab3585449b
2019-09-26 16:34:42,969 [RatisPipelineUtilsThread] INFO  pipeline.PipelineStateManager (PipelineStateManager.java:addPipeline(56)) - Created pipeline Pipeline[ Id: 8a056127-bc5d-410f-9d69-94e000f37ffd, Nodes: 837115f0-6bdf-4bb0-a918-7bab3585449b{ip: 192.168.157.234, host: pr-hdds-2162-htzpk-1451759861, networkLocation: /rack1, certSerialId: null}, Type:RATIS, Factor:ONE, State:OPEN]
2019-09-26 16:34:42,990 [grpc-default-executor-1] INFO  impl.RaftServerProxy (RaftServerProxy.java:addNew(89)) - acb5cb05-bd62-40bc-82c8-ae32f2a7d477: addNew group-853E24B469E8:[acb5cb05-bd62-40bc-82c8-ae32f2a7d477:192.168.157.234:45827] returns group-853E24B469E8:java.util.concurrent.CompletableFuture@41eb8427[Not completed]
2019-09-26 16:34:42,996 [pool-57-thread-1] INFO  impl.RaftServerImpl (RaftServerImpl.java:<init>(95)) - acb5cb05-bd62-40bc-82c8-ae32f2a7d477: new RaftServerImpl for group-853E24B469E8:[acb5cb05-bd62-40bc-82c8-ae32f2a7d477:192.168.157.234:45827] with ContainerStateMachine:uninitialized
2019-09-26 16:34:42,997 [pool-57-thread-1] INFO  server.RaftServerConfigKeys (ConfUtils.java:logGet(43)) - raft.server.rpc.timeout.min = 1s (custom)
2019-09-26 16:34:42,997 [pool-57-thread-1] INFO  server.RaftServerConfigKeys (ConfUtils.java:logGet(43)) - raft.server.rpc.timeout.max = 1200ms (custom)
2019-09-26 16:34:42,997 [pool-57-thread-1] INFO  server.RaftServerConfigKeys (ConfUtils.java:logGet(43)) - raft.server.rpcslowness.timeout = 120s (custom)
2019-09-26 16:34:42,997 [pool-57-thread-1] INFO  server.RaftServerConfigKeys (ConfUtils.java:logGet(43)) - raft.server.sleep.deviation.threshold = 300 (default)
2019-09-26 16:34:42,997 [pool-57-thread-1] INFO  server.RaftServerConfigKeys (ConfUtils.java:logGet(43)) - raft.server.log.appender.install.snapshot.enabled = false (custom)
2019-09-26 16:34:42,997 [pool-57-thread-1] INFO  impl.RaftServerImpl (ServerState.java:<init>(103)) - acb5cb05-bd62-40bc-82c8-ae32f2a7d477@group-853E24B469E8: ConfigurationManager, init=-1: [acb5cb05-bd62-40bc-82c8-ae32f2a7d477:192.168.157.234:45827], old=null, confs=<EMPTY_MAP>
2019-09-26 16:34:42,998 [pool-57-thread-1] INFO  server.RaftServerConfigKeys (ConfUtils.java:logGet(43)) - raft.server.storage.dir = [/workdir/hadoop-ozone/integration-test/target/test-dir/MiniOzoneClusterImpl-b5ca4ec9-472d-464d-82c8-bb75eaf95e3a/datanode-3/data/ratis] (custom)
2019-09-26 16:34:42,998 [pool-57-thread-1] INFO  storage.RaftStorageDirectory (RaftStorageDirectory.java:analyzeStorage(246)) - The storage directory /workdir/hadoop-ozone/integration-test/target/test-dir/MiniOzoneClusterImpl-b5ca4ec9-472d-464d-82c8-bb75eaf95e3a/datanode-3/data/ratis/75efdfce-747a-4f1d-bdb6-853e24b469e8 does not exist. Creating ...
2019-09-26 16:34:43,012 [pool-57-thread-1] INFO  storage.RaftStorageDirectory (RaftStorageDirectory.java:tryLock(328)) - Lock on /workdir/hadoop-ozone/integration-test/target/test-dir/MiniOzoneClusterImpl-b5ca4ec9-472d-464d-82c8-bb75eaf95e3a/datanode-3/data/ratis/75efdfce-747a-4f1d-bdb6-853e24b469e8/in_use.lock acquired by nodename 16662@pr-hdds-2162-htzpk-1451759861
2019-09-26 16:34:43,025 [pool-57-thread-1] INFO  storage.RaftStorage (RaftStorage.java:format(72)) - Storage directory /workdir/hadoop-ozone/integration-test/target/test-dir/MiniOzoneClusterImpl-b5ca4ec9-472d-464d-82c8-bb75eaf95e3a/datanode-3/data/ratis/75efdfce-747a-4f1d-bdb6-853e24b469e8 has been successfully formatted.
2019-09-26 16:34:43,026 [pool-57-thread-1] INFO  ratis.ContainerStateMachine (ContainerStateMachine.java:loadSnapshot(230)) - group-853E24B469E8: The snapshot info is null. Setting the last applied indexto:(t:0, i:~)
2019-09-26 16:34:43,026 [pool-57-thread-1] INFO  server.RaftServerConfigKeys (ConfUtils.java:logGet(43)) - raft.server.notification.no-leader.timeout = 120s (custom)
2019-09-26 16:34:43,026 [pool-57-thread-1] INFO  server.RaftServerConfigKeys (ConfUtils.java:logGet(43)) - raft.server.log.use.memory = false (default)
2019-09-26 16:34:43,026 [pool-57-thread-1] INFO  server.RaftServerConfigKeys (ConfUtils.java:logGet(43)) - raft.server.log.purge.gap = 1000000 (custom)
2019-09-26 16:34:43,026 [pool-57-thread-1] INFO  server.RaftServerConfigKeys (ConfUtils.java:logGet(43)) - raft.server.log.appender.buffer.byte-limit = 33554432 (custom)
2019-09-26 16:34:43,026 [pool-57-thread-1] INFO  server.RaftServerConfigKeys (ConfUtils.java:logGet(43)) - raft.server.log.segment.size.max = 1048576 (custom)
2019-09-26 16:34:43,026 [pool-57-thread-1] INFO  server.RaftServerConfigKeys (ConfUtils.java:logGet(43)) - raft.server.log.segment.cache.num.max = 2 (custom)
2019-09-26 16:34:43,027 [pool-57-thread-1] INFO  segmented.SegmentedRaftLogWorker (SegmentedRaftLogWorker.java:<init>(172)) - new acb5cb05-bd62-40bc-82c8-ae32f2a7d477@group-853E24B469E8-SegmentedRaftLogWorker for RaftStorage:Storage Directory /workdir/hadoop-ozone/integration-test/target/test-dir/MiniOzoneClusterImpl-b5ca4ec9-472d-464d-82c8-bb75eaf95e3a/datanode-3/data/ratis/75efdfce-747a-4f1d-bdb6-853e24b469e8
2019-09-26 16:34:43,031 [pool-57-thread-1] INFO  server.RaftServerConfigKeys (ConfUtils.java:logGet(43)) - raft.server.log.queue.byte-limit = 2147483647 (custom)
2019-09-26 16:34:43,031 [pool-57-thread-1] INFO  server.RaftServerConfigKeys (ConfUtils.java:logGet(43)) - raft.server.log.queue.element-limit = 1024 (custom)
2019-09-26 16:34:43,031 [pool-57-thread-1] INFO  server.RaftServerConfigKeys (ConfUtils.java:logGet(43)) - raft.server.log.segment.size.max = 1048576 (custom)
2019-09-26 16:34:43,031 [pool-57-thread-1] INFO  server.RaftServerConfigKeys (ConfUtils.java:logGet(43)) - raft.server.log.preallocated.size = 16384 (custom)
2019-09-26 16:34:43,032 [pool-57-thread-1] INFO  server.RaftServerConfigKeys (ConfUtils.java:logGet(43)) - raft.server.log.write.buffer.size = 33554432 (custom)
2019-09-26 16:34:43,032 [pool-57-thread-1] INFO  server.RaftServerConfigKeys (ConfUtils.java:logGet(43)) - raft.server.log.force.sync.num = 128 (default)
2019-09-26 16:34:43,032 [pool-57-thread-1] INFO  server.RaftServerConfigKeys (ConfUtils.java:logGet(43)) - raft.server.log.statemachine.data.sync = true (default)
2019-09-26 16:34:43,032 [pool-57-thread-1] INFO  server.RaftServerConfigKeys (ConfUtils.java:logGet(43)) - raft.server.log.statemachine.data.sync.timeout = 10s (default)
2019-09-26 16:34:43,032 [pool-57-thread-1] INFO  server.RaftServerConfigKeys (ConfUtils.java:logGet(43)) - raft.server.log.statemachine.data.sync.timeout.retry = -1 (default)
2019-09-26 16:34:43,033 [pool-57-thread-1] INFO  server.RaftServerConfigKeys (ConfUtils.java:logGet(43)) - raft.server.log.statemachine.data.caching.enabled = true (custom)
2019-09-26 16:34:43,033 [pool-57-thread-1] INFO  segmented.SegmentedRaftLogWorker (SegmentedRaftLogWorker.java:lambda$new$0(132)) - acb5cb05-bd62-40bc-82c8-ae32f2a7d477@group-853E24B469E8-SegmentedRaftLogWorker: flushIndex: setUnconditionally 0 -> -1
2019-09-26 16:34:43,033 [pool-57-thread-1] INFO  server.RaftServerConfigKeys (ConfUtils.java:logGet(43)) - raft.server.snapshot.auto.trigger.enabled = true (custom)
2019-09-26 16:34:43,033 [pool-57-thread-1] INFO  server.RaftServerConfigKeys (ConfUtils.java:logGet(43)) - raft.server.snapshot.auto.trigger.threshold = 10000 (custom)
2019-09-26 16:34:43,034 [pool-57-thread-1] INFO  server.RaftServerConfigKeys (ConfUtils.java:logGet(43)) - raft.server.snapshot.retention.num.files = 5 (custom)
2019-09-26 16:34:43,034 [pool-57-thread-1] INFO  server.RaftServerConfigKeys (ConfUtils.java:logGet(43)) - raft.server.retrycache.expirytime = 600000ms (custom)
2019-09-26 16:34:43,118 [pool-57-thread-1] INFO  impl.RaftServerImpl (RaftServerImpl.java:start(185)) - acb5cb05-bd62-40bc-82c8-ae32f2a7d477@group-853E24B469E8: start as a follower, conf=-1: [acb5cb05-bd62-40bc-82c8-ae32f2a7d477:192.168.157.234:45827], old=null
2019-09-26 16:34:43,118 [pool-57-thread-1] INFO  impl.RaftServerImpl (RaftServerImpl.java:setRole(174)) - acb5cb05-bd62-40bc-82c8-ae32f2a7d477@group-853E24B469E8: changes role from      null to FOLLOWER at term 0 for startAsFollower
2019-09-26 16:34:43,118 [pool-57-thread-1] INFO  impl.RoleInfo (RoleInfo.java:updateAndGet(143)) - acb5cb05-bd62-40bc-82c8-ae32f2a7d477: start FollowerState
2019-09-26 16:34:43,119 [pool-57-thread-1] INFO  util.JmxRegister (JmxRegister.java:tryRegister(44)) - Successfully registered JMX Bean with object name Ratis:service=RaftServer,group=group-853E24B469E8,id=acb5cb05-bd62-40bc-82c8-ae32f2a7d477
2019-09-26 16:34:43,149 [RatisPipelineUtilsThread] INFO  pipeline.PipelineStateManager (PipelineStateManager.java:addPipeline(56)) - Created pipeline Pipeline[ Id: 75efdfce-747a-4f1d-bdb6-853e24b469e8, Nodes: acb5cb05-bd62-40bc-82c8-ae32f2a7d477{ip: 192.168.157.234, host: pr-hdds-2162-htzpk-1451759861, networkLocation: /rack1, certSerialId: null}, Type:RATIS, Factor:ONE, State:OPEN]
2019-09-26 16:34:43,196 [grpc-default-executor-1] INFO  impl.RaftServerProxy (RaftServerProxy.java:addNew(89)) - 1cb81857-6495-4479-8124-808fc28ebfe2: addNew group-0EA23F1C529B:[1cb81857-6495-4479-8124-808fc28ebfe2:192.168.157.234:42169] returns group-0EA23F1C529B:java.util.concurrent.CompletableFuture@72b91ed0[Not completed]
2019-09-26 16:34:43,201 [pool-67-thread-1] INFO  impl.RaftServerImpl (RaftServerImpl.java:<init>(95)) - 1cb81857-6495-4479-8124-808fc28ebfe2: new RaftServerImpl for group-0EA23F1C529B:[1cb81857-6495-4479-8124-808fc28ebfe2:192.168.157.234:42169] with ContainerStateMachine:uninitialized
2019-09-26 16:34:43,202 [pool-67-thread-1] INFO  server.RaftServerConfigKeys (ConfUtils.java:logGet(43)) - raft.server.rpc.timeout.min = 1s (custom)
2019-09-26 16:34:43,202 [pool-67-thread-1] INFO  server.RaftServerConfigKeys (ConfUtils.java:logGet(43)) - raft.server.rpc.timeout.max = 1200ms (custom)
2019-09-26 16:34:43,202 [pool-67-thread-1] INFO  server.RaftServerConfigKeys (ConfUtils.java:logGet(43)) - raft.server.rpcslowness.timeout = 120s (custom)
2019-09-26 16:34:43,202 [pool-67-thread-1] INFO  server.RaftServerConfigKeys (ConfUtils.java:logGet(43)) - raft.server.sleep.deviation.threshold = 300 (default)
2019-09-26 16:34:43,203 [pool-67-thread-1] INFO  server.RaftServerConfigKeys (ConfUtils.java:logGet(43)) - raft.server.log.appender.install.snapshot.enabled = false (custom)
2019-09-26 16:34:43,203 [pool-67-thread-1] INFO  impl.RaftServerImpl (ServerState.java:<init>(103)) - 1cb81857-6495-4479-8124-808fc28ebfe2@group-0EA23F1C529B: ConfigurationManager, init=-1: [1cb81857-6495-4479-8124-808fc28ebfe2:192.168.157.234:42169], old=null, confs=<EMPTY_MAP>
2019-09-26 16:34:43,203 [pool-67-thread-1] INFO  server.RaftServerConfigKeys (ConfUtils.java:logGet(43)) - raft.server.storage.dir = [/workdir/hadoop-ozone/integration-test/target/test-dir/MiniOzoneClusterImpl-b5ca4ec9-472d-464d-82c8-bb75eaf95e3a/datanode-4/data/ratis] (custom)
2019-09-26 16:34:43,204 [pool-67-thread-1] INFO  storage.RaftStorageDirectory (RaftStorageDirectory.java:analyzeStorage(246)) - The storage directory /workdir/hadoop-ozone/integration-test/target/test-dir/MiniOzoneClusterImpl-b5ca4ec9-472d-464d-82c8-bb75eaf95e3a/datanode-4/data/ratis/a45aeb4a-7109-4e44-8b84-0ea23f1c529b does not exist. Creating ...
2019-09-26 16:34:43,217 [pool-67-thread-1] INFO  storage.RaftStorageDirectory (RaftStorageDirectory.java:tryLock(328)) - Lock on /workdir/hadoop-ozone/integration-test/target/test-dir/MiniOzoneClusterImpl-b5ca4ec9-472d-464d-82c8-bb75eaf95e3a/datanode-4/data/ratis/a45aeb4a-7109-4e44-8b84-0ea23f1c529b/in_use.lock acquired by nodename 16662@pr-hdds-2162-htzpk-1451759861
2019-09-26 16:34:43,231 [pool-67-thread-1] INFO  storage.RaftStorage (RaftStorage.java:format(72)) - Storage directory /workdir/hadoop-ozone/integration-test/target/test-dir/MiniOzoneClusterImpl-b5ca4ec9-472d-464d-82c8-bb75eaf95e3a/datanode-4/data/ratis/a45aeb4a-7109-4e44-8b84-0ea23f1c529b has been successfully formatted.
2019-09-26 16:34:43,231 [pool-67-thread-1] INFO  ratis.ContainerStateMachine (ContainerStateMachine.java:loadSnapshot(230)) - group-0EA23F1C529B: The snapshot info is null. Setting the last applied indexto:(t:0, i:~)
2019-09-26 16:34:43,231 [pool-67-thread-1] INFO  server.RaftServerConfigKeys (ConfUtils.java:logGet(43)) - raft.server.notification.no-leader.timeout = 120s (custom)
2019-09-26 16:34:43,231 [pool-67-thread-1] INFO  server.RaftServerConfigKeys (ConfUtils.java:logGet(43)) - raft.server.log.use.memory = false (default)
2019-09-26 16:34:43,231 [pool-67-thread-1] INFO  server.RaftServerConfigKeys (ConfUtils.java:logGet(43)) - raft.server.log.purge.gap = 1000000 (custom)
2019-09-26 16:34:43,232 [pool-67-thread-1] INFO  server.RaftServerConfigKeys (ConfUtils.java:logGet(43)) - raft.server.log.appender.buffer.byte-limit = 33554432 (custom)
2019-09-26 16:34:43,232 [pool-67-thread-1] INFO  server.RaftServerConfigKeys (ConfUtils.java:logGet(43)) - raft.server.log.segment.size.max = 1048576 (custom)
2019-09-26 16:34:43,232 [pool-67-thread-1] INFO  server.RaftServerConfigKeys (ConfUtils.java:logGet(43)) - raft.server.log.segment.cache.num.max = 2 (custom)
2019-09-26 16:34:43,232 [pool-67-thread-1] INFO  segmented.SegmentedRaftLogWorker (SegmentedRaftLogWorker.java:<init>(172)) - new 1cb81857-6495-4479-8124-808fc28ebfe2@group-0EA23F1C529B-SegmentedRaftLogWorker for RaftStorage:Storage Directory /workdir/hadoop-ozone/integration-test/target/test-dir/MiniOzoneClusterImpl-b5ca4ec9-472d-464d-82c8-bb75eaf95e3a/datanode-4/data/ratis/a45aeb4a-7109-4e44-8b84-0ea23f1c529b
2019-09-26 16:34:43,236 [pool-67-thread-1] INFO  server.RaftServerConfigKeys (ConfUtils.java:logGet(43)) - raft.server.log.queue.byte-limit = 2147483647 (custom)
2019-09-26 16:34:43,236 [pool-67-thread-1] INFO  server.RaftServerConfigKeys (ConfUtils.java:logGet(43)) - raft.server.log.queue.element-limit = 1024 (custom)
2019-09-26 16:34:43,236 [pool-67-thread-1] INFO  server.RaftServerConfigKeys (ConfUtils.java:logGet(43)) - raft.server.log.segment.size.max = 1048576 (custom)
2019-09-26 16:34:43,236 [pool-67-thread-1] INFO  server.RaftServerConfigKeys (ConfUtils.java:logGet(43)) - raft.server.log.preallocated.size = 16384 (custom)
2019-09-26 16:34:43,237 [pool-67-thread-1] INFO  server.RaftServerConfigKeys (ConfUtils.java:logGet(43)) - raft.server.log.write.buffer.size = 33554432 (custom)
2019-09-26 16:34:43,237 [pool-67-thread-1] INFO  server.RaftServerConfigKeys (ConfUtils.java:logGet(43)) - raft.server.log.force.sync.num = 128 (default)
2019-09-26 16:34:43,237 [pool-67-thread-1] INFO  server.RaftServerConfigKeys (ConfUtils.java:logGet(43)) - raft.server.log.statemachine.data.sync = true (default)
2019-09-26 16:34:43,237 [pool-67-thread-1] INFO  server.RaftServerConfigKeys (ConfUtils.java:logGet(43)) - raft.server.log.statemachine.data.sync.timeout = 10s (default)
2019-09-26 16:34:43,237 [pool-67-thread-1] INFO  server.RaftServerConfigKeys (ConfUtils.java:logGet(43)) - raft.server.log.statemachine.data.sync.timeout.retry = -1 (default)
2019-09-26 16:34:43,238 [pool-67-thread-1] INFO  server.RaftServerConfigKeys (ConfUtils.java:logGet(43)) - raft.server.log.statemachine.data.caching.enabled = true (custom)
2019-09-26 16:34:43,238 [pool-67-thread-1] INFO  segmented.SegmentedRaftLogWorker (SegmentedRaftLogWorker.java:lambda$new$0(132)) - 1cb81857-6495-4479-8124-808fc28ebfe2@group-0EA23F1C529B-SegmentedRaftLogWorker: flushIndex: setUnconditionally 0 -> -1
2019-09-26 16:34:43,238 [pool-67-thread-1] INFO  server.RaftServerConfigKeys (ConfUtils.java:logGet(43)) - raft.server.snapshot.auto.trigger.enabled = true (custom)
2019-09-26 16:34:43,238 [pool-67-thread-1] INFO  server.RaftServerConfigKeys (ConfUtils.java:logGet(43)) - raft.server.snapshot.auto.trigger.threshold = 10000 (custom)
2019-09-26 16:34:43,239 [pool-67-thread-1] INFO  server.RaftServerConfigKeys (ConfUtils.java:logGet(43)) - raft.server.snapshot.retention.num.files = 5 (custom)
2019-09-26 16:34:43,239 [pool-67-thread-1] INFO  server.RaftServerConfigKeys (ConfUtils.java:logGet(43)) - raft.server.retrycache.expirytime = 600000ms (custom)
2019-09-26 16:34:43,242 [pool-67-thread-1] INFO  impl.RaftServerImpl (RaftServerImpl.java:start(185)) - 1cb81857-6495-4479-8124-808fc28ebfe2@group-0EA23F1C529B: start as a follower, conf=-1: [1cb81857-6495-4479-8124-808fc28ebfe2:192.168.157.234:42169], old=null
2019-09-26 16:34:43,242 [pool-67-thread-1] INFO  impl.RaftServerImpl (RaftServerImpl.java:setRole(174)) - 1cb81857-6495-4479-8124-808fc28ebfe2@group-0EA23F1C529B: changes role from      null to FOLLOWER at term 0 for startAsFollower
2019-09-26 16:34:43,243 [pool-67-thread-1] INFO  impl.RoleInfo (RoleInfo.java:updateAndGet(143)) - 1cb81857-6495-4479-8124-808fc28ebfe2: start FollowerState
2019-09-26 16:34:43,243 [pool-67-thread-1] INFO  util.JmxRegister (JmxRegister.java:tryRegister(44)) - Successfully registered JMX Bean with object name Ratis:service=RaftServer,group=group-0EA23F1C529B,id=1cb81857-6495-4479-8124-808fc28ebfe2
2019-09-26 16:34:43,257 [RatisPipelineUtilsThread] INFO  pipeline.PipelineStateManager (PipelineStateManager.java:addPipeline(56)) - Created pipeline Pipeline[ Id: a45aeb4a-7109-4e44-8b84-0ea23f1c529b, Nodes: 1cb81857-6495-4479-8124-808fc28ebfe2{ip: 192.168.157.234, host: pr-hdds-2162-htzpk-1451759861, networkLocation: /rack1, certSerialId: null}, Type:RATIS, Factor:ONE, State:OPEN]
2019-09-26 16:34:43,277 [grpc-default-executor-1] INFO  impl.RaftServerProxy (RaftServerProxy.java:addNew(89)) - 543c4478-56da-43d0-bc7b-befbdfd1ac53: addNew group-39ACB0EE06EE:[543c4478-56da-43d0-bc7b-befbdfd1ac53:192.168.157.234:44484] returns group-39ACB0EE06EE:java.util.concurrent.CompletableFuture@33a12e11[Not completed]
2019-09-26 16:34:43,283 [pool-87-thread-1] INFO  impl.RaftServerImpl (RaftServerImpl.java:<init>(95)) - 543c4478-56da-43d0-bc7b-befbdfd1ac53: new RaftServerImpl for group-39ACB0EE06EE:[543c4478-56da-43d0-bc7b-befbdfd1ac53:192.168.157.234:44484] with ContainerStateMachine:uninitialized
2019-09-26 16:34:43,283 [pool-87-thread-1] INFO  server.RaftServerConfigKeys (ConfUtils.java:logGet(43)) - raft.server.rpc.timeout.min = 1s (custom)
2019-09-26 16:34:43,283 [pool-87-thread-1] INFO  server.RaftServerConfigKeys (ConfUtils.java:logGet(43)) - raft.server.rpc.timeout.max = 1200ms (custom)
2019-09-26 16:34:43,283 [pool-87-thread-1] INFO  server.RaftServerConfigKeys (ConfUtils.java:logGet(43)) - raft.server.rpcslowness.timeout = 120s (custom)
2019-09-26 16:34:43,283 [pool-87-thread-1] INFO  server.RaftServerConfigKeys (ConfUtils.java:logGet(43)) - raft.server.sleep.deviation.threshold = 300 (default)
2019-09-26 16:34:43,283 [pool-87-thread-1] INFO  server.RaftServerConfigKeys (ConfUtils.java:logGet(43)) - raft.server.log.appender.install.snapshot.enabled = false (custom)
2019-09-26 16:34:43,284 [pool-87-thread-1] INFO  impl.RaftServerImpl (ServerState.java:<init>(103)) - 543c4478-56da-43d0-bc7b-befbdfd1ac53@group-39ACB0EE06EE: ConfigurationManager, init=-1: [543c4478-56da-43d0-bc7b-befbdfd1ac53:192.168.157.234:44484], old=null, confs=<EMPTY_MAP>
2019-09-26 16:34:43,284 [pool-87-thread-1] INFO  server.RaftServerConfigKeys (ConfUtils.java:logGet(43)) - raft.server.storage.dir = [/workdir/hadoop-ozone/integration-test/target/test-dir/MiniOzoneClusterImpl-b5ca4ec9-472d-464d-82c8-bb75eaf95e3a/datanode-6/data/ratis] (custom)
2019-09-26 16:34:43,284 [pool-87-thread-1] INFO  storage.RaftStorageDirectory (RaftStorageDirectory.java:analyzeStorage(246)) - The storage directory /workdir/hadoop-ozone/integration-test/target/test-dir/MiniOzoneClusterImpl-b5ca4ec9-472d-464d-82c8-bb75eaf95e3a/datanode-6/data/ratis/bc134d57-e24d-44d3-b799-39acb0ee06ee does not exist. Creating ...
2019-09-26 16:34:43,285 [main] INFO  ozone.MiniOzoneClusterImpl (MiniOzoneClusterImpl.java:lambda$waitForClusterToBeReady$0(147)) - Cluster is ready. Got 10 of 10 DN Heartbeats.
2019-09-26 16:34:43,296 [pool-87-thread-1] INFO  storage.RaftStorageDirectory (RaftStorageDirectory.java:tryLock(328)) - Lock on /workdir/hadoop-ozone/integration-test/target/test-dir/MiniOzoneClusterImpl-b5ca4ec9-472d-464d-82c8-bb75eaf95e3a/datanode-6/data/ratis/bc134d57-e24d-44d3-b799-39acb0ee06ee/in_use.lock acquired by nodename 16662@pr-hdds-2162-htzpk-1451759861
2019-09-26 16:34:43,310 [pool-87-thread-1] INFO  storage.RaftStorage (RaftStorage.java:format(72)) - Storage directory /workdir/hadoop-ozone/integration-test/target/test-dir/MiniOzoneClusterImpl-b5ca4ec9-472d-464d-82c8-bb75eaf95e3a/datanode-6/data/ratis/bc134d57-e24d-44d3-b799-39acb0ee06ee has been successfully formatted.
2019-09-26 16:34:43,310 [pool-87-thread-1] INFO  ratis.ContainerStateMachine (ContainerStateMachine.java:loadSnapshot(230)) - group-39ACB0EE06EE: The snapshot info is null. Setting the last applied indexto:(t:0, i:~)
2019-09-26 16:34:43,310 [pool-87-thread-1] INFO  server.RaftServerConfigKeys (ConfUtils.java:logGet(43)) - raft.server.notification.no-leader.timeout = 120s (custom)
2019-09-26 16:34:43,311 [pool-87-thread-1] INFO  server.RaftServerConfigKeys (ConfUtils.java:logGet(43)) - raft.server.log.use.memory = false (default)
2019-09-26 16:34:43,311 [pool-87-thread-1] INFO  server.RaftServerConfigKeys (ConfUtils.java:logGet(43)) - raft.server.log.purge.gap = 1000000 (custom)
2019-09-26 16:34:43,311 [pool-87-thread-1] INFO  server.RaftServerConfigKeys (ConfUtils.java:logGet(43)) - raft.server.log.appender.buffer.byte-limit = 33554432 (custom)
2019-09-26 16:34:43,311 [pool-87-thread-1] INFO  server.RaftServerConfigKeys (ConfUtils.java:logGet(43)) - raft.server.log.segment.size.max = 1048576 (custom)
2019-09-26 16:34:43,311 [pool-87-thread-1] INFO  server.RaftServerConfigKeys (ConfUtils.java:logGet(43)) - raft.server.log.segment.cache.num.max = 2 (custom)
2019-09-26 16:34:43,312 [pool-87-thread-1] INFO  segmented.SegmentedRaftLogWorker (SegmentedRaftLogWorker.java:<init>(172)) - new 543c4478-56da-43d0-bc7b-befbdfd1ac53@group-39ACB0EE06EE-SegmentedRaftLogWorker for RaftStorage:Storage Directory /workdir/hadoop-ozone/integration-test/target/test-dir/MiniOzoneClusterImpl-b5ca4ec9-472d-464d-82c8-bb75eaf95e3a/datanode-6/data/ratis/bc134d57-e24d-44d3-b799-39acb0ee06ee
2019-09-26 16:34:43,315 [pool-87-thread-1] INFO  server.RaftServerConfigKeys (ConfUtils.java:logGet(43)) - raft.server.log.queue.byte-limit = 2147483647 (custom)
2019-09-26 16:34:43,315 [pool-87-thread-1] INFO  server.RaftServerConfigKeys (ConfUtils.java:logGet(43)) - raft.server.log.queue.element-limit = 1024 (custom)
2019-09-26 16:34:43,315 [pool-87-thread-1] INFO  server.RaftServerConfigKeys (ConfUtils.java:logGet(43)) - raft.server.log.segment.size.max = 1048576 (custom)
2019-09-26 16:34:43,316 [pool-87-thread-1] INFO  server.RaftServerConfigKeys (ConfUtils.java:logGet(43)) - raft.server.log.preallocated.size = 16384 (custom)
2019-09-26 16:34:43,318 [pool-87-thread-1] INFO  server.RaftServerConfigKeys (ConfUtils.java:logGet(43)) - raft.server.log.write.buffer.size = 33554432 (custom)
2019-09-26 16:34:43,318 [pool-87-thread-1] INFO  server.RaftServerConfigKeys (ConfUtils.java:logGet(43)) - raft.server.log.force.sync.num = 128 (default)
2019-09-26 16:34:43,319 [pool-87-thread-1] INFO  server.RaftServerConfigKeys (ConfUtils.java:logGet(43)) - raft.server.log.statemachine.data.sync = true (default)
2019-09-26 16:34:43,319 [pool-87-thread-1] INFO  server.RaftServerConfigKeys (ConfUtils.java:logGet(43)) - raft.server.log.statemachine.data.sync.timeout = 10s (default)
2019-09-26 16:34:43,319 [pool-87-thread-1] INFO  server.RaftServerConfigKeys (ConfUtils.java:logGet(43)) - raft.server.log.statemachine.data.sync.timeout.retry = -1 (default)
2019-09-26 16:34:43,319 [pool-87-thread-1] INFO  server.RaftServerConfigKeys (ConfUtils.java:logGet(43)) - raft.server.log.statemachine.data.caching.enabled = true (custom)
2019-09-26 16:34:43,320 [pool-87-thread-1] INFO  segmented.SegmentedRaftLogWorker (SegmentedRaftLogWorker.java:lambda$new$0(132)) - 543c4478-56da-43d0-bc7b-befbdfd1ac53@group-39ACB0EE06EE-SegmentedRaftLogWorker: flushIndex: setUnconditionally 0 -> -1
2019-09-26 16:34:43,320 [pool-87-thread-1] INFO  server.RaftServerConfigKeys (ConfUtils.java:logGet(43)) - raft.server.snapshot.auto.trigger.enabled = true (custom)
2019-09-26 16:34:43,320 [pool-87-thread-1] INFO  server.RaftServerConfigKeys (ConfUtils.java:logGet(43)) - raft.server.snapshot.auto.trigger.threshold = 10000 (custom)
2019-09-26 16:34:43,320 [pool-87-thread-1] INFO  server.RaftServerConfigKeys (ConfUtils.java:logGet(43)) - raft.server.snapshot.retention.num.files = 5 (custom)
2019-09-26 16:34:43,320 [pool-87-thread-1] INFO  server.RaftServerConfigKeys (ConfUtils.java:logGet(43)) - raft.server.retrycache.expirytime = 600000ms (custom)
2019-09-26 16:34:43,323 [pool-87-thread-1] INFO  impl.RaftServerImpl (RaftServerImpl.java:start(185)) - 543c4478-56da-43d0-bc7b-befbdfd1ac53@group-39ACB0EE06EE: start as a follower, conf=-1: [543c4478-56da-43d0-bc7b-befbdfd1ac53:192.168.157.234:44484], old=null
2019-09-26 16:34:43,323 [pool-87-thread-1] INFO  impl.RaftServerImpl (RaftServerImpl.java:setRole(174)) - 543c4478-56da-43d0-bc7b-befbdfd1ac53@group-39ACB0EE06EE: changes role from      null to FOLLOWER at term 0 for startAsFollower
2019-09-26 16:34:43,323 [pool-87-thread-1] INFO  impl.RoleInfo (RoleInfo.java:updateAndGet(143)) - 543c4478-56da-43d0-bc7b-befbdfd1ac53: start FollowerState
2019-09-26 16:34:43,324 [pool-87-thread-1] INFO  util.JmxRegister (JmxRegister.java:tryRegister(44)) - Successfully registered JMX Bean with object name Ratis:service=RaftServer,group=group-39ACB0EE06EE,id=543c4478-56da-43d0-bc7b-befbdfd1ac53
2019-09-26 16:34:43,343 [RatisPipelineUtilsThread] INFO  pipeline.PipelineStateManager (PipelineStateManager.java:addPipeline(56)) - Created pipeline Pipeline[ Id: bc134d57-e24d-44d3-b799-39acb0ee06ee, Nodes: 543c4478-56da-43d0-bc7b-befbdfd1ac53{ip: 192.168.157.234, host: pr-hdds-2162-htzpk-1451759861, networkLocation: /rack1, certSerialId: null}, Type:RATIS, Factor:ONE, State:OPEN]
2019-09-26 16:34:43,359 [grpc-default-executor-1] INFO  impl.RaftServerProxy (RaftServerProxy.java:addNew(89)) - f9bb6cb5-24ba-4926-b442-6d897d5c3f6a: addNew group-130FBBD47B3E:[f9bb6cb5-24ba-4926-b442-6d897d5c3f6a:192.168.157.234:36804] returns group-130FBBD47B3E:java.util.concurrent.CompletableFuture@116c0338[Not completed]
2019-09-26 16:34:43,365 [pool-77-thread-1] INFO  impl.RaftServerImpl (RaftServerImpl.java:<init>(95)) - f9bb6cb5-24ba-4926-b442-6d897d5c3f6a: new RaftServerImpl for group-130FBBD47B3E:[f9bb6cb5-24ba-4926-b442-6d897d5c3f6a:192.168.157.234:36804] with ContainerStateMachine:uninitialized
2019-09-26 16:34:43,365 [pool-77-thread-1] INFO  server.RaftServerConfigKeys (ConfUtils.java:logGet(43)) - raft.server.rpc.timeout.min = 1s (custom)
2019-09-26 16:34:43,365 [pool-77-thread-1] INFO  server.RaftServerConfigKeys (ConfUtils.java:logGet(43)) - raft.server.rpc.timeout.max = 1200ms (custom)
2019-09-26 16:34:43,365 [pool-77-thread-1] INFO  server.RaftServerConfigKeys (ConfUtils.java:logGet(43)) - raft.server.rpcslowness.timeout = 120s (custom)
2019-09-26 16:34:43,366 [pool-77-thread-1] INFO  server.RaftServerConfigKeys (ConfUtils.java:logGet(43)) - raft.server.sleep.deviation.threshold = 300 (default)
2019-09-26 16:34:43,366 [pool-77-thread-1] INFO  server.RaftServerConfigKeys (ConfUtils.java:logGet(43)) - raft.server.log.appender.install.snapshot.enabled = false (custom)
2019-09-26 16:34:43,366 [pool-77-thread-1] INFO  impl.RaftServerImpl (ServerState.java:<init>(103)) - f9bb6cb5-24ba-4926-b442-6d897d5c3f6a@group-130FBBD47B3E: ConfigurationManager, init=-1: [f9bb6cb5-24ba-4926-b442-6d897d5c3f6a:192.168.157.234:36804], old=null, confs=<EMPTY_MAP>
2019-09-26 16:34:43,366 [pool-77-thread-1] INFO  server.RaftServerConfigKeys (ConfUtils.java:logGet(43)) - raft.server.storage.dir = [/workdir/hadoop-ozone/integration-test/target/test-dir/MiniOzoneClusterImpl-b5ca4ec9-472d-464d-82c8-bb75eaf95e3a/datanode-5/data/ratis] (custom)
2019-09-26 16:34:43,367 [pool-77-thread-1] INFO  storage.RaftStorageDirectory (RaftStorageDirectory.java:analyzeStorage(246)) - The storage directory /workdir/hadoop-ozone/integration-test/target/test-dir/MiniOzoneClusterImpl-b5ca4ec9-472d-464d-82c8-bb75eaf95e3a/datanode-5/data/ratis/2dabaf5c-fa90-4eef-8055-130fbbd47b3e does not exist. Creating ...
2019-09-26 16:34:43,380 [pool-77-thread-1] INFO  storage.RaftStorageDirectory (RaftStorageDirectory.java:tryLock(328)) - Lock on /workdir/hadoop-ozone/integration-test/target/test-dir/MiniOzoneClusterImpl-b5ca4ec9-472d-464d-82c8-bb75eaf95e3a/datanode-5/data/ratis/2dabaf5c-fa90-4eef-8055-130fbbd47b3e/in_use.lock acquired by nodename 16662@pr-hdds-2162-htzpk-1451759861
2019-09-26 16:34:43,394 [pool-77-thread-1] INFO  storage.RaftStorage (RaftStorage.java:format(72)) - Storage directory /workdir/hadoop-ozone/integration-test/target/test-dir/MiniOzoneClusterImpl-b5ca4ec9-472d-464d-82c8-bb75eaf95e3a/datanode-5/data/ratis/2dabaf5c-fa90-4eef-8055-130fbbd47b3e has been successfully formatted.
2019-09-26 16:34:43,394 [pool-77-thread-1] INFO  ratis.ContainerStateMachine (ContainerStateMachine.java:loadSnapshot(230)) - group-130FBBD47B3E: The snapshot info is null. Setting the last applied indexto:(t:0, i:~)
2019-09-26 16:34:43,395 [pool-77-thread-1] INFO  server.RaftServerConfigKeys (ConfUtils.java:logGet(43)) - raft.server.notification.no-leader.timeout = 120s (custom)
2019-09-26 16:34:43,395 [pool-77-thread-1] INFO  server.RaftServerConfigKeys (ConfUtils.java:logGet(43)) - raft.server.log.use.memory = false (default)
2019-09-26 16:34:43,395 [pool-77-thread-1] INFO  server.RaftServerConfigKeys (ConfUtils.java:logGet(43)) - raft.server.log.purge.gap = 1000000 (custom)
2019-09-26 16:34:43,395 [pool-77-thread-1] INFO  server.RaftServerConfigKeys (ConfUtils.java:logGet(43)) - raft.server.log.appender.buffer.byte-limit = 33554432 (custom)
2019-09-26 16:34:43,396 [pool-77-thread-1] INFO  server.RaftServerConfigKeys (ConfUtils.java:logGet(43)) - raft.server.log.segment.size.max = 1048576 (custom)
2019-09-26 16:34:43,396 [pool-77-thread-1] INFO  server.RaftServerConfigKeys (ConfUtils.java:logGet(43)) - raft.server.log.segment.cache.num.max = 2 (custom)
2019-09-26 16:34:43,396 [pool-77-thread-1] INFO  segmented.SegmentedRaftLogWorker (SegmentedRaftLogWorker.java:<init>(172)) - new f9bb6cb5-24ba-4926-b442-6d897d5c3f6a@group-130FBBD47B3E-SegmentedRaftLogWorker for RaftStorage:Storage Directory /workdir/hadoop-ozone/integration-test/target/test-dir/MiniOzoneClusterImpl-b5ca4ec9-472d-464d-82c8-bb75eaf95e3a/datanode-5/data/ratis/2dabaf5c-fa90-4eef-8055-130fbbd47b3e
2019-09-26 16:34:43,401 [pool-77-thread-1] INFO  server.RaftServerConfigKeys (ConfUtils.java:logGet(43)) - raft.server.log.queue.byte-limit = 2147483647 (custom)
2019-09-26 16:34:43,401 [pool-77-thread-1] INFO  server.RaftServerConfigKeys (ConfUtils.java:logGet(43)) - raft.server.log.queue.element-limit = 1024 (custom)
2019-09-26 16:34:43,401 [pool-77-thread-1] INFO  server.RaftServerConfigKeys (ConfUtils.java:logGet(43)) - raft.server.log.segment.size.max = 1048576 (custom)
2019-09-26 16:34:43,402 [pool-77-thread-1] INFO  server.RaftServerConfigKeys (ConfUtils.java:logGet(43)) - raft.server.log.preallocated.size = 16384 (custom)
2019-09-26 16:34:43,402 [pool-77-thread-1] INFO  server.RaftServerConfigKeys (ConfUtils.java:logGet(43)) - raft.server.log.write.buffer.size = 33554432 (custom)
2019-09-26 16:34:43,402 [pool-77-thread-1] INFO  server.RaftServerConfigKeys (ConfUtils.java:logGet(43)) - raft.server.log.force.sync.num = 128 (default)
2019-09-26 16:34:43,402 [pool-77-thread-1] INFO  server.RaftServerConfigKeys (ConfUtils.java:logGet(43)) - raft.server.log.statemachine.data.sync = true (default)
2019-09-26 16:34:43,403 [pool-77-thread-1] INFO  server.RaftServerConfigKeys (ConfUtils.java:logGet(43)) - raft.server.log.statemachine.data.sync.timeout = 10s (default)
2019-09-26 16:34:43,403 [pool-77-thread-1] INFO  server.RaftServerConfigKeys (ConfUtils.java:logGet(43)) - raft.server.log.statemachine.data.sync.timeout.retry = -1 (default)
2019-09-26 16:34:43,404 [pool-77-thread-1] INFO  server.RaftServerConfigKeys (ConfUtils.java:logGet(43)) - raft.server.log.statemachine.data.caching.enabled = true (custom)
2019-09-26 16:34:43,404 [pool-77-thread-1] INFO  segmented.SegmentedRaftLogWorker (SegmentedRaftLogWorker.java:lambda$new$0(132)) - f9bb6cb5-24ba-4926-b442-6d897d5c3f6a@group-130FBBD47B3E-SegmentedRaftLogWorker: flushIndex: setUnconditionally 0 -> -1
2019-09-26 16:34:43,405 [pool-77-thread-1] INFO  server.RaftServerConfigKeys (ConfUtils.java:logGet(43)) - raft.server.snapshot.auto.trigger.enabled = true (custom)
2019-09-26 16:34:43,405 [pool-77-thread-1] INFO  server.RaftServerConfigKeys (ConfUtils.java:logGet(43)) - raft.server.snapshot.auto.trigger.threshold = 10000 (custom)
2019-09-26 16:34:43,405 [pool-77-thread-1] INFO  server.RaftServerConfigKeys (ConfUtils.java:logGet(43)) - raft.server.snapshot.retention.num.files = 5 (custom)
2019-09-26 16:34:43,405 [pool-77-thread-1] INFO  server.RaftServerConfigKeys (ConfUtils.java:logGet(43)) - raft.server.retrycache.expirytime = 600000ms (custom)
2019-09-26 16:34:43,410 [pool-77-thread-1] INFO  impl.RaftServerImpl (RaftServerImpl.java:start(185)) - f9bb6cb5-24ba-4926-b442-6d897d5c3f6a@group-130FBBD47B3E: start as a follower, conf=-1: [f9bb6cb5-24ba-4926-b442-6d897d5c3f6a:192.168.157.234:36804], old=null
2019-09-26 16:34:43,410 [pool-77-thread-1] INFO  impl.RaftServerImpl (RaftServerImpl.java:setRole(174)) - f9bb6cb5-24ba-4926-b442-6d897d5c3f6a@group-130FBBD47B3E: changes role from      null to FOLLOWER at term 0 for startAsFollower
2019-09-26 16:34:43,410 [pool-77-thread-1] INFO  impl.RoleInfo (RoleInfo.java:updateAndGet(143)) - f9bb6cb5-24ba-4926-b442-6d897d5c3f6a: start FollowerState
2019-09-26 16:34:43,411 [pool-77-thread-1] INFO  util.JmxRegister (JmxRegister.java:tryRegister(44)) - Successfully registered JMX Bean with object name Ratis:service=RaftServer,group=group-130FBBD47B3E,id=f9bb6cb5-24ba-4926-b442-6d897d5c3f6a
2019-09-26 16:34:43,425 [RatisPipelineUtilsThread] INFO  pipeline.PipelineStateManager (PipelineStateManager.java:addPipeline(56)) - Created pipeline Pipeline[ Id: 2dabaf5c-fa90-4eef-8055-130fbbd47b3e, Nodes: f9bb6cb5-24ba-4926-b442-6d897d5c3f6a{ip: 192.168.157.234, host: pr-hdds-2162-htzpk-1451759861, networkLocation: /rack1, certSerialId: null}, Type:RATIS, Factor:ONE, State:OPEN]
2019-09-26 16:34:43,448 [grpc-default-executor-1] INFO  impl.RaftServerProxy (RaftServerProxy.java:addNew(89)) - 2d203acc-2876-43cc-a645-52d5b2311198: addNew group-E7BE835810E1:[2d203acc-2876-43cc-a645-52d5b2311198:192.168.157.234:38739] returns group-E7BE835810E1:java.util.concurrent.CompletableFuture@2182a59d[Not completed]
2019-09-26 16:34:43,460 [pool-97-thread-1] INFO  impl.RaftServerImpl (RaftServerImpl.java:<init>(95)) - 2d203acc-2876-43cc-a645-52d5b2311198: new RaftServerImpl for group-E7BE835810E1:[2d203acc-2876-43cc-a645-52d5b2311198:192.168.157.234:38739] with ContainerStateMachine:uninitialized
2019-09-26 16:34:43,460 [pool-97-thread-1] INFO  server.RaftServerConfigKeys (ConfUtils.java:logGet(43)) - raft.server.rpc.timeout.min = 1s (custom)
2019-09-26 16:34:43,461 [pool-97-thread-1] INFO  server.RaftServerConfigKeys (ConfUtils.java:logGet(43)) - raft.server.rpc.timeout.max = 1200ms (custom)
2019-09-26 16:34:43,461 [pool-97-thread-1] INFO  server.RaftServerConfigKeys (ConfUtils.java:logGet(43)) - raft.server.rpcslowness.timeout = 120s (custom)
2019-09-26 16:34:43,461 [pool-97-thread-1] INFO  server.RaftServerConfigKeys (ConfUtils.java:logGet(43)) - raft.server.sleep.deviation.threshold = 300 (default)
2019-09-26 16:34:43,461 [pool-97-thread-1] INFO  server.RaftServerConfigKeys (ConfUtils.java:logGet(43)) - raft.server.log.appender.install.snapshot.enabled = false (custom)
2019-09-26 16:34:43,461 [pool-97-thread-1] INFO  impl.RaftServerImpl (ServerState.java:<init>(103)) - 2d203acc-2876-43cc-a645-52d5b2311198@group-E7BE835810E1: ConfigurationManager, init=-1: [2d203acc-2876-43cc-a645-52d5b2311198:192.168.157.234:38739], old=null, confs=<EMPTY_MAP>
2019-09-26 16:34:43,461 [pool-97-thread-1] INFO  server.RaftServerConfigKeys (ConfUtils.java:logGet(43)) - raft.server.storage.dir = [/workdir/hadoop-ozone/integration-test/target/test-dir/MiniOzoneClusterImpl-b5ca4ec9-472d-464d-82c8-bb75eaf95e3a/datanode-7/data/ratis] (custom)
2019-09-26 16:34:43,462 [pool-97-thread-1] INFO  storage.RaftStorageDirectory (RaftStorageDirectory.java:analyzeStorage(246)) - The storage directory /workdir/hadoop-ozone/integration-test/target/test-dir/MiniOzoneClusterImpl-b5ca4ec9-472d-464d-82c8-bb75eaf95e3a/datanode-7/data/ratis/819680df-dd78-4063-b747-e7be835810e1 does not exist. Creating ...
2019-09-26 16:34:43,475 [pool-97-thread-1] INFO  storage.RaftStorageDirectory (RaftStorageDirectory.java:tryLock(328)) - Lock on /workdir/hadoop-ozone/integration-test/target/test-dir/MiniOzoneClusterImpl-b5ca4ec9-472d-464d-82c8-bb75eaf95e3a/datanode-7/data/ratis/819680df-dd78-4063-b747-e7be835810e1/in_use.lock acquired by nodename 16662@pr-hdds-2162-htzpk-1451759861
2019-09-26 16:34:43,493 [pool-97-thread-1] INFO  storage.RaftStorage (RaftStorage.java:format(72)) - Storage directory /workdir/hadoop-ozone/integration-test/target/test-dir/MiniOzoneClusterImpl-b5ca4ec9-472d-464d-82c8-bb75eaf95e3a/datanode-7/data/ratis/819680df-dd78-4063-b747-e7be835810e1 has been successfully formatted.
2019-09-26 16:34:43,493 [pool-97-thread-1] INFO  ratis.ContainerStateMachine (ContainerStateMachine.java:loadSnapshot(230)) - group-E7BE835810E1: The snapshot info is null. Setting the last applied indexto:(t:0, i:~)
2019-09-26 16:34:43,493 [pool-97-thread-1] INFO  server.RaftServerConfigKeys (ConfUtils.java:logGet(43)) - raft.server.notification.no-leader.timeout = 120s (custom)
2019-09-26 16:34:43,494 [pool-97-thread-1] INFO  server.RaftServerConfigKeys (ConfUtils.java:logGet(43)) - raft.server.log.use.memory = false (default)
2019-09-26 16:34:43,494 [pool-97-thread-1] INFO  server.RaftServerConfigKeys (ConfUtils.java:logGet(43)) - raft.server.log.purge.gap = 1000000 (custom)
2019-09-26 16:34:43,494 [pool-97-thread-1] INFO  server.RaftServerConfigKeys (ConfUtils.java:logGet(43)) - raft.server.log.appender.buffer.byte-limit = 33554432 (custom)
2019-09-26 16:34:43,494 [pool-97-thread-1] INFO  server.RaftServerConfigKeys (ConfUtils.java:logGet(43)) - raft.server.log.segment.size.max = 1048576 (custom)
2019-09-26 16:34:43,494 [pool-97-thread-1] INFO  server.RaftServerConfigKeys (ConfUtils.java:logGet(43)) - raft.server.log.segment.cache.num.max = 2 (custom)
2019-09-26 16:34:43,494 [pool-97-thread-1] INFO  segmented.SegmentedRaftLogWorker (SegmentedRaftLogWorker.java:<init>(172)) - new 2d203acc-2876-43cc-a645-52d5b2311198@group-E7BE835810E1-SegmentedRaftLogWorker for RaftStorage:Storage Directory /workdir/hadoop-ozone/integration-test/target/test-dir/MiniOzoneClusterImpl-b5ca4ec9-472d-464d-82c8-bb75eaf95e3a/datanode-7/data/ratis/819680df-dd78-4063-b747-e7be835810e1
2019-09-26 16:34:43,497 [pool-97-thread-1] INFO  server.RaftServerConfigKeys (ConfUtils.java:logGet(43)) - raft.server.log.queue.byte-limit = 2147483647 (custom)
2019-09-26 16:34:43,497 [pool-97-thread-1] INFO  server.RaftServerConfigKeys (ConfUtils.java:logGet(43)) - raft.server.log.queue.element-limit = 1024 (custom)
2019-09-26 16:34:43,498 [pool-97-thread-1] INFO  server.RaftServerConfigKeys (ConfUtils.java:logGet(43)) - raft.server.log.segment.size.max = 1048576 (custom)
2019-09-26 16:34:43,498 [pool-97-thread-1] INFO  server.RaftServerConfigKeys (ConfUtils.java:logGet(43)) - raft.server.log.preallocated.size = 16384 (custom)
2019-09-26 16:34:43,498 [pool-97-thread-1] INFO  server.RaftServerConfigKeys (ConfUtils.java:logGet(43)) - raft.server.log.write.buffer.size = 33554432 (custom)
2019-09-26 16:34:43,498 [pool-97-thread-1] INFO  server.RaftServerConfigKeys (ConfUtils.java:logGet(43)) - raft.server.log.force.sync.num = 128 (default)
2019-09-26 16:34:43,498 [pool-97-thread-1] INFO  server.RaftServerConfigKeys (ConfUtils.java:logGet(43)) - raft.server.log.statemachine.data.sync = true (default)
2019-09-26 16:34:43,498 [pool-97-thread-1] INFO  server.RaftServerConfigKeys (ConfUtils.java:logGet(43)) - raft.server.log.statemachine.data.sync.timeout = 10s (default)
2019-09-26 16:34:43,498 [pool-97-thread-1] INFO  server.RaftServerConfigKeys (ConfUtils.java:logGet(43)) - raft.server.log.statemachine.data.sync.timeout.retry = -1 (default)
2019-09-26 16:34:43,499 [pool-97-thread-1] INFO  server.RaftServerConfigKeys (ConfUtils.java:logGet(43)) - raft.server.log.statemachine.data.caching.enabled = true (custom)
2019-09-26 16:34:43,499 [pool-97-thread-1] INFO  segmented.SegmentedRaftLogWorker (SegmentedRaftLogWorker.java:lambda$new$0(132)) - 2d203acc-2876-43cc-a645-52d5b2311198@group-E7BE835810E1-SegmentedRaftLogWorker: flushIndex: setUnconditionally 0 -> -1
2019-09-26 16:34:43,499 [pool-97-thread-1] INFO  server.RaftServerConfigKeys (ConfUtils.java:logGet(43)) - raft.server.snapshot.auto.trigger.enabled = true (custom)
2019-09-26 16:34:43,499 [pool-97-thread-1] INFO  server.RaftServerConfigKeys (ConfUtils.java:logGet(43)) - raft.server.snapshot.auto.trigger.threshold = 10000 (custom)
2019-09-26 16:34:43,500 [pool-97-thread-1] INFO  server.RaftServerConfigKeys (ConfUtils.java:logGet(43)) - raft.server.snapshot.retention.num.files = 5 (custom)
2019-09-26 16:34:43,500 [Thread-285] INFO  impl.FollowerState (FollowerState.java:run(106)) - e92f8c69-4518-4ec8-914d-310b697ee99a:group-639B790198CB changes to CANDIDATE, lastRpcTime:1112, electionTimeout:1112ms
2019-09-26 16:34:43,500 [pool-97-thread-1] INFO  server.RaftServerConfigKeys (ConfUtils.java:logGet(43)) - raft.server.retrycache.expirytime = 600000ms (custom)
2019-09-26 16:34:43,502 [Thread-285] INFO  impl.RoleInfo (RoleInfo.java:shutdownFollowerState(121)) - e92f8c69-4518-4ec8-914d-310b697ee99a: shutdown FollowerState
2019-09-26 16:34:43,502 [Thread-285] INFO  impl.RaftServerImpl (RaftServerImpl.java:setRole(174)) - e92f8c69-4518-4ec8-914d-310b697ee99a@group-639B790198CB: changes role from  FOLLOWER to CANDIDATE at term 0 for changeToCandidate
2019-09-26 16:34:43,506 [pool-97-thread-1] INFO  impl.RaftServerImpl (RaftServerImpl.java:start(185)) - 2d203acc-2876-43cc-a645-52d5b2311198@group-E7BE835810E1: start as a follower, conf=-1: [2d203acc-2876-43cc-a645-52d5b2311198:192.168.157.234:38739], old=null
2019-09-26 16:34:43,506 [pool-97-thread-1] INFO  impl.RaftServerImpl (RaftServerImpl.java:setRole(174)) - 2d203acc-2876-43cc-a645-52d5b2311198@group-E7BE835810E1: changes role from      null to FOLLOWER at term 0 for startAsFollower
2019-09-26 16:34:43,506 [pool-97-thread-1] INFO  impl.RoleInfo (RoleInfo.java:updateAndGet(143)) - 2d203acc-2876-43cc-a645-52d5b2311198: start FollowerState
2019-09-26 16:34:43,507 [pool-97-thread-1] INFO  util.JmxRegister (JmxRegister.java:tryRegister(44)) - Successfully registered JMX Bean with object name Ratis:service=RaftServer,group=group-E7BE835810E1,id=2d203acc-2876-43cc-a645-52d5b2311198
2019-09-26 16:34:43,512 [Thread-285] INFO  impl.RoleInfo (RoleInfo.java:updateAndGet(143)) - e92f8c69-4518-4ec8-914d-310b697ee99a: start LeaderElection
2019-09-26 16:34:43,526 [RatisPipelineUtilsThread] INFO  pipeline.PipelineStateManager (PipelineStateManager.java:addPipeline(56)) - Created pipeline Pipeline[ Id: 819680df-dd78-4063-b747-e7be835810e1, Nodes: 2d203acc-2876-43cc-a645-52d5b2311198{ip: 192.168.157.234, host: pr-hdds-2162-htzpk-1451759861, networkLocation: /rack1, certSerialId: null}, Type:RATIS, Factor:ONE, State:OPEN]
2019-09-26 16:34:43,532 [e92f8c69-4518-4ec8-914d-310b697ee99a@group-639B790198CB:LeaderElection1] INFO  impl.LeaderElection (LeaderElection.java:askForVotes(182)) - e92f8c69-4518-4ec8-914d-310b697ee99a@group-639B790198CB:LeaderElection1: begin an election at term 1 for -1: [e92f8c69-4518-4ec8-914d-310b697ee99a:192.168.157.234:37423], old=null
2019-09-26 16:34:43,536 [e92f8c69-4518-4ec8-914d-310b697ee99a@group-639B790198CB:LeaderElection1] INFO  impl.RoleInfo (RoleInfo.java:shutdownLeaderElection(134)) - e92f8c69-4518-4ec8-914d-310b697ee99a: shutdown LeaderElection
2019-09-26 16:34:43,537 [e92f8c69-4518-4ec8-914d-310b697ee99a@group-639B790198CB:LeaderElection1] INFO  impl.RaftServerImpl (RaftServerImpl.java:setRole(174)) - e92f8c69-4518-4ec8-914d-310b697ee99a@group-639B790198CB: changes role from CANDIDATE to LEADER at term 1 for changeToLeader
2019-09-26 16:34:43,537 [e92f8c69-4518-4ec8-914d-310b697ee99a@group-639B790198CB:LeaderElection1] INFO  impl.RaftServerImpl (ServerState.java:setLeader(253)) - e92f8c69-4518-4ec8-914d-310b697ee99a@group-639B790198CB: change Leader from null to e92f8c69-4518-4ec8-914d-310b697ee99a at term 1 for becomeLeader, leader elected after 1286ms
2019-09-26 16:34:43,553 [grpc-default-executor-1] INFO  impl.RaftServerProxy (RaftServerProxy.java:addNew(89)) - 05cbe63e-a985-40d9-b8c8-c9fa1f238747: addNew group-F6B005432D10:[05cbe63e-a985-40d9-b8c8-c9fa1f238747:192.168.157.234:37989] returns group-F6B005432D10:java.util.concurrent.CompletableFuture@674d8041[Not completed]
2019-09-26 16:34:43,553 [e92f8c69-4518-4ec8-914d-310b697ee99a@group-639B790198CB:LeaderElection1] INFO  server.RaftServerConfigKeys (ConfUtils.java:logGet(43)) - raft.server.staging.catchup.gap = 1000 (default)
2019-09-26 16:34:43,553 [e92f8c69-4518-4ec8-914d-310b697ee99a@group-639B790198CB:LeaderElection1] INFO  server.RaftServerConfigKeys (ConfUtils.java:logGet(43)) - raft.server.rpc.sleep.time = 25ms (default)
2019-09-26 16:34:43,555 [e92f8c69-4518-4ec8-914d-310b697ee99a@group-639B790198CB:LeaderElection1] INFO  server.RaftServerConfigKeys (ConfUtils.java:logGet(43)) - raft.server.write.element-limit = 4096 (default)
2019-09-26 16:34:43,557 [pool-107-thread-1] INFO  impl.RaftServerImpl (RaftServerImpl.java:<init>(95)) - 05cbe63e-a985-40d9-b8c8-c9fa1f238747: new RaftServerImpl for group-F6B005432D10:[05cbe63e-a985-40d9-b8c8-c9fa1f238747:192.168.157.234:37989] with ContainerStateMachine:uninitialized
2019-09-26 16:34:43,557 [pool-107-thread-1] INFO  server.RaftServerConfigKeys (ConfUtils.java:logGet(43)) - raft.server.rpc.timeout.min = 1s (custom)
2019-09-26 16:34:43,557 [pool-107-thread-1] INFO  server.RaftServerConfigKeys (ConfUtils.java:logGet(43)) - raft.server.rpc.timeout.max = 1200ms (custom)
2019-09-26 16:34:43,557 [pool-107-thread-1] INFO  server.RaftServerConfigKeys (ConfUtils.java:logGet(43)) - raft.server.rpcslowness.timeout = 120s (custom)
2019-09-26 16:34:43,558 [pool-107-thread-1] INFO  server.RaftServerConfigKeys (ConfUtils.java:logGet(43)) - raft.server.sleep.deviation.threshold = 300 (default)
2019-09-26 16:34:43,558 [e92f8c69-4518-4ec8-914d-310b697ee99a@group-639B790198CB:LeaderElection1] INFO  server.RaftServerConfigKeys (ConfUtils.java:logGet(43)) - raft.server.watch.timeout = 10s (default)
2019-09-26 16:34:43,558 [pool-107-thread-1] INFO  server.RaftServerConfigKeys (ConfUtils.java:logGet(43)) - raft.server.log.appender.install.snapshot.enabled = false (custom)
2019-09-26 16:34:43,558 [e92f8c69-4518-4ec8-914d-310b697ee99a@group-639B790198CB:LeaderElection1] INFO  server.RaftServerConfigKeys (ConfUtils.java:logGet(43)) - raft.server.watch.timeout.denomination = 1s (default)
2019-09-26 16:34:43,558 [pool-107-thread-1] INFO  impl.RaftServerImpl (ServerState.java:<init>(103)) - 05cbe63e-a985-40d9-b8c8-c9fa1f238747@group-F6B005432D10: ConfigurationManager, init=-1: [05cbe63e-a985-40d9-b8c8-c9fa1f238747:192.168.157.234:37989], old=null, confs=<EMPTY_MAP>
2019-09-26 16:34:43,558 [pool-107-thread-1] INFO  server.RaftServerConfigKeys (ConfUtils.java:logGet(43)) - raft.server.storage.dir = [/workdir/hadoop-ozone/integration-test/target/test-dir/MiniOzoneClusterImpl-b5ca4ec9-472d-464d-82c8-bb75eaf95e3a/datanode-8/data/ratis] (custom)
2019-09-26 16:34:43,559 [e92f8c69-4518-4ec8-914d-310b697ee99a@group-639B790198CB:LeaderElection1] INFO  server.RaftServerConfigKeys (ConfUtils.java:logGet(43)) - raft.server.watch.element-limit = 65536 (default)
2019-09-26 16:34:43,559 [pool-107-thread-1] INFO  storage.RaftStorageDirectory (RaftStorageDirectory.java:analyzeStorage(246)) - The storage directory /workdir/hadoop-ozone/integration-test/target/test-dir/MiniOzoneClusterImpl-b5ca4ec9-472d-464d-82c8-bb75eaf95e3a/datanode-8/data/ratis/ae5bf4f6-5016-4ce0-aaeb-f6b005432d10 does not exist. Creating ...
2019-09-26 16:34:43,568 [e92f8c69-4518-4ec8-914d-310b697ee99a@group-639B790198CB:LeaderElection1] INFO  impl.RoleInfo (RoleInfo.java:updateAndGet(143)) - e92f8c69-4518-4ec8-914d-310b697ee99a: start LeaderState
2019-09-26 16:34:43,572 [pool-107-thread-1] INFO  storage.RaftStorageDirectory (RaftStorageDirectory.java:tryLock(328)) - Lock on /workdir/hadoop-ozone/integration-test/target/test-dir/MiniOzoneClusterImpl-b5ca4ec9-472d-464d-82c8-bb75eaf95e3a/datanode-8/data/ratis/ae5bf4f6-5016-4ce0-aaeb-f6b005432d10/in_use.lock acquired by nodename 16662@pr-hdds-2162-htzpk-1451759861
2019-09-26 16:34:43,589 [pool-107-thread-1] INFO  storage.RaftStorage (RaftStorage.java:format(72)) - Storage directory /workdir/hadoop-ozone/integration-test/target/test-dir/MiniOzoneClusterImpl-b5ca4ec9-472d-464d-82c8-bb75eaf95e3a/datanode-8/data/ratis/ae5bf4f6-5016-4ce0-aaeb-f6b005432d10 has been successfully formatted.
2019-09-26 16:34:43,590 [pool-107-thread-1] INFO  ratis.ContainerStateMachine (ContainerStateMachine.java:loadSnapshot(230)) - group-F6B005432D10: The snapshot info is null. Setting the last applied indexto:(t:0, i:~)
2019-09-26 16:34:43,590 [pool-107-thread-1] INFO  server.RaftServerConfigKeys (ConfUtils.java:logGet(43)) - raft.server.notification.no-leader.timeout = 120s (custom)
2019-09-26 16:34:43,590 [pool-107-thread-1] INFO  server.RaftServerConfigKeys (ConfUtils.java:logGet(43)) - raft.server.log.use.memory = false (default)
2019-09-26 16:34:43,590 [pool-107-thread-1] INFO  server.RaftServerConfigKeys (ConfUtils.java:logGet(43)) - raft.server.log.purge.gap = 1000000 (custom)
2019-09-26 16:34:43,591 [pool-107-thread-1] INFO  server.RaftServerConfigKeys (ConfUtils.java:logGet(43)) - raft.server.log.appender.buffer.byte-limit = 33554432 (custom)
2019-09-26 16:34:43,591 [e92f8c69-4518-4ec8-914d-310b697ee99a@group-639B790198CB:LeaderElection1] INFO  segmented.SegmentedRaftLogWorker (SegmentedRaftLogWorker.java:startLogSegment(380)) - e92f8c69-4518-4ec8-914d-310b697ee99a@group-639B790198CB-SegmentedRaftLogWorker: Starting segment from index:0
2019-09-26 16:34:43,591 [pool-107-thread-1] INFO  server.RaftServerConfigKeys (ConfUtils.java:logGet(43)) - raft.server.log.segment.size.max = 1048576 (custom)
2019-09-26 16:34:43,591 [pool-107-thread-1] INFO  server.RaftServerConfigKeys (ConfUtils.java:logGet(43)) - raft.server.log.segment.cache.num.max = 2 (custom)
2019-09-26 16:34:43,591 [pool-107-thread-1] INFO  segmented.SegmentedRaftLogWorker (SegmentedRaftLogWorker.java:<init>(172)) - new 05cbe63e-a985-40d9-b8c8-c9fa1f238747@group-F6B005432D10-SegmentedRaftLogWorker for RaftStorage:Storage Directory /workdir/hadoop-ozone/integration-test/target/test-dir/MiniOzoneClusterImpl-b5ca4ec9-472d-464d-82c8-bb75eaf95e3a/datanode-8/data/ratis/ae5bf4f6-5016-4ce0-aaeb-f6b005432d10
2019-09-26 16:34:43,597 [pool-107-thread-1] INFO  server.RaftServerConfigKeys (ConfUtils.java:logGet(43)) - raft.server.log.queue.byte-limit = 2147483647 (custom)
2019-09-26 16:34:43,597 [pool-107-thread-1] INFO  server.RaftServerConfigKeys (ConfUtils.java:logGet(43)) - raft.server.log.queue.element-limit = 1024 (custom)
2019-09-26 16:34:43,597 [pool-107-thread-1] INFO  server.RaftServerConfigKeys (ConfUtils.java:logGet(43)) - raft.server.log.segment.size.max = 1048576 (custom)
2019-09-26 16:34:43,597 [pool-107-thread-1] INFO  server.RaftServerConfigKeys (ConfUtils.java:logGet(43)) - raft.server.log.preallocated.size = 16384 (custom)
2019-09-26 16:34:43,597 [pool-107-thread-1] INFO  server.RaftServerConfigKeys (ConfUtils.java:logGet(43)) - raft.server.log.write.buffer.size = 33554432 (custom)
2019-09-26 16:34:43,598 [pool-107-thread-1] INFO  server.RaftServerConfigKeys (ConfUtils.java:logGet(43)) - raft.server.log.force.sync.num = 128 (default)
2019-09-26 16:34:43,598 [pool-107-thread-1] INFO  server.RaftServerConfigKeys (ConfUtils.java:logGet(43)) - raft.server.log.statemachine.data.sync = true (default)
2019-09-26 16:34:43,598 [pool-107-thread-1] INFO  server.RaftServerConfigKeys (ConfUtils.java:logGet(43)) - raft.server.log.statemachine.data.sync.timeout = 10s (default)
2019-09-26 16:34:43,598 [pool-107-thread-1] INFO  server.RaftServerConfigKeys (ConfUtils.java:logGet(43)) - raft.server.log.statemachine.data.sync.timeout.retry = -1 (default)
2019-09-26 16:34:43,598 [pool-107-thread-1] INFO  server.RaftServerConfigKeys (ConfUtils.java:logGet(43)) - raft.server.log.statemachine.data.caching.enabled = true (custom)
2019-09-26 16:34:43,599 [pool-107-thread-1] INFO  segmented.SegmentedRaftLogWorker (SegmentedRaftLogWorker.java:lambda$new$0(132)) - 05cbe63e-a985-40d9-b8c8-c9fa1f238747@group-F6B005432D10-SegmentedRaftLogWorker: flushIndex: setUnconditionally 0 -> -1
2019-09-26 16:34:43,599 [pool-107-thread-1] INFO  server.RaftServerConfigKeys (ConfUtils.java:logGet(43)) - raft.server.snapshot.auto.trigger.enabled = true (custom)
2019-09-26 16:34:43,600 [pool-107-thread-1] INFO  server.RaftServerConfigKeys (ConfUtils.java:logGet(43)) - raft.server.snapshot.auto.trigger.threshold = 10000 (custom)
2019-09-26 16:34:43,600 [pool-107-thread-1] INFO  server.RaftServerConfigKeys (ConfUtils.java:logGet(43)) - raft.server.snapshot.retention.num.files = 5 (custom)
2019-09-26 16:34:43,600 [pool-107-thread-1] INFO  server.RaftServerConfigKeys (ConfUtils.java:logGet(43)) - raft.server.retrycache.expirytime = 600000ms (custom)
2019-09-26 16:34:43,601 [e92f8c69-4518-4ec8-914d-310b697ee99a@group-639B790198CB:LeaderElection1] INFO  impl.RaftServerImpl (ServerState.java:setRaftConf(354)) - e92f8c69-4518-4ec8-914d-310b697ee99a@group-639B790198CB: set configuration 0: [e92f8c69-4518-4ec8-914d-310b697ee99a:192.168.157.234:37423], old=null at 0
2019-09-26 16:34:43,606 [pool-107-thread-1] INFO  impl.RaftServerImpl (RaftServerImpl.java:start(185)) - 05cbe63e-a985-40d9-b8c8-c9fa1f238747@group-F6B005432D10: start as a follower, conf=-1: [05cbe63e-a985-40d9-b8c8-c9fa1f238747:192.168.157.234:37989], old=null
2019-09-26 16:34:43,606 [pool-107-thread-1] INFO  impl.RaftServerImpl (RaftServerImpl.java:setRole(174)) - 05cbe63e-a985-40d9-b8c8-c9fa1f238747@group-F6B005432D10: changes role from      null to FOLLOWER at term 0 for startAsFollower
2019-09-26 16:34:43,607 [pool-107-thread-1] INFO  impl.RoleInfo (RoleInfo.java:updateAndGet(143)) - 05cbe63e-a985-40d9-b8c8-c9fa1f238747: start FollowerState
2019-09-26 16:34:43,607 [pool-107-thread-1] INFO  util.JmxRegister (JmxRegister.java:tryRegister(44)) - Successfully registered JMX Bean with object name Ratis:service=RaftServer,group=group-F6B005432D10,id=05cbe63e-a985-40d9-b8c8-c9fa1f238747
2019-09-26 16:34:43,617 [RatisPipelineUtilsThread] INFO  pipeline.PipelineStateManager (PipelineStateManager.java:addPipeline(56)) - Created pipeline Pipeline[ Id: ae5bf4f6-5016-4ce0-aaeb-f6b005432d10, Nodes: 05cbe63e-a985-40d9-b8c8-c9fa1f238747{ip: 192.168.157.234, host: pr-hdds-2162-htzpk-1451759861, networkLocation: /rack1, certSerialId: null}, Type:RATIS, Factor:ONE, State:OPEN]
2019-09-26 16:34:43,648 [grpc-default-executor-0] INFO  impl.RaftServerProxy (RaftServerProxy.java:addNew(89)) - 9221d1d4-f927-4b56-ab16-f2eacc87aadd: addNew group-9108ADE1020B:[4d7b7b0b-d4b2-4e9e-949c-b3d401b8342c:192.168.157.234:44365, 837115f0-6bdf-4bb0-a918-7bab3585449b:192.168.157.234:40176, 9221d1d4-f927-4b56-ab16-f2eacc87aadd:192.168.157.234:40823] returns group-9108ADE1020B:java.util.concurrent.CompletableFuture@2136f464[Not completed]
2019-09-26 16:34:43,648 [grpc-default-executor-1] INFO  impl.RaftServerProxy (RaftServerProxy.java:addNew(89)) - 837115f0-6bdf-4bb0-a918-7bab3585449b: addNew group-9108ADE1020B:[4d7b7b0b-d4b2-4e9e-949c-b3d401b8342c:192.168.157.234:44365, 837115f0-6bdf-4bb0-a918-7bab3585449b:192.168.157.234:40176, 9221d1d4-f927-4b56-ab16-f2eacc87aadd:192.168.157.234:40823] returns group-9108ADE1020B:java.util.concurrent.CompletableFuture@558549c9[Not completed]
2019-09-26 16:34:43,649 [grpc-default-executor-2] INFO  impl.RaftServerProxy (RaftServerProxy.java:addNew(89)) - 4d7b7b0b-d4b2-4e9e-949c-b3d401b8342c: addNew group-9108ADE1020B:[4d7b7b0b-d4b2-4e9e-949c-b3d401b8342c:192.168.157.234:44365, 837115f0-6bdf-4bb0-a918-7bab3585449b:192.168.157.234:40176, 9221d1d4-f927-4b56-ab16-f2eacc87aadd:192.168.157.234:40823] returns group-9108ADE1020B:java.util.concurrent.CompletableFuture@73286f3f[Not completed]
2019-09-26 16:34:43,650 [pool-47-thread-1] INFO  impl.RaftServerImpl (RaftServerImpl.java:<init>(95)) - 837115f0-6bdf-4bb0-a918-7bab3585449b: new RaftServerImpl for group-9108ADE1020B:[4d7b7b0b-d4b2-4e9e-949c-b3d401b8342c:192.168.157.234:44365, 837115f0-6bdf-4bb0-a918-7bab3585449b:192.168.157.234:40176, 9221d1d4-f927-4b56-ab16-f2eacc87aadd:192.168.157.234:40823] with ContainerStateMachine:uninitialized
2019-09-26 16:34:43,650 [pool-47-thread-1] INFO  server.RaftServerConfigKeys (ConfUtils.java:logGet(43)) - raft.server.rpc.timeout.min = 1s (custom)
2019-09-26 16:34:43,651 [pool-47-thread-1] INFO  server.RaftServerConfigKeys (ConfUtils.java:logGet(43)) - raft.server.rpc.timeout.max = 1200ms (custom)
2019-09-26 16:34:43,651 [pool-47-thread-1] INFO  server.RaftServerConfigKeys (ConfUtils.java:logGet(43)) - raft.server.rpcslowness.timeout = 120s (custom)
2019-09-26 16:34:43,651 [pool-47-thread-1] INFO  server.RaftServerConfigKeys (ConfUtils.java:logGet(43)) - raft.server.sleep.deviation.threshold = 300 (default)
2019-09-26 16:34:43,651 [pool-47-thread-1] INFO  server.RaftServerConfigKeys (ConfUtils.java:logGet(43)) - raft.server.log.appender.install.snapshot.enabled = false (custom)
2019-09-26 16:34:43,651 [pool-47-thread-1] INFO  impl.RaftServerImpl (ServerState.java:<init>(103)) - 837115f0-6bdf-4bb0-a918-7bab3585449b@group-9108ADE1020B: ConfigurationManager, init=-1: [4d7b7b0b-d4b2-4e9e-949c-b3d401b8342c:192.168.157.234:44365, 837115f0-6bdf-4bb0-a918-7bab3585449b:192.168.157.234:40176, 9221d1d4-f927-4b56-ab16-f2eacc87aadd:192.168.157.234:40823], old=null, confs=<EMPTY_MAP>
2019-09-26 16:34:43,651 [pool-47-thread-1] INFO  server.RaftServerConfigKeys (ConfUtils.java:logGet(43)) - raft.server.storage.dir = [/workdir/hadoop-ozone/integration-test/target/test-dir/MiniOzoneClusterImpl-b5ca4ec9-472d-464d-82c8-bb75eaf95e3a/datanode-2/data/ratis] (custom)
2019-09-26 16:34:43,651 [pool-117-thread-1] INFO  impl.RaftServerImpl (RaftServerImpl.java:<init>(95)) - 4d7b7b0b-d4b2-4e9e-949c-b3d401b8342c: new RaftServerImpl for group-9108ADE1020B:[4d7b7b0b-d4b2-4e9e-949c-b3d401b8342c:192.168.157.234:44365, 837115f0-6bdf-4bb0-a918-7bab3585449b:192.168.157.234:40176, 9221d1d4-f927-4b56-ab16-f2eacc87aadd:192.168.157.234:40823] with ContainerStateMachine:uninitialized
2019-09-26 16:34:43,652 [pool-117-thread-1] INFO  server.RaftServerConfigKeys (ConfUtils.java:logGet(43)) - raft.server.rpc.timeout.min = 1s (custom)
2019-09-26 16:34:43,652 [pool-47-thread-1] INFO  storage.RaftStorageDirectory (RaftStorageDirectory.java:analyzeStorage(246)) - The storage directory /workdir/hadoop-ozone/integration-test/target/test-dir/MiniOzoneClusterImpl-b5ca4ec9-472d-464d-82c8-bb75eaf95e3a/datanode-2/data/ratis/a915a3b2-986f-4c25-8dfe-9108ade1020b does not exist. Creating ...
2019-09-26 16:34:43,652 [pool-117-thread-1] INFO  server.RaftServerConfigKeys (ConfUtils.java:logGet(43)) - raft.server.rpc.timeout.max = 1200ms (custom)
2019-09-26 16:34:43,652 [pool-117-thread-1] INFO  server.RaftServerConfigKeys (ConfUtils.java:logGet(43)) - raft.server.rpcslowness.timeout = 120s (custom)
2019-09-26 16:34:43,652 [pool-117-thread-1] INFO  server.RaftServerConfigKeys (ConfUtils.java:logGet(43)) - raft.server.sleep.deviation.threshold = 300 (default)
2019-09-26 16:34:43,652 [pool-117-thread-1] INFO  server.RaftServerConfigKeys (ConfUtils.java:logGet(43)) - raft.server.log.appender.install.snapshot.enabled = false (custom)
2019-09-26 16:34:43,652 [pool-117-thread-1] INFO  impl.RaftServerImpl (ServerState.java:<init>(103)) - 4d7b7b0b-d4b2-4e9e-949c-b3d401b8342c@group-9108ADE1020B: ConfigurationManager, init=-1: [4d7b7b0b-d4b2-4e9e-949c-b3d401b8342c:192.168.157.234:44365, 837115f0-6bdf-4bb0-a918-7bab3585449b:192.168.157.234:40176, 9221d1d4-f927-4b56-ab16-f2eacc87aadd:192.168.157.234:40823], old=null, confs=<EMPTY_MAP>
2019-09-26 16:34:43,653 [pool-117-thread-1] INFO  server.RaftServerConfigKeys (ConfUtils.java:logGet(43)) - raft.server.storage.dir = [/workdir/hadoop-ozone/integration-test/target/test-dir/MiniOzoneClusterImpl-b5ca4ec9-472d-464d-82c8-bb75eaf95e3a/datanode-9/data/ratis] (custom)
2019-09-26 16:34:43,653 [pool-37-thread-1] INFO  impl.RaftServerImpl (RaftServerImpl.java:<init>(95)) - 9221d1d4-f927-4b56-ab16-f2eacc87aadd: new RaftServerImpl for group-9108ADE1020B:[4d7b7b0b-d4b2-4e9e-949c-b3d401b8342c:192.168.157.234:44365, 837115f0-6bdf-4bb0-a918-7bab3585449b:192.168.157.234:40176, 9221d1d4-f927-4b56-ab16-f2eacc87aadd:192.168.157.234:40823] with ContainerStateMachine:uninitialized
2019-09-26 16:34:43,653 [pool-37-thread-1] INFO  server.RaftServerConfigKeys (ConfUtils.java:logGet(43)) - raft.server.rpc.timeout.min = 1s (custom)
2019-09-26 16:34:43,653 [pool-117-thread-1] INFO  storage.RaftStorageDirectory (RaftStorageDirectory.java:analyzeStorage(246)) - The storage directory /workdir/hadoop-ozone/integration-test/target/test-dir/MiniOzoneClusterImpl-b5ca4ec9-472d-464d-82c8-bb75eaf95e3a/datanode-9/data/ratis/a915a3b2-986f-4c25-8dfe-9108ade1020b does not exist. Creating ...
2019-09-26 16:34:43,653 [pool-37-thread-1] INFO  server.RaftServerConfigKeys (ConfUtils.java:logGet(43)) - raft.server.rpc.timeout.max = 1200ms (custom)
2019-09-26 16:34:43,653 [pool-37-thread-1] INFO  server.RaftServerConfigKeys (ConfUtils.java:logGet(43)) - raft.server.rpcslowness.timeout = 120s (custom)
2019-09-26 16:34:43,653 [pool-37-thread-1] INFO  server.RaftServerConfigKeys (ConfUtils.java:logGet(43)) - raft.server.sleep.deviation.threshold = 300 (default)
2019-09-26 16:34:43,654 [pool-37-thread-1] INFO  server.RaftServerConfigKeys (ConfUtils.java:logGet(43)) - raft.server.log.appender.install.snapshot.enabled = false (custom)
2019-09-26 16:34:43,654 [pool-37-thread-1] INFO  impl.RaftServerImpl (ServerState.java:<init>(103)) - 9221d1d4-f927-4b56-ab16-f2eacc87aadd@group-9108ADE1020B: ConfigurationManager, init=-1: [4d7b7b0b-d4b2-4e9e-949c-b3d401b8342c:192.168.157.234:44365, 837115f0-6bdf-4bb0-a918-7bab3585449b:192.168.157.234:40176, 9221d1d4-f927-4b56-ab16-f2eacc87aadd:192.168.157.234:40823], old=null, confs=<EMPTY_MAP>
2019-09-26 16:34:43,654 [pool-37-thread-1] INFO  server.RaftServerConfigKeys (ConfUtils.java:logGet(43)) - raft.server.storage.dir = [/workdir/hadoop-ozone/integration-test/target/test-dir/MiniOzoneClusterImpl-b5ca4ec9-472d-464d-82c8-bb75eaf95e3a/datanode-1/data/ratis] (custom)
2019-09-26 16:34:43,654 [pool-37-thread-1] INFO  storage.RaftStorageDirectory (RaftStorageDirectory.java:analyzeStorage(246)) - The storage directory /workdir/hadoop-ozone/integration-test/target/test-dir/MiniOzoneClusterImpl-b5ca4ec9-472d-464d-82c8-bb75eaf95e3a/datanode-1/data/ratis/a915a3b2-986f-4c25-8dfe-9108ade1020b does not exist. Creating ...
2019-09-26 16:34:43,665 [pool-37-thread-1] INFO  storage.RaftStorageDirectory (RaftStorageDirectory.java:tryLock(328)) - Lock on /workdir/hadoop-ozone/integration-test/target/test-dir/MiniOzoneClusterImpl-b5ca4ec9-472d-464d-82c8-bb75eaf95e3a/datanode-1/data/ratis/a915a3b2-986f-4c25-8dfe-9108ade1020b/in_use.lock acquired by nodename 16662@pr-hdds-2162-htzpk-1451759861
2019-09-26 16:34:43,665 [pool-117-thread-1] INFO  storage.RaftStorageDirectory (RaftStorageDirectory.java:tryLock(328)) - Lock on /workdir/hadoop-ozone/integration-test/target/test-dir/MiniOzoneClusterImpl-b5ca4ec9-472d-464d-82c8-bb75eaf95e3a/datanode-9/data/ratis/a915a3b2-986f-4c25-8dfe-9108ade1020b/in_use.lock acquired by nodename 16662@pr-hdds-2162-htzpk-1451759861
2019-09-26 16:34:43,665 [pool-47-thread-1] INFO  storage.RaftStorageDirectory (RaftStorageDirectory.java:tryLock(328)) - Lock on /workdir/hadoop-ozone/integration-test/target/test-dir/MiniOzoneClusterImpl-b5ca4ec9-472d-464d-82c8-bb75eaf95e3a/datanode-2/data/ratis/a915a3b2-986f-4c25-8dfe-9108ade1020b/in_use.lock acquired by nodename 16662@pr-hdds-2162-htzpk-1451759861
2019-09-26 16:34:43,680 [pool-117-thread-1] INFO  storage.RaftStorage (RaftStorage.java:format(72)) - Storage directory /workdir/hadoop-ozone/integration-test/target/test-dir/MiniOzoneClusterImpl-b5ca4ec9-472d-464d-82c8-bb75eaf95e3a/datanode-9/data/ratis/a915a3b2-986f-4c25-8dfe-9108ade1020b has been successfully formatted.
2019-09-26 16:34:43,680 [pool-47-thread-1] INFO  storage.RaftStorage (RaftStorage.java:format(72)) - Storage directory /workdir/hadoop-ozone/integration-test/target/test-dir/MiniOzoneClusterImpl-b5ca4ec9-472d-464d-82c8-bb75eaf95e3a/datanode-2/data/ratis/a915a3b2-986f-4c25-8dfe-9108ade1020b has been successfully formatted.
2019-09-26 16:34:43,680 [pool-37-thread-1] INFO  storage.RaftStorage (RaftStorage.java:format(72)) - Storage directory /workdir/hadoop-ozone/integration-test/target/test-dir/MiniOzoneClusterImpl-b5ca4ec9-472d-464d-82c8-bb75eaf95e3a/datanode-1/data/ratis/a915a3b2-986f-4c25-8dfe-9108ade1020b has been successfully formatted.
2019-09-26 16:34:43,680 [pool-47-thread-1] INFO  ratis.ContainerStateMachine (ContainerStateMachine.java:loadSnapshot(230)) - group-9108ADE1020B: The snapshot info is null. Setting the last applied indexto:(t:0, i:~)
2019-09-26 16:34:43,680 [pool-117-thread-1] INFO  ratis.ContainerStateMachine (ContainerStateMachine.java:loadSnapshot(230)) - group-9108ADE1020B: The snapshot info is null. Setting the last applied indexto:(t:0, i:~)
2019-09-26 16:34:43,681 [pool-37-thread-1] INFO  ratis.ContainerStateMachine (ContainerStateMachine.java:loadSnapshot(230)) - group-9108ADE1020B: The snapshot info is null. Setting the last applied indexto:(t:0, i:~)
2019-09-26 16:34:43,681 [pool-47-thread-1] INFO  server.RaftServerConfigKeys (ConfUtils.java:logGet(43)) - raft.server.notification.no-leader.timeout = 120s (custom)
2019-09-26 16:34:43,681 [pool-37-thread-1] INFO  server.RaftServerConfigKeys (ConfUtils.java:logGet(43)) - raft.server.notification.no-leader.timeout = 120s (custom)
2019-09-26 16:34:43,681 [pool-117-thread-1] INFO  server.RaftServerConfigKeys (ConfUtils.java:logGet(43)) - raft.server.notification.no-leader.timeout = 120s (custom)
2019-09-26 16:34:43,681 [pool-37-thread-1] INFO  server.RaftServerConfigKeys (ConfUtils.java:logGet(43)) - raft.server.log.use.memory = false (default)
2019-09-26 16:34:43,681 [pool-47-thread-1] INFO  server.RaftServerConfigKeys (ConfUtils.java:logGet(43)) - raft.server.log.use.memory = false (default)
2019-09-26 16:34:43,681 [pool-117-thread-1] INFO  server.RaftServerConfigKeys (ConfUtils.java:logGet(43)) - raft.server.log.use.memory = false (default)
2019-09-26 16:34:43,682 [pool-47-thread-1] INFO  server.RaftServerConfigKeys (ConfUtils.java:logGet(43)) - raft.server.log.purge.gap = 1000000 (custom)
2019-09-26 16:34:43,681 [pool-37-thread-1] INFO  server.RaftServerConfigKeys (ConfUtils.java:logGet(43)) - raft.server.log.purge.gap = 1000000 (custom)
2019-09-26 16:34:43,682 [pool-47-thread-1] INFO  server.RaftServerConfigKeys (ConfUtils.java:logGet(43)) - raft.server.log.appender.buffer.byte-limit = 33554432 (custom)
2019-09-26 16:34:43,682 [pool-117-thread-1] INFO  server.RaftServerConfigKeys (ConfUtils.java:logGet(43)) - raft.server.log.purge.gap = 1000000 (custom)
2019-09-26 16:34:43,682 [pool-47-thread-1] INFO  server.RaftServerConfigKeys (ConfUtils.java:logGet(43)) - raft.server.log.segment.size.max = 1048576 (custom)
2019-09-26 16:34:43,682 [pool-37-thread-1] INFO  server.RaftServerConfigKeys (ConfUtils.java:logGet(43)) - raft.server.log.appender.buffer.byte-limit = 33554432 (custom)
2019-09-26 16:34:43,682 [pool-47-thread-1] INFO  server.RaftServerConfigKeys (ConfUtils.java:logGet(43)) - raft.server.log.segment.cache.num.max = 2 (custom)
2019-09-26 16:34:43,682 [pool-117-thread-1] INFO  server.RaftServerConfigKeys (ConfUtils.java:logGet(43)) - raft.server.log.appender.buffer.byte-limit = 33554432 (custom)
2019-09-26 16:34:43,683 [pool-47-thread-1] INFO  segmented.SegmentedRaftLogWorker (SegmentedRaftLogWorker.java:<init>(172)) - new 837115f0-6bdf-4bb0-a918-7bab3585449b@group-9108ADE1020B-SegmentedRaftLogWorker for RaftStorage:Storage Directory /workdir/hadoop-ozone/integration-test/target/test-dir/MiniOzoneClusterImpl-b5ca4ec9-472d-464d-82c8-bb75eaf95e3a/datanode-2/data/ratis/a915a3b2-986f-4c25-8dfe-9108ade1020b
2019-09-26 16:34:43,683 [pool-37-thread-1] INFO  server.RaftServerConfigKeys (ConfUtils.java:logGet(43)) - raft.server.log.segment.size.max = 1048576 (custom)
2019-09-26 16:34:43,683 [pool-47-thread-1] INFO  server.RaftServerConfigKeys (ConfUtils.java:logGet(43)) - raft.server.log.queue.byte-limit = 2147483647 (custom)
2019-09-26 16:34:43,683 [pool-117-thread-1] INFO  server.RaftServerConfigKeys (ConfUtils.java:logGet(43)) - raft.server.log.segment.size.max = 1048576 (custom)
2019-09-26 16:34:43,683 [pool-47-thread-1] INFO  server.RaftServerConfigKeys (ConfUtils.java:logGet(43)) - raft.server.log.queue.element-limit = 1024 (custom)
2019-09-26 16:34:43,683 [pool-37-thread-1] INFO  server.RaftServerConfigKeys (ConfUtils.java:logGet(43)) - raft.server.log.segment.cache.num.max = 2 (custom)
2019-09-26 16:34:43,683 [pool-47-thread-1] INFO  server.RaftServerConfigKeys (ConfUtils.java:logGet(43)) - raft.server.log.segment.size.max = 1048576 (custom)
2019-09-26 16:34:43,683 [pool-117-thread-1] INFO  server.RaftServerConfigKeys (ConfUtils.java:logGet(43)) - raft.server.log.segment.cache.num.max = 2 (custom)
2019-09-26 16:34:43,684 [pool-47-thread-1] INFO  server.RaftServerConfigKeys (ConfUtils.java:logGet(43)) - raft.server.log.preallocated.size = 16384 (custom)
2019-09-26 16:34:43,684 [pool-37-thread-1] INFO  segmented.SegmentedRaftLogWorker (SegmentedRaftLogWorker.java:<init>(172)) - new 9221d1d4-f927-4b56-ab16-f2eacc87aadd@group-9108ADE1020B-SegmentedRaftLogWorker for RaftStorage:Storage Directory /workdir/hadoop-ozone/integration-test/target/test-dir/MiniOzoneClusterImpl-b5ca4ec9-472d-464d-82c8-bb75eaf95e3a/datanode-1/data/ratis/a915a3b2-986f-4c25-8dfe-9108ade1020b
2019-09-26 16:34:43,684 [pool-47-thread-1] INFO  server.RaftServerConfigKeys (ConfUtils.java:logGet(43)) - raft.server.log.write.buffer.size = 33554432 (custom)
2019-09-26 16:34:43,684 [pool-117-thread-1] INFO  segmented.SegmentedRaftLogWorker (SegmentedRaftLogWorker.java:<init>(172)) - new 4d7b7b0b-d4b2-4e9e-949c-b3d401b8342c@group-9108ADE1020B-SegmentedRaftLogWorker for RaftStorage:Storage Directory /workdir/hadoop-ozone/integration-test/target/test-dir/MiniOzoneClusterImpl-b5ca4ec9-472d-464d-82c8-bb75eaf95e3a/datanode-9/data/ratis/a915a3b2-986f-4c25-8dfe-9108ade1020b
2019-09-26 16:34:43,684 [pool-47-thread-1] INFO  server.RaftServerConfigKeys (ConfUtils.java:logGet(43)) - raft.server.log.force.sync.num = 128 (default)
2019-09-26 16:34:43,684 [pool-37-thread-1] INFO  server.RaftServerConfigKeys (ConfUtils.java:logGet(43)) - raft.server.log.queue.byte-limit = 2147483647 (custom)
2019-09-26 16:34:43,685 [pool-47-thread-1] INFO  server.RaftServerConfigKeys (ConfUtils.java:logGet(43)) - raft.server.log.statemachine.data.sync = true (default)
2019-09-26 16:34:43,684 [pool-117-thread-1] INFO  server.RaftServerConfigKeys (ConfUtils.java:logGet(43)) - raft.server.log.queue.byte-limit = 2147483647 (custom)
2019-09-26 16:34:43,685 [pool-47-thread-1] INFO  server.RaftServerConfigKeys (ConfUtils.java:logGet(43)) - raft.server.log.statemachine.data.sync.timeout = 10s (default)
2019-09-26 16:34:43,685 [pool-47-thread-1] INFO  server.RaftServerConfigKeys (ConfUtils.java:logGet(43)) - raft.server.log.statemachine.data.sync.timeout.retry = -1 (default)
2019-09-26 16:34:43,685 [pool-37-thread-1] INFO  server.RaftServerConfigKeys (ConfUtils.java:logGet(43)) - raft.server.log.queue.element-limit = 1024 (custom)
2019-09-26 16:34:43,685 [pool-47-thread-1] INFO  server.RaftServerConfigKeys (ConfUtils.java:logGet(43)) - raft.server.log.statemachine.data.caching.enabled = true (custom)
2019-09-26 16:34:43,685 [pool-117-thread-1] INFO  server.RaftServerConfigKeys (ConfUtils.java:logGet(43)) - raft.server.log.queue.element-limit = 1024 (custom)
2019-09-26 16:34:43,686 [pool-37-thread-1] INFO  server.RaftServerConfigKeys (ConfUtils.java:logGet(43)) - raft.server.log.segment.size.max = 1048576 (custom)
2019-09-26 16:34:43,686 [pool-117-thread-1] INFO  server.RaftServerConfigKeys (ConfUtils.java:logGet(43)) - raft.server.log.segment.size.max = 1048576 (custom)
2019-09-26 16:34:43,686 [pool-47-thread-1] INFO  segmented.SegmentedRaftLogWorker (SegmentedRaftLogWorker.java:lambda$new$0(132)) - 837115f0-6bdf-4bb0-a918-7bab3585449b@group-9108ADE1020B-SegmentedRaftLogWorker: flushIndex: setUnconditionally 0 -> -1
2019-09-26 16:34:43,686 [pool-117-thread-1] INFO  server.RaftServerConfigKeys (ConfUtils.java:logGet(43)) - raft.server.log.preallocated.size = 16384 (custom)
2019-09-26 16:34:43,686 [pool-37-thread-1] INFO  server.RaftServerConfigKeys (ConfUtils.java:logGet(43)) - raft.server.log.preallocated.size = 16384 (custom)
2019-09-26 16:34:43,686 [pool-47-thread-1] INFO  server.RaftServerConfigKeys (ConfUtils.java:logGet(43)) - raft.server.snapshot.auto.trigger.enabled = true (custom)
2019-09-26 16:34:43,686 [pool-117-thread-1] INFO  server.RaftServerConfigKeys (ConfUtils.java:logGet(43)) - raft.server.log.write.buffer.size = 33554432 (custom)
2019-09-26 16:34:43,687 [pool-47-thread-1] INFO  server.RaftServerConfigKeys (ConfUtils.java:logGet(43)) - raft.server.snapshot.auto.trigger.threshold = 10000 (custom)
2019-09-26 16:34:43,687 [pool-37-thread-1] INFO  server.RaftServerConfigKeys (ConfUtils.java:logGet(43)) - raft.server.log.write.buffer.size = 33554432 (custom)
2019-09-26 16:34:43,687 [pool-47-thread-1] INFO  server.RaftServerConfigKeys (ConfUtils.java:logGet(43)) - raft.server.snapshot.retention.num.files = 5 (custom)
2019-09-26 16:34:43,687 [pool-117-thread-1] INFO  server.RaftServerConfigKeys (ConfUtils.java:logGet(43)) - raft.server.log.force.sync.num = 128 (default)
2019-09-26 16:34:43,687 [pool-47-thread-1] INFO  server.RaftServerConfigKeys (ConfUtils.java:logGet(43)) - raft.server.retrycache.expirytime = 600000ms (custom)
2019-09-26 16:34:43,687 [pool-37-thread-1] INFO  server.RaftServerConfigKeys (ConfUtils.java:logGet(43)) - raft.server.log.force.sync.num = 128 (default)
2019-09-26 16:34:43,687 [pool-117-thread-1] INFO  server.RaftServerConfigKeys (ConfUtils.java:logGet(43)) - raft.server.log.statemachine.data.sync = true (default)
2019-09-26 16:34:43,688 [pool-37-thread-1] INFO  server.RaftServerConfigKeys (ConfUtils.java:logGet(43)) - raft.server.log.statemachine.data.sync = true (default)
2019-09-26 16:34:43,688 [pool-117-thread-1] INFO  server.RaftServerConfigKeys (ConfUtils.java:logGet(43)) - raft.server.log.statemachine.data.sync.timeout = 10s (default)
2019-09-26 16:34:43,688 [pool-37-thread-1] INFO  server.RaftServerConfigKeys (ConfUtils.java:logGet(43)) - raft.server.log.statemachine.data.sync.timeout = 10s (default)
2019-09-26 16:34:43,688 [pool-117-thread-1] INFO  server.RaftServerConfigKeys (ConfUtils.java:logGet(43)) - raft.server.log.statemachine.data.sync.timeout.retry = -1 (default)
2019-09-26 16:34:43,688 [pool-37-thread-1] INFO  server.RaftServerConfigKeys (ConfUtils.java:logGet(43)) - raft.server.log.statemachine.data.sync.timeout.retry = -1 (default)
2019-09-26 16:34:43,689 [pool-117-thread-1] INFO  server.RaftServerConfigKeys (ConfUtils.java:logGet(43)) - raft.server.log.statemachine.data.caching.enabled = true (custom)
2019-09-26 16:34:43,689 [pool-37-thread-1] INFO  server.RaftServerConfigKeys (ConfUtils.java:logGet(43)) - raft.server.log.statemachine.data.caching.enabled = true (custom)
2019-09-26 16:34:43,689 [pool-117-thread-1] INFO  segmented.SegmentedRaftLogWorker (SegmentedRaftLogWorker.java:lambda$new$0(132)) - 4d7b7b0b-d4b2-4e9e-949c-b3d401b8342c@group-9108ADE1020B-SegmentedRaftLogWorker: flushIndex: setUnconditionally 0 -> -1
2019-09-26 16:34:43,689 [pool-37-thread-1] INFO  segmented.SegmentedRaftLogWorker (SegmentedRaftLogWorker.java:lambda$new$0(132)) - 9221d1d4-f927-4b56-ab16-f2eacc87aadd@group-9108ADE1020B-SegmentedRaftLogWorker: flushIndex: setUnconditionally 0 -> -1
2019-09-26 16:34:43,689 [pool-117-thread-1] INFO  server.RaftServerConfigKeys (ConfUtils.java:logGet(43)) - raft.server.snapshot.auto.trigger.enabled = true (custom)
2019-09-26 16:34:43,689 [pool-117-thread-1] INFO  server.RaftServerConfigKeys (ConfUtils.java:logGet(43)) - raft.server.snapshot.auto.trigger.threshold = 10000 (custom)
2019-09-26 16:34:43,689 [pool-37-thread-1] INFO  server.RaftServerConfigKeys (ConfUtils.java:logGet(43)) - raft.server.snapshot.auto.trigger.enabled = true (custom)
2019-09-26 16:34:43,690 [pool-117-thread-1] INFO  server.RaftServerConfigKeys (ConfUtils.java:logGet(43)) - raft.server.snapshot.retention.num.files = 5 (custom)
2019-09-26 16:34:43,690 [pool-37-thread-1] INFO  server.RaftServerConfigKeys (ConfUtils.java:logGet(43)) - raft.server.snapshot.auto.trigger.threshold = 10000 (custom)
2019-09-26 16:34:43,690 [pool-117-thread-1] INFO  server.RaftServerConfigKeys (ConfUtils.java:logGet(43)) - raft.server.retrycache.expirytime = 600000ms (custom)
2019-09-26 16:34:43,690 [pool-37-thread-1] INFO  server.RaftServerConfigKeys (ConfUtils.java:logGet(43)) - raft.server.snapshot.retention.num.files = 5 (custom)
2019-09-26 16:34:43,690 [pool-37-thread-1] INFO  server.RaftServerConfigKeys (ConfUtils.java:logGet(43)) - raft.server.retrycache.expirytime = 600000ms (custom)
2019-09-26 16:34:43,690 [pool-47-thread-1] INFO  impl.RaftServerImpl (RaftServerImpl.java:start(185)) - 837115f0-6bdf-4bb0-a918-7bab3585449b@group-9108ADE1020B: start as a follower, conf=-1: [4d7b7b0b-d4b2-4e9e-949c-b3d401b8342c:192.168.157.234:44365, 837115f0-6bdf-4bb0-a918-7bab3585449b:192.168.157.234:40176, 9221d1d4-f927-4b56-ab16-f2eacc87aadd:192.168.157.234:40823], old=null
2019-09-26 16:34:43,691 [pool-47-thread-1] INFO  impl.RaftServerImpl (RaftServerImpl.java:setRole(174)) - 837115f0-6bdf-4bb0-a918-7bab3585449b@group-9108ADE1020B: changes role from      null to FOLLOWER at term 0 for startAsFollower
2019-09-26 16:34:43,691 [pool-47-thread-1] INFO  impl.RoleInfo (RoleInfo.java:updateAndGet(143)) - 837115f0-6bdf-4bb0-a918-7bab3585449b: start FollowerState
2019-09-26 16:34:43,691 [pool-47-thread-1] INFO  util.JmxRegister (JmxRegister.java:tryRegister(44)) - Successfully registered JMX Bean with object name Ratis:service=RaftServer,group=group-9108ADE1020B,id=837115f0-6bdf-4bb0-a918-7bab3585449b
2019-09-26 16:34:43,693 [pool-117-thread-1] INFO  impl.RaftServerImpl (RaftServerImpl.java:start(185)) - 4d7b7b0b-d4b2-4e9e-949c-b3d401b8342c@group-9108ADE1020B: start as a follower, conf=-1: [4d7b7b0b-d4b2-4e9e-949c-b3d401b8342c:192.168.157.234:44365, 837115f0-6bdf-4bb0-a918-7bab3585449b:192.168.157.234:40176, 9221d1d4-f927-4b56-ab16-f2eacc87aadd:192.168.157.234:40823], old=null
2019-09-26 16:34:43,695 [pool-117-thread-1] INFO  impl.RaftServerImpl (RaftServerImpl.java:setRole(174)) - 4d7b7b0b-d4b2-4e9e-949c-b3d401b8342c@group-9108ADE1020B: changes role from      null to FOLLOWER at term 0 for startAsFollower
2019-09-26 16:34:43,696 [pool-117-thread-1] INFO  impl.RoleInfo (RoleInfo.java:updateAndGet(143)) - 4d7b7b0b-d4b2-4e9e-949c-b3d401b8342c: start FollowerState
2019-09-26 16:34:43,696 [pool-37-thread-1] INFO  impl.RaftServerImpl (RaftServerImpl.java:start(185)) - 9221d1d4-f927-4b56-ab16-f2eacc87aadd@group-9108ADE1020B: start as a follower, conf=-1: [4d7b7b0b-d4b2-4e9e-949c-b3d401b8342c:192.168.157.234:44365, 837115f0-6bdf-4bb0-a918-7bab3585449b:192.168.157.234:40176, 9221d1d4-f927-4b56-ab16-f2eacc87aadd:192.168.157.234:40823], old=null
2019-09-26 16:34:43,698 [pool-117-thread-1] INFO  util.JmxRegister (JmxRegister.java:tryRegister(44)) - Successfully registered JMX Bean with object name Ratis:service=RaftServer,group=group-9108ADE1020B,id=4d7b7b0b-d4b2-4e9e-949c-b3d401b8342c
2019-09-26 16:34:43,698 [pool-37-thread-1] INFO  impl.RaftServerImpl (RaftServerImpl.java:setRole(174)) - 9221d1d4-f927-4b56-ab16-f2eacc87aadd@group-9108ADE1020B: changes role from      null to FOLLOWER at term 0 for startAsFollower
2019-09-26 16:34:43,701 [pool-37-thread-1] INFO  impl.RoleInfo (RoleInfo.java:updateAndGet(143)) - 9221d1d4-f927-4b56-ab16-f2eacc87aadd: start FollowerState
2019-09-26 16:34:43,701 [pool-37-thread-1] INFO  util.JmxRegister (JmxRegister.java:tryRegister(44)) - Successfully registered JMX Bean with object name Ratis:service=RaftServer,group=group-9108ADE1020B,id=9221d1d4-f927-4b56-ab16-f2eacc87aadd
2019-09-26 16:34:43,710 [Thread-288] INFO  impl.FollowerState (FollowerState.java:run(106)) - 4d7b7b0b-d4b2-4e9e-949c-b3d401b8342c:group-C79567DAF354 changes to CANDIDATE, lastRpcTime:1065, electionTimeout:1063ms
2019-09-26 16:34:43,711 [Thread-288] INFO  impl.RoleInfo (RoleInfo.java:shutdownFollowerState(121)) - 4d7b7b0b-d4b2-4e9e-949c-b3d401b8342c: shutdown FollowerState
2019-09-26 16:34:43,716 [Thread-288] INFO  impl.RaftServerImpl (RaftServerImpl.java:setRole(174)) - 4d7b7b0b-d4b2-4e9e-949c-b3d401b8342c@group-C79567DAF354: changes role from  FOLLOWER to CANDIDATE at term 0 for changeToCandidate
2019-09-26 16:34:43,716 [Thread-288] INFO  impl.RoleInfo (RoleInfo.java:updateAndGet(143)) - 4d7b7b0b-d4b2-4e9e-949c-b3d401b8342c: start LeaderElection
2019-09-26 16:34:43,733 [RatisPipelineUtilsThread] INFO  pipeline.PipelineStateManager (PipelineStateManager.java:addPipeline(56)) - Created pipeline Pipeline[ Id: a915a3b2-986f-4c25-8dfe-9108ade1020b, Nodes: 4d7b7b0b-d4b2-4e9e-949c-b3d401b8342c{ip: 192.168.157.234, host: pr-hdds-2162-htzpk-1451759861, networkLocation: /rack1, certSerialId: null}9221d1d4-f927-4b56-ab16-f2eacc87aadd{ip: 192.168.157.234, host: pr-hdds-2162-htzpk-1451759861, networkLocation: /rack1, certSerialId: null}837115f0-6bdf-4bb0-a918-7bab3585449b{ip: 192.168.157.234, host: pr-hdds-2162-htzpk-1451759861, networkLocation: /rack1, certSerialId: null}, Type:RATIS, Factor:THREE, State:OPEN]
2019-09-26 16:34:43,746 [4d7b7b0b-d4b2-4e9e-949c-b3d401b8342c@group-C79567DAF354:LeaderElection2] INFO  impl.LeaderElection (LeaderElection.java:askForVotes(182)) - 4d7b7b0b-d4b2-4e9e-949c-b3d401b8342c@group-C79567DAF354:LeaderElection2: begin an election at term 1 for -1: [4d7b7b0b-d4b2-4e9e-949c-b3d401b8342c:192.168.157.234:44365], old=null
2019-09-26 16:34:43,751 [4d7b7b0b-d4b2-4e9e-949c-b3d401b8342c@group-C79567DAF354:LeaderElection2] INFO  impl.RoleInfo (RoleInfo.java:shutdownLeaderElection(134)) - 4d7b7b0b-d4b2-4e9e-949c-b3d401b8342c: shutdown LeaderElection
2019-09-26 16:34:43,752 [4d7b7b0b-d4b2-4e9e-949c-b3d401b8342c@group-C79567DAF354:LeaderElection2] INFO  impl.RaftServerImpl (RaftServerImpl.java:setRole(174)) - 4d7b7b0b-d4b2-4e9e-949c-b3d401b8342c@group-C79567DAF354: changes role from CANDIDATE to LEADER at term 1 for changeToLeader
2019-09-26 16:34:43,752 [4d7b7b0b-d4b2-4e9e-949c-b3d401b8342c@group-C79567DAF354:LeaderElection2] INFO  impl.RaftServerImpl (ServerState.java:setLeader(253)) - 4d7b7b0b-d4b2-4e9e-949c-b3d401b8342c@group-C79567DAF354: change Leader from null to 4d7b7b0b-d4b2-4e9e-949c-b3d401b8342c at term 1 for becomeLeader, leader elected after 1129ms
2019-09-26 16:34:43,754 [4d7b7b0b-d4b2-4e9e-949c-b3d401b8342c@group-C79567DAF354:LeaderElection2] INFO  server.RaftServerConfigKeys (ConfUtils.java:logGet(43)) - raft.server.staging.catchup.gap = 1000 (default)
2019-09-26 16:34:43,755 [4d7b7b0b-d4b2-4e9e-949c-b3d401b8342c@group-C79567DAF354:LeaderElection2] INFO  server.RaftServerConfigKeys (ConfUtils.java:logGet(43)) - raft.server.rpc.sleep.time = 25ms (default)
2019-09-26 16:34:43,755 [4d7b7b0b-d4b2-4e9e-949c-b3d401b8342c@group-C79567DAF354:LeaderElection2] INFO  server.RaftServerConfigKeys (ConfUtils.java:logGet(43)) - raft.server.write.element-limit = 4096 (default)
2019-09-26 16:34:43,758 [4d7b7b0b-d4b2-4e9e-949c-b3d401b8342c@group-C79567DAF354:LeaderElection2] INFO  server.RaftServerConfigKeys (ConfUtils.java:logGet(43)) - raft.server.watch.timeout = 10s (default)
2019-09-26 16:34:43,760 [4d7b7b0b-d4b2-4e9e-949c-b3d401b8342c@group-C79567DAF354:LeaderElection2] INFO  server.RaftServerConfigKeys (ConfUtils.java:logGet(43)) - raft.server.watch.timeout.denomination = 1s (default)
2019-09-26 16:34:43,761 [4d7b7b0b-d4b2-4e9e-949c-b3d401b8342c@group-C79567DAF354:LeaderElection2] INFO  server.RaftServerConfigKeys (ConfUtils.java:logGet(43)) - raft.server.watch.element-limit = 65536 (default)
2019-09-26 16:34:43,763 [4d7b7b0b-d4b2-4e9e-949c-b3d401b8342c@group-C79567DAF354:LeaderElection2] INFO  impl.RoleInfo (RoleInfo.java:updateAndGet(143)) - 4d7b7b0b-d4b2-4e9e-949c-b3d401b8342c: start LeaderState
2019-09-26 16:34:43,763 [4d7b7b0b-d4b2-4e9e-949c-b3d401b8342c@group-C79567DAF354:LeaderElection2] INFO  segmented.SegmentedRaftLogWorker (SegmentedRaftLogWorker.java:startLogSegment(380)) - 4d7b7b0b-d4b2-4e9e-949c-b3d401b8342c@group-C79567DAF354-SegmentedRaftLogWorker: Starting segment from index:0
2019-09-26 16:34:43,764 [4d7b7b0b-d4b2-4e9e-949c-b3d401b8342c@group-C79567DAF354:LeaderElection2] INFO  impl.RaftServerImpl (ServerState.java:setRaftConf(354)) - 4d7b7b0b-d4b2-4e9e-949c-b3d401b8342c@group-C79567DAF354: set configuration 0: [4d7b7b0b-d4b2-4e9e-949c-b3d401b8342c:192.168.157.234:44365], old=null at 0
2019-09-26 16:34:43,772 [grpc-default-executor-0] INFO  impl.RaftServerProxy (RaftServerProxy.java:addNew(89)) - acb5cb05-bd62-40bc-82c8-ae32f2a7d477: addNew group-91D24425D7B5:[acb5cb05-bd62-40bc-82c8-ae32f2a7d477:192.168.157.234:45827, 1cb81857-6495-4479-8124-808fc28ebfe2:192.168.157.234:42169, e92f8c69-4518-4ec8-914d-310b697ee99a:192.168.157.234:37423] returns group-91D24425D7B5:java.util.concurrent.CompletableFuture@2f03419[Not completed]
2019-09-26 16:34:43,774 [grpc-default-executor-2] INFO  impl.RaftServerProxy (RaftServerProxy.java:addNew(89)) - e92f8c69-4518-4ec8-914d-310b697ee99a: addNew group-91D24425D7B5:[acb5cb05-bd62-40bc-82c8-ae32f2a7d477:192.168.157.234:45827, 1cb81857-6495-4479-8124-808fc28ebfe2:192.168.157.234:42169, e92f8c69-4518-4ec8-914d-310b697ee99a:192.168.157.234:37423] returns group-91D24425D7B5:java.util.concurrent.CompletableFuture@32156504[Not completed]
2019-09-26 16:34:43,778 [pool-57-thread-1] INFO  impl.RaftServerImpl (RaftServerImpl.java:<init>(95)) - acb5cb05-bd62-40bc-82c8-ae32f2a7d477: new RaftServerImpl for group-91D24425D7B5:[acb5cb05-bd62-40bc-82c8-ae32f2a7d477:192.168.157.234:45827, 1cb81857-6495-4479-8124-808fc28ebfe2:192.168.157.234:42169, e92f8c69-4518-4ec8-914d-310b697ee99a:192.168.157.234:37423] with ContainerStateMachine:uninitialized
2019-09-26 16:34:43,779 [pool-57-thread-1] INFO  server.RaftServerConfigKeys (ConfUtils.java:logGet(43)) - raft.server.rpc.timeout.min = 1s (custom)
2019-09-26 16:34:43,779 [grpc-default-executor-2] INFO  impl.RaftServerProxy (RaftServerProxy.java:addNew(89)) - 1cb81857-6495-4479-8124-808fc28ebfe2: addNew group-91D24425D7B5:[acb5cb05-bd62-40bc-82c8-ae32f2a7d477:192.168.157.234:45827, 1cb81857-6495-4479-8124-808fc28ebfe2:192.168.157.234:42169, e92f8c69-4518-4ec8-914d-310b697ee99a:192.168.157.234:37423] returns group-91D24425D7B5:java.util.concurrent.CompletableFuture@330c65ba[Not completed]
2019-09-26 16:34:43,779 [pool-57-thread-1] INFO  server.RaftServerConfigKeys (ConfUtils.java:logGet(43)) - raft.server.rpc.timeout.max = 1200ms (custom)
2019-09-26 16:34:43,779 [pool-57-thread-1] INFO  server.RaftServerConfigKeys (ConfUtils.java:logGet(43)) - raft.server.rpcslowness.timeout = 120s (custom)
2019-09-26 16:34:43,779 [pool-57-thread-1] INFO  server.RaftServerConfigKeys (ConfUtils.java:logGet(43)) - raft.server.sleep.deviation.threshold = 300 (default)
2019-09-26 16:34:43,779 [pool-57-thread-1] INFO  server.RaftServerConfigKeys (ConfUtils.java:logGet(43)) - raft.server.log.appender.install.snapshot.enabled = false (custom)
2019-09-26 16:34:43,779 [pool-57-thread-1] INFO  impl.RaftServerImpl (ServerState.java:<init>(103)) - acb5cb05-bd62-40bc-82c8-ae32f2a7d477@group-91D24425D7B5: ConfigurationManager, init=-1: [acb5cb05-bd62-40bc-82c8-ae32f2a7d477:192.168.157.234:45827, 1cb81857-6495-4479-8124-808fc28ebfe2:192.168.157.234:42169, e92f8c69-4518-4ec8-914d-310b697ee99a:192.168.157.234:37423], old=null, confs=<EMPTY_MAP>
2019-09-26 16:34:43,780 [pool-57-thread-1] INFO  server.RaftServerConfigKeys (ConfUtils.java:logGet(43)) - raft.server.storage.dir = [/workdir/hadoop-ozone/integration-test/target/test-dir/MiniOzoneClusterImpl-b5ca4ec9-472d-464d-82c8-bb75eaf95e3a/datanode-3/data/ratis] (custom)
2019-09-26 16:34:43,780 [pool-57-thread-1] INFO  storage.RaftStorageDirectory (RaftStorageDirectory.java:analyzeStorage(246)) - The storage directory /workdir/hadoop-ozone/integration-test/target/test-dir/MiniOzoneClusterImpl-b5ca4ec9-472d-464d-82c8-bb75eaf95e3a/datanode-3/data/ratis/c5a9263b-8a31-4160-9530-91d24425d7b5 does not exist. Creating ...
2019-09-26 16:34:43,780 [pool-27-thread-1] INFO  impl.RaftServerImpl (RaftServerImpl.java:<init>(95)) - e92f8c69-4518-4ec8-914d-310b697ee99a: new RaftServerImpl for group-91D24425D7B5:[acb5cb05-bd62-40bc-82c8-ae32f2a7d477:192.168.157.234:45827, 1cb81857-6495-4479-8124-808fc28ebfe2:192.168.157.234:42169, e92f8c69-4518-4ec8-914d-310b697ee99a:192.168.157.234:37423] with ContainerStateMachine:uninitialized
2019-09-26 16:34:43,780 [pool-27-thread-1] INFO  server.RaftServerConfigKeys (ConfUtils.java:logGet(43)) - raft.server.rpc.timeout.min = 1s (custom)
2019-09-26 16:34:43,780 [pool-27-thread-1] INFO  server.RaftServerConfigKeys (ConfUtils.java:logGet(43)) - raft.server.rpc.timeout.max = 1200ms (custom)
2019-09-26 16:34:43,781 [pool-27-thread-1] INFO  server.RaftServerConfigKeys (ConfUtils.java:logGet(43)) - raft.server.rpcslowness.timeout = 120s (custom)
2019-09-26 16:34:43,781 [pool-27-thread-1] INFO  server.RaftServerConfigKeys (ConfUtils.java:logGet(43)) - raft.server.sleep.deviation.threshold = 300 (default)
2019-09-26 16:34:43,781 [pool-27-thread-1] INFO  server.RaftServerConfigKeys (ConfUtils.java:logGet(43)) - raft.server.log.appender.install.snapshot.enabled = false (custom)
2019-09-26 16:34:43,781 [pool-67-thread-1] INFO  impl.RaftServerImpl (RaftServerImpl.java:<init>(95)) - 1cb81857-6495-4479-8124-808fc28ebfe2: new RaftServerImpl for group-91D24425D7B5:[acb5cb05-bd62-40bc-82c8-ae32f2a7d477:192.168.157.234:45827, 1cb81857-6495-4479-8124-808fc28ebfe2:192.168.157.234:42169, e92f8c69-4518-4ec8-914d-310b697ee99a:192.168.157.234:37423] with ContainerStateMachine:uninitialized
2019-09-26 16:34:43,781 [pool-27-thread-1] INFO  impl.RaftServerImpl (ServerState.java:<init>(103)) - e92f8c69-4518-4ec8-914d-310b697ee99a@group-91D24425D7B5: ConfigurationManager, init=-1: [acb5cb05-bd62-40bc-82c8-ae32f2a7d477:192.168.157.234:45827, 1cb81857-6495-4479-8124-808fc28ebfe2:192.168.157.234:42169, e92f8c69-4518-4ec8-914d-310b697ee99a:192.168.157.234:37423], old=null, confs=<EMPTY_MAP>
2019-09-26 16:34:43,781 [pool-67-thread-1] INFO  server.RaftServerConfigKeys (ConfUtils.java:logGet(43)) - raft.server.rpc.timeout.min = 1s (custom)
2019-09-26 16:34:43,782 [pool-27-thread-1] INFO  server.RaftServerConfigKeys (ConfUtils.java:logGet(43)) - raft.server.storage.dir = [/workdir/hadoop-ozone/integration-test/target/test-dir/MiniOzoneClusterImpl-b5ca4ec9-472d-464d-82c8-bb75eaf95e3a/datanode-0/data/ratis] (custom)
2019-09-26 16:34:43,782 [pool-67-thread-1] INFO  server.RaftServerConfigKeys (ConfUtils.java:logGet(43)) - raft.server.rpc.timeout.max = 1200ms (custom)
2019-09-26 16:34:43,782 [pool-67-thread-1] INFO  server.RaftServerConfigKeys (ConfUtils.java:logGet(43)) - raft.server.rpcslowness.timeout = 120s (custom)
2019-09-26 16:34:43,782 [pool-67-thread-1] INFO  server.RaftServerConfigKeys (ConfUtils.java:logGet(43)) - raft.server.sleep.deviation.threshold = 300 (default)
2019-09-26 16:34:43,782 [pool-27-thread-1] INFO  storage.RaftStorageDirectory (RaftStorageDirectory.java:analyzeStorage(246)) - The storage directory /workdir/hadoop-ozone/integration-test/target/test-dir/MiniOzoneClusterImpl-b5ca4ec9-472d-464d-82c8-bb75eaf95e3a/datanode-0/data/ratis/c5a9263b-8a31-4160-9530-91d24425d7b5 does not exist. Creating ...
2019-09-26 16:34:43,782 [pool-67-thread-1] INFO  server.RaftServerConfigKeys (ConfUtils.java:logGet(43)) - raft.server.log.appender.install.snapshot.enabled = false (custom)
2019-09-26 16:34:43,783 [pool-67-thread-1] INFO  impl.RaftServerImpl (ServerState.java:<init>(103)) - 1cb81857-6495-4479-8124-808fc28ebfe2@group-91D24425D7B5: ConfigurationManager, init=-1: [acb5cb05-bd62-40bc-82c8-ae32f2a7d477:192.168.157.234:45827, 1cb81857-6495-4479-8124-808fc28ebfe2:192.168.157.234:42169, e92f8c69-4518-4ec8-914d-310b697ee99a:192.168.157.234:37423], old=null, confs=<EMPTY_MAP>
2019-09-26 16:34:43,783 [pool-67-thread-1] INFO  server.RaftServerConfigKeys (ConfUtils.java:logGet(43)) - raft.server.storage.dir = [/workdir/hadoop-ozone/integration-test/target/test-dir/MiniOzoneClusterImpl-b5ca4ec9-472d-464d-82c8-bb75eaf95e3a/datanode-4/data/ratis] (custom)
2019-09-26 16:34:43,783 [pool-67-thread-1] INFO  storage.RaftStorageDirectory (RaftStorageDirectory.java:analyzeStorage(246)) - The storage directory /workdir/hadoop-ozone/integration-test/target/test-dir/MiniOzoneClusterImpl-b5ca4ec9-472d-464d-82c8-bb75eaf95e3a/datanode-4/data/ratis/c5a9263b-8a31-4160-9530-91d24425d7b5 does not exist. Creating ...
2019-09-26 16:34:43,794 [pool-57-thread-1] INFO  storage.RaftStorageDirectory (RaftStorageDirectory.java:tryLock(328)) - Lock on /workdir/hadoop-ozone/integration-test/target/test-dir/MiniOzoneClusterImpl-b5ca4ec9-472d-464d-82c8-bb75eaf95e3a/datanode-3/data/ratis/c5a9263b-8a31-4160-9530-91d24425d7b5/in_use.lock acquired by nodename 16662@pr-hdds-2162-htzpk-1451759861
2019-09-26 16:34:43,794 [pool-27-thread-1] INFO  storage.RaftStorageDirectory (RaftStorageDirectory.java:tryLock(328)) - Lock on /workdir/hadoop-ozone/integration-test/target/test-dir/MiniOzoneClusterImpl-b5ca4ec9-472d-464d-82c8-bb75eaf95e3a/datanode-0/data/ratis/c5a9263b-8a31-4160-9530-91d24425d7b5/in_use.lock acquired by nodename 16662@pr-hdds-2162-htzpk-1451759861
2019-09-26 16:34:43,794 [pool-67-thread-1] INFO  storage.RaftStorageDirectory (RaftStorageDirectory.java:tryLock(328)) - Lock on /workdir/hadoop-ozone/integration-test/target/test-dir/MiniOzoneClusterImpl-b5ca4ec9-472d-464d-82c8-bb75eaf95e3a/datanode-4/data/ratis/c5a9263b-8a31-4160-9530-91d24425d7b5/in_use.lock acquired by nodename 16662@pr-hdds-2162-htzpk-1451759861
2019-09-26 16:34:43,808 [pool-57-thread-1] INFO  storage.RaftStorage (RaftStorage.java:format(72)) - Storage directory /workdir/hadoop-ozone/integration-test/target/test-dir/MiniOzoneClusterImpl-b5ca4ec9-472d-464d-82c8-bb75eaf95e3a/datanode-3/data/ratis/c5a9263b-8a31-4160-9530-91d24425d7b5 has been successfully formatted.
2019-09-26 16:34:43,808 [pool-67-thread-1] INFO  storage.RaftStorage (RaftStorage.java:format(72)) - Storage directory /workdir/hadoop-ozone/integration-test/target/test-dir/MiniOzoneClusterImpl-b5ca4ec9-472d-464d-82c8-bb75eaf95e3a/datanode-4/data/ratis/c5a9263b-8a31-4160-9530-91d24425d7b5 has been successfully formatted.
2019-09-26 16:34:43,808 [pool-27-thread-1] INFO  storage.RaftStorage (RaftStorage.java:format(72)) - Storage directory /workdir/hadoop-ozone/integration-test/target/test-dir/MiniOzoneClusterImpl-b5ca4ec9-472d-464d-82c8-bb75eaf95e3a/datanode-0/data/ratis/c5a9263b-8a31-4160-9530-91d24425d7b5 has been successfully formatted.
2019-09-26 16:34:43,808 [pool-57-thread-1] INFO  ratis.ContainerStateMachine (ContainerStateMachine.java:loadSnapshot(230)) - group-91D24425D7B5: The snapshot info is null. Setting the last applied indexto:(t:0, i:~)
2019-09-26 16:34:43,808 [pool-67-thread-1] INFO  ratis.ContainerStateMachine (ContainerStateMachine.java:loadSnapshot(230)) - group-91D24425D7B5: The snapshot info is null. Setting the last applied indexto:(t:0, i:~)
2019-09-26 16:34:43,808 [pool-57-thread-1] INFO  server.RaftServerConfigKeys (ConfUtils.java:logGet(43)) - raft.server.notification.no-leader.timeout = 120s (custom)
2019-09-26 16:34:43,808 [pool-27-thread-1] INFO  ratis.ContainerStateMachine (ContainerStateMachine.java:loadSnapshot(230)) - group-91D24425D7B5: The snapshot info is null. Setting the last applied indexto:(t:0, i:~)
2019-09-26 16:34:43,808 [pool-57-thread-1] INFO  server.RaftServerConfigKeys (ConfUtils.java:logGet(43)) - raft.server.log.use.memory = false (default)
2019-09-26 16:34:43,808 [pool-67-thread-1] INFO  server.RaftServerConfigKeys (ConfUtils.java:logGet(43)) - raft.server.notification.no-leader.timeout = 120s (custom)
2019-09-26 16:34:43,809 [pool-57-thread-1] INFO  server.RaftServerConfigKeys (ConfUtils.java:logGet(43)) - raft.server.log.purge.gap = 1000000 (custom)
2019-09-26 16:34:43,809 [pool-27-thread-1] INFO  server.RaftServerConfigKeys (ConfUtils.java:logGet(43)) - raft.server.notification.no-leader.timeout = 120s (custom)
2019-09-26 16:34:43,809 [pool-57-thread-1] INFO  server.RaftServerConfigKeys (ConfUtils.java:logGet(43)) - raft.server.log.appender.buffer.byte-limit = 33554432 (custom)
2019-09-26 16:34:43,809 [pool-67-thread-1] INFO  server.RaftServerConfigKeys (ConfUtils.java:logGet(43)) - raft.server.log.use.memory = false (default)
2019-09-26 16:34:43,809 [pool-57-thread-1] INFO  server.RaftServerConfigKeys (ConfUtils.java:logGet(43)) - raft.server.log.segment.size.max = 1048576 (custom)
2019-09-26 16:34:43,809 [pool-27-thread-1] INFO  server.RaftServerConfigKeys (ConfUtils.java:logGet(43)) - raft.server.log.use.memory = false (default)
2019-09-26 16:34:43,809 [pool-57-thread-1] INFO  server.RaftServerConfigKeys (ConfUtils.java:logGet(43)) - raft.server.log.segment.cache.num.max = 2 (custom)
2019-09-26 16:34:43,809 [pool-67-thread-1] INFO  server.RaftServerConfigKeys (ConfUtils.java:logGet(43)) - raft.server.log.purge.gap = 1000000 (custom)
2019-09-26 16:34:43,810 [pool-57-thread-1] INFO  segmented.SegmentedRaftLogWorker (SegmentedRaftLogWorker.java:<init>(172)) - new acb5cb05-bd62-40bc-82c8-ae32f2a7d477@group-91D24425D7B5-SegmentedRaftLogWorker for RaftStorage:Storage Directory /workdir/hadoop-ozone/integration-test/target/test-dir/MiniOzoneClusterImpl-b5ca4ec9-472d-464d-82c8-bb75eaf95e3a/datanode-3/data/ratis/c5a9263b-8a31-4160-9530-91d24425d7b5
2019-09-26 16:34:43,810 [pool-67-thread-1] INFO  server.RaftServerConfigKeys (ConfUtils.java:logGet(43)) - raft.server.log.appender.buffer.byte-limit = 33554432 (custom)
2019-09-26 16:34:43,810 [pool-27-thread-1] INFO  server.RaftServerConfigKeys (ConfUtils.java:logGet(43)) - raft.server.log.purge.gap = 1000000 (custom)
2019-09-26 16:34:43,810 [pool-67-thread-1] INFO  server.RaftServerConfigKeys (ConfUtils.java:logGet(43)) - raft.server.log.segment.size.max = 1048576 (custom)
2019-09-26 16:34:43,810 [pool-57-thread-1] INFO  server.RaftServerConfigKeys (ConfUtils.java:logGet(43)) - raft.server.log.queue.byte-limit = 2147483647 (custom)
2019-09-26 16:34:43,810 [pool-67-thread-1] INFO  server.RaftServerConfigKeys (ConfUtils.java:logGet(43)) - raft.server.log.segment.cache.num.max = 2 (custom)
2019-09-26 16:34:43,810 [pool-27-thread-1] INFO  server.RaftServerConfigKeys (ConfUtils.java:logGet(43)) - raft.server.log.appender.buffer.byte-limit = 33554432 (custom)
2019-09-26 16:34:43,811 [pool-67-thread-1] INFO  segmented.SegmentedRaftLogWorker (SegmentedRaftLogWorker.java:<init>(172)) - new 1cb81857-6495-4479-8124-808fc28ebfe2@group-91D24425D7B5-SegmentedRaftLogWorker for RaftStorage:Storage Directory /workdir/hadoop-ozone/integration-test/target/test-dir/MiniOzoneClusterImpl-b5ca4ec9-472d-464d-82c8-bb75eaf95e3a/datanode-4/data/ratis/c5a9263b-8a31-4160-9530-91d24425d7b5
2019-09-26 16:34:43,810 [pool-57-thread-1] INFO  server.RaftServerConfigKeys (ConfUtils.java:logGet(43)) - raft.server.log.queue.element-limit = 1024 (custom)
2019-09-26 16:34:43,811 [pool-67-thread-1] INFO  server.RaftServerConfigKeys (ConfUtils.java:logGet(43)) - raft.server.log.queue.byte-limit = 2147483647 (custom)
2019-09-26 16:34:43,811 [pool-27-thread-1] INFO  server.RaftServerConfigKeys (ConfUtils.java:logGet(43)) - raft.server.log.segment.size.max = 1048576 (custom)
2019-09-26 16:34:43,811 [pool-67-thread-1] INFO  server.RaftServerConfigKeys (ConfUtils.java:logGet(43)) - raft.server.log.queue.element-limit = 1024 (custom)
2019-09-26 16:34:43,811 [pool-57-thread-1] INFO  server.RaftServerConfigKeys (ConfUtils.java:logGet(43)) - raft.server.log.segment.size.max = 1048576 (custom)
2019-09-26 16:34:43,812 [pool-67-thread-1] INFO  server.RaftServerConfigKeys (ConfUtils.java:logGet(43)) - raft.server.log.segment.size.max = 1048576 (custom)
2019-09-26 16:34:43,811 [pool-27-thread-1] INFO  server.RaftServerConfigKeys (ConfUtils.java:logGet(43)) - raft.server.log.segment.cache.num.max = 2 (custom)
2019-09-26 16:34:43,812 [pool-67-thread-1] INFO  server.RaftServerConfigKeys (ConfUtils.java:logGet(43)) - raft.server.log.preallocated.size = 16384 (custom)
2019-09-26 16:34:43,812 [pool-57-thread-1] INFO  server.RaftServerConfigKeys (ConfUtils.java:logGet(43)) - raft.server.log.preallocated.size = 16384 (custom)
2019-09-26 16:34:43,812 [pool-67-thread-1] INFO  server.RaftServerConfigKeys (ConfUtils.java:logGet(43)) - raft.server.log.write.buffer.size = 33554432 (custom)
2019-09-26 16:34:43,812 [pool-27-thread-1] INFO  segmented.SegmentedRaftLogWorker (SegmentedRaftLogWorker.java:<init>(172)) - new e92f8c69-4518-4ec8-914d-310b697ee99a@group-91D24425D7B5-SegmentedRaftLogWorker for RaftStorage:Storage Directory /workdir/hadoop-ozone/integration-test/target/test-dir/MiniOzoneClusterImpl-b5ca4ec9-472d-464d-82c8-bb75eaf95e3a/datanode-0/data/ratis/c5a9263b-8a31-4160-9530-91d24425d7b5
2019-09-26 16:34:43,812 [pool-67-thread-1] INFO  server.RaftServerConfigKeys (ConfUtils.java:logGet(43)) - raft.server.log.force.sync.num = 128 (default)
2019-09-26 16:34:43,812 [pool-57-thread-1] INFO  server.RaftServerConfigKeys (ConfUtils.java:logGet(43)) - raft.server.log.write.buffer.size = 33554432 (custom)
2019-09-26 16:34:43,815 [pool-67-thread-1] INFO  server.RaftServerConfigKeys (ConfUtils.java:logGet(43)) - raft.server.log.statemachine.data.sync = true (default)
2019-09-26 16:34:43,815 [pool-27-thread-1] INFO  server.RaftServerConfigKeys (ConfUtils.java:logGet(43)) - raft.server.log.queue.byte-limit = 2147483647 (custom)
2019-09-26 16:34:43,816 [pool-67-thread-1] INFO  server.RaftServerConfigKeys (ConfUtils.java:logGet(43)) - raft.server.log.statemachine.data.sync.timeout = 10s (default)
2019-09-26 16:34:43,815 [pool-57-thread-1] INFO  server.RaftServerConfigKeys (ConfUtils.java:logGet(43)) - raft.server.log.force.sync.num = 128 (default)
2019-09-26 16:34:43,816 [pool-67-thread-1] INFO  server.RaftServerConfigKeys (ConfUtils.java:logGet(43)) - raft.server.log.statemachine.data.sync.timeout.retry = -1 (default)
2019-09-26 16:34:43,816 [pool-27-thread-1] INFO  server.RaftServerConfigKeys (ConfUtils.java:logGet(43)) - raft.server.log.queue.element-limit = 1024 (custom)
2019-09-26 16:34:43,816 [pool-67-thread-1] INFO  server.RaftServerConfigKeys (ConfUtils.java:logGet(43)) - raft.server.log.statemachine.data.caching.enabled = true (custom)
2019-09-26 16:34:43,816 [pool-57-thread-1] INFO  server.RaftServerConfigKeys (ConfUtils.java:logGet(43)) - raft.server.log.statemachine.data.sync = true (default)
2019-09-26 16:34:43,816 [pool-27-thread-1] INFO  server.RaftServerConfigKeys (ConfUtils.java:logGet(43)) - raft.server.log.segment.size.max = 1048576 (custom)
2019-09-26 16:34:43,817 [pool-57-thread-1] INFO  server.RaftServerConfigKeys (ConfUtils.java:logGet(43)) - raft.server.log.statemachine.data.sync.timeout = 10s (default)
2019-09-26 16:34:43,817 [pool-27-thread-1] INFO  server.RaftServerConfigKeys (ConfUtils.java:logGet(43)) - raft.server.log.preallocated.size = 16384 (custom)
2019-09-26 16:34:43,817 [pool-67-thread-1] INFO  segmented.SegmentedRaftLogWorker (SegmentedRaftLogWorker.java:lambda$new$0(132)) - 1cb81857-6495-4479-8124-808fc28ebfe2@group-91D24425D7B5-SegmentedRaftLogWorker: flushIndex: setUnconditionally 0 -> -1
2019-09-26 16:34:43,817 [pool-27-thread-1] INFO  server.RaftServerConfigKeys (ConfUtils.java:logGet(43)) - raft.server.log.write.buffer.size = 33554432 (custom)
2019-09-26 16:34:43,817 [pool-57-thread-1] INFO  server.RaftServerConfigKeys (ConfUtils.java:logGet(43)) - raft.server.log.statemachine.data.sync.timeout.retry = -1 (default)
2019-09-26 16:34:43,817 [pool-27-thread-1] INFO  server.RaftServerConfigKeys (ConfUtils.java:logGet(43)) - raft.server.log.force.sync.num = 128 (default)
2019-09-26 16:34:43,818 [pool-57-thread-1] INFO  server.RaftServerConfigKeys (ConfUtils.java:logGet(43)) - raft.server.log.statemachine.data.caching.enabled = true (custom)
2019-09-26 16:34:43,818 [pool-67-thread-1] INFO  server.RaftServerConfigKeys (ConfUtils.java:logGet(43)) - raft.server.snapshot.auto.trigger.enabled = true (custom)
2019-09-26 16:34:43,818 [pool-57-thread-1] INFO  segmented.SegmentedRaftLogWorker (SegmentedRaftLogWorker.java:lambda$new$0(132)) - acb5cb05-bd62-40bc-82c8-ae32f2a7d477@group-91D24425D7B5-SegmentedRaftLogWorker: flushIndex: setUnconditionally 0 -> -1
2019-09-26 16:34:43,818 [pool-27-thread-1] INFO  server.RaftServerConfigKeys (ConfUtils.java:logGet(43)) - raft.server.log.statemachine.data.sync = true (default)
2019-09-26 16:34:43,818 [pool-67-thread-1] INFO  server.RaftServerConfigKeys (ConfUtils.java:logGet(43)) - raft.server.snapshot.auto.trigger.threshold = 10000 (custom)
2019-09-26 16:34:43,818 [pool-27-thread-1] INFO  server.RaftServerConfigKeys (ConfUtils.java:logGet(43)) - raft.server.log.statemachine.data.sync.timeout = 10s (default)
2019-09-26 16:34:43,818 [pool-57-thread-1] INFO  server.RaftServerConfigKeys (ConfUtils.java:logGet(43)) - raft.server.snapshot.auto.trigger.enabled = true (custom)
2019-09-26 16:34:43,818 [pool-27-thread-1] INFO  server.RaftServerConfigKeys (ConfUtils.java:logGet(43)) - raft.server.log.statemachine.data.sync.timeout.retry = -1 (default)
2019-09-26 16:34:43,818 [pool-67-thread-1] INFO  server.RaftServerConfigKeys (ConfUtils.java:logGet(43)) - raft.server.snapshot.retention.num.files = 5 (custom)
2019-09-26 16:34:43,819 [pool-27-thread-1] INFO  server.RaftServerConfigKeys (ConfUtils.java:logGet(43)) - raft.server.log.statemachine.data.caching.enabled = true (custom)
2019-09-26 16:34:43,818 [pool-57-thread-1] INFO  server.RaftServerConfigKeys (ConfUtils.java:logGet(43)) - raft.server.snapshot.auto.trigger.threshold = 10000 (custom)
2019-09-26 16:34:43,819 [pool-67-thread-1] INFO  server.RaftServerConfigKeys (ConfUtils.java:logGet(43)) - raft.server.retrycache.expirytime = 600000ms (custom)
2019-09-26 16:34:43,819 [pool-27-thread-1] INFO  segmented.SegmentedRaftLogWorker (SegmentedRaftLogWorker.java:lambda$new$0(132)) - e92f8c69-4518-4ec8-914d-310b697ee99a@group-91D24425D7B5-SegmentedRaftLogWorker: flushIndex: setUnconditionally 0 -> -1
2019-09-26 16:34:43,819 [pool-57-thread-1] INFO  server.RaftServerConfigKeys (ConfUtils.java:logGet(43)) - raft.server.snapshot.retention.num.files = 5 (custom)
2019-09-26 16:34:43,819 [pool-27-thread-1] INFO  server.RaftServerConfigKeys (ConfUtils.java:logGet(43)) - raft.server.snapshot.auto.trigger.enabled = true (custom)
2019-09-26 16:34:43,819 [pool-57-thread-1] INFO  server.RaftServerConfigKeys (ConfUtils.java:logGet(43)) - raft.server.retrycache.expirytime = 600000ms (custom)
2019-09-26 16:34:43,819 [pool-27-thread-1] INFO  server.RaftServerConfigKeys (ConfUtils.java:logGet(43)) - raft.server.snapshot.auto.trigger.threshold = 10000 (custom)
2019-09-26 16:34:43,820 [pool-27-thread-1] INFO  server.RaftServerConfigKeys (ConfUtils.java:logGet(43)) - raft.server.snapshot.retention.num.files = 5 (custom)
2019-09-26 16:34:43,820 [pool-27-thread-1] INFO  server.RaftServerConfigKeys (ConfUtils.java:logGet(43)) - raft.server.retrycache.expirytime = 600000ms (custom)
2019-09-26 16:34:43,827 [pool-67-thread-1] INFO  impl.RaftServerImpl (RaftServerImpl.java:start(185)) - 1cb81857-6495-4479-8124-808fc28ebfe2@group-91D24425D7B5: start as a follower, conf=-1: [acb5cb05-bd62-40bc-82c8-ae32f2a7d477:192.168.157.234:45827, 1cb81857-6495-4479-8124-808fc28ebfe2:192.168.157.234:42169, e92f8c69-4518-4ec8-914d-310b697ee99a:192.168.157.234:37423], old=null
2019-09-26 16:34:43,827 [pool-57-thread-1] INFO  impl.RaftServerImpl (RaftServerImpl.java:start(185)) - acb5cb05-bd62-40bc-82c8-ae32f2a7d477@group-91D24425D7B5: start as a follower, conf=-1: [acb5cb05-bd62-40bc-82c8-ae32f2a7d477:192.168.157.234:45827, 1cb81857-6495-4479-8124-808fc28ebfe2:192.168.157.234:42169, e92f8c69-4518-4ec8-914d-310b697ee99a:192.168.157.234:37423], old=null
2019-09-26 16:34:43,827 [pool-67-thread-1] INFO  impl.RaftServerImpl (RaftServerImpl.java:setRole(174)) - 1cb81857-6495-4479-8124-808fc28ebfe2@group-91D24425D7B5: changes role from      null to FOLLOWER at term 0 for startAsFollower
2019-09-26 16:34:43,833 [pool-27-thread-1] INFO  impl.RaftServerImpl (RaftServerImpl.java:start(185)) - e92f8c69-4518-4ec8-914d-310b697ee99a@group-91D24425D7B5: start as a follower, conf=-1: [acb5cb05-bd62-40bc-82c8-ae32f2a7d477:192.168.157.234:45827, 1cb81857-6495-4479-8124-808fc28ebfe2:192.168.157.234:42169, e92f8c69-4518-4ec8-914d-310b697ee99a:192.168.157.234:37423], old=null
2019-09-26 16:34:43,833 [pool-67-thread-1] INFO  impl.RoleInfo (RoleInfo.java:updateAndGet(143)) - 1cb81857-6495-4479-8124-808fc28ebfe2: start FollowerState
2019-09-26 16:34:43,833 [pool-57-thread-1] INFO  impl.RaftServerImpl (RaftServerImpl.java:setRole(174)) - acb5cb05-bd62-40bc-82c8-ae32f2a7d477@group-91D24425D7B5: changes role from      null to FOLLOWER at term 0 for startAsFollower
2019-09-26 16:34:43,840 [pool-27-thread-1] INFO  impl.RaftServerImpl (RaftServerImpl.java:setRole(174)) - e92f8c69-4518-4ec8-914d-310b697ee99a@group-91D24425D7B5: changes role from      null to FOLLOWER at term 0 for startAsFollower
2019-09-26 16:34:43,841 [pool-57-thread-1] INFO  impl.RoleInfo (RoleInfo.java:updateAndGet(143)) - acb5cb05-bd62-40bc-82c8-ae32f2a7d477: start FollowerState
2019-09-26 16:34:43,841 [pool-67-thread-1] INFO  util.JmxRegister (JmxRegister.java:tryRegister(44)) - Successfully registered JMX Bean with object name Ratis:service=RaftServer,group=group-91D24425D7B5,id=1cb81857-6495-4479-8124-808fc28ebfe2
2019-09-26 16:34:43,841 [pool-27-thread-1] INFO  impl.RoleInfo (RoleInfo.java:updateAndGet(143)) - e92f8c69-4518-4ec8-914d-310b697ee99a: start FollowerState
2019-09-26 16:34:43,841 [pool-57-thread-1] INFO  util.JmxRegister (JmxRegister.java:tryRegister(44)) - Successfully registered JMX Bean with object name Ratis:service=RaftServer,group=group-91D24425D7B5,id=acb5cb05-bd62-40bc-82c8-ae32f2a7d477
2019-09-26 16:34:43,841 [pool-27-thread-1] INFO  util.JmxRegister (JmxRegister.java:tryRegister(44)) - Successfully registered JMX Bean with object name Ratis:service=RaftServer,group=group-91D24425D7B5,id=e92f8c69-4518-4ec8-914d-310b697ee99a
2019-09-26 16:34:43,867 [RatisPipelineUtilsThread] INFO  pipeline.PipelineStateManager (PipelineStateManager.java:addPipeline(56)) - Created pipeline Pipeline[ Id: c5a9263b-8a31-4160-9530-91d24425d7b5, Nodes: e92f8c69-4518-4ec8-914d-310b697ee99a{ip: 192.168.157.234, host: pr-hdds-2162-htzpk-1451759861, networkLocation: /rack1, certSerialId: null}acb5cb05-bd62-40bc-82c8-ae32f2a7d477{ip: 192.168.157.234, host: pr-hdds-2162-htzpk-1451759861, networkLocation: /rack1, certSerialId: null}1cb81857-6495-4479-8124-808fc28ebfe2{ip: 192.168.157.234, host: pr-hdds-2162-htzpk-1451759861, networkLocation: /rack1, certSerialId: null}, Type:RATIS, Factor:THREE, State:OPEN]
2019-09-26 16:34:43,890 [grpc-default-executor-0] INFO  impl.RaftServerProxy (RaftServerProxy.java:addNew(89)) - f9bb6cb5-24ba-4926-b442-6d897d5c3f6a: addNew group-185BD4C38C74:[543c4478-56da-43d0-bc7b-befbdfd1ac53:192.168.157.234:44484, f9bb6cb5-24ba-4926-b442-6d897d5c3f6a:192.168.157.234:36804, 2d203acc-2876-43cc-a645-52d5b2311198:192.168.157.234:38739] returns group-185BD4C38C74:java.util.concurrent.CompletableFuture@1c1ca89f[Not completed]
2019-09-26 16:34:43,891 [grpc-default-executor-2] INFO  impl.RaftServerProxy (RaftServerProxy.java:addNew(89)) - 543c4478-56da-43d0-bc7b-befbdfd1ac53: addNew group-185BD4C38C74:[543c4478-56da-43d0-bc7b-befbdfd1ac53:192.168.157.234:44484, f9bb6cb5-24ba-4926-b442-6d897d5c3f6a:192.168.157.234:36804, 2d203acc-2876-43cc-a645-52d5b2311198:192.168.157.234:38739] returns group-185BD4C38C74:java.util.concurrent.CompletableFuture@4b1eeb69[Not completed]
2019-09-26 16:34:43,893 [grpc-default-executor-0] INFO  impl.RaftServerProxy (RaftServerProxy.java:addNew(89)) - 2d203acc-2876-43cc-a645-52d5b2311198: addNew group-185BD4C38C74:[543c4478-56da-43d0-bc7b-befbdfd1ac53:192.168.157.234:44484, f9bb6cb5-24ba-4926-b442-6d897d5c3f6a:192.168.157.234:36804, 2d203acc-2876-43cc-a645-52d5b2311198:192.168.157.234:38739] returns group-185BD4C38C74:java.util.concurrent.CompletableFuture@1359ae64[Not completed]
2019-09-26 16:34:43,893 [Thread-291] INFO  impl.FollowerState (FollowerState.java:run(106)) - 9221d1d4-f927-4b56-ab16-f2eacc87aadd:group-161A8171FEDD changes to CANDIDATE, lastRpcTime:1056, electionTimeout:1056ms
2019-09-26 16:34:43,894 [Thread-291] INFO  impl.RoleInfo (RoleInfo.java:shutdownFollowerState(121)) - 9221d1d4-f927-4b56-ab16-f2eacc87aadd: shutdown FollowerState
2019-09-26 16:34:43,894 [Thread-291] INFO  impl.RaftServerImpl (RaftServerImpl.java:setRole(174)) - 9221d1d4-f927-4b56-ab16-f2eacc87aadd@group-161A8171FEDD: changes role from  FOLLOWER to CANDIDATE at term 0 for changeToCandidate
2019-09-26 16:34:43,894 [pool-77-thread-1] INFO  impl.RaftServerImpl (RaftServerImpl.java:<init>(95)) - f9bb6cb5-24ba-4926-b442-6d897d5c3f6a: new RaftServerImpl for group-185BD4C38C74:[543c4478-56da-43d0-bc7b-befbdfd1ac53:192.168.157.234:44484, f9bb6cb5-24ba-4926-b442-6d897d5c3f6a:192.168.157.234:36804, 2d203acc-2876-43cc-a645-52d5b2311198:192.168.157.234:38739] with ContainerStateMachine:uninitialized
2019-09-26 16:34:43,894 [Thread-291] INFO  impl.RoleInfo (RoleInfo.java:updateAndGet(143)) - 9221d1d4-f927-4b56-ab16-f2eacc87aadd: start LeaderElection
2019-09-26 16:34:43,894 [pool-77-thread-1] INFO  server.RaftServerConfigKeys (ConfUtils.java:logGet(43)) - raft.server.rpc.timeout.min = 1s (custom)
2019-09-26 16:34:43,894 [pool-77-thread-1] INFO  server.RaftServerConfigKeys (ConfUtils.java:logGet(43)) - raft.server.rpc.timeout.max = 1200ms (custom)
2019-09-26 16:34:43,894 [pool-77-thread-1] INFO  server.RaftServerConfigKeys (ConfUtils.java:logGet(43)) - raft.server.rpcslowness.timeout = 120s (custom)
2019-09-26 16:34:43,895 [pool-77-thread-1] INFO  server.RaftServerConfigKeys (ConfUtils.java:logGet(43)) - raft.server.sleep.deviation.threshold = 300 (default)
2019-09-26 16:34:43,900 [pool-77-thread-1] INFO  server.RaftServerConfigKeys (ConfUtils.java:logGet(43)) - raft.server.log.appender.install.snapshot.enabled = false (custom)
2019-09-26 16:34:43,900 [pool-97-thread-1] INFO  impl.RaftServerImpl (RaftServerImpl.java:<init>(95)) - 2d203acc-2876-43cc-a645-52d5b2311198: new RaftServerImpl for group-185BD4C38C74:[543c4478-56da-43d0-bc7b-befbdfd1ac53:192.168.157.234:44484, f9bb6cb5-24ba-4926-b442-6d897d5c3f6a:192.168.157.234:36804, 2d203acc-2876-43cc-a645-52d5b2311198:192.168.157.234:38739] with ContainerStateMachine:uninitialized
2019-09-26 16:34:43,900 [pool-77-thread-1] INFO  impl.RaftServerImpl (ServerState.java:<init>(103)) - f9bb6cb5-24ba-4926-b442-6d897d5c3f6a@group-185BD4C38C74: ConfigurationManager, init=-1: [543c4478-56da-43d0-bc7b-befbdfd1ac53:192.168.157.234:44484, f9bb6cb5-24ba-4926-b442-6d897d5c3f6a:192.168.157.234:36804, 2d203acc-2876-43cc-a645-52d5b2311198:192.168.157.234:38739], old=null, confs=<EMPTY_MAP>
2019-09-26 16:34:43,900 [pool-97-thread-1] INFO  server.RaftServerConfigKeys (ConfUtils.java:logGet(43)) - raft.server.rpc.timeout.min = 1s (custom)
2019-09-26 16:34:43,900 [pool-77-thread-1] INFO  server.RaftServerConfigKeys (ConfUtils.java:logGet(43)) - raft.server.storage.dir = [/workdir/hadoop-ozone/integration-test/target/test-dir/MiniOzoneClusterImpl-b5ca4ec9-472d-464d-82c8-bb75eaf95e3a/datanode-5/data/ratis] (custom)
2019-09-26 16:34:43,900 [pool-97-thread-1] INFO  server.RaftServerConfigKeys (ConfUtils.java:logGet(43)) - raft.server.rpc.timeout.max = 1200ms (custom)
2019-09-26 16:34:43,901 [pool-87-thread-1] INFO  impl.RaftServerImpl (RaftServerImpl.java:<init>(95)) - 543c4478-56da-43d0-bc7b-befbdfd1ac53: new RaftServerImpl for group-185BD4C38C74:[543c4478-56da-43d0-bc7b-befbdfd1ac53:192.168.157.234:44484, f9bb6cb5-24ba-4926-b442-6d897d5c3f6a:192.168.157.234:36804, 2d203acc-2876-43cc-a645-52d5b2311198:192.168.157.234:38739] with ContainerStateMachine:uninitialized
2019-09-26 16:34:43,901 [pool-97-thread-1] INFO  server.RaftServerConfigKeys (ConfUtils.java:logGet(43)) - raft.server.rpcslowness.timeout = 120s (custom)
2019-09-26 16:34:43,901 [pool-87-thread-1] INFO  server.RaftServerConfigKeys (ConfUtils.java:logGet(43)) - raft.server.rpc.timeout.min = 1s (custom)
2019-09-26 16:34:43,901 [pool-77-thread-1] INFO  storage.RaftStorageDirectory (RaftStorageDirectory.java:analyzeStorage(246)) - The storage directory /workdir/hadoop-ozone/integration-test/target/test-dir/MiniOzoneClusterImpl-b5ca4ec9-472d-464d-82c8-bb75eaf95e3a/datanode-5/data/ratis/84894dd6-6b9b-4dd4-911b-185bd4c38c74 does not exist. Creating ...
2019-09-26 16:34:43,901 [pool-87-thread-1] INFO  server.RaftServerConfigKeys (ConfUtils.java:logGet(43)) - raft.server.rpc.timeout.max = 1200ms (custom)
2019-09-26 16:34:43,901 [pool-97-thread-1] INFO  server.RaftServerConfigKeys (ConfUtils.java:logGet(43)) - raft.server.sleep.deviation.threshold = 300 (default)
2019-09-26 16:34:43,901 [pool-87-thread-1] INFO  server.RaftServerConfigKeys (ConfUtils.java:logGet(43)) - raft.server.rpcslowness.timeout = 120s (custom)
2019-09-26 16:34:43,902 [pool-97-thread-1] INFO  server.RaftServerConfigKeys (ConfUtils.java:logGet(43)) - raft.server.log.appender.install.snapshot.enabled = false (custom)
2019-09-26 16:34:43,902 [pool-87-thread-1] INFO  server.RaftServerConfigKeys (ConfUtils.java:logGet(43)) - raft.server.sleep.deviation.threshold = 300 (default)
2019-09-26 16:34:43,902 [pool-97-thread-1] INFO  impl.RaftServerImpl (ServerState.java:<init>(103)) - 2d203acc-2876-43cc-a645-52d5b2311198@group-185BD4C38C74: ConfigurationManager, init=-1: [543c4478-56da-43d0-bc7b-befbdfd1ac53:192.168.157.234:44484, f9bb6cb5-24ba-4926-b442-6d897d5c3f6a:192.168.157.234:36804, 2d203acc-2876-43cc-a645-52d5b2311198:192.168.157.234:38739], old=null, confs=<EMPTY_MAP>
2019-09-26 16:34:43,902 [pool-87-thread-1] INFO  server.RaftServerConfigKeys (ConfUtils.java:logGet(43)) - raft.server.log.appender.install.snapshot.enabled = false (custom)
2019-09-26 16:34:43,902 [pool-87-thread-1] INFO  impl.RaftServerImpl (ServerState.java:<init>(103)) - 543c4478-56da-43d0-bc7b-befbdfd1ac53@group-185BD4C38C74: ConfigurationManager, init=-1: [543c4478-56da-43d0-bc7b-befbdfd1ac53:192.168.157.234:44484, f9bb6cb5-24ba-4926-b442-6d897d5c3f6a:192.168.157.234:36804, 2d203acc-2876-43cc-a645-52d5b2311198:192.168.157.234:38739], old=null, confs=<EMPTY_MAP>
2019-09-26 16:34:43,902 [pool-97-thread-1] INFO  server.RaftServerConfigKeys (ConfUtils.java:logGet(43)) - raft.server.storage.dir = [/workdir/hadoop-ozone/integration-test/target/test-dir/MiniOzoneClusterImpl-b5ca4ec9-472d-464d-82c8-bb75eaf95e3a/datanode-7/data/ratis] (custom)
2019-09-26 16:34:43,902 [pool-87-thread-1] INFO  server.RaftServerConfigKeys (ConfUtils.java:logGet(43)) - raft.server.storage.dir = [/workdir/hadoop-ozone/integration-test/target/test-dir/MiniOzoneClusterImpl-b5ca4ec9-472d-464d-82c8-bb75eaf95e3a/datanode-6/data/ratis] (custom)
2019-09-26 16:34:43,903 [pool-87-thread-1] INFO  storage.RaftStorageDirectory (RaftStorageDirectory.java:analyzeStorage(246)) - The storage directory /workdir/hadoop-ozone/integration-test/target/test-dir/MiniOzoneClusterImpl-b5ca4ec9-472d-464d-82c8-bb75eaf95e3a/datanode-6/data/ratis/84894dd6-6b9b-4dd4-911b-185bd4c38c74 does not exist. Creating ...
2019-09-26 16:34:43,903 [pool-97-thread-1] INFO  storage.RaftStorageDirectory (RaftStorageDirectory.java:analyzeStorage(246)) - The storage directory /workdir/hadoop-ozone/integration-test/target/test-dir/MiniOzoneClusterImpl-b5ca4ec9-472d-464d-82c8-bb75eaf95e3a/datanode-7/data/ratis/84894dd6-6b9b-4dd4-911b-185bd4c38c74 does not exist. Creating ...
2019-09-26 16:34:43,914 [pool-77-thread-1] INFO  storage.RaftStorageDirectory (RaftStorageDirectory.java:tryLock(328)) - Lock on /workdir/hadoop-ozone/integration-test/target/test-dir/MiniOzoneClusterImpl-b5ca4ec9-472d-464d-82c8-bb75eaf95e3a/datanode-5/data/ratis/84894dd6-6b9b-4dd4-911b-185bd4c38c74/in_use.lock acquired by nodename 16662@pr-hdds-2162-htzpk-1451759861
2019-09-26 16:34:43,914 [9221d1d4-f927-4b56-ab16-f2eacc87aadd@group-161A8171FEDD:LeaderElection3] INFO  impl.LeaderElection (LeaderElection.java:askForVotes(182)) - 9221d1d4-f927-4b56-ab16-f2eacc87aadd@group-161A8171FEDD:LeaderElection3: begin an election at term 1 for -1: [9221d1d4-f927-4b56-ab16-f2eacc87aadd:192.168.157.234:40823], old=null
2019-09-26 16:34:43,914 [pool-97-thread-1] INFO  storage.RaftStorageDirectory (RaftStorageDirectory.java:tryLock(328)) - Lock on /workdir/hadoop-ozone/integration-test/target/test-dir/MiniOzoneClusterImpl-b5ca4ec9-472d-464d-82c8-bb75eaf95e3a/datanode-7/data/ratis/84894dd6-6b9b-4dd4-911b-185bd4c38c74/in_use.lock acquired by nodename 16662@pr-hdds-2162-htzpk-1451759861
2019-09-26 16:34:43,914 [pool-87-thread-1] INFO  storage.RaftStorageDirectory (RaftStorageDirectory.java:tryLock(328)) - Lock on /workdir/hadoop-ozone/integration-test/target/test-dir/MiniOzoneClusterImpl-b5ca4ec9-472d-464d-82c8-bb75eaf95e3a/datanode-6/data/ratis/84894dd6-6b9b-4dd4-911b-185bd4c38c74/in_use.lock acquired by nodename 16662@pr-hdds-2162-htzpk-1451759861
2019-09-26 16:34:43,915 [9221d1d4-f927-4b56-ab16-f2eacc87aadd@group-161A8171FEDD:LeaderElection3] INFO  impl.RoleInfo (RoleInfo.java:shutdownLeaderElection(134)) - 9221d1d4-f927-4b56-ab16-f2eacc87aadd: shutdown LeaderElection
2019-09-26 16:34:43,915 [9221d1d4-f927-4b56-ab16-f2eacc87aadd@group-161A8171FEDD:LeaderElection3] INFO  impl.RaftServerImpl (RaftServerImpl.java:setRole(174)) - 9221d1d4-f927-4b56-ab16-f2eacc87aadd@group-161A8171FEDD: changes role from CANDIDATE to LEADER at term 1 for changeToLeader
2019-09-26 16:34:43,915 [9221d1d4-f927-4b56-ab16-f2eacc87aadd@group-161A8171FEDD:LeaderElection3] INFO  impl.RaftServerImpl (ServerState.java:setLeader(253)) - 9221d1d4-f927-4b56-ab16-f2eacc87aadd@group-161A8171FEDD: change Leader from null to 9221d1d4-f927-4b56-ab16-f2eacc87aadd at term 1 for becomeLeader, leader elected after 1161ms
2019-09-26 16:34:43,915 [9221d1d4-f927-4b56-ab16-f2eacc87aadd@group-161A8171FEDD:LeaderElection3] INFO  server.RaftServerConfigKeys (ConfUtils.java:logGet(43)) - raft.server.staging.catchup.gap = 1000 (default)
2019-09-26 16:34:43,915 [9221d1d4-f927-4b56-ab16-f2eacc87aadd@group-161A8171FEDD:LeaderElection3] INFO  server.RaftServerConfigKeys (ConfUtils.java:logGet(43)) - raft.server.rpc.sleep.time = 25ms (default)
2019-09-26 16:34:43,916 [9221d1d4-f927-4b56-ab16-f2eacc87aadd@group-161A8171FEDD:LeaderElection3] INFO  server.RaftServerConfigKeys (ConfUtils.java:logGet(43)) - raft.server.write.element-limit = 4096 (default)
2019-09-26 16:34:43,916 [9221d1d4-f927-4b56-ab16-f2eacc87aadd@group-161A8171FEDD:LeaderElection3] INFO  server.RaftServerConfigKeys (ConfUtils.java:logGet(43)) - raft.server.watch.timeout = 10s (default)
2019-09-26 16:34:43,916 [9221d1d4-f927-4b56-ab16-f2eacc87aadd@group-161A8171FEDD:LeaderElection3] INFO  server.RaftServerConfigKeys (ConfUtils.java:logGet(43)) - raft.server.watch.timeout.denomination = 1s (default)
2019-09-26 16:34:43,916 [9221d1d4-f927-4b56-ab16-f2eacc87aadd@group-161A8171FEDD:LeaderElection3] INFO  server.RaftServerConfigKeys (ConfUtils.java:logGet(43)) - raft.server.watch.element-limit = 65536 (default)
2019-09-26 16:34:43,918 [9221d1d4-f927-4b56-ab16-f2eacc87aadd@group-161A8171FEDD:LeaderElection3] INFO  impl.RoleInfo (RoleInfo.java:updateAndGet(143)) - 9221d1d4-f927-4b56-ab16-f2eacc87aadd: start LeaderState
2019-09-26 16:34:43,918 [9221d1d4-f927-4b56-ab16-f2eacc87aadd@group-161A8171FEDD:LeaderElection3] INFO  segmented.SegmentedRaftLogWorker (SegmentedRaftLogWorker.java:startLogSegment(380)) - 9221d1d4-f927-4b56-ab16-f2eacc87aadd@group-161A8171FEDD-SegmentedRaftLogWorker: Starting segment from index:0
2019-09-26 16:34:43,919 [9221d1d4-f927-4b56-ab16-f2eacc87aadd@group-161A8171FEDD:LeaderElection3] INFO  impl.RaftServerImpl (ServerState.java:setRaftConf(354)) - 9221d1d4-f927-4b56-ab16-f2eacc87aadd@group-161A8171FEDD: set configuration 0: [9221d1d4-f927-4b56-ab16-f2eacc87aadd:192.168.157.234:40823], old=null at 0
2019-09-26 16:34:43,928 [pool-77-thread-1] INFO  storage.RaftStorage (RaftStorage.java:format(72)) - Storage directory /workdir/hadoop-ozone/integration-test/target/test-dir/MiniOzoneClusterImpl-b5ca4ec9-472d-464d-82c8-bb75eaf95e3a/datanode-5/data/ratis/84894dd6-6b9b-4dd4-911b-185bd4c38c74 has been successfully formatted.
2019-09-26 16:34:43,928 [pool-87-thread-1] INFO  storage.RaftStorage (RaftStorage.java:format(72)) - Storage directory /workdir/hadoop-ozone/integration-test/target/test-dir/MiniOzoneClusterImpl-b5ca4ec9-472d-464d-82c8-bb75eaf95e3a/datanode-6/data/ratis/84894dd6-6b9b-4dd4-911b-185bd4c38c74 has been successfully formatted.
2019-09-26 16:34:43,928 [pool-97-thread-1] INFO  storage.RaftStorage (RaftStorage.java:format(72)) - Storage directory /workdir/hadoop-ozone/integration-test/target/test-dir/MiniOzoneClusterImpl-b5ca4ec9-472d-464d-82c8-bb75eaf95e3a/datanode-7/data/ratis/84894dd6-6b9b-4dd4-911b-185bd4c38c74 has been successfully formatted.
2019-09-26 16:34:43,928 [pool-77-thread-1] INFO  ratis.ContainerStateMachine (ContainerStateMachine.java:loadSnapshot(230)) - group-185BD4C38C74: The snapshot info is null. Setting the last applied indexto:(t:0, i:~)
2019-09-26 16:34:43,929 [pool-97-thread-1] INFO  ratis.ContainerStateMachine (ContainerStateMachine.java:loadSnapshot(230)) - group-185BD4C38C74: The snapshot info is null. Setting the last applied indexto:(t:0, i:~)
2019-09-26 16:34:43,928 [pool-87-thread-1] INFO  ratis.ContainerStateMachine (ContainerStateMachine.java:loadSnapshot(230)) - group-185BD4C38C74: The snapshot info is null. Setting the last applied indexto:(t:0, i:~)
2019-09-26 16:34:43,929 [pool-97-thread-1] INFO  server.RaftServerConfigKeys (ConfUtils.java:logGet(43)) - raft.server.notification.no-leader.timeout = 120s (custom)
2019-09-26 16:34:43,929 [pool-77-thread-1] INFO  server.RaftServerConfigKeys (ConfUtils.java:logGet(43)) - raft.server.notification.no-leader.timeout = 120s (custom)
2019-09-26 16:34:43,929 [pool-97-thread-1] INFO  server.RaftServerConfigKeys (ConfUtils.java:logGet(43)) - raft.server.log.use.memory = false (default)
2019-09-26 16:34:43,929 [pool-87-thread-1] INFO  server.RaftServerConfigKeys (ConfUtils.java:logGet(43)) - raft.server.notification.no-leader.timeout = 120s (custom)
2019-09-26 16:34:43,929 [pool-97-thread-1] INFO  server.RaftServerConfigKeys (ConfUtils.java:logGet(43)) - raft.server.log.purge.gap = 1000000 (custom)
2019-09-26 16:34:43,929 [pool-77-thread-1] INFO  server.RaftServerConfigKeys (ConfUtils.java:logGet(43)) - raft.server.log.use.memory = false (default)
2019-09-26 16:34:43,929 [pool-97-thread-1] INFO  server.RaftServerConfigKeys (ConfUtils.java:logGet(43)) - raft.server.log.appender.buffer.byte-limit = 33554432 (custom)
2019-09-26 16:34:43,929 [pool-87-thread-1] INFO  server.RaftServerConfigKeys (ConfUtils.java:logGet(43)) - raft.server.log.use.memory = false (default)
2019-09-26 16:34:43,930 [pool-97-thread-1] INFO  server.RaftServerConfigKeys (ConfUtils.java:logGet(43)) - raft.server.log.segment.size.max = 1048576 (custom)
2019-09-26 16:34:43,930 [pool-77-thread-1] INFO  server.RaftServerConfigKeys (ConfUtils.java:logGet(43)) - raft.server.log.purge.gap = 1000000 (custom)
2019-09-26 16:34:43,930 [pool-97-thread-1] INFO  server.RaftServerConfigKeys (ConfUtils.java:logGet(43)) - raft.server.log.segment.cache.num.max = 2 (custom)
2019-09-26 16:34:43,930 [pool-87-thread-1] INFO  server.RaftServerConfigKeys (ConfUtils.java:logGet(43)) - raft.server.log.purge.gap = 1000000 (custom)
2019-09-26 16:34:43,930 [pool-97-thread-1] INFO  segmented.SegmentedRaftLogWorker (SegmentedRaftLogWorker.java:<init>(172)) - new 2d203acc-2876-43cc-a645-52d5b2311198@group-185BD4C38C74-SegmentedRaftLogWorker for RaftStorage:Storage Directory /workdir/hadoop-ozone/integration-test/target/test-dir/MiniOzoneClusterImpl-b5ca4ec9-472d-464d-82c8-bb75eaf95e3a/datanode-7/data/ratis/84894dd6-6b9b-4dd4-911b-185bd4c38c74
2019-09-26 16:34:43,930 [pool-77-thread-1] INFO  server.RaftServerConfigKeys (ConfUtils.java:logGet(43)) - raft.server.log.appender.buffer.byte-limit = 33554432 (custom)
2019-09-26 16:34:43,930 [pool-97-thread-1] INFO  server.RaftServerConfigKeys (ConfUtils.java:logGet(43)) - raft.server.log.queue.byte-limit = 2147483647 (custom)
2019-09-26 16:34:43,930 [pool-87-thread-1] INFO  server.RaftServerConfigKeys (ConfUtils.java:logGet(43)) - raft.server.log.appender.buffer.byte-limit = 33554432 (custom)
2019-09-26 16:34:43,931 [pool-97-thread-1] INFO  server.RaftServerConfigKeys (ConfUtils.java:logGet(43)) - raft.server.log.queue.element-limit = 1024 (custom)
2019-09-26 16:34:43,930 [pool-77-thread-1] INFO  server.RaftServerConfigKeys (ConfUtils.java:logGet(43)) - raft.server.log.segment.size.max = 1048576 (custom)
2019-09-26 16:34:43,931 [pool-97-thread-1] INFO  server.RaftServerConfigKeys (ConfUtils.java:logGet(43)) - raft.server.log.segment.size.max = 1048576 (custom)
2019-09-26 16:34:43,931 [pool-87-thread-1] INFO  server.RaftServerConfigKeys (ConfUtils.java:logGet(43)) - raft.server.log.segment.size.max = 1048576 (custom)
2019-09-26 16:34:43,931 [pool-97-thread-1] INFO  server.RaftServerConfigKeys (ConfUtils.java:logGet(43)) - raft.server.log.preallocated.size = 16384 (custom)
2019-09-26 16:34:43,931 [pool-77-thread-1] INFO  server.RaftServerConfigKeys (ConfUtils.java:logGet(43)) - raft.server.log.segment.cache.num.max = 2 (custom)
2019-09-26 16:34:43,931 [pool-97-thread-1] INFO  server.RaftServerConfigKeys (ConfUtils.java:logGet(43)) - raft.server.log.write.buffer.size = 33554432 (custom)
2019-09-26 16:34:43,931 [pool-87-thread-1] INFO  server.RaftServerConfigKeys (ConfUtils.java:logGet(43)) - raft.server.log.segment.cache.num.max = 2 (custom)
2019-09-26 16:34:43,932 [pool-97-thread-1] INFO  server.RaftServerConfigKeys (ConfUtils.java:logGet(43)) - raft.server.log.force.sync.num = 128 (default)
2019-09-26 16:34:43,931 [pool-77-thread-1] INFO  segmented.SegmentedRaftLogWorker (SegmentedRaftLogWorker.java:<init>(172)) - new f9bb6cb5-24ba-4926-b442-6d897d5c3f6a@group-185BD4C38C74-SegmentedRaftLogWorker for RaftStorage:Storage Directory /workdir/hadoop-ozone/integration-test/target/test-dir/MiniOzoneClusterImpl-b5ca4ec9-472d-464d-82c8-bb75eaf95e3a/datanode-5/data/ratis/84894dd6-6b9b-4dd4-911b-185bd4c38c74
2019-09-26 16:34:43,932 [pool-97-thread-1] INFO  server.RaftServerConfigKeys (ConfUtils.java:logGet(43)) - raft.server.log.statemachine.data.sync = true (default)
2019-09-26 16:34:43,932 [pool-87-thread-1] INFO  segmented.SegmentedRaftLogWorker (SegmentedRaftLogWorker.java:<init>(172)) - new 543c4478-56da-43d0-bc7b-befbdfd1ac53@group-185BD4C38C74-SegmentedRaftLogWorker for RaftStorage:Storage Directory /workdir/hadoop-ozone/integration-test/target/test-dir/MiniOzoneClusterImpl-b5ca4ec9-472d-464d-82c8-bb75eaf95e3a/datanode-6/data/ratis/84894dd6-6b9b-4dd4-911b-185bd4c38c74
2019-09-26 16:34:43,932 [pool-97-thread-1] INFO  server.RaftServerConfigKeys (ConfUtils.java:logGet(43)) - raft.server.log.statemachine.data.sync.timeout = 10s (default)
2019-09-26 16:34:43,932 [pool-77-thread-1] INFO  server.RaftServerConfigKeys (ConfUtils.java:logGet(43)) - raft.server.log.queue.byte-limit = 2147483647 (custom)
2019-09-26 16:34:43,932 [pool-97-thread-1] INFO  server.RaftServerConfigKeys (ConfUtils.java:logGet(43)) - raft.server.log.statemachine.data.sync.timeout.retry = -1 (default)
2019-09-26 16:34:43,932 [pool-87-thread-1] INFO  server.RaftServerConfigKeys (ConfUtils.java:logGet(43)) - raft.server.log.queue.byte-limit = 2147483647 (custom)
2019-09-26 16:34:43,933 [pool-97-thread-1] INFO  server.RaftServerConfigKeys (ConfUtils.java:logGet(43)) - raft.server.log.statemachine.data.caching.enabled = true (custom)
2019-09-26 16:34:43,932 [pool-77-thread-1] INFO  server.RaftServerConfigKeys (ConfUtils.java:logGet(43)) - raft.server.log.queue.element-limit = 1024 (custom)
2019-09-26 16:34:43,933 [pool-87-thread-1] INFO  server.RaftServerConfigKeys (ConfUtils.java:logGet(43)) - raft.server.log.queue.element-limit = 1024 (custom)
2019-09-26 16:34:43,933 [pool-97-thread-1] INFO  segmented.SegmentedRaftLogWorker (SegmentedRaftLogWorker.java:lambda$new$0(132)) - 2d203acc-2876-43cc-a645-52d5b2311198@group-185BD4C38C74-SegmentedRaftLogWorker: flushIndex: setUnconditionally 0 -> -1
2019-09-26 16:34:43,933 [pool-77-thread-1] INFO  server.RaftServerConfigKeys (ConfUtils.java:logGet(43)) - raft.server.log.segment.size.max = 1048576 (custom)
2019-09-26 16:34:43,933 [pool-87-thread-1] INFO  server.RaftServerConfigKeys (ConfUtils.java:logGet(43)) - raft.server.log.segment.size.max = 1048576 (custom)
2019-09-26 16:34:43,933 [pool-97-thread-1] INFO  server.RaftServerConfigKeys (ConfUtils.java:logGet(43)) - raft.server.snapshot.auto.trigger.enabled = true (custom)
2019-09-26 16:34:43,933 [pool-77-thread-1] INFO  server.RaftServerConfigKeys (ConfUtils.java:logGet(43)) - raft.server.log.preallocated.size = 16384 (custom)
2019-09-26 16:34:43,934 [pool-97-thread-1] INFO  server.RaftServerConfigKeys (ConfUtils.java:logGet(43)) - raft.server.snapshot.auto.trigger.threshold = 10000 (custom)
2019-09-26 16:34:43,933 [pool-87-thread-1] INFO  server.RaftServerConfigKeys (ConfUtils.java:logGet(43)) - raft.server.log.preallocated.size = 16384 (custom)
2019-09-26 16:34:43,934 [pool-97-thread-1] INFO  server.RaftServerConfigKeys (ConfUtils.java:logGet(43)) - raft.server.snapshot.retention.num.files = 5 (custom)
2019-09-26 16:34:43,934 [pool-77-thread-1] INFO  server.RaftServerConfigKeys (ConfUtils.java:logGet(43)) - raft.server.log.write.buffer.size = 33554432 (custom)
2019-09-26 16:34:43,934 [pool-87-thread-1] INFO  server.RaftServerConfigKeys (ConfUtils.java:logGet(43)) - raft.server.log.write.buffer.size = 33554432 (custom)
2019-09-26 16:34:43,936 [pool-77-thread-1] INFO  server.RaftServerConfigKeys (ConfUtils.java:logGet(43)) - raft.server.log.force.sync.num = 128 (default)
2019-09-26 16:34:43,936 [pool-97-thread-1] INFO  server.RaftServerConfigKeys (ConfUtils.java:logGet(43)) - raft.server.retrycache.expirytime = 600000ms (custom)
2019-09-26 16:34:43,936 [pool-77-thread-1] INFO  server.RaftServerConfigKeys (ConfUtils.java:logGet(43)) - raft.server.log.statemachine.data.sync = true (default)
2019-09-26 16:34:43,936 [pool-87-thread-1] INFO  server.RaftServerConfigKeys (ConfUtils.java:logGet(43)) - raft.server.log.force.sync.num = 128 (default)
2019-09-26 16:34:43,937 [pool-77-thread-1] INFO  server.RaftServerConfigKeys (ConfUtils.java:logGet(43)) - raft.server.log.statemachine.data.sync.timeout = 10s (default)
2019-09-26 16:34:43,937 [pool-87-thread-1] INFO  server.RaftServerConfigKeys (ConfUtils.java:logGet(43)) - raft.server.log.statemachine.data.sync = true (default)
2019-09-26 16:34:43,937 [pool-77-thread-1] INFO  server.RaftServerConfigKeys (ConfUtils.java:logGet(43)) - raft.server.log.statemachine.data.sync.timeout.retry = -1 (default)
2019-09-26 16:34:43,937 [pool-87-thread-1] INFO  server.RaftServerConfigKeys (ConfUtils.java:logGet(43)) - raft.server.log.statemachine.data.sync.timeout = 10s (default)
2019-09-26 16:34:43,937 [pool-77-thread-1] INFO  server.RaftServerConfigKeys (ConfUtils.java:logGet(43)) - raft.server.log.statemachine.data.caching.enabled = true (custom)
2019-09-26 16:34:43,937 [pool-87-thread-1] INFO  server.RaftServerConfigKeys (ConfUtils.java:logGet(43)) - raft.server.log.statemachine.data.sync.timeout.retry = -1 (default)
2019-09-26 16:34:43,937 [pool-77-thread-1] INFO  segmented.SegmentedRaftLogWorker (SegmentedRaftLogWorker.java:lambda$new$0(132)) - f9bb6cb5-24ba-4926-b442-6d897d5c3f6a@group-185BD4C38C74-SegmentedRaftLogWorker: flushIndex: setUnconditionally 0 -> -1
2019-09-26 16:34:43,937 [pool-87-thread-1] INFO  server.RaftServerConfigKeys (ConfUtils.java:logGet(43)) - raft.server.log.statemachine.data.caching.enabled = true (custom)
2019-09-26 16:34:43,938 [pool-87-thread-1] INFO  segmented.SegmentedRaftLogWorker (SegmentedRaftLogWorker.java:lambda$new$0(132)) - 543c4478-56da-43d0-bc7b-befbdfd1ac53@group-185BD4C38C74-SegmentedRaftLogWorker: flushIndex: setUnconditionally 0 -> -1
2019-09-26 16:34:43,938 [pool-77-thread-1] INFO  server.RaftServerConfigKeys (ConfUtils.java:logGet(43)) - raft.server.snapshot.auto.trigger.enabled = true (custom)
2019-09-26 16:34:43,938 [pool-77-thread-1] INFO  server.RaftServerConfigKeys (ConfUtils.java:logGet(43)) - raft.server.snapshot.auto.trigger.threshold = 10000 (custom)
2019-09-26 16:34:43,938 [pool-87-thread-1] INFO  server.RaftServerConfigKeys (ConfUtils.java:logGet(43)) - raft.server.snapshot.auto.trigger.enabled = true (custom)
2019-09-26 16:34:43,938 [pool-77-thread-1] INFO  server.RaftServerConfigKeys (ConfUtils.java:logGet(43)) - raft.server.snapshot.retention.num.files = 5 (custom)
2019-09-26 16:34:43,938 [pool-87-thread-1] INFO  server.RaftServerConfigKeys (ConfUtils.java:logGet(43)) - raft.server.snapshot.auto.trigger.threshold = 10000 (custom)
2019-09-26 16:34:43,938 [pool-77-thread-1] INFO  server.RaftServerConfigKeys (ConfUtils.java:logGet(43)) - raft.server.retrycache.expirytime = 600000ms (custom)
2019-09-26 16:34:43,938 [pool-87-thread-1] INFO  server.RaftServerConfigKeys (ConfUtils.java:logGet(43)) - raft.server.snapshot.retention.num.files = 5 (custom)
2019-09-26 16:34:43,939 [pool-87-thread-1] INFO  server.RaftServerConfigKeys (ConfUtils.java:logGet(43)) - raft.server.retrycache.expirytime = 600000ms (custom)
2019-09-26 16:34:43,940 [pool-97-thread-1] INFO  impl.RaftServerImpl (RaftServerImpl.java:start(185)) - 2d203acc-2876-43cc-a645-52d5b2311198@group-185BD4C38C74: start as a follower, conf=-1: [543c4478-56da-43d0-bc7b-befbdfd1ac53:192.168.157.234:44484, f9bb6cb5-24ba-4926-b442-6d897d5c3f6a:192.168.157.234:36804, 2d203acc-2876-43cc-a645-52d5b2311198:192.168.157.234:38739], old=null
2019-09-26 16:34:43,940 [pool-97-thread-1] INFO  impl.RaftServerImpl (RaftServerImpl.java:setRole(174)) - 2d203acc-2876-43cc-a645-52d5b2311198@group-185BD4C38C74: changes role from      null to FOLLOWER at term 0 for startAsFollower
2019-09-26 16:34:43,941 [pool-97-thread-1] INFO  impl.RoleInfo (RoleInfo.java:updateAndGet(143)) - 2d203acc-2876-43cc-a645-52d5b2311198: start FollowerState
2019-09-26 16:34:43,941 [pool-97-thread-1] INFO  util.JmxRegister (JmxRegister.java:tryRegister(44)) - Successfully registered JMX Bean with object name Ratis:service=RaftServer,group=group-185BD4C38C74,id=2d203acc-2876-43cc-a645-52d5b2311198
2019-09-26 16:34:43,941 [pool-77-thread-1] INFO  impl.RaftServerImpl (RaftServerImpl.java:start(185)) - f9bb6cb5-24ba-4926-b442-6d897d5c3f6a@group-185BD4C38C74: start as a follower, conf=-1: [543c4478-56da-43d0-bc7b-befbdfd1ac53:192.168.157.234:44484, f9bb6cb5-24ba-4926-b442-6d897d5c3f6a:192.168.157.234:36804, 2d203acc-2876-43cc-a645-52d5b2311198:192.168.157.234:38739], old=null
2019-09-26 16:34:43,941 [pool-77-thread-1] INFO  impl.RaftServerImpl (RaftServerImpl.java:setRole(174)) - f9bb6cb5-24ba-4926-b442-6d897d5c3f6a@group-185BD4C38C74: changes role from      null to FOLLOWER at term 0 for startAsFollower
2019-09-26 16:34:43,941 [pool-87-thread-1] INFO  impl.RaftServerImpl (RaftServerImpl.java:start(185)) - 543c4478-56da-43d0-bc7b-befbdfd1ac53@group-185BD4C38C74: start as a follower, conf=-1: [543c4478-56da-43d0-bc7b-befbdfd1ac53:192.168.157.234:44484, f9bb6cb5-24ba-4926-b442-6d897d5c3f6a:192.168.157.234:36804, 2d203acc-2876-43cc-a645-52d5b2311198:192.168.157.234:38739], old=null
2019-09-26 16:34:43,942 [pool-77-thread-1] INFO  impl.RoleInfo (RoleInfo.java:updateAndGet(143)) - f9bb6cb5-24ba-4926-b442-6d897d5c3f6a: start FollowerState
2019-09-26 16:34:43,942 [pool-87-thread-1] INFO  impl.RaftServerImpl (RaftServerImpl.java:setRole(174)) - 543c4478-56da-43d0-bc7b-befbdfd1ac53@group-185BD4C38C74: changes role from      null to FOLLOWER at term 0 for startAsFollower
2019-09-26 16:34:43,942 [pool-87-thread-1] INFO  impl.RoleInfo (RoleInfo.java:updateAndGet(143)) - 543c4478-56da-43d0-bc7b-befbdfd1ac53: start FollowerState
2019-09-26 16:34:43,942 [pool-77-thread-1] INFO  util.JmxRegister (JmxRegister.java:tryRegister(44)) - Successfully registered JMX Bean with object name Ratis:service=RaftServer,group=group-185BD4C38C74,id=f9bb6cb5-24ba-4926-b442-6d897d5c3f6a
2019-09-26 16:34:43,942 [pool-87-thread-1] INFO  util.JmxRegister (JmxRegister.java:tryRegister(44)) - Successfully registered JMX Bean with object name Ratis:service=RaftServer,group=group-185BD4C38C74,id=543c4478-56da-43d0-bc7b-befbdfd1ac53
2019-09-26 16:34:43,952 [RatisPipelineUtilsThread] INFO  pipeline.PipelineStateManager (PipelineStateManager.java:addPipeline(56)) - Created pipeline Pipeline[ Id: 84894dd6-6b9b-4dd4-911b-185bd4c38c74, Nodes: 543c4478-56da-43d0-bc7b-befbdfd1ac53{ip: 192.168.157.234, host: pr-hdds-2162-htzpk-1451759861, networkLocation: /rack1, certSerialId: null}f9bb6cb5-24ba-4926-b442-6d897d5c3f6a{ip: 192.168.157.234, host: pr-hdds-2162-htzpk-1451759861, networkLocation: /rack1, certSerialId: null}2d203acc-2876-43cc-a645-52d5b2311198{ip: 192.168.157.234, host: pr-hdds-2162-htzpk-1451759861, networkLocation: /rack1, certSerialId: null}, Type:RATIS, Factor:THREE, State:OPEN]
2019-09-26 16:34:44,006 [e92f8c69-4518-4ec8-914d-310b697ee99a@group-639B790198CB-SegmentedRaftLogWorker] INFO  segmented.SegmentedRaftLogWorker (SegmentedRaftLogWorker.java:execute(569)) - e92f8c69-4518-4ec8-914d-310b697ee99a@group-639B790198CB-SegmentedRaftLogWorker: created new log segment /workdir/hadoop-ozone/integration-test/target/test-dir/MiniOzoneClusterImpl-b5ca4ec9-472d-464d-82c8-bb75eaf95e3a/datanode-0/data/ratis/cf9752af-ab1a-451c-99ae-639b790198cb/current/log_inprogress_0
2019-09-26 16:34:44,006 [4d7b7b0b-d4b2-4e9e-949c-b3d401b8342c@group-C79567DAF354-SegmentedRaftLogWorker] INFO  segmented.SegmentedRaftLogWorker (SegmentedRaftLogWorker.java:execute(569)) - 4d7b7b0b-d4b2-4e9e-949c-b3d401b8342c@group-C79567DAF354-SegmentedRaftLogWorker: created new log segment /workdir/hadoop-ozone/integration-test/target/test-dir/MiniOzoneClusterImpl-b5ca4ec9-472d-464d-82c8-bb75eaf95e3a/datanode-9/data/ratis/7491013e-45c4-4e14-bf66-c79567daf354/current/log_inprogress_0
2019-09-26 16:34:44,006 [9221d1d4-f927-4b56-ab16-f2eacc87aadd@group-161A8171FEDD-SegmentedRaftLogWorker] INFO  segmented.SegmentedRaftLogWorker (SegmentedRaftLogWorker.java:execute(569)) - 9221d1d4-f927-4b56-ab16-f2eacc87aadd@group-161A8171FEDD-SegmentedRaftLogWorker: created new log segment /workdir/hadoop-ozone/integration-test/target/test-dir/MiniOzoneClusterImpl-b5ca4ec9-472d-464d-82c8-bb75eaf95e3a/datanode-1/data/ratis/d54939e4-7afc-4d37-85b7-161a8171fedd/current/log_inprogress_0
2019-09-26 16:34:44,102 [Thread-294] INFO  impl.FollowerState (FollowerState.java:run(106)) - 837115f0-6bdf-4bb0-a918-7bab3585449b:group-94E000F37FFD changes to CANDIDATE, lastRpcTime:1161, electionTimeout:1152ms
2019-09-26 16:34:44,103 [Thread-294] INFO  impl.RoleInfo (RoleInfo.java:shutdownFollowerState(121)) - 837115f0-6bdf-4bb0-a918-7bab3585449b: shutdown FollowerState
2019-09-26 16:34:44,105 [Thread-294] INFO  impl.RaftServerImpl (RaftServerImpl.java:setRole(174)) - 837115f0-6bdf-4bb0-a918-7bab3585449b@group-94E000F37FFD: changes role from  FOLLOWER to CANDIDATE at term 0 for changeToCandidate
2019-09-26 16:34:44,105 [Thread-294] INFO  impl.RoleInfo (RoleInfo.java:updateAndGet(143)) - 837115f0-6bdf-4bb0-a918-7bab3585449b: start LeaderElection
2019-09-26 16:34:44,126 [837115f0-6bdf-4bb0-a918-7bab3585449b@group-94E000F37FFD:LeaderElection4] INFO  impl.LeaderElection (LeaderElection.java:askForVotes(182)) - 837115f0-6bdf-4bb0-a918-7bab3585449b@group-94E000F37FFD:LeaderElection4: begin an election at term 1 for -1: [837115f0-6bdf-4bb0-a918-7bab3585449b:192.168.157.234:40176], old=null
2019-09-26 16:34:44,126 [837115f0-6bdf-4bb0-a918-7bab3585449b@group-94E000F37FFD:LeaderElection4] INFO  impl.RoleInfo (RoleInfo.java:shutdownLeaderElection(134)) - 837115f0-6bdf-4bb0-a918-7bab3585449b: shutdown LeaderElection
2019-09-26 16:34:44,126 [837115f0-6bdf-4bb0-a918-7bab3585449b@group-94E000F37FFD:LeaderElection4] INFO  impl.RaftServerImpl (RaftServerImpl.java:setRole(174)) - 837115f0-6bdf-4bb0-a918-7bab3585449b@group-94E000F37FFD: changes role from CANDIDATE to LEADER at term 1 for changeToLeader
2019-09-26 16:34:44,127 [837115f0-6bdf-4bb0-a918-7bab3585449b@group-94E000F37FFD:LeaderElection4] INFO  impl.RaftServerImpl (ServerState.java:setLeader(253)) - 837115f0-6bdf-4bb0-a918-7bab3585449b@group-94E000F37FFD: change Leader from null to 837115f0-6bdf-4bb0-a918-7bab3585449b at term 1 for becomeLeader, leader elected after 1201ms
2019-09-26 16:34:44,127 [837115f0-6bdf-4bb0-a918-7bab3585449b@group-94E000F37FFD:LeaderElection4] INFO  server.RaftServerConfigKeys (ConfUtils.java:logGet(43)) - raft.server.staging.catchup.gap = 1000 (default)
2019-09-26 16:34:44,127 [837115f0-6bdf-4bb0-a918-7bab3585449b@group-94E000F37FFD:LeaderElection4] INFO  server.RaftServerConfigKeys (ConfUtils.java:logGet(43)) - raft.server.rpc.sleep.time = 25ms (default)
2019-09-26 16:34:44,127 [837115f0-6bdf-4bb0-a918-7bab3585449b@group-94E000F37FFD:LeaderElection4] INFO  server.RaftServerConfigKeys (ConfUtils.java:logGet(43)) - raft.server.write.element-limit = 4096 (default)
2019-09-26 16:34:44,127 [837115f0-6bdf-4bb0-a918-7bab3585449b@group-94E000F37FFD:LeaderElection4] INFO  server.RaftServerConfigKeys (ConfUtils.java:logGet(43)) - raft.server.watch.timeout = 10s (default)
2019-09-26 16:34:44,127 [837115f0-6bdf-4bb0-a918-7bab3585449b@group-94E000F37FFD:LeaderElection4] INFO  server.RaftServerConfigKeys (ConfUtils.java:logGet(43)) - raft.server.watch.timeout.denomination = 1s (default)
2019-09-26 16:34:44,128 [837115f0-6bdf-4bb0-a918-7bab3585449b@group-94E000F37FFD:LeaderElection4] INFO  server.RaftServerConfigKeys (ConfUtils.java:logGet(43)) - raft.server.watch.element-limit = 65536 (default)
2019-09-26 16:34:44,131 [837115f0-6bdf-4bb0-a918-7bab3585449b@group-94E000F37FFD:LeaderElection4] INFO  impl.RoleInfo (RoleInfo.java:updateAndGet(143)) - 837115f0-6bdf-4bb0-a918-7bab3585449b: start LeaderState
2019-09-26 16:34:44,131 [837115f0-6bdf-4bb0-a918-7bab3585449b@group-94E000F37FFD:LeaderElection4] INFO  segmented.SegmentedRaftLogWorker (SegmentedRaftLogWorker.java:startLogSegment(380)) - 837115f0-6bdf-4bb0-a918-7bab3585449b@group-94E000F37FFD-SegmentedRaftLogWorker: Starting segment from index:0
2019-09-26 16:34:44,132 [837115f0-6bdf-4bb0-a918-7bab3585449b@group-94E000F37FFD:LeaderElection4] INFO  impl.RaftServerImpl (ServerState.java:setRaftConf(354)) - 837115f0-6bdf-4bb0-a918-7bab3585449b@group-94E000F37FFD: set configuration 0: [837115f0-6bdf-4bb0-a918-7bab3585449b:192.168.157.234:40176], old=null at 0
2019-09-26 16:34:44,164 [837115f0-6bdf-4bb0-a918-7bab3585449b@group-94E000F37FFD-SegmentedRaftLogWorker] INFO  segmented.SegmentedRaftLogWorker (SegmentedRaftLogWorker.java:execute(569)) - 837115f0-6bdf-4bb0-a918-7bab3585449b@group-94E000F37FFD-SegmentedRaftLogWorker: created new log segment /workdir/hadoop-ozone/integration-test/target/test-dir/MiniOzoneClusterImpl-b5ca4ec9-472d-464d-82c8-bb75eaf95e3a/datanode-2/data/ratis/8a056127-bc5d-410f-9d69-94e000f37ffd/current/log_inprogress_0
2019-09-26 16:34:44,226 [Thread-297] INFO  impl.FollowerState (FollowerState.java:run(106)) - acb5cb05-bd62-40bc-82c8-ae32f2a7d477:group-853E24B469E8 changes to CANDIDATE, lastRpcTime:1107, electionTimeout:1107ms
2019-09-26 16:34:44,226 [Thread-297] INFO  impl.RoleInfo (RoleInfo.java:shutdownFollowerState(121)) - acb5cb05-bd62-40bc-82c8-ae32f2a7d477: shutdown FollowerState
2019-09-26 16:34:44,227 [Thread-297] INFO  impl.RaftServerImpl (RaftServerImpl.java:setRole(174)) - acb5cb05-bd62-40bc-82c8-ae32f2a7d477@group-853E24B469E8: changes role from  FOLLOWER to CANDIDATE at term 0 for changeToCandidate
2019-09-26 16:34:44,227 [Thread-297] INFO  impl.RoleInfo (RoleInfo.java:updateAndGet(143)) - acb5cb05-bd62-40bc-82c8-ae32f2a7d477: start LeaderElection
2019-09-26 16:34:44,246 [acb5cb05-bd62-40bc-82c8-ae32f2a7d477@group-853E24B469E8:LeaderElection5] INFO  impl.LeaderElection (LeaderElection.java:askForVotes(182)) - acb5cb05-bd62-40bc-82c8-ae32f2a7d477@group-853E24B469E8:LeaderElection5: begin an election at term 1 for -1: [acb5cb05-bd62-40bc-82c8-ae32f2a7d477:192.168.157.234:45827], old=null
2019-09-26 16:34:44,246 [acb5cb05-bd62-40bc-82c8-ae32f2a7d477@group-853E24B469E8:LeaderElection5] INFO  impl.RoleInfo (RoleInfo.java:shutdownLeaderElection(134)) - acb5cb05-bd62-40bc-82c8-ae32f2a7d477: shutdown LeaderElection
2019-09-26 16:34:44,247 [acb5cb05-bd62-40bc-82c8-ae32f2a7d477@group-853E24B469E8:LeaderElection5] INFO  impl.RaftServerImpl (RaftServerImpl.java:setRole(174)) - acb5cb05-bd62-40bc-82c8-ae32f2a7d477@group-853E24B469E8: changes role from CANDIDATE to LEADER at term 1 for changeToLeader
2019-09-26 16:34:44,247 [acb5cb05-bd62-40bc-82c8-ae32f2a7d477@group-853E24B469E8:LeaderElection5] INFO  impl.RaftServerImpl (ServerState.java:setLeader(253)) - acb5cb05-bd62-40bc-82c8-ae32f2a7d477@group-853E24B469E8: change Leader from null to acb5cb05-bd62-40bc-82c8-ae32f2a7d477 at term 1 for becomeLeader, leader elected after 1221ms
2019-09-26 16:34:44,247 [acb5cb05-bd62-40bc-82c8-ae32f2a7d477@group-853E24B469E8:LeaderElection5] INFO  server.RaftServerConfigKeys (ConfUtils.java:logGet(43)) - raft.server.staging.catchup.gap = 1000 (default)
2019-09-26 16:34:44,247 [acb5cb05-bd62-40bc-82c8-ae32f2a7d477@group-853E24B469E8:LeaderElection5] INFO  server.RaftServerConfigKeys (ConfUtils.java:logGet(43)) - raft.server.rpc.sleep.time = 25ms (default)
2019-09-26 16:34:44,248 [acb5cb05-bd62-40bc-82c8-ae32f2a7d477@group-853E24B469E8:LeaderElection5] INFO  server.RaftServerConfigKeys (ConfUtils.java:logGet(43)) - raft.server.write.element-limit = 4096 (default)
2019-09-26 16:34:44,248 [acb5cb05-bd62-40bc-82c8-ae32f2a7d477@group-853E24B469E8:LeaderElection5] INFO  server.RaftServerConfigKeys (ConfUtils.java:logGet(43)) - raft.server.watch.timeout = 10s (default)
2019-09-26 16:34:44,248 [acb5cb05-bd62-40bc-82c8-ae32f2a7d477@group-853E24B469E8:LeaderElection5] INFO  server.RaftServerConfigKeys (ConfUtils.java:logGet(43)) - raft.server.watch.timeout.denomination = 1s (default)
2019-09-26 16:34:44,248 [acb5cb05-bd62-40bc-82c8-ae32f2a7d477@group-853E24B469E8:LeaderElection5] INFO  server.RaftServerConfigKeys (ConfUtils.java:logGet(43)) - raft.server.watch.element-limit = 65536 (default)
2019-09-26 16:34:44,252 [acb5cb05-bd62-40bc-82c8-ae32f2a7d477@group-853E24B469E8:LeaderElection5] INFO  impl.RoleInfo (RoleInfo.java:updateAndGet(143)) - acb5cb05-bd62-40bc-82c8-ae32f2a7d477: start LeaderState
2019-09-26 16:34:44,252 [acb5cb05-bd62-40bc-82c8-ae32f2a7d477@group-853E24B469E8:LeaderElection5] INFO  segmented.SegmentedRaftLogWorker (SegmentedRaftLogWorker.java:startLogSegment(380)) - acb5cb05-bd62-40bc-82c8-ae32f2a7d477@group-853E24B469E8-SegmentedRaftLogWorker: Starting segment from index:0
2019-09-26 16:34:44,253 [acb5cb05-bd62-40bc-82c8-ae32f2a7d477@group-853E24B469E8:LeaderElection5] INFO  impl.RaftServerImpl (ServerState.java:setRaftConf(354)) - acb5cb05-bd62-40bc-82c8-ae32f2a7d477@group-853E24B469E8: set configuration 0: [acb5cb05-bd62-40bc-82c8-ae32f2a7d477:192.168.157.234:45827], old=null at 0
2019-09-26 16:34:44,288 [acb5cb05-bd62-40bc-82c8-ae32f2a7d477@group-853E24B469E8-SegmentedRaftLogWorker] INFO  segmented.SegmentedRaftLogWorker (SegmentedRaftLogWorker.java:execute(569)) - acb5cb05-bd62-40bc-82c8-ae32f2a7d477@group-853E24B469E8-SegmentedRaftLogWorker: created new log segment /workdir/hadoop-ozone/integration-test/target/test-dir/MiniOzoneClusterImpl-b5ca4ec9-472d-464d-82c8-bb75eaf95e3a/datanode-3/data/ratis/75efdfce-747a-4f1d-bdb6-853e24b469e8/current/log_inprogress_0
2019-09-26 16:34:44,325 [Thread-300] INFO  impl.FollowerState (FollowerState.java:run(106)) - 1cb81857-6495-4479-8124-808fc28ebfe2:group-0EA23F1C529B changes to CANDIDATE, lastRpcTime:1082, electionTimeout:1082ms
2019-09-26 16:34:44,325 [Thread-300] INFO  impl.RoleInfo (RoleInfo.java:shutdownFollowerState(121)) - 1cb81857-6495-4479-8124-808fc28ebfe2: shutdown FollowerState
2019-09-26 16:34:44,326 [Thread-300] INFO  impl.RaftServerImpl (RaftServerImpl.java:setRole(174)) - 1cb81857-6495-4479-8124-808fc28ebfe2@group-0EA23F1C529B: changes role from  FOLLOWER to CANDIDATE at term 0 for changeToCandidate
2019-09-26 16:34:44,326 [Thread-300] INFO  impl.RoleInfo (RoleInfo.java:updateAndGet(143)) - 1cb81857-6495-4479-8124-808fc28ebfe2: start LeaderElection
2019-09-26 16:34:44,346 [1cb81857-6495-4479-8124-808fc28ebfe2@group-0EA23F1C529B:LeaderElection6] INFO  impl.LeaderElection (LeaderElection.java:askForVotes(182)) - 1cb81857-6495-4479-8124-808fc28ebfe2@group-0EA23F1C529B:LeaderElection6: begin an election at term 1 for -1: [1cb81857-6495-4479-8124-808fc28ebfe2:192.168.157.234:42169], old=null
2019-09-26 16:34:44,346 [1cb81857-6495-4479-8124-808fc28ebfe2@group-0EA23F1C529B:LeaderElection6] INFO  impl.RoleInfo (RoleInfo.java:shutdownLeaderElection(134)) - 1cb81857-6495-4479-8124-808fc28ebfe2: shutdown LeaderElection
2019-09-26 16:34:44,346 [1cb81857-6495-4479-8124-808fc28ebfe2@group-0EA23F1C529B:LeaderElection6] INFO  impl.RaftServerImpl (RaftServerImpl.java:setRole(174)) - 1cb81857-6495-4479-8124-808fc28ebfe2@group-0EA23F1C529B: changes role from CANDIDATE to LEADER at term 1 for changeToLeader
2019-09-26 16:34:44,346 [1cb81857-6495-4479-8124-808fc28ebfe2@group-0EA23F1C529B:LeaderElection6] INFO  impl.RaftServerImpl (ServerState.java:setLeader(253)) - 1cb81857-6495-4479-8124-808fc28ebfe2@group-0EA23F1C529B: change Leader from null to 1cb81857-6495-4479-8124-808fc28ebfe2 at term 1 for becomeLeader, leader elected after 1115ms
2019-09-26 16:34:44,346 [1cb81857-6495-4479-8124-808fc28ebfe2@group-0EA23F1C529B:LeaderElection6] INFO  server.RaftServerConfigKeys (ConfUtils.java:logGet(43)) - raft.server.staging.catchup.gap = 1000 (default)
2019-09-26 16:34:44,347 [1cb81857-6495-4479-8124-808fc28ebfe2@group-0EA23F1C529B:LeaderElection6] INFO  server.RaftServerConfigKeys (ConfUtils.java:logGet(43)) - raft.server.rpc.sleep.time = 25ms (default)
2019-09-26 16:34:44,347 [1cb81857-6495-4479-8124-808fc28ebfe2@group-0EA23F1C529B:LeaderElection6] INFO  server.RaftServerConfigKeys (ConfUtils.java:logGet(43)) - raft.server.write.element-limit = 4096 (default)
2019-09-26 16:34:44,347 [1cb81857-6495-4479-8124-808fc28ebfe2@group-0EA23F1C529B:LeaderElection6] INFO  server.RaftServerConfigKeys (ConfUtils.java:logGet(43)) - raft.server.watch.timeout = 10s (default)
2019-09-26 16:34:44,347 [1cb81857-6495-4479-8124-808fc28ebfe2@group-0EA23F1C529B:LeaderElection6] INFO  server.RaftServerConfigKeys (ConfUtils.java:logGet(43)) - raft.server.watch.timeout.denomination = 1s (default)
2019-09-26 16:34:44,347 [1cb81857-6495-4479-8124-808fc28ebfe2@group-0EA23F1C529B:LeaderElection6] INFO  server.RaftServerConfigKeys (ConfUtils.java:logGet(43)) - raft.server.watch.element-limit = 65536 (default)
2019-09-26 16:34:44,351 [1cb81857-6495-4479-8124-808fc28ebfe2@group-0EA23F1C529B:LeaderElection6] INFO  impl.RoleInfo (RoleInfo.java:updateAndGet(143)) - 1cb81857-6495-4479-8124-808fc28ebfe2: start LeaderState
2019-09-26 16:34:44,351 [1cb81857-6495-4479-8124-808fc28ebfe2@group-0EA23F1C529B:LeaderElection6] INFO  segmented.SegmentedRaftLogWorker (SegmentedRaftLogWorker.java:startLogSegment(380)) - 1cb81857-6495-4479-8124-808fc28ebfe2@group-0EA23F1C529B-SegmentedRaftLogWorker: Starting segment from index:0
2019-09-26 16:34:44,352 [1cb81857-6495-4479-8124-808fc28ebfe2@group-0EA23F1C529B:LeaderElection6] INFO  impl.RaftServerImpl (ServerState.java:setRaftConf(354)) - 1cb81857-6495-4479-8124-808fc28ebfe2@group-0EA23F1C529B: set configuration 0: [1cb81857-6495-4479-8124-808fc28ebfe2:192.168.157.234:42169], old=null at 0
2019-09-26 16:34:44,407 [1cb81857-6495-4479-8124-808fc28ebfe2@group-0EA23F1C529B-SegmentedRaftLogWorker] INFO  segmented.SegmentedRaftLogWorker (SegmentedRaftLogWorker.java:execute(569)) - 1cb81857-6495-4479-8124-808fc28ebfe2@group-0EA23F1C529B-SegmentedRaftLogWorker: created new log segment /workdir/hadoop-ozone/integration-test/target/test-dir/MiniOzoneClusterImpl-b5ca4ec9-472d-464d-82c8-bb75eaf95e3a/datanode-4/data/ratis/a45aeb4a-7109-4e44-8b84-0ea23f1c529b/current/log_inprogress_0
2019-09-26 16:34:44,434 [Thread-303] INFO  impl.FollowerState (FollowerState.java:run(106)) - 543c4478-56da-43d0-bc7b-befbdfd1ac53:group-39ACB0EE06EE changes to CANDIDATE, lastRpcTime:1110, electionTimeout:1110ms
2019-09-26 16:34:44,434 [Thread-303] INFO  impl.RoleInfo (RoleInfo.java:shutdownFollowerState(121)) - 543c4478-56da-43d0-bc7b-befbdfd1ac53: shutdown FollowerState
2019-09-26 16:34:44,434 [Thread-303] INFO  impl.RaftServerImpl (RaftServerImpl.java:setRole(174)) - 543c4478-56da-43d0-bc7b-befbdfd1ac53@group-39ACB0EE06EE: changes role from  FOLLOWER to CANDIDATE at term 0 for changeToCandidate
2019-09-26 16:34:44,435 [Thread-303] INFO  impl.RoleInfo (RoleInfo.java:updateAndGet(143)) - 543c4478-56da-43d0-bc7b-befbdfd1ac53: start LeaderElection
2019-09-26 16:34:44,453 [543c4478-56da-43d0-bc7b-befbdfd1ac53@group-39ACB0EE06EE:LeaderElection7] INFO  impl.LeaderElection (LeaderElection.java:askForVotes(182)) - 543c4478-56da-43d0-bc7b-befbdfd1ac53@group-39ACB0EE06EE:LeaderElection7: begin an election at term 1 for -1: [543c4478-56da-43d0-bc7b-befbdfd1ac53:192.168.157.234:44484], old=null
2019-09-26 16:34:44,454 [543c4478-56da-43d0-bc7b-befbdfd1ac53@group-39ACB0EE06EE:LeaderElection7] INFO  impl.RoleInfo (RoleInfo.java:shutdownLeaderElection(134)) - 543c4478-56da-43d0-bc7b-befbdfd1ac53: shutdown LeaderElection
2019-09-26 16:34:44,454 [543c4478-56da-43d0-bc7b-befbdfd1ac53@group-39ACB0EE06EE:LeaderElection7] INFO  impl.RaftServerImpl (RaftServerImpl.java:setRole(174)) - 543c4478-56da-43d0-bc7b-befbdfd1ac53@group-39ACB0EE06EE: changes role from CANDIDATE to LEADER at term 1 for changeToLeader
2019-09-26 16:34:44,454 [543c4478-56da-43d0-bc7b-befbdfd1ac53@group-39ACB0EE06EE:LeaderElection7] INFO  impl.RaftServerImpl (ServerState.java:setLeader(253)) - 543c4478-56da-43d0-bc7b-befbdfd1ac53@group-39ACB0EE06EE: change Leader from null to 543c4478-56da-43d0-bc7b-befbdfd1ac53 at term 1 for becomeLeader, leader elected after 1143ms
2019-09-26 16:34:44,454 [543c4478-56da-43d0-bc7b-befbdfd1ac53@group-39ACB0EE06EE:LeaderElection7] INFO  server.RaftServerConfigKeys (ConfUtils.java:logGet(43)) - raft.server.staging.catchup.gap = 1000 (default)
2019-09-26 16:34:44,454 [543c4478-56da-43d0-bc7b-befbdfd1ac53@group-39ACB0EE06EE:LeaderElection7] INFO  server.RaftServerConfigKeys (ConfUtils.java:logGet(43)) - raft.server.rpc.sleep.time = 25ms (default)
2019-09-26 16:34:44,454 [543c4478-56da-43d0-bc7b-befbdfd1ac53@group-39ACB0EE06EE:LeaderElection7] INFO  server.RaftServerConfigKeys (ConfUtils.java:logGet(43)) - raft.server.write.element-limit = 4096 (default)
2019-09-26 16:34:44,455 [543c4478-56da-43d0-bc7b-befbdfd1ac53@group-39ACB0EE06EE:LeaderElection7] INFO  server.RaftServerConfigKeys (ConfUtils.java:logGet(43)) - raft.server.watch.timeout = 10s (default)
2019-09-26 16:34:44,455 [543c4478-56da-43d0-bc7b-befbdfd1ac53@group-39ACB0EE06EE:LeaderElection7] INFO  server.RaftServerConfigKeys (ConfUtils.java:logGet(43)) - raft.server.watch.timeout.denomination = 1s (default)
2019-09-26 16:34:44,455 [543c4478-56da-43d0-bc7b-befbdfd1ac53@group-39ACB0EE06EE:LeaderElection7] INFO  server.RaftServerConfigKeys (ConfUtils.java:logGet(43)) - raft.server.watch.element-limit = 65536 (default)
2019-09-26 16:34:44,458 [543c4478-56da-43d0-bc7b-befbdfd1ac53@group-39ACB0EE06EE:LeaderElection7] INFO  impl.RoleInfo (RoleInfo.java:updateAndGet(143)) - 543c4478-56da-43d0-bc7b-befbdfd1ac53: start LeaderState
2019-09-26 16:34:44,458 [543c4478-56da-43d0-bc7b-befbdfd1ac53@group-39ACB0EE06EE:LeaderElection7] INFO  segmented.SegmentedRaftLogWorker (SegmentedRaftLogWorker.java:startLogSegment(380)) - 543c4478-56da-43d0-bc7b-befbdfd1ac53@group-39ACB0EE06EE-SegmentedRaftLogWorker: Starting segment from index:0
2019-09-26 16:34:44,459 [543c4478-56da-43d0-bc7b-befbdfd1ac53@group-39ACB0EE06EE:LeaderElection7] INFO  impl.RaftServerImpl (ServerState.java:setRaftConf(354)) - 543c4478-56da-43d0-bc7b-befbdfd1ac53@group-39ACB0EE06EE: set configuration 0: [543c4478-56da-43d0-bc7b-befbdfd1ac53:192.168.157.234:44484], old=null at 0
2019-09-26 16:34:44,508 [543c4478-56da-43d0-bc7b-befbdfd1ac53@group-39ACB0EE06EE-SegmentedRaftLogWorker] INFO  segmented.SegmentedRaftLogWorker (SegmentedRaftLogWorker.java:execute(569)) - 543c4478-56da-43d0-bc7b-befbdfd1ac53@group-39ACB0EE06EE-SegmentedRaftLogWorker: created new log segment /workdir/hadoop-ozone/integration-test/target/test-dir/MiniOzoneClusterImpl-b5ca4ec9-472d-464d-82c8-bb75eaf95e3a/datanode-6/data/ratis/bc134d57-e24d-44d3-b799-39acb0ee06ee/current/log_inprogress_0
2019-09-26 16:34:44,563 [Thread-283] INFO  container.ReplicationManager (ReplicationManager.java:start(162)) - Starting Replication Monitor Thread.
2019-09-26 16:34:44,565 [ReplicationMonitor] INFO  container.ReplicationManager (ReplicationManager.java:run(225)) - Replication Monitor Thread took 1 milliseconds for processing 0 containers.
2019-09-26 16:34:44,600 [Thread-306] INFO  impl.FollowerState (FollowerState.java:run(106)) - f9bb6cb5-24ba-4926-b442-6d897d5c3f6a:group-130FBBD47B3E changes to CANDIDATE, lastRpcTime:1189, electionTimeout:1189ms
2019-09-26 16:34:44,600 [Thread-306] INFO  impl.RoleInfo (RoleInfo.java:shutdownFollowerState(121)) - f9bb6cb5-24ba-4926-b442-6d897d5c3f6a: shutdown FollowerState
2019-09-26 16:34:44,600 [Thread-306] INFO  impl.RaftServerImpl (RaftServerImpl.java:setRole(174)) - f9bb6cb5-24ba-4926-b442-6d897d5c3f6a@group-130FBBD47B3E: changes role from  FOLLOWER to CANDIDATE at term 0 for changeToCandidate
2019-09-26 16:34:44,601 [Thread-306] INFO  impl.RoleInfo (RoleInfo.java:updateAndGet(143)) - f9bb6cb5-24ba-4926-b442-6d897d5c3f6a: start LeaderElection
2019-09-26 16:34:44,610 [Thread-314] INFO  impl.FollowerState (FollowerState.java:run(106)) - 05cbe63e-a985-40d9-b8c8-c9fa1f238747:group-F6B005432D10 changes to CANDIDATE, lastRpcTime:1003, electionTimeout:1003ms
2019-09-26 16:34:44,610 [Thread-314] INFO  impl.RoleInfo (RoleInfo.java:shutdownFollowerState(121)) - 05cbe63e-a985-40d9-b8c8-c9fa1f238747: shutdown FollowerState
2019-09-26 16:34:44,610 [Thread-314] INFO  impl.RaftServerImpl (RaftServerImpl.java:setRole(174)) - 05cbe63e-a985-40d9-b8c8-c9fa1f238747@group-F6B005432D10: changes role from  FOLLOWER to CANDIDATE at term 0 for changeToCandidate
2019-09-26 16:34:44,611 [Thread-314] INFO  impl.RoleInfo (RoleInfo.java:updateAndGet(143)) - 05cbe63e-a985-40d9-b8c8-c9fa1f238747: start LeaderElection
2019-09-26 16:34:44,621 [f9bb6cb5-24ba-4926-b442-6d897d5c3f6a@group-130FBBD47B3E:LeaderElection8] INFO  impl.LeaderElection (LeaderElection.java:askForVotes(182)) - f9bb6cb5-24ba-4926-b442-6d897d5c3f6a@group-130FBBD47B3E:LeaderElection8: begin an election at term 1 for -1: [f9bb6cb5-24ba-4926-b442-6d897d5c3f6a:192.168.157.234:36804], old=null
2019-09-26 16:34:44,621 [05cbe63e-a985-40d9-b8c8-c9fa1f238747@group-F6B005432D10:LeaderElection9] INFO  impl.LeaderElection (LeaderElection.java:askForVotes(182)) - 05cbe63e-a985-40d9-b8c8-c9fa1f238747@group-F6B005432D10:LeaderElection9: begin an election at term 1 for -1: [05cbe63e-a985-40d9-b8c8-c9fa1f238747:192.168.157.234:37989], old=null
2019-09-26 16:34:44,621 [f9bb6cb5-24ba-4926-b442-6d897d5c3f6a@group-130FBBD47B3E:LeaderElection8] INFO  impl.RoleInfo (RoleInfo.java:shutdownLeaderElection(134)) - f9bb6cb5-24ba-4926-b442-6d897d5c3f6a: shutdown LeaderElection
2019-09-26 16:34:44,622 [05cbe63e-a985-40d9-b8c8-c9fa1f238747@group-F6B005432D10:LeaderElection9] INFO  impl.RoleInfo (RoleInfo.java:shutdownLeaderElection(134)) - 05cbe63e-a985-40d9-b8c8-c9fa1f238747: shutdown LeaderElection
2019-09-26 16:34:44,622 [f9bb6cb5-24ba-4926-b442-6d897d5c3f6a@group-130FBBD47B3E:LeaderElection8] INFO  impl.RaftServerImpl (RaftServerImpl.java:setRole(174)) - f9bb6cb5-24ba-4926-b442-6d897d5c3f6a@group-130FBBD47B3E: changes role from CANDIDATE to LEADER at term 1 for changeToLeader
2019-09-26 16:34:44,622 [05cbe63e-a985-40d9-b8c8-c9fa1f238747@group-F6B005432D10:LeaderElection9] INFO  impl.RaftServerImpl (RaftServerImpl.java:setRole(174)) - 05cbe63e-a985-40d9-b8c8-c9fa1f238747@group-F6B005432D10: changes role from CANDIDATE to LEADER at term 1 for changeToLeader
2019-09-26 16:34:44,622 [f9bb6cb5-24ba-4926-b442-6d897d5c3f6a@group-130FBBD47B3E:LeaderElection8] INFO  impl.RaftServerImpl (ServerState.java:setLeader(253)) - f9bb6cb5-24ba-4926-b442-6d897d5c3f6a@group-130FBBD47B3E: change Leader from null to f9bb6cb5-24ba-4926-b442-6d897d5c3f6a at term 1 for becomeLeader, leader elected after 1227ms
2019-09-26 16:34:44,622 [05cbe63e-a985-40d9-b8c8-c9fa1f238747@group-F6B005432D10:LeaderElection9] INFO  impl.RaftServerImpl (ServerState.java:setLeader(253)) - 05cbe63e-a985-40d9-b8c8-c9fa1f238747@group-F6B005432D10: change Leader from null to 05cbe63e-a985-40d9-b8c8-c9fa1f238747 at term 1 for becomeLeader, leader elected after 1032ms
2019-09-26 16:34:44,622 [f9bb6cb5-24ba-4926-b442-6d897d5c3f6a@group-130FBBD47B3E:LeaderElection8] INFO  server.RaftServerConfigKeys (ConfUtils.java:logGet(43)) - raft.server.staging.catchup.gap = 1000 (default)
2019-09-26 16:34:44,622 [05cbe63e-a985-40d9-b8c8-c9fa1f238747@group-F6B005432D10:LeaderElection9] INFO  server.RaftServerConfigKeys (ConfUtils.java:logGet(43)) - raft.server.staging.catchup.gap = 1000 (default)
2019-09-26 16:34:44,623 [f9bb6cb5-24ba-4926-b442-6d897d5c3f6a@group-130FBBD47B3E:LeaderElection8] INFO  server.RaftServerConfigKeys (ConfUtils.java:logGet(43)) - raft.server.rpc.sleep.time = 25ms (default)
2019-09-26 16:34:44,623 [05cbe63e-a985-40d9-b8c8-c9fa1f238747@group-F6B005432D10:LeaderElection9] INFO  server.RaftServerConfigKeys (ConfUtils.java:logGet(43)) - raft.server.rpc.sleep.time = 25ms (default)
2019-09-26 16:34:44,623 [f9bb6cb5-24ba-4926-b442-6d897d5c3f6a@group-130FBBD47B3E:LeaderElection8] INFO  server.RaftServerConfigKeys (ConfUtils.java:logGet(43)) - raft.server.write.element-limit = 4096 (default)
2019-09-26 16:34:44,623 [05cbe63e-a985-40d9-b8c8-c9fa1f238747@group-F6B005432D10:LeaderElection9] INFO  server.RaftServerConfigKeys (ConfUtils.java:logGet(43)) - raft.server.write.element-limit = 4096 (default)
2019-09-26 16:34:44,623 [f9bb6cb5-24ba-4926-b442-6d897d5c3f6a@group-130FBBD47B3E:LeaderElection8] INFO  server.RaftServerConfigKeys (ConfUtils.java:logGet(43)) - raft.server.watch.timeout = 10s (default)
2019-09-26 16:34:44,623 [05cbe63e-a985-40d9-b8c8-c9fa1f238747@group-F6B005432D10:LeaderElection9] INFO  server.RaftServerConfigKeys (ConfUtils.java:logGet(43)) - raft.server.watch.timeout = 10s (default)
2019-09-26 16:34:44,623 [f9bb6cb5-24ba-4926-b442-6d897d5c3f6a@group-130FBBD47B3E:LeaderElection8] INFO  server.RaftServerConfigKeys (ConfUtils.java:logGet(43)) - raft.server.watch.timeout.denomination = 1s (default)
2019-09-26 16:34:44,624 [05cbe63e-a985-40d9-b8c8-c9fa1f238747@group-F6B005432D10:LeaderElection9] INFO  server.RaftServerConfigKeys (ConfUtils.java:logGet(43)) - raft.server.watch.timeout.denomination = 1s (default)
2019-09-26 16:34:44,624 [f9bb6cb5-24ba-4926-b442-6d897d5c3f6a@group-130FBBD47B3E:LeaderElection8] INFO  server.RaftServerConfigKeys (ConfUtils.java:logGet(43)) - raft.server.watch.element-limit = 65536 (default)
2019-09-26 16:34:44,624 [05cbe63e-a985-40d9-b8c8-c9fa1f238747@group-F6B005432D10:LeaderElection9] INFO  server.RaftServerConfigKeys (ConfUtils.java:logGet(43)) - raft.server.watch.element-limit = 65536 (default)
2019-09-26 16:34:44,628 [f9bb6cb5-24ba-4926-b442-6d897d5c3f6a@group-130FBBD47B3E:LeaderElection8] INFO  impl.RoleInfo (RoleInfo.java:updateAndGet(143)) - f9bb6cb5-24ba-4926-b442-6d897d5c3f6a: start LeaderState
2019-09-26 16:34:44,628 [f9bb6cb5-24ba-4926-b442-6d897d5c3f6a@group-130FBBD47B3E:LeaderElection8] INFO  segmented.SegmentedRaftLogWorker (SegmentedRaftLogWorker.java:startLogSegment(380)) - f9bb6cb5-24ba-4926-b442-6d897d5c3f6a@group-130FBBD47B3E-SegmentedRaftLogWorker: Starting segment from index:0
2019-09-26 16:34:44,629 [05cbe63e-a985-40d9-b8c8-c9fa1f238747@group-F6B005432D10:LeaderElection9] INFO  impl.RoleInfo (RoleInfo.java:updateAndGet(143)) - 05cbe63e-a985-40d9-b8c8-c9fa1f238747: start LeaderState
2019-09-26 16:34:44,629 [f9bb6cb5-24ba-4926-b442-6d897d5c3f6a@group-130FBBD47B3E:LeaderElection8] INFO  impl.RaftServerImpl (ServerState.java:setRaftConf(354)) - f9bb6cb5-24ba-4926-b442-6d897d5c3f6a@group-130FBBD47B3E: set configuration 0: [f9bb6cb5-24ba-4926-b442-6d897d5c3f6a:192.168.157.234:36804], old=null at 0
2019-09-26 16:34:44,664 [05cbe63e-a985-40d9-b8c8-c9fa1f238747@group-F6B005432D10:LeaderElection9] INFO  segmented.SegmentedRaftLogWorker (SegmentedRaftLogWorker.java:startLogSegment(380)) - 05cbe63e-a985-40d9-b8c8-c9fa1f238747@group-F6B005432D10-SegmentedRaftLogWorker: Starting segment from index:0
2019-09-26 16:34:44,668 [05cbe63e-a985-40d9-b8c8-c9fa1f238747@group-F6B005432D10:LeaderElection9] INFO  impl.RaftServerImpl (ServerState.java:setRaftConf(354)) - 05cbe63e-a985-40d9-b8c8-c9fa1f238747@group-F6B005432D10: set configuration 0: [05cbe63e-a985-40d9-b8c8-c9fa1f238747:192.168.157.234:37989], old=null at 0
2019-09-26 16:34:44,689 [Thread-309] INFO  impl.FollowerState (FollowerState.java:run(106)) - 2d203acc-2876-43cc-a645-52d5b2311198:group-E7BE835810E1 changes to CANDIDATE, lastRpcTime:1182, electionTimeout:1178ms
2019-09-26 16:34:44,689 [f9bb6cb5-24ba-4926-b442-6d897d5c3f6a@group-130FBBD47B3E-SegmentedRaftLogWorker] INFO  segmented.SegmentedRaftLogWorker (SegmentedRaftLogWorker.java:execute(569)) - f9bb6cb5-24ba-4926-b442-6d897d5c3f6a@group-130FBBD47B3E-SegmentedRaftLogWorker: created new log segment /workdir/hadoop-ozone/integration-test/target/test-dir/MiniOzoneClusterImpl-b5ca4ec9-472d-464d-82c8-bb75eaf95e3a/datanode-5/data/ratis/2dabaf5c-fa90-4eef-8055-130fbbd47b3e/current/log_inprogress_0
2019-09-26 16:34:44,689 [main] INFO  ipc.Client (Client.java:handleConnectionFailure(948)) - Retrying connect to server: localhost/127.0.0.1:0. Already tried 0 time(s); retry policy is RetryUpToMaximumCountWithFixedSleep(maxRetries=10, sleepTime=1000 MILLISECONDS)
2019-09-26 16:34:44,689 [Thread-309] INFO  impl.RoleInfo (RoleInfo.java:shutdownFollowerState(121)) - 2d203acc-2876-43cc-a645-52d5b2311198: shutdown FollowerState
2019-09-26 16:34:44,693 [Thread-309] INFO  impl.RaftServerImpl (RaftServerImpl.java:setRole(174)) - 2d203acc-2876-43cc-a645-52d5b2311198@group-E7BE835810E1: changes role from  FOLLOWER to CANDIDATE at term 0 for changeToCandidate
2019-09-26 16:34:44,694 [Thread-309] INFO  impl.RoleInfo (RoleInfo.java:updateAndGet(143)) - 2d203acc-2876-43cc-a645-52d5b2311198: start LeaderElection
2019-09-26 16:34:44,702 [05cbe63e-a985-40d9-b8c8-c9fa1f238747@group-F6B005432D10-SegmentedRaftLogWorker] INFO  segmented.SegmentedRaftLogWorker (SegmentedRaftLogWorker.java:execute(569)) - 05cbe63e-a985-40d9-b8c8-c9fa1f238747@group-F6B005432D10-SegmentedRaftLogWorker: created new log segment /workdir/hadoop-ozone/integration-test/target/test-dir/MiniOzoneClusterImpl-b5ca4ec9-472d-464d-82c8-bb75eaf95e3a/datanode-8/data/ratis/ae5bf4f6-5016-4ce0-aaeb-f6b005432d10/current/log_inprogress_0
2019-09-26 16:34:44,705 [2d203acc-2876-43cc-a645-52d5b2311198@group-E7BE835810E1:LeaderElection10] INFO  impl.LeaderElection (LeaderElection.java:askForVotes(182)) - 2d203acc-2876-43cc-a645-52d5b2311198@group-E7BE835810E1:LeaderElection10: begin an election at term 1 for -1: [2d203acc-2876-43cc-a645-52d5b2311198:192.168.157.234:38739], old=null
2019-09-26 16:34:44,705 [2d203acc-2876-43cc-a645-52d5b2311198@group-E7BE835810E1:LeaderElection10] INFO  impl.RoleInfo (RoleInfo.java:shutdownLeaderElection(134)) - 2d203acc-2876-43cc-a645-52d5b2311198: shutdown LeaderElection
2019-09-26 16:34:44,705 [2d203acc-2876-43cc-a645-52d5b2311198@group-E7BE835810E1:LeaderElection10] INFO  impl.RaftServerImpl (RaftServerImpl.java:setRole(174)) - 2d203acc-2876-43cc-a645-52d5b2311198@group-E7BE835810E1: changes role from CANDIDATE to LEADER at term 1 for changeToLeader
2019-09-26 16:34:44,706 [2d203acc-2876-43cc-a645-52d5b2311198@group-E7BE835810E1:LeaderElection10] INFO  impl.RaftServerImpl (ServerState.java:setLeader(253)) - 2d203acc-2876-43cc-a645-52d5b2311198@group-E7BE835810E1: change Leader from null to 2d203acc-2876-43cc-a645-52d5b2311198 at term 1 for becomeLeader, leader elected after 1212ms
2019-09-26 16:34:44,706 [2d203acc-2876-43cc-a645-52d5b2311198@group-E7BE835810E1:LeaderElection10] INFO  server.RaftServerConfigKeys (ConfUtils.java:logGet(43)) - raft.server.staging.catchup.gap = 1000 (default)
2019-09-26 16:34:44,706 [2d203acc-2876-43cc-a645-52d5b2311198@group-E7BE835810E1:LeaderElection10] INFO  server.RaftServerConfigKeys (ConfUtils.java:logGet(43)) - raft.server.rpc.sleep.time = 25ms (default)
2019-09-26 16:34:44,706 [2d203acc-2876-43cc-a645-52d5b2311198@group-E7BE835810E1:LeaderElection10] INFO  server.RaftServerConfigKeys (ConfUtils.java:logGet(43)) - raft.server.write.element-limit = 4096 (default)
2019-09-26 16:34:44,707 [2d203acc-2876-43cc-a645-52d5b2311198@group-E7BE835810E1:LeaderElection10] INFO  server.RaftServerConfigKeys (ConfUtils.java:logGet(43)) - raft.server.watch.timeout = 10s (default)
2019-09-26 16:34:44,707 [2d203acc-2876-43cc-a645-52d5b2311198@group-E7BE835810E1:LeaderElection10] INFO  server.RaftServerConfigKeys (ConfUtils.java:logGet(43)) - raft.server.watch.timeout.denomination = 1s (default)
2019-09-26 16:34:44,707 [2d203acc-2876-43cc-a645-52d5b2311198@group-E7BE835810E1:LeaderElection10] INFO  server.RaftServerConfigKeys (ConfUtils.java:logGet(43)) - raft.server.watch.element-limit = 65536 (default)
2019-09-26 16:34:44,727 [Thread-322] INFO  impl.FollowerState (FollowerState.java:run(106)) - 4d7b7b0b-d4b2-4e9e-949c-b3d401b8342c:group-9108ADE1020B changes to CANDIDATE, lastRpcTime:1023, electionTimeout:1017ms
2019-09-26 16:34:44,752 [Thread-322] INFO  impl.RoleInfo (RoleInfo.java:shutdownFollowerState(121)) - 4d7b7b0b-d4b2-4e9e-949c-b3d401b8342c: shutdown FollowerState
2019-09-26 16:34:44,755 [Thread-322] INFO  impl.RaftServerImpl (RaftServerImpl.java:setRole(174)) - 4d7b7b0b-d4b2-4e9e-949c-b3d401b8342c@group-9108ADE1020B: changes role from  FOLLOWER to CANDIDATE at term 0 for changeToCandidate
2019-09-26 16:34:44,774 [Thread-322] INFO  impl.RoleInfo (RoleInfo.java:updateAndGet(143)) - 4d7b7b0b-d4b2-4e9e-949c-b3d401b8342c: start LeaderElection
2019-09-26 16:34:44,803 [4d7b7b0b-d4b2-4e9e-949c-b3d401b8342c@group-9108ADE1020B:LeaderElection11] INFO  impl.LeaderElection (LeaderElection.java:askForVotes(182)) - 4d7b7b0b-d4b2-4e9e-949c-b3d401b8342c@group-9108ADE1020B:LeaderElection11: begin an election at term 1 for -1: [4d7b7b0b-d4b2-4e9e-949c-b3d401b8342c:192.168.157.234:44365, 837115f0-6bdf-4bb0-a918-7bab3585449b:192.168.157.234:40176, 9221d1d4-f927-4b56-ab16-f2eacc87aadd:192.168.157.234:40823], old=null
2019-09-26 16:34:44,832 [Thread-320] INFO  impl.FollowerState (FollowerState.java:run(106)) - 837115f0-6bdf-4bb0-a918-7bab3585449b:group-9108ADE1020B changes to CANDIDATE, lastRpcTime:1141, electionTimeout:1141ms
2019-09-26 16:34:44,857 [Thread-320] INFO  impl.RoleInfo (RoleInfo.java:shutdownFollowerState(121)) - 837115f0-6bdf-4bb0-a918-7bab3585449b: shutdown FollowerState
2019-09-26 16:34:44,869 [Thread-333] INFO  impl.FollowerState (FollowerState.java:run(106)) - e92f8c69-4518-4ec8-914d-310b697ee99a:group-91D24425D7B5 changes to CANDIDATE, lastRpcTime:1028, electionTimeout:1024ms
2019-09-26 16:34:44,869 [Thread-320] INFO  impl.RaftServerImpl (RaftServerImpl.java:setRole(174)) - 837115f0-6bdf-4bb0-a918-7bab3585449b@group-9108ADE1020B: changes role from  FOLLOWER to CANDIDATE at term 0 for changeToCandidate
2019-09-26 16:34:44,869 [Thread-331] INFO  impl.FollowerState (FollowerState.java:run(106)) - 1cb81857-6495-4479-8124-808fc28ebfe2:group-91D24425D7B5 changes to CANDIDATE, lastRpcTime:1036, electionTimeout:1017ms
2019-09-26 16:34:44,872 [Thread-333] INFO  impl.RoleInfo (RoleInfo.java:shutdownFollowerState(121)) - e92f8c69-4518-4ec8-914d-310b697ee99a: shutdown FollowerState
2019-09-26 16:34:44,872 [Thread-331] INFO  impl.RoleInfo (RoleInfo.java:shutdownFollowerState(121)) - 1cb81857-6495-4479-8124-808fc28ebfe2: shutdown FollowerState
2019-09-26 16:34:44,872 [Thread-320] INFO  impl.RoleInfo (RoleInfo.java:updateAndGet(143)) - 837115f0-6bdf-4bb0-a918-7bab3585449b: start LeaderElection
2019-09-26 16:34:44,872 [Thread-331] INFO  impl.RaftServerImpl (RaftServerImpl.java:setRole(174)) - 1cb81857-6495-4479-8124-808fc28ebfe2@group-91D24425D7B5: changes role from  FOLLOWER to CANDIDATE at term 0 for changeToCandidate
2019-09-26 16:34:44,872 [Thread-333] INFO  impl.RaftServerImpl (RaftServerImpl.java:setRole(174)) - e92f8c69-4518-4ec8-914d-310b697ee99a@group-91D24425D7B5: changes role from  FOLLOWER to CANDIDATE at term 0 for changeToCandidate
2019-09-26 16:34:44,875 [Thread-323] INFO  impl.FollowerState (FollowerState.java:run(106)) - 9221d1d4-f927-4b56-ab16-f2eacc87aadd:group-9108ADE1020B changes to CANDIDATE, lastRpcTime:1174, electionTimeout:1174ms
2019-09-26 16:34:44,875 [Thread-323] INFO  impl.RoleInfo (RoleInfo.java:shutdownFollowerState(121)) - 9221d1d4-f927-4b56-ab16-f2eacc87aadd: shutdown FollowerState
2019-09-26 16:34:44,875 [Thread-323] INFO  impl.RaftServerImpl (RaftServerImpl.java:setRole(174)) - 9221d1d4-f927-4b56-ab16-f2eacc87aadd@group-9108ADE1020B: changes role from  FOLLOWER to CANDIDATE at term 0 for changeToCandidate
2019-09-26 16:34:44,904 [Thread-323] INFO  impl.RoleInfo (RoleInfo.java:updateAndGet(143)) - 9221d1d4-f927-4b56-ab16-f2eacc87aadd: start LeaderElection
2019-09-26 16:34:44,904 [Thread-331] INFO  impl.RoleInfo (RoleInfo.java:updateAndGet(143)) - 1cb81857-6495-4479-8124-808fc28ebfe2: start LeaderElection
2019-09-26 16:34:44,904 [Thread-333] INFO  impl.RoleInfo (RoleInfo.java:updateAndGet(143)) - e92f8c69-4518-4ec8-914d-310b697ee99a: start LeaderElection
2019-09-26 16:34:44,953 [e92f8c69-4518-4ec8-914d-310b697ee99a@group-91D24425D7B5:LeaderElection14] INFO  impl.LeaderElection (LeaderElection.java:askForVotes(182)) - e92f8c69-4518-4ec8-914d-310b697ee99a@group-91D24425D7B5:LeaderElection14: begin an election at term 1 for -1: [acb5cb05-bd62-40bc-82c8-ae32f2a7d477:192.168.157.234:45827, 1cb81857-6495-4479-8124-808fc28ebfe2:192.168.157.234:42169, e92f8c69-4518-4ec8-914d-310b697ee99a:192.168.157.234:37423], old=null
2019-09-26 16:34:44,953 [1cb81857-6495-4479-8124-808fc28ebfe2@group-91D24425D7B5:LeaderElection13] INFO  impl.LeaderElection (LeaderElection.java:askForVotes(182)) - 1cb81857-6495-4479-8124-808fc28ebfe2@group-91D24425D7B5:LeaderElection13: begin an election at term 1 for -1: [acb5cb05-bd62-40bc-82c8-ae32f2a7d477:192.168.157.234:45827, 1cb81857-6495-4479-8124-808fc28ebfe2:192.168.157.234:42169, e92f8c69-4518-4ec8-914d-310b697ee99a:192.168.157.234:37423], old=null
2019-09-26 16:34:44,954 [9221d1d4-f927-4b56-ab16-f2eacc87aadd@group-9108ADE1020B:LeaderElection15] INFO  impl.LeaderElection (LeaderElection.java:askForVotes(182)) - 9221d1d4-f927-4b56-ab16-f2eacc87aadd@group-9108ADE1020B:LeaderElection15: begin an election at term 1 for -1: [4d7b7b0b-d4b2-4e9e-949c-b3d401b8342c:192.168.157.234:44365, 837115f0-6bdf-4bb0-a918-7bab3585449b:192.168.157.234:40176, 9221d1d4-f927-4b56-ab16-f2eacc87aadd:192.168.157.234:40823], old=null
2019-09-26 16:34:44,953 [837115f0-6bdf-4bb0-a918-7bab3585449b@group-9108ADE1020B:LeaderElection12] INFO  impl.LeaderElection (LeaderElection.java:askForVotes(182)) - 837115f0-6bdf-4bb0-a918-7bab3585449b@group-9108ADE1020B:LeaderElection12: begin an election at term 1 for -1: [4d7b7b0b-d4b2-4e9e-949c-b3d401b8342c:192.168.157.234:44365, 837115f0-6bdf-4bb0-a918-7bab3585449b:192.168.157.234:40176, 9221d1d4-f927-4b56-ab16-f2eacc87aadd:192.168.157.234:40823], old=null
2019-09-26 16:34:45,010 [Thread-332] INFO  impl.FollowerState (FollowerState.java:run(106)) - acb5cb05-bd62-40bc-82c8-ae32f2a7d477:group-91D24425D7B5 changes to CANDIDATE, lastRpcTime:1169, electionTimeout:1168ms
2019-09-26 16:34:45,011 [Thread-332] INFO  impl.RoleInfo (RoleInfo.java:shutdownFollowerState(121)) - acb5cb05-bd62-40bc-82c8-ae32f2a7d477: shutdown FollowerState
2019-09-26 16:34:45,013 [Thread-332] INFO  impl.RaftServerImpl (RaftServerImpl.java:setRole(174)) - acb5cb05-bd62-40bc-82c8-ae32f2a7d477@group-91D24425D7B5: changes role from  FOLLOWER to CANDIDATE at term 0 for changeToCandidate
2019-09-26 16:34:45,015 [Thread-332] INFO  impl.RoleInfo (RoleInfo.java:updateAndGet(143)) - acb5cb05-bd62-40bc-82c8-ae32f2a7d477: start LeaderElection
2019-09-26 16:34:45,055 [Thread-345] INFO  impl.FollowerState (FollowerState.java:run(106)) - 543c4478-56da-43d0-bc7b-befbdfd1ac53:group-185BD4C38C74 changes to CANDIDATE, lastRpcTime:1112, electionTimeout:1112ms
2019-09-26 16:34:45,055 [Thread-345] INFO  impl.RoleInfo (RoleInfo.java:shutdownFollowerState(121)) - 543c4478-56da-43d0-bc7b-befbdfd1ac53: shutdown FollowerState
2019-09-26 16:34:45,055 [Thread-345] INFO  impl.RaftServerImpl (RaftServerImpl.java:setRole(174)) - 543c4478-56da-43d0-bc7b-befbdfd1ac53@group-185BD4C38C74: changes role from  FOLLOWER to CANDIDATE at term 0 for changeToCandidate
2019-09-26 16:34:45,059 [Thread-345] INFO  impl.RoleInfo (RoleInfo.java:updateAndGet(143)) - 543c4478-56da-43d0-bc7b-befbdfd1ac53: start LeaderElection
2019-09-26 16:34:45,073 [543c4478-56da-43d0-bc7b-befbdfd1ac53@group-185BD4C38C74:LeaderElection17] INFO  impl.LeaderElection (LeaderElection.java:askForVotes(182)) - 543c4478-56da-43d0-bc7b-befbdfd1ac53@group-185BD4C38C74:LeaderElection17: begin an election at term 1 for -1: [543c4478-56da-43d0-bc7b-befbdfd1ac53:192.168.157.234:44484, f9bb6cb5-24ba-4926-b442-6d897d5c3f6a:192.168.157.234:36804, 2d203acc-2876-43cc-a645-52d5b2311198:192.168.157.234:38739], old=null
2019-09-26 16:34:45,073 [acb5cb05-bd62-40bc-82c8-ae32f2a7d477@group-91D24425D7B5:LeaderElection16] INFO  impl.LeaderElection (LeaderElection.java:askForVotes(182)) - acb5cb05-bd62-40bc-82c8-ae32f2a7d477@group-91D24425D7B5:LeaderElection16: begin an election at term 1 for -1: [acb5cb05-bd62-40bc-82c8-ae32f2a7d477:192.168.157.234:45827, 1cb81857-6495-4479-8124-808fc28ebfe2:192.168.157.234:42169, e92f8c69-4518-4ec8-914d-310b697ee99a:192.168.157.234:37423], old=null
2019-09-26 16:34:45,075 [4d7b7b0b-d4b2-4e9e-949c-b3d401b8342c@group-9108ADE1020B:LeaderElection11] INFO  impl.LeaderElection (LeaderElection.java:logAndReturn(56)) - 4d7b7b0b-d4b2-4e9e-949c-b3d401b8342c@group-9108ADE1020B:LeaderElection11: Election REJECTED; received 2 response(s) [4d7b7b0b-d4b2-4e9e-949c-b3d401b8342c<-837115f0-6bdf-4bb0-a918-7bab3585449b#0:FAIL-t1, 4d7b7b0b-d4b2-4e9e-949c-b3d401b8342c<-9221d1d4-f927-4b56-ab16-f2eacc87aadd#0:FAIL-t1] and 0 exception(s); 4d7b7b0b-d4b2-4e9e-949c-b3d401b8342c@group-9108ADE1020B:t1, leader=null, voted=4d7b7b0b-d4b2-4e9e-949c-b3d401b8342c, raftlog=4d7b7b0b-d4b2-4e9e-949c-b3d401b8342c@group-9108ADE1020B-SegmentedRaftLog:OPENED:c-1,f-1,i0, conf=-1: [4d7b7b0b-d4b2-4e9e-949c-b3d401b8342c:192.168.157.234:44365, 837115f0-6bdf-4bb0-a918-7bab3585449b:192.168.157.234:40176, 9221d1d4-f927-4b56-ab16-f2eacc87aadd:192.168.157.234:40823], old=null
2019-09-26 16:34:45,091 [Thread-342] INFO  impl.FollowerState (FollowerState.java:run(106)) - 2d203acc-2876-43cc-a645-52d5b2311198:group-185BD4C38C74 changes to CANDIDATE, lastRpcTime:1150, electionTimeout:1150ms
2019-09-26 16:34:45,091 [Thread-342] INFO  impl.RoleInfo (RoleInfo.java:shutdownFollowerState(121)) - 2d203acc-2876-43cc-a645-52d5b2311198: shutdown FollowerState
2019-09-26 16:34:45,091 [Thread-342] INFO  impl.RaftServerImpl (RaftServerImpl.java:setRole(174)) - 2d203acc-2876-43cc-a645-52d5b2311198@group-185BD4C38C74: changes role from  FOLLOWER to CANDIDATE at term 0 for changeToCandidate
2019-09-26 16:34:45,094 [Thread-342] INFO  impl.RoleInfo (RoleInfo.java:updateAndGet(143)) - 2d203acc-2876-43cc-a645-52d5b2311198: start LeaderElection
2019-09-26 16:34:45,094 [4d7b7b0b-d4b2-4e9e-949c-b3d401b8342c@group-9108ADE1020B:LeaderElection11] INFO  impl.RaftServerImpl (RaftServerImpl.java:setRole(174)) - 4d7b7b0b-d4b2-4e9e-949c-b3d401b8342c@group-9108ADE1020B: changes role from CANDIDATE to FOLLOWER at term 1 for DISCOVERED_A_NEW_TERM
2019-09-26 16:34:45,101 [4d7b7b0b-d4b2-4e9e-949c-b3d401b8342c@group-9108ADE1020B:LeaderElection11] INFO  impl.RoleInfo (RoleInfo.java:shutdownLeaderElection(134)) - 4d7b7b0b-d4b2-4e9e-949c-b3d401b8342c: shutdown LeaderElection
2019-09-26 16:34:45,102 [4d7b7b0b-d4b2-4e9e-949c-b3d401b8342c@group-9108ADE1020B:LeaderElection11] INFO  impl.RoleInfo (RoleInfo.java:updateAndGet(143)) - 4d7b7b0b-d4b2-4e9e-949c-b3d401b8342c: start FollowerState
2019-09-26 16:34:45,111 [Thread-343] INFO  impl.FollowerState (FollowerState.java:run(106)) - f9bb6cb5-24ba-4926-b442-6d897d5c3f6a:group-185BD4C38C74 changes to CANDIDATE, lastRpcTime:1169, electionTimeout:1166ms
2019-09-26 16:34:45,112 [Thread-343] INFO  impl.RoleInfo (RoleInfo.java:shutdownFollowerState(121)) - f9bb6cb5-24ba-4926-b442-6d897d5c3f6a: shutdown FollowerState
2019-09-26 16:34:45,114 [Thread-343] INFO  impl.RaftServerImpl (RaftServerImpl.java:setRole(174)) - f9bb6cb5-24ba-4926-b442-6d897d5c3f6a@group-185BD4C38C74: changes role from  FOLLOWER to CANDIDATE at term 0 for changeToCandidate
2019-09-26 16:34:45,124 [2d203acc-2876-43cc-a645-52d5b2311198@group-185BD4C38C74:LeaderElection18] INFO  impl.LeaderElection (LeaderElection.java:askForVotes(182)) - 2d203acc-2876-43cc-a645-52d5b2311198@group-185BD4C38C74:LeaderElection18: begin an election at term 1 for -1: [543c4478-56da-43d0-bc7b-befbdfd1ac53:192.168.157.234:44484, f9bb6cb5-24ba-4926-b442-6d897d5c3f6a:192.168.157.234:36804, 2d203acc-2876-43cc-a645-52d5b2311198:192.168.157.234:38739], old=null
2019-09-26 16:34:45,139 [Thread-343] INFO  impl.RoleInfo (RoleInfo.java:updateAndGet(143)) - f9bb6cb5-24ba-4926-b442-6d897d5c3f6a: start LeaderElection
2019-09-26 16:34:45,156 [e92f8c69-4518-4ec8-914d-310b697ee99a@group-91D24425D7B5:LeaderElection14] INFO  impl.LeaderElection (LeaderElection.java:logAndReturn(56)) - e92f8c69-4518-4ec8-914d-310b697ee99a@group-91D24425D7B5:LeaderElection14: Election REJECTED; received 2 response(s) [e92f8c69-4518-4ec8-914d-310b697ee99a<-acb5cb05-bd62-40bc-82c8-ae32f2a7d477#0:FAIL-t1, e92f8c69-4518-4ec8-914d-310b697ee99a<-1cb81857-6495-4479-8124-808fc28ebfe2#0:FAIL-t1] and 0 exception(s); e92f8c69-4518-4ec8-914d-310b697ee99a@group-91D24425D7B5:t1, leader=null, voted=e92f8c69-4518-4ec8-914d-310b697ee99a, raftlog=e92f8c69-4518-4ec8-914d-310b697ee99a@group-91D24425D7B5-SegmentedRaftLog:OPENED:c-1,f-1,i0, conf=-1: [acb5cb05-bd62-40bc-82c8-ae32f2a7d477:192.168.157.234:45827, 1cb81857-6495-4479-8124-808fc28ebfe2:192.168.157.234:42169, e92f8c69-4518-4ec8-914d-310b697ee99a:192.168.157.234:37423], old=null
2019-09-26 16:34:45,160 [f9bb6cb5-24ba-4926-b442-6d897d5c3f6a@group-185BD4C38C74:LeaderElection19] INFO  impl.LeaderElection (LeaderElection.java:askForVotes(182)) - f9bb6cb5-24ba-4926-b442-6d897d5c3f6a@group-185BD4C38C74:LeaderElection19: begin an election at term 1 for -1: [543c4478-56da-43d0-bc7b-befbdfd1ac53:192.168.157.234:44484, f9bb6cb5-24ba-4926-b442-6d897d5c3f6a:192.168.157.234:36804, 2d203acc-2876-43cc-a645-52d5b2311198:192.168.157.234:38739], old=null
2019-09-26 16:34:45,179 [e92f8c69-4518-4ec8-914d-310b697ee99a@group-91D24425D7B5:LeaderElection14] INFO  impl.RaftServerImpl (RaftServerImpl.java:setRole(174)) - e92f8c69-4518-4ec8-914d-310b697ee99a@group-91D24425D7B5: changes role from CANDIDATE to FOLLOWER at term 1 for DISCOVERED_A_NEW_TERM
2019-09-26 16:34:45,183 [e92f8c69-4518-4ec8-914d-310b697ee99a@group-91D24425D7B5:LeaderElection14] INFO  impl.RoleInfo (RoleInfo.java:shutdownLeaderElection(134)) - e92f8c69-4518-4ec8-914d-310b697ee99a: shutdown LeaderElection
2019-09-26 16:34:45,186 [e92f8c69-4518-4ec8-914d-310b697ee99a@group-91D24425D7B5:LeaderElection14] INFO  impl.RoleInfo (RoleInfo.java:updateAndGet(143)) - e92f8c69-4518-4ec8-914d-310b697ee99a: start FollowerState
2019-09-26 16:34:45,213 [837115f0-6bdf-4bb0-a918-7bab3585449b@group-9108ADE1020B:LeaderElection12] INFO  impl.LeaderElection (LeaderElection.java:logAndReturn(56)) - 837115f0-6bdf-4bb0-a918-7bab3585449b@group-9108ADE1020B:LeaderElection12: Election REJECTED; received 2 response(s) [837115f0-6bdf-4bb0-a918-7bab3585449b<-4d7b7b0b-d4b2-4e9e-949c-b3d401b8342c#0:FAIL-t1, 837115f0-6bdf-4bb0-a918-7bab3585449b<-9221d1d4-f927-4b56-ab16-f2eacc87aadd#0:FAIL-t1] and 0 exception(s); 837115f0-6bdf-4bb0-a918-7bab3585449b@group-9108ADE1020B:t1, leader=null, voted=837115f0-6bdf-4bb0-a918-7bab3585449b, raftlog=837115f0-6bdf-4bb0-a918-7bab3585449b@group-9108ADE1020B-SegmentedRaftLog:OPENED:c-1,f-1,i0, conf=-1: [4d7b7b0b-d4b2-4e9e-949c-b3d401b8342c:192.168.157.234:44365, 837115f0-6bdf-4bb0-a918-7bab3585449b:192.168.157.234:40176, 9221d1d4-f927-4b56-ab16-f2eacc87aadd:192.168.157.234:40823], old=null
2019-09-26 16:34:45,216 [837115f0-6bdf-4bb0-a918-7bab3585449b@group-9108ADE1020B:LeaderElection12] INFO  impl.RaftServerImpl (RaftServerImpl.java:setRole(174)) - 837115f0-6bdf-4bb0-a918-7bab3585449b@group-9108ADE1020B: changes role from CANDIDATE to FOLLOWER at term 1 for DISCOVERED_A_NEW_TERM
2019-09-26 16:34:45,216 [837115f0-6bdf-4bb0-a918-7bab3585449b@group-9108ADE1020B:LeaderElection12] INFO  impl.RoleInfo (RoleInfo.java:shutdownLeaderElection(134)) - 837115f0-6bdf-4bb0-a918-7bab3585449b: shutdown LeaderElection
2019-09-26 16:34:45,219 [837115f0-6bdf-4bb0-a918-7bab3585449b@group-9108ADE1020B:LeaderElection12] INFO  impl.RoleInfo (RoleInfo.java:updateAndGet(143)) - 837115f0-6bdf-4bb0-a918-7bab3585449b: start FollowerState
2019-09-26 16:34:45,223 [1cb81857-6495-4479-8124-808fc28ebfe2@group-91D24425D7B5:LeaderElection13] INFO  impl.LeaderElection (LeaderElection.java:logAndReturn(56)) - 1cb81857-6495-4479-8124-808fc28ebfe2@group-91D24425D7B5:LeaderElection13: Election REJECTED; received 2 response(s) [1cb81857-6495-4479-8124-808fc28ebfe2<-acb5cb05-bd62-40bc-82c8-ae32f2a7d477#0:FAIL-t1, 1cb81857-6495-4479-8124-808fc28ebfe2<-e92f8c69-4518-4ec8-914d-310b697ee99a#0:FAIL-t1] and 0 exception(s); 1cb81857-6495-4479-8124-808fc28ebfe2@group-91D24425D7B5:t1, leader=null, voted=1cb81857-6495-4479-8124-808fc28ebfe2, raftlog=1cb81857-6495-4479-8124-808fc28ebfe2@group-91D24425D7B5-SegmentedRaftLog:OPENED:c-1,f-1,i0, conf=-1: [acb5cb05-bd62-40bc-82c8-ae32f2a7d477:192.168.157.234:45827, 1cb81857-6495-4479-8124-808fc28ebfe2:192.168.157.234:42169, e92f8c69-4518-4ec8-914d-310b697ee99a:192.168.157.234:37423], old=null
2019-09-26 16:34:45,225 [1cb81857-6495-4479-8124-808fc28ebfe2@group-91D24425D7B5:LeaderElection13] INFO  impl.RaftServerImpl (RaftServerImpl.java:setRole(174)) - 1cb81857-6495-4479-8124-808fc28ebfe2@group-91D24425D7B5: changes role from CANDIDATE to FOLLOWER at term 1 for DISCOVERED_A_NEW_TERM
2019-09-26 16:34:45,239 [1cb81857-6495-4479-8124-808fc28ebfe2@group-91D24425D7B5:LeaderElection13] INFO  impl.RoleInfo (RoleInfo.java:shutdownLeaderElection(134)) - 1cb81857-6495-4479-8124-808fc28ebfe2: shutdown LeaderElection
2019-09-26 16:34:45,260 [1cb81857-6495-4479-8124-808fc28ebfe2@group-91D24425D7B5:LeaderElection13] INFO  impl.RoleInfo (RoleInfo.java:updateAndGet(143)) - 1cb81857-6495-4479-8124-808fc28ebfe2: start FollowerState
2019-09-26 16:34:45,269 [9221d1d4-f927-4b56-ab16-f2eacc87aadd@group-9108ADE1020B:LeaderElection15] INFO  impl.LeaderElection (LeaderElection.java:logAndReturn(56)) - 9221d1d4-f927-4b56-ab16-f2eacc87aadd@group-9108ADE1020B:LeaderElection15: Election REJECTED; received 2 response(s) [9221d1d4-f927-4b56-ab16-f2eacc87aadd<-4d7b7b0b-d4b2-4e9e-949c-b3d401b8342c#0:FAIL-t1, 9221d1d4-f927-4b56-ab16-f2eacc87aadd<-837115f0-6bdf-4bb0-a918-7bab3585449b#0:FAIL-t1] and 0 exception(s); 9221d1d4-f927-4b56-ab16-f2eacc87aadd@group-9108ADE1020B:t1, leader=null, voted=9221d1d4-f927-4b56-ab16-f2eacc87aadd, raftlog=9221d1d4-f927-4b56-ab16-f2eacc87aadd@group-9108ADE1020B-SegmentedRaftLog:OPENED:c-1,f-1,i0, conf=-1: [4d7b7b0b-d4b2-4e9e-949c-b3d401b8342c:192.168.157.234:44365, 837115f0-6bdf-4bb0-a918-7bab3585449b:192.168.157.234:40176, 9221d1d4-f927-4b56-ab16-f2eacc87aadd:192.168.157.234:40823], old=null
2019-09-26 16:34:45,307 [9221d1d4-f927-4b56-ab16-f2eacc87aadd@group-9108ADE1020B:LeaderElection15] INFO  impl.RaftServerImpl (RaftServerImpl.java:setRole(174)) - 9221d1d4-f927-4b56-ab16-f2eacc87aadd@group-9108ADE1020B: changes role from CANDIDATE to FOLLOWER at term 1 for DISCOVERED_A_NEW_TERM
2019-09-26 16:34:45,317 [9221d1d4-f927-4b56-ab16-f2eacc87aadd@group-9108ADE1020B:LeaderElection15] INFO  impl.RoleInfo (RoleInfo.java:shutdownLeaderElection(134)) - 9221d1d4-f927-4b56-ab16-f2eacc87aadd: shutdown LeaderElection
2019-09-26 16:34:45,317 [9221d1d4-f927-4b56-ab16-f2eacc87aadd@group-9108ADE1020B:LeaderElection15] INFO  impl.RoleInfo (RoleInfo.java:updateAndGet(143)) - 9221d1d4-f927-4b56-ab16-f2eacc87aadd: start FollowerState
2019-09-26 16:34:45,356 [acb5cb05-bd62-40bc-82c8-ae32f2a7d477@group-91D24425D7B5:LeaderElection16] INFO  impl.LeaderElection (LeaderElection.java:logAndReturn(56)) - acb5cb05-bd62-40bc-82c8-ae32f2a7d477@group-91D24425D7B5:LeaderElection16: Election REJECTED; received 2 response(s) [acb5cb05-bd62-40bc-82c8-ae32f2a7d477<-1cb81857-6495-4479-8124-808fc28ebfe2#0:FAIL-t1, acb5cb05-bd62-40bc-82c8-ae32f2a7d477<-e92f8c69-4518-4ec8-914d-310b697ee99a#0:FAIL-t1] and 0 exception(s); acb5cb05-bd62-40bc-82c8-ae32f2a7d477@group-91D24425D7B5:t1, leader=null, voted=acb5cb05-bd62-40bc-82c8-ae32f2a7d477, raftlog=acb5cb05-bd62-40bc-82c8-ae32f2a7d477@group-91D24425D7B5-SegmentedRaftLog:OPENED:c-1,f-1,i0, conf=-1: [acb5cb05-bd62-40bc-82c8-ae32f2a7d477:192.168.157.234:45827, 1cb81857-6495-4479-8124-808fc28ebfe2:192.168.157.234:42169, e92f8c69-4518-4ec8-914d-310b697ee99a:192.168.157.234:37423], old=null
2019-09-26 16:34:45,360 [2d203acc-2876-43cc-a645-52d5b2311198@group-185BD4C38C74:LeaderElection18] INFO  impl.LeaderElection (LeaderElection.java:logAndReturn(56)) - 2d203acc-2876-43cc-a645-52d5b2311198@group-185BD4C38C74:LeaderElection18: Election REJECTED; received 2 response(s) [2d203acc-2876-43cc-a645-52d5b2311198<-f9bb6cb5-24ba-4926-b442-6d897d5c3f6a#0:FAIL-t1, 2d203acc-2876-43cc-a645-52d5b2311198<-543c4478-56da-43d0-bc7b-befbdfd1ac53#0:FAIL-t1] and 0 exception(s); 2d203acc-2876-43cc-a645-52d5b2311198@group-185BD4C38C74:t1, leader=null, voted=2d203acc-2876-43cc-a645-52d5b2311198, raftlog=2d203acc-2876-43cc-a645-52d5b2311198@group-185BD4C38C74-SegmentedRaftLog:OPENED:c-1,f-1,i0, conf=-1: [543c4478-56da-43d0-bc7b-befbdfd1ac53:192.168.157.234:44484, f9bb6cb5-24ba-4926-b442-6d897d5c3f6a:192.168.157.234:36804, 2d203acc-2876-43cc-a645-52d5b2311198:192.168.157.234:38739], old=null
2019-09-26 16:34:45,360 [acb5cb05-bd62-40bc-82c8-ae32f2a7d477@group-91D24425D7B5:LeaderElection16] INFO  impl.RaftServerImpl (RaftServerImpl.java:setRole(174)) - acb5cb05-bd62-40bc-82c8-ae32f2a7d477@group-91D24425D7B5: changes role from CANDIDATE to FOLLOWER at term 1 for DISCOVERED_A_NEW_TERM
2019-09-26 16:34:45,363 [2d203acc-2876-43cc-a645-52d5b2311198@group-185BD4C38C74:LeaderElection18] INFO  impl.RaftServerImpl (RaftServerImpl.java:setRole(174)) - 2d203acc-2876-43cc-a645-52d5b2311198@group-185BD4C38C74: changes role from CANDIDATE to FOLLOWER at term 1 for DISCOVERED_A_NEW_TERM
2019-09-26 16:34:45,371 [2d203acc-2876-43cc-a645-52d5b2311198@group-185BD4C38C74:LeaderElection18] INFO  impl.RoleInfo (RoleInfo.java:shutdownLeaderElection(134)) - 2d203acc-2876-43cc-a645-52d5b2311198: shutdown LeaderElection
2019-09-26 16:34:45,363 [acb5cb05-bd62-40bc-82c8-ae32f2a7d477@group-91D24425D7B5:LeaderElection16] INFO  impl.RoleInfo (RoleInfo.java:shutdownLeaderElection(134)) - acb5cb05-bd62-40bc-82c8-ae32f2a7d477: shutdown LeaderElection
2019-09-26 16:34:45,371 [2d203acc-2876-43cc-a645-52d5b2311198@group-185BD4C38C74:LeaderElection18] INFO  impl.RoleInfo (RoleInfo.java:updateAndGet(143)) - 2d203acc-2876-43cc-a645-52d5b2311198: start FollowerState
2019-09-26 16:34:45,374 [acb5cb05-bd62-40bc-82c8-ae32f2a7d477@group-91D24425D7B5:LeaderElection16] INFO  impl.RoleInfo (RoleInfo.java:updateAndGet(143)) - acb5cb05-bd62-40bc-82c8-ae32f2a7d477: start FollowerState
2019-09-26 16:34:45,398 [543c4478-56da-43d0-bc7b-befbdfd1ac53@group-185BD4C38C74:LeaderElection17] INFO  impl.LeaderElection (LeaderElection.java:logAndReturn(56)) - 543c4478-56da-43d0-bc7b-befbdfd1ac53@group-185BD4C38C74:LeaderElection17: Election REJECTED; received 2 response(s) [543c4478-56da-43d0-bc7b-befbdfd1ac53<-f9bb6cb5-24ba-4926-b442-6d897d5c3f6a#0:FAIL-t1, 543c4478-56da-43d0-bc7b-befbdfd1ac53<-2d203acc-2876-43cc-a645-52d5b2311198#0:FAIL-t1] and 0 exception(s); 543c4478-56da-43d0-bc7b-befbdfd1ac53@group-185BD4C38C74:t1, leader=null, voted=543c4478-56da-43d0-bc7b-befbdfd1ac53, raftlog=543c4478-56da-43d0-bc7b-befbdfd1ac53@group-185BD4C38C74-SegmentedRaftLog:OPENED:c-1,f-1,i0, conf=-1: [543c4478-56da-43d0-bc7b-befbdfd1ac53:192.168.157.234:44484, f9bb6cb5-24ba-4926-b442-6d897d5c3f6a:192.168.157.234:36804, 2d203acc-2876-43cc-a645-52d5b2311198:192.168.157.234:38739], old=null
2019-09-26 16:34:45,398 [543c4478-56da-43d0-bc7b-befbdfd1ac53@group-185BD4C38C74:LeaderElection17] INFO  impl.RaftServerImpl (RaftServerImpl.java:setRole(174)) - 543c4478-56da-43d0-bc7b-befbdfd1ac53@group-185BD4C38C74: changes role from CANDIDATE to FOLLOWER at term 1 for DISCOVERED_A_NEW_TERM
2019-09-26 16:34:45,404 [543c4478-56da-43d0-bc7b-befbdfd1ac53@group-185BD4C38C74:LeaderElection17] INFO  impl.RoleInfo (RoleInfo.java:shutdownLeaderElection(134)) - 543c4478-56da-43d0-bc7b-befbdfd1ac53: shutdown LeaderElection
2019-09-26 16:34:45,414 [543c4478-56da-43d0-bc7b-befbdfd1ac53@group-185BD4C38C74:LeaderElection17] INFO  impl.RoleInfo (RoleInfo.java:updateAndGet(143)) - 543c4478-56da-43d0-bc7b-befbdfd1ac53: start FollowerState
2019-09-26 16:34:45,438 [f9bb6cb5-24ba-4926-b442-6d897d5c3f6a@group-185BD4C38C74:LeaderElection19] INFO  impl.LeaderElection (LeaderElection.java:logAndReturn(56)) - f9bb6cb5-24ba-4926-b442-6d897d5c3f6a@group-185BD4C38C74:LeaderElection19: Election REJECTED; received 2 response(s) [f9bb6cb5-24ba-4926-b442-6d897d5c3f6a<-543c4478-56da-43d0-bc7b-befbdfd1ac53#0:FAIL-t1, f9bb6cb5-24ba-4926-b442-6d897d5c3f6a<-2d203acc-2876-43cc-a645-52d5b2311198#0:FAIL-t1] and 0 exception(s); f9bb6cb5-24ba-4926-b442-6d897d5c3f6a@group-185BD4C38C74:t1, leader=null, voted=f9bb6cb5-24ba-4926-b442-6d897d5c3f6a, raftlog=f9bb6cb5-24ba-4926-b442-6d897d5c3f6a@group-185BD4C38C74-SegmentedRaftLog:OPENED:c-1,f-1,i0, conf=-1: [543c4478-56da-43d0-bc7b-befbdfd1ac53:192.168.157.234:44484, f9bb6cb5-24ba-4926-b442-6d897d5c3f6a:192.168.157.234:36804, 2d203acc-2876-43cc-a645-52d5b2311198:192.168.157.234:38739], old=null
2019-09-26 16:34:45,441 [f9bb6cb5-24ba-4926-b442-6d897d5c3f6a@group-185BD4C38C74:LeaderElection19] INFO  impl.RaftServerImpl (RaftServerImpl.java:setRole(174)) - f9bb6cb5-24ba-4926-b442-6d897d5c3f6a@group-185BD4C38C74: changes role from CANDIDATE to FOLLOWER at term 1 for DISCOVERED_A_NEW_TERM
2019-09-26 16:34:45,441 [f9bb6cb5-24ba-4926-b442-6d897d5c3f6a@group-185BD4C38C74:LeaderElection19] INFO  impl.RoleInfo (RoleInfo.java:shutdownLeaderElection(134)) - f9bb6cb5-24ba-4926-b442-6d897d5c3f6a: shutdown LeaderElection
2019-09-26 16:34:45,441 [f9bb6cb5-24ba-4926-b442-6d897d5c3f6a@group-185BD4C38C74:LeaderElection19] INFO  impl.RoleInfo (RoleInfo.java:updateAndGet(143)) - f9bb6cb5-24ba-4926-b442-6d897d5c3f6a: start FollowerState
2019-09-26 16:34:45,443 [2d203acc-2876-43cc-a645-52d5b2311198@group-E7BE835810E1:LeaderElection10] INFO  impl.RoleInfo (RoleInfo.java:updateAndGet(143)) - 2d203acc-2876-43cc-a645-52d5b2311198: start LeaderState
2019-09-26 16:34:45,446 [2d203acc-2876-43cc-a645-52d5b2311198@group-E7BE835810E1:LeaderElection10] INFO  segmented.SegmentedRaftLogWorker (SegmentedRaftLogWorker.java:startLogSegment(380)) - 2d203acc-2876-43cc-a645-52d5b2311198@group-E7BE835810E1-SegmentedRaftLogWorker: Starting segment from index:0
2019-09-26 16:34:45,447 [2d203acc-2876-43cc-a645-52d5b2311198@group-E7BE835810E1:LeaderElection10] INFO  impl.RaftServerImpl (ServerState.java:setRaftConf(354)) - 2d203acc-2876-43cc-a645-52d5b2311198@group-E7BE835810E1: set configuration 0: [2d203acc-2876-43cc-a645-52d5b2311198:192.168.157.234:38739], old=null at 0
2019-09-26 16:34:45,498 [2d203acc-2876-43cc-a645-52d5b2311198@group-E7BE835810E1-SegmentedRaftLogWorker] INFO  segmented.SegmentedRaftLogWorker (SegmentedRaftLogWorker.java:execute(569)) - 2d203acc-2876-43cc-a645-52d5b2311198@group-E7BE835810E1-SegmentedRaftLogWorker: created new log segment /workdir/hadoop-ozone/integration-test/target/test-dir/MiniOzoneClusterImpl-b5ca4ec9-472d-464d-82c8-bb75eaf95e3a/datanode-7/data/ratis/819680df-dd78-4063-b747-e7be835810e1/current/log_inprogress_0
2019-09-26 16:34:45,695 [main] INFO  ipc.Client (Client.java:handleConnectionFailure(948)) - Retrying connect to server: localhost/127.0.0.1:0. Already tried 1 time(s); retry policy is RetryUpToMaximumCountWithFixedSleep(maxRetries=10, sleepTime=1000 MILLISECONDS)
2019-09-26 16:34:46,266 [Thread-391] INFO  impl.FollowerState (FollowerState.java:run(106)) - e92f8c69-4518-4ec8-914d-310b697ee99a:group-91D24425D7B5 changes to CANDIDATE, lastRpcTime:1080, electionTimeout:1076ms
2019-09-26 16:34:46,267 [Thread-391] INFO  impl.RoleInfo (RoleInfo.java:shutdownFollowerState(121)) - e92f8c69-4518-4ec8-914d-310b697ee99a: shutdown FollowerState
2019-09-26 16:34:46,267 [Thread-391] INFO  impl.RaftServerImpl (RaftServerImpl.java:setRole(174)) - e92f8c69-4518-4ec8-914d-310b697ee99a@group-91D24425D7B5: changes role from  FOLLOWER to CANDIDATE at term 1 for changeToCandidate
2019-09-26 16:34:46,267 [Thread-391] INFO  impl.RoleInfo (RoleInfo.java:updateAndGet(143)) - e92f8c69-4518-4ec8-914d-310b697ee99a: start LeaderElection
2019-09-26 16:34:46,286 [Thread-385] INFO  impl.FollowerState (FollowerState.java:run(106)) - 4d7b7b0b-d4b2-4e9e-949c-b3d401b8342c:group-9108ADE1020B changes to CANDIDATE, lastRpcTime:1184, electionTimeout:1182ms
2019-09-26 16:34:46,287 [Thread-385] INFO  impl.RoleInfo (RoleInfo.java:shutdownFollowerState(121)) - 4d7b7b0b-d4b2-4e9e-949c-b3d401b8342c: shutdown FollowerState
2019-09-26 16:34:46,287 [Thread-385] INFO  impl.RaftServerImpl (RaftServerImpl.java:setRole(174)) - 4d7b7b0b-d4b2-4e9e-949c-b3d401b8342c@group-9108ADE1020B: changes role from  FOLLOWER to CANDIDATE at term 1 for changeToCandidate
2019-09-26 16:34:46,287 [Thread-385] INFO  impl.RoleInfo (RoleInfo.java:updateAndGet(143)) - 4d7b7b0b-d4b2-4e9e-949c-b3d401b8342c: start LeaderElection
2019-09-26 16:34:46,303 [4d7b7b0b-d4b2-4e9e-949c-b3d401b8342c@group-9108ADE1020B:LeaderElection21] INFO  impl.LeaderElection (LeaderElection.java:askForVotes(182)) - 4d7b7b0b-d4b2-4e9e-949c-b3d401b8342c@group-9108ADE1020B:LeaderElection21: begin an election at term 2 for -1: [4d7b7b0b-d4b2-4e9e-949c-b3d401b8342c:192.168.157.234:44365, 837115f0-6bdf-4bb0-a918-7bab3585449b:192.168.157.234:40176, 9221d1d4-f927-4b56-ab16-f2eacc87aadd:192.168.157.234:40823], old=null
2019-09-26 16:34:46,303 [e92f8c69-4518-4ec8-914d-310b697ee99a@group-91D24425D7B5:LeaderElection20] INFO  impl.LeaderElection (LeaderElection.java:askForVotes(182)) - e92f8c69-4518-4ec8-914d-310b697ee99a@group-91D24425D7B5:LeaderElection20: begin an election at term 2 for -1: [acb5cb05-bd62-40bc-82c8-ae32f2a7d477:192.168.157.234:45827, 1cb81857-6495-4479-8124-808fc28ebfe2:192.168.157.234:42169, e92f8c69-4518-4ec8-914d-310b697ee99a:192.168.157.234:37423], old=null
2019-09-26 16:34:46,316 [Thread-393] INFO  impl.FollowerState (FollowerState.java:run(106)) - 1cb81857-6495-4479-8124-808fc28ebfe2:group-91D24425D7B5 changes to CANDIDATE, lastRpcTime:1055, electionTimeout:1052ms
2019-09-26 16:34:46,316 [Thread-393] INFO  impl.RoleInfo (RoleInfo.java:shutdownFollowerState(121)) - 1cb81857-6495-4479-8124-808fc28ebfe2: shutdown FollowerState
2019-09-26 16:34:46,316 [Thread-393] INFO  impl.RaftServerImpl (RaftServerImpl.java:setRole(174)) - 1cb81857-6495-4479-8124-808fc28ebfe2@group-91D24425D7B5: changes role from  FOLLOWER to CANDIDATE at term 1 for changeToCandidate
2019-09-26 16:34:46,316 [Thread-393] INFO  impl.RoleInfo (RoleInfo.java:updateAndGet(143)) - 1cb81857-6495-4479-8124-808fc28ebfe2: start LeaderElection
2019-09-26 16:34:46,316 [grpc-default-executor-1] INFO  impl.RaftServerImpl (RaftServerImpl.java:setRole(174)) - 837115f0-6bdf-4bb0-a918-7bab3585449b@group-9108ADE1020B: changes role from  FOLLOWER to FOLLOWER at term 2 for recognizeCandidate:4d7b7b0b-d4b2-4e9e-949c-b3d401b8342c
2019-09-26 16:34:46,317 [grpc-default-executor-1] INFO  impl.RoleInfo (RoleInfo.java:shutdownFollowerState(121)) - 837115f0-6bdf-4bb0-a918-7bab3585449b: shutdown FollowerState
2019-09-26 16:34:46,317 [grpc-default-executor-1] INFO  impl.RoleInfo (RoleInfo.java:updateAndGet(143)) - 837115f0-6bdf-4bb0-a918-7bab3585449b: start FollowerState
2019-09-26 16:34:46,329 [Thread-392] INFO  impl.FollowerState (FollowerState.java:run(115)) - 837115f0-6bdf-4bb0-a918-7bab3585449b: FollowerState was interrupted: java.lang.InterruptedException: sleep interrupted
2019-09-26 16:34:46,329 [grpc-default-executor-3] INFO  impl.RaftServerImpl (RaftServerImpl.java:setRole(174)) - acb5cb05-bd62-40bc-82c8-ae32f2a7d477@group-91D24425D7B5: changes role from  FOLLOWER to FOLLOWER at term 2 for recognizeCandidate:e92f8c69-4518-4ec8-914d-310b697ee99a
2019-09-26 16:34:46,330 [grpc-default-executor-3] INFO  impl.RoleInfo (RoleInfo.java:shutdownFollowerState(121)) - acb5cb05-bd62-40bc-82c8-ae32f2a7d477: shutdown FollowerState
2019-09-26 16:34:46,330 [grpc-default-executor-6] INFO  impl.RaftServerImpl (RaftServerImpl.java:setRole(174)) - 9221d1d4-f927-4b56-ab16-f2eacc87aadd@group-9108ADE1020B: changes role from  FOLLOWER to FOLLOWER at term 2 for recognizeCandidate:4d7b7b0b-d4b2-4e9e-949c-b3d401b8342c
2019-09-26 16:34:46,330 [Thread-396] INFO  impl.FollowerState (FollowerState.java:run(115)) - acb5cb05-bd62-40bc-82c8-ae32f2a7d477: FollowerState was interrupted: java.lang.InterruptedException: sleep interrupted
2019-09-26 16:34:46,330 [grpc-default-executor-3] INFO  impl.RoleInfo (RoleInfo.java:updateAndGet(143)) - acb5cb05-bd62-40bc-82c8-ae32f2a7d477: start FollowerState
2019-09-26 16:34:46,330 [grpc-default-executor-6] INFO  impl.RoleInfo (RoleInfo.java:shutdownFollowerState(121)) - 9221d1d4-f927-4b56-ab16-f2eacc87aadd: shutdown FollowerState
2019-09-26 16:34:46,331 [Thread-394] INFO  impl.FollowerState (FollowerState.java:run(115)) - 9221d1d4-f927-4b56-ab16-f2eacc87aadd: FollowerState was interrupted: java.lang.InterruptedException: sleep interrupted
2019-09-26 16:34:46,331 [grpc-default-executor-6] INFO  impl.RoleInfo (RoleInfo.java:updateAndGet(143)) - 9221d1d4-f927-4b56-ab16-f2eacc87aadd: start FollowerState
2019-09-26 16:34:46,343 [1cb81857-6495-4479-8124-808fc28ebfe2@group-91D24425D7B5:LeaderElection22] INFO  impl.LeaderElection (LeaderElection.java:askForVotes(182)) - 1cb81857-6495-4479-8124-808fc28ebfe2@group-91D24425D7B5:LeaderElection22: begin an election at term 2 for -1: [acb5cb05-bd62-40bc-82c8-ae32f2a7d477:192.168.157.234:45827, 1cb81857-6495-4479-8124-808fc28ebfe2:192.168.157.234:42169, e92f8c69-4518-4ec8-914d-310b697ee99a:192.168.157.234:37423], old=null
2019-09-26 16:34:46,346 [4d7b7b0b-d4b2-4e9e-949c-b3d401b8342c@group-9108ADE1020B:LeaderElection21] INFO  impl.LeaderElection (LeaderElection.java:logAndReturn(56)) - 4d7b7b0b-d4b2-4e9e-949c-b3d401b8342c@group-9108ADE1020B:LeaderElection21: Election PASSED; received 1 response(s) [4d7b7b0b-d4b2-4e9e-949c-b3d401b8342c<-837115f0-6bdf-4bb0-a918-7bab3585449b#0:OK-t2] and 0 exception(s); 4d7b7b0b-d4b2-4e9e-949c-b3d401b8342c@group-9108ADE1020B:t2, leader=null, voted=4d7b7b0b-d4b2-4e9e-949c-b3d401b8342c, raftlog=4d7b7b0b-d4b2-4e9e-949c-b3d401b8342c@group-9108ADE1020B-SegmentedRaftLog:OPENED:c-1,f-1,i0, conf=-1: [4d7b7b0b-d4b2-4e9e-949c-b3d401b8342c:192.168.157.234:44365, 837115f0-6bdf-4bb0-a918-7bab3585449b:192.168.157.234:40176, 9221d1d4-f927-4b56-ab16-f2eacc87aadd:192.168.157.234:40823], old=null
2019-09-26 16:34:46,347 [4d7b7b0b-d4b2-4e9e-949c-b3d401b8342c@group-9108ADE1020B:LeaderElection21] INFO  impl.RoleInfo (RoleInfo.java:shutdownLeaderElection(134)) - 4d7b7b0b-d4b2-4e9e-949c-b3d401b8342c: shutdown LeaderElection
2019-09-26 16:34:46,353 [4d7b7b0b-d4b2-4e9e-949c-b3d401b8342c@group-9108ADE1020B:LeaderElection21] INFO  impl.RaftServerImpl (RaftServerImpl.java:setRole(174)) - 4d7b7b0b-d4b2-4e9e-949c-b3d401b8342c@group-9108ADE1020B: changes role from CANDIDATE to LEADER at term 2 for changeToLeader
2019-09-26 16:34:46,353 [4d7b7b0b-d4b2-4e9e-949c-b3d401b8342c@group-9108ADE1020B:LeaderElection21] INFO  impl.RaftServerImpl (ServerState.java:setLeader(253)) - 4d7b7b0b-d4b2-4e9e-949c-b3d401b8342c@group-9108ADE1020B: change Leader from null to 4d7b7b0b-d4b2-4e9e-949c-b3d401b8342c at term 2 for becomeLeader, leader elected after 2672ms
2019-09-26 16:34:46,353 [4d7b7b0b-d4b2-4e9e-949c-b3d401b8342c@group-9108ADE1020B:LeaderElection21] INFO  server.RaftServerConfigKeys (ConfUtils.java:logGet(43)) - raft.server.staging.catchup.gap = 1000 (default)
2019-09-26 16:34:46,354 [4d7b7b0b-d4b2-4e9e-949c-b3d401b8342c@group-9108ADE1020B:LeaderElection21] INFO  server.RaftServerConfigKeys (ConfUtils.java:logGet(43)) - raft.server.rpc.sleep.time = 25ms (default)
2019-09-26 16:34:46,354 [4d7b7b0b-d4b2-4e9e-949c-b3d401b8342c@group-9108ADE1020B:LeaderElection21] INFO  server.RaftServerConfigKeys (ConfUtils.java:logGet(43)) - raft.server.write.element-limit = 4096 (default)
2019-09-26 16:34:46,354 [4d7b7b0b-d4b2-4e9e-949c-b3d401b8342c@group-9108ADE1020B:LeaderElection21] INFO  server.RaftServerConfigKeys (ConfUtils.java:logGet(43)) - raft.server.watch.timeout = 10s (default)
2019-09-26 16:34:46,354 [4d7b7b0b-d4b2-4e9e-949c-b3d401b8342c@group-9108ADE1020B:LeaderElection21] INFO  server.RaftServerConfigKeys (ConfUtils.java:logGet(43)) - raft.server.watch.timeout.denomination = 1s (default)
2019-09-26 16:34:46,354 [4d7b7b0b-d4b2-4e9e-949c-b3d401b8342c@group-9108ADE1020B:LeaderElection21] INFO  server.RaftServerConfigKeys (ConfUtils.java:logGet(43)) - raft.server.watch.element-limit = 65536 (default)
2019-09-26 16:34:46,355 [e92f8c69-4518-4ec8-914d-310b697ee99a@group-91D24425D7B5:LeaderElection20] INFO  impl.LeaderElection (LeaderElection.java:logAndReturn(56)) - e92f8c69-4518-4ec8-914d-310b697ee99a@group-91D24425D7B5:LeaderElection20: Election PASSED; received 2 response(s) [e92f8c69-4518-4ec8-914d-310b697ee99a<-acb5cb05-bd62-40bc-82c8-ae32f2a7d477#0:OK-t2, e92f8c69-4518-4ec8-914d-310b697ee99a<-1cb81857-6495-4479-8124-808fc28ebfe2#0:FAIL-t2] and 0 exception(s); e92f8c69-4518-4ec8-914d-310b697ee99a@group-91D24425D7B5:t2, leader=null, voted=e92f8c69-4518-4ec8-914d-310b697ee99a, raftlog=e92f8c69-4518-4ec8-914d-310b697ee99a@group-91D24425D7B5-SegmentedRaftLog:OPENED:c-1,f-1,i0, conf=-1: [acb5cb05-bd62-40bc-82c8-ae32f2a7d477:192.168.157.234:45827, 1cb81857-6495-4479-8124-808fc28ebfe2:192.168.157.234:42169, e92f8c69-4518-4ec8-914d-310b697ee99a:192.168.157.234:37423], old=null
2019-09-26 16:34:46,358 [e92f8c69-4518-4ec8-914d-310b697ee99a@group-91D24425D7B5:LeaderElection20] INFO  impl.RoleInfo (RoleInfo.java:shutdownLeaderElection(134)) - e92f8c69-4518-4ec8-914d-310b697ee99a: shutdown LeaderElection
2019-09-26 16:34:46,361 [e92f8c69-4518-4ec8-914d-310b697ee99a@group-91D24425D7B5:LeaderElection20] INFO  impl.RaftServerImpl (RaftServerImpl.java:setRole(174)) - e92f8c69-4518-4ec8-914d-310b697ee99a@group-91D24425D7B5: changes role from CANDIDATE to LEADER at term 2 for changeToLeader
2019-09-26 16:34:46,361 [e92f8c69-4518-4ec8-914d-310b697ee99a@group-91D24425D7B5:LeaderElection20] INFO  impl.RaftServerImpl (ServerState.java:setLeader(253)) - e92f8c69-4518-4ec8-914d-310b697ee99a@group-91D24425D7B5: change Leader from null to e92f8c69-4518-4ec8-914d-310b697ee99a at term 2 for becomeLeader, leader elected after 2552ms
2019-09-26 16:34:46,362 [e92f8c69-4518-4ec8-914d-310b697ee99a@group-91D24425D7B5:LeaderElection20] INFO  server.RaftServerConfigKeys (ConfUtils.java:logGet(43)) - raft.server.staging.catchup.gap = 1000 (default)
2019-09-26 16:34:46,362 [e92f8c69-4518-4ec8-914d-310b697ee99a@group-91D24425D7B5:LeaderElection20] INFO  server.RaftServerConfigKeys (ConfUtils.java:logGet(43)) - raft.server.rpc.sleep.time = 25ms (default)
2019-09-26 16:34:46,362 [e92f8c69-4518-4ec8-914d-310b697ee99a@group-91D24425D7B5:LeaderElection20] INFO  server.RaftServerConfigKeys (ConfUtils.java:logGet(43)) - raft.server.write.element-limit = 4096 (default)
2019-09-26 16:34:46,363 [e92f8c69-4518-4ec8-914d-310b697ee99a@group-91D24425D7B5:LeaderElection20] INFO  server.RaftServerConfigKeys (ConfUtils.java:logGet(43)) - raft.server.watch.timeout = 10s (default)
2019-09-26 16:34:46,363 [e92f8c69-4518-4ec8-914d-310b697ee99a@group-91D24425D7B5:LeaderElection20] INFO  server.RaftServerConfigKeys (ConfUtils.java:logGet(43)) - raft.server.watch.timeout.denomination = 1s (default)
2019-09-26 16:34:46,363 [e92f8c69-4518-4ec8-914d-310b697ee99a@group-91D24425D7B5:LeaderElection20] INFO  server.RaftServerConfigKeys (ConfUtils.java:logGet(43)) - raft.server.watch.element-limit = 65536 (default)
2019-09-26 16:34:46,364 [1cb81857-6495-4479-8124-808fc28ebfe2@group-91D24425D7B5:LeaderElection22] INFO  impl.LeaderElection (LeaderElection.java:logAndReturn(56)) - 1cb81857-6495-4479-8124-808fc28ebfe2@group-91D24425D7B5:LeaderElection22: Election REJECTED; received 2 response(s) [1cb81857-6495-4479-8124-808fc28ebfe2<-acb5cb05-bd62-40bc-82c8-ae32f2a7d477#0:FAIL-t2, 1cb81857-6495-4479-8124-808fc28ebfe2<-e92f8c69-4518-4ec8-914d-310b697ee99a#0:FAIL-t2] and 0 exception(s); 1cb81857-6495-4479-8124-808fc28ebfe2@group-91D24425D7B5:t2, leader=null, voted=1cb81857-6495-4479-8124-808fc28ebfe2, raftlog=1cb81857-6495-4479-8124-808fc28ebfe2@group-91D24425D7B5-SegmentedRaftLog:OPENED:c-1,f-1,i0, conf=-1: [acb5cb05-bd62-40bc-82c8-ae32f2a7d477:192.168.157.234:45827, 1cb81857-6495-4479-8124-808fc28ebfe2:192.168.157.234:42169, e92f8c69-4518-4ec8-914d-310b697ee99a:192.168.157.234:37423], old=null
2019-09-26 16:34:46,367 [1cb81857-6495-4479-8124-808fc28ebfe2@group-91D24425D7B5:LeaderElection22] INFO  impl.RaftServerImpl (RaftServerImpl.java:setRole(174)) - 1cb81857-6495-4479-8124-808fc28ebfe2@group-91D24425D7B5: changes role from CANDIDATE to FOLLOWER at term 2 for DISCOVERED_A_NEW_TERM
2019-09-26 16:34:46,371 [1cb81857-6495-4479-8124-808fc28ebfe2@group-91D24425D7B5:LeaderElection22] INFO  impl.RoleInfo (RoleInfo.java:shutdownLeaderElection(134)) - 1cb81857-6495-4479-8124-808fc28ebfe2: shutdown LeaderElection
2019-09-26 16:34:46,372 [1cb81857-6495-4479-8124-808fc28ebfe2@group-91D24425D7B5:LeaderElection22] INFO  impl.RoleInfo (RoleInfo.java:updateAndGet(143)) - 1cb81857-6495-4479-8124-808fc28ebfe2: start FollowerState
2019-09-26 16:34:46,372 [4d7b7b0b-d4b2-4e9e-949c-b3d401b8342c@group-9108ADE1020B:LeaderElection21] INFO  server.RaftServerConfigKeys (ConfUtils.java:logGet(43)) - raft.server.log.appender.snapshot.chunk.size.max = 16MB (=16777216) (default)
2019-09-26 16:34:46,377 [4d7b7b0b-d4b2-4e9e-949c-b3d401b8342c@group-9108ADE1020B:LeaderElection21] INFO  server.RaftServerConfigKeys (ConfUtils.java:logGet(43)) - raft.server.log.appender.buffer.byte-limit = 33554432 (custom)
2019-09-26 16:34:46,378 [4d7b7b0b-d4b2-4e9e-949c-b3d401b8342c@group-9108ADE1020B:LeaderElection21] INFO  server.RaftServerConfigKeys (ConfUtils.java:logGet(43)) - raft.server.log.appender.buffer.element-limit = 1 (custom)
2019-09-26 16:34:46,380 [e92f8c69-4518-4ec8-914d-310b697ee99a@group-91D24425D7B5:LeaderElection20] INFO  server.RaftServerConfigKeys (ConfUtils.java:logGet(43)) - raft.server.log.appender.snapshot.chunk.size.max = 16MB (=16777216) (default)
2019-09-26 16:34:46,380 [e92f8c69-4518-4ec8-914d-310b697ee99a@group-91D24425D7B5:LeaderElection20] INFO  server.RaftServerConfigKeys (ConfUtils.java:logGet(43)) - raft.server.log.appender.buffer.byte-limit = 33554432 (custom)
2019-09-26 16:34:46,381 [e92f8c69-4518-4ec8-914d-310b697ee99a@group-91D24425D7B5:LeaderElection20] INFO  server.RaftServerConfigKeys (ConfUtils.java:logGet(43)) - raft.server.log.appender.buffer.element-limit = 1 (custom)
2019-09-26 16:34:46,383 [4d7b7b0b-d4b2-4e9e-949c-b3d401b8342c@group-9108ADE1020B:LeaderElection21] INFO  grpc.GrpcConfigKeys$Server (ConfUtils.java:logGet(43)) - raft.grpc.server.leader.outstanding.appends.max = 128 (default)
2019-09-26 16:34:46,394 [e92f8c69-4518-4ec8-914d-310b697ee99a@group-91D24425D7B5:LeaderElection20] INFO  grpc.GrpcConfigKeys$Server (ConfUtils.java:logGet(43)) - raft.grpc.server.leader.outstanding.appends.max = 128 (default)
2019-09-26 16:34:46,396 [4d7b7b0b-d4b2-4e9e-949c-b3d401b8342c@group-9108ADE1020B:LeaderElection21] INFO  server.RaftServerConfigKeys (ConfUtils.java:logGet(43)) - raft.server.rpc.request.timeout = 3000ms (default)
2019-09-26 16:34:46,397 [e92f8c69-4518-4ec8-914d-310b697ee99a@group-91D24425D7B5:LeaderElection20] INFO  server.RaftServerConfigKeys (ConfUtils.java:logGet(43)) - raft.server.rpc.request.timeout = 3000ms (default)
2019-09-26 16:34:46,397 [4d7b7b0b-d4b2-4e9e-949c-b3d401b8342c@group-9108ADE1020B:LeaderElection21] INFO  server.RaftServerConfigKeys (ConfUtils.java:logGet(43)) - raft.server.log.appender.install.snapshot.enabled = false (custom)
2019-09-26 16:34:46,397 [e92f8c69-4518-4ec8-914d-310b697ee99a@group-91D24425D7B5:LeaderElection20] INFO  server.RaftServerConfigKeys (ConfUtils.java:logGet(43)) - raft.server.log.appender.install.snapshot.enabled = false (custom)
2019-09-26 16:34:46,399 [4d7b7b0b-d4b2-4e9e-949c-b3d401b8342c@group-9108ADE1020B:LeaderElection21] INFO  server.RaftServerConfigKeys (ConfUtils.java:logGet(43)) - raft.server.log.appender.snapshot.chunk.size.max = 16MB (=16777216) (default)
2019-09-26 16:34:46,399 [e92f8c69-4518-4ec8-914d-310b697ee99a@group-91D24425D7B5:LeaderElection20] INFO  server.RaftServerConfigKeys (ConfUtils.java:logGet(43)) - raft.server.log.appender.snapshot.chunk.size.max = 16MB (=16777216) (default)
2019-09-26 16:34:46,399 [4d7b7b0b-d4b2-4e9e-949c-b3d401b8342c@group-9108ADE1020B:LeaderElection21] INFO  server.RaftServerConfigKeys (ConfUtils.java:logGet(43)) - raft.server.log.appender.buffer.byte-limit = 33554432 (custom)
2019-09-26 16:34:46,399 [e92f8c69-4518-4ec8-914d-310b697ee99a@group-91D24425D7B5:LeaderElection20] INFO  server.RaftServerConfigKeys (ConfUtils.java:logGet(43)) - raft.server.log.appender.buffer.byte-limit = 33554432 (custom)
2019-09-26 16:34:46,399 [4d7b7b0b-d4b2-4e9e-949c-b3d401b8342c@group-9108ADE1020B:LeaderElection21] INFO  server.RaftServerConfigKeys (ConfUtils.java:logGet(43)) - raft.server.log.appender.buffer.element-limit = 1 (custom)
2019-09-26 16:34:46,400 [e92f8c69-4518-4ec8-914d-310b697ee99a@group-91D24425D7B5:LeaderElection20] INFO  server.RaftServerConfigKeys (ConfUtils.java:logGet(43)) - raft.server.log.appender.buffer.element-limit = 1 (custom)
2019-09-26 16:34:46,400 [4d7b7b0b-d4b2-4e9e-949c-b3d401b8342c@group-9108ADE1020B:LeaderElection21] INFO  grpc.GrpcConfigKeys$Server (ConfUtils.java:logGet(43)) - raft.grpc.server.leader.outstanding.appends.max = 128 (default)
2019-09-26 16:34:46,400 [e92f8c69-4518-4ec8-914d-310b697ee99a@group-91D24425D7B5:LeaderElection20] INFO  grpc.GrpcConfigKeys$Server (ConfUtils.java:logGet(43)) - raft.grpc.server.leader.outstanding.appends.max = 128 (default)
2019-09-26 16:34:46,400 [4d7b7b0b-d4b2-4e9e-949c-b3d401b8342c@group-9108ADE1020B:LeaderElection21] INFO  server.RaftServerConfigKeys (ConfUtils.java:logGet(43)) - raft.server.rpc.request.timeout = 3000ms (default)
2019-09-26 16:34:46,401 [e92f8c69-4518-4ec8-914d-310b697ee99a@group-91D24425D7B5:LeaderElection20] INFO  server.RaftServerConfigKeys (ConfUtils.java:logGet(43)) - raft.server.rpc.request.timeout = 3000ms (default)
2019-09-26 16:34:46,401 [4d7b7b0b-d4b2-4e9e-949c-b3d401b8342c@group-9108ADE1020B:LeaderElection21] INFO  server.RaftServerConfigKeys (ConfUtils.java:logGet(43)) - raft.server.log.appender.install.snapshot.enabled = false (custom)
2019-09-26 16:34:46,401 [e92f8c69-4518-4ec8-914d-310b697ee99a@group-91D24425D7B5:LeaderElection20] INFO  server.RaftServerConfigKeys (ConfUtils.java:logGet(43)) - raft.server.log.appender.install.snapshot.enabled = false (custom)
2019-09-26 16:34:46,405 [4d7b7b0b-d4b2-4e9e-949c-b3d401b8342c@group-9108ADE1020B:LeaderElection21] INFO  impl.RoleInfo (RoleInfo.java:updateAndGet(143)) - 4d7b7b0b-d4b2-4e9e-949c-b3d401b8342c: start LeaderState
2019-09-26 16:34:46,405 [e92f8c69-4518-4ec8-914d-310b697ee99a@group-91D24425D7B5:LeaderElection20] INFO  impl.RoleInfo (RoleInfo.java:updateAndGet(143)) - e92f8c69-4518-4ec8-914d-310b697ee99a: start LeaderState
2019-09-26 16:34:46,406 [4d7b7b0b-d4b2-4e9e-949c-b3d401b8342c@group-9108ADE1020B:LeaderElection21] INFO  segmented.SegmentedRaftLogWorker (SegmentedRaftLogWorker.java:startLogSegment(380)) - 4d7b7b0b-d4b2-4e9e-949c-b3d401b8342c@group-9108ADE1020B-SegmentedRaftLogWorker: Starting segment from index:0
2019-09-26 16:34:46,406 [e92f8c69-4518-4ec8-914d-310b697ee99a@group-91D24425D7B5:LeaderElection20] INFO  segmented.SegmentedRaftLogWorker (SegmentedRaftLogWorker.java:startLogSegment(380)) - e92f8c69-4518-4ec8-914d-310b697ee99a@group-91D24425D7B5-SegmentedRaftLogWorker: Starting segment from index:0
2019-09-26 16:34:46,407 [4d7b7b0b-d4b2-4e9e-949c-b3d401b8342c@group-9108ADE1020B:LeaderElection21] INFO  impl.RaftServerImpl (ServerState.java:setRaftConf(354)) - 4d7b7b0b-d4b2-4e9e-949c-b3d401b8342c@group-9108ADE1020B: set configuration 0: [4d7b7b0b-d4b2-4e9e-949c-b3d401b8342c:192.168.157.234:44365, 837115f0-6bdf-4bb0-a918-7bab3585449b:192.168.157.234:40176, 9221d1d4-f927-4b56-ab16-f2eacc87aadd:192.168.157.234:40823], old=null at 0
2019-09-26 16:34:46,448 [e92f8c69-4518-4ec8-914d-310b697ee99a@group-91D24425D7B5:LeaderElection20] INFO  impl.RaftServerImpl (ServerState.java:setRaftConf(354)) - e92f8c69-4518-4ec8-914d-310b697ee99a@group-91D24425D7B5: set configuration 0: [acb5cb05-bd62-40bc-82c8-ae32f2a7d477:192.168.157.234:45827, 1cb81857-6495-4479-8124-808fc28ebfe2:192.168.157.234:42169, e92f8c69-4518-4ec8-914d-310b697ee99a:192.168.157.234:37423], old=null at 0
2019-09-26 16:34:46,460 [4d7b7b0b-d4b2-4e9e-949c-b3d401b8342c@group-9108ADE1020B-SegmentedRaftLogWorker] INFO  segmented.SegmentedRaftLogWorker (SegmentedRaftLogWorker.java:execute(569)) - 4d7b7b0b-d4b2-4e9e-949c-b3d401b8342c@group-9108ADE1020B-SegmentedRaftLogWorker: created new log segment /workdir/hadoop-ozone/integration-test/target/test-dir/MiniOzoneClusterImpl-b5ca4ec9-472d-464d-82c8-bb75eaf95e3a/datanode-9/data/ratis/a915a3b2-986f-4c25-8dfe-9108ade1020b/current/log_inprogress_0
2019-09-26 16:34:46,460 [e92f8c69-4518-4ec8-914d-310b697ee99a@group-91D24425D7B5-SegmentedRaftLogWorker] INFO  segmented.SegmentedRaftLogWorker (SegmentedRaftLogWorker.java:execute(569)) - e92f8c69-4518-4ec8-914d-310b697ee99a@group-91D24425D7B5-SegmentedRaftLogWorker: created new log segment /workdir/hadoop-ozone/integration-test/target/test-dir/MiniOzoneClusterImpl-b5ca4ec9-472d-464d-82c8-bb75eaf95e3a/datanode-0/data/ratis/c5a9263b-8a31-4160-9530-91d24425d7b5/current/log_inprogress_0
2019-09-26 16:34:46,480 [grpc-default-executor-3] INFO  impl.RaftServerImpl (ServerState.java:setLeader(253)) - 1cb81857-6495-4479-8124-808fc28ebfe2@group-91D24425D7B5: change Leader from null to e92f8c69-4518-4ec8-914d-310b697ee99a at term 2 for appendEntries, leader elected after 2672ms
2019-09-26 16:34:46,480 [grpc-default-executor-1] INFO  impl.RaftServerImpl (ServerState.java:setLeader(253)) - acb5cb05-bd62-40bc-82c8-ae32f2a7d477@group-91D24425D7B5: change Leader from null to e92f8c69-4518-4ec8-914d-310b697ee99a at term 2 for appendEntries, leader elected after 2672ms
2019-09-26 16:34:46,481 [grpc-default-executor-6] INFO  impl.RaftServerImpl (ServerState.java:setLeader(253)) - 9221d1d4-f927-4b56-ab16-f2eacc87aadd@group-9108ADE1020B: change Leader from null to 4d7b7b0b-d4b2-4e9e-949c-b3d401b8342c at term 2 for appendEntries, leader elected after 2799ms
2019-09-26 16:34:46,481 [grpc-default-executor-4] INFO  impl.RaftServerImpl (ServerState.java:setLeader(253)) - 837115f0-6bdf-4bb0-a918-7bab3585449b@group-9108ADE1020B: change Leader from null to 4d7b7b0b-d4b2-4e9e-949c-b3d401b8342c at term 2 for appendEntries, leader elected after 2800ms
2019-09-26 16:34:46,521 [grpc-default-executor-3] INFO  impl.RaftServerImpl (ServerState.java:setRaftConf(354)) - 1cb81857-6495-4479-8124-808fc28ebfe2@group-91D24425D7B5: set configuration 0: [acb5cb05-bd62-40bc-82c8-ae32f2a7d477:192.168.157.234:45827, 1cb81857-6495-4479-8124-808fc28ebfe2:192.168.157.234:42169, e92f8c69-4518-4ec8-914d-310b697ee99a:192.168.157.234:37423], old=null at 0
2019-09-26 16:34:46,521 [grpc-default-executor-4] INFO  impl.RaftServerImpl (ServerState.java:setRaftConf(354)) - 837115f0-6bdf-4bb0-a918-7bab3585449b@group-9108ADE1020B: set configuration 0: [4d7b7b0b-d4b2-4e9e-949c-b3d401b8342c:192.168.157.234:44365, 837115f0-6bdf-4bb0-a918-7bab3585449b:192.168.157.234:40176, 9221d1d4-f927-4b56-ab16-f2eacc87aadd:192.168.157.234:40823], old=null at 0
2019-09-26 16:34:46,521 [grpc-default-executor-3] INFO  segmented.SegmentedRaftLogWorker (SegmentedRaftLogWorker.java:startLogSegment(380)) - 1cb81857-6495-4479-8124-808fc28ebfe2@group-91D24425D7B5-SegmentedRaftLogWorker: Starting segment from index:0
2019-09-26 16:34:46,521 [grpc-default-executor-1] INFO  impl.RaftServerImpl (ServerState.java:setRaftConf(354)) - acb5cb05-bd62-40bc-82c8-ae32f2a7d477@group-91D24425D7B5: set configuration 0: [acb5cb05-bd62-40bc-82c8-ae32f2a7d477:192.168.157.234:45827, 1cb81857-6495-4479-8124-808fc28ebfe2:192.168.157.234:42169, e92f8c69-4518-4ec8-914d-310b697ee99a:192.168.157.234:37423], old=null at 0
2019-09-26 16:34:46,521 [grpc-default-executor-6] INFO  impl.RaftServerImpl (ServerState.java:setRaftConf(354)) - 9221d1d4-f927-4b56-ab16-f2eacc87aadd@group-9108ADE1020B: set configuration 0: [4d7b7b0b-d4b2-4e9e-949c-b3d401b8342c:192.168.157.234:44365, 837115f0-6bdf-4bb0-a918-7bab3585449b:192.168.157.234:40176, 9221d1d4-f927-4b56-ab16-f2eacc87aadd:192.168.157.234:40823], old=null at 0
2019-09-26 16:34:46,522 [grpc-default-executor-1] INFO  segmented.SegmentedRaftLogWorker (SegmentedRaftLogWorker.java:startLogSegment(380)) - acb5cb05-bd62-40bc-82c8-ae32f2a7d477@group-91D24425D7B5-SegmentedRaftLogWorker: Starting segment from index:0
2019-09-26 16:34:46,522 [grpc-default-executor-4] INFO  segmented.SegmentedRaftLogWorker (SegmentedRaftLogWorker.java:startLogSegment(380)) - 837115f0-6bdf-4bb0-a918-7bab3585449b@group-9108ADE1020B-SegmentedRaftLogWorker: Starting segment from index:0
2019-09-26 16:34:46,522 [grpc-default-executor-6] INFO  segmented.SegmentedRaftLogWorker (SegmentedRaftLogWorker.java:startLogSegment(380)) - 9221d1d4-f927-4b56-ab16-f2eacc87aadd@group-9108ADE1020B-SegmentedRaftLogWorker: Starting segment from index:0
2019-09-26 16:34:46,541 [Thread-395] INFO  impl.FollowerState (FollowerState.java:run(106)) - 2d203acc-2876-43cc-a645-52d5b2311198:group-185BD4C38C74 changes to CANDIDATE, lastRpcTime:1170, electionTimeout:1167ms
2019-09-26 16:34:46,542 [Thread-395] INFO  impl.RoleInfo (RoleInfo.java:shutdownFollowerState(121)) - 2d203acc-2876-43cc-a645-52d5b2311198: shutdown FollowerState
2019-09-26 16:34:46,542 [Thread-395] INFO  impl.RaftServerImpl (RaftServerImpl.java:setRole(174)) - 2d203acc-2876-43cc-a645-52d5b2311198@group-185BD4C38C74: changes role from  FOLLOWER to CANDIDATE at term 1 for changeToCandidate
2019-09-26 16:34:46,542 [Thread-395] INFO  impl.RoleInfo (RoleInfo.java:updateAndGet(143)) - 2d203acc-2876-43cc-a645-52d5b2311198: start LeaderElection
2019-09-26 16:34:46,569 [acb5cb05-bd62-40bc-82c8-ae32f2a7d477@group-91D24425D7B5-SegmentedRaftLogWorker] INFO  segmented.SegmentedRaftLogWorker (SegmentedRaftLogWorker.java:execute(569)) - acb5cb05-bd62-40bc-82c8-ae32f2a7d477@group-91D24425D7B5-SegmentedRaftLogWorker: created new log segment /workdir/hadoop-ozone/integration-test/target/test-dir/MiniOzoneClusterImpl-b5ca4ec9-472d-464d-82c8-bb75eaf95e3a/datanode-3/data/ratis/c5a9263b-8a31-4160-9530-91d24425d7b5/current/log_inprogress_0
2019-09-26 16:34:46,570 [2d203acc-2876-43cc-a645-52d5b2311198@group-185BD4C38C74:LeaderElection23] INFO  impl.LeaderElection (LeaderElection.java:askForVotes(182)) - 2d203acc-2876-43cc-a645-52d5b2311198@group-185BD4C38C74:LeaderElection23: begin an election at term 2 for -1: [543c4478-56da-43d0-bc7b-befbdfd1ac53:192.168.157.234:44484, f9bb6cb5-24ba-4926-b442-6d897d5c3f6a:192.168.157.234:36804, 2d203acc-2876-43cc-a645-52d5b2311198:192.168.157.234:38739], old=null
2019-09-26 16:34:46,569 [1cb81857-6495-4479-8124-808fc28ebfe2@group-91D24425D7B5-SegmentedRaftLogWorker] INFO  segmented.SegmentedRaftLogWorker (SegmentedRaftLogWorker.java:execute(569)) - 1cb81857-6495-4479-8124-808fc28ebfe2@group-91D24425D7B5-SegmentedRaftLogWorker: created new log segment /workdir/hadoop-ozone/integration-test/target/test-dir/MiniOzoneClusterImpl-b5ca4ec9-472d-464d-82c8-bb75eaf95e3a/datanode-4/data/ratis/c5a9263b-8a31-4160-9530-91d24425d7b5/current/log_inprogress_0
2019-09-26 16:34:46,569 [837115f0-6bdf-4bb0-a918-7bab3585449b@group-9108ADE1020B-SegmentedRaftLogWorker] INFO  segmented.SegmentedRaftLogWorker (SegmentedRaftLogWorker.java:execute(569)) - 837115f0-6bdf-4bb0-a918-7bab3585449b@group-9108ADE1020B-SegmentedRaftLogWorker: created new log segment /workdir/hadoop-ozone/integration-test/target/test-dir/MiniOzoneClusterImpl-b5ca4ec9-472d-464d-82c8-bb75eaf95e3a/datanode-2/data/ratis/a915a3b2-986f-4c25-8dfe-9108ade1020b/current/log_inprogress_0
2019-09-26 16:34:46,569 [9221d1d4-f927-4b56-ab16-f2eacc87aadd@group-9108ADE1020B-SegmentedRaftLogWorker] INFO  segmented.SegmentedRaftLogWorker (SegmentedRaftLogWorker.java:execute(569)) - 9221d1d4-f927-4b56-ab16-f2eacc87aadd@group-9108ADE1020B-SegmentedRaftLogWorker: created new log segment /workdir/hadoop-ozone/integration-test/target/test-dir/MiniOzoneClusterImpl-b5ca4ec9-472d-464d-82c8-bb75eaf95e3a/datanode-1/data/ratis/a915a3b2-986f-4c25-8dfe-9108ade1020b/current/log_inprogress_0
2019-09-26 16:34:46,575 [grpc-default-executor-6] INFO  impl.RaftServerImpl (RaftServerImpl.java:setRole(174)) - 543c4478-56da-43d0-bc7b-befbdfd1ac53@group-185BD4C38C74: changes role from  FOLLOWER to FOLLOWER at term 2 for recognizeCandidate:2d203acc-2876-43cc-a645-52d5b2311198
2019-09-26 16:34:46,575 [grpc-default-executor-4] INFO  impl.RaftServerImpl (RaftServerImpl.java:setRole(174)) - f9bb6cb5-24ba-4926-b442-6d897d5c3f6a@group-185BD4C38C74: changes role from  FOLLOWER to FOLLOWER at term 2 for recognizeCandidate:2d203acc-2876-43cc-a645-52d5b2311198
2019-09-26 16:34:46,575 [grpc-default-executor-6] INFO  impl.RoleInfo (RoleInfo.java:shutdownFollowerState(121)) - 543c4478-56da-43d0-bc7b-befbdfd1ac53: shutdown FollowerState
2019-09-26 16:34:46,575 [grpc-default-executor-4] INFO  impl.RoleInfo (RoleInfo.java:shutdownFollowerState(121)) - f9bb6cb5-24ba-4926-b442-6d897d5c3f6a: shutdown FollowerState
2019-09-26 16:34:46,576 [grpc-default-executor-6] INFO  impl.RoleInfo (RoleInfo.java:updateAndGet(143)) - 543c4478-56da-43d0-bc7b-befbdfd1ac53: start FollowerState
2019-09-26 16:34:46,575 [Thread-397] INFO  impl.FollowerState (FollowerState.java:run(115)) - 543c4478-56da-43d0-bc7b-befbdfd1ac53: FollowerState was interrupted: java.lang.InterruptedException: sleep interrupted
2019-09-26 16:34:46,576 [Thread-398] INFO  impl.FollowerState (FollowerState.java:run(115)) - f9bb6cb5-24ba-4926-b442-6d897d5c3f6a: FollowerState was interrupted: java.lang.InterruptedException: sleep interrupted
2019-09-26 16:34:46,576 [grpc-default-executor-4] INFO  impl.RoleInfo (RoleInfo.java:updateAndGet(143)) - f9bb6cb5-24ba-4926-b442-6d897d5c3f6a: start FollowerState
2019-09-26 16:34:46,585 [2d203acc-2876-43cc-a645-52d5b2311198@group-185BD4C38C74:LeaderElection23] INFO  impl.LeaderElection (LeaderElection.java:logAndReturn(56)) - 2d203acc-2876-43cc-a645-52d5b2311198@group-185BD4C38C74:LeaderElection23: Election PASSED; received 1 response(s) [2d203acc-2876-43cc-a645-52d5b2311198<-543c4478-56da-43d0-bc7b-befbdfd1ac53#0:OK-t2] and 0 exception(s); 2d203acc-2876-43cc-a645-52d5b2311198@group-185BD4C38C74:t2, leader=null, voted=2d203acc-2876-43cc-a645-52d5b2311198, raftlog=2d203acc-2876-43cc-a645-52d5b2311198@group-185BD4C38C74-SegmentedRaftLog:OPENED:c-1,f-1,i0, conf=-1: [543c4478-56da-43d0-bc7b-befbdfd1ac53:192.168.157.234:44484, f9bb6cb5-24ba-4926-b442-6d897d5c3f6a:192.168.157.234:36804, 2d203acc-2876-43cc-a645-52d5b2311198:192.168.157.234:38739], old=null
2019-09-26 16:34:46,586 [2d203acc-2876-43cc-a645-52d5b2311198@group-185BD4C38C74:LeaderElection23] INFO  impl.RoleInfo (RoleInfo.java:shutdownLeaderElection(134)) - 2d203acc-2876-43cc-a645-52d5b2311198: shutdown LeaderElection
2019-09-26 16:34:46,591 [2d203acc-2876-43cc-a645-52d5b2311198@group-185BD4C38C74:LeaderElection23] INFO  impl.RaftServerImpl (RaftServerImpl.java:setRole(174)) - 2d203acc-2876-43cc-a645-52d5b2311198@group-185BD4C38C74: changes role from CANDIDATE to LEADER at term 2 for changeToLeader
2019-09-26 16:34:46,591 [2d203acc-2876-43cc-a645-52d5b2311198@group-185BD4C38C74:LeaderElection23] INFO  impl.RaftServerImpl (ServerState.java:setLeader(253)) - 2d203acc-2876-43cc-a645-52d5b2311198@group-185BD4C38C74: change Leader from null to 2d203acc-2876-43cc-a645-52d5b2311198 at term 2 for becomeLeader, leader elected after 2662ms
2019-09-26 16:34:46,594 [2d203acc-2876-43cc-a645-52d5b2311198@group-185BD4C38C74:LeaderElection23] INFO  server.RaftServerConfigKeys (ConfUtils.java:logGet(43)) - raft.server.staging.catchup.gap = 1000 (default)
2019-09-26 16:34:46,594 [2d203acc-2876-43cc-a645-52d5b2311198@group-185BD4C38C74:LeaderElection23] INFO  server.RaftServerConfigKeys (ConfUtils.java:logGet(43)) - raft.server.rpc.sleep.time = 25ms (default)
2019-09-26 16:34:46,594 [2d203acc-2876-43cc-a645-52d5b2311198@group-185BD4C38C74:LeaderElection23] INFO  server.RaftServerConfigKeys (ConfUtils.java:logGet(43)) - raft.server.write.element-limit = 4096 (default)
2019-09-26 16:34:46,594 [2d203acc-2876-43cc-a645-52d5b2311198@group-185BD4C38C74:LeaderElection23] INFO  server.RaftServerConfigKeys (ConfUtils.java:logGet(43)) - raft.server.watch.timeout = 10s (default)
2019-09-26 16:34:46,595 [2d203acc-2876-43cc-a645-52d5b2311198@group-185BD4C38C74:LeaderElection23] INFO  server.RaftServerConfigKeys (ConfUtils.java:logGet(43)) - raft.server.watch.timeout.denomination = 1s (default)
2019-09-26 16:34:46,595 [2d203acc-2876-43cc-a645-52d5b2311198@group-185BD4C38C74:LeaderElection23] INFO  server.RaftServerConfigKeys (ConfUtils.java:logGet(43)) - raft.server.watch.element-limit = 65536 (default)
2019-09-26 16:34:46,598 [2d203acc-2876-43cc-a645-52d5b2311198@group-185BD4C38C74:LeaderElection23] INFO  server.RaftServerConfigKeys (ConfUtils.java:logGet(43)) - raft.server.log.appender.snapshot.chunk.size.max = 16MB (=16777216) (default)
2019-09-26 16:34:46,598 [2d203acc-2876-43cc-a645-52d5b2311198@group-185BD4C38C74:LeaderElection23] INFO  server.RaftServerConfigKeys (ConfUtils.java:logGet(43)) - raft.server.log.appender.buffer.byte-limit = 33554432 (custom)
2019-09-26 16:34:46,599 [2d203acc-2876-43cc-a645-52d5b2311198@group-185BD4C38C74:LeaderElection23] INFO  server.RaftServerConfigKeys (ConfUtils.java:logGet(43)) - raft.server.log.appender.buffer.element-limit = 1 (custom)
2019-09-26 16:34:46,599 [2d203acc-2876-43cc-a645-52d5b2311198@group-185BD4C38C74:LeaderElection23] INFO  grpc.GrpcConfigKeys$Server (ConfUtils.java:logGet(43)) - raft.grpc.server.leader.outstanding.appends.max = 128 (default)
2019-09-26 16:34:46,599 [2d203acc-2876-43cc-a645-52d5b2311198@group-185BD4C38C74:LeaderElection23] INFO  server.RaftServerConfigKeys (ConfUtils.java:logGet(43)) - raft.server.rpc.request.timeout = 3000ms (default)
2019-09-26 16:34:46,599 [2d203acc-2876-43cc-a645-52d5b2311198@group-185BD4C38C74:LeaderElection23] INFO  server.RaftServerConfigKeys (ConfUtils.java:logGet(43)) - raft.server.log.appender.install.snapshot.enabled = false (custom)
2019-09-26 16:34:46,600 [2d203acc-2876-43cc-a645-52d5b2311198@group-185BD4C38C74:LeaderElection23] INFO  server.RaftServerConfigKeys (ConfUtils.java:logGet(43)) - raft.server.log.appender.snapshot.chunk.size.max = 16MB (=16777216) (default)
2019-09-26 16:34:46,600 [2d203acc-2876-43cc-a645-52d5b2311198@group-185BD4C38C74:LeaderElection23] INFO  server.RaftServerConfigKeys (ConfUtils.java:logGet(43)) - raft.server.log.appender.buffer.byte-limit = 33554432 (custom)
2019-09-26 16:34:46,600 [2d203acc-2876-43cc-a645-52d5b2311198@group-185BD4C38C74:LeaderElection23] INFO  server.RaftServerConfigKeys (ConfUtils.java:logGet(43)) - raft.server.log.appender.buffer.element-limit = 1 (custom)
2019-09-26 16:34:46,600 [2d203acc-2876-43cc-a645-52d5b2311198@group-185BD4C38C74:LeaderElection23] INFO  grpc.GrpcConfigKeys$Server (ConfUtils.java:logGet(43)) - raft.grpc.server.leader.outstanding.appends.max = 128 (default)
2019-09-26 16:34:46,601 [2d203acc-2876-43cc-a645-52d5b2311198@group-185BD4C38C74:LeaderElection23] INFO  server.RaftServerConfigKeys (ConfUtils.java:logGet(43)) - raft.server.rpc.request.timeout = 3000ms (default)
2019-09-26 16:34:46,601 [2d203acc-2876-43cc-a645-52d5b2311198@group-185BD4C38C74:LeaderElection23] INFO  server.RaftServerConfigKeys (ConfUtils.java:logGet(43)) - raft.server.log.appender.install.snapshot.enabled = false (custom)
2019-09-26 16:34:46,601 [2d203acc-2876-43cc-a645-52d5b2311198@group-185BD4C38C74:LeaderElection23] INFO  impl.RoleInfo (RoleInfo.java:updateAndGet(143)) - 2d203acc-2876-43cc-a645-52d5b2311198: start LeaderState
2019-09-26 16:34:46,601 [2d203acc-2876-43cc-a645-52d5b2311198@group-185BD4C38C74:LeaderElection23] INFO  segmented.SegmentedRaftLogWorker (SegmentedRaftLogWorker.java:startLogSegment(380)) - 2d203acc-2876-43cc-a645-52d5b2311198@group-185BD4C38C74-SegmentedRaftLogWorker: Starting segment from index:0
2019-09-26 16:34:46,602 [2d203acc-2876-43cc-a645-52d5b2311198@group-185BD4C38C74:LeaderElection23] INFO  impl.RaftServerImpl (ServerState.java:setRaftConf(354)) - 2d203acc-2876-43cc-a645-52d5b2311198@group-185BD4C38C74: set configuration 0: [543c4478-56da-43d0-bc7b-befbdfd1ac53:192.168.157.234:44484, f9bb6cb5-24ba-4926-b442-6d897d5c3f6a:192.168.157.234:36804, 2d203acc-2876-43cc-a645-52d5b2311198:192.168.157.234:38739], old=null at 0
2019-09-26 16:34:46,647 [grpc-default-executor-6] INFO  impl.RaftServerImpl (ServerState.java:setLeader(253)) - f9bb6cb5-24ba-4926-b442-6d897d5c3f6a@group-185BD4C38C74: change Leader from null to 2d203acc-2876-43cc-a645-52d5b2311198 at term 2 for appendEntries, leader elected after 2718ms
2019-09-26 16:34:46,651 [grpc-default-executor-3] INFO  impl.RaftServerImpl (ServerState.java:setLeader(253)) - 543c4478-56da-43d0-bc7b-befbdfd1ac53@group-185BD4C38C74: change Leader from null to 2d203acc-2876-43cc-a645-52d5b2311198 at term 2 for appendEntries, leader elected after 2721ms
2019-09-26 16:34:46,655 [grpc-default-executor-6] INFO  impl.RaftServerImpl (ServerState.java:setRaftConf(354)) - f9bb6cb5-24ba-4926-b442-6d897d5c3f6a@group-185BD4C38C74: set configuration 0: [543c4478-56da-43d0-bc7b-befbdfd1ac53:192.168.157.234:44484, f9bb6cb5-24ba-4926-b442-6d897d5c3f6a:192.168.157.234:36804, 2d203acc-2876-43cc-a645-52d5b2311198:192.168.157.234:38739], old=null at 0
2019-09-26 16:34:46,655 [grpc-default-executor-3] INFO  impl.RaftServerImpl (ServerState.java:setRaftConf(354)) - 543c4478-56da-43d0-bc7b-befbdfd1ac53@group-185BD4C38C74: set configuration 0: [543c4478-56da-43d0-bc7b-befbdfd1ac53:192.168.157.234:44484, f9bb6cb5-24ba-4926-b442-6d897d5c3f6a:192.168.157.234:36804, 2d203acc-2876-43cc-a645-52d5b2311198:192.168.157.234:38739], old=null at 0
2019-09-26 16:34:46,655 [grpc-default-executor-6] INFO  segmented.SegmentedRaftLogWorker (SegmentedRaftLogWorker.java:startLogSegment(380)) - f9bb6cb5-24ba-4926-b442-6d897d5c3f6a@group-185BD4C38C74-SegmentedRaftLogWorker: Starting segment from index:0
2019-09-26 16:34:46,656 [grpc-default-executor-3] INFO  segmented.SegmentedRaftLogWorker (SegmentedRaftLogWorker.java:startLogSegment(380)) - 543c4478-56da-43d0-bc7b-befbdfd1ac53@group-185BD4C38C74-SegmentedRaftLogWorker: Starting segment from index:0
2019-09-26 16:34:46,657 [2d203acc-2876-43cc-a645-52d5b2311198@group-185BD4C38C74-SegmentedRaftLogWorker] INFO  segmented.SegmentedRaftLogWorker (SegmentedRaftLogWorker.java:execute(569)) - 2d203acc-2876-43cc-a645-52d5b2311198@group-185BD4C38C74-SegmentedRaftLogWorker: created new log segment /workdir/hadoop-ozone/integration-test/target/test-dir/MiniOzoneClusterImpl-b5ca4ec9-472d-464d-82c8-bb75eaf95e3a/datanode-7/data/ratis/84894dd6-6b9b-4dd4-911b-185bd4c38c74/current/log_inprogress_0
2019-09-26 16:34:46,689 [f9bb6cb5-24ba-4926-b442-6d897d5c3f6a@group-185BD4C38C74-SegmentedRaftLogWorker] INFO  segmented.SegmentedRaftLogWorker (SegmentedRaftLogWorker.java:execute(569)) - f9bb6cb5-24ba-4926-b442-6d897d5c3f6a@group-185BD4C38C74-SegmentedRaftLogWorker: created new log segment /workdir/hadoop-ozone/integration-test/target/test-dir/MiniOzoneClusterImpl-b5ca4ec9-472d-464d-82c8-bb75eaf95e3a/datanode-5/data/ratis/84894dd6-6b9b-4dd4-911b-185bd4c38c74/current/log_inprogress_0
2019-09-26 16:34:46,696 [main] INFO  ipc.Client (Client.java:handleConnectionFailure(948)) - Retrying connect to server: localhost/127.0.0.1:0. Already tried 2 time(s); retry policy is RetryUpToMaximumCountWithFixedSleep(maxRetries=10, sleepTime=1000 MILLISECONDS)
2019-09-26 16:34:46,703 [543c4478-56da-43d0-bc7b-befbdfd1ac53@group-185BD4C38C74-SegmentedRaftLogWorker] INFO  segmented.SegmentedRaftLogWorker (SegmentedRaftLogWorker.java:execute(569)) - 543c4478-56da-43d0-bc7b-befbdfd1ac53@group-185BD4C38C74-SegmentedRaftLogWorker: created new log segment /workdir/hadoop-ozone/integration-test/target/test-dir/MiniOzoneClusterImpl-b5ca4ec9-472d-464d-82c8-bb75eaf95e3a/datanode-6/data/ratis/84894dd6-6b9b-4dd4-911b-185bd4c38c74/current/log_inprogress_0
2019-09-26 16:34:47,697 [main] INFO  ipc.Client (Client.java:handleConnectionFailure(948)) - Retrying connect to server: localhost/127.0.0.1:0. Already tried 3 time(s); retry policy is RetryUpToMaximumCountWithFixedSleep(maxRetries=10, sleepTime=1000 MILLISECONDS)
2019-09-26 16:34:48,699 [main] INFO  ipc.Client (Client.java:handleConnectionFailure(948)) - Retrying connect to server: localhost/127.0.0.1:0. Already tried 4 time(s); retry policy is RetryUpToMaximumCountWithFixedSleep(maxRetries=10, sleepTime=1000 MILLISECONDS)
2019-09-26 16:34:49,700 [main] INFO  ipc.Client (Client.java:handleConnectionFailure(948)) - Retrying connect to server: localhost/127.0.0.1:0. Already tried 5 time(s); retry policy is RetryUpToMaximumCountWithFixedSleep(maxRetries=10, sleepTime=1000 MILLISECONDS)
2019-09-26 16:34:50,701 [main] INFO  ipc.Client (Client.java:handleConnectionFailure(948)) - Retrying connect to server: localhost/127.0.0.1:0. Already tried 6 time(s); retry policy is RetryUpToMaximumCountWithFixedSleep(maxRetries=10, sleepTime=1000 MILLISECONDS)
2019-09-26 16:34:51,703 [main] INFO  ipc.Client (Client.java:handleConnectionFailure(948)) - Retrying connect to server: localhost/127.0.0.1:0. Already tried 7 time(s); retry policy is RetryUpToMaximumCountWithFixedSleep(maxRetries=10, sleepTime=1000 MILLISECONDS)
2019-09-26 16:34:52,704 [main] INFO  ipc.Client (Client.java:handleConnectionFailure(948)) - Retrying connect to server: localhost/127.0.0.1:0. Already tried 8 time(s); retry policy is RetryUpToMaximumCountWithFixedSleep(maxRetries=10, sleepTime=1000 MILLISECONDS)
2019-09-26 16:34:53,705 [main] INFO  ipc.Client (Client.java:handleConnectionFailure(948)) - Retrying connect to server: localhost/127.0.0.1:0. Already tried 9 time(s); retry policy is RetryUpToMaximumCountWithFixedSleep(maxRetries=10, sleepTime=1000 MILLISECONDS)
2019-09-26 16:34:54,711 [main] INFO  ipc.Client (Client.java:handleConnectionFailure(948)) - Retrying connect to server: localhost/127.0.0.1:0. Already tried 0 time(s); retry policy is RetryUpToMaximumCountWithFixedSleep(maxRetries=10, sleepTime=1000 MILLISECONDS)
2019-09-26 16:34:55,712 [main] INFO  ipc.Client (Client.java:handleConnectionFailure(948)) - Retrying connect to server: localhost/127.0.0.1:0. Already tried 1 time(s); retry policy is RetryUpToMaximumCountWithFixedSleep(maxRetries=10, sleepTime=1000 MILLISECONDS)
2019-09-26 16:34:56,714 [main] INFO  ipc.Client (Client.java:handleConnectionFailure(948)) - Retrying connect to server: localhost/127.0.0.1:0. Already tried 2 time(s); retry policy is RetryUpToMaximumCountWithFixedSleep(maxRetries=10, sleepTime=1000 MILLISECONDS)
2019-09-26 16:34:57,715 [main] INFO  ipc.Client (Client.java:handleConnectionFailure(948)) - Retrying connect to server: localhost/127.0.0.1:0. Already tried 3 time(s); retry policy is RetryUpToMaximumCountWithFixedSleep(maxRetries=10, sleepTime=1000 MILLISECONDS)
2019-09-26 16:34:58,717 [main] INFO  ipc.Client (Client.java:handleConnectionFailure(948)) - Retrying connect to server: localhost/127.0.0.1:0. Already tried 4 time(s); retry policy is RetryUpToMaximumCountWithFixedSleep(maxRetries=10, sleepTime=1000 MILLISECONDS)
2019-09-26 16:34:59,718 [main] INFO  ipc.Client (Client.java:handleConnectionFailure(948)) - Retrying connect to server: localhost/127.0.0.1:0. Already tried 5 time(s); retry policy is RetryUpToMaximumCountWithFixedSleep(maxRetries=10, sleepTime=1000 MILLISECONDS)
2019-09-26 16:35:00,719 [main] INFO  ipc.Client (Client.java:handleConnectionFailure(948)) - Retrying connect to server: localhost/127.0.0.1:0. Already tried 6 time(s); retry policy is RetryUpToMaximumCountWithFixedSleep(maxRetries=10, sleepTime=1000 MILLISECONDS)
2019-09-26 16:35:01,721 [main] INFO  ipc.Client (Client.java:handleConnectionFailure(948)) - Retrying connect to server: localhost/127.0.0.1:0. Already tried 7 time(s); retry policy is RetryUpToMaximumCountWithFixedSleep(maxRetries=10, sleepTime=1000 MILLISECONDS)
2019-09-26 16:35:02,722 [main] INFO  ipc.Client (Client.java:handleConnectionFailure(948)) - Retrying connect to server: localhost/127.0.0.1:0. Already tried 8 time(s); retry policy is RetryUpToMaximumCountWithFixedSleep(maxRetries=10, sleepTime=1000 MILLISECONDS)
2019-09-26 16:35:03,723 [main] INFO  ipc.Client (Client.java:handleConnectionFailure(948)) - Retrying connect to server: localhost/127.0.0.1:0. Already tried 9 time(s); retry policy is RetryUpToMaximumCountWithFixedSleep(maxRetries=10, sleepTime=1000 MILLISECONDS)
2019-09-26 16:35:03,725 [main] INFO  retry.RetryInvocationHandler (RetryInvocationHandler.java:log(411)) - com.google.protobuf.ServiceException: java.net.ConnectException: Your endpoint configuration is wrong; For more details see:  http://wiki.apache.org/hadoop/UnsetHostnameOrPort, while invoking $Proxy35.submitRequest over nodeId=null,nodeAddress=127.0.0.1:0 after 1 failover attempts. Trying to failover immediately.
2019-09-26 16:35:04,726 [main] INFO  ipc.Client (Client.java:handleConnectionFailure(948)) - Retrying connect to server: localhost/127.0.0.1:0. Already tried 0 time(s); retry policy is RetryUpToMaximumCountWithFixedSleep(maxRetries=10, sleepTime=1000 MILLISECONDS)
2019-09-26 16:35:05,728 [main] INFO  ipc.Client (Client.java:handleConnectionFailure(948)) - Retrying connect to server: localhost/127.0.0.1:0. Already tried 1 time(s); retry policy is RetryUpToMaximumCountWithFixedSleep(maxRetries=10, sleepTime=1000 MILLISECONDS)
2019-09-26 16:35:06,729 [main] INFO  ipc.Client (Client.java:handleConnectionFailure(948)) - Retrying connect to server: localhost/127.0.0.1:0. Already tried 2 time(s); retry policy is RetryUpToMaximumCountWithFixedSleep(maxRetries=10, sleepTime=1000 MILLISECONDS)
2019-09-26 16:35:07,932 [main] INFO  ipc.Client (Client.java:handleConnectionFailure(948)) - Retrying connect to server: localhost/127.0.0.1:0. Already tried 3 time(s); retry policy is RetryUpToMaximumCountWithFixedSleep(maxRetries=10, sleepTime=1000 MILLISECONDS)
2019-09-26 16:35:07,932 [Thread-413] WARN  util.JavaUtils (JavaUtils.java:sleep(250)) - Unexpected long sleep: sleep(1062ms) actually took 1408ms which is over the threshold 300ms
2019-09-26 16:35:07,934 [Thread-408] WARN  util.JavaUtils (JavaUtils.java:sleep(250)) - Unexpected long sleep: sleep(1172ms) actually took 1680ms which is over the threshold 300ms
2019-09-26 16:35:08,939 [main] INFO  ipc.Client (Client.java:handleConnectionFailure(948)) - Retrying connect to server: localhost/127.0.0.1:0. Already tried 4 time(s); retry policy is RetryUpToMaximumCountWithFixedSleep(maxRetries=10, sleepTime=1000 MILLISECONDS)
2019-09-26 16:35:09,940 [main] INFO  ipc.Client (Client.java:handleConnectionFailure(948)) - Retrying connect to server: localhost/127.0.0.1:0. Already tried 5 time(s); retry policy is RetryUpToMaximumCountWithFixedSleep(maxRetries=10, sleepTime=1000 MILLISECONDS)
2019-09-26 16:35:10,941 [main] INFO  ipc.Client (Client.java:handleConnectionFailure(948)) - Retrying connect to server: localhost/127.0.0.1:0. Already tried 6 time(s); retry policy is RetryUpToMaximumCountWithFixedSleep(maxRetries=10, sleepTime=1000 MILLISECONDS)
2019-09-26 16:35:11,942 [main] INFO  ipc.Client (Client.java:handleConnectionFailure(948)) - Retrying connect to server: localhost/127.0.0.1:0. Already tried 7 time(s); retry policy is RetryUpToMaximumCountWithFixedSleep(maxRetries=10, sleepTime=1000 MILLISECONDS)
2019-09-26 16:35:12,944 [main] INFO  ipc.Client (Client.java:handleConnectionFailure(948)) - Retrying connect to server: localhost/127.0.0.1:0. Already tried 8 time(s); retry policy is RetryUpToMaximumCountWithFixedSleep(maxRetries=10, sleepTime=1000 MILLISECONDS)
2019-09-26 16:35:13,945 [main] INFO  ipc.Client (Client.java:handleConnectionFailure(948)) - Retrying connect to server: localhost/127.0.0.1:0. Already tried 9 time(s); retry policy is RetryUpToMaximumCountWithFixedSleep(maxRetries=10, sleepTime=1000 MILLISECONDS)
2019-09-26 16:35:13,947 [main] INFO  retry.RetryInvocationHandler (RetryInvocationHandler.java:log(411)) - com.google.protobuf.ServiceException: java.net.ConnectException: Your endpoint configuration is wrong; For more details see:  http://wiki.apache.org/hadoop/UnsetHostnameOrPort, while invoking $Proxy35.submitRequest over nodeId=null,nodeAddress=127.0.0.1:0 after 2 failover attempts. Trying to failover immediately.
2019-09-26 16:35:14,948 [main] INFO  ipc.Client (Client.java:handleConnectionFailure(948)) - Retrying connect to server: localhost/127.0.0.1:0. Already tried 0 time(s); retry policy is RetryUpToMaximumCountWithFixedSleep(maxRetries=10, sleepTime=1000 MILLISECONDS)
2019-09-26 16:35:15,949 [main] INFO  ipc.Client (Client.java:handleConnectionFailure(948)) - Retrying connect to server: localhost/127.0.0.1:0. Already tried 1 time(s); retry policy is RetryUpToMaximumCountWithFixedSleep(maxRetries=10, sleepTime=1000 MILLISECONDS)
2019-09-26 16:35:16,950 [main] INFO  ipc.Client (Client.java:handleConnectionFailure(948)) - Retrying connect to server: localhost/127.0.0.1:0. Already tried 2 time(s); retry policy is RetryUpToMaximumCountWithFixedSleep(maxRetries=10, sleepTime=1000 MILLISECONDS)
2019-09-26 16:35:17,952 [main] INFO  ipc.Client (Client.java:handleConnectionFailure(948)) - Retrying connect to server: localhost/127.0.0.1:0. Already tried 3 time(s); retry policy is RetryUpToMaximumCountWithFixedSleep(maxRetries=10, sleepTime=1000 MILLISECONDS)
2019-09-26 16:35:18,953 [main] INFO  ipc.Client (Client.java:handleConnectionFailure(948)) - Retrying connect to server: localhost/127.0.0.1:0. Already tried 4 time(s); retry policy is RetryUpToMaximumCountWithFixedSleep(maxRetries=10, sleepTime=1000 MILLISECONDS)
2019-09-26 16:35:19,958 [main] INFO  ipc.Client (Client.java:handleConnectionFailure(948)) - Retrying connect to server: localhost/127.0.0.1:0. Already tried 5 time(s); retry policy is RetryUpToMaximumCountWithFixedSleep(maxRetries=10, sleepTime=1000 MILLISECONDS)
2019-09-26 16:35:20,963 [main] INFO  ipc.Client (Client.java:handleConnectionFailure(948)) - Retrying connect to server: localhost/127.0.0.1:0. Already tried 6 time(s); retry policy is RetryUpToMaximumCountWithFixedSleep(maxRetries=10, sleepTime=1000 MILLISECONDS)
2019-09-26 16:35:21,968 [main] INFO  ipc.Client (Client.java:handleConnectionFailure(948)) - Retrying connect to server: localhost/127.0.0.1:0. Already tried 7 time(s); retry policy is RetryUpToMaximumCountWithFixedSleep(maxRetries=10, sleepTime=1000 MILLISECONDS)
2019-09-26 16:35:22,972 [main] INFO  ipc.Client (Client.java:handleConnectionFailure(948)) - Retrying connect to server: localhost/127.0.0.1:0. Already tried 8 time(s); retry policy is RetryUpToMaximumCountWithFixedSleep(maxRetries=10, sleepTime=1000 MILLISECONDS)
2019-09-26 16:35:23,976 [main] INFO  ipc.Client (Client.java:handleConnectionFailure(948)) - Retrying connect to server: localhost/127.0.0.1:0. Already tried 9 time(s); retry policy is RetryUpToMaximumCountWithFixedSleep(maxRetries=10, sleepTime=1000 MILLISECONDS)
2019-09-26 16:35:23,978 [main] INFO  retry.RetryInvocationHandler (RetryInvocationHandler.java:log(411)) - com.google.protobuf.ServiceException: java.net.ConnectException: Your endpoint configuration is wrong; For more details see:  http://wiki.apache.org/hadoop/UnsetHostnameOrPort, while invoking $Proxy35.submitRequest over nodeId=null,nodeAddress=127.0.0.1:0 after 3 failover attempts. Trying to failover immediately.
2019-09-26 16:35:24,981 [main] INFO  ipc.Client (Client.java:handleConnectionFailure(948)) - Retrying connect to server: localhost/127.0.0.1:0. Already tried 0 time(s); retry policy is RetryUpToMaximumCountWithFixedSleep(maxRetries=10, sleepTime=1000 MILLISECONDS)
2019-09-26 16:35:25,986 [main] INFO  ipc.Client (Client.java:handleConnectionFailure(948)) - Retrying connect to server: localhost/127.0.0.1:0. Already tried 1 time(s); retry policy is RetryUpToMaximumCountWithFixedSleep(maxRetries=10, sleepTime=1000 MILLISECONDS)
2019-09-26 16:35:26,990 [main] INFO  ipc.Client (Client.java:handleConnectionFailure(948)) - Retrying connect to server: localhost/127.0.0.1:0. Already tried 2 time(s); retry policy is RetryUpToMaximumCountWithFixedSleep(maxRetries=10, sleepTime=1000 MILLISECONDS)
2019-09-26 16:35:27,995 [main] INFO  ipc.Client (Client.java:handleConnectionFailure(948)) - Retrying connect to server: localhost/127.0.0.1:0. Already tried 3 time(s); retry policy is RetryUpToMaximumCountWithFixedSleep(maxRetries=10, sleepTime=1000 MILLISECONDS)
2019-09-26 16:35:28,999 [main] INFO  ipc.Client (Client.java:handleConnectionFailure(948)) - Retrying connect to server: localhost/127.0.0.1:0. Already tried 4 time(s); retry policy is RetryUpToMaximumCountWithFixedSleep(maxRetries=10, sleepTime=1000 MILLISECONDS)
2019-09-26 16:35:30,004 [main] INFO  ipc.Client (Client.java:handleConnectionFailure(948)) - Retrying connect to server: localhost/127.0.0.1:0. Already tried 5 time(s); retry policy is RetryUpToMaximumCountWithFixedSleep(maxRetries=10, sleepTime=1000 MILLISECONDS)
2019-09-26 16:35:31,009 [main] INFO  ipc.Client (Client.java:handleConnectionFailure(948)) - Retrying connect to server: localhost/127.0.0.1:0. Already tried 6 time(s); retry policy is RetryUpToMaximumCountWithFixedSleep(maxRetries=10, sleepTime=1000 MILLISECONDS)
2019-09-26 16:35:32,013 [main] INFO  ipc.Client (Client.java:handleConnectionFailure(948)) - Retrying connect to server: localhost/127.0.0.1:0. Already tried 7 time(s); retry policy is RetryUpToMaximumCountWithFixedSleep(maxRetries=10, sleepTime=1000 MILLISECONDS)
2019-09-26 16:35:33,018 [main] INFO  ipc.Client (Client.java:handleConnectionFailure(948)) - Retrying connect to server: localhost/127.0.0.1:0. Already tried 8 time(s); retry policy is RetryUpToMaximumCountWithFixedSleep(maxRetries=10, sleepTime=1000 MILLISECONDS)
2019-09-26 16:35:34,022 [main] INFO  ipc.Client (Client.java:handleConnectionFailure(948)) - Retrying connect to server: localhost/127.0.0.1:0. Already tried 9 time(s); retry policy is RetryUpToMaximumCountWithFixedSleep(maxRetries=10, sleepTime=1000 MILLISECONDS)
2019-09-26 16:35:34,024 [main] INFO  retry.RetryInvocationHandler (RetryInvocationHandler.java:log(411)) - com.google.protobuf.ServiceException: java.net.ConnectException: Your endpoint configuration is wrong; For more details see:  http://wiki.apache.org/hadoop/UnsetHostnameOrPort, while invoking $Proxy35.submitRequest over nodeId=null,nodeAddress=127.0.0.1:0 after 4 failover attempts. Trying to failover immediately.
2019-09-26 16:35:35,028 [main] INFO  ipc.Client (Client.java:handleConnectionFailure(948)) - Retrying connect to server: localhost/127.0.0.1:0. Already tried 0 time(s); retry policy is RetryUpToMaximumCountWithFixedSleep(maxRetries=10, sleepTime=1000 MILLISECONDS)
2019-09-26 16:35:36,030 [main] INFO  ipc.Client (Client.java:handleConnectionFailure(948)) - Retrying connect to server: localhost/127.0.0.1:0. Already tried 1 time(s); retry policy is RetryUpToMaximumCountWithFixedSleep(maxRetries=10, sleepTime=1000 MILLISECONDS)
2019-09-26 16:35:37,031 [main] INFO  ipc.Client (Client.java:handleConnectionFailure(948)) - Retrying connect to server: localhost/127.0.0.1:0. Already tried 2 time(s); retry policy is RetryUpToMaximumCountWithFixedSleep(maxRetries=10, sleepTime=1000 MILLISECONDS)
2019-09-26 16:35:38,033 [main] INFO  ipc.Client (Client.java:handleConnectionFailure(948)) - Retrying connect to server: localhost/127.0.0.1:0. Already tried 3 time(s); retry policy is RetryUpToMaximumCountWithFixedSleep(maxRetries=10, sleepTime=1000 MILLISECONDS)
2019-09-26 16:35:39,034 [main] INFO  ipc.Client (Client.java:handleConnectionFailure(948)) - Retrying connect to server: localhost/127.0.0.1:0. Already tried 4 time(s); retry policy is RetryUpToMaximumCountWithFixedSleep(maxRetries=10, sleepTime=1000 MILLISECONDS)
2019-09-26 16:35:40,035 [main] INFO  ipc.Client (Client.java:handleConnectionFailure(948)) - Retrying connect to server: localhost/127.0.0.1:0. Already tried 5 time(s); retry policy is RetryUpToMaximumCountWithFixedSleep(maxRetries=10, sleepTime=1000 MILLISECONDS)
2019-09-26 16:35:41,037 [main] INFO  ipc.Client (Client.java:handleConnectionFailure(948)) - Retrying connect to server: localhost/127.0.0.1:0. Already tried 6 time(s); retry policy is RetryUpToMaximumCountWithFixedSleep(maxRetries=10, sleepTime=1000 MILLISECONDS)
2019-09-26 16:35:42,038 [main] INFO  ipc.Client (Client.java:handleConnectionFailure(948)) - Retrying connect to server: localhost/127.0.0.1:0. Already tried 7 time(s); retry policy is RetryUpToMaximumCountWithFixedSleep(maxRetries=10, sleepTime=1000 MILLISECONDS)
2019-09-26 16:35:43,040 [main] INFO  ipc.Client (Client.java:handleConnectionFailure(948)) - Retrying connect to server: localhost/127.0.0.1:0. Already tried 8 time(s); retry policy is RetryUpToMaximumCountWithFixedSleep(maxRetries=10, sleepTime=1000 MILLISECONDS)
2019-09-26 16:35:44,041 [main] INFO  ipc.Client (Client.java:handleConnectionFailure(948)) - Retrying connect to server: localhost/127.0.0.1:0. Already tried 9 time(s); retry policy is RetryUpToMaximumCountWithFixedSleep(maxRetries=10, sleepTime=1000 MILLISECONDS)
2019-09-26 16:35:44,043 [main] INFO  retry.RetryInvocationHandler (RetryInvocationHandler.java:log(411)) - com.google.protobuf.ServiceException: java.net.ConnectException: Your endpoint configuration is wrong; For more details see:  http://wiki.apache.org/hadoop/UnsetHostnameOrPort, while invoking $Proxy35.submitRequest over nodeId=null,nodeAddress=127.0.0.1:0 after 5 failover attempts. Trying to failover immediately.
2019-09-26 16:35:45,044 [main] INFO  ipc.Client (Client.java:handleConnectionFailure(948)) - Retrying connect to server: localhost/127.0.0.1:0. Already tried 0 time(s); retry policy is RetryUpToMaximumCountWithFixedSleep(maxRetries=10, sleepTime=1000 MILLISECONDS)
2019-09-26 16:35:46,045 [main] INFO  ipc.Client (Client.java:handleConnectionFailure(948)) - Retrying connect to server: localhost/127.0.0.1:0. Already tried 1 time(s); retry policy is RetryUpToMaximumCountWithFixedSleep(maxRetries=10, sleepTime=1000 MILLISECONDS)
2019-09-26 16:35:47,047 [main] INFO  ipc.Client (Client.java:handleConnectionFailure(948)) - Retrying connect to server: localhost/127.0.0.1:0. Already tried 2 time(s); retry policy is RetryUpToMaximumCountWithFixedSleep(maxRetries=10, sleepTime=1000 MILLISECONDS)
2019-09-26 16:35:48,048 [main] INFO  ipc.Client (Client.java:handleConnectionFailure(948)) - Retrying connect to server: localhost/127.0.0.1:0. Already tried 3 time(s); retry policy is RetryUpToMaximumCountWithFixedSleep(maxRetries=10, sleepTime=1000 MILLISECONDS)
2019-09-26 16:35:49,050 [main] INFO  ipc.Client (Client.java:handleConnectionFailure(948)) - Retrying connect to server: localhost/127.0.0.1:0. Already tried 4 time(s); retry policy is RetryUpToMaximumCountWithFixedSleep(maxRetries=10, sleepTime=1000 MILLISECONDS)
2019-09-26 16:35:50,051 [main] INFO  ipc.Client (Client.java:handleConnectionFailure(948)) - Retrying connect to server: localhost/127.0.0.1:0. Already tried 5 time(s); retry policy is RetryUpToMaximumCountWithFixedSleep(maxRetries=10, sleepTime=1000 MILLISECONDS)
2019-09-26 16:35:51,052 [main] INFO  ipc.Client (Client.java:handleConnectionFailure(948)) - Retrying connect to server: localhost/127.0.0.1:0. Already tried 6 time(s); retry policy is RetryUpToMaximumCountWithFixedSleep(maxRetries=10, sleepTime=1000 MILLISECONDS)
2019-09-26 16:35:52,054 [main] INFO  ipc.Client (Client.java:handleConnectionFailure(948)) - Retrying connect to server: localhost/127.0.0.1:0. Already tried 7 time(s); retry policy is RetryUpToMaximumCountWithFixedSleep(maxRetries=10, sleepTime=1000 MILLISECONDS)
2019-09-26 16:35:53,055 [main] INFO  ipc.Client (Client.java:handleConnectionFailure(948)) - Retrying connect to server: localhost/127.0.0.1:0. Already tried 8 time(s); retry policy is RetryUpToMaximumCountWithFixedSleep(maxRetries=10, sleepTime=1000 MILLISECONDS)
2019-09-26 16:35:54,056 [main] INFO  ipc.Client (Client.java:handleConnectionFailure(948)) - Retrying connect to server: localhost/127.0.0.1:0. Already tried 9 time(s); retry policy is RetryUpToMaximumCountWithFixedSleep(maxRetries=10, sleepTime=1000 MILLISECONDS)
2019-09-26 16:35:54,058 [main] INFO  retry.RetryInvocationHandler (RetryInvocationHandler.java:log(411)) - com.google.protobuf.ServiceException: java.net.ConnectException: Your endpoint configuration is wrong; For more details see:  http://wiki.apache.org/hadoop/UnsetHostnameOrPort, while invoking $Proxy35.submitRequest over nodeId=null,nodeAddress=127.0.0.1:0 after 6 failover attempts. Trying to failover immediately.
2019-09-26 16:35:55,060 [main] INFO  ipc.Client (Client.java:handleConnectionFailure(948)) - Retrying connect to server: localhost/127.0.0.1:0. Already tried 0 time(s); retry policy is RetryUpToMaximumCountWithFixedSleep(maxRetries=10, sleepTime=1000 MILLISECONDS)
2019-09-26 16:35:56,061 [main] INFO  ipc.Client (Client.java:handleConnectionFailure(948)) - Retrying connect to server: localhost/127.0.0.1:0. Already tried 1 time(s); retry policy is RetryUpToMaximumCountWithFixedSleep(maxRetries=10, sleepTime=1000 MILLISECONDS)
2019-09-26 16:35:57,062 [main] INFO  ipc.Client (Client.java:handleConnectionFailure(948)) - Retrying connect to server: localhost/127.0.0.1:0. Already tried 2 time(s); retry policy is RetryUpToMaximumCountWithFixedSleep(maxRetries=10, sleepTime=1000 MILLISECONDS)
2019-09-26 16:35:58,063 [main] INFO  ipc.Client (Client.java:handleConnectionFailure(948)) - Retrying connect to server: localhost/127.0.0.1:0. Already tried 3 time(s); retry policy is RetryUpToMaximumCountWithFixedSleep(maxRetries=10, sleepTime=1000 MILLISECONDS)
2019-09-26 16:35:59,065 [main] INFO  ipc.Client (Client.java:handleConnectionFailure(948)) - Retrying connect to server: localhost/127.0.0.1:0. Already tried 4 time(s); retry policy is RetryUpToMaximumCountWithFixedSleep(maxRetries=10, sleepTime=1000 MILLISECONDS)
2019-09-26 16:36:00,066 [main] INFO  ipc.Client (Client.java:handleConnectionFailure(948)) - Retrying connect to server: localhost/127.0.0.1:0. Already tried 5 time(s); retry policy is RetryUpToMaximumCountWithFixedSleep(maxRetries=10, sleepTime=1000 MILLISECONDS)
2019-09-26 16:36:01,070 [main] INFO  ipc.Client (Client.java:handleConnectionFailure(948)) - Retrying connect to server: localhost/127.0.0.1:0. Already tried 6 time(s); retry policy is RetryUpToMaximumCountWithFixedSleep(maxRetries=10, sleepTime=1000 MILLISECONDS)
2019-09-26 16:36:02,072 [main] INFO  ipc.Client (Client.java:handleConnectionFailure(948)) - Retrying connect to server: localhost/127.0.0.1:0. Already tried 7 time(s); retry policy is RetryUpToMaximumCountWithFixedSleep(maxRetries=10, sleepTime=1000 MILLISECONDS)
2019-09-26 16:36:03,073 [main] INFO  ipc.Client (Client.java:handleConnectionFailure(948)) - Retrying connect to server: localhost/127.0.0.1:0. Already tried 8 time(s); retry policy is RetryUpToMaximumCountWithFixedSleep(maxRetries=10, sleepTime=1000 MILLISECONDS)
2019-09-26 16:36:04,075 [main] INFO  ipc.Client (Client.java:handleConnectionFailure(948)) - Retrying connect to server: localhost/127.0.0.1:0. Already tried 9 time(s); retry policy is RetryUpToMaximumCountWithFixedSleep(maxRetries=10, sleepTime=1000 MILLISECONDS)
2019-09-26 16:36:04,077 [main] INFO  retry.RetryInvocationHandler (RetryInvocationHandler.java:log(411)) - com.google.protobuf.ServiceException: java.net.ConnectException: Your endpoint configuration is wrong; For more details see:  http://wiki.apache.org/hadoop/UnsetHostnameOrPort, while invoking $Proxy35.submitRequest over nodeId=null,nodeAddress=127.0.0.1:0 after 7 failover attempts. Trying to failover immediately.
2019-09-26 16:36:05,078 [main] INFO  ipc.Client (Client.java:handleConnectionFailure(948)) - Retrying connect to server: localhost/127.0.0.1:0. Already tried 0 time(s); retry policy is RetryUpToMaximumCountWithFixedSleep(maxRetries=10, sleepTime=1000 MILLISECONDS)
2019-09-26 16:36:06,080 [main] INFO  ipc.Client (Client.java:handleConnectionFailure(948)) - Retrying connect to server: localhost/127.0.0.1:0. Already tried 1 time(s); retry policy is RetryUpToMaximumCountWithFixedSleep(maxRetries=10, sleepTime=1000 MILLISECONDS)
2019-09-26 16:36:07,081 [main] INFO  ipc.Client (Client.java:handleConnectionFailure(948)) - Retrying connect to server: localhost/127.0.0.1:0. Already tried 2 time(s); retry policy is RetryUpToMaximumCountWithFixedSleep(maxRetries=10, sleepTime=1000 MILLISECONDS)
2019-09-26 16:36:08,082 [main] INFO  ipc.Client (Client.java:handleConnectionFailure(948)) - Retrying connect to server: localhost/127.0.0.1:0. Already tried 3 time(s); retry policy is RetryUpToMaximumCountWithFixedSleep(maxRetries=10, sleepTime=1000 MILLISECONDS)
2019-09-26 16:36:09,084 [main] INFO  ipc.Client (Client.java:handleConnectionFailure(948)) - Retrying connect to server: localhost/127.0.0.1:0. Already tried 4 time(s); retry policy is RetryUpToMaximumCountWithFixedSleep(maxRetries=10, sleepTime=1000 MILLISECONDS)
2019-09-26 16:36:10,085 [main] INFO  ipc.Client (Client.java:handleConnectionFailure(948)) - Retrying connect to server: localhost/127.0.0.1:0. Already tried 5 time(s); retry policy is RetryUpToMaximumCountWithFixedSleep(maxRetries=10, sleepTime=1000 MILLISECONDS)
2019-09-26 16:36:11,086 [main] INFO  ipc.Client (Client.java:handleConnectionFailure(948)) - Retrying connect to server: localhost/127.0.0.1:0. Already tried 6 time(s); retry policy is RetryUpToMaximumCountWithFixedSleep(maxRetries=10, sleepTime=1000 MILLISECONDS)
2019-09-26 16:36:12,088 [main] INFO  ipc.Client (Client.java:handleConnectionFailure(948)) - Retrying connect to server: localhost/127.0.0.1:0. Already tried 7 time(s); retry policy is RetryUpToMaximumCountWithFixedSleep(maxRetries=10, sleepTime=1000 MILLISECONDS)
2019-09-26 16:36:13,089 [main] INFO  ipc.Client (Client.java:handleConnectionFailure(948)) - Retrying connect to server: localhost/127.0.0.1:0. Already tried 8 time(s); retry policy is RetryUpToMaximumCountWithFixedSleep(maxRetries=10, sleepTime=1000 MILLISECONDS)
2019-09-26 16:36:14,090 [main] INFO  ipc.Client (Client.java:handleConnectionFailure(948)) - Retrying connect to server: localhost/127.0.0.1:0. Already tried 9 time(s); retry policy is RetryUpToMaximumCountWithFixedSleep(maxRetries=10, sleepTime=1000 MILLISECONDS)
2019-09-26 16:36:14,092 [main] INFO  retry.RetryInvocationHandler (RetryInvocationHandler.java:log(411)) - com.google.protobuf.ServiceException: java.net.ConnectException: Your endpoint configuration is wrong; For more details see:  http://wiki.apache.org/hadoop/UnsetHostnameOrPort, while invoking $Proxy35.submitRequest over nodeId=null,nodeAddress=127.0.0.1:0 after 8 failover attempts. Trying to failover immediately.
2019-09-26 16:36:15,093 [main] INFO  ipc.Client (Client.java:handleConnectionFailure(948)) - Retrying connect to server: localhost/127.0.0.1:0. Already tried 0 time(s); retry policy is RetryUpToMaximumCountWithFixedSleep(maxRetries=10, sleepTime=1000 MILLISECONDS)
2019-09-26 16:36:16,095 [main] INFO  ipc.Client (Client.java:handleConnectionFailure(948)) - Retrying connect to server: localhost/127.0.0.1:0. Already tried 1 time(s); retry policy is RetryUpToMaximumCountWithFixedSleep(maxRetries=10, sleepTime=1000 MILLISECONDS)
2019-09-26 16:36:17,097 [main] INFO  ipc.Client (Client.java:handleConnectionFailure(948)) - Retrying connect to server: localhost/127.0.0.1:0. Already tried 2 time(s); retry policy is RetryUpToMaximumCountWithFixedSleep(maxRetries=10, sleepTime=1000 MILLISECONDS)
2019-09-26 16:36:18,098 [main] INFO  ipc.Client (Client.java:handleConnectionFailure(948)) - Retrying connect to server: localhost/127.0.0.1:0. Already tried 3 time(s); retry policy is RetryUpToMaximumCountWithFixedSleep(maxRetries=10, sleepTime=1000 MILLISECONDS)
2019-09-26 16:36:19,100 [main] INFO  ipc.Client (Client.java:handleConnectionFailure(948)) - Retrying connect to server: localhost/127.0.0.1:0. Already tried 4 time(s); retry policy is RetryUpToMaximumCountWithFixedSleep(maxRetries=10, sleepTime=1000 MILLISECONDS)
2019-09-26 16:36:20,101 [main] INFO  ipc.Client (Client.java:handleConnectionFailure(948)) - Retrying connect to server: localhost/127.0.0.1:0. Already tried 5 time(s); retry policy is RetryUpToMaximumCountWithFixedSleep(maxRetries=10, sleepTime=1000 MILLISECONDS)
2019-09-26 16:36:21,103 [main] INFO  ipc.Client (Client.java:handleConnectionFailure(948)) - Retrying connect to server: localhost/127.0.0.1:0. Already tried 6 time(s); retry policy is RetryUpToMaximumCountWithFixedSleep(maxRetries=10, sleepTime=1000 MILLISECONDS)
2019-09-26 16:36:22,104 [main] INFO  ipc.Client (Client.java:handleConnectionFailure(948)) - Retrying connect to server: localhost/127.0.0.1:0. Already tried 7 time(s); retry policy is RetryUpToMaximumCountWithFixedSleep(maxRetries=10, sleepTime=1000 MILLISECONDS)
2019-09-26 16:36:23,105 [main] INFO  ipc.Client (Client.java:handleConnectionFailure(948)) - Retrying connect to server: localhost/127.0.0.1:0. Already tried 8 time(s); retry policy is RetryUpToMaximumCountWithFixedSleep(maxRetries=10, sleepTime=1000 MILLISECONDS)
2019-09-26 16:36:24,107 [main] INFO  ipc.Client (Client.java:handleConnectionFailure(948)) - Retrying connect to server: localhost/127.0.0.1:0. Already tried 9 time(s); retry policy is RetryUpToMaximumCountWithFixedSleep(maxRetries=10, sleepTime=1000 MILLISECONDS)
2019-09-26 16:36:24,109 [main] INFO  retry.RetryInvocationHandler (RetryInvocationHandler.java:log(411)) - com.google.protobuf.ServiceException: java.net.ConnectException: Your endpoint configuration is wrong; For more details see:  http://wiki.apache.org/hadoop/UnsetHostnameOrPort, while invoking $Proxy35.submitRequest over nodeId=null,nodeAddress=127.0.0.1:0 after 9 failover attempts. Trying to failover immediately.
2019-09-26 16:36:25,256 [main] INFO  ipc.Client (Client.java:handleConnectionFailure(948)) - Retrying connect to server: localhost/127.0.0.1:0. Already tried 0 time(s); retry policy is RetryUpToMaximumCountWithFixedSleep(maxRetries=10, sleepTime=1000 MILLISECONDS)
2019-09-26 16:36:26,258 [main] INFO  ipc.Client (Client.java:handleConnectionFailure(948)) - Retrying connect to server: localhost/127.0.0.1:0. Already tried 1 time(s); retry policy is RetryUpToMaximumCountWithFixedSleep(maxRetries=10, sleepTime=1000 MILLISECONDS)
2019-09-26 16:36:27,262 [main] INFO  ipc.Client (Client.java:handleConnectionFailure(948)) - Retrying connect to server: localhost/127.0.0.1:0. Already tried 2 time(s); retry policy is RetryUpToMaximumCountWithFixedSleep(maxRetries=10, sleepTime=1000 MILLISECONDS)
2019-09-26 16:36:28,267 [main] INFO  ipc.Client (Client.java:handleConnectionFailure(948)) - Retrying connect to server: localhost/127.0.0.1:0. Already tried 3 time(s); retry policy is RetryUpToMaximumCountWithFixedSleep(maxRetries=10, sleepTime=1000 MILLISECONDS)
2019-09-26 16:36:29,272 [main] INFO  ipc.Client (Client.java:handleConnectionFailure(948)) - Retrying connect to server: localhost/127.0.0.1:0. Already tried 4 time(s); retry policy is RetryUpToMaximumCountWithFixedSleep(maxRetries=10, sleepTime=1000 MILLISECONDS)
2019-09-26 16:36:30,276 [main] INFO  ipc.Client (Client.java:handleConnectionFailure(948)) - Retrying connect to server: localhost/127.0.0.1:0. Already tried 5 time(s); retry policy is RetryUpToMaximumCountWithFixedSleep(maxRetries=10, sleepTime=1000 MILLISECONDS)
2019-09-26 16:36:31,281 [main] INFO  ipc.Client (Client.java:handleConnectionFailure(948)) - Retrying connect to server: localhost/127.0.0.1:0. Already tried 6 time(s); retry policy is RetryUpToMaximumCountWithFixedSleep(maxRetries=10, sleepTime=1000 MILLISECONDS)
2019-09-26 16:36:32,283 [main] INFO  ipc.Client (Client.java:handleConnectionFailure(948)) - Retrying connect to server: localhost/127.0.0.1:0. Already tried 7 time(s); retry policy is RetryUpToMaximumCountWithFixedSleep(maxRetries=10, sleepTime=1000 MILLISECONDS)
2019-09-26 16:36:33,285 [main] INFO  ipc.Client (Client.java:handleConnectionFailure(948)) - Retrying connect to server: localhost/127.0.0.1:0. Already tried 8 time(s); retry policy is RetryUpToMaximumCountWithFixedSleep(maxRetries=10, sleepTime=1000 MILLISECONDS)
2019-09-26 16:36:34,290 [main] INFO  ipc.Client (Client.java:handleConnectionFailure(948)) - Retrying connect to server: localhost/127.0.0.1:0. Already tried 9 time(s); retry policy is RetryUpToMaximumCountWithFixedSleep(maxRetries=10, sleepTime=1000 MILLISECONDS)
2019-09-26 16:36:34,292 [main] ERROR ha.OMFailoverProxyProvider (OzoneManagerProtocolClientSideTranslatorPB.java:getRetryAction(268)) - Failed to connect to OM. Attempted 10 retries and 10 failovers
2019-09-26 16:36:34,298 [main] ERROR client.OzoneClientFactory (OzoneClientFactory.java:getClientProtocol(259)) - Couldn't create RpcClient protocol exception: 
java.net.ConnectException: Your endpoint configuration is wrong; For more details see:  http://wiki.apache.org/hadoop/UnsetHostnameOrPort
	at sun.reflect.NativeConstructorAccessorImpl.newInstance0(Native Method)
	at sun.reflect.NativeConstructorAccessorImpl.newInstance(NativeConstructorAccessorImpl.java:62)
	at sun.reflect.DelegatingConstructorAccessorImpl.newInstance(DelegatingConstructorAccessorImpl.java:45)
	at java.lang.reflect.Constructor.newInstance(Constructor.java:423)
	at org.apache.hadoop.net.NetUtils.wrapWithMessage(NetUtils.java:831)
	at org.apache.hadoop.net.NetUtils.wrapException(NetUtils.java:751)
	at org.apache.hadoop.ipc.Client.getRpcResponse(Client.java:1515)
	at org.apache.hadoop.ipc.Client.call(Client.java:1457)
	at org.apache.hadoop.ipc.Client.call(Client.java:1367)
	at org.apache.hadoop.ipc.ProtobufRpcEngine$Invoker.invoke(ProtobufRpcEngine.java:228)
	at org.apache.hadoop.ipc.ProtobufRpcEngine$Invoker.invoke(ProtobufRpcEngine.java:116)
	at com.sun.proxy.$Proxy35.submitRequest(Unknown Source)
	at sun.reflect.NativeMethodAccessorImpl.invoke0(Native Method)
	at sun.reflect.NativeMethodAccessorImpl.invoke(NativeMethodAccessorImpl.java:62)
	at sun.reflect.DelegatingMethodAccessorImpl.invoke(DelegatingMethodAccessorImpl.java:43)
	at java.lang.reflect.Method.invoke(Method.java:498)
	at org.apache.hadoop.io.retry.RetryInvocationHandler.invokeMethod(RetryInvocationHandler.java:422)
	at org.apache.hadoop.io.retry.RetryInvocationHandler$Call.invokeMethod(RetryInvocationHandler.java:165)
	at org.apache.hadoop.io.retry.RetryInvocationHandler$Call.invoke(RetryInvocationHandler.java:157)
	at org.apache.hadoop.io.retry.RetryInvocationHandler$Call.invokeOnce(RetryInvocationHandler.java:95)
	at org.apache.hadoop.io.retry.RetryInvocationHandler.invoke(RetryInvocationHandler.java:359)
	at com.sun.proxy.$Proxy35.submitRequest(Unknown Source)
	at org.apache.hadoop.ozone.om.protocolPB.OzoneManagerProtocolClientSideTranslatorPB.submitRequest(OzoneManagerProtocolClientSideTranslatorPB.java:338)
	at org.apache.hadoop.ozone.om.protocolPB.OzoneManagerProtocolClientSideTranslatorPB.getServiceInfo(OzoneManagerProtocolClientSideTranslatorPB.java:1223)
	at sun.reflect.NativeMethodAccessorImpl.invoke0(Native Method)
	at sun.reflect.NativeMethodAccessorImpl.invoke(NativeMethodAccessorImpl.java:62)
	at sun.reflect.DelegatingMethodAccessorImpl.invoke(DelegatingMethodAccessorImpl.java:43)
	at java.lang.reflect.Method.invoke(Method.java:498)
	at org.apache.hadoop.hdds.tracing.TraceAllMethod.invoke(TraceAllMethod.java:66)
	at com.sun.proxy.$Proxy36.getServiceInfo(Unknown Source)
	at org.apache.hadoop.ozone.client.rpc.RpcClient.<init>(RpcClient.java:154)
	at org.apache.hadoop.ozone.client.OzoneClientFactory.getClientProtocol(OzoneClientFactory.java:256)
	at org.apache.hadoop.ozone.client.OzoneClientFactory.getClientProtocol(OzoneClientFactory.java:239)
	at org.apache.hadoop.ozone.client.OzoneClientFactory.getClient(OzoneClientFactory.java:75)
	at org.apache.hadoop.ozone.client.rpc.TestFailureHandlingByClient.init(TestFailureHandlingByClient.java:111)
	at org.apache.hadoop.ozone.client.rpc.TestFailureHandlingByClient.startCluster(TestFailureHandlingByClient.java:121)
	at org.apache.hadoop.ozone.client.rpc.TestFailureHandlingByClient.testPipelineExclusionWithPipelineFailure(TestFailureHandlingByClient.java:345)
	at sun.reflect.NativeMethodAccessorImpl.invoke0(Native Method)
	at sun.reflect.NativeMethodAccessorImpl.invoke(NativeMethodAccessorImpl.java:62)
	at sun.reflect.DelegatingMethodAccessorImpl.invoke(DelegatingMethodAccessorImpl.java:43)
	at java.lang.reflect.Method.invoke(Method.java:498)
	at org.junit.runners.model.FrameworkMethod$1.runReflectiveCall(FrameworkMethod.java:47)
	at org.junit.internal.runners.model.ReflectiveCallable.run(ReflectiveCallable.java:12)
	at org.junit.runners.model.FrameworkMethod.invokeExplosively(FrameworkMethod.java:44)
	at org.junit.internal.runners.statements.InvokeMethod.evaluate(InvokeMethod.java:17)
	at org.junit.internal.runners.statements.RunAfters.evaluate(RunAfters.java:27)
	at org.junit.runners.ParentRunner.runLeaf(ParentRunner.java:271)
	at org.junit.runners.BlockJUnit4ClassRunner.runChild(BlockJUnit4ClassRunner.java:70)
	at org.junit.runners.BlockJUnit4ClassRunner.runChild(BlockJUnit4ClassRunner.java:50)
	at org.junit.runners.ParentRunner$3.run(ParentRunner.java:238)
	at org.junit.runners.ParentRunner$1.schedule(ParentRunner.java:63)
	at org.junit.runners.ParentRunner.runChildren(ParentRunner.java:236)
	at org.junit.runners.ParentRunner.access$000(ParentRunner.java:53)
	at org.junit.runners.ParentRunner$2.evaluate(ParentRunner.java:229)
	at org.junit.runners.ParentRunner.run(ParentRunner.java:309)
	at org.apache.maven.surefire.junit4.JUnit4Provider.execute(JUnit4Provider.java:365)
	at org.apache.maven.surefire.junit4.JUnit4Provider.executeWithRerun(JUnit4Provider.java:273)
	at org.apache.maven.surefire.junit4.JUnit4Provider.executeTestSet(JUnit4Provider.java:238)
	at org.apache.maven.surefire.junit4.JUnit4Provider.invoke(JUnit4Provider.java:159)
	at org.apache.maven.surefire.booter.ForkedBooter.invokeProviderInSameClassLoader(ForkedBooter.java:384)
	at org.apache.maven.surefire.booter.ForkedBooter.runSuitesInProcess(ForkedBooter.java:345)
	at org.apache.maven.surefire.booter.ForkedBooter.execute(ForkedBooter.java:126)
	at org.apache.maven.surefire.booter.ForkedBooter.main(ForkedBooter.java:418)
Caused by: java.net.ConnectException: Connection refused
	at sun.nio.ch.SocketChannelImpl.checkConnect(Native Method)
	at sun.nio.ch.SocketChannelImpl.finishConnect(SocketChannelImpl.java:717)
	at org.apache.hadoop.net.SocketIOWithTimeout.connect(SocketIOWithTimeout.java:206)
	at org.apache.hadoop.net.NetUtils.connect(NetUtils.java:531)
	at org.apache.hadoop.ipc.Client$Connection.setupConnection(Client.java:690)
	at org.apache.hadoop.ipc.Client$Connection.setupIOstreams(Client.java:794)
	at org.apache.hadoop.ipc.Client$Connection.access$3700(Client.java:411)
	at org.apache.hadoop.ipc.Client.getConnection(Client.java:1572)
	at org.apache.hadoop.ipc.Client.call(Client.java:1403)
	... 55 more
2019-09-26 16:36:34,303 [main] INFO  ozone.MiniOzoneClusterImpl (MiniOzoneClusterImpl.java:shutdown(314)) - Shutting down the Mini Ozone Cluster
2019-09-26 16:36:34,304 [main] INFO  ozone.MiniOzoneClusterImpl (MiniOzoneClusterImpl.java:stop(330)) - Stopping the Mini Ozone Cluster
2019-09-26 16:36:34,304 [main] INFO  ozone.MiniOzoneClusterImpl (MiniOzoneClusterImpl.java:stopOM(400)) - Stopping the OzoneManager
2019-09-26 16:36:34,304 [main] INFO  ipc.Server (Server.java:stop(3082)) - Stopping server on 35586
2019-09-26 16:36:34,325 [IPC Server listener on 35586] INFO  ipc.Server (Server.java:run(1185)) - Stopping IPC Server listener on 35586
2019-09-26 16:36:34,328 [main] INFO  ratis.OzoneManagerDoubleBuffer (OzoneManagerDoubleBuffer.java:stop(248)) - Stopping OMDoubleBuffer flush thread
2019-09-26 16:36:34,334 [IPC Server Responder] INFO  ipc.Server (Server.java:run(1319)) - Stopping IPC Server Responder
2019-09-26 16:36:34,355 [OMDoubleBufferFlushThread] INFO  ratis.OzoneManagerDoubleBuffer (OzoneManagerDoubleBuffer.java:flushTransactions(191)) - OMDoubleBuffer flush thread OMDoubleBufferFlushThread is interrupted and will exit. OMDoubleBufferFlushThread
2019-09-26 16:36:34,388 [main] INFO  utils.BackgroundService (BackgroundService.java:shutdown(148)) - Shutting down service KeyDeletingService
2019-09-26 16:36:34,393 [main] INFO  handler.ContextHandler (ContextHandler.java:doStop(910)) - Stopped o.e.j.w.WebAppContext@4158debd{/,null,UNAVAILABLE}{/ozoneManager}
2019-09-26 16:36:34,400 [main] INFO  server.AbstractConnector (AbstractConnector.java:doStop(318)) - Stopped ServerConnector@af78c87{HTTP/1.1,[http/1.1]}{0.0.0.0:0}
2019-09-26 16:36:34,401 [main] INFO  handler.ContextHandler (ContextHandler.java:doStop(910)) - Stopped o.e.j.s.ServletContextHandler@65004ff6{/static,file:///workdir/hadoop-ozone/integration-test/target/test-classes/webapps/static,UNAVAILABLE}
2019-09-26 16:36:34,401 [main] INFO  handler.ContextHandler (ContextHandler.java:doStop(910)) - Stopped o.e.j.s.ServletContextHandler@49aa766b{/logs,file:///workdir/hadoop-ozone/integration-test/target/log,UNAVAILABLE}
2019-09-26 16:36:34,407 [main] INFO  ozone.MiniOzoneClusterImpl (MiniOzoneClusterImpl.java:stopDatanodes(377)) - Stopping the HddsDatanodes
2019-09-26 16:36:34,946 [Datanode State Machine Thread - 0] INFO  statemachine.DatanodeStateMachine (DatanodeStateMachine.java:lambda$startDaemon$0(350)) - Ozone container server started.
2019-09-26 16:36:35,291 [Datanode State Machine Thread - 0] INFO  statemachine.DatanodeStateMachine (DatanodeStateMachine.java:lambda$startDaemon$0(350)) - Ozone container server started.
2019-09-26 16:36:39,410 [ForkJoinPool.commonPool-worker-0] INFO  ozoneimpl.OzoneContainer (OzoneContainer.java:stop(231)) - Attempting to stop container services.
2019-09-26 16:36:39,410 [main] INFO  ozoneimpl.OzoneContainer (OzoneContainer.java:stop(231)) - Attempting to stop container services.
2019-09-26 16:36:39,412 [ForkJoinPool.commonPool-worker-0] INFO  impl.RaftServerProxy (RaftServerProxy.java:lambda$close$4(314)) - 837115f0-6bdf-4bb0-a918-7bab3585449b: close
2019-09-26 16:36:39,412 [main] INFO  impl.RaftServerProxy (RaftServerProxy.java:lambda$close$4(314)) - f9bb6cb5-24ba-4926-b442-6d897d5c3f6a: close
2019-09-26 16:36:39,416 [main] INFO  impl.RaftServerImpl (RaftServerImpl.java:lambda$shutdown$3(251)) - f9bb6cb5-24ba-4926-b442-6d897d5c3f6a@group-185BD4C38C74: shutdown
2019-09-26 16:36:39,416 [ForkJoinPool.commonPool-worker-0] INFO  impl.RaftServerImpl (RaftServerImpl.java:lambda$shutdown$3(251)) - 837115f0-6bdf-4bb0-a918-7bab3585449b@group-9108ADE1020B: shutdown
2019-09-26 16:36:39,416 [main] INFO  util.JmxRegister (JmxRegister.java:unregister(73)) - Successfully un-registered JMX Bean with object name Ratis:service=RaftServer,group=group-185BD4C38C74,id=f9bb6cb5-24ba-4926-b442-6d897d5c3f6a
2019-09-26 16:36:39,417 [ForkJoinPool.commonPool-worker-0] INFO  util.JmxRegister (JmxRegister.java:unregister(73)) - Successfully un-registered JMX Bean with object name Ratis:service=RaftServer,group=group-9108ADE1020B,id=837115f0-6bdf-4bb0-a918-7bab3585449b
2019-09-26 16:36:39,417 [main] INFO  impl.RoleInfo (RoleInfo.java:shutdownFollowerState(121)) - f9bb6cb5-24ba-4926-b442-6d897d5c3f6a: shutdown FollowerState
2019-09-26 16:36:39,417 [ForkJoinPool.commonPool-worker-0] INFO  impl.RoleInfo (RoleInfo.java:shutdownFollowerState(121)) - 837115f0-6bdf-4bb0-a918-7bab3585449b: shutdown FollowerState
2019-09-26 16:36:39,418 [Thread-430] INFO  impl.FollowerState (FollowerState.java:run(115)) - f9bb6cb5-24ba-4926-b442-6d897d5c3f6a: FollowerState was interrupted: java.lang.InterruptedException: sleep interrupted
2019-09-26 16:36:39,418 [main] INFO  impl.StateMachineUpdater (StateMachineUpdater.java:stopAndJoin(125)) - f9bb6cb5-24ba-4926-b442-6d897d5c3f6a@group-185BD4C38C74-StateMachineUpdater: set stopIndex = 0
2019-09-26 16:36:39,423 [Thread-406] INFO  impl.FollowerState (FollowerState.java:run(115)) - 837115f0-6bdf-4bb0-a918-7bab3585449b: FollowerState was interrupted: java.lang.InterruptedException: sleep interrupted
2019-09-26 16:36:39,418 [ForkJoinPool.commonPool-worker-0] INFO  impl.StateMachineUpdater (StateMachineUpdater.java:stopAndJoin(125)) - 837115f0-6bdf-4bb0-a918-7bab3585449b@group-9108ADE1020B-StateMachineUpdater: set stopIndex = 0
2019-09-26 16:36:39,430 [main] INFO  impl.RaftServerImpl (ServerState.java:close(385)) - f9bb6cb5-24ba-4926-b442-6d897d5c3f6a@group-185BD4C38C74: closes. applyIndex: 0
2019-09-26 16:36:39,430 [ForkJoinPool.commonPool-worker-0] INFO  impl.RaftServerImpl (ServerState.java:close(385)) - 837115f0-6bdf-4bb0-a918-7bab3585449b@group-9108ADE1020B: closes. applyIndex: 0
2019-09-26 16:36:39,433 [f9bb6cb5-24ba-4926-b442-6d897d5c3f6a@group-185BD4C38C74-SegmentedRaftLogWorker] INFO  segmented.SegmentedRaftLogWorker (SegmentedRaftLogWorker.java:run(313)) - f9bb6cb5-24ba-4926-b442-6d897d5c3f6a@group-185BD4C38C74-SegmentedRaftLogWorker was interrupted, exiting. There are 0 tasks remaining in the queue.
2019-09-26 16:36:39,433 [837115f0-6bdf-4bb0-a918-7bab3585449b@group-9108ADE1020B-SegmentedRaftLogWorker] INFO  segmented.SegmentedRaftLogWorker (SegmentedRaftLogWorker.java:run(313)) - 837115f0-6bdf-4bb0-a918-7bab3585449b@group-9108ADE1020B-SegmentedRaftLogWorker was interrupted, exiting. There are 0 tasks remaining in the queue.
2019-09-26 16:36:39,437 [main] INFO  segmented.SegmentedRaftLogWorker (SegmentedRaftLogWorker.java:close(228)) - f9bb6cb5-24ba-4926-b442-6d897d5c3f6a@group-185BD4C38C74-SegmentedRaftLogWorker close()
2019-09-26 16:36:39,437 [ForkJoinPool.commonPool-worker-0] INFO  segmented.SegmentedRaftLogWorker (SegmentedRaftLogWorker.java:close(228)) - 837115f0-6bdf-4bb0-a918-7bab3585449b@group-9108ADE1020B-SegmentedRaftLogWorker close()
2019-09-26 16:36:39,443 [main] INFO  impl.RaftServerImpl (RaftServerImpl.java:lambda$shutdown$3(251)) - f9bb6cb5-24ba-4926-b442-6d897d5c3f6a@group-130FBBD47B3E: shutdown
2019-09-26 16:36:39,449 [ForkJoinPool.commonPool-worker-0] INFO  impl.RaftServerImpl (RaftServerImpl.java:lambda$shutdown$3(251)) - 837115f0-6bdf-4bb0-a918-7bab3585449b@group-94E000F37FFD: shutdown
2019-09-26 16:36:39,449 [main] INFO  util.JmxRegister (JmxRegister.java:unregister(73)) - Successfully un-registered JMX Bean with object name Ratis:service=RaftServer,group=group-130FBBD47B3E,id=f9bb6cb5-24ba-4926-b442-6d897d5c3f6a
2019-09-26 16:36:39,449 [ForkJoinPool.commonPool-worker-0] INFO  util.JmxRegister (JmxRegister.java:unregister(73)) - Successfully un-registered JMX Bean with object name Ratis:service=RaftServer,group=group-94E000F37FFD,id=837115f0-6bdf-4bb0-a918-7bab3585449b
2019-09-26 16:36:39,450 [main] INFO  impl.RoleInfo (RoleInfo.java:shutdownLeaderState(104)) - f9bb6cb5-24ba-4926-b442-6d897d5c3f6a: shutdown LeaderState
2019-09-26 16:36:39,450 [ForkJoinPool.commonPool-worker-0] INFO  impl.RoleInfo (RoleInfo.java:shutdownLeaderState(104)) - 837115f0-6bdf-4bb0-a918-7bab3585449b: shutdown LeaderState
2019-09-26 16:36:39,453 [main] INFO  impl.PendingRequests (PendingRequests.java:sendNotLeaderResponses(202)) - f9bb6cb5-24ba-4926-b442-6d897d5c3f6a-PendingRequests: sendNotLeaderResponses
2019-09-26 16:36:39,453 [ForkJoinPool.commonPool-worker-0] INFO  impl.PendingRequests (PendingRequests.java:sendNotLeaderResponses(202)) - 837115f0-6bdf-4bb0-a918-7bab3585449b-PendingRequests: sendNotLeaderResponses
2019-09-26 16:36:39,458 [main] INFO  impl.StateMachineUpdater (StateMachineUpdater.java:stopAndJoin(125)) - f9bb6cb5-24ba-4926-b442-6d897d5c3f6a@group-130FBBD47B3E-StateMachineUpdater: set stopIndex = 0
2019-09-26 16:36:39,458 [ForkJoinPool.commonPool-worker-0] INFO  impl.StateMachineUpdater (StateMachineUpdater.java:stopAndJoin(125)) - 837115f0-6bdf-4bb0-a918-7bab3585449b@group-94E000F37FFD-StateMachineUpdater: set stopIndex = 0
2019-09-26 16:36:39,459 [main] INFO  impl.RaftServerImpl (ServerState.java:close(385)) - f9bb6cb5-24ba-4926-b442-6d897d5c3f6a@group-130FBBD47B3E: closes. applyIndex: 0
2019-09-26 16:36:39,459 [ForkJoinPool.commonPool-worker-0] INFO  impl.RaftServerImpl (ServerState.java:close(385)) - 837115f0-6bdf-4bb0-a918-7bab3585449b@group-94E000F37FFD: closes. applyIndex: 0
2019-09-26 16:36:39,459 [f9bb6cb5-24ba-4926-b442-6d897d5c3f6a@group-130FBBD47B3E-SegmentedRaftLogWorker] INFO  segmented.SegmentedRaftLogWorker (SegmentedRaftLogWorker.java:run(313)) - f9bb6cb5-24ba-4926-b442-6d897d5c3f6a@group-130FBBD47B3E-SegmentedRaftLogWorker was interrupted, exiting. There are 0 tasks remaining in the queue.
2019-09-26 16:36:39,462 [837115f0-6bdf-4bb0-a918-7bab3585449b@group-94E000F37FFD-SegmentedRaftLogWorker] INFO  segmented.SegmentedRaftLogWorker (SegmentedRaftLogWorker.java:run(313)) - 837115f0-6bdf-4bb0-a918-7bab3585449b@group-94E000F37FFD-SegmentedRaftLogWorker was interrupted, exiting. There are 0 tasks remaining in the queue.
2019-09-26 16:36:39,462 [main] INFO  segmented.SegmentedRaftLogWorker (SegmentedRaftLogWorker.java:close(228)) - f9bb6cb5-24ba-4926-b442-6d897d5c3f6a@group-130FBBD47B3E-SegmentedRaftLogWorker close()
2019-09-26 16:36:39,465 [ForkJoinPool.commonPool-worker-0] INFO  segmented.SegmentedRaftLogWorker (SegmentedRaftLogWorker.java:close(228)) - 837115f0-6bdf-4bb0-a918-7bab3585449b@group-94E000F37FFD-SegmentedRaftLogWorker close()
2019-09-26 16:36:39,474 [ForkJoinPool.commonPool-worker-0] INFO  server.GrpcService (GrpcService.java:closeImpl(164)) - 837115f0-6bdf-4bb0-a918-7bab3585449b: shutdown server with port 40176 now
2019-09-26 16:36:39,474 [main] INFO  server.GrpcService (GrpcService.java:closeImpl(164)) - f9bb6cb5-24ba-4926-b442-6d897d5c3f6a: shutdown server with port 36804 now
2019-09-26 16:36:39,492 [main] INFO  server.GrpcService (GrpcService.java:closeImpl(172)) - f9bb6cb5-24ba-4926-b442-6d897d5c3f6a: shutdown server with port 36804 successfully
2019-09-26 16:36:39,492 [grpc-default-executor-6] WARN  server.GrpcServerProtocolService (LogUtils.java:warn(134)) - f9bb6cb5-24ba-4926-b442-6d897d5c3f6a: installSnapshot onError, lastRequest: 2d203acc-2876-43cc-a645-52d5b2311198->f9bb6cb5-24ba-4926-b442-6d897d5c3f6a#224-t2, previous=(t:2, i:0), leaderCommit=0, initializing? false, entries: <empty>: org.apache.ratis.thirdparty.io.grpc.StatusRuntimeException: CANCELLED: cancelled before receiving half close
2019-09-26 16:36:39,493 [ForkJoinPool.commonPool-worker-0] INFO  server.GrpcService (GrpcService.java:closeImpl(172)) - 837115f0-6bdf-4bb0-a918-7bab3585449b: shutdown server with port 40176 successfully
2019-09-26 16:36:39,492 [grpc-default-executor-0] WARN  server.GrpcServerProtocolService (LogUtils.java:warn(134)) - 837115f0-6bdf-4bb0-a918-7bab3585449b: installSnapshot onError, lastRequest: 4d7b7b0b-d4b2-4e9e-949c-b3d401b8342c->837115f0-6bdf-4bb0-a918-7bab3585449b#224-t2, previous=(t:2, i:0), leaderCommit=0, initializing? false, entries: <empty>: org.apache.ratis.thirdparty.io.grpc.StatusRuntimeException: CANCELLED: cancelled before receiving half close
2019-09-26 16:36:39,496 [grpc-default-executor-1] WARN  server.GrpcLogAppender (LogUtils.java:warn(134)) - 4d7b7b0b-d4b2-4e9e-949c-b3d401b8342c@group-9108ADE1020B->837115f0-6bdf-4bb0-a918-7bab3585449b-AppendLogResponseHandler: Failed appendEntries: org.apache.ratis.thirdparty.io.grpc.StatusRuntimeException: CANCELLED: HTTP/2 error code: CANCEL
Received Rst Stream
2019-09-26 16:36:39,496 [grpc-default-executor-4] WARN  server.GrpcLogAppender (LogUtils.java:warn(134)) - 2d203acc-2876-43cc-a645-52d5b2311198@group-185BD4C38C74->f9bb6cb5-24ba-4926-b442-6d897d5c3f6a-AppendLogResponseHandler: Failed appendEntries: org.apache.ratis.thirdparty.io.grpc.StatusRuntimeException: CANCELLED: HTTP/2 error code: CANCEL
Received Rst Stream
2019-09-26 16:36:39,508 [refreshUsed-/workdir/hadoop-ozone/integration-test/target/test-dir/MiniOzoneClusterImpl-b5ca4ec9-472d-464d-82c8-bb75eaf95e3a/datanode-5/data/containers] WARN  fs.CachingGetSpaceUsed (CachingGetSpaceUsed.java:run(183)) - Thread Interrupted waiting to refresh disk information: sleep interrupted
2019-09-26 16:36:39,508 [grpc-default-executor-1] INFO  impl.FollowerInfo (FollowerInfo.java:lambda$new$0(51)) - 4d7b7b0b-d4b2-4e9e-949c-b3d401b8342c@group-9108ADE1020B->837115f0-6bdf-4bb0-a918-7bab3585449b: nextIndex: updateUnconditionally 1 -> 0
2019-09-26 16:36:39,508 [grpc-default-executor-4] INFO  impl.FollowerInfo (FollowerInfo.java:lambda$new$0(51)) - 2d203acc-2876-43cc-a645-52d5b2311198@group-185BD4C38C74->f9bb6cb5-24ba-4926-b442-6d897d5c3f6a: nextIndex: updateUnconditionally 1 -> 0
2019-09-26 16:36:39,529 [refreshUsed-/workdir/hadoop-ozone/integration-test/target/test-dir/MiniOzoneClusterImpl-b5ca4ec9-472d-464d-82c8-bb75eaf95e3a/datanode-2/data/containers] WARN  fs.CachingGetSpaceUsed (CachingGetSpaceUsed.java:run(183)) - Thread Interrupted waiting to refresh disk information: sleep interrupted
2019-09-26 16:36:39,547 [grpc-default-executor-0] WARN  server.GrpcLogAppender (LogUtils.java:warn(134)) - 2d203acc-2876-43cc-a645-52d5b2311198@group-185BD4C38C74->f9bb6cb5-24ba-4926-b442-6d897d5c3f6a-AppendLogResponseHandler: Failed appendEntries: org.apache.ratis.thirdparty.io.grpc.StatusRuntimeException: UNAVAILABLE: io exception
2019-09-26 16:36:39,547 [grpc-default-executor-6] WARN  server.GrpcLogAppender (LogUtils.java:warn(134)) - 4d7b7b0b-d4b2-4e9e-949c-b3d401b8342c@group-9108ADE1020B->837115f0-6bdf-4bb0-a918-7bab3585449b-AppendLogResponseHandler: Failed appendEntries: org.apache.ratis.thirdparty.io.grpc.StatusRuntimeException: UNAVAILABLE: io exception
2019-09-26 16:36:39,551 [grpc-default-executor-0] INFO  impl.FollowerInfo (FollowerInfo.java:lambda$new$0(51)) - 2d203acc-2876-43cc-a645-52d5b2311198@group-185BD4C38C74->f9bb6cb5-24ba-4926-b442-6d897d5c3f6a: nextIndex: updateUnconditionally 0 -> 0
2019-09-26 16:36:39,551 [grpc-default-executor-6] INFO  impl.FollowerInfo (FollowerInfo.java:lambda$new$0(51)) - 4d7b7b0b-d4b2-4e9e-949c-b3d401b8342c@group-9108ADE1020B->837115f0-6bdf-4bb0-a918-7bab3585449b: nextIndex: updateUnconditionally 0 -> 0
2019-09-26 16:36:39,552 [main] INFO  utils.BackgroundService (BackgroundService.java:shutdown(148)) - Shutting down service BlockDeletingService
2019-09-26 16:36:39,558 [main] INFO  statemachine.DatanodeStateMachine (DatanodeStateMachine.java:stopDaemon(395)) - Ozone container server stopped.
2019-09-26 16:36:39,560 [ForkJoinPool.commonPool-worker-0] INFO  utils.BackgroundService (BackgroundService.java:shutdown(148)) - Shutting down service BlockDeletingService
2019-09-26 16:36:39,560 [main] INFO  handler.ContextHandler (ContextHandler.java:doStop(910)) - Stopped o.e.j.w.WebAppContext@254f906e{/,null,UNAVAILABLE}{/hddsDatanode}
2019-09-26 16:36:39,565 [ForkJoinPool.commonPool-worker-0] INFO  statemachine.DatanodeStateMachine (DatanodeStateMachine.java:stopDaemon(395)) - Ozone container server stopped.
2019-09-26 16:36:39,570 [main] INFO  server.AbstractConnector (AbstractConnector.java:doStop(318)) - Stopped ServerConnector@3d0035d2{HTTP/1.1,[http/1.1]}{0.0.0.0:0}
2019-09-26 16:36:39,570 [ForkJoinPool.commonPool-worker-0] INFO  handler.ContextHandler (ContextHandler.java:doStop(910)) - Stopped o.e.j.w.WebAppContext@6342d610{/,null,UNAVAILABLE}{/hddsDatanode}
2019-09-26 16:36:39,571 [main] INFO  handler.ContextHandler (ContextHandler.java:doStop(910)) - Stopped o.e.j.s.ServletContextHandler@3d96fa9e{/static,jar:file:/home/user/.m2/repository/org/apache/hadoop/hadoop-hdds-container-service/0.5.0-SNAPSHOT/hadoop-hdds-container-service-0.5.0-SNAPSHOT.jar!/webapps/static,UNAVAILABLE}
2019-09-26 16:36:39,571 [ForkJoinPool.commonPool-worker-0] INFO  server.AbstractConnector (AbstractConnector.java:doStop(318)) - Stopped ServerConnector@dc4a691{HTTP/1.1,[http/1.1]}{0.0.0.0:0}
2019-09-26 16:36:39,571 [main] INFO  handler.ContextHandler (ContextHandler.java:doStop(910)) - Stopped o.e.j.s.ServletContextHandler@74170687{/logs,file:///workdir/hadoop-ozone/integration-test/target/log,UNAVAILABLE}
2019-09-26 16:36:39,574 [ForkJoinPool.commonPool-worker-0] INFO  handler.ContextHandler (ContextHandler.java:doStop(910)) - Stopped o.e.j.s.ServletContextHandler@5a6d30e2{/static,jar:file:/home/user/.m2/repository/org/apache/hadoop/hadoop-hdds-container-service/0.5.0-SNAPSHOT/hadoop-hdds-container-service-0.5.0-SNAPSHOT.jar!/webapps/static,UNAVAILABLE}
2019-09-26 16:36:39,578 [ForkJoinPool.commonPool-worker-0] INFO  handler.ContextHandler (ContextHandler.java:doStop(910)) - Stopped o.e.j.s.ServletContextHandler@1cd3b138{/logs,file:///workdir/hadoop-ozone/integration-test/target/log,UNAVAILABLE}
2019-09-26 16:36:39,939 [Datanode State Machine Thread - 0] INFO  statemachine.DatanodeStateMachine (DatanodeStateMachine.java:lambda$startDaemon$0(350)) - Ozone container server started.
2019-09-26 16:36:40,037 [grpc-default-executor-3] WARN  server.GrpcLogAppender (LogUtils.java:warn(134)) - 2d203acc-2876-43cc-a645-52d5b2311198@group-185BD4C38C74->f9bb6cb5-24ba-4926-b442-6d897d5c3f6a-AppendLogResponseHandler: Failed appendEntries: org.apache.ratis.thirdparty.io.grpc.StatusRuntimeException: UNAVAILABLE: io exception
2019-09-26 16:36:40,038 [grpc-default-executor-2] WARN  server.GrpcLogAppender (LogUtils.java:warn(134)) - 4d7b7b0b-d4b2-4e9e-949c-b3d401b8342c@group-9108ADE1020B->837115f0-6bdf-4bb0-a918-7bab3585449b-AppendLogResponseHandler: Failed appendEntries: org.apache.ratis.thirdparty.io.grpc.StatusRuntimeException: UNAVAILABLE: io exception
2019-09-26 16:36:40,040 [grpc-default-executor-3] INFO  impl.FollowerInfo (FollowerInfo.java:lambda$new$0(51)) - 2d203acc-2876-43cc-a645-52d5b2311198@group-185BD4C38C74->f9bb6cb5-24ba-4926-b442-6d897d5c3f6a: nextIndex: updateUnconditionally 0 -> 0
2019-09-26 16:36:40,042 [grpc-default-executor-2] INFO  impl.FollowerInfo (FollowerInfo.java:lambda$new$0(51)) - 4d7b7b0b-d4b2-4e9e-949c-b3d401b8342c@group-9108ADE1020B->837115f0-6bdf-4bb0-a918-7bab3585449b: nextIndex: updateUnconditionally 0 -> 0
2019-09-26 16:36:40,290 [Datanode State Machine Thread - 0] INFO  statemachine.DatanodeStateMachine (DatanodeStateMachine.java:lambda$startDaemon$0(350)) - Ozone container server started.
2019-09-26 16:36:40,539 [grpc-default-executor-0] WARN  server.GrpcLogAppender (LogUtils.java:warn(134)) - 2d203acc-2876-43cc-a645-52d5b2311198@group-185BD4C38C74->f9bb6cb5-24ba-4926-b442-6d897d5c3f6a-AppendLogResponseHandler: Failed appendEntries: org.apache.ratis.thirdparty.io.grpc.StatusRuntimeException: UNAVAILABLE: io exception
2019-09-26 16:36:40,539 [grpc-default-executor-2] WARN  server.GrpcLogAppender (LogUtils.java:warn(134)) - 4d7b7b0b-d4b2-4e9e-949c-b3d401b8342c@group-9108ADE1020B->837115f0-6bdf-4bb0-a918-7bab3585449b-AppendLogResponseHandler: Failed appendEntries: org.apache.ratis.thirdparty.io.grpc.StatusRuntimeException: UNAVAILABLE: io exception
2019-09-26 16:36:40,542 [grpc-default-executor-2] INFO  impl.FollowerInfo (FollowerInfo.java:lambda$new$0(51)) - 4d7b7b0b-d4b2-4e9e-949c-b3d401b8342c@group-9108ADE1020B->837115f0-6bdf-4bb0-a918-7bab3585449b: nextIndex: updateUnconditionally 0 -> 0
2019-09-26 16:36:40,542 [grpc-default-executor-0] INFO  impl.FollowerInfo (FollowerInfo.java:lambda$new$0(51)) - 2d203acc-2876-43cc-a645-52d5b2311198@group-185BD4C38C74->f9bb6cb5-24ba-4926-b442-6d897d5c3f6a: nextIndex: updateUnconditionally 0 -> 0
2019-09-26 16:36:41,044 [grpc-default-executor-2] WARN  server.GrpcLogAppender (LogUtils.java:warn(134)) - 4d7b7b0b-d4b2-4e9e-949c-b3d401b8342c@group-9108ADE1020B->837115f0-6bdf-4bb0-a918-7bab3585449b-AppendLogResponseHandler: Failed appendEntries: org.apache.ratis.thirdparty.io.grpc.StatusRuntimeException: UNAVAILABLE: io exception
2019-09-26 16:36:41,044 [grpc-default-executor-3] WARN  server.GrpcLogAppender (LogUtils.java:warn(134)) - 2d203acc-2876-43cc-a645-52d5b2311198@group-185BD4C38C74->f9bb6cb5-24ba-4926-b442-6d897d5c3f6a-AppendLogResponseHandler: Failed appendEntries: org.apache.ratis.thirdparty.io.grpc.StatusRuntimeException: UNAVAILABLE: io exception
2019-09-26 16:36:41,048 [grpc-default-executor-2] INFO  impl.FollowerInfo (FollowerInfo.java:lambda$new$0(51)) - 4d7b7b0b-d4b2-4e9e-949c-b3d401b8342c@group-9108ADE1020B->837115f0-6bdf-4bb0-a918-7bab3585449b: nextIndex: updateUnconditionally 0 -> 0
2019-09-26 16:36:41,051 [grpc-default-executor-3] INFO  impl.FollowerInfo (FollowerInfo.java:lambda$new$0(51)) - 2d203acc-2876-43cc-a645-52d5b2311198@group-185BD4C38C74->f9bb6cb5-24ba-4926-b442-6d897d5c3f6a: nextIndex: updateUnconditionally 0 -> 0
2019-09-26 16:36:41,539 [grpc-default-executor-1] WARN  server.GrpcLogAppender (LogUtils.java:warn(134)) - 2d203acc-2876-43cc-a645-52d5b2311198@group-185BD4C38C74->f9bb6cb5-24ba-4926-b442-6d897d5c3f6a-AppendLogResponseHandler: Failed appendEntries: org.apache.ratis.thirdparty.io.grpc.StatusRuntimeException: UNAVAILABLE: io exception
2019-09-26 16:36:41,543 [grpc-default-executor-1] INFO  impl.FollowerInfo (FollowerInfo.java:lambda$new$0(51)) - 2d203acc-2876-43cc-a645-52d5b2311198@group-185BD4C38C74->f9bb6cb5-24ba-4926-b442-6d897d5c3f6a: nextIndex: updateUnconditionally 0 -> 0
2019-09-26 16:36:41,549 [grpc-default-executor-2] WARN  server.GrpcLogAppender (LogUtils.java:warn(134)) - 4d7b7b0b-d4b2-4e9e-949c-b3d401b8342c@group-9108ADE1020B->837115f0-6bdf-4bb0-a918-7bab3585449b-AppendLogResponseHandler: Failed appendEntries: org.apache.ratis.thirdparty.io.grpc.StatusRuntimeException: UNAVAILABLE: io exception
2019-09-26 16:36:41,552 [grpc-default-executor-2] INFO  impl.FollowerInfo (FollowerInfo.java:lambda$new$0(51)) - 4d7b7b0b-d4b2-4e9e-949c-b3d401b8342c@group-9108ADE1020B->837115f0-6bdf-4bb0-a918-7bab3585449b: nextIndex: updateUnconditionally 0 -> 0
2019-09-26 16:36:42,042 [grpc-default-executor-1] WARN  server.GrpcLogAppender (LogUtils.java:warn(134)) - 2d203acc-2876-43cc-a645-52d5b2311198@group-185BD4C38C74->f9bb6cb5-24ba-4926-b442-6d897d5c3f6a-AppendLogResponseHandler: Failed appendEntries: org.apache.ratis.thirdparty.io.grpc.StatusRuntimeException: UNAVAILABLE: io exception
2019-09-26 16:36:42,045 [grpc-default-executor-1] INFO  impl.FollowerInfo (FollowerInfo.java:lambda$new$0(51)) - 2d203acc-2876-43cc-a645-52d5b2311198@group-185BD4C38C74->f9bb6cb5-24ba-4926-b442-6d897d5c3f6a: nextIndex: updateUnconditionally 0 -> 0
2019-09-26 16:36:42,052 [grpc-default-executor-1] WARN  server.GrpcLogAppender (LogUtils.java:warn(134)) - 4d7b7b0b-d4b2-4e9e-949c-b3d401b8342c@group-9108ADE1020B->837115f0-6bdf-4bb0-a918-7bab3585449b-AppendLogResponseHandler: Failed appendEntries: org.apache.ratis.thirdparty.io.grpc.StatusRuntimeException: UNAVAILABLE: io exception
2019-09-26 16:36:42,055 [grpc-default-executor-1] INFO  impl.FollowerInfo (FollowerInfo.java:lambda$new$0(51)) - 4d7b7b0b-d4b2-4e9e-949c-b3d401b8342c@group-9108ADE1020B->837115f0-6bdf-4bb0-a918-7bab3585449b: nextIndex: updateUnconditionally 0 -> 0
2019-09-26 16:36:42,544 [grpc-default-executor-1] WARN  server.GrpcLogAppender (LogUtils.java:warn(134)) - 2d203acc-2876-43cc-a645-52d5b2311198@group-185BD4C38C74->f9bb6cb5-24ba-4926-b442-6d897d5c3f6a-AppendLogResponseHandler: Failed appendEntries: org.apache.ratis.thirdparty.io.grpc.StatusRuntimeException: UNAVAILABLE: io exception
2019-09-26 16:36:42,547 [grpc-default-executor-1] INFO  impl.FollowerInfo (FollowerInfo.java:lambda$new$0(51)) - 2d203acc-2876-43cc-a645-52d5b2311198@group-185BD4C38C74->f9bb6cb5-24ba-4926-b442-6d897d5c3f6a: nextIndex: updateUnconditionally 0 -> 0
2019-09-26 16:36:42,552 [grpc-default-executor-2] WARN  server.GrpcLogAppender (LogUtils.java:warn(134)) - 4d7b7b0b-d4b2-4e9e-949c-b3d401b8342c@group-9108ADE1020B->837115f0-6bdf-4bb0-a918-7bab3585449b-AppendLogResponseHandler: Failed appendEntries: org.apache.ratis.thirdparty.io.grpc.StatusRuntimeException: UNAVAILABLE: io exception
2019-09-26 16:36:42,567 [grpc-default-executor-2] INFO  impl.FollowerInfo (FollowerInfo.java:lambda$new$0(51)) - 4d7b7b0b-d4b2-4e9e-949c-b3d401b8342c@group-9108ADE1020B->837115f0-6bdf-4bb0-a918-7bab3585449b: nextIndex: updateUnconditionally 0 -> 0
2019-09-26 16:36:43,044 [grpc-default-executor-3] WARN  server.GrpcLogAppender (LogUtils.java:warn(134)) - 2d203acc-2876-43cc-a645-52d5b2311198@group-185BD4C38C74->f9bb6cb5-24ba-4926-b442-6d897d5c3f6a-AppendLogResponseHandler: Failed appendEntries: org.apache.ratis.thirdparty.io.grpc.StatusRuntimeException: UNAVAILABLE: io exception
2019-09-26 16:36:43,048 [grpc-default-executor-3] INFO  impl.FollowerInfo (FollowerInfo.java:lambda$new$0(51)) - 2d203acc-2876-43cc-a645-52d5b2311198@group-185BD4C38C74->f9bb6cb5-24ba-4926-b442-6d897d5c3f6a: nextIndex: updateUnconditionally 0 -> 0
2019-09-26 16:36:43,059 [grpc-default-executor-1] WARN  server.GrpcLogAppender (LogUtils.java:warn(134)) - 4d7b7b0b-d4b2-4e9e-949c-b3d401b8342c@group-9108ADE1020B->837115f0-6bdf-4bb0-a918-7bab3585449b-AppendLogResponseHandler: Failed appendEntries: org.apache.ratis.thirdparty.io.grpc.StatusRuntimeException: UNAVAILABLE: io exception
2019-09-26 16:36:43,062 [grpc-default-executor-1] INFO  impl.FollowerInfo (FollowerInfo.java:lambda$new$0(51)) - 4d7b7b0b-d4b2-4e9e-949c-b3d401b8342c@group-9108ADE1020B->837115f0-6bdf-4bb0-a918-7bab3585449b: nextIndex: updateUnconditionally 0 -> 0
2019-09-26 16:36:43,548 [grpc-default-executor-4] WARN  server.GrpcLogAppender (LogUtils.java:warn(134)) - 2d203acc-2876-43cc-a645-52d5b2311198@group-185BD4C38C74->f9bb6cb5-24ba-4926-b442-6d897d5c3f6a-AppendLogResponseHandler: Failed appendEntries: org.apache.ratis.thirdparty.io.grpc.StatusRuntimeException: UNAVAILABLE: io exception
2019-09-26 16:36:43,552 [grpc-default-executor-4] INFO  impl.FollowerInfo (FollowerInfo.java:lambda$new$0(51)) - 2d203acc-2876-43cc-a645-52d5b2311198@group-185BD4C38C74->f9bb6cb5-24ba-4926-b442-6d897d5c3f6a: nextIndex: updateUnconditionally 0 -> 0
2019-09-26 16:36:43,573 [grpc-default-executor-3] WARN  server.GrpcLogAppender (LogUtils.java:warn(134)) - 4d7b7b0b-d4b2-4e9e-949c-b3d401b8342c@group-9108ADE1020B->837115f0-6bdf-4bb0-a918-7bab3585449b-AppendLogResponseHandler: Failed appendEntries: org.apache.ratis.thirdparty.io.grpc.StatusRuntimeException: UNAVAILABLE: io exception
2019-09-26 16:36:43,576 [grpc-default-executor-3] INFO  impl.FollowerInfo (FollowerInfo.java:lambda$new$0(51)) - 4d7b7b0b-d4b2-4e9e-949c-b3d401b8342c@group-9108ADE1020B->837115f0-6bdf-4bb0-a918-7bab3585449b: nextIndex: updateUnconditionally 0 -> 0
2019-09-26 16:36:44,080 [grpc-default-executor-0] WARN  server.GrpcLogAppender (LogUtils.java:warn(134)) - 2d203acc-2876-43cc-a645-52d5b2311198@group-185BD4C38C74->f9bb6cb5-24ba-4926-b442-6d897d5c3f6a-AppendLogResponseHandler: Failed appendEntries: org.apache.ratis.thirdparty.io.grpc.StatusRuntimeException: UNAVAILABLE: io exception
2019-09-26 16:36:44,080 [grpc-default-executor-1] WARN  server.GrpcLogAppender (LogUtils.java:warn(134)) - 4d7b7b0b-d4b2-4e9e-949c-b3d401b8342c@group-9108ADE1020B->837115f0-6bdf-4bb0-a918-7bab3585449b-AppendLogResponseHandler: Failed appendEntries: org.apache.ratis.thirdparty.io.grpc.StatusRuntimeException: UNAVAILABLE: io exception
2019-09-26 16:36:44,084 [grpc-default-executor-0] INFO  impl.FollowerInfo (FollowerInfo.java:lambda$new$0(51)) - 2d203acc-2876-43cc-a645-52d5b2311198@group-185BD4C38C74->f9bb6cb5-24ba-4926-b442-6d897d5c3f6a: nextIndex: updateUnconditionally 0 -> 0
2019-09-26 16:36:44,084 [grpc-default-executor-1] INFO  impl.FollowerInfo (FollowerInfo.java:lambda$new$0(51)) - 4d7b7b0b-d4b2-4e9e-949c-b3d401b8342c@group-9108ADE1020B->837115f0-6bdf-4bb0-a918-7bab3585449b: nextIndex: updateUnconditionally 0 -> 0
2019-09-26 16:36:44,553 [grpc-default-executor-0] WARN  server.GrpcLogAppender (LogUtils.java:warn(134)) - 2d203acc-2876-43cc-a645-52d5b2311198@group-185BD4C38C74->f9bb6cb5-24ba-4926-b442-6d897d5c3f6a-AppendLogResponseHandler: Failed appendEntries: org.apache.ratis.thirdparty.io.grpc.StatusRuntimeException: UNAVAILABLE: io exception
2019-09-26 16:36:44,556 [grpc-default-executor-0] INFO  impl.FollowerInfo (FollowerInfo.java:lambda$new$0(51)) - 2d203acc-2876-43cc-a645-52d5b2311198@group-185BD4C38C74->f9bb6cb5-24ba-4926-b442-6d897d5c3f6a: nextIndex: updateUnconditionally 0 -> 0
2019-09-26 16:36:44,570 [grpc-default-executor-1] WARN  server.GrpcLogAppender (LogUtils.java:warn(134)) - 4d7b7b0b-d4b2-4e9e-949c-b3d401b8342c@group-9108ADE1020B->837115f0-6bdf-4bb0-a918-7bab3585449b-AppendLogResponseHandler: Failed appendEntries: org.apache.ratis.thirdparty.io.grpc.StatusRuntimeException: UNAVAILABLE: io exception
2019-09-26 16:36:44,573 [grpc-default-executor-1] INFO  impl.FollowerInfo (FollowerInfo.java:lambda$new$0(51)) - 4d7b7b0b-d4b2-4e9e-949c-b3d401b8342c@group-9108ADE1020B->837115f0-6bdf-4bb0-a918-7bab3585449b: nextIndex: updateUnconditionally 0 -> 0
2019-09-26 16:36:44,581 [ForkJoinPool.commonPool-worker-0] INFO  ozoneimpl.OzoneContainer (OzoneContainer.java:stop(231)) - Attempting to stop container services.
2019-09-26 16:36:44,581 [main] INFO  ozoneimpl.OzoneContainer (OzoneContainer.java:stop(231)) - Attempting to stop container services.
2019-09-26 16:36:44,581 [ForkJoinPool.commonPool-worker-0] INFO  impl.RaftServerProxy (RaftServerProxy.java:lambda$close$4(314)) - acb5cb05-bd62-40bc-82c8-ae32f2a7d477: close
2019-09-26 16:36:44,582 [main] INFO  impl.RaftServerProxy (RaftServerProxy.java:lambda$close$4(314)) - 543c4478-56da-43d0-bc7b-befbdfd1ac53: close
2019-09-26 16:36:44,582 [ForkJoinPool.commonPool-worker-0] INFO  impl.RaftServerImpl (RaftServerImpl.java:lambda$shutdown$3(251)) - acb5cb05-bd62-40bc-82c8-ae32f2a7d477@group-91D24425D7B5: shutdown
2019-09-26 16:36:44,582 [main] INFO  impl.RaftServerImpl (RaftServerImpl.java:lambda$shutdown$3(251)) - 543c4478-56da-43d0-bc7b-befbdfd1ac53@group-185BD4C38C74: shutdown
2019-09-26 16:36:44,583 [ForkJoinPool.commonPool-worker-0] INFO  util.JmxRegister (JmxRegister.java:unregister(73)) - Successfully un-registered JMX Bean with object name Ratis:service=RaftServer,group=group-91D24425D7B5,id=acb5cb05-bd62-40bc-82c8-ae32f2a7d477
2019-09-26 16:36:44,584 [main] INFO  util.JmxRegister (JmxRegister.java:unregister(73)) - Successfully un-registered JMX Bean with object name Ratis:service=RaftServer,group=group-185BD4C38C74,id=543c4478-56da-43d0-bc7b-befbdfd1ac53
2019-09-26 16:36:44,585 [main] INFO  impl.RoleInfo (RoleInfo.java:shutdownFollowerState(121)) - 543c4478-56da-43d0-bc7b-befbdfd1ac53: shutdown FollowerState
2019-09-26 16:36:44,585 [ForkJoinPool.commonPool-worker-0] INFO  impl.RoleInfo (RoleInfo.java:shutdownFollowerState(121)) - acb5cb05-bd62-40bc-82c8-ae32f2a7d477: shutdown FollowerState
2019-09-26 16:36:44,585 [main] INFO  impl.StateMachineUpdater (StateMachineUpdater.java:stopAndJoin(125)) - 543c4478-56da-43d0-bc7b-befbdfd1ac53@group-185BD4C38C74-StateMachineUpdater: set stopIndex = 0
2019-09-26 16:36:44,586 [Thread-407] INFO  impl.FollowerState (FollowerState.java:run(115)) - acb5cb05-bd62-40bc-82c8-ae32f2a7d477: FollowerState was interrupted: java.lang.InterruptedException: sleep interrupted
2019-09-26 16:36:44,586 [ForkJoinPool.commonPool-worker-0] INFO  impl.StateMachineUpdater (StateMachineUpdater.java:stopAndJoin(125)) - acb5cb05-bd62-40bc-82c8-ae32f2a7d477@group-91D24425D7B5-StateMachineUpdater: set stopIndex = 0
2019-09-26 16:36:44,591 [ForkJoinPool.commonPool-worker-0] INFO  impl.RaftServerImpl (ServerState.java:close(385)) - acb5cb05-bd62-40bc-82c8-ae32f2a7d477@group-91D24425D7B5: closes. applyIndex: 0
2019-09-26 16:36:44,586 [Thread-429] INFO  impl.FollowerState (FollowerState.java:run(115)) - 543c4478-56da-43d0-bc7b-befbdfd1ac53: FollowerState was interrupted: java.lang.InterruptedException: sleep interrupted
2019-09-26 16:36:44,591 [main] INFO  impl.RaftServerImpl (ServerState.java:close(385)) - 543c4478-56da-43d0-bc7b-befbdfd1ac53@group-185BD4C38C74: closes. applyIndex: 0
2019-09-26 16:36:44,595 [acb5cb05-bd62-40bc-82c8-ae32f2a7d477@group-91D24425D7B5-SegmentedRaftLogWorker] INFO  segmented.SegmentedRaftLogWorker (SegmentedRaftLogWorker.java:run(313)) - acb5cb05-bd62-40bc-82c8-ae32f2a7d477@group-91D24425D7B5-SegmentedRaftLogWorker was interrupted, exiting. There are 0 tasks remaining in the queue.
2019-09-26 16:36:44,595 [543c4478-56da-43d0-bc7b-befbdfd1ac53@group-185BD4C38C74-SegmentedRaftLogWorker] INFO  segmented.SegmentedRaftLogWorker (SegmentedRaftLogWorker.java:run(313)) - 543c4478-56da-43d0-bc7b-befbdfd1ac53@group-185BD4C38C74-SegmentedRaftLogWorker was interrupted, exiting. There are 0 tasks remaining in the queue.
2019-09-26 16:36:44,608 [main] INFO  segmented.SegmentedRaftLogWorker (SegmentedRaftLogWorker.java:close(228)) - 543c4478-56da-43d0-bc7b-befbdfd1ac53@group-185BD4C38C74-SegmentedRaftLogWorker close()
2019-09-26 16:36:44,608 [ForkJoinPool.commonPool-worker-0] INFO  segmented.SegmentedRaftLogWorker (SegmentedRaftLogWorker.java:close(228)) - acb5cb05-bd62-40bc-82c8-ae32f2a7d477@group-91D24425D7B5-SegmentedRaftLogWorker close()
2019-09-26 16:36:44,612 [main] INFO  impl.RaftServerImpl (RaftServerImpl.java:lambda$shutdown$3(251)) - 543c4478-56da-43d0-bc7b-befbdfd1ac53@group-39ACB0EE06EE: shutdown
2019-09-26 16:36:44,617 [ForkJoinPool.commonPool-worker-0] INFO  impl.RaftServerImpl (RaftServerImpl.java:lambda$shutdown$3(251)) - acb5cb05-bd62-40bc-82c8-ae32f2a7d477@group-853E24B469E8: shutdown
2019-09-26 16:36:44,618 [main] INFO  util.JmxRegister (JmxRegister.java:unregister(73)) - Successfully un-registered JMX Bean with object name Ratis:service=RaftServer,group=group-39ACB0EE06EE,id=543c4478-56da-43d0-bc7b-befbdfd1ac53
2019-09-26 16:36:44,618 [ForkJoinPool.commonPool-worker-0] INFO  util.JmxRegister (JmxRegister.java:unregister(73)) - Successfully un-registered JMX Bean with object name Ratis:service=RaftServer,group=group-853E24B469E8,id=acb5cb05-bd62-40bc-82c8-ae32f2a7d477
2019-09-26 16:36:44,619 [ForkJoinPool.commonPool-worker-0] INFO  impl.RoleInfo (RoleInfo.java:shutdownLeaderState(104)) - acb5cb05-bd62-40bc-82c8-ae32f2a7d477: shutdown LeaderState
2019-09-26 16:36:44,618 [main] INFO  impl.RoleInfo (RoleInfo.java:shutdownLeaderState(104)) - 543c4478-56da-43d0-bc7b-befbdfd1ac53: shutdown LeaderState
2019-09-26 16:36:44,619 [ForkJoinPool.commonPool-worker-0] INFO  impl.PendingRequests (PendingRequests.java:sendNotLeaderResponses(202)) - acb5cb05-bd62-40bc-82c8-ae32f2a7d477-PendingRequests: sendNotLeaderResponses
2019-09-26 16:36:44,620 [main] INFO  impl.PendingRequests (PendingRequests.java:sendNotLeaderResponses(202)) - 543c4478-56da-43d0-bc7b-befbdfd1ac53-PendingRequests: sendNotLeaderResponses
2019-09-26 16:36:44,620 [ForkJoinPool.commonPool-worker-0] INFO  impl.StateMachineUpdater (StateMachineUpdater.java:stopAndJoin(125)) - acb5cb05-bd62-40bc-82c8-ae32f2a7d477@group-853E24B469E8-StateMachineUpdater: set stopIndex = 0
2019-09-26 16:36:44,620 [main] INFO  impl.StateMachineUpdater (StateMachineUpdater.java:stopAndJoin(125)) - 543c4478-56da-43d0-bc7b-befbdfd1ac53@group-39ACB0EE06EE-StateMachineUpdater: set stopIndex = 0
2019-09-26 16:36:44,621 [main] INFO  impl.RaftServerImpl (ServerState.java:close(385)) - 543c4478-56da-43d0-bc7b-befbdfd1ac53@group-39ACB0EE06EE: closes. applyIndex: 0
2019-09-26 16:36:44,621 [ForkJoinPool.commonPool-worker-0] INFO  impl.RaftServerImpl (ServerState.java:close(385)) - acb5cb05-bd62-40bc-82c8-ae32f2a7d477@group-853E24B469E8: closes. applyIndex: 0
2019-09-26 16:36:44,622 [543c4478-56da-43d0-bc7b-befbdfd1ac53@group-39ACB0EE06EE-SegmentedRaftLogWorker] INFO  segmented.SegmentedRaftLogWorker (SegmentedRaftLogWorker.java:run(313)) - 543c4478-56da-43d0-bc7b-befbdfd1ac53@group-39ACB0EE06EE-SegmentedRaftLogWorker was interrupted, exiting. There are 0 tasks remaining in the queue.
2019-09-26 16:36:44,622 [acb5cb05-bd62-40bc-82c8-ae32f2a7d477@group-853E24B469E8-SegmentedRaftLogWorker] INFO  segmented.SegmentedRaftLogWorker (SegmentedRaftLogWorker.java:run(313)) - acb5cb05-bd62-40bc-82c8-ae32f2a7d477@group-853E24B469E8-SegmentedRaftLogWorker was interrupted, exiting. There are 0 tasks remaining in the queue.
2019-09-26 16:36:44,626 [main] INFO  segmented.SegmentedRaftLogWorker (SegmentedRaftLogWorker.java:close(228)) - 543c4478-56da-43d0-bc7b-befbdfd1ac53@group-39ACB0EE06EE-SegmentedRaftLogWorker close()
2019-09-26 16:36:44,628 [ForkJoinPool.commonPool-worker-0] INFO  segmented.SegmentedRaftLogWorker (SegmentedRaftLogWorker.java:close(228)) - acb5cb05-bd62-40bc-82c8-ae32f2a7d477@group-853E24B469E8-SegmentedRaftLogWorker close()
2019-09-26 16:36:44,633 [main] INFO  server.GrpcService (GrpcService.java:closeImpl(164)) - 543c4478-56da-43d0-bc7b-befbdfd1ac53: shutdown server with port 44484 now
2019-09-26 16:36:44,638 [ForkJoinPool.commonPool-worker-0] INFO  server.GrpcService (GrpcService.java:closeImpl(164)) - acb5cb05-bd62-40bc-82c8-ae32f2a7d477: shutdown server with port 45827 now
2019-09-26 16:36:44,640 [grpc-default-executor-4] WARN  server.GrpcServerProtocolService (LogUtils.java:warn(134)) - 543c4478-56da-43d0-bc7b-befbdfd1ac53: installSnapshot onError, lastRequest: 2d203acc-2876-43cc-a645-52d5b2311198->543c4478-56da-43d0-bc7b-befbdfd1ac53#235-t2, previous=(t:2, i:0), leaderCommit=0, initializing? false, entries: <empty>: org.apache.ratis.thirdparty.io.grpc.StatusRuntimeException: CANCELLED: cancelled before receiving half close
2019-09-26 16:36:44,640 [ForkJoinPool.commonPool-worker-0] INFO  server.GrpcService (GrpcService.java:closeImpl(172)) - acb5cb05-bd62-40bc-82c8-ae32f2a7d477: shutdown server with port 45827 successfully
2019-09-26 16:36:44,640 [main] INFO  server.GrpcService (GrpcService.java:closeImpl(172)) - 543c4478-56da-43d0-bc7b-befbdfd1ac53: shutdown server with port 44484 successfully
2019-09-26 16:36:44,640 [grpc-default-executor-3] WARN  server.GrpcServerProtocolService (LogUtils.java:warn(134)) - acb5cb05-bd62-40bc-82c8-ae32f2a7d477: installSnapshot onError, lastRequest: e92f8c69-4518-4ec8-914d-310b697ee99a->acb5cb05-bd62-40bc-82c8-ae32f2a7d477#235-t2, previous=(t:2, i:0), leaderCommit=0, initializing? false, entries: <empty>: org.apache.ratis.thirdparty.io.grpc.StatusRuntimeException: CANCELLED: cancelled before receiving half close
2019-09-26 16:36:44,641 [grpc-default-executor-2] WARN  server.GrpcLogAppender (LogUtils.java:warn(134)) - e92f8c69-4518-4ec8-914d-310b697ee99a@group-91D24425D7B5->acb5cb05-bd62-40bc-82c8-ae32f2a7d477-AppendLogResponseHandler: Failed appendEntries: org.apache.ratis.thirdparty.io.grpc.StatusRuntimeException: CANCELLED: HTTP/2 error code: CANCEL
Received Rst Stream
2019-09-26 16:36:44,641 [grpc-default-executor-0] WARN  server.GrpcLogAppender (LogUtils.java:warn(134)) - 2d203acc-2876-43cc-a645-52d5b2311198@group-185BD4C38C74->543c4478-56da-43d0-bc7b-befbdfd1ac53-AppendLogResponseHandler: Failed appendEntries: org.apache.ratis.thirdparty.io.grpc.StatusRuntimeException: CANCELLED: HTTP/2 error code: CANCEL
Received Rst Stream
2019-09-26 16:36:44,642 [grpc-default-executor-2] INFO  impl.FollowerInfo (FollowerInfo.java:lambda$new$0(51)) - e92f8c69-4518-4ec8-914d-310b697ee99a@group-91D24425D7B5->acb5cb05-bd62-40bc-82c8-ae32f2a7d477: nextIndex: updateUnconditionally 1 -> 0
2019-09-26 16:36:44,642 [grpc-default-executor-0] INFO  impl.FollowerInfo (FollowerInfo.java:lambda$new$0(51)) - 2d203acc-2876-43cc-a645-52d5b2311198@group-185BD4C38C74->543c4478-56da-43d0-bc7b-befbdfd1ac53: nextIndex: updateUnconditionally 1 -> 0
2019-09-26 16:36:44,644 [refreshUsed-/workdir/hadoop-ozone/integration-test/target/test-dir/MiniOzoneClusterImpl-b5ca4ec9-472d-464d-82c8-bb75eaf95e3a/datanode-6/data/containers] WARN  fs.CachingGetSpaceUsed (CachingGetSpaceUsed.java:run(183)) - Thread Interrupted waiting to refresh disk information: sleep interrupted
2019-09-26 16:36:44,644 [refreshUsed-/workdir/hadoop-ozone/integration-test/target/test-dir/MiniOzoneClusterImpl-b5ca4ec9-472d-464d-82c8-bb75eaf95e3a/datanode-3/data/containers] WARN  fs.CachingGetSpaceUsed (CachingGetSpaceUsed.java:run(183)) - Thread Interrupted waiting to refresh disk information: sleep interrupted
2019-09-26 16:36:44,668 [main] INFO  utils.BackgroundService (BackgroundService.java:shutdown(148)) - Shutting down service BlockDeletingService
2019-09-26 16:36:44,668 [ForkJoinPool.commonPool-worker-0] INFO  utils.BackgroundService (BackgroundService.java:shutdown(148)) - Shutting down service BlockDeletingService
2019-09-26 16:36:44,796 [main] INFO  statemachine.DatanodeStateMachine (DatanodeStateMachine.java:stopDaemon(395)) - Ozone container server stopped.
2019-09-26 16:36:44,798 [ForkJoinPool.commonPool-worker-0] INFO  statemachine.DatanodeStateMachine (DatanodeStateMachine.java:stopDaemon(395)) - Ozone container server stopped.
2019-09-26 16:36:44,807 [main] INFO  handler.ContextHandler (ContextHandler.java:doStop(910)) - Stopped o.e.j.w.WebAppContext@6d6bbd35{/,null,UNAVAILABLE}{/hddsDatanode}
2019-09-26 16:36:44,807 [ForkJoinPool.commonPool-worker-0] INFO  handler.ContextHandler (ContextHandler.java:doStop(910)) - Stopped o.e.j.w.WebAppContext@73844119{/,null,UNAVAILABLE}{/hddsDatanode}
2019-09-26 16:36:44,809 [main] INFO  server.AbstractConnector (AbstractConnector.java:doStop(318)) - Stopped ServerConnector@5c5d6175{HTTP/1.1,[http/1.1]}{0.0.0.0:0}
2019-09-26 16:36:44,809 [ForkJoinPool.commonPool-worker-0] INFO  server.AbstractConnector (AbstractConnector.java:doStop(318)) - Stopped ServerConnector@44f24a20{HTTP/1.1,[http/1.1]}{0.0.0.0:0}
2019-09-26 16:36:44,809 [main] INFO  handler.ContextHandler (ContextHandler.java:doStop(910)) - Stopped o.e.j.s.ServletContextHandler@3dd31157{/static,jar:file:/home/user/.m2/repository/org/apache/hadoop/hadoop-hdds-container-service/0.5.0-SNAPSHOT/hadoop-hdds-container-service-0.5.0-SNAPSHOT.jar!/webapps/static,UNAVAILABLE}
2019-09-26 16:36:44,811 [ForkJoinPool.commonPool-worker-0] INFO  handler.ContextHandler (ContextHandler.java:doStop(910)) - Stopped o.e.j.s.ServletContextHandler@5634d0f4{/static,jar:file:/home/user/.m2/repository/org/apache/hadoop/hadoop-hdds-container-service/0.5.0-SNAPSHOT/hadoop-hdds-container-service-0.5.0-SNAPSHOT.jar!/webapps/static,UNAVAILABLE}
2019-09-26 16:36:44,812 [main] INFO  handler.ContextHandler (ContextHandler.java:doStop(910)) - Stopped o.e.j.s.ServletContextHandler@574a89e2{/logs,file:///workdir/hadoop-ozone/integration-test/target/log,UNAVAILABLE}
2019-09-26 16:36:44,814 [ForkJoinPool.commonPool-worker-0] INFO  handler.ContextHandler (ContextHandler.java:doStop(910)) - Stopped o.e.j.s.ServletContextHandler@642f9a77{/logs,file:///workdir/hadoop-ozone/integration-test/target/log,UNAVAILABLE}
2019-09-26 16:36:44,942 [Datanode State Machine Thread - 0] INFO  statemachine.DatanodeStateMachine (DatanodeStateMachine.java:lambda$startDaemon$0(350)) - Ozone container server started.
2019-09-26 16:36:45,055 [grpc-default-executor-2] WARN  server.GrpcLogAppender (LogUtils.java:warn(134)) - 2d203acc-2876-43cc-a645-52d5b2311198@group-185BD4C38C74->f9bb6cb5-24ba-4926-b442-6d897d5c3f6a-AppendLogResponseHandler: Failed appendEntries: org.apache.ratis.thirdparty.io.grpc.StatusRuntimeException: UNAVAILABLE: io exception
2019-09-26 16:36:45,057 [grpc-default-executor-2] INFO  impl.FollowerInfo (FollowerInfo.java:lambda$new$0(51)) - 2d203acc-2876-43cc-a645-52d5b2311198@group-185BD4C38C74->f9bb6cb5-24ba-4926-b442-6d897d5c3f6a: nextIndex: updateUnconditionally 0 -> 0
2019-09-26 16:36:45,072 [grpc-default-executor-0] WARN  server.GrpcLogAppender (LogUtils.java:warn(134)) - 4d7b7b0b-d4b2-4e9e-949c-b3d401b8342c@group-9108ADE1020B->837115f0-6bdf-4bb0-a918-7bab3585449b-AppendLogResponseHandler: Failed appendEntries: org.apache.ratis.thirdparty.io.grpc.StatusRuntimeException: UNAVAILABLE: io exception
2019-09-26 16:36:45,074 [grpc-default-executor-0] INFO  impl.FollowerInfo (FollowerInfo.java:lambda$new$0(51)) - 4d7b7b0b-d4b2-4e9e-949c-b3d401b8342c@group-9108ADE1020B->837115f0-6bdf-4bb0-a918-7bab3585449b: nextIndex: updateUnconditionally 0 -> 0
2019-09-26 16:36:45,092 [grpc-default-executor-3] WARN  server.GrpcLogAppender (LogUtils.java:warn(134)) - e92f8c69-4518-4ec8-914d-310b697ee99a@group-91D24425D7B5->acb5cb05-bd62-40bc-82c8-ae32f2a7d477-AppendLogResponseHandler: Failed appendEntries: org.apache.ratis.thirdparty.io.grpc.StatusRuntimeException: UNAVAILABLE: io exception
2019-09-26 16:36:45,092 [grpc-default-executor-6] WARN  server.GrpcLogAppender (LogUtils.java:warn(134)) - 2d203acc-2876-43cc-a645-52d5b2311198@group-185BD4C38C74->543c4478-56da-43d0-bc7b-befbdfd1ac53-AppendLogResponseHandler: Failed appendEntries: org.apache.ratis.thirdparty.io.grpc.StatusRuntimeException: UNAVAILABLE: io exception
2019-09-26 16:36:45,094 [grpc-default-executor-3] INFO  impl.FollowerInfo (FollowerInfo.java:lambda$new$0(51)) - e92f8c69-4518-4ec8-914d-310b697ee99a@group-91D24425D7B5->acb5cb05-bd62-40bc-82c8-ae32f2a7d477: nextIndex: updateUnconditionally 0 -> 0
2019-09-26 16:36:45,096 [grpc-default-executor-6] INFO  impl.FollowerInfo (FollowerInfo.java:lambda$new$0(51)) - 2d203acc-2876-43cc-a645-52d5b2311198@group-185BD4C38C74->543c4478-56da-43d0-bc7b-befbdfd1ac53: nextIndex: updateUnconditionally 0 -> 0
2019-09-26 16:36:45,253 [Datanode State Machine Thread - 0] INFO  statemachine.DatanodeStateMachine (DatanodeStateMachine.java:lambda$startDaemon$0(350)) - Ozone container server started.
2019-09-26 16:36:45,556 [grpc-default-executor-4] WARN  server.GrpcLogAppender (LogUtils.java:warn(134)) - 2d203acc-2876-43cc-a645-52d5b2311198@group-185BD4C38C74->f9bb6cb5-24ba-4926-b442-6d897d5c3f6a-AppendLogResponseHandler: Failed appendEntries: org.apache.ratis.thirdparty.io.grpc.StatusRuntimeException: UNAVAILABLE: io exception
2019-09-26 16:36:45,559 [grpc-default-executor-4] INFO  impl.FollowerInfo (FollowerInfo.java:lambda$new$0(51)) - 2d203acc-2876-43cc-a645-52d5b2311198@group-185BD4C38C74->f9bb6cb5-24ba-4926-b442-6d897d5c3f6a: nextIndex: updateUnconditionally 0 -> 0
2019-09-26 16:36:45,574 [grpc-default-executor-3] WARN  server.GrpcLogAppender (LogUtils.java:warn(134)) - 4d7b7b0b-d4b2-4e9e-949c-b3d401b8342c@group-9108ADE1020B->837115f0-6bdf-4bb0-a918-7bab3585449b-AppendLogResponseHandler: Failed appendEntries: org.apache.ratis.thirdparty.io.grpc.StatusRuntimeException: UNAVAILABLE: io exception
2019-09-26 16:36:45,577 [grpc-default-executor-3] INFO  impl.FollowerInfo (FollowerInfo.java:lambda$new$0(51)) - 4d7b7b0b-d4b2-4e9e-949c-b3d401b8342c@group-9108ADE1020B->837115f0-6bdf-4bb0-a918-7bab3585449b: nextIndex: updateUnconditionally 0 -> 0
2019-09-26 16:36:45,593 [grpc-default-executor-2] WARN  server.GrpcLogAppender (LogUtils.java:warn(134)) - e92f8c69-4518-4ec8-914d-310b697ee99a@group-91D24425D7B5->acb5cb05-bd62-40bc-82c8-ae32f2a7d477-AppendLogResponseHandler: Failed appendEntries: org.apache.ratis.thirdparty.io.grpc.StatusRuntimeException: UNAVAILABLE: io exception
2019-09-26 16:36:45,593 [grpc-default-executor-4] WARN  server.GrpcLogAppender (LogUtils.java:warn(134)) - 2d203acc-2876-43cc-a645-52d5b2311198@group-185BD4C38C74->543c4478-56da-43d0-bc7b-befbdfd1ac53-AppendLogResponseHandler: Failed appendEntries: org.apache.ratis.thirdparty.io.grpc.StatusRuntimeException: UNAVAILABLE: io exception
2019-09-26 16:36:45,596 [grpc-default-executor-2] INFO  impl.FollowerInfo (FollowerInfo.java:lambda$new$0(51)) - e92f8c69-4518-4ec8-914d-310b697ee99a@group-91D24425D7B5->acb5cb05-bd62-40bc-82c8-ae32f2a7d477: nextIndex: updateUnconditionally 0 -> 0
2019-09-26 16:36:45,598 [grpc-default-executor-4] INFO  impl.FollowerInfo (FollowerInfo.java:lambda$new$0(51)) - 2d203acc-2876-43cc-a645-52d5b2311198@group-185BD4C38C74->543c4478-56da-43d0-bc7b-befbdfd1ac53: nextIndex: updateUnconditionally 0 -> 0
2019-09-26 16:36:46,057 [grpc-default-executor-6] WARN  server.GrpcLogAppender (LogUtils.java:warn(134)) - 2d203acc-2876-43cc-a645-52d5b2311198@group-185BD4C38C74->f9bb6cb5-24ba-4926-b442-6d897d5c3f6a-AppendLogResponseHandler: Failed appendEntries: org.apache.ratis.thirdparty.io.grpc.StatusRuntimeException: UNAVAILABLE: io exception
2019-09-26 16:36:46,059 [grpc-default-executor-6] INFO  impl.FollowerInfo (FollowerInfo.java:lambda$new$0(51)) - 2d203acc-2876-43cc-a645-52d5b2311198@group-185BD4C38C74->f9bb6cb5-24ba-4926-b442-6d897d5c3f6a: nextIndex: updateUnconditionally 0 -> 0
2019-09-26 16:36:46,075 [grpc-default-executor-2] WARN  server.GrpcLogAppender (LogUtils.java:warn(134)) - 4d7b7b0b-d4b2-4e9e-949c-b3d401b8342c@group-9108ADE1020B->837115f0-6bdf-4bb0-a918-7bab3585449b-AppendLogResponseHandler: Failed appendEntries: org.apache.ratis.thirdparty.io.grpc.StatusRuntimeException: UNAVAILABLE: io exception
2019-09-26 16:36:46,077 [grpc-default-executor-2] INFO  impl.FollowerInfo (FollowerInfo.java:lambda$new$0(51)) - 4d7b7b0b-d4b2-4e9e-949c-b3d401b8342c@group-9108ADE1020B->837115f0-6bdf-4bb0-a918-7bab3585449b: nextIndex: updateUnconditionally 0 -> 0
2019-09-26 16:36:46,095 [grpc-default-executor-4] WARN  server.GrpcLogAppender (LogUtils.java:warn(134)) - 2d203acc-2876-43cc-a645-52d5b2311198@group-185BD4C38C74->543c4478-56da-43d0-bc7b-befbdfd1ac53-AppendLogResponseHandler: Failed appendEntries: org.apache.ratis.thirdparty.io.grpc.StatusRuntimeException: UNAVAILABLE: io exception
2019-09-26 16:36:46,095 [grpc-default-executor-3] WARN  server.GrpcLogAppender (LogUtils.java:warn(134)) - e92f8c69-4518-4ec8-914d-310b697ee99a@group-91D24425D7B5->acb5cb05-bd62-40bc-82c8-ae32f2a7d477-AppendLogResponseHandler: Failed appendEntries: org.apache.ratis.thirdparty.io.grpc.StatusRuntimeException: UNAVAILABLE: io exception
2019-09-26 16:36:46,098 [grpc-default-executor-4] INFO  impl.FollowerInfo (FollowerInfo.java:lambda$new$0(51)) - 2d203acc-2876-43cc-a645-52d5b2311198@group-185BD4C38C74->543c4478-56da-43d0-bc7b-befbdfd1ac53: nextIndex: updateUnconditionally 0 -> 0
2019-09-26 16:36:46,110 [grpc-default-executor-3] INFO  impl.FollowerInfo (FollowerInfo.java:lambda$new$0(51)) - e92f8c69-4518-4ec8-914d-310b697ee99a@group-91D24425D7B5->acb5cb05-bd62-40bc-82c8-ae32f2a7d477: nextIndex: updateUnconditionally 0 -> 0
2019-09-26 16:36:46,562 [grpc-default-executor-6] WARN  server.GrpcLogAppender (LogUtils.java:warn(134)) - 2d203acc-2876-43cc-a645-52d5b2311198@group-185BD4C38C74->f9bb6cb5-24ba-4926-b442-6d897d5c3f6a-AppendLogResponseHandler: Failed appendEntries: org.apache.ratis.thirdparty.io.grpc.StatusRuntimeException: UNAVAILABLE: io exception
2019-09-26 16:36:46,562 [grpc-default-executor-6] INFO  impl.FollowerInfo (FollowerInfo.java:lambda$new$0(51)) - 2d203acc-2876-43cc-a645-52d5b2311198@group-185BD4C38C74->f9bb6cb5-24ba-4926-b442-6d897d5c3f6a: nextIndex: updateUnconditionally 0 -> 0
2019-09-26 16:36:46,577 [grpc-default-executor-3] WARN  server.GrpcLogAppender (LogUtils.java:warn(134)) - 4d7b7b0b-d4b2-4e9e-949c-b3d401b8342c@group-9108ADE1020B->837115f0-6bdf-4bb0-a918-7bab3585449b-AppendLogResponseHandler: Failed appendEntries: org.apache.ratis.thirdparty.io.grpc.StatusRuntimeException: UNAVAILABLE: io exception
2019-09-26 16:36:46,577 [grpc-default-executor-3] INFO  impl.FollowerInfo (FollowerInfo.java:lambda$new$0(51)) - 4d7b7b0b-d4b2-4e9e-949c-b3d401b8342c@group-9108ADE1020B->837115f0-6bdf-4bb0-a918-7bab3585449b: nextIndex: updateUnconditionally 0 -> 0
2019-09-26 16:36:46,605 [grpc-default-executor-4] WARN  server.GrpcLogAppender (LogUtils.java:warn(134)) - 2d203acc-2876-43cc-a645-52d5b2311198@group-185BD4C38C74->543c4478-56da-43d0-bc7b-befbdfd1ac53-AppendLogResponseHandler: Failed appendEntries: org.apache.ratis.thirdparty.io.grpc.StatusRuntimeException: UNAVAILABLE: io exception
2019-09-26 16:36:46,616 [grpc-default-executor-2] WARN  server.GrpcLogAppender (LogUtils.java:warn(134)) - e92f8c69-4518-4ec8-914d-310b697ee99a@group-91D24425D7B5->acb5cb05-bd62-40bc-82c8-ae32f2a7d477-AppendLogResponseHandler: Failed appendEntries: org.apache.ratis.thirdparty.io.grpc.StatusRuntimeException: UNAVAILABLE: io exception
2019-09-26 16:36:46,616 [grpc-default-executor-4] INFO  impl.FollowerInfo (FollowerInfo.java:lambda$new$0(51)) - 2d203acc-2876-43cc-a645-52d5b2311198@group-185BD4C38C74->543c4478-56da-43d0-bc7b-befbdfd1ac53: nextIndex: updateUnconditionally 0 -> 0
2019-09-26 16:36:46,617 [grpc-default-executor-2] INFO  impl.FollowerInfo (FollowerInfo.java:lambda$new$0(51)) - e92f8c69-4518-4ec8-914d-310b697ee99a@group-91D24425D7B5->acb5cb05-bd62-40bc-82c8-ae32f2a7d477: nextIndex: updateUnconditionally 0 -> 0
2019-09-26 16:36:47,060 [grpc-default-executor-3] WARN  server.GrpcLogAppender (LogUtils.java:warn(134)) - 2d203acc-2876-43cc-a645-52d5b2311198@group-185BD4C38C74->f9bb6cb5-24ba-4926-b442-6d897d5c3f6a-AppendLogResponseHandler: Failed appendEntries: org.apache.ratis.thirdparty.io.grpc.StatusRuntimeException: UNAVAILABLE: io exception
2019-09-26 16:36:47,060 [grpc-default-executor-3] INFO  impl.FollowerInfo (FollowerInfo.java:lambda$new$0(51)) - 2d203acc-2876-43cc-a645-52d5b2311198@group-185BD4C38C74->f9bb6cb5-24ba-4926-b442-6d897d5c3f6a: nextIndex: updateUnconditionally 0 -> 0
2019-09-26 16:36:47,088 [grpc-default-executor-6] WARN  server.GrpcLogAppender (LogUtils.java:warn(134)) - 4d7b7b0b-d4b2-4e9e-949c-b3d401b8342c@group-9108ADE1020B->837115f0-6bdf-4bb0-a918-7bab3585449b-AppendLogResponseHandler: Failed appendEntries: org.apache.ratis.thirdparty.io.grpc.StatusRuntimeException: UNAVAILABLE: io exception
2019-09-26 16:36:47,088 [grpc-default-executor-6] INFO  impl.FollowerInfo (FollowerInfo.java:lambda$new$0(51)) - 4d7b7b0b-d4b2-4e9e-949c-b3d401b8342c@group-9108ADE1020B->837115f0-6bdf-4bb0-a918-7bab3585449b: nextIndex: updateUnconditionally 0 -> 0
2019-09-26 16:36:47,106 [grpc-default-executor-2] WARN  server.GrpcLogAppender (LogUtils.java:warn(134)) - 2d203acc-2876-43cc-a645-52d5b2311198@group-185BD4C38C74->543c4478-56da-43d0-bc7b-befbdfd1ac53-AppendLogResponseHandler: Failed appendEntries: org.apache.ratis.thirdparty.io.grpc.StatusRuntimeException: UNAVAILABLE: io exception
2019-09-26 16:36:47,107 [grpc-default-executor-4] WARN  server.GrpcLogAppender (LogUtils.java:warn(134)) - e92f8c69-4518-4ec8-914d-310b697ee99a@group-91D24425D7B5->acb5cb05-bd62-40bc-82c8-ae32f2a7d477-AppendLogResponseHandler: Failed appendEntries: org.apache.ratis.thirdparty.io.grpc.StatusRuntimeException: UNAVAILABLE: io exception
2019-09-26 16:36:47,107 [grpc-default-executor-2] INFO  impl.FollowerInfo (FollowerInfo.java:lambda$new$0(51)) - 2d203acc-2876-43cc-a645-52d5b2311198@group-185BD4C38C74->543c4478-56da-43d0-bc7b-befbdfd1ac53: nextIndex: updateUnconditionally 0 -> 0
2019-09-26 16:36:47,107 [grpc-default-executor-4] INFO  impl.FollowerInfo (FollowerInfo.java:lambda$new$0(51)) - e92f8c69-4518-4ec8-914d-310b697ee99a@group-91D24425D7B5->acb5cb05-bd62-40bc-82c8-ae32f2a7d477: nextIndex: updateUnconditionally 0 -> 0
2019-09-26 16:36:47,560 [grpc-default-executor-6] WARN  server.GrpcLogAppender (LogUtils.java:warn(134)) - 2d203acc-2876-43cc-a645-52d5b2311198@group-185BD4C38C74->f9bb6cb5-24ba-4926-b442-6d897d5c3f6a-AppendLogResponseHandler: Failed appendEntries: org.apache.ratis.thirdparty.io.grpc.StatusRuntimeException: UNAVAILABLE: io exception
2019-09-26 16:36:47,561 [grpc-default-executor-6] INFO  impl.FollowerInfo (FollowerInfo.java:lambda$new$0(51)) - 2d203acc-2876-43cc-a645-52d5b2311198@group-185BD4C38C74->f9bb6cb5-24ba-4926-b442-6d897d5c3f6a: nextIndex: updateUnconditionally 0 -> 0
2019-09-26 16:36:47,578 [grpc-default-executor-2] WARN  server.GrpcLogAppender (LogUtils.java:warn(134)) - 4d7b7b0b-d4b2-4e9e-949c-b3d401b8342c@group-9108ADE1020B->837115f0-6bdf-4bb0-a918-7bab3585449b-AppendLogResponseHandler: Failed appendEntries: org.apache.ratis.thirdparty.io.grpc.StatusRuntimeException: UNAVAILABLE: io exception
2019-09-26 16:36:47,579 [grpc-default-executor-2] INFO  impl.FollowerInfo (FollowerInfo.java:lambda$new$0(51)) - 4d7b7b0b-d4b2-4e9e-949c-b3d401b8342c@group-9108ADE1020B->837115f0-6bdf-4bb0-a918-7bab3585449b: nextIndex: updateUnconditionally 0 -> 0
2019-09-26 16:36:47,607 [grpc-default-executor-4] WARN  server.GrpcLogAppender (LogUtils.java:warn(134)) - e92f8c69-4518-4ec8-914d-310b697ee99a@group-91D24425D7B5->acb5cb05-bd62-40bc-82c8-ae32f2a7d477-AppendLogResponseHandler: Failed appendEntries: org.apache.ratis.thirdparty.io.grpc.StatusRuntimeException: UNAVAILABLE: io exception
2019-09-26 16:36:47,607 [grpc-default-executor-3] WARN  server.GrpcLogAppender (LogUtils.java:warn(134)) - 2d203acc-2876-43cc-a645-52d5b2311198@group-185BD4C38C74->543c4478-56da-43d0-bc7b-befbdfd1ac53-AppendLogResponseHandler: Failed appendEntries: org.apache.ratis.thirdparty.io.grpc.StatusRuntimeException: UNAVAILABLE: io exception
2019-09-26 16:36:47,607 [grpc-default-executor-4] INFO  impl.FollowerInfo (FollowerInfo.java:lambda$new$0(51)) - e92f8c69-4518-4ec8-914d-310b697ee99a@group-91D24425D7B5->acb5cb05-bd62-40bc-82c8-ae32f2a7d477: nextIndex: updateUnconditionally 0 -> 0
2019-09-26 16:36:47,608 [grpc-default-executor-3] INFO  impl.FollowerInfo (FollowerInfo.java:lambda$new$0(51)) - 2d203acc-2876-43cc-a645-52d5b2311198@group-185BD4C38C74->543c4478-56da-43d0-bc7b-befbdfd1ac53: nextIndex: updateUnconditionally 0 -> 0
2019-09-26 16:36:48,061 [grpc-default-executor-6] WARN  server.GrpcLogAppender (LogUtils.java:warn(134)) - 2d203acc-2876-43cc-a645-52d5b2311198@group-185BD4C38C74->f9bb6cb5-24ba-4926-b442-6d897d5c3f6a-AppendLogResponseHandler: Failed appendEntries: org.apache.ratis.thirdparty.io.grpc.StatusRuntimeException: UNAVAILABLE: io exception
2019-09-26 16:36:48,062 [grpc-default-executor-6] INFO  impl.FollowerInfo (FollowerInfo.java:lambda$new$0(51)) - 2d203acc-2876-43cc-a645-52d5b2311198@group-185BD4C38C74->f9bb6cb5-24ba-4926-b442-6d897d5c3f6a: nextIndex: updateUnconditionally 0 -> 0
2019-09-26 16:36:48,079 [grpc-default-executor-4] WARN  server.GrpcLogAppender (LogUtils.java:warn(134)) - 4d7b7b0b-d4b2-4e9e-949c-b3d401b8342c@group-9108ADE1020B->837115f0-6bdf-4bb0-a918-7bab3585449b-AppendLogResponseHandler: Failed appendEntries: org.apache.ratis.thirdparty.io.grpc.StatusRuntimeException: UNAVAILABLE: io exception
2019-09-26 16:36:48,080 [grpc-default-executor-4] INFO  impl.FollowerInfo (FollowerInfo.java:lambda$new$0(51)) - 4d7b7b0b-d4b2-4e9e-949c-b3d401b8342c@group-9108ADE1020B->837115f0-6bdf-4bb0-a918-7bab3585449b: nextIndex: updateUnconditionally 0 -> 0
2019-09-26 16:36:48,108 [grpc-default-executor-3] WARN  server.GrpcLogAppender (LogUtils.java:warn(134)) - e92f8c69-4518-4ec8-914d-310b697ee99a@group-91D24425D7B5->acb5cb05-bd62-40bc-82c8-ae32f2a7d477-AppendLogResponseHandler: Failed appendEntries: org.apache.ratis.thirdparty.io.grpc.StatusRuntimeException: UNAVAILABLE: io exception
2019-09-26 16:36:48,109 [grpc-default-executor-2] WARN  server.GrpcLogAppender (LogUtils.java:warn(134)) - 2d203acc-2876-43cc-a645-52d5b2311198@group-185BD4C38C74->543c4478-56da-43d0-bc7b-befbdfd1ac53-AppendLogResponseHandler: Failed appendEntries: org.apache.ratis.thirdparty.io.grpc.StatusRuntimeException: UNAVAILABLE: io exception
2019-09-26 16:36:48,109 [grpc-default-executor-3] INFO  impl.FollowerInfo (FollowerInfo.java:lambda$new$0(51)) - e92f8c69-4518-4ec8-914d-310b697ee99a@group-91D24425D7B5->acb5cb05-bd62-40bc-82c8-ae32f2a7d477: nextIndex: updateUnconditionally 0 -> 0
2019-09-26 16:36:48,109 [grpc-default-executor-2] INFO  impl.FollowerInfo (FollowerInfo.java:lambda$new$0(51)) - 2d203acc-2876-43cc-a645-52d5b2311198@group-185BD4C38C74->543c4478-56da-43d0-bc7b-befbdfd1ac53: nextIndex: updateUnconditionally 0 -> 0
2019-09-26 16:36:48,562 [grpc-default-executor-4] WARN  server.GrpcLogAppender (LogUtils.java:warn(134)) - 2d203acc-2876-43cc-a645-52d5b2311198@group-185BD4C38C74->f9bb6cb5-24ba-4926-b442-6d897d5c3f6a-AppendLogResponseHandler: Failed appendEntries: org.apache.ratis.thirdparty.io.grpc.StatusRuntimeException: UNAVAILABLE: io exception
2019-09-26 16:36:48,563 [grpc-default-executor-4] INFO  impl.FollowerInfo (FollowerInfo.java:lambda$new$0(51)) - 2d203acc-2876-43cc-a645-52d5b2311198@group-185BD4C38C74->f9bb6cb5-24ba-4926-b442-6d897d5c3f6a: nextIndex: updateUnconditionally 0 -> 0
2019-09-26 16:36:48,580 [grpc-default-executor-3] WARN  server.GrpcLogAppender (LogUtils.java:warn(134)) - 4d7b7b0b-d4b2-4e9e-949c-b3d401b8342c@group-9108ADE1020B->837115f0-6bdf-4bb0-a918-7bab3585449b-AppendLogResponseHandler: Failed appendEntries: org.apache.ratis.thirdparty.io.grpc.StatusRuntimeException: UNAVAILABLE: io exception
2019-09-26 16:36:48,580 [grpc-default-executor-3] INFO  impl.FollowerInfo (FollowerInfo.java:lambda$new$0(51)) - 4d7b7b0b-d4b2-4e9e-949c-b3d401b8342c@group-9108ADE1020B->837115f0-6bdf-4bb0-a918-7bab3585449b: nextIndex: updateUnconditionally 0 -> 0
2019-09-26 16:36:48,609 [grpc-default-executor-2] WARN  server.GrpcLogAppender (LogUtils.java:warn(134)) - 2d203acc-2876-43cc-a645-52d5b2311198@group-185BD4C38C74->543c4478-56da-43d0-bc7b-befbdfd1ac53-AppendLogResponseHandler: Failed appendEntries: org.apache.ratis.thirdparty.io.grpc.StatusRuntimeException: UNAVAILABLE: io exception
2019-09-26 16:36:48,609 [grpc-default-executor-6] WARN  server.GrpcLogAppender (LogUtils.java:warn(134)) - e92f8c69-4518-4ec8-914d-310b697ee99a@group-91D24425D7B5->acb5cb05-bd62-40bc-82c8-ae32f2a7d477-AppendLogResponseHandler: Failed appendEntries: org.apache.ratis.thirdparty.io.grpc.StatusRuntimeException: UNAVAILABLE: io exception
2019-09-26 16:36:48,610 [grpc-default-executor-2] INFO  impl.FollowerInfo (FollowerInfo.java:lambda$new$0(51)) - 2d203acc-2876-43cc-a645-52d5b2311198@group-185BD4C38C74->543c4478-56da-43d0-bc7b-befbdfd1ac53: nextIndex: updateUnconditionally 0 -> 0
2019-09-26 16:36:48,610 [grpc-default-executor-6] INFO  impl.FollowerInfo (FollowerInfo.java:lambda$new$0(51)) - e92f8c69-4518-4ec8-914d-310b697ee99a@group-91D24425D7B5->acb5cb05-bd62-40bc-82c8-ae32f2a7d477: nextIndex: updateUnconditionally 0 -> 0
2019-09-26 16:36:49,064 [grpc-default-executor-3] WARN  server.GrpcLogAppender (LogUtils.java:warn(134)) - 2d203acc-2876-43cc-a645-52d5b2311198@group-185BD4C38C74->f9bb6cb5-24ba-4926-b442-6d897d5c3f6a-AppendLogResponseHandler: Failed appendEntries: org.apache.ratis.thirdparty.io.grpc.StatusRuntimeException: UNAVAILABLE: io exception
2019-09-26 16:36:49,064 [grpc-default-executor-3] INFO  impl.FollowerInfo (FollowerInfo.java:lambda$new$0(51)) - 2d203acc-2876-43cc-a645-52d5b2311198@group-185BD4C38C74->f9bb6cb5-24ba-4926-b442-6d897d5c3f6a: nextIndex: updateUnconditionally 0 -> 0
2019-09-26 16:36:49,081 [grpc-default-executor-6] WARN  server.GrpcLogAppender (LogUtils.java:warn(134)) - 4d7b7b0b-d4b2-4e9e-949c-b3d401b8342c@group-9108ADE1020B->837115f0-6bdf-4bb0-a918-7bab3585449b-AppendLogResponseHandler: Failed appendEntries: org.apache.ratis.thirdparty.io.grpc.StatusRuntimeException: UNAVAILABLE: io exception
2019-09-26 16:36:49,081 [grpc-default-executor-6] INFO  impl.FollowerInfo (FollowerInfo.java:lambda$new$0(51)) - 4d7b7b0b-d4b2-4e9e-949c-b3d401b8342c@group-9108ADE1020B->837115f0-6bdf-4bb0-a918-7bab3585449b: nextIndex: updateUnconditionally 0 -> 0
2019-09-26 16:36:49,110 [grpc-default-executor-0] WARN  server.GrpcLogAppender (LogUtils.java:warn(134)) - e92f8c69-4518-4ec8-914d-310b697ee99a@group-91D24425D7B5->acb5cb05-bd62-40bc-82c8-ae32f2a7d477-AppendLogResponseHandler: Failed appendEntries: org.apache.ratis.thirdparty.io.grpc.StatusRuntimeException: UNAVAILABLE: io exception
2019-09-26 16:36:49,110 [grpc-default-executor-1] WARN  server.GrpcLogAppender (LogUtils.java:warn(134)) - 2d203acc-2876-43cc-a645-52d5b2311198@group-185BD4C38C74->543c4478-56da-43d0-bc7b-befbdfd1ac53-AppendLogResponseHandler: Failed appendEntries: org.apache.ratis.thirdparty.io.grpc.StatusRuntimeException: UNAVAILABLE: io exception
2019-09-26 16:36:49,111 [grpc-default-executor-0] INFO  impl.FollowerInfo (FollowerInfo.java:lambda$new$0(51)) - e92f8c69-4518-4ec8-914d-310b697ee99a@group-91D24425D7B5->acb5cb05-bd62-40bc-82c8-ae32f2a7d477: nextIndex: updateUnconditionally 0 -> 0
2019-09-26 16:36:49,111 [grpc-default-executor-1] INFO  impl.FollowerInfo (FollowerInfo.java:lambda$new$0(51)) - 2d203acc-2876-43cc-a645-52d5b2311198@group-185BD4C38C74->543c4478-56da-43d0-bc7b-befbdfd1ac53: nextIndex: updateUnconditionally 0 -> 0
2019-09-26 16:36:49,566 [grpc-default-executor-2] WARN  server.GrpcLogAppender (LogUtils.java:warn(134)) - 2d203acc-2876-43cc-a645-52d5b2311198@group-185BD4C38C74->f9bb6cb5-24ba-4926-b442-6d897d5c3f6a-AppendLogResponseHandler: Failed appendEntries: org.apache.ratis.thirdparty.io.grpc.StatusRuntimeException: UNAVAILABLE: io exception
2019-09-26 16:36:49,566 [grpc-default-executor-2] INFO  impl.FollowerInfo (FollowerInfo.java:lambda$new$0(51)) - 2d203acc-2876-43cc-a645-52d5b2311198@group-185BD4C38C74->f9bb6cb5-24ba-4926-b442-6d897d5c3f6a: nextIndex: updateUnconditionally 0 -> 0
2019-09-26 16:36:49,582 [grpc-default-executor-0] WARN  server.GrpcLogAppender (LogUtils.java:warn(134)) - 4d7b7b0b-d4b2-4e9e-949c-b3d401b8342c@group-9108ADE1020B->837115f0-6bdf-4bb0-a918-7bab3585449b-AppendLogResponseHandler: Failed appendEntries: org.apache.ratis.thirdparty.io.grpc.StatusRuntimeException: UNAVAILABLE: io exception
2019-09-26 16:36:49,582 [grpc-default-executor-0] INFO  impl.FollowerInfo (FollowerInfo.java:lambda$new$0(51)) - 4d7b7b0b-d4b2-4e9e-949c-b3d401b8342c@group-9108ADE1020B->837115f0-6bdf-4bb0-a918-7bab3585449b: nextIndex: updateUnconditionally 0 -> 0
2019-09-26 16:36:49,611 [grpc-default-executor-6] WARN  server.GrpcLogAppender (LogUtils.java:warn(134)) - 2d203acc-2876-43cc-a645-52d5b2311198@group-185BD4C38C74->543c4478-56da-43d0-bc7b-befbdfd1ac53-AppendLogResponseHandler: Failed appendEntries: org.apache.ratis.thirdparty.io.grpc.StatusRuntimeException: UNAVAILABLE: io exception
2019-09-26 16:36:49,611 [grpc-default-executor-2] WARN  server.GrpcLogAppender (LogUtils.java:warn(134)) - e92f8c69-4518-4ec8-914d-310b697ee99a@group-91D24425D7B5->acb5cb05-bd62-40bc-82c8-ae32f2a7d477-AppendLogResponseHandler: Failed appendEntries: org.apache.ratis.thirdparty.io.grpc.StatusRuntimeException: UNAVAILABLE: io exception
2019-09-26 16:36:49,612 [grpc-default-executor-6] INFO  impl.FollowerInfo (FollowerInfo.java:lambda$new$0(51)) - 2d203acc-2876-43cc-a645-52d5b2311198@group-185BD4C38C74->543c4478-56da-43d0-bc7b-befbdfd1ac53: nextIndex: updateUnconditionally 0 -> 0
2019-09-26 16:36:49,612 [grpc-default-executor-2] INFO  impl.FollowerInfo (FollowerInfo.java:lambda$new$0(51)) - e92f8c69-4518-4ec8-914d-310b697ee99a@group-91D24425D7B5->acb5cb05-bd62-40bc-82c8-ae32f2a7d477: nextIndex: updateUnconditionally 0 -> 0
2019-09-26 16:36:49,816 [main] INFO  ozoneimpl.OzoneContainer (OzoneContainer.java:stop(231)) - Attempting to stop container services.
2019-09-26 16:36:49,817 [ForkJoinPool.commonPool-worker-0] INFO  ozoneimpl.OzoneContainer (OzoneContainer.java:stop(231)) - Attempting to stop container services.
2019-09-26 16:36:49,817 [main] INFO  impl.RaftServerProxy (RaftServerProxy.java:lambda$close$4(314)) - 05cbe63e-a985-40d9-b8c8-c9fa1f238747: close
2019-09-26 16:36:49,817 [ForkJoinPool.commonPool-worker-0] INFO  impl.RaftServerProxy (RaftServerProxy.java:lambda$close$4(314)) - 1cb81857-6495-4479-8124-808fc28ebfe2: close
2019-09-26 16:36:49,817 [main] INFO  impl.RaftServerImpl (RaftServerImpl.java:lambda$shutdown$3(251)) - 05cbe63e-a985-40d9-b8c8-c9fa1f238747@group-F6B005432D10: shutdown
2019-09-26 16:36:49,818 [ForkJoinPool.commonPool-worker-0] INFO  impl.RaftServerImpl (RaftServerImpl.java:lambda$shutdown$3(251)) - 1cb81857-6495-4479-8124-808fc28ebfe2@group-91D24425D7B5: shutdown
2019-09-26 16:36:49,818 [main] INFO  util.JmxRegister (JmxRegister.java:unregister(73)) - Successfully un-registered JMX Bean with object name Ratis:service=RaftServer,group=group-F6B005432D10,id=05cbe63e-a985-40d9-b8c8-c9fa1f238747
2019-09-26 16:36:49,818 [ForkJoinPool.commonPool-worker-0] INFO  util.JmxRegister (JmxRegister.java:unregister(73)) - Successfully un-registered JMX Bean with object name Ratis:service=RaftServer,group=group-91D24425D7B5,id=1cb81857-6495-4479-8124-808fc28ebfe2
2019-09-26 16:36:49,819 [main] INFO  impl.RoleInfo (RoleInfo.java:shutdownLeaderState(104)) - 05cbe63e-a985-40d9-b8c8-c9fa1f238747: shutdown LeaderState
2019-09-26 16:36:49,819 [ForkJoinPool.commonPool-worker-0] INFO  impl.RoleInfo (RoleInfo.java:shutdownFollowerState(121)) - 1cb81857-6495-4479-8124-808fc28ebfe2: shutdown FollowerState
2019-09-26 16:36:49,819 [main] INFO  impl.PendingRequests (PendingRequests.java:sendNotLeaderResponses(202)) - 05cbe63e-a985-40d9-b8c8-c9fa1f238747-PendingRequests: sendNotLeaderResponses
2019-09-26 16:36:49,819 [Thread-413] INFO  impl.FollowerState (FollowerState.java:run(115)) - 1cb81857-6495-4479-8124-808fc28ebfe2: FollowerState was interrupted: java.lang.InterruptedException: sleep interrupted
2019-09-26 16:36:49,819 [ForkJoinPool.commonPool-worker-0] INFO  impl.StateMachineUpdater (StateMachineUpdater.java:stopAndJoin(125)) - 1cb81857-6495-4479-8124-808fc28ebfe2@group-91D24425D7B5-StateMachineUpdater: set stopIndex = 0
2019-09-26 16:36:49,820 [main] INFO  impl.StateMachineUpdater (StateMachineUpdater.java:stopAndJoin(125)) - 05cbe63e-a985-40d9-b8c8-c9fa1f238747@group-F6B005432D10-StateMachineUpdater: set stopIndex = 0
2019-09-26 16:36:49,823 [main] INFO  impl.RaftServerImpl (ServerState.java:close(385)) - 05cbe63e-a985-40d9-b8c8-c9fa1f238747@group-F6B005432D10: closes. applyIndex: 0
2019-09-26 16:36:49,823 [ForkJoinPool.commonPool-worker-0] INFO  impl.RaftServerImpl (ServerState.java:close(385)) - 1cb81857-6495-4479-8124-808fc28ebfe2@group-91D24425D7B5: closes. applyIndex: 0
2019-09-26 16:36:49,824 [05cbe63e-a985-40d9-b8c8-c9fa1f238747@group-F6B005432D10-SegmentedRaftLogWorker] INFO  segmented.SegmentedRaftLogWorker (SegmentedRaftLogWorker.java:run(313)) - 05cbe63e-a985-40d9-b8c8-c9fa1f238747@group-F6B005432D10-SegmentedRaftLogWorker was interrupted, exiting. There are 0 tasks remaining in the queue.
2019-09-26 16:36:49,825 [1cb81857-6495-4479-8124-808fc28ebfe2@group-91D24425D7B5-SegmentedRaftLogWorker] INFO  segmented.SegmentedRaftLogWorker (SegmentedRaftLogWorker.java:run(313)) - 1cb81857-6495-4479-8124-808fc28ebfe2@group-91D24425D7B5-SegmentedRaftLogWorker was interrupted, exiting. There are 0 tasks remaining in the queue.
2019-09-26 16:36:49,825 [main] INFO  segmented.SegmentedRaftLogWorker (SegmentedRaftLogWorker.java:close(228)) - 05cbe63e-a985-40d9-b8c8-c9fa1f238747@group-F6B005432D10-SegmentedRaftLogWorker close()
2019-09-26 16:36:49,829 [main] INFO  server.GrpcService (GrpcService.java:closeImpl(164)) - 05cbe63e-a985-40d9-b8c8-c9fa1f238747: shutdown server with port 37989 now
2019-09-26 16:36:49,831 [main] INFO  server.GrpcService (GrpcService.java:closeImpl(172)) - 05cbe63e-a985-40d9-b8c8-c9fa1f238747: shutdown server with port 37989 successfully
2019-09-26 16:36:49,837 [ForkJoinPool.commonPool-worker-0] INFO  segmented.SegmentedRaftLogWorker (SegmentedRaftLogWorker.java:close(228)) - 1cb81857-6495-4479-8124-808fc28ebfe2@group-91D24425D7B5-SegmentedRaftLogWorker close()
2019-09-26 16:36:49,846 [refreshUsed-/workdir/hadoop-ozone/integration-test/target/test-dir/MiniOzoneClusterImpl-b5ca4ec9-472d-464d-82c8-bb75eaf95e3a/datanode-8/data/containers] WARN  fs.CachingGetSpaceUsed (CachingGetSpaceUsed.java:run(183)) - Thread Interrupted waiting to refresh disk information: sleep interrupted
2019-09-26 16:36:49,846 [ForkJoinPool.commonPool-worker-0] INFO  impl.RaftServerImpl (RaftServerImpl.java:lambda$shutdown$3(251)) - 1cb81857-6495-4479-8124-808fc28ebfe2@group-0EA23F1C529B: shutdown
2019-09-26 16:36:49,847 [ForkJoinPool.commonPool-worker-0] INFO  util.JmxRegister (JmxRegister.java:unregister(73)) - Successfully un-registered JMX Bean with object name Ratis:service=RaftServer,group=group-0EA23F1C529B,id=1cb81857-6495-4479-8124-808fc28ebfe2
2019-09-26 16:36:49,847 [ForkJoinPool.commonPool-worker-0] INFO  impl.RoleInfo (RoleInfo.java:shutdownLeaderState(104)) - 1cb81857-6495-4479-8124-808fc28ebfe2: shutdown LeaderState
2019-09-26 16:36:49,847 [ForkJoinPool.commonPool-worker-0] INFO  impl.PendingRequests (PendingRequests.java:sendNotLeaderResponses(202)) - 1cb81857-6495-4479-8124-808fc28ebfe2-PendingRequests: sendNotLeaderResponses
2019-09-26 16:36:49,848 [ForkJoinPool.commonPool-worker-0] INFO  impl.StateMachineUpdater (StateMachineUpdater.java:stopAndJoin(125)) - 1cb81857-6495-4479-8124-808fc28ebfe2@group-0EA23F1C529B-StateMachineUpdater: set stopIndex = 0
2019-09-26 16:36:49,848 [ForkJoinPool.commonPool-worker-0] INFO  impl.RaftServerImpl (ServerState.java:close(385)) - 1cb81857-6495-4479-8124-808fc28ebfe2@group-0EA23F1C529B: closes. applyIndex: 0
2019-09-26 16:36:49,848 [1cb81857-6495-4479-8124-808fc28ebfe2@group-0EA23F1C529B-SegmentedRaftLogWorker] INFO  segmented.SegmentedRaftLogWorker (SegmentedRaftLogWorker.java:run(313)) - 1cb81857-6495-4479-8124-808fc28ebfe2@group-0EA23F1C529B-SegmentedRaftLogWorker was interrupted, exiting. There are 0 tasks remaining in the queue.
2019-09-26 16:36:49,849 [ForkJoinPool.commonPool-worker-0] INFO  segmented.SegmentedRaftLogWorker (SegmentedRaftLogWorker.java:close(228)) - 1cb81857-6495-4479-8124-808fc28ebfe2@group-0EA23F1C529B-SegmentedRaftLogWorker close()
2019-09-26 16:36:49,850 [ForkJoinPool.commonPool-worker-0] INFO  server.GrpcService (GrpcService.java:closeImpl(164)) - 1cb81857-6495-4479-8124-808fc28ebfe2: shutdown server with port 42169 now
2019-09-26 16:36:49,851 [grpc-default-executor-6] WARN  server.GrpcServerProtocolService (LogUtils.java:warn(134)) - 1cb81857-6495-4479-8124-808fc28ebfe2: installSnapshot onError, lastRequest: e92f8c69-4518-4ec8-914d-310b697ee99a->1cb81857-6495-4479-8124-808fc28ebfe2#245-t2, previous=(t:2, i:0), leaderCommit=0, initializing? false, entries: <empty>: org.apache.ratis.thirdparty.io.grpc.StatusRuntimeException: CANCELLED: cancelled before receiving half close
2019-09-26 16:36:49,851 [grpc-default-executor-2] WARN  server.GrpcLogAppender (LogUtils.java:warn(134)) - e92f8c69-4518-4ec8-914d-310b697ee99a@group-91D24425D7B5->1cb81857-6495-4479-8124-808fc28ebfe2-AppendLogResponseHandler: Failed appendEntries: org.apache.ratis.thirdparty.io.grpc.StatusRuntimeException: CANCELLED: HTTP/2 error code: CANCEL
Received Rst Stream
2019-09-26 16:36:49,851 [ForkJoinPool.commonPool-worker-0] INFO  server.GrpcService (GrpcService.java:closeImpl(172)) - 1cb81857-6495-4479-8124-808fc28ebfe2: shutdown server with port 42169 successfully
2019-09-26 16:36:49,852 [grpc-default-executor-2] INFO  impl.FollowerInfo (FollowerInfo.java:lambda$new$0(51)) - e92f8c69-4518-4ec8-914d-310b697ee99a@group-91D24425D7B5->1cb81857-6495-4479-8124-808fc28ebfe2: nextIndex: updateUnconditionally 1 -> 0
2019-09-26 16:36:49,854 [refreshUsed-/workdir/hadoop-ozone/integration-test/target/test-dir/MiniOzoneClusterImpl-b5ca4ec9-472d-464d-82c8-bb75eaf95e3a/datanode-4/data/containers] WARN  fs.CachingGetSpaceUsed (CachingGetSpaceUsed.java:run(183)) - Thread Interrupted waiting to refresh disk information: sleep interrupted
2019-09-26 16:36:49,863 [main] INFO  utils.BackgroundService (BackgroundService.java:shutdown(148)) - Shutting down service BlockDeletingService
2019-09-26 16:36:49,868 [main] INFO  statemachine.DatanodeStateMachine (DatanodeStateMachine.java:stopDaemon(395)) - Ozone container server stopped.
2019-09-26 16:36:49,870 [main] INFO  handler.ContextHandler (ContextHandler.java:doStop(910)) - Stopped o.e.j.w.WebAppContext@765ffb14{/,null,UNAVAILABLE}{/hddsDatanode}
2019-09-26 16:36:49,870 [main] INFO  server.AbstractConnector (AbstractConnector.java:doStop(318)) - Stopped ServerConnector@57562473{HTTP/1.1,[http/1.1]}{0.0.0.0:0}
2019-09-26 16:36:49,871 [main] INFO  handler.ContextHandler (ContextHandler.java:doStop(910)) - Stopped o.e.j.s.ServletContextHandler@27e7c77f{/static,jar:file:/home/user/.m2/repository/org/apache/hadoop/hadoop-hdds-container-service/0.5.0-SNAPSHOT/hadoop-hdds-container-service-0.5.0-SNAPSHOT.jar!/webapps/static,UNAVAILABLE}
2019-09-26 16:36:49,871 [main] INFO  handler.ContextHandler (ContextHandler.java:doStop(910)) - Stopped o.e.j.s.ServletContextHandler@1f53481b{/logs,file:///workdir/hadoop-ozone/integration-test/target/log,UNAVAILABLE}
2019-09-26 16:36:49,873 [ForkJoinPool.commonPool-worker-0] INFO  utils.BackgroundService (BackgroundService.java:shutdown(148)) - Shutting down service BlockDeletingService
2019-09-26 16:36:49,877 [ForkJoinPool.commonPool-worker-0] INFO  statemachine.DatanodeStateMachine (DatanodeStateMachine.java:stopDaemon(395)) - Ozone container server stopped.
2019-09-26 16:36:49,881 [ForkJoinPool.commonPool-worker-0] INFO  handler.ContextHandler (ContextHandler.java:doStop(910)) - Stopped o.e.j.w.WebAppContext@127a7272{/,null,UNAVAILABLE}{/hddsDatanode}
2019-09-26 16:36:49,882 [ForkJoinPool.commonPool-worker-0] INFO  server.AbstractConnector (AbstractConnector.java:doStop(318)) - Stopped ServerConnector@ff23ae7{HTTP/1.1,[http/1.1]}{0.0.0.0:0}
2019-09-26 16:36:49,883 [ForkJoinPool.commonPool-worker-0] INFO  handler.ContextHandler (ContextHandler.java:doStop(910)) - Stopped o.e.j.s.ServletContextHandler@2a369e14{/static,jar:file:/home/user/.m2/repository/org/apache/hadoop/hadoop-hdds-container-service/0.5.0-SNAPSHOT/hadoop-hdds-container-service-0.5.0-SNAPSHOT.jar!/webapps/static,UNAVAILABLE}
2019-09-26 16:36:49,884 [ForkJoinPool.commonPool-worker-0] INFO  handler.ContextHandler (ContextHandler.java:doStop(910)) - Stopped o.e.j.s.ServletContextHandler@60c8a093{/logs,file:///workdir/hadoop-ozone/integration-test/target/log,UNAVAILABLE}
2019-09-26 16:36:49,947 [Datanode State Machine Thread - 0] INFO  statemachine.DatanodeStateMachine (DatanodeStateMachine.java:lambda$startDaemon$0(350)) - Ozone container server started.
2019-09-26 16:36:50,066 [grpc-default-executor-1] WARN  server.GrpcLogAppender (LogUtils.java:warn(134)) - 2d203acc-2876-43cc-a645-52d5b2311198@group-185BD4C38C74->f9bb6cb5-24ba-4926-b442-6d897d5c3f6a-AppendLogResponseHandler: Failed appendEntries: org.apache.ratis.thirdparty.io.grpc.StatusRuntimeException: UNAVAILABLE: io exception
2019-09-26 16:36:50,067 [grpc-default-executor-1] INFO  impl.FollowerInfo (FollowerInfo.java:lambda$new$0(51)) - 2d203acc-2876-43cc-a645-52d5b2311198@group-185BD4C38C74->f9bb6cb5-24ba-4926-b442-6d897d5c3f6a: nextIndex: updateUnconditionally 0 -> 0
2019-09-26 16:36:50,082 [grpc-default-executor-2] WARN  server.GrpcLogAppender (LogUtils.java:warn(134)) - 4d7b7b0b-d4b2-4e9e-949c-b3d401b8342c@group-9108ADE1020B->837115f0-6bdf-4bb0-a918-7bab3585449b-AppendLogResponseHandler: Failed appendEntries: org.apache.ratis.thirdparty.io.grpc.StatusRuntimeException: UNAVAILABLE: io exception
2019-09-26 16:36:50,082 [grpc-default-executor-2] INFO  impl.FollowerInfo (FollowerInfo.java:lambda$new$0(51)) - 4d7b7b0b-d4b2-4e9e-949c-b3d401b8342c@group-9108ADE1020B->837115f0-6bdf-4bb0-a918-7bab3585449b: nextIndex: updateUnconditionally 0 -> 0
2019-09-26 16:36:50,112 [grpc-default-executor-6] WARN  server.GrpcLogAppender (LogUtils.java:warn(134)) - e92f8c69-4518-4ec8-914d-310b697ee99a@group-91D24425D7B5->acb5cb05-bd62-40bc-82c8-ae32f2a7d477-AppendLogResponseHandler: Failed appendEntries: org.apache.ratis.thirdparty.io.grpc.StatusRuntimeException: UNAVAILABLE: io exception
2019-09-26 16:36:50,112 [grpc-default-executor-2] WARN  server.GrpcLogAppender (LogUtils.java:warn(134)) - 2d203acc-2876-43cc-a645-52d5b2311198@group-185BD4C38C74->543c4478-56da-43d0-bc7b-befbdfd1ac53-AppendLogResponseHandler: Failed appendEntries: org.apache.ratis.thirdparty.io.grpc.StatusRuntimeException: UNAVAILABLE: io exception
2019-09-26 16:36:50,113 [grpc-default-executor-6] INFO  impl.FollowerInfo (FollowerInfo.java:lambda$new$0(51)) - e92f8c69-4518-4ec8-914d-310b697ee99a@group-91D24425D7B5->acb5cb05-bd62-40bc-82c8-ae32f2a7d477: nextIndex: updateUnconditionally 0 -> 0
2019-09-26 16:36:50,113 [grpc-default-executor-2] INFO  impl.FollowerInfo (FollowerInfo.java:lambda$new$0(51)) - 2d203acc-2876-43cc-a645-52d5b2311198@group-185BD4C38C74->543c4478-56da-43d0-bc7b-befbdfd1ac53: nextIndex: updateUnconditionally 0 -> 0
2019-09-26 16:36:50,134 [grpc-default-executor-1] WARN  server.GrpcLogAppender (LogUtils.java:warn(134)) - e92f8c69-4518-4ec8-914d-310b697ee99a@group-91D24425D7B5->1cb81857-6495-4479-8124-808fc28ebfe2-AppendLogResponseHandler: Failed appendEntries: org.apache.ratis.thirdparty.io.grpc.StatusRuntimeException: UNAVAILABLE: io exception
2019-09-26 16:36:50,134 [grpc-default-executor-1] INFO  impl.FollowerInfo (FollowerInfo.java:lambda$new$0(51)) - e92f8c69-4518-4ec8-914d-310b697ee99a@group-91D24425D7B5->1cb81857-6495-4479-8124-808fc28ebfe2: nextIndex: updateUnconditionally 0 -> 0
2019-09-26 16:36:50,315 [Datanode State Machine Thread - 0] INFO  statemachine.DatanodeStateMachine (DatanodeStateMachine.java:lambda$startDaemon$0(350)) - Ozone container server started.
2019-09-26 16:36:50,568 [grpc-default-executor-6] WARN  server.GrpcLogAppender (LogUtils.java:warn(134)) - 2d203acc-2876-43cc-a645-52d5b2311198@group-185BD4C38C74->f9bb6cb5-24ba-4926-b442-6d897d5c3f6a-AppendLogResponseHandler: Failed appendEntries: org.apache.ratis.thirdparty.io.grpc.StatusRuntimeException: UNAVAILABLE: io exception
2019-09-26 16:36:50,569 [grpc-default-executor-6] INFO  impl.FollowerInfo (FollowerInfo.java:lambda$new$0(51)) - 2d203acc-2876-43cc-a645-52d5b2311198@group-185BD4C38C74->f9bb6cb5-24ba-4926-b442-6d897d5c3f6a: nextIndex: updateUnconditionally 0 -> 0
2019-09-26 16:36:50,584 [grpc-default-executor-2] WARN  server.GrpcLogAppender (LogUtils.java:warn(134)) - 4d7b7b0b-d4b2-4e9e-949c-b3d401b8342c@group-9108ADE1020B->837115f0-6bdf-4bb0-a918-7bab3585449b-AppendLogResponseHandler: Failed appendEntries: org.apache.ratis.thirdparty.io.grpc.StatusRuntimeException: UNAVAILABLE: io exception
2019-09-26 16:36:50,585 [grpc-default-executor-2] INFO  impl.FollowerInfo (FollowerInfo.java:lambda$new$0(51)) - 4d7b7b0b-d4b2-4e9e-949c-b3d401b8342c@group-9108ADE1020B->837115f0-6bdf-4bb0-a918-7bab3585449b: nextIndex: updateUnconditionally 0 -> 0
2019-09-26 16:36:50,614 [grpc-default-executor-0] WARN  server.GrpcLogAppender (LogUtils.java:warn(134)) - e92f8c69-4518-4ec8-914d-310b697ee99a@group-91D24425D7B5->acb5cb05-bd62-40bc-82c8-ae32f2a7d477-AppendLogResponseHandler: Failed appendEntries: org.apache.ratis.thirdparty.io.grpc.StatusRuntimeException: UNAVAILABLE: io exception
2019-09-26 16:36:50,614 [grpc-default-executor-4] WARN  server.GrpcLogAppender (LogUtils.java:warn(134)) - 2d203acc-2876-43cc-a645-52d5b2311198@group-185BD4C38C74->543c4478-56da-43d0-bc7b-befbdfd1ac53-AppendLogResponseHandler: Failed appendEntries: org.apache.ratis.thirdparty.io.grpc.StatusRuntimeException: UNAVAILABLE: io exception
2019-09-26 16:36:50,615 [grpc-default-executor-0] INFO  impl.FollowerInfo (FollowerInfo.java:lambda$new$0(51)) - e92f8c69-4518-4ec8-914d-310b697ee99a@group-91D24425D7B5->acb5cb05-bd62-40bc-82c8-ae32f2a7d477: nextIndex: updateUnconditionally 0 -> 0
2019-09-26 16:36:50,615 [grpc-default-executor-4] INFO  impl.FollowerInfo (FollowerInfo.java:lambda$new$0(51)) - 2d203acc-2876-43cc-a645-52d5b2311198@group-185BD4C38C74->543c4478-56da-43d0-bc7b-befbdfd1ac53: nextIndex: updateUnconditionally 0 -> 0
2019-09-26 16:36:50,634 [grpc-default-executor-1] WARN  server.GrpcLogAppender (LogUtils.java:warn(134)) - e92f8c69-4518-4ec8-914d-310b697ee99a@group-91D24425D7B5->1cb81857-6495-4479-8124-808fc28ebfe2-AppendLogResponseHandler: Failed appendEntries: org.apache.ratis.thirdparty.io.grpc.StatusRuntimeException: UNAVAILABLE: io exception
2019-09-26 16:36:50,635 [grpc-default-executor-1] INFO  impl.FollowerInfo (FollowerInfo.java:lambda$new$0(51)) - e92f8c69-4518-4ec8-914d-310b697ee99a@group-91D24425D7B5->1cb81857-6495-4479-8124-808fc28ebfe2: nextIndex: updateUnconditionally 0 -> 0
2019-09-26 16:36:51,069 [grpc-default-executor-4] WARN  server.GrpcLogAppender (LogUtils.java:warn(134)) - 2d203acc-2876-43cc-a645-52d5b2311198@group-185BD4C38C74->f9bb6cb5-24ba-4926-b442-6d897d5c3f6a-AppendLogResponseHandler: Failed appendEntries: org.apache.ratis.thirdparty.io.grpc.StatusRuntimeException: UNAVAILABLE: io exception
2019-09-26 16:36:51,070 [grpc-default-executor-4] INFO  impl.FollowerInfo (FollowerInfo.java:lambda$new$0(51)) - 2d203acc-2876-43cc-a645-52d5b2311198@group-185BD4C38C74->f9bb6cb5-24ba-4926-b442-6d897d5c3f6a: nextIndex: updateUnconditionally 0 -> 0
2019-09-26 16:36:51,085 [grpc-default-executor-0] WARN  server.GrpcLogAppender (LogUtils.java:warn(134)) - 4d7b7b0b-d4b2-4e9e-949c-b3d401b8342c@group-9108ADE1020B->837115f0-6bdf-4bb0-a918-7bab3585449b-AppendLogResponseHandler: Failed appendEntries: org.apache.ratis.thirdparty.io.grpc.StatusRuntimeException: UNAVAILABLE: io exception
2019-09-26 16:36:51,085 [grpc-default-executor-0] INFO  impl.FollowerInfo (FollowerInfo.java:lambda$new$0(51)) - 4d7b7b0b-d4b2-4e9e-949c-b3d401b8342c@group-9108ADE1020B->837115f0-6bdf-4bb0-a918-7bab3585449b: nextIndex: updateUnconditionally 0 -> 0
2019-09-26 16:36:51,115 [grpc-default-executor-4] WARN  server.GrpcLogAppender (LogUtils.java:warn(134)) - 2d203acc-2876-43cc-a645-52d5b2311198@group-185BD4C38C74->543c4478-56da-43d0-bc7b-befbdfd1ac53-AppendLogResponseHandler: Failed appendEntries: org.apache.ratis.thirdparty.io.grpc.StatusRuntimeException: UNAVAILABLE: io exception
2019-09-26 16:36:51,115 [grpc-default-executor-6] WARN  server.GrpcLogAppender (LogUtils.java:warn(134)) - e92f8c69-4518-4ec8-914d-310b697ee99a@group-91D24425D7B5->acb5cb05-bd62-40bc-82c8-ae32f2a7d477-AppendLogResponseHandler: Failed appendEntries: org.apache.ratis.thirdparty.io.grpc.StatusRuntimeException: UNAVAILABLE: io exception
2019-09-26 16:36:51,116 [grpc-default-executor-4] INFO  impl.FollowerInfo (FollowerInfo.java:lambda$new$0(51)) - 2d203acc-2876-43cc-a645-52d5b2311198@group-185BD4C38C74->543c4478-56da-43d0-bc7b-befbdfd1ac53: nextIndex: updateUnconditionally 0 -> 0
2019-09-26 16:36:51,117 [grpc-default-executor-6] INFO  impl.FollowerInfo (FollowerInfo.java:lambda$new$0(51)) - e92f8c69-4518-4ec8-914d-310b697ee99a@group-91D24425D7B5->acb5cb05-bd62-40bc-82c8-ae32f2a7d477: nextIndex: updateUnconditionally 0 -> 0
2019-09-26 16:36:51,136 [grpc-default-executor-1] WARN  server.GrpcLogAppender (LogUtils.java:warn(134)) - e92f8c69-4518-4ec8-914d-310b697ee99a@group-91D24425D7B5->1cb81857-6495-4479-8124-808fc28ebfe2-AppendLogResponseHandler: Failed appendEntries: org.apache.ratis.thirdparty.io.grpc.StatusRuntimeException: UNAVAILABLE: io exception
2019-09-26 16:36:51,136 [grpc-default-executor-1] INFO  impl.FollowerInfo (FollowerInfo.java:lambda$new$0(51)) - e92f8c69-4518-4ec8-914d-310b697ee99a@group-91D24425D7B5->1cb81857-6495-4479-8124-808fc28ebfe2: nextIndex: updateUnconditionally 0 -> 0
2019-09-26 16:36:51,571 [grpc-default-executor-6] WARN  server.GrpcLogAppender (LogUtils.java:warn(134)) - 2d203acc-2876-43cc-a645-52d5b2311198@group-185BD4C38C74->f9bb6cb5-24ba-4926-b442-6d897d5c3f6a-AppendLogResponseHandler: Failed appendEntries: org.apache.ratis.thirdparty.io.grpc.StatusRuntimeException: UNAVAILABLE: io exception
2019-09-26 16:36:51,571 [grpc-default-executor-6] INFO  impl.FollowerInfo (FollowerInfo.java:lambda$new$0(51)) - 2d203acc-2876-43cc-a645-52d5b2311198@group-185BD4C38C74->f9bb6cb5-24ba-4926-b442-6d897d5c3f6a: nextIndex: updateUnconditionally 0 -> 0
2019-09-26 16:36:51,586 [grpc-default-executor-1] WARN  server.GrpcLogAppender (LogUtils.java:warn(134)) - 4d7b7b0b-d4b2-4e9e-949c-b3d401b8342c@group-9108ADE1020B->837115f0-6bdf-4bb0-a918-7bab3585449b-AppendLogResponseHandler: Failed appendEntries: org.apache.ratis.thirdparty.io.grpc.StatusRuntimeException: UNAVAILABLE: io exception
2019-09-26 16:36:51,586 [grpc-default-executor-1] INFO  impl.FollowerInfo (FollowerInfo.java:lambda$new$0(51)) - 4d7b7b0b-d4b2-4e9e-949c-b3d401b8342c@group-9108ADE1020B->837115f0-6bdf-4bb0-a918-7bab3585449b: nextIndex: updateUnconditionally 0 -> 0
2019-09-26 16:36:51,616 [grpc-default-executor-1] WARN  server.GrpcLogAppender (LogUtils.java:warn(134)) - 2d203acc-2876-43cc-a645-52d5b2311198@group-185BD4C38C74->543c4478-56da-43d0-bc7b-befbdfd1ac53-AppendLogResponseHandler: Failed appendEntries: org.apache.ratis.thirdparty.io.grpc.StatusRuntimeException: UNAVAILABLE: io exception
2019-09-26 16:36:51,616 [grpc-default-executor-4] WARN  server.GrpcLogAppender (LogUtils.java:warn(134)) - e92f8c69-4518-4ec8-914d-310b697ee99a@group-91D24425D7B5->acb5cb05-bd62-40bc-82c8-ae32f2a7d477-AppendLogResponseHandler: Failed appendEntries: org.apache.ratis.thirdparty.io.grpc.StatusRuntimeException: UNAVAILABLE: io exception
2019-09-26 16:36:51,616 [grpc-default-executor-1] INFO  impl.FollowerInfo (FollowerInfo.java:lambda$new$0(51)) - 2d203acc-2876-43cc-a645-52d5b2311198@group-185BD4C38C74->543c4478-56da-43d0-bc7b-befbdfd1ac53: nextIndex: updateUnconditionally 0 -> 0
2019-09-26 16:36:51,617 [grpc-default-executor-4] INFO  impl.FollowerInfo (FollowerInfo.java:lambda$new$0(51)) - e92f8c69-4518-4ec8-914d-310b697ee99a@group-91D24425D7B5->acb5cb05-bd62-40bc-82c8-ae32f2a7d477: nextIndex: updateUnconditionally 0 -> 0
2019-09-26 16:36:51,636 [grpc-default-executor-6] WARN  server.GrpcLogAppender (LogUtils.java:warn(134)) - e92f8c69-4518-4ec8-914d-310b697ee99a@group-91D24425D7B5->1cb81857-6495-4479-8124-808fc28ebfe2-AppendLogResponseHandler: Failed appendEntries: org.apache.ratis.thirdparty.io.grpc.StatusRuntimeException: UNAVAILABLE: io exception
2019-09-26 16:36:51,637 [grpc-default-executor-6] INFO  impl.FollowerInfo (FollowerInfo.java:lambda$new$0(51)) - e92f8c69-4518-4ec8-914d-310b697ee99a@group-91D24425D7B5->1cb81857-6495-4479-8124-808fc28ebfe2: nextIndex: updateUnconditionally 0 -> 0
2019-09-26 16:36:52,071 [grpc-default-executor-1] WARN  server.GrpcLogAppender (LogUtils.java:warn(134)) - 2d203acc-2876-43cc-a645-52d5b2311198@group-185BD4C38C74->f9bb6cb5-24ba-4926-b442-6d897d5c3f6a-AppendLogResponseHandler: Failed appendEntries: org.apache.ratis.thirdparty.io.grpc.StatusRuntimeException: UNAVAILABLE: io exception
2019-09-26 16:36:52,072 [grpc-default-executor-1] INFO  impl.FollowerInfo (FollowerInfo.java:lambda$new$0(51)) - 2d203acc-2876-43cc-a645-52d5b2311198@group-185BD4C38C74->f9bb6cb5-24ba-4926-b442-6d897d5c3f6a: nextIndex: updateUnconditionally 0 -> 0
2019-09-26 16:36:52,086 [grpc-default-executor-6] WARN  server.GrpcLogAppender (LogUtils.java:warn(134)) - 4d7b7b0b-d4b2-4e9e-949c-b3d401b8342c@group-9108ADE1020B->837115f0-6bdf-4bb0-a918-7bab3585449b-AppendLogResponseHandler: Failed appendEntries: org.apache.ratis.thirdparty.io.grpc.StatusRuntimeException: UNAVAILABLE: io exception
2019-09-26 16:36:52,086 [grpc-default-executor-6] INFO  impl.FollowerInfo (FollowerInfo.java:lambda$new$0(51)) - 4d7b7b0b-d4b2-4e9e-949c-b3d401b8342c@group-9108ADE1020B->837115f0-6bdf-4bb0-a918-7bab3585449b: nextIndex: updateUnconditionally 0 -> 0
2019-09-26 16:36:52,117 [grpc-default-executor-6] WARN  server.GrpcLogAppender (LogUtils.java:warn(134)) - e92f8c69-4518-4ec8-914d-310b697ee99a@group-91D24425D7B5->acb5cb05-bd62-40bc-82c8-ae32f2a7d477-AppendLogResponseHandler: Failed appendEntries: org.apache.ratis.thirdparty.io.grpc.StatusRuntimeException: UNAVAILABLE: io exception
2019-09-26 16:36:52,117 [grpc-default-executor-2] WARN  server.GrpcLogAppender (LogUtils.java:warn(134)) - 2d203acc-2876-43cc-a645-52d5b2311198@group-185BD4C38C74->543c4478-56da-43d0-bc7b-befbdfd1ac53-AppendLogResponseHandler: Failed appendEntries: org.apache.ratis.thirdparty.io.grpc.StatusRuntimeException: UNAVAILABLE: io exception
2019-09-26 16:36:52,117 [grpc-default-executor-6] INFO  impl.FollowerInfo (FollowerInfo.java:lambda$new$0(51)) - e92f8c69-4518-4ec8-914d-310b697ee99a@group-91D24425D7B5->acb5cb05-bd62-40bc-82c8-ae32f2a7d477: nextIndex: updateUnconditionally 0 -> 0
2019-09-26 16:36:52,118 [grpc-default-executor-2] INFO  impl.FollowerInfo (FollowerInfo.java:lambda$new$0(51)) - 2d203acc-2876-43cc-a645-52d5b2311198@group-185BD4C38C74->543c4478-56da-43d0-bc7b-befbdfd1ac53: nextIndex: updateUnconditionally 0 -> 0
2019-09-26 16:36:52,137 [grpc-default-executor-4] WARN  server.GrpcLogAppender (LogUtils.java:warn(134)) - e92f8c69-4518-4ec8-914d-310b697ee99a@group-91D24425D7B5->1cb81857-6495-4479-8124-808fc28ebfe2-AppendLogResponseHandler: Failed appendEntries: org.apache.ratis.thirdparty.io.grpc.StatusRuntimeException: UNAVAILABLE: io exception
2019-09-26 16:36:52,138 [grpc-default-executor-4] INFO  impl.FollowerInfo (FollowerInfo.java:lambda$new$0(51)) - e92f8c69-4518-4ec8-914d-310b697ee99a@group-91D24425D7B5->1cb81857-6495-4479-8124-808fc28ebfe2: nextIndex: updateUnconditionally 0 -> 0
2019-09-26 16:36:52,572 [grpc-default-executor-6] WARN  server.GrpcLogAppender (LogUtils.java:warn(134)) - 2d203acc-2876-43cc-a645-52d5b2311198@group-185BD4C38C74->f9bb6cb5-24ba-4926-b442-6d897d5c3f6a-AppendLogResponseHandler: Failed appendEntries: org.apache.ratis.thirdparty.io.grpc.StatusRuntimeException: UNAVAILABLE: io exception
2019-09-26 16:36:52,572 [grpc-default-executor-6] INFO  impl.FollowerInfo (FollowerInfo.java:lambda$new$0(51)) - 2d203acc-2876-43cc-a645-52d5b2311198@group-185BD4C38C74->f9bb6cb5-24ba-4926-b442-6d897d5c3f6a: nextIndex: updateUnconditionally 0 -> 0
2019-09-26 16:36:52,587 [grpc-default-executor-6] WARN  server.GrpcLogAppender (LogUtils.java:warn(134)) - 4d7b7b0b-d4b2-4e9e-949c-b3d401b8342c@group-9108ADE1020B->837115f0-6bdf-4bb0-a918-7bab3585449b-AppendLogResponseHandler: Failed appendEntries: org.apache.ratis.thirdparty.io.grpc.StatusRuntimeException: UNAVAILABLE: io exception
2019-09-26 16:36:52,587 [grpc-default-executor-6] INFO  impl.FollowerInfo (FollowerInfo.java:lambda$new$0(51)) - 4d7b7b0b-d4b2-4e9e-949c-b3d401b8342c@group-9108ADE1020B->837115f0-6bdf-4bb0-a918-7bab3585449b: nextIndex: updateUnconditionally 0 -> 0
2019-09-26 16:36:52,618 [grpc-default-executor-2] WARN  server.GrpcLogAppender (LogUtils.java:warn(134)) - e92f8c69-4518-4ec8-914d-310b697ee99a@group-91D24425D7B5->acb5cb05-bd62-40bc-82c8-ae32f2a7d477-AppendLogResponseHandler: Failed appendEntries: org.apache.ratis.thirdparty.io.grpc.StatusRuntimeException: UNAVAILABLE: io exception
2019-09-26 16:36:52,618 [grpc-default-executor-1] WARN  server.GrpcLogAppender (LogUtils.java:warn(134)) - 2d203acc-2876-43cc-a645-52d5b2311198@group-185BD4C38C74->543c4478-56da-43d0-bc7b-befbdfd1ac53-AppendLogResponseHandler: Failed appendEntries: org.apache.ratis.thirdparty.io.grpc.StatusRuntimeException: UNAVAILABLE: io exception
2019-09-26 16:36:52,618 [grpc-default-executor-2] INFO  impl.FollowerInfo (FollowerInfo.java:lambda$new$0(51)) - e92f8c69-4518-4ec8-914d-310b697ee99a@group-91D24425D7B5->acb5cb05-bd62-40bc-82c8-ae32f2a7d477: nextIndex: updateUnconditionally 0 -> 0
2019-09-26 16:36:52,619 [grpc-default-executor-1] INFO  impl.FollowerInfo (FollowerInfo.java:lambda$new$0(51)) - 2d203acc-2876-43cc-a645-52d5b2311198@group-185BD4C38C74->543c4478-56da-43d0-bc7b-befbdfd1ac53: nextIndex: updateUnconditionally 0 -> 0
2019-09-26 16:36:52,638 [grpc-default-executor-6] WARN  server.GrpcLogAppender (LogUtils.java:warn(134)) - e92f8c69-4518-4ec8-914d-310b697ee99a@group-91D24425D7B5->1cb81857-6495-4479-8124-808fc28ebfe2-AppendLogResponseHandler: Failed appendEntries: org.apache.ratis.thirdparty.io.grpc.StatusRuntimeException: UNAVAILABLE: io exception
2019-09-26 16:36:52,638 [grpc-default-executor-6] INFO  impl.FollowerInfo (FollowerInfo.java:lambda$new$0(51)) - e92f8c69-4518-4ec8-914d-310b697ee99a@group-91D24425D7B5->1cb81857-6495-4479-8124-808fc28ebfe2: nextIndex: updateUnconditionally 0 -> 0
2019-09-26 16:36:53,074 [grpc-default-executor-6] WARN  server.GrpcLogAppender (LogUtils.java:warn(134)) - 2d203acc-2876-43cc-a645-52d5b2311198@group-185BD4C38C74->f9bb6cb5-24ba-4926-b442-6d897d5c3f6a-AppendLogResponseHandler: Failed appendEntries: org.apache.ratis.thirdparty.io.grpc.StatusRuntimeException: UNAVAILABLE: io exception
2019-09-26 16:36:53,074 [grpc-default-executor-6] INFO  impl.FollowerInfo (FollowerInfo.java:lambda$new$0(51)) - 2d203acc-2876-43cc-a645-52d5b2311198@group-185BD4C38C74->f9bb6cb5-24ba-4926-b442-6d897d5c3f6a: nextIndex: updateUnconditionally 0 -> 0
2019-09-26 16:36:53,087 [grpc-default-executor-1] WARN  server.GrpcLogAppender (LogUtils.java:warn(134)) - 4d7b7b0b-d4b2-4e9e-949c-b3d401b8342c@group-9108ADE1020B->837115f0-6bdf-4bb0-a918-7bab3585449b-AppendLogResponseHandler: Failed appendEntries: org.apache.ratis.thirdparty.io.grpc.StatusRuntimeException: UNAVAILABLE: io exception
2019-09-26 16:36:53,088 [grpc-default-executor-1] INFO  impl.FollowerInfo (FollowerInfo.java:lambda$new$0(51)) - 4d7b7b0b-d4b2-4e9e-949c-b3d401b8342c@group-9108ADE1020B->837115f0-6bdf-4bb0-a918-7bab3585449b: nextIndex: updateUnconditionally 0 -> 0
2019-09-26 16:36:53,119 [grpc-default-executor-6] WARN  server.GrpcLogAppender (LogUtils.java:warn(134)) - 2d203acc-2876-43cc-a645-52d5b2311198@group-185BD4C38C74->543c4478-56da-43d0-bc7b-befbdfd1ac53-AppendLogResponseHandler: Failed appendEntries: org.apache.ratis.thirdparty.io.grpc.StatusRuntimeException: UNAVAILABLE: io exception
2019-09-26 16:36:53,119 [grpc-default-executor-6] INFO  impl.FollowerInfo (FollowerInfo.java:lambda$new$0(51)) - 2d203acc-2876-43cc-a645-52d5b2311198@group-185BD4C38C74->543c4478-56da-43d0-bc7b-befbdfd1ac53: nextIndex: updateUnconditionally 0 -> 0
2019-09-26 16:36:53,119 [grpc-default-executor-4] WARN  server.GrpcLogAppender (LogUtils.java:warn(134)) - e92f8c69-4518-4ec8-914d-310b697ee99a@group-91D24425D7B5->acb5cb05-bd62-40bc-82c8-ae32f2a7d477-AppendLogResponseHandler: Failed appendEntries: org.apache.ratis.thirdparty.io.grpc.StatusRuntimeException: UNAVAILABLE: io exception
2019-09-26 16:36:53,120 [grpc-default-executor-4] INFO  impl.FollowerInfo (FollowerInfo.java:lambda$new$0(51)) - e92f8c69-4518-4ec8-914d-310b697ee99a@group-91D24425D7B5->acb5cb05-bd62-40bc-82c8-ae32f2a7d477: nextIndex: updateUnconditionally 0 -> 0
2019-09-26 16:36:53,138 [grpc-default-executor-2] WARN  server.GrpcLogAppender (LogUtils.java:warn(134)) - e92f8c69-4518-4ec8-914d-310b697ee99a@group-91D24425D7B5->1cb81857-6495-4479-8124-808fc28ebfe2-AppendLogResponseHandler: Failed appendEntries: org.apache.ratis.thirdparty.io.grpc.StatusRuntimeException: UNAVAILABLE: io exception
2019-09-26 16:36:53,139 [grpc-default-executor-2] INFO  impl.FollowerInfo (FollowerInfo.java:lambda$new$0(51)) - e92f8c69-4518-4ec8-914d-310b697ee99a@group-91D24425D7B5->1cb81857-6495-4479-8124-808fc28ebfe2: nextIndex: updateUnconditionally 0 -> 0
2019-09-26 16:36:53,574 [grpc-default-executor-4] WARN  server.GrpcLogAppender (LogUtils.java:warn(134)) - 2d203acc-2876-43cc-a645-52d5b2311198@group-185BD4C38C74->f9bb6cb5-24ba-4926-b442-6d897d5c3f6a-AppendLogResponseHandler: Failed appendEntries: org.apache.ratis.thirdparty.io.grpc.StatusRuntimeException: UNAVAILABLE: io exception
2019-09-26 16:36:53,575 [grpc-default-executor-4] INFO  impl.FollowerInfo (FollowerInfo.java:lambda$new$0(51)) - 2d203acc-2876-43cc-a645-52d5b2311198@group-185BD4C38C74->f9bb6cb5-24ba-4926-b442-6d897d5c3f6a: nextIndex: updateUnconditionally 0 -> 0
2019-09-26 16:36:53,589 [grpc-default-executor-6] WARN  server.GrpcLogAppender (LogUtils.java:warn(134)) - 4d7b7b0b-d4b2-4e9e-949c-b3d401b8342c@group-9108ADE1020B->837115f0-6bdf-4bb0-a918-7bab3585449b-AppendLogResponseHandler: Failed appendEntries: org.apache.ratis.thirdparty.io.grpc.StatusRuntimeException: UNAVAILABLE: io exception
2019-09-26 16:36:53,589 [grpc-default-executor-6] INFO  impl.FollowerInfo (FollowerInfo.java:lambda$new$0(51)) - 4d7b7b0b-d4b2-4e9e-949c-b3d401b8342c@group-9108ADE1020B->837115f0-6bdf-4bb0-a918-7bab3585449b: nextIndex: updateUnconditionally 0 -> 0
2019-09-26 16:36:53,620 [grpc-default-executor-0] WARN  server.GrpcLogAppender (LogUtils.java:warn(134)) - e92f8c69-4518-4ec8-914d-310b697ee99a@group-91D24425D7B5->acb5cb05-bd62-40bc-82c8-ae32f2a7d477-AppendLogResponseHandler: Failed appendEntries: org.apache.ratis.thirdparty.io.grpc.StatusRuntimeException: UNAVAILABLE: io exception
2019-09-26 16:36:53,620 [grpc-default-executor-2] WARN  server.GrpcLogAppender (LogUtils.java:warn(134)) - 2d203acc-2876-43cc-a645-52d5b2311198@group-185BD4C38C74->543c4478-56da-43d0-bc7b-befbdfd1ac53-AppendLogResponseHandler: Failed appendEntries: org.apache.ratis.thirdparty.io.grpc.StatusRuntimeException: UNAVAILABLE: io exception
2019-09-26 16:36:53,621 [grpc-default-executor-0] INFO  impl.FollowerInfo (FollowerInfo.java:lambda$new$0(51)) - e92f8c69-4518-4ec8-914d-310b697ee99a@group-91D24425D7B5->acb5cb05-bd62-40bc-82c8-ae32f2a7d477: nextIndex: updateUnconditionally 0 -> 0
2019-09-26 16:36:53,621 [grpc-default-executor-2] INFO  impl.FollowerInfo (FollowerInfo.java:lambda$new$0(51)) - 2d203acc-2876-43cc-a645-52d5b2311198@group-185BD4C38C74->543c4478-56da-43d0-bc7b-befbdfd1ac53: nextIndex: updateUnconditionally 0 -> 0
2019-09-26 16:36:53,640 [grpc-default-executor-4] WARN  server.GrpcLogAppender (LogUtils.java:warn(134)) - e92f8c69-4518-4ec8-914d-310b697ee99a@group-91D24425D7B5->1cb81857-6495-4479-8124-808fc28ebfe2-AppendLogResponseHandler: Failed appendEntries: org.apache.ratis.thirdparty.io.grpc.StatusRuntimeException: UNAVAILABLE: io exception
2019-09-26 16:36:53,640 [grpc-default-executor-4] INFO  impl.FollowerInfo (FollowerInfo.java:lambda$new$0(51)) - e92f8c69-4518-4ec8-914d-310b697ee99a@group-91D24425D7B5->1cb81857-6495-4479-8124-808fc28ebfe2: nextIndex: updateUnconditionally 0 -> 0
2019-09-26 16:36:54,075 [grpc-default-executor-4] WARN  server.GrpcLogAppender (LogUtils.java:warn(134)) - 2d203acc-2876-43cc-a645-52d5b2311198@group-185BD4C38C74->f9bb6cb5-24ba-4926-b442-6d897d5c3f6a-AppendLogResponseHandler: Failed appendEntries: org.apache.ratis.thirdparty.io.grpc.StatusRuntimeException: UNAVAILABLE: io exception
2019-09-26 16:36:54,076 [grpc-default-executor-4] INFO  impl.FollowerInfo (FollowerInfo.java:lambda$new$0(51)) - 2d203acc-2876-43cc-a645-52d5b2311198@group-185BD4C38C74->f9bb6cb5-24ba-4926-b442-6d897d5c3f6a: nextIndex: updateUnconditionally 0 -> 0
2019-09-26 16:36:54,089 [grpc-default-executor-0] WARN  server.GrpcLogAppender (LogUtils.java:warn(134)) - 4d7b7b0b-d4b2-4e9e-949c-b3d401b8342c@group-9108ADE1020B->837115f0-6bdf-4bb0-a918-7bab3585449b-AppendLogResponseHandler: Failed appendEntries: org.apache.ratis.thirdparty.io.grpc.StatusRuntimeException: UNAVAILABLE: io exception
2019-09-26 16:36:54,090 [grpc-default-executor-0] INFO  impl.FollowerInfo (FollowerInfo.java:lambda$new$0(51)) - 4d7b7b0b-d4b2-4e9e-949c-b3d401b8342c@group-9108ADE1020B->837115f0-6bdf-4bb0-a918-7bab3585449b: nextIndex: updateUnconditionally 0 -> 0
2019-09-26 16:36:54,121 [grpc-default-executor-2] WARN  server.GrpcLogAppender (LogUtils.java:warn(134)) - 2d203acc-2876-43cc-a645-52d5b2311198@group-185BD4C38C74->543c4478-56da-43d0-bc7b-befbdfd1ac53-AppendLogResponseHandler: Failed appendEntries: org.apache.ratis.thirdparty.io.grpc.StatusRuntimeException: UNAVAILABLE: io exception
2019-09-26 16:36:54,121 [grpc-default-executor-0] WARN  server.GrpcLogAppender (LogUtils.java:warn(134)) - e92f8c69-4518-4ec8-914d-310b697ee99a@group-91D24425D7B5->acb5cb05-bd62-40bc-82c8-ae32f2a7d477-AppendLogResponseHandler: Failed appendEntries: org.apache.ratis.thirdparty.io.grpc.StatusRuntimeException: UNAVAILABLE: io exception
2019-09-26 16:36:54,121 [grpc-default-executor-2] INFO  impl.FollowerInfo (FollowerInfo.java:lambda$new$0(51)) - 2d203acc-2876-43cc-a645-52d5b2311198@group-185BD4C38C74->543c4478-56da-43d0-bc7b-befbdfd1ac53: nextIndex: updateUnconditionally 0 -> 0
2019-09-26 16:36:54,121 [grpc-default-executor-0] INFO  impl.FollowerInfo (FollowerInfo.java:lambda$new$0(51)) - e92f8c69-4518-4ec8-914d-310b697ee99a@group-91D24425D7B5->acb5cb05-bd62-40bc-82c8-ae32f2a7d477: nextIndex: updateUnconditionally 0 -> 0
2019-09-26 16:36:54,140 [grpc-default-executor-4] WARN  server.GrpcLogAppender (LogUtils.java:warn(134)) - e92f8c69-4518-4ec8-914d-310b697ee99a@group-91D24425D7B5->1cb81857-6495-4479-8124-808fc28ebfe2-AppendLogResponseHandler: Failed appendEntries: org.apache.ratis.thirdparty.io.grpc.StatusRuntimeException: UNAVAILABLE: io exception
2019-09-26 16:36:54,140 [grpc-default-executor-4] INFO  impl.FollowerInfo (FollowerInfo.java:lambda$new$0(51)) - e92f8c69-4518-4ec8-914d-310b697ee99a@group-91D24425D7B5->1cb81857-6495-4479-8124-808fc28ebfe2: nextIndex: updateUnconditionally 0 -> 0
2019-09-26 16:36:54,577 [grpc-default-executor-2] WARN  server.GrpcLogAppender (LogUtils.java:warn(134)) - 2d203acc-2876-43cc-a645-52d5b2311198@group-185BD4C38C74->f9bb6cb5-24ba-4926-b442-6d897d5c3f6a-AppendLogResponseHandler: Failed appendEntries: org.apache.ratis.thirdparty.io.grpc.StatusRuntimeException: UNAVAILABLE: io exception
2019-09-26 16:36:54,578 [grpc-default-executor-2] INFO  impl.FollowerInfo (FollowerInfo.java:lambda$new$0(51)) - 2d203acc-2876-43cc-a645-52d5b2311198@group-185BD4C38C74->f9bb6cb5-24ba-4926-b442-6d897d5c3f6a: nextIndex: updateUnconditionally 0 -> 0
2019-09-26 16:36:54,591 [grpc-default-executor-0] WARN  server.GrpcLogAppender (LogUtils.java:warn(134)) - 4d7b7b0b-d4b2-4e9e-949c-b3d401b8342c@group-9108ADE1020B->837115f0-6bdf-4bb0-a918-7bab3585449b-AppendLogResponseHandler: Failed appendEntries: org.apache.ratis.thirdparty.io.grpc.StatusRuntimeException: UNAVAILABLE: io exception
2019-09-26 16:36:54,591 [grpc-default-executor-0] INFO  impl.FollowerInfo (FollowerInfo.java:lambda$new$0(51)) - 4d7b7b0b-d4b2-4e9e-949c-b3d401b8342c@group-9108ADE1020B->837115f0-6bdf-4bb0-a918-7bab3585449b: nextIndex: updateUnconditionally 0 -> 0
2019-09-26 16:36:54,621 [grpc-default-executor-1] WARN  server.GrpcLogAppender (LogUtils.java:warn(134)) - 2d203acc-2876-43cc-a645-52d5b2311198@group-185BD4C38C74->543c4478-56da-43d0-bc7b-befbdfd1ac53-AppendLogResponseHandler: Failed appendEntries: org.apache.ratis.thirdparty.io.grpc.StatusRuntimeException: UNAVAILABLE: io exception
2019-09-26 16:36:54,621 [grpc-default-executor-0] WARN  server.GrpcLogAppender (LogUtils.java:warn(134)) - e92f8c69-4518-4ec8-914d-310b697ee99a@group-91D24425D7B5->acb5cb05-bd62-40bc-82c8-ae32f2a7d477-AppendLogResponseHandler: Failed appendEntries: org.apache.ratis.thirdparty.io.grpc.StatusRuntimeException: UNAVAILABLE: io exception
2019-09-26 16:36:54,622 [grpc-default-executor-1] INFO  impl.FollowerInfo (FollowerInfo.java:lambda$new$0(51)) - 2d203acc-2876-43cc-a645-52d5b2311198@group-185BD4C38C74->543c4478-56da-43d0-bc7b-befbdfd1ac53: nextIndex: updateUnconditionally 0 -> 0
2019-09-26 16:36:54,622 [grpc-default-executor-0] INFO  impl.FollowerInfo (FollowerInfo.java:lambda$new$0(51)) - e92f8c69-4518-4ec8-914d-310b697ee99a@group-91D24425D7B5->acb5cb05-bd62-40bc-82c8-ae32f2a7d477: nextIndex: updateUnconditionally 0 -> 0
2019-09-26 16:36:54,642 [grpc-default-executor-6] WARN  server.GrpcLogAppender (LogUtils.java:warn(134)) - e92f8c69-4518-4ec8-914d-310b697ee99a@group-91D24425D7B5->1cb81857-6495-4479-8124-808fc28ebfe2-AppendLogResponseHandler: Failed appendEntries: org.apache.ratis.thirdparty.io.grpc.StatusRuntimeException: UNAVAILABLE: io exception
2019-09-26 16:36:54,643 [grpc-default-executor-6] INFO  impl.FollowerInfo (FollowerInfo.java:lambda$new$0(51)) - e92f8c69-4518-4ec8-914d-310b697ee99a@group-91D24425D7B5->1cb81857-6495-4479-8124-808fc28ebfe2: nextIndex: updateUnconditionally 0 -> 0
2019-09-26 16:36:54,873 [main] INFO  ozoneimpl.OzoneContainer (OzoneContainer.java:stop(231)) - Attempting to stop container services.
2019-09-26 16:36:54,875 [main] INFO  impl.RaftServerProxy (RaftServerProxy.java:lambda$close$4(314)) - 4d7b7b0b-d4b2-4e9e-949c-b3d401b8342c: close
2019-09-26 16:36:54,875 [main] INFO  impl.RaftServerImpl (RaftServerImpl.java:lambda$shutdown$3(251)) - 4d7b7b0b-d4b2-4e9e-949c-b3d401b8342c@group-9108ADE1020B: shutdown
2019-09-26 16:36:54,876 [main] INFO  util.JmxRegister (JmxRegister.java:unregister(73)) - Successfully un-registered JMX Bean with object name Ratis:service=RaftServer,group=group-9108ADE1020B,id=4d7b7b0b-d4b2-4e9e-949c-b3d401b8342c
2019-09-26 16:36:54,876 [main] INFO  impl.RoleInfo (RoleInfo.java:shutdownLeaderState(104)) - 4d7b7b0b-d4b2-4e9e-949c-b3d401b8342c: shutdown LeaderState
2019-09-26 16:36:54,882 [main] INFO  impl.PendingRequests (PendingRequests.java:sendNotLeaderResponses(202)) - 4d7b7b0b-d4b2-4e9e-949c-b3d401b8342c-PendingRequests: sendNotLeaderResponses
2019-09-26 16:36:54,882 [org.apache.ratis.server.impl.LogAppender$AppenderDaemon$$Lambda$414/452738001@48e5ddd9] WARN  server.GrpcLogAppender (GrpcLogAppender.java:mayWait(143)) - 4d7b7b0b-d4b2-4e9e-949c-b3d401b8342c@group-9108ADE1020B->9221d1d4-f927-4b56-ab16-f2eacc87aadd-GrpcLogAppender: Wait interrupted by java.lang.InterruptedException
2019-09-26 16:36:54,882 [org.apache.ratis.server.impl.LogAppender$AppenderDaemon$$Lambda$414/452738001@24fb200e] WARN  server.GrpcLogAppender (GrpcLogAppender.java:mayWait(143)) - 4d7b7b0b-d4b2-4e9e-949c-b3d401b8342c@group-9108ADE1020B->837115f0-6bdf-4bb0-a918-7bab3585449b-GrpcLogAppender: Wait interrupted by java.lang.InterruptedException
2019-09-26 16:36:54,883 [main] INFO  impl.StateMachineUpdater (StateMachineUpdater.java:stopAndJoin(125)) - 4d7b7b0b-d4b2-4e9e-949c-b3d401b8342c@group-9108ADE1020B-StateMachineUpdater: set stopIndex = 0
2019-09-26 16:36:54,884 [main] INFO  impl.RaftServerImpl (ServerState.java:close(385)) - 4d7b7b0b-d4b2-4e9e-949c-b3d401b8342c@group-9108ADE1020B: closes. applyIndex: 0
2019-09-26 16:36:54,884 [4d7b7b0b-d4b2-4e9e-949c-b3d401b8342c@group-9108ADE1020B-SegmentedRaftLogWorker] INFO  segmented.SegmentedRaftLogWorker (SegmentedRaftLogWorker.java:run(313)) - 4d7b7b0b-d4b2-4e9e-949c-b3d401b8342c@group-9108ADE1020B-SegmentedRaftLogWorker was interrupted, exiting. There are 0 tasks remaining in the queue.
2019-09-26 16:36:54,885 [main] INFO  segmented.SegmentedRaftLogWorker (SegmentedRaftLogWorker.java:close(228)) - 4d7b7b0b-d4b2-4e9e-949c-b3d401b8342c@group-9108ADE1020B-SegmentedRaftLogWorker close()
2019-09-26 16:36:54,894 [main] INFO  impl.RaftServerImpl (RaftServerImpl.java:lambda$shutdown$3(251)) - 4d7b7b0b-d4b2-4e9e-949c-b3d401b8342c@group-C79567DAF354: shutdown
2019-09-26 16:36:54,894 [ForkJoinPool.commonPool-worker-0] INFO  ozoneimpl.OzoneContainer (OzoneContainer.java:stop(231)) - Attempting to stop container services.
2019-09-26 16:36:54,895 [main] INFO  util.JmxRegister (JmxRegister.java:unregister(73)) - Successfully un-registered JMX Bean with object name Ratis:service=RaftServer,group=group-C79567DAF354,id=4d7b7b0b-d4b2-4e9e-949c-b3d401b8342c
2019-09-26 16:36:54,895 [main] INFO  impl.RoleInfo (RoleInfo.java:shutdownLeaderState(104)) - 4d7b7b0b-d4b2-4e9e-949c-b3d401b8342c: shutdown LeaderState
2019-09-26 16:36:54,895 [grpc-default-executor-6] INFO  server.GrpcServerProtocolService (GrpcServerProtocolService.java:onCompleted(113)) - 9221d1d4-f927-4b56-ab16-f2eacc87aadd: Completed APPEND_ENTRIES, lastRequest: 4d7b7b0b-d4b2-4e9e-949c-b3d401b8342c->9221d1d4-f927-4b56-ab16-f2eacc87aadd#255-t2, previous=(t:2, i:0), leaderCommit=0, initializing? false, entries: <empty>
2019-09-26 16:36:54,895 [ForkJoinPool.commonPool-worker-0] INFO  impl.RaftServerProxy (RaftServerProxy.java:lambda$close$4(314)) - e92f8c69-4518-4ec8-914d-310b697ee99a: close
2019-09-26 16:36:54,896 [main] INFO  impl.PendingRequests (PendingRequests.java:sendNotLeaderResponses(202)) - 4d7b7b0b-d4b2-4e9e-949c-b3d401b8342c-PendingRequests: sendNotLeaderResponses
2019-09-26 16:36:54,896 [ForkJoinPool.commonPool-worker-0] INFO  impl.RaftServerImpl (RaftServerImpl.java:lambda$shutdown$3(251)) - e92f8c69-4518-4ec8-914d-310b697ee99a@group-639B790198CB: shutdown
2019-09-26 16:36:54,897 [main] INFO  impl.StateMachineUpdater (StateMachineUpdater.java:stopAndJoin(125)) - 4d7b7b0b-d4b2-4e9e-949c-b3d401b8342c@group-C79567DAF354-StateMachineUpdater: set stopIndex = 0
2019-09-26 16:36:54,897 [ForkJoinPool.commonPool-worker-0] INFO  util.JmxRegister (JmxRegister.java:unregister(73)) - Successfully un-registered JMX Bean with object name Ratis:service=RaftServer,group=group-639B790198CB,id=e92f8c69-4518-4ec8-914d-310b697ee99a
2019-09-26 16:36:54,898 [main] INFO  impl.RaftServerImpl (ServerState.java:close(385)) - 4d7b7b0b-d4b2-4e9e-949c-b3d401b8342c@group-C79567DAF354: closes. applyIndex: 0
2019-09-26 16:36:54,898 [ForkJoinPool.commonPool-worker-0] INFO  impl.RoleInfo (RoleInfo.java:shutdownLeaderState(104)) - e92f8c69-4518-4ec8-914d-310b697ee99a: shutdown LeaderState
2019-09-26 16:36:54,899 [4d7b7b0b-d4b2-4e9e-949c-b3d401b8342c@group-C79567DAF354-SegmentedRaftLogWorker] INFO  segmented.SegmentedRaftLogWorker (SegmentedRaftLogWorker.java:run(313)) - 4d7b7b0b-d4b2-4e9e-949c-b3d401b8342c@group-C79567DAF354-SegmentedRaftLogWorker was interrupted, exiting. There are 0 tasks remaining in the queue.
2019-09-26 16:36:54,899 [grpc-default-executor-6] INFO  server.GrpcLogAppender (GrpcLogAppender.java:onCompleted(293)) - 4d7b7b0b-d4b2-4e9e-949c-b3d401b8342c@group-9108ADE1020B->9221d1d4-f927-4b56-ab16-f2eacc87aadd-AppendLogResponseHandler: follower responses appendEntries COMPLETED
2019-09-26 16:36:54,899 [main] INFO  segmented.SegmentedRaftLogWorker (SegmentedRaftLogWorker.java:close(228)) - 4d7b7b0b-d4b2-4e9e-949c-b3d401b8342c@group-C79567DAF354-SegmentedRaftLogWorker close()
2019-09-26 16:36:54,899 [ForkJoinPool.commonPool-worker-0] INFO  impl.PendingRequests (PendingRequests.java:sendNotLeaderResponses(202)) - e92f8c69-4518-4ec8-914d-310b697ee99a-PendingRequests: sendNotLeaderResponses
2019-09-26 16:36:54,902 [main] INFO  server.GrpcService (GrpcService.java:closeImpl(164)) - 4d7b7b0b-d4b2-4e9e-949c-b3d401b8342c: shutdown server with port 44365 now
2019-09-26 16:36:54,900 [grpc-default-executor-6] INFO  impl.FollowerInfo (FollowerInfo.java:lambda$new$0(51)) - 4d7b7b0b-d4b2-4e9e-949c-b3d401b8342c@group-9108ADE1020B->9221d1d4-f927-4b56-ab16-f2eacc87aadd: nextIndex: updateUnconditionally 1 -> 0
2019-09-26 16:36:54,902 [ForkJoinPool.commonPool-worker-0] INFO  impl.StateMachineUpdater (StateMachineUpdater.java:stopAndJoin(125)) - e92f8c69-4518-4ec8-914d-310b697ee99a@group-639B790198CB-StateMachineUpdater: set stopIndex = 0
2019-09-26 16:36:54,903 [ForkJoinPool.commonPool-worker-0] INFO  impl.RaftServerImpl (ServerState.java:close(385)) - e92f8c69-4518-4ec8-914d-310b697ee99a@group-639B790198CB: closes. applyIndex: 0
2019-09-26 16:36:54,903 [main] INFO  server.GrpcService (GrpcService.java:closeImpl(172)) - 4d7b7b0b-d4b2-4e9e-949c-b3d401b8342c: shutdown server with port 44365 successfully
2019-09-26 16:36:54,903 [e92f8c69-4518-4ec8-914d-310b697ee99a@group-639B790198CB-SegmentedRaftLogWorker] INFO  segmented.SegmentedRaftLogWorker (SegmentedRaftLogWorker.java:run(313)) - e92f8c69-4518-4ec8-914d-310b697ee99a@group-639B790198CB-SegmentedRaftLogWorker was interrupted, exiting. There are 0 tasks remaining in the queue.
2019-09-26 16:36:54,904 [ForkJoinPool.commonPool-worker-0] INFO  segmented.SegmentedRaftLogWorker (SegmentedRaftLogWorker.java:close(228)) - e92f8c69-4518-4ec8-914d-310b697ee99a@group-639B790198CB-SegmentedRaftLogWorker close()
2019-09-26 16:36:54,906 [ForkJoinPool.commonPool-worker-0] INFO  impl.RaftServerImpl (RaftServerImpl.java:lambda$shutdown$3(251)) - e92f8c69-4518-4ec8-914d-310b697ee99a@group-91D24425D7B5: shutdown
2019-09-26 16:36:54,907 [ForkJoinPool.commonPool-worker-0] INFO  util.JmxRegister (JmxRegister.java:unregister(73)) - Successfully un-registered JMX Bean with object name Ratis:service=RaftServer,group=group-91D24425D7B5,id=e92f8c69-4518-4ec8-914d-310b697ee99a
2019-09-26 16:36:54,907 [ForkJoinPool.commonPool-worker-0] INFO  impl.RoleInfo (RoleInfo.java:shutdownLeaderState(104)) - e92f8c69-4518-4ec8-914d-310b697ee99a: shutdown LeaderState
2019-09-26 16:36:54,907 [refreshUsed-/workdir/hadoop-ozone/integration-test/target/test-dir/MiniOzoneClusterImpl-b5ca4ec9-472d-464d-82c8-bb75eaf95e3a/datanode-9/data/containers] WARN  fs.CachingGetSpaceUsed (CachingGetSpaceUsed.java:run(183)) - Thread Interrupted waiting to refresh disk information: sleep interrupted
2019-09-26 16:36:54,912 [org.apache.ratis.server.impl.LogAppender$AppenderDaemon$$Lambda$414/452738001@5938c147] WARN  server.GrpcLogAppender (GrpcLogAppender.java:mayWait(143)) - e92f8c69-4518-4ec8-914d-310b697ee99a@group-91D24425D7B5->acb5cb05-bd62-40bc-82c8-ae32f2a7d477-GrpcLogAppender: Wait interrupted by java.lang.InterruptedException
2019-09-26 16:36:54,912 [org.apache.ratis.server.impl.LogAppender$AppenderDaemon$$Lambda$414/452738001@7aea1684] WARN  server.GrpcLogAppender (GrpcLogAppender.java:mayWait(143)) - e92f8c69-4518-4ec8-914d-310b697ee99a@group-91D24425D7B5->1cb81857-6495-4479-8124-808fc28ebfe2-GrpcLogAppender: Wait interrupted by java.lang.InterruptedException
2019-09-26 16:36:54,912 [ForkJoinPool.commonPool-worker-0] INFO  impl.PendingRequests (PendingRequests.java:sendNotLeaderResponses(202)) - e92f8c69-4518-4ec8-914d-310b697ee99a-PendingRequests: sendNotLeaderResponses
2019-09-26 16:36:54,917 [ForkJoinPool.commonPool-worker-0] INFO  impl.StateMachineUpdater (StateMachineUpdater.java:stopAndJoin(125)) - e92f8c69-4518-4ec8-914d-310b697ee99a@group-91D24425D7B5-StateMachineUpdater: set stopIndex = 0
2019-09-26 16:36:54,917 [ForkJoinPool.commonPool-worker-0] INFO  impl.RaftServerImpl (ServerState.java:close(385)) - e92f8c69-4518-4ec8-914d-310b697ee99a@group-91D24425D7B5: closes. applyIndex: 0
2019-09-26 16:36:54,918 [e92f8c69-4518-4ec8-914d-310b697ee99a@group-91D24425D7B5-SegmentedRaftLogWorker] INFO  segmented.SegmentedRaftLogWorker (SegmentedRaftLogWorker.java:run(313)) - e92f8c69-4518-4ec8-914d-310b697ee99a@group-91D24425D7B5-SegmentedRaftLogWorker was interrupted, exiting. There are 0 tasks remaining in the queue.
2019-09-26 16:36:54,919 [ForkJoinPool.commonPool-worker-0] INFO  segmented.SegmentedRaftLogWorker (SegmentedRaftLogWorker.java:close(228)) - e92f8c69-4518-4ec8-914d-310b697ee99a@group-91D24425D7B5-SegmentedRaftLogWorker close()
2019-09-26 16:36:54,922 [ForkJoinPool.commonPool-worker-0] INFO  server.GrpcService (GrpcService.java:closeImpl(164)) - e92f8c69-4518-4ec8-914d-310b697ee99a: shutdown server with port 37423 now
2019-09-26 16:36:54,923 [ForkJoinPool.commonPool-worker-0] INFO  server.GrpcService (GrpcService.java:closeImpl(172)) - e92f8c69-4518-4ec8-914d-310b697ee99a: shutdown server with port 37423 successfully
2019-09-26 16:36:54,925 [refreshUsed-/workdir/hadoop-ozone/integration-test/target/test-dir/MiniOzoneClusterImpl-b5ca4ec9-472d-464d-82c8-bb75eaf95e3a/datanode-0/data/containers] WARN  fs.CachingGetSpaceUsed (CachingGetSpaceUsed.java:run(183)) - Thread Interrupted waiting to refresh disk information: sleep interrupted
2019-09-26 16:36:54,944 [main] INFO  utils.BackgroundService (BackgroundService.java:shutdown(148)) - Shutting down service BlockDeletingService
2019-09-26 16:36:54,949 [main] INFO  statemachine.DatanodeStateMachine (DatanodeStateMachine.java:stopDaemon(395)) - Ozone container server stopped.
2019-09-26 16:36:54,951 [main] INFO  handler.ContextHandler (ContextHandler.java:doStop(910)) - Stopped o.e.j.w.WebAppContext@1e0a864d{/,null,UNAVAILABLE}{/hddsDatanode}
2019-09-26 16:36:54,952 [main] INFO  server.AbstractConnector (AbstractConnector.java:doStop(318)) - Stopped ServerConnector@440e3ce6{HTTP/1.1,[http/1.1]}{0.0.0.0:0}
2019-09-26 16:36:54,952 [main] INFO  handler.ContextHandler (ContextHandler.java:doStop(910)) - Stopped o.e.j.s.ServletContextHandler@5d8ab698{/static,jar:file:/home/user/.m2/repository/org/apache/hadoop/hadoop-hdds-container-service/0.5.0-SNAPSHOT/hadoop-hdds-container-service-0.5.0-SNAPSHOT.jar!/webapps/static,UNAVAILABLE}
2019-09-26 16:36:54,952 [main] INFO  handler.ContextHandler (ContextHandler.java:doStop(910)) - Stopped o.e.j.s.ServletContextHandler@f88bfbe{/logs,file:///workdir/hadoop-ozone/integration-test/target/log,UNAVAILABLE}
2019-09-26 16:36:54,956 [ForkJoinPool.commonPool-worker-0] INFO  utils.BackgroundService (BackgroundService.java:shutdown(148)) - Shutting down service BlockDeletingService
2019-09-26 16:36:54,960 [ForkJoinPool.commonPool-worker-0] INFO  statemachine.DatanodeStateMachine (DatanodeStateMachine.java:stopDaemon(395)) - Ozone container server stopped.
2019-09-26 16:36:54,964 [ForkJoinPool.commonPool-worker-0] INFO  handler.ContextHandler (ContextHandler.java:doStop(910)) - Stopped o.e.j.w.WebAppContext@3e33d73e{/,null,UNAVAILABLE}{/hddsDatanode}
2019-09-26 16:36:54,965 [ForkJoinPool.commonPool-worker-0] INFO  server.AbstractConnector (AbstractConnector.java:doStop(318)) - Stopped ServerConnector@6981f8f3{HTTP/1.1,[http/1.1]}{0.0.0.0:0}
2019-09-26 16:36:54,967 [ForkJoinPool.commonPool-worker-0] INFO  handler.ContextHandler (ContextHandler.java:doStop(910)) - Stopped o.e.j.s.ServletContextHandler@26f46fa6{/static,jar:file:/home/user/.m2/repository/org/apache/hadoop/hadoop-hdds-container-service/0.5.0-SNAPSHOT/hadoop-hdds-container-service-0.5.0-SNAPSHOT.jar!/webapps/static,UNAVAILABLE}
2019-09-26 16:36:54,968 [ForkJoinPool.commonPool-worker-0] INFO  handler.ContextHandler (ContextHandler.java:doStop(910)) - Stopped o.e.j.s.ServletContextHandler@d109c4f{/logs,file:///workdir/hadoop-ozone/integration-test/target/log,UNAVAILABLE}
2019-09-26 16:36:55,079 [grpc-default-executor-6] WARN  server.GrpcLogAppender (LogUtils.java:warn(134)) - 2d203acc-2876-43cc-a645-52d5b2311198@group-185BD4C38C74->f9bb6cb5-24ba-4926-b442-6d897d5c3f6a-AppendLogResponseHandler: Failed appendEntries: org.apache.ratis.thirdparty.io.grpc.StatusRuntimeException: UNAVAILABLE: io exception
2019-09-26 16:36:55,079 [grpc-default-executor-6] INFO  impl.FollowerInfo (FollowerInfo.java:lambda$new$0(51)) - 2d203acc-2876-43cc-a645-52d5b2311198@group-185BD4C38C74->f9bb6cb5-24ba-4926-b442-6d897d5c3f6a: nextIndex: updateUnconditionally 0 -> 0
2019-09-26 16:36:55,124 [grpc-default-executor-1] WARN  server.GrpcLogAppender (LogUtils.java:warn(134)) - 2d203acc-2876-43cc-a645-52d5b2311198@group-185BD4C38C74->543c4478-56da-43d0-bc7b-befbdfd1ac53-AppendLogResponseHandler: Failed appendEntries: org.apache.ratis.thirdparty.io.grpc.StatusRuntimeException: UNAVAILABLE: io exception
2019-09-26 16:36:55,124 [grpc-default-executor-1] INFO  impl.FollowerInfo (FollowerInfo.java:lambda$new$0(51)) - 2d203acc-2876-43cc-a645-52d5b2311198@group-185BD4C38C74->543c4478-56da-43d0-bc7b-befbdfd1ac53: nextIndex: updateUnconditionally 0 -> 0
2019-09-26 16:36:55,256 [Datanode State Machine Thread - 0] INFO  statemachine.DatanodeStateMachine (DatanodeStateMachine.java:lambda$startDaemon$0(350)) - Ozone container server started.
2019-09-26 16:36:55,580 [grpc-default-executor-0] WARN  server.GrpcLogAppender (LogUtils.java:warn(134)) - 2d203acc-2876-43cc-a645-52d5b2311198@group-185BD4C38C74->f9bb6cb5-24ba-4926-b442-6d897d5c3f6a-AppendLogResponseHandler: Failed appendEntries: org.apache.ratis.thirdparty.io.grpc.StatusRuntimeException: UNAVAILABLE: io exception
2019-09-26 16:36:55,580 [grpc-default-executor-0] INFO  impl.FollowerInfo (FollowerInfo.java:lambda$new$0(51)) - 2d203acc-2876-43cc-a645-52d5b2311198@group-185BD4C38C74->f9bb6cb5-24ba-4926-b442-6d897d5c3f6a: nextIndex: updateUnconditionally 0 -> 0
2019-09-26 16:36:55,624 [grpc-default-executor-0] WARN  server.GrpcLogAppender (LogUtils.java:warn(134)) - 2d203acc-2876-43cc-a645-52d5b2311198@group-185BD4C38C74->543c4478-56da-43d0-bc7b-befbdfd1ac53-AppendLogResponseHandler: Failed appendEntries: org.apache.ratis.thirdparty.io.grpc.StatusRuntimeException: UNAVAILABLE: io exception
2019-09-26 16:36:55,624 [grpc-default-executor-0] INFO  impl.FollowerInfo (FollowerInfo.java:lambda$new$0(51)) - 2d203acc-2876-43cc-a645-52d5b2311198@group-185BD4C38C74->543c4478-56da-43d0-bc7b-befbdfd1ac53: nextIndex: updateUnconditionally 0 -> 0
2019-09-26 16:36:55,943 [Datanode State Machine Thread - 0] INFO  statemachine.DatanodeStateMachine (DatanodeStateMachine.java:lambda$startDaemon$0(350)) - Ozone container server started.
2019-09-26 16:36:56,081 [grpc-default-executor-0] WARN  server.GrpcLogAppender (LogUtils.java:warn(134)) - 2d203acc-2876-43cc-a645-52d5b2311198@group-185BD4C38C74->f9bb6cb5-24ba-4926-b442-6d897d5c3f6a-AppendLogResponseHandler: Failed appendEntries: org.apache.ratis.thirdparty.io.grpc.StatusRuntimeException: UNAVAILABLE: io exception
2019-09-26 16:36:56,081 [grpc-default-executor-0] INFO  impl.FollowerInfo (FollowerInfo.java:lambda$new$0(51)) - 2d203acc-2876-43cc-a645-52d5b2311198@group-185BD4C38C74->f9bb6cb5-24ba-4926-b442-6d897d5c3f6a: nextIndex: updateUnconditionally 0 -> 0
2019-09-26 16:36:56,125 [grpc-default-executor-6] WARN  server.GrpcLogAppender (LogUtils.java:warn(134)) - 2d203acc-2876-43cc-a645-52d5b2311198@group-185BD4C38C74->543c4478-56da-43d0-bc7b-befbdfd1ac53-AppendLogResponseHandler: Failed appendEntries: org.apache.ratis.thirdparty.io.grpc.StatusRuntimeException: UNAVAILABLE: io exception
2019-09-26 16:36:56,126 [grpc-default-executor-6] INFO  impl.FollowerInfo (FollowerInfo.java:lambda$new$0(51)) - 2d203acc-2876-43cc-a645-52d5b2311198@group-185BD4C38C74->543c4478-56da-43d0-bc7b-befbdfd1ac53: nextIndex: updateUnconditionally 0 -> 0
2019-09-26 16:36:56,581 [grpc-default-executor-1] WARN  server.GrpcLogAppender (LogUtils.java:warn(134)) - 2d203acc-2876-43cc-a645-52d5b2311198@group-185BD4C38C74->f9bb6cb5-24ba-4926-b442-6d897d5c3f6a-AppendLogResponseHandler: Failed appendEntries: org.apache.ratis.thirdparty.io.grpc.StatusRuntimeException: UNAVAILABLE: io exception
2019-09-26 16:36:56,582 [grpc-default-executor-1] INFO  impl.FollowerInfo (FollowerInfo.java:lambda$new$0(51)) - 2d203acc-2876-43cc-a645-52d5b2311198@group-185BD4C38C74->f9bb6cb5-24ba-4926-b442-6d897d5c3f6a: nextIndex: updateUnconditionally 0 -> 0
2019-09-26 16:36:56,627 [grpc-default-executor-6] WARN  server.GrpcLogAppender (LogUtils.java:warn(134)) - 2d203acc-2876-43cc-a645-52d5b2311198@group-185BD4C38C74->543c4478-56da-43d0-bc7b-befbdfd1ac53-AppendLogResponseHandler: Failed appendEntries: org.apache.ratis.thirdparty.io.grpc.StatusRuntimeException: UNAVAILABLE: io exception
2019-09-26 16:36:56,627 [grpc-default-executor-6] INFO  impl.FollowerInfo (FollowerInfo.java:lambda$new$0(51)) - 2d203acc-2876-43cc-a645-52d5b2311198@group-185BD4C38C74->543c4478-56da-43d0-bc7b-befbdfd1ac53: nextIndex: updateUnconditionally 0 -> 0
2019-09-26 16:36:56,789 [Thread-408] INFO  impl.FollowerState (FollowerState.java:run(106)) - 9221d1d4-f927-4b56-ab16-f2eacc87aadd:group-9108ADE1020B changes to CANDIDATE, lastRpcTime:2136, electionTimeout:1163ms
2019-09-26 16:36:56,790 [Thread-408] INFO  impl.RoleInfo (RoleInfo.java:shutdownFollowerState(121)) - 9221d1d4-f927-4b56-ab16-f2eacc87aadd: shutdown FollowerState
2019-09-26 16:36:56,790 [Thread-408] INFO  impl.RaftServerImpl (RaftServerImpl.java:setRole(174)) - 9221d1d4-f927-4b56-ab16-f2eacc87aadd@group-9108ADE1020B: changes role from  FOLLOWER to CANDIDATE at term 2 for changeToCandidate
2019-09-26 16:36:56,790 [Thread-408] INFO  impl.RoleInfo (RoleInfo.java:updateAndGet(143)) - 9221d1d4-f927-4b56-ab16-f2eacc87aadd: start LeaderElection
2019-09-26 16:36:56,793 [9221d1d4-f927-4b56-ab16-f2eacc87aadd@group-9108ADE1020B:LeaderElection24] INFO  impl.RaftServerImpl (ServerState.java:setLeader(253)) - 9221d1d4-f927-4b56-ab16-f2eacc87aadd@group-9108ADE1020B: change Leader from 4d7b7b0b-d4b2-4e9e-949c-b3d401b8342c to null at term 2 for initElection
2019-09-26 16:36:56,808 [9221d1d4-f927-4b56-ab16-f2eacc87aadd@group-9108ADE1020B:LeaderElection24] INFO  impl.LeaderElection (LeaderElection.java:askForVotes(182)) - 9221d1d4-f927-4b56-ab16-f2eacc87aadd@group-9108ADE1020B:LeaderElection24: begin an election at term 3 for 0: [4d7b7b0b-d4b2-4e9e-949c-b3d401b8342c:192.168.157.234:44365, 837115f0-6bdf-4bb0-a918-7bab3585449b:192.168.157.234:40176, 9221d1d4-f927-4b56-ab16-f2eacc87aadd:192.168.157.234:40823], old=null
2019-09-26 16:36:56,815 [9221d1d4-f927-4b56-ab16-f2eacc87aadd@group-9108ADE1020B:LeaderElection24] INFO  impl.LeaderElection (LogUtils.java:infoOrTrace(149)) - 9221d1d4-f927-4b56-ab16-f2eacc87aadd@group-9108ADE1020B:LeaderElection24 got exception when requesting votes: {}
java.util.concurrent.ExecutionException: org.apache.ratis.thirdparty.io.grpc.StatusRuntimeException: UNAVAILABLE: io exception
	at java.util.concurrent.FutureTask.report(FutureTask.java:122)
	at java.util.concurrent.FutureTask.get(FutureTask.java:192)
	at org.apache.ratis.server.impl.LeaderElection.waitForResults(LeaderElection.java:263)
	at org.apache.ratis.server.impl.LeaderElection.askForVotes(LeaderElection.java:201)
	at org.apache.ratis.server.impl.LeaderElection.run(LeaderElection.java:133)
	at java.lang.Thread.run(Thread.java:748)
Caused by: org.apache.ratis.thirdparty.io.grpc.StatusRuntimeException: UNAVAILABLE: io exception
	at org.apache.ratis.thirdparty.io.grpc.stub.ClientCalls.toStatusRuntimeException(ClientCalls.java:233)
	at org.apache.ratis.thirdparty.io.grpc.stub.ClientCalls.getUnchecked(ClientCalls.java:214)
	at org.apache.ratis.thirdparty.io.grpc.stub.ClientCalls.blockingUnaryCall(ClientCalls.java:139)
	at org.apache.ratis.proto.grpc.RaftServerProtocolServiceGrpc$RaftServerProtocolServiceBlockingStub.requestVote(RaftServerProtocolServiceGrpc.java:265)
	at org.apache.ratis.grpc.server.GrpcServerProtocolClient.requestVote(GrpcServerProtocolClient.java:90)
	at org.apache.ratis.grpc.server.GrpcService.requestVote(GrpcService.java:204)
	at org.apache.ratis.server.impl.LeaderElection.lambda$submitRequests$1(LeaderElection.java:238)
	at java.util.concurrent.FutureTask.run(FutureTask.java:266)
	at java.util.concurrent.Executors$RunnableAdapter.call(Executors.java:511)
	at java.util.concurrent.FutureTask.run(FutureTask.java:266)
	at java.util.concurrent.ThreadPoolExecutor.runWorker(ThreadPoolExecutor.java:1149)
	at java.util.concurrent.ThreadPoolExecutor$Worker.run(ThreadPoolExecutor.java:624)
	... 1 more
Caused by: org.apache.ratis.thirdparty.io.netty.channel.AbstractChannel$AnnotatedConnectException: Connection refused: /192.168.157.234:44365
	at sun.nio.ch.SocketChannelImpl.checkConnect(Native Method)
	at sun.nio.ch.SocketChannelImpl.finishConnect(SocketChannelImpl.java:717)
	at org.apache.ratis.thirdparty.io.netty.channel.socket.nio.NioSocketChannel.doFinishConnect(NioSocketChannel.java:327)
	at org.apache.ratis.thirdparty.io.netty.channel.nio.AbstractNioChannel$AbstractNioUnsafe.finishConnect(AbstractNioChannel.java:340)
	at org.apache.ratis.thirdparty.io.netty.channel.nio.NioEventLoop.processSelectedKey(NioEventLoop.java:632)
	at org.apache.ratis.thirdparty.io.netty.channel.nio.NioEventLoop.processSelectedKeysOptimized(NioEventLoop.java:579)
	at org.apache.ratis.thirdparty.io.netty.channel.nio.NioEventLoop.processSelectedKeys(NioEventLoop.java:496)
	at org.apache.ratis.thirdparty.io.netty.channel.nio.NioEventLoop.run(NioEventLoop.java:458)
	at org.apache.ratis.thirdparty.io.netty.util.concurrent.SingleThreadEventExecutor$5.run(SingleThreadEventExecutor.java:897)
	at org.apache.ratis.thirdparty.io.netty.util.concurrent.FastThreadLocalRunnable.run(FastThreadLocalRunnable.java:30)
	... 1 more
Caused by: java.net.ConnectException: Connection refused
	... 11 more
2019-09-26 16:36:56,818 [9221d1d4-f927-4b56-ab16-f2eacc87aadd@group-9108ADE1020B:LeaderElection24] INFO  impl.LeaderElection (LogUtils.java:infoOrTrace(149)) - 9221d1d4-f927-4b56-ab16-f2eacc87aadd@group-9108ADE1020B:LeaderElection24 got exception when requesting votes: {}
java.util.concurrent.ExecutionException: org.apache.ratis.thirdparty.io.grpc.StatusRuntimeException: UNAVAILABLE: io exception
	at java.util.concurrent.FutureTask.report(FutureTask.java:122)
	at java.util.concurrent.FutureTask.get(FutureTask.java:192)
	at org.apache.ratis.server.impl.LeaderElection.waitForResults(LeaderElection.java:263)
	at org.apache.ratis.server.impl.LeaderElection.askForVotes(LeaderElection.java:201)
	at org.apache.ratis.server.impl.LeaderElection.run(LeaderElection.java:133)
	at java.lang.Thread.run(Thread.java:748)
Caused by: org.apache.ratis.thirdparty.io.grpc.StatusRuntimeException: UNAVAILABLE: io exception
	at org.apache.ratis.thirdparty.io.grpc.stub.ClientCalls.toStatusRuntimeException(ClientCalls.java:233)
	at org.apache.ratis.thirdparty.io.grpc.stub.ClientCalls.getUnchecked(ClientCalls.java:214)
	at org.apache.ratis.thirdparty.io.grpc.stub.ClientCalls.blockingUnaryCall(ClientCalls.java:139)
	at org.apache.ratis.proto.grpc.RaftServerProtocolServiceGrpc$RaftServerProtocolServiceBlockingStub.requestVote(RaftServerProtocolServiceGrpc.java:265)
	at org.apache.ratis.grpc.server.GrpcServerProtocolClient.requestVote(GrpcServerProtocolClient.java:90)
	at org.apache.ratis.grpc.server.GrpcService.requestVote(GrpcService.java:204)
	at org.apache.ratis.server.impl.LeaderElection.lambda$submitRequests$1(LeaderElection.java:238)
	at java.util.concurrent.FutureTask.run(FutureTask.java:266)
	at java.util.concurrent.Executors$RunnableAdapter.call(Executors.java:511)
	at java.util.concurrent.FutureTask.run(FutureTask.java:266)
	at java.util.concurrent.ThreadPoolExecutor.runWorker(ThreadPoolExecutor.java:1149)
	at java.util.concurrent.ThreadPoolExecutor$Worker.run(ThreadPoolExecutor.java:624)
	... 1 more
Caused by: org.apache.ratis.thirdparty.io.netty.channel.AbstractChannel$AnnotatedConnectException: Connection refused: /192.168.157.234:40176
	at sun.nio.ch.SocketChannelImpl.checkConnect(Native Method)
	at sun.nio.ch.SocketChannelImpl.finishConnect(SocketChannelImpl.java:717)
	at org.apache.ratis.thirdparty.io.netty.channel.socket.nio.NioSocketChannel.doFinishConnect(NioSocketChannel.java:327)
	at org.apache.ratis.thirdparty.io.netty.channel.nio.AbstractNioChannel$AbstractNioUnsafe.finishConnect(AbstractNioChannel.java:340)
	at org.apache.ratis.thirdparty.io.netty.channel.nio.NioEventLoop.processSelectedKey(NioEventLoop.java:632)
	at org.apache.ratis.thirdparty.io.netty.channel.nio.NioEventLoop.processSelectedKeysOptimized(NioEventLoop.java:579)
	at org.apache.ratis.thirdparty.io.netty.channel.nio.NioEventLoop.processSelectedKeys(NioEventLoop.java:496)
	at org.apache.ratis.thirdparty.io.netty.channel.nio.NioEventLoop.run(NioEventLoop.java:458)
	at org.apache.ratis.thirdparty.io.netty.util.concurrent.SingleThreadEventExecutor$5.run(SingleThreadEventExecutor.java:897)
	at org.apache.ratis.thirdparty.io.netty.util.concurrent.FastThreadLocalRunnable.run(FastThreadLocalRunnable.java:30)
	... 1 more
Caused by: java.net.ConnectException: Connection refused
	... 11 more
2019-09-26 16:36:56,819 [9221d1d4-f927-4b56-ab16-f2eacc87aadd@group-9108ADE1020B:LeaderElection24] INFO  impl.LeaderElection (LeaderElection.java:logAndReturn(56)) - 9221d1d4-f927-4b56-ab16-f2eacc87aadd@group-9108ADE1020B:LeaderElection24: Election REJECTED; received 0 response(s) [] and 2 exception(s); 9221d1d4-f927-4b56-ab16-f2eacc87aadd@group-9108ADE1020B:t3, leader=null, voted=9221d1d4-f927-4b56-ab16-f2eacc87aadd, raftlog=9221d1d4-f927-4b56-ab16-f2eacc87aadd@group-9108ADE1020B-SegmentedRaftLog:OPENED:c0,f0,i0, conf=0: [4d7b7b0b-d4b2-4e9e-949c-b3d401b8342c:192.168.157.234:44365, 837115f0-6bdf-4bb0-a918-7bab3585449b:192.168.157.234:40176, 9221d1d4-f927-4b56-ab16-f2eacc87aadd:192.168.157.234:40823], old=null
2019-09-26 16:36:56,820 [9221d1d4-f927-4b56-ab16-f2eacc87aadd@group-9108ADE1020B:LeaderElection24] INFO  impl.LeaderElection (LogUtils.java:infoOrTrace(149)) -   Exception 0: {}
java.util.concurrent.ExecutionException: org.apache.ratis.thirdparty.io.grpc.StatusRuntimeException: UNAVAILABLE: io exception
	at java.util.concurrent.FutureTask.report(FutureTask.java:122)
	at java.util.concurrent.FutureTask.get(FutureTask.java:192)
	at org.apache.ratis.server.impl.LeaderElection.waitForResults(LeaderElection.java:263)
	at org.apache.ratis.server.impl.LeaderElection.askForVotes(LeaderElection.java:201)
	at org.apache.ratis.server.impl.LeaderElection.run(LeaderElection.java:133)
	at java.lang.Thread.run(Thread.java:748)
Caused by: org.apache.ratis.thirdparty.io.grpc.StatusRuntimeException: UNAVAILABLE: io exception
	at org.apache.ratis.thirdparty.io.grpc.stub.ClientCalls.toStatusRuntimeException(ClientCalls.java:233)
	at org.apache.ratis.thirdparty.io.grpc.stub.ClientCalls.getUnchecked(ClientCalls.java:214)
	at org.apache.ratis.thirdparty.io.grpc.stub.ClientCalls.blockingUnaryCall(ClientCalls.java:139)
	at org.apache.ratis.proto.grpc.RaftServerProtocolServiceGrpc$RaftServerProtocolServiceBlockingStub.requestVote(RaftServerProtocolServiceGrpc.java:265)
	at org.apache.ratis.grpc.server.GrpcServerProtocolClient.requestVote(GrpcServerProtocolClient.java:90)
	at org.apache.ratis.grpc.server.GrpcService.requestVote(GrpcService.java:204)
	at org.apache.ratis.server.impl.LeaderElection.lambda$submitRequests$1(LeaderElection.java:238)
	at java.util.concurrent.FutureTask.run(FutureTask.java:266)
	at java.util.concurrent.Executors$RunnableAdapter.call(Executors.java:511)
	at java.util.concurrent.FutureTask.run(FutureTask.java:266)
	at java.util.concurrent.ThreadPoolExecutor.runWorker(ThreadPoolExecutor.java:1149)
	at java.util.concurrent.ThreadPoolExecutor$Worker.run(ThreadPoolExecutor.java:624)
	... 1 more
Caused by: org.apache.ratis.thirdparty.io.netty.channel.AbstractChannel$AnnotatedConnectException: Connection refused: /192.168.157.234:44365
	at sun.nio.ch.SocketChannelImpl.checkConnect(Native Method)
	at sun.nio.ch.SocketChannelImpl.finishConnect(SocketChannelImpl.java:717)
	at org.apache.ratis.thirdparty.io.netty.channel.socket.nio.NioSocketChannel.doFinishConnect(NioSocketChannel.java:327)
	at org.apache.ratis.thirdparty.io.netty.channel.nio.AbstractNioChannel$AbstractNioUnsafe.finishConnect(AbstractNioChannel.java:340)
	at org.apache.ratis.thirdparty.io.netty.channel.nio.NioEventLoop.processSelectedKey(NioEventLoop.java:632)
	at org.apache.ratis.thirdparty.io.netty.channel.nio.NioEventLoop.processSelectedKeysOptimized(NioEventLoop.java:579)
	at org.apache.ratis.thirdparty.io.netty.channel.nio.NioEventLoop.processSelectedKeys(NioEventLoop.java:496)
	at org.apache.ratis.thirdparty.io.netty.channel.nio.NioEventLoop.run(NioEventLoop.java:458)
	at org.apache.ratis.thirdparty.io.netty.util.concurrent.SingleThreadEventExecutor$5.run(SingleThreadEventExecutor.java:897)
	at org.apache.ratis.thirdparty.io.netty.util.concurrent.FastThreadLocalRunnable.run(FastThreadLocalRunnable.java:30)
	... 1 more
Caused by: java.net.ConnectException: Connection refused
	... 11 more
2019-09-26 16:36:56,821 [9221d1d4-f927-4b56-ab16-f2eacc87aadd@group-9108ADE1020B:LeaderElection24] INFO  impl.LeaderElection (LogUtils.java:infoOrTrace(149)) -   Exception 1: {}
java.util.concurrent.ExecutionException: org.apache.ratis.thirdparty.io.grpc.StatusRuntimeException: UNAVAILABLE: io exception
	at java.util.concurrent.FutureTask.report(FutureTask.java:122)
	at java.util.concurrent.FutureTask.get(FutureTask.java:192)
	at org.apache.ratis.server.impl.LeaderElection.waitForResults(LeaderElection.java:263)
	at org.apache.ratis.server.impl.LeaderElection.askForVotes(LeaderElection.java:201)
	at org.apache.ratis.server.impl.LeaderElection.run(LeaderElection.java:133)
	at java.lang.Thread.run(Thread.java:748)
Caused by: org.apache.ratis.thirdparty.io.grpc.StatusRuntimeException: UNAVAILABLE: io exception
	at org.apache.ratis.thirdparty.io.grpc.stub.ClientCalls.toStatusRuntimeException(ClientCalls.java:233)
	at org.apache.ratis.thirdparty.io.grpc.stub.ClientCalls.getUnchecked(ClientCalls.java:214)
	at org.apache.ratis.thirdparty.io.grpc.stub.ClientCalls.blockingUnaryCall(ClientCalls.java:139)
	at org.apache.ratis.proto.grpc.RaftServerProtocolServiceGrpc$RaftServerProtocolServiceBlockingStub.requestVote(RaftServerProtocolServiceGrpc.java:265)
	at org.apache.ratis.grpc.server.GrpcServerProtocolClient.requestVote(GrpcServerProtocolClient.java:90)
	at org.apache.ratis.grpc.server.GrpcService.requestVote(GrpcService.java:204)
	at org.apache.ratis.server.impl.LeaderElection.lambda$submitRequests$1(LeaderElection.java:238)
	at java.util.concurrent.FutureTask.run(FutureTask.java:266)
	at java.util.concurrent.Executors$RunnableAdapter.call(Executors.java:511)
	at java.util.concurrent.FutureTask.run(FutureTask.java:266)
	at java.util.concurrent.ThreadPoolExecutor.runWorker(ThreadPoolExecutor.java:1149)
	at java.util.concurrent.ThreadPoolExecutor$Worker.run(ThreadPoolExecutor.java:624)
	... 1 more
Caused by: org.apache.ratis.thirdparty.io.netty.channel.AbstractChannel$AnnotatedConnectException: Connection refused: /192.168.157.234:40176
	at sun.nio.ch.SocketChannelImpl.checkConnect(Native Method)
	at sun.nio.ch.SocketChannelImpl.finishConnect(SocketChannelImpl.java:717)
	at org.apache.ratis.thirdparty.io.netty.channel.socket.nio.NioSocketChannel.doFinishConnect(NioSocketChannel.java:327)
	at org.apache.ratis.thirdparty.io.netty.channel.nio.AbstractNioChannel$AbstractNioUnsafe.finishConnect(AbstractNioChannel.java:340)
	at org.apache.ratis.thirdparty.io.netty.channel.nio.NioEventLoop.processSelectedKey(NioEventLoop.java:632)
	at org.apache.ratis.thirdparty.io.netty.channel.nio.NioEventLoop.processSelectedKeysOptimized(NioEventLoop.java:579)
	at org.apache.ratis.thirdparty.io.netty.channel.nio.NioEventLoop.processSelectedKeys(NioEventLoop.java:496)
	at org.apache.ratis.thirdparty.io.netty.channel.nio.NioEventLoop.run(NioEventLoop.java:458)
	at org.apache.ratis.thirdparty.io.netty.util.concurrent.SingleThreadEventExecutor$5.run(SingleThreadEventExecutor.java:897)
	at org.apache.ratis.thirdparty.io.netty.util.concurrent.FastThreadLocalRunnable.run(FastThreadLocalRunnable.java:30)
	... 1 more
Caused by: java.net.ConnectException: Connection refused
	... 11 more
2019-09-26 16:36:56,821 [9221d1d4-f927-4b56-ab16-f2eacc87aadd@group-9108ADE1020B:LeaderElection24] INFO  impl.RaftServerImpl (RaftServerImpl.java:setRole(174)) - 9221d1d4-f927-4b56-ab16-f2eacc87aadd@group-9108ADE1020B: changes role from CANDIDATE to FOLLOWER at term 3 for DISCOVERED_A_NEW_TERM
2019-09-26 16:36:56,822 [9221d1d4-f927-4b56-ab16-f2eacc87aadd@group-9108ADE1020B:LeaderElection24] INFO  impl.RoleInfo (RoleInfo.java:shutdownLeaderElection(134)) - 9221d1d4-f927-4b56-ab16-f2eacc87aadd: shutdown LeaderElection
2019-09-26 16:36:56,823 [9221d1d4-f927-4b56-ab16-f2eacc87aadd@group-9108ADE1020B:LeaderElection24] INFO  impl.RoleInfo (RoleInfo.java:updateAndGet(143)) - 9221d1d4-f927-4b56-ab16-f2eacc87aadd: start FollowerState
2019-09-26 16:36:57,083 [grpc-default-executor-0] WARN  server.GrpcLogAppender (LogUtils.java:warn(134)) - 2d203acc-2876-43cc-a645-52d5b2311198@group-185BD4C38C74->f9bb6cb5-24ba-4926-b442-6d897d5c3f6a-AppendLogResponseHandler: Failed appendEntries: org.apache.ratis.thirdparty.io.grpc.StatusRuntimeException: UNAVAILABLE: io exception
2019-09-26 16:36:57,086 [grpc-default-executor-0] INFO  impl.FollowerInfo (FollowerInfo.java:lambda$new$0(51)) - 2d203acc-2876-43cc-a645-52d5b2311198@group-185BD4C38C74->f9bb6cb5-24ba-4926-b442-6d897d5c3f6a: nextIndex: updateUnconditionally 0 -> 0
2019-09-26 16:36:57,130 [grpc-default-executor-0] WARN  server.GrpcLogAppender (LogUtils.java:warn(134)) - 2d203acc-2876-43cc-a645-52d5b2311198@group-185BD4C38C74->543c4478-56da-43d0-bc7b-befbdfd1ac53-AppendLogResponseHandler: Failed appendEntries: org.apache.ratis.thirdparty.io.grpc.StatusRuntimeException: UNAVAILABLE: io exception
2019-09-26 16:36:57,131 [grpc-default-executor-0] INFO  impl.FollowerInfo (FollowerInfo.java:lambda$new$0(51)) - 2d203acc-2876-43cc-a645-52d5b2311198@group-185BD4C38C74->543c4478-56da-43d0-bc7b-befbdfd1ac53: nextIndex: updateUnconditionally 0 -> 0
2019-09-26 16:36:57,584 [grpc-default-executor-0] WARN  server.GrpcLogAppender (LogUtils.java:warn(134)) - 2d203acc-2876-43cc-a645-52d5b2311198@group-185BD4C38C74->f9bb6cb5-24ba-4926-b442-6d897d5c3f6a-AppendLogResponseHandler: Failed appendEntries: org.apache.ratis.thirdparty.io.grpc.StatusRuntimeException: UNAVAILABLE: io exception
2019-09-26 16:36:57,585 [grpc-default-executor-0] INFO  impl.FollowerInfo (FollowerInfo.java:lambda$new$0(51)) - 2d203acc-2876-43cc-a645-52d5b2311198@group-185BD4C38C74->f9bb6cb5-24ba-4926-b442-6d897d5c3f6a: nextIndex: updateUnconditionally 0 -> 0
2019-09-26 16:36:57,628 [grpc-default-executor-0] WARN  server.GrpcLogAppender (LogUtils.java:warn(134)) - 2d203acc-2876-43cc-a645-52d5b2311198@group-185BD4C38C74->543c4478-56da-43d0-bc7b-befbdfd1ac53-AppendLogResponseHandler: Failed appendEntries: org.apache.ratis.thirdparty.io.grpc.StatusRuntimeException: UNAVAILABLE: io exception
2019-09-26 16:36:57,628 [grpc-default-executor-0] INFO  impl.FollowerInfo (FollowerInfo.java:lambda$new$0(51)) - 2d203acc-2876-43cc-a645-52d5b2311198@group-185BD4C38C74->543c4478-56da-43d0-bc7b-befbdfd1ac53: nextIndex: updateUnconditionally 0 -> 0
2019-09-26 16:36:57,976 [Thread-1886] INFO  impl.FollowerState (FollowerState.java:run(106)) - 9221d1d4-f927-4b56-ab16-f2eacc87aadd:group-9108ADE1020B changes to CANDIDATE, lastRpcTime:1153, electionTimeout:1152ms
2019-09-26 16:36:57,977 [Thread-1886] INFO  impl.RoleInfo (RoleInfo.java:shutdownFollowerState(121)) - 9221d1d4-f927-4b56-ab16-f2eacc87aadd: shutdown FollowerState
2019-09-26 16:36:57,977 [Thread-1886] INFO  impl.RaftServerImpl (RaftServerImpl.java:setRole(174)) - 9221d1d4-f927-4b56-ab16-f2eacc87aadd@group-9108ADE1020B: changes role from  FOLLOWER to CANDIDATE at term 3 for changeToCandidate
2019-09-26 16:36:57,977 [Thread-1886] INFO  impl.RoleInfo (RoleInfo.java:updateAndGet(143)) - 9221d1d4-f927-4b56-ab16-f2eacc87aadd: start LeaderElection
2019-09-26 16:36:57,995 [9221d1d4-f927-4b56-ab16-f2eacc87aadd@group-9108ADE1020B:LeaderElection25] INFO  impl.LeaderElection (LeaderElection.java:askForVotes(182)) - 9221d1d4-f927-4b56-ab16-f2eacc87aadd@group-9108ADE1020B:LeaderElection25: begin an election at term 4 for 0: [4d7b7b0b-d4b2-4e9e-949c-b3d401b8342c:192.168.157.234:44365, 837115f0-6bdf-4bb0-a918-7bab3585449b:192.168.157.234:40176, 9221d1d4-f927-4b56-ab16-f2eacc87aadd:192.168.157.234:40823], old=null
2019-09-26 16:36:57,996 [9221d1d4-f927-4b56-ab16-f2eacc87aadd@group-9108ADE1020B:LeaderElection25] INFO  impl.LeaderElection (LogUtils.java:infoOrTrace(149)) - 9221d1d4-f927-4b56-ab16-f2eacc87aadd@group-9108ADE1020B:LeaderElection25 got exception when requesting votes: {}
java.util.concurrent.ExecutionException: org.apache.ratis.thirdparty.io.grpc.StatusRuntimeException: UNAVAILABLE: io exception
	at java.util.concurrent.FutureTask.report(FutureTask.java:122)
	at java.util.concurrent.FutureTask.get(FutureTask.java:192)
	at org.apache.ratis.server.impl.LeaderElection.waitForResults(LeaderElection.java:263)
	at org.apache.ratis.server.impl.LeaderElection.askForVotes(LeaderElection.java:201)
	at org.apache.ratis.server.impl.LeaderElection.run(LeaderElection.java:133)
	at java.lang.Thread.run(Thread.java:748)
Caused by: org.apache.ratis.thirdparty.io.grpc.StatusRuntimeException: UNAVAILABLE: io exception
	at org.apache.ratis.thirdparty.io.grpc.stub.ClientCalls.toStatusRuntimeException(ClientCalls.java:233)
	at org.apache.ratis.thirdparty.io.grpc.stub.ClientCalls.getUnchecked(ClientCalls.java:214)
	at org.apache.ratis.thirdparty.io.grpc.stub.ClientCalls.blockingUnaryCall(ClientCalls.java:139)
	at org.apache.ratis.proto.grpc.RaftServerProtocolServiceGrpc$RaftServerProtocolServiceBlockingStub.requestVote(RaftServerProtocolServiceGrpc.java:265)
	at org.apache.ratis.grpc.server.GrpcServerProtocolClient.requestVote(GrpcServerProtocolClient.java:90)
	at org.apache.ratis.grpc.server.GrpcService.requestVote(GrpcService.java:204)
	at org.apache.ratis.server.impl.LeaderElection.lambda$submitRequests$1(LeaderElection.java:238)
	at java.util.concurrent.FutureTask.run(FutureTask.java:266)
	at java.util.concurrent.Executors$RunnableAdapter.call(Executors.java:511)
	at java.util.concurrent.FutureTask.run(FutureTask.java:266)
	at java.util.concurrent.ThreadPoolExecutor.runWorker(ThreadPoolExecutor.java:1149)
	at java.util.concurrent.ThreadPoolExecutor$Worker.run(ThreadPoolExecutor.java:624)
	... 1 more
Caused by: org.apache.ratis.thirdparty.io.netty.channel.AbstractChannel$AnnotatedConnectException: Connection refused: /192.168.157.234:44365
	at sun.nio.ch.SocketChannelImpl.checkConnect(Native Method)
	at sun.nio.ch.SocketChannelImpl.finishConnect(SocketChannelImpl.java:717)
	at org.apache.ratis.thirdparty.io.netty.channel.socket.nio.NioSocketChannel.doFinishConnect(NioSocketChannel.java:327)
	at org.apache.ratis.thirdparty.io.netty.channel.nio.AbstractNioChannel$AbstractNioUnsafe.finishConnect(AbstractNioChannel.java:340)
	at org.apache.ratis.thirdparty.io.netty.channel.nio.NioEventLoop.processSelectedKey(NioEventLoop.java:632)
	at org.apache.ratis.thirdparty.io.netty.channel.nio.NioEventLoop.processSelectedKeysOptimized(NioEventLoop.java:579)
	at org.apache.ratis.thirdparty.io.netty.channel.nio.NioEventLoop.processSelectedKeys(NioEventLoop.java:496)
	at org.apache.ratis.thirdparty.io.netty.channel.nio.NioEventLoop.run(NioEventLoop.java:458)
	at org.apache.ratis.thirdparty.io.netty.util.concurrent.SingleThreadEventExecutor$5.run(SingleThreadEventExecutor.java:897)
	at org.apache.ratis.thirdparty.io.netty.util.concurrent.FastThreadLocalRunnable.run(FastThreadLocalRunnable.java:30)
	... 1 more
Caused by: java.net.ConnectException: Connection refused
	... 11 more
2019-09-26 16:36:57,998 [9221d1d4-f927-4b56-ab16-f2eacc87aadd@group-9108ADE1020B:LeaderElection25] INFO  impl.LeaderElection (LogUtils.java:infoOrTrace(149)) - 9221d1d4-f927-4b56-ab16-f2eacc87aadd@group-9108ADE1020B:LeaderElection25 got exception when requesting votes: {}
java.util.concurrent.ExecutionException: org.apache.ratis.thirdparty.io.grpc.StatusRuntimeException: UNAVAILABLE: io exception
	at java.util.concurrent.FutureTask.report(FutureTask.java:122)
	at java.util.concurrent.FutureTask.get(FutureTask.java:192)
	at org.apache.ratis.server.impl.LeaderElection.waitForResults(LeaderElection.java:263)
	at org.apache.ratis.server.impl.LeaderElection.askForVotes(LeaderElection.java:201)
	at org.apache.ratis.server.impl.LeaderElection.run(LeaderElection.java:133)
	at java.lang.Thread.run(Thread.java:748)
Caused by: org.apache.ratis.thirdparty.io.grpc.StatusRuntimeException: UNAVAILABLE: io exception
	at org.apache.ratis.thirdparty.io.grpc.stub.ClientCalls.toStatusRuntimeException(ClientCalls.java:233)
	at org.apache.ratis.thirdparty.io.grpc.stub.ClientCalls.getUnchecked(ClientCalls.java:214)
	at org.apache.ratis.thirdparty.io.grpc.stub.ClientCalls.blockingUnaryCall(ClientCalls.java:139)
	at org.apache.ratis.proto.grpc.RaftServerProtocolServiceGrpc$RaftServerProtocolServiceBlockingStub.requestVote(RaftServerProtocolServiceGrpc.java:265)
	at org.apache.ratis.grpc.server.GrpcServerProtocolClient.requestVote(GrpcServerProtocolClient.java:90)
	at org.apache.ratis.grpc.server.GrpcService.requestVote(GrpcService.java:204)
	at org.apache.ratis.server.impl.LeaderElection.lambda$submitRequests$1(LeaderElection.java:238)
	at java.util.concurrent.FutureTask.run(FutureTask.java:266)
	at java.util.concurrent.Executors$RunnableAdapter.call(Executors.java:511)
	at java.util.concurrent.FutureTask.run(FutureTask.java:266)
	at java.util.concurrent.ThreadPoolExecutor.runWorker(ThreadPoolExecutor.java:1149)
	at java.util.concurrent.ThreadPoolExecutor$Worker.run(ThreadPoolExecutor.java:624)
	... 1 more
Caused by: org.apache.ratis.thirdparty.io.netty.channel.AbstractChannel$AnnotatedConnectException: Connection refused: /192.168.157.234:40176
	at sun.nio.ch.SocketChannelImpl.checkConnect(Native Method)
	at sun.nio.ch.SocketChannelImpl.finishConnect(SocketChannelImpl.java:717)
	at org.apache.ratis.thirdparty.io.netty.channel.socket.nio.NioSocketChannel.doFinishConnect(NioSocketChannel.java:327)
	at org.apache.ratis.thirdparty.io.netty.channel.nio.AbstractNioChannel$AbstractNioUnsafe.finishConnect(AbstractNioChannel.java:340)
	at org.apache.ratis.thirdparty.io.netty.channel.nio.NioEventLoop.processSelectedKey(NioEventLoop.java:632)
	at org.apache.ratis.thirdparty.io.netty.channel.nio.NioEventLoop.processSelectedKeysOptimized(NioEventLoop.java:579)
	at org.apache.ratis.thirdparty.io.netty.channel.nio.NioEventLoop.processSelectedKeys(NioEventLoop.java:496)
	at org.apache.ratis.thirdparty.io.netty.channel.nio.NioEventLoop.run(NioEventLoop.java:458)
	at org.apache.ratis.thirdparty.io.netty.util.concurrent.SingleThreadEventExecutor$5.run(SingleThreadEventExecutor.java:897)
	at org.apache.ratis.thirdparty.io.netty.util.concurrent.FastThreadLocalRunnable.run(FastThreadLocalRunnable.java:30)
	... 1 more
Caused by: java.net.ConnectException: Connection refused
	... 11 more
2019-09-26 16:36:58,000 [9221d1d4-f927-4b56-ab16-f2eacc87aadd@group-9108ADE1020B:LeaderElection25] INFO  impl.LeaderElection (LeaderElection.java:logAndReturn(56)) - 9221d1d4-f927-4b56-ab16-f2eacc87aadd@group-9108ADE1020B:LeaderElection25: Election REJECTED; received 0 response(s) [] and 2 exception(s); 9221d1d4-f927-4b56-ab16-f2eacc87aadd@group-9108ADE1020B:t4, leader=null, voted=9221d1d4-f927-4b56-ab16-f2eacc87aadd, raftlog=9221d1d4-f927-4b56-ab16-f2eacc87aadd@group-9108ADE1020B-SegmentedRaftLog:OPENED:c0,f0,i0, conf=0: [4d7b7b0b-d4b2-4e9e-949c-b3d401b8342c:192.168.157.234:44365, 837115f0-6bdf-4bb0-a918-7bab3585449b:192.168.157.234:40176, 9221d1d4-f927-4b56-ab16-f2eacc87aadd:192.168.157.234:40823], old=null
2019-09-26 16:36:58,001 [9221d1d4-f927-4b56-ab16-f2eacc87aadd@group-9108ADE1020B:LeaderElection25] INFO  impl.LeaderElection (LogUtils.java:infoOrTrace(149)) -   Exception 0: {}
java.util.concurrent.ExecutionException: org.apache.ratis.thirdparty.io.grpc.StatusRuntimeException: UNAVAILABLE: io exception
	at java.util.concurrent.FutureTask.report(FutureTask.java:122)
	at java.util.concurrent.FutureTask.get(FutureTask.java:192)
	at org.apache.ratis.server.impl.LeaderElection.waitForResults(LeaderElection.java:263)
	at org.apache.ratis.server.impl.LeaderElection.askForVotes(LeaderElection.java:201)
	at org.apache.ratis.server.impl.LeaderElection.run(LeaderElection.java:133)
	at java.lang.Thread.run(Thread.java:748)
Caused by: org.apache.ratis.thirdparty.io.grpc.StatusRuntimeException: UNAVAILABLE: io exception
	at org.apache.ratis.thirdparty.io.grpc.stub.ClientCalls.toStatusRuntimeException(ClientCalls.java:233)
	at org.apache.ratis.thirdparty.io.grpc.stub.ClientCalls.getUnchecked(ClientCalls.java:214)
	at org.apache.ratis.thirdparty.io.grpc.stub.ClientCalls.blockingUnaryCall(ClientCalls.java:139)
	at org.apache.ratis.proto.grpc.RaftServerProtocolServiceGrpc$RaftServerProtocolServiceBlockingStub.requestVote(RaftServerProtocolServiceGrpc.java:265)
	at org.apache.ratis.grpc.server.GrpcServerProtocolClient.requestVote(GrpcServerProtocolClient.java:90)
	at org.apache.ratis.grpc.server.GrpcService.requestVote(GrpcService.java:204)
	at org.apache.ratis.server.impl.LeaderElection.lambda$submitRequests$1(LeaderElection.java:238)
	at java.util.concurrent.FutureTask.run(FutureTask.java:266)
	at java.util.concurrent.Executors$RunnableAdapter.call(Executors.java:511)
	at java.util.concurrent.FutureTask.run(FutureTask.java:266)
	at java.util.concurrent.ThreadPoolExecutor.runWorker(ThreadPoolExecutor.java:1149)
	at java.util.concurrent.ThreadPoolExecutor$Worker.run(ThreadPoolExecutor.java:624)
	... 1 more
Caused by: org.apache.ratis.thirdparty.io.netty.channel.AbstractChannel$AnnotatedConnectException: Connection refused: /192.168.157.234:44365
	at sun.nio.ch.SocketChannelImpl.checkConnect(Native Method)
	at sun.nio.ch.SocketChannelImpl.finishConnect(SocketChannelImpl.java:717)
	at org.apache.ratis.thirdparty.io.netty.channel.socket.nio.NioSocketChannel.doFinishConnect(NioSocketChannel.java:327)
	at org.apache.ratis.thirdparty.io.netty.channel.nio.AbstractNioChannel$AbstractNioUnsafe.finishConnect(AbstractNioChannel.java:340)
	at org.apache.ratis.thirdparty.io.netty.channel.nio.NioEventLoop.processSelectedKey(NioEventLoop.java:632)
	at org.apache.ratis.thirdparty.io.netty.channel.nio.NioEventLoop.processSelectedKeysOptimized(NioEventLoop.java:579)
	at org.apache.ratis.thirdparty.io.netty.channel.nio.NioEventLoop.processSelectedKeys(NioEventLoop.java:496)
	at org.apache.ratis.thirdparty.io.netty.channel.nio.NioEventLoop.run(NioEventLoop.java:458)
	at org.apache.ratis.thirdparty.io.netty.util.concurrent.SingleThreadEventExecutor$5.run(SingleThreadEventExecutor.java:897)
	at org.apache.ratis.thirdparty.io.netty.util.concurrent.FastThreadLocalRunnable.run(FastThreadLocalRunnable.java:30)
	... 1 more
Caused by: java.net.ConnectException: Connection refused
	... 11 more
2019-09-26 16:36:58,001 [9221d1d4-f927-4b56-ab16-f2eacc87aadd@group-9108ADE1020B:LeaderElection25] INFO  impl.LeaderElection (LogUtils.java:infoOrTrace(149)) -   Exception 1: {}
java.util.concurrent.ExecutionException: org.apache.ratis.thirdparty.io.grpc.StatusRuntimeException: UNAVAILABLE: io exception
	at java.util.concurrent.FutureTask.report(FutureTask.java:122)
	at java.util.concurrent.FutureTask.get(FutureTask.java:192)
	at org.apache.ratis.server.impl.LeaderElection.waitForResults(LeaderElection.java:263)
	at org.apache.ratis.server.impl.LeaderElection.askForVotes(LeaderElection.java:201)
	at org.apache.ratis.server.impl.LeaderElection.run(LeaderElection.java:133)
	at java.lang.Thread.run(Thread.java:748)
Caused by: org.apache.ratis.thirdparty.io.grpc.StatusRuntimeException: UNAVAILABLE: io exception
	at org.apache.ratis.thirdparty.io.grpc.stub.ClientCalls.toStatusRuntimeException(ClientCalls.java:233)
	at org.apache.ratis.thirdparty.io.grpc.stub.ClientCalls.getUnchecked(ClientCalls.java:214)
	at org.apache.ratis.thirdparty.io.grpc.stub.ClientCalls.blockingUnaryCall(ClientCalls.java:139)
	at org.apache.ratis.proto.grpc.RaftServerProtocolServiceGrpc$RaftServerProtocolServiceBlockingStub.requestVote(RaftServerProtocolServiceGrpc.java:265)
	at org.apache.ratis.grpc.server.GrpcServerProtocolClient.requestVote(GrpcServerProtocolClient.java:90)
	at org.apache.ratis.grpc.server.GrpcService.requestVote(GrpcService.java:204)
	at org.apache.ratis.server.impl.LeaderElection.lambda$submitRequests$1(LeaderElection.java:238)
	at java.util.concurrent.FutureTask.run(FutureTask.java:266)
	at java.util.concurrent.Executors$RunnableAdapter.call(Executors.java:511)
	at java.util.concurrent.FutureTask.run(FutureTask.java:266)
	at java.util.concurrent.ThreadPoolExecutor.runWorker(ThreadPoolExecutor.java:1149)
	at java.util.concurrent.ThreadPoolExecutor$Worker.run(ThreadPoolExecutor.java:624)
	... 1 more
Caused by: org.apache.ratis.thirdparty.io.netty.channel.AbstractChannel$AnnotatedConnectException: Connection refused: /192.168.157.234:40176
	at sun.nio.ch.SocketChannelImpl.checkConnect(Native Method)
	at sun.nio.ch.SocketChannelImpl.finishConnect(SocketChannelImpl.java:717)
	at org.apache.ratis.thirdparty.io.netty.channel.socket.nio.NioSocketChannel.doFinishConnect(NioSocketChannel.java:327)
	at org.apache.ratis.thirdparty.io.netty.channel.nio.AbstractNioChannel$AbstractNioUnsafe.finishConnect(AbstractNioChannel.java:340)
	at org.apache.ratis.thirdparty.io.netty.channel.nio.NioEventLoop.processSelectedKey(NioEventLoop.java:632)
	at org.apache.ratis.thirdparty.io.netty.channel.nio.NioEventLoop.processSelectedKeysOptimized(NioEventLoop.java:579)
	at org.apache.ratis.thirdparty.io.netty.channel.nio.NioEventLoop.processSelectedKeys(NioEventLoop.java:496)
	at org.apache.ratis.thirdparty.io.netty.channel.nio.NioEventLoop.run(NioEventLoop.java:458)
	at org.apache.ratis.thirdparty.io.netty.util.concurrent.SingleThreadEventExecutor$5.run(SingleThreadEventExecutor.java:897)
	at org.apache.ratis.thirdparty.io.netty.util.concurrent.FastThreadLocalRunnable.run(FastThreadLocalRunnable.java:30)
	... 1 more
Caused by: java.net.ConnectException: Connection refused
	... 11 more
2019-09-26 16:36:58,003 [9221d1d4-f927-4b56-ab16-f2eacc87aadd@group-9108ADE1020B:LeaderElection25] INFO  impl.RaftServerImpl (RaftServerImpl.java:setRole(174)) - 9221d1d4-f927-4b56-ab16-f2eacc87aadd@group-9108ADE1020B: changes role from CANDIDATE to FOLLOWER at term 4 for DISCOVERED_A_NEW_TERM
2019-09-26 16:36:58,004 [9221d1d4-f927-4b56-ab16-f2eacc87aadd@group-9108ADE1020B:LeaderElection25] INFO  impl.RoleInfo (RoleInfo.java:shutdownLeaderElection(134)) - 9221d1d4-f927-4b56-ab16-f2eacc87aadd: shutdown LeaderElection
2019-09-26 16:36:58,004 [9221d1d4-f927-4b56-ab16-f2eacc87aadd@group-9108ADE1020B:LeaderElection25] INFO  impl.RoleInfo (RoleInfo.java:updateAndGet(143)) - 9221d1d4-f927-4b56-ab16-f2eacc87aadd: start FollowerState
2019-09-26 16:36:58,085 [grpc-default-executor-1] WARN  server.GrpcLogAppender (LogUtils.java:warn(134)) - 2d203acc-2876-43cc-a645-52d5b2311198@group-185BD4C38C74->f9bb6cb5-24ba-4926-b442-6d897d5c3f6a-AppendLogResponseHandler: Failed appendEntries: org.apache.ratis.thirdparty.io.grpc.StatusRuntimeException: UNAVAILABLE: io exception
2019-09-26 16:36:58,087 [grpc-default-executor-1] INFO  impl.FollowerInfo (FollowerInfo.java:lambda$new$0(51)) - 2d203acc-2876-43cc-a645-52d5b2311198@group-185BD4C38C74->f9bb6cb5-24ba-4926-b442-6d897d5c3f6a: nextIndex: updateUnconditionally 0 -> 0
2019-09-26 16:36:58,129 [grpc-default-executor-0] WARN  server.GrpcLogAppender (LogUtils.java:warn(134)) - 2d203acc-2876-43cc-a645-52d5b2311198@group-185BD4C38C74->543c4478-56da-43d0-bc7b-befbdfd1ac53-AppendLogResponseHandler: Failed appendEntries: org.apache.ratis.thirdparty.io.grpc.StatusRuntimeException: UNAVAILABLE: io exception
2019-09-26 16:36:58,130 [grpc-default-executor-0] INFO  impl.FollowerInfo (FollowerInfo.java:lambda$new$0(51)) - 2d203acc-2876-43cc-a645-52d5b2311198@group-185BD4C38C74->543c4478-56da-43d0-bc7b-befbdfd1ac53: nextIndex: updateUnconditionally 0 -> 0
2019-09-26 16:36:58,586 [grpc-default-executor-0] WARN  server.GrpcLogAppender (LogUtils.java:warn(134)) - 2d203acc-2876-43cc-a645-52d5b2311198@group-185BD4C38C74->f9bb6cb5-24ba-4926-b442-6d897d5c3f6a-AppendLogResponseHandler: Failed appendEntries: org.apache.ratis.thirdparty.io.grpc.StatusRuntimeException: UNAVAILABLE: io exception
2019-09-26 16:36:58,587 [grpc-default-executor-0] INFO  impl.FollowerInfo (FollowerInfo.java:lambda$new$0(51)) - 2d203acc-2876-43cc-a645-52d5b2311198@group-185BD4C38C74->f9bb6cb5-24ba-4926-b442-6d897d5c3f6a: nextIndex: updateUnconditionally 0 -> 0
2019-09-26 16:36:58,630 [grpc-default-executor-6] WARN  server.GrpcLogAppender (LogUtils.java:warn(134)) - 2d203acc-2876-43cc-a645-52d5b2311198@group-185BD4C38C74->543c4478-56da-43d0-bc7b-befbdfd1ac53-AppendLogResponseHandler: Failed appendEntries: org.apache.ratis.thirdparty.io.grpc.StatusRuntimeException: UNAVAILABLE: io exception
2019-09-26 16:36:58,630 [grpc-default-executor-6] INFO  impl.FollowerInfo (FollowerInfo.java:lambda$new$0(51)) - 2d203acc-2876-43cc-a645-52d5b2311198@group-185BD4C38C74->543c4478-56da-43d0-bc7b-befbdfd1ac53: nextIndex: updateUnconditionally 0 -> 0
2019-09-26 16:36:59,089 [grpc-default-executor-6] WARN  server.GrpcLogAppender (LogUtils.java:warn(134)) - 2d203acc-2876-43cc-a645-52d5b2311198@group-185BD4C38C74->f9bb6cb5-24ba-4926-b442-6d897d5c3f6a-AppendLogResponseHandler: Failed appendEntries: org.apache.ratis.thirdparty.io.grpc.StatusRuntimeException: UNAVAILABLE: io exception
2019-09-26 16:36:59,089 [grpc-default-executor-6] INFO  impl.FollowerInfo (FollowerInfo.java:lambda$new$0(51)) - 2d203acc-2876-43cc-a645-52d5b2311198@group-185BD4C38C74->f9bb6cb5-24ba-4926-b442-6d897d5c3f6a: nextIndex: updateUnconditionally 0 -> 0
2019-09-26 16:36:59,131 [grpc-default-executor-0] WARN  server.GrpcLogAppender (LogUtils.java:warn(134)) - 2d203acc-2876-43cc-a645-52d5b2311198@group-185BD4C38C74->543c4478-56da-43d0-bc7b-befbdfd1ac53-AppendLogResponseHandler: Failed appendEntries: org.apache.ratis.thirdparty.io.grpc.StatusRuntimeException: UNAVAILABLE: io exception
2019-09-26 16:36:59,131 [grpc-default-executor-0] INFO  impl.FollowerInfo (FollowerInfo.java:lambda$new$0(51)) - 2d203acc-2876-43cc-a645-52d5b2311198@group-185BD4C38C74->543c4478-56da-43d0-bc7b-befbdfd1ac53: nextIndex: updateUnconditionally 0 -> 0
2019-09-26 16:36:59,199 [Thread-1890] INFO  impl.FollowerState (FollowerState.java:run(106)) - 9221d1d4-f927-4b56-ab16-f2eacc87aadd:group-9108ADE1020B changes to CANDIDATE, lastRpcTime:1194, electionTimeout:1193ms
2019-09-26 16:36:59,199 [Thread-1890] INFO  impl.RoleInfo (RoleInfo.java:shutdownFollowerState(121)) - 9221d1d4-f927-4b56-ab16-f2eacc87aadd: shutdown FollowerState
2019-09-26 16:36:59,199 [Thread-1890] INFO  impl.RaftServerImpl (RaftServerImpl.java:setRole(174)) - 9221d1d4-f927-4b56-ab16-f2eacc87aadd@group-9108ADE1020B: changes role from  FOLLOWER to CANDIDATE at term 4 for changeToCandidate
2019-09-26 16:36:59,200 [Thread-1890] INFO  impl.RoleInfo (RoleInfo.java:updateAndGet(143)) - 9221d1d4-f927-4b56-ab16-f2eacc87aadd: start LeaderElection
2019-09-26 16:36:59,215 [9221d1d4-f927-4b56-ab16-f2eacc87aadd@group-9108ADE1020B:LeaderElection26] INFO  impl.LeaderElection (LeaderElection.java:askForVotes(182)) - 9221d1d4-f927-4b56-ab16-f2eacc87aadd@group-9108ADE1020B:LeaderElection26: begin an election at term 5 for 0: [4d7b7b0b-d4b2-4e9e-949c-b3d401b8342c:192.168.157.234:44365, 837115f0-6bdf-4bb0-a918-7bab3585449b:192.168.157.234:40176, 9221d1d4-f927-4b56-ab16-f2eacc87aadd:192.168.157.234:40823], old=null
2019-09-26 16:36:59,217 [9221d1d4-f927-4b56-ab16-f2eacc87aadd@group-9108ADE1020B:LeaderElection26] INFO  impl.LeaderElection (LogUtils.java:infoOrTrace(149)) - 9221d1d4-f927-4b56-ab16-f2eacc87aadd@group-9108ADE1020B:LeaderElection26 got exception when requesting votes: {}
java.util.concurrent.ExecutionException: org.apache.ratis.thirdparty.io.grpc.StatusRuntimeException: UNAVAILABLE: io exception
	at java.util.concurrent.FutureTask.report(FutureTask.java:122)
	at java.util.concurrent.FutureTask.get(FutureTask.java:192)
	at org.apache.ratis.server.impl.LeaderElection.waitForResults(LeaderElection.java:263)
	at org.apache.ratis.server.impl.LeaderElection.askForVotes(LeaderElection.java:201)
	at org.apache.ratis.server.impl.LeaderElection.run(LeaderElection.java:133)
	at java.lang.Thread.run(Thread.java:748)
Caused by: org.apache.ratis.thirdparty.io.grpc.StatusRuntimeException: UNAVAILABLE: io exception
	at org.apache.ratis.thirdparty.io.grpc.stub.ClientCalls.toStatusRuntimeException(ClientCalls.java:233)
	at org.apache.ratis.thirdparty.io.grpc.stub.ClientCalls.getUnchecked(ClientCalls.java:214)
	at org.apache.ratis.thirdparty.io.grpc.stub.ClientCalls.blockingUnaryCall(ClientCalls.java:139)
	at org.apache.ratis.proto.grpc.RaftServerProtocolServiceGrpc$RaftServerProtocolServiceBlockingStub.requestVote(RaftServerProtocolServiceGrpc.java:265)
	at org.apache.ratis.grpc.server.GrpcServerProtocolClient.requestVote(GrpcServerProtocolClient.java:90)
	at org.apache.ratis.grpc.server.GrpcService.requestVote(GrpcService.java:204)
	at org.apache.ratis.server.impl.LeaderElection.lambda$submitRequests$1(LeaderElection.java:238)
	at java.util.concurrent.FutureTask.run(FutureTask.java:266)
	at java.util.concurrent.Executors$RunnableAdapter.call(Executors.java:511)
	at java.util.concurrent.FutureTask.run(FutureTask.java:266)
	at java.util.concurrent.ThreadPoolExecutor.runWorker(ThreadPoolExecutor.java:1149)
	at java.util.concurrent.ThreadPoolExecutor$Worker.run(ThreadPoolExecutor.java:624)
	... 1 more
Caused by: org.apache.ratis.thirdparty.io.netty.channel.AbstractChannel$AnnotatedConnectException: Connection refused: /192.168.157.234:40176
	at sun.nio.ch.SocketChannelImpl.checkConnect(Native Method)
	at sun.nio.ch.SocketChannelImpl.finishConnect(SocketChannelImpl.java:717)
	at org.apache.ratis.thirdparty.io.netty.channel.socket.nio.NioSocketChannel.doFinishConnect(NioSocketChannel.java:327)
	at org.apache.ratis.thirdparty.io.netty.channel.nio.AbstractNioChannel$AbstractNioUnsafe.finishConnect(AbstractNioChannel.java:340)
	at org.apache.ratis.thirdparty.io.netty.channel.nio.NioEventLoop.processSelectedKey(NioEventLoop.java:632)
	at org.apache.ratis.thirdparty.io.netty.channel.nio.NioEventLoop.processSelectedKeysOptimized(NioEventLoop.java:579)
	at org.apache.ratis.thirdparty.io.netty.channel.nio.NioEventLoop.processSelectedKeys(NioEventLoop.java:496)
	at org.apache.ratis.thirdparty.io.netty.channel.nio.NioEventLoop.run(NioEventLoop.java:458)
	at org.apache.ratis.thirdparty.io.netty.util.concurrent.SingleThreadEventExecutor$5.run(SingleThreadEventExecutor.java:897)
	at org.apache.ratis.thirdparty.io.netty.util.concurrent.FastThreadLocalRunnable.run(FastThreadLocalRunnable.java:30)
	... 1 more
Caused by: java.net.ConnectException: Connection refused
	... 11 more
2019-09-26 16:36:59,218 [9221d1d4-f927-4b56-ab16-f2eacc87aadd@group-9108ADE1020B:LeaderElection26] INFO  impl.LeaderElection (LogUtils.java:infoOrTrace(149)) - 9221d1d4-f927-4b56-ab16-f2eacc87aadd@group-9108ADE1020B:LeaderElection26 got exception when requesting votes: {}
java.util.concurrent.ExecutionException: org.apache.ratis.thirdparty.io.grpc.StatusRuntimeException: UNAVAILABLE: io exception
	at java.util.concurrent.FutureTask.report(FutureTask.java:122)
	at java.util.concurrent.FutureTask.get(FutureTask.java:192)
	at org.apache.ratis.server.impl.LeaderElection.waitForResults(LeaderElection.java:263)
	at org.apache.ratis.server.impl.LeaderElection.askForVotes(LeaderElection.java:201)
	at org.apache.ratis.server.impl.LeaderElection.run(LeaderElection.java:133)
	at java.lang.Thread.run(Thread.java:748)
Caused by: org.apache.ratis.thirdparty.io.grpc.StatusRuntimeException: UNAVAILABLE: io exception
	at org.apache.ratis.thirdparty.io.grpc.stub.ClientCalls.toStatusRuntimeException(ClientCalls.java:233)
	at org.apache.ratis.thirdparty.io.grpc.stub.ClientCalls.getUnchecked(ClientCalls.java:214)
	at org.apache.ratis.thirdparty.io.grpc.stub.ClientCalls.blockingUnaryCall(ClientCalls.java:139)
	at org.apache.ratis.proto.grpc.RaftServerProtocolServiceGrpc$RaftServerProtocolServiceBlockingStub.requestVote(RaftServerProtocolServiceGrpc.java:265)
	at org.apache.ratis.grpc.server.GrpcServerProtocolClient.requestVote(GrpcServerProtocolClient.java:90)
	at org.apache.ratis.grpc.server.GrpcService.requestVote(GrpcService.java:204)
	at org.apache.ratis.server.impl.LeaderElection.lambda$submitRequests$1(LeaderElection.java:238)
	at java.util.concurrent.FutureTask.run(FutureTask.java:266)
	at java.util.concurrent.Executors$RunnableAdapter.call(Executors.java:511)
	at java.util.concurrent.FutureTask.run(FutureTask.java:266)
	at java.util.concurrent.ThreadPoolExecutor.runWorker(ThreadPoolExecutor.java:1149)
	at java.util.concurrent.ThreadPoolExecutor$Worker.run(ThreadPoolExecutor.java:624)
	... 1 more
Caused by: org.apache.ratis.thirdparty.io.netty.channel.AbstractChannel$AnnotatedConnectException: Connection refused: /192.168.157.234:44365
	at sun.nio.ch.SocketChannelImpl.checkConnect(Native Method)
	at sun.nio.ch.SocketChannelImpl.finishConnect(SocketChannelImpl.java:717)
	at org.apache.ratis.thirdparty.io.netty.channel.socket.nio.NioSocketChannel.doFinishConnect(NioSocketChannel.java:327)
	at org.apache.ratis.thirdparty.io.netty.channel.nio.AbstractNioChannel$AbstractNioUnsafe.finishConnect(AbstractNioChannel.java:340)
	at org.apache.ratis.thirdparty.io.netty.channel.nio.NioEventLoop.processSelectedKey(NioEventLoop.java:632)
	at org.apache.ratis.thirdparty.io.netty.channel.nio.NioEventLoop.processSelectedKeysOptimized(NioEventLoop.java:579)
	at org.apache.ratis.thirdparty.io.netty.channel.nio.NioEventLoop.processSelectedKeys(NioEventLoop.java:496)
	at org.apache.ratis.thirdparty.io.netty.channel.nio.NioEventLoop.run(NioEventLoop.java:458)
	at org.apache.ratis.thirdparty.io.netty.util.concurrent.SingleThreadEventExecutor$5.run(SingleThreadEventExecutor.java:897)
	at org.apache.ratis.thirdparty.io.netty.util.concurrent.FastThreadLocalRunnable.run(FastThreadLocalRunnable.java:30)
	... 1 more
Caused by: java.net.ConnectException: Connection refused
	... 11 more
2019-09-26 16:36:59,220 [9221d1d4-f927-4b56-ab16-f2eacc87aadd@group-9108ADE1020B:LeaderElection26] INFO  impl.LeaderElection (LeaderElection.java:logAndReturn(56)) - 9221d1d4-f927-4b56-ab16-f2eacc87aadd@group-9108ADE1020B:LeaderElection26: Election REJECTED; received 0 response(s) [] and 2 exception(s); 9221d1d4-f927-4b56-ab16-f2eacc87aadd@group-9108ADE1020B:t5, leader=null, voted=9221d1d4-f927-4b56-ab16-f2eacc87aadd, raftlog=9221d1d4-f927-4b56-ab16-f2eacc87aadd@group-9108ADE1020B-SegmentedRaftLog:OPENED:c0,f0,i0, conf=0: [4d7b7b0b-d4b2-4e9e-949c-b3d401b8342c:192.168.157.234:44365, 837115f0-6bdf-4bb0-a918-7bab3585449b:192.168.157.234:40176, 9221d1d4-f927-4b56-ab16-f2eacc87aadd:192.168.157.234:40823], old=null
2019-09-26 16:36:59,220 [9221d1d4-f927-4b56-ab16-f2eacc87aadd@group-9108ADE1020B:LeaderElection26] INFO  impl.LeaderElection (LogUtils.java:infoOrTrace(149)) -   Exception 0: {}
java.util.concurrent.ExecutionException: org.apache.ratis.thirdparty.io.grpc.StatusRuntimeException: UNAVAILABLE: io exception
	at java.util.concurrent.FutureTask.report(FutureTask.java:122)
	at java.util.concurrent.FutureTask.get(FutureTask.java:192)
	at org.apache.ratis.server.impl.LeaderElection.waitForResults(LeaderElection.java:263)
	at org.apache.ratis.server.impl.LeaderElection.askForVotes(LeaderElection.java:201)
	at org.apache.ratis.server.impl.LeaderElection.run(LeaderElection.java:133)
	at java.lang.Thread.run(Thread.java:748)
Caused by: org.apache.ratis.thirdparty.io.grpc.StatusRuntimeException: UNAVAILABLE: io exception
	at org.apache.ratis.thirdparty.io.grpc.stub.ClientCalls.toStatusRuntimeException(ClientCalls.java:233)
	at org.apache.ratis.thirdparty.io.grpc.stub.ClientCalls.getUnchecked(ClientCalls.java:214)
	at org.apache.ratis.thirdparty.io.grpc.stub.ClientCalls.blockingUnaryCall(ClientCalls.java:139)
	at org.apache.ratis.proto.grpc.RaftServerProtocolServiceGrpc$RaftServerProtocolServiceBlockingStub.requestVote(RaftServerProtocolServiceGrpc.java:265)
	at org.apache.ratis.grpc.server.GrpcServerProtocolClient.requestVote(GrpcServerProtocolClient.java:90)
	at org.apache.ratis.grpc.server.GrpcService.requestVote(GrpcService.java:204)
	at org.apache.ratis.server.impl.LeaderElection.lambda$submitRequests$1(LeaderElection.java:238)
	at java.util.concurrent.FutureTask.run(FutureTask.java:266)
	at java.util.concurrent.Executors$RunnableAdapter.call(Executors.java:511)
	at java.util.concurrent.FutureTask.run(FutureTask.java:266)
	at java.util.concurrent.ThreadPoolExecutor.runWorker(ThreadPoolExecutor.java:1149)
	at java.util.concurrent.ThreadPoolExecutor$Worker.run(ThreadPoolExecutor.java:624)
	... 1 more
Caused by: org.apache.ratis.thirdparty.io.netty.channel.AbstractChannel$AnnotatedConnectException: Connection refused: /192.168.157.234:40176
	at sun.nio.ch.SocketChannelImpl.checkConnect(Native Method)
	at sun.nio.ch.SocketChannelImpl.finishConnect(SocketChannelImpl.java:717)
	at org.apache.ratis.thirdparty.io.netty.channel.socket.nio.NioSocketChannel.doFinishConnect(NioSocketChannel.java:327)
	at org.apache.ratis.thirdparty.io.netty.channel.nio.AbstractNioChannel$AbstractNioUnsafe.finishConnect(AbstractNioChannel.java:340)
	at org.apache.ratis.thirdparty.io.netty.channel.nio.NioEventLoop.processSelectedKey(NioEventLoop.java:632)
	at org.apache.ratis.thirdparty.io.netty.channel.nio.NioEventLoop.processSelectedKeysOptimized(NioEventLoop.java:579)
	at org.apache.ratis.thirdparty.io.netty.channel.nio.NioEventLoop.processSelectedKeys(NioEventLoop.java:496)
	at org.apache.ratis.thirdparty.io.netty.channel.nio.NioEventLoop.run(NioEventLoop.java:458)
	at org.apache.ratis.thirdparty.io.netty.util.concurrent.SingleThreadEventExecutor$5.run(SingleThreadEventExecutor.java:897)
	at org.apache.ratis.thirdparty.io.netty.util.concurrent.FastThreadLocalRunnable.run(FastThreadLocalRunnable.java:30)
	... 1 more
Caused by: java.net.ConnectException: Connection refused
	... 11 more
2019-09-26 16:36:59,221 [9221d1d4-f927-4b56-ab16-f2eacc87aadd@group-9108ADE1020B:LeaderElection26] INFO  impl.LeaderElection (LogUtils.java:infoOrTrace(149)) -   Exception 1: {}
java.util.concurrent.ExecutionException: org.apache.ratis.thirdparty.io.grpc.StatusRuntimeException: UNAVAILABLE: io exception
	at java.util.concurrent.FutureTask.report(FutureTask.java:122)
	at java.util.concurrent.FutureTask.get(FutureTask.java:192)
	at org.apache.ratis.server.impl.LeaderElection.waitForResults(LeaderElection.java:263)
	at org.apache.ratis.server.impl.LeaderElection.askForVotes(LeaderElection.java:201)
	at org.apache.ratis.server.impl.LeaderElection.run(LeaderElection.java:133)
	at java.lang.Thread.run(Thread.java:748)
Caused by: org.apache.ratis.thirdparty.io.grpc.StatusRuntimeException: UNAVAILABLE: io exception
	at org.apache.ratis.thirdparty.io.grpc.stub.ClientCalls.toStatusRuntimeException(ClientCalls.java:233)
	at org.apache.ratis.thirdparty.io.grpc.stub.ClientCalls.getUnchecked(ClientCalls.java:214)
	at org.apache.ratis.thirdparty.io.grpc.stub.ClientCalls.blockingUnaryCall(ClientCalls.java:139)
	at org.apache.ratis.proto.grpc.RaftServerProtocolServiceGrpc$RaftServerProtocolServiceBlockingStub.requestVote(RaftServerProtocolServiceGrpc.java:265)
	at org.apache.ratis.grpc.server.GrpcServerProtocolClient.requestVote(GrpcServerProtocolClient.java:90)
	at org.apache.ratis.grpc.server.GrpcService.requestVote(GrpcService.java:204)
	at org.apache.ratis.server.impl.LeaderElection.lambda$submitRequests$1(LeaderElection.java:238)
	at java.util.concurrent.FutureTask.run(FutureTask.java:266)
	at java.util.concurrent.Executors$RunnableAdapter.call(Executors.java:511)
	at java.util.concurrent.FutureTask.run(FutureTask.java:266)
	at java.util.concurrent.ThreadPoolExecutor.runWorker(ThreadPoolExecutor.java:1149)
	at java.util.concurrent.ThreadPoolExecutor$Worker.run(ThreadPoolExecutor.java:624)
	... 1 more
Caused by: org.apache.ratis.thirdparty.io.netty.channel.AbstractChannel$AnnotatedConnectException: Connection refused: /192.168.157.234:44365
	at sun.nio.ch.SocketChannelImpl.checkConnect(Native Method)
	at sun.nio.ch.SocketChannelImpl.finishConnect(SocketChannelImpl.java:717)
	at org.apache.ratis.thirdparty.io.netty.channel.socket.nio.NioSocketChannel.doFinishConnect(NioSocketChannel.java:327)
	at org.apache.ratis.thirdparty.io.netty.channel.nio.AbstractNioChannel$AbstractNioUnsafe.finishConnect(AbstractNioChannel.java:340)
	at org.apache.ratis.thirdparty.io.netty.channel.nio.NioEventLoop.processSelectedKey(NioEventLoop.java:632)
	at org.apache.ratis.thirdparty.io.netty.channel.nio.NioEventLoop.processSelectedKeysOptimized(NioEventLoop.java:579)
	at org.apache.ratis.thirdparty.io.netty.channel.nio.NioEventLoop.processSelectedKeys(NioEventLoop.java:496)
	at org.apache.ratis.thirdparty.io.netty.channel.nio.NioEventLoop.run(NioEventLoop.java:458)
	at org.apache.ratis.thirdparty.io.netty.util.concurrent.SingleThreadEventExecutor$5.run(SingleThreadEventExecutor.java:897)
	at org.apache.ratis.thirdparty.io.netty.util.concurrent.FastThreadLocalRunnable.run(FastThreadLocalRunnable.java:30)
	... 1 more
Caused by: java.net.ConnectException: Connection refused
	... 11 more
2019-09-26 16:36:59,222 [9221d1d4-f927-4b56-ab16-f2eacc87aadd@group-9108ADE1020B:LeaderElection26] INFO  impl.RaftServerImpl (RaftServerImpl.java:setRole(174)) - 9221d1d4-f927-4b56-ab16-f2eacc87aadd@group-9108ADE1020B: changes role from CANDIDATE to FOLLOWER at term 5 for DISCOVERED_A_NEW_TERM
2019-09-26 16:36:59,223 [9221d1d4-f927-4b56-ab16-f2eacc87aadd@group-9108ADE1020B:LeaderElection26] INFO  impl.RoleInfo (RoleInfo.java:shutdownLeaderElection(134)) - 9221d1d4-f927-4b56-ab16-f2eacc87aadd: shutdown LeaderElection
2019-09-26 16:36:59,223 [9221d1d4-f927-4b56-ab16-f2eacc87aadd@group-9108ADE1020B:LeaderElection26] INFO  impl.RoleInfo (RoleInfo.java:updateAndGet(143)) - 9221d1d4-f927-4b56-ab16-f2eacc87aadd: start FollowerState
2019-09-26 16:36:59,589 [grpc-default-executor-0] WARN  server.GrpcLogAppender (LogUtils.java:warn(134)) - 2d203acc-2876-43cc-a645-52d5b2311198@group-185BD4C38C74->f9bb6cb5-24ba-4926-b442-6d897d5c3f6a-AppendLogResponseHandler: Failed appendEntries: org.apache.ratis.thirdparty.io.grpc.StatusRuntimeException: UNAVAILABLE: io exception
2019-09-26 16:36:59,592 [grpc-default-executor-0] INFO  impl.FollowerInfo (FollowerInfo.java:lambda$new$0(51)) - 2d203acc-2876-43cc-a645-52d5b2311198@group-185BD4C38C74->f9bb6cb5-24ba-4926-b442-6d897d5c3f6a: nextIndex: updateUnconditionally 0 -> 0
2019-09-26 16:36:59,634 [grpc-default-executor-6] WARN  server.GrpcLogAppender (LogUtils.java:warn(134)) - 2d203acc-2876-43cc-a645-52d5b2311198@group-185BD4C38C74->543c4478-56da-43d0-bc7b-befbdfd1ac53-AppendLogResponseHandler: Failed appendEntries: org.apache.ratis.thirdparty.io.grpc.StatusRuntimeException: UNAVAILABLE: io exception
2019-09-26 16:36:59,635 [grpc-default-executor-6] INFO  impl.FollowerInfo (FollowerInfo.java:lambda$new$0(51)) - 2d203acc-2876-43cc-a645-52d5b2311198@group-185BD4C38C74->543c4478-56da-43d0-bc7b-befbdfd1ac53: nextIndex: updateUnconditionally 0 -> 0
2019-09-26 16:36:59,955 [main] INFO  ozoneimpl.OzoneContainer (OzoneContainer.java:stop(231)) - Attempting to stop container services.
2019-09-26 16:36:59,957 [main] INFO  impl.RaftServerProxy (RaftServerProxy.java:lambda$close$4(314)) - 2d203acc-2876-43cc-a645-52d5b2311198: close
2019-09-26 16:36:59,957 [main] INFO  impl.RaftServerImpl (RaftServerImpl.java:lambda$shutdown$3(251)) - 2d203acc-2876-43cc-a645-52d5b2311198@group-E7BE835810E1: shutdown
2019-09-26 16:36:59,958 [main] INFO  util.JmxRegister (JmxRegister.java:unregister(73)) - Successfully un-registered JMX Bean with object name Ratis:service=RaftServer,group=group-E7BE835810E1,id=2d203acc-2876-43cc-a645-52d5b2311198
2019-09-26 16:36:59,958 [main] INFO  impl.RoleInfo (RoleInfo.java:shutdownLeaderState(104)) - 2d203acc-2876-43cc-a645-52d5b2311198: shutdown LeaderState
2019-09-26 16:36:59,959 [main] INFO  impl.PendingRequests (PendingRequests.java:sendNotLeaderResponses(202)) - 2d203acc-2876-43cc-a645-52d5b2311198-PendingRequests: sendNotLeaderResponses
2019-09-26 16:36:59,960 [main] INFO  impl.StateMachineUpdater (StateMachineUpdater.java:stopAndJoin(125)) - 2d203acc-2876-43cc-a645-52d5b2311198@group-E7BE835810E1-StateMachineUpdater: set stopIndex = 0
2019-09-26 16:36:59,966 [main] INFO  impl.RaftServerImpl (ServerState.java:close(385)) - 2d203acc-2876-43cc-a645-52d5b2311198@group-E7BE835810E1: closes. applyIndex: 0
2019-09-26 16:36:59,967 [2d203acc-2876-43cc-a645-52d5b2311198@group-E7BE835810E1-SegmentedRaftLogWorker] INFO  segmented.SegmentedRaftLogWorker (SegmentedRaftLogWorker.java:run(313)) - 2d203acc-2876-43cc-a645-52d5b2311198@group-E7BE835810E1-SegmentedRaftLogWorker was interrupted, exiting. There are 0 tasks remaining in the queue.
2019-09-26 16:36:59,968 [main] INFO  segmented.SegmentedRaftLogWorker (SegmentedRaftLogWorker.java:close(228)) - 2d203acc-2876-43cc-a645-52d5b2311198@group-E7BE835810E1-SegmentedRaftLogWorker close()
2019-09-26 16:36:59,969 [main] INFO  impl.RaftServerImpl (RaftServerImpl.java:lambda$shutdown$3(251)) - 2d203acc-2876-43cc-a645-52d5b2311198@group-185BD4C38C74: shutdown
2019-09-26 16:36:59,970 [main] INFO  util.JmxRegister (JmxRegister.java:unregister(73)) - Successfully un-registered JMX Bean with object name Ratis:service=RaftServer,group=group-185BD4C38C74,id=2d203acc-2876-43cc-a645-52d5b2311198
2019-09-26 16:36:59,970 [ForkJoinPool.commonPool-worker-0] INFO  ozoneimpl.OzoneContainer (OzoneContainer.java:stop(231)) - Attempting to stop container services.
2019-09-26 16:36:59,971 [main] INFO  impl.RoleInfo (RoleInfo.java:shutdownLeaderState(104)) - 2d203acc-2876-43cc-a645-52d5b2311198: shutdown LeaderState
2019-09-26 16:36:59,971 [ForkJoinPool.commonPool-worker-0] INFO  impl.RaftServerProxy (RaftServerProxy.java:lambda$close$4(314)) - 9221d1d4-f927-4b56-ab16-f2eacc87aadd: close
2019-09-26 16:36:59,974 [org.apache.ratis.server.impl.LogAppender$AppenderDaemon$$Lambda$414/452738001@75ff13f2] WARN  server.GrpcLogAppender (GrpcLogAppender.java:mayWait(143)) - 2d203acc-2876-43cc-a645-52d5b2311198@group-185BD4C38C74->543c4478-56da-43d0-bc7b-befbdfd1ac53-GrpcLogAppender: Wait interrupted by java.lang.InterruptedException
2019-09-26 16:36:59,974 [org.apache.ratis.server.impl.LogAppender$AppenderDaemon$$Lambda$414/452738001@60e8a78c] WARN  server.GrpcLogAppender (GrpcLogAppender.java:mayWait(143)) - 2d203acc-2876-43cc-a645-52d5b2311198@group-185BD4C38C74->f9bb6cb5-24ba-4926-b442-6d897d5c3f6a-GrpcLogAppender: Wait interrupted by java.lang.InterruptedException
2019-09-26 16:36:59,974 [main] INFO  impl.PendingRequests (PendingRequests.java:sendNotLeaderResponses(202)) - 2d203acc-2876-43cc-a645-52d5b2311198-PendingRequests: sendNotLeaderResponses
2019-09-26 16:36:59,974 [ForkJoinPool.commonPool-worker-0] INFO  impl.RaftServerImpl (RaftServerImpl.java:lambda$shutdown$3(251)) - 9221d1d4-f927-4b56-ab16-f2eacc87aadd@group-9108ADE1020B: shutdown
2019-09-26 16:36:59,975 [main] INFO  impl.StateMachineUpdater (StateMachineUpdater.java:stopAndJoin(125)) - 2d203acc-2876-43cc-a645-52d5b2311198@group-185BD4C38C74-StateMachineUpdater: set stopIndex = 0
2019-09-26 16:36:59,976 [main] INFO  impl.RaftServerImpl (ServerState.java:close(385)) - 2d203acc-2876-43cc-a645-52d5b2311198@group-185BD4C38C74: closes. applyIndex: 0
2019-09-26 16:36:59,975 [ForkJoinPool.commonPool-worker-0] INFO  util.JmxRegister (JmxRegister.java:unregister(73)) - Successfully un-registered JMX Bean with object name Ratis:service=RaftServer,group=group-9108ADE1020B,id=9221d1d4-f927-4b56-ab16-f2eacc87aadd
2019-09-26 16:36:59,976 [2d203acc-2876-43cc-a645-52d5b2311198@group-185BD4C38C74-SegmentedRaftLogWorker] INFO  segmented.SegmentedRaftLogWorker (SegmentedRaftLogWorker.java:run(313)) - 2d203acc-2876-43cc-a645-52d5b2311198@group-185BD4C38C74-SegmentedRaftLogWorker was interrupted, exiting. There are 0 tasks remaining in the queue.
2019-09-26 16:36:59,976 [ForkJoinPool.commonPool-worker-0] INFO  impl.RoleInfo (RoleInfo.java:shutdownFollowerState(121)) - 9221d1d4-f927-4b56-ab16-f2eacc87aadd: shutdown FollowerState
2019-09-26 16:36:59,977 [main] INFO  segmented.SegmentedRaftLogWorker (SegmentedRaftLogWorker.java:close(228)) - 2d203acc-2876-43cc-a645-52d5b2311198@group-185BD4C38C74-SegmentedRaftLogWorker close()
2019-09-26 16:36:59,977 [Thread-1894] INFO  impl.FollowerState (FollowerState.java:run(115)) - 9221d1d4-f927-4b56-ab16-f2eacc87aadd: FollowerState was interrupted: java.lang.InterruptedException: sleep interrupted
2019-09-26 16:36:59,977 [ForkJoinPool.commonPool-worker-0] INFO  impl.StateMachineUpdater (StateMachineUpdater.java:stopAndJoin(125)) - 9221d1d4-f927-4b56-ab16-f2eacc87aadd@group-9108ADE1020B-StateMachineUpdater: set stopIndex = 0
2019-09-26 16:36:59,980 [main] INFO  server.GrpcService (GrpcService.java:closeImpl(164)) - 2d203acc-2876-43cc-a645-52d5b2311198: shutdown server with port 38739 now
2019-09-26 16:36:59,980 [ForkJoinPool.commonPool-worker-0] INFO  impl.RaftServerImpl (ServerState.java:close(385)) - 9221d1d4-f927-4b56-ab16-f2eacc87aadd@group-9108ADE1020B: closes. applyIndex: 0
2019-09-26 16:36:59,981 [main] INFO  server.GrpcService (GrpcService.java:closeImpl(172)) - 2d203acc-2876-43cc-a645-52d5b2311198: shutdown server with port 38739 successfully
2019-09-26 16:36:59,981 [9221d1d4-f927-4b56-ab16-f2eacc87aadd@group-9108ADE1020B-SegmentedRaftLogWorker] INFO  segmented.SegmentedRaftLogWorker (SegmentedRaftLogWorker.java:run(313)) - 9221d1d4-f927-4b56-ab16-f2eacc87aadd@group-9108ADE1020B-SegmentedRaftLogWorker was interrupted, exiting. There are 0 tasks remaining in the queue.
2019-09-26 16:36:59,982 [ForkJoinPool.commonPool-worker-0] INFO  segmented.SegmentedRaftLogWorker (SegmentedRaftLogWorker.java:close(228)) - 9221d1d4-f927-4b56-ab16-f2eacc87aadd@group-9108ADE1020B-SegmentedRaftLogWorker close()
2019-09-26 16:36:59,983 [ForkJoinPool.commonPool-worker-0] INFO  impl.RaftServerImpl (RaftServerImpl.java:lambda$shutdown$3(251)) - 9221d1d4-f927-4b56-ab16-f2eacc87aadd@group-161A8171FEDD: shutdown
2019-09-26 16:36:59,984 [ForkJoinPool.commonPool-worker-0] INFO  util.JmxRegister (JmxRegister.java:unregister(73)) - Successfully un-registered JMX Bean with object name Ratis:service=RaftServer,group=group-161A8171FEDD,id=9221d1d4-f927-4b56-ab16-f2eacc87aadd
2019-09-26 16:36:59,984 [ForkJoinPool.commonPool-worker-0] INFO  impl.RoleInfo (RoleInfo.java:shutdownLeaderState(104)) - 9221d1d4-f927-4b56-ab16-f2eacc87aadd: shutdown LeaderState
2019-09-26 16:36:59,984 [ForkJoinPool.commonPool-worker-0] INFO  impl.PendingRequests (PendingRequests.java:sendNotLeaderResponses(202)) - 9221d1d4-f927-4b56-ab16-f2eacc87aadd-PendingRequests: sendNotLeaderResponses
2019-09-26 16:36:59,984 [refreshUsed-/workdir/hadoop-ozone/integration-test/target/test-dir/MiniOzoneClusterImpl-b5ca4ec9-472d-464d-82c8-bb75eaf95e3a/datanode-7/data/containers] WARN  fs.CachingGetSpaceUsed (CachingGetSpaceUsed.java:run(183)) - Thread Interrupted waiting to refresh disk information: sleep interrupted
2019-09-26 16:36:59,985 [ForkJoinPool.commonPool-worker-0] INFO  impl.StateMachineUpdater (StateMachineUpdater.java:stopAndJoin(125)) - 9221d1d4-f927-4b56-ab16-f2eacc87aadd@group-161A8171FEDD-StateMachineUpdater: set stopIndex = 0
2019-09-26 16:36:59,985 [ForkJoinPool.commonPool-worker-0] INFO  impl.RaftServerImpl (ServerState.java:close(385)) - 9221d1d4-f927-4b56-ab16-f2eacc87aadd@group-161A8171FEDD: closes. applyIndex: 0
2019-09-26 16:36:59,986 [9221d1d4-f927-4b56-ab16-f2eacc87aadd@group-161A8171FEDD-SegmentedRaftLogWorker] INFO  segmented.SegmentedRaftLogWorker (SegmentedRaftLogWorker.java:run(313)) - 9221d1d4-f927-4b56-ab16-f2eacc87aadd@group-161A8171FEDD-SegmentedRaftLogWorker was interrupted, exiting. There are 0 tasks remaining in the queue.
2019-09-26 16:36:59,986 [ForkJoinPool.commonPool-worker-0] INFO  segmented.SegmentedRaftLogWorker (SegmentedRaftLogWorker.java:close(228)) - 9221d1d4-f927-4b56-ab16-f2eacc87aadd@group-161A8171FEDD-SegmentedRaftLogWorker close()
2019-09-26 16:36:59,988 [ForkJoinPool.commonPool-worker-0] INFO  server.GrpcService (GrpcService.java:closeImpl(164)) - 9221d1d4-f927-4b56-ab16-f2eacc87aadd: shutdown server with port 40823 now
2019-09-26 16:36:59,988 [ForkJoinPool.commonPool-worker-0] INFO  server.GrpcService (GrpcService.java:closeImpl(172)) - 9221d1d4-f927-4b56-ab16-f2eacc87aadd: shutdown server with port 40823 successfully
2019-09-26 16:37:00,002 [refreshUsed-/workdir/hadoop-ozone/integration-test/target/test-dir/MiniOzoneClusterImpl-b5ca4ec9-472d-464d-82c8-bb75eaf95e3a/datanode-1/data/containers] WARN  fs.CachingGetSpaceUsed (CachingGetSpaceUsed.java:run(183)) - Thread Interrupted waiting to refresh disk information: sleep interrupted
2019-09-26 16:37:00,010 [main] INFO  utils.BackgroundService (BackgroundService.java:shutdown(148)) - Shutting down service BlockDeletingService
2019-09-26 16:37:00,013 [main] INFO  statemachine.DatanodeStateMachine (DatanodeStateMachine.java:stopDaemon(395)) - Ozone container server stopped.
2019-09-26 16:37:00,015 [main] INFO  handler.ContextHandler (ContextHandler.java:doStop(910)) - Stopped o.e.j.w.WebAppContext@1947596f{/,null,UNAVAILABLE}{/hddsDatanode}
2019-09-26 16:37:00,016 [main] INFO  server.AbstractConnector (AbstractConnector.java:doStop(318)) - Stopped ServerConnector@3078cac{HTTP/1.1,[http/1.1]}{0.0.0.0:0}
2019-09-26 16:37:00,016 [main] INFO  handler.ContextHandler (ContextHandler.java:doStop(910)) - Stopped o.e.j.s.ServletContextHandler@ae202c6{/static,jar:file:/home/user/.m2/repository/org/apache/hadoop/hadoop-hdds-container-service/0.5.0-SNAPSHOT/hadoop-hdds-container-service-0.5.0-SNAPSHOT.jar!/webapps/static,UNAVAILABLE}
2019-09-26 16:37:00,017 [main] INFO  handler.ContextHandler (ContextHandler.java:doStop(910)) - Stopped o.e.j.s.ServletContextHandler@1a96d94c{/logs,file:///workdir/hadoop-ozone/integration-test/target/log,UNAVAILABLE}
2019-09-26 16:37:00,021 [ForkJoinPool.commonPool-worker-0] INFO  utils.BackgroundService (BackgroundService.java:shutdown(148)) - Shutting down service BlockDeletingService
2019-09-26 16:37:00,024 [ForkJoinPool.commonPool-worker-0] INFO  statemachine.DatanodeStateMachine (DatanodeStateMachine.java:stopDaemon(395)) - Ozone container server stopped.
2019-09-26 16:37:00,027 [ForkJoinPool.commonPool-worker-0] INFO  handler.ContextHandler (ContextHandler.java:doStop(910)) - Stopped o.e.j.w.WebAppContext@5b5e7036{/,null,UNAVAILABLE}{/hddsDatanode}
2019-09-26 16:37:00,028 [ForkJoinPool.commonPool-worker-0] INFO  server.AbstractConnector (AbstractConnector.java:doStop(318)) - Stopped ServerConnector@62dbe64e{HTTP/1.1,[http/1.1]}{0.0.0.0:0}
2019-09-26 16:37:00,029 [ForkJoinPool.commonPool-worker-0] INFO  handler.ContextHandler (ContextHandler.java:doStop(910)) - Stopped o.e.j.s.ServletContextHandler@3bbf841e{/static,jar:file:/home/user/.m2/repository/org/apache/hadoop/hadoop-hdds-container-service/0.5.0-SNAPSHOT/hadoop-hdds-container-service-0.5.0-SNAPSHOT.jar!/webapps/static,UNAVAILABLE}
2019-09-26 16:37:00,030 [ForkJoinPool.commonPool-worker-0] INFO  handler.ContextHandler (ContextHandler.java:doStop(910)) - Stopped o.e.j.s.ServletContextHandler@5679e96b{/logs,file:///workdir/hadoop-ozone/integration-test/target/log,UNAVAILABLE}
2019-09-26 16:37:00,031 [main] INFO  ozone.MiniOzoneClusterImpl (MiniOzoneClusterImpl.java:stopSCM(392)) - Stopping the StorageContainerManager
2019-09-26 16:37:00,032 [main] INFO  server.StorageContainerManager (StorageContainerManager.java:stop(808)) - Stopping Replication Manager Service.
2019-09-26 16:37:00,032 [main] INFO  container.ReplicationManager (ReplicationManager.java:stop(203)) - Stopping Replication Monitor Thread.
2019-09-26 16:37:00,032 [main] INFO  server.StorageContainerManager (StorageContainerManager.java:stop(815)) - Stopping Lease Manager of the command watchers
2019-09-26 16:37:00,033 [main] INFO  server.StorageContainerManager (StorageContainerManager.java:stop(822)) - Stopping datanode service RPC server
2019-09-26 16:37:00,033 [main] INFO  server.SCMDatanodeProtocolServer (SCMDatanodeProtocolServer.java:stop(367)) - Stopping the RPC server for DataNodes
2019-09-26 16:37:00,033 [main] INFO  ipc.Server (Server.java:stop(3082)) - Stopping server on 34880
2019-09-26 16:37:00,035 [IPC Server listener on 34880] INFO  ipc.Server (Server.java:run(1185)) - Stopping IPC Server listener on 34880
2019-09-26 16:37:00,036 [IPC Server Responder] INFO  ipc.Server (Server.java:run(1319)) - Stopping IPC Server Responder
2019-09-26 16:37:00,040 [SCM Heartbeat Processing Thread - 0] WARN  node.NodeStateManager (NodeStateManager.java:scheduleNextHealthCheck(646)) - Current Thread is interrupted, shutting down HB processing thread for Node Manager.
2019-09-26 16:37:00,040 [main] INFO  server.StorageContainerManager (StorageContainerManager.java:stop(830)) - Stopping block service RPC server
2019-09-26 16:37:00,041 [main] INFO  server.SCMBlockProtocolServer (SCMBlockProtocolServer.java:stop(155)) - Stopping the RPC server for Block Protocol
2019-09-26 16:37:00,041 [main] INFO  ipc.Server (Server.java:stop(3082)) - Stopping server on 33616
2019-09-26 16:37:00,043 [IPC Server listener on 33616] INFO  ipc.Server (Server.java:run(1185)) - Stopping IPC Server listener on 33616
2019-09-26 16:37:00,043 [main] INFO  server.StorageContainerManager (StorageContainerManager.java:stop(837)) - Stopping the StorageContainerLocationProtocol RPC server
2019-09-26 16:37:00,043 [IPC Server Responder] INFO  ipc.Server (Server.java:run(1319)) - Stopping IPC Server Responder
2019-09-26 16:37:00,043 [main] INFO  server.SCMClientProtocolServer (SCMClientProtocolServer.java:stop(159)) - Stopping the RPC server for Client Protocol
2019-09-26 16:37:00,044 [main] INFO  ipc.Server (Server.java:stop(3082)) - Stopping server on 37578
2019-09-26 16:37:00,046 [IPC Server listener on 37578] INFO  ipc.Server (Server.java:run(1185)) - Stopping IPC Server listener on 37578
2019-09-26 16:37:00,046 [main] INFO  server.StorageContainerManager (StorageContainerManager.java:stop(844)) - Stopping Storage Container Manager HTTP server.
2019-09-26 16:37:00,047 [IPC Server Responder] INFO  ipc.Server (Server.java:run(1319)) - Stopping IPC Server Responder
2019-09-26 16:37:00,047 [main] INFO  handler.ContextHandler (ContextHandler.java:doStop(910)) - Stopped o.e.j.w.WebAppContext@660e9100{/,null,UNAVAILABLE}{/scm}
2019-09-26 16:37:00,048 [main] INFO  server.AbstractConnector (AbstractConnector.java:doStop(318)) - Stopped ServerConnector@5aabbb29{HTTP/1.1,[http/1.1]}{0.0.0.0:0}
2019-09-26 16:37:00,048 [main] INFO  handler.ContextHandler (ContextHandler.java:doStop(910)) - Stopped o.e.j.s.ServletContextHandler@1d131e1b{/static,file:///workdir/hadoop-ozone/integration-test/target/test-classes/webapps/static,UNAVAILABLE}
2019-09-26 16:37:00,049 [main] INFO  handler.ContextHandler (ContextHandler.java:doStop(910)) - Stopped o.e.j.s.ServletContextHandler@2f17e30d{/logs,file:///workdir/hadoop-ozone/integration-test/target/log,UNAVAILABLE}
2019-09-26 16:37:00,050 [main] INFO  server.StorageContainerManager (StorageContainerManager.java:stop(855)) - Stopping Block Manager Service.
2019-09-26 16:37:00,050 [main] INFO  utils.BackgroundService (BackgroundService.java:shutdown(148)) - Shutting down service SCMBlockDeletingService
2019-09-26 16:37:00,051 [main] INFO  utils.BackgroundService (BackgroundService.java:shutdown(148)) - Shutting down service SCMBlockDeletingService
2019-09-26 16:37:00,052 [main] INFO  server.StorageContainerManager (StorageContainerManager.java:stop(877)) - Stopping SCM Event Queue.
2019-09-26 16:37:00,060 [main] INFO  impl.MetricsSystemImpl (MetricsSystemImpl.java:stop(210)) - Stopping ratis metrics system...
2019-09-26 16:37:00,072 [prometheus] INFO  impl.MetricsSinkAdapter (MetricsSinkAdapter.java:publishMetricsFromQueue(141)) - prometheus thread interrupted.
2019-09-26 16:37:00,072 [main] INFO  impl.MetricsSystemImpl (MetricsSystemImpl.java:stop(216)) - ratis metrics system stopped.
]]></system-out>
    <system-err><![CDATA[ERROR StatusLogger No Log4j 2 configuration file found. Using default configuration (logging only errors to the console), or user programmatically provided configurations. Set system property 'log4j2.debug' to show Log4j 2 internal initialization logging. See https://logging.apache.org/log4j/2.x/manual/configuration.html for instructions on how to configure Log4j 2
Sep 26, 2019 4:36:39 PM org.apache.ratis.thirdparty.io.grpc.internal.SerializingExecutor run
SEVERE: Exception while executing runnable org.apache.ratis.thirdparty.io.grpc.internal.ServerImpl$JumpToApplicationThreadServerStreamListener$1Closed@33c32d5c
org.apache.ratis.thirdparty.io.grpc.StatusRuntimeException: CANCELLED: call already cancelled
	at org.apache.ratis.thirdparty.io.grpc.Status.asRuntimeException(Status.java:517)
	at org.apache.ratis.thirdparty.io.grpc.stub.ServerCalls$ServerCallStreamObserverImpl.onCompleted(ServerCalls.java:356)
	at org.apache.ratis.grpc.server.GrpcServerProtocolService$ServerRequestStreamObserver.onError(GrpcServerProtocolService.java:121)
	at org.apache.ratis.thirdparty.io.grpc.stub.ServerCalls$StreamingServerCallHandler$StreamingServerCallListener.onCancel(ServerCalls.java:269)
	at org.apache.ratis.thirdparty.io.grpc.internal.ServerCallImpl$ServerStreamListenerImpl.closed(ServerCallImpl.java:293)
	at org.apache.ratis.thirdparty.io.grpc.internal.ServerImpl$JumpToApplicationThreadServerStreamListener$1Closed.runInContext(ServerImpl.java:741)
	at org.apache.ratis.thirdparty.io.grpc.internal.ContextRunnable.run(ContextRunnable.java:37)
	at org.apache.ratis.thirdparty.io.grpc.internal.SerializingExecutor.run(SerializingExecutor.java:123)
	at java.util.concurrent.ThreadPoolExecutor.runWorker(ThreadPoolExecutor.java:1149)
	at java.util.concurrent.ThreadPoolExecutor$Worker.run(ThreadPoolExecutor.java:624)
	at java.lang.Thread.run(Thread.java:748)

Sep 26, 2019 4:36:39 PM org.apache.ratis.thirdparty.io.grpc.internal.SerializingExecutor run
SEVERE: Exception while executing runnable org.apache.ratis.thirdparty.io.grpc.internal.ServerImpl$JumpToApplicationThreadServerStreamListener$1Closed@4bb12766
org.apache.ratis.thirdparty.io.grpc.StatusRuntimeException: CANCELLED: call already cancelled
	at org.apache.ratis.thirdparty.io.grpc.Status.asRuntimeException(Status.java:517)
	at org.apache.ratis.thirdparty.io.grpc.stub.ServerCalls$ServerCallStreamObserverImpl.onCompleted(ServerCalls.java:356)
	at org.apache.ratis.grpc.server.GrpcServerProtocolService$ServerRequestStreamObserver.onError(GrpcServerProtocolService.java:121)
	at org.apache.ratis.thirdparty.io.grpc.stub.ServerCalls$StreamingServerCallHandler$StreamingServerCallListener.onCancel(ServerCalls.java:269)
	at org.apache.ratis.thirdparty.io.grpc.internal.ServerCallImpl$ServerStreamListenerImpl.closed(ServerCallImpl.java:293)
	at org.apache.ratis.thirdparty.io.grpc.internal.ServerImpl$JumpToApplicationThreadServerStreamListener$1Closed.runInContext(ServerImpl.java:741)
	at org.apache.ratis.thirdparty.io.grpc.internal.ContextRunnable.run(ContextRunnable.java:37)
	at org.apache.ratis.thirdparty.io.grpc.internal.SerializingExecutor.run(SerializingExecutor.java:123)
	at java.util.concurrent.ThreadPoolExecutor.runWorker(ThreadPoolExecutor.java:1149)
	at java.util.concurrent.ThreadPoolExecutor$Worker.run(ThreadPoolExecutor.java:624)
	at java.lang.Thread.run(Thread.java:748)

Sep 26, 2019 4:36:44 PM org.apache.ratis.thirdparty.io.grpc.internal.SerializingExecutor run
SEVERE: Exception while executing runnable org.apache.ratis.thirdparty.io.grpc.internal.ServerImpl$JumpToApplicationThreadServerStreamListener$1Closed@2b212e47
org.apache.ratis.thirdparty.io.grpc.StatusRuntimeException: CANCELLED: call already cancelled
	at org.apache.ratis.thirdparty.io.grpc.Status.asRuntimeException(Status.java:517)
	at org.apache.ratis.thirdparty.io.grpc.stub.ServerCalls$ServerCallStreamObserverImpl.onCompleted(ServerCalls.java:356)
	at org.apache.ratis.grpc.server.GrpcServerProtocolService$ServerRequestStreamObserver.onError(GrpcServerProtocolService.java:121)
	at org.apache.ratis.thirdparty.io.grpc.stub.ServerCalls$StreamingServerCallHandler$StreamingServerCallListener.onCancel(ServerCalls.java:269)
	at org.apache.ratis.thirdparty.io.grpc.internal.ServerCallImpl$ServerStreamListenerImpl.closed(ServerCallImpl.java:293)
	at org.apache.ratis.thirdparty.io.grpc.internal.ServerImpl$JumpToApplicationThreadServerStreamListener$1Closed.runInContext(ServerImpl.java:741)
	at org.apache.ratis.thirdparty.io.grpc.internal.ContextRunnable.run(ContextRunnable.java:37)
	at org.apache.ratis.thirdparty.io.grpc.internal.SerializingExecutor.run(SerializingExecutor.java:123)
	at java.util.concurrent.ThreadPoolExecutor.runWorker(ThreadPoolExecutor.java:1149)
	at java.util.concurrent.ThreadPoolExecutor$Worker.run(ThreadPoolExecutor.java:624)
	at java.lang.Thread.run(Thread.java:748)

Sep 26, 2019 4:36:44 PM org.apache.ratis.thirdparty.io.grpc.internal.SerializingExecutor run
SEVERE: Exception while executing runnable org.apache.ratis.thirdparty.io.grpc.internal.ServerImpl$JumpToApplicationThreadServerStreamListener$1Closed@7e134a86
org.apache.ratis.thirdparty.io.grpc.StatusRuntimeException: CANCELLED: call already cancelled
	at org.apache.ratis.thirdparty.io.grpc.Status.asRuntimeException(Status.java:517)
	at org.apache.ratis.thirdparty.io.grpc.stub.ServerCalls$ServerCallStreamObserverImpl.onCompleted(ServerCalls.java:356)
	at org.apache.ratis.grpc.server.GrpcServerProtocolService$ServerRequestStreamObserver.onError(GrpcServerProtocolService.java:121)
	at org.apache.ratis.thirdparty.io.grpc.stub.ServerCalls$StreamingServerCallHandler$StreamingServerCallListener.onCancel(ServerCalls.java:269)
	at org.apache.ratis.thirdparty.io.grpc.internal.ServerCallImpl$ServerStreamListenerImpl.closed(ServerCallImpl.java:293)
	at org.apache.ratis.thirdparty.io.grpc.internal.ServerImpl$JumpToApplicationThreadServerStreamListener$1Closed.runInContext(ServerImpl.java:741)
	at org.apache.ratis.thirdparty.io.grpc.internal.ContextRunnable.run(ContextRunnable.java:37)
	at org.apache.ratis.thirdparty.io.grpc.internal.SerializingExecutor.run(SerializingExecutor.java:123)
	at java.util.concurrent.ThreadPoolExecutor.runWorker(ThreadPoolExecutor.java:1149)
	at java.util.concurrent.ThreadPoolExecutor$Worker.run(ThreadPoolExecutor.java:624)
	at java.lang.Thread.run(Thread.java:748)

Sep 26, 2019 4:36:49 PM org.apache.ratis.thirdparty.io.grpc.internal.SerializingExecutor run
SEVERE: Exception while executing runnable org.apache.ratis.thirdparty.io.grpc.internal.ServerImpl$JumpToApplicationThreadServerStreamListener$1Closed@35a03621
org.apache.ratis.thirdparty.io.grpc.StatusRuntimeException: CANCELLED: call already cancelled
	at org.apache.ratis.thirdparty.io.grpc.Status.asRuntimeException(Status.java:517)
	at org.apache.ratis.thirdparty.io.grpc.stub.ServerCalls$ServerCallStreamObserverImpl.onCompleted(ServerCalls.java:356)
	at org.apache.ratis.grpc.server.GrpcServerProtocolService$ServerRequestStreamObserver.onError(GrpcServerProtocolService.java:121)
	at org.apache.ratis.thirdparty.io.grpc.stub.ServerCalls$StreamingServerCallHandler$StreamingServerCallListener.onCancel(ServerCalls.java:269)
	at org.apache.ratis.thirdparty.io.grpc.internal.ServerCallImpl$ServerStreamListenerImpl.closed(ServerCallImpl.java:293)
	at org.apache.ratis.thirdparty.io.grpc.internal.ServerImpl$JumpToApplicationThreadServerStreamListener$1Closed.runInContext(ServerImpl.java:741)
	at org.apache.ratis.thirdparty.io.grpc.internal.ContextRunnable.run(ContextRunnable.java:37)
	at org.apache.ratis.thirdparty.io.grpc.internal.SerializingExecutor.run(SerializingExecutor.java:123)
	at java.util.concurrent.ThreadPoolExecutor.runWorker(ThreadPoolExecutor.java:1149)
	at java.util.concurrent.ThreadPoolExecutor$Worker.run(ThreadPoolExecutor.java:624)
	at java.lang.Thread.run(Thread.java:748)

]]></system-err>
  </testcase>
  <testcase name="testContainerExclusionWithClosedContainerException" classname="org.apache.hadoop.ozone.client.rpc.TestFailureHandlingByClient" time="143.247">
    <error message="Connection refused" type="java.net.ConnectException"><![CDATA[java.net.ConnectException: Connection refused
	at sun.nio.ch.SocketChannelImpl.checkConnect(Native Method)
	at sun.nio.ch.SocketChannelImpl.finishConnect(SocketChannelImpl.java:717)
	at org.apache.hadoop.net.SocketIOWithTimeout.connect(SocketIOWithTimeout.java:206)
	at org.apache.hadoop.net.NetUtils.connect(NetUtils.java:531)
	at org.apache.hadoop.ipc.Client$Connection.setupConnection(Client.java:690)
	at org.apache.hadoop.ipc.Client$Connection.setupIOstreams(Client.java:794)
	at org.apache.hadoop.ipc.Client$Connection.access$3700(Client.java:411)
	at org.apache.hadoop.ipc.Client.getConnection(Client.java:1572)
	at org.apache.hadoop.ipc.Client.call(Client.java:1403)
	at org.apache.hadoop.ipc.Client.call(Client.java:1367)
	at org.apache.hadoop.ipc.ProtobufRpcEngine$Invoker.invoke(ProtobufRpcEngine.java:228)
	at org.apache.hadoop.ipc.ProtobufRpcEngine$Invoker.invoke(ProtobufRpcEngine.java:116)
	at com.sun.proxy.$Proxy35.submitRequest(Unknown Source)
	at sun.reflect.GeneratedMethodAccessor36.invoke(Unknown Source)
	at sun.reflect.DelegatingMethodAccessorImpl.invoke(DelegatingMethodAccessorImpl.java:43)
	at java.lang.reflect.Method.invoke(Method.java:498)
	at org.apache.hadoop.io.retry.RetryInvocationHandler.invokeMethod(RetryInvocationHandler.java:422)
	at org.apache.hadoop.io.retry.RetryInvocationHandler$Call.invokeMethod(RetryInvocationHandler.java:165)
	at org.apache.hadoop.io.retry.RetryInvocationHandler$Call.invoke(RetryInvocationHandler.java:157)
	at org.apache.hadoop.io.retry.RetryInvocationHandler$Call.invokeOnce(RetryInvocationHandler.java:95)
	at org.apache.hadoop.io.retry.RetryInvocationHandler.invoke(RetryInvocationHandler.java:359)
	at com.sun.proxy.$Proxy35.submitRequest(Unknown Source)
	at org.apache.hadoop.ozone.om.protocolPB.OzoneManagerProtocolClientSideTranslatorPB.submitRequest(OzoneManagerProtocolClientSideTranslatorPB.java:338)
	at org.apache.hadoop.ozone.om.protocolPB.OzoneManagerProtocolClientSideTranslatorPB.getServiceInfo(OzoneManagerProtocolClientSideTranslatorPB.java:1223)
	at sun.reflect.NativeMethodAccessorImpl.invoke0(Native Method)
	at sun.reflect.NativeMethodAccessorImpl.invoke(NativeMethodAccessorImpl.java:62)
	at sun.reflect.DelegatingMethodAccessorImpl.invoke(DelegatingMethodAccessorImpl.java:43)
	at java.lang.reflect.Method.invoke(Method.java:498)
	at org.apache.hadoop.hdds.tracing.TraceAllMethod.invoke(TraceAllMethod.java:66)
	at com.sun.proxy.$Proxy36.getServiceInfo(Unknown Source)
	at org.apache.hadoop.ozone.client.rpc.RpcClient.<init>(RpcClient.java:154)
	at org.apache.hadoop.ozone.client.OzoneClientFactory.getClientProtocol(OzoneClientFactory.java:256)
	at org.apache.hadoop.ozone.client.OzoneClientFactory.getClientProtocol(OzoneClientFactory.java:239)
	at org.apache.hadoop.ozone.client.OzoneClientFactory.getClient(OzoneClientFactory.java:75)
	at org.apache.hadoop.ozone.client.rpc.TestFailureHandlingByClient.init(TestFailureHandlingByClient.java:111)
	at org.apache.hadoop.ozone.client.rpc.TestFailureHandlingByClient.startCluster(TestFailureHandlingByClient.java:121)
	at org.apache.hadoop.ozone.client.rpc.TestFailureHandlingByClient.testContainerExclusionWithClosedContainerException(TestFailureHandlingByClient.java:224)
	at sun.reflect.NativeMethodAccessorImpl.invoke0(Native Method)
	at sun.reflect.NativeMethodAccessorImpl.invoke(NativeMethodAccessorImpl.java:62)
	at sun.reflect.DelegatingMethodAccessorImpl.invoke(DelegatingMethodAccessorImpl.java:43)
	at java.lang.reflect.Method.invoke(Method.java:498)
	at org.junit.runners.model.FrameworkMethod$1.runReflectiveCall(FrameworkMethod.java:47)
	at org.junit.internal.runners.model.ReflectiveCallable.run(ReflectiveCallable.java:12)
	at org.junit.runners.model.FrameworkMethod.invokeExplosively(FrameworkMethod.java:44)
	at org.junit.internal.runners.statements.InvokeMethod.evaluate(InvokeMethod.java:17)
	at org.junit.internal.runners.statements.RunAfters.evaluate(RunAfters.java:27)
	at org.junit.runners.ParentRunner.runLeaf(ParentRunner.java:271)
	at org.junit.runners.BlockJUnit4ClassRunner.runChild(BlockJUnit4ClassRunner.java:70)
	at org.junit.runners.BlockJUnit4ClassRunner.runChild(BlockJUnit4ClassRunner.java:50)
	at org.junit.runners.ParentRunner$3.run(ParentRunner.java:238)
	at org.junit.runners.ParentRunner$1.schedule(ParentRunner.java:63)
	at org.junit.runners.ParentRunner.runChildren(ParentRunner.java:236)
	at org.junit.runners.ParentRunner.access$000(ParentRunner.java:53)
	at org.junit.runners.ParentRunner$2.evaluate(ParentRunner.java:229)
	at org.junit.runners.ParentRunner.run(ParentRunner.java:309)
	at org.apache.maven.surefire.junit4.JUnit4Provider.execute(JUnit4Provider.java:365)
	at org.apache.maven.surefire.junit4.JUnit4Provider.executeWithRerun(JUnit4Provider.java:273)
	at org.apache.maven.surefire.junit4.JUnit4Provider.executeTestSet(JUnit4Provider.java:238)
	at org.apache.maven.surefire.junit4.JUnit4Provider.invoke(JUnit4Provider.java:159)
	at org.apache.maven.surefire.booter.ForkedBooter.invokeProviderInSameClassLoader(ForkedBooter.java:384)
	at org.apache.maven.surefire.booter.ForkedBooter.runSuitesInProcess(ForkedBooter.java:345)
	at org.apache.maven.surefire.booter.ForkedBooter.execute(ForkedBooter.java:126)
	at org.apache.maven.surefire.booter.ForkedBooter.main(ForkedBooter.java:418)
]]></error>
    <system-out><![CDATA[2019-09-26 16:37:00,137 [main] WARN  server.ServerUtils (ServerUtils.java:getScmDbDir(145)) - ozone.scm.db.dirs is not configured. We recommend adding this setting. Falling back to ozone.metadata.dirs instead.
2019-09-26 16:37:00,163 [main] WARN  server.ServerUtils (ServerUtils.java:getScmDbDir(145)) - ozone.scm.db.dirs is not configured. We recommend adding this setting. Falling back to ozone.metadata.dirs instead.
2019-09-26 16:37:00,164 [main] WARN  server.ServerUtils (ServerUtils.java:getScmDbDir(145)) - ozone.scm.db.dirs is not configured. We recommend adding this setting. Falling back to ozone.metadata.dirs instead.
2019-09-26 16:37:00,164 [main] INFO  db.DBStoreBuilder (DBStoreBuilder.java:addTable(110)) - using custom profile for table: deletedBlocks
2019-09-26 16:37:00,165 [main] INFO  db.DBStoreBuilder (DBStoreBuilder.java:processTables(161)) - Using default column profile:DBProfile.DISK for Table:deletedBlocks
2019-09-26 16:37:00,165 [main] INFO  db.DBStoreBuilder (DBStoreBuilder.java:addTable(110)) - using custom profile for table: validCerts
2019-09-26 16:37:00,165 [main] INFO  db.DBStoreBuilder (DBStoreBuilder.java:processTables(161)) - Using default column profile:DBProfile.DISK for Table:validCerts
2019-09-26 16:37:00,165 [main] INFO  db.DBStoreBuilder (DBStoreBuilder.java:addTable(110)) - using custom profile for table: revokedCerts
2019-09-26 16:37:00,166 [main] INFO  db.DBStoreBuilder (DBStoreBuilder.java:processTables(161)) - Using default column profile:DBProfile.DISK for Table:revokedCerts
2019-09-26 16:37:00,166 [main] INFO  db.DBStoreBuilder (DBStoreBuilder.java:addTable(110)) - using custom profile for table: default
2019-09-26 16:37:00,166 [main] INFO  db.DBStoreBuilder (DBStoreBuilder.java:processTables(167)) - Using default column profile:DBProfile.DISK for Table:default
2019-09-26 16:37:00,166 [main] INFO  db.DBStoreBuilder (DBStoreBuilder.java:getDbProfile(198)) - Using default options. DBProfile.DISK
2019-09-26 16:37:00,317 [main] INFO  net.NodeSchemaLoader (NodeSchemaLoader.java:loadSchemaFromFile(125)) - Loading file from sun.misc.CompoundEnumeration@56928e17
2019-09-26 16:37:00,317 [main] INFO  net.NodeSchemaLoader (NodeSchemaLoader.java:loadSchema(171)) - Loading network topology layer schema file
2019-09-26 16:37:00,324 [main] INFO  node.SCMNodeManager (SCMNodeManager.java:<init>(114)) - Entering startup safe mode.
2019-09-26 16:37:00,326 [main] INFO  algorithms.ContainerPlacementPolicyFactory (ContainerPlacementPolicyFactory.java:getPolicy(57)) - Create container placement policy of type org.apache.hadoop.hdds.scm.container.placement.algorithms.SCMContainerPlacementRandom
2019-09-26 16:37:00,326 [main] WARN  server.ServerUtils (ServerUtils.java:getScmDbDir(145)) - ozone.scm.db.dirs is not configured. We recommend adding this setting. Falling back to ozone.metadata.dirs instead.
2019-09-26 16:37:00,368 [main] INFO  pipeline.SCMPipelineManager (SCMPipelineManager.java:initializePipelineState(132)) - No pipeline exists in current db
2019-09-26 16:37:00,368 [main] WARN  server.ServerUtils (ServerUtils.java:getScmDbDir(145)) - ozone.scm.db.dirs is not configured. We recommend adding this setting. Falling back to ozone.metadata.dirs instead.
2019-09-26 16:37:00,412 [main] WARN  events.EventQueue (EventQueue.java:fireEvent(183)) - No event handler registered for event TypedEvent{payloadType=SafeModeStatus, name='SafeModeStatus'}
2019-09-26 16:37:00,413 [main] INFO  ipc.CallQueueManager (CallQueueManager.java:<init>(84)) - Using callQueue: class java.util.concurrent.LinkedBlockingQueue, queueCapacity: 2000, scheduler: class org.apache.hadoop.ipc.DefaultRpcScheduler, ipcBackoff: false.
2019-09-26 16:37:00,415 [Socket Reader #1 for port 45703] INFO  ipc.Server (Server.java:run(1074)) - Starting Socket Reader #1 for port 45703
2019-09-26 16:37:00,417 [main] INFO  ipc.CallQueueManager (CallQueueManager.java:<init>(84)) - Using callQueue: class java.util.concurrent.LinkedBlockingQueue, queueCapacity: 2000, scheduler: class org.apache.hadoop.ipc.DefaultRpcScheduler, ipcBackoff: false.
2019-09-26 16:37:00,418 [Socket Reader #1 for port 34702] INFO  ipc.Server (Server.java:run(1074)) - Starting Socket Reader #1 for port 34702
2019-09-26 16:37:00,420 [main] INFO  ipc.CallQueueManager (CallQueueManager.java:<init>(84)) - Using callQueue: class java.util.concurrent.LinkedBlockingQueue, queueCapacity: 2000, scheduler: class org.apache.hadoop.ipc.DefaultRpcScheduler, ipcBackoff: false.
2019-09-26 16:37:00,421 [Socket Reader #1 for port 44044] INFO  ipc.Server (Server.java:run(1074)) - Starting Socket Reader #1 for port 44044
2019-09-26 16:37:00,423 [main] INFO  hdfs.DFSUtil (DFSUtil.java:httpServerTemplateForNNAndJN(1641)) - Starting Web-server for scm at: http://0.0.0.0:0
2019-09-26 16:37:00,427 [main] INFO  server.AuthenticationFilter (AuthenticationFilter.java:constructSecretProvider(240)) - Unable to initialize FileSignerSecretProvider, falling back to use random secrets.
2019-09-26 16:37:00,428 [main] WARN  http.HttpRequestLog (HttpRequestLog.java:getRequestLog(97)) - Jetty request log can only be enabled using Log4j
2019-09-26 16:37:00,431 [main] INFO  http.HttpServer2 (HttpServer2.java:addGlobalFilter(975)) - Added global filter 'safety' (class=org.apache.hadoop.http.HttpServer2$QuotingInputFilter)
2019-09-26 16:37:00,432 [main] INFO  http.HttpServer2 (HttpServer2.java:addFilter(948)) - Added filter static_user_filter (class=org.apache.hadoop.http.lib.StaticUserWebFilter$StaticUserFilter) to context scm
2019-09-26 16:37:00,432 [main] INFO  http.HttpServer2 (HttpServer2.java:addFilter(958)) - Added filter static_user_filter (class=org.apache.hadoop.http.lib.StaticUserWebFilter$StaticUserFilter) to context logs
2019-09-26 16:37:00,432 [main] INFO  http.HttpServer2 (HttpServer2.java:addFilter(958)) - Added filter static_user_filter (class=org.apache.hadoop.http.lib.StaticUserWebFilter$StaticUserFilter) to context static
2019-09-26 16:37:00,436 [main] INFO  server.StorageContainerManager (StorageContainerManager.java:start(770)) - StorageContainerLocationProtocol RPC server is listening at /0.0.0.0:44044
2019-09-26 16:37:00,438 [main] WARN  impl.MetricsConfig (MetricsConfig.java:loadFirst(134)) - Cannot locate configuration: tried hadoop-metrics2-storagecontainermanager.properties,hadoop-metrics2.properties
2019-09-26 16:37:00,440 [main] INFO  impl.MetricsSystemImpl (MetricsSystemImpl.java:startTimer(374)) - Scheduled Metric snapshot period at 10 second(s).
2019-09-26 16:37:00,440 [main] INFO  impl.MetricsSystemImpl (MetricsSystemImpl.java:start(191)) - StorageContainerManager metrics system started
2019-09-26 16:37:00,502 [main] WARN  impl.MetricsSystemImpl (MetricsSystemImpl.java:register(276)) - Sink prometheus already exists!
2019-09-26 16:37:00,509 [main] INFO  server.SCMClientProtocolServer (SCMClientProtocolServer.java:start(151)) - RPC server for Client  is listening at /0.0.0.0:44044
2019-09-26 16:37:00,509 [IPC Server Responder] INFO  ipc.Server (Server.java:run(1314)) - IPC Server Responder: starting
2019-09-26 16:37:00,510 [IPC Server listener on 44044] INFO  ipc.Server (Server.java:run(1153)) - IPC Server listener on 44044: starting
2019-09-26 16:37:00,514 [main] INFO  server.StorageContainerManager (StorageContainerManager.java:start(780)) - ScmBlockLocationProtocol RPC server is listening at /0.0.0.0:34702
2019-09-26 16:37:00,514 [main] INFO  server.SCMBlockProtocolServer (SCMBlockProtocolServer.java:start(146)) - RPC server for Block Protocol is listening at /0.0.0.0:34702
2019-09-26 16:37:00,515 [IPC Server Responder] INFO  ipc.Server (Server.java:run(1314)) - IPC Server Responder: starting
2019-09-26 16:37:00,515 [IPC Server listener on 34702] INFO  ipc.Server (Server.java:run(1153)) - IPC Server listener on 34702: starting
2019-09-26 16:37:00,519 [main] INFO  server.StorageContainerManager (StorageContainerManager.java:start(784)) - ScmDatanodeProtocl RPC server is listening at /0.0.0.0:45703
2019-09-26 16:37:00,519 [main] INFO  server.SCMDatanodeProtocolServer (SCMDatanodeProtocolServer.java:start(191)) - RPC server for DataNodes is listening at /0.0.0.0:45703
2019-09-26 16:37:00,519 [IPC Server Responder] INFO  ipc.Server (Server.java:run(1314)) - IPC Server Responder: starting
2019-09-26 16:37:00,519 [IPC Server listener on 45703] INFO  ipc.Server (Server.java:run(1153)) - IPC Server listener on 45703: starting
2019-09-26 16:37:00,523 [main] INFO  http.HttpServer2 (HttpServer2.java:bindListener(1191)) - Jetty bound to port 40428
2019-09-26 16:37:00,524 [main] INFO  server.Server (Server.java:doStart(351)) - jetty-9.3.25.v20180904, build timestamp: 2018-09-04T21:11:46Z, git hash: 3ce520221d0240229c862b122d2b06c12a625732
2019-09-26 16:37:00,526 [main] INFO  handler.ContextHandler (ContextHandler.java:doStart(781)) - Started o.e.j.s.ServletContextHandler@3134153d{/logs,file:///workdir/hadoop-ozone/integration-test/target/log,AVAILABLE}
2019-09-26 16:37:00,527 [main] INFO  handler.ContextHandler (ContextHandler.java:doStart(781)) - Started o.e.j.s.ServletContextHandler@5f5effb0{/static,file:///workdir/hadoop-ozone/integration-test/target/test-classes/webapps/static,AVAILABLE}
2019-09-26 16:37:00,533 [main] INFO  handler.ContextHandler (ContextHandler.java:doStart(781)) - Started o.e.j.w.WebAppContext@346f41a9{/,file:///workdir/hadoop-ozone/integration-test/target/test-classes/webapps/scm/,AVAILABLE}{/scm}
2019-09-26 16:37:00,534 [main] INFO  server.AbstractConnector (AbstractConnector.java:doStart(278)) - Started ServerConnector@1084f78c{HTTP/1.1,[http/1.1]}{0.0.0.0:40428}
2019-09-26 16:37:00,534 [main] INFO  server.Server (Server.java:doStart(419)) - Started @148384ms
2019-09-26 16:37:00,534 [main] WARN  impl.MetricsSystemImpl (MetricsSystemImpl.java:register(276)) - Sink prometheus already exists!
2019-09-26 16:37:00,536 [main] INFO  server.BaseHttpServer (BaseHttpServer.java:updateConnectorAddress(215)) - HTTP server of SCM is listening at http://0.0.0.0:40428
2019-09-26 16:37:00,537 [main] WARN  server.ServerUtils (ServerUtils.java:getDBPath(222)) - ozone.om.db.dirs is not configured. We recommend adding this setting. Falling back to ozone.metadata.dirs instead.
2019-09-26 16:37:00,537 [org.apache.hadoop.util.JvmPauseMonitor$Monitor@4aa11206] INFO  util.JvmPauseMonitor (JvmPauseMonitor.java:run(188)) - Starting JVM pause monitor
2019-09-26 16:37:00,553 [main] INFO  ha.OMHANodeDetails (OMHANodeDetails.java:loadOMHAConfig(194)) - Configuration either no ozone.om.address set. Falling back to the default OM address /127.0.0.1:0
2019-09-26 16:37:00,553 [main] INFO  ha.OMHANodeDetails (OMHANodeDetails.java:getOMNodeDetails(224)) - OM Service ID is not set. Setting it to the default ID: omServiceIdDefault
2019-09-26 16:37:00,554 [main] WARN  server.ServerUtils (ServerUtils.java:getDBPath(222)) - ozone.om.db.dirs is not configured. We recommend adding this setting. Falling back to ozone.metadata.dirs instead.
2019-09-26 16:37:00,554 [main] WARN  server.ServerUtils (ServerUtils.java:getDBPath(222)) - ozone.om.db.dirs is not configured. We recommend adding this setting. Falling back to ozone.metadata.dirs instead.
2019-09-26 16:37:00,570 [main] WARN  server.ServerUtils (ServerUtils.java:getDBPath(222)) - ozone.om.db.dirs is not configured. We recommend adding this setting. Falling back to ozone.metadata.dirs instead.
2019-09-26 16:37:00,570 [main] INFO  db.DBStoreBuilder (DBStoreBuilder.java:addTable(110)) - using custom profile for table: userTable
2019-09-26 16:37:00,570 [main] INFO  db.DBStoreBuilder (DBStoreBuilder.java:processTables(161)) - Using default column profile:DBProfile.DISK for Table:userTable
2019-09-26 16:37:00,571 [main] INFO  db.DBStoreBuilder (DBStoreBuilder.java:addTable(110)) - using custom profile for table: volumeTable
2019-09-26 16:37:00,571 [main] INFO  db.DBStoreBuilder (DBStoreBuilder.java:processTables(161)) - Using default column profile:DBProfile.DISK for Table:volumeTable
2019-09-26 16:37:00,571 [main] INFO  db.DBStoreBuilder (DBStoreBuilder.java:addTable(110)) - using custom profile for table: bucketTable
2019-09-26 16:37:00,572 [main] INFO  db.DBStoreBuilder (DBStoreBuilder.java:processTables(161)) - Using default column profile:DBProfile.DISK for Table:bucketTable
2019-09-26 16:37:00,572 [main] INFO  db.DBStoreBuilder (DBStoreBuilder.java:addTable(110)) - using custom profile for table: keyTable
2019-09-26 16:37:00,572 [main] INFO  db.DBStoreBuilder (DBStoreBuilder.java:processTables(161)) - Using default column profile:DBProfile.DISK for Table:keyTable
2019-09-26 16:37:00,573 [main] INFO  db.DBStoreBuilder (DBStoreBuilder.java:addTable(110)) - using custom profile for table: deletedTable
2019-09-26 16:37:00,573 [main] INFO  db.DBStoreBuilder (DBStoreBuilder.java:processTables(161)) - Using default column profile:DBProfile.DISK for Table:deletedTable
2019-09-26 16:37:00,573 [main] INFO  db.DBStoreBuilder (DBStoreBuilder.java:addTable(110)) - using custom profile for table: openKeyTable
2019-09-26 16:37:00,573 [main] INFO  db.DBStoreBuilder (DBStoreBuilder.java:processTables(161)) - Using default column profile:DBProfile.DISK for Table:openKeyTable
2019-09-26 16:37:00,574 [main] INFO  db.DBStoreBuilder (DBStoreBuilder.java:addTable(110)) - using custom profile for table: s3Table
2019-09-26 16:37:00,574 [main] INFO  db.DBStoreBuilder (DBStoreBuilder.java:processTables(161)) - Using default column profile:DBProfile.DISK for Table:s3Table
2019-09-26 16:37:00,574 [main] INFO  db.DBStoreBuilder (DBStoreBuilder.java:addTable(110)) - using custom profile for table: multipartInfoTable
2019-09-26 16:37:00,574 [main] INFO  db.DBStoreBuilder (DBStoreBuilder.java:processTables(161)) - Using default column profile:DBProfile.DISK for Table:multipartInfoTable
2019-09-26 16:37:00,575 [main] INFO  db.DBStoreBuilder (DBStoreBuilder.java:addTable(110)) - using custom profile for table: dTokenTable
2019-09-26 16:37:00,575 [main] INFO  db.DBStoreBuilder (DBStoreBuilder.java:processTables(161)) - Using default column profile:DBProfile.DISK for Table:dTokenTable
2019-09-26 16:37:00,575 [main] INFO  db.DBStoreBuilder (DBStoreBuilder.java:addTable(110)) - using custom profile for table: s3SecretTable
2019-09-26 16:37:00,576 [main] INFO  db.DBStoreBuilder (DBStoreBuilder.java:processTables(161)) - Using default column profile:DBProfile.DISK for Table:s3SecretTable
2019-09-26 16:37:00,576 [main] INFO  db.DBStoreBuilder (DBStoreBuilder.java:addTable(110)) - using custom profile for table: prefixTable
2019-09-26 16:37:00,576 [main] INFO  db.DBStoreBuilder (DBStoreBuilder.java:processTables(161)) - Using default column profile:DBProfile.DISK for Table:prefixTable
2019-09-26 16:37:00,577 [main] INFO  db.DBStoreBuilder (DBStoreBuilder.java:addTable(110)) - using custom profile for table: default
2019-09-26 16:37:00,577 [main] INFO  db.DBStoreBuilder (DBStoreBuilder.java:processTables(167)) - Using default column profile:DBProfile.DISK for Table:default
2019-09-26 16:37:00,577 [main] INFO  db.DBStoreBuilder (DBStoreBuilder.java:getDbProfile(198)) - Using default options. DBProfile.DISK
2019-09-26 16:37:01,119 [main] INFO  ipc.CallQueueManager (CallQueueManager.java:<init>(84)) - Using callQueue: class java.util.concurrent.LinkedBlockingQueue, queueCapacity: 2000, scheduler: class org.apache.hadoop.ipc.DefaultRpcScheduler, ipcBackoff: false.
2019-09-26 16:37:01,120 [Socket Reader #1 for port 43857] INFO  ipc.Server (Server.java:run(1074)) - Starting Socket Reader #1 for port 43857
2019-09-26 16:37:01,144 [main] INFO  om.OzoneManager (OzoneManager.java:start(1069)) - OzoneManager RPC server is listening at localhost/127.0.0.1:43857
2019-09-26 16:37:01,144 [main] INFO  impl.MetricsSystemImpl (MetricsSystemImpl.java:init(158)) - OzoneManager metrics system started (again)
2019-09-26 16:37:01,145 [IPC Server Responder] INFO  ipc.Server (Server.java:run(1314)) - IPC Server Responder: starting
2019-09-26 16:37:01,145 [IPC Server listener on 43857] INFO  ipc.Server (Server.java:run(1153)) - IPC Server listener on 43857: starting
2019-09-26 16:37:01,151 [main] INFO  hdfs.DFSUtil (DFSUtil.java:httpServerTemplateForNNAndJN(1641)) - Starting Web-server for ozoneManager at: http://0.0.0.0:0
2019-09-26 16:37:01,153 [main] INFO  server.AuthenticationFilter (AuthenticationFilter.java:constructSecretProvider(240)) - Unable to initialize FileSignerSecretProvider, falling back to use random secrets.
2019-09-26 16:37:01,154 [main] WARN  http.HttpRequestLog (HttpRequestLog.java:getRequestLog(97)) - Jetty request log can only be enabled using Log4j
2019-09-26 16:37:01,156 [main] INFO  http.HttpServer2 (HttpServer2.java:addGlobalFilter(975)) - Added global filter 'safety' (class=org.apache.hadoop.http.HttpServer2$QuotingInputFilter)
2019-09-26 16:37:01,156 [main] INFO  http.HttpServer2 (HttpServer2.java:addFilter(948)) - Added filter static_user_filter (class=org.apache.hadoop.http.lib.StaticUserWebFilter$StaticUserFilter) to context ozoneManager
2019-09-26 16:37:01,157 [main] INFO  http.HttpServer2 (HttpServer2.java:addFilter(958)) - Added filter static_user_filter (class=org.apache.hadoop.http.lib.StaticUserWebFilter$StaticUserFilter) to context static
2019-09-26 16:37:01,157 [main] INFO  http.HttpServer2 (HttpServer2.java:addFilter(958)) - Added filter static_user_filter (class=org.apache.hadoop.http.lib.StaticUserWebFilter$StaticUserFilter) to context logs
2019-09-26 16:37:01,158 [main] INFO  http.HttpServer2 (HttpServer2.java:bindListener(1191)) - Jetty bound to port 45930
2019-09-26 16:37:01,158 [main] INFO  server.Server (Server.java:doStart(351)) - jetty-9.3.25.v20180904, build timestamp: 2018-09-04T21:11:46Z, git hash: 3ce520221d0240229c862b122d2b06c12a625732
2019-09-26 16:37:01,160 [main] INFO  handler.ContextHandler (ContextHandler.java:doStart(781)) - Started o.e.j.s.ServletContextHandler@590f0c50{/logs,file:///workdir/hadoop-ozone/integration-test/target/log,AVAILABLE}
2019-09-26 16:37:01,161 [main] INFO  handler.ContextHandler (ContextHandler.java:doStart(781)) - Started o.e.j.s.ServletContextHandler@3a90c13c{/static,file:///workdir/hadoop-ozone/integration-test/target/test-classes/webapps/static,AVAILABLE}
2019-09-26 16:37:01,165 [main] INFO  handler.ContextHandler (ContextHandler.java:doStart(781)) - Started o.e.j.w.WebAppContext@7c2924d7{/,file:///workdir/hadoop-ozone/integration-test/target/test-classes/webapps/ozoneManager/,AVAILABLE}{/ozoneManager}
2019-09-26 16:37:01,167 [main] INFO  server.AbstractConnector (AbstractConnector.java:doStart(278)) - Started ServerConnector@b5de58f{HTTP/1.1,[http/1.1]}{0.0.0.0:45930}
2019-09-26 16:37:01,167 [main] INFO  server.Server (Server.java:doStart(419)) - Started @149017ms
2019-09-26 16:37:01,167 [main] WARN  impl.MetricsSystemImpl (MetricsSystemImpl.java:register(276)) - Sink prometheus already exists!
2019-09-26 16:37:01,168 [main] INFO  server.BaseHttpServer (BaseHttpServer.java:updateConnectorAddress(215)) - HTTP server of OZONEMANAGER is listening at http://0.0.0.0:45930
2019-09-26 16:37:01,192 [main] INFO  impl.MetricsSystemImpl (MetricsSystemImpl.java:init(158)) - HddsDatanode metrics system started (again)
2019-09-26 16:37:01,194 [main] INFO  ozone.HddsDatanodeService (HddsDatanodeService.java:start(184)) - HddsDatanodeService host:pr-hdds-2162-htzpk-1451759861 ip:192.168.157.234
2019-09-26 16:37:01,200 [main] INFO  volume.HddsVolume (HddsVolume.java:<init>(176)) - Creating Volume: /workdir/hadoop-ozone/integration-test/target/test-dir/MiniOzoneClusterImpl-521d4657-8b90-42e2-88d0-1dd80c8159cc/datanode-0/data/containers/hdds of  storage type : DISK and capacity : 1482555576320
2019-09-26 16:37:01,201 [main] INFO  volume.VolumeSet (VolumeSet.java:initializeVolumeSet(170)) - Added Volume : /workdir/hadoop-ozone/integration-test/target/test-dir/MiniOzoneClusterImpl-521d4657-8b90-42e2-88d0-1dd80c8159cc/datanode-0/data/containers/hdds to VolumeSet
2019-09-26 16:37:01,201 [main] INFO  volume.ThrottledAsyncChecker (ThrottledAsyncChecker.java:schedule(139)) - Scheduling a check for org.apache.hadoop.ozone.container.common.volume.HddsVolume@506aabf6
2019-09-26 16:37:01,202 [main] INFO  volume.HddsVolumeChecker (HddsVolumeChecker.java:checkAllVolumes(202)) - Scheduled health check for volume org.apache.hadoop.ozone.container.common.volume.HddsVolume@506aabf6
2019-09-26 16:37:01,217 [main] INFO  impl.RaftServerProxy (ConfUtils.java:logGet(43)) - raft.rpc.type = GRPC (default)
2019-09-26 16:37:01,217 [main] INFO  grpc.GrpcFactory (GrpcFactory.java:checkPooledByteBufAllocatorUseCacheForAllThreads(45)) - PERFORMANCE WARNING: useCacheForAllThreads is true that may cause Netty to create a lot garbage objects and, as a result, trigger GC.
	It is recommended to disable useCacheForAllThreads by setting -Dorg.apache.ratis.thirdparty.io.netty.allocator.useCacheForAllThreads=false in command line.
2019-09-26 16:37:01,217 [main] INFO  grpc.GrpcConfigKeys$Server (ConfUtils.java:logGet(43)) - raft.grpc.server.port = 0 (default)
2019-09-26 16:37:01,218 [main] INFO  server.GrpcService (ConfUtils.java:logGet(43)) - raft.grpc.message.size.max = 33570816 (custom)
2019-09-26 16:37:01,218 [main] INFO  server.RaftServerConfigKeys (ConfUtils.java:logGet(43)) - raft.server.log.appender.buffer.byte-limit = 33554432 (custom)
2019-09-26 16:37:01,218 [main] INFO  server.GrpcService (ConfUtils.java:logGet(43)) - raft.grpc.flow.control.window = 1MB (=1048576) (default)
2019-09-26 16:37:01,218 [main] INFO  server.RaftServerConfigKeys (ConfUtils.java:logGet(43)) - raft.server.rpc.request.timeout = 3000ms (default)
2019-09-26 16:37:01,219 [main] INFO  server.RaftServerConfigKeys (ConfUtils.java:logGet(43)) - raft.server.storage.dir = [/workdir/hadoop-ozone/integration-test/target/test-dir/MiniOzoneClusterImpl-521d4657-8b90-42e2-88d0-1dd80c8159cc/datanode-0/data/ratis] (custom)
2019-09-26 16:37:01,221 [main] INFO  hdfs.DFSUtil (DFSUtil.java:httpServerTemplateForNNAndJN(1641)) - Starting Web-server for hddsDatanode at: http://0.0.0.0:0
2019-09-26 16:37:01,222 [main] INFO  server.AuthenticationFilter (AuthenticationFilter.java:constructSecretProvider(240)) - Unable to initialize FileSignerSecretProvider, falling back to use random secrets.
2019-09-26 16:37:01,223 [main] WARN  http.HttpRequestLog (HttpRequestLog.java:getRequestLog(97)) - Jetty request log can only be enabled using Log4j
2019-09-26 16:37:01,224 [main] INFO  http.HttpServer2 (HttpServer2.java:addGlobalFilter(975)) - Added global filter 'safety' (class=org.apache.hadoop.http.HttpServer2$QuotingInputFilter)
2019-09-26 16:37:01,224 [main] INFO  http.HttpServer2 (HttpServer2.java:addFilter(948)) - Added filter static_user_filter (class=org.apache.hadoop.http.lib.StaticUserWebFilter$StaticUserFilter) to context hddsDatanode
2019-09-26 16:37:01,225 [main] INFO  http.HttpServer2 (HttpServer2.java:addFilter(958)) - Added filter static_user_filter (class=org.apache.hadoop.http.lib.StaticUserWebFilter$StaticUserFilter) to context static
2019-09-26 16:37:01,225 [main] INFO  http.HttpServer2 (HttpServer2.java:addFilter(958)) - Added filter static_user_filter (class=org.apache.hadoop.http.lib.StaticUserWebFilter$StaticUserFilter) to context logs
2019-09-26 16:37:01,225 [main] INFO  http.HttpServer2 (HttpServer2.java:bindListener(1191)) - Jetty bound to port 40460
2019-09-26 16:37:01,225 [main] INFO  server.Server (Server.java:doStart(351)) - jetty-9.3.25.v20180904, build timestamp: 2018-09-04T21:11:46Z, git hash: 3ce520221d0240229c862b122d2b06c12a625732
2019-09-26 16:37:01,227 [main] INFO  handler.ContextHandler (ContextHandler.java:doStart(781)) - Started o.e.j.s.ServletContextHandler@f5cf29b{/logs,file:///workdir/hadoop-ozone/integration-test/target/log,AVAILABLE}
2019-09-26 16:37:01,228 [main] INFO  handler.ContextHandler (ContextHandler.java:doStart(781)) - Started o.e.j.s.ServletContextHandler@37e69c43{/static,jar:file:/home/user/.m2/repository/org/apache/hadoop/hadoop-hdds-container-service/0.5.0-SNAPSHOT/hadoop-hdds-container-service-0.5.0-SNAPSHOT.jar!/webapps/static,AVAILABLE}
2019-09-26 16:37:01,257 [main] INFO  handler.ContextHandler (ContextHandler.java:doStart(781)) - Started o.e.j.w.WebAppContext@465b38e6{/,file:///tmp/jetty-0.0.0.0-40460-hddsDatanode-_-any-1025877562896052849.dir/webapp/,AVAILABLE}{/hddsDatanode}
2019-09-26 16:37:01,257 [main] INFO  server.AbstractConnector (AbstractConnector.java:doStart(278)) - Started ServerConnector@4b960b5b{HTTP/1.1,[http/1.1]}{0.0.0.0:40460}
2019-09-26 16:37:01,259 [main] INFO  server.Server (Server.java:doStart(419)) - Started @149109ms
2019-09-26 16:37:01,259 [main] WARN  impl.MetricsSystemImpl (MetricsSystemImpl.java:register(276)) - Sink prometheus already exists!
2019-09-26 16:37:01,259 [main] INFO  server.BaseHttpServer (BaseHttpServer.java:updateConnectorAddress(215)) - HTTP server of HDDSDATANODE is listening at http://0.0.0.0:40460
2019-09-26 16:37:01,260 [main] INFO  impl.MetricsSystemImpl (MetricsSystemImpl.java:init(158)) - HddsDatanode metrics system started (again)
2019-09-26 16:37:01,263 [org.apache.hadoop.util.JvmPauseMonitor$Monitor@79c0ca80] INFO  util.JvmPauseMonitor (JvmPauseMonitor.java:run(188)) - Starting JVM pause monitor
2019-09-26 16:37:01,263 [main] INFO  ozone.HddsDatanodeService (HddsDatanodeService.java:start(184)) - HddsDatanodeService host:pr-hdds-2162-htzpk-1451759861 ip:192.168.157.234
2019-09-26 16:37:01,266 [Datanode State Machine Thread - 0] INFO  datanode.InitDatanodeState (InitDatanodeState.java:persistContainerDatanodeDetails(140)) - DatanodeDetails is persisted to /workdir/hadoop-ozone/integration-test/target/test-dir/MiniOzoneClusterImpl-521d4657-8b90-42e2-88d0-1dd80c8159cc/datanode-0/meta/datanode.id
2019-09-26 16:37:01,269 [main] INFO  volume.HddsVolume (HddsVolume.java:<init>(176)) - Creating Volume: /workdir/hadoop-ozone/integration-test/target/test-dir/MiniOzoneClusterImpl-521d4657-8b90-42e2-88d0-1dd80c8159cc/datanode-1/data/containers/hdds of  storage type : DISK and capacity : 1482555576320
2019-09-26 16:37:01,270 [main] INFO  volume.VolumeSet (VolumeSet.java:initializeVolumeSet(170)) - Added Volume : /workdir/hadoop-ozone/integration-test/target/test-dir/MiniOzoneClusterImpl-521d4657-8b90-42e2-88d0-1dd80c8159cc/datanode-1/data/containers/hdds to VolumeSet
2019-09-26 16:37:01,270 [main] INFO  volume.ThrottledAsyncChecker (ThrottledAsyncChecker.java:schedule(139)) - Scheduling a check for org.apache.hadoop.ozone.container.common.volume.HddsVolume@2cd4e16a
2019-09-26 16:37:01,270 [main] INFO  volume.HddsVolumeChecker (HddsVolumeChecker.java:checkAllVolumes(202)) - Scheduled health check for volume org.apache.hadoop.ozone.container.common.volume.HddsVolume@2cd4e16a
2019-09-26 16:37:01,283 [main] INFO  impl.RaftServerProxy (ConfUtils.java:logGet(43)) - raft.rpc.type = GRPC (default)
2019-09-26 16:37:01,283 [main] INFO  grpc.GrpcFactory (GrpcFactory.java:checkPooledByteBufAllocatorUseCacheForAllThreads(45)) - PERFORMANCE WARNING: useCacheForAllThreads is true that may cause Netty to create a lot garbage objects and, as a result, trigger GC.
	It is recommended to disable useCacheForAllThreads by setting -Dorg.apache.ratis.thirdparty.io.netty.allocator.useCacheForAllThreads=false in command line.
2019-09-26 16:37:01,283 [main] INFO  grpc.GrpcConfigKeys$Server (ConfUtils.java:logGet(43)) - raft.grpc.server.port = 0 (default)
2019-09-26 16:37:01,284 [main] INFO  server.GrpcService (ConfUtils.java:logGet(43)) - raft.grpc.message.size.max = 33570816 (custom)
2019-09-26 16:37:01,284 [main] INFO  server.RaftServerConfigKeys (ConfUtils.java:logGet(43)) - raft.server.log.appender.buffer.byte-limit = 33554432 (custom)
2019-09-26 16:37:01,284 [main] INFO  server.GrpcService (ConfUtils.java:logGet(43)) - raft.grpc.flow.control.window = 1MB (=1048576) (default)
2019-09-26 16:37:01,284 [main] INFO  server.RaftServerConfigKeys (ConfUtils.java:logGet(43)) - raft.server.rpc.request.timeout = 3000ms (default)
2019-09-26 16:37:01,285 [main] INFO  server.RaftServerConfigKeys (ConfUtils.java:logGet(43)) - raft.server.storage.dir = [/workdir/hadoop-ozone/integration-test/target/test-dir/MiniOzoneClusterImpl-521d4657-8b90-42e2-88d0-1dd80c8159cc/datanode-1/data/ratis] (custom)
2019-09-26 16:37:01,286 [main] INFO  hdfs.DFSUtil (DFSUtil.java:httpServerTemplateForNNAndJN(1641)) - Starting Web-server for hddsDatanode at: http://0.0.0.0:0
2019-09-26 16:37:01,287 [main] INFO  server.AuthenticationFilter (AuthenticationFilter.java:constructSecretProvider(240)) - Unable to initialize FileSignerSecretProvider, falling back to use random secrets.
2019-09-26 16:37:01,288 [main] WARN  http.HttpRequestLog (HttpRequestLog.java:getRequestLog(97)) - Jetty request log can only be enabled using Log4j
2019-09-26 16:37:01,289 [main] INFO  http.HttpServer2 (HttpServer2.java:addGlobalFilter(975)) - Added global filter 'safety' (class=org.apache.hadoop.http.HttpServer2$QuotingInputFilter)
2019-09-26 16:37:01,290 [main] INFO  http.HttpServer2 (HttpServer2.java:addFilter(948)) - Added filter static_user_filter (class=org.apache.hadoop.http.lib.StaticUserWebFilter$StaticUserFilter) to context hddsDatanode
2019-09-26 16:37:01,290 [main] INFO  http.HttpServer2 (HttpServer2.java:addFilter(958)) - Added filter static_user_filter (class=org.apache.hadoop.http.lib.StaticUserWebFilter$StaticUserFilter) to context static
2019-09-26 16:37:01,290 [main] INFO  http.HttpServer2 (HttpServer2.java:addFilter(958)) - Added filter static_user_filter (class=org.apache.hadoop.http.lib.StaticUserWebFilter$StaticUserFilter) to context logs
2019-09-26 16:37:01,291 [main] INFO  http.HttpServer2 (HttpServer2.java:bindListener(1191)) - Jetty bound to port 36149
2019-09-26 16:37:01,291 [main] INFO  server.Server (Server.java:doStart(351)) - jetty-9.3.25.v20180904, build timestamp: 2018-09-04T21:11:46Z, git hash: 3ce520221d0240229c862b122d2b06c12a625732
2019-09-26 16:37:01,293 [main] INFO  handler.ContextHandler (ContextHandler.java:doStart(781)) - Started o.e.j.s.ServletContextHandler@228bda54{/logs,file:///workdir/hadoop-ozone/integration-test/target/log,AVAILABLE}
2019-09-26 16:37:01,294 [main] INFO  handler.ContextHandler (ContextHandler.java:doStart(781)) - Started o.e.j.s.ServletContextHandler@b3e86d5{/static,jar:file:/home/user/.m2/repository/org/apache/hadoop/hadoop-hdds-container-service/0.5.0-SNAPSHOT/hadoop-hdds-container-service-0.5.0-SNAPSHOT.jar!/webapps/static,AVAILABLE}
2019-09-26 16:37:01,322 [main] INFO  handler.ContextHandler (ContextHandler.java:doStart(781)) - Started o.e.j.w.WebAppContext@ffd4cba{/,file:///tmp/jetty-0.0.0.0-36149-hddsDatanode-_-any-7401214939085116706.dir/webapp/,AVAILABLE}{/hddsDatanode}
2019-09-26 16:37:01,323 [main] INFO  server.AbstractConnector (AbstractConnector.java:doStart(278)) - Started ServerConnector@5f1483fd{HTTP/1.1,[http/1.1]}{0.0.0.0:36149}
2019-09-26 16:37:01,324 [main] INFO  server.Server (Server.java:doStart(419)) - Started @149174ms
2019-09-26 16:37:01,324 [main] WARN  impl.MetricsSystemImpl (MetricsSystemImpl.java:register(276)) - Sink prometheus already exists!
2019-09-26 16:37:01,324 [main] INFO  server.BaseHttpServer (BaseHttpServer.java:updateConnectorAddress(215)) - HTTP server of HDDSDATANODE is listening at http://0.0.0.0:36149
2019-09-26 16:37:01,325 [main] INFO  impl.MetricsSystemImpl (MetricsSystemImpl.java:init(158)) - HddsDatanode metrics system started (again)
2019-09-26 16:37:01,327 [main] INFO  ozone.HddsDatanodeService (HddsDatanodeService.java:start(184)) - HddsDatanodeService host:pr-hdds-2162-htzpk-1451759861 ip:192.168.157.234
2019-09-26 16:37:01,327 [org.apache.hadoop.util.JvmPauseMonitor$Monitor@1728ac4e] INFO  util.JvmPauseMonitor (JvmPauseMonitor.java:run(188)) - Starting JVM pause monitor
2019-09-26 16:37:01,329 [Datanode State Machine Thread - 0] INFO  datanode.InitDatanodeState (InitDatanodeState.java:persistContainerDatanodeDetails(140)) - DatanodeDetails is persisted to /workdir/hadoop-ozone/integration-test/target/test-dir/MiniOzoneClusterImpl-521d4657-8b90-42e2-88d0-1dd80c8159cc/datanode-1/meta/datanode.id
2019-09-26 16:37:01,332 [main] INFO  volume.HddsVolume (HddsVolume.java:<init>(176)) - Creating Volume: /workdir/hadoop-ozone/integration-test/target/test-dir/MiniOzoneClusterImpl-521d4657-8b90-42e2-88d0-1dd80c8159cc/datanode-2/data/containers/hdds of  storage type : DISK and capacity : 1482555576320
2019-09-26 16:37:01,333 [main] INFO  volume.VolumeSet (VolumeSet.java:initializeVolumeSet(170)) - Added Volume : /workdir/hadoop-ozone/integration-test/target/test-dir/MiniOzoneClusterImpl-521d4657-8b90-42e2-88d0-1dd80c8159cc/datanode-2/data/containers/hdds to VolumeSet
2019-09-26 16:37:01,333 [main] INFO  volume.ThrottledAsyncChecker (ThrottledAsyncChecker.java:schedule(139)) - Scheduling a check for org.apache.hadoop.ozone.container.common.volume.HddsVolume@479111ba
2019-09-26 16:37:01,334 [main] INFO  volume.HddsVolumeChecker (HddsVolumeChecker.java:checkAllVolumes(202)) - Scheduled health check for volume org.apache.hadoop.ozone.container.common.volume.HddsVolume@479111ba
2019-09-26 16:37:01,345 [main] INFO  impl.RaftServerProxy (ConfUtils.java:logGet(43)) - raft.rpc.type = GRPC (default)
2019-09-26 16:37:01,345 [main] INFO  grpc.GrpcFactory (GrpcFactory.java:checkPooledByteBufAllocatorUseCacheForAllThreads(45)) - PERFORMANCE WARNING: useCacheForAllThreads is true that may cause Netty to create a lot garbage objects and, as a result, trigger GC.
	It is recommended to disable useCacheForAllThreads by setting -Dorg.apache.ratis.thirdparty.io.netty.allocator.useCacheForAllThreads=false in command line.
2019-09-26 16:37:01,345 [main] INFO  grpc.GrpcConfigKeys$Server (ConfUtils.java:logGet(43)) - raft.grpc.server.port = 0 (default)
2019-09-26 16:37:01,345 [main] INFO  server.GrpcService (ConfUtils.java:logGet(43)) - raft.grpc.message.size.max = 33570816 (custom)
2019-09-26 16:37:01,346 [main] INFO  server.RaftServerConfigKeys (ConfUtils.java:logGet(43)) - raft.server.log.appender.buffer.byte-limit = 33554432 (custom)
2019-09-26 16:37:01,346 [main] INFO  server.GrpcService (ConfUtils.java:logGet(43)) - raft.grpc.flow.control.window = 1MB (=1048576) (default)
2019-09-26 16:37:01,346 [main] INFO  server.RaftServerConfigKeys (ConfUtils.java:logGet(43)) - raft.server.rpc.request.timeout = 3000ms (default)
2019-09-26 16:37:01,346 [main] INFO  server.RaftServerConfigKeys (ConfUtils.java:logGet(43)) - raft.server.storage.dir = [/workdir/hadoop-ozone/integration-test/target/test-dir/MiniOzoneClusterImpl-521d4657-8b90-42e2-88d0-1dd80c8159cc/datanode-2/data/ratis] (custom)
2019-09-26 16:37:01,347 [main] INFO  hdfs.DFSUtil (DFSUtil.java:httpServerTemplateForNNAndJN(1641)) - Starting Web-server for hddsDatanode at: http://0.0.0.0:0
2019-09-26 16:37:01,349 [main] INFO  server.AuthenticationFilter (AuthenticationFilter.java:constructSecretProvider(240)) - Unable to initialize FileSignerSecretProvider, falling back to use random secrets.
2019-09-26 16:37:01,349 [main] WARN  http.HttpRequestLog (HttpRequestLog.java:getRequestLog(97)) - Jetty request log can only be enabled using Log4j
2019-09-26 16:37:01,350 [main] INFO  http.HttpServer2 (HttpServer2.java:addGlobalFilter(975)) - Added global filter 'safety' (class=org.apache.hadoop.http.HttpServer2$QuotingInputFilter)
2019-09-26 16:37:01,350 [main] INFO  http.HttpServer2 (HttpServer2.java:addFilter(948)) - Added filter static_user_filter (class=org.apache.hadoop.http.lib.StaticUserWebFilter$StaticUserFilter) to context hddsDatanode
2019-09-26 16:37:01,351 [main] INFO  http.HttpServer2 (HttpServer2.java:addFilter(958)) - Added filter static_user_filter (class=org.apache.hadoop.http.lib.StaticUserWebFilter$StaticUserFilter) to context static
2019-09-26 16:37:01,351 [main] INFO  http.HttpServer2 (HttpServer2.java:addFilter(958)) - Added filter static_user_filter (class=org.apache.hadoop.http.lib.StaticUserWebFilter$StaticUserFilter) to context logs
2019-09-26 16:37:01,351 [main] INFO  http.HttpServer2 (HttpServer2.java:bindListener(1191)) - Jetty bound to port 43383
2019-09-26 16:37:01,352 [main] INFO  server.Server (Server.java:doStart(351)) - jetty-9.3.25.v20180904, build timestamp: 2018-09-04T21:11:46Z, git hash: 3ce520221d0240229c862b122d2b06c12a625732
2019-09-26 16:37:01,353 [main] INFO  handler.ContextHandler (ContextHandler.java:doStart(781)) - Started o.e.j.s.ServletContextHandler@2c9a6717{/logs,file:///workdir/hadoop-ozone/integration-test/target/log,AVAILABLE}
2019-09-26 16:37:01,354 [main] INFO  handler.ContextHandler (ContextHandler.java:doStart(781)) - Started o.e.j.s.ServletContextHandler@6d091cad{/static,jar:file:/home/user/.m2/repository/org/apache/hadoop/hadoop-hdds-container-service/0.5.0-SNAPSHOT/hadoop-hdds-container-service-0.5.0-SNAPSHOT.jar!/webapps/static,AVAILABLE}
2019-09-26 16:37:01,382 [main] INFO  handler.ContextHandler (ContextHandler.java:doStart(781)) - Started o.e.j.w.WebAppContext@4130955c{/,file:///tmp/jetty-0.0.0.0-43383-hddsDatanode-_-any-1747559705672017497.dir/webapp/,AVAILABLE}{/hddsDatanode}
2019-09-26 16:37:01,382 [main] INFO  server.AbstractConnector (AbstractConnector.java:doStart(278)) - Started ServerConnector@2bfaba70{HTTP/1.1,[http/1.1]}{0.0.0.0:43383}
2019-09-26 16:37:01,383 [main] INFO  server.Server (Server.java:doStart(419)) - Started @149233ms
2019-09-26 16:37:01,383 [main] WARN  impl.MetricsSystemImpl (MetricsSystemImpl.java:register(276)) - Sink prometheus already exists!
2019-09-26 16:37:01,384 [main] INFO  server.BaseHttpServer (BaseHttpServer.java:updateConnectorAddress(215)) - HTTP server of HDDSDATANODE is listening at http://0.0.0.0:43383
2019-09-26 16:37:01,384 [main] INFO  impl.MetricsSystemImpl (MetricsSystemImpl.java:init(158)) - HddsDatanode metrics system started (again)
2019-09-26 16:37:01,387 [main] INFO  ozone.HddsDatanodeService (HddsDatanodeService.java:start(184)) - HddsDatanodeService host:pr-hdds-2162-htzpk-1451759861 ip:192.168.157.234
2019-09-26 16:37:01,387 [org.apache.hadoop.util.JvmPauseMonitor$Monitor@14354dd4] INFO  util.JvmPauseMonitor (JvmPauseMonitor.java:run(188)) - Starting JVM pause monitor
2019-09-26 16:37:01,389 [Datanode State Machine Thread - 0] INFO  datanode.InitDatanodeState (InitDatanodeState.java:persistContainerDatanodeDetails(140)) - DatanodeDetails is persisted to /workdir/hadoop-ozone/integration-test/target/test-dir/MiniOzoneClusterImpl-521d4657-8b90-42e2-88d0-1dd80c8159cc/datanode-2/meta/datanode.id
2019-09-26 16:37:01,393 [main] INFO  volume.HddsVolume (HddsVolume.java:<init>(176)) - Creating Volume: /workdir/hadoop-ozone/integration-test/target/test-dir/MiniOzoneClusterImpl-521d4657-8b90-42e2-88d0-1dd80c8159cc/datanode-3/data/containers/hdds of  storage type : DISK and capacity : 1482555576320
2019-09-26 16:37:01,393 [main] INFO  volume.VolumeSet (VolumeSet.java:initializeVolumeSet(170)) - Added Volume : /workdir/hadoop-ozone/integration-test/target/test-dir/MiniOzoneClusterImpl-521d4657-8b90-42e2-88d0-1dd80c8159cc/datanode-3/data/containers/hdds to VolumeSet
2019-09-26 16:37:01,393 [main] INFO  volume.ThrottledAsyncChecker (ThrottledAsyncChecker.java:schedule(139)) - Scheduling a check for org.apache.hadoop.ozone.container.common.volume.HddsVolume@53b1a3f8
2019-09-26 16:37:01,394 [main] INFO  volume.HddsVolumeChecker (HddsVolumeChecker.java:checkAllVolumes(202)) - Scheduled health check for volume org.apache.hadoop.ozone.container.common.volume.HddsVolume@53b1a3f8
2019-09-26 16:37:01,405 [main] INFO  impl.RaftServerProxy (ConfUtils.java:logGet(43)) - raft.rpc.type = GRPC (default)
2019-09-26 16:37:01,406 [main] INFO  grpc.GrpcFactory (GrpcFactory.java:checkPooledByteBufAllocatorUseCacheForAllThreads(45)) - PERFORMANCE WARNING: useCacheForAllThreads is true that may cause Netty to create a lot garbage objects and, as a result, trigger GC.
	It is recommended to disable useCacheForAllThreads by setting -Dorg.apache.ratis.thirdparty.io.netty.allocator.useCacheForAllThreads=false in command line.
2019-09-26 16:37:01,406 [main] INFO  grpc.GrpcConfigKeys$Server (ConfUtils.java:logGet(43)) - raft.grpc.server.port = 0 (default)
2019-09-26 16:37:01,406 [main] INFO  server.GrpcService (ConfUtils.java:logGet(43)) - raft.grpc.message.size.max = 33570816 (custom)
2019-09-26 16:37:01,406 [main] INFO  server.RaftServerConfigKeys (ConfUtils.java:logGet(43)) - raft.server.log.appender.buffer.byte-limit = 33554432 (custom)
2019-09-26 16:37:01,406 [main] INFO  server.GrpcService (ConfUtils.java:logGet(43)) - raft.grpc.flow.control.window = 1MB (=1048576) (default)
2019-09-26 16:37:01,407 [main] INFO  server.RaftServerConfigKeys (ConfUtils.java:logGet(43)) - raft.server.rpc.request.timeout = 3000ms (default)
2019-09-26 16:37:01,407 [main] INFO  server.RaftServerConfigKeys (ConfUtils.java:logGet(43)) - raft.server.storage.dir = [/workdir/hadoop-ozone/integration-test/target/test-dir/MiniOzoneClusterImpl-521d4657-8b90-42e2-88d0-1dd80c8159cc/datanode-3/data/ratis] (custom)
2019-09-26 16:37:01,408 [main] INFO  hdfs.DFSUtil (DFSUtil.java:httpServerTemplateForNNAndJN(1641)) - Starting Web-server for hddsDatanode at: http://0.0.0.0:0
2019-09-26 16:37:01,409 [main] INFO  server.AuthenticationFilter (AuthenticationFilter.java:constructSecretProvider(240)) - Unable to initialize FileSignerSecretProvider, falling back to use random secrets.
2019-09-26 16:37:01,409 [main] WARN  http.HttpRequestLog (HttpRequestLog.java:getRequestLog(97)) - Jetty request log can only be enabled using Log4j
2019-09-26 16:37:01,411 [main] INFO  http.HttpServer2 (HttpServer2.java:addGlobalFilter(975)) - Added global filter 'safety' (class=org.apache.hadoop.http.HttpServer2$QuotingInputFilter)
2019-09-26 16:37:01,411 [main] INFO  http.HttpServer2 (HttpServer2.java:addFilter(948)) - Added filter static_user_filter (class=org.apache.hadoop.http.lib.StaticUserWebFilter$StaticUserFilter) to context hddsDatanode
2019-09-26 16:37:01,411 [main] INFO  http.HttpServer2 (HttpServer2.java:addFilter(958)) - Added filter static_user_filter (class=org.apache.hadoop.http.lib.StaticUserWebFilter$StaticUserFilter) to context static
2019-09-26 16:37:01,412 [main] INFO  http.HttpServer2 (HttpServer2.java:addFilter(958)) - Added filter static_user_filter (class=org.apache.hadoop.http.lib.StaticUserWebFilter$StaticUserFilter) to context logs
2019-09-26 16:37:01,412 [main] INFO  http.HttpServer2 (HttpServer2.java:bindListener(1191)) - Jetty bound to port 45745
2019-09-26 16:37:01,412 [main] INFO  server.Server (Server.java:doStart(351)) - jetty-9.3.25.v20180904, build timestamp: 2018-09-04T21:11:46Z, git hash: 3ce520221d0240229c862b122d2b06c12a625732
2019-09-26 16:37:01,414 [main] INFO  handler.ContextHandler (ContextHandler.java:doStart(781)) - Started o.e.j.s.ServletContextHandler@49469ffa{/logs,file:///workdir/hadoop-ozone/integration-test/target/log,AVAILABLE}
2019-09-26 16:37:01,414 [main] INFO  handler.ContextHandler (ContextHandler.java:doStart(781)) - Started o.e.j.s.ServletContextHandler@7a3b7122{/static,jar:file:/home/user/.m2/repository/org/apache/hadoop/hadoop-hdds-container-service/0.5.0-SNAPSHOT/hadoop-hdds-container-service-0.5.0-SNAPSHOT.jar!/webapps/static,AVAILABLE}
2019-09-26 16:37:01,442 [main] INFO  handler.ContextHandler (ContextHandler.java:doStart(781)) - Started o.e.j.w.WebAppContext@2db1b657{/,file:///tmp/jetty-0.0.0.0-45745-hddsDatanode-_-any-9116651187413948316.dir/webapp/,AVAILABLE}{/hddsDatanode}
2019-09-26 16:37:01,442 [main] INFO  server.AbstractConnector (AbstractConnector.java:doStart(278)) - Started ServerConnector@7e351d7{HTTP/1.1,[http/1.1]}{0.0.0.0:45745}
2019-09-26 16:37:01,443 [main] INFO  server.Server (Server.java:doStart(419)) - Started @149293ms
2019-09-26 16:37:01,443 [main] WARN  impl.MetricsSystemImpl (MetricsSystemImpl.java:register(276)) - Sink prometheus already exists!
2019-09-26 16:37:01,444 [main] INFO  server.BaseHttpServer (BaseHttpServer.java:updateConnectorAddress(215)) - HTTP server of HDDSDATANODE is listening at http://0.0.0.0:45745
2019-09-26 16:37:01,444 [main] INFO  impl.MetricsSystemImpl (MetricsSystemImpl.java:init(158)) - HddsDatanode metrics system started (again)
2019-09-26 16:37:01,446 [org.apache.hadoop.util.JvmPauseMonitor$Monitor@a16502f] INFO  util.JvmPauseMonitor (JvmPauseMonitor.java:run(188)) - Starting JVM pause monitor
2019-09-26 16:37:01,447 [main] INFO  ozone.HddsDatanodeService (HddsDatanodeService.java:start(184)) - HddsDatanodeService host:pr-hdds-2162-htzpk-1451759861 ip:192.168.157.234
2019-09-26 16:37:01,448 [Datanode State Machine Thread - 0] INFO  datanode.InitDatanodeState (InitDatanodeState.java:persistContainerDatanodeDetails(140)) - DatanodeDetails is persisted to /workdir/hadoop-ozone/integration-test/target/test-dir/MiniOzoneClusterImpl-521d4657-8b90-42e2-88d0-1dd80c8159cc/datanode-3/meta/datanode.id
2019-09-26 16:37:01,452 [main] INFO  volume.HddsVolume (HddsVolume.java:<init>(176)) - Creating Volume: /workdir/hadoop-ozone/integration-test/target/test-dir/MiniOzoneClusterImpl-521d4657-8b90-42e2-88d0-1dd80c8159cc/datanode-4/data/containers/hdds of  storage type : DISK and capacity : 1482555576320
2019-09-26 16:37:01,452 [main] INFO  volume.VolumeSet (VolumeSet.java:initializeVolumeSet(170)) - Added Volume : /workdir/hadoop-ozone/integration-test/target/test-dir/MiniOzoneClusterImpl-521d4657-8b90-42e2-88d0-1dd80c8159cc/datanode-4/data/containers/hdds to VolumeSet
2019-09-26 16:37:01,452 [main] INFO  volume.ThrottledAsyncChecker (ThrottledAsyncChecker.java:schedule(139)) - Scheduling a check for org.apache.hadoop.ozone.container.common.volume.HddsVolume@383caf89
2019-09-26 16:37:01,453 [main] INFO  volume.HddsVolumeChecker (HddsVolumeChecker.java:checkAllVolumes(202)) - Scheduled health check for volume org.apache.hadoop.ozone.container.common.volume.HddsVolume@383caf89
2019-09-26 16:37:01,463 [main] INFO  impl.RaftServerProxy (ConfUtils.java:logGet(43)) - raft.rpc.type = GRPC (default)
2019-09-26 16:37:01,463 [main] INFO  grpc.GrpcFactory (GrpcFactory.java:checkPooledByteBufAllocatorUseCacheForAllThreads(45)) - PERFORMANCE WARNING: useCacheForAllThreads is true that may cause Netty to create a lot garbage objects and, as a result, trigger GC.
	It is recommended to disable useCacheForAllThreads by setting -Dorg.apache.ratis.thirdparty.io.netty.allocator.useCacheForAllThreads=false in command line.
2019-09-26 16:37:01,464 [main] INFO  grpc.GrpcConfigKeys$Server (ConfUtils.java:logGet(43)) - raft.grpc.server.port = 0 (default)
2019-09-26 16:37:01,464 [main] INFO  server.GrpcService (ConfUtils.java:logGet(43)) - raft.grpc.message.size.max = 33570816 (custom)
2019-09-26 16:37:01,464 [main] INFO  server.RaftServerConfigKeys (ConfUtils.java:logGet(43)) - raft.server.log.appender.buffer.byte-limit = 33554432 (custom)
2019-09-26 16:37:01,464 [main] INFO  server.GrpcService (ConfUtils.java:logGet(43)) - raft.grpc.flow.control.window = 1MB (=1048576) (default)
2019-09-26 16:37:01,464 [main] INFO  server.RaftServerConfigKeys (ConfUtils.java:logGet(43)) - raft.server.rpc.request.timeout = 3000ms (default)
2019-09-26 16:37:01,465 [main] INFO  server.RaftServerConfigKeys (ConfUtils.java:logGet(43)) - raft.server.storage.dir = [/workdir/hadoop-ozone/integration-test/target/test-dir/MiniOzoneClusterImpl-521d4657-8b90-42e2-88d0-1dd80c8159cc/datanode-4/data/ratis] (custom)
2019-09-26 16:37:01,466 [main] INFO  hdfs.DFSUtil (DFSUtil.java:httpServerTemplateForNNAndJN(1641)) - Starting Web-server for hddsDatanode at: http://0.0.0.0:0
2019-09-26 16:37:01,467 [main] INFO  server.AuthenticationFilter (AuthenticationFilter.java:constructSecretProvider(240)) - Unable to initialize FileSignerSecretProvider, falling back to use random secrets.
2019-09-26 16:37:01,468 [main] WARN  http.HttpRequestLog (HttpRequestLog.java:getRequestLog(97)) - Jetty request log can only be enabled using Log4j
2019-09-26 16:37:01,469 [main] INFO  http.HttpServer2 (HttpServer2.java:addGlobalFilter(975)) - Added global filter 'safety' (class=org.apache.hadoop.http.HttpServer2$QuotingInputFilter)
2019-09-26 16:37:01,469 [main] INFO  http.HttpServer2 (HttpServer2.java:addFilter(948)) - Added filter static_user_filter (class=org.apache.hadoop.http.lib.StaticUserWebFilter$StaticUserFilter) to context hddsDatanode
2019-09-26 16:37:01,470 [main] INFO  http.HttpServer2 (HttpServer2.java:addFilter(958)) - Added filter static_user_filter (class=org.apache.hadoop.http.lib.StaticUserWebFilter$StaticUserFilter) to context static
2019-09-26 16:37:01,470 [main] INFO  http.HttpServer2 (HttpServer2.java:addFilter(958)) - Added filter static_user_filter (class=org.apache.hadoop.http.lib.StaticUserWebFilter$StaticUserFilter) to context logs
2019-09-26 16:37:01,470 [main] INFO  http.HttpServer2 (HttpServer2.java:bindListener(1191)) - Jetty bound to port 34993
2019-09-26 16:37:01,470 [main] INFO  server.Server (Server.java:doStart(351)) - jetty-9.3.25.v20180904, build timestamp: 2018-09-04T21:11:46Z, git hash: 3ce520221d0240229c862b122d2b06c12a625732
2019-09-26 16:37:01,472 [main] INFO  handler.ContextHandler (ContextHandler.java:doStart(781)) - Started o.e.j.s.ServletContextHandler@45658133{/logs,file:///workdir/hadoop-ozone/integration-test/target/log,AVAILABLE}
2019-09-26 16:37:01,472 [main] INFO  handler.ContextHandler (ContextHandler.java:doStart(781)) - Started o.e.j.s.ServletContextHandler@67536ae0{/static,jar:file:/home/user/.m2/repository/org/apache/hadoop/hadoop-hdds-container-service/0.5.0-SNAPSHOT/hadoop-hdds-container-service-0.5.0-SNAPSHOT.jar!/webapps/static,AVAILABLE}
2019-09-26 16:37:01,501 [main] INFO  handler.ContextHandler (ContextHandler.java:doStart(781)) - Started o.e.j.w.WebAppContext@3440e9cd{/,file:///tmp/jetty-0.0.0.0-34993-hddsDatanode-_-any-4201439869868755673.dir/webapp/,AVAILABLE}{/hddsDatanode}
2019-09-26 16:37:01,502 [main] INFO  server.AbstractConnector (AbstractConnector.java:doStart(278)) - Started ServerConnector@28a9494b{HTTP/1.1,[http/1.1]}{0.0.0.0:34993}
2019-09-26 16:37:01,502 [main] INFO  server.Server (Server.java:doStart(419)) - Started @149352ms
2019-09-26 16:37:01,502 [main] WARN  impl.MetricsSystemImpl (MetricsSystemImpl.java:register(276)) - Sink prometheus already exists!
2019-09-26 16:37:01,503 [main] INFO  server.BaseHttpServer (BaseHttpServer.java:updateConnectorAddress(215)) - HTTP server of HDDSDATANODE is listening at http://0.0.0.0:34993
2019-09-26 16:37:01,503 [main] INFO  impl.MetricsSystemImpl (MetricsSystemImpl.java:init(158)) - HddsDatanode metrics system started (again)
2019-09-26 16:37:01,506 [org.apache.hadoop.util.JvmPauseMonitor$Monitor@32a52680] INFO  util.JvmPauseMonitor (JvmPauseMonitor.java:run(188)) - Starting JVM pause monitor
2019-09-26 16:37:01,506 [main] INFO  ozone.HddsDatanodeService (HddsDatanodeService.java:start(184)) - HddsDatanodeService host:pr-hdds-2162-htzpk-1451759861 ip:192.168.157.234
2019-09-26 16:37:01,508 [Datanode State Machine Thread - 0] INFO  datanode.InitDatanodeState (InitDatanodeState.java:persistContainerDatanodeDetails(140)) - DatanodeDetails is persisted to /workdir/hadoop-ozone/integration-test/target/test-dir/MiniOzoneClusterImpl-521d4657-8b90-42e2-88d0-1dd80c8159cc/datanode-4/meta/datanode.id
2019-09-26 16:37:01,512 [main] INFO  volume.HddsVolume (HddsVolume.java:<init>(176)) - Creating Volume: /workdir/hadoop-ozone/integration-test/target/test-dir/MiniOzoneClusterImpl-521d4657-8b90-42e2-88d0-1dd80c8159cc/datanode-5/data/containers/hdds of  storage type : DISK and capacity : 1482555576320
2019-09-26 16:37:01,512 [main] INFO  volume.VolumeSet (VolumeSet.java:initializeVolumeSet(170)) - Added Volume : /workdir/hadoop-ozone/integration-test/target/test-dir/MiniOzoneClusterImpl-521d4657-8b90-42e2-88d0-1dd80c8159cc/datanode-5/data/containers/hdds to VolumeSet
2019-09-26 16:37:01,513 [main] INFO  volume.ThrottledAsyncChecker (ThrottledAsyncChecker.java:schedule(139)) - Scheduling a check for org.apache.hadoop.ozone.container.common.volume.HddsVolume@696db620
2019-09-26 16:37:01,513 [main] INFO  volume.HddsVolumeChecker (HddsVolumeChecker.java:checkAllVolumes(202)) - Scheduled health check for volume org.apache.hadoop.ozone.container.common.volume.HddsVolume@696db620
2019-09-26 16:37:01,527 [main] INFO  impl.RaftServerProxy (ConfUtils.java:logGet(43)) - raft.rpc.type = GRPC (default)
2019-09-26 16:37:01,527 [main] INFO  grpc.GrpcFactory (GrpcFactory.java:checkPooledByteBufAllocatorUseCacheForAllThreads(45)) - PERFORMANCE WARNING: useCacheForAllThreads is true that may cause Netty to create a lot garbage objects and, as a result, trigger GC.
	It is recommended to disable useCacheForAllThreads by setting -Dorg.apache.ratis.thirdparty.io.netty.allocator.useCacheForAllThreads=false in command line.
2019-09-26 16:37:01,527 [main] INFO  grpc.GrpcConfigKeys$Server (ConfUtils.java:logGet(43)) - raft.grpc.server.port = 0 (default)
2019-09-26 16:37:01,528 [main] INFO  server.GrpcService (ConfUtils.java:logGet(43)) - raft.grpc.message.size.max = 33570816 (custom)
2019-09-26 16:37:01,528 [main] INFO  server.RaftServerConfigKeys (ConfUtils.java:logGet(43)) - raft.server.log.appender.buffer.byte-limit = 33554432 (custom)
2019-09-26 16:37:01,528 [main] INFO  server.GrpcService (ConfUtils.java:logGet(43)) - raft.grpc.flow.control.window = 1MB (=1048576) (default)
2019-09-26 16:37:01,528 [main] INFO  server.RaftServerConfigKeys (ConfUtils.java:logGet(43)) - raft.server.rpc.request.timeout = 3000ms (default)
2019-09-26 16:37:01,529 [main] INFO  server.RaftServerConfigKeys (ConfUtils.java:logGet(43)) - raft.server.storage.dir = [/workdir/hadoop-ozone/integration-test/target/test-dir/MiniOzoneClusterImpl-521d4657-8b90-42e2-88d0-1dd80c8159cc/datanode-5/data/ratis] (custom)
2019-09-26 16:37:01,531 [main] INFO  hdfs.DFSUtil (DFSUtil.java:httpServerTemplateForNNAndJN(1641)) - Starting Web-server for hddsDatanode at: http://0.0.0.0:0
2019-09-26 16:37:01,532 [main] INFO  server.AuthenticationFilter (AuthenticationFilter.java:constructSecretProvider(240)) - Unable to initialize FileSignerSecretProvider, falling back to use random secrets.
2019-09-26 16:37:01,533 [main] WARN  http.HttpRequestLog (HttpRequestLog.java:getRequestLog(97)) - Jetty request log can only be enabled using Log4j
2019-09-26 16:37:01,534 [main] INFO  http.HttpServer2 (HttpServer2.java:addGlobalFilter(975)) - Added global filter 'safety' (class=org.apache.hadoop.http.HttpServer2$QuotingInputFilter)
2019-09-26 16:37:01,535 [main] INFO  http.HttpServer2 (HttpServer2.java:addFilter(948)) - Added filter static_user_filter (class=org.apache.hadoop.http.lib.StaticUserWebFilter$StaticUserFilter) to context hddsDatanode
2019-09-26 16:37:01,535 [main] INFO  http.HttpServer2 (HttpServer2.java:addFilter(958)) - Added filter static_user_filter (class=org.apache.hadoop.http.lib.StaticUserWebFilter$StaticUserFilter) to context logs
2019-09-26 16:37:01,535 [main] INFO  http.HttpServer2 (HttpServer2.java:addFilter(958)) - Added filter static_user_filter (class=org.apache.hadoop.http.lib.StaticUserWebFilter$StaticUserFilter) to context static
2019-09-26 16:37:01,536 [main] INFO  http.HttpServer2 (HttpServer2.java:bindListener(1191)) - Jetty bound to port 45324
2019-09-26 16:37:01,536 [main] INFO  server.Server (Server.java:doStart(351)) - jetty-9.3.25.v20180904, build timestamp: 2018-09-04T21:11:46Z, git hash: 3ce520221d0240229c862b122d2b06c12a625732
2019-09-26 16:37:01,538 [main] INFO  handler.ContextHandler (ContextHandler.java:doStart(781)) - Started o.e.j.s.ServletContextHandler@497d4c96{/logs,file:///workdir/hadoop-ozone/integration-test/target/log,AVAILABLE}
2019-09-26 16:37:01,539 [main] INFO  handler.ContextHandler (ContextHandler.java:doStart(781)) - Started o.e.j.s.ServletContextHandler@69d3cf7e{/static,jar:file:/home/user/.m2/repository/org/apache/hadoop/hadoop-hdds-container-service/0.5.0-SNAPSHOT/hadoop-hdds-container-service-0.5.0-SNAPSHOT.jar!/webapps/static,AVAILABLE}
2019-09-26 16:37:01,568 [main] INFO  handler.ContextHandler (ContextHandler.java:doStart(781)) - Started o.e.j.w.WebAppContext@36d33f4{/,file:///tmp/jetty-0.0.0.0-45324-hddsDatanode-_-any-6799687757389998055.dir/webapp/,AVAILABLE}{/hddsDatanode}
2019-09-26 16:37:01,569 [main] INFO  server.AbstractConnector (AbstractConnector.java:doStart(278)) - Started ServerConnector@16736040{HTTP/1.1,[http/1.1]}{0.0.0.0:45324}
2019-09-26 16:37:01,571 [main] INFO  server.Server (Server.java:doStart(419)) - Started @149421ms
2019-09-26 16:37:01,571 [main] WARN  impl.MetricsSystemImpl (MetricsSystemImpl.java:register(276)) - Sink prometheus already exists!
2019-09-26 16:37:01,572 [main] INFO  server.BaseHttpServer (BaseHttpServer.java:updateConnectorAddress(215)) - HTTP server of HDDSDATANODE is listening at http://0.0.0.0:45324
2019-09-26 16:37:01,572 [main] INFO  impl.MetricsSystemImpl (MetricsSystemImpl.java:init(158)) - HddsDatanode metrics system started (again)
2019-09-26 16:37:01,576 [org.apache.hadoop.util.JvmPauseMonitor$Monitor@777c6823] INFO  util.JvmPauseMonitor (JvmPauseMonitor.java:run(188)) - Starting JVM pause monitor
2019-09-26 16:37:01,576 [main] INFO  ozone.HddsDatanodeService (HddsDatanodeService.java:start(184)) - HddsDatanodeService host:pr-hdds-2162-htzpk-1451759861 ip:192.168.157.234
2019-09-26 16:37:01,585 [Datanode State Machine Thread - 0] INFO  datanode.InitDatanodeState (InitDatanodeState.java:persistContainerDatanodeDetails(140)) - DatanodeDetails is persisted to /workdir/hadoop-ozone/integration-test/target/test-dir/MiniOzoneClusterImpl-521d4657-8b90-42e2-88d0-1dd80c8159cc/datanode-5/meta/datanode.id
2019-09-26 16:37:01,585 [main] INFO  volume.HddsVolume (HddsVolume.java:<init>(176)) - Creating Volume: /workdir/hadoop-ozone/integration-test/target/test-dir/MiniOzoneClusterImpl-521d4657-8b90-42e2-88d0-1dd80c8159cc/datanode-6/data/containers/hdds of  storage type : DISK and capacity : 1482555576320
2019-09-26 16:37:01,586 [main] INFO  volume.VolumeSet (VolumeSet.java:initializeVolumeSet(170)) - Added Volume : /workdir/hadoop-ozone/integration-test/target/test-dir/MiniOzoneClusterImpl-521d4657-8b90-42e2-88d0-1dd80c8159cc/datanode-6/data/containers/hdds to VolumeSet
2019-09-26 16:37:01,586 [main] INFO  volume.ThrottledAsyncChecker (ThrottledAsyncChecker.java:schedule(139)) - Scheduling a check for org.apache.hadoop.ozone.container.common.volume.HddsVolume@6a5e167a
2019-09-26 16:37:01,587 [main] INFO  volume.HddsVolumeChecker (HddsVolumeChecker.java:checkAllVolumes(202)) - Scheduled health check for volume org.apache.hadoop.ozone.container.common.volume.HddsVolume@6a5e167a
2019-09-26 16:37:01,608 [main] INFO  impl.RaftServerProxy (ConfUtils.java:logGet(43)) - raft.rpc.type = GRPC (default)
2019-09-26 16:37:01,609 [main] INFO  grpc.GrpcFactory (GrpcFactory.java:checkPooledByteBufAllocatorUseCacheForAllThreads(45)) - PERFORMANCE WARNING: useCacheForAllThreads is true that may cause Netty to create a lot garbage objects and, as a result, trigger GC.
	It is recommended to disable useCacheForAllThreads by setting -Dorg.apache.ratis.thirdparty.io.netty.allocator.useCacheForAllThreads=false in command line.
2019-09-26 16:37:01,609 [main] INFO  grpc.GrpcConfigKeys$Server (ConfUtils.java:logGet(43)) - raft.grpc.server.port = 0 (default)
2019-09-26 16:37:01,610 [main] INFO  server.GrpcService (ConfUtils.java:logGet(43)) - raft.grpc.message.size.max = 33570816 (custom)
2019-09-26 16:37:01,610 [main] INFO  server.RaftServerConfigKeys (ConfUtils.java:logGet(43)) - raft.server.log.appender.buffer.byte-limit = 33554432 (custom)
2019-09-26 16:37:01,610 [main] INFO  server.GrpcService (ConfUtils.java:logGet(43)) - raft.grpc.flow.control.window = 1MB (=1048576) (default)
2019-09-26 16:37:01,611 [main] INFO  server.RaftServerConfigKeys (ConfUtils.java:logGet(43)) - raft.server.rpc.request.timeout = 3000ms (default)
2019-09-26 16:37:01,611 [main] INFO  server.RaftServerConfigKeys (ConfUtils.java:logGet(43)) - raft.server.storage.dir = [/workdir/hadoop-ozone/integration-test/target/test-dir/MiniOzoneClusterImpl-521d4657-8b90-42e2-88d0-1dd80c8159cc/datanode-6/data/ratis] (custom)
2019-09-26 16:37:01,614 [main] INFO  hdfs.DFSUtil (DFSUtil.java:httpServerTemplateForNNAndJN(1641)) - Starting Web-server for hddsDatanode at: http://0.0.0.0:0
2019-09-26 16:37:01,621 [main] INFO  server.AuthenticationFilter (AuthenticationFilter.java:constructSecretProvider(240)) - Unable to initialize FileSignerSecretProvider, falling back to use random secrets.
2019-09-26 16:37:01,622 [main] WARN  http.HttpRequestLog (HttpRequestLog.java:getRequestLog(97)) - Jetty request log can only be enabled using Log4j
2019-09-26 16:37:01,624 [main] INFO  http.HttpServer2 (HttpServer2.java:addGlobalFilter(975)) - Added global filter 'safety' (class=org.apache.hadoop.http.HttpServer2$QuotingInputFilter)
2019-09-26 16:37:01,625 [main] INFO  http.HttpServer2 (HttpServer2.java:addFilter(948)) - Added filter static_user_filter (class=org.apache.hadoop.http.lib.StaticUserWebFilter$StaticUserFilter) to context hddsDatanode
2019-09-26 16:37:01,625 [main] INFO  http.HttpServer2 (HttpServer2.java:addFilter(958)) - Added filter static_user_filter (class=org.apache.hadoop.http.lib.StaticUserWebFilter$StaticUserFilter) to context static
2019-09-26 16:37:01,625 [main] INFO  http.HttpServer2 (HttpServer2.java:addFilter(958)) - Added filter static_user_filter (class=org.apache.hadoop.http.lib.StaticUserWebFilter$StaticUserFilter) to context logs
2019-09-26 16:37:01,626 [main] INFO  http.HttpServer2 (HttpServer2.java:bindListener(1191)) - Jetty bound to port 46608
2019-09-26 16:37:01,626 [main] INFO  server.Server (Server.java:doStart(351)) - jetty-9.3.25.v20180904, build timestamp: 2018-09-04T21:11:46Z, git hash: 3ce520221d0240229c862b122d2b06c12a625732
2019-09-26 16:37:01,628 [main] INFO  handler.ContextHandler (ContextHandler.java:doStart(781)) - Started o.e.j.s.ServletContextHandler@6274670b{/logs,file:///workdir/hadoop-ozone/integration-test/target/log,AVAILABLE}
2019-09-26 16:37:01,629 [main] INFO  handler.ContextHandler (ContextHandler.java:doStart(781)) - Started o.e.j.s.ServletContextHandler@32d5279{/static,jar:file:/home/user/.m2/repository/org/apache/hadoop/hadoop-hdds-container-service/0.5.0-SNAPSHOT/hadoop-hdds-container-service-0.5.0-SNAPSHOT.jar!/webapps/static,AVAILABLE}
2019-09-26 16:37:01,666 [main] INFO  handler.ContextHandler (ContextHandler.java:doStart(781)) - Started o.e.j.w.WebAppContext@1d858300{/,file:///tmp/jetty-0.0.0.0-46608-hddsDatanode-_-any-3663404591165717870.dir/webapp/,AVAILABLE}{/hddsDatanode}
2019-09-26 16:37:01,666 [main] INFO  server.AbstractConnector (AbstractConnector.java:doStart(278)) - Started ServerConnector@76f881d9{HTTP/1.1,[http/1.1]}{0.0.0.0:46608}
2019-09-26 16:37:01,671 [main] INFO  server.Server (Server.java:doStart(419)) - Started @149521ms
2019-09-26 16:37:01,671 [main] WARN  impl.MetricsSystemImpl (MetricsSystemImpl.java:register(276)) - Sink prometheus already exists!
2019-09-26 16:37:01,672 [main] INFO  server.BaseHttpServer (BaseHttpServer.java:updateConnectorAddress(215)) - HTTP server of HDDSDATANODE is listening at http://0.0.0.0:46608
2019-09-26 16:37:01,672 [main] INFO  impl.MetricsSystemImpl (MetricsSystemImpl.java:init(158)) - HddsDatanode metrics system started (again)
2019-09-26 16:37:01,676 [org.apache.hadoop.util.JvmPauseMonitor$Monitor@61804809] INFO  util.JvmPauseMonitor (JvmPauseMonitor.java:run(188)) - Starting JVM pause monitor
2019-09-26 16:37:01,676 [main] INFO  ozone.HddsDatanodeService (HddsDatanodeService.java:start(184)) - HddsDatanodeService host:pr-hdds-2162-htzpk-1451759861 ip:192.168.157.234
2019-09-26 16:37:01,678 [Datanode State Machine Thread - 0] INFO  datanode.InitDatanodeState (InitDatanodeState.java:persistContainerDatanodeDetails(140)) - DatanodeDetails is persisted to /workdir/hadoop-ozone/integration-test/target/test-dir/MiniOzoneClusterImpl-521d4657-8b90-42e2-88d0-1dd80c8159cc/datanode-6/meta/datanode.id
2019-09-26 16:37:01,683 [main] INFO  volume.HddsVolume (HddsVolume.java:<init>(176)) - Creating Volume: /workdir/hadoop-ozone/integration-test/target/test-dir/MiniOzoneClusterImpl-521d4657-8b90-42e2-88d0-1dd80c8159cc/datanode-7/data/containers/hdds of  storage type : DISK and capacity : 1482555576320
2019-09-26 16:37:01,684 [main] INFO  volume.VolumeSet (VolumeSet.java:initializeVolumeSet(170)) - Added Volume : /workdir/hadoop-ozone/integration-test/target/test-dir/MiniOzoneClusterImpl-521d4657-8b90-42e2-88d0-1dd80c8159cc/datanode-7/data/containers/hdds to VolumeSet
2019-09-26 16:37:01,684 [main] INFO  volume.ThrottledAsyncChecker (ThrottledAsyncChecker.java:schedule(139)) - Scheduling a check for org.apache.hadoop.ozone.container.common.volume.HddsVolume@46046c06
2019-09-26 16:37:01,685 [main] INFO  volume.HddsVolumeChecker (HddsVolumeChecker.java:checkAllVolumes(202)) - Scheduled health check for volume org.apache.hadoop.ozone.container.common.volume.HddsVolume@46046c06
2019-09-26 16:37:01,703 [main] INFO  impl.RaftServerProxy (ConfUtils.java:logGet(43)) - raft.rpc.type = GRPC (default)
2019-09-26 16:37:01,703 [main] INFO  grpc.GrpcFactory (GrpcFactory.java:checkPooledByteBufAllocatorUseCacheForAllThreads(45)) - PERFORMANCE WARNING: useCacheForAllThreads is true that may cause Netty to create a lot garbage objects and, as a result, trigger GC.
	It is recommended to disable useCacheForAllThreads by setting -Dorg.apache.ratis.thirdparty.io.netty.allocator.useCacheForAllThreads=false in command line.
2019-09-26 16:37:01,703 [main] INFO  grpc.GrpcConfigKeys$Server (ConfUtils.java:logGet(43)) - raft.grpc.server.port = 0 (default)
2019-09-26 16:37:01,704 [main] INFO  server.GrpcService (ConfUtils.java:logGet(43)) - raft.grpc.message.size.max = 33570816 (custom)
2019-09-26 16:37:01,704 [main] INFO  server.RaftServerConfigKeys (ConfUtils.java:logGet(43)) - raft.server.log.appender.buffer.byte-limit = 33554432 (custom)
2019-09-26 16:37:01,704 [main] INFO  server.GrpcService (ConfUtils.java:logGet(43)) - raft.grpc.flow.control.window = 1MB (=1048576) (default)
2019-09-26 16:37:01,704 [main] INFO  server.RaftServerConfigKeys (ConfUtils.java:logGet(43)) - raft.server.rpc.request.timeout = 3000ms (default)
2019-09-26 16:37:01,705 [main] INFO  server.RaftServerConfigKeys (ConfUtils.java:logGet(43)) - raft.server.storage.dir = [/workdir/hadoop-ozone/integration-test/target/test-dir/MiniOzoneClusterImpl-521d4657-8b90-42e2-88d0-1dd80c8159cc/datanode-7/data/ratis] (custom)
2019-09-26 16:37:01,707 [main] INFO  hdfs.DFSUtil (DFSUtil.java:httpServerTemplateForNNAndJN(1641)) - Starting Web-server for hddsDatanode at: http://0.0.0.0:0
2019-09-26 16:37:01,708 [main] INFO  server.AuthenticationFilter (AuthenticationFilter.java:constructSecretProvider(240)) - Unable to initialize FileSignerSecretProvider, falling back to use random secrets.
2019-09-26 16:37:01,709 [main] WARN  http.HttpRequestLog (HttpRequestLog.java:getRequestLog(97)) - Jetty request log can only be enabled using Log4j
2019-09-26 16:37:01,710 [main] INFO  http.HttpServer2 (HttpServer2.java:addGlobalFilter(975)) - Added global filter 'safety' (class=org.apache.hadoop.http.HttpServer2$QuotingInputFilter)
2019-09-26 16:37:01,711 [main] INFO  http.HttpServer2 (HttpServer2.java:addFilter(948)) - Added filter static_user_filter (class=org.apache.hadoop.http.lib.StaticUserWebFilter$StaticUserFilter) to context hddsDatanode
2019-09-26 16:37:01,711 [main] INFO  http.HttpServer2 (HttpServer2.java:addFilter(958)) - Added filter static_user_filter (class=org.apache.hadoop.http.lib.StaticUserWebFilter$StaticUserFilter) to context logs
2019-09-26 16:37:01,711 [main] INFO  http.HttpServer2 (HttpServer2.java:addFilter(958)) - Added filter static_user_filter (class=org.apache.hadoop.http.lib.StaticUserWebFilter$StaticUserFilter) to context static
2019-09-26 16:37:01,712 [main] INFO  http.HttpServer2 (HttpServer2.java:bindListener(1191)) - Jetty bound to port 45497
2019-09-26 16:37:01,712 [main] INFO  server.Server (Server.java:doStart(351)) - jetty-9.3.25.v20180904, build timestamp: 2018-09-04T21:11:46Z, git hash: 3ce520221d0240229c862b122d2b06c12a625732
2019-09-26 16:37:01,714 [main] INFO  handler.ContextHandler (ContextHandler.java:doStart(781)) - Started o.e.j.s.ServletContextHandler@5dcd0cdf{/logs,file:///workdir/hadoop-ozone/integration-test/target/log,AVAILABLE}
2019-09-26 16:37:01,714 [main] INFO  handler.ContextHandler (ContextHandler.java:doStart(781)) - Started o.e.j.s.ServletContextHandler@1e79d43{/static,jar:file:/home/user/.m2/repository/org/apache/hadoop/hadoop-hdds-container-service/0.5.0-SNAPSHOT/hadoop-hdds-container-service-0.5.0-SNAPSHOT.jar!/webapps/static,AVAILABLE}
2019-09-26 16:37:01,742 [main] INFO  handler.ContextHandler (ContextHandler.java:doStart(781)) - Started o.e.j.w.WebAppContext@3e05586b{/,file:///tmp/jetty-0.0.0.0-45497-hddsDatanode-_-any-7157938894484712864.dir/webapp/,AVAILABLE}{/hddsDatanode}
2019-09-26 16:37:01,742 [main] INFO  server.AbstractConnector (AbstractConnector.java:doStart(278)) - Started ServerConnector@35b17c06{HTTP/1.1,[http/1.1]}{0.0.0.0:45497}
2019-09-26 16:37:01,744 [main] INFO  server.Server (Server.java:doStart(419)) - Started @149594ms
2019-09-26 16:37:01,744 [main] WARN  impl.MetricsSystemImpl (MetricsSystemImpl.java:register(276)) - Sink prometheus already exists!
2019-09-26 16:37:01,744 [main] INFO  server.BaseHttpServer (BaseHttpServer.java:updateConnectorAddress(215)) - HTTP server of HDDSDATANODE is listening at http://0.0.0.0:45497
2019-09-26 16:37:01,745 [main] INFO  impl.MetricsSystemImpl (MetricsSystemImpl.java:init(158)) - HddsDatanode metrics system started (again)
2019-09-26 16:37:01,748 [main] INFO  ozone.HddsDatanodeService (HddsDatanodeService.java:start(184)) - HddsDatanodeService host:pr-hdds-2162-htzpk-1451759861 ip:192.168.157.234
2019-09-26 16:37:01,748 [org.apache.hadoop.util.JvmPauseMonitor$Monitor@41ce115a] INFO  util.JvmPauseMonitor (JvmPauseMonitor.java:run(188)) - Starting JVM pause monitor
2019-09-26 16:37:01,750 [Datanode State Machine Thread - 0] INFO  datanode.InitDatanodeState (InitDatanodeState.java:persistContainerDatanodeDetails(140)) - DatanodeDetails is persisted to /workdir/hadoop-ozone/integration-test/target/test-dir/MiniOzoneClusterImpl-521d4657-8b90-42e2-88d0-1dd80c8159cc/datanode-7/meta/datanode.id
2019-09-26 16:37:01,755 [main] INFO  volume.HddsVolume (HddsVolume.java:<init>(176)) - Creating Volume: /workdir/hadoop-ozone/integration-test/target/test-dir/MiniOzoneClusterImpl-521d4657-8b90-42e2-88d0-1dd80c8159cc/datanode-8/data/containers/hdds of  storage type : DISK and capacity : 1482555576320
2019-09-26 16:37:01,756 [main] INFO  volume.VolumeSet (VolumeSet.java:initializeVolumeSet(170)) - Added Volume : /workdir/hadoop-ozone/integration-test/target/test-dir/MiniOzoneClusterImpl-521d4657-8b90-42e2-88d0-1dd80c8159cc/datanode-8/data/containers/hdds to VolumeSet
2019-09-26 16:37:01,756 [main] INFO  volume.ThrottledAsyncChecker (ThrottledAsyncChecker.java:schedule(139)) - Scheduling a check for org.apache.hadoop.ozone.container.common.volume.HddsVolume@5792c08c
2019-09-26 16:37:01,757 [main] INFO  volume.HddsVolumeChecker (HddsVolumeChecker.java:checkAllVolumes(202)) - Scheduled health check for volume org.apache.hadoop.ozone.container.common.volume.HddsVolume@5792c08c
2019-09-26 16:37:01,777 [main] INFO  impl.RaftServerProxy (ConfUtils.java:logGet(43)) - raft.rpc.type = GRPC (default)
2019-09-26 16:37:01,778 [main] INFO  grpc.GrpcFactory (GrpcFactory.java:checkPooledByteBufAllocatorUseCacheForAllThreads(45)) - PERFORMANCE WARNING: useCacheForAllThreads is true that may cause Netty to create a lot garbage objects and, as a result, trigger GC.
	It is recommended to disable useCacheForAllThreads by setting -Dorg.apache.ratis.thirdparty.io.netty.allocator.useCacheForAllThreads=false in command line.
2019-09-26 16:37:01,778 [main] INFO  grpc.GrpcConfigKeys$Server (ConfUtils.java:logGet(43)) - raft.grpc.server.port = 0 (default)
2019-09-26 16:37:01,778 [main] INFO  server.GrpcService (ConfUtils.java:logGet(43)) - raft.grpc.message.size.max = 33570816 (custom)
2019-09-26 16:37:01,778 [main] INFO  server.RaftServerConfigKeys (ConfUtils.java:logGet(43)) - raft.server.log.appender.buffer.byte-limit = 33554432 (custom)
2019-09-26 16:37:01,779 [main] INFO  server.GrpcService (ConfUtils.java:logGet(43)) - raft.grpc.flow.control.window = 1MB (=1048576) (default)
2019-09-26 16:37:01,779 [main] INFO  server.RaftServerConfigKeys (ConfUtils.java:logGet(43)) - raft.server.rpc.request.timeout = 3000ms (default)
2019-09-26 16:37:01,780 [main] INFO  server.RaftServerConfigKeys (ConfUtils.java:logGet(43)) - raft.server.storage.dir = [/workdir/hadoop-ozone/integration-test/target/test-dir/MiniOzoneClusterImpl-521d4657-8b90-42e2-88d0-1dd80c8159cc/datanode-8/data/ratis] (custom)
2019-09-26 16:37:01,781 [main] INFO  hdfs.DFSUtil (DFSUtil.java:httpServerTemplateForNNAndJN(1641)) - Starting Web-server for hddsDatanode at: http://0.0.0.0:0
2019-09-26 16:37:01,783 [main] INFO  server.AuthenticationFilter (AuthenticationFilter.java:constructSecretProvider(240)) - Unable to initialize FileSignerSecretProvider, falling back to use random secrets.
2019-09-26 16:37:01,783 [main] WARN  http.HttpRequestLog (HttpRequestLog.java:getRequestLog(97)) - Jetty request log can only be enabled using Log4j
2019-09-26 16:37:01,785 [main] INFO  http.HttpServer2 (HttpServer2.java:addGlobalFilter(975)) - Added global filter 'safety' (class=org.apache.hadoop.http.HttpServer2$QuotingInputFilter)
2019-09-26 16:37:01,785 [main] INFO  http.HttpServer2 (HttpServer2.java:addFilter(948)) - Added filter static_user_filter (class=org.apache.hadoop.http.lib.StaticUserWebFilter$StaticUserFilter) to context hddsDatanode
2019-09-26 16:37:01,785 [main] INFO  http.HttpServer2 (HttpServer2.java:addFilter(958)) - Added filter static_user_filter (class=org.apache.hadoop.http.lib.StaticUserWebFilter$StaticUserFilter) to context static
2019-09-26 16:37:01,785 [main] INFO  http.HttpServer2 (HttpServer2.java:addFilter(958)) - Added filter static_user_filter (class=org.apache.hadoop.http.lib.StaticUserWebFilter$StaticUserFilter) to context logs
2019-09-26 16:37:01,786 [main] INFO  http.HttpServer2 (HttpServer2.java:bindListener(1191)) - Jetty bound to port 38792
2019-09-26 16:37:01,786 [main] INFO  server.Server (Server.java:doStart(351)) - jetty-9.3.25.v20180904, build timestamp: 2018-09-04T21:11:46Z, git hash: 3ce520221d0240229c862b122d2b06c12a625732
2019-09-26 16:37:01,788 [main] INFO  handler.ContextHandler (ContextHandler.java:doStart(781)) - Started o.e.j.s.ServletContextHandler@6e60f18{/logs,file:///workdir/hadoop-ozone/integration-test/target/log,AVAILABLE}
2019-09-26 16:37:01,788 [main] INFO  handler.ContextHandler (ContextHandler.java:doStart(781)) - Started o.e.j.s.ServletContextHandler@47f04e4d{/static,jar:file:/home/user/.m2/repository/org/apache/hadoop/hadoop-hdds-container-service/0.5.0-SNAPSHOT/hadoop-hdds-container-service-0.5.0-SNAPSHOT.jar!/webapps/static,AVAILABLE}
2019-09-26 16:37:01,817 [main] INFO  handler.ContextHandler (ContextHandler.java:doStart(781)) - Started o.e.j.w.WebAppContext@781711b7{/,file:///tmp/jetty-0.0.0.0-38792-hddsDatanode-_-any-6701002431093148745.dir/webapp/,AVAILABLE}{/hddsDatanode}
2019-09-26 16:37:01,817 [main] INFO  server.AbstractConnector (AbstractConnector.java:doStart(278)) - Started ServerConnector@642a16aa{HTTP/1.1,[http/1.1]}{0.0.0.0:38792}
2019-09-26 16:37:01,819 [main] INFO  server.Server (Server.java:doStart(419)) - Started @149669ms
2019-09-26 16:37:01,819 [main] WARN  impl.MetricsSystemImpl (MetricsSystemImpl.java:register(276)) - Sink prometheus already exists!
2019-09-26 16:37:01,820 [main] INFO  server.BaseHttpServer (BaseHttpServer.java:updateConnectorAddress(215)) - HTTP server of HDDSDATANODE is listening at http://0.0.0.0:38792
2019-09-26 16:37:01,820 [main] INFO  impl.MetricsSystemImpl (MetricsSystemImpl.java:init(158)) - HddsDatanode metrics system started (again)
2019-09-26 16:37:01,824 [org.apache.hadoop.util.JvmPauseMonitor$Monitor@26e70f75] INFO  util.JvmPauseMonitor (JvmPauseMonitor.java:run(188)) - Starting JVM pause monitor
2019-09-26 16:37:01,825 [main] INFO  ozone.HddsDatanodeService (HddsDatanodeService.java:start(184)) - HddsDatanodeService host:pr-hdds-2162-htzpk-1451759861 ip:192.168.157.234
2019-09-26 16:37:01,826 [Datanode State Machine Thread - 0] INFO  datanode.InitDatanodeState (InitDatanodeState.java:persistContainerDatanodeDetails(140)) - DatanodeDetails is persisted to /workdir/hadoop-ozone/integration-test/target/test-dir/MiniOzoneClusterImpl-521d4657-8b90-42e2-88d0-1dd80c8159cc/datanode-8/meta/datanode.id
2019-09-26 16:37:01,836 [main] INFO  volume.HddsVolume (HddsVolume.java:<init>(176)) - Creating Volume: /workdir/hadoop-ozone/integration-test/target/test-dir/MiniOzoneClusterImpl-521d4657-8b90-42e2-88d0-1dd80c8159cc/datanode-9/data/containers/hdds of  storage type : DISK and capacity : 1482555576320
2019-09-26 16:37:01,837 [main] INFO  volume.VolumeSet (VolumeSet.java:initializeVolumeSet(170)) - Added Volume : /workdir/hadoop-ozone/integration-test/target/test-dir/MiniOzoneClusterImpl-521d4657-8b90-42e2-88d0-1dd80c8159cc/datanode-9/data/containers/hdds to VolumeSet
2019-09-26 16:37:01,837 [main] INFO  volume.ThrottledAsyncChecker (ThrottledAsyncChecker.java:schedule(139)) - Scheduling a check for org.apache.hadoop.ozone.container.common.volume.HddsVolume@f438904
2019-09-26 16:37:01,838 [main] INFO  volume.HddsVolumeChecker (HddsVolumeChecker.java:checkAllVolumes(202)) - Scheduled health check for volume org.apache.hadoop.ozone.container.common.volume.HddsVolume@f438904
2019-09-26 16:37:01,855 [main] INFO  impl.RaftServerProxy (ConfUtils.java:logGet(43)) - raft.rpc.type = GRPC (default)
2019-09-26 16:37:01,855 [main] INFO  grpc.GrpcFactory (GrpcFactory.java:checkPooledByteBufAllocatorUseCacheForAllThreads(45)) - PERFORMANCE WARNING: useCacheForAllThreads is true that may cause Netty to create a lot garbage objects and, as a result, trigger GC.
	It is recommended to disable useCacheForAllThreads by setting -Dorg.apache.ratis.thirdparty.io.netty.allocator.useCacheForAllThreads=false in command line.
2019-09-26 16:37:01,856 [main] INFO  grpc.GrpcConfigKeys$Server (ConfUtils.java:logGet(43)) - raft.grpc.server.port = 0 (default)
2019-09-26 16:37:01,856 [main] INFO  server.GrpcService (ConfUtils.java:logGet(43)) - raft.grpc.message.size.max = 33570816 (custom)
2019-09-26 16:37:01,856 [main] INFO  server.RaftServerConfigKeys (ConfUtils.java:logGet(43)) - raft.server.log.appender.buffer.byte-limit = 33554432 (custom)
2019-09-26 16:37:01,856 [main] INFO  server.GrpcService (ConfUtils.java:logGet(43)) - raft.grpc.flow.control.window = 1MB (=1048576) (default)
2019-09-26 16:37:01,857 [main] INFO  server.RaftServerConfigKeys (ConfUtils.java:logGet(43)) - raft.server.rpc.request.timeout = 3000ms (default)
2019-09-26 16:37:01,857 [main] INFO  server.RaftServerConfigKeys (ConfUtils.java:logGet(43)) - raft.server.storage.dir = [/workdir/hadoop-ozone/integration-test/target/test-dir/MiniOzoneClusterImpl-521d4657-8b90-42e2-88d0-1dd80c8159cc/datanode-9/data/ratis] (custom)
2019-09-26 16:37:01,859 [main] INFO  hdfs.DFSUtil (DFSUtil.java:httpServerTemplateForNNAndJN(1641)) - Starting Web-server for hddsDatanode at: http://0.0.0.0:0
2019-09-26 16:37:01,860 [main] INFO  server.AuthenticationFilter (AuthenticationFilter.java:constructSecretProvider(240)) - Unable to initialize FileSignerSecretProvider, falling back to use random secrets.
2019-09-26 16:37:01,861 [main] WARN  http.HttpRequestLog (HttpRequestLog.java:getRequestLog(97)) - Jetty request log can only be enabled using Log4j
2019-09-26 16:37:01,862 [main] INFO  http.HttpServer2 (HttpServer2.java:addGlobalFilter(975)) - Added global filter 'safety' (class=org.apache.hadoop.http.HttpServer2$QuotingInputFilter)
2019-09-26 16:37:01,862 [main] INFO  http.HttpServer2 (HttpServer2.java:addFilter(948)) - Added filter static_user_filter (class=org.apache.hadoop.http.lib.StaticUserWebFilter$StaticUserFilter) to context hddsDatanode
2019-09-26 16:37:01,862 [main] INFO  http.HttpServer2 (HttpServer2.java:addFilter(958)) - Added filter static_user_filter (class=org.apache.hadoop.http.lib.StaticUserWebFilter$StaticUserFilter) to context logs
2019-09-26 16:37:01,863 [main] INFO  http.HttpServer2 (HttpServer2.java:addFilter(958)) - Added filter static_user_filter (class=org.apache.hadoop.http.lib.StaticUserWebFilter$StaticUserFilter) to context static
2019-09-26 16:37:01,863 [main] INFO  http.HttpServer2 (HttpServer2.java:bindListener(1191)) - Jetty bound to port 37906
2019-09-26 16:37:01,864 [main] INFO  server.Server (Server.java:doStart(351)) - jetty-9.3.25.v20180904, build timestamp: 2018-09-04T21:11:46Z, git hash: 3ce520221d0240229c862b122d2b06c12a625732
2019-09-26 16:37:01,865 [main] INFO  handler.ContextHandler (ContextHandler.java:doStart(781)) - Started o.e.j.s.ServletContextHandler@2eda072{/logs,file:///workdir/hadoop-ozone/integration-test/target/log,AVAILABLE}
2019-09-26 16:37:01,866 [main] INFO  handler.ContextHandler (ContextHandler.java:doStart(781)) - Started o.e.j.s.ServletContextHandler@416d56f2{/static,jar:file:/home/user/.m2/repository/org/apache/hadoop/hadoop-hdds-container-service/0.5.0-SNAPSHOT/hadoop-hdds-container-service-0.5.0-SNAPSHOT.jar!/webapps/static,AVAILABLE}
2019-09-26 16:37:01,893 [main] INFO  handler.ContextHandler (ContextHandler.java:doStart(781)) - Started o.e.j.w.WebAppContext@41fa769c{/,file:///tmp/jetty-0.0.0.0-37906-hddsDatanode-_-any-207383366024292527.dir/webapp/,AVAILABLE}{/hddsDatanode}
2019-09-26 16:37:01,893 [main] INFO  server.AbstractConnector (AbstractConnector.java:doStart(278)) - Started ServerConnector@40113163{HTTP/1.1,[http/1.1]}{0.0.0.0:37906}
2019-09-26 16:37:01,895 [main] INFO  server.Server (Server.java:doStart(419)) - Started @149745ms
2019-09-26 16:37:01,895 [main] WARN  impl.MetricsSystemImpl (MetricsSystemImpl.java:register(276)) - Sink prometheus already exists!
2019-09-26 16:37:01,896 [main] INFO  server.BaseHttpServer (BaseHttpServer.java:updateConnectorAddress(215)) - HTTP server of HDDSDATANODE is listening at http://0.0.0.0:37906
2019-09-26 16:37:01,896 [main] INFO  ozone.MiniOzoneClusterImpl (MiniOzoneClusterImpl.java:lambda$waitForClusterToBeReady$0(147)) - Waiting for cluster to be ready. Got 0 of 10 DN Heartbeats.
2019-09-26 16:37:01,897 [org.apache.hadoop.util.JvmPauseMonitor$Monitor@1942f58f] INFO  util.JvmPauseMonitor (JvmPauseMonitor.java:run(188)) - Starting JVM pause monitor
2019-09-26 16:37:01,899 [Datanode State Machine Thread - 0] INFO  datanode.InitDatanodeState (InitDatanodeState.java:persistContainerDatanodeDetails(140)) - DatanodeDetails is persisted to /workdir/hadoop-ozone/integration-test/target/test-dir/MiniOzoneClusterImpl-521d4657-8b90-42e2-88d0-1dd80c8159cc/datanode-9/meta/datanode.id
2019-09-26 16:37:02,897 [main] INFO  ozone.MiniOzoneClusterImpl (MiniOzoneClusterImpl.java:lambda$waitForClusterToBeReady$0(147)) - Waiting for cluster to be ready. Got 0 of 10 DN Heartbeats.
2019-09-26 16:37:03,301 [Datanode State Machine Thread - 0] INFO  ozoneimpl.OzoneContainer (OzoneContainer.java:start(217)) - Attempting to start container services.
2019-09-26 16:37:03,302 [Datanode State Machine Thread - 0] INFO  ozoneimpl.OzoneContainer (OzoneContainer.java:startContainerScrub(179)) - Background container scanner has been disabled.
2019-09-26 16:37:03,302 [Datanode State Machine Thread - 0] INFO  ratis.XceiverServerRatis (XceiverServerRatis.java:start(411)) - Starting XceiverServerRatis 178fa167-0d93-4985-b474-3911a0393fb5 at port 0
2019-09-26 16:37:03,310 [Datanode State Machine Thread - 0] INFO  impl.RaftServerProxy (RaftServerProxy.java:lambda$start$3(299)) - 178fa167-0d93-4985-b474-3911a0393fb5: start RPC server
2019-09-26 16:37:03,313 [Datanode State Machine Thread - 0] INFO  server.GrpcService (GrpcService.java:startImpl(158)) - 178fa167-0d93-4985-b474-3911a0393fb5: GrpcService started, listening on 0.0.0.0/0.0.0.0:36864
2019-09-26 16:37:03,314 [Datanode State Machine Thread - 0] INFO  ratis.XceiverServerRatis (XceiverServerRatis.java:start(421)) - XceiverServerRatis 178fa167-0d93-4985-b474-3911a0393fb5 is started using port 36864
2019-09-26 16:37:03,314 [Datanode State Machine Thread - 0] INFO  server.XceiverServerGrpc (XceiverServerGrpc.java:start(149)) - XceiverServerGrpc 178fa167-0d93-4985-b474-3911a0393fb5 is started using port 44305
2019-09-26 16:37:03,344 [Datanode State Machine Thread - 0] INFO  ozoneimpl.OzoneContainer (OzoneContainer.java:start(217)) - Attempting to start container services.
2019-09-26 16:37:03,344 [Datanode State Machine Thread - 0] INFO  ozoneimpl.OzoneContainer (OzoneContainer.java:startContainerScrub(179)) - Background container scanner has been disabled.
2019-09-26 16:37:03,345 [Datanode State Machine Thread - 0] INFO  ratis.XceiverServerRatis (XceiverServerRatis.java:start(411)) - Starting XceiverServerRatis 7c636cf6-abb1-48a1-8471-c57ff8076954 at port 0
2019-09-26 16:37:03,353 [Datanode State Machine Thread - 0] INFO  impl.RaftServerProxy (RaftServerProxy.java:lambda$start$3(299)) - 7c636cf6-abb1-48a1-8471-c57ff8076954: start RPC server
2019-09-26 16:37:03,354 [Datanode State Machine Thread - 0] INFO  server.GrpcService (GrpcService.java:startImpl(158)) - 7c636cf6-abb1-48a1-8471-c57ff8076954: GrpcService started, listening on 0.0.0.0/0.0.0.0:40747
2019-09-26 16:37:03,354 [Datanode State Machine Thread - 0] INFO  ratis.XceiverServerRatis (XceiverServerRatis.java:start(421)) - XceiverServerRatis 7c636cf6-abb1-48a1-8471-c57ff8076954 is started using port 40747
2019-09-26 16:37:03,357 [Datanode State Machine Thread - 0] INFO  server.XceiverServerGrpc (XceiverServerGrpc.java:start(149)) - XceiverServerGrpc 7c636cf6-abb1-48a1-8471-c57ff8076954 is started using port 36338
2019-09-26 16:37:03,402 [Datanode State Machine Thread - 0] INFO  ozoneimpl.OzoneContainer (OzoneContainer.java:start(217)) - Attempting to start container services.
2019-09-26 16:37:03,403 [Datanode State Machine Thread - 0] INFO  ozoneimpl.OzoneContainer (OzoneContainer.java:startContainerScrub(179)) - Background container scanner has been disabled.
2019-09-26 16:37:03,403 [Datanode State Machine Thread - 0] INFO  ratis.XceiverServerRatis (XceiverServerRatis.java:start(411)) - Starting XceiverServerRatis 96614e23-b56d-471a-9cd7-6076bc1c8933 at port 0
2019-09-26 16:37:03,411 [Datanode State Machine Thread - 0] INFO  impl.RaftServerProxy (RaftServerProxy.java:lambda$start$3(299)) - 96614e23-b56d-471a-9cd7-6076bc1c8933: start RPC server
2019-09-26 16:37:03,413 [Datanode State Machine Thread - 0] INFO  server.GrpcService (GrpcService.java:startImpl(158)) - 96614e23-b56d-471a-9cd7-6076bc1c8933: GrpcService started, listening on 0.0.0.0/0.0.0.0:36122
2019-09-26 16:37:03,413 [Datanode State Machine Thread - 0] INFO  ratis.XceiverServerRatis (XceiverServerRatis.java:start(421)) - XceiverServerRatis 96614e23-b56d-471a-9cd7-6076bc1c8933 is started using port 36122
2019-09-26 16:37:03,414 [Datanode State Machine Thread - 0] INFO  server.XceiverServerGrpc (XceiverServerGrpc.java:start(149)) - XceiverServerGrpc 96614e23-b56d-471a-9cd7-6076bc1c8933 is started using port 34659
2019-09-26 16:37:03,461 [Datanode State Machine Thread - 0] INFO  ozoneimpl.OzoneContainer (OzoneContainer.java:start(217)) - Attempting to start container services.
2019-09-26 16:37:03,462 [Datanode State Machine Thread - 0] INFO  ozoneimpl.OzoneContainer (OzoneContainer.java:startContainerScrub(179)) - Background container scanner has been disabled.
2019-09-26 16:37:03,462 [Datanode State Machine Thread - 0] INFO  ratis.XceiverServerRatis (XceiverServerRatis.java:start(411)) - Starting XceiverServerRatis dc4ec581-df22-4026-9c78-08ca65e450b7 at port 0
2019-09-26 16:37:03,470 [Datanode State Machine Thread - 0] INFO  impl.RaftServerProxy (RaftServerProxy.java:lambda$start$3(299)) - dc4ec581-df22-4026-9c78-08ca65e450b7: start RPC server
2019-09-26 16:37:03,473 [Datanode State Machine Thread - 0] INFO  server.GrpcService (GrpcService.java:startImpl(158)) - dc4ec581-df22-4026-9c78-08ca65e450b7: GrpcService started, listening on 0.0.0.0/0.0.0.0:35995
2019-09-26 16:37:03,474 [Datanode State Machine Thread - 0] INFO  ratis.XceiverServerRatis (XceiverServerRatis.java:start(421)) - XceiverServerRatis dc4ec581-df22-4026-9c78-08ca65e450b7 is started using port 35995
2019-09-26 16:37:03,476 [Datanode State Machine Thread - 0] INFO  server.XceiverServerGrpc (XceiverServerGrpc.java:start(149)) - XceiverServerGrpc dc4ec581-df22-4026-9c78-08ca65e450b7 is started using port 45304
2019-09-26 16:37:03,518 [Datanode State Machine Thread - 0] INFO  ozoneimpl.OzoneContainer (OzoneContainer.java:start(217)) - Attempting to start container services.
2019-09-26 16:37:03,519 [Datanode State Machine Thread - 0] INFO  ozoneimpl.OzoneContainer (OzoneContainer.java:startContainerScrub(179)) - Background container scanner has been disabled.
2019-09-26 16:37:03,519 [Datanode State Machine Thread - 0] INFO  ratis.XceiverServerRatis (XceiverServerRatis.java:start(411)) - Starting XceiverServerRatis 45094064-c3fb-4870-9766-7d97e0e9250d at port 0
2019-09-26 16:37:03,527 [Datanode State Machine Thread - 0] INFO  impl.RaftServerProxy (RaftServerProxy.java:lambda$start$3(299)) - 45094064-c3fb-4870-9766-7d97e0e9250d: start RPC server
2019-09-26 16:37:03,530 [Datanode State Machine Thread - 0] INFO  server.GrpcService (GrpcService.java:startImpl(158)) - 45094064-c3fb-4870-9766-7d97e0e9250d: GrpcService started, listening on 0.0.0.0/0.0.0.0:36035
2019-09-26 16:37:03,530 [Datanode State Machine Thread - 0] INFO  ratis.XceiverServerRatis (XceiverServerRatis.java:start(421)) - XceiverServerRatis 45094064-c3fb-4870-9766-7d97e0e9250d is started using port 36035
2019-09-26 16:37:03,533 [Datanode State Machine Thread - 0] INFO  server.XceiverServerGrpc (XceiverServerGrpc.java:start(149)) - XceiverServerGrpc 45094064-c3fb-4870-9766-7d97e0e9250d is started using port 41713
2019-09-26 16:37:03,588 [Datanode State Machine Thread - 0] INFO  ozoneimpl.OzoneContainer (OzoneContainer.java:start(217)) - Attempting to start container services.
2019-09-26 16:37:03,590 [Datanode State Machine Thread - 0] INFO  ozoneimpl.OzoneContainer (OzoneContainer.java:startContainerScrub(179)) - Background container scanner has been disabled.
2019-09-26 16:37:03,591 [Datanode State Machine Thread - 0] INFO  ratis.XceiverServerRatis (XceiverServerRatis.java:start(411)) - Starting XceiverServerRatis 54f991d6-dc71-460d-82bf-0c4295aeca21 at port 0
2019-09-26 16:37:03,599 [Datanode State Machine Thread - 0] INFO  impl.RaftServerProxy (RaftServerProxy.java:lambda$start$3(299)) - 54f991d6-dc71-460d-82bf-0c4295aeca21: start RPC server
2019-09-26 16:37:03,602 [Datanode State Machine Thread - 0] INFO  server.GrpcService (GrpcService.java:startImpl(158)) - 54f991d6-dc71-460d-82bf-0c4295aeca21: GrpcService started, listening on 0.0.0.0/0.0.0.0:39635
2019-09-26 16:37:03,602 [Datanode State Machine Thread - 0] INFO  ratis.XceiverServerRatis (XceiverServerRatis.java:start(421)) - XceiverServerRatis 54f991d6-dc71-460d-82bf-0c4295aeca21 is started using port 39635
2019-09-26 16:37:03,617 [Datanode State Machine Thread - 0] INFO  server.XceiverServerGrpc (XceiverServerGrpc.java:start(149)) - XceiverServerGrpc 54f991d6-dc71-460d-82bf-0c4295aeca21 is started using port 34689
2019-09-26 16:37:03,692 [Datanode State Machine Thread - 0] INFO  ozoneimpl.OzoneContainer (OzoneContainer.java:start(217)) - Attempting to start container services.
2019-09-26 16:37:03,692 [Datanode State Machine Thread - 0] INFO  ozoneimpl.OzoneContainer (OzoneContainer.java:startContainerScrub(179)) - Background container scanner has been disabled.
2019-09-26 16:37:03,692 [Datanode State Machine Thread - 0] INFO  ratis.XceiverServerRatis (XceiverServerRatis.java:start(411)) - Starting XceiverServerRatis 6e9598b6-9dc4-49c9-af23-0bbf4a4b345a at port 0
2019-09-26 16:37:03,700 [Datanode State Machine Thread - 0] INFO  impl.RaftServerProxy (RaftServerProxy.java:lambda$start$3(299)) - 6e9598b6-9dc4-49c9-af23-0bbf4a4b345a: start RPC server
2019-09-26 16:37:03,704 [Datanode State Machine Thread - 0] INFO  server.GrpcService (GrpcService.java:startImpl(158)) - 6e9598b6-9dc4-49c9-af23-0bbf4a4b345a: GrpcService started, listening on 0.0.0.0/0.0.0.0:44157
2019-09-26 16:37:03,704 [Datanode State Machine Thread - 0] INFO  ratis.XceiverServerRatis (XceiverServerRatis.java:start(421)) - XceiverServerRatis 6e9598b6-9dc4-49c9-af23-0bbf4a4b345a is started using port 44157
2019-09-26 16:37:03,707 [Datanode State Machine Thread - 0] INFO  server.XceiverServerGrpc (XceiverServerGrpc.java:start(149)) - XceiverServerGrpc 6e9598b6-9dc4-49c9-af23-0bbf4a4b345a is started using port 35082
2019-09-26 16:37:03,763 [Datanode State Machine Thread - 0] INFO  ozoneimpl.OzoneContainer (OzoneContainer.java:start(217)) - Attempting to start container services.
2019-09-26 16:37:03,764 [Datanode State Machine Thread - 0] INFO  ozoneimpl.OzoneContainer (OzoneContainer.java:startContainerScrub(179)) - Background container scanner has been disabled.
2019-09-26 16:37:03,764 [Datanode State Machine Thread - 0] INFO  ratis.XceiverServerRatis (XceiverServerRatis.java:start(411)) - Starting XceiverServerRatis 23db1bd7-0ec3-4d63-b495-756f3d5b5fb7 at port 0
2019-09-26 16:37:03,772 [Datanode State Machine Thread - 0] INFO  impl.RaftServerProxy (RaftServerProxy.java:lambda$start$3(299)) - 23db1bd7-0ec3-4d63-b495-756f3d5b5fb7: start RPC server
2019-09-26 16:37:03,773 [Datanode State Machine Thread - 0] INFO  server.GrpcService (GrpcService.java:startImpl(158)) - 23db1bd7-0ec3-4d63-b495-756f3d5b5fb7: GrpcService started, listening on 0.0.0.0/0.0.0.0:37353
2019-09-26 16:37:03,773 [Datanode State Machine Thread - 0] INFO  ratis.XceiverServerRatis (XceiverServerRatis.java:start(421)) - XceiverServerRatis 23db1bd7-0ec3-4d63-b495-756f3d5b5fb7 is started using port 37353
2019-09-26 16:37:03,773 [Datanode State Machine Thread - 0] INFO  server.XceiverServerGrpc (XceiverServerGrpc.java:start(149)) - XceiverServerGrpc 23db1bd7-0ec3-4d63-b495-756f3d5b5fb7 is started using port 36024
2019-09-26 16:37:03,840 [Datanode State Machine Thread - 0] INFO  ozoneimpl.OzoneContainer (OzoneContainer.java:start(217)) - Attempting to start container services.
2019-09-26 16:37:03,840 [Datanode State Machine Thread - 0] INFO  ozoneimpl.OzoneContainer (OzoneContainer.java:startContainerScrub(179)) - Background container scanner has been disabled.
2019-09-26 16:37:03,840 [Datanode State Machine Thread - 0] INFO  ratis.XceiverServerRatis (XceiverServerRatis.java:start(411)) - Starting XceiverServerRatis aa5e70ed-1a32-47db-ba25-52c5f27f9508 at port 0
2019-09-26 16:37:03,848 [Datanode State Machine Thread - 0] INFO  impl.RaftServerProxy (RaftServerProxy.java:lambda$start$3(299)) - aa5e70ed-1a32-47db-ba25-52c5f27f9508: start RPC server
2019-09-26 16:37:03,849 [Datanode State Machine Thread - 0] INFO  server.GrpcService (GrpcService.java:startImpl(158)) - aa5e70ed-1a32-47db-ba25-52c5f27f9508: GrpcService started, listening on 0.0.0.0/0.0.0.0:40463
2019-09-26 16:37:03,849 [Datanode State Machine Thread - 0] INFO  ratis.XceiverServerRatis (XceiverServerRatis.java:start(421)) - XceiverServerRatis aa5e70ed-1a32-47db-ba25-52c5f27f9508 is started using port 40463
2019-09-26 16:37:03,850 [Datanode State Machine Thread - 0] INFO  server.XceiverServerGrpc (XceiverServerGrpc.java:start(149)) - XceiverServerGrpc aa5e70ed-1a32-47db-ba25-52c5f27f9508 is started using port 38025
2019-09-26 16:37:03,897 [main] INFO  ozone.MiniOzoneClusterImpl (MiniOzoneClusterImpl.java:lambda$waitForClusterToBeReady$0(147)) - Waiting for cluster to be ready. Got 0 of 10 DN Heartbeats.
2019-09-26 16:37:03,921 [Datanode State Machine Thread - 0] INFO  ozoneimpl.OzoneContainer (OzoneContainer.java:start(217)) - Attempting to start container services.
2019-09-26 16:37:03,921 [Datanode State Machine Thread - 0] INFO  ozoneimpl.OzoneContainer (OzoneContainer.java:startContainerScrub(179)) - Background container scanner has been disabled.
2019-09-26 16:37:03,921 [Datanode State Machine Thread - 0] INFO  ratis.XceiverServerRatis (XceiverServerRatis.java:start(411)) - Starting XceiverServerRatis 941dd69d-21df-447a-8c50-e4c30322a245 at port 0
2019-09-26 16:37:03,930 [Datanode State Machine Thread - 0] INFO  impl.RaftServerProxy (RaftServerProxy.java:lambda$start$3(299)) - 941dd69d-21df-447a-8c50-e4c30322a245: start RPC server
2019-09-26 16:37:03,934 [Datanode State Machine Thread - 0] INFO  server.GrpcService (GrpcService.java:startImpl(158)) - 941dd69d-21df-447a-8c50-e4c30322a245: GrpcService started, listening on 0.0.0.0/0.0.0.0:46308
2019-09-26 16:37:03,934 [Datanode State Machine Thread - 0] INFO  ratis.XceiverServerRatis (XceiverServerRatis.java:start(421)) - XceiverServerRatis 941dd69d-21df-447a-8c50-e4c30322a245 is started using port 46308
2019-09-26 16:37:03,951 [Datanode State Machine Thread - 0] INFO  server.XceiverServerGrpc (XceiverServerGrpc.java:start(149)) - XceiverServerGrpc 941dd69d-21df-447a-8c50-e4c30322a245 is started using port 33676
2019-09-26 16:37:04,898 [main] INFO  ozone.MiniOzoneClusterImpl (MiniOzoneClusterImpl.java:lambda$waitForClusterToBeReady$0(147)) - Waiting for cluster to be ready. Got 0 of 10 DN Heartbeats.
2019-09-26 16:37:05,270 [IPC Server handler 5 on 45703] INFO  net.NetworkTopology (NetworkTopologyImpl.java:add(111)) - Added a new node: /rack1/178fa167-0d93-4985-b474-3911a0393fb5
2019-09-26 16:37:05,273 [IPC Server handler 5 on 45703] INFO  node.SCMNodeManager (SCMNodeManager.java:register(266)) - Registered Data node : 178fa167-0d93-4985-b474-3911a0393fb5{ip: 192.168.157.234, host: pr-hdds-2162-htzpk-1451759861, networkLocation: /rack1, certSerialId: null}
2019-09-26 16:37:05,275 [EventQueue-NodeRegistrationContainerReportForDataNodeSafeModeRule] INFO  safemode.SCMSafeModeManager (DataNodeSafeModeRule.java:process(71)) - SCM in safe mode. 1 DataNodes registered, 1 required.
2019-09-26 16:37:05,278 [EventQueue-NodeRegistrationContainerReportForDataNodeSafeModeRule] INFO  safemode.SCMSafeModeManager (SCMSafeModeManager.java:validateSafeModeExitRules(177)) - ScmSafeModeManager, all rules are successfully validated
2019-09-26 16:37:05,278 [EventQueue-NodeRegistrationContainerReportForDataNodeSafeModeRule] INFO  safemode.SCMSafeModeManager (SCMSafeModeManager.java:exitSafeMode(193)) - SCM exiting safe mode.
2019-09-26 16:37:05,304 [grpc-default-executor-0] INFO  impl.RaftServerProxy (RaftServerProxy.java:addNew(89)) - 178fa167-0d93-4985-b474-3911a0393fb5: addNew group-25E34B4FF348:[178fa167-0d93-4985-b474-3911a0393fb5:192.168.157.234:36864] returns group-25E34B4FF348:java.util.concurrent.CompletableFuture@233a74e[Not completed]
2019-09-26 16:37:05,306 [pool-147-thread-1] INFO  impl.RaftServerImpl (RaftServerImpl.java:<init>(95)) - 178fa167-0d93-4985-b474-3911a0393fb5: new RaftServerImpl for group-25E34B4FF348:[178fa167-0d93-4985-b474-3911a0393fb5:192.168.157.234:36864] with ContainerStateMachine:uninitialized
2019-09-26 16:37:05,306 [pool-147-thread-1] INFO  server.RaftServerConfigKeys (ConfUtils.java:logGet(43)) - raft.server.rpc.timeout.min = 1s (custom)
2019-09-26 16:37:05,306 [pool-147-thread-1] INFO  server.RaftServerConfigKeys (ConfUtils.java:logGet(43)) - raft.server.rpc.timeout.max = 1200ms (custom)
2019-09-26 16:37:05,307 [pool-147-thread-1] INFO  server.RaftServerConfigKeys (ConfUtils.java:logGet(43)) - raft.server.rpcslowness.timeout = 120s (custom)
2019-09-26 16:37:05,307 [pool-147-thread-1] INFO  server.RaftServerConfigKeys (ConfUtils.java:logGet(43)) - raft.server.sleep.deviation.threshold = 300 (default)
2019-09-26 16:37:05,307 [pool-147-thread-1] INFO  server.RaftServerConfigKeys (ConfUtils.java:logGet(43)) - raft.server.log.appender.install.snapshot.enabled = false (custom)
2019-09-26 16:37:05,307 [pool-147-thread-1] INFO  impl.RaftServerImpl (ServerState.java:<init>(103)) - 178fa167-0d93-4985-b474-3911a0393fb5@group-25E34B4FF348: ConfigurationManager, init=-1: [178fa167-0d93-4985-b474-3911a0393fb5:192.168.157.234:36864], old=null, confs=<EMPTY_MAP>
2019-09-26 16:37:05,307 [pool-147-thread-1] INFO  server.RaftServerConfigKeys (ConfUtils.java:logGet(43)) - raft.server.storage.dir = [/workdir/hadoop-ozone/integration-test/target/test-dir/MiniOzoneClusterImpl-521d4657-8b90-42e2-88d0-1dd80c8159cc/datanode-0/data/ratis] (custom)
2019-09-26 16:37:05,308 [pool-147-thread-1] INFO  storage.RaftStorageDirectory (RaftStorageDirectory.java:analyzeStorage(246)) - The storage directory /workdir/hadoop-ozone/integration-test/target/test-dir/MiniOzoneClusterImpl-521d4657-8b90-42e2-88d0-1dd80c8159cc/datanode-0/data/ratis/8d25dfee-118c-4b6f-ab57-25e34b4ff348 does not exist. Creating ...
2019-09-26 16:37:05,322 [pool-147-thread-1] INFO  storage.RaftStorageDirectory (RaftStorageDirectory.java:tryLock(328)) - Lock on /workdir/hadoop-ozone/integration-test/target/test-dir/MiniOzoneClusterImpl-521d4657-8b90-42e2-88d0-1dd80c8159cc/datanode-0/data/ratis/8d25dfee-118c-4b6f-ab57-25e34b4ff348/in_use.lock acquired by nodename 16662@pr-hdds-2162-htzpk-1451759861
2019-09-26 16:37:05,329 [IPC Server handler 6 on 45703] INFO  net.NetworkTopology (NetworkTopologyImpl.java:add(111)) - Added a new node: /rack1/7c636cf6-abb1-48a1-8471-c57ff8076954
2019-09-26 16:37:05,329 [IPC Server handler 6 on 45703] INFO  node.SCMNodeManager (SCMNodeManager.java:register(266)) - Registered Data node : 7c636cf6-abb1-48a1-8471-c57ff8076954{ip: 192.168.157.234, host: pr-hdds-2162-htzpk-1451759861, networkLocation: /rack1, certSerialId: null}
2019-09-26 16:37:05,335 [pool-147-thread-1] INFO  storage.RaftStorage (RaftStorage.java:format(72)) - Storage directory /workdir/hadoop-ozone/integration-test/target/test-dir/MiniOzoneClusterImpl-521d4657-8b90-42e2-88d0-1dd80c8159cc/datanode-0/data/ratis/8d25dfee-118c-4b6f-ab57-25e34b4ff348 has been successfully formatted.
2019-09-26 16:37:05,336 [pool-147-thread-1] INFO  ratis.ContainerStateMachine (ContainerStateMachine.java:loadSnapshot(230)) - group-25E34B4FF348: The snapshot info is null. Setting the last applied indexto:(t:0, i:~)
2019-09-26 16:37:05,336 [pool-147-thread-1] INFO  server.RaftServerConfigKeys (ConfUtils.java:logGet(43)) - raft.server.notification.no-leader.timeout = 120s (custom)
2019-09-26 16:37:05,336 [pool-147-thread-1] INFO  server.RaftServerConfigKeys (ConfUtils.java:logGet(43)) - raft.server.log.use.memory = false (default)
2019-09-26 16:37:05,336 [pool-147-thread-1] INFO  server.RaftServerConfigKeys (ConfUtils.java:logGet(43)) - raft.server.log.purge.gap = 1000000 (custom)
2019-09-26 16:37:05,336 [pool-147-thread-1] INFO  server.RaftServerConfigKeys (ConfUtils.java:logGet(43)) - raft.server.log.appender.buffer.byte-limit = 33554432 (custom)
2019-09-26 16:37:05,337 [pool-147-thread-1] INFO  server.RaftServerConfigKeys (ConfUtils.java:logGet(43)) - raft.server.log.segment.size.max = 1048576 (custom)
2019-09-26 16:37:05,337 [pool-147-thread-1] INFO  server.RaftServerConfigKeys (ConfUtils.java:logGet(43)) - raft.server.log.segment.cache.num.max = 2 (custom)
2019-09-26 16:37:05,337 [pool-147-thread-1] INFO  segmented.SegmentedRaftLogWorker (SegmentedRaftLogWorker.java:<init>(172)) - new 178fa167-0d93-4985-b474-3911a0393fb5@group-25E34B4FF348-SegmentedRaftLogWorker for RaftStorage:Storage Directory /workdir/hadoop-ozone/integration-test/target/test-dir/MiniOzoneClusterImpl-521d4657-8b90-42e2-88d0-1dd80c8159cc/datanode-0/data/ratis/8d25dfee-118c-4b6f-ab57-25e34b4ff348
2019-09-26 16:37:05,340 [pool-147-thread-1] INFO  server.RaftServerConfigKeys (ConfUtils.java:logGet(43)) - raft.server.log.queue.byte-limit = 2147483647 (custom)
2019-09-26 16:37:05,340 [pool-147-thread-1] INFO  server.RaftServerConfigKeys (ConfUtils.java:logGet(43)) - raft.server.log.queue.element-limit = 1024 (custom)
2019-09-26 16:37:05,340 [pool-147-thread-1] INFO  server.RaftServerConfigKeys (ConfUtils.java:logGet(43)) - raft.server.log.segment.size.max = 1048576 (custom)
2019-09-26 16:37:05,341 [pool-147-thread-1] INFO  server.RaftServerConfigKeys (ConfUtils.java:logGet(43)) - raft.server.log.preallocated.size = 16384 (custom)
2019-09-26 16:37:05,341 [pool-147-thread-1] INFO  server.RaftServerConfigKeys (ConfUtils.java:logGet(43)) - raft.server.log.write.buffer.size = 33554432 (custom)
2019-09-26 16:37:05,341 [pool-147-thread-1] INFO  server.RaftServerConfigKeys (ConfUtils.java:logGet(43)) - raft.server.log.force.sync.num = 128 (default)
2019-09-26 16:37:05,341 [pool-147-thread-1] INFO  server.RaftServerConfigKeys (ConfUtils.java:logGet(43)) - raft.server.log.statemachine.data.sync = true (default)
2019-09-26 16:37:05,341 [pool-147-thread-1] INFO  server.RaftServerConfigKeys (ConfUtils.java:logGet(43)) - raft.server.log.statemachine.data.sync.timeout = 10s (default)
2019-09-26 16:37:05,342 [pool-147-thread-1] INFO  server.RaftServerConfigKeys (ConfUtils.java:logGet(43)) - raft.server.log.statemachine.data.sync.timeout.retry = -1 (default)
2019-09-26 16:37:05,342 [pool-147-thread-1] INFO  server.RaftServerConfigKeys (ConfUtils.java:logGet(43)) - raft.server.log.statemachine.data.caching.enabled = true (custom)
2019-09-26 16:37:05,342 [pool-147-thread-1] INFO  segmented.SegmentedRaftLogWorker (SegmentedRaftLogWorker.java:lambda$new$0(132)) - 178fa167-0d93-4985-b474-3911a0393fb5@group-25E34B4FF348-SegmentedRaftLogWorker: flushIndex: setUnconditionally 0 -> -1
2019-09-26 16:37:05,343 [pool-147-thread-1] INFO  server.RaftServerConfigKeys (ConfUtils.java:logGet(43)) - raft.server.snapshot.auto.trigger.enabled = true (custom)
2019-09-26 16:37:05,343 [pool-147-thread-1] INFO  server.RaftServerConfigKeys (ConfUtils.java:logGet(43)) - raft.server.snapshot.auto.trigger.threshold = 10000 (custom)
2019-09-26 16:37:05,343 [pool-147-thread-1] INFO  server.RaftServerConfigKeys (ConfUtils.java:logGet(43)) - raft.server.snapshot.retention.num.files = 5 (custom)
2019-09-26 16:37:05,343 [pool-147-thread-1] INFO  server.RaftServerConfigKeys (ConfUtils.java:logGet(43)) - raft.server.retrycache.expirytime = 600000ms (custom)
2019-09-26 16:37:05,346 [pool-147-thread-1] INFO  impl.RaftServerImpl (RaftServerImpl.java:start(185)) - 178fa167-0d93-4985-b474-3911a0393fb5@group-25E34B4FF348: start as a follower, conf=-1: [178fa167-0d93-4985-b474-3911a0393fb5:192.168.157.234:36864], old=null
2019-09-26 16:37:05,346 [pool-147-thread-1] INFO  impl.RaftServerImpl (RaftServerImpl.java:setRole(174)) - 178fa167-0d93-4985-b474-3911a0393fb5@group-25E34B4FF348: changes role from      null to FOLLOWER at term 0 for startAsFollower
2019-09-26 16:37:05,346 [pool-147-thread-1] INFO  impl.RoleInfo (RoleInfo.java:updateAndGet(143)) - 178fa167-0d93-4985-b474-3911a0393fb5: start FollowerState
2019-09-26 16:37:05,361 [pool-147-thread-1] INFO  util.JmxRegister (JmxRegister.java:tryRegister(44)) - Successfully registered JMX Bean with object name Ratis:service=RaftServer,group=group-25E34B4FF348,id=178fa167-0d93-4985-b474-3911a0393fb5
2019-09-26 16:37:05,387 [RatisPipelineUtilsThread] INFO  pipeline.PipelineStateManager (PipelineStateManager.java:addPipeline(56)) - Created pipeline Pipeline[ Id: 8d25dfee-118c-4b6f-ab57-25e34b4ff348, Nodes: 178fa167-0d93-4985-b474-3911a0393fb5{ip: 192.168.157.234, host: pr-hdds-2162-htzpk-1451759861, networkLocation: /rack1, certSerialId: null}, Type:RATIS, Factor:ONE, State:OPEN]
2019-09-26 16:37:05,389 [IPC Server handler 7 on 45703] INFO  net.NetworkTopology (NetworkTopologyImpl.java:add(111)) - Added a new node: /rack1/96614e23-b56d-471a-9cd7-6076bc1c8933
2019-09-26 16:37:05,390 [IPC Server handler 7 on 45703] INFO  node.SCMNodeManager (SCMNodeManager.java:register(266)) - Registered Data node : 96614e23-b56d-471a-9cd7-6076bc1c8933{ip: 192.168.157.234, host: pr-hdds-2162-htzpk-1451759861, networkLocation: /rack1, certSerialId: null}
2019-09-26 16:37:05,396 [grpc-default-executor-0] INFO  impl.RaftServerProxy (RaftServerProxy.java:addNew(89)) - 7c636cf6-abb1-48a1-8471-c57ff8076954: addNew group-3ACB32D12D23:[7c636cf6-abb1-48a1-8471-c57ff8076954:192.168.157.234:40747] returns group-3ACB32D12D23:java.util.concurrent.CompletableFuture@7d0a8939[Not completed]
2019-09-26 16:37:05,398 [pool-157-thread-1] INFO  impl.RaftServerImpl (RaftServerImpl.java:<init>(95)) - 7c636cf6-abb1-48a1-8471-c57ff8076954: new RaftServerImpl for group-3ACB32D12D23:[7c636cf6-abb1-48a1-8471-c57ff8076954:192.168.157.234:40747] with ContainerStateMachine:uninitialized
2019-09-26 16:37:05,399 [pool-157-thread-1] INFO  server.RaftServerConfigKeys (ConfUtils.java:logGet(43)) - raft.server.rpc.timeout.min = 1s (custom)
2019-09-26 16:37:05,399 [pool-157-thread-1] INFO  server.RaftServerConfigKeys (ConfUtils.java:logGet(43)) - raft.server.rpc.timeout.max = 1200ms (custom)
2019-09-26 16:37:05,399 [pool-157-thread-1] INFO  server.RaftServerConfigKeys (ConfUtils.java:logGet(43)) - raft.server.rpcslowness.timeout = 120s (custom)
2019-09-26 16:37:05,399 [pool-157-thread-1] INFO  server.RaftServerConfigKeys (ConfUtils.java:logGet(43)) - raft.server.sleep.deviation.threshold = 300 (default)
2019-09-26 16:37:05,399 [pool-157-thread-1] INFO  server.RaftServerConfigKeys (ConfUtils.java:logGet(43)) - raft.server.log.appender.install.snapshot.enabled = false (custom)
2019-09-26 16:37:05,400 [pool-157-thread-1] INFO  impl.RaftServerImpl (ServerState.java:<init>(103)) - 7c636cf6-abb1-48a1-8471-c57ff8076954@group-3ACB32D12D23: ConfigurationManager, init=-1: [7c636cf6-abb1-48a1-8471-c57ff8076954:192.168.157.234:40747], old=null, confs=<EMPTY_MAP>
2019-09-26 16:37:05,400 [pool-157-thread-1] INFO  server.RaftServerConfigKeys (ConfUtils.java:logGet(43)) - raft.server.storage.dir = [/workdir/hadoop-ozone/integration-test/target/test-dir/MiniOzoneClusterImpl-521d4657-8b90-42e2-88d0-1dd80c8159cc/datanode-1/data/ratis] (custom)
2019-09-26 16:37:05,400 [pool-157-thread-1] INFO  storage.RaftStorageDirectory (RaftStorageDirectory.java:analyzeStorage(246)) - The storage directory /workdir/hadoop-ozone/integration-test/target/test-dir/MiniOzoneClusterImpl-521d4657-8b90-42e2-88d0-1dd80c8159cc/datanode-1/data/ratis/94a57fc6-7d55-48cb-9c16-3acb32d12d23 does not exist. Creating ...
2019-09-26 16:37:05,414 [pool-157-thread-1] INFO  storage.RaftStorageDirectory (RaftStorageDirectory.java:tryLock(328)) - Lock on /workdir/hadoop-ozone/integration-test/target/test-dir/MiniOzoneClusterImpl-521d4657-8b90-42e2-88d0-1dd80c8159cc/datanode-1/data/ratis/94a57fc6-7d55-48cb-9c16-3acb32d12d23/in_use.lock acquired by nodename 16662@pr-hdds-2162-htzpk-1451759861
2019-09-26 16:37:05,428 [pool-157-thread-1] INFO  storage.RaftStorage (RaftStorage.java:format(72)) - Storage directory /workdir/hadoop-ozone/integration-test/target/test-dir/MiniOzoneClusterImpl-521d4657-8b90-42e2-88d0-1dd80c8159cc/datanode-1/data/ratis/94a57fc6-7d55-48cb-9c16-3acb32d12d23 has been successfully formatted.
2019-09-26 16:37:05,428 [pool-157-thread-1] INFO  ratis.ContainerStateMachine (ContainerStateMachine.java:loadSnapshot(230)) - group-3ACB32D12D23: The snapshot info is null. Setting the last applied indexto:(t:0, i:~)
2019-09-26 16:37:05,428 [pool-157-thread-1] INFO  server.RaftServerConfigKeys (ConfUtils.java:logGet(43)) - raft.server.notification.no-leader.timeout = 120s (custom)
2019-09-26 16:37:05,428 [pool-157-thread-1] INFO  server.RaftServerConfigKeys (ConfUtils.java:logGet(43)) - raft.server.log.use.memory = false (default)
2019-09-26 16:37:05,429 [pool-157-thread-1] INFO  server.RaftServerConfigKeys (ConfUtils.java:logGet(43)) - raft.server.log.purge.gap = 1000000 (custom)
2019-09-26 16:37:05,429 [pool-157-thread-1] INFO  server.RaftServerConfigKeys (ConfUtils.java:logGet(43)) - raft.server.log.appender.buffer.byte-limit = 33554432 (custom)
2019-09-26 16:37:05,429 [pool-157-thread-1] INFO  server.RaftServerConfigKeys (ConfUtils.java:logGet(43)) - raft.server.log.segment.size.max = 1048576 (custom)
2019-09-26 16:37:05,429 [pool-157-thread-1] INFO  server.RaftServerConfigKeys (ConfUtils.java:logGet(43)) - raft.server.log.segment.cache.num.max = 2 (custom)
2019-09-26 16:37:05,430 [pool-157-thread-1] INFO  segmented.SegmentedRaftLogWorker (SegmentedRaftLogWorker.java:<init>(172)) - new 7c636cf6-abb1-48a1-8471-c57ff8076954@group-3ACB32D12D23-SegmentedRaftLogWorker for RaftStorage:Storage Directory /workdir/hadoop-ozone/integration-test/target/test-dir/MiniOzoneClusterImpl-521d4657-8b90-42e2-88d0-1dd80c8159cc/datanode-1/data/ratis/94a57fc6-7d55-48cb-9c16-3acb32d12d23
2019-09-26 16:37:05,432 [pool-157-thread-1] INFO  server.RaftServerConfigKeys (ConfUtils.java:logGet(43)) - raft.server.log.queue.byte-limit = 2147483647 (custom)
2019-09-26 16:37:05,433 [pool-157-thread-1] INFO  server.RaftServerConfigKeys (ConfUtils.java:logGet(43)) - raft.server.log.queue.element-limit = 1024 (custom)
2019-09-26 16:37:05,433 [pool-157-thread-1] INFO  server.RaftServerConfigKeys (ConfUtils.java:logGet(43)) - raft.server.log.segment.size.max = 1048576 (custom)
2019-09-26 16:37:05,433 [pool-157-thread-1] INFO  server.RaftServerConfigKeys (ConfUtils.java:logGet(43)) - raft.server.log.preallocated.size = 16384 (custom)
2019-09-26 16:37:05,433 [pool-157-thread-1] INFO  server.RaftServerConfigKeys (ConfUtils.java:logGet(43)) - raft.server.log.write.buffer.size = 33554432 (custom)
2019-09-26 16:37:05,434 [pool-157-thread-1] INFO  server.RaftServerConfigKeys (ConfUtils.java:logGet(43)) - raft.server.log.force.sync.num = 128 (default)
2019-09-26 16:37:05,434 [pool-157-thread-1] INFO  server.RaftServerConfigKeys (ConfUtils.java:logGet(43)) - raft.server.log.statemachine.data.sync = true (default)
2019-09-26 16:37:05,434 [pool-157-thread-1] INFO  server.RaftServerConfigKeys (ConfUtils.java:logGet(43)) - raft.server.log.statemachine.data.sync.timeout = 10s (default)
2019-09-26 16:37:05,434 [pool-157-thread-1] INFO  server.RaftServerConfigKeys (ConfUtils.java:logGet(43)) - raft.server.log.statemachine.data.sync.timeout.retry = -1 (default)
2019-09-26 16:37:05,435 [pool-157-thread-1] INFO  server.RaftServerConfigKeys (ConfUtils.java:logGet(43)) - raft.server.log.statemachine.data.caching.enabled = true (custom)
2019-09-26 16:37:05,435 [pool-157-thread-1] INFO  segmented.SegmentedRaftLogWorker (SegmentedRaftLogWorker.java:lambda$new$0(132)) - 7c636cf6-abb1-48a1-8471-c57ff8076954@group-3ACB32D12D23-SegmentedRaftLogWorker: flushIndex: setUnconditionally 0 -> -1
2019-09-26 16:37:05,435 [pool-157-thread-1] INFO  server.RaftServerConfigKeys (ConfUtils.java:logGet(43)) - raft.server.snapshot.auto.trigger.enabled = true (custom)
2019-09-26 16:37:05,435 [pool-157-thread-1] INFO  server.RaftServerConfigKeys (ConfUtils.java:logGet(43)) - raft.server.snapshot.auto.trigger.threshold = 10000 (custom)
2019-09-26 16:37:05,436 [pool-157-thread-1] INFO  server.RaftServerConfigKeys (ConfUtils.java:logGet(43)) - raft.server.snapshot.retention.num.files = 5 (custom)
2019-09-26 16:37:05,436 [pool-157-thread-1] INFO  server.RaftServerConfigKeys (ConfUtils.java:logGet(43)) - raft.server.retrycache.expirytime = 600000ms (custom)
2019-09-26 16:37:05,438 [pool-157-thread-1] INFO  impl.RaftServerImpl (RaftServerImpl.java:start(185)) - 7c636cf6-abb1-48a1-8471-c57ff8076954@group-3ACB32D12D23: start as a follower, conf=-1: [7c636cf6-abb1-48a1-8471-c57ff8076954:192.168.157.234:40747], old=null
2019-09-26 16:37:05,439 [pool-157-thread-1] INFO  impl.RaftServerImpl (RaftServerImpl.java:setRole(174)) - 7c636cf6-abb1-48a1-8471-c57ff8076954@group-3ACB32D12D23: changes role from      null to FOLLOWER at term 0 for startAsFollower
2019-09-26 16:37:05,439 [pool-157-thread-1] INFO  impl.RoleInfo (RoleInfo.java:updateAndGet(143)) - 7c636cf6-abb1-48a1-8471-c57ff8076954: start FollowerState
2019-09-26 16:37:05,439 [pool-157-thread-1] INFO  util.JmxRegister (JmxRegister.java:tryRegister(44)) - Successfully registered JMX Bean with object name Ratis:service=RaftServer,group=group-3ACB32D12D23,id=7c636cf6-abb1-48a1-8471-c57ff8076954
2019-09-26 16:37:05,445 [RatisPipelineUtilsThread] INFO  pipeline.PipelineStateManager (PipelineStateManager.java:addPipeline(56)) - Created pipeline Pipeline[ Id: 94a57fc6-7d55-48cb-9c16-3acb32d12d23, Nodes: 7c636cf6-abb1-48a1-8471-c57ff8076954{ip: 192.168.157.234, host: pr-hdds-2162-htzpk-1451759861, networkLocation: /rack1, certSerialId: null}, Type:RATIS, Factor:ONE, State:OPEN]
2019-09-26 16:37:05,448 [IPC Server handler 9 on 45703] INFO  net.NetworkTopology (NetworkTopologyImpl.java:add(111)) - Added a new node: /rack1/dc4ec581-df22-4026-9c78-08ca65e450b7
2019-09-26 16:37:05,448 [IPC Server handler 9 on 45703] INFO  node.SCMNodeManager (SCMNodeManager.java:register(266)) - Registered Data node : dc4ec581-df22-4026-9c78-08ca65e450b7{ip: 192.168.157.234, host: pr-hdds-2162-htzpk-1451759861, networkLocation: /rack1, certSerialId: null}
2019-09-26 16:37:05,457 [grpc-default-executor-0] INFO  impl.RaftServerProxy (RaftServerProxy.java:addNew(89)) - 96614e23-b56d-471a-9cd7-6076bc1c8933: addNew group-2FC4F15CA412:[96614e23-b56d-471a-9cd7-6076bc1c8933:192.168.157.234:36122] returns group-2FC4F15CA412:java.util.concurrent.CompletableFuture@4f64cda0[Not completed]
2019-09-26 16:37:05,458 [pool-167-thread-1] INFO  impl.RaftServerImpl (RaftServerImpl.java:<init>(95)) - 96614e23-b56d-471a-9cd7-6076bc1c8933: new RaftServerImpl for group-2FC4F15CA412:[96614e23-b56d-471a-9cd7-6076bc1c8933:192.168.157.234:36122] with ContainerStateMachine:uninitialized
2019-09-26 16:37:05,459 [pool-167-thread-1] INFO  server.RaftServerConfigKeys (ConfUtils.java:logGet(43)) - raft.server.rpc.timeout.min = 1s (custom)
2019-09-26 16:37:05,459 [pool-167-thread-1] INFO  server.RaftServerConfigKeys (ConfUtils.java:logGet(43)) - raft.server.rpc.timeout.max = 1200ms (custom)
2019-09-26 16:37:05,459 [pool-167-thread-1] INFO  server.RaftServerConfigKeys (ConfUtils.java:logGet(43)) - raft.server.rpcslowness.timeout = 120s (custom)
2019-09-26 16:37:05,459 [pool-167-thread-1] INFO  server.RaftServerConfigKeys (ConfUtils.java:logGet(43)) - raft.server.sleep.deviation.threshold = 300 (default)
2019-09-26 16:37:05,459 [pool-167-thread-1] INFO  server.RaftServerConfigKeys (ConfUtils.java:logGet(43)) - raft.server.log.appender.install.snapshot.enabled = false (custom)
2019-09-26 16:37:05,460 [pool-167-thread-1] INFO  impl.RaftServerImpl (ServerState.java:<init>(103)) - 96614e23-b56d-471a-9cd7-6076bc1c8933@group-2FC4F15CA412: ConfigurationManager, init=-1: [96614e23-b56d-471a-9cd7-6076bc1c8933:192.168.157.234:36122], old=null, confs=<EMPTY_MAP>
2019-09-26 16:37:05,460 [pool-167-thread-1] INFO  server.RaftServerConfigKeys (ConfUtils.java:logGet(43)) - raft.server.storage.dir = [/workdir/hadoop-ozone/integration-test/target/test-dir/MiniOzoneClusterImpl-521d4657-8b90-42e2-88d0-1dd80c8159cc/datanode-2/data/ratis] (custom)
2019-09-26 16:37:05,460 [pool-167-thread-1] INFO  storage.RaftStorageDirectory (RaftStorageDirectory.java:analyzeStorage(246)) - The storage directory /workdir/hadoop-ozone/integration-test/target/test-dir/MiniOzoneClusterImpl-521d4657-8b90-42e2-88d0-1dd80c8159cc/datanode-2/data/ratis/33dd3f8d-9c42-489d-8385-2fc4f15ca412 does not exist. Creating ...
2019-09-26 16:37:05,473 [pool-167-thread-1] INFO  storage.RaftStorageDirectory (RaftStorageDirectory.java:tryLock(328)) - Lock on /workdir/hadoop-ozone/integration-test/target/test-dir/MiniOzoneClusterImpl-521d4657-8b90-42e2-88d0-1dd80c8159cc/datanode-2/data/ratis/33dd3f8d-9c42-489d-8385-2fc4f15ca412/in_use.lock acquired by nodename 16662@pr-hdds-2162-htzpk-1451759861
2019-09-26 16:37:05,487 [pool-167-thread-1] INFO  storage.RaftStorage (RaftStorage.java:format(72)) - Storage directory /workdir/hadoop-ozone/integration-test/target/test-dir/MiniOzoneClusterImpl-521d4657-8b90-42e2-88d0-1dd80c8159cc/datanode-2/data/ratis/33dd3f8d-9c42-489d-8385-2fc4f15ca412 has been successfully formatted.
2019-09-26 16:37:05,487 [pool-167-thread-1] INFO  ratis.ContainerStateMachine (ContainerStateMachine.java:loadSnapshot(230)) - group-2FC4F15CA412: The snapshot info is null. Setting the last applied indexto:(t:0, i:~)
2019-09-26 16:37:05,487 [pool-167-thread-1] INFO  server.RaftServerConfigKeys (ConfUtils.java:logGet(43)) - raft.server.notification.no-leader.timeout = 120s (custom)
2019-09-26 16:37:05,488 [pool-167-thread-1] INFO  server.RaftServerConfigKeys (ConfUtils.java:logGet(43)) - raft.server.log.use.memory = false (default)
2019-09-26 16:37:05,488 [pool-167-thread-1] INFO  server.RaftServerConfigKeys (ConfUtils.java:logGet(43)) - raft.server.log.purge.gap = 1000000 (custom)
2019-09-26 16:37:05,488 [pool-167-thread-1] INFO  server.RaftServerConfigKeys (ConfUtils.java:logGet(43)) - raft.server.log.appender.buffer.byte-limit = 33554432 (custom)
2019-09-26 16:37:05,488 [pool-167-thread-1] INFO  server.RaftServerConfigKeys (ConfUtils.java:logGet(43)) - raft.server.log.segment.size.max = 1048576 (custom)
2019-09-26 16:37:05,488 [pool-167-thread-1] INFO  server.RaftServerConfigKeys (ConfUtils.java:logGet(43)) - raft.server.log.segment.cache.num.max = 2 (custom)
2019-09-26 16:37:05,489 [pool-167-thread-1] INFO  segmented.SegmentedRaftLogWorker (SegmentedRaftLogWorker.java:<init>(172)) - new 96614e23-b56d-471a-9cd7-6076bc1c8933@group-2FC4F15CA412-SegmentedRaftLogWorker for RaftStorage:Storage Directory /workdir/hadoop-ozone/integration-test/target/test-dir/MiniOzoneClusterImpl-521d4657-8b90-42e2-88d0-1dd80c8159cc/datanode-2/data/ratis/33dd3f8d-9c42-489d-8385-2fc4f15ca412
2019-09-26 16:37:05,491 [pool-167-thread-1] INFO  server.RaftServerConfigKeys (ConfUtils.java:logGet(43)) - raft.server.log.queue.byte-limit = 2147483647 (custom)
2019-09-26 16:37:05,492 [pool-167-thread-1] INFO  server.RaftServerConfigKeys (ConfUtils.java:logGet(43)) - raft.server.log.queue.element-limit = 1024 (custom)
2019-09-26 16:37:05,492 [pool-167-thread-1] INFO  server.RaftServerConfigKeys (ConfUtils.java:logGet(43)) - raft.server.log.segment.size.max = 1048576 (custom)
2019-09-26 16:37:05,492 [pool-167-thread-1] INFO  server.RaftServerConfigKeys (ConfUtils.java:logGet(43)) - raft.server.log.preallocated.size = 16384 (custom)
2019-09-26 16:37:05,492 [pool-167-thread-1] INFO  server.RaftServerConfigKeys (ConfUtils.java:logGet(43)) - raft.server.log.write.buffer.size = 33554432 (custom)
2019-09-26 16:37:05,492 [pool-167-thread-1] INFO  server.RaftServerConfigKeys (ConfUtils.java:logGet(43)) - raft.server.log.force.sync.num = 128 (default)
2019-09-26 16:37:05,493 [pool-167-thread-1] INFO  server.RaftServerConfigKeys (ConfUtils.java:logGet(43)) - raft.server.log.statemachine.data.sync = true (default)
2019-09-26 16:37:05,493 [pool-167-thread-1] INFO  server.RaftServerConfigKeys (ConfUtils.java:logGet(43)) - raft.server.log.statemachine.data.sync.timeout = 10s (default)
2019-09-26 16:37:05,493 [pool-167-thread-1] INFO  server.RaftServerConfigKeys (ConfUtils.java:logGet(43)) - raft.server.log.statemachine.data.sync.timeout.retry = -1 (default)
2019-09-26 16:37:05,493 [pool-167-thread-1] INFO  server.RaftServerConfigKeys (ConfUtils.java:logGet(43)) - raft.server.log.statemachine.data.caching.enabled = true (custom)
2019-09-26 16:37:05,494 [pool-167-thread-1] INFO  segmented.SegmentedRaftLogWorker (SegmentedRaftLogWorker.java:lambda$new$0(132)) - 96614e23-b56d-471a-9cd7-6076bc1c8933@group-2FC4F15CA412-SegmentedRaftLogWorker: flushIndex: setUnconditionally 0 -> -1
2019-09-26 16:37:05,494 [pool-167-thread-1] INFO  server.RaftServerConfigKeys (ConfUtils.java:logGet(43)) - raft.server.snapshot.auto.trigger.enabled = true (custom)
2019-09-26 16:37:05,494 [pool-167-thread-1] INFO  server.RaftServerConfigKeys (ConfUtils.java:logGet(43)) - raft.server.snapshot.auto.trigger.threshold = 10000 (custom)
2019-09-26 16:37:05,495 [pool-167-thread-1] INFO  server.RaftServerConfigKeys (ConfUtils.java:logGet(43)) - raft.server.snapshot.retention.num.files = 5 (custom)
2019-09-26 16:37:05,495 [pool-167-thread-1] INFO  server.RaftServerConfigKeys (ConfUtils.java:logGet(43)) - raft.server.retrycache.expirytime = 600000ms (custom)
2019-09-26 16:37:05,498 [pool-167-thread-1] INFO  impl.RaftServerImpl (RaftServerImpl.java:start(185)) - 96614e23-b56d-471a-9cd7-6076bc1c8933@group-2FC4F15CA412: start as a follower, conf=-1: [96614e23-b56d-471a-9cd7-6076bc1c8933:192.168.157.234:36122], old=null
2019-09-26 16:37:05,498 [pool-167-thread-1] INFO  impl.RaftServerImpl (RaftServerImpl.java:setRole(174)) - 96614e23-b56d-471a-9cd7-6076bc1c8933@group-2FC4F15CA412: changes role from      null to FOLLOWER at term 0 for startAsFollower
2019-09-26 16:37:05,498 [pool-167-thread-1] INFO  impl.RoleInfo (RoleInfo.java:updateAndGet(143)) - 96614e23-b56d-471a-9cd7-6076bc1c8933: start FollowerState
2019-09-26 16:37:05,498 [pool-167-thread-1] INFO  util.JmxRegister (JmxRegister.java:tryRegister(44)) - Successfully registered JMX Bean with object name Ratis:service=RaftServer,group=group-2FC4F15CA412,id=96614e23-b56d-471a-9cd7-6076bc1c8933
2019-09-26 16:37:05,504 [RatisPipelineUtilsThread] INFO  pipeline.PipelineStateManager (PipelineStateManager.java:addPipeline(56)) - Created pipeline Pipeline[ Id: 33dd3f8d-9c42-489d-8385-2fc4f15ca412, Nodes: 96614e23-b56d-471a-9cd7-6076bc1c8933{ip: 192.168.157.234, host: pr-hdds-2162-htzpk-1451759861, networkLocation: /rack1, certSerialId: null}, Type:RATIS, Factor:ONE, State:OPEN]
2019-09-26 16:37:05,509 [IPC Server handler 8 on 45703] INFO  net.NetworkTopology (NetworkTopologyImpl.java:add(111)) - Added a new node: /rack1/45094064-c3fb-4870-9766-7d97e0e9250d
2019-09-26 16:37:05,509 [IPC Server handler 8 on 45703] INFO  node.SCMNodeManager (SCMNodeManager.java:register(266)) - Registered Data node : 45094064-c3fb-4870-9766-7d97e0e9250d{ip: 192.168.157.234, host: pr-hdds-2162-htzpk-1451759861, networkLocation: /rack1, certSerialId: null}
2019-09-26 16:37:05,516 [grpc-default-executor-0] INFO  impl.RaftServerProxy (RaftServerProxy.java:addNew(89)) - dc4ec581-df22-4026-9c78-08ca65e450b7: addNew group-F8EFB3E26B0F:[dc4ec581-df22-4026-9c78-08ca65e450b7:192.168.157.234:35995] returns group-F8EFB3E26B0F:java.util.concurrent.CompletableFuture@de977be[Not completed]
2019-09-26 16:37:05,518 [pool-177-thread-1] INFO  impl.RaftServerImpl (RaftServerImpl.java:<init>(95)) - dc4ec581-df22-4026-9c78-08ca65e450b7: new RaftServerImpl for group-F8EFB3E26B0F:[dc4ec581-df22-4026-9c78-08ca65e450b7:192.168.157.234:35995] with ContainerStateMachine:uninitialized
2019-09-26 16:37:05,518 [pool-177-thread-1] INFO  server.RaftServerConfigKeys (ConfUtils.java:logGet(43)) - raft.server.rpc.timeout.min = 1s (custom)
2019-09-26 16:37:05,518 [pool-177-thread-1] INFO  server.RaftServerConfigKeys (ConfUtils.java:logGet(43)) - raft.server.rpc.timeout.max = 1200ms (custom)
2019-09-26 16:37:05,518 [pool-177-thread-1] INFO  server.RaftServerConfigKeys (ConfUtils.java:logGet(43)) - raft.server.rpcslowness.timeout = 120s (custom)
2019-09-26 16:37:05,519 [pool-177-thread-1] INFO  server.RaftServerConfigKeys (ConfUtils.java:logGet(43)) - raft.server.sleep.deviation.threshold = 300 (default)
2019-09-26 16:37:05,519 [pool-177-thread-1] INFO  server.RaftServerConfigKeys (ConfUtils.java:logGet(43)) - raft.server.log.appender.install.snapshot.enabled = false (custom)
2019-09-26 16:37:05,519 [pool-177-thread-1] INFO  impl.RaftServerImpl (ServerState.java:<init>(103)) - dc4ec581-df22-4026-9c78-08ca65e450b7@group-F8EFB3E26B0F: ConfigurationManager, init=-1: [dc4ec581-df22-4026-9c78-08ca65e450b7:192.168.157.234:35995], old=null, confs=<EMPTY_MAP>
2019-09-26 16:37:05,519 [pool-177-thread-1] INFO  server.RaftServerConfigKeys (ConfUtils.java:logGet(43)) - raft.server.storage.dir = [/workdir/hadoop-ozone/integration-test/target/test-dir/MiniOzoneClusterImpl-521d4657-8b90-42e2-88d0-1dd80c8159cc/datanode-3/data/ratis] (custom)
2019-09-26 16:37:05,520 [pool-177-thread-1] INFO  storage.RaftStorageDirectory (RaftStorageDirectory.java:analyzeStorage(246)) - The storage directory /workdir/hadoop-ozone/integration-test/target/test-dir/MiniOzoneClusterImpl-521d4657-8b90-42e2-88d0-1dd80c8159cc/datanode-3/data/ratis/e05030df-e88c-4bd1-a5a9-f8efb3e26b0f does not exist. Creating ...
2019-09-26 16:37:05,533 [pool-177-thread-1] INFO  storage.RaftStorageDirectory (RaftStorageDirectory.java:tryLock(328)) - Lock on /workdir/hadoop-ozone/integration-test/target/test-dir/MiniOzoneClusterImpl-521d4657-8b90-42e2-88d0-1dd80c8159cc/datanode-3/data/ratis/e05030df-e88c-4bd1-a5a9-f8efb3e26b0f/in_use.lock acquired by nodename 16662@pr-hdds-2162-htzpk-1451759861
2019-09-26 16:37:05,546 [pool-177-thread-1] INFO  storage.RaftStorage (RaftStorage.java:format(72)) - Storage directory /workdir/hadoop-ozone/integration-test/target/test-dir/MiniOzoneClusterImpl-521d4657-8b90-42e2-88d0-1dd80c8159cc/datanode-3/data/ratis/e05030df-e88c-4bd1-a5a9-f8efb3e26b0f has been successfully formatted.
2019-09-26 16:37:05,547 [pool-177-thread-1] INFO  ratis.ContainerStateMachine (ContainerStateMachine.java:loadSnapshot(230)) - group-F8EFB3E26B0F: The snapshot info is null. Setting the last applied indexto:(t:0, i:~)
2019-09-26 16:37:05,547 [pool-177-thread-1] INFO  server.RaftServerConfigKeys (ConfUtils.java:logGet(43)) - raft.server.notification.no-leader.timeout = 120s (custom)
2019-09-26 16:37:05,547 [pool-177-thread-1] INFO  server.RaftServerConfigKeys (ConfUtils.java:logGet(43)) - raft.server.log.use.memory = false (default)
2019-09-26 16:37:05,547 [pool-177-thread-1] INFO  server.RaftServerConfigKeys (ConfUtils.java:logGet(43)) - raft.server.log.purge.gap = 1000000 (custom)
2019-09-26 16:37:05,547 [pool-177-thread-1] INFO  server.RaftServerConfigKeys (ConfUtils.java:logGet(43)) - raft.server.log.appender.buffer.byte-limit = 33554432 (custom)
2019-09-26 16:37:05,548 [pool-177-thread-1] INFO  server.RaftServerConfigKeys (ConfUtils.java:logGet(43)) - raft.server.log.segment.size.max = 1048576 (custom)
2019-09-26 16:37:05,548 [pool-177-thread-1] INFO  server.RaftServerConfigKeys (ConfUtils.java:logGet(43)) - raft.server.log.segment.cache.num.max = 2 (custom)
2019-09-26 16:37:05,548 [pool-177-thread-1] INFO  segmented.SegmentedRaftLogWorker (SegmentedRaftLogWorker.java:<init>(172)) - new dc4ec581-df22-4026-9c78-08ca65e450b7@group-F8EFB3E26B0F-SegmentedRaftLogWorker for RaftStorage:Storage Directory /workdir/hadoop-ozone/integration-test/target/test-dir/MiniOzoneClusterImpl-521d4657-8b90-42e2-88d0-1dd80c8159cc/datanode-3/data/ratis/e05030df-e88c-4bd1-a5a9-f8efb3e26b0f
2019-09-26 16:37:05,551 [pool-177-thread-1] INFO  server.RaftServerConfigKeys (ConfUtils.java:logGet(43)) - raft.server.log.queue.byte-limit = 2147483647 (custom)
2019-09-26 16:37:05,551 [pool-177-thread-1] INFO  server.RaftServerConfigKeys (ConfUtils.java:logGet(43)) - raft.server.log.queue.element-limit = 1024 (custom)
2019-09-26 16:37:05,551 [pool-177-thread-1] INFO  server.RaftServerConfigKeys (ConfUtils.java:logGet(43)) - raft.server.log.segment.size.max = 1048576 (custom)
2019-09-26 16:37:05,552 [pool-177-thread-1] INFO  server.RaftServerConfigKeys (ConfUtils.java:logGet(43)) - raft.server.log.preallocated.size = 16384 (custom)
2019-09-26 16:37:05,552 [pool-177-thread-1] INFO  server.RaftServerConfigKeys (ConfUtils.java:logGet(43)) - raft.server.log.write.buffer.size = 33554432 (custom)
2019-09-26 16:37:05,552 [pool-177-thread-1] INFO  server.RaftServerConfigKeys (ConfUtils.java:logGet(43)) - raft.server.log.force.sync.num = 128 (default)
2019-09-26 16:37:05,552 [pool-177-thread-1] INFO  server.RaftServerConfigKeys (ConfUtils.java:logGet(43)) - raft.server.log.statemachine.data.sync = true (default)
2019-09-26 16:37:05,552 [pool-177-thread-1] INFO  server.RaftServerConfigKeys (ConfUtils.java:logGet(43)) - raft.server.log.statemachine.data.sync.timeout = 10s (default)
2019-09-26 16:37:05,552 [pool-177-thread-1] INFO  server.RaftServerConfigKeys (ConfUtils.java:logGet(43)) - raft.server.log.statemachine.data.sync.timeout.retry = -1 (default)
2019-09-26 16:37:05,553 [pool-177-thread-1] INFO  server.RaftServerConfigKeys (ConfUtils.java:logGet(43)) - raft.server.log.statemachine.data.caching.enabled = true (custom)
2019-09-26 16:37:05,553 [pool-177-thread-1] INFO  segmented.SegmentedRaftLogWorker (SegmentedRaftLogWorker.java:lambda$new$0(132)) - dc4ec581-df22-4026-9c78-08ca65e450b7@group-F8EFB3E26B0F-SegmentedRaftLogWorker: flushIndex: setUnconditionally 0 -> -1
2019-09-26 16:37:05,554 [pool-177-thread-1] INFO  server.RaftServerConfigKeys (ConfUtils.java:logGet(43)) - raft.server.snapshot.auto.trigger.enabled = true (custom)
2019-09-26 16:37:05,554 [pool-177-thread-1] INFO  server.RaftServerConfigKeys (ConfUtils.java:logGet(43)) - raft.server.snapshot.auto.trigger.threshold = 10000 (custom)
2019-09-26 16:37:05,554 [pool-177-thread-1] INFO  server.RaftServerConfigKeys (ConfUtils.java:logGet(43)) - raft.server.snapshot.retention.num.files = 5 (custom)
2019-09-26 16:37:05,554 [pool-177-thread-1] INFO  server.RaftServerConfigKeys (ConfUtils.java:logGet(43)) - raft.server.retrycache.expirytime = 600000ms (custom)
2019-09-26 16:37:05,557 [pool-177-thread-1] INFO  impl.RaftServerImpl (RaftServerImpl.java:start(185)) - dc4ec581-df22-4026-9c78-08ca65e450b7@group-F8EFB3E26B0F: start as a follower, conf=-1: [dc4ec581-df22-4026-9c78-08ca65e450b7:192.168.157.234:35995], old=null
2019-09-26 16:37:05,557 [pool-177-thread-1] INFO  impl.RaftServerImpl (RaftServerImpl.java:setRole(174)) - dc4ec581-df22-4026-9c78-08ca65e450b7@group-F8EFB3E26B0F: changes role from      null to FOLLOWER at term 0 for startAsFollower
2019-09-26 16:37:05,557 [pool-177-thread-1] INFO  impl.RoleInfo (RoleInfo.java:updateAndGet(143)) - dc4ec581-df22-4026-9c78-08ca65e450b7: start FollowerState
2019-09-26 16:37:05,558 [pool-177-thread-1] INFO  util.JmxRegister (JmxRegister.java:tryRegister(44)) - Successfully registered JMX Bean with object name Ratis:service=RaftServer,group=group-F8EFB3E26B0F,id=dc4ec581-df22-4026-9c78-08ca65e450b7
2019-09-26 16:37:05,564 [RatisPipelineUtilsThread] INFO  pipeline.PipelineStateManager (PipelineStateManager.java:addPipeline(56)) - Created pipeline Pipeline[ Id: e05030df-e88c-4bd1-a5a9-f8efb3e26b0f, Nodes: dc4ec581-df22-4026-9c78-08ca65e450b7{ip: 192.168.157.234, host: pr-hdds-2162-htzpk-1451759861, networkLocation: /rack1, certSerialId: null}, Type:RATIS, Factor:ONE, State:OPEN]
2019-09-26 16:37:05,573 [grpc-default-executor-0] INFO  impl.RaftServerProxy (RaftServerProxy.java:addNew(89)) - 45094064-c3fb-4870-9766-7d97e0e9250d: addNew group-8912707491BF:[45094064-c3fb-4870-9766-7d97e0e9250d:192.168.157.234:36035] returns group-8912707491BF:java.util.concurrent.CompletableFuture@b5f8fb[Not completed]
2019-09-26 16:37:05,575 [pool-187-thread-1] INFO  impl.RaftServerImpl (RaftServerImpl.java:<init>(95)) - 45094064-c3fb-4870-9766-7d97e0e9250d: new RaftServerImpl for group-8912707491BF:[45094064-c3fb-4870-9766-7d97e0e9250d:192.168.157.234:36035] with ContainerStateMachine:uninitialized
2019-09-26 16:37:05,575 [pool-187-thread-1] INFO  server.RaftServerConfigKeys (ConfUtils.java:logGet(43)) - raft.server.rpc.timeout.min = 1s (custom)
2019-09-26 16:37:05,575 [pool-187-thread-1] INFO  server.RaftServerConfigKeys (ConfUtils.java:logGet(43)) - raft.server.rpc.timeout.max = 1200ms (custom)
2019-09-26 16:37:05,576 [pool-187-thread-1] INFO  server.RaftServerConfigKeys (ConfUtils.java:logGet(43)) - raft.server.rpcslowness.timeout = 120s (custom)
2019-09-26 16:37:05,576 [pool-187-thread-1] INFO  server.RaftServerConfigKeys (ConfUtils.java:logGet(43)) - raft.server.sleep.deviation.threshold = 300 (default)
2019-09-26 16:37:05,576 [pool-187-thread-1] INFO  server.RaftServerConfigKeys (ConfUtils.java:logGet(43)) - raft.server.log.appender.install.snapshot.enabled = false (custom)
2019-09-26 16:37:05,576 [IPC Server handler 2 on 45703] INFO  net.NetworkTopology (NetworkTopologyImpl.java:add(111)) - Added a new node: /rack1/54f991d6-dc71-460d-82bf-0c4295aeca21
2019-09-26 16:37:05,577 [pool-187-thread-1] INFO  impl.RaftServerImpl (ServerState.java:<init>(103)) - 45094064-c3fb-4870-9766-7d97e0e9250d@group-8912707491BF: ConfigurationManager, init=-1: [45094064-c3fb-4870-9766-7d97e0e9250d:192.168.157.234:36035], old=null, confs=<EMPTY_MAP>
2019-09-26 16:37:05,577 [IPC Server handler 2 on 45703] INFO  node.SCMNodeManager (SCMNodeManager.java:register(266)) - Registered Data node : 54f991d6-dc71-460d-82bf-0c4295aeca21{ip: 192.168.157.234, host: pr-hdds-2162-htzpk-1451759861, networkLocation: /rack1, certSerialId: null}
2019-09-26 16:37:05,577 [pool-187-thread-1] INFO  server.RaftServerConfigKeys (ConfUtils.java:logGet(43)) - raft.server.storage.dir = [/workdir/hadoop-ozone/integration-test/target/test-dir/MiniOzoneClusterImpl-521d4657-8b90-42e2-88d0-1dd80c8159cc/datanode-4/data/ratis] (custom)
2019-09-26 16:37:05,578 [pool-187-thread-1] INFO  storage.RaftStorageDirectory (RaftStorageDirectory.java:analyzeStorage(246)) - The storage directory /workdir/hadoop-ozone/integration-test/target/test-dir/MiniOzoneClusterImpl-521d4657-8b90-42e2-88d0-1dd80c8159cc/datanode-4/data/ratis/b557a653-1b5e-43d1-b788-8912707491bf does not exist. Creating ...
2019-09-26 16:37:05,602 [pool-187-thread-1] INFO  storage.RaftStorageDirectory (RaftStorageDirectory.java:tryLock(328)) - Lock on /workdir/hadoop-ozone/integration-test/target/test-dir/MiniOzoneClusterImpl-521d4657-8b90-42e2-88d0-1dd80c8159cc/datanode-4/data/ratis/b557a653-1b5e-43d1-b788-8912707491bf/in_use.lock acquired by nodename 16662@pr-hdds-2162-htzpk-1451759861
2019-09-26 16:37:05,620 [pool-187-thread-1] INFO  storage.RaftStorage (RaftStorage.java:format(72)) - Storage directory /workdir/hadoop-ozone/integration-test/target/test-dir/MiniOzoneClusterImpl-521d4657-8b90-42e2-88d0-1dd80c8159cc/datanode-4/data/ratis/b557a653-1b5e-43d1-b788-8912707491bf has been successfully formatted.
2019-09-26 16:37:05,621 [pool-187-thread-1] INFO  ratis.ContainerStateMachine (ContainerStateMachine.java:loadSnapshot(230)) - group-8912707491BF: The snapshot info is null. Setting the last applied indexto:(t:0, i:~)
2019-09-26 16:37:05,621 [pool-187-thread-1] INFO  server.RaftServerConfigKeys (ConfUtils.java:logGet(43)) - raft.server.notification.no-leader.timeout = 120s (custom)
2019-09-26 16:37:05,621 [pool-187-thread-1] INFO  server.RaftServerConfigKeys (ConfUtils.java:logGet(43)) - raft.server.log.use.memory = false (default)
2019-09-26 16:37:05,621 [pool-187-thread-1] INFO  server.RaftServerConfigKeys (ConfUtils.java:logGet(43)) - raft.server.log.purge.gap = 1000000 (custom)
2019-09-26 16:37:05,622 [pool-187-thread-1] INFO  server.RaftServerConfigKeys (ConfUtils.java:logGet(43)) - raft.server.log.appender.buffer.byte-limit = 33554432 (custom)
2019-09-26 16:37:05,622 [pool-187-thread-1] INFO  server.RaftServerConfigKeys (ConfUtils.java:logGet(43)) - raft.server.log.segment.size.max = 1048576 (custom)
2019-09-26 16:37:05,622 [pool-187-thread-1] INFO  server.RaftServerConfigKeys (ConfUtils.java:logGet(43)) - raft.server.log.segment.cache.num.max = 2 (custom)
2019-09-26 16:37:05,622 [pool-187-thread-1] INFO  segmented.SegmentedRaftLogWorker (SegmentedRaftLogWorker.java:<init>(172)) - new 45094064-c3fb-4870-9766-7d97e0e9250d@group-8912707491BF-SegmentedRaftLogWorker for RaftStorage:Storage Directory /workdir/hadoop-ozone/integration-test/target/test-dir/MiniOzoneClusterImpl-521d4657-8b90-42e2-88d0-1dd80c8159cc/datanode-4/data/ratis/b557a653-1b5e-43d1-b788-8912707491bf
2019-09-26 16:37:05,624 [pool-187-thread-1] INFO  server.RaftServerConfigKeys (ConfUtils.java:logGet(43)) - raft.server.log.queue.byte-limit = 2147483647 (custom)
2019-09-26 16:37:05,625 [pool-187-thread-1] INFO  server.RaftServerConfigKeys (ConfUtils.java:logGet(43)) - raft.server.log.queue.element-limit = 1024 (custom)
2019-09-26 16:37:05,625 [pool-187-thread-1] INFO  server.RaftServerConfigKeys (ConfUtils.java:logGet(43)) - raft.server.log.segment.size.max = 1048576 (custom)
2019-09-26 16:37:05,625 [pool-187-thread-1] INFO  server.RaftServerConfigKeys (ConfUtils.java:logGet(43)) - raft.server.log.preallocated.size = 16384 (custom)
2019-09-26 16:37:05,625 [pool-187-thread-1] INFO  server.RaftServerConfigKeys (ConfUtils.java:logGet(43)) - raft.server.log.write.buffer.size = 33554432 (custom)
2019-09-26 16:37:05,625 [pool-187-thread-1] INFO  server.RaftServerConfigKeys (ConfUtils.java:logGet(43)) - raft.server.log.force.sync.num = 128 (default)
2019-09-26 16:37:05,625 [pool-187-thread-1] INFO  server.RaftServerConfigKeys (ConfUtils.java:logGet(43)) - raft.server.log.statemachine.data.sync = true (default)
2019-09-26 16:37:05,626 [pool-187-thread-1] INFO  server.RaftServerConfigKeys (ConfUtils.java:logGet(43)) - raft.server.log.statemachine.data.sync.timeout = 10s (default)
2019-09-26 16:37:05,626 [pool-187-thread-1] INFO  server.RaftServerConfigKeys (ConfUtils.java:logGet(43)) - raft.server.log.statemachine.data.sync.timeout.retry = -1 (default)
2019-09-26 16:37:05,626 [pool-187-thread-1] INFO  server.RaftServerConfigKeys (ConfUtils.java:logGet(43)) - raft.server.log.statemachine.data.caching.enabled = true (custom)
2019-09-26 16:37:05,626 [pool-187-thread-1] INFO  segmented.SegmentedRaftLogWorker (SegmentedRaftLogWorker.java:lambda$new$0(132)) - 45094064-c3fb-4870-9766-7d97e0e9250d@group-8912707491BF-SegmentedRaftLogWorker: flushIndex: setUnconditionally 0 -> -1
2019-09-26 16:37:05,627 [pool-187-thread-1] INFO  server.RaftServerConfigKeys (ConfUtils.java:logGet(43)) - raft.server.snapshot.auto.trigger.enabled = true (custom)
2019-09-26 16:37:05,627 [pool-187-thread-1] INFO  server.RaftServerConfigKeys (ConfUtils.java:logGet(43)) - raft.server.snapshot.auto.trigger.threshold = 10000 (custom)
2019-09-26 16:37:05,627 [pool-187-thread-1] INFO  server.RaftServerConfigKeys (ConfUtils.java:logGet(43)) - raft.server.snapshot.retention.num.files = 5 (custom)
2019-09-26 16:37:05,627 [pool-187-thread-1] INFO  server.RaftServerConfigKeys (ConfUtils.java:logGet(43)) - raft.server.retrycache.expirytime = 600000ms (custom)
2019-09-26 16:37:05,629 [pool-187-thread-1] INFO  impl.RaftServerImpl (RaftServerImpl.java:start(185)) - 45094064-c3fb-4870-9766-7d97e0e9250d@group-8912707491BF: start as a follower, conf=-1: [45094064-c3fb-4870-9766-7d97e0e9250d:192.168.157.234:36035], old=null
2019-09-26 16:37:05,629 [pool-187-thread-1] INFO  impl.RaftServerImpl (RaftServerImpl.java:setRole(174)) - 45094064-c3fb-4870-9766-7d97e0e9250d@group-8912707491BF: changes role from      null to FOLLOWER at term 0 for startAsFollower
2019-09-26 16:37:05,629 [pool-187-thread-1] INFO  impl.RoleInfo (RoleInfo.java:updateAndGet(143)) - 45094064-c3fb-4870-9766-7d97e0e9250d: start FollowerState
2019-09-26 16:37:05,630 [pool-187-thread-1] INFO  util.JmxRegister (JmxRegister.java:tryRegister(44)) - Successfully registered JMX Bean with object name Ratis:service=RaftServer,group=group-8912707491BF,id=45094064-c3fb-4870-9766-7d97e0e9250d
2019-09-26 16:37:05,637 [RatisPipelineUtilsThread] INFO  pipeline.PipelineStateManager (PipelineStateManager.java:addPipeline(56)) - Created pipeline Pipeline[ Id: b557a653-1b5e-43d1-b788-8912707491bf, Nodes: 45094064-c3fb-4870-9766-7d97e0e9250d{ip: 192.168.157.234, host: pr-hdds-2162-htzpk-1451759861, networkLocation: /rack1, certSerialId: null}, Type:RATIS, Factor:ONE, State:OPEN]
2019-09-26 16:37:05,659 [grpc-default-executor-0] INFO  impl.RaftServerProxy (RaftServerProxy.java:addNew(89)) - 54f991d6-dc71-460d-82bf-0c4295aeca21: addNew group-E9899D02D7E4:[54f991d6-dc71-460d-82bf-0c4295aeca21:192.168.157.234:39635] returns group-E9899D02D7E4:java.util.concurrent.CompletableFuture@2c4c726c[Not completed]
2019-09-26 16:37:05,660 [pool-197-thread-1] INFO  impl.RaftServerImpl (RaftServerImpl.java:<init>(95)) - 54f991d6-dc71-460d-82bf-0c4295aeca21: new RaftServerImpl for group-E9899D02D7E4:[54f991d6-dc71-460d-82bf-0c4295aeca21:192.168.157.234:39635] with ContainerStateMachine:uninitialized
2019-09-26 16:37:05,660 [pool-197-thread-1] INFO  server.RaftServerConfigKeys (ConfUtils.java:logGet(43)) - raft.server.rpc.timeout.min = 1s (custom)
2019-09-26 16:37:05,661 [pool-197-thread-1] INFO  server.RaftServerConfigKeys (ConfUtils.java:logGet(43)) - raft.server.rpc.timeout.max = 1200ms (custom)
2019-09-26 16:37:05,661 [pool-197-thread-1] INFO  server.RaftServerConfigKeys (ConfUtils.java:logGet(43)) - raft.server.rpcslowness.timeout = 120s (custom)
2019-09-26 16:37:05,661 [pool-197-thread-1] INFO  server.RaftServerConfigKeys (ConfUtils.java:logGet(43)) - raft.server.sleep.deviation.threshold = 300 (default)
2019-09-26 16:37:05,661 [pool-197-thread-1] INFO  server.RaftServerConfigKeys (ConfUtils.java:logGet(43)) - raft.server.log.appender.install.snapshot.enabled = false (custom)
2019-09-26 16:37:05,661 [pool-197-thread-1] INFO  impl.RaftServerImpl (ServerState.java:<init>(103)) - 54f991d6-dc71-460d-82bf-0c4295aeca21@group-E9899D02D7E4: ConfigurationManager, init=-1: [54f991d6-dc71-460d-82bf-0c4295aeca21:192.168.157.234:39635], old=null, confs=<EMPTY_MAP>
2019-09-26 16:37:05,661 [pool-197-thread-1] INFO  server.RaftServerConfigKeys (ConfUtils.java:logGet(43)) - raft.server.storage.dir = [/workdir/hadoop-ozone/integration-test/target/test-dir/MiniOzoneClusterImpl-521d4657-8b90-42e2-88d0-1dd80c8159cc/datanode-5/data/ratis] (custom)
2019-09-26 16:37:05,661 [pool-197-thread-1] INFO  storage.RaftStorageDirectory (RaftStorageDirectory.java:analyzeStorage(246)) - The storage directory /workdir/hadoop-ozone/integration-test/target/test-dir/MiniOzoneClusterImpl-521d4657-8b90-42e2-88d0-1dd80c8159cc/datanode-5/data/ratis/f82361f3-b865-49b5-98c4-e9899d02d7e4 does not exist. Creating ...
2019-09-26 16:37:05,675 [pool-197-thread-1] INFO  storage.RaftStorageDirectory (RaftStorageDirectory.java:tryLock(328)) - Lock on /workdir/hadoop-ozone/integration-test/target/test-dir/MiniOzoneClusterImpl-521d4657-8b90-42e2-88d0-1dd80c8159cc/datanode-5/data/ratis/f82361f3-b865-49b5-98c4-e9899d02d7e4/in_use.lock acquired by nodename 16662@pr-hdds-2162-htzpk-1451759861
2019-09-26 16:37:05,678 [IPC Server handler 0 on 45703] INFO  net.NetworkTopology (NetworkTopologyImpl.java:add(111)) - Added a new node: /rack1/6e9598b6-9dc4-49c9-af23-0bbf4a4b345a
2019-09-26 16:37:05,678 [IPC Server handler 0 on 45703] INFO  node.SCMNodeManager (SCMNodeManager.java:register(266)) - Registered Data node : 6e9598b6-9dc4-49c9-af23-0bbf4a4b345a{ip: 192.168.157.234, host: pr-hdds-2162-htzpk-1451759861, networkLocation: /rack1, certSerialId: null}
2019-09-26 16:37:05,688 [pool-197-thread-1] INFO  storage.RaftStorage (RaftStorage.java:format(72)) - Storage directory /workdir/hadoop-ozone/integration-test/target/test-dir/MiniOzoneClusterImpl-521d4657-8b90-42e2-88d0-1dd80c8159cc/datanode-5/data/ratis/f82361f3-b865-49b5-98c4-e9899d02d7e4 has been successfully formatted.
2019-09-26 16:37:05,688 [pool-197-thread-1] INFO  ratis.ContainerStateMachine (ContainerStateMachine.java:loadSnapshot(230)) - group-E9899D02D7E4: The snapshot info is null. Setting the last applied indexto:(t:0, i:~)
2019-09-26 16:37:05,689 [pool-197-thread-1] INFO  server.RaftServerConfigKeys (ConfUtils.java:logGet(43)) - raft.server.notification.no-leader.timeout = 120s (custom)
2019-09-26 16:37:05,689 [pool-197-thread-1] INFO  server.RaftServerConfigKeys (ConfUtils.java:logGet(43)) - raft.server.log.use.memory = false (default)
2019-09-26 16:37:05,689 [pool-197-thread-1] INFO  server.RaftServerConfigKeys (ConfUtils.java:logGet(43)) - raft.server.log.purge.gap = 1000000 (custom)
2019-09-26 16:37:05,689 [pool-197-thread-1] INFO  server.RaftServerConfigKeys (ConfUtils.java:logGet(43)) - raft.server.log.appender.buffer.byte-limit = 33554432 (custom)
2019-09-26 16:37:05,689 [pool-197-thread-1] INFO  server.RaftServerConfigKeys (ConfUtils.java:logGet(43)) - raft.server.log.segment.size.max = 1048576 (custom)
2019-09-26 16:37:05,689 [pool-197-thread-1] INFO  server.RaftServerConfigKeys (ConfUtils.java:logGet(43)) - raft.server.log.segment.cache.num.max = 2 (custom)
2019-09-26 16:37:05,689 [pool-197-thread-1] INFO  segmented.SegmentedRaftLogWorker (SegmentedRaftLogWorker.java:<init>(172)) - new 54f991d6-dc71-460d-82bf-0c4295aeca21@group-E9899D02D7E4-SegmentedRaftLogWorker for RaftStorage:Storage Directory /workdir/hadoop-ozone/integration-test/target/test-dir/MiniOzoneClusterImpl-521d4657-8b90-42e2-88d0-1dd80c8159cc/datanode-5/data/ratis/f82361f3-b865-49b5-98c4-e9899d02d7e4
2019-09-26 16:37:05,692 [pool-197-thread-1] INFO  server.RaftServerConfigKeys (ConfUtils.java:logGet(43)) - raft.server.log.queue.byte-limit = 2147483647 (custom)
2019-09-26 16:37:05,692 [pool-197-thread-1] INFO  server.RaftServerConfigKeys (ConfUtils.java:logGet(43)) - raft.server.log.queue.element-limit = 1024 (custom)
2019-09-26 16:37:05,692 [pool-197-thread-1] INFO  server.RaftServerConfigKeys (ConfUtils.java:logGet(43)) - raft.server.log.segment.size.max = 1048576 (custom)
2019-09-26 16:37:05,693 [pool-197-thread-1] INFO  server.RaftServerConfigKeys (ConfUtils.java:logGet(43)) - raft.server.log.preallocated.size = 16384 (custom)
2019-09-26 16:37:05,693 [pool-197-thread-1] INFO  server.RaftServerConfigKeys (ConfUtils.java:logGet(43)) - raft.server.log.write.buffer.size = 33554432 (custom)
2019-09-26 16:37:05,693 [pool-197-thread-1] INFO  server.RaftServerConfigKeys (ConfUtils.java:logGet(43)) - raft.server.log.force.sync.num = 128 (default)
2019-09-26 16:37:05,693 [pool-197-thread-1] INFO  server.RaftServerConfigKeys (ConfUtils.java:logGet(43)) - raft.server.log.statemachine.data.sync = true (default)
2019-09-26 16:37:05,694 [pool-197-thread-1] INFO  server.RaftServerConfigKeys (ConfUtils.java:logGet(43)) - raft.server.log.statemachine.data.sync.timeout = 10s (default)
2019-09-26 16:37:05,694 [pool-197-thread-1] INFO  server.RaftServerConfigKeys (ConfUtils.java:logGet(43)) - raft.server.log.statemachine.data.sync.timeout.retry = -1 (default)
2019-09-26 16:37:05,694 [pool-197-thread-1] INFO  server.RaftServerConfigKeys (ConfUtils.java:logGet(43)) - raft.server.log.statemachine.data.caching.enabled = true (custom)
2019-09-26 16:37:05,695 [pool-197-thread-1] INFO  segmented.SegmentedRaftLogWorker (SegmentedRaftLogWorker.java:lambda$new$0(132)) - 54f991d6-dc71-460d-82bf-0c4295aeca21@group-E9899D02D7E4-SegmentedRaftLogWorker: flushIndex: setUnconditionally 0 -> -1
2019-09-26 16:37:05,695 [pool-197-thread-1] INFO  server.RaftServerConfigKeys (ConfUtils.java:logGet(43)) - raft.server.snapshot.auto.trigger.enabled = true (custom)
2019-09-26 16:37:05,695 [pool-197-thread-1] INFO  server.RaftServerConfigKeys (ConfUtils.java:logGet(43)) - raft.server.snapshot.auto.trigger.threshold = 10000 (custom)
2019-09-26 16:37:05,695 [pool-197-thread-1] INFO  server.RaftServerConfigKeys (ConfUtils.java:logGet(43)) - raft.server.snapshot.retention.num.files = 5 (custom)
2019-09-26 16:37:05,696 [pool-197-thread-1] INFO  server.RaftServerConfigKeys (ConfUtils.java:logGet(43)) - raft.server.retrycache.expirytime = 600000ms (custom)
2019-09-26 16:37:05,699 [pool-197-thread-1] INFO  impl.RaftServerImpl (RaftServerImpl.java:start(185)) - 54f991d6-dc71-460d-82bf-0c4295aeca21@group-E9899D02D7E4: start as a follower, conf=-1: [54f991d6-dc71-460d-82bf-0c4295aeca21:192.168.157.234:39635], old=null
2019-09-26 16:37:05,699 [pool-197-thread-1] INFO  impl.RaftServerImpl (RaftServerImpl.java:setRole(174)) - 54f991d6-dc71-460d-82bf-0c4295aeca21@group-E9899D02D7E4: changes role from      null to FOLLOWER at term 0 for startAsFollower
2019-09-26 16:37:05,699 [pool-197-thread-1] INFO  impl.RoleInfo (RoleInfo.java:updateAndGet(143)) - 54f991d6-dc71-460d-82bf-0c4295aeca21: start FollowerState
2019-09-26 16:37:05,700 [pool-197-thread-1] INFO  util.JmxRegister (JmxRegister.java:tryRegister(44)) - Successfully registered JMX Bean with object name Ratis:service=RaftServer,group=group-E9899D02D7E4,id=54f991d6-dc71-460d-82bf-0c4295aeca21
2019-09-26 16:37:05,707 [RatisPipelineUtilsThread] INFO  pipeline.PipelineStateManager (PipelineStateManager.java:addPipeline(56)) - Created pipeline Pipeline[ Id: f82361f3-b865-49b5-98c4-e9899d02d7e4, Nodes: 54f991d6-dc71-460d-82bf-0c4295aeca21{ip: 192.168.157.234, host: pr-hdds-2162-htzpk-1451759861, networkLocation: /rack1, certSerialId: null}, Type:RATIS, Factor:ONE, State:OPEN]
2019-09-26 16:37:05,731 [grpc-default-executor-0] INFO  impl.RaftServerProxy (RaftServerProxy.java:addNew(89)) - 6e9598b6-9dc4-49c9-af23-0bbf4a4b345a: addNew group-FDE276FE2FC3:[6e9598b6-9dc4-49c9-af23-0bbf4a4b345a:192.168.157.234:44157] returns group-FDE276FE2FC3:java.util.concurrent.CompletableFuture@30129a36[Not completed]
2019-09-26 16:37:05,732 [pool-207-thread-1] INFO  impl.RaftServerImpl (RaftServerImpl.java:<init>(95)) - 6e9598b6-9dc4-49c9-af23-0bbf4a4b345a: new RaftServerImpl for group-FDE276FE2FC3:[6e9598b6-9dc4-49c9-af23-0bbf4a4b345a:192.168.157.234:44157] with ContainerStateMachine:uninitialized
2019-09-26 16:37:05,733 [pool-207-thread-1] INFO  server.RaftServerConfigKeys (ConfUtils.java:logGet(43)) - raft.server.rpc.timeout.min = 1s (custom)
2019-09-26 16:37:05,733 [pool-207-thread-1] INFO  server.RaftServerConfigKeys (ConfUtils.java:logGet(43)) - raft.server.rpc.timeout.max = 1200ms (custom)
2019-09-26 16:37:05,733 [pool-207-thread-1] INFO  server.RaftServerConfigKeys (ConfUtils.java:logGet(43)) - raft.server.rpcslowness.timeout = 120s (custom)
2019-09-26 16:37:05,733 [pool-207-thread-1] INFO  server.RaftServerConfigKeys (ConfUtils.java:logGet(43)) - raft.server.sleep.deviation.threshold = 300 (default)
2019-09-26 16:37:05,733 [pool-207-thread-1] INFO  server.RaftServerConfigKeys (ConfUtils.java:logGet(43)) - raft.server.log.appender.install.snapshot.enabled = false (custom)
2019-09-26 16:37:05,734 [pool-207-thread-1] INFO  impl.RaftServerImpl (ServerState.java:<init>(103)) - 6e9598b6-9dc4-49c9-af23-0bbf4a4b345a@group-FDE276FE2FC3: ConfigurationManager, init=-1: [6e9598b6-9dc4-49c9-af23-0bbf4a4b345a:192.168.157.234:44157], old=null, confs=<EMPTY_MAP>
2019-09-26 16:37:05,734 [pool-207-thread-1] INFO  server.RaftServerConfigKeys (ConfUtils.java:logGet(43)) - raft.server.storage.dir = [/workdir/hadoop-ozone/integration-test/target/test-dir/MiniOzoneClusterImpl-521d4657-8b90-42e2-88d0-1dd80c8159cc/datanode-6/data/ratis] (custom)
2019-09-26 16:37:05,734 [pool-207-thread-1] INFO  storage.RaftStorageDirectory (RaftStorageDirectory.java:analyzeStorage(246)) - The storage directory /workdir/hadoop-ozone/integration-test/target/test-dir/MiniOzoneClusterImpl-521d4657-8b90-42e2-88d0-1dd80c8159cc/datanode-6/data/ratis/5a635cda-98c0-4d56-b94b-fde276fe2fc3 does not exist. Creating ...
2019-09-26 16:37:05,747 [pool-207-thread-1] INFO  storage.RaftStorageDirectory (RaftStorageDirectory.java:tryLock(328)) - Lock on /workdir/hadoop-ozone/integration-test/target/test-dir/MiniOzoneClusterImpl-521d4657-8b90-42e2-88d0-1dd80c8159cc/datanode-6/data/ratis/5a635cda-98c0-4d56-b94b-fde276fe2fc3/in_use.lock acquired by nodename 16662@pr-hdds-2162-htzpk-1451759861
2019-09-26 16:37:05,750 [IPC Server handler 3 on 45703] INFO  net.NetworkTopology (NetworkTopologyImpl.java:add(111)) - Added a new node: /rack1/23db1bd7-0ec3-4d63-b495-756f3d5b5fb7
2019-09-26 16:37:05,750 [IPC Server handler 3 on 45703] INFO  node.SCMNodeManager (SCMNodeManager.java:register(266)) - Registered Data node : 23db1bd7-0ec3-4d63-b495-756f3d5b5fb7{ip: 192.168.157.234, host: pr-hdds-2162-htzpk-1451759861, networkLocation: /rack1, certSerialId: null}
2019-09-26 16:37:05,761 [pool-207-thread-1] INFO  storage.RaftStorage (RaftStorage.java:format(72)) - Storage directory /workdir/hadoop-ozone/integration-test/target/test-dir/MiniOzoneClusterImpl-521d4657-8b90-42e2-88d0-1dd80c8159cc/datanode-6/data/ratis/5a635cda-98c0-4d56-b94b-fde276fe2fc3 has been successfully formatted.
2019-09-26 16:37:05,761 [pool-207-thread-1] INFO  ratis.ContainerStateMachine (ContainerStateMachine.java:loadSnapshot(230)) - group-FDE276FE2FC3: The snapshot info is null. Setting the last applied indexto:(t:0, i:~)
2019-09-26 16:37:05,762 [pool-207-thread-1] INFO  server.RaftServerConfigKeys (ConfUtils.java:logGet(43)) - raft.server.notification.no-leader.timeout = 120s (custom)
2019-09-26 16:37:05,762 [pool-207-thread-1] INFO  server.RaftServerConfigKeys (ConfUtils.java:logGet(43)) - raft.server.log.use.memory = false (default)
2019-09-26 16:37:05,762 [pool-207-thread-1] INFO  server.RaftServerConfigKeys (ConfUtils.java:logGet(43)) - raft.server.log.purge.gap = 1000000 (custom)
2019-09-26 16:37:05,762 [pool-207-thread-1] INFO  server.RaftServerConfigKeys (ConfUtils.java:logGet(43)) - raft.server.log.appender.buffer.byte-limit = 33554432 (custom)
2019-09-26 16:37:05,762 [pool-207-thread-1] INFO  server.RaftServerConfigKeys (ConfUtils.java:logGet(43)) - raft.server.log.segment.size.max = 1048576 (custom)
2019-09-26 16:37:05,762 [pool-207-thread-1] INFO  server.RaftServerConfigKeys (ConfUtils.java:logGet(43)) - raft.server.log.segment.cache.num.max = 2 (custom)
2019-09-26 16:37:05,763 [pool-207-thread-1] INFO  segmented.SegmentedRaftLogWorker (SegmentedRaftLogWorker.java:<init>(172)) - new 6e9598b6-9dc4-49c9-af23-0bbf4a4b345a@group-FDE276FE2FC3-SegmentedRaftLogWorker for RaftStorage:Storage Directory /workdir/hadoop-ozone/integration-test/target/test-dir/MiniOzoneClusterImpl-521d4657-8b90-42e2-88d0-1dd80c8159cc/datanode-6/data/ratis/5a635cda-98c0-4d56-b94b-fde276fe2fc3
2019-09-26 16:37:05,765 [pool-207-thread-1] INFO  server.RaftServerConfigKeys (ConfUtils.java:logGet(43)) - raft.server.log.queue.byte-limit = 2147483647 (custom)
2019-09-26 16:37:05,765 [pool-207-thread-1] INFO  server.RaftServerConfigKeys (ConfUtils.java:logGet(43)) - raft.server.log.queue.element-limit = 1024 (custom)
2019-09-26 16:37:05,765 [pool-207-thread-1] INFO  server.RaftServerConfigKeys (ConfUtils.java:logGet(43)) - raft.server.log.segment.size.max = 1048576 (custom)
2019-09-26 16:37:05,765 [pool-207-thread-1] INFO  server.RaftServerConfigKeys (ConfUtils.java:logGet(43)) - raft.server.log.preallocated.size = 16384 (custom)
2019-09-26 16:37:05,766 [pool-207-thread-1] INFO  server.RaftServerConfigKeys (ConfUtils.java:logGet(43)) - raft.server.log.write.buffer.size = 33554432 (custom)
2019-09-26 16:37:05,766 [pool-207-thread-1] INFO  server.RaftServerConfigKeys (ConfUtils.java:logGet(43)) - raft.server.log.force.sync.num = 128 (default)
2019-09-26 16:37:05,766 [pool-207-thread-1] INFO  server.RaftServerConfigKeys (ConfUtils.java:logGet(43)) - raft.server.log.statemachine.data.sync = true (default)
2019-09-26 16:37:05,766 [pool-207-thread-1] INFO  server.RaftServerConfigKeys (ConfUtils.java:logGet(43)) - raft.server.log.statemachine.data.sync.timeout = 10s (default)
2019-09-26 16:37:05,766 [pool-207-thread-1] INFO  server.RaftServerConfigKeys (ConfUtils.java:logGet(43)) - raft.server.log.statemachine.data.sync.timeout.retry = -1 (default)
2019-09-26 16:37:05,766 [pool-207-thread-1] INFO  server.RaftServerConfigKeys (ConfUtils.java:logGet(43)) - raft.server.log.statemachine.data.caching.enabled = true (custom)
2019-09-26 16:37:05,767 [pool-207-thread-1] INFO  segmented.SegmentedRaftLogWorker (SegmentedRaftLogWorker.java:lambda$new$0(132)) - 6e9598b6-9dc4-49c9-af23-0bbf4a4b345a@group-FDE276FE2FC3-SegmentedRaftLogWorker: flushIndex: setUnconditionally 0 -> -1
2019-09-26 16:37:05,767 [pool-207-thread-1] INFO  server.RaftServerConfigKeys (ConfUtils.java:logGet(43)) - raft.server.snapshot.auto.trigger.enabled = true (custom)
2019-09-26 16:37:05,767 [pool-207-thread-1] INFO  server.RaftServerConfigKeys (ConfUtils.java:logGet(43)) - raft.server.snapshot.auto.trigger.threshold = 10000 (custom)
2019-09-26 16:37:05,767 [pool-207-thread-1] INFO  server.RaftServerConfigKeys (ConfUtils.java:logGet(43)) - raft.server.snapshot.retention.num.files = 5 (custom)
2019-09-26 16:37:05,768 [pool-207-thread-1] INFO  server.RaftServerConfigKeys (ConfUtils.java:logGet(43)) - raft.server.retrycache.expirytime = 600000ms (custom)
2019-09-26 16:37:05,770 [pool-207-thread-1] INFO  impl.RaftServerImpl (RaftServerImpl.java:start(185)) - 6e9598b6-9dc4-49c9-af23-0bbf4a4b345a@group-FDE276FE2FC3: start as a follower, conf=-1: [6e9598b6-9dc4-49c9-af23-0bbf4a4b345a:192.168.157.234:44157], old=null
2019-09-26 16:37:05,770 [pool-207-thread-1] INFO  impl.RaftServerImpl (RaftServerImpl.java:setRole(174)) - 6e9598b6-9dc4-49c9-af23-0bbf4a4b345a@group-FDE276FE2FC3: changes role from      null to FOLLOWER at term 0 for startAsFollower
2019-09-26 16:37:05,770 [pool-207-thread-1] INFO  impl.RoleInfo (RoleInfo.java:updateAndGet(143)) - 6e9598b6-9dc4-49c9-af23-0bbf4a4b345a: start FollowerState
2019-09-26 16:37:05,770 [pool-207-thread-1] INFO  util.JmxRegister (JmxRegister.java:tryRegister(44)) - Successfully registered JMX Bean with object name Ratis:service=RaftServer,group=group-FDE276FE2FC3,id=6e9598b6-9dc4-49c9-af23-0bbf4a4b345a
2019-09-26 16:37:05,777 [RatisPipelineUtilsThread] INFO  pipeline.PipelineStateManager (PipelineStateManager.java:addPipeline(56)) - Created pipeline Pipeline[ Id: 5a635cda-98c0-4d56-b94b-fde276fe2fc3, Nodes: 6e9598b6-9dc4-49c9-af23-0bbf4a4b345a{ip: 192.168.157.234, host: pr-hdds-2162-htzpk-1451759861, networkLocation: /rack1, certSerialId: null}, Type:RATIS, Factor:ONE, State:OPEN]
2019-09-26 16:37:05,786 [grpc-default-executor-0] INFO  impl.RaftServerProxy (RaftServerProxy.java:addNew(89)) - 23db1bd7-0ec3-4d63-b495-756f3d5b5fb7: addNew group-21439FDDBEEC:[23db1bd7-0ec3-4d63-b495-756f3d5b5fb7:192.168.157.234:37353] returns group-21439FDDBEEC:java.util.concurrent.CompletableFuture@3359dd3b[Not completed]
2019-09-26 16:37:05,789 [pool-217-thread-1] INFO  impl.RaftServerImpl (RaftServerImpl.java:<init>(95)) - 23db1bd7-0ec3-4d63-b495-756f3d5b5fb7: new RaftServerImpl for group-21439FDDBEEC:[23db1bd7-0ec3-4d63-b495-756f3d5b5fb7:192.168.157.234:37353] with ContainerStateMachine:uninitialized
2019-09-26 16:37:05,789 [pool-217-thread-1] INFO  server.RaftServerConfigKeys (ConfUtils.java:logGet(43)) - raft.server.rpc.timeout.min = 1s (custom)
2019-09-26 16:37:05,789 [pool-217-thread-1] INFO  server.RaftServerConfigKeys (ConfUtils.java:logGet(43)) - raft.server.rpc.timeout.max = 1200ms (custom)
2019-09-26 16:37:05,790 [pool-217-thread-1] INFO  server.RaftServerConfigKeys (ConfUtils.java:logGet(43)) - raft.server.rpcslowness.timeout = 120s (custom)
2019-09-26 16:37:05,790 [pool-217-thread-1] INFO  server.RaftServerConfigKeys (ConfUtils.java:logGet(43)) - raft.server.sleep.deviation.threshold = 300 (default)
2019-09-26 16:37:05,790 [pool-217-thread-1] INFO  server.RaftServerConfigKeys (ConfUtils.java:logGet(43)) - raft.server.log.appender.install.snapshot.enabled = false (custom)
2019-09-26 16:37:05,790 [pool-217-thread-1] INFO  impl.RaftServerImpl (ServerState.java:<init>(103)) - 23db1bd7-0ec3-4d63-b495-756f3d5b5fb7@group-21439FDDBEEC: ConfigurationManager, init=-1: [23db1bd7-0ec3-4d63-b495-756f3d5b5fb7:192.168.157.234:37353], old=null, confs=<EMPTY_MAP>
2019-09-26 16:37:05,790 [pool-217-thread-1] INFO  server.RaftServerConfigKeys (ConfUtils.java:logGet(43)) - raft.server.storage.dir = [/workdir/hadoop-ozone/integration-test/target/test-dir/MiniOzoneClusterImpl-521d4657-8b90-42e2-88d0-1dd80c8159cc/datanode-7/data/ratis] (custom)
2019-09-26 16:37:05,791 [pool-217-thread-1] INFO  storage.RaftStorageDirectory (RaftStorageDirectory.java:analyzeStorage(246)) - The storage directory /workdir/hadoop-ozone/integration-test/target/test-dir/MiniOzoneClusterImpl-521d4657-8b90-42e2-88d0-1dd80c8159cc/datanode-7/data/ratis/a648ec7b-504b-458a-b8f7-21439fddbeec does not exist. Creating ...
2019-09-26 16:37:05,804 [pool-217-thread-1] INFO  storage.RaftStorageDirectory (RaftStorageDirectory.java:tryLock(328)) - Lock on /workdir/hadoop-ozone/integration-test/target/test-dir/MiniOzoneClusterImpl-521d4657-8b90-42e2-88d0-1dd80c8159cc/datanode-7/data/ratis/a648ec7b-504b-458a-b8f7-21439fddbeec/in_use.lock acquired by nodename 16662@pr-hdds-2162-htzpk-1451759861
2019-09-26 16:37:05,818 [pool-217-thread-1] INFO  storage.RaftStorage (RaftStorage.java:format(72)) - Storage directory /workdir/hadoop-ozone/integration-test/target/test-dir/MiniOzoneClusterImpl-521d4657-8b90-42e2-88d0-1dd80c8159cc/datanode-7/data/ratis/a648ec7b-504b-458a-b8f7-21439fddbeec has been successfully formatted.
2019-09-26 16:37:05,818 [pool-217-thread-1] INFO  ratis.ContainerStateMachine (ContainerStateMachine.java:loadSnapshot(230)) - group-21439FDDBEEC: The snapshot info is null. Setting the last applied indexto:(t:0, i:~)
2019-09-26 16:37:05,819 [pool-217-thread-1] INFO  server.RaftServerConfigKeys (ConfUtils.java:logGet(43)) - raft.server.notification.no-leader.timeout = 120s (custom)
2019-09-26 16:37:05,819 [pool-217-thread-1] INFO  server.RaftServerConfigKeys (ConfUtils.java:logGet(43)) - raft.server.log.use.memory = false (default)
2019-09-26 16:37:05,819 [pool-217-thread-1] INFO  server.RaftServerConfigKeys (ConfUtils.java:logGet(43)) - raft.server.log.purge.gap = 1000000 (custom)
2019-09-26 16:37:05,819 [pool-217-thread-1] INFO  server.RaftServerConfigKeys (ConfUtils.java:logGet(43)) - raft.server.log.appender.buffer.byte-limit = 33554432 (custom)
2019-09-26 16:37:05,819 [pool-217-thread-1] INFO  server.RaftServerConfigKeys (ConfUtils.java:logGet(43)) - raft.server.log.segment.size.max = 1048576 (custom)
2019-09-26 16:37:05,820 [pool-217-thread-1] INFO  server.RaftServerConfigKeys (ConfUtils.java:logGet(43)) - raft.server.log.segment.cache.num.max = 2 (custom)
2019-09-26 16:37:05,820 [pool-217-thread-1] INFO  segmented.SegmentedRaftLogWorker (SegmentedRaftLogWorker.java:<init>(172)) - new 23db1bd7-0ec3-4d63-b495-756f3d5b5fb7@group-21439FDDBEEC-SegmentedRaftLogWorker for RaftStorage:Storage Directory /workdir/hadoop-ozone/integration-test/target/test-dir/MiniOzoneClusterImpl-521d4657-8b90-42e2-88d0-1dd80c8159cc/datanode-7/data/ratis/a648ec7b-504b-458a-b8f7-21439fddbeec
2019-09-26 16:37:05,823 [pool-217-thread-1] INFO  server.RaftServerConfigKeys (ConfUtils.java:logGet(43)) - raft.server.log.queue.byte-limit = 2147483647 (custom)
2019-09-26 16:37:05,824 [pool-217-thread-1] INFO  server.RaftServerConfigKeys (ConfUtils.java:logGet(43)) - raft.server.log.queue.element-limit = 1024 (custom)
2019-09-26 16:37:05,824 [pool-217-thread-1] INFO  server.RaftServerConfigKeys (ConfUtils.java:logGet(43)) - raft.server.log.segment.size.max = 1048576 (custom)
2019-09-26 16:37:05,824 [pool-217-thread-1] INFO  server.RaftServerConfigKeys (ConfUtils.java:logGet(43)) - raft.server.log.preallocated.size = 16384 (custom)
2019-09-26 16:37:05,824 [pool-217-thread-1] INFO  server.RaftServerConfigKeys (ConfUtils.java:logGet(43)) - raft.server.log.write.buffer.size = 33554432 (custom)
2019-09-26 16:37:05,825 [pool-217-thread-1] INFO  server.RaftServerConfigKeys (ConfUtils.java:logGet(43)) - raft.server.log.force.sync.num = 128 (default)
2019-09-26 16:37:05,825 [pool-217-thread-1] INFO  server.RaftServerConfigKeys (ConfUtils.java:logGet(43)) - raft.server.log.statemachine.data.sync = true (default)
2019-09-26 16:37:05,825 [pool-217-thread-1] INFO  server.RaftServerConfigKeys (ConfUtils.java:logGet(43)) - raft.server.log.statemachine.data.sync.timeout = 10s (default)
2019-09-26 16:37:05,825 [pool-217-thread-1] INFO  server.RaftServerConfigKeys (ConfUtils.java:logGet(43)) - raft.server.log.statemachine.data.sync.timeout.retry = -1 (default)
2019-09-26 16:37:05,826 [IPC Server handler 4 on 45703] INFO  net.NetworkTopology (NetworkTopologyImpl.java:add(111)) - Added a new node: /rack1/aa5e70ed-1a32-47db-ba25-52c5f27f9508
2019-09-26 16:37:05,826 [pool-217-thread-1] INFO  server.RaftServerConfigKeys (ConfUtils.java:logGet(43)) - raft.server.log.statemachine.data.caching.enabled = true (custom)
2019-09-26 16:37:05,826 [IPC Server handler 4 on 45703] INFO  node.SCMNodeManager (SCMNodeManager.java:register(266)) - Registered Data node : aa5e70ed-1a32-47db-ba25-52c5f27f9508{ip: 192.168.157.234, host: pr-hdds-2162-htzpk-1451759861, networkLocation: /rack1, certSerialId: null}
2019-09-26 16:37:05,827 [pool-217-thread-1] INFO  segmented.SegmentedRaftLogWorker (SegmentedRaftLogWorker.java:lambda$new$0(132)) - 23db1bd7-0ec3-4d63-b495-756f3d5b5fb7@group-21439FDDBEEC-SegmentedRaftLogWorker: flushIndex: setUnconditionally 0 -> -1
2019-09-26 16:37:05,827 [pool-217-thread-1] INFO  server.RaftServerConfigKeys (ConfUtils.java:logGet(43)) - raft.server.snapshot.auto.trigger.enabled = true (custom)
2019-09-26 16:37:05,827 [pool-217-thread-1] INFO  server.RaftServerConfigKeys (ConfUtils.java:logGet(43)) - raft.server.snapshot.auto.trigger.threshold = 10000 (custom)
2019-09-26 16:37:05,827 [pool-217-thread-1] INFO  server.RaftServerConfigKeys (ConfUtils.java:logGet(43)) - raft.server.snapshot.retention.num.files = 5 (custom)
2019-09-26 16:37:05,828 [pool-217-thread-1] INFO  server.RaftServerConfigKeys (ConfUtils.java:logGet(43)) - raft.server.retrycache.expirytime = 600000ms (custom)
2019-09-26 16:37:05,832 [pool-217-thread-1] INFO  impl.RaftServerImpl (RaftServerImpl.java:start(185)) - 23db1bd7-0ec3-4d63-b495-756f3d5b5fb7@group-21439FDDBEEC: start as a follower, conf=-1: [23db1bd7-0ec3-4d63-b495-756f3d5b5fb7:192.168.157.234:37353], old=null
2019-09-26 16:37:05,832 [pool-217-thread-1] INFO  impl.RaftServerImpl (RaftServerImpl.java:setRole(174)) - 23db1bd7-0ec3-4d63-b495-756f3d5b5fb7@group-21439FDDBEEC: changes role from      null to FOLLOWER at term 0 for startAsFollower
2019-09-26 16:37:05,832 [pool-217-thread-1] INFO  impl.RoleInfo (RoleInfo.java:updateAndGet(143)) - 23db1bd7-0ec3-4d63-b495-756f3d5b5fb7: start FollowerState
2019-09-26 16:37:05,833 [pool-217-thread-1] INFO  util.JmxRegister (JmxRegister.java:tryRegister(44)) - Successfully registered JMX Bean with object name Ratis:service=RaftServer,group=group-21439FDDBEEC,id=23db1bd7-0ec3-4d63-b495-756f3d5b5fb7
2019-09-26 16:37:05,842 [RatisPipelineUtilsThread] INFO  pipeline.PipelineStateManager (PipelineStateManager.java:addPipeline(56)) - Created pipeline Pipeline[ Id: a648ec7b-504b-458a-b8f7-21439fddbeec, Nodes: 23db1bd7-0ec3-4d63-b495-756f3d5b5fb7{ip: 192.168.157.234, host: pr-hdds-2162-htzpk-1451759861, networkLocation: /rack1, certSerialId: null}, Type:RATIS, Factor:ONE, State:OPEN]
2019-09-26 16:37:05,857 [grpc-default-executor-0] INFO  impl.RaftServerProxy (RaftServerProxy.java:addNew(89)) - aa5e70ed-1a32-47db-ba25-52c5f27f9508: addNew group-C753424716C8:[aa5e70ed-1a32-47db-ba25-52c5f27f9508:192.168.157.234:40463] returns group-C753424716C8:java.util.concurrent.CompletableFuture@a81a7c1[Not completed]
2019-09-26 16:37:05,859 [pool-227-thread-1] INFO  impl.RaftServerImpl (RaftServerImpl.java:<init>(95)) - aa5e70ed-1a32-47db-ba25-52c5f27f9508: new RaftServerImpl for group-C753424716C8:[aa5e70ed-1a32-47db-ba25-52c5f27f9508:192.168.157.234:40463] with ContainerStateMachine:uninitialized
2019-09-26 16:37:05,859 [pool-227-thread-1] INFO  server.RaftServerConfigKeys (ConfUtils.java:logGet(43)) - raft.server.rpc.timeout.min = 1s (custom)
2019-09-26 16:37:05,859 [pool-227-thread-1] INFO  server.RaftServerConfigKeys (ConfUtils.java:logGet(43)) - raft.server.rpc.timeout.max = 1200ms (custom)
2019-09-26 16:37:05,859 [pool-227-thread-1] INFO  server.RaftServerConfigKeys (ConfUtils.java:logGet(43)) - raft.server.rpcslowness.timeout = 120s (custom)
2019-09-26 16:37:05,859 [pool-227-thread-1] INFO  server.RaftServerConfigKeys (ConfUtils.java:logGet(43)) - raft.server.sleep.deviation.threshold = 300 (default)
2019-09-26 16:37:05,860 [pool-227-thread-1] INFO  server.RaftServerConfigKeys (ConfUtils.java:logGet(43)) - raft.server.log.appender.install.snapshot.enabled = false (custom)
2019-09-26 16:37:05,860 [pool-227-thread-1] INFO  impl.RaftServerImpl (ServerState.java:<init>(103)) - aa5e70ed-1a32-47db-ba25-52c5f27f9508@group-C753424716C8: ConfigurationManager, init=-1: [aa5e70ed-1a32-47db-ba25-52c5f27f9508:192.168.157.234:40463], old=null, confs=<EMPTY_MAP>
2019-09-26 16:37:05,860 [pool-227-thread-1] INFO  server.RaftServerConfigKeys (ConfUtils.java:logGet(43)) - raft.server.storage.dir = [/workdir/hadoop-ozone/integration-test/target/test-dir/MiniOzoneClusterImpl-521d4657-8b90-42e2-88d0-1dd80c8159cc/datanode-8/data/ratis] (custom)
2019-09-26 16:37:05,860 [pool-227-thread-1] INFO  storage.RaftStorageDirectory (RaftStorageDirectory.java:analyzeStorage(246)) - The storage directory /workdir/hadoop-ozone/integration-test/target/test-dir/MiniOzoneClusterImpl-521d4657-8b90-42e2-88d0-1dd80c8159cc/datanode-8/data/ratis/af1dcd37-c2a8-4a3a-8f37-c753424716c8 does not exist. Creating ...
2019-09-26 16:37:05,885 [pool-227-thread-1] INFO  storage.RaftStorageDirectory (RaftStorageDirectory.java:tryLock(328)) - Lock on /workdir/hadoop-ozone/integration-test/target/test-dir/MiniOzoneClusterImpl-521d4657-8b90-42e2-88d0-1dd80c8159cc/datanode-8/data/ratis/af1dcd37-c2a8-4a3a-8f37-c753424716c8/in_use.lock acquired by nodename 16662@pr-hdds-2162-htzpk-1451759861
2019-09-26 16:37:05,898 [main] INFO  ozone.MiniOzoneClusterImpl (MiniOzoneClusterImpl.java:lambda$waitForClusterToBeReady$0(147)) - Waiting for cluster to be ready. Got 9 of 10 DN Heartbeats.
2019-09-26 16:37:05,899 [IPC Server handler 5 on 45703] INFO  net.NetworkTopology (NetworkTopologyImpl.java:add(111)) - Added a new node: /rack1/941dd69d-21df-447a-8c50-e4c30322a245
2019-09-26 16:37:05,899 [IPC Server handler 5 on 45703] INFO  node.SCMNodeManager (SCMNodeManager.java:register(266)) - Registered Data node : 941dd69d-21df-447a-8c50-e4c30322a245{ip: 192.168.157.234, host: pr-hdds-2162-htzpk-1451759861, networkLocation: /rack1, certSerialId: null}
2019-09-26 16:37:05,907 [pool-227-thread-1] INFO  storage.RaftStorage (RaftStorage.java:format(72)) - Storage directory /workdir/hadoop-ozone/integration-test/target/test-dir/MiniOzoneClusterImpl-521d4657-8b90-42e2-88d0-1dd80c8159cc/datanode-8/data/ratis/af1dcd37-c2a8-4a3a-8f37-c753424716c8 has been successfully formatted.
2019-09-26 16:37:05,908 [pool-227-thread-1] INFO  ratis.ContainerStateMachine (ContainerStateMachine.java:loadSnapshot(230)) - group-C753424716C8: The snapshot info is null. Setting the last applied indexto:(t:0, i:~)
2019-09-26 16:37:05,908 [pool-227-thread-1] INFO  server.RaftServerConfigKeys (ConfUtils.java:logGet(43)) - raft.server.notification.no-leader.timeout = 120s (custom)
2019-09-26 16:37:05,908 [pool-227-thread-1] INFO  server.RaftServerConfigKeys (ConfUtils.java:logGet(43)) - raft.server.log.use.memory = false (default)
2019-09-26 16:37:05,908 [pool-227-thread-1] INFO  server.RaftServerConfigKeys (ConfUtils.java:logGet(43)) - raft.server.log.purge.gap = 1000000 (custom)
2019-09-26 16:37:05,908 [pool-227-thread-1] INFO  server.RaftServerConfigKeys (ConfUtils.java:logGet(43)) - raft.server.log.appender.buffer.byte-limit = 33554432 (custom)
2019-09-26 16:37:05,908 [pool-227-thread-1] INFO  server.RaftServerConfigKeys (ConfUtils.java:logGet(43)) - raft.server.log.segment.size.max = 1048576 (custom)
2019-09-26 16:37:05,909 [pool-227-thread-1] INFO  server.RaftServerConfigKeys (ConfUtils.java:logGet(43)) - raft.server.log.segment.cache.num.max = 2 (custom)
2019-09-26 16:37:05,909 [pool-227-thread-1] INFO  segmented.SegmentedRaftLogWorker (SegmentedRaftLogWorker.java:<init>(172)) - new aa5e70ed-1a32-47db-ba25-52c5f27f9508@group-C753424716C8-SegmentedRaftLogWorker for RaftStorage:Storage Directory /workdir/hadoop-ozone/integration-test/target/test-dir/MiniOzoneClusterImpl-521d4657-8b90-42e2-88d0-1dd80c8159cc/datanode-8/data/ratis/af1dcd37-c2a8-4a3a-8f37-c753424716c8
2019-09-26 16:37:05,911 [pool-227-thread-1] INFO  server.RaftServerConfigKeys (ConfUtils.java:logGet(43)) - raft.server.log.queue.byte-limit = 2147483647 (custom)
2019-09-26 16:37:05,911 [pool-227-thread-1] INFO  server.RaftServerConfigKeys (ConfUtils.java:logGet(43)) - raft.server.log.queue.element-limit = 1024 (custom)
2019-09-26 16:37:05,911 [pool-227-thread-1] INFO  server.RaftServerConfigKeys (ConfUtils.java:logGet(43)) - raft.server.log.segment.size.max = 1048576 (custom)
2019-09-26 16:37:05,911 [pool-227-thread-1] INFO  server.RaftServerConfigKeys (ConfUtils.java:logGet(43)) - raft.server.log.preallocated.size = 16384 (custom)
2019-09-26 16:37:05,911 [pool-227-thread-1] INFO  server.RaftServerConfigKeys (ConfUtils.java:logGet(43)) - raft.server.log.write.buffer.size = 33554432 (custom)
2019-09-26 16:37:05,912 [pool-227-thread-1] INFO  server.RaftServerConfigKeys (ConfUtils.java:logGet(43)) - raft.server.log.force.sync.num = 128 (default)
2019-09-26 16:37:05,912 [pool-227-thread-1] INFO  server.RaftServerConfigKeys (ConfUtils.java:logGet(43)) - raft.server.log.statemachine.data.sync = true (default)
2019-09-26 16:37:05,912 [pool-227-thread-1] INFO  server.RaftServerConfigKeys (ConfUtils.java:logGet(43)) - raft.server.log.statemachine.data.sync.timeout = 10s (default)
2019-09-26 16:37:05,912 [pool-227-thread-1] INFO  server.RaftServerConfigKeys (ConfUtils.java:logGet(43)) - raft.server.log.statemachine.data.sync.timeout.retry = -1 (default)
2019-09-26 16:37:05,912 [pool-227-thread-1] INFO  server.RaftServerConfigKeys (ConfUtils.java:logGet(43)) - raft.server.log.statemachine.data.caching.enabled = true (custom)
2019-09-26 16:37:05,913 [pool-227-thread-1] INFO  segmented.SegmentedRaftLogWorker (SegmentedRaftLogWorker.java:lambda$new$0(132)) - aa5e70ed-1a32-47db-ba25-52c5f27f9508@group-C753424716C8-SegmentedRaftLogWorker: flushIndex: setUnconditionally 0 -> -1
2019-09-26 16:37:05,913 [pool-227-thread-1] INFO  server.RaftServerConfigKeys (ConfUtils.java:logGet(43)) - raft.server.snapshot.auto.trigger.enabled = true (custom)
2019-09-26 16:37:05,913 [pool-227-thread-1] INFO  server.RaftServerConfigKeys (ConfUtils.java:logGet(43)) - raft.server.snapshot.auto.trigger.threshold = 10000 (custom)
2019-09-26 16:37:05,913 [pool-227-thread-1] INFO  server.RaftServerConfigKeys (ConfUtils.java:logGet(43)) - raft.server.snapshot.retention.num.files = 5 (custom)
2019-09-26 16:37:05,913 [pool-227-thread-1] INFO  server.RaftServerConfigKeys (ConfUtils.java:logGet(43)) - raft.server.retrycache.expirytime = 600000ms (custom)
2019-09-26 16:37:05,915 [pool-227-thread-1] INFO  impl.RaftServerImpl (RaftServerImpl.java:start(185)) - aa5e70ed-1a32-47db-ba25-52c5f27f9508@group-C753424716C8: start as a follower, conf=-1: [aa5e70ed-1a32-47db-ba25-52c5f27f9508:192.168.157.234:40463], old=null
2019-09-26 16:37:05,915 [pool-227-thread-1] INFO  impl.RaftServerImpl (RaftServerImpl.java:setRole(174)) - aa5e70ed-1a32-47db-ba25-52c5f27f9508@group-C753424716C8: changes role from      null to FOLLOWER at term 0 for startAsFollower
2019-09-26 16:37:05,916 [pool-227-thread-1] INFO  impl.RoleInfo (RoleInfo.java:updateAndGet(143)) - aa5e70ed-1a32-47db-ba25-52c5f27f9508: start FollowerState
2019-09-26 16:37:05,916 [pool-227-thread-1] INFO  util.JmxRegister (JmxRegister.java:tryRegister(44)) - Successfully registered JMX Bean with object name Ratis:service=RaftServer,group=group-C753424716C8,id=aa5e70ed-1a32-47db-ba25-52c5f27f9508
2019-09-26 16:37:05,923 [RatisPipelineUtilsThread] INFO  pipeline.PipelineStateManager (PipelineStateManager.java:addPipeline(56)) - Created pipeline Pipeline[ Id: af1dcd37-c2a8-4a3a-8f37-c753424716c8, Nodes: aa5e70ed-1a32-47db-ba25-52c5f27f9508{ip: 192.168.157.234, host: pr-hdds-2162-htzpk-1451759861, networkLocation: /rack1, certSerialId: null}, Type:RATIS, Factor:ONE, State:OPEN]
2019-09-26 16:37:05,942 [grpc-default-executor-0] INFO  impl.RaftServerProxy (RaftServerProxy.java:addNew(89)) - 941dd69d-21df-447a-8c50-e4c30322a245: addNew group-DA28203267FB:[941dd69d-21df-447a-8c50-e4c30322a245:192.168.157.234:46308] returns group-DA28203267FB:java.util.concurrent.CompletableFuture@3231cca1[Not completed]
2019-09-26 16:37:05,944 [pool-237-thread-1] INFO  impl.RaftServerImpl (RaftServerImpl.java:<init>(95)) - 941dd69d-21df-447a-8c50-e4c30322a245: new RaftServerImpl for group-DA28203267FB:[941dd69d-21df-447a-8c50-e4c30322a245:192.168.157.234:46308] with ContainerStateMachine:uninitialized
2019-09-26 16:37:05,944 [pool-237-thread-1] INFO  server.RaftServerConfigKeys (ConfUtils.java:logGet(43)) - raft.server.rpc.timeout.min = 1s (custom)
2019-09-26 16:37:05,944 [pool-237-thread-1] INFO  server.RaftServerConfigKeys (ConfUtils.java:logGet(43)) - raft.server.rpc.timeout.max = 1200ms (custom)
2019-09-26 16:37:05,944 [pool-237-thread-1] INFO  server.RaftServerConfigKeys (ConfUtils.java:logGet(43)) - raft.server.rpcslowness.timeout = 120s (custom)
2019-09-26 16:37:05,944 [pool-237-thread-1] INFO  server.RaftServerConfigKeys (ConfUtils.java:logGet(43)) - raft.server.sleep.deviation.threshold = 300 (default)
2019-09-26 16:37:05,945 [pool-237-thread-1] INFO  server.RaftServerConfigKeys (ConfUtils.java:logGet(43)) - raft.server.log.appender.install.snapshot.enabled = false (custom)
2019-09-26 16:37:05,945 [pool-237-thread-1] INFO  impl.RaftServerImpl (ServerState.java:<init>(103)) - 941dd69d-21df-447a-8c50-e4c30322a245@group-DA28203267FB: ConfigurationManager, init=-1: [941dd69d-21df-447a-8c50-e4c30322a245:192.168.157.234:46308], old=null, confs=<EMPTY_MAP>
2019-09-26 16:37:05,945 [pool-237-thread-1] INFO  server.RaftServerConfigKeys (ConfUtils.java:logGet(43)) - raft.server.storage.dir = [/workdir/hadoop-ozone/integration-test/target/test-dir/MiniOzoneClusterImpl-521d4657-8b90-42e2-88d0-1dd80c8159cc/datanode-9/data/ratis] (custom)
2019-09-26 16:37:05,945 [pool-237-thread-1] INFO  storage.RaftStorageDirectory (RaftStorageDirectory.java:analyzeStorage(246)) - The storage directory /workdir/hadoop-ozone/integration-test/target/test-dir/MiniOzoneClusterImpl-521d4657-8b90-42e2-88d0-1dd80c8159cc/datanode-9/data/ratis/d59a9eb9-1756-48cb-b300-da28203267fb does not exist. Creating ...
2019-09-26 16:37:05,959 [pool-237-thread-1] INFO  storage.RaftStorageDirectory (RaftStorageDirectory.java:tryLock(328)) - Lock on /workdir/hadoop-ozone/integration-test/target/test-dir/MiniOzoneClusterImpl-521d4657-8b90-42e2-88d0-1dd80c8159cc/datanode-9/data/ratis/d59a9eb9-1756-48cb-b300-da28203267fb/in_use.lock acquired by nodename 16662@pr-hdds-2162-htzpk-1451759861
2019-09-26 16:37:05,972 [pool-237-thread-1] INFO  storage.RaftStorage (RaftStorage.java:format(72)) - Storage directory /workdir/hadoop-ozone/integration-test/target/test-dir/MiniOzoneClusterImpl-521d4657-8b90-42e2-88d0-1dd80c8159cc/datanode-9/data/ratis/d59a9eb9-1756-48cb-b300-da28203267fb has been successfully formatted.
2019-09-26 16:37:05,973 [pool-237-thread-1] INFO  ratis.ContainerStateMachine (ContainerStateMachine.java:loadSnapshot(230)) - group-DA28203267FB: The snapshot info is null. Setting the last applied indexto:(t:0, i:~)
2019-09-26 16:37:05,973 [pool-237-thread-1] INFO  server.RaftServerConfigKeys (ConfUtils.java:logGet(43)) - raft.server.notification.no-leader.timeout = 120s (custom)
2019-09-26 16:37:05,973 [pool-237-thread-1] INFO  server.RaftServerConfigKeys (ConfUtils.java:logGet(43)) - raft.server.log.use.memory = false (default)
2019-09-26 16:37:05,973 [pool-237-thread-1] INFO  server.RaftServerConfigKeys (ConfUtils.java:logGet(43)) - raft.server.log.purge.gap = 1000000 (custom)
2019-09-26 16:37:05,973 [pool-237-thread-1] INFO  server.RaftServerConfigKeys (ConfUtils.java:logGet(43)) - raft.server.log.appender.buffer.byte-limit = 33554432 (custom)
2019-09-26 16:37:05,973 [pool-237-thread-1] INFO  server.RaftServerConfigKeys (ConfUtils.java:logGet(43)) - raft.server.log.segment.size.max = 1048576 (custom)
2019-09-26 16:37:05,974 [pool-237-thread-1] INFO  server.RaftServerConfigKeys (ConfUtils.java:logGet(43)) - raft.server.log.segment.cache.num.max = 2 (custom)
2019-09-26 16:37:05,974 [pool-237-thread-1] INFO  segmented.SegmentedRaftLogWorker (SegmentedRaftLogWorker.java:<init>(172)) - new 941dd69d-21df-447a-8c50-e4c30322a245@group-DA28203267FB-SegmentedRaftLogWorker for RaftStorage:Storage Directory /workdir/hadoop-ozone/integration-test/target/test-dir/MiniOzoneClusterImpl-521d4657-8b90-42e2-88d0-1dd80c8159cc/datanode-9/data/ratis/d59a9eb9-1756-48cb-b300-da28203267fb
2019-09-26 16:37:05,976 [pool-237-thread-1] INFO  server.RaftServerConfigKeys (ConfUtils.java:logGet(43)) - raft.server.log.queue.byte-limit = 2147483647 (custom)
2019-09-26 16:37:05,976 [pool-237-thread-1] INFO  server.RaftServerConfigKeys (ConfUtils.java:logGet(43)) - raft.server.log.queue.element-limit = 1024 (custom)
2019-09-26 16:37:05,976 [pool-237-thread-1] INFO  server.RaftServerConfigKeys (ConfUtils.java:logGet(43)) - raft.server.log.segment.size.max = 1048576 (custom)
2019-09-26 16:37:05,977 [pool-237-thread-1] INFO  server.RaftServerConfigKeys (ConfUtils.java:logGet(43)) - raft.server.log.preallocated.size = 16384 (custom)
2019-09-26 16:37:05,977 [pool-237-thread-1] INFO  server.RaftServerConfigKeys (ConfUtils.java:logGet(43)) - raft.server.log.write.buffer.size = 33554432 (custom)
2019-09-26 16:37:05,977 [pool-237-thread-1] INFO  server.RaftServerConfigKeys (ConfUtils.java:logGet(43)) - raft.server.log.force.sync.num = 128 (default)
2019-09-26 16:37:05,977 [pool-237-thread-1] INFO  server.RaftServerConfigKeys (ConfUtils.java:logGet(43)) - raft.server.log.statemachine.data.sync = true (default)
2019-09-26 16:37:05,977 [pool-237-thread-1] INFO  server.RaftServerConfigKeys (ConfUtils.java:logGet(43)) - raft.server.log.statemachine.data.sync.timeout = 10s (default)
2019-09-26 16:37:05,977 [pool-237-thread-1] INFO  server.RaftServerConfigKeys (ConfUtils.java:logGet(43)) - raft.server.log.statemachine.data.sync.timeout.retry = -1 (default)
2019-09-26 16:37:05,978 [pool-237-thread-1] INFO  server.RaftServerConfigKeys (ConfUtils.java:logGet(43)) - raft.server.log.statemachine.data.caching.enabled = true (custom)
2019-09-26 16:37:05,978 [pool-237-thread-1] INFO  segmented.SegmentedRaftLogWorker (SegmentedRaftLogWorker.java:lambda$new$0(132)) - 941dd69d-21df-447a-8c50-e4c30322a245@group-DA28203267FB-SegmentedRaftLogWorker: flushIndex: setUnconditionally 0 -> -1
2019-09-26 16:37:05,978 [pool-237-thread-1] INFO  server.RaftServerConfigKeys (ConfUtils.java:logGet(43)) - raft.server.snapshot.auto.trigger.enabled = true (custom)
2019-09-26 16:37:05,978 [pool-237-thread-1] INFO  server.RaftServerConfigKeys (ConfUtils.java:logGet(43)) - raft.server.snapshot.auto.trigger.threshold = 10000 (custom)
2019-09-26 16:37:05,979 [pool-237-thread-1] INFO  server.RaftServerConfigKeys (ConfUtils.java:logGet(43)) - raft.server.snapshot.retention.num.files = 5 (custom)
2019-09-26 16:37:05,979 [pool-237-thread-1] INFO  server.RaftServerConfigKeys (ConfUtils.java:logGet(43)) - raft.server.retrycache.expirytime = 600000ms (custom)
2019-09-26 16:37:05,981 [pool-237-thread-1] INFO  impl.RaftServerImpl (RaftServerImpl.java:start(185)) - 941dd69d-21df-447a-8c50-e4c30322a245@group-DA28203267FB: start as a follower, conf=-1: [941dd69d-21df-447a-8c50-e4c30322a245:192.168.157.234:46308], old=null
2019-09-26 16:37:05,981 [pool-237-thread-1] INFO  impl.RaftServerImpl (RaftServerImpl.java:setRole(174)) - 941dd69d-21df-447a-8c50-e4c30322a245@group-DA28203267FB: changes role from      null to FOLLOWER at term 0 for startAsFollower
2019-09-26 16:37:05,981 [pool-237-thread-1] INFO  impl.RoleInfo (RoleInfo.java:updateAndGet(143)) - 941dd69d-21df-447a-8c50-e4c30322a245: start FollowerState
2019-09-26 16:37:05,982 [pool-237-thread-1] INFO  util.JmxRegister (JmxRegister.java:tryRegister(44)) - Successfully registered JMX Bean with object name Ratis:service=RaftServer,group=group-DA28203267FB,id=941dd69d-21df-447a-8c50-e4c30322a245
2019-09-26 16:37:05,989 [RatisPipelineUtilsThread] INFO  pipeline.PipelineStateManager (PipelineStateManager.java:addPipeline(56)) - Created pipeline Pipeline[ Id: d59a9eb9-1756-48cb-b300-da28203267fb, Nodes: 941dd69d-21df-447a-8c50-e4c30322a245{ip: 192.168.157.234, host: pr-hdds-2162-htzpk-1451759861, networkLocation: /rack1, certSerialId: null}, Type:RATIS, Factor:ONE, State:OPEN]
2019-09-26 16:37:06,029 [grpc-default-executor-2] INFO  impl.RaftServerProxy (RaftServerProxy.java:addNew(89)) - 941dd69d-21df-447a-8c50-e4c30322a245: addNew group-320CFA3398AE:[54f991d6-dc71-460d-82bf-0c4295aeca21:192.168.157.234:39635, 941dd69d-21df-447a-8c50-e4c30322a245:192.168.157.234:46308, 45094064-c3fb-4870-9766-7d97e0e9250d:192.168.157.234:36035] returns group-320CFA3398AE:java.util.concurrent.CompletableFuture@1f63fea2[Not completed]
2019-09-26 16:37:06,029 [grpc-default-executor-0] INFO  impl.RaftServerProxy (RaftServerProxy.java:addNew(89)) - 54f991d6-dc71-460d-82bf-0c4295aeca21: addNew group-320CFA3398AE:[54f991d6-dc71-460d-82bf-0c4295aeca21:192.168.157.234:39635, 941dd69d-21df-447a-8c50-e4c30322a245:192.168.157.234:46308, 45094064-c3fb-4870-9766-7d97e0e9250d:192.168.157.234:36035] returns group-320CFA3398AE:java.util.concurrent.CompletableFuture@4755d5e[Not completed]
2019-09-26 16:37:06,029 [grpc-default-executor-1] INFO  impl.RaftServerProxy (RaftServerProxy.java:addNew(89)) - 45094064-c3fb-4870-9766-7d97e0e9250d: addNew group-320CFA3398AE:[54f991d6-dc71-460d-82bf-0c4295aeca21:192.168.157.234:39635, 941dd69d-21df-447a-8c50-e4c30322a245:192.168.157.234:46308, 45094064-c3fb-4870-9766-7d97e0e9250d:192.168.157.234:36035] returns group-320CFA3398AE:java.util.concurrent.CompletableFuture@5b056f59[Not completed]
2019-09-26 16:37:06,031 [pool-237-thread-1] INFO  impl.RaftServerImpl (RaftServerImpl.java:<init>(95)) - 941dd69d-21df-447a-8c50-e4c30322a245: new RaftServerImpl for group-320CFA3398AE:[54f991d6-dc71-460d-82bf-0c4295aeca21:192.168.157.234:39635, 941dd69d-21df-447a-8c50-e4c30322a245:192.168.157.234:46308, 45094064-c3fb-4870-9766-7d97e0e9250d:192.168.157.234:36035] with ContainerStateMachine:uninitialized
2019-09-26 16:37:06,032 [pool-237-thread-1] INFO  server.RaftServerConfigKeys (ConfUtils.java:logGet(43)) - raft.server.rpc.timeout.min = 1s (custom)
2019-09-26 16:37:06,032 [pool-237-thread-1] INFO  server.RaftServerConfigKeys (ConfUtils.java:logGet(43)) - raft.server.rpc.timeout.max = 1200ms (custom)
2019-09-26 16:37:06,032 [pool-237-thread-1] INFO  server.RaftServerConfigKeys (ConfUtils.java:logGet(43)) - raft.server.rpcslowness.timeout = 120s (custom)
2019-09-26 16:37:06,032 [pool-237-thread-1] INFO  server.RaftServerConfigKeys (ConfUtils.java:logGet(43)) - raft.server.sleep.deviation.threshold = 300 (default)
2019-09-26 16:37:06,032 [pool-237-thread-1] INFO  server.RaftServerConfigKeys (ConfUtils.java:logGet(43)) - raft.server.log.appender.install.snapshot.enabled = false (custom)
2019-09-26 16:37:06,032 [pool-237-thread-1] INFO  impl.RaftServerImpl (ServerState.java:<init>(103)) - 941dd69d-21df-447a-8c50-e4c30322a245@group-320CFA3398AE: ConfigurationManager, init=-1: [54f991d6-dc71-460d-82bf-0c4295aeca21:192.168.157.234:39635, 941dd69d-21df-447a-8c50-e4c30322a245:192.168.157.234:46308, 45094064-c3fb-4870-9766-7d97e0e9250d:192.168.157.234:36035], old=null, confs=<EMPTY_MAP>
2019-09-26 16:37:06,033 [pool-187-thread-1] INFO  impl.RaftServerImpl (RaftServerImpl.java:<init>(95)) - 45094064-c3fb-4870-9766-7d97e0e9250d: new RaftServerImpl for group-320CFA3398AE:[54f991d6-dc71-460d-82bf-0c4295aeca21:192.168.157.234:39635, 941dd69d-21df-447a-8c50-e4c30322a245:192.168.157.234:46308, 45094064-c3fb-4870-9766-7d97e0e9250d:192.168.157.234:36035] with ContainerStateMachine:uninitialized
2019-09-26 16:37:06,033 [pool-237-thread-1] INFO  server.RaftServerConfigKeys (ConfUtils.java:logGet(43)) - raft.server.storage.dir = [/workdir/hadoop-ozone/integration-test/target/test-dir/MiniOzoneClusterImpl-521d4657-8b90-42e2-88d0-1dd80c8159cc/datanode-9/data/ratis] (custom)
2019-09-26 16:37:06,033 [pool-187-thread-1] INFO  server.RaftServerConfigKeys (ConfUtils.java:logGet(43)) - raft.server.rpc.timeout.min = 1s (custom)
2019-09-26 16:37:06,033 [pool-187-thread-1] INFO  server.RaftServerConfigKeys (ConfUtils.java:logGet(43)) - raft.server.rpc.timeout.max = 1200ms (custom)
2019-09-26 16:37:06,033 [pool-187-thread-1] INFO  server.RaftServerConfigKeys (ConfUtils.java:logGet(43)) - raft.server.rpcslowness.timeout = 120s (custom)
2019-09-26 16:37:06,033 [pool-237-thread-1] INFO  storage.RaftStorageDirectory (RaftStorageDirectory.java:analyzeStorage(246)) - The storage directory /workdir/hadoop-ozone/integration-test/target/test-dir/MiniOzoneClusterImpl-521d4657-8b90-42e2-88d0-1dd80c8159cc/datanode-9/data/ratis/6e5a0dab-1e06-4600-8941-320cfa3398ae does not exist. Creating ...
2019-09-26 16:37:06,033 [pool-187-thread-1] INFO  server.RaftServerConfigKeys (ConfUtils.java:logGet(43)) - raft.server.sleep.deviation.threshold = 300 (default)
2019-09-26 16:37:06,034 [pool-187-thread-1] INFO  server.RaftServerConfigKeys (ConfUtils.java:logGet(43)) - raft.server.log.appender.install.snapshot.enabled = false (custom)
2019-09-26 16:37:06,034 [pool-187-thread-1] INFO  impl.RaftServerImpl (ServerState.java:<init>(103)) - 45094064-c3fb-4870-9766-7d97e0e9250d@group-320CFA3398AE: ConfigurationManager, init=-1: [54f991d6-dc71-460d-82bf-0c4295aeca21:192.168.157.234:39635, 941dd69d-21df-447a-8c50-e4c30322a245:192.168.157.234:46308, 45094064-c3fb-4870-9766-7d97e0e9250d:192.168.157.234:36035], old=null, confs=<EMPTY_MAP>
2019-09-26 16:37:06,034 [pool-197-thread-1] INFO  impl.RaftServerImpl (RaftServerImpl.java:<init>(95)) - 54f991d6-dc71-460d-82bf-0c4295aeca21: new RaftServerImpl for group-320CFA3398AE:[54f991d6-dc71-460d-82bf-0c4295aeca21:192.168.157.234:39635, 941dd69d-21df-447a-8c50-e4c30322a245:192.168.157.234:46308, 45094064-c3fb-4870-9766-7d97e0e9250d:192.168.157.234:36035] with ContainerStateMachine:uninitialized
2019-09-26 16:37:06,034 [pool-187-thread-1] INFO  server.RaftServerConfigKeys (ConfUtils.java:logGet(43)) - raft.server.storage.dir = [/workdir/hadoop-ozone/integration-test/target/test-dir/MiniOzoneClusterImpl-521d4657-8b90-42e2-88d0-1dd80c8159cc/datanode-4/data/ratis] (custom)
2019-09-26 16:37:06,034 [pool-197-thread-1] INFO  server.RaftServerConfigKeys (ConfUtils.java:logGet(43)) - raft.server.rpc.timeout.min = 1s (custom)
2019-09-26 16:37:06,035 [pool-197-thread-1] INFO  server.RaftServerConfigKeys (ConfUtils.java:logGet(43)) - raft.server.rpc.timeout.max = 1200ms (custom)
2019-09-26 16:37:06,035 [pool-187-thread-1] INFO  storage.RaftStorageDirectory (RaftStorageDirectory.java:analyzeStorage(246)) - The storage directory /workdir/hadoop-ozone/integration-test/target/test-dir/MiniOzoneClusterImpl-521d4657-8b90-42e2-88d0-1dd80c8159cc/datanode-4/data/ratis/6e5a0dab-1e06-4600-8941-320cfa3398ae does not exist. Creating ...
2019-09-26 16:37:06,035 [pool-197-thread-1] INFO  server.RaftServerConfigKeys (ConfUtils.java:logGet(43)) - raft.server.rpcslowness.timeout = 120s (custom)
2019-09-26 16:37:06,035 [pool-197-thread-1] INFO  server.RaftServerConfigKeys (ConfUtils.java:logGet(43)) - raft.server.sleep.deviation.threshold = 300 (default)
2019-09-26 16:37:06,035 [pool-197-thread-1] INFO  server.RaftServerConfigKeys (ConfUtils.java:logGet(43)) - raft.server.log.appender.install.snapshot.enabled = false (custom)
2019-09-26 16:37:06,036 [pool-197-thread-1] INFO  impl.RaftServerImpl (ServerState.java:<init>(103)) - 54f991d6-dc71-460d-82bf-0c4295aeca21@group-320CFA3398AE: ConfigurationManager, init=-1: [54f991d6-dc71-460d-82bf-0c4295aeca21:192.168.157.234:39635, 941dd69d-21df-447a-8c50-e4c30322a245:192.168.157.234:46308, 45094064-c3fb-4870-9766-7d97e0e9250d:192.168.157.234:36035], old=null, confs=<EMPTY_MAP>
2019-09-26 16:37:06,036 [pool-197-thread-1] INFO  server.RaftServerConfigKeys (ConfUtils.java:logGet(43)) - raft.server.storage.dir = [/workdir/hadoop-ozone/integration-test/target/test-dir/MiniOzoneClusterImpl-521d4657-8b90-42e2-88d0-1dd80c8159cc/datanode-5/data/ratis] (custom)
2019-09-26 16:37:06,036 [pool-197-thread-1] INFO  storage.RaftStorageDirectory (RaftStorageDirectory.java:analyzeStorage(246)) - The storage directory /workdir/hadoop-ozone/integration-test/target/test-dir/MiniOzoneClusterImpl-521d4657-8b90-42e2-88d0-1dd80c8159cc/datanode-5/data/ratis/6e5a0dab-1e06-4600-8941-320cfa3398ae does not exist. Creating ...
2019-09-26 16:37:06,048 [pool-197-thread-1] INFO  storage.RaftStorageDirectory (RaftStorageDirectory.java:tryLock(328)) - Lock on /workdir/hadoop-ozone/integration-test/target/test-dir/MiniOzoneClusterImpl-521d4657-8b90-42e2-88d0-1dd80c8159cc/datanode-5/data/ratis/6e5a0dab-1e06-4600-8941-320cfa3398ae/in_use.lock acquired by nodename 16662@pr-hdds-2162-htzpk-1451759861
2019-09-26 16:37:06,048 [pool-237-thread-1] INFO  storage.RaftStorageDirectory (RaftStorageDirectory.java:tryLock(328)) - Lock on /workdir/hadoop-ozone/integration-test/target/test-dir/MiniOzoneClusterImpl-521d4657-8b90-42e2-88d0-1dd80c8159cc/datanode-9/data/ratis/6e5a0dab-1e06-4600-8941-320cfa3398ae/in_use.lock acquired by nodename 16662@pr-hdds-2162-htzpk-1451759861
2019-09-26 16:37:06,048 [pool-187-thread-1] INFO  storage.RaftStorageDirectory (RaftStorageDirectory.java:tryLock(328)) - Lock on /workdir/hadoop-ozone/integration-test/target/test-dir/MiniOzoneClusterImpl-521d4657-8b90-42e2-88d0-1dd80c8159cc/datanode-4/data/ratis/6e5a0dab-1e06-4600-8941-320cfa3398ae/in_use.lock acquired by nodename 16662@pr-hdds-2162-htzpk-1451759861
2019-09-26 16:37:06,062 [pool-237-thread-1] INFO  storage.RaftStorage (RaftStorage.java:format(72)) - Storage directory /workdir/hadoop-ozone/integration-test/target/test-dir/MiniOzoneClusterImpl-521d4657-8b90-42e2-88d0-1dd80c8159cc/datanode-9/data/ratis/6e5a0dab-1e06-4600-8941-320cfa3398ae has been successfully formatted.
2019-09-26 16:37:06,062 [pool-197-thread-1] INFO  storage.RaftStorage (RaftStorage.java:format(72)) - Storage directory /workdir/hadoop-ozone/integration-test/target/test-dir/MiniOzoneClusterImpl-521d4657-8b90-42e2-88d0-1dd80c8159cc/datanode-5/data/ratis/6e5a0dab-1e06-4600-8941-320cfa3398ae has been successfully formatted.
2019-09-26 16:37:06,062 [pool-187-thread-1] INFO  storage.RaftStorage (RaftStorage.java:format(72)) - Storage directory /workdir/hadoop-ozone/integration-test/target/test-dir/MiniOzoneClusterImpl-521d4657-8b90-42e2-88d0-1dd80c8159cc/datanode-4/data/ratis/6e5a0dab-1e06-4600-8941-320cfa3398ae has been successfully formatted.
2019-09-26 16:37:06,063 [pool-197-thread-1] INFO  ratis.ContainerStateMachine (ContainerStateMachine.java:loadSnapshot(230)) - group-320CFA3398AE: The snapshot info is null. Setting the last applied indexto:(t:0, i:~)
2019-09-26 16:37:06,062 [pool-237-thread-1] INFO  ratis.ContainerStateMachine (ContainerStateMachine.java:loadSnapshot(230)) - group-320CFA3398AE: The snapshot info is null. Setting the last applied indexto:(t:0, i:~)
2019-09-26 16:37:06,063 [pool-187-thread-1] INFO  ratis.ContainerStateMachine (ContainerStateMachine.java:loadSnapshot(230)) - group-320CFA3398AE: The snapshot info is null. Setting the last applied indexto:(t:0, i:~)
2019-09-26 16:37:06,063 [pool-197-thread-1] INFO  server.RaftServerConfigKeys (ConfUtils.java:logGet(43)) - raft.server.notification.no-leader.timeout = 120s (custom)
2019-09-26 16:37:06,063 [pool-187-thread-1] INFO  server.RaftServerConfigKeys (ConfUtils.java:logGet(43)) - raft.server.notification.no-leader.timeout = 120s (custom)
2019-09-26 16:37:06,063 [pool-237-thread-1] INFO  server.RaftServerConfigKeys (ConfUtils.java:logGet(43)) - raft.server.notification.no-leader.timeout = 120s (custom)
2019-09-26 16:37:06,063 [pool-187-thread-1] INFO  server.RaftServerConfigKeys (ConfUtils.java:logGet(43)) - raft.server.log.use.memory = false (default)
2019-09-26 16:37:06,063 [pool-197-thread-1] INFO  server.RaftServerConfigKeys (ConfUtils.java:logGet(43)) - raft.server.log.use.memory = false (default)
2019-09-26 16:37:06,064 [pool-187-thread-1] INFO  server.RaftServerConfigKeys (ConfUtils.java:logGet(43)) - raft.server.log.purge.gap = 1000000 (custom)
2019-09-26 16:37:06,064 [pool-237-thread-1] INFO  server.RaftServerConfigKeys (ConfUtils.java:logGet(43)) - raft.server.log.use.memory = false (default)
2019-09-26 16:37:06,064 [pool-187-thread-1] INFO  server.RaftServerConfigKeys (ConfUtils.java:logGet(43)) - raft.server.log.appender.buffer.byte-limit = 33554432 (custom)
2019-09-26 16:37:06,064 [pool-197-thread-1] INFO  server.RaftServerConfigKeys (ConfUtils.java:logGet(43)) - raft.server.log.purge.gap = 1000000 (custom)
2019-09-26 16:37:06,064 [pool-187-thread-1] INFO  server.RaftServerConfigKeys (ConfUtils.java:logGet(43)) - raft.server.log.segment.size.max = 1048576 (custom)
2019-09-26 16:37:06,064 [pool-237-thread-1] INFO  server.RaftServerConfigKeys (ConfUtils.java:logGet(43)) - raft.server.log.purge.gap = 1000000 (custom)
2019-09-26 16:37:06,065 [pool-187-thread-1] INFO  server.RaftServerConfigKeys (ConfUtils.java:logGet(43)) - raft.server.log.segment.cache.num.max = 2 (custom)
2019-09-26 16:37:06,065 [pool-197-thread-1] INFO  server.RaftServerConfigKeys (ConfUtils.java:logGet(43)) - raft.server.log.appender.buffer.byte-limit = 33554432 (custom)
2019-09-26 16:37:06,065 [pool-187-thread-1] INFO  segmented.SegmentedRaftLogWorker (SegmentedRaftLogWorker.java:<init>(172)) - new 45094064-c3fb-4870-9766-7d97e0e9250d@group-320CFA3398AE-SegmentedRaftLogWorker for RaftStorage:Storage Directory /workdir/hadoop-ozone/integration-test/target/test-dir/MiniOzoneClusterImpl-521d4657-8b90-42e2-88d0-1dd80c8159cc/datanode-4/data/ratis/6e5a0dab-1e06-4600-8941-320cfa3398ae
2019-09-26 16:37:06,065 [pool-237-thread-1] INFO  server.RaftServerConfigKeys (ConfUtils.java:logGet(43)) - raft.server.log.appender.buffer.byte-limit = 33554432 (custom)
2019-09-26 16:37:06,066 [pool-187-thread-1] INFO  server.RaftServerConfigKeys (ConfUtils.java:logGet(43)) - raft.server.log.queue.byte-limit = 2147483647 (custom)
2019-09-26 16:37:06,065 [pool-197-thread-1] INFO  server.RaftServerConfigKeys (ConfUtils.java:logGet(43)) - raft.server.log.segment.size.max = 1048576 (custom)
2019-09-26 16:37:06,066 [pool-187-thread-1] INFO  server.RaftServerConfigKeys (ConfUtils.java:logGet(43)) - raft.server.log.queue.element-limit = 1024 (custom)
2019-09-26 16:37:06,066 [pool-237-thread-1] INFO  server.RaftServerConfigKeys (ConfUtils.java:logGet(43)) - raft.server.log.segment.size.max = 1048576 (custom)
2019-09-26 16:37:06,066 [pool-187-thread-1] INFO  server.RaftServerConfigKeys (ConfUtils.java:logGet(43)) - raft.server.log.segment.size.max = 1048576 (custom)
2019-09-26 16:37:06,066 [pool-197-thread-1] INFO  server.RaftServerConfigKeys (ConfUtils.java:logGet(43)) - raft.server.log.segment.cache.num.max = 2 (custom)
2019-09-26 16:37:06,067 [pool-187-thread-1] INFO  server.RaftServerConfigKeys (ConfUtils.java:logGet(43)) - raft.server.log.preallocated.size = 16384 (custom)
2019-09-26 16:37:06,066 [pool-237-thread-1] INFO  server.RaftServerConfigKeys (ConfUtils.java:logGet(43)) - raft.server.log.segment.cache.num.max = 2 (custom)
2019-09-26 16:37:06,067 [pool-187-thread-1] INFO  server.RaftServerConfigKeys (ConfUtils.java:logGet(43)) - raft.server.log.write.buffer.size = 33554432 (custom)
2019-09-26 16:37:06,067 [pool-187-thread-1] INFO  server.RaftServerConfigKeys (ConfUtils.java:logGet(43)) - raft.server.log.force.sync.num = 128 (default)
2019-09-26 16:37:06,067 [pool-197-thread-1] INFO  segmented.SegmentedRaftLogWorker (SegmentedRaftLogWorker.java:<init>(172)) - new 54f991d6-dc71-460d-82bf-0c4295aeca21@group-320CFA3398AE-SegmentedRaftLogWorker for RaftStorage:Storage Directory /workdir/hadoop-ozone/integration-test/target/test-dir/MiniOzoneClusterImpl-521d4657-8b90-42e2-88d0-1dd80c8159cc/datanode-5/data/ratis/6e5a0dab-1e06-4600-8941-320cfa3398ae
2019-09-26 16:37:06,067 [pool-187-thread-1] INFO  server.RaftServerConfigKeys (ConfUtils.java:logGet(43)) - raft.server.log.statemachine.data.sync = true (default)
2019-09-26 16:37:06,067 [pool-237-thread-1] INFO  segmented.SegmentedRaftLogWorker (SegmentedRaftLogWorker.java:<init>(172)) - new 941dd69d-21df-447a-8c50-e4c30322a245@group-320CFA3398AE-SegmentedRaftLogWorker for RaftStorage:Storage Directory /workdir/hadoop-ozone/integration-test/target/test-dir/MiniOzoneClusterImpl-521d4657-8b90-42e2-88d0-1dd80c8159cc/datanode-9/data/ratis/6e5a0dab-1e06-4600-8941-320cfa3398ae
2019-09-26 16:37:06,068 [pool-187-thread-1] INFO  server.RaftServerConfigKeys (ConfUtils.java:logGet(43)) - raft.server.log.statemachine.data.sync.timeout = 10s (default)
2019-09-26 16:37:06,068 [pool-187-thread-1] INFO  server.RaftServerConfigKeys (ConfUtils.java:logGet(43)) - raft.server.log.statemachine.data.sync.timeout.retry = -1 (default)
2019-09-26 16:37:06,068 [pool-197-thread-1] INFO  server.RaftServerConfigKeys (ConfUtils.java:logGet(43)) - raft.server.log.queue.byte-limit = 2147483647 (custom)
2019-09-26 16:37:06,068 [pool-187-thread-1] INFO  server.RaftServerConfigKeys (ConfUtils.java:logGet(43)) - raft.server.log.statemachine.data.caching.enabled = true (custom)
2019-09-26 16:37:06,068 [pool-237-thread-1] INFO  server.RaftServerConfigKeys (ConfUtils.java:logGet(43)) - raft.server.log.queue.byte-limit = 2147483647 (custom)
2019-09-26 16:37:06,069 [pool-197-thread-1] INFO  server.RaftServerConfigKeys (ConfUtils.java:logGet(43)) - raft.server.log.queue.element-limit = 1024 (custom)
2019-09-26 16:37:06,069 [pool-187-thread-1] INFO  segmented.SegmentedRaftLogWorker (SegmentedRaftLogWorker.java:lambda$new$0(132)) - 45094064-c3fb-4870-9766-7d97e0e9250d@group-320CFA3398AE-SegmentedRaftLogWorker: flushIndex: setUnconditionally 0 -> -1
2019-09-26 16:37:06,069 [pool-237-thread-1] INFO  server.RaftServerConfigKeys (ConfUtils.java:logGet(43)) - raft.server.log.queue.element-limit = 1024 (custom)
2019-09-26 16:37:06,069 [pool-197-thread-1] INFO  server.RaftServerConfigKeys (ConfUtils.java:logGet(43)) - raft.server.log.segment.size.max = 1048576 (custom)
2019-09-26 16:37:06,069 [pool-187-thread-1] INFO  server.RaftServerConfigKeys (ConfUtils.java:logGet(43)) - raft.server.snapshot.auto.trigger.enabled = true (custom)
2019-09-26 16:37:06,069 [pool-237-thread-1] INFO  server.RaftServerConfigKeys (ConfUtils.java:logGet(43)) - raft.server.log.segment.size.max = 1048576 (custom)
2019-09-26 16:37:06,070 [pool-187-thread-1] INFO  server.RaftServerConfigKeys (ConfUtils.java:logGet(43)) - raft.server.snapshot.auto.trigger.threshold = 10000 (custom)
2019-09-26 16:37:06,069 [pool-197-thread-1] INFO  server.RaftServerConfigKeys (ConfUtils.java:logGet(43)) - raft.server.log.preallocated.size = 16384 (custom)
2019-09-26 16:37:06,070 [pool-187-thread-1] INFO  server.RaftServerConfigKeys (ConfUtils.java:logGet(43)) - raft.server.snapshot.retention.num.files = 5 (custom)
2019-09-26 16:37:06,070 [pool-237-thread-1] INFO  server.RaftServerConfigKeys (ConfUtils.java:logGet(43)) - raft.server.log.preallocated.size = 16384 (custom)
2019-09-26 16:37:06,070 [pool-187-thread-1] INFO  server.RaftServerConfigKeys (ConfUtils.java:logGet(43)) - raft.server.retrycache.expirytime = 600000ms (custom)
2019-09-26 16:37:06,070 [pool-197-thread-1] INFO  server.RaftServerConfigKeys (ConfUtils.java:logGet(43)) - raft.server.log.write.buffer.size = 33554432 (custom)
2019-09-26 16:37:06,070 [pool-237-thread-1] INFO  server.RaftServerConfigKeys (ConfUtils.java:logGet(43)) - raft.server.log.write.buffer.size = 33554432 (custom)
2019-09-26 16:37:06,071 [pool-197-thread-1] INFO  server.RaftServerConfigKeys (ConfUtils.java:logGet(43)) - raft.server.log.force.sync.num = 128 (default)
2019-09-26 16:37:06,071 [pool-237-thread-1] INFO  server.RaftServerConfigKeys (ConfUtils.java:logGet(43)) - raft.server.log.force.sync.num = 128 (default)
2019-09-26 16:37:06,071 [pool-197-thread-1] INFO  server.RaftServerConfigKeys (ConfUtils.java:logGet(43)) - raft.server.log.statemachine.data.sync = true (default)
2019-09-26 16:37:06,071 [pool-237-thread-1] INFO  server.RaftServerConfigKeys (ConfUtils.java:logGet(43)) - raft.server.log.statemachine.data.sync = true (default)
2019-09-26 16:37:06,071 [pool-197-thread-1] INFO  server.RaftServerConfigKeys (ConfUtils.java:logGet(43)) - raft.server.log.statemachine.data.sync.timeout = 10s (default)
2019-09-26 16:37:06,072 [pool-237-thread-1] INFO  server.RaftServerConfigKeys (ConfUtils.java:logGet(43)) - raft.server.log.statemachine.data.sync.timeout = 10s (default)
2019-09-26 16:37:06,072 [pool-197-thread-1] INFO  server.RaftServerConfigKeys (ConfUtils.java:logGet(43)) - raft.server.log.statemachine.data.sync.timeout.retry = -1 (default)
2019-09-26 16:37:06,072 [pool-237-thread-1] INFO  server.RaftServerConfigKeys (ConfUtils.java:logGet(43)) - raft.server.log.statemachine.data.sync.timeout.retry = -1 (default)
2019-09-26 16:37:06,072 [pool-197-thread-1] INFO  server.RaftServerConfigKeys (ConfUtils.java:logGet(43)) - raft.server.log.statemachine.data.caching.enabled = true (custom)
2019-09-26 16:37:06,072 [pool-237-thread-1] INFO  server.RaftServerConfigKeys (ConfUtils.java:logGet(43)) - raft.server.log.statemachine.data.caching.enabled = true (custom)
2019-09-26 16:37:06,073 [pool-197-thread-1] INFO  segmented.SegmentedRaftLogWorker (SegmentedRaftLogWorker.java:lambda$new$0(132)) - 54f991d6-dc71-460d-82bf-0c4295aeca21@group-320CFA3398AE-SegmentedRaftLogWorker: flushIndex: setUnconditionally 0 -> -1
2019-09-26 16:37:06,073 [pool-237-thread-1] INFO  segmented.SegmentedRaftLogWorker (SegmentedRaftLogWorker.java:lambda$new$0(132)) - 941dd69d-21df-447a-8c50-e4c30322a245@group-320CFA3398AE-SegmentedRaftLogWorker: flushIndex: setUnconditionally 0 -> -1
2019-09-26 16:37:06,073 [pool-197-thread-1] INFO  server.RaftServerConfigKeys (ConfUtils.java:logGet(43)) - raft.server.snapshot.auto.trigger.enabled = true (custom)
2019-09-26 16:37:06,073 [pool-237-thread-1] INFO  server.RaftServerConfigKeys (ConfUtils.java:logGet(43)) - raft.server.snapshot.auto.trigger.enabled = true (custom)
2019-09-26 16:37:06,073 [pool-197-thread-1] INFO  server.RaftServerConfigKeys (ConfUtils.java:logGet(43)) - raft.server.snapshot.auto.trigger.threshold = 10000 (custom)
2019-09-26 16:37:06,073 [pool-237-thread-1] INFO  server.RaftServerConfigKeys (ConfUtils.java:logGet(43)) - raft.server.snapshot.auto.trigger.threshold = 10000 (custom)
2019-09-26 16:37:06,073 [pool-197-thread-1] INFO  server.RaftServerConfigKeys (ConfUtils.java:logGet(43)) - raft.server.snapshot.retention.num.files = 5 (custom)
2019-09-26 16:37:06,073 [pool-187-thread-1] INFO  impl.RaftServerImpl (RaftServerImpl.java:start(185)) - 45094064-c3fb-4870-9766-7d97e0e9250d@group-320CFA3398AE: start as a follower, conf=-1: [54f991d6-dc71-460d-82bf-0c4295aeca21:192.168.157.234:39635, 941dd69d-21df-447a-8c50-e4c30322a245:192.168.157.234:46308, 45094064-c3fb-4870-9766-7d97e0e9250d:192.168.157.234:36035], old=null
2019-09-26 16:37:06,074 [pool-197-thread-1] INFO  server.RaftServerConfigKeys (ConfUtils.java:logGet(43)) - raft.server.retrycache.expirytime = 600000ms (custom)
2019-09-26 16:37:06,073 [pool-237-thread-1] INFO  server.RaftServerConfigKeys (ConfUtils.java:logGet(43)) - raft.server.snapshot.retention.num.files = 5 (custom)
2019-09-26 16:37:06,074 [pool-187-thread-1] INFO  impl.RaftServerImpl (RaftServerImpl.java:setRole(174)) - 45094064-c3fb-4870-9766-7d97e0e9250d@group-320CFA3398AE: changes role from      null to FOLLOWER at term 0 for startAsFollower
2019-09-26 16:37:06,074 [pool-237-thread-1] INFO  server.RaftServerConfigKeys (ConfUtils.java:logGet(43)) - raft.server.retrycache.expirytime = 600000ms (custom)
2019-09-26 16:37:06,074 [pool-187-thread-1] INFO  impl.RoleInfo (RoleInfo.java:updateAndGet(143)) - 45094064-c3fb-4870-9766-7d97e0e9250d: start FollowerState
2019-09-26 16:37:06,075 [pool-187-thread-1] INFO  util.JmxRegister (JmxRegister.java:tryRegister(44)) - Successfully registered JMX Bean with object name Ratis:service=RaftServer,group=group-320CFA3398AE,id=45094064-c3fb-4870-9766-7d97e0e9250d
2019-09-26 16:37:06,081 [pool-197-thread-1] INFO  impl.RaftServerImpl (RaftServerImpl.java:start(185)) - 54f991d6-dc71-460d-82bf-0c4295aeca21@group-320CFA3398AE: start as a follower, conf=-1: [54f991d6-dc71-460d-82bf-0c4295aeca21:192.168.157.234:39635, 941dd69d-21df-447a-8c50-e4c30322a245:192.168.157.234:46308, 45094064-c3fb-4870-9766-7d97e0e9250d:192.168.157.234:36035], old=null
2019-09-26 16:37:06,081 [pool-197-thread-1] INFO  impl.RaftServerImpl (RaftServerImpl.java:setRole(174)) - 54f991d6-dc71-460d-82bf-0c4295aeca21@group-320CFA3398AE: changes role from      null to FOLLOWER at term 0 for startAsFollower
2019-09-26 16:37:06,082 [pool-237-thread-1] INFO  impl.RaftServerImpl (RaftServerImpl.java:start(185)) - 941dd69d-21df-447a-8c50-e4c30322a245@group-320CFA3398AE: start as a follower, conf=-1: [54f991d6-dc71-460d-82bf-0c4295aeca21:192.168.157.234:39635, 941dd69d-21df-447a-8c50-e4c30322a245:192.168.157.234:46308, 45094064-c3fb-4870-9766-7d97e0e9250d:192.168.157.234:36035], old=null
2019-09-26 16:37:06,082 [pool-197-thread-1] INFO  impl.RoleInfo (RoleInfo.java:updateAndGet(143)) - 54f991d6-dc71-460d-82bf-0c4295aeca21: start FollowerState
2019-09-26 16:37:06,082 [pool-237-thread-1] INFO  impl.RaftServerImpl (RaftServerImpl.java:setRole(174)) - 941dd69d-21df-447a-8c50-e4c30322a245@group-320CFA3398AE: changes role from      null to FOLLOWER at term 0 for startAsFollower
2019-09-26 16:37:06,082 [pool-237-thread-1] INFO  impl.RoleInfo (RoleInfo.java:updateAndGet(143)) - 941dd69d-21df-447a-8c50-e4c30322a245: start FollowerState
2019-09-26 16:37:06,082 [pool-197-thread-1] INFO  util.JmxRegister (JmxRegister.java:tryRegister(44)) - Successfully registered JMX Bean with object name Ratis:service=RaftServer,group=group-320CFA3398AE,id=54f991d6-dc71-460d-82bf-0c4295aeca21
2019-09-26 16:37:06,082 [pool-237-thread-1] INFO  util.JmxRegister (JmxRegister.java:tryRegister(44)) - Successfully registered JMX Bean with object name Ratis:service=RaftServer,group=group-320CFA3398AE,id=941dd69d-21df-447a-8c50-e4c30322a245
2019-09-26 16:37:06,094 [RatisPipelineUtilsThread] INFO  pipeline.PipelineStateManager (PipelineStateManager.java:addPipeline(56)) - Created pipeline Pipeline[ Id: 6e5a0dab-1e06-4600-8941-320cfa3398ae, Nodes: 54f991d6-dc71-460d-82bf-0c4295aeca21{ip: 192.168.157.234, host: pr-hdds-2162-htzpk-1451759861, networkLocation: /rack1, certSerialId: null}941dd69d-21df-447a-8c50-e4c30322a245{ip: 192.168.157.234, host: pr-hdds-2162-htzpk-1451759861, networkLocation: /rack1, certSerialId: null}45094064-c3fb-4870-9766-7d97e0e9250d{ip: 192.168.157.234, host: pr-hdds-2162-htzpk-1451759861, networkLocation: /rack1, certSerialId: null}, Type:RATIS, Factor:THREE, State:OPEN]
2019-09-26 16:37:06,111 [grpc-default-executor-0] INFO  impl.RaftServerProxy (RaftServerProxy.java:addNew(89)) - 6e9598b6-9dc4-49c9-af23-0bbf4a4b345a: addNew group-D88AEF8F9869:[7c636cf6-abb1-48a1-8471-c57ff8076954:192.168.157.234:40747, 178fa167-0d93-4985-b474-3911a0393fb5:192.168.157.234:36864, 6e9598b6-9dc4-49c9-af23-0bbf4a4b345a:192.168.157.234:44157] returns group-D88AEF8F9869:java.util.concurrent.CompletableFuture@43bb95bd[Not completed]
2019-09-26 16:37:06,111 [grpc-default-executor-2] INFO  impl.RaftServerProxy (RaftServerProxy.java:addNew(89)) - 7c636cf6-abb1-48a1-8471-c57ff8076954: addNew group-D88AEF8F9869:[7c636cf6-abb1-48a1-8471-c57ff8076954:192.168.157.234:40747, 178fa167-0d93-4985-b474-3911a0393fb5:192.168.157.234:36864, 6e9598b6-9dc4-49c9-af23-0bbf4a4b345a:192.168.157.234:44157] returns group-D88AEF8F9869:java.util.concurrent.CompletableFuture@5e5ef499[Not completed]
2019-09-26 16:37:06,111 [grpc-default-executor-1] INFO  impl.RaftServerProxy (RaftServerProxy.java:addNew(89)) - 178fa167-0d93-4985-b474-3911a0393fb5: addNew group-D88AEF8F9869:[7c636cf6-abb1-48a1-8471-c57ff8076954:192.168.157.234:40747, 178fa167-0d93-4985-b474-3911a0393fb5:192.168.157.234:36864, 6e9598b6-9dc4-49c9-af23-0bbf4a4b345a:192.168.157.234:44157] returns group-D88AEF8F9869:java.util.concurrent.CompletableFuture@1a386562[Not completed]
2019-09-26 16:37:06,129 [pool-147-thread-1] INFO  impl.RaftServerImpl (RaftServerImpl.java:<init>(95)) - 178fa167-0d93-4985-b474-3911a0393fb5: new RaftServerImpl for group-D88AEF8F9869:[7c636cf6-abb1-48a1-8471-c57ff8076954:192.168.157.234:40747, 178fa167-0d93-4985-b474-3911a0393fb5:192.168.157.234:36864, 6e9598b6-9dc4-49c9-af23-0bbf4a4b345a:192.168.157.234:44157] with ContainerStateMachine:uninitialized
2019-09-26 16:37:06,129 [pool-147-thread-1] INFO  server.RaftServerConfigKeys (ConfUtils.java:logGet(43)) - raft.server.rpc.timeout.min = 1s (custom)
2019-09-26 16:37:06,129 [pool-147-thread-1] INFO  server.RaftServerConfigKeys (ConfUtils.java:logGet(43)) - raft.server.rpc.timeout.max = 1200ms (custom)
2019-09-26 16:37:06,129 [pool-147-thread-1] INFO  server.RaftServerConfigKeys (ConfUtils.java:logGet(43)) - raft.server.rpcslowness.timeout = 120s (custom)
2019-09-26 16:37:06,129 [pool-157-thread-1] INFO  impl.RaftServerImpl (RaftServerImpl.java:<init>(95)) - 7c636cf6-abb1-48a1-8471-c57ff8076954: new RaftServerImpl for group-D88AEF8F9869:[7c636cf6-abb1-48a1-8471-c57ff8076954:192.168.157.234:40747, 178fa167-0d93-4985-b474-3911a0393fb5:192.168.157.234:36864, 6e9598b6-9dc4-49c9-af23-0bbf4a4b345a:192.168.157.234:44157] with ContainerStateMachine:uninitialized
2019-09-26 16:37:06,129 [pool-147-thread-1] INFO  server.RaftServerConfigKeys (ConfUtils.java:logGet(43)) - raft.server.sleep.deviation.threshold = 300 (default)
2019-09-26 16:37:06,130 [pool-157-thread-1] INFO  server.RaftServerConfigKeys (ConfUtils.java:logGet(43)) - raft.server.rpc.timeout.min = 1s (custom)
2019-09-26 16:37:06,130 [pool-207-thread-1] INFO  impl.RaftServerImpl (RaftServerImpl.java:<init>(95)) - 6e9598b6-9dc4-49c9-af23-0bbf4a4b345a: new RaftServerImpl for group-D88AEF8F9869:[7c636cf6-abb1-48a1-8471-c57ff8076954:192.168.157.234:40747, 178fa167-0d93-4985-b474-3911a0393fb5:192.168.157.234:36864, 6e9598b6-9dc4-49c9-af23-0bbf4a4b345a:192.168.157.234:44157] with ContainerStateMachine:uninitialized
2019-09-26 16:37:06,130 [pool-147-thread-1] INFO  server.RaftServerConfigKeys (ConfUtils.java:logGet(43)) - raft.server.log.appender.install.snapshot.enabled = false (custom)
2019-09-26 16:37:06,130 [pool-207-thread-1] INFO  server.RaftServerConfigKeys (ConfUtils.java:logGet(43)) - raft.server.rpc.timeout.min = 1s (custom)
2019-09-26 16:37:06,130 [pool-207-thread-1] INFO  server.RaftServerConfigKeys (ConfUtils.java:logGet(43)) - raft.server.rpc.timeout.max = 1200ms (custom)
2019-09-26 16:37:06,130 [pool-157-thread-1] INFO  server.RaftServerConfigKeys (ConfUtils.java:logGet(43)) - raft.server.rpc.timeout.max = 1200ms (custom)
2019-09-26 16:37:06,130 [pool-207-thread-1] INFO  server.RaftServerConfigKeys (ConfUtils.java:logGet(43)) - raft.server.rpcslowness.timeout = 120s (custom)
2019-09-26 16:37:06,130 [pool-147-thread-1] INFO  impl.RaftServerImpl (ServerState.java:<init>(103)) - 178fa167-0d93-4985-b474-3911a0393fb5@group-D88AEF8F9869: ConfigurationManager, init=-1: [7c636cf6-abb1-48a1-8471-c57ff8076954:192.168.157.234:40747, 178fa167-0d93-4985-b474-3911a0393fb5:192.168.157.234:36864, 6e9598b6-9dc4-49c9-af23-0bbf4a4b345a:192.168.157.234:44157], old=null, confs=<EMPTY_MAP>
2019-09-26 16:37:06,131 [pool-207-thread-1] INFO  server.RaftServerConfigKeys (ConfUtils.java:logGet(43)) - raft.server.sleep.deviation.threshold = 300 (default)
2019-09-26 16:37:06,131 [pool-157-thread-1] INFO  server.RaftServerConfigKeys (ConfUtils.java:logGet(43)) - raft.server.rpcslowness.timeout = 120s (custom)
2019-09-26 16:37:06,131 [pool-147-thread-1] INFO  server.RaftServerConfigKeys (ConfUtils.java:logGet(43)) - raft.server.storage.dir = [/workdir/hadoop-ozone/integration-test/target/test-dir/MiniOzoneClusterImpl-521d4657-8b90-42e2-88d0-1dd80c8159cc/datanode-0/data/ratis] (custom)
2019-09-26 16:37:06,131 [pool-207-thread-1] INFO  server.RaftServerConfigKeys (ConfUtils.java:logGet(43)) - raft.server.log.appender.install.snapshot.enabled = false (custom)
2019-09-26 16:37:06,131 [pool-157-thread-1] INFO  server.RaftServerConfigKeys (ConfUtils.java:logGet(43)) - raft.server.sleep.deviation.threshold = 300 (default)
2019-09-26 16:37:06,131 [pool-207-thread-1] INFO  impl.RaftServerImpl (ServerState.java:<init>(103)) - 6e9598b6-9dc4-49c9-af23-0bbf4a4b345a@group-D88AEF8F9869: ConfigurationManager, init=-1: [7c636cf6-abb1-48a1-8471-c57ff8076954:192.168.157.234:40747, 178fa167-0d93-4985-b474-3911a0393fb5:192.168.157.234:36864, 6e9598b6-9dc4-49c9-af23-0bbf4a4b345a:192.168.157.234:44157], old=null, confs=<EMPTY_MAP>
2019-09-26 16:37:06,132 [pool-147-thread-1] INFO  storage.RaftStorageDirectory (RaftStorageDirectory.java:analyzeStorage(246)) - The storage directory /workdir/hadoop-ozone/integration-test/target/test-dir/MiniOzoneClusterImpl-521d4657-8b90-42e2-88d0-1dd80c8159cc/datanode-0/data/ratis/596ef27f-b14c-485a-adef-d88aef8f9869 does not exist. Creating ...
2019-09-26 16:37:06,131 [pool-157-thread-1] INFO  server.RaftServerConfigKeys (ConfUtils.java:logGet(43)) - raft.server.log.appender.install.snapshot.enabled = false (custom)
2019-09-26 16:37:06,132 [pool-207-thread-1] INFO  server.RaftServerConfigKeys (ConfUtils.java:logGet(43)) - raft.server.storage.dir = [/workdir/hadoop-ozone/integration-test/target/test-dir/MiniOzoneClusterImpl-521d4657-8b90-42e2-88d0-1dd80c8159cc/datanode-6/data/ratis] (custom)
2019-09-26 16:37:06,132 [pool-157-thread-1] INFO  impl.RaftServerImpl (ServerState.java:<init>(103)) - 7c636cf6-abb1-48a1-8471-c57ff8076954@group-D88AEF8F9869: ConfigurationManager, init=-1: [7c636cf6-abb1-48a1-8471-c57ff8076954:192.168.157.234:40747, 178fa167-0d93-4985-b474-3911a0393fb5:192.168.157.234:36864, 6e9598b6-9dc4-49c9-af23-0bbf4a4b345a:192.168.157.234:44157], old=null, confs=<EMPTY_MAP>
2019-09-26 16:37:06,132 [pool-157-thread-1] INFO  server.RaftServerConfigKeys (ConfUtils.java:logGet(43)) - raft.server.storage.dir = [/workdir/hadoop-ozone/integration-test/target/test-dir/MiniOzoneClusterImpl-521d4657-8b90-42e2-88d0-1dd80c8159cc/datanode-1/data/ratis] (custom)
2019-09-26 16:37:06,132 [pool-207-thread-1] INFO  storage.RaftStorageDirectory (RaftStorageDirectory.java:analyzeStorage(246)) - The storage directory /workdir/hadoop-ozone/integration-test/target/test-dir/MiniOzoneClusterImpl-521d4657-8b90-42e2-88d0-1dd80c8159cc/datanode-6/data/ratis/596ef27f-b14c-485a-adef-d88aef8f9869 does not exist. Creating ...
2019-09-26 16:37:06,133 [pool-157-thread-1] INFO  storage.RaftStorageDirectory (RaftStorageDirectory.java:analyzeStorage(246)) - The storage directory /workdir/hadoop-ozone/integration-test/target/test-dir/MiniOzoneClusterImpl-521d4657-8b90-42e2-88d0-1dd80c8159cc/datanode-1/data/ratis/596ef27f-b14c-485a-adef-d88aef8f9869 does not exist. Creating ...
2019-09-26 16:37:06,145 [pool-147-thread-1] INFO  storage.RaftStorageDirectory (RaftStorageDirectory.java:tryLock(328)) - Lock on /workdir/hadoop-ozone/integration-test/target/test-dir/MiniOzoneClusterImpl-521d4657-8b90-42e2-88d0-1dd80c8159cc/datanode-0/data/ratis/596ef27f-b14c-485a-adef-d88aef8f9869/in_use.lock acquired by nodename 16662@pr-hdds-2162-htzpk-1451759861
2019-09-26 16:37:06,145 [pool-157-thread-1] INFO  storage.RaftStorageDirectory (RaftStorageDirectory.java:tryLock(328)) - Lock on /workdir/hadoop-ozone/integration-test/target/test-dir/MiniOzoneClusterImpl-521d4657-8b90-42e2-88d0-1dd80c8159cc/datanode-1/data/ratis/596ef27f-b14c-485a-adef-d88aef8f9869/in_use.lock acquired by nodename 16662@pr-hdds-2162-htzpk-1451759861
2019-09-26 16:37:06,145 [pool-207-thread-1] INFO  storage.RaftStorageDirectory (RaftStorageDirectory.java:tryLock(328)) - Lock on /workdir/hadoop-ozone/integration-test/target/test-dir/MiniOzoneClusterImpl-521d4657-8b90-42e2-88d0-1dd80c8159cc/datanode-6/data/ratis/596ef27f-b14c-485a-adef-d88aef8f9869/in_use.lock acquired by nodename 16662@pr-hdds-2162-htzpk-1451759861
2019-09-26 16:37:06,171 [pool-157-thread-1] INFO  storage.RaftStorage (RaftStorage.java:format(72)) - Storage directory /workdir/hadoop-ozone/integration-test/target/test-dir/MiniOzoneClusterImpl-521d4657-8b90-42e2-88d0-1dd80c8159cc/datanode-1/data/ratis/596ef27f-b14c-485a-adef-d88aef8f9869 has been successfully formatted.
2019-09-26 16:37:06,171 [pool-207-thread-1] INFO  storage.RaftStorage (RaftStorage.java:format(72)) - Storage directory /workdir/hadoop-ozone/integration-test/target/test-dir/MiniOzoneClusterImpl-521d4657-8b90-42e2-88d0-1dd80c8159cc/datanode-6/data/ratis/596ef27f-b14c-485a-adef-d88aef8f9869 has been successfully formatted.
2019-09-26 16:37:06,171 [pool-157-thread-1] INFO  ratis.ContainerStateMachine (ContainerStateMachine.java:loadSnapshot(230)) - group-D88AEF8F9869: The snapshot info is null. Setting the last applied indexto:(t:0, i:~)
2019-09-26 16:37:06,171 [pool-147-thread-1] INFO  storage.RaftStorage (RaftStorage.java:format(72)) - Storage directory /workdir/hadoop-ozone/integration-test/target/test-dir/MiniOzoneClusterImpl-521d4657-8b90-42e2-88d0-1dd80c8159cc/datanode-0/data/ratis/596ef27f-b14c-485a-adef-d88aef8f9869 has been successfully formatted.
2019-09-26 16:37:06,171 [pool-207-thread-1] INFO  ratis.ContainerStateMachine (ContainerStateMachine.java:loadSnapshot(230)) - group-D88AEF8F9869: The snapshot info is null. Setting the last applied indexto:(t:0, i:~)
2019-09-26 16:37:06,171 [pool-157-thread-1] INFO  server.RaftServerConfigKeys (ConfUtils.java:logGet(43)) - raft.server.notification.no-leader.timeout = 120s (custom)
2019-09-26 16:37:06,172 [pool-207-thread-1] INFO  server.RaftServerConfigKeys (ConfUtils.java:logGet(43)) - raft.server.notification.no-leader.timeout = 120s (custom)
2019-09-26 16:37:06,171 [pool-147-thread-1] INFO  ratis.ContainerStateMachine (ContainerStateMachine.java:loadSnapshot(230)) - group-D88AEF8F9869: The snapshot info is null. Setting the last applied indexto:(t:0, i:~)
2019-09-26 16:37:06,172 [pool-207-thread-1] INFO  server.RaftServerConfigKeys (ConfUtils.java:logGet(43)) - raft.server.log.use.memory = false (default)
2019-09-26 16:37:06,172 [pool-157-thread-1] INFO  server.RaftServerConfigKeys (ConfUtils.java:logGet(43)) - raft.server.log.use.memory = false (default)
2019-09-26 16:37:06,172 [pool-207-thread-1] INFO  server.RaftServerConfigKeys (ConfUtils.java:logGet(43)) - raft.server.log.purge.gap = 1000000 (custom)
2019-09-26 16:37:06,172 [pool-147-thread-1] INFO  server.RaftServerConfigKeys (ConfUtils.java:logGet(43)) - raft.server.notification.no-leader.timeout = 120s (custom)
2019-09-26 16:37:06,173 [pool-207-thread-1] INFO  server.RaftServerConfigKeys (ConfUtils.java:logGet(43)) - raft.server.log.appender.buffer.byte-limit = 33554432 (custom)
2019-09-26 16:37:06,172 [pool-157-thread-1] INFO  server.RaftServerConfigKeys (ConfUtils.java:logGet(43)) - raft.server.log.purge.gap = 1000000 (custom)
2019-09-26 16:37:06,173 [pool-207-thread-1] INFO  server.RaftServerConfigKeys (ConfUtils.java:logGet(43)) - raft.server.log.segment.size.max = 1048576 (custom)
2019-09-26 16:37:06,173 [pool-147-thread-1] INFO  server.RaftServerConfigKeys (ConfUtils.java:logGet(43)) - raft.server.log.use.memory = false (default)
2019-09-26 16:37:06,173 [pool-207-thread-1] INFO  server.RaftServerConfigKeys (ConfUtils.java:logGet(43)) - raft.server.log.segment.cache.num.max = 2 (custom)
2019-09-26 16:37:06,173 [pool-157-thread-1] INFO  server.RaftServerConfigKeys (ConfUtils.java:logGet(43)) - raft.server.log.appender.buffer.byte-limit = 33554432 (custom)
2019-09-26 16:37:06,173 [pool-207-thread-1] INFO  segmented.SegmentedRaftLogWorker (SegmentedRaftLogWorker.java:<init>(172)) - new 6e9598b6-9dc4-49c9-af23-0bbf4a4b345a@group-D88AEF8F9869-SegmentedRaftLogWorker for RaftStorage:Storage Directory /workdir/hadoop-ozone/integration-test/target/test-dir/MiniOzoneClusterImpl-521d4657-8b90-42e2-88d0-1dd80c8159cc/datanode-6/data/ratis/596ef27f-b14c-485a-adef-d88aef8f9869
2019-09-26 16:37:06,173 [pool-147-thread-1] INFO  server.RaftServerConfigKeys (ConfUtils.java:logGet(43)) - raft.server.log.purge.gap = 1000000 (custom)
2019-09-26 16:37:06,174 [pool-207-thread-1] INFO  server.RaftServerConfigKeys (ConfUtils.java:logGet(43)) - raft.server.log.queue.byte-limit = 2147483647 (custom)
2019-09-26 16:37:06,174 [pool-157-thread-1] INFO  server.RaftServerConfigKeys (ConfUtils.java:logGet(43)) - raft.server.log.segment.size.max = 1048576 (custom)
2019-09-26 16:37:06,174 [pool-207-thread-1] INFO  server.RaftServerConfigKeys (ConfUtils.java:logGet(43)) - raft.server.log.queue.element-limit = 1024 (custom)
2019-09-26 16:37:06,174 [pool-147-thread-1] INFO  server.RaftServerConfigKeys (ConfUtils.java:logGet(43)) - raft.server.log.appender.buffer.byte-limit = 33554432 (custom)
2019-09-26 16:37:06,174 [pool-207-thread-1] INFO  server.RaftServerConfigKeys (ConfUtils.java:logGet(43)) - raft.server.log.segment.size.max = 1048576 (custom)
2019-09-26 16:37:06,175 [pool-207-thread-1] INFO  server.RaftServerConfigKeys (ConfUtils.java:logGet(43)) - raft.server.log.preallocated.size = 16384 (custom)
2019-09-26 16:37:06,174 [pool-157-thread-1] INFO  server.RaftServerConfigKeys (ConfUtils.java:logGet(43)) - raft.server.log.segment.cache.num.max = 2 (custom)
2019-09-26 16:37:06,175 [pool-207-thread-1] INFO  server.RaftServerConfigKeys (ConfUtils.java:logGet(43)) - raft.server.log.write.buffer.size = 33554432 (custom)
2019-09-26 16:37:06,175 [pool-147-thread-1] INFO  server.RaftServerConfigKeys (ConfUtils.java:logGet(43)) - raft.server.log.segment.size.max = 1048576 (custom)
2019-09-26 16:37:06,175 [pool-207-thread-1] INFO  server.RaftServerConfigKeys (ConfUtils.java:logGet(43)) - raft.server.log.force.sync.num = 128 (default)
2019-09-26 16:37:06,176 [pool-207-thread-1] INFO  server.RaftServerConfigKeys (ConfUtils.java:logGet(43)) - raft.server.log.statemachine.data.sync = true (default)
2019-09-26 16:37:06,175 [pool-157-thread-1] INFO  segmented.SegmentedRaftLogWorker (SegmentedRaftLogWorker.java:<init>(172)) - new 7c636cf6-abb1-48a1-8471-c57ff8076954@group-D88AEF8F9869-SegmentedRaftLogWorker for RaftStorage:Storage Directory /workdir/hadoop-ozone/integration-test/target/test-dir/MiniOzoneClusterImpl-521d4657-8b90-42e2-88d0-1dd80c8159cc/datanode-1/data/ratis/596ef27f-b14c-485a-adef-d88aef8f9869
2019-09-26 16:37:06,176 [pool-207-thread-1] INFO  server.RaftServerConfigKeys (ConfUtils.java:logGet(43)) - raft.server.log.statemachine.data.sync.timeout = 10s (default)
2019-09-26 16:37:06,175 [pool-147-thread-1] INFO  server.RaftServerConfigKeys (ConfUtils.java:logGet(43)) - raft.server.log.segment.cache.num.max = 2 (custom)
2019-09-26 16:37:06,176 [pool-207-thread-1] INFO  server.RaftServerConfigKeys (ConfUtils.java:logGet(43)) - raft.server.log.statemachine.data.sync.timeout.retry = -1 (default)
2019-09-26 16:37:06,176 [pool-157-thread-1] INFO  server.RaftServerConfigKeys (ConfUtils.java:logGet(43)) - raft.server.log.queue.byte-limit = 2147483647 (custom)
2019-09-26 16:37:06,176 [pool-207-thread-1] INFO  server.RaftServerConfigKeys (ConfUtils.java:logGet(43)) - raft.server.log.statemachine.data.caching.enabled = true (custom)
2019-09-26 16:37:06,176 [pool-147-thread-1] INFO  segmented.SegmentedRaftLogWorker (SegmentedRaftLogWorker.java:<init>(172)) - new 178fa167-0d93-4985-b474-3911a0393fb5@group-D88AEF8F9869-SegmentedRaftLogWorker for RaftStorage:Storage Directory /workdir/hadoop-ozone/integration-test/target/test-dir/MiniOzoneClusterImpl-521d4657-8b90-42e2-88d0-1dd80c8159cc/datanode-0/data/ratis/596ef27f-b14c-485a-adef-d88aef8f9869
2019-09-26 16:37:06,177 [pool-157-thread-1] INFO  server.RaftServerConfigKeys (ConfUtils.java:logGet(43)) - raft.server.log.queue.element-limit = 1024 (custom)
2019-09-26 16:37:06,177 [pool-147-thread-1] INFO  server.RaftServerConfigKeys (ConfUtils.java:logGet(43)) - raft.server.log.queue.byte-limit = 2147483647 (custom)
2019-09-26 16:37:06,177 [pool-157-thread-1] INFO  server.RaftServerConfigKeys (ConfUtils.java:logGet(43)) - raft.server.log.segment.size.max = 1048576 (custom)
2019-09-26 16:37:06,177 [pool-207-thread-1] INFO  segmented.SegmentedRaftLogWorker (SegmentedRaftLogWorker.java:lambda$new$0(132)) - 6e9598b6-9dc4-49c9-af23-0bbf4a4b345a@group-D88AEF8F9869-SegmentedRaftLogWorker: flushIndex: setUnconditionally 0 -> -1
2019-09-26 16:37:06,177 [pool-157-thread-1] INFO  server.RaftServerConfigKeys (ConfUtils.java:logGet(43)) - raft.server.log.preallocated.size = 16384 (custom)
2019-09-26 16:37:06,177 [pool-147-thread-1] INFO  server.RaftServerConfigKeys (ConfUtils.java:logGet(43)) - raft.server.log.queue.element-limit = 1024 (custom)
2019-09-26 16:37:06,177 [pool-157-thread-1] INFO  server.RaftServerConfigKeys (ConfUtils.java:logGet(43)) - raft.server.log.write.buffer.size = 33554432 (custom)
2019-09-26 16:37:06,178 [pool-207-thread-1] INFO  server.RaftServerConfigKeys (ConfUtils.java:logGet(43)) - raft.server.snapshot.auto.trigger.enabled = true (custom)
2019-09-26 16:37:06,178 [pool-147-thread-1] INFO  server.RaftServerConfigKeys (ConfUtils.java:logGet(43)) - raft.server.log.segment.size.max = 1048576 (custom)
2019-09-26 16:37:06,178 [pool-207-thread-1] INFO  server.RaftServerConfigKeys (ConfUtils.java:logGet(43)) - raft.server.snapshot.auto.trigger.threshold = 10000 (custom)
2019-09-26 16:37:06,178 [pool-207-thread-1] INFO  server.RaftServerConfigKeys (ConfUtils.java:logGet(43)) - raft.server.snapshot.retention.num.files = 5 (custom)
2019-09-26 16:37:06,178 [pool-157-thread-1] INFO  server.RaftServerConfigKeys (ConfUtils.java:logGet(43)) - raft.server.log.force.sync.num = 128 (default)
2019-09-26 16:37:06,178 [pool-207-thread-1] INFO  server.RaftServerConfigKeys (ConfUtils.java:logGet(43)) - raft.server.retrycache.expirytime = 600000ms (custom)
2019-09-26 16:37:06,178 [pool-147-thread-1] INFO  server.RaftServerConfigKeys (ConfUtils.java:logGet(43)) - raft.server.log.preallocated.size = 16384 (custom)
2019-09-26 16:37:06,178 [pool-157-thread-1] INFO  server.RaftServerConfigKeys (ConfUtils.java:logGet(43)) - raft.server.log.statemachine.data.sync = true (default)
2019-09-26 16:37:06,179 [pool-147-thread-1] INFO  server.RaftServerConfigKeys (ConfUtils.java:logGet(43)) - raft.server.log.write.buffer.size = 33554432 (custom)
2019-09-26 16:37:06,179 [pool-157-thread-1] INFO  server.RaftServerConfigKeys (ConfUtils.java:logGet(43)) - raft.server.log.statemachine.data.sync.timeout = 10s (default)
2019-09-26 16:37:06,179 [pool-147-thread-1] INFO  server.RaftServerConfigKeys (ConfUtils.java:logGet(43)) - raft.server.log.force.sync.num = 128 (default)
2019-09-26 16:37:06,179 [pool-157-thread-1] INFO  server.RaftServerConfigKeys (ConfUtils.java:logGet(43)) - raft.server.log.statemachine.data.sync.timeout.retry = -1 (default)
2019-09-26 16:37:06,179 [pool-147-thread-1] INFO  server.RaftServerConfigKeys (ConfUtils.java:logGet(43)) - raft.server.log.statemachine.data.sync = true (default)
2019-09-26 16:37:06,179 [pool-157-thread-1] INFO  server.RaftServerConfigKeys (ConfUtils.java:logGet(43)) - raft.server.log.statemachine.data.caching.enabled = true (custom)
2019-09-26 16:37:06,180 [pool-147-thread-1] INFO  server.RaftServerConfigKeys (ConfUtils.java:logGet(43)) - raft.server.log.statemachine.data.sync.timeout = 10s (default)
2019-09-26 16:37:06,180 [pool-157-thread-1] INFO  segmented.SegmentedRaftLogWorker (SegmentedRaftLogWorker.java:lambda$new$0(132)) - 7c636cf6-abb1-48a1-8471-c57ff8076954@group-D88AEF8F9869-SegmentedRaftLogWorker: flushIndex: setUnconditionally 0 -> -1
2019-09-26 16:37:06,180 [pool-147-thread-1] INFO  server.RaftServerConfigKeys (ConfUtils.java:logGet(43)) - raft.server.log.statemachine.data.sync.timeout.retry = -1 (default)
2019-09-26 16:37:06,180 [pool-157-thread-1] INFO  server.RaftServerConfigKeys (ConfUtils.java:logGet(43)) - raft.server.snapshot.auto.trigger.enabled = true (custom)
2019-09-26 16:37:06,180 [pool-147-thread-1] INFO  server.RaftServerConfigKeys (ConfUtils.java:logGet(43)) - raft.server.log.statemachine.data.caching.enabled = true (custom)
2019-09-26 16:37:06,180 [pool-157-thread-1] INFO  server.RaftServerConfigKeys (ConfUtils.java:logGet(43)) - raft.server.snapshot.auto.trigger.threshold = 10000 (custom)
2019-09-26 16:37:06,181 [pool-157-thread-1] INFO  server.RaftServerConfigKeys (ConfUtils.java:logGet(43)) - raft.server.snapshot.retention.num.files = 5 (custom)
2019-09-26 16:37:06,181 [pool-147-thread-1] INFO  segmented.SegmentedRaftLogWorker (SegmentedRaftLogWorker.java:lambda$new$0(132)) - 178fa167-0d93-4985-b474-3911a0393fb5@group-D88AEF8F9869-SegmentedRaftLogWorker: flushIndex: setUnconditionally 0 -> -1
2019-09-26 16:37:06,181 [pool-157-thread-1] INFO  server.RaftServerConfigKeys (ConfUtils.java:logGet(43)) - raft.server.retrycache.expirytime = 600000ms (custom)
2019-09-26 16:37:06,181 [pool-147-thread-1] INFO  server.RaftServerConfigKeys (ConfUtils.java:logGet(43)) - raft.server.snapshot.auto.trigger.enabled = true (custom)
2019-09-26 16:37:06,181 [pool-147-thread-1] INFO  server.RaftServerConfigKeys (ConfUtils.java:logGet(43)) - raft.server.snapshot.auto.trigger.threshold = 10000 (custom)
2019-09-26 16:37:06,181 [pool-147-thread-1] INFO  server.RaftServerConfigKeys (ConfUtils.java:logGet(43)) - raft.server.snapshot.retention.num.files = 5 (custom)
2019-09-26 16:37:06,182 [pool-207-thread-1] INFO  impl.RaftServerImpl (RaftServerImpl.java:start(185)) - 6e9598b6-9dc4-49c9-af23-0bbf4a4b345a@group-D88AEF8F9869: start as a follower, conf=-1: [7c636cf6-abb1-48a1-8471-c57ff8076954:192.168.157.234:40747, 178fa167-0d93-4985-b474-3911a0393fb5:192.168.157.234:36864, 6e9598b6-9dc4-49c9-af23-0bbf4a4b345a:192.168.157.234:44157], old=null
2019-09-26 16:37:06,182 [pool-147-thread-1] INFO  server.RaftServerConfigKeys (ConfUtils.java:logGet(43)) - raft.server.retrycache.expirytime = 600000ms (custom)
2019-09-26 16:37:06,182 [pool-207-thread-1] INFO  impl.RaftServerImpl (RaftServerImpl.java:setRole(174)) - 6e9598b6-9dc4-49c9-af23-0bbf4a4b345a@group-D88AEF8F9869: changes role from      null to FOLLOWER at term 0 for startAsFollower
2019-09-26 16:37:06,182 [pool-207-thread-1] INFO  impl.RoleInfo (RoleInfo.java:updateAndGet(143)) - 6e9598b6-9dc4-49c9-af23-0bbf4a4b345a: start FollowerState
2019-09-26 16:37:06,183 [pool-207-thread-1] INFO  util.JmxRegister (JmxRegister.java:tryRegister(44)) - Successfully registered JMX Bean with object name Ratis:service=RaftServer,group=group-D88AEF8F9869,id=6e9598b6-9dc4-49c9-af23-0bbf4a4b345a
2019-09-26 16:37:06,184 [pool-157-thread-1] INFO  impl.RaftServerImpl (RaftServerImpl.java:start(185)) - 7c636cf6-abb1-48a1-8471-c57ff8076954@group-D88AEF8F9869: start as a follower, conf=-1: [7c636cf6-abb1-48a1-8471-c57ff8076954:192.168.157.234:40747, 178fa167-0d93-4985-b474-3911a0393fb5:192.168.157.234:36864, 6e9598b6-9dc4-49c9-af23-0bbf4a4b345a:192.168.157.234:44157], old=null
2019-09-26 16:37:06,184 [pool-157-thread-1] INFO  impl.RaftServerImpl (RaftServerImpl.java:setRole(174)) - 7c636cf6-abb1-48a1-8471-c57ff8076954@group-D88AEF8F9869: changes role from      null to FOLLOWER at term 0 for startAsFollower
2019-09-26 16:37:06,184 [pool-157-thread-1] INFO  impl.RoleInfo (RoleInfo.java:updateAndGet(143)) - 7c636cf6-abb1-48a1-8471-c57ff8076954: start FollowerState
2019-09-26 16:37:06,188 [pool-157-thread-1] INFO  util.JmxRegister (JmxRegister.java:tryRegister(44)) - Successfully registered JMX Bean with object name Ratis:service=RaftServer,group=group-D88AEF8F9869,id=7c636cf6-abb1-48a1-8471-c57ff8076954
2019-09-26 16:37:06,189 [pool-147-thread-1] INFO  impl.RaftServerImpl (RaftServerImpl.java:start(185)) - 178fa167-0d93-4985-b474-3911a0393fb5@group-D88AEF8F9869: start as a follower, conf=-1: [7c636cf6-abb1-48a1-8471-c57ff8076954:192.168.157.234:40747, 178fa167-0d93-4985-b474-3911a0393fb5:192.168.157.234:36864, 6e9598b6-9dc4-49c9-af23-0bbf4a4b345a:192.168.157.234:44157], old=null
2019-09-26 16:37:06,192 [pool-147-thread-1] INFO  impl.RaftServerImpl (RaftServerImpl.java:setRole(174)) - 178fa167-0d93-4985-b474-3911a0393fb5@group-D88AEF8F9869: changes role from      null to FOLLOWER at term 0 for startAsFollower
2019-09-26 16:37:06,192 [pool-147-thread-1] INFO  impl.RoleInfo (RoleInfo.java:updateAndGet(143)) - 178fa167-0d93-4985-b474-3911a0393fb5: start FollowerState
2019-09-26 16:37:06,196 [pool-147-thread-1] INFO  util.JmxRegister (JmxRegister.java:tryRegister(44)) - Successfully registered JMX Bean with object name Ratis:service=RaftServer,group=group-D88AEF8F9869,id=178fa167-0d93-4985-b474-3911a0393fb5
2019-09-26 16:37:06,201 [RatisPipelineUtilsThread] INFO  pipeline.PipelineStateManager (PipelineStateManager.java:addPipeline(56)) - Created pipeline Pipeline[ Id: 596ef27f-b14c-485a-adef-d88aef8f9869, Nodes: 6e9598b6-9dc4-49c9-af23-0bbf4a4b345a{ip: 192.168.157.234, host: pr-hdds-2162-htzpk-1451759861, networkLocation: /rack1, certSerialId: null}178fa167-0d93-4985-b474-3911a0393fb5{ip: 192.168.157.234, host: pr-hdds-2162-htzpk-1451759861, networkLocation: /rack1, certSerialId: null}7c636cf6-abb1-48a1-8471-c57ff8076954{ip: 192.168.157.234, host: pr-hdds-2162-htzpk-1451759861, networkLocation: /rack1, certSerialId: null}, Type:RATIS, Factor:THREE, State:OPEN]
2019-09-26 16:37:06,213 [grpc-default-executor-1] INFO  impl.RaftServerProxy (RaftServerProxy.java:addNew(89)) - 96614e23-b56d-471a-9cd7-6076bc1c8933: addNew group-D3771522134E:[23db1bd7-0ec3-4d63-b495-756f3d5b5fb7:192.168.157.234:37353, 96614e23-b56d-471a-9cd7-6076bc1c8933:192.168.157.234:36122, dc4ec581-df22-4026-9c78-08ca65e450b7:192.168.157.234:35995] returns group-D3771522134E:java.util.concurrent.CompletableFuture@2be8b835[Not completed]
2019-09-26 16:37:06,213 [grpc-default-executor-0] INFO  impl.RaftServerProxy (RaftServerProxy.java:addNew(89)) - 23db1bd7-0ec3-4d63-b495-756f3d5b5fb7: addNew group-D3771522134E:[23db1bd7-0ec3-4d63-b495-756f3d5b5fb7:192.168.157.234:37353, 96614e23-b56d-471a-9cd7-6076bc1c8933:192.168.157.234:36122, dc4ec581-df22-4026-9c78-08ca65e450b7:192.168.157.234:35995] returns group-D3771522134E:java.util.concurrent.CompletableFuture@342bc210[Not completed]
2019-09-26 16:37:06,213 [grpc-default-executor-2] INFO  impl.RaftServerProxy (RaftServerProxy.java:addNew(89)) - dc4ec581-df22-4026-9c78-08ca65e450b7: addNew group-D3771522134E:[23db1bd7-0ec3-4d63-b495-756f3d5b5fb7:192.168.157.234:37353, 96614e23-b56d-471a-9cd7-6076bc1c8933:192.168.157.234:36122, dc4ec581-df22-4026-9c78-08ca65e450b7:192.168.157.234:35995] returns group-D3771522134E:java.util.concurrent.CompletableFuture@6f4a8b21[Not completed]
2019-09-26 16:37:06,217 [pool-177-thread-1] INFO  impl.RaftServerImpl (RaftServerImpl.java:<init>(95)) - dc4ec581-df22-4026-9c78-08ca65e450b7: new RaftServerImpl for group-D3771522134E:[23db1bd7-0ec3-4d63-b495-756f3d5b5fb7:192.168.157.234:37353, 96614e23-b56d-471a-9cd7-6076bc1c8933:192.168.157.234:36122, dc4ec581-df22-4026-9c78-08ca65e450b7:192.168.157.234:35995] with ContainerStateMachine:uninitialized
2019-09-26 16:37:06,217 [pool-177-thread-1] INFO  server.RaftServerConfigKeys (ConfUtils.java:logGet(43)) - raft.server.rpc.timeout.min = 1s (custom)
2019-09-26 16:37:06,218 [pool-177-thread-1] INFO  server.RaftServerConfigKeys (ConfUtils.java:logGet(43)) - raft.server.rpc.timeout.max = 1200ms (custom)
2019-09-26 16:37:06,218 [pool-177-thread-1] INFO  server.RaftServerConfigKeys (ConfUtils.java:logGet(43)) - raft.server.rpcslowness.timeout = 120s (custom)
2019-09-26 16:37:06,218 [pool-177-thread-1] INFO  server.RaftServerConfigKeys (ConfUtils.java:logGet(43)) - raft.server.sleep.deviation.threshold = 300 (default)
2019-09-26 16:37:06,218 [pool-177-thread-1] INFO  server.RaftServerConfigKeys (ConfUtils.java:logGet(43)) - raft.server.log.appender.install.snapshot.enabled = false (custom)
2019-09-26 16:37:06,218 [pool-177-thread-1] INFO  impl.RaftServerImpl (ServerState.java:<init>(103)) - dc4ec581-df22-4026-9c78-08ca65e450b7@group-D3771522134E: ConfigurationManager, init=-1: [23db1bd7-0ec3-4d63-b495-756f3d5b5fb7:192.168.157.234:37353, 96614e23-b56d-471a-9cd7-6076bc1c8933:192.168.157.234:36122, dc4ec581-df22-4026-9c78-08ca65e450b7:192.168.157.234:35995], old=null, confs=<EMPTY_MAP>
2019-09-26 16:37:06,218 [pool-167-thread-1] INFO  impl.RaftServerImpl (RaftServerImpl.java:<init>(95)) - 96614e23-b56d-471a-9cd7-6076bc1c8933: new RaftServerImpl for group-D3771522134E:[23db1bd7-0ec3-4d63-b495-756f3d5b5fb7:192.168.157.234:37353, 96614e23-b56d-471a-9cd7-6076bc1c8933:192.168.157.234:36122, dc4ec581-df22-4026-9c78-08ca65e450b7:192.168.157.234:35995] with ContainerStateMachine:uninitialized
2019-09-26 16:37:06,218 [pool-177-thread-1] INFO  server.RaftServerConfigKeys (ConfUtils.java:logGet(43)) - raft.server.storage.dir = [/workdir/hadoop-ozone/integration-test/target/test-dir/MiniOzoneClusterImpl-521d4657-8b90-42e2-88d0-1dd80c8159cc/datanode-3/data/ratis] (custom)
2019-09-26 16:37:06,218 [pool-167-thread-1] INFO  server.RaftServerConfigKeys (ConfUtils.java:logGet(43)) - raft.server.rpc.timeout.min = 1s (custom)
2019-09-26 16:37:06,219 [pool-167-thread-1] INFO  server.RaftServerConfigKeys (ConfUtils.java:logGet(43)) - raft.server.rpc.timeout.max = 1200ms (custom)
2019-09-26 16:37:06,219 [pool-177-thread-1] INFO  storage.RaftStorageDirectory (RaftStorageDirectory.java:analyzeStorage(246)) - The storage directory /workdir/hadoop-ozone/integration-test/target/test-dir/MiniOzoneClusterImpl-521d4657-8b90-42e2-88d0-1dd80c8159cc/datanode-3/data/ratis/fcb0968e-06a6-4ee1-879f-d3771522134e does not exist. Creating ...
2019-09-26 16:37:06,219 [pool-217-thread-1] INFO  impl.RaftServerImpl (RaftServerImpl.java:<init>(95)) - 23db1bd7-0ec3-4d63-b495-756f3d5b5fb7: new RaftServerImpl for group-D3771522134E:[23db1bd7-0ec3-4d63-b495-756f3d5b5fb7:192.168.157.234:37353, 96614e23-b56d-471a-9cd7-6076bc1c8933:192.168.157.234:36122, dc4ec581-df22-4026-9c78-08ca65e450b7:192.168.157.234:35995] with ContainerStateMachine:uninitialized
2019-09-26 16:37:06,219 [pool-167-thread-1] INFO  server.RaftServerConfigKeys (ConfUtils.java:logGet(43)) - raft.server.rpcslowness.timeout = 120s (custom)
2019-09-26 16:37:06,219 [pool-217-thread-1] INFO  server.RaftServerConfigKeys (ConfUtils.java:logGet(43)) - raft.server.rpc.timeout.min = 1s (custom)
2019-09-26 16:37:06,219 [pool-167-thread-1] INFO  server.RaftServerConfigKeys (ConfUtils.java:logGet(43)) - raft.server.sleep.deviation.threshold = 300 (default)
2019-09-26 16:37:06,219 [pool-217-thread-1] INFO  server.RaftServerConfigKeys (ConfUtils.java:logGet(43)) - raft.server.rpc.timeout.max = 1200ms (custom)
2019-09-26 16:37:06,219 [pool-167-thread-1] INFO  server.RaftServerConfigKeys (ConfUtils.java:logGet(43)) - raft.server.log.appender.install.snapshot.enabled = false (custom)
2019-09-26 16:37:06,220 [pool-217-thread-1] INFO  server.RaftServerConfigKeys (ConfUtils.java:logGet(43)) - raft.server.rpcslowness.timeout = 120s (custom)
2019-09-26 16:37:06,220 [pool-167-thread-1] INFO  impl.RaftServerImpl (ServerState.java:<init>(103)) - 96614e23-b56d-471a-9cd7-6076bc1c8933@group-D3771522134E: ConfigurationManager, init=-1: [23db1bd7-0ec3-4d63-b495-756f3d5b5fb7:192.168.157.234:37353, 96614e23-b56d-471a-9cd7-6076bc1c8933:192.168.157.234:36122, dc4ec581-df22-4026-9c78-08ca65e450b7:192.168.157.234:35995], old=null, confs=<EMPTY_MAP>
2019-09-26 16:37:06,220 [pool-217-thread-1] INFO  server.RaftServerConfigKeys (ConfUtils.java:logGet(43)) - raft.server.sleep.deviation.threshold = 300 (default)
2019-09-26 16:37:06,220 [pool-167-thread-1] INFO  server.RaftServerConfigKeys (ConfUtils.java:logGet(43)) - raft.server.storage.dir = [/workdir/hadoop-ozone/integration-test/target/test-dir/MiniOzoneClusterImpl-521d4657-8b90-42e2-88d0-1dd80c8159cc/datanode-2/data/ratis] (custom)
2019-09-26 16:37:06,220 [pool-217-thread-1] INFO  server.RaftServerConfigKeys (ConfUtils.java:logGet(43)) - raft.server.log.appender.install.snapshot.enabled = false (custom)
2019-09-26 16:37:06,220 [pool-217-thread-1] INFO  impl.RaftServerImpl (ServerState.java:<init>(103)) - 23db1bd7-0ec3-4d63-b495-756f3d5b5fb7@group-D3771522134E: ConfigurationManager, init=-1: [23db1bd7-0ec3-4d63-b495-756f3d5b5fb7:192.168.157.234:37353, 96614e23-b56d-471a-9cd7-6076bc1c8933:192.168.157.234:36122, dc4ec581-df22-4026-9c78-08ca65e450b7:192.168.157.234:35995], old=null, confs=<EMPTY_MAP>
2019-09-26 16:37:06,221 [pool-167-thread-1] INFO  storage.RaftStorageDirectory (RaftStorageDirectory.java:analyzeStorage(246)) - The storage directory /workdir/hadoop-ozone/integration-test/target/test-dir/MiniOzoneClusterImpl-521d4657-8b90-42e2-88d0-1dd80c8159cc/datanode-2/data/ratis/fcb0968e-06a6-4ee1-879f-d3771522134e does not exist. Creating ...
2019-09-26 16:37:06,221 [pool-217-thread-1] INFO  server.RaftServerConfigKeys (ConfUtils.java:logGet(43)) - raft.server.storage.dir = [/workdir/hadoop-ozone/integration-test/target/test-dir/MiniOzoneClusterImpl-521d4657-8b90-42e2-88d0-1dd80c8159cc/datanode-7/data/ratis] (custom)
2019-09-26 16:37:06,221 [pool-217-thread-1] INFO  storage.RaftStorageDirectory (RaftStorageDirectory.java:analyzeStorage(246)) - The storage directory /workdir/hadoop-ozone/integration-test/target/test-dir/MiniOzoneClusterImpl-521d4657-8b90-42e2-88d0-1dd80c8159cc/datanode-7/data/ratis/fcb0968e-06a6-4ee1-879f-d3771522134e does not exist. Creating ...
2019-09-26 16:37:06,233 [pool-167-thread-1] INFO  storage.RaftStorageDirectory (RaftStorageDirectory.java:tryLock(328)) - Lock on /workdir/hadoop-ozone/integration-test/target/test-dir/MiniOzoneClusterImpl-521d4657-8b90-42e2-88d0-1dd80c8159cc/datanode-2/data/ratis/fcb0968e-06a6-4ee1-879f-d3771522134e/in_use.lock acquired by nodename 16662@pr-hdds-2162-htzpk-1451759861
2019-09-26 16:37:06,233 [pool-217-thread-1] INFO  storage.RaftStorageDirectory (RaftStorageDirectory.java:tryLock(328)) - Lock on /workdir/hadoop-ozone/integration-test/target/test-dir/MiniOzoneClusterImpl-521d4657-8b90-42e2-88d0-1dd80c8159cc/datanode-7/data/ratis/fcb0968e-06a6-4ee1-879f-d3771522134e/in_use.lock acquired by nodename 16662@pr-hdds-2162-htzpk-1451759861
2019-09-26 16:37:06,233 [pool-177-thread-1] INFO  storage.RaftStorageDirectory (RaftStorageDirectory.java:tryLock(328)) - Lock on /workdir/hadoop-ozone/integration-test/target/test-dir/MiniOzoneClusterImpl-521d4657-8b90-42e2-88d0-1dd80c8159cc/datanode-3/data/ratis/fcb0968e-06a6-4ee1-879f-d3771522134e/in_use.lock acquired by nodename 16662@pr-hdds-2162-htzpk-1451759861
2019-09-26 16:37:06,246 [pool-167-thread-1] INFO  storage.RaftStorage (RaftStorage.java:format(72)) - Storage directory /workdir/hadoop-ozone/integration-test/target/test-dir/MiniOzoneClusterImpl-521d4657-8b90-42e2-88d0-1dd80c8159cc/datanode-2/data/ratis/fcb0968e-06a6-4ee1-879f-d3771522134e has been successfully formatted.
2019-09-26 16:37:06,246 [pool-177-thread-1] INFO  storage.RaftStorage (RaftStorage.java:format(72)) - Storage directory /workdir/hadoop-ozone/integration-test/target/test-dir/MiniOzoneClusterImpl-521d4657-8b90-42e2-88d0-1dd80c8159cc/datanode-3/data/ratis/fcb0968e-06a6-4ee1-879f-d3771522134e has been successfully formatted.
2019-09-26 16:37:06,246 [pool-217-thread-1] INFO  storage.RaftStorage (RaftStorage.java:format(72)) - Storage directory /workdir/hadoop-ozone/integration-test/target/test-dir/MiniOzoneClusterImpl-521d4657-8b90-42e2-88d0-1dd80c8159cc/datanode-7/data/ratis/fcb0968e-06a6-4ee1-879f-d3771522134e has been successfully formatted.
2019-09-26 16:37:06,247 [pool-177-thread-1] INFO  ratis.ContainerStateMachine (ContainerStateMachine.java:loadSnapshot(230)) - group-D3771522134E: The snapshot info is null. Setting the last applied indexto:(t:0, i:~)
2019-09-26 16:37:06,246 [pool-167-thread-1] INFO  ratis.ContainerStateMachine (ContainerStateMachine.java:loadSnapshot(230)) - group-D3771522134E: The snapshot info is null. Setting the last applied indexto:(t:0, i:~)
2019-09-26 16:37:06,247 [pool-177-thread-1] INFO  server.RaftServerConfigKeys (ConfUtils.java:logGet(43)) - raft.server.notification.no-leader.timeout = 120s (custom)
2019-09-26 16:37:06,247 [pool-167-thread-1] INFO  server.RaftServerConfigKeys (ConfUtils.java:logGet(43)) - raft.server.notification.no-leader.timeout = 120s (custom)
2019-09-26 16:37:06,247 [pool-177-thread-1] INFO  server.RaftServerConfigKeys (ConfUtils.java:logGet(43)) - raft.server.log.use.memory = false (default)
2019-09-26 16:37:06,247 [pool-167-thread-1] INFO  server.RaftServerConfigKeys (ConfUtils.java:logGet(43)) - raft.server.log.use.memory = false (default)
2019-09-26 16:37:06,248 [pool-217-thread-1] INFO  ratis.ContainerStateMachine (ContainerStateMachine.java:loadSnapshot(230)) - group-D3771522134E: The snapshot info is null. Setting the last applied indexto:(t:0, i:~)
2019-09-26 16:37:06,248 [pool-177-thread-1] INFO  server.RaftServerConfigKeys (ConfUtils.java:logGet(43)) - raft.server.log.purge.gap = 1000000 (custom)
2019-09-26 16:37:06,248 [pool-217-thread-1] INFO  server.RaftServerConfigKeys (ConfUtils.java:logGet(43)) - raft.server.notification.no-leader.timeout = 120s (custom)
2019-09-26 16:37:06,248 [pool-217-thread-1] INFO  server.RaftServerConfigKeys (ConfUtils.java:logGet(43)) - raft.server.log.use.memory = false (default)
2019-09-26 16:37:06,248 [pool-167-thread-1] INFO  server.RaftServerConfigKeys (ConfUtils.java:logGet(43)) - raft.server.log.purge.gap = 1000000 (custom)
2019-09-26 16:37:06,248 [pool-217-thread-1] INFO  server.RaftServerConfigKeys (ConfUtils.java:logGet(43)) - raft.server.log.purge.gap = 1000000 (custom)
2019-09-26 16:37:06,248 [pool-177-thread-1] INFO  server.RaftServerConfigKeys (ConfUtils.java:logGet(43)) - raft.server.log.appender.buffer.byte-limit = 33554432 (custom)
2019-09-26 16:37:06,249 [pool-217-thread-1] INFO  server.RaftServerConfigKeys (ConfUtils.java:logGet(43)) - raft.server.log.appender.buffer.byte-limit = 33554432 (custom)
2019-09-26 16:37:06,249 [pool-217-thread-1] INFO  server.RaftServerConfigKeys (ConfUtils.java:logGet(43)) - raft.server.log.segment.size.max = 1048576 (custom)
2019-09-26 16:37:06,249 [pool-167-thread-1] INFO  server.RaftServerConfigKeys (ConfUtils.java:logGet(43)) - raft.server.log.appender.buffer.byte-limit = 33554432 (custom)
2019-09-26 16:37:06,249 [pool-217-thread-1] INFO  server.RaftServerConfigKeys (ConfUtils.java:logGet(43)) - raft.server.log.segment.cache.num.max = 2 (custom)
2019-09-26 16:37:06,249 [pool-177-thread-1] INFO  server.RaftServerConfigKeys (ConfUtils.java:logGet(43)) - raft.server.log.segment.size.max = 1048576 (custom)
2019-09-26 16:37:06,250 [pool-217-thread-1] INFO  segmented.SegmentedRaftLogWorker (SegmentedRaftLogWorker.java:<init>(172)) - new 23db1bd7-0ec3-4d63-b495-756f3d5b5fb7@group-D3771522134E-SegmentedRaftLogWorker for RaftStorage:Storage Directory /workdir/hadoop-ozone/integration-test/target/test-dir/MiniOzoneClusterImpl-521d4657-8b90-42e2-88d0-1dd80c8159cc/datanode-7/data/ratis/fcb0968e-06a6-4ee1-879f-d3771522134e
2019-09-26 16:37:06,249 [pool-167-thread-1] INFO  server.RaftServerConfigKeys (ConfUtils.java:logGet(43)) - raft.server.log.segment.size.max = 1048576 (custom)
2019-09-26 16:37:06,250 [pool-217-thread-1] INFO  server.RaftServerConfigKeys (ConfUtils.java:logGet(43)) - raft.server.log.queue.byte-limit = 2147483647 (custom)
2019-09-26 16:37:06,250 [pool-217-thread-1] INFO  server.RaftServerConfigKeys (ConfUtils.java:logGet(43)) - raft.server.log.queue.element-limit = 1024 (custom)
2019-09-26 16:37:06,250 [pool-177-thread-1] INFO  server.RaftServerConfigKeys (ConfUtils.java:logGet(43)) - raft.server.log.segment.cache.num.max = 2 (custom)
2019-09-26 16:37:06,250 [pool-217-thread-1] INFO  server.RaftServerConfigKeys (ConfUtils.java:logGet(43)) - raft.server.log.segment.size.max = 1048576 (custom)
2019-09-26 16:37:06,250 [pool-167-thread-1] INFO  server.RaftServerConfigKeys (ConfUtils.java:logGet(43)) - raft.server.log.segment.cache.num.max = 2 (custom)
2019-09-26 16:37:06,251 [pool-217-thread-1] INFO  server.RaftServerConfigKeys (ConfUtils.java:logGet(43)) - raft.server.log.preallocated.size = 16384 (custom)
2019-09-26 16:37:06,251 [pool-217-thread-1] INFO  server.RaftServerConfigKeys (ConfUtils.java:logGet(43)) - raft.server.log.write.buffer.size = 33554432 (custom)
2019-09-26 16:37:06,251 [pool-177-thread-1] INFO  segmented.SegmentedRaftLogWorker (SegmentedRaftLogWorker.java:<init>(172)) - new dc4ec581-df22-4026-9c78-08ca65e450b7@group-D3771522134E-SegmentedRaftLogWorker for RaftStorage:Storage Directory /workdir/hadoop-ozone/integration-test/target/test-dir/MiniOzoneClusterImpl-521d4657-8b90-42e2-88d0-1dd80c8159cc/datanode-3/data/ratis/fcb0968e-06a6-4ee1-879f-d3771522134e
2019-09-26 16:37:06,251 [pool-217-thread-1] INFO  server.RaftServerConfigKeys (ConfUtils.java:logGet(43)) - raft.server.log.force.sync.num = 128 (default)
2019-09-26 16:37:06,251 [pool-167-thread-1] INFO  segmented.SegmentedRaftLogWorker (SegmentedRaftLogWorker.java:<init>(172)) - new 96614e23-b56d-471a-9cd7-6076bc1c8933@group-D3771522134E-SegmentedRaftLogWorker for RaftStorage:Storage Directory /workdir/hadoop-ozone/integration-test/target/test-dir/MiniOzoneClusterImpl-521d4657-8b90-42e2-88d0-1dd80c8159cc/datanode-2/data/ratis/fcb0968e-06a6-4ee1-879f-d3771522134e
2019-09-26 16:37:06,252 [pool-217-thread-1] INFO  server.RaftServerConfigKeys (ConfUtils.java:logGet(43)) - raft.server.log.statemachine.data.sync = true (default)
2019-09-26 16:37:06,252 [pool-177-thread-1] INFO  server.RaftServerConfigKeys (ConfUtils.java:logGet(43)) - raft.server.log.queue.byte-limit = 2147483647 (custom)
2019-09-26 16:37:06,252 [pool-217-thread-1] INFO  server.RaftServerConfigKeys (ConfUtils.java:logGet(43)) - raft.server.log.statemachine.data.sync.timeout = 10s (default)
2019-09-26 16:37:06,252 [pool-167-thread-1] INFO  server.RaftServerConfigKeys (ConfUtils.java:logGet(43)) - raft.server.log.queue.byte-limit = 2147483647 (custom)
2019-09-26 16:37:06,252 [pool-217-thread-1] INFO  server.RaftServerConfigKeys (ConfUtils.java:logGet(43)) - raft.server.log.statemachine.data.sync.timeout.retry = -1 (default)
2019-09-26 16:37:06,252 [pool-177-thread-1] INFO  server.RaftServerConfigKeys (ConfUtils.java:logGet(43)) - raft.server.log.queue.element-limit = 1024 (custom)
2019-09-26 16:37:06,253 [pool-217-thread-1] INFO  server.RaftServerConfigKeys (ConfUtils.java:logGet(43)) - raft.server.log.statemachine.data.caching.enabled = true (custom)
2019-09-26 16:37:06,252 [pool-167-thread-1] INFO  server.RaftServerConfigKeys (ConfUtils.java:logGet(43)) - raft.server.log.queue.element-limit = 1024 (custom)
2019-09-26 16:37:06,253 [pool-217-thread-1] INFO  segmented.SegmentedRaftLogWorker (SegmentedRaftLogWorker.java:lambda$new$0(132)) - 23db1bd7-0ec3-4d63-b495-756f3d5b5fb7@group-D3771522134E-SegmentedRaftLogWorker: flushIndex: setUnconditionally 0 -> -1
2019-09-26 16:37:06,253 [pool-177-thread-1] INFO  server.RaftServerConfigKeys (ConfUtils.java:logGet(43)) - raft.server.log.segment.size.max = 1048576 (custom)
2019-09-26 16:37:06,253 [pool-167-thread-1] INFO  server.RaftServerConfigKeys (ConfUtils.java:logGet(43)) - raft.server.log.segment.size.max = 1048576 (custom)
2019-09-26 16:37:06,254 [pool-177-thread-1] INFO  server.RaftServerConfigKeys (ConfUtils.java:logGet(43)) - raft.server.log.preallocated.size = 16384 (custom)
2019-09-26 16:37:06,254 [pool-217-thread-1] INFO  server.RaftServerConfigKeys (ConfUtils.java:logGet(43)) - raft.server.snapshot.auto.trigger.enabled = true (custom)
2019-09-26 16:37:06,254 [pool-217-thread-1] INFO  server.RaftServerConfigKeys (ConfUtils.java:logGet(43)) - raft.server.snapshot.auto.trigger.threshold = 10000 (custom)
2019-09-26 16:37:06,254 [pool-177-thread-1] INFO  server.RaftServerConfigKeys (ConfUtils.java:logGet(43)) - raft.server.log.write.buffer.size = 33554432 (custom)
2019-09-26 16:37:06,254 [pool-167-thread-1] INFO  server.RaftServerConfigKeys (ConfUtils.java:logGet(43)) - raft.server.log.preallocated.size = 16384 (custom)
2019-09-26 16:37:06,254 [pool-177-thread-1] INFO  server.RaftServerConfigKeys (ConfUtils.java:logGet(43)) - raft.server.log.force.sync.num = 128 (default)
2019-09-26 16:37:06,254 [pool-217-thread-1] INFO  server.RaftServerConfigKeys (ConfUtils.java:logGet(43)) - raft.server.snapshot.retention.num.files = 5 (custom)
2019-09-26 16:37:06,255 [pool-177-thread-1] INFO  server.RaftServerConfigKeys (ConfUtils.java:logGet(43)) - raft.server.log.statemachine.data.sync = true (default)
2019-09-26 16:37:06,255 [pool-177-thread-1] INFO  server.RaftServerConfigKeys (ConfUtils.java:logGet(43)) - raft.server.log.statemachine.data.sync.timeout = 10s (default)
2019-09-26 16:37:06,255 [pool-167-thread-1] INFO  server.RaftServerConfigKeys (ConfUtils.java:logGet(43)) - raft.server.log.write.buffer.size = 33554432 (custom)
2019-09-26 16:37:06,255 [pool-177-thread-1] INFO  server.RaftServerConfigKeys (ConfUtils.java:logGet(43)) - raft.server.log.statemachine.data.sync.timeout.retry = -1 (default)
2019-09-26 16:37:06,255 [pool-217-thread-1] INFO  server.RaftServerConfigKeys (ConfUtils.java:logGet(43)) - raft.server.retrycache.expirytime = 600000ms (custom)
2019-09-26 16:37:06,256 [pool-177-thread-1] INFO  server.RaftServerConfigKeys (ConfUtils.java:logGet(43)) - raft.server.log.statemachine.data.caching.enabled = true (custom)
2019-09-26 16:37:06,255 [pool-167-thread-1] INFO  server.RaftServerConfigKeys (ConfUtils.java:logGet(43)) - raft.server.log.force.sync.num = 128 (default)
2019-09-26 16:37:06,256 [pool-177-thread-1] INFO  segmented.SegmentedRaftLogWorker (SegmentedRaftLogWorker.java:lambda$new$0(132)) - dc4ec581-df22-4026-9c78-08ca65e450b7@group-D3771522134E-SegmentedRaftLogWorker: flushIndex: setUnconditionally 0 -> -1
2019-09-26 16:37:06,256 [pool-167-thread-1] INFO  server.RaftServerConfigKeys (ConfUtils.java:logGet(43)) - raft.server.log.statemachine.data.sync = true (default)
2019-09-26 16:37:06,256 [pool-177-thread-1] INFO  server.RaftServerConfigKeys (ConfUtils.java:logGet(43)) - raft.server.snapshot.auto.trigger.enabled = true (custom)
2019-09-26 16:37:06,256 [pool-167-thread-1] INFO  server.RaftServerConfigKeys (ConfUtils.java:logGet(43)) - raft.server.log.statemachine.data.sync.timeout = 10s (default)
2019-09-26 16:37:06,257 [pool-177-thread-1] INFO  server.RaftServerConfigKeys (ConfUtils.java:logGet(43)) - raft.server.snapshot.auto.trigger.threshold = 10000 (custom)
2019-09-26 16:37:06,257 [pool-167-thread-1] INFO  server.RaftServerConfigKeys (ConfUtils.java:logGet(43)) - raft.server.log.statemachine.data.sync.timeout.retry = -1 (default)
2019-09-26 16:37:06,257 [pool-177-thread-1] INFO  server.RaftServerConfigKeys (ConfUtils.java:logGet(43)) - raft.server.snapshot.retention.num.files = 5 (custom)
2019-09-26 16:37:06,257 [pool-167-thread-1] INFO  server.RaftServerConfigKeys (ConfUtils.java:logGet(43)) - raft.server.log.statemachine.data.caching.enabled = true (custom)
2019-09-26 16:37:06,257 [pool-177-thread-1] INFO  server.RaftServerConfigKeys (ConfUtils.java:logGet(43)) - raft.server.retrycache.expirytime = 600000ms (custom)
2019-09-26 16:37:06,258 [pool-167-thread-1] INFO  segmented.SegmentedRaftLogWorker (SegmentedRaftLogWorker.java:lambda$new$0(132)) - 96614e23-b56d-471a-9cd7-6076bc1c8933@group-D3771522134E-SegmentedRaftLogWorker: flushIndex: setUnconditionally 0 -> -1
2019-09-26 16:37:06,258 [pool-167-thread-1] INFO  server.RaftServerConfigKeys (ConfUtils.java:logGet(43)) - raft.server.snapshot.auto.trigger.enabled = true (custom)
2019-09-26 16:37:06,258 [pool-167-thread-1] INFO  server.RaftServerConfigKeys (ConfUtils.java:logGet(43)) - raft.server.snapshot.auto.trigger.threshold = 10000 (custom)
2019-09-26 16:37:06,258 [pool-167-thread-1] INFO  server.RaftServerConfigKeys (ConfUtils.java:logGet(43)) - raft.server.snapshot.retention.num.files = 5 (custom)
2019-09-26 16:37:06,258 [pool-217-thread-1] INFO  impl.RaftServerImpl (RaftServerImpl.java:start(185)) - 23db1bd7-0ec3-4d63-b495-756f3d5b5fb7@group-D3771522134E: start as a follower, conf=-1: [23db1bd7-0ec3-4d63-b495-756f3d5b5fb7:192.168.157.234:37353, 96614e23-b56d-471a-9cd7-6076bc1c8933:192.168.157.234:36122, dc4ec581-df22-4026-9c78-08ca65e450b7:192.168.157.234:35995], old=null
2019-09-26 16:37:06,258 [pool-167-thread-1] INFO  server.RaftServerConfigKeys (ConfUtils.java:logGet(43)) - raft.server.retrycache.expirytime = 600000ms (custom)
2019-09-26 16:37:06,259 [pool-217-thread-1] INFO  impl.RaftServerImpl (RaftServerImpl.java:setRole(174)) - 23db1bd7-0ec3-4d63-b495-756f3d5b5fb7@group-D3771522134E: changes role from      null to FOLLOWER at term 0 for startAsFollower
2019-09-26 16:37:06,259 [pool-217-thread-1] INFO  impl.RoleInfo (RoleInfo.java:updateAndGet(143)) - 23db1bd7-0ec3-4d63-b495-756f3d5b5fb7: start FollowerState
2019-09-26 16:37:06,259 [pool-217-thread-1] INFO  util.JmxRegister (JmxRegister.java:tryRegister(44)) - Successfully registered JMX Bean with object name Ratis:service=RaftServer,group=group-D3771522134E,id=23db1bd7-0ec3-4d63-b495-756f3d5b5fb7
2019-09-26 16:37:06,260 [pool-177-thread-1] INFO  impl.RaftServerImpl (RaftServerImpl.java:start(185)) - dc4ec581-df22-4026-9c78-08ca65e450b7@group-D3771522134E: start as a follower, conf=-1: [23db1bd7-0ec3-4d63-b495-756f3d5b5fb7:192.168.157.234:37353, 96614e23-b56d-471a-9cd7-6076bc1c8933:192.168.157.234:36122, dc4ec581-df22-4026-9c78-08ca65e450b7:192.168.157.234:35995], old=null
2019-09-26 16:37:06,260 [pool-177-thread-1] INFO  impl.RaftServerImpl (RaftServerImpl.java:setRole(174)) - dc4ec581-df22-4026-9c78-08ca65e450b7@group-D3771522134E: changes role from      null to FOLLOWER at term 0 for startAsFollower
2019-09-26 16:37:06,260 [pool-177-thread-1] INFO  impl.RoleInfo (RoleInfo.java:updateAndGet(143)) - dc4ec581-df22-4026-9c78-08ca65e450b7: start FollowerState
2019-09-26 16:37:06,265 [pool-177-thread-1] INFO  util.JmxRegister (JmxRegister.java:tryRegister(44)) - Successfully registered JMX Bean with object name Ratis:service=RaftServer,group=group-D3771522134E,id=dc4ec581-df22-4026-9c78-08ca65e450b7
2019-09-26 16:37:06,265 [pool-167-thread-1] INFO  impl.RaftServerImpl (RaftServerImpl.java:start(185)) - 96614e23-b56d-471a-9cd7-6076bc1c8933@group-D3771522134E: start as a follower, conf=-1: [23db1bd7-0ec3-4d63-b495-756f3d5b5fb7:192.168.157.234:37353, 96614e23-b56d-471a-9cd7-6076bc1c8933:192.168.157.234:36122, dc4ec581-df22-4026-9c78-08ca65e450b7:192.168.157.234:35995], old=null
2019-09-26 16:37:06,265 [pool-167-thread-1] INFO  impl.RaftServerImpl (RaftServerImpl.java:setRole(174)) - 96614e23-b56d-471a-9cd7-6076bc1c8933@group-D3771522134E: changes role from      null to FOLLOWER at term 0 for startAsFollower
2019-09-26 16:37:06,266 [pool-167-thread-1] INFO  impl.RoleInfo (RoleInfo.java:updateAndGet(143)) - 96614e23-b56d-471a-9cd7-6076bc1c8933: start FollowerState
2019-09-26 16:37:06,266 [pool-167-thread-1] INFO  util.JmxRegister (JmxRegister.java:tryRegister(44)) - Successfully registered JMX Bean with object name Ratis:service=RaftServer,group=group-D3771522134E,id=96614e23-b56d-471a-9cd7-6076bc1c8933
2019-09-26 16:37:06,275 [RatisPipelineUtilsThread] INFO  pipeline.PipelineStateManager (PipelineStateManager.java:addPipeline(56)) - Created pipeline Pipeline[ Id: fcb0968e-06a6-4ee1-879f-d3771522134e, Nodes: dc4ec581-df22-4026-9c78-08ca65e450b7{ip: 192.168.157.234, host: pr-hdds-2162-htzpk-1451759861, networkLocation: /rack1, certSerialId: null}23db1bd7-0ec3-4d63-b495-756f3d5b5fb7{ip: 192.168.157.234, host: pr-hdds-2162-htzpk-1451759861, networkLocation: /rack1, certSerialId: null}96614e23-b56d-471a-9cd7-6076bc1c8933{ip: 192.168.157.234, host: pr-hdds-2162-htzpk-1451759861, networkLocation: /rack1, certSerialId: null}, Type:RATIS, Factor:THREE, State:OPEN]
2019-09-26 16:37:06,542 [Thread-2173] INFO  impl.FollowerState (FollowerState.java:run(106)) - 178fa167-0d93-4985-b474-3911a0393fb5:group-25E34B4FF348 changes to CANDIDATE, lastRpcTime:1195, electionTimeout:1195ms
2019-09-26 16:37:06,542 [Thread-2173] INFO  impl.RoleInfo (RoleInfo.java:shutdownFollowerState(121)) - 178fa167-0d93-4985-b474-3911a0393fb5: shutdown FollowerState
2019-09-26 16:37:06,542 [Thread-2173] INFO  impl.RaftServerImpl (RaftServerImpl.java:setRole(174)) - 178fa167-0d93-4985-b474-3911a0393fb5@group-25E34B4FF348: changes role from  FOLLOWER to CANDIDATE at term 0 for changeToCandidate
2019-09-26 16:37:06,543 [Thread-2173] INFO  impl.RoleInfo (RoleInfo.java:updateAndGet(143)) - 178fa167-0d93-4985-b474-3911a0393fb5: start LeaderElection
2019-09-26 16:37:06,568 [Thread-2179] INFO  impl.FollowerState (FollowerState.java:run(106)) - 96614e23-b56d-471a-9cd7-6076bc1c8933:group-2FC4F15CA412 changes to CANDIDATE, lastRpcTime:1069, electionTimeout:1063ms
2019-09-26 16:37:06,571 [Thread-2176] INFO  impl.FollowerState (FollowerState.java:run(106)) - 7c636cf6-abb1-48a1-8471-c57ff8076954:group-3ACB32D12D23 changes to CANDIDATE, lastRpcTime:1131, electionTimeout:1130ms
2019-09-26 16:37:06,571 [Thread-2182] INFO  impl.FollowerState (FollowerState.java:run(106)) - dc4ec581-df22-4026-9c78-08ca65e450b7:group-F8EFB3E26B0F changes to CANDIDATE, lastRpcTime:1013, electionTimeout:1011ms
2019-09-26 16:37:06,571 [Thread-2176] INFO  impl.RoleInfo (RoleInfo.java:shutdownFollowerState(121)) - 7c636cf6-abb1-48a1-8471-c57ff8076954: shutdown FollowerState
2019-09-26 16:37:06,571 [Thread-2182] INFO  impl.RoleInfo (RoleInfo.java:shutdownFollowerState(121)) - dc4ec581-df22-4026-9c78-08ca65e450b7: shutdown FollowerState
2019-09-26 16:37:06,571 [Thread-2179] INFO  impl.RoleInfo (RoleInfo.java:shutdownFollowerState(121)) - 96614e23-b56d-471a-9cd7-6076bc1c8933: shutdown FollowerState
2019-09-26 16:37:06,571 [Thread-2182] INFO  impl.RaftServerImpl (RaftServerImpl.java:setRole(174)) - dc4ec581-df22-4026-9c78-08ca65e450b7@group-F8EFB3E26B0F: changes role from  FOLLOWER to CANDIDATE at term 0 for changeToCandidate
2019-09-26 16:37:06,571 [Thread-2176] INFO  impl.RaftServerImpl (RaftServerImpl.java:setRole(174)) - 7c636cf6-abb1-48a1-8471-c57ff8076954@group-3ACB32D12D23: changes role from  FOLLOWER to CANDIDATE at term 0 for changeToCandidate
2019-09-26 16:37:06,572 [Thread-2182] INFO  impl.RoleInfo (RoleInfo.java:updateAndGet(143)) - dc4ec581-df22-4026-9c78-08ca65e450b7: start LeaderElection
2019-09-26 16:37:06,571 [Thread-2179] INFO  impl.RaftServerImpl (RaftServerImpl.java:setRole(174)) - 96614e23-b56d-471a-9cd7-6076bc1c8933@group-2FC4F15CA412: changes role from  FOLLOWER to CANDIDATE at term 0 for changeToCandidate
2019-09-26 16:37:06,572 [Thread-2176] INFO  impl.RoleInfo (RoleInfo.java:updateAndGet(143)) - 7c636cf6-abb1-48a1-8471-c57ff8076954: start LeaderElection
2019-09-26 16:37:06,572 [Thread-2179] INFO  impl.RoleInfo (RoleInfo.java:updateAndGet(143)) - 96614e23-b56d-471a-9cd7-6076bc1c8933: start LeaderElection
2019-09-26 16:37:06,587 [178fa167-0d93-4985-b474-3911a0393fb5@group-25E34B4FF348:LeaderElection27] INFO  impl.LeaderElection (LeaderElection.java:askForVotes(182)) - 178fa167-0d93-4985-b474-3911a0393fb5@group-25E34B4FF348:LeaderElection27: begin an election at term 1 for -1: [178fa167-0d93-4985-b474-3911a0393fb5:192.168.157.234:36864], old=null
2019-09-26 16:37:06,587 [178fa167-0d93-4985-b474-3911a0393fb5@group-25E34B4FF348:LeaderElection27] INFO  impl.RoleInfo (RoleInfo.java:shutdownLeaderElection(134)) - 178fa167-0d93-4985-b474-3911a0393fb5: shutdown LeaderElection
2019-09-26 16:37:06,587 [178fa167-0d93-4985-b474-3911a0393fb5@group-25E34B4FF348:LeaderElection27] INFO  impl.RaftServerImpl (RaftServerImpl.java:setRole(174)) - 178fa167-0d93-4985-b474-3911a0393fb5@group-25E34B4FF348: changes role from CANDIDATE to LEADER at term 1 for changeToLeader
2019-09-26 16:37:06,587 [178fa167-0d93-4985-b474-3911a0393fb5@group-25E34B4FF348:LeaderElection27] INFO  impl.RaftServerImpl (ServerState.java:setLeader(253)) - 178fa167-0d93-4985-b474-3911a0393fb5@group-25E34B4FF348: change Leader from null to 178fa167-0d93-4985-b474-3911a0393fb5 at term 1 for becomeLeader, leader elected after 1251ms
2019-09-26 16:37:06,588 [178fa167-0d93-4985-b474-3911a0393fb5@group-25E34B4FF348:LeaderElection27] INFO  server.RaftServerConfigKeys (ConfUtils.java:logGet(43)) - raft.server.staging.catchup.gap = 1000 (default)
2019-09-26 16:37:06,588 [178fa167-0d93-4985-b474-3911a0393fb5@group-25E34B4FF348:LeaderElection27] INFO  server.RaftServerConfigKeys (ConfUtils.java:logGet(43)) - raft.server.rpc.sleep.time = 25ms (default)
2019-09-26 16:37:06,588 [178fa167-0d93-4985-b474-3911a0393fb5@group-25E34B4FF348:LeaderElection27] INFO  server.RaftServerConfigKeys (ConfUtils.java:logGet(43)) - raft.server.write.element-limit = 4096 (default)
2019-09-26 16:37:06,588 [178fa167-0d93-4985-b474-3911a0393fb5@group-25E34B4FF348:LeaderElection27] INFO  server.RaftServerConfigKeys (ConfUtils.java:logGet(43)) - raft.server.watch.timeout = 10s (default)
2019-09-26 16:37:06,588 [178fa167-0d93-4985-b474-3911a0393fb5@group-25E34B4FF348:LeaderElection27] INFO  server.RaftServerConfigKeys (ConfUtils.java:logGet(43)) - raft.server.watch.timeout.denomination = 1s (default)
2019-09-26 16:37:06,589 [178fa167-0d93-4985-b474-3911a0393fb5@group-25E34B4FF348:LeaderElection27] INFO  server.RaftServerConfigKeys (ConfUtils.java:logGet(43)) - raft.server.watch.element-limit = 65536 (default)
2019-09-26 16:37:06,591 [178fa167-0d93-4985-b474-3911a0393fb5@group-25E34B4FF348:LeaderElection27] INFO  impl.RoleInfo (RoleInfo.java:updateAndGet(143)) - 178fa167-0d93-4985-b474-3911a0393fb5: start LeaderState
2019-09-26 16:37:06,592 [178fa167-0d93-4985-b474-3911a0393fb5@group-25E34B4FF348:LeaderElection27] INFO  segmented.SegmentedRaftLogWorker (SegmentedRaftLogWorker.java:startLogSegment(380)) - 178fa167-0d93-4985-b474-3911a0393fb5@group-25E34B4FF348-SegmentedRaftLogWorker: Starting segment from index:0
2019-09-26 16:37:06,593 [178fa167-0d93-4985-b474-3911a0393fb5@group-25E34B4FF348:LeaderElection27] INFO  impl.RaftServerImpl (ServerState.java:setRaftConf(354)) - 178fa167-0d93-4985-b474-3911a0393fb5@group-25E34B4FF348: set configuration 0: [178fa167-0d93-4985-b474-3911a0393fb5:192.168.157.234:36864], old=null at 0
2019-09-26 16:37:06,636 [96614e23-b56d-471a-9cd7-6076bc1c8933@group-2FC4F15CA412:LeaderElection30] INFO  impl.LeaderElection (LeaderElection.java:askForVotes(182)) - 96614e23-b56d-471a-9cd7-6076bc1c8933@group-2FC4F15CA412:LeaderElection30: begin an election at term 1 for -1: [96614e23-b56d-471a-9cd7-6076bc1c8933:192.168.157.234:36122], old=null
2019-09-26 16:37:06,636 [7c636cf6-abb1-48a1-8471-c57ff8076954@group-3ACB32D12D23:LeaderElection29] INFO  impl.LeaderElection (LeaderElection.java:askForVotes(182)) - 7c636cf6-abb1-48a1-8471-c57ff8076954@group-3ACB32D12D23:LeaderElection29: begin an election at term 1 for -1: [7c636cf6-abb1-48a1-8471-c57ff8076954:192.168.157.234:40747], old=null
2019-09-26 16:37:06,636 [dc4ec581-df22-4026-9c78-08ca65e450b7@group-F8EFB3E26B0F:LeaderElection28] INFO  impl.LeaderElection (LeaderElection.java:askForVotes(182)) - dc4ec581-df22-4026-9c78-08ca65e450b7@group-F8EFB3E26B0F:LeaderElection28: begin an election at term 1 for -1: [dc4ec581-df22-4026-9c78-08ca65e450b7:192.168.157.234:35995], old=null
2019-09-26 16:37:06,636 [7c636cf6-abb1-48a1-8471-c57ff8076954@group-3ACB32D12D23:LeaderElection29] INFO  impl.RoleInfo (RoleInfo.java:shutdownLeaderElection(134)) - 7c636cf6-abb1-48a1-8471-c57ff8076954: shutdown LeaderElection
2019-09-26 16:37:06,636 [96614e23-b56d-471a-9cd7-6076bc1c8933@group-2FC4F15CA412:LeaderElection30] INFO  impl.RoleInfo (RoleInfo.java:shutdownLeaderElection(134)) - 96614e23-b56d-471a-9cd7-6076bc1c8933: shutdown LeaderElection
2019-09-26 16:37:06,637 [7c636cf6-abb1-48a1-8471-c57ff8076954@group-3ACB32D12D23:LeaderElection29] INFO  impl.RaftServerImpl (RaftServerImpl.java:setRole(174)) - 7c636cf6-abb1-48a1-8471-c57ff8076954@group-3ACB32D12D23: changes role from CANDIDATE to LEADER at term 1 for changeToLeader
2019-09-26 16:37:06,636 [dc4ec581-df22-4026-9c78-08ca65e450b7@group-F8EFB3E26B0F:LeaderElection28] INFO  impl.RoleInfo (RoleInfo.java:shutdownLeaderElection(134)) - dc4ec581-df22-4026-9c78-08ca65e450b7: shutdown LeaderElection
2019-09-26 16:37:06,637 [7c636cf6-abb1-48a1-8471-c57ff8076954@group-3ACB32D12D23:LeaderElection29] INFO  impl.RaftServerImpl (ServerState.java:setLeader(253)) - 7c636cf6-abb1-48a1-8471-c57ff8076954@group-3ACB32D12D23: change Leader from null to 7c636cf6-abb1-48a1-8471-c57ff8076954 at term 1 for becomeLeader, leader elected after 1208ms
2019-09-26 16:37:06,637 [dc4ec581-df22-4026-9c78-08ca65e450b7@group-F8EFB3E26B0F:LeaderElection28] INFO  impl.RaftServerImpl (RaftServerImpl.java:setRole(174)) - dc4ec581-df22-4026-9c78-08ca65e450b7@group-F8EFB3E26B0F: changes role from CANDIDATE to LEADER at term 1 for changeToLeader
2019-09-26 16:37:06,637 [96614e23-b56d-471a-9cd7-6076bc1c8933@group-2FC4F15CA412:LeaderElection30] INFO  impl.RaftServerImpl (RaftServerImpl.java:setRole(174)) - 96614e23-b56d-471a-9cd7-6076bc1c8933@group-2FC4F15CA412: changes role from CANDIDATE to LEADER at term 1 for changeToLeader
2019-09-26 16:37:06,637 [dc4ec581-df22-4026-9c78-08ca65e450b7@group-F8EFB3E26B0F:LeaderElection28] INFO  impl.RaftServerImpl (ServerState.java:setLeader(253)) - dc4ec581-df22-4026-9c78-08ca65e450b7@group-F8EFB3E26B0F: change Leader from null to dc4ec581-df22-4026-9c78-08ca65e450b7 at term 1 for becomeLeader, leader elected after 1090ms
2019-09-26 16:37:06,637 [7c636cf6-abb1-48a1-8471-c57ff8076954@group-3ACB32D12D23:LeaderElection29] INFO  server.RaftServerConfigKeys (ConfUtils.java:logGet(43)) - raft.server.staging.catchup.gap = 1000 (default)
2019-09-26 16:37:06,637 [dc4ec581-df22-4026-9c78-08ca65e450b7@group-F8EFB3E26B0F:LeaderElection28] INFO  server.RaftServerConfigKeys (ConfUtils.java:logGet(43)) - raft.server.staging.catchup.gap = 1000 (default)
2019-09-26 16:37:06,637 [96614e23-b56d-471a-9cd7-6076bc1c8933@group-2FC4F15CA412:LeaderElection30] INFO  impl.RaftServerImpl (ServerState.java:setLeader(253)) - 96614e23-b56d-471a-9cd7-6076bc1c8933@group-2FC4F15CA412: change Leader from null to 96614e23-b56d-471a-9cd7-6076bc1c8933 at term 1 for becomeLeader, leader elected after 1149ms
2019-09-26 16:37:06,637 [dc4ec581-df22-4026-9c78-08ca65e450b7@group-F8EFB3E26B0F:LeaderElection28] INFO  server.RaftServerConfigKeys (ConfUtils.java:logGet(43)) - raft.server.rpc.sleep.time = 25ms (default)
2019-09-26 16:37:06,637 [7c636cf6-abb1-48a1-8471-c57ff8076954@group-3ACB32D12D23:LeaderElection29] INFO  server.RaftServerConfigKeys (ConfUtils.java:logGet(43)) - raft.server.rpc.sleep.time = 25ms (default)
2019-09-26 16:37:06,638 [dc4ec581-df22-4026-9c78-08ca65e450b7@group-F8EFB3E26B0F:LeaderElection28] INFO  server.RaftServerConfigKeys (ConfUtils.java:logGet(43)) - raft.server.write.element-limit = 4096 (default)
2019-09-26 16:37:06,638 [96614e23-b56d-471a-9cd7-6076bc1c8933@group-2FC4F15CA412:LeaderElection30] INFO  server.RaftServerConfigKeys (ConfUtils.java:logGet(43)) - raft.server.staging.catchup.gap = 1000 (default)
2019-09-26 16:37:06,638 [dc4ec581-df22-4026-9c78-08ca65e450b7@group-F8EFB3E26B0F:LeaderElection28] INFO  server.RaftServerConfigKeys (ConfUtils.java:logGet(43)) - raft.server.watch.timeout = 10s (default)
2019-09-26 16:37:06,638 [7c636cf6-abb1-48a1-8471-c57ff8076954@group-3ACB32D12D23:LeaderElection29] INFO  server.RaftServerConfigKeys (ConfUtils.java:logGet(43)) - raft.server.write.element-limit = 4096 (default)
2019-09-26 16:37:06,638 [dc4ec581-df22-4026-9c78-08ca65e450b7@group-F8EFB3E26B0F:LeaderElection28] INFO  server.RaftServerConfigKeys (ConfUtils.java:logGet(43)) - raft.server.watch.timeout.denomination = 1s (default)
2019-09-26 16:37:06,638 [96614e23-b56d-471a-9cd7-6076bc1c8933@group-2FC4F15CA412:LeaderElection30] INFO  server.RaftServerConfigKeys (ConfUtils.java:logGet(43)) - raft.server.rpc.sleep.time = 25ms (default)
2019-09-26 16:37:06,639 [dc4ec581-df22-4026-9c78-08ca65e450b7@group-F8EFB3E26B0F:LeaderElection28] INFO  server.RaftServerConfigKeys (ConfUtils.java:logGet(43)) - raft.server.watch.element-limit = 65536 (default)
2019-09-26 16:37:06,638 [7c636cf6-abb1-48a1-8471-c57ff8076954@group-3ACB32D12D23:LeaderElection29] INFO  server.RaftServerConfigKeys (ConfUtils.java:logGet(43)) - raft.server.watch.timeout = 10s (default)
2019-09-26 16:37:06,639 [96614e23-b56d-471a-9cd7-6076bc1c8933@group-2FC4F15CA412:LeaderElection30] INFO  server.RaftServerConfigKeys (ConfUtils.java:logGet(43)) - raft.server.write.element-limit = 4096 (default)
2019-09-26 16:37:06,639 [7c636cf6-abb1-48a1-8471-c57ff8076954@group-3ACB32D12D23:LeaderElection29] INFO  server.RaftServerConfigKeys (ConfUtils.java:logGet(43)) - raft.server.watch.timeout.denomination = 1s (default)
2019-09-26 16:37:06,639 [96614e23-b56d-471a-9cd7-6076bc1c8933@group-2FC4F15CA412:LeaderElection30] INFO  server.RaftServerConfigKeys (ConfUtils.java:logGet(43)) - raft.server.watch.timeout = 10s (default)
2019-09-26 16:37:06,639 [7c636cf6-abb1-48a1-8471-c57ff8076954@group-3ACB32D12D23:LeaderElection29] INFO  server.RaftServerConfigKeys (ConfUtils.java:logGet(43)) - raft.server.watch.element-limit = 65536 (default)
2019-09-26 16:37:06,639 [96614e23-b56d-471a-9cd7-6076bc1c8933@group-2FC4F15CA412:LeaderElection30] INFO  server.RaftServerConfigKeys (ConfUtils.java:logGet(43)) - raft.server.watch.timeout.denomination = 1s (default)
2019-09-26 16:37:06,640 [96614e23-b56d-471a-9cd7-6076bc1c8933@group-2FC4F15CA412:LeaderElection30] INFO  server.RaftServerConfigKeys (ConfUtils.java:logGet(43)) - raft.server.watch.element-limit = 65536 (default)
2019-09-26 16:37:06,644 [dc4ec581-df22-4026-9c78-08ca65e450b7@group-F8EFB3E26B0F:LeaderElection28] INFO  impl.RoleInfo (RoleInfo.java:updateAndGet(143)) - dc4ec581-df22-4026-9c78-08ca65e450b7: start LeaderState
2019-09-26 16:37:06,644 [7c636cf6-abb1-48a1-8471-c57ff8076954@group-3ACB32D12D23:LeaderElection29] INFO  impl.RoleInfo (RoleInfo.java:updateAndGet(143)) - 7c636cf6-abb1-48a1-8471-c57ff8076954: start LeaderState
2019-09-26 16:37:06,644 [dc4ec581-df22-4026-9c78-08ca65e450b7@group-F8EFB3E26B0F:LeaderElection28] INFO  segmented.SegmentedRaftLogWorker (SegmentedRaftLogWorker.java:startLogSegment(380)) - dc4ec581-df22-4026-9c78-08ca65e450b7@group-F8EFB3E26B0F-SegmentedRaftLogWorker: Starting segment from index:0
2019-09-26 16:37:06,644 [7c636cf6-abb1-48a1-8471-c57ff8076954@group-3ACB32D12D23:LeaderElection29] INFO  segmented.SegmentedRaftLogWorker (SegmentedRaftLogWorker.java:startLogSegment(380)) - 7c636cf6-abb1-48a1-8471-c57ff8076954@group-3ACB32D12D23-SegmentedRaftLogWorker: Starting segment from index:0
2019-09-26 16:37:06,645 [96614e23-b56d-471a-9cd7-6076bc1c8933@group-2FC4F15CA412:LeaderElection30] INFO  impl.RoleInfo (RoleInfo.java:updateAndGet(143)) - 96614e23-b56d-471a-9cd7-6076bc1c8933: start LeaderState
2019-09-26 16:37:06,645 [dc4ec581-df22-4026-9c78-08ca65e450b7@group-F8EFB3E26B0F:LeaderElection28] INFO  impl.RaftServerImpl (ServerState.java:setRaftConf(354)) - dc4ec581-df22-4026-9c78-08ca65e450b7@group-F8EFB3E26B0F: set configuration 0: [dc4ec581-df22-4026-9c78-08ca65e450b7:192.168.157.234:35995], old=null at 0
2019-09-26 16:37:06,645 [96614e23-b56d-471a-9cd7-6076bc1c8933@group-2FC4F15CA412:LeaderElection30] INFO  segmented.SegmentedRaftLogWorker (SegmentedRaftLogWorker.java:startLogSegment(380)) - 96614e23-b56d-471a-9cd7-6076bc1c8933@group-2FC4F15CA412-SegmentedRaftLogWorker: Starting segment from index:0
2019-09-26 16:37:06,648 [7c636cf6-abb1-48a1-8471-c57ff8076954@group-3ACB32D12D23:LeaderElection29] INFO  impl.RaftServerImpl (ServerState.java:setRaftConf(354)) - 7c636cf6-abb1-48a1-8471-c57ff8076954@group-3ACB32D12D23: set configuration 0: [7c636cf6-abb1-48a1-8471-c57ff8076954:192.168.157.234:40747], old=null at 0
2019-09-26 16:37:06,651 [178fa167-0d93-4985-b474-3911a0393fb5@group-25E34B4FF348-SegmentedRaftLogWorker] INFO  segmented.SegmentedRaftLogWorker (SegmentedRaftLogWorker.java:execute(569)) - 178fa167-0d93-4985-b474-3911a0393fb5@group-25E34B4FF348-SegmentedRaftLogWorker: created new log segment /workdir/hadoop-ozone/integration-test/target/test-dir/MiniOzoneClusterImpl-521d4657-8b90-42e2-88d0-1dd80c8159cc/datanode-0/data/ratis/8d25dfee-118c-4b6f-ab57-25e34b4ff348/current/log_inprogress_0
2019-09-26 16:37:06,652 [96614e23-b56d-471a-9cd7-6076bc1c8933@group-2FC4F15CA412:LeaderElection30] INFO  impl.RaftServerImpl (ServerState.java:setRaftConf(354)) - 96614e23-b56d-471a-9cd7-6076bc1c8933@group-2FC4F15CA412: set configuration 0: [96614e23-b56d-471a-9cd7-6076bc1c8933:192.168.157.234:36122], old=null at 0
2019-09-26 16:37:06,711 [96614e23-b56d-471a-9cd7-6076bc1c8933@group-2FC4F15CA412-SegmentedRaftLogWorker] INFO  segmented.SegmentedRaftLogWorker (SegmentedRaftLogWorker.java:execute(569)) - 96614e23-b56d-471a-9cd7-6076bc1c8933@group-2FC4F15CA412-SegmentedRaftLogWorker: created new log segment /workdir/hadoop-ozone/integration-test/target/test-dir/MiniOzoneClusterImpl-521d4657-8b90-42e2-88d0-1dd80c8159cc/datanode-2/data/ratis/33dd3f8d-9c42-489d-8385-2fc4f15ca412/current/log_inprogress_0
2019-09-26 16:37:06,711 [dc4ec581-df22-4026-9c78-08ca65e450b7@group-F8EFB3E26B0F-SegmentedRaftLogWorker] INFO  segmented.SegmentedRaftLogWorker (SegmentedRaftLogWorker.java:execute(569)) - dc4ec581-df22-4026-9c78-08ca65e450b7@group-F8EFB3E26B0F-SegmentedRaftLogWorker: created new log segment /workdir/hadoop-ozone/integration-test/target/test-dir/MiniOzoneClusterImpl-521d4657-8b90-42e2-88d0-1dd80c8159cc/datanode-3/data/ratis/e05030df-e88c-4bd1-a5a9-f8efb3e26b0f/current/log_inprogress_0
2019-09-26 16:37:06,723 [7c636cf6-abb1-48a1-8471-c57ff8076954@group-3ACB32D12D23-SegmentedRaftLogWorker] INFO  segmented.SegmentedRaftLogWorker (SegmentedRaftLogWorker.java:execute(569)) - 7c636cf6-abb1-48a1-8471-c57ff8076954@group-3ACB32D12D23-SegmentedRaftLogWorker: created new log segment /workdir/hadoop-ozone/integration-test/target/test-dir/MiniOzoneClusterImpl-521d4657-8b90-42e2-88d0-1dd80c8159cc/datanode-1/data/ratis/94a57fc6-7d55-48cb-9c16-3acb32d12d23/current/log_inprogress_0
2019-09-26 16:37:06,778 [Thread-2185] INFO  impl.FollowerState (FollowerState.java:run(106)) - 45094064-c3fb-4870-9766-7d97e0e9250d:group-8912707491BF changes to CANDIDATE, lastRpcTime:1148, electionTimeout:1148ms
2019-09-26 16:37:06,779 [Thread-2185] INFO  impl.RoleInfo (RoleInfo.java:shutdownFollowerState(121)) - 45094064-c3fb-4870-9766-7d97e0e9250d: shutdown FollowerState
2019-09-26 16:37:06,779 [Thread-2185] INFO  impl.RaftServerImpl (RaftServerImpl.java:setRole(174)) - 45094064-c3fb-4870-9766-7d97e0e9250d@group-8912707491BF: changes role from  FOLLOWER to CANDIDATE at term 0 for changeToCandidate
2019-09-26 16:37:06,779 [Thread-2185] INFO  impl.RoleInfo (RoleInfo.java:updateAndGet(143)) - 45094064-c3fb-4870-9766-7d97e0e9250d: start LeaderElection
2019-09-26 16:37:06,817 [45094064-c3fb-4870-9766-7d97e0e9250d@group-8912707491BF:LeaderElection31] INFO  impl.LeaderElection (LeaderElection.java:askForVotes(182)) - 45094064-c3fb-4870-9766-7d97e0e9250d@group-8912707491BF:LeaderElection31: begin an election at term 1 for -1: [45094064-c3fb-4870-9766-7d97e0e9250d:192.168.157.234:36035], old=null
2019-09-26 16:37:06,817 [45094064-c3fb-4870-9766-7d97e0e9250d@group-8912707491BF:LeaderElection31] INFO  impl.RoleInfo (RoleInfo.java:shutdownLeaderElection(134)) - 45094064-c3fb-4870-9766-7d97e0e9250d: shutdown LeaderElection
2019-09-26 16:37:06,818 [45094064-c3fb-4870-9766-7d97e0e9250d@group-8912707491BF:LeaderElection31] INFO  impl.RaftServerImpl (RaftServerImpl.java:setRole(174)) - 45094064-c3fb-4870-9766-7d97e0e9250d@group-8912707491BF: changes role from CANDIDATE to LEADER at term 1 for changeToLeader
2019-09-26 16:37:06,818 [45094064-c3fb-4870-9766-7d97e0e9250d@group-8912707491BF:LeaderElection31] INFO  impl.RaftServerImpl (ServerState.java:setLeader(253)) - 45094064-c3fb-4870-9766-7d97e0e9250d@group-8912707491BF: change Leader from null to 45094064-c3fb-4870-9766-7d97e0e9250d at term 1 for becomeLeader, leader elected after 1196ms
2019-09-26 16:37:06,818 [Thread-2188] INFO  impl.FollowerState (FollowerState.java:run(106)) - 54f991d6-dc71-460d-82bf-0c4295aeca21:group-E9899D02D7E4 changes to CANDIDATE, lastRpcTime:1118, electionTimeout:1118ms
2019-09-26 16:37:06,818 [45094064-c3fb-4870-9766-7d97e0e9250d@group-8912707491BF:LeaderElection31] INFO  server.RaftServerConfigKeys (ConfUtils.java:logGet(43)) - raft.server.staging.catchup.gap = 1000 (default)
2019-09-26 16:37:06,818 [Thread-2188] INFO  impl.RoleInfo (RoleInfo.java:shutdownFollowerState(121)) - 54f991d6-dc71-460d-82bf-0c4295aeca21: shutdown FollowerState
2019-09-26 16:37:06,818 [45094064-c3fb-4870-9766-7d97e0e9250d@group-8912707491BF:LeaderElection31] INFO  server.RaftServerConfigKeys (ConfUtils.java:logGet(43)) - raft.server.rpc.sleep.time = 25ms (default)
2019-09-26 16:37:06,818 [Thread-2188] INFO  impl.RaftServerImpl (RaftServerImpl.java:setRole(174)) - 54f991d6-dc71-460d-82bf-0c4295aeca21@group-E9899D02D7E4: changes role from  FOLLOWER to CANDIDATE at term 0 for changeToCandidate
2019-09-26 16:37:06,819 [45094064-c3fb-4870-9766-7d97e0e9250d@group-8912707491BF:LeaderElection31] INFO  server.RaftServerConfigKeys (ConfUtils.java:logGet(43)) - raft.server.write.element-limit = 4096 (default)
2019-09-26 16:37:06,819 [Thread-2188] INFO  impl.RoleInfo (RoleInfo.java:updateAndGet(143)) - 54f991d6-dc71-460d-82bf-0c4295aeca21: start LeaderElection
2019-09-26 16:37:06,819 [45094064-c3fb-4870-9766-7d97e0e9250d@group-8912707491BF:LeaderElection31] INFO  server.RaftServerConfigKeys (ConfUtils.java:logGet(43)) - raft.server.watch.timeout = 10s (default)
2019-09-26 16:37:06,819 [45094064-c3fb-4870-9766-7d97e0e9250d@group-8912707491BF:LeaderElection31] INFO  server.RaftServerConfigKeys (ConfUtils.java:logGet(43)) - raft.server.watch.timeout.denomination = 1s (default)
2019-09-26 16:37:06,819 [45094064-c3fb-4870-9766-7d97e0e9250d@group-8912707491BF:LeaderElection31] INFO  server.RaftServerConfigKeys (ConfUtils.java:logGet(43)) - raft.server.watch.element-limit = 65536 (default)
2019-09-26 16:37:06,826 [45094064-c3fb-4870-9766-7d97e0e9250d@group-8912707491BF:LeaderElection31] INFO  impl.RoleInfo (RoleInfo.java:updateAndGet(143)) - 45094064-c3fb-4870-9766-7d97e0e9250d: start LeaderState
2019-09-26 16:37:06,827 [45094064-c3fb-4870-9766-7d97e0e9250d@group-8912707491BF:LeaderElection31] INFO  segmented.SegmentedRaftLogWorker (SegmentedRaftLogWorker.java:startLogSegment(380)) - 45094064-c3fb-4870-9766-7d97e0e9250d@group-8912707491BF-SegmentedRaftLogWorker: Starting segment from index:0
2019-09-26 16:37:06,827 [45094064-c3fb-4870-9766-7d97e0e9250d@group-8912707491BF:LeaderElection31] INFO  impl.RaftServerImpl (ServerState.java:setRaftConf(354)) - 45094064-c3fb-4870-9766-7d97e0e9250d@group-8912707491BF: set configuration 0: [45094064-c3fb-4870-9766-7d97e0e9250d:192.168.157.234:36035], old=null at 0
2019-09-26 16:37:06,867 [54f991d6-dc71-460d-82bf-0c4295aeca21@group-E9899D02D7E4:LeaderElection32] INFO  impl.LeaderElection (LeaderElection.java:askForVotes(182)) - 54f991d6-dc71-460d-82bf-0c4295aeca21@group-E9899D02D7E4:LeaderElection32: begin an election at term 1 for -1: [54f991d6-dc71-460d-82bf-0c4295aeca21:192.168.157.234:39635], old=null
2019-09-26 16:37:06,867 [54f991d6-dc71-460d-82bf-0c4295aeca21@group-E9899D02D7E4:LeaderElection32] INFO  impl.RoleInfo (RoleInfo.java:shutdownLeaderElection(134)) - 54f991d6-dc71-460d-82bf-0c4295aeca21: shutdown LeaderElection
2019-09-26 16:37:06,867 [54f991d6-dc71-460d-82bf-0c4295aeca21@group-E9899D02D7E4:LeaderElection32] INFO  impl.RaftServerImpl (RaftServerImpl.java:setRole(174)) - 54f991d6-dc71-460d-82bf-0c4295aeca21@group-E9899D02D7E4: changes role from CANDIDATE to LEADER at term 1 for changeToLeader
2019-09-26 16:37:06,868 [54f991d6-dc71-460d-82bf-0c4295aeca21@group-E9899D02D7E4:LeaderElection32] INFO  impl.RaftServerImpl (ServerState.java:setLeader(253)) - 54f991d6-dc71-460d-82bf-0c4295aeca21@group-E9899D02D7E4: change Leader from null to 54f991d6-dc71-460d-82bf-0c4295aeca21 at term 1 for becomeLeader, leader elected after 1179ms
2019-09-26 16:37:06,868 [54f991d6-dc71-460d-82bf-0c4295aeca21@group-E9899D02D7E4:LeaderElection32] INFO  server.RaftServerConfigKeys (ConfUtils.java:logGet(43)) - raft.server.staging.catchup.gap = 1000 (default)
2019-09-26 16:37:06,868 [54f991d6-dc71-460d-82bf-0c4295aeca21@group-E9899D02D7E4:LeaderElection32] INFO  server.RaftServerConfigKeys (ConfUtils.java:logGet(43)) - raft.server.rpc.sleep.time = 25ms (default)
2019-09-26 16:37:06,868 [54f991d6-dc71-460d-82bf-0c4295aeca21@group-E9899D02D7E4:LeaderElection32] INFO  server.RaftServerConfigKeys (ConfUtils.java:logGet(43)) - raft.server.write.element-limit = 4096 (default)
2019-09-26 16:37:06,868 [54f991d6-dc71-460d-82bf-0c4295aeca21@group-E9899D02D7E4:LeaderElection32] INFO  server.RaftServerConfigKeys (ConfUtils.java:logGet(43)) - raft.server.watch.timeout = 10s (default)
2019-09-26 16:37:06,868 [54f991d6-dc71-460d-82bf-0c4295aeca21@group-E9899D02D7E4:LeaderElection32] INFO  server.RaftServerConfigKeys (ConfUtils.java:logGet(43)) - raft.server.watch.timeout.denomination = 1s (default)
2019-09-26 16:37:06,868 [54f991d6-dc71-460d-82bf-0c4295aeca21@group-E9899D02D7E4:LeaderElection32] INFO  server.RaftServerConfigKeys (ConfUtils.java:logGet(43)) - raft.server.watch.element-limit = 65536 (default)
2019-09-26 16:37:06,871 [54f991d6-dc71-460d-82bf-0c4295aeca21@group-E9899D02D7E4:LeaderElection32] INFO  impl.RoleInfo (RoleInfo.java:updateAndGet(143)) - 54f991d6-dc71-460d-82bf-0c4295aeca21: start LeaderState
2019-09-26 16:37:06,871 [54f991d6-dc71-460d-82bf-0c4295aeca21@group-E9899D02D7E4:LeaderElection32] INFO  segmented.SegmentedRaftLogWorker (SegmentedRaftLogWorker.java:startLogSegment(380)) - 54f991d6-dc71-460d-82bf-0c4295aeca21@group-E9899D02D7E4-SegmentedRaftLogWorker: Starting segment from index:0
2019-09-26 16:37:06,872 [54f991d6-dc71-460d-82bf-0c4295aeca21@group-E9899D02D7E4:LeaderElection32] INFO  impl.RaftServerImpl (ServerState.java:setRaftConf(354)) - 54f991d6-dc71-460d-82bf-0c4295aeca21@group-E9899D02D7E4: set configuration 0: [54f991d6-dc71-460d-82bf-0c4295aeca21:192.168.157.234:39635], old=null at 0
2019-09-26 16:37:06,890 [45094064-c3fb-4870-9766-7d97e0e9250d@group-8912707491BF-SegmentedRaftLogWorker] INFO  segmented.SegmentedRaftLogWorker (SegmentedRaftLogWorker.java:execute(569)) - 45094064-c3fb-4870-9766-7d97e0e9250d@group-8912707491BF-SegmentedRaftLogWorker: created new log segment /workdir/hadoop-ozone/integration-test/target/test-dir/MiniOzoneClusterImpl-521d4657-8b90-42e2-88d0-1dd80c8159cc/datanode-4/data/ratis/b557a653-1b5e-43d1-b788-8912707491bf/current/log_inprogress_0
2019-09-26 16:37:06,899 [main] INFO  ozone.MiniOzoneClusterImpl (MiniOzoneClusterImpl.java:lambda$waitForClusterToBeReady$0(147)) - Cluster is ready. Got 10 of 10 DN Heartbeats.
2019-09-26 16:37:06,902 [54f991d6-dc71-460d-82bf-0c4295aeca21@group-E9899D02D7E4-SegmentedRaftLogWorker] INFO  segmented.SegmentedRaftLogWorker (SegmentedRaftLogWorker.java:execute(569)) - 54f991d6-dc71-460d-82bf-0c4295aeca21@group-E9899D02D7E4-SegmentedRaftLogWorker: created new log segment /workdir/hadoop-ozone/integration-test/target/test-dir/MiniOzoneClusterImpl-521d4657-8b90-42e2-88d0-1dd80c8159cc/datanode-5/data/ratis/f82361f3-b865-49b5-98c4-e9899d02d7e4/current/log_inprogress_0
2019-09-26 16:37:06,933 [Thread-2191] INFO  impl.FollowerState (FollowerState.java:run(106)) - 6e9598b6-9dc4-49c9-af23-0bbf4a4b345a:group-FDE276FE2FC3 changes to CANDIDATE, lastRpcTime:1162, electionTimeout:1162ms
2019-09-26 16:37:06,933 [Thread-2191] INFO  impl.RoleInfo (RoleInfo.java:shutdownFollowerState(121)) - 6e9598b6-9dc4-49c9-af23-0bbf4a4b345a: shutdown FollowerState
2019-09-26 16:37:06,933 [Thread-2191] INFO  impl.RaftServerImpl (RaftServerImpl.java:setRole(174)) - 6e9598b6-9dc4-49c9-af23-0bbf4a4b345a@group-FDE276FE2FC3: changes role from  FOLLOWER to CANDIDATE at term 0 for changeToCandidate
2019-09-26 16:37:06,933 [Thread-2191] INFO  impl.RoleInfo (RoleInfo.java:updateAndGet(143)) - 6e9598b6-9dc4-49c9-af23-0bbf4a4b345a: start LeaderElection
2019-09-26 16:37:06,961 [6e9598b6-9dc4-49c9-af23-0bbf4a4b345a@group-FDE276FE2FC3:LeaderElection33] INFO  impl.LeaderElection (LeaderElection.java:askForVotes(182)) - 6e9598b6-9dc4-49c9-af23-0bbf4a4b345a@group-FDE276FE2FC3:LeaderElection33: begin an election at term 1 for -1: [6e9598b6-9dc4-49c9-af23-0bbf4a4b345a:192.168.157.234:44157], old=null
2019-09-26 16:37:06,962 [6e9598b6-9dc4-49c9-af23-0bbf4a4b345a@group-FDE276FE2FC3:LeaderElection33] INFO  impl.RoleInfo (RoleInfo.java:shutdownLeaderElection(134)) - 6e9598b6-9dc4-49c9-af23-0bbf4a4b345a: shutdown LeaderElection
2019-09-26 16:37:06,962 [6e9598b6-9dc4-49c9-af23-0bbf4a4b345a@group-FDE276FE2FC3:LeaderElection33] INFO  impl.RaftServerImpl (RaftServerImpl.java:setRole(174)) - 6e9598b6-9dc4-49c9-af23-0bbf4a4b345a@group-FDE276FE2FC3: changes role from CANDIDATE to LEADER at term 1 for changeToLeader
2019-09-26 16:37:06,962 [6e9598b6-9dc4-49c9-af23-0bbf4a4b345a@group-FDE276FE2FC3:LeaderElection33] INFO  impl.RaftServerImpl (ServerState.java:setLeader(253)) - 6e9598b6-9dc4-49c9-af23-0bbf4a4b345a@group-FDE276FE2FC3: change Leader from null to 6e9598b6-9dc4-49c9-af23-0bbf4a4b345a at term 1 for becomeLeader, leader elected after 1200ms
2019-09-26 16:37:06,962 [6e9598b6-9dc4-49c9-af23-0bbf4a4b345a@group-FDE276FE2FC3:LeaderElection33] INFO  server.RaftServerConfigKeys (ConfUtils.java:logGet(43)) - raft.server.staging.catchup.gap = 1000 (default)
2019-09-26 16:37:06,963 [6e9598b6-9dc4-49c9-af23-0bbf4a4b345a@group-FDE276FE2FC3:LeaderElection33] INFO  server.RaftServerConfigKeys (ConfUtils.java:logGet(43)) - raft.server.rpc.sleep.time = 25ms (default)
2019-09-26 16:37:06,963 [6e9598b6-9dc4-49c9-af23-0bbf4a4b345a@group-FDE276FE2FC3:LeaderElection33] INFO  server.RaftServerConfigKeys (ConfUtils.java:logGet(43)) - raft.server.write.element-limit = 4096 (default)
2019-09-26 16:37:06,963 [6e9598b6-9dc4-49c9-af23-0bbf4a4b345a@group-FDE276FE2FC3:LeaderElection33] INFO  server.RaftServerConfigKeys (ConfUtils.java:logGet(43)) - raft.server.watch.timeout = 10s (default)
2019-09-26 16:37:06,964 [6e9598b6-9dc4-49c9-af23-0bbf4a4b345a@group-FDE276FE2FC3:LeaderElection33] INFO  server.RaftServerConfigKeys (ConfUtils.java:logGet(43)) - raft.server.watch.timeout.denomination = 1s (default)
2019-09-26 16:37:06,964 [6e9598b6-9dc4-49c9-af23-0bbf4a4b345a@group-FDE276FE2FC3:LeaderElection33] INFO  server.RaftServerConfigKeys (ConfUtils.java:logGet(43)) - raft.server.watch.element-limit = 65536 (default)
2019-09-26 16:37:06,969 [6e9598b6-9dc4-49c9-af23-0bbf4a4b345a@group-FDE276FE2FC3:LeaderElection33] INFO  impl.RoleInfo (RoleInfo.java:updateAndGet(143)) - 6e9598b6-9dc4-49c9-af23-0bbf4a4b345a: start LeaderState
2019-09-26 16:37:06,969 [6e9598b6-9dc4-49c9-af23-0bbf4a4b345a@group-FDE276FE2FC3:LeaderElection33] INFO  segmented.SegmentedRaftLogWorker (SegmentedRaftLogWorker.java:startLogSegment(380)) - 6e9598b6-9dc4-49c9-af23-0bbf4a4b345a@group-FDE276FE2FC3-SegmentedRaftLogWorker: Starting segment from index:0
2019-09-26 16:37:06,970 [6e9598b6-9dc4-49c9-af23-0bbf4a4b345a@group-FDE276FE2FC3:LeaderElection33] INFO  impl.RaftServerImpl (ServerState.java:setRaftConf(354)) - 6e9598b6-9dc4-49c9-af23-0bbf4a4b345a@group-FDE276FE2FC3: set configuration 0: [6e9598b6-9dc4-49c9-af23-0bbf4a4b345a:192.168.157.234:44157], old=null at 0
2019-09-26 16:37:07,005 [6e9598b6-9dc4-49c9-af23-0bbf4a4b345a@group-FDE276FE2FC3-SegmentedRaftLogWorker] INFO  segmented.SegmentedRaftLogWorker (SegmentedRaftLogWorker.java:execute(569)) - 6e9598b6-9dc4-49c9-af23-0bbf4a4b345a@group-FDE276FE2FC3-SegmentedRaftLogWorker: created new log segment /workdir/hadoop-ozone/integration-test/target/test-dir/MiniOzoneClusterImpl-521d4657-8b90-42e2-88d0-1dd80c8159cc/datanode-6/data/ratis/5a635cda-98c0-4d56-b94b-fde276fe2fc3/current/log_inprogress_0
2019-09-26 16:37:07,028 [Thread-2194] INFO  impl.FollowerState (FollowerState.java:run(106)) - 23db1bd7-0ec3-4d63-b495-756f3d5b5fb7:group-21439FDDBEEC changes to CANDIDATE, lastRpcTime:1195, electionTimeout:1195ms
2019-09-26 16:37:07,028 [Thread-2194] INFO  impl.RoleInfo (RoleInfo.java:shutdownFollowerState(121)) - 23db1bd7-0ec3-4d63-b495-756f3d5b5fb7: shutdown FollowerState
2019-09-26 16:37:07,028 [Thread-2194] INFO  impl.RaftServerImpl (RaftServerImpl.java:setRole(174)) - 23db1bd7-0ec3-4d63-b495-756f3d5b5fb7@group-21439FDDBEEC: changes role from  FOLLOWER to CANDIDATE at term 0 for changeToCandidate
2019-09-26 16:37:07,029 [Thread-2194] INFO  impl.RoleInfo (RoleInfo.java:updateAndGet(143)) - 23db1bd7-0ec3-4d63-b495-756f3d5b5fb7: start LeaderElection
2019-09-26 16:37:07,049 [23db1bd7-0ec3-4d63-b495-756f3d5b5fb7@group-21439FDDBEEC:LeaderElection34] INFO  impl.LeaderElection (LeaderElection.java:askForVotes(182)) - 23db1bd7-0ec3-4d63-b495-756f3d5b5fb7@group-21439FDDBEEC:LeaderElection34: begin an election at term 1 for -1: [23db1bd7-0ec3-4d63-b495-756f3d5b5fb7:192.168.157.234:37353], old=null
2019-09-26 16:37:07,049 [23db1bd7-0ec3-4d63-b495-756f3d5b5fb7@group-21439FDDBEEC:LeaderElection34] INFO  impl.RoleInfo (RoleInfo.java:shutdownLeaderElection(134)) - 23db1bd7-0ec3-4d63-b495-756f3d5b5fb7: shutdown LeaderElection
2019-09-26 16:37:07,049 [23db1bd7-0ec3-4d63-b495-756f3d5b5fb7@group-21439FDDBEEC:LeaderElection34] INFO  impl.RaftServerImpl (RaftServerImpl.java:setRole(174)) - 23db1bd7-0ec3-4d63-b495-756f3d5b5fb7@group-21439FDDBEEC: changes role from CANDIDATE to LEADER at term 1 for changeToLeader
2019-09-26 16:37:07,049 [23db1bd7-0ec3-4d63-b495-756f3d5b5fb7@group-21439FDDBEEC:LeaderElection34] INFO  impl.RaftServerImpl (ServerState.java:setLeader(253)) - 23db1bd7-0ec3-4d63-b495-756f3d5b5fb7@group-21439FDDBEEC: change Leader from null to 23db1bd7-0ec3-4d63-b495-756f3d5b5fb7 at term 1 for becomeLeader, leader elected after 1230ms
2019-09-26 16:37:07,049 [23db1bd7-0ec3-4d63-b495-756f3d5b5fb7@group-21439FDDBEEC:LeaderElection34] INFO  server.RaftServerConfigKeys (ConfUtils.java:logGet(43)) - raft.server.staging.catchup.gap = 1000 (default)
2019-09-26 16:37:07,049 [23db1bd7-0ec3-4d63-b495-756f3d5b5fb7@group-21439FDDBEEC:LeaderElection34] INFO  server.RaftServerConfigKeys (ConfUtils.java:logGet(43)) - raft.server.rpc.sleep.time = 25ms (default)
2019-09-26 16:37:07,050 [23db1bd7-0ec3-4d63-b495-756f3d5b5fb7@group-21439FDDBEEC:LeaderElection34] INFO  server.RaftServerConfigKeys (ConfUtils.java:logGet(43)) - raft.server.write.element-limit = 4096 (default)
2019-09-26 16:37:07,050 [23db1bd7-0ec3-4d63-b495-756f3d5b5fb7@group-21439FDDBEEC:LeaderElection34] INFO  server.RaftServerConfigKeys (ConfUtils.java:logGet(43)) - raft.server.watch.timeout = 10s (default)
2019-09-26 16:37:07,050 [23db1bd7-0ec3-4d63-b495-756f3d5b5fb7@group-21439FDDBEEC:LeaderElection34] INFO  server.RaftServerConfigKeys (ConfUtils.java:logGet(43)) - raft.server.watch.timeout.denomination = 1s (default)
2019-09-26 16:37:07,050 [23db1bd7-0ec3-4d63-b495-756f3d5b5fb7@group-21439FDDBEEC:LeaderElection34] INFO  server.RaftServerConfigKeys (ConfUtils.java:logGet(43)) - raft.server.watch.element-limit = 65536 (default)
2019-09-26 16:37:07,053 [23db1bd7-0ec3-4d63-b495-756f3d5b5fb7@group-21439FDDBEEC:LeaderElection34] INFO  impl.RoleInfo (RoleInfo.java:updateAndGet(143)) - 23db1bd7-0ec3-4d63-b495-756f3d5b5fb7: start LeaderState
2019-09-26 16:37:07,053 [23db1bd7-0ec3-4d63-b495-756f3d5b5fb7@group-21439FDDBEEC:LeaderElection34] INFO  segmented.SegmentedRaftLogWorker (SegmentedRaftLogWorker.java:startLogSegment(380)) - 23db1bd7-0ec3-4d63-b495-756f3d5b5fb7@group-21439FDDBEEC-SegmentedRaftLogWorker: Starting segment from index:0
2019-09-26 16:37:07,054 [23db1bd7-0ec3-4d63-b495-756f3d5b5fb7@group-21439FDDBEEC:LeaderElection34] INFO  impl.RaftServerImpl (ServerState.java:setRaftConf(354)) - 23db1bd7-0ec3-4d63-b495-756f3d5b5fb7@group-21439FDDBEEC: set configuration 0: [23db1bd7-0ec3-4d63-b495-756f3d5b5fb7:192.168.157.234:37353], old=null at 0
2019-09-26 16:37:07,088 [23db1bd7-0ec3-4d63-b495-756f3d5b5fb7@group-21439FDDBEEC-SegmentedRaftLogWorker] INFO  segmented.SegmentedRaftLogWorker (SegmentedRaftLogWorker.java:execute(569)) - 23db1bd7-0ec3-4d63-b495-756f3d5b5fb7@group-21439FDDBEEC-SegmentedRaftLogWorker: created new log segment /workdir/hadoop-ozone/integration-test/target/test-dir/MiniOzoneClusterImpl-521d4657-8b90-42e2-88d0-1dd80c8159cc/datanode-7/data/ratis/a648ec7b-504b-458a-b8f7-21439fddbeec/current/log_inprogress_0
2019-09-26 16:37:07,107 [Thread-2197] INFO  impl.FollowerState (FollowerState.java:run(106)) - aa5e70ed-1a32-47db-ba25-52c5f27f9508:group-C753424716C8 changes to CANDIDATE, lastRpcTime:1191, electionTimeout:1191ms
2019-09-26 16:37:07,107 [Thread-2197] INFO  impl.RoleInfo (RoleInfo.java:shutdownFollowerState(121)) - aa5e70ed-1a32-47db-ba25-52c5f27f9508: shutdown FollowerState
2019-09-26 16:37:07,108 [Thread-2197] INFO  impl.RaftServerImpl (RaftServerImpl.java:setRole(174)) - aa5e70ed-1a32-47db-ba25-52c5f27f9508@group-C753424716C8: changes role from  FOLLOWER to CANDIDATE at term 0 for changeToCandidate
2019-09-26 16:37:07,108 [Thread-2197] INFO  impl.RoleInfo (RoleInfo.java:updateAndGet(143)) - aa5e70ed-1a32-47db-ba25-52c5f27f9508: start LeaderElection
2019-09-26 16:37:07,123 [Thread-2200] INFO  impl.FollowerState (FollowerState.java:run(106)) - 941dd69d-21df-447a-8c50-e4c30322a245:group-DA28203267FB changes to CANDIDATE, lastRpcTime:1141, electionTimeout:1141ms
2019-09-26 16:37:07,123 [Thread-2200] INFO  impl.RoleInfo (RoleInfo.java:shutdownFollowerState(121)) - 941dd69d-21df-447a-8c50-e4c30322a245: shutdown FollowerState
2019-09-26 16:37:07,123 [Thread-2200] INFO  impl.RaftServerImpl (RaftServerImpl.java:setRole(174)) - 941dd69d-21df-447a-8c50-e4c30322a245@group-DA28203267FB: changes role from  FOLLOWER to CANDIDATE at term 0 for changeToCandidate
2019-09-26 16:37:07,123 [Thread-2200] INFO  impl.RoleInfo (RoleInfo.java:updateAndGet(143)) - 941dd69d-21df-447a-8c50-e4c30322a245: start LeaderElection
2019-09-26 16:37:07,131 [Thread-2205] INFO  impl.FollowerState (FollowerState.java:run(106)) - 45094064-c3fb-4870-9766-7d97e0e9250d:group-320CFA3398AE changes to CANDIDATE, lastRpcTime:1056, electionTimeout:1054ms
2019-09-26 16:37:07,131 [aa5e70ed-1a32-47db-ba25-52c5f27f9508@group-C753424716C8:LeaderElection35] INFO  impl.LeaderElection (LeaderElection.java:askForVotes(182)) - aa5e70ed-1a32-47db-ba25-52c5f27f9508@group-C753424716C8:LeaderElection35: begin an election at term 1 for -1: [aa5e70ed-1a32-47db-ba25-52c5f27f9508:192.168.157.234:40463], old=null
2019-09-26 16:37:07,131 [Thread-2205] INFO  impl.RoleInfo (RoleInfo.java:shutdownFollowerState(121)) - 45094064-c3fb-4870-9766-7d97e0e9250d: shutdown FollowerState
2019-09-26 16:37:07,131 [aa5e70ed-1a32-47db-ba25-52c5f27f9508@group-C753424716C8:LeaderElection35] INFO  impl.RoleInfo (RoleInfo.java:shutdownLeaderElection(134)) - aa5e70ed-1a32-47db-ba25-52c5f27f9508: shutdown LeaderElection
2019-09-26 16:37:07,131 [Thread-2205] INFO  impl.RaftServerImpl (RaftServerImpl.java:setRole(174)) - 45094064-c3fb-4870-9766-7d97e0e9250d@group-320CFA3398AE: changes role from  FOLLOWER to CANDIDATE at term 0 for changeToCandidate
2019-09-26 16:37:07,132 [aa5e70ed-1a32-47db-ba25-52c5f27f9508@group-C753424716C8:LeaderElection35] INFO  impl.RaftServerImpl (RaftServerImpl.java:setRole(174)) - aa5e70ed-1a32-47db-ba25-52c5f27f9508@group-C753424716C8: changes role from CANDIDATE to LEADER at term 1 for changeToLeader
2019-09-26 16:37:07,132 [Thread-2205] INFO  impl.RoleInfo (RoleInfo.java:updateAndGet(143)) - 45094064-c3fb-4870-9766-7d97e0e9250d: start LeaderElection
2019-09-26 16:37:07,132 [aa5e70ed-1a32-47db-ba25-52c5f27f9508@group-C753424716C8:LeaderElection35] INFO  impl.RaftServerImpl (ServerState.java:setLeader(253)) - aa5e70ed-1a32-47db-ba25-52c5f27f9508@group-C753424716C8: change Leader from null to aa5e70ed-1a32-47db-ba25-52c5f27f9508 at term 1 for becomeLeader, leader elected after 1223ms
2019-09-26 16:37:07,132 [aa5e70ed-1a32-47db-ba25-52c5f27f9508@group-C753424716C8:LeaderElection35] INFO  server.RaftServerConfigKeys (ConfUtils.java:logGet(43)) - raft.server.staging.catchup.gap = 1000 (default)
2019-09-26 16:37:07,151 [aa5e70ed-1a32-47db-ba25-52c5f27f9508@group-C753424716C8:LeaderElection35] INFO  server.RaftServerConfigKeys (ConfUtils.java:logGet(43)) - raft.server.rpc.sleep.time = 25ms (default)
2019-09-26 16:37:07,151 [aa5e70ed-1a32-47db-ba25-52c5f27f9508@group-C753424716C8:LeaderElection35] INFO  server.RaftServerConfigKeys (ConfUtils.java:logGet(43)) - raft.server.write.element-limit = 4096 (default)
2019-09-26 16:37:07,151 [aa5e70ed-1a32-47db-ba25-52c5f27f9508@group-C753424716C8:LeaderElection35] INFO  server.RaftServerConfigKeys (ConfUtils.java:logGet(43)) - raft.server.watch.timeout = 10s (default)
2019-09-26 16:37:07,151 [aa5e70ed-1a32-47db-ba25-52c5f27f9508@group-C753424716C8:LeaderElection35] INFO  server.RaftServerConfigKeys (ConfUtils.java:logGet(43)) - raft.server.watch.timeout.denomination = 1s (default)
2019-09-26 16:37:07,152 [aa5e70ed-1a32-47db-ba25-52c5f27f9508@group-C753424716C8:LeaderElection35] INFO  server.RaftServerConfigKeys (ConfUtils.java:logGet(43)) - raft.server.watch.element-limit = 65536 (default)
2019-09-26 16:37:07,154 [941dd69d-21df-447a-8c50-e4c30322a245@group-DA28203267FB:LeaderElection36] INFO  impl.LeaderElection (LeaderElection.java:askForVotes(182)) - 941dd69d-21df-447a-8c50-e4c30322a245@group-DA28203267FB:LeaderElection36: begin an election at term 1 for -1: [941dd69d-21df-447a-8c50-e4c30322a245:192.168.157.234:46308], old=null
2019-09-26 16:37:07,154 [941dd69d-21df-447a-8c50-e4c30322a245@group-DA28203267FB:LeaderElection36] INFO  impl.RoleInfo (RoleInfo.java:shutdownLeaderElection(134)) - 941dd69d-21df-447a-8c50-e4c30322a245: shutdown LeaderElection
2019-09-26 16:37:07,154 [941dd69d-21df-447a-8c50-e4c30322a245@group-DA28203267FB:LeaderElection36] INFO  impl.RaftServerImpl (RaftServerImpl.java:setRole(174)) - 941dd69d-21df-447a-8c50-e4c30322a245@group-DA28203267FB: changes role from CANDIDATE to LEADER at term 1 for changeToLeader
2019-09-26 16:37:07,154 [941dd69d-21df-447a-8c50-e4c30322a245@group-DA28203267FB:LeaderElection36] INFO  impl.RaftServerImpl (ServerState.java:setLeader(253)) - 941dd69d-21df-447a-8c50-e4c30322a245@group-DA28203267FB: change Leader from null to 941dd69d-21df-447a-8c50-e4c30322a245 at term 1 for becomeLeader, leader elected after 1181ms
2019-09-26 16:37:07,155 [941dd69d-21df-447a-8c50-e4c30322a245@group-DA28203267FB:LeaderElection36] INFO  server.RaftServerConfigKeys (ConfUtils.java:logGet(43)) - raft.server.staging.catchup.gap = 1000 (default)
2019-09-26 16:37:07,155 [aa5e70ed-1a32-47db-ba25-52c5f27f9508@group-C753424716C8:LeaderElection35] INFO  impl.RoleInfo (RoleInfo.java:updateAndGet(143)) - aa5e70ed-1a32-47db-ba25-52c5f27f9508: start LeaderState
2019-09-26 16:37:07,155 [941dd69d-21df-447a-8c50-e4c30322a245@group-DA28203267FB:LeaderElection36] INFO  server.RaftServerConfigKeys (ConfUtils.java:logGet(43)) - raft.server.rpc.sleep.time = 25ms (default)
2019-09-26 16:37:07,155 [941dd69d-21df-447a-8c50-e4c30322a245@group-DA28203267FB:LeaderElection36] INFO  server.RaftServerConfigKeys (ConfUtils.java:logGet(43)) - raft.server.write.element-limit = 4096 (default)
2019-09-26 16:37:07,155 [aa5e70ed-1a32-47db-ba25-52c5f27f9508@group-C753424716C8:LeaderElection35] INFO  segmented.SegmentedRaftLogWorker (SegmentedRaftLogWorker.java:startLogSegment(380)) - aa5e70ed-1a32-47db-ba25-52c5f27f9508@group-C753424716C8-SegmentedRaftLogWorker: Starting segment from index:0
2019-09-26 16:37:07,155 [941dd69d-21df-447a-8c50-e4c30322a245@group-DA28203267FB:LeaderElection36] INFO  server.RaftServerConfigKeys (ConfUtils.java:logGet(43)) - raft.server.watch.timeout = 10s (default)
2019-09-26 16:37:07,156 [941dd69d-21df-447a-8c50-e4c30322a245@group-DA28203267FB:LeaderElection36] INFO  server.RaftServerConfigKeys (ConfUtils.java:logGet(43)) - raft.server.watch.timeout.denomination = 1s (default)
2019-09-26 16:37:07,156 [941dd69d-21df-447a-8c50-e4c30322a245@group-DA28203267FB:LeaderElection36] INFO  server.RaftServerConfigKeys (ConfUtils.java:logGet(43)) - raft.server.watch.element-limit = 65536 (default)
2019-09-26 16:37:07,156 [aa5e70ed-1a32-47db-ba25-52c5f27f9508@group-C753424716C8:LeaderElection35] INFO  impl.RaftServerImpl (ServerState.java:setRaftConf(354)) - aa5e70ed-1a32-47db-ba25-52c5f27f9508@group-C753424716C8: set configuration 0: [aa5e70ed-1a32-47db-ba25-52c5f27f9508:192.168.157.234:40463], old=null at 0
2019-09-26 16:37:07,173 [45094064-c3fb-4870-9766-7d97e0e9250d@group-320CFA3398AE:LeaderElection37] INFO  impl.LeaderElection (LeaderElection.java:askForVotes(182)) - 45094064-c3fb-4870-9766-7d97e0e9250d@group-320CFA3398AE:LeaderElection37: begin an election at term 1 for -1: [54f991d6-dc71-460d-82bf-0c4295aeca21:192.168.157.234:39635, 941dd69d-21df-447a-8c50-e4c30322a245:192.168.157.234:46308, 45094064-c3fb-4870-9766-7d97e0e9250d:192.168.157.234:36035], old=null
2019-09-26 16:37:07,176 [941dd69d-21df-447a-8c50-e4c30322a245@group-DA28203267FB:LeaderElection36] INFO  impl.RoleInfo (RoleInfo.java:updateAndGet(143)) - 941dd69d-21df-447a-8c50-e4c30322a245: start LeaderState
2019-09-26 16:37:07,176 [941dd69d-21df-447a-8c50-e4c30322a245@group-DA28203267FB:LeaderElection36] INFO  segmented.SegmentedRaftLogWorker (SegmentedRaftLogWorker.java:startLogSegment(380)) - 941dd69d-21df-447a-8c50-e4c30322a245@group-DA28203267FB-SegmentedRaftLogWorker: Starting segment from index:0
2019-09-26 16:37:07,177 [941dd69d-21df-447a-8c50-e4c30322a245@group-DA28203267FB:LeaderElection36] INFO  impl.RaftServerImpl (ServerState.java:setRaftConf(354)) - 941dd69d-21df-447a-8c50-e4c30322a245@group-DA28203267FB: set configuration 0: [941dd69d-21df-447a-8c50-e4c30322a245:192.168.157.234:46308], old=null at 0
2019-09-26 16:37:07,220 [Thread-2208] INFO  impl.FollowerState (FollowerState.java:run(106)) - 941dd69d-21df-447a-8c50-e4c30322a245:group-320CFA3398AE changes to CANDIDATE, lastRpcTime:1138, electionTimeout:1121ms
2019-09-26 16:37:07,220 [aa5e70ed-1a32-47db-ba25-52c5f27f9508@group-C753424716C8-SegmentedRaftLogWorker] INFO  segmented.SegmentedRaftLogWorker (SegmentedRaftLogWorker.java:execute(569)) - aa5e70ed-1a32-47db-ba25-52c5f27f9508@group-C753424716C8-SegmentedRaftLogWorker: created new log segment /workdir/hadoop-ozone/integration-test/target/test-dir/MiniOzoneClusterImpl-521d4657-8b90-42e2-88d0-1dd80c8159cc/datanode-8/data/ratis/af1dcd37-c2a8-4a3a-8f37-c753424716c8/current/log_inprogress_0
2019-09-26 16:37:07,221 [Thread-2208] INFO  impl.RoleInfo (RoleInfo.java:shutdownFollowerState(121)) - 941dd69d-21df-447a-8c50-e4c30322a245: shutdown FollowerState
2019-09-26 16:37:07,224 [Thread-2208] INFO  impl.RaftServerImpl (RaftServerImpl.java:setRole(174)) - 941dd69d-21df-447a-8c50-e4c30322a245@group-320CFA3398AE: changes role from  FOLLOWER to CANDIDATE at term 0 for changeToCandidate
2019-09-26 16:37:07,225 [Thread-2208] INFO  impl.RoleInfo (RoleInfo.java:updateAndGet(143)) - 941dd69d-21df-447a-8c50-e4c30322a245: start LeaderElection
2019-09-26 16:37:07,231 [grpc-default-executor-2] INFO  impl.RaftServerImpl (RaftServerImpl.java:setRole(174)) - 54f991d6-dc71-460d-82bf-0c4295aeca21@group-320CFA3398AE: changes role from  FOLLOWER to FOLLOWER at term 1 for recognizeCandidate:45094064-c3fb-4870-9766-7d97e0e9250d
2019-09-26 16:37:07,232 [grpc-default-executor-2] INFO  impl.RoleInfo (RoleInfo.java:shutdownFollowerState(121)) - 54f991d6-dc71-460d-82bf-0c4295aeca21: shutdown FollowerState
2019-09-26 16:37:07,232 [grpc-default-executor-2] INFO  impl.RoleInfo (RoleInfo.java:updateAndGet(143)) - 54f991d6-dc71-460d-82bf-0c4295aeca21: start FollowerState
2019-09-26 16:37:07,232 [Thread-2207] INFO  impl.FollowerState (FollowerState.java:run(115)) - 54f991d6-dc71-460d-82bf-0c4295aeca21: FollowerState was interrupted: java.lang.InterruptedException: sleep interrupted
2019-09-26 16:37:07,233 [941dd69d-21df-447a-8c50-e4c30322a245@group-DA28203267FB-SegmentedRaftLogWorker] INFO  segmented.SegmentedRaftLogWorker (SegmentedRaftLogWorker.java:execute(569)) - 941dd69d-21df-447a-8c50-e4c30322a245@group-DA28203267FB-SegmentedRaftLogWorker: created new log segment /workdir/hadoop-ozone/integration-test/target/test-dir/MiniOzoneClusterImpl-521d4657-8b90-42e2-88d0-1dd80c8159cc/datanode-9/data/ratis/d59a9eb9-1756-48cb-b300-da28203267fb/current/log_inprogress_0
2019-09-26 16:37:07,234 [941dd69d-21df-447a-8c50-e4c30322a245@group-320CFA3398AE:LeaderElection38] INFO  impl.LeaderElection (LeaderElection.java:askForVotes(182)) - 941dd69d-21df-447a-8c50-e4c30322a245@group-320CFA3398AE:LeaderElection38: begin an election at term 1 for -1: [54f991d6-dc71-460d-82bf-0c4295aeca21:192.168.157.234:39635, 941dd69d-21df-447a-8c50-e4c30322a245:192.168.157.234:46308, 45094064-c3fb-4870-9766-7d97e0e9250d:192.168.157.234:36035], old=null
2019-09-26 16:37:07,252 [45094064-c3fb-4870-9766-7d97e0e9250d@group-320CFA3398AE:LeaderElection37] INFO  impl.LeaderElection (LeaderElection.java:logAndReturn(56)) - 45094064-c3fb-4870-9766-7d97e0e9250d@group-320CFA3398AE:LeaderElection37: Election PASSED; received 2 response(s) [45094064-c3fb-4870-9766-7d97e0e9250d<-54f991d6-dc71-460d-82bf-0c4295aeca21#0:OK-t1, 45094064-c3fb-4870-9766-7d97e0e9250d<-941dd69d-21df-447a-8c50-e4c30322a245#0:FAIL-t1] and 0 exception(s); 45094064-c3fb-4870-9766-7d97e0e9250d@group-320CFA3398AE:t1, leader=null, voted=45094064-c3fb-4870-9766-7d97e0e9250d, raftlog=45094064-c3fb-4870-9766-7d97e0e9250d@group-320CFA3398AE-SegmentedRaftLog:OPENED:c-1,f-1,i0, conf=-1: [54f991d6-dc71-460d-82bf-0c4295aeca21:192.168.157.234:39635, 941dd69d-21df-447a-8c50-e4c30322a245:192.168.157.234:46308, 45094064-c3fb-4870-9766-7d97e0e9250d:192.168.157.234:36035], old=null
2019-09-26 16:37:07,252 [45094064-c3fb-4870-9766-7d97e0e9250d@group-320CFA3398AE:LeaderElection37] INFO  impl.RoleInfo (RoleInfo.java:shutdownLeaderElection(134)) - 45094064-c3fb-4870-9766-7d97e0e9250d: shutdown LeaderElection
2019-09-26 16:37:07,255 [45094064-c3fb-4870-9766-7d97e0e9250d@group-320CFA3398AE:LeaderElection37] INFO  impl.RaftServerImpl (RaftServerImpl.java:setRole(174)) - 45094064-c3fb-4870-9766-7d97e0e9250d@group-320CFA3398AE: changes role from CANDIDATE to LEADER at term 1 for changeToLeader
2019-09-26 16:37:07,255 [45094064-c3fb-4870-9766-7d97e0e9250d@group-320CFA3398AE:LeaderElection37] INFO  impl.RaftServerImpl (ServerState.java:setLeader(253)) - 45094064-c3fb-4870-9766-7d97e0e9250d@group-320CFA3398AE: change Leader from null to 45094064-c3fb-4870-9766-7d97e0e9250d at term 1 for becomeLeader, leader elected after 1192ms
2019-09-26 16:37:07,256 [45094064-c3fb-4870-9766-7d97e0e9250d@group-320CFA3398AE:LeaderElection37] INFO  server.RaftServerConfigKeys (ConfUtils.java:logGet(43)) - raft.server.staging.catchup.gap = 1000 (default)
2019-09-26 16:37:07,256 [45094064-c3fb-4870-9766-7d97e0e9250d@group-320CFA3398AE:LeaderElection37] INFO  server.RaftServerConfigKeys (ConfUtils.java:logGet(43)) - raft.server.rpc.sleep.time = 25ms (default)
2019-09-26 16:37:07,256 [45094064-c3fb-4870-9766-7d97e0e9250d@group-320CFA3398AE:LeaderElection37] INFO  server.RaftServerConfigKeys (ConfUtils.java:logGet(43)) - raft.server.write.element-limit = 4096 (default)
2019-09-26 16:37:07,256 [45094064-c3fb-4870-9766-7d97e0e9250d@group-320CFA3398AE:LeaderElection37] INFO  server.RaftServerConfigKeys (ConfUtils.java:logGet(43)) - raft.server.watch.timeout = 10s (default)
2019-09-26 16:37:07,256 [45094064-c3fb-4870-9766-7d97e0e9250d@group-320CFA3398AE:LeaderElection37] INFO  server.RaftServerConfigKeys (ConfUtils.java:logGet(43)) - raft.server.watch.timeout.denomination = 1s (default)
2019-09-26 16:37:07,256 [45094064-c3fb-4870-9766-7d97e0e9250d@group-320CFA3398AE:LeaderElection37] INFO  server.RaftServerConfigKeys (ConfUtils.java:logGet(43)) - raft.server.watch.element-limit = 65536 (default)
2019-09-26 16:37:07,259 [45094064-c3fb-4870-9766-7d97e0e9250d@group-320CFA3398AE:LeaderElection37] INFO  server.RaftServerConfigKeys (ConfUtils.java:logGet(43)) - raft.server.log.appender.snapshot.chunk.size.max = 16MB (=16777216) (default)
2019-09-26 16:37:07,261 [45094064-c3fb-4870-9766-7d97e0e9250d@group-320CFA3398AE:LeaderElection37] INFO  server.RaftServerConfigKeys (ConfUtils.java:logGet(43)) - raft.server.log.appender.buffer.byte-limit = 33554432 (custom)
2019-09-26 16:37:07,262 [45094064-c3fb-4870-9766-7d97e0e9250d@group-320CFA3398AE:LeaderElection37] INFO  server.RaftServerConfigKeys (ConfUtils.java:logGet(43)) - raft.server.log.appender.buffer.element-limit = 1 (custom)
2019-09-26 16:37:07,262 [45094064-c3fb-4870-9766-7d97e0e9250d@group-320CFA3398AE:LeaderElection37] INFO  grpc.GrpcConfigKeys$Server (ConfUtils.java:logGet(43)) - raft.grpc.server.leader.outstanding.appends.max = 128 (default)
2019-09-26 16:37:07,262 [45094064-c3fb-4870-9766-7d97e0e9250d@group-320CFA3398AE:LeaderElection37] INFO  server.RaftServerConfigKeys (ConfUtils.java:logGet(43)) - raft.server.rpc.request.timeout = 3000ms (default)
2019-09-26 16:37:07,262 [45094064-c3fb-4870-9766-7d97e0e9250d@group-320CFA3398AE:LeaderElection37] INFO  server.RaftServerConfigKeys (ConfUtils.java:logGet(43)) - raft.server.log.appender.install.snapshot.enabled = false (custom)
2019-09-26 16:37:07,263 [45094064-c3fb-4870-9766-7d97e0e9250d@group-320CFA3398AE:LeaderElection37] INFO  server.RaftServerConfigKeys (ConfUtils.java:logGet(43)) - raft.server.log.appender.snapshot.chunk.size.max = 16MB (=16777216) (default)
2019-09-26 16:37:07,263 [45094064-c3fb-4870-9766-7d97e0e9250d@group-320CFA3398AE:LeaderElection37] INFO  server.RaftServerConfigKeys (ConfUtils.java:logGet(43)) - raft.server.log.appender.buffer.byte-limit = 33554432 (custom)
2019-09-26 16:37:07,263 [45094064-c3fb-4870-9766-7d97e0e9250d@group-320CFA3398AE:LeaderElection37] INFO  server.RaftServerConfigKeys (ConfUtils.java:logGet(43)) - raft.server.log.appender.buffer.element-limit = 1 (custom)
2019-09-26 16:37:07,263 [45094064-c3fb-4870-9766-7d97e0e9250d@group-320CFA3398AE:LeaderElection37] INFO  grpc.GrpcConfigKeys$Server (ConfUtils.java:logGet(43)) - raft.grpc.server.leader.outstanding.appends.max = 128 (default)
2019-09-26 16:37:07,263 [45094064-c3fb-4870-9766-7d97e0e9250d@group-320CFA3398AE:LeaderElection37] INFO  server.RaftServerConfigKeys (ConfUtils.java:logGet(43)) - raft.server.rpc.request.timeout = 3000ms (default)
2019-09-26 16:37:07,264 [45094064-c3fb-4870-9766-7d97e0e9250d@group-320CFA3398AE:LeaderElection37] INFO  server.RaftServerConfigKeys (ConfUtils.java:logGet(43)) - raft.server.log.appender.install.snapshot.enabled = false (custom)
2019-09-26 16:37:07,264 [45094064-c3fb-4870-9766-7d97e0e9250d@group-320CFA3398AE:LeaderElection37] INFO  impl.RoleInfo (RoleInfo.java:updateAndGet(143)) - 45094064-c3fb-4870-9766-7d97e0e9250d: start LeaderState
2019-09-26 16:37:07,264 [45094064-c3fb-4870-9766-7d97e0e9250d@group-320CFA3398AE:LeaderElection37] INFO  segmented.SegmentedRaftLogWorker (SegmentedRaftLogWorker.java:startLogSegment(380)) - 45094064-c3fb-4870-9766-7d97e0e9250d@group-320CFA3398AE-SegmentedRaftLogWorker: Starting segment from index:0
2019-09-26 16:37:07,265 [45094064-c3fb-4870-9766-7d97e0e9250d@group-320CFA3398AE:LeaderElection37] INFO  impl.RaftServerImpl (ServerState.java:setRaftConf(354)) - 45094064-c3fb-4870-9766-7d97e0e9250d@group-320CFA3398AE: set configuration 0: [54f991d6-dc71-460d-82bf-0c4295aeca21:192.168.157.234:39635, 941dd69d-21df-447a-8c50-e4c30322a245:192.168.157.234:46308, 45094064-c3fb-4870-9766-7d97e0e9250d:192.168.157.234:36035], old=null at 0
2019-09-26 16:37:07,283 [grpc-default-executor-0] INFO  impl.RaftServerImpl (RaftServerImpl.java:requestVote(758)) - 45094064-c3fb-4870-9766-7d97e0e9250d@group-320CFA3398AE-   LEADER: Withhold vote from candidate 941dd69d-21df-447a-8c50-e4c30322a245 with term 1. State: leader=45094064-c3fb-4870-9766-7d97e0e9250d, term=1, lastRpcElapsed=null
2019-09-26 16:37:07,292 [grpc-default-executor-0] INFO  impl.RaftServerImpl (RaftServerImpl.java:setRole(174)) - 941dd69d-21df-447a-8c50-e4c30322a245@group-320CFA3398AE: changes role from CANDIDATE to FOLLOWER at term 1 for appendEntries
2019-09-26 16:37:07,293 [grpc-default-executor-0] INFO  impl.RoleInfo (RoleInfo.java:shutdownLeaderElection(134)) - 941dd69d-21df-447a-8c50-e4c30322a245: shutdown LeaderElection
2019-09-26 16:37:07,293 [grpc-default-executor-2] INFO  impl.RaftServerImpl (ServerState.java:setLeader(253)) - 54f991d6-dc71-460d-82bf-0c4295aeca21@group-320CFA3398AE: change Leader from null to 45094064-c3fb-4870-9766-7d97e0e9250d at term 1 for appendEntries, leader elected after 1230ms
2019-09-26 16:37:07,293 [grpc-default-executor-0] INFO  impl.RoleInfo (RoleInfo.java:updateAndGet(143)) - 941dd69d-21df-447a-8c50-e4c30322a245: start FollowerState
2019-09-26 16:37:07,293 [941dd69d-21df-447a-8c50-e4c30322a245@group-320CFA3398AE:LeaderElection38] INFO  impl.LeaderElection (LeaderElection.java:logAndReturn(56)) - 941dd69d-21df-447a-8c50-e4c30322a245@group-320CFA3398AE:LeaderElection38: Election REJECTED; received 2 response(s) [941dd69d-21df-447a-8c50-e4c30322a245<-54f991d6-dc71-460d-82bf-0c4295aeca21#0:FAIL-t1, 941dd69d-21df-447a-8c50-e4c30322a245<-45094064-c3fb-4870-9766-7d97e0e9250d#0:FAIL-t1] and 0 exception(s); 941dd69d-21df-447a-8c50-e4c30322a245@group-320CFA3398AE:t1, leader=null, voted=941dd69d-21df-447a-8c50-e4c30322a245, raftlog=941dd69d-21df-447a-8c50-e4c30322a245@group-320CFA3398AE-SegmentedRaftLog:OPENED:c-1,f-1,i0, conf=-1: [54f991d6-dc71-460d-82bf-0c4295aeca21:192.168.157.234:39635, 941dd69d-21df-447a-8c50-e4c30322a245:192.168.157.234:46308, 45094064-c3fb-4870-9766-7d97e0e9250d:192.168.157.234:36035], old=null
2019-09-26 16:37:07,296 [grpc-default-executor-0] INFO  impl.RaftServerImpl (ServerState.java:setLeader(253)) - 941dd69d-21df-447a-8c50-e4c30322a245@group-320CFA3398AE: change Leader from null to 45094064-c3fb-4870-9766-7d97e0e9250d at term 1 for appendEntries, leader elected after 1233ms
2019-09-26 16:37:07,307 [Thread-2223] INFO  impl.FollowerState (FollowerState.java:run(106)) - 23db1bd7-0ec3-4d63-b495-756f3d5b5fb7:group-D3771522134E changes to CANDIDATE, lastRpcTime:1047, electionTimeout:1047ms
2019-09-26 16:37:07,309 [45094064-c3fb-4870-9766-7d97e0e9250d@group-320CFA3398AE-SegmentedRaftLogWorker] INFO  segmented.SegmentedRaftLogWorker (SegmentedRaftLogWorker.java:execute(569)) - 45094064-c3fb-4870-9766-7d97e0e9250d@group-320CFA3398AE-SegmentedRaftLogWorker: created new log segment /workdir/hadoop-ozone/integration-test/target/test-dir/MiniOzoneClusterImpl-521d4657-8b90-42e2-88d0-1dd80c8159cc/datanode-4/data/ratis/6e5a0dab-1e06-4600-8941-320cfa3398ae/current/log_inprogress_0
2019-09-26 16:37:07,309 [grpc-default-executor-0] INFO  impl.RaftServerImpl (ServerState.java:setRaftConf(354)) - 54f991d6-dc71-460d-82bf-0c4295aeca21@group-320CFA3398AE: set configuration 0: [54f991d6-dc71-460d-82bf-0c4295aeca21:192.168.157.234:39635, 941dd69d-21df-447a-8c50-e4c30322a245:192.168.157.234:46308, 45094064-c3fb-4870-9766-7d97e0e9250d:192.168.157.234:36035], old=null at 0
2019-09-26 16:37:07,309 [grpc-default-executor-2] INFO  impl.RaftServerImpl (ServerState.java:setRaftConf(354)) - 941dd69d-21df-447a-8c50-e4c30322a245@group-320CFA3398AE: set configuration 0: [54f991d6-dc71-460d-82bf-0c4295aeca21:192.168.157.234:39635, 941dd69d-21df-447a-8c50-e4c30322a245:192.168.157.234:46308, 45094064-c3fb-4870-9766-7d97e0e9250d:192.168.157.234:36035], old=null at 0
2019-09-26 16:37:07,310 [grpc-default-executor-0] INFO  segmented.SegmentedRaftLogWorker (SegmentedRaftLogWorker.java:startLogSegment(380)) - 54f991d6-dc71-460d-82bf-0c4295aeca21@group-320CFA3398AE-SegmentedRaftLogWorker: Starting segment from index:0
2019-09-26 16:37:07,309 [Thread-2223] INFO  impl.RoleInfo (RoleInfo.java:shutdownFollowerState(121)) - 23db1bd7-0ec3-4d63-b495-756f3d5b5fb7: shutdown FollowerState
2019-09-26 16:37:07,310 [grpc-default-executor-2] INFO  segmented.SegmentedRaftLogWorker (SegmentedRaftLogWorker.java:startLogSegment(380)) - 941dd69d-21df-447a-8c50-e4c30322a245@group-320CFA3398AE-SegmentedRaftLogWorker: Starting segment from index:0
2019-09-26 16:37:07,310 [Thread-2223] INFO  impl.RaftServerImpl (RaftServerImpl.java:setRole(174)) - 23db1bd7-0ec3-4d63-b495-756f3d5b5fb7@group-D3771522134E: changes role from  FOLLOWER to CANDIDATE at term 0 for changeToCandidate
2019-09-26 16:37:07,311 [Thread-2223] INFO  impl.RoleInfo (RoleInfo.java:updateAndGet(143)) - 23db1bd7-0ec3-4d63-b495-756f3d5b5fb7: start LeaderElection
2019-09-26 16:37:07,351 [Thread-2214] INFO  impl.FollowerState (FollowerState.java:run(106)) - 6e9598b6-9dc4-49c9-af23-0bbf4a4b345a:group-D88AEF8F9869 changes to CANDIDATE, lastRpcTime:1168, electionTimeout:1158ms
2019-09-26 16:37:07,351 [Thread-2214] INFO  impl.RoleInfo (RoleInfo.java:shutdownFollowerState(121)) - 6e9598b6-9dc4-49c9-af23-0bbf4a4b345a: shutdown FollowerState
2019-09-26 16:37:07,351 [Thread-2214] INFO  impl.RaftServerImpl (RaftServerImpl.java:setRole(174)) - 6e9598b6-9dc4-49c9-af23-0bbf4a4b345a@group-D88AEF8F9869: changes role from  FOLLOWER to CANDIDATE at term 0 for changeToCandidate
2019-09-26 16:37:07,351 [Thread-2214] INFO  impl.RoleInfo (RoleInfo.java:updateAndGet(143)) - 6e9598b6-9dc4-49c9-af23-0bbf4a4b345a: start LeaderElection
2019-09-26 16:37:07,356 [Thread-2216] INFO  impl.FollowerState (FollowerState.java:run(106)) - 7c636cf6-abb1-48a1-8471-c57ff8076954:group-D88AEF8F9869 changes to CANDIDATE, lastRpcTime:1172, electionTimeout:1168ms
2019-09-26 16:37:07,356 [Thread-2216] INFO  impl.RoleInfo (RoleInfo.java:shutdownFollowerState(121)) - 7c636cf6-abb1-48a1-8471-c57ff8076954: shutdown FollowerState
2019-09-26 16:37:07,357 [Thread-2216] INFO  impl.RaftServerImpl (RaftServerImpl.java:setRole(174)) - 7c636cf6-abb1-48a1-8471-c57ff8076954@group-D88AEF8F9869: changes role from  FOLLOWER to CANDIDATE at term 0 for changeToCandidate
2019-09-26 16:37:07,357 [Thread-2216] INFO  impl.RoleInfo (RoleInfo.java:updateAndGet(143)) - 7c636cf6-abb1-48a1-8471-c57ff8076954: start LeaderElection
2019-09-26 16:37:07,364 [941dd69d-21df-447a-8c50-e4c30322a245@group-320CFA3398AE-SegmentedRaftLogWorker] INFO  segmented.SegmentedRaftLogWorker (SegmentedRaftLogWorker.java:execute(569)) - 941dd69d-21df-447a-8c50-e4c30322a245@group-320CFA3398AE-SegmentedRaftLogWorker: created new log segment /workdir/hadoop-ozone/integration-test/target/test-dir/MiniOzoneClusterImpl-521d4657-8b90-42e2-88d0-1dd80c8159cc/datanode-9/data/ratis/6e5a0dab-1e06-4600-8941-320cfa3398ae/current/log_inprogress_0
2019-09-26 16:37:07,364 [54f991d6-dc71-460d-82bf-0c4295aeca21@group-320CFA3398AE-SegmentedRaftLogWorker] INFO  segmented.SegmentedRaftLogWorker (SegmentedRaftLogWorker.java:execute(569)) - 54f991d6-dc71-460d-82bf-0c4295aeca21@group-320CFA3398AE-SegmentedRaftLogWorker: created new log segment /workdir/hadoop-ozone/integration-test/target/test-dir/MiniOzoneClusterImpl-521d4657-8b90-42e2-88d0-1dd80c8159cc/datanode-5/data/ratis/6e5a0dab-1e06-4600-8941-320cfa3398ae/current/log_inprogress_0
2019-09-26 16:37:07,364 [7c636cf6-abb1-48a1-8471-c57ff8076954@group-D88AEF8F9869:LeaderElection41] INFO  impl.LeaderElection (LeaderElection.java:askForVotes(182)) - 7c636cf6-abb1-48a1-8471-c57ff8076954@group-D88AEF8F9869:LeaderElection41: begin an election at term 1 for -1: [7c636cf6-abb1-48a1-8471-c57ff8076954:192.168.157.234:40747, 178fa167-0d93-4985-b474-3911a0393fb5:192.168.157.234:36864, 6e9598b6-9dc4-49c9-af23-0bbf4a4b345a:192.168.157.234:44157], old=null
2019-09-26 16:37:07,364 [6e9598b6-9dc4-49c9-af23-0bbf4a4b345a@group-D88AEF8F9869:LeaderElection40] INFO  impl.LeaderElection (LeaderElection.java:askForVotes(182)) - 6e9598b6-9dc4-49c9-af23-0bbf4a4b345a@group-D88AEF8F9869:LeaderElection40: begin an election at term 1 for -1: [7c636cf6-abb1-48a1-8471-c57ff8076954:192.168.157.234:40747, 178fa167-0d93-4985-b474-3911a0393fb5:192.168.157.234:36864, 6e9598b6-9dc4-49c9-af23-0bbf4a4b345a:192.168.157.234:44157], old=null
2019-09-26 16:37:07,364 [23db1bd7-0ec3-4d63-b495-756f3d5b5fb7@group-D3771522134E:LeaderElection39] INFO  impl.LeaderElection (LeaderElection.java:askForVotes(182)) - 23db1bd7-0ec3-4d63-b495-756f3d5b5fb7@group-D3771522134E:LeaderElection39: begin an election at term 1 for -1: [23db1bd7-0ec3-4d63-b495-756f3d5b5fb7:192.168.157.234:37353, 96614e23-b56d-471a-9cd7-6076bc1c8933:192.168.157.234:36122, dc4ec581-df22-4026-9c78-08ca65e450b7:192.168.157.234:35995], old=null
2019-09-26 16:37:07,379 [grpc-default-executor-5] INFO  impl.RaftServerImpl (RaftServerImpl.java:setRole(174)) - 178fa167-0d93-4985-b474-3911a0393fb5@group-D88AEF8F9869: changes role from  FOLLOWER to FOLLOWER at term 1 for recognizeCandidate:7c636cf6-abb1-48a1-8471-c57ff8076954
2019-09-26 16:37:07,379 [grpc-default-executor-1] INFO  impl.RaftServerImpl (RaftServerImpl.java:setRole(174)) - 96614e23-b56d-471a-9cd7-6076bc1c8933@group-D3771522134E: changes role from  FOLLOWER to FOLLOWER at term 1 for recognizeCandidate:23db1bd7-0ec3-4d63-b495-756f3d5b5fb7
2019-09-26 16:37:07,379 [grpc-default-executor-3] INFO  impl.RaftServerImpl (RaftServerImpl.java:setRole(174)) - dc4ec581-df22-4026-9c78-08ca65e450b7@group-D3771522134E: changes role from  FOLLOWER to FOLLOWER at term 1 for recognizeCandidate:23db1bd7-0ec3-4d63-b495-756f3d5b5fb7
2019-09-26 16:37:07,379 [grpc-default-executor-1] INFO  impl.RoleInfo (RoleInfo.java:shutdownFollowerState(121)) - 96614e23-b56d-471a-9cd7-6076bc1c8933: shutdown FollowerState
2019-09-26 16:37:07,379 [grpc-default-executor-5] INFO  impl.RoleInfo (RoleInfo.java:shutdownFollowerState(121)) - 178fa167-0d93-4985-b474-3911a0393fb5: shutdown FollowerState
2019-09-26 16:37:07,380 [grpc-default-executor-3] INFO  impl.RoleInfo (RoleInfo.java:shutdownFollowerState(121)) - dc4ec581-df22-4026-9c78-08ca65e450b7: shutdown FollowerState
2019-09-26 16:37:07,386 [grpc-default-executor-5] INFO  impl.RoleInfo (RoleInfo.java:updateAndGet(143)) - 178fa167-0d93-4985-b474-3911a0393fb5: start FollowerState
2019-09-26 16:37:07,389 [Thread-2225] INFO  impl.FollowerState (FollowerState.java:run(115)) - dc4ec581-df22-4026-9c78-08ca65e450b7: FollowerState was interrupted: java.lang.InterruptedException: sleep interrupted
2019-09-26 16:37:07,383 [grpc-default-executor-1] INFO  impl.RoleInfo (RoleInfo.java:updateAndGet(143)) - 96614e23-b56d-471a-9cd7-6076bc1c8933: start FollowerState
2019-09-26 16:37:07,389 [grpc-default-executor-3] INFO  impl.RoleInfo (RoleInfo.java:updateAndGet(143)) - dc4ec581-df22-4026-9c78-08ca65e450b7: start FollowerState
2019-09-26 16:37:07,389 [Thread-2227] INFO  impl.FollowerState (FollowerState.java:run(115)) - 96614e23-b56d-471a-9cd7-6076bc1c8933: FollowerState was interrupted: java.lang.InterruptedException: sleep interrupted
2019-09-26 16:37:07,421 [6e9598b6-9dc4-49c9-af23-0bbf4a4b345a@group-D88AEF8F9869:LeaderElection40] INFO  impl.LeaderElection (LeaderElection.java:logAndReturn(56)) - 6e9598b6-9dc4-49c9-af23-0bbf4a4b345a@group-D88AEF8F9869:LeaderElection40: Election REJECTED; received 2 response(s) [6e9598b6-9dc4-49c9-af23-0bbf4a4b345a<-7c636cf6-abb1-48a1-8471-c57ff8076954#0:FAIL-t1, 6e9598b6-9dc4-49c9-af23-0bbf4a4b345a<-178fa167-0d93-4985-b474-3911a0393fb5#0:FAIL-t1] and 0 exception(s); 6e9598b6-9dc4-49c9-af23-0bbf4a4b345a@group-D88AEF8F9869:t1, leader=null, voted=6e9598b6-9dc4-49c9-af23-0bbf4a4b345a, raftlog=6e9598b6-9dc4-49c9-af23-0bbf4a4b345a@group-D88AEF8F9869-SegmentedRaftLog:OPENED:c-1,f-1,i0, conf=-1: [7c636cf6-abb1-48a1-8471-c57ff8076954:192.168.157.234:40747, 178fa167-0d93-4985-b474-3911a0393fb5:192.168.157.234:36864, 6e9598b6-9dc4-49c9-af23-0bbf4a4b345a:192.168.157.234:44157], old=null
2019-09-26 16:37:07,421 [23db1bd7-0ec3-4d63-b495-756f3d5b5fb7@group-D3771522134E:LeaderElection39] INFO  impl.LeaderElection (LeaderElection.java:logAndReturn(56)) - 23db1bd7-0ec3-4d63-b495-756f3d5b5fb7@group-D3771522134E:LeaderElection39: Election PASSED; received 1 response(s) [23db1bd7-0ec3-4d63-b495-756f3d5b5fb7<-dc4ec581-df22-4026-9c78-08ca65e450b7#0:OK-t1] and 0 exception(s); 23db1bd7-0ec3-4d63-b495-756f3d5b5fb7@group-D3771522134E:t1, leader=null, voted=23db1bd7-0ec3-4d63-b495-756f3d5b5fb7, raftlog=23db1bd7-0ec3-4d63-b495-756f3d5b5fb7@group-D3771522134E-SegmentedRaftLog:OPENED:c-1,f-1,i0, conf=-1: [23db1bd7-0ec3-4d63-b495-756f3d5b5fb7:192.168.157.234:37353, 96614e23-b56d-471a-9cd7-6076bc1c8933:192.168.157.234:36122, dc4ec581-df22-4026-9c78-08ca65e450b7:192.168.157.234:35995], old=null
2019-09-26 16:37:07,421 [6e9598b6-9dc4-49c9-af23-0bbf4a4b345a@group-D88AEF8F9869:LeaderElection40] INFO  impl.RaftServerImpl (RaftServerImpl.java:setRole(174)) - 6e9598b6-9dc4-49c9-af23-0bbf4a4b345a@group-D88AEF8F9869: changes role from CANDIDATE to FOLLOWER at term 1 for DISCOVERED_A_NEW_TERM
2019-09-26 16:37:07,429 [6e9598b6-9dc4-49c9-af23-0bbf4a4b345a@group-D88AEF8F9869:LeaderElection40] INFO  impl.RoleInfo (RoleInfo.java:shutdownLeaderElection(134)) - 6e9598b6-9dc4-49c9-af23-0bbf4a4b345a: shutdown LeaderElection
2019-09-26 16:37:07,442 [7c636cf6-abb1-48a1-8471-c57ff8076954@group-D88AEF8F9869:LeaderElection41] INFO  impl.LeaderElection (LeaderElection.java:logAndReturn(56)) - 7c636cf6-abb1-48a1-8471-c57ff8076954@group-D88AEF8F9869:LeaderElection41: Election PASSED; received 2 response(s) [7c636cf6-abb1-48a1-8471-c57ff8076954<-178fa167-0d93-4985-b474-3911a0393fb5#0:OK-t1, 7c636cf6-abb1-48a1-8471-c57ff8076954<-6e9598b6-9dc4-49c9-af23-0bbf4a4b345a#0:FAIL-t1] and 0 exception(s); 7c636cf6-abb1-48a1-8471-c57ff8076954@group-D88AEF8F9869:t1, leader=null, voted=7c636cf6-abb1-48a1-8471-c57ff8076954, raftlog=7c636cf6-abb1-48a1-8471-c57ff8076954@group-D88AEF8F9869-SegmentedRaftLog:OPENED:c-1,f-1,i0, conf=-1: [7c636cf6-abb1-48a1-8471-c57ff8076954:192.168.157.234:40747, 178fa167-0d93-4985-b474-3911a0393fb5:192.168.157.234:36864, 6e9598b6-9dc4-49c9-af23-0bbf4a4b345a:192.168.157.234:44157], old=null
2019-09-26 16:37:07,442 [23db1bd7-0ec3-4d63-b495-756f3d5b5fb7@group-D3771522134E:LeaderElection39] INFO  impl.RoleInfo (RoleInfo.java:shutdownLeaderElection(134)) - 23db1bd7-0ec3-4d63-b495-756f3d5b5fb7: shutdown LeaderElection
2019-09-26 16:37:07,445 [7c636cf6-abb1-48a1-8471-c57ff8076954@group-D88AEF8F9869:LeaderElection41] INFO  impl.RoleInfo (RoleInfo.java:shutdownLeaderElection(134)) - 7c636cf6-abb1-48a1-8471-c57ff8076954: shutdown LeaderElection
2019-09-26 16:37:07,445 [6e9598b6-9dc4-49c9-af23-0bbf4a4b345a@group-D88AEF8F9869:LeaderElection40] INFO  impl.RoleInfo (RoleInfo.java:updateAndGet(143)) - 6e9598b6-9dc4-49c9-af23-0bbf4a4b345a: start FollowerState
2019-09-26 16:37:07,448 [7c636cf6-abb1-48a1-8471-c57ff8076954@group-D88AEF8F9869:LeaderElection41] INFO  impl.RaftServerImpl (RaftServerImpl.java:setRole(174)) - 7c636cf6-abb1-48a1-8471-c57ff8076954@group-D88AEF8F9869: changes role from CANDIDATE to LEADER at term 1 for changeToLeader
2019-09-26 16:37:07,448 [23db1bd7-0ec3-4d63-b495-756f3d5b5fb7@group-D3771522134E:LeaderElection39] INFO  impl.RaftServerImpl (RaftServerImpl.java:setRole(174)) - 23db1bd7-0ec3-4d63-b495-756f3d5b5fb7@group-D3771522134E: changes role from CANDIDATE to LEADER at term 1 for changeToLeader
2019-09-26 16:37:07,449 [7c636cf6-abb1-48a1-8471-c57ff8076954@group-D88AEF8F9869:LeaderElection41] INFO  impl.RaftServerImpl (ServerState.java:setLeader(253)) - 7c636cf6-abb1-48a1-8471-c57ff8076954@group-D88AEF8F9869: change Leader from null to 7c636cf6-abb1-48a1-8471-c57ff8076954 at term 1 for becomeLeader, leader elected after 1277ms
2019-09-26 16:37:07,449 [23db1bd7-0ec3-4d63-b495-756f3d5b5fb7@group-D3771522134E:LeaderElection39] INFO  impl.RaftServerImpl (ServerState.java:setLeader(253)) - 23db1bd7-0ec3-4d63-b495-756f3d5b5fb7@group-D3771522134E: change Leader from null to 23db1bd7-0ec3-4d63-b495-756f3d5b5fb7 at term 1 for becomeLeader, leader elected after 1200ms
2019-09-26 16:37:07,449 [7c636cf6-abb1-48a1-8471-c57ff8076954@group-D88AEF8F9869:LeaderElection41] INFO  server.RaftServerConfigKeys (ConfUtils.java:logGet(43)) - raft.server.staging.catchup.gap = 1000 (default)
2019-09-26 16:37:07,449 [23db1bd7-0ec3-4d63-b495-756f3d5b5fb7@group-D3771522134E:LeaderElection39] INFO  server.RaftServerConfigKeys (ConfUtils.java:logGet(43)) - raft.server.staging.catchup.gap = 1000 (default)
2019-09-26 16:37:07,449 [7c636cf6-abb1-48a1-8471-c57ff8076954@group-D88AEF8F9869:LeaderElection41] INFO  server.RaftServerConfigKeys (ConfUtils.java:logGet(43)) - raft.server.rpc.sleep.time = 25ms (default)
2019-09-26 16:37:07,449 [23db1bd7-0ec3-4d63-b495-756f3d5b5fb7@group-D3771522134E:LeaderElection39] INFO  server.RaftServerConfigKeys (ConfUtils.java:logGet(43)) - raft.server.rpc.sleep.time = 25ms (default)
2019-09-26 16:37:07,450 [7c636cf6-abb1-48a1-8471-c57ff8076954@group-D88AEF8F9869:LeaderElection41] INFO  server.RaftServerConfigKeys (ConfUtils.java:logGet(43)) - raft.server.write.element-limit = 4096 (default)
2019-09-26 16:37:07,450 [23db1bd7-0ec3-4d63-b495-756f3d5b5fb7@group-D3771522134E:LeaderElection39] INFO  server.RaftServerConfigKeys (ConfUtils.java:logGet(43)) - raft.server.write.element-limit = 4096 (default)
2019-09-26 16:37:07,450 [7c636cf6-abb1-48a1-8471-c57ff8076954@group-D88AEF8F9869:LeaderElection41] INFO  server.RaftServerConfigKeys (ConfUtils.java:logGet(43)) - raft.server.watch.timeout = 10s (default)
2019-09-26 16:37:07,450 [23db1bd7-0ec3-4d63-b495-756f3d5b5fb7@group-D3771522134E:LeaderElection39] INFO  server.RaftServerConfigKeys (ConfUtils.java:logGet(43)) - raft.server.watch.timeout = 10s (default)
2019-09-26 16:37:07,450 [7c636cf6-abb1-48a1-8471-c57ff8076954@group-D88AEF8F9869:LeaderElection41] INFO  server.RaftServerConfigKeys (ConfUtils.java:logGet(43)) - raft.server.watch.timeout.denomination = 1s (default)
2019-09-26 16:37:07,450 [23db1bd7-0ec3-4d63-b495-756f3d5b5fb7@group-D3771522134E:LeaderElection39] INFO  server.RaftServerConfigKeys (ConfUtils.java:logGet(43)) - raft.server.watch.timeout.denomination = 1s (default)
2019-09-26 16:37:07,450 [7c636cf6-abb1-48a1-8471-c57ff8076954@group-D88AEF8F9869:LeaderElection41] INFO  server.RaftServerConfigKeys (ConfUtils.java:logGet(43)) - raft.server.watch.element-limit = 65536 (default)
2019-09-26 16:37:07,451 [23db1bd7-0ec3-4d63-b495-756f3d5b5fb7@group-D3771522134E:LeaderElection39] INFO  server.RaftServerConfigKeys (ConfUtils.java:logGet(43)) - raft.server.watch.element-limit = 65536 (default)
2019-09-26 16:37:07,455 [7c636cf6-abb1-48a1-8471-c57ff8076954@group-D88AEF8F9869:LeaderElection41] INFO  server.RaftServerConfigKeys (ConfUtils.java:logGet(43)) - raft.server.log.appender.snapshot.chunk.size.max = 16MB (=16777216) (default)
2019-09-26 16:37:07,455 [23db1bd7-0ec3-4d63-b495-756f3d5b5fb7@group-D3771522134E:LeaderElection39] INFO  server.RaftServerConfigKeys (ConfUtils.java:logGet(43)) - raft.server.log.appender.snapshot.chunk.size.max = 16MB (=16777216) (default)
2019-09-26 16:37:07,455 [7c636cf6-abb1-48a1-8471-c57ff8076954@group-D88AEF8F9869:LeaderElection41] INFO  server.RaftServerConfigKeys (ConfUtils.java:logGet(43)) - raft.server.log.appender.buffer.byte-limit = 33554432 (custom)
2019-09-26 16:37:07,455 [23db1bd7-0ec3-4d63-b495-756f3d5b5fb7@group-D3771522134E:LeaderElection39] INFO  server.RaftServerConfigKeys (ConfUtils.java:logGet(43)) - raft.server.log.appender.buffer.byte-limit = 33554432 (custom)
2019-09-26 16:37:07,455 [7c636cf6-abb1-48a1-8471-c57ff8076954@group-D88AEF8F9869:LeaderElection41] INFO  server.RaftServerConfigKeys (ConfUtils.java:logGet(43)) - raft.server.log.appender.buffer.element-limit = 1 (custom)
2019-09-26 16:37:07,456 [23db1bd7-0ec3-4d63-b495-756f3d5b5fb7@group-D3771522134E:LeaderElection39] INFO  server.RaftServerConfigKeys (ConfUtils.java:logGet(43)) - raft.server.log.appender.buffer.element-limit = 1 (custom)
2019-09-26 16:37:07,456 [7c636cf6-abb1-48a1-8471-c57ff8076954@group-D88AEF8F9869:LeaderElection41] INFO  grpc.GrpcConfigKeys$Server (ConfUtils.java:logGet(43)) - raft.grpc.server.leader.outstanding.appends.max = 128 (default)
2019-09-26 16:37:07,456 [23db1bd7-0ec3-4d63-b495-756f3d5b5fb7@group-D3771522134E:LeaderElection39] INFO  grpc.GrpcConfigKeys$Server (ConfUtils.java:logGet(43)) - raft.grpc.server.leader.outstanding.appends.max = 128 (default)
2019-09-26 16:37:07,456 [7c636cf6-abb1-48a1-8471-c57ff8076954@group-D88AEF8F9869:LeaderElection41] INFO  server.RaftServerConfigKeys (ConfUtils.java:logGet(43)) - raft.server.rpc.request.timeout = 3000ms (default)
2019-09-26 16:37:07,456 [23db1bd7-0ec3-4d63-b495-756f3d5b5fb7@group-D3771522134E:LeaderElection39] INFO  server.RaftServerConfigKeys (ConfUtils.java:logGet(43)) - raft.server.rpc.request.timeout = 3000ms (default)
2019-09-26 16:37:07,457 [7c636cf6-abb1-48a1-8471-c57ff8076954@group-D88AEF8F9869:LeaderElection41] INFO  server.RaftServerConfigKeys (ConfUtils.java:logGet(43)) - raft.server.log.appender.install.snapshot.enabled = false (custom)
2019-09-26 16:37:07,457 [23db1bd7-0ec3-4d63-b495-756f3d5b5fb7@group-D3771522134E:LeaderElection39] INFO  server.RaftServerConfigKeys (ConfUtils.java:logGet(43)) - raft.server.log.appender.install.snapshot.enabled = false (custom)
2019-09-26 16:37:07,457 [7c636cf6-abb1-48a1-8471-c57ff8076954@group-D88AEF8F9869:LeaderElection41] INFO  server.RaftServerConfigKeys (ConfUtils.java:logGet(43)) - raft.server.log.appender.snapshot.chunk.size.max = 16MB (=16777216) (default)
2019-09-26 16:37:07,457 [7c636cf6-abb1-48a1-8471-c57ff8076954@group-D88AEF8F9869:LeaderElection41] INFO  server.RaftServerConfigKeys (ConfUtils.java:logGet(43)) - raft.server.log.appender.buffer.byte-limit = 33554432 (custom)
2019-09-26 16:37:07,457 [23db1bd7-0ec3-4d63-b495-756f3d5b5fb7@group-D3771522134E:LeaderElection39] INFO  server.RaftServerConfigKeys (ConfUtils.java:logGet(43)) - raft.server.log.appender.snapshot.chunk.size.max = 16MB (=16777216) (default)
2019-09-26 16:37:07,458 [7c636cf6-abb1-48a1-8471-c57ff8076954@group-D88AEF8F9869:LeaderElection41] INFO  server.RaftServerConfigKeys (ConfUtils.java:logGet(43)) - raft.server.log.appender.buffer.element-limit = 1 (custom)
2019-09-26 16:37:07,458 [23db1bd7-0ec3-4d63-b495-756f3d5b5fb7@group-D3771522134E:LeaderElection39] INFO  server.RaftServerConfigKeys (ConfUtils.java:logGet(43)) - raft.server.log.appender.buffer.byte-limit = 33554432 (custom)
2019-09-26 16:37:07,458 [7c636cf6-abb1-48a1-8471-c57ff8076954@group-D88AEF8F9869:LeaderElection41] INFO  grpc.GrpcConfigKeys$Server (ConfUtils.java:logGet(43)) - raft.grpc.server.leader.outstanding.appends.max = 128 (default)
2019-09-26 16:37:07,458 [23db1bd7-0ec3-4d63-b495-756f3d5b5fb7@group-D3771522134E:LeaderElection39] INFO  server.RaftServerConfigKeys (ConfUtils.java:logGet(43)) - raft.server.log.appender.buffer.element-limit = 1 (custom)
2019-09-26 16:37:07,458 [7c636cf6-abb1-48a1-8471-c57ff8076954@group-D88AEF8F9869:LeaderElection41] INFO  server.RaftServerConfigKeys (ConfUtils.java:logGet(43)) - raft.server.rpc.request.timeout = 3000ms (default)
2019-09-26 16:37:07,459 [23db1bd7-0ec3-4d63-b495-756f3d5b5fb7@group-D3771522134E:LeaderElection39] INFO  grpc.GrpcConfigKeys$Server (ConfUtils.java:logGet(43)) - raft.grpc.server.leader.outstanding.appends.max = 128 (default)
2019-09-26 16:37:07,459 [7c636cf6-abb1-48a1-8471-c57ff8076954@group-D88AEF8F9869:LeaderElection41] INFO  server.RaftServerConfigKeys (ConfUtils.java:logGet(43)) - raft.server.log.appender.install.snapshot.enabled = false (custom)
2019-09-26 16:37:07,459 [23db1bd7-0ec3-4d63-b495-756f3d5b5fb7@group-D3771522134E:LeaderElection39] INFO  server.RaftServerConfigKeys (ConfUtils.java:logGet(43)) - raft.server.rpc.request.timeout = 3000ms (default)
2019-09-26 16:37:07,459 [23db1bd7-0ec3-4d63-b495-756f3d5b5fb7@group-D3771522134E:LeaderElection39] INFO  server.RaftServerConfigKeys (ConfUtils.java:logGet(43)) - raft.server.log.appender.install.snapshot.enabled = false (custom)
2019-09-26 16:37:07,459 [7c636cf6-abb1-48a1-8471-c57ff8076954@group-D88AEF8F9869:LeaderElection41] INFO  impl.RoleInfo (RoleInfo.java:updateAndGet(143)) - 7c636cf6-abb1-48a1-8471-c57ff8076954: start LeaderState
2019-09-26 16:37:07,459 [23db1bd7-0ec3-4d63-b495-756f3d5b5fb7@group-D3771522134E:LeaderElection39] INFO  impl.RoleInfo (RoleInfo.java:updateAndGet(143)) - 23db1bd7-0ec3-4d63-b495-756f3d5b5fb7: start LeaderState
2019-09-26 16:37:07,460 [7c636cf6-abb1-48a1-8471-c57ff8076954@group-D88AEF8F9869:LeaderElection41] INFO  segmented.SegmentedRaftLogWorker (SegmentedRaftLogWorker.java:startLogSegment(380)) - 7c636cf6-abb1-48a1-8471-c57ff8076954@group-D88AEF8F9869-SegmentedRaftLogWorker: Starting segment from index:0
2019-09-26 16:37:07,460 [23db1bd7-0ec3-4d63-b495-756f3d5b5fb7@group-D3771522134E:LeaderElection39] INFO  segmented.SegmentedRaftLogWorker (SegmentedRaftLogWorker.java:startLogSegment(380)) - 23db1bd7-0ec3-4d63-b495-756f3d5b5fb7@group-D3771522134E-SegmentedRaftLogWorker: Starting segment from index:0
2019-09-26 16:37:07,460 [7c636cf6-abb1-48a1-8471-c57ff8076954@group-D88AEF8F9869:LeaderElection41] INFO  impl.RaftServerImpl (ServerState.java:setRaftConf(354)) - 7c636cf6-abb1-48a1-8471-c57ff8076954@group-D88AEF8F9869: set configuration 0: [7c636cf6-abb1-48a1-8471-c57ff8076954:192.168.157.234:40747, 178fa167-0d93-4985-b474-3911a0393fb5:192.168.157.234:36864, 6e9598b6-9dc4-49c9-af23-0bbf4a4b345a:192.168.157.234:44157], old=null at 0
2019-09-26 16:37:07,461 [23db1bd7-0ec3-4d63-b495-756f3d5b5fb7@group-D3771522134E:LeaderElection39] INFO  impl.RaftServerImpl (ServerState.java:setRaftConf(354)) - 23db1bd7-0ec3-4d63-b495-756f3d5b5fb7@group-D3771522134E: set configuration 0: [23db1bd7-0ec3-4d63-b495-756f3d5b5fb7:192.168.157.234:37353, 96614e23-b56d-471a-9cd7-6076bc1c8933:192.168.157.234:36122, dc4ec581-df22-4026-9c78-08ca65e450b7:192.168.157.234:35995], old=null at 0
2019-09-26 16:37:07,483 [grpc-default-executor-5] INFO  impl.RaftServerImpl (ServerState.java:setLeader(253)) - 178fa167-0d93-4985-b474-3911a0393fb5@group-D88AEF8F9869: change Leader from null to 7c636cf6-abb1-48a1-8471-c57ff8076954 at term 1 for appendEntries, leader elected after 1310ms
2019-09-26 16:37:07,486 [grpc-default-executor-1] INFO  impl.RaftServerImpl (ServerState.java:setLeader(253)) - dc4ec581-df22-4026-9c78-08ca65e450b7@group-D3771522134E: change Leader from null to 23db1bd7-0ec3-4d63-b495-756f3d5b5fb7 at term 1 for appendEntries, leader elected after 1238ms
2019-09-26 16:37:07,486 [grpc-default-executor-4] INFO  impl.RaftServerImpl (ServerState.java:setLeader(253)) - 6e9598b6-9dc4-49c9-af23-0bbf4a4b345a@group-D88AEF8F9869: change Leader from null to 7c636cf6-abb1-48a1-8471-c57ff8076954 at term 1 for appendEntries, leader elected after 1314ms
2019-09-26 16:37:07,489 [grpc-default-executor-3] INFO  impl.RaftServerImpl (ServerState.java:setLeader(253)) - 96614e23-b56d-471a-9cd7-6076bc1c8933@group-D3771522134E: change Leader from null to 23db1bd7-0ec3-4d63-b495-756f3d5b5fb7 at term 1 for appendEntries, leader elected after 1241ms
2019-09-26 16:37:07,494 [grpc-default-executor-4] INFO  impl.RaftServerImpl (ServerState.java:setRaftConf(354)) - dc4ec581-df22-4026-9c78-08ca65e450b7@group-D3771522134E: set configuration 0: [23db1bd7-0ec3-4d63-b495-756f3d5b5fb7:192.168.157.234:37353, 96614e23-b56d-471a-9cd7-6076bc1c8933:192.168.157.234:36122, dc4ec581-df22-4026-9c78-08ca65e450b7:192.168.157.234:35995], old=null at 0
2019-09-26 16:37:07,494 [grpc-default-executor-3] INFO  impl.RaftServerImpl (ServerState.java:setRaftConf(354)) - 178fa167-0d93-4985-b474-3911a0393fb5@group-D88AEF8F9869: set configuration 0: [7c636cf6-abb1-48a1-8471-c57ff8076954:192.168.157.234:40747, 178fa167-0d93-4985-b474-3911a0393fb5:192.168.157.234:36864, 6e9598b6-9dc4-49c9-af23-0bbf4a4b345a:192.168.157.234:44157], old=null at 0
2019-09-26 16:37:07,495 [7c636cf6-abb1-48a1-8471-c57ff8076954@group-D88AEF8F9869-SegmentedRaftLogWorker] INFO  segmented.SegmentedRaftLogWorker (SegmentedRaftLogWorker.java:execute(569)) - 7c636cf6-abb1-48a1-8471-c57ff8076954@group-D88AEF8F9869-SegmentedRaftLogWorker: created new log segment /workdir/hadoop-ozone/integration-test/target/test-dir/MiniOzoneClusterImpl-521d4657-8b90-42e2-88d0-1dd80c8159cc/datanode-1/data/ratis/596ef27f-b14c-485a-adef-d88aef8f9869/current/log_inprogress_0
2019-09-26 16:37:07,497 [grpc-default-executor-5] INFO  impl.RaftServerImpl (ServerState.java:setRaftConf(354)) - 96614e23-b56d-471a-9cd7-6076bc1c8933@group-D3771522134E: set configuration 0: [23db1bd7-0ec3-4d63-b495-756f3d5b5fb7:192.168.157.234:37353, 96614e23-b56d-471a-9cd7-6076bc1c8933:192.168.157.234:36122, dc4ec581-df22-4026-9c78-08ca65e450b7:192.168.157.234:35995], old=null at 0
2019-09-26 16:37:07,494 [23db1bd7-0ec3-4d63-b495-756f3d5b5fb7@group-D3771522134E-SegmentedRaftLogWorker] INFO  segmented.SegmentedRaftLogWorker (SegmentedRaftLogWorker.java:execute(569)) - 23db1bd7-0ec3-4d63-b495-756f3d5b5fb7@group-D3771522134E-SegmentedRaftLogWorker: created new log segment /workdir/hadoop-ozone/integration-test/target/test-dir/MiniOzoneClusterImpl-521d4657-8b90-42e2-88d0-1dd80c8159cc/datanode-7/data/ratis/fcb0968e-06a6-4ee1-879f-d3771522134e/current/log_inprogress_0
2019-09-26 16:37:07,494 [grpc-default-executor-4] INFO  segmented.SegmentedRaftLogWorker (SegmentedRaftLogWorker.java:startLogSegment(380)) - dc4ec581-df22-4026-9c78-08ca65e450b7@group-D3771522134E-SegmentedRaftLogWorker: Starting segment from index:0
2019-09-26 16:37:07,494 [grpc-default-executor-1] INFO  impl.RaftServerImpl (ServerState.java:setRaftConf(354)) - 6e9598b6-9dc4-49c9-af23-0bbf4a4b345a@group-D88AEF8F9869: set configuration 0: [7c636cf6-abb1-48a1-8471-c57ff8076954:192.168.157.234:40747, 178fa167-0d93-4985-b474-3911a0393fb5:192.168.157.234:36864, 6e9598b6-9dc4-49c9-af23-0bbf4a4b345a:192.168.157.234:44157], old=null at 0
2019-09-26 16:37:07,498 [grpc-default-executor-5] INFO  segmented.SegmentedRaftLogWorker (SegmentedRaftLogWorker.java:startLogSegment(380)) - 96614e23-b56d-471a-9cd7-6076bc1c8933@group-D3771522134E-SegmentedRaftLogWorker: Starting segment from index:0
2019-09-26 16:37:07,495 [grpc-default-executor-3] INFO  segmented.SegmentedRaftLogWorker (SegmentedRaftLogWorker.java:startLogSegment(380)) - 178fa167-0d93-4985-b474-3911a0393fb5@group-D88AEF8F9869-SegmentedRaftLogWorker: Starting segment from index:0
2019-09-26 16:37:07,498 [grpc-default-executor-1] INFO  segmented.SegmentedRaftLogWorker (SegmentedRaftLogWorker.java:startLogSegment(380)) - 6e9598b6-9dc4-49c9-af23-0bbf4a4b345a@group-D88AEF8F9869-SegmentedRaftLogWorker: Starting segment from index:0
2019-09-26 16:37:07,532 [dc4ec581-df22-4026-9c78-08ca65e450b7@group-D3771522134E-SegmentedRaftLogWorker] INFO  segmented.SegmentedRaftLogWorker (SegmentedRaftLogWorker.java:execute(569)) - dc4ec581-df22-4026-9c78-08ca65e450b7@group-D3771522134E-SegmentedRaftLogWorker: created new log segment /workdir/hadoop-ozone/integration-test/target/test-dir/MiniOzoneClusterImpl-521d4657-8b90-42e2-88d0-1dd80c8159cc/datanode-3/data/ratis/fcb0968e-06a6-4ee1-879f-d3771522134e/current/log_inprogress_0
2019-09-26 16:37:07,532 [96614e23-b56d-471a-9cd7-6076bc1c8933@group-D3771522134E-SegmentedRaftLogWorker] INFO  segmented.SegmentedRaftLogWorker (SegmentedRaftLogWorker.java:execute(569)) - 96614e23-b56d-471a-9cd7-6076bc1c8933@group-D3771522134E-SegmentedRaftLogWorker: created new log segment /workdir/hadoop-ozone/integration-test/target/test-dir/MiniOzoneClusterImpl-521d4657-8b90-42e2-88d0-1dd80c8159cc/datanode-2/data/ratis/fcb0968e-06a6-4ee1-879f-d3771522134e/current/log_inprogress_0
2019-09-26 16:37:07,562 [178fa167-0d93-4985-b474-3911a0393fb5@group-D88AEF8F9869-SegmentedRaftLogWorker] INFO  segmented.SegmentedRaftLogWorker (SegmentedRaftLogWorker.java:execute(569)) - 178fa167-0d93-4985-b474-3911a0393fb5@group-D88AEF8F9869-SegmentedRaftLogWorker: created new log segment /workdir/hadoop-ozone/integration-test/target/test-dir/MiniOzoneClusterImpl-521d4657-8b90-42e2-88d0-1dd80c8159cc/datanode-0/data/ratis/596ef27f-b14c-485a-adef-d88aef8f9869/current/log_inprogress_0
2019-09-26 16:37:07,562 [6e9598b6-9dc4-49c9-af23-0bbf4a4b345a@group-D88AEF8F9869-SegmentedRaftLogWorker] INFO  segmented.SegmentedRaftLogWorker (SegmentedRaftLogWorker.java:execute(569)) - 6e9598b6-9dc4-49c9-af23-0bbf4a4b345a@group-D88AEF8F9869-SegmentedRaftLogWorker: created new log segment /workdir/hadoop-ozone/integration-test/target/test-dir/MiniOzoneClusterImpl-521d4657-8b90-42e2-88d0-1dd80c8159cc/datanode-6/data/ratis/596ef27f-b14c-485a-adef-d88aef8f9869/current/log_inprogress_0
2019-09-26 16:37:07,904 [main] INFO  ipc.Client (Client.java:handleConnectionFailure(948)) - Retrying connect to server: localhost/127.0.0.1:0. Already tried 0 time(s); retry policy is RetryUpToMaximumCountWithFixedSleep(maxRetries=10, sleepTime=1000 MILLISECONDS)
2019-09-26 16:37:08,289 [Thread-2171] INFO  container.ReplicationManager (ReplicationManager.java:start(162)) - Starting Replication Monitor Thread.
2019-09-26 16:37:08,292 [ReplicationMonitor] INFO  container.ReplicationManager (ReplicationManager.java:run(225)) - Replication Monitor Thread took 0 milliseconds for processing 0 containers.
2019-09-26 16:37:08,905 [main] INFO  ipc.Client (Client.java:handleConnectionFailure(948)) - Retrying connect to server: localhost/127.0.0.1:0. Already tried 1 time(s); retry policy is RetryUpToMaximumCountWithFixedSleep(maxRetries=10, sleepTime=1000 MILLISECONDS)
2019-09-26 16:37:09,906 [main] INFO  ipc.Client (Client.java:handleConnectionFailure(948)) - Retrying connect to server: localhost/127.0.0.1:0. Already tried 2 time(s); retry policy is RetryUpToMaximumCountWithFixedSleep(maxRetries=10, sleepTime=1000 MILLISECONDS)
2019-09-26 16:37:10,908 [main] INFO  ipc.Client (Client.java:handleConnectionFailure(948)) - Retrying connect to server: localhost/127.0.0.1:0. Already tried 3 time(s); retry policy is RetryUpToMaximumCountWithFixedSleep(maxRetries=10, sleepTime=1000 MILLISECONDS)
2019-09-26 16:37:11,909 [main] INFO  ipc.Client (Client.java:handleConnectionFailure(948)) - Retrying connect to server: localhost/127.0.0.1:0. Already tried 4 time(s); retry policy is RetryUpToMaximumCountWithFixedSleep(maxRetries=10, sleepTime=1000 MILLISECONDS)
2019-09-26 16:37:12,911 [main] INFO  ipc.Client (Client.java:handleConnectionFailure(948)) - Retrying connect to server: localhost/127.0.0.1:0. Already tried 5 time(s); retry policy is RetryUpToMaximumCountWithFixedSleep(maxRetries=10, sleepTime=1000 MILLISECONDS)
2019-09-26 16:37:13,913 [main] INFO  ipc.Client (Client.java:handleConnectionFailure(948)) - Retrying connect to server: localhost/127.0.0.1:0. Already tried 6 time(s); retry policy is RetryUpToMaximumCountWithFixedSleep(maxRetries=10, sleepTime=1000 MILLISECONDS)
2019-09-26 16:37:14,914 [main] INFO  ipc.Client (Client.java:handleConnectionFailure(948)) - Retrying connect to server: localhost/127.0.0.1:0. Already tried 7 time(s); retry policy is RetryUpToMaximumCountWithFixedSleep(maxRetries=10, sleepTime=1000 MILLISECONDS)
2019-09-26 16:37:15,915 [main] INFO  ipc.Client (Client.java:handleConnectionFailure(948)) - Retrying connect to server: localhost/127.0.0.1:0. Already tried 8 time(s); retry policy is RetryUpToMaximumCountWithFixedSleep(maxRetries=10, sleepTime=1000 MILLISECONDS)
2019-09-26 16:37:16,917 [main] INFO  ipc.Client (Client.java:handleConnectionFailure(948)) - Retrying connect to server: localhost/127.0.0.1:0. Already tried 9 time(s); retry policy is RetryUpToMaximumCountWithFixedSleep(maxRetries=10, sleepTime=1000 MILLISECONDS)
2019-09-26 16:37:17,921 [main] INFO  ipc.Client (Client.java:handleConnectionFailure(948)) - Retrying connect to server: localhost/127.0.0.1:0. Already tried 0 time(s); retry policy is RetryUpToMaximumCountWithFixedSleep(maxRetries=10, sleepTime=1000 MILLISECONDS)
2019-09-26 16:37:18,922 [main] INFO  ipc.Client (Client.java:handleConnectionFailure(948)) - Retrying connect to server: localhost/127.0.0.1:0. Already tried 1 time(s); retry policy is RetryUpToMaximumCountWithFixedSleep(maxRetries=10, sleepTime=1000 MILLISECONDS)
2019-09-26 16:37:19,923 [main] INFO  ipc.Client (Client.java:handleConnectionFailure(948)) - Retrying connect to server: localhost/127.0.0.1:0. Already tried 2 time(s); retry policy is RetryUpToMaximumCountWithFixedSleep(maxRetries=10, sleepTime=1000 MILLISECONDS)
2019-09-26 16:37:20,925 [main] INFO  ipc.Client (Client.java:handleConnectionFailure(948)) - Retrying connect to server: localhost/127.0.0.1:0. Already tried 3 time(s); retry policy is RetryUpToMaximumCountWithFixedSleep(maxRetries=10, sleepTime=1000 MILLISECONDS)
2019-09-26 16:37:21,926 [main] INFO  ipc.Client (Client.java:handleConnectionFailure(948)) - Retrying connect to server: localhost/127.0.0.1:0. Already tried 4 time(s); retry policy is RetryUpToMaximumCountWithFixedSleep(maxRetries=10, sleepTime=1000 MILLISECONDS)
2019-09-26 16:37:22,927 [main] INFO  ipc.Client (Client.java:handleConnectionFailure(948)) - Retrying connect to server: localhost/127.0.0.1:0. Already tried 5 time(s); retry policy is RetryUpToMaximumCountWithFixedSleep(maxRetries=10, sleepTime=1000 MILLISECONDS)
2019-09-26 16:37:23,929 [main] INFO  ipc.Client (Client.java:handleConnectionFailure(948)) - Retrying connect to server: localhost/127.0.0.1:0. Already tried 6 time(s); retry policy is RetryUpToMaximumCountWithFixedSleep(maxRetries=10, sleepTime=1000 MILLISECONDS)
2019-09-26 16:37:24,930 [main] INFO  ipc.Client (Client.java:handleConnectionFailure(948)) - Retrying connect to server: localhost/127.0.0.1:0. Already tried 7 time(s); retry policy is RetryUpToMaximumCountWithFixedSleep(maxRetries=10, sleepTime=1000 MILLISECONDS)
2019-09-26 16:37:25,931 [main] INFO  ipc.Client (Client.java:handleConnectionFailure(948)) - Retrying connect to server: localhost/127.0.0.1:0. Already tried 8 time(s); retry policy is RetryUpToMaximumCountWithFixedSleep(maxRetries=10, sleepTime=1000 MILLISECONDS)
2019-09-26 16:37:26,934 [main] INFO  ipc.Client (Client.java:handleConnectionFailure(948)) - Retrying connect to server: localhost/127.0.0.1:0. Already tried 9 time(s); retry policy is RetryUpToMaximumCountWithFixedSleep(maxRetries=10, sleepTime=1000 MILLISECONDS)
2019-09-26 16:37:26,936 [main] INFO  retry.RetryInvocationHandler (RetryInvocationHandler.java:log(411)) - com.google.protobuf.ServiceException: java.net.ConnectException: Your endpoint configuration is wrong; For more details see:  http://wiki.apache.org/hadoop/UnsetHostnameOrPort, while invoking $Proxy35.submitRequest over nodeId=null,nodeAddress=127.0.0.1:0 after 1 failover attempts. Trying to failover immediately.
2019-09-26 16:37:27,937 [main] INFO  ipc.Client (Client.java:handleConnectionFailure(948)) - Retrying connect to server: localhost/127.0.0.1:0. Already tried 0 time(s); retry policy is RetryUpToMaximumCountWithFixedSleep(maxRetries=10, sleepTime=1000 MILLISECONDS)
2019-09-26 16:37:28,938 [main] INFO  ipc.Client (Client.java:handleConnectionFailure(948)) - Retrying connect to server: localhost/127.0.0.1:0. Already tried 1 time(s); retry policy is RetryUpToMaximumCountWithFixedSleep(maxRetries=10, sleepTime=1000 MILLISECONDS)
2019-09-26 16:37:29,939 [main] INFO  ipc.Client (Client.java:handleConnectionFailure(948)) - Retrying connect to server: localhost/127.0.0.1:0. Already tried 2 time(s); retry policy is RetryUpToMaximumCountWithFixedSleep(maxRetries=10, sleepTime=1000 MILLISECONDS)
2019-09-26 16:37:30,941 [main] INFO  ipc.Client (Client.java:handleConnectionFailure(948)) - Retrying connect to server: localhost/127.0.0.1:0. Already tried 3 time(s); retry policy is RetryUpToMaximumCountWithFixedSleep(maxRetries=10, sleepTime=1000 MILLISECONDS)
2019-09-26 16:37:31,943 [main] INFO  ipc.Client (Client.java:handleConnectionFailure(948)) - Retrying connect to server: localhost/127.0.0.1:0. Already tried 4 time(s); retry policy is RetryUpToMaximumCountWithFixedSleep(maxRetries=10, sleepTime=1000 MILLISECONDS)
2019-09-26 16:37:32,944 [main] INFO  ipc.Client (Client.java:handleConnectionFailure(948)) - Retrying connect to server: localhost/127.0.0.1:0. Already tried 5 time(s); retry policy is RetryUpToMaximumCountWithFixedSleep(maxRetries=10, sleepTime=1000 MILLISECONDS)
2019-09-26 16:37:33,945 [main] INFO  ipc.Client (Client.java:handleConnectionFailure(948)) - Retrying connect to server: localhost/127.0.0.1:0. Already tried 6 time(s); retry policy is RetryUpToMaximumCountWithFixedSleep(maxRetries=10, sleepTime=1000 MILLISECONDS)
2019-09-26 16:37:34,946 [main] INFO  ipc.Client (Client.java:handleConnectionFailure(948)) - Retrying connect to server: localhost/127.0.0.1:0. Already tried 7 time(s); retry policy is RetryUpToMaximumCountWithFixedSleep(maxRetries=10, sleepTime=1000 MILLISECONDS)
2019-09-26 16:37:35,948 [main] INFO  ipc.Client (Client.java:handleConnectionFailure(948)) - Retrying connect to server: localhost/127.0.0.1:0. Already tried 8 time(s); retry policy is RetryUpToMaximumCountWithFixedSleep(maxRetries=10, sleepTime=1000 MILLISECONDS)
2019-09-26 16:37:36,949 [main] INFO  ipc.Client (Client.java:handleConnectionFailure(948)) - Retrying connect to server: localhost/127.0.0.1:0. Already tried 9 time(s); retry policy is RetryUpToMaximumCountWithFixedSleep(maxRetries=10, sleepTime=1000 MILLISECONDS)
2019-09-26 16:37:36,951 [main] INFO  retry.RetryInvocationHandler (RetryInvocationHandler.java:log(411)) - com.google.protobuf.ServiceException: java.net.ConnectException: Your endpoint configuration is wrong; For more details see:  http://wiki.apache.org/hadoop/UnsetHostnameOrPort, while invoking $Proxy35.submitRequest over nodeId=null,nodeAddress=127.0.0.1:0 after 2 failover attempts. Trying to failover immediately.
2019-09-26 16:37:37,952 [main] INFO  ipc.Client (Client.java:handleConnectionFailure(948)) - Retrying connect to server: localhost/127.0.0.1:0. Already tried 0 time(s); retry policy is RetryUpToMaximumCountWithFixedSleep(maxRetries=10, sleepTime=1000 MILLISECONDS)
2019-09-26 16:37:38,953 [main] INFO  ipc.Client (Client.java:handleConnectionFailure(948)) - Retrying connect to server: localhost/127.0.0.1:0. Already tried 1 time(s); retry policy is RetryUpToMaximumCountWithFixedSleep(maxRetries=10, sleepTime=1000 MILLISECONDS)
2019-09-26 16:37:39,957 [main] INFO  ipc.Client (Client.java:handleConnectionFailure(948)) - Retrying connect to server: localhost/127.0.0.1:0. Already tried 2 time(s); retry policy is RetryUpToMaximumCountWithFixedSleep(maxRetries=10, sleepTime=1000 MILLISECONDS)
2019-09-26 16:37:40,959 [main] INFO  ipc.Client (Client.java:handleConnectionFailure(948)) - Retrying connect to server: localhost/127.0.0.1:0. Already tried 3 time(s); retry policy is RetryUpToMaximumCountWithFixedSleep(maxRetries=10, sleepTime=1000 MILLISECONDS)
2019-09-26 16:37:41,960 [main] INFO  ipc.Client (Client.java:handleConnectionFailure(948)) - Retrying connect to server: localhost/127.0.0.1:0. Already tried 4 time(s); retry policy is RetryUpToMaximumCountWithFixedSleep(maxRetries=10, sleepTime=1000 MILLISECONDS)
2019-09-26 16:37:42,962 [main] INFO  ipc.Client (Client.java:handleConnectionFailure(948)) - Retrying connect to server: localhost/127.0.0.1:0. Already tried 5 time(s); retry policy is RetryUpToMaximumCountWithFixedSleep(maxRetries=10, sleepTime=1000 MILLISECONDS)
2019-09-26 16:37:43,963 [main] INFO  ipc.Client (Client.java:handleConnectionFailure(948)) - Retrying connect to server: localhost/127.0.0.1:0. Already tried 6 time(s); retry policy is RetryUpToMaximumCountWithFixedSleep(maxRetries=10, sleepTime=1000 MILLISECONDS)
2019-09-26 16:37:44,964 [main] INFO  ipc.Client (Client.java:handleConnectionFailure(948)) - Retrying connect to server: localhost/127.0.0.1:0. Already tried 7 time(s); retry policy is RetryUpToMaximumCountWithFixedSleep(maxRetries=10, sleepTime=1000 MILLISECONDS)
2019-09-26 16:37:45,965 [main] INFO  ipc.Client (Client.java:handleConnectionFailure(948)) - Retrying connect to server: localhost/127.0.0.1:0. Already tried 8 time(s); retry policy is RetryUpToMaximumCountWithFixedSleep(maxRetries=10, sleepTime=1000 MILLISECONDS)
2019-09-26 16:37:46,966 [main] INFO  ipc.Client (Client.java:handleConnectionFailure(948)) - Retrying connect to server: localhost/127.0.0.1:0. Already tried 9 time(s); retry policy is RetryUpToMaximumCountWithFixedSleep(maxRetries=10, sleepTime=1000 MILLISECONDS)
2019-09-26 16:37:46,969 [main] INFO  retry.RetryInvocationHandler (RetryInvocationHandler.java:log(411)) - com.google.protobuf.ServiceException: java.net.ConnectException: Your endpoint configuration is wrong; For more details see:  http://wiki.apache.org/hadoop/UnsetHostnameOrPort, while invoking $Proxy35.submitRequest over nodeId=null,nodeAddress=127.0.0.1:0 after 3 failover attempts. Trying to failover immediately.
2019-09-26 16:37:47,972 [main] INFO  ipc.Client (Client.java:handleConnectionFailure(948)) - Retrying connect to server: localhost/127.0.0.1:0. Already tried 0 time(s); retry policy is RetryUpToMaximumCountWithFixedSleep(maxRetries=10, sleepTime=1000 MILLISECONDS)
2019-09-26 16:37:48,973 [main] INFO  ipc.Client (Client.java:handleConnectionFailure(948)) - Retrying connect to server: localhost/127.0.0.1:0. Already tried 1 time(s); retry policy is RetryUpToMaximumCountWithFixedSleep(maxRetries=10, sleepTime=1000 MILLISECONDS)
2019-09-26 16:37:49,975 [main] INFO  ipc.Client (Client.java:handleConnectionFailure(948)) - Retrying connect to server: localhost/127.0.0.1:0. Already tried 2 time(s); retry policy is RetryUpToMaximumCountWithFixedSleep(maxRetries=10, sleepTime=1000 MILLISECONDS)
2019-09-26 16:37:50,976 [main] INFO  ipc.Client (Client.java:handleConnectionFailure(948)) - Retrying connect to server: localhost/127.0.0.1:0. Already tried 3 time(s); retry policy is RetryUpToMaximumCountWithFixedSleep(maxRetries=10, sleepTime=1000 MILLISECONDS)
2019-09-26 16:37:51,977 [main] INFO  ipc.Client (Client.java:handleConnectionFailure(948)) - Retrying connect to server: localhost/127.0.0.1:0. Already tried 4 time(s); retry policy is RetryUpToMaximumCountWithFixedSleep(maxRetries=10, sleepTime=1000 MILLISECONDS)
2019-09-26 16:37:52,980 [main] INFO  ipc.Client (Client.java:handleConnectionFailure(948)) - Retrying connect to server: localhost/127.0.0.1:0. Already tried 5 time(s); retry policy is RetryUpToMaximumCountWithFixedSleep(maxRetries=10, sleepTime=1000 MILLISECONDS)
2019-09-26 16:37:53,981 [main] INFO  ipc.Client (Client.java:handleConnectionFailure(948)) - Retrying connect to server: localhost/127.0.0.1:0. Already tried 6 time(s); retry policy is RetryUpToMaximumCountWithFixedSleep(maxRetries=10, sleepTime=1000 MILLISECONDS)
2019-09-26 16:37:54,983 [main] INFO  ipc.Client (Client.java:handleConnectionFailure(948)) - Retrying connect to server: localhost/127.0.0.1:0. Already tried 7 time(s); retry policy is RetryUpToMaximumCountWithFixedSleep(maxRetries=10, sleepTime=1000 MILLISECONDS)
2019-09-26 16:37:55,984 [main] INFO  ipc.Client (Client.java:handleConnectionFailure(948)) - Retrying connect to server: localhost/127.0.0.1:0. Already tried 8 time(s); retry policy is RetryUpToMaximumCountWithFixedSleep(maxRetries=10, sleepTime=1000 MILLISECONDS)
2019-09-26 16:37:56,985 [main] INFO  ipc.Client (Client.java:handleConnectionFailure(948)) - Retrying connect to server: localhost/127.0.0.1:0. Already tried 9 time(s); retry policy is RetryUpToMaximumCountWithFixedSleep(maxRetries=10, sleepTime=1000 MILLISECONDS)
2019-09-26 16:37:56,988 [main] INFO  retry.RetryInvocationHandler (RetryInvocationHandler.java:log(411)) - com.google.protobuf.ServiceException: java.net.ConnectException: Your endpoint configuration is wrong; For more details see:  http://wiki.apache.org/hadoop/UnsetHostnameOrPort, while invoking $Proxy35.submitRequest over nodeId=null,nodeAddress=127.0.0.1:0 after 4 failover attempts. Trying to failover immediately.
2019-09-26 16:37:58,017 [main] INFO  ipc.Client (Client.java:handleConnectionFailure(948)) - Retrying connect to server: localhost/127.0.0.1:0. Already tried 0 time(s); retry policy is RetryUpToMaximumCountWithFixedSleep(maxRetries=10, sleepTime=1000 MILLISECONDS)
2019-09-26 16:37:59,021 [main] INFO  ipc.Client (Client.java:handleConnectionFailure(948)) - Retrying connect to server: localhost/127.0.0.1:0. Already tried 1 time(s); retry policy is RetryUpToMaximumCountWithFixedSleep(maxRetries=10, sleepTime=1000 MILLISECONDS)
2019-09-26 16:38:00,027 [main] INFO  ipc.Client (Client.java:handleConnectionFailure(948)) - Retrying connect to server: localhost/127.0.0.1:0. Already tried 2 time(s); retry policy is RetryUpToMaximumCountWithFixedSleep(maxRetries=10, sleepTime=1000 MILLISECONDS)
2019-09-26 16:38:01,028 [main] INFO  ipc.Client (Client.java:handleConnectionFailure(948)) - Retrying connect to server: localhost/127.0.0.1:0. Already tried 3 time(s); retry policy is RetryUpToMaximumCountWithFixedSleep(maxRetries=10, sleepTime=1000 MILLISECONDS)
2019-09-26 16:38:02,029 [main] INFO  ipc.Client (Client.java:handleConnectionFailure(948)) - Retrying connect to server: localhost/127.0.0.1:0. Already tried 4 time(s); retry policy is RetryUpToMaximumCountWithFixedSleep(maxRetries=10, sleepTime=1000 MILLISECONDS)
2019-09-26 16:38:03,031 [main] INFO  ipc.Client (Client.java:handleConnectionFailure(948)) - Retrying connect to server: localhost/127.0.0.1:0. Already tried 5 time(s); retry policy is RetryUpToMaximumCountWithFixedSleep(maxRetries=10, sleepTime=1000 MILLISECONDS)
2019-09-26 16:38:04,032 [main] INFO  ipc.Client (Client.java:handleConnectionFailure(948)) - Retrying connect to server: localhost/127.0.0.1:0. Already tried 6 time(s); retry policy is RetryUpToMaximumCountWithFixedSleep(maxRetries=10, sleepTime=1000 MILLISECONDS)
2019-09-26 16:38:05,033 [main] INFO  ipc.Client (Client.java:handleConnectionFailure(948)) - Retrying connect to server: localhost/127.0.0.1:0. Already tried 7 time(s); retry policy is RetryUpToMaximumCountWithFixedSleep(maxRetries=10, sleepTime=1000 MILLISECONDS)
2019-09-26 16:38:06,034 [main] INFO  ipc.Client (Client.java:handleConnectionFailure(948)) - Retrying connect to server: localhost/127.0.0.1:0. Already tried 8 time(s); retry policy is RetryUpToMaximumCountWithFixedSleep(maxRetries=10, sleepTime=1000 MILLISECONDS)
2019-09-26 16:38:07,036 [main] INFO  ipc.Client (Client.java:handleConnectionFailure(948)) - Retrying connect to server: localhost/127.0.0.1:0. Already tried 9 time(s); retry policy is RetryUpToMaximumCountWithFixedSleep(maxRetries=10, sleepTime=1000 MILLISECONDS)
2019-09-26 16:38:07,038 [main] INFO  retry.RetryInvocationHandler (RetryInvocationHandler.java:log(411)) - com.google.protobuf.ServiceException: java.net.ConnectException: Your endpoint configuration is wrong; For more details see:  http://wiki.apache.org/hadoop/UnsetHostnameOrPort, while invoking $Proxy35.submitRequest over nodeId=null,nodeAddress=127.0.0.1:0 after 5 failover attempts. Trying to failover immediately.
2019-09-26 16:38:08,040 [main] INFO  ipc.Client (Client.java:handleConnectionFailure(948)) - Retrying connect to server: localhost/127.0.0.1:0. Already tried 0 time(s); retry policy is RetryUpToMaximumCountWithFixedSleep(maxRetries=10, sleepTime=1000 MILLISECONDS)
2019-09-26 16:38:09,041 [main] INFO  ipc.Client (Client.java:handleConnectionFailure(948)) - Retrying connect to server: localhost/127.0.0.1:0. Already tried 1 time(s); retry policy is RetryUpToMaximumCountWithFixedSleep(maxRetries=10, sleepTime=1000 MILLISECONDS)
2019-09-26 16:38:10,042 [main] INFO  ipc.Client (Client.java:handleConnectionFailure(948)) - Retrying connect to server: localhost/127.0.0.1:0. Already tried 2 time(s); retry policy is RetryUpToMaximumCountWithFixedSleep(maxRetries=10, sleepTime=1000 MILLISECONDS)
2019-09-26 16:38:11,044 [main] INFO  ipc.Client (Client.java:handleConnectionFailure(948)) - Retrying connect to server: localhost/127.0.0.1:0. Already tried 3 time(s); retry policy is RetryUpToMaximumCountWithFixedSleep(maxRetries=10, sleepTime=1000 MILLISECONDS)
2019-09-26 16:38:12,045 [main] INFO  ipc.Client (Client.java:handleConnectionFailure(948)) - Retrying connect to server: localhost/127.0.0.1:0. Already tried 4 time(s); retry policy is RetryUpToMaximumCountWithFixedSleep(maxRetries=10, sleepTime=1000 MILLISECONDS)
2019-09-26 16:38:13,047 [main] INFO  ipc.Client (Client.java:handleConnectionFailure(948)) - Retrying connect to server: localhost/127.0.0.1:0. Already tried 5 time(s); retry policy is RetryUpToMaximumCountWithFixedSleep(maxRetries=10, sleepTime=1000 MILLISECONDS)
2019-09-26 16:38:14,049 [main] INFO  ipc.Client (Client.java:handleConnectionFailure(948)) - Retrying connect to server: localhost/127.0.0.1:0. Already tried 6 time(s); retry policy is RetryUpToMaximumCountWithFixedSleep(maxRetries=10, sleepTime=1000 MILLISECONDS)
2019-09-26 16:38:15,050 [main] INFO  ipc.Client (Client.java:handleConnectionFailure(948)) - Retrying connect to server: localhost/127.0.0.1:0. Already tried 7 time(s); retry policy is RetryUpToMaximumCountWithFixedSleep(maxRetries=10, sleepTime=1000 MILLISECONDS)
2019-09-26 16:38:16,051 [main] INFO  ipc.Client (Client.java:handleConnectionFailure(948)) - Retrying connect to server: localhost/127.0.0.1:0. Already tried 8 time(s); retry policy is RetryUpToMaximumCountWithFixedSleep(maxRetries=10, sleepTime=1000 MILLISECONDS)
2019-09-26 16:38:17,052 [main] INFO  ipc.Client (Client.java:handleConnectionFailure(948)) - Retrying connect to server: localhost/127.0.0.1:0. Already tried 9 time(s); retry policy is RetryUpToMaximumCountWithFixedSleep(maxRetries=10, sleepTime=1000 MILLISECONDS)
2019-09-26 16:38:17,054 [main] INFO  retry.RetryInvocationHandler (RetryInvocationHandler.java:log(411)) - com.google.protobuf.ServiceException: java.net.ConnectException: Your endpoint configuration is wrong; For more details see:  http://wiki.apache.org/hadoop/UnsetHostnameOrPort, while invoking $Proxy35.submitRequest over nodeId=null,nodeAddress=127.0.0.1:0 after 6 failover attempts. Trying to failover immediately.
2019-09-26 16:38:18,055 [main] INFO  ipc.Client (Client.java:handleConnectionFailure(948)) - Retrying connect to server: localhost/127.0.0.1:0. Already tried 0 time(s); retry policy is RetryUpToMaximumCountWithFixedSleep(maxRetries=10, sleepTime=1000 MILLISECONDS)
2019-09-26 16:38:19,057 [main] INFO  ipc.Client (Client.java:handleConnectionFailure(948)) - Retrying connect to server: localhost/127.0.0.1:0. Already tried 1 time(s); retry policy is RetryUpToMaximumCountWithFixedSleep(maxRetries=10, sleepTime=1000 MILLISECONDS)
2019-09-26 16:38:20,058 [main] INFO  ipc.Client (Client.java:handleConnectionFailure(948)) - Retrying connect to server: localhost/127.0.0.1:0. Already tried 2 time(s); retry policy is RetryUpToMaximumCountWithFixedSleep(maxRetries=10, sleepTime=1000 MILLISECONDS)
2019-09-26 16:38:21,059 [main] INFO  ipc.Client (Client.java:handleConnectionFailure(948)) - Retrying connect to server: localhost/127.0.0.1:0. Already tried 3 time(s); retry policy is RetryUpToMaximumCountWithFixedSleep(maxRetries=10, sleepTime=1000 MILLISECONDS)
2019-09-26 16:38:22,061 [main] INFO  ipc.Client (Client.java:handleConnectionFailure(948)) - Retrying connect to server: localhost/127.0.0.1:0. Already tried 4 time(s); retry policy is RetryUpToMaximumCountWithFixedSleep(maxRetries=10, sleepTime=1000 MILLISECONDS)
2019-09-26 16:38:23,063 [main] INFO  ipc.Client (Client.java:handleConnectionFailure(948)) - Retrying connect to server: localhost/127.0.0.1:0. Already tried 5 time(s); retry policy is RetryUpToMaximumCountWithFixedSleep(maxRetries=10, sleepTime=1000 MILLISECONDS)
2019-09-26 16:38:24,064 [main] INFO  ipc.Client (Client.java:handleConnectionFailure(948)) - Retrying connect to server: localhost/127.0.0.1:0. Already tried 6 time(s); retry policy is RetryUpToMaximumCountWithFixedSleep(maxRetries=10, sleepTime=1000 MILLISECONDS)
2019-09-26 16:38:25,065 [main] INFO  ipc.Client (Client.java:handleConnectionFailure(948)) - Retrying connect to server: localhost/127.0.0.1:0. Already tried 7 time(s); retry policy is RetryUpToMaximumCountWithFixedSleep(maxRetries=10, sleepTime=1000 MILLISECONDS)
2019-09-26 16:38:26,067 [main] INFO  ipc.Client (Client.java:handleConnectionFailure(948)) - Retrying connect to server: localhost/127.0.0.1:0. Already tried 8 time(s); retry policy is RetryUpToMaximumCountWithFixedSleep(maxRetries=10, sleepTime=1000 MILLISECONDS)
2019-09-26 16:38:27,068 [main] INFO  ipc.Client (Client.java:handleConnectionFailure(948)) - Retrying connect to server: localhost/127.0.0.1:0. Already tried 9 time(s); retry policy is RetryUpToMaximumCountWithFixedSleep(maxRetries=10, sleepTime=1000 MILLISECONDS)
2019-09-26 16:38:27,070 [main] INFO  retry.RetryInvocationHandler (RetryInvocationHandler.java:log(411)) - com.google.protobuf.ServiceException: java.net.ConnectException: Your endpoint configuration is wrong; For more details see:  http://wiki.apache.org/hadoop/UnsetHostnameOrPort, while invoking $Proxy35.submitRequest over nodeId=null,nodeAddress=127.0.0.1:0 after 7 failover attempts. Trying to failover immediately.
2019-09-26 16:38:28,071 [main] INFO  ipc.Client (Client.java:handleConnectionFailure(948)) - Retrying connect to server: localhost/127.0.0.1:0. Already tried 0 time(s); retry policy is RetryUpToMaximumCountWithFixedSleep(maxRetries=10, sleepTime=1000 MILLISECONDS)
2019-09-26 16:38:29,073 [main] INFO  ipc.Client (Client.java:handleConnectionFailure(948)) - Retrying connect to server: localhost/127.0.0.1:0. Already tried 1 time(s); retry policy is RetryUpToMaximumCountWithFixedSleep(maxRetries=10, sleepTime=1000 MILLISECONDS)
2019-09-26 16:38:30,074 [main] INFO  ipc.Client (Client.java:handleConnectionFailure(948)) - Retrying connect to server: localhost/127.0.0.1:0. Already tried 2 time(s); retry policy is RetryUpToMaximumCountWithFixedSleep(maxRetries=10, sleepTime=1000 MILLISECONDS)
2019-09-26 16:38:31,075 [main] INFO  ipc.Client (Client.java:handleConnectionFailure(948)) - Retrying connect to server: localhost/127.0.0.1:0. Already tried 3 time(s); retry policy is RetryUpToMaximumCountWithFixedSleep(maxRetries=10, sleepTime=1000 MILLISECONDS)
2019-09-26 16:38:32,077 [main] INFO  ipc.Client (Client.java:handleConnectionFailure(948)) - Retrying connect to server: localhost/127.0.0.1:0. Already tried 4 time(s); retry policy is RetryUpToMaximumCountWithFixedSleep(maxRetries=10, sleepTime=1000 MILLISECONDS)
2019-09-26 16:38:33,078 [main] INFO  ipc.Client (Client.java:handleConnectionFailure(948)) - Retrying connect to server: localhost/127.0.0.1:0. Already tried 5 time(s); retry policy is RetryUpToMaximumCountWithFixedSleep(maxRetries=10, sleepTime=1000 MILLISECONDS)
2019-09-26 16:38:34,080 [main] INFO  ipc.Client (Client.java:handleConnectionFailure(948)) - Retrying connect to server: localhost/127.0.0.1:0. Already tried 6 time(s); retry policy is RetryUpToMaximumCountWithFixedSleep(maxRetries=10, sleepTime=1000 MILLISECONDS)
2019-09-26 16:38:35,081 [main] INFO  ipc.Client (Client.java:handleConnectionFailure(948)) - Retrying connect to server: localhost/127.0.0.1:0. Already tried 7 time(s); retry policy is RetryUpToMaximumCountWithFixedSleep(maxRetries=10, sleepTime=1000 MILLISECONDS)
2019-09-26 16:38:36,082 [main] INFO  ipc.Client (Client.java:handleConnectionFailure(948)) - Retrying connect to server: localhost/127.0.0.1:0. Already tried 8 time(s); retry policy is RetryUpToMaximumCountWithFixedSleep(maxRetries=10, sleepTime=1000 MILLISECONDS)
2019-09-26 16:38:37,084 [main] INFO  ipc.Client (Client.java:handleConnectionFailure(948)) - Retrying connect to server: localhost/127.0.0.1:0. Already tried 9 time(s); retry policy is RetryUpToMaximumCountWithFixedSleep(maxRetries=10, sleepTime=1000 MILLISECONDS)
2019-09-26 16:38:37,086 [main] INFO  retry.RetryInvocationHandler (RetryInvocationHandler.java:log(411)) - com.google.protobuf.ServiceException: java.net.ConnectException: Your endpoint configuration is wrong; For more details see:  http://wiki.apache.org/hadoop/UnsetHostnameOrPort, while invoking $Proxy35.submitRequest over nodeId=null,nodeAddress=127.0.0.1:0 after 8 failover attempts. Trying to failover immediately.
2019-09-26 16:38:38,087 [main] INFO  ipc.Client (Client.java:handleConnectionFailure(948)) - Retrying connect to server: localhost/127.0.0.1:0. Already tried 0 time(s); retry policy is RetryUpToMaximumCountWithFixedSleep(maxRetries=10, sleepTime=1000 MILLISECONDS)
2019-09-26 16:38:39,088 [main] INFO  ipc.Client (Client.java:handleConnectionFailure(948)) - Retrying connect to server: localhost/127.0.0.1:0. Already tried 1 time(s); retry policy is RetryUpToMaximumCountWithFixedSleep(maxRetries=10, sleepTime=1000 MILLISECONDS)
2019-09-26 16:38:40,089 [main] INFO  ipc.Client (Client.java:handleConnectionFailure(948)) - Retrying connect to server: localhost/127.0.0.1:0. Already tried 2 time(s); retry policy is RetryUpToMaximumCountWithFixedSleep(maxRetries=10, sleepTime=1000 MILLISECONDS)
2019-09-26 16:38:41,091 [main] INFO  ipc.Client (Client.java:handleConnectionFailure(948)) - Retrying connect to server: localhost/127.0.0.1:0. Already tried 3 time(s); retry policy is RetryUpToMaximumCountWithFixedSleep(maxRetries=10, sleepTime=1000 MILLISECONDS)
2019-09-26 16:38:42,092 [main] INFO  ipc.Client (Client.java:handleConnectionFailure(948)) - Retrying connect to server: localhost/127.0.0.1:0. Already tried 4 time(s); retry policy is RetryUpToMaximumCountWithFixedSleep(maxRetries=10, sleepTime=1000 MILLISECONDS)
2019-09-26 16:38:43,093 [main] INFO  ipc.Client (Client.java:handleConnectionFailure(948)) - Retrying connect to server: localhost/127.0.0.1:0. Already tried 5 time(s); retry policy is RetryUpToMaximumCountWithFixedSleep(maxRetries=10, sleepTime=1000 MILLISECONDS)
2019-09-26 16:38:44,095 [main] INFO  ipc.Client (Client.java:handleConnectionFailure(948)) - Retrying connect to server: localhost/127.0.0.1:0. Already tried 6 time(s); retry policy is RetryUpToMaximumCountWithFixedSleep(maxRetries=10, sleepTime=1000 MILLISECONDS)
2019-09-26 16:38:45,096 [main] INFO  ipc.Client (Client.java:handleConnectionFailure(948)) - Retrying connect to server: localhost/127.0.0.1:0. Already tried 7 time(s); retry policy is RetryUpToMaximumCountWithFixedSleep(maxRetries=10, sleepTime=1000 MILLISECONDS)
2019-09-26 16:38:46,098 [main] INFO  ipc.Client (Client.java:handleConnectionFailure(948)) - Retrying connect to server: localhost/127.0.0.1:0. Already tried 8 time(s); retry policy is RetryUpToMaximumCountWithFixedSleep(maxRetries=10, sleepTime=1000 MILLISECONDS)
2019-09-26 16:38:47,099 [main] INFO  ipc.Client (Client.java:handleConnectionFailure(948)) - Retrying connect to server: localhost/127.0.0.1:0. Already tried 9 time(s); retry policy is RetryUpToMaximumCountWithFixedSleep(maxRetries=10, sleepTime=1000 MILLISECONDS)
2019-09-26 16:38:47,101 [main] INFO  retry.RetryInvocationHandler (RetryInvocationHandler.java:log(411)) - com.google.protobuf.ServiceException: java.net.ConnectException: Your endpoint configuration is wrong; For more details see:  http://wiki.apache.org/hadoop/UnsetHostnameOrPort, while invoking $Proxy35.submitRequest over nodeId=null,nodeAddress=127.0.0.1:0 after 9 failover attempts. Trying to failover immediately.
2019-09-26 16:38:48,102 [main] INFO  ipc.Client (Client.java:handleConnectionFailure(948)) - Retrying connect to server: localhost/127.0.0.1:0. Already tried 0 time(s); retry policy is RetryUpToMaximumCountWithFixedSleep(maxRetries=10, sleepTime=1000 MILLISECONDS)
2019-09-26 16:38:49,103 [main] INFO  ipc.Client (Client.java:handleConnectionFailure(948)) - Retrying connect to server: localhost/127.0.0.1:0. Already tried 1 time(s); retry policy is RetryUpToMaximumCountWithFixedSleep(maxRetries=10, sleepTime=1000 MILLISECONDS)
2019-09-26 16:38:50,105 [main] INFO  ipc.Client (Client.java:handleConnectionFailure(948)) - Retrying connect to server: localhost/127.0.0.1:0. Already tried 2 time(s); retry policy is RetryUpToMaximumCountWithFixedSleep(maxRetries=10, sleepTime=1000 MILLISECONDS)
2019-09-26 16:38:51,106 [main] INFO  ipc.Client (Client.java:handleConnectionFailure(948)) - Retrying connect to server: localhost/127.0.0.1:0. Already tried 3 time(s); retry policy is RetryUpToMaximumCountWithFixedSleep(maxRetries=10, sleepTime=1000 MILLISECONDS)
2019-09-26 16:38:52,107 [main] INFO  ipc.Client (Client.java:handleConnectionFailure(948)) - Retrying connect to server: localhost/127.0.0.1:0. Already tried 4 time(s); retry policy is RetryUpToMaximumCountWithFixedSleep(maxRetries=10, sleepTime=1000 MILLISECONDS)
2019-09-26 16:38:53,108 [main] INFO  ipc.Client (Client.java:handleConnectionFailure(948)) - Retrying connect to server: localhost/127.0.0.1:0. Already tried 5 time(s); retry policy is RetryUpToMaximumCountWithFixedSleep(maxRetries=10, sleepTime=1000 MILLISECONDS)
2019-09-26 16:38:54,109 [main] INFO  ipc.Client (Client.java:handleConnectionFailure(948)) - Retrying connect to server: localhost/127.0.0.1:0. Already tried 6 time(s); retry policy is RetryUpToMaximumCountWithFixedSleep(maxRetries=10, sleepTime=1000 MILLISECONDS)
2019-09-26 16:38:55,111 [main] INFO  ipc.Client (Client.java:handleConnectionFailure(948)) - Retrying connect to server: localhost/127.0.0.1:0. Already tried 7 time(s); retry policy is RetryUpToMaximumCountWithFixedSleep(maxRetries=10, sleepTime=1000 MILLISECONDS)
2019-09-26 16:38:56,112 [main] INFO  ipc.Client (Client.java:handleConnectionFailure(948)) - Retrying connect to server: localhost/127.0.0.1:0. Already tried 8 time(s); retry policy is RetryUpToMaximumCountWithFixedSleep(maxRetries=10, sleepTime=1000 MILLISECONDS)
2019-09-26 16:38:57,113 [main] INFO  ipc.Client (Client.java:handleConnectionFailure(948)) - Retrying connect to server: localhost/127.0.0.1:0. Already tried 9 time(s); retry policy is RetryUpToMaximumCountWithFixedSleep(maxRetries=10, sleepTime=1000 MILLISECONDS)
2019-09-26 16:38:57,115 [main] ERROR ha.OMFailoverProxyProvider (OzoneManagerProtocolClientSideTranslatorPB.java:getRetryAction(268)) - Failed to connect to OM. Attempted 10 retries and 10 failovers
2019-09-26 16:38:57,115 [main] ERROR client.OzoneClientFactory (OzoneClientFactory.java:getClientProtocol(259)) - Couldn't create RpcClient protocol exception: 
java.net.ConnectException: Your endpoint configuration is wrong; For more details see:  http://wiki.apache.org/hadoop/UnsetHostnameOrPort
	at sun.reflect.GeneratedConstructorAccessor41.newInstance(Unknown Source)
	at sun.reflect.DelegatingConstructorAccessorImpl.newInstance(DelegatingConstructorAccessorImpl.java:45)
	at java.lang.reflect.Constructor.newInstance(Constructor.java:423)
	at org.apache.hadoop.net.NetUtils.wrapWithMessage(NetUtils.java:831)
	at org.apache.hadoop.net.NetUtils.wrapException(NetUtils.java:751)
	at org.apache.hadoop.ipc.Client.getRpcResponse(Client.java:1515)
	at org.apache.hadoop.ipc.Client.call(Client.java:1457)
	at org.apache.hadoop.ipc.Client.call(Client.java:1367)
	at org.apache.hadoop.ipc.ProtobufRpcEngine$Invoker.invoke(ProtobufRpcEngine.java:228)
	at org.apache.hadoop.ipc.ProtobufRpcEngine$Invoker.invoke(ProtobufRpcEngine.java:116)
	at com.sun.proxy.$Proxy35.submitRequest(Unknown Source)
	at sun.reflect.GeneratedMethodAccessor36.invoke(Unknown Source)
	at sun.reflect.DelegatingMethodAccessorImpl.invoke(DelegatingMethodAccessorImpl.java:43)
	at java.lang.reflect.Method.invoke(Method.java:498)
	at org.apache.hadoop.io.retry.RetryInvocationHandler.invokeMethod(RetryInvocationHandler.java:422)
	at org.apache.hadoop.io.retry.RetryInvocationHandler$Call.invokeMethod(RetryInvocationHandler.java:165)
	at org.apache.hadoop.io.retry.RetryInvocationHandler$Call.invoke(RetryInvocationHandler.java:157)
	at org.apache.hadoop.io.retry.RetryInvocationHandler$Call.invokeOnce(RetryInvocationHandler.java:95)
	at org.apache.hadoop.io.retry.RetryInvocationHandler.invoke(RetryInvocationHandler.java:359)
	at com.sun.proxy.$Proxy35.submitRequest(Unknown Source)
	at org.apache.hadoop.ozone.om.protocolPB.OzoneManagerProtocolClientSideTranslatorPB.submitRequest(OzoneManagerProtocolClientSideTranslatorPB.java:338)
	at org.apache.hadoop.ozone.om.protocolPB.OzoneManagerProtocolClientSideTranslatorPB.getServiceInfo(OzoneManagerProtocolClientSideTranslatorPB.java:1223)
	at sun.reflect.NativeMethodAccessorImpl.invoke0(Native Method)
	at sun.reflect.NativeMethodAccessorImpl.invoke(NativeMethodAccessorImpl.java:62)
	at sun.reflect.DelegatingMethodAccessorImpl.invoke(DelegatingMethodAccessorImpl.java:43)
	at java.lang.reflect.Method.invoke(Method.java:498)
	at org.apache.hadoop.hdds.tracing.TraceAllMethod.invoke(TraceAllMethod.java:66)
	at com.sun.proxy.$Proxy36.getServiceInfo(Unknown Source)
	at org.apache.hadoop.ozone.client.rpc.RpcClient.<init>(RpcClient.java:154)
	at org.apache.hadoop.ozone.client.OzoneClientFactory.getClientProtocol(OzoneClientFactory.java:256)
	at org.apache.hadoop.ozone.client.OzoneClientFactory.getClientProtocol(OzoneClientFactory.java:239)
	at org.apache.hadoop.ozone.client.OzoneClientFactory.getClient(OzoneClientFactory.java:75)
	at org.apache.hadoop.ozone.client.rpc.TestFailureHandlingByClient.init(TestFailureHandlingByClient.java:111)
	at org.apache.hadoop.ozone.client.rpc.TestFailureHandlingByClient.startCluster(TestFailureHandlingByClient.java:121)
	at org.apache.hadoop.ozone.client.rpc.TestFailureHandlingByClient.testContainerExclusionWithClosedContainerException(TestFailureHandlingByClient.java:224)
	at sun.reflect.NativeMethodAccessorImpl.invoke0(Native Method)
	at sun.reflect.NativeMethodAccessorImpl.invoke(NativeMethodAccessorImpl.java:62)
	at sun.reflect.DelegatingMethodAccessorImpl.invoke(DelegatingMethodAccessorImpl.java:43)
	at java.lang.reflect.Method.invoke(Method.java:498)
	at org.junit.runners.model.FrameworkMethod$1.runReflectiveCall(FrameworkMethod.java:47)
	at org.junit.internal.runners.model.ReflectiveCallable.run(ReflectiveCallable.java:12)
	at org.junit.runners.model.FrameworkMethod.invokeExplosively(FrameworkMethod.java:44)
	at org.junit.internal.runners.statements.InvokeMethod.evaluate(InvokeMethod.java:17)
	at org.junit.internal.runners.statements.RunAfters.evaluate(RunAfters.java:27)
	at org.junit.runners.ParentRunner.runLeaf(ParentRunner.java:271)
	at org.junit.runners.BlockJUnit4ClassRunner.runChild(BlockJUnit4ClassRunner.java:70)
	at org.junit.runners.BlockJUnit4ClassRunner.runChild(BlockJUnit4ClassRunner.java:50)
	at org.junit.runners.ParentRunner$3.run(ParentRunner.java:238)
	at org.junit.runners.ParentRunner$1.schedule(ParentRunner.java:63)
	at org.junit.runners.ParentRunner.runChildren(ParentRunner.java:236)
	at org.junit.runners.ParentRunner.access$000(ParentRunner.java:53)
	at org.junit.runners.ParentRunner$2.evaluate(ParentRunner.java:229)
	at org.junit.runners.ParentRunner.run(ParentRunner.java:309)
	at org.apache.maven.surefire.junit4.JUnit4Provider.execute(JUnit4Provider.java:365)
	at org.apache.maven.surefire.junit4.JUnit4Provider.executeWithRerun(JUnit4Provider.java:273)
	at org.apache.maven.surefire.junit4.JUnit4Provider.executeTestSet(JUnit4Provider.java:238)
	at org.apache.maven.surefire.junit4.JUnit4Provider.invoke(JUnit4Provider.java:159)
	at org.apache.maven.surefire.booter.ForkedBooter.invokeProviderInSameClassLoader(ForkedBooter.java:384)
	at org.apache.maven.surefire.booter.ForkedBooter.runSuitesInProcess(ForkedBooter.java:345)
	at org.apache.maven.surefire.booter.ForkedBooter.execute(ForkedBooter.java:126)
	at org.apache.maven.surefire.booter.ForkedBooter.main(ForkedBooter.java:418)
Caused by: java.net.ConnectException: Connection refused
	at sun.nio.ch.SocketChannelImpl.checkConnect(Native Method)
	at sun.nio.ch.SocketChannelImpl.finishConnect(SocketChannelImpl.java:717)
	at org.apache.hadoop.net.SocketIOWithTimeout.connect(SocketIOWithTimeout.java:206)
	at org.apache.hadoop.net.NetUtils.connect(NetUtils.java:531)
	at org.apache.hadoop.ipc.Client$Connection.setupConnection(Client.java:690)
	at org.apache.hadoop.ipc.Client$Connection.setupIOstreams(Client.java:794)
	at org.apache.hadoop.ipc.Client$Connection.access$3700(Client.java:411)
	at org.apache.hadoop.ipc.Client.getConnection(Client.java:1572)
	at org.apache.hadoop.ipc.Client.call(Client.java:1403)
	... 54 more
2019-09-26 16:38:57,117 [main] INFO  ozone.MiniOzoneClusterImpl (MiniOzoneClusterImpl.java:shutdown(314)) - Shutting down the Mini Ozone Cluster
2019-09-26 16:38:57,117 [main] INFO  ozone.MiniOzoneClusterImpl (MiniOzoneClusterImpl.java:stop(330)) - Stopping the Mini Ozone Cluster
2019-09-26 16:38:57,118 [main] INFO  ozone.MiniOzoneClusterImpl (MiniOzoneClusterImpl.java:stopOM(400)) - Stopping the OzoneManager
2019-09-26 16:38:57,118 [main] INFO  ipc.Server (Server.java:stop(3082)) - Stopping server on 43857
2019-09-26 16:38:57,135 [IPC Server listener on 43857] INFO  ipc.Server (Server.java:run(1185)) - Stopping IPC Server listener on 43857
2019-09-26 16:38:57,135 [main] INFO  ratis.OzoneManagerDoubleBuffer (OzoneManagerDoubleBuffer.java:stop(248)) - Stopping OMDoubleBuffer flush thread
2019-09-26 16:38:57,141 [IPC Server Responder] INFO  ipc.Server (Server.java:run(1319)) - Stopping IPC Server Responder
2019-09-26 16:38:57,146 [OMDoubleBufferFlushThread] INFO  ratis.OzoneManagerDoubleBuffer (OzoneManagerDoubleBuffer.java:flushTransactions(191)) - OMDoubleBuffer flush thread OMDoubleBufferFlushThread is interrupted and will exit. OMDoubleBufferFlushThread
2019-09-26 16:38:57,174 [main] INFO  utils.BackgroundService (BackgroundService.java:shutdown(148)) - Shutting down service KeyDeletingService
2019-09-26 16:38:57,179 [main] INFO  handler.ContextHandler (ContextHandler.java:doStop(910)) - Stopped o.e.j.w.WebAppContext@7c2924d7{/,null,UNAVAILABLE}{/ozoneManager}
2019-09-26 16:38:57,180 [main] INFO  server.AbstractConnector (AbstractConnector.java:doStop(318)) - Stopped ServerConnector@b5de58f{HTTP/1.1,[http/1.1]}{0.0.0.0:0}
2019-09-26 16:38:57,181 [main] INFO  handler.ContextHandler (ContextHandler.java:doStop(910)) - Stopped o.e.j.s.ServletContextHandler@3a90c13c{/static,file:///workdir/hadoop-ozone/integration-test/target/test-classes/webapps/static,UNAVAILABLE}
2019-09-26 16:38:57,181 [main] INFO  handler.ContextHandler (ContextHandler.java:doStop(910)) - Stopped o.e.j.s.ServletContextHandler@590f0c50{/logs,file:///workdir/hadoop-ozone/integration-test/target/log,UNAVAILABLE}
2019-09-26 16:38:57,185 [main] INFO  ozone.MiniOzoneClusterImpl (MiniOzoneClusterImpl.java:stopDatanodes(377)) - Stopping the HddsDatanodes
2019-09-26 16:38:57,404 [Datanode State Machine Thread - 0] INFO  statemachine.DatanodeStateMachine (DatanodeStateMachine.java:lambda$startDaemon$0(350)) - Ozone container server started.
2019-09-26 16:38:57,592 [Datanode State Machine Thread - 0] INFO  statemachine.DatanodeStateMachine (DatanodeStateMachine.java:lambda$startDaemon$0(350)) - Ozone container server started.
2019-09-26 16:39:02,187 [ForkJoinPool.commonPool-worker-0] INFO  ozoneimpl.OzoneContainer (OzoneContainer.java:stop(231)) - Attempting to stop container services.
2019-09-26 16:39:02,187 [main] INFO  ozoneimpl.OzoneContainer (OzoneContainer.java:stop(231)) - Attempting to stop container services.
2019-09-26 16:39:02,189 [ForkJoinPool.commonPool-worker-0] INFO  impl.RaftServerProxy (RaftServerProxy.java:lambda$close$4(314)) - 96614e23-b56d-471a-9cd7-6076bc1c8933: close
2019-09-26 16:39:02,189 [main] INFO  impl.RaftServerProxy (RaftServerProxy.java:lambda$close$4(314)) - 54f991d6-dc71-460d-82bf-0c4295aeca21: close
2019-09-26 16:39:02,190 [ForkJoinPool.commonPool-worker-0] INFO  impl.RaftServerImpl (RaftServerImpl.java:lambda$shutdown$3(251)) - 96614e23-b56d-471a-9cd7-6076bc1c8933@group-2FC4F15CA412: shutdown
2019-09-26 16:39:02,190 [main] INFO  impl.RaftServerImpl (RaftServerImpl.java:lambda$shutdown$3(251)) - 54f991d6-dc71-460d-82bf-0c4295aeca21@group-320CFA3398AE: shutdown
2019-09-26 16:39:02,190 [ForkJoinPool.commonPool-worker-0] INFO  util.JmxRegister (JmxRegister.java:unregister(73)) - Successfully un-registered JMX Bean with object name Ratis:service=RaftServer,group=group-2FC4F15CA412,id=96614e23-b56d-471a-9cd7-6076bc1c8933
2019-09-26 16:39:02,191 [main] INFO  util.JmxRegister (JmxRegister.java:unregister(73)) - Successfully un-registered JMX Bean with object name Ratis:service=RaftServer,group=group-320CFA3398AE,id=54f991d6-dc71-460d-82bf-0c4295aeca21
2019-09-26 16:39:02,191 [ForkJoinPool.commonPool-worker-0] INFO  impl.RoleInfo (RoleInfo.java:shutdownLeaderState(104)) - 96614e23-b56d-471a-9cd7-6076bc1c8933: shutdown LeaderState
2019-09-26 16:39:02,191 [main] INFO  impl.RoleInfo (RoleInfo.java:shutdownFollowerState(121)) - 54f991d6-dc71-460d-82bf-0c4295aeca21: shutdown FollowerState
2019-09-26 16:39:02,192 [ForkJoinPool.commonPool-worker-0] INFO  impl.PendingRequests (PendingRequests.java:sendNotLeaderResponses(202)) - 96614e23-b56d-471a-9cd7-6076bc1c8933-PendingRequests: sendNotLeaderResponses
2019-09-26 16:39:02,192 [main] INFO  impl.StateMachineUpdater (StateMachineUpdater.java:stopAndJoin(125)) - 54f991d6-dc71-460d-82bf-0c4295aeca21@group-320CFA3398AE-StateMachineUpdater: set stopIndex = 0
2019-09-26 16:39:02,193 [ForkJoinPool.commonPool-worker-0] INFO  impl.StateMachineUpdater (StateMachineUpdater.java:stopAndJoin(125)) - 96614e23-b56d-471a-9cd7-6076bc1c8933@group-2FC4F15CA412-StateMachineUpdater: set stopIndex = 0
2019-09-26 16:39:02,193 [Thread-2254] INFO  impl.FollowerState (FollowerState.java:run(115)) - 54f991d6-dc71-460d-82bf-0c4295aeca21: FollowerState was interrupted: java.lang.InterruptedException: sleep interrupted
2019-09-26 16:39:02,194 [ForkJoinPool.commonPool-worker-0] INFO  impl.RaftServerImpl (ServerState.java:close(385)) - 96614e23-b56d-471a-9cd7-6076bc1c8933@group-2FC4F15CA412: closes. applyIndex: 0
2019-09-26 16:39:02,194 [main] INFO  impl.RaftServerImpl (ServerState.java:close(385)) - 54f991d6-dc71-460d-82bf-0c4295aeca21@group-320CFA3398AE: closes. applyIndex: 0
2019-09-26 16:39:02,200 [96614e23-b56d-471a-9cd7-6076bc1c8933@group-2FC4F15CA412-SegmentedRaftLogWorker] INFO  segmented.SegmentedRaftLogWorker (SegmentedRaftLogWorker.java:run(313)) - 96614e23-b56d-471a-9cd7-6076bc1c8933@group-2FC4F15CA412-SegmentedRaftLogWorker was interrupted, exiting. There are 0 tasks remaining in the queue.
2019-09-26 16:39:02,200 [54f991d6-dc71-460d-82bf-0c4295aeca21@group-320CFA3398AE-SegmentedRaftLogWorker] INFO  segmented.SegmentedRaftLogWorker (SegmentedRaftLogWorker.java:run(313)) - 54f991d6-dc71-460d-82bf-0c4295aeca21@group-320CFA3398AE-SegmentedRaftLogWorker was interrupted, exiting. There are 0 tasks remaining in the queue.
2019-09-26 16:39:02,207 [ForkJoinPool.commonPool-worker-0] INFO  segmented.SegmentedRaftLogWorker (SegmentedRaftLogWorker.java:close(228)) - 96614e23-b56d-471a-9cd7-6076bc1c8933@group-2FC4F15CA412-SegmentedRaftLogWorker close()
2019-09-26 16:39:02,207 [main] INFO  segmented.SegmentedRaftLogWorker (SegmentedRaftLogWorker.java:close(228)) - 54f991d6-dc71-460d-82bf-0c4295aeca21@group-320CFA3398AE-SegmentedRaftLogWorker close()
2019-09-26 16:39:02,229 [ForkJoinPool.commonPool-worker-0] INFO  impl.RaftServerImpl (RaftServerImpl.java:lambda$shutdown$3(251)) - 96614e23-b56d-471a-9cd7-6076bc1c8933@group-D3771522134E: shutdown
2019-09-26 16:39:02,233 [main] INFO  impl.RaftServerImpl (RaftServerImpl.java:lambda$shutdown$3(251)) - 54f991d6-dc71-460d-82bf-0c4295aeca21@group-E9899D02D7E4: shutdown
2019-09-26 16:39:02,233 [ForkJoinPool.commonPool-worker-0] INFO  util.JmxRegister (JmxRegister.java:unregister(73)) - Successfully un-registered JMX Bean with object name Ratis:service=RaftServer,group=group-D3771522134E,id=96614e23-b56d-471a-9cd7-6076bc1c8933
2019-09-26 16:39:02,234 [main] INFO  util.JmxRegister (JmxRegister.java:unregister(73)) - Successfully un-registered JMX Bean with object name Ratis:service=RaftServer,group=group-E9899D02D7E4,id=54f991d6-dc71-460d-82bf-0c4295aeca21
2019-09-26 16:39:02,234 [ForkJoinPool.commonPool-worker-0] INFO  impl.RoleInfo (RoleInfo.java:shutdownFollowerState(121)) - 96614e23-b56d-471a-9cd7-6076bc1c8933: shutdown FollowerState
2019-09-26 16:39:02,234 [main] INFO  impl.RoleInfo (RoleInfo.java:shutdownLeaderState(104)) - 54f991d6-dc71-460d-82bf-0c4295aeca21: shutdown LeaderState
2019-09-26 16:39:02,235 [Thread-2276] INFO  impl.FollowerState (FollowerState.java:run(115)) - 96614e23-b56d-471a-9cd7-6076bc1c8933: FollowerState was interrupted: java.lang.InterruptedException: sleep interrupted
2019-09-26 16:39:02,235 [ForkJoinPool.commonPool-worker-0] INFO  impl.StateMachineUpdater (StateMachineUpdater.java:stopAndJoin(125)) - 96614e23-b56d-471a-9cd7-6076bc1c8933@group-D3771522134E-StateMachineUpdater: set stopIndex = 0
2019-09-26 16:39:02,235 [main] INFO  impl.PendingRequests (PendingRequests.java:sendNotLeaderResponses(202)) - 54f991d6-dc71-460d-82bf-0c4295aeca21-PendingRequests: sendNotLeaderResponses
2019-09-26 16:39:02,238 [ForkJoinPool.commonPool-worker-0] INFO  impl.RaftServerImpl (ServerState.java:close(385)) - 96614e23-b56d-471a-9cd7-6076bc1c8933@group-D3771522134E: closes. applyIndex: 0
2019-09-26 16:39:02,239 [main] INFO  impl.StateMachineUpdater (StateMachineUpdater.java:stopAndJoin(125)) - 54f991d6-dc71-460d-82bf-0c4295aeca21@group-E9899D02D7E4-StateMachineUpdater: set stopIndex = 0
2019-09-26 16:39:02,240 [main] INFO  impl.RaftServerImpl (ServerState.java:close(385)) - 54f991d6-dc71-460d-82bf-0c4295aeca21@group-E9899D02D7E4: closes. applyIndex: 0
2019-09-26 16:39:02,239 [96614e23-b56d-471a-9cd7-6076bc1c8933@group-D3771522134E-SegmentedRaftLogWorker] INFO  segmented.SegmentedRaftLogWorker (SegmentedRaftLogWorker.java:run(313)) - 96614e23-b56d-471a-9cd7-6076bc1c8933@group-D3771522134E-SegmentedRaftLogWorker was interrupted, exiting. There are 0 tasks remaining in the queue.
2019-09-26 16:39:02,243 [54f991d6-dc71-460d-82bf-0c4295aeca21@group-E9899D02D7E4-SegmentedRaftLogWorker] INFO  segmented.SegmentedRaftLogWorker (SegmentedRaftLogWorker.java:run(313)) - 54f991d6-dc71-460d-82bf-0c4295aeca21@group-E9899D02D7E4-SegmentedRaftLogWorker was interrupted, exiting. There are 0 tasks remaining in the queue.
2019-09-26 16:39:02,244 [ForkJoinPool.commonPool-worker-0] INFO  segmented.SegmentedRaftLogWorker (SegmentedRaftLogWorker.java:close(228)) - 96614e23-b56d-471a-9cd7-6076bc1c8933@group-D3771522134E-SegmentedRaftLogWorker close()
2019-09-26 16:39:02,247 [main] INFO  segmented.SegmentedRaftLogWorker (SegmentedRaftLogWorker.java:close(228)) - 54f991d6-dc71-460d-82bf-0c4295aeca21@group-E9899D02D7E4-SegmentedRaftLogWorker close()
2019-09-26 16:39:02,250 [ForkJoinPool.commonPool-worker-0] INFO  server.GrpcService (GrpcService.java:closeImpl(164)) - 96614e23-b56d-471a-9cd7-6076bc1c8933: shutdown server with port 36122 now
2019-09-26 16:39:02,253 [main] INFO  server.GrpcService (GrpcService.java:closeImpl(164)) - 54f991d6-dc71-460d-82bf-0c4295aeca21: shutdown server with port 39635 now
2019-09-26 16:39:02,256 [grpc-default-executor-1] WARN  server.GrpcServerProtocolService (LogUtils.java:warn(134)) - 96614e23-b56d-471a-9cd7-6076bc1c8933: installSnapshot onError, lastRequest: 23db1bd7-0ec3-4d63-b495-756f3d5b5fb7->96614e23-b56d-471a-9cd7-6076bc1c8933#229-t1, previous=(t:1, i:0), leaderCommit=0, initializing? false, entries: <empty>: org.apache.ratis.thirdparty.io.grpc.StatusRuntimeException: CANCELLED: cancelled before receiving half close
2019-09-26 16:39:02,256 [ForkJoinPool.commonPool-worker-0] INFO  server.GrpcService (GrpcService.java:closeImpl(172)) - 96614e23-b56d-471a-9cd7-6076bc1c8933: shutdown server with port 36122 successfully
2019-09-26 16:39:02,256 [grpc-default-executor-6] WARN  server.GrpcServerProtocolService (LogUtils.java:warn(134)) - 54f991d6-dc71-460d-82bf-0c4295aeca21: installSnapshot onError, lastRequest: 45094064-c3fb-4870-9766-7d97e0e9250d->54f991d6-dc71-460d-82bf-0c4295aeca21#229-t1, previous=(t:1, i:0), leaderCommit=0, initializing? false, entries: <empty>: org.apache.ratis.thirdparty.io.grpc.StatusRuntimeException: CANCELLED: cancelled before receiving half close
2019-09-26 16:39:02,256 [grpc-default-executor-2] WARN  server.GrpcLogAppender (LogUtils.java:warn(134)) - 45094064-c3fb-4870-9766-7d97e0e9250d@group-320CFA3398AE->54f991d6-dc71-460d-82bf-0c4295aeca21-AppendLogResponseHandler: Failed appendEntries: org.apache.ratis.thirdparty.io.grpc.StatusRuntimeException: CANCELLED: HTTP/2 error code: CANCEL
Received Rst Stream
2019-09-26 16:39:02,256 [grpc-default-executor-3] WARN  server.GrpcLogAppender (LogUtils.java:warn(134)) - 23db1bd7-0ec3-4d63-b495-756f3d5b5fb7@group-D3771522134E->96614e23-b56d-471a-9cd7-6076bc1c8933-AppendLogResponseHandler: Failed appendEntries: org.apache.ratis.thirdparty.io.grpc.StatusRuntimeException: CANCELLED: HTTP/2 error code: CANCEL
Received Rst Stream
2019-09-26 16:39:02,256 [main] INFO  server.GrpcService (GrpcService.java:closeImpl(172)) - 54f991d6-dc71-460d-82bf-0c4295aeca21: shutdown server with port 39635 successfully
2019-09-26 16:39:02,258 [grpc-default-executor-3] INFO  impl.FollowerInfo (FollowerInfo.java:lambda$new$0(51)) - 23db1bd7-0ec3-4d63-b495-756f3d5b5fb7@group-D3771522134E->96614e23-b56d-471a-9cd7-6076bc1c8933: nextIndex: updateUnconditionally 1 -> 0
2019-09-26 16:39:02,258 [grpc-default-executor-2] INFO  impl.FollowerInfo (FollowerInfo.java:lambda$new$0(51)) - 45094064-c3fb-4870-9766-7d97e0e9250d@group-320CFA3398AE->54f991d6-dc71-460d-82bf-0c4295aeca21: nextIndex: updateUnconditionally 1 -> 0
2019-09-26 16:39:02,262 [refreshUsed-/workdir/hadoop-ozone/integration-test/target/test-dir/MiniOzoneClusterImpl-521d4657-8b90-42e2-88d0-1dd80c8159cc/datanode-5/data/containers] WARN  fs.CachingGetSpaceUsed (CachingGetSpaceUsed.java:run(183)) - Thread Interrupted waiting to refresh disk information: sleep interrupted
2019-09-26 16:39:02,268 [refreshUsed-/workdir/hadoop-ozone/integration-test/target/test-dir/MiniOzoneClusterImpl-521d4657-8b90-42e2-88d0-1dd80c8159cc/datanode-2/data/containers] WARN  fs.CachingGetSpaceUsed (CachingGetSpaceUsed.java:run(183)) - Thread Interrupted waiting to refresh disk information: sleep interrupted
2019-09-26 16:39:02,290 [ForkJoinPool.commonPool-worker-0] INFO  utils.BackgroundService (BackgroundService.java:shutdown(148)) - Shutting down service BlockDeletingService
2019-09-26 16:39:02,299 [main] INFO  utils.BackgroundService (BackgroundService.java:shutdown(148)) - Shutting down service BlockDeletingService
2019-09-26 16:39:02,301 [ForkJoinPool.commonPool-worker-0] INFO  statemachine.DatanodeStateMachine (DatanodeStateMachine.java:stopDaemon(395)) - Ozone container server stopped.
2019-09-26 16:39:02,309 [main] INFO  statemachine.DatanodeStateMachine (DatanodeStateMachine.java:stopDaemon(395)) - Ozone container server stopped.
2019-09-26 16:39:02,314 [ForkJoinPool.commonPool-worker-0] INFO  handler.ContextHandler (ContextHandler.java:doStop(910)) - Stopped o.e.j.w.WebAppContext@4130955c{/,null,UNAVAILABLE}{/hddsDatanode}
2019-09-26 16:39:02,315 [main] INFO  handler.ContextHandler (ContextHandler.java:doStop(910)) - Stopped o.e.j.w.WebAppContext@36d33f4{/,null,UNAVAILABLE}{/hddsDatanode}
2019-09-26 16:39:02,315 [ForkJoinPool.commonPool-worker-0] INFO  server.AbstractConnector (AbstractConnector.java:doStop(318)) - Stopped ServerConnector@2bfaba70{HTTP/1.1,[http/1.1]}{0.0.0.0:0}
2019-09-26 16:39:02,317 [ForkJoinPool.commonPool-worker-0] INFO  handler.ContextHandler (ContextHandler.java:doStop(910)) - Stopped o.e.j.s.ServletContextHandler@6d091cad{/static,jar:file:/home/user/.m2/repository/org/apache/hadoop/hadoop-hdds-container-service/0.5.0-SNAPSHOT/hadoop-hdds-container-service-0.5.0-SNAPSHOT.jar!/webapps/static,UNAVAILABLE}
2019-09-26 16:39:02,320 [main] INFO  server.AbstractConnector (AbstractConnector.java:doStop(318)) - Stopped ServerConnector@16736040{HTTP/1.1,[http/1.1]}{0.0.0.0:0}
2019-09-26 16:39:02,320 [ForkJoinPool.commonPool-worker-0] INFO  handler.ContextHandler (ContextHandler.java:doStop(910)) - Stopped o.e.j.s.ServletContextHandler@2c9a6717{/logs,file:///workdir/hadoop-ozone/integration-test/target/log,UNAVAILABLE}
2019-09-26 16:39:02,321 [main] INFO  handler.ContextHandler (ContextHandler.java:doStop(910)) - Stopped o.e.j.s.ServletContextHandler@69d3cf7e{/static,jar:file:/home/user/.m2/repository/org/apache/hadoop/hadoop-hdds-container-service/0.5.0-SNAPSHOT/hadoop-hdds-container-service-0.5.0-SNAPSHOT.jar!/webapps/static,UNAVAILABLE}
2019-09-26 16:39:02,322 [main] INFO  handler.ContextHandler (ContextHandler.java:doStop(910)) - Stopped o.e.j.s.ServletContextHandler@497d4c96{/logs,file:///workdir/hadoop-ozone/integration-test/target/log,UNAVAILABLE}
2019-09-26 16:39:02,462 [Datanode State Machine Thread - 0] INFO  statemachine.DatanodeStateMachine (DatanodeStateMachine.java:lambda$startDaemon$0(350)) - Ozone container server started.
2019-09-26 16:39:02,691 [Datanode State Machine Thread - 0] INFO  statemachine.DatanodeStateMachine (DatanodeStateMachine.java:lambda$startDaemon$0(350)) - Ozone container server started.
2019-09-26 16:39:02,705 [grpc-default-executor-2] WARN  server.GrpcLogAppender (LogUtils.java:warn(134)) - 45094064-c3fb-4870-9766-7d97e0e9250d@group-320CFA3398AE->54f991d6-dc71-460d-82bf-0c4295aeca21-AppendLogResponseHandler: Failed appendEntries: org.apache.ratis.thirdparty.io.grpc.StatusRuntimeException: UNAVAILABLE: io exception
2019-09-26 16:39:02,706 [grpc-default-executor-2] INFO  impl.FollowerInfo (FollowerInfo.java:lambda$new$0(51)) - 45094064-c3fb-4870-9766-7d97e0e9250d@group-320CFA3398AE->54f991d6-dc71-460d-82bf-0c4295aeca21: nextIndex: updateUnconditionally 0 -> 0
2019-09-26 16:39:02,732 [grpc-default-executor-1] WARN  server.GrpcLogAppender (LogUtils.java:warn(134)) - 23db1bd7-0ec3-4d63-b495-756f3d5b5fb7@group-D3771522134E->96614e23-b56d-471a-9cd7-6076bc1c8933-AppendLogResponseHandler: Failed appendEntries: org.apache.ratis.thirdparty.io.grpc.StatusRuntimeException: UNAVAILABLE: io exception
2019-09-26 16:39:02,733 [grpc-default-executor-1] INFO  impl.FollowerInfo (FollowerInfo.java:lambda$new$0(51)) - 23db1bd7-0ec3-4d63-b495-756f3d5b5fb7@group-D3771522134E->96614e23-b56d-471a-9cd7-6076bc1c8933: nextIndex: updateUnconditionally 0 -> 0
2019-09-26 16:39:03,205 [grpc-default-executor-2] WARN  server.GrpcLogAppender (LogUtils.java:warn(134)) - 45094064-c3fb-4870-9766-7d97e0e9250d@group-320CFA3398AE->54f991d6-dc71-460d-82bf-0c4295aeca21-AppendLogResponseHandler: Failed appendEntries: org.apache.ratis.thirdparty.io.grpc.StatusRuntimeException: UNAVAILABLE: io exception
2019-09-26 16:39:03,206 [grpc-default-executor-2] INFO  impl.FollowerInfo (FollowerInfo.java:lambda$new$0(51)) - 45094064-c3fb-4870-9766-7d97e0e9250d@group-320CFA3398AE->54f991d6-dc71-460d-82bf-0c4295aeca21: nextIndex: updateUnconditionally 0 -> 0
2019-09-26 16:39:03,233 [grpc-default-executor-3] WARN  server.GrpcLogAppender (LogUtils.java:warn(134)) - 23db1bd7-0ec3-4d63-b495-756f3d5b5fb7@group-D3771522134E->96614e23-b56d-471a-9cd7-6076bc1c8933-AppendLogResponseHandler: Failed appendEntries: org.apache.ratis.thirdparty.io.grpc.StatusRuntimeException: UNAVAILABLE: io exception
2019-09-26 16:39:03,233 [grpc-default-executor-3] INFO  impl.FollowerInfo (FollowerInfo.java:lambda$new$0(51)) - 23db1bd7-0ec3-4d63-b495-756f3d5b5fb7@group-D3771522134E->96614e23-b56d-471a-9cd7-6076bc1c8933: nextIndex: updateUnconditionally 0 -> 0
2019-09-26 16:39:03,706 [grpc-default-executor-1] WARN  server.GrpcLogAppender (LogUtils.java:warn(134)) - 45094064-c3fb-4870-9766-7d97e0e9250d@group-320CFA3398AE->54f991d6-dc71-460d-82bf-0c4295aeca21-AppendLogResponseHandler: Failed appendEntries: org.apache.ratis.thirdparty.io.grpc.StatusRuntimeException: UNAVAILABLE: io exception
2019-09-26 16:39:03,707 [grpc-default-executor-1] INFO  impl.FollowerInfo (FollowerInfo.java:lambda$new$0(51)) - 45094064-c3fb-4870-9766-7d97e0e9250d@group-320CFA3398AE->54f991d6-dc71-460d-82bf-0c4295aeca21: nextIndex: updateUnconditionally 0 -> 0
2019-09-26 16:39:03,734 [grpc-default-executor-2] WARN  server.GrpcLogAppender (LogUtils.java:warn(134)) - 23db1bd7-0ec3-4d63-b495-756f3d5b5fb7@group-D3771522134E->96614e23-b56d-471a-9cd7-6076bc1c8933-AppendLogResponseHandler: Failed appendEntries: org.apache.ratis.thirdparty.io.grpc.StatusRuntimeException: UNAVAILABLE: io exception
2019-09-26 16:39:03,734 [grpc-default-executor-2] INFO  impl.FollowerInfo (FollowerInfo.java:lambda$new$0(51)) - 23db1bd7-0ec3-4d63-b495-756f3d5b5fb7@group-D3771522134E->96614e23-b56d-471a-9cd7-6076bc1c8933: nextIndex: updateUnconditionally 0 -> 0
2019-09-26 16:39:04,207 [grpc-default-executor-6] WARN  server.GrpcLogAppender (LogUtils.java:warn(134)) - 45094064-c3fb-4870-9766-7d97e0e9250d@group-320CFA3398AE->54f991d6-dc71-460d-82bf-0c4295aeca21-AppendLogResponseHandler: Failed appendEntries: org.apache.ratis.thirdparty.io.grpc.StatusRuntimeException: UNAVAILABLE: io exception
2019-09-26 16:39:04,208 [grpc-default-executor-6] INFO  impl.FollowerInfo (FollowerInfo.java:lambda$new$0(51)) - 45094064-c3fb-4870-9766-7d97e0e9250d@group-320CFA3398AE->54f991d6-dc71-460d-82bf-0c4295aeca21: nextIndex: updateUnconditionally 0 -> 0
2019-09-26 16:39:04,234 [grpc-default-executor-1] WARN  server.GrpcLogAppender (LogUtils.java:warn(134)) - 23db1bd7-0ec3-4d63-b495-756f3d5b5fb7@group-D3771522134E->96614e23-b56d-471a-9cd7-6076bc1c8933-AppendLogResponseHandler: Failed appendEntries: org.apache.ratis.thirdparty.io.grpc.StatusRuntimeException: UNAVAILABLE: io exception
2019-09-26 16:39:04,234 [grpc-default-executor-1] INFO  impl.FollowerInfo (FollowerInfo.java:lambda$new$0(51)) - 23db1bd7-0ec3-4d63-b495-756f3d5b5fb7@group-D3771522134E->96614e23-b56d-471a-9cd7-6076bc1c8933: nextIndex: updateUnconditionally 0 -> 0
2019-09-26 16:39:04,707 [grpc-default-executor-6] WARN  server.GrpcLogAppender (LogUtils.java:warn(134)) - 45094064-c3fb-4870-9766-7d97e0e9250d@group-320CFA3398AE->54f991d6-dc71-460d-82bf-0c4295aeca21-AppendLogResponseHandler: Failed appendEntries: org.apache.ratis.thirdparty.io.grpc.StatusRuntimeException: UNAVAILABLE: io exception
2019-09-26 16:39:04,707 [grpc-default-executor-6] INFO  impl.FollowerInfo (FollowerInfo.java:lambda$new$0(51)) - 45094064-c3fb-4870-9766-7d97e0e9250d@group-320CFA3398AE->54f991d6-dc71-460d-82bf-0c4295aeca21: nextIndex: updateUnconditionally 0 -> 0
2019-09-26 16:39:04,734 [grpc-default-executor-2] WARN  server.GrpcLogAppender (LogUtils.java:warn(134)) - 23db1bd7-0ec3-4d63-b495-756f3d5b5fb7@group-D3771522134E->96614e23-b56d-471a-9cd7-6076bc1c8933-AppendLogResponseHandler: Failed appendEntries: org.apache.ratis.thirdparty.io.grpc.StatusRuntimeException: UNAVAILABLE: io exception
2019-09-26 16:39:04,735 [grpc-default-executor-2] INFO  impl.FollowerInfo (FollowerInfo.java:lambda$new$0(51)) - 23db1bd7-0ec3-4d63-b495-756f3d5b5fb7@group-D3771522134E->96614e23-b56d-471a-9cd7-6076bc1c8933: nextIndex: updateUnconditionally 0 -> 0
2019-09-26 16:39:05,208 [grpc-default-executor-1] WARN  server.GrpcLogAppender (LogUtils.java:warn(134)) - 45094064-c3fb-4870-9766-7d97e0e9250d@group-320CFA3398AE->54f991d6-dc71-460d-82bf-0c4295aeca21-AppendLogResponseHandler: Failed appendEntries: org.apache.ratis.thirdparty.io.grpc.StatusRuntimeException: UNAVAILABLE: io exception
2019-09-26 16:39:05,209 [grpc-default-executor-1] INFO  impl.FollowerInfo (FollowerInfo.java:lambda$new$0(51)) - 45094064-c3fb-4870-9766-7d97e0e9250d@group-320CFA3398AE->54f991d6-dc71-460d-82bf-0c4295aeca21: nextIndex: updateUnconditionally 0 -> 0
2019-09-26 16:39:05,235 [grpc-default-executor-6] WARN  server.GrpcLogAppender (LogUtils.java:warn(134)) - 23db1bd7-0ec3-4d63-b495-756f3d5b5fb7@group-D3771522134E->96614e23-b56d-471a-9cd7-6076bc1c8933-AppendLogResponseHandler: Failed appendEntries: org.apache.ratis.thirdparty.io.grpc.StatusRuntimeException: UNAVAILABLE: io exception
2019-09-26 16:39:05,236 [grpc-default-executor-6] INFO  impl.FollowerInfo (FollowerInfo.java:lambda$new$0(51)) - 23db1bd7-0ec3-4d63-b495-756f3d5b5fb7@group-D3771522134E->96614e23-b56d-471a-9cd7-6076bc1c8933: nextIndex: updateUnconditionally 0 -> 0
2019-09-26 16:39:05,709 [grpc-default-executor-6] WARN  server.GrpcLogAppender (LogUtils.java:warn(134)) - 45094064-c3fb-4870-9766-7d97e0e9250d@group-320CFA3398AE->54f991d6-dc71-460d-82bf-0c4295aeca21-AppendLogResponseHandler: Failed appendEntries: org.apache.ratis.thirdparty.io.grpc.StatusRuntimeException: UNAVAILABLE: io exception
2019-09-26 16:39:05,709 [grpc-default-executor-6] INFO  impl.FollowerInfo (FollowerInfo.java:lambda$new$0(51)) - 45094064-c3fb-4870-9766-7d97e0e9250d@group-320CFA3398AE->54f991d6-dc71-460d-82bf-0c4295aeca21: nextIndex: updateUnconditionally 0 -> 0
2019-09-26 16:39:05,736 [grpc-default-executor-2] WARN  server.GrpcLogAppender (LogUtils.java:warn(134)) - 23db1bd7-0ec3-4d63-b495-756f3d5b5fb7@group-D3771522134E->96614e23-b56d-471a-9cd7-6076bc1c8933-AppendLogResponseHandler: Failed appendEntries: org.apache.ratis.thirdparty.io.grpc.StatusRuntimeException: UNAVAILABLE: io exception
2019-09-26 16:39:05,737 [grpc-default-executor-2] INFO  impl.FollowerInfo (FollowerInfo.java:lambda$new$0(51)) - 23db1bd7-0ec3-4d63-b495-756f3d5b5fb7@group-D3771522134E->96614e23-b56d-471a-9cd7-6076bc1c8933: nextIndex: updateUnconditionally 0 -> 0
2019-09-26 16:39:06,210 [grpc-default-executor-1] WARN  server.GrpcLogAppender (LogUtils.java:warn(134)) - 45094064-c3fb-4870-9766-7d97e0e9250d@group-320CFA3398AE->54f991d6-dc71-460d-82bf-0c4295aeca21-AppendLogResponseHandler: Failed appendEntries: org.apache.ratis.thirdparty.io.grpc.StatusRuntimeException: UNAVAILABLE: io exception
2019-09-26 16:39:06,210 [grpc-default-executor-1] INFO  impl.FollowerInfo (FollowerInfo.java:lambda$new$0(51)) - 45094064-c3fb-4870-9766-7d97e0e9250d@group-320CFA3398AE->54f991d6-dc71-460d-82bf-0c4295aeca21: nextIndex: updateUnconditionally 0 -> 0
2019-09-26 16:39:06,237 [grpc-default-executor-6] WARN  server.GrpcLogAppender (LogUtils.java:warn(134)) - 23db1bd7-0ec3-4d63-b495-756f3d5b5fb7@group-D3771522134E->96614e23-b56d-471a-9cd7-6076bc1c8933-AppendLogResponseHandler: Failed appendEntries: org.apache.ratis.thirdparty.io.grpc.StatusRuntimeException: UNAVAILABLE: io exception
2019-09-26 16:39:06,237 [grpc-default-executor-6] INFO  impl.FollowerInfo (FollowerInfo.java:lambda$new$0(51)) - 23db1bd7-0ec3-4d63-b495-756f3d5b5fb7@group-D3771522134E->96614e23-b56d-471a-9cd7-6076bc1c8933: nextIndex: updateUnconditionally 0 -> 0
2019-09-26 16:39:06,711 [grpc-default-executor-2] WARN  server.GrpcLogAppender (LogUtils.java:warn(134)) - 45094064-c3fb-4870-9766-7d97e0e9250d@group-320CFA3398AE->54f991d6-dc71-460d-82bf-0c4295aeca21-AppendLogResponseHandler: Failed appendEntries: org.apache.ratis.thirdparty.io.grpc.StatusRuntimeException: UNAVAILABLE: io exception
2019-09-26 16:39:06,712 [grpc-default-executor-2] INFO  impl.FollowerInfo (FollowerInfo.java:lambda$new$0(51)) - 45094064-c3fb-4870-9766-7d97e0e9250d@group-320CFA3398AE->54f991d6-dc71-460d-82bf-0c4295aeca21: nextIndex: updateUnconditionally 0 -> 0
2019-09-26 16:39:06,737 [grpc-default-executor-1] WARN  server.GrpcLogAppender (LogUtils.java:warn(134)) - 23db1bd7-0ec3-4d63-b495-756f3d5b5fb7@group-D3771522134E->96614e23-b56d-471a-9cd7-6076bc1c8933-AppendLogResponseHandler: Failed appendEntries: org.apache.ratis.thirdparty.io.grpc.StatusRuntimeException: UNAVAILABLE: io exception
2019-09-26 16:39:06,738 [grpc-default-executor-1] INFO  impl.FollowerInfo (FollowerInfo.java:lambda$new$0(51)) - 23db1bd7-0ec3-4d63-b495-756f3d5b5fb7@group-D3771522134E->96614e23-b56d-471a-9cd7-6076bc1c8933: nextIndex: updateUnconditionally 0 -> 0
2019-09-26 16:39:07,212 [grpc-default-executor-6] WARN  server.GrpcLogAppender (LogUtils.java:warn(134)) - 45094064-c3fb-4870-9766-7d97e0e9250d@group-320CFA3398AE->54f991d6-dc71-460d-82bf-0c4295aeca21-AppendLogResponseHandler: Failed appendEntries: org.apache.ratis.thirdparty.io.grpc.StatusRuntimeException: UNAVAILABLE: io exception
2019-09-26 16:39:07,213 [grpc-default-executor-6] INFO  impl.FollowerInfo (FollowerInfo.java:lambda$new$0(51)) - 45094064-c3fb-4870-9766-7d97e0e9250d@group-320CFA3398AE->54f991d6-dc71-460d-82bf-0c4295aeca21: nextIndex: updateUnconditionally 0 -> 0
2019-09-26 16:39:07,238 [grpc-default-executor-6] WARN  server.GrpcLogAppender (LogUtils.java:warn(134)) - 23db1bd7-0ec3-4d63-b495-756f3d5b5fb7@group-D3771522134E->96614e23-b56d-471a-9cd7-6076bc1c8933-AppendLogResponseHandler: Failed appendEntries: org.apache.ratis.thirdparty.io.grpc.StatusRuntimeException: UNAVAILABLE: io exception
2019-09-26 16:39:07,239 [grpc-default-executor-6] INFO  impl.FollowerInfo (FollowerInfo.java:lambda$new$0(51)) - 23db1bd7-0ec3-4d63-b495-756f3d5b5fb7@group-D3771522134E->96614e23-b56d-471a-9cd7-6076bc1c8933: nextIndex: updateUnconditionally 0 -> 0
2019-09-26 16:39:07,322 [ForkJoinPool.commonPool-worker-0] INFO  ozoneimpl.OzoneContainer (OzoneContainer.java:stop(231)) - Attempting to stop container services.
2019-09-26 16:39:07,323 [ForkJoinPool.commonPool-worker-0] INFO  impl.RaftServerProxy (RaftServerProxy.java:lambda$close$4(314)) - dc4ec581-df22-4026-9c78-08ca65e450b7: close
2019-09-26 16:39:07,323 [ForkJoinPool.commonPool-worker-0] INFO  impl.RaftServerImpl (RaftServerImpl.java:lambda$shutdown$3(251)) - dc4ec581-df22-4026-9c78-08ca65e450b7@group-F8EFB3E26B0F: shutdown
2019-09-26 16:39:07,324 [main] INFO  ozoneimpl.OzoneContainer (OzoneContainer.java:stop(231)) - Attempting to stop container services.
2019-09-26 16:39:07,324 [ForkJoinPool.commonPool-worker-0] INFO  util.JmxRegister (JmxRegister.java:unregister(73)) - Successfully un-registered JMX Bean with object name Ratis:service=RaftServer,group=group-F8EFB3E26B0F,id=dc4ec581-df22-4026-9c78-08ca65e450b7
2019-09-26 16:39:07,326 [main] INFO  impl.RaftServerProxy (RaftServerProxy.java:lambda$close$4(314)) - 6e9598b6-9dc4-49c9-af23-0bbf4a4b345a: close
2019-09-26 16:39:07,326 [ForkJoinPool.commonPool-worker-0] INFO  impl.RoleInfo (RoleInfo.java:shutdownLeaderState(104)) - dc4ec581-df22-4026-9c78-08ca65e450b7: shutdown LeaderState
2019-09-26 16:39:07,327 [main] INFO  impl.RaftServerImpl (RaftServerImpl.java:lambda$shutdown$3(251)) - 6e9598b6-9dc4-49c9-af23-0bbf4a4b345a@group-D88AEF8F9869: shutdown
2019-09-26 16:39:07,327 [ForkJoinPool.commonPool-worker-0] INFO  impl.PendingRequests (PendingRequests.java:sendNotLeaderResponses(202)) - dc4ec581-df22-4026-9c78-08ca65e450b7-PendingRequests: sendNotLeaderResponses
2019-09-26 16:39:07,327 [main] INFO  util.JmxRegister (JmxRegister.java:unregister(73)) - Successfully un-registered JMX Bean with object name Ratis:service=RaftServer,group=group-D88AEF8F9869,id=6e9598b6-9dc4-49c9-af23-0bbf4a4b345a
2019-09-26 16:39:07,328 [ForkJoinPool.commonPool-worker-0] INFO  impl.StateMachineUpdater (StateMachineUpdater.java:stopAndJoin(125)) - dc4ec581-df22-4026-9c78-08ca65e450b7@group-F8EFB3E26B0F-StateMachineUpdater: set stopIndex = 0
2019-09-26 16:39:07,328 [main] INFO  impl.RoleInfo (RoleInfo.java:shutdownFollowerState(121)) - 6e9598b6-9dc4-49c9-af23-0bbf4a4b345a: shutdown FollowerState
2019-09-26 16:39:07,328 [ForkJoinPool.commonPool-worker-0] INFO  impl.RaftServerImpl (ServerState.java:close(385)) - dc4ec581-df22-4026-9c78-08ca65e450b7@group-F8EFB3E26B0F: closes. applyIndex: 0
2019-09-26 16:39:07,329 [Thread-2279] INFO  impl.FollowerState (FollowerState.java:run(115)) - 6e9598b6-9dc4-49c9-af23-0bbf4a4b345a: FollowerState was interrupted: java.lang.InterruptedException: sleep interrupted
2019-09-26 16:39:07,329 [main] INFO  impl.StateMachineUpdater (StateMachineUpdater.java:stopAndJoin(125)) - 6e9598b6-9dc4-49c9-af23-0bbf4a4b345a@group-D88AEF8F9869-StateMachineUpdater: set stopIndex = 0
2019-09-26 16:39:07,334 [main] INFO  impl.RaftServerImpl (ServerState.java:close(385)) - 6e9598b6-9dc4-49c9-af23-0bbf4a4b345a@group-D88AEF8F9869: closes. applyIndex: 0
2019-09-26 16:39:07,334 [dc4ec581-df22-4026-9c78-08ca65e450b7@group-F8EFB3E26B0F-SegmentedRaftLogWorker] INFO  segmented.SegmentedRaftLogWorker (SegmentedRaftLogWorker.java:run(313)) - dc4ec581-df22-4026-9c78-08ca65e450b7@group-F8EFB3E26B0F-SegmentedRaftLogWorker was interrupted, exiting. There are 0 tasks remaining in the queue.
2019-09-26 16:39:07,335 [6e9598b6-9dc4-49c9-af23-0bbf4a4b345a@group-D88AEF8F9869-SegmentedRaftLogWorker] INFO  segmented.SegmentedRaftLogWorker (SegmentedRaftLogWorker.java:run(313)) - 6e9598b6-9dc4-49c9-af23-0bbf4a4b345a@group-D88AEF8F9869-SegmentedRaftLogWorker was interrupted, exiting. There are 0 tasks remaining in the queue.
2019-09-26 16:39:07,338 [ForkJoinPool.commonPool-worker-0] INFO  segmented.SegmentedRaftLogWorker (SegmentedRaftLogWorker.java:close(228)) - dc4ec581-df22-4026-9c78-08ca65e450b7@group-F8EFB3E26B0F-SegmentedRaftLogWorker close()
2019-09-26 16:39:07,340 [main] INFO  segmented.SegmentedRaftLogWorker (SegmentedRaftLogWorker.java:close(228)) - 6e9598b6-9dc4-49c9-af23-0bbf4a4b345a@group-D88AEF8F9869-SegmentedRaftLogWorker close()
2019-09-26 16:39:07,343 [ForkJoinPool.commonPool-worker-0] INFO  impl.RaftServerImpl (RaftServerImpl.java:lambda$shutdown$3(251)) - dc4ec581-df22-4026-9c78-08ca65e450b7@group-D3771522134E: shutdown
2019-09-26 16:39:07,346 [main] INFO  impl.RaftServerImpl (RaftServerImpl.java:lambda$shutdown$3(251)) - 6e9598b6-9dc4-49c9-af23-0bbf4a4b345a@group-FDE276FE2FC3: shutdown
2019-09-26 16:39:07,347 [ForkJoinPool.commonPool-worker-0] INFO  util.JmxRegister (JmxRegister.java:unregister(73)) - Successfully un-registered JMX Bean with object name Ratis:service=RaftServer,group=group-D3771522134E,id=dc4ec581-df22-4026-9c78-08ca65e450b7
2019-09-26 16:39:07,347 [main] INFO  util.JmxRegister (JmxRegister.java:unregister(73)) - Successfully un-registered JMX Bean with object name Ratis:service=RaftServer,group=group-FDE276FE2FC3,id=6e9598b6-9dc4-49c9-af23-0bbf4a4b345a
2019-09-26 16:39:07,348 [main] INFO  impl.RoleInfo (RoleInfo.java:shutdownLeaderState(104)) - 6e9598b6-9dc4-49c9-af23-0bbf4a4b345a: shutdown LeaderState
2019-09-26 16:39:07,347 [ForkJoinPool.commonPool-worker-0] INFO  impl.RoleInfo (RoleInfo.java:shutdownFollowerState(121)) - dc4ec581-df22-4026-9c78-08ca65e450b7: shutdown FollowerState
2019-09-26 16:39:07,348 [main] INFO  impl.PendingRequests (PendingRequests.java:sendNotLeaderResponses(202)) - 6e9598b6-9dc4-49c9-af23-0bbf4a4b345a-PendingRequests: sendNotLeaderResponses
2019-09-26 16:39:07,349 [Thread-2278] INFO  impl.FollowerState (FollowerState.java:run(115)) - dc4ec581-df22-4026-9c78-08ca65e450b7: FollowerState was interrupted: java.lang.InterruptedException: sleep interrupted
2019-09-26 16:39:07,349 [ForkJoinPool.commonPool-worker-0] INFO  impl.StateMachineUpdater (StateMachineUpdater.java:stopAndJoin(125)) - dc4ec581-df22-4026-9c78-08ca65e450b7@group-D3771522134E-StateMachineUpdater: set stopIndex = 0
2019-09-26 16:39:07,349 [main] INFO  impl.StateMachineUpdater (StateMachineUpdater.java:stopAndJoin(125)) - 6e9598b6-9dc4-49c9-af23-0bbf4a4b345a@group-FDE276FE2FC3-StateMachineUpdater: set stopIndex = 0
2019-09-26 16:39:07,353 [main] INFO  impl.RaftServerImpl (ServerState.java:close(385)) - 6e9598b6-9dc4-49c9-af23-0bbf4a4b345a@group-FDE276FE2FC3: closes. applyIndex: 0
2019-09-26 16:39:07,352 [ForkJoinPool.commonPool-worker-0] INFO  impl.RaftServerImpl (ServerState.java:close(385)) - dc4ec581-df22-4026-9c78-08ca65e450b7@group-D3771522134E: closes. applyIndex: 0
2019-09-26 16:39:07,354 [6e9598b6-9dc4-49c9-af23-0bbf4a4b345a@group-FDE276FE2FC3-SegmentedRaftLogWorker] INFO  segmented.SegmentedRaftLogWorker (SegmentedRaftLogWorker.java:run(313)) - 6e9598b6-9dc4-49c9-af23-0bbf4a4b345a@group-FDE276FE2FC3-SegmentedRaftLogWorker was interrupted, exiting. There are 0 tasks remaining in the queue.
2019-09-26 16:39:07,357 [dc4ec581-df22-4026-9c78-08ca65e450b7@group-D3771522134E-SegmentedRaftLogWorker] INFO  segmented.SegmentedRaftLogWorker (SegmentedRaftLogWorker.java:run(313)) - dc4ec581-df22-4026-9c78-08ca65e450b7@group-D3771522134E-SegmentedRaftLogWorker was interrupted, exiting. There are 0 tasks remaining in the queue.
2019-09-26 16:39:07,357 [main] INFO  segmented.SegmentedRaftLogWorker (SegmentedRaftLogWorker.java:close(228)) - 6e9598b6-9dc4-49c9-af23-0bbf4a4b345a@group-FDE276FE2FC3-SegmentedRaftLogWorker close()
2019-09-26 16:39:07,359 [ForkJoinPool.commonPool-worker-0] INFO  segmented.SegmentedRaftLogWorker (SegmentedRaftLogWorker.java:close(228)) - dc4ec581-df22-4026-9c78-08ca65e450b7@group-D3771522134E-SegmentedRaftLogWorker close()
2019-09-26 16:39:07,362 [main] INFO  server.GrpcService (GrpcService.java:closeImpl(164)) - 6e9598b6-9dc4-49c9-af23-0bbf4a4b345a: shutdown server with port 44157 now
2019-09-26 16:39:07,365 [ForkJoinPool.commonPool-worker-0] INFO  server.GrpcService (GrpcService.java:closeImpl(164)) - dc4ec581-df22-4026-9c78-08ca65e450b7: shutdown server with port 35995 now
2019-09-26 16:39:07,366 [grpc-default-executor-3] WARN  server.GrpcServerProtocolService (LogUtils.java:warn(134)) - 6e9598b6-9dc4-49c9-af23-0bbf4a4b345a: installSnapshot onError, lastRequest: 7c636cf6-abb1-48a1-8471-c57ff8076954->6e9598b6-9dc4-49c9-af23-0bbf4a4b345a#239-t1, previous=(t:1, i:0), leaderCommit=0, initializing? false, entries: <empty>: org.apache.ratis.thirdparty.io.grpc.StatusRuntimeException: CANCELLED: cancelled before receiving half close
2019-09-26 16:39:07,366 [grpc-default-executor-6] WARN  server.GrpcLogAppender (LogUtils.java:warn(134)) - 7c636cf6-abb1-48a1-8471-c57ff8076954@group-D88AEF8F9869->6e9598b6-9dc4-49c9-af23-0bbf4a4b345a-AppendLogResponseHandler: Failed appendEntries: org.apache.ratis.thirdparty.io.grpc.StatusRuntimeException: CANCELLED: HTTP/2 error code: CANCEL
Received Rst Stream
2019-09-26 16:39:07,366 [ForkJoinPool.commonPool-worker-0] INFO  server.GrpcService (GrpcService.java:closeImpl(172)) - dc4ec581-df22-4026-9c78-08ca65e450b7: shutdown server with port 35995 successfully
2019-09-26 16:39:07,366 [main] INFO  server.GrpcService (GrpcService.java:closeImpl(172)) - 6e9598b6-9dc4-49c9-af23-0bbf4a4b345a: shutdown server with port 44157 successfully
2019-09-26 16:39:07,366 [grpc-default-executor-1] WARN  server.GrpcServerProtocolService (LogUtils.java:warn(134)) - dc4ec581-df22-4026-9c78-08ca65e450b7: installSnapshot onError, lastRequest: 23db1bd7-0ec3-4d63-b495-756f3d5b5fb7->dc4ec581-df22-4026-9c78-08ca65e450b7#239-t1, previous=(t:1, i:0), leaderCommit=0, initializing? false, entries: <empty>: org.apache.ratis.thirdparty.io.grpc.StatusRuntimeException: CANCELLED: cancelled before receiving half close
2019-09-26 16:39:07,367 [grpc-default-executor-6] INFO  impl.FollowerInfo (FollowerInfo.java:lambda$new$0(51)) - 7c636cf6-abb1-48a1-8471-c57ff8076954@group-D88AEF8F9869->6e9598b6-9dc4-49c9-af23-0bbf4a4b345a: nextIndex: updateUnconditionally 1 -> 0
2019-09-26 16:39:07,367 [grpc-default-executor-2] WARN  server.GrpcLogAppender (LogUtils.java:warn(134)) - 23db1bd7-0ec3-4d63-b495-756f3d5b5fb7@group-D3771522134E->dc4ec581-df22-4026-9c78-08ca65e450b7-AppendLogResponseHandler: Failed appendEntries: org.apache.ratis.thirdparty.io.grpc.StatusRuntimeException: CANCELLED: HTTP/2 error code: CANCEL
Received Rst Stream
2019-09-26 16:39:07,369 [grpc-default-executor-2] INFO  impl.FollowerInfo (FollowerInfo.java:lambda$new$0(51)) - 23db1bd7-0ec3-4d63-b495-756f3d5b5fb7@group-D3771522134E->dc4ec581-df22-4026-9c78-08ca65e450b7: nextIndex: updateUnconditionally 1 -> 0
2019-09-26 16:39:07,370 [refreshUsed-/workdir/hadoop-ozone/integration-test/target/test-dir/MiniOzoneClusterImpl-521d4657-8b90-42e2-88d0-1dd80c8159cc/datanode-3/data/containers] WARN  fs.CachingGetSpaceUsed (CachingGetSpaceUsed.java:run(183)) - Thread Interrupted waiting to refresh disk information: sleep interrupted
2019-09-26 16:39:07,380 [refreshUsed-/workdir/hadoop-ozone/integration-test/target/test-dir/MiniOzoneClusterImpl-521d4657-8b90-42e2-88d0-1dd80c8159cc/datanode-6/data/containers] WARN  fs.CachingGetSpaceUsed (CachingGetSpaceUsed.java:run(183)) - Thread Interrupted waiting to refresh disk information: sleep interrupted
2019-09-26 16:39:07,394 [ForkJoinPool.commonPool-worker-0] INFO  utils.BackgroundService (BackgroundService.java:shutdown(148)) - Shutting down service BlockDeletingService
2019-09-26 16:39:07,394 [main] INFO  utils.BackgroundService (BackgroundService.java:shutdown(148)) - Shutting down service BlockDeletingService
2019-09-26 16:39:07,401 [ForkJoinPool.commonPool-worker-0] INFO  statemachine.DatanodeStateMachine (DatanodeStateMachine.java:stopDaemon(395)) - Ozone container server stopped.
2019-09-26 16:39:07,415 [main] INFO  statemachine.DatanodeStateMachine (DatanodeStateMachine.java:stopDaemon(395)) - Ozone container server stopped.
2019-09-26 16:39:07,415 [ForkJoinPool.commonPool-worker-0] INFO  handler.ContextHandler (ContextHandler.java:doStop(910)) - Stopped o.e.j.w.WebAppContext@2db1b657{/,null,UNAVAILABLE}{/hddsDatanode}
2019-09-26 16:39:07,416 [main] INFO  handler.ContextHandler (ContextHandler.java:doStop(910)) - Stopped o.e.j.w.WebAppContext@1d858300{/,null,UNAVAILABLE}{/hddsDatanode}
2019-09-26 16:39:07,416 [ForkJoinPool.commonPool-worker-0] INFO  server.AbstractConnector (AbstractConnector.java:doStop(318)) - Stopped ServerConnector@7e351d7{HTTP/1.1,[http/1.1]}{0.0.0.0:0}
2019-09-26 16:39:07,428 [ForkJoinPool.commonPool-worker-0] INFO  handler.ContextHandler (ContextHandler.java:doStop(910)) - Stopped o.e.j.s.ServletContextHandler@7a3b7122{/static,jar:file:/home/user/.m2/repository/org/apache/hadoop/hadoop-hdds-container-service/0.5.0-SNAPSHOT/hadoop-hdds-container-service-0.5.0-SNAPSHOT.jar!/webapps/static,UNAVAILABLE}
2019-09-26 16:39:07,431 [main] INFO  server.AbstractConnector (AbstractConnector.java:doStop(318)) - Stopped ServerConnector@76f881d9{HTTP/1.1,[http/1.1]}{0.0.0.0:0}
2019-09-26 16:39:07,431 [ForkJoinPool.commonPool-worker-0] INFO  handler.ContextHandler (ContextHandler.java:doStop(910)) - Stopped o.e.j.s.ServletContextHandler@49469ffa{/logs,file:///workdir/hadoop-ozone/integration-test/target/log,UNAVAILABLE}
2019-09-26 16:39:07,431 [main] INFO  handler.ContextHandler (ContextHandler.java:doStop(910)) - Stopped o.e.j.s.ServletContextHandler@32d5279{/static,jar:file:/home/user/.m2/repository/org/apache/hadoop/hadoop-hdds-container-service/0.5.0-SNAPSHOT/hadoop-hdds-container-service-0.5.0-SNAPSHOT.jar!/webapps/static,UNAVAILABLE}
2019-09-26 16:39:07,432 [main] INFO  handler.ContextHandler (ContextHandler.java:doStop(910)) - Stopped o.e.j.s.ServletContextHandler@6274670b{/logs,file:///workdir/hadoop-ozone/integration-test/target/log,UNAVAILABLE}
2019-09-26 16:39:07,522 [Datanode State Machine Thread - 0] INFO  statemachine.DatanodeStateMachine (DatanodeStateMachine.java:lambda$startDaemon$0(350)) - Ozone container server started.
2019-09-26 16:39:07,714 [grpc-default-executor-2] WARN  server.GrpcLogAppender (LogUtils.java:warn(134)) - 45094064-c3fb-4870-9766-7d97e0e9250d@group-320CFA3398AE->54f991d6-dc71-460d-82bf-0c4295aeca21-AppendLogResponseHandler: Failed appendEntries: org.apache.ratis.thirdparty.io.grpc.StatusRuntimeException: UNAVAILABLE: io exception
2019-09-26 16:39:07,714 [grpc-default-executor-2] INFO  impl.FollowerInfo (FollowerInfo.java:lambda$new$0(51)) - 45094064-c3fb-4870-9766-7d97e0e9250d@group-320CFA3398AE->54f991d6-dc71-460d-82bf-0c4295aeca21: nextIndex: updateUnconditionally 0 -> 0
2019-09-26 16:39:07,730 [grpc-default-executor-6] WARN  server.GrpcLogAppender (LogUtils.java:warn(134)) - 23db1bd7-0ec3-4d63-b495-756f3d5b5fb7@group-D3771522134E->dc4ec581-df22-4026-9c78-08ca65e450b7-AppendLogResponseHandler: Failed appendEntries: org.apache.ratis.thirdparty.io.grpc.StatusRuntimeException: UNAVAILABLE: io exception
2019-09-26 16:39:07,730 [grpc-default-executor-6] INFO  impl.FollowerInfo (FollowerInfo.java:lambda$new$0(51)) - 23db1bd7-0ec3-4d63-b495-756f3d5b5fb7@group-D3771522134E->dc4ec581-df22-4026-9c78-08ca65e450b7: nextIndex: updateUnconditionally 0 -> 0
2019-09-26 16:39:07,738 [grpc-default-executor-2] WARN  server.GrpcLogAppender (LogUtils.java:warn(134)) - 23db1bd7-0ec3-4d63-b495-756f3d5b5fb7@group-D3771522134E->96614e23-b56d-471a-9cd7-6076bc1c8933-AppendLogResponseHandler: Failed appendEntries: org.apache.ratis.thirdparty.io.grpc.StatusRuntimeException: UNAVAILABLE: io exception
2019-09-26 16:39:07,739 [grpc-default-executor-2] INFO  impl.FollowerInfo (FollowerInfo.java:lambda$new$0(51)) - 23db1bd7-0ec3-4d63-b495-756f3d5b5fb7@group-D3771522134E->96614e23-b56d-471a-9cd7-6076bc1c8933: nextIndex: updateUnconditionally 0 -> 0
2019-09-26 16:39:07,747 [grpc-default-executor-2] WARN  server.GrpcLogAppender (LogUtils.java:warn(134)) - 7c636cf6-abb1-48a1-8471-c57ff8076954@group-D88AEF8F9869->6e9598b6-9dc4-49c9-af23-0bbf4a4b345a-AppendLogResponseHandler: Failed appendEntries: org.apache.ratis.thirdparty.io.grpc.StatusRuntimeException: UNAVAILABLE: io exception
2019-09-26 16:39:07,747 [grpc-default-executor-2] INFO  impl.FollowerInfo (FollowerInfo.java:lambda$new$0(51)) - 7c636cf6-abb1-48a1-8471-c57ff8076954@group-D88AEF8F9869->6e9598b6-9dc4-49c9-af23-0bbf4a4b345a: nextIndex: updateUnconditionally 0 -> 0
2019-09-26 16:39:07,855 [Datanode State Machine Thread - 0] INFO  statemachine.DatanodeStateMachine (DatanodeStateMachine.java:lambda$startDaemon$0(350)) - Ozone container server started.
2019-09-26 16:39:08,215 [grpc-default-executor-2] WARN  server.GrpcLogAppender (LogUtils.java:warn(134)) - 45094064-c3fb-4870-9766-7d97e0e9250d@group-320CFA3398AE->54f991d6-dc71-460d-82bf-0c4295aeca21-AppendLogResponseHandler: Failed appendEntries: org.apache.ratis.thirdparty.io.grpc.StatusRuntimeException: UNAVAILABLE: io exception
2019-09-26 16:39:08,215 [grpc-default-executor-2] INFO  impl.FollowerInfo (FollowerInfo.java:lambda$new$0(51)) - 45094064-c3fb-4870-9766-7d97e0e9250d@group-320CFA3398AE->54f991d6-dc71-460d-82bf-0c4295aeca21: nextIndex: updateUnconditionally 0 -> 0
2019-09-26 16:39:08,230 [grpc-default-executor-2] WARN  server.GrpcLogAppender (LogUtils.java:warn(134)) - 23db1bd7-0ec3-4d63-b495-756f3d5b5fb7@group-D3771522134E->dc4ec581-df22-4026-9c78-08ca65e450b7-AppendLogResponseHandler: Failed appendEntries: org.apache.ratis.thirdparty.io.grpc.StatusRuntimeException: UNAVAILABLE: io exception
2019-09-26 16:39:08,233 [grpc-default-executor-2] INFO  impl.FollowerInfo (FollowerInfo.java:lambda$new$0(51)) - 23db1bd7-0ec3-4d63-b495-756f3d5b5fb7@group-D3771522134E->dc4ec581-df22-4026-9c78-08ca65e450b7: nextIndex: updateUnconditionally 0 -> 0
2019-09-26 16:39:08,239 [grpc-default-executor-2] WARN  server.GrpcLogAppender (LogUtils.java:warn(134)) - 23db1bd7-0ec3-4d63-b495-756f3d5b5fb7@group-D3771522134E->96614e23-b56d-471a-9cd7-6076bc1c8933-AppendLogResponseHandler: Failed appendEntries: org.apache.ratis.thirdparty.io.grpc.StatusRuntimeException: UNAVAILABLE: io exception
2019-09-26 16:39:08,239 [grpc-default-executor-2] INFO  impl.FollowerInfo (FollowerInfo.java:lambda$new$0(51)) - 23db1bd7-0ec3-4d63-b495-756f3d5b5fb7@group-D3771522134E->96614e23-b56d-471a-9cd7-6076bc1c8933: nextIndex: updateUnconditionally 0 -> 0
2019-09-26 16:39:08,247 [grpc-default-executor-2] WARN  server.GrpcLogAppender (LogUtils.java:warn(134)) - 7c636cf6-abb1-48a1-8471-c57ff8076954@group-D88AEF8F9869->6e9598b6-9dc4-49c9-af23-0bbf4a4b345a-AppendLogResponseHandler: Failed appendEntries: org.apache.ratis.thirdparty.io.grpc.StatusRuntimeException: UNAVAILABLE: io exception
2019-09-26 16:39:08,247 [grpc-default-executor-2] INFO  impl.FollowerInfo (FollowerInfo.java:lambda$new$0(51)) - 7c636cf6-abb1-48a1-8471-c57ff8076954@group-D88AEF8F9869->6e9598b6-9dc4-49c9-af23-0bbf4a4b345a: nextIndex: updateUnconditionally 0 -> 0
2019-09-26 16:39:08,716 [grpc-default-executor-2] WARN  server.GrpcLogAppender (LogUtils.java:warn(134)) - 45094064-c3fb-4870-9766-7d97e0e9250d@group-320CFA3398AE->54f991d6-dc71-460d-82bf-0c4295aeca21-AppendLogResponseHandler: Failed appendEntries: org.apache.ratis.thirdparty.io.grpc.StatusRuntimeException: UNAVAILABLE: io exception
2019-09-26 16:39:08,716 [grpc-default-executor-2] INFO  impl.FollowerInfo (FollowerInfo.java:lambda$new$0(51)) - 45094064-c3fb-4870-9766-7d97e0e9250d@group-320CFA3398AE->54f991d6-dc71-460d-82bf-0c4295aeca21: nextIndex: updateUnconditionally 0 -> 0
2019-09-26 16:39:08,731 [grpc-default-executor-2] WARN  server.GrpcLogAppender (LogUtils.java:warn(134)) - 23db1bd7-0ec3-4d63-b495-756f3d5b5fb7@group-D3771522134E->dc4ec581-df22-4026-9c78-08ca65e450b7-AppendLogResponseHandler: Failed appendEntries: org.apache.ratis.thirdparty.io.grpc.StatusRuntimeException: UNAVAILABLE: io exception
2019-09-26 16:39:08,731 [grpc-default-executor-2] INFO  impl.FollowerInfo (FollowerInfo.java:lambda$new$0(51)) - 23db1bd7-0ec3-4d63-b495-756f3d5b5fb7@group-D3771522134E->dc4ec581-df22-4026-9c78-08ca65e450b7: nextIndex: updateUnconditionally 0 -> 0
2019-09-26 16:39:08,740 [grpc-default-executor-1] WARN  server.GrpcLogAppender (LogUtils.java:warn(134)) - 23db1bd7-0ec3-4d63-b495-756f3d5b5fb7@group-D3771522134E->96614e23-b56d-471a-9cd7-6076bc1c8933-AppendLogResponseHandler: Failed appendEntries: org.apache.ratis.thirdparty.io.grpc.StatusRuntimeException: UNAVAILABLE: io exception
2019-09-26 16:39:08,740 [grpc-default-executor-1] INFO  impl.FollowerInfo (FollowerInfo.java:lambda$new$0(51)) - 23db1bd7-0ec3-4d63-b495-756f3d5b5fb7@group-D3771522134E->96614e23-b56d-471a-9cd7-6076bc1c8933: nextIndex: updateUnconditionally 0 -> 0
2019-09-26 16:39:08,748 [grpc-default-executor-6] WARN  server.GrpcLogAppender (LogUtils.java:warn(134)) - 7c636cf6-abb1-48a1-8471-c57ff8076954@group-D88AEF8F9869->6e9598b6-9dc4-49c9-af23-0bbf4a4b345a-AppendLogResponseHandler: Failed appendEntries: org.apache.ratis.thirdparty.io.grpc.StatusRuntimeException: UNAVAILABLE: io exception
2019-09-26 16:39:08,748 [grpc-default-executor-6] INFO  impl.FollowerInfo (FollowerInfo.java:lambda$new$0(51)) - 7c636cf6-abb1-48a1-8471-c57ff8076954@group-D88AEF8F9869->6e9598b6-9dc4-49c9-af23-0bbf4a4b345a: nextIndex: updateUnconditionally 0 -> 0
2019-09-26 16:39:09,217 [grpc-default-executor-6] WARN  server.GrpcLogAppender (LogUtils.java:warn(134)) - 45094064-c3fb-4870-9766-7d97e0e9250d@group-320CFA3398AE->54f991d6-dc71-460d-82bf-0c4295aeca21-AppendLogResponseHandler: Failed appendEntries: org.apache.ratis.thirdparty.io.grpc.StatusRuntimeException: UNAVAILABLE: io exception
2019-09-26 16:39:09,218 [grpc-default-executor-6] INFO  impl.FollowerInfo (FollowerInfo.java:lambda$new$0(51)) - 45094064-c3fb-4870-9766-7d97e0e9250d@group-320CFA3398AE->54f991d6-dc71-460d-82bf-0c4295aeca21: nextIndex: updateUnconditionally 0 -> 0
2019-09-26 16:39:09,231 [grpc-default-executor-6] WARN  server.GrpcLogAppender (LogUtils.java:warn(134)) - 23db1bd7-0ec3-4d63-b495-756f3d5b5fb7@group-D3771522134E->dc4ec581-df22-4026-9c78-08ca65e450b7-AppendLogResponseHandler: Failed appendEntries: org.apache.ratis.thirdparty.io.grpc.StatusRuntimeException: UNAVAILABLE: io exception
2019-09-26 16:39:09,232 [grpc-default-executor-6] INFO  impl.FollowerInfo (FollowerInfo.java:lambda$new$0(51)) - 23db1bd7-0ec3-4d63-b495-756f3d5b5fb7@group-D3771522134E->dc4ec581-df22-4026-9c78-08ca65e450b7: nextIndex: updateUnconditionally 0 -> 0
2019-09-26 16:39:09,240 [grpc-default-executor-6] WARN  server.GrpcLogAppender (LogUtils.java:warn(134)) - 23db1bd7-0ec3-4d63-b495-756f3d5b5fb7@group-D3771522134E->96614e23-b56d-471a-9cd7-6076bc1c8933-AppendLogResponseHandler: Failed appendEntries: org.apache.ratis.thirdparty.io.grpc.StatusRuntimeException: UNAVAILABLE: io exception
2019-09-26 16:39:09,241 [grpc-default-executor-6] INFO  impl.FollowerInfo (FollowerInfo.java:lambda$new$0(51)) - 23db1bd7-0ec3-4d63-b495-756f3d5b5fb7@group-D3771522134E->96614e23-b56d-471a-9cd7-6076bc1c8933: nextIndex: updateUnconditionally 0 -> 0
2019-09-26 16:39:09,248 [grpc-default-executor-2] WARN  server.GrpcLogAppender (LogUtils.java:warn(134)) - 7c636cf6-abb1-48a1-8471-c57ff8076954@group-D88AEF8F9869->6e9598b6-9dc4-49c9-af23-0bbf4a4b345a-AppendLogResponseHandler: Failed appendEntries: org.apache.ratis.thirdparty.io.grpc.StatusRuntimeException: UNAVAILABLE: io exception
2019-09-26 16:39:09,249 [grpc-default-executor-2] INFO  impl.FollowerInfo (FollowerInfo.java:lambda$new$0(51)) - 7c636cf6-abb1-48a1-8471-c57ff8076954@group-D88AEF8F9869->6e9598b6-9dc4-49c9-af23-0bbf4a4b345a: nextIndex: updateUnconditionally 0 -> 0
2019-09-26 16:39:09,718 [grpc-default-executor-1] WARN  server.GrpcLogAppender (LogUtils.java:warn(134)) - 45094064-c3fb-4870-9766-7d97e0e9250d@group-320CFA3398AE->54f991d6-dc71-460d-82bf-0c4295aeca21-AppendLogResponseHandler: Failed appendEntries: org.apache.ratis.thirdparty.io.grpc.StatusRuntimeException: UNAVAILABLE: io exception
2019-09-26 16:39:09,718 [grpc-default-executor-1] INFO  impl.FollowerInfo (FollowerInfo.java:lambda$new$0(51)) - 45094064-c3fb-4870-9766-7d97e0e9250d@group-320CFA3398AE->54f991d6-dc71-460d-82bf-0c4295aeca21: nextIndex: updateUnconditionally 0 -> 0
2019-09-26 16:39:09,732 [grpc-default-executor-1] WARN  server.GrpcLogAppender (LogUtils.java:warn(134)) - 23db1bd7-0ec3-4d63-b495-756f3d5b5fb7@group-D3771522134E->dc4ec581-df22-4026-9c78-08ca65e450b7-AppendLogResponseHandler: Failed appendEntries: org.apache.ratis.thirdparty.io.grpc.StatusRuntimeException: UNAVAILABLE: io exception
2019-09-26 16:39:09,732 [grpc-default-executor-1] INFO  impl.FollowerInfo (FollowerInfo.java:lambda$new$0(51)) - 23db1bd7-0ec3-4d63-b495-756f3d5b5fb7@group-D3771522134E->dc4ec581-df22-4026-9c78-08ca65e450b7: nextIndex: updateUnconditionally 0 -> 0
2019-09-26 16:39:09,746 [grpc-default-executor-2] WARN  server.GrpcLogAppender (LogUtils.java:warn(134)) - 23db1bd7-0ec3-4d63-b495-756f3d5b5fb7@group-D3771522134E->96614e23-b56d-471a-9cd7-6076bc1c8933-AppendLogResponseHandler: Failed appendEntries: org.apache.ratis.thirdparty.io.grpc.StatusRuntimeException: UNAVAILABLE: io exception
2019-09-26 16:39:09,747 [grpc-default-executor-2] INFO  impl.FollowerInfo (FollowerInfo.java:lambda$new$0(51)) - 23db1bd7-0ec3-4d63-b495-756f3d5b5fb7@group-D3771522134E->96614e23-b56d-471a-9cd7-6076bc1c8933: nextIndex: updateUnconditionally 0 -> 0
2019-09-26 16:39:09,748 [grpc-default-executor-2] WARN  server.GrpcLogAppender (LogUtils.java:warn(134)) - 7c636cf6-abb1-48a1-8471-c57ff8076954@group-D88AEF8F9869->6e9598b6-9dc4-49c9-af23-0bbf4a4b345a-AppendLogResponseHandler: Failed appendEntries: org.apache.ratis.thirdparty.io.grpc.StatusRuntimeException: UNAVAILABLE: io exception
2019-09-26 16:39:09,749 [grpc-default-executor-2] INFO  impl.FollowerInfo (FollowerInfo.java:lambda$new$0(51)) - 7c636cf6-abb1-48a1-8471-c57ff8076954@group-D88AEF8F9869->6e9598b6-9dc4-49c9-af23-0bbf4a4b345a: nextIndex: updateUnconditionally 0 -> 0
2019-09-26 16:39:10,219 [grpc-default-executor-2] WARN  server.GrpcLogAppender (LogUtils.java:warn(134)) - 45094064-c3fb-4870-9766-7d97e0e9250d@group-320CFA3398AE->54f991d6-dc71-460d-82bf-0c4295aeca21-AppendLogResponseHandler: Failed appendEntries: org.apache.ratis.thirdparty.io.grpc.StatusRuntimeException: UNAVAILABLE: io exception
2019-09-26 16:39:10,219 [grpc-default-executor-2] INFO  impl.FollowerInfo (FollowerInfo.java:lambda$new$0(51)) - 45094064-c3fb-4870-9766-7d97e0e9250d@group-320CFA3398AE->54f991d6-dc71-460d-82bf-0c4295aeca21: nextIndex: updateUnconditionally 0 -> 0
2019-09-26 16:39:10,233 [grpc-default-executor-2] WARN  server.GrpcLogAppender (LogUtils.java:warn(134)) - 23db1bd7-0ec3-4d63-b495-756f3d5b5fb7@group-D3771522134E->dc4ec581-df22-4026-9c78-08ca65e450b7-AppendLogResponseHandler: Failed appendEntries: org.apache.ratis.thirdparty.io.grpc.StatusRuntimeException: UNAVAILABLE: io exception
2019-09-26 16:39:10,233 [grpc-default-executor-2] INFO  impl.FollowerInfo (FollowerInfo.java:lambda$new$0(51)) - 23db1bd7-0ec3-4d63-b495-756f3d5b5fb7@group-D3771522134E->dc4ec581-df22-4026-9c78-08ca65e450b7: nextIndex: updateUnconditionally 0 -> 0
2019-09-26 16:39:10,248 [grpc-default-executor-6] WARN  server.GrpcLogAppender (LogUtils.java:warn(134)) - 23db1bd7-0ec3-4d63-b495-756f3d5b5fb7@group-D3771522134E->96614e23-b56d-471a-9cd7-6076bc1c8933-AppendLogResponseHandler: Failed appendEntries: org.apache.ratis.thirdparty.io.grpc.StatusRuntimeException: UNAVAILABLE: io exception
2019-09-26 16:39:10,248 [grpc-default-executor-6] INFO  impl.FollowerInfo (FollowerInfo.java:lambda$new$0(51)) - 23db1bd7-0ec3-4d63-b495-756f3d5b5fb7@group-D3771522134E->96614e23-b56d-471a-9cd7-6076bc1c8933: nextIndex: updateUnconditionally 0 -> 0
2019-09-26 16:39:10,249 [grpc-default-executor-1] WARN  server.GrpcLogAppender (LogUtils.java:warn(134)) - 7c636cf6-abb1-48a1-8471-c57ff8076954@group-D88AEF8F9869->6e9598b6-9dc4-49c9-af23-0bbf4a4b345a-AppendLogResponseHandler: Failed appendEntries: org.apache.ratis.thirdparty.io.grpc.StatusRuntimeException: UNAVAILABLE: io exception
2019-09-26 16:39:10,250 [grpc-default-executor-1] INFO  impl.FollowerInfo (FollowerInfo.java:lambda$new$0(51)) - 7c636cf6-abb1-48a1-8471-c57ff8076954@group-D88AEF8F9869->6e9598b6-9dc4-49c9-af23-0bbf4a4b345a: nextIndex: updateUnconditionally 0 -> 0
2019-09-26 16:39:10,720 [grpc-default-executor-1] WARN  server.GrpcLogAppender (LogUtils.java:warn(134)) - 45094064-c3fb-4870-9766-7d97e0e9250d@group-320CFA3398AE->54f991d6-dc71-460d-82bf-0c4295aeca21-AppendLogResponseHandler: Failed appendEntries: org.apache.ratis.thirdparty.io.grpc.StatusRuntimeException: UNAVAILABLE: io exception
2019-09-26 16:39:10,721 [grpc-default-executor-1] INFO  impl.FollowerInfo (FollowerInfo.java:lambda$new$0(51)) - 45094064-c3fb-4870-9766-7d97e0e9250d@group-320CFA3398AE->54f991d6-dc71-460d-82bf-0c4295aeca21: nextIndex: updateUnconditionally 0 -> 0
2019-09-26 16:39:10,733 [grpc-default-executor-2] WARN  server.GrpcLogAppender (LogUtils.java:warn(134)) - 23db1bd7-0ec3-4d63-b495-756f3d5b5fb7@group-D3771522134E->dc4ec581-df22-4026-9c78-08ca65e450b7-AppendLogResponseHandler: Failed appendEntries: org.apache.ratis.thirdparty.io.grpc.StatusRuntimeException: UNAVAILABLE: io exception
2019-09-26 16:39:10,734 [grpc-default-executor-2] INFO  impl.FollowerInfo (FollowerInfo.java:lambda$new$0(51)) - 23db1bd7-0ec3-4d63-b495-756f3d5b5fb7@group-D3771522134E->dc4ec581-df22-4026-9c78-08ca65e450b7: nextIndex: updateUnconditionally 0 -> 0
2019-09-26 16:39:10,749 [grpc-default-executor-6] WARN  server.GrpcLogAppender (LogUtils.java:warn(134)) - 23db1bd7-0ec3-4d63-b495-756f3d5b5fb7@group-D3771522134E->96614e23-b56d-471a-9cd7-6076bc1c8933-AppendLogResponseHandler: Failed appendEntries: org.apache.ratis.thirdparty.io.grpc.StatusRuntimeException: UNAVAILABLE: io exception
2019-09-26 16:39:10,749 [grpc-default-executor-6] INFO  impl.FollowerInfo (FollowerInfo.java:lambda$new$0(51)) - 23db1bd7-0ec3-4d63-b495-756f3d5b5fb7@group-D3771522134E->96614e23-b56d-471a-9cd7-6076bc1c8933: nextIndex: updateUnconditionally 0 -> 0
2019-09-26 16:39:10,750 [grpc-default-executor-1] WARN  server.GrpcLogAppender (LogUtils.java:warn(134)) - 7c636cf6-abb1-48a1-8471-c57ff8076954@group-D88AEF8F9869->6e9598b6-9dc4-49c9-af23-0bbf4a4b345a-AppendLogResponseHandler: Failed appendEntries: org.apache.ratis.thirdparty.io.grpc.StatusRuntimeException: UNAVAILABLE: io exception
2019-09-26 16:39:10,750 [grpc-default-executor-1] INFO  impl.FollowerInfo (FollowerInfo.java:lambda$new$0(51)) - 7c636cf6-abb1-48a1-8471-c57ff8076954@group-D88AEF8F9869->6e9598b6-9dc4-49c9-af23-0bbf4a4b345a: nextIndex: updateUnconditionally 0 -> 0
2019-09-26 16:39:11,221 [grpc-default-executor-1] WARN  server.GrpcLogAppender (LogUtils.java:warn(134)) - 45094064-c3fb-4870-9766-7d97e0e9250d@group-320CFA3398AE->54f991d6-dc71-460d-82bf-0c4295aeca21-AppendLogResponseHandler: Failed appendEntries: org.apache.ratis.thirdparty.io.grpc.StatusRuntimeException: UNAVAILABLE: io exception
2019-09-26 16:39:11,222 [grpc-default-executor-1] INFO  impl.FollowerInfo (FollowerInfo.java:lambda$new$0(51)) - 45094064-c3fb-4870-9766-7d97e0e9250d@group-320CFA3398AE->54f991d6-dc71-460d-82bf-0c4295aeca21: nextIndex: updateUnconditionally 0 -> 0
2019-09-26 16:39:11,234 [grpc-default-executor-2] WARN  server.GrpcLogAppender (LogUtils.java:warn(134)) - 23db1bd7-0ec3-4d63-b495-756f3d5b5fb7@group-D3771522134E->dc4ec581-df22-4026-9c78-08ca65e450b7-AppendLogResponseHandler: Failed appendEntries: org.apache.ratis.thirdparty.io.grpc.StatusRuntimeException: UNAVAILABLE: io exception
2019-09-26 16:39:11,234 [grpc-default-executor-2] INFO  impl.FollowerInfo (FollowerInfo.java:lambda$new$0(51)) - 23db1bd7-0ec3-4d63-b495-756f3d5b5fb7@group-D3771522134E->dc4ec581-df22-4026-9c78-08ca65e450b7: nextIndex: updateUnconditionally 0 -> 0
2019-09-26 16:39:11,249 [grpc-default-executor-2] WARN  server.GrpcLogAppender (LogUtils.java:warn(134)) - 23db1bd7-0ec3-4d63-b495-756f3d5b5fb7@group-D3771522134E->96614e23-b56d-471a-9cd7-6076bc1c8933-AppendLogResponseHandler: Failed appendEntries: org.apache.ratis.thirdparty.io.grpc.StatusRuntimeException: UNAVAILABLE: io exception
2019-09-26 16:39:11,250 [grpc-default-executor-2] INFO  impl.FollowerInfo (FollowerInfo.java:lambda$new$0(51)) - 23db1bd7-0ec3-4d63-b495-756f3d5b5fb7@group-D3771522134E->96614e23-b56d-471a-9cd7-6076bc1c8933: nextIndex: updateUnconditionally 0 -> 0
2019-09-26 16:39:11,251 [grpc-default-executor-6] WARN  server.GrpcLogAppender (LogUtils.java:warn(134)) - 7c636cf6-abb1-48a1-8471-c57ff8076954@group-D88AEF8F9869->6e9598b6-9dc4-49c9-af23-0bbf4a4b345a-AppendLogResponseHandler: Failed appendEntries: org.apache.ratis.thirdparty.io.grpc.StatusRuntimeException: UNAVAILABLE: io exception
2019-09-26 16:39:11,251 [grpc-default-executor-6] INFO  impl.FollowerInfo (FollowerInfo.java:lambda$new$0(51)) - 7c636cf6-abb1-48a1-8471-c57ff8076954@group-D88AEF8F9869->6e9598b6-9dc4-49c9-af23-0bbf4a4b345a: nextIndex: updateUnconditionally 0 -> 0
2019-09-26 16:39:11,722 [grpc-default-executor-6] WARN  server.GrpcLogAppender (LogUtils.java:warn(134)) - 45094064-c3fb-4870-9766-7d97e0e9250d@group-320CFA3398AE->54f991d6-dc71-460d-82bf-0c4295aeca21-AppendLogResponseHandler: Failed appendEntries: org.apache.ratis.thirdparty.io.grpc.StatusRuntimeException: UNAVAILABLE: io exception
2019-09-26 16:39:11,723 [grpc-default-executor-6] INFO  impl.FollowerInfo (FollowerInfo.java:lambda$new$0(51)) - 45094064-c3fb-4870-9766-7d97e0e9250d@group-320CFA3398AE->54f991d6-dc71-460d-82bf-0c4295aeca21: nextIndex: updateUnconditionally 0 -> 0
2019-09-26 16:39:11,734 [grpc-default-executor-1] WARN  server.GrpcLogAppender (LogUtils.java:warn(134)) - 23db1bd7-0ec3-4d63-b495-756f3d5b5fb7@group-D3771522134E->dc4ec581-df22-4026-9c78-08ca65e450b7-AppendLogResponseHandler: Failed appendEntries: org.apache.ratis.thirdparty.io.grpc.StatusRuntimeException: UNAVAILABLE: io exception
2019-09-26 16:39:11,735 [grpc-default-executor-1] INFO  impl.FollowerInfo (FollowerInfo.java:lambda$new$0(51)) - 23db1bd7-0ec3-4d63-b495-756f3d5b5fb7@group-D3771522134E->dc4ec581-df22-4026-9c78-08ca65e450b7: nextIndex: updateUnconditionally 0 -> 0
2019-09-26 16:39:11,750 [grpc-default-executor-2] WARN  server.GrpcLogAppender (LogUtils.java:warn(134)) - 23db1bd7-0ec3-4d63-b495-756f3d5b5fb7@group-D3771522134E->96614e23-b56d-471a-9cd7-6076bc1c8933-AppendLogResponseHandler: Failed appendEntries: org.apache.ratis.thirdparty.io.grpc.StatusRuntimeException: UNAVAILABLE: io exception
2019-09-26 16:39:11,750 [grpc-default-executor-2] INFO  impl.FollowerInfo (FollowerInfo.java:lambda$new$0(51)) - 23db1bd7-0ec3-4d63-b495-756f3d5b5fb7@group-D3771522134E->96614e23-b56d-471a-9cd7-6076bc1c8933: nextIndex: updateUnconditionally 0 -> 0
2019-09-26 16:39:11,751 [grpc-default-executor-1] WARN  server.GrpcLogAppender (LogUtils.java:warn(134)) - 7c636cf6-abb1-48a1-8471-c57ff8076954@group-D88AEF8F9869->6e9598b6-9dc4-49c9-af23-0bbf4a4b345a-AppendLogResponseHandler: Failed appendEntries: org.apache.ratis.thirdparty.io.grpc.StatusRuntimeException: UNAVAILABLE: io exception
2019-09-26 16:39:11,751 [grpc-default-executor-1] INFO  impl.FollowerInfo (FollowerInfo.java:lambda$new$0(51)) - 7c636cf6-abb1-48a1-8471-c57ff8076954@group-D88AEF8F9869->6e9598b6-9dc4-49c9-af23-0bbf4a4b345a: nextIndex: updateUnconditionally 0 -> 0
2019-09-26 16:39:12,222 [grpc-default-executor-1] WARN  server.GrpcLogAppender (LogUtils.java:warn(134)) - 45094064-c3fb-4870-9766-7d97e0e9250d@group-320CFA3398AE->54f991d6-dc71-460d-82bf-0c4295aeca21-AppendLogResponseHandler: Failed appendEntries: org.apache.ratis.thirdparty.io.grpc.StatusRuntimeException: UNAVAILABLE: io exception
2019-09-26 16:39:12,223 [grpc-default-executor-1] INFO  impl.FollowerInfo (FollowerInfo.java:lambda$new$0(51)) - 45094064-c3fb-4870-9766-7d97e0e9250d@group-320CFA3398AE->54f991d6-dc71-460d-82bf-0c4295aeca21: nextIndex: updateUnconditionally 0 -> 0
2019-09-26 16:39:12,235 [grpc-default-executor-2] WARN  server.GrpcLogAppender (LogUtils.java:warn(134)) - 23db1bd7-0ec3-4d63-b495-756f3d5b5fb7@group-D3771522134E->dc4ec581-df22-4026-9c78-08ca65e450b7-AppendLogResponseHandler: Failed appendEntries: org.apache.ratis.thirdparty.io.grpc.StatusRuntimeException: UNAVAILABLE: io exception
2019-09-26 16:39:12,235 [grpc-default-executor-2] INFO  impl.FollowerInfo (FollowerInfo.java:lambda$new$0(51)) - 23db1bd7-0ec3-4d63-b495-756f3d5b5fb7@group-D3771522134E->dc4ec581-df22-4026-9c78-08ca65e450b7: nextIndex: updateUnconditionally 0 -> 0
2019-09-26 16:39:12,250 [grpc-default-executor-1] WARN  server.GrpcLogAppender (LogUtils.java:warn(134)) - 23db1bd7-0ec3-4d63-b495-756f3d5b5fb7@group-D3771522134E->96614e23-b56d-471a-9cd7-6076bc1c8933-AppendLogResponseHandler: Failed appendEntries: org.apache.ratis.thirdparty.io.grpc.StatusRuntimeException: UNAVAILABLE: io exception
2019-09-26 16:39:12,251 [grpc-default-executor-1] INFO  impl.FollowerInfo (FollowerInfo.java:lambda$new$0(51)) - 23db1bd7-0ec3-4d63-b495-756f3d5b5fb7@group-D3771522134E->96614e23-b56d-471a-9cd7-6076bc1c8933: nextIndex: updateUnconditionally 0 -> 0
2019-09-26 16:39:12,252 [grpc-default-executor-6] WARN  server.GrpcLogAppender (LogUtils.java:warn(134)) - 7c636cf6-abb1-48a1-8471-c57ff8076954@group-D88AEF8F9869->6e9598b6-9dc4-49c9-af23-0bbf4a4b345a-AppendLogResponseHandler: Failed appendEntries: org.apache.ratis.thirdparty.io.grpc.StatusRuntimeException: UNAVAILABLE: io exception
2019-09-26 16:39:12,252 [grpc-default-executor-6] INFO  impl.FollowerInfo (FollowerInfo.java:lambda$new$0(51)) - 7c636cf6-abb1-48a1-8471-c57ff8076954@group-D88AEF8F9869->6e9598b6-9dc4-49c9-af23-0bbf4a4b345a: nextIndex: updateUnconditionally 0 -> 0
2019-09-26 16:39:12,434 [ForkJoinPool.commonPool-worker-0] INFO  ozoneimpl.OzoneContainer (OzoneContainer.java:stop(231)) - Attempting to stop container services.
2019-09-26 16:39:12,434 [ForkJoinPool.commonPool-worker-0] INFO  impl.RaftServerProxy (RaftServerProxy.java:lambda$close$4(314)) - 45094064-c3fb-4870-9766-7d97e0e9250d: close
2019-09-26 16:39:12,434 [main] INFO  ozoneimpl.OzoneContainer (OzoneContainer.java:stop(231)) - Attempting to stop container services.
2019-09-26 16:39:12,435 [ForkJoinPool.commonPool-worker-0] INFO  impl.RaftServerImpl (RaftServerImpl.java:lambda$shutdown$3(251)) - 45094064-c3fb-4870-9766-7d97e0e9250d@group-320CFA3398AE: shutdown
2019-09-26 16:39:12,435 [main] INFO  impl.RaftServerProxy (RaftServerProxy.java:lambda$close$4(314)) - aa5e70ed-1a32-47db-ba25-52c5f27f9508: close
2019-09-26 16:39:12,435 [ForkJoinPool.commonPool-worker-0] INFO  util.JmxRegister (JmxRegister.java:unregister(73)) - Successfully un-registered JMX Bean with object name Ratis:service=RaftServer,group=group-320CFA3398AE,id=45094064-c3fb-4870-9766-7d97e0e9250d
2019-09-26 16:39:12,436 [main] INFO  impl.RaftServerImpl (RaftServerImpl.java:lambda$shutdown$3(251)) - aa5e70ed-1a32-47db-ba25-52c5f27f9508@group-C753424716C8: shutdown
2019-09-26 16:39:12,436 [ForkJoinPool.commonPool-worker-0] INFO  impl.RoleInfo (RoleInfo.java:shutdownLeaderState(104)) - 45094064-c3fb-4870-9766-7d97e0e9250d: shutdown LeaderState
2019-09-26 16:39:12,437 [main] INFO  util.JmxRegister (JmxRegister.java:unregister(73)) - Successfully un-registered JMX Bean with object name Ratis:service=RaftServer,group=group-C753424716C8,id=aa5e70ed-1a32-47db-ba25-52c5f27f9508
2019-09-26 16:39:12,442 [org.apache.ratis.server.impl.LogAppender$AppenderDaemon$$Lambda$414/452738001@10d5aae9] WARN  server.GrpcLogAppender (GrpcLogAppender.java:mayWait(143)) - 45094064-c3fb-4870-9766-7d97e0e9250d@group-320CFA3398AE->54f991d6-dc71-460d-82bf-0c4295aeca21-GrpcLogAppender: Wait interrupted by java.lang.InterruptedException
2019-09-26 16:39:12,442 [org.apache.ratis.server.impl.LogAppender$AppenderDaemon$$Lambda$414/452738001@357550d9] WARN  server.GrpcLogAppender (GrpcLogAppender.java:mayWait(143)) - 45094064-c3fb-4870-9766-7d97e0e9250d@group-320CFA3398AE->941dd69d-21df-447a-8c50-e4c30322a245-GrpcLogAppender: Wait interrupted by java.lang.InterruptedException
2019-09-26 16:39:12,442 [ForkJoinPool.commonPool-worker-0] INFO  impl.PendingRequests (PendingRequests.java:sendNotLeaderResponses(202)) - 45094064-c3fb-4870-9766-7d97e0e9250d-PendingRequests: sendNotLeaderResponses
2019-09-26 16:39:12,442 [main] INFO  impl.RoleInfo (RoleInfo.java:shutdownLeaderState(104)) - aa5e70ed-1a32-47db-ba25-52c5f27f9508: shutdown LeaderState
2019-09-26 16:39:12,443 [grpc-default-executor-6] INFO  server.GrpcServerProtocolService (GrpcServerProtocolService.java:onCompleted(113)) - 941dd69d-21df-447a-8c50-e4c30322a245: Completed APPEND_ENTRIES, lastRequest: 45094064-c3fb-4870-9766-7d97e0e9250d->941dd69d-21df-447a-8c50-e4c30322a245#249-t1, previous=(t:1, i:0), leaderCommit=0, initializing? false, entries: <empty>
2019-09-26 16:39:12,443 [ForkJoinPool.commonPool-worker-0] INFO  impl.StateMachineUpdater (StateMachineUpdater.java:stopAndJoin(125)) - 45094064-c3fb-4870-9766-7d97e0e9250d@group-320CFA3398AE-StateMachineUpdater: set stopIndex = 0
2019-09-26 16:39:12,444 [ForkJoinPool.commonPool-worker-0] INFO  impl.RaftServerImpl (ServerState.java:close(385)) - 45094064-c3fb-4870-9766-7d97e0e9250d@group-320CFA3398AE: closes. applyIndex: 0
2019-09-26 16:39:12,444 [main] INFO  impl.PendingRequests (PendingRequests.java:sendNotLeaderResponses(202)) - aa5e70ed-1a32-47db-ba25-52c5f27f9508-PendingRequests: sendNotLeaderResponses
2019-09-26 16:39:12,445 [45094064-c3fb-4870-9766-7d97e0e9250d@group-320CFA3398AE-SegmentedRaftLogWorker] INFO  segmented.SegmentedRaftLogWorker (SegmentedRaftLogWorker.java:run(313)) - 45094064-c3fb-4870-9766-7d97e0e9250d@group-320CFA3398AE-SegmentedRaftLogWorker was interrupted, exiting. There are 0 tasks remaining in the queue.
2019-09-26 16:39:12,445 [grpc-default-executor-6] INFO  server.GrpcLogAppender (GrpcLogAppender.java:onCompleted(293)) - 45094064-c3fb-4870-9766-7d97e0e9250d@group-320CFA3398AE->941dd69d-21df-447a-8c50-e4c30322a245-AppendLogResponseHandler: follower responses appendEntries COMPLETED
2019-09-26 16:39:12,448 [ForkJoinPool.commonPool-worker-0] INFO  segmented.SegmentedRaftLogWorker (SegmentedRaftLogWorker.java:close(228)) - 45094064-c3fb-4870-9766-7d97e0e9250d@group-320CFA3398AE-SegmentedRaftLogWorker close()
2019-09-26 16:39:12,445 [main] INFO  impl.StateMachineUpdater (StateMachineUpdater.java:stopAndJoin(125)) - aa5e70ed-1a32-47db-ba25-52c5f27f9508@group-C753424716C8-StateMachineUpdater: set stopIndex = 0
2019-09-26 16:39:12,453 [main] INFO  impl.RaftServerImpl (ServerState.java:close(385)) - aa5e70ed-1a32-47db-ba25-52c5f27f9508@group-C753424716C8: closes. applyIndex: 0
2019-09-26 16:39:12,452 [ForkJoinPool.commonPool-worker-0] INFO  impl.RaftServerImpl (RaftServerImpl.java:lambda$shutdown$3(251)) - 45094064-c3fb-4870-9766-7d97e0e9250d@group-8912707491BF: shutdown
2019-09-26 16:39:12,448 [grpc-default-executor-6] INFO  impl.FollowerInfo (FollowerInfo.java:lambda$new$0(51)) - 45094064-c3fb-4870-9766-7d97e0e9250d@group-320CFA3398AE->941dd69d-21df-447a-8c50-e4c30322a245: nextIndex: updateUnconditionally 1 -> 0
2019-09-26 16:39:12,454 [ForkJoinPool.commonPool-worker-0] INFO  util.JmxRegister (JmxRegister.java:unregister(73)) - Successfully un-registered JMX Bean with object name Ratis:service=RaftServer,group=group-8912707491BF,id=45094064-c3fb-4870-9766-7d97e0e9250d
2019-09-26 16:39:12,454 [ForkJoinPool.commonPool-worker-0] INFO  impl.RoleInfo (RoleInfo.java:shutdownLeaderState(104)) - 45094064-c3fb-4870-9766-7d97e0e9250d: shutdown LeaderState
2019-09-26 16:39:12,454 [aa5e70ed-1a32-47db-ba25-52c5f27f9508@group-C753424716C8-SegmentedRaftLogWorker] INFO  segmented.SegmentedRaftLogWorker (SegmentedRaftLogWorker.java:run(313)) - aa5e70ed-1a32-47db-ba25-52c5f27f9508@group-C753424716C8-SegmentedRaftLogWorker was interrupted, exiting. There are 0 tasks remaining in the queue.
2019-09-26 16:39:12,455 [ForkJoinPool.commonPool-worker-0] INFO  impl.PendingRequests (PendingRequests.java:sendNotLeaderResponses(202)) - 45094064-c3fb-4870-9766-7d97e0e9250d-PendingRequests: sendNotLeaderResponses
2019-09-26 16:39:12,457 [ForkJoinPool.commonPool-worker-0] INFO  impl.StateMachineUpdater (StateMachineUpdater.java:stopAndJoin(125)) - 45094064-c3fb-4870-9766-7d97e0e9250d@group-8912707491BF-StateMachineUpdater: set stopIndex = 0
2019-09-26 16:39:12,458 [ForkJoinPool.commonPool-worker-0] INFO  impl.RaftServerImpl (ServerState.java:close(385)) - 45094064-c3fb-4870-9766-7d97e0e9250d@group-8912707491BF: closes. applyIndex: 0
2019-09-26 16:39:12,458 [45094064-c3fb-4870-9766-7d97e0e9250d@group-8912707491BF-SegmentedRaftLogWorker] INFO  segmented.SegmentedRaftLogWorker (SegmentedRaftLogWorker.java:run(313)) - 45094064-c3fb-4870-9766-7d97e0e9250d@group-8912707491BF-SegmentedRaftLogWorker was interrupted, exiting. There are 0 tasks remaining in the queue.
2019-09-26 16:39:12,469 [ForkJoinPool.commonPool-worker-0] INFO  segmented.SegmentedRaftLogWorker (SegmentedRaftLogWorker.java:close(228)) - 45094064-c3fb-4870-9766-7d97e0e9250d@group-8912707491BF-SegmentedRaftLogWorker close()
2019-09-26 16:39:12,469 [main] INFO  segmented.SegmentedRaftLogWorker (SegmentedRaftLogWorker.java:close(228)) - aa5e70ed-1a32-47db-ba25-52c5f27f9508@group-C753424716C8-SegmentedRaftLogWorker close()
2019-09-26 16:39:12,469 [ForkJoinPool.commonPool-worker-0] INFO  server.GrpcService (GrpcService.java:closeImpl(164)) - 45094064-c3fb-4870-9766-7d97e0e9250d: shutdown server with port 36035 now
2019-09-26 16:39:12,470 [main] INFO  server.GrpcService (GrpcService.java:closeImpl(164)) - aa5e70ed-1a32-47db-ba25-52c5f27f9508: shutdown server with port 40463 now
2019-09-26 16:39:12,473 [main] INFO  server.GrpcService (GrpcService.java:closeImpl(172)) - aa5e70ed-1a32-47db-ba25-52c5f27f9508: shutdown server with port 40463 successfully
2019-09-26 16:39:12,473 [ForkJoinPool.commonPool-worker-0] INFO  server.GrpcService (GrpcService.java:closeImpl(172)) - 45094064-c3fb-4870-9766-7d97e0e9250d: shutdown server with port 36035 successfully
2019-09-26 16:39:12,994 [Thread-2277] WARN  util.JavaUtils (JavaUtils.java:sleep(250)) - Unexpected long sleep: sleep(1124ms) actually took 1425ms which is over the threshold 300ms
2019-09-26 16:39:12,996 [grpc-default-executor-6] WARN  server.GrpcLogAppender (LogUtils.java:warn(134)) - 7c636cf6-abb1-48a1-8471-c57ff8076954@group-D88AEF8F9869->6e9598b6-9dc4-49c9-af23-0bbf4a4b345a-AppendLogResponseHandler: Failed appendEntries: org.apache.ratis.thirdparty.io.grpc.StatusRuntimeException: UNAVAILABLE: io exception
2019-09-26 16:39:12,996 [grpc-default-executor-7] WARN  server.GrpcLogAppender (LogUtils.java:warn(134)) - 23db1bd7-0ec3-4d63-b495-756f3d5b5fb7@group-D3771522134E->dc4ec581-df22-4026-9c78-08ca65e450b7-AppendLogResponseHandler: Failed appendEntries: org.apache.ratis.thirdparty.io.grpc.StatusRuntimeException: UNAVAILABLE: io exception
2019-09-26 16:39:12,996 [grpc-default-executor-6] INFO  impl.FollowerInfo (FollowerInfo.java:lambda$new$0(51)) - 7c636cf6-abb1-48a1-8471-c57ff8076954@group-D88AEF8F9869->6e9598b6-9dc4-49c9-af23-0bbf4a4b345a: nextIndex: updateUnconditionally 0 -> 0
2019-09-26 16:39:12,996 [grpc-default-executor-7] INFO  impl.FollowerInfo (FollowerInfo.java:lambda$new$0(51)) - 23db1bd7-0ec3-4d63-b495-756f3d5b5fb7@group-D3771522134E->dc4ec581-df22-4026-9c78-08ca65e450b7: nextIndex: updateUnconditionally 0 -> 0
2019-09-26 16:39:13,012 [refreshUsed-/workdir/hadoop-ozone/integration-test/target/test-dir/MiniOzoneClusterImpl-521d4657-8b90-42e2-88d0-1dd80c8159cc/datanode-8/data/containers] WARN  fs.CachingGetSpaceUsed (CachingGetSpaceUsed.java:run(183)) - Thread Interrupted waiting to refresh disk information: sleep interrupted
2019-09-26 16:39:13,021 [grpc-default-executor-8] WARN  server.GrpcLogAppender (LogUtils.java:warn(134)) - 23db1bd7-0ec3-4d63-b495-756f3d5b5fb7@group-D3771522134E->96614e23-b56d-471a-9cd7-6076bc1c8933-AppendLogResponseHandler: Failed appendEntries: org.apache.ratis.thirdparty.io.grpc.StatusRuntimeException: UNAVAILABLE: io exception
2019-09-26 16:39:13,022 [refreshUsed-/workdir/hadoop-ozone/integration-test/target/test-dir/MiniOzoneClusterImpl-521d4657-8b90-42e2-88d0-1dd80c8159cc/datanode-4/data/containers] WARN  fs.CachingGetSpaceUsed (CachingGetSpaceUsed.java:run(183)) - Thread Interrupted waiting to refresh disk information: sleep interrupted
2019-09-26 16:39:13,022 [grpc-default-executor-8] INFO  impl.FollowerInfo (FollowerInfo.java:lambda$new$0(51)) - 23db1bd7-0ec3-4d63-b495-756f3d5b5fb7@group-D3771522134E->96614e23-b56d-471a-9cd7-6076bc1c8933: nextIndex: updateUnconditionally 0 -> 0
2019-09-26 16:39:13,051 [main] INFO  utils.BackgroundService (BackgroundService.java:shutdown(148)) - Shutting down service BlockDeletingService
2019-09-26 16:39:13,056 [ForkJoinPool.commonPool-worker-0] INFO  utils.BackgroundService (BackgroundService.java:shutdown(148)) - Shutting down service BlockDeletingService
2019-09-26 16:39:13,057 [main] INFO  statemachine.DatanodeStateMachine (DatanodeStateMachine.java:stopDaemon(395)) - Ozone container server stopped.
2019-09-26 16:39:13,060 [main] INFO  handler.ContextHandler (ContextHandler.java:doStop(910)) - Stopped o.e.j.w.WebAppContext@781711b7{/,null,UNAVAILABLE}{/hddsDatanode}
2019-09-26 16:39:13,063 [ForkJoinPool.commonPool-worker-0] INFO  statemachine.DatanodeStateMachine (DatanodeStateMachine.java:stopDaemon(395)) - Ozone container server stopped.
2019-09-26 16:39:13,064 [main] INFO  server.AbstractConnector (AbstractConnector.java:doStop(318)) - Stopped ServerConnector@642a16aa{HTTP/1.1,[http/1.1]}{0.0.0.0:0}
2019-09-26 16:39:13,065 [main] INFO  handler.ContextHandler (ContextHandler.java:doStop(910)) - Stopped o.e.j.s.ServletContextHandler@47f04e4d{/static,jar:file:/home/user/.m2/repository/org/apache/hadoop/hadoop-hdds-container-service/0.5.0-SNAPSHOT/hadoop-hdds-container-service-0.5.0-SNAPSHOT.jar!/webapps/static,UNAVAILABLE}
2019-09-26 16:39:13,066 [ForkJoinPool.commonPool-worker-0] INFO  handler.ContextHandler (ContextHandler.java:doStop(910)) - Stopped o.e.j.w.WebAppContext@3440e9cd{/,null,UNAVAILABLE}{/hddsDatanode}
2019-09-26 16:39:13,066 [main] INFO  handler.ContextHandler (ContextHandler.java:doStop(910)) - Stopped o.e.j.s.ServletContextHandler@6e60f18{/logs,file:///workdir/hadoop-ozone/integration-test/target/log,UNAVAILABLE}
2019-09-26 16:39:13,067 [ForkJoinPool.commonPool-worker-0] INFO  server.AbstractConnector (AbstractConnector.java:doStop(318)) - Stopped ServerConnector@28a9494b{HTTP/1.1,[http/1.1]}{0.0.0.0:0}
2019-09-26 16:39:13,067 [ForkJoinPool.commonPool-worker-0] INFO  handler.ContextHandler (ContextHandler.java:doStop(910)) - Stopped o.e.j.s.ServletContextHandler@67536ae0{/static,jar:file:/home/user/.m2/repository/org/apache/hadoop/hadoop-hdds-container-service/0.5.0-SNAPSHOT/hadoop-hdds-container-service-0.5.0-SNAPSHOT.jar!/webapps/static,UNAVAILABLE}
2019-09-26 16:39:13,068 [ForkJoinPool.commonPool-worker-0] INFO  handler.ContextHandler (ContextHandler.java:doStop(910)) - Stopped o.e.j.s.ServletContextHandler@45658133{/logs,file:///workdir/hadoop-ozone/integration-test/target/log,UNAVAILABLE}
2019-09-26 16:39:13,278 [Datanode State Machine Thread - 0] INFO  statemachine.DatanodeStateMachine (DatanodeStateMachine.java:lambda$startDaemon$0(350)) - Ozone container server started.
2019-09-26 16:39:13,498 [grpc-default-executor-4] WARN  server.GrpcLogAppender (LogUtils.java:warn(134)) - 23db1bd7-0ec3-4d63-b495-756f3d5b5fb7@group-D3771522134E->96614e23-b56d-471a-9cd7-6076bc1c8933-AppendLogResponseHandler: Failed appendEntries: org.apache.ratis.thirdparty.io.grpc.StatusRuntimeException: UNAVAILABLE: io exception
2019-09-26 16:39:13,498 [grpc-default-executor-7] WARN  server.GrpcLogAppender (LogUtils.java:warn(134)) - 7c636cf6-abb1-48a1-8471-c57ff8076954@group-D88AEF8F9869->6e9598b6-9dc4-49c9-af23-0bbf4a4b345a-AppendLogResponseHandler: Failed appendEntries: org.apache.ratis.thirdparty.io.grpc.StatusRuntimeException: UNAVAILABLE: io exception
2019-09-26 16:39:13,498 [grpc-default-executor-4] INFO  impl.FollowerInfo (FollowerInfo.java:lambda$new$0(51)) - 23db1bd7-0ec3-4d63-b495-756f3d5b5fb7@group-D3771522134E->96614e23-b56d-471a-9cd7-6076bc1c8933: nextIndex: updateUnconditionally 0 -> 0
2019-09-26 16:39:13,498 [grpc-default-executor-3] WARN  server.GrpcLogAppender (LogUtils.java:warn(134)) - 23db1bd7-0ec3-4d63-b495-756f3d5b5fb7@group-D3771522134E->dc4ec581-df22-4026-9c78-08ca65e450b7-AppendLogResponseHandler: Failed appendEntries: org.apache.ratis.thirdparty.io.grpc.StatusRuntimeException: UNAVAILABLE: io exception
2019-09-26 16:39:13,498 [grpc-default-executor-7] INFO  impl.FollowerInfo (FollowerInfo.java:lambda$new$0(51)) - 7c636cf6-abb1-48a1-8471-c57ff8076954@group-D88AEF8F9869->6e9598b6-9dc4-49c9-af23-0bbf4a4b345a: nextIndex: updateUnconditionally 0 -> 0
2019-09-26 16:39:13,499 [grpc-default-executor-3] INFO  impl.FollowerInfo (FollowerInfo.java:lambda$new$0(51)) - 23db1bd7-0ec3-4d63-b495-756f3d5b5fb7@group-D3771522134E->dc4ec581-df22-4026-9c78-08ca65e450b7: nextIndex: updateUnconditionally 0 -> 0
2019-09-26 16:39:13,993 [Datanode State Machine Thread - 0] INFO  statemachine.DatanodeStateMachine (DatanodeStateMachine.java:lambda$startDaemon$0(350)) - Ozone container server started.
2019-09-26 16:39:13,998 [grpc-default-executor-5] WARN  server.GrpcLogAppender (LogUtils.java:warn(134)) - 7c636cf6-abb1-48a1-8471-c57ff8076954@group-D88AEF8F9869->6e9598b6-9dc4-49c9-af23-0bbf4a4b345a-AppendLogResponseHandler: Failed appendEntries: org.apache.ratis.thirdparty.io.grpc.StatusRuntimeException: UNAVAILABLE: io exception
2019-09-26 16:39:13,998 [grpc-default-executor-4] WARN  server.GrpcLogAppender (LogUtils.java:warn(134)) - 23db1bd7-0ec3-4d63-b495-756f3d5b5fb7@group-D3771522134E->dc4ec581-df22-4026-9c78-08ca65e450b7-AppendLogResponseHandler: Failed appendEntries: org.apache.ratis.thirdparty.io.grpc.StatusRuntimeException: UNAVAILABLE: io exception
2019-09-26 16:39:13,998 [grpc-default-executor-3] WARN  server.GrpcLogAppender (LogUtils.java:warn(134)) - 23db1bd7-0ec3-4d63-b495-756f3d5b5fb7@group-D3771522134E->96614e23-b56d-471a-9cd7-6076bc1c8933-AppendLogResponseHandler: Failed appendEntries: org.apache.ratis.thirdparty.io.grpc.StatusRuntimeException: UNAVAILABLE: io exception
2019-09-26 16:39:13,999 [grpc-default-executor-4] INFO  impl.FollowerInfo (FollowerInfo.java:lambda$new$0(51)) - 23db1bd7-0ec3-4d63-b495-756f3d5b5fb7@group-D3771522134E->dc4ec581-df22-4026-9c78-08ca65e450b7: nextIndex: updateUnconditionally 0 -> 0
2019-09-26 16:39:13,999 [grpc-default-executor-5] INFO  impl.FollowerInfo (FollowerInfo.java:lambda$new$0(51)) - 7c636cf6-abb1-48a1-8471-c57ff8076954@group-D88AEF8F9869->6e9598b6-9dc4-49c9-af23-0bbf4a4b345a: nextIndex: updateUnconditionally 0 -> 0
2019-09-26 16:39:13,999 [grpc-default-executor-3] INFO  impl.FollowerInfo (FollowerInfo.java:lambda$new$0(51)) - 23db1bd7-0ec3-4d63-b495-756f3d5b5fb7@group-D3771522134E->96614e23-b56d-471a-9cd7-6076bc1c8933: nextIndex: updateUnconditionally 0 -> 0
2019-09-26 16:39:14,413 [Thread-2262] INFO  impl.FollowerState (FollowerState.java:run(106)) - 941dd69d-21df-447a-8c50-e4c30322a245:group-320CFA3398AE changes to CANDIDATE, lastRpcTime:2150, electionTimeout:1126ms
2019-09-26 16:39:14,413 [Thread-2262] INFO  impl.RoleInfo (RoleInfo.java:shutdownFollowerState(121)) - 941dd69d-21df-447a-8c50-e4c30322a245: shutdown FollowerState
2019-09-26 16:39:14,413 [Thread-2262] INFO  impl.RaftServerImpl (RaftServerImpl.java:setRole(174)) - 941dd69d-21df-447a-8c50-e4c30322a245@group-320CFA3398AE: changes role from  FOLLOWER to CANDIDATE at term 1 for changeToCandidate
2019-09-26 16:39:14,413 [Thread-2262] INFO  impl.RoleInfo (RoleInfo.java:updateAndGet(143)) - 941dd69d-21df-447a-8c50-e4c30322a245: start LeaderElection
2019-09-26 16:39:14,417 [941dd69d-21df-447a-8c50-e4c30322a245@group-320CFA3398AE:LeaderElection42] INFO  impl.RaftServerImpl (ServerState.java:setLeader(253)) - 941dd69d-21df-447a-8c50-e4c30322a245@group-320CFA3398AE: change Leader from 45094064-c3fb-4870-9766-7d97e0e9250d to null at term 1 for initElection
2019-09-26 16:39:14,431 [941dd69d-21df-447a-8c50-e4c30322a245@group-320CFA3398AE:LeaderElection42] INFO  impl.LeaderElection (LeaderElection.java:askForVotes(182)) - 941dd69d-21df-447a-8c50-e4c30322a245@group-320CFA3398AE:LeaderElection42: begin an election at term 2 for 0: [54f991d6-dc71-460d-82bf-0c4295aeca21:192.168.157.234:39635, 941dd69d-21df-447a-8c50-e4c30322a245:192.168.157.234:46308, 45094064-c3fb-4870-9766-7d97e0e9250d:192.168.157.234:36035], old=null
2019-09-26 16:39:14,434 [941dd69d-21df-447a-8c50-e4c30322a245@group-320CFA3398AE:LeaderElection42] INFO  impl.LeaderElection (LogUtils.java:infoOrTrace(149)) - 941dd69d-21df-447a-8c50-e4c30322a245@group-320CFA3398AE:LeaderElection42 got exception when requesting votes: {}
java.util.concurrent.ExecutionException: org.apache.ratis.thirdparty.io.grpc.StatusRuntimeException: UNAVAILABLE: io exception
	at java.util.concurrent.FutureTask.report(FutureTask.java:122)
	at java.util.concurrent.FutureTask.get(FutureTask.java:192)
	at org.apache.ratis.server.impl.LeaderElection.waitForResults(LeaderElection.java:263)
	at org.apache.ratis.server.impl.LeaderElection.askForVotes(LeaderElection.java:201)
	at org.apache.ratis.server.impl.LeaderElection.run(LeaderElection.java:133)
	at java.lang.Thread.run(Thread.java:748)
Caused by: org.apache.ratis.thirdparty.io.grpc.StatusRuntimeException: UNAVAILABLE: io exception
	at org.apache.ratis.thirdparty.io.grpc.stub.ClientCalls.toStatusRuntimeException(ClientCalls.java:233)
	at org.apache.ratis.thirdparty.io.grpc.stub.ClientCalls.getUnchecked(ClientCalls.java:214)
	at org.apache.ratis.thirdparty.io.grpc.stub.ClientCalls.blockingUnaryCall(ClientCalls.java:139)
	at org.apache.ratis.proto.grpc.RaftServerProtocolServiceGrpc$RaftServerProtocolServiceBlockingStub.requestVote(RaftServerProtocolServiceGrpc.java:265)
	at org.apache.ratis.grpc.server.GrpcServerProtocolClient.requestVote(GrpcServerProtocolClient.java:90)
	at org.apache.ratis.grpc.server.GrpcService.requestVote(GrpcService.java:204)
	at org.apache.ratis.server.impl.LeaderElection.lambda$submitRequests$1(LeaderElection.java:238)
	at java.util.concurrent.FutureTask.run(FutureTask.java:266)
	at java.util.concurrent.Executors$RunnableAdapter.call(Executors.java:511)
	at java.util.concurrent.FutureTask.run(FutureTask.java:266)
	at java.util.concurrent.ThreadPoolExecutor.runWorker(ThreadPoolExecutor.java:1149)
	at java.util.concurrent.ThreadPoolExecutor$Worker.run(ThreadPoolExecutor.java:624)
	... 1 more
Caused by: org.apache.ratis.thirdparty.io.netty.channel.AbstractChannel$AnnotatedConnectException: Connection refused: /192.168.157.234:36035
	at sun.nio.ch.SocketChannelImpl.checkConnect(Native Method)
	at sun.nio.ch.SocketChannelImpl.finishConnect(SocketChannelImpl.java:717)
	at org.apache.ratis.thirdparty.io.netty.channel.socket.nio.NioSocketChannel.doFinishConnect(NioSocketChannel.java:327)
	at org.apache.ratis.thirdparty.io.netty.channel.nio.AbstractNioChannel$AbstractNioUnsafe.finishConnect(AbstractNioChannel.java:340)
	at org.apache.ratis.thirdparty.io.netty.channel.nio.NioEventLoop.processSelectedKey(NioEventLoop.java:632)
	at org.apache.ratis.thirdparty.io.netty.channel.nio.NioEventLoop.processSelectedKeysOptimized(NioEventLoop.java:579)
	at org.apache.ratis.thirdparty.io.netty.channel.nio.NioEventLoop.processSelectedKeys(NioEventLoop.java:496)
	at org.apache.ratis.thirdparty.io.netty.channel.nio.NioEventLoop.run(NioEventLoop.java:458)
	at org.apache.ratis.thirdparty.io.netty.util.concurrent.SingleThreadEventExecutor$5.run(SingleThreadEventExecutor.java:897)
	at org.apache.ratis.thirdparty.io.netty.util.concurrent.FastThreadLocalRunnable.run(FastThreadLocalRunnable.java:30)
	... 1 more
Caused by: java.net.ConnectException: Connection refused
	... 11 more
2019-09-26 16:39:14,437 [941dd69d-21df-447a-8c50-e4c30322a245@group-320CFA3398AE:LeaderElection42] INFO  impl.LeaderElection (LogUtils.java:infoOrTrace(149)) - 941dd69d-21df-447a-8c50-e4c30322a245@group-320CFA3398AE:LeaderElection42 got exception when requesting votes: {}
java.util.concurrent.ExecutionException: org.apache.ratis.thirdparty.io.grpc.StatusRuntimeException: UNAVAILABLE: io exception
	at java.util.concurrent.FutureTask.report(FutureTask.java:122)
	at java.util.concurrent.FutureTask.get(FutureTask.java:192)
	at org.apache.ratis.server.impl.LeaderElection.waitForResults(LeaderElection.java:263)
	at org.apache.ratis.server.impl.LeaderElection.askForVotes(LeaderElection.java:201)
	at org.apache.ratis.server.impl.LeaderElection.run(LeaderElection.java:133)
	at java.lang.Thread.run(Thread.java:748)
Caused by: org.apache.ratis.thirdparty.io.grpc.StatusRuntimeException: UNAVAILABLE: io exception
	at org.apache.ratis.thirdparty.io.grpc.stub.ClientCalls.toStatusRuntimeException(ClientCalls.java:233)
	at org.apache.ratis.thirdparty.io.grpc.stub.ClientCalls.getUnchecked(ClientCalls.java:214)
	at org.apache.ratis.thirdparty.io.grpc.stub.ClientCalls.blockingUnaryCall(ClientCalls.java:139)
	at org.apache.ratis.proto.grpc.RaftServerProtocolServiceGrpc$RaftServerProtocolServiceBlockingStub.requestVote(RaftServerProtocolServiceGrpc.java:265)
	at org.apache.ratis.grpc.server.GrpcServerProtocolClient.requestVote(GrpcServerProtocolClient.java:90)
	at org.apache.ratis.grpc.server.GrpcService.requestVote(GrpcService.java:204)
	at org.apache.ratis.server.impl.LeaderElection.lambda$submitRequests$1(LeaderElection.java:238)
	at java.util.concurrent.FutureTask.run(FutureTask.java:266)
	at java.util.concurrent.Executors$RunnableAdapter.call(Executors.java:511)
	at java.util.concurrent.FutureTask.run(FutureTask.java:266)
	at java.util.concurrent.ThreadPoolExecutor.runWorker(ThreadPoolExecutor.java:1149)
	at java.util.concurrent.ThreadPoolExecutor$Worker.run(ThreadPoolExecutor.java:624)
	... 1 more
Caused by: org.apache.ratis.thirdparty.io.netty.channel.AbstractChannel$AnnotatedConnectException: Connection refused: /192.168.157.234:39635
	at sun.nio.ch.SocketChannelImpl.checkConnect(Native Method)
	at sun.nio.ch.SocketChannelImpl.finishConnect(SocketChannelImpl.java:717)
	at org.apache.ratis.thirdparty.io.netty.channel.socket.nio.NioSocketChannel.doFinishConnect(NioSocketChannel.java:327)
	at org.apache.ratis.thirdparty.io.netty.channel.nio.AbstractNioChannel$AbstractNioUnsafe.finishConnect(AbstractNioChannel.java:340)
	at org.apache.ratis.thirdparty.io.netty.channel.nio.NioEventLoop.processSelectedKey(NioEventLoop.java:632)
	at org.apache.ratis.thirdparty.io.netty.channel.nio.NioEventLoop.processSelectedKeysOptimized(NioEventLoop.java:579)
	at org.apache.ratis.thirdparty.io.netty.channel.nio.NioEventLoop.processSelectedKeys(NioEventLoop.java:496)
	at org.apache.ratis.thirdparty.io.netty.channel.nio.NioEventLoop.run(NioEventLoop.java:458)
	at org.apache.ratis.thirdparty.io.netty.util.concurrent.SingleThreadEventExecutor$5.run(SingleThreadEventExecutor.java:897)
	at org.apache.ratis.thirdparty.io.netty.util.concurrent.FastThreadLocalRunnable.run(FastThreadLocalRunnable.java:30)
	... 1 more
Caused by: java.net.ConnectException: Connection refused
	... 11 more
2019-09-26 16:39:14,440 [941dd69d-21df-447a-8c50-e4c30322a245@group-320CFA3398AE:LeaderElection42] INFO  impl.LeaderElection (LeaderElection.java:logAndReturn(56)) - 941dd69d-21df-447a-8c50-e4c30322a245@group-320CFA3398AE:LeaderElection42: Election REJECTED; received 0 response(s) [] and 2 exception(s); 941dd69d-21df-447a-8c50-e4c30322a245@group-320CFA3398AE:t2, leader=null, voted=941dd69d-21df-447a-8c50-e4c30322a245, raftlog=941dd69d-21df-447a-8c50-e4c30322a245@group-320CFA3398AE-SegmentedRaftLog:OPENED:c0,f0,i0, conf=0: [54f991d6-dc71-460d-82bf-0c4295aeca21:192.168.157.234:39635, 941dd69d-21df-447a-8c50-e4c30322a245:192.168.157.234:46308, 45094064-c3fb-4870-9766-7d97e0e9250d:192.168.157.234:36035], old=null
2019-09-26 16:39:14,440 [941dd69d-21df-447a-8c50-e4c30322a245@group-320CFA3398AE:LeaderElection42] INFO  impl.LeaderElection (LogUtils.java:infoOrTrace(149)) -   Exception 0: {}
java.util.concurrent.ExecutionException: org.apache.ratis.thirdparty.io.grpc.StatusRuntimeException: UNAVAILABLE: io exception
	at java.util.concurrent.FutureTask.report(FutureTask.java:122)
	at java.util.concurrent.FutureTask.get(FutureTask.java:192)
	at org.apache.ratis.server.impl.LeaderElection.waitForResults(LeaderElection.java:263)
	at org.apache.ratis.server.impl.LeaderElection.askForVotes(LeaderElection.java:201)
	at org.apache.ratis.server.impl.LeaderElection.run(LeaderElection.java:133)
	at java.lang.Thread.run(Thread.java:748)
Caused by: org.apache.ratis.thirdparty.io.grpc.StatusRuntimeException: UNAVAILABLE: io exception
	at org.apache.ratis.thirdparty.io.grpc.stub.ClientCalls.toStatusRuntimeException(ClientCalls.java:233)
	at org.apache.ratis.thirdparty.io.grpc.stub.ClientCalls.getUnchecked(ClientCalls.java:214)
	at org.apache.ratis.thirdparty.io.grpc.stub.ClientCalls.blockingUnaryCall(ClientCalls.java:139)
	at org.apache.ratis.proto.grpc.RaftServerProtocolServiceGrpc$RaftServerProtocolServiceBlockingStub.requestVote(RaftServerProtocolServiceGrpc.java:265)
	at org.apache.ratis.grpc.server.GrpcServerProtocolClient.requestVote(GrpcServerProtocolClient.java:90)
	at org.apache.ratis.grpc.server.GrpcService.requestVote(GrpcService.java:204)
	at org.apache.ratis.server.impl.LeaderElection.lambda$submitRequests$1(LeaderElection.java:238)
	at java.util.concurrent.FutureTask.run(FutureTask.java:266)
	at java.util.concurrent.Executors$RunnableAdapter.call(Executors.java:511)
	at java.util.concurrent.FutureTask.run(FutureTask.java:266)
	at java.util.concurrent.ThreadPoolExecutor.runWorker(ThreadPoolExecutor.java:1149)
	at java.util.concurrent.ThreadPoolExecutor$Worker.run(ThreadPoolExecutor.java:624)
	... 1 more
Caused by: org.apache.ratis.thirdparty.io.netty.channel.AbstractChannel$AnnotatedConnectException: Connection refused: /192.168.157.234:36035
	at sun.nio.ch.SocketChannelImpl.checkConnect(Native Method)
	at sun.nio.ch.SocketChannelImpl.finishConnect(SocketChannelImpl.java:717)
	at org.apache.ratis.thirdparty.io.netty.channel.socket.nio.NioSocketChannel.doFinishConnect(NioSocketChannel.java:327)
	at org.apache.ratis.thirdparty.io.netty.channel.nio.AbstractNioChannel$AbstractNioUnsafe.finishConnect(AbstractNioChannel.java:340)
	at org.apache.ratis.thirdparty.io.netty.channel.nio.NioEventLoop.processSelectedKey(NioEventLoop.java:632)
	at org.apache.ratis.thirdparty.io.netty.channel.nio.NioEventLoop.processSelectedKeysOptimized(NioEventLoop.java:579)
	at org.apache.ratis.thirdparty.io.netty.channel.nio.NioEventLoop.processSelectedKeys(NioEventLoop.java:496)
	at org.apache.ratis.thirdparty.io.netty.channel.nio.NioEventLoop.run(NioEventLoop.java:458)
	at org.apache.ratis.thirdparty.io.netty.util.concurrent.SingleThreadEventExecutor$5.run(SingleThreadEventExecutor.java:897)
	at org.apache.ratis.thirdparty.io.netty.util.concurrent.FastThreadLocalRunnable.run(FastThreadLocalRunnable.java:30)
	... 1 more
Caused by: java.net.ConnectException: Connection refused
	... 11 more
2019-09-26 16:39:14,440 [941dd69d-21df-447a-8c50-e4c30322a245@group-320CFA3398AE:LeaderElection42] INFO  impl.LeaderElection (LogUtils.java:infoOrTrace(149)) -   Exception 1: {}
java.util.concurrent.ExecutionException: org.apache.ratis.thirdparty.io.grpc.StatusRuntimeException: UNAVAILABLE: io exception
	at java.util.concurrent.FutureTask.report(FutureTask.java:122)
	at java.util.concurrent.FutureTask.get(FutureTask.java:192)
	at org.apache.ratis.server.impl.LeaderElection.waitForResults(LeaderElection.java:263)
	at org.apache.ratis.server.impl.LeaderElection.askForVotes(LeaderElection.java:201)
	at org.apache.ratis.server.impl.LeaderElection.run(LeaderElection.java:133)
	at java.lang.Thread.run(Thread.java:748)
Caused by: org.apache.ratis.thirdparty.io.grpc.StatusRuntimeException: UNAVAILABLE: io exception
	at org.apache.ratis.thirdparty.io.grpc.stub.ClientCalls.toStatusRuntimeException(ClientCalls.java:233)
	at org.apache.ratis.thirdparty.io.grpc.stub.ClientCalls.getUnchecked(ClientCalls.java:214)
	at org.apache.ratis.thirdparty.io.grpc.stub.ClientCalls.blockingUnaryCall(ClientCalls.java:139)
	at org.apache.ratis.proto.grpc.RaftServerProtocolServiceGrpc$RaftServerProtocolServiceBlockingStub.requestVote(RaftServerProtocolServiceGrpc.java:265)
	at org.apache.ratis.grpc.server.GrpcServerProtocolClient.requestVote(GrpcServerProtocolClient.java:90)
	at org.apache.ratis.grpc.server.GrpcService.requestVote(GrpcService.java:204)
	at org.apache.ratis.server.impl.LeaderElection.lambda$submitRequests$1(LeaderElection.java:238)
	at java.util.concurrent.FutureTask.run(FutureTask.java:266)
	at java.util.concurrent.Executors$RunnableAdapter.call(Executors.java:511)
	at java.util.concurrent.FutureTask.run(FutureTask.java:266)
	at java.util.concurrent.ThreadPoolExecutor.runWorker(ThreadPoolExecutor.java:1149)
	at java.util.concurrent.ThreadPoolExecutor$Worker.run(ThreadPoolExecutor.java:624)
	... 1 more
Caused by: org.apache.ratis.thirdparty.io.netty.channel.AbstractChannel$AnnotatedConnectException: Connection refused: /192.168.157.234:39635
	at sun.nio.ch.SocketChannelImpl.checkConnect(Native Method)
	at sun.nio.ch.SocketChannelImpl.finishConnect(SocketChannelImpl.java:717)
	at org.apache.ratis.thirdparty.io.netty.channel.socket.nio.NioSocketChannel.doFinishConnect(NioSocketChannel.java:327)
	at org.apache.ratis.thirdparty.io.netty.channel.nio.AbstractNioChannel$AbstractNioUnsafe.finishConnect(AbstractNioChannel.java:340)
	at org.apache.ratis.thirdparty.io.netty.channel.nio.NioEventLoop.processSelectedKey(NioEventLoop.java:632)
	at org.apache.ratis.thirdparty.io.netty.channel.nio.NioEventLoop.processSelectedKeysOptimized(NioEventLoop.java:579)
	at org.apache.ratis.thirdparty.io.netty.channel.nio.NioEventLoop.processSelectedKeys(NioEventLoop.java:496)
	at org.apache.ratis.thirdparty.io.netty.channel.nio.NioEventLoop.run(NioEventLoop.java:458)
	at org.apache.ratis.thirdparty.io.netty.util.concurrent.SingleThreadEventExecutor$5.run(SingleThreadEventExecutor.java:897)
	at org.apache.ratis.thirdparty.io.netty.util.concurrent.FastThreadLocalRunnable.run(FastThreadLocalRunnable.java:30)
	... 1 more
Caused by: java.net.ConnectException: Connection refused
	... 11 more
2019-09-26 16:39:14,441 [941dd69d-21df-447a-8c50-e4c30322a245@group-320CFA3398AE:LeaderElection42] INFO  impl.RaftServerImpl (RaftServerImpl.java:setRole(174)) - 941dd69d-21df-447a-8c50-e4c30322a245@group-320CFA3398AE: changes role from CANDIDATE to FOLLOWER at term 2 for DISCOVERED_A_NEW_TERM
2019-09-26 16:39:14,441 [941dd69d-21df-447a-8c50-e4c30322a245@group-320CFA3398AE:LeaderElection42] INFO  impl.RoleInfo (RoleInfo.java:shutdownLeaderElection(134)) - 941dd69d-21df-447a-8c50-e4c30322a245: shutdown LeaderElection
2019-09-26 16:39:14,441 [941dd69d-21df-447a-8c50-e4c30322a245@group-320CFA3398AE:LeaderElection42] INFO  impl.RoleInfo (RoleInfo.java:updateAndGet(143)) - 941dd69d-21df-447a-8c50-e4c30322a245: start FollowerState
2019-09-26 16:39:14,499 [grpc-default-executor-4] WARN  server.GrpcLogAppender (LogUtils.java:warn(134)) - 7c636cf6-abb1-48a1-8471-c57ff8076954@group-D88AEF8F9869->6e9598b6-9dc4-49c9-af23-0bbf4a4b345a-AppendLogResponseHandler: Failed appendEntries: org.apache.ratis.thirdparty.io.grpc.StatusRuntimeException: UNAVAILABLE: io exception
2019-09-26 16:39:14,501 [grpc-default-executor-7] WARN  server.GrpcLogAppender (LogUtils.java:warn(134)) - 23db1bd7-0ec3-4d63-b495-756f3d5b5fb7@group-D3771522134E->96614e23-b56d-471a-9cd7-6076bc1c8933-AppendLogResponseHandler: Failed appendEntries: org.apache.ratis.thirdparty.io.grpc.StatusRuntimeException: UNAVAILABLE: io exception
2019-09-26 16:39:14,501 [grpc-default-executor-6] WARN  server.GrpcLogAppender (LogUtils.java:warn(134)) - 23db1bd7-0ec3-4d63-b495-756f3d5b5fb7@group-D3771522134E->dc4ec581-df22-4026-9c78-08ca65e450b7-AppendLogResponseHandler: Failed appendEntries: org.apache.ratis.thirdparty.io.grpc.StatusRuntimeException: UNAVAILABLE: io exception
2019-09-26 16:39:14,501 [grpc-default-executor-7] INFO  impl.FollowerInfo (FollowerInfo.java:lambda$new$0(51)) - 23db1bd7-0ec3-4d63-b495-756f3d5b5fb7@group-D3771522134E->96614e23-b56d-471a-9cd7-6076bc1c8933: nextIndex: updateUnconditionally 0 -> 0
2019-09-26 16:39:14,501 [grpc-default-executor-4] INFO  impl.FollowerInfo (FollowerInfo.java:lambda$new$0(51)) - 7c636cf6-abb1-48a1-8471-c57ff8076954@group-D88AEF8F9869->6e9598b6-9dc4-49c9-af23-0bbf4a4b345a: nextIndex: updateUnconditionally 0 -> 0
2019-09-26 16:39:14,502 [grpc-default-executor-6] INFO  impl.FollowerInfo (FollowerInfo.java:lambda$new$0(51)) - 23db1bd7-0ec3-4d63-b495-756f3d5b5fb7@group-D3771522134E->dc4ec581-df22-4026-9c78-08ca65e450b7: nextIndex: updateUnconditionally 0 -> 0
2019-09-26 16:39:15,001 [grpc-default-executor-2] WARN  server.GrpcLogAppender (LogUtils.java:warn(134)) - 23db1bd7-0ec3-4d63-b495-756f3d5b5fb7@group-D3771522134E->dc4ec581-df22-4026-9c78-08ca65e450b7-AppendLogResponseHandler: Failed appendEntries: org.apache.ratis.thirdparty.io.grpc.StatusRuntimeException: UNAVAILABLE: io exception
2019-09-26 16:39:15,001 [grpc-default-executor-7] WARN  server.GrpcLogAppender (LogUtils.java:warn(134)) - 7c636cf6-abb1-48a1-8471-c57ff8076954@group-D88AEF8F9869->6e9598b6-9dc4-49c9-af23-0bbf4a4b345a-AppendLogResponseHandler: Failed appendEntries: org.apache.ratis.thirdparty.io.grpc.StatusRuntimeException: UNAVAILABLE: io exception
2019-09-26 16:39:15,001 [grpc-default-executor-6] WARN  server.GrpcLogAppender (LogUtils.java:warn(134)) - 23db1bd7-0ec3-4d63-b495-756f3d5b5fb7@group-D3771522134E->96614e23-b56d-471a-9cd7-6076bc1c8933-AppendLogResponseHandler: Failed appendEntries: org.apache.ratis.thirdparty.io.grpc.StatusRuntimeException: UNAVAILABLE: io exception
2019-09-26 16:39:15,002 [grpc-default-executor-7] INFO  impl.FollowerInfo (FollowerInfo.java:lambda$new$0(51)) - 7c636cf6-abb1-48a1-8471-c57ff8076954@group-D88AEF8F9869->6e9598b6-9dc4-49c9-af23-0bbf4a4b345a: nextIndex: updateUnconditionally 0 -> 0
2019-09-26 16:39:15,001 [grpc-default-executor-2] INFO  impl.FollowerInfo (FollowerInfo.java:lambda$new$0(51)) - 23db1bd7-0ec3-4d63-b495-756f3d5b5fb7@group-D3771522134E->dc4ec581-df22-4026-9c78-08ca65e450b7: nextIndex: updateUnconditionally 0 -> 0
2019-09-26 16:39:15,002 [grpc-default-executor-6] INFO  impl.FollowerInfo (FollowerInfo.java:lambda$new$0(51)) - 23db1bd7-0ec3-4d63-b495-756f3d5b5fb7@group-D3771522134E->96614e23-b56d-471a-9cd7-6076bc1c8933: nextIndex: updateUnconditionally 0 -> 0
2019-09-26 16:39:15,504 [grpc-default-executor-7] WARN  server.GrpcLogAppender (LogUtils.java:warn(134)) - 23db1bd7-0ec3-4d63-b495-756f3d5b5fb7@group-D3771522134E->96614e23-b56d-471a-9cd7-6076bc1c8933-AppendLogResponseHandler: Failed appendEntries: org.apache.ratis.thirdparty.io.grpc.StatusRuntimeException: UNAVAILABLE: io exception
2019-09-26 16:39:15,504 [grpc-default-executor-8] WARN  server.GrpcLogAppender (LogUtils.java:warn(134)) - 7c636cf6-abb1-48a1-8471-c57ff8076954@group-D88AEF8F9869->6e9598b6-9dc4-49c9-af23-0bbf4a4b345a-AppendLogResponseHandler: Failed appendEntries: org.apache.ratis.thirdparty.io.grpc.StatusRuntimeException: UNAVAILABLE: io exception
2019-09-26 16:39:15,504 [grpc-default-executor-2] WARN  server.GrpcLogAppender (LogUtils.java:warn(134)) - 23db1bd7-0ec3-4d63-b495-756f3d5b5fb7@group-D3771522134E->dc4ec581-df22-4026-9c78-08ca65e450b7-AppendLogResponseHandler: Failed appendEntries: org.apache.ratis.thirdparty.io.grpc.StatusRuntimeException: UNAVAILABLE: io exception
2019-09-26 16:39:15,505 [grpc-default-executor-8] INFO  impl.FollowerInfo (FollowerInfo.java:lambda$new$0(51)) - 7c636cf6-abb1-48a1-8471-c57ff8076954@group-D88AEF8F9869->6e9598b6-9dc4-49c9-af23-0bbf4a4b345a: nextIndex: updateUnconditionally 0 -> 0
2019-09-26 16:39:15,505 [grpc-default-executor-7] INFO  impl.FollowerInfo (FollowerInfo.java:lambda$new$0(51)) - 23db1bd7-0ec3-4d63-b495-756f3d5b5fb7@group-D3771522134E->96614e23-b56d-471a-9cd7-6076bc1c8933: nextIndex: updateUnconditionally 0 -> 0
2019-09-26 16:39:15,505 [grpc-default-executor-2] INFO  impl.FollowerInfo (FollowerInfo.java:lambda$new$0(51)) - 23db1bd7-0ec3-4d63-b495-756f3d5b5fb7@group-D3771522134E->dc4ec581-df22-4026-9c78-08ca65e450b7: nextIndex: updateUnconditionally 0 -> 0
2019-09-26 16:39:15,514 [Thread-3761] INFO  impl.FollowerState (FollowerState.java:run(106)) - 941dd69d-21df-447a-8c50-e4c30322a245:group-320CFA3398AE changes to CANDIDATE, lastRpcTime:1072, electionTimeout:1072ms
2019-09-26 16:39:15,514 [Thread-3761] INFO  impl.RoleInfo (RoleInfo.java:shutdownFollowerState(121)) - 941dd69d-21df-447a-8c50-e4c30322a245: shutdown FollowerState
2019-09-26 16:39:15,514 [Thread-3761] INFO  impl.RaftServerImpl (RaftServerImpl.java:setRole(174)) - 941dd69d-21df-447a-8c50-e4c30322a245@group-320CFA3398AE: changes role from  FOLLOWER to CANDIDATE at term 2 for changeToCandidate
2019-09-26 16:39:15,514 [Thread-3761] INFO  impl.RoleInfo (RoleInfo.java:updateAndGet(143)) - 941dd69d-21df-447a-8c50-e4c30322a245: start LeaderElection
2019-09-26 16:39:15,531 [941dd69d-21df-447a-8c50-e4c30322a245@group-320CFA3398AE:LeaderElection43] INFO  impl.LeaderElection (LeaderElection.java:askForVotes(182)) - 941dd69d-21df-447a-8c50-e4c30322a245@group-320CFA3398AE:LeaderElection43: begin an election at term 3 for 0: [54f991d6-dc71-460d-82bf-0c4295aeca21:192.168.157.234:39635, 941dd69d-21df-447a-8c50-e4c30322a245:192.168.157.234:46308, 45094064-c3fb-4870-9766-7d97e0e9250d:192.168.157.234:36035], old=null
2019-09-26 16:39:15,532 [941dd69d-21df-447a-8c50-e4c30322a245@group-320CFA3398AE:LeaderElection43] INFO  impl.LeaderElection (LogUtils.java:infoOrTrace(149)) - 941dd69d-21df-447a-8c50-e4c30322a245@group-320CFA3398AE:LeaderElection43 got exception when requesting votes: {}
java.util.concurrent.ExecutionException: org.apache.ratis.thirdparty.io.grpc.StatusRuntimeException: UNAVAILABLE: io exception
	at java.util.concurrent.FutureTask.report(FutureTask.java:122)
	at java.util.concurrent.FutureTask.get(FutureTask.java:192)
	at org.apache.ratis.server.impl.LeaderElection.waitForResults(LeaderElection.java:263)
	at org.apache.ratis.server.impl.LeaderElection.askForVotes(LeaderElection.java:201)
	at org.apache.ratis.server.impl.LeaderElection.run(LeaderElection.java:133)
	at java.lang.Thread.run(Thread.java:748)
Caused by: org.apache.ratis.thirdparty.io.grpc.StatusRuntimeException: UNAVAILABLE: io exception
	at org.apache.ratis.thirdparty.io.grpc.stub.ClientCalls.toStatusRuntimeException(ClientCalls.java:233)
	at org.apache.ratis.thirdparty.io.grpc.stub.ClientCalls.getUnchecked(ClientCalls.java:214)
	at org.apache.ratis.thirdparty.io.grpc.stub.ClientCalls.blockingUnaryCall(ClientCalls.java:139)
	at org.apache.ratis.proto.grpc.RaftServerProtocolServiceGrpc$RaftServerProtocolServiceBlockingStub.requestVote(RaftServerProtocolServiceGrpc.java:265)
	at org.apache.ratis.grpc.server.GrpcServerProtocolClient.requestVote(GrpcServerProtocolClient.java:90)
	at org.apache.ratis.grpc.server.GrpcService.requestVote(GrpcService.java:204)
	at org.apache.ratis.server.impl.LeaderElection.lambda$submitRequests$1(LeaderElection.java:238)
	at java.util.concurrent.FutureTask.run(FutureTask.java:266)
	at java.util.concurrent.Executors$RunnableAdapter.call(Executors.java:511)
	at java.util.concurrent.FutureTask.run(FutureTask.java:266)
	at java.util.concurrent.ThreadPoolExecutor.runWorker(ThreadPoolExecutor.java:1149)
	at java.util.concurrent.ThreadPoolExecutor$Worker.run(ThreadPoolExecutor.java:624)
	... 1 more
Caused by: org.apache.ratis.thirdparty.io.netty.channel.AbstractChannel$AnnotatedConnectException: Connection refused: /192.168.157.234:39635
	at sun.nio.ch.SocketChannelImpl.checkConnect(Native Method)
	at sun.nio.ch.SocketChannelImpl.finishConnect(SocketChannelImpl.java:717)
	at org.apache.ratis.thirdparty.io.netty.channel.socket.nio.NioSocketChannel.doFinishConnect(NioSocketChannel.java:327)
	at org.apache.ratis.thirdparty.io.netty.channel.nio.AbstractNioChannel$AbstractNioUnsafe.finishConnect(AbstractNioChannel.java:340)
	at org.apache.ratis.thirdparty.io.netty.channel.nio.NioEventLoop.processSelectedKey(NioEventLoop.java:632)
	at org.apache.ratis.thirdparty.io.netty.channel.nio.NioEventLoop.processSelectedKeysOptimized(NioEventLoop.java:579)
	at org.apache.ratis.thirdparty.io.netty.channel.nio.NioEventLoop.processSelectedKeys(NioEventLoop.java:496)
	at org.apache.ratis.thirdparty.io.netty.channel.nio.NioEventLoop.run(NioEventLoop.java:458)
	at org.apache.ratis.thirdparty.io.netty.util.concurrent.SingleThreadEventExecutor$5.run(SingleThreadEventExecutor.java:897)
	at org.apache.ratis.thirdparty.io.netty.util.concurrent.FastThreadLocalRunnable.run(FastThreadLocalRunnable.java:30)
	... 1 more
Caused by: java.net.ConnectException: Connection refused
	... 11 more
2019-09-26 16:39:15,534 [941dd69d-21df-447a-8c50-e4c30322a245@group-320CFA3398AE:LeaderElection43] INFO  impl.LeaderElection (LogUtils.java:infoOrTrace(149)) - 941dd69d-21df-447a-8c50-e4c30322a245@group-320CFA3398AE:LeaderElection43 got exception when requesting votes: {}
java.util.concurrent.ExecutionException: org.apache.ratis.thirdparty.io.grpc.StatusRuntimeException: UNAVAILABLE: io exception
	at java.util.concurrent.FutureTask.report(FutureTask.java:122)
	at java.util.concurrent.FutureTask.get(FutureTask.java:192)
	at org.apache.ratis.server.impl.LeaderElection.waitForResults(LeaderElection.java:263)
	at org.apache.ratis.server.impl.LeaderElection.askForVotes(LeaderElection.java:201)
	at org.apache.ratis.server.impl.LeaderElection.run(LeaderElection.java:133)
	at java.lang.Thread.run(Thread.java:748)
Caused by: org.apache.ratis.thirdparty.io.grpc.StatusRuntimeException: UNAVAILABLE: io exception
	at org.apache.ratis.thirdparty.io.grpc.stub.ClientCalls.toStatusRuntimeException(ClientCalls.java:233)
	at org.apache.ratis.thirdparty.io.grpc.stub.ClientCalls.getUnchecked(ClientCalls.java:214)
	at org.apache.ratis.thirdparty.io.grpc.stub.ClientCalls.blockingUnaryCall(ClientCalls.java:139)
	at org.apache.ratis.proto.grpc.RaftServerProtocolServiceGrpc$RaftServerProtocolServiceBlockingStub.requestVote(RaftServerProtocolServiceGrpc.java:265)
	at org.apache.ratis.grpc.server.GrpcServerProtocolClient.requestVote(GrpcServerProtocolClient.java:90)
	at org.apache.ratis.grpc.server.GrpcService.requestVote(GrpcService.java:204)
	at org.apache.ratis.server.impl.LeaderElection.lambda$submitRequests$1(LeaderElection.java:238)
	at java.util.concurrent.FutureTask.run(FutureTask.java:266)
	at java.util.concurrent.Executors$RunnableAdapter.call(Executors.java:511)
	at java.util.concurrent.FutureTask.run(FutureTask.java:266)
	at java.util.concurrent.ThreadPoolExecutor.runWorker(ThreadPoolExecutor.java:1149)
	at java.util.concurrent.ThreadPoolExecutor$Worker.run(ThreadPoolExecutor.java:624)
	... 1 more
Caused by: org.apache.ratis.thirdparty.io.netty.channel.AbstractChannel$AnnotatedConnectException: Connection refused: /192.168.157.234:36035
	at sun.nio.ch.SocketChannelImpl.checkConnect(Native Method)
	at sun.nio.ch.SocketChannelImpl.finishConnect(SocketChannelImpl.java:717)
	at org.apache.ratis.thirdparty.io.netty.channel.socket.nio.NioSocketChannel.doFinishConnect(NioSocketChannel.java:327)
	at org.apache.ratis.thirdparty.io.netty.channel.nio.AbstractNioChannel$AbstractNioUnsafe.finishConnect(AbstractNioChannel.java:340)
	at org.apache.ratis.thirdparty.io.netty.channel.nio.NioEventLoop.processSelectedKey(NioEventLoop.java:632)
	at org.apache.ratis.thirdparty.io.netty.channel.nio.NioEventLoop.processSelectedKeysOptimized(NioEventLoop.java:579)
	at org.apache.ratis.thirdparty.io.netty.channel.nio.NioEventLoop.processSelectedKeys(NioEventLoop.java:496)
	at org.apache.ratis.thirdparty.io.netty.channel.nio.NioEventLoop.run(NioEventLoop.java:458)
	at org.apache.ratis.thirdparty.io.netty.util.concurrent.SingleThreadEventExecutor$5.run(SingleThreadEventExecutor.java:897)
	at org.apache.ratis.thirdparty.io.netty.util.concurrent.FastThreadLocalRunnable.run(FastThreadLocalRunnable.java:30)
	... 1 more
Caused by: java.net.ConnectException: Connection refused
	... 11 more
2019-09-26 16:39:15,537 [941dd69d-21df-447a-8c50-e4c30322a245@group-320CFA3398AE:LeaderElection43] INFO  impl.LeaderElection (LeaderElection.java:logAndReturn(56)) - 941dd69d-21df-447a-8c50-e4c30322a245@group-320CFA3398AE:LeaderElection43: Election REJECTED; received 0 response(s) [] and 2 exception(s); 941dd69d-21df-447a-8c50-e4c30322a245@group-320CFA3398AE:t3, leader=null, voted=941dd69d-21df-447a-8c50-e4c30322a245, raftlog=941dd69d-21df-447a-8c50-e4c30322a245@group-320CFA3398AE-SegmentedRaftLog:OPENED:c0,f0,i0, conf=0: [54f991d6-dc71-460d-82bf-0c4295aeca21:192.168.157.234:39635, 941dd69d-21df-447a-8c50-e4c30322a245:192.168.157.234:46308, 45094064-c3fb-4870-9766-7d97e0e9250d:192.168.157.234:36035], old=null
2019-09-26 16:39:15,537 [941dd69d-21df-447a-8c50-e4c30322a245@group-320CFA3398AE:LeaderElection43] INFO  impl.LeaderElection (LogUtils.java:infoOrTrace(149)) -   Exception 0: {}
java.util.concurrent.ExecutionException: org.apache.ratis.thirdparty.io.grpc.StatusRuntimeException: UNAVAILABLE: io exception
	at java.util.concurrent.FutureTask.report(FutureTask.java:122)
	at java.util.concurrent.FutureTask.get(FutureTask.java:192)
	at org.apache.ratis.server.impl.LeaderElection.waitForResults(LeaderElection.java:263)
	at org.apache.ratis.server.impl.LeaderElection.askForVotes(LeaderElection.java:201)
	at org.apache.ratis.server.impl.LeaderElection.run(LeaderElection.java:133)
	at java.lang.Thread.run(Thread.java:748)
Caused by: org.apache.ratis.thirdparty.io.grpc.StatusRuntimeException: UNAVAILABLE: io exception
	at org.apache.ratis.thirdparty.io.grpc.stub.ClientCalls.toStatusRuntimeException(ClientCalls.java:233)
	at org.apache.ratis.thirdparty.io.grpc.stub.ClientCalls.getUnchecked(ClientCalls.java:214)
	at org.apache.ratis.thirdparty.io.grpc.stub.ClientCalls.blockingUnaryCall(ClientCalls.java:139)
	at org.apache.ratis.proto.grpc.RaftServerProtocolServiceGrpc$RaftServerProtocolServiceBlockingStub.requestVote(RaftServerProtocolServiceGrpc.java:265)
	at org.apache.ratis.grpc.server.GrpcServerProtocolClient.requestVote(GrpcServerProtocolClient.java:90)
	at org.apache.ratis.grpc.server.GrpcService.requestVote(GrpcService.java:204)
	at org.apache.ratis.server.impl.LeaderElection.lambda$submitRequests$1(LeaderElection.java:238)
	at java.util.concurrent.FutureTask.run(FutureTask.java:266)
	at java.util.concurrent.Executors$RunnableAdapter.call(Executors.java:511)
	at java.util.concurrent.FutureTask.run(FutureTask.java:266)
	at java.util.concurrent.ThreadPoolExecutor.runWorker(ThreadPoolExecutor.java:1149)
	at java.util.concurrent.ThreadPoolExecutor$Worker.run(ThreadPoolExecutor.java:624)
	... 1 more
Caused by: org.apache.ratis.thirdparty.io.netty.channel.AbstractChannel$AnnotatedConnectException: Connection refused: /192.168.157.234:39635
	at sun.nio.ch.SocketChannelImpl.checkConnect(Native Method)
	at sun.nio.ch.SocketChannelImpl.finishConnect(SocketChannelImpl.java:717)
	at org.apache.ratis.thirdparty.io.netty.channel.socket.nio.NioSocketChannel.doFinishConnect(NioSocketChannel.java:327)
	at org.apache.ratis.thirdparty.io.netty.channel.nio.AbstractNioChannel$AbstractNioUnsafe.finishConnect(AbstractNioChannel.java:340)
	at org.apache.ratis.thirdparty.io.netty.channel.nio.NioEventLoop.processSelectedKey(NioEventLoop.java:632)
	at org.apache.ratis.thirdparty.io.netty.channel.nio.NioEventLoop.processSelectedKeysOptimized(NioEventLoop.java:579)
	at org.apache.ratis.thirdparty.io.netty.channel.nio.NioEventLoop.processSelectedKeys(NioEventLoop.java:496)
	at org.apache.ratis.thirdparty.io.netty.channel.nio.NioEventLoop.run(NioEventLoop.java:458)
	at org.apache.ratis.thirdparty.io.netty.util.concurrent.SingleThreadEventExecutor$5.run(SingleThreadEventExecutor.java:897)
	at org.apache.ratis.thirdparty.io.netty.util.concurrent.FastThreadLocalRunnable.run(FastThreadLocalRunnable.java:30)
	... 1 more
Caused by: java.net.ConnectException: Connection refused
	... 11 more
2019-09-26 16:39:15,537 [941dd69d-21df-447a-8c50-e4c30322a245@group-320CFA3398AE:LeaderElection43] INFO  impl.LeaderElection (LogUtils.java:infoOrTrace(149)) -   Exception 1: {}
java.util.concurrent.ExecutionException: org.apache.ratis.thirdparty.io.grpc.StatusRuntimeException: UNAVAILABLE: io exception
	at java.util.concurrent.FutureTask.report(FutureTask.java:122)
	at java.util.concurrent.FutureTask.get(FutureTask.java:192)
	at org.apache.ratis.server.impl.LeaderElection.waitForResults(LeaderElection.java:263)
	at org.apache.ratis.server.impl.LeaderElection.askForVotes(LeaderElection.java:201)
	at org.apache.ratis.server.impl.LeaderElection.run(LeaderElection.java:133)
	at java.lang.Thread.run(Thread.java:748)
Caused by: org.apache.ratis.thirdparty.io.grpc.StatusRuntimeException: UNAVAILABLE: io exception
	at org.apache.ratis.thirdparty.io.grpc.stub.ClientCalls.toStatusRuntimeException(ClientCalls.java:233)
	at org.apache.ratis.thirdparty.io.grpc.stub.ClientCalls.getUnchecked(ClientCalls.java:214)
	at org.apache.ratis.thirdparty.io.grpc.stub.ClientCalls.blockingUnaryCall(ClientCalls.java:139)
	at org.apache.ratis.proto.grpc.RaftServerProtocolServiceGrpc$RaftServerProtocolServiceBlockingStub.requestVote(RaftServerProtocolServiceGrpc.java:265)
	at org.apache.ratis.grpc.server.GrpcServerProtocolClient.requestVote(GrpcServerProtocolClient.java:90)
	at org.apache.ratis.grpc.server.GrpcService.requestVote(GrpcService.java:204)
	at org.apache.ratis.server.impl.LeaderElection.lambda$submitRequests$1(LeaderElection.java:238)
	at java.util.concurrent.FutureTask.run(FutureTask.java:266)
	at java.util.concurrent.Executors$RunnableAdapter.call(Executors.java:511)
	at java.util.concurrent.FutureTask.run(FutureTask.java:266)
	at java.util.concurrent.ThreadPoolExecutor.runWorker(ThreadPoolExecutor.java:1149)
	at java.util.concurrent.ThreadPoolExecutor$Worker.run(ThreadPoolExecutor.java:624)
	... 1 more
Caused by: org.apache.ratis.thirdparty.io.netty.channel.AbstractChannel$AnnotatedConnectException: Connection refused: /192.168.157.234:36035
	at sun.nio.ch.SocketChannelImpl.checkConnect(Native Method)
	at sun.nio.ch.SocketChannelImpl.finishConnect(SocketChannelImpl.java:717)
	at org.apache.ratis.thirdparty.io.netty.channel.socket.nio.NioSocketChannel.doFinishConnect(NioSocketChannel.java:327)
	at org.apache.ratis.thirdparty.io.netty.channel.nio.AbstractNioChannel$AbstractNioUnsafe.finishConnect(AbstractNioChannel.java:340)
	at org.apache.ratis.thirdparty.io.netty.channel.nio.NioEventLoop.processSelectedKey(NioEventLoop.java:632)
	at org.apache.ratis.thirdparty.io.netty.channel.nio.NioEventLoop.processSelectedKeysOptimized(NioEventLoop.java:579)
	at org.apache.ratis.thirdparty.io.netty.channel.nio.NioEventLoop.processSelectedKeys(NioEventLoop.java:496)
	at org.apache.ratis.thirdparty.io.netty.channel.nio.NioEventLoop.run(NioEventLoop.java:458)
	at org.apache.ratis.thirdparty.io.netty.util.concurrent.SingleThreadEventExecutor$5.run(SingleThreadEventExecutor.java:897)
	at org.apache.ratis.thirdparty.io.netty.util.concurrent.FastThreadLocalRunnable.run(FastThreadLocalRunnable.java:30)
	... 1 more
Caused by: java.net.ConnectException: Connection refused
	... 11 more
2019-09-26 16:39:15,537 [941dd69d-21df-447a-8c50-e4c30322a245@group-320CFA3398AE:LeaderElection43] INFO  impl.RaftServerImpl (RaftServerImpl.java:setRole(174)) - 941dd69d-21df-447a-8c50-e4c30322a245@group-320CFA3398AE: changes role from CANDIDATE to FOLLOWER at term 3 for DISCOVERED_A_NEW_TERM
2019-09-26 16:39:15,537 [941dd69d-21df-447a-8c50-e4c30322a245@group-320CFA3398AE:LeaderElection43] INFO  impl.RoleInfo (RoleInfo.java:shutdownLeaderElection(134)) - 941dd69d-21df-447a-8c50-e4c30322a245: shutdown LeaderElection
2019-09-26 16:39:15,538 [941dd69d-21df-447a-8c50-e4c30322a245@group-320CFA3398AE:LeaderElection43] INFO  impl.RoleInfo (RoleInfo.java:updateAndGet(143)) - 941dd69d-21df-447a-8c50-e4c30322a245: start FollowerState
2019-09-26 16:39:16,003 [grpc-default-executor-6] WARN  server.GrpcLogAppender (LogUtils.java:warn(134)) - 23db1bd7-0ec3-4d63-b495-756f3d5b5fb7@group-D3771522134E->96614e23-b56d-471a-9cd7-6076bc1c8933-AppendLogResponseHandler: Failed appendEntries: org.apache.ratis.thirdparty.io.grpc.StatusRuntimeException: UNAVAILABLE: io exception
2019-09-26 16:39:16,003 [grpc-default-executor-1] WARN  server.GrpcLogAppender (LogUtils.java:warn(134)) - 7c636cf6-abb1-48a1-8471-c57ff8076954@group-D88AEF8F9869->6e9598b6-9dc4-49c9-af23-0bbf4a4b345a-AppendLogResponseHandler: Failed appendEntries: org.apache.ratis.thirdparty.io.grpc.StatusRuntimeException: UNAVAILABLE: io exception
2019-09-26 16:39:16,003 [grpc-default-executor-8] WARN  server.GrpcLogAppender (LogUtils.java:warn(134)) - 23db1bd7-0ec3-4d63-b495-756f3d5b5fb7@group-D3771522134E->dc4ec581-df22-4026-9c78-08ca65e450b7-AppendLogResponseHandler: Failed appendEntries: org.apache.ratis.thirdparty.io.grpc.StatusRuntimeException: UNAVAILABLE: io exception
2019-09-26 16:39:16,007 [grpc-default-executor-1] INFO  impl.FollowerInfo (FollowerInfo.java:lambda$new$0(51)) - 7c636cf6-abb1-48a1-8471-c57ff8076954@group-D88AEF8F9869->6e9598b6-9dc4-49c9-af23-0bbf4a4b345a: nextIndex: updateUnconditionally 0 -> 0
2019-09-26 16:39:16,007 [grpc-default-executor-6] INFO  impl.FollowerInfo (FollowerInfo.java:lambda$new$0(51)) - 23db1bd7-0ec3-4d63-b495-756f3d5b5fb7@group-D3771522134E->96614e23-b56d-471a-9cd7-6076bc1c8933: nextIndex: updateUnconditionally 0 -> 0
2019-09-26 16:39:16,007 [grpc-default-executor-8] INFO  impl.FollowerInfo (FollowerInfo.java:lambda$new$0(51)) - 23db1bd7-0ec3-4d63-b495-756f3d5b5fb7@group-D3771522134E->dc4ec581-df22-4026-9c78-08ca65e450b7: nextIndex: updateUnconditionally 0 -> 0
2019-09-26 16:39:16,503 [grpc-default-executor-2] WARN  server.GrpcLogAppender (LogUtils.java:warn(134)) - 23db1bd7-0ec3-4d63-b495-756f3d5b5fb7@group-D3771522134E->96614e23-b56d-471a-9cd7-6076bc1c8933-AppendLogResponseHandler: Failed appendEntries: org.apache.ratis.thirdparty.io.grpc.StatusRuntimeException: UNAVAILABLE: io exception
2019-09-26 16:39:16,503 [grpc-default-executor-4] WARN  server.GrpcLogAppender (LogUtils.java:warn(134)) - 7c636cf6-abb1-48a1-8471-c57ff8076954@group-D88AEF8F9869->6e9598b6-9dc4-49c9-af23-0bbf4a4b345a-AppendLogResponseHandler: Failed appendEntries: org.apache.ratis.thirdparty.io.grpc.StatusRuntimeException: UNAVAILABLE: io exception
2019-09-26 16:39:16,504 [grpc-default-executor-2] INFO  impl.FollowerInfo (FollowerInfo.java:lambda$new$0(51)) - 23db1bd7-0ec3-4d63-b495-756f3d5b5fb7@group-D3771522134E->96614e23-b56d-471a-9cd7-6076bc1c8933: nextIndex: updateUnconditionally 0 -> 0
2019-09-26 16:39:16,503 [grpc-default-executor-6] WARN  server.GrpcLogAppender (LogUtils.java:warn(134)) - 23db1bd7-0ec3-4d63-b495-756f3d5b5fb7@group-D3771522134E->dc4ec581-df22-4026-9c78-08ca65e450b7-AppendLogResponseHandler: Failed appendEntries: org.apache.ratis.thirdparty.io.grpc.StatusRuntimeException: UNAVAILABLE: io exception
2019-09-26 16:39:16,505 [grpc-default-executor-6] INFO  impl.FollowerInfo (FollowerInfo.java:lambda$new$0(51)) - 23db1bd7-0ec3-4d63-b495-756f3d5b5fb7@group-D3771522134E->dc4ec581-df22-4026-9c78-08ca65e450b7: nextIndex: updateUnconditionally 0 -> 0
2019-09-26 16:39:16,504 [grpc-default-executor-4] INFO  impl.FollowerInfo (FollowerInfo.java:lambda$new$0(51)) - 7c636cf6-abb1-48a1-8471-c57ff8076954@group-D88AEF8F9869->6e9598b6-9dc4-49c9-af23-0bbf4a4b345a: nextIndex: updateUnconditionally 0 -> 0
2019-09-26 16:39:16,586 [Thread-3768] INFO  impl.FollowerState (FollowerState.java:run(106)) - 941dd69d-21df-447a-8c50-e4c30322a245:group-320CFA3398AE changes to CANDIDATE, lastRpcTime:1048, electionTimeout:1048ms
2019-09-26 16:39:16,586 [Thread-3768] INFO  impl.RoleInfo (RoleInfo.java:shutdownFollowerState(121)) - 941dd69d-21df-447a-8c50-e4c30322a245: shutdown FollowerState
2019-09-26 16:39:16,587 [Thread-3768] INFO  impl.RaftServerImpl (RaftServerImpl.java:setRole(174)) - 941dd69d-21df-447a-8c50-e4c30322a245@group-320CFA3398AE: changes role from  FOLLOWER to CANDIDATE at term 3 for changeToCandidate
2019-09-26 16:39:16,587 [Thread-3768] INFO  impl.RoleInfo (RoleInfo.java:updateAndGet(143)) - 941dd69d-21df-447a-8c50-e4c30322a245: start LeaderElection
2019-09-26 16:39:16,604 [941dd69d-21df-447a-8c50-e4c30322a245@group-320CFA3398AE:LeaderElection44] INFO  impl.LeaderElection (LeaderElection.java:askForVotes(182)) - 941dd69d-21df-447a-8c50-e4c30322a245@group-320CFA3398AE:LeaderElection44: begin an election at term 4 for 0: [54f991d6-dc71-460d-82bf-0c4295aeca21:192.168.157.234:39635, 941dd69d-21df-447a-8c50-e4c30322a245:192.168.157.234:46308, 45094064-c3fb-4870-9766-7d97e0e9250d:192.168.157.234:36035], old=null
2019-09-26 16:39:16,605 [941dd69d-21df-447a-8c50-e4c30322a245@group-320CFA3398AE:LeaderElection44] INFO  impl.LeaderElection (LogUtils.java:infoOrTrace(149)) - 941dd69d-21df-447a-8c50-e4c30322a245@group-320CFA3398AE:LeaderElection44 got exception when requesting votes: {}
java.util.concurrent.ExecutionException: org.apache.ratis.thirdparty.io.grpc.StatusRuntimeException: UNAVAILABLE: io exception
	at java.util.concurrent.FutureTask.report(FutureTask.java:122)
	at java.util.concurrent.FutureTask.get(FutureTask.java:192)
	at org.apache.ratis.server.impl.LeaderElection.waitForResults(LeaderElection.java:263)
	at org.apache.ratis.server.impl.LeaderElection.askForVotes(LeaderElection.java:201)
	at org.apache.ratis.server.impl.LeaderElection.run(LeaderElection.java:133)
	at java.lang.Thread.run(Thread.java:748)
Caused by: org.apache.ratis.thirdparty.io.grpc.StatusRuntimeException: UNAVAILABLE: io exception
	at org.apache.ratis.thirdparty.io.grpc.stub.ClientCalls.toStatusRuntimeException(ClientCalls.java:233)
	at org.apache.ratis.thirdparty.io.grpc.stub.ClientCalls.getUnchecked(ClientCalls.java:214)
	at org.apache.ratis.thirdparty.io.grpc.stub.ClientCalls.blockingUnaryCall(ClientCalls.java:139)
	at org.apache.ratis.proto.grpc.RaftServerProtocolServiceGrpc$RaftServerProtocolServiceBlockingStub.requestVote(RaftServerProtocolServiceGrpc.java:265)
	at org.apache.ratis.grpc.server.GrpcServerProtocolClient.requestVote(GrpcServerProtocolClient.java:90)
	at org.apache.ratis.grpc.server.GrpcService.requestVote(GrpcService.java:204)
	at org.apache.ratis.server.impl.LeaderElection.lambda$submitRequests$1(LeaderElection.java:238)
	at java.util.concurrent.FutureTask.run(FutureTask.java:266)
	at java.util.concurrent.Executors$RunnableAdapter.call(Executors.java:511)
	at java.util.concurrent.FutureTask.run(FutureTask.java:266)
	at java.util.concurrent.ThreadPoolExecutor.runWorker(ThreadPoolExecutor.java:1149)
	at java.util.concurrent.ThreadPoolExecutor$Worker.run(ThreadPoolExecutor.java:624)
	... 1 more
Caused by: org.apache.ratis.thirdparty.io.netty.channel.AbstractChannel$AnnotatedConnectException: Connection refused: /192.168.157.234:36035
	at sun.nio.ch.SocketChannelImpl.checkConnect(Native Method)
	at sun.nio.ch.SocketChannelImpl.finishConnect(SocketChannelImpl.java:717)
	at org.apache.ratis.thirdparty.io.netty.channel.socket.nio.NioSocketChannel.doFinishConnect(NioSocketChannel.java:327)
	at org.apache.ratis.thirdparty.io.netty.channel.nio.AbstractNioChannel$AbstractNioUnsafe.finishConnect(AbstractNioChannel.java:340)
	at org.apache.ratis.thirdparty.io.netty.channel.nio.NioEventLoop.processSelectedKey(NioEventLoop.java:632)
	at org.apache.ratis.thirdparty.io.netty.channel.nio.NioEventLoop.processSelectedKeysOptimized(NioEventLoop.java:579)
	at org.apache.ratis.thirdparty.io.netty.channel.nio.NioEventLoop.processSelectedKeys(NioEventLoop.java:496)
	at org.apache.ratis.thirdparty.io.netty.channel.nio.NioEventLoop.run(NioEventLoop.java:458)
	at org.apache.ratis.thirdparty.io.netty.util.concurrent.SingleThreadEventExecutor$5.run(SingleThreadEventExecutor.java:897)
	at org.apache.ratis.thirdparty.io.netty.util.concurrent.FastThreadLocalRunnable.run(FastThreadLocalRunnable.java:30)
	... 1 more
Caused by: java.net.ConnectException: Connection refused
	... 11 more
2019-09-26 16:39:16,613 [941dd69d-21df-447a-8c50-e4c30322a245@group-320CFA3398AE:LeaderElection44] INFO  impl.LeaderElection (LogUtils.java:infoOrTrace(149)) - 941dd69d-21df-447a-8c50-e4c30322a245@group-320CFA3398AE:LeaderElection44 got exception when requesting votes: {}
java.util.concurrent.ExecutionException: org.apache.ratis.thirdparty.io.grpc.StatusRuntimeException: UNAVAILABLE: io exception
	at java.util.concurrent.FutureTask.report(FutureTask.java:122)
	at java.util.concurrent.FutureTask.get(FutureTask.java:192)
	at org.apache.ratis.server.impl.LeaderElection.waitForResults(LeaderElection.java:263)
	at org.apache.ratis.server.impl.LeaderElection.askForVotes(LeaderElection.java:201)
	at org.apache.ratis.server.impl.LeaderElection.run(LeaderElection.java:133)
	at java.lang.Thread.run(Thread.java:748)
Caused by: org.apache.ratis.thirdparty.io.grpc.StatusRuntimeException: UNAVAILABLE: io exception
	at org.apache.ratis.thirdparty.io.grpc.stub.ClientCalls.toStatusRuntimeException(ClientCalls.java:233)
	at org.apache.ratis.thirdparty.io.grpc.stub.ClientCalls.getUnchecked(ClientCalls.java:214)
	at org.apache.ratis.thirdparty.io.grpc.stub.ClientCalls.blockingUnaryCall(ClientCalls.java:139)
	at org.apache.ratis.proto.grpc.RaftServerProtocolServiceGrpc$RaftServerProtocolServiceBlockingStub.requestVote(RaftServerProtocolServiceGrpc.java:265)
	at org.apache.ratis.grpc.server.GrpcServerProtocolClient.requestVote(GrpcServerProtocolClient.java:90)
	at org.apache.ratis.grpc.server.GrpcService.requestVote(GrpcService.java:204)
	at org.apache.ratis.server.impl.LeaderElection.lambda$submitRequests$1(LeaderElection.java:238)
	at java.util.concurrent.FutureTask.run(FutureTask.java:266)
	at java.util.concurrent.Executors$RunnableAdapter.call(Executors.java:511)
	at java.util.concurrent.FutureTask.run(FutureTask.java:266)
	at java.util.concurrent.ThreadPoolExecutor.runWorker(ThreadPoolExecutor.java:1149)
	at java.util.concurrent.ThreadPoolExecutor$Worker.run(ThreadPoolExecutor.java:624)
	... 1 more
Caused by: org.apache.ratis.thirdparty.io.netty.channel.AbstractChannel$AnnotatedConnectException: Connection refused: /192.168.157.234:39635
	at sun.nio.ch.SocketChannelImpl.checkConnect(Native Method)
	at sun.nio.ch.SocketChannelImpl.finishConnect(SocketChannelImpl.java:717)
	at org.apache.ratis.thirdparty.io.netty.channel.socket.nio.NioSocketChannel.doFinishConnect(NioSocketChannel.java:327)
	at org.apache.ratis.thirdparty.io.netty.channel.nio.AbstractNioChannel$AbstractNioUnsafe.finishConnect(AbstractNioChannel.java:340)
	at org.apache.ratis.thirdparty.io.netty.channel.nio.NioEventLoop.processSelectedKey(NioEventLoop.java:632)
	at org.apache.ratis.thirdparty.io.netty.channel.nio.NioEventLoop.processSelectedKeysOptimized(NioEventLoop.java:579)
	at org.apache.ratis.thirdparty.io.netty.channel.nio.NioEventLoop.processSelectedKeys(NioEventLoop.java:496)
	at org.apache.ratis.thirdparty.io.netty.channel.nio.NioEventLoop.run(NioEventLoop.java:458)
	at org.apache.ratis.thirdparty.io.netty.util.concurrent.SingleThreadEventExecutor$5.run(SingleThreadEventExecutor.java:897)
	at org.apache.ratis.thirdparty.io.netty.util.concurrent.FastThreadLocalRunnable.run(FastThreadLocalRunnable.java:30)
	... 1 more
Caused by: java.net.ConnectException: Connection refused
	... 11 more
2019-09-26 16:39:16,613 [941dd69d-21df-447a-8c50-e4c30322a245@group-320CFA3398AE:LeaderElection44] INFO  impl.LeaderElection (LeaderElection.java:logAndReturn(56)) - 941dd69d-21df-447a-8c50-e4c30322a245@group-320CFA3398AE:LeaderElection44: Election REJECTED; received 0 response(s) [] and 2 exception(s); 941dd69d-21df-447a-8c50-e4c30322a245@group-320CFA3398AE:t4, leader=null, voted=941dd69d-21df-447a-8c50-e4c30322a245, raftlog=941dd69d-21df-447a-8c50-e4c30322a245@group-320CFA3398AE-SegmentedRaftLog:OPENED:c0,f0,i0, conf=0: [54f991d6-dc71-460d-82bf-0c4295aeca21:192.168.157.234:39635, 941dd69d-21df-447a-8c50-e4c30322a245:192.168.157.234:46308, 45094064-c3fb-4870-9766-7d97e0e9250d:192.168.157.234:36035], old=null
2019-09-26 16:39:16,614 [941dd69d-21df-447a-8c50-e4c30322a245@group-320CFA3398AE:LeaderElection44] INFO  impl.LeaderElection (LogUtils.java:infoOrTrace(149)) -   Exception 0: {}
java.util.concurrent.ExecutionException: org.apache.ratis.thirdparty.io.grpc.StatusRuntimeException: UNAVAILABLE: io exception
	at java.util.concurrent.FutureTask.report(FutureTask.java:122)
	at java.util.concurrent.FutureTask.get(FutureTask.java:192)
	at org.apache.ratis.server.impl.LeaderElection.waitForResults(LeaderElection.java:263)
	at org.apache.ratis.server.impl.LeaderElection.askForVotes(LeaderElection.java:201)
	at org.apache.ratis.server.impl.LeaderElection.run(LeaderElection.java:133)
	at java.lang.Thread.run(Thread.java:748)
Caused by: org.apache.ratis.thirdparty.io.grpc.StatusRuntimeException: UNAVAILABLE: io exception
	at org.apache.ratis.thirdparty.io.grpc.stub.ClientCalls.toStatusRuntimeException(ClientCalls.java:233)
	at org.apache.ratis.thirdparty.io.grpc.stub.ClientCalls.getUnchecked(ClientCalls.java:214)
	at org.apache.ratis.thirdparty.io.grpc.stub.ClientCalls.blockingUnaryCall(ClientCalls.java:139)
	at org.apache.ratis.proto.grpc.RaftServerProtocolServiceGrpc$RaftServerProtocolServiceBlockingStub.requestVote(RaftServerProtocolServiceGrpc.java:265)
	at org.apache.ratis.grpc.server.GrpcServerProtocolClient.requestVote(GrpcServerProtocolClient.java:90)
	at org.apache.ratis.grpc.server.GrpcService.requestVote(GrpcService.java:204)
	at org.apache.ratis.server.impl.LeaderElection.lambda$submitRequests$1(LeaderElection.java:238)
	at java.util.concurrent.FutureTask.run(FutureTask.java:266)
	at java.util.concurrent.Executors$RunnableAdapter.call(Executors.java:511)
	at java.util.concurrent.FutureTask.run(FutureTask.java:266)
	at java.util.concurrent.ThreadPoolExecutor.runWorker(ThreadPoolExecutor.java:1149)
	at java.util.concurrent.ThreadPoolExecutor$Worker.run(ThreadPoolExecutor.java:624)
	... 1 more
Caused by: org.apache.ratis.thirdparty.io.netty.channel.AbstractChannel$AnnotatedConnectException: Connection refused: /192.168.157.234:36035
	at sun.nio.ch.SocketChannelImpl.checkConnect(Native Method)
	at sun.nio.ch.SocketChannelImpl.finishConnect(SocketChannelImpl.java:717)
	at org.apache.ratis.thirdparty.io.netty.channel.socket.nio.NioSocketChannel.doFinishConnect(NioSocketChannel.java:327)
	at org.apache.ratis.thirdparty.io.netty.channel.nio.AbstractNioChannel$AbstractNioUnsafe.finishConnect(AbstractNioChannel.java:340)
	at org.apache.ratis.thirdparty.io.netty.channel.nio.NioEventLoop.processSelectedKey(NioEventLoop.java:632)
	at org.apache.ratis.thirdparty.io.netty.channel.nio.NioEventLoop.processSelectedKeysOptimized(NioEventLoop.java:579)
	at org.apache.ratis.thirdparty.io.netty.channel.nio.NioEventLoop.processSelectedKeys(NioEventLoop.java:496)
	at org.apache.ratis.thirdparty.io.netty.channel.nio.NioEventLoop.run(NioEventLoop.java:458)
	at org.apache.ratis.thirdparty.io.netty.util.concurrent.SingleThreadEventExecutor$5.run(SingleThreadEventExecutor.java:897)
	at org.apache.ratis.thirdparty.io.netty.util.concurrent.FastThreadLocalRunnable.run(FastThreadLocalRunnable.java:30)
	... 1 more
Caused by: java.net.ConnectException: Connection refused
	... 11 more
2019-09-26 16:39:16,614 [941dd69d-21df-447a-8c50-e4c30322a245@group-320CFA3398AE:LeaderElection44] INFO  impl.LeaderElection (LogUtils.java:infoOrTrace(149)) -   Exception 1: {}
java.util.concurrent.ExecutionException: org.apache.ratis.thirdparty.io.grpc.StatusRuntimeException: UNAVAILABLE: io exception
	at java.util.concurrent.FutureTask.report(FutureTask.java:122)
	at java.util.concurrent.FutureTask.get(FutureTask.java:192)
	at org.apache.ratis.server.impl.LeaderElection.waitForResults(LeaderElection.java:263)
	at org.apache.ratis.server.impl.LeaderElection.askForVotes(LeaderElection.java:201)
	at org.apache.ratis.server.impl.LeaderElection.run(LeaderElection.java:133)
	at java.lang.Thread.run(Thread.java:748)
Caused by: org.apache.ratis.thirdparty.io.grpc.StatusRuntimeException: UNAVAILABLE: io exception
	at org.apache.ratis.thirdparty.io.grpc.stub.ClientCalls.toStatusRuntimeException(ClientCalls.java:233)
	at org.apache.ratis.thirdparty.io.grpc.stub.ClientCalls.getUnchecked(ClientCalls.java:214)
	at org.apache.ratis.thirdparty.io.grpc.stub.ClientCalls.blockingUnaryCall(ClientCalls.java:139)
	at org.apache.ratis.proto.grpc.RaftServerProtocolServiceGrpc$RaftServerProtocolServiceBlockingStub.requestVote(RaftServerProtocolServiceGrpc.java:265)
	at org.apache.ratis.grpc.server.GrpcServerProtocolClient.requestVote(GrpcServerProtocolClient.java:90)
	at org.apache.ratis.grpc.server.GrpcService.requestVote(GrpcService.java:204)
	at org.apache.ratis.server.impl.LeaderElection.lambda$submitRequests$1(LeaderElection.java:238)
	at java.util.concurrent.FutureTask.run(FutureTask.java:266)
	at java.util.concurrent.Executors$RunnableAdapter.call(Executors.java:511)
	at java.util.concurrent.FutureTask.run(FutureTask.java:266)
	at java.util.concurrent.ThreadPoolExecutor.runWorker(ThreadPoolExecutor.java:1149)
	at java.util.concurrent.ThreadPoolExecutor$Worker.run(ThreadPoolExecutor.java:624)
	... 1 more
Caused by: org.apache.ratis.thirdparty.io.netty.channel.AbstractChannel$AnnotatedConnectException: Connection refused: /192.168.157.234:39635
	at sun.nio.ch.SocketChannelImpl.checkConnect(Native Method)
	at sun.nio.ch.SocketChannelImpl.finishConnect(SocketChannelImpl.java:717)
	at org.apache.ratis.thirdparty.io.netty.channel.socket.nio.NioSocketChannel.doFinishConnect(NioSocketChannel.java:327)
	at org.apache.ratis.thirdparty.io.netty.channel.nio.AbstractNioChannel$AbstractNioUnsafe.finishConnect(AbstractNioChannel.java:340)
	at org.apache.ratis.thirdparty.io.netty.channel.nio.NioEventLoop.processSelectedKey(NioEventLoop.java:632)
	at org.apache.ratis.thirdparty.io.netty.channel.nio.NioEventLoop.processSelectedKeysOptimized(NioEventLoop.java:579)
	at org.apache.ratis.thirdparty.io.netty.channel.nio.NioEventLoop.processSelectedKeys(NioEventLoop.java:496)
	at org.apache.ratis.thirdparty.io.netty.channel.nio.NioEventLoop.run(NioEventLoop.java:458)
	at org.apache.ratis.thirdparty.io.netty.util.concurrent.SingleThreadEventExecutor$5.run(SingleThreadEventExecutor.java:897)
	at org.apache.ratis.thirdparty.io.netty.util.concurrent.FastThreadLocalRunnable.run(FastThreadLocalRunnable.java:30)
	... 1 more
Caused by: java.net.ConnectException: Connection refused
	... 11 more
2019-09-26 16:39:16,614 [941dd69d-21df-447a-8c50-e4c30322a245@group-320CFA3398AE:LeaderElection44] INFO  impl.RaftServerImpl (RaftServerImpl.java:setRole(174)) - 941dd69d-21df-447a-8c50-e4c30322a245@group-320CFA3398AE: changes role from CANDIDATE to FOLLOWER at term 4 for DISCOVERED_A_NEW_TERM
2019-09-26 16:39:16,614 [941dd69d-21df-447a-8c50-e4c30322a245@group-320CFA3398AE:LeaderElection44] INFO  impl.RoleInfo (RoleInfo.java:shutdownLeaderElection(134)) - 941dd69d-21df-447a-8c50-e4c30322a245: shutdown LeaderElection
2019-09-26 16:39:16,615 [941dd69d-21df-447a-8c50-e4c30322a245@group-320CFA3398AE:LeaderElection44] INFO  impl.RoleInfo (RoleInfo.java:updateAndGet(143)) - 941dd69d-21df-447a-8c50-e4c30322a245: start FollowerState
2019-09-26 16:39:17,005 [grpc-default-executor-2] WARN  server.GrpcLogAppender (LogUtils.java:warn(134)) - 23db1bd7-0ec3-4d63-b495-756f3d5b5fb7@group-D3771522134E->dc4ec581-df22-4026-9c78-08ca65e450b7-AppendLogResponseHandler: Failed appendEntries: org.apache.ratis.thirdparty.io.grpc.StatusRuntimeException: UNAVAILABLE: io exception
2019-09-26 16:39:17,005 [grpc-default-executor-6] WARN  server.GrpcLogAppender (LogUtils.java:warn(134)) - 7c636cf6-abb1-48a1-8471-c57ff8076954@group-D88AEF8F9869->6e9598b6-9dc4-49c9-af23-0bbf4a4b345a-AppendLogResponseHandler: Failed appendEntries: org.apache.ratis.thirdparty.io.grpc.StatusRuntimeException: UNAVAILABLE: io exception
2019-09-26 16:39:17,005 [grpc-default-executor-8] WARN  server.GrpcLogAppender (LogUtils.java:warn(134)) - 23db1bd7-0ec3-4d63-b495-756f3d5b5fb7@group-D3771522134E->96614e23-b56d-471a-9cd7-6076bc1c8933-AppendLogResponseHandler: Failed appendEntries: org.apache.ratis.thirdparty.io.grpc.StatusRuntimeException: UNAVAILABLE: io exception
2019-09-26 16:39:17,009 [grpc-default-executor-6] INFO  impl.FollowerInfo (FollowerInfo.java:lambda$new$0(51)) - 7c636cf6-abb1-48a1-8471-c57ff8076954@group-D88AEF8F9869->6e9598b6-9dc4-49c9-af23-0bbf4a4b345a: nextIndex: updateUnconditionally 0 -> 0
2019-09-26 16:39:17,009 [grpc-default-executor-2] INFO  impl.FollowerInfo (FollowerInfo.java:lambda$new$0(51)) - 23db1bd7-0ec3-4d63-b495-756f3d5b5fb7@group-D3771522134E->dc4ec581-df22-4026-9c78-08ca65e450b7: nextIndex: updateUnconditionally 0 -> 0
2019-09-26 16:39:17,009 [grpc-default-executor-8] INFO  impl.FollowerInfo (FollowerInfo.java:lambda$new$0(51)) - 23db1bd7-0ec3-4d63-b495-756f3d5b5fb7@group-D3771522134E->96614e23-b56d-471a-9cd7-6076bc1c8933: nextIndex: updateUnconditionally 0 -> 0
2019-09-26 16:39:17,505 [grpc-default-executor-6] WARN  server.GrpcLogAppender (LogUtils.java:warn(134)) - 23db1bd7-0ec3-4d63-b495-756f3d5b5fb7@group-D3771522134E->96614e23-b56d-471a-9cd7-6076bc1c8933-AppendLogResponseHandler: Failed appendEntries: org.apache.ratis.thirdparty.io.grpc.StatusRuntimeException: UNAVAILABLE: io exception
2019-09-26 16:39:17,505 [grpc-default-executor-1] WARN  server.GrpcLogAppender (LogUtils.java:warn(134)) - 7c636cf6-abb1-48a1-8471-c57ff8076954@group-D88AEF8F9869->6e9598b6-9dc4-49c9-af23-0bbf4a4b345a-AppendLogResponseHandler: Failed appendEntries: org.apache.ratis.thirdparty.io.grpc.StatusRuntimeException: UNAVAILABLE: io exception
2019-09-26 16:39:17,505 [grpc-default-executor-5] WARN  server.GrpcLogAppender (LogUtils.java:warn(134)) - 23db1bd7-0ec3-4d63-b495-756f3d5b5fb7@group-D3771522134E->dc4ec581-df22-4026-9c78-08ca65e450b7-AppendLogResponseHandler: Failed appendEntries: org.apache.ratis.thirdparty.io.grpc.StatusRuntimeException: UNAVAILABLE: io exception
2019-09-26 16:39:17,506 [grpc-default-executor-1] INFO  impl.FollowerInfo (FollowerInfo.java:lambda$new$0(51)) - 7c636cf6-abb1-48a1-8471-c57ff8076954@group-D88AEF8F9869->6e9598b6-9dc4-49c9-af23-0bbf4a4b345a: nextIndex: updateUnconditionally 0 -> 0
2019-09-26 16:39:17,505 [grpc-default-executor-6] INFO  impl.FollowerInfo (FollowerInfo.java:lambda$new$0(51)) - 23db1bd7-0ec3-4d63-b495-756f3d5b5fb7@group-D3771522134E->96614e23-b56d-471a-9cd7-6076bc1c8933: nextIndex: updateUnconditionally 0 -> 0
2019-09-26 16:39:17,506 [grpc-default-executor-5] INFO  impl.FollowerInfo (FollowerInfo.java:lambda$new$0(51)) - 23db1bd7-0ec3-4d63-b495-756f3d5b5fb7@group-D3771522134E->dc4ec581-df22-4026-9c78-08ca65e450b7: nextIndex: updateUnconditionally 0 -> 0
2019-09-26 16:39:17,719 [Thread-3774] INFO  impl.FollowerState (FollowerState.java:run(106)) - 941dd69d-21df-447a-8c50-e4c30322a245:group-320CFA3398AE changes to CANDIDATE, lastRpcTime:1104, electionTimeout:1104ms
2019-09-26 16:39:17,719 [Thread-3774] INFO  impl.RoleInfo (RoleInfo.java:shutdownFollowerState(121)) - 941dd69d-21df-447a-8c50-e4c30322a245: shutdown FollowerState
2019-09-26 16:39:17,719 [Thread-3774] INFO  impl.RaftServerImpl (RaftServerImpl.java:setRole(174)) - 941dd69d-21df-447a-8c50-e4c30322a245@group-320CFA3398AE: changes role from  FOLLOWER to CANDIDATE at term 4 for changeToCandidate
2019-09-26 16:39:17,720 [Thread-3774] INFO  impl.RoleInfo (RoleInfo.java:updateAndGet(143)) - 941dd69d-21df-447a-8c50-e4c30322a245: start LeaderElection
2019-09-26 16:39:17,736 [941dd69d-21df-447a-8c50-e4c30322a245@group-320CFA3398AE:LeaderElection45] INFO  impl.LeaderElection (LeaderElection.java:askForVotes(182)) - 941dd69d-21df-447a-8c50-e4c30322a245@group-320CFA3398AE:LeaderElection45: begin an election at term 5 for 0: [54f991d6-dc71-460d-82bf-0c4295aeca21:192.168.157.234:39635, 941dd69d-21df-447a-8c50-e4c30322a245:192.168.157.234:46308, 45094064-c3fb-4870-9766-7d97e0e9250d:192.168.157.234:36035], old=null
2019-09-26 16:39:17,738 [941dd69d-21df-447a-8c50-e4c30322a245@group-320CFA3398AE:LeaderElection45] INFO  impl.LeaderElection (LogUtils.java:infoOrTrace(149)) - 941dd69d-21df-447a-8c50-e4c30322a245@group-320CFA3398AE:LeaderElection45 got exception when requesting votes: {}
java.util.concurrent.ExecutionException: org.apache.ratis.thirdparty.io.grpc.StatusRuntimeException: UNAVAILABLE: io exception
	at java.util.concurrent.FutureTask.report(FutureTask.java:122)
	at java.util.concurrent.FutureTask.get(FutureTask.java:192)
	at org.apache.ratis.server.impl.LeaderElection.waitForResults(LeaderElection.java:263)
	at org.apache.ratis.server.impl.LeaderElection.askForVotes(LeaderElection.java:201)
	at org.apache.ratis.server.impl.LeaderElection.run(LeaderElection.java:133)
	at java.lang.Thread.run(Thread.java:748)
Caused by: org.apache.ratis.thirdparty.io.grpc.StatusRuntimeException: UNAVAILABLE: io exception
	at org.apache.ratis.thirdparty.io.grpc.stub.ClientCalls.toStatusRuntimeException(ClientCalls.java:233)
	at org.apache.ratis.thirdparty.io.grpc.stub.ClientCalls.getUnchecked(ClientCalls.java:214)
	at org.apache.ratis.thirdparty.io.grpc.stub.ClientCalls.blockingUnaryCall(ClientCalls.java:139)
	at org.apache.ratis.proto.grpc.RaftServerProtocolServiceGrpc$RaftServerProtocolServiceBlockingStub.requestVote(RaftServerProtocolServiceGrpc.java:265)
	at org.apache.ratis.grpc.server.GrpcServerProtocolClient.requestVote(GrpcServerProtocolClient.java:90)
	at org.apache.ratis.grpc.server.GrpcService.requestVote(GrpcService.java:204)
	at org.apache.ratis.server.impl.LeaderElection.lambda$submitRequests$1(LeaderElection.java:238)
	at java.util.concurrent.FutureTask.run(FutureTask.java:266)
	at java.util.concurrent.Executors$RunnableAdapter.call(Executors.java:511)
	at java.util.concurrent.FutureTask.run(FutureTask.java:266)
	at java.util.concurrent.ThreadPoolExecutor.runWorker(ThreadPoolExecutor.java:1149)
	at java.util.concurrent.ThreadPoolExecutor$Worker.run(ThreadPoolExecutor.java:624)
	... 1 more
Caused by: org.apache.ratis.thirdparty.io.netty.channel.AbstractChannel$AnnotatedConnectException: Connection refused: /192.168.157.234:39635
	at sun.nio.ch.SocketChannelImpl.checkConnect(Native Method)
	at sun.nio.ch.SocketChannelImpl.finishConnect(SocketChannelImpl.java:717)
	at org.apache.ratis.thirdparty.io.netty.channel.socket.nio.NioSocketChannel.doFinishConnect(NioSocketChannel.java:327)
	at org.apache.ratis.thirdparty.io.netty.channel.nio.AbstractNioChannel$AbstractNioUnsafe.finishConnect(AbstractNioChannel.java:340)
	at org.apache.ratis.thirdparty.io.netty.channel.nio.NioEventLoop.processSelectedKey(NioEventLoop.java:632)
	at org.apache.ratis.thirdparty.io.netty.channel.nio.NioEventLoop.processSelectedKeysOptimized(NioEventLoop.java:579)
	at org.apache.ratis.thirdparty.io.netty.channel.nio.NioEventLoop.processSelectedKeys(NioEventLoop.java:496)
	at org.apache.ratis.thirdparty.io.netty.channel.nio.NioEventLoop.run(NioEventLoop.java:458)
	at org.apache.ratis.thirdparty.io.netty.util.concurrent.SingleThreadEventExecutor$5.run(SingleThreadEventExecutor.java:897)
	at org.apache.ratis.thirdparty.io.netty.util.concurrent.FastThreadLocalRunnable.run(FastThreadLocalRunnable.java:30)
	... 1 more
Caused by: java.net.ConnectException: Connection refused
	... 11 more
2019-09-26 16:39:17,740 [941dd69d-21df-447a-8c50-e4c30322a245@group-320CFA3398AE:LeaderElection45] INFO  impl.LeaderElection (LogUtils.java:infoOrTrace(149)) - 941dd69d-21df-447a-8c50-e4c30322a245@group-320CFA3398AE:LeaderElection45 got exception when requesting votes: {}
java.util.concurrent.ExecutionException: org.apache.ratis.thirdparty.io.grpc.StatusRuntimeException: UNAVAILABLE: io exception
	at java.util.concurrent.FutureTask.report(FutureTask.java:122)
	at java.util.concurrent.FutureTask.get(FutureTask.java:192)
	at org.apache.ratis.server.impl.LeaderElection.waitForResults(LeaderElection.java:263)
	at org.apache.ratis.server.impl.LeaderElection.askForVotes(LeaderElection.java:201)
	at org.apache.ratis.server.impl.LeaderElection.run(LeaderElection.java:133)
	at java.lang.Thread.run(Thread.java:748)
Caused by: org.apache.ratis.thirdparty.io.grpc.StatusRuntimeException: UNAVAILABLE: io exception
	at org.apache.ratis.thirdparty.io.grpc.stub.ClientCalls.toStatusRuntimeException(ClientCalls.java:233)
	at org.apache.ratis.thirdparty.io.grpc.stub.ClientCalls.getUnchecked(ClientCalls.java:214)
	at org.apache.ratis.thirdparty.io.grpc.stub.ClientCalls.blockingUnaryCall(ClientCalls.java:139)
	at org.apache.ratis.proto.grpc.RaftServerProtocolServiceGrpc$RaftServerProtocolServiceBlockingStub.requestVote(RaftServerProtocolServiceGrpc.java:265)
	at org.apache.ratis.grpc.server.GrpcServerProtocolClient.requestVote(GrpcServerProtocolClient.java:90)
	at org.apache.ratis.grpc.server.GrpcService.requestVote(GrpcService.java:204)
	at org.apache.ratis.server.impl.LeaderElection.lambda$submitRequests$1(LeaderElection.java:238)
	at java.util.concurrent.FutureTask.run(FutureTask.java:266)
	at java.util.concurrent.Executors$RunnableAdapter.call(Executors.java:511)
	at java.util.concurrent.FutureTask.run(FutureTask.java:266)
	at java.util.concurrent.ThreadPoolExecutor.runWorker(ThreadPoolExecutor.java:1149)
	at java.util.concurrent.ThreadPoolExecutor$Worker.run(ThreadPoolExecutor.java:624)
	... 1 more
Caused by: org.apache.ratis.thirdparty.io.netty.channel.AbstractChannel$AnnotatedConnectException: Connection refused: /192.168.157.234:36035
	at sun.nio.ch.SocketChannelImpl.checkConnect(Native Method)
	at sun.nio.ch.SocketChannelImpl.finishConnect(SocketChannelImpl.java:717)
	at org.apache.ratis.thirdparty.io.netty.channel.socket.nio.NioSocketChannel.doFinishConnect(NioSocketChannel.java:327)
	at org.apache.ratis.thirdparty.io.netty.channel.nio.AbstractNioChannel$AbstractNioUnsafe.finishConnect(AbstractNioChannel.java:340)
	at org.apache.ratis.thirdparty.io.netty.channel.nio.NioEventLoop.processSelectedKey(NioEventLoop.java:632)
	at org.apache.ratis.thirdparty.io.netty.channel.nio.NioEventLoop.processSelectedKeysOptimized(NioEventLoop.java:579)
	at org.apache.ratis.thirdparty.io.netty.channel.nio.NioEventLoop.processSelectedKeys(NioEventLoop.java:496)
	at org.apache.ratis.thirdparty.io.netty.channel.nio.NioEventLoop.run(NioEventLoop.java:458)
	at org.apache.ratis.thirdparty.io.netty.util.concurrent.SingleThreadEventExecutor$5.run(SingleThreadEventExecutor.java:897)
	at org.apache.ratis.thirdparty.io.netty.util.concurrent.FastThreadLocalRunnable.run(FastThreadLocalRunnable.java:30)
	... 1 more
Caused by: java.net.ConnectException: Connection refused
	... 11 more
2019-09-26 16:39:17,742 [941dd69d-21df-447a-8c50-e4c30322a245@group-320CFA3398AE:LeaderElection45] INFO  impl.LeaderElection (LeaderElection.java:logAndReturn(56)) - 941dd69d-21df-447a-8c50-e4c30322a245@group-320CFA3398AE:LeaderElection45: Election REJECTED; received 0 response(s) [] and 2 exception(s); 941dd69d-21df-447a-8c50-e4c30322a245@group-320CFA3398AE:t5, leader=null, voted=941dd69d-21df-447a-8c50-e4c30322a245, raftlog=941dd69d-21df-447a-8c50-e4c30322a245@group-320CFA3398AE-SegmentedRaftLog:OPENED:c0,f0,i0, conf=0: [54f991d6-dc71-460d-82bf-0c4295aeca21:192.168.157.234:39635, 941dd69d-21df-447a-8c50-e4c30322a245:192.168.157.234:46308, 45094064-c3fb-4870-9766-7d97e0e9250d:192.168.157.234:36035], old=null
2019-09-26 16:39:17,742 [941dd69d-21df-447a-8c50-e4c30322a245@group-320CFA3398AE:LeaderElection45] INFO  impl.LeaderElection (LogUtils.java:infoOrTrace(149)) -   Exception 0: {}
java.util.concurrent.ExecutionException: org.apache.ratis.thirdparty.io.grpc.StatusRuntimeException: UNAVAILABLE: io exception
	at java.util.concurrent.FutureTask.report(FutureTask.java:122)
	at java.util.concurrent.FutureTask.get(FutureTask.java:192)
	at org.apache.ratis.server.impl.LeaderElection.waitForResults(LeaderElection.java:263)
	at org.apache.ratis.server.impl.LeaderElection.askForVotes(LeaderElection.java:201)
	at org.apache.ratis.server.impl.LeaderElection.run(LeaderElection.java:133)
	at java.lang.Thread.run(Thread.java:748)
Caused by: org.apache.ratis.thirdparty.io.grpc.StatusRuntimeException: UNAVAILABLE: io exception
	at org.apache.ratis.thirdparty.io.grpc.stub.ClientCalls.toStatusRuntimeException(ClientCalls.java:233)
	at org.apache.ratis.thirdparty.io.grpc.stub.ClientCalls.getUnchecked(ClientCalls.java:214)
	at org.apache.ratis.thirdparty.io.grpc.stub.ClientCalls.blockingUnaryCall(ClientCalls.java:139)
	at org.apache.ratis.proto.grpc.RaftServerProtocolServiceGrpc$RaftServerProtocolServiceBlockingStub.requestVote(RaftServerProtocolServiceGrpc.java:265)
	at org.apache.ratis.grpc.server.GrpcServerProtocolClient.requestVote(GrpcServerProtocolClient.java:90)
	at org.apache.ratis.grpc.server.GrpcService.requestVote(GrpcService.java:204)
	at org.apache.ratis.server.impl.LeaderElection.lambda$submitRequests$1(LeaderElection.java:238)
	at java.util.concurrent.FutureTask.run(FutureTask.java:266)
	at java.util.concurrent.Executors$RunnableAdapter.call(Executors.java:511)
	at java.util.concurrent.FutureTask.run(FutureTask.java:266)
	at java.util.concurrent.ThreadPoolExecutor.runWorker(ThreadPoolExecutor.java:1149)
	at java.util.concurrent.ThreadPoolExecutor$Worker.run(ThreadPoolExecutor.java:624)
	... 1 more
Caused by: org.apache.ratis.thirdparty.io.netty.channel.AbstractChannel$AnnotatedConnectException: Connection refused: /192.168.157.234:39635
	at sun.nio.ch.SocketChannelImpl.checkConnect(Native Method)
	at sun.nio.ch.SocketChannelImpl.finishConnect(SocketChannelImpl.java:717)
	at org.apache.ratis.thirdparty.io.netty.channel.socket.nio.NioSocketChannel.doFinishConnect(NioSocketChannel.java:327)
	at org.apache.ratis.thirdparty.io.netty.channel.nio.AbstractNioChannel$AbstractNioUnsafe.finishConnect(AbstractNioChannel.java:340)
	at org.apache.ratis.thirdparty.io.netty.channel.nio.NioEventLoop.processSelectedKey(NioEventLoop.java:632)
	at org.apache.ratis.thirdparty.io.netty.channel.nio.NioEventLoop.processSelectedKeysOptimized(NioEventLoop.java:579)
	at org.apache.ratis.thirdparty.io.netty.channel.nio.NioEventLoop.processSelectedKeys(NioEventLoop.java:496)
	at org.apache.ratis.thirdparty.io.netty.channel.nio.NioEventLoop.run(NioEventLoop.java:458)
	at org.apache.ratis.thirdparty.io.netty.util.concurrent.SingleThreadEventExecutor$5.run(SingleThreadEventExecutor.java:897)
	at org.apache.ratis.thirdparty.io.netty.util.concurrent.FastThreadLocalRunnable.run(FastThreadLocalRunnable.java:30)
	... 1 more
Caused by: java.net.ConnectException: Connection refused
	... 11 more
2019-09-26 16:39:17,743 [941dd69d-21df-447a-8c50-e4c30322a245@group-320CFA3398AE:LeaderElection45] INFO  impl.LeaderElection (LogUtils.java:infoOrTrace(149)) -   Exception 1: {}
java.util.concurrent.ExecutionException: org.apache.ratis.thirdparty.io.grpc.StatusRuntimeException: UNAVAILABLE: io exception
	at java.util.concurrent.FutureTask.report(FutureTask.java:122)
	at java.util.concurrent.FutureTask.get(FutureTask.java:192)
	at org.apache.ratis.server.impl.LeaderElection.waitForResults(LeaderElection.java:263)
	at org.apache.ratis.server.impl.LeaderElection.askForVotes(LeaderElection.java:201)
	at org.apache.ratis.server.impl.LeaderElection.run(LeaderElection.java:133)
	at java.lang.Thread.run(Thread.java:748)
Caused by: org.apache.ratis.thirdparty.io.grpc.StatusRuntimeException: UNAVAILABLE: io exception
	at org.apache.ratis.thirdparty.io.grpc.stub.ClientCalls.toStatusRuntimeException(ClientCalls.java:233)
	at org.apache.ratis.thirdparty.io.grpc.stub.ClientCalls.getUnchecked(ClientCalls.java:214)
	at org.apache.ratis.thirdparty.io.grpc.stub.ClientCalls.blockingUnaryCall(ClientCalls.java:139)
	at org.apache.ratis.proto.grpc.RaftServerProtocolServiceGrpc$RaftServerProtocolServiceBlockingStub.requestVote(RaftServerProtocolServiceGrpc.java:265)
	at org.apache.ratis.grpc.server.GrpcServerProtocolClient.requestVote(GrpcServerProtocolClient.java:90)
	at org.apache.ratis.grpc.server.GrpcService.requestVote(GrpcService.java:204)
	at org.apache.ratis.server.impl.LeaderElection.lambda$submitRequests$1(LeaderElection.java:238)
	at java.util.concurrent.FutureTask.run(FutureTask.java:266)
	at java.util.concurrent.Executors$RunnableAdapter.call(Executors.java:511)
	at java.util.concurrent.FutureTask.run(FutureTask.java:266)
	at java.util.concurrent.ThreadPoolExecutor.runWorker(ThreadPoolExecutor.java:1149)
	at java.util.concurrent.ThreadPoolExecutor$Worker.run(ThreadPoolExecutor.java:624)
	... 1 more
Caused by: org.apache.ratis.thirdparty.io.netty.channel.AbstractChannel$AnnotatedConnectException: Connection refused: /192.168.157.234:36035
	at sun.nio.ch.SocketChannelImpl.checkConnect(Native Method)
	at sun.nio.ch.SocketChannelImpl.finishConnect(SocketChannelImpl.java:717)
	at org.apache.ratis.thirdparty.io.netty.channel.socket.nio.NioSocketChannel.doFinishConnect(NioSocketChannel.java:327)
	at org.apache.ratis.thirdparty.io.netty.channel.nio.AbstractNioChannel$AbstractNioUnsafe.finishConnect(AbstractNioChannel.java:340)
	at org.apache.ratis.thirdparty.io.netty.channel.nio.NioEventLoop.processSelectedKey(NioEventLoop.java:632)
	at org.apache.ratis.thirdparty.io.netty.channel.nio.NioEventLoop.processSelectedKeysOptimized(NioEventLoop.java:579)
	at org.apache.ratis.thirdparty.io.netty.channel.nio.NioEventLoop.processSelectedKeys(NioEventLoop.java:496)
	at org.apache.ratis.thirdparty.io.netty.channel.nio.NioEventLoop.run(NioEventLoop.java:458)
	at org.apache.ratis.thirdparty.io.netty.util.concurrent.SingleThreadEventExecutor$5.run(SingleThreadEventExecutor.java:897)
	at org.apache.ratis.thirdparty.io.netty.util.concurrent.FastThreadLocalRunnable.run(FastThreadLocalRunnable.java:30)
	... 1 more
Caused by: java.net.ConnectException: Connection refused
	... 11 more
2019-09-26 16:39:17,743 [941dd69d-21df-447a-8c50-e4c30322a245@group-320CFA3398AE:LeaderElection45] INFO  impl.RaftServerImpl (RaftServerImpl.java:setRole(174)) - 941dd69d-21df-447a-8c50-e4c30322a245@group-320CFA3398AE: changes role from CANDIDATE to FOLLOWER at term 5 for DISCOVERED_A_NEW_TERM
2019-09-26 16:39:17,743 [941dd69d-21df-447a-8c50-e4c30322a245@group-320CFA3398AE:LeaderElection45] INFO  impl.RoleInfo (RoleInfo.java:shutdownLeaderElection(134)) - 941dd69d-21df-447a-8c50-e4c30322a245: shutdown LeaderElection
2019-09-26 16:39:17,743 [941dd69d-21df-447a-8c50-e4c30322a245@group-320CFA3398AE:LeaderElection45] INFO  impl.RoleInfo (RoleInfo.java:updateAndGet(143)) - 941dd69d-21df-447a-8c50-e4c30322a245: start FollowerState
2019-09-26 16:39:18,006 [grpc-default-executor-6] WARN  server.GrpcLogAppender (LogUtils.java:warn(134)) - 23db1bd7-0ec3-4d63-b495-756f3d5b5fb7@group-D3771522134E->dc4ec581-df22-4026-9c78-08ca65e450b7-AppendLogResponseHandler: Failed appendEntries: org.apache.ratis.thirdparty.io.grpc.StatusRuntimeException: UNAVAILABLE: io exception
2019-09-26 16:39:18,008 [grpc-default-executor-8] WARN  server.GrpcLogAppender (LogUtils.java:warn(134)) - 23db1bd7-0ec3-4d63-b495-756f3d5b5fb7@group-D3771522134E->96614e23-b56d-471a-9cd7-6076bc1c8933-AppendLogResponseHandler: Failed appendEntries: org.apache.ratis.thirdparty.io.grpc.StatusRuntimeException: UNAVAILABLE: io exception
2019-09-26 16:39:18,008 [grpc-default-executor-1] WARN  server.GrpcLogAppender (LogUtils.java:warn(134)) - 7c636cf6-abb1-48a1-8471-c57ff8076954@group-D88AEF8F9869->6e9598b6-9dc4-49c9-af23-0bbf4a4b345a-AppendLogResponseHandler: Failed appendEntries: org.apache.ratis.thirdparty.io.grpc.StatusRuntimeException: UNAVAILABLE: io exception
2019-09-26 16:39:18,009 [grpc-default-executor-8] INFO  impl.FollowerInfo (FollowerInfo.java:lambda$new$0(51)) - 23db1bd7-0ec3-4d63-b495-756f3d5b5fb7@group-D3771522134E->96614e23-b56d-471a-9cd7-6076bc1c8933: nextIndex: updateUnconditionally 0 -> 0
2019-09-26 16:39:18,008 [grpc-default-executor-6] INFO  impl.FollowerInfo (FollowerInfo.java:lambda$new$0(51)) - 23db1bd7-0ec3-4d63-b495-756f3d5b5fb7@group-D3771522134E->dc4ec581-df22-4026-9c78-08ca65e450b7: nextIndex: updateUnconditionally 0 -> 0
2019-09-26 16:39:18,009 [grpc-default-executor-1] INFO  impl.FollowerInfo (FollowerInfo.java:lambda$new$0(51)) - 7c636cf6-abb1-48a1-8471-c57ff8076954@group-D88AEF8F9869->6e9598b6-9dc4-49c9-af23-0bbf4a4b345a: nextIndex: updateUnconditionally 0 -> 0
2019-09-26 16:39:18,068 [main] INFO  ozoneimpl.OzoneContainer (OzoneContainer.java:stop(231)) - Attempting to stop container services.
2019-09-26 16:39:18,069 [main] INFO  impl.RaftServerProxy (RaftServerProxy.java:lambda$close$4(314)) - 941dd69d-21df-447a-8c50-e4c30322a245: close
2019-09-26 16:39:18,069 [ForkJoinPool.commonPool-worker-0] INFO  ozoneimpl.OzoneContainer (OzoneContainer.java:stop(231)) - Attempting to stop container services.
2019-09-26 16:39:18,069 [main] INFO  impl.RaftServerImpl (RaftServerImpl.java:lambda$shutdown$3(251)) - 941dd69d-21df-447a-8c50-e4c30322a245@group-320CFA3398AE: shutdown
2019-09-26 16:39:18,070 [ForkJoinPool.commonPool-worker-0] INFO  impl.RaftServerProxy (RaftServerProxy.java:lambda$close$4(314)) - 178fa167-0d93-4985-b474-3911a0393fb5: close
2019-09-26 16:39:18,071 [main] INFO  util.JmxRegister (JmxRegister.java:unregister(73)) - Successfully un-registered JMX Bean with object name Ratis:service=RaftServer,group=group-320CFA3398AE,id=941dd69d-21df-447a-8c50-e4c30322a245
2019-09-26 16:39:18,071 [ForkJoinPool.commonPool-worker-0] INFO  impl.RaftServerImpl (RaftServerImpl.java:lambda$shutdown$3(251)) - 178fa167-0d93-4985-b474-3911a0393fb5@group-D88AEF8F9869: shutdown
2019-09-26 16:39:18,071 [main] INFO  impl.RoleInfo (RoleInfo.java:shutdownFollowerState(121)) - 941dd69d-21df-447a-8c50-e4c30322a245: shutdown FollowerState
2019-09-26 16:39:18,072 [ForkJoinPool.commonPool-worker-0] INFO  util.JmxRegister (JmxRegister.java:unregister(73)) - Successfully un-registered JMX Bean with object name Ratis:service=RaftServer,group=group-D88AEF8F9869,id=178fa167-0d93-4985-b474-3911a0393fb5
2019-09-26 16:39:18,073 [Thread-3780] INFO  impl.FollowerState (FollowerState.java:run(115)) - 941dd69d-21df-447a-8c50-e4c30322a245: FollowerState was interrupted: java.lang.InterruptedException: sleep interrupted
2019-09-26 16:39:18,073 [main] INFO  impl.StateMachineUpdater (StateMachineUpdater.java:stopAndJoin(125)) - 941dd69d-21df-447a-8c50-e4c30322a245@group-320CFA3398AE-StateMachineUpdater: set stopIndex = 0
2019-09-26 16:39:18,076 [main] INFO  impl.RaftServerImpl (ServerState.java:close(385)) - 941dd69d-21df-447a-8c50-e4c30322a245@group-320CFA3398AE: closes. applyIndex: 0
2019-09-26 16:39:18,073 [ForkJoinPool.commonPool-worker-0] INFO  impl.RoleInfo (RoleInfo.java:shutdownFollowerState(121)) - 178fa167-0d93-4985-b474-3911a0393fb5: shutdown FollowerState
2019-09-26 16:39:18,076 [941dd69d-21df-447a-8c50-e4c30322a245@group-320CFA3398AE-SegmentedRaftLogWorker] INFO  segmented.SegmentedRaftLogWorker (SegmentedRaftLogWorker.java:run(313)) - 941dd69d-21df-447a-8c50-e4c30322a245@group-320CFA3398AE-SegmentedRaftLogWorker was interrupted, exiting. There are 0 tasks remaining in the queue.
2019-09-26 16:39:18,077 [ForkJoinPool.commonPool-worker-0] INFO  impl.StateMachineUpdater (StateMachineUpdater.java:stopAndJoin(125)) - 178fa167-0d93-4985-b474-3911a0393fb5@group-D88AEF8F9869-StateMachineUpdater: set stopIndex = 0
2019-09-26 16:39:18,077 [main] INFO  segmented.SegmentedRaftLogWorker (SegmentedRaftLogWorker.java:close(228)) - 941dd69d-21df-447a-8c50-e4c30322a245@group-320CFA3398AE-SegmentedRaftLogWorker close()
2019-09-26 16:39:18,077 [Thread-2277] INFO  impl.FollowerState (FollowerState.java:run(115)) - 178fa167-0d93-4985-b474-3911a0393fb5: FollowerState was interrupted: java.lang.InterruptedException: sleep interrupted
2019-09-26 16:39:18,078 [main] INFO  impl.RaftServerImpl (RaftServerImpl.java:lambda$shutdown$3(251)) - 941dd69d-21df-447a-8c50-e4c30322a245@group-DA28203267FB: shutdown
2019-09-26 16:39:18,077 [ForkJoinPool.commonPool-worker-0] INFO  impl.RaftServerImpl (ServerState.java:close(385)) - 178fa167-0d93-4985-b474-3911a0393fb5@group-D88AEF8F9869: closes. applyIndex: 0
2019-09-26 16:39:18,080 [main] INFO  util.JmxRegister (JmxRegister.java:unregister(73)) - Successfully un-registered JMX Bean with object name Ratis:service=RaftServer,group=group-DA28203267FB,id=941dd69d-21df-447a-8c50-e4c30322a245
2019-09-26 16:39:18,081 [178fa167-0d93-4985-b474-3911a0393fb5@group-D88AEF8F9869-SegmentedRaftLogWorker] INFO  segmented.SegmentedRaftLogWorker (SegmentedRaftLogWorker.java:run(313)) - 178fa167-0d93-4985-b474-3911a0393fb5@group-D88AEF8F9869-SegmentedRaftLogWorker was interrupted, exiting. There are 0 tasks remaining in the queue.
2019-09-26 16:39:18,081 [main] INFO  impl.RoleInfo (RoleInfo.java:shutdownLeaderState(104)) - 941dd69d-21df-447a-8c50-e4c30322a245: shutdown LeaderState
2019-09-26 16:39:18,082 [ForkJoinPool.commonPool-worker-0] INFO  segmented.SegmentedRaftLogWorker (SegmentedRaftLogWorker.java:close(228)) - 178fa167-0d93-4985-b474-3911a0393fb5@group-D88AEF8F9869-SegmentedRaftLogWorker close()
2019-09-26 16:39:18,082 [main] INFO  impl.PendingRequests (PendingRequests.java:sendNotLeaderResponses(202)) - 941dd69d-21df-447a-8c50-e4c30322a245-PendingRequests: sendNotLeaderResponses
2019-09-26 16:39:18,083 [ForkJoinPool.commonPool-worker-0] INFO  impl.RaftServerImpl (RaftServerImpl.java:lambda$shutdown$3(251)) - 178fa167-0d93-4985-b474-3911a0393fb5@group-25E34B4FF348: shutdown
2019-09-26 16:39:18,083 [main] INFO  impl.StateMachineUpdater (StateMachineUpdater.java:stopAndJoin(125)) - 941dd69d-21df-447a-8c50-e4c30322a245@group-DA28203267FB-StateMachineUpdater: set stopIndex = 0
2019-09-26 16:39:18,084 [main] INFO  impl.RaftServerImpl (ServerState.java:close(385)) - 941dd69d-21df-447a-8c50-e4c30322a245@group-DA28203267FB: closes. applyIndex: 0
2019-09-26 16:39:18,084 [ForkJoinPool.commonPool-worker-0] INFO  util.JmxRegister (JmxRegister.java:unregister(73)) - Successfully un-registered JMX Bean with object name Ratis:service=RaftServer,group=group-25E34B4FF348,id=178fa167-0d93-4985-b474-3911a0393fb5
2019-09-26 16:39:18,085 [941dd69d-21df-447a-8c50-e4c30322a245@group-DA28203267FB-SegmentedRaftLogWorker] INFO  segmented.SegmentedRaftLogWorker (SegmentedRaftLogWorker.java:run(313)) - 941dd69d-21df-447a-8c50-e4c30322a245@group-DA28203267FB-SegmentedRaftLogWorker was interrupted, exiting. There are 0 tasks remaining in the queue.
2019-09-26 16:39:18,085 [ForkJoinPool.commonPool-worker-0] INFO  impl.RoleInfo (RoleInfo.java:shutdownLeaderState(104)) - 178fa167-0d93-4985-b474-3911a0393fb5: shutdown LeaderState
2019-09-26 16:39:18,086 [main] INFO  segmented.SegmentedRaftLogWorker (SegmentedRaftLogWorker.java:close(228)) - 941dd69d-21df-447a-8c50-e4c30322a245@group-DA28203267FB-SegmentedRaftLogWorker close()
2019-09-26 16:39:18,086 [ForkJoinPool.commonPool-worker-0] INFO  impl.PendingRequests (PendingRequests.java:sendNotLeaderResponses(202)) - 178fa167-0d93-4985-b474-3911a0393fb5-PendingRequests: sendNotLeaderResponses
2019-09-26 16:39:18,087 [main] INFO  server.GrpcService (GrpcService.java:closeImpl(164)) - 941dd69d-21df-447a-8c50-e4c30322a245: shutdown server with port 46308 now
2019-09-26 16:39:18,087 [ForkJoinPool.commonPool-worker-0] INFO  impl.StateMachineUpdater (StateMachineUpdater.java:stopAndJoin(125)) - 178fa167-0d93-4985-b474-3911a0393fb5@group-25E34B4FF348-StateMachineUpdater: set stopIndex = 0
2019-09-26 16:39:18,094 [ForkJoinPool.commonPool-worker-0] INFO  impl.RaftServerImpl (ServerState.java:close(385)) - 178fa167-0d93-4985-b474-3911a0393fb5@group-25E34B4FF348: closes. applyIndex: 0
2019-09-26 16:39:18,094 [main] INFO  server.GrpcService (GrpcService.java:closeImpl(172)) - 941dd69d-21df-447a-8c50-e4c30322a245: shutdown server with port 46308 successfully
2019-09-26 16:39:18,095 [178fa167-0d93-4985-b474-3911a0393fb5@group-25E34B4FF348-SegmentedRaftLogWorker] INFO  segmented.SegmentedRaftLogWorker (SegmentedRaftLogWorker.java:run(313)) - 178fa167-0d93-4985-b474-3911a0393fb5@group-25E34B4FF348-SegmentedRaftLogWorker was interrupted, exiting. There are 0 tasks remaining in the queue.
2019-09-26 16:39:18,095 [ForkJoinPool.commonPool-worker-0] INFO  segmented.SegmentedRaftLogWorker (SegmentedRaftLogWorker.java:close(228)) - 178fa167-0d93-4985-b474-3911a0393fb5@group-25E34B4FF348-SegmentedRaftLogWorker close()
2019-09-26 16:39:18,096 [ForkJoinPool.commonPool-worker-0] INFO  server.GrpcService (GrpcService.java:closeImpl(164)) - 178fa167-0d93-4985-b474-3911a0393fb5: shutdown server with port 36864 now
2019-09-26 16:39:18,097 [grpc-default-executor-6] WARN  server.GrpcServerProtocolService (LogUtils.java:warn(134)) - 178fa167-0d93-4985-b474-3911a0393fb5: installSnapshot onError, lastRequest: 7c636cf6-abb1-48a1-8471-c57ff8076954->178fa167-0d93-4985-b474-3911a0393fb5#260-t1, previous=(t:1, i:0), leaderCommit=0, initializing? false, entries: <empty>: org.apache.ratis.thirdparty.io.grpc.StatusRuntimeException: CANCELLED: cancelled before receiving half close
2019-09-26 16:39:18,097 [ForkJoinPool.commonPool-worker-0] INFO  server.GrpcService (GrpcService.java:closeImpl(172)) - 178fa167-0d93-4985-b474-3911a0393fb5: shutdown server with port 36864 successfully
2019-09-26 16:39:18,098 [grpc-default-executor-8] WARN  server.GrpcLogAppender (LogUtils.java:warn(134)) - 7c636cf6-abb1-48a1-8471-c57ff8076954@group-D88AEF8F9869->178fa167-0d93-4985-b474-3911a0393fb5-AppendLogResponseHandler: Failed appendEntries: org.apache.ratis.thirdparty.io.grpc.StatusRuntimeException: CANCELLED: HTTP/2 error code: CANCEL
Received Rst Stream
2019-09-26 16:39:18,099 [grpc-default-executor-8] INFO  impl.FollowerInfo (FollowerInfo.java:lambda$new$0(51)) - 7c636cf6-abb1-48a1-8471-c57ff8076954@group-D88AEF8F9869->178fa167-0d93-4985-b474-3911a0393fb5: nextIndex: updateUnconditionally 1 -> 0
2019-09-26 16:39:18,101 [refreshUsed-/workdir/hadoop-ozone/integration-test/target/test-dir/MiniOzoneClusterImpl-521d4657-8b90-42e2-88d0-1dd80c8159cc/datanode-9/data/containers] WARN  fs.CachingGetSpaceUsed (CachingGetSpaceUsed.java:run(183)) - Thread Interrupted waiting to refresh disk information: sleep interrupted
2019-09-26 16:39:18,106 [refreshUsed-/workdir/hadoop-ozone/integration-test/target/test-dir/MiniOzoneClusterImpl-521d4657-8b90-42e2-88d0-1dd80c8159cc/datanode-0/data/containers] WARN  fs.CachingGetSpaceUsed (CachingGetSpaceUsed.java:run(183)) - Thread Interrupted waiting to refresh disk information: sleep interrupted
2019-09-26 16:39:18,116 [main] INFO  utils.BackgroundService (BackgroundService.java:shutdown(148)) - Shutting down service BlockDeletingService
2019-09-26 16:39:18,121 [main] INFO  statemachine.DatanodeStateMachine (DatanodeStateMachine.java:stopDaemon(395)) - Ozone container server stopped.
2019-09-26 16:39:18,122 [main] INFO  handler.ContextHandler (ContextHandler.java:doStop(910)) - Stopped o.e.j.w.WebAppContext@41fa769c{/,null,UNAVAILABLE}{/hddsDatanode}
2019-09-26 16:39:18,123 [main] INFO  server.AbstractConnector (AbstractConnector.java:doStop(318)) - Stopped ServerConnector@40113163{HTTP/1.1,[http/1.1]}{0.0.0.0:0}
2019-09-26 16:39:18,123 [main] INFO  handler.ContextHandler (ContextHandler.java:doStop(910)) - Stopped o.e.j.s.ServletContextHandler@416d56f2{/static,jar:file:/home/user/.m2/repository/org/apache/hadoop/hadoop-hdds-container-service/0.5.0-SNAPSHOT/hadoop-hdds-container-service-0.5.0-SNAPSHOT.jar!/webapps/static,UNAVAILABLE}
2019-09-26 16:39:18,124 [ForkJoinPool.commonPool-worker-0] INFO  utils.BackgroundService (BackgroundService.java:shutdown(148)) - Shutting down service BlockDeletingService
2019-09-26 16:39:18,124 [main] INFO  handler.ContextHandler (ContextHandler.java:doStop(910)) - Stopped o.e.j.s.ServletContextHandler@2eda072{/logs,file:///workdir/hadoop-ozone/integration-test/target/log,UNAVAILABLE}
2019-09-26 16:39:18,131 [ForkJoinPool.commonPool-worker-0] INFO  statemachine.DatanodeStateMachine (DatanodeStateMachine.java:stopDaemon(395)) - Ozone container server stopped.
2019-09-26 16:39:18,134 [ForkJoinPool.commonPool-worker-0] INFO  handler.ContextHandler (ContextHandler.java:doStop(910)) - Stopped o.e.j.w.WebAppContext@465b38e6{/,null,UNAVAILABLE}{/hddsDatanode}
2019-09-26 16:39:18,134 [ForkJoinPool.commonPool-worker-0] INFO  server.AbstractConnector (AbstractConnector.java:doStop(318)) - Stopped ServerConnector@4b960b5b{HTTP/1.1,[http/1.1]}{0.0.0.0:0}
2019-09-26 16:39:18,135 [ForkJoinPool.commonPool-worker-0] INFO  handler.ContextHandler (ContextHandler.java:doStop(910)) - Stopped o.e.j.s.ServletContextHandler@37e69c43{/static,jar:file:/home/user/.m2/repository/org/apache/hadoop/hadoop-hdds-container-service/0.5.0-SNAPSHOT/hadoop-hdds-container-service-0.5.0-SNAPSHOT.jar!/webapps/static,UNAVAILABLE}
2019-09-26 16:39:18,135 [ForkJoinPool.commonPool-worker-0] INFO  handler.ContextHandler (ContextHandler.java:doStop(910)) - Stopped o.e.j.s.ServletContextHandler@f5cf29b{/logs,file:///workdir/hadoop-ozone/integration-test/target/log,UNAVAILABLE}
2019-09-26 16:39:18,371 [Datanode State Machine Thread - 0] INFO  statemachine.DatanodeStateMachine (DatanodeStateMachine.java:lambda$startDaemon$0(350)) - Ozone container server started.
2019-09-26 16:39:18,507 [grpc-default-executor-7] WARN  server.GrpcLogAppender (LogUtils.java:warn(134)) - 7c636cf6-abb1-48a1-8471-c57ff8076954@group-D88AEF8F9869->6e9598b6-9dc4-49c9-af23-0bbf4a4b345a-AppendLogResponseHandler: Failed appendEntries: org.apache.ratis.thirdparty.io.grpc.StatusRuntimeException: UNAVAILABLE: io exception
2019-09-26 16:39:18,507 [grpc-default-executor-5] WARN  server.GrpcLogAppender (LogUtils.java:warn(134)) - 23db1bd7-0ec3-4d63-b495-756f3d5b5fb7@group-D3771522134E->96614e23-b56d-471a-9cd7-6076bc1c8933-AppendLogResponseHandler: Failed appendEntries: org.apache.ratis.thirdparty.io.grpc.StatusRuntimeException: UNAVAILABLE: io exception
2019-09-26 16:39:18,507 [grpc-default-executor-2] WARN  server.GrpcLogAppender (LogUtils.java:warn(134)) - 23db1bd7-0ec3-4d63-b495-756f3d5b5fb7@group-D3771522134E->dc4ec581-df22-4026-9c78-08ca65e450b7-AppendLogResponseHandler: Failed appendEntries: org.apache.ratis.thirdparty.io.grpc.StatusRuntimeException: UNAVAILABLE: io exception
2019-09-26 16:39:18,508 [grpc-default-executor-5] INFO  impl.FollowerInfo (FollowerInfo.java:lambda$new$0(51)) - 23db1bd7-0ec3-4d63-b495-756f3d5b5fb7@group-D3771522134E->96614e23-b56d-471a-9cd7-6076bc1c8933: nextIndex: updateUnconditionally 0 -> 0
2019-09-26 16:39:18,508 [grpc-default-executor-7] INFO  impl.FollowerInfo (FollowerInfo.java:lambda$new$0(51)) - 7c636cf6-abb1-48a1-8471-c57ff8076954@group-D88AEF8F9869->6e9598b6-9dc4-49c9-af23-0bbf4a4b345a: nextIndex: updateUnconditionally 0 -> 0
2019-09-26 16:39:18,508 [grpc-default-executor-2] INFO  impl.FollowerInfo (FollowerInfo.java:lambda$new$0(51)) - 23db1bd7-0ec3-4d63-b495-756f3d5b5fb7@group-D3771522134E->dc4ec581-df22-4026-9c78-08ca65e450b7: nextIndex: updateUnconditionally 0 -> 0
2019-09-26 16:39:18,515 [grpc-default-executor-5] WARN  server.GrpcLogAppender (LogUtils.java:warn(134)) - 7c636cf6-abb1-48a1-8471-c57ff8076954@group-D88AEF8F9869->178fa167-0d93-4985-b474-3911a0393fb5-AppendLogResponseHandler: Failed appendEntries: org.apache.ratis.thirdparty.io.grpc.StatusRuntimeException: UNAVAILABLE: io exception
2019-09-26 16:39:18,516 [grpc-default-executor-5] INFO  impl.FollowerInfo (FollowerInfo.java:lambda$new$0(51)) - 7c636cf6-abb1-48a1-8471-c57ff8076954@group-D88AEF8F9869->178fa167-0d93-4985-b474-3911a0393fb5: nextIndex: updateUnconditionally 0 -> 0
2019-09-26 16:39:18,995 [Datanode State Machine Thread - 0] INFO  statemachine.DatanodeStateMachine (DatanodeStateMachine.java:lambda$startDaemon$0(350)) - Ozone container server started.
2019-09-26 16:39:19,008 [grpc-default-executor-1] WARN  server.GrpcLogAppender (LogUtils.java:warn(134)) - 23db1bd7-0ec3-4d63-b495-756f3d5b5fb7@group-D3771522134E->96614e23-b56d-471a-9cd7-6076bc1c8933-AppendLogResponseHandler: Failed appendEntries: org.apache.ratis.thirdparty.io.grpc.StatusRuntimeException: UNAVAILABLE: io exception
2019-09-26 16:39:19,008 [grpc-default-executor-2] WARN  server.GrpcLogAppender (LogUtils.java:warn(134)) - 7c636cf6-abb1-48a1-8471-c57ff8076954@group-D88AEF8F9869->6e9598b6-9dc4-49c9-af23-0bbf4a4b345a-AppendLogResponseHandler: Failed appendEntries: org.apache.ratis.thirdparty.io.grpc.StatusRuntimeException: UNAVAILABLE: io exception
2019-09-26 16:39:19,009 [grpc-default-executor-1] INFO  impl.FollowerInfo (FollowerInfo.java:lambda$new$0(51)) - 23db1bd7-0ec3-4d63-b495-756f3d5b5fb7@group-D3771522134E->96614e23-b56d-471a-9cd7-6076bc1c8933: nextIndex: updateUnconditionally 0 -> 0
2019-09-26 16:39:19,009 [grpc-default-executor-7] WARN  server.GrpcLogAppender (LogUtils.java:warn(134)) - 23db1bd7-0ec3-4d63-b495-756f3d5b5fb7@group-D3771522134E->dc4ec581-df22-4026-9c78-08ca65e450b7-AppendLogResponseHandler: Failed appendEntries: org.apache.ratis.thirdparty.io.grpc.StatusRuntimeException: UNAVAILABLE: io exception
2019-09-26 16:39:19,009 [grpc-default-executor-2] INFO  impl.FollowerInfo (FollowerInfo.java:lambda$new$0(51)) - 7c636cf6-abb1-48a1-8471-c57ff8076954@group-D88AEF8F9869->6e9598b6-9dc4-49c9-af23-0bbf4a4b345a: nextIndex: updateUnconditionally 0 -> 0
2019-09-26 16:39:19,009 [grpc-default-executor-7] INFO  impl.FollowerInfo (FollowerInfo.java:lambda$new$0(51)) - 23db1bd7-0ec3-4d63-b495-756f3d5b5fb7@group-D3771522134E->dc4ec581-df22-4026-9c78-08ca65e450b7: nextIndex: updateUnconditionally 0 -> 0
2019-09-26 16:39:19,016 [grpc-default-executor-1] WARN  server.GrpcLogAppender (LogUtils.java:warn(134)) - 7c636cf6-abb1-48a1-8471-c57ff8076954@group-D88AEF8F9869->178fa167-0d93-4985-b474-3911a0393fb5-AppendLogResponseHandler: Failed appendEntries: org.apache.ratis.thirdparty.io.grpc.StatusRuntimeException: UNAVAILABLE: io exception
2019-09-26 16:39:19,016 [grpc-default-executor-1] INFO  impl.FollowerInfo (FollowerInfo.java:lambda$new$0(51)) - 7c636cf6-abb1-48a1-8471-c57ff8076954@group-D88AEF8F9869->178fa167-0d93-4985-b474-3911a0393fb5: nextIndex: updateUnconditionally 0 -> 0
2019-09-26 16:39:19,509 [grpc-default-executor-7] WARN  server.GrpcLogAppender (LogUtils.java:warn(134)) - 7c636cf6-abb1-48a1-8471-c57ff8076954@group-D88AEF8F9869->6e9598b6-9dc4-49c9-af23-0bbf4a4b345a-AppendLogResponseHandler: Failed appendEntries: org.apache.ratis.thirdparty.io.grpc.StatusRuntimeException: UNAVAILABLE: io exception
2019-09-26 16:39:19,509 [grpc-default-executor-2] WARN  server.GrpcLogAppender (LogUtils.java:warn(134)) - 23db1bd7-0ec3-4d63-b495-756f3d5b5fb7@group-D3771522134E->dc4ec581-df22-4026-9c78-08ca65e450b7-AppendLogResponseHandler: Failed appendEntries: org.apache.ratis.thirdparty.io.grpc.StatusRuntimeException: UNAVAILABLE: io exception
2019-09-26 16:39:19,509 [grpc-default-executor-5] WARN  server.GrpcLogAppender (LogUtils.java:warn(134)) - 23db1bd7-0ec3-4d63-b495-756f3d5b5fb7@group-D3771522134E->96614e23-b56d-471a-9cd7-6076bc1c8933-AppendLogResponseHandler: Failed appendEntries: org.apache.ratis.thirdparty.io.grpc.StatusRuntimeException: UNAVAILABLE: io exception
2019-09-26 16:39:19,510 [grpc-default-executor-2] INFO  impl.FollowerInfo (FollowerInfo.java:lambda$new$0(51)) - 23db1bd7-0ec3-4d63-b495-756f3d5b5fb7@group-D3771522134E->dc4ec581-df22-4026-9c78-08ca65e450b7: nextIndex: updateUnconditionally 0 -> 0
2019-09-26 16:39:19,509 [grpc-default-executor-7] INFO  impl.FollowerInfo (FollowerInfo.java:lambda$new$0(51)) - 7c636cf6-abb1-48a1-8471-c57ff8076954@group-D88AEF8F9869->6e9598b6-9dc4-49c9-af23-0bbf4a4b345a: nextIndex: updateUnconditionally 0 -> 0
2019-09-26 16:39:19,510 [grpc-default-executor-5] INFO  impl.FollowerInfo (FollowerInfo.java:lambda$new$0(51)) - 23db1bd7-0ec3-4d63-b495-756f3d5b5fb7@group-D3771522134E->96614e23-b56d-471a-9cd7-6076bc1c8933: nextIndex: updateUnconditionally 0 -> 0
2019-09-26 16:39:19,516 [grpc-default-executor-2] WARN  server.GrpcLogAppender (LogUtils.java:warn(134)) - 7c636cf6-abb1-48a1-8471-c57ff8076954@group-D88AEF8F9869->178fa167-0d93-4985-b474-3911a0393fb5-AppendLogResponseHandler: Failed appendEntries: org.apache.ratis.thirdparty.io.grpc.StatusRuntimeException: UNAVAILABLE: io exception
2019-09-26 16:39:19,517 [grpc-default-executor-2] INFO  impl.FollowerInfo (FollowerInfo.java:lambda$new$0(51)) - 7c636cf6-abb1-48a1-8471-c57ff8076954@group-D88AEF8F9869->178fa167-0d93-4985-b474-3911a0393fb5: nextIndex: updateUnconditionally 0 -> 0
2019-09-26 16:39:20,010 [grpc-default-executor-7] WARN  server.GrpcLogAppender (LogUtils.java:warn(134)) - 23db1bd7-0ec3-4d63-b495-756f3d5b5fb7@group-D3771522134E->dc4ec581-df22-4026-9c78-08ca65e450b7-AppendLogResponseHandler: Failed appendEntries: org.apache.ratis.thirdparty.io.grpc.StatusRuntimeException: UNAVAILABLE: io exception
2019-09-26 16:39:20,010 [grpc-default-executor-6] WARN  server.GrpcLogAppender (LogUtils.java:warn(134)) - 23db1bd7-0ec3-4d63-b495-756f3d5b5fb7@group-D3771522134E->96614e23-b56d-471a-9cd7-6076bc1c8933-AppendLogResponseHandler: Failed appendEntries: org.apache.ratis.thirdparty.io.grpc.StatusRuntimeException: UNAVAILABLE: io exception
2019-09-26 16:39:20,010 [grpc-default-executor-8] WARN  server.GrpcLogAppender (LogUtils.java:warn(134)) - 7c636cf6-abb1-48a1-8471-c57ff8076954@group-D88AEF8F9869->6e9598b6-9dc4-49c9-af23-0bbf4a4b345a-AppendLogResponseHandler: Failed appendEntries: org.apache.ratis.thirdparty.io.grpc.StatusRuntimeException: UNAVAILABLE: io exception
2019-09-26 16:39:20,011 [grpc-default-executor-6] INFO  impl.FollowerInfo (FollowerInfo.java:lambda$new$0(51)) - 23db1bd7-0ec3-4d63-b495-756f3d5b5fb7@group-D3771522134E->96614e23-b56d-471a-9cd7-6076bc1c8933: nextIndex: updateUnconditionally 0 -> 0
2019-09-26 16:39:20,011 [grpc-default-executor-7] INFO  impl.FollowerInfo (FollowerInfo.java:lambda$new$0(51)) - 23db1bd7-0ec3-4d63-b495-756f3d5b5fb7@group-D3771522134E->dc4ec581-df22-4026-9c78-08ca65e450b7: nextIndex: updateUnconditionally 0 -> 0
2019-09-26 16:39:20,011 [grpc-default-executor-8] INFO  impl.FollowerInfo (FollowerInfo.java:lambda$new$0(51)) - 7c636cf6-abb1-48a1-8471-c57ff8076954@group-D88AEF8F9869->6e9598b6-9dc4-49c9-af23-0bbf4a4b345a: nextIndex: updateUnconditionally 0 -> 0
2019-09-26 16:39:20,017 [grpc-default-executor-8] WARN  server.GrpcLogAppender (LogUtils.java:warn(134)) - 7c636cf6-abb1-48a1-8471-c57ff8076954@group-D88AEF8F9869->178fa167-0d93-4985-b474-3911a0393fb5-AppendLogResponseHandler: Failed appendEntries: org.apache.ratis.thirdparty.io.grpc.StatusRuntimeException: UNAVAILABLE: io exception
2019-09-26 16:39:20,017 [grpc-default-executor-8] INFO  impl.FollowerInfo (FollowerInfo.java:lambda$new$0(51)) - 7c636cf6-abb1-48a1-8471-c57ff8076954@group-D88AEF8F9869->178fa167-0d93-4985-b474-3911a0393fb5: nextIndex: updateUnconditionally 0 -> 0
2019-09-26 16:39:20,510 [grpc-default-executor-7] WARN  server.GrpcLogAppender (LogUtils.java:warn(134)) - 23db1bd7-0ec3-4d63-b495-756f3d5b5fb7@group-D3771522134E->dc4ec581-df22-4026-9c78-08ca65e450b7-AppendLogResponseHandler: Failed appendEntries: org.apache.ratis.thirdparty.io.grpc.StatusRuntimeException: UNAVAILABLE: io exception
2019-09-26 16:39:20,511 [grpc-default-executor-5] WARN  server.GrpcLogAppender (LogUtils.java:warn(134)) - 7c636cf6-abb1-48a1-8471-c57ff8076954@group-D88AEF8F9869->6e9598b6-9dc4-49c9-af23-0bbf4a4b345a-AppendLogResponseHandler: Failed appendEntries: org.apache.ratis.thirdparty.io.grpc.StatusRuntimeException: UNAVAILABLE: io exception
2019-09-26 16:39:20,511 [grpc-default-executor-7] INFO  impl.FollowerInfo (FollowerInfo.java:lambda$new$0(51)) - 23db1bd7-0ec3-4d63-b495-756f3d5b5fb7@group-D3771522134E->dc4ec581-df22-4026-9c78-08ca65e450b7: nextIndex: updateUnconditionally 0 -> 0
2019-09-26 16:39:20,510 [grpc-default-executor-6] WARN  server.GrpcLogAppender (LogUtils.java:warn(134)) - 23db1bd7-0ec3-4d63-b495-756f3d5b5fb7@group-D3771522134E->96614e23-b56d-471a-9cd7-6076bc1c8933-AppendLogResponseHandler: Failed appendEntries: org.apache.ratis.thirdparty.io.grpc.StatusRuntimeException: UNAVAILABLE: io exception
2019-09-26 16:39:20,511 [grpc-default-executor-5] INFO  impl.FollowerInfo (FollowerInfo.java:lambda$new$0(51)) - 7c636cf6-abb1-48a1-8471-c57ff8076954@group-D88AEF8F9869->6e9598b6-9dc4-49c9-af23-0bbf4a4b345a: nextIndex: updateUnconditionally 0 -> 0
2019-09-26 16:39:20,512 [grpc-default-executor-6] INFO  impl.FollowerInfo (FollowerInfo.java:lambda$new$0(51)) - 23db1bd7-0ec3-4d63-b495-756f3d5b5fb7@group-D3771522134E->96614e23-b56d-471a-9cd7-6076bc1c8933: nextIndex: updateUnconditionally 0 -> 0
2019-09-26 16:39:20,518 [grpc-default-executor-7] WARN  server.GrpcLogAppender (LogUtils.java:warn(134)) - 7c636cf6-abb1-48a1-8471-c57ff8076954@group-D88AEF8F9869->178fa167-0d93-4985-b474-3911a0393fb5-AppendLogResponseHandler: Failed appendEntries: org.apache.ratis.thirdparty.io.grpc.StatusRuntimeException: UNAVAILABLE: io exception
2019-09-26 16:39:20,518 [grpc-default-executor-7] INFO  impl.FollowerInfo (FollowerInfo.java:lambda$new$0(51)) - 7c636cf6-abb1-48a1-8471-c57ff8076954@group-D88AEF8F9869->178fa167-0d93-4985-b474-3911a0393fb5: nextIndex: updateUnconditionally 0 -> 0
2019-09-26 16:39:21,011 [grpc-default-executor-7] WARN  server.GrpcLogAppender (LogUtils.java:warn(134)) - 23db1bd7-0ec3-4d63-b495-756f3d5b5fb7@group-D3771522134E->dc4ec581-df22-4026-9c78-08ca65e450b7-AppendLogResponseHandler: Failed appendEntries: org.apache.ratis.thirdparty.io.grpc.StatusRuntimeException: UNAVAILABLE: io exception
2019-09-26 16:39:21,011 [grpc-default-executor-6] WARN  server.GrpcLogAppender (LogUtils.java:warn(134)) - 7c636cf6-abb1-48a1-8471-c57ff8076954@group-D88AEF8F9869->6e9598b6-9dc4-49c9-af23-0bbf4a4b345a-AppendLogResponseHandler: Failed appendEntries: org.apache.ratis.thirdparty.io.grpc.StatusRuntimeException: UNAVAILABLE: io exception
2019-09-26 16:39:21,011 [grpc-default-executor-8] WARN  server.GrpcLogAppender (LogUtils.java:warn(134)) - 23db1bd7-0ec3-4d63-b495-756f3d5b5fb7@group-D3771522134E->96614e23-b56d-471a-9cd7-6076bc1c8933-AppendLogResponseHandler: Failed appendEntries: org.apache.ratis.thirdparty.io.grpc.StatusRuntimeException: UNAVAILABLE: io exception
2019-09-26 16:39:21,011 [grpc-default-executor-6] INFO  impl.FollowerInfo (FollowerInfo.java:lambda$new$0(51)) - 7c636cf6-abb1-48a1-8471-c57ff8076954@group-D88AEF8F9869->6e9598b6-9dc4-49c9-af23-0bbf4a4b345a: nextIndex: updateUnconditionally 0 -> 0
2019-09-26 16:39:21,011 [grpc-default-executor-7] INFO  impl.FollowerInfo (FollowerInfo.java:lambda$new$0(51)) - 23db1bd7-0ec3-4d63-b495-756f3d5b5fb7@group-D3771522134E->dc4ec581-df22-4026-9c78-08ca65e450b7: nextIndex: updateUnconditionally 0 -> 0
2019-09-26 16:39:21,012 [grpc-default-executor-8] INFO  impl.FollowerInfo (FollowerInfo.java:lambda$new$0(51)) - 23db1bd7-0ec3-4d63-b495-756f3d5b5fb7@group-D3771522134E->96614e23-b56d-471a-9cd7-6076bc1c8933: nextIndex: updateUnconditionally 0 -> 0
2019-09-26 16:39:21,018 [grpc-default-executor-8] WARN  server.GrpcLogAppender (LogUtils.java:warn(134)) - 7c636cf6-abb1-48a1-8471-c57ff8076954@group-D88AEF8F9869->178fa167-0d93-4985-b474-3911a0393fb5-AppendLogResponseHandler: Failed appendEntries: org.apache.ratis.thirdparty.io.grpc.StatusRuntimeException: UNAVAILABLE: io exception
2019-09-26 16:39:21,018 [grpc-default-executor-8] INFO  impl.FollowerInfo (FollowerInfo.java:lambda$new$0(51)) - 7c636cf6-abb1-48a1-8471-c57ff8076954@group-D88AEF8F9869->178fa167-0d93-4985-b474-3911a0393fb5: nextIndex: updateUnconditionally 0 -> 0
2019-09-26 16:39:21,512 [grpc-default-executor-6] WARN  server.GrpcLogAppender (LogUtils.java:warn(134)) - 23db1bd7-0ec3-4d63-b495-756f3d5b5fb7@group-D3771522134E->96614e23-b56d-471a-9cd7-6076bc1c8933-AppendLogResponseHandler: Failed appendEntries: org.apache.ratis.thirdparty.io.grpc.StatusRuntimeException: UNAVAILABLE: io exception
2019-09-26 16:39:21,512 [grpc-default-executor-5] WARN  server.GrpcLogAppender (LogUtils.java:warn(134)) - 7c636cf6-abb1-48a1-8471-c57ff8076954@group-D88AEF8F9869->6e9598b6-9dc4-49c9-af23-0bbf4a4b345a-AppendLogResponseHandler: Failed appendEntries: org.apache.ratis.thirdparty.io.grpc.StatusRuntimeException: UNAVAILABLE: io exception
2019-09-26 16:39:21,512 [grpc-default-executor-7] WARN  server.GrpcLogAppender (LogUtils.java:warn(134)) - 23db1bd7-0ec3-4d63-b495-756f3d5b5fb7@group-D3771522134E->dc4ec581-df22-4026-9c78-08ca65e450b7-AppendLogResponseHandler: Failed appendEntries: org.apache.ratis.thirdparty.io.grpc.StatusRuntimeException: UNAVAILABLE: io exception
2019-09-26 16:39:21,513 [grpc-default-executor-5] INFO  impl.FollowerInfo (FollowerInfo.java:lambda$new$0(51)) - 7c636cf6-abb1-48a1-8471-c57ff8076954@group-D88AEF8F9869->6e9598b6-9dc4-49c9-af23-0bbf4a4b345a: nextIndex: updateUnconditionally 0 -> 0
2019-09-26 16:39:21,513 [grpc-default-executor-6] INFO  impl.FollowerInfo (FollowerInfo.java:lambda$new$0(51)) - 23db1bd7-0ec3-4d63-b495-756f3d5b5fb7@group-D3771522134E->96614e23-b56d-471a-9cd7-6076bc1c8933: nextIndex: updateUnconditionally 0 -> 0
2019-09-26 16:39:21,514 [grpc-default-executor-7] INFO  impl.FollowerInfo (FollowerInfo.java:lambda$new$0(51)) - 23db1bd7-0ec3-4d63-b495-756f3d5b5fb7@group-D3771522134E->dc4ec581-df22-4026-9c78-08ca65e450b7: nextIndex: updateUnconditionally 0 -> 0
2019-09-26 16:39:21,519 [grpc-default-executor-5] WARN  server.GrpcLogAppender (LogUtils.java:warn(134)) - 7c636cf6-abb1-48a1-8471-c57ff8076954@group-D88AEF8F9869->178fa167-0d93-4985-b474-3911a0393fb5-AppendLogResponseHandler: Failed appendEntries: org.apache.ratis.thirdparty.io.grpc.StatusRuntimeException: UNAVAILABLE: io exception
2019-09-26 16:39:21,519 [grpc-default-executor-5] INFO  impl.FollowerInfo (FollowerInfo.java:lambda$new$0(51)) - 7c636cf6-abb1-48a1-8471-c57ff8076954@group-D88AEF8F9869->178fa167-0d93-4985-b474-3911a0393fb5: nextIndex: updateUnconditionally 0 -> 0
2019-09-26 16:39:22,013 [grpc-default-executor-6] WARN  server.GrpcLogAppender (LogUtils.java:warn(134)) - 23db1bd7-0ec3-4d63-b495-756f3d5b5fb7@group-D3771522134E->dc4ec581-df22-4026-9c78-08ca65e450b7-AppendLogResponseHandler: Failed appendEntries: org.apache.ratis.thirdparty.io.grpc.StatusRuntimeException: UNAVAILABLE: io exception
2019-09-26 16:39:22,013 [grpc-default-executor-8] WARN  server.GrpcLogAppender (LogUtils.java:warn(134)) - 23db1bd7-0ec3-4d63-b495-756f3d5b5fb7@group-D3771522134E->96614e23-b56d-471a-9cd7-6076bc1c8933-AppendLogResponseHandler: Failed appendEntries: org.apache.ratis.thirdparty.io.grpc.StatusRuntimeException: UNAVAILABLE: io exception
2019-09-26 16:39:22,013 [grpc-default-executor-5] WARN  server.GrpcLogAppender (LogUtils.java:warn(134)) - 7c636cf6-abb1-48a1-8471-c57ff8076954@group-D88AEF8F9869->6e9598b6-9dc4-49c9-af23-0bbf4a4b345a-AppendLogResponseHandler: Failed appendEntries: org.apache.ratis.thirdparty.io.grpc.StatusRuntimeException: UNAVAILABLE: io exception
2019-09-26 16:39:22,014 [grpc-default-executor-8] INFO  impl.FollowerInfo (FollowerInfo.java:lambda$new$0(51)) - 23db1bd7-0ec3-4d63-b495-756f3d5b5fb7@group-D3771522134E->96614e23-b56d-471a-9cd7-6076bc1c8933: nextIndex: updateUnconditionally 0 -> 0
2019-09-26 16:39:22,014 [grpc-default-executor-6] INFO  impl.FollowerInfo (FollowerInfo.java:lambda$new$0(51)) - 23db1bd7-0ec3-4d63-b495-756f3d5b5fb7@group-D3771522134E->dc4ec581-df22-4026-9c78-08ca65e450b7: nextIndex: updateUnconditionally 0 -> 0
2019-09-26 16:39:22,014 [grpc-default-executor-5] INFO  impl.FollowerInfo (FollowerInfo.java:lambda$new$0(51)) - 7c636cf6-abb1-48a1-8471-c57ff8076954@group-D88AEF8F9869->6e9598b6-9dc4-49c9-af23-0bbf4a4b345a: nextIndex: updateUnconditionally 0 -> 0
2019-09-26 16:39:22,019 [grpc-default-executor-5] WARN  server.GrpcLogAppender (LogUtils.java:warn(134)) - 7c636cf6-abb1-48a1-8471-c57ff8076954@group-D88AEF8F9869->178fa167-0d93-4985-b474-3911a0393fb5-AppendLogResponseHandler: Failed appendEntries: org.apache.ratis.thirdparty.io.grpc.StatusRuntimeException: UNAVAILABLE: io exception
2019-09-26 16:39:22,019 [grpc-default-executor-5] INFO  impl.FollowerInfo (FollowerInfo.java:lambda$new$0(51)) - 7c636cf6-abb1-48a1-8471-c57ff8076954@group-D88AEF8F9869->178fa167-0d93-4985-b474-3911a0393fb5: nextIndex: updateUnconditionally 0 -> 0
2019-09-26 16:39:22,514 [grpc-default-executor-8] WARN  server.GrpcLogAppender (LogUtils.java:warn(134)) - 23db1bd7-0ec3-4d63-b495-756f3d5b5fb7@group-D3771522134E->96614e23-b56d-471a-9cd7-6076bc1c8933-AppendLogResponseHandler: Failed appendEntries: org.apache.ratis.thirdparty.io.grpc.StatusRuntimeException: UNAVAILABLE: io exception
2019-09-26 16:39:22,514 [grpc-default-executor-6] WARN  server.GrpcLogAppender (LogUtils.java:warn(134)) - 7c636cf6-abb1-48a1-8471-c57ff8076954@group-D88AEF8F9869->6e9598b6-9dc4-49c9-af23-0bbf4a4b345a-AppendLogResponseHandler: Failed appendEntries: org.apache.ratis.thirdparty.io.grpc.StatusRuntimeException: UNAVAILABLE: io exception
2019-09-26 16:39:22,514 [grpc-default-executor-1] WARN  server.GrpcLogAppender (LogUtils.java:warn(134)) - 23db1bd7-0ec3-4d63-b495-756f3d5b5fb7@group-D3771522134E->dc4ec581-df22-4026-9c78-08ca65e450b7-AppendLogResponseHandler: Failed appendEntries: org.apache.ratis.thirdparty.io.grpc.StatusRuntimeException: UNAVAILABLE: io exception
2019-09-26 16:39:22,515 [grpc-default-executor-6] INFO  impl.FollowerInfo (FollowerInfo.java:lambda$new$0(51)) - 7c636cf6-abb1-48a1-8471-c57ff8076954@group-D88AEF8F9869->6e9598b6-9dc4-49c9-af23-0bbf4a4b345a: nextIndex: updateUnconditionally 0 -> 0
2019-09-26 16:39:22,515 [grpc-default-executor-8] INFO  impl.FollowerInfo (FollowerInfo.java:lambda$new$0(51)) - 23db1bd7-0ec3-4d63-b495-756f3d5b5fb7@group-D3771522134E->96614e23-b56d-471a-9cd7-6076bc1c8933: nextIndex: updateUnconditionally 0 -> 0
2019-09-26 16:39:22,515 [grpc-default-executor-1] INFO  impl.FollowerInfo (FollowerInfo.java:lambda$new$0(51)) - 23db1bd7-0ec3-4d63-b495-756f3d5b5fb7@group-D3771522134E->dc4ec581-df22-4026-9c78-08ca65e450b7: nextIndex: updateUnconditionally 0 -> 0
2019-09-26 16:39:22,520 [grpc-default-executor-1] WARN  server.GrpcLogAppender (LogUtils.java:warn(134)) - 7c636cf6-abb1-48a1-8471-c57ff8076954@group-D88AEF8F9869->178fa167-0d93-4985-b474-3911a0393fb5-AppendLogResponseHandler: Failed appendEntries: org.apache.ratis.thirdparty.io.grpc.StatusRuntimeException: UNAVAILABLE: io exception
2019-09-26 16:39:22,520 [grpc-default-executor-1] INFO  impl.FollowerInfo (FollowerInfo.java:lambda$new$0(51)) - 7c636cf6-abb1-48a1-8471-c57ff8076954@group-D88AEF8F9869->178fa167-0d93-4985-b474-3911a0393fb5: nextIndex: updateUnconditionally 0 -> 0
2019-09-26 16:39:23,015 [grpc-default-executor-5] WARN  server.GrpcLogAppender (LogUtils.java:warn(134)) - 23db1bd7-0ec3-4d63-b495-756f3d5b5fb7@group-D3771522134E->96614e23-b56d-471a-9cd7-6076bc1c8933-AppendLogResponseHandler: Failed appendEntries: org.apache.ratis.thirdparty.io.grpc.StatusRuntimeException: UNAVAILABLE: io exception
2019-09-26 16:39:23,015 [grpc-default-executor-8] WARN  server.GrpcLogAppender (LogUtils.java:warn(134)) - 23db1bd7-0ec3-4d63-b495-756f3d5b5fb7@group-D3771522134E->dc4ec581-df22-4026-9c78-08ca65e450b7-AppendLogResponseHandler: Failed appendEntries: org.apache.ratis.thirdparty.io.grpc.StatusRuntimeException: UNAVAILABLE: io exception
2019-09-26 16:39:23,015 [grpc-default-executor-6] WARN  server.GrpcLogAppender (LogUtils.java:warn(134)) - 7c636cf6-abb1-48a1-8471-c57ff8076954@group-D88AEF8F9869->6e9598b6-9dc4-49c9-af23-0bbf4a4b345a-AppendLogResponseHandler: Failed appendEntries: org.apache.ratis.thirdparty.io.grpc.StatusRuntimeException: UNAVAILABLE: io exception
2019-09-26 16:39:23,016 [grpc-default-executor-8] INFO  impl.FollowerInfo (FollowerInfo.java:lambda$new$0(51)) - 23db1bd7-0ec3-4d63-b495-756f3d5b5fb7@group-D3771522134E->dc4ec581-df22-4026-9c78-08ca65e450b7: nextIndex: updateUnconditionally 0 -> 0
2019-09-26 16:39:23,016 [grpc-default-executor-5] INFO  impl.FollowerInfo (FollowerInfo.java:lambda$new$0(51)) - 23db1bd7-0ec3-4d63-b495-756f3d5b5fb7@group-D3771522134E->96614e23-b56d-471a-9cd7-6076bc1c8933: nextIndex: updateUnconditionally 0 -> 0
2019-09-26 16:39:23,016 [grpc-default-executor-6] INFO  impl.FollowerInfo (FollowerInfo.java:lambda$new$0(51)) - 7c636cf6-abb1-48a1-8471-c57ff8076954@group-D88AEF8F9869->6e9598b6-9dc4-49c9-af23-0bbf4a4b345a: nextIndex: updateUnconditionally 0 -> 0
2019-09-26 16:39:23,020 [grpc-default-executor-8] WARN  server.GrpcLogAppender (LogUtils.java:warn(134)) - 7c636cf6-abb1-48a1-8471-c57ff8076954@group-D88AEF8F9869->178fa167-0d93-4985-b474-3911a0393fb5-AppendLogResponseHandler: Failed appendEntries: org.apache.ratis.thirdparty.io.grpc.StatusRuntimeException: UNAVAILABLE: io exception
2019-09-26 16:39:23,020 [grpc-default-executor-8] INFO  impl.FollowerInfo (FollowerInfo.java:lambda$new$0(51)) - 7c636cf6-abb1-48a1-8471-c57ff8076954@group-D88AEF8F9869->178fa167-0d93-4985-b474-3911a0393fb5: nextIndex: updateUnconditionally 0 -> 0
2019-09-26 16:39:23,132 [main] INFO  ozoneimpl.OzoneContainer (OzoneContainer.java:stop(231)) - Attempting to stop container services.
2019-09-26 16:39:23,133 [main] INFO  impl.RaftServerProxy (RaftServerProxy.java:lambda$close$4(314)) - 23db1bd7-0ec3-4d63-b495-756f3d5b5fb7: close
2019-09-26 16:39:23,133 [main] INFO  impl.RaftServerImpl (RaftServerImpl.java:lambda$shutdown$3(251)) - 23db1bd7-0ec3-4d63-b495-756f3d5b5fb7@group-21439FDDBEEC: shutdown
2019-09-26 16:39:23,134 [main] INFO  util.JmxRegister (JmxRegister.java:unregister(73)) - Successfully un-registered JMX Bean with object name Ratis:service=RaftServer,group=group-21439FDDBEEC,id=23db1bd7-0ec3-4d63-b495-756f3d5b5fb7
2019-09-26 16:39:23,134 [main] INFO  impl.RoleInfo (RoleInfo.java:shutdownLeaderState(104)) - 23db1bd7-0ec3-4d63-b495-756f3d5b5fb7: shutdown LeaderState
2019-09-26 16:39:23,135 [main] INFO  impl.PendingRequests (PendingRequests.java:sendNotLeaderResponses(202)) - 23db1bd7-0ec3-4d63-b495-756f3d5b5fb7-PendingRequests: sendNotLeaderResponses
2019-09-26 16:39:23,135 [main] INFO  impl.StateMachineUpdater (StateMachineUpdater.java:stopAndJoin(125)) - 23db1bd7-0ec3-4d63-b495-756f3d5b5fb7@group-21439FDDBEEC-StateMachineUpdater: set stopIndex = 0
2019-09-26 16:39:23,136 [main] INFO  impl.RaftServerImpl (ServerState.java:close(385)) - 23db1bd7-0ec3-4d63-b495-756f3d5b5fb7@group-21439FDDBEEC: closes. applyIndex: 0
2019-09-26 16:39:23,137 [23db1bd7-0ec3-4d63-b495-756f3d5b5fb7@group-21439FDDBEEC-SegmentedRaftLogWorker] INFO  segmented.SegmentedRaftLogWorker (SegmentedRaftLogWorker.java:run(313)) - 23db1bd7-0ec3-4d63-b495-756f3d5b5fb7@group-21439FDDBEEC-SegmentedRaftLogWorker was interrupted, exiting. There are 0 tasks remaining in the queue.
2019-09-26 16:39:23,137 [ForkJoinPool.commonPool-worker-0] INFO  ozoneimpl.OzoneContainer (OzoneContainer.java:stop(231)) - Attempting to stop container services.
2019-09-26 16:39:23,137 [main] INFO  segmented.SegmentedRaftLogWorker (SegmentedRaftLogWorker.java:close(228)) - 23db1bd7-0ec3-4d63-b495-756f3d5b5fb7@group-21439FDDBEEC-SegmentedRaftLogWorker close()
2019-09-26 16:39:23,137 [ForkJoinPool.commonPool-worker-0] INFO  impl.RaftServerProxy (RaftServerProxy.java:lambda$close$4(314)) - 7c636cf6-abb1-48a1-8471-c57ff8076954: close
2019-09-26 16:39:23,138 [main] INFO  impl.RaftServerImpl (RaftServerImpl.java:lambda$shutdown$3(251)) - 23db1bd7-0ec3-4d63-b495-756f3d5b5fb7@group-D3771522134E: shutdown
2019-09-26 16:39:23,138 [ForkJoinPool.commonPool-worker-0] INFO  impl.RaftServerImpl (RaftServerImpl.java:lambda$shutdown$3(251)) - 7c636cf6-abb1-48a1-8471-c57ff8076954@group-3ACB32D12D23: shutdown
2019-09-26 16:39:23,138 [main] INFO  util.JmxRegister (JmxRegister.java:unregister(73)) - Successfully un-registered JMX Bean with object name Ratis:service=RaftServer,group=group-D3771522134E,id=23db1bd7-0ec3-4d63-b495-756f3d5b5fb7
2019-09-26 16:39:23,139 [main] INFO  impl.RoleInfo (RoleInfo.java:shutdownLeaderState(104)) - 23db1bd7-0ec3-4d63-b495-756f3d5b5fb7: shutdown LeaderState
2019-09-26 16:39:23,139 [ForkJoinPool.commonPool-worker-0] INFO  util.JmxRegister (JmxRegister.java:unregister(73)) - Successfully un-registered JMX Bean with object name Ratis:service=RaftServer,group=group-3ACB32D12D23,id=7c636cf6-abb1-48a1-8471-c57ff8076954
2019-09-26 16:39:23,143 [org.apache.ratis.server.impl.LogAppender$AppenderDaemon$$Lambda$414/452738001@71fb66fb] WARN  server.GrpcLogAppender (GrpcLogAppender.java:mayWait(143)) - 23db1bd7-0ec3-4d63-b495-756f3d5b5fb7@group-D3771522134E->96614e23-b56d-471a-9cd7-6076bc1c8933-GrpcLogAppender: Wait interrupted by java.lang.InterruptedException
2019-09-26 16:39:23,143 [org.apache.ratis.server.impl.LogAppender$AppenderDaemon$$Lambda$414/452738001@436347b1] WARN  server.GrpcLogAppender (GrpcLogAppender.java:mayWait(143)) - 23db1bd7-0ec3-4d63-b495-756f3d5b5fb7@group-D3771522134E->dc4ec581-df22-4026-9c78-08ca65e450b7-GrpcLogAppender: Wait interrupted by java.lang.InterruptedException
2019-09-26 16:39:23,143 [main] INFO  impl.PendingRequests (PendingRequests.java:sendNotLeaderResponses(202)) - 23db1bd7-0ec3-4d63-b495-756f3d5b5fb7-PendingRequests: sendNotLeaderResponses
2019-09-26 16:39:23,143 [ForkJoinPool.commonPool-worker-0] INFO  impl.RoleInfo (RoleInfo.java:shutdownLeaderState(104)) - 7c636cf6-abb1-48a1-8471-c57ff8076954: shutdown LeaderState
2019-09-26 16:39:23,144 [main] INFO  impl.StateMachineUpdater (StateMachineUpdater.java:stopAndJoin(125)) - 23db1bd7-0ec3-4d63-b495-756f3d5b5fb7@group-D3771522134E-StateMachineUpdater: set stopIndex = 0
2019-09-26 16:39:23,144 [ForkJoinPool.commonPool-worker-0] INFO  impl.PendingRequests (PendingRequests.java:sendNotLeaderResponses(202)) - 7c636cf6-abb1-48a1-8471-c57ff8076954-PendingRequests: sendNotLeaderResponses
2019-09-26 16:39:23,145 [main] INFO  impl.RaftServerImpl (ServerState.java:close(385)) - 23db1bd7-0ec3-4d63-b495-756f3d5b5fb7@group-D3771522134E: closes. applyIndex: 0
2019-09-26 16:39:23,145 [ForkJoinPool.commonPool-worker-0] INFO  impl.StateMachineUpdater (StateMachineUpdater.java:stopAndJoin(125)) - 7c636cf6-abb1-48a1-8471-c57ff8076954@group-3ACB32D12D23-StateMachineUpdater: set stopIndex = 0
2019-09-26 16:39:23,146 [23db1bd7-0ec3-4d63-b495-756f3d5b5fb7@group-D3771522134E-SegmentedRaftLogWorker] INFO  segmented.SegmentedRaftLogWorker (SegmentedRaftLogWorker.java:run(313)) - 23db1bd7-0ec3-4d63-b495-756f3d5b5fb7@group-D3771522134E-SegmentedRaftLogWorker was interrupted, exiting. There are 0 tasks remaining in the queue.
2019-09-26 16:39:23,146 [ForkJoinPool.commonPool-worker-0] INFO  impl.RaftServerImpl (ServerState.java:close(385)) - 7c636cf6-abb1-48a1-8471-c57ff8076954@group-3ACB32D12D23: closes. applyIndex: 0
2019-09-26 16:39:23,146 [7c636cf6-abb1-48a1-8471-c57ff8076954@group-3ACB32D12D23-SegmentedRaftLogWorker] INFO  segmented.SegmentedRaftLogWorker (SegmentedRaftLogWorker.java:run(313)) - 7c636cf6-abb1-48a1-8471-c57ff8076954@group-3ACB32D12D23-SegmentedRaftLogWorker was interrupted, exiting. There are 0 tasks remaining in the queue.
2019-09-26 16:39:23,149 [main] INFO  segmented.SegmentedRaftLogWorker (SegmentedRaftLogWorker.java:close(228)) - 23db1bd7-0ec3-4d63-b495-756f3d5b5fb7@group-D3771522134E-SegmentedRaftLogWorker close()
2019-09-26 16:39:23,149 [ForkJoinPool.commonPool-worker-0] INFO  segmented.SegmentedRaftLogWorker (SegmentedRaftLogWorker.java:close(228)) - 7c636cf6-abb1-48a1-8471-c57ff8076954@group-3ACB32D12D23-SegmentedRaftLogWorker close()
2019-09-26 16:39:23,150 [main] INFO  server.GrpcService (GrpcService.java:closeImpl(164)) - 23db1bd7-0ec3-4d63-b495-756f3d5b5fb7: shutdown server with port 37353 now
2019-09-26 16:39:23,150 [ForkJoinPool.commonPool-worker-0] INFO  impl.RaftServerImpl (RaftServerImpl.java:lambda$shutdown$3(251)) - 7c636cf6-abb1-48a1-8471-c57ff8076954@group-D88AEF8F9869: shutdown
2019-09-26 16:39:23,151 [main] INFO  server.GrpcService (GrpcService.java:closeImpl(172)) - 23db1bd7-0ec3-4d63-b495-756f3d5b5fb7: shutdown server with port 37353 successfully
2019-09-26 16:39:23,151 [ForkJoinPool.commonPool-worker-0] INFO  util.JmxRegister (JmxRegister.java:unregister(73)) - Successfully un-registered JMX Bean with object name Ratis:service=RaftServer,group=group-D88AEF8F9869,id=7c636cf6-abb1-48a1-8471-c57ff8076954
2019-09-26 16:39:23,155 [ForkJoinPool.commonPool-worker-0] INFO  impl.RoleInfo (RoleInfo.java:shutdownLeaderState(104)) - 7c636cf6-abb1-48a1-8471-c57ff8076954: shutdown LeaderState
2019-09-26 16:39:23,160 [ForkJoinPool.commonPool-worker-0] INFO  impl.PendingRequests (PendingRequests.java:sendNotLeaderResponses(202)) - 7c636cf6-abb1-48a1-8471-c57ff8076954-PendingRequests: sendNotLeaderResponses
2019-09-26 16:39:23,160 [org.apache.ratis.server.impl.LogAppender$AppenderDaemon$$Lambda$414/452738001@38926f95] WARN  server.GrpcLogAppender (GrpcLogAppender.java:mayWait(143)) - 7c636cf6-abb1-48a1-8471-c57ff8076954@group-D88AEF8F9869->178fa167-0d93-4985-b474-3911a0393fb5-GrpcLogAppender: Wait interrupted by java.lang.InterruptedException
2019-09-26 16:39:23,160 [org.apache.ratis.server.impl.LogAppender$AppenderDaemon$$Lambda$414/452738001@b6034a9] WARN  server.GrpcLogAppender (GrpcLogAppender.java:mayWait(143)) - 7c636cf6-abb1-48a1-8471-c57ff8076954@group-D88AEF8F9869->6e9598b6-9dc4-49c9-af23-0bbf4a4b345a-GrpcLogAppender: Wait interrupted by java.lang.InterruptedException
2019-09-26 16:39:23,161 [ForkJoinPool.commonPool-worker-0] INFO  impl.StateMachineUpdater (StateMachineUpdater.java:stopAndJoin(125)) - 7c636cf6-abb1-48a1-8471-c57ff8076954@group-D88AEF8F9869-StateMachineUpdater: set stopIndex = 0
2019-09-26 16:39:23,162 [ForkJoinPool.commonPool-worker-0] INFO  impl.RaftServerImpl (ServerState.java:close(385)) - 7c636cf6-abb1-48a1-8471-c57ff8076954@group-D88AEF8F9869: closes. applyIndex: 0
2019-09-26 16:39:23,163 [refreshUsed-/workdir/hadoop-ozone/integration-test/target/test-dir/MiniOzoneClusterImpl-521d4657-8b90-42e2-88d0-1dd80c8159cc/datanode-7/data/containers] WARN  fs.CachingGetSpaceUsed (CachingGetSpaceUsed.java:run(183)) - Thread Interrupted waiting to refresh disk information: sleep interrupted
2019-09-26 16:39:23,164 [7c636cf6-abb1-48a1-8471-c57ff8076954@group-D88AEF8F9869-SegmentedRaftLogWorker] INFO  segmented.SegmentedRaftLogWorker (SegmentedRaftLogWorker.java:run(313)) - 7c636cf6-abb1-48a1-8471-c57ff8076954@group-D88AEF8F9869-SegmentedRaftLogWorker was interrupted, exiting. There are 0 tasks remaining in the queue.
2019-09-26 16:39:23,164 [ForkJoinPool.commonPool-worker-0] INFO  segmented.SegmentedRaftLogWorker (SegmentedRaftLogWorker.java:close(228)) - 7c636cf6-abb1-48a1-8471-c57ff8076954@group-D88AEF8F9869-SegmentedRaftLogWorker close()
2019-09-26 16:39:23,165 [ForkJoinPool.commonPool-worker-0] INFO  server.GrpcService (GrpcService.java:closeImpl(164)) - 7c636cf6-abb1-48a1-8471-c57ff8076954: shutdown server with port 40747 now
2019-09-26 16:39:23,166 [ForkJoinPool.commonPool-worker-0] INFO  server.GrpcService (GrpcService.java:closeImpl(172)) - 7c636cf6-abb1-48a1-8471-c57ff8076954: shutdown server with port 40747 successfully
2019-09-26 16:39:23,172 [refreshUsed-/workdir/hadoop-ozone/integration-test/target/test-dir/MiniOzoneClusterImpl-521d4657-8b90-42e2-88d0-1dd80c8159cc/datanode-1/data/containers] WARN  fs.CachingGetSpaceUsed (CachingGetSpaceUsed.java:run(183)) - Thread Interrupted waiting to refresh disk information: sleep interrupted
2019-09-26 16:39:23,187 [ForkJoinPool.commonPool-worker-0] INFO  utils.BackgroundService (BackgroundService.java:shutdown(148)) - Shutting down service BlockDeletingService
2019-09-26 16:39:23,187 [main] INFO  utils.BackgroundService (BackgroundService.java:shutdown(148)) - Shutting down service BlockDeletingService
2019-09-26 16:39:23,190 [ForkJoinPool.commonPool-worker-0] INFO  statemachine.DatanodeStateMachine (DatanodeStateMachine.java:stopDaemon(395)) - Ozone container server stopped.
2019-09-26 16:39:23,200 [main] INFO  statemachine.DatanodeStateMachine (DatanodeStateMachine.java:stopDaemon(395)) - Ozone container server stopped.
2019-09-26 16:39:23,202 [ForkJoinPool.commonPool-worker-0] INFO  handler.ContextHandler (ContextHandler.java:doStop(910)) - Stopped o.e.j.w.WebAppContext@ffd4cba{/,null,UNAVAILABLE}{/hddsDatanode}
2019-09-26 16:39:23,202 [main] INFO  handler.ContextHandler (ContextHandler.java:doStop(910)) - Stopped o.e.j.w.WebAppContext@3e05586b{/,null,UNAVAILABLE}{/hddsDatanode}
2019-09-26 16:39:23,203 [ForkJoinPool.commonPool-worker-0] INFO  server.AbstractConnector (AbstractConnector.java:doStop(318)) - Stopped ServerConnector@5f1483fd{HTTP/1.1,[http/1.1]}{0.0.0.0:0}
2019-09-26 16:39:23,203 [main] INFO  server.AbstractConnector (AbstractConnector.java:doStop(318)) - Stopped ServerConnector@35b17c06{HTTP/1.1,[http/1.1]}{0.0.0.0:0}
2019-09-26 16:39:23,204 [ForkJoinPool.commonPool-worker-0] INFO  handler.ContextHandler (ContextHandler.java:doStop(910)) - Stopped o.e.j.s.ServletContextHandler@b3e86d5{/static,jar:file:/home/user/.m2/repository/org/apache/hadoop/hadoop-hdds-container-service/0.5.0-SNAPSHOT/hadoop-hdds-container-service-0.5.0-SNAPSHOT.jar!/webapps/static,UNAVAILABLE}
2019-09-26 16:39:23,204 [main] INFO  handler.ContextHandler (ContextHandler.java:doStop(910)) - Stopped o.e.j.s.ServletContextHandler@1e79d43{/static,jar:file:/home/user/.m2/repository/org/apache/hadoop/hadoop-hdds-container-service/0.5.0-SNAPSHOT/hadoop-hdds-container-service-0.5.0-SNAPSHOT.jar!/webapps/static,UNAVAILABLE}
2019-09-26 16:39:23,204 [ForkJoinPool.commonPool-worker-0] INFO  handler.ContextHandler (ContextHandler.java:doStop(910)) - Stopped o.e.j.s.ServletContextHandler@228bda54{/logs,file:///workdir/hadoop-ozone/integration-test/target/log,UNAVAILABLE}
2019-09-26 16:39:23,204 [main] INFO  handler.ContextHandler (ContextHandler.java:doStop(910)) - Stopped o.e.j.s.ServletContextHandler@5dcd0cdf{/logs,file:///workdir/hadoop-ozone/integration-test/target/log,UNAVAILABLE}
2019-09-26 16:39:23,211 [main] INFO  ozone.MiniOzoneClusterImpl (MiniOzoneClusterImpl.java:stopSCM(392)) - Stopping the StorageContainerManager
2019-09-26 16:39:23,211 [main] INFO  server.StorageContainerManager (StorageContainerManager.java:stop(808)) - Stopping Replication Manager Service.
2019-09-26 16:39:23,212 [main] INFO  container.ReplicationManager (ReplicationManager.java:stop(203)) - Stopping Replication Monitor Thread.
2019-09-26 16:39:23,212 [main] INFO  server.StorageContainerManager (StorageContainerManager.java:stop(815)) - Stopping Lease Manager of the command watchers
2019-09-26 16:39:23,212 [main] INFO  server.StorageContainerManager (StorageContainerManager.java:stop(822)) - Stopping datanode service RPC server
2019-09-26 16:39:23,213 [main] INFO  server.SCMDatanodeProtocolServer (SCMDatanodeProtocolServer.java:stop(367)) - Stopping the RPC server for DataNodes
2019-09-26 16:39:23,213 [main] INFO  ipc.Server (Server.java:stop(3082)) - Stopping server on 45703
2019-09-26 16:39:23,217 [IPC Server Responder] INFO  ipc.Server (Server.java:run(1319)) - Stopping IPC Server Responder
2019-09-26 16:39:23,217 [IPC Server listener on 45703] INFO  ipc.Server (Server.java:run(1185)) - Stopping IPC Server listener on 45703
2019-09-26 16:39:23,311 [SCM Heartbeat Processing Thread - 0] WARN  node.NodeStateManager (NodeStateManager.java:scheduleNextHealthCheck(646)) - Current Thread is interrupted, shutting down HB processing thread for Node Manager.
2019-09-26 16:39:23,311 [main] INFO  server.StorageContainerManager (StorageContainerManager.java:stop(830)) - Stopping block service RPC server
2019-09-26 16:39:23,312 [main] INFO  server.SCMBlockProtocolServer (SCMBlockProtocolServer.java:stop(155)) - Stopping the RPC server for Block Protocol
2019-09-26 16:39:23,312 [main] INFO  ipc.Server (Server.java:stop(3082)) - Stopping server on 34702
2019-09-26 16:39:23,315 [IPC Server listener on 34702] INFO  ipc.Server (Server.java:run(1185)) - Stopping IPC Server listener on 34702
2019-09-26 16:39:23,315 [main] INFO  server.StorageContainerManager (StorageContainerManager.java:stop(837)) - Stopping the StorageContainerLocationProtocol RPC server
2019-09-26 16:39:23,315 [main] INFO  server.SCMClientProtocolServer (SCMClientProtocolServer.java:stop(159)) - Stopping the RPC server for Client Protocol
2019-09-26 16:39:23,316 [main] INFO  ipc.Server (Server.java:stop(3082)) - Stopping server on 44044
2019-09-26 16:39:23,316 [IPC Server Responder] INFO  ipc.Server (Server.java:run(1319)) - Stopping IPC Server Responder
2019-09-26 16:39:23,319 [IPC Server listener on 44044] INFO  ipc.Server (Server.java:run(1185)) - Stopping IPC Server listener on 44044
2019-09-26 16:39:23,319 [main] INFO  server.StorageContainerManager (StorageContainerManager.java:stop(844)) - Stopping Storage Container Manager HTTP server.
2019-09-26 16:39:23,319 [IPC Server Responder] INFO  ipc.Server (Server.java:run(1319)) - Stopping IPC Server Responder
2019-09-26 16:39:23,321 [main] INFO  handler.ContextHandler (ContextHandler.java:doStop(910)) - Stopped o.e.j.w.WebAppContext@346f41a9{/,null,UNAVAILABLE}{/scm}
2019-09-26 16:39:23,321 [main] INFO  server.AbstractConnector (AbstractConnector.java:doStop(318)) - Stopped ServerConnector@1084f78c{HTTP/1.1,[http/1.1]}{0.0.0.0:0}
2019-09-26 16:39:23,322 [main] INFO  handler.ContextHandler (ContextHandler.java:doStop(910)) - Stopped o.e.j.s.ServletContextHandler@5f5effb0{/static,file:///workdir/hadoop-ozone/integration-test/target/test-classes/webapps/static,UNAVAILABLE}
2019-09-26 16:39:23,322 [main] INFO  handler.ContextHandler (ContextHandler.java:doStop(910)) - Stopped o.e.j.s.ServletContextHandler@3134153d{/logs,file:///workdir/hadoop-ozone/integration-test/target/log,UNAVAILABLE}
2019-09-26 16:39:23,323 [main] INFO  server.StorageContainerManager (StorageContainerManager.java:stop(855)) - Stopping Block Manager Service.
2019-09-26 16:39:23,323 [main] INFO  utils.BackgroundService (BackgroundService.java:shutdown(148)) - Shutting down service SCMBlockDeletingService
2019-09-26 16:39:23,324 [main] INFO  utils.BackgroundService (BackgroundService.java:shutdown(148)) - Shutting down service SCMBlockDeletingService
2019-09-26 16:39:23,324 [main] INFO  server.StorageContainerManager (StorageContainerManager.java:stop(877)) - Stopping SCM Event Queue.
2019-09-26 16:39:23,329 [main] INFO  impl.MetricsSystemImpl (MetricsSystemImpl.java:stop(210)) - Stopping HddsDatanode metrics system...
2019-09-26 16:39:23,342 [main] INFO  impl.MetricsSystemImpl (MetricsSystemImpl.java:stop(216)) - HddsDatanode metrics system stopped.
]]></system-out>
    <system-err><![CDATA[Sep 26, 2019 4:39:02 PM org.apache.ratis.thirdparty.io.grpc.internal.SerializingExecutor run
SEVERE: Exception while executing runnable org.apache.ratis.thirdparty.io.grpc.internal.ServerImpl$JumpToApplicationThreadServerStreamListener$1Closed@7a179a2d
org.apache.ratis.thirdparty.io.grpc.StatusRuntimeException: CANCELLED: call already cancelled
	at org.apache.ratis.thirdparty.io.grpc.Status.asRuntimeException(Status.java:517)
	at org.apache.ratis.thirdparty.io.grpc.stub.ServerCalls$ServerCallStreamObserverImpl.onCompleted(ServerCalls.java:356)
	at org.apache.ratis.grpc.server.GrpcServerProtocolService$ServerRequestStreamObserver.onError(GrpcServerProtocolService.java:121)
	at org.apache.ratis.thirdparty.io.grpc.stub.ServerCalls$StreamingServerCallHandler$StreamingServerCallListener.onCancel(ServerCalls.java:269)
	at org.apache.ratis.thirdparty.io.grpc.internal.ServerCallImpl$ServerStreamListenerImpl.closed(ServerCallImpl.java:293)
	at org.apache.ratis.thirdparty.io.grpc.internal.ServerImpl$JumpToApplicationThreadServerStreamListener$1Closed.runInContext(ServerImpl.java:741)
	at org.apache.ratis.thirdparty.io.grpc.internal.ContextRunnable.run(ContextRunnable.java:37)
	at org.apache.ratis.thirdparty.io.grpc.internal.SerializingExecutor.run(SerializingExecutor.java:123)
	at java.util.concurrent.ThreadPoolExecutor.runWorker(ThreadPoolExecutor.java:1149)
	at java.util.concurrent.ThreadPoolExecutor$Worker.run(ThreadPoolExecutor.java:624)
	at java.lang.Thread.run(Thread.java:748)

Sep 26, 2019 4:39:02 PM org.apache.ratis.thirdparty.io.grpc.internal.SerializingExecutor run
SEVERE: Exception while executing runnable org.apache.ratis.thirdparty.io.grpc.internal.ServerImpl$JumpToApplicationThreadServerStreamListener$1Closed@3a95fb8
org.apache.ratis.thirdparty.io.grpc.StatusRuntimeException: CANCELLED: call already cancelled
	at org.apache.ratis.thirdparty.io.grpc.Status.asRuntimeException(Status.java:517)
	at org.apache.ratis.thirdparty.io.grpc.stub.ServerCalls$ServerCallStreamObserverImpl.onCompleted(ServerCalls.java:356)
	at org.apache.ratis.grpc.server.GrpcServerProtocolService$ServerRequestStreamObserver.onError(GrpcServerProtocolService.java:121)
	at org.apache.ratis.thirdparty.io.grpc.stub.ServerCalls$StreamingServerCallHandler$StreamingServerCallListener.onCancel(ServerCalls.java:269)
	at org.apache.ratis.thirdparty.io.grpc.internal.ServerCallImpl$ServerStreamListenerImpl.closed(ServerCallImpl.java:293)
	at org.apache.ratis.thirdparty.io.grpc.internal.ServerImpl$JumpToApplicationThreadServerStreamListener$1Closed.runInContext(ServerImpl.java:741)
	at org.apache.ratis.thirdparty.io.grpc.internal.ContextRunnable.run(ContextRunnable.java:37)
	at org.apache.ratis.thirdparty.io.grpc.internal.SerializingExecutor.run(SerializingExecutor.java:123)
	at java.util.concurrent.ThreadPoolExecutor.runWorker(ThreadPoolExecutor.java:1149)
	at java.util.concurrent.ThreadPoolExecutor$Worker.run(ThreadPoolExecutor.java:624)
	at java.lang.Thread.run(Thread.java:748)

Sep 26, 2019 4:39:07 PM org.apache.ratis.thirdparty.io.grpc.internal.SerializingExecutor run
SEVERE: Exception while executing runnable org.apache.ratis.thirdparty.io.grpc.internal.ServerImpl$JumpToApplicationThreadServerStreamListener$1Closed@1f0f52ea
org.apache.ratis.thirdparty.io.grpc.StatusRuntimeException: CANCELLED: call already cancelled
	at org.apache.ratis.thirdparty.io.grpc.Status.asRuntimeException(Status.java:517)
	at org.apache.ratis.thirdparty.io.grpc.stub.ServerCalls$ServerCallStreamObserverImpl.onCompleted(ServerCalls.java:356)
	at org.apache.ratis.grpc.server.GrpcServerProtocolService$ServerRequestStreamObserver.onError(GrpcServerProtocolService.java:121)
	at org.apache.ratis.thirdparty.io.grpc.stub.ServerCalls$StreamingServerCallHandler$StreamingServerCallListener.onCancel(ServerCalls.java:269)
	at org.apache.ratis.thirdparty.io.grpc.internal.ServerCallImpl$ServerStreamListenerImpl.closed(ServerCallImpl.java:293)
	at org.apache.ratis.thirdparty.io.grpc.internal.ServerImpl$JumpToApplicationThreadServerStreamListener$1Closed.runInContext(ServerImpl.java:741)
	at org.apache.ratis.thirdparty.io.grpc.internal.ContextRunnable.run(ContextRunnable.java:37)
	at org.apache.ratis.thirdparty.io.grpc.internal.SerializingExecutor.run(SerializingExecutor.java:123)
	at java.util.concurrent.ThreadPoolExecutor.runWorker(ThreadPoolExecutor.java:1149)
	at java.util.concurrent.ThreadPoolExecutor$Worker.run(ThreadPoolExecutor.java:624)
	at java.lang.Thread.run(Thread.java:748)

Sep 26, 2019 4:39:07 PM org.apache.ratis.thirdparty.io.grpc.internal.SerializingExecutor run
SEVERE: Exception while executing runnable org.apache.ratis.thirdparty.io.grpc.internal.ServerImpl$JumpToApplicationThreadServerStreamListener$1Closed@5c0cbd65
org.apache.ratis.thirdparty.io.grpc.StatusRuntimeException: CANCELLED: call already cancelled
	at org.apache.ratis.thirdparty.io.grpc.Status.asRuntimeException(Status.java:517)
	at org.apache.ratis.thirdparty.io.grpc.stub.ServerCalls$ServerCallStreamObserverImpl.onCompleted(ServerCalls.java:356)
	at org.apache.ratis.grpc.server.GrpcServerProtocolService$ServerRequestStreamObserver.onError(GrpcServerProtocolService.java:121)
	at org.apache.ratis.thirdparty.io.grpc.stub.ServerCalls$StreamingServerCallHandler$StreamingServerCallListener.onCancel(ServerCalls.java:269)
	at org.apache.ratis.thirdparty.io.grpc.internal.ServerCallImpl$ServerStreamListenerImpl.closed(ServerCallImpl.java:293)
	at org.apache.ratis.thirdparty.io.grpc.internal.ServerImpl$JumpToApplicationThreadServerStreamListener$1Closed.runInContext(ServerImpl.java:741)
	at org.apache.ratis.thirdparty.io.grpc.internal.ContextRunnable.run(ContextRunnable.java:37)
	at org.apache.ratis.thirdparty.io.grpc.internal.SerializingExecutor.run(SerializingExecutor.java:123)
	at java.util.concurrent.ThreadPoolExecutor.runWorker(ThreadPoolExecutor.java:1149)
	at java.util.concurrent.ThreadPoolExecutor$Worker.run(ThreadPoolExecutor.java:624)
	at java.lang.Thread.run(Thread.java:748)

Sep 26, 2019 4:39:18 PM org.apache.ratis.thirdparty.io.grpc.internal.SerializingExecutor run
SEVERE: Exception while executing runnable org.apache.ratis.thirdparty.io.grpc.internal.ServerImpl$JumpToApplicationThreadServerStreamListener$1Closed@324f0a49
org.apache.ratis.thirdparty.io.grpc.StatusRuntimeException: CANCELLED: call already cancelled
	at org.apache.ratis.thirdparty.io.grpc.Status.asRuntimeException(Status.java:517)
	at org.apache.ratis.thirdparty.io.grpc.stub.ServerCalls$ServerCallStreamObserverImpl.onCompleted(ServerCalls.java:356)
	at org.apache.ratis.grpc.server.GrpcServerProtocolService$ServerRequestStreamObserver.onError(GrpcServerProtocolService.java:121)
	at org.apache.ratis.thirdparty.io.grpc.stub.ServerCalls$StreamingServerCallHandler$StreamingServerCallListener.onCancel(ServerCalls.java:269)
	at org.apache.ratis.thirdparty.io.grpc.internal.ServerCallImpl$ServerStreamListenerImpl.closed(ServerCallImpl.java:293)
	at org.apache.ratis.thirdparty.io.grpc.internal.ServerImpl$JumpToApplicationThreadServerStreamListener$1Closed.runInContext(ServerImpl.java:741)
	at org.apache.ratis.thirdparty.io.grpc.internal.ContextRunnable.run(ContextRunnable.java:37)
	at org.apache.ratis.thirdparty.io.grpc.internal.SerializingExecutor.run(SerializingExecutor.java:123)
	at java.util.concurrent.ThreadPoolExecutor.runWorker(ThreadPoolExecutor.java:1149)
	at java.util.concurrent.ThreadPoolExecutor$Worker.run(ThreadPoolExecutor.java:624)
	at java.lang.Thread.run(Thread.java:748)

]]></system-err>
  </testcase>
  <testcase name="testWriteSmallFile" classname="org.apache.hadoop.ozone.client.rpc.TestFailureHandlingByClient" time="142.603">
    <error message="Connection refused" type="java.net.ConnectException"><![CDATA[java.net.ConnectException: Connection refused
	at sun.nio.ch.SocketChannelImpl.checkConnect(Native Method)
	at sun.nio.ch.SocketChannelImpl.finishConnect(SocketChannelImpl.java:717)
	at org.apache.hadoop.net.SocketIOWithTimeout.connect(SocketIOWithTimeout.java:206)
	at org.apache.hadoop.net.NetUtils.connect(NetUtils.java:531)
	at org.apache.hadoop.ipc.Client$Connection.setupConnection(Client.java:690)
	at org.apache.hadoop.ipc.Client$Connection.setupIOstreams(Client.java:794)
	at org.apache.hadoop.ipc.Client$Connection.access$3700(Client.java:411)
	at org.apache.hadoop.ipc.Client.getConnection(Client.java:1572)
	at org.apache.hadoop.ipc.Client.call(Client.java:1403)
	at org.apache.hadoop.ipc.Client.call(Client.java:1367)
	at org.apache.hadoop.ipc.ProtobufRpcEngine$Invoker.invoke(ProtobufRpcEngine.java:228)
	at org.apache.hadoop.ipc.ProtobufRpcEngine$Invoker.invoke(ProtobufRpcEngine.java:116)
	at com.sun.proxy.$Proxy35.submitRequest(Unknown Source)
	at sun.reflect.GeneratedMethodAccessor36.invoke(Unknown Source)
	at sun.reflect.DelegatingMethodAccessorImpl.invoke(DelegatingMethodAccessorImpl.java:43)
	at java.lang.reflect.Method.invoke(Method.java:498)
	at org.apache.hadoop.io.retry.RetryInvocationHandler.invokeMethod(RetryInvocationHandler.java:422)
	at org.apache.hadoop.io.retry.RetryInvocationHandler$Call.invokeMethod(RetryInvocationHandler.java:165)
	at org.apache.hadoop.io.retry.RetryInvocationHandler$Call.invoke(RetryInvocationHandler.java:157)
	at org.apache.hadoop.io.retry.RetryInvocationHandler$Call.invokeOnce(RetryInvocationHandler.java:95)
	at org.apache.hadoop.io.retry.RetryInvocationHandler.invoke(RetryInvocationHandler.java:359)
	at com.sun.proxy.$Proxy35.submitRequest(Unknown Source)
	at org.apache.hadoop.ozone.om.protocolPB.OzoneManagerProtocolClientSideTranslatorPB.submitRequest(OzoneManagerProtocolClientSideTranslatorPB.java:338)
	at org.apache.hadoop.ozone.om.protocolPB.OzoneManagerProtocolClientSideTranslatorPB.getServiceInfo(OzoneManagerProtocolClientSideTranslatorPB.java:1223)
	at sun.reflect.NativeMethodAccessorImpl.invoke0(Native Method)
	at sun.reflect.NativeMethodAccessorImpl.invoke(NativeMethodAccessorImpl.java:62)
	at sun.reflect.DelegatingMethodAccessorImpl.invoke(DelegatingMethodAccessorImpl.java:43)
	at java.lang.reflect.Method.invoke(Method.java:498)
	at org.apache.hadoop.hdds.tracing.TraceAllMethod.invoke(TraceAllMethod.java:66)
	at com.sun.proxy.$Proxy36.getServiceInfo(Unknown Source)
	at org.apache.hadoop.ozone.client.rpc.RpcClient.<init>(RpcClient.java:154)
	at org.apache.hadoop.ozone.client.OzoneClientFactory.getClientProtocol(OzoneClientFactory.java:256)
	at org.apache.hadoop.ozone.client.OzoneClientFactory.getClientProtocol(OzoneClientFactory.java:239)
	at org.apache.hadoop.ozone.client.OzoneClientFactory.getClient(OzoneClientFactory.java:75)
	at org.apache.hadoop.ozone.client.rpc.TestFailureHandlingByClient.init(TestFailureHandlingByClient.java:111)
	at org.apache.hadoop.ozone.client.rpc.TestFailureHandlingByClient.startCluster(TestFailureHandlingByClient.java:121)
	at org.apache.hadoop.ozone.client.rpc.TestFailureHandlingByClient.testWriteSmallFile(TestFailureHandlingByClient.java:177)
	at sun.reflect.NativeMethodAccessorImpl.invoke0(Native Method)
	at sun.reflect.NativeMethodAccessorImpl.invoke(NativeMethodAccessorImpl.java:62)
	at sun.reflect.DelegatingMethodAccessorImpl.invoke(DelegatingMethodAccessorImpl.java:43)
	at java.lang.reflect.Method.invoke(Method.java:498)
	at org.junit.runners.model.FrameworkMethod$1.runReflectiveCall(FrameworkMethod.java:47)
	at org.junit.internal.runners.model.ReflectiveCallable.run(ReflectiveCallable.java:12)
	at org.junit.runners.model.FrameworkMethod.invokeExplosively(FrameworkMethod.java:44)
	at org.junit.internal.runners.statements.InvokeMethod.evaluate(InvokeMethod.java:17)
	at org.junit.internal.runners.statements.RunAfters.evaluate(RunAfters.java:27)
	at org.junit.runners.ParentRunner.runLeaf(ParentRunner.java:271)
	at org.junit.runners.BlockJUnit4ClassRunner.runChild(BlockJUnit4ClassRunner.java:70)
	at org.junit.runners.BlockJUnit4ClassRunner.runChild(BlockJUnit4ClassRunner.java:50)
	at org.junit.runners.ParentRunner$3.run(ParentRunner.java:238)
	at org.junit.runners.ParentRunner$1.schedule(ParentRunner.java:63)
	at org.junit.runners.ParentRunner.runChildren(ParentRunner.java:236)
	at org.junit.runners.ParentRunner.access$000(ParentRunner.java:53)
	at org.junit.runners.ParentRunner$2.evaluate(ParentRunner.java:229)
	at org.junit.runners.ParentRunner.run(ParentRunner.java:309)
	at org.apache.maven.surefire.junit4.JUnit4Provider.execute(JUnit4Provider.java:365)
	at org.apache.maven.surefire.junit4.JUnit4Provider.executeWithRerun(JUnit4Provider.java:273)
	at org.apache.maven.surefire.junit4.JUnit4Provider.executeTestSet(JUnit4Provider.java:238)
	at org.apache.maven.surefire.junit4.JUnit4Provider.invoke(JUnit4Provider.java:159)
	at org.apache.maven.surefire.booter.ForkedBooter.invokeProviderInSameClassLoader(ForkedBooter.java:384)
	at org.apache.maven.surefire.booter.ForkedBooter.runSuitesInProcess(ForkedBooter.java:345)
	at org.apache.maven.surefire.booter.ForkedBooter.execute(ForkedBooter.java:126)
	at org.apache.maven.surefire.booter.ForkedBooter.main(ForkedBooter.java:418)
]]></error>
    <system-out><![CDATA[2019-09-26 16:39:23,389 [main] WARN  server.ServerUtils (ServerUtils.java:getScmDbDir(145)) - ozone.scm.db.dirs is not configured. We recommend adding this setting. Falling back to ozone.metadata.dirs instead.
2019-09-26 16:39:23,415 [main] WARN  server.ServerUtils (ServerUtils.java:getScmDbDir(145)) - ozone.scm.db.dirs is not configured. We recommend adding this setting. Falling back to ozone.metadata.dirs instead.
2019-09-26 16:39:23,415 [main] WARN  server.ServerUtils (ServerUtils.java:getScmDbDir(145)) - ozone.scm.db.dirs is not configured. We recommend adding this setting. Falling back to ozone.metadata.dirs instead.
2019-09-26 16:39:23,416 [main] INFO  db.DBStoreBuilder (DBStoreBuilder.java:addTable(110)) - using custom profile for table: deletedBlocks
2019-09-26 16:39:23,416 [main] INFO  db.DBStoreBuilder (DBStoreBuilder.java:processTables(161)) - Using default column profile:DBProfile.DISK for Table:deletedBlocks
2019-09-26 16:39:23,416 [main] INFO  db.DBStoreBuilder (DBStoreBuilder.java:addTable(110)) - using custom profile for table: validCerts
2019-09-26 16:39:23,417 [main] INFO  db.DBStoreBuilder (DBStoreBuilder.java:processTables(161)) - Using default column profile:DBProfile.DISK for Table:validCerts
2019-09-26 16:39:23,417 [main] INFO  db.DBStoreBuilder (DBStoreBuilder.java:addTable(110)) - using custom profile for table: revokedCerts
2019-09-26 16:39:23,417 [main] INFO  db.DBStoreBuilder (DBStoreBuilder.java:processTables(161)) - Using default column profile:DBProfile.DISK for Table:revokedCerts
2019-09-26 16:39:23,417 [main] INFO  db.DBStoreBuilder (DBStoreBuilder.java:addTable(110)) - using custom profile for table: default
2019-09-26 16:39:23,418 [main] INFO  db.DBStoreBuilder (DBStoreBuilder.java:processTables(167)) - Using default column profile:DBProfile.DISK for Table:default
2019-09-26 16:39:23,418 [main] INFO  db.DBStoreBuilder (DBStoreBuilder.java:getDbProfile(198)) - Using default options. DBProfile.DISK
2019-09-26 16:39:23,598 [main] INFO  net.NodeSchemaLoader (NodeSchemaLoader.java:loadSchemaFromFile(125)) - Loading file from sun.misc.CompoundEnumeration@7e7e962d
2019-09-26 16:39:23,598 [main] INFO  net.NodeSchemaLoader (NodeSchemaLoader.java:loadSchema(171)) - Loading network topology layer schema file
2019-09-26 16:39:23,604 [main] INFO  node.SCMNodeManager (SCMNodeManager.java:<init>(114)) - Entering startup safe mode.
2019-09-26 16:39:23,605 [main] INFO  algorithms.ContainerPlacementPolicyFactory (ContainerPlacementPolicyFactory.java:getPolicy(57)) - Create container placement policy of type org.apache.hadoop.hdds.scm.container.placement.algorithms.SCMContainerPlacementRandom
2019-09-26 16:39:23,606 [main] WARN  server.ServerUtils (ServerUtils.java:getScmDbDir(145)) - ozone.scm.db.dirs is not configured. We recommend adding this setting. Falling back to ozone.metadata.dirs instead.
2019-09-26 16:39:23,659 [main] INFO  pipeline.SCMPipelineManager (SCMPipelineManager.java:initializePipelineState(132)) - No pipeline exists in current db
2019-09-26 16:39:23,659 [main] WARN  server.ServerUtils (ServerUtils.java:getScmDbDir(145)) - ozone.scm.db.dirs is not configured. We recommend adding this setting. Falling back to ozone.metadata.dirs instead.
2019-09-26 16:39:23,725 [main] WARN  events.EventQueue (EventQueue.java:fireEvent(183)) - No event handler registered for event TypedEvent{payloadType=SafeModeStatus, name='SafeModeStatus'}
2019-09-26 16:39:23,726 [main] INFO  ipc.CallQueueManager (CallQueueManager.java:<init>(84)) - Using callQueue: class java.util.concurrent.LinkedBlockingQueue, queueCapacity: 2000, scheduler: class org.apache.hadoop.ipc.DefaultRpcScheduler, ipcBackoff: false.
2019-09-26 16:39:23,727 [Socket Reader #1 for port 35525] INFO  ipc.Server (Server.java:run(1074)) - Starting Socket Reader #1 for port 35525
2019-09-26 16:39:23,729 [main] INFO  ipc.CallQueueManager (CallQueueManager.java:<init>(84)) - Using callQueue: class java.util.concurrent.LinkedBlockingQueue, queueCapacity: 2000, scheduler: class org.apache.hadoop.ipc.DefaultRpcScheduler, ipcBackoff: false.
2019-09-26 16:39:23,730 [Socket Reader #1 for port 36095] INFO  ipc.Server (Server.java:run(1074)) - Starting Socket Reader #1 for port 36095
2019-09-26 16:39:23,731 [main] INFO  ipc.CallQueueManager (CallQueueManager.java:<init>(84)) - Using callQueue: class java.util.concurrent.LinkedBlockingQueue, queueCapacity: 2000, scheduler: class org.apache.hadoop.ipc.DefaultRpcScheduler, ipcBackoff: false.
2019-09-26 16:39:23,732 [Socket Reader #1 for port 37653] INFO  ipc.Server (Server.java:run(1074)) - Starting Socket Reader #1 for port 37653
2019-09-26 16:39:23,734 [main] INFO  hdfs.DFSUtil (DFSUtil.java:httpServerTemplateForNNAndJN(1641)) - Starting Web-server for scm at: http://0.0.0.0:0
2019-09-26 16:39:23,737 [main] INFO  server.AuthenticationFilter (AuthenticationFilter.java:constructSecretProvider(240)) - Unable to initialize FileSignerSecretProvider, falling back to use random secrets.
2019-09-26 16:39:23,738 [main] WARN  http.HttpRequestLog (HttpRequestLog.java:getRequestLog(97)) - Jetty request log can only be enabled using Log4j
2019-09-26 16:39:23,741 [main] INFO  http.HttpServer2 (HttpServer2.java:addGlobalFilter(975)) - Added global filter 'safety' (class=org.apache.hadoop.http.HttpServer2$QuotingInputFilter)
2019-09-26 16:39:23,742 [main] INFO  http.HttpServer2 (HttpServer2.java:addFilter(948)) - Added filter static_user_filter (class=org.apache.hadoop.http.lib.StaticUserWebFilter$StaticUserFilter) to context scm
2019-09-26 16:39:23,742 [main] INFO  http.HttpServer2 (HttpServer2.java:addFilter(958)) - Added filter static_user_filter (class=org.apache.hadoop.http.lib.StaticUserWebFilter$StaticUserFilter) to context logs
2019-09-26 16:39:23,742 [main] INFO  http.HttpServer2 (HttpServer2.java:addFilter(958)) - Added filter static_user_filter (class=org.apache.hadoop.http.lib.StaticUserWebFilter$StaticUserFilter) to context static
2019-09-26 16:39:23,745 [main] INFO  server.StorageContainerManager (StorageContainerManager.java:start(770)) - StorageContainerLocationProtocol RPC server is listening at /0.0.0.0:37653
2019-09-26 16:39:23,747 [main] WARN  impl.MetricsConfig (MetricsConfig.java:loadFirst(134)) - Cannot locate configuration: tried hadoop-metrics2-storagecontainermanager.properties,hadoop-metrics2.properties
2019-09-26 16:39:23,749 [main] INFO  impl.MetricsSystemImpl (MetricsSystemImpl.java:startTimer(374)) - Scheduled Metric snapshot period at 10 second(s).
2019-09-26 16:39:23,749 [main] INFO  impl.MetricsSystemImpl (MetricsSystemImpl.java:start(191)) - StorageContainerManager metrics system started
2019-09-26 16:39:23,791 [main] WARN  impl.MetricsSystemImpl (MetricsSystemImpl.java:register(276)) - Sink prometheus already exists!
2019-09-26 16:39:23,840 [main] INFO  server.SCMClientProtocolServer (SCMClientProtocolServer.java:start(151)) - RPC server for Client  is listening at /0.0.0.0:37653
2019-09-26 16:39:23,840 [IPC Server Responder] INFO  ipc.Server (Server.java:run(1314)) - IPC Server Responder: starting
2019-09-26 16:39:23,840 [IPC Server listener on 37653] INFO  ipc.Server (Server.java:run(1153)) - IPC Server listener on 37653: starting
2019-09-26 16:39:23,845 [main] INFO  server.StorageContainerManager (StorageContainerManager.java:start(780)) - ScmBlockLocationProtocol RPC server is listening at /0.0.0.0:36095
2019-09-26 16:39:23,845 [main] INFO  server.SCMBlockProtocolServer (SCMBlockProtocolServer.java:start(146)) - RPC server for Block Protocol is listening at /0.0.0.0:36095
2019-09-26 16:39:23,845 [IPC Server Responder] INFO  ipc.Server (Server.java:run(1314)) - IPC Server Responder: starting
2019-09-26 16:39:23,847 [IPC Server listener on 36095] INFO  ipc.Server (Server.java:run(1153)) - IPC Server listener on 36095: starting
2019-09-26 16:39:23,850 [main] INFO  server.StorageContainerManager (StorageContainerManager.java:start(784)) - ScmDatanodeProtocl RPC server is listening at /0.0.0.0:35525
2019-09-26 16:39:23,850 [main] INFO  server.SCMDatanodeProtocolServer (SCMDatanodeProtocolServer.java:start(191)) - RPC server for DataNodes is listening at /0.0.0.0:35525
2019-09-26 16:39:23,850 [IPC Server Responder] INFO  ipc.Server (Server.java:run(1314)) - IPC Server Responder: starting
2019-09-26 16:39:23,851 [IPC Server listener on 35525] INFO  ipc.Server (Server.java:run(1153)) - IPC Server listener on 35525: starting
2019-09-26 16:39:23,855 [main] INFO  http.HttpServer2 (HttpServer2.java:bindListener(1191)) - Jetty bound to port 36900
2019-09-26 16:39:23,855 [main] INFO  server.Server (Server.java:doStart(351)) - jetty-9.3.25.v20180904, build timestamp: 2018-09-04T21:11:46Z, git hash: 3ce520221d0240229c862b122d2b06c12a625732
2019-09-26 16:39:23,857 [main] INFO  handler.ContextHandler (ContextHandler.java:doStart(781)) - Started o.e.j.s.ServletContextHandler@51fc862e{/logs,file:///workdir/hadoop-ozone/integration-test/target/log,AVAILABLE}
2019-09-26 16:39:23,857 [main] INFO  handler.ContextHandler (ContextHandler.java:doStart(781)) - Started o.e.j.s.ServletContextHandler@fe09383{/static,file:///workdir/hadoop-ozone/integration-test/target/test-classes/webapps/static,AVAILABLE}
2019-09-26 16:39:23,862 [main] INFO  handler.ContextHandler (ContextHandler.java:doStart(781)) - Started o.e.j.w.WebAppContext@706ddbc8{/,file:///workdir/hadoop-ozone/integration-test/target/test-classes/webapps/scm/,AVAILABLE}{/scm}
2019-09-26 16:39:23,862 [main] INFO  server.AbstractConnector (AbstractConnector.java:doStart(278)) - Started ServerConnector@fd09e43{HTTP/1.1,[http/1.1]}{0.0.0.0:36900}
2019-09-26 16:39:23,863 [main] INFO  server.Server (Server.java:doStart(419)) - Started @291713ms
2019-09-26 16:39:23,863 [main] WARN  impl.MetricsSystemImpl (MetricsSystemImpl.java:register(276)) - Sink prometheus already exists!
2019-09-26 16:39:23,864 [main] INFO  server.BaseHttpServer (BaseHttpServer.java:updateConnectorAddress(215)) - HTTP server of SCM is listening at http://0.0.0.0:36900
2019-09-26 16:39:23,866 [main] WARN  server.ServerUtils (ServerUtils.java:getDBPath(222)) - ozone.om.db.dirs is not configured. We recommend adding this setting. Falling back to ozone.metadata.dirs instead.
2019-09-26 16:39:23,866 [org.apache.hadoop.util.JvmPauseMonitor$Monitor@7ebe2e47] INFO  util.JvmPauseMonitor (JvmPauseMonitor.java:run(188)) - Starting JVM pause monitor
2019-09-26 16:39:23,880 [main] INFO  ha.OMHANodeDetails (OMHANodeDetails.java:loadOMHAConfig(194)) - Configuration either no ozone.om.address set. Falling back to the default OM address /127.0.0.1:0
2019-09-26 16:39:23,880 [main] INFO  ha.OMHANodeDetails (OMHANodeDetails.java:getOMNodeDetails(224)) - OM Service ID is not set. Setting it to the default ID: omServiceIdDefault
2019-09-26 16:39:23,880 [main] WARN  server.ServerUtils (ServerUtils.java:getDBPath(222)) - ozone.om.db.dirs is not configured. We recommend adding this setting. Falling back to ozone.metadata.dirs instead.
2019-09-26 16:39:23,881 [main] WARN  server.ServerUtils (ServerUtils.java:getDBPath(222)) - ozone.om.db.dirs is not configured. We recommend adding this setting. Falling back to ozone.metadata.dirs instead.
2019-09-26 16:39:23,889 [main] WARN  server.ServerUtils (ServerUtils.java:getDBPath(222)) - ozone.om.db.dirs is not configured. We recommend adding this setting. Falling back to ozone.metadata.dirs instead.
2019-09-26 16:39:23,889 [main] INFO  db.DBStoreBuilder (DBStoreBuilder.java:addTable(110)) - using custom profile for table: userTable
2019-09-26 16:39:23,889 [main] INFO  db.DBStoreBuilder (DBStoreBuilder.java:processTables(161)) - Using default column profile:DBProfile.DISK for Table:userTable
2019-09-26 16:39:23,889 [main] INFO  db.DBStoreBuilder (DBStoreBuilder.java:addTable(110)) - using custom profile for table: volumeTable
2019-09-26 16:39:23,890 [main] INFO  db.DBStoreBuilder (DBStoreBuilder.java:processTables(161)) - Using default column profile:DBProfile.DISK for Table:volumeTable
2019-09-26 16:39:23,890 [main] INFO  db.DBStoreBuilder (DBStoreBuilder.java:addTable(110)) - using custom profile for table: bucketTable
2019-09-26 16:39:23,890 [main] INFO  db.DBStoreBuilder (DBStoreBuilder.java:processTables(161)) - Using default column profile:DBProfile.DISK for Table:bucketTable
2019-09-26 16:39:23,890 [main] INFO  db.DBStoreBuilder (DBStoreBuilder.java:addTable(110)) - using custom profile for table: keyTable
2019-09-26 16:39:23,890 [main] INFO  db.DBStoreBuilder (DBStoreBuilder.java:processTables(161)) - Using default column profile:DBProfile.DISK for Table:keyTable
2019-09-26 16:39:23,891 [main] INFO  db.DBStoreBuilder (DBStoreBuilder.java:addTable(110)) - using custom profile for table: deletedTable
2019-09-26 16:39:23,891 [main] INFO  db.DBStoreBuilder (DBStoreBuilder.java:processTables(161)) - Using default column profile:DBProfile.DISK for Table:deletedTable
2019-09-26 16:39:23,891 [main] INFO  db.DBStoreBuilder (DBStoreBuilder.java:addTable(110)) - using custom profile for table: openKeyTable
2019-09-26 16:39:23,891 [main] INFO  db.DBStoreBuilder (DBStoreBuilder.java:processTables(161)) - Using default column profile:DBProfile.DISK for Table:openKeyTable
2019-09-26 16:39:23,891 [main] INFO  db.DBStoreBuilder (DBStoreBuilder.java:addTable(110)) - using custom profile for table: s3Table
2019-09-26 16:39:23,891 [main] INFO  db.DBStoreBuilder (DBStoreBuilder.java:processTables(161)) - Using default column profile:DBProfile.DISK for Table:s3Table
2019-09-26 16:39:23,892 [main] INFO  db.DBStoreBuilder (DBStoreBuilder.java:addTable(110)) - using custom profile for table: multipartInfoTable
2019-09-26 16:39:23,892 [main] INFO  db.DBStoreBuilder (DBStoreBuilder.java:processTables(161)) - Using default column profile:DBProfile.DISK for Table:multipartInfoTable
2019-09-26 16:39:23,892 [main] INFO  db.DBStoreBuilder (DBStoreBuilder.java:addTable(110)) - using custom profile for table: dTokenTable
2019-09-26 16:39:23,892 [main] INFO  db.DBStoreBuilder (DBStoreBuilder.java:processTables(161)) - Using default column profile:DBProfile.DISK for Table:dTokenTable
2019-09-26 16:39:23,892 [main] INFO  db.DBStoreBuilder (DBStoreBuilder.java:addTable(110)) - using custom profile for table: s3SecretTable
2019-09-26 16:39:23,893 [main] INFO  db.DBStoreBuilder (DBStoreBuilder.java:processTables(161)) - Using default column profile:DBProfile.DISK for Table:s3SecretTable
2019-09-26 16:39:23,893 [main] INFO  db.DBStoreBuilder (DBStoreBuilder.java:addTable(110)) - using custom profile for table: prefixTable
2019-09-26 16:39:23,893 [main] INFO  db.DBStoreBuilder (DBStoreBuilder.java:processTables(161)) - Using default column profile:DBProfile.DISK for Table:prefixTable
2019-09-26 16:39:23,893 [main] INFO  db.DBStoreBuilder (DBStoreBuilder.java:addTable(110)) - using custom profile for table: default
2019-09-26 16:39:23,893 [main] INFO  db.DBStoreBuilder (DBStoreBuilder.java:processTables(167)) - Using default column profile:DBProfile.DISK for Table:default
2019-09-26 16:39:23,894 [main] INFO  db.DBStoreBuilder (DBStoreBuilder.java:getDbProfile(198)) - Using default options. DBProfile.DISK
2019-09-26 16:39:24,391 [main] INFO  ipc.CallQueueManager (CallQueueManager.java:<init>(84)) - Using callQueue: class java.util.concurrent.LinkedBlockingQueue, queueCapacity: 2000, scheduler: class org.apache.hadoop.ipc.DefaultRpcScheduler, ipcBackoff: false.
2019-09-26 16:39:24,392 [Socket Reader #1 for port 32835] INFO  ipc.Server (Server.java:run(1074)) - Starting Socket Reader #1 for port 32835
2019-09-26 16:39:24,411 [main] INFO  om.OzoneManager (OzoneManager.java:start(1069)) - OzoneManager RPC server is listening at localhost/127.0.0.1:32835
2019-09-26 16:39:24,411 [main] INFO  impl.MetricsSystemImpl (MetricsSystemImpl.java:init(158)) - OzoneManager metrics system started (again)
2019-09-26 16:39:24,413 [IPC Server Responder] INFO  ipc.Server (Server.java:run(1314)) - IPC Server Responder: starting
2019-09-26 16:39:24,413 [IPC Server listener on 32835] INFO  ipc.Server (Server.java:run(1153)) - IPC Server listener on 32835: starting
2019-09-26 16:39:24,420 [main] INFO  hdfs.DFSUtil (DFSUtil.java:httpServerTemplateForNNAndJN(1641)) - Starting Web-server for ozoneManager at: http://0.0.0.0:0
2019-09-26 16:39:24,422 [main] INFO  server.AuthenticationFilter (AuthenticationFilter.java:constructSecretProvider(240)) - Unable to initialize FileSignerSecretProvider, falling back to use random secrets.
2019-09-26 16:39:24,422 [main] WARN  http.HttpRequestLog (HttpRequestLog.java:getRequestLog(97)) - Jetty request log can only be enabled using Log4j
2019-09-26 16:39:24,425 [main] INFO  http.HttpServer2 (HttpServer2.java:addGlobalFilter(975)) - Added global filter 'safety' (class=org.apache.hadoop.http.HttpServer2$QuotingInputFilter)
2019-09-26 16:39:24,425 [main] INFO  http.HttpServer2 (HttpServer2.java:addFilter(948)) - Added filter static_user_filter (class=org.apache.hadoop.http.lib.StaticUserWebFilter$StaticUserFilter) to context ozoneManager
2019-09-26 16:39:24,426 [main] INFO  http.HttpServer2 (HttpServer2.java:addFilter(958)) - Added filter static_user_filter (class=org.apache.hadoop.http.lib.StaticUserWebFilter$StaticUserFilter) to context logs
2019-09-26 16:39:24,426 [main] INFO  http.HttpServer2 (HttpServer2.java:addFilter(958)) - Added filter static_user_filter (class=org.apache.hadoop.http.lib.StaticUserWebFilter$StaticUserFilter) to context static
2019-09-26 16:39:24,427 [main] INFO  http.HttpServer2 (HttpServer2.java:bindListener(1191)) - Jetty bound to port 36239
2019-09-26 16:39:24,428 [main] INFO  server.Server (Server.java:doStart(351)) - jetty-9.3.25.v20180904, build timestamp: 2018-09-04T21:11:46Z, git hash: 3ce520221d0240229c862b122d2b06c12a625732
2019-09-26 16:39:24,430 [main] INFO  handler.ContextHandler (ContextHandler.java:doStart(781)) - Started o.e.j.s.ServletContextHandler@7e15f4d4{/logs,file:///workdir/hadoop-ozone/integration-test/target/log,AVAILABLE}
2019-09-26 16:39:24,431 [main] INFO  handler.ContextHandler (ContextHandler.java:doStart(781)) - Started o.e.j.s.ServletContextHandler@4eaf7902{/static,file:///workdir/hadoop-ozone/integration-test/target/test-classes/webapps/static,AVAILABLE}
2019-09-26 16:39:24,436 [main] INFO  handler.ContextHandler (ContextHandler.java:doStart(781)) - Started o.e.j.w.WebAppContext@1c57f6b2{/,file:///workdir/hadoop-ozone/integration-test/target/test-classes/webapps/ozoneManager/,AVAILABLE}{/ozoneManager}
2019-09-26 16:39:24,437 [main] INFO  server.AbstractConnector (AbstractConnector.java:doStart(278)) - Started ServerConnector@4b515eab{HTTP/1.1,[http/1.1]}{0.0.0.0:36239}
2019-09-26 16:39:24,438 [main] INFO  server.Server (Server.java:doStart(419)) - Started @292288ms
2019-09-26 16:39:24,439 [main] WARN  impl.MetricsSystemImpl (MetricsSystemImpl.java:register(276)) - Sink prometheus already exists!
2019-09-26 16:39:24,439 [main] INFO  server.BaseHttpServer (BaseHttpServer.java:updateConnectorAddress(215)) - HTTP server of OZONEMANAGER is listening at http://0.0.0.0:36239
2019-09-26 16:39:24,468 [main] INFO  impl.MetricsSystemImpl (MetricsSystemImpl.java:init(158)) - HddsDatanode metrics system started (again)
2019-09-26 16:39:24,470 [main] INFO  ozone.HddsDatanodeService (HddsDatanodeService.java:start(184)) - HddsDatanodeService host:pr-hdds-2162-htzpk-1451759861 ip:192.168.157.234
2019-09-26 16:39:24,477 [main] INFO  volume.HddsVolume (HddsVolume.java:<init>(176)) - Creating Volume: /workdir/hadoop-ozone/integration-test/target/test-dir/MiniOzoneClusterImpl-0d69453a-2620-4e4e-b2d5-320b1f4020d1/datanode-0/data/containers/hdds of  storage type : DISK and capacity : 1482555576320
2019-09-26 16:39:24,477 [main] INFO  volume.VolumeSet (VolumeSet.java:initializeVolumeSet(170)) - Added Volume : /workdir/hadoop-ozone/integration-test/target/test-dir/MiniOzoneClusterImpl-0d69453a-2620-4e4e-b2d5-320b1f4020d1/datanode-0/data/containers/hdds to VolumeSet
2019-09-26 16:39:24,478 [main] INFO  volume.ThrottledAsyncChecker (ThrottledAsyncChecker.java:schedule(139)) - Scheduling a check for org.apache.hadoop.ozone.container.common.volume.HddsVolume@3e39baf0
2019-09-26 16:39:24,479 [main] INFO  volume.HddsVolumeChecker (HddsVolumeChecker.java:checkAllVolumes(202)) - Scheduled health check for volume org.apache.hadoop.ozone.container.common.volume.HddsVolume@3e39baf0
2019-09-26 16:39:24,494 [main] INFO  impl.RaftServerProxy (ConfUtils.java:logGet(43)) - raft.rpc.type = GRPC (default)
2019-09-26 16:39:24,495 [main] INFO  grpc.GrpcFactory (GrpcFactory.java:checkPooledByteBufAllocatorUseCacheForAllThreads(45)) - PERFORMANCE WARNING: useCacheForAllThreads is true that may cause Netty to create a lot garbage objects and, as a result, trigger GC.
	It is recommended to disable useCacheForAllThreads by setting -Dorg.apache.ratis.thirdparty.io.netty.allocator.useCacheForAllThreads=false in command line.
2019-09-26 16:39:24,495 [main] INFO  grpc.GrpcConfigKeys$Server (ConfUtils.java:logGet(43)) - raft.grpc.server.port = 0 (default)
2019-09-26 16:39:24,495 [main] INFO  server.GrpcService (ConfUtils.java:logGet(43)) - raft.grpc.message.size.max = 33570816 (custom)
2019-09-26 16:39:24,495 [main] INFO  server.RaftServerConfigKeys (ConfUtils.java:logGet(43)) - raft.server.log.appender.buffer.byte-limit = 33554432 (custom)
2019-09-26 16:39:24,496 [main] INFO  server.GrpcService (ConfUtils.java:logGet(43)) - raft.grpc.flow.control.window = 1MB (=1048576) (default)
2019-09-26 16:39:24,496 [main] INFO  server.RaftServerConfigKeys (ConfUtils.java:logGet(43)) - raft.server.rpc.request.timeout = 3000ms (default)
2019-09-26 16:39:24,497 [main] INFO  server.RaftServerConfigKeys (ConfUtils.java:logGet(43)) - raft.server.storage.dir = [/workdir/hadoop-ozone/integration-test/target/test-dir/MiniOzoneClusterImpl-0d69453a-2620-4e4e-b2d5-320b1f4020d1/datanode-0/data/ratis] (custom)
2019-09-26 16:39:24,498 [main] INFO  hdfs.DFSUtil (DFSUtil.java:httpServerTemplateForNNAndJN(1641)) - Starting Web-server for hddsDatanode at: http://0.0.0.0:0
2019-09-26 16:39:24,500 [main] INFO  server.AuthenticationFilter (AuthenticationFilter.java:constructSecretProvider(240)) - Unable to initialize FileSignerSecretProvider, falling back to use random secrets.
2019-09-26 16:39:24,500 [main] WARN  http.HttpRequestLog (HttpRequestLog.java:getRequestLog(97)) - Jetty request log can only be enabled using Log4j
2019-09-26 16:39:24,501 [main] INFO  http.HttpServer2 (HttpServer2.java:addGlobalFilter(975)) - Added global filter 'safety' (class=org.apache.hadoop.http.HttpServer2$QuotingInputFilter)
2019-09-26 16:39:24,502 [main] INFO  http.HttpServer2 (HttpServer2.java:addFilter(948)) - Added filter static_user_filter (class=org.apache.hadoop.http.lib.StaticUserWebFilter$StaticUserFilter) to context hddsDatanode
2019-09-26 16:39:24,502 [main] INFO  http.HttpServer2 (HttpServer2.java:addFilter(958)) - Added filter static_user_filter (class=org.apache.hadoop.http.lib.StaticUserWebFilter$StaticUserFilter) to context logs
2019-09-26 16:39:24,502 [main] INFO  http.HttpServer2 (HttpServer2.java:addFilter(958)) - Added filter static_user_filter (class=org.apache.hadoop.http.lib.StaticUserWebFilter$StaticUserFilter) to context static
2019-09-26 16:39:24,503 [main] INFO  http.HttpServer2 (HttpServer2.java:bindListener(1191)) - Jetty bound to port 37435
2019-09-26 16:39:24,503 [main] INFO  server.Server (Server.java:doStart(351)) - jetty-9.3.25.v20180904, build timestamp: 2018-09-04T21:11:46Z, git hash: 3ce520221d0240229c862b122d2b06c12a625732
2019-09-26 16:39:24,505 [main] INFO  handler.ContextHandler (ContextHandler.java:doStart(781)) - Started o.e.j.s.ServletContextHandler@500051c5{/logs,file:///workdir/hadoop-ozone/integration-test/target/log,AVAILABLE}
2019-09-26 16:39:24,506 [main] INFO  handler.ContextHandler (ContextHandler.java:doStart(781)) - Started o.e.j.s.ServletContextHandler@4c19d42e{/static,jar:file:/home/user/.m2/repository/org/apache/hadoop/hadoop-hdds-container-service/0.5.0-SNAPSHOT/hadoop-hdds-container-service-0.5.0-SNAPSHOT.jar!/webapps/static,AVAILABLE}
2019-09-26 16:39:24,551 [main] INFO  handler.ContextHandler (ContextHandler.java:doStart(781)) - Started o.e.j.w.WebAppContext@c02670f{/,file:///tmp/jetty-0.0.0.0-37435-hddsDatanode-_-any-8693886361830802655.dir/webapp/,AVAILABLE}{/hddsDatanode}
2019-09-26 16:39:24,552 [main] INFO  server.AbstractConnector (AbstractConnector.java:doStart(278)) - Started ServerConnector@71179b6f{HTTP/1.1,[http/1.1]}{0.0.0.0:37435}
2019-09-26 16:39:24,553 [main] INFO  server.Server (Server.java:doStart(419)) - Started @292403ms
2019-09-26 16:39:24,553 [main] WARN  impl.MetricsSystemImpl (MetricsSystemImpl.java:register(276)) - Sink prometheus already exists!
2019-09-26 16:39:24,554 [main] INFO  server.BaseHttpServer (BaseHttpServer.java:updateConnectorAddress(215)) - HTTP server of HDDSDATANODE is listening at http://0.0.0.0:37435
2019-09-26 16:39:24,555 [main] INFO  impl.MetricsSystemImpl (MetricsSystemImpl.java:init(158)) - HddsDatanode metrics system started (again)
2019-09-26 16:39:24,558 [org.apache.hadoop.util.JvmPauseMonitor$Monitor@a35ad92] INFO  util.JvmPauseMonitor (JvmPauseMonitor.java:run(188)) - Starting JVM pause monitor
2019-09-26 16:39:24,558 [main] INFO  ozone.HddsDatanodeService (HddsDatanodeService.java:start(184)) - HddsDatanodeService host:pr-hdds-2162-htzpk-1451759861 ip:192.168.157.234
2019-09-26 16:39:24,561 [Datanode State Machine Thread - 0] INFO  datanode.InitDatanodeState (InitDatanodeState.java:persistContainerDatanodeDetails(140)) - DatanodeDetails is persisted to /workdir/hadoop-ozone/integration-test/target/test-dir/MiniOzoneClusterImpl-0d69453a-2620-4e4e-b2d5-320b1f4020d1/datanode-0/meta/datanode.id
2019-09-26 16:39:24,566 [main] INFO  volume.HddsVolume (HddsVolume.java:<init>(176)) - Creating Volume: /workdir/hadoop-ozone/integration-test/target/test-dir/MiniOzoneClusterImpl-0d69453a-2620-4e4e-b2d5-320b1f4020d1/datanode-1/data/containers/hdds of  storage type : DISK and capacity : 1482555576320
2019-09-26 16:39:24,566 [main] INFO  volume.VolumeSet (VolumeSet.java:initializeVolumeSet(170)) - Added Volume : /workdir/hadoop-ozone/integration-test/target/test-dir/MiniOzoneClusterImpl-0d69453a-2620-4e4e-b2d5-320b1f4020d1/datanode-1/data/containers/hdds to VolumeSet
2019-09-26 16:39:24,567 [main] INFO  volume.ThrottledAsyncChecker (ThrottledAsyncChecker.java:schedule(139)) - Scheduling a check for org.apache.hadoop.ozone.container.common.volume.HddsVolume@627ff1b8
2019-09-26 16:39:24,567 [main] INFO  volume.HddsVolumeChecker (HddsVolumeChecker.java:checkAllVolumes(202)) - Scheduled health check for volume org.apache.hadoop.ozone.container.common.volume.HddsVolume@627ff1b8
2019-09-26 16:39:24,589 [main] INFO  impl.RaftServerProxy (ConfUtils.java:logGet(43)) - raft.rpc.type = GRPC (default)
2019-09-26 16:39:24,590 [main] INFO  grpc.GrpcFactory (GrpcFactory.java:checkPooledByteBufAllocatorUseCacheForAllThreads(45)) - PERFORMANCE WARNING: useCacheForAllThreads is true that may cause Netty to create a lot garbage objects and, as a result, trigger GC.
	It is recommended to disable useCacheForAllThreads by setting -Dorg.apache.ratis.thirdparty.io.netty.allocator.useCacheForAllThreads=false in command line.
2019-09-26 16:39:24,590 [main] INFO  grpc.GrpcConfigKeys$Server (ConfUtils.java:logGet(43)) - raft.grpc.server.port = 0 (default)
2019-09-26 16:39:24,590 [main] INFO  server.GrpcService (ConfUtils.java:logGet(43)) - raft.grpc.message.size.max = 33570816 (custom)
2019-09-26 16:39:24,591 [main] INFO  server.RaftServerConfigKeys (ConfUtils.java:logGet(43)) - raft.server.log.appender.buffer.byte-limit = 33554432 (custom)
2019-09-26 16:39:24,591 [main] INFO  server.GrpcService (ConfUtils.java:logGet(43)) - raft.grpc.flow.control.window = 1MB (=1048576) (default)
2019-09-26 16:39:24,591 [main] INFO  server.RaftServerConfigKeys (ConfUtils.java:logGet(43)) - raft.server.rpc.request.timeout = 3000ms (default)
2019-09-26 16:39:24,592 [main] INFO  server.RaftServerConfigKeys (ConfUtils.java:logGet(43)) - raft.server.storage.dir = [/workdir/hadoop-ozone/integration-test/target/test-dir/MiniOzoneClusterImpl-0d69453a-2620-4e4e-b2d5-320b1f4020d1/datanode-1/data/ratis] (custom)
2019-09-26 16:39:24,594 [main] INFO  hdfs.DFSUtil (DFSUtil.java:httpServerTemplateForNNAndJN(1641)) - Starting Web-server for hddsDatanode at: http://0.0.0.0:0
2019-09-26 16:39:24,596 [main] INFO  server.AuthenticationFilter (AuthenticationFilter.java:constructSecretProvider(240)) - Unable to initialize FileSignerSecretProvider, falling back to use random secrets.
2019-09-26 16:39:24,596 [main] WARN  http.HttpRequestLog (HttpRequestLog.java:getRequestLog(97)) - Jetty request log can only be enabled using Log4j
2019-09-26 16:39:24,598 [main] INFO  http.HttpServer2 (HttpServer2.java:addGlobalFilter(975)) - Added global filter 'safety' (class=org.apache.hadoop.http.HttpServer2$QuotingInputFilter)
2019-09-26 16:39:24,599 [main] INFO  http.HttpServer2 (HttpServer2.java:addFilter(948)) - Added filter static_user_filter (class=org.apache.hadoop.http.lib.StaticUserWebFilter$StaticUserFilter) to context hddsDatanode
2019-09-26 16:39:24,599 [main] INFO  http.HttpServer2 (HttpServer2.java:addFilter(958)) - Added filter static_user_filter (class=org.apache.hadoop.http.lib.StaticUserWebFilter$StaticUserFilter) to context static
2019-09-26 16:39:24,599 [main] INFO  http.HttpServer2 (HttpServer2.java:addFilter(958)) - Added filter static_user_filter (class=org.apache.hadoop.http.lib.StaticUserWebFilter$StaticUserFilter) to context logs
2019-09-26 16:39:24,600 [main] INFO  http.HttpServer2 (HttpServer2.java:bindListener(1191)) - Jetty bound to port 43623
2019-09-26 16:39:24,601 [main] INFO  server.Server (Server.java:doStart(351)) - jetty-9.3.25.v20180904, build timestamp: 2018-09-04T21:11:46Z, git hash: 3ce520221d0240229c862b122d2b06c12a625732
2019-09-26 16:39:24,603 [main] INFO  handler.ContextHandler (ContextHandler.java:doStart(781)) - Started o.e.j.s.ServletContextHandler@65ef48f2{/logs,file:///workdir/hadoop-ozone/integration-test/target/log,AVAILABLE}
2019-09-26 16:39:24,603 [main] INFO  handler.ContextHandler (ContextHandler.java:doStart(781)) - Started o.e.j.s.ServletContextHandler@72543547{/static,jar:file:/home/user/.m2/repository/org/apache/hadoop/hadoop-hdds-container-service/0.5.0-SNAPSHOT/hadoop-hdds-container-service-0.5.0-SNAPSHOT.jar!/webapps/static,AVAILABLE}
2019-09-26 16:39:24,639 [main] INFO  handler.ContextHandler (ContextHandler.java:doStart(781)) - Started o.e.j.w.WebAppContext@6ecc02bb{/,file:///tmp/jetty-0.0.0.0-43623-hddsDatanode-_-any-2029447185382865422.dir/webapp/,AVAILABLE}{/hddsDatanode}
2019-09-26 16:39:24,640 [main] INFO  server.AbstractConnector (AbstractConnector.java:doStart(278)) - Started ServerConnector@31973858{HTTP/1.1,[http/1.1]}{0.0.0.0:43623}
2019-09-26 16:39:24,642 [main] INFO  server.Server (Server.java:doStart(419)) - Started @292492ms
2019-09-26 16:39:24,642 [main] WARN  impl.MetricsSystemImpl (MetricsSystemImpl.java:register(276)) - Sink prometheus already exists!
2019-09-26 16:39:24,643 [main] INFO  server.BaseHttpServer (BaseHttpServer.java:updateConnectorAddress(215)) - HTTP server of HDDSDATANODE is listening at http://0.0.0.0:43623
2019-09-26 16:39:24,643 [main] INFO  impl.MetricsSystemImpl (MetricsSystemImpl.java:init(158)) - HddsDatanode metrics system started (again)
2019-09-26 16:39:24,646 [org.apache.hadoop.util.JvmPauseMonitor$Monitor@163279e1] INFO  util.JvmPauseMonitor (JvmPauseMonitor.java:run(188)) - Starting JVM pause monitor
2019-09-26 16:39:24,646 [main] INFO  ozone.HddsDatanodeService (HddsDatanodeService.java:start(184)) - HddsDatanodeService host:pr-hdds-2162-htzpk-1451759861 ip:192.168.157.234
2019-09-26 16:39:24,648 [Datanode State Machine Thread - 0] INFO  datanode.InitDatanodeState (InitDatanodeState.java:persistContainerDatanodeDetails(140)) - DatanodeDetails is persisted to /workdir/hadoop-ozone/integration-test/target/test-dir/MiniOzoneClusterImpl-0d69453a-2620-4e4e-b2d5-320b1f4020d1/datanode-1/meta/datanode.id
2019-09-26 16:39:24,652 [main] INFO  volume.HddsVolume (HddsVolume.java:<init>(176)) - Creating Volume: /workdir/hadoop-ozone/integration-test/target/test-dir/MiniOzoneClusterImpl-0d69453a-2620-4e4e-b2d5-320b1f4020d1/datanode-2/data/containers/hdds of  storage type : DISK and capacity : 1482555576320
2019-09-26 16:39:24,653 [main] INFO  volume.VolumeSet (VolumeSet.java:initializeVolumeSet(170)) - Added Volume : /workdir/hadoop-ozone/integration-test/target/test-dir/MiniOzoneClusterImpl-0d69453a-2620-4e4e-b2d5-320b1f4020d1/datanode-2/data/containers/hdds to VolumeSet
2019-09-26 16:39:24,653 [main] INFO  volume.ThrottledAsyncChecker (ThrottledAsyncChecker.java:schedule(139)) - Scheduling a check for org.apache.hadoop.ozone.container.common.volume.HddsVolume@3b009e7b
2019-09-26 16:39:24,653 [main] INFO  volume.HddsVolumeChecker (HddsVolumeChecker.java:checkAllVolumes(202)) - Scheduled health check for volume org.apache.hadoop.ozone.container.common.volume.HddsVolume@3b009e7b
2019-09-26 16:39:24,669 [main] INFO  impl.RaftServerProxy (ConfUtils.java:logGet(43)) - raft.rpc.type = GRPC (default)
2019-09-26 16:39:24,670 [main] INFO  grpc.GrpcFactory (GrpcFactory.java:checkPooledByteBufAllocatorUseCacheForAllThreads(45)) - PERFORMANCE WARNING: useCacheForAllThreads is true that may cause Netty to create a lot garbage objects and, as a result, trigger GC.
	It is recommended to disable useCacheForAllThreads by setting -Dorg.apache.ratis.thirdparty.io.netty.allocator.useCacheForAllThreads=false in command line.
2019-09-26 16:39:24,670 [main] INFO  grpc.GrpcConfigKeys$Server (ConfUtils.java:logGet(43)) - raft.grpc.server.port = 0 (default)
2019-09-26 16:39:24,670 [main] INFO  server.GrpcService (ConfUtils.java:logGet(43)) - raft.grpc.message.size.max = 33570816 (custom)
2019-09-26 16:39:24,671 [main] INFO  server.RaftServerConfigKeys (ConfUtils.java:logGet(43)) - raft.server.log.appender.buffer.byte-limit = 33554432 (custom)
2019-09-26 16:39:24,671 [main] INFO  server.GrpcService (ConfUtils.java:logGet(43)) - raft.grpc.flow.control.window = 1MB (=1048576) (default)
2019-09-26 16:39:24,671 [main] INFO  server.RaftServerConfigKeys (ConfUtils.java:logGet(43)) - raft.server.rpc.request.timeout = 3000ms (default)
2019-09-26 16:39:24,672 [main] INFO  server.RaftServerConfigKeys (ConfUtils.java:logGet(43)) - raft.server.storage.dir = [/workdir/hadoop-ozone/integration-test/target/test-dir/MiniOzoneClusterImpl-0d69453a-2620-4e4e-b2d5-320b1f4020d1/datanode-2/data/ratis] (custom)
2019-09-26 16:39:24,673 [main] INFO  hdfs.DFSUtil (DFSUtil.java:httpServerTemplateForNNAndJN(1641)) - Starting Web-server for hddsDatanode at: http://0.0.0.0:0
2019-09-26 16:39:24,675 [main] INFO  server.AuthenticationFilter (AuthenticationFilter.java:constructSecretProvider(240)) - Unable to initialize FileSignerSecretProvider, falling back to use random secrets.
2019-09-26 16:39:24,675 [main] WARN  http.HttpRequestLog (HttpRequestLog.java:getRequestLog(97)) - Jetty request log can only be enabled using Log4j
2019-09-26 16:39:24,676 [main] INFO  http.HttpServer2 (HttpServer2.java:addGlobalFilter(975)) - Added global filter 'safety' (class=org.apache.hadoop.http.HttpServer2$QuotingInputFilter)
2019-09-26 16:39:24,677 [main] INFO  http.HttpServer2 (HttpServer2.java:addFilter(948)) - Added filter static_user_filter (class=org.apache.hadoop.http.lib.StaticUserWebFilter$StaticUserFilter) to context hddsDatanode
2019-09-26 16:39:24,677 [main] INFO  http.HttpServer2 (HttpServer2.java:addFilter(958)) - Added filter static_user_filter (class=org.apache.hadoop.http.lib.StaticUserWebFilter$StaticUserFilter) to context logs
2019-09-26 16:39:24,677 [main] INFO  http.HttpServer2 (HttpServer2.java:addFilter(958)) - Added filter static_user_filter (class=org.apache.hadoop.http.lib.StaticUserWebFilter$StaticUserFilter) to context static
2019-09-26 16:39:24,678 [main] INFO  http.HttpServer2 (HttpServer2.java:bindListener(1191)) - Jetty bound to port 41274
2019-09-26 16:39:24,678 [main] INFO  server.Server (Server.java:doStart(351)) - jetty-9.3.25.v20180904, build timestamp: 2018-09-04T21:11:46Z, git hash: 3ce520221d0240229c862b122d2b06c12a625732
2019-09-26 16:39:24,680 [main] INFO  handler.ContextHandler (ContextHandler.java:doStart(781)) - Started o.e.j.s.ServletContextHandler@cfd1075{/logs,file:///workdir/hadoop-ozone/integration-test/target/log,AVAILABLE}
2019-09-26 16:39:24,681 [main] INFO  handler.ContextHandler (ContextHandler.java:doStart(781)) - Started o.e.j.s.ServletContextHandler@7741771e{/static,jar:file:/home/user/.m2/repository/org/apache/hadoop/hadoop-hdds-container-service/0.5.0-SNAPSHOT/hadoop-hdds-container-service-0.5.0-SNAPSHOT.jar!/webapps/static,AVAILABLE}
2019-09-26 16:39:24,710 [main] INFO  handler.ContextHandler (ContextHandler.java:doStart(781)) - Started o.e.j.w.WebAppContext@7fda2001{/,file:///tmp/jetty-0.0.0.0-41274-hddsDatanode-_-any-8196844317572253316.dir/webapp/,AVAILABLE}{/hddsDatanode}
2019-09-26 16:39:24,711 [main] INFO  server.AbstractConnector (AbstractConnector.java:doStart(278)) - Started ServerConnector@162c1dfb{HTTP/1.1,[http/1.1]}{0.0.0.0:41274}
2019-09-26 16:39:24,712 [main] INFO  server.Server (Server.java:doStart(419)) - Started @292563ms
2019-09-26 16:39:24,713 [main] WARN  impl.MetricsSystemImpl (MetricsSystemImpl.java:register(276)) - Sink prometheus already exists!
2019-09-26 16:39:24,713 [main] INFO  server.BaseHttpServer (BaseHttpServer.java:updateConnectorAddress(215)) - HTTP server of HDDSDATANODE is listening at http://0.0.0.0:41274
2019-09-26 16:39:24,714 [main] INFO  impl.MetricsSystemImpl (MetricsSystemImpl.java:init(158)) - HddsDatanode metrics system started (again)
2019-09-26 16:39:24,716 [org.apache.hadoop.util.JvmPauseMonitor$Monitor@70aa07e2] INFO  util.JvmPauseMonitor (JvmPauseMonitor.java:run(188)) - Starting JVM pause monitor
2019-09-26 16:39:24,717 [main] INFO  ozone.HddsDatanodeService (HddsDatanodeService.java:start(184)) - HddsDatanodeService host:pr-hdds-2162-htzpk-1451759861 ip:192.168.157.234
2019-09-26 16:39:24,718 [Datanode State Machine Thread - 0] INFO  datanode.InitDatanodeState (InitDatanodeState.java:persistContainerDatanodeDetails(140)) - DatanodeDetails is persisted to /workdir/hadoop-ozone/integration-test/target/test-dir/MiniOzoneClusterImpl-0d69453a-2620-4e4e-b2d5-320b1f4020d1/datanode-2/meta/datanode.id
2019-09-26 16:39:24,722 [main] INFO  volume.HddsVolume (HddsVolume.java:<init>(176)) - Creating Volume: /workdir/hadoop-ozone/integration-test/target/test-dir/MiniOzoneClusterImpl-0d69453a-2620-4e4e-b2d5-320b1f4020d1/datanode-3/data/containers/hdds of  storage type : DISK and capacity : 1482555576320
2019-09-26 16:39:24,723 [main] INFO  volume.VolumeSet (VolumeSet.java:initializeVolumeSet(170)) - Added Volume : /workdir/hadoop-ozone/integration-test/target/test-dir/MiniOzoneClusterImpl-0d69453a-2620-4e4e-b2d5-320b1f4020d1/datanode-3/data/containers/hdds to VolumeSet
2019-09-26 16:39:24,723 [main] INFO  volume.ThrottledAsyncChecker (ThrottledAsyncChecker.java:schedule(139)) - Scheduling a check for org.apache.hadoop.ozone.container.common.volume.HddsVolume@52454457
2019-09-26 16:39:24,723 [main] INFO  volume.HddsVolumeChecker (HddsVolumeChecker.java:checkAllVolumes(202)) - Scheduled health check for volume org.apache.hadoop.ozone.container.common.volume.HddsVolume@52454457
2019-09-26 16:39:24,735 [main] INFO  impl.RaftServerProxy (ConfUtils.java:logGet(43)) - raft.rpc.type = GRPC (default)
2019-09-26 16:39:24,736 [main] INFO  grpc.GrpcFactory (GrpcFactory.java:checkPooledByteBufAllocatorUseCacheForAllThreads(45)) - PERFORMANCE WARNING: useCacheForAllThreads is true that may cause Netty to create a lot garbage objects and, as a result, trigger GC.
	It is recommended to disable useCacheForAllThreads by setting -Dorg.apache.ratis.thirdparty.io.netty.allocator.useCacheForAllThreads=false in command line.
2019-09-26 16:39:24,736 [main] INFO  grpc.GrpcConfigKeys$Server (ConfUtils.java:logGet(43)) - raft.grpc.server.port = 0 (default)
2019-09-26 16:39:24,736 [main] INFO  server.GrpcService (ConfUtils.java:logGet(43)) - raft.grpc.message.size.max = 33570816 (custom)
2019-09-26 16:39:24,736 [main] INFO  server.RaftServerConfigKeys (ConfUtils.java:logGet(43)) - raft.server.log.appender.buffer.byte-limit = 33554432 (custom)
2019-09-26 16:39:24,737 [main] INFO  server.GrpcService (ConfUtils.java:logGet(43)) - raft.grpc.flow.control.window = 1MB (=1048576) (default)
2019-09-26 16:39:24,737 [main] INFO  server.RaftServerConfigKeys (ConfUtils.java:logGet(43)) - raft.server.rpc.request.timeout = 3000ms (default)
2019-09-26 16:39:24,737 [main] INFO  server.RaftServerConfigKeys (ConfUtils.java:logGet(43)) - raft.server.storage.dir = [/workdir/hadoop-ozone/integration-test/target/test-dir/MiniOzoneClusterImpl-0d69453a-2620-4e4e-b2d5-320b1f4020d1/datanode-3/data/ratis] (custom)
2019-09-26 16:39:24,739 [main] INFO  hdfs.DFSUtil (DFSUtil.java:httpServerTemplateForNNAndJN(1641)) - Starting Web-server for hddsDatanode at: http://0.0.0.0:0
2019-09-26 16:39:24,740 [main] INFO  server.AuthenticationFilter (AuthenticationFilter.java:constructSecretProvider(240)) - Unable to initialize FileSignerSecretProvider, falling back to use random secrets.
2019-09-26 16:39:24,740 [main] WARN  http.HttpRequestLog (HttpRequestLog.java:getRequestLog(97)) - Jetty request log can only be enabled using Log4j
2019-09-26 16:39:24,742 [main] INFO  http.HttpServer2 (HttpServer2.java:addGlobalFilter(975)) - Added global filter 'safety' (class=org.apache.hadoop.http.HttpServer2$QuotingInputFilter)
2019-09-26 16:39:24,742 [main] INFO  http.HttpServer2 (HttpServer2.java:addFilter(948)) - Added filter static_user_filter (class=org.apache.hadoop.http.lib.StaticUserWebFilter$StaticUserFilter) to context hddsDatanode
2019-09-26 16:39:24,742 [main] INFO  http.HttpServer2 (HttpServer2.java:addFilter(958)) - Added filter static_user_filter (class=org.apache.hadoop.http.lib.StaticUserWebFilter$StaticUserFilter) to context static
2019-09-26 16:39:24,742 [main] INFO  http.HttpServer2 (HttpServer2.java:addFilter(958)) - Added filter static_user_filter (class=org.apache.hadoop.http.lib.StaticUserWebFilter$StaticUserFilter) to context logs
2019-09-26 16:39:24,743 [main] INFO  http.HttpServer2 (HttpServer2.java:bindListener(1191)) - Jetty bound to port 36763
2019-09-26 16:39:24,743 [main] INFO  server.Server (Server.java:doStart(351)) - jetty-9.3.25.v20180904, build timestamp: 2018-09-04T21:11:46Z, git hash: 3ce520221d0240229c862b122d2b06c12a625732
2019-09-26 16:39:24,745 [main] INFO  handler.ContextHandler (ContextHandler.java:doStart(781)) - Started o.e.j.s.ServletContextHandler@5f8d9767{/logs,file:///workdir/hadoop-ozone/integration-test/target/log,AVAILABLE}
2019-09-26 16:39:24,745 [main] INFO  handler.ContextHandler (ContextHandler.java:doStart(781)) - Started o.e.j.s.ServletContextHandler@62b09715{/static,jar:file:/home/user/.m2/repository/org/apache/hadoop/hadoop-hdds-container-service/0.5.0-SNAPSHOT/hadoop-hdds-container-service-0.5.0-SNAPSHOT.jar!/webapps/static,AVAILABLE}
2019-09-26 16:39:24,773 [main] INFO  handler.ContextHandler (ContextHandler.java:doStart(781)) - Started o.e.j.w.WebAppContext@7a1b8a46{/,file:///tmp/jetty-0.0.0.0-36763-hddsDatanode-_-any-3814309313380366873.dir/webapp/,AVAILABLE}{/hddsDatanode}
2019-09-26 16:39:24,774 [main] INFO  server.AbstractConnector (AbstractConnector.java:doStart(278)) - Started ServerConnector@2921199d{HTTP/1.1,[http/1.1]}{0.0.0.0:36763}
2019-09-26 16:39:24,775 [main] INFO  server.Server (Server.java:doStart(419)) - Started @292625ms
2019-09-26 16:39:24,775 [main] WARN  impl.MetricsSystemImpl (MetricsSystemImpl.java:register(276)) - Sink prometheus already exists!
2019-09-26 16:39:24,776 [main] INFO  server.BaseHttpServer (BaseHttpServer.java:updateConnectorAddress(215)) - HTTP server of HDDSDATANODE is listening at http://0.0.0.0:36763
2019-09-26 16:39:24,776 [main] INFO  impl.MetricsSystemImpl (MetricsSystemImpl.java:init(158)) - HddsDatanode metrics system started (again)
2019-09-26 16:39:24,779 [org.apache.hadoop.util.JvmPauseMonitor$Monitor@53949053] INFO  util.JvmPauseMonitor (JvmPauseMonitor.java:run(188)) - Starting JVM pause monitor
2019-09-26 16:39:24,779 [main] INFO  ozone.HddsDatanodeService (HddsDatanodeService.java:start(184)) - HddsDatanodeService host:pr-hdds-2162-htzpk-1451759861 ip:192.168.157.234
2019-09-26 16:39:24,781 [Datanode State Machine Thread - 0] INFO  datanode.InitDatanodeState (InitDatanodeState.java:persistContainerDatanodeDetails(140)) - DatanodeDetails is persisted to /workdir/hadoop-ozone/integration-test/target/test-dir/MiniOzoneClusterImpl-0d69453a-2620-4e4e-b2d5-320b1f4020d1/datanode-3/meta/datanode.id
2019-09-26 16:39:24,785 [main] INFO  volume.HddsVolume (HddsVolume.java:<init>(176)) - Creating Volume: /workdir/hadoop-ozone/integration-test/target/test-dir/MiniOzoneClusterImpl-0d69453a-2620-4e4e-b2d5-320b1f4020d1/datanode-4/data/containers/hdds of  storage type : DISK and capacity : 1482555576320
2019-09-26 16:39:24,785 [main] INFO  volume.VolumeSet (VolumeSet.java:initializeVolumeSet(170)) - Added Volume : /workdir/hadoop-ozone/integration-test/target/test-dir/MiniOzoneClusterImpl-0d69453a-2620-4e4e-b2d5-320b1f4020d1/datanode-4/data/containers/hdds to VolumeSet
2019-09-26 16:39:24,785 [main] INFO  volume.ThrottledAsyncChecker (ThrottledAsyncChecker.java:schedule(139)) - Scheduling a check for org.apache.hadoop.ozone.container.common.volume.HddsVolume@64aeaf29
2019-09-26 16:39:24,786 [main] INFO  volume.HddsVolumeChecker (HddsVolumeChecker.java:checkAllVolumes(202)) - Scheduled health check for volume org.apache.hadoop.ozone.container.common.volume.HddsVolume@64aeaf29
2019-09-26 16:39:24,798 [main] INFO  impl.RaftServerProxy (ConfUtils.java:logGet(43)) - raft.rpc.type = GRPC (default)
2019-09-26 16:39:24,798 [main] INFO  grpc.GrpcFactory (GrpcFactory.java:checkPooledByteBufAllocatorUseCacheForAllThreads(45)) - PERFORMANCE WARNING: useCacheForAllThreads is true that may cause Netty to create a lot garbage objects and, as a result, trigger GC.
	It is recommended to disable useCacheForAllThreads by setting -Dorg.apache.ratis.thirdparty.io.netty.allocator.useCacheForAllThreads=false in command line.
2019-09-26 16:39:24,798 [main] INFO  grpc.GrpcConfigKeys$Server (ConfUtils.java:logGet(43)) - raft.grpc.server.port = 0 (default)
2019-09-26 16:39:24,798 [main] INFO  server.GrpcService (ConfUtils.java:logGet(43)) - raft.grpc.message.size.max = 33570816 (custom)
2019-09-26 16:39:24,798 [main] INFO  server.RaftServerConfigKeys (ConfUtils.java:logGet(43)) - raft.server.log.appender.buffer.byte-limit = 33554432 (custom)
2019-09-26 16:39:24,799 [main] INFO  server.GrpcService (ConfUtils.java:logGet(43)) - raft.grpc.flow.control.window = 1MB (=1048576) (default)
2019-09-26 16:39:24,799 [main] INFO  server.RaftServerConfigKeys (ConfUtils.java:logGet(43)) - raft.server.rpc.request.timeout = 3000ms (default)
2019-09-26 16:39:24,799 [main] INFO  server.RaftServerConfigKeys (ConfUtils.java:logGet(43)) - raft.server.storage.dir = [/workdir/hadoop-ozone/integration-test/target/test-dir/MiniOzoneClusterImpl-0d69453a-2620-4e4e-b2d5-320b1f4020d1/datanode-4/data/ratis] (custom)
2019-09-26 16:39:24,800 [main] INFO  hdfs.DFSUtil (DFSUtil.java:httpServerTemplateForNNAndJN(1641)) - Starting Web-server for hddsDatanode at: http://0.0.0.0:0
2019-09-26 16:39:24,801 [main] INFO  server.AuthenticationFilter (AuthenticationFilter.java:constructSecretProvider(240)) - Unable to initialize FileSignerSecretProvider, falling back to use random secrets.
2019-09-26 16:39:24,802 [main] WARN  http.HttpRequestLog (HttpRequestLog.java:getRequestLog(97)) - Jetty request log can only be enabled using Log4j
2019-09-26 16:39:24,803 [main] INFO  http.HttpServer2 (HttpServer2.java:addGlobalFilter(975)) - Added global filter 'safety' (class=org.apache.hadoop.http.HttpServer2$QuotingInputFilter)
2019-09-26 16:39:24,803 [main] INFO  http.HttpServer2 (HttpServer2.java:addFilter(948)) - Added filter static_user_filter (class=org.apache.hadoop.http.lib.StaticUserWebFilter$StaticUserFilter) to context hddsDatanode
2019-09-26 16:39:24,804 [main] INFO  http.HttpServer2 (HttpServer2.java:addFilter(958)) - Added filter static_user_filter (class=org.apache.hadoop.http.lib.StaticUserWebFilter$StaticUserFilter) to context logs
2019-09-26 16:39:24,804 [main] INFO  http.HttpServer2 (HttpServer2.java:addFilter(958)) - Added filter static_user_filter (class=org.apache.hadoop.http.lib.StaticUserWebFilter$StaticUserFilter) to context static
2019-09-26 16:39:24,804 [main] INFO  http.HttpServer2 (HttpServer2.java:bindListener(1191)) - Jetty bound to port 39590
2019-09-26 16:39:24,805 [main] INFO  server.Server (Server.java:doStart(351)) - jetty-9.3.25.v20180904, build timestamp: 2018-09-04T21:11:46Z, git hash: 3ce520221d0240229c862b122d2b06c12a625732
2019-09-26 16:39:24,806 [main] INFO  handler.ContextHandler (ContextHandler.java:doStart(781)) - Started o.e.j.s.ServletContextHandler@15a3b42{/logs,file:///workdir/hadoop-ozone/integration-test/target/log,AVAILABLE}
2019-09-26 16:39:24,807 [main] INFO  handler.ContextHandler (ContextHandler.java:doStart(781)) - Started o.e.j.s.ServletContextHandler@17207f5b{/static,jar:file:/home/user/.m2/repository/org/apache/hadoop/hadoop-hdds-container-service/0.5.0-SNAPSHOT/hadoop-hdds-container-service-0.5.0-SNAPSHOT.jar!/webapps/static,AVAILABLE}
2019-09-26 16:39:24,834 [main] INFO  handler.ContextHandler (ContextHandler.java:doStart(781)) - Started o.e.j.w.WebAppContext@5d878b25{/,file:///tmp/jetty-0.0.0.0-39590-hddsDatanode-_-any-5679313416701087125.dir/webapp/,AVAILABLE}{/hddsDatanode}
2019-09-26 16:39:24,834 [main] INFO  server.AbstractConnector (AbstractConnector.java:doStart(278)) - Started ServerConnector@28279a49{HTTP/1.1,[http/1.1]}{0.0.0.0:39590}
2019-09-26 16:39:24,836 [main] INFO  server.Server (Server.java:doStart(419)) - Started @292686ms
2019-09-26 16:39:24,836 [main] WARN  impl.MetricsSystemImpl (MetricsSystemImpl.java:register(276)) - Sink prometheus already exists!
2019-09-26 16:39:24,837 [main] INFO  server.BaseHttpServer (BaseHttpServer.java:updateConnectorAddress(215)) - HTTP server of HDDSDATANODE is listening at http://0.0.0.0:39590
2019-09-26 16:39:24,837 [main] INFO  impl.MetricsSystemImpl (MetricsSystemImpl.java:init(158)) - HddsDatanode metrics system started (again)
2019-09-26 16:39:24,840 [org.apache.hadoop.util.JvmPauseMonitor$Monitor@1a42dcf0] INFO  util.JvmPauseMonitor (JvmPauseMonitor.java:run(188)) - Starting JVM pause monitor
2019-09-26 16:39:24,840 [main] INFO  ozone.HddsDatanodeService (HddsDatanodeService.java:start(184)) - HddsDatanodeService host:pr-hdds-2162-htzpk-1451759861 ip:192.168.157.234
2019-09-26 16:39:24,842 [Datanode State Machine Thread - 0] INFO  datanode.InitDatanodeState (InitDatanodeState.java:persistContainerDatanodeDetails(140)) - DatanodeDetails is persisted to /workdir/hadoop-ozone/integration-test/target/test-dir/MiniOzoneClusterImpl-0d69453a-2620-4e4e-b2d5-320b1f4020d1/datanode-4/meta/datanode.id
2019-09-26 16:39:24,846 [main] INFO  volume.HddsVolume (HddsVolume.java:<init>(176)) - Creating Volume: /workdir/hadoop-ozone/integration-test/target/test-dir/MiniOzoneClusterImpl-0d69453a-2620-4e4e-b2d5-320b1f4020d1/datanode-5/data/containers/hdds of  storage type : DISK and capacity : 1482555576320
2019-09-26 16:39:24,846 [main] INFO  volume.VolumeSet (VolumeSet.java:initializeVolumeSet(170)) - Added Volume : /workdir/hadoop-ozone/integration-test/target/test-dir/MiniOzoneClusterImpl-0d69453a-2620-4e4e-b2d5-320b1f4020d1/datanode-5/data/containers/hdds to VolumeSet
2019-09-26 16:39:24,846 [main] INFO  volume.ThrottledAsyncChecker (ThrottledAsyncChecker.java:schedule(139)) - Scheduling a check for org.apache.hadoop.ozone.container.common.volume.HddsVolume@2b08772d
2019-09-26 16:39:24,847 [main] INFO  volume.HddsVolumeChecker (HddsVolumeChecker.java:checkAllVolumes(202)) - Scheduled health check for volume org.apache.hadoop.ozone.container.common.volume.HddsVolume@2b08772d
2019-09-26 16:39:24,858 [main] INFO  impl.RaftServerProxy (ConfUtils.java:logGet(43)) - raft.rpc.type = GRPC (default)
2019-09-26 16:39:24,858 [main] INFO  grpc.GrpcFactory (GrpcFactory.java:checkPooledByteBufAllocatorUseCacheForAllThreads(45)) - PERFORMANCE WARNING: useCacheForAllThreads is true that may cause Netty to create a lot garbage objects and, as a result, trigger GC.
	It is recommended to disable useCacheForAllThreads by setting -Dorg.apache.ratis.thirdparty.io.netty.allocator.useCacheForAllThreads=false in command line.
2019-09-26 16:39:24,858 [main] INFO  grpc.GrpcConfigKeys$Server (ConfUtils.java:logGet(43)) - raft.grpc.server.port = 0 (default)
2019-09-26 16:39:24,858 [main] INFO  server.GrpcService (ConfUtils.java:logGet(43)) - raft.grpc.message.size.max = 33570816 (custom)
2019-09-26 16:39:24,859 [main] INFO  server.RaftServerConfigKeys (ConfUtils.java:logGet(43)) - raft.server.log.appender.buffer.byte-limit = 33554432 (custom)
2019-09-26 16:39:24,859 [main] INFO  server.GrpcService (ConfUtils.java:logGet(43)) - raft.grpc.flow.control.window = 1MB (=1048576) (default)
2019-09-26 16:39:24,859 [main] INFO  server.RaftServerConfigKeys (ConfUtils.java:logGet(43)) - raft.server.rpc.request.timeout = 3000ms (default)
2019-09-26 16:39:24,859 [main] INFO  server.RaftServerConfigKeys (ConfUtils.java:logGet(43)) - raft.server.storage.dir = [/workdir/hadoop-ozone/integration-test/target/test-dir/MiniOzoneClusterImpl-0d69453a-2620-4e4e-b2d5-320b1f4020d1/datanode-5/data/ratis] (custom)
2019-09-26 16:39:24,861 [main] INFO  hdfs.DFSUtil (DFSUtil.java:httpServerTemplateForNNAndJN(1641)) - Starting Web-server for hddsDatanode at: http://0.0.0.0:0
2019-09-26 16:39:24,862 [main] INFO  server.AuthenticationFilter (AuthenticationFilter.java:constructSecretProvider(240)) - Unable to initialize FileSignerSecretProvider, falling back to use random secrets.
2019-09-26 16:39:24,862 [main] WARN  http.HttpRequestLog (HttpRequestLog.java:getRequestLog(97)) - Jetty request log can only be enabled using Log4j
2019-09-26 16:39:24,863 [main] INFO  http.HttpServer2 (HttpServer2.java:addGlobalFilter(975)) - Added global filter 'safety' (class=org.apache.hadoop.http.HttpServer2$QuotingInputFilter)
2019-09-26 16:39:24,864 [main] INFO  http.HttpServer2 (HttpServer2.java:addFilter(948)) - Added filter static_user_filter (class=org.apache.hadoop.http.lib.StaticUserWebFilter$StaticUserFilter) to context hddsDatanode
2019-09-26 16:39:24,864 [main] INFO  http.HttpServer2 (HttpServer2.java:addFilter(958)) - Added filter static_user_filter (class=org.apache.hadoop.http.lib.StaticUserWebFilter$StaticUserFilter) to context static
2019-09-26 16:39:24,864 [main] INFO  http.HttpServer2 (HttpServer2.java:addFilter(958)) - Added filter static_user_filter (class=org.apache.hadoop.http.lib.StaticUserWebFilter$StaticUserFilter) to context logs
2019-09-26 16:39:24,865 [main] INFO  http.HttpServer2 (HttpServer2.java:bindListener(1191)) - Jetty bound to port 40019
2019-09-26 16:39:24,865 [main] INFO  server.Server (Server.java:doStart(351)) - jetty-9.3.25.v20180904, build timestamp: 2018-09-04T21:11:46Z, git hash: 3ce520221d0240229c862b122d2b06c12a625732
2019-09-26 16:39:24,866 [main] INFO  handler.ContextHandler (ContextHandler.java:doStart(781)) - Started o.e.j.s.ServletContextHandler@637791d{/logs,file:///workdir/hadoop-ozone/integration-test/target/log,AVAILABLE}
2019-09-26 16:39:24,867 [main] INFO  handler.ContextHandler (ContextHandler.java:doStart(781)) - Started o.e.j.s.ServletContextHandler@60f77af{/static,jar:file:/home/user/.m2/repository/org/apache/hadoop/hadoop-hdds-container-service/0.5.0-SNAPSHOT/hadoop-hdds-container-service-0.5.0-SNAPSHOT.jar!/webapps/static,AVAILABLE}
2019-09-26 16:39:24,894 [main] INFO  handler.ContextHandler (ContextHandler.java:doStart(781)) - Started o.e.j.w.WebAppContext@6b4125ed{/,file:///tmp/jetty-0.0.0.0-40019-hddsDatanode-_-any-1534751893026365080.dir/webapp/,AVAILABLE}{/hddsDatanode}
2019-09-26 16:39:24,894 [main] INFO  server.AbstractConnector (AbstractConnector.java:doStart(278)) - Started ServerConnector@78da899f{HTTP/1.1,[http/1.1]}{0.0.0.0:40019}
2019-09-26 16:39:24,896 [main] INFO  server.Server (Server.java:doStart(419)) - Started @292746ms
2019-09-26 16:39:24,896 [main] WARN  impl.MetricsSystemImpl (MetricsSystemImpl.java:register(276)) - Sink prometheus already exists!
2019-09-26 16:39:24,896 [main] INFO  server.BaseHttpServer (BaseHttpServer.java:updateConnectorAddress(215)) - HTTP server of HDDSDATANODE is listening at http://0.0.0.0:40019
2019-09-26 16:39:24,897 [main] INFO  impl.MetricsSystemImpl (MetricsSystemImpl.java:init(158)) - HddsDatanode metrics system started (again)
2019-09-26 16:39:24,900 [main] INFO  ozone.HddsDatanodeService (HddsDatanodeService.java:start(184)) - HddsDatanodeService host:pr-hdds-2162-htzpk-1451759861 ip:192.168.157.234
2019-09-26 16:39:24,901 [org.apache.hadoop.util.JvmPauseMonitor$Monitor@14b178b6] INFO  util.JvmPauseMonitor (JvmPauseMonitor.java:run(188)) - Starting JVM pause monitor
2019-09-26 16:39:24,902 [Datanode State Machine Thread - 0] INFO  datanode.InitDatanodeState (InitDatanodeState.java:persistContainerDatanodeDetails(140)) - DatanodeDetails is persisted to /workdir/hadoop-ozone/integration-test/target/test-dir/MiniOzoneClusterImpl-0d69453a-2620-4e4e-b2d5-320b1f4020d1/datanode-5/meta/datanode.id
2019-09-26 16:39:24,906 [main] INFO  volume.HddsVolume (HddsVolume.java:<init>(176)) - Creating Volume: /workdir/hadoop-ozone/integration-test/target/test-dir/MiniOzoneClusterImpl-0d69453a-2620-4e4e-b2d5-320b1f4020d1/datanode-6/data/containers/hdds of  storage type : DISK and capacity : 1482555576320
2019-09-26 16:39:24,907 [main] INFO  volume.VolumeSet (VolumeSet.java:initializeVolumeSet(170)) - Added Volume : /workdir/hadoop-ozone/integration-test/target/test-dir/MiniOzoneClusterImpl-0d69453a-2620-4e4e-b2d5-320b1f4020d1/datanode-6/data/containers/hdds to VolumeSet
2019-09-26 16:39:24,907 [main] INFO  volume.ThrottledAsyncChecker (ThrottledAsyncChecker.java:schedule(139)) - Scheduling a check for org.apache.hadoop.ozone.container.common.volume.HddsVolume@cde8c6c
2019-09-26 16:39:24,907 [main] INFO  volume.HddsVolumeChecker (HddsVolumeChecker.java:checkAllVolumes(202)) - Scheduled health check for volume org.apache.hadoop.ozone.container.common.volume.HddsVolume@cde8c6c
2019-09-26 16:39:24,918 [main] INFO  impl.RaftServerProxy (ConfUtils.java:logGet(43)) - raft.rpc.type = GRPC (default)
2019-09-26 16:39:24,918 [main] INFO  grpc.GrpcFactory (GrpcFactory.java:checkPooledByteBufAllocatorUseCacheForAllThreads(45)) - PERFORMANCE WARNING: useCacheForAllThreads is true that may cause Netty to create a lot garbage objects and, as a result, trigger GC.
	It is recommended to disable useCacheForAllThreads by setting -Dorg.apache.ratis.thirdparty.io.netty.allocator.useCacheForAllThreads=false in command line.
2019-09-26 16:39:24,919 [main] INFO  grpc.GrpcConfigKeys$Server (ConfUtils.java:logGet(43)) - raft.grpc.server.port = 0 (default)
2019-09-26 16:39:24,919 [main] INFO  server.GrpcService (ConfUtils.java:logGet(43)) - raft.grpc.message.size.max = 33570816 (custom)
2019-09-26 16:39:24,919 [main] INFO  server.RaftServerConfigKeys (ConfUtils.java:logGet(43)) - raft.server.log.appender.buffer.byte-limit = 33554432 (custom)
2019-09-26 16:39:24,919 [main] INFO  server.GrpcService (ConfUtils.java:logGet(43)) - raft.grpc.flow.control.window = 1MB (=1048576) (default)
2019-09-26 16:39:24,919 [main] INFO  server.RaftServerConfigKeys (ConfUtils.java:logGet(43)) - raft.server.rpc.request.timeout = 3000ms (default)
2019-09-26 16:39:24,920 [main] INFO  server.RaftServerConfigKeys (ConfUtils.java:logGet(43)) - raft.server.storage.dir = [/workdir/hadoop-ozone/integration-test/target/test-dir/MiniOzoneClusterImpl-0d69453a-2620-4e4e-b2d5-320b1f4020d1/datanode-6/data/ratis] (custom)
2019-09-26 16:39:24,921 [main] INFO  hdfs.DFSUtil (DFSUtil.java:httpServerTemplateForNNAndJN(1641)) - Starting Web-server for hddsDatanode at: http://0.0.0.0:0
2019-09-26 16:39:24,922 [main] INFO  server.AuthenticationFilter (AuthenticationFilter.java:constructSecretProvider(240)) - Unable to initialize FileSignerSecretProvider, falling back to use random secrets.
2019-09-26 16:39:24,922 [main] WARN  http.HttpRequestLog (HttpRequestLog.java:getRequestLog(97)) - Jetty request log can only be enabled using Log4j
2019-09-26 16:39:24,923 [main] INFO  http.HttpServer2 (HttpServer2.java:addGlobalFilter(975)) - Added global filter 'safety' (class=org.apache.hadoop.http.HttpServer2$QuotingInputFilter)
2019-09-26 16:39:24,924 [main] INFO  http.HttpServer2 (HttpServer2.java:addFilter(948)) - Added filter static_user_filter (class=org.apache.hadoop.http.lib.StaticUserWebFilter$StaticUserFilter) to context hddsDatanode
2019-09-26 16:39:24,924 [main] INFO  http.HttpServer2 (HttpServer2.java:addFilter(958)) - Added filter static_user_filter (class=org.apache.hadoop.http.lib.StaticUserWebFilter$StaticUserFilter) to context static
2019-09-26 16:39:24,924 [main] INFO  http.HttpServer2 (HttpServer2.java:addFilter(958)) - Added filter static_user_filter (class=org.apache.hadoop.http.lib.StaticUserWebFilter$StaticUserFilter) to context logs
2019-09-26 16:39:24,925 [main] INFO  http.HttpServer2 (HttpServer2.java:bindListener(1191)) - Jetty bound to port 39408
2019-09-26 16:39:24,925 [main] INFO  server.Server (Server.java:doStart(351)) - jetty-9.3.25.v20180904, build timestamp: 2018-09-04T21:11:46Z, git hash: 3ce520221d0240229c862b122d2b06c12a625732
2019-09-26 16:39:24,926 [main] INFO  handler.ContextHandler (ContextHandler.java:doStart(781)) - Started o.e.j.s.ServletContextHandler@581b1c08{/logs,file:///workdir/hadoop-ozone/integration-test/target/log,AVAILABLE}
2019-09-26 16:39:24,927 [main] INFO  handler.ContextHandler (ContextHandler.java:doStart(781)) - Started o.e.j.s.ServletContextHandler@78b7f805{/static,jar:file:/home/user/.m2/repository/org/apache/hadoop/hadoop-hdds-container-service/0.5.0-SNAPSHOT/hadoop-hdds-container-service-0.5.0-SNAPSHOT.jar!/webapps/static,AVAILABLE}
2019-09-26 16:39:24,953 [main] INFO  handler.ContextHandler (ContextHandler.java:doStart(781)) - Started o.e.j.w.WebAppContext@4f59a516{/,file:///tmp/jetty-0.0.0.0-39408-hddsDatanode-_-any-3487526952866637017.dir/webapp/,AVAILABLE}{/hddsDatanode}
2019-09-26 16:39:24,954 [main] INFO  server.AbstractConnector (AbstractConnector.java:doStart(278)) - Started ServerConnector@4e22368c{HTTP/1.1,[http/1.1]}{0.0.0.0:39408}
2019-09-26 16:39:24,955 [main] INFO  server.Server (Server.java:doStart(419)) - Started @292806ms
2019-09-26 16:39:24,956 [main] WARN  impl.MetricsSystemImpl (MetricsSystemImpl.java:register(276)) - Sink prometheus already exists!
2019-09-26 16:39:24,956 [main] INFO  server.BaseHttpServer (BaseHttpServer.java:updateConnectorAddress(215)) - HTTP server of HDDSDATANODE is listening at http://0.0.0.0:39408
2019-09-26 16:39:24,956 [main] INFO  impl.MetricsSystemImpl (MetricsSystemImpl.java:init(158)) - HddsDatanode metrics system started (again)
2019-09-26 16:39:24,960 [org.apache.hadoop.util.JvmPauseMonitor$Monitor@7823d532] INFO  util.JvmPauseMonitor (JvmPauseMonitor.java:run(188)) - Starting JVM pause monitor
2019-09-26 16:39:24,960 [main] INFO  ozone.HddsDatanodeService (HddsDatanodeService.java:start(184)) - HddsDatanodeService host:pr-hdds-2162-htzpk-1451759861 ip:192.168.157.234
2019-09-26 16:39:24,961 [Datanode State Machine Thread - 0] INFO  datanode.InitDatanodeState (InitDatanodeState.java:persistContainerDatanodeDetails(140)) - DatanodeDetails is persisted to /workdir/hadoop-ozone/integration-test/target/test-dir/MiniOzoneClusterImpl-0d69453a-2620-4e4e-b2d5-320b1f4020d1/datanode-6/meta/datanode.id
2019-09-26 16:39:24,966 [main] INFO  volume.HddsVolume (HddsVolume.java:<init>(176)) - Creating Volume: /workdir/hadoop-ozone/integration-test/target/test-dir/MiniOzoneClusterImpl-0d69453a-2620-4e4e-b2d5-320b1f4020d1/datanode-7/data/containers/hdds of  storage type : DISK and capacity : 1482555576320
2019-09-26 16:39:24,967 [main] INFO  volume.VolumeSet (VolumeSet.java:initializeVolumeSet(170)) - Added Volume : /workdir/hadoop-ozone/integration-test/target/test-dir/MiniOzoneClusterImpl-0d69453a-2620-4e4e-b2d5-320b1f4020d1/datanode-7/data/containers/hdds to VolumeSet
2019-09-26 16:39:24,967 [main] INFO  volume.ThrottledAsyncChecker (ThrottledAsyncChecker.java:schedule(139)) - Scheduling a check for org.apache.hadoop.ozone.container.common.volume.HddsVolume@202898d7
2019-09-26 16:39:24,967 [main] INFO  volume.HddsVolumeChecker (HddsVolumeChecker.java:checkAllVolumes(202)) - Scheduled health check for volume org.apache.hadoop.ozone.container.common.volume.HddsVolume@202898d7
2019-09-26 16:39:24,978 [main] INFO  impl.RaftServerProxy (ConfUtils.java:logGet(43)) - raft.rpc.type = GRPC (default)
2019-09-26 16:39:24,978 [main] INFO  grpc.GrpcFactory (GrpcFactory.java:checkPooledByteBufAllocatorUseCacheForAllThreads(45)) - PERFORMANCE WARNING: useCacheForAllThreads is true that may cause Netty to create a lot garbage objects and, as a result, trigger GC.
	It is recommended to disable useCacheForAllThreads by setting -Dorg.apache.ratis.thirdparty.io.netty.allocator.useCacheForAllThreads=false in command line.
2019-09-26 16:39:24,979 [main] INFO  grpc.GrpcConfigKeys$Server (ConfUtils.java:logGet(43)) - raft.grpc.server.port = 0 (default)
2019-09-26 16:39:24,979 [main] INFO  server.GrpcService (ConfUtils.java:logGet(43)) - raft.grpc.message.size.max = 33570816 (custom)
2019-09-26 16:39:24,979 [main] INFO  server.RaftServerConfigKeys (ConfUtils.java:logGet(43)) - raft.server.log.appender.buffer.byte-limit = 33554432 (custom)
2019-09-26 16:39:24,979 [main] INFO  server.GrpcService (ConfUtils.java:logGet(43)) - raft.grpc.flow.control.window = 1MB (=1048576) (default)
2019-09-26 16:39:24,979 [main] INFO  server.RaftServerConfigKeys (ConfUtils.java:logGet(43)) - raft.server.rpc.request.timeout = 3000ms (default)
2019-09-26 16:39:24,980 [main] INFO  server.RaftServerConfigKeys (ConfUtils.java:logGet(43)) - raft.server.storage.dir = [/workdir/hadoop-ozone/integration-test/target/test-dir/MiniOzoneClusterImpl-0d69453a-2620-4e4e-b2d5-320b1f4020d1/datanode-7/data/ratis] (custom)
2019-09-26 16:39:24,981 [main] INFO  hdfs.DFSUtil (DFSUtil.java:httpServerTemplateForNNAndJN(1641)) - Starting Web-server for hddsDatanode at: http://0.0.0.0:0
2019-09-26 16:39:24,982 [main] INFO  server.AuthenticationFilter (AuthenticationFilter.java:constructSecretProvider(240)) - Unable to initialize FileSignerSecretProvider, falling back to use random secrets.
2019-09-26 16:39:24,982 [main] WARN  http.HttpRequestLog (HttpRequestLog.java:getRequestLog(97)) - Jetty request log can only be enabled using Log4j
2019-09-26 16:39:24,984 [main] INFO  http.HttpServer2 (HttpServer2.java:addGlobalFilter(975)) - Added global filter 'safety' (class=org.apache.hadoop.http.HttpServer2$QuotingInputFilter)
2019-09-26 16:39:24,984 [main] INFO  http.HttpServer2 (HttpServer2.java:addFilter(948)) - Added filter static_user_filter (class=org.apache.hadoop.http.lib.StaticUserWebFilter$StaticUserFilter) to context hddsDatanode
2019-09-26 16:39:24,984 [main] INFO  http.HttpServer2 (HttpServer2.java:addFilter(958)) - Added filter static_user_filter (class=org.apache.hadoop.http.lib.StaticUserWebFilter$StaticUserFilter) to context logs
2019-09-26 16:39:24,984 [main] INFO  http.HttpServer2 (HttpServer2.java:addFilter(958)) - Added filter static_user_filter (class=org.apache.hadoop.http.lib.StaticUserWebFilter$StaticUserFilter) to context static
2019-09-26 16:39:24,985 [main] INFO  http.HttpServer2 (HttpServer2.java:bindListener(1191)) - Jetty bound to port 42260
2019-09-26 16:39:24,985 [main] INFO  server.Server (Server.java:doStart(351)) - jetty-9.3.25.v20180904, build timestamp: 2018-09-04T21:11:46Z, git hash: 3ce520221d0240229c862b122d2b06c12a625732
2019-09-26 16:39:24,986 [main] INFO  handler.ContextHandler (ContextHandler.java:doStart(781)) - Started o.e.j.s.ServletContextHandler@7c90b7b7{/logs,file:///workdir/hadoop-ozone/integration-test/target/log,AVAILABLE}
2019-09-26 16:39:24,987 [main] INFO  handler.ContextHandler (ContextHandler.java:doStart(781)) - Started o.e.j.s.ServletContextHandler@3ba1308d{/static,jar:file:/home/user/.m2/repository/org/apache/hadoop/hadoop-hdds-container-service/0.5.0-SNAPSHOT/hadoop-hdds-container-service-0.5.0-SNAPSHOT.jar!/webapps/static,AVAILABLE}
2019-09-26 16:39:25,014 [main] INFO  handler.ContextHandler (ContextHandler.java:doStart(781)) - Started o.e.j.w.WebAppContext@6b5ab2f2{/,file:///tmp/jetty-0.0.0.0-42260-hddsDatanode-_-any-3331761102310793195.dir/webapp/,AVAILABLE}{/hddsDatanode}
2019-09-26 16:39:25,014 [main] INFO  server.AbstractConnector (AbstractConnector.java:doStart(278)) - Started ServerConnector@315c081{HTTP/1.1,[http/1.1]}{0.0.0.0:42260}
2019-09-26 16:39:25,016 [main] INFO  server.Server (Server.java:doStart(419)) - Started @292866ms
2019-09-26 16:39:25,016 [main] WARN  impl.MetricsSystemImpl (MetricsSystemImpl.java:register(276)) - Sink prometheus already exists!
2019-09-26 16:39:25,017 [main] INFO  server.BaseHttpServer (BaseHttpServer.java:updateConnectorAddress(215)) - HTTP server of HDDSDATANODE is listening at http://0.0.0.0:42260
2019-09-26 16:39:25,017 [main] INFO  impl.MetricsSystemImpl (MetricsSystemImpl.java:init(158)) - HddsDatanode metrics system started (again)
2019-09-26 16:39:25,021 [org.apache.hadoop.util.JvmPauseMonitor$Monitor@45ccd677] INFO  util.JvmPauseMonitor (JvmPauseMonitor.java:run(188)) - Starting JVM pause monitor
2019-09-26 16:39:25,021 [main] INFO  ozone.HddsDatanodeService (HddsDatanodeService.java:start(184)) - HddsDatanodeService host:pr-hdds-2162-htzpk-1451759861 ip:192.168.157.234
2019-09-26 16:39:25,023 [Datanode State Machine Thread - 0] INFO  datanode.InitDatanodeState (InitDatanodeState.java:persistContainerDatanodeDetails(140)) - DatanodeDetails is persisted to /workdir/hadoop-ozone/integration-test/target/test-dir/MiniOzoneClusterImpl-0d69453a-2620-4e4e-b2d5-320b1f4020d1/datanode-7/meta/datanode.id
2019-09-26 16:39:25,028 [main] INFO  volume.HddsVolume (HddsVolume.java:<init>(176)) - Creating Volume: /workdir/hadoop-ozone/integration-test/target/test-dir/MiniOzoneClusterImpl-0d69453a-2620-4e4e-b2d5-320b1f4020d1/datanode-8/data/containers/hdds of  storage type : DISK and capacity : 1482555576320
2019-09-26 16:39:25,028 [main] INFO  volume.VolumeSet (VolumeSet.java:initializeVolumeSet(170)) - Added Volume : /workdir/hadoop-ozone/integration-test/target/test-dir/MiniOzoneClusterImpl-0d69453a-2620-4e4e-b2d5-320b1f4020d1/datanode-8/data/containers/hdds to VolumeSet
2019-09-26 16:39:25,028 [main] INFO  volume.ThrottledAsyncChecker (ThrottledAsyncChecker.java:schedule(139)) - Scheduling a check for org.apache.hadoop.ozone.container.common.volume.HddsVolume@7069f076
2019-09-26 16:39:25,029 [main] INFO  volume.HddsVolumeChecker (HddsVolumeChecker.java:checkAllVolumes(202)) - Scheduled health check for volume org.apache.hadoop.ozone.container.common.volume.HddsVolume@7069f076
2019-09-26 16:39:25,045 [main] INFO  impl.RaftServerProxy (ConfUtils.java:logGet(43)) - raft.rpc.type = GRPC (default)
2019-09-26 16:39:25,045 [main] INFO  grpc.GrpcFactory (GrpcFactory.java:checkPooledByteBufAllocatorUseCacheForAllThreads(45)) - PERFORMANCE WARNING: useCacheForAllThreads is true that may cause Netty to create a lot garbage objects and, as a result, trigger GC.
	It is recommended to disable useCacheForAllThreads by setting -Dorg.apache.ratis.thirdparty.io.netty.allocator.useCacheForAllThreads=false in command line.
2019-09-26 16:39:25,045 [main] INFO  grpc.GrpcConfigKeys$Server (ConfUtils.java:logGet(43)) - raft.grpc.server.port = 0 (default)
2019-09-26 16:39:25,045 [main] INFO  server.GrpcService (ConfUtils.java:logGet(43)) - raft.grpc.message.size.max = 33570816 (custom)
2019-09-26 16:39:25,046 [main] INFO  server.RaftServerConfigKeys (ConfUtils.java:logGet(43)) - raft.server.log.appender.buffer.byte-limit = 33554432 (custom)
2019-09-26 16:39:25,046 [main] INFO  server.GrpcService (ConfUtils.java:logGet(43)) - raft.grpc.flow.control.window = 1MB (=1048576) (default)
2019-09-26 16:39:25,046 [main] INFO  server.RaftServerConfigKeys (ConfUtils.java:logGet(43)) - raft.server.rpc.request.timeout = 3000ms (default)
2019-09-26 16:39:25,047 [main] INFO  server.RaftServerConfigKeys (ConfUtils.java:logGet(43)) - raft.server.storage.dir = [/workdir/hadoop-ozone/integration-test/target/test-dir/MiniOzoneClusterImpl-0d69453a-2620-4e4e-b2d5-320b1f4020d1/datanode-8/data/ratis] (custom)
2019-09-26 16:39:25,048 [main] INFO  hdfs.DFSUtil (DFSUtil.java:httpServerTemplateForNNAndJN(1641)) - Starting Web-server for hddsDatanode at: http://0.0.0.0:0
2019-09-26 16:39:25,049 [main] INFO  server.AuthenticationFilter (AuthenticationFilter.java:constructSecretProvider(240)) - Unable to initialize FileSignerSecretProvider, falling back to use random secrets.
2019-09-26 16:39:25,050 [main] WARN  http.HttpRequestLog (HttpRequestLog.java:getRequestLog(97)) - Jetty request log can only be enabled using Log4j
2019-09-26 16:39:25,051 [main] INFO  http.HttpServer2 (HttpServer2.java:addGlobalFilter(975)) - Added global filter 'safety' (class=org.apache.hadoop.http.HttpServer2$QuotingInputFilter)
2019-09-26 16:39:25,051 [main] INFO  http.HttpServer2 (HttpServer2.java:addFilter(948)) - Added filter static_user_filter (class=org.apache.hadoop.http.lib.StaticUserWebFilter$StaticUserFilter) to context hddsDatanode
2019-09-26 16:39:25,052 [main] INFO  http.HttpServer2 (HttpServer2.java:addFilter(958)) - Added filter static_user_filter (class=org.apache.hadoop.http.lib.StaticUserWebFilter$StaticUserFilter) to context static
2019-09-26 16:39:25,052 [main] INFO  http.HttpServer2 (HttpServer2.java:addFilter(958)) - Added filter static_user_filter (class=org.apache.hadoop.http.lib.StaticUserWebFilter$StaticUserFilter) to context logs
2019-09-26 16:39:25,052 [main] INFO  http.HttpServer2 (HttpServer2.java:bindListener(1191)) - Jetty bound to port 34723
2019-09-26 16:39:25,052 [main] INFO  server.Server (Server.java:doStart(351)) - jetty-9.3.25.v20180904, build timestamp: 2018-09-04T21:11:46Z, git hash: 3ce520221d0240229c862b122d2b06c12a625732
2019-09-26 16:39:25,054 [main] INFO  handler.ContextHandler (ContextHandler.java:doStart(781)) - Started o.e.j.s.ServletContextHandler@59498d94{/logs,file:///workdir/hadoop-ozone/integration-test/target/log,AVAILABLE}
2019-09-26 16:39:25,054 [main] INFO  handler.ContextHandler (ContextHandler.java:doStart(781)) - Started o.e.j.s.ServletContextHandler@6b321262{/static,jar:file:/home/user/.m2/repository/org/apache/hadoop/hadoop-hdds-container-service/0.5.0-SNAPSHOT/hadoop-hdds-container-service-0.5.0-SNAPSHOT.jar!/webapps/static,AVAILABLE}
2019-09-26 16:39:25,082 [main] INFO  handler.ContextHandler (ContextHandler.java:doStart(781)) - Started o.e.j.w.WebAppContext@5d05f453{/,file:///tmp/jetty-0.0.0.0-34723-hddsDatanode-_-any-5444022520673385488.dir/webapp/,AVAILABLE}{/hddsDatanode}
2019-09-26 16:39:25,082 [main] INFO  server.AbstractConnector (AbstractConnector.java:doStart(278)) - Started ServerConnector@5efeb117{HTTP/1.1,[http/1.1]}{0.0.0.0:34723}
2019-09-26 16:39:25,084 [main] INFO  server.Server (Server.java:doStart(419)) - Started @292935ms
2019-09-26 16:39:25,084 [main] WARN  impl.MetricsSystemImpl (MetricsSystemImpl.java:register(276)) - Sink prometheus already exists!
2019-09-26 16:39:25,085 [main] INFO  server.BaseHttpServer (BaseHttpServer.java:updateConnectorAddress(215)) - HTTP server of HDDSDATANODE is listening at http://0.0.0.0:34723
2019-09-26 16:39:25,086 [main] INFO  impl.MetricsSystemImpl (MetricsSystemImpl.java:init(158)) - HddsDatanode metrics system started (again)
2019-09-26 16:39:25,090 [org.apache.hadoop.util.JvmPauseMonitor$Monitor@51f4cd02] INFO  util.JvmPauseMonitor (JvmPauseMonitor.java:run(188)) - Starting JVM pause monitor
2019-09-26 16:39:25,090 [main] INFO  ozone.HddsDatanodeService (HddsDatanodeService.java:start(184)) - HddsDatanodeService host:pr-hdds-2162-htzpk-1451759861 ip:192.168.157.234
2019-09-26 16:39:25,091 [Datanode State Machine Thread - 0] INFO  datanode.InitDatanodeState (InitDatanodeState.java:persistContainerDatanodeDetails(140)) - DatanodeDetails is persisted to /workdir/hadoop-ozone/integration-test/target/test-dir/MiniOzoneClusterImpl-0d69453a-2620-4e4e-b2d5-320b1f4020d1/datanode-8/meta/datanode.id
2019-09-26 16:39:25,097 [main] INFO  volume.HddsVolume (HddsVolume.java:<init>(176)) - Creating Volume: /workdir/hadoop-ozone/integration-test/target/test-dir/MiniOzoneClusterImpl-0d69453a-2620-4e4e-b2d5-320b1f4020d1/datanode-9/data/containers/hdds of  storage type : DISK and capacity : 1482555576320
2019-09-26 16:39:25,097 [main] INFO  volume.VolumeSet (VolumeSet.java:initializeVolumeSet(170)) - Added Volume : /workdir/hadoop-ozone/integration-test/target/test-dir/MiniOzoneClusterImpl-0d69453a-2620-4e4e-b2d5-320b1f4020d1/datanode-9/data/containers/hdds to VolumeSet
2019-09-26 16:39:25,098 [main] INFO  volume.ThrottledAsyncChecker (ThrottledAsyncChecker.java:schedule(139)) - Scheduling a check for org.apache.hadoop.ozone.container.common.volume.HddsVolume@182e7eda
2019-09-26 16:39:25,098 [main] INFO  volume.HddsVolumeChecker (HddsVolumeChecker.java:checkAllVolumes(202)) - Scheduled health check for volume org.apache.hadoop.ozone.container.common.volume.HddsVolume@182e7eda
2019-09-26 16:39:25,110 [main] INFO  impl.RaftServerProxy (ConfUtils.java:logGet(43)) - raft.rpc.type = GRPC (default)
2019-09-26 16:39:25,111 [main] INFO  grpc.GrpcFactory (GrpcFactory.java:checkPooledByteBufAllocatorUseCacheForAllThreads(45)) - PERFORMANCE WARNING: useCacheForAllThreads is true that may cause Netty to create a lot garbage objects and, as a result, trigger GC.
	It is recommended to disable useCacheForAllThreads by setting -Dorg.apache.ratis.thirdparty.io.netty.allocator.useCacheForAllThreads=false in command line.
2019-09-26 16:39:25,111 [main] INFO  grpc.GrpcConfigKeys$Server (ConfUtils.java:logGet(43)) - raft.grpc.server.port = 0 (default)
2019-09-26 16:39:25,111 [main] INFO  server.GrpcService (ConfUtils.java:logGet(43)) - raft.grpc.message.size.max = 33570816 (custom)
2019-09-26 16:39:25,111 [main] INFO  server.RaftServerConfigKeys (ConfUtils.java:logGet(43)) - raft.server.log.appender.buffer.byte-limit = 33554432 (custom)
2019-09-26 16:39:25,111 [main] INFO  server.GrpcService (ConfUtils.java:logGet(43)) - raft.grpc.flow.control.window = 1MB (=1048576) (default)
2019-09-26 16:39:25,112 [main] INFO  server.RaftServerConfigKeys (ConfUtils.java:logGet(43)) - raft.server.rpc.request.timeout = 3000ms (default)
2019-09-26 16:39:25,112 [main] INFO  server.RaftServerConfigKeys (ConfUtils.java:logGet(43)) - raft.server.storage.dir = [/workdir/hadoop-ozone/integration-test/target/test-dir/MiniOzoneClusterImpl-0d69453a-2620-4e4e-b2d5-320b1f4020d1/datanode-9/data/ratis] (custom)
2019-09-26 16:39:25,113 [main] INFO  hdfs.DFSUtil (DFSUtil.java:httpServerTemplateForNNAndJN(1641)) - Starting Web-server for hddsDatanode at: http://0.0.0.0:0
2019-09-26 16:39:25,115 [main] INFO  server.AuthenticationFilter (AuthenticationFilter.java:constructSecretProvider(240)) - Unable to initialize FileSignerSecretProvider, falling back to use random secrets.
2019-09-26 16:39:25,115 [main] WARN  http.HttpRequestLog (HttpRequestLog.java:getRequestLog(97)) - Jetty request log can only be enabled using Log4j
2019-09-26 16:39:25,116 [main] INFO  http.HttpServer2 (HttpServer2.java:addGlobalFilter(975)) - Added global filter 'safety' (class=org.apache.hadoop.http.HttpServer2$QuotingInputFilter)
2019-09-26 16:39:25,117 [main] INFO  http.HttpServer2 (HttpServer2.java:addFilter(948)) - Added filter static_user_filter (class=org.apache.hadoop.http.lib.StaticUserWebFilter$StaticUserFilter) to context hddsDatanode
2019-09-26 16:39:25,117 [main] INFO  http.HttpServer2 (HttpServer2.java:addFilter(958)) - Added filter static_user_filter (class=org.apache.hadoop.http.lib.StaticUserWebFilter$StaticUserFilter) to context logs
2019-09-26 16:39:25,117 [main] INFO  http.HttpServer2 (HttpServer2.java:addFilter(958)) - Added filter static_user_filter (class=org.apache.hadoop.http.lib.StaticUserWebFilter$StaticUserFilter) to context static
2019-09-26 16:39:25,117 [main] INFO  http.HttpServer2 (HttpServer2.java:bindListener(1191)) - Jetty bound to port 33325
2019-09-26 16:39:25,118 [main] INFO  server.Server (Server.java:doStart(351)) - jetty-9.3.25.v20180904, build timestamp: 2018-09-04T21:11:46Z, git hash: 3ce520221d0240229c862b122d2b06c12a625732
2019-09-26 16:39:25,119 [main] INFO  handler.ContextHandler (ContextHandler.java:doStart(781)) - Started o.e.j.s.ServletContextHandler@778a1250{/logs,file:///workdir/hadoop-ozone/integration-test/target/log,AVAILABLE}
2019-09-26 16:39:25,120 [main] INFO  handler.ContextHandler (ContextHandler.java:doStart(781)) - Started o.e.j.s.ServletContextHandler@61191222{/static,jar:file:/home/user/.m2/repository/org/apache/hadoop/hadoop-hdds-container-service/0.5.0-SNAPSHOT/hadoop-hdds-container-service-0.5.0-SNAPSHOT.jar!/webapps/static,AVAILABLE}
2019-09-26 16:39:25,146 [main] INFO  handler.ContextHandler (ContextHandler.java:doStart(781)) - Started o.e.j.w.WebAppContext@787e4357{/,file:///tmp/jetty-0.0.0.0-33325-hddsDatanode-_-any-1717557930320137924.dir/webapp/,AVAILABLE}{/hddsDatanode}
2019-09-26 16:39:25,147 [main] INFO  server.AbstractConnector (AbstractConnector.java:doStart(278)) - Started ServerConnector@392781e{HTTP/1.1,[http/1.1]}{0.0.0.0:33325}
2019-09-26 16:39:25,148 [main] INFO  server.Server (Server.java:doStart(419)) - Started @292998ms
2019-09-26 16:39:25,148 [main] WARN  impl.MetricsSystemImpl (MetricsSystemImpl.java:register(276)) - Sink prometheus already exists!
2019-09-26 16:39:25,149 [main] INFO  server.BaseHttpServer (BaseHttpServer.java:updateConnectorAddress(215)) - HTTP server of HDDSDATANODE is listening at http://0.0.0.0:33325
2019-09-26 16:39:25,149 [main] INFO  ozone.MiniOzoneClusterImpl (MiniOzoneClusterImpl.java:lambda$waitForClusterToBeReady$0(147)) - Waiting for cluster to be ready. Got 0 of 10 DN Heartbeats.
2019-09-26 16:39:25,150 [org.apache.hadoop.util.JvmPauseMonitor$Monitor@1f81ea95] INFO  util.JvmPauseMonitor (JvmPauseMonitor.java:run(188)) - Starting JVM pause monitor
2019-09-26 16:39:25,152 [Datanode State Machine Thread - 0] INFO  datanode.InitDatanodeState (InitDatanodeState.java:persistContainerDatanodeDetails(140)) - DatanodeDetails is persisted to /workdir/hadoop-ozone/integration-test/target/test-dir/MiniOzoneClusterImpl-0d69453a-2620-4e4e-b2d5-320b1f4020d1/datanode-9/meta/datanode.id
2019-09-26 16:39:26,150 [main] INFO  ozone.MiniOzoneClusterImpl (MiniOzoneClusterImpl.java:lambda$waitForClusterToBeReady$0(147)) - Waiting for cluster to be ready. Got 0 of 10 DN Heartbeats.
2019-09-26 16:39:26,582 [Datanode State Machine Thread - 0] INFO  ozoneimpl.OzoneContainer (OzoneContainer.java:start(217)) - Attempting to start container services.
2019-09-26 16:39:26,583 [Datanode State Machine Thread - 0] INFO  ozoneimpl.OzoneContainer (OzoneContainer.java:startContainerScrub(179)) - Background container scanner has been disabled.
2019-09-26 16:39:26,583 [Datanode State Machine Thread - 0] INFO  ratis.XceiverServerRatis (XceiverServerRatis.java:start(411)) - Starting XceiverServerRatis a0699d09-a252-4be5-8d0e-c35928e32e7e at port 0
2019-09-26 16:39:26,592 [Datanode State Machine Thread - 0] INFO  impl.RaftServerProxy (RaftServerProxy.java:lambda$start$3(299)) - a0699d09-a252-4be5-8d0e-c35928e32e7e: start RPC server
2019-09-26 16:39:26,595 [Datanode State Machine Thread - 0] INFO  server.GrpcService (GrpcService.java:startImpl(158)) - a0699d09-a252-4be5-8d0e-c35928e32e7e: GrpcService started, listening on 0.0.0.0/0.0.0.0:40671
2019-09-26 16:39:26,595 [Datanode State Machine Thread - 0] INFO  ratis.XceiverServerRatis (XceiverServerRatis.java:start(421)) - XceiverServerRatis a0699d09-a252-4be5-8d0e-c35928e32e7e is started using port 40671
2019-09-26 16:39:26,595 [Datanode State Machine Thread - 0] INFO  server.XceiverServerGrpc (XceiverServerGrpc.java:start(149)) - XceiverServerGrpc a0699d09-a252-4be5-8d0e-c35928e32e7e is started using port 37905
2019-09-26 16:39:26,661 [Datanode State Machine Thread - 0] INFO  ozoneimpl.OzoneContainer (OzoneContainer.java:start(217)) - Attempting to start container services.
2019-09-26 16:39:26,662 [Datanode State Machine Thread - 0] INFO  ozoneimpl.OzoneContainer (OzoneContainer.java:startContainerScrub(179)) - Background container scanner has been disabled.
2019-09-26 16:39:26,662 [Datanode State Machine Thread - 0] INFO  ratis.XceiverServerRatis (XceiverServerRatis.java:start(411)) - Starting XceiverServerRatis b579823b-1ff0-4207-a8a1-9a9b244cc370 at port 0
2019-09-26 16:39:26,670 [Datanode State Machine Thread - 0] INFO  impl.RaftServerProxy (RaftServerProxy.java:lambda$start$3(299)) - b579823b-1ff0-4207-a8a1-9a9b244cc370: start RPC server
2019-09-26 16:39:26,672 [Datanode State Machine Thread - 0] INFO  server.GrpcService (GrpcService.java:startImpl(158)) - b579823b-1ff0-4207-a8a1-9a9b244cc370: GrpcService started, listening on 0.0.0.0/0.0.0.0:35476
2019-09-26 16:39:26,672 [Datanode State Machine Thread - 0] INFO  ratis.XceiverServerRatis (XceiverServerRatis.java:start(421)) - XceiverServerRatis b579823b-1ff0-4207-a8a1-9a9b244cc370 is started using port 35476
2019-09-26 16:39:26,673 [Datanode State Machine Thread - 0] INFO  server.XceiverServerGrpc (XceiverServerGrpc.java:start(149)) - XceiverServerGrpc b579823b-1ff0-4207-a8a1-9a9b244cc370 is started using port 43437
2019-09-26 16:39:26,730 [Datanode State Machine Thread - 0] INFO  ozoneimpl.OzoneContainer (OzoneContainer.java:start(217)) - Attempting to start container services.
2019-09-26 16:39:26,730 [Datanode State Machine Thread - 0] INFO  ozoneimpl.OzoneContainer (OzoneContainer.java:startContainerScrub(179)) - Background container scanner has been disabled.
2019-09-26 16:39:26,731 [Datanode State Machine Thread - 0] INFO  ratis.XceiverServerRatis (XceiverServerRatis.java:start(411)) - Starting XceiverServerRatis 654e0914-16db-411e-baa4-1aca811b0f8c at port 0
2019-09-26 16:39:26,739 [Datanode State Machine Thread - 0] INFO  impl.RaftServerProxy (RaftServerProxy.java:lambda$start$3(299)) - 654e0914-16db-411e-baa4-1aca811b0f8c: start RPC server
2019-09-26 16:39:26,740 [Datanode State Machine Thread - 0] INFO  server.GrpcService (GrpcService.java:startImpl(158)) - 654e0914-16db-411e-baa4-1aca811b0f8c: GrpcService started, listening on 0.0.0.0/0.0.0.0:41857
2019-09-26 16:39:26,740 [Datanode State Machine Thread - 0] INFO  ratis.XceiverServerRatis (XceiverServerRatis.java:start(421)) - XceiverServerRatis 654e0914-16db-411e-baa4-1aca811b0f8c is started using port 41857
2019-09-26 16:39:26,740 [Datanode State Machine Thread - 0] INFO  server.XceiverServerGrpc (XceiverServerGrpc.java:start(149)) - XceiverServerGrpc 654e0914-16db-411e-baa4-1aca811b0f8c is started using port 41746
2019-09-26 16:39:26,794 [Datanode State Machine Thread - 0] INFO  ozoneimpl.OzoneContainer (OzoneContainer.java:start(217)) - Attempting to start container services.
2019-09-26 16:39:26,794 [Datanode State Machine Thread - 0] INFO  ozoneimpl.OzoneContainer (OzoneContainer.java:startContainerScrub(179)) - Background container scanner has been disabled.
2019-09-26 16:39:26,794 [Datanode State Machine Thread - 0] INFO  ratis.XceiverServerRatis (XceiverServerRatis.java:start(411)) - Starting XceiverServerRatis eb18520e-12e8-4d27-8838-dd2c94abb977 at port 0
2019-09-26 16:39:26,802 [Datanode State Machine Thread - 0] INFO  impl.RaftServerProxy (RaftServerProxy.java:lambda$start$3(299)) - eb18520e-12e8-4d27-8838-dd2c94abb977: start RPC server
2019-09-26 16:39:26,803 [Datanode State Machine Thread - 0] INFO  server.GrpcService (GrpcService.java:startImpl(158)) - eb18520e-12e8-4d27-8838-dd2c94abb977: GrpcService started, listening on 0.0.0.0/0.0.0.0:36334
2019-09-26 16:39:26,803 [Datanode State Machine Thread - 0] INFO  ratis.XceiverServerRatis (XceiverServerRatis.java:start(421)) - XceiverServerRatis eb18520e-12e8-4d27-8838-dd2c94abb977 is started using port 36334
2019-09-26 16:39:26,803 [Datanode State Machine Thread - 0] INFO  server.XceiverServerGrpc (XceiverServerGrpc.java:start(149)) - XceiverServerGrpc eb18520e-12e8-4d27-8838-dd2c94abb977 is started using port 41215
2019-09-26 16:39:26,856 [Datanode State Machine Thread - 0] INFO  ozoneimpl.OzoneContainer (OzoneContainer.java:start(217)) - Attempting to start container services.
2019-09-26 16:39:26,856 [Datanode State Machine Thread - 0] INFO  ozoneimpl.OzoneContainer (OzoneContainer.java:startContainerScrub(179)) - Background container scanner has been disabled.
2019-09-26 16:39:26,856 [Datanode State Machine Thread - 0] INFO  ratis.XceiverServerRatis (XceiverServerRatis.java:start(411)) - Starting XceiverServerRatis 6b2d4045-7ba8-4a84-8602-e698261d7534 at port 0
2019-09-26 16:39:26,865 [Datanode State Machine Thread - 0] INFO  impl.RaftServerProxy (RaftServerProxy.java:lambda$start$3(299)) - 6b2d4045-7ba8-4a84-8602-e698261d7534: start RPC server
2019-09-26 16:39:26,866 [Datanode State Machine Thread - 0] INFO  server.GrpcService (GrpcService.java:startImpl(158)) - 6b2d4045-7ba8-4a84-8602-e698261d7534: GrpcService started, listening on 0.0.0.0/0.0.0.0:33350
2019-09-26 16:39:26,866 [Datanode State Machine Thread - 0] INFO  ratis.XceiverServerRatis (XceiverServerRatis.java:start(421)) - XceiverServerRatis 6b2d4045-7ba8-4a84-8602-e698261d7534 is started using port 33350
2019-09-26 16:39:26,866 [Datanode State Machine Thread - 0] INFO  server.XceiverServerGrpc (XceiverServerGrpc.java:start(149)) - XceiverServerGrpc 6b2d4045-7ba8-4a84-8602-e698261d7534 is started using port 36803
2019-09-26 16:39:26,915 [Datanode State Machine Thread - 0] INFO  ozoneimpl.OzoneContainer (OzoneContainer.java:start(217)) - Attempting to start container services.
2019-09-26 16:39:26,915 [Datanode State Machine Thread - 0] INFO  ozoneimpl.OzoneContainer (OzoneContainer.java:startContainerScrub(179)) - Background container scanner has been disabled.
2019-09-26 16:39:26,915 [Datanode State Machine Thread - 0] INFO  ratis.XceiverServerRatis (XceiverServerRatis.java:start(411)) - Starting XceiverServerRatis 9d99e882-81d2-44b9-a20b-81697c871aa8 at port 0
2019-09-26 16:39:26,923 [Datanode State Machine Thread - 0] INFO  impl.RaftServerProxy (RaftServerProxy.java:lambda$start$3(299)) - 9d99e882-81d2-44b9-a20b-81697c871aa8: start RPC server
2019-09-26 16:39:26,924 [Datanode State Machine Thread - 0] INFO  server.GrpcService (GrpcService.java:startImpl(158)) - 9d99e882-81d2-44b9-a20b-81697c871aa8: GrpcService started, listening on 0.0.0.0/0.0.0.0:36094
2019-09-26 16:39:26,924 [Datanode State Machine Thread - 0] INFO  ratis.XceiverServerRatis (XceiverServerRatis.java:start(421)) - XceiverServerRatis 9d99e882-81d2-44b9-a20b-81697c871aa8 is started using port 36094
2019-09-26 16:39:26,927 [Datanode State Machine Thread - 0] INFO  server.XceiverServerGrpc (XceiverServerGrpc.java:start(149)) - XceiverServerGrpc 9d99e882-81d2-44b9-a20b-81697c871aa8 is started using port 34757
2019-09-26 16:39:26,975 [Datanode State Machine Thread - 0] INFO  ozoneimpl.OzoneContainer (OzoneContainer.java:start(217)) - Attempting to start container services.
2019-09-26 16:39:26,975 [Datanode State Machine Thread - 0] INFO  ozoneimpl.OzoneContainer (OzoneContainer.java:startContainerScrub(179)) - Background container scanner has been disabled.
2019-09-26 16:39:26,975 [Datanode State Machine Thread - 0] INFO  ratis.XceiverServerRatis (XceiverServerRatis.java:start(411)) - Starting XceiverServerRatis d3288a9b-14bd-48c9-b698-6bc497213938 at port 0
2019-09-26 16:39:26,983 [Datanode State Machine Thread - 0] INFO  impl.RaftServerProxy (RaftServerProxy.java:lambda$start$3(299)) - d3288a9b-14bd-48c9-b698-6bc497213938: start RPC server
2019-09-26 16:39:26,984 [Datanode State Machine Thread - 0] INFO  server.GrpcService (GrpcService.java:startImpl(158)) - d3288a9b-14bd-48c9-b698-6bc497213938: GrpcService started, listening on 0.0.0.0/0.0.0.0:38480
2019-09-26 16:39:26,984 [Datanode State Machine Thread - 0] INFO  ratis.XceiverServerRatis (XceiverServerRatis.java:start(421)) - XceiverServerRatis d3288a9b-14bd-48c9-b698-6bc497213938 is started using port 38480
2019-09-26 16:39:26,985 [Datanode State Machine Thread - 0] INFO  server.XceiverServerGrpc (XceiverServerGrpc.java:start(149)) - XceiverServerGrpc d3288a9b-14bd-48c9-b698-6bc497213938 is started using port 33457
2019-09-26 16:39:27,036 [Datanode State Machine Thread - 0] INFO  ozoneimpl.OzoneContainer (OzoneContainer.java:start(217)) - Attempting to start container services.
2019-09-26 16:39:27,037 [Datanode State Machine Thread - 0] INFO  ozoneimpl.OzoneContainer (OzoneContainer.java:startContainerScrub(179)) - Background container scanner has been disabled.
2019-09-26 16:39:27,037 [Datanode State Machine Thread - 0] INFO  ratis.XceiverServerRatis (XceiverServerRatis.java:start(411)) - Starting XceiverServerRatis d2203589-229f-49c7-81d3-0f09b6714ee4 at port 0
2019-09-26 16:39:27,045 [Datanode State Machine Thread - 0] INFO  impl.RaftServerProxy (RaftServerProxy.java:lambda$start$3(299)) - d2203589-229f-49c7-81d3-0f09b6714ee4: start RPC server
2019-09-26 16:39:27,050 [Datanode State Machine Thread - 0] INFO  server.GrpcService (GrpcService.java:startImpl(158)) - d2203589-229f-49c7-81d3-0f09b6714ee4: GrpcService started, listening on 0.0.0.0/0.0.0.0:35168
2019-09-26 16:39:27,050 [Datanode State Machine Thread - 0] INFO  ratis.XceiverServerRatis (XceiverServerRatis.java:start(421)) - XceiverServerRatis d2203589-229f-49c7-81d3-0f09b6714ee4 is started using port 35168
2019-09-26 16:39:27,051 [Datanode State Machine Thread - 0] INFO  server.XceiverServerGrpc (XceiverServerGrpc.java:start(149)) - XceiverServerGrpc d2203589-229f-49c7-81d3-0f09b6714ee4 is started using port 34870
2019-09-26 16:39:27,108 [Datanode State Machine Thread - 0] INFO  ozoneimpl.OzoneContainer (OzoneContainer.java:start(217)) - Attempting to start container services.
2019-09-26 16:39:27,108 [Datanode State Machine Thread - 0] INFO  ozoneimpl.OzoneContainer (OzoneContainer.java:startContainerScrub(179)) - Background container scanner has been disabled.
2019-09-26 16:39:27,108 [Datanode State Machine Thread - 0] INFO  ratis.XceiverServerRatis (XceiverServerRatis.java:start(411)) - Starting XceiverServerRatis 14c88ade-cfd3-469a-b57f-98ec0ca518ca at port 0
2019-09-26 16:39:27,116 [Datanode State Machine Thread - 0] INFO  impl.RaftServerProxy (RaftServerProxy.java:lambda$start$3(299)) - 14c88ade-cfd3-469a-b57f-98ec0ca518ca: start RPC server
2019-09-26 16:39:27,135 [Datanode State Machine Thread - 0] INFO  server.GrpcService (GrpcService.java:startImpl(158)) - 14c88ade-cfd3-469a-b57f-98ec0ca518ca: GrpcService started, listening on 0.0.0.0/0.0.0.0:45729
2019-09-26 16:39:27,136 [Datanode State Machine Thread - 0] INFO  ratis.XceiverServerRatis (XceiverServerRatis.java:start(421)) - XceiverServerRatis 14c88ade-cfd3-469a-b57f-98ec0ca518ca is started using port 45729
2019-09-26 16:39:27,137 [Datanode State Machine Thread - 0] INFO  server.XceiverServerGrpc (XceiverServerGrpc.java:start(149)) - XceiverServerGrpc 14c88ade-cfd3-469a-b57f-98ec0ca518ca is started using port 45152
2019-09-26 16:39:27,150 [main] INFO  ozone.MiniOzoneClusterImpl (MiniOzoneClusterImpl.java:lambda$waitForClusterToBeReady$0(147)) - Waiting for cluster to be ready. Got 0 of 10 DN Heartbeats.
2019-09-26 16:39:27,165 [Datanode State Machine Thread - 0] INFO  ozoneimpl.OzoneContainer (OzoneContainer.java:start(217)) - Attempting to start container services.
2019-09-26 16:39:27,165 [Datanode State Machine Thread - 0] INFO  ozoneimpl.OzoneContainer (OzoneContainer.java:startContainerScrub(179)) - Background container scanner has been disabled.
2019-09-26 16:39:27,165 [Datanode State Machine Thread - 0] INFO  ratis.XceiverServerRatis (XceiverServerRatis.java:start(411)) - Starting XceiverServerRatis 348490e5-42cf-4351-bcb2-b161fe6117cc at port 0
2019-09-26 16:39:27,171 [Datanode State Machine Thread - 0] INFO  impl.RaftServerProxy (RaftServerProxy.java:lambda$start$3(299)) - 348490e5-42cf-4351-bcb2-b161fe6117cc: start RPC server
2019-09-26 16:39:27,172 [Datanode State Machine Thread - 0] INFO  server.GrpcService (GrpcService.java:startImpl(158)) - 348490e5-42cf-4351-bcb2-b161fe6117cc: GrpcService started, listening on 0.0.0.0/0.0.0.0:35669
2019-09-26 16:39:27,172 [Datanode State Machine Thread - 0] INFO  ratis.XceiverServerRatis (XceiverServerRatis.java:start(421)) - XceiverServerRatis 348490e5-42cf-4351-bcb2-b161fe6117cc is started using port 35669
2019-09-26 16:39:27,186 [Datanode State Machine Thread - 0] INFO  server.XceiverServerGrpc (XceiverServerGrpc.java:start(149)) - XceiverServerGrpc 348490e5-42cf-4351-bcb2-b161fe6117cc is started using port 45272
2019-09-26 16:39:28,151 [main] INFO  ozone.MiniOzoneClusterImpl (MiniOzoneClusterImpl.java:lambda$waitForClusterToBeReady$0(147)) - Waiting for cluster to be ready. Got 0 of 10 DN Heartbeats.
2019-09-26 16:39:28,564 [IPC Server handler 5 on 35525] INFO  net.NetworkTopology (NetworkTopologyImpl.java:add(111)) - Added a new node: /rack1/a0699d09-a252-4be5-8d0e-c35928e32e7e
2019-09-26 16:39:28,567 [IPC Server handler 5 on 35525] INFO  node.SCMNodeManager (SCMNodeManager.java:register(266)) - Registered Data node : a0699d09-a252-4be5-8d0e-c35928e32e7e{ip: 192.168.157.234, host: pr-hdds-2162-htzpk-1451759861, networkLocation: /rack1, certSerialId: null}
2019-09-26 16:39:28,568 [EventQueue-NodeRegistrationContainerReportForDataNodeSafeModeRule] INFO  safemode.SCMSafeModeManager (DataNodeSafeModeRule.java:process(71)) - SCM in safe mode. 1 DataNodes registered, 1 required.
2019-09-26 16:39:28,571 [EventQueue-NodeRegistrationContainerReportForDataNodeSafeModeRule] INFO  safemode.SCMSafeModeManager (SCMSafeModeManager.java:validateSafeModeExitRules(177)) - ScmSafeModeManager, all rules are successfully validated
2019-09-26 16:39:28,571 [EventQueue-NodeRegistrationContainerReportForDataNodeSafeModeRule] INFO  safemode.SCMSafeModeManager (SCMSafeModeManager.java:exitSafeMode(193)) - SCM exiting safe mode.
2019-09-26 16:39:28,588 [grpc-default-executor-0] INFO  impl.RaftServerProxy (RaftServerProxy.java:addNew(89)) - a0699d09-a252-4be5-8d0e-c35928e32e7e: addNew group-C1551F901E2F:[a0699d09-a252-4be5-8d0e-c35928e32e7e:192.168.157.234:40671] returns group-C1551F901E2F:java.util.concurrent.CompletableFuture@4586ca2c[Not completed]
2019-09-26 16:39:28,589 [pool-267-thread-1] INFO  impl.RaftServerImpl (RaftServerImpl.java:<init>(95)) - a0699d09-a252-4be5-8d0e-c35928e32e7e: new RaftServerImpl for group-C1551F901E2F:[a0699d09-a252-4be5-8d0e-c35928e32e7e:192.168.157.234:40671] with ContainerStateMachine:uninitialized
2019-09-26 16:39:28,590 [pool-267-thread-1] INFO  server.RaftServerConfigKeys (ConfUtils.java:logGet(43)) - raft.server.rpc.timeout.min = 1s (custom)
2019-09-26 16:39:28,590 [pool-267-thread-1] INFO  server.RaftServerConfigKeys (ConfUtils.java:logGet(43)) - raft.server.rpc.timeout.max = 1200ms (custom)
2019-09-26 16:39:28,590 [pool-267-thread-1] INFO  server.RaftServerConfigKeys (ConfUtils.java:logGet(43)) - raft.server.rpcslowness.timeout = 120s (custom)
2019-09-26 16:39:28,590 [pool-267-thread-1] INFO  server.RaftServerConfigKeys (ConfUtils.java:logGet(43)) - raft.server.sleep.deviation.threshold = 300 (default)
2019-09-26 16:39:28,590 [pool-267-thread-1] INFO  server.RaftServerConfigKeys (ConfUtils.java:logGet(43)) - raft.server.log.appender.install.snapshot.enabled = false (custom)
2019-09-26 16:39:28,590 [pool-267-thread-1] INFO  impl.RaftServerImpl (ServerState.java:<init>(103)) - a0699d09-a252-4be5-8d0e-c35928e32e7e@group-C1551F901E2F: ConfigurationManager, init=-1: [a0699d09-a252-4be5-8d0e-c35928e32e7e:192.168.157.234:40671], old=null, confs=<EMPTY_MAP>
2019-09-26 16:39:28,591 [pool-267-thread-1] INFO  server.RaftServerConfigKeys (ConfUtils.java:logGet(43)) - raft.server.storage.dir = [/workdir/hadoop-ozone/integration-test/target/test-dir/MiniOzoneClusterImpl-0d69453a-2620-4e4e-b2d5-320b1f4020d1/datanode-0/data/ratis] (custom)
2019-09-26 16:39:28,591 [pool-267-thread-1] INFO  storage.RaftStorageDirectory (RaftStorageDirectory.java:analyzeStorage(246)) - The storage directory /workdir/hadoop-ozone/integration-test/target/test-dir/MiniOzoneClusterImpl-0d69453a-2620-4e4e-b2d5-320b1f4020d1/datanode-0/data/ratis/f87860bf-3f4f-4117-a136-c1551f901e2f does not exist. Creating ...
2019-09-26 16:39:28,606 [pool-267-thread-1] INFO  storage.RaftStorageDirectory (RaftStorageDirectory.java:tryLock(328)) - Lock on /workdir/hadoop-ozone/integration-test/target/test-dir/MiniOzoneClusterImpl-0d69453a-2620-4e4e-b2d5-320b1f4020d1/datanode-0/data/ratis/f87860bf-3f4f-4117-a136-c1551f901e2f/in_use.lock acquired by nodename 16662@pr-hdds-2162-htzpk-1451759861
2019-09-26 16:39:28,620 [pool-267-thread-1] INFO  storage.RaftStorage (RaftStorage.java:format(72)) - Storage directory /workdir/hadoop-ozone/integration-test/target/test-dir/MiniOzoneClusterImpl-0d69453a-2620-4e4e-b2d5-320b1f4020d1/datanode-0/data/ratis/f87860bf-3f4f-4117-a136-c1551f901e2f has been successfully formatted.
2019-09-26 16:39:28,620 [pool-267-thread-1] INFO  ratis.ContainerStateMachine (ContainerStateMachine.java:loadSnapshot(230)) - group-C1551F901E2F: The snapshot info is null. Setting the last applied indexto:(t:0, i:~)
2019-09-26 16:39:28,620 [pool-267-thread-1] INFO  server.RaftServerConfigKeys (ConfUtils.java:logGet(43)) - raft.server.notification.no-leader.timeout = 120s (custom)
2019-09-26 16:39:28,620 [pool-267-thread-1] INFO  server.RaftServerConfigKeys (ConfUtils.java:logGet(43)) - raft.server.log.use.memory = false (default)
2019-09-26 16:39:28,621 [pool-267-thread-1] INFO  server.RaftServerConfigKeys (ConfUtils.java:logGet(43)) - raft.server.log.purge.gap = 1000000 (custom)
2019-09-26 16:39:28,621 [pool-267-thread-1] INFO  server.RaftServerConfigKeys (ConfUtils.java:logGet(43)) - raft.server.log.appender.buffer.byte-limit = 33554432 (custom)
2019-09-26 16:39:28,621 [pool-267-thread-1] INFO  server.RaftServerConfigKeys (ConfUtils.java:logGet(43)) - raft.server.log.segment.size.max = 1048576 (custom)
2019-09-26 16:39:28,621 [pool-267-thread-1] INFO  server.RaftServerConfigKeys (ConfUtils.java:logGet(43)) - raft.server.log.segment.cache.num.max = 2 (custom)
2019-09-26 16:39:28,621 [pool-267-thread-1] INFO  segmented.SegmentedRaftLogWorker (SegmentedRaftLogWorker.java:<init>(172)) - new a0699d09-a252-4be5-8d0e-c35928e32e7e@group-C1551F901E2F-SegmentedRaftLogWorker for RaftStorage:Storage Directory /workdir/hadoop-ozone/integration-test/target/test-dir/MiniOzoneClusterImpl-0d69453a-2620-4e4e-b2d5-320b1f4020d1/datanode-0/data/ratis/f87860bf-3f4f-4117-a136-c1551f901e2f
2019-09-26 16:39:28,623 [pool-267-thread-1] INFO  server.RaftServerConfigKeys (ConfUtils.java:logGet(43)) - raft.server.log.queue.byte-limit = 2147483647 (custom)
2019-09-26 16:39:28,623 [pool-267-thread-1] INFO  server.RaftServerConfigKeys (ConfUtils.java:logGet(43)) - raft.server.log.queue.element-limit = 1024 (custom)
2019-09-26 16:39:28,623 [pool-267-thread-1] INFO  server.RaftServerConfigKeys (ConfUtils.java:logGet(43)) - raft.server.log.segment.size.max = 1048576 (custom)
2019-09-26 16:39:28,623 [pool-267-thread-1] INFO  server.RaftServerConfigKeys (ConfUtils.java:logGet(43)) - raft.server.log.preallocated.size = 16384 (custom)
2019-09-26 16:39:28,623 [pool-267-thread-1] INFO  server.RaftServerConfigKeys (ConfUtils.java:logGet(43)) - raft.server.log.write.buffer.size = 33554432 (custom)
2019-09-26 16:39:28,624 [pool-267-thread-1] INFO  server.RaftServerConfigKeys (ConfUtils.java:logGet(43)) - raft.server.log.force.sync.num = 128 (default)
2019-09-26 16:39:28,624 [pool-267-thread-1] INFO  server.RaftServerConfigKeys (ConfUtils.java:logGet(43)) - raft.server.log.statemachine.data.sync = true (default)
2019-09-26 16:39:28,624 [pool-267-thread-1] INFO  server.RaftServerConfigKeys (ConfUtils.java:logGet(43)) - raft.server.log.statemachine.data.sync.timeout = 10s (default)
2019-09-26 16:39:28,624 [pool-267-thread-1] INFO  server.RaftServerConfigKeys (ConfUtils.java:logGet(43)) - raft.server.log.statemachine.data.sync.timeout.retry = -1 (default)
2019-09-26 16:39:28,624 [pool-267-thread-1] INFO  server.RaftServerConfigKeys (ConfUtils.java:logGet(43)) - raft.server.log.statemachine.data.caching.enabled = true (custom)
2019-09-26 16:39:28,624 [pool-267-thread-1] INFO  segmented.SegmentedRaftLogWorker (SegmentedRaftLogWorker.java:lambda$new$0(132)) - a0699d09-a252-4be5-8d0e-c35928e32e7e@group-C1551F901E2F-SegmentedRaftLogWorker: flushIndex: setUnconditionally 0 -> -1
2019-09-26 16:39:28,625 [pool-267-thread-1] INFO  server.RaftServerConfigKeys (ConfUtils.java:logGet(43)) - raft.server.snapshot.auto.trigger.enabled = true (custom)
2019-09-26 16:39:28,625 [pool-267-thread-1] INFO  server.RaftServerConfigKeys (ConfUtils.java:logGet(43)) - raft.server.snapshot.auto.trigger.threshold = 10000 (custom)
2019-09-26 16:39:28,625 [pool-267-thread-1] INFO  server.RaftServerConfigKeys (ConfUtils.java:logGet(43)) - raft.server.snapshot.retention.num.files = 5 (custom)
2019-09-26 16:39:28,625 [pool-267-thread-1] INFO  server.RaftServerConfigKeys (ConfUtils.java:logGet(43)) - raft.server.retrycache.expirytime = 600000ms (custom)
2019-09-26 16:39:28,627 [pool-267-thread-1] INFO  impl.RaftServerImpl (RaftServerImpl.java:start(185)) - a0699d09-a252-4be5-8d0e-c35928e32e7e@group-C1551F901E2F: start as a follower, conf=-1: [a0699d09-a252-4be5-8d0e-c35928e32e7e:192.168.157.234:40671], old=null
2019-09-26 16:39:28,627 [pool-267-thread-1] INFO  impl.RaftServerImpl (RaftServerImpl.java:setRole(174)) - a0699d09-a252-4be5-8d0e-c35928e32e7e@group-C1551F901E2F: changes role from      null to FOLLOWER at term 0 for startAsFollower
2019-09-26 16:39:28,627 [pool-267-thread-1] INFO  impl.RoleInfo (RoleInfo.java:updateAndGet(143)) - a0699d09-a252-4be5-8d0e-c35928e32e7e: start FollowerState
2019-09-26 16:39:28,628 [pool-267-thread-1] INFO  util.JmxRegister (JmxRegister.java:tryRegister(44)) - Successfully registered JMX Bean with object name Ratis:service=RaftServer,group=group-C1551F901E2F,id=a0699d09-a252-4be5-8d0e-c35928e32e7e
2019-09-26 16:39:28,636 [RatisPipelineUtilsThread] INFO  pipeline.PipelineStateManager (PipelineStateManager.java:addPipeline(56)) - Created pipeline Pipeline[ Id: f87860bf-3f4f-4117-a136-c1551f901e2f, Nodes: a0699d09-a252-4be5-8d0e-c35928e32e7e{ip: 192.168.157.234, host: pr-hdds-2162-htzpk-1451759861, networkLocation: /rack1, certSerialId: null}, Type:RATIS, Factor:ONE, State:OPEN]
2019-09-26 16:39:28,647 [IPC Server handler 7 on 35525] INFO  net.NetworkTopology (NetworkTopologyImpl.java:add(111)) - Added a new node: /rack1/b579823b-1ff0-4207-a8a1-9a9b244cc370
2019-09-26 16:39:28,647 [IPC Server handler 7 on 35525] INFO  node.SCMNodeManager (SCMNodeManager.java:register(266)) - Registered Data node : b579823b-1ff0-4207-a8a1-9a9b244cc370{ip: 192.168.157.234, host: pr-hdds-2162-htzpk-1451759861, networkLocation: /rack1, certSerialId: null}
2019-09-26 16:39:28,656 [grpc-default-executor-0] INFO  impl.RaftServerProxy (RaftServerProxy.java:addNew(89)) - b579823b-1ff0-4207-a8a1-9a9b244cc370: addNew group-AD7A23627404:[b579823b-1ff0-4207-a8a1-9a9b244cc370:192.168.157.234:35476] returns group-AD7A23627404:java.util.concurrent.CompletableFuture@568d5234[Not completed]
2019-09-26 16:39:28,657 [pool-277-thread-1] INFO  impl.RaftServerImpl (RaftServerImpl.java:<init>(95)) - b579823b-1ff0-4207-a8a1-9a9b244cc370: new RaftServerImpl for group-AD7A23627404:[b579823b-1ff0-4207-a8a1-9a9b244cc370:192.168.157.234:35476] with ContainerStateMachine:uninitialized
2019-09-26 16:39:28,657 [pool-277-thread-1] INFO  server.RaftServerConfigKeys (ConfUtils.java:logGet(43)) - raft.server.rpc.timeout.min = 1s (custom)
2019-09-26 16:39:28,657 [pool-277-thread-1] INFO  server.RaftServerConfigKeys (ConfUtils.java:logGet(43)) - raft.server.rpc.timeout.max = 1200ms (custom)
2019-09-26 16:39:28,657 [pool-277-thread-1] INFO  server.RaftServerConfigKeys (ConfUtils.java:logGet(43)) - raft.server.rpcslowness.timeout = 120s (custom)
2019-09-26 16:39:28,657 [pool-277-thread-1] INFO  server.RaftServerConfigKeys (ConfUtils.java:logGet(43)) - raft.server.sleep.deviation.threshold = 300 (default)
2019-09-26 16:39:28,658 [pool-277-thread-1] INFO  server.RaftServerConfigKeys (ConfUtils.java:logGet(43)) - raft.server.log.appender.install.snapshot.enabled = false (custom)
2019-09-26 16:39:28,658 [pool-277-thread-1] INFO  impl.RaftServerImpl (ServerState.java:<init>(103)) - b579823b-1ff0-4207-a8a1-9a9b244cc370@group-AD7A23627404: ConfigurationManager, init=-1: [b579823b-1ff0-4207-a8a1-9a9b244cc370:192.168.157.234:35476], old=null, confs=<EMPTY_MAP>
2019-09-26 16:39:28,658 [pool-277-thread-1] INFO  server.RaftServerConfigKeys (ConfUtils.java:logGet(43)) - raft.server.storage.dir = [/workdir/hadoop-ozone/integration-test/target/test-dir/MiniOzoneClusterImpl-0d69453a-2620-4e4e-b2d5-320b1f4020d1/datanode-1/data/ratis] (custom)
2019-09-26 16:39:28,658 [pool-277-thread-1] INFO  storage.RaftStorageDirectory (RaftStorageDirectory.java:analyzeStorage(246)) - The storage directory /workdir/hadoop-ozone/integration-test/target/test-dir/MiniOzoneClusterImpl-0d69453a-2620-4e4e-b2d5-320b1f4020d1/datanode-1/data/ratis/78e4979d-2bf3-4b2c-959d-ad7a23627404 does not exist. Creating ...
2019-09-26 16:39:28,672 [pool-277-thread-1] INFO  storage.RaftStorageDirectory (RaftStorageDirectory.java:tryLock(328)) - Lock on /workdir/hadoop-ozone/integration-test/target/test-dir/MiniOzoneClusterImpl-0d69453a-2620-4e4e-b2d5-320b1f4020d1/datanode-1/data/ratis/78e4979d-2bf3-4b2c-959d-ad7a23627404/in_use.lock acquired by nodename 16662@pr-hdds-2162-htzpk-1451759861
2019-09-26 16:39:28,685 [pool-277-thread-1] INFO  storage.RaftStorage (RaftStorage.java:format(72)) - Storage directory /workdir/hadoop-ozone/integration-test/target/test-dir/MiniOzoneClusterImpl-0d69453a-2620-4e4e-b2d5-320b1f4020d1/datanode-1/data/ratis/78e4979d-2bf3-4b2c-959d-ad7a23627404 has been successfully formatted.
2019-09-26 16:39:28,685 [pool-277-thread-1] INFO  ratis.ContainerStateMachine (ContainerStateMachine.java:loadSnapshot(230)) - group-AD7A23627404: The snapshot info is null. Setting the last applied indexto:(t:0, i:~)
2019-09-26 16:39:28,686 [pool-277-thread-1] INFO  server.RaftServerConfigKeys (ConfUtils.java:logGet(43)) - raft.server.notification.no-leader.timeout = 120s (custom)
2019-09-26 16:39:28,686 [pool-277-thread-1] INFO  server.RaftServerConfigKeys (ConfUtils.java:logGet(43)) - raft.server.log.use.memory = false (default)
2019-09-26 16:39:28,686 [pool-277-thread-1] INFO  server.RaftServerConfigKeys (ConfUtils.java:logGet(43)) - raft.server.log.purge.gap = 1000000 (custom)
2019-09-26 16:39:28,686 [pool-277-thread-1] INFO  server.RaftServerConfigKeys (ConfUtils.java:logGet(43)) - raft.server.log.appender.buffer.byte-limit = 33554432 (custom)
2019-09-26 16:39:28,686 [pool-277-thread-1] INFO  server.RaftServerConfigKeys (ConfUtils.java:logGet(43)) - raft.server.log.segment.size.max = 1048576 (custom)
2019-09-26 16:39:28,686 [pool-277-thread-1] INFO  server.RaftServerConfigKeys (ConfUtils.java:logGet(43)) - raft.server.log.segment.cache.num.max = 2 (custom)
2019-09-26 16:39:28,686 [pool-277-thread-1] INFO  segmented.SegmentedRaftLogWorker (SegmentedRaftLogWorker.java:<init>(172)) - new b579823b-1ff0-4207-a8a1-9a9b244cc370@group-AD7A23627404-SegmentedRaftLogWorker for RaftStorage:Storage Directory /workdir/hadoop-ozone/integration-test/target/test-dir/MiniOzoneClusterImpl-0d69453a-2620-4e4e-b2d5-320b1f4020d1/datanode-1/data/ratis/78e4979d-2bf3-4b2c-959d-ad7a23627404
2019-09-26 16:39:28,688 [pool-277-thread-1] INFO  server.RaftServerConfigKeys (ConfUtils.java:logGet(43)) - raft.server.log.queue.byte-limit = 2147483647 (custom)
2019-09-26 16:39:28,689 [pool-277-thread-1] INFO  server.RaftServerConfigKeys (ConfUtils.java:logGet(43)) - raft.server.log.queue.element-limit = 1024 (custom)
2019-09-26 16:39:28,689 [pool-277-thread-1] INFO  server.RaftServerConfigKeys (ConfUtils.java:logGet(43)) - raft.server.log.segment.size.max = 1048576 (custom)
2019-09-26 16:39:28,689 [pool-277-thread-1] INFO  server.RaftServerConfigKeys (ConfUtils.java:logGet(43)) - raft.server.log.preallocated.size = 16384 (custom)
2019-09-26 16:39:28,689 [pool-277-thread-1] INFO  server.RaftServerConfigKeys (ConfUtils.java:logGet(43)) - raft.server.log.write.buffer.size = 33554432 (custom)
2019-09-26 16:39:28,689 [pool-277-thread-1] INFO  server.RaftServerConfigKeys (ConfUtils.java:logGet(43)) - raft.server.log.force.sync.num = 128 (default)
2019-09-26 16:39:28,689 [pool-277-thread-1] INFO  server.RaftServerConfigKeys (ConfUtils.java:logGet(43)) - raft.server.log.statemachine.data.sync = true (default)
2019-09-26 16:39:28,690 [pool-277-thread-1] INFO  server.RaftServerConfigKeys (ConfUtils.java:logGet(43)) - raft.server.log.statemachine.data.sync.timeout = 10s (default)
2019-09-26 16:39:28,690 [pool-277-thread-1] INFO  server.RaftServerConfigKeys (ConfUtils.java:logGet(43)) - raft.server.log.statemachine.data.sync.timeout.retry = -1 (default)
2019-09-26 16:39:28,690 [pool-277-thread-1] INFO  server.RaftServerConfigKeys (ConfUtils.java:logGet(43)) - raft.server.log.statemachine.data.caching.enabled = true (custom)
2019-09-26 16:39:28,690 [pool-277-thread-1] INFO  segmented.SegmentedRaftLogWorker (SegmentedRaftLogWorker.java:lambda$new$0(132)) - b579823b-1ff0-4207-a8a1-9a9b244cc370@group-AD7A23627404-SegmentedRaftLogWorker: flushIndex: setUnconditionally 0 -> -1
2019-09-26 16:39:28,691 [pool-277-thread-1] INFO  server.RaftServerConfigKeys (ConfUtils.java:logGet(43)) - raft.server.snapshot.auto.trigger.enabled = true (custom)
2019-09-26 16:39:28,691 [pool-277-thread-1] INFO  server.RaftServerConfigKeys (ConfUtils.java:logGet(43)) - raft.server.snapshot.auto.trigger.threshold = 10000 (custom)
2019-09-26 16:39:28,691 [pool-277-thread-1] INFO  server.RaftServerConfigKeys (ConfUtils.java:logGet(43)) - raft.server.snapshot.retention.num.files = 5 (custom)
2019-09-26 16:39:28,691 [pool-277-thread-1] INFO  server.RaftServerConfigKeys (ConfUtils.java:logGet(43)) - raft.server.retrycache.expirytime = 600000ms (custom)
2019-09-26 16:39:28,693 [pool-277-thread-1] INFO  impl.RaftServerImpl (RaftServerImpl.java:start(185)) - b579823b-1ff0-4207-a8a1-9a9b244cc370@group-AD7A23627404: start as a follower, conf=-1: [b579823b-1ff0-4207-a8a1-9a9b244cc370:192.168.157.234:35476], old=null
2019-09-26 16:39:28,693 [pool-277-thread-1] INFO  impl.RaftServerImpl (RaftServerImpl.java:setRole(174)) - b579823b-1ff0-4207-a8a1-9a9b244cc370@group-AD7A23627404: changes role from      null to FOLLOWER at term 0 for startAsFollower
2019-09-26 16:39:28,693 [pool-277-thread-1] INFO  impl.RoleInfo (RoleInfo.java:updateAndGet(143)) - b579823b-1ff0-4207-a8a1-9a9b244cc370: start FollowerState
2019-09-26 16:39:28,694 [pool-277-thread-1] INFO  util.JmxRegister (JmxRegister.java:tryRegister(44)) - Successfully registered JMX Bean with object name Ratis:service=RaftServer,group=group-AD7A23627404,id=b579823b-1ff0-4207-a8a1-9a9b244cc370
2019-09-26 16:39:28,700 [RatisPipelineUtilsThread] INFO  pipeline.PipelineStateManager (PipelineStateManager.java:addPipeline(56)) - Created pipeline Pipeline[ Id: 78e4979d-2bf3-4b2c-959d-ad7a23627404, Nodes: b579823b-1ff0-4207-a8a1-9a9b244cc370{ip: 192.168.157.234, host: pr-hdds-2162-htzpk-1451759861, networkLocation: /rack1, certSerialId: null}, Type:RATIS, Factor:ONE, State:OPEN]
2019-09-26 16:39:28,718 [IPC Server handler 6 on 35525] INFO  net.NetworkTopology (NetworkTopologyImpl.java:add(111)) - Added a new node: /rack1/654e0914-16db-411e-baa4-1aca811b0f8c
2019-09-26 16:39:28,718 [IPC Server handler 6 on 35525] INFO  node.SCMNodeManager (SCMNodeManager.java:register(266)) - Registered Data node : 654e0914-16db-411e-baa4-1aca811b0f8c{ip: 192.168.157.234, host: pr-hdds-2162-htzpk-1451759861, networkLocation: /rack1, certSerialId: null}
2019-09-26 16:39:28,726 [grpc-default-executor-0] INFO  impl.RaftServerProxy (RaftServerProxy.java:addNew(89)) - 654e0914-16db-411e-baa4-1aca811b0f8c: addNew group-E7678D24D90B:[654e0914-16db-411e-baa4-1aca811b0f8c:192.168.157.234:41857] returns group-E7678D24D90B:java.util.concurrent.CompletableFuture@7129ba7f[Not completed]
2019-09-26 16:39:28,728 [pool-287-thread-1] INFO  impl.RaftServerImpl (RaftServerImpl.java:<init>(95)) - 654e0914-16db-411e-baa4-1aca811b0f8c: new RaftServerImpl for group-E7678D24D90B:[654e0914-16db-411e-baa4-1aca811b0f8c:192.168.157.234:41857] with ContainerStateMachine:uninitialized
2019-09-26 16:39:28,728 [pool-287-thread-1] INFO  server.RaftServerConfigKeys (ConfUtils.java:logGet(43)) - raft.server.rpc.timeout.min = 1s (custom)
2019-09-26 16:39:28,728 [pool-287-thread-1] INFO  server.RaftServerConfigKeys (ConfUtils.java:logGet(43)) - raft.server.rpc.timeout.max = 1200ms (custom)
2019-09-26 16:39:28,728 [pool-287-thread-1] INFO  server.RaftServerConfigKeys (ConfUtils.java:logGet(43)) - raft.server.rpcslowness.timeout = 120s (custom)
2019-09-26 16:39:28,728 [pool-287-thread-1] INFO  server.RaftServerConfigKeys (ConfUtils.java:logGet(43)) - raft.server.sleep.deviation.threshold = 300 (default)
2019-09-26 16:39:28,728 [pool-287-thread-1] INFO  server.RaftServerConfigKeys (ConfUtils.java:logGet(43)) - raft.server.log.appender.install.snapshot.enabled = false (custom)
2019-09-26 16:39:28,729 [pool-287-thread-1] INFO  impl.RaftServerImpl (ServerState.java:<init>(103)) - 654e0914-16db-411e-baa4-1aca811b0f8c@group-E7678D24D90B: ConfigurationManager, init=-1: [654e0914-16db-411e-baa4-1aca811b0f8c:192.168.157.234:41857], old=null, confs=<EMPTY_MAP>
2019-09-26 16:39:28,729 [pool-287-thread-1] INFO  server.RaftServerConfigKeys (ConfUtils.java:logGet(43)) - raft.server.storage.dir = [/workdir/hadoop-ozone/integration-test/target/test-dir/MiniOzoneClusterImpl-0d69453a-2620-4e4e-b2d5-320b1f4020d1/datanode-2/data/ratis] (custom)
2019-09-26 16:39:28,729 [pool-287-thread-1] INFO  storage.RaftStorageDirectory (RaftStorageDirectory.java:analyzeStorage(246)) - The storage directory /workdir/hadoop-ozone/integration-test/target/test-dir/MiniOzoneClusterImpl-0d69453a-2620-4e4e-b2d5-320b1f4020d1/datanode-2/data/ratis/9eac15e7-5d70-4ed4-908f-e7678d24d90b does not exist. Creating ...
2019-09-26 16:39:28,742 [pool-287-thread-1] INFO  storage.RaftStorageDirectory (RaftStorageDirectory.java:tryLock(328)) - Lock on /workdir/hadoop-ozone/integration-test/target/test-dir/MiniOzoneClusterImpl-0d69453a-2620-4e4e-b2d5-320b1f4020d1/datanode-2/data/ratis/9eac15e7-5d70-4ed4-908f-e7678d24d90b/in_use.lock acquired by nodename 16662@pr-hdds-2162-htzpk-1451759861
2019-09-26 16:39:28,755 [pool-287-thread-1] INFO  storage.RaftStorage (RaftStorage.java:format(72)) - Storage directory /workdir/hadoop-ozone/integration-test/target/test-dir/MiniOzoneClusterImpl-0d69453a-2620-4e4e-b2d5-320b1f4020d1/datanode-2/data/ratis/9eac15e7-5d70-4ed4-908f-e7678d24d90b has been successfully formatted.
2019-09-26 16:39:28,756 [pool-287-thread-1] INFO  ratis.ContainerStateMachine (ContainerStateMachine.java:loadSnapshot(230)) - group-E7678D24D90B: The snapshot info is null. Setting the last applied indexto:(t:0, i:~)
2019-09-26 16:39:28,756 [pool-287-thread-1] INFO  server.RaftServerConfigKeys (ConfUtils.java:logGet(43)) - raft.server.notification.no-leader.timeout = 120s (custom)
2019-09-26 16:39:28,756 [pool-287-thread-1] INFO  server.RaftServerConfigKeys (ConfUtils.java:logGet(43)) - raft.server.log.use.memory = false (default)
2019-09-26 16:39:28,756 [pool-287-thread-1] INFO  server.RaftServerConfigKeys (ConfUtils.java:logGet(43)) - raft.server.log.purge.gap = 1000000 (custom)
2019-09-26 16:39:28,756 [pool-287-thread-1] INFO  server.RaftServerConfigKeys (ConfUtils.java:logGet(43)) - raft.server.log.appender.buffer.byte-limit = 33554432 (custom)
2019-09-26 16:39:28,756 [pool-287-thread-1] INFO  server.RaftServerConfigKeys (ConfUtils.java:logGet(43)) - raft.server.log.segment.size.max = 1048576 (custom)
2019-09-26 16:39:28,757 [pool-287-thread-1] INFO  server.RaftServerConfigKeys (ConfUtils.java:logGet(43)) - raft.server.log.segment.cache.num.max = 2 (custom)
2019-09-26 16:39:28,757 [pool-287-thread-1] INFO  segmented.SegmentedRaftLogWorker (SegmentedRaftLogWorker.java:<init>(172)) - new 654e0914-16db-411e-baa4-1aca811b0f8c@group-E7678D24D90B-SegmentedRaftLogWorker for RaftStorage:Storage Directory /workdir/hadoop-ozone/integration-test/target/test-dir/MiniOzoneClusterImpl-0d69453a-2620-4e4e-b2d5-320b1f4020d1/datanode-2/data/ratis/9eac15e7-5d70-4ed4-908f-e7678d24d90b
2019-09-26 16:39:28,758 [pool-287-thread-1] INFO  server.RaftServerConfigKeys (ConfUtils.java:logGet(43)) - raft.server.log.queue.byte-limit = 2147483647 (custom)
2019-09-26 16:39:28,759 [pool-287-thread-1] INFO  server.RaftServerConfigKeys (ConfUtils.java:logGet(43)) - raft.server.log.queue.element-limit = 1024 (custom)
2019-09-26 16:39:28,759 [pool-287-thread-1] INFO  server.RaftServerConfigKeys (ConfUtils.java:logGet(43)) - raft.server.log.segment.size.max = 1048576 (custom)
2019-09-26 16:39:28,759 [pool-287-thread-1] INFO  server.RaftServerConfigKeys (ConfUtils.java:logGet(43)) - raft.server.log.preallocated.size = 16384 (custom)
2019-09-26 16:39:28,759 [pool-287-thread-1] INFO  server.RaftServerConfigKeys (ConfUtils.java:logGet(43)) - raft.server.log.write.buffer.size = 33554432 (custom)
2019-09-26 16:39:28,759 [pool-287-thread-1] INFO  server.RaftServerConfigKeys (ConfUtils.java:logGet(43)) - raft.server.log.force.sync.num = 128 (default)
2019-09-26 16:39:28,759 [pool-287-thread-1] INFO  server.RaftServerConfigKeys (ConfUtils.java:logGet(43)) - raft.server.log.statemachine.data.sync = true (default)
2019-09-26 16:39:28,759 [pool-287-thread-1] INFO  server.RaftServerConfigKeys (ConfUtils.java:logGet(43)) - raft.server.log.statemachine.data.sync.timeout = 10s (default)
2019-09-26 16:39:28,760 [pool-287-thread-1] INFO  server.RaftServerConfigKeys (ConfUtils.java:logGet(43)) - raft.server.log.statemachine.data.sync.timeout.retry = -1 (default)
2019-09-26 16:39:28,760 [pool-287-thread-1] INFO  server.RaftServerConfigKeys (ConfUtils.java:logGet(43)) - raft.server.log.statemachine.data.caching.enabled = true (custom)
2019-09-26 16:39:28,760 [pool-287-thread-1] INFO  segmented.SegmentedRaftLogWorker (SegmentedRaftLogWorker.java:lambda$new$0(132)) - 654e0914-16db-411e-baa4-1aca811b0f8c@group-E7678D24D90B-SegmentedRaftLogWorker: flushIndex: setUnconditionally 0 -> -1
2019-09-26 16:39:28,760 [pool-287-thread-1] INFO  server.RaftServerConfigKeys (ConfUtils.java:logGet(43)) - raft.server.snapshot.auto.trigger.enabled = true (custom)
2019-09-26 16:39:28,760 [pool-287-thread-1] INFO  server.RaftServerConfigKeys (ConfUtils.java:logGet(43)) - raft.server.snapshot.auto.trigger.threshold = 10000 (custom)
2019-09-26 16:39:28,761 [pool-287-thread-1] INFO  server.RaftServerConfigKeys (ConfUtils.java:logGet(43)) - raft.server.snapshot.retention.num.files = 5 (custom)
2019-09-26 16:39:28,761 [pool-287-thread-1] INFO  server.RaftServerConfigKeys (ConfUtils.java:logGet(43)) - raft.server.retrycache.expirytime = 600000ms (custom)
2019-09-26 16:39:28,762 [pool-287-thread-1] INFO  impl.RaftServerImpl (RaftServerImpl.java:start(185)) - 654e0914-16db-411e-baa4-1aca811b0f8c@group-E7678D24D90B: start as a follower, conf=-1: [654e0914-16db-411e-baa4-1aca811b0f8c:192.168.157.234:41857], old=null
2019-09-26 16:39:28,762 [pool-287-thread-1] INFO  impl.RaftServerImpl (RaftServerImpl.java:setRole(174)) - 654e0914-16db-411e-baa4-1aca811b0f8c@group-E7678D24D90B: changes role from      null to FOLLOWER at term 0 for startAsFollower
2019-09-26 16:39:28,762 [pool-287-thread-1] INFO  impl.RoleInfo (RoleInfo.java:updateAndGet(143)) - 654e0914-16db-411e-baa4-1aca811b0f8c: start FollowerState
2019-09-26 16:39:28,763 [pool-287-thread-1] INFO  util.JmxRegister (JmxRegister.java:tryRegister(44)) - Successfully registered JMX Bean with object name Ratis:service=RaftServer,group=group-E7678D24D90B,id=654e0914-16db-411e-baa4-1aca811b0f8c
2019-09-26 16:39:28,768 [RatisPipelineUtilsThread] INFO  pipeline.PipelineStateManager (PipelineStateManager.java:addPipeline(56)) - Created pipeline Pipeline[ Id: 9eac15e7-5d70-4ed4-908f-e7678d24d90b, Nodes: 654e0914-16db-411e-baa4-1aca811b0f8c{ip: 192.168.157.234, host: pr-hdds-2162-htzpk-1451759861, networkLocation: /rack1, certSerialId: null}, Type:RATIS, Factor:ONE, State:OPEN]
2019-09-26 16:39:28,781 [IPC Server handler 8 on 35525] INFO  net.NetworkTopology (NetworkTopologyImpl.java:add(111)) - Added a new node: /rack1/eb18520e-12e8-4d27-8838-dd2c94abb977
2019-09-26 16:39:28,782 [IPC Server handler 8 on 35525] INFO  node.SCMNodeManager (SCMNodeManager.java:register(266)) - Registered Data node : eb18520e-12e8-4d27-8838-dd2c94abb977{ip: 192.168.157.234, host: pr-hdds-2162-htzpk-1451759861, networkLocation: /rack1, certSerialId: null}
2019-09-26 16:39:28,782 [grpc-default-executor-2] INFO  impl.RaftServerProxy (RaftServerProxy.java:addNew(89)) - 654e0914-16db-411e-baa4-1aca811b0f8c: addNew group-560E5D370F76:[b579823b-1ff0-4207-a8a1-9a9b244cc370:192.168.157.234:35476, 654e0914-16db-411e-baa4-1aca811b0f8c:192.168.157.234:41857, a0699d09-a252-4be5-8d0e-c35928e32e7e:192.168.157.234:40671] returns group-560E5D370F76:java.util.concurrent.CompletableFuture@73a29f1[Not completed]
2019-09-26 16:39:28,783 [grpc-default-executor-2] INFO  impl.RaftServerProxy (RaftServerProxy.java:addNew(89)) - a0699d09-a252-4be5-8d0e-c35928e32e7e: addNew group-560E5D370F76:[b579823b-1ff0-4207-a8a1-9a9b244cc370:192.168.157.234:35476, 654e0914-16db-411e-baa4-1aca811b0f8c:192.168.157.234:41857, a0699d09-a252-4be5-8d0e-c35928e32e7e:192.168.157.234:40671] returns group-560E5D370F76:java.util.concurrent.CompletableFuture@4238a772[Not completed]
2019-09-26 16:39:28,783 [pool-287-thread-1] INFO  impl.RaftServerImpl (RaftServerImpl.java:<init>(95)) - 654e0914-16db-411e-baa4-1aca811b0f8c: new RaftServerImpl for group-560E5D370F76:[b579823b-1ff0-4207-a8a1-9a9b244cc370:192.168.157.234:35476, 654e0914-16db-411e-baa4-1aca811b0f8c:192.168.157.234:41857, a0699d09-a252-4be5-8d0e-c35928e32e7e:192.168.157.234:40671] with ContainerStateMachine:uninitialized
2019-09-26 16:39:28,783 [grpc-default-executor-1] INFO  impl.RaftServerProxy (RaftServerProxy.java:addNew(89)) - b579823b-1ff0-4207-a8a1-9a9b244cc370: addNew group-560E5D370F76:[b579823b-1ff0-4207-a8a1-9a9b244cc370:192.168.157.234:35476, 654e0914-16db-411e-baa4-1aca811b0f8c:192.168.157.234:41857, a0699d09-a252-4be5-8d0e-c35928e32e7e:192.168.157.234:40671] returns group-560E5D370F76:java.util.concurrent.CompletableFuture@79556568[Not completed]
2019-09-26 16:39:28,783 [pool-287-thread-1] INFO  server.RaftServerConfigKeys (ConfUtils.java:logGet(43)) - raft.server.rpc.timeout.min = 1s (custom)
2019-09-26 16:39:28,784 [pool-287-thread-1] INFO  server.RaftServerConfigKeys (ConfUtils.java:logGet(43)) - raft.server.rpc.timeout.max = 1200ms (custom)
2019-09-26 16:39:28,784 [pool-267-thread-1] INFO  impl.RaftServerImpl (RaftServerImpl.java:<init>(95)) - a0699d09-a252-4be5-8d0e-c35928e32e7e: new RaftServerImpl for group-560E5D370F76:[b579823b-1ff0-4207-a8a1-9a9b244cc370:192.168.157.234:35476, 654e0914-16db-411e-baa4-1aca811b0f8c:192.168.157.234:41857, a0699d09-a252-4be5-8d0e-c35928e32e7e:192.168.157.234:40671] with ContainerStateMachine:uninitialized
2019-09-26 16:39:28,784 [pool-287-thread-1] INFO  server.RaftServerConfigKeys (ConfUtils.java:logGet(43)) - raft.server.rpcslowness.timeout = 120s (custom)
2019-09-26 16:39:28,784 [pool-267-thread-1] INFO  server.RaftServerConfigKeys (ConfUtils.java:logGet(43)) - raft.server.rpc.timeout.min = 1s (custom)
2019-09-26 16:39:28,784 [pool-277-thread-1] INFO  impl.RaftServerImpl (RaftServerImpl.java:<init>(95)) - b579823b-1ff0-4207-a8a1-9a9b244cc370: new RaftServerImpl for group-560E5D370F76:[b579823b-1ff0-4207-a8a1-9a9b244cc370:192.168.157.234:35476, 654e0914-16db-411e-baa4-1aca811b0f8c:192.168.157.234:41857, a0699d09-a252-4be5-8d0e-c35928e32e7e:192.168.157.234:40671] with ContainerStateMachine:uninitialized
2019-09-26 16:39:28,784 [pool-287-thread-1] INFO  server.RaftServerConfigKeys (ConfUtils.java:logGet(43)) - raft.server.sleep.deviation.threshold = 300 (default)
2019-09-26 16:39:28,785 [pool-277-thread-1] INFO  server.RaftServerConfigKeys (ConfUtils.java:logGet(43)) - raft.server.rpc.timeout.min = 1s (custom)
2019-09-26 16:39:28,785 [pool-277-thread-1] INFO  server.RaftServerConfigKeys (ConfUtils.java:logGet(43)) - raft.server.rpc.timeout.max = 1200ms (custom)
2019-09-26 16:39:28,784 [pool-267-thread-1] INFO  server.RaftServerConfigKeys (ConfUtils.java:logGet(43)) - raft.server.rpc.timeout.max = 1200ms (custom)
2019-09-26 16:39:28,785 [pool-277-thread-1] INFO  server.RaftServerConfigKeys (ConfUtils.java:logGet(43)) - raft.server.rpcslowness.timeout = 120s (custom)
2019-09-26 16:39:28,785 [pool-287-thread-1] INFO  server.RaftServerConfigKeys (ConfUtils.java:logGet(43)) - raft.server.log.appender.install.snapshot.enabled = false (custom)
2019-09-26 16:39:28,785 [pool-277-thread-1] INFO  server.RaftServerConfigKeys (ConfUtils.java:logGet(43)) - raft.server.sleep.deviation.threshold = 300 (default)
2019-09-26 16:39:28,785 [pool-277-thread-1] INFO  server.RaftServerConfigKeys (ConfUtils.java:logGet(43)) - raft.server.log.appender.install.snapshot.enabled = false (custom)
2019-09-26 16:39:28,785 [pool-267-thread-1] INFO  server.RaftServerConfigKeys (ConfUtils.java:logGet(43)) - raft.server.rpcslowness.timeout = 120s (custom)
2019-09-26 16:39:28,786 [pool-277-thread-1] INFO  impl.RaftServerImpl (ServerState.java:<init>(103)) - b579823b-1ff0-4207-a8a1-9a9b244cc370@group-560E5D370F76: ConfigurationManager, init=-1: [b579823b-1ff0-4207-a8a1-9a9b244cc370:192.168.157.234:35476, 654e0914-16db-411e-baa4-1aca811b0f8c:192.168.157.234:41857, a0699d09-a252-4be5-8d0e-c35928e32e7e:192.168.157.234:40671], old=null, confs=<EMPTY_MAP>
2019-09-26 16:39:28,785 [pool-287-thread-1] INFO  impl.RaftServerImpl (ServerState.java:<init>(103)) - 654e0914-16db-411e-baa4-1aca811b0f8c@group-560E5D370F76: ConfigurationManager, init=-1: [b579823b-1ff0-4207-a8a1-9a9b244cc370:192.168.157.234:35476, 654e0914-16db-411e-baa4-1aca811b0f8c:192.168.157.234:41857, a0699d09-a252-4be5-8d0e-c35928e32e7e:192.168.157.234:40671], old=null, confs=<EMPTY_MAP>
2019-09-26 16:39:28,786 [pool-277-thread-1] INFO  server.RaftServerConfigKeys (ConfUtils.java:logGet(43)) - raft.server.storage.dir = [/workdir/hadoop-ozone/integration-test/target/test-dir/MiniOzoneClusterImpl-0d69453a-2620-4e4e-b2d5-320b1f4020d1/datanode-1/data/ratis] (custom)
2019-09-26 16:39:28,786 [pool-267-thread-1] INFO  server.RaftServerConfigKeys (ConfUtils.java:logGet(43)) - raft.server.sleep.deviation.threshold = 300 (default)
2019-09-26 16:39:28,786 [pool-287-thread-1] INFO  server.RaftServerConfigKeys (ConfUtils.java:logGet(43)) - raft.server.storage.dir = [/workdir/hadoop-ozone/integration-test/target/test-dir/MiniOzoneClusterImpl-0d69453a-2620-4e4e-b2d5-320b1f4020d1/datanode-2/data/ratis] (custom)
2019-09-26 16:39:28,786 [pool-277-thread-1] INFO  storage.RaftStorageDirectory (RaftStorageDirectory.java:analyzeStorage(246)) - The storage directory /workdir/hadoop-ozone/integration-test/target/test-dir/MiniOzoneClusterImpl-0d69453a-2620-4e4e-b2d5-320b1f4020d1/datanode-1/data/ratis/1958802a-06a9-4fe6-8b84-560e5d370f76 does not exist. Creating ...
2019-09-26 16:39:28,786 [pool-267-thread-1] INFO  server.RaftServerConfigKeys (ConfUtils.java:logGet(43)) - raft.server.log.appender.install.snapshot.enabled = false (custom)
2019-09-26 16:39:28,787 [pool-287-thread-1] INFO  storage.RaftStorageDirectory (RaftStorageDirectory.java:analyzeStorage(246)) - The storage directory /workdir/hadoop-ozone/integration-test/target/test-dir/MiniOzoneClusterImpl-0d69453a-2620-4e4e-b2d5-320b1f4020d1/datanode-2/data/ratis/1958802a-06a9-4fe6-8b84-560e5d370f76 does not exist. Creating ...
2019-09-26 16:39:28,787 [pool-267-thread-1] INFO  impl.RaftServerImpl (ServerState.java:<init>(103)) - a0699d09-a252-4be5-8d0e-c35928e32e7e@group-560E5D370F76: ConfigurationManager, init=-1: [b579823b-1ff0-4207-a8a1-9a9b244cc370:192.168.157.234:35476, 654e0914-16db-411e-baa4-1aca811b0f8c:192.168.157.234:41857, a0699d09-a252-4be5-8d0e-c35928e32e7e:192.168.157.234:40671], old=null, confs=<EMPTY_MAP>
2019-09-26 16:39:28,787 [pool-267-thread-1] INFO  server.RaftServerConfigKeys (ConfUtils.java:logGet(43)) - raft.server.storage.dir = [/workdir/hadoop-ozone/integration-test/target/test-dir/MiniOzoneClusterImpl-0d69453a-2620-4e4e-b2d5-320b1f4020d1/datanode-0/data/ratis] (custom)
2019-09-26 16:39:28,787 [pool-267-thread-1] INFO  storage.RaftStorageDirectory (RaftStorageDirectory.java:analyzeStorage(246)) - The storage directory /workdir/hadoop-ozone/integration-test/target/test-dir/MiniOzoneClusterImpl-0d69453a-2620-4e4e-b2d5-320b1f4020d1/datanode-0/data/ratis/1958802a-06a9-4fe6-8b84-560e5d370f76 does not exist. Creating ...
2019-09-26 16:39:28,800 [pool-287-thread-1] INFO  storage.RaftStorageDirectory (RaftStorageDirectory.java:tryLock(328)) - Lock on /workdir/hadoop-ozone/integration-test/target/test-dir/MiniOzoneClusterImpl-0d69453a-2620-4e4e-b2d5-320b1f4020d1/datanode-2/data/ratis/1958802a-06a9-4fe6-8b84-560e5d370f76/in_use.lock acquired by nodename 16662@pr-hdds-2162-htzpk-1451759861
2019-09-26 16:39:28,800 [pool-277-thread-1] INFO  storage.RaftStorageDirectory (RaftStorageDirectory.java:tryLock(328)) - Lock on /workdir/hadoop-ozone/integration-test/target/test-dir/MiniOzoneClusterImpl-0d69453a-2620-4e4e-b2d5-320b1f4020d1/datanode-1/data/ratis/1958802a-06a9-4fe6-8b84-560e5d370f76/in_use.lock acquired by nodename 16662@pr-hdds-2162-htzpk-1451759861
2019-09-26 16:39:28,800 [pool-267-thread-1] INFO  storage.RaftStorageDirectory (RaftStorageDirectory.java:tryLock(328)) - Lock on /workdir/hadoop-ozone/integration-test/target/test-dir/MiniOzoneClusterImpl-0d69453a-2620-4e4e-b2d5-320b1f4020d1/datanode-0/data/ratis/1958802a-06a9-4fe6-8b84-560e5d370f76/in_use.lock acquired by nodename 16662@pr-hdds-2162-htzpk-1451759861
2019-09-26 16:39:28,814 [pool-287-thread-1] INFO  storage.RaftStorage (RaftStorage.java:format(72)) - Storage directory /workdir/hadoop-ozone/integration-test/target/test-dir/MiniOzoneClusterImpl-0d69453a-2620-4e4e-b2d5-320b1f4020d1/datanode-2/data/ratis/1958802a-06a9-4fe6-8b84-560e5d370f76 has been successfully formatted.
2019-09-26 16:39:28,814 [pool-267-thread-1] INFO  storage.RaftStorage (RaftStorage.java:format(72)) - Storage directory /workdir/hadoop-ozone/integration-test/target/test-dir/MiniOzoneClusterImpl-0d69453a-2620-4e4e-b2d5-320b1f4020d1/datanode-0/data/ratis/1958802a-06a9-4fe6-8b84-560e5d370f76 has been successfully formatted.
2019-09-26 16:39:28,814 [pool-287-thread-1] INFO  ratis.ContainerStateMachine (ContainerStateMachine.java:loadSnapshot(230)) - group-560E5D370F76: The snapshot info is null. Setting the last applied indexto:(t:0, i:~)
2019-09-26 16:39:28,814 [pool-267-thread-1] INFO  ratis.ContainerStateMachine (ContainerStateMachine.java:loadSnapshot(230)) - group-560E5D370F76: The snapshot info is null. Setting the last applied indexto:(t:0, i:~)
2019-09-26 16:39:28,814 [pool-277-thread-1] INFO  storage.RaftStorage (RaftStorage.java:format(72)) - Storage directory /workdir/hadoop-ozone/integration-test/target/test-dir/MiniOzoneClusterImpl-0d69453a-2620-4e4e-b2d5-320b1f4020d1/datanode-1/data/ratis/1958802a-06a9-4fe6-8b84-560e5d370f76 has been successfully formatted.
2019-09-26 16:39:28,814 [pool-267-thread-1] INFO  server.RaftServerConfigKeys (ConfUtils.java:logGet(43)) - raft.server.notification.no-leader.timeout = 120s (custom)
2019-09-26 16:39:28,814 [pool-287-thread-1] INFO  server.RaftServerConfigKeys (ConfUtils.java:logGet(43)) - raft.server.notification.no-leader.timeout = 120s (custom)
2019-09-26 16:39:28,815 [pool-267-thread-1] INFO  server.RaftServerConfigKeys (ConfUtils.java:logGet(43)) - raft.server.log.use.memory = false (default)
2019-09-26 16:39:28,815 [pool-277-thread-1] INFO  ratis.ContainerStateMachine (ContainerStateMachine.java:loadSnapshot(230)) - group-560E5D370F76: The snapshot info is null. Setting the last applied indexto:(t:0, i:~)
2019-09-26 16:39:28,815 [pool-267-thread-1] INFO  server.RaftServerConfigKeys (ConfUtils.java:logGet(43)) - raft.server.log.purge.gap = 1000000 (custom)
2019-09-26 16:39:28,815 [pool-287-thread-1] INFO  server.RaftServerConfigKeys (ConfUtils.java:logGet(43)) - raft.server.log.use.memory = false (default)
2019-09-26 16:39:28,815 [pool-267-thread-1] INFO  server.RaftServerConfigKeys (ConfUtils.java:logGet(43)) - raft.server.log.appender.buffer.byte-limit = 33554432 (custom)
2019-09-26 16:39:28,815 [pool-277-thread-1] INFO  server.RaftServerConfigKeys (ConfUtils.java:logGet(43)) - raft.server.notification.no-leader.timeout = 120s (custom)
2019-09-26 16:39:28,816 [pool-267-thread-1] INFO  server.RaftServerConfigKeys (ConfUtils.java:logGet(43)) - raft.server.log.segment.size.max = 1048576 (custom)
2019-09-26 16:39:28,816 [pool-287-thread-1] INFO  server.RaftServerConfigKeys (ConfUtils.java:logGet(43)) - raft.server.log.purge.gap = 1000000 (custom)
2019-09-26 16:39:28,816 [pool-267-thread-1] INFO  server.RaftServerConfigKeys (ConfUtils.java:logGet(43)) - raft.server.log.segment.cache.num.max = 2 (custom)
2019-09-26 16:39:28,816 [pool-277-thread-1] INFO  server.RaftServerConfigKeys (ConfUtils.java:logGet(43)) - raft.server.log.use.memory = false (default)
2019-09-26 16:39:28,816 [pool-267-thread-1] INFO  segmented.SegmentedRaftLogWorker (SegmentedRaftLogWorker.java:<init>(172)) - new a0699d09-a252-4be5-8d0e-c35928e32e7e@group-560E5D370F76-SegmentedRaftLogWorker for RaftStorage:Storage Directory /workdir/hadoop-ozone/integration-test/target/test-dir/MiniOzoneClusterImpl-0d69453a-2620-4e4e-b2d5-320b1f4020d1/datanode-0/data/ratis/1958802a-06a9-4fe6-8b84-560e5d370f76
2019-09-26 16:39:28,816 [pool-287-thread-1] INFO  server.RaftServerConfigKeys (ConfUtils.java:logGet(43)) - raft.server.log.appender.buffer.byte-limit = 33554432 (custom)
2019-09-26 16:39:28,817 [pool-267-thread-1] INFO  server.RaftServerConfigKeys (ConfUtils.java:logGet(43)) - raft.server.log.queue.byte-limit = 2147483647 (custom)
2019-09-26 16:39:28,816 [pool-277-thread-1] INFO  server.RaftServerConfigKeys (ConfUtils.java:logGet(43)) - raft.server.log.purge.gap = 1000000 (custom)
2019-09-26 16:39:28,817 [pool-267-thread-1] INFO  server.RaftServerConfigKeys (ConfUtils.java:logGet(43)) - raft.server.log.queue.element-limit = 1024 (custom)
2019-09-26 16:39:28,817 [pool-287-thread-1] INFO  server.RaftServerConfigKeys (ConfUtils.java:logGet(43)) - raft.server.log.segment.size.max = 1048576 (custom)
2019-09-26 16:39:28,817 [pool-267-thread-1] INFO  server.RaftServerConfigKeys (ConfUtils.java:logGet(43)) - raft.server.log.segment.size.max = 1048576 (custom)
2019-09-26 16:39:28,818 [pool-267-thread-1] INFO  server.RaftServerConfigKeys (ConfUtils.java:logGet(43)) - raft.server.log.preallocated.size = 16384 (custom)
2019-09-26 16:39:28,817 [pool-277-thread-1] INFO  server.RaftServerConfigKeys (ConfUtils.java:logGet(43)) - raft.server.log.appender.buffer.byte-limit = 33554432 (custom)
2019-09-26 16:39:28,818 [pool-267-thread-1] INFO  server.RaftServerConfigKeys (ConfUtils.java:logGet(43)) - raft.server.log.write.buffer.size = 33554432 (custom)
2019-09-26 16:39:28,817 [pool-287-thread-1] INFO  server.RaftServerConfigKeys (ConfUtils.java:logGet(43)) - raft.server.log.segment.cache.num.max = 2 (custom)
2019-09-26 16:39:28,818 [pool-267-thread-1] INFO  server.RaftServerConfigKeys (ConfUtils.java:logGet(43)) - raft.server.log.force.sync.num = 128 (default)
2019-09-26 16:39:28,818 [pool-277-thread-1] INFO  server.RaftServerConfigKeys (ConfUtils.java:logGet(43)) - raft.server.log.segment.size.max = 1048576 (custom)
2019-09-26 16:39:28,818 [pool-267-thread-1] INFO  server.RaftServerConfigKeys (ConfUtils.java:logGet(43)) - raft.server.log.statemachine.data.sync = true (default)
2019-09-26 16:39:28,818 [pool-287-thread-1] INFO  segmented.SegmentedRaftLogWorker (SegmentedRaftLogWorker.java:<init>(172)) - new 654e0914-16db-411e-baa4-1aca811b0f8c@group-560E5D370F76-SegmentedRaftLogWorker for RaftStorage:Storage Directory /workdir/hadoop-ozone/integration-test/target/test-dir/MiniOzoneClusterImpl-0d69453a-2620-4e4e-b2d5-320b1f4020d1/datanode-2/data/ratis/1958802a-06a9-4fe6-8b84-560e5d370f76
2019-09-26 16:39:28,819 [pool-267-thread-1] INFO  server.RaftServerConfigKeys (ConfUtils.java:logGet(43)) - raft.server.log.statemachine.data.sync.timeout = 10s (default)
2019-09-26 16:39:28,819 [pool-277-thread-1] INFO  server.RaftServerConfigKeys (ConfUtils.java:logGet(43)) - raft.server.log.segment.cache.num.max = 2 (custom)
2019-09-26 16:39:28,819 [pool-267-thread-1] INFO  server.RaftServerConfigKeys (ConfUtils.java:logGet(43)) - raft.server.log.statemachine.data.sync.timeout.retry = -1 (default)
2019-09-26 16:39:28,819 [pool-287-thread-1] INFO  server.RaftServerConfigKeys (ConfUtils.java:logGet(43)) - raft.server.log.queue.byte-limit = 2147483647 (custom)
2019-09-26 16:39:28,819 [pool-267-thread-1] INFO  server.RaftServerConfigKeys (ConfUtils.java:logGet(43)) - raft.server.log.statemachine.data.caching.enabled = true (custom)
2019-09-26 16:39:28,819 [pool-277-thread-1] INFO  segmented.SegmentedRaftLogWorker (SegmentedRaftLogWorker.java:<init>(172)) - new b579823b-1ff0-4207-a8a1-9a9b244cc370@group-560E5D370F76-SegmentedRaftLogWorker for RaftStorage:Storage Directory /workdir/hadoop-ozone/integration-test/target/test-dir/MiniOzoneClusterImpl-0d69453a-2620-4e4e-b2d5-320b1f4020d1/datanode-1/data/ratis/1958802a-06a9-4fe6-8b84-560e5d370f76
2019-09-26 16:39:28,820 [pool-287-thread-1] INFO  server.RaftServerConfigKeys (ConfUtils.java:logGet(43)) - raft.server.log.queue.element-limit = 1024 (custom)
2019-09-26 16:39:28,820 [pool-277-thread-1] INFO  server.RaftServerConfigKeys (ConfUtils.java:logGet(43)) - raft.server.log.queue.byte-limit = 2147483647 (custom)
2019-09-26 16:39:28,820 [pool-267-thread-1] INFO  segmented.SegmentedRaftLogWorker (SegmentedRaftLogWorker.java:lambda$new$0(132)) - a0699d09-a252-4be5-8d0e-c35928e32e7e@group-560E5D370F76-SegmentedRaftLogWorker: flushIndex: setUnconditionally 0 -> -1
2019-09-26 16:39:28,820 [pool-277-thread-1] INFO  server.RaftServerConfigKeys (ConfUtils.java:logGet(43)) - raft.server.log.queue.element-limit = 1024 (custom)
2019-09-26 16:39:28,820 [pool-287-thread-1] INFO  server.RaftServerConfigKeys (ConfUtils.java:logGet(43)) - raft.server.log.segment.size.max = 1048576 (custom)
2019-09-26 16:39:28,821 [pool-267-thread-1] INFO  server.RaftServerConfigKeys (ConfUtils.java:logGet(43)) - raft.server.snapshot.auto.trigger.enabled = true (custom)
2019-09-26 16:39:28,820 [pool-277-thread-1] INFO  server.RaftServerConfigKeys (ConfUtils.java:logGet(43)) - raft.server.log.segment.size.max = 1048576 (custom)
2019-09-26 16:39:28,821 [pool-267-thread-1] INFO  server.RaftServerConfigKeys (ConfUtils.java:logGet(43)) - raft.server.snapshot.auto.trigger.threshold = 10000 (custom)
2019-09-26 16:39:28,821 [pool-287-thread-1] INFO  server.RaftServerConfigKeys (ConfUtils.java:logGet(43)) - raft.server.log.preallocated.size = 16384 (custom)
2019-09-26 16:39:28,821 [pool-267-thread-1] INFO  server.RaftServerConfigKeys (ConfUtils.java:logGet(43)) - raft.server.snapshot.retention.num.files = 5 (custom)
2019-09-26 16:39:28,821 [pool-277-thread-1] INFO  server.RaftServerConfigKeys (ConfUtils.java:logGet(43)) - raft.server.log.preallocated.size = 16384 (custom)
2019-09-26 16:39:28,821 [pool-267-thread-1] INFO  server.RaftServerConfigKeys (ConfUtils.java:logGet(43)) - raft.server.retrycache.expirytime = 600000ms (custom)
2019-09-26 16:39:28,821 [pool-287-thread-1] INFO  server.RaftServerConfigKeys (ConfUtils.java:logGet(43)) - raft.server.log.write.buffer.size = 33554432 (custom)
2019-09-26 16:39:28,821 [pool-277-thread-1] INFO  server.RaftServerConfigKeys (ConfUtils.java:logGet(43)) - raft.server.log.write.buffer.size = 33554432 (custom)
2019-09-26 16:39:28,822 [pool-287-thread-1] INFO  server.RaftServerConfigKeys (ConfUtils.java:logGet(43)) - raft.server.log.force.sync.num = 128 (default)
2019-09-26 16:39:28,822 [pool-277-thread-1] INFO  server.RaftServerConfigKeys (ConfUtils.java:logGet(43)) - raft.server.log.force.sync.num = 128 (default)
2019-09-26 16:39:28,822 [pool-287-thread-1] INFO  server.RaftServerConfigKeys (ConfUtils.java:logGet(43)) - raft.server.log.statemachine.data.sync = true (default)
2019-09-26 16:39:28,822 [pool-277-thread-1] INFO  server.RaftServerConfigKeys (ConfUtils.java:logGet(43)) - raft.server.log.statemachine.data.sync = true (default)
2019-09-26 16:39:28,822 [pool-287-thread-1] INFO  server.RaftServerConfigKeys (ConfUtils.java:logGet(43)) - raft.server.log.statemachine.data.sync.timeout = 10s (default)
2019-09-26 16:39:28,822 [pool-277-thread-1] INFO  server.RaftServerConfigKeys (ConfUtils.java:logGet(43)) - raft.server.log.statemachine.data.sync.timeout = 10s (default)
2019-09-26 16:39:28,823 [pool-287-thread-1] INFO  server.RaftServerConfigKeys (ConfUtils.java:logGet(43)) - raft.server.log.statemachine.data.sync.timeout.retry = -1 (default)
2019-09-26 16:39:28,823 [pool-277-thread-1] INFO  server.RaftServerConfigKeys (ConfUtils.java:logGet(43)) - raft.server.log.statemachine.data.sync.timeout.retry = -1 (default)
2019-09-26 16:39:28,823 [pool-287-thread-1] INFO  server.RaftServerConfigKeys (ConfUtils.java:logGet(43)) - raft.server.log.statemachine.data.caching.enabled = true (custom)
2019-09-26 16:39:28,823 [pool-277-thread-1] INFO  server.RaftServerConfigKeys (ConfUtils.java:logGet(43)) - raft.server.log.statemachine.data.caching.enabled = true (custom)
2019-09-26 16:39:28,823 [pool-287-thread-1] INFO  segmented.SegmentedRaftLogWorker (SegmentedRaftLogWorker.java:lambda$new$0(132)) - 654e0914-16db-411e-baa4-1aca811b0f8c@group-560E5D370F76-SegmentedRaftLogWorker: flushIndex: setUnconditionally 0 -> -1
2019-09-26 16:39:28,823 [pool-277-thread-1] INFO  segmented.SegmentedRaftLogWorker (SegmentedRaftLogWorker.java:lambda$new$0(132)) - b579823b-1ff0-4207-a8a1-9a9b244cc370@group-560E5D370F76-SegmentedRaftLogWorker: flushIndex: setUnconditionally 0 -> -1
2019-09-26 16:39:28,824 [pool-287-thread-1] INFO  server.RaftServerConfigKeys (ConfUtils.java:logGet(43)) - raft.server.snapshot.auto.trigger.enabled = true (custom)
2019-09-26 16:39:28,824 [pool-277-thread-1] INFO  server.RaftServerConfigKeys (ConfUtils.java:logGet(43)) - raft.server.snapshot.auto.trigger.enabled = true (custom)
2019-09-26 16:39:28,824 [pool-287-thread-1] INFO  server.RaftServerConfigKeys (ConfUtils.java:logGet(43)) - raft.server.snapshot.auto.trigger.threshold = 10000 (custom)
2019-09-26 16:39:28,824 [pool-277-thread-1] INFO  server.RaftServerConfigKeys (ConfUtils.java:logGet(43)) - raft.server.snapshot.auto.trigger.threshold = 10000 (custom)
2019-09-26 16:39:28,824 [pool-267-thread-1] INFO  impl.RaftServerImpl (RaftServerImpl.java:start(185)) - a0699d09-a252-4be5-8d0e-c35928e32e7e@group-560E5D370F76: start as a follower, conf=-1: [b579823b-1ff0-4207-a8a1-9a9b244cc370:192.168.157.234:35476, 654e0914-16db-411e-baa4-1aca811b0f8c:192.168.157.234:41857, a0699d09-a252-4be5-8d0e-c35928e32e7e:192.168.157.234:40671], old=null
2019-09-26 16:39:28,824 [pool-287-thread-1] INFO  server.RaftServerConfigKeys (ConfUtils.java:logGet(43)) - raft.server.snapshot.retention.num.files = 5 (custom)
2019-09-26 16:39:28,824 [pool-267-thread-1] INFO  impl.RaftServerImpl (RaftServerImpl.java:setRole(174)) - a0699d09-a252-4be5-8d0e-c35928e32e7e@group-560E5D370F76: changes role from      null to FOLLOWER at term 0 for startAsFollower
2019-09-26 16:39:28,824 [pool-277-thread-1] INFO  server.RaftServerConfigKeys (ConfUtils.java:logGet(43)) - raft.server.snapshot.retention.num.files = 5 (custom)
2019-09-26 16:39:28,825 [pool-267-thread-1] INFO  impl.RoleInfo (RoleInfo.java:updateAndGet(143)) - a0699d09-a252-4be5-8d0e-c35928e32e7e: start FollowerState
2019-09-26 16:39:28,824 [pool-287-thread-1] INFO  server.RaftServerConfigKeys (ConfUtils.java:logGet(43)) - raft.server.retrycache.expirytime = 600000ms (custom)
2019-09-26 16:39:28,825 [pool-277-thread-1] INFO  server.RaftServerConfigKeys (ConfUtils.java:logGet(43)) - raft.server.retrycache.expirytime = 600000ms (custom)
2019-09-26 16:39:28,825 [pool-267-thread-1] INFO  util.JmxRegister (JmxRegister.java:tryRegister(44)) - Successfully registered JMX Bean with object name Ratis:service=RaftServer,group=group-560E5D370F76,id=a0699d09-a252-4be5-8d0e-c35928e32e7e
2019-09-26 16:39:28,831 [pool-287-thread-1] INFO  impl.RaftServerImpl (RaftServerImpl.java:start(185)) - 654e0914-16db-411e-baa4-1aca811b0f8c@group-560E5D370F76: start as a follower, conf=-1: [b579823b-1ff0-4207-a8a1-9a9b244cc370:192.168.157.234:35476, 654e0914-16db-411e-baa4-1aca811b0f8c:192.168.157.234:41857, a0699d09-a252-4be5-8d0e-c35928e32e7e:192.168.157.234:40671], old=null
2019-09-26 16:39:28,831 [pool-287-thread-1] INFO  impl.RaftServerImpl (RaftServerImpl.java:setRole(174)) - 654e0914-16db-411e-baa4-1aca811b0f8c@group-560E5D370F76: changes role from      null to FOLLOWER at term 0 for startAsFollower
2019-09-26 16:39:28,831 [pool-277-thread-1] INFO  impl.RaftServerImpl (RaftServerImpl.java:start(185)) - b579823b-1ff0-4207-a8a1-9a9b244cc370@group-560E5D370F76: start as a follower, conf=-1: [b579823b-1ff0-4207-a8a1-9a9b244cc370:192.168.157.234:35476, 654e0914-16db-411e-baa4-1aca811b0f8c:192.168.157.234:41857, a0699d09-a252-4be5-8d0e-c35928e32e7e:192.168.157.234:40671], old=null
2019-09-26 16:39:28,831 [pool-287-thread-1] INFO  impl.RoleInfo (RoleInfo.java:updateAndGet(143)) - 654e0914-16db-411e-baa4-1aca811b0f8c: start FollowerState
2019-09-26 16:39:28,832 [pool-277-thread-1] INFO  impl.RaftServerImpl (RaftServerImpl.java:setRole(174)) - b579823b-1ff0-4207-a8a1-9a9b244cc370@group-560E5D370F76: changes role from      null to FOLLOWER at term 0 for startAsFollower
2019-09-26 16:39:28,832 [pool-277-thread-1] INFO  impl.RoleInfo (RoleInfo.java:updateAndGet(143)) - b579823b-1ff0-4207-a8a1-9a9b244cc370: start FollowerState
2019-09-26 16:39:28,832 [pool-287-thread-1] INFO  util.JmxRegister (JmxRegister.java:tryRegister(44)) - Successfully registered JMX Bean with object name Ratis:service=RaftServer,group=group-560E5D370F76,id=654e0914-16db-411e-baa4-1aca811b0f8c
2019-09-26 16:39:28,832 [pool-277-thread-1] INFO  util.JmxRegister (JmxRegister.java:tryRegister(44)) - Successfully registered JMX Bean with object name Ratis:service=RaftServer,group=group-560E5D370F76,id=b579823b-1ff0-4207-a8a1-9a9b244cc370
2019-09-26 16:39:28,841 [RatisPipelineUtilsThread] INFO  pipeline.PipelineStateManager (PipelineStateManager.java:addPipeline(56)) - Created pipeline Pipeline[ Id: 1958802a-06a9-4fe6-8b84-560e5d370f76, Nodes: b579823b-1ff0-4207-a8a1-9a9b244cc370{ip: 192.168.157.234, host: pr-hdds-2162-htzpk-1451759861, networkLocation: /rack1, certSerialId: null}654e0914-16db-411e-baa4-1aca811b0f8c{ip: 192.168.157.234, host: pr-hdds-2162-htzpk-1451759861, networkLocation: /rack1, certSerialId: null}a0699d09-a252-4be5-8d0e-c35928e32e7e{ip: 192.168.157.234, host: pr-hdds-2162-htzpk-1451759861, networkLocation: /rack1, certSerialId: null}, Type:RATIS, Factor:THREE, State:OPEN]
2019-09-26 16:39:28,842 [IPC Server handler 9 on 35525] INFO  net.NetworkTopology (NetworkTopologyImpl.java:add(111)) - Added a new node: /rack1/6b2d4045-7ba8-4a84-8602-e698261d7534
2019-09-26 16:39:28,842 [IPC Server handler 9 on 35525] INFO  node.SCMNodeManager (SCMNodeManager.java:register(266)) - Registered Data node : 6b2d4045-7ba8-4a84-8602-e698261d7534{ip: 192.168.157.234, host: pr-hdds-2162-htzpk-1451759861, networkLocation: /rack1, certSerialId: null}
2019-09-26 16:39:28,849 [grpc-default-executor-1] INFO  impl.RaftServerProxy (RaftServerProxy.java:addNew(89)) - eb18520e-12e8-4d27-8838-dd2c94abb977: addNew group-2F102EC141BE:[eb18520e-12e8-4d27-8838-dd2c94abb977:192.168.157.234:36334] returns group-2F102EC141BE:java.util.concurrent.CompletableFuture@5bb60061[Not completed]
2019-09-26 16:39:28,854 [pool-297-thread-1] INFO  impl.RaftServerImpl (RaftServerImpl.java:<init>(95)) - eb18520e-12e8-4d27-8838-dd2c94abb977: new RaftServerImpl for group-2F102EC141BE:[eb18520e-12e8-4d27-8838-dd2c94abb977:192.168.157.234:36334] with ContainerStateMachine:uninitialized
2019-09-26 16:39:28,854 [pool-297-thread-1] INFO  server.RaftServerConfigKeys (ConfUtils.java:logGet(43)) - raft.server.rpc.timeout.min = 1s (custom)
2019-09-26 16:39:28,854 [pool-297-thread-1] INFO  server.RaftServerConfigKeys (ConfUtils.java:logGet(43)) - raft.server.rpc.timeout.max = 1200ms (custom)
2019-09-26 16:39:28,854 [pool-297-thread-1] INFO  server.RaftServerConfigKeys (ConfUtils.java:logGet(43)) - raft.server.rpcslowness.timeout = 120s (custom)
2019-09-26 16:39:28,854 [pool-297-thread-1] INFO  server.RaftServerConfigKeys (ConfUtils.java:logGet(43)) - raft.server.sleep.deviation.threshold = 300 (default)
2019-09-26 16:39:28,855 [pool-297-thread-1] INFO  server.RaftServerConfigKeys (ConfUtils.java:logGet(43)) - raft.server.log.appender.install.snapshot.enabled = false (custom)
2019-09-26 16:39:28,855 [pool-297-thread-1] INFO  impl.RaftServerImpl (ServerState.java:<init>(103)) - eb18520e-12e8-4d27-8838-dd2c94abb977@group-2F102EC141BE: ConfigurationManager, init=-1: [eb18520e-12e8-4d27-8838-dd2c94abb977:192.168.157.234:36334], old=null, confs=<EMPTY_MAP>
2019-09-26 16:39:28,855 [pool-297-thread-1] INFO  server.RaftServerConfigKeys (ConfUtils.java:logGet(43)) - raft.server.storage.dir = [/workdir/hadoop-ozone/integration-test/target/test-dir/MiniOzoneClusterImpl-0d69453a-2620-4e4e-b2d5-320b1f4020d1/datanode-3/data/ratis] (custom)
2019-09-26 16:39:28,855 [pool-297-thread-1] INFO  storage.RaftStorageDirectory (RaftStorageDirectory.java:analyzeStorage(246)) - The storage directory /workdir/hadoop-ozone/integration-test/target/test-dir/MiniOzoneClusterImpl-0d69453a-2620-4e4e-b2d5-320b1f4020d1/datanode-3/data/ratis/dc8d66f3-563e-4079-ad6d-2f102ec141be does not exist. Creating ...
2019-09-26 16:39:28,869 [pool-297-thread-1] INFO  storage.RaftStorageDirectory (RaftStorageDirectory.java:tryLock(328)) - Lock on /workdir/hadoop-ozone/integration-test/target/test-dir/MiniOzoneClusterImpl-0d69453a-2620-4e4e-b2d5-320b1f4020d1/datanode-3/data/ratis/dc8d66f3-563e-4079-ad6d-2f102ec141be/in_use.lock acquired by nodename 16662@pr-hdds-2162-htzpk-1451759861
2019-09-26 16:39:28,890 [pool-297-thread-1] INFO  storage.RaftStorage (RaftStorage.java:format(72)) - Storage directory /workdir/hadoop-ozone/integration-test/target/test-dir/MiniOzoneClusterImpl-0d69453a-2620-4e4e-b2d5-320b1f4020d1/datanode-3/data/ratis/dc8d66f3-563e-4079-ad6d-2f102ec141be has been successfully formatted.
2019-09-26 16:39:28,890 [pool-297-thread-1] INFO  ratis.ContainerStateMachine (ContainerStateMachine.java:loadSnapshot(230)) - group-2F102EC141BE: The snapshot info is null. Setting the last applied indexto:(t:0, i:~)
2019-09-26 16:39:28,890 [pool-297-thread-1] INFO  server.RaftServerConfigKeys (ConfUtils.java:logGet(43)) - raft.server.notification.no-leader.timeout = 120s (custom)
2019-09-26 16:39:28,890 [pool-297-thread-1] INFO  server.RaftServerConfigKeys (ConfUtils.java:logGet(43)) - raft.server.log.use.memory = false (default)
2019-09-26 16:39:28,890 [pool-297-thread-1] INFO  server.RaftServerConfigKeys (ConfUtils.java:logGet(43)) - raft.server.log.purge.gap = 1000000 (custom)
2019-09-26 16:39:28,891 [pool-297-thread-1] INFO  server.RaftServerConfigKeys (ConfUtils.java:logGet(43)) - raft.server.log.appender.buffer.byte-limit = 33554432 (custom)
2019-09-26 16:39:28,891 [pool-297-thread-1] INFO  server.RaftServerConfigKeys (ConfUtils.java:logGet(43)) - raft.server.log.segment.size.max = 1048576 (custom)
2019-09-26 16:39:28,891 [pool-297-thread-1] INFO  server.RaftServerConfigKeys (ConfUtils.java:logGet(43)) - raft.server.log.segment.cache.num.max = 2 (custom)
2019-09-26 16:39:28,891 [pool-297-thread-1] INFO  segmented.SegmentedRaftLogWorker (SegmentedRaftLogWorker.java:<init>(172)) - new eb18520e-12e8-4d27-8838-dd2c94abb977@group-2F102EC141BE-SegmentedRaftLogWorker for RaftStorage:Storage Directory /workdir/hadoop-ozone/integration-test/target/test-dir/MiniOzoneClusterImpl-0d69453a-2620-4e4e-b2d5-320b1f4020d1/datanode-3/data/ratis/dc8d66f3-563e-4079-ad6d-2f102ec141be
2019-09-26 16:39:28,893 [pool-297-thread-1] INFO  server.RaftServerConfigKeys (ConfUtils.java:logGet(43)) - raft.server.log.queue.byte-limit = 2147483647 (custom)
2019-09-26 16:39:28,893 [pool-297-thread-1] INFO  server.RaftServerConfigKeys (ConfUtils.java:logGet(43)) - raft.server.log.queue.element-limit = 1024 (custom)
2019-09-26 16:39:28,893 [pool-297-thread-1] INFO  server.RaftServerConfigKeys (ConfUtils.java:logGet(43)) - raft.server.log.segment.size.max = 1048576 (custom)
2019-09-26 16:39:28,893 [pool-297-thread-1] INFO  server.RaftServerConfigKeys (ConfUtils.java:logGet(43)) - raft.server.log.preallocated.size = 16384 (custom)
2019-09-26 16:39:28,893 [pool-297-thread-1] INFO  server.RaftServerConfigKeys (ConfUtils.java:logGet(43)) - raft.server.log.write.buffer.size = 33554432 (custom)
2019-09-26 16:39:28,893 [pool-297-thread-1] INFO  server.RaftServerConfigKeys (ConfUtils.java:logGet(43)) - raft.server.log.force.sync.num = 128 (default)
2019-09-26 16:39:28,894 [pool-297-thread-1] INFO  server.RaftServerConfigKeys (ConfUtils.java:logGet(43)) - raft.server.log.statemachine.data.sync = true (default)
2019-09-26 16:39:28,894 [pool-297-thread-1] INFO  server.RaftServerConfigKeys (ConfUtils.java:logGet(43)) - raft.server.log.statemachine.data.sync.timeout = 10s (default)
2019-09-26 16:39:28,894 [pool-297-thread-1] INFO  server.RaftServerConfigKeys (ConfUtils.java:logGet(43)) - raft.server.log.statemachine.data.sync.timeout.retry = -1 (default)
2019-09-26 16:39:28,894 [pool-297-thread-1] INFO  server.RaftServerConfigKeys (ConfUtils.java:logGet(43)) - raft.server.log.statemachine.data.caching.enabled = true (custom)
2019-09-26 16:39:28,894 [pool-297-thread-1] INFO  segmented.SegmentedRaftLogWorker (SegmentedRaftLogWorker.java:lambda$new$0(132)) - eb18520e-12e8-4d27-8838-dd2c94abb977@group-2F102EC141BE-SegmentedRaftLogWorker: flushIndex: setUnconditionally 0 -> -1
2019-09-26 16:39:28,895 [pool-297-thread-1] INFO  server.RaftServerConfigKeys (ConfUtils.java:logGet(43)) - raft.server.snapshot.auto.trigger.enabled = true (custom)
2019-09-26 16:39:28,895 [pool-297-thread-1] INFO  server.RaftServerConfigKeys (ConfUtils.java:logGet(43)) - raft.server.snapshot.auto.trigger.threshold = 10000 (custom)
2019-09-26 16:39:28,895 [pool-297-thread-1] INFO  server.RaftServerConfigKeys (ConfUtils.java:logGet(43)) - raft.server.snapshot.retention.num.files = 5 (custom)
2019-09-26 16:39:28,895 [pool-297-thread-1] INFO  server.RaftServerConfigKeys (ConfUtils.java:logGet(43)) - raft.server.retrycache.expirytime = 600000ms (custom)
2019-09-26 16:39:28,897 [pool-297-thread-1] INFO  impl.RaftServerImpl (RaftServerImpl.java:start(185)) - eb18520e-12e8-4d27-8838-dd2c94abb977@group-2F102EC141BE: start as a follower, conf=-1: [eb18520e-12e8-4d27-8838-dd2c94abb977:192.168.157.234:36334], old=null
2019-09-26 16:39:28,897 [pool-297-thread-1] INFO  impl.RaftServerImpl (RaftServerImpl.java:setRole(174)) - eb18520e-12e8-4d27-8838-dd2c94abb977@group-2F102EC141BE: changes role from      null to FOLLOWER at term 0 for startAsFollower
2019-09-26 16:39:28,897 [pool-297-thread-1] INFO  impl.RoleInfo (RoleInfo.java:updateAndGet(143)) - eb18520e-12e8-4d27-8838-dd2c94abb977: start FollowerState
2019-09-26 16:39:28,897 [pool-297-thread-1] INFO  util.JmxRegister (JmxRegister.java:tryRegister(44)) - Successfully registered JMX Bean with object name Ratis:service=RaftServer,group=group-2F102EC141BE,id=eb18520e-12e8-4d27-8838-dd2c94abb977
2019-09-26 16:39:28,903 [IPC Server handler 2 on 35525] INFO  net.NetworkTopology (NetworkTopologyImpl.java:add(111)) - Added a new node: /rack1/9d99e882-81d2-44b9-a20b-81697c871aa8
2019-09-26 16:39:28,903 [RatisPipelineUtilsThread] INFO  pipeline.PipelineStateManager (PipelineStateManager.java:addPipeline(56)) - Created pipeline Pipeline[ Id: dc8d66f3-563e-4079-ad6d-2f102ec141be, Nodes: eb18520e-12e8-4d27-8838-dd2c94abb977{ip: 192.168.157.234, host: pr-hdds-2162-htzpk-1451759861, networkLocation: /rack1, certSerialId: null}, Type:RATIS, Factor:ONE, State:OPEN]
2019-09-26 16:39:28,903 [IPC Server handler 2 on 35525] INFO  node.SCMNodeManager (SCMNodeManager.java:register(266)) - Registered Data node : 9d99e882-81d2-44b9-a20b-81697c871aa8{ip: 192.168.157.234, host: pr-hdds-2162-htzpk-1451759861, networkLocation: /rack1, certSerialId: null}
2019-09-26 16:39:28,910 [grpc-default-executor-1] INFO  impl.RaftServerProxy (RaftServerProxy.java:addNew(89)) - 6b2d4045-7ba8-4a84-8602-e698261d7534: addNew group-889D5284BE8E:[6b2d4045-7ba8-4a84-8602-e698261d7534:192.168.157.234:33350] returns group-889D5284BE8E:java.util.concurrent.CompletableFuture@5847901c[Not completed]
2019-09-26 16:39:28,912 [pool-307-thread-1] INFO  impl.RaftServerImpl (RaftServerImpl.java:<init>(95)) - 6b2d4045-7ba8-4a84-8602-e698261d7534: new RaftServerImpl for group-889D5284BE8E:[6b2d4045-7ba8-4a84-8602-e698261d7534:192.168.157.234:33350] with ContainerStateMachine:uninitialized
2019-09-26 16:39:28,912 [pool-307-thread-1] INFO  server.RaftServerConfigKeys (ConfUtils.java:logGet(43)) - raft.server.rpc.timeout.min = 1s (custom)
2019-09-26 16:39:28,912 [pool-307-thread-1] INFO  server.RaftServerConfigKeys (ConfUtils.java:logGet(43)) - raft.server.rpc.timeout.max = 1200ms (custom)
2019-09-26 16:39:28,912 [pool-307-thread-1] INFO  server.RaftServerConfigKeys (ConfUtils.java:logGet(43)) - raft.server.rpcslowness.timeout = 120s (custom)
2019-09-26 16:39:28,912 [pool-307-thread-1] INFO  server.RaftServerConfigKeys (ConfUtils.java:logGet(43)) - raft.server.sleep.deviation.threshold = 300 (default)
2019-09-26 16:39:28,912 [pool-307-thread-1] INFO  server.RaftServerConfigKeys (ConfUtils.java:logGet(43)) - raft.server.log.appender.install.snapshot.enabled = false (custom)
2019-09-26 16:39:28,912 [pool-307-thread-1] INFO  impl.RaftServerImpl (ServerState.java:<init>(103)) - 6b2d4045-7ba8-4a84-8602-e698261d7534@group-889D5284BE8E: ConfigurationManager, init=-1: [6b2d4045-7ba8-4a84-8602-e698261d7534:192.168.157.234:33350], old=null, confs=<EMPTY_MAP>
2019-09-26 16:39:28,913 [pool-307-thread-1] INFO  server.RaftServerConfigKeys (ConfUtils.java:logGet(43)) - raft.server.storage.dir = [/workdir/hadoop-ozone/integration-test/target/test-dir/MiniOzoneClusterImpl-0d69453a-2620-4e4e-b2d5-320b1f4020d1/datanode-4/data/ratis] (custom)
2019-09-26 16:39:28,913 [pool-307-thread-1] INFO  storage.RaftStorageDirectory (RaftStorageDirectory.java:analyzeStorage(246)) - The storage directory /workdir/hadoop-ozone/integration-test/target/test-dir/MiniOzoneClusterImpl-0d69453a-2620-4e4e-b2d5-320b1f4020d1/datanode-4/data/ratis/41a26463-40b9-4dcf-8be3-889d5284be8e does not exist. Creating ...
2019-09-26 16:39:28,936 [pool-307-thread-1] INFO  storage.RaftStorageDirectory (RaftStorageDirectory.java:tryLock(328)) - Lock on /workdir/hadoop-ozone/integration-test/target/test-dir/MiniOzoneClusterImpl-0d69453a-2620-4e4e-b2d5-320b1f4020d1/datanode-4/data/ratis/41a26463-40b9-4dcf-8be3-889d5284be8e/in_use.lock acquired by nodename 16662@pr-hdds-2162-htzpk-1451759861
2019-09-26 16:39:28,950 [pool-307-thread-1] INFO  storage.RaftStorage (RaftStorage.java:format(72)) - Storage directory /workdir/hadoop-ozone/integration-test/target/test-dir/MiniOzoneClusterImpl-0d69453a-2620-4e4e-b2d5-320b1f4020d1/datanode-4/data/ratis/41a26463-40b9-4dcf-8be3-889d5284be8e has been successfully formatted.
2019-09-26 16:39:28,950 [pool-307-thread-1] INFO  ratis.ContainerStateMachine (ContainerStateMachine.java:loadSnapshot(230)) - group-889D5284BE8E: The snapshot info is null. Setting the last applied indexto:(t:0, i:~)
2019-09-26 16:39:28,950 [pool-307-thread-1] INFO  server.RaftServerConfigKeys (ConfUtils.java:logGet(43)) - raft.server.notification.no-leader.timeout = 120s (custom)
2019-09-26 16:39:28,950 [pool-307-thread-1] INFO  server.RaftServerConfigKeys (ConfUtils.java:logGet(43)) - raft.server.log.use.memory = false (default)
2019-09-26 16:39:28,950 [pool-307-thread-1] INFO  server.RaftServerConfigKeys (ConfUtils.java:logGet(43)) - raft.server.log.purge.gap = 1000000 (custom)
2019-09-26 16:39:28,951 [pool-307-thread-1] INFO  server.RaftServerConfigKeys (ConfUtils.java:logGet(43)) - raft.server.log.appender.buffer.byte-limit = 33554432 (custom)
2019-09-26 16:39:28,951 [pool-307-thread-1] INFO  server.RaftServerConfigKeys (ConfUtils.java:logGet(43)) - raft.server.log.segment.size.max = 1048576 (custom)
2019-09-26 16:39:28,951 [pool-307-thread-1] INFO  server.RaftServerConfigKeys (ConfUtils.java:logGet(43)) - raft.server.log.segment.cache.num.max = 2 (custom)
2019-09-26 16:39:28,951 [pool-307-thread-1] INFO  segmented.SegmentedRaftLogWorker (SegmentedRaftLogWorker.java:<init>(172)) - new 6b2d4045-7ba8-4a84-8602-e698261d7534@group-889D5284BE8E-SegmentedRaftLogWorker for RaftStorage:Storage Directory /workdir/hadoop-ozone/integration-test/target/test-dir/MiniOzoneClusterImpl-0d69453a-2620-4e4e-b2d5-320b1f4020d1/datanode-4/data/ratis/41a26463-40b9-4dcf-8be3-889d5284be8e
2019-09-26 16:39:28,953 [pool-307-thread-1] INFO  server.RaftServerConfigKeys (ConfUtils.java:logGet(43)) - raft.server.log.queue.byte-limit = 2147483647 (custom)
2019-09-26 16:39:28,953 [pool-307-thread-1] INFO  server.RaftServerConfigKeys (ConfUtils.java:logGet(43)) - raft.server.log.queue.element-limit = 1024 (custom)
2019-09-26 16:39:28,953 [pool-307-thread-1] INFO  server.RaftServerConfigKeys (ConfUtils.java:logGet(43)) - raft.server.log.segment.size.max = 1048576 (custom)
2019-09-26 16:39:28,953 [pool-307-thread-1] INFO  server.RaftServerConfigKeys (ConfUtils.java:logGet(43)) - raft.server.log.preallocated.size = 16384 (custom)
2019-09-26 16:39:28,953 [pool-307-thread-1] INFO  server.RaftServerConfigKeys (ConfUtils.java:logGet(43)) - raft.server.log.write.buffer.size = 33554432 (custom)
2019-09-26 16:39:28,954 [pool-307-thread-1] INFO  server.RaftServerConfigKeys (ConfUtils.java:logGet(43)) - raft.server.log.force.sync.num = 128 (default)
2019-09-26 16:39:28,954 [pool-307-thread-1] INFO  server.RaftServerConfigKeys (ConfUtils.java:logGet(43)) - raft.server.log.statemachine.data.sync = true (default)
2019-09-26 16:39:28,954 [pool-307-thread-1] INFO  server.RaftServerConfigKeys (ConfUtils.java:logGet(43)) - raft.server.log.statemachine.data.sync.timeout = 10s (default)
2019-09-26 16:39:28,954 [pool-307-thread-1] INFO  server.RaftServerConfigKeys (ConfUtils.java:logGet(43)) - raft.server.log.statemachine.data.sync.timeout.retry = -1 (default)
2019-09-26 16:39:28,954 [pool-307-thread-1] INFO  server.RaftServerConfigKeys (ConfUtils.java:logGet(43)) - raft.server.log.statemachine.data.caching.enabled = true (custom)
2019-09-26 16:39:28,955 [pool-307-thread-1] INFO  segmented.SegmentedRaftLogWorker (SegmentedRaftLogWorker.java:lambda$new$0(132)) - 6b2d4045-7ba8-4a84-8602-e698261d7534@group-889D5284BE8E-SegmentedRaftLogWorker: flushIndex: setUnconditionally 0 -> -1
2019-09-26 16:39:28,955 [pool-307-thread-1] INFO  server.RaftServerConfigKeys (ConfUtils.java:logGet(43)) - raft.server.snapshot.auto.trigger.enabled = true (custom)
2019-09-26 16:39:28,955 [pool-307-thread-1] INFO  server.RaftServerConfigKeys (ConfUtils.java:logGet(43)) - raft.server.snapshot.auto.trigger.threshold = 10000 (custom)
2019-09-26 16:39:28,955 [pool-307-thread-1] INFO  server.RaftServerConfigKeys (ConfUtils.java:logGet(43)) - raft.server.snapshot.retention.num.files = 5 (custom)
2019-09-26 16:39:28,955 [pool-307-thread-1] INFO  server.RaftServerConfigKeys (ConfUtils.java:logGet(43)) - raft.server.retrycache.expirytime = 600000ms (custom)
2019-09-26 16:39:28,957 [pool-307-thread-1] INFO  impl.RaftServerImpl (RaftServerImpl.java:start(185)) - 6b2d4045-7ba8-4a84-8602-e698261d7534@group-889D5284BE8E: start as a follower, conf=-1: [6b2d4045-7ba8-4a84-8602-e698261d7534:192.168.157.234:33350], old=null
2019-09-26 16:39:28,957 [pool-307-thread-1] INFO  impl.RaftServerImpl (RaftServerImpl.java:setRole(174)) - 6b2d4045-7ba8-4a84-8602-e698261d7534@group-889D5284BE8E: changes role from      null to FOLLOWER at term 0 for startAsFollower
2019-09-26 16:39:28,958 [pool-307-thread-1] INFO  impl.RoleInfo (RoleInfo.java:updateAndGet(143)) - 6b2d4045-7ba8-4a84-8602-e698261d7534: start FollowerState
2019-09-26 16:39:28,958 [pool-307-thread-1] INFO  util.JmxRegister (JmxRegister.java:tryRegister(44)) - Successfully registered JMX Bean with object name Ratis:service=RaftServer,group=group-889D5284BE8E,id=6b2d4045-7ba8-4a84-8602-e698261d7534
2019-09-26 16:39:28,963 [RatisPipelineUtilsThread] INFO  pipeline.PipelineStateManager (PipelineStateManager.java:addPipeline(56)) - Created pipeline Pipeline[ Id: 41a26463-40b9-4dcf-8be3-889d5284be8e, Nodes: 6b2d4045-7ba8-4a84-8602-e698261d7534{ip: 192.168.157.234, host: pr-hdds-2162-htzpk-1451759861, networkLocation: /rack1, certSerialId: null}, Type:RATIS, Factor:ONE, State:OPEN]
2019-09-26 16:39:28,963 [IPC Server handler 1 on 35525] INFO  net.NetworkTopology (NetworkTopologyImpl.java:add(111)) - Added a new node: /rack1/d3288a9b-14bd-48c9-b698-6bc497213938
2019-09-26 16:39:28,964 [IPC Server handler 1 on 35525] INFO  node.SCMNodeManager (SCMNodeManager.java:register(266)) - Registered Data node : d3288a9b-14bd-48c9-b698-6bc497213938{ip: 192.168.157.234, host: pr-hdds-2162-htzpk-1451759861, networkLocation: /rack1, certSerialId: null}
2019-09-26 16:39:28,971 [grpc-default-executor-1] INFO  impl.RaftServerProxy (RaftServerProxy.java:addNew(89)) - d3288a9b-14bd-48c9-b698-6bc497213938: addNew group-366C0E5D09EB:[d3288a9b-14bd-48c9-b698-6bc497213938:192.168.157.234:38480] returns group-366C0E5D09EB:java.util.concurrent.CompletableFuture@382a8c8b[Not completed]
2019-09-26 16:39:28,972 [pool-327-thread-1] INFO  impl.RaftServerImpl (RaftServerImpl.java:<init>(95)) - d3288a9b-14bd-48c9-b698-6bc497213938: new RaftServerImpl for group-366C0E5D09EB:[d3288a9b-14bd-48c9-b698-6bc497213938:192.168.157.234:38480] with ContainerStateMachine:uninitialized
2019-09-26 16:39:28,972 [pool-327-thread-1] INFO  server.RaftServerConfigKeys (ConfUtils.java:logGet(43)) - raft.server.rpc.timeout.min = 1s (custom)
2019-09-26 16:39:28,972 [pool-327-thread-1] INFO  server.RaftServerConfigKeys (ConfUtils.java:logGet(43)) - raft.server.rpc.timeout.max = 1200ms (custom)
2019-09-26 16:39:28,972 [pool-327-thread-1] INFO  server.RaftServerConfigKeys (ConfUtils.java:logGet(43)) - raft.server.rpcslowness.timeout = 120s (custom)
2019-09-26 16:39:28,972 [pool-327-thread-1] INFO  server.RaftServerConfigKeys (ConfUtils.java:logGet(43)) - raft.server.sleep.deviation.threshold = 300 (default)
2019-09-26 16:39:28,972 [pool-327-thread-1] INFO  server.RaftServerConfigKeys (ConfUtils.java:logGet(43)) - raft.server.log.appender.install.snapshot.enabled = false (custom)
2019-09-26 16:39:28,973 [pool-327-thread-1] INFO  impl.RaftServerImpl (ServerState.java:<init>(103)) - d3288a9b-14bd-48c9-b698-6bc497213938@group-366C0E5D09EB: ConfigurationManager, init=-1: [d3288a9b-14bd-48c9-b698-6bc497213938:192.168.157.234:38480], old=null, confs=<EMPTY_MAP>
2019-09-26 16:39:28,973 [pool-327-thread-1] INFO  server.RaftServerConfigKeys (ConfUtils.java:logGet(43)) - raft.server.storage.dir = [/workdir/hadoop-ozone/integration-test/target/test-dir/MiniOzoneClusterImpl-0d69453a-2620-4e4e-b2d5-320b1f4020d1/datanode-6/data/ratis] (custom)
2019-09-26 16:39:28,973 [pool-327-thread-1] INFO  storage.RaftStorageDirectory (RaftStorageDirectory.java:analyzeStorage(246)) - The storage directory /workdir/hadoop-ozone/integration-test/target/test-dir/MiniOzoneClusterImpl-0d69453a-2620-4e4e-b2d5-320b1f4020d1/datanode-6/data/ratis/cde62b6a-ab56-475d-bf36-366c0e5d09eb does not exist. Creating ...
2019-09-26 16:39:28,986 [pool-327-thread-1] INFO  storage.RaftStorageDirectory (RaftStorageDirectory.java:tryLock(328)) - Lock on /workdir/hadoop-ozone/integration-test/target/test-dir/MiniOzoneClusterImpl-0d69453a-2620-4e4e-b2d5-320b1f4020d1/datanode-6/data/ratis/cde62b6a-ab56-475d-bf36-366c0e5d09eb/in_use.lock acquired by nodename 16662@pr-hdds-2162-htzpk-1451759861
2019-09-26 16:39:29,000 [pool-327-thread-1] INFO  storage.RaftStorage (RaftStorage.java:format(72)) - Storage directory /workdir/hadoop-ozone/integration-test/target/test-dir/MiniOzoneClusterImpl-0d69453a-2620-4e4e-b2d5-320b1f4020d1/datanode-6/data/ratis/cde62b6a-ab56-475d-bf36-366c0e5d09eb has been successfully formatted.
2019-09-26 16:39:29,000 [pool-327-thread-1] INFO  ratis.ContainerStateMachine (ContainerStateMachine.java:loadSnapshot(230)) - group-366C0E5D09EB: The snapshot info is null. Setting the last applied indexto:(t:0, i:~)
2019-09-26 16:39:29,000 [pool-327-thread-1] INFO  server.RaftServerConfigKeys (ConfUtils.java:logGet(43)) - raft.server.notification.no-leader.timeout = 120s (custom)
2019-09-26 16:39:29,000 [pool-327-thread-1] INFO  server.RaftServerConfigKeys (ConfUtils.java:logGet(43)) - raft.server.log.use.memory = false (default)
2019-09-26 16:39:29,001 [pool-327-thread-1] INFO  server.RaftServerConfigKeys (ConfUtils.java:logGet(43)) - raft.server.log.purge.gap = 1000000 (custom)
2019-09-26 16:39:29,001 [pool-327-thread-1] INFO  server.RaftServerConfigKeys (ConfUtils.java:logGet(43)) - raft.server.log.appender.buffer.byte-limit = 33554432 (custom)
2019-09-26 16:39:29,001 [pool-327-thread-1] INFO  server.RaftServerConfigKeys (ConfUtils.java:logGet(43)) - raft.server.log.segment.size.max = 1048576 (custom)
2019-09-26 16:39:29,001 [pool-327-thread-1] INFO  server.RaftServerConfigKeys (ConfUtils.java:logGet(43)) - raft.server.log.segment.cache.num.max = 2 (custom)
2019-09-26 16:39:29,001 [pool-327-thread-1] INFO  segmented.SegmentedRaftLogWorker (SegmentedRaftLogWorker.java:<init>(172)) - new d3288a9b-14bd-48c9-b698-6bc497213938@group-366C0E5D09EB-SegmentedRaftLogWorker for RaftStorage:Storage Directory /workdir/hadoop-ozone/integration-test/target/test-dir/MiniOzoneClusterImpl-0d69453a-2620-4e4e-b2d5-320b1f4020d1/datanode-6/data/ratis/cde62b6a-ab56-475d-bf36-366c0e5d09eb
2019-09-26 16:39:29,003 [pool-327-thread-1] INFO  server.RaftServerConfigKeys (ConfUtils.java:logGet(43)) - raft.server.log.queue.byte-limit = 2147483647 (custom)
2019-09-26 16:39:29,003 [pool-327-thread-1] INFO  server.RaftServerConfigKeys (ConfUtils.java:logGet(43)) - raft.server.log.queue.element-limit = 1024 (custom)
2019-09-26 16:39:29,003 [pool-327-thread-1] INFO  server.RaftServerConfigKeys (ConfUtils.java:logGet(43)) - raft.server.log.segment.size.max = 1048576 (custom)
2019-09-26 16:39:29,003 [pool-327-thread-1] INFO  server.RaftServerConfigKeys (ConfUtils.java:logGet(43)) - raft.server.log.preallocated.size = 16384 (custom)
2019-09-26 16:39:29,004 [pool-327-thread-1] INFO  server.RaftServerConfigKeys (ConfUtils.java:logGet(43)) - raft.server.log.write.buffer.size = 33554432 (custom)
2019-09-26 16:39:29,004 [pool-327-thread-1] INFO  server.RaftServerConfigKeys (ConfUtils.java:logGet(43)) - raft.server.log.force.sync.num = 128 (default)
2019-09-26 16:39:29,004 [pool-327-thread-1] INFO  server.RaftServerConfigKeys (ConfUtils.java:logGet(43)) - raft.server.log.statemachine.data.sync = true (default)
2019-09-26 16:39:29,004 [pool-327-thread-1] INFO  server.RaftServerConfigKeys (ConfUtils.java:logGet(43)) - raft.server.log.statemachine.data.sync.timeout = 10s (default)
2019-09-26 16:39:29,004 [pool-327-thread-1] INFO  server.RaftServerConfigKeys (ConfUtils.java:logGet(43)) - raft.server.log.statemachine.data.sync.timeout.retry = -1 (default)
2019-09-26 16:39:29,004 [pool-327-thread-1] INFO  server.RaftServerConfigKeys (ConfUtils.java:logGet(43)) - raft.server.log.statemachine.data.caching.enabled = true (custom)
2019-09-26 16:39:29,005 [pool-327-thread-1] INFO  segmented.SegmentedRaftLogWorker (SegmentedRaftLogWorker.java:lambda$new$0(132)) - d3288a9b-14bd-48c9-b698-6bc497213938@group-366C0E5D09EB-SegmentedRaftLogWorker: flushIndex: setUnconditionally 0 -> -1
2019-09-26 16:39:29,005 [pool-327-thread-1] INFO  server.RaftServerConfigKeys (ConfUtils.java:logGet(43)) - raft.server.snapshot.auto.trigger.enabled = true (custom)
2019-09-26 16:39:29,005 [pool-327-thread-1] INFO  server.RaftServerConfigKeys (ConfUtils.java:logGet(43)) - raft.server.snapshot.auto.trigger.threshold = 10000 (custom)
2019-09-26 16:39:29,005 [pool-327-thread-1] INFO  server.RaftServerConfigKeys (ConfUtils.java:logGet(43)) - raft.server.snapshot.retention.num.files = 5 (custom)
2019-09-26 16:39:29,006 [pool-327-thread-1] INFO  server.RaftServerConfigKeys (ConfUtils.java:logGet(43)) - raft.server.retrycache.expirytime = 600000ms (custom)
2019-09-26 16:39:29,007 [pool-327-thread-1] INFO  impl.RaftServerImpl (RaftServerImpl.java:start(185)) - d3288a9b-14bd-48c9-b698-6bc497213938@group-366C0E5D09EB: start as a follower, conf=-1: [d3288a9b-14bd-48c9-b698-6bc497213938:192.168.157.234:38480], old=null
2019-09-26 16:39:29,007 [pool-327-thread-1] INFO  impl.RaftServerImpl (RaftServerImpl.java:setRole(174)) - d3288a9b-14bd-48c9-b698-6bc497213938@group-366C0E5D09EB: changes role from      null to FOLLOWER at term 0 for startAsFollower
2019-09-26 16:39:29,008 [pool-327-thread-1] INFO  impl.RoleInfo (RoleInfo.java:updateAndGet(143)) - d3288a9b-14bd-48c9-b698-6bc497213938: start FollowerState
2019-09-26 16:39:29,008 [pool-327-thread-1] INFO  util.JmxRegister (JmxRegister.java:tryRegister(44)) - Successfully registered JMX Bean with object name Ratis:service=RaftServer,group=group-366C0E5D09EB,id=d3288a9b-14bd-48c9-b698-6bc497213938
2019-09-26 16:39:29,013 [RatisPipelineUtilsThread] INFO  pipeline.PipelineStateManager (PipelineStateManager.java:addPipeline(56)) - Created pipeline Pipeline[ Id: cde62b6a-ab56-475d-bf36-366c0e5d09eb, Nodes: d3288a9b-14bd-48c9-b698-6bc497213938{ip: 192.168.157.234, host: pr-hdds-2162-htzpk-1451759861, networkLocation: /rack1, certSerialId: null}, Type:RATIS, Factor:ONE, State:OPEN]
2019-09-26 16:39:29,024 [grpc-default-executor-1] INFO  impl.RaftServerProxy (RaftServerProxy.java:addNew(89)) - 9d99e882-81d2-44b9-a20b-81697c871aa8: addNew group-66EF7249BF49:[9d99e882-81d2-44b9-a20b-81697c871aa8:192.168.157.234:36094] returns group-66EF7249BF49:java.util.concurrent.CompletableFuture@1f7cd3c7[Not completed]
2019-09-26 16:39:29,025 [IPC Server handler 3 on 35525] INFO  net.NetworkTopology (NetworkTopologyImpl.java:add(111)) - Added a new node: /rack1/d2203589-229f-49c7-81d3-0f09b6714ee4
2019-09-26 16:39:29,025 [pool-317-thread-1] INFO  impl.RaftServerImpl (RaftServerImpl.java:<init>(95)) - 9d99e882-81d2-44b9-a20b-81697c871aa8: new RaftServerImpl for group-66EF7249BF49:[9d99e882-81d2-44b9-a20b-81697c871aa8:192.168.157.234:36094] with ContainerStateMachine:uninitialized
2019-09-26 16:39:29,025 [IPC Server handler 3 on 35525] INFO  node.SCMNodeManager (SCMNodeManager.java:register(266)) - Registered Data node : d2203589-229f-49c7-81d3-0f09b6714ee4{ip: 192.168.157.234, host: pr-hdds-2162-htzpk-1451759861, networkLocation: /rack1, certSerialId: null}
2019-09-26 16:39:29,025 [pool-317-thread-1] INFO  server.RaftServerConfigKeys (ConfUtils.java:logGet(43)) - raft.server.rpc.timeout.min = 1s (custom)
2019-09-26 16:39:29,025 [pool-317-thread-1] INFO  server.RaftServerConfigKeys (ConfUtils.java:logGet(43)) - raft.server.rpc.timeout.max = 1200ms (custom)
2019-09-26 16:39:29,026 [pool-317-thread-1] INFO  server.RaftServerConfigKeys (ConfUtils.java:logGet(43)) - raft.server.rpcslowness.timeout = 120s (custom)
2019-09-26 16:39:29,026 [pool-317-thread-1] INFO  server.RaftServerConfigKeys (ConfUtils.java:logGet(43)) - raft.server.sleep.deviation.threshold = 300 (default)
2019-09-26 16:39:29,026 [pool-317-thread-1] INFO  server.RaftServerConfigKeys (ConfUtils.java:logGet(43)) - raft.server.log.appender.install.snapshot.enabled = false (custom)
2019-09-26 16:39:29,026 [pool-317-thread-1] INFO  impl.RaftServerImpl (ServerState.java:<init>(103)) - 9d99e882-81d2-44b9-a20b-81697c871aa8@group-66EF7249BF49: ConfigurationManager, init=-1: [9d99e882-81d2-44b9-a20b-81697c871aa8:192.168.157.234:36094], old=null, confs=<EMPTY_MAP>
2019-09-26 16:39:29,026 [pool-317-thread-1] INFO  server.RaftServerConfigKeys (ConfUtils.java:logGet(43)) - raft.server.storage.dir = [/workdir/hadoop-ozone/integration-test/target/test-dir/MiniOzoneClusterImpl-0d69453a-2620-4e4e-b2d5-320b1f4020d1/datanode-5/data/ratis] (custom)
2019-09-26 16:39:29,026 [pool-317-thread-1] INFO  storage.RaftStorageDirectory (RaftStorageDirectory.java:analyzeStorage(246)) - The storage directory /workdir/hadoop-ozone/integration-test/target/test-dir/MiniOzoneClusterImpl-0d69453a-2620-4e4e-b2d5-320b1f4020d1/datanode-5/data/ratis/36b73472-8e1e-4982-bc41-66ef7249bf49 does not exist. Creating ...
2019-09-26 16:39:29,040 [pool-317-thread-1] INFO  storage.RaftStorageDirectory (RaftStorageDirectory.java:tryLock(328)) - Lock on /workdir/hadoop-ozone/integration-test/target/test-dir/MiniOzoneClusterImpl-0d69453a-2620-4e4e-b2d5-320b1f4020d1/datanode-5/data/ratis/36b73472-8e1e-4982-bc41-66ef7249bf49/in_use.lock acquired by nodename 16662@pr-hdds-2162-htzpk-1451759861
2019-09-26 16:39:29,054 [pool-317-thread-1] INFO  storage.RaftStorage (RaftStorage.java:format(72)) - Storage directory /workdir/hadoop-ozone/integration-test/target/test-dir/MiniOzoneClusterImpl-0d69453a-2620-4e4e-b2d5-320b1f4020d1/datanode-5/data/ratis/36b73472-8e1e-4982-bc41-66ef7249bf49 has been successfully formatted.
2019-09-26 16:39:29,054 [pool-317-thread-1] INFO  ratis.ContainerStateMachine (ContainerStateMachine.java:loadSnapshot(230)) - group-66EF7249BF49: The snapshot info is null. Setting the last applied indexto:(t:0, i:~)
2019-09-26 16:39:29,054 [pool-317-thread-1] INFO  server.RaftServerConfigKeys (ConfUtils.java:logGet(43)) - raft.server.notification.no-leader.timeout = 120s (custom)
2019-09-26 16:39:29,055 [pool-317-thread-1] INFO  server.RaftServerConfigKeys (ConfUtils.java:logGet(43)) - raft.server.log.use.memory = false (default)
2019-09-26 16:39:29,055 [pool-317-thread-1] INFO  server.RaftServerConfigKeys (ConfUtils.java:logGet(43)) - raft.server.log.purge.gap = 1000000 (custom)
2019-09-26 16:39:29,055 [pool-317-thread-1] INFO  server.RaftServerConfigKeys (ConfUtils.java:logGet(43)) - raft.server.log.appender.buffer.byte-limit = 33554432 (custom)
2019-09-26 16:39:29,055 [pool-317-thread-1] INFO  server.RaftServerConfigKeys (ConfUtils.java:logGet(43)) - raft.server.log.segment.size.max = 1048576 (custom)
2019-09-26 16:39:29,055 [pool-317-thread-1] INFO  server.RaftServerConfigKeys (ConfUtils.java:logGet(43)) - raft.server.log.segment.cache.num.max = 2 (custom)
2019-09-26 16:39:29,055 [pool-317-thread-1] INFO  segmented.SegmentedRaftLogWorker (SegmentedRaftLogWorker.java:<init>(172)) - new 9d99e882-81d2-44b9-a20b-81697c871aa8@group-66EF7249BF49-SegmentedRaftLogWorker for RaftStorage:Storage Directory /workdir/hadoop-ozone/integration-test/target/test-dir/MiniOzoneClusterImpl-0d69453a-2620-4e4e-b2d5-320b1f4020d1/datanode-5/data/ratis/36b73472-8e1e-4982-bc41-66ef7249bf49
2019-09-26 16:39:29,057 [pool-317-thread-1] INFO  server.RaftServerConfigKeys (ConfUtils.java:logGet(43)) - raft.server.log.queue.byte-limit = 2147483647 (custom)
2019-09-26 16:39:29,057 [pool-317-thread-1] INFO  server.RaftServerConfigKeys (ConfUtils.java:logGet(43)) - raft.server.log.queue.element-limit = 1024 (custom)
2019-09-26 16:39:29,058 [pool-317-thread-1] INFO  server.RaftServerConfigKeys (ConfUtils.java:logGet(43)) - raft.server.log.segment.size.max = 1048576 (custom)
2019-09-26 16:39:29,058 [pool-317-thread-1] INFO  server.RaftServerConfigKeys (ConfUtils.java:logGet(43)) - raft.server.log.preallocated.size = 16384 (custom)
2019-09-26 16:39:29,058 [pool-317-thread-1] INFO  server.RaftServerConfigKeys (ConfUtils.java:logGet(43)) - raft.server.log.write.buffer.size = 33554432 (custom)
2019-09-26 16:39:29,058 [pool-317-thread-1] INFO  server.RaftServerConfigKeys (ConfUtils.java:logGet(43)) - raft.server.log.force.sync.num = 128 (default)
2019-09-26 16:39:29,058 [pool-317-thread-1] INFO  server.RaftServerConfigKeys (ConfUtils.java:logGet(43)) - raft.server.log.statemachine.data.sync = true (default)
2019-09-26 16:39:29,058 [pool-317-thread-1] INFO  server.RaftServerConfigKeys (ConfUtils.java:logGet(43)) - raft.server.log.statemachine.data.sync.timeout = 10s (default)
2019-09-26 16:39:29,058 [pool-317-thread-1] INFO  server.RaftServerConfigKeys (ConfUtils.java:logGet(43)) - raft.server.log.statemachine.data.sync.timeout.retry = -1 (default)
2019-09-26 16:39:29,059 [pool-317-thread-1] INFO  server.RaftServerConfigKeys (ConfUtils.java:logGet(43)) - raft.server.log.statemachine.data.caching.enabled = true (custom)
2019-09-26 16:39:29,059 [pool-317-thread-1] INFO  segmented.SegmentedRaftLogWorker (SegmentedRaftLogWorker.java:lambda$new$0(132)) - 9d99e882-81d2-44b9-a20b-81697c871aa8@group-66EF7249BF49-SegmentedRaftLogWorker: flushIndex: setUnconditionally 0 -> -1
2019-09-26 16:39:29,059 [pool-317-thread-1] INFO  server.RaftServerConfigKeys (ConfUtils.java:logGet(43)) - raft.server.snapshot.auto.trigger.enabled = true (custom)
2019-09-26 16:39:29,059 [pool-317-thread-1] INFO  server.RaftServerConfigKeys (ConfUtils.java:logGet(43)) - raft.server.snapshot.auto.trigger.threshold = 10000 (custom)
2019-09-26 16:39:29,060 [pool-317-thread-1] INFO  server.RaftServerConfigKeys (ConfUtils.java:logGet(43)) - raft.server.snapshot.retention.num.files = 5 (custom)
2019-09-26 16:39:29,060 [pool-317-thread-1] INFO  server.RaftServerConfigKeys (ConfUtils.java:logGet(43)) - raft.server.retrycache.expirytime = 600000ms (custom)
2019-09-26 16:39:29,061 [pool-317-thread-1] INFO  impl.RaftServerImpl (RaftServerImpl.java:start(185)) - 9d99e882-81d2-44b9-a20b-81697c871aa8@group-66EF7249BF49: start as a follower, conf=-1: [9d99e882-81d2-44b9-a20b-81697c871aa8:192.168.157.234:36094], old=null
2019-09-26 16:39:29,061 [pool-317-thread-1] INFO  impl.RaftServerImpl (RaftServerImpl.java:setRole(174)) - 9d99e882-81d2-44b9-a20b-81697c871aa8@group-66EF7249BF49: changes role from      null to FOLLOWER at term 0 for startAsFollower
2019-09-26 16:39:29,062 [pool-317-thread-1] INFO  impl.RoleInfo (RoleInfo.java:updateAndGet(143)) - 9d99e882-81d2-44b9-a20b-81697c871aa8: start FollowerState
2019-09-26 16:39:29,062 [pool-317-thread-1] INFO  util.JmxRegister (JmxRegister.java:tryRegister(44)) - Successfully registered JMX Bean with object name Ratis:service=RaftServer,group=group-66EF7249BF49,id=9d99e882-81d2-44b9-a20b-81697c871aa8
2019-09-26 16:39:29,069 [RatisPipelineUtilsThread] INFO  pipeline.PipelineStateManager (PipelineStateManager.java:addPipeline(56)) - Created pipeline Pipeline[ Id: 36b73472-8e1e-4982-bc41-66ef7249bf49, Nodes: 9d99e882-81d2-44b9-a20b-81697c871aa8{ip: 192.168.157.234, host: pr-hdds-2162-htzpk-1451759861, networkLocation: /rack1, certSerialId: null}, Type:RATIS, Factor:ONE, State:OPEN]
2019-09-26 16:39:29,077 [grpc-default-executor-1] INFO  impl.RaftServerProxy (RaftServerProxy.java:addNew(89)) - d2203589-229f-49c7-81d3-0f09b6714ee4: addNew group-F50039DF2537:[d2203589-229f-49c7-81d3-0f09b6714ee4:192.168.157.234:35168] returns group-F50039DF2537:java.util.concurrent.CompletableFuture@a0e8e95[Not completed]
2019-09-26 16:39:29,078 [pool-337-thread-1] INFO  impl.RaftServerImpl (RaftServerImpl.java:<init>(95)) - d2203589-229f-49c7-81d3-0f09b6714ee4: new RaftServerImpl for group-F50039DF2537:[d2203589-229f-49c7-81d3-0f09b6714ee4:192.168.157.234:35168] with ContainerStateMachine:uninitialized
2019-09-26 16:39:29,078 [pool-337-thread-1] INFO  server.RaftServerConfigKeys (ConfUtils.java:logGet(43)) - raft.server.rpc.timeout.min = 1s (custom)
2019-09-26 16:39:29,079 [pool-337-thread-1] INFO  server.RaftServerConfigKeys (ConfUtils.java:logGet(43)) - raft.server.rpc.timeout.max = 1200ms (custom)
2019-09-26 16:39:29,079 [pool-337-thread-1] INFO  server.RaftServerConfigKeys (ConfUtils.java:logGet(43)) - raft.server.rpcslowness.timeout = 120s (custom)
2019-09-26 16:39:29,079 [pool-337-thread-1] INFO  server.RaftServerConfigKeys (ConfUtils.java:logGet(43)) - raft.server.sleep.deviation.threshold = 300 (default)
2019-09-26 16:39:29,079 [pool-337-thread-1] INFO  server.RaftServerConfigKeys (ConfUtils.java:logGet(43)) - raft.server.log.appender.install.snapshot.enabled = false (custom)
2019-09-26 16:39:29,079 [pool-337-thread-1] INFO  impl.RaftServerImpl (ServerState.java:<init>(103)) - d2203589-229f-49c7-81d3-0f09b6714ee4@group-F50039DF2537: ConfigurationManager, init=-1: [d2203589-229f-49c7-81d3-0f09b6714ee4:192.168.157.234:35168], old=null, confs=<EMPTY_MAP>
2019-09-26 16:39:29,079 [pool-337-thread-1] INFO  server.RaftServerConfigKeys (ConfUtils.java:logGet(43)) - raft.server.storage.dir = [/workdir/hadoop-ozone/integration-test/target/test-dir/MiniOzoneClusterImpl-0d69453a-2620-4e4e-b2d5-320b1f4020d1/datanode-7/data/ratis] (custom)
2019-09-26 16:39:29,080 [pool-337-thread-1] INFO  storage.RaftStorageDirectory (RaftStorageDirectory.java:analyzeStorage(246)) - The storage directory /workdir/hadoop-ozone/integration-test/target/test-dir/MiniOzoneClusterImpl-0d69453a-2620-4e4e-b2d5-320b1f4020d1/datanode-7/data/ratis/b177b2f9-7e88-434c-9d3f-f50039df2537 does not exist. Creating ...
2019-09-26 16:39:29,091 [IPC Server handler 4 on 35525] INFO  net.NetworkTopology (NetworkTopologyImpl.java:add(111)) - Added a new node: /rack1/14c88ade-cfd3-469a-b57f-98ec0ca518ca
2019-09-26 16:39:29,091 [IPC Server handler 4 on 35525] INFO  node.SCMNodeManager (SCMNodeManager.java:register(266)) - Registered Data node : 14c88ade-cfd3-469a-b57f-98ec0ca518ca{ip: 192.168.157.234, host: pr-hdds-2162-htzpk-1451759861, networkLocation: /rack1, certSerialId: null}
2019-09-26 16:39:29,093 [pool-337-thread-1] INFO  storage.RaftStorageDirectory (RaftStorageDirectory.java:tryLock(328)) - Lock on /workdir/hadoop-ozone/integration-test/target/test-dir/MiniOzoneClusterImpl-0d69453a-2620-4e4e-b2d5-320b1f4020d1/datanode-7/data/ratis/b177b2f9-7e88-434c-9d3f-f50039df2537/in_use.lock acquired by nodename 16662@pr-hdds-2162-htzpk-1451759861
2019-09-26 16:39:29,106 [pool-337-thread-1] INFO  storage.RaftStorage (RaftStorage.java:format(72)) - Storage directory /workdir/hadoop-ozone/integration-test/target/test-dir/MiniOzoneClusterImpl-0d69453a-2620-4e4e-b2d5-320b1f4020d1/datanode-7/data/ratis/b177b2f9-7e88-434c-9d3f-f50039df2537 has been successfully formatted.
2019-09-26 16:39:29,106 [pool-337-thread-1] INFO  ratis.ContainerStateMachine (ContainerStateMachine.java:loadSnapshot(230)) - group-F50039DF2537: The snapshot info is null. Setting the last applied indexto:(t:0, i:~)
2019-09-26 16:39:29,107 [pool-337-thread-1] INFO  server.RaftServerConfigKeys (ConfUtils.java:logGet(43)) - raft.server.notification.no-leader.timeout = 120s (custom)
2019-09-26 16:39:29,107 [pool-337-thread-1] INFO  server.RaftServerConfigKeys (ConfUtils.java:logGet(43)) - raft.server.log.use.memory = false (default)
2019-09-26 16:39:29,107 [pool-337-thread-1] INFO  server.RaftServerConfigKeys (ConfUtils.java:logGet(43)) - raft.server.log.purge.gap = 1000000 (custom)
2019-09-26 16:39:29,107 [pool-337-thread-1] INFO  server.RaftServerConfigKeys (ConfUtils.java:logGet(43)) - raft.server.log.appender.buffer.byte-limit = 33554432 (custom)
2019-09-26 16:39:29,107 [pool-337-thread-1] INFO  server.RaftServerConfigKeys (ConfUtils.java:logGet(43)) - raft.server.log.segment.size.max = 1048576 (custom)
2019-09-26 16:39:29,107 [pool-337-thread-1] INFO  server.RaftServerConfigKeys (ConfUtils.java:logGet(43)) - raft.server.log.segment.cache.num.max = 2 (custom)
2019-09-26 16:39:29,107 [pool-337-thread-1] INFO  segmented.SegmentedRaftLogWorker (SegmentedRaftLogWorker.java:<init>(172)) - new d2203589-229f-49c7-81d3-0f09b6714ee4@group-F50039DF2537-SegmentedRaftLogWorker for RaftStorage:Storage Directory /workdir/hadoop-ozone/integration-test/target/test-dir/MiniOzoneClusterImpl-0d69453a-2620-4e4e-b2d5-320b1f4020d1/datanode-7/data/ratis/b177b2f9-7e88-434c-9d3f-f50039df2537
2019-09-26 16:39:29,109 [pool-337-thread-1] INFO  server.RaftServerConfigKeys (ConfUtils.java:logGet(43)) - raft.server.log.queue.byte-limit = 2147483647 (custom)
2019-09-26 16:39:29,109 [pool-337-thread-1] INFO  server.RaftServerConfigKeys (ConfUtils.java:logGet(43)) - raft.server.log.queue.element-limit = 1024 (custom)
2019-09-26 16:39:29,109 [pool-337-thread-1] INFO  server.RaftServerConfigKeys (ConfUtils.java:logGet(43)) - raft.server.log.segment.size.max = 1048576 (custom)
2019-09-26 16:39:29,109 [pool-337-thread-1] INFO  server.RaftServerConfigKeys (ConfUtils.java:logGet(43)) - raft.server.log.preallocated.size = 16384 (custom)
2019-09-26 16:39:29,109 [pool-337-thread-1] INFO  server.RaftServerConfigKeys (ConfUtils.java:logGet(43)) - raft.server.log.write.buffer.size = 33554432 (custom)
2019-09-26 16:39:29,109 [pool-337-thread-1] INFO  server.RaftServerConfigKeys (ConfUtils.java:logGet(43)) - raft.server.log.force.sync.num = 128 (default)
2019-09-26 16:39:29,109 [pool-337-thread-1] INFO  server.RaftServerConfigKeys (ConfUtils.java:logGet(43)) - raft.server.log.statemachine.data.sync = true (default)
2019-09-26 16:39:29,110 [pool-337-thread-1] INFO  server.RaftServerConfigKeys (ConfUtils.java:logGet(43)) - raft.server.log.statemachine.data.sync.timeout = 10s (default)
2019-09-26 16:39:29,110 [pool-337-thread-1] INFO  server.RaftServerConfigKeys (ConfUtils.java:logGet(43)) - raft.server.log.statemachine.data.sync.timeout.retry = -1 (default)
2019-09-26 16:39:29,110 [pool-337-thread-1] INFO  server.RaftServerConfigKeys (ConfUtils.java:logGet(43)) - raft.server.log.statemachine.data.caching.enabled = true (custom)
2019-09-26 16:39:29,110 [pool-337-thread-1] INFO  segmented.SegmentedRaftLogWorker (SegmentedRaftLogWorker.java:lambda$new$0(132)) - d2203589-229f-49c7-81d3-0f09b6714ee4@group-F50039DF2537-SegmentedRaftLogWorker: flushIndex: setUnconditionally 0 -> -1
2019-09-26 16:39:29,111 [pool-337-thread-1] INFO  server.RaftServerConfigKeys (ConfUtils.java:logGet(43)) - raft.server.snapshot.auto.trigger.enabled = true (custom)
2019-09-26 16:39:29,111 [pool-337-thread-1] INFO  server.RaftServerConfigKeys (ConfUtils.java:logGet(43)) - raft.server.snapshot.auto.trigger.threshold = 10000 (custom)
2019-09-26 16:39:29,111 [pool-337-thread-1] INFO  server.RaftServerConfigKeys (ConfUtils.java:logGet(43)) - raft.server.snapshot.retention.num.files = 5 (custom)
2019-09-26 16:39:29,111 [pool-337-thread-1] INFO  server.RaftServerConfigKeys (ConfUtils.java:logGet(43)) - raft.server.retrycache.expirytime = 600000ms (custom)
2019-09-26 16:39:29,112 [pool-337-thread-1] INFO  impl.RaftServerImpl (RaftServerImpl.java:start(185)) - d2203589-229f-49c7-81d3-0f09b6714ee4@group-F50039DF2537: start as a follower, conf=-1: [d2203589-229f-49c7-81d3-0f09b6714ee4:192.168.157.234:35168], old=null
2019-09-26 16:39:29,112 [pool-337-thread-1] INFO  impl.RaftServerImpl (RaftServerImpl.java:setRole(174)) - d2203589-229f-49c7-81d3-0f09b6714ee4@group-F50039DF2537: changes role from      null to FOLLOWER at term 0 for startAsFollower
2019-09-26 16:39:29,112 [pool-337-thread-1] INFO  impl.RoleInfo (RoleInfo.java:updateAndGet(143)) - d2203589-229f-49c7-81d3-0f09b6714ee4: start FollowerState
2019-09-26 16:39:29,113 [pool-337-thread-1] INFO  util.JmxRegister (JmxRegister.java:tryRegister(44)) - Successfully registered JMX Bean with object name Ratis:service=RaftServer,group=group-F50039DF2537,id=d2203589-229f-49c7-81d3-0f09b6714ee4
2019-09-26 16:39:29,133 [RatisPipelineUtilsThread] INFO  pipeline.PipelineStateManager (PipelineStateManager.java:addPipeline(56)) - Created pipeline Pipeline[ Id: b177b2f9-7e88-434c-9d3f-f50039df2537, Nodes: d2203589-229f-49c7-81d3-0f09b6714ee4{ip: 192.168.157.234, host: pr-hdds-2162-htzpk-1451759861, networkLocation: /rack1, certSerialId: null}, Type:RATIS, Factor:ONE, State:OPEN]
2019-09-26 16:39:29,141 [grpc-default-executor-1] INFO  impl.RaftServerProxy (RaftServerProxy.java:addNew(89)) - 14c88ade-cfd3-469a-b57f-98ec0ca518ca: addNew group-B7B9EBAA3882:[14c88ade-cfd3-469a-b57f-98ec0ca518ca:192.168.157.234:45729] returns group-B7B9EBAA3882:java.util.concurrent.CompletableFuture@3cc4ec08[Not completed]
2019-09-26 16:39:29,141 [pool-347-thread-1] INFO  impl.RaftServerImpl (RaftServerImpl.java:<init>(95)) - 14c88ade-cfd3-469a-b57f-98ec0ca518ca: new RaftServerImpl for group-B7B9EBAA3882:[14c88ade-cfd3-469a-b57f-98ec0ca518ca:192.168.157.234:45729] with ContainerStateMachine:uninitialized
2019-09-26 16:39:29,141 [pool-347-thread-1] INFO  server.RaftServerConfigKeys (ConfUtils.java:logGet(43)) - raft.server.rpc.timeout.min = 1s (custom)
2019-09-26 16:39:29,142 [pool-347-thread-1] INFO  server.RaftServerConfigKeys (ConfUtils.java:logGet(43)) - raft.server.rpc.timeout.max = 1200ms (custom)
2019-09-26 16:39:29,142 [pool-347-thread-1] INFO  server.RaftServerConfigKeys (ConfUtils.java:logGet(43)) - raft.server.rpcslowness.timeout = 120s (custom)
2019-09-26 16:39:29,142 [pool-347-thread-1] INFO  server.RaftServerConfigKeys (ConfUtils.java:logGet(43)) - raft.server.sleep.deviation.threshold = 300 (default)
2019-09-26 16:39:29,142 [pool-347-thread-1] INFO  server.RaftServerConfigKeys (ConfUtils.java:logGet(43)) - raft.server.log.appender.install.snapshot.enabled = false (custom)
2019-09-26 16:39:29,142 [pool-347-thread-1] INFO  impl.RaftServerImpl (ServerState.java:<init>(103)) - 14c88ade-cfd3-469a-b57f-98ec0ca518ca@group-B7B9EBAA3882: ConfigurationManager, init=-1: [14c88ade-cfd3-469a-b57f-98ec0ca518ca:192.168.157.234:45729], old=null, confs=<EMPTY_MAP>
2019-09-26 16:39:29,142 [pool-347-thread-1] INFO  server.RaftServerConfigKeys (ConfUtils.java:logGet(43)) - raft.server.storage.dir = [/workdir/hadoop-ozone/integration-test/target/test-dir/MiniOzoneClusterImpl-0d69453a-2620-4e4e-b2d5-320b1f4020d1/datanode-8/data/ratis] (custom)
2019-09-26 16:39:29,143 [pool-347-thread-1] INFO  storage.RaftStorageDirectory (RaftStorageDirectory.java:analyzeStorage(246)) - The storage directory /workdir/hadoop-ozone/integration-test/target/test-dir/MiniOzoneClusterImpl-0d69453a-2620-4e4e-b2d5-320b1f4020d1/datanode-8/data/ratis/4c9d90f0-412a-42dd-a66b-b7b9ebaa3882 does not exist. Creating ...
2019-09-26 16:39:29,151 [main] INFO  ozone.MiniOzoneClusterImpl (MiniOzoneClusterImpl.java:lambda$waitForClusterToBeReady$0(147)) - Waiting for cluster to be ready. Got 9 of 10 DN Heartbeats.
2019-09-26 16:39:29,152 [IPC Server handler 5 on 35525] INFO  net.NetworkTopology (NetworkTopologyImpl.java:add(111)) - Added a new node: /rack1/348490e5-42cf-4351-bcb2-b161fe6117cc
2019-09-26 16:39:29,152 [IPC Server handler 5 on 35525] INFO  node.SCMNodeManager (SCMNodeManager.java:register(266)) - Registered Data node : 348490e5-42cf-4351-bcb2-b161fe6117cc{ip: 192.168.157.234, host: pr-hdds-2162-htzpk-1451759861, networkLocation: /rack1, certSerialId: null}
2019-09-26 16:39:29,183 [pool-347-thread-1] INFO  storage.RaftStorageDirectory (RaftStorageDirectory.java:tryLock(328)) - Lock on /workdir/hadoop-ozone/integration-test/target/test-dir/MiniOzoneClusterImpl-0d69453a-2620-4e4e-b2d5-320b1f4020d1/datanode-8/data/ratis/4c9d90f0-412a-42dd-a66b-b7b9ebaa3882/in_use.lock acquired by nodename 16662@pr-hdds-2162-htzpk-1451759861
2019-09-26 16:39:29,197 [pool-347-thread-1] INFO  storage.RaftStorage (RaftStorage.java:format(72)) - Storage directory /workdir/hadoop-ozone/integration-test/target/test-dir/MiniOzoneClusterImpl-0d69453a-2620-4e4e-b2d5-320b1f4020d1/datanode-8/data/ratis/4c9d90f0-412a-42dd-a66b-b7b9ebaa3882 has been successfully formatted.
2019-09-26 16:39:29,197 [pool-347-thread-1] INFO  ratis.ContainerStateMachine (ContainerStateMachine.java:loadSnapshot(230)) - group-B7B9EBAA3882: The snapshot info is null. Setting the last applied indexto:(t:0, i:~)
2019-09-26 16:39:29,197 [pool-347-thread-1] INFO  server.RaftServerConfigKeys (ConfUtils.java:logGet(43)) - raft.server.notification.no-leader.timeout = 120s (custom)
2019-09-26 16:39:29,197 [pool-347-thread-1] INFO  server.RaftServerConfigKeys (ConfUtils.java:logGet(43)) - raft.server.log.use.memory = false (default)
2019-09-26 16:39:29,197 [pool-347-thread-1] INFO  server.RaftServerConfigKeys (ConfUtils.java:logGet(43)) - raft.server.log.purge.gap = 1000000 (custom)
2019-09-26 16:39:29,197 [pool-347-thread-1] INFO  server.RaftServerConfigKeys (ConfUtils.java:logGet(43)) - raft.server.log.appender.buffer.byte-limit = 33554432 (custom)
2019-09-26 16:39:29,198 [pool-347-thread-1] INFO  server.RaftServerConfigKeys (ConfUtils.java:logGet(43)) - raft.server.log.segment.size.max = 1048576 (custom)
2019-09-26 16:39:29,198 [pool-347-thread-1] INFO  server.RaftServerConfigKeys (ConfUtils.java:logGet(43)) - raft.server.log.segment.cache.num.max = 2 (custom)
2019-09-26 16:39:29,198 [pool-347-thread-1] INFO  segmented.SegmentedRaftLogWorker (SegmentedRaftLogWorker.java:<init>(172)) - new 14c88ade-cfd3-469a-b57f-98ec0ca518ca@group-B7B9EBAA3882-SegmentedRaftLogWorker for RaftStorage:Storage Directory /workdir/hadoop-ozone/integration-test/target/test-dir/MiniOzoneClusterImpl-0d69453a-2620-4e4e-b2d5-320b1f4020d1/datanode-8/data/ratis/4c9d90f0-412a-42dd-a66b-b7b9ebaa3882
2019-09-26 16:39:29,199 [pool-347-thread-1] INFO  server.RaftServerConfigKeys (ConfUtils.java:logGet(43)) - raft.server.log.queue.byte-limit = 2147483647 (custom)
2019-09-26 16:39:29,200 [pool-347-thread-1] INFO  server.RaftServerConfigKeys (ConfUtils.java:logGet(43)) - raft.server.log.queue.element-limit = 1024 (custom)
2019-09-26 16:39:29,200 [pool-347-thread-1] INFO  server.RaftServerConfigKeys (ConfUtils.java:logGet(43)) - raft.server.log.segment.size.max = 1048576 (custom)
2019-09-26 16:39:29,200 [pool-347-thread-1] INFO  server.RaftServerConfigKeys (ConfUtils.java:logGet(43)) - raft.server.log.preallocated.size = 16384 (custom)
2019-09-26 16:39:29,200 [pool-347-thread-1] INFO  server.RaftServerConfigKeys (ConfUtils.java:logGet(43)) - raft.server.log.write.buffer.size = 33554432 (custom)
2019-09-26 16:39:29,200 [pool-347-thread-1] INFO  server.RaftServerConfigKeys (ConfUtils.java:logGet(43)) - raft.server.log.force.sync.num = 128 (default)
2019-09-26 16:39:29,200 [pool-347-thread-1] INFO  server.RaftServerConfigKeys (ConfUtils.java:logGet(43)) - raft.server.log.statemachine.data.sync = true (default)
2019-09-26 16:39:29,200 [pool-347-thread-1] INFO  server.RaftServerConfigKeys (ConfUtils.java:logGet(43)) - raft.server.log.statemachine.data.sync.timeout = 10s (default)
2019-09-26 16:39:29,201 [pool-347-thread-1] INFO  server.RaftServerConfigKeys (ConfUtils.java:logGet(43)) - raft.server.log.statemachine.data.sync.timeout.retry = -1 (default)
2019-09-26 16:39:29,201 [pool-347-thread-1] INFO  server.RaftServerConfigKeys (ConfUtils.java:logGet(43)) - raft.server.log.statemachine.data.caching.enabled = true (custom)
2019-09-26 16:39:29,201 [pool-347-thread-1] INFO  segmented.SegmentedRaftLogWorker (SegmentedRaftLogWorker.java:lambda$new$0(132)) - 14c88ade-cfd3-469a-b57f-98ec0ca518ca@group-B7B9EBAA3882-SegmentedRaftLogWorker: flushIndex: setUnconditionally 0 -> -1
2019-09-26 16:39:29,201 [pool-347-thread-1] INFO  server.RaftServerConfigKeys (ConfUtils.java:logGet(43)) - raft.server.snapshot.auto.trigger.enabled = true (custom)
2019-09-26 16:39:29,202 [pool-347-thread-1] INFO  server.RaftServerConfigKeys (ConfUtils.java:logGet(43)) - raft.server.snapshot.auto.trigger.threshold = 10000 (custom)
2019-09-26 16:39:29,202 [pool-347-thread-1] INFO  server.RaftServerConfigKeys (ConfUtils.java:logGet(43)) - raft.server.snapshot.retention.num.files = 5 (custom)
2019-09-26 16:39:29,202 [pool-347-thread-1] INFO  server.RaftServerConfigKeys (ConfUtils.java:logGet(43)) - raft.server.retrycache.expirytime = 600000ms (custom)
2019-09-26 16:39:29,204 [pool-347-thread-1] INFO  impl.RaftServerImpl (RaftServerImpl.java:start(185)) - 14c88ade-cfd3-469a-b57f-98ec0ca518ca@group-B7B9EBAA3882: start as a follower, conf=-1: [14c88ade-cfd3-469a-b57f-98ec0ca518ca:192.168.157.234:45729], old=null
2019-09-26 16:39:29,204 [pool-347-thread-1] INFO  impl.RaftServerImpl (RaftServerImpl.java:setRole(174)) - 14c88ade-cfd3-469a-b57f-98ec0ca518ca@group-B7B9EBAA3882: changes role from      null to FOLLOWER at term 0 for startAsFollower
2019-09-26 16:39:29,204 [pool-347-thread-1] INFO  impl.RoleInfo (RoleInfo.java:updateAndGet(143)) - 14c88ade-cfd3-469a-b57f-98ec0ca518ca: start FollowerState
2019-09-26 16:39:29,204 [pool-347-thread-1] INFO  util.JmxRegister (JmxRegister.java:tryRegister(44)) - Successfully registered JMX Bean with object name Ratis:service=RaftServer,group=group-B7B9EBAA3882,id=14c88ade-cfd3-469a-b57f-98ec0ca518ca
2019-09-26 16:39:29,210 [RatisPipelineUtilsThread] INFO  pipeline.PipelineStateManager (PipelineStateManager.java:addPipeline(56)) - Created pipeline Pipeline[ Id: 4c9d90f0-412a-42dd-a66b-b7b9ebaa3882, Nodes: 14c88ade-cfd3-469a-b57f-98ec0ca518ca{ip: 192.168.157.234, host: pr-hdds-2162-htzpk-1451759861, networkLocation: /rack1, certSerialId: null}, Type:RATIS, Factor:ONE, State:OPEN]
2019-09-26 16:39:29,217 [grpc-default-executor-1] INFO  impl.RaftServerProxy (RaftServerProxy.java:addNew(89)) - 348490e5-42cf-4351-bcb2-b161fe6117cc: addNew group-0F074CD4E20A:[348490e5-42cf-4351-bcb2-b161fe6117cc:192.168.157.234:35669] returns group-0F074CD4E20A:java.util.concurrent.CompletableFuture@2021f662[Not completed]
2019-09-26 16:39:29,218 [pool-357-thread-1] INFO  impl.RaftServerImpl (RaftServerImpl.java:<init>(95)) - 348490e5-42cf-4351-bcb2-b161fe6117cc: new RaftServerImpl for group-0F074CD4E20A:[348490e5-42cf-4351-bcb2-b161fe6117cc:192.168.157.234:35669] with ContainerStateMachine:uninitialized
2019-09-26 16:39:29,218 [pool-357-thread-1] INFO  server.RaftServerConfigKeys (ConfUtils.java:logGet(43)) - raft.server.rpc.timeout.min = 1s (custom)
2019-09-26 16:39:29,218 [pool-357-thread-1] INFO  server.RaftServerConfigKeys (ConfUtils.java:logGet(43)) - raft.server.rpc.timeout.max = 1200ms (custom)
2019-09-26 16:39:29,219 [pool-357-thread-1] INFO  server.RaftServerConfigKeys (ConfUtils.java:logGet(43)) - raft.server.rpcslowness.timeout = 120s (custom)
2019-09-26 16:39:29,219 [pool-357-thread-1] INFO  server.RaftServerConfigKeys (ConfUtils.java:logGet(43)) - raft.server.sleep.deviation.threshold = 300 (default)
2019-09-26 16:39:29,219 [pool-357-thread-1] INFO  server.RaftServerConfigKeys (ConfUtils.java:logGet(43)) - raft.server.log.appender.install.snapshot.enabled = false (custom)
2019-09-26 16:39:29,219 [pool-357-thread-1] INFO  impl.RaftServerImpl (ServerState.java:<init>(103)) - 348490e5-42cf-4351-bcb2-b161fe6117cc@group-0F074CD4E20A: ConfigurationManager, init=-1: [348490e5-42cf-4351-bcb2-b161fe6117cc:192.168.157.234:35669], old=null, confs=<EMPTY_MAP>
2019-09-26 16:39:29,219 [pool-357-thread-1] INFO  server.RaftServerConfigKeys (ConfUtils.java:logGet(43)) - raft.server.storage.dir = [/workdir/hadoop-ozone/integration-test/target/test-dir/MiniOzoneClusterImpl-0d69453a-2620-4e4e-b2d5-320b1f4020d1/datanode-9/data/ratis] (custom)
2019-09-26 16:39:29,219 [pool-357-thread-1] INFO  storage.RaftStorageDirectory (RaftStorageDirectory.java:analyzeStorage(246)) - The storage directory /workdir/hadoop-ozone/integration-test/target/test-dir/MiniOzoneClusterImpl-0d69453a-2620-4e4e-b2d5-320b1f4020d1/datanode-9/data/ratis/860781b9-97f3-4571-a74c-0f074cd4e20a does not exist. Creating ...
2019-09-26 16:39:29,232 [pool-357-thread-1] INFO  storage.RaftStorageDirectory (RaftStorageDirectory.java:tryLock(328)) - Lock on /workdir/hadoop-ozone/integration-test/target/test-dir/MiniOzoneClusterImpl-0d69453a-2620-4e4e-b2d5-320b1f4020d1/datanode-9/data/ratis/860781b9-97f3-4571-a74c-0f074cd4e20a/in_use.lock acquired by nodename 16662@pr-hdds-2162-htzpk-1451759861
2019-09-26 16:39:29,246 [pool-357-thread-1] INFO  storage.RaftStorage (RaftStorage.java:format(72)) - Storage directory /workdir/hadoop-ozone/integration-test/target/test-dir/MiniOzoneClusterImpl-0d69453a-2620-4e4e-b2d5-320b1f4020d1/datanode-9/data/ratis/860781b9-97f3-4571-a74c-0f074cd4e20a has been successfully formatted.
2019-09-26 16:39:29,246 [pool-357-thread-1] INFO  ratis.ContainerStateMachine (ContainerStateMachine.java:loadSnapshot(230)) - group-0F074CD4E20A: The snapshot info is null. Setting the last applied indexto:(t:0, i:~)
2019-09-26 16:39:29,247 [pool-357-thread-1] INFO  server.RaftServerConfigKeys (ConfUtils.java:logGet(43)) - raft.server.notification.no-leader.timeout = 120s (custom)
2019-09-26 16:39:29,247 [pool-357-thread-1] INFO  server.RaftServerConfigKeys (ConfUtils.java:logGet(43)) - raft.server.log.use.memory = false (default)
2019-09-26 16:39:29,247 [pool-357-thread-1] INFO  server.RaftServerConfigKeys (ConfUtils.java:logGet(43)) - raft.server.log.purge.gap = 1000000 (custom)
2019-09-26 16:39:29,247 [pool-357-thread-1] INFO  server.RaftServerConfigKeys (ConfUtils.java:logGet(43)) - raft.server.log.appender.buffer.byte-limit = 33554432 (custom)
2019-09-26 16:39:29,247 [pool-357-thread-1] INFO  server.RaftServerConfigKeys (ConfUtils.java:logGet(43)) - raft.server.log.segment.size.max = 1048576 (custom)
2019-09-26 16:39:29,247 [pool-357-thread-1] INFO  server.RaftServerConfigKeys (ConfUtils.java:logGet(43)) - raft.server.log.segment.cache.num.max = 2 (custom)
2019-09-26 16:39:29,247 [pool-357-thread-1] INFO  segmented.SegmentedRaftLogWorker (SegmentedRaftLogWorker.java:<init>(172)) - new 348490e5-42cf-4351-bcb2-b161fe6117cc@group-0F074CD4E20A-SegmentedRaftLogWorker for RaftStorage:Storage Directory /workdir/hadoop-ozone/integration-test/target/test-dir/MiniOzoneClusterImpl-0d69453a-2620-4e4e-b2d5-320b1f4020d1/datanode-9/data/ratis/860781b9-97f3-4571-a74c-0f074cd4e20a
2019-09-26 16:39:29,249 [pool-357-thread-1] INFO  server.RaftServerConfigKeys (ConfUtils.java:logGet(43)) - raft.server.log.queue.byte-limit = 2147483647 (custom)
2019-09-26 16:39:29,249 [pool-357-thread-1] INFO  server.RaftServerConfigKeys (ConfUtils.java:logGet(43)) - raft.server.log.queue.element-limit = 1024 (custom)
2019-09-26 16:39:29,249 [pool-357-thread-1] INFO  server.RaftServerConfigKeys (ConfUtils.java:logGet(43)) - raft.server.log.segment.size.max = 1048576 (custom)
2019-09-26 16:39:29,249 [pool-357-thread-1] INFO  server.RaftServerConfigKeys (ConfUtils.java:logGet(43)) - raft.server.log.preallocated.size = 16384 (custom)
2019-09-26 16:39:29,249 [pool-357-thread-1] INFO  server.RaftServerConfigKeys (ConfUtils.java:logGet(43)) - raft.server.log.write.buffer.size = 33554432 (custom)
2019-09-26 16:39:29,249 [pool-357-thread-1] INFO  server.RaftServerConfigKeys (ConfUtils.java:logGet(43)) - raft.server.log.force.sync.num = 128 (default)
2019-09-26 16:39:29,250 [pool-357-thread-1] INFO  server.RaftServerConfigKeys (ConfUtils.java:logGet(43)) - raft.server.log.statemachine.data.sync = true (default)
2019-09-26 16:39:29,250 [pool-357-thread-1] INFO  server.RaftServerConfigKeys (ConfUtils.java:logGet(43)) - raft.server.log.statemachine.data.sync.timeout = 10s (default)
2019-09-26 16:39:29,250 [pool-357-thread-1] INFO  server.RaftServerConfigKeys (ConfUtils.java:logGet(43)) - raft.server.log.statemachine.data.sync.timeout.retry = -1 (default)
2019-09-26 16:39:29,250 [pool-357-thread-1] INFO  server.RaftServerConfigKeys (ConfUtils.java:logGet(43)) - raft.server.log.statemachine.data.caching.enabled = true (custom)
2019-09-26 16:39:29,250 [pool-357-thread-1] INFO  segmented.SegmentedRaftLogWorker (SegmentedRaftLogWorker.java:lambda$new$0(132)) - 348490e5-42cf-4351-bcb2-b161fe6117cc@group-0F074CD4E20A-SegmentedRaftLogWorker: flushIndex: setUnconditionally 0 -> -1
2019-09-26 16:39:29,251 [pool-357-thread-1] INFO  server.RaftServerConfigKeys (ConfUtils.java:logGet(43)) - raft.server.snapshot.auto.trigger.enabled = true (custom)
2019-09-26 16:39:29,251 [pool-357-thread-1] INFO  server.RaftServerConfigKeys (ConfUtils.java:logGet(43)) - raft.server.snapshot.auto.trigger.threshold = 10000 (custom)
2019-09-26 16:39:29,251 [pool-357-thread-1] INFO  server.RaftServerConfigKeys (ConfUtils.java:logGet(43)) - raft.server.snapshot.retention.num.files = 5 (custom)
2019-09-26 16:39:29,251 [pool-357-thread-1] INFO  server.RaftServerConfigKeys (ConfUtils.java:logGet(43)) - raft.server.retrycache.expirytime = 600000ms (custom)
2019-09-26 16:39:29,252 [pool-357-thread-1] INFO  impl.RaftServerImpl (RaftServerImpl.java:start(185)) - 348490e5-42cf-4351-bcb2-b161fe6117cc@group-0F074CD4E20A: start as a follower, conf=-1: [348490e5-42cf-4351-bcb2-b161fe6117cc:192.168.157.234:35669], old=null
2019-09-26 16:39:29,253 [pool-357-thread-1] INFO  impl.RaftServerImpl (RaftServerImpl.java:setRole(174)) - 348490e5-42cf-4351-bcb2-b161fe6117cc@group-0F074CD4E20A: changes role from      null to FOLLOWER at term 0 for startAsFollower
2019-09-26 16:39:29,253 [pool-357-thread-1] INFO  impl.RoleInfo (RoleInfo.java:updateAndGet(143)) - 348490e5-42cf-4351-bcb2-b161fe6117cc: start FollowerState
2019-09-26 16:39:29,253 [pool-357-thread-1] INFO  util.JmxRegister (JmxRegister.java:tryRegister(44)) - Successfully registered JMX Bean with object name Ratis:service=RaftServer,group=group-0F074CD4E20A,id=348490e5-42cf-4351-bcb2-b161fe6117cc
2019-09-26 16:39:29,258 [RatisPipelineUtilsThread] INFO  pipeline.PipelineStateManager (PipelineStateManager.java:addPipeline(56)) - Created pipeline Pipeline[ Id: 860781b9-97f3-4571-a74c-0f074cd4e20a, Nodes: 348490e5-42cf-4351-bcb2-b161fe6117cc{ip: 192.168.157.234, host: pr-hdds-2162-htzpk-1451759861, networkLocation: /rack1, certSerialId: null}, Type:RATIS, Factor:ONE, State:OPEN]
2019-09-26 16:39:29,273 [grpc-default-executor-2] INFO  impl.RaftServerProxy (RaftServerProxy.java:addNew(89)) - 348490e5-42cf-4351-bcb2-b161fe6117cc: addNew group-65BB8CEB6BF0:[348490e5-42cf-4351-bcb2-b161fe6117cc:192.168.157.234:35669, d3288a9b-14bd-48c9-b698-6bc497213938:192.168.157.234:38480, eb18520e-12e8-4d27-8838-dd2c94abb977:192.168.157.234:36334] returns group-65BB8CEB6BF0:java.util.concurrent.CompletableFuture@7330a2fc[Not completed]
2019-09-26 16:39:29,273 [grpc-default-executor-0] INFO  impl.RaftServerProxy (RaftServerProxy.java:addNew(89)) - eb18520e-12e8-4d27-8838-dd2c94abb977: addNew group-65BB8CEB6BF0:[348490e5-42cf-4351-bcb2-b161fe6117cc:192.168.157.234:35669, d3288a9b-14bd-48c9-b698-6bc497213938:192.168.157.234:38480, eb18520e-12e8-4d27-8838-dd2c94abb977:192.168.157.234:36334] returns group-65BB8CEB6BF0:java.util.concurrent.CompletableFuture@21e76c63[Not completed]
2019-09-26 16:39:29,273 [grpc-default-executor-1] INFO  impl.RaftServerProxy (RaftServerProxy.java:addNew(89)) - d3288a9b-14bd-48c9-b698-6bc497213938: addNew group-65BB8CEB6BF0:[348490e5-42cf-4351-bcb2-b161fe6117cc:192.168.157.234:35669, d3288a9b-14bd-48c9-b698-6bc497213938:192.168.157.234:38480, eb18520e-12e8-4d27-8838-dd2c94abb977:192.168.157.234:36334] returns group-65BB8CEB6BF0:java.util.concurrent.CompletableFuture@bb4a40f[Not completed]
2019-09-26 16:39:29,274 [pool-357-thread-1] INFO  impl.RaftServerImpl (RaftServerImpl.java:<init>(95)) - 348490e5-42cf-4351-bcb2-b161fe6117cc: new RaftServerImpl for group-65BB8CEB6BF0:[348490e5-42cf-4351-bcb2-b161fe6117cc:192.168.157.234:35669, d3288a9b-14bd-48c9-b698-6bc497213938:192.168.157.234:38480, eb18520e-12e8-4d27-8838-dd2c94abb977:192.168.157.234:36334] with ContainerStateMachine:uninitialized
2019-09-26 16:39:29,274 [pool-357-thread-1] INFO  server.RaftServerConfigKeys (ConfUtils.java:logGet(43)) - raft.server.rpc.timeout.min = 1s (custom)
2019-09-26 16:39:29,274 [pool-357-thread-1] INFO  server.RaftServerConfigKeys (ConfUtils.java:logGet(43)) - raft.server.rpc.timeout.max = 1200ms (custom)
2019-09-26 16:39:29,274 [pool-357-thread-1] INFO  server.RaftServerConfigKeys (ConfUtils.java:logGet(43)) - raft.server.rpcslowness.timeout = 120s (custom)
2019-09-26 16:39:29,274 [pool-357-thread-1] INFO  server.RaftServerConfigKeys (ConfUtils.java:logGet(43)) - raft.server.sleep.deviation.threshold = 300 (default)
2019-09-26 16:39:29,274 [pool-357-thread-1] INFO  server.RaftServerConfigKeys (ConfUtils.java:logGet(43)) - raft.server.log.appender.install.snapshot.enabled = false (custom)
2019-09-26 16:39:29,274 [pool-327-thread-1] INFO  impl.RaftServerImpl (RaftServerImpl.java:<init>(95)) - d3288a9b-14bd-48c9-b698-6bc497213938: new RaftServerImpl for group-65BB8CEB6BF0:[348490e5-42cf-4351-bcb2-b161fe6117cc:192.168.157.234:35669, d3288a9b-14bd-48c9-b698-6bc497213938:192.168.157.234:38480, eb18520e-12e8-4d27-8838-dd2c94abb977:192.168.157.234:36334] with ContainerStateMachine:uninitialized
2019-09-26 16:39:29,274 [pool-357-thread-1] INFO  impl.RaftServerImpl (ServerState.java:<init>(103)) - 348490e5-42cf-4351-bcb2-b161fe6117cc@group-65BB8CEB6BF0: ConfigurationManager, init=-1: [348490e5-42cf-4351-bcb2-b161fe6117cc:192.168.157.234:35669, d3288a9b-14bd-48c9-b698-6bc497213938:192.168.157.234:38480, eb18520e-12e8-4d27-8838-dd2c94abb977:192.168.157.234:36334], old=null, confs=<EMPTY_MAP>
2019-09-26 16:39:29,275 [pool-327-thread-1] INFO  server.RaftServerConfigKeys (ConfUtils.java:logGet(43)) - raft.server.rpc.timeout.min = 1s (custom)
2019-09-26 16:39:29,275 [pool-357-thread-1] INFO  server.RaftServerConfigKeys (ConfUtils.java:logGet(43)) - raft.server.storage.dir = [/workdir/hadoop-ozone/integration-test/target/test-dir/MiniOzoneClusterImpl-0d69453a-2620-4e4e-b2d5-320b1f4020d1/datanode-9/data/ratis] (custom)
2019-09-26 16:39:29,275 [pool-327-thread-1] INFO  server.RaftServerConfigKeys (ConfUtils.java:logGet(43)) - raft.server.rpc.timeout.max = 1200ms (custom)
2019-09-26 16:39:29,275 [pool-327-thread-1] INFO  server.RaftServerConfigKeys (ConfUtils.java:logGet(43)) - raft.server.rpcslowness.timeout = 120s (custom)
2019-09-26 16:39:29,275 [pool-357-thread-1] INFO  storage.RaftStorageDirectory (RaftStorageDirectory.java:analyzeStorage(246)) - The storage directory /workdir/hadoop-ozone/integration-test/target/test-dir/MiniOzoneClusterImpl-0d69453a-2620-4e4e-b2d5-320b1f4020d1/datanode-9/data/ratis/7e0fc8ea-11a0-4a65-ab2f-65bb8ceb6bf0 does not exist. Creating ...
2019-09-26 16:39:29,275 [pool-297-thread-1] INFO  impl.RaftServerImpl (RaftServerImpl.java:<init>(95)) - eb18520e-12e8-4d27-8838-dd2c94abb977: new RaftServerImpl for group-65BB8CEB6BF0:[348490e5-42cf-4351-bcb2-b161fe6117cc:192.168.157.234:35669, d3288a9b-14bd-48c9-b698-6bc497213938:192.168.157.234:38480, eb18520e-12e8-4d27-8838-dd2c94abb977:192.168.157.234:36334] with ContainerStateMachine:uninitialized
2019-09-26 16:39:29,275 [pool-327-thread-1] INFO  server.RaftServerConfigKeys (ConfUtils.java:logGet(43)) - raft.server.sleep.deviation.threshold = 300 (default)
2019-09-26 16:39:29,276 [pool-297-thread-1] INFO  server.RaftServerConfigKeys (ConfUtils.java:logGet(43)) - raft.server.rpc.timeout.min = 1s (custom)
2019-09-26 16:39:29,276 [pool-327-thread-1] INFO  server.RaftServerConfigKeys (ConfUtils.java:logGet(43)) - raft.server.log.appender.install.snapshot.enabled = false (custom)
2019-09-26 16:39:29,276 [pool-297-thread-1] INFO  server.RaftServerConfigKeys (ConfUtils.java:logGet(43)) - raft.server.rpc.timeout.max = 1200ms (custom)
2019-09-26 16:39:29,276 [pool-327-thread-1] INFO  impl.RaftServerImpl (ServerState.java:<init>(103)) - d3288a9b-14bd-48c9-b698-6bc497213938@group-65BB8CEB6BF0: ConfigurationManager, init=-1: [348490e5-42cf-4351-bcb2-b161fe6117cc:192.168.157.234:35669, d3288a9b-14bd-48c9-b698-6bc497213938:192.168.157.234:38480, eb18520e-12e8-4d27-8838-dd2c94abb977:192.168.157.234:36334], old=null, confs=<EMPTY_MAP>
2019-09-26 16:39:29,276 [pool-297-thread-1] INFO  server.RaftServerConfigKeys (ConfUtils.java:logGet(43)) - raft.server.rpcslowness.timeout = 120s (custom)
2019-09-26 16:39:29,276 [pool-327-thread-1] INFO  server.RaftServerConfigKeys (ConfUtils.java:logGet(43)) - raft.server.storage.dir = [/workdir/hadoop-ozone/integration-test/target/test-dir/MiniOzoneClusterImpl-0d69453a-2620-4e4e-b2d5-320b1f4020d1/datanode-6/data/ratis] (custom)
2019-09-26 16:39:29,277 [pool-297-thread-1] INFO  server.RaftServerConfigKeys (ConfUtils.java:logGet(43)) - raft.server.sleep.deviation.threshold = 300 (default)
2019-09-26 16:39:29,277 [pool-297-thread-1] INFO  server.RaftServerConfigKeys (ConfUtils.java:logGet(43)) - raft.server.log.appender.install.snapshot.enabled = false (custom)
2019-09-26 16:39:29,277 [pool-327-thread-1] INFO  storage.RaftStorageDirectory (RaftStorageDirectory.java:analyzeStorage(246)) - The storage directory /workdir/hadoop-ozone/integration-test/target/test-dir/MiniOzoneClusterImpl-0d69453a-2620-4e4e-b2d5-320b1f4020d1/datanode-6/data/ratis/7e0fc8ea-11a0-4a65-ab2f-65bb8ceb6bf0 does not exist. Creating ...
2019-09-26 16:39:29,277 [pool-297-thread-1] INFO  impl.RaftServerImpl (ServerState.java:<init>(103)) - eb18520e-12e8-4d27-8838-dd2c94abb977@group-65BB8CEB6BF0: ConfigurationManager, init=-1: [348490e5-42cf-4351-bcb2-b161fe6117cc:192.168.157.234:35669, d3288a9b-14bd-48c9-b698-6bc497213938:192.168.157.234:38480, eb18520e-12e8-4d27-8838-dd2c94abb977:192.168.157.234:36334], old=null, confs=<EMPTY_MAP>
2019-09-26 16:39:29,278 [pool-297-thread-1] INFO  server.RaftServerConfigKeys (ConfUtils.java:logGet(43)) - raft.server.storage.dir = [/workdir/hadoop-ozone/integration-test/target/test-dir/MiniOzoneClusterImpl-0d69453a-2620-4e4e-b2d5-320b1f4020d1/datanode-3/data/ratis] (custom)
2019-09-26 16:39:29,279 [pool-297-thread-1] INFO  storage.RaftStorageDirectory (RaftStorageDirectory.java:analyzeStorage(246)) - The storage directory /workdir/hadoop-ozone/integration-test/target/test-dir/MiniOzoneClusterImpl-0d69453a-2620-4e4e-b2d5-320b1f4020d1/datanode-3/data/ratis/7e0fc8ea-11a0-4a65-ab2f-65bb8ceb6bf0 does not exist. Creating ...
2019-09-26 16:39:29,289 [pool-297-thread-1] INFO  storage.RaftStorageDirectory (RaftStorageDirectory.java:tryLock(328)) - Lock on /workdir/hadoop-ozone/integration-test/target/test-dir/MiniOzoneClusterImpl-0d69453a-2620-4e4e-b2d5-320b1f4020d1/datanode-3/data/ratis/7e0fc8ea-11a0-4a65-ab2f-65bb8ceb6bf0/in_use.lock acquired by nodename 16662@pr-hdds-2162-htzpk-1451759861
2019-09-26 16:39:29,289 [pool-357-thread-1] INFO  storage.RaftStorageDirectory (RaftStorageDirectory.java:tryLock(328)) - Lock on /workdir/hadoop-ozone/integration-test/target/test-dir/MiniOzoneClusterImpl-0d69453a-2620-4e4e-b2d5-320b1f4020d1/datanode-9/data/ratis/7e0fc8ea-11a0-4a65-ab2f-65bb8ceb6bf0/in_use.lock acquired by nodename 16662@pr-hdds-2162-htzpk-1451759861
2019-09-26 16:39:29,289 [pool-327-thread-1] INFO  storage.RaftStorageDirectory (RaftStorageDirectory.java:tryLock(328)) - Lock on /workdir/hadoop-ozone/integration-test/target/test-dir/MiniOzoneClusterImpl-0d69453a-2620-4e4e-b2d5-320b1f4020d1/datanode-6/data/ratis/7e0fc8ea-11a0-4a65-ab2f-65bb8ceb6bf0/in_use.lock acquired by nodename 16662@pr-hdds-2162-htzpk-1451759861
2019-09-26 16:39:29,303 [pool-357-thread-1] INFO  storage.RaftStorage (RaftStorage.java:format(72)) - Storage directory /workdir/hadoop-ozone/integration-test/target/test-dir/MiniOzoneClusterImpl-0d69453a-2620-4e4e-b2d5-320b1f4020d1/datanode-9/data/ratis/7e0fc8ea-11a0-4a65-ab2f-65bb8ceb6bf0 has been successfully formatted.
2019-09-26 16:39:29,303 [pool-327-thread-1] INFO  storage.RaftStorage (RaftStorage.java:format(72)) - Storage directory /workdir/hadoop-ozone/integration-test/target/test-dir/MiniOzoneClusterImpl-0d69453a-2620-4e4e-b2d5-320b1f4020d1/datanode-6/data/ratis/7e0fc8ea-11a0-4a65-ab2f-65bb8ceb6bf0 has been successfully formatted.
2019-09-26 16:39:29,303 [pool-297-thread-1] INFO  storage.RaftStorage (RaftStorage.java:format(72)) - Storage directory /workdir/hadoop-ozone/integration-test/target/test-dir/MiniOzoneClusterImpl-0d69453a-2620-4e4e-b2d5-320b1f4020d1/datanode-3/data/ratis/7e0fc8ea-11a0-4a65-ab2f-65bb8ceb6bf0 has been successfully formatted.
2019-09-26 16:39:29,303 [pool-327-thread-1] INFO  ratis.ContainerStateMachine (ContainerStateMachine.java:loadSnapshot(230)) - group-65BB8CEB6BF0: The snapshot info is null. Setting the last applied indexto:(t:0, i:~)
2019-09-26 16:39:29,304 [pool-297-thread-1] INFO  ratis.ContainerStateMachine (ContainerStateMachine.java:loadSnapshot(230)) - group-65BB8CEB6BF0: The snapshot info is null. Setting the last applied indexto:(t:0, i:~)
2019-09-26 16:39:29,303 [pool-357-thread-1] INFO  ratis.ContainerStateMachine (ContainerStateMachine.java:loadSnapshot(230)) - group-65BB8CEB6BF0: The snapshot info is null. Setting the last applied indexto:(t:0, i:~)
2019-09-26 16:39:29,304 [pool-297-thread-1] INFO  server.RaftServerConfigKeys (ConfUtils.java:logGet(43)) - raft.server.notification.no-leader.timeout = 120s (custom)
2019-09-26 16:39:29,304 [pool-327-thread-1] INFO  server.RaftServerConfigKeys (ConfUtils.java:logGet(43)) - raft.server.notification.no-leader.timeout = 120s (custom)
2019-09-26 16:39:29,304 [pool-297-thread-1] INFO  server.RaftServerConfigKeys (ConfUtils.java:logGet(43)) - raft.server.log.use.memory = false (default)
2019-09-26 16:39:29,304 [pool-357-thread-1] INFO  server.RaftServerConfigKeys (ConfUtils.java:logGet(43)) - raft.server.notification.no-leader.timeout = 120s (custom)
2019-09-26 16:39:29,305 [pool-297-thread-1] INFO  server.RaftServerConfigKeys (ConfUtils.java:logGet(43)) - raft.server.log.purge.gap = 1000000 (custom)
2019-09-26 16:39:29,304 [pool-327-thread-1] INFO  server.RaftServerConfigKeys (ConfUtils.java:logGet(43)) - raft.server.log.use.memory = false (default)
2019-09-26 16:39:29,305 [pool-297-thread-1] INFO  server.RaftServerConfigKeys (ConfUtils.java:logGet(43)) - raft.server.log.appender.buffer.byte-limit = 33554432 (custom)
2019-09-26 16:39:29,305 [pool-357-thread-1] INFO  server.RaftServerConfigKeys (ConfUtils.java:logGet(43)) - raft.server.log.use.memory = false (default)
2019-09-26 16:39:29,305 [pool-297-thread-1] INFO  server.RaftServerConfigKeys (ConfUtils.java:logGet(43)) - raft.server.log.segment.size.max = 1048576 (custom)
2019-09-26 16:39:29,305 [pool-327-thread-1] INFO  server.RaftServerConfigKeys (ConfUtils.java:logGet(43)) - raft.server.log.purge.gap = 1000000 (custom)
2019-09-26 16:39:29,305 [pool-297-thread-1] INFO  server.RaftServerConfigKeys (ConfUtils.java:logGet(43)) - raft.server.log.segment.cache.num.max = 2 (custom)
2019-09-26 16:39:29,305 [pool-357-thread-1] INFO  server.RaftServerConfigKeys (ConfUtils.java:logGet(43)) - raft.server.log.purge.gap = 1000000 (custom)
2019-09-26 16:39:29,306 [pool-297-thread-1] INFO  segmented.SegmentedRaftLogWorker (SegmentedRaftLogWorker.java:<init>(172)) - new eb18520e-12e8-4d27-8838-dd2c94abb977@group-65BB8CEB6BF0-SegmentedRaftLogWorker for RaftStorage:Storage Directory /workdir/hadoop-ozone/integration-test/target/test-dir/MiniOzoneClusterImpl-0d69453a-2620-4e4e-b2d5-320b1f4020d1/datanode-3/data/ratis/7e0fc8ea-11a0-4a65-ab2f-65bb8ceb6bf0
2019-09-26 16:39:29,306 [pool-327-thread-1] INFO  server.RaftServerConfigKeys (ConfUtils.java:logGet(43)) - raft.server.log.appender.buffer.byte-limit = 33554432 (custom)
2019-09-26 16:39:29,306 [pool-297-thread-1] INFO  server.RaftServerConfigKeys (ConfUtils.java:logGet(43)) - raft.server.log.queue.byte-limit = 2147483647 (custom)
2019-09-26 16:39:29,306 [pool-357-thread-1] INFO  server.RaftServerConfigKeys (ConfUtils.java:logGet(43)) - raft.server.log.appender.buffer.byte-limit = 33554432 (custom)
2019-09-26 16:39:29,307 [pool-297-thread-1] INFO  server.RaftServerConfigKeys (ConfUtils.java:logGet(43)) - raft.server.log.queue.element-limit = 1024 (custom)
2019-09-26 16:39:29,306 [pool-327-thread-1] INFO  server.RaftServerConfigKeys (ConfUtils.java:logGet(43)) - raft.server.log.segment.size.max = 1048576 (custom)
2019-09-26 16:39:29,307 [pool-297-thread-1] INFO  server.RaftServerConfigKeys (ConfUtils.java:logGet(43)) - raft.server.log.segment.size.max = 1048576 (custom)
2019-09-26 16:39:29,307 [pool-297-thread-1] INFO  server.RaftServerConfigKeys (ConfUtils.java:logGet(43)) - raft.server.log.preallocated.size = 16384 (custom)
2019-09-26 16:39:29,307 [pool-357-thread-1] INFO  server.RaftServerConfigKeys (ConfUtils.java:logGet(43)) - raft.server.log.segment.size.max = 1048576 (custom)
2019-09-26 16:39:29,307 [pool-297-thread-1] INFO  server.RaftServerConfigKeys (ConfUtils.java:logGet(43)) - raft.server.log.write.buffer.size = 33554432 (custom)
2019-09-26 16:39:29,307 [pool-327-thread-1] INFO  server.RaftServerConfigKeys (ConfUtils.java:logGet(43)) - raft.server.log.segment.cache.num.max = 2 (custom)
2019-09-26 16:39:29,308 [pool-297-thread-1] INFO  server.RaftServerConfigKeys (ConfUtils.java:logGet(43)) - raft.server.log.force.sync.num = 128 (default)
2019-09-26 16:39:29,308 [pool-357-thread-1] INFO  server.RaftServerConfigKeys (ConfUtils.java:logGet(43)) - raft.server.log.segment.cache.num.max = 2 (custom)
2019-09-26 16:39:29,308 [pool-297-thread-1] INFO  server.RaftServerConfigKeys (ConfUtils.java:logGet(43)) - raft.server.log.statemachine.data.sync = true (default)
2019-09-26 16:39:29,308 [pool-297-thread-1] INFO  server.RaftServerConfigKeys (ConfUtils.java:logGet(43)) - raft.server.log.statemachine.data.sync.timeout = 10s (default)
2019-09-26 16:39:29,308 [pool-327-thread-1] INFO  segmented.SegmentedRaftLogWorker (SegmentedRaftLogWorker.java:<init>(172)) - new d3288a9b-14bd-48c9-b698-6bc497213938@group-65BB8CEB6BF0-SegmentedRaftLogWorker for RaftStorage:Storage Directory /workdir/hadoop-ozone/integration-test/target/test-dir/MiniOzoneClusterImpl-0d69453a-2620-4e4e-b2d5-320b1f4020d1/datanode-6/data/ratis/7e0fc8ea-11a0-4a65-ab2f-65bb8ceb6bf0
2019-09-26 16:39:29,308 [pool-297-thread-1] INFO  server.RaftServerConfigKeys (ConfUtils.java:logGet(43)) - raft.server.log.statemachine.data.sync.timeout.retry = -1 (default)
2019-09-26 16:39:29,308 [pool-357-thread-1] INFO  segmented.SegmentedRaftLogWorker (SegmentedRaftLogWorker.java:<init>(172)) - new 348490e5-42cf-4351-bcb2-b161fe6117cc@group-65BB8CEB6BF0-SegmentedRaftLogWorker for RaftStorage:Storage Directory /workdir/hadoop-ozone/integration-test/target/test-dir/MiniOzoneClusterImpl-0d69453a-2620-4e4e-b2d5-320b1f4020d1/datanode-9/data/ratis/7e0fc8ea-11a0-4a65-ab2f-65bb8ceb6bf0
2019-09-26 16:39:29,309 [pool-297-thread-1] INFO  server.RaftServerConfigKeys (ConfUtils.java:logGet(43)) - raft.server.log.statemachine.data.caching.enabled = true (custom)
2019-09-26 16:39:29,309 [pool-327-thread-1] INFO  server.RaftServerConfigKeys (ConfUtils.java:logGet(43)) - raft.server.log.queue.byte-limit = 2147483647 (custom)
2019-09-26 16:39:29,309 [pool-297-thread-1] INFO  segmented.SegmentedRaftLogWorker (SegmentedRaftLogWorker.java:lambda$new$0(132)) - eb18520e-12e8-4d27-8838-dd2c94abb977@group-65BB8CEB6BF0-SegmentedRaftLogWorker: flushIndex: setUnconditionally 0 -> -1
2019-09-26 16:39:29,309 [pool-357-thread-1] INFO  server.RaftServerConfigKeys (ConfUtils.java:logGet(43)) - raft.server.log.queue.byte-limit = 2147483647 (custom)
2019-09-26 16:39:29,310 [pool-357-thread-1] INFO  server.RaftServerConfigKeys (ConfUtils.java:logGet(43)) - raft.server.log.queue.element-limit = 1024 (custom)
2019-09-26 16:39:29,309 [pool-327-thread-1] INFO  server.RaftServerConfigKeys (ConfUtils.java:logGet(43)) - raft.server.log.queue.element-limit = 1024 (custom)
2019-09-26 16:39:29,310 [pool-357-thread-1] INFO  server.RaftServerConfigKeys (ConfUtils.java:logGet(43)) - raft.server.log.segment.size.max = 1048576 (custom)
2019-09-26 16:39:29,310 [pool-357-thread-1] INFO  server.RaftServerConfigKeys (ConfUtils.java:logGet(43)) - raft.server.log.preallocated.size = 16384 (custom)
2019-09-26 16:39:29,310 [pool-297-thread-1] INFO  server.RaftServerConfigKeys (ConfUtils.java:logGet(43)) - raft.server.snapshot.auto.trigger.enabled = true (custom)
2019-09-26 16:39:29,310 [pool-357-thread-1] INFO  server.RaftServerConfigKeys (ConfUtils.java:logGet(43)) - raft.server.log.write.buffer.size = 33554432 (custom)
2019-09-26 16:39:29,310 [pool-327-thread-1] INFO  server.RaftServerConfigKeys (ConfUtils.java:logGet(43)) - raft.server.log.segment.size.max = 1048576 (custom)
2019-09-26 16:39:29,311 [pool-357-thread-1] INFO  server.RaftServerConfigKeys (ConfUtils.java:logGet(43)) - raft.server.log.force.sync.num = 128 (default)
2019-09-26 16:39:29,310 [pool-297-thread-1] INFO  server.RaftServerConfigKeys (ConfUtils.java:logGet(43)) - raft.server.snapshot.auto.trigger.threshold = 10000 (custom)
2019-09-26 16:39:29,311 [pool-357-thread-1] INFO  server.RaftServerConfigKeys (ConfUtils.java:logGet(43)) - raft.server.log.statemachine.data.sync = true (default)
2019-09-26 16:39:29,311 [pool-357-thread-1] INFO  server.RaftServerConfigKeys (ConfUtils.java:logGet(43)) - raft.server.log.statemachine.data.sync.timeout = 10s (default)
2019-09-26 16:39:29,311 [pool-327-thread-1] INFO  server.RaftServerConfigKeys (ConfUtils.java:logGet(43)) - raft.server.log.preallocated.size = 16384 (custom)
2019-09-26 16:39:29,311 [pool-357-thread-1] INFO  server.RaftServerConfigKeys (ConfUtils.java:logGet(43)) - raft.server.log.statemachine.data.sync.timeout.retry = -1 (default)
2019-09-26 16:39:29,311 [pool-297-thread-1] INFO  server.RaftServerConfigKeys (ConfUtils.java:logGet(43)) - raft.server.snapshot.retention.num.files = 5 (custom)
2019-09-26 16:39:29,312 [pool-357-thread-1] INFO  server.RaftServerConfigKeys (ConfUtils.java:logGet(43)) - raft.server.log.statemachine.data.caching.enabled = true (custom)
2019-09-26 16:39:29,312 [pool-327-thread-1] INFO  server.RaftServerConfigKeys (ConfUtils.java:logGet(43)) - raft.server.log.write.buffer.size = 33554432 (custom)
2019-09-26 16:39:29,312 [pool-357-thread-1] INFO  segmented.SegmentedRaftLogWorker (SegmentedRaftLogWorker.java:lambda$new$0(132)) - 348490e5-42cf-4351-bcb2-b161fe6117cc@group-65BB8CEB6BF0-SegmentedRaftLogWorker: flushIndex: setUnconditionally 0 -> -1
2019-09-26 16:39:29,312 [pool-297-thread-1] INFO  server.RaftServerConfigKeys (ConfUtils.java:logGet(43)) - raft.server.retrycache.expirytime = 600000ms (custom)
2019-09-26 16:39:29,312 [pool-327-thread-1] INFO  server.RaftServerConfigKeys (ConfUtils.java:logGet(43)) - raft.server.log.force.sync.num = 128 (default)
2019-09-26 16:39:29,312 [pool-357-thread-1] INFO  server.RaftServerConfigKeys (ConfUtils.java:logGet(43)) - raft.server.snapshot.auto.trigger.enabled = true (custom)
2019-09-26 16:39:29,313 [pool-327-thread-1] INFO  server.RaftServerConfigKeys (ConfUtils.java:logGet(43)) - raft.server.log.statemachine.data.sync = true (default)
2019-09-26 16:39:29,313 [pool-357-thread-1] INFO  server.RaftServerConfigKeys (ConfUtils.java:logGet(43)) - raft.server.snapshot.auto.trigger.threshold = 10000 (custom)
2019-09-26 16:39:29,313 [pool-327-thread-1] INFO  server.RaftServerConfigKeys (ConfUtils.java:logGet(43)) - raft.server.log.statemachine.data.sync.timeout = 10s (default)
2019-09-26 16:39:29,313 [pool-357-thread-1] INFO  server.RaftServerConfigKeys (ConfUtils.java:logGet(43)) - raft.server.snapshot.retention.num.files = 5 (custom)
2019-09-26 16:39:29,313 [pool-327-thread-1] INFO  server.RaftServerConfigKeys (ConfUtils.java:logGet(43)) - raft.server.log.statemachine.data.sync.timeout.retry = -1 (default)
2019-09-26 16:39:29,313 [pool-357-thread-1] INFO  server.RaftServerConfigKeys (ConfUtils.java:logGet(43)) - raft.server.retrycache.expirytime = 600000ms (custom)
2019-09-26 16:39:29,314 [pool-327-thread-1] INFO  server.RaftServerConfigKeys (ConfUtils.java:logGet(43)) - raft.server.log.statemachine.data.caching.enabled = true (custom)
2019-09-26 16:39:29,314 [pool-327-thread-1] INFO  segmented.SegmentedRaftLogWorker (SegmentedRaftLogWorker.java:lambda$new$0(132)) - d3288a9b-14bd-48c9-b698-6bc497213938@group-65BB8CEB6BF0-SegmentedRaftLogWorker: flushIndex: setUnconditionally 0 -> -1
2019-09-26 16:39:29,314 [pool-297-thread-1] INFO  impl.RaftServerImpl (RaftServerImpl.java:start(185)) - eb18520e-12e8-4d27-8838-dd2c94abb977@group-65BB8CEB6BF0: start as a follower, conf=-1: [348490e5-42cf-4351-bcb2-b161fe6117cc:192.168.157.234:35669, d3288a9b-14bd-48c9-b698-6bc497213938:192.168.157.234:38480, eb18520e-12e8-4d27-8838-dd2c94abb977:192.168.157.234:36334], old=null
2019-09-26 16:39:29,314 [pool-327-thread-1] INFO  server.RaftServerConfigKeys (ConfUtils.java:logGet(43)) - raft.server.snapshot.auto.trigger.enabled = true (custom)
2019-09-26 16:39:29,314 [pool-297-thread-1] INFO  impl.RaftServerImpl (RaftServerImpl.java:setRole(174)) - eb18520e-12e8-4d27-8838-dd2c94abb977@group-65BB8CEB6BF0: changes role from      null to FOLLOWER at term 0 for startAsFollower
2019-09-26 16:39:29,315 [pool-327-thread-1] INFO  server.RaftServerConfigKeys (ConfUtils.java:logGet(43)) - raft.server.snapshot.auto.trigger.threshold = 10000 (custom)
2019-09-26 16:39:29,315 [pool-297-thread-1] INFO  impl.RoleInfo (RoleInfo.java:updateAndGet(143)) - eb18520e-12e8-4d27-8838-dd2c94abb977: start FollowerState
2019-09-26 16:39:29,315 [pool-357-thread-1] INFO  impl.RaftServerImpl (RaftServerImpl.java:start(185)) - 348490e5-42cf-4351-bcb2-b161fe6117cc@group-65BB8CEB6BF0: start as a follower, conf=-1: [348490e5-42cf-4351-bcb2-b161fe6117cc:192.168.157.234:35669, d3288a9b-14bd-48c9-b698-6bc497213938:192.168.157.234:38480, eb18520e-12e8-4d27-8838-dd2c94abb977:192.168.157.234:36334], old=null
2019-09-26 16:39:29,315 [pool-327-thread-1] INFO  server.RaftServerConfigKeys (ConfUtils.java:logGet(43)) - raft.server.snapshot.retention.num.files = 5 (custom)
2019-09-26 16:39:29,315 [pool-357-thread-1] INFO  impl.RaftServerImpl (RaftServerImpl.java:setRole(174)) - 348490e5-42cf-4351-bcb2-b161fe6117cc@group-65BB8CEB6BF0: changes role from      null to FOLLOWER at term 0 for startAsFollower
2019-09-26 16:39:29,315 [pool-327-thread-1] INFO  server.RaftServerConfigKeys (ConfUtils.java:logGet(43)) - raft.server.retrycache.expirytime = 600000ms (custom)
2019-09-26 16:39:29,315 [pool-297-thread-1] INFO  util.JmxRegister (JmxRegister.java:tryRegister(44)) - Successfully registered JMX Bean with object name Ratis:service=RaftServer,group=group-65BB8CEB6BF0,id=eb18520e-12e8-4d27-8838-dd2c94abb977
2019-09-26 16:39:29,315 [pool-357-thread-1] INFO  impl.RoleInfo (RoleInfo.java:updateAndGet(143)) - 348490e5-42cf-4351-bcb2-b161fe6117cc: start FollowerState
2019-09-26 16:39:29,316 [pool-357-thread-1] INFO  util.JmxRegister (JmxRegister.java:tryRegister(44)) - Successfully registered JMX Bean with object name Ratis:service=RaftServer,group=group-65BB8CEB6BF0,id=348490e5-42cf-4351-bcb2-b161fe6117cc
2019-09-26 16:39:29,318 [pool-327-thread-1] INFO  impl.RaftServerImpl (RaftServerImpl.java:start(185)) - d3288a9b-14bd-48c9-b698-6bc497213938@group-65BB8CEB6BF0: start as a follower, conf=-1: [348490e5-42cf-4351-bcb2-b161fe6117cc:192.168.157.234:35669, d3288a9b-14bd-48c9-b698-6bc497213938:192.168.157.234:38480, eb18520e-12e8-4d27-8838-dd2c94abb977:192.168.157.234:36334], old=null
2019-09-26 16:39:29,318 [pool-327-thread-1] INFO  impl.RaftServerImpl (RaftServerImpl.java:setRole(174)) - d3288a9b-14bd-48c9-b698-6bc497213938@group-65BB8CEB6BF0: changes role from      null to FOLLOWER at term 0 for startAsFollower
2019-09-26 16:39:29,318 [pool-327-thread-1] INFO  impl.RoleInfo (RoleInfo.java:updateAndGet(143)) - d3288a9b-14bd-48c9-b698-6bc497213938: start FollowerState
2019-09-26 16:39:29,323 [pool-327-thread-1] INFO  util.JmxRegister (JmxRegister.java:tryRegister(44)) - Successfully registered JMX Bean with object name Ratis:service=RaftServer,group=group-65BB8CEB6BF0,id=d3288a9b-14bd-48c9-b698-6bc497213938
2019-09-26 16:39:29,328 [RatisPipelineUtilsThread] INFO  pipeline.PipelineStateManager (PipelineStateManager.java:addPipeline(56)) - Created pipeline Pipeline[ Id: 7e0fc8ea-11a0-4a65-ab2f-65bb8ceb6bf0, Nodes: eb18520e-12e8-4d27-8838-dd2c94abb977{ip: 192.168.157.234, host: pr-hdds-2162-htzpk-1451759861, networkLocation: /rack1, certSerialId: null}348490e5-42cf-4351-bcb2-b161fe6117cc{ip: 192.168.157.234, host: pr-hdds-2162-htzpk-1451759861, networkLocation: /rack1, certSerialId: null}d3288a9b-14bd-48c9-b698-6bc497213938{ip: 192.168.157.234, host: pr-hdds-2162-htzpk-1451759861, networkLocation: /rack1, certSerialId: null}, Type:RATIS, Factor:THREE, State:OPEN]
2019-09-26 16:39:29,343 [grpc-default-executor-0] INFO  impl.RaftServerProxy (RaftServerProxy.java:addNew(89)) - 14c88ade-cfd3-469a-b57f-98ec0ca518ca: addNew group-F0985A92D6C2:[6b2d4045-7ba8-4a84-8602-e698261d7534:192.168.157.234:33350, 14c88ade-cfd3-469a-b57f-98ec0ca518ca:192.168.157.234:45729, 9d99e882-81d2-44b9-a20b-81697c871aa8:192.168.157.234:36094] returns group-F0985A92D6C2:java.util.concurrent.CompletableFuture@103f4117[Not completed]
2019-09-26 16:39:29,343 [grpc-default-executor-2] INFO  impl.RaftServerProxy (RaftServerProxy.java:addNew(89)) - 9d99e882-81d2-44b9-a20b-81697c871aa8: addNew group-F0985A92D6C2:[6b2d4045-7ba8-4a84-8602-e698261d7534:192.168.157.234:33350, 14c88ade-cfd3-469a-b57f-98ec0ca518ca:192.168.157.234:45729, 9d99e882-81d2-44b9-a20b-81697c871aa8:192.168.157.234:36094] returns group-F0985A92D6C2:java.util.concurrent.CompletableFuture@2217583d[Not completed]
2019-09-26 16:39:29,343 [grpc-default-executor-1] INFO  impl.RaftServerProxy (RaftServerProxy.java:addNew(89)) - 6b2d4045-7ba8-4a84-8602-e698261d7534: addNew group-F0985A92D6C2:[6b2d4045-7ba8-4a84-8602-e698261d7534:192.168.157.234:33350, 14c88ade-cfd3-469a-b57f-98ec0ca518ca:192.168.157.234:45729, 9d99e882-81d2-44b9-a20b-81697c871aa8:192.168.157.234:36094] returns group-F0985A92D6C2:java.util.concurrent.CompletableFuture@688df754[Not completed]
2019-09-26 16:39:29,346 [pool-347-thread-1] INFO  impl.RaftServerImpl (RaftServerImpl.java:<init>(95)) - 14c88ade-cfd3-469a-b57f-98ec0ca518ca: new RaftServerImpl for group-F0985A92D6C2:[6b2d4045-7ba8-4a84-8602-e698261d7534:192.168.157.234:33350, 14c88ade-cfd3-469a-b57f-98ec0ca518ca:192.168.157.234:45729, 9d99e882-81d2-44b9-a20b-81697c871aa8:192.168.157.234:36094] with ContainerStateMachine:uninitialized
2019-09-26 16:39:29,346 [pool-347-thread-1] INFO  server.RaftServerConfigKeys (ConfUtils.java:logGet(43)) - raft.server.rpc.timeout.min = 1s (custom)
2019-09-26 16:39:29,346 [pool-347-thread-1] INFO  server.RaftServerConfigKeys (ConfUtils.java:logGet(43)) - raft.server.rpc.timeout.max = 1200ms (custom)
2019-09-26 16:39:29,347 [pool-347-thread-1] INFO  server.RaftServerConfigKeys (ConfUtils.java:logGet(43)) - raft.server.rpcslowness.timeout = 120s (custom)
2019-09-26 16:39:29,347 [pool-347-thread-1] INFO  server.RaftServerConfigKeys (ConfUtils.java:logGet(43)) - raft.server.sleep.deviation.threshold = 300 (default)
2019-09-26 16:39:29,347 [pool-317-thread-1] INFO  impl.RaftServerImpl (RaftServerImpl.java:<init>(95)) - 9d99e882-81d2-44b9-a20b-81697c871aa8: new RaftServerImpl for group-F0985A92D6C2:[6b2d4045-7ba8-4a84-8602-e698261d7534:192.168.157.234:33350, 14c88ade-cfd3-469a-b57f-98ec0ca518ca:192.168.157.234:45729, 9d99e882-81d2-44b9-a20b-81697c871aa8:192.168.157.234:36094] with ContainerStateMachine:uninitialized
2019-09-26 16:39:29,347 [pool-347-thread-1] INFO  server.RaftServerConfigKeys (ConfUtils.java:logGet(43)) - raft.server.log.appender.install.snapshot.enabled = false (custom)
2019-09-26 16:39:29,347 [pool-317-thread-1] INFO  server.RaftServerConfigKeys (ConfUtils.java:logGet(43)) - raft.server.rpc.timeout.min = 1s (custom)
2019-09-26 16:39:29,347 [pool-347-thread-1] INFO  impl.RaftServerImpl (ServerState.java:<init>(103)) - 14c88ade-cfd3-469a-b57f-98ec0ca518ca@group-F0985A92D6C2: ConfigurationManager, init=-1: [6b2d4045-7ba8-4a84-8602-e698261d7534:192.168.157.234:33350, 14c88ade-cfd3-469a-b57f-98ec0ca518ca:192.168.157.234:45729, 9d99e882-81d2-44b9-a20b-81697c871aa8:192.168.157.234:36094], old=null, confs=<EMPTY_MAP>
2019-09-26 16:39:29,347 [pool-317-thread-1] INFO  server.RaftServerConfigKeys (ConfUtils.java:logGet(43)) - raft.server.rpc.timeout.max = 1200ms (custom)
2019-09-26 16:39:29,347 [pool-307-thread-1] INFO  impl.RaftServerImpl (RaftServerImpl.java:<init>(95)) - 6b2d4045-7ba8-4a84-8602-e698261d7534: new RaftServerImpl for group-F0985A92D6C2:[6b2d4045-7ba8-4a84-8602-e698261d7534:192.168.157.234:33350, 14c88ade-cfd3-469a-b57f-98ec0ca518ca:192.168.157.234:45729, 9d99e882-81d2-44b9-a20b-81697c871aa8:192.168.157.234:36094] with ContainerStateMachine:uninitialized
2019-09-26 16:39:29,347 [pool-317-thread-1] INFO  server.RaftServerConfigKeys (ConfUtils.java:logGet(43)) - raft.server.rpcslowness.timeout = 120s (custom)
2019-09-26 16:39:29,347 [pool-347-thread-1] INFO  server.RaftServerConfigKeys (ConfUtils.java:logGet(43)) - raft.server.storage.dir = [/workdir/hadoop-ozone/integration-test/target/test-dir/MiniOzoneClusterImpl-0d69453a-2620-4e4e-b2d5-320b1f4020d1/datanode-8/data/ratis] (custom)
2019-09-26 16:39:29,348 [pool-317-thread-1] INFO  server.RaftServerConfigKeys (ConfUtils.java:logGet(43)) - raft.server.sleep.deviation.threshold = 300 (default)
2019-09-26 16:39:29,347 [pool-307-thread-1] INFO  server.RaftServerConfigKeys (ConfUtils.java:logGet(43)) - raft.server.rpc.timeout.min = 1s (custom)
2019-09-26 16:39:29,348 [pool-347-thread-1] INFO  storage.RaftStorageDirectory (RaftStorageDirectory.java:analyzeStorage(246)) - The storage directory /workdir/hadoop-ozone/integration-test/target/test-dir/MiniOzoneClusterImpl-0d69453a-2620-4e4e-b2d5-320b1f4020d1/datanode-8/data/ratis/db02bd15-dace-457d-a15f-f0985a92d6c2 does not exist. Creating ...
2019-09-26 16:39:29,348 [pool-317-thread-1] INFO  server.RaftServerConfigKeys (ConfUtils.java:logGet(43)) - raft.server.log.appender.install.snapshot.enabled = false (custom)
2019-09-26 16:39:29,348 [pool-307-thread-1] INFO  server.RaftServerConfigKeys (ConfUtils.java:logGet(43)) - raft.server.rpc.timeout.max = 1200ms (custom)
2019-09-26 16:39:29,348 [pool-317-thread-1] INFO  impl.RaftServerImpl (ServerState.java:<init>(103)) - 9d99e882-81d2-44b9-a20b-81697c871aa8@group-F0985A92D6C2: ConfigurationManager, init=-1: [6b2d4045-7ba8-4a84-8602-e698261d7534:192.168.157.234:33350, 14c88ade-cfd3-469a-b57f-98ec0ca518ca:192.168.157.234:45729, 9d99e882-81d2-44b9-a20b-81697c871aa8:192.168.157.234:36094], old=null, confs=<EMPTY_MAP>
2019-09-26 16:39:29,348 [pool-307-thread-1] INFO  server.RaftServerConfigKeys (ConfUtils.java:logGet(43)) - raft.server.rpcslowness.timeout = 120s (custom)
2019-09-26 16:39:29,348 [pool-317-thread-1] INFO  server.RaftServerConfigKeys (ConfUtils.java:logGet(43)) - raft.server.storage.dir = [/workdir/hadoop-ozone/integration-test/target/test-dir/MiniOzoneClusterImpl-0d69453a-2620-4e4e-b2d5-320b1f4020d1/datanode-5/data/ratis] (custom)
2019-09-26 16:39:29,349 [pool-307-thread-1] INFO  server.RaftServerConfigKeys (ConfUtils.java:logGet(43)) - raft.server.sleep.deviation.threshold = 300 (default)
2019-09-26 16:39:29,349 [pool-307-thread-1] INFO  server.RaftServerConfigKeys (ConfUtils.java:logGet(43)) - raft.server.log.appender.install.snapshot.enabled = false (custom)
2019-09-26 16:39:29,349 [pool-307-thread-1] INFO  impl.RaftServerImpl (ServerState.java:<init>(103)) - 6b2d4045-7ba8-4a84-8602-e698261d7534@group-F0985A92D6C2: ConfigurationManager, init=-1: [6b2d4045-7ba8-4a84-8602-e698261d7534:192.168.157.234:33350, 14c88ade-cfd3-469a-b57f-98ec0ca518ca:192.168.157.234:45729, 9d99e882-81d2-44b9-a20b-81697c871aa8:192.168.157.234:36094], old=null, confs=<EMPTY_MAP>
2019-09-26 16:39:29,349 [pool-307-thread-1] INFO  server.RaftServerConfigKeys (ConfUtils.java:logGet(43)) - raft.server.storage.dir = [/workdir/hadoop-ozone/integration-test/target/test-dir/MiniOzoneClusterImpl-0d69453a-2620-4e4e-b2d5-320b1f4020d1/datanode-4/data/ratis] (custom)
2019-09-26 16:39:29,349 [pool-317-thread-1] INFO  storage.RaftStorageDirectory (RaftStorageDirectory.java:analyzeStorage(246)) - The storage directory /workdir/hadoop-ozone/integration-test/target/test-dir/MiniOzoneClusterImpl-0d69453a-2620-4e4e-b2d5-320b1f4020d1/datanode-5/data/ratis/db02bd15-dace-457d-a15f-f0985a92d6c2 does not exist. Creating ...
2019-09-26 16:39:29,349 [pool-307-thread-1] INFO  storage.RaftStorageDirectory (RaftStorageDirectory.java:analyzeStorage(246)) - The storage directory /workdir/hadoop-ozone/integration-test/target/test-dir/MiniOzoneClusterImpl-0d69453a-2620-4e4e-b2d5-320b1f4020d1/datanode-4/data/ratis/db02bd15-dace-457d-a15f-f0985a92d6c2 does not exist. Creating ...
2019-09-26 16:39:29,362 [pool-317-thread-1] INFO  storage.RaftStorageDirectory (RaftStorageDirectory.java:tryLock(328)) - Lock on /workdir/hadoop-ozone/integration-test/target/test-dir/MiniOzoneClusterImpl-0d69453a-2620-4e4e-b2d5-320b1f4020d1/datanode-5/data/ratis/db02bd15-dace-457d-a15f-f0985a92d6c2/in_use.lock acquired by nodename 16662@pr-hdds-2162-htzpk-1451759861
2019-09-26 16:39:29,362 [pool-307-thread-1] INFO  storage.RaftStorageDirectory (RaftStorageDirectory.java:tryLock(328)) - Lock on /workdir/hadoop-ozone/integration-test/target/test-dir/MiniOzoneClusterImpl-0d69453a-2620-4e4e-b2d5-320b1f4020d1/datanode-4/data/ratis/db02bd15-dace-457d-a15f-f0985a92d6c2/in_use.lock acquired by nodename 16662@pr-hdds-2162-htzpk-1451759861
2019-09-26 16:39:29,362 [pool-347-thread-1] INFO  storage.RaftStorageDirectory (RaftStorageDirectory.java:tryLock(328)) - Lock on /workdir/hadoop-ozone/integration-test/target/test-dir/MiniOzoneClusterImpl-0d69453a-2620-4e4e-b2d5-320b1f4020d1/datanode-8/data/ratis/db02bd15-dace-457d-a15f-f0985a92d6c2/in_use.lock acquired by nodename 16662@pr-hdds-2162-htzpk-1451759861
2019-09-26 16:39:29,376 [pool-307-thread-1] INFO  storage.RaftStorage (RaftStorage.java:format(72)) - Storage directory /workdir/hadoop-ozone/integration-test/target/test-dir/MiniOzoneClusterImpl-0d69453a-2620-4e4e-b2d5-320b1f4020d1/datanode-4/data/ratis/db02bd15-dace-457d-a15f-f0985a92d6c2 has been successfully formatted.
2019-09-26 16:39:29,376 [pool-347-thread-1] INFO  storage.RaftStorage (RaftStorage.java:format(72)) - Storage directory /workdir/hadoop-ozone/integration-test/target/test-dir/MiniOzoneClusterImpl-0d69453a-2620-4e4e-b2d5-320b1f4020d1/datanode-8/data/ratis/db02bd15-dace-457d-a15f-f0985a92d6c2 has been successfully formatted.
2019-09-26 16:39:29,376 [pool-317-thread-1] INFO  storage.RaftStorage (RaftStorage.java:format(72)) - Storage directory /workdir/hadoop-ozone/integration-test/target/test-dir/MiniOzoneClusterImpl-0d69453a-2620-4e4e-b2d5-320b1f4020d1/datanode-5/data/ratis/db02bd15-dace-457d-a15f-f0985a92d6c2 has been successfully formatted.
2019-09-26 16:39:29,376 [pool-347-thread-1] INFO  ratis.ContainerStateMachine (ContainerStateMachine.java:loadSnapshot(230)) - group-F0985A92D6C2: The snapshot info is null. Setting the last applied indexto:(t:0, i:~)
2019-09-26 16:39:29,376 [pool-347-thread-1] INFO  server.RaftServerConfigKeys (ConfUtils.java:logGet(43)) - raft.server.notification.no-leader.timeout = 120s (custom)
2019-09-26 16:39:29,376 [pool-307-thread-1] INFO  ratis.ContainerStateMachine (ContainerStateMachine.java:loadSnapshot(230)) - group-F0985A92D6C2: The snapshot info is null. Setting the last applied indexto:(t:0, i:~)
2019-09-26 16:39:29,376 [pool-347-thread-1] INFO  server.RaftServerConfigKeys (ConfUtils.java:logGet(43)) - raft.server.log.use.memory = false (default)
2019-09-26 16:39:29,376 [pool-317-thread-1] INFO  ratis.ContainerStateMachine (ContainerStateMachine.java:loadSnapshot(230)) - group-F0985A92D6C2: The snapshot info is null. Setting the last applied indexto:(t:0, i:~)
2019-09-26 16:39:29,377 [pool-347-thread-1] INFO  server.RaftServerConfigKeys (ConfUtils.java:logGet(43)) - raft.server.log.purge.gap = 1000000 (custom)
2019-09-26 16:39:29,377 [pool-347-thread-1] INFO  server.RaftServerConfigKeys (ConfUtils.java:logGet(43)) - raft.server.log.appender.buffer.byte-limit = 33554432 (custom)
2019-09-26 16:39:29,376 [pool-307-thread-1] INFO  server.RaftServerConfigKeys (ConfUtils.java:logGet(43)) - raft.server.notification.no-leader.timeout = 120s (custom)
2019-09-26 16:39:29,377 [pool-347-thread-1] INFO  server.RaftServerConfigKeys (ConfUtils.java:logGet(43)) - raft.server.log.segment.size.max = 1048576 (custom)
2019-09-26 16:39:29,377 [pool-317-thread-1] INFO  server.RaftServerConfigKeys (ConfUtils.java:logGet(43)) - raft.server.notification.no-leader.timeout = 120s (custom)
2019-09-26 16:39:29,377 [pool-347-thread-1] INFO  server.RaftServerConfigKeys (ConfUtils.java:logGet(43)) - raft.server.log.segment.cache.num.max = 2 (custom)
2019-09-26 16:39:29,377 [pool-307-thread-1] INFO  server.RaftServerConfigKeys (ConfUtils.java:logGet(43)) - raft.server.log.use.memory = false (default)
2019-09-26 16:39:29,377 [pool-347-thread-1] INFO  segmented.SegmentedRaftLogWorker (SegmentedRaftLogWorker.java:<init>(172)) - new 14c88ade-cfd3-469a-b57f-98ec0ca518ca@group-F0985A92D6C2-SegmentedRaftLogWorker for RaftStorage:Storage Directory /workdir/hadoop-ozone/integration-test/target/test-dir/MiniOzoneClusterImpl-0d69453a-2620-4e4e-b2d5-320b1f4020d1/datanode-8/data/ratis/db02bd15-dace-457d-a15f-f0985a92d6c2
2019-09-26 16:39:29,377 [pool-317-thread-1] INFO  server.RaftServerConfigKeys (ConfUtils.java:logGet(43)) - raft.server.log.use.memory = false (default)
2019-09-26 16:39:29,378 [pool-347-thread-1] INFO  server.RaftServerConfigKeys (ConfUtils.java:logGet(43)) - raft.server.log.queue.byte-limit = 2147483647 (custom)
2019-09-26 16:39:29,377 [pool-307-thread-1] INFO  server.RaftServerConfigKeys (ConfUtils.java:logGet(43)) - raft.server.log.purge.gap = 1000000 (custom)
2019-09-26 16:39:29,378 [pool-347-thread-1] INFO  server.RaftServerConfigKeys (ConfUtils.java:logGet(43)) - raft.server.log.queue.element-limit = 1024 (custom)
2019-09-26 16:39:29,378 [pool-317-thread-1] INFO  server.RaftServerConfigKeys (ConfUtils.java:logGet(43)) - raft.server.log.purge.gap = 1000000 (custom)
2019-09-26 16:39:29,378 [pool-347-thread-1] INFO  server.RaftServerConfigKeys (ConfUtils.java:logGet(43)) - raft.server.log.segment.size.max = 1048576 (custom)
2019-09-26 16:39:29,378 [pool-307-thread-1] INFO  server.RaftServerConfigKeys (ConfUtils.java:logGet(43)) - raft.server.log.appender.buffer.byte-limit = 33554432 (custom)
2019-09-26 16:39:29,378 [pool-347-thread-1] INFO  server.RaftServerConfigKeys (ConfUtils.java:logGet(43)) - raft.server.log.preallocated.size = 16384 (custom)
2019-09-26 16:39:29,378 [pool-347-thread-1] INFO  server.RaftServerConfigKeys (ConfUtils.java:logGet(43)) - raft.server.log.write.buffer.size = 33554432 (custom)
2019-09-26 16:39:29,378 [pool-317-thread-1] INFO  server.RaftServerConfigKeys (ConfUtils.java:logGet(43)) - raft.server.log.appender.buffer.byte-limit = 33554432 (custom)
2019-09-26 16:39:29,379 [pool-347-thread-1] INFO  server.RaftServerConfigKeys (ConfUtils.java:logGet(43)) - raft.server.log.force.sync.num = 128 (default)
2019-09-26 16:39:29,378 [pool-307-thread-1] INFO  server.RaftServerConfigKeys (ConfUtils.java:logGet(43)) - raft.server.log.segment.size.max = 1048576 (custom)
2019-09-26 16:39:29,379 [pool-347-thread-1] INFO  server.RaftServerConfigKeys (ConfUtils.java:logGet(43)) - raft.server.log.statemachine.data.sync = true (default)
2019-09-26 16:39:29,379 [pool-317-thread-1] INFO  server.RaftServerConfigKeys (ConfUtils.java:logGet(43)) - raft.server.log.segment.size.max = 1048576 (custom)
2019-09-26 16:39:29,379 [pool-347-thread-1] INFO  server.RaftServerConfigKeys (ConfUtils.java:logGet(43)) - raft.server.log.statemachine.data.sync.timeout = 10s (default)
2019-09-26 16:39:29,379 [pool-307-thread-1] INFO  server.RaftServerConfigKeys (ConfUtils.java:logGet(43)) - raft.server.log.segment.cache.num.max = 2 (custom)
2019-09-26 16:39:29,379 [pool-347-thread-1] INFO  server.RaftServerConfigKeys (ConfUtils.java:logGet(43)) - raft.server.log.statemachine.data.sync.timeout.retry = -1 (default)
2019-09-26 16:39:29,379 [pool-317-thread-1] INFO  server.RaftServerConfigKeys (ConfUtils.java:logGet(43)) - raft.server.log.segment.cache.num.max = 2 (custom)
2019-09-26 16:39:29,379 [pool-347-thread-1] INFO  server.RaftServerConfigKeys (ConfUtils.java:logGet(43)) - raft.server.log.statemachine.data.caching.enabled = true (custom)
2019-09-26 16:39:29,379 [pool-307-thread-1] INFO  segmented.SegmentedRaftLogWorker (SegmentedRaftLogWorker.java:<init>(172)) - new 6b2d4045-7ba8-4a84-8602-e698261d7534@group-F0985A92D6C2-SegmentedRaftLogWorker for RaftStorage:Storage Directory /workdir/hadoop-ozone/integration-test/target/test-dir/MiniOzoneClusterImpl-0d69453a-2620-4e4e-b2d5-320b1f4020d1/datanode-4/data/ratis/db02bd15-dace-457d-a15f-f0985a92d6c2
2019-09-26 16:39:29,380 [pool-317-thread-1] INFO  segmented.SegmentedRaftLogWorker (SegmentedRaftLogWorker.java:<init>(172)) - new 9d99e882-81d2-44b9-a20b-81697c871aa8@group-F0985A92D6C2-SegmentedRaftLogWorker for RaftStorage:Storage Directory /workdir/hadoop-ozone/integration-test/target/test-dir/MiniOzoneClusterImpl-0d69453a-2620-4e4e-b2d5-320b1f4020d1/datanode-5/data/ratis/db02bd15-dace-457d-a15f-f0985a92d6c2
2019-09-26 16:39:29,380 [pool-307-thread-1] INFO  server.RaftServerConfigKeys (ConfUtils.java:logGet(43)) - raft.server.log.queue.byte-limit = 2147483647 (custom)
2019-09-26 16:39:29,380 [pool-347-thread-1] INFO  segmented.SegmentedRaftLogWorker (SegmentedRaftLogWorker.java:lambda$new$0(132)) - 14c88ade-cfd3-469a-b57f-98ec0ca518ca@group-F0985A92D6C2-SegmentedRaftLogWorker: flushIndex: setUnconditionally 0 -> -1
2019-09-26 16:39:29,380 [pool-307-thread-1] INFO  server.RaftServerConfigKeys (ConfUtils.java:logGet(43)) - raft.server.log.queue.element-limit = 1024 (custom)
2019-09-26 16:39:29,380 [pool-317-thread-1] INFO  server.RaftServerConfigKeys (ConfUtils.java:logGet(43)) - raft.server.log.queue.byte-limit = 2147483647 (custom)
2019-09-26 16:39:29,380 [pool-307-thread-1] INFO  server.RaftServerConfigKeys (ConfUtils.java:logGet(43)) - raft.server.log.segment.size.max = 1048576 (custom)
2019-09-26 16:39:29,380 [pool-347-thread-1] INFO  server.RaftServerConfigKeys (ConfUtils.java:logGet(43)) - raft.server.snapshot.auto.trigger.enabled = true (custom)
2019-09-26 16:39:29,381 [pool-307-thread-1] INFO  server.RaftServerConfigKeys (ConfUtils.java:logGet(43)) - raft.server.log.preallocated.size = 16384 (custom)
2019-09-26 16:39:29,380 [pool-317-thread-1] INFO  server.RaftServerConfigKeys (ConfUtils.java:logGet(43)) - raft.server.log.queue.element-limit = 1024 (custom)
2019-09-26 16:39:29,381 [pool-307-thread-1] INFO  server.RaftServerConfigKeys (ConfUtils.java:logGet(43)) - raft.server.log.write.buffer.size = 33554432 (custom)
2019-09-26 16:39:29,381 [pool-347-thread-1] INFO  server.RaftServerConfigKeys (ConfUtils.java:logGet(43)) - raft.server.snapshot.auto.trigger.threshold = 10000 (custom)
2019-09-26 16:39:29,381 [pool-307-thread-1] INFO  server.RaftServerConfigKeys (ConfUtils.java:logGet(43)) - raft.server.log.force.sync.num = 128 (default)
2019-09-26 16:39:29,381 [pool-317-thread-1] INFO  server.RaftServerConfigKeys (ConfUtils.java:logGet(43)) - raft.server.log.segment.size.max = 1048576 (custom)
2019-09-26 16:39:29,381 [pool-307-thread-1] INFO  server.RaftServerConfigKeys (ConfUtils.java:logGet(43)) - raft.server.log.statemachine.data.sync = true (default)
2019-09-26 16:39:29,381 [pool-347-thread-1] INFO  server.RaftServerConfigKeys (ConfUtils.java:logGet(43)) - raft.server.snapshot.retention.num.files = 5 (custom)
2019-09-26 16:39:29,382 [pool-307-thread-1] INFO  server.RaftServerConfigKeys (ConfUtils.java:logGet(43)) - raft.server.log.statemachine.data.sync.timeout = 10s (default)
2019-09-26 16:39:29,381 [pool-317-thread-1] INFO  server.RaftServerConfigKeys (ConfUtils.java:logGet(43)) - raft.server.log.preallocated.size = 16384 (custom)
2019-09-26 16:39:29,382 [pool-307-thread-1] INFO  server.RaftServerConfigKeys (ConfUtils.java:logGet(43)) - raft.server.log.statemachine.data.sync.timeout.retry = -1 (default)
2019-09-26 16:39:29,382 [pool-347-thread-1] INFO  server.RaftServerConfigKeys (ConfUtils.java:logGet(43)) - raft.server.retrycache.expirytime = 600000ms (custom)
2019-09-26 16:39:29,382 [pool-307-thread-1] INFO  server.RaftServerConfigKeys (ConfUtils.java:logGet(43)) - raft.server.log.statemachine.data.caching.enabled = true (custom)
2019-09-26 16:39:29,382 [pool-317-thread-1] INFO  server.RaftServerConfigKeys (ConfUtils.java:logGet(43)) - raft.server.log.write.buffer.size = 33554432 (custom)
2019-09-26 16:39:29,382 [pool-317-thread-1] INFO  server.RaftServerConfigKeys (ConfUtils.java:logGet(43)) - raft.server.log.force.sync.num = 128 (default)
2019-09-26 16:39:29,382 [pool-307-thread-1] INFO  segmented.SegmentedRaftLogWorker (SegmentedRaftLogWorker.java:lambda$new$0(132)) - 6b2d4045-7ba8-4a84-8602-e698261d7534@group-F0985A92D6C2-SegmentedRaftLogWorker: flushIndex: setUnconditionally 0 -> -1
2019-09-26 16:39:29,383 [pool-317-thread-1] INFO  server.RaftServerConfigKeys (ConfUtils.java:logGet(43)) - raft.server.log.statemachine.data.sync = true (default)
2019-09-26 16:39:29,383 [pool-317-thread-1] INFO  server.RaftServerConfigKeys (ConfUtils.java:logGet(43)) - raft.server.log.statemachine.data.sync.timeout = 10s (default)
2019-09-26 16:39:29,383 [pool-307-thread-1] INFO  server.RaftServerConfigKeys (ConfUtils.java:logGet(43)) - raft.server.snapshot.auto.trigger.enabled = true (custom)
2019-09-26 16:39:29,383 [pool-317-thread-1] INFO  server.RaftServerConfigKeys (ConfUtils.java:logGet(43)) - raft.server.log.statemachine.data.sync.timeout.retry = -1 (default)
2019-09-26 16:39:29,383 [pool-307-thread-1] INFO  server.RaftServerConfigKeys (ConfUtils.java:logGet(43)) - raft.server.snapshot.auto.trigger.threshold = 10000 (custom)
2019-09-26 16:39:29,383 [pool-317-thread-1] INFO  server.RaftServerConfigKeys (ConfUtils.java:logGet(43)) - raft.server.log.statemachine.data.caching.enabled = true (custom)
2019-09-26 16:39:29,383 [pool-307-thread-1] INFO  server.RaftServerConfigKeys (ConfUtils.java:logGet(43)) - raft.server.snapshot.retention.num.files = 5 (custom)
2019-09-26 16:39:29,383 [pool-347-thread-1] INFO  impl.RaftServerImpl (RaftServerImpl.java:start(185)) - 14c88ade-cfd3-469a-b57f-98ec0ca518ca@group-F0985A92D6C2: start as a follower, conf=-1: [6b2d4045-7ba8-4a84-8602-e698261d7534:192.168.157.234:33350, 14c88ade-cfd3-469a-b57f-98ec0ca518ca:192.168.157.234:45729, 9d99e882-81d2-44b9-a20b-81697c871aa8:192.168.157.234:36094], old=null
2019-09-26 16:39:29,384 [pool-317-thread-1] INFO  segmented.SegmentedRaftLogWorker (SegmentedRaftLogWorker.java:lambda$new$0(132)) - 9d99e882-81d2-44b9-a20b-81697c871aa8@group-F0985A92D6C2-SegmentedRaftLogWorker: flushIndex: setUnconditionally 0 -> -1
2019-09-26 16:39:29,384 [pool-307-thread-1] INFO  server.RaftServerConfigKeys (ConfUtils.java:logGet(43)) - raft.server.retrycache.expirytime = 600000ms (custom)
2019-09-26 16:39:29,384 [pool-347-thread-1] INFO  impl.RaftServerImpl (RaftServerImpl.java:setRole(174)) - 14c88ade-cfd3-469a-b57f-98ec0ca518ca@group-F0985A92D6C2: changes role from      null to FOLLOWER at term 0 for startAsFollower
2019-09-26 16:39:29,384 [pool-317-thread-1] INFO  server.RaftServerConfigKeys (ConfUtils.java:logGet(43)) - raft.server.snapshot.auto.trigger.enabled = true (custom)
2019-09-26 16:39:29,384 [pool-347-thread-1] INFO  impl.RoleInfo (RoleInfo.java:updateAndGet(143)) - 14c88ade-cfd3-469a-b57f-98ec0ca518ca: start FollowerState
2019-09-26 16:39:29,384 [pool-317-thread-1] INFO  server.RaftServerConfigKeys (ConfUtils.java:logGet(43)) - raft.server.snapshot.auto.trigger.threshold = 10000 (custom)
2019-09-26 16:39:29,384 [pool-317-thread-1] INFO  server.RaftServerConfigKeys (ConfUtils.java:logGet(43)) - raft.server.snapshot.retention.num.files = 5 (custom)
2019-09-26 16:39:29,384 [pool-347-thread-1] INFO  util.JmxRegister (JmxRegister.java:tryRegister(44)) - Successfully registered JMX Bean with object name Ratis:service=RaftServer,group=group-F0985A92D6C2,id=14c88ade-cfd3-469a-b57f-98ec0ca518ca
2019-09-26 16:39:29,385 [pool-317-thread-1] INFO  server.RaftServerConfigKeys (ConfUtils.java:logGet(43)) - raft.server.retrycache.expirytime = 600000ms (custom)
2019-09-26 16:39:29,385 [pool-307-thread-1] INFO  impl.RaftServerImpl (RaftServerImpl.java:start(185)) - 6b2d4045-7ba8-4a84-8602-e698261d7534@group-F0985A92D6C2: start as a follower, conf=-1: [6b2d4045-7ba8-4a84-8602-e698261d7534:192.168.157.234:33350, 14c88ade-cfd3-469a-b57f-98ec0ca518ca:192.168.157.234:45729, 9d99e882-81d2-44b9-a20b-81697c871aa8:192.168.157.234:36094], old=null
2019-09-26 16:39:29,385 [pool-307-thread-1] INFO  impl.RaftServerImpl (RaftServerImpl.java:setRole(174)) - 6b2d4045-7ba8-4a84-8602-e698261d7534@group-F0985A92D6C2: changes role from      null to FOLLOWER at term 0 for startAsFollower
2019-09-26 16:39:29,385 [pool-307-thread-1] INFO  impl.RoleInfo (RoleInfo.java:updateAndGet(143)) - 6b2d4045-7ba8-4a84-8602-e698261d7534: start FollowerState
2019-09-26 16:39:29,388 [pool-307-thread-1] INFO  util.JmxRegister (JmxRegister.java:tryRegister(44)) - Successfully registered JMX Bean with object name Ratis:service=RaftServer,group=group-F0985A92D6C2,id=6b2d4045-7ba8-4a84-8602-e698261d7534
2019-09-26 16:39:29,389 [pool-317-thread-1] INFO  impl.RaftServerImpl (RaftServerImpl.java:start(185)) - 9d99e882-81d2-44b9-a20b-81697c871aa8@group-F0985A92D6C2: start as a follower, conf=-1: [6b2d4045-7ba8-4a84-8602-e698261d7534:192.168.157.234:33350, 14c88ade-cfd3-469a-b57f-98ec0ca518ca:192.168.157.234:45729, 9d99e882-81d2-44b9-a20b-81697c871aa8:192.168.157.234:36094], old=null
2019-09-26 16:39:29,389 [pool-317-thread-1] INFO  impl.RaftServerImpl (RaftServerImpl.java:setRole(174)) - 9d99e882-81d2-44b9-a20b-81697c871aa8@group-F0985A92D6C2: changes role from      null to FOLLOWER at term 0 for startAsFollower
2019-09-26 16:39:29,391 [pool-317-thread-1] INFO  impl.RoleInfo (RoleInfo.java:updateAndGet(143)) - 9d99e882-81d2-44b9-a20b-81697c871aa8: start FollowerState
2019-09-26 16:39:29,392 [pool-317-thread-1] INFO  util.JmxRegister (JmxRegister.java:tryRegister(44)) - Successfully registered JMX Bean with object name Ratis:service=RaftServer,group=group-F0985A92D6C2,id=9d99e882-81d2-44b9-a20b-81697c871aa8
2019-09-26 16:39:29,396 [RatisPipelineUtilsThread] INFO  pipeline.PipelineStateManager (PipelineStateManager.java:addPipeline(56)) - Created pipeline Pipeline[ Id: db02bd15-dace-457d-a15f-f0985a92d6c2, Nodes: 14c88ade-cfd3-469a-b57f-98ec0ca518ca{ip: 192.168.157.234, host: pr-hdds-2162-htzpk-1451759861, networkLocation: /rack1, certSerialId: null}6b2d4045-7ba8-4a84-8602-e698261d7534{ip: 192.168.157.234, host: pr-hdds-2162-htzpk-1451759861, networkLocation: /rack1, certSerialId: null}9d99e882-81d2-44b9-a20b-81697c871aa8{ip: 192.168.157.234, host: pr-hdds-2162-htzpk-1451759861, networkLocation: /rack1, certSerialId: null}, Type:RATIS, Factor:THREE, State:OPEN]
2019-09-26 16:39:29,727 [Thread-4060] INFO  impl.FollowerState (FollowerState.java:run(106)) - a0699d09-a252-4be5-8d0e-c35928e32e7e:group-C1551F901E2F changes to CANDIDATE, lastRpcTime:1099, electionTimeout:1099ms
2019-09-26 16:39:29,728 [Thread-4060] INFO  impl.RoleInfo (RoleInfo.java:shutdownFollowerState(121)) - a0699d09-a252-4be5-8d0e-c35928e32e7e: shutdown FollowerState
2019-09-26 16:39:29,728 [Thread-4060] INFO  impl.RaftServerImpl (RaftServerImpl.java:setRole(174)) - a0699d09-a252-4be5-8d0e-c35928e32e7e@group-C1551F901E2F: changes role from  FOLLOWER to CANDIDATE at term 0 for changeToCandidate
2019-09-26 16:39:29,728 [Thread-4060] INFO  impl.RoleInfo (RoleInfo.java:updateAndGet(143)) - a0699d09-a252-4be5-8d0e-c35928e32e7e: start LeaderElection
2019-09-26 16:39:29,751 [a0699d09-a252-4be5-8d0e-c35928e32e7e@group-C1551F901E2F:LeaderElection46] INFO  impl.LeaderElection (LeaderElection.java:askForVotes(182)) - a0699d09-a252-4be5-8d0e-c35928e32e7e@group-C1551F901E2F:LeaderElection46: begin an election at term 1 for -1: [a0699d09-a252-4be5-8d0e-c35928e32e7e:192.168.157.234:40671], old=null
2019-09-26 16:39:29,754 [a0699d09-a252-4be5-8d0e-c35928e32e7e@group-C1551F901E2F:LeaderElection46] INFO  impl.RoleInfo (RoleInfo.java:shutdownLeaderElection(134)) - a0699d09-a252-4be5-8d0e-c35928e32e7e: shutdown LeaderElection
2019-09-26 16:39:29,755 [a0699d09-a252-4be5-8d0e-c35928e32e7e@group-C1551F901E2F:LeaderElection46] INFO  impl.RaftServerImpl (RaftServerImpl.java:setRole(174)) - a0699d09-a252-4be5-8d0e-c35928e32e7e@group-C1551F901E2F: changes role from CANDIDATE to LEADER at term 1 for changeToLeader
2019-09-26 16:39:29,755 [a0699d09-a252-4be5-8d0e-c35928e32e7e@group-C1551F901E2F:LeaderElection46] INFO  impl.RaftServerImpl (ServerState.java:setLeader(253)) - a0699d09-a252-4be5-8d0e-c35928e32e7e@group-C1551F901E2F: change Leader from null to a0699d09-a252-4be5-8d0e-c35928e32e7e at term 1 for becomeLeader, leader elected after 1134ms
2019-09-26 16:39:29,755 [a0699d09-a252-4be5-8d0e-c35928e32e7e@group-C1551F901E2F:LeaderElection46] INFO  server.RaftServerConfigKeys (ConfUtils.java:logGet(43)) - raft.server.staging.catchup.gap = 1000 (default)
2019-09-26 16:39:29,755 [a0699d09-a252-4be5-8d0e-c35928e32e7e@group-C1551F901E2F:LeaderElection46] INFO  server.RaftServerConfigKeys (ConfUtils.java:logGet(43)) - raft.server.rpc.sleep.time = 25ms (default)
2019-09-26 16:39:29,755 [a0699d09-a252-4be5-8d0e-c35928e32e7e@group-C1551F901E2F:LeaderElection46] INFO  server.RaftServerConfigKeys (ConfUtils.java:logGet(43)) - raft.server.write.element-limit = 4096 (default)
2019-09-26 16:39:29,756 [a0699d09-a252-4be5-8d0e-c35928e32e7e@group-C1551F901E2F:LeaderElection46] INFO  server.RaftServerConfigKeys (ConfUtils.java:logGet(43)) - raft.server.watch.timeout = 10s (default)
2019-09-26 16:39:29,756 [a0699d09-a252-4be5-8d0e-c35928e32e7e@group-C1551F901E2F:LeaderElection46] INFO  server.RaftServerConfigKeys (ConfUtils.java:logGet(43)) - raft.server.watch.timeout.denomination = 1s (default)
2019-09-26 16:39:29,756 [a0699d09-a252-4be5-8d0e-c35928e32e7e@group-C1551F901E2F:LeaderElection46] INFO  server.RaftServerConfigKeys (ConfUtils.java:logGet(43)) - raft.server.watch.element-limit = 65536 (default)
2019-09-26 16:39:29,760 [a0699d09-a252-4be5-8d0e-c35928e32e7e@group-C1551F901E2F:LeaderElection46] INFO  impl.RoleInfo (RoleInfo.java:updateAndGet(143)) - a0699d09-a252-4be5-8d0e-c35928e32e7e: start LeaderState
2019-09-26 16:39:29,760 [a0699d09-a252-4be5-8d0e-c35928e32e7e@group-C1551F901E2F:LeaderElection46] INFO  segmented.SegmentedRaftLogWorker (SegmentedRaftLogWorker.java:startLogSegment(380)) - a0699d09-a252-4be5-8d0e-c35928e32e7e@group-C1551F901E2F-SegmentedRaftLogWorker: Starting segment from index:0
2019-09-26 16:39:29,761 [a0699d09-a252-4be5-8d0e-c35928e32e7e@group-C1551F901E2F:LeaderElection46] INFO  impl.RaftServerImpl (ServerState.java:setRaftConf(354)) - a0699d09-a252-4be5-8d0e-c35928e32e7e@group-C1551F901E2F: set configuration 0: [a0699d09-a252-4be5-8d0e-c35928e32e7e:192.168.157.234:40671], old=null at 0
2019-09-26 16:39:29,776 [Thread-4063] INFO  impl.FollowerState (FollowerState.java:run(106)) - b579823b-1ff0-4207-a8a1-9a9b244cc370:group-AD7A23627404 changes to CANDIDATE, lastRpcTime:1082, electionTimeout:1082ms
2019-09-26 16:39:29,776 [Thread-4063] INFO  impl.RoleInfo (RoleInfo.java:shutdownFollowerState(121)) - b579823b-1ff0-4207-a8a1-9a9b244cc370: shutdown FollowerState
2019-09-26 16:39:29,776 [Thread-4063] INFO  impl.RaftServerImpl (RaftServerImpl.java:setRole(174)) - b579823b-1ff0-4207-a8a1-9a9b244cc370@group-AD7A23627404: changes role from  FOLLOWER to CANDIDATE at term 0 for changeToCandidate
2019-09-26 16:39:29,776 [Thread-4063] INFO  impl.RoleInfo (RoleInfo.java:updateAndGet(143)) - b579823b-1ff0-4207-a8a1-9a9b244cc370: start LeaderElection
2019-09-26 16:39:29,787 [a0699d09-a252-4be5-8d0e-c35928e32e7e@group-C1551F901E2F-SegmentedRaftLogWorker] INFO  segmented.SegmentedRaftLogWorker (SegmentedRaftLogWorker.java:execute(569)) - a0699d09-a252-4be5-8d0e-c35928e32e7e@group-C1551F901E2F-SegmentedRaftLogWorker: created new log segment /workdir/hadoop-ozone/integration-test/target/test-dir/MiniOzoneClusterImpl-0d69453a-2620-4e4e-b2d5-320b1f4020d1/datanode-0/data/ratis/f87860bf-3f4f-4117-a136-c1551f901e2f/current/log_inprogress_0
2019-09-26 16:39:29,790 [b579823b-1ff0-4207-a8a1-9a9b244cc370@group-AD7A23627404:LeaderElection47] INFO  impl.LeaderElection (LeaderElection.java:askForVotes(182)) - b579823b-1ff0-4207-a8a1-9a9b244cc370@group-AD7A23627404:LeaderElection47: begin an election at term 1 for -1: [b579823b-1ff0-4207-a8a1-9a9b244cc370:192.168.157.234:35476], old=null
2019-09-26 16:39:29,791 [b579823b-1ff0-4207-a8a1-9a9b244cc370@group-AD7A23627404:LeaderElection47] INFO  impl.RoleInfo (RoleInfo.java:shutdownLeaderElection(134)) - b579823b-1ff0-4207-a8a1-9a9b244cc370: shutdown LeaderElection
2019-09-26 16:39:29,791 [b579823b-1ff0-4207-a8a1-9a9b244cc370@group-AD7A23627404:LeaderElection47] INFO  impl.RaftServerImpl (RaftServerImpl.java:setRole(174)) - b579823b-1ff0-4207-a8a1-9a9b244cc370@group-AD7A23627404: changes role from CANDIDATE to LEADER at term 1 for changeToLeader
2019-09-26 16:39:29,791 [b579823b-1ff0-4207-a8a1-9a9b244cc370@group-AD7A23627404:LeaderElection47] INFO  impl.RaftServerImpl (ServerState.java:setLeader(253)) - b579823b-1ff0-4207-a8a1-9a9b244cc370@group-AD7A23627404: change Leader from null to b579823b-1ff0-4207-a8a1-9a9b244cc370 at term 1 for becomeLeader, leader elected after 1105ms
2019-09-26 16:39:29,791 [b579823b-1ff0-4207-a8a1-9a9b244cc370@group-AD7A23627404:LeaderElection47] INFO  server.RaftServerConfigKeys (ConfUtils.java:logGet(43)) - raft.server.staging.catchup.gap = 1000 (default)
2019-09-26 16:39:29,791 [b579823b-1ff0-4207-a8a1-9a9b244cc370@group-AD7A23627404:LeaderElection47] INFO  server.RaftServerConfigKeys (ConfUtils.java:logGet(43)) - raft.server.rpc.sleep.time = 25ms (default)
2019-09-26 16:39:29,791 [b579823b-1ff0-4207-a8a1-9a9b244cc370@group-AD7A23627404:LeaderElection47] INFO  server.RaftServerConfigKeys (ConfUtils.java:logGet(43)) - raft.server.write.element-limit = 4096 (default)
2019-09-26 16:39:29,791 [b579823b-1ff0-4207-a8a1-9a9b244cc370@group-AD7A23627404:LeaderElection47] INFO  server.RaftServerConfigKeys (ConfUtils.java:logGet(43)) - raft.server.watch.timeout = 10s (default)
2019-09-26 16:39:29,791 [b579823b-1ff0-4207-a8a1-9a9b244cc370@group-AD7A23627404:LeaderElection47] INFO  server.RaftServerConfigKeys (ConfUtils.java:logGet(43)) - raft.server.watch.timeout.denomination = 1s (default)
2019-09-26 16:39:29,791 [b579823b-1ff0-4207-a8a1-9a9b244cc370@group-AD7A23627404:LeaderElection47] INFO  server.RaftServerConfigKeys (ConfUtils.java:logGet(43)) - raft.server.watch.element-limit = 65536 (default)
2019-09-26 16:39:29,793 [b579823b-1ff0-4207-a8a1-9a9b244cc370@group-AD7A23627404:LeaderElection47] INFO  impl.RoleInfo (RoleInfo.java:updateAndGet(143)) - b579823b-1ff0-4207-a8a1-9a9b244cc370: start LeaderState
2019-09-26 16:39:29,793 [b579823b-1ff0-4207-a8a1-9a9b244cc370@group-AD7A23627404:LeaderElection47] INFO  segmented.SegmentedRaftLogWorker (SegmentedRaftLogWorker.java:startLogSegment(380)) - b579823b-1ff0-4207-a8a1-9a9b244cc370@group-AD7A23627404-SegmentedRaftLogWorker: Starting segment from index:0
2019-09-26 16:39:29,794 [b579823b-1ff0-4207-a8a1-9a9b244cc370@group-AD7A23627404:LeaderElection47] INFO  impl.RaftServerImpl (ServerState.java:setRaftConf(354)) - b579823b-1ff0-4207-a8a1-9a9b244cc370@group-AD7A23627404: set configuration 0: [b579823b-1ff0-4207-a8a1-9a9b244cc370:192.168.157.234:35476], old=null at 0
2019-09-26 16:39:29,822 [b579823b-1ff0-4207-a8a1-9a9b244cc370@group-AD7A23627404-SegmentedRaftLogWorker] INFO  segmented.SegmentedRaftLogWorker (SegmentedRaftLogWorker.java:execute(569)) - b579823b-1ff0-4207-a8a1-9a9b244cc370@group-AD7A23627404-SegmentedRaftLogWorker: created new log segment /workdir/hadoop-ozone/integration-test/target/test-dir/MiniOzoneClusterImpl-0d69453a-2620-4e4e-b2d5-320b1f4020d1/datanode-1/data/ratis/78e4979d-2bf3-4b2c-959d-ad7a23627404/current/log_inprogress_0
2019-09-26 16:39:29,860 [Thread-4066] INFO  impl.FollowerState (FollowerState.java:run(106)) - 654e0914-16db-411e-baa4-1aca811b0f8c:group-E7678D24D90B changes to CANDIDATE, lastRpcTime:1097, electionTimeout:1097ms
2019-09-26 16:39:29,860 [Thread-4066] INFO  impl.RoleInfo (RoleInfo.java:shutdownFollowerState(121)) - 654e0914-16db-411e-baa4-1aca811b0f8c: shutdown FollowerState
2019-09-26 16:39:29,860 [Thread-4066] INFO  impl.RaftServerImpl (RaftServerImpl.java:setRole(174)) - 654e0914-16db-411e-baa4-1aca811b0f8c@group-E7678D24D90B: changes role from  FOLLOWER to CANDIDATE at term 0 for changeToCandidate
2019-09-26 16:39:29,861 [Thread-4066] INFO  impl.RoleInfo (RoleInfo.java:updateAndGet(143)) - 654e0914-16db-411e-baa4-1aca811b0f8c: start LeaderElection
2019-09-26 16:39:29,882 [654e0914-16db-411e-baa4-1aca811b0f8c@group-E7678D24D90B:LeaderElection48] INFO  impl.LeaderElection (LeaderElection.java:askForVotes(182)) - 654e0914-16db-411e-baa4-1aca811b0f8c@group-E7678D24D90B:LeaderElection48: begin an election at term 1 for -1: [654e0914-16db-411e-baa4-1aca811b0f8c:192.168.157.234:41857], old=null
2019-09-26 16:39:29,882 [654e0914-16db-411e-baa4-1aca811b0f8c@group-E7678D24D90B:LeaderElection48] INFO  impl.RoleInfo (RoleInfo.java:shutdownLeaderElection(134)) - 654e0914-16db-411e-baa4-1aca811b0f8c: shutdown LeaderElection
2019-09-26 16:39:29,882 [654e0914-16db-411e-baa4-1aca811b0f8c@group-E7678D24D90B:LeaderElection48] INFO  impl.RaftServerImpl (RaftServerImpl.java:setRole(174)) - 654e0914-16db-411e-baa4-1aca811b0f8c@group-E7678D24D90B: changes role from CANDIDATE to LEADER at term 1 for changeToLeader
2019-09-26 16:39:29,882 [654e0914-16db-411e-baa4-1aca811b0f8c@group-E7678D24D90B:LeaderElection48] INFO  impl.RaftServerImpl (ServerState.java:setLeader(253)) - 654e0914-16db-411e-baa4-1aca811b0f8c@group-E7678D24D90B: change Leader from null to 654e0914-16db-411e-baa4-1aca811b0f8c at term 1 for becomeLeader, leader elected after 1126ms
2019-09-26 16:39:29,883 [654e0914-16db-411e-baa4-1aca811b0f8c@group-E7678D24D90B:LeaderElection48] INFO  server.RaftServerConfigKeys (ConfUtils.java:logGet(43)) - raft.server.staging.catchup.gap = 1000 (default)
2019-09-26 16:39:29,883 [654e0914-16db-411e-baa4-1aca811b0f8c@group-E7678D24D90B:LeaderElection48] INFO  server.RaftServerConfigKeys (ConfUtils.java:logGet(43)) - raft.server.rpc.sleep.time = 25ms (default)
2019-09-26 16:39:29,883 [654e0914-16db-411e-baa4-1aca811b0f8c@group-E7678D24D90B:LeaderElection48] INFO  server.RaftServerConfigKeys (ConfUtils.java:logGet(43)) - raft.server.write.element-limit = 4096 (default)
2019-09-26 16:39:29,883 [654e0914-16db-411e-baa4-1aca811b0f8c@group-E7678D24D90B:LeaderElection48] INFO  server.RaftServerConfigKeys (ConfUtils.java:logGet(43)) - raft.server.watch.timeout = 10s (default)
2019-09-26 16:39:29,883 [654e0914-16db-411e-baa4-1aca811b0f8c@group-E7678D24D90B:LeaderElection48] INFO  server.RaftServerConfigKeys (ConfUtils.java:logGet(43)) - raft.server.watch.timeout.denomination = 1s (default)
2019-09-26 16:39:29,883 [654e0914-16db-411e-baa4-1aca811b0f8c@group-E7678D24D90B:LeaderElection48] INFO  server.RaftServerConfigKeys (ConfUtils.java:logGet(43)) - raft.server.watch.element-limit = 65536 (default)
2019-09-26 16:39:29,885 [654e0914-16db-411e-baa4-1aca811b0f8c@group-E7678D24D90B:LeaderElection48] INFO  impl.RoleInfo (RoleInfo.java:updateAndGet(143)) - 654e0914-16db-411e-baa4-1aca811b0f8c: start LeaderState
2019-09-26 16:39:29,885 [654e0914-16db-411e-baa4-1aca811b0f8c@group-E7678D24D90B:LeaderElection48] INFO  segmented.SegmentedRaftLogWorker (SegmentedRaftLogWorker.java:startLogSegment(380)) - 654e0914-16db-411e-baa4-1aca811b0f8c@group-E7678D24D90B-SegmentedRaftLogWorker: Starting segment from index:0
2019-09-26 16:39:29,886 [654e0914-16db-411e-baa4-1aca811b0f8c@group-E7678D24D90B:LeaderElection48] INFO  impl.RaftServerImpl (ServerState.java:setRaftConf(354)) - 654e0914-16db-411e-baa4-1aca811b0f8c@group-E7678D24D90B: set configuration 0: [654e0914-16db-411e-baa4-1aca811b0f8c:192.168.157.234:41857], old=null at 0
2019-09-26 16:39:29,924 [654e0914-16db-411e-baa4-1aca811b0f8c@group-E7678D24D90B-SegmentedRaftLogWorker] INFO  segmented.SegmentedRaftLogWorker (SegmentedRaftLogWorker.java:execute(569)) - 654e0914-16db-411e-baa4-1aca811b0f8c@group-E7678D24D90B-SegmentedRaftLogWorker: created new log segment /workdir/hadoop-ozone/integration-test/target/test-dir/MiniOzoneClusterImpl-0d69453a-2620-4e4e-b2d5-320b1f4020d1/datanode-2/data/ratis/9eac15e7-5d70-4ed4-908f-e7678d24d90b/current/log_inprogress_0
2019-09-26 16:39:29,935 [Thread-4070] INFO  impl.FollowerState (FollowerState.java:run(106)) - a0699d09-a252-4be5-8d0e-c35928e32e7e:group-560E5D370F76 changes to CANDIDATE, lastRpcTime:1110, electionTimeout:1110ms
2019-09-26 16:39:29,936 [Thread-4070] INFO  impl.RoleInfo (RoleInfo.java:shutdownFollowerState(121)) - a0699d09-a252-4be5-8d0e-c35928e32e7e: shutdown FollowerState
2019-09-26 16:39:29,936 [Thread-4070] INFO  impl.RaftServerImpl (RaftServerImpl.java:setRole(174)) - a0699d09-a252-4be5-8d0e-c35928e32e7e@group-560E5D370F76: changes role from  FOLLOWER to CANDIDATE at term 0 for changeToCandidate
2019-09-26 16:39:29,936 [Thread-4070] INFO  impl.RoleInfo (RoleInfo.java:updateAndGet(143)) - a0699d09-a252-4be5-8d0e-c35928e32e7e: start LeaderElection
2019-09-26 16:39:29,950 [Thread-4078] INFO  impl.FollowerState (FollowerState.java:run(106)) - eb18520e-12e8-4d27-8838-dd2c94abb977:group-2F102EC141BE changes to CANDIDATE, lastRpcTime:1052, electionTimeout:1052ms
2019-09-26 16:39:29,950 [Thread-4078] INFO  impl.RoleInfo (RoleInfo.java:shutdownFollowerState(121)) - eb18520e-12e8-4d27-8838-dd2c94abb977: shutdown FollowerState
2019-09-26 16:39:29,950 [Thread-4078] INFO  impl.RaftServerImpl (RaftServerImpl.java:setRole(174)) - eb18520e-12e8-4d27-8838-dd2c94abb977@group-2F102EC141BE: changes role from  FOLLOWER to CANDIDATE at term 0 for changeToCandidate
2019-09-26 16:39:29,950 [Thread-4078] INFO  impl.RoleInfo (RoleInfo.java:updateAndGet(143)) - eb18520e-12e8-4d27-8838-dd2c94abb977: start LeaderElection
2019-09-26 16:39:29,960 [a0699d09-a252-4be5-8d0e-c35928e32e7e@group-560E5D370F76:LeaderElection49] INFO  impl.LeaderElection (LeaderElection.java:askForVotes(182)) - a0699d09-a252-4be5-8d0e-c35928e32e7e@group-560E5D370F76:LeaderElection49: begin an election at term 1 for -1: [b579823b-1ff0-4207-a8a1-9a9b244cc370:192.168.157.234:35476, 654e0914-16db-411e-baa4-1aca811b0f8c:192.168.157.234:41857, a0699d09-a252-4be5-8d0e-c35928e32e7e:192.168.157.234:40671], old=null
2019-09-26 16:39:29,962 [eb18520e-12e8-4d27-8838-dd2c94abb977@group-2F102EC141BE:LeaderElection50] INFO  impl.LeaderElection (LeaderElection.java:askForVotes(182)) - eb18520e-12e8-4d27-8838-dd2c94abb977@group-2F102EC141BE:LeaderElection50: begin an election at term 1 for -1: [eb18520e-12e8-4d27-8838-dd2c94abb977:192.168.157.234:36334], old=null
2019-09-26 16:39:29,963 [eb18520e-12e8-4d27-8838-dd2c94abb977@group-2F102EC141BE:LeaderElection50] INFO  impl.RoleInfo (RoleInfo.java:shutdownLeaderElection(134)) - eb18520e-12e8-4d27-8838-dd2c94abb977: shutdown LeaderElection
2019-09-26 16:39:29,963 [eb18520e-12e8-4d27-8838-dd2c94abb977@group-2F102EC141BE:LeaderElection50] INFO  impl.RaftServerImpl (RaftServerImpl.java:setRole(174)) - eb18520e-12e8-4d27-8838-dd2c94abb977@group-2F102EC141BE: changes role from CANDIDATE to LEADER at term 1 for changeToLeader
2019-09-26 16:39:29,963 [eb18520e-12e8-4d27-8838-dd2c94abb977@group-2F102EC141BE:LeaderElection50] INFO  impl.RaftServerImpl (ServerState.java:setLeader(253)) - eb18520e-12e8-4d27-8838-dd2c94abb977@group-2F102EC141BE: change Leader from null to eb18520e-12e8-4d27-8838-dd2c94abb977 at term 1 for becomeLeader, leader elected after 1072ms
2019-09-26 16:39:29,963 [eb18520e-12e8-4d27-8838-dd2c94abb977@group-2F102EC141BE:LeaderElection50] INFO  server.RaftServerConfigKeys (ConfUtils.java:logGet(43)) - raft.server.staging.catchup.gap = 1000 (default)
2019-09-26 16:39:29,963 [eb18520e-12e8-4d27-8838-dd2c94abb977@group-2F102EC141BE:LeaderElection50] INFO  server.RaftServerConfigKeys (ConfUtils.java:logGet(43)) - raft.server.rpc.sleep.time = 25ms (default)
2019-09-26 16:39:29,963 [eb18520e-12e8-4d27-8838-dd2c94abb977@group-2F102EC141BE:LeaderElection50] INFO  server.RaftServerConfigKeys (ConfUtils.java:logGet(43)) - raft.server.write.element-limit = 4096 (default)
2019-09-26 16:39:29,964 [eb18520e-12e8-4d27-8838-dd2c94abb977@group-2F102EC141BE:LeaderElection50] INFO  server.RaftServerConfigKeys (ConfUtils.java:logGet(43)) - raft.server.watch.timeout = 10s (default)
2019-09-26 16:39:29,964 [eb18520e-12e8-4d27-8838-dd2c94abb977@group-2F102EC141BE:LeaderElection50] INFO  server.RaftServerConfigKeys (ConfUtils.java:logGet(43)) - raft.server.watch.timeout.denomination = 1s (default)
2019-09-26 16:39:29,964 [eb18520e-12e8-4d27-8838-dd2c94abb977@group-2F102EC141BE:LeaderElection50] INFO  server.RaftServerConfigKeys (ConfUtils.java:logGet(43)) - raft.server.watch.element-limit = 65536 (default)
2019-09-26 16:39:29,965 [eb18520e-12e8-4d27-8838-dd2c94abb977@group-2F102EC141BE:LeaderElection50] INFO  impl.RoleInfo (RoleInfo.java:updateAndGet(143)) - eb18520e-12e8-4d27-8838-dd2c94abb977: start LeaderState
2019-09-26 16:39:29,966 [eb18520e-12e8-4d27-8838-dd2c94abb977@group-2F102EC141BE:LeaderElection50] INFO  segmented.SegmentedRaftLogWorker (SegmentedRaftLogWorker.java:startLogSegment(380)) - eb18520e-12e8-4d27-8838-dd2c94abb977@group-2F102EC141BE-SegmentedRaftLogWorker: Starting segment from index:0
2019-09-26 16:39:29,966 [eb18520e-12e8-4d27-8838-dd2c94abb977@group-2F102EC141BE:LeaderElection50] INFO  impl.RaftServerImpl (ServerState.java:setRaftConf(354)) - eb18520e-12e8-4d27-8838-dd2c94abb977@group-2F102EC141BE: set configuration 0: [eb18520e-12e8-4d27-8838-dd2c94abb977:192.168.157.234:36334], old=null at 0
2019-09-26 16:39:30,005 [grpc-default-executor-2] INFO  impl.RaftServerImpl (RaftServerImpl.java:setRole(174)) - 654e0914-16db-411e-baa4-1aca811b0f8c@group-560E5D370F76: changes role from  FOLLOWER to FOLLOWER at term 1 for recognizeCandidate:a0699d09-a252-4be5-8d0e-c35928e32e7e
2019-09-26 16:39:30,008 [grpc-default-executor-1] INFO  impl.RaftServerImpl (RaftServerImpl.java:setRole(174)) - b579823b-1ff0-4207-a8a1-9a9b244cc370@group-560E5D370F76: changes role from  FOLLOWER to FOLLOWER at term 1 for recognizeCandidate:a0699d09-a252-4be5-8d0e-c35928e32e7e
2019-09-26 16:39:30,009 [grpc-default-executor-2] INFO  impl.RoleInfo (RoleInfo.java:shutdownFollowerState(121)) - 654e0914-16db-411e-baa4-1aca811b0f8c: shutdown FollowerState
2019-09-26 16:39:30,009 [grpc-default-executor-1] INFO  impl.RoleInfo (RoleInfo.java:shutdownFollowerState(121)) - b579823b-1ff0-4207-a8a1-9a9b244cc370: shutdown FollowerState
2019-09-26 16:39:30,009 [Thread-4073] INFO  impl.FollowerState (FollowerState.java:run(115)) - 654e0914-16db-411e-baa4-1aca811b0f8c: FollowerState was interrupted: java.lang.InterruptedException: sleep interrupted
2019-09-26 16:39:30,009 [grpc-default-executor-2] INFO  impl.RoleInfo (RoleInfo.java:updateAndGet(143)) - 654e0914-16db-411e-baa4-1aca811b0f8c: start FollowerState
2019-09-26 16:39:30,009 [grpc-default-executor-1] INFO  impl.RoleInfo (RoleInfo.java:updateAndGet(143)) - b579823b-1ff0-4207-a8a1-9a9b244cc370: start FollowerState
2019-09-26 16:39:30,021 [eb18520e-12e8-4d27-8838-dd2c94abb977@group-2F102EC141BE-SegmentedRaftLogWorker] INFO  segmented.SegmentedRaftLogWorker (SegmentedRaftLogWorker.java:execute(569)) - eb18520e-12e8-4d27-8838-dd2c94abb977@group-2F102EC141BE-SegmentedRaftLogWorker: created new log segment /workdir/hadoop-ozone/integration-test/target/test-dir/MiniOzoneClusterImpl-0d69453a-2620-4e4e-b2d5-320b1f4020d1/datanode-3/data/ratis/dc8d66f3-563e-4079-ad6d-2f102ec141be/current/log_inprogress_0
2019-09-26 16:39:30,032 [Thread-4081] INFO  impl.FollowerState (FollowerState.java:run(106)) - 6b2d4045-7ba8-4a84-8602-e698261d7534:group-889D5284BE8E changes to CANDIDATE, lastRpcTime:1074, electionTimeout:1073ms
2019-09-26 16:39:30,033 [Thread-4081] INFO  impl.RoleInfo (RoleInfo.java:shutdownFollowerState(121)) - 6b2d4045-7ba8-4a84-8602-e698261d7534: shutdown FollowerState
2019-09-26 16:39:30,033 [a0699d09-a252-4be5-8d0e-c35928e32e7e@group-560E5D370F76:LeaderElection49] INFO  impl.LeaderElection (LeaderElection.java:logAndReturn(56)) - a0699d09-a252-4be5-8d0e-c35928e32e7e@group-560E5D370F76:LeaderElection49: Election PASSED; received 1 response(s) [a0699d09-a252-4be5-8d0e-c35928e32e7e<-b579823b-1ff0-4207-a8a1-9a9b244cc370#0:OK-t1] and 0 exception(s); a0699d09-a252-4be5-8d0e-c35928e32e7e@group-560E5D370F76:t1, leader=null, voted=a0699d09-a252-4be5-8d0e-c35928e32e7e, raftlog=a0699d09-a252-4be5-8d0e-c35928e32e7e@group-560E5D370F76-SegmentedRaftLog:OPENED:c-1,f-1,i0, conf=-1: [b579823b-1ff0-4207-a8a1-9a9b244cc370:192.168.157.234:35476, 654e0914-16db-411e-baa4-1aca811b0f8c:192.168.157.234:41857, a0699d09-a252-4be5-8d0e-c35928e32e7e:192.168.157.234:40671], old=null
2019-09-26 16:39:30,034 [a0699d09-a252-4be5-8d0e-c35928e32e7e@group-560E5D370F76:LeaderElection49] INFO  impl.RoleInfo (RoleInfo.java:shutdownLeaderElection(134)) - a0699d09-a252-4be5-8d0e-c35928e32e7e: shutdown LeaderElection
2019-09-26 16:39:30,034 [Thread-4081] INFO  impl.RaftServerImpl (RaftServerImpl.java:setRole(174)) - 6b2d4045-7ba8-4a84-8602-e698261d7534@group-889D5284BE8E: changes role from  FOLLOWER to CANDIDATE at term 0 for changeToCandidate
2019-09-26 16:39:30,037 [a0699d09-a252-4be5-8d0e-c35928e32e7e@group-560E5D370F76:LeaderElection49] INFO  impl.RaftServerImpl (RaftServerImpl.java:setRole(174)) - a0699d09-a252-4be5-8d0e-c35928e32e7e@group-560E5D370F76: changes role from CANDIDATE to LEADER at term 1 for changeToLeader
2019-09-26 16:39:30,038 [a0699d09-a252-4be5-8d0e-c35928e32e7e@group-560E5D370F76:LeaderElection49] INFO  impl.RaftServerImpl (ServerState.java:setLeader(253)) - a0699d09-a252-4be5-8d0e-c35928e32e7e@group-560E5D370F76: change Leader from null to a0699d09-a252-4be5-8d0e-c35928e32e7e at term 1 for becomeLeader, leader elected after 1223ms
2019-09-26 16:39:30,038 [Thread-4081] INFO  impl.RoleInfo (RoleInfo.java:updateAndGet(143)) - 6b2d4045-7ba8-4a84-8602-e698261d7534: start LeaderElection
2019-09-26 16:39:30,038 [a0699d09-a252-4be5-8d0e-c35928e32e7e@group-560E5D370F76:LeaderElection49] INFO  server.RaftServerConfigKeys (ConfUtils.java:logGet(43)) - raft.server.staging.catchup.gap = 1000 (default)
2019-09-26 16:39:30,038 [a0699d09-a252-4be5-8d0e-c35928e32e7e@group-560E5D370F76:LeaderElection49] INFO  server.RaftServerConfigKeys (ConfUtils.java:logGet(43)) - raft.server.rpc.sleep.time = 25ms (default)
2019-09-26 16:39:30,041 [a0699d09-a252-4be5-8d0e-c35928e32e7e@group-560E5D370F76:LeaderElection49] INFO  server.RaftServerConfigKeys (ConfUtils.java:logGet(43)) - raft.server.write.element-limit = 4096 (default)
2019-09-26 16:39:30,047 [a0699d09-a252-4be5-8d0e-c35928e32e7e@group-560E5D370F76:LeaderElection49] INFO  server.RaftServerConfigKeys (ConfUtils.java:logGet(43)) - raft.server.watch.timeout = 10s (default)
2019-09-26 16:39:30,047 [a0699d09-a252-4be5-8d0e-c35928e32e7e@group-560E5D370F76:LeaderElection49] INFO  server.RaftServerConfigKeys (ConfUtils.java:logGet(43)) - raft.server.watch.timeout.denomination = 1s (default)
2019-09-26 16:39:30,047 [a0699d09-a252-4be5-8d0e-c35928e32e7e@group-560E5D370F76:LeaderElection49] INFO  server.RaftServerConfigKeys (ConfUtils.java:logGet(43)) - raft.server.watch.element-limit = 65536 (default)
2019-09-26 16:39:30,051 [a0699d09-a252-4be5-8d0e-c35928e32e7e@group-560E5D370F76:LeaderElection49] INFO  server.RaftServerConfigKeys (ConfUtils.java:logGet(43)) - raft.server.log.appender.snapshot.chunk.size.max = 16MB (=16777216) (default)
2019-09-26 16:39:30,051 [a0699d09-a252-4be5-8d0e-c35928e32e7e@group-560E5D370F76:LeaderElection49] INFO  server.RaftServerConfigKeys (ConfUtils.java:logGet(43)) - raft.server.log.appender.buffer.byte-limit = 33554432 (custom)
2019-09-26 16:39:30,051 [a0699d09-a252-4be5-8d0e-c35928e32e7e@group-560E5D370F76:LeaderElection49] INFO  server.RaftServerConfigKeys (ConfUtils.java:logGet(43)) - raft.server.log.appender.buffer.element-limit = 1 (custom)
2019-09-26 16:39:30,052 [a0699d09-a252-4be5-8d0e-c35928e32e7e@group-560E5D370F76:LeaderElection49] INFO  grpc.GrpcConfigKeys$Server (ConfUtils.java:logGet(43)) - raft.grpc.server.leader.outstanding.appends.max = 128 (default)
2019-09-26 16:39:30,052 [a0699d09-a252-4be5-8d0e-c35928e32e7e@group-560E5D370F76:LeaderElection49] INFO  server.RaftServerConfigKeys (ConfUtils.java:logGet(43)) - raft.server.rpc.request.timeout = 3000ms (default)
2019-09-26 16:39:30,052 [a0699d09-a252-4be5-8d0e-c35928e32e7e@group-560E5D370F76:LeaderElection49] INFO  server.RaftServerConfigKeys (ConfUtils.java:logGet(43)) - raft.server.log.appender.install.snapshot.enabled = false (custom)
2019-09-26 16:39:30,052 [a0699d09-a252-4be5-8d0e-c35928e32e7e@group-560E5D370F76:LeaderElection49] INFO  server.RaftServerConfigKeys (ConfUtils.java:logGet(43)) - raft.server.log.appender.snapshot.chunk.size.max = 16MB (=16777216) (default)
2019-09-26 16:39:30,052 [a0699d09-a252-4be5-8d0e-c35928e32e7e@group-560E5D370F76:LeaderElection49] INFO  server.RaftServerConfigKeys (ConfUtils.java:logGet(43)) - raft.server.log.appender.buffer.byte-limit = 33554432 (custom)
2019-09-26 16:39:30,053 [a0699d09-a252-4be5-8d0e-c35928e32e7e@group-560E5D370F76:LeaderElection49] INFO  server.RaftServerConfigKeys (ConfUtils.java:logGet(43)) - raft.server.log.appender.buffer.element-limit = 1 (custom)
2019-09-26 16:39:30,053 [a0699d09-a252-4be5-8d0e-c35928e32e7e@group-560E5D370F76:LeaderElection49] INFO  grpc.GrpcConfigKeys$Server (ConfUtils.java:logGet(43)) - raft.grpc.server.leader.outstanding.appends.max = 128 (default)
2019-09-26 16:39:30,053 [a0699d09-a252-4be5-8d0e-c35928e32e7e@group-560E5D370F76:LeaderElection49] INFO  server.RaftServerConfigKeys (ConfUtils.java:logGet(43)) - raft.server.rpc.request.timeout = 3000ms (default)
2019-09-26 16:39:30,053 [a0699d09-a252-4be5-8d0e-c35928e32e7e@group-560E5D370F76:LeaderElection49] INFO  server.RaftServerConfigKeys (ConfUtils.java:logGet(43)) - raft.server.log.appender.install.snapshot.enabled = false (custom)
2019-09-26 16:39:30,053 [a0699d09-a252-4be5-8d0e-c35928e32e7e@group-560E5D370F76:LeaderElection49] INFO  impl.RoleInfo (RoleInfo.java:updateAndGet(143)) - a0699d09-a252-4be5-8d0e-c35928e32e7e: start LeaderState
2019-09-26 16:39:30,054 [a0699d09-a252-4be5-8d0e-c35928e32e7e@group-560E5D370F76:LeaderElection49] INFO  segmented.SegmentedRaftLogWorker (SegmentedRaftLogWorker.java:startLogSegment(380)) - a0699d09-a252-4be5-8d0e-c35928e32e7e@group-560E5D370F76-SegmentedRaftLogWorker: Starting segment from index:0
2019-09-26 16:39:30,055 [a0699d09-a252-4be5-8d0e-c35928e32e7e@group-560E5D370F76:LeaderElection49] INFO  impl.RaftServerImpl (ServerState.java:setRaftConf(354)) - a0699d09-a252-4be5-8d0e-c35928e32e7e@group-560E5D370F76: set configuration 0: [b579823b-1ff0-4207-a8a1-9a9b244cc370:192.168.157.234:35476, 654e0914-16db-411e-baa4-1aca811b0f8c:192.168.157.234:41857, a0699d09-a252-4be5-8d0e-c35928e32e7e:192.168.157.234:40671], old=null at 0
2019-09-26 16:39:30,055 [6b2d4045-7ba8-4a84-8602-e698261d7534@group-889D5284BE8E:LeaderElection51] INFO  impl.LeaderElection (LeaderElection.java:askForVotes(182)) - 6b2d4045-7ba8-4a84-8602-e698261d7534@group-889D5284BE8E:LeaderElection51: begin an election at term 1 for -1: [6b2d4045-7ba8-4a84-8602-e698261d7534:192.168.157.234:33350], old=null
2019-09-26 16:39:30,077 [Thread-4084] INFO  impl.FollowerState (FollowerState.java:run(106)) - d3288a9b-14bd-48c9-b698-6bc497213938:group-366C0E5D09EB changes to CANDIDATE, lastRpcTime:1069, electionTimeout:1068ms
2019-09-26 16:39:30,078 [6b2d4045-7ba8-4a84-8602-e698261d7534@group-889D5284BE8E:LeaderElection51] INFO  impl.RoleInfo (RoleInfo.java:shutdownLeaderElection(134)) - 6b2d4045-7ba8-4a84-8602-e698261d7534: shutdown LeaderElection
2019-09-26 16:39:30,078 [Thread-4084] INFO  impl.RoleInfo (RoleInfo.java:shutdownFollowerState(121)) - d3288a9b-14bd-48c9-b698-6bc497213938: shutdown FollowerState
2019-09-26 16:39:30,078 [6b2d4045-7ba8-4a84-8602-e698261d7534@group-889D5284BE8E:LeaderElection51] INFO  impl.RaftServerImpl (RaftServerImpl.java:setRole(174)) - 6b2d4045-7ba8-4a84-8602-e698261d7534@group-889D5284BE8E: changes role from CANDIDATE to LEADER at term 1 for changeToLeader
2019-09-26 16:39:30,078 [Thread-4084] INFO  impl.RaftServerImpl (RaftServerImpl.java:setRole(174)) - d3288a9b-14bd-48c9-b698-6bc497213938@group-366C0E5D09EB: changes role from  FOLLOWER to CANDIDATE at term 0 for changeToCandidate
2019-09-26 16:39:30,079 [6b2d4045-7ba8-4a84-8602-e698261d7534@group-889D5284BE8E:LeaderElection51] INFO  impl.RaftServerImpl (ServerState.java:setLeader(253)) - 6b2d4045-7ba8-4a84-8602-e698261d7534@group-889D5284BE8E: change Leader from null to 6b2d4045-7ba8-4a84-8602-e698261d7534 at term 1 for becomeLeader, leader elected after 1128ms
2019-09-26 16:39:30,079 [Thread-4084] INFO  impl.RoleInfo (RoleInfo.java:updateAndGet(143)) - d3288a9b-14bd-48c9-b698-6bc497213938: start LeaderElection
2019-09-26 16:39:30,079 [6b2d4045-7ba8-4a84-8602-e698261d7534@group-889D5284BE8E:LeaderElection51] INFO  server.RaftServerConfigKeys (ConfUtils.java:logGet(43)) - raft.server.staging.catchup.gap = 1000 (default)
2019-09-26 16:39:30,079 [6b2d4045-7ba8-4a84-8602-e698261d7534@group-889D5284BE8E:LeaderElection51] INFO  server.RaftServerConfigKeys (ConfUtils.java:logGet(43)) - raft.server.rpc.sleep.time = 25ms (default)
2019-09-26 16:39:30,079 [6b2d4045-7ba8-4a84-8602-e698261d7534@group-889D5284BE8E:LeaderElection51] INFO  server.RaftServerConfigKeys (ConfUtils.java:logGet(43)) - raft.server.write.element-limit = 4096 (default)
2019-09-26 16:39:30,083 [6b2d4045-7ba8-4a84-8602-e698261d7534@group-889D5284BE8E:LeaderElection51] INFO  server.RaftServerConfigKeys (ConfUtils.java:logGet(43)) - raft.server.watch.timeout = 10s (default)
2019-09-26 16:39:30,086 [6b2d4045-7ba8-4a84-8602-e698261d7534@group-889D5284BE8E:LeaderElection51] INFO  server.RaftServerConfigKeys (ConfUtils.java:logGet(43)) - raft.server.watch.timeout.denomination = 1s (default)
2019-09-26 16:39:30,086 [6b2d4045-7ba8-4a84-8602-e698261d7534@group-889D5284BE8E:LeaderElection51] INFO  server.RaftServerConfigKeys (ConfUtils.java:logGet(43)) - raft.server.watch.element-limit = 65536 (default)
2019-09-26 16:39:30,086 [grpc-default-executor-1] INFO  impl.RaftServerImpl (ServerState.java:setLeader(253)) - b579823b-1ff0-4207-a8a1-9a9b244cc370@group-560E5D370F76: change Leader from null to a0699d09-a252-4be5-8d0e-c35928e32e7e at term 1 for appendEntries, leader elected after 1271ms
2019-09-26 16:39:30,086 [grpc-default-executor-2] INFO  impl.RaftServerImpl (ServerState.java:setLeader(253)) - 654e0914-16db-411e-baa4-1aca811b0f8c@group-560E5D370F76: change Leader from null to a0699d09-a252-4be5-8d0e-c35928e32e7e at term 1 for appendEntries, leader elected after 1272ms
2019-09-26 16:39:30,091 [6b2d4045-7ba8-4a84-8602-e698261d7534@group-889D5284BE8E:LeaderElection51] INFO  impl.RoleInfo (RoleInfo.java:updateAndGet(143)) - 6b2d4045-7ba8-4a84-8602-e698261d7534: start LeaderState
2019-09-26 16:39:30,091 [6b2d4045-7ba8-4a84-8602-e698261d7534@group-889D5284BE8E:LeaderElection51] INFO  segmented.SegmentedRaftLogWorker (SegmentedRaftLogWorker.java:startLogSegment(380)) - 6b2d4045-7ba8-4a84-8602-e698261d7534@group-889D5284BE8E-SegmentedRaftLogWorker: Starting segment from index:0
2019-09-26 16:39:30,091 [d3288a9b-14bd-48c9-b698-6bc497213938@group-366C0E5D09EB:LeaderElection52] INFO  impl.LeaderElection (LeaderElection.java:askForVotes(182)) - d3288a9b-14bd-48c9-b698-6bc497213938@group-366C0E5D09EB:LeaderElection52: begin an election at term 1 for -1: [d3288a9b-14bd-48c9-b698-6bc497213938:192.168.157.234:38480], old=null
2019-09-26 16:39:30,091 [a0699d09-a252-4be5-8d0e-c35928e32e7e@group-560E5D370F76-SegmentedRaftLogWorker] INFO  segmented.SegmentedRaftLogWorker (SegmentedRaftLogWorker.java:execute(569)) - a0699d09-a252-4be5-8d0e-c35928e32e7e@group-560E5D370F76-SegmentedRaftLogWorker: created new log segment /workdir/hadoop-ozone/integration-test/target/test-dir/MiniOzoneClusterImpl-0d69453a-2620-4e4e-b2d5-320b1f4020d1/datanode-0/data/ratis/1958802a-06a9-4fe6-8b84-560e5d370f76/current/log_inprogress_0
2019-09-26 16:39:30,091 [d3288a9b-14bd-48c9-b698-6bc497213938@group-366C0E5D09EB:LeaderElection52] INFO  impl.RoleInfo (RoleInfo.java:shutdownLeaderElection(134)) - d3288a9b-14bd-48c9-b698-6bc497213938: shutdown LeaderElection
2019-09-26 16:39:30,092 [6b2d4045-7ba8-4a84-8602-e698261d7534@group-889D5284BE8E:LeaderElection51] INFO  impl.RaftServerImpl (ServerState.java:setRaftConf(354)) - 6b2d4045-7ba8-4a84-8602-e698261d7534@group-889D5284BE8E: set configuration 0: [6b2d4045-7ba8-4a84-8602-e698261d7534:192.168.157.234:33350], old=null at 0
2019-09-26 16:39:30,092 [d3288a9b-14bd-48c9-b698-6bc497213938@group-366C0E5D09EB:LeaderElection52] INFO  impl.RaftServerImpl (RaftServerImpl.java:setRole(174)) - d3288a9b-14bd-48c9-b698-6bc497213938@group-366C0E5D09EB: changes role from CANDIDATE to LEADER at term 1 for changeToLeader
2019-09-26 16:39:30,092 [d3288a9b-14bd-48c9-b698-6bc497213938@group-366C0E5D09EB:LeaderElection52] INFO  impl.RaftServerImpl (ServerState.java:setLeader(253)) - d3288a9b-14bd-48c9-b698-6bc497213938@group-366C0E5D09EB: change Leader from null to d3288a9b-14bd-48c9-b698-6bc497213938 at term 1 for becomeLeader, leader elected after 1091ms
2019-09-26 16:39:30,092 [d3288a9b-14bd-48c9-b698-6bc497213938@group-366C0E5D09EB:LeaderElection52] INFO  server.RaftServerConfigKeys (ConfUtils.java:logGet(43)) - raft.server.staging.catchup.gap = 1000 (default)
2019-09-26 16:39:30,092 [d3288a9b-14bd-48c9-b698-6bc497213938@group-366C0E5D09EB:LeaderElection52] INFO  server.RaftServerConfigKeys (ConfUtils.java:logGet(43)) - raft.server.rpc.sleep.time = 25ms (default)
2019-09-26 16:39:30,093 [d3288a9b-14bd-48c9-b698-6bc497213938@group-366C0E5D09EB:LeaderElection52] INFO  server.RaftServerConfigKeys (ConfUtils.java:logGet(43)) - raft.server.write.element-limit = 4096 (default)
2019-09-26 16:39:30,093 [d3288a9b-14bd-48c9-b698-6bc497213938@group-366C0E5D09EB:LeaderElection52] INFO  server.RaftServerConfigKeys (ConfUtils.java:logGet(43)) - raft.server.watch.timeout = 10s (default)
2019-09-26 16:39:30,093 [d3288a9b-14bd-48c9-b698-6bc497213938@group-366C0E5D09EB:LeaderElection52] INFO  server.RaftServerConfigKeys (ConfUtils.java:logGet(43)) - raft.server.watch.timeout.denomination = 1s (default)
2019-09-26 16:39:30,093 [d3288a9b-14bd-48c9-b698-6bc497213938@group-366C0E5D09EB:LeaderElection52] INFO  server.RaftServerConfigKeys (ConfUtils.java:logGet(43)) - raft.server.watch.element-limit = 65536 (default)
2019-09-26 16:39:30,093 [grpc-default-executor-1] INFO  impl.RaftServerImpl (ServerState.java:setRaftConf(354)) - b579823b-1ff0-4207-a8a1-9a9b244cc370@group-560E5D370F76: set configuration 0: [b579823b-1ff0-4207-a8a1-9a9b244cc370:192.168.157.234:35476, 654e0914-16db-411e-baa4-1aca811b0f8c:192.168.157.234:41857, a0699d09-a252-4be5-8d0e-c35928e32e7e:192.168.157.234:40671], old=null at 0
2019-09-26 16:39:30,093 [grpc-default-executor-2] INFO  impl.RaftServerImpl (ServerState.java:setRaftConf(354)) - 654e0914-16db-411e-baa4-1aca811b0f8c@group-560E5D370F76: set configuration 0: [b579823b-1ff0-4207-a8a1-9a9b244cc370:192.168.157.234:35476, 654e0914-16db-411e-baa4-1aca811b0f8c:192.168.157.234:41857, a0699d09-a252-4be5-8d0e-c35928e32e7e:192.168.157.234:40671], old=null at 0
2019-09-26 16:39:30,094 [grpc-default-executor-1] INFO  segmented.SegmentedRaftLogWorker (SegmentedRaftLogWorker.java:startLogSegment(380)) - b579823b-1ff0-4207-a8a1-9a9b244cc370@group-560E5D370F76-SegmentedRaftLogWorker: Starting segment from index:0
2019-09-26 16:39:30,094 [grpc-default-executor-2] INFO  segmented.SegmentedRaftLogWorker (SegmentedRaftLogWorker.java:startLogSegment(380)) - 654e0914-16db-411e-baa4-1aca811b0f8c@group-560E5D370F76-SegmentedRaftLogWorker: Starting segment from index:0
2019-09-26 16:39:30,095 [d3288a9b-14bd-48c9-b698-6bc497213938@group-366C0E5D09EB:LeaderElection52] INFO  impl.RoleInfo (RoleInfo.java:updateAndGet(143)) - d3288a9b-14bd-48c9-b698-6bc497213938: start LeaderState
2019-09-26 16:39:30,096 [d3288a9b-14bd-48c9-b698-6bc497213938@group-366C0E5D09EB:LeaderElection52] INFO  segmented.SegmentedRaftLogWorker (SegmentedRaftLogWorker.java:startLogSegment(380)) - d3288a9b-14bd-48c9-b698-6bc497213938@group-366C0E5D09EB-SegmentedRaftLogWorker: Starting segment from index:0
2019-09-26 16:39:30,097 [d3288a9b-14bd-48c9-b698-6bc497213938@group-366C0E5D09EB:LeaderElection52] INFO  impl.RaftServerImpl (ServerState.java:setRaftConf(354)) - d3288a9b-14bd-48c9-b698-6bc497213938@group-366C0E5D09EB: set configuration 0: [d3288a9b-14bd-48c9-b698-6bc497213938:192.168.157.234:38480], old=null at 0
2019-09-26 16:39:30,124 [d3288a9b-14bd-48c9-b698-6bc497213938@group-366C0E5D09EB-SegmentedRaftLogWorker] INFO  segmented.SegmentedRaftLogWorker (SegmentedRaftLogWorker.java:execute(569)) - d3288a9b-14bd-48c9-b698-6bc497213938@group-366C0E5D09EB-SegmentedRaftLogWorker: created new log segment /workdir/hadoop-ozone/integration-test/target/test-dir/MiniOzoneClusterImpl-0d69453a-2620-4e4e-b2d5-320b1f4020d1/datanode-6/data/ratis/cde62b6a-ab56-475d-bf36-366c0e5d09eb/current/log_inprogress_0
2019-09-26 16:39:30,124 [654e0914-16db-411e-baa4-1aca811b0f8c@group-560E5D370F76-SegmentedRaftLogWorker] INFO  segmented.SegmentedRaftLogWorker (SegmentedRaftLogWorker.java:execute(569)) - 654e0914-16db-411e-baa4-1aca811b0f8c@group-560E5D370F76-SegmentedRaftLogWorker: created new log segment /workdir/hadoop-ozone/integration-test/target/test-dir/MiniOzoneClusterImpl-0d69453a-2620-4e4e-b2d5-320b1f4020d1/datanode-2/data/ratis/1958802a-06a9-4fe6-8b84-560e5d370f76/current/log_inprogress_0
2019-09-26 16:39:30,141 [Thread-4090] INFO  impl.FollowerState (FollowerState.java:run(106)) - d2203589-229f-49c7-81d3-0f09b6714ee4:group-F50039DF2537 changes to CANDIDATE, lastRpcTime:1028, electionTimeout:1028ms
2019-09-26 16:39:30,141 [Thread-4090] INFO  impl.RoleInfo (RoleInfo.java:shutdownFollowerState(121)) - d2203589-229f-49c7-81d3-0f09b6714ee4: shutdown FollowerState
2019-09-26 16:39:30,141 [Thread-4090] INFO  impl.RaftServerImpl (RaftServerImpl.java:setRole(174)) - d2203589-229f-49c7-81d3-0f09b6714ee4@group-F50039DF2537: changes role from  FOLLOWER to CANDIDATE at term 0 for changeToCandidate
2019-09-26 16:39:30,141 [Thread-4090] INFO  impl.RoleInfo (RoleInfo.java:updateAndGet(143)) - d2203589-229f-49c7-81d3-0f09b6714ee4: start LeaderElection
2019-09-26 16:39:30,157 [main] INFO  ozone.MiniOzoneClusterImpl (MiniOzoneClusterImpl.java:lambda$waitForClusterToBeReady$0(147)) - Cluster is ready. Got 10 of 10 DN Heartbeats.
2019-09-26 16:39:30,157 [6b2d4045-7ba8-4a84-8602-e698261d7534@group-889D5284BE8E-SegmentedRaftLogWorker] INFO  segmented.SegmentedRaftLogWorker (SegmentedRaftLogWorker.java:execute(569)) - 6b2d4045-7ba8-4a84-8602-e698261d7534@group-889D5284BE8E-SegmentedRaftLogWorker: created new log segment /workdir/hadoop-ozone/integration-test/target/test-dir/MiniOzoneClusterImpl-0d69453a-2620-4e4e-b2d5-320b1f4020d1/datanode-4/data/ratis/41a26463-40b9-4dcf-8be3-889d5284be8e/current/log_inprogress_0
2019-09-26 16:39:30,157 [b579823b-1ff0-4207-a8a1-9a9b244cc370@group-560E5D370F76-SegmentedRaftLogWorker] INFO  segmented.SegmentedRaftLogWorker (SegmentedRaftLogWorker.java:execute(569)) - b579823b-1ff0-4207-a8a1-9a9b244cc370@group-560E5D370F76-SegmentedRaftLogWorker: created new log segment /workdir/hadoop-ozone/integration-test/target/test-dir/MiniOzoneClusterImpl-0d69453a-2620-4e4e-b2d5-320b1f4020d1/datanode-1/data/ratis/1958802a-06a9-4fe6-8b84-560e5d370f76/current/log_inprogress_0
2019-09-26 16:39:30,176 [d2203589-229f-49c7-81d3-0f09b6714ee4@group-F50039DF2537:LeaderElection53] INFO  impl.LeaderElection (LeaderElection.java:askForVotes(182)) - d2203589-229f-49c7-81d3-0f09b6714ee4@group-F50039DF2537:LeaderElection53: begin an election at term 1 for -1: [d2203589-229f-49c7-81d3-0f09b6714ee4:192.168.157.234:35168], old=null
2019-09-26 16:39:30,176 [d2203589-229f-49c7-81d3-0f09b6714ee4@group-F50039DF2537:LeaderElection53] INFO  impl.RoleInfo (RoleInfo.java:shutdownLeaderElection(134)) - d2203589-229f-49c7-81d3-0f09b6714ee4: shutdown LeaderElection
2019-09-26 16:39:30,176 [d2203589-229f-49c7-81d3-0f09b6714ee4@group-F50039DF2537:LeaderElection53] INFO  impl.RaftServerImpl (RaftServerImpl.java:setRole(174)) - d2203589-229f-49c7-81d3-0f09b6714ee4@group-F50039DF2537: changes role from CANDIDATE to LEADER at term 1 for changeToLeader
2019-09-26 16:39:30,177 [d2203589-229f-49c7-81d3-0f09b6714ee4@group-F50039DF2537:LeaderElection53] INFO  impl.RaftServerImpl (ServerState.java:setLeader(253)) - d2203589-229f-49c7-81d3-0f09b6714ee4@group-F50039DF2537: change Leader from null to d2203589-229f-49c7-81d3-0f09b6714ee4 at term 1 for becomeLeader, leader elected after 1070ms
2019-09-26 16:39:30,177 [d2203589-229f-49c7-81d3-0f09b6714ee4@group-F50039DF2537:LeaderElection53] INFO  server.RaftServerConfigKeys (ConfUtils.java:logGet(43)) - raft.server.staging.catchup.gap = 1000 (default)
2019-09-26 16:39:30,177 [d2203589-229f-49c7-81d3-0f09b6714ee4@group-F50039DF2537:LeaderElection53] INFO  server.RaftServerConfigKeys (ConfUtils.java:logGet(43)) - raft.server.rpc.sleep.time = 25ms (default)
2019-09-26 16:39:30,177 [d2203589-229f-49c7-81d3-0f09b6714ee4@group-F50039DF2537:LeaderElection53] INFO  server.RaftServerConfigKeys (ConfUtils.java:logGet(43)) - raft.server.write.element-limit = 4096 (default)
2019-09-26 16:39:30,177 [d2203589-229f-49c7-81d3-0f09b6714ee4@group-F50039DF2537:LeaderElection53] INFO  server.RaftServerConfigKeys (ConfUtils.java:logGet(43)) - raft.server.watch.timeout = 10s (default)
2019-09-26 16:39:30,177 [d2203589-229f-49c7-81d3-0f09b6714ee4@group-F50039DF2537:LeaderElection53] INFO  server.RaftServerConfigKeys (ConfUtils.java:logGet(43)) - raft.server.watch.timeout.denomination = 1s (default)
2019-09-26 16:39:30,178 [d2203589-229f-49c7-81d3-0f09b6714ee4@group-F50039DF2537:LeaderElection53] INFO  server.RaftServerConfigKeys (ConfUtils.java:logGet(43)) - raft.server.watch.element-limit = 65536 (default)
2019-09-26 16:39:30,179 [d2203589-229f-49c7-81d3-0f09b6714ee4@group-F50039DF2537:LeaderElection53] INFO  impl.RoleInfo (RoleInfo.java:updateAndGet(143)) - d2203589-229f-49c7-81d3-0f09b6714ee4: start LeaderState
2019-09-26 16:39:30,179 [d2203589-229f-49c7-81d3-0f09b6714ee4@group-F50039DF2537:LeaderElection53] INFO  segmented.SegmentedRaftLogWorker (SegmentedRaftLogWorker.java:startLogSegment(380)) - d2203589-229f-49c7-81d3-0f09b6714ee4@group-F50039DF2537-SegmentedRaftLogWorker: Starting segment from index:0
2019-09-26 16:39:30,180 [d2203589-229f-49c7-81d3-0f09b6714ee4@group-F50039DF2537:LeaderElection53] INFO  impl.RaftServerImpl (ServerState.java:setRaftConf(354)) - d2203589-229f-49c7-81d3-0f09b6714ee4@group-F50039DF2537: set configuration 0: [d2203589-229f-49c7-81d3-0f09b6714ee4:192.168.157.234:35168], old=null at 0
2019-09-26 16:39:30,204 [Thread-4087] INFO  impl.FollowerState (FollowerState.java:run(106)) - 9d99e882-81d2-44b9-a20b-81697c871aa8:group-66EF7249BF49 changes to CANDIDATE, lastRpcTime:1142, electionTimeout:1142ms
2019-09-26 16:39:30,204 [Thread-4087] INFO  impl.RoleInfo (RoleInfo.java:shutdownFollowerState(121)) - 9d99e882-81d2-44b9-a20b-81697c871aa8: shutdown FollowerState
2019-09-26 16:39:30,204 [Thread-4087] INFO  impl.RaftServerImpl (RaftServerImpl.java:setRole(174)) - 9d99e882-81d2-44b9-a20b-81697c871aa8@group-66EF7249BF49: changes role from  FOLLOWER to CANDIDATE at term 0 for changeToCandidate
2019-09-26 16:39:30,204 [Thread-4087] INFO  impl.RoleInfo (RoleInfo.java:updateAndGet(143)) - 9d99e882-81d2-44b9-a20b-81697c871aa8: start LeaderElection
2019-09-26 16:39:30,234 [d2203589-229f-49c7-81d3-0f09b6714ee4@group-F50039DF2537-SegmentedRaftLogWorker] INFO  segmented.SegmentedRaftLogWorker (SegmentedRaftLogWorker.java:execute(569)) - d2203589-229f-49c7-81d3-0f09b6714ee4@group-F50039DF2537-SegmentedRaftLogWorker: created new log segment /workdir/hadoop-ozone/integration-test/target/test-dir/MiniOzoneClusterImpl-0d69453a-2620-4e4e-b2d5-320b1f4020d1/datanode-7/data/ratis/b177b2f9-7e88-434c-9d3f-f50039df2537/current/log_inprogress_0
2019-09-26 16:39:30,235 [9d99e882-81d2-44b9-a20b-81697c871aa8@group-66EF7249BF49:LeaderElection54] INFO  impl.LeaderElection (LeaderElection.java:askForVotes(182)) - 9d99e882-81d2-44b9-a20b-81697c871aa8@group-66EF7249BF49:LeaderElection54: begin an election at term 1 for -1: [9d99e882-81d2-44b9-a20b-81697c871aa8:192.168.157.234:36094], old=null
2019-09-26 16:39:30,235 [9d99e882-81d2-44b9-a20b-81697c871aa8@group-66EF7249BF49:LeaderElection54] INFO  impl.RoleInfo (RoleInfo.java:shutdownLeaderElection(134)) - 9d99e882-81d2-44b9-a20b-81697c871aa8: shutdown LeaderElection
2019-09-26 16:39:30,235 [9d99e882-81d2-44b9-a20b-81697c871aa8@group-66EF7249BF49:LeaderElection54] INFO  impl.RaftServerImpl (RaftServerImpl.java:setRole(174)) - 9d99e882-81d2-44b9-a20b-81697c871aa8@group-66EF7249BF49: changes role from CANDIDATE to LEADER at term 1 for changeToLeader
2019-09-26 16:39:30,235 [9d99e882-81d2-44b9-a20b-81697c871aa8@group-66EF7249BF49:LeaderElection54] INFO  impl.RaftServerImpl (ServerState.java:setLeader(253)) - 9d99e882-81d2-44b9-a20b-81697c871aa8@group-66EF7249BF49: change Leader from null to 9d99e882-81d2-44b9-a20b-81697c871aa8 at term 1 for becomeLeader, leader elected after 1180ms
2019-09-26 16:39:30,235 [9d99e882-81d2-44b9-a20b-81697c871aa8@group-66EF7249BF49:LeaderElection54] INFO  server.RaftServerConfigKeys (ConfUtils.java:logGet(43)) - raft.server.staging.catchup.gap = 1000 (default)
2019-09-26 16:39:30,235 [9d99e882-81d2-44b9-a20b-81697c871aa8@group-66EF7249BF49:LeaderElection54] INFO  server.RaftServerConfigKeys (ConfUtils.java:logGet(43)) - raft.server.rpc.sleep.time = 25ms (default)
2019-09-26 16:39:30,236 [9d99e882-81d2-44b9-a20b-81697c871aa8@group-66EF7249BF49:LeaderElection54] INFO  server.RaftServerConfigKeys (ConfUtils.java:logGet(43)) - raft.server.write.element-limit = 4096 (default)
2019-09-26 16:39:30,236 [9d99e882-81d2-44b9-a20b-81697c871aa8@group-66EF7249BF49:LeaderElection54] INFO  server.RaftServerConfigKeys (ConfUtils.java:logGet(43)) - raft.server.watch.timeout = 10s (default)
2019-09-26 16:39:30,236 [9d99e882-81d2-44b9-a20b-81697c871aa8@group-66EF7249BF49:LeaderElection54] INFO  server.RaftServerConfigKeys (ConfUtils.java:logGet(43)) - raft.server.watch.timeout.denomination = 1s (default)
2019-09-26 16:39:30,236 [9d99e882-81d2-44b9-a20b-81697c871aa8@group-66EF7249BF49:LeaderElection54] INFO  server.RaftServerConfigKeys (ConfUtils.java:logGet(43)) - raft.server.watch.element-limit = 65536 (default)
2019-09-26 16:39:30,238 [9d99e882-81d2-44b9-a20b-81697c871aa8@group-66EF7249BF49:LeaderElection54] INFO  impl.RoleInfo (RoleInfo.java:updateAndGet(143)) - 9d99e882-81d2-44b9-a20b-81697c871aa8: start LeaderState
2019-09-26 16:39:30,238 [9d99e882-81d2-44b9-a20b-81697c871aa8@group-66EF7249BF49:LeaderElection54] INFO  segmented.SegmentedRaftLogWorker (SegmentedRaftLogWorker.java:startLogSegment(380)) - 9d99e882-81d2-44b9-a20b-81697c871aa8@group-66EF7249BF49-SegmentedRaftLogWorker: Starting segment from index:0
2019-09-26 16:39:30,239 [9d99e882-81d2-44b9-a20b-81697c871aa8@group-66EF7249BF49:LeaderElection54] INFO  impl.RaftServerImpl (ServerState.java:setRaftConf(354)) - 9d99e882-81d2-44b9-a20b-81697c871aa8@group-66EF7249BF49: set configuration 0: [9d99e882-81d2-44b9-a20b-81697c871aa8:192.168.157.234:36094], old=null at 0
2019-09-26 16:39:30,241 [Thread-4093] INFO  impl.FollowerState (FollowerState.java:run(106)) - 14c88ade-cfd3-469a-b57f-98ec0ca518ca:group-B7B9EBAA3882 changes to CANDIDATE, lastRpcTime:1037, electionTimeout:1037ms
2019-09-26 16:39:30,241 [Thread-4093] INFO  impl.RoleInfo (RoleInfo.java:shutdownFollowerState(121)) - 14c88ade-cfd3-469a-b57f-98ec0ca518ca: shutdown FollowerState
2019-09-26 16:39:30,242 [Thread-4093] INFO  impl.RaftServerImpl (RaftServerImpl.java:setRole(174)) - 14c88ade-cfd3-469a-b57f-98ec0ca518ca@group-B7B9EBAA3882: changes role from  FOLLOWER to CANDIDATE at term 0 for changeToCandidate
2019-09-26 16:39:30,242 [Thread-4093] INFO  impl.RoleInfo (RoleInfo.java:updateAndGet(143)) - 14c88ade-cfd3-469a-b57f-98ec0ca518ca: start LeaderElection
2019-09-26 16:39:30,295 [9d99e882-81d2-44b9-a20b-81697c871aa8@group-66EF7249BF49-SegmentedRaftLogWorker] INFO  segmented.SegmentedRaftLogWorker (SegmentedRaftLogWorker.java:execute(569)) - 9d99e882-81d2-44b9-a20b-81697c871aa8@group-66EF7249BF49-SegmentedRaftLogWorker: created new log segment /workdir/hadoop-ozone/integration-test/target/test-dir/MiniOzoneClusterImpl-0d69453a-2620-4e4e-b2d5-320b1f4020d1/datanode-5/data/ratis/36b73472-8e1e-4982-bc41-66ef7249bf49/current/log_inprogress_0
2019-09-26 16:39:30,295 [14c88ade-cfd3-469a-b57f-98ec0ca518ca@group-B7B9EBAA3882:LeaderElection55] INFO  impl.LeaderElection (LeaderElection.java:askForVotes(182)) - 14c88ade-cfd3-469a-b57f-98ec0ca518ca@group-B7B9EBAA3882:LeaderElection55: begin an election at term 1 for -1: [14c88ade-cfd3-469a-b57f-98ec0ca518ca:192.168.157.234:45729], old=null
2019-09-26 16:39:30,296 [14c88ade-cfd3-469a-b57f-98ec0ca518ca@group-B7B9EBAA3882:LeaderElection55] INFO  impl.RoleInfo (RoleInfo.java:shutdownLeaderElection(134)) - 14c88ade-cfd3-469a-b57f-98ec0ca518ca: shutdown LeaderElection
2019-09-26 16:39:30,296 [14c88ade-cfd3-469a-b57f-98ec0ca518ca@group-B7B9EBAA3882:LeaderElection55] INFO  impl.RaftServerImpl (RaftServerImpl.java:setRole(174)) - 14c88ade-cfd3-469a-b57f-98ec0ca518ca@group-B7B9EBAA3882: changes role from CANDIDATE to LEADER at term 1 for changeToLeader
2019-09-26 16:39:30,296 [14c88ade-cfd3-469a-b57f-98ec0ca518ca@group-B7B9EBAA3882:LeaderElection55] INFO  impl.RaftServerImpl (ServerState.java:setLeader(253)) - 14c88ade-cfd3-469a-b57f-98ec0ca518ca@group-B7B9EBAA3882: change Leader from null to 14c88ade-cfd3-469a-b57f-98ec0ca518ca at term 1 for becomeLeader, leader elected after 1098ms
2019-09-26 16:39:30,296 [14c88ade-cfd3-469a-b57f-98ec0ca518ca@group-B7B9EBAA3882:LeaderElection55] INFO  server.RaftServerConfigKeys (ConfUtils.java:logGet(43)) - raft.server.staging.catchup.gap = 1000 (default)
2019-09-26 16:39:30,296 [14c88ade-cfd3-469a-b57f-98ec0ca518ca@group-B7B9EBAA3882:LeaderElection55] INFO  server.RaftServerConfigKeys (ConfUtils.java:logGet(43)) - raft.server.rpc.sleep.time = 25ms (default)
2019-09-26 16:39:30,296 [14c88ade-cfd3-469a-b57f-98ec0ca518ca@group-B7B9EBAA3882:LeaderElection55] INFO  server.RaftServerConfigKeys (ConfUtils.java:logGet(43)) - raft.server.write.element-limit = 4096 (default)
2019-09-26 16:39:30,297 [14c88ade-cfd3-469a-b57f-98ec0ca518ca@group-B7B9EBAA3882:LeaderElection55] INFO  server.RaftServerConfigKeys (ConfUtils.java:logGet(43)) - raft.server.watch.timeout = 10s (default)
2019-09-26 16:39:30,297 [14c88ade-cfd3-469a-b57f-98ec0ca518ca@group-B7B9EBAA3882:LeaderElection55] INFO  server.RaftServerConfigKeys (ConfUtils.java:logGet(43)) - raft.server.watch.timeout.denomination = 1s (default)
2019-09-26 16:39:30,297 [14c88ade-cfd3-469a-b57f-98ec0ca518ca@group-B7B9EBAA3882:LeaderElection55] INFO  server.RaftServerConfigKeys (ConfUtils.java:logGet(43)) - raft.server.watch.element-limit = 65536 (default)
2019-09-26 16:39:30,299 [14c88ade-cfd3-469a-b57f-98ec0ca518ca@group-B7B9EBAA3882:LeaderElection55] INFO  impl.RoleInfo (RoleInfo.java:updateAndGet(143)) - 14c88ade-cfd3-469a-b57f-98ec0ca518ca: start LeaderState
2019-09-26 16:39:30,299 [14c88ade-cfd3-469a-b57f-98ec0ca518ca@group-B7B9EBAA3882:LeaderElection55] INFO  segmented.SegmentedRaftLogWorker (SegmentedRaftLogWorker.java:startLogSegment(380)) - 14c88ade-cfd3-469a-b57f-98ec0ca518ca@group-B7B9EBAA3882-SegmentedRaftLogWorker: Starting segment from index:0
2019-09-26 16:39:30,300 [14c88ade-cfd3-469a-b57f-98ec0ca518ca@group-B7B9EBAA3882:LeaderElection55] INFO  impl.RaftServerImpl (ServerState.java:setRaftConf(354)) - 14c88ade-cfd3-469a-b57f-98ec0ca518ca@group-B7B9EBAA3882: set configuration 0: [14c88ade-cfd3-469a-b57f-98ec0ca518ca:192.168.157.234:45729], old=null at 0
2019-09-26 16:39:30,351 [14c88ade-cfd3-469a-b57f-98ec0ca518ca@group-B7B9EBAA3882-SegmentedRaftLogWorker] INFO  segmented.SegmentedRaftLogWorker (SegmentedRaftLogWorker.java:execute(569)) - 14c88ade-cfd3-469a-b57f-98ec0ca518ca@group-B7B9EBAA3882-SegmentedRaftLogWorker: created new log segment /workdir/hadoop-ozone/integration-test/target/test-dir/MiniOzoneClusterImpl-0d69453a-2620-4e4e-b2d5-320b1f4020d1/datanode-8/data/ratis/4c9d90f0-412a-42dd-a66b-b7b9ebaa3882/current/log_inprogress_0
2019-09-26 16:39:30,401 [Thread-4096] INFO  impl.FollowerState (FollowerState.java:run(106)) - 348490e5-42cf-4351-bcb2-b161fe6117cc:group-0F074CD4E20A changes to CANDIDATE, lastRpcTime:1148, electionTimeout:1148ms
2019-09-26 16:39:30,401 [Thread-4096] INFO  impl.RoleInfo (RoleInfo.java:shutdownFollowerState(121)) - 348490e5-42cf-4351-bcb2-b161fe6117cc: shutdown FollowerState
2019-09-26 16:39:30,402 [Thread-4096] INFO  impl.RaftServerImpl (RaftServerImpl.java:setRole(174)) - 348490e5-42cf-4351-bcb2-b161fe6117cc@group-0F074CD4E20A: changes role from  FOLLOWER to CANDIDATE at term 0 for changeToCandidate
2019-09-26 16:39:30,402 [Thread-4096] INFO  impl.RoleInfo (RoleInfo.java:updateAndGet(143)) - 348490e5-42cf-4351-bcb2-b161fe6117cc: start LeaderElection
2019-09-26 16:39:30,406 [Thread-4109] INFO  impl.FollowerState (FollowerState.java:run(106)) - 14c88ade-cfd3-469a-b57f-98ec0ca518ca:group-F0985A92D6C2 changes to CANDIDATE, lastRpcTime:1021, electionTimeout:1021ms
2019-09-26 16:39:30,409 [Thread-4109] INFO  impl.RoleInfo (RoleInfo.java:shutdownFollowerState(121)) - 14c88ade-cfd3-469a-b57f-98ec0ca518ca: shutdown FollowerState
2019-09-26 16:39:30,410 [Thread-4109] INFO  impl.RaftServerImpl (RaftServerImpl.java:setRole(174)) - 14c88ade-cfd3-469a-b57f-98ec0ca518ca@group-F0985A92D6C2: changes role from  FOLLOWER to CANDIDATE at term 0 for changeToCandidate
2019-09-26 16:39:30,410 [Thread-4109] INFO  impl.RoleInfo (RoleInfo.java:updateAndGet(143)) - 14c88ade-cfd3-469a-b57f-98ec0ca518ca: start LeaderElection
2019-09-26 16:39:30,416 [Thread-4112] INFO  impl.FollowerState (FollowerState.java:run(106)) - 6b2d4045-7ba8-4a84-8602-e698261d7534:group-F0985A92D6C2 changes to CANDIDATE, lastRpcTime:1030, electionTimeout:1028ms
2019-09-26 16:39:30,416 [Thread-4112] INFO  impl.RoleInfo (RoleInfo.java:shutdownFollowerState(121)) - 6b2d4045-7ba8-4a84-8602-e698261d7534: shutdown FollowerState
2019-09-26 16:39:30,416 [Thread-4112] INFO  impl.RaftServerImpl (RaftServerImpl.java:setRole(174)) - 6b2d4045-7ba8-4a84-8602-e698261d7534@group-F0985A92D6C2: changes role from  FOLLOWER to CANDIDATE at term 0 for changeToCandidate
2019-09-26 16:39:30,417 [Thread-4112] INFO  impl.RoleInfo (RoleInfo.java:updateAndGet(143)) - 6b2d4045-7ba8-4a84-8602-e698261d7534: start LeaderElection
2019-09-26 16:39:30,423 [14c88ade-cfd3-469a-b57f-98ec0ca518ca@group-F0985A92D6C2:LeaderElection57] INFO  impl.LeaderElection (LeaderElection.java:askForVotes(182)) - 14c88ade-cfd3-469a-b57f-98ec0ca518ca@group-F0985A92D6C2:LeaderElection57: begin an election at term 1 for -1: [6b2d4045-7ba8-4a84-8602-e698261d7534:192.168.157.234:33350, 14c88ade-cfd3-469a-b57f-98ec0ca518ca:192.168.157.234:45729, 9d99e882-81d2-44b9-a20b-81697c871aa8:192.168.157.234:36094], old=null
2019-09-26 16:39:30,423 [348490e5-42cf-4351-bcb2-b161fe6117cc@group-0F074CD4E20A:LeaderElection56] INFO  impl.LeaderElection (LeaderElection.java:askForVotes(182)) - 348490e5-42cf-4351-bcb2-b161fe6117cc@group-0F074CD4E20A:LeaderElection56: begin an election at term 1 for -1: [348490e5-42cf-4351-bcb2-b161fe6117cc:192.168.157.234:35669], old=null
2019-09-26 16:39:30,424 [348490e5-42cf-4351-bcb2-b161fe6117cc@group-0F074CD4E20A:LeaderElection56] INFO  impl.RoleInfo (RoleInfo.java:shutdownLeaderElection(134)) - 348490e5-42cf-4351-bcb2-b161fe6117cc: shutdown LeaderElection
2019-09-26 16:39:30,424 [348490e5-42cf-4351-bcb2-b161fe6117cc@group-0F074CD4E20A:LeaderElection56] INFO  impl.RaftServerImpl (RaftServerImpl.java:setRole(174)) - 348490e5-42cf-4351-bcb2-b161fe6117cc@group-0F074CD4E20A: changes role from CANDIDATE to LEADER at term 1 for changeToLeader
2019-09-26 16:39:30,424 [348490e5-42cf-4351-bcb2-b161fe6117cc@group-0F074CD4E20A:LeaderElection56] INFO  impl.RaftServerImpl (ServerState.java:setLeader(253)) - 348490e5-42cf-4351-bcb2-b161fe6117cc@group-0F074CD4E20A: change Leader from null to 348490e5-42cf-4351-bcb2-b161fe6117cc at term 1 for becomeLeader, leader elected after 1177ms
2019-09-26 16:39:30,424 [348490e5-42cf-4351-bcb2-b161fe6117cc@group-0F074CD4E20A:LeaderElection56] INFO  server.RaftServerConfigKeys (ConfUtils.java:logGet(43)) - raft.server.staging.catchup.gap = 1000 (default)
2019-09-26 16:39:30,424 [348490e5-42cf-4351-bcb2-b161fe6117cc@group-0F074CD4E20A:LeaderElection56] INFO  server.RaftServerConfigKeys (ConfUtils.java:logGet(43)) - raft.server.rpc.sleep.time = 25ms (default)
2019-09-26 16:39:30,425 [348490e5-42cf-4351-bcb2-b161fe6117cc@group-0F074CD4E20A:LeaderElection56] INFO  server.RaftServerConfigKeys (ConfUtils.java:logGet(43)) - raft.server.write.element-limit = 4096 (default)
2019-09-26 16:39:30,425 [348490e5-42cf-4351-bcb2-b161fe6117cc@group-0F074CD4E20A:LeaderElection56] INFO  server.RaftServerConfigKeys (ConfUtils.java:logGet(43)) - raft.server.watch.timeout = 10s (default)
2019-09-26 16:39:30,425 [348490e5-42cf-4351-bcb2-b161fe6117cc@group-0F074CD4E20A:LeaderElection56] INFO  server.RaftServerConfigKeys (ConfUtils.java:logGet(43)) - raft.server.watch.timeout.denomination = 1s (default)
2019-09-26 16:39:30,425 [348490e5-42cf-4351-bcb2-b161fe6117cc@group-0F074CD4E20A:LeaderElection56] INFO  server.RaftServerConfigKeys (ConfUtils.java:logGet(43)) - raft.server.watch.element-limit = 65536 (default)
2019-09-26 16:39:30,430 [348490e5-42cf-4351-bcb2-b161fe6117cc@group-0F074CD4E20A:LeaderElection56] INFO  impl.RoleInfo (RoleInfo.java:updateAndGet(143)) - 348490e5-42cf-4351-bcb2-b161fe6117cc: start LeaderState
2019-09-26 16:39:30,431 [348490e5-42cf-4351-bcb2-b161fe6117cc@group-0F074CD4E20A:LeaderElection56] INFO  segmented.SegmentedRaftLogWorker (SegmentedRaftLogWorker.java:startLogSegment(380)) - 348490e5-42cf-4351-bcb2-b161fe6117cc@group-0F074CD4E20A-SegmentedRaftLogWorker: Starting segment from index:0
2019-09-26 16:39:30,431 [348490e5-42cf-4351-bcb2-b161fe6117cc@group-0F074CD4E20A:LeaderElection56] INFO  impl.RaftServerImpl (ServerState.java:setRaftConf(354)) - 348490e5-42cf-4351-bcb2-b161fe6117cc@group-0F074CD4E20A: set configuration 0: [348490e5-42cf-4351-bcb2-b161fe6117cc:192.168.157.234:35669], old=null at 0
2019-09-26 16:39:30,453 [grpc-default-executor-1] INFO  impl.RaftServerImpl (RaftServerImpl.java:setRole(174)) - 9d99e882-81d2-44b9-a20b-81697c871aa8@group-F0985A92D6C2: changes role from  FOLLOWER to FOLLOWER at term 1 for recognizeCandidate:14c88ade-cfd3-469a-b57f-98ec0ca518ca
2019-09-26 16:39:30,458 [grpc-default-executor-1] INFO  impl.RoleInfo (RoleInfo.java:shutdownFollowerState(121)) - 9d99e882-81d2-44b9-a20b-81697c871aa8: shutdown FollowerState
2019-09-26 16:39:30,457 [6b2d4045-7ba8-4a84-8602-e698261d7534@group-F0985A92D6C2:LeaderElection58] INFO  impl.LeaderElection (LeaderElection.java:askForVotes(182)) - 6b2d4045-7ba8-4a84-8602-e698261d7534@group-F0985A92D6C2:LeaderElection58: begin an election at term 1 for -1: [6b2d4045-7ba8-4a84-8602-e698261d7534:192.168.157.234:33350, 14c88ade-cfd3-469a-b57f-98ec0ca518ca:192.168.157.234:45729, 9d99e882-81d2-44b9-a20b-81697c871aa8:192.168.157.234:36094], old=null
2019-09-26 16:39:30,458 [grpc-default-executor-1] INFO  impl.RoleInfo (RoleInfo.java:updateAndGet(143)) - 9d99e882-81d2-44b9-a20b-81697c871aa8: start FollowerState
2019-09-26 16:39:30,463 [Thread-4102] INFO  impl.FollowerState (FollowerState.java:run(106)) - 348490e5-42cf-4351-bcb2-b161fe6117cc:group-65BB8CEB6BF0 changes to CANDIDATE, lastRpcTime:1147, electionTimeout:1145ms
2019-09-26 16:39:30,463 [Thread-4102] INFO  impl.RoleInfo (RoleInfo.java:shutdownFollowerState(121)) - 348490e5-42cf-4351-bcb2-b161fe6117cc: shutdown FollowerState
2019-09-26 16:39:30,463 [Thread-4102] INFO  impl.RaftServerImpl (RaftServerImpl.java:setRole(174)) - 348490e5-42cf-4351-bcb2-b161fe6117cc@group-65BB8CEB6BF0: changes role from  FOLLOWER to CANDIDATE at term 0 for changeToCandidate
2019-09-26 16:39:30,463 [Thread-4102] INFO  impl.RoleInfo (RoleInfo.java:updateAndGet(143)) - 348490e5-42cf-4351-bcb2-b161fe6117cc: start LeaderElection
2019-09-26 16:39:30,471 [348490e5-42cf-4351-bcb2-b161fe6117cc@group-0F074CD4E20A-SegmentedRaftLogWorker] INFO  segmented.SegmentedRaftLogWorker (SegmentedRaftLogWorker.java:execute(569)) - 348490e5-42cf-4351-bcb2-b161fe6117cc@group-0F074CD4E20A-SegmentedRaftLogWorker: created new log segment /workdir/hadoop-ozone/integration-test/target/test-dir/MiniOzoneClusterImpl-0d69453a-2620-4e4e-b2d5-320b1f4020d1/datanode-9/data/ratis/860781b9-97f3-4571-a74c-0f074cd4e20a/current/log_inprogress_0
2019-09-26 16:39:30,475 [Thread-4100] INFO  impl.FollowerState (FollowerState.java:run(106)) - eb18520e-12e8-4d27-8838-dd2c94abb977:group-65BB8CEB6BF0 changes to CANDIDATE, lastRpcTime:1160, electionTimeout:1159ms
2019-09-26 16:39:30,475 [Thread-4100] INFO  impl.RoleInfo (RoleInfo.java:shutdownFollowerState(121)) - eb18520e-12e8-4d27-8838-dd2c94abb977: shutdown FollowerState
2019-09-26 16:39:30,475 [348490e5-42cf-4351-bcb2-b161fe6117cc@group-65BB8CEB6BF0:LeaderElection59] INFO  impl.LeaderElection (LeaderElection.java:askForVotes(182)) - 348490e5-42cf-4351-bcb2-b161fe6117cc@group-65BB8CEB6BF0:LeaderElection59: begin an election at term 1 for -1: [348490e5-42cf-4351-bcb2-b161fe6117cc:192.168.157.234:35669, d3288a9b-14bd-48c9-b698-6bc497213938:192.168.157.234:38480, eb18520e-12e8-4d27-8838-dd2c94abb977:192.168.157.234:36334], old=null
2019-09-26 16:39:30,475 [14c88ade-cfd3-469a-b57f-98ec0ca518ca@group-F0985A92D6C2:LeaderElection57] INFO  impl.LeaderElection (LeaderElection.java:logAndReturn(56)) - 14c88ade-cfd3-469a-b57f-98ec0ca518ca@group-F0985A92D6C2:LeaderElection57: Election PASSED; received 2 response(s) [14c88ade-cfd3-469a-b57f-98ec0ca518ca<-6b2d4045-7ba8-4a84-8602-e698261d7534#0:FAIL-t1, 14c88ade-cfd3-469a-b57f-98ec0ca518ca<-9d99e882-81d2-44b9-a20b-81697c871aa8#0:OK-t1] and 0 exception(s); 14c88ade-cfd3-469a-b57f-98ec0ca518ca@group-F0985A92D6C2:t1, leader=null, voted=14c88ade-cfd3-469a-b57f-98ec0ca518ca, raftlog=14c88ade-cfd3-469a-b57f-98ec0ca518ca@group-F0985A92D6C2-SegmentedRaftLog:OPENED:c-1,f-1,i0, conf=-1: [6b2d4045-7ba8-4a84-8602-e698261d7534:192.168.157.234:33350, 14c88ade-cfd3-469a-b57f-98ec0ca518ca:192.168.157.234:45729, 9d99e882-81d2-44b9-a20b-81697c871aa8:192.168.157.234:36094], old=null
2019-09-26 16:39:30,475 [Thread-4100] INFO  impl.RaftServerImpl (RaftServerImpl.java:setRole(174)) - eb18520e-12e8-4d27-8838-dd2c94abb977@group-65BB8CEB6BF0: changes role from  FOLLOWER to CANDIDATE at term 0 for changeToCandidate
2019-09-26 16:39:30,476 [Thread-4100] INFO  impl.RoleInfo (RoleInfo.java:updateAndGet(143)) - eb18520e-12e8-4d27-8838-dd2c94abb977: start LeaderElection
2019-09-26 16:39:30,476 [14c88ade-cfd3-469a-b57f-98ec0ca518ca@group-F0985A92D6C2:LeaderElection57] INFO  impl.RoleInfo (RoleInfo.java:shutdownLeaderElection(134)) - 14c88ade-cfd3-469a-b57f-98ec0ca518ca: shutdown LeaderElection
2019-09-26 16:39:30,480 [14c88ade-cfd3-469a-b57f-98ec0ca518ca@group-F0985A92D6C2:LeaderElection57] INFO  impl.RaftServerImpl (RaftServerImpl.java:setRole(174)) - 14c88ade-cfd3-469a-b57f-98ec0ca518ca@group-F0985A92D6C2: changes role from CANDIDATE to LEADER at term 1 for changeToLeader
2019-09-26 16:39:30,480 [14c88ade-cfd3-469a-b57f-98ec0ca518ca@group-F0985A92D6C2:LeaderElection57] INFO  impl.RaftServerImpl (ServerState.java:setLeader(253)) - 14c88ade-cfd3-469a-b57f-98ec0ca518ca@group-F0985A92D6C2: change Leader from null to 14c88ade-cfd3-469a-b57f-98ec0ca518ca at term 1 for becomeLeader, leader elected after 1103ms
2019-09-26 16:39:30,480 [14c88ade-cfd3-469a-b57f-98ec0ca518ca@group-F0985A92D6C2:LeaderElection57] INFO  server.RaftServerConfigKeys (ConfUtils.java:logGet(43)) - raft.server.staging.catchup.gap = 1000 (default)
2019-09-26 16:39:30,486 [14c88ade-cfd3-469a-b57f-98ec0ca518ca@group-F0985A92D6C2:LeaderElection57] INFO  server.RaftServerConfigKeys (ConfUtils.java:logGet(43)) - raft.server.rpc.sleep.time = 25ms (default)
2019-09-26 16:39:30,486 [14c88ade-cfd3-469a-b57f-98ec0ca518ca@group-F0985A92D6C2:LeaderElection57] INFO  server.RaftServerConfigKeys (ConfUtils.java:logGet(43)) - raft.server.write.element-limit = 4096 (default)
2019-09-26 16:39:30,487 [14c88ade-cfd3-469a-b57f-98ec0ca518ca@group-F0985A92D6C2:LeaderElection57] INFO  server.RaftServerConfigKeys (ConfUtils.java:logGet(43)) - raft.server.watch.timeout = 10s (default)
2019-09-26 16:39:30,487 [14c88ade-cfd3-469a-b57f-98ec0ca518ca@group-F0985A92D6C2:LeaderElection57] INFO  server.RaftServerConfigKeys (ConfUtils.java:logGet(43)) - raft.server.watch.timeout.denomination = 1s (default)
2019-09-26 16:39:30,487 [14c88ade-cfd3-469a-b57f-98ec0ca518ca@group-F0985A92D6C2:LeaderElection57] INFO  server.RaftServerConfigKeys (ConfUtils.java:logGet(43)) - raft.server.watch.element-limit = 65536 (default)
2019-09-26 16:39:30,495 [14c88ade-cfd3-469a-b57f-98ec0ca518ca@group-F0985A92D6C2:LeaderElection57] INFO  server.RaftServerConfigKeys (ConfUtils.java:logGet(43)) - raft.server.log.appender.snapshot.chunk.size.max = 16MB (=16777216) (default)
2019-09-26 16:39:30,495 [14c88ade-cfd3-469a-b57f-98ec0ca518ca@group-F0985A92D6C2:LeaderElection57] INFO  server.RaftServerConfigKeys (ConfUtils.java:logGet(43)) - raft.server.log.appender.buffer.byte-limit = 33554432 (custom)
2019-09-26 16:39:30,496 [14c88ade-cfd3-469a-b57f-98ec0ca518ca@group-F0985A92D6C2:LeaderElection57] INFO  server.RaftServerConfigKeys (ConfUtils.java:logGet(43)) - raft.server.log.appender.buffer.element-limit = 1 (custom)
2019-09-26 16:39:30,499 [grpc-default-executor-3] INFO  impl.RaftServerImpl (RaftServerImpl.java:setRole(174)) - d3288a9b-14bd-48c9-b698-6bc497213938@group-65BB8CEB6BF0: changes role from  FOLLOWER to FOLLOWER at term 1 for recognizeCandidate:348490e5-42cf-4351-bcb2-b161fe6117cc
2019-09-26 16:39:30,499 [grpc-default-executor-3] INFO  impl.RoleInfo (RoleInfo.java:shutdownFollowerState(121)) - d3288a9b-14bd-48c9-b698-6bc497213938: shutdown FollowerState
2019-09-26 16:39:30,499 [14c88ade-cfd3-469a-b57f-98ec0ca518ca@group-F0985A92D6C2:LeaderElection57] INFO  grpc.GrpcConfigKeys$Server (ConfUtils.java:logGet(43)) - raft.grpc.server.leader.outstanding.appends.max = 128 (default)
2019-09-26 16:39:30,499 [Thread-4105] INFO  impl.FollowerState (FollowerState.java:run(115)) - d3288a9b-14bd-48c9-b698-6bc497213938: FollowerState was interrupted: java.lang.InterruptedException: sleep interrupted
2019-09-26 16:39:30,499 [grpc-default-executor-3] INFO  impl.RoleInfo (RoleInfo.java:updateAndGet(143)) - d3288a9b-14bd-48c9-b698-6bc497213938: start FollowerState
2019-09-26 16:39:30,500 [14c88ade-cfd3-469a-b57f-98ec0ca518ca@group-F0985A92D6C2:LeaderElection57] INFO  server.RaftServerConfigKeys (ConfUtils.java:logGet(43)) - raft.server.rpc.request.timeout = 3000ms (default)
2019-09-26 16:39:30,500 [eb18520e-12e8-4d27-8838-dd2c94abb977@group-65BB8CEB6BF0:LeaderElection60] INFO  impl.LeaderElection (LeaderElection.java:askForVotes(182)) - eb18520e-12e8-4d27-8838-dd2c94abb977@group-65BB8CEB6BF0:LeaderElection60: begin an election at term 1 for -1: [348490e5-42cf-4351-bcb2-b161fe6117cc:192.168.157.234:35669, d3288a9b-14bd-48c9-b698-6bc497213938:192.168.157.234:38480, eb18520e-12e8-4d27-8838-dd2c94abb977:192.168.157.234:36334], old=null
2019-09-26 16:39:30,500 [14c88ade-cfd3-469a-b57f-98ec0ca518ca@group-F0985A92D6C2:LeaderElection57] INFO  server.RaftServerConfigKeys (ConfUtils.java:logGet(43)) - raft.server.log.appender.install.snapshot.enabled = false (custom)
2019-09-26 16:39:30,503 [14c88ade-cfd3-469a-b57f-98ec0ca518ca@group-F0985A92D6C2:LeaderElection57] INFO  server.RaftServerConfigKeys (ConfUtils.java:logGet(43)) - raft.server.log.appender.snapshot.chunk.size.max = 16MB (=16777216) (default)
2019-09-26 16:39:30,504 [14c88ade-cfd3-469a-b57f-98ec0ca518ca@group-F0985A92D6C2:LeaderElection57] INFO  server.RaftServerConfigKeys (ConfUtils.java:logGet(43)) - raft.server.log.appender.buffer.byte-limit = 33554432 (custom)
2019-09-26 16:39:30,504 [14c88ade-cfd3-469a-b57f-98ec0ca518ca@group-F0985A92D6C2:LeaderElection57] INFO  server.RaftServerConfigKeys (ConfUtils.java:logGet(43)) - raft.server.log.appender.buffer.element-limit = 1 (custom)
2019-09-26 16:39:30,504 [14c88ade-cfd3-469a-b57f-98ec0ca518ca@group-F0985A92D6C2:LeaderElection57] INFO  grpc.GrpcConfigKeys$Server (ConfUtils.java:logGet(43)) - raft.grpc.server.leader.outstanding.appends.max = 128 (default)
2019-09-26 16:39:30,504 [14c88ade-cfd3-469a-b57f-98ec0ca518ca@group-F0985A92D6C2:LeaderElection57] INFO  server.RaftServerConfigKeys (ConfUtils.java:logGet(43)) - raft.server.rpc.request.timeout = 3000ms (default)
2019-09-26 16:39:30,505 [14c88ade-cfd3-469a-b57f-98ec0ca518ca@group-F0985A92D6C2:LeaderElection57] INFO  server.RaftServerConfigKeys (ConfUtils.java:logGet(43)) - raft.server.log.appender.install.snapshot.enabled = false (custom)
2019-09-26 16:39:30,505 [14c88ade-cfd3-469a-b57f-98ec0ca518ca@group-F0985A92D6C2:LeaderElection57] INFO  impl.RoleInfo (RoleInfo.java:updateAndGet(143)) - 14c88ade-cfd3-469a-b57f-98ec0ca518ca: start LeaderState
2019-09-26 16:39:30,505 [14c88ade-cfd3-469a-b57f-98ec0ca518ca@group-F0985A92D6C2:LeaderElection57] INFO  segmented.SegmentedRaftLogWorker (SegmentedRaftLogWorker.java:startLogSegment(380)) - 14c88ade-cfd3-469a-b57f-98ec0ca518ca@group-F0985A92D6C2-SegmentedRaftLogWorker: Starting segment from index:0
2019-09-26 16:39:30,506 [14c88ade-cfd3-469a-b57f-98ec0ca518ca@group-F0985A92D6C2:LeaderElection57] INFO  impl.RaftServerImpl (ServerState.java:setRaftConf(354)) - 14c88ade-cfd3-469a-b57f-98ec0ca518ca@group-F0985A92D6C2: set configuration 0: [6b2d4045-7ba8-4a84-8602-e698261d7534:192.168.157.234:33350, 14c88ade-cfd3-469a-b57f-98ec0ca518ca:192.168.157.234:45729, 9d99e882-81d2-44b9-a20b-81697c871aa8:192.168.157.234:36094], old=null at 0
2019-09-26 16:39:30,506 [grpc-default-executor-0] INFO  impl.RaftServerImpl (RaftServerImpl.java:requestVote(758)) - 14c88ade-cfd3-469a-b57f-98ec0ca518ca@group-F0985A92D6C2-   LEADER: Withhold vote from candidate 6b2d4045-7ba8-4a84-8602-e698261d7534 with term 1. State: leader=14c88ade-cfd3-469a-b57f-98ec0ca518ca, term=1, lastRpcElapsed=null
2019-09-26 16:39:30,549 [grpc-default-executor-0] INFO  impl.RaftServerImpl (RaftServerImpl.java:setRole(174)) - 6b2d4045-7ba8-4a84-8602-e698261d7534@group-F0985A92D6C2: changes role from CANDIDATE to FOLLOWER at term 1 for appendEntries
2019-09-26 16:39:30,549 [6b2d4045-7ba8-4a84-8602-e698261d7534@group-F0985A92D6C2:LeaderElection58] INFO  impl.LeaderElection (LeaderElection.java:logAndReturn(56)) - 6b2d4045-7ba8-4a84-8602-e698261d7534@group-F0985A92D6C2:LeaderElection58: Election REJECTED; received 2 response(s) [6b2d4045-7ba8-4a84-8602-e698261d7534<-14c88ade-cfd3-469a-b57f-98ec0ca518ca#0:FAIL-t1, 6b2d4045-7ba8-4a84-8602-e698261d7534<-9d99e882-81d2-44b9-a20b-81697c871aa8#0:FAIL-t1] and 0 exception(s); 6b2d4045-7ba8-4a84-8602-e698261d7534@group-F0985A92D6C2:t1, leader=null, voted=6b2d4045-7ba8-4a84-8602-e698261d7534, raftlog=6b2d4045-7ba8-4a84-8602-e698261d7534@group-F0985A92D6C2-SegmentedRaftLog:OPENED:c-1,f-1,i0, conf=-1: [6b2d4045-7ba8-4a84-8602-e698261d7534:192.168.157.234:33350, 14c88ade-cfd3-469a-b57f-98ec0ca518ca:192.168.157.234:45729, 9d99e882-81d2-44b9-a20b-81697c871aa8:192.168.157.234:36094], old=null
2019-09-26 16:39:30,557 [grpc-default-executor-4] INFO  impl.RaftServerImpl (ServerState.java:setLeader(253)) - 9d99e882-81d2-44b9-a20b-81697c871aa8@group-F0985A92D6C2: change Leader from null to 14c88ade-cfd3-469a-b57f-98ec0ca518ca at term 1 for appendEntries, leader elected after 1180ms
2019-09-26 16:39:30,554 [grpc-default-executor-0] INFO  impl.RoleInfo (RoleInfo.java:shutdownLeaderElection(134)) - 6b2d4045-7ba8-4a84-8602-e698261d7534: shutdown LeaderElection
2019-09-26 16:39:30,561 [348490e5-42cf-4351-bcb2-b161fe6117cc@group-65BB8CEB6BF0:LeaderElection59] INFO  impl.LeaderElection (LeaderElection.java:logAndReturn(56)) - 348490e5-42cf-4351-bcb2-b161fe6117cc@group-65BB8CEB6BF0:LeaderElection59: Election PASSED; received 2 response(s) [348490e5-42cf-4351-bcb2-b161fe6117cc<-d3288a9b-14bd-48c9-b698-6bc497213938#0:OK-t1, 348490e5-42cf-4351-bcb2-b161fe6117cc<-eb18520e-12e8-4d27-8838-dd2c94abb977#0:FAIL-t1] and 0 exception(s); 348490e5-42cf-4351-bcb2-b161fe6117cc@group-65BB8CEB6BF0:t1, leader=null, voted=348490e5-42cf-4351-bcb2-b161fe6117cc, raftlog=348490e5-42cf-4351-bcb2-b161fe6117cc@group-65BB8CEB6BF0-SegmentedRaftLog:OPENED:c-1,f-1,i0, conf=-1: [348490e5-42cf-4351-bcb2-b161fe6117cc:192.168.157.234:35669, d3288a9b-14bd-48c9-b698-6bc497213938:192.168.157.234:38480, eb18520e-12e8-4d27-8838-dd2c94abb977:192.168.157.234:36334], old=null
2019-09-26 16:39:30,561 [grpc-default-executor-0] INFO  impl.RoleInfo (RoleInfo.java:updateAndGet(143)) - 6b2d4045-7ba8-4a84-8602-e698261d7534: start FollowerState
2019-09-26 16:39:30,561 [eb18520e-12e8-4d27-8838-dd2c94abb977@group-65BB8CEB6BF0:LeaderElection60] INFO  impl.LeaderElection (LeaderElection.java:logAndReturn(56)) - eb18520e-12e8-4d27-8838-dd2c94abb977@group-65BB8CEB6BF0:LeaderElection60: Election REJECTED; received 2 response(s) [eb18520e-12e8-4d27-8838-dd2c94abb977<-348490e5-42cf-4351-bcb2-b161fe6117cc#0:FAIL-t1, eb18520e-12e8-4d27-8838-dd2c94abb977<-d3288a9b-14bd-48c9-b698-6bc497213938#0:FAIL-t1] and 0 exception(s); eb18520e-12e8-4d27-8838-dd2c94abb977@group-65BB8CEB6BF0:t1, leader=null, voted=eb18520e-12e8-4d27-8838-dd2c94abb977, raftlog=eb18520e-12e8-4d27-8838-dd2c94abb977@group-65BB8CEB6BF0-SegmentedRaftLog:OPENED:c-1,f-1,i0, conf=-1: [348490e5-42cf-4351-bcb2-b161fe6117cc:192.168.157.234:35669, d3288a9b-14bd-48c9-b698-6bc497213938:192.168.157.234:38480, eb18520e-12e8-4d27-8838-dd2c94abb977:192.168.157.234:36334], old=null
2019-09-26 16:39:30,562 [grpc-default-executor-0] INFO  impl.RaftServerImpl (ServerState.java:setLeader(253)) - 6b2d4045-7ba8-4a84-8602-e698261d7534@group-F0985A92D6C2: change Leader from null to 14c88ade-cfd3-469a-b57f-98ec0ca518ca at term 1 for appendEntries, leader elected after 1185ms
2019-09-26 16:39:30,561 [348490e5-42cf-4351-bcb2-b161fe6117cc@group-65BB8CEB6BF0:LeaderElection59] INFO  impl.RoleInfo (RoleInfo.java:shutdownLeaderElection(134)) - 348490e5-42cf-4351-bcb2-b161fe6117cc: shutdown LeaderElection
2019-09-26 16:39:30,565 [eb18520e-12e8-4d27-8838-dd2c94abb977@group-65BB8CEB6BF0:LeaderElection60] INFO  impl.RaftServerImpl (RaftServerImpl.java:setRole(174)) - eb18520e-12e8-4d27-8838-dd2c94abb977@group-65BB8CEB6BF0: changes role from CANDIDATE to FOLLOWER at term 1 for DISCOVERED_A_NEW_TERM
2019-09-26 16:39:30,565 [14c88ade-cfd3-469a-b57f-98ec0ca518ca@group-F0985A92D6C2-SegmentedRaftLogWorker] INFO  segmented.SegmentedRaftLogWorker (SegmentedRaftLogWorker.java:execute(569)) - 14c88ade-cfd3-469a-b57f-98ec0ca518ca@group-F0985A92D6C2-SegmentedRaftLogWorker: created new log segment /workdir/hadoop-ozone/integration-test/target/test-dir/MiniOzoneClusterImpl-0d69453a-2620-4e4e-b2d5-320b1f4020d1/datanode-8/data/ratis/db02bd15-dace-457d-a15f-f0985a92d6c2/current/log_inprogress_0
2019-09-26 16:39:30,569 [eb18520e-12e8-4d27-8838-dd2c94abb977@group-65BB8CEB6BF0:LeaderElection60] INFO  impl.RoleInfo (RoleInfo.java:shutdownLeaderElection(134)) - eb18520e-12e8-4d27-8838-dd2c94abb977: shutdown LeaderElection
2019-09-26 16:39:30,569 [348490e5-42cf-4351-bcb2-b161fe6117cc@group-65BB8CEB6BF0:LeaderElection59] INFO  impl.RaftServerImpl (RaftServerImpl.java:setRole(174)) - 348490e5-42cf-4351-bcb2-b161fe6117cc@group-65BB8CEB6BF0: changes role from CANDIDATE to LEADER at term 1 for changeToLeader
2019-09-26 16:39:30,569 [eb18520e-12e8-4d27-8838-dd2c94abb977@group-65BB8CEB6BF0:LeaderElection60] INFO  impl.RoleInfo (RoleInfo.java:updateAndGet(143)) - eb18520e-12e8-4d27-8838-dd2c94abb977: start FollowerState
2019-09-26 16:39:30,569 [348490e5-42cf-4351-bcb2-b161fe6117cc@group-65BB8CEB6BF0:LeaderElection59] INFO  impl.RaftServerImpl (ServerState.java:setLeader(253)) - 348490e5-42cf-4351-bcb2-b161fe6117cc@group-65BB8CEB6BF0: change Leader from null to 348490e5-42cf-4351-bcb2-b161fe6117cc at term 1 for becomeLeader, leader elected after 1265ms
2019-09-26 16:39:30,569 [348490e5-42cf-4351-bcb2-b161fe6117cc@group-65BB8CEB6BF0:LeaderElection59] INFO  server.RaftServerConfigKeys (ConfUtils.java:logGet(43)) - raft.server.staging.catchup.gap = 1000 (default)
2019-09-26 16:39:30,570 [348490e5-42cf-4351-bcb2-b161fe6117cc@group-65BB8CEB6BF0:LeaderElection59] INFO  server.RaftServerConfigKeys (ConfUtils.java:logGet(43)) - raft.server.rpc.sleep.time = 25ms (default)
2019-09-26 16:39:30,570 [348490e5-42cf-4351-bcb2-b161fe6117cc@group-65BB8CEB6BF0:LeaderElection59] INFO  server.RaftServerConfigKeys (ConfUtils.java:logGet(43)) - raft.server.write.element-limit = 4096 (default)
2019-09-26 16:39:30,570 [348490e5-42cf-4351-bcb2-b161fe6117cc@group-65BB8CEB6BF0:LeaderElection59] INFO  server.RaftServerConfigKeys (ConfUtils.java:logGet(43)) - raft.server.watch.timeout = 10s (default)
2019-09-26 16:39:30,570 [grpc-default-executor-0] INFO  impl.RaftServerImpl (ServerState.java:setRaftConf(354)) - 9d99e882-81d2-44b9-a20b-81697c871aa8@group-F0985A92D6C2: set configuration 0: [6b2d4045-7ba8-4a84-8602-e698261d7534:192.168.157.234:33350, 14c88ade-cfd3-469a-b57f-98ec0ca518ca:192.168.157.234:45729, 9d99e882-81d2-44b9-a20b-81697c871aa8:192.168.157.234:36094], old=null at 0
2019-09-26 16:39:30,570 [348490e5-42cf-4351-bcb2-b161fe6117cc@group-65BB8CEB6BF0:LeaderElection59] INFO  server.RaftServerConfigKeys (ConfUtils.java:logGet(43)) - raft.server.watch.timeout.denomination = 1s (default)
2019-09-26 16:39:30,570 [grpc-default-executor-0] INFO  segmented.SegmentedRaftLogWorker (SegmentedRaftLogWorker.java:startLogSegment(380)) - 9d99e882-81d2-44b9-a20b-81697c871aa8@group-F0985A92D6C2-SegmentedRaftLogWorker: Starting segment from index:0
2019-09-26 16:39:30,571 [grpc-default-executor-4] INFO  impl.RaftServerImpl (ServerState.java:setRaftConf(354)) - 6b2d4045-7ba8-4a84-8602-e698261d7534@group-F0985A92D6C2: set configuration 0: [6b2d4045-7ba8-4a84-8602-e698261d7534:192.168.157.234:33350, 14c88ade-cfd3-469a-b57f-98ec0ca518ca:192.168.157.234:45729, 9d99e882-81d2-44b9-a20b-81697c871aa8:192.168.157.234:36094], old=null at 0
2019-09-26 16:39:30,570 [348490e5-42cf-4351-bcb2-b161fe6117cc@group-65BB8CEB6BF0:LeaderElection59] INFO  server.RaftServerConfigKeys (ConfUtils.java:logGet(43)) - raft.server.watch.element-limit = 65536 (default)
2019-09-26 16:39:30,571 [grpc-default-executor-4] INFO  segmented.SegmentedRaftLogWorker (SegmentedRaftLogWorker.java:startLogSegment(380)) - 6b2d4045-7ba8-4a84-8602-e698261d7534@group-F0985A92D6C2-SegmentedRaftLogWorker: Starting segment from index:0
2019-09-26 16:39:30,575 [348490e5-42cf-4351-bcb2-b161fe6117cc@group-65BB8CEB6BF0:LeaderElection59] INFO  server.RaftServerConfigKeys (ConfUtils.java:logGet(43)) - raft.server.log.appender.snapshot.chunk.size.max = 16MB (=16777216) (default)
2019-09-26 16:39:30,576 [348490e5-42cf-4351-bcb2-b161fe6117cc@group-65BB8CEB6BF0:LeaderElection59] INFO  server.RaftServerConfigKeys (ConfUtils.java:logGet(43)) - raft.server.log.appender.buffer.byte-limit = 33554432 (custom)
2019-09-26 16:39:30,576 [348490e5-42cf-4351-bcb2-b161fe6117cc@group-65BB8CEB6BF0:LeaderElection59] INFO  server.RaftServerConfigKeys (ConfUtils.java:logGet(43)) - raft.server.log.appender.buffer.element-limit = 1 (custom)
2019-09-26 16:39:30,577 [348490e5-42cf-4351-bcb2-b161fe6117cc@group-65BB8CEB6BF0:LeaderElection59] INFO  grpc.GrpcConfigKeys$Server (ConfUtils.java:logGet(43)) - raft.grpc.server.leader.outstanding.appends.max = 128 (default)
2019-09-26 16:39:30,577 [348490e5-42cf-4351-bcb2-b161fe6117cc@group-65BB8CEB6BF0:LeaderElection59] INFO  server.RaftServerConfigKeys (ConfUtils.java:logGet(43)) - raft.server.rpc.request.timeout = 3000ms (default)
2019-09-26 16:39:30,577 [348490e5-42cf-4351-bcb2-b161fe6117cc@group-65BB8CEB6BF0:LeaderElection59] INFO  server.RaftServerConfigKeys (ConfUtils.java:logGet(43)) - raft.server.log.appender.install.snapshot.enabled = false (custom)
2019-09-26 16:39:30,578 [348490e5-42cf-4351-bcb2-b161fe6117cc@group-65BB8CEB6BF0:LeaderElection59] INFO  server.RaftServerConfigKeys (ConfUtils.java:logGet(43)) - raft.server.log.appender.snapshot.chunk.size.max = 16MB (=16777216) (default)
2019-09-26 16:39:30,578 [348490e5-42cf-4351-bcb2-b161fe6117cc@group-65BB8CEB6BF0:LeaderElection59] INFO  server.RaftServerConfigKeys (ConfUtils.java:logGet(43)) - raft.server.log.appender.buffer.byte-limit = 33554432 (custom)
2019-09-26 16:39:30,578 [348490e5-42cf-4351-bcb2-b161fe6117cc@group-65BB8CEB6BF0:LeaderElection59] INFO  server.RaftServerConfigKeys (ConfUtils.java:logGet(43)) - raft.server.log.appender.buffer.element-limit = 1 (custom)
2019-09-26 16:39:30,579 [348490e5-42cf-4351-bcb2-b161fe6117cc@group-65BB8CEB6BF0:LeaderElection59] INFO  grpc.GrpcConfigKeys$Server (ConfUtils.java:logGet(43)) - raft.grpc.server.leader.outstanding.appends.max = 128 (default)
2019-09-26 16:39:30,579 [348490e5-42cf-4351-bcb2-b161fe6117cc@group-65BB8CEB6BF0:LeaderElection59] INFO  server.RaftServerConfigKeys (ConfUtils.java:logGet(43)) - raft.server.rpc.request.timeout = 3000ms (default)
2019-09-26 16:39:30,579 [348490e5-42cf-4351-bcb2-b161fe6117cc@group-65BB8CEB6BF0:LeaderElection59] INFO  server.RaftServerConfigKeys (ConfUtils.java:logGet(43)) - raft.server.log.appender.install.snapshot.enabled = false (custom)
2019-09-26 16:39:30,580 [348490e5-42cf-4351-bcb2-b161fe6117cc@group-65BB8CEB6BF0:LeaderElection59] INFO  impl.RoleInfo (RoleInfo.java:updateAndGet(143)) - 348490e5-42cf-4351-bcb2-b161fe6117cc: start LeaderState
2019-09-26 16:39:30,580 [348490e5-42cf-4351-bcb2-b161fe6117cc@group-65BB8CEB6BF0:LeaderElection59] INFO  segmented.SegmentedRaftLogWorker (SegmentedRaftLogWorker.java:startLogSegment(380)) - 348490e5-42cf-4351-bcb2-b161fe6117cc@group-65BB8CEB6BF0-SegmentedRaftLogWorker: Starting segment from index:0
2019-09-26 16:39:30,581 [348490e5-42cf-4351-bcb2-b161fe6117cc@group-65BB8CEB6BF0:LeaderElection59] INFO  impl.RaftServerImpl (ServerState.java:setRaftConf(354)) - 348490e5-42cf-4351-bcb2-b161fe6117cc@group-65BB8CEB6BF0: set configuration 0: [348490e5-42cf-4351-bcb2-b161fe6117cc:192.168.157.234:35669, d3288a9b-14bd-48c9-b698-6bc497213938:192.168.157.234:38480, eb18520e-12e8-4d27-8838-dd2c94abb977:192.168.157.234:36334], old=null at 0
2019-09-26 16:39:30,583 [grpc-default-executor-4] INFO  impl.RaftServerImpl (ServerState.java:setLeader(253)) - d3288a9b-14bd-48c9-b698-6bc497213938@group-65BB8CEB6BF0: change Leader from null to 348490e5-42cf-4351-bcb2-b161fe6117cc at term 1 for appendEntries, leader elected after 1279ms
2019-09-26 16:39:30,583 [grpc-default-executor-0] INFO  impl.RaftServerImpl (ServerState.java:setLeader(253)) - eb18520e-12e8-4d27-8838-dd2c94abb977@group-65BB8CEB6BF0: change Leader from null to 348490e5-42cf-4351-bcb2-b161fe6117cc at term 1 for appendEntries, leader elected after 1278ms
2019-09-26 16:39:30,585 [grpc-default-executor-0] INFO  impl.RaftServerImpl (ServerState.java:setRaftConf(354)) - d3288a9b-14bd-48c9-b698-6bc497213938@group-65BB8CEB6BF0: set configuration 0: [348490e5-42cf-4351-bcb2-b161fe6117cc:192.168.157.234:35669, d3288a9b-14bd-48c9-b698-6bc497213938:192.168.157.234:38480, eb18520e-12e8-4d27-8838-dd2c94abb977:192.168.157.234:36334], old=null at 0
2019-09-26 16:39:30,585 [grpc-default-executor-0] INFO  segmented.SegmentedRaftLogWorker (SegmentedRaftLogWorker.java:startLogSegment(380)) - d3288a9b-14bd-48c9-b698-6bc497213938@group-65BB8CEB6BF0-SegmentedRaftLogWorker: Starting segment from index:0
2019-09-26 16:39:30,585 [grpc-default-executor-4] INFO  impl.RaftServerImpl (ServerState.java:setRaftConf(354)) - eb18520e-12e8-4d27-8838-dd2c94abb977@group-65BB8CEB6BF0: set configuration 0: [348490e5-42cf-4351-bcb2-b161fe6117cc:192.168.157.234:35669, d3288a9b-14bd-48c9-b698-6bc497213938:192.168.157.234:38480, eb18520e-12e8-4d27-8838-dd2c94abb977:192.168.157.234:36334], old=null at 0
2019-09-26 16:39:30,586 [grpc-default-executor-4] INFO  segmented.SegmentedRaftLogWorker (SegmentedRaftLogWorker.java:startLogSegment(380)) - eb18520e-12e8-4d27-8838-dd2c94abb977@group-65BB8CEB6BF0-SegmentedRaftLogWorker: Starting segment from index:0
2019-09-26 16:39:30,617 [9d99e882-81d2-44b9-a20b-81697c871aa8@group-F0985A92D6C2-SegmentedRaftLogWorker] INFO  segmented.SegmentedRaftLogWorker (SegmentedRaftLogWorker.java:execute(569)) - 9d99e882-81d2-44b9-a20b-81697c871aa8@group-F0985A92D6C2-SegmentedRaftLogWorker: created new log segment /workdir/hadoop-ozone/integration-test/target/test-dir/MiniOzoneClusterImpl-0d69453a-2620-4e4e-b2d5-320b1f4020d1/datanode-5/data/ratis/db02bd15-dace-457d-a15f-f0985a92d6c2/current/log_inprogress_0
2019-09-26 16:39:30,617 [d3288a9b-14bd-48c9-b698-6bc497213938@group-65BB8CEB6BF0-SegmentedRaftLogWorker] INFO  segmented.SegmentedRaftLogWorker (SegmentedRaftLogWorker.java:execute(569)) - d3288a9b-14bd-48c9-b698-6bc497213938@group-65BB8CEB6BF0-SegmentedRaftLogWorker: created new log segment /workdir/hadoop-ozone/integration-test/target/test-dir/MiniOzoneClusterImpl-0d69453a-2620-4e4e-b2d5-320b1f4020d1/datanode-6/data/ratis/7e0fc8ea-11a0-4a65-ab2f-65bb8ceb6bf0/current/log_inprogress_0
2019-09-26 16:39:30,631 [eb18520e-12e8-4d27-8838-dd2c94abb977@group-65BB8CEB6BF0-SegmentedRaftLogWorker] INFO  segmented.SegmentedRaftLogWorker (SegmentedRaftLogWorker.java:execute(569)) - eb18520e-12e8-4d27-8838-dd2c94abb977@group-65BB8CEB6BF0-SegmentedRaftLogWorker: created new log segment /workdir/hadoop-ozone/integration-test/target/test-dir/MiniOzoneClusterImpl-0d69453a-2620-4e4e-b2d5-320b1f4020d1/datanode-3/data/ratis/7e0fc8ea-11a0-4a65-ab2f-65bb8ceb6bf0/current/log_inprogress_0
2019-09-26 16:39:30,631 [348490e5-42cf-4351-bcb2-b161fe6117cc@group-65BB8CEB6BF0-SegmentedRaftLogWorker] INFO  segmented.SegmentedRaftLogWorker (SegmentedRaftLogWorker.java:execute(569)) - 348490e5-42cf-4351-bcb2-b161fe6117cc@group-65BB8CEB6BF0-SegmentedRaftLogWorker: created new log segment /workdir/hadoop-ozone/integration-test/target/test-dir/MiniOzoneClusterImpl-0d69453a-2620-4e4e-b2d5-320b1f4020d1/datanode-9/data/ratis/7e0fc8ea-11a0-4a65-ab2f-65bb8ceb6bf0/current/log_inprogress_0
2019-09-26 16:39:30,631 [6b2d4045-7ba8-4a84-8602-e698261d7534@group-F0985A92D6C2-SegmentedRaftLogWorker] INFO  segmented.SegmentedRaftLogWorker (SegmentedRaftLogWorker.java:execute(569)) - 6b2d4045-7ba8-4a84-8602-e698261d7534@group-F0985A92D6C2-SegmentedRaftLogWorker: created new log segment /workdir/hadoop-ozone/integration-test/target/test-dir/MiniOzoneClusterImpl-0d69453a-2620-4e4e-b2d5-320b1f4020d1/datanode-4/data/ratis/db02bd15-dace-457d-a15f-f0985a92d6c2/current/log_inprogress_0
2019-09-26 16:39:31,166 [main] INFO  ipc.Client (Client.java:handleConnectionFailure(948)) - Retrying connect to server: localhost/127.0.0.1:0. Already tried 0 time(s); retry policy is RetryUpToMaximumCountWithFixedSleep(maxRetries=10, sleepTime=1000 MILLISECONDS)
2019-09-26 16:39:31,573 [Thread-4058] INFO  container.ReplicationManager (ReplicationManager.java:start(162)) - Starting Replication Monitor Thread.
2019-09-26 16:39:31,579 [ReplicationMonitor] INFO  container.ReplicationManager (ReplicationManager.java:run(225)) - Replication Monitor Thread took 0 milliseconds for processing 0 containers.
2019-09-26 16:39:32,167 [main] INFO  ipc.Client (Client.java:handleConnectionFailure(948)) - Retrying connect to server: localhost/127.0.0.1:0. Already tried 1 time(s); retry policy is RetryUpToMaximumCountWithFixedSleep(maxRetries=10, sleepTime=1000 MILLISECONDS)
2019-09-26 16:39:33,168 [main] INFO  ipc.Client (Client.java:handleConnectionFailure(948)) - Retrying connect to server: localhost/127.0.0.1:0. Already tried 2 time(s); retry policy is RetryUpToMaximumCountWithFixedSleep(maxRetries=10, sleepTime=1000 MILLISECONDS)
2019-09-26 16:39:34,170 [main] INFO  ipc.Client (Client.java:handleConnectionFailure(948)) - Retrying connect to server: localhost/127.0.0.1:0. Already tried 3 time(s); retry policy is RetryUpToMaximumCountWithFixedSleep(maxRetries=10, sleepTime=1000 MILLISECONDS)
2019-09-26 16:39:35,171 [main] INFO  ipc.Client (Client.java:handleConnectionFailure(948)) - Retrying connect to server: localhost/127.0.0.1:0. Already tried 4 time(s); retry policy is RetryUpToMaximumCountWithFixedSleep(maxRetries=10, sleepTime=1000 MILLISECONDS)
2019-09-26 16:39:36,172 [main] INFO  ipc.Client (Client.java:handleConnectionFailure(948)) - Retrying connect to server: localhost/127.0.0.1:0. Already tried 5 time(s); retry policy is RetryUpToMaximumCountWithFixedSleep(maxRetries=10, sleepTime=1000 MILLISECONDS)
2019-09-26 16:39:37,173 [main] INFO  ipc.Client (Client.java:handleConnectionFailure(948)) - Retrying connect to server: localhost/127.0.0.1:0. Already tried 6 time(s); retry policy is RetryUpToMaximumCountWithFixedSleep(maxRetries=10, sleepTime=1000 MILLISECONDS)
2019-09-26 16:39:38,175 [main] INFO  ipc.Client (Client.java:handleConnectionFailure(948)) - Retrying connect to server: localhost/127.0.0.1:0. Already tried 7 time(s); retry policy is RetryUpToMaximumCountWithFixedSleep(maxRetries=10, sleepTime=1000 MILLISECONDS)
2019-09-26 16:39:39,176 [main] INFO  ipc.Client (Client.java:handleConnectionFailure(948)) - Retrying connect to server: localhost/127.0.0.1:0. Already tried 8 time(s); retry policy is RetryUpToMaximumCountWithFixedSleep(maxRetries=10, sleepTime=1000 MILLISECONDS)
2019-09-26 16:39:40,177 [main] INFO  ipc.Client (Client.java:handleConnectionFailure(948)) - Retrying connect to server: localhost/127.0.0.1:0. Already tried 9 time(s); retry policy is RetryUpToMaximumCountWithFixedSleep(maxRetries=10, sleepTime=1000 MILLISECONDS)
2019-09-26 16:39:41,179 [main] INFO  ipc.Client (Client.java:handleConnectionFailure(948)) - Retrying connect to server: localhost/127.0.0.1:0. Already tried 0 time(s); retry policy is RetryUpToMaximumCountWithFixedSleep(maxRetries=10, sleepTime=1000 MILLISECONDS)
2019-09-26 16:39:42,181 [main] INFO  ipc.Client (Client.java:handleConnectionFailure(948)) - Retrying connect to server: localhost/127.0.0.1:0. Already tried 1 time(s); retry policy is RetryUpToMaximumCountWithFixedSleep(maxRetries=10, sleepTime=1000 MILLISECONDS)
2019-09-26 16:39:43,182 [main] INFO  ipc.Client (Client.java:handleConnectionFailure(948)) - Retrying connect to server: localhost/127.0.0.1:0. Already tried 2 time(s); retry policy is RetryUpToMaximumCountWithFixedSleep(maxRetries=10, sleepTime=1000 MILLISECONDS)
2019-09-26 16:39:44,183 [main] INFO  ipc.Client (Client.java:handleConnectionFailure(948)) - Retrying connect to server: localhost/127.0.0.1:0. Already tried 3 time(s); retry policy is RetryUpToMaximumCountWithFixedSleep(maxRetries=10, sleepTime=1000 MILLISECONDS)
2019-09-26 16:39:45,184 [main] INFO  ipc.Client (Client.java:handleConnectionFailure(948)) - Retrying connect to server: localhost/127.0.0.1:0. Already tried 4 time(s); retry policy is RetryUpToMaximumCountWithFixedSleep(maxRetries=10, sleepTime=1000 MILLISECONDS)
2019-09-26 16:39:46,186 [main] INFO  ipc.Client (Client.java:handleConnectionFailure(948)) - Retrying connect to server: localhost/127.0.0.1:0. Already tried 5 time(s); retry policy is RetryUpToMaximumCountWithFixedSleep(maxRetries=10, sleepTime=1000 MILLISECONDS)
2019-09-26 16:39:47,187 [main] INFO  ipc.Client (Client.java:handleConnectionFailure(948)) - Retrying connect to server: localhost/127.0.0.1:0. Already tried 6 time(s); retry policy is RetryUpToMaximumCountWithFixedSleep(maxRetries=10, sleepTime=1000 MILLISECONDS)
2019-09-26 16:39:48,189 [main] INFO  ipc.Client (Client.java:handleConnectionFailure(948)) - Retrying connect to server: localhost/127.0.0.1:0. Already tried 7 time(s); retry policy is RetryUpToMaximumCountWithFixedSleep(maxRetries=10, sleepTime=1000 MILLISECONDS)
2019-09-26 16:39:49,190 [main] INFO  ipc.Client (Client.java:handleConnectionFailure(948)) - Retrying connect to server: localhost/127.0.0.1:0. Already tried 8 time(s); retry policy is RetryUpToMaximumCountWithFixedSleep(maxRetries=10, sleepTime=1000 MILLISECONDS)
2019-09-26 16:39:50,191 [main] INFO  ipc.Client (Client.java:handleConnectionFailure(948)) - Retrying connect to server: localhost/127.0.0.1:0. Already tried 9 time(s); retry policy is RetryUpToMaximumCountWithFixedSleep(maxRetries=10, sleepTime=1000 MILLISECONDS)
2019-09-26 16:39:50,192 [main] INFO  retry.RetryInvocationHandler (RetryInvocationHandler.java:log(411)) - com.google.protobuf.ServiceException: java.net.ConnectException: Your endpoint configuration is wrong; For more details see:  http://wiki.apache.org/hadoop/UnsetHostnameOrPort, while invoking $Proxy35.submitRequest over nodeId=null,nodeAddress=127.0.0.1:0 after 1 failover attempts. Trying to failover immediately.
2019-09-26 16:39:51,194 [main] INFO  ipc.Client (Client.java:handleConnectionFailure(948)) - Retrying connect to server: localhost/127.0.0.1:0. Already tried 0 time(s); retry policy is RetryUpToMaximumCountWithFixedSleep(maxRetries=10, sleepTime=1000 MILLISECONDS)
2019-09-26 16:39:52,195 [main] INFO  ipc.Client (Client.java:handleConnectionFailure(948)) - Retrying connect to server: localhost/127.0.0.1:0. Already tried 1 time(s); retry policy is RetryUpToMaximumCountWithFixedSleep(maxRetries=10, sleepTime=1000 MILLISECONDS)
2019-09-26 16:39:53,196 [main] INFO  ipc.Client (Client.java:handleConnectionFailure(948)) - Retrying connect to server: localhost/127.0.0.1:0. Already tried 2 time(s); retry policy is RetryUpToMaximumCountWithFixedSleep(maxRetries=10, sleepTime=1000 MILLISECONDS)
2019-09-26 16:39:54,197 [main] INFO  ipc.Client (Client.java:handleConnectionFailure(948)) - Retrying connect to server: localhost/127.0.0.1:0. Already tried 3 time(s); retry policy is RetryUpToMaximumCountWithFixedSleep(maxRetries=10, sleepTime=1000 MILLISECONDS)
2019-09-26 16:39:55,198 [main] INFO  ipc.Client (Client.java:handleConnectionFailure(948)) - Retrying connect to server: localhost/127.0.0.1:0. Already tried 4 time(s); retry policy is RetryUpToMaximumCountWithFixedSleep(maxRetries=10, sleepTime=1000 MILLISECONDS)
2019-09-26 16:39:56,200 [main] INFO  ipc.Client (Client.java:handleConnectionFailure(948)) - Retrying connect to server: localhost/127.0.0.1:0. Already tried 5 time(s); retry policy is RetryUpToMaximumCountWithFixedSleep(maxRetries=10, sleepTime=1000 MILLISECONDS)
2019-09-26 16:39:57,201 [main] INFO  ipc.Client (Client.java:handleConnectionFailure(948)) - Retrying connect to server: localhost/127.0.0.1:0. Already tried 6 time(s); retry policy is RetryUpToMaximumCountWithFixedSleep(maxRetries=10, sleepTime=1000 MILLISECONDS)
2019-09-26 16:39:58,202 [main] INFO  ipc.Client (Client.java:handleConnectionFailure(948)) - Retrying connect to server: localhost/127.0.0.1:0. Already tried 7 time(s); retry policy is RetryUpToMaximumCountWithFixedSleep(maxRetries=10, sleepTime=1000 MILLISECONDS)
2019-09-26 16:39:59,203 [main] INFO  ipc.Client (Client.java:handleConnectionFailure(948)) - Retrying connect to server: localhost/127.0.0.1:0. Already tried 8 time(s); retry policy is RetryUpToMaximumCountWithFixedSleep(maxRetries=10, sleepTime=1000 MILLISECONDS)
2019-09-26 16:40:00,205 [main] INFO  ipc.Client (Client.java:handleConnectionFailure(948)) - Retrying connect to server: localhost/127.0.0.1:0. Already tried 9 time(s); retry policy is RetryUpToMaximumCountWithFixedSleep(maxRetries=10, sleepTime=1000 MILLISECONDS)
2019-09-26 16:40:00,206 [main] INFO  retry.RetryInvocationHandler (RetryInvocationHandler.java:log(411)) - com.google.protobuf.ServiceException: java.net.ConnectException: Your endpoint configuration is wrong; For more details see:  http://wiki.apache.org/hadoop/UnsetHostnameOrPort, while invoking $Proxy35.submitRequest over nodeId=null,nodeAddress=127.0.0.1:0 after 2 failover attempts. Trying to failover immediately.
2019-09-26 16:40:01,207 [main] INFO  ipc.Client (Client.java:handleConnectionFailure(948)) - Retrying connect to server: localhost/127.0.0.1:0. Already tried 0 time(s); retry policy is RetryUpToMaximumCountWithFixedSleep(maxRetries=10, sleepTime=1000 MILLISECONDS)
2019-09-26 16:40:02,208 [main] INFO  ipc.Client (Client.java:handleConnectionFailure(948)) - Retrying connect to server: localhost/127.0.0.1:0. Already tried 1 time(s); retry policy is RetryUpToMaximumCountWithFixedSleep(maxRetries=10, sleepTime=1000 MILLISECONDS)
2019-09-26 16:40:03,210 [main] INFO  ipc.Client (Client.java:handleConnectionFailure(948)) - Retrying connect to server: localhost/127.0.0.1:0. Already tried 2 time(s); retry policy is RetryUpToMaximumCountWithFixedSleep(maxRetries=10, sleepTime=1000 MILLISECONDS)
2019-09-26 16:40:04,211 [main] INFO  ipc.Client (Client.java:handleConnectionFailure(948)) - Retrying connect to server: localhost/127.0.0.1:0. Already tried 3 time(s); retry policy is RetryUpToMaximumCountWithFixedSleep(maxRetries=10, sleepTime=1000 MILLISECONDS)
2019-09-26 16:40:05,212 [main] INFO  ipc.Client (Client.java:handleConnectionFailure(948)) - Retrying connect to server: localhost/127.0.0.1:0. Already tried 4 time(s); retry policy is RetryUpToMaximumCountWithFixedSleep(maxRetries=10, sleepTime=1000 MILLISECONDS)
2019-09-26 16:40:06,213 [main] INFO  ipc.Client (Client.java:handleConnectionFailure(948)) - Retrying connect to server: localhost/127.0.0.1:0. Already tried 5 time(s); retry policy is RetryUpToMaximumCountWithFixedSleep(maxRetries=10, sleepTime=1000 MILLISECONDS)
2019-09-26 16:40:07,214 [main] INFO  ipc.Client (Client.java:handleConnectionFailure(948)) - Retrying connect to server: localhost/127.0.0.1:0. Already tried 6 time(s); retry policy is RetryUpToMaximumCountWithFixedSleep(maxRetries=10, sleepTime=1000 MILLISECONDS)
2019-09-26 16:40:08,215 [main] INFO  ipc.Client (Client.java:handleConnectionFailure(948)) - Retrying connect to server: localhost/127.0.0.1:0. Already tried 7 time(s); retry policy is RetryUpToMaximumCountWithFixedSleep(maxRetries=10, sleepTime=1000 MILLISECONDS)
2019-09-26 16:40:09,217 [main] INFO  ipc.Client (Client.java:handleConnectionFailure(948)) - Retrying connect to server: localhost/127.0.0.1:0. Already tried 8 time(s); retry policy is RetryUpToMaximumCountWithFixedSleep(maxRetries=10, sleepTime=1000 MILLISECONDS)
2019-09-26 16:40:10,218 [main] INFO  ipc.Client (Client.java:handleConnectionFailure(948)) - Retrying connect to server: localhost/127.0.0.1:0. Already tried 9 time(s); retry policy is RetryUpToMaximumCountWithFixedSleep(maxRetries=10, sleepTime=1000 MILLISECONDS)
2019-09-26 16:40:10,219 [main] INFO  retry.RetryInvocationHandler (RetryInvocationHandler.java:log(411)) - com.google.protobuf.ServiceException: java.net.ConnectException: Your endpoint configuration is wrong; For more details see:  http://wiki.apache.org/hadoop/UnsetHostnameOrPort, while invoking $Proxy35.submitRequest over nodeId=null,nodeAddress=127.0.0.1:0 after 3 failover attempts. Trying to failover immediately.
2019-09-26 16:40:11,220 [main] INFO  ipc.Client (Client.java:handleConnectionFailure(948)) - Retrying connect to server: localhost/127.0.0.1:0. Already tried 0 time(s); retry policy is RetryUpToMaximumCountWithFixedSleep(maxRetries=10, sleepTime=1000 MILLISECONDS)
2019-09-26 16:40:12,222 [main] INFO  ipc.Client (Client.java:handleConnectionFailure(948)) - Retrying connect to server: localhost/127.0.0.1:0. Already tried 1 time(s); retry policy is RetryUpToMaximumCountWithFixedSleep(maxRetries=10, sleepTime=1000 MILLISECONDS)
2019-09-26 16:40:13,223 [main] INFO  ipc.Client (Client.java:handleConnectionFailure(948)) - Retrying connect to server: localhost/127.0.0.1:0. Already tried 2 time(s); retry policy is RetryUpToMaximumCountWithFixedSleep(maxRetries=10, sleepTime=1000 MILLISECONDS)
2019-09-26 16:40:14,224 [main] INFO  ipc.Client (Client.java:handleConnectionFailure(948)) - Retrying connect to server: localhost/127.0.0.1:0. Already tried 3 time(s); retry policy is RetryUpToMaximumCountWithFixedSleep(maxRetries=10, sleepTime=1000 MILLISECONDS)
2019-09-26 16:40:15,225 [main] INFO  ipc.Client (Client.java:handleConnectionFailure(948)) - Retrying connect to server: localhost/127.0.0.1:0. Already tried 4 time(s); retry policy is RetryUpToMaximumCountWithFixedSleep(maxRetries=10, sleepTime=1000 MILLISECONDS)
2019-09-26 16:40:16,226 [main] INFO  ipc.Client (Client.java:handleConnectionFailure(948)) - Retrying connect to server: localhost/127.0.0.1:0. Already tried 5 time(s); retry policy is RetryUpToMaximumCountWithFixedSleep(maxRetries=10, sleepTime=1000 MILLISECONDS)
2019-09-26 16:40:17,227 [main] INFO  ipc.Client (Client.java:handleConnectionFailure(948)) - Retrying connect to server: localhost/127.0.0.1:0. Already tried 6 time(s); retry policy is RetryUpToMaximumCountWithFixedSleep(maxRetries=10, sleepTime=1000 MILLISECONDS)
2019-09-26 16:40:18,229 [main] INFO  ipc.Client (Client.java:handleConnectionFailure(948)) - Retrying connect to server: localhost/127.0.0.1:0. Already tried 7 time(s); retry policy is RetryUpToMaximumCountWithFixedSleep(maxRetries=10, sleepTime=1000 MILLISECONDS)
2019-09-26 16:40:19,230 [main] INFO  ipc.Client (Client.java:handleConnectionFailure(948)) - Retrying connect to server: localhost/127.0.0.1:0. Already tried 8 time(s); retry policy is RetryUpToMaximumCountWithFixedSleep(maxRetries=10, sleepTime=1000 MILLISECONDS)
2019-09-26 16:40:20,231 [main] INFO  ipc.Client (Client.java:handleConnectionFailure(948)) - Retrying connect to server: localhost/127.0.0.1:0. Already tried 9 time(s); retry policy is RetryUpToMaximumCountWithFixedSleep(maxRetries=10, sleepTime=1000 MILLISECONDS)
2019-09-26 16:40:20,233 [main] INFO  retry.RetryInvocationHandler (RetryInvocationHandler.java:log(411)) - com.google.protobuf.ServiceException: java.net.ConnectException: Your endpoint configuration is wrong; For more details see:  http://wiki.apache.org/hadoop/UnsetHostnameOrPort, while invoking $Proxy35.submitRequest over nodeId=null,nodeAddress=127.0.0.1:0 after 4 failover attempts. Trying to failover immediately.
2019-09-26 16:40:21,234 [main] INFO  ipc.Client (Client.java:handleConnectionFailure(948)) - Retrying connect to server: localhost/127.0.0.1:0. Already tried 0 time(s); retry policy is RetryUpToMaximumCountWithFixedSleep(maxRetries=10, sleepTime=1000 MILLISECONDS)
2019-09-26 16:40:22,236 [main] INFO  ipc.Client (Client.java:handleConnectionFailure(948)) - Retrying connect to server: localhost/127.0.0.1:0. Already tried 1 time(s); retry policy is RetryUpToMaximumCountWithFixedSleep(maxRetries=10, sleepTime=1000 MILLISECONDS)
2019-09-26 16:40:23,237 [main] INFO  ipc.Client (Client.java:handleConnectionFailure(948)) - Retrying connect to server: localhost/127.0.0.1:0. Already tried 2 time(s); retry policy is RetryUpToMaximumCountWithFixedSleep(maxRetries=10, sleepTime=1000 MILLISECONDS)
2019-09-26 16:40:24,238 [main] INFO  ipc.Client (Client.java:handleConnectionFailure(948)) - Retrying connect to server: localhost/127.0.0.1:0. Already tried 3 time(s); retry policy is RetryUpToMaximumCountWithFixedSleep(maxRetries=10, sleepTime=1000 MILLISECONDS)
2019-09-26 16:40:25,239 [main] INFO  ipc.Client (Client.java:handleConnectionFailure(948)) - Retrying connect to server: localhost/127.0.0.1:0. Already tried 4 time(s); retry policy is RetryUpToMaximumCountWithFixedSleep(maxRetries=10, sleepTime=1000 MILLISECONDS)
2019-09-26 16:40:26,241 [main] INFO  ipc.Client (Client.java:handleConnectionFailure(948)) - Retrying connect to server: localhost/127.0.0.1:0. Already tried 5 time(s); retry policy is RetryUpToMaximumCountWithFixedSleep(maxRetries=10, sleepTime=1000 MILLISECONDS)
2019-09-26 16:40:27,242 [main] INFO  ipc.Client (Client.java:handleConnectionFailure(948)) - Retrying connect to server: localhost/127.0.0.1:0. Already tried 6 time(s); retry policy is RetryUpToMaximumCountWithFixedSleep(maxRetries=10, sleepTime=1000 MILLISECONDS)
2019-09-26 16:40:28,243 [main] INFO  ipc.Client (Client.java:handleConnectionFailure(948)) - Retrying connect to server: localhost/127.0.0.1:0. Already tried 7 time(s); retry policy is RetryUpToMaximumCountWithFixedSleep(maxRetries=10, sleepTime=1000 MILLISECONDS)
2019-09-26 16:40:29,245 [main] INFO  ipc.Client (Client.java:handleConnectionFailure(948)) - Retrying connect to server: localhost/127.0.0.1:0. Already tried 8 time(s); retry policy is RetryUpToMaximumCountWithFixedSleep(maxRetries=10, sleepTime=1000 MILLISECONDS)
2019-09-26 16:40:30,246 [main] INFO  ipc.Client (Client.java:handleConnectionFailure(948)) - Retrying connect to server: localhost/127.0.0.1:0. Already tried 9 time(s); retry policy is RetryUpToMaximumCountWithFixedSleep(maxRetries=10, sleepTime=1000 MILLISECONDS)
2019-09-26 16:40:30,247 [main] INFO  retry.RetryInvocationHandler (RetryInvocationHandler.java:log(411)) - com.google.protobuf.ServiceException: java.net.ConnectException: Your endpoint configuration is wrong; For more details see:  http://wiki.apache.org/hadoop/UnsetHostnameOrPort, while invoking $Proxy35.submitRequest over nodeId=null,nodeAddress=127.0.0.1:0 after 5 failover attempts. Trying to failover immediately.
2019-09-26 16:40:31,248 [main] INFO  ipc.Client (Client.java:handleConnectionFailure(948)) - Retrying connect to server: localhost/127.0.0.1:0. Already tried 0 time(s); retry policy is RetryUpToMaximumCountWithFixedSleep(maxRetries=10, sleepTime=1000 MILLISECONDS)
2019-09-26 16:40:32,250 [main] INFO  ipc.Client (Client.java:handleConnectionFailure(948)) - Retrying connect to server: localhost/127.0.0.1:0. Already tried 1 time(s); retry policy is RetryUpToMaximumCountWithFixedSleep(maxRetries=10, sleepTime=1000 MILLISECONDS)
2019-09-26 16:40:33,251 [main] INFO  ipc.Client (Client.java:handleConnectionFailure(948)) - Retrying connect to server: localhost/127.0.0.1:0. Already tried 2 time(s); retry policy is RetryUpToMaximumCountWithFixedSleep(maxRetries=10, sleepTime=1000 MILLISECONDS)
2019-09-26 16:40:34,252 [main] INFO  ipc.Client (Client.java:handleConnectionFailure(948)) - Retrying connect to server: localhost/127.0.0.1:0. Already tried 3 time(s); retry policy is RetryUpToMaximumCountWithFixedSleep(maxRetries=10, sleepTime=1000 MILLISECONDS)
2019-09-26 16:40:35,253 [main] INFO  ipc.Client (Client.java:handleConnectionFailure(948)) - Retrying connect to server: localhost/127.0.0.1:0. Already tried 4 time(s); retry policy is RetryUpToMaximumCountWithFixedSleep(maxRetries=10, sleepTime=1000 MILLISECONDS)
2019-09-26 16:40:36,254 [main] INFO  ipc.Client (Client.java:handleConnectionFailure(948)) - Retrying connect to server: localhost/127.0.0.1:0. Already tried 5 time(s); retry policy is RetryUpToMaximumCountWithFixedSleep(maxRetries=10, sleepTime=1000 MILLISECONDS)
2019-09-26 16:40:37,256 [main] INFO  ipc.Client (Client.java:handleConnectionFailure(948)) - Retrying connect to server: localhost/127.0.0.1:0. Already tried 6 time(s); retry policy is RetryUpToMaximumCountWithFixedSleep(maxRetries=10, sleepTime=1000 MILLISECONDS)
2019-09-26 16:40:38,257 [main] INFO  ipc.Client (Client.java:handleConnectionFailure(948)) - Retrying connect to server: localhost/127.0.0.1:0. Already tried 7 time(s); retry policy is RetryUpToMaximumCountWithFixedSleep(maxRetries=10, sleepTime=1000 MILLISECONDS)
2019-09-26 16:40:39,258 [main] INFO  ipc.Client (Client.java:handleConnectionFailure(948)) - Retrying connect to server: localhost/127.0.0.1:0. Already tried 8 time(s); retry policy is RetryUpToMaximumCountWithFixedSleep(maxRetries=10, sleepTime=1000 MILLISECONDS)
2019-09-26 16:40:40,259 [main] INFO  ipc.Client (Client.java:handleConnectionFailure(948)) - Retrying connect to server: localhost/127.0.0.1:0. Already tried 9 time(s); retry policy is RetryUpToMaximumCountWithFixedSleep(maxRetries=10, sleepTime=1000 MILLISECONDS)
2019-09-26 16:40:40,261 [main] INFO  retry.RetryInvocationHandler (RetryInvocationHandler.java:log(411)) - com.google.protobuf.ServiceException: java.net.ConnectException: Your endpoint configuration is wrong; For more details see:  http://wiki.apache.org/hadoop/UnsetHostnameOrPort, while invoking $Proxy35.submitRequest over nodeId=null,nodeAddress=127.0.0.1:0 after 6 failover attempts. Trying to failover immediately.
2019-09-26 16:40:41,262 [main] INFO  ipc.Client (Client.java:handleConnectionFailure(948)) - Retrying connect to server: localhost/127.0.0.1:0. Already tried 0 time(s); retry policy is RetryUpToMaximumCountWithFixedSleep(maxRetries=10, sleepTime=1000 MILLISECONDS)
2019-09-26 16:40:42,263 [main] INFO  ipc.Client (Client.java:handleConnectionFailure(948)) - Retrying connect to server: localhost/127.0.0.1:0. Already tried 1 time(s); retry policy is RetryUpToMaximumCountWithFixedSleep(maxRetries=10, sleepTime=1000 MILLISECONDS)
2019-09-26 16:40:43,264 [main] INFO  ipc.Client (Client.java:handleConnectionFailure(948)) - Retrying connect to server: localhost/127.0.0.1:0. Already tried 2 time(s); retry policy is RetryUpToMaximumCountWithFixedSleep(maxRetries=10, sleepTime=1000 MILLISECONDS)
2019-09-26 16:40:44,265 [main] INFO  ipc.Client (Client.java:handleConnectionFailure(948)) - Retrying connect to server: localhost/127.0.0.1:0. Already tried 3 time(s); retry policy is RetryUpToMaximumCountWithFixedSleep(maxRetries=10, sleepTime=1000 MILLISECONDS)
2019-09-26 16:40:45,267 [main] INFO  ipc.Client (Client.java:handleConnectionFailure(948)) - Retrying connect to server: localhost/127.0.0.1:0. Already tried 4 time(s); retry policy is RetryUpToMaximumCountWithFixedSleep(maxRetries=10, sleepTime=1000 MILLISECONDS)
2019-09-26 16:40:46,268 [main] INFO  ipc.Client (Client.java:handleConnectionFailure(948)) - Retrying connect to server: localhost/127.0.0.1:0. Already tried 5 time(s); retry policy is RetryUpToMaximumCountWithFixedSleep(maxRetries=10, sleepTime=1000 MILLISECONDS)
2019-09-26 16:40:47,270 [main] INFO  ipc.Client (Client.java:handleConnectionFailure(948)) - Retrying connect to server: localhost/127.0.0.1:0. Already tried 6 time(s); retry policy is RetryUpToMaximumCountWithFixedSleep(maxRetries=10, sleepTime=1000 MILLISECONDS)
2019-09-26 16:40:48,271 [main] INFO  ipc.Client (Client.java:handleConnectionFailure(948)) - Retrying connect to server: localhost/127.0.0.1:0. Already tried 7 time(s); retry policy is RetryUpToMaximumCountWithFixedSleep(maxRetries=10, sleepTime=1000 MILLISECONDS)
2019-09-26 16:40:49,272 [main] INFO  ipc.Client (Client.java:handleConnectionFailure(948)) - Retrying connect to server: localhost/127.0.0.1:0. Already tried 8 time(s); retry policy is RetryUpToMaximumCountWithFixedSleep(maxRetries=10, sleepTime=1000 MILLISECONDS)
2019-09-26 16:40:50,273 [main] INFO  ipc.Client (Client.java:handleConnectionFailure(948)) - Retrying connect to server: localhost/127.0.0.1:0. Already tried 9 time(s); retry policy is RetryUpToMaximumCountWithFixedSleep(maxRetries=10, sleepTime=1000 MILLISECONDS)
2019-09-26 16:40:50,275 [main] INFO  retry.RetryInvocationHandler (RetryInvocationHandler.java:log(411)) - com.google.protobuf.ServiceException: java.net.ConnectException: Your endpoint configuration is wrong; For more details see:  http://wiki.apache.org/hadoop/UnsetHostnameOrPort, while invoking $Proxy35.submitRequest over nodeId=null,nodeAddress=127.0.0.1:0 after 7 failover attempts. Trying to failover immediately.
2019-09-26 16:40:51,276 [main] INFO  ipc.Client (Client.java:handleConnectionFailure(948)) - Retrying connect to server: localhost/127.0.0.1:0. Already tried 0 time(s); retry policy is RetryUpToMaximumCountWithFixedSleep(maxRetries=10, sleepTime=1000 MILLISECONDS)
2019-09-26 16:40:52,277 [main] INFO  ipc.Client (Client.java:handleConnectionFailure(948)) - Retrying connect to server: localhost/127.0.0.1:0. Already tried 1 time(s); retry policy is RetryUpToMaximumCountWithFixedSleep(maxRetries=10, sleepTime=1000 MILLISECONDS)
2019-09-26 16:40:53,278 [main] INFO  ipc.Client (Client.java:handleConnectionFailure(948)) - Retrying connect to server: localhost/127.0.0.1:0. Already tried 2 time(s); retry policy is RetryUpToMaximumCountWithFixedSleep(maxRetries=10, sleepTime=1000 MILLISECONDS)
2019-09-26 16:40:54,279 [main] INFO  ipc.Client (Client.java:handleConnectionFailure(948)) - Retrying connect to server: localhost/127.0.0.1:0. Already tried 3 time(s); retry policy is RetryUpToMaximumCountWithFixedSleep(maxRetries=10, sleepTime=1000 MILLISECONDS)
2019-09-26 16:40:55,281 [main] INFO  ipc.Client (Client.java:handleConnectionFailure(948)) - Retrying connect to server: localhost/127.0.0.1:0. Already tried 4 time(s); retry policy is RetryUpToMaximumCountWithFixedSleep(maxRetries=10, sleepTime=1000 MILLISECONDS)
2019-09-26 16:40:56,282 [main] INFO  ipc.Client (Client.java:handleConnectionFailure(948)) - Retrying connect to server: localhost/127.0.0.1:0. Already tried 5 time(s); retry policy is RetryUpToMaximumCountWithFixedSleep(maxRetries=10, sleepTime=1000 MILLISECONDS)
2019-09-26 16:40:57,283 [main] INFO  ipc.Client (Client.java:handleConnectionFailure(948)) - Retrying connect to server: localhost/127.0.0.1:0. Already tried 6 time(s); retry policy is RetryUpToMaximumCountWithFixedSleep(maxRetries=10, sleepTime=1000 MILLISECONDS)
2019-09-26 16:40:58,284 [main] INFO  ipc.Client (Client.java:handleConnectionFailure(948)) - Retrying connect to server: localhost/127.0.0.1:0. Already tried 7 time(s); retry policy is RetryUpToMaximumCountWithFixedSleep(maxRetries=10, sleepTime=1000 MILLISECONDS)
2019-09-26 16:40:59,285 [main] INFO  ipc.Client (Client.java:handleConnectionFailure(948)) - Retrying connect to server: localhost/127.0.0.1:0. Already tried 8 time(s); retry policy is RetryUpToMaximumCountWithFixedSleep(maxRetries=10, sleepTime=1000 MILLISECONDS)
2019-09-26 16:41:00,287 [main] INFO  ipc.Client (Client.java:handleConnectionFailure(948)) - Retrying connect to server: localhost/127.0.0.1:0. Already tried 9 time(s); retry policy is RetryUpToMaximumCountWithFixedSleep(maxRetries=10, sleepTime=1000 MILLISECONDS)
2019-09-26 16:41:00,288 [main] INFO  retry.RetryInvocationHandler (RetryInvocationHandler.java:log(411)) - com.google.protobuf.ServiceException: java.net.ConnectException: Your endpoint configuration is wrong; For more details see:  http://wiki.apache.org/hadoop/UnsetHostnameOrPort, while invoking $Proxy35.submitRequest over nodeId=null,nodeAddress=127.0.0.1:0 after 8 failover attempts. Trying to failover immediately.
2019-09-26 16:41:01,289 [main] INFO  ipc.Client (Client.java:handleConnectionFailure(948)) - Retrying connect to server: localhost/127.0.0.1:0. Already tried 0 time(s); retry policy is RetryUpToMaximumCountWithFixedSleep(maxRetries=10, sleepTime=1000 MILLISECONDS)
2019-09-26 16:41:02,290 [main] INFO  ipc.Client (Client.java:handleConnectionFailure(948)) - Retrying connect to server: localhost/127.0.0.1:0. Already tried 1 time(s); retry policy is RetryUpToMaximumCountWithFixedSleep(maxRetries=10, sleepTime=1000 MILLISECONDS)
2019-09-26 16:41:03,292 [main] INFO  ipc.Client (Client.java:handleConnectionFailure(948)) - Retrying connect to server: localhost/127.0.0.1:0. Already tried 2 time(s); retry policy is RetryUpToMaximumCountWithFixedSleep(maxRetries=10, sleepTime=1000 MILLISECONDS)
2019-09-26 16:41:04,293 [main] INFO  ipc.Client (Client.java:handleConnectionFailure(948)) - Retrying connect to server: localhost/127.0.0.1:0. Already tried 3 time(s); retry policy is RetryUpToMaximumCountWithFixedSleep(maxRetries=10, sleepTime=1000 MILLISECONDS)
2019-09-26 16:41:05,294 [main] INFO  ipc.Client (Client.java:handleConnectionFailure(948)) - Retrying connect to server: localhost/127.0.0.1:0. Already tried 4 time(s); retry policy is RetryUpToMaximumCountWithFixedSleep(maxRetries=10, sleepTime=1000 MILLISECONDS)
2019-09-26 16:41:06,295 [main] INFO  ipc.Client (Client.java:handleConnectionFailure(948)) - Retrying connect to server: localhost/127.0.0.1:0. Already tried 5 time(s); retry policy is RetryUpToMaximumCountWithFixedSleep(maxRetries=10, sleepTime=1000 MILLISECONDS)
2019-09-26 16:41:07,296 [main] INFO  ipc.Client (Client.java:handleConnectionFailure(948)) - Retrying connect to server: localhost/127.0.0.1:0. Already tried 6 time(s); retry policy is RetryUpToMaximumCountWithFixedSleep(maxRetries=10, sleepTime=1000 MILLISECONDS)
2019-09-26 16:41:08,298 [main] INFO  ipc.Client (Client.java:handleConnectionFailure(948)) - Retrying connect to server: localhost/127.0.0.1:0. Already tried 7 time(s); retry policy is RetryUpToMaximumCountWithFixedSleep(maxRetries=10, sleepTime=1000 MILLISECONDS)
2019-09-26 16:41:09,300 [main] INFO  ipc.Client (Client.java:handleConnectionFailure(948)) - Retrying connect to server: localhost/127.0.0.1:0. Already tried 8 time(s); retry policy is RetryUpToMaximumCountWithFixedSleep(maxRetries=10, sleepTime=1000 MILLISECONDS)
2019-09-26 16:41:10,301 [main] INFO  ipc.Client (Client.java:handleConnectionFailure(948)) - Retrying connect to server: localhost/127.0.0.1:0. Already tried 9 time(s); retry policy is RetryUpToMaximumCountWithFixedSleep(maxRetries=10, sleepTime=1000 MILLISECONDS)
2019-09-26 16:41:10,303 [main] INFO  retry.RetryInvocationHandler (RetryInvocationHandler.java:log(411)) - com.google.protobuf.ServiceException: java.net.ConnectException: Your endpoint configuration is wrong; For more details see:  http://wiki.apache.org/hadoop/UnsetHostnameOrPort, while invoking $Proxy35.submitRequest over nodeId=null,nodeAddress=127.0.0.1:0 after 9 failover attempts. Trying to failover immediately.
2019-09-26 16:41:11,304 [main] INFO  ipc.Client (Client.java:handleConnectionFailure(948)) - Retrying connect to server: localhost/127.0.0.1:0. Already tried 0 time(s); retry policy is RetryUpToMaximumCountWithFixedSleep(maxRetries=10, sleepTime=1000 MILLISECONDS)
2019-09-26 16:41:12,305 [main] INFO  ipc.Client (Client.java:handleConnectionFailure(948)) - Retrying connect to server: localhost/127.0.0.1:0. Already tried 1 time(s); retry policy is RetryUpToMaximumCountWithFixedSleep(maxRetries=10, sleepTime=1000 MILLISECONDS)
2019-09-26 16:41:13,306 [main] INFO  ipc.Client (Client.java:handleConnectionFailure(948)) - Retrying connect to server: localhost/127.0.0.1:0. Already tried 2 time(s); retry policy is RetryUpToMaximumCountWithFixedSleep(maxRetries=10, sleepTime=1000 MILLISECONDS)
2019-09-26 16:41:14,307 [main] INFO  ipc.Client (Client.java:handleConnectionFailure(948)) - Retrying connect to server: localhost/127.0.0.1:0. Already tried 3 time(s); retry policy is RetryUpToMaximumCountWithFixedSleep(maxRetries=10, sleepTime=1000 MILLISECONDS)
2019-09-26 16:41:15,308 [main] INFO  ipc.Client (Client.java:handleConnectionFailure(948)) - Retrying connect to server: localhost/127.0.0.1:0. Already tried 4 time(s); retry policy is RetryUpToMaximumCountWithFixedSleep(maxRetries=10, sleepTime=1000 MILLISECONDS)
2019-09-26 16:41:16,310 [main] INFO  ipc.Client (Client.java:handleConnectionFailure(948)) - Retrying connect to server: localhost/127.0.0.1:0. Already tried 5 time(s); retry policy is RetryUpToMaximumCountWithFixedSleep(maxRetries=10, sleepTime=1000 MILLISECONDS)
2019-09-26 16:41:17,311 [main] INFO  ipc.Client (Client.java:handleConnectionFailure(948)) - Retrying connect to server: localhost/127.0.0.1:0. Already tried 6 time(s); retry policy is RetryUpToMaximumCountWithFixedSleep(maxRetries=10, sleepTime=1000 MILLISECONDS)
2019-09-26 16:41:18,312 [main] INFO  ipc.Client (Client.java:handleConnectionFailure(948)) - Retrying connect to server: localhost/127.0.0.1:0. Already tried 7 time(s); retry policy is RetryUpToMaximumCountWithFixedSleep(maxRetries=10, sleepTime=1000 MILLISECONDS)
2019-09-26 16:41:19,313 [main] INFO  ipc.Client (Client.java:handleConnectionFailure(948)) - Retrying connect to server: localhost/127.0.0.1:0. Already tried 8 time(s); retry policy is RetryUpToMaximumCountWithFixedSleep(maxRetries=10, sleepTime=1000 MILLISECONDS)
2019-09-26 16:41:20,315 [main] INFO  ipc.Client (Client.java:handleConnectionFailure(948)) - Retrying connect to server: localhost/127.0.0.1:0. Already tried 9 time(s); retry policy is RetryUpToMaximumCountWithFixedSleep(maxRetries=10, sleepTime=1000 MILLISECONDS)
2019-09-26 16:41:20,316 [main] ERROR ha.OMFailoverProxyProvider (OzoneManagerProtocolClientSideTranslatorPB.java:getRetryAction(268)) - Failed to connect to OM. Attempted 10 retries and 10 failovers
2019-09-26 16:41:20,317 [main] ERROR client.OzoneClientFactory (OzoneClientFactory.java:getClientProtocol(259)) - Couldn't create RpcClient protocol exception: 
java.net.ConnectException: Your endpoint configuration is wrong; For more details see:  http://wiki.apache.org/hadoop/UnsetHostnameOrPort
	at sun.reflect.GeneratedConstructorAccessor41.newInstance(Unknown Source)
	at sun.reflect.DelegatingConstructorAccessorImpl.newInstance(DelegatingConstructorAccessorImpl.java:45)
	at java.lang.reflect.Constructor.newInstance(Constructor.java:423)
	at org.apache.hadoop.net.NetUtils.wrapWithMessage(NetUtils.java:831)
	at org.apache.hadoop.net.NetUtils.wrapException(NetUtils.java:751)
	at org.apache.hadoop.ipc.Client.getRpcResponse(Client.java:1515)
	at org.apache.hadoop.ipc.Client.call(Client.java:1457)
	at org.apache.hadoop.ipc.Client.call(Client.java:1367)
	at org.apache.hadoop.ipc.ProtobufRpcEngine$Invoker.invoke(ProtobufRpcEngine.java:228)
	at org.apache.hadoop.ipc.ProtobufRpcEngine$Invoker.invoke(ProtobufRpcEngine.java:116)
	at com.sun.proxy.$Proxy35.submitRequest(Unknown Source)
	at sun.reflect.GeneratedMethodAccessor36.invoke(Unknown Source)
	at sun.reflect.DelegatingMethodAccessorImpl.invoke(DelegatingMethodAccessorImpl.java:43)
	at java.lang.reflect.Method.invoke(Method.java:498)
	at org.apache.hadoop.io.retry.RetryInvocationHandler.invokeMethod(RetryInvocationHandler.java:422)
	at org.apache.hadoop.io.retry.RetryInvocationHandler$Call.invokeMethod(RetryInvocationHandler.java:165)
	at org.apache.hadoop.io.retry.RetryInvocationHandler$Call.invoke(RetryInvocationHandler.java:157)
	at org.apache.hadoop.io.retry.RetryInvocationHandler$Call.invokeOnce(RetryInvocationHandler.java:95)
	at org.apache.hadoop.io.retry.RetryInvocationHandler.invoke(RetryInvocationHandler.java:359)
	at com.sun.proxy.$Proxy35.submitRequest(Unknown Source)
	at org.apache.hadoop.ozone.om.protocolPB.OzoneManagerProtocolClientSideTranslatorPB.submitRequest(OzoneManagerProtocolClientSideTranslatorPB.java:338)
	at org.apache.hadoop.ozone.om.protocolPB.OzoneManagerProtocolClientSideTranslatorPB.getServiceInfo(OzoneManagerProtocolClientSideTranslatorPB.java:1223)
	at sun.reflect.NativeMethodAccessorImpl.invoke0(Native Method)
	at sun.reflect.NativeMethodAccessorImpl.invoke(NativeMethodAccessorImpl.java:62)
	at sun.reflect.DelegatingMethodAccessorImpl.invoke(DelegatingMethodAccessorImpl.java:43)
	at java.lang.reflect.Method.invoke(Method.java:498)
	at org.apache.hadoop.hdds.tracing.TraceAllMethod.invoke(TraceAllMethod.java:66)
	at com.sun.proxy.$Proxy36.getServiceInfo(Unknown Source)
	at org.apache.hadoop.ozone.client.rpc.RpcClient.<init>(RpcClient.java:154)
	at org.apache.hadoop.ozone.client.OzoneClientFactory.getClientProtocol(OzoneClientFactory.java:256)
	at org.apache.hadoop.ozone.client.OzoneClientFactory.getClientProtocol(OzoneClientFactory.java:239)
	at org.apache.hadoop.ozone.client.OzoneClientFactory.getClient(OzoneClientFactory.java:75)
	at org.apache.hadoop.ozone.client.rpc.TestFailureHandlingByClient.init(TestFailureHandlingByClient.java:111)
	at org.apache.hadoop.ozone.client.rpc.TestFailureHandlingByClient.startCluster(TestFailureHandlingByClient.java:121)
	at org.apache.hadoop.ozone.client.rpc.TestFailureHandlingByClient.testWriteSmallFile(TestFailureHandlingByClient.java:177)
	at sun.reflect.NativeMethodAccessorImpl.invoke0(Native Method)
	at sun.reflect.NativeMethodAccessorImpl.invoke(NativeMethodAccessorImpl.java:62)
	at sun.reflect.DelegatingMethodAccessorImpl.invoke(DelegatingMethodAccessorImpl.java:43)
	at java.lang.reflect.Method.invoke(Method.java:498)
	at org.junit.runners.model.FrameworkMethod$1.runReflectiveCall(FrameworkMethod.java:47)
	at org.junit.internal.runners.model.ReflectiveCallable.run(ReflectiveCallable.java:12)
	at org.junit.runners.model.FrameworkMethod.invokeExplosively(FrameworkMethod.java:44)
	at org.junit.internal.runners.statements.InvokeMethod.evaluate(InvokeMethod.java:17)
	at org.junit.internal.runners.statements.RunAfters.evaluate(RunAfters.java:27)
	at org.junit.runners.ParentRunner.runLeaf(ParentRunner.java:271)
	at org.junit.runners.BlockJUnit4ClassRunner.runChild(BlockJUnit4ClassRunner.java:70)
	at org.junit.runners.BlockJUnit4ClassRunner.runChild(BlockJUnit4ClassRunner.java:50)
	at org.junit.runners.ParentRunner$3.run(ParentRunner.java:238)
	at org.junit.runners.ParentRunner$1.schedule(ParentRunner.java:63)
	at org.junit.runners.ParentRunner.runChildren(ParentRunner.java:236)
	at org.junit.runners.ParentRunner.access$000(ParentRunner.java:53)
	at org.junit.runners.ParentRunner$2.evaluate(ParentRunner.java:229)
	at org.junit.runners.ParentRunner.run(ParentRunner.java:309)
	at org.apache.maven.surefire.junit4.JUnit4Provider.execute(JUnit4Provider.java:365)
	at org.apache.maven.surefire.junit4.JUnit4Provider.executeWithRerun(JUnit4Provider.java:273)
	at org.apache.maven.surefire.junit4.JUnit4Provider.executeTestSet(JUnit4Provider.java:238)
	at org.apache.maven.surefire.junit4.JUnit4Provider.invoke(JUnit4Provider.java:159)
	at org.apache.maven.surefire.booter.ForkedBooter.invokeProviderInSameClassLoader(ForkedBooter.java:384)
	at org.apache.maven.surefire.booter.ForkedBooter.runSuitesInProcess(ForkedBooter.java:345)
	at org.apache.maven.surefire.booter.ForkedBooter.execute(ForkedBooter.java:126)
	at org.apache.maven.surefire.booter.ForkedBooter.main(ForkedBooter.java:418)
Caused by: java.net.ConnectException: Connection refused
	at sun.nio.ch.SocketChannelImpl.checkConnect(Native Method)
	at sun.nio.ch.SocketChannelImpl.finishConnect(SocketChannelImpl.java:717)
	at org.apache.hadoop.net.SocketIOWithTimeout.connect(SocketIOWithTimeout.java:206)
	at org.apache.hadoop.net.NetUtils.connect(NetUtils.java:531)
	at org.apache.hadoop.ipc.Client$Connection.setupConnection(Client.java:690)
	at org.apache.hadoop.ipc.Client$Connection.setupIOstreams(Client.java:794)
	at org.apache.hadoop.ipc.Client$Connection.access$3700(Client.java:411)
	at org.apache.hadoop.ipc.Client.getConnection(Client.java:1572)
	at org.apache.hadoop.ipc.Client.call(Client.java:1403)
	... 54 more
2019-09-26 16:41:20,318 [main] INFO  ozone.MiniOzoneClusterImpl (MiniOzoneClusterImpl.java:shutdown(314)) - Shutting down the Mini Ozone Cluster
2019-09-26 16:41:20,319 [main] INFO  ozone.MiniOzoneClusterImpl (MiniOzoneClusterImpl.java:stop(330)) - Stopping the Mini Ozone Cluster
2019-09-26 16:41:20,319 [main] INFO  ozone.MiniOzoneClusterImpl (MiniOzoneClusterImpl.java:stopOM(400)) - Stopping the OzoneManager
2019-09-26 16:41:20,319 [main] INFO  ipc.Server (Server.java:stop(3082)) - Stopping server on 32835
2019-09-26 16:41:20,340 [IPC Server listener on 32835] INFO  ipc.Server (Server.java:run(1185)) - Stopping IPC Server listener on 32835
2019-09-26 16:41:20,340 [main] INFO  ratis.OzoneManagerDoubleBuffer (OzoneManagerDoubleBuffer.java:stop(248)) - Stopping OMDoubleBuffer flush thread
2019-09-26 16:41:20,340 [IPC Server Responder] INFO  ipc.Server (Server.java:run(1319)) - Stopping IPC Server Responder
2019-09-26 16:41:20,364 [OMDoubleBufferFlushThread] INFO  ratis.OzoneManagerDoubleBuffer (OzoneManagerDoubleBuffer.java:flushTransactions(191)) - OMDoubleBuffer flush thread OMDoubleBufferFlushThread is interrupted and will exit. OMDoubleBufferFlushThread
2019-09-26 16:41:20,365 [main] INFO  utils.BackgroundService (BackgroundService.java:shutdown(148)) - Shutting down service KeyDeletingService
2019-09-26 16:41:20,367 [main] INFO  handler.ContextHandler (ContextHandler.java:doStop(910)) - Stopped o.e.j.w.WebAppContext@1c57f6b2{/,null,UNAVAILABLE}{/ozoneManager}
2019-09-26 16:41:20,369 [main] INFO  server.AbstractConnector (AbstractConnector.java:doStop(318)) - Stopped ServerConnector@4b515eab{HTTP/1.1,[http/1.1]}{0.0.0.0:0}
2019-09-26 16:41:20,369 [main] INFO  handler.ContextHandler (ContextHandler.java:doStop(910)) - Stopped o.e.j.s.ServletContextHandler@4eaf7902{/static,file:///workdir/hadoop-ozone/integration-test/target/test-classes/webapps/static,UNAVAILABLE}
2019-09-26 16:41:20,370 [main] INFO  handler.ContextHandler (ContextHandler.java:doStop(910)) - Stopped o.e.j.s.ServletContextHandler@7e15f4d4{/logs,file:///workdir/hadoop-ozone/integration-test/target/log,UNAVAILABLE}
2019-09-26 16:41:20,374 [main] INFO  ozone.MiniOzoneClusterImpl (MiniOzoneClusterImpl.java:stopDatanodes(377)) - Stopping the HddsDatanodes
2019-09-26 16:41:20,728 [Datanode State Machine Thread - 0] INFO  statemachine.DatanodeStateMachine (DatanodeStateMachine.java:lambda$startDaemon$0(350)) - Ozone container server started.
2019-09-26 16:41:21,104 [Datanode State Machine Thread - 0] INFO  statemachine.DatanodeStateMachine (DatanodeStateMachine.java:lambda$startDaemon$0(350)) - Ozone container server started.
2019-09-26 16:41:25,376 [main] INFO  ozoneimpl.OzoneContainer (OzoneContainer.java:stop(231)) - Attempting to stop container services.
2019-09-26 16:41:25,376 [ForkJoinPool.commonPool-worker-0] INFO  ozoneimpl.OzoneContainer (OzoneContainer.java:stop(231)) - Attempting to stop container services.
2019-09-26 16:41:25,377 [main] INFO  impl.RaftServerProxy (RaftServerProxy.java:lambda$close$4(314)) - 9d99e882-81d2-44b9-a20b-81697c871aa8: close
2019-09-26 16:41:25,378 [ForkJoinPool.commonPool-worker-0] INFO  impl.RaftServerProxy (RaftServerProxy.java:lambda$close$4(314)) - 654e0914-16db-411e-baa4-1aca811b0f8c: close
2019-09-26 16:41:25,378 [main] INFO  impl.RaftServerImpl (RaftServerImpl.java:lambda$shutdown$3(251)) - 9d99e882-81d2-44b9-a20b-81697c871aa8@group-F0985A92D6C2: shutdown
2019-09-26 16:41:25,378 [ForkJoinPool.commonPool-worker-0] INFO  impl.RaftServerImpl (RaftServerImpl.java:lambda$shutdown$3(251)) - 654e0914-16db-411e-baa4-1aca811b0f8c@group-560E5D370F76: shutdown
2019-09-26 16:41:25,379 [main] INFO  util.JmxRegister (JmxRegister.java:unregister(73)) - Successfully un-registered JMX Bean with object name Ratis:service=RaftServer,group=group-F0985A92D6C2,id=9d99e882-81d2-44b9-a20b-81697c871aa8
2019-09-26 16:41:25,379 [ForkJoinPool.commonPool-worker-0] INFO  util.JmxRegister (JmxRegister.java:unregister(73)) - Successfully un-registered JMX Bean with object name Ratis:service=RaftServer,group=group-560E5D370F76,id=654e0914-16db-411e-baa4-1aca811b0f8c
2019-09-26 16:41:25,380 [main] INFO  impl.RoleInfo (RoleInfo.java:shutdownFollowerState(121)) - 9d99e882-81d2-44b9-a20b-81697c871aa8: shutdown FollowerState
2019-09-26 16:41:25,380 [ForkJoinPool.commonPool-worker-0] INFO  impl.RoleInfo (RoleInfo.java:shutdownFollowerState(121)) - 654e0914-16db-411e-baa4-1aca811b0f8c: shutdown FollowerState
2019-09-26 16:41:25,381 [main] INFO  impl.StateMachineUpdater (StateMachineUpdater.java:stopAndJoin(125)) - 9d99e882-81d2-44b9-a20b-81697c871aa8@group-F0985A92D6C2-StateMachineUpdater: set stopIndex = 0
2019-09-26 16:41:25,381 [Thread-4127] INFO  impl.FollowerState (FollowerState.java:run(115)) - 654e0914-16db-411e-baa4-1aca811b0f8c: FollowerState was interrupted: java.lang.InterruptedException: sleep interrupted
2019-09-26 16:41:25,382 [main] INFO  impl.RaftServerImpl (ServerState.java:close(385)) - 9d99e882-81d2-44b9-a20b-81697c871aa8@group-F0985A92D6C2: closes. applyIndex: 0
2019-09-26 16:41:25,381 [Thread-4155] INFO  impl.FollowerState (FollowerState.java:run(115)) - 9d99e882-81d2-44b9-a20b-81697c871aa8: FollowerState was interrupted: java.lang.InterruptedException: sleep interrupted
2019-09-26 16:41:25,381 [ForkJoinPool.commonPool-worker-0] INFO  impl.StateMachineUpdater (StateMachineUpdater.java:stopAndJoin(125)) - 654e0914-16db-411e-baa4-1aca811b0f8c@group-560E5D370F76-StateMachineUpdater: set stopIndex = 0
2019-09-26 16:41:25,386 [ForkJoinPool.commonPool-worker-0] INFO  impl.RaftServerImpl (ServerState.java:close(385)) - 654e0914-16db-411e-baa4-1aca811b0f8c@group-560E5D370F76: closes. applyIndex: 0
2019-09-26 16:41:25,386 [9d99e882-81d2-44b9-a20b-81697c871aa8@group-F0985A92D6C2-SegmentedRaftLogWorker] INFO  segmented.SegmentedRaftLogWorker (SegmentedRaftLogWorker.java:run(313)) - 9d99e882-81d2-44b9-a20b-81697c871aa8@group-F0985A92D6C2-SegmentedRaftLogWorker was interrupted, exiting. There are 0 tasks remaining in the queue.
2019-09-26 16:41:25,387 [654e0914-16db-411e-baa4-1aca811b0f8c@group-560E5D370F76-SegmentedRaftLogWorker] INFO  segmented.SegmentedRaftLogWorker (SegmentedRaftLogWorker.java:run(313)) - 654e0914-16db-411e-baa4-1aca811b0f8c@group-560E5D370F76-SegmentedRaftLogWorker was interrupted, exiting. There are 0 tasks remaining in the queue.
2019-09-26 16:41:25,393 [main] INFO  segmented.SegmentedRaftLogWorker (SegmentedRaftLogWorker.java:close(228)) - 9d99e882-81d2-44b9-a20b-81697c871aa8@group-F0985A92D6C2-SegmentedRaftLogWorker close()
2019-09-26 16:41:25,393 [ForkJoinPool.commonPool-worker-0] INFO  segmented.SegmentedRaftLogWorker (SegmentedRaftLogWorker.java:close(228)) - 654e0914-16db-411e-baa4-1aca811b0f8c@group-560E5D370F76-SegmentedRaftLogWorker close()
2019-09-26 16:41:25,398 [main] INFO  impl.RaftServerImpl (RaftServerImpl.java:lambda$shutdown$3(251)) - 9d99e882-81d2-44b9-a20b-81697c871aa8@group-66EF7249BF49: shutdown
2019-09-26 16:41:25,404 [ForkJoinPool.commonPool-worker-0] INFO  impl.RaftServerImpl (RaftServerImpl.java:lambda$shutdown$3(251)) - 654e0914-16db-411e-baa4-1aca811b0f8c@group-E7678D24D90B: shutdown
2019-09-26 16:41:25,404 [main] INFO  util.JmxRegister (JmxRegister.java:unregister(73)) - Successfully un-registered JMX Bean with object name Ratis:service=RaftServer,group=group-66EF7249BF49,id=9d99e882-81d2-44b9-a20b-81697c871aa8
2019-09-26 16:41:25,404 [ForkJoinPool.commonPool-worker-0] INFO  util.JmxRegister (JmxRegister.java:unregister(73)) - Successfully un-registered JMX Bean with object name Ratis:service=RaftServer,group=group-E7678D24D90B,id=654e0914-16db-411e-baa4-1aca811b0f8c
2019-09-26 16:41:25,405 [main] INFO  impl.RoleInfo (RoleInfo.java:shutdownLeaderState(104)) - 9d99e882-81d2-44b9-a20b-81697c871aa8: shutdown LeaderState
2019-09-26 16:41:25,405 [ForkJoinPool.commonPool-worker-0] INFO  impl.RoleInfo (RoleInfo.java:shutdownLeaderState(104)) - 654e0914-16db-411e-baa4-1aca811b0f8c: shutdown LeaderState
2019-09-26 16:41:25,406 [main] INFO  impl.PendingRequests (PendingRequests.java:sendNotLeaderResponses(202)) - 9d99e882-81d2-44b9-a20b-81697c871aa8-PendingRequests: sendNotLeaderResponses
2019-09-26 16:41:25,406 [ForkJoinPool.commonPool-worker-0] INFO  impl.PendingRequests (PendingRequests.java:sendNotLeaderResponses(202)) - 654e0914-16db-411e-baa4-1aca811b0f8c-PendingRequests: sendNotLeaderResponses
2019-09-26 16:41:25,406 [main] INFO  impl.StateMachineUpdater (StateMachineUpdater.java:stopAndJoin(125)) - 9d99e882-81d2-44b9-a20b-81697c871aa8@group-66EF7249BF49-StateMachineUpdater: set stopIndex = 0
2019-09-26 16:41:25,407 [ForkJoinPool.commonPool-worker-0] INFO  impl.StateMachineUpdater (StateMachineUpdater.java:stopAndJoin(125)) - 654e0914-16db-411e-baa4-1aca811b0f8c@group-E7678D24D90B-StateMachineUpdater: set stopIndex = 0
2019-09-26 16:41:25,407 [main] INFO  impl.RaftServerImpl (ServerState.java:close(385)) - 9d99e882-81d2-44b9-a20b-81697c871aa8@group-66EF7249BF49: closes. applyIndex: 0
2019-09-26 16:41:25,407 [ForkJoinPool.commonPool-worker-0] INFO  impl.RaftServerImpl (ServerState.java:close(385)) - 654e0914-16db-411e-baa4-1aca811b0f8c@group-E7678D24D90B: closes. applyIndex: 0
2019-09-26 16:41:25,408 [9d99e882-81d2-44b9-a20b-81697c871aa8@group-66EF7249BF49-SegmentedRaftLogWorker] INFO  segmented.SegmentedRaftLogWorker (SegmentedRaftLogWorker.java:run(313)) - 9d99e882-81d2-44b9-a20b-81697c871aa8@group-66EF7249BF49-SegmentedRaftLogWorker was interrupted, exiting. There are 0 tasks remaining in the queue.
2019-09-26 16:41:25,408 [654e0914-16db-411e-baa4-1aca811b0f8c@group-E7678D24D90B-SegmentedRaftLogWorker] INFO  segmented.SegmentedRaftLogWorker (SegmentedRaftLogWorker.java:run(313)) - 654e0914-16db-411e-baa4-1aca811b0f8c@group-E7678D24D90B-SegmentedRaftLogWorker was interrupted, exiting. There are 0 tasks remaining in the queue.
2019-09-26 16:41:25,411 [main] INFO  segmented.SegmentedRaftLogWorker (SegmentedRaftLogWorker.java:close(228)) - 9d99e882-81d2-44b9-a20b-81697c871aa8@group-66EF7249BF49-SegmentedRaftLogWorker close()
2019-09-26 16:41:25,414 [ForkJoinPool.commonPool-worker-0] INFO  segmented.SegmentedRaftLogWorker (SegmentedRaftLogWorker.java:close(228)) - 654e0914-16db-411e-baa4-1aca811b0f8c@group-E7678D24D90B-SegmentedRaftLogWorker close()
2019-09-26 16:41:25,419 [main] INFO  server.GrpcService (GrpcService.java:closeImpl(164)) - 9d99e882-81d2-44b9-a20b-81697c871aa8: shutdown server with port 36094 now
2019-09-26 16:41:25,424 [ForkJoinPool.commonPool-worker-0] INFO  server.GrpcService (GrpcService.java:closeImpl(164)) - 654e0914-16db-411e-baa4-1aca811b0f8c: shutdown server with port 41857 now
2019-09-26 16:41:25,426 [ForkJoinPool.commonPool-worker-0] INFO  server.GrpcService (GrpcService.java:closeImpl(172)) - 654e0914-16db-411e-baa4-1aca811b0f8c: shutdown server with port 41857 successfully
2019-09-26 16:41:25,427 [grpc-default-executor-0] WARN  server.GrpcServerProtocolService (LogUtils.java:warn(134)) - 9d99e882-81d2-44b9-a20b-81697c871aa8: installSnapshot onError, lastRequest: 14c88ade-cfd3-469a-b57f-98ec0ca518ca->9d99e882-81d2-44b9-a20b-81697c871aa8#229-t1, previous=(t:1, i:0), leaderCommit=0, initializing? false, entries: <empty>: org.apache.ratis.thirdparty.io.grpc.StatusRuntimeException: CANCELLED: cancelled before receiving half close
2019-09-26 16:41:25,427 [grpc-default-executor-4] WARN  server.GrpcServerProtocolService (LogUtils.java:warn(134)) - 654e0914-16db-411e-baa4-1aca811b0f8c: installSnapshot onError, lastRequest: a0699d09-a252-4be5-8d0e-c35928e32e7e->654e0914-16db-411e-baa4-1aca811b0f8c#230-t1, previous=(t:1, i:0), leaderCommit=0, initializing? false, entries: <empty>: org.apache.ratis.thirdparty.io.grpc.StatusRuntimeException: CANCELLED: cancelled before receiving half close
2019-09-26 16:41:25,426 [main] INFO  server.GrpcService (GrpcService.java:closeImpl(172)) - 9d99e882-81d2-44b9-a20b-81697c871aa8: shutdown server with port 36094 successfully
2019-09-26 16:41:25,427 [grpc-default-executor-3] WARN  server.GrpcLogAppender (LogUtils.java:warn(134)) - 14c88ade-cfd3-469a-b57f-98ec0ca518ca@group-F0985A92D6C2->9d99e882-81d2-44b9-a20b-81697c871aa8-AppendLogResponseHandler: Failed appendEntries: org.apache.ratis.thirdparty.io.grpc.StatusRuntimeException: CANCELLED: HTTP/2 error code: CANCEL
Received Rst Stream
2019-09-26 16:41:25,429 [grpc-default-executor-1] WARN  server.GrpcLogAppender (LogUtils.java:warn(134)) - a0699d09-a252-4be5-8d0e-c35928e32e7e@group-560E5D370F76->654e0914-16db-411e-baa4-1aca811b0f8c-AppendLogResponseHandler: Failed appendEntries: org.apache.ratis.thirdparty.io.grpc.StatusRuntimeException: CANCELLED: HTTP/2 error code: CANCEL
Received Rst Stream
2019-09-26 16:41:25,429 [grpc-default-executor-3] INFO  impl.FollowerInfo (FollowerInfo.java:lambda$new$0(51)) - 14c88ade-cfd3-469a-b57f-98ec0ca518ca@group-F0985A92D6C2->9d99e882-81d2-44b9-a20b-81697c871aa8: nextIndex: updateUnconditionally 1 -> 0
2019-09-26 16:41:25,429 [grpc-default-executor-1] INFO  impl.FollowerInfo (FollowerInfo.java:lambda$new$0(51)) - a0699d09-a252-4be5-8d0e-c35928e32e7e@group-560E5D370F76->654e0914-16db-411e-baa4-1aca811b0f8c: nextIndex: updateUnconditionally 1 -> 0
2019-09-26 16:41:25,431 [refreshUsed-/workdir/hadoop-ozone/integration-test/target/test-dir/MiniOzoneClusterImpl-0d69453a-2620-4e4e-b2d5-320b1f4020d1/datanode-2/data/containers] WARN  fs.CachingGetSpaceUsed (CachingGetSpaceUsed.java:run(183)) - Thread Interrupted waiting to refresh disk information: sleep interrupted
2019-09-26 16:41:25,432 [refreshUsed-/workdir/hadoop-ozone/integration-test/target/test-dir/MiniOzoneClusterImpl-0d69453a-2620-4e4e-b2d5-320b1f4020d1/datanode-5/data/containers] WARN  fs.CachingGetSpaceUsed (CachingGetSpaceUsed.java:run(183)) - Thread Interrupted waiting to refresh disk information: sleep interrupted
2019-09-26 16:41:25,456 [main] INFO  utils.BackgroundService (BackgroundService.java:shutdown(148)) - Shutting down service BlockDeletingService
2019-09-26 16:41:25,457 [ForkJoinPool.commonPool-worker-0] INFO  utils.BackgroundService (BackgroundService.java:shutdown(148)) - Shutting down service BlockDeletingService
2019-09-26 16:41:25,464 [main] INFO  statemachine.DatanodeStateMachine (DatanodeStateMachine.java:stopDaemon(395)) - Ozone container server stopped.
2019-09-26 16:41:25,471 [ForkJoinPool.commonPool-worker-0] INFO  statemachine.DatanodeStateMachine (DatanodeStateMachine.java:stopDaemon(395)) - Ozone container server stopped.
2019-09-26 16:41:25,476 [main] INFO  handler.ContextHandler (ContextHandler.java:doStop(910)) - Stopped o.e.j.w.WebAppContext@6b4125ed{/,null,UNAVAILABLE}{/hddsDatanode}
2019-09-26 16:41:25,478 [ForkJoinPool.commonPool-worker-0] INFO  handler.ContextHandler (ContextHandler.java:doStop(910)) - Stopped o.e.j.w.WebAppContext@7fda2001{/,null,UNAVAILABLE}{/hddsDatanode}
2019-09-26 16:41:25,479 [main] INFO  server.AbstractConnector (AbstractConnector.java:doStop(318)) - Stopped ServerConnector@78da899f{HTTP/1.1,[http/1.1]}{0.0.0.0:0}
2019-09-26 16:41:25,479 [ForkJoinPool.commonPool-worker-0] INFO  server.AbstractConnector (AbstractConnector.java:doStop(318)) - Stopped ServerConnector@162c1dfb{HTTP/1.1,[http/1.1]}{0.0.0.0:0}
2019-09-26 16:41:25,480 [main] INFO  handler.ContextHandler (ContextHandler.java:doStop(910)) - Stopped o.e.j.s.ServletContextHandler@60f77af{/static,jar:file:/home/user/.m2/repository/org/apache/hadoop/hadoop-hdds-container-service/0.5.0-SNAPSHOT/hadoop-hdds-container-service-0.5.0-SNAPSHOT.jar!/webapps/static,UNAVAILABLE}
2019-09-26 16:41:25,482 [ForkJoinPool.commonPool-worker-0] INFO  handler.ContextHandler (ContextHandler.java:doStop(910)) - Stopped o.e.j.s.ServletContextHandler@7741771e{/static,jar:file:/home/user/.m2/repository/org/apache/hadoop/hadoop-hdds-container-service/0.5.0-SNAPSHOT/hadoop-hdds-container-service-0.5.0-SNAPSHOT.jar!/webapps/static,UNAVAILABLE}
2019-09-26 16:41:25,482 [main] INFO  handler.ContextHandler (ContextHandler.java:doStop(910)) - Stopped o.e.j.s.ServletContextHandler@637791d{/logs,file:///workdir/hadoop-ozone/integration-test/target/log,UNAVAILABLE}
2019-09-26 16:41:25,485 [ForkJoinPool.commonPool-worker-0] INFO  handler.ContextHandler (ContextHandler.java:doStop(910)) - Stopped o.e.j.s.ServletContextHandler@cfd1075{/logs,file:///workdir/hadoop-ozone/integration-test/target/log,UNAVAILABLE}
2019-09-26 16:41:25,793 [Datanode State Machine Thread - 0] INFO  statemachine.DatanodeStateMachine (DatanodeStateMachine.java:lambda$startDaemon$0(350)) - Ozone container server started.
2019-09-26 16:41:25,806 [grpc-default-executor-3] WARN  server.GrpcLogAppender (LogUtils.java:warn(134)) - a0699d09-a252-4be5-8d0e-c35928e32e7e@group-560E5D370F76->654e0914-16db-411e-baa4-1aca811b0f8c-AppendLogResponseHandler: Failed appendEntries: org.apache.ratis.thirdparty.io.grpc.StatusRuntimeException: UNAVAILABLE: io exception
2019-09-26 16:41:25,806 [grpc-default-executor-3] INFO  impl.FollowerInfo (FollowerInfo.java:lambda$new$0(51)) - a0699d09-a252-4be5-8d0e-c35928e32e7e@group-560E5D370F76->654e0914-16db-411e-baa4-1aca811b0f8c: nextIndex: updateUnconditionally 0 -> 0
2019-09-26 16:41:25,852 [grpc-default-executor-3] WARN  server.GrpcLogAppender (LogUtils.java:warn(134)) - 14c88ade-cfd3-469a-b57f-98ec0ca518ca@group-F0985A92D6C2->9d99e882-81d2-44b9-a20b-81697c871aa8-AppendLogResponseHandler: Failed appendEntries: org.apache.ratis.thirdparty.io.grpc.StatusRuntimeException: UNAVAILABLE: io exception
2019-09-26 16:41:25,852 [grpc-default-executor-3] INFO  impl.FollowerInfo (FollowerInfo.java:lambda$new$0(51)) - 14c88ade-cfd3-469a-b57f-98ec0ca518ca@group-F0985A92D6C2->9d99e882-81d2-44b9-a20b-81697c871aa8: nextIndex: updateUnconditionally 0 -> 0
2019-09-26 16:41:26,097 [Datanode State Machine Thread - 0] INFO  statemachine.DatanodeStateMachine (DatanodeStateMachine.java:lambda$startDaemon$0(350)) - Ozone container server started.
2019-09-26 16:41:26,305 [grpc-default-executor-3] WARN  server.GrpcLogAppender (LogUtils.java:warn(134)) - a0699d09-a252-4be5-8d0e-c35928e32e7e@group-560E5D370F76->654e0914-16db-411e-baa4-1aca811b0f8c-AppendLogResponseHandler: Failed appendEntries: org.apache.ratis.thirdparty.io.grpc.StatusRuntimeException: UNAVAILABLE: io exception
2019-09-26 16:41:26,305 [grpc-default-executor-3] INFO  impl.FollowerInfo (FollowerInfo.java:lambda$new$0(51)) - a0699d09-a252-4be5-8d0e-c35928e32e7e@group-560E5D370F76->654e0914-16db-411e-baa4-1aca811b0f8c: nextIndex: updateUnconditionally 0 -> 0
2019-09-26 16:41:26,352 [grpc-default-executor-3] WARN  server.GrpcLogAppender (LogUtils.java:warn(134)) - 14c88ade-cfd3-469a-b57f-98ec0ca518ca@group-F0985A92D6C2->9d99e882-81d2-44b9-a20b-81697c871aa8-AppendLogResponseHandler: Failed appendEntries: org.apache.ratis.thirdparty.io.grpc.StatusRuntimeException: UNAVAILABLE: io exception
2019-09-26 16:41:26,353 [grpc-default-executor-3] INFO  impl.FollowerInfo (FollowerInfo.java:lambda$new$0(51)) - 14c88ade-cfd3-469a-b57f-98ec0ca518ca@group-F0985A92D6C2->9d99e882-81d2-44b9-a20b-81697c871aa8: nextIndex: updateUnconditionally 0 -> 0
2019-09-26 16:41:26,819 [grpc-default-executor-4] WARN  server.GrpcLogAppender (LogUtils.java:warn(134)) - a0699d09-a252-4be5-8d0e-c35928e32e7e@group-560E5D370F76->654e0914-16db-411e-baa4-1aca811b0f8c-AppendLogResponseHandler: Failed appendEntries: org.apache.ratis.thirdparty.io.grpc.StatusRuntimeException: UNAVAILABLE: io exception
2019-09-26 16:41:26,820 [grpc-default-executor-4] INFO  impl.FollowerInfo (FollowerInfo.java:lambda$new$0(51)) - a0699d09-a252-4be5-8d0e-c35928e32e7e@group-560E5D370F76->654e0914-16db-411e-baa4-1aca811b0f8c: nextIndex: updateUnconditionally 0 -> 0
2019-09-26 16:41:26,852 [grpc-default-executor-4] WARN  server.GrpcLogAppender (LogUtils.java:warn(134)) - 14c88ade-cfd3-469a-b57f-98ec0ca518ca@group-F0985A92D6C2->9d99e882-81d2-44b9-a20b-81697c871aa8-AppendLogResponseHandler: Failed appendEntries: org.apache.ratis.thirdparty.io.grpc.StatusRuntimeException: UNAVAILABLE: io exception
2019-09-26 16:41:26,853 [grpc-default-executor-4] INFO  impl.FollowerInfo (FollowerInfo.java:lambda$new$0(51)) - 14c88ade-cfd3-469a-b57f-98ec0ca518ca@group-F0985A92D6C2->9d99e882-81d2-44b9-a20b-81697c871aa8: nextIndex: updateUnconditionally 0 -> 0
2019-09-26 16:41:27,307 [grpc-default-executor-4] WARN  server.GrpcLogAppender (LogUtils.java:warn(134)) - a0699d09-a252-4be5-8d0e-c35928e32e7e@group-560E5D370F76->654e0914-16db-411e-baa4-1aca811b0f8c-AppendLogResponseHandler: Failed appendEntries: org.apache.ratis.thirdparty.io.grpc.StatusRuntimeException: UNAVAILABLE: io exception
2019-09-26 16:41:27,308 [grpc-default-executor-4] INFO  impl.FollowerInfo (FollowerInfo.java:lambda$new$0(51)) - a0699d09-a252-4be5-8d0e-c35928e32e7e@group-560E5D370F76->654e0914-16db-411e-baa4-1aca811b0f8c: nextIndex: updateUnconditionally 0 -> 0
2019-09-26 16:41:27,353 [grpc-default-executor-4] WARN  server.GrpcLogAppender (LogUtils.java:warn(134)) - 14c88ade-cfd3-469a-b57f-98ec0ca518ca@group-F0985A92D6C2->9d99e882-81d2-44b9-a20b-81697c871aa8-AppendLogResponseHandler: Failed appendEntries: org.apache.ratis.thirdparty.io.grpc.StatusRuntimeException: UNAVAILABLE: io exception
2019-09-26 16:41:27,354 [grpc-default-executor-4] INFO  impl.FollowerInfo (FollowerInfo.java:lambda$new$0(51)) - 14c88ade-cfd3-469a-b57f-98ec0ca518ca@group-F0985A92D6C2->9d99e882-81d2-44b9-a20b-81697c871aa8: nextIndex: updateUnconditionally 0 -> 0
2019-09-26 16:41:27,808 [grpc-default-executor-4] WARN  server.GrpcLogAppender (LogUtils.java:warn(134)) - a0699d09-a252-4be5-8d0e-c35928e32e7e@group-560E5D370F76->654e0914-16db-411e-baa4-1aca811b0f8c-AppendLogResponseHandler: Failed appendEntries: org.apache.ratis.thirdparty.io.grpc.StatusRuntimeException: UNAVAILABLE: io exception
2019-09-26 16:41:27,808 [grpc-default-executor-4] INFO  impl.FollowerInfo (FollowerInfo.java:lambda$new$0(51)) - a0699d09-a252-4be5-8d0e-c35928e32e7e@group-560E5D370F76->654e0914-16db-411e-baa4-1aca811b0f8c: nextIndex: updateUnconditionally 0 -> 0
2019-09-26 16:41:27,854 [grpc-default-executor-1] WARN  server.GrpcLogAppender (LogUtils.java:warn(134)) - 14c88ade-cfd3-469a-b57f-98ec0ca518ca@group-F0985A92D6C2->9d99e882-81d2-44b9-a20b-81697c871aa8-AppendLogResponseHandler: Failed appendEntries: org.apache.ratis.thirdparty.io.grpc.StatusRuntimeException: UNAVAILABLE: io exception
2019-09-26 16:41:27,854 [grpc-default-executor-1] INFO  impl.FollowerInfo (FollowerInfo.java:lambda$new$0(51)) - 14c88ade-cfd3-469a-b57f-98ec0ca518ca@group-F0985A92D6C2->9d99e882-81d2-44b9-a20b-81697c871aa8: nextIndex: updateUnconditionally 0 -> 0
2019-09-26 16:41:28,308 [grpc-default-executor-1] WARN  server.GrpcLogAppender (LogUtils.java:warn(134)) - a0699d09-a252-4be5-8d0e-c35928e32e7e@group-560E5D370F76->654e0914-16db-411e-baa4-1aca811b0f8c-AppendLogResponseHandler: Failed appendEntries: org.apache.ratis.thirdparty.io.grpc.StatusRuntimeException: UNAVAILABLE: io exception
2019-09-26 16:41:28,308 [grpc-default-executor-1] INFO  impl.FollowerInfo (FollowerInfo.java:lambda$new$0(51)) - a0699d09-a252-4be5-8d0e-c35928e32e7e@group-560E5D370F76->654e0914-16db-411e-baa4-1aca811b0f8c: nextIndex: updateUnconditionally 0 -> 0
2019-09-26 16:41:28,354 [grpc-default-executor-1] WARN  server.GrpcLogAppender (LogUtils.java:warn(134)) - 14c88ade-cfd3-469a-b57f-98ec0ca518ca@group-F0985A92D6C2->9d99e882-81d2-44b9-a20b-81697c871aa8-AppendLogResponseHandler: Failed appendEntries: org.apache.ratis.thirdparty.io.grpc.StatusRuntimeException: UNAVAILABLE: io exception
2019-09-26 16:41:28,354 [grpc-default-executor-1] INFO  impl.FollowerInfo (FollowerInfo.java:lambda$new$0(51)) - 14c88ade-cfd3-469a-b57f-98ec0ca518ca@group-F0985A92D6C2->9d99e882-81d2-44b9-a20b-81697c871aa8: nextIndex: updateUnconditionally 0 -> 0
2019-09-26 16:41:28,809 [grpc-default-executor-1] WARN  server.GrpcLogAppender (LogUtils.java:warn(134)) - a0699d09-a252-4be5-8d0e-c35928e32e7e@group-560E5D370F76->654e0914-16db-411e-baa4-1aca811b0f8c-AppendLogResponseHandler: Failed appendEntries: org.apache.ratis.thirdparty.io.grpc.StatusRuntimeException: UNAVAILABLE: io exception
2019-09-26 16:41:28,809 [grpc-default-executor-1] INFO  impl.FollowerInfo (FollowerInfo.java:lambda$new$0(51)) - a0699d09-a252-4be5-8d0e-c35928e32e7e@group-560E5D370F76->654e0914-16db-411e-baa4-1aca811b0f8c: nextIndex: updateUnconditionally 0 -> 0
2019-09-26 16:41:28,855 [grpc-default-executor-1] WARN  server.GrpcLogAppender (LogUtils.java:warn(134)) - 14c88ade-cfd3-469a-b57f-98ec0ca518ca@group-F0985A92D6C2->9d99e882-81d2-44b9-a20b-81697c871aa8-AppendLogResponseHandler: Failed appendEntries: org.apache.ratis.thirdparty.io.grpc.StatusRuntimeException: UNAVAILABLE: io exception
2019-09-26 16:41:28,855 [grpc-default-executor-1] INFO  impl.FollowerInfo (FollowerInfo.java:lambda$new$0(51)) - 14c88ade-cfd3-469a-b57f-98ec0ca518ca@group-F0985A92D6C2->9d99e882-81d2-44b9-a20b-81697c871aa8: nextIndex: updateUnconditionally 0 -> 0
2019-09-26 16:41:29,310 [grpc-default-executor-1] WARN  server.GrpcLogAppender (LogUtils.java:warn(134)) - a0699d09-a252-4be5-8d0e-c35928e32e7e@group-560E5D370F76->654e0914-16db-411e-baa4-1aca811b0f8c-AppendLogResponseHandler: Failed appendEntries: org.apache.ratis.thirdparty.io.grpc.StatusRuntimeException: UNAVAILABLE: io exception
2019-09-26 16:41:29,311 [grpc-default-executor-1] INFO  impl.FollowerInfo (FollowerInfo.java:lambda$new$0(51)) - a0699d09-a252-4be5-8d0e-c35928e32e7e@group-560E5D370F76->654e0914-16db-411e-baa4-1aca811b0f8c: nextIndex: updateUnconditionally 0 -> 0
2019-09-26 16:41:29,356 [grpc-default-executor-1] WARN  server.GrpcLogAppender (LogUtils.java:warn(134)) - 14c88ade-cfd3-469a-b57f-98ec0ca518ca@group-F0985A92D6C2->9d99e882-81d2-44b9-a20b-81697c871aa8-AppendLogResponseHandler: Failed appendEntries: org.apache.ratis.thirdparty.io.grpc.StatusRuntimeException: UNAVAILABLE: io exception
2019-09-26 16:41:29,356 [grpc-default-executor-1] INFO  impl.FollowerInfo (FollowerInfo.java:lambda$new$0(51)) - 14c88ade-cfd3-469a-b57f-98ec0ca518ca@group-F0985A92D6C2->9d99e882-81d2-44b9-a20b-81697c871aa8: nextIndex: updateUnconditionally 0 -> 0
2019-09-26 16:41:29,810 [grpc-default-executor-1] WARN  server.GrpcLogAppender (LogUtils.java:warn(134)) - a0699d09-a252-4be5-8d0e-c35928e32e7e@group-560E5D370F76->654e0914-16db-411e-baa4-1aca811b0f8c-AppendLogResponseHandler: Failed appendEntries: org.apache.ratis.thirdparty.io.grpc.StatusRuntimeException: UNAVAILABLE: io exception
2019-09-26 16:41:29,811 [grpc-default-executor-1] INFO  impl.FollowerInfo (FollowerInfo.java:lambda$new$0(51)) - a0699d09-a252-4be5-8d0e-c35928e32e7e@group-560E5D370F76->654e0914-16db-411e-baa4-1aca811b0f8c: nextIndex: updateUnconditionally 0 -> 0
2019-09-26 16:41:29,856 [grpc-default-executor-1] WARN  server.GrpcLogAppender (LogUtils.java:warn(134)) - 14c88ade-cfd3-469a-b57f-98ec0ca518ca@group-F0985A92D6C2->9d99e882-81d2-44b9-a20b-81697c871aa8-AppendLogResponseHandler: Failed appendEntries: org.apache.ratis.thirdparty.io.grpc.StatusRuntimeException: UNAVAILABLE: io exception
2019-09-26 16:41:29,856 [grpc-default-executor-1] INFO  impl.FollowerInfo (FollowerInfo.java:lambda$new$0(51)) - 14c88ade-cfd3-469a-b57f-98ec0ca518ca@group-F0985A92D6C2->9d99e882-81d2-44b9-a20b-81697c871aa8: nextIndex: updateUnconditionally 0 -> 0
2019-09-26 16:41:30,311 [grpc-default-executor-1] WARN  server.GrpcLogAppender (LogUtils.java:warn(134)) - a0699d09-a252-4be5-8d0e-c35928e32e7e@group-560E5D370F76->654e0914-16db-411e-baa4-1aca811b0f8c-AppendLogResponseHandler: Failed appendEntries: org.apache.ratis.thirdparty.io.grpc.StatusRuntimeException: UNAVAILABLE: io exception
2019-09-26 16:41:30,312 [grpc-default-executor-1] INFO  impl.FollowerInfo (FollowerInfo.java:lambda$new$0(51)) - a0699d09-a252-4be5-8d0e-c35928e32e7e@group-560E5D370F76->654e0914-16db-411e-baa4-1aca811b0f8c: nextIndex: updateUnconditionally 0 -> 0
2019-09-26 16:41:30,357 [grpc-default-executor-3] WARN  server.GrpcLogAppender (LogUtils.java:warn(134)) - 14c88ade-cfd3-469a-b57f-98ec0ca518ca@group-F0985A92D6C2->9d99e882-81d2-44b9-a20b-81697c871aa8-AppendLogResponseHandler: Failed appendEntries: org.apache.ratis.thirdparty.io.grpc.StatusRuntimeException: UNAVAILABLE: io exception
2019-09-26 16:41:30,357 [grpc-default-executor-3] INFO  impl.FollowerInfo (FollowerInfo.java:lambda$new$0(51)) - 14c88ade-cfd3-469a-b57f-98ec0ca518ca@group-F0985A92D6C2->9d99e882-81d2-44b9-a20b-81697c871aa8: nextIndex: updateUnconditionally 0 -> 0
2019-09-26 16:41:30,487 [main] INFO  ozoneimpl.OzoneContainer (OzoneContainer.java:stop(231)) - Attempting to stop container services.
2019-09-26 16:41:30,487 [ForkJoinPool.commonPool-worker-0] INFO  ozoneimpl.OzoneContainer (OzoneContainer.java:stop(231)) - Attempting to stop container services.
2019-09-26 16:41:30,488 [main] INFO  impl.RaftServerProxy (RaftServerProxy.java:lambda$close$4(314)) - d3288a9b-14bd-48c9-b698-6bc497213938: close
2019-09-26 16:41:30,488 [ForkJoinPool.commonPool-worker-0] INFO  impl.RaftServerProxy (RaftServerProxy.java:lambda$close$4(314)) - eb18520e-12e8-4d27-8838-dd2c94abb977: close
2019-09-26 16:41:30,489 [main] INFO  impl.RaftServerImpl (RaftServerImpl.java:lambda$shutdown$3(251)) - d3288a9b-14bd-48c9-b698-6bc497213938@group-366C0E5D09EB: shutdown
2019-09-26 16:41:30,489 [ForkJoinPool.commonPool-worker-0] INFO  impl.RaftServerImpl (RaftServerImpl.java:lambda$shutdown$3(251)) - eb18520e-12e8-4d27-8838-dd2c94abb977@group-2F102EC141BE: shutdown
2019-09-26 16:41:30,489 [main] INFO  util.JmxRegister (JmxRegister.java:unregister(73)) - Successfully un-registered JMX Bean with object name Ratis:service=RaftServer,group=group-366C0E5D09EB,id=d3288a9b-14bd-48c9-b698-6bc497213938
2019-09-26 16:41:30,490 [main] INFO  impl.RoleInfo (RoleInfo.java:shutdownLeaderState(104)) - d3288a9b-14bd-48c9-b698-6bc497213938: shutdown LeaderState
2019-09-26 16:41:30,490 [ForkJoinPool.commonPool-worker-0] INFO  util.JmxRegister (JmxRegister.java:unregister(73)) - Successfully un-registered JMX Bean with object name Ratis:service=RaftServer,group=group-2F102EC141BE,id=eb18520e-12e8-4d27-8838-dd2c94abb977
2019-09-26 16:41:30,491 [main] INFO  impl.PendingRequests (PendingRequests.java:sendNotLeaderResponses(202)) - d3288a9b-14bd-48c9-b698-6bc497213938-PendingRequests: sendNotLeaderResponses
2019-09-26 16:41:30,491 [ForkJoinPool.commonPool-worker-0] INFO  impl.RoleInfo (RoleInfo.java:shutdownLeaderState(104)) - eb18520e-12e8-4d27-8838-dd2c94abb977: shutdown LeaderState
2019-09-26 16:41:30,491 [main] INFO  impl.StateMachineUpdater (StateMachineUpdater.java:stopAndJoin(125)) - d3288a9b-14bd-48c9-b698-6bc497213938@group-366C0E5D09EB-StateMachineUpdater: set stopIndex = 0
2019-09-26 16:41:30,492 [main] INFO  impl.RaftServerImpl (ServerState.java:close(385)) - d3288a9b-14bd-48c9-b698-6bc497213938@group-366C0E5D09EB: closes. applyIndex: 0
2019-09-26 16:41:30,492 [ForkJoinPool.commonPool-worker-0] INFO  impl.PendingRequests (PendingRequests.java:sendNotLeaderResponses(202)) - eb18520e-12e8-4d27-8838-dd2c94abb977-PendingRequests: sendNotLeaderResponses
2019-09-26 16:41:30,493 [d3288a9b-14bd-48c9-b698-6bc497213938@group-366C0E5D09EB-SegmentedRaftLogWorker] INFO  segmented.SegmentedRaftLogWorker (SegmentedRaftLogWorker.java:run(313)) - d3288a9b-14bd-48c9-b698-6bc497213938@group-366C0E5D09EB-SegmentedRaftLogWorker was interrupted, exiting. There are 0 tasks remaining in the queue.
2019-09-26 16:41:30,493 [ForkJoinPool.commonPool-worker-0] INFO  impl.StateMachineUpdater (StateMachineUpdater.java:stopAndJoin(125)) - eb18520e-12e8-4d27-8838-dd2c94abb977@group-2F102EC141BE-StateMachineUpdater: set stopIndex = 0
2019-09-26 16:41:30,498 [main] INFO  segmented.SegmentedRaftLogWorker (SegmentedRaftLogWorker.java:close(228)) - d3288a9b-14bd-48c9-b698-6bc497213938@group-366C0E5D09EB-SegmentedRaftLogWorker close()
2019-09-26 16:41:30,498 [ForkJoinPool.commonPool-worker-0] INFO  impl.RaftServerImpl (ServerState.java:close(385)) - eb18520e-12e8-4d27-8838-dd2c94abb977@group-2F102EC141BE: closes. applyIndex: 0
2019-09-26 16:41:30,504 [main] INFO  impl.RaftServerImpl (RaftServerImpl.java:lambda$shutdown$3(251)) - d3288a9b-14bd-48c9-b698-6bc497213938@group-65BB8CEB6BF0: shutdown
2019-09-26 16:41:30,504 [eb18520e-12e8-4d27-8838-dd2c94abb977@group-2F102EC141BE-SegmentedRaftLogWorker] INFO  segmented.SegmentedRaftLogWorker (SegmentedRaftLogWorker.java:run(313)) - eb18520e-12e8-4d27-8838-dd2c94abb977@group-2F102EC141BE-SegmentedRaftLogWorker was interrupted, exiting. There are 0 tasks remaining in the queue.
2019-09-26 16:41:30,504 [main] INFO  util.JmxRegister (JmxRegister.java:unregister(73)) - Successfully un-registered JMX Bean with object name Ratis:service=RaftServer,group=group-65BB8CEB6BF0,id=d3288a9b-14bd-48c9-b698-6bc497213938
2019-09-26 16:41:30,507 [main] INFO  impl.RoleInfo (RoleInfo.java:shutdownFollowerState(121)) - d3288a9b-14bd-48c9-b698-6bc497213938: shutdown FollowerState
2019-09-26 16:41:30,508 [main] INFO  impl.StateMachineUpdater (StateMachineUpdater.java:stopAndJoin(125)) - d3288a9b-14bd-48c9-b698-6bc497213938@group-65BB8CEB6BF0-StateMachineUpdater: set stopIndex = 0
2019-09-26 16:41:30,508 [main] INFO  impl.RaftServerImpl (ServerState.java:close(385)) - d3288a9b-14bd-48c9-b698-6bc497213938@group-65BB8CEB6BF0: closes. applyIndex: 0
2019-09-26 16:41:30,508 [Thread-4164] INFO  impl.FollowerState (FollowerState.java:run(115)) - d3288a9b-14bd-48c9-b698-6bc497213938: FollowerState was interrupted: java.lang.InterruptedException: sleep interrupted
2019-09-26 16:41:30,512 [ForkJoinPool.commonPool-worker-0] INFO  segmented.SegmentedRaftLogWorker (SegmentedRaftLogWorker.java:close(228)) - eb18520e-12e8-4d27-8838-dd2c94abb977@group-2F102EC141BE-SegmentedRaftLogWorker close()
2019-09-26 16:41:30,512 [d3288a9b-14bd-48c9-b698-6bc497213938@group-65BB8CEB6BF0-SegmentedRaftLogWorker] INFO  segmented.SegmentedRaftLogWorker (SegmentedRaftLogWorker.java:run(313)) - d3288a9b-14bd-48c9-b698-6bc497213938@group-65BB8CEB6BF0-SegmentedRaftLogWorker was interrupted, exiting. There are 0 tasks remaining in the queue.
2019-09-26 16:41:30,517 [ForkJoinPool.commonPool-worker-0] INFO  impl.RaftServerImpl (RaftServerImpl.java:lambda$shutdown$3(251)) - eb18520e-12e8-4d27-8838-dd2c94abb977@group-65BB8CEB6BF0: shutdown
2019-09-26 16:41:30,520 [main] INFO  segmented.SegmentedRaftLogWorker (SegmentedRaftLogWorker.java:close(228)) - d3288a9b-14bd-48c9-b698-6bc497213938@group-65BB8CEB6BF0-SegmentedRaftLogWorker close()
2019-09-26 16:41:30,520 [ForkJoinPool.commonPool-worker-0] INFO  util.JmxRegister (JmxRegister.java:unregister(73)) - Successfully un-registered JMX Bean with object name Ratis:service=RaftServer,group=group-65BB8CEB6BF0,id=eb18520e-12e8-4d27-8838-dd2c94abb977
2019-09-26 16:41:30,525 [main] INFO  server.GrpcService (GrpcService.java:closeImpl(164)) - d3288a9b-14bd-48c9-b698-6bc497213938: shutdown server with port 38480 now
2019-09-26 16:41:30,525 [ForkJoinPool.commonPool-worker-0] INFO  impl.RoleInfo (RoleInfo.java:shutdownFollowerState(121)) - eb18520e-12e8-4d27-8838-dd2c94abb977: shutdown FollowerState
2019-09-26 16:41:30,526 [ForkJoinPool.commonPool-worker-0] INFO  impl.StateMachineUpdater (StateMachineUpdater.java:stopAndJoin(125)) - eb18520e-12e8-4d27-8838-dd2c94abb977@group-65BB8CEB6BF0-StateMachineUpdater: set stopIndex = 0
2019-09-26 16:41:30,527 [main] INFO  server.GrpcService (GrpcService.java:closeImpl(172)) - d3288a9b-14bd-48c9-b698-6bc497213938: shutdown server with port 38480 successfully
2019-09-26 16:41:30,526 [grpc-default-executor-1] WARN  server.GrpcServerProtocolService (LogUtils.java:warn(134)) - d3288a9b-14bd-48c9-b698-6bc497213938: installSnapshot onError, lastRequest: 348490e5-42cf-4351-bcb2-b161fe6117cc->d3288a9b-14bd-48c9-b698-6bc497213938#239-t1, previous=(t:1, i:0), leaderCommit=0, initializing? false, entries: <empty>: org.apache.ratis.thirdparty.io.grpc.StatusRuntimeException: CANCELLED: cancelled before receiving half close
2019-09-26 16:41:30,527 [Thread-4173] INFO  impl.FollowerState (FollowerState.java:run(115)) - eb18520e-12e8-4d27-8838-dd2c94abb977: FollowerState was interrupted: java.lang.InterruptedException: sleep interrupted
2019-09-26 16:41:30,527 [ForkJoinPool.commonPool-worker-0] INFO  impl.RaftServerImpl (ServerState.java:close(385)) - eb18520e-12e8-4d27-8838-dd2c94abb977@group-65BB8CEB6BF0: closes. applyIndex: 0
2019-09-26 16:41:30,527 [grpc-default-executor-3] WARN  server.GrpcLogAppender (LogUtils.java:warn(134)) - 348490e5-42cf-4351-bcb2-b161fe6117cc@group-65BB8CEB6BF0->d3288a9b-14bd-48c9-b698-6bc497213938-AppendLogResponseHandler: Failed appendEntries: org.apache.ratis.thirdparty.io.grpc.StatusRuntimeException: CANCELLED: HTTP/2 error code: CANCEL
Received Rst Stream
2019-09-26 16:41:30,532 [eb18520e-12e8-4d27-8838-dd2c94abb977@group-65BB8CEB6BF0-SegmentedRaftLogWorker] INFO  segmented.SegmentedRaftLogWorker (SegmentedRaftLogWorker.java:run(313)) - eb18520e-12e8-4d27-8838-dd2c94abb977@group-65BB8CEB6BF0-SegmentedRaftLogWorker was interrupted, exiting. There are 0 tasks remaining in the queue.
2019-09-26 16:41:30,532 [grpc-default-executor-3] INFO  impl.FollowerInfo (FollowerInfo.java:lambda$new$0(51)) - 348490e5-42cf-4351-bcb2-b161fe6117cc@group-65BB8CEB6BF0->d3288a9b-14bd-48c9-b698-6bc497213938: nextIndex: updateUnconditionally 1 -> 0
2019-09-26 16:41:30,536 [ForkJoinPool.commonPool-worker-0] INFO  segmented.SegmentedRaftLogWorker (SegmentedRaftLogWorker.java:close(228)) - eb18520e-12e8-4d27-8838-dd2c94abb977@group-65BB8CEB6BF0-SegmentedRaftLogWorker close()
2019-09-26 16:41:30,542 [ForkJoinPool.commonPool-worker-0] INFO  server.GrpcService (GrpcService.java:closeImpl(164)) - eb18520e-12e8-4d27-8838-dd2c94abb977: shutdown server with port 36334 now
2019-09-26 16:41:30,542 [refreshUsed-/workdir/hadoop-ozone/integration-test/target/test-dir/MiniOzoneClusterImpl-0d69453a-2620-4e4e-b2d5-320b1f4020d1/datanode-6/data/containers] WARN  fs.CachingGetSpaceUsed (CachingGetSpaceUsed.java:run(183)) - Thread Interrupted waiting to refresh disk information: sleep interrupted
2019-09-26 16:41:30,543 [grpc-default-executor-1] WARN  server.GrpcServerProtocolService (LogUtils.java:warn(134)) - eb18520e-12e8-4d27-8838-dd2c94abb977: installSnapshot onError, lastRequest: 348490e5-42cf-4351-bcb2-b161fe6117cc->eb18520e-12e8-4d27-8838-dd2c94abb977#239-t1, previous=(t:1, i:0), leaderCommit=0, initializing? false, entries: <empty>: org.apache.ratis.thirdparty.io.grpc.StatusRuntimeException: CANCELLED: cancelled before receiving half close
2019-09-26 16:41:30,543 [grpc-default-executor-3] WARN  server.GrpcLogAppender (LogUtils.java:warn(134)) - 348490e5-42cf-4351-bcb2-b161fe6117cc@group-65BB8CEB6BF0->eb18520e-12e8-4d27-8838-dd2c94abb977-AppendLogResponseHandler: Failed appendEntries: org.apache.ratis.thirdparty.io.grpc.StatusRuntimeException: CANCELLED: HTTP/2 error code: CANCEL
Received Rst Stream
2019-09-26 16:41:30,543 [ForkJoinPool.commonPool-worker-0] INFO  server.GrpcService (GrpcService.java:closeImpl(172)) - eb18520e-12e8-4d27-8838-dd2c94abb977: shutdown server with port 36334 successfully
2019-09-26 16:41:30,544 [grpc-default-executor-3] INFO  impl.FollowerInfo (FollowerInfo.java:lambda$new$0(51)) - 348490e5-42cf-4351-bcb2-b161fe6117cc@group-65BB8CEB6BF0->eb18520e-12e8-4d27-8838-dd2c94abb977: nextIndex: updateUnconditionally 1 -> 0
2019-09-26 16:41:30,547 [refreshUsed-/workdir/hadoop-ozone/integration-test/target/test-dir/MiniOzoneClusterImpl-0d69453a-2620-4e4e-b2d5-320b1f4020d1/datanode-3/data/containers] WARN  fs.CachingGetSpaceUsed (CachingGetSpaceUsed.java:run(183)) - Thread Interrupted waiting to refresh disk information: sleep interrupted
2019-09-26 16:41:30,564 [main] INFO  utils.BackgroundService (BackgroundService.java:shutdown(148)) - Shutting down service BlockDeletingService
2019-09-26 16:41:30,572 [main] INFO  statemachine.DatanodeStateMachine (DatanodeStateMachine.java:stopDaemon(395)) - Ozone container server stopped.
2019-09-26 16:41:30,573 [main] INFO  handler.ContextHandler (ContextHandler.java:doStop(910)) - Stopped o.e.j.w.WebAppContext@4f59a516{/,null,UNAVAILABLE}{/hddsDatanode}
2019-09-26 16:41:30,574 [main] INFO  server.AbstractConnector (AbstractConnector.java:doStop(318)) - Stopped ServerConnector@4e22368c{HTTP/1.1,[http/1.1]}{0.0.0.0:0}
2019-09-26 16:41:30,574 [ForkJoinPool.commonPool-worker-0] INFO  utils.BackgroundService (BackgroundService.java:shutdown(148)) - Shutting down service BlockDeletingService
2019-09-26 16:41:30,574 [main] INFO  handler.ContextHandler (ContextHandler.java:doStop(910)) - Stopped o.e.j.s.ServletContextHandler@78b7f805{/static,jar:file:/home/user/.m2/repository/org/apache/hadoop/hadoop-hdds-container-service/0.5.0-SNAPSHOT/hadoop-hdds-container-service-0.5.0-SNAPSHOT.jar!/webapps/static,UNAVAILABLE}
2019-09-26 16:41:30,575 [main] INFO  handler.ContextHandler (ContextHandler.java:doStop(910)) - Stopped o.e.j.s.ServletContextHandler@581b1c08{/logs,file:///workdir/hadoop-ozone/integration-test/target/log,UNAVAILABLE}
2019-09-26 16:41:30,583 [ForkJoinPool.commonPool-worker-0] INFO  statemachine.DatanodeStateMachine (DatanodeStateMachine.java:stopDaemon(395)) - Ozone container server stopped.
2019-09-26 16:41:30,595 [ForkJoinPool.commonPool-worker-0] INFO  handler.ContextHandler (ContextHandler.java:doStop(910)) - Stopped o.e.j.w.WebAppContext@7a1b8a46{/,null,UNAVAILABLE}{/hddsDatanode}
2019-09-26 16:41:30,595 [ForkJoinPool.commonPool-worker-0] INFO  server.AbstractConnector (AbstractConnector.java:doStop(318)) - Stopped ServerConnector@2921199d{HTTP/1.1,[http/1.1]}{0.0.0.0:0}
2019-09-26 16:41:30,598 [ForkJoinPool.commonPool-worker-0] INFO  handler.ContextHandler (ContextHandler.java:doStop(910)) - Stopped o.e.j.s.ServletContextHandler@62b09715{/static,jar:file:/home/user/.m2/repository/org/apache/hadoop/hadoop-hdds-container-service/0.5.0-SNAPSHOT/hadoop-hdds-container-service-0.5.0-SNAPSHOT.jar!/webapps/static,UNAVAILABLE}
2019-09-26 16:41:30,601 [ForkJoinPool.commonPool-worker-0] INFO  handler.ContextHandler (ContextHandler.java:doStop(910)) - Stopped o.e.j.s.ServletContextHandler@5f8d9767{/logs,file:///workdir/hadoop-ozone/integration-test/target/log,UNAVAILABLE}
2019-09-26 16:41:30,812 [grpc-default-executor-3] WARN  server.GrpcLogAppender (LogUtils.java:warn(134)) - a0699d09-a252-4be5-8d0e-c35928e32e7e@group-560E5D370F76->654e0914-16db-411e-baa4-1aca811b0f8c-AppendLogResponseHandler: Failed appendEntries: org.apache.ratis.thirdparty.io.grpc.StatusRuntimeException: UNAVAILABLE: io exception
2019-09-26 16:41:30,813 [grpc-default-executor-3] INFO  impl.FollowerInfo (FollowerInfo.java:lambda$new$0(51)) - a0699d09-a252-4be5-8d0e-c35928e32e7e@group-560E5D370F76->654e0914-16db-411e-baa4-1aca811b0f8c: nextIndex: updateUnconditionally 0 -> 0
2019-09-26 16:41:30,832 [grpc-default-executor-3] WARN  server.GrpcLogAppender (LogUtils.java:warn(134)) - 348490e5-42cf-4351-bcb2-b161fe6117cc@group-65BB8CEB6BF0->eb18520e-12e8-4d27-8838-dd2c94abb977-AppendLogResponseHandler: Failed appendEntries: org.apache.ratis.thirdparty.io.grpc.StatusRuntimeException: UNAVAILABLE: io exception
2019-09-26 16:41:30,832 [grpc-default-executor-3] INFO  impl.FollowerInfo (FollowerInfo.java:lambda$new$0(51)) - 348490e5-42cf-4351-bcb2-b161fe6117cc@group-65BB8CEB6BF0->eb18520e-12e8-4d27-8838-dd2c94abb977: nextIndex: updateUnconditionally 0 -> 0
2019-09-26 16:41:30,849 [Datanode State Machine Thread - 0] INFO  statemachine.DatanodeStateMachine (DatanodeStateMachine.java:lambda$startDaemon$0(350)) - Ozone container server started.
2019-09-26 16:41:30,849 [grpc-default-executor-3] WARN  server.GrpcLogAppender (LogUtils.java:warn(134)) - 348490e5-42cf-4351-bcb2-b161fe6117cc@group-65BB8CEB6BF0->d3288a9b-14bd-48c9-b698-6bc497213938-AppendLogResponseHandler: Failed appendEntries: org.apache.ratis.thirdparty.io.grpc.StatusRuntimeException: UNAVAILABLE: io exception
2019-09-26 16:41:30,849 [grpc-default-executor-3] INFO  impl.FollowerInfo (FollowerInfo.java:lambda$new$0(51)) - 348490e5-42cf-4351-bcb2-b161fe6117cc@group-65BB8CEB6BF0->d3288a9b-14bd-48c9-b698-6bc497213938: nextIndex: updateUnconditionally 0 -> 0
2019-09-26 16:41:30,857 [grpc-default-executor-3] WARN  server.GrpcLogAppender (LogUtils.java:warn(134)) - 14c88ade-cfd3-469a-b57f-98ec0ca518ca@group-F0985A92D6C2->9d99e882-81d2-44b9-a20b-81697c871aa8-AppendLogResponseHandler: Failed appendEntries: org.apache.ratis.thirdparty.io.grpc.StatusRuntimeException: UNAVAILABLE: io exception
2019-09-26 16:41:30,857 [grpc-default-executor-3] INFO  impl.FollowerInfo (FollowerInfo.java:lambda$new$0(51)) - 14c88ade-cfd3-469a-b57f-98ec0ca518ca@group-F0985A92D6C2->9d99e882-81d2-44b9-a20b-81697c871aa8: nextIndex: updateUnconditionally 0 -> 0
2019-09-26 16:41:31,114 [Datanode State Machine Thread - 0] INFO  statemachine.DatanodeStateMachine (DatanodeStateMachine.java:lambda$startDaemon$0(350)) - Ozone container server started.
2019-09-26 16:41:31,313 [grpc-default-executor-4] WARN  server.GrpcLogAppender (LogUtils.java:warn(134)) - a0699d09-a252-4be5-8d0e-c35928e32e7e@group-560E5D370F76->654e0914-16db-411e-baa4-1aca811b0f8c-AppendLogResponseHandler: Failed appendEntries: org.apache.ratis.thirdparty.io.grpc.StatusRuntimeException: UNAVAILABLE: io exception
2019-09-26 16:41:31,313 [grpc-default-executor-4] INFO  impl.FollowerInfo (FollowerInfo.java:lambda$new$0(51)) - a0699d09-a252-4be5-8d0e-c35928e32e7e@group-560E5D370F76->654e0914-16db-411e-baa4-1aca811b0f8c: nextIndex: updateUnconditionally 0 -> 0
2019-09-26 16:41:31,332 [grpc-default-executor-4] WARN  server.GrpcLogAppender (LogUtils.java:warn(134)) - 348490e5-42cf-4351-bcb2-b161fe6117cc@group-65BB8CEB6BF0->eb18520e-12e8-4d27-8838-dd2c94abb977-AppendLogResponseHandler: Failed appendEntries: org.apache.ratis.thirdparty.io.grpc.StatusRuntimeException: UNAVAILABLE: io exception
2019-09-26 16:41:31,333 [grpc-default-executor-4] INFO  impl.FollowerInfo (FollowerInfo.java:lambda$new$0(51)) - 348490e5-42cf-4351-bcb2-b161fe6117cc@group-65BB8CEB6BF0->eb18520e-12e8-4d27-8838-dd2c94abb977: nextIndex: updateUnconditionally 0 -> 0
2019-09-26 16:41:31,349 [grpc-default-executor-1] WARN  server.GrpcLogAppender (LogUtils.java:warn(134)) - 348490e5-42cf-4351-bcb2-b161fe6117cc@group-65BB8CEB6BF0->d3288a9b-14bd-48c9-b698-6bc497213938-AppendLogResponseHandler: Failed appendEntries: org.apache.ratis.thirdparty.io.grpc.StatusRuntimeException: UNAVAILABLE: io exception
2019-09-26 16:41:31,350 [grpc-default-executor-1] INFO  impl.FollowerInfo (FollowerInfo.java:lambda$new$0(51)) - 348490e5-42cf-4351-bcb2-b161fe6117cc@group-65BB8CEB6BF0->d3288a9b-14bd-48c9-b698-6bc497213938: nextIndex: updateUnconditionally 0 -> 0
2019-09-26 16:41:31,357 [grpc-default-executor-3] WARN  server.GrpcLogAppender (LogUtils.java:warn(134)) - 14c88ade-cfd3-469a-b57f-98ec0ca518ca@group-F0985A92D6C2->9d99e882-81d2-44b9-a20b-81697c871aa8-AppendLogResponseHandler: Failed appendEntries: org.apache.ratis.thirdparty.io.grpc.StatusRuntimeException: UNAVAILABLE: io exception
2019-09-26 16:41:31,358 [grpc-default-executor-3] INFO  impl.FollowerInfo (FollowerInfo.java:lambda$new$0(51)) - 14c88ade-cfd3-469a-b57f-98ec0ca518ca@group-F0985A92D6C2->9d99e882-81d2-44b9-a20b-81697c871aa8: nextIndex: updateUnconditionally 0 -> 0
2019-09-26 16:41:31,814 [grpc-default-executor-3] WARN  server.GrpcLogAppender (LogUtils.java:warn(134)) - a0699d09-a252-4be5-8d0e-c35928e32e7e@group-560E5D370F76->654e0914-16db-411e-baa4-1aca811b0f8c-AppendLogResponseHandler: Failed appendEntries: org.apache.ratis.thirdparty.io.grpc.StatusRuntimeException: UNAVAILABLE: io exception
2019-09-26 16:41:31,814 [grpc-default-executor-3] INFO  impl.FollowerInfo (FollowerInfo.java:lambda$new$0(51)) - a0699d09-a252-4be5-8d0e-c35928e32e7e@group-560E5D370F76->654e0914-16db-411e-baa4-1aca811b0f8c: nextIndex: updateUnconditionally 0 -> 0
2019-09-26 16:41:31,832 [grpc-default-executor-1] WARN  server.GrpcLogAppender (LogUtils.java:warn(134)) - 348490e5-42cf-4351-bcb2-b161fe6117cc@group-65BB8CEB6BF0->eb18520e-12e8-4d27-8838-dd2c94abb977-AppendLogResponseHandler: Failed appendEntries: org.apache.ratis.thirdparty.io.grpc.StatusRuntimeException: UNAVAILABLE: io exception
2019-09-26 16:41:31,833 [grpc-default-executor-1] INFO  impl.FollowerInfo (FollowerInfo.java:lambda$new$0(51)) - 348490e5-42cf-4351-bcb2-b161fe6117cc@group-65BB8CEB6BF0->eb18520e-12e8-4d27-8838-dd2c94abb977: nextIndex: updateUnconditionally 0 -> 0
2019-09-26 16:41:31,851 [grpc-default-executor-4] WARN  server.GrpcLogAppender (LogUtils.java:warn(134)) - 348490e5-42cf-4351-bcb2-b161fe6117cc@group-65BB8CEB6BF0->d3288a9b-14bd-48c9-b698-6bc497213938-AppendLogResponseHandler: Failed appendEntries: org.apache.ratis.thirdparty.io.grpc.StatusRuntimeException: UNAVAILABLE: io exception
2019-09-26 16:41:31,851 [grpc-default-executor-4] INFO  impl.FollowerInfo (FollowerInfo.java:lambda$new$0(51)) - 348490e5-42cf-4351-bcb2-b161fe6117cc@group-65BB8CEB6BF0->d3288a9b-14bd-48c9-b698-6bc497213938: nextIndex: updateUnconditionally 0 -> 0
2019-09-26 16:41:31,858 [grpc-default-executor-4] WARN  server.GrpcLogAppender (LogUtils.java:warn(134)) - 14c88ade-cfd3-469a-b57f-98ec0ca518ca@group-F0985A92D6C2->9d99e882-81d2-44b9-a20b-81697c871aa8-AppendLogResponseHandler: Failed appendEntries: org.apache.ratis.thirdparty.io.grpc.StatusRuntimeException: UNAVAILABLE: io exception
2019-09-26 16:41:31,858 [grpc-default-executor-4] INFO  impl.FollowerInfo (FollowerInfo.java:lambda$new$0(51)) - 14c88ade-cfd3-469a-b57f-98ec0ca518ca@group-F0985A92D6C2->9d99e882-81d2-44b9-a20b-81697c871aa8: nextIndex: updateUnconditionally 0 -> 0
2019-09-26 16:41:32,314 [grpc-default-executor-4] WARN  server.GrpcLogAppender (LogUtils.java:warn(134)) - a0699d09-a252-4be5-8d0e-c35928e32e7e@group-560E5D370F76->654e0914-16db-411e-baa4-1aca811b0f8c-AppendLogResponseHandler: Failed appendEntries: org.apache.ratis.thirdparty.io.grpc.StatusRuntimeException: UNAVAILABLE: io exception
2019-09-26 16:41:32,314 [grpc-default-executor-4] INFO  impl.FollowerInfo (FollowerInfo.java:lambda$new$0(51)) - a0699d09-a252-4be5-8d0e-c35928e32e7e@group-560E5D370F76->654e0914-16db-411e-baa4-1aca811b0f8c: nextIndex: updateUnconditionally 0 -> 0
2019-09-26 16:41:32,333 [grpc-default-executor-3] WARN  server.GrpcLogAppender (LogUtils.java:warn(134)) - 348490e5-42cf-4351-bcb2-b161fe6117cc@group-65BB8CEB6BF0->eb18520e-12e8-4d27-8838-dd2c94abb977-AppendLogResponseHandler: Failed appendEntries: org.apache.ratis.thirdparty.io.grpc.StatusRuntimeException: UNAVAILABLE: io exception
2019-09-26 16:41:32,334 [grpc-default-executor-3] INFO  impl.FollowerInfo (FollowerInfo.java:lambda$new$0(51)) - 348490e5-42cf-4351-bcb2-b161fe6117cc@group-65BB8CEB6BF0->eb18520e-12e8-4d27-8838-dd2c94abb977: nextIndex: updateUnconditionally 0 -> 0
2019-09-26 16:41:32,351 [grpc-default-executor-3] WARN  server.GrpcLogAppender (LogUtils.java:warn(134)) - 348490e5-42cf-4351-bcb2-b161fe6117cc@group-65BB8CEB6BF0->d3288a9b-14bd-48c9-b698-6bc497213938-AppendLogResponseHandler: Failed appendEntries: org.apache.ratis.thirdparty.io.grpc.StatusRuntimeException: UNAVAILABLE: io exception
2019-09-26 16:41:32,351 [grpc-default-executor-3] INFO  impl.FollowerInfo (FollowerInfo.java:lambda$new$0(51)) - 348490e5-42cf-4351-bcb2-b161fe6117cc@group-65BB8CEB6BF0->d3288a9b-14bd-48c9-b698-6bc497213938: nextIndex: updateUnconditionally 0 -> 0
2019-09-26 16:41:32,358 [grpc-default-executor-3] WARN  server.GrpcLogAppender (LogUtils.java:warn(134)) - 14c88ade-cfd3-469a-b57f-98ec0ca518ca@group-F0985A92D6C2->9d99e882-81d2-44b9-a20b-81697c871aa8-AppendLogResponseHandler: Failed appendEntries: org.apache.ratis.thirdparty.io.grpc.StatusRuntimeException: UNAVAILABLE: io exception
2019-09-26 16:41:32,359 [grpc-default-executor-3] INFO  impl.FollowerInfo (FollowerInfo.java:lambda$new$0(51)) - 14c88ade-cfd3-469a-b57f-98ec0ca518ca@group-F0985A92D6C2->9d99e882-81d2-44b9-a20b-81697c871aa8: nextIndex: updateUnconditionally 0 -> 0
2019-09-26 16:41:32,815 [grpc-default-executor-1] WARN  server.GrpcLogAppender (LogUtils.java:warn(134)) - a0699d09-a252-4be5-8d0e-c35928e32e7e@group-560E5D370F76->654e0914-16db-411e-baa4-1aca811b0f8c-AppendLogResponseHandler: Failed appendEntries: org.apache.ratis.thirdparty.io.grpc.StatusRuntimeException: UNAVAILABLE: io exception
2019-09-26 16:41:32,815 [grpc-default-executor-1] INFO  impl.FollowerInfo (FollowerInfo.java:lambda$new$0(51)) - a0699d09-a252-4be5-8d0e-c35928e32e7e@group-560E5D370F76->654e0914-16db-411e-baa4-1aca811b0f8c: nextIndex: updateUnconditionally 0 -> 0
2019-09-26 16:41:32,835 [grpc-default-executor-3] WARN  server.GrpcLogAppender (LogUtils.java:warn(134)) - 348490e5-42cf-4351-bcb2-b161fe6117cc@group-65BB8CEB6BF0->eb18520e-12e8-4d27-8838-dd2c94abb977-AppendLogResponseHandler: Failed appendEntries: org.apache.ratis.thirdparty.io.grpc.StatusRuntimeException: UNAVAILABLE: io exception
2019-09-26 16:41:32,835 [grpc-default-executor-3] INFO  impl.FollowerInfo (FollowerInfo.java:lambda$new$0(51)) - 348490e5-42cf-4351-bcb2-b161fe6117cc@group-65BB8CEB6BF0->eb18520e-12e8-4d27-8838-dd2c94abb977: nextIndex: updateUnconditionally 0 -> 0
2019-09-26 16:41:32,851 [grpc-default-executor-4] WARN  server.GrpcLogAppender (LogUtils.java:warn(134)) - 348490e5-42cf-4351-bcb2-b161fe6117cc@group-65BB8CEB6BF0->d3288a9b-14bd-48c9-b698-6bc497213938-AppendLogResponseHandler: Failed appendEntries: org.apache.ratis.thirdparty.io.grpc.StatusRuntimeException: UNAVAILABLE: io exception
2019-09-26 16:41:32,852 [grpc-default-executor-4] INFO  impl.FollowerInfo (FollowerInfo.java:lambda$new$0(51)) - 348490e5-42cf-4351-bcb2-b161fe6117cc@group-65BB8CEB6BF0->d3288a9b-14bd-48c9-b698-6bc497213938: nextIndex: updateUnconditionally 0 -> 0
2019-09-26 16:41:32,859 [grpc-default-executor-4] WARN  server.GrpcLogAppender (LogUtils.java:warn(134)) - 14c88ade-cfd3-469a-b57f-98ec0ca518ca@group-F0985A92D6C2->9d99e882-81d2-44b9-a20b-81697c871aa8-AppendLogResponseHandler: Failed appendEntries: org.apache.ratis.thirdparty.io.grpc.StatusRuntimeException: UNAVAILABLE: io exception
2019-09-26 16:41:32,859 [grpc-default-executor-4] INFO  impl.FollowerInfo (FollowerInfo.java:lambda$new$0(51)) - 14c88ade-cfd3-469a-b57f-98ec0ca518ca@group-F0985A92D6C2->9d99e882-81d2-44b9-a20b-81697c871aa8: nextIndex: updateUnconditionally 0 -> 0
2019-09-26 16:41:33,316 [grpc-default-executor-4] WARN  server.GrpcLogAppender (LogUtils.java:warn(134)) - a0699d09-a252-4be5-8d0e-c35928e32e7e@group-560E5D370F76->654e0914-16db-411e-baa4-1aca811b0f8c-AppendLogResponseHandler: Failed appendEntries: org.apache.ratis.thirdparty.io.grpc.StatusRuntimeException: UNAVAILABLE: io exception
2019-09-26 16:41:33,316 [grpc-default-executor-4] INFO  impl.FollowerInfo (FollowerInfo.java:lambda$new$0(51)) - a0699d09-a252-4be5-8d0e-c35928e32e7e@group-560E5D370F76->654e0914-16db-411e-baa4-1aca811b0f8c: nextIndex: updateUnconditionally 0 -> 0
2019-09-26 16:41:33,335 [grpc-default-executor-4] WARN  server.GrpcLogAppender (LogUtils.java:warn(134)) - 348490e5-42cf-4351-bcb2-b161fe6117cc@group-65BB8CEB6BF0->eb18520e-12e8-4d27-8838-dd2c94abb977-AppendLogResponseHandler: Failed appendEntries: org.apache.ratis.thirdparty.io.grpc.StatusRuntimeException: UNAVAILABLE: io exception
2019-09-26 16:41:33,335 [grpc-default-executor-4] INFO  impl.FollowerInfo (FollowerInfo.java:lambda$new$0(51)) - 348490e5-42cf-4351-bcb2-b161fe6117cc@group-65BB8CEB6BF0->eb18520e-12e8-4d27-8838-dd2c94abb977: nextIndex: updateUnconditionally 0 -> 0
2019-09-26 16:41:33,352 [grpc-default-executor-4] WARN  server.GrpcLogAppender (LogUtils.java:warn(134)) - 348490e5-42cf-4351-bcb2-b161fe6117cc@group-65BB8CEB6BF0->d3288a9b-14bd-48c9-b698-6bc497213938-AppendLogResponseHandler: Failed appendEntries: org.apache.ratis.thirdparty.io.grpc.StatusRuntimeException: UNAVAILABLE: io exception
2019-09-26 16:41:33,352 [grpc-default-executor-4] INFO  impl.FollowerInfo (FollowerInfo.java:lambda$new$0(51)) - 348490e5-42cf-4351-bcb2-b161fe6117cc@group-65BB8CEB6BF0->d3288a9b-14bd-48c9-b698-6bc497213938: nextIndex: updateUnconditionally 0 -> 0
2019-09-26 16:41:33,359 [grpc-default-executor-1] WARN  server.GrpcLogAppender (LogUtils.java:warn(134)) - 14c88ade-cfd3-469a-b57f-98ec0ca518ca@group-F0985A92D6C2->9d99e882-81d2-44b9-a20b-81697c871aa8-AppendLogResponseHandler: Failed appendEntries: org.apache.ratis.thirdparty.io.grpc.StatusRuntimeException: UNAVAILABLE: io exception
2019-09-26 16:41:33,360 [grpc-default-executor-1] INFO  impl.FollowerInfo (FollowerInfo.java:lambda$new$0(51)) - 14c88ade-cfd3-469a-b57f-98ec0ca518ca@group-F0985A92D6C2->9d99e882-81d2-44b9-a20b-81697c871aa8: nextIndex: updateUnconditionally 0 -> 0
2019-09-26 16:41:33,816 [grpc-default-executor-3] WARN  server.GrpcLogAppender (LogUtils.java:warn(134)) - a0699d09-a252-4be5-8d0e-c35928e32e7e@group-560E5D370F76->654e0914-16db-411e-baa4-1aca811b0f8c-AppendLogResponseHandler: Failed appendEntries: org.apache.ratis.thirdparty.io.grpc.StatusRuntimeException: UNAVAILABLE: io exception
2019-09-26 16:41:33,816 [grpc-default-executor-3] INFO  impl.FollowerInfo (FollowerInfo.java:lambda$new$0(51)) - a0699d09-a252-4be5-8d0e-c35928e32e7e@group-560E5D370F76->654e0914-16db-411e-baa4-1aca811b0f8c: nextIndex: updateUnconditionally 0 -> 0
2019-09-26 16:41:33,835 [grpc-default-executor-4] WARN  server.GrpcLogAppender (LogUtils.java:warn(134)) - 348490e5-42cf-4351-bcb2-b161fe6117cc@group-65BB8CEB6BF0->eb18520e-12e8-4d27-8838-dd2c94abb977-AppendLogResponseHandler: Failed appendEntries: org.apache.ratis.thirdparty.io.grpc.StatusRuntimeException: UNAVAILABLE: io exception
2019-09-26 16:41:33,836 [grpc-default-executor-4] INFO  impl.FollowerInfo (FollowerInfo.java:lambda$new$0(51)) - 348490e5-42cf-4351-bcb2-b161fe6117cc@group-65BB8CEB6BF0->eb18520e-12e8-4d27-8838-dd2c94abb977: nextIndex: updateUnconditionally 0 -> 0
2019-09-26 16:41:33,853 [grpc-default-executor-1] WARN  server.GrpcLogAppender (LogUtils.java:warn(134)) - 348490e5-42cf-4351-bcb2-b161fe6117cc@group-65BB8CEB6BF0->d3288a9b-14bd-48c9-b698-6bc497213938-AppendLogResponseHandler: Failed appendEntries: org.apache.ratis.thirdparty.io.grpc.StatusRuntimeException: UNAVAILABLE: io exception
2019-09-26 16:41:33,853 [grpc-default-executor-1] INFO  impl.FollowerInfo (FollowerInfo.java:lambda$new$0(51)) - 348490e5-42cf-4351-bcb2-b161fe6117cc@group-65BB8CEB6BF0->d3288a9b-14bd-48c9-b698-6bc497213938: nextIndex: updateUnconditionally 0 -> 0
2019-09-26 16:41:33,860 [grpc-default-executor-3] WARN  server.GrpcLogAppender (LogUtils.java:warn(134)) - 14c88ade-cfd3-469a-b57f-98ec0ca518ca@group-F0985A92D6C2->9d99e882-81d2-44b9-a20b-81697c871aa8-AppendLogResponseHandler: Failed appendEntries: org.apache.ratis.thirdparty.io.grpc.StatusRuntimeException: UNAVAILABLE: io exception
2019-09-26 16:41:33,860 [grpc-default-executor-3] INFO  impl.FollowerInfo (FollowerInfo.java:lambda$new$0(51)) - 14c88ade-cfd3-469a-b57f-98ec0ca518ca@group-F0985A92D6C2->9d99e882-81d2-44b9-a20b-81697c871aa8: nextIndex: updateUnconditionally 0 -> 0
2019-09-26 16:41:34,317 [grpc-default-executor-3] WARN  server.GrpcLogAppender (LogUtils.java:warn(134)) - a0699d09-a252-4be5-8d0e-c35928e32e7e@group-560E5D370F76->654e0914-16db-411e-baa4-1aca811b0f8c-AppendLogResponseHandler: Failed appendEntries: org.apache.ratis.thirdparty.io.grpc.StatusRuntimeException: UNAVAILABLE: io exception
2019-09-26 16:41:34,318 [grpc-default-executor-3] INFO  impl.FollowerInfo (FollowerInfo.java:lambda$new$0(51)) - a0699d09-a252-4be5-8d0e-c35928e32e7e@group-560E5D370F76->654e0914-16db-411e-baa4-1aca811b0f8c: nextIndex: updateUnconditionally 0 -> 0
2019-09-26 16:41:34,336 [grpc-default-executor-1] WARN  server.GrpcLogAppender (LogUtils.java:warn(134)) - 348490e5-42cf-4351-bcb2-b161fe6117cc@group-65BB8CEB6BF0->eb18520e-12e8-4d27-8838-dd2c94abb977-AppendLogResponseHandler: Failed appendEntries: org.apache.ratis.thirdparty.io.grpc.StatusRuntimeException: UNAVAILABLE: io exception
2019-09-26 16:41:34,336 [grpc-default-executor-1] INFO  impl.FollowerInfo (FollowerInfo.java:lambda$new$0(51)) - 348490e5-42cf-4351-bcb2-b161fe6117cc@group-65BB8CEB6BF0->eb18520e-12e8-4d27-8838-dd2c94abb977: nextIndex: updateUnconditionally 0 -> 0
2019-09-26 16:41:34,353 [grpc-default-executor-1] WARN  server.GrpcLogAppender (LogUtils.java:warn(134)) - 348490e5-42cf-4351-bcb2-b161fe6117cc@group-65BB8CEB6BF0->d3288a9b-14bd-48c9-b698-6bc497213938-AppendLogResponseHandler: Failed appendEntries: org.apache.ratis.thirdparty.io.grpc.StatusRuntimeException: UNAVAILABLE: io exception
2019-09-26 16:41:34,353 [grpc-default-executor-1] INFO  impl.FollowerInfo (FollowerInfo.java:lambda$new$0(51)) - 348490e5-42cf-4351-bcb2-b161fe6117cc@group-65BB8CEB6BF0->d3288a9b-14bd-48c9-b698-6bc497213938: nextIndex: updateUnconditionally 0 -> 0
2019-09-26 16:41:34,361 [grpc-default-executor-1] WARN  server.GrpcLogAppender (LogUtils.java:warn(134)) - 14c88ade-cfd3-469a-b57f-98ec0ca518ca@group-F0985A92D6C2->9d99e882-81d2-44b9-a20b-81697c871aa8-AppendLogResponseHandler: Failed appendEntries: org.apache.ratis.thirdparty.io.grpc.StatusRuntimeException: UNAVAILABLE: io exception
2019-09-26 16:41:34,361 [grpc-default-executor-1] INFO  impl.FollowerInfo (FollowerInfo.java:lambda$new$0(51)) - 14c88ade-cfd3-469a-b57f-98ec0ca518ca@group-F0985A92D6C2->9d99e882-81d2-44b9-a20b-81697c871aa8: nextIndex: updateUnconditionally 0 -> 0
2019-09-26 16:41:34,818 [grpc-default-executor-1] WARN  server.GrpcLogAppender (LogUtils.java:warn(134)) - a0699d09-a252-4be5-8d0e-c35928e32e7e@group-560E5D370F76->654e0914-16db-411e-baa4-1aca811b0f8c-AppendLogResponseHandler: Failed appendEntries: org.apache.ratis.thirdparty.io.grpc.StatusRuntimeException: UNAVAILABLE: io exception
2019-09-26 16:41:34,818 [grpc-default-executor-1] INFO  impl.FollowerInfo (FollowerInfo.java:lambda$new$0(51)) - a0699d09-a252-4be5-8d0e-c35928e32e7e@group-560E5D370F76->654e0914-16db-411e-baa4-1aca811b0f8c: nextIndex: updateUnconditionally 0 -> 0
2019-09-26 16:41:34,836 [grpc-default-executor-1] WARN  server.GrpcLogAppender (LogUtils.java:warn(134)) - 348490e5-42cf-4351-bcb2-b161fe6117cc@group-65BB8CEB6BF0->eb18520e-12e8-4d27-8838-dd2c94abb977-AppendLogResponseHandler: Failed appendEntries: org.apache.ratis.thirdparty.io.grpc.StatusRuntimeException: UNAVAILABLE: io exception
2019-09-26 16:41:34,837 [grpc-default-executor-1] INFO  impl.FollowerInfo (FollowerInfo.java:lambda$new$0(51)) - 348490e5-42cf-4351-bcb2-b161fe6117cc@group-65BB8CEB6BF0->eb18520e-12e8-4d27-8838-dd2c94abb977: nextIndex: updateUnconditionally 0 -> 0
2019-09-26 16:41:34,853 [grpc-default-executor-4] WARN  server.GrpcLogAppender (LogUtils.java:warn(134)) - 348490e5-42cf-4351-bcb2-b161fe6117cc@group-65BB8CEB6BF0->d3288a9b-14bd-48c9-b698-6bc497213938-AppendLogResponseHandler: Failed appendEntries: org.apache.ratis.thirdparty.io.grpc.StatusRuntimeException: UNAVAILABLE: io exception
2019-09-26 16:41:34,854 [grpc-default-executor-4] INFO  impl.FollowerInfo (FollowerInfo.java:lambda$new$0(51)) - 348490e5-42cf-4351-bcb2-b161fe6117cc@group-65BB8CEB6BF0->d3288a9b-14bd-48c9-b698-6bc497213938: nextIndex: updateUnconditionally 0 -> 0
2019-09-26 16:41:34,861 [grpc-default-executor-4] WARN  server.GrpcLogAppender (LogUtils.java:warn(134)) - 14c88ade-cfd3-469a-b57f-98ec0ca518ca@group-F0985A92D6C2->9d99e882-81d2-44b9-a20b-81697c871aa8-AppendLogResponseHandler: Failed appendEntries: org.apache.ratis.thirdparty.io.grpc.StatusRuntimeException: UNAVAILABLE: io exception
2019-09-26 16:41:34,861 [grpc-default-executor-4] INFO  impl.FollowerInfo (FollowerInfo.java:lambda$new$0(51)) - 14c88ade-cfd3-469a-b57f-98ec0ca518ca@group-F0985A92D6C2->9d99e882-81d2-44b9-a20b-81697c871aa8: nextIndex: updateUnconditionally 0 -> 0
2019-09-26 16:41:35,318 [grpc-default-executor-4] WARN  server.GrpcLogAppender (LogUtils.java:warn(134)) - a0699d09-a252-4be5-8d0e-c35928e32e7e@group-560E5D370F76->654e0914-16db-411e-baa4-1aca811b0f8c-AppendLogResponseHandler: Failed appendEntries: org.apache.ratis.thirdparty.io.grpc.StatusRuntimeException: UNAVAILABLE: io exception
2019-09-26 16:41:35,319 [grpc-default-executor-4] INFO  impl.FollowerInfo (FollowerInfo.java:lambda$new$0(51)) - a0699d09-a252-4be5-8d0e-c35928e32e7e@group-560E5D370F76->654e0914-16db-411e-baa4-1aca811b0f8c: nextIndex: updateUnconditionally 0 -> 0
2019-09-26 16:41:35,339 [grpc-default-executor-3] WARN  server.GrpcLogAppender (LogUtils.java:warn(134)) - 348490e5-42cf-4351-bcb2-b161fe6117cc@group-65BB8CEB6BF0->eb18520e-12e8-4d27-8838-dd2c94abb977-AppendLogResponseHandler: Failed appendEntries: org.apache.ratis.thirdparty.io.grpc.StatusRuntimeException: UNAVAILABLE: io exception
2019-09-26 16:41:35,340 [grpc-default-executor-3] INFO  impl.FollowerInfo (FollowerInfo.java:lambda$new$0(51)) - 348490e5-42cf-4351-bcb2-b161fe6117cc@group-65BB8CEB6BF0->eb18520e-12e8-4d27-8838-dd2c94abb977: nextIndex: updateUnconditionally 0 -> 0
2019-09-26 16:41:35,354 [grpc-default-executor-3] WARN  server.GrpcLogAppender (LogUtils.java:warn(134)) - 348490e5-42cf-4351-bcb2-b161fe6117cc@group-65BB8CEB6BF0->d3288a9b-14bd-48c9-b698-6bc497213938-AppendLogResponseHandler: Failed appendEntries: org.apache.ratis.thirdparty.io.grpc.StatusRuntimeException: UNAVAILABLE: io exception
2019-09-26 16:41:35,354 [grpc-default-executor-3] INFO  impl.FollowerInfo (FollowerInfo.java:lambda$new$0(51)) - 348490e5-42cf-4351-bcb2-b161fe6117cc@group-65BB8CEB6BF0->d3288a9b-14bd-48c9-b698-6bc497213938: nextIndex: updateUnconditionally 0 -> 0
2019-09-26 16:41:35,361 [grpc-default-executor-3] WARN  server.GrpcLogAppender (LogUtils.java:warn(134)) - 14c88ade-cfd3-469a-b57f-98ec0ca518ca@group-F0985A92D6C2->9d99e882-81d2-44b9-a20b-81697c871aa8-AppendLogResponseHandler: Failed appendEntries: org.apache.ratis.thirdparty.io.grpc.StatusRuntimeException: UNAVAILABLE: io exception
2019-09-26 16:41:35,361 [grpc-default-executor-3] INFO  impl.FollowerInfo (FollowerInfo.java:lambda$new$0(51)) - 14c88ade-cfd3-469a-b57f-98ec0ca518ca@group-F0985A92D6C2->9d99e882-81d2-44b9-a20b-81697c871aa8: nextIndex: updateUnconditionally 0 -> 0
2019-09-26 16:41:35,592 [main] INFO  ozoneimpl.OzoneContainer (OzoneContainer.java:stop(231)) - Attempting to stop container services.
2019-09-26 16:41:35,593 [main] INFO  impl.RaftServerProxy (RaftServerProxy.java:lambda$close$4(314)) - 14c88ade-cfd3-469a-b57f-98ec0ca518ca: close
2019-09-26 16:41:35,594 [main] INFO  impl.RaftServerImpl (RaftServerImpl.java:lambda$shutdown$3(251)) - 14c88ade-cfd3-469a-b57f-98ec0ca518ca@group-B7B9EBAA3882: shutdown
2019-09-26 16:41:35,594 [main] INFO  util.JmxRegister (JmxRegister.java:unregister(73)) - Successfully un-registered JMX Bean with object name Ratis:service=RaftServer,group=group-B7B9EBAA3882,id=14c88ade-cfd3-469a-b57f-98ec0ca518ca
2019-09-26 16:41:35,595 [main] INFO  impl.RoleInfo (RoleInfo.java:shutdownLeaderState(104)) - 14c88ade-cfd3-469a-b57f-98ec0ca518ca: shutdown LeaderState
2019-09-26 16:41:35,595 [main] INFO  impl.PendingRequests (PendingRequests.java:sendNotLeaderResponses(202)) - 14c88ade-cfd3-469a-b57f-98ec0ca518ca-PendingRequests: sendNotLeaderResponses
2019-09-26 16:41:35,596 [main] INFO  impl.StateMachineUpdater (StateMachineUpdater.java:stopAndJoin(125)) - 14c88ade-cfd3-469a-b57f-98ec0ca518ca@group-B7B9EBAA3882-StateMachineUpdater: set stopIndex = 0
2019-09-26 16:41:35,597 [main] INFO  impl.RaftServerImpl (ServerState.java:close(385)) - 14c88ade-cfd3-469a-b57f-98ec0ca518ca@group-B7B9EBAA3882: closes. applyIndex: 0
2019-09-26 16:41:35,598 [14c88ade-cfd3-469a-b57f-98ec0ca518ca@group-B7B9EBAA3882-SegmentedRaftLogWorker] INFO  segmented.SegmentedRaftLogWorker (SegmentedRaftLogWorker.java:run(313)) - 14c88ade-cfd3-469a-b57f-98ec0ca518ca@group-B7B9EBAA3882-SegmentedRaftLogWorker was interrupted, exiting. There are 0 tasks remaining in the queue.
2019-09-26 16:41:35,602 [main] INFO  segmented.SegmentedRaftLogWorker (SegmentedRaftLogWorker.java:close(228)) - 14c88ade-cfd3-469a-b57f-98ec0ca518ca@group-B7B9EBAA3882-SegmentedRaftLogWorker close()
2019-09-26 16:41:35,602 [ForkJoinPool.commonPool-worker-0] INFO  ozoneimpl.OzoneContainer (OzoneContainer.java:stop(231)) - Attempting to stop container services.
2019-09-26 16:41:35,607 [main] INFO  impl.RaftServerImpl (RaftServerImpl.java:lambda$shutdown$3(251)) - 14c88ade-cfd3-469a-b57f-98ec0ca518ca@group-F0985A92D6C2: shutdown
2019-09-26 16:41:35,607 [ForkJoinPool.commonPool-worker-0] INFO  impl.RaftServerProxy (RaftServerProxy.java:lambda$close$4(314)) - 6b2d4045-7ba8-4a84-8602-e698261d7534: close
2019-09-26 16:41:35,607 [main] INFO  util.JmxRegister (JmxRegister.java:unregister(73)) - Successfully un-registered JMX Bean with object name Ratis:service=RaftServer,group=group-F0985A92D6C2,id=14c88ade-cfd3-469a-b57f-98ec0ca518ca
2019-09-26 16:41:35,607 [ForkJoinPool.commonPool-worker-0] INFO  impl.RaftServerImpl (RaftServerImpl.java:lambda$shutdown$3(251)) - 6b2d4045-7ba8-4a84-8602-e698261d7534@group-889D5284BE8E: shutdown
2019-09-26 16:41:35,608 [main] INFO  impl.RoleInfo (RoleInfo.java:shutdownLeaderState(104)) - 14c88ade-cfd3-469a-b57f-98ec0ca518ca: shutdown LeaderState
2019-09-26 16:41:35,608 [ForkJoinPool.commonPool-worker-0] INFO  util.JmxRegister (JmxRegister.java:unregister(73)) - Successfully un-registered JMX Bean with object name Ratis:service=RaftServer,group=group-889D5284BE8E,id=6b2d4045-7ba8-4a84-8602-e698261d7534
2019-09-26 16:41:35,613 [org.apache.ratis.server.impl.LogAppender$AppenderDaemon$$Lambda$414/452738001@4aa93331] WARN  server.GrpcLogAppender (GrpcLogAppender.java:mayWait(143)) - 14c88ade-cfd3-469a-b57f-98ec0ca518ca@group-F0985A92D6C2->9d99e882-81d2-44b9-a20b-81697c871aa8-GrpcLogAppender: Wait interrupted by java.lang.InterruptedException
2019-09-26 16:41:35,613 [main] INFO  impl.PendingRequests (PendingRequests.java:sendNotLeaderResponses(202)) - 14c88ade-cfd3-469a-b57f-98ec0ca518ca-PendingRequests: sendNotLeaderResponses
2019-09-26 16:41:35,613 [ForkJoinPool.commonPool-worker-0] INFO  impl.RoleInfo (RoleInfo.java:shutdownLeaderState(104)) - 6b2d4045-7ba8-4a84-8602-e698261d7534: shutdown LeaderState
2019-09-26 16:41:35,613 [org.apache.ratis.server.impl.LogAppender$AppenderDaemon$$Lambda$414/452738001@372a4e95] WARN  server.GrpcLogAppender (GrpcLogAppender.java:mayWait(143)) - 14c88ade-cfd3-469a-b57f-98ec0ca518ca@group-F0985A92D6C2->6b2d4045-7ba8-4a84-8602-e698261d7534-GrpcLogAppender: Wait interrupted by java.lang.InterruptedException
2019-09-26 16:41:35,614 [ForkJoinPool.commonPool-worker-0] INFO  impl.PendingRequests (PendingRequests.java:sendNotLeaderResponses(202)) - 6b2d4045-7ba8-4a84-8602-e698261d7534-PendingRequests: sendNotLeaderResponses
2019-09-26 16:41:35,614 [main] INFO  impl.StateMachineUpdater (StateMachineUpdater.java:stopAndJoin(125)) - 14c88ade-cfd3-469a-b57f-98ec0ca518ca@group-F0985A92D6C2-StateMachineUpdater: set stopIndex = 0
2019-09-26 16:41:35,615 [ForkJoinPool.commonPool-worker-0] INFO  impl.StateMachineUpdater (StateMachineUpdater.java:stopAndJoin(125)) - 6b2d4045-7ba8-4a84-8602-e698261d7534@group-889D5284BE8E-StateMachineUpdater: set stopIndex = 0
2019-09-26 16:41:35,615 [grpc-default-executor-3] INFO  server.GrpcServerProtocolService (GrpcServerProtocolService.java:onCompleted(113)) - 6b2d4045-7ba8-4a84-8602-e698261d7534: Completed APPEND_ENTRIES, lastRequest: 14c88ade-cfd3-469a-b57f-98ec0ca518ca->6b2d4045-7ba8-4a84-8602-e698261d7534#249-t1, previous=(t:1, i:0), leaderCommit=0, initializing? false, entries: <empty>
2019-09-26 16:41:35,615 [main] INFO  impl.RaftServerImpl (ServerState.java:close(385)) - 14c88ade-cfd3-469a-b57f-98ec0ca518ca@group-F0985A92D6C2: closes. applyIndex: 0
2019-09-26 16:41:35,615 [ForkJoinPool.commonPool-worker-0] INFO  impl.RaftServerImpl (ServerState.java:close(385)) - 6b2d4045-7ba8-4a84-8602-e698261d7534@group-889D5284BE8E: closes. applyIndex: 0
2019-09-26 16:41:35,616 [14c88ade-cfd3-469a-b57f-98ec0ca518ca@group-F0985A92D6C2-SegmentedRaftLogWorker] INFO  segmented.SegmentedRaftLogWorker (SegmentedRaftLogWorker.java:run(313)) - 14c88ade-cfd3-469a-b57f-98ec0ca518ca@group-F0985A92D6C2-SegmentedRaftLogWorker was interrupted, exiting. There are 0 tasks remaining in the queue.
2019-09-26 16:41:35,619 [6b2d4045-7ba8-4a84-8602-e698261d7534@group-889D5284BE8E-SegmentedRaftLogWorker] INFO  segmented.SegmentedRaftLogWorker (SegmentedRaftLogWorker.java:run(313)) - 6b2d4045-7ba8-4a84-8602-e698261d7534@group-889D5284BE8E-SegmentedRaftLogWorker was interrupted, exiting. There are 0 tasks remaining in the queue.
2019-09-26 16:41:35,619 [main] INFO  segmented.SegmentedRaftLogWorker (SegmentedRaftLogWorker.java:close(228)) - 14c88ade-cfd3-469a-b57f-98ec0ca518ca@group-F0985A92D6C2-SegmentedRaftLogWorker close()
2019-09-26 16:41:35,631 [ForkJoinPool.commonPool-worker-0] INFO  segmented.SegmentedRaftLogWorker (SegmentedRaftLogWorker.java:close(228)) - 6b2d4045-7ba8-4a84-8602-e698261d7534@group-889D5284BE8E-SegmentedRaftLogWorker close()
2019-09-26 16:41:35,619 [grpc-default-executor-3] INFO  server.GrpcLogAppender (GrpcLogAppender.java:onCompleted(293)) - 14c88ade-cfd3-469a-b57f-98ec0ca518ca@group-F0985A92D6C2->6b2d4045-7ba8-4a84-8602-e698261d7534-AppendLogResponseHandler: follower responses appendEntries COMPLETED
2019-09-26 16:41:35,636 [ForkJoinPool.commonPool-worker-0] INFO  impl.RaftServerImpl (RaftServerImpl.java:lambda$shutdown$3(251)) - 6b2d4045-7ba8-4a84-8602-e698261d7534@group-F0985A92D6C2: shutdown
2019-09-26 16:41:35,634 [main] INFO  server.GrpcService (GrpcService.java:closeImpl(164)) - 14c88ade-cfd3-469a-b57f-98ec0ca518ca: shutdown server with port 45729 now
2019-09-26 16:41:35,636 [ForkJoinPool.commonPool-worker-0] INFO  util.JmxRegister (JmxRegister.java:unregister(73)) - Successfully un-registered JMX Bean with object name Ratis:service=RaftServer,group=group-F0985A92D6C2,id=6b2d4045-7ba8-4a84-8602-e698261d7534
2019-09-26 16:41:35,636 [grpc-default-executor-3] INFO  impl.FollowerInfo (FollowerInfo.java:lambda$new$0(51)) - 14c88ade-cfd3-469a-b57f-98ec0ca518ca@group-F0985A92D6C2->6b2d4045-7ba8-4a84-8602-e698261d7534: nextIndex: updateUnconditionally 1 -> 0
2019-09-26 16:41:35,637 [main] INFO  server.GrpcService (GrpcService.java:closeImpl(172)) - 14c88ade-cfd3-469a-b57f-98ec0ca518ca: shutdown server with port 45729 successfully
2019-09-26 16:41:35,637 [ForkJoinPool.commonPool-worker-0] INFO  impl.RoleInfo (RoleInfo.java:shutdownFollowerState(121)) - 6b2d4045-7ba8-4a84-8602-e698261d7534: shutdown FollowerState
2019-09-26 16:41:35,639 [ForkJoinPool.commonPool-worker-0] INFO  impl.StateMachineUpdater (StateMachineUpdater.java:stopAndJoin(125)) - 6b2d4045-7ba8-4a84-8602-e698261d7534@group-F0985A92D6C2-StateMachineUpdater: set stopIndex = 0
2019-09-26 16:41:35,639 [Thread-4171] INFO  impl.FollowerState (FollowerState.java:run(115)) - 6b2d4045-7ba8-4a84-8602-e698261d7534: FollowerState was interrupted: java.lang.InterruptedException: sleep interrupted
2019-09-26 16:41:35,639 [ForkJoinPool.commonPool-worker-0] INFO  impl.RaftServerImpl (ServerState.java:close(385)) - 6b2d4045-7ba8-4a84-8602-e698261d7534@group-F0985A92D6C2: closes. applyIndex: 0
2019-09-26 16:41:35,644 [6b2d4045-7ba8-4a84-8602-e698261d7534@group-F0985A92D6C2-SegmentedRaftLogWorker] INFO  segmented.SegmentedRaftLogWorker (SegmentedRaftLogWorker.java:run(313)) - 6b2d4045-7ba8-4a84-8602-e698261d7534@group-F0985A92D6C2-SegmentedRaftLogWorker was interrupted, exiting. There are 0 tasks remaining in the queue.
2019-09-26 16:41:35,645 [ForkJoinPool.commonPool-worker-0] INFO  segmented.SegmentedRaftLogWorker (SegmentedRaftLogWorker.java:close(228)) - 6b2d4045-7ba8-4a84-8602-e698261d7534@group-F0985A92D6C2-SegmentedRaftLogWorker close()
2019-09-26 16:41:35,645 [refreshUsed-/workdir/hadoop-ozone/integration-test/target/test-dir/MiniOzoneClusterImpl-0d69453a-2620-4e4e-b2d5-320b1f4020d1/datanode-8/data/containers] WARN  fs.CachingGetSpaceUsed (CachingGetSpaceUsed.java:run(183)) - Thread Interrupted waiting to refresh disk information: sleep interrupted
2019-09-26 16:41:35,647 [ForkJoinPool.commonPool-worker-0] INFO  server.GrpcService (GrpcService.java:closeImpl(164)) - 6b2d4045-7ba8-4a84-8602-e698261d7534: shutdown server with port 33350 now
2019-09-26 16:41:35,648 [ForkJoinPool.commonPool-worker-0] INFO  server.GrpcService (GrpcService.java:closeImpl(172)) - 6b2d4045-7ba8-4a84-8602-e698261d7534: shutdown server with port 33350 successfully
2019-09-26 16:41:35,653 [refreshUsed-/workdir/hadoop-ozone/integration-test/target/test-dir/MiniOzoneClusterImpl-0d69453a-2620-4e4e-b2d5-320b1f4020d1/datanode-4/data/containers] WARN  fs.CachingGetSpaceUsed (CachingGetSpaceUsed.java:run(183)) - Thread Interrupted waiting to refresh disk information: sleep interrupted
2019-09-26 16:41:35,671 [main] INFO  utils.BackgroundService (BackgroundService.java:shutdown(148)) - Shutting down service BlockDeletingService
2019-09-26 16:41:35,671 [ForkJoinPool.commonPool-worker-0] INFO  utils.BackgroundService (BackgroundService.java:shutdown(148)) - Shutting down service BlockDeletingService
2019-09-26 16:41:35,681 [main] INFO  statemachine.DatanodeStateMachine (DatanodeStateMachine.java:stopDaemon(395)) - Ozone container server stopped.
2019-09-26 16:41:35,683 [ForkJoinPool.commonPool-worker-0] INFO  statemachine.DatanodeStateMachine (DatanodeStateMachine.java:stopDaemon(395)) - Ozone container server stopped.
2019-09-26 16:41:35,691 [ForkJoinPool.commonPool-worker-0] INFO  handler.ContextHandler (ContextHandler.java:doStop(910)) - Stopped o.e.j.w.WebAppContext@5d878b25{/,null,UNAVAILABLE}{/hddsDatanode}
2019-09-26 16:41:35,691 [main] INFO  handler.ContextHandler (ContextHandler.java:doStop(910)) - Stopped o.e.j.w.WebAppContext@5d05f453{/,null,UNAVAILABLE}{/hddsDatanode}
2019-09-26 16:41:35,692 [ForkJoinPool.commonPool-worker-0] INFO  server.AbstractConnector (AbstractConnector.java:doStop(318)) - Stopped ServerConnector@28279a49{HTTP/1.1,[http/1.1]}{0.0.0.0:0}
2019-09-26 16:41:35,692 [main] INFO  server.AbstractConnector (AbstractConnector.java:doStop(318)) - Stopped ServerConnector@5efeb117{HTTP/1.1,[http/1.1]}{0.0.0.0:0}
2019-09-26 16:41:35,694 [ForkJoinPool.commonPool-worker-0] INFO  handler.ContextHandler (ContextHandler.java:doStop(910)) - Stopped o.e.j.s.ServletContextHandler@17207f5b{/static,jar:file:/home/user/.m2/repository/org/apache/hadoop/hadoop-hdds-container-service/0.5.0-SNAPSHOT/hadoop-hdds-container-service-0.5.0-SNAPSHOT.jar!/webapps/static,UNAVAILABLE}
2019-09-26 16:41:35,695 [main] INFO  handler.ContextHandler (ContextHandler.java:doStop(910)) - Stopped o.e.j.s.ServletContextHandler@6b321262{/static,jar:file:/home/user/.m2/repository/org/apache/hadoop/hadoop-hdds-container-service/0.5.0-SNAPSHOT/hadoop-hdds-container-service-0.5.0-SNAPSHOT.jar!/webapps/static,UNAVAILABLE}
2019-09-26 16:41:35,696 [ForkJoinPool.commonPool-worker-0] INFO  handler.ContextHandler (ContextHandler.java:doStop(910)) - Stopped o.e.j.s.ServletContextHandler@15a3b42{/logs,file:///workdir/hadoop-ozone/integration-test/target/log,UNAVAILABLE}
2019-09-26 16:41:35,697 [main] INFO  handler.ContextHandler (ContextHandler.java:doStop(910)) - Stopped o.e.j.s.ServletContextHandler@59498d94{/logs,file:///workdir/hadoop-ozone/integration-test/target/log,UNAVAILABLE}
2019-09-26 16:41:35,819 [grpc-default-executor-1] WARN  server.GrpcLogAppender (LogUtils.java:warn(134)) - a0699d09-a252-4be5-8d0e-c35928e32e7e@group-560E5D370F76->654e0914-16db-411e-baa4-1aca811b0f8c-AppendLogResponseHandler: Failed appendEntries: org.apache.ratis.thirdparty.io.grpc.StatusRuntimeException: UNAVAILABLE: io exception
2019-09-26 16:41:35,819 [grpc-default-executor-1] INFO  impl.FollowerInfo (FollowerInfo.java:lambda$new$0(51)) - a0699d09-a252-4be5-8d0e-c35928e32e7e@group-560E5D370F76->654e0914-16db-411e-baa4-1aca811b0f8c: nextIndex: updateUnconditionally 0 -> 0
2019-09-26 16:41:35,838 [grpc-default-executor-1] WARN  server.GrpcLogAppender (LogUtils.java:warn(134)) - 348490e5-42cf-4351-bcb2-b161fe6117cc@group-65BB8CEB6BF0->eb18520e-12e8-4d27-8838-dd2c94abb977-AppendLogResponseHandler: Failed appendEntries: org.apache.ratis.thirdparty.io.grpc.StatusRuntimeException: UNAVAILABLE: io exception
2019-09-26 16:41:35,838 [grpc-default-executor-1] INFO  impl.FollowerInfo (FollowerInfo.java:lambda$new$0(51)) - 348490e5-42cf-4351-bcb2-b161fe6117cc@group-65BB8CEB6BF0->eb18520e-12e8-4d27-8838-dd2c94abb977: nextIndex: updateUnconditionally 0 -> 0
2019-09-26 16:41:35,854 [grpc-default-executor-3] WARN  server.GrpcLogAppender (LogUtils.java:warn(134)) - 348490e5-42cf-4351-bcb2-b161fe6117cc@group-65BB8CEB6BF0->d3288a9b-14bd-48c9-b698-6bc497213938-AppendLogResponseHandler: Failed appendEntries: org.apache.ratis.thirdparty.io.grpc.StatusRuntimeException: UNAVAILABLE: io exception
2019-09-26 16:41:35,855 [grpc-default-executor-3] INFO  impl.FollowerInfo (FollowerInfo.java:lambda$new$0(51)) - 348490e5-42cf-4351-bcb2-b161fe6117cc@group-65BB8CEB6BF0->d3288a9b-14bd-48c9-b698-6bc497213938: nextIndex: updateUnconditionally 0 -> 0
2019-09-26 16:41:36,173 [Datanode State Machine Thread - 0] INFO  statemachine.DatanodeStateMachine (DatanodeStateMachine.java:lambda$startDaemon$0(350)) - Ozone container server started.
2019-09-26 16:41:36,319 [grpc-default-executor-3] WARN  server.GrpcLogAppender (LogUtils.java:warn(134)) - a0699d09-a252-4be5-8d0e-c35928e32e7e@group-560E5D370F76->654e0914-16db-411e-baa4-1aca811b0f8c-AppendLogResponseHandler: Failed appendEntries: org.apache.ratis.thirdparty.io.grpc.StatusRuntimeException: UNAVAILABLE: io exception
2019-09-26 16:41:36,319 [grpc-default-executor-3] INFO  impl.FollowerInfo (FollowerInfo.java:lambda$new$0(51)) - a0699d09-a252-4be5-8d0e-c35928e32e7e@group-560E5D370F76->654e0914-16db-411e-baa4-1aca811b0f8c: nextIndex: updateUnconditionally 0 -> 0
2019-09-26 16:41:36,338 [grpc-default-executor-4] WARN  server.GrpcLogAppender (LogUtils.java:warn(134)) - 348490e5-42cf-4351-bcb2-b161fe6117cc@group-65BB8CEB6BF0->eb18520e-12e8-4d27-8838-dd2c94abb977-AppendLogResponseHandler: Failed appendEntries: org.apache.ratis.thirdparty.io.grpc.StatusRuntimeException: UNAVAILABLE: io exception
2019-09-26 16:41:36,339 [grpc-default-executor-4] INFO  impl.FollowerInfo (FollowerInfo.java:lambda$new$0(51)) - 348490e5-42cf-4351-bcb2-b161fe6117cc@group-65BB8CEB6BF0->eb18520e-12e8-4d27-8838-dd2c94abb977: nextIndex: updateUnconditionally 0 -> 0
2019-09-26 16:41:36,355 [grpc-default-executor-1] WARN  server.GrpcLogAppender (LogUtils.java:warn(134)) - 348490e5-42cf-4351-bcb2-b161fe6117cc@group-65BB8CEB6BF0->d3288a9b-14bd-48c9-b698-6bc497213938-AppendLogResponseHandler: Failed appendEntries: org.apache.ratis.thirdparty.io.grpc.StatusRuntimeException: UNAVAILABLE: io exception
2019-09-26 16:41:36,355 [grpc-default-executor-1] INFO  impl.FollowerInfo (FollowerInfo.java:lambda$new$0(51)) - 348490e5-42cf-4351-bcb2-b161fe6117cc@group-65BB8CEB6BF0->d3288a9b-14bd-48c9-b698-6bc497213938: nextIndex: updateUnconditionally 0 -> 0
2019-09-26 16:41:36,577 [Datanode State Machine Thread - 0] INFO  statemachine.DatanodeStateMachine (DatanodeStateMachine.java:lambda$startDaemon$0(350)) - Ozone container server started.
2019-09-26 16:41:36,820 [grpc-default-executor-1] WARN  server.GrpcLogAppender (LogUtils.java:warn(134)) - a0699d09-a252-4be5-8d0e-c35928e32e7e@group-560E5D370F76->654e0914-16db-411e-baa4-1aca811b0f8c-AppendLogResponseHandler: Failed appendEntries: org.apache.ratis.thirdparty.io.grpc.StatusRuntimeException: UNAVAILABLE: io exception
2019-09-26 16:41:36,820 [grpc-default-executor-1] INFO  impl.FollowerInfo (FollowerInfo.java:lambda$new$0(51)) - a0699d09-a252-4be5-8d0e-c35928e32e7e@group-560E5D370F76->654e0914-16db-411e-baa4-1aca811b0f8c: nextIndex: updateUnconditionally 0 -> 0
2019-09-26 16:41:36,839 [grpc-default-executor-1] WARN  server.GrpcLogAppender (LogUtils.java:warn(134)) - 348490e5-42cf-4351-bcb2-b161fe6117cc@group-65BB8CEB6BF0->eb18520e-12e8-4d27-8838-dd2c94abb977-AppendLogResponseHandler: Failed appendEntries: org.apache.ratis.thirdparty.io.grpc.StatusRuntimeException: UNAVAILABLE: io exception
2019-09-26 16:41:36,839 [grpc-default-executor-1] INFO  impl.FollowerInfo (FollowerInfo.java:lambda$new$0(51)) - 348490e5-42cf-4351-bcb2-b161fe6117cc@group-65BB8CEB6BF0->eb18520e-12e8-4d27-8838-dd2c94abb977: nextIndex: updateUnconditionally 0 -> 0
2019-09-26 16:41:36,855 [grpc-default-executor-1] WARN  server.GrpcLogAppender (LogUtils.java:warn(134)) - 348490e5-42cf-4351-bcb2-b161fe6117cc@group-65BB8CEB6BF0->d3288a9b-14bd-48c9-b698-6bc497213938-AppendLogResponseHandler: Failed appendEntries: org.apache.ratis.thirdparty.io.grpc.StatusRuntimeException: UNAVAILABLE: io exception
2019-09-26 16:41:36,855 [grpc-default-executor-1] INFO  impl.FollowerInfo (FollowerInfo.java:lambda$new$0(51)) - 348490e5-42cf-4351-bcb2-b161fe6117cc@group-65BB8CEB6BF0->d3288a9b-14bd-48c9-b698-6bc497213938: nextIndex: updateUnconditionally 0 -> 0
2019-09-26 16:41:37,320 [grpc-default-executor-3] WARN  server.GrpcLogAppender (LogUtils.java:warn(134)) - a0699d09-a252-4be5-8d0e-c35928e32e7e@group-560E5D370F76->654e0914-16db-411e-baa4-1aca811b0f8c-AppendLogResponseHandler: Failed appendEntries: org.apache.ratis.thirdparty.io.grpc.StatusRuntimeException: UNAVAILABLE: io exception
2019-09-26 16:41:37,321 [grpc-default-executor-3] INFO  impl.FollowerInfo (FollowerInfo.java:lambda$new$0(51)) - a0699d09-a252-4be5-8d0e-c35928e32e7e@group-560E5D370F76->654e0914-16db-411e-baa4-1aca811b0f8c: nextIndex: updateUnconditionally 0 -> 0
2019-09-26 16:41:37,339 [grpc-default-executor-4] WARN  server.GrpcLogAppender (LogUtils.java:warn(134)) - 348490e5-42cf-4351-bcb2-b161fe6117cc@group-65BB8CEB6BF0->eb18520e-12e8-4d27-8838-dd2c94abb977-AppendLogResponseHandler: Failed appendEntries: org.apache.ratis.thirdparty.io.grpc.StatusRuntimeException: UNAVAILABLE: io exception
2019-09-26 16:41:37,340 [grpc-default-executor-4] INFO  impl.FollowerInfo (FollowerInfo.java:lambda$new$0(51)) - 348490e5-42cf-4351-bcb2-b161fe6117cc@group-65BB8CEB6BF0->eb18520e-12e8-4d27-8838-dd2c94abb977: nextIndex: updateUnconditionally 0 -> 0
2019-09-26 16:41:37,355 [grpc-default-executor-1] WARN  server.GrpcLogAppender (LogUtils.java:warn(134)) - 348490e5-42cf-4351-bcb2-b161fe6117cc@group-65BB8CEB6BF0->d3288a9b-14bd-48c9-b698-6bc497213938-AppendLogResponseHandler: Failed appendEntries: org.apache.ratis.thirdparty.io.grpc.StatusRuntimeException: UNAVAILABLE: io exception
2019-09-26 16:41:37,356 [grpc-default-executor-1] INFO  impl.FollowerInfo (FollowerInfo.java:lambda$new$0(51)) - 348490e5-42cf-4351-bcb2-b161fe6117cc@group-65BB8CEB6BF0->d3288a9b-14bd-48c9-b698-6bc497213938: nextIndex: updateUnconditionally 0 -> 0
2019-09-26 16:41:37,821 [grpc-default-executor-1] WARN  server.GrpcLogAppender (LogUtils.java:warn(134)) - a0699d09-a252-4be5-8d0e-c35928e32e7e@group-560E5D370F76->654e0914-16db-411e-baa4-1aca811b0f8c-AppendLogResponseHandler: Failed appendEntries: org.apache.ratis.thirdparty.io.grpc.StatusRuntimeException: UNAVAILABLE: io exception
2019-09-26 16:41:37,821 [grpc-default-executor-1] INFO  impl.FollowerInfo (FollowerInfo.java:lambda$new$0(51)) - a0699d09-a252-4be5-8d0e-c35928e32e7e@group-560E5D370F76->654e0914-16db-411e-baa4-1aca811b0f8c: nextIndex: updateUnconditionally 0 -> 0
2019-09-26 16:41:37,840 [grpc-default-executor-1] WARN  server.GrpcLogAppender (LogUtils.java:warn(134)) - 348490e5-42cf-4351-bcb2-b161fe6117cc@group-65BB8CEB6BF0->eb18520e-12e8-4d27-8838-dd2c94abb977-AppendLogResponseHandler: Failed appendEntries: org.apache.ratis.thirdparty.io.grpc.StatusRuntimeException: UNAVAILABLE: io exception
2019-09-26 16:41:37,840 [grpc-default-executor-1] INFO  impl.FollowerInfo (FollowerInfo.java:lambda$new$0(51)) - 348490e5-42cf-4351-bcb2-b161fe6117cc@group-65BB8CEB6BF0->eb18520e-12e8-4d27-8838-dd2c94abb977: nextIndex: updateUnconditionally 0 -> 0
2019-09-26 16:41:37,856 [grpc-default-executor-3] WARN  server.GrpcLogAppender (LogUtils.java:warn(134)) - 348490e5-42cf-4351-bcb2-b161fe6117cc@group-65BB8CEB6BF0->d3288a9b-14bd-48c9-b698-6bc497213938-AppendLogResponseHandler: Failed appendEntries: org.apache.ratis.thirdparty.io.grpc.StatusRuntimeException: UNAVAILABLE: io exception
2019-09-26 16:41:37,856 [grpc-default-executor-3] INFO  impl.FollowerInfo (FollowerInfo.java:lambda$new$0(51)) - 348490e5-42cf-4351-bcb2-b161fe6117cc@group-65BB8CEB6BF0->d3288a9b-14bd-48c9-b698-6bc497213938: nextIndex: updateUnconditionally 0 -> 0
2019-09-26 16:41:38,322 [grpc-default-executor-3] WARN  server.GrpcLogAppender (LogUtils.java:warn(134)) - a0699d09-a252-4be5-8d0e-c35928e32e7e@group-560E5D370F76->654e0914-16db-411e-baa4-1aca811b0f8c-AppendLogResponseHandler: Failed appendEntries: org.apache.ratis.thirdparty.io.grpc.StatusRuntimeException: UNAVAILABLE: io exception
2019-09-26 16:41:38,322 [grpc-default-executor-3] INFO  impl.FollowerInfo (FollowerInfo.java:lambda$new$0(51)) - a0699d09-a252-4be5-8d0e-c35928e32e7e@group-560E5D370F76->654e0914-16db-411e-baa4-1aca811b0f8c: nextIndex: updateUnconditionally 0 -> 0
2019-09-26 16:41:38,340 [grpc-default-executor-1] WARN  server.GrpcLogAppender (LogUtils.java:warn(134)) - 348490e5-42cf-4351-bcb2-b161fe6117cc@group-65BB8CEB6BF0->eb18520e-12e8-4d27-8838-dd2c94abb977-AppendLogResponseHandler: Failed appendEntries: org.apache.ratis.thirdparty.io.grpc.StatusRuntimeException: UNAVAILABLE: io exception
2019-09-26 16:41:38,341 [grpc-default-executor-1] INFO  impl.FollowerInfo (FollowerInfo.java:lambda$new$0(51)) - 348490e5-42cf-4351-bcb2-b161fe6117cc@group-65BB8CEB6BF0->eb18520e-12e8-4d27-8838-dd2c94abb977: nextIndex: updateUnconditionally 0 -> 0
2019-09-26 16:41:38,357 [grpc-default-executor-4] WARN  server.GrpcLogAppender (LogUtils.java:warn(134)) - 348490e5-42cf-4351-bcb2-b161fe6117cc@group-65BB8CEB6BF0->d3288a9b-14bd-48c9-b698-6bc497213938-AppendLogResponseHandler: Failed appendEntries: org.apache.ratis.thirdparty.io.grpc.StatusRuntimeException: UNAVAILABLE: io exception
2019-09-26 16:41:38,357 [grpc-default-executor-4] INFO  impl.FollowerInfo (FollowerInfo.java:lambda$new$0(51)) - 348490e5-42cf-4351-bcb2-b161fe6117cc@group-65BB8CEB6BF0->d3288a9b-14bd-48c9-b698-6bc497213938: nextIndex: updateUnconditionally 0 -> 0
2019-09-26 16:41:38,822 [grpc-default-executor-4] WARN  server.GrpcLogAppender (LogUtils.java:warn(134)) - a0699d09-a252-4be5-8d0e-c35928e32e7e@group-560E5D370F76->654e0914-16db-411e-baa4-1aca811b0f8c-AppendLogResponseHandler: Failed appendEntries: org.apache.ratis.thirdparty.io.grpc.StatusRuntimeException: UNAVAILABLE: io exception
2019-09-26 16:41:38,822 [grpc-default-executor-4] INFO  impl.FollowerInfo (FollowerInfo.java:lambda$new$0(51)) - a0699d09-a252-4be5-8d0e-c35928e32e7e@group-560E5D370F76->654e0914-16db-411e-baa4-1aca811b0f8c: nextIndex: updateUnconditionally 0 -> 0
2019-09-26 16:41:38,841 [grpc-default-executor-3] WARN  server.GrpcLogAppender (LogUtils.java:warn(134)) - 348490e5-42cf-4351-bcb2-b161fe6117cc@group-65BB8CEB6BF0->eb18520e-12e8-4d27-8838-dd2c94abb977-AppendLogResponseHandler: Failed appendEntries: org.apache.ratis.thirdparty.io.grpc.StatusRuntimeException: UNAVAILABLE: io exception
2019-09-26 16:41:38,841 [grpc-default-executor-3] INFO  impl.FollowerInfo (FollowerInfo.java:lambda$new$0(51)) - 348490e5-42cf-4351-bcb2-b161fe6117cc@group-65BB8CEB6BF0->eb18520e-12e8-4d27-8838-dd2c94abb977: nextIndex: updateUnconditionally 0 -> 0
2019-09-26 16:41:38,857 [grpc-default-executor-3] WARN  server.GrpcLogAppender (LogUtils.java:warn(134)) - 348490e5-42cf-4351-bcb2-b161fe6117cc@group-65BB8CEB6BF0->d3288a9b-14bd-48c9-b698-6bc497213938-AppendLogResponseHandler: Failed appendEntries: org.apache.ratis.thirdparty.io.grpc.StatusRuntimeException: UNAVAILABLE: io exception
2019-09-26 16:41:38,857 [grpc-default-executor-3] INFO  impl.FollowerInfo (FollowerInfo.java:lambda$new$0(51)) - 348490e5-42cf-4351-bcb2-b161fe6117cc@group-65BB8CEB6BF0->d3288a9b-14bd-48c9-b698-6bc497213938: nextIndex: updateUnconditionally 0 -> 0
2019-09-26 16:41:39,323 [grpc-default-executor-3] WARN  server.GrpcLogAppender (LogUtils.java:warn(134)) - a0699d09-a252-4be5-8d0e-c35928e32e7e@group-560E5D370F76->654e0914-16db-411e-baa4-1aca811b0f8c-AppendLogResponseHandler: Failed appendEntries: org.apache.ratis.thirdparty.io.grpc.StatusRuntimeException: UNAVAILABLE: io exception
2019-09-26 16:41:39,324 [grpc-default-executor-3] INFO  impl.FollowerInfo (FollowerInfo.java:lambda$new$0(51)) - a0699d09-a252-4be5-8d0e-c35928e32e7e@group-560E5D370F76->654e0914-16db-411e-baa4-1aca811b0f8c: nextIndex: updateUnconditionally 0 -> 0
2019-09-26 16:41:39,341 [grpc-default-executor-1] WARN  server.GrpcLogAppender (LogUtils.java:warn(134)) - 348490e5-42cf-4351-bcb2-b161fe6117cc@group-65BB8CEB6BF0->eb18520e-12e8-4d27-8838-dd2c94abb977-AppendLogResponseHandler: Failed appendEntries: org.apache.ratis.thirdparty.io.grpc.StatusRuntimeException: UNAVAILABLE: io exception
2019-09-26 16:41:39,342 [grpc-default-executor-1] INFO  impl.FollowerInfo (FollowerInfo.java:lambda$new$0(51)) - 348490e5-42cf-4351-bcb2-b161fe6117cc@group-65BB8CEB6BF0->eb18520e-12e8-4d27-8838-dd2c94abb977: nextIndex: updateUnconditionally 0 -> 0
2019-09-26 16:41:39,357 [grpc-default-executor-4] WARN  server.GrpcLogAppender (LogUtils.java:warn(134)) - 348490e5-42cf-4351-bcb2-b161fe6117cc@group-65BB8CEB6BF0->d3288a9b-14bd-48c9-b698-6bc497213938-AppendLogResponseHandler: Failed appendEntries: org.apache.ratis.thirdparty.io.grpc.StatusRuntimeException: UNAVAILABLE: io exception
2019-09-26 16:41:39,358 [grpc-default-executor-4] INFO  impl.FollowerInfo (FollowerInfo.java:lambda$new$0(51)) - 348490e5-42cf-4351-bcb2-b161fe6117cc@group-65BB8CEB6BF0->d3288a9b-14bd-48c9-b698-6bc497213938: nextIndex: updateUnconditionally 0 -> 0
2019-09-26 16:41:39,824 [grpc-default-executor-3] WARN  server.GrpcLogAppender (LogUtils.java:warn(134)) - a0699d09-a252-4be5-8d0e-c35928e32e7e@group-560E5D370F76->654e0914-16db-411e-baa4-1aca811b0f8c-AppendLogResponseHandler: Failed appendEntries: org.apache.ratis.thirdparty.io.grpc.StatusRuntimeException: UNAVAILABLE: io exception
2019-09-26 16:41:39,824 [grpc-default-executor-3] INFO  impl.FollowerInfo (FollowerInfo.java:lambda$new$0(51)) - a0699d09-a252-4be5-8d0e-c35928e32e7e@group-560E5D370F76->654e0914-16db-411e-baa4-1aca811b0f8c: nextIndex: updateUnconditionally 0 -> 0
2019-09-26 16:41:39,842 [grpc-default-executor-3] WARN  server.GrpcLogAppender (LogUtils.java:warn(134)) - 348490e5-42cf-4351-bcb2-b161fe6117cc@group-65BB8CEB6BF0->eb18520e-12e8-4d27-8838-dd2c94abb977-AppendLogResponseHandler: Failed appendEntries: org.apache.ratis.thirdparty.io.grpc.StatusRuntimeException: UNAVAILABLE: io exception
2019-09-26 16:41:39,842 [grpc-default-executor-3] INFO  impl.FollowerInfo (FollowerInfo.java:lambda$new$0(51)) - 348490e5-42cf-4351-bcb2-b161fe6117cc@group-65BB8CEB6BF0->eb18520e-12e8-4d27-8838-dd2c94abb977: nextIndex: updateUnconditionally 0 -> 0
2019-09-26 16:41:39,858 [grpc-default-executor-3] WARN  server.GrpcLogAppender (LogUtils.java:warn(134)) - 348490e5-42cf-4351-bcb2-b161fe6117cc@group-65BB8CEB6BF0->d3288a9b-14bd-48c9-b698-6bc497213938-AppendLogResponseHandler: Failed appendEntries: org.apache.ratis.thirdparty.io.grpc.StatusRuntimeException: UNAVAILABLE: io exception
2019-09-26 16:41:39,858 [grpc-default-executor-3] INFO  impl.FollowerInfo (FollowerInfo.java:lambda$new$0(51)) - 348490e5-42cf-4351-bcb2-b161fe6117cc@group-65BB8CEB6BF0->d3288a9b-14bd-48c9-b698-6bc497213938: nextIndex: updateUnconditionally 0 -> 0
2019-09-26 16:41:40,325 [grpc-default-executor-3] WARN  server.GrpcLogAppender (LogUtils.java:warn(134)) - a0699d09-a252-4be5-8d0e-c35928e32e7e@group-560E5D370F76->654e0914-16db-411e-baa4-1aca811b0f8c-AppendLogResponseHandler: Failed appendEntries: org.apache.ratis.thirdparty.io.grpc.StatusRuntimeException: UNAVAILABLE: io exception
2019-09-26 16:41:40,325 [grpc-default-executor-3] INFO  impl.FollowerInfo (FollowerInfo.java:lambda$new$0(51)) - a0699d09-a252-4be5-8d0e-c35928e32e7e@group-560E5D370F76->654e0914-16db-411e-baa4-1aca811b0f8c: nextIndex: updateUnconditionally 0 -> 0
2019-09-26 16:41:40,342 [grpc-default-executor-3] WARN  server.GrpcLogAppender (LogUtils.java:warn(134)) - 348490e5-42cf-4351-bcb2-b161fe6117cc@group-65BB8CEB6BF0->eb18520e-12e8-4d27-8838-dd2c94abb977-AppendLogResponseHandler: Failed appendEntries: org.apache.ratis.thirdparty.io.grpc.StatusRuntimeException: UNAVAILABLE: io exception
2019-09-26 16:41:40,342 [grpc-default-executor-3] INFO  impl.FollowerInfo (FollowerInfo.java:lambda$new$0(51)) - 348490e5-42cf-4351-bcb2-b161fe6117cc@group-65BB8CEB6BF0->eb18520e-12e8-4d27-8838-dd2c94abb977: nextIndex: updateUnconditionally 0 -> 0
2019-09-26 16:41:40,358 [grpc-default-executor-3] WARN  server.GrpcLogAppender (LogUtils.java:warn(134)) - 348490e5-42cf-4351-bcb2-b161fe6117cc@group-65BB8CEB6BF0->d3288a9b-14bd-48c9-b698-6bc497213938-AppendLogResponseHandler: Failed appendEntries: org.apache.ratis.thirdparty.io.grpc.StatusRuntimeException: UNAVAILABLE: io exception
2019-09-26 16:41:40,358 [grpc-default-executor-3] INFO  impl.FollowerInfo (FollowerInfo.java:lambda$new$0(51)) - 348490e5-42cf-4351-bcb2-b161fe6117cc@group-65BB8CEB6BF0->d3288a9b-14bd-48c9-b698-6bc497213938: nextIndex: updateUnconditionally 0 -> 0
2019-09-26 16:41:40,699 [ForkJoinPool.commonPool-worker-0] INFO  ozoneimpl.OzoneContainer (OzoneContainer.java:stop(231)) - Attempting to stop container services.
2019-09-26 16:41:40,700 [main] INFO  ozoneimpl.OzoneContainer (OzoneContainer.java:stop(231)) - Attempting to stop container services.
2019-09-26 16:41:40,700 [ForkJoinPool.commonPool-worker-0] INFO  impl.RaftServerProxy (RaftServerProxy.java:lambda$close$4(314)) - a0699d09-a252-4be5-8d0e-c35928e32e7e: close
2019-09-26 16:41:40,701 [main] INFO  impl.RaftServerProxy (RaftServerProxy.java:lambda$close$4(314)) - 348490e5-42cf-4351-bcb2-b161fe6117cc: close
2019-09-26 16:41:40,701 [ForkJoinPool.commonPool-worker-0] INFO  impl.RaftServerImpl (RaftServerImpl.java:lambda$shutdown$3(251)) - a0699d09-a252-4be5-8d0e-c35928e32e7e@group-C1551F901E2F: shutdown
2019-09-26 16:41:40,701 [main] INFO  impl.RaftServerImpl (RaftServerImpl.java:lambda$shutdown$3(251)) - 348490e5-42cf-4351-bcb2-b161fe6117cc@group-0F074CD4E20A: shutdown
2019-09-26 16:41:40,701 [ForkJoinPool.commonPool-worker-0] INFO  util.JmxRegister (JmxRegister.java:unregister(73)) - Successfully un-registered JMX Bean with object name Ratis:service=RaftServer,group=group-C1551F901E2F,id=a0699d09-a252-4be5-8d0e-c35928e32e7e
2019-09-26 16:41:40,702 [main] INFO  util.JmxRegister (JmxRegister.java:unregister(73)) - Successfully un-registered JMX Bean with object name Ratis:service=RaftServer,group=group-0F074CD4E20A,id=348490e5-42cf-4351-bcb2-b161fe6117cc
2019-09-26 16:41:40,702 [ForkJoinPool.commonPool-worker-0] INFO  impl.RoleInfo (RoleInfo.java:shutdownLeaderState(104)) - a0699d09-a252-4be5-8d0e-c35928e32e7e: shutdown LeaderState
2019-09-26 16:41:40,702 [main] INFO  impl.RoleInfo (RoleInfo.java:shutdownLeaderState(104)) - 348490e5-42cf-4351-bcb2-b161fe6117cc: shutdown LeaderState
2019-09-26 16:41:40,703 [ForkJoinPool.commonPool-worker-0] INFO  impl.PendingRequests (PendingRequests.java:sendNotLeaderResponses(202)) - a0699d09-a252-4be5-8d0e-c35928e32e7e-PendingRequests: sendNotLeaderResponses
2019-09-26 16:41:40,703 [main] INFO  impl.PendingRequests (PendingRequests.java:sendNotLeaderResponses(202)) - 348490e5-42cf-4351-bcb2-b161fe6117cc-PendingRequests: sendNotLeaderResponses
2019-09-26 16:41:40,703 [ForkJoinPool.commonPool-worker-0] INFO  impl.StateMachineUpdater (StateMachineUpdater.java:stopAndJoin(125)) - a0699d09-a252-4be5-8d0e-c35928e32e7e@group-C1551F901E2F-StateMachineUpdater: set stopIndex = 0
2019-09-26 16:41:40,704 [main] INFO  impl.StateMachineUpdater (StateMachineUpdater.java:stopAndJoin(125)) - 348490e5-42cf-4351-bcb2-b161fe6117cc@group-0F074CD4E20A-StateMachineUpdater: set stopIndex = 0
2019-09-26 16:41:40,704 [ForkJoinPool.commonPool-worker-0] INFO  impl.RaftServerImpl (ServerState.java:close(385)) - a0699d09-a252-4be5-8d0e-c35928e32e7e@group-C1551F901E2F: closes. applyIndex: 0
2019-09-26 16:41:40,704 [main] INFO  impl.RaftServerImpl (ServerState.java:close(385)) - 348490e5-42cf-4351-bcb2-b161fe6117cc@group-0F074CD4E20A: closes. applyIndex: 0
2019-09-26 16:41:40,705 [a0699d09-a252-4be5-8d0e-c35928e32e7e@group-C1551F901E2F-SegmentedRaftLogWorker] INFO  segmented.SegmentedRaftLogWorker (SegmentedRaftLogWorker.java:run(313)) - a0699d09-a252-4be5-8d0e-c35928e32e7e@group-C1551F901E2F-SegmentedRaftLogWorker was interrupted, exiting. There are 0 tasks remaining in the queue.
2019-09-26 16:41:40,705 [348490e5-42cf-4351-bcb2-b161fe6117cc@group-0F074CD4E20A-SegmentedRaftLogWorker] INFO  segmented.SegmentedRaftLogWorker (SegmentedRaftLogWorker.java:run(313)) - 348490e5-42cf-4351-bcb2-b161fe6117cc@group-0F074CD4E20A-SegmentedRaftLogWorker was interrupted, exiting. There are 0 tasks remaining in the queue.
2019-09-26 16:41:40,706 [ForkJoinPool.commonPool-worker-0] INFO  segmented.SegmentedRaftLogWorker (SegmentedRaftLogWorker.java:close(228)) - a0699d09-a252-4be5-8d0e-c35928e32e7e@group-C1551F901E2F-SegmentedRaftLogWorker close()
2019-09-26 16:41:40,709 [ForkJoinPool.commonPool-worker-0] INFO  impl.RaftServerImpl (RaftServerImpl.java:lambda$shutdown$3(251)) - a0699d09-a252-4be5-8d0e-c35928e32e7e@group-560E5D370F76: shutdown
2019-09-26 16:41:40,709 [ForkJoinPool.commonPool-worker-0] INFO  util.JmxRegister (JmxRegister.java:unregister(73)) - Successfully un-registered JMX Bean with object name Ratis:service=RaftServer,group=group-560E5D370F76,id=a0699d09-a252-4be5-8d0e-c35928e32e7e
2019-09-26 16:41:40,709 [ForkJoinPool.commonPool-worker-0] INFO  impl.RoleInfo (RoleInfo.java:shutdownLeaderState(104)) - a0699d09-a252-4be5-8d0e-c35928e32e7e: shutdown LeaderState
2019-09-26 16:41:40,713 [ForkJoinPool.commonPool-worker-0] INFO  impl.PendingRequests (PendingRequests.java:sendNotLeaderResponses(202)) - a0699d09-a252-4be5-8d0e-c35928e32e7e-PendingRequests: sendNotLeaderResponses
2019-09-26 16:41:40,713 [org.apache.ratis.server.impl.LogAppender$AppenderDaemon$$Lambda$414/452738001@6ead9e8c] WARN  server.GrpcLogAppender (GrpcLogAppender.java:mayWait(143)) - a0699d09-a252-4be5-8d0e-c35928e32e7e@group-560E5D370F76->b579823b-1ff0-4207-a8a1-9a9b244cc370-GrpcLogAppender: Wait interrupted by java.lang.InterruptedException
2019-09-26 16:41:40,713 [org.apache.ratis.server.impl.LogAppender$AppenderDaemon$$Lambda$414/452738001@7417a5b2] WARN  server.GrpcLogAppender (GrpcLogAppender.java:mayWait(143)) - a0699d09-a252-4be5-8d0e-c35928e32e7e@group-560E5D370F76->654e0914-16db-411e-baa4-1aca811b0f8c-GrpcLogAppender: Wait interrupted by java.lang.InterruptedException
2019-09-26 16:41:40,713 [ForkJoinPool.commonPool-worker-0] INFO  impl.StateMachineUpdater (StateMachineUpdater.java:stopAndJoin(125)) - a0699d09-a252-4be5-8d0e-c35928e32e7e@group-560E5D370F76-StateMachineUpdater: set stopIndex = 0
2019-09-26 16:41:40,714 [ForkJoinPool.commonPool-worker-0] INFO  impl.RaftServerImpl (ServerState.java:close(385)) - a0699d09-a252-4be5-8d0e-c35928e32e7e@group-560E5D370F76: closes. applyIndex: 0
2019-09-26 16:41:40,714 [grpc-default-executor-3] INFO  server.GrpcServerProtocolService (GrpcServerProtocolService.java:onCompleted(113)) - b579823b-1ff0-4207-a8a1-9a9b244cc370: Completed APPEND_ENTRIES, lastRequest: a0699d09-a252-4be5-8d0e-c35928e32e7e->b579823b-1ff0-4207-a8a1-9a9b244cc370#260-t1, previous=(t:1, i:0), leaderCommit=0, initializing? false, entries: <empty>
2019-09-26 16:41:40,714 [a0699d09-a252-4be5-8d0e-c35928e32e7e@group-560E5D370F76-SegmentedRaftLogWorker] INFO  segmented.SegmentedRaftLogWorker (SegmentedRaftLogWorker.java:run(313)) - a0699d09-a252-4be5-8d0e-c35928e32e7e@group-560E5D370F76-SegmentedRaftLogWorker was interrupted, exiting. There are 0 tasks remaining in the queue.
2019-09-26 16:41:40,715 [grpc-default-executor-3] INFO  server.GrpcLogAppender (GrpcLogAppender.java:onCompleted(293)) - a0699d09-a252-4be5-8d0e-c35928e32e7e@group-560E5D370F76->b579823b-1ff0-4207-a8a1-9a9b244cc370-AppendLogResponseHandler: follower responses appendEntries COMPLETED
2019-09-26 16:41:40,715 [grpc-default-executor-3] INFO  impl.FollowerInfo (FollowerInfo.java:lambda$new$0(51)) - a0699d09-a252-4be5-8d0e-c35928e32e7e@group-560E5D370F76->b579823b-1ff0-4207-a8a1-9a9b244cc370: nextIndex: updateUnconditionally 1 -> 0
2019-09-26 16:41:40,718 [main] INFO  segmented.SegmentedRaftLogWorker (SegmentedRaftLogWorker.java:close(228)) - 348490e5-42cf-4351-bcb2-b161fe6117cc@group-0F074CD4E20A-SegmentedRaftLogWorker close()
2019-09-26 16:41:40,718 [ForkJoinPool.commonPool-worker-0] INFO  segmented.SegmentedRaftLogWorker (SegmentedRaftLogWorker.java:close(228)) - a0699d09-a252-4be5-8d0e-c35928e32e7e@group-560E5D370F76-SegmentedRaftLogWorker close()
2019-09-26 16:41:40,720 [main] INFO  impl.RaftServerImpl (RaftServerImpl.java:lambda$shutdown$3(251)) - 348490e5-42cf-4351-bcb2-b161fe6117cc@group-65BB8CEB6BF0: shutdown
2019-09-26 16:41:40,722 [ForkJoinPool.commonPool-worker-0] INFO  server.GrpcService (GrpcService.java:closeImpl(164)) - a0699d09-a252-4be5-8d0e-c35928e32e7e: shutdown server with port 40671 now
2019-09-26 16:41:40,722 [main] INFO  util.JmxRegister (JmxRegister.java:unregister(73)) - Successfully un-registered JMX Bean with object name Ratis:service=RaftServer,group=group-65BB8CEB6BF0,id=348490e5-42cf-4351-bcb2-b161fe6117cc
2019-09-26 16:41:40,724 [ForkJoinPool.commonPool-worker-0] INFO  server.GrpcService (GrpcService.java:closeImpl(172)) - a0699d09-a252-4be5-8d0e-c35928e32e7e: shutdown server with port 40671 successfully
2019-09-26 16:41:40,724 [main] INFO  impl.RoleInfo (RoleInfo.java:shutdownLeaderState(104)) - 348490e5-42cf-4351-bcb2-b161fe6117cc: shutdown LeaderState
2019-09-26 16:41:40,727 [org.apache.ratis.server.impl.LogAppender$AppenderDaemon$$Lambda$414/452738001@3399e685] WARN  server.GrpcLogAppender (GrpcLogAppender.java:mayWait(143)) - 348490e5-42cf-4351-bcb2-b161fe6117cc@group-65BB8CEB6BF0->d3288a9b-14bd-48c9-b698-6bc497213938-GrpcLogAppender: Wait interrupted by java.lang.InterruptedException
2019-09-26 16:41:40,731 [main] INFO  impl.PendingRequests (PendingRequests.java:sendNotLeaderResponses(202)) - 348490e5-42cf-4351-bcb2-b161fe6117cc-PendingRequests: sendNotLeaderResponses
2019-09-26 16:41:40,731 [org.apache.ratis.server.impl.LogAppender$AppenderDaemon$$Lambda$414/452738001@5774f4a9] WARN  server.GrpcLogAppender (GrpcLogAppender.java:mayWait(143)) - 348490e5-42cf-4351-bcb2-b161fe6117cc@group-65BB8CEB6BF0->eb18520e-12e8-4d27-8838-dd2c94abb977-GrpcLogAppender: Wait interrupted by java.lang.InterruptedException
2019-09-26 16:41:40,732 [main] INFO  impl.StateMachineUpdater (StateMachineUpdater.java:stopAndJoin(125)) - 348490e5-42cf-4351-bcb2-b161fe6117cc@group-65BB8CEB6BF0-StateMachineUpdater: set stopIndex = 0
2019-09-26 16:41:40,732 [refreshUsed-/workdir/hadoop-ozone/integration-test/target/test-dir/MiniOzoneClusterImpl-0d69453a-2620-4e4e-b2d5-320b1f4020d1/datanode-0/data/containers] WARN  fs.CachingGetSpaceUsed (CachingGetSpaceUsed.java:run(183)) - Thread Interrupted waiting to refresh disk information: sleep interrupted
2019-09-26 16:41:40,732 [main] INFO  impl.RaftServerImpl (ServerState.java:close(385)) - 348490e5-42cf-4351-bcb2-b161fe6117cc@group-65BB8CEB6BF0: closes. applyIndex: 0
2019-09-26 16:41:40,733 [348490e5-42cf-4351-bcb2-b161fe6117cc@group-65BB8CEB6BF0-SegmentedRaftLogWorker] INFO  segmented.SegmentedRaftLogWorker (SegmentedRaftLogWorker.java:run(313)) - 348490e5-42cf-4351-bcb2-b161fe6117cc@group-65BB8CEB6BF0-SegmentedRaftLogWorker was interrupted, exiting. There are 0 tasks remaining in the queue.
2019-09-26 16:41:40,734 [main] INFO  segmented.SegmentedRaftLogWorker (SegmentedRaftLogWorker.java:close(228)) - 348490e5-42cf-4351-bcb2-b161fe6117cc@group-65BB8CEB6BF0-SegmentedRaftLogWorker close()
2019-09-26 16:41:40,737 [main] INFO  server.GrpcService (GrpcService.java:closeImpl(164)) - 348490e5-42cf-4351-bcb2-b161fe6117cc: shutdown server with port 35669 now
2019-09-26 16:41:40,738 [main] INFO  server.GrpcService (GrpcService.java:closeImpl(172)) - 348490e5-42cf-4351-bcb2-b161fe6117cc: shutdown server with port 35669 successfully
2019-09-26 16:41:40,741 [refreshUsed-/workdir/hadoop-ozone/integration-test/target/test-dir/MiniOzoneClusterImpl-0d69453a-2620-4e4e-b2d5-320b1f4020d1/datanode-9/data/containers] WARN  fs.CachingGetSpaceUsed (CachingGetSpaceUsed.java:run(183)) - Thread Interrupted waiting to refresh disk information: sleep interrupted
2019-09-26 16:41:40,754 [ForkJoinPool.commonPool-worker-0] INFO  utils.BackgroundService (BackgroundService.java:shutdown(148)) - Shutting down service BlockDeletingService
2019-09-26 16:41:40,759 [ForkJoinPool.commonPool-worker-0] INFO  statemachine.DatanodeStateMachine (DatanodeStateMachine.java:stopDaemon(395)) - Ozone container server stopped.
2019-09-26 16:41:40,764 [ForkJoinPool.commonPool-worker-0] INFO  handler.ContextHandler (ContextHandler.java:doStop(910)) - Stopped o.e.j.w.WebAppContext@c02670f{/,null,UNAVAILABLE}{/hddsDatanode}
2019-09-26 16:41:40,764 [ForkJoinPool.commonPool-worker-0] INFO  server.AbstractConnector (AbstractConnector.java:doStop(318)) - Stopped ServerConnector@71179b6f{HTTP/1.1,[http/1.1]}{0.0.0.0:0}
2019-09-26 16:41:40,766 [ForkJoinPool.commonPool-worker-0] INFO  handler.ContextHandler (ContextHandler.java:doStop(910)) - Stopped o.e.j.s.ServletContextHandler@4c19d42e{/static,jar:file:/home/user/.m2/repository/org/apache/hadoop/hadoop-hdds-container-service/0.5.0-SNAPSHOT/hadoop-hdds-container-service-0.5.0-SNAPSHOT.jar!/webapps/static,UNAVAILABLE}
2019-09-26 16:41:40,768 [ForkJoinPool.commonPool-worker-0] INFO  handler.ContextHandler (ContextHandler.java:doStop(910)) - Stopped o.e.j.s.ServletContextHandler@500051c5{/logs,file:///workdir/hadoop-ozone/integration-test/target/log,UNAVAILABLE}
2019-09-26 16:41:40,769 [main] INFO  utils.BackgroundService (BackgroundService.java:shutdown(148)) - Shutting down service BlockDeletingService
2019-09-26 16:41:40,774 [main] INFO  statemachine.DatanodeStateMachine (DatanodeStateMachine.java:stopDaemon(395)) - Ozone container server stopped.
2019-09-26 16:41:40,775 [main] INFO  handler.ContextHandler (ContextHandler.java:doStop(910)) - Stopped o.e.j.w.WebAppContext@787e4357{/,null,UNAVAILABLE}{/hddsDatanode}
2019-09-26 16:41:40,775 [main] INFO  server.AbstractConnector (AbstractConnector.java:doStop(318)) - Stopped ServerConnector@392781e{HTTP/1.1,[http/1.1]}{0.0.0.0:0}
2019-09-26 16:41:40,776 [main] INFO  handler.ContextHandler (ContextHandler.java:doStop(910)) - Stopped o.e.j.s.ServletContextHandler@61191222{/static,jar:file:/home/user/.m2/repository/org/apache/hadoop/hadoop-hdds-container-service/0.5.0-SNAPSHOT/hadoop-hdds-container-service-0.5.0-SNAPSHOT.jar!/webapps/static,UNAVAILABLE}
2019-09-26 16:41:40,776 [main] INFO  handler.ContextHandler (ContextHandler.java:doStop(910)) - Stopped o.e.j.s.ServletContextHandler@778a1250{/logs,file:///workdir/hadoop-ozone/integration-test/target/log,UNAVAILABLE}
2019-09-26 16:41:41,090 [Datanode State Machine Thread - 0] INFO  statemachine.DatanodeStateMachine (DatanodeStateMachine.java:lambda$startDaemon$0(350)) - Ozone container server started.
2019-09-26 16:41:41,666 [Datanode State Machine Thread - 0] INFO  statemachine.DatanodeStateMachine (DatanodeStateMachine.java:lambda$startDaemon$0(350)) - Ozone container server started.
2019-09-26 16:41:42,205 [Thread-4128] INFO  impl.FollowerState (FollowerState.java:run(106)) - b579823b-1ff0-4207-a8a1-9a9b244cc370:group-560E5D370F76 changes to CANDIDATE, lastRpcTime:1803, electionTimeout:1059ms
2019-09-26 16:41:42,206 [Thread-4128] INFO  impl.RoleInfo (RoleInfo.java:shutdownFollowerState(121)) - b579823b-1ff0-4207-a8a1-9a9b244cc370: shutdown FollowerState
2019-09-26 16:41:42,206 [Thread-4128] INFO  impl.RaftServerImpl (RaftServerImpl.java:setRole(174)) - b579823b-1ff0-4207-a8a1-9a9b244cc370@group-560E5D370F76: changes role from  FOLLOWER to CANDIDATE at term 1 for changeToCandidate
2019-09-26 16:41:42,206 [Thread-4128] INFO  impl.RoleInfo (RoleInfo.java:updateAndGet(143)) - b579823b-1ff0-4207-a8a1-9a9b244cc370: start LeaderElection
2019-09-26 16:41:42,207 [b579823b-1ff0-4207-a8a1-9a9b244cc370@group-560E5D370F76:LeaderElection61] INFO  impl.RaftServerImpl (ServerState.java:setLeader(253)) - b579823b-1ff0-4207-a8a1-9a9b244cc370@group-560E5D370F76: change Leader from a0699d09-a252-4be5-8d0e-c35928e32e7e to null at term 1 for initElection
2019-09-26 16:41:42,223 [b579823b-1ff0-4207-a8a1-9a9b244cc370@group-560E5D370F76:LeaderElection61] INFO  impl.LeaderElection (LeaderElection.java:askForVotes(182)) - b579823b-1ff0-4207-a8a1-9a9b244cc370@group-560E5D370F76:LeaderElection61: begin an election at term 2 for 0: [b579823b-1ff0-4207-a8a1-9a9b244cc370:192.168.157.234:35476, 654e0914-16db-411e-baa4-1aca811b0f8c:192.168.157.234:41857, a0699d09-a252-4be5-8d0e-c35928e32e7e:192.168.157.234:40671], old=null
2019-09-26 16:41:42,226 [b579823b-1ff0-4207-a8a1-9a9b244cc370@group-560E5D370F76:LeaderElection61] INFO  impl.LeaderElection (LogUtils.java:infoOrTrace(149)) - b579823b-1ff0-4207-a8a1-9a9b244cc370@group-560E5D370F76:LeaderElection61 got exception when requesting votes: {}
java.util.concurrent.ExecutionException: org.apache.ratis.thirdparty.io.grpc.StatusRuntimeException: UNAVAILABLE: io exception
	at java.util.concurrent.FutureTask.report(FutureTask.java:122)
	at java.util.concurrent.FutureTask.get(FutureTask.java:192)
	at org.apache.ratis.server.impl.LeaderElection.waitForResults(LeaderElection.java:263)
	at org.apache.ratis.server.impl.LeaderElection.askForVotes(LeaderElection.java:201)
	at org.apache.ratis.server.impl.LeaderElection.run(LeaderElection.java:133)
	at java.lang.Thread.run(Thread.java:748)
Caused by: org.apache.ratis.thirdparty.io.grpc.StatusRuntimeException: UNAVAILABLE: io exception
	at org.apache.ratis.thirdparty.io.grpc.stub.ClientCalls.toStatusRuntimeException(ClientCalls.java:233)
	at org.apache.ratis.thirdparty.io.grpc.stub.ClientCalls.getUnchecked(ClientCalls.java:214)
	at org.apache.ratis.thirdparty.io.grpc.stub.ClientCalls.blockingUnaryCall(ClientCalls.java:139)
	at org.apache.ratis.proto.grpc.RaftServerProtocolServiceGrpc$RaftServerProtocolServiceBlockingStub.requestVote(RaftServerProtocolServiceGrpc.java:265)
	at org.apache.ratis.grpc.server.GrpcServerProtocolClient.requestVote(GrpcServerProtocolClient.java:90)
	at org.apache.ratis.grpc.server.GrpcService.requestVote(GrpcService.java:204)
	at org.apache.ratis.server.impl.LeaderElection.lambda$submitRequests$1(LeaderElection.java:238)
	at java.util.concurrent.FutureTask.run(FutureTask.java:266)
	at java.util.concurrent.Executors$RunnableAdapter.call(Executors.java:511)
	at java.util.concurrent.FutureTask.run(FutureTask.java:266)
	at java.util.concurrent.ThreadPoolExecutor.runWorker(ThreadPoolExecutor.java:1149)
	at java.util.concurrent.ThreadPoolExecutor$Worker.run(ThreadPoolExecutor.java:624)
	... 1 more
Caused by: org.apache.ratis.thirdparty.io.netty.channel.AbstractChannel$AnnotatedConnectException: Connection refused: /192.168.157.234:40671
	at sun.nio.ch.SocketChannelImpl.checkConnect(Native Method)
	at sun.nio.ch.SocketChannelImpl.finishConnect(SocketChannelImpl.java:717)
	at org.apache.ratis.thirdparty.io.netty.channel.socket.nio.NioSocketChannel.doFinishConnect(NioSocketChannel.java:327)
	at org.apache.ratis.thirdparty.io.netty.channel.nio.AbstractNioChannel$AbstractNioUnsafe.finishConnect(AbstractNioChannel.java:340)
	at org.apache.ratis.thirdparty.io.netty.channel.nio.NioEventLoop.processSelectedKey(NioEventLoop.java:632)
	at org.apache.ratis.thirdparty.io.netty.channel.nio.NioEventLoop.processSelectedKeysOptimized(NioEventLoop.java:579)
	at org.apache.ratis.thirdparty.io.netty.channel.nio.NioEventLoop.processSelectedKeys(NioEventLoop.java:496)
	at org.apache.ratis.thirdparty.io.netty.channel.nio.NioEventLoop.run(NioEventLoop.java:458)
	at org.apache.ratis.thirdparty.io.netty.util.concurrent.SingleThreadEventExecutor$5.run(SingleThreadEventExecutor.java:897)
	at org.apache.ratis.thirdparty.io.netty.util.concurrent.FastThreadLocalRunnable.run(FastThreadLocalRunnable.java:30)
	... 1 more
Caused by: java.net.ConnectException: Connection refused
	... 11 more
2019-09-26 16:41:42,229 [b579823b-1ff0-4207-a8a1-9a9b244cc370@group-560E5D370F76:LeaderElection61] INFO  impl.LeaderElection (LogUtils.java:infoOrTrace(149)) - b579823b-1ff0-4207-a8a1-9a9b244cc370@group-560E5D370F76:LeaderElection61 got exception when requesting votes: {}
java.util.concurrent.ExecutionException: org.apache.ratis.thirdparty.io.grpc.StatusRuntimeException: UNAVAILABLE: io exception
	at java.util.concurrent.FutureTask.report(FutureTask.java:122)
	at java.util.concurrent.FutureTask.get(FutureTask.java:192)
	at org.apache.ratis.server.impl.LeaderElection.waitForResults(LeaderElection.java:263)
	at org.apache.ratis.server.impl.LeaderElection.askForVotes(LeaderElection.java:201)
	at org.apache.ratis.server.impl.LeaderElection.run(LeaderElection.java:133)
	at java.lang.Thread.run(Thread.java:748)
Caused by: org.apache.ratis.thirdparty.io.grpc.StatusRuntimeException: UNAVAILABLE: io exception
	at org.apache.ratis.thirdparty.io.grpc.stub.ClientCalls.toStatusRuntimeException(ClientCalls.java:233)
	at org.apache.ratis.thirdparty.io.grpc.stub.ClientCalls.getUnchecked(ClientCalls.java:214)
	at org.apache.ratis.thirdparty.io.grpc.stub.ClientCalls.blockingUnaryCall(ClientCalls.java:139)
	at org.apache.ratis.proto.grpc.RaftServerProtocolServiceGrpc$RaftServerProtocolServiceBlockingStub.requestVote(RaftServerProtocolServiceGrpc.java:265)
	at org.apache.ratis.grpc.server.GrpcServerProtocolClient.requestVote(GrpcServerProtocolClient.java:90)
	at org.apache.ratis.grpc.server.GrpcService.requestVote(GrpcService.java:204)
	at org.apache.ratis.server.impl.LeaderElection.lambda$submitRequests$1(LeaderElection.java:238)
	at java.util.concurrent.FutureTask.run(FutureTask.java:266)
	at java.util.concurrent.Executors$RunnableAdapter.call(Executors.java:511)
	at java.util.concurrent.FutureTask.run(FutureTask.java:266)
	at java.util.concurrent.ThreadPoolExecutor.runWorker(ThreadPoolExecutor.java:1149)
	at java.util.concurrent.ThreadPoolExecutor$Worker.run(ThreadPoolExecutor.java:624)
	... 1 more
Caused by: org.apache.ratis.thirdparty.io.netty.channel.AbstractChannel$AnnotatedConnectException: Connection refused: /192.168.157.234:41857
	at sun.nio.ch.SocketChannelImpl.checkConnect(Native Method)
	at sun.nio.ch.SocketChannelImpl.finishConnect(SocketChannelImpl.java:717)
	at org.apache.ratis.thirdparty.io.netty.channel.socket.nio.NioSocketChannel.doFinishConnect(NioSocketChannel.java:327)
	at org.apache.ratis.thirdparty.io.netty.channel.nio.AbstractNioChannel$AbstractNioUnsafe.finishConnect(AbstractNioChannel.java:340)
	at org.apache.ratis.thirdparty.io.netty.channel.nio.NioEventLoop.processSelectedKey(NioEventLoop.java:632)
	at org.apache.ratis.thirdparty.io.netty.channel.nio.NioEventLoop.processSelectedKeysOptimized(NioEventLoop.java:579)
	at org.apache.ratis.thirdparty.io.netty.channel.nio.NioEventLoop.processSelectedKeys(NioEventLoop.java:496)
	at org.apache.ratis.thirdparty.io.netty.channel.nio.NioEventLoop.run(NioEventLoop.java:458)
	at org.apache.ratis.thirdparty.io.netty.util.concurrent.SingleThreadEventExecutor$5.run(SingleThreadEventExecutor.java:897)
	at org.apache.ratis.thirdparty.io.netty.util.concurrent.FastThreadLocalRunnable.run(FastThreadLocalRunnable.java:30)
	... 1 more
Caused by: java.net.ConnectException: Connection refused
	... 11 more
2019-09-26 16:41:42,231 [b579823b-1ff0-4207-a8a1-9a9b244cc370@group-560E5D370F76:LeaderElection61] INFO  impl.LeaderElection (LeaderElection.java:logAndReturn(56)) - b579823b-1ff0-4207-a8a1-9a9b244cc370@group-560E5D370F76:LeaderElection61: Election REJECTED; received 0 response(s) [] and 2 exception(s); b579823b-1ff0-4207-a8a1-9a9b244cc370@group-560E5D370F76:t2, leader=null, voted=b579823b-1ff0-4207-a8a1-9a9b244cc370, raftlog=b579823b-1ff0-4207-a8a1-9a9b244cc370@group-560E5D370F76-SegmentedRaftLog:OPENED:c0,f0,i0, conf=0: [b579823b-1ff0-4207-a8a1-9a9b244cc370:192.168.157.234:35476, 654e0914-16db-411e-baa4-1aca811b0f8c:192.168.157.234:41857, a0699d09-a252-4be5-8d0e-c35928e32e7e:192.168.157.234:40671], old=null
2019-09-26 16:41:42,231 [b579823b-1ff0-4207-a8a1-9a9b244cc370@group-560E5D370F76:LeaderElection61] INFO  impl.LeaderElection (LogUtils.java:infoOrTrace(149)) -   Exception 0: {}
java.util.concurrent.ExecutionException: org.apache.ratis.thirdparty.io.grpc.StatusRuntimeException: UNAVAILABLE: io exception
	at java.util.concurrent.FutureTask.report(FutureTask.java:122)
	at java.util.concurrent.FutureTask.get(FutureTask.java:192)
	at org.apache.ratis.server.impl.LeaderElection.waitForResults(LeaderElection.java:263)
	at org.apache.ratis.server.impl.LeaderElection.askForVotes(LeaderElection.java:201)
	at org.apache.ratis.server.impl.LeaderElection.run(LeaderElection.java:133)
	at java.lang.Thread.run(Thread.java:748)
Caused by: org.apache.ratis.thirdparty.io.grpc.StatusRuntimeException: UNAVAILABLE: io exception
	at org.apache.ratis.thirdparty.io.grpc.stub.ClientCalls.toStatusRuntimeException(ClientCalls.java:233)
	at org.apache.ratis.thirdparty.io.grpc.stub.ClientCalls.getUnchecked(ClientCalls.java:214)
	at org.apache.ratis.thirdparty.io.grpc.stub.ClientCalls.blockingUnaryCall(ClientCalls.java:139)
	at org.apache.ratis.proto.grpc.RaftServerProtocolServiceGrpc$RaftServerProtocolServiceBlockingStub.requestVote(RaftServerProtocolServiceGrpc.java:265)
	at org.apache.ratis.grpc.server.GrpcServerProtocolClient.requestVote(GrpcServerProtocolClient.java:90)
	at org.apache.ratis.grpc.server.GrpcService.requestVote(GrpcService.java:204)
	at org.apache.ratis.server.impl.LeaderElection.lambda$submitRequests$1(LeaderElection.java:238)
	at java.util.concurrent.FutureTask.run(FutureTask.java:266)
	at java.util.concurrent.Executors$RunnableAdapter.call(Executors.java:511)
	at java.util.concurrent.FutureTask.run(FutureTask.java:266)
	at java.util.concurrent.ThreadPoolExecutor.runWorker(ThreadPoolExecutor.java:1149)
	at java.util.concurrent.ThreadPoolExecutor$Worker.run(ThreadPoolExecutor.java:624)
	... 1 more
Caused by: org.apache.ratis.thirdparty.io.netty.channel.AbstractChannel$AnnotatedConnectException: Connection refused: /192.168.157.234:40671
	at sun.nio.ch.SocketChannelImpl.checkConnect(Native Method)
	at sun.nio.ch.SocketChannelImpl.finishConnect(SocketChannelImpl.java:717)
	at org.apache.ratis.thirdparty.io.netty.channel.socket.nio.NioSocketChannel.doFinishConnect(NioSocketChannel.java:327)
	at org.apache.ratis.thirdparty.io.netty.channel.nio.AbstractNioChannel$AbstractNioUnsafe.finishConnect(AbstractNioChannel.java:340)
	at org.apache.ratis.thirdparty.io.netty.channel.nio.NioEventLoop.processSelectedKey(NioEventLoop.java:632)
	at org.apache.ratis.thirdparty.io.netty.channel.nio.NioEventLoop.processSelectedKeysOptimized(NioEventLoop.java:579)
	at org.apache.ratis.thirdparty.io.netty.channel.nio.NioEventLoop.processSelectedKeys(NioEventLoop.java:496)
	at org.apache.ratis.thirdparty.io.netty.channel.nio.NioEventLoop.run(NioEventLoop.java:458)
	at org.apache.ratis.thirdparty.io.netty.util.concurrent.SingleThreadEventExecutor$5.run(SingleThreadEventExecutor.java:897)
	at org.apache.ratis.thirdparty.io.netty.util.concurrent.FastThreadLocalRunnable.run(FastThreadLocalRunnable.java:30)
	... 1 more
Caused by: java.net.ConnectException: Connection refused
	... 11 more
2019-09-26 16:41:42,231 [b579823b-1ff0-4207-a8a1-9a9b244cc370@group-560E5D370F76:LeaderElection61] INFO  impl.LeaderElection (LogUtils.java:infoOrTrace(149)) -   Exception 1: {}
java.util.concurrent.ExecutionException: org.apache.ratis.thirdparty.io.grpc.StatusRuntimeException: UNAVAILABLE: io exception
	at java.util.concurrent.FutureTask.report(FutureTask.java:122)
	at java.util.concurrent.FutureTask.get(FutureTask.java:192)
	at org.apache.ratis.server.impl.LeaderElection.waitForResults(LeaderElection.java:263)
	at org.apache.ratis.server.impl.LeaderElection.askForVotes(LeaderElection.java:201)
	at org.apache.ratis.server.impl.LeaderElection.run(LeaderElection.java:133)
	at java.lang.Thread.run(Thread.java:748)
Caused by: org.apache.ratis.thirdparty.io.grpc.StatusRuntimeException: UNAVAILABLE: io exception
	at org.apache.ratis.thirdparty.io.grpc.stub.ClientCalls.toStatusRuntimeException(ClientCalls.java:233)
	at org.apache.ratis.thirdparty.io.grpc.stub.ClientCalls.getUnchecked(ClientCalls.java:214)
	at org.apache.ratis.thirdparty.io.grpc.stub.ClientCalls.blockingUnaryCall(ClientCalls.java:139)
	at org.apache.ratis.proto.grpc.RaftServerProtocolServiceGrpc$RaftServerProtocolServiceBlockingStub.requestVote(RaftServerProtocolServiceGrpc.java:265)
	at org.apache.ratis.grpc.server.GrpcServerProtocolClient.requestVote(GrpcServerProtocolClient.java:90)
	at org.apache.ratis.grpc.server.GrpcService.requestVote(GrpcService.java:204)
	at org.apache.ratis.server.impl.LeaderElection.lambda$submitRequests$1(LeaderElection.java:238)
	at java.util.concurrent.FutureTask.run(FutureTask.java:266)
	at java.util.concurrent.Executors$RunnableAdapter.call(Executors.java:511)
	at java.util.concurrent.FutureTask.run(FutureTask.java:266)
	at java.util.concurrent.ThreadPoolExecutor.runWorker(ThreadPoolExecutor.java:1149)
	at java.util.concurrent.ThreadPoolExecutor$Worker.run(ThreadPoolExecutor.java:624)
	... 1 more
Caused by: org.apache.ratis.thirdparty.io.netty.channel.AbstractChannel$AnnotatedConnectException: Connection refused: /192.168.157.234:41857
	at sun.nio.ch.SocketChannelImpl.checkConnect(Native Method)
	at sun.nio.ch.SocketChannelImpl.finishConnect(SocketChannelImpl.java:717)
	at org.apache.ratis.thirdparty.io.netty.channel.socket.nio.NioSocketChannel.doFinishConnect(NioSocketChannel.java:327)
	at org.apache.ratis.thirdparty.io.netty.channel.nio.AbstractNioChannel$AbstractNioUnsafe.finishConnect(AbstractNioChannel.java:340)
	at org.apache.ratis.thirdparty.io.netty.channel.nio.NioEventLoop.processSelectedKey(NioEventLoop.java:632)
	at org.apache.ratis.thirdparty.io.netty.channel.nio.NioEventLoop.processSelectedKeysOptimized(NioEventLoop.java:579)
	at org.apache.ratis.thirdparty.io.netty.channel.nio.NioEventLoop.processSelectedKeys(NioEventLoop.java:496)
	at org.apache.ratis.thirdparty.io.netty.channel.nio.NioEventLoop.run(NioEventLoop.java:458)
	at org.apache.ratis.thirdparty.io.netty.util.concurrent.SingleThreadEventExecutor$5.run(SingleThreadEventExecutor.java:897)
	at org.apache.ratis.thirdparty.io.netty.util.concurrent.FastThreadLocalRunnable.run(FastThreadLocalRunnable.java:30)
	... 1 more
Caused by: java.net.ConnectException: Connection refused
	... 11 more
2019-09-26 16:41:42,232 [b579823b-1ff0-4207-a8a1-9a9b244cc370@group-560E5D370F76:LeaderElection61] INFO  impl.RaftServerImpl (RaftServerImpl.java:setRole(174)) - b579823b-1ff0-4207-a8a1-9a9b244cc370@group-560E5D370F76: changes role from CANDIDATE to FOLLOWER at term 2 for DISCOVERED_A_NEW_TERM
2019-09-26 16:41:42,232 [b579823b-1ff0-4207-a8a1-9a9b244cc370@group-560E5D370F76:LeaderElection61] INFO  impl.RoleInfo (RoleInfo.java:shutdownLeaderElection(134)) - b579823b-1ff0-4207-a8a1-9a9b244cc370: shutdown LeaderElection
2019-09-26 16:41:42,232 [b579823b-1ff0-4207-a8a1-9a9b244cc370@group-560E5D370F76:LeaderElection61] INFO  impl.RoleInfo (RoleInfo.java:updateAndGet(143)) - b579823b-1ff0-4207-a8a1-9a9b244cc370: start FollowerState
2019-09-26 16:41:43,362 [Thread-5658] INFO  impl.FollowerState (FollowerState.java:run(106)) - b579823b-1ff0-4207-a8a1-9a9b244cc370:group-560E5D370F76 changes to CANDIDATE, lastRpcTime:1129, electionTimeout:1129ms
2019-09-26 16:41:43,364 [Thread-5658] INFO  impl.RoleInfo (RoleInfo.java:shutdownFollowerState(121)) - b579823b-1ff0-4207-a8a1-9a9b244cc370: shutdown FollowerState
2019-09-26 16:41:43,364 [Thread-5658] INFO  impl.RaftServerImpl (RaftServerImpl.java:setRole(174)) - b579823b-1ff0-4207-a8a1-9a9b244cc370@group-560E5D370F76: changes role from  FOLLOWER to CANDIDATE at term 2 for changeToCandidate
2019-09-26 16:41:43,364 [Thread-5658] INFO  impl.RoleInfo (RoleInfo.java:updateAndGet(143)) - b579823b-1ff0-4207-a8a1-9a9b244cc370: start LeaderElection
2019-09-26 16:41:43,380 [b579823b-1ff0-4207-a8a1-9a9b244cc370@group-560E5D370F76:LeaderElection62] INFO  impl.LeaderElection (LeaderElection.java:askForVotes(182)) - b579823b-1ff0-4207-a8a1-9a9b244cc370@group-560E5D370F76:LeaderElection62: begin an election at term 3 for 0: [b579823b-1ff0-4207-a8a1-9a9b244cc370:192.168.157.234:35476, 654e0914-16db-411e-baa4-1aca811b0f8c:192.168.157.234:41857, a0699d09-a252-4be5-8d0e-c35928e32e7e:192.168.157.234:40671], old=null
2019-09-26 16:41:43,381 [b579823b-1ff0-4207-a8a1-9a9b244cc370@group-560E5D370F76:LeaderElection62] INFO  impl.LeaderElection (LogUtils.java:infoOrTrace(149)) - b579823b-1ff0-4207-a8a1-9a9b244cc370@group-560E5D370F76:LeaderElection62 got exception when requesting votes: {}
java.util.concurrent.ExecutionException: org.apache.ratis.thirdparty.io.grpc.StatusRuntimeException: UNAVAILABLE: io exception
	at java.util.concurrent.FutureTask.report(FutureTask.java:122)
	at java.util.concurrent.FutureTask.get(FutureTask.java:192)
	at org.apache.ratis.server.impl.LeaderElection.waitForResults(LeaderElection.java:263)
	at org.apache.ratis.server.impl.LeaderElection.askForVotes(LeaderElection.java:201)
	at org.apache.ratis.server.impl.LeaderElection.run(LeaderElection.java:133)
	at java.lang.Thread.run(Thread.java:748)
Caused by: org.apache.ratis.thirdparty.io.grpc.StatusRuntimeException: UNAVAILABLE: io exception
	at org.apache.ratis.thirdparty.io.grpc.stub.ClientCalls.toStatusRuntimeException(ClientCalls.java:233)
	at org.apache.ratis.thirdparty.io.grpc.stub.ClientCalls.getUnchecked(ClientCalls.java:214)
	at org.apache.ratis.thirdparty.io.grpc.stub.ClientCalls.blockingUnaryCall(ClientCalls.java:139)
	at org.apache.ratis.proto.grpc.RaftServerProtocolServiceGrpc$RaftServerProtocolServiceBlockingStub.requestVote(RaftServerProtocolServiceGrpc.java:265)
	at org.apache.ratis.grpc.server.GrpcServerProtocolClient.requestVote(GrpcServerProtocolClient.java:90)
	at org.apache.ratis.grpc.server.GrpcService.requestVote(GrpcService.java:204)
	at org.apache.ratis.server.impl.LeaderElection.lambda$submitRequests$1(LeaderElection.java:238)
	at java.util.concurrent.FutureTask.run(FutureTask.java:266)
	at java.util.concurrent.Executors$RunnableAdapter.call(Executors.java:511)
	at java.util.concurrent.FutureTask.run(FutureTask.java:266)
	at java.util.concurrent.ThreadPoolExecutor.runWorker(ThreadPoolExecutor.java:1149)
	at java.util.concurrent.ThreadPoolExecutor$Worker.run(ThreadPoolExecutor.java:624)
	... 1 more
Caused by: org.apache.ratis.thirdparty.io.netty.channel.AbstractChannel$AnnotatedConnectException: Connection refused: /192.168.157.234:41857
	at sun.nio.ch.SocketChannelImpl.checkConnect(Native Method)
	at sun.nio.ch.SocketChannelImpl.finishConnect(SocketChannelImpl.java:717)
	at org.apache.ratis.thirdparty.io.netty.channel.socket.nio.NioSocketChannel.doFinishConnect(NioSocketChannel.java:327)
	at org.apache.ratis.thirdparty.io.netty.channel.nio.AbstractNioChannel$AbstractNioUnsafe.finishConnect(AbstractNioChannel.java:340)
	at org.apache.ratis.thirdparty.io.netty.channel.nio.NioEventLoop.processSelectedKey(NioEventLoop.java:632)
	at org.apache.ratis.thirdparty.io.netty.channel.nio.NioEventLoop.processSelectedKeysOptimized(NioEventLoop.java:579)
	at org.apache.ratis.thirdparty.io.netty.channel.nio.NioEventLoop.processSelectedKeys(NioEventLoop.java:496)
	at org.apache.ratis.thirdparty.io.netty.channel.nio.NioEventLoop.run(NioEventLoop.java:458)
	at org.apache.ratis.thirdparty.io.netty.util.concurrent.SingleThreadEventExecutor$5.run(SingleThreadEventExecutor.java:897)
	at org.apache.ratis.thirdparty.io.netty.util.concurrent.FastThreadLocalRunnable.run(FastThreadLocalRunnable.java:30)
	... 1 more
Caused by: java.net.ConnectException: Connection refused
	... 11 more
2019-09-26 16:41:43,383 [b579823b-1ff0-4207-a8a1-9a9b244cc370@group-560E5D370F76:LeaderElection62] INFO  impl.LeaderElection (LogUtils.java:infoOrTrace(149)) - b579823b-1ff0-4207-a8a1-9a9b244cc370@group-560E5D370F76:LeaderElection62 got exception when requesting votes: {}
java.util.concurrent.ExecutionException: org.apache.ratis.thirdparty.io.grpc.StatusRuntimeException: UNAVAILABLE: io exception
	at java.util.concurrent.FutureTask.report(FutureTask.java:122)
	at java.util.concurrent.FutureTask.get(FutureTask.java:192)
	at org.apache.ratis.server.impl.LeaderElection.waitForResults(LeaderElection.java:263)
	at org.apache.ratis.server.impl.LeaderElection.askForVotes(LeaderElection.java:201)
	at org.apache.ratis.server.impl.LeaderElection.run(LeaderElection.java:133)
	at java.lang.Thread.run(Thread.java:748)
Caused by: org.apache.ratis.thirdparty.io.grpc.StatusRuntimeException: UNAVAILABLE: io exception
	at org.apache.ratis.thirdparty.io.grpc.stub.ClientCalls.toStatusRuntimeException(ClientCalls.java:233)
	at org.apache.ratis.thirdparty.io.grpc.stub.ClientCalls.getUnchecked(ClientCalls.java:214)
	at org.apache.ratis.thirdparty.io.grpc.stub.ClientCalls.blockingUnaryCall(ClientCalls.java:139)
	at org.apache.ratis.proto.grpc.RaftServerProtocolServiceGrpc$RaftServerProtocolServiceBlockingStub.requestVote(RaftServerProtocolServiceGrpc.java:265)
	at org.apache.ratis.grpc.server.GrpcServerProtocolClient.requestVote(GrpcServerProtocolClient.java:90)
	at org.apache.ratis.grpc.server.GrpcService.requestVote(GrpcService.java:204)
	at org.apache.ratis.server.impl.LeaderElection.lambda$submitRequests$1(LeaderElection.java:238)
	at java.util.concurrent.FutureTask.run(FutureTask.java:266)
	at java.util.concurrent.Executors$RunnableAdapter.call(Executors.java:511)
	at java.util.concurrent.FutureTask.run(FutureTask.java:266)
	at java.util.concurrent.ThreadPoolExecutor.runWorker(ThreadPoolExecutor.java:1149)
	at java.util.concurrent.ThreadPoolExecutor$Worker.run(ThreadPoolExecutor.java:624)
	... 1 more
Caused by: org.apache.ratis.thirdparty.io.netty.channel.AbstractChannel$AnnotatedConnectException: Connection refused: /192.168.157.234:40671
	at sun.nio.ch.SocketChannelImpl.checkConnect(Native Method)
	at sun.nio.ch.SocketChannelImpl.finishConnect(SocketChannelImpl.java:717)
	at org.apache.ratis.thirdparty.io.netty.channel.socket.nio.NioSocketChannel.doFinishConnect(NioSocketChannel.java:327)
	at org.apache.ratis.thirdparty.io.netty.channel.nio.AbstractNioChannel$AbstractNioUnsafe.finishConnect(AbstractNioChannel.java:340)
	at org.apache.ratis.thirdparty.io.netty.channel.nio.NioEventLoop.processSelectedKey(NioEventLoop.java:632)
	at org.apache.ratis.thirdparty.io.netty.channel.nio.NioEventLoop.processSelectedKeysOptimized(NioEventLoop.java:579)
	at org.apache.ratis.thirdparty.io.netty.channel.nio.NioEventLoop.processSelectedKeys(NioEventLoop.java:496)
	at org.apache.ratis.thirdparty.io.netty.channel.nio.NioEventLoop.run(NioEventLoop.java:458)
	at org.apache.ratis.thirdparty.io.netty.util.concurrent.SingleThreadEventExecutor$5.run(SingleThreadEventExecutor.java:897)
	at org.apache.ratis.thirdparty.io.netty.util.concurrent.FastThreadLocalRunnable.run(FastThreadLocalRunnable.java:30)
	... 1 more
Caused by: java.net.ConnectException: Connection refused
	... 11 more
2019-09-26 16:41:43,384 [b579823b-1ff0-4207-a8a1-9a9b244cc370@group-560E5D370F76:LeaderElection62] INFO  impl.LeaderElection (LeaderElection.java:logAndReturn(56)) - b579823b-1ff0-4207-a8a1-9a9b244cc370@group-560E5D370F76:LeaderElection62: Election REJECTED; received 0 response(s) [] and 2 exception(s); b579823b-1ff0-4207-a8a1-9a9b244cc370@group-560E5D370F76:t3, leader=null, voted=b579823b-1ff0-4207-a8a1-9a9b244cc370, raftlog=b579823b-1ff0-4207-a8a1-9a9b244cc370@group-560E5D370F76-SegmentedRaftLog:OPENED:c0,f0,i0, conf=0: [b579823b-1ff0-4207-a8a1-9a9b244cc370:192.168.157.234:35476, 654e0914-16db-411e-baa4-1aca811b0f8c:192.168.157.234:41857, a0699d09-a252-4be5-8d0e-c35928e32e7e:192.168.157.234:40671], old=null
2019-09-26 16:41:43,384 [b579823b-1ff0-4207-a8a1-9a9b244cc370@group-560E5D370F76:LeaderElection62] INFO  impl.LeaderElection (LogUtils.java:infoOrTrace(149)) -   Exception 0: {}
java.util.concurrent.ExecutionException: org.apache.ratis.thirdparty.io.grpc.StatusRuntimeException: UNAVAILABLE: io exception
	at java.util.concurrent.FutureTask.report(FutureTask.java:122)
	at java.util.concurrent.FutureTask.get(FutureTask.java:192)
	at org.apache.ratis.server.impl.LeaderElection.waitForResults(LeaderElection.java:263)
	at org.apache.ratis.server.impl.LeaderElection.askForVotes(LeaderElection.java:201)
	at org.apache.ratis.server.impl.LeaderElection.run(LeaderElection.java:133)
	at java.lang.Thread.run(Thread.java:748)
Caused by: org.apache.ratis.thirdparty.io.grpc.StatusRuntimeException: UNAVAILABLE: io exception
	at org.apache.ratis.thirdparty.io.grpc.stub.ClientCalls.toStatusRuntimeException(ClientCalls.java:233)
	at org.apache.ratis.thirdparty.io.grpc.stub.ClientCalls.getUnchecked(ClientCalls.java:214)
	at org.apache.ratis.thirdparty.io.grpc.stub.ClientCalls.blockingUnaryCall(ClientCalls.java:139)
	at org.apache.ratis.proto.grpc.RaftServerProtocolServiceGrpc$RaftServerProtocolServiceBlockingStub.requestVote(RaftServerProtocolServiceGrpc.java:265)
	at org.apache.ratis.grpc.server.GrpcServerProtocolClient.requestVote(GrpcServerProtocolClient.java:90)
	at org.apache.ratis.grpc.server.GrpcService.requestVote(GrpcService.java:204)
	at org.apache.ratis.server.impl.LeaderElection.lambda$submitRequests$1(LeaderElection.java:238)
	at java.util.concurrent.FutureTask.run(FutureTask.java:266)
	at java.util.concurrent.Executors$RunnableAdapter.call(Executors.java:511)
	at java.util.concurrent.FutureTask.run(FutureTask.java:266)
	at java.util.concurrent.ThreadPoolExecutor.runWorker(ThreadPoolExecutor.java:1149)
	at java.util.concurrent.ThreadPoolExecutor$Worker.run(ThreadPoolExecutor.java:624)
	... 1 more
Caused by: org.apache.ratis.thirdparty.io.netty.channel.AbstractChannel$AnnotatedConnectException: Connection refused: /192.168.157.234:41857
	at sun.nio.ch.SocketChannelImpl.checkConnect(Native Method)
	at sun.nio.ch.SocketChannelImpl.finishConnect(SocketChannelImpl.java:717)
	at org.apache.ratis.thirdparty.io.netty.channel.socket.nio.NioSocketChannel.doFinishConnect(NioSocketChannel.java:327)
	at org.apache.ratis.thirdparty.io.netty.channel.nio.AbstractNioChannel$AbstractNioUnsafe.finishConnect(AbstractNioChannel.java:340)
	at org.apache.ratis.thirdparty.io.netty.channel.nio.NioEventLoop.processSelectedKey(NioEventLoop.java:632)
	at org.apache.ratis.thirdparty.io.netty.channel.nio.NioEventLoop.processSelectedKeysOptimized(NioEventLoop.java:579)
	at org.apache.ratis.thirdparty.io.netty.channel.nio.NioEventLoop.processSelectedKeys(NioEventLoop.java:496)
	at org.apache.ratis.thirdparty.io.netty.channel.nio.NioEventLoop.run(NioEventLoop.java:458)
	at org.apache.ratis.thirdparty.io.netty.util.concurrent.SingleThreadEventExecutor$5.run(SingleThreadEventExecutor.java:897)
	at org.apache.ratis.thirdparty.io.netty.util.concurrent.FastThreadLocalRunnable.run(FastThreadLocalRunnable.java:30)
	... 1 more
Caused by: java.net.ConnectException: Connection refused
	... 11 more
2019-09-26 16:41:43,384 [b579823b-1ff0-4207-a8a1-9a9b244cc370@group-560E5D370F76:LeaderElection62] INFO  impl.LeaderElection (LogUtils.java:infoOrTrace(149)) -   Exception 1: {}
java.util.concurrent.ExecutionException: org.apache.ratis.thirdparty.io.grpc.StatusRuntimeException: UNAVAILABLE: io exception
	at java.util.concurrent.FutureTask.report(FutureTask.java:122)
	at java.util.concurrent.FutureTask.get(FutureTask.java:192)
	at org.apache.ratis.server.impl.LeaderElection.waitForResults(LeaderElection.java:263)
	at org.apache.ratis.server.impl.LeaderElection.askForVotes(LeaderElection.java:201)
	at org.apache.ratis.server.impl.LeaderElection.run(LeaderElection.java:133)
	at java.lang.Thread.run(Thread.java:748)
Caused by: org.apache.ratis.thirdparty.io.grpc.StatusRuntimeException: UNAVAILABLE: io exception
	at org.apache.ratis.thirdparty.io.grpc.stub.ClientCalls.toStatusRuntimeException(ClientCalls.java:233)
	at org.apache.ratis.thirdparty.io.grpc.stub.ClientCalls.getUnchecked(ClientCalls.java:214)
	at org.apache.ratis.thirdparty.io.grpc.stub.ClientCalls.blockingUnaryCall(ClientCalls.java:139)
	at org.apache.ratis.proto.grpc.RaftServerProtocolServiceGrpc$RaftServerProtocolServiceBlockingStub.requestVote(RaftServerProtocolServiceGrpc.java:265)
	at org.apache.ratis.grpc.server.GrpcServerProtocolClient.requestVote(GrpcServerProtocolClient.java:90)
	at org.apache.ratis.grpc.server.GrpcService.requestVote(GrpcService.java:204)
	at org.apache.ratis.server.impl.LeaderElection.lambda$submitRequests$1(LeaderElection.java:238)
	at java.util.concurrent.FutureTask.run(FutureTask.java:266)
	at java.util.concurrent.Executors$RunnableAdapter.call(Executors.java:511)
	at java.util.concurrent.FutureTask.run(FutureTask.java:266)
	at java.util.concurrent.ThreadPoolExecutor.runWorker(ThreadPoolExecutor.java:1149)
	at java.util.concurrent.ThreadPoolExecutor$Worker.run(ThreadPoolExecutor.java:624)
	... 1 more
Caused by: org.apache.ratis.thirdparty.io.netty.channel.AbstractChannel$AnnotatedConnectException: Connection refused: /192.168.157.234:40671
	at sun.nio.ch.SocketChannelImpl.checkConnect(Native Method)
	at sun.nio.ch.SocketChannelImpl.finishConnect(SocketChannelImpl.java:717)
	at org.apache.ratis.thirdparty.io.netty.channel.socket.nio.NioSocketChannel.doFinishConnect(NioSocketChannel.java:327)
	at org.apache.ratis.thirdparty.io.netty.channel.nio.AbstractNioChannel$AbstractNioUnsafe.finishConnect(AbstractNioChannel.java:340)
	at org.apache.ratis.thirdparty.io.netty.channel.nio.NioEventLoop.processSelectedKey(NioEventLoop.java:632)
	at org.apache.ratis.thirdparty.io.netty.channel.nio.NioEventLoop.processSelectedKeysOptimized(NioEventLoop.java:579)
	at org.apache.ratis.thirdparty.io.netty.channel.nio.NioEventLoop.processSelectedKeys(NioEventLoop.java:496)
	at org.apache.ratis.thirdparty.io.netty.channel.nio.NioEventLoop.run(NioEventLoop.java:458)
	at org.apache.ratis.thirdparty.io.netty.util.concurrent.SingleThreadEventExecutor$5.run(SingleThreadEventExecutor.java:897)
	at org.apache.ratis.thirdparty.io.netty.util.concurrent.FastThreadLocalRunnable.run(FastThreadLocalRunnable.java:30)
	... 1 more
Caused by: java.net.ConnectException: Connection refused
	... 11 more
2019-09-26 16:41:43,385 [b579823b-1ff0-4207-a8a1-9a9b244cc370@group-560E5D370F76:LeaderElection62] INFO  impl.RaftServerImpl (RaftServerImpl.java:setRole(174)) - b579823b-1ff0-4207-a8a1-9a9b244cc370@group-560E5D370F76: changes role from CANDIDATE to FOLLOWER at term 3 for DISCOVERED_A_NEW_TERM
2019-09-26 16:41:43,385 [b579823b-1ff0-4207-a8a1-9a9b244cc370@group-560E5D370F76:LeaderElection62] INFO  impl.RoleInfo (RoleInfo.java:shutdownLeaderElection(134)) - b579823b-1ff0-4207-a8a1-9a9b244cc370: shutdown LeaderElection
2019-09-26 16:41:43,385 [b579823b-1ff0-4207-a8a1-9a9b244cc370@group-560E5D370F76:LeaderElection62] INFO  impl.RoleInfo (RoleInfo.java:updateAndGet(143)) - b579823b-1ff0-4207-a8a1-9a9b244cc370: start FollowerState
2019-09-26 16:41:44,446 [Thread-5662] INFO  impl.FollowerState (FollowerState.java:run(106)) - b579823b-1ff0-4207-a8a1-9a9b244cc370:group-560E5D370F76 changes to CANDIDATE, lastRpcTime:1060, electionTimeout:1060ms
2019-09-26 16:41:44,448 [Thread-5662] INFO  impl.RoleInfo (RoleInfo.java:shutdownFollowerState(121)) - b579823b-1ff0-4207-a8a1-9a9b244cc370: shutdown FollowerState
2019-09-26 16:41:44,448 [Thread-5662] INFO  impl.RaftServerImpl (RaftServerImpl.java:setRole(174)) - b579823b-1ff0-4207-a8a1-9a9b244cc370@group-560E5D370F76: changes role from  FOLLOWER to CANDIDATE at term 3 for changeToCandidate
2019-09-26 16:41:44,448 [Thread-5662] INFO  impl.RoleInfo (RoleInfo.java:updateAndGet(143)) - b579823b-1ff0-4207-a8a1-9a9b244cc370: start LeaderElection
2019-09-26 16:41:44,464 [b579823b-1ff0-4207-a8a1-9a9b244cc370@group-560E5D370F76:LeaderElection63] INFO  impl.LeaderElection (LeaderElection.java:askForVotes(182)) - b579823b-1ff0-4207-a8a1-9a9b244cc370@group-560E5D370F76:LeaderElection63: begin an election at term 4 for 0: [b579823b-1ff0-4207-a8a1-9a9b244cc370:192.168.157.234:35476, 654e0914-16db-411e-baa4-1aca811b0f8c:192.168.157.234:41857, a0699d09-a252-4be5-8d0e-c35928e32e7e:192.168.157.234:40671], old=null
2019-09-26 16:41:44,465 [b579823b-1ff0-4207-a8a1-9a9b244cc370@group-560E5D370F76:LeaderElection63] INFO  impl.LeaderElection (LogUtils.java:infoOrTrace(149)) - b579823b-1ff0-4207-a8a1-9a9b244cc370@group-560E5D370F76:LeaderElection63 got exception when requesting votes: {}
java.util.concurrent.ExecutionException: org.apache.ratis.thirdparty.io.grpc.StatusRuntimeException: UNAVAILABLE: io exception
	at java.util.concurrent.FutureTask.report(FutureTask.java:122)
	at java.util.concurrent.FutureTask.get(FutureTask.java:192)
	at org.apache.ratis.server.impl.LeaderElection.waitForResults(LeaderElection.java:263)
	at org.apache.ratis.server.impl.LeaderElection.askForVotes(LeaderElection.java:201)
	at org.apache.ratis.server.impl.LeaderElection.run(LeaderElection.java:133)
	at java.lang.Thread.run(Thread.java:748)
Caused by: org.apache.ratis.thirdparty.io.grpc.StatusRuntimeException: UNAVAILABLE: io exception
	at org.apache.ratis.thirdparty.io.grpc.stub.ClientCalls.toStatusRuntimeException(ClientCalls.java:233)
	at org.apache.ratis.thirdparty.io.grpc.stub.ClientCalls.getUnchecked(ClientCalls.java:214)
	at org.apache.ratis.thirdparty.io.grpc.stub.ClientCalls.blockingUnaryCall(ClientCalls.java:139)
	at org.apache.ratis.proto.grpc.RaftServerProtocolServiceGrpc$RaftServerProtocolServiceBlockingStub.requestVote(RaftServerProtocolServiceGrpc.java:265)
	at org.apache.ratis.grpc.server.GrpcServerProtocolClient.requestVote(GrpcServerProtocolClient.java:90)
	at org.apache.ratis.grpc.server.GrpcService.requestVote(GrpcService.java:204)
	at org.apache.ratis.server.impl.LeaderElection.lambda$submitRequests$1(LeaderElection.java:238)
	at java.util.concurrent.FutureTask.run(FutureTask.java:266)
	at java.util.concurrent.Executors$RunnableAdapter.call(Executors.java:511)
	at java.util.concurrent.FutureTask.run(FutureTask.java:266)
	at java.util.concurrent.ThreadPoolExecutor.runWorker(ThreadPoolExecutor.java:1149)
	at java.util.concurrent.ThreadPoolExecutor$Worker.run(ThreadPoolExecutor.java:624)
	... 1 more
Caused by: org.apache.ratis.thirdparty.io.netty.channel.AbstractChannel$AnnotatedConnectException: Connection refused: /192.168.157.234:41857
	at sun.nio.ch.SocketChannelImpl.checkConnect(Native Method)
	at sun.nio.ch.SocketChannelImpl.finishConnect(SocketChannelImpl.java:717)
	at org.apache.ratis.thirdparty.io.netty.channel.socket.nio.NioSocketChannel.doFinishConnect(NioSocketChannel.java:327)
	at org.apache.ratis.thirdparty.io.netty.channel.nio.AbstractNioChannel$AbstractNioUnsafe.finishConnect(AbstractNioChannel.java:340)
	at org.apache.ratis.thirdparty.io.netty.channel.nio.NioEventLoop.processSelectedKey(NioEventLoop.java:632)
	at org.apache.ratis.thirdparty.io.netty.channel.nio.NioEventLoop.processSelectedKeysOptimized(NioEventLoop.java:579)
	at org.apache.ratis.thirdparty.io.netty.channel.nio.NioEventLoop.processSelectedKeys(NioEventLoop.java:496)
	at org.apache.ratis.thirdparty.io.netty.channel.nio.NioEventLoop.run(NioEventLoop.java:458)
	at org.apache.ratis.thirdparty.io.netty.util.concurrent.SingleThreadEventExecutor$5.run(SingleThreadEventExecutor.java:897)
	at org.apache.ratis.thirdparty.io.netty.util.concurrent.FastThreadLocalRunnable.run(FastThreadLocalRunnable.java:30)
	... 1 more
Caused by: java.net.ConnectException: Connection refused
	... 11 more
2019-09-26 16:41:44,467 [b579823b-1ff0-4207-a8a1-9a9b244cc370@group-560E5D370F76:LeaderElection63] INFO  impl.LeaderElection (LogUtils.java:infoOrTrace(149)) - b579823b-1ff0-4207-a8a1-9a9b244cc370@group-560E5D370F76:LeaderElection63 got exception when requesting votes: {}
java.util.concurrent.ExecutionException: org.apache.ratis.thirdparty.io.grpc.StatusRuntimeException: UNAVAILABLE: io exception
	at java.util.concurrent.FutureTask.report(FutureTask.java:122)
	at java.util.concurrent.FutureTask.get(FutureTask.java:192)
	at org.apache.ratis.server.impl.LeaderElection.waitForResults(LeaderElection.java:263)
	at org.apache.ratis.server.impl.LeaderElection.askForVotes(LeaderElection.java:201)
	at org.apache.ratis.server.impl.LeaderElection.run(LeaderElection.java:133)
	at java.lang.Thread.run(Thread.java:748)
Caused by: org.apache.ratis.thirdparty.io.grpc.StatusRuntimeException: UNAVAILABLE: io exception
	at org.apache.ratis.thirdparty.io.grpc.stub.ClientCalls.toStatusRuntimeException(ClientCalls.java:233)
	at org.apache.ratis.thirdparty.io.grpc.stub.ClientCalls.getUnchecked(ClientCalls.java:214)
	at org.apache.ratis.thirdparty.io.grpc.stub.ClientCalls.blockingUnaryCall(ClientCalls.java:139)
	at org.apache.ratis.proto.grpc.RaftServerProtocolServiceGrpc$RaftServerProtocolServiceBlockingStub.requestVote(RaftServerProtocolServiceGrpc.java:265)
	at org.apache.ratis.grpc.server.GrpcServerProtocolClient.requestVote(GrpcServerProtocolClient.java:90)
	at org.apache.ratis.grpc.server.GrpcService.requestVote(GrpcService.java:204)
	at org.apache.ratis.server.impl.LeaderElection.lambda$submitRequests$1(LeaderElection.java:238)
	at java.util.concurrent.FutureTask.run(FutureTask.java:266)
	at java.util.concurrent.Executors$RunnableAdapter.call(Executors.java:511)
	at java.util.concurrent.FutureTask.run(FutureTask.java:266)
	at java.util.concurrent.ThreadPoolExecutor.runWorker(ThreadPoolExecutor.java:1149)
	at java.util.concurrent.ThreadPoolExecutor$Worker.run(ThreadPoolExecutor.java:624)
	... 1 more
Caused by: org.apache.ratis.thirdparty.io.netty.channel.AbstractChannel$AnnotatedConnectException: Connection refused: /192.168.157.234:40671
	at sun.nio.ch.SocketChannelImpl.checkConnect(Native Method)
	at sun.nio.ch.SocketChannelImpl.finishConnect(SocketChannelImpl.java:717)
	at org.apache.ratis.thirdparty.io.netty.channel.socket.nio.NioSocketChannel.doFinishConnect(NioSocketChannel.java:327)
	at org.apache.ratis.thirdparty.io.netty.channel.nio.AbstractNioChannel$AbstractNioUnsafe.finishConnect(AbstractNioChannel.java:340)
	at org.apache.ratis.thirdparty.io.netty.channel.nio.NioEventLoop.processSelectedKey(NioEventLoop.java:632)
	at org.apache.ratis.thirdparty.io.netty.channel.nio.NioEventLoop.processSelectedKeysOptimized(NioEventLoop.java:579)
	at org.apache.ratis.thirdparty.io.netty.channel.nio.NioEventLoop.processSelectedKeys(NioEventLoop.java:496)
	at org.apache.ratis.thirdparty.io.netty.channel.nio.NioEventLoop.run(NioEventLoop.java:458)
	at org.apache.ratis.thirdparty.io.netty.util.concurrent.SingleThreadEventExecutor$5.run(SingleThreadEventExecutor.java:897)
	at org.apache.ratis.thirdparty.io.netty.util.concurrent.FastThreadLocalRunnable.run(FastThreadLocalRunnable.java:30)
	... 1 more
Caused by: java.net.ConnectException: Connection refused
	... 11 more
2019-09-26 16:41:44,475 [b579823b-1ff0-4207-a8a1-9a9b244cc370@group-560E5D370F76:LeaderElection63] INFO  impl.LeaderElection (LeaderElection.java:logAndReturn(56)) - b579823b-1ff0-4207-a8a1-9a9b244cc370@group-560E5D370F76:LeaderElection63: Election REJECTED; received 0 response(s) [] and 2 exception(s); b579823b-1ff0-4207-a8a1-9a9b244cc370@group-560E5D370F76:t4, leader=null, voted=b579823b-1ff0-4207-a8a1-9a9b244cc370, raftlog=b579823b-1ff0-4207-a8a1-9a9b244cc370@group-560E5D370F76-SegmentedRaftLog:OPENED:c0,f0,i0, conf=0: [b579823b-1ff0-4207-a8a1-9a9b244cc370:192.168.157.234:35476, 654e0914-16db-411e-baa4-1aca811b0f8c:192.168.157.234:41857, a0699d09-a252-4be5-8d0e-c35928e32e7e:192.168.157.234:40671], old=null
2019-09-26 16:41:44,475 [b579823b-1ff0-4207-a8a1-9a9b244cc370@group-560E5D370F76:LeaderElection63] INFO  impl.LeaderElection (LogUtils.java:infoOrTrace(149)) -   Exception 0: {}
java.util.concurrent.ExecutionException: org.apache.ratis.thirdparty.io.grpc.StatusRuntimeException: UNAVAILABLE: io exception
	at java.util.concurrent.FutureTask.report(FutureTask.java:122)
	at java.util.concurrent.FutureTask.get(FutureTask.java:192)
	at org.apache.ratis.server.impl.LeaderElection.waitForResults(LeaderElection.java:263)
	at org.apache.ratis.server.impl.LeaderElection.askForVotes(LeaderElection.java:201)
	at org.apache.ratis.server.impl.LeaderElection.run(LeaderElection.java:133)
	at java.lang.Thread.run(Thread.java:748)
Caused by: org.apache.ratis.thirdparty.io.grpc.StatusRuntimeException: UNAVAILABLE: io exception
	at org.apache.ratis.thirdparty.io.grpc.stub.ClientCalls.toStatusRuntimeException(ClientCalls.java:233)
	at org.apache.ratis.thirdparty.io.grpc.stub.ClientCalls.getUnchecked(ClientCalls.java:214)
	at org.apache.ratis.thirdparty.io.grpc.stub.ClientCalls.blockingUnaryCall(ClientCalls.java:139)
	at org.apache.ratis.proto.grpc.RaftServerProtocolServiceGrpc$RaftServerProtocolServiceBlockingStub.requestVote(RaftServerProtocolServiceGrpc.java:265)
	at org.apache.ratis.grpc.server.GrpcServerProtocolClient.requestVote(GrpcServerProtocolClient.java:90)
	at org.apache.ratis.grpc.server.GrpcService.requestVote(GrpcService.java:204)
	at org.apache.ratis.server.impl.LeaderElection.lambda$submitRequests$1(LeaderElection.java:238)
	at java.util.concurrent.FutureTask.run(FutureTask.java:266)
	at java.util.concurrent.Executors$RunnableAdapter.call(Executors.java:511)
	at java.util.concurrent.FutureTask.run(FutureTask.java:266)
	at java.util.concurrent.ThreadPoolExecutor.runWorker(ThreadPoolExecutor.java:1149)
	at java.util.concurrent.ThreadPoolExecutor$Worker.run(ThreadPoolExecutor.java:624)
	... 1 more
Caused by: org.apache.ratis.thirdparty.io.netty.channel.AbstractChannel$AnnotatedConnectException: Connection refused: /192.168.157.234:41857
	at sun.nio.ch.SocketChannelImpl.checkConnect(Native Method)
	at sun.nio.ch.SocketChannelImpl.finishConnect(SocketChannelImpl.java:717)
	at org.apache.ratis.thirdparty.io.netty.channel.socket.nio.NioSocketChannel.doFinishConnect(NioSocketChannel.java:327)
	at org.apache.ratis.thirdparty.io.netty.channel.nio.AbstractNioChannel$AbstractNioUnsafe.finishConnect(AbstractNioChannel.java:340)
	at org.apache.ratis.thirdparty.io.netty.channel.nio.NioEventLoop.processSelectedKey(NioEventLoop.java:632)
	at org.apache.ratis.thirdparty.io.netty.channel.nio.NioEventLoop.processSelectedKeysOptimized(NioEventLoop.java:579)
	at org.apache.ratis.thirdparty.io.netty.channel.nio.NioEventLoop.processSelectedKeys(NioEventLoop.java:496)
	at org.apache.ratis.thirdparty.io.netty.channel.nio.NioEventLoop.run(NioEventLoop.java:458)
	at org.apache.ratis.thirdparty.io.netty.util.concurrent.SingleThreadEventExecutor$5.run(SingleThreadEventExecutor.java:897)
	at org.apache.ratis.thirdparty.io.netty.util.concurrent.FastThreadLocalRunnable.run(FastThreadLocalRunnable.java:30)
	... 1 more
Caused by: java.net.ConnectException: Connection refused
	... 11 more
2019-09-26 16:41:44,475 [b579823b-1ff0-4207-a8a1-9a9b244cc370@group-560E5D370F76:LeaderElection63] INFO  impl.LeaderElection (LogUtils.java:infoOrTrace(149)) -   Exception 1: {}
java.util.concurrent.ExecutionException: org.apache.ratis.thirdparty.io.grpc.StatusRuntimeException: UNAVAILABLE: io exception
	at java.util.concurrent.FutureTask.report(FutureTask.java:122)
	at java.util.concurrent.FutureTask.get(FutureTask.java:192)
	at org.apache.ratis.server.impl.LeaderElection.waitForResults(LeaderElection.java:263)
	at org.apache.ratis.server.impl.LeaderElection.askForVotes(LeaderElection.java:201)
	at org.apache.ratis.server.impl.LeaderElection.run(LeaderElection.java:133)
	at java.lang.Thread.run(Thread.java:748)
Caused by: org.apache.ratis.thirdparty.io.grpc.StatusRuntimeException: UNAVAILABLE: io exception
	at org.apache.ratis.thirdparty.io.grpc.stub.ClientCalls.toStatusRuntimeException(ClientCalls.java:233)
	at org.apache.ratis.thirdparty.io.grpc.stub.ClientCalls.getUnchecked(ClientCalls.java:214)
	at org.apache.ratis.thirdparty.io.grpc.stub.ClientCalls.blockingUnaryCall(ClientCalls.java:139)
	at org.apache.ratis.proto.grpc.RaftServerProtocolServiceGrpc$RaftServerProtocolServiceBlockingStub.requestVote(RaftServerProtocolServiceGrpc.java:265)
	at org.apache.ratis.grpc.server.GrpcServerProtocolClient.requestVote(GrpcServerProtocolClient.java:90)
	at org.apache.ratis.grpc.server.GrpcService.requestVote(GrpcService.java:204)
	at org.apache.ratis.server.impl.LeaderElection.lambda$submitRequests$1(LeaderElection.java:238)
	at java.util.concurrent.FutureTask.run(FutureTask.java:266)
	at java.util.concurrent.Executors$RunnableAdapter.call(Executors.java:511)
	at java.util.concurrent.FutureTask.run(FutureTask.java:266)
	at java.util.concurrent.ThreadPoolExecutor.runWorker(ThreadPoolExecutor.java:1149)
	at java.util.concurrent.ThreadPoolExecutor$Worker.run(ThreadPoolExecutor.java:624)
	... 1 more
Caused by: org.apache.ratis.thirdparty.io.netty.channel.AbstractChannel$AnnotatedConnectException: Connection refused: /192.168.157.234:40671
	at sun.nio.ch.SocketChannelImpl.checkConnect(Native Method)
	at sun.nio.ch.SocketChannelImpl.finishConnect(SocketChannelImpl.java:717)
	at org.apache.ratis.thirdparty.io.netty.channel.socket.nio.NioSocketChannel.doFinishConnect(NioSocketChannel.java:327)
	at org.apache.ratis.thirdparty.io.netty.channel.nio.AbstractNioChannel$AbstractNioUnsafe.finishConnect(AbstractNioChannel.java:340)
	at org.apache.ratis.thirdparty.io.netty.channel.nio.NioEventLoop.processSelectedKey(NioEventLoop.java:632)
	at org.apache.ratis.thirdparty.io.netty.channel.nio.NioEventLoop.processSelectedKeysOptimized(NioEventLoop.java:579)
	at org.apache.ratis.thirdparty.io.netty.channel.nio.NioEventLoop.processSelectedKeys(NioEventLoop.java:496)
	at org.apache.ratis.thirdparty.io.netty.channel.nio.NioEventLoop.run(NioEventLoop.java:458)
	at org.apache.ratis.thirdparty.io.netty.util.concurrent.SingleThreadEventExecutor$5.run(SingleThreadEventExecutor.java:897)
	at org.apache.ratis.thirdparty.io.netty.util.concurrent.FastThreadLocalRunnable.run(FastThreadLocalRunnable.java:30)
	... 1 more
Caused by: java.net.ConnectException: Connection refused
	... 11 more
2019-09-26 16:41:44,475 [b579823b-1ff0-4207-a8a1-9a9b244cc370@group-560E5D370F76:LeaderElection63] INFO  impl.RaftServerImpl (RaftServerImpl.java:setRole(174)) - b579823b-1ff0-4207-a8a1-9a9b244cc370@group-560E5D370F76: changes role from CANDIDATE to FOLLOWER at term 4 for DISCOVERED_A_NEW_TERM
2019-09-26 16:41:44,476 [b579823b-1ff0-4207-a8a1-9a9b244cc370@group-560E5D370F76:LeaderElection63] INFO  impl.RoleInfo (RoleInfo.java:shutdownLeaderElection(134)) - b579823b-1ff0-4207-a8a1-9a9b244cc370: shutdown LeaderElection
2019-09-26 16:41:44,476 [b579823b-1ff0-4207-a8a1-9a9b244cc370@group-560E5D370F76:LeaderElection63] INFO  impl.RoleInfo (RoleInfo.java:updateAndGet(143)) - b579823b-1ff0-4207-a8a1-9a9b244cc370: start FollowerState
2019-09-26 16:41:45,580 [Thread-5666] INFO  impl.FollowerState (FollowerState.java:run(106)) - b579823b-1ff0-4207-a8a1-9a9b244cc370:group-560E5D370F76 changes to CANDIDATE, lastRpcTime:1104, electionTimeout:1104ms
2019-09-26 16:41:45,583 [Thread-5666] INFO  impl.RoleInfo (RoleInfo.java:shutdownFollowerState(121)) - b579823b-1ff0-4207-a8a1-9a9b244cc370: shutdown FollowerState
2019-09-26 16:41:45,583 [Thread-5666] INFO  impl.RaftServerImpl (RaftServerImpl.java:setRole(174)) - b579823b-1ff0-4207-a8a1-9a9b244cc370@group-560E5D370F76: changes role from  FOLLOWER to CANDIDATE at term 4 for changeToCandidate
2019-09-26 16:41:45,583 [Thread-5666] INFO  impl.RoleInfo (RoleInfo.java:updateAndGet(143)) - b579823b-1ff0-4207-a8a1-9a9b244cc370: start LeaderElection
2019-09-26 16:41:45,597 [b579823b-1ff0-4207-a8a1-9a9b244cc370@group-560E5D370F76:LeaderElection64] INFO  impl.LeaderElection (LeaderElection.java:askForVotes(182)) - b579823b-1ff0-4207-a8a1-9a9b244cc370@group-560E5D370F76:LeaderElection64: begin an election at term 5 for 0: [b579823b-1ff0-4207-a8a1-9a9b244cc370:192.168.157.234:35476, 654e0914-16db-411e-baa4-1aca811b0f8c:192.168.157.234:41857, a0699d09-a252-4be5-8d0e-c35928e32e7e:192.168.157.234:40671], old=null
2019-09-26 16:41:45,598 [b579823b-1ff0-4207-a8a1-9a9b244cc370@group-560E5D370F76:LeaderElection64] INFO  impl.LeaderElection (LogUtils.java:infoOrTrace(149)) - b579823b-1ff0-4207-a8a1-9a9b244cc370@group-560E5D370F76:LeaderElection64 got exception when requesting votes: {}
java.util.concurrent.ExecutionException: org.apache.ratis.thirdparty.io.grpc.StatusRuntimeException: UNAVAILABLE: io exception
	at java.util.concurrent.FutureTask.report(FutureTask.java:122)
	at java.util.concurrent.FutureTask.get(FutureTask.java:192)
	at org.apache.ratis.server.impl.LeaderElection.waitForResults(LeaderElection.java:263)
	at org.apache.ratis.server.impl.LeaderElection.askForVotes(LeaderElection.java:201)
	at org.apache.ratis.server.impl.LeaderElection.run(LeaderElection.java:133)
	at java.lang.Thread.run(Thread.java:748)
Caused by: org.apache.ratis.thirdparty.io.grpc.StatusRuntimeException: UNAVAILABLE: io exception
	at org.apache.ratis.thirdparty.io.grpc.stub.ClientCalls.toStatusRuntimeException(ClientCalls.java:233)
	at org.apache.ratis.thirdparty.io.grpc.stub.ClientCalls.getUnchecked(ClientCalls.java:214)
	at org.apache.ratis.thirdparty.io.grpc.stub.ClientCalls.blockingUnaryCall(ClientCalls.java:139)
	at org.apache.ratis.proto.grpc.RaftServerProtocolServiceGrpc$RaftServerProtocolServiceBlockingStub.requestVote(RaftServerProtocolServiceGrpc.java:265)
	at org.apache.ratis.grpc.server.GrpcServerProtocolClient.requestVote(GrpcServerProtocolClient.java:90)
	at org.apache.ratis.grpc.server.GrpcService.requestVote(GrpcService.java:204)
	at org.apache.ratis.server.impl.LeaderElection.lambda$submitRequests$1(LeaderElection.java:238)
	at java.util.concurrent.FutureTask.run(FutureTask.java:266)
	at java.util.concurrent.Executors$RunnableAdapter.call(Executors.java:511)
	at java.util.concurrent.FutureTask.run(FutureTask.java:266)
	at java.util.concurrent.ThreadPoolExecutor.runWorker(ThreadPoolExecutor.java:1149)
	at java.util.concurrent.ThreadPoolExecutor$Worker.run(ThreadPoolExecutor.java:624)
	... 1 more
Caused by: org.apache.ratis.thirdparty.io.netty.channel.AbstractChannel$AnnotatedConnectException: Connection refused: /192.168.157.234:41857
	at sun.nio.ch.SocketChannelImpl.checkConnect(Native Method)
	at sun.nio.ch.SocketChannelImpl.finishConnect(SocketChannelImpl.java:717)
	at org.apache.ratis.thirdparty.io.netty.channel.socket.nio.NioSocketChannel.doFinishConnect(NioSocketChannel.java:327)
	at org.apache.ratis.thirdparty.io.netty.channel.nio.AbstractNioChannel$AbstractNioUnsafe.finishConnect(AbstractNioChannel.java:340)
	at org.apache.ratis.thirdparty.io.netty.channel.nio.NioEventLoop.processSelectedKey(NioEventLoop.java:632)
	at org.apache.ratis.thirdparty.io.netty.channel.nio.NioEventLoop.processSelectedKeysOptimized(NioEventLoop.java:579)
	at org.apache.ratis.thirdparty.io.netty.channel.nio.NioEventLoop.processSelectedKeys(NioEventLoop.java:496)
	at org.apache.ratis.thirdparty.io.netty.channel.nio.NioEventLoop.run(NioEventLoop.java:458)
	at org.apache.ratis.thirdparty.io.netty.util.concurrent.SingleThreadEventExecutor$5.run(SingleThreadEventExecutor.java:897)
	at org.apache.ratis.thirdparty.io.netty.util.concurrent.FastThreadLocalRunnable.run(FastThreadLocalRunnable.java:30)
	... 1 more
Caused by: java.net.ConnectException: Connection refused
	... 11 more
2019-09-26 16:41:45,600 [b579823b-1ff0-4207-a8a1-9a9b244cc370@group-560E5D370F76:LeaderElection64] INFO  impl.LeaderElection (LogUtils.java:infoOrTrace(149)) - b579823b-1ff0-4207-a8a1-9a9b244cc370@group-560E5D370F76:LeaderElection64 got exception when requesting votes: {}
java.util.concurrent.ExecutionException: org.apache.ratis.thirdparty.io.grpc.StatusRuntimeException: UNAVAILABLE: io exception
	at java.util.concurrent.FutureTask.report(FutureTask.java:122)
	at java.util.concurrent.FutureTask.get(FutureTask.java:192)
	at org.apache.ratis.server.impl.LeaderElection.waitForResults(LeaderElection.java:263)
	at org.apache.ratis.server.impl.LeaderElection.askForVotes(LeaderElection.java:201)
	at org.apache.ratis.server.impl.LeaderElection.run(LeaderElection.java:133)
	at java.lang.Thread.run(Thread.java:748)
Caused by: org.apache.ratis.thirdparty.io.grpc.StatusRuntimeException: UNAVAILABLE: io exception
	at org.apache.ratis.thirdparty.io.grpc.stub.ClientCalls.toStatusRuntimeException(ClientCalls.java:233)
	at org.apache.ratis.thirdparty.io.grpc.stub.ClientCalls.getUnchecked(ClientCalls.java:214)
	at org.apache.ratis.thirdparty.io.grpc.stub.ClientCalls.blockingUnaryCall(ClientCalls.java:139)
	at org.apache.ratis.proto.grpc.RaftServerProtocolServiceGrpc$RaftServerProtocolServiceBlockingStub.requestVote(RaftServerProtocolServiceGrpc.java:265)
	at org.apache.ratis.grpc.server.GrpcServerProtocolClient.requestVote(GrpcServerProtocolClient.java:90)
	at org.apache.ratis.grpc.server.GrpcService.requestVote(GrpcService.java:204)
	at org.apache.ratis.server.impl.LeaderElection.lambda$submitRequests$1(LeaderElection.java:238)
	at java.util.concurrent.FutureTask.run(FutureTask.java:266)
	at java.util.concurrent.Executors$RunnableAdapter.call(Executors.java:511)
	at java.util.concurrent.FutureTask.run(FutureTask.java:266)
	at java.util.concurrent.ThreadPoolExecutor.runWorker(ThreadPoolExecutor.java:1149)
	at java.util.concurrent.ThreadPoolExecutor$Worker.run(ThreadPoolExecutor.java:624)
	... 1 more
Caused by: org.apache.ratis.thirdparty.io.netty.channel.AbstractChannel$AnnotatedConnectException: Connection refused: /192.168.157.234:40671
	at sun.nio.ch.SocketChannelImpl.checkConnect(Native Method)
	at sun.nio.ch.SocketChannelImpl.finishConnect(SocketChannelImpl.java:717)
	at org.apache.ratis.thirdparty.io.netty.channel.socket.nio.NioSocketChannel.doFinishConnect(NioSocketChannel.java:327)
	at org.apache.ratis.thirdparty.io.netty.channel.nio.AbstractNioChannel$AbstractNioUnsafe.finishConnect(AbstractNioChannel.java:340)
	at org.apache.ratis.thirdparty.io.netty.channel.nio.NioEventLoop.processSelectedKey(NioEventLoop.java:632)
	at org.apache.ratis.thirdparty.io.netty.channel.nio.NioEventLoop.processSelectedKeysOptimized(NioEventLoop.java:579)
	at org.apache.ratis.thirdparty.io.netty.channel.nio.NioEventLoop.processSelectedKeys(NioEventLoop.java:496)
	at org.apache.ratis.thirdparty.io.netty.channel.nio.NioEventLoop.run(NioEventLoop.java:458)
	at org.apache.ratis.thirdparty.io.netty.util.concurrent.SingleThreadEventExecutor$5.run(SingleThreadEventExecutor.java:897)
	at org.apache.ratis.thirdparty.io.netty.util.concurrent.FastThreadLocalRunnable.run(FastThreadLocalRunnable.java:30)
	... 1 more
Caused by: java.net.ConnectException: Connection refused
	... 11 more
2019-09-26 16:41:45,602 [b579823b-1ff0-4207-a8a1-9a9b244cc370@group-560E5D370F76:LeaderElection64] INFO  impl.LeaderElection (LeaderElection.java:logAndReturn(56)) - b579823b-1ff0-4207-a8a1-9a9b244cc370@group-560E5D370F76:LeaderElection64: Election REJECTED; received 0 response(s) [] and 2 exception(s); b579823b-1ff0-4207-a8a1-9a9b244cc370@group-560E5D370F76:t5, leader=null, voted=b579823b-1ff0-4207-a8a1-9a9b244cc370, raftlog=b579823b-1ff0-4207-a8a1-9a9b244cc370@group-560E5D370F76-SegmentedRaftLog:OPENED:c0,f0,i0, conf=0: [b579823b-1ff0-4207-a8a1-9a9b244cc370:192.168.157.234:35476, 654e0914-16db-411e-baa4-1aca811b0f8c:192.168.157.234:41857, a0699d09-a252-4be5-8d0e-c35928e32e7e:192.168.157.234:40671], old=null
2019-09-26 16:41:45,602 [b579823b-1ff0-4207-a8a1-9a9b244cc370@group-560E5D370F76:LeaderElection64] INFO  impl.LeaderElection (LogUtils.java:infoOrTrace(149)) -   Exception 0: {}
java.util.concurrent.ExecutionException: org.apache.ratis.thirdparty.io.grpc.StatusRuntimeException: UNAVAILABLE: io exception
	at java.util.concurrent.FutureTask.report(FutureTask.java:122)
	at java.util.concurrent.FutureTask.get(FutureTask.java:192)
	at org.apache.ratis.server.impl.LeaderElection.waitForResults(LeaderElection.java:263)
	at org.apache.ratis.server.impl.LeaderElection.askForVotes(LeaderElection.java:201)
	at org.apache.ratis.server.impl.LeaderElection.run(LeaderElection.java:133)
	at java.lang.Thread.run(Thread.java:748)
Caused by: org.apache.ratis.thirdparty.io.grpc.StatusRuntimeException: UNAVAILABLE: io exception
	at org.apache.ratis.thirdparty.io.grpc.stub.ClientCalls.toStatusRuntimeException(ClientCalls.java:233)
	at org.apache.ratis.thirdparty.io.grpc.stub.ClientCalls.getUnchecked(ClientCalls.java:214)
	at org.apache.ratis.thirdparty.io.grpc.stub.ClientCalls.blockingUnaryCall(ClientCalls.java:139)
	at org.apache.ratis.proto.grpc.RaftServerProtocolServiceGrpc$RaftServerProtocolServiceBlockingStub.requestVote(RaftServerProtocolServiceGrpc.java:265)
	at org.apache.ratis.grpc.server.GrpcServerProtocolClient.requestVote(GrpcServerProtocolClient.java:90)
	at org.apache.ratis.grpc.server.GrpcService.requestVote(GrpcService.java:204)
	at org.apache.ratis.server.impl.LeaderElection.lambda$submitRequests$1(LeaderElection.java:238)
	at java.util.concurrent.FutureTask.run(FutureTask.java:266)
	at java.util.concurrent.Executors$RunnableAdapter.call(Executors.java:511)
	at java.util.concurrent.FutureTask.run(FutureTask.java:266)
	at java.util.concurrent.ThreadPoolExecutor.runWorker(ThreadPoolExecutor.java:1149)
	at java.util.concurrent.ThreadPoolExecutor$Worker.run(ThreadPoolExecutor.java:624)
	... 1 more
Caused by: org.apache.ratis.thirdparty.io.netty.channel.AbstractChannel$AnnotatedConnectException: Connection refused: /192.168.157.234:41857
	at sun.nio.ch.SocketChannelImpl.checkConnect(Native Method)
	at sun.nio.ch.SocketChannelImpl.finishConnect(SocketChannelImpl.java:717)
	at org.apache.ratis.thirdparty.io.netty.channel.socket.nio.NioSocketChannel.doFinishConnect(NioSocketChannel.java:327)
	at org.apache.ratis.thirdparty.io.netty.channel.nio.AbstractNioChannel$AbstractNioUnsafe.finishConnect(AbstractNioChannel.java:340)
	at org.apache.ratis.thirdparty.io.netty.channel.nio.NioEventLoop.processSelectedKey(NioEventLoop.java:632)
	at org.apache.ratis.thirdparty.io.netty.channel.nio.NioEventLoop.processSelectedKeysOptimized(NioEventLoop.java:579)
	at org.apache.ratis.thirdparty.io.netty.channel.nio.NioEventLoop.processSelectedKeys(NioEventLoop.java:496)
	at org.apache.ratis.thirdparty.io.netty.channel.nio.NioEventLoop.run(NioEventLoop.java:458)
	at org.apache.ratis.thirdparty.io.netty.util.concurrent.SingleThreadEventExecutor$5.run(SingleThreadEventExecutor.java:897)
	at org.apache.ratis.thirdparty.io.netty.util.concurrent.FastThreadLocalRunnable.run(FastThreadLocalRunnable.java:30)
	... 1 more
Caused by: java.net.ConnectException: Connection refused
	... 11 more
2019-09-26 16:41:45,603 [b579823b-1ff0-4207-a8a1-9a9b244cc370@group-560E5D370F76:LeaderElection64] INFO  impl.LeaderElection (LogUtils.java:infoOrTrace(149)) -   Exception 1: {}
java.util.concurrent.ExecutionException: org.apache.ratis.thirdparty.io.grpc.StatusRuntimeException: UNAVAILABLE: io exception
	at java.util.concurrent.FutureTask.report(FutureTask.java:122)
	at java.util.concurrent.FutureTask.get(FutureTask.java:192)
	at org.apache.ratis.server.impl.LeaderElection.waitForResults(LeaderElection.java:263)
	at org.apache.ratis.server.impl.LeaderElection.askForVotes(LeaderElection.java:201)
	at org.apache.ratis.server.impl.LeaderElection.run(LeaderElection.java:133)
	at java.lang.Thread.run(Thread.java:748)
Caused by: org.apache.ratis.thirdparty.io.grpc.StatusRuntimeException: UNAVAILABLE: io exception
	at org.apache.ratis.thirdparty.io.grpc.stub.ClientCalls.toStatusRuntimeException(ClientCalls.java:233)
	at org.apache.ratis.thirdparty.io.grpc.stub.ClientCalls.getUnchecked(ClientCalls.java:214)
	at org.apache.ratis.thirdparty.io.grpc.stub.ClientCalls.blockingUnaryCall(ClientCalls.java:139)
	at org.apache.ratis.proto.grpc.RaftServerProtocolServiceGrpc$RaftServerProtocolServiceBlockingStub.requestVote(RaftServerProtocolServiceGrpc.java:265)
	at org.apache.ratis.grpc.server.GrpcServerProtocolClient.requestVote(GrpcServerProtocolClient.java:90)
	at org.apache.ratis.grpc.server.GrpcService.requestVote(GrpcService.java:204)
	at org.apache.ratis.server.impl.LeaderElection.lambda$submitRequests$1(LeaderElection.java:238)
	at java.util.concurrent.FutureTask.run(FutureTask.java:266)
	at java.util.concurrent.Executors$RunnableAdapter.call(Executors.java:511)
	at java.util.concurrent.FutureTask.run(FutureTask.java:266)
	at java.util.concurrent.ThreadPoolExecutor.runWorker(ThreadPoolExecutor.java:1149)
	at java.util.concurrent.ThreadPoolExecutor$Worker.run(ThreadPoolExecutor.java:624)
	... 1 more
Caused by: org.apache.ratis.thirdparty.io.netty.channel.AbstractChannel$AnnotatedConnectException: Connection refused: /192.168.157.234:40671
	at sun.nio.ch.SocketChannelImpl.checkConnect(Native Method)
	at sun.nio.ch.SocketChannelImpl.finishConnect(SocketChannelImpl.java:717)
	at org.apache.ratis.thirdparty.io.netty.channel.socket.nio.NioSocketChannel.doFinishConnect(NioSocketChannel.java:327)
	at org.apache.ratis.thirdparty.io.netty.channel.nio.AbstractNioChannel$AbstractNioUnsafe.finishConnect(AbstractNioChannel.java:340)
	at org.apache.ratis.thirdparty.io.netty.channel.nio.NioEventLoop.processSelectedKey(NioEventLoop.java:632)
	at org.apache.ratis.thirdparty.io.netty.channel.nio.NioEventLoop.processSelectedKeysOptimized(NioEventLoop.java:579)
	at org.apache.ratis.thirdparty.io.netty.channel.nio.NioEventLoop.processSelectedKeys(NioEventLoop.java:496)
	at org.apache.ratis.thirdparty.io.netty.channel.nio.NioEventLoop.run(NioEventLoop.java:458)
	at org.apache.ratis.thirdparty.io.netty.util.concurrent.SingleThreadEventExecutor$5.run(SingleThreadEventExecutor.java:897)
	at org.apache.ratis.thirdparty.io.netty.util.concurrent.FastThreadLocalRunnable.run(FastThreadLocalRunnable.java:30)
	... 1 more
Caused by: java.net.ConnectException: Connection refused
	... 11 more
2019-09-26 16:41:45,603 [b579823b-1ff0-4207-a8a1-9a9b244cc370@group-560E5D370F76:LeaderElection64] INFO  impl.RaftServerImpl (RaftServerImpl.java:setRole(174)) - b579823b-1ff0-4207-a8a1-9a9b244cc370@group-560E5D370F76: changes role from CANDIDATE to FOLLOWER at term 5 for DISCOVERED_A_NEW_TERM
2019-09-26 16:41:45,603 [b579823b-1ff0-4207-a8a1-9a9b244cc370@group-560E5D370F76:LeaderElection64] INFO  impl.RoleInfo (RoleInfo.java:shutdownLeaderElection(134)) - b579823b-1ff0-4207-a8a1-9a9b244cc370: shutdown LeaderElection
2019-09-26 16:41:45,603 [b579823b-1ff0-4207-a8a1-9a9b244cc370@group-560E5D370F76:LeaderElection64] INFO  impl.RoleInfo (RoleInfo.java:updateAndGet(143)) - b579823b-1ff0-4207-a8a1-9a9b244cc370: start FollowerState
2019-09-26 16:41:45,769 [ForkJoinPool.commonPool-worker-0] INFO  ozoneimpl.OzoneContainer (OzoneContainer.java:stop(231)) - Attempting to stop container services.
2019-09-26 16:41:45,772 [ForkJoinPool.commonPool-worker-0] INFO  impl.RaftServerProxy (RaftServerProxy.java:lambda$close$4(314)) - b579823b-1ff0-4207-a8a1-9a9b244cc370: close
2019-09-26 16:41:45,772 [ForkJoinPool.commonPool-worker-0] INFO  impl.RaftServerImpl (RaftServerImpl.java:lambda$shutdown$3(251)) - b579823b-1ff0-4207-a8a1-9a9b244cc370@group-560E5D370F76: shutdown
2019-09-26 16:41:45,773 [ForkJoinPool.commonPool-worker-0] INFO  util.JmxRegister (JmxRegister.java:unregister(73)) - Successfully un-registered JMX Bean with object name Ratis:service=RaftServer,group=group-560E5D370F76,id=b579823b-1ff0-4207-a8a1-9a9b244cc370
2019-09-26 16:41:45,773 [ForkJoinPool.commonPool-worker-0] INFO  impl.RoleInfo (RoleInfo.java:shutdownFollowerState(121)) - b579823b-1ff0-4207-a8a1-9a9b244cc370: shutdown FollowerState
2019-09-26 16:41:45,775 [ForkJoinPool.commonPool-worker-0] INFO  impl.StateMachineUpdater (StateMachineUpdater.java:stopAndJoin(125)) - b579823b-1ff0-4207-a8a1-9a9b244cc370@group-560E5D370F76-StateMachineUpdater: set stopIndex = 0
2019-09-26 16:41:45,775 [Thread-5670] INFO  impl.FollowerState (FollowerState.java:run(115)) - b579823b-1ff0-4207-a8a1-9a9b244cc370: FollowerState was interrupted: java.lang.InterruptedException: sleep interrupted
2019-09-26 16:41:45,777 [ForkJoinPool.commonPool-worker-0] INFO  impl.RaftServerImpl (ServerState.java:close(385)) - b579823b-1ff0-4207-a8a1-9a9b244cc370@group-560E5D370F76: closes. applyIndex: 0
2019-09-26 16:41:45,777 [b579823b-1ff0-4207-a8a1-9a9b244cc370@group-560E5D370F76-SegmentedRaftLogWorker] INFO  segmented.SegmentedRaftLogWorker (SegmentedRaftLogWorker.java:run(313)) - b579823b-1ff0-4207-a8a1-9a9b244cc370@group-560E5D370F76-SegmentedRaftLogWorker was interrupted, exiting. There are 0 tasks remaining in the queue.
2019-09-26 16:41:45,778 [ForkJoinPool.commonPool-worker-0] INFO  segmented.SegmentedRaftLogWorker (SegmentedRaftLogWorker.java:close(228)) - b579823b-1ff0-4207-a8a1-9a9b244cc370@group-560E5D370F76-SegmentedRaftLogWorker close()
2019-09-26 16:41:45,779 [ForkJoinPool.commonPool-worker-0] INFO  impl.RaftServerImpl (RaftServerImpl.java:lambda$shutdown$3(251)) - b579823b-1ff0-4207-a8a1-9a9b244cc370@group-AD7A23627404: shutdown
2019-09-26 16:41:45,779 [ForkJoinPool.commonPool-worker-0] INFO  util.JmxRegister (JmxRegister.java:unregister(73)) - Successfully un-registered JMX Bean with object name Ratis:service=RaftServer,group=group-AD7A23627404,id=b579823b-1ff0-4207-a8a1-9a9b244cc370
2019-09-26 16:41:45,779 [main] INFO  ozoneimpl.OzoneContainer (OzoneContainer.java:stop(231)) - Attempting to stop container services.
2019-09-26 16:41:45,779 [ForkJoinPool.commonPool-worker-0] INFO  impl.RoleInfo (RoleInfo.java:shutdownLeaderState(104)) - b579823b-1ff0-4207-a8a1-9a9b244cc370: shutdown LeaderState
2019-09-26 16:41:45,780 [main] INFO  impl.RaftServerProxy (RaftServerProxy.java:lambda$close$4(314)) - d2203589-229f-49c7-81d3-0f09b6714ee4: close
2019-09-26 16:41:45,780 [ForkJoinPool.commonPool-worker-0] INFO  impl.PendingRequests (PendingRequests.java:sendNotLeaderResponses(202)) - b579823b-1ff0-4207-a8a1-9a9b244cc370-PendingRequests: sendNotLeaderResponses
2019-09-26 16:41:45,780 [main] INFO  impl.RaftServerImpl (RaftServerImpl.java:lambda$shutdown$3(251)) - d2203589-229f-49c7-81d3-0f09b6714ee4@group-F50039DF2537: shutdown
2019-09-26 16:41:45,781 [ForkJoinPool.commonPool-worker-0] INFO  impl.StateMachineUpdater (StateMachineUpdater.java:stopAndJoin(125)) - b579823b-1ff0-4207-a8a1-9a9b244cc370@group-AD7A23627404-StateMachineUpdater: set stopIndex = 0
2019-09-26 16:41:45,781 [main] INFO  util.JmxRegister (JmxRegister.java:unregister(73)) - Successfully un-registered JMX Bean with object name Ratis:service=RaftServer,group=group-F50039DF2537,id=d2203589-229f-49c7-81d3-0f09b6714ee4
2019-09-26 16:41:45,782 [main] INFO  impl.RoleInfo (RoleInfo.java:shutdownLeaderState(104)) - d2203589-229f-49c7-81d3-0f09b6714ee4: shutdown LeaderState
2019-09-26 16:41:45,781 [ForkJoinPool.commonPool-worker-0] INFO  impl.RaftServerImpl (ServerState.java:close(385)) - b579823b-1ff0-4207-a8a1-9a9b244cc370@group-AD7A23627404: closes. applyIndex: 0
2019-09-26 16:41:45,782 [main] INFO  impl.PendingRequests (PendingRequests.java:sendNotLeaderResponses(202)) - d2203589-229f-49c7-81d3-0f09b6714ee4-PendingRequests: sendNotLeaderResponses
2019-09-26 16:41:45,782 [b579823b-1ff0-4207-a8a1-9a9b244cc370@group-AD7A23627404-SegmentedRaftLogWorker] INFO  segmented.SegmentedRaftLogWorker (SegmentedRaftLogWorker.java:run(313)) - b579823b-1ff0-4207-a8a1-9a9b244cc370@group-AD7A23627404-SegmentedRaftLogWorker was interrupted, exiting. There are 0 tasks remaining in the queue.
2019-09-26 16:41:45,783 [main] INFO  impl.StateMachineUpdater (StateMachineUpdater.java:stopAndJoin(125)) - d2203589-229f-49c7-81d3-0f09b6714ee4@group-F50039DF2537-StateMachineUpdater: set stopIndex = 0
2019-09-26 16:41:45,783 [ForkJoinPool.commonPool-worker-0] INFO  segmented.SegmentedRaftLogWorker (SegmentedRaftLogWorker.java:close(228)) - b579823b-1ff0-4207-a8a1-9a9b244cc370@group-AD7A23627404-SegmentedRaftLogWorker close()
2019-09-26 16:41:45,783 [main] INFO  impl.RaftServerImpl (ServerState.java:close(385)) - d2203589-229f-49c7-81d3-0f09b6714ee4@group-F50039DF2537: closes. applyIndex: 0
2019-09-26 16:41:45,785 [ForkJoinPool.commonPool-worker-0] INFO  server.GrpcService (GrpcService.java:closeImpl(164)) - b579823b-1ff0-4207-a8a1-9a9b244cc370: shutdown server with port 35476 now
2019-09-26 16:41:45,785 [d2203589-229f-49c7-81d3-0f09b6714ee4@group-F50039DF2537-SegmentedRaftLogWorker] INFO  segmented.SegmentedRaftLogWorker (SegmentedRaftLogWorker.java:run(313)) - d2203589-229f-49c7-81d3-0f09b6714ee4@group-F50039DF2537-SegmentedRaftLogWorker was interrupted, exiting. There are 0 tasks remaining in the queue.
2019-09-26 16:41:45,785 [ForkJoinPool.commonPool-worker-0] INFO  server.GrpcService (GrpcService.java:closeImpl(172)) - b579823b-1ff0-4207-a8a1-9a9b244cc370: shutdown server with port 35476 successfully
2019-09-26 16:41:45,785 [main] INFO  segmented.SegmentedRaftLogWorker (SegmentedRaftLogWorker.java:close(228)) - d2203589-229f-49c7-81d3-0f09b6714ee4@group-F50039DF2537-SegmentedRaftLogWorker close()
2019-09-26 16:41:45,787 [main] INFO  server.GrpcService (GrpcService.java:closeImpl(164)) - d2203589-229f-49c7-81d3-0f09b6714ee4: shutdown server with port 35168 now
2019-09-26 16:41:45,789 [main] INFO  server.GrpcService (GrpcService.java:closeImpl(172)) - d2203589-229f-49c7-81d3-0f09b6714ee4: shutdown server with port 35168 successfully
2019-09-26 16:41:45,791 [refreshUsed-/workdir/hadoop-ozone/integration-test/target/test-dir/MiniOzoneClusterImpl-0d69453a-2620-4e4e-b2d5-320b1f4020d1/datanode-1/data/containers] WARN  fs.CachingGetSpaceUsed (CachingGetSpaceUsed.java:run(183)) - Thread Interrupted waiting to refresh disk information: sleep interrupted
2019-09-26 16:41:45,794 [refreshUsed-/workdir/hadoop-ozone/integration-test/target/test-dir/MiniOzoneClusterImpl-0d69453a-2620-4e4e-b2d5-320b1f4020d1/datanode-7/data/containers] WARN  fs.CachingGetSpaceUsed (CachingGetSpaceUsed.java:run(183)) - Thread Interrupted waiting to refresh disk information: sleep interrupted
2019-09-26 16:41:45,809 [main] INFO  utils.BackgroundService (BackgroundService.java:shutdown(148)) - Shutting down service BlockDeletingService
2019-09-26 16:41:45,811 [ForkJoinPool.commonPool-worker-0] INFO  utils.BackgroundService (BackgroundService.java:shutdown(148)) - Shutting down service BlockDeletingService
2019-09-26 16:41:45,812 [main] INFO  statemachine.DatanodeStateMachine (DatanodeStateMachine.java:stopDaemon(395)) - Ozone container server stopped.
2019-09-26 16:41:45,816 [ForkJoinPool.commonPool-worker-0] INFO  statemachine.DatanodeStateMachine (DatanodeStateMachine.java:stopDaemon(395)) - Ozone container server stopped.
2019-09-26 16:41:45,819 [main] INFO  handler.ContextHandler (ContextHandler.java:doStop(910)) - Stopped o.e.j.w.WebAppContext@6b5ab2f2{/,null,UNAVAILABLE}{/hddsDatanode}
2019-09-26 16:41:45,820 [ForkJoinPool.commonPool-worker-0] INFO  handler.ContextHandler (ContextHandler.java:doStop(910)) - Stopped o.e.j.w.WebAppContext@6ecc02bb{/,null,UNAVAILABLE}{/hddsDatanode}
2019-09-26 16:41:45,821 [main] INFO  server.AbstractConnector (AbstractConnector.java:doStop(318)) - Stopped ServerConnector@315c081{HTTP/1.1,[http/1.1]}{0.0.0.0:0}
2019-09-26 16:41:45,821 [ForkJoinPool.commonPool-worker-0] INFO  server.AbstractConnector (AbstractConnector.java:doStop(318)) - Stopped ServerConnector@31973858{HTTP/1.1,[http/1.1]}{0.0.0.0:0}
2019-09-26 16:41:45,821 [main] INFO  handler.ContextHandler (ContextHandler.java:doStop(910)) - Stopped o.e.j.s.ServletContextHandler@3ba1308d{/static,jar:file:/home/user/.m2/repository/org/apache/hadoop/hadoop-hdds-container-service/0.5.0-SNAPSHOT/hadoop-hdds-container-service-0.5.0-SNAPSHOT.jar!/webapps/static,UNAVAILABLE}
2019-09-26 16:41:45,822 [ForkJoinPool.commonPool-worker-0] INFO  handler.ContextHandler (ContextHandler.java:doStop(910)) - Stopped o.e.j.s.ServletContextHandler@72543547{/static,jar:file:/home/user/.m2/repository/org/apache/hadoop/hadoop-hdds-container-service/0.5.0-SNAPSHOT/hadoop-hdds-container-service-0.5.0-SNAPSHOT.jar!/webapps/static,UNAVAILABLE}
2019-09-26 16:41:45,823 [main] INFO  handler.ContextHandler (ContextHandler.java:doStop(910)) - Stopped o.e.j.s.ServletContextHandler@7c90b7b7{/logs,file:///workdir/hadoop-ozone/integration-test/target/log,UNAVAILABLE}
2019-09-26 16:41:45,824 [ForkJoinPool.commonPool-worker-0] INFO  handler.ContextHandler (ContextHandler.java:doStop(910)) - Stopped o.e.j.s.ServletContextHandler@65ef48f2{/logs,file:///workdir/hadoop-ozone/integration-test/target/log,UNAVAILABLE}
2019-09-26 16:41:45,826 [main] INFO  ozone.MiniOzoneClusterImpl (MiniOzoneClusterImpl.java:stopSCM(392)) - Stopping the StorageContainerManager
2019-09-26 16:41:45,826 [main] INFO  server.StorageContainerManager (StorageContainerManager.java:stop(808)) - Stopping Replication Manager Service.
2019-09-26 16:41:45,826 [main] INFO  container.ReplicationManager (ReplicationManager.java:stop(203)) - Stopping Replication Monitor Thread.
2019-09-26 16:41:45,827 [main] INFO  server.StorageContainerManager (StorageContainerManager.java:stop(815)) - Stopping Lease Manager of the command watchers
2019-09-26 16:41:45,827 [main] INFO  server.StorageContainerManager (StorageContainerManager.java:stop(822)) - Stopping datanode service RPC server
2019-09-26 16:41:45,827 [main] INFO  server.SCMDatanodeProtocolServer (SCMDatanodeProtocolServer.java:stop(367)) - Stopping the RPC server for DataNodes
2019-09-26 16:41:45,827 [main] INFO  ipc.Server (Server.java:stop(3082)) - Stopping server on 35525
2019-09-26 16:41:45,831 [IPC Server listener on 35525] INFO  ipc.Server (Server.java:run(1185)) - Stopping IPC Server listener on 35525
2019-09-26 16:41:45,831 [IPC Server Responder] INFO  ipc.Server (Server.java:run(1319)) - Stopping IPC Server Responder
2019-09-26 16:41:45,904 [SCM Heartbeat Processing Thread - 0] WARN  node.NodeStateManager (NodeStateManager.java:scheduleNextHealthCheck(646)) - Current Thread is interrupted, shutting down HB processing thread for Node Manager.
2019-09-26 16:41:45,904 [main] INFO  server.StorageContainerManager (StorageContainerManager.java:stop(830)) - Stopping block service RPC server
2019-09-26 16:41:45,905 [main] INFO  server.SCMBlockProtocolServer (SCMBlockProtocolServer.java:stop(155)) - Stopping the RPC server for Block Protocol
2019-09-26 16:41:45,905 [main] INFO  ipc.Server (Server.java:stop(3082)) - Stopping server on 36095
2019-09-26 16:41:45,908 [IPC Server listener on 36095] INFO  ipc.Server (Server.java:run(1185)) - Stopping IPC Server listener on 36095
2019-09-26 16:41:45,908 [IPC Server Responder] INFO  ipc.Server (Server.java:run(1319)) - Stopping IPC Server Responder
2019-09-26 16:41:45,908 [main] INFO  server.StorageContainerManager (StorageContainerManager.java:stop(837)) - Stopping the StorageContainerLocationProtocol RPC server
2019-09-26 16:41:45,909 [main] INFO  server.SCMClientProtocolServer (SCMClientProtocolServer.java:stop(159)) - Stopping the RPC server for Client Protocol
2019-09-26 16:41:45,910 [main] INFO  ipc.Server (Server.java:stop(3082)) - Stopping server on 37653
2019-09-26 16:41:45,912 [IPC Server listener on 37653] INFO  ipc.Server (Server.java:run(1185)) - Stopping IPC Server listener on 37653
2019-09-26 16:41:45,912 [main] INFO  server.StorageContainerManager (StorageContainerManager.java:stop(844)) - Stopping Storage Container Manager HTTP server.
2019-09-26 16:41:45,913 [IPC Server Responder] INFO  ipc.Server (Server.java:run(1319)) - Stopping IPC Server Responder
2019-09-26 16:41:45,914 [main] INFO  handler.ContextHandler (ContextHandler.java:doStop(910)) - Stopped o.e.j.w.WebAppContext@706ddbc8{/,null,UNAVAILABLE}{/scm}
2019-09-26 16:41:45,916 [main] INFO  server.AbstractConnector (AbstractConnector.java:doStop(318)) - Stopped ServerConnector@fd09e43{HTTP/1.1,[http/1.1]}{0.0.0.0:0}
2019-09-26 16:41:45,916 [main] INFO  handler.ContextHandler (ContextHandler.java:doStop(910)) - Stopped o.e.j.s.ServletContextHandler@fe09383{/static,file:///workdir/hadoop-ozone/integration-test/target/test-classes/webapps/static,UNAVAILABLE}
2019-09-26 16:41:45,916 [main] INFO  handler.ContextHandler (ContextHandler.java:doStop(910)) - Stopped o.e.j.s.ServletContextHandler@51fc862e{/logs,file:///workdir/hadoop-ozone/integration-test/target/log,UNAVAILABLE}
2019-09-26 16:41:45,918 [main] INFO  server.StorageContainerManager (StorageContainerManager.java:stop(855)) - Stopping Block Manager Service.
2019-09-26 16:41:45,918 [main] INFO  utils.BackgroundService (BackgroundService.java:shutdown(148)) - Shutting down service SCMBlockDeletingService
2019-09-26 16:41:45,919 [main] INFO  utils.BackgroundService (BackgroundService.java:shutdown(148)) - Shutting down service SCMBlockDeletingService
2019-09-26 16:41:45,919 [main] INFO  server.StorageContainerManager (StorageContainerManager.java:stop(877)) - Stopping SCM Event Queue.
2019-09-26 16:41:45,924 [main] INFO  impl.MetricsSystemImpl (MetricsSystemImpl.java:stop(210)) - Stopping HddsDatanode metrics system...
2019-09-26 16:41:45,945 [main] INFO  impl.MetricsSystemImpl (MetricsSystemImpl.java:stop(216)) - HddsDatanode metrics system stopped.
]]></system-out>
    <system-err><![CDATA[Sep 26, 2019 4:41:25 PM org.apache.ratis.thirdparty.io.grpc.internal.SerializingExecutor run
SEVERE: Exception while executing runnable org.apache.ratis.thirdparty.io.grpc.internal.ServerImpl$JumpToApplicationThreadServerStreamListener$1Closed@dfb46dd
org.apache.ratis.thirdparty.io.grpc.StatusRuntimeException: CANCELLED: call already cancelled
	at org.apache.ratis.thirdparty.io.grpc.Status.asRuntimeException(Status.java:517)
	at org.apache.ratis.thirdparty.io.grpc.stub.ServerCalls$ServerCallStreamObserverImpl.onCompleted(ServerCalls.java:356)
	at org.apache.ratis.grpc.server.GrpcServerProtocolService$ServerRequestStreamObserver.onError(GrpcServerProtocolService.java:121)
	at org.apache.ratis.thirdparty.io.grpc.stub.ServerCalls$StreamingServerCallHandler$StreamingServerCallListener.onCancel(ServerCalls.java:269)
	at org.apache.ratis.thirdparty.io.grpc.internal.ServerCallImpl$ServerStreamListenerImpl.closed(ServerCallImpl.java:293)
	at org.apache.ratis.thirdparty.io.grpc.internal.ServerImpl$JumpToApplicationThreadServerStreamListener$1Closed.runInContext(ServerImpl.java:741)
	at org.apache.ratis.thirdparty.io.grpc.internal.ContextRunnable.run(ContextRunnable.java:37)
	at org.apache.ratis.thirdparty.io.grpc.internal.SerializingExecutor.run(SerializingExecutor.java:123)
	at java.util.concurrent.ThreadPoolExecutor.runWorker(ThreadPoolExecutor.java:1149)
	at java.util.concurrent.ThreadPoolExecutor$Worker.run(ThreadPoolExecutor.java:624)
	at java.lang.Thread.run(Thread.java:748)

Sep 26, 2019 4:41:25 PM org.apache.ratis.thirdparty.io.grpc.internal.SerializingExecutor run
SEVERE: Exception while executing runnable org.apache.ratis.thirdparty.io.grpc.internal.ServerImpl$JumpToApplicationThreadServerStreamListener$1Closed@4f68bdeb
org.apache.ratis.thirdparty.io.grpc.StatusRuntimeException: CANCELLED: call already cancelled
	at org.apache.ratis.thirdparty.io.grpc.Status.asRuntimeException(Status.java:517)
	at org.apache.ratis.thirdparty.io.grpc.stub.ServerCalls$ServerCallStreamObserverImpl.onCompleted(ServerCalls.java:356)
	at org.apache.ratis.grpc.server.GrpcServerProtocolService$ServerRequestStreamObserver.onError(GrpcServerProtocolService.java:121)
	at org.apache.ratis.thirdparty.io.grpc.stub.ServerCalls$StreamingServerCallHandler$StreamingServerCallListener.onCancel(ServerCalls.java:269)
	at org.apache.ratis.thirdparty.io.grpc.internal.ServerCallImpl$ServerStreamListenerImpl.closed(ServerCallImpl.java:293)
	at org.apache.ratis.thirdparty.io.grpc.internal.ServerImpl$JumpToApplicationThreadServerStreamListener$1Closed.runInContext(ServerImpl.java:741)
	at org.apache.ratis.thirdparty.io.grpc.internal.ContextRunnable.run(ContextRunnable.java:37)
	at org.apache.ratis.thirdparty.io.grpc.internal.SerializingExecutor.run(SerializingExecutor.java:123)
	at java.util.concurrent.ThreadPoolExecutor.runWorker(ThreadPoolExecutor.java:1149)
	at java.util.concurrent.ThreadPoolExecutor$Worker.run(ThreadPoolExecutor.java:624)
	at java.lang.Thread.run(Thread.java:748)

Sep 26, 2019 4:41:30 PM org.apache.ratis.thirdparty.io.grpc.internal.SerializingExecutor run
SEVERE: Exception while executing runnable org.apache.ratis.thirdparty.io.grpc.internal.ServerImpl$JumpToApplicationThreadServerStreamListener$1Closed@7908dd4c
org.apache.ratis.thirdparty.io.grpc.StatusRuntimeException: CANCELLED: call already cancelled
	at org.apache.ratis.thirdparty.io.grpc.Status.asRuntimeException(Status.java:517)
	at org.apache.ratis.thirdparty.io.grpc.stub.ServerCalls$ServerCallStreamObserverImpl.onCompleted(ServerCalls.java:356)
	at org.apache.ratis.grpc.server.GrpcServerProtocolService$ServerRequestStreamObserver.onError(GrpcServerProtocolService.java:121)
	at org.apache.ratis.thirdparty.io.grpc.stub.ServerCalls$StreamingServerCallHandler$StreamingServerCallListener.onCancel(ServerCalls.java:269)
	at org.apache.ratis.thirdparty.io.grpc.internal.ServerCallImpl$ServerStreamListenerImpl.closed(ServerCallImpl.java:293)
	at org.apache.ratis.thirdparty.io.grpc.internal.ServerImpl$JumpToApplicationThreadServerStreamListener$1Closed.runInContext(ServerImpl.java:741)
	at org.apache.ratis.thirdparty.io.grpc.internal.ContextRunnable.run(ContextRunnable.java:37)
	at org.apache.ratis.thirdparty.io.grpc.internal.SerializingExecutor.run(SerializingExecutor.java:123)
	at java.util.concurrent.ThreadPoolExecutor.runWorker(ThreadPoolExecutor.java:1149)
	at java.util.concurrent.ThreadPoolExecutor$Worker.run(ThreadPoolExecutor.java:624)
	at java.lang.Thread.run(Thread.java:748)

Sep 26, 2019 4:41:30 PM org.apache.ratis.thirdparty.io.grpc.internal.SerializingExecutor run
SEVERE: Exception while executing runnable org.apache.ratis.thirdparty.io.grpc.internal.ServerImpl$JumpToApplicationThreadServerStreamListener$1Closed@6637dc41
org.apache.ratis.thirdparty.io.grpc.StatusRuntimeException: CANCELLED: call already cancelled
	at org.apache.ratis.thirdparty.io.grpc.Status.asRuntimeException(Status.java:517)
	at org.apache.ratis.thirdparty.io.grpc.stub.ServerCalls$ServerCallStreamObserverImpl.onCompleted(ServerCalls.java:356)
	at org.apache.ratis.grpc.server.GrpcServerProtocolService$ServerRequestStreamObserver.onError(GrpcServerProtocolService.java:121)
	at org.apache.ratis.thirdparty.io.grpc.stub.ServerCalls$StreamingServerCallHandler$StreamingServerCallListener.onCancel(ServerCalls.java:269)
	at org.apache.ratis.thirdparty.io.grpc.internal.ServerCallImpl$ServerStreamListenerImpl.closed(ServerCallImpl.java:293)
	at org.apache.ratis.thirdparty.io.grpc.internal.ServerImpl$JumpToApplicationThreadServerStreamListener$1Closed.runInContext(ServerImpl.java:741)
	at org.apache.ratis.thirdparty.io.grpc.internal.ContextRunnable.run(ContextRunnable.java:37)
	at org.apache.ratis.thirdparty.io.grpc.internal.SerializingExecutor.run(SerializingExecutor.java:123)
	at java.util.concurrent.ThreadPoolExecutor.runWorker(ThreadPoolExecutor.java:1149)
	at java.util.concurrent.ThreadPoolExecutor$Worker.run(ThreadPoolExecutor.java:624)
	at java.lang.Thread.run(Thread.java:748)

]]></system-err>
  </testcase>
  <testcase name="testBlockWritesWithDnFailures" classname="org.apache.hadoop.ozone.client.rpc.TestFailureHandlingByClient" time="142.907">
    <error message="Connection refused" type="java.net.ConnectException"><![CDATA[java.net.ConnectException: Connection refused
	at sun.nio.ch.SocketChannelImpl.checkConnect(Native Method)
	at sun.nio.ch.SocketChannelImpl.finishConnect(SocketChannelImpl.java:717)
	at org.apache.hadoop.net.SocketIOWithTimeout.connect(SocketIOWithTimeout.java:206)
	at org.apache.hadoop.net.NetUtils.connect(NetUtils.java:531)
	at org.apache.hadoop.ipc.Client$Connection.setupConnection(Client.java:690)
	at org.apache.hadoop.ipc.Client$Connection.setupIOstreams(Client.java:794)
	at org.apache.hadoop.ipc.Client$Connection.access$3700(Client.java:411)
	at org.apache.hadoop.ipc.Client.getConnection(Client.java:1572)
	at org.apache.hadoop.ipc.Client.call(Client.java:1403)
	at org.apache.hadoop.ipc.Client.call(Client.java:1367)
	at org.apache.hadoop.ipc.ProtobufRpcEngine$Invoker.invoke(ProtobufRpcEngine.java:228)
	at org.apache.hadoop.ipc.ProtobufRpcEngine$Invoker.invoke(ProtobufRpcEngine.java:116)
	at com.sun.proxy.$Proxy35.submitRequest(Unknown Source)
	at sun.reflect.GeneratedMethodAccessor36.invoke(Unknown Source)
	at sun.reflect.DelegatingMethodAccessorImpl.invoke(DelegatingMethodAccessorImpl.java:43)
	at java.lang.reflect.Method.invoke(Method.java:498)
	at org.apache.hadoop.io.retry.RetryInvocationHandler.invokeMethod(RetryInvocationHandler.java:422)
	at org.apache.hadoop.io.retry.RetryInvocationHandler$Call.invokeMethod(RetryInvocationHandler.java:165)
	at org.apache.hadoop.io.retry.RetryInvocationHandler$Call.invoke(RetryInvocationHandler.java:157)
	at org.apache.hadoop.io.retry.RetryInvocationHandler$Call.invokeOnce(RetryInvocationHandler.java:95)
	at org.apache.hadoop.io.retry.RetryInvocationHandler.invoke(RetryInvocationHandler.java:359)
	at com.sun.proxy.$Proxy35.submitRequest(Unknown Source)
	at org.apache.hadoop.ozone.om.protocolPB.OzoneManagerProtocolClientSideTranslatorPB.submitRequest(OzoneManagerProtocolClientSideTranslatorPB.java:338)
	at org.apache.hadoop.ozone.om.protocolPB.OzoneManagerProtocolClientSideTranslatorPB.getServiceInfo(OzoneManagerProtocolClientSideTranslatorPB.java:1223)
	at sun.reflect.NativeMethodAccessorImpl.invoke0(Native Method)
	at sun.reflect.NativeMethodAccessorImpl.invoke(NativeMethodAccessorImpl.java:62)
	at sun.reflect.DelegatingMethodAccessorImpl.invoke(DelegatingMethodAccessorImpl.java:43)
	at java.lang.reflect.Method.invoke(Method.java:498)
	at org.apache.hadoop.hdds.tracing.TraceAllMethod.invoke(TraceAllMethod.java:66)
	at com.sun.proxy.$Proxy36.getServiceInfo(Unknown Source)
	at org.apache.hadoop.ozone.client.rpc.RpcClient.<init>(RpcClient.java:154)
	at org.apache.hadoop.ozone.client.OzoneClientFactory.getClientProtocol(OzoneClientFactory.java:256)
	at org.apache.hadoop.ozone.client.OzoneClientFactory.getClientProtocol(OzoneClientFactory.java:239)
	at org.apache.hadoop.ozone.client.OzoneClientFactory.getClient(OzoneClientFactory.java:75)
	at org.apache.hadoop.ozone.client.rpc.TestFailureHandlingByClient.init(TestFailureHandlingByClient.java:111)
	at org.apache.hadoop.ozone.client.rpc.TestFailureHandlingByClient.startCluster(TestFailureHandlingByClient.java:121)
	at org.apache.hadoop.ozone.client.rpc.TestFailureHandlingByClient.testBlockWritesWithDnFailures(TestFailureHandlingByClient.java:136)
	at sun.reflect.NativeMethodAccessorImpl.invoke0(Native Method)
	at sun.reflect.NativeMethodAccessorImpl.invoke(NativeMethodAccessorImpl.java:62)
	at sun.reflect.DelegatingMethodAccessorImpl.invoke(DelegatingMethodAccessorImpl.java:43)
	at java.lang.reflect.Method.invoke(Method.java:498)
	at org.junit.runners.model.FrameworkMethod$1.runReflectiveCall(FrameworkMethod.java:47)
	at org.junit.internal.runners.model.ReflectiveCallable.run(ReflectiveCallable.java:12)
	at org.junit.runners.model.FrameworkMethod.invokeExplosively(FrameworkMethod.java:44)
	at org.junit.internal.runners.statements.InvokeMethod.evaluate(InvokeMethod.java:17)
	at org.junit.internal.runners.statements.RunAfters.evaluate(RunAfters.java:27)
	at org.junit.runners.ParentRunner.runLeaf(ParentRunner.java:271)
	at org.junit.runners.BlockJUnit4ClassRunner.runChild(BlockJUnit4ClassRunner.java:70)
	at org.junit.runners.BlockJUnit4ClassRunner.runChild(BlockJUnit4ClassRunner.java:50)
	at org.junit.runners.ParentRunner$3.run(ParentRunner.java:238)
	at org.junit.runners.ParentRunner$1.schedule(ParentRunner.java:63)
	at org.junit.runners.ParentRunner.runChildren(ParentRunner.java:236)
	at org.junit.runners.ParentRunner.access$000(ParentRunner.java:53)
	at org.junit.runners.ParentRunner$2.evaluate(ParentRunner.java:229)
	at org.junit.runners.ParentRunner.run(ParentRunner.java:309)
	at org.apache.maven.surefire.junit4.JUnit4Provider.execute(JUnit4Provider.java:365)
	at org.apache.maven.surefire.junit4.JUnit4Provider.executeWithRerun(JUnit4Provider.java:273)
	at org.apache.maven.surefire.junit4.JUnit4Provider.executeTestSet(JUnit4Provider.java:238)
	at org.apache.maven.surefire.junit4.JUnit4Provider.invoke(JUnit4Provider.java:159)
	at org.apache.maven.surefire.booter.ForkedBooter.invokeProviderInSameClassLoader(ForkedBooter.java:384)
	at org.apache.maven.surefire.booter.ForkedBooter.runSuitesInProcess(ForkedBooter.java:345)
	at org.apache.maven.surefire.booter.ForkedBooter.execute(ForkedBooter.java:126)
	at org.apache.maven.surefire.booter.ForkedBooter.main(ForkedBooter.java:418)
]]></error>
    <system-out><![CDATA[2019-09-26 16:41:45,992 [main] WARN  server.ServerUtils (ServerUtils.java:getScmDbDir(145)) - ozone.scm.db.dirs is not configured. We recommend adding this setting. Falling back to ozone.metadata.dirs instead.
2019-09-26 16:41:46,007 [main] WARN  server.ServerUtils (ServerUtils.java:getScmDbDir(145)) - ozone.scm.db.dirs is not configured. We recommend adding this setting. Falling back to ozone.metadata.dirs instead.
2019-09-26 16:41:46,008 [main] WARN  server.ServerUtils (ServerUtils.java:getScmDbDir(145)) - ozone.scm.db.dirs is not configured. We recommend adding this setting. Falling back to ozone.metadata.dirs instead.
2019-09-26 16:41:46,009 [main] INFO  db.DBStoreBuilder (DBStoreBuilder.java:addTable(110)) - using custom profile for table: deletedBlocks
2019-09-26 16:41:46,009 [main] INFO  db.DBStoreBuilder (DBStoreBuilder.java:processTables(161)) - Using default column profile:DBProfile.DISK for Table:deletedBlocks
2019-09-26 16:41:46,009 [main] INFO  db.DBStoreBuilder (DBStoreBuilder.java:addTable(110)) - using custom profile for table: validCerts
2019-09-26 16:41:46,009 [main] INFO  db.DBStoreBuilder (DBStoreBuilder.java:processTables(161)) - Using default column profile:DBProfile.DISK for Table:validCerts
2019-09-26 16:41:46,010 [main] INFO  db.DBStoreBuilder (DBStoreBuilder.java:addTable(110)) - using custom profile for table: revokedCerts
2019-09-26 16:41:46,010 [main] INFO  db.DBStoreBuilder (DBStoreBuilder.java:processTables(161)) - Using default column profile:DBProfile.DISK for Table:revokedCerts
2019-09-26 16:41:46,010 [main] INFO  db.DBStoreBuilder (DBStoreBuilder.java:addTable(110)) - using custom profile for table: default
2019-09-26 16:41:46,010 [main] INFO  db.DBStoreBuilder (DBStoreBuilder.java:processTables(167)) - Using default column profile:DBProfile.DISK for Table:default
2019-09-26 16:41:46,010 [main] INFO  db.DBStoreBuilder (DBStoreBuilder.java:getDbProfile(198)) - Using default options. DBProfile.DISK
2019-09-26 16:41:46,171 [main] INFO  net.NodeSchemaLoader (NodeSchemaLoader.java:loadSchemaFromFile(125)) - Loading file from sun.misc.CompoundEnumeration@c2df90e
2019-09-26 16:41:46,171 [main] INFO  net.NodeSchemaLoader (NodeSchemaLoader.java:loadSchema(171)) - Loading network topology layer schema file
2019-09-26 16:41:46,177 [main] INFO  node.SCMNodeManager (SCMNodeManager.java:<init>(114)) - Entering startup safe mode.
2019-09-26 16:41:46,178 [main] INFO  algorithms.ContainerPlacementPolicyFactory (ContainerPlacementPolicyFactory.java:getPolicy(57)) - Create container placement policy of type org.apache.hadoop.hdds.scm.container.placement.algorithms.SCMContainerPlacementRandom
2019-09-26 16:41:46,178 [main] WARN  server.ServerUtils (ServerUtils.java:getScmDbDir(145)) - ozone.scm.db.dirs is not configured. We recommend adding this setting. Falling back to ozone.metadata.dirs instead.
2019-09-26 16:41:46,229 [main] INFO  pipeline.SCMPipelineManager (SCMPipelineManager.java:initializePipelineState(132)) - No pipeline exists in current db
2019-09-26 16:41:46,229 [main] WARN  server.ServerUtils (ServerUtils.java:getScmDbDir(145)) - ozone.scm.db.dirs is not configured. We recommend adding this setting. Falling back to ozone.metadata.dirs instead.
2019-09-26 16:41:46,281 [main] WARN  events.EventQueue (EventQueue.java:fireEvent(183)) - No event handler registered for event TypedEvent{payloadType=SafeModeStatus, name='SafeModeStatus'}
2019-09-26 16:41:46,282 [main] INFO  ipc.CallQueueManager (CallQueueManager.java:<init>(84)) - Using callQueue: class java.util.concurrent.LinkedBlockingQueue, queueCapacity: 2000, scheduler: class org.apache.hadoop.ipc.DefaultRpcScheduler, ipcBackoff: false.
2019-09-26 16:41:46,284 [Socket Reader #1 for port 37185] INFO  ipc.Server (Server.java:run(1074)) - Starting Socket Reader #1 for port 37185
2019-09-26 16:41:46,286 [main] INFO  ipc.CallQueueManager (CallQueueManager.java:<init>(84)) - Using callQueue: class java.util.concurrent.LinkedBlockingQueue, queueCapacity: 2000, scheduler: class org.apache.hadoop.ipc.DefaultRpcScheduler, ipcBackoff: false.
2019-09-26 16:41:46,286 [Socket Reader #1 for port 43395] INFO  ipc.Server (Server.java:run(1074)) - Starting Socket Reader #1 for port 43395
2019-09-26 16:41:46,288 [main] INFO  ipc.CallQueueManager (CallQueueManager.java:<init>(84)) - Using callQueue: class java.util.concurrent.LinkedBlockingQueue, queueCapacity: 2000, scheduler: class org.apache.hadoop.ipc.DefaultRpcScheduler, ipcBackoff: false.
2019-09-26 16:41:46,289 [Socket Reader #1 for port 34782] INFO  ipc.Server (Server.java:run(1074)) - Starting Socket Reader #1 for port 34782
2019-09-26 16:41:46,292 [main] INFO  hdfs.DFSUtil (DFSUtil.java:httpServerTemplateForNNAndJN(1641)) - Starting Web-server for scm at: http://0.0.0.0:0
2019-09-26 16:41:46,295 [main] INFO  server.AuthenticationFilter (AuthenticationFilter.java:constructSecretProvider(240)) - Unable to initialize FileSignerSecretProvider, falling back to use random secrets.
2019-09-26 16:41:46,296 [main] WARN  http.HttpRequestLog (HttpRequestLog.java:getRequestLog(97)) - Jetty request log can only be enabled using Log4j
2019-09-26 16:41:46,298 [main] INFO  http.HttpServer2 (HttpServer2.java:addGlobalFilter(975)) - Added global filter 'safety' (class=org.apache.hadoop.http.HttpServer2$QuotingInputFilter)
2019-09-26 16:41:46,299 [main] INFO  http.HttpServer2 (HttpServer2.java:addFilter(948)) - Added filter static_user_filter (class=org.apache.hadoop.http.lib.StaticUserWebFilter$StaticUserFilter) to context scm
2019-09-26 16:41:46,299 [main] INFO  http.HttpServer2 (HttpServer2.java:addFilter(958)) - Added filter static_user_filter (class=org.apache.hadoop.http.lib.StaticUserWebFilter$StaticUserFilter) to context static
2019-09-26 16:41:46,299 [main] INFO  http.HttpServer2 (HttpServer2.java:addFilter(958)) - Added filter static_user_filter (class=org.apache.hadoop.http.lib.StaticUserWebFilter$StaticUserFilter) to context logs
2019-09-26 16:41:46,302 [main] INFO  server.StorageContainerManager (StorageContainerManager.java:start(770)) - StorageContainerLocationProtocol RPC server is listening at /0.0.0.0:34782
2019-09-26 16:41:46,306 [main] WARN  impl.MetricsConfig (MetricsConfig.java:loadFirst(134)) - Cannot locate configuration: tried hadoop-metrics2-storagecontainermanager.properties,hadoop-metrics2.properties
2019-09-26 16:41:46,310 [main] INFO  impl.MetricsSystemImpl (MetricsSystemImpl.java:startTimer(374)) - Scheduled Metric snapshot period at 10 second(s).
2019-09-26 16:41:46,310 [main] INFO  impl.MetricsSystemImpl (MetricsSystemImpl.java:start(191)) - StorageContainerManager metrics system started
2019-09-26 16:41:46,755 [main] WARN  impl.MetricsSystemImpl (MetricsSystemImpl.java:register(276)) - Sink prometheus already exists!
2019-09-26 16:41:46,811 [main] INFO  server.SCMClientProtocolServer (SCMClientProtocolServer.java:start(151)) - RPC server for Client  is listening at /0.0.0.0:34782
2019-09-26 16:41:46,811 [IPC Server Responder] INFO  ipc.Server (Server.java:run(1314)) - IPC Server Responder: starting
2019-09-26 16:41:46,811 [IPC Server listener on 34782] INFO  ipc.Server (Server.java:run(1153)) - IPC Server listener on 34782: starting
2019-09-26 16:41:46,815 [main] INFO  server.StorageContainerManager (StorageContainerManager.java:start(780)) - ScmBlockLocationProtocol RPC server is listening at /0.0.0.0:43395
2019-09-26 16:41:46,815 [main] INFO  server.SCMBlockProtocolServer (SCMBlockProtocolServer.java:start(146)) - RPC server for Block Protocol is listening at /0.0.0.0:43395
2019-09-26 16:41:46,816 [IPC Server Responder] INFO  ipc.Server (Server.java:run(1314)) - IPC Server Responder: starting
2019-09-26 16:41:46,816 [IPC Server listener on 43395] INFO  ipc.Server (Server.java:run(1153)) - IPC Server listener on 43395: starting
2019-09-26 16:41:46,819 [main] INFO  server.StorageContainerManager (StorageContainerManager.java:start(784)) - ScmDatanodeProtocl RPC server is listening at /0.0.0.0:37185
2019-09-26 16:41:46,819 [main] INFO  server.SCMDatanodeProtocolServer (SCMDatanodeProtocolServer.java:start(191)) - RPC server for DataNodes is listening at /0.0.0.0:37185
2019-09-26 16:41:46,820 [IPC Server Responder] INFO  ipc.Server (Server.java:run(1314)) - IPC Server Responder: starting
2019-09-26 16:41:46,820 [IPC Server listener on 37185] INFO  ipc.Server (Server.java:run(1153)) - IPC Server listener on 37185: starting
2019-09-26 16:41:46,823 [main] INFO  http.HttpServer2 (HttpServer2.java:bindListener(1191)) - Jetty bound to port 41921
2019-09-26 16:41:46,823 [main] INFO  server.Server (Server.java:doStart(351)) - jetty-9.3.25.v20180904, build timestamp: 2018-09-04T21:11:46Z, git hash: 3ce520221d0240229c862b122d2b06c12a625732
2019-09-26 16:41:46,826 [main] INFO  handler.ContextHandler (ContextHandler.java:doStart(781)) - Started o.e.j.s.ServletContextHandler@4b033eac{/logs,file:///workdir/hadoop-ozone/integration-test/target/log,AVAILABLE}
2019-09-26 16:41:46,826 [main] INFO  handler.ContextHandler (ContextHandler.java:doStart(781)) - Started o.e.j.s.ServletContextHandler@45a1d057{/static,file:///workdir/hadoop-ozone/integration-test/target/test-classes/webapps/static,AVAILABLE}
2019-09-26 16:41:46,830 [main] INFO  handler.ContextHandler (ContextHandler.java:doStart(781)) - Started o.e.j.w.WebAppContext@28e8888d{/,file:///workdir/hadoop-ozone/integration-test/target/test-classes/webapps/scm/,AVAILABLE}{/scm}
2019-09-26 16:41:46,831 [main] INFO  server.AbstractConnector (AbstractConnector.java:doStart(278)) - Started ServerConnector@1e98b788{HTTP/1.1,[http/1.1]}{0.0.0.0:41921}
2019-09-26 16:41:46,831 [main] INFO  server.Server (Server.java:doStart(419)) - Started @434682ms
2019-09-26 16:41:46,832 [main] WARN  impl.MetricsSystemImpl (MetricsSystemImpl.java:register(276)) - Sink prometheus already exists!
2019-09-26 16:41:46,832 [main] INFO  server.BaseHttpServer (BaseHttpServer.java:updateConnectorAddress(215)) - HTTP server of SCM is listening at http://0.0.0.0:41921
2019-09-26 16:41:46,834 [main] WARN  server.ServerUtils (ServerUtils.java:getDBPath(222)) - ozone.om.db.dirs is not configured. We recommend adding this setting. Falling back to ozone.metadata.dirs instead.
2019-09-26 16:41:46,834 [org.apache.hadoop.util.JvmPauseMonitor$Monitor@37c5284a] INFO  util.JvmPauseMonitor (JvmPauseMonitor.java:run(188)) - Starting JVM pause monitor
2019-09-26 16:41:46,848 [main] INFO  ha.OMHANodeDetails (OMHANodeDetails.java:loadOMHAConfig(194)) - Configuration either no ozone.om.address set. Falling back to the default OM address /127.0.0.1:0
2019-09-26 16:41:46,848 [main] INFO  ha.OMHANodeDetails (OMHANodeDetails.java:getOMNodeDetails(224)) - OM Service ID is not set. Setting it to the default ID: omServiceIdDefault
2019-09-26 16:41:46,849 [main] WARN  server.ServerUtils (ServerUtils.java:getDBPath(222)) - ozone.om.db.dirs is not configured. We recommend adding this setting. Falling back to ozone.metadata.dirs instead.
2019-09-26 16:41:46,849 [main] WARN  server.ServerUtils (ServerUtils.java:getDBPath(222)) - ozone.om.db.dirs is not configured. We recommend adding this setting. Falling back to ozone.metadata.dirs instead.
2019-09-26 16:41:46,856 [main] WARN  server.ServerUtils (ServerUtils.java:getDBPath(222)) - ozone.om.db.dirs is not configured. We recommend adding this setting. Falling back to ozone.metadata.dirs instead.
2019-09-26 16:41:46,857 [main] INFO  db.DBStoreBuilder (DBStoreBuilder.java:addTable(110)) - using custom profile for table: userTable
2019-09-26 16:41:46,857 [main] INFO  db.DBStoreBuilder (DBStoreBuilder.java:processTables(161)) - Using default column profile:DBProfile.DISK for Table:userTable
2019-09-26 16:41:46,858 [main] INFO  db.DBStoreBuilder (DBStoreBuilder.java:addTable(110)) - using custom profile for table: volumeTable
2019-09-26 16:41:46,858 [main] INFO  db.DBStoreBuilder (DBStoreBuilder.java:processTables(161)) - Using default column profile:DBProfile.DISK for Table:volumeTable
2019-09-26 16:41:46,858 [main] INFO  db.DBStoreBuilder (DBStoreBuilder.java:addTable(110)) - using custom profile for table: bucketTable
2019-09-26 16:41:46,858 [main] INFO  db.DBStoreBuilder (DBStoreBuilder.java:processTables(161)) - Using default column profile:DBProfile.DISK for Table:bucketTable
2019-09-26 16:41:46,859 [main] INFO  db.DBStoreBuilder (DBStoreBuilder.java:addTable(110)) - using custom profile for table: keyTable
2019-09-26 16:41:46,859 [main] INFO  db.DBStoreBuilder (DBStoreBuilder.java:processTables(161)) - Using default column profile:DBProfile.DISK for Table:keyTable
2019-09-26 16:41:46,859 [main] INFO  db.DBStoreBuilder (DBStoreBuilder.java:addTable(110)) - using custom profile for table: deletedTable
2019-09-26 16:41:46,859 [main] INFO  db.DBStoreBuilder (DBStoreBuilder.java:processTables(161)) - Using default column profile:DBProfile.DISK for Table:deletedTable
2019-09-26 16:41:46,860 [main] INFO  db.DBStoreBuilder (DBStoreBuilder.java:addTable(110)) - using custom profile for table: openKeyTable
2019-09-26 16:41:46,860 [main] INFO  db.DBStoreBuilder (DBStoreBuilder.java:processTables(161)) - Using default column profile:DBProfile.DISK for Table:openKeyTable
2019-09-26 16:41:46,860 [main] INFO  db.DBStoreBuilder (DBStoreBuilder.java:addTable(110)) - using custom profile for table: s3Table
2019-09-26 16:41:46,860 [main] INFO  db.DBStoreBuilder (DBStoreBuilder.java:processTables(161)) - Using default column profile:DBProfile.DISK for Table:s3Table
2019-09-26 16:41:46,861 [main] INFO  db.DBStoreBuilder (DBStoreBuilder.java:addTable(110)) - using custom profile for table: multipartInfoTable
2019-09-26 16:41:46,861 [main] INFO  db.DBStoreBuilder (DBStoreBuilder.java:processTables(161)) - Using default column profile:DBProfile.DISK for Table:multipartInfoTable
2019-09-26 16:41:46,861 [main] INFO  db.DBStoreBuilder (DBStoreBuilder.java:addTable(110)) - using custom profile for table: dTokenTable
2019-09-26 16:41:46,861 [main] INFO  db.DBStoreBuilder (DBStoreBuilder.java:processTables(161)) - Using default column profile:DBProfile.DISK for Table:dTokenTable
2019-09-26 16:41:46,862 [main] INFO  db.DBStoreBuilder (DBStoreBuilder.java:addTable(110)) - using custom profile for table: s3SecretTable
2019-09-26 16:41:46,862 [main] INFO  db.DBStoreBuilder (DBStoreBuilder.java:processTables(161)) - Using default column profile:DBProfile.DISK for Table:s3SecretTable
2019-09-26 16:41:46,862 [main] INFO  db.DBStoreBuilder (DBStoreBuilder.java:addTable(110)) - using custom profile for table: prefixTable
2019-09-26 16:41:46,862 [main] INFO  db.DBStoreBuilder (DBStoreBuilder.java:processTables(161)) - Using default column profile:DBProfile.DISK for Table:prefixTable
2019-09-26 16:41:46,863 [main] INFO  db.DBStoreBuilder (DBStoreBuilder.java:addTable(110)) - using custom profile for table: default
2019-09-26 16:41:46,863 [main] INFO  db.DBStoreBuilder (DBStoreBuilder.java:processTables(167)) - Using default column profile:DBProfile.DISK for Table:default
2019-09-26 16:41:46,863 [main] INFO  db.DBStoreBuilder (DBStoreBuilder.java:getDbProfile(198)) - Using default options. DBProfile.DISK
2019-09-26 16:41:47,354 [main] INFO  ipc.CallQueueManager (CallQueueManager.java:<init>(84)) - Using callQueue: class java.util.concurrent.LinkedBlockingQueue, queueCapacity: 2000, scheduler: class org.apache.hadoop.ipc.DefaultRpcScheduler, ipcBackoff: false.
2019-09-26 16:41:47,355 [Socket Reader #1 for port 35385] INFO  ipc.Server (Server.java:run(1074)) - Starting Socket Reader #1 for port 35385
2019-09-26 16:41:47,369 [main] INFO  om.OzoneManager (OzoneManager.java:start(1069)) - OzoneManager RPC server is listening at localhost/127.0.0.1:35385
2019-09-26 16:41:47,369 [main] INFO  impl.MetricsSystemImpl (MetricsSystemImpl.java:init(158)) - OzoneManager metrics system started (again)
2019-09-26 16:41:47,370 [IPC Server Responder] INFO  ipc.Server (Server.java:run(1314)) - IPC Server Responder: starting
2019-09-26 16:41:47,370 [IPC Server listener on 35385] INFO  ipc.Server (Server.java:run(1153)) - IPC Server listener on 35385: starting
2019-09-26 16:41:47,375 [main] INFO  hdfs.DFSUtil (DFSUtil.java:httpServerTemplateForNNAndJN(1641)) - Starting Web-server for ozoneManager at: http://0.0.0.0:0
2019-09-26 16:41:47,376 [main] INFO  server.AuthenticationFilter (AuthenticationFilter.java:constructSecretProvider(240)) - Unable to initialize FileSignerSecretProvider, falling back to use random secrets.
2019-09-26 16:41:47,377 [main] WARN  http.HttpRequestLog (HttpRequestLog.java:getRequestLog(97)) - Jetty request log can only be enabled using Log4j
2019-09-26 16:41:47,378 [main] INFO  http.HttpServer2 (HttpServer2.java:addGlobalFilter(975)) - Added global filter 'safety' (class=org.apache.hadoop.http.HttpServer2$QuotingInputFilter)
2019-09-26 16:41:47,379 [main] INFO  http.HttpServer2 (HttpServer2.java:addFilter(948)) - Added filter static_user_filter (class=org.apache.hadoop.http.lib.StaticUserWebFilter$StaticUserFilter) to context ozoneManager
2019-09-26 16:41:47,379 [main] INFO  http.HttpServer2 (HttpServer2.java:addFilter(958)) - Added filter static_user_filter (class=org.apache.hadoop.http.lib.StaticUserWebFilter$StaticUserFilter) to context logs
2019-09-26 16:41:47,379 [main] INFO  http.HttpServer2 (HttpServer2.java:addFilter(958)) - Added filter static_user_filter (class=org.apache.hadoop.http.lib.StaticUserWebFilter$StaticUserFilter) to context static
2019-09-26 16:41:47,380 [main] INFO  http.HttpServer2 (HttpServer2.java:bindListener(1191)) - Jetty bound to port 34418
2019-09-26 16:41:47,380 [main] INFO  server.Server (Server.java:doStart(351)) - jetty-9.3.25.v20180904, build timestamp: 2018-09-04T21:11:46Z, git hash: 3ce520221d0240229c862b122d2b06c12a625732
2019-09-26 16:41:47,383 [main] INFO  handler.ContextHandler (ContextHandler.java:doStart(781)) - Started o.e.j.s.ServletContextHandler@30a7653e{/logs,file:///workdir/hadoop-ozone/integration-test/target/log,AVAILABLE}
2019-09-26 16:41:47,383 [main] INFO  handler.ContextHandler (ContextHandler.java:doStart(781)) - Started o.e.j.s.ServletContextHandler@6401188a{/static,file:///workdir/hadoop-ozone/integration-test/target/test-classes/webapps/static,AVAILABLE}
2019-09-26 16:41:47,389 [main] INFO  handler.ContextHandler (ContextHandler.java:doStart(781)) - Started o.e.j.w.WebAppContext@644a3add{/,file:///workdir/hadoop-ozone/integration-test/target/test-classes/webapps/ozoneManager/,AVAILABLE}{/ozoneManager}
2019-09-26 16:41:47,389 [main] INFO  server.AbstractConnector (AbstractConnector.java:doStart(278)) - Started ServerConnector@4b765e92{HTTP/1.1,[http/1.1]}{0.0.0.0:34418}
2019-09-26 16:41:47,390 [main] INFO  server.Server (Server.java:doStart(419)) - Started @435241ms
2019-09-26 16:41:47,391 [main] WARN  impl.MetricsSystemImpl (MetricsSystemImpl.java:register(276)) - Sink prometheus already exists!
2019-09-26 16:41:47,392 [main] INFO  server.BaseHttpServer (BaseHttpServer.java:updateConnectorAddress(215)) - HTTP server of OZONEMANAGER is listening at http://0.0.0.0:34418
2019-09-26 16:41:47,419 [main] INFO  impl.MetricsSystemImpl (MetricsSystemImpl.java:init(158)) - HddsDatanode metrics system started (again)
2019-09-26 16:41:47,422 [main] INFO  ozone.HddsDatanodeService (HddsDatanodeService.java:start(184)) - HddsDatanodeService host:pr-hdds-2162-htzpk-1451759861 ip:192.168.157.234
2019-09-26 16:41:47,430 [main] INFO  volume.HddsVolume (HddsVolume.java:<init>(176)) - Creating Volume: /workdir/hadoop-ozone/integration-test/target/test-dir/MiniOzoneClusterImpl-3c389332-0e16-4a63-91ed-68711720325b/datanode-0/data/containers/hdds of  storage type : DISK and capacity : 1482555576320
2019-09-26 16:41:47,430 [main] INFO  volume.VolumeSet (VolumeSet.java:initializeVolumeSet(170)) - Added Volume : /workdir/hadoop-ozone/integration-test/target/test-dir/MiniOzoneClusterImpl-3c389332-0e16-4a63-91ed-68711720325b/datanode-0/data/containers/hdds to VolumeSet
2019-09-26 16:41:47,430 [main] INFO  volume.ThrottledAsyncChecker (ThrottledAsyncChecker.java:schedule(139)) - Scheduling a check for org.apache.hadoop.ozone.container.common.volume.HddsVolume@565aa4ac
2019-09-26 16:41:47,431 [main] INFO  volume.HddsVolumeChecker (HddsVolumeChecker.java:checkAllVolumes(202)) - Scheduled health check for volume org.apache.hadoop.ozone.container.common.volume.HddsVolume@565aa4ac
2019-09-26 16:41:47,449 [main] INFO  impl.RaftServerProxy (ConfUtils.java:logGet(43)) - raft.rpc.type = GRPC (default)
2019-09-26 16:41:47,449 [main] INFO  grpc.GrpcFactory (GrpcFactory.java:checkPooledByteBufAllocatorUseCacheForAllThreads(45)) - PERFORMANCE WARNING: useCacheForAllThreads is true that may cause Netty to create a lot garbage objects and, as a result, trigger GC.
	It is recommended to disable useCacheForAllThreads by setting -Dorg.apache.ratis.thirdparty.io.netty.allocator.useCacheForAllThreads=false in command line.
2019-09-26 16:41:47,449 [main] INFO  grpc.GrpcConfigKeys$Server (ConfUtils.java:logGet(43)) - raft.grpc.server.port = 0 (default)
2019-09-26 16:41:47,450 [main] INFO  server.GrpcService (ConfUtils.java:logGet(43)) - raft.grpc.message.size.max = 33570816 (custom)
2019-09-26 16:41:47,450 [main] INFO  server.RaftServerConfigKeys (ConfUtils.java:logGet(43)) - raft.server.log.appender.buffer.byte-limit = 33554432 (custom)
2019-09-26 16:41:47,450 [main] INFO  server.GrpcService (ConfUtils.java:logGet(43)) - raft.grpc.flow.control.window = 1MB (=1048576) (default)
2019-09-26 16:41:47,450 [main] INFO  server.RaftServerConfigKeys (ConfUtils.java:logGet(43)) - raft.server.rpc.request.timeout = 3000ms (default)
2019-09-26 16:41:47,451 [main] INFO  server.RaftServerConfigKeys (ConfUtils.java:logGet(43)) - raft.server.storage.dir = [/workdir/hadoop-ozone/integration-test/target/test-dir/MiniOzoneClusterImpl-3c389332-0e16-4a63-91ed-68711720325b/datanode-0/data/ratis] (custom)
2019-09-26 16:41:47,453 [main] INFO  hdfs.DFSUtil (DFSUtil.java:httpServerTemplateForNNAndJN(1641)) - Starting Web-server for hddsDatanode at: http://0.0.0.0:0
2019-09-26 16:41:47,454 [main] INFO  server.AuthenticationFilter (AuthenticationFilter.java:constructSecretProvider(240)) - Unable to initialize FileSignerSecretProvider, falling back to use random secrets.
2019-09-26 16:41:47,454 [main] WARN  http.HttpRequestLog (HttpRequestLog.java:getRequestLog(97)) - Jetty request log can only be enabled using Log4j
2019-09-26 16:41:47,456 [main] INFO  http.HttpServer2 (HttpServer2.java:addGlobalFilter(975)) - Added global filter 'safety' (class=org.apache.hadoop.http.HttpServer2$QuotingInputFilter)
2019-09-26 16:41:47,456 [main] INFO  http.HttpServer2 (HttpServer2.java:addFilter(948)) - Added filter static_user_filter (class=org.apache.hadoop.http.lib.StaticUserWebFilter$StaticUserFilter) to context hddsDatanode
2019-09-26 16:41:47,456 [main] INFO  http.HttpServer2 (HttpServer2.java:addFilter(958)) - Added filter static_user_filter (class=org.apache.hadoop.http.lib.StaticUserWebFilter$StaticUserFilter) to context logs
2019-09-26 16:41:47,457 [main] INFO  http.HttpServer2 (HttpServer2.java:addFilter(958)) - Added filter static_user_filter (class=org.apache.hadoop.http.lib.StaticUserWebFilter$StaticUserFilter) to context static
2019-09-26 16:41:47,457 [main] INFO  http.HttpServer2 (HttpServer2.java:bindListener(1191)) - Jetty bound to port 37093
2019-09-26 16:41:47,457 [main] INFO  server.Server (Server.java:doStart(351)) - jetty-9.3.25.v20180904, build timestamp: 2018-09-04T21:11:46Z, git hash: 3ce520221d0240229c862b122d2b06c12a625732
2019-09-26 16:41:47,459 [main] INFO  handler.ContextHandler (ContextHandler.java:doStart(781)) - Started o.e.j.s.ServletContextHandler@5e1a986c{/logs,file:///workdir/hadoop-ozone/integration-test/target/log,AVAILABLE}
2019-09-26 16:41:47,460 [main] INFO  handler.ContextHandler (ContextHandler.java:doStart(781)) - Started o.e.j.s.ServletContextHandler@46a795de{/static,jar:file:/home/user/.m2/repository/org/apache/hadoop/hadoop-hdds-container-service/0.5.0-SNAPSHOT/hadoop-hdds-container-service-0.5.0-SNAPSHOT.jar!/webapps/static,AVAILABLE}
2019-09-26 16:41:47,489 [main] INFO  handler.ContextHandler (ContextHandler.java:doStart(781)) - Started o.e.j.w.WebAppContext@18d47df0{/,file:///tmp/jetty-0.0.0.0-37093-hddsDatanode-_-any-2379197154549907605.dir/webapp/,AVAILABLE}{/hddsDatanode}
2019-09-26 16:41:47,490 [main] INFO  server.AbstractConnector (AbstractConnector.java:doStart(278)) - Started ServerConnector@28393e82{HTTP/1.1,[http/1.1]}{0.0.0.0:37093}
2019-09-26 16:41:47,491 [main] INFO  server.Server (Server.java:doStart(419)) - Started @435341ms
2019-09-26 16:41:47,491 [main] WARN  impl.MetricsSystemImpl (MetricsSystemImpl.java:register(276)) - Sink prometheus already exists!
2019-09-26 16:41:47,492 [main] INFO  server.BaseHttpServer (BaseHttpServer.java:updateConnectorAddress(215)) - HTTP server of HDDSDATANODE is listening at http://0.0.0.0:37093
2019-09-26 16:41:47,492 [main] INFO  impl.MetricsSystemImpl (MetricsSystemImpl.java:init(158)) - HddsDatanode metrics system started (again)
2019-09-26 16:41:47,495 [main] INFO  ozone.HddsDatanodeService (HddsDatanodeService.java:start(184)) - HddsDatanodeService host:pr-hdds-2162-htzpk-1451759861 ip:192.168.157.234
2019-09-26 16:41:47,495 [org.apache.hadoop.util.JvmPauseMonitor$Monitor@26e529c5] INFO  util.JvmPauseMonitor (JvmPauseMonitor.java:run(188)) - Starting JVM pause monitor
2019-09-26 16:41:47,497 [Datanode State Machine Thread - 0] INFO  datanode.InitDatanodeState (InitDatanodeState.java:persistContainerDatanodeDetails(140)) - DatanodeDetails is persisted to /workdir/hadoop-ozone/integration-test/target/test-dir/MiniOzoneClusterImpl-3c389332-0e16-4a63-91ed-68711720325b/datanode-0/meta/datanode.id
2019-09-26 16:41:47,501 [main] INFO  volume.HddsVolume (HddsVolume.java:<init>(176)) - Creating Volume: /workdir/hadoop-ozone/integration-test/target/test-dir/MiniOzoneClusterImpl-3c389332-0e16-4a63-91ed-68711720325b/datanode-1/data/containers/hdds of  storage type : DISK and capacity : 1482555576320
2019-09-26 16:41:47,501 [main] INFO  volume.VolumeSet (VolumeSet.java:initializeVolumeSet(170)) - Added Volume : /workdir/hadoop-ozone/integration-test/target/test-dir/MiniOzoneClusterImpl-3c389332-0e16-4a63-91ed-68711720325b/datanode-1/data/containers/hdds to VolumeSet
2019-09-26 16:41:47,502 [main] INFO  volume.ThrottledAsyncChecker (ThrottledAsyncChecker.java:schedule(139)) - Scheduling a check for org.apache.hadoop.ozone.container.common.volume.HddsVolume@1a7cb3a4
2019-09-26 16:41:47,502 [main] INFO  volume.HddsVolumeChecker (HddsVolumeChecker.java:checkAllVolumes(202)) - Scheduled health check for volume org.apache.hadoop.ozone.container.common.volume.HddsVolume@1a7cb3a4
2019-09-26 16:41:47,513 [main] INFO  impl.RaftServerProxy (ConfUtils.java:logGet(43)) - raft.rpc.type = GRPC (default)
2019-09-26 16:41:47,513 [main] INFO  grpc.GrpcFactory (GrpcFactory.java:checkPooledByteBufAllocatorUseCacheForAllThreads(45)) - PERFORMANCE WARNING: useCacheForAllThreads is true that may cause Netty to create a lot garbage objects and, as a result, trigger GC.
	It is recommended to disable useCacheForAllThreads by setting -Dorg.apache.ratis.thirdparty.io.netty.allocator.useCacheForAllThreads=false in command line.
2019-09-26 16:41:47,513 [main] INFO  grpc.GrpcConfigKeys$Server (ConfUtils.java:logGet(43)) - raft.grpc.server.port = 0 (default)
2019-09-26 16:41:47,513 [main] INFO  server.GrpcService (ConfUtils.java:logGet(43)) - raft.grpc.message.size.max = 33570816 (custom)
2019-09-26 16:41:47,513 [main] INFO  server.RaftServerConfigKeys (ConfUtils.java:logGet(43)) - raft.server.log.appender.buffer.byte-limit = 33554432 (custom)
2019-09-26 16:41:47,514 [main] INFO  server.GrpcService (ConfUtils.java:logGet(43)) - raft.grpc.flow.control.window = 1MB (=1048576) (default)
2019-09-26 16:41:47,514 [main] INFO  server.RaftServerConfigKeys (ConfUtils.java:logGet(43)) - raft.server.rpc.request.timeout = 3000ms (default)
2019-09-26 16:41:47,514 [main] INFO  server.RaftServerConfigKeys (ConfUtils.java:logGet(43)) - raft.server.storage.dir = [/workdir/hadoop-ozone/integration-test/target/test-dir/MiniOzoneClusterImpl-3c389332-0e16-4a63-91ed-68711720325b/datanode-1/data/ratis] (custom)
2019-09-26 16:41:47,518 [main] INFO  hdfs.DFSUtil (DFSUtil.java:httpServerTemplateForNNAndJN(1641)) - Starting Web-server for hddsDatanode at: http://0.0.0.0:0
2019-09-26 16:41:47,519 [main] INFO  server.AuthenticationFilter (AuthenticationFilter.java:constructSecretProvider(240)) - Unable to initialize FileSignerSecretProvider, falling back to use random secrets.
2019-09-26 16:41:47,519 [main] WARN  http.HttpRequestLog (HttpRequestLog.java:getRequestLog(97)) - Jetty request log can only be enabled using Log4j
2019-09-26 16:41:47,520 [main] INFO  http.HttpServer2 (HttpServer2.java:addGlobalFilter(975)) - Added global filter 'safety' (class=org.apache.hadoop.http.HttpServer2$QuotingInputFilter)
2019-09-26 16:41:47,521 [main] INFO  http.HttpServer2 (HttpServer2.java:addFilter(948)) - Added filter static_user_filter (class=org.apache.hadoop.http.lib.StaticUserWebFilter$StaticUserFilter) to context hddsDatanode
2019-09-26 16:41:47,521 [main] INFO  http.HttpServer2 (HttpServer2.java:addFilter(958)) - Added filter static_user_filter (class=org.apache.hadoop.http.lib.StaticUserWebFilter$StaticUserFilter) to context static
2019-09-26 16:41:47,521 [main] INFO  http.HttpServer2 (HttpServer2.java:addFilter(958)) - Added filter static_user_filter (class=org.apache.hadoop.http.lib.StaticUserWebFilter$StaticUserFilter) to context logs
2019-09-26 16:41:47,522 [main] INFO  http.HttpServer2 (HttpServer2.java:bindListener(1191)) - Jetty bound to port 41908
2019-09-26 16:41:47,522 [main] INFO  server.Server (Server.java:doStart(351)) - jetty-9.3.25.v20180904, build timestamp: 2018-09-04T21:11:46Z, git hash: 3ce520221d0240229c862b122d2b06c12a625732
2019-09-26 16:41:47,523 [main] INFO  handler.ContextHandler (ContextHandler.java:doStart(781)) - Started o.e.j.s.ServletContextHandler@7f5614f9{/logs,file:///workdir/hadoop-ozone/integration-test/target/log,AVAILABLE}
2019-09-26 16:41:47,524 [main] INFO  handler.ContextHandler (ContextHandler.java:doStart(781)) - Started o.e.j.s.ServletContextHandler@6c3f1658{/static,jar:file:/home/user/.m2/repository/org/apache/hadoop/hadoop-hdds-container-service/0.5.0-SNAPSHOT/hadoop-hdds-container-service-0.5.0-SNAPSHOT.jar!/webapps/static,AVAILABLE}
2019-09-26 16:41:47,550 [main] INFO  handler.ContextHandler (ContextHandler.java:doStart(781)) - Started o.e.j.w.WebAppContext@372461a9{/,file:///tmp/jetty-0.0.0.0-41908-hddsDatanode-_-any-5996560358832400189.dir/webapp/,AVAILABLE}{/hddsDatanode}
2019-09-26 16:41:47,550 [main] INFO  server.AbstractConnector (AbstractConnector.java:doStart(278)) - Started ServerConnector@5fffb692{HTTP/1.1,[http/1.1]}{0.0.0.0:41908}
2019-09-26 16:41:47,551 [main] INFO  server.Server (Server.java:doStart(419)) - Started @435401ms
2019-09-26 16:41:47,552 [main] WARN  impl.MetricsSystemImpl (MetricsSystemImpl.java:register(276)) - Sink prometheus already exists!
2019-09-26 16:41:47,553 [main] INFO  server.BaseHttpServer (BaseHttpServer.java:updateConnectorAddress(215)) - HTTP server of HDDSDATANODE is listening at http://0.0.0.0:41908
2019-09-26 16:41:47,553 [main] INFO  impl.MetricsSystemImpl (MetricsSystemImpl.java:init(158)) - HddsDatanode metrics system started (again)
2019-09-26 16:41:47,556 [main] INFO  ozone.HddsDatanodeService (HddsDatanodeService.java:start(184)) - HddsDatanodeService host:pr-hdds-2162-htzpk-1451759861 ip:192.168.157.234
2019-09-26 16:41:47,556 [org.apache.hadoop.util.JvmPauseMonitor$Monitor@203e3d8a] INFO  util.JvmPauseMonitor (JvmPauseMonitor.java:run(188)) - Starting JVM pause monitor
2019-09-26 16:41:47,558 [Datanode State Machine Thread - 0] INFO  datanode.InitDatanodeState (InitDatanodeState.java:persistContainerDatanodeDetails(140)) - DatanodeDetails is persisted to /workdir/hadoop-ozone/integration-test/target/test-dir/MiniOzoneClusterImpl-3c389332-0e16-4a63-91ed-68711720325b/datanode-1/meta/datanode.id
2019-09-26 16:41:47,562 [main] INFO  volume.HddsVolume (HddsVolume.java:<init>(176)) - Creating Volume: /workdir/hadoop-ozone/integration-test/target/test-dir/MiniOzoneClusterImpl-3c389332-0e16-4a63-91ed-68711720325b/datanode-2/data/containers/hdds of  storage type : DISK and capacity : 1482555576320
2019-09-26 16:41:47,562 [main] INFO  volume.VolumeSet (VolumeSet.java:initializeVolumeSet(170)) - Added Volume : /workdir/hadoop-ozone/integration-test/target/test-dir/MiniOzoneClusterImpl-3c389332-0e16-4a63-91ed-68711720325b/datanode-2/data/containers/hdds to VolumeSet
2019-09-26 16:41:47,562 [main] INFO  volume.ThrottledAsyncChecker (ThrottledAsyncChecker.java:schedule(139)) - Scheduling a check for org.apache.hadoop.ozone.container.common.volume.HddsVolume@2f9dda71
2019-09-26 16:41:47,563 [main] INFO  volume.HddsVolumeChecker (HddsVolumeChecker.java:checkAllVolumes(202)) - Scheduled health check for volume org.apache.hadoop.ozone.container.common.volume.HddsVolume@2f9dda71
2019-09-26 16:41:47,581 [main] INFO  impl.RaftServerProxy (ConfUtils.java:logGet(43)) - raft.rpc.type = GRPC (default)
2019-09-26 16:41:47,582 [main] INFO  grpc.GrpcFactory (GrpcFactory.java:checkPooledByteBufAllocatorUseCacheForAllThreads(45)) - PERFORMANCE WARNING: useCacheForAllThreads is true that may cause Netty to create a lot garbage objects and, as a result, trigger GC.
	It is recommended to disable useCacheForAllThreads by setting -Dorg.apache.ratis.thirdparty.io.netty.allocator.useCacheForAllThreads=false in command line.
2019-09-26 16:41:47,582 [main] INFO  grpc.GrpcConfigKeys$Server (ConfUtils.java:logGet(43)) - raft.grpc.server.port = 0 (default)
2019-09-26 16:41:47,582 [main] INFO  server.GrpcService (ConfUtils.java:logGet(43)) - raft.grpc.message.size.max = 33570816 (custom)
2019-09-26 16:41:47,583 [main] INFO  server.RaftServerConfigKeys (ConfUtils.java:logGet(43)) - raft.server.log.appender.buffer.byte-limit = 33554432 (custom)
2019-09-26 16:41:47,583 [main] INFO  server.GrpcService (ConfUtils.java:logGet(43)) - raft.grpc.flow.control.window = 1MB (=1048576) (default)
2019-09-26 16:41:47,583 [main] INFO  server.RaftServerConfigKeys (ConfUtils.java:logGet(43)) - raft.server.rpc.request.timeout = 3000ms (default)
2019-09-26 16:41:47,584 [main] INFO  server.RaftServerConfigKeys (ConfUtils.java:logGet(43)) - raft.server.storage.dir = [/workdir/hadoop-ozone/integration-test/target/test-dir/MiniOzoneClusterImpl-3c389332-0e16-4a63-91ed-68711720325b/datanode-2/data/ratis] (custom)
2019-09-26 16:41:47,586 [main] INFO  hdfs.DFSUtil (DFSUtil.java:httpServerTemplateForNNAndJN(1641)) - Starting Web-server for hddsDatanode at: http://0.0.0.0:0
2019-09-26 16:41:47,587 [main] INFO  server.AuthenticationFilter (AuthenticationFilter.java:constructSecretProvider(240)) - Unable to initialize FileSignerSecretProvider, falling back to use random secrets.
2019-09-26 16:41:47,587 [main] WARN  http.HttpRequestLog (HttpRequestLog.java:getRequestLog(97)) - Jetty request log can only be enabled using Log4j
2019-09-26 16:41:47,588 [main] INFO  http.HttpServer2 (HttpServer2.java:addGlobalFilter(975)) - Added global filter 'safety' (class=org.apache.hadoop.http.HttpServer2$QuotingInputFilter)
2019-09-26 16:41:47,588 [main] INFO  http.HttpServer2 (HttpServer2.java:addFilter(948)) - Added filter static_user_filter (class=org.apache.hadoop.http.lib.StaticUserWebFilter$StaticUserFilter) to context hddsDatanode
2019-09-26 16:41:47,588 [main] INFO  http.HttpServer2 (HttpServer2.java:addFilter(958)) - Added filter static_user_filter (class=org.apache.hadoop.http.lib.StaticUserWebFilter$StaticUserFilter) to context logs
2019-09-26 16:41:47,589 [main] INFO  http.HttpServer2 (HttpServer2.java:addFilter(958)) - Added filter static_user_filter (class=org.apache.hadoop.http.lib.StaticUserWebFilter$StaticUserFilter) to context static
2019-09-26 16:41:47,589 [main] INFO  http.HttpServer2 (HttpServer2.java:bindListener(1191)) - Jetty bound to port 38376
2019-09-26 16:41:47,589 [main] INFO  server.Server (Server.java:doStart(351)) - jetty-9.3.25.v20180904, build timestamp: 2018-09-04T21:11:46Z, git hash: 3ce520221d0240229c862b122d2b06c12a625732
2019-09-26 16:41:47,591 [main] INFO  handler.ContextHandler (ContextHandler.java:doStart(781)) - Started o.e.j.s.ServletContextHandler@25974207{/logs,file:///workdir/hadoop-ozone/integration-test/target/log,AVAILABLE}
2019-09-26 16:41:47,591 [main] INFO  handler.ContextHandler (ContextHandler.java:doStart(781)) - Started o.e.j.s.ServletContextHandler@195113de{/static,jar:file:/home/user/.m2/repository/org/apache/hadoop/hadoop-hdds-container-service/0.5.0-SNAPSHOT/hadoop-hdds-container-service-0.5.0-SNAPSHOT.jar!/webapps/static,AVAILABLE}
2019-09-26 16:41:47,618 [main] INFO  handler.ContextHandler (ContextHandler.java:doStart(781)) - Started o.e.j.w.WebAppContext@149274cb{/,file:///tmp/jetty-0.0.0.0-38376-hddsDatanode-_-any-3213996701562455586.dir/webapp/,AVAILABLE}{/hddsDatanode}
2019-09-26 16:41:47,618 [main] INFO  server.AbstractConnector (AbstractConnector.java:doStart(278)) - Started ServerConnector@118acf70{HTTP/1.1,[http/1.1]}{0.0.0.0:38376}
2019-09-26 16:41:47,618 [main] INFO  server.Server (Server.java:doStart(419)) - Started @435469ms
2019-09-26 16:41:47,620 [main] WARN  impl.MetricsSystemImpl (MetricsSystemImpl.java:register(276)) - Sink prometheus already exists!
2019-09-26 16:41:47,620 [main] INFO  server.BaseHttpServer (BaseHttpServer.java:updateConnectorAddress(215)) - HTTP server of HDDSDATANODE is listening at http://0.0.0.0:38376
2019-09-26 16:41:47,621 [main] INFO  impl.MetricsSystemImpl (MetricsSystemImpl.java:init(158)) - HddsDatanode metrics system started (again)
2019-09-26 16:41:47,624 [main] INFO  ozone.HddsDatanodeService (HddsDatanodeService.java:start(184)) - HddsDatanodeService host:pr-hdds-2162-htzpk-1451759861 ip:192.168.157.234
2019-09-26 16:41:47,624 [org.apache.hadoop.util.JvmPauseMonitor$Monitor@41eeeb64] INFO  util.JvmPauseMonitor (JvmPauseMonitor.java:run(188)) - Starting JVM pause monitor
2019-09-26 16:41:47,626 [Datanode State Machine Thread - 0] INFO  datanode.InitDatanodeState (InitDatanodeState.java:persistContainerDatanodeDetails(140)) - DatanodeDetails is persisted to /workdir/hadoop-ozone/integration-test/target/test-dir/MiniOzoneClusterImpl-3c389332-0e16-4a63-91ed-68711720325b/datanode-2/meta/datanode.id
2019-09-26 16:41:47,630 [main] INFO  volume.HddsVolume (HddsVolume.java:<init>(176)) - Creating Volume: /workdir/hadoop-ozone/integration-test/target/test-dir/MiniOzoneClusterImpl-3c389332-0e16-4a63-91ed-68711720325b/datanode-3/data/containers/hdds of  storage type : DISK and capacity : 1482555576320
2019-09-26 16:41:47,630 [main] INFO  volume.VolumeSet (VolumeSet.java:initializeVolumeSet(170)) - Added Volume : /workdir/hadoop-ozone/integration-test/target/test-dir/MiniOzoneClusterImpl-3c389332-0e16-4a63-91ed-68711720325b/datanode-3/data/containers/hdds to VolumeSet
2019-09-26 16:41:47,630 [main] INFO  volume.ThrottledAsyncChecker (ThrottledAsyncChecker.java:schedule(139)) - Scheduling a check for org.apache.hadoop.ozone.container.common.volume.HddsVolume@31efacad
2019-09-26 16:41:47,631 [main] INFO  volume.HddsVolumeChecker (HddsVolumeChecker.java:checkAllVolumes(202)) - Scheduled health check for volume org.apache.hadoop.ozone.container.common.volume.HddsVolume@31efacad
2019-09-26 16:41:47,643 [main] INFO  impl.RaftServerProxy (ConfUtils.java:logGet(43)) - raft.rpc.type = GRPC (default)
2019-09-26 16:41:47,643 [main] INFO  grpc.GrpcFactory (GrpcFactory.java:checkPooledByteBufAllocatorUseCacheForAllThreads(45)) - PERFORMANCE WARNING: useCacheForAllThreads is true that may cause Netty to create a lot garbage objects and, as a result, trigger GC.
	It is recommended to disable useCacheForAllThreads by setting -Dorg.apache.ratis.thirdparty.io.netty.allocator.useCacheForAllThreads=false in command line.
2019-09-26 16:41:47,643 [main] INFO  grpc.GrpcConfigKeys$Server (ConfUtils.java:logGet(43)) - raft.grpc.server.port = 0 (default)
2019-09-26 16:41:47,643 [main] INFO  server.GrpcService (ConfUtils.java:logGet(43)) - raft.grpc.message.size.max = 33570816 (custom)
2019-09-26 16:41:47,644 [main] INFO  server.RaftServerConfigKeys (ConfUtils.java:logGet(43)) - raft.server.log.appender.buffer.byte-limit = 33554432 (custom)
2019-09-26 16:41:47,644 [main] INFO  server.GrpcService (ConfUtils.java:logGet(43)) - raft.grpc.flow.control.window = 1MB (=1048576) (default)
2019-09-26 16:41:47,644 [main] INFO  server.RaftServerConfigKeys (ConfUtils.java:logGet(43)) - raft.server.rpc.request.timeout = 3000ms (default)
2019-09-26 16:41:47,644 [main] INFO  server.RaftServerConfigKeys (ConfUtils.java:logGet(43)) - raft.server.storage.dir = [/workdir/hadoop-ozone/integration-test/target/test-dir/MiniOzoneClusterImpl-3c389332-0e16-4a63-91ed-68711720325b/datanode-3/data/ratis] (custom)
2019-09-26 16:41:47,645 [main] INFO  hdfs.DFSUtil (DFSUtil.java:httpServerTemplateForNNAndJN(1641)) - Starting Web-server for hddsDatanode at: http://0.0.0.0:0
2019-09-26 16:41:47,646 [main] INFO  server.AuthenticationFilter (AuthenticationFilter.java:constructSecretProvider(240)) - Unable to initialize FileSignerSecretProvider, falling back to use random secrets.
2019-09-26 16:41:47,647 [main] WARN  http.HttpRequestLog (HttpRequestLog.java:getRequestLog(97)) - Jetty request log can only be enabled using Log4j
2019-09-26 16:41:47,648 [main] INFO  http.HttpServer2 (HttpServer2.java:addGlobalFilter(975)) - Added global filter 'safety' (class=org.apache.hadoop.http.HttpServer2$QuotingInputFilter)
2019-09-26 16:41:47,648 [main] INFO  http.HttpServer2 (HttpServer2.java:addFilter(948)) - Added filter static_user_filter (class=org.apache.hadoop.http.lib.StaticUserWebFilter$StaticUserFilter) to context hddsDatanode
2019-09-26 16:41:47,648 [main] INFO  http.HttpServer2 (HttpServer2.java:addFilter(958)) - Added filter static_user_filter (class=org.apache.hadoop.http.lib.StaticUserWebFilter$StaticUserFilter) to context static
2019-09-26 16:41:47,649 [main] INFO  http.HttpServer2 (HttpServer2.java:addFilter(958)) - Added filter static_user_filter (class=org.apache.hadoop.http.lib.StaticUserWebFilter$StaticUserFilter) to context logs
2019-09-26 16:41:47,649 [main] INFO  http.HttpServer2 (HttpServer2.java:bindListener(1191)) - Jetty bound to port 39538
2019-09-26 16:41:47,649 [main] INFO  server.Server (Server.java:doStart(351)) - jetty-9.3.25.v20180904, build timestamp: 2018-09-04T21:11:46Z, git hash: 3ce520221d0240229c862b122d2b06c12a625732
2019-09-26 16:41:47,651 [main] INFO  handler.ContextHandler (ContextHandler.java:doStart(781)) - Started o.e.j.s.ServletContextHandler@7742a45c{/logs,file:///workdir/hadoop-ozone/integration-test/target/log,AVAILABLE}
2019-09-26 16:41:47,651 [main] INFO  handler.ContextHandler (ContextHandler.java:doStart(781)) - Started o.e.j.s.ServletContextHandler@14fc9bd{/static,jar:file:/home/user/.m2/repository/org/apache/hadoop/hadoop-hdds-container-service/0.5.0-SNAPSHOT/hadoop-hdds-container-service-0.5.0-SNAPSHOT.jar!/webapps/static,AVAILABLE}
2019-09-26 16:41:47,678 [main] INFO  handler.ContextHandler (ContextHandler.java:doStart(781)) - Started o.e.j.w.WebAppContext@3dbd7107{/,file:///tmp/jetty-0.0.0.0-39538-hddsDatanode-_-any-969239964101104617.dir/webapp/,AVAILABLE}{/hddsDatanode}
2019-09-26 16:41:47,678 [main] INFO  server.AbstractConnector (AbstractConnector.java:doStart(278)) - Started ServerConnector@4a6c0f38{HTTP/1.1,[http/1.1]}{0.0.0.0:39538}
2019-09-26 16:41:47,678 [main] INFO  server.Server (Server.java:doStart(419)) - Started @435529ms
2019-09-26 16:41:47,680 [main] WARN  impl.MetricsSystemImpl (MetricsSystemImpl.java:register(276)) - Sink prometheus already exists!
2019-09-26 16:41:47,680 [main] INFO  server.BaseHttpServer (BaseHttpServer.java:updateConnectorAddress(215)) - HTTP server of HDDSDATANODE is listening at http://0.0.0.0:39538
2019-09-26 16:41:47,681 [main] INFO  impl.MetricsSystemImpl (MetricsSystemImpl.java:init(158)) - HddsDatanode metrics system started (again)
2019-09-26 16:41:47,684 [main] INFO  ozone.HddsDatanodeService (HddsDatanodeService.java:start(184)) - HddsDatanodeService host:pr-hdds-2162-htzpk-1451759861 ip:192.168.157.234
2019-09-26 16:41:47,684 [org.apache.hadoop.util.JvmPauseMonitor$Monitor@1bb68a] INFO  util.JvmPauseMonitor (JvmPauseMonitor.java:run(188)) - Starting JVM pause monitor
2019-09-26 16:41:47,685 [Datanode State Machine Thread - 0] INFO  datanode.InitDatanodeState (InitDatanodeState.java:persistContainerDatanodeDetails(140)) - DatanodeDetails is persisted to /workdir/hadoop-ozone/integration-test/target/test-dir/MiniOzoneClusterImpl-3c389332-0e16-4a63-91ed-68711720325b/datanode-3/meta/datanode.id
2019-09-26 16:41:47,690 [main] INFO  volume.HddsVolume (HddsVolume.java:<init>(176)) - Creating Volume: /workdir/hadoop-ozone/integration-test/target/test-dir/MiniOzoneClusterImpl-3c389332-0e16-4a63-91ed-68711720325b/datanode-4/data/containers/hdds of  storage type : DISK and capacity : 1482555576320
2019-09-26 16:41:47,690 [main] INFO  volume.VolumeSet (VolumeSet.java:initializeVolumeSet(170)) - Added Volume : /workdir/hadoop-ozone/integration-test/target/test-dir/MiniOzoneClusterImpl-3c389332-0e16-4a63-91ed-68711720325b/datanode-4/data/containers/hdds to VolumeSet
2019-09-26 16:41:47,691 [main] INFO  volume.ThrottledAsyncChecker (ThrottledAsyncChecker.java:schedule(139)) - Scheduling a check for org.apache.hadoop.ozone.container.common.volume.HddsVolume@2d313c8c
2019-09-26 16:41:47,691 [main] INFO  volume.HddsVolumeChecker (HddsVolumeChecker.java:checkAllVolumes(202)) - Scheduled health check for volume org.apache.hadoop.ozone.container.common.volume.HddsVolume@2d313c8c
2019-09-26 16:41:47,703 [main] INFO  impl.RaftServerProxy (ConfUtils.java:logGet(43)) - raft.rpc.type = GRPC (default)
2019-09-26 16:41:47,704 [main] INFO  grpc.GrpcFactory (GrpcFactory.java:checkPooledByteBufAllocatorUseCacheForAllThreads(45)) - PERFORMANCE WARNING: useCacheForAllThreads is true that may cause Netty to create a lot garbage objects and, as a result, trigger GC.
	It is recommended to disable useCacheForAllThreads by setting -Dorg.apache.ratis.thirdparty.io.netty.allocator.useCacheForAllThreads=false in command line.
2019-09-26 16:41:47,704 [main] INFO  grpc.GrpcConfigKeys$Server (ConfUtils.java:logGet(43)) - raft.grpc.server.port = 0 (default)
2019-09-26 16:41:47,704 [main] INFO  server.GrpcService (ConfUtils.java:logGet(43)) - raft.grpc.message.size.max = 33570816 (custom)
2019-09-26 16:41:47,704 [main] INFO  server.RaftServerConfigKeys (ConfUtils.java:logGet(43)) - raft.server.log.appender.buffer.byte-limit = 33554432 (custom)
2019-09-26 16:41:47,704 [main] INFO  server.GrpcService (ConfUtils.java:logGet(43)) - raft.grpc.flow.control.window = 1MB (=1048576) (default)
2019-09-26 16:41:47,704 [main] INFO  server.RaftServerConfigKeys (ConfUtils.java:logGet(43)) - raft.server.rpc.request.timeout = 3000ms (default)
2019-09-26 16:41:47,705 [main] INFO  server.RaftServerConfigKeys (ConfUtils.java:logGet(43)) - raft.server.storage.dir = [/workdir/hadoop-ozone/integration-test/target/test-dir/MiniOzoneClusterImpl-3c389332-0e16-4a63-91ed-68711720325b/datanode-4/data/ratis] (custom)
2019-09-26 16:41:47,706 [main] INFO  hdfs.DFSUtil (DFSUtil.java:httpServerTemplateForNNAndJN(1641)) - Starting Web-server for hddsDatanode at: http://0.0.0.0:0
2019-09-26 16:41:47,707 [main] INFO  server.AuthenticationFilter (AuthenticationFilter.java:constructSecretProvider(240)) - Unable to initialize FileSignerSecretProvider, falling back to use random secrets.
2019-09-26 16:41:47,707 [main] WARN  http.HttpRequestLog (HttpRequestLog.java:getRequestLog(97)) - Jetty request log can only be enabled using Log4j
2019-09-26 16:41:47,708 [main] INFO  http.HttpServer2 (HttpServer2.java:addGlobalFilter(975)) - Added global filter 'safety' (class=org.apache.hadoop.http.HttpServer2$QuotingInputFilter)
2019-09-26 16:41:47,709 [main] INFO  http.HttpServer2 (HttpServer2.java:addFilter(948)) - Added filter static_user_filter (class=org.apache.hadoop.http.lib.StaticUserWebFilter$StaticUserFilter) to context hddsDatanode
2019-09-26 16:41:47,709 [main] INFO  http.HttpServer2 (HttpServer2.java:addFilter(958)) - Added filter static_user_filter (class=org.apache.hadoop.http.lib.StaticUserWebFilter$StaticUserFilter) to context logs
2019-09-26 16:41:47,709 [main] INFO  http.HttpServer2 (HttpServer2.java:addFilter(958)) - Added filter static_user_filter (class=org.apache.hadoop.http.lib.StaticUserWebFilter$StaticUserFilter) to context static
2019-09-26 16:41:47,710 [main] INFO  http.HttpServer2 (HttpServer2.java:bindListener(1191)) - Jetty bound to port 37369
2019-09-26 16:41:47,710 [main] INFO  server.Server (Server.java:doStart(351)) - jetty-9.3.25.v20180904, build timestamp: 2018-09-04T21:11:46Z, git hash: 3ce520221d0240229c862b122d2b06c12a625732
2019-09-26 16:41:47,711 [main] INFO  handler.ContextHandler (ContextHandler.java:doStart(781)) - Started o.e.j.s.ServletContextHandler@36f6e521{/logs,file:///workdir/hadoop-ozone/integration-test/target/log,AVAILABLE}
2019-09-26 16:41:47,712 [main] INFO  handler.ContextHandler (ContextHandler.java:doStart(781)) - Started o.e.j.s.ServletContextHandler@30922f8d{/static,jar:file:/home/user/.m2/repository/org/apache/hadoop/hadoop-hdds-container-service/0.5.0-SNAPSHOT/hadoop-hdds-container-service-0.5.0-SNAPSHOT.jar!/webapps/static,AVAILABLE}
2019-09-26 16:41:47,738 [main] INFO  handler.ContextHandler (ContextHandler.java:doStart(781)) - Started o.e.j.w.WebAppContext@29013ef2{/,file:///tmp/jetty-0.0.0.0-37369-hddsDatanode-_-any-3026734854107420230.dir/webapp/,AVAILABLE}{/hddsDatanode}
2019-09-26 16:41:47,739 [main] INFO  server.AbstractConnector (AbstractConnector.java:doStart(278)) - Started ServerConnector@265c1a7c{HTTP/1.1,[http/1.1]}{0.0.0.0:37369}
2019-09-26 16:41:47,739 [main] INFO  server.Server (Server.java:doStart(419)) - Started @435589ms
2019-09-26 16:41:47,743 [main] WARN  impl.MetricsSystemImpl (MetricsSystemImpl.java:register(276)) - Sink prometheus already exists!
2019-09-26 16:41:47,744 [main] INFO  server.BaseHttpServer (BaseHttpServer.java:updateConnectorAddress(215)) - HTTP server of HDDSDATANODE is listening at http://0.0.0.0:37369
2019-09-26 16:41:47,745 [main] INFO  impl.MetricsSystemImpl (MetricsSystemImpl.java:init(158)) - HddsDatanode metrics system started (again)
2019-09-26 16:41:47,748 [main] INFO  ozone.HddsDatanodeService (HddsDatanodeService.java:start(184)) - HddsDatanodeService host:pr-hdds-2162-htzpk-1451759861 ip:192.168.157.234
2019-09-26 16:41:47,749 [org.apache.hadoop.util.JvmPauseMonitor$Monitor@5df2fbf9] INFO  util.JvmPauseMonitor (JvmPauseMonitor.java:run(188)) - Starting JVM pause monitor
2019-09-26 16:41:47,750 [Datanode State Machine Thread - 0] INFO  datanode.InitDatanodeState (InitDatanodeState.java:persistContainerDatanodeDetails(140)) - DatanodeDetails is persisted to /workdir/hadoop-ozone/integration-test/target/test-dir/MiniOzoneClusterImpl-3c389332-0e16-4a63-91ed-68711720325b/datanode-4/meta/datanode.id
2019-09-26 16:41:47,754 [main] INFO  volume.HddsVolume (HddsVolume.java:<init>(176)) - Creating Volume: /workdir/hadoop-ozone/integration-test/target/test-dir/MiniOzoneClusterImpl-3c389332-0e16-4a63-91ed-68711720325b/datanode-5/data/containers/hdds of  storage type : DISK and capacity : 1482555576320
2019-09-26 16:41:47,755 [main] INFO  volume.VolumeSet (VolumeSet.java:initializeVolumeSet(170)) - Added Volume : /workdir/hadoop-ozone/integration-test/target/test-dir/MiniOzoneClusterImpl-3c389332-0e16-4a63-91ed-68711720325b/datanode-5/data/containers/hdds to VolumeSet
2019-09-26 16:41:47,755 [main] INFO  volume.ThrottledAsyncChecker (ThrottledAsyncChecker.java:schedule(139)) - Scheduling a check for org.apache.hadoop.ozone.container.common.volume.HddsVolume@64021427
2019-09-26 16:41:47,755 [main] INFO  volume.HddsVolumeChecker (HddsVolumeChecker.java:checkAllVolumes(202)) - Scheduled health check for volume org.apache.hadoop.ozone.container.common.volume.HddsVolume@64021427
2019-09-26 16:41:47,767 [main] INFO  impl.RaftServerProxy (ConfUtils.java:logGet(43)) - raft.rpc.type = GRPC (default)
2019-09-26 16:41:47,767 [main] INFO  grpc.GrpcFactory (GrpcFactory.java:checkPooledByteBufAllocatorUseCacheForAllThreads(45)) - PERFORMANCE WARNING: useCacheForAllThreads is true that may cause Netty to create a lot garbage objects and, as a result, trigger GC.
	It is recommended to disable useCacheForAllThreads by setting -Dorg.apache.ratis.thirdparty.io.netty.allocator.useCacheForAllThreads=false in command line.
2019-09-26 16:41:47,768 [main] INFO  grpc.GrpcConfigKeys$Server (ConfUtils.java:logGet(43)) - raft.grpc.server.port = 0 (default)
2019-09-26 16:41:47,768 [main] INFO  server.GrpcService (ConfUtils.java:logGet(43)) - raft.grpc.message.size.max = 33570816 (custom)
2019-09-26 16:41:47,768 [main] INFO  server.RaftServerConfigKeys (ConfUtils.java:logGet(43)) - raft.server.log.appender.buffer.byte-limit = 33554432 (custom)
2019-09-26 16:41:47,768 [main] INFO  server.GrpcService (ConfUtils.java:logGet(43)) - raft.grpc.flow.control.window = 1MB (=1048576) (default)
2019-09-26 16:41:47,768 [main] INFO  server.RaftServerConfigKeys (ConfUtils.java:logGet(43)) - raft.server.rpc.request.timeout = 3000ms (default)
2019-09-26 16:41:47,769 [main] INFO  server.RaftServerConfigKeys (ConfUtils.java:logGet(43)) - raft.server.storage.dir = [/workdir/hadoop-ozone/integration-test/target/test-dir/MiniOzoneClusterImpl-3c389332-0e16-4a63-91ed-68711720325b/datanode-5/data/ratis] (custom)
2019-09-26 16:41:47,770 [main] INFO  hdfs.DFSUtil (DFSUtil.java:httpServerTemplateForNNAndJN(1641)) - Starting Web-server for hddsDatanode at: http://0.0.0.0:0
2019-09-26 16:41:47,775 [main] INFO  server.AuthenticationFilter (AuthenticationFilter.java:constructSecretProvider(240)) - Unable to initialize FileSignerSecretProvider, falling back to use random secrets.
2019-09-26 16:41:47,775 [main] WARN  http.HttpRequestLog (HttpRequestLog.java:getRequestLog(97)) - Jetty request log can only be enabled using Log4j
2019-09-26 16:41:47,776 [main] INFO  http.HttpServer2 (HttpServer2.java:addGlobalFilter(975)) - Added global filter 'safety' (class=org.apache.hadoop.http.HttpServer2$QuotingInputFilter)
2019-09-26 16:41:47,777 [main] INFO  http.HttpServer2 (HttpServer2.java:addFilter(948)) - Added filter static_user_filter (class=org.apache.hadoop.http.lib.StaticUserWebFilter$StaticUserFilter) to context hddsDatanode
2019-09-26 16:41:47,777 [main] INFO  http.HttpServer2 (HttpServer2.java:addFilter(958)) - Added filter static_user_filter (class=org.apache.hadoop.http.lib.StaticUserWebFilter$StaticUserFilter) to context logs
2019-09-26 16:41:47,777 [main] INFO  http.HttpServer2 (HttpServer2.java:addFilter(958)) - Added filter static_user_filter (class=org.apache.hadoop.http.lib.StaticUserWebFilter$StaticUserFilter) to context static
2019-09-26 16:41:47,777 [main] INFO  http.HttpServer2 (HttpServer2.java:bindListener(1191)) - Jetty bound to port 36773
2019-09-26 16:41:47,777 [main] INFO  server.Server (Server.java:doStart(351)) - jetty-9.3.25.v20180904, build timestamp: 2018-09-04T21:11:46Z, git hash: 3ce520221d0240229c862b122d2b06c12a625732
2019-09-26 16:41:47,779 [main] INFO  handler.ContextHandler (ContextHandler.java:doStart(781)) - Started o.e.j.s.ServletContextHandler@73bb1337{/logs,file:///workdir/hadoop-ozone/integration-test/target/log,AVAILABLE}
2019-09-26 16:41:47,779 [main] INFO  handler.ContextHandler (ContextHandler.java:doStart(781)) - Started o.e.j.s.ServletContextHandler@3830b06c{/static,jar:file:/home/user/.m2/repository/org/apache/hadoop/hadoop-hdds-container-service/0.5.0-SNAPSHOT/hadoop-hdds-container-service-0.5.0-SNAPSHOT.jar!/webapps/static,AVAILABLE}
2019-09-26 16:41:47,806 [main] INFO  handler.ContextHandler (ContextHandler.java:doStart(781)) - Started o.e.j.w.WebAppContext@14b275bd{/,file:///tmp/jetty-0.0.0.0-36773-hddsDatanode-_-any-3964493224687012862.dir/webapp/,AVAILABLE}{/hddsDatanode}
2019-09-26 16:41:47,806 [main] INFO  server.AbstractConnector (AbstractConnector.java:doStart(278)) - Started ServerConnector@4ed18798{HTTP/1.1,[http/1.1]}{0.0.0.0:36773}
2019-09-26 16:41:47,807 [main] INFO  server.Server (Server.java:doStart(419)) - Started @435657ms
2019-09-26 16:41:47,808 [main] WARN  impl.MetricsSystemImpl (MetricsSystemImpl.java:register(276)) - Sink prometheus already exists!
2019-09-26 16:41:47,808 [main] INFO  server.BaseHttpServer (BaseHttpServer.java:updateConnectorAddress(215)) - HTTP server of HDDSDATANODE is listening at http://0.0.0.0:36773
2019-09-26 16:41:47,809 [main] INFO  impl.MetricsSystemImpl (MetricsSystemImpl.java:init(158)) - HddsDatanode metrics system started (again)
2019-09-26 16:41:47,813 [main] INFO  ozone.HddsDatanodeService (HddsDatanodeService.java:start(184)) - HddsDatanodeService host:pr-hdds-2162-htzpk-1451759861 ip:192.168.157.234
2019-09-26 16:41:47,813 [org.apache.hadoop.util.JvmPauseMonitor$Monitor@4ea37fbf] INFO  util.JvmPauseMonitor (JvmPauseMonitor.java:run(188)) - Starting JVM pause monitor
2019-09-26 16:41:47,815 [Datanode State Machine Thread - 0] INFO  datanode.InitDatanodeState (InitDatanodeState.java:persistContainerDatanodeDetails(140)) - DatanodeDetails is persisted to /workdir/hadoop-ozone/integration-test/target/test-dir/MiniOzoneClusterImpl-3c389332-0e16-4a63-91ed-68711720325b/datanode-5/meta/datanode.id
2019-09-26 16:41:47,819 [main] INFO  volume.HddsVolume (HddsVolume.java:<init>(176)) - Creating Volume: /workdir/hadoop-ozone/integration-test/target/test-dir/MiniOzoneClusterImpl-3c389332-0e16-4a63-91ed-68711720325b/datanode-6/data/containers/hdds of  storage type : DISK and capacity : 1482555576320
2019-09-26 16:41:47,820 [main] INFO  volume.VolumeSet (VolumeSet.java:initializeVolumeSet(170)) - Added Volume : /workdir/hadoop-ozone/integration-test/target/test-dir/MiniOzoneClusterImpl-3c389332-0e16-4a63-91ed-68711720325b/datanode-6/data/containers/hdds to VolumeSet
2019-09-26 16:41:47,820 [main] INFO  volume.ThrottledAsyncChecker (ThrottledAsyncChecker.java:schedule(139)) - Scheduling a check for org.apache.hadoop.ozone.container.common.volume.HddsVolume@1653b84e
2019-09-26 16:41:47,820 [main] INFO  volume.HddsVolumeChecker (HddsVolumeChecker.java:checkAllVolumes(202)) - Scheduled health check for volume org.apache.hadoop.ozone.container.common.volume.HddsVolume@1653b84e
2019-09-26 16:41:47,834 [main] INFO  impl.RaftServerProxy (ConfUtils.java:logGet(43)) - raft.rpc.type = GRPC (default)
2019-09-26 16:41:47,834 [main] INFO  grpc.GrpcFactory (GrpcFactory.java:checkPooledByteBufAllocatorUseCacheForAllThreads(45)) - PERFORMANCE WARNING: useCacheForAllThreads is true that may cause Netty to create a lot garbage objects and, as a result, trigger GC.
	It is recommended to disable useCacheForAllThreads by setting -Dorg.apache.ratis.thirdparty.io.netty.allocator.useCacheForAllThreads=false in command line.
2019-09-26 16:41:47,834 [main] INFO  grpc.GrpcConfigKeys$Server (ConfUtils.java:logGet(43)) - raft.grpc.server.port = 0 (default)
2019-09-26 16:41:47,834 [main] INFO  server.GrpcService (ConfUtils.java:logGet(43)) - raft.grpc.message.size.max = 33570816 (custom)
2019-09-26 16:41:47,834 [main] INFO  server.RaftServerConfigKeys (ConfUtils.java:logGet(43)) - raft.server.log.appender.buffer.byte-limit = 33554432 (custom)
2019-09-26 16:41:47,835 [main] INFO  server.GrpcService (ConfUtils.java:logGet(43)) - raft.grpc.flow.control.window = 1MB (=1048576) (default)
2019-09-26 16:41:47,835 [main] INFO  server.RaftServerConfigKeys (ConfUtils.java:logGet(43)) - raft.server.rpc.request.timeout = 3000ms (default)
2019-09-26 16:41:47,835 [main] INFO  server.RaftServerConfigKeys (ConfUtils.java:logGet(43)) - raft.server.storage.dir = [/workdir/hadoop-ozone/integration-test/target/test-dir/MiniOzoneClusterImpl-3c389332-0e16-4a63-91ed-68711720325b/datanode-6/data/ratis] (custom)
2019-09-26 16:41:47,836 [main] INFO  hdfs.DFSUtil (DFSUtil.java:httpServerTemplateForNNAndJN(1641)) - Starting Web-server for hddsDatanode at: http://0.0.0.0:0
2019-09-26 16:41:47,837 [main] INFO  server.AuthenticationFilter (AuthenticationFilter.java:constructSecretProvider(240)) - Unable to initialize FileSignerSecretProvider, falling back to use random secrets.
2019-09-26 16:41:47,838 [main] WARN  http.HttpRequestLog (HttpRequestLog.java:getRequestLog(97)) - Jetty request log can only be enabled using Log4j
2019-09-26 16:41:47,839 [main] INFO  http.HttpServer2 (HttpServer2.java:addGlobalFilter(975)) - Added global filter 'safety' (class=org.apache.hadoop.http.HttpServer2$QuotingInputFilter)
2019-09-26 16:41:47,839 [main] INFO  http.HttpServer2 (HttpServer2.java:addFilter(948)) - Added filter static_user_filter (class=org.apache.hadoop.http.lib.StaticUserWebFilter$StaticUserFilter) to context hddsDatanode
2019-09-26 16:41:47,839 [main] INFO  http.HttpServer2 (HttpServer2.java:addFilter(958)) - Added filter static_user_filter (class=org.apache.hadoop.http.lib.StaticUserWebFilter$StaticUserFilter) to context logs
2019-09-26 16:41:47,839 [main] INFO  http.HttpServer2 (HttpServer2.java:addFilter(958)) - Added filter static_user_filter (class=org.apache.hadoop.http.lib.StaticUserWebFilter$StaticUserFilter) to context static
2019-09-26 16:41:47,840 [main] INFO  http.HttpServer2 (HttpServer2.java:bindListener(1191)) - Jetty bound to port 39100
2019-09-26 16:41:47,840 [main] INFO  server.Server (Server.java:doStart(351)) - jetty-9.3.25.v20180904, build timestamp: 2018-09-04T21:11:46Z, git hash: 3ce520221d0240229c862b122d2b06c12a625732
2019-09-26 16:41:47,841 [main] INFO  handler.ContextHandler (ContextHandler.java:doStart(781)) - Started o.e.j.s.ServletContextHandler@5600a5da{/logs,file:///workdir/hadoop-ozone/integration-test/target/log,AVAILABLE}
2019-09-26 16:41:47,842 [main] INFO  handler.ContextHandler (ContextHandler.java:doStart(781)) - Started o.e.j.s.ServletContextHandler@269222ae{/static,jar:file:/home/user/.m2/repository/org/apache/hadoop/hadoop-hdds-container-service/0.5.0-SNAPSHOT/hadoop-hdds-container-service-0.5.0-SNAPSHOT.jar!/webapps/static,AVAILABLE}
2019-09-26 16:41:47,868 [main] INFO  handler.ContextHandler (ContextHandler.java:doStart(781)) - Started o.e.j.w.WebAppContext@2bebd114{/,file:///tmp/jetty-0.0.0.0-39100-hddsDatanode-_-any-5361852024687291053.dir/webapp/,AVAILABLE}{/hddsDatanode}
2019-09-26 16:41:47,868 [main] INFO  server.AbstractConnector (AbstractConnector.java:doStart(278)) - Started ServerConnector@b379bc6{HTTP/1.1,[http/1.1]}{0.0.0.0:39100}
2019-09-26 16:41:47,869 [main] INFO  server.Server (Server.java:doStart(419)) - Started @435719ms
2019-09-26 16:41:47,870 [main] WARN  impl.MetricsSystemImpl (MetricsSystemImpl.java:register(276)) - Sink prometheus already exists!
2019-09-26 16:41:47,871 [main] INFO  server.BaseHttpServer (BaseHttpServer.java:updateConnectorAddress(215)) - HTTP server of HDDSDATANODE is listening at http://0.0.0.0:39100
2019-09-26 16:41:47,871 [main] INFO  impl.MetricsSystemImpl (MetricsSystemImpl.java:init(158)) - HddsDatanode metrics system started (again)
2019-09-26 16:41:47,875 [main] INFO  ozone.HddsDatanodeService (HddsDatanodeService.java:start(184)) - HddsDatanodeService host:pr-hdds-2162-htzpk-1451759861 ip:192.168.157.234
2019-09-26 16:41:47,876 [org.apache.hadoop.util.JvmPauseMonitor$Monitor@63563026] INFO  util.JvmPauseMonitor (JvmPauseMonitor.java:run(188)) - Starting JVM pause monitor
2019-09-26 16:41:47,877 [Datanode State Machine Thread - 0] INFO  datanode.InitDatanodeState (InitDatanodeState.java:persistContainerDatanodeDetails(140)) - DatanodeDetails is persisted to /workdir/hadoop-ozone/integration-test/target/test-dir/MiniOzoneClusterImpl-3c389332-0e16-4a63-91ed-68711720325b/datanode-6/meta/datanode.id
2019-09-26 16:41:47,882 [main] INFO  volume.HddsVolume (HddsVolume.java:<init>(176)) - Creating Volume: /workdir/hadoop-ozone/integration-test/target/test-dir/MiniOzoneClusterImpl-3c389332-0e16-4a63-91ed-68711720325b/datanode-7/data/containers/hdds of  storage type : DISK and capacity : 1482555576320
2019-09-26 16:41:47,882 [main] INFO  volume.VolumeSet (VolumeSet.java:initializeVolumeSet(170)) - Added Volume : /workdir/hadoop-ozone/integration-test/target/test-dir/MiniOzoneClusterImpl-3c389332-0e16-4a63-91ed-68711720325b/datanode-7/data/containers/hdds to VolumeSet
2019-09-26 16:41:47,882 [main] INFO  volume.ThrottledAsyncChecker (ThrottledAsyncChecker.java:schedule(139)) - Scheduling a check for org.apache.hadoop.ozone.container.common.volume.HddsVolume@4966bab1
2019-09-26 16:41:47,883 [main] INFO  volume.HddsVolumeChecker (HddsVolumeChecker.java:checkAllVolumes(202)) - Scheduled health check for volume org.apache.hadoop.ozone.container.common.volume.HddsVolume@4966bab1
2019-09-26 16:41:47,898 [main] INFO  impl.RaftServerProxy (ConfUtils.java:logGet(43)) - raft.rpc.type = GRPC (default)
2019-09-26 16:41:47,899 [main] INFO  grpc.GrpcFactory (GrpcFactory.java:checkPooledByteBufAllocatorUseCacheForAllThreads(45)) - PERFORMANCE WARNING: useCacheForAllThreads is true that may cause Netty to create a lot garbage objects and, as a result, trigger GC.
	It is recommended to disable useCacheForAllThreads by setting -Dorg.apache.ratis.thirdparty.io.netty.allocator.useCacheForAllThreads=false in command line.
2019-09-26 16:41:47,899 [main] INFO  grpc.GrpcConfigKeys$Server (ConfUtils.java:logGet(43)) - raft.grpc.server.port = 0 (default)
2019-09-26 16:41:47,899 [main] INFO  server.GrpcService (ConfUtils.java:logGet(43)) - raft.grpc.message.size.max = 33570816 (custom)
2019-09-26 16:41:47,899 [main] INFO  server.RaftServerConfigKeys (ConfUtils.java:logGet(43)) - raft.server.log.appender.buffer.byte-limit = 33554432 (custom)
2019-09-26 16:41:47,900 [main] INFO  server.GrpcService (ConfUtils.java:logGet(43)) - raft.grpc.flow.control.window = 1MB (=1048576) (default)
2019-09-26 16:41:47,900 [main] INFO  server.RaftServerConfigKeys (ConfUtils.java:logGet(43)) - raft.server.rpc.request.timeout = 3000ms (default)
2019-09-26 16:41:47,900 [main] INFO  server.RaftServerConfigKeys (ConfUtils.java:logGet(43)) - raft.server.storage.dir = [/workdir/hadoop-ozone/integration-test/target/test-dir/MiniOzoneClusterImpl-3c389332-0e16-4a63-91ed-68711720325b/datanode-7/data/ratis] (custom)
2019-09-26 16:41:47,902 [main] INFO  hdfs.DFSUtil (DFSUtil.java:httpServerTemplateForNNAndJN(1641)) - Starting Web-server for hddsDatanode at: http://0.0.0.0:0
2019-09-26 16:41:47,903 [main] INFO  server.AuthenticationFilter (AuthenticationFilter.java:constructSecretProvider(240)) - Unable to initialize FileSignerSecretProvider, falling back to use random secrets.
2019-09-26 16:41:47,903 [main] WARN  http.HttpRequestLog (HttpRequestLog.java:getRequestLog(97)) - Jetty request log can only be enabled using Log4j
2019-09-26 16:41:47,904 [main] INFO  http.HttpServer2 (HttpServer2.java:addGlobalFilter(975)) - Added global filter 'safety' (class=org.apache.hadoop.http.HttpServer2$QuotingInputFilter)
2019-09-26 16:41:47,904 [main] INFO  http.HttpServer2 (HttpServer2.java:addFilter(948)) - Added filter static_user_filter (class=org.apache.hadoop.http.lib.StaticUserWebFilter$StaticUserFilter) to context hddsDatanode
2019-09-26 16:41:47,905 [main] INFO  http.HttpServer2 (HttpServer2.java:addFilter(958)) - Added filter static_user_filter (class=org.apache.hadoop.http.lib.StaticUserWebFilter$StaticUserFilter) to context static
2019-09-26 16:41:47,905 [main] INFO  http.HttpServer2 (HttpServer2.java:addFilter(958)) - Added filter static_user_filter (class=org.apache.hadoop.http.lib.StaticUserWebFilter$StaticUserFilter) to context logs
2019-09-26 16:41:47,905 [main] INFO  http.HttpServer2 (HttpServer2.java:bindListener(1191)) - Jetty bound to port 38440
2019-09-26 16:41:47,905 [main] INFO  server.Server (Server.java:doStart(351)) - jetty-9.3.25.v20180904, build timestamp: 2018-09-04T21:11:46Z, git hash: 3ce520221d0240229c862b122d2b06c12a625732
2019-09-26 16:41:47,907 [main] INFO  handler.ContextHandler (ContextHandler.java:doStart(781)) - Started o.e.j.s.ServletContextHandler@3db65c0d{/logs,file:///workdir/hadoop-ozone/integration-test/target/log,AVAILABLE}
2019-09-26 16:41:47,907 [main] INFO  handler.ContextHandler (ContextHandler.java:doStart(781)) - Started o.e.j.s.ServletContextHandler@8c43966{/static,jar:file:/home/user/.m2/repository/org/apache/hadoop/hadoop-hdds-container-service/0.5.0-SNAPSHOT/hadoop-hdds-container-service-0.5.0-SNAPSHOT.jar!/webapps/static,AVAILABLE}
2019-09-26 16:41:47,934 [main] INFO  handler.ContextHandler (ContextHandler.java:doStart(781)) - Started o.e.j.w.WebAppContext@582e9152{/,file:///tmp/jetty-0.0.0.0-38440-hddsDatanode-_-any-6259743938905213001.dir/webapp/,AVAILABLE}{/hddsDatanode}
2019-09-26 16:41:47,934 [main] INFO  server.AbstractConnector (AbstractConnector.java:doStart(278)) - Started ServerConnector@7a31ca20{HTTP/1.1,[http/1.1]}{0.0.0.0:38440}
2019-09-26 16:41:47,935 [main] INFO  server.Server (Server.java:doStart(419)) - Started @435785ms
2019-09-26 16:41:47,936 [main] WARN  impl.MetricsSystemImpl (MetricsSystemImpl.java:register(276)) - Sink prometheus already exists!
2019-09-26 16:41:47,937 [main] INFO  server.BaseHttpServer (BaseHttpServer.java:updateConnectorAddress(215)) - HTTP server of HDDSDATANODE is listening at http://0.0.0.0:38440
2019-09-26 16:41:47,937 [main] INFO  impl.MetricsSystemImpl (MetricsSystemImpl.java:init(158)) - HddsDatanode metrics system started (again)
2019-09-26 16:41:47,942 [main] INFO  ozone.HddsDatanodeService (HddsDatanodeService.java:start(184)) - HddsDatanodeService host:pr-hdds-2162-htzpk-1451759861 ip:192.168.157.234
2019-09-26 16:41:47,942 [org.apache.hadoop.util.JvmPauseMonitor$Monitor@7ed9cc09] INFO  util.JvmPauseMonitor (JvmPauseMonitor.java:run(188)) - Starting JVM pause monitor
2019-09-26 16:41:47,943 [Datanode State Machine Thread - 0] INFO  datanode.InitDatanodeState (InitDatanodeState.java:persistContainerDatanodeDetails(140)) - DatanodeDetails is persisted to /workdir/hadoop-ozone/integration-test/target/test-dir/MiniOzoneClusterImpl-3c389332-0e16-4a63-91ed-68711720325b/datanode-7/meta/datanode.id
2019-09-26 16:41:47,948 [main] INFO  volume.HddsVolume (HddsVolume.java:<init>(176)) - Creating Volume: /workdir/hadoop-ozone/integration-test/target/test-dir/MiniOzoneClusterImpl-3c389332-0e16-4a63-91ed-68711720325b/datanode-8/data/containers/hdds of  storage type : DISK and capacity : 1482555576320
2019-09-26 16:41:47,948 [main] INFO  volume.VolumeSet (VolumeSet.java:initializeVolumeSet(170)) - Added Volume : /workdir/hadoop-ozone/integration-test/target/test-dir/MiniOzoneClusterImpl-3c389332-0e16-4a63-91ed-68711720325b/datanode-8/data/containers/hdds to VolumeSet
2019-09-26 16:41:47,948 [main] INFO  volume.ThrottledAsyncChecker (ThrottledAsyncChecker.java:schedule(139)) - Scheduling a check for org.apache.hadoop.ozone.container.common.volume.HddsVolume@4b9dbf07
2019-09-26 16:41:47,949 [main] INFO  volume.HddsVolumeChecker (HddsVolumeChecker.java:checkAllVolumes(202)) - Scheduled health check for volume org.apache.hadoop.ozone.container.common.volume.HddsVolume@4b9dbf07
2019-09-26 16:41:47,960 [main] INFO  impl.RaftServerProxy (ConfUtils.java:logGet(43)) - raft.rpc.type = GRPC (default)
2019-09-26 16:41:47,961 [main] INFO  grpc.GrpcFactory (GrpcFactory.java:checkPooledByteBufAllocatorUseCacheForAllThreads(45)) - PERFORMANCE WARNING: useCacheForAllThreads is true that may cause Netty to create a lot garbage objects and, as a result, trigger GC.
	It is recommended to disable useCacheForAllThreads by setting -Dorg.apache.ratis.thirdparty.io.netty.allocator.useCacheForAllThreads=false in command line.
2019-09-26 16:41:47,961 [main] INFO  grpc.GrpcConfigKeys$Server (ConfUtils.java:logGet(43)) - raft.grpc.server.port = 0 (default)
2019-09-26 16:41:47,961 [main] INFO  server.GrpcService (ConfUtils.java:logGet(43)) - raft.grpc.message.size.max = 33570816 (custom)
2019-09-26 16:41:47,962 [main] INFO  server.RaftServerConfigKeys (ConfUtils.java:logGet(43)) - raft.server.log.appender.buffer.byte-limit = 33554432 (custom)
2019-09-26 16:41:47,962 [main] INFO  server.GrpcService (ConfUtils.java:logGet(43)) - raft.grpc.flow.control.window = 1MB (=1048576) (default)
2019-09-26 16:41:47,962 [main] INFO  server.RaftServerConfigKeys (ConfUtils.java:logGet(43)) - raft.server.rpc.request.timeout = 3000ms (default)
2019-09-26 16:41:47,963 [main] INFO  server.RaftServerConfigKeys (ConfUtils.java:logGet(43)) - raft.server.storage.dir = [/workdir/hadoop-ozone/integration-test/target/test-dir/MiniOzoneClusterImpl-3c389332-0e16-4a63-91ed-68711720325b/datanode-8/data/ratis] (custom)
2019-09-26 16:41:47,965 [main] INFO  hdfs.DFSUtil (DFSUtil.java:httpServerTemplateForNNAndJN(1641)) - Starting Web-server for hddsDatanode at: http://0.0.0.0:0
2019-09-26 16:41:47,966 [main] INFO  server.AuthenticationFilter (AuthenticationFilter.java:constructSecretProvider(240)) - Unable to initialize FileSignerSecretProvider, falling back to use random secrets.
2019-09-26 16:41:47,966 [main] WARN  http.HttpRequestLog (HttpRequestLog.java:getRequestLog(97)) - Jetty request log can only be enabled using Log4j
2019-09-26 16:41:47,967 [main] INFO  http.HttpServer2 (HttpServer2.java:addGlobalFilter(975)) - Added global filter 'safety' (class=org.apache.hadoop.http.HttpServer2$QuotingInputFilter)
2019-09-26 16:41:47,968 [main] INFO  http.HttpServer2 (HttpServer2.java:addFilter(948)) - Added filter static_user_filter (class=org.apache.hadoop.http.lib.StaticUserWebFilter$StaticUserFilter) to context hddsDatanode
2019-09-26 16:41:47,968 [main] INFO  http.HttpServer2 (HttpServer2.java:addFilter(958)) - Added filter static_user_filter (class=org.apache.hadoop.http.lib.StaticUserWebFilter$StaticUserFilter) to context static
2019-09-26 16:41:47,968 [main] INFO  http.HttpServer2 (HttpServer2.java:addFilter(958)) - Added filter static_user_filter (class=org.apache.hadoop.http.lib.StaticUserWebFilter$StaticUserFilter) to context logs
2019-09-26 16:41:47,969 [main] INFO  http.HttpServer2 (HttpServer2.java:bindListener(1191)) - Jetty bound to port 46021
2019-09-26 16:41:47,969 [main] INFO  server.Server (Server.java:doStart(351)) - jetty-9.3.25.v20180904, build timestamp: 2018-09-04T21:11:46Z, git hash: 3ce520221d0240229c862b122d2b06c12a625732
2019-09-26 16:41:47,970 [main] INFO  handler.ContextHandler (ContextHandler.java:doStart(781)) - Started o.e.j.s.ServletContextHandler@6af65f29{/logs,file:///workdir/hadoop-ozone/integration-test/target/log,AVAILABLE}
2019-09-26 16:41:47,970 [main] INFO  handler.ContextHandler (ContextHandler.java:doStart(781)) - Started o.e.j.s.ServletContextHandler@3c81cd82{/static,jar:file:/home/user/.m2/repository/org/apache/hadoop/hadoop-hdds-container-service/0.5.0-SNAPSHOT/hadoop-hdds-container-service-0.5.0-SNAPSHOT.jar!/webapps/static,AVAILABLE}
2019-09-26 16:41:47,997 [main] INFO  handler.ContextHandler (ContextHandler.java:doStart(781)) - Started o.e.j.w.WebAppContext@5287ba5f{/,file:///tmp/jetty-0.0.0.0-46021-hddsDatanode-_-any-5060991325856641217.dir/webapp/,AVAILABLE}{/hddsDatanode}
2019-09-26 16:41:47,997 [main] INFO  server.AbstractConnector (AbstractConnector.java:doStart(278)) - Started ServerConnector@b768a65{HTTP/1.1,[http/1.1]}{0.0.0.0:46021}
2019-09-26 16:41:47,997 [main] INFO  server.Server (Server.java:doStart(419)) - Started @435848ms
2019-09-26 16:41:47,999 [main] WARN  impl.MetricsSystemImpl (MetricsSystemImpl.java:register(276)) - Sink prometheus already exists!
2019-09-26 16:41:48,000 [main] INFO  server.BaseHttpServer (BaseHttpServer.java:updateConnectorAddress(215)) - HTTP server of HDDSDATANODE is listening at http://0.0.0.0:46021
2019-09-26 16:41:48,000 [main] INFO  impl.MetricsSystemImpl (MetricsSystemImpl.java:init(158)) - HddsDatanode metrics system started (again)
2019-09-26 16:41:48,005 [main] INFO  ozone.HddsDatanodeService (HddsDatanodeService.java:start(184)) - HddsDatanodeService host:pr-hdds-2162-htzpk-1451759861 ip:192.168.157.234
2019-09-26 16:41:48,005 [org.apache.hadoop.util.JvmPauseMonitor$Monitor@4483c30d] INFO  util.JvmPauseMonitor (JvmPauseMonitor.java:run(188)) - Starting JVM pause monitor
2019-09-26 16:41:48,006 [Datanode State Machine Thread - 0] INFO  datanode.InitDatanodeState (InitDatanodeState.java:persistContainerDatanodeDetails(140)) - DatanodeDetails is persisted to /workdir/hadoop-ozone/integration-test/target/test-dir/MiniOzoneClusterImpl-3c389332-0e16-4a63-91ed-68711720325b/datanode-8/meta/datanode.id
2019-09-26 16:41:48,018 [main] INFO  volume.HddsVolume (HddsVolume.java:<init>(176)) - Creating Volume: /workdir/hadoop-ozone/integration-test/target/test-dir/MiniOzoneClusterImpl-3c389332-0e16-4a63-91ed-68711720325b/datanode-9/data/containers/hdds of  storage type : DISK and capacity : 1482555576320
2019-09-26 16:41:48,018 [main] INFO  volume.VolumeSet (VolumeSet.java:initializeVolumeSet(170)) - Added Volume : /workdir/hadoop-ozone/integration-test/target/test-dir/MiniOzoneClusterImpl-3c389332-0e16-4a63-91ed-68711720325b/datanode-9/data/containers/hdds to VolumeSet
2019-09-26 16:41:48,018 [main] INFO  volume.ThrottledAsyncChecker (ThrottledAsyncChecker.java:schedule(139)) - Scheduling a check for org.apache.hadoop.ozone.container.common.volume.HddsVolume@68631b1d
2019-09-26 16:41:48,018 [main] INFO  volume.HddsVolumeChecker (HddsVolumeChecker.java:checkAllVolumes(202)) - Scheduled health check for volume org.apache.hadoop.ozone.container.common.volume.HddsVolume@68631b1d
2019-09-26 16:41:48,031 [main] INFO  impl.RaftServerProxy (ConfUtils.java:logGet(43)) - raft.rpc.type = GRPC (default)
2019-09-26 16:41:48,031 [main] INFO  grpc.GrpcFactory (GrpcFactory.java:checkPooledByteBufAllocatorUseCacheForAllThreads(45)) - PERFORMANCE WARNING: useCacheForAllThreads is true that may cause Netty to create a lot garbage objects and, as a result, trigger GC.
	It is recommended to disable useCacheForAllThreads by setting -Dorg.apache.ratis.thirdparty.io.netty.allocator.useCacheForAllThreads=false in command line.
2019-09-26 16:41:48,031 [main] INFO  grpc.GrpcConfigKeys$Server (ConfUtils.java:logGet(43)) - raft.grpc.server.port = 0 (default)
2019-09-26 16:41:48,031 [main] INFO  server.GrpcService (ConfUtils.java:logGet(43)) - raft.grpc.message.size.max = 33570816 (custom)
2019-09-26 16:41:48,031 [main] INFO  server.RaftServerConfigKeys (ConfUtils.java:logGet(43)) - raft.server.log.appender.buffer.byte-limit = 33554432 (custom)
2019-09-26 16:41:48,032 [main] INFO  server.GrpcService (ConfUtils.java:logGet(43)) - raft.grpc.flow.control.window = 1MB (=1048576) (default)
2019-09-26 16:41:48,032 [main] INFO  server.RaftServerConfigKeys (ConfUtils.java:logGet(43)) - raft.server.rpc.request.timeout = 3000ms (default)
2019-09-26 16:41:48,032 [main] INFO  server.RaftServerConfigKeys (ConfUtils.java:logGet(43)) - raft.server.storage.dir = [/workdir/hadoop-ozone/integration-test/target/test-dir/MiniOzoneClusterImpl-3c389332-0e16-4a63-91ed-68711720325b/datanode-9/data/ratis] (custom)
2019-09-26 16:41:48,033 [main] INFO  hdfs.DFSUtil (DFSUtil.java:httpServerTemplateForNNAndJN(1641)) - Starting Web-server for hddsDatanode at: http://0.0.0.0:0
2019-09-26 16:41:48,034 [main] INFO  server.AuthenticationFilter (AuthenticationFilter.java:constructSecretProvider(240)) - Unable to initialize FileSignerSecretProvider, falling back to use random secrets.
2019-09-26 16:41:48,035 [main] WARN  http.HttpRequestLog (HttpRequestLog.java:getRequestLog(97)) - Jetty request log can only be enabled using Log4j
2019-09-26 16:41:48,036 [main] INFO  http.HttpServer2 (HttpServer2.java:addGlobalFilter(975)) - Added global filter 'safety' (class=org.apache.hadoop.http.HttpServer2$QuotingInputFilter)
2019-09-26 16:41:48,036 [main] INFO  http.HttpServer2 (HttpServer2.java:addFilter(948)) - Added filter static_user_filter (class=org.apache.hadoop.http.lib.StaticUserWebFilter$StaticUserFilter) to context hddsDatanode
2019-09-26 16:41:48,036 [main] INFO  http.HttpServer2 (HttpServer2.java:addFilter(958)) - Added filter static_user_filter (class=org.apache.hadoop.http.lib.StaticUserWebFilter$StaticUserFilter) to context static
2019-09-26 16:41:48,036 [main] INFO  http.HttpServer2 (HttpServer2.java:addFilter(958)) - Added filter static_user_filter (class=org.apache.hadoop.http.lib.StaticUserWebFilter$StaticUserFilter) to context logs
2019-09-26 16:41:48,037 [main] INFO  http.HttpServer2 (HttpServer2.java:bindListener(1191)) - Jetty bound to port 36875
2019-09-26 16:41:48,037 [main] INFO  server.Server (Server.java:doStart(351)) - jetty-9.3.25.v20180904, build timestamp: 2018-09-04T21:11:46Z, git hash: 3ce520221d0240229c862b122d2b06c12a625732
2019-09-26 16:41:48,038 [main] INFO  handler.ContextHandler (ContextHandler.java:doStart(781)) - Started o.e.j.s.ServletContextHandler@3e4d40ea{/logs,file:///workdir/hadoop-ozone/integration-test/target/log,AVAILABLE}
2019-09-26 16:41:48,039 [main] INFO  handler.ContextHandler (ContextHandler.java:doStart(781)) - Started o.e.j.s.ServletContextHandler@2c9d90fc{/static,jar:file:/home/user/.m2/repository/org/apache/hadoop/hadoop-hdds-container-service/0.5.0-SNAPSHOT/hadoop-hdds-container-service-0.5.0-SNAPSHOT.jar!/webapps/static,AVAILABLE}
2019-09-26 16:41:48,065 [main] INFO  handler.ContextHandler (ContextHandler.java:doStart(781)) - Started o.e.j.w.WebAppContext@570a62a5{/,file:///tmp/jetty-0.0.0.0-36875-hddsDatanode-_-any-2467253116817619817.dir/webapp/,AVAILABLE}{/hddsDatanode}
2019-09-26 16:41:48,066 [main] INFO  server.AbstractConnector (AbstractConnector.java:doStart(278)) - Started ServerConnector@36224f93{HTTP/1.1,[http/1.1]}{0.0.0.0:36875}
2019-09-26 16:41:48,067 [main] INFO  server.Server (Server.java:doStart(419)) - Started @435917ms
2019-09-26 16:41:48,067 [main] WARN  impl.MetricsSystemImpl (MetricsSystemImpl.java:register(276)) - Sink prometheus already exists!
2019-09-26 16:41:48,068 [main] INFO  server.BaseHttpServer (BaseHttpServer.java:updateConnectorAddress(215)) - HTTP server of HDDSDATANODE is listening at http://0.0.0.0:36875
2019-09-26 16:41:48,068 [main] INFO  ozone.MiniOzoneClusterImpl (MiniOzoneClusterImpl.java:lambda$waitForClusterToBeReady$0(147)) - Waiting for cluster to be ready. Got 0 of 10 DN Heartbeats.
2019-09-26 16:41:48,069 [org.apache.hadoop.util.JvmPauseMonitor$Monitor@67eabd69] INFO  util.JvmPauseMonitor (JvmPauseMonitor.java:run(188)) - Starting JVM pause monitor
2019-09-26 16:41:48,071 [Datanode State Machine Thread - 0] INFO  datanode.InitDatanodeState (InitDatanodeState.java:persistContainerDatanodeDetails(140)) - DatanodeDetails is persisted to /workdir/hadoop-ozone/integration-test/target/test-dir/MiniOzoneClusterImpl-3c389332-0e16-4a63-91ed-68711720325b/datanode-9/meta/datanode.id
2019-09-26 16:41:49,068 [main] INFO  ozone.MiniOzoneClusterImpl (MiniOzoneClusterImpl.java:lambda$waitForClusterToBeReady$0(147)) - Waiting for cluster to be ready. Got 0 of 10 DN Heartbeats.
2019-09-26 16:41:49,522 [Datanode State Machine Thread - 0] INFO  ozoneimpl.OzoneContainer (OzoneContainer.java:start(217)) - Attempting to start container services.
2019-09-26 16:41:49,522 [Datanode State Machine Thread - 0] INFO  ozoneimpl.OzoneContainer (OzoneContainer.java:startContainerScrub(179)) - Background container scanner has been disabled.
2019-09-26 16:41:49,522 [Datanode State Machine Thread - 0] INFO  ratis.XceiverServerRatis (XceiverServerRatis.java:start(411)) - Starting XceiverServerRatis bd1aaaac-53c2-4304-bd38-0d16eb0e5a88 at port 0
2019-09-26 16:41:49,530 [Datanode State Machine Thread - 0] INFO  impl.RaftServerProxy (RaftServerProxy.java:lambda$start$3(299)) - bd1aaaac-53c2-4304-bd38-0d16eb0e5a88: start RPC server
2019-09-26 16:41:49,533 [Datanode State Machine Thread - 0] INFO  server.GrpcService (GrpcService.java:startImpl(158)) - bd1aaaac-53c2-4304-bd38-0d16eb0e5a88: GrpcService started, listening on 0.0.0.0/0.0.0.0:40409
2019-09-26 16:41:49,533 [Datanode State Machine Thread - 0] INFO  ratis.XceiverServerRatis (XceiverServerRatis.java:start(421)) - XceiverServerRatis bd1aaaac-53c2-4304-bd38-0d16eb0e5a88 is started using port 40409
2019-09-26 16:41:49,534 [Datanode State Machine Thread - 0] INFO  server.XceiverServerGrpc (XceiverServerGrpc.java:start(149)) - XceiverServerGrpc bd1aaaac-53c2-4304-bd38-0d16eb0e5a88 is started using port 39025
2019-09-26 16:41:49,573 [Datanode State Machine Thread - 0] INFO  ozoneimpl.OzoneContainer (OzoneContainer.java:start(217)) - Attempting to start container services.
2019-09-26 16:41:49,573 [Datanode State Machine Thread - 0] INFO  ozoneimpl.OzoneContainer (OzoneContainer.java:startContainerScrub(179)) - Background container scanner has been disabled.
2019-09-26 16:41:49,573 [Datanode State Machine Thread - 0] INFO  ratis.XceiverServerRatis (XceiverServerRatis.java:start(411)) - Starting XceiverServerRatis 58c4a369-c250-4760-99a6-8b9370b39159 at port 0
2019-09-26 16:41:49,581 [Datanode State Machine Thread - 0] INFO  impl.RaftServerProxy (RaftServerProxy.java:lambda$start$3(299)) - 58c4a369-c250-4760-99a6-8b9370b39159: start RPC server
2019-09-26 16:41:49,583 [Datanode State Machine Thread - 0] INFO  server.GrpcService (GrpcService.java:startImpl(158)) - 58c4a369-c250-4760-99a6-8b9370b39159: GrpcService started, listening on 0.0.0.0/0.0.0.0:42613
2019-09-26 16:41:49,583 [Datanode State Machine Thread - 0] INFO  ratis.XceiverServerRatis (XceiverServerRatis.java:start(421)) - XceiverServerRatis 58c4a369-c250-4760-99a6-8b9370b39159 is started using port 42613
2019-09-26 16:41:49,584 [Datanode State Machine Thread - 0] INFO  server.XceiverServerGrpc (XceiverServerGrpc.java:start(149)) - XceiverServerGrpc 58c4a369-c250-4760-99a6-8b9370b39159 is started using port 35619
2019-09-26 16:41:49,638 [Datanode State Machine Thread - 0] INFO  ozoneimpl.OzoneContainer (OzoneContainer.java:start(217)) - Attempting to start container services.
2019-09-26 16:41:49,638 [Datanode State Machine Thread - 0] INFO  ozoneimpl.OzoneContainer (OzoneContainer.java:startContainerScrub(179)) - Background container scanner has been disabled.
2019-09-26 16:41:49,639 [Datanode State Machine Thread - 0] INFO  ratis.XceiverServerRatis (XceiverServerRatis.java:start(411)) - Starting XceiverServerRatis a15262cf-293c-4f16-a68b-da2cb3cd04b4 at port 0
2019-09-26 16:41:49,644 [Datanode State Machine Thread - 0] INFO  impl.RaftServerProxy (RaftServerProxy.java:lambda$start$3(299)) - a15262cf-293c-4f16-a68b-da2cb3cd04b4: start RPC server
2019-09-26 16:41:49,645 [Datanode State Machine Thread - 0] INFO  server.GrpcService (GrpcService.java:startImpl(158)) - a15262cf-293c-4f16-a68b-da2cb3cd04b4: GrpcService started, listening on 0.0.0.0/0.0.0.0:46487
2019-09-26 16:41:49,645 [Datanode State Machine Thread - 0] INFO  ratis.XceiverServerRatis (XceiverServerRatis.java:start(421)) - XceiverServerRatis a15262cf-293c-4f16-a68b-da2cb3cd04b4 is started using port 46487
2019-09-26 16:41:49,646 [Datanode State Machine Thread - 0] INFO  server.XceiverServerGrpc (XceiverServerGrpc.java:start(149)) - XceiverServerGrpc a15262cf-293c-4f16-a68b-da2cb3cd04b4 is started using port 35157
2019-09-26 16:41:49,699 [Datanode State Machine Thread - 0] INFO  ozoneimpl.OzoneContainer (OzoneContainer.java:start(217)) - Attempting to start container services.
2019-09-26 16:41:49,699 [Datanode State Machine Thread - 0] INFO  ozoneimpl.OzoneContainer (OzoneContainer.java:startContainerScrub(179)) - Background container scanner has been disabled.
2019-09-26 16:41:49,699 [Datanode State Machine Thread - 0] INFO  ratis.XceiverServerRatis (XceiverServerRatis.java:start(411)) - Starting XceiverServerRatis ba66a674-5e84-4bd3-9f35-73a521070499 at port 0
2019-09-26 16:41:49,705 [Datanode State Machine Thread - 0] INFO  impl.RaftServerProxy (RaftServerProxy.java:lambda$start$3(299)) - ba66a674-5e84-4bd3-9f35-73a521070499: start RPC server
2019-09-26 16:41:49,706 [Datanode State Machine Thread - 0] INFO  server.GrpcService (GrpcService.java:startImpl(158)) - ba66a674-5e84-4bd3-9f35-73a521070499: GrpcService started, listening on 0.0.0.0/0.0.0.0:37282
2019-09-26 16:41:49,706 [Datanode State Machine Thread - 0] INFO  ratis.XceiverServerRatis (XceiverServerRatis.java:start(421)) - XceiverServerRatis ba66a674-5e84-4bd3-9f35-73a521070499 is started using port 37282
2019-09-26 16:41:49,707 [Datanode State Machine Thread - 0] INFO  server.XceiverServerGrpc (XceiverServerGrpc.java:start(149)) - XceiverServerGrpc ba66a674-5e84-4bd3-9f35-73a521070499 is started using port 42630
2019-09-26 16:41:49,761 [Datanode State Machine Thread - 0] INFO  ozoneimpl.OzoneContainer (OzoneContainer.java:start(217)) - Attempting to start container services.
2019-09-26 16:41:49,761 [Datanode State Machine Thread - 0] INFO  ozoneimpl.OzoneContainer (OzoneContainer.java:startContainerScrub(179)) - Background container scanner has been disabled.
2019-09-26 16:41:49,761 [Datanode State Machine Thread - 0] INFO  ratis.XceiverServerRatis (XceiverServerRatis.java:start(411)) - Starting XceiverServerRatis 159771ad-9275-4e40-b5e3-0b44f8b2602b at port 0
2019-09-26 16:41:49,768 [Datanode State Machine Thread - 0] INFO  impl.RaftServerProxy (RaftServerProxy.java:lambda$start$3(299)) - 159771ad-9275-4e40-b5e3-0b44f8b2602b: start RPC server
2019-09-26 16:41:49,768 [Datanode State Machine Thread - 0] INFO  server.GrpcService (GrpcService.java:startImpl(158)) - 159771ad-9275-4e40-b5e3-0b44f8b2602b: GrpcService started, listening on 0.0.0.0/0.0.0.0:44936
2019-09-26 16:41:49,768 [Datanode State Machine Thread - 0] INFO  ratis.XceiverServerRatis (XceiverServerRatis.java:start(421)) - XceiverServerRatis 159771ad-9275-4e40-b5e3-0b44f8b2602b is started using port 44936
2019-09-26 16:41:49,769 [Datanode State Machine Thread - 0] INFO  server.XceiverServerGrpc (XceiverServerGrpc.java:start(149)) - XceiverServerGrpc 159771ad-9275-4e40-b5e3-0b44f8b2602b is started using port 35781
2019-09-26 16:41:49,827 [Datanode State Machine Thread - 0] INFO  ozoneimpl.OzoneContainer (OzoneContainer.java:start(217)) - Attempting to start container services.
2019-09-26 16:41:49,827 [Datanode State Machine Thread - 0] INFO  ozoneimpl.OzoneContainer (OzoneContainer.java:startContainerScrub(179)) - Background container scanner has been disabled.
2019-09-26 16:41:49,827 [Datanode State Machine Thread - 0] INFO  ratis.XceiverServerRatis (XceiverServerRatis.java:start(411)) - Starting XceiverServerRatis dd403047-9c6e-40b9-92d3-171c1bb28f71 at port 0
2019-09-26 16:41:49,833 [Datanode State Machine Thread - 0] INFO  impl.RaftServerProxy (RaftServerProxy.java:lambda$start$3(299)) - dd403047-9c6e-40b9-92d3-171c1bb28f71: start RPC server
2019-09-26 16:41:49,834 [Datanode State Machine Thread - 0] INFO  server.GrpcService (GrpcService.java:startImpl(158)) - dd403047-9c6e-40b9-92d3-171c1bb28f71: GrpcService started, listening on 0.0.0.0/0.0.0.0:45454
2019-09-26 16:41:49,834 [Datanode State Machine Thread - 0] INFO  ratis.XceiverServerRatis (XceiverServerRatis.java:start(421)) - XceiverServerRatis dd403047-9c6e-40b9-92d3-171c1bb28f71 is started using port 45454
2019-09-26 16:41:49,835 [Datanode State Machine Thread - 0] INFO  server.XceiverServerGrpc (XceiverServerGrpc.java:start(149)) - XceiverServerGrpc dd403047-9c6e-40b9-92d3-171c1bb28f71 is started using port 36931
2019-09-26 16:41:49,889 [Datanode State Machine Thread - 0] INFO  ozoneimpl.OzoneContainer (OzoneContainer.java:start(217)) - Attempting to start container services.
2019-09-26 16:41:49,889 [Datanode State Machine Thread - 0] INFO  ozoneimpl.OzoneContainer (OzoneContainer.java:startContainerScrub(179)) - Background container scanner has been disabled.
2019-09-26 16:41:49,890 [Datanode State Machine Thread - 0] INFO  ratis.XceiverServerRatis (XceiverServerRatis.java:start(411)) - Starting XceiverServerRatis 289fcb57-3dc7-4202-a3b5-f15c84f9ab45 at port 0
2019-09-26 16:41:49,897 [Datanode State Machine Thread - 0] INFO  impl.RaftServerProxy (RaftServerProxy.java:lambda$start$3(299)) - 289fcb57-3dc7-4202-a3b5-f15c84f9ab45: start RPC server
2019-09-26 16:41:49,898 [Datanode State Machine Thread - 0] INFO  server.GrpcService (GrpcService.java:startImpl(158)) - 289fcb57-3dc7-4202-a3b5-f15c84f9ab45: GrpcService started, listening on 0.0.0.0/0.0.0.0:45955
2019-09-26 16:41:49,898 [Datanode State Machine Thread - 0] INFO  ratis.XceiverServerRatis (XceiverServerRatis.java:start(421)) - XceiverServerRatis 289fcb57-3dc7-4202-a3b5-f15c84f9ab45 is started using port 45955
2019-09-26 16:41:49,911 [Datanode State Machine Thread - 0] INFO  server.XceiverServerGrpc (XceiverServerGrpc.java:start(149)) - XceiverServerGrpc 289fcb57-3dc7-4202-a3b5-f15c84f9ab45 is started using port 46690
2019-09-26 16:41:49,957 [Datanode State Machine Thread - 0] INFO  ozoneimpl.OzoneContainer (OzoneContainer.java:start(217)) - Attempting to start container services.
2019-09-26 16:41:49,957 [Datanode State Machine Thread - 0] INFO  ozoneimpl.OzoneContainer (OzoneContainer.java:startContainerScrub(179)) - Background container scanner has been disabled.
2019-09-26 16:41:49,957 [Datanode State Machine Thread - 0] INFO  ratis.XceiverServerRatis (XceiverServerRatis.java:start(411)) - Starting XceiverServerRatis aaf131e7-2dac-4210-b86d-af9f66f4fd82 at port 0
2019-09-26 16:41:49,965 [Datanode State Machine Thread - 0] INFO  impl.RaftServerProxy (RaftServerProxy.java:lambda$start$3(299)) - aaf131e7-2dac-4210-b86d-af9f66f4fd82: start RPC server
2019-09-26 16:41:49,968 [Datanode State Machine Thread - 0] INFO  server.GrpcService (GrpcService.java:startImpl(158)) - aaf131e7-2dac-4210-b86d-af9f66f4fd82: GrpcService started, listening on 0.0.0.0/0.0.0.0:42233
2019-09-26 16:41:49,968 [Datanode State Machine Thread - 0] INFO  ratis.XceiverServerRatis (XceiverServerRatis.java:start(421)) - XceiverServerRatis aaf131e7-2dac-4210-b86d-af9f66f4fd82 is started using port 42233
2019-09-26 16:41:49,968 [Datanode State Machine Thread - 0] INFO  server.XceiverServerGrpc (XceiverServerGrpc.java:start(149)) - XceiverServerGrpc aaf131e7-2dac-4210-b86d-af9f66f4fd82 is started using port 40873
2019-09-26 16:41:50,018 [Datanode State Machine Thread - 0] INFO  ozoneimpl.OzoneContainer (OzoneContainer.java:start(217)) - Attempting to start container services.
2019-09-26 16:41:50,019 [Datanode State Machine Thread - 0] INFO  ozoneimpl.OzoneContainer (OzoneContainer.java:startContainerScrub(179)) - Background container scanner has been disabled.
2019-09-26 16:41:50,019 [Datanode State Machine Thread - 0] INFO  ratis.XceiverServerRatis (XceiverServerRatis.java:start(411)) - Starting XceiverServerRatis f45586a2-d7c2-4816-9720-dd343377f456 at port 0
2019-09-26 16:41:50,027 [Datanode State Machine Thread - 0] INFO  impl.RaftServerProxy (RaftServerProxy.java:lambda$start$3(299)) - f45586a2-d7c2-4816-9720-dd343377f456: start RPC server
2019-09-26 16:41:50,027 [Datanode State Machine Thread - 0] INFO  server.GrpcService (GrpcService.java:startImpl(158)) - f45586a2-d7c2-4816-9720-dd343377f456: GrpcService started, listening on 0.0.0.0/0.0.0.0:34956
2019-09-26 16:41:50,027 [Datanode State Machine Thread - 0] INFO  ratis.XceiverServerRatis (XceiverServerRatis.java:start(421)) - XceiverServerRatis f45586a2-d7c2-4816-9720-dd343377f456 is started using port 34956
2019-09-26 16:41:50,030 [Datanode State Machine Thread - 0] INFO  server.XceiverServerGrpc (XceiverServerGrpc.java:start(149)) - XceiverServerGrpc f45586a2-d7c2-4816-9720-dd343377f456 is started using port 36670
2019-09-26 16:41:50,069 [main] INFO  ozone.MiniOzoneClusterImpl (MiniOzoneClusterImpl.java:lambda$waitForClusterToBeReady$0(147)) - Waiting for cluster to be ready. Got 0 of 10 DN Heartbeats.
2019-09-26 16:41:50,084 [Datanode State Machine Thread - 0] INFO  ozoneimpl.OzoneContainer (OzoneContainer.java:start(217)) - Attempting to start container services.
2019-09-26 16:41:50,084 [Datanode State Machine Thread - 0] INFO  ozoneimpl.OzoneContainer (OzoneContainer.java:startContainerScrub(179)) - Background container scanner has been disabled.
2019-09-26 16:41:50,084 [Datanode State Machine Thread - 0] INFO  ratis.XceiverServerRatis (XceiverServerRatis.java:start(411)) - Starting XceiverServerRatis 3837398e-557b-4755-8718-a3ecbfd2ca45 at port 0
2019-09-26 16:41:50,103 [Datanode State Machine Thread - 0] INFO  impl.RaftServerProxy (RaftServerProxy.java:lambda$start$3(299)) - 3837398e-557b-4755-8718-a3ecbfd2ca45: start RPC server
2019-09-26 16:41:50,105 [Datanode State Machine Thread - 0] INFO  server.GrpcService (GrpcService.java:startImpl(158)) - 3837398e-557b-4755-8718-a3ecbfd2ca45: GrpcService started, listening on 0.0.0.0/0.0.0.0:34238
2019-09-26 16:41:50,105 [Datanode State Machine Thread - 0] INFO  ratis.XceiverServerRatis (XceiverServerRatis.java:start(421)) - XceiverServerRatis 3837398e-557b-4755-8718-a3ecbfd2ca45 is started using port 34238
2019-09-26 16:41:50,148 [Datanode State Machine Thread - 0] INFO  server.XceiverServerGrpc (XceiverServerGrpc.java:start(149)) - XceiverServerGrpc 3837398e-557b-4755-8718-a3ecbfd2ca45 is started using port 42306
2019-09-26 16:41:51,069 [main] INFO  ozone.MiniOzoneClusterImpl (MiniOzoneClusterImpl.java:lambda$waitForClusterToBeReady$0(147)) - Waiting for cluster to be ready. Got 0 of 10 DN Heartbeats.
2019-09-26 16:41:51,502 [IPC Server handler 4 on 37185] INFO  net.NetworkTopology (NetworkTopologyImpl.java:add(111)) - Added a new node: /rack1/bd1aaaac-53c2-4304-bd38-0d16eb0e5a88
2019-09-26 16:41:51,505 [IPC Server handler 4 on 37185] INFO  node.SCMNodeManager (SCMNodeManager.java:register(266)) - Registered Data node : bd1aaaac-53c2-4304-bd38-0d16eb0e5a88{ip: 192.168.157.234, host: pr-hdds-2162-htzpk-1451759861, networkLocation: /rack1, certSerialId: null}
2019-09-26 16:41:51,507 [EventQueue-NodeRegistrationContainerReportForDataNodeSafeModeRule] INFO  safemode.SCMSafeModeManager (DataNodeSafeModeRule.java:process(71)) - SCM in safe mode. 1 DataNodes registered, 1 required.
2019-09-26 16:41:51,510 [EventQueue-NodeRegistrationContainerReportForDataNodeSafeModeRule] INFO  safemode.SCMSafeModeManager (SCMSafeModeManager.java:validateSafeModeExitRules(177)) - ScmSafeModeManager, all rules are successfully validated
2019-09-26 16:41:51,510 [EventQueue-NodeRegistrationContainerReportForDataNodeSafeModeRule] INFO  safemode.SCMSafeModeManager (SCMSafeModeManager.java:exitSafeMode(193)) - SCM exiting safe mode.
2019-09-26 16:41:51,525 [grpc-default-executor-0] INFO  impl.RaftServerProxy (RaftServerProxy.java:addNew(89)) - bd1aaaac-53c2-4304-bd38-0d16eb0e5a88: addNew group-81B46142DA7C:[bd1aaaac-53c2-4304-bd38-0d16eb0e5a88:192.168.157.234:40409] returns group-81B46142DA7C:java.util.concurrent.CompletableFuture@56f7aa93[Not completed]
2019-09-26 16:41:51,527 [pool-387-thread-1] INFO  impl.RaftServerImpl (RaftServerImpl.java:<init>(95)) - bd1aaaac-53c2-4304-bd38-0d16eb0e5a88: new RaftServerImpl for group-81B46142DA7C:[bd1aaaac-53c2-4304-bd38-0d16eb0e5a88:192.168.157.234:40409] with ContainerStateMachine:uninitialized
2019-09-26 16:41:51,527 [pool-387-thread-1] INFO  server.RaftServerConfigKeys (ConfUtils.java:logGet(43)) - raft.server.rpc.timeout.min = 1s (custom)
2019-09-26 16:41:51,527 [pool-387-thread-1] INFO  server.RaftServerConfigKeys (ConfUtils.java:logGet(43)) - raft.server.rpc.timeout.max = 1200ms (custom)
2019-09-26 16:41:51,527 [pool-387-thread-1] INFO  server.RaftServerConfigKeys (ConfUtils.java:logGet(43)) - raft.server.rpcslowness.timeout = 120s (custom)
2019-09-26 16:41:51,527 [pool-387-thread-1] INFO  server.RaftServerConfigKeys (ConfUtils.java:logGet(43)) - raft.server.sleep.deviation.threshold = 300 (default)
2019-09-26 16:41:51,527 [pool-387-thread-1] INFO  server.RaftServerConfigKeys (ConfUtils.java:logGet(43)) - raft.server.log.appender.install.snapshot.enabled = false (custom)
2019-09-26 16:41:51,528 [pool-387-thread-1] INFO  impl.RaftServerImpl (ServerState.java:<init>(103)) - bd1aaaac-53c2-4304-bd38-0d16eb0e5a88@group-81B46142DA7C: ConfigurationManager, init=-1: [bd1aaaac-53c2-4304-bd38-0d16eb0e5a88:192.168.157.234:40409], old=null, confs=<EMPTY_MAP>
2019-09-26 16:41:51,528 [pool-387-thread-1] INFO  server.RaftServerConfigKeys (ConfUtils.java:logGet(43)) - raft.server.storage.dir = [/workdir/hadoop-ozone/integration-test/target/test-dir/MiniOzoneClusterImpl-3c389332-0e16-4a63-91ed-68711720325b/datanode-0/data/ratis] (custom)
2019-09-26 16:41:51,528 [pool-387-thread-1] INFO  storage.RaftStorageDirectory (RaftStorageDirectory.java:analyzeStorage(246)) - The storage directory /workdir/hadoop-ozone/integration-test/target/test-dir/MiniOzoneClusterImpl-3c389332-0e16-4a63-91ed-68711720325b/datanode-0/data/ratis/8d837d72-6321-46eb-956f-81b46142da7c does not exist. Creating ...
2019-09-26 16:41:51,542 [pool-387-thread-1] INFO  storage.RaftStorageDirectory (RaftStorageDirectory.java:tryLock(328)) - Lock on /workdir/hadoop-ozone/integration-test/target/test-dir/MiniOzoneClusterImpl-3c389332-0e16-4a63-91ed-68711720325b/datanode-0/data/ratis/8d837d72-6321-46eb-956f-81b46142da7c/in_use.lock acquired by nodename 16662@pr-hdds-2162-htzpk-1451759861
2019-09-26 16:41:51,556 [pool-387-thread-1] INFO  storage.RaftStorage (RaftStorage.java:format(72)) - Storage directory /workdir/hadoop-ozone/integration-test/target/test-dir/MiniOzoneClusterImpl-3c389332-0e16-4a63-91ed-68711720325b/datanode-0/data/ratis/8d837d72-6321-46eb-956f-81b46142da7c has been successfully formatted.
2019-09-26 16:41:51,556 [pool-387-thread-1] INFO  ratis.ContainerStateMachine (ContainerStateMachine.java:loadSnapshot(230)) - group-81B46142DA7C: The snapshot info is null. Setting the last applied indexto:(t:0, i:~)
2019-09-26 16:41:51,556 [pool-387-thread-1] INFO  server.RaftServerConfigKeys (ConfUtils.java:logGet(43)) - raft.server.notification.no-leader.timeout = 120s (custom)
2019-09-26 16:41:51,557 [pool-387-thread-1] INFO  server.RaftServerConfigKeys (ConfUtils.java:logGet(43)) - raft.server.log.use.memory = false (default)
2019-09-26 16:41:51,557 [pool-387-thread-1] INFO  server.RaftServerConfigKeys (ConfUtils.java:logGet(43)) - raft.server.log.purge.gap = 1000000 (custom)
2019-09-26 16:41:51,557 [pool-387-thread-1] INFO  server.RaftServerConfigKeys (ConfUtils.java:logGet(43)) - raft.server.log.appender.buffer.byte-limit = 33554432 (custom)
2019-09-26 16:41:51,557 [IPC Server handler 5 on 37185] INFO  net.NetworkTopology (NetworkTopologyImpl.java:add(111)) - Added a new node: /rack1/58c4a369-c250-4760-99a6-8b9370b39159
2019-09-26 16:41:51,557 [pool-387-thread-1] INFO  server.RaftServerConfigKeys (ConfUtils.java:logGet(43)) - raft.server.log.segment.size.max = 1048576 (custom)
2019-09-26 16:41:51,558 [IPC Server handler 5 on 37185] INFO  node.SCMNodeManager (SCMNodeManager.java:register(266)) - Registered Data node : 58c4a369-c250-4760-99a6-8b9370b39159{ip: 192.168.157.234, host: pr-hdds-2162-htzpk-1451759861, networkLocation: /rack1, certSerialId: null}
2019-09-26 16:41:51,558 [pool-387-thread-1] INFO  server.RaftServerConfigKeys (ConfUtils.java:logGet(43)) - raft.server.log.segment.cache.num.max = 2 (custom)
2019-09-26 16:41:51,558 [pool-387-thread-1] INFO  segmented.SegmentedRaftLogWorker (SegmentedRaftLogWorker.java:<init>(172)) - new bd1aaaac-53c2-4304-bd38-0d16eb0e5a88@group-81B46142DA7C-SegmentedRaftLogWorker for RaftStorage:Storage Directory /workdir/hadoop-ozone/integration-test/target/test-dir/MiniOzoneClusterImpl-3c389332-0e16-4a63-91ed-68711720325b/datanode-0/data/ratis/8d837d72-6321-46eb-956f-81b46142da7c
2019-09-26 16:41:51,560 [pool-387-thread-1] INFO  server.RaftServerConfigKeys (ConfUtils.java:logGet(43)) - raft.server.log.queue.byte-limit = 2147483647 (custom)
2019-09-26 16:41:51,560 [pool-387-thread-1] INFO  server.RaftServerConfigKeys (ConfUtils.java:logGet(43)) - raft.server.log.queue.element-limit = 1024 (custom)
2019-09-26 16:41:51,561 [pool-387-thread-1] INFO  server.RaftServerConfigKeys (ConfUtils.java:logGet(43)) - raft.server.log.segment.size.max = 1048576 (custom)
2019-09-26 16:41:51,561 [pool-387-thread-1] INFO  server.RaftServerConfigKeys (ConfUtils.java:logGet(43)) - raft.server.log.preallocated.size = 16384 (custom)
2019-09-26 16:41:51,561 [pool-387-thread-1] INFO  server.RaftServerConfigKeys (ConfUtils.java:logGet(43)) - raft.server.log.write.buffer.size = 33554432 (custom)
2019-09-26 16:41:51,561 [pool-387-thread-1] INFO  server.RaftServerConfigKeys (ConfUtils.java:logGet(43)) - raft.server.log.force.sync.num = 128 (default)
2019-09-26 16:41:51,561 [pool-387-thread-1] INFO  server.RaftServerConfigKeys (ConfUtils.java:logGet(43)) - raft.server.log.statemachine.data.sync = true (default)
2019-09-26 16:41:51,561 [pool-387-thread-1] INFO  server.RaftServerConfigKeys (ConfUtils.java:logGet(43)) - raft.server.log.statemachine.data.sync.timeout = 10s (default)
2019-09-26 16:41:51,562 [pool-387-thread-1] INFO  server.RaftServerConfigKeys (ConfUtils.java:logGet(43)) - raft.server.log.statemachine.data.sync.timeout.retry = -1 (default)
2019-09-26 16:41:51,562 [pool-387-thread-1] INFO  server.RaftServerConfigKeys (ConfUtils.java:logGet(43)) - raft.server.log.statemachine.data.caching.enabled = true (custom)
2019-09-26 16:41:51,562 [pool-387-thread-1] INFO  segmented.SegmentedRaftLogWorker (SegmentedRaftLogWorker.java:lambda$new$0(132)) - bd1aaaac-53c2-4304-bd38-0d16eb0e5a88@group-81B46142DA7C-SegmentedRaftLogWorker: flushIndex: setUnconditionally 0 -> -1
2019-09-26 16:41:51,563 [pool-387-thread-1] INFO  server.RaftServerConfigKeys (ConfUtils.java:logGet(43)) - raft.server.snapshot.auto.trigger.enabled = true (custom)
2019-09-26 16:41:51,563 [pool-387-thread-1] INFO  server.RaftServerConfigKeys (ConfUtils.java:logGet(43)) - raft.server.snapshot.auto.trigger.threshold = 10000 (custom)
2019-09-26 16:41:51,563 [pool-387-thread-1] INFO  server.RaftServerConfigKeys (ConfUtils.java:logGet(43)) - raft.server.snapshot.retention.num.files = 5 (custom)
2019-09-26 16:41:51,563 [pool-387-thread-1] INFO  server.RaftServerConfigKeys (ConfUtils.java:logGet(43)) - raft.server.retrycache.expirytime = 600000ms (custom)
2019-09-26 16:41:51,565 [pool-387-thread-1] INFO  impl.RaftServerImpl (RaftServerImpl.java:start(185)) - bd1aaaac-53c2-4304-bd38-0d16eb0e5a88@group-81B46142DA7C: start as a follower, conf=-1: [bd1aaaac-53c2-4304-bd38-0d16eb0e5a88:192.168.157.234:40409], old=null
2019-09-26 16:41:51,566 [pool-387-thread-1] INFO  impl.RaftServerImpl (RaftServerImpl.java:setRole(174)) - bd1aaaac-53c2-4304-bd38-0d16eb0e5a88@group-81B46142DA7C: changes role from      null to FOLLOWER at term 0 for startAsFollower
2019-09-26 16:41:51,566 [pool-387-thread-1] INFO  impl.RoleInfo (RoleInfo.java:updateAndGet(143)) - bd1aaaac-53c2-4304-bd38-0d16eb0e5a88: start FollowerState
2019-09-26 16:41:51,581 [pool-387-thread-1] INFO  util.JmxRegister (JmxRegister.java:tryRegister(44)) - Successfully registered JMX Bean with object name Ratis:service=RaftServer,group=group-81B46142DA7C,id=bd1aaaac-53c2-4304-bd38-0d16eb0e5a88
2019-09-26 16:41:51,603 [RatisPipelineUtilsThread] INFO  pipeline.PipelineStateManager (PipelineStateManager.java:addPipeline(56)) - Created pipeline Pipeline[ Id: 8d837d72-6321-46eb-956f-81b46142da7c, Nodes: bd1aaaac-53c2-4304-bd38-0d16eb0e5a88{ip: 192.168.157.234, host: pr-hdds-2162-htzpk-1451759861, networkLocation: /rack1, certSerialId: null}, Type:RATIS, Factor:ONE, State:OPEN]
2019-09-26 16:41:51,613 [grpc-default-executor-0] INFO  impl.RaftServerProxy (RaftServerProxy.java:addNew(89)) - 58c4a369-c250-4760-99a6-8b9370b39159: addNew group-BAFD07591381:[58c4a369-c250-4760-99a6-8b9370b39159:192.168.157.234:42613] returns group-BAFD07591381:java.util.concurrent.CompletableFuture@5d10cfdf[Not completed]
2019-09-26 16:41:51,614 [pool-397-thread-1] INFO  impl.RaftServerImpl (RaftServerImpl.java:<init>(95)) - 58c4a369-c250-4760-99a6-8b9370b39159: new RaftServerImpl for group-BAFD07591381:[58c4a369-c250-4760-99a6-8b9370b39159:192.168.157.234:42613] with ContainerStateMachine:uninitialized
2019-09-26 16:41:51,614 [pool-397-thread-1] INFO  server.RaftServerConfigKeys (ConfUtils.java:logGet(43)) - raft.server.rpc.timeout.min = 1s (custom)
2019-09-26 16:41:51,614 [pool-397-thread-1] INFO  server.RaftServerConfigKeys (ConfUtils.java:logGet(43)) - raft.server.rpc.timeout.max = 1200ms (custom)
2019-09-26 16:41:51,614 [pool-397-thread-1] INFO  server.RaftServerConfigKeys (ConfUtils.java:logGet(43)) - raft.server.rpcslowness.timeout = 120s (custom)
2019-09-26 16:41:51,615 [pool-397-thread-1] INFO  server.RaftServerConfigKeys (ConfUtils.java:logGet(43)) - raft.server.sleep.deviation.threshold = 300 (default)
2019-09-26 16:41:51,615 [pool-397-thread-1] INFO  server.RaftServerConfigKeys (ConfUtils.java:logGet(43)) - raft.server.log.appender.install.snapshot.enabled = false (custom)
2019-09-26 16:41:51,615 [pool-397-thread-1] INFO  impl.RaftServerImpl (ServerState.java:<init>(103)) - 58c4a369-c250-4760-99a6-8b9370b39159@group-BAFD07591381: ConfigurationManager, init=-1: [58c4a369-c250-4760-99a6-8b9370b39159:192.168.157.234:42613], old=null, confs=<EMPTY_MAP>
2019-09-26 16:41:51,615 [pool-397-thread-1] INFO  server.RaftServerConfigKeys (ConfUtils.java:logGet(43)) - raft.server.storage.dir = [/workdir/hadoop-ozone/integration-test/target/test-dir/MiniOzoneClusterImpl-3c389332-0e16-4a63-91ed-68711720325b/datanode-1/data/ratis] (custom)
2019-09-26 16:41:51,616 [pool-397-thread-1] INFO  storage.RaftStorageDirectory (RaftStorageDirectory.java:analyzeStorage(246)) - The storage directory /workdir/hadoop-ozone/integration-test/target/test-dir/MiniOzoneClusterImpl-3c389332-0e16-4a63-91ed-68711720325b/datanode-1/data/ratis/1c3b556a-d47f-4703-a7a5-bafd07591381 does not exist. Creating ...
2019-09-26 16:41:51,626 [IPC Server handler 14 on 37185] INFO  net.NetworkTopology (NetworkTopologyImpl.java:add(111)) - Added a new node: /rack1/a15262cf-293c-4f16-a68b-da2cb3cd04b4
2019-09-26 16:41:51,626 [IPC Server handler 14 on 37185] INFO  node.SCMNodeManager (SCMNodeManager.java:register(266)) - Registered Data node : a15262cf-293c-4f16-a68b-da2cb3cd04b4{ip: 192.168.157.234, host: pr-hdds-2162-htzpk-1451759861, networkLocation: /rack1, certSerialId: null}
2019-09-26 16:41:51,629 [pool-397-thread-1] INFO  storage.RaftStorageDirectory (RaftStorageDirectory.java:tryLock(328)) - Lock on /workdir/hadoop-ozone/integration-test/target/test-dir/MiniOzoneClusterImpl-3c389332-0e16-4a63-91ed-68711720325b/datanode-1/data/ratis/1c3b556a-d47f-4703-a7a5-bafd07591381/in_use.lock acquired by nodename 16662@pr-hdds-2162-htzpk-1451759861
2019-09-26 16:41:51,643 [pool-397-thread-1] INFO  storage.RaftStorage (RaftStorage.java:format(72)) - Storage directory /workdir/hadoop-ozone/integration-test/target/test-dir/MiniOzoneClusterImpl-3c389332-0e16-4a63-91ed-68711720325b/datanode-1/data/ratis/1c3b556a-d47f-4703-a7a5-bafd07591381 has been successfully formatted.
2019-09-26 16:41:51,643 [pool-397-thread-1] INFO  ratis.ContainerStateMachine (ContainerStateMachine.java:loadSnapshot(230)) - group-BAFD07591381: The snapshot info is null. Setting the last applied indexto:(t:0, i:~)
2019-09-26 16:41:51,643 [pool-397-thread-1] INFO  server.RaftServerConfigKeys (ConfUtils.java:logGet(43)) - raft.server.notification.no-leader.timeout = 120s (custom)
2019-09-26 16:41:51,643 [pool-397-thread-1] INFO  server.RaftServerConfigKeys (ConfUtils.java:logGet(43)) - raft.server.log.use.memory = false (default)
2019-09-26 16:41:51,644 [pool-397-thread-1] INFO  server.RaftServerConfigKeys (ConfUtils.java:logGet(43)) - raft.server.log.purge.gap = 1000000 (custom)
2019-09-26 16:41:51,644 [pool-397-thread-1] INFO  server.RaftServerConfigKeys (ConfUtils.java:logGet(43)) - raft.server.log.appender.buffer.byte-limit = 33554432 (custom)
2019-09-26 16:41:51,644 [pool-397-thread-1] INFO  server.RaftServerConfigKeys (ConfUtils.java:logGet(43)) - raft.server.log.segment.size.max = 1048576 (custom)
2019-09-26 16:41:51,644 [pool-397-thread-1] INFO  server.RaftServerConfigKeys (ConfUtils.java:logGet(43)) - raft.server.log.segment.cache.num.max = 2 (custom)
2019-09-26 16:41:51,644 [pool-397-thread-1] INFO  segmented.SegmentedRaftLogWorker (SegmentedRaftLogWorker.java:<init>(172)) - new 58c4a369-c250-4760-99a6-8b9370b39159@group-BAFD07591381-SegmentedRaftLogWorker for RaftStorage:Storage Directory /workdir/hadoop-ozone/integration-test/target/test-dir/MiniOzoneClusterImpl-3c389332-0e16-4a63-91ed-68711720325b/datanode-1/data/ratis/1c3b556a-d47f-4703-a7a5-bafd07591381
2019-09-26 16:41:51,646 [pool-397-thread-1] INFO  server.RaftServerConfigKeys (ConfUtils.java:logGet(43)) - raft.server.log.queue.byte-limit = 2147483647 (custom)
2019-09-26 16:41:51,646 [pool-397-thread-1] INFO  server.RaftServerConfigKeys (ConfUtils.java:logGet(43)) - raft.server.log.queue.element-limit = 1024 (custom)
2019-09-26 16:41:51,647 [pool-397-thread-1] INFO  server.RaftServerConfigKeys (ConfUtils.java:logGet(43)) - raft.server.log.segment.size.max = 1048576 (custom)
2019-09-26 16:41:51,647 [pool-397-thread-1] INFO  server.RaftServerConfigKeys (ConfUtils.java:logGet(43)) - raft.server.log.preallocated.size = 16384 (custom)
2019-09-26 16:41:51,647 [pool-397-thread-1] INFO  server.RaftServerConfigKeys (ConfUtils.java:logGet(43)) - raft.server.log.write.buffer.size = 33554432 (custom)
2019-09-26 16:41:51,647 [pool-397-thread-1] INFO  server.RaftServerConfigKeys (ConfUtils.java:logGet(43)) - raft.server.log.force.sync.num = 128 (default)
2019-09-26 16:41:51,647 [pool-397-thread-1] INFO  server.RaftServerConfigKeys (ConfUtils.java:logGet(43)) - raft.server.log.statemachine.data.sync = true (default)
2019-09-26 16:41:51,647 [pool-397-thread-1] INFO  server.RaftServerConfigKeys (ConfUtils.java:logGet(43)) - raft.server.log.statemachine.data.sync.timeout = 10s (default)
2019-09-26 16:41:51,647 [pool-397-thread-1] INFO  server.RaftServerConfigKeys (ConfUtils.java:logGet(43)) - raft.server.log.statemachine.data.sync.timeout.retry = -1 (default)
2019-09-26 16:41:51,648 [pool-397-thread-1] INFO  server.RaftServerConfigKeys (ConfUtils.java:logGet(43)) - raft.server.log.statemachine.data.caching.enabled = true (custom)
2019-09-26 16:41:51,648 [pool-397-thread-1] INFO  segmented.SegmentedRaftLogWorker (SegmentedRaftLogWorker.java:lambda$new$0(132)) - 58c4a369-c250-4760-99a6-8b9370b39159@group-BAFD07591381-SegmentedRaftLogWorker: flushIndex: setUnconditionally 0 -> -1
2019-09-26 16:41:51,649 [pool-397-thread-1] INFO  server.RaftServerConfigKeys (ConfUtils.java:logGet(43)) - raft.server.snapshot.auto.trigger.enabled = true (custom)
2019-09-26 16:41:51,649 [pool-397-thread-1] INFO  server.RaftServerConfigKeys (ConfUtils.java:logGet(43)) - raft.server.snapshot.auto.trigger.threshold = 10000 (custom)
2019-09-26 16:41:51,649 [pool-397-thread-1] INFO  server.RaftServerConfigKeys (ConfUtils.java:logGet(43)) - raft.server.snapshot.retention.num.files = 5 (custom)
2019-09-26 16:41:51,649 [pool-397-thread-1] INFO  server.RaftServerConfigKeys (ConfUtils.java:logGet(43)) - raft.server.retrycache.expirytime = 600000ms (custom)
2019-09-26 16:41:51,651 [pool-397-thread-1] INFO  impl.RaftServerImpl (RaftServerImpl.java:start(185)) - 58c4a369-c250-4760-99a6-8b9370b39159@group-BAFD07591381: start as a follower, conf=-1: [58c4a369-c250-4760-99a6-8b9370b39159:192.168.157.234:42613], old=null
2019-09-26 16:41:51,651 [pool-397-thread-1] INFO  impl.RaftServerImpl (RaftServerImpl.java:setRole(174)) - 58c4a369-c250-4760-99a6-8b9370b39159@group-BAFD07591381: changes role from      null to FOLLOWER at term 0 for startAsFollower
2019-09-26 16:41:51,651 [pool-397-thread-1] INFO  impl.RoleInfo (RoleInfo.java:updateAndGet(143)) - 58c4a369-c250-4760-99a6-8b9370b39159: start FollowerState
2019-09-26 16:41:51,652 [pool-397-thread-1] INFO  util.JmxRegister (JmxRegister.java:tryRegister(44)) - Successfully registered JMX Bean with object name Ratis:service=RaftServer,group=group-BAFD07591381,id=58c4a369-c250-4760-99a6-8b9370b39159
2019-09-26 16:41:51,658 [RatisPipelineUtilsThread] INFO  pipeline.PipelineStateManager (PipelineStateManager.java:addPipeline(56)) - Created pipeline Pipeline[ Id: 1c3b556a-d47f-4703-a7a5-bafd07591381, Nodes: 58c4a369-c250-4760-99a6-8b9370b39159{ip: 192.168.157.234, host: pr-hdds-2162-htzpk-1451759861, networkLocation: /rack1, certSerialId: null}, Type:RATIS, Factor:ONE, State:OPEN]
2019-09-26 16:41:51,666 [grpc-default-executor-0] INFO  impl.RaftServerProxy (RaftServerProxy.java:addNew(89)) - a15262cf-293c-4f16-a68b-da2cb3cd04b4: addNew group-230DAC3E466D:[a15262cf-293c-4f16-a68b-da2cb3cd04b4:192.168.157.234:46487] returns group-230DAC3E466D:java.util.concurrent.CompletableFuture@1da18e5a[Not completed]
2019-09-26 16:41:51,668 [pool-407-thread-1] INFO  impl.RaftServerImpl (RaftServerImpl.java:<init>(95)) - a15262cf-293c-4f16-a68b-da2cb3cd04b4: new RaftServerImpl for group-230DAC3E466D:[a15262cf-293c-4f16-a68b-da2cb3cd04b4:192.168.157.234:46487] with ContainerStateMachine:uninitialized
2019-09-26 16:41:51,668 [pool-407-thread-1] INFO  server.RaftServerConfigKeys (ConfUtils.java:logGet(43)) - raft.server.rpc.timeout.min = 1s (custom)
2019-09-26 16:41:51,668 [pool-407-thread-1] INFO  server.RaftServerConfigKeys (ConfUtils.java:logGet(43)) - raft.server.rpc.timeout.max = 1200ms (custom)
2019-09-26 16:41:51,668 [pool-407-thread-1] INFO  server.RaftServerConfigKeys (ConfUtils.java:logGet(43)) - raft.server.rpcslowness.timeout = 120s (custom)
2019-09-26 16:41:51,668 [pool-407-thread-1] INFO  server.RaftServerConfigKeys (ConfUtils.java:logGet(43)) - raft.server.sleep.deviation.threshold = 300 (default)
2019-09-26 16:41:51,668 [pool-407-thread-1] INFO  server.RaftServerConfigKeys (ConfUtils.java:logGet(43)) - raft.server.log.appender.install.snapshot.enabled = false (custom)
2019-09-26 16:41:51,669 [pool-407-thread-1] INFO  impl.RaftServerImpl (ServerState.java:<init>(103)) - a15262cf-293c-4f16-a68b-da2cb3cd04b4@group-230DAC3E466D: ConfigurationManager, init=-1: [a15262cf-293c-4f16-a68b-da2cb3cd04b4:192.168.157.234:46487], old=null, confs=<EMPTY_MAP>
2019-09-26 16:41:51,669 [pool-407-thread-1] INFO  server.RaftServerConfigKeys (ConfUtils.java:logGet(43)) - raft.server.storage.dir = [/workdir/hadoop-ozone/integration-test/target/test-dir/MiniOzoneClusterImpl-3c389332-0e16-4a63-91ed-68711720325b/datanode-2/data/ratis] (custom)
2019-09-26 16:41:51,669 [pool-407-thread-1] INFO  storage.RaftStorageDirectory (RaftStorageDirectory.java:analyzeStorage(246)) - The storage directory /workdir/hadoop-ozone/integration-test/target/test-dir/MiniOzoneClusterImpl-3c389332-0e16-4a63-91ed-68711720325b/datanode-2/data/ratis/bd7379ac-bc4a-4f03-9ab8-230dac3e466d does not exist. Creating ...
2019-09-26 16:41:51,683 [pool-407-thread-1] INFO  storage.RaftStorageDirectory (RaftStorageDirectory.java:tryLock(328)) - Lock on /workdir/hadoop-ozone/integration-test/target/test-dir/MiniOzoneClusterImpl-3c389332-0e16-4a63-91ed-68711720325b/datanode-2/data/ratis/bd7379ac-bc4a-4f03-9ab8-230dac3e466d/in_use.lock acquired by nodename 16662@pr-hdds-2162-htzpk-1451759861
2019-09-26 16:41:51,685 [IPC Server handler 16 on 37185] INFO  net.NetworkTopology (NetworkTopologyImpl.java:add(111)) - Added a new node: /rack1/ba66a674-5e84-4bd3-9f35-73a521070499
2019-09-26 16:41:51,686 [IPC Server handler 16 on 37185] INFO  node.SCMNodeManager (SCMNodeManager.java:register(266)) - Registered Data node : ba66a674-5e84-4bd3-9f35-73a521070499{ip: 192.168.157.234, host: pr-hdds-2162-htzpk-1451759861, networkLocation: /rack1, certSerialId: null}
2019-09-26 16:41:51,696 [pool-407-thread-1] INFO  storage.RaftStorage (RaftStorage.java:format(72)) - Storage directory /workdir/hadoop-ozone/integration-test/target/test-dir/MiniOzoneClusterImpl-3c389332-0e16-4a63-91ed-68711720325b/datanode-2/data/ratis/bd7379ac-bc4a-4f03-9ab8-230dac3e466d has been successfully formatted.
2019-09-26 16:41:51,697 [pool-407-thread-1] INFO  ratis.ContainerStateMachine (ContainerStateMachine.java:loadSnapshot(230)) - group-230DAC3E466D: The snapshot info is null. Setting the last applied indexto:(t:0, i:~)
2019-09-26 16:41:51,697 [pool-407-thread-1] INFO  server.RaftServerConfigKeys (ConfUtils.java:logGet(43)) - raft.server.notification.no-leader.timeout = 120s (custom)
2019-09-26 16:41:51,697 [pool-407-thread-1] INFO  server.RaftServerConfigKeys (ConfUtils.java:logGet(43)) - raft.server.log.use.memory = false (default)
2019-09-26 16:41:51,697 [pool-407-thread-1] INFO  server.RaftServerConfigKeys (ConfUtils.java:logGet(43)) - raft.server.log.purge.gap = 1000000 (custom)
2019-09-26 16:41:51,697 [pool-407-thread-1] INFO  server.RaftServerConfigKeys (ConfUtils.java:logGet(43)) - raft.server.log.appender.buffer.byte-limit = 33554432 (custom)
2019-09-26 16:41:51,697 [pool-407-thread-1] INFO  server.RaftServerConfigKeys (ConfUtils.java:logGet(43)) - raft.server.log.segment.size.max = 1048576 (custom)
2019-09-26 16:41:51,698 [pool-407-thread-1] INFO  server.RaftServerConfigKeys (ConfUtils.java:logGet(43)) - raft.server.log.segment.cache.num.max = 2 (custom)
2019-09-26 16:41:51,698 [pool-407-thread-1] INFO  segmented.SegmentedRaftLogWorker (SegmentedRaftLogWorker.java:<init>(172)) - new a15262cf-293c-4f16-a68b-da2cb3cd04b4@group-230DAC3E466D-SegmentedRaftLogWorker for RaftStorage:Storage Directory /workdir/hadoop-ozone/integration-test/target/test-dir/MiniOzoneClusterImpl-3c389332-0e16-4a63-91ed-68711720325b/datanode-2/data/ratis/bd7379ac-bc4a-4f03-9ab8-230dac3e466d
2019-09-26 16:41:51,699 [pool-407-thread-1] INFO  server.RaftServerConfigKeys (ConfUtils.java:logGet(43)) - raft.server.log.queue.byte-limit = 2147483647 (custom)
2019-09-26 16:41:51,699 [pool-407-thread-1] INFO  server.RaftServerConfigKeys (ConfUtils.java:logGet(43)) - raft.server.log.queue.element-limit = 1024 (custom)
2019-09-26 16:41:51,700 [pool-407-thread-1] INFO  server.RaftServerConfigKeys (ConfUtils.java:logGet(43)) - raft.server.log.segment.size.max = 1048576 (custom)
2019-09-26 16:41:51,700 [pool-407-thread-1] INFO  server.RaftServerConfigKeys (ConfUtils.java:logGet(43)) - raft.server.log.preallocated.size = 16384 (custom)
2019-09-26 16:41:51,700 [pool-407-thread-1] INFO  server.RaftServerConfigKeys (ConfUtils.java:logGet(43)) - raft.server.log.write.buffer.size = 33554432 (custom)
2019-09-26 16:41:51,700 [pool-407-thread-1] INFO  server.RaftServerConfigKeys (ConfUtils.java:logGet(43)) - raft.server.log.force.sync.num = 128 (default)
2019-09-26 16:41:51,700 [pool-407-thread-1] INFO  server.RaftServerConfigKeys (ConfUtils.java:logGet(43)) - raft.server.log.statemachine.data.sync = true (default)
2019-09-26 16:41:51,700 [pool-407-thread-1] INFO  server.RaftServerConfigKeys (ConfUtils.java:logGet(43)) - raft.server.log.statemachine.data.sync.timeout = 10s (default)
2019-09-26 16:41:51,700 [pool-407-thread-1] INFO  server.RaftServerConfigKeys (ConfUtils.java:logGet(43)) - raft.server.log.statemachine.data.sync.timeout.retry = -1 (default)
2019-09-26 16:41:51,701 [pool-407-thread-1] INFO  server.RaftServerConfigKeys (ConfUtils.java:logGet(43)) - raft.server.log.statemachine.data.caching.enabled = true (custom)
2019-09-26 16:41:51,701 [pool-407-thread-1] INFO  segmented.SegmentedRaftLogWorker (SegmentedRaftLogWorker.java:lambda$new$0(132)) - a15262cf-293c-4f16-a68b-da2cb3cd04b4@group-230DAC3E466D-SegmentedRaftLogWorker: flushIndex: setUnconditionally 0 -> -1
2019-09-26 16:41:51,701 [pool-407-thread-1] INFO  server.RaftServerConfigKeys (ConfUtils.java:logGet(43)) - raft.server.snapshot.auto.trigger.enabled = true (custom)
2019-09-26 16:41:51,701 [pool-407-thread-1] INFO  server.RaftServerConfigKeys (ConfUtils.java:logGet(43)) - raft.server.snapshot.auto.trigger.threshold = 10000 (custom)
2019-09-26 16:41:51,701 [pool-407-thread-1] INFO  server.RaftServerConfigKeys (ConfUtils.java:logGet(43)) - raft.server.snapshot.retention.num.files = 5 (custom)
2019-09-26 16:41:51,702 [pool-407-thread-1] INFO  server.RaftServerConfigKeys (ConfUtils.java:logGet(43)) - raft.server.retrycache.expirytime = 600000ms (custom)
2019-09-26 16:41:51,703 [pool-407-thread-1] INFO  impl.RaftServerImpl (RaftServerImpl.java:start(185)) - a15262cf-293c-4f16-a68b-da2cb3cd04b4@group-230DAC3E466D: start as a follower, conf=-1: [a15262cf-293c-4f16-a68b-da2cb3cd04b4:192.168.157.234:46487], old=null
2019-09-26 16:41:51,704 [pool-407-thread-1] INFO  impl.RaftServerImpl (RaftServerImpl.java:setRole(174)) - a15262cf-293c-4f16-a68b-da2cb3cd04b4@group-230DAC3E466D: changes role from      null to FOLLOWER at term 0 for startAsFollower
2019-09-26 16:41:51,704 [pool-407-thread-1] INFO  impl.RoleInfo (RoleInfo.java:updateAndGet(143)) - a15262cf-293c-4f16-a68b-da2cb3cd04b4: start FollowerState
2019-09-26 16:41:51,704 [pool-407-thread-1] INFO  util.JmxRegister (JmxRegister.java:tryRegister(44)) - Successfully registered JMX Bean with object name Ratis:service=RaftServer,group=group-230DAC3E466D,id=a15262cf-293c-4f16-a68b-da2cb3cd04b4
2019-09-26 16:41:51,709 [RatisPipelineUtilsThread] INFO  pipeline.PipelineStateManager (PipelineStateManager.java:addPipeline(56)) - Created pipeline Pipeline[ Id: bd7379ac-bc4a-4f03-9ab8-230dac3e466d, Nodes: a15262cf-293c-4f16-a68b-da2cb3cd04b4{ip: 192.168.157.234, host: pr-hdds-2162-htzpk-1451759861, networkLocation: /rack1, certSerialId: null}, Type:RATIS, Factor:ONE, State:OPEN]
2019-09-26 16:41:51,718 [grpc-default-executor-0] INFO  impl.RaftServerProxy (RaftServerProxy.java:addNew(89)) - ba66a674-5e84-4bd3-9f35-73a521070499: addNew group-28A96B66D979:[ba66a674-5e84-4bd3-9f35-73a521070499:192.168.157.234:37282] returns group-28A96B66D979:java.util.concurrent.CompletableFuture@319e999d[Not completed]
2019-09-26 16:41:51,719 [pool-417-thread-1] INFO  impl.RaftServerImpl (RaftServerImpl.java:<init>(95)) - ba66a674-5e84-4bd3-9f35-73a521070499: new RaftServerImpl for group-28A96B66D979:[ba66a674-5e84-4bd3-9f35-73a521070499:192.168.157.234:37282] with ContainerStateMachine:uninitialized
2019-09-26 16:41:51,719 [pool-417-thread-1] INFO  server.RaftServerConfigKeys (ConfUtils.java:logGet(43)) - raft.server.rpc.timeout.min = 1s (custom)
2019-09-26 16:41:51,719 [pool-417-thread-1] INFO  server.RaftServerConfigKeys (ConfUtils.java:logGet(43)) - raft.server.rpc.timeout.max = 1200ms (custom)
2019-09-26 16:41:51,719 [pool-417-thread-1] INFO  server.RaftServerConfigKeys (ConfUtils.java:logGet(43)) - raft.server.rpcslowness.timeout = 120s (custom)
2019-09-26 16:41:51,719 [pool-417-thread-1] INFO  server.RaftServerConfigKeys (ConfUtils.java:logGet(43)) - raft.server.sleep.deviation.threshold = 300 (default)
2019-09-26 16:41:51,719 [pool-417-thread-1] INFO  server.RaftServerConfigKeys (ConfUtils.java:logGet(43)) - raft.server.log.appender.install.snapshot.enabled = false (custom)
2019-09-26 16:41:51,719 [pool-417-thread-1] INFO  impl.RaftServerImpl (ServerState.java:<init>(103)) - ba66a674-5e84-4bd3-9f35-73a521070499@group-28A96B66D979: ConfigurationManager, init=-1: [ba66a674-5e84-4bd3-9f35-73a521070499:192.168.157.234:37282], old=null, confs=<EMPTY_MAP>
2019-09-26 16:41:51,720 [pool-417-thread-1] INFO  server.RaftServerConfigKeys (ConfUtils.java:logGet(43)) - raft.server.storage.dir = [/workdir/hadoop-ozone/integration-test/target/test-dir/MiniOzoneClusterImpl-3c389332-0e16-4a63-91ed-68711720325b/datanode-3/data/ratis] (custom)
2019-09-26 16:41:51,720 [pool-417-thread-1] INFO  storage.RaftStorageDirectory (RaftStorageDirectory.java:analyzeStorage(246)) - The storage directory /workdir/hadoop-ozone/integration-test/target/test-dir/MiniOzoneClusterImpl-3c389332-0e16-4a63-91ed-68711720325b/datanode-3/data/ratis/418d85d9-c001-4928-8b84-28a96b66d979 does not exist. Creating ...
2019-09-26 16:41:51,733 [pool-417-thread-1] INFO  storage.RaftStorageDirectory (RaftStorageDirectory.java:tryLock(328)) - Lock on /workdir/hadoop-ozone/integration-test/target/test-dir/MiniOzoneClusterImpl-3c389332-0e16-4a63-91ed-68711720325b/datanode-3/data/ratis/418d85d9-c001-4928-8b84-28a96b66d979/in_use.lock acquired by nodename 16662@pr-hdds-2162-htzpk-1451759861
2019-09-26 16:41:51,746 [pool-417-thread-1] INFO  storage.RaftStorage (RaftStorage.java:format(72)) - Storage directory /workdir/hadoop-ozone/integration-test/target/test-dir/MiniOzoneClusterImpl-3c389332-0e16-4a63-91ed-68711720325b/datanode-3/data/ratis/418d85d9-c001-4928-8b84-28a96b66d979 has been successfully formatted.
2019-09-26 16:41:51,747 [pool-417-thread-1] INFO  ratis.ContainerStateMachine (ContainerStateMachine.java:loadSnapshot(230)) - group-28A96B66D979: The snapshot info is null. Setting the last applied indexto:(t:0, i:~)
2019-09-26 16:41:51,747 [pool-417-thread-1] INFO  server.RaftServerConfigKeys (ConfUtils.java:logGet(43)) - raft.server.notification.no-leader.timeout = 120s (custom)
2019-09-26 16:41:51,747 [pool-417-thread-1] INFO  server.RaftServerConfigKeys (ConfUtils.java:logGet(43)) - raft.server.log.use.memory = false (default)
2019-09-26 16:41:51,747 [pool-417-thread-1] INFO  server.RaftServerConfigKeys (ConfUtils.java:logGet(43)) - raft.server.log.purge.gap = 1000000 (custom)
2019-09-26 16:41:51,747 [pool-417-thread-1] INFO  server.RaftServerConfigKeys (ConfUtils.java:logGet(43)) - raft.server.log.appender.buffer.byte-limit = 33554432 (custom)
2019-09-26 16:41:51,747 [pool-417-thread-1] INFO  server.RaftServerConfigKeys (ConfUtils.java:logGet(43)) - raft.server.log.segment.size.max = 1048576 (custom)
2019-09-26 16:41:51,748 [pool-417-thread-1] INFO  server.RaftServerConfigKeys (ConfUtils.java:logGet(43)) - raft.server.log.segment.cache.num.max = 2 (custom)
2019-09-26 16:41:51,748 [pool-417-thread-1] INFO  segmented.SegmentedRaftLogWorker (SegmentedRaftLogWorker.java:<init>(172)) - new ba66a674-5e84-4bd3-9f35-73a521070499@group-28A96B66D979-SegmentedRaftLogWorker for RaftStorage:Storage Directory /workdir/hadoop-ozone/integration-test/target/test-dir/MiniOzoneClusterImpl-3c389332-0e16-4a63-91ed-68711720325b/datanode-3/data/ratis/418d85d9-c001-4928-8b84-28a96b66d979
2019-09-26 16:41:51,749 [pool-417-thread-1] INFO  server.RaftServerConfigKeys (ConfUtils.java:logGet(43)) - raft.server.log.queue.byte-limit = 2147483647 (custom)
2019-09-26 16:41:51,750 [IPC Server handler 15 on 37185] INFO  net.NetworkTopology (NetworkTopologyImpl.java:add(111)) - Added a new node: /rack1/159771ad-9275-4e40-b5e3-0b44f8b2602b
2019-09-26 16:41:51,750 [pool-417-thread-1] INFO  server.RaftServerConfigKeys (ConfUtils.java:logGet(43)) - raft.server.log.queue.element-limit = 1024 (custom)
2019-09-26 16:41:51,750 [IPC Server handler 15 on 37185] INFO  node.SCMNodeManager (SCMNodeManager.java:register(266)) - Registered Data node : 159771ad-9275-4e40-b5e3-0b44f8b2602b{ip: 192.168.157.234, host: pr-hdds-2162-htzpk-1451759861, networkLocation: /rack1, certSerialId: null}
2019-09-26 16:41:51,750 [pool-417-thread-1] INFO  server.RaftServerConfigKeys (ConfUtils.java:logGet(43)) - raft.server.log.segment.size.max = 1048576 (custom)
2019-09-26 16:41:51,750 [pool-417-thread-1] INFO  server.RaftServerConfigKeys (ConfUtils.java:logGet(43)) - raft.server.log.preallocated.size = 16384 (custom)
2019-09-26 16:41:51,750 [pool-417-thread-1] INFO  server.RaftServerConfigKeys (ConfUtils.java:logGet(43)) - raft.server.log.write.buffer.size = 33554432 (custom)
2019-09-26 16:41:51,751 [pool-417-thread-1] INFO  server.RaftServerConfigKeys (ConfUtils.java:logGet(43)) - raft.server.log.force.sync.num = 128 (default)
2019-09-26 16:41:51,751 [pool-417-thread-1] INFO  server.RaftServerConfigKeys (ConfUtils.java:logGet(43)) - raft.server.log.statemachine.data.sync = true (default)
2019-09-26 16:41:51,751 [pool-417-thread-1] INFO  server.RaftServerConfigKeys (ConfUtils.java:logGet(43)) - raft.server.log.statemachine.data.sync.timeout = 10s (default)
2019-09-26 16:41:51,751 [pool-417-thread-1] INFO  server.RaftServerConfigKeys (ConfUtils.java:logGet(43)) - raft.server.log.statemachine.data.sync.timeout.retry = -1 (default)
2019-09-26 16:41:51,751 [pool-417-thread-1] INFO  server.RaftServerConfigKeys (ConfUtils.java:logGet(43)) - raft.server.log.statemachine.data.caching.enabled = true (custom)
2019-09-26 16:41:51,752 [pool-417-thread-1] INFO  segmented.SegmentedRaftLogWorker (SegmentedRaftLogWorker.java:lambda$new$0(132)) - ba66a674-5e84-4bd3-9f35-73a521070499@group-28A96B66D979-SegmentedRaftLogWorker: flushIndex: setUnconditionally 0 -> -1
2019-09-26 16:41:51,752 [pool-417-thread-1] INFO  server.RaftServerConfigKeys (ConfUtils.java:logGet(43)) - raft.server.snapshot.auto.trigger.enabled = true (custom)
2019-09-26 16:41:51,752 [pool-417-thread-1] INFO  server.RaftServerConfigKeys (ConfUtils.java:logGet(43)) - raft.server.snapshot.auto.trigger.threshold = 10000 (custom)
2019-09-26 16:41:51,752 [pool-417-thread-1] INFO  server.RaftServerConfigKeys (ConfUtils.java:logGet(43)) - raft.server.snapshot.retention.num.files = 5 (custom)
2019-09-26 16:41:51,753 [pool-417-thread-1] INFO  server.RaftServerConfigKeys (ConfUtils.java:logGet(43)) - raft.server.retrycache.expirytime = 600000ms (custom)
2019-09-26 16:41:51,755 [pool-417-thread-1] INFO  impl.RaftServerImpl (RaftServerImpl.java:start(185)) - ba66a674-5e84-4bd3-9f35-73a521070499@group-28A96B66D979: start as a follower, conf=-1: [ba66a674-5e84-4bd3-9f35-73a521070499:192.168.157.234:37282], old=null
2019-09-26 16:41:51,755 [pool-417-thread-1] INFO  impl.RaftServerImpl (RaftServerImpl.java:setRole(174)) - ba66a674-5e84-4bd3-9f35-73a521070499@group-28A96B66D979: changes role from      null to FOLLOWER at term 0 for startAsFollower
2019-09-26 16:41:51,755 [pool-417-thread-1] INFO  impl.RoleInfo (RoleInfo.java:updateAndGet(143)) - ba66a674-5e84-4bd3-9f35-73a521070499: start FollowerState
2019-09-26 16:41:51,755 [pool-417-thread-1] INFO  util.JmxRegister (JmxRegister.java:tryRegister(44)) - Successfully registered JMX Bean with object name Ratis:service=RaftServer,group=group-28A96B66D979,id=ba66a674-5e84-4bd3-9f35-73a521070499
2019-09-26 16:41:51,762 [RatisPipelineUtilsThread] INFO  pipeline.PipelineStateManager (PipelineStateManager.java:addPipeline(56)) - Created pipeline Pipeline[ Id: 418d85d9-c001-4928-8b84-28a96b66d979, Nodes: ba66a674-5e84-4bd3-9f35-73a521070499{ip: 192.168.157.234, host: pr-hdds-2162-htzpk-1451759861, networkLocation: /rack1, certSerialId: null}, Type:RATIS, Factor:ONE, State:OPEN]
2019-09-26 16:41:51,770 [grpc-default-executor-0] INFO  impl.RaftServerProxy (RaftServerProxy.java:addNew(89)) - 159771ad-9275-4e40-b5e3-0b44f8b2602b: addNew group-005C2C7EA218:[159771ad-9275-4e40-b5e3-0b44f8b2602b:192.168.157.234:44936] returns group-005C2C7EA218:java.util.concurrent.CompletableFuture@42e15288[Not completed]
2019-09-26 16:41:51,770 [pool-427-thread-1] INFO  impl.RaftServerImpl (RaftServerImpl.java:<init>(95)) - 159771ad-9275-4e40-b5e3-0b44f8b2602b: new RaftServerImpl for group-005C2C7EA218:[159771ad-9275-4e40-b5e3-0b44f8b2602b:192.168.157.234:44936] with ContainerStateMachine:uninitialized
2019-09-26 16:41:51,771 [pool-427-thread-1] INFO  server.RaftServerConfigKeys (ConfUtils.java:logGet(43)) - raft.server.rpc.timeout.min = 1s (custom)
2019-09-26 16:41:51,771 [pool-427-thread-1] INFO  server.RaftServerConfigKeys (ConfUtils.java:logGet(43)) - raft.server.rpc.timeout.max = 1200ms (custom)
2019-09-26 16:41:51,771 [pool-427-thread-1] INFO  server.RaftServerConfigKeys (ConfUtils.java:logGet(43)) - raft.server.rpcslowness.timeout = 120s (custom)
2019-09-26 16:41:51,771 [pool-427-thread-1] INFO  server.RaftServerConfigKeys (ConfUtils.java:logGet(43)) - raft.server.sleep.deviation.threshold = 300 (default)
2019-09-26 16:41:51,771 [pool-427-thread-1] INFO  server.RaftServerConfigKeys (ConfUtils.java:logGet(43)) - raft.server.log.appender.install.snapshot.enabled = false (custom)
2019-09-26 16:41:51,771 [pool-427-thread-1] INFO  impl.RaftServerImpl (ServerState.java:<init>(103)) - 159771ad-9275-4e40-b5e3-0b44f8b2602b@group-005C2C7EA218: ConfigurationManager, init=-1: [159771ad-9275-4e40-b5e3-0b44f8b2602b:192.168.157.234:44936], old=null, confs=<EMPTY_MAP>
2019-09-26 16:41:51,771 [pool-427-thread-1] INFO  server.RaftServerConfigKeys (ConfUtils.java:logGet(43)) - raft.server.storage.dir = [/workdir/hadoop-ozone/integration-test/target/test-dir/MiniOzoneClusterImpl-3c389332-0e16-4a63-91ed-68711720325b/datanode-4/data/ratis] (custom)
2019-09-26 16:41:51,772 [pool-427-thread-1] INFO  storage.RaftStorageDirectory (RaftStorageDirectory.java:analyzeStorage(246)) - The storage directory /workdir/hadoop-ozone/integration-test/target/test-dir/MiniOzoneClusterImpl-3c389332-0e16-4a63-91ed-68711720325b/datanode-4/data/ratis/0572e95f-7c0f-452a-9112-005c2c7ea218 does not exist. Creating ...
2019-09-26 16:41:51,785 [pool-427-thread-1] INFO  storage.RaftStorageDirectory (RaftStorageDirectory.java:tryLock(328)) - Lock on /workdir/hadoop-ozone/integration-test/target/test-dir/MiniOzoneClusterImpl-3c389332-0e16-4a63-91ed-68711720325b/datanode-4/data/ratis/0572e95f-7c0f-452a-9112-005c2c7ea218/in_use.lock acquired by nodename 16662@pr-hdds-2162-htzpk-1451759861
2019-09-26 16:41:51,798 [pool-427-thread-1] INFO  storage.RaftStorage (RaftStorage.java:format(72)) - Storage directory /workdir/hadoop-ozone/integration-test/target/test-dir/MiniOzoneClusterImpl-3c389332-0e16-4a63-91ed-68711720325b/datanode-4/data/ratis/0572e95f-7c0f-452a-9112-005c2c7ea218 has been successfully formatted.
2019-09-26 16:41:51,799 [pool-427-thread-1] INFO  ratis.ContainerStateMachine (ContainerStateMachine.java:loadSnapshot(230)) - group-005C2C7EA218: The snapshot info is null. Setting the last applied indexto:(t:0, i:~)
2019-09-26 16:41:51,799 [pool-427-thread-1] INFO  server.RaftServerConfigKeys (ConfUtils.java:logGet(43)) - raft.server.notification.no-leader.timeout = 120s (custom)
2019-09-26 16:41:51,799 [pool-427-thread-1] INFO  server.RaftServerConfigKeys (ConfUtils.java:logGet(43)) - raft.server.log.use.memory = false (default)
2019-09-26 16:41:51,799 [pool-427-thread-1] INFO  server.RaftServerConfigKeys (ConfUtils.java:logGet(43)) - raft.server.log.purge.gap = 1000000 (custom)
2019-09-26 16:41:51,799 [pool-427-thread-1] INFO  server.RaftServerConfigKeys (ConfUtils.java:logGet(43)) - raft.server.log.appender.buffer.byte-limit = 33554432 (custom)
2019-09-26 16:41:51,799 [pool-427-thread-1] INFO  server.RaftServerConfigKeys (ConfUtils.java:logGet(43)) - raft.server.log.segment.size.max = 1048576 (custom)
2019-09-26 16:41:51,799 [pool-427-thread-1] INFO  server.RaftServerConfigKeys (ConfUtils.java:logGet(43)) - raft.server.log.segment.cache.num.max = 2 (custom)
2019-09-26 16:41:51,800 [pool-427-thread-1] INFO  segmented.SegmentedRaftLogWorker (SegmentedRaftLogWorker.java:<init>(172)) - new 159771ad-9275-4e40-b5e3-0b44f8b2602b@group-005C2C7EA218-SegmentedRaftLogWorker for RaftStorage:Storage Directory /workdir/hadoop-ozone/integration-test/target/test-dir/MiniOzoneClusterImpl-3c389332-0e16-4a63-91ed-68711720325b/datanode-4/data/ratis/0572e95f-7c0f-452a-9112-005c2c7ea218
2019-09-26 16:41:51,801 [pool-427-thread-1] INFO  server.RaftServerConfigKeys (ConfUtils.java:logGet(43)) - raft.server.log.queue.byte-limit = 2147483647 (custom)
2019-09-26 16:41:51,801 [pool-427-thread-1] INFO  server.RaftServerConfigKeys (ConfUtils.java:logGet(43)) - raft.server.log.queue.element-limit = 1024 (custom)
2019-09-26 16:41:51,801 [pool-427-thread-1] INFO  server.RaftServerConfigKeys (ConfUtils.java:logGet(43)) - raft.server.log.segment.size.max = 1048576 (custom)
2019-09-26 16:41:51,801 [pool-427-thread-1] INFO  server.RaftServerConfigKeys (ConfUtils.java:logGet(43)) - raft.server.log.preallocated.size = 16384 (custom)
2019-09-26 16:41:51,802 [pool-427-thread-1] INFO  server.RaftServerConfigKeys (ConfUtils.java:logGet(43)) - raft.server.log.write.buffer.size = 33554432 (custom)
2019-09-26 16:41:51,802 [pool-427-thread-1] INFO  server.RaftServerConfigKeys (ConfUtils.java:logGet(43)) - raft.server.log.force.sync.num = 128 (default)
2019-09-26 16:41:51,802 [pool-427-thread-1] INFO  server.RaftServerConfigKeys (ConfUtils.java:logGet(43)) - raft.server.log.statemachine.data.sync = true (default)
2019-09-26 16:41:51,802 [pool-427-thread-1] INFO  server.RaftServerConfigKeys (ConfUtils.java:logGet(43)) - raft.server.log.statemachine.data.sync.timeout = 10s (default)
2019-09-26 16:41:51,802 [pool-427-thread-1] INFO  server.RaftServerConfigKeys (ConfUtils.java:logGet(43)) - raft.server.log.statemachine.data.sync.timeout.retry = -1 (default)
2019-09-26 16:41:51,802 [pool-427-thread-1] INFO  server.RaftServerConfigKeys (ConfUtils.java:logGet(43)) - raft.server.log.statemachine.data.caching.enabled = true (custom)
2019-09-26 16:41:51,803 [pool-427-thread-1] INFO  segmented.SegmentedRaftLogWorker (SegmentedRaftLogWorker.java:lambda$new$0(132)) - 159771ad-9275-4e40-b5e3-0b44f8b2602b@group-005C2C7EA218-SegmentedRaftLogWorker: flushIndex: setUnconditionally 0 -> -1
2019-09-26 16:41:51,803 [pool-427-thread-1] INFO  server.RaftServerConfigKeys (ConfUtils.java:logGet(43)) - raft.server.snapshot.auto.trigger.enabled = true (custom)
2019-09-26 16:41:51,803 [pool-427-thread-1] INFO  server.RaftServerConfigKeys (ConfUtils.java:logGet(43)) - raft.server.snapshot.auto.trigger.threshold = 10000 (custom)
2019-09-26 16:41:51,803 [pool-427-thread-1] INFO  server.RaftServerConfigKeys (ConfUtils.java:logGet(43)) - raft.server.snapshot.retention.num.files = 5 (custom)
2019-09-26 16:41:51,803 [pool-427-thread-1] INFO  server.RaftServerConfigKeys (ConfUtils.java:logGet(43)) - raft.server.retrycache.expirytime = 600000ms (custom)
2019-09-26 16:41:51,805 [pool-427-thread-1] INFO  impl.RaftServerImpl (RaftServerImpl.java:start(185)) - 159771ad-9275-4e40-b5e3-0b44f8b2602b@group-005C2C7EA218: start as a follower, conf=-1: [159771ad-9275-4e40-b5e3-0b44f8b2602b:192.168.157.234:44936], old=null
2019-09-26 16:41:51,805 [pool-427-thread-1] INFO  impl.RaftServerImpl (RaftServerImpl.java:setRole(174)) - 159771ad-9275-4e40-b5e3-0b44f8b2602b@group-005C2C7EA218: changes role from      null to FOLLOWER at term 0 for startAsFollower
2019-09-26 16:41:51,805 [pool-427-thread-1] INFO  impl.RoleInfo (RoleInfo.java:updateAndGet(143)) - 159771ad-9275-4e40-b5e3-0b44f8b2602b: start FollowerState
2019-09-26 16:41:51,805 [pool-427-thread-1] INFO  util.JmxRegister (JmxRegister.java:tryRegister(44)) - Successfully registered JMX Bean with object name Ratis:service=RaftServer,group=group-005C2C7EA218,id=159771ad-9275-4e40-b5e3-0b44f8b2602b
2019-09-26 16:41:51,810 [RatisPipelineUtilsThread] INFO  pipeline.PipelineStateManager (PipelineStateManager.java:addPipeline(56)) - Created pipeline Pipeline[ Id: 0572e95f-7c0f-452a-9112-005c2c7ea218, Nodes: 159771ad-9275-4e40-b5e3-0b44f8b2602b{ip: 192.168.157.234, host: pr-hdds-2162-htzpk-1451759861, networkLocation: /rack1, certSerialId: null}, Type:RATIS, Factor:ONE, State:OPEN]
2019-09-26 16:41:51,813 [IPC Server handler 18 on 37185] INFO  net.NetworkTopology (NetworkTopologyImpl.java:add(111)) - Added a new node: /rack1/dd403047-9c6e-40b9-92d3-171c1bb28f71
2019-09-26 16:41:51,814 [IPC Server handler 18 on 37185] INFO  node.SCMNodeManager (SCMNodeManager.java:register(266)) - Registered Data node : dd403047-9c6e-40b9-92d3-171c1bb28f71{ip: 192.168.157.234, host: pr-hdds-2162-htzpk-1451759861, networkLocation: /rack1, certSerialId: null}
2019-09-26 16:41:51,824 [grpc-default-executor-2] INFO  impl.RaftServerProxy (RaftServerProxy.java:addNew(89)) - 58c4a369-c250-4760-99a6-8b9370b39159: addNew group-63DD3CFCC676:[bd1aaaac-53c2-4304-bd38-0d16eb0e5a88:192.168.157.234:40409, 159771ad-9275-4e40-b5e3-0b44f8b2602b:192.168.157.234:44936, 58c4a369-c250-4760-99a6-8b9370b39159:192.168.157.234:42613] returns group-63DD3CFCC676:java.util.concurrent.CompletableFuture@148df9df[Not completed]
2019-09-26 16:41:51,825 [grpc-default-executor-1] INFO  impl.RaftServerProxy (RaftServerProxy.java:addNew(89)) - bd1aaaac-53c2-4304-bd38-0d16eb0e5a88: addNew group-63DD3CFCC676:[bd1aaaac-53c2-4304-bd38-0d16eb0e5a88:192.168.157.234:40409, 159771ad-9275-4e40-b5e3-0b44f8b2602b:192.168.157.234:44936, 58c4a369-c250-4760-99a6-8b9370b39159:192.168.157.234:42613] returns group-63DD3CFCC676:java.util.concurrent.CompletableFuture@aad7e47[Not completed]
2019-09-26 16:41:51,825 [grpc-default-executor-2] INFO  impl.RaftServerProxy (RaftServerProxy.java:addNew(89)) - 159771ad-9275-4e40-b5e3-0b44f8b2602b: addNew group-63DD3CFCC676:[bd1aaaac-53c2-4304-bd38-0d16eb0e5a88:192.168.157.234:40409, 159771ad-9275-4e40-b5e3-0b44f8b2602b:192.168.157.234:44936, 58c4a369-c250-4760-99a6-8b9370b39159:192.168.157.234:42613] returns group-63DD3CFCC676:java.util.concurrent.CompletableFuture@518f752a[Not completed]
2019-09-26 16:41:51,826 [pool-397-thread-1] INFO  impl.RaftServerImpl (RaftServerImpl.java:<init>(95)) - 58c4a369-c250-4760-99a6-8b9370b39159: new RaftServerImpl for group-63DD3CFCC676:[bd1aaaac-53c2-4304-bd38-0d16eb0e5a88:192.168.157.234:40409, 159771ad-9275-4e40-b5e3-0b44f8b2602b:192.168.157.234:44936, 58c4a369-c250-4760-99a6-8b9370b39159:192.168.157.234:42613] with ContainerStateMachine:uninitialized
2019-09-26 16:41:51,826 [pool-397-thread-1] INFO  server.RaftServerConfigKeys (ConfUtils.java:logGet(43)) - raft.server.rpc.timeout.min = 1s (custom)
2019-09-26 16:41:51,826 [pool-397-thread-1] INFO  server.RaftServerConfigKeys (ConfUtils.java:logGet(43)) - raft.server.rpc.timeout.max = 1200ms (custom)
2019-09-26 16:41:51,826 [pool-387-thread-1] INFO  impl.RaftServerImpl (RaftServerImpl.java:<init>(95)) - bd1aaaac-53c2-4304-bd38-0d16eb0e5a88: new RaftServerImpl for group-63DD3CFCC676:[bd1aaaac-53c2-4304-bd38-0d16eb0e5a88:192.168.157.234:40409, 159771ad-9275-4e40-b5e3-0b44f8b2602b:192.168.157.234:44936, 58c4a369-c250-4760-99a6-8b9370b39159:192.168.157.234:42613] with ContainerStateMachine:uninitialized
2019-09-26 16:41:51,826 [pool-397-thread-1] INFO  server.RaftServerConfigKeys (ConfUtils.java:logGet(43)) - raft.server.rpcslowness.timeout = 120s (custom)
2019-09-26 16:41:51,826 [pool-387-thread-1] INFO  server.RaftServerConfigKeys (ConfUtils.java:logGet(43)) - raft.server.rpc.timeout.min = 1s (custom)
2019-09-26 16:41:51,826 [pool-397-thread-1] INFO  server.RaftServerConfigKeys (ConfUtils.java:logGet(43)) - raft.server.sleep.deviation.threshold = 300 (default)
2019-09-26 16:41:51,827 [pool-387-thread-1] INFO  server.RaftServerConfigKeys (ConfUtils.java:logGet(43)) - raft.server.rpc.timeout.max = 1200ms (custom)
2019-09-26 16:41:51,827 [pool-427-thread-1] INFO  impl.RaftServerImpl (RaftServerImpl.java:<init>(95)) - 159771ad-9275-4e40-b5e3-0b44f8b2602b: new RaftServerImpl for group-63DD3CFCC676:[bd1aaaac-53c2-4304-bd38-0d16eb0e5a88:192.168.157.234:40409, 159771ad-9275-4e40-b5e3-0b44f8b2602b:192.168.157.234:44936, 58c4a369-c250-4760-99a6-8b9370b39159:192.168.157.234:42613] with ContainerStateMachine:uninitialized
2019-09-26 16:41:51,827 [pool-387-thread-1] INFO  server.RaftServerConfigKeys (ConfUtils.java:logGet(43)) - raft.server.rpcslowness.timeout = 120s (custom)
2019-09-26 16:41:51,827 [pool-397-thread-1] INFO  server.RaftServerConfigKeys (ConfUtils.java:logGet(43)) - raft.server.log.appender.install.snapshot.enabled = false (custom)
2019-09-26 16:41:51,827 [pool-387-thread-1] INFO  server.RaftServerConfigKeys (ConfUtils.java:logGet(43)) - raft.server.sleep.deviation.threshold = 300 (default)
2019-09-26 16:41:51,827 [pool-387-thread-1] INFO  server.RaftServerConfigKeys (ConfUtils.java:logGet(43)) - raft.server.log.appender.install.snapshot.enabled = false (custom)
2019-09-26 16:41:51,827 [pool-427-thread-1] INFO  server.RaftServerConfigKeys (ConfUtils.java:logGet(43)) - raft.server.rpc.timeout.min = 1s (custom)
2019-09-26 16:41:51,828 [pool-387-thread-1] INFO  impl.RaftServerImpl (ServerState.java:<init>(103)) - bd1aaaac-53c2-4304-bd38-0d16eb0e5a88@group-63DD3CFCC676: ConfigurationManager, init=-1: [bd1aaaac-53c2-4304-bd38-0d16eb0e5a88:192.168.157.234:40409, 159771ad-9275-4e40-b5e3-0b44f8b2602b:192.168.157.234:44936, 58c4a369-c250-4760-99a6-8b9370b39159:192.168.157.234:42613], old=null, confs=<EMPTY_MAP>
2019-09-26 16:41:51,827 [pool-397-thread-1] INFO  impl.RaftServerImpl (ServerState.java:<init>(103)) - 58c4a369-c250-4760-99a6-8b9370b39159@group-63DD3CFCC676: ConfigurationManager, init=-1: [bd1aaaac-53c2-4304-bd38-0d16eb0e5a88:192.168.157.234:40409, 159771ad-9275-4e40-b5e3-0b44f8b2602b:192.168.157.234:44936, 58c4a369-c250-4760-99a6-8b9370b39159:192.168.157.234:42613], old=null, confs=<EMPTY_MAP>
2019-09-26 16:41:51,828 [pool-387-thread-1] INFO  server.RaftServerConfigKeys (ConfUtils.java:logGet(43)) - raft.server.storage.dir = [/workdir/hadoop-ozone/integration-test/target/test-dir/MiniOzoneClusterImpl-3c389332-0e16-4a63-91ed-68711720325b/datanode-0/data/ratis] (custom)
2019-09-26 16:41:51,828 [pool-427-thread-1] INFO  server.RaftServerConfigKeys (ConfUtils.java:logGet(43)) - raft.server.rpc.timeout.max = 1200ms (custom)
2019-09-26 16:41:51,828 [pool-397-thread-1] INFO  server.RaftServerConfigKeys (ConfUtils.java:logGet(43)) - raft.server.storage.dir = [/workdir/hadoop-ozone/integration-test/target/test-dir/MiniOzoneClusterImpl-3c389332-0e16-4a63-91ed-68711720325b/datanode-1/data/ratis] (custom)
2019-09-26 16:41:51,828 [pool-427-thread-1] INFO  server.RaftServerConfigKeys (ConfUtils.java:logGet(43)) - raft.server.rpcslowness.timeout = 120s (custom)
2019-09-26 16:41:51,829 [pool-387-thread-1] INFO  storage.RaftStorageDirectory (RaftStorageDirectory.java:analyzeStorage(246)) - The storage directory /workdir/hadoop-ozone/integration-test/target/test-dir/MiniOzoneClusterImpl-3c389332-0e16-4a63-91ed-68711720325b/datanode-0/data/ratis/98ada477-6929-41c7-b704-63dd3cfcc676 does not exist. Creating ...
2019-09-26 16:41:51,829 [pool-397-thread-1] INFO  storage.RaftStorageDirectory (RaftStorageDirectory.java:analyzeStorage(246)) - The storage directory /workdir/hadoop-ozone/integration-test/target/test-dir/MiniOzoneClusterImpl-3c389332-0e16-4a63-91ed-68711720325b/datanode-1/data/ratis/98ada477-6929-41c7-b704-63dd3cfcc676 does not exist. Creating ...
2019-09-26 16:41:51,829 [pool-427-thread-1] INFO  server.RaftServerConfigKeys (ConfUtils.java:logGet(43)) - raft.server.sleep.deviation.threshold = 300 (default)
2019-09-26 16:41:51,829 [pool-427-thread-1] INFO  server.RaftServerConfigKeys (ConfUtils.java:logGet(43)) - raft.server.log.appender.install.snapshot.enabled = false (custom)
2019-09-26 16:41:51,829 [pool-427-thread-1] INFO  impl.RaftServerImpl (ServerState.java:<init>(103)) - 159771ad-9275-4e40-b5e3-0b44f8b2602b@group-63DD3CFCC676: ConfigurationManager, init=-1: [bd1aaaac-53c2-4304-bd38-0d16eb0e5a88:192.168.157.234:40409, 159771ad-9275-4e40-b5e3-0b44f8b2602b:192.168.157.234:44936, 58c4a369-c250-4760-99a6-8b9370b39159:192.168.157.234:42613], old=null, confs=<EMPTY_MAP>
2019-09-26 16:41:51,829 [pool-427-thread-1] INFO  server.RaftServerConfigKeys (ConfUtils.java:logGet(43)) - raft.server.storage.dir = [/workdir/hadoop-ozone/integration-test/target/test-dir/MiniOzoneClusterImpl-3c389332-0e16-4a63-91ed-68711720325b/datanode-4/data/ratis] (custom)
2019-09-26 16:41:51,830 [pool-427-thread-1] INFO  storage.RaftStorageDirectory (RaftStorageDirectory.java:analyzeStorage(246)) - The storage directory /workdir/hadoop-ozone/integration-test/target/test-dir/MiniOzoneClusterImpl-3c389332-0e16-4a63-91ed-68711720325b/datanode-4/data/ratis/98ada477-6929-41c7-b704-63dd3cfcc676 does not exist. Creating ...
2019-09-26 16:41:51,843 [pool-397-thread-1] INFO  storage.RaftStorageDirectory (RaftStorageDirectory.java:tryLock(328)) - Lock on /workdir/hadoop-ozone/integration-test/target/test-dir/MiniOzoneClusterImpl-3c389332-0e16-4a63-91ed-68711720325b/datanode-1/data/ratis/98ada477-6929-41c7-b704-63dd3cfcc676/in_use.lock acquired by nodename 16662@pr-hdds-2162-htzpk-1451759861
2019-09-26 16:41:51,843 [pool-387-thread-1] INFO  storage.RaftStorageDirectory (RaftStorageDirectory.java:tryLock(328)) - Lock on /workdir/hadoop-ozone/integration-test/target/test-dir/MiniOzoneClusterImpl-3c389332-0e16-4a63-91ed-68711720325b/datanode-0/data/ratis/98ada477-6929-41c7-b704-63dd3cfcc676/in_use.lock acquired by nodename 16662@pr-hdds-2162-htzpk-1451759861
2019-09-26 16:41:51,843 [pool-427-thread-1] INFO  storage.RaftStorageDirectory (RaftStorageDirectory.java:tryLock(328)) - Lock on /workdir/hadoop-ozone/integration-test/target/test-dir/MiniOzoneClusterImpl-3c389332-0e16-4a63-91ed-68711720325b/datanode-4/data/ratis/98ada477-6929-41c7-b704-63dd3cfcc676/in_use.lock acquired by nodename 16662@pr-hdds-2162-htzpk-1451759861
2019-09-26 16:41:51,857 [pool-397-thread-1] INFO  storage.RaftStorage (RaftStorage.java:format(72)) - Storage directory /workdir/hadoop-ozone/integration-test/target/test-dir/MiniOzoneClusterImpl-3c389332-0e16-4a63-91ed-68711720325b/datanode-1/data/ratis/98ada477-6929-41c7-b704-63dd3cfcc676 has been successfully formatted.
2019-09-26 16:41:51,857 [pool-427-thread-1] INFO  storage.RaftStorage (RaftStorage.java:format(72)) - Storage directory /workdir/hadoop-ozone/integration-test/target/test-dir/MiniOzoneClusterImpl-3c389332-0e16-4a63-91ed-68711720325b/datanode-4/data/ratis/98ada477-6929-41c7-b704-63dd3cfcc676 has been successfully formatted.
2019-09-26 16:41:51,857 [pool-397-thread-1] INFO  ratis.ContainerStateMachine (ContainerStateMachine.java:loadSnapshot(230)) - group-63DD3CFCC676: The snapshot info is null. Setting the last applied indexto:(t:0, i:~)
2019-09-26 16:41:51,857 [pool-427-thread-1] INFO  ratis.ContainerStateMachine (ContainerStateMachine.java:loadSnapshot(230)) - group-63DD3CFCC676: The snapshot info is null. Setting the last applied indexto:(t:0, i:~)
2019-09-26 16:41:51,857 [pool-387-thread-1] INFO  storage.RaftStorage (RaftStorage.java:format(72)) - Storage directory /workdir/hadoop-ozone/integration-test/target/test-dir/MiniOzoneClusterImpl-3c389332-0e16-4a63-91ed-68711720325b/datanode-0/data/ratis/98ada477-6929-41c7-b704-63dd3cfcc676 has been successfully formatted.
2019-09-26 16:41:51,857 [pool-427-thread-1] INFO  server.RaftServerConfigKeys (ConfUtils.java:logGet(43)) - raft.server.notification.no-leader.timeout = 120s (custom)
2019-09-26 16:41:51,857 [pool-397-thread-1] INFO  server.RaftServerConfigKeys (ConfUtils.java:logGet(43)) - raft.server.notification.no-leader.timeout = 120s (custom)
2019-09-26 16:41:51,858 [pool-427-thread-1] INFO  server.RaftServerConfigKeys (ConfUtils.java:logGet(43)) - raft.server.log.use.memory = false (default)
2019-09-26 16:41:51,858 [pool-387-thread-1] INFO  ratis.ContainerStateMachine (ContainerStateMachine.java:loadSnapshot(230)) - group-63DD3CFCC676: The snapshot info is null. Setting the last applied indexto:(t:0, i:~)
2019-09-26 16:41:51,858 [pool-427-thread-1] INFO  server.RaftServerConfigKeys (ConfUtils.java:logGet(43)) - raft.server.log.purge.gap = 1000000 (custom)
2019-09-26 16:41:51,858 [pool-397-thread-1] INFO  server.RaftServerConfigKeys (ConfUtils.java:logGet(43)) - raft.server.log.use.memory = false (default)
2019-09-26 16:41:51,858 [pool-427-thread-1] INFO  server.RaftServerConfigKeys (ConfUtils.java:logGet(43)) - raft.server.log.appender.buffer.byte-limit = 33554432 (custom)
2019-09-26 16:41:51,858 [pool-387-thread-1] INFO  server.RaftServerConfigKeys (ConfUtils.java:logGet(43)) - raft.server.notification.no-leader.timeout = 120s (custom)
2019-09-26 16:41:51,859 [pool-427-thread-1] INFO  server.RaftServerConfigKeys (ConfUtils.java:logGet(43)) - raft.server.log.segment.size.max = 1048576 (custom)
2019-09-26 16:41:51,858 [pool-397-thread-1] INFO  server.RaftServerConfigKeys (ConfUtils.java:logGet(43)) - raft.server.log.purge.gap = 1000000 (custom)
2019-09-26 16:41:51,859 [pool-427-thread-1] INFO  server.RaftServerConfigKeys (ConfUtils.java:logGet(43)) - raft.server.log.segment.cache.num.max = 2 (custom)
2019-09-26 16:41:51,859 [pool-387-thread-1] INFO  server.RaftServerConfigKeys (ConfUtils.java:logGet(43)) - raft.server.log.use.memory = false (default)
2019-09-26 16:41:51,859 [pool-427-thread-1] INFO  segmented.SegmentedRaftLogWorker (SegmentedRaftLogWorker.java:<init>(172)) - new 159771ad-9275-4e40-b5e3-0b44f8b2602b@group-63DD3CFCC676-SegmentedRaftLogWorker for RaftStorage:Storage Directory /workdir/hadoop-ozone/integration-test/target/test-dir/MiniOzoneClusterImpl-3c389332-0e16-4a63-91ed-68711720325b/datanode-4/data/ratis/98ada477-6929-41c7-b704-63dd3cfcc676
2019-09-26 16:41:51,860 [pool-427-thread-1] INFO  server.RaftServerConfigKeys (ConfUtils.java:logGet(43)) - raft.server.log.queue.byte-limit = 2147483647 (custom)
2019-09-26 16:41:51,859 [pool-397-thread-1] INFO  server.RaftServerConfigKeys (ConfUtils.java:logGet(43)) - raft.server.log.appender.buffer.byte-limit = 33554432 (custom)
2019-09-26 16:41:51,860 [pool-427-thread-1] INFO  server.RaftServerConfigKeys (ConfUtils.java:logGet(43)) - raft.server.log.queue.element-limit = 1024 (custom)
2019-09-26 16:41:51,859 [pool-387-thread-1] INFO  server.RaftServerConfigKeys (ConfUtils.java:logGet(43)) - raft.server.log.purge.gap = 1000000 (custom)
2019-09-26 16:41:51,860 [pool-427-thread-1] INFO  server.RaftServerConfigKeys (ConfUtils.java:logGet(43)) - raft.server.log.segment.size.max = 1048576 (custom)
2019-09-26 16:41:51,860 [pool-397-thread-1] INFO  server.RaftServerConfigKeys (ConfUtils.java:logGet(43)) - raft.server.log.segment.size.max = 1048576 (custom)
2019-09-26 16:41:51,860 [pool-427-thread-1] INFO  server.RaftServerConfigKeys (ConfUtils.java:logGet(43)) - raft.server.log.preallocated.size = 16384 (custom)
2019-09-26 16:41:51,860 [pool-387-thread-1] INFO  server.RaftServerConfigKeys (ConfUtils.java:logGet(43)) - raft.server.log.appender.buffer.byte-limit = 33554432 (custom)
2019-09-26 16:41:51,861 [pool-427-thread-1] INFO  server.RaftServerConfigKeys (ConfUtils.java:logGet(43)) - raft.server.log.write.buffer.size = 33554432 (custom)
2019-09-26 16:41:51,861 [pool-427-thread-1] INFO  server.RaftServerConfigKeys (ConfUtils.java:logGet(43)) - raft.server.log.force.sync.num = 128 (default)
2019-09-26 16:41:51,861 [pool-397-thread-1] INFO  server.RaftServerConfigKeys (ConfUtils.java:logGet(43)) - raft.server.log.segment.cache.num.max = 2 (custom)
2019-09-26 16:41:51,861 [pool-427-thread-1] INFO  server.RaftServerConfigKeys (ConfUtils.java:logGet(43)) - raft.server.log.statemachine.data.sync = true (default)
2019-09-26 16:41:51,861 [pool-387-thread-1] INFO  server.RaftServerConfigKeys (ConfUtils.java:logGet(43)) - raft.server.log.segment.size.max = 1048576 (custom)
2019-09-26 16:41:51,862 [pool-427-thread-1] INFO  server.RaftServerConfigKeys (ConfUtils.java:logGet(43)) - raft.server.log.statemachine.data.sync.timeout = 10s (default)
2019-09-26 16:41:51,861 [pool-397-thread-1] INFO  segmented.SegmentedRaftLogWorker (SegmentedRaftLogWorker.java:<init>(172)) - new 58c4a369-c250-4760-99a6-8b9370b39159@group-63DD3CFCC676-SegmentedRaftLogWorker for RaftStorage:Storage Directory /workdir/hadoop-ozone/integration-test/target/test-dir/MiniOzoneClusterImpl-3c389332-0e16-4a63-91ed-68711720325b/datanode-1/data/ratis/98ada477-6929-41c7-b704-63dd3cfcc676
2019-09-26 16:41:51,862 [pool-427-thread-1] INFO  server.RaftServerConfigKeys (ConfUtils.java:logGet(43)) - raft.server.log.statemachine.data.sync.timeout.retry = -1 (default)
2019-09-26 16:41:51,862 [pool-387-thread-1] INFO  server.RaftServerConfigKeys (ConfUtils.java:logGet(43)) - raft.server.log.segment.cache.num.max = 2 (custom)
2019-09-26 16:41:51,862 [pool-427-thread-1] INFO  server.RaftServerConfigKeys (ConfUtils.java:logGet(43)) - raft.server.log.statemachine.data.caching.enabled = true (custom)
2019-09-26 16:41:51,862 [pool-397-thread-1] INFO  server.RaftServerConfigKeys (ConfUtils.java:logGet(43)) - raft.server.log.queue.byte-limit = 2147483647 (custom)
2019-09-26 16:41:51,863 [pool-427-thread-1] INFO  segmented.SegmentedRaftLogWorker (SegmentedRaftLogWorker.java:lambda$new$0(132)) - 159771ad-9275-4e40-b5e3-0b44f8b2602b@group-63DD3CFCC676-SegmentedRaftLogWorker: flushIndex: setUnconditionally 0 -> -1
2019-09-26 16:41:51,863 [pool-397-thread-1] INFO  server.RaftServerConfigKeys (ConfUtils.java:logGet(43)) - raft.server.log.queue.element-limit = 1024 (custom)
2019-09-26 16:41:51,862 [pool-387-thread-1] INFO  segmented.SegmentedRaftLogWorker (SegmentedRaftLogWorker.java:<init>(172)) - new bd1aaaac-53c2-4304-bd38-0d16eb0e5a88@group-63DD3CFCC676-SegmentedRaftLogWorker for RaftStorage:Storage Directory /workdir/hadoop-ozone/integration-test/target/test-dir/MiniOzoneClusterImpl-3c389332-0e16-4a63-91ed-68711720325b/datanode-0/data/ratis/98ada477-6929-41c7-b704-63dd3cfcc676
2019-09-26 16:41:51,863 [pool-427-thread-1] INFO  server.RaftServerConfigKeys (ConfUtils.java:logGet(43)) - raft.server.snapshot.auto.trigger.enabled = true (custom)
2019-09-26 16:41:51,863 [pool-397-thread-1] INFO  server.RaftServerConfigKeys (ConfUtils.java:logGet(43)) - raft.server.log.segment.size.max = 1048576 (custom)
2019-09-26 16:41:51,863 [pool-427-thread-1] INFO  server.RaftServerConfigKeys (ConfUtils.java:logGet(43)) - raft.server.snapshot.auto.trigger.threshold = 10000 (custom)
2019-09-26 16:41:51,864 [pool-427-thread-1] INFO  server.RaftServerConfigKeys (ConfUtils.java:logGet(43)) - raft.server.snapshot.retention.num.files = 5 (custom)
2019-09-26 16:41:51,863 [pool-387-thread-1] INFO  server.RaftServerConfigKeys (ConfUtils.java:logGet(43)) - raft.server.log.queue.byte-limit = 2147483647 (custom)
2019-09-26 16:41:51,864 [pool-427-thread-1] INFO  server.RaftServerConfigKeys (ConfUtils.java:logGet(43)) - raft.server.retrycache.expirytime = 600000ms (custom)
2019-09-26 16:41:51,864 [pool-397-thread-1] INFO  server.RaftServerConfigKeys (ConfUtils.java:logGet(43)) - raft.server.log.preallocated.size = 16384 (custom)
2019-09-26 16:41:51,864 [pool-387-thread-1] INFO  server.RaftServerConfigKeys (ConfUtils.java:logGet(43)) - raft.server.log.queue.element-limit = 1024 (custom)
2019-09-26 16:41:51,864 [pool-397-thread-1] INFO  server.RaftServerConfigKeys (ConfUtils.java:logGet(43)) - raft.server.log.write.buffer.size = 33554432 (custom)
2019-09-26 16:41:51,865 [pool-387-thread-1] INFO  server.RaftServerConfigKeys (ConfUtils.java:logGet(43)) - raft.server.log.segment.size.max = 1048576 (custom)
2019-09-26 16:41:51,865 [pool-397-thread-1] INFO  server.RaftServerConfigKeys (ConfUtils.java:logGet(43)) - raft.server.log.force.sync.num = 128 (default)
2019-09-26 16:41:51,865 [pool-387-thread-1] INFO  server.RaftServerConfigKeys (ConfUtils.java:logGet(43)) - raft.server.log.preallocated.size = 16384 (custom)
2019-09-26 16:41:51,865 [pool-397-thread-1] INFO  server.RaftServerConfigKeys (ConfUtils.java:logGet(43)) - raft.server.log.statemachine.data.sync = true (default)
2019-09-26 16:41:51,865 [pool-387-thread-1] INFO  server.RaftServerConfigKeys (ConfUtils.java:logGet(43)) - raft.server.log.write.buffer.size = 33554432 (custom)
2019-09-26 16:41:51,865 [pool-397-thread-1] INFO  server.RaftServerConfigKeys (ConfUtils.java:logGet(43)) - raft.server.log.statemachine.data.sync.timeout = 10s (default)
2019-09-26 16:41:51,865 [pool-387-thread-1] INFO  server.RaftServerConfigKeys (ConfUtils.java:logGet(43)) - raft.server.log.force.sync.num = 128 (default)
2019-09-26 16:41:51,866 [pool-397-thread-1] INFO  server.RaftServerConfigKeys (ConfUtils.java:logGet(43)) - raft.server.log.statemachine.data.sync.timeout.retry = -1 (default)
2019-09-26 16:41:51,866 [pool-387-thread-1] INFO  server.RaftServerConfigKeys (ConfUtils.java:logGet(43)) - raft.server.log.statemachine.data.sync = true (default)
2019-09-26 16:41:51,866 [pool-427-thread-1] INFO  impl.RaftServerImpl (RaftServerImpl.java:start(185)) - 159771ad-9275-4e40-b5e3-0b44f8b2602b@group-63DD3CFCC676: start as a follower, conf=-1: [bd1aaaac-53c2-4304-bd38-0d16eb0e5a88:192.168.157.234:40409, 159771ad-9275-4e40-b5e3-0b44f8b2602b:192.168.157.234:44936, 58c4a369-c250-4760-99a6-8b9370b39159:192.168.157.234:42613], old=null
2019-09-26 16:41:51,866 [pool-397-thread-1] INFO  server.RaftServerConfigKeys (ConfUtils.java:logGet(43)) - raft.server.log.statemachine.data.caching.enabled = true (custom)
2019-09-26 16:41:51,866 [pool-427-thread-1] INFO  impl.RaftServerImpl (RaftServerImpl.java:setRole(174)) - 159771ad-9275-4e40-b5e3-0b44f8b2602b@group-63DD3CFCC676: changes role from      null to FOLLOWER at term 0 for startAsFollower
2019-09-26 16:41:51,866 [pool-387-thread-1] INFO  server.RaftServerConfigKeys (ConfUtils.java:logGet(43)) - raft.server.log.statemachine.data.sync.timeout = 10s (default)
2019-09-26 16:41:51,866 [pool-397-thread-1] INFO  segmented.SegmentedRaftLogWorker (SegmentedRaftLogWorker.java:lambda$new$0(132)) - 58c4a369-c250-4760-99a6-8b9370b39159@group-63DD3CFCC676-SegmentedRaftLogWorker: flushIndex: setUnconditionally 0 -> -1
2019-09-26 16:41:51,866 [pool-427-thread-1] INFO  impl.RoleInfo (RoleInfo.java:updateAndGet(143)) - 159771ad-9275-4e40-b5e3-0b44f8b2602b: start FollowerState
2019-09-26 16:41:51,867 [pool-387-thread-1] INFO  server.RaftServerConfigKeys (ConfUtils.java:logGet(43)) - raft.server.log.statemachine.data.sync.timeout.retry = -1 (default)
2019-09-26 16:41:51,867 [pool-397-thread-1] INFO  server.RaftServerConfigKeys (ConfUtils.java:logGet(43)) - raft.server.snapshot.auto.trigger.enabled = true (custom)
2019-09-26 16:41:51,867 [pool-427-thread-1] INFO  util.JmxRegister (JmxRegister.java:tryRegister(44)) - Successfully registered JMX Bean with object name Ratis:service=RaftServer,group=group-63DD3CFCC676,id=159771ad-9275-4e40-b5e3-0b44f8b2602b
2019-09-26 16:41:51,867 [pool-387-thread-1] INFO  server.RaftServerConfigKeys (ConfUtils.java:logGet(43)) - raft.server.log.statemachine.data.caching.enabled = true (custom)
2019-09-26 16:41:51,867 [pool-397-thread-1] INFO  server.RaftServerConfigKeys (ConfUtils.java:logGet(43)) - raft.server.snapshot.auto.trigger.threshold = 10000 (custom)
2019-09-26 16:41:51,868 [pool-397-thread-1] INFO  server.RaftServerConfigKeys (ConfUtils.java:logGet(43)) - raft.server.snapshot.retention.num.files = 5 (custom)
2019-09-26 16:41:51,868 [pool-387-thread-1] INFO  segmented.SegmentedRaftLogWorker (SegmentedRaftLogWorker.java:lambda$new$0(132)) - bd1aaaac-53c2-4304-bd38-0d16eb0e5a88@group-63DD3CFCC676-SegmentedRaftLogWorker: flushIndex: setUnconditionally 0 -> -1
2019-09-26 16:41:51,868 [pool-397-thread-1] INFO  server.RaftServerConfigKeys (ConfUtils.java:logGet(43)) - raft.server.retrycache.expirytime = 600000ms (custom)
2019-09-26 16:41:51,868 [pool-387-thread-1] INFO  server.RaftServerConfigKeys (ConfUtils.java:logGet(43)) - raft.server.snapshot.auto.trigger.enabled = true (custom)
2019-09-26 16:41:51,868 [pool-387-thread-1] INFO  server.RaftServerConfigKeys (ConfUtils.java:logGet(43)) - raft.server.snapshot.auto.trigger.threshold = 10000 (custom)
2019-09-26 16:41:51,868 [pool-387-thread-1] INFO  server.RaftServerConfigKeys (ConfUtils.java:logGet(43)) - raft.server.snapshot.retention.num.files = 5 (custom)
2019-09-26 16:41:51,872 [pool-387-thread-1] INFO  server.RaftServerConfigKeys (ConfUtils.java:logGet(43)) - raft.server.retrycache.expirytime = 600000ms (custom)
2019-09-26 16:41:51,874 [pool-397-thread-1] INFO  impl.RaftServerImpl (RaftServerImpl.java:start(185)) - 58c4a369-c250-4760-99a6-8b9370b39159@group-63DD3CFCC676: start as a follower, conf=-1: [bd1aaaac-53c2-4304-bd38-0d16eb0e5a88:192.168.157.234:40409, 159771ad-9275-4e40-b5e3-0b44f8b2602b:192.168.157.234:44936, 58c4a369-c250-4760-99a6-8b9370b39159:192.168.157.234:42613], old=null
2019-09-26 16:41:51,874 [pool-397-thread-1] INFO  impl.RaftServerImpl (RaftServerImpl.java:setRole(174)) - 58c4a369-c250-4760-99a6-8b9370b39159@group-63DD3CFCC676: changes role from      null to FOLLOWER at term 0 for startAsFollower
2019-09-26 16:41:51,874 [pool-397-thread-1] INFO  impl.RoleInfo (RoleInfo.java:updateAndGet(143)) - 58c4a369-c250-4760-99a6-8b9370b39159: start FollowerState
2019-09-26 16:41:51,874 [pool-387-thread-1] INFO  impl.RaftServerImpl (RaftServerImpl.java:start(185)) - bd1aaaac-53c2-4304-bd38-0d16eb0e5a88@group-63DD3CFCC676: start as a follower, conf=-1: [bd1aaaac-53c2-4304-bd38-0d16eb0e5a88:192.168.157.234:40409, 159771ad-9275-4e40-b5e3-0b44f8b2602b:192.168.157.234:44936, 58c4a369-c250-4760-99a6-8b9370b39159:192.168.157.234:42613], old=null
2019-09-26 16:41:51,874 [pool-387-thread-1] INFO  impl.RaftServerImpl (RaftServerImpl.java:setRole(174)) - bd1aaaac-53c2-4304-bd38-0d16eb0e5a88@group-63DD3CFCC676: changes role from      null to FOLLOWER at term 0 for startAsFollower
2019-09-26 16:41:51,874 [pool-397-thread-1] INFO  util.JmxRegister (JmxRegister.java:tryRegister(44)) - Successfully registered JMX Bean with object name Ratis:service=RaftServer,group=group-63DD3CFCC676,id=58c4a369-c250-4760-99a6-8b9370b39159
2019-09-26 16:41:51,875 [pool-387-thread-1] INFO  impl.RoleInfo (RoleInfo.java:updateAndGet(143)) - bd1aaaac-53c2-4304-bd38-0d16eb0e5a88: start FollowerState
2019-09-26 16:41:51,875 [pool-387-thread-1] INFO  util.JmxRegister (JmxRegister.java:tryRegister(44)) - Successfully registered JMX Bean with object name Ratis:service=RaftServer,group=group-63DD3CFCC676,id=bd1aaaac-53c2-4304-bd38-0d16eb0e5a88
2019-09-26 16:41:51,879 [IPC Server handler 0 on 37185] INFO  net.NetworkTopology (NetworkTopologyImpl.java:add(111)) - Added a new node: /rack1/289fcb57-3dc7-4202-a3b5-f15c84f9ab45
2019-09-26 16:41:51,883 [IPC Server handler 0 on 37185] INFO  node.SCMNodeManager (SCMNodeManager.java:register(266)) - Registered Data node : 289fcb57-3dc7-4202-a3b5-f15c84f9ab45{ip: 192.168.157.234, host: pr-hdds-2162-htzpk-1451759861, networkLocation: /rack1, certSerialId: null}
2019-09-26 16:41:51,884 [RatisPipelineUtilsThread] INFO  pipeline.PipelineStateManager (PipelineStateManager.java:addPipeline(56)) - Created pipeline Pipeline[ Id: 98ada477-6929-41c7-b704-63dd3cfcc676, Nodes: 159771ad-9275-4e40-b5e3-0b44f8b2602b{ip: 192.168.157.234, host: pr-hdds-2162-htzpk-1451759861, networkLocation: /rack1, certSerialId: null}58c4a369-c250-4760-99a6-8b9370b39159{ip: 192.168.157.234, host: pr-hdds-2162-htzpk-1451759861, networkLocation: /rack1, certSerialId: null}bd1aaaac-53c2-4304-bd38-0d16eb0e5a88{ip: 192.168.157.234, host: pr-hdds-2162-htzpk-1451759861, networkLocation: /rack1, certSerialId: null}, Type:RATIS, Factor:THREE, State:OPEN]
2019-09-26 16:41:51,914 [grpc-default-executor-0] INFO  impl.RaftServerProxy (RaftServerProxy.java:addNew(89)) - ba66a674-5e84-4bd3-9f35-73a521070499: addNew group-DC19A4D7286F:[ba66a674-5e84-4bd3-9f35-73a521070499:192.168.157.234:37282, 289fcb57-3dc7-4202-a3b5-f15c84f9ab45:192.168.157.234:45955, a15262cf-293c-4f16-a68b-da2cb3cd04b4:192.168.157.234:46487] returns group-DC19A4D7286F:java.util.concurrent.CompletableFuture@41430e5c[Not completed]
2019-09-26 16:41:51,914 [grpc-default-executor-2] INFO  impl.RaftServerProxy (RaftServerProxy.java:addNew(89)) - 289fcb57-3dc7-4202-a3b5-f15c84f9ab45: addNew group-DC19A4D7286F:[ba66a674-5e84-4bd3-9f35-73a521070499:192.168.157.234:37282, 289fcb57-3dc7-4202-a3b5-f15c84f9ab45:192.168.157.234:45955, a15262cf-293c-4f16-a68b-da2cb3cd04b4:192.168.157.234:46487] returns group-DC19A4D7286F:java.util.concurrent.CompletableFuture@1bac9a1f[Not completed]
2019-09-26 16:41:51,914 [grpc-default-executor-1] INFO  impl.RaftServerProxy (RaftServerProxy.java:addNew(89)) - a15262cf-293c-4f16-a68b-da2cb3cd04b4: addNew group-DC19A4D7286F:[ba66a674-5e84-4bd3-9f35-73a521070499:192.168.157.234:37282, 289fcb57-3dc7-4202-a3b5-f15c84f9ab45:192.168.157.234:45955, a15262cf-293c-4f16-a68b-da2cb3cd04b4:192.168.157.234:46487] returns group-DC19A4D7286F:java.util.concurrent.CompletableFuture@67fba919[Not completed]
2019-09-26 16:41:51,919 [pool-407-thread-1] INFO  impl.RaftServerImpl (RaftServerImpl.java:<init>(95)) - a15262cf-293c-4f16-a68b-da2cb3cd04b4: new RaftServerImpl for group-DC19A4D7286F:[ba66a674-5e84-4bd3-9f35-73a521070499:192.168.157.234:37282, 289fcb57-3dc7-4202-a3b5-f15c84f9ab45:192.168.157.234:45955, a15262cf-293c-4f16-a68b-da2cb3cd04b4:192.168.157.234:46487] with ContainerStateMachine:uninitialized
2019-09-26 16:41:51,919 [pool-407-thread-1] INFO  server.RaftServerConfigKeys (ConfUtils.java:logGet(43)) - raft.server.rpc.timeout.min = 1s (custom)
2019-09-26 16:41:51,919 [pool-407-thread-1] INFO  server.RaftServerConfigKeys (ConfUtils.java:logGet(43)) - raft.server.rpc.timeout.max = 1200ms (custom)
2019-09-26 16:41:51,919 [pool-447-thread-1] INFO  impl.RaftServerImpl (RaftServerImpl.java:<init>(95)) - 289fcb57-3dc7-4202-a3b5-f15c84f9ab45: new RaftServerImpl for group-DC19A4D7286F:[ba66a674-5e84-4bd3-9f35-73a521070499:192.168.157.234:37282, 289fcb57-3dc7-4202-a3b5-f15c84f9ab45:192.168.157.234:45955, a15262cf-293c-4f16-a68b-da2cb3cd04b4:192.168.157.234:46487] with ContainerStateMachine:uninitialized
2019-09-26 16:41:51,919 [pool-407-thread-1] INFO  server.RaftServerConfigKeys (ConfUtils.java:logGet(43)) - raft.server.rpcslowness.timeout = 120s (custom)
2019-09-26 16:41:51,920 [pool-417-thread-1] INFO  impl.RaftServerImpl (RaftServerImpl.java:<init>(95)) - ba66a674-5e84-4bd3-9f35-73a521070499: new RaftServerImpl for group-DC19A4D7286F:[ba66a674-5e84-4bd3-9f35-73a521070499:192.168.157.234:37282, 289fcb57-3dc7-4202-a3b5-f15c84f9ab45:192.168.157.234:45955, a15262cf-293c-4f16-a68b-da2cb3cd04b4:192.168.157.234:46487] with ContainerStateMachine:uninitialized
2019-09-26 16:41:51,920 [pool-447-thread-1] INFO  server.RaftServerConfigKeys (ConfUtils.java:logGet(43)) - raft.server.rpc.timeout.min = 1s (custom)
2019-09-26 16:41:51,920 [pool-417-thread-1] INFO  server.RaftServerConfigKeys (ConfUtils.java:logGet(43)) - raft.server.rpc.timeout.min = 1s (custom)
2019-09-26 16:41:51,920 [pool-407-thread-1] INFO  server.RaftServerConfigKeys (ConfUtils.java:logGet(43)) - raft.server.sleep.deviation.threshold = 300 (default)
2019-09-26 16:41:51,920 [pool-417-thread-1] INFO  server.RaftServerConfigKeys (ConfUtils.java:logGet(43)) - raft.server.rpc.timeout.max = 1200ms (custom)
2019-09-26 16:41:51,920 [pool-447-thread-1] INFO  server.RaftServerConfigKeys (ConfUtils.java:logGet(43)) - raft.server.rpc.timeout.max = 1200ms (custom)
2019-09-26 16:41:51,920 [pool-417-thread-1] INFO  server.RaftServerConfigKeys (ConfUtils.java:logGet(43)) - raft.server.rpcslowness.timeout = 120s (custom)
2019-09-26 16:41:51,920 [pool-407-thread-1] INFO  server.RaftServerConfigKeys (ConfUtils.java:logGet(43)) - raft.server.log.appender.install.snapshot.enabled = false (custom)
2019-09-26 16:41:51,921 [pool-417-thread-1] INFO  server.RaftServerConfigKeys (ConfUtils.java:logGet(43)) - raft.server.sleep.deviation.threshold = 300 (default)
2019-09-26 16:41:51,921 [pool-447-thread-1] INFO  server.RaftServerConfigKeys (ConfUtils.java:logGet(43)) - raft.server.rpcslowness.timeout = 120s (custom)
2019-09-26 16:41:51,921 [pool-417-thread-1] INFO  server.RaftServerConfigKeys (ConfUtils.java:logGet(43)) - raft.server.log.appender.install.snapshot.enabled = false (custom)
2019-09-26 16:41:51,921 [pool-407-thread-1] INFO  impl.RaftServerImpl (ServerState.java:<init>(103)) - a15262cf-293c-4f16-a68b-da2cb3cd04b4@group-DC19A4D7286F: ConfigurationManager, init=-1: [ba66a674-5e84-4bd3-9f35-73a521070499:192.168.157.234:37282, 289fcb57-3dc7-4202-a3b5-f15c84f9ab45:192.168.157.234:45955, a15262cf-293c-4f16-a68b-da2cb3cd04b4:192.168.157.234:46487], old=null, confs=<EMPTY_MAP>
2019-09-26 16:41:51,921 [pool-417-thread-1] INFO  impl.RaftServerImpl (ServerState.java:<init>(103)) - ba66a674-5e84-4bd3-9f35-73a521070499@group-DC19A4D7286F: ConfigurationManager, init=-1: [ba66a674-5e84-4bd3-9f35-73a521070499:192.168.157.234:37282, 289fcb57-3dc7-4202-a3b5-f15c84f9ab45:192.168.157.234:45955, a15262cf-293c-4f16-a68b-da2cb3cd04b4:192.168.157.234:46487], old=null, confs=<EMPTY_MAP>
2019-09-26 16:41:51,921 [pool-447-thread-1] INFO  server.RaftServerConfigKeys (ConfUtils.java:logGet(43)) - raft.server.sleep.deviation.threshold = 300 (default)
2019-09-26 16:41:51,922 [pool-417-thread-1] INFO  server.RaftServerConfigKeys (ConfUtils.java:logGet(43)) - raft.server.storage.dir = [/workdir/hadoop-ozone/integration-test/target/test-dir/MiniOzoneClusterImpl-3c389332-0e16-4a63-91ed-68711720325b/datanode-3/data/ratis] (custom)
2019-09-26 16:41:51,921 [pool-407-thread-1] INFO  server.RaftServerConfigKeys (ConfUtils.java:logGet(43)) - raft.server.storage.dir = [/workdir/hadoop-ozone/integration-test/target/test-dir/MiniOzoneClusterImpl-3c389332-0e16-4a63-91ed-68711720325b/datanode-2/data/ratis] (custom)
2019-09-26 16:41:51,922 [pool-447-thread-1] INFO  server.RaftServerConfigKeys (ConfUtils.java:logGet(43)) - raft.server.log.appender.install.snapshot.enabled = false (custom)
2019-09-26 16:41:51,922 [pool-417-thread-1] INFO  storage.RaftStorageDirectory (RaftStorageDirectory.java:analyzeStorage(246)) - The storage directory /workdir/hadoop-ozone/integration-test/target/test-dir/MiniOzoneClusterImpl-3c389332-0e16-4a63-91ed-68711720325b/datanode-3/data/ratis/f8fa533e-4fc3-4d2c-9c60-dc19a4d7286f does not exist. Creating ...
2019-09-26 16:41:51,922 [pool-447-thread-1] INFO  impl.RaftServerImpl (ServerState.java:<init>(103)) - 289fcb57-3dc7-4202-a3b5-f15c84f9ab45@group-DC19A4D7286F: ConfigurationManager, init=-1: [ba66a674-5e84-4bd3-9f35-73a521070499:192.168.157.234:37282, 289fcb57-3dc7-4202-a3b5-f15c84f9ab45:192.168.157.234:45955, a15262cf-293c-4f16-a68b-da2cb3cd04b4:192.168.157.234:46487], old=null, confs=<EMPTY_MAP>
2019-09-26 16:41:51,922 [pool-407-thread-1] INFO  storage.RaftStorageDirectory (RaftStorageDirectory.java:analyzeStorage(246)) - The storage directory /workdir/hadoop-ozone/integration-test/target/test-dir/MiniOzoneClusterImpl-3c389332-0e16-4a63-91ed-68711720325b/datanode-2/data/ratis/f8fa533e-4fc3-4d2c-9c60-dc19a4d7286f does not exist. Creating ...
2019-09-26 16:41:51,923 [pool-447-thread-1] INFO  server.RaftServerConfigKeys (ConfUtils.java:logGet(43)) - raft.server.storage.dir = [/workdir/hadoop-ozone/integration-test/target/test-dir/MiniOzoneClusterImpl-3c389332-0e16-4a63-91ed-68711720325b/datanode-6/data/ratis] (custom)
2019-09-26 16:41:51,923 [pool-447-thread-1] INFO  storage.RaftStorageDirectory (RaftStorageDirectory.java:analyzeStorage(246)) - The storage directory /workdir/hadoop-ozone/integration-test/target/test-dir/MiniOzoneClusterImpl-3c389332-0e16-4a63-91ed-68711720325b/datanode-6/data/ratis/f8fa533e-4fc3-4d2c-9c60-dc19a4d7286f does not exist. Creating ...
2019-09-26 16:41:51,936 [pool-407-thread-1] INFO  storage.RaftStorageDirectory (RaftStorageDirectory.java:tryLock(328)) - Lock on /workdir/hadoop-ozone/integration-test/target/test-dir/MiniOzoneClusterImpl-3c389332-0e16-4a63-91ed-68711720325b/datanode-2/data/ratis/f8fa533e-4fc3-4d2c-9c60-dc19a4d7286f/in_use.lock acquired by nodename 16662@pr-hdds-2162-htzpk-1451759861
2019-09-26 16:41:51,936 [pool-417-thread-1] INFO  storage.RaftStorageDirectory (RaftStorageDirectory.java:tryLock(328)) - Lock on /workdir/hadoop-ozone/integration-test/target/test-dir/MiniOzoneClusterImpl-3c389332-0e16-4a63-91ed-68711720325b/datanode-3/data/ratis/f8fa533e-4fc3-4d2c-9c60-dc19a4d7286f/in_use.lock acquired by nodename 16662@pr-hdds-2162-htzpk-1451759861
2019-09-26 16:41:51,936 [pool-447-thread-1] INFO  storage.RaftStorageDirectory (RaftStorageDirectory.java:tryLock(328)) - Lock on /workdir/hadoop-ozone/integration-test/target/test-dir/MiniOzoneClusterImpl-3c389332-0e16-4a63-91ed-68711720325b/datanode-6/data/ratis/f8fa533e-4fc3-4d2c-9c60-dc19a4d7286f/in_use.lock acquired by nodename 16662@pr-hdds-2162-htzpk-1451759861
2019-09-26 16:41:51,942 [IPC Server handler 1 on 37185] INFO  net.NetworkTopology (NetworkTopologyImpl.java:add(111)) - Added a new node: /rack1/aaf131e7-2dac-4210-b86d-af9f66f4fd82
2019-09-26 16:41:51,942 [IPC Server handler 1 on 37185] INFO  node.SCMNodeManager (SCMNodeManager.java:register(266)) - Registered Data node : aaf131e7-2dac-4210-b86d-af9f66f4fd82{ip: 192.168.157.234, host: pr-hdds-2162-htzpk-1451759861, networkLocation: /rack1, certSerialId: null}
2019-09-26 16:41:51,950 [pool-407-thread-1] INFO  storage.RaftStorage (RaftStorage.java:format(72)) - Storage directory /workdir/hadoop-ozone/integration-test/target/test-dir/MiniOzoneClusterImpl-3c389332-0e16-4a63-91ed-68711720325b/datanode-2/data/ratis/f8fa533e-4fc3-4d2c-9c60-dc19a4d7286f has been successfully formatted.
2019-09-26 16:41:51,950 [pool-417-thread-1] INFO  storage.RaftStorage (RaftStorage.java:format(72)) - Storage directory /workdir/hadoop-ozone/integration-test/target/test-dir/MiniOzoneClusterImpl-3c389332-0e16-4a63-91ed-68711720325b/datanode-3/data/ratis/f8fa533e-4fc3-4d2c-9c60-dc19a4d7286f has been successfully formatted.
2019-09-26 16:41:51,950 [pool-407-thread-1] INFO  ratis.ContainerStateMachine (ContainerStateMachine.java:loadSnapshot(230)) - group-DC19A4D7286F: The snapshot info is null. Setting the last applied indexto:(t:0, i:~)
2019-09-26 16:41:51,950 [pool-417-thread-1] INFO  ratis.ContainerStateMachine (ContainerStateMachine.java:loadSnapshot(230)) - group-DC19A4D7286F: The snapshot info is null. Setting the last applied indexto:(t:0, i:~)
2019-09-26 16:41:51,950 [pool-447-thread-1] INFO  storage.RaftStorage (RaftStorage.java:format(72)) - Storage directory /workdir/hadoop-ozone/integration-test/target/test-dir/MiniOzoneClusterImpl-3c389332-0e16-4a63-91ed-68711720325b/datanode-6/data/ratis/f8fa533e-4fc3-4d2c-9c60-dc19a4d7286f has been successfully formatted.
2019-09-26 16:41:51,951 [pool-417-thread-1] INFO  server.RaftServerConfigKeys (ConfUtils.java:logGet(43)) - raft.server.notification.no-leader.timeout = 120s (custom)
2019-09-26 16:41:51,951 [pool-447-thread-1] INFO  ratis.ContainerStateMachine (ContainerStateMachine.java:loadSnapshot(230)) - group-DC19A4D7286F: The snapshot info is null. Setting the last applied indexto:(t:0, i:~)
2019-09-26 16:41:51,950 [pool-407-thread-1] INFO  server.RaftServerConfigKeys (ConfUtils.java:logGet(43)) - raft.server.notification.no-leader.timeout = 120s (custom)
2019-09-26 16:41:51,951 [pool-447-thread-1] INFO  server.RaftServerConfigKeys (ConfUtils.java:logGet(43)) - raft.server.notification.no-leader.timeout = 120s (custom)
2019-09-26 16:41:51,951 [pool-417-thread-1] INFO  server.RaftServerConfigKeys (ConfUtils.java:logGet(43)) - raft.server.log.use.memory = false (default)
2019-09-26 16:41:51,951 [pool-447-thread-1] INFO  server.RaftServerConfigKeys (ConfUtils.java:logGet(43)) - raft.server.log.use.memory = false (default)
2019-09-26 16:41:51,951 [pool-407-thread-1] INFO  server.RaftServerConfigKeys (ConfUtils.java:logGet(43)) - raft.server.log.use.memory = false (default)
2019-09-26 16:41:51,952 [pool-447-thread-1] INFO  server.RaftServerConfigKeys (ConfUtils.java:logGet(43)) - raft.server.log.purge.gap = 1000000 (custom)
2019-09-26 16:41:51,952 [pool-417-thread-1] INFO  server.RaftServerConfigKeys (ConfUtils.java:logGet(43)) - raft.server.log.purge.gap = 1000000 (custom)
2019-09-26 16:41:51,952 [pool-447-thread-1] INFO  server.RaftServerConfigKeys (ConfUtils.java:logGet(43)) - raft.server.log.appender.buffer.byte-limit = 33554432 (custom)
2019-09-26 16:41:51,952 [pool-407-thread-1] INFO  server.RaftServerConfigKeys (ConfUtils.java:logGet(43)) - raft.server.log.purge.gap = 1000000 (custom)
2019-09-26 16:41:51,952 [pool-447-thread-1] INFO  server.RaftServerConfigKeys (ConfUtils.java:logGet(43)) - raft.server.log.segment.size.max = 1048576 (custom)
2019-09-26 16:41:51,952 [pool-417-thread-1] INFO  server.RaftServerConfigKeys (ConfUtils.java:logGet(43)) - raft.server.log.appender.buffer.byte-limit = 33554432 (custom)
2019-09-26 16:41:51,953 [pool-447-thread-1] INFO  server.RaftServerConfigKeys (ConfUtils.java:logGet(43)) - raft.server.log.segment.cache.num.max = 2 (custom)
2019-09-26 16:41:51,952 [pool-407-thread-1] INFO  server.RaftServerConfigKeys (ConfUtils.java:logGet(43)) - raft.server.log.appender.buffer.byte-limit = 33554432 (custom)
2019-09-26 16:41:51,953 [pool-447-thread-1] INFO  segmented.SegmentedRaftLogWorker (SegmentedRaftLogWorker.java:<init>(172)) - new 289fcb57-3dc7-4202-a3b5-f15c84f9ab45@group-DC19A4D7286F-SegmentedRaftLogWorker for RaftStorage:Storage Directory /workdir/hadoop-ozone/integration-test/target/test-dir/MiniOzoneClusterImpl-3c389332-0e16-4a63-91ed-68711720325b/datanode-6/data/ratis/f8fa533e-4fc3-4d2c-9c60-dc19a4d7286f
2019-09-26 16:41:51,953 [pool-417-thread-1] INFO  server.RaftServerConfigKeys (ConfUtils.java:logGet(43)) - raft.server.log.segment.size.max = 1048576 (custom)
2019-09-26 16:41:51,953 [pool-407-thread-1] INFO  server.RaftServerConfigKeys (ConfUtils.java:logGet(43)) - raft.server.log.segment.size.max = 1048576 (custom)
2019-09-26 16:41:51,953 [pool-417-thread-1] INFO  server.RaftServerConfigKeys (ConfUtils.java:logGet(43)) - raft.server.log.segment.cache.num.max = 2 (custom)
2019-09-26 16:41:51,954 [pool-407-thread-1] INFO  server.RaftServerConfigKeys (ConfUtils.java:logGet(43)) - raft.server.log.segment.cache.num.max = 2 (custom)
2019-09-26 16:41:51,954 [pool-417-thread-1] INFO  segmented.SegmentedRaftLogWorker (SegmentedRaftLogWorker.java:<init>(172)) - new ba66a674-5e84-4bd3-9f35-73a521070499@group-DC19A4D7286F-SegmentedRaftLogWorker for RaftStorage:Storage Directory /workdir/hadoop-ozone/integration-test/target/test-dir/MiniOzoneClusterImpl-3c389332-0e16-4a63-91ed-68711720325b/datanode-3/data/ratis/f8fa533e-4fc3-4d2c-9c60-dc19a4d7286f
2019-09-26 16:41:51,954 [pool-407-thread-1] INFO  segmented.SegmentedRaftLogWorker (SegmentedRaftLogWorker.java:<init>(172)) - new a15262cf-293c-4f16-a68b-da2cb3cd04b4@group-DC19A4D7286F-SegmentedRaftLogWorker for RaftStorage:Storage Directory /workdir/hadoop-ozone/integration-test/target/test-dir/MiniOzoneClusterImpl-3c389332-0e16-4a63-91ed-68711720325b/datanode-2/data/ratis/f8fa533e-4fc3-4d2c-9c60-dc19a4d7286f
2019-09-26 16:41:51,954 [pool-417-thread-1] INFO  server.RaftServerConfigKeys (ConfUtils.java:logGet(43)) - raft.server.log.queue.byte-limit = 2147483647 (custom)
2019-09-26 16:41:51,954 [pool-407-thread-1] INFO  server.RaftServerConfigKeys (ConfUtils.java:logGet(43)) - raft.server.log.queue.byte-limit = 2147483647 (custom)
2019-09-26 16:41:51,954 [pool-417-thread-1] INFO  server.RaftServerConfigKeys (ConfUtils.java:logGet(43)) - raft.server.log.queue.element-limit = 1024 (custom)
2019-09-26 16:41:51,955 [pool-407-thread-1] INFO  server.RaftServerConfigKeys (ConfUtils.java:logGet(43)) - raft.server.log.queue.element-limit = 1024 (custom)
2019-09-26 16:41:51,955 [pool-417-thread-1] INFO  server.RaftServerConfigKeys (ConfUtils.java:logGet(43)) - raft.server.log.segment.size.max = 1048576 (custom)
2019-09-26 16:41:51,955 [pool-407-thread-1] INFO  server.RaftServerConfigKeys (ConfUtils.java:logGet(43)) - raft.server.log.segment.size.max = 1048576 (custom)
2019-09-26 16:41:51,955 [pool-447-thread-1] INFO  server.RaftServerConfigKeys (ConfUtils.java:logGet(43)) - raft.server.log.queue.byte-limit = 2147483647 (custom)
2019-09-26 16:41:51,955 [pool-407-thread-1] INFO  server.RaftServerConfigKeys (ConfUtils.java:logGet(43)) - raft.server.log.preallocated.size = 16384 (custom)
2019-09-26 16:41:51,955 [pool-417-thread-1] INFO  server.RaftServerConfigKeys (ConfUtils.java:logGet(43)) - raft.server.log.preallocated.size = 16384 (custom)
2019-09-26 16:41:51,955 [pool-407-thread-1] INFO  server.RaftServerConfigKeys (ConfUtils.java:logGet(43)) - raft.server.log.write.buffer.size = 33554432 (custom)
2019-09-26 16:41:51,955 [pool-447-thread-1] INFO  server.RaftServerConfigKeys (ConfUtils.java:logGet(43)) - raft.server.log.queue.element-limit = 1024 (custom)
2019-09-26 16:41:51,956 [pool-407-thread-1] INFO  server.RaftServerConfigKeys (ConfUtils.java:logGet(43)) - raft.server.log.force.sync.num = 128 (default)
2019-09-26 16:41:51,956 [pool-417-thread-1] INFO  server.RaftServerConfigKeys (ConfUtils.java:logGet(43)) - raft.server.log.write.buffer.size = 33554432 (custom)
2019-09-26 16:41:51,956 [pool-407-thread-1] INFO  server.RaftServerConfigKeys (ConfUtils.java:logGet(43)) - raft.server.log.statemachine.data.sync = true (default)
2019-09-26 16:41:51,956 [pool-447-thread-1] INFO  server.RaftServerConfigKeys (ConfUtils.java:logGet(43)) - raft.server.log.segment.size.max = 1048576 (custom)
2019-09-26 16:41:51,956 [pool-407-thread-1] INFO  server.RaftServerConfigKeys (ConfUtils.java:logGet(43)) - raft.server.log.statemachine.data.sync.timeout = 10s (default)
2019-09-26 16:41:51,957 [pool-407-thread-1] INFO  server.RaftServerConfigKeys (ConfUtils.java:logGet(43)) - raft.server.log.statemachine.data.sync.timeout.retry = -1 (default)
2019-09-26 16:41:51,956 [pool-417-thread-1] INFO  server.RaftServerConfigKeys (ConfUtils.java:logGet(43)) - raft.server.log.force.sync.num = 128 (default)
2019-09-26 16:41:51,957 [pool-407-thread-1] INFO  server.RaftServerConfigKeys (ConfUtils.java:logGet(43)) - raft.server.log.statemachine.data.caching.enabled = true (custom)
2019-09-26 16:41:51,956 [pool-447-thread-1] INFO  server.RaftServerConfigKeys (ConfUtils.java:logGet(43)) - raft.server.log.preallocated.size = 16384 (custom)
2019-09-26 16:41:51,957 [pool-417-thread-1] INFO  server.RaftServerConfigKeys (ConfUtils.java:logGet(43)) - raft.server.log.statemachine.data.sync = true (default)
2019-09-26 16:41:51,957 [pool-407-thread-1] INFO  segmented.SegmentedRaftLogWorker (SegmentedRaftLogWorker.java:lambda$new$0(132)) - a15262cf-293c-4f16-a68b-da2cb3cd04b4@group-DC19A4D7286F-SegmentedRaftLogWorker: flushIndex: setUnconditionally 0 -> -1
2019-09-26 16:41:51,957 [pool-447-thread-1] INFO  server.RaftServerConfigKeys (ConfUtils.java:logGet(43)) - raft.server.log.write.buffer.size = 33554432 (custom)
2019-09-26 16:41:51,957 [pool-417-thread-1] INFO  server.RaftServerConfigKeys (ConfUtils.java:logGet(43)) - raft.server.log.statemachine.data.sync.timeout = 10s (default)
2019-09-26 16:41:51,958 [pool-407-thread-1] INFO  server.RaftServerConfigKeys (ConfUtils.java:logGet(43)) - raft.server.snapshot.auto.trigger.enabled = true (custom)
2019-09-26 16:41:51,958 [pool-447-thread-1] INFO  server.RaftServerConfigKeys (ConfUtils.java:logGet(43)) - raft.server.log.force.sync.num = 128 (default)
2019-09-26 16:41:51,958 [pool-407-thread-1] INFO  server.RaftServerConfigKeys (ConfUtils.java:logGet(43)) - raft.server.snapshot.auto.trigger.threshold = 10000 (custom)
2019-09-26 16:41:51,958 [pool-417-thread-1] INFO  server.RaftServerConfigKeys (ConfUtils.java:logGet(43)) - raft.server.log.statemachine.data.sync.timeout.retry = -1 (default)
2019-09-26 16:41:51,958 [pool-407-thread-1] INFO  server.RaftServerConfigKeys (ConfUtils.java:logGet(43)) - raft.server.snapshot.retention.num.files = 5 (custom)
2019-09-26 16:41:51,958 [pool-447-thread-1] INFO  server.RaftServerConfigKeys (ConfUtils.java:logGet(43)) - raft.server.log.statemachine.data.sync = true (default)
2019-09-26 16:41:51,959 [pool-407-thread-1] INFO  server.RaftServerConfigKeys (ConfUtils.java:logGet(43)) - raft.server.retrycache.expirytime = 600000ms (custom)
2019-09-26 16:41:51,958 [pool-417-thread-1] INFO  server.RaftServerConfigKeys (ConfUtils.java:logGet(43)) - raft.server.log.statemachine.data.caching.enabled = true (custom)
2019-09-26 16:41:51,959 [pool-447-thread-1] INFO  server.RaftServerConfigKeys (ConfUtils.java:logGet(43)) - raft.server.log.statemachine.data.sync.timeout = 10s (default)
2019-09-26 16:41:51,959 [pool-447-thread-1] INFO  server.RaftServerConfigKeys (ConfUtils.java:logGet(43)) - raft.server.log.statemachine.data.sync.timeout.retry = -1 (default)
2019-09-26 16:41:51,959 [pool-417-thread-1] INFO  segmented.SegmentedRaftLogWorker (SegmentedRaftLogWorker.java:lambda$new$0(132)) - ba66a674-5e84-4bd3-9f35-73a521070499@group-DC19A4D7286F-SegmentedRaftLogWorker: flushIndex: setUnconditionally 0 -> -1
2019-09-26 16:41:51,959 [pool-447-thread-1] INFO  server.RaftServerConfigKeys (ConfUtils.java:logGet(43)) - raft.server.log.statemachine.data.caching.enabled = true (custom)
2019-09-26 16:41:51,960 [pool-417-thread-1] INFO  server.RaftServerConfigKeys (ConfUtils.java:logGet(43)) - raft.server.snapshot.auto.trigger.enabled = true (custom)
2019-09-26 16:41:51,960 [pool-447-thread-1] INFO  segmented.SegmentedRaftLogWorker (SegmentedRaftLogWorker.java:lambda$new$0(132)) - 289fcb57-3dc7-4202-a3b5-f15c84f9ab45@group-DC19A4D7286F-SegmentedRaftLogWorker: flushIndex: setUnconditionally 0 -> -1
2019-09-26 16:41:51,960 [pool-417-thread-1] INFO  server.RaftServerConfigKeys (ConfUtils.java:logGet(43)) - raft.server.snapshot.auto.trigger.threshold = 10000 (custom)
2019-09-26 16:41:51,960 [pool-417-thread-1] INFO  server.RaftServerConfigKeys (ConfUtils.java:logGet(43)) - raft.server.snapshot.retention.num.files = 5 (custom)
2019-09-26 16:41:51,960 [pool-447-thread-1] INFO  server.RaftServerConfigKeys (ConfUtils.java:logGet(43)) - raft.server.snapshot.auto.trigger.enabled = true (custom)
2019-09-26 16:41:51,960 [pool-417-thread-1] INFO  server.RaftServerConfigKeys (ConfUtils.java:logGet(43)) - raft.server.retrycache.expirytime = 600000ms (custom)
2019-09-26 16:41:51,960 [pool-407-thread-1] INFO  impl.RaftServerImpl (RaftServerImpl.java:start(185)) - a15262cf-293c-4f16-a68b-da2cb3cd04b4@group-DC19A4D7286F: start as a follower, conf=-1: [ba66a674-5e84-4bd3-9f35-73a521070499:192.168.157.234:37282, 289fcb57-3dc7-4202-a3b5-f15c84f9ab45:192.168.157.234:45955, a15262cf-293c-4f16-a68b-da2cb3cd04b4:192.168.157.234:46487], old=null
2019-09-26 16:41:51,960 [pool-447-thread-1] INFO  server.RaftServerConfigKeys (ConfUtils.java:logGet(43)) - raft.server.snapshot.auto.trigger.threshold = 10000 (custom)
2019-09-26 16:41:51,961 [pool-407-thread-1] INFO  impl.RaftServerImpl (RaftServerImpl.java:setRole(174)) - a15262cf-293c-4f16-a68b-da2cb3cd04b4@group-DC19A4D7286F: changes role from      null to FOLLOWER at term 0 for startAsFollower
2019-09-26 16:41:51,961 [pool-447-thread-1] INFO  server.RaftServerConfigKeys (ConfUtils.java:logGet(43)) - raft.server.snapshot.retention.num.files = 5 (custom)
2019-09-26 16:41:51,961 [pool-407-thread-1] INFO  impl.RoleInfo (RoleInfo.java:updateAndGet(143)) - a15262cf-293c-4f16-a68b-da2cb3cd04b4: start FollowerState
2019-09-26 16:41:51,961 [pool-447-thread-1] INFO  server.RaftServerConfigKeys (ConfUtils.java:logGet(43)) - raft.server.retrycache.expirytime = 600000ms (custom)
2019-09-26 16:41:51,962 [pool-407-thread-1] INFO  util.JmxRegister (JmxRegister.java:tryRegister(44)) - Successfully registered JMX Bean with object name Ratis:service=RaftServer,group=group-DC19A4D7286F,id=a15262cf-293c-4f16-a68b-da2cb3cd04b4
2019-09-26 16:41:51,962 [pool-417-thread-1] INFO  impl.RaftServerImpl (RaftServerImpl.java:start(185)) - ba66a674-5e84-4bd3-9f35-73a521070499@group-DC19A4D7286F: start as a follower, conf=-1: [ba66a674-5e84-4bd3-9f35-73a521070499:192.168.157.234:37282, 289fcb57-3dc7-4202-a3b5-f15c84f9ab45:192.168.157.234:45955, a15262cf-293c-4f16-a68b-da2cb3cd04b4:192.168.157.234:46487], old=null
2019-09-26 16:41:51,963 [pool-417-thread-1] INFO  impl.RaftServerImpl (RaftServerImpl.java:setRole(174)) - ba66a674-5e84-4bd3-9f35-73a521070499@group-DC19A4D7286F: changes role from      null to FOLLOWER at term 0 for startAsFollower
2019-09-26 16:41:51,963 [pool-417-thread-1] INFO  impl.RoleInfo (RoleInfo.java:updateAndGet(143)) - ba66a674-5e84-4bd3-9f35-73a521070499: start FollowerState
2019-09-26 16:41:51,967 [pool-417-thread-1] INFO  util.JmxRegister (JmxRegister.java:tryRegister(44)) - Successfully registered JMX Bean with object name Ratis:service=RaftServer,group=group-DC19A4D7286F,id=ba66a674-5e84-4bd3-9f35-73a521070499
2019-09-26 16:41:51,967 [pool-447-thread-1] INFO  impl.RaftServerImpl (RaftServerImpl.java:start(185)) - 289fcb57-3dc7-4202-a3b5-f15c84f9ab45@group-DC19A4D7286F: start as a follower, conf=-1: [ba66a674-5e84-4bd3-9f35-73a521070499:192.168.157.234:37282, 289fcb57-3dc7-4202-a3b5-f15c84f9ab45:192.168.157.234:45955, a15262cf-293c-4f16-a68b-da2cb3cd04b4:192.168.157.234:46487], old=null
2019-09-26 16:41:51,967 [pool-447-thread-1] INFO  impl.RaftServerImpl (RaftServerImpl.java:setRole(174)) - 289fcb57-3dc7-4202-a3b5-f15c84f9ab45@group-DC19A4D7286F: changes role from      null to FOLLOWER at term 0 for startAsFollower
2019-09-26 16:41:51,967 [pool-447-thread-1] INFO  impl.RoleInfo (RoleInfo.java:updateAndGet(143)) - 289fcb57-3dc7-4202-a3b5-f15c84f9ab45: start FollowerState
2019-09-26 16:41:51,968 [pool-447-thread-1] INFO  util.JmxRegister (JmxRegister.java:tryRegister(44)) - Successfully registered JMX Bean with object name Ratis:service=RaftServer,group=group-DC19A4D7286F,id=289fcb57-3dc7-4202-a3b5-f15c84f9ab45
2019-09-26 16:41:51,976 [RatisPipelineUtilsThread] INFO  pipeline.PipelineStateManager (PipelineStateManager.java:addPipeline(56)) - Created pipeline Pipeline[ Id: f8fa533e-4fc3-4d2c-9c60-dc19a4d7286f, Nodes: 289fcb57-3dc7-4202-a3b5-f15c84f9ab45{ip: 192.168.157.234, host: pr-hdds-2162-htzpk-1451759861, networkLocation: /rack1, certSerialId: null}a15262cf-293c-4f16-a68b-da2cb3cd04b4{ip: 192.168.157.234, host: pr-hdds-2162-htzpk-1451759861, networkLocation: /rack1, certSerialId: null}ba66a674-5e84-4bd3-9f35-73a521070499{ip: 192.168.157.234, host: pr-hdds-2162-htzpk-1451759861, networkLocation: /rack1, certSerialId: null}, Type:RATIS, Factor:THREE, State:OPEN]
2019-09-26 16:41:51,997 [grpc-default-executor-1] INFO  impl.RaftServerProxy (RaftServerProxy.java:addNew(89)) - 289fcb57-3dc7-4202-a3b5-f15c84f9ab45: addNew group-DCC7C5F4CB89:[289fcb57-3dc7-4202-a3b5-f15c84f9ab45:192.168.157.234:45955] returns group-DCC7C5F4CB89:java.util.concurrent.CompletableFuture@1f94f8ec[Not completed]
2019-09-26 16:41:51,999 [pool-447-thread-1] INFO  impl.RaftServerImpl (RaftServerImpl.java:<init>(95)) - 289fcb57-3dc7-4202-a3b5-f15c84f9ab45: new RaftServerImpl for group-DCC7C5F4CB89:[289fcb57-3dc7-4202-a3b5-f15c84f9ab45:192.168.157.234:45955] with ContainerStateMachine:uninitialized
2019-09-26 16:41:52,002 [pool-447-thread-1] INFO  server.RaftServerConfigKeys (ConfUtils.java:logGet(43)) - raft.server.rpc.timeout.min = 1s (custom)
2019-09-26 16:41:52,002 [pool-447-thread-1] INFO  server.RaftServerConfigKeys (ConfUtils.java:logGet(43)) - raft.server.rpc.timeout.max = 1200ms (custom)
2019-09-26 16:41:52,002 [pool-447-thread-1] INFO  server.RaftServerConfigKeys (ConfUtils.java:logGet(43)) - raft.server.rpcslowness.timeout = 120s (custom)
2019-09-26 16:41:52,002 [pool-447-thread-1] INFO  server.RaftServerConfigKeys (ConfUtils.java:logGet(43)) - raft.server.sleep.deviation.threshold = 300 (default)
2019-09-26 16:41:52,002 [pool-447-thread-1] INFO  server.RaftServerConfigKeys (ConfUtils.java:logGet(43)) - raft.server.log.appender.install.snapshot.enabled = false (custom)
2019-09-26 16:41:52,002 [pool-447-thread-1] INFO  impl.RaftServerImpl (ServerState.java:<init>(103)) - 289fcb57-3dc7-4202-a3b5-f15c84f9ab45@group-DCC7C5F4CB89: ConfigurationManager, init=-1: [289fcb57-3dc7-4202-a3b5-f15c84f9ab45:192.168.157.234:45955], old=null, confs=<EMPTY_MAP>
2019-09-26 16:41:52,003 [pool-447-thread-1] INFO  server.RaftServerConfigKeys (ConfUtils.java:logGet(43)) - raft.server.storage.dir = [/workdir/hadoop-ozone/integration-test/target/test-dir/MiniOzoneClusterImpl-3c389332-0e16-4a63-91ed-68711720325b/datanode-6/data/ratis] (custom)
2019-09-26 16:41:52,003 [pool-447-thread-1] INFO  storage.RaftStorageDirectory (RaftStorageDirectory.java:analyzeStorage(246)) - The storage directory /workdir/hadoop-ozone/integration-test/target/test-dir/MiniOzoneClusterImpl-3c389332-0e16-4a63-91ed-68711720325b/datanode-6/data/ratis/fc223c65-34d9-4936-8e56-dcc7c5f4cb89 does not exist. Creating ...
2019-09-26 16:41:52,006 [IPC Server handler 2 on 37185] INFO  net.NetworkTopology (NetworkTopologyImpl.java:add(111)) - Added a new node: /rack1/f45586a2-d7c2-4816-9720-dd343377f456
2019-09-26 16:41:52,006 [IPC Server handler 2 on 37185] INFO  node.SCMNodeManager (SCMNodeManager.java:register(266)) - Registered Data node : f45586a2-d7c2-4816-9720-dd343377f456{ip: 192.168.157.234, host: pr-hdds-2162-htzpk-1451759861, networkLocation: /rack1, certSerialId: null}
2019-09-26 16:41:52,017 [pool-447-thread-1] INFO  storage.RaftStorageDirectory (RaftStorageDirectory.java:tryLock(328)) - Lock on /workdir/hadoop-ozone/integration-test/target/test-dir/MiniOzoneClusterImpl-3c389332-0e16-4a63-91ed-68711720325b/datanode-6/data/ratis/fc223c65-34d9-4936-8e56-dcc7c5f4cb89/in_use.lock acquired by nodename 16662@pr-hdds-2162-htzpk-1451759861
2019-09-26 16:41:52,030 [pool-447-thread-1] INFO  storage.RaftStorage (RaftStorage.java:format(72)) - Storage directory /workdir/hadoop-ozone/integration-test/target/test-dir/MiniOzoneClusterImpl-3c389332-0e16-4a63-91ed-68711720325b/datanode-6/data/ratis/fc223c65-34d9-4936-8e56-dcc7c5f4cb89 has been successfully formatted.
2019-09-26 16:41:52,031 [pool-447-thread-1] INFO  ratis.ContainerStateMachine (ContainerStateMachine.java:loadSnapshot(230)) - group-DCC7C5F4CB89: The snapshot info is null. Setting the last applied indexto:(t:0, i:~)
2019-09-26 16:41:52,031 [pool-447-thread-1] INFO  server.RaftServerConfigKeys (ConfUtils.java:logGet(43)) - raft.server.notification.no-leader.timeout = 120s (custom)
2019-09-26 16:41:52,031 [pool-447-thread-1] INFO  server.RaftServerConfigKeys (ConfUtils.java:logGet(43)) - raft.server.log.use.memory = false (default)
2019-09-26 16:41:52,031 [pool-447-thread-1] INFO  server.RaftServerConfigKeys (ConfUtils.java:logGet(43)) - raft.server.log.purge.gap = 1000000 (custom)
2019-09-26 16:41:52,031 [pool-447-thread-1] INFO  server.RaftServerConfigKeys (ConfUtils.java:logGet(43)) - raft.server.log.appender.buffer.byte-limit = 33554432 (custom)
2019-09-26 16:41:52,031 [pool-447-thread-1] INFO  server.RaftServerConfigKeys (ConfUtils.java:logGet(43)) - raft.server.log.segment.size.max = 1048576 (custom)
2019-09-26 16:41:52,032 [pool-447-thread-1] INFO  server.RaftServerConfigKeys (ConfUtils.java:logGet(43)) - raft.server.log.segment.cache.num.max = 2 (custom)
2019-09-26 16:41:52,032 [pool-447-thread-1] INFO  segmented.SegmentedRaftLogWorker (SegmentedRaftLogWorker.java:<init>(172)) - new 289fcb57-3dc7-4202-a3b5-f15c84f9ab45@group-DCC7C5F4CB89-SegmentedRaftLogWorker for RaftStorage:Storage Directory /workdir/hadoop-ozone/integration-test/target/test-dir/MiniOzoneClusterImpl-3c389332-0e16-4a63-91ed-68711720325b/datanode-6/data/ratis/fc223c65-34d9-4936-8e56-dcc7c5f4cb89
2019-09-26 16:41:52,032 [pool-447-thread-1] INFO  server.RaftServerConfigKeys (ConfUtils.java:logGet(43)) - raft.server.log.queue.byte-limit = 2147483647 (custom)
2019-09-26 16:41:52,032 [pool-447-thread-1] INFO  server.RaftServerConfigKeys (ConfUtils.java:logGet(43)) - raft.server.log.queue.element-limit = 1024 (custom)
2019-09-26 16:41:52,032 [pool-447-thread-1] INFO  server.RaftServerConfigKeys (ConfUtils.java:logGet(43)) - raft.server.log.segment.size.max = 1048576 (custom)
2019-09-26 16:41:52,032 [pool-447-thread-1] INFO  server.RaftServerConfigKeys (ConfUtils.java:logGet(43)) - raft.server.log.preallocated.size = 16384 (custom)
2019-09-26 16:41:52,033 [pool-447-thread-1] INFO  server.RaftServerConfigKeys (ConfUtils.java:logGet(43)) - raft.server.log.write.buffer.size = 33554432 (custom)
2019-09-26 16:41:52,033 [pool-447-thread-1] INFO  server.RaftServerConfigKeys (ConfUtils.java:logGet(43)) - raft.server.log.force.sync.num = 128 (default)
2019-09-26 16:41:52,033 [pool-447-thread-1] INFO  server.RaftServerConfigKeys (ConfUtils.java:logGet(43)) - raft.server.log.statemachine.data.sync = true (default)
2019-09-26 16:41:52,033 [pool-447-thread-1] INFO  server.RaftServerConfigKeys (ConfUtils.java:logGet(43)) - raft.server.log.statemachine.data.sync.timeout = 10s (default)
2019-09-26 16:41:52,033 [pool-447-thread-1] INFO  server.RaftServerConfigKeys (ConfUtils.java:logGet(43)) - raft.server.log.statemachine.data.sync.timeout.retry = -1 (default)
2019-09-26 16:41:52,033 [pool-447-thread-1] INFO  server.RaftServerConfigKeys (ConfUtils.java:logGet(43)) - raft.server.log.statemachine.data.caching.enabled = true (custom)
2019-09-26 16:41:52,034 [pool-447-thread-1] INFO  segmented.SegmentedRaftLogWorker (SegmentedRaftLogWorker.java:lambda$new$0(132)) - 289fcb57-3dc7-4202-a3b5-f15c84f9ab45@group-DCC7C5F4CB89-SegmentedRaftLogWorker: flushIndex: setUnconditionally 0 -> -1
2019-09-26 16:41:52,034 [pool-447-thread-1] INFO  server.RaftServerConfigKeys (ConfUtils.java:logGet(43)) - raft.server.snapshot.auto.trigger.enabled = true (custom)
2019-09-26 16:41:52,034 [pool-447-thread-1] INFO  server.RaftServerConfigKeys (ConfUtils.java:logGet(43)) - raft.server.snapshot.auto.trigger.threshold = 10000 (custom)
2019-09-26 16:41:52,035 [pool-447-thread-1] INFO  server.RaftServerConfigKeys (ConfUtils.java:logGet(43)) - raft.server.snapshot.retention.num.files = 5 (custom)
2019-09-26 16:41:52,035 [pool-447-thread-1] INFO  server.RaftServerConfigKeys (ConfUtils.java:logGet(43)) - raft.server.retrycache.expirytime = 600000ms (custom)
2019-09-26 16:41:52,037 [pool-447-thread-1] INFO  impl.RaftServerImpl (RaftServerImpl.java:start(185)) - 289fcb57-3dc7-4202-a3b5-f15c84f9ab45@group-DCC7C5F4CB89: start as a follower, conf=-1: [289fcb57-3dc7-4202-a3b5-f15c84f9ab45:192.168.157.234:45955], old=null
2019-09-26 16:41:52,037 [pool-447-thread-1] INFO  impl.RaftServerImpl (RaftServerImpl.java:setRole(174)) - 289fcb57-3dc7-4202-a3b5-f15c84f9ab45@group-DCC7C5F4CB89: changes role from      null to FOLLOWER at term 0 for startAsFollower
2019-09-26 16:41:52,037 [pool-447-thread-1] INFO  impl.RoleInfo (RoleInfo.java:updateAndGet(143)) - 289fcb57-3dc7-4202-a3b5-f15c84f9ab45: start FollowerState
2019-09-26 16:41:52,037 [pool-447-thread-1] INFO  util.JmxRegister (JmxRegister.java:tryRegister(44)) - Successfully registered JMX Bean with object name Ratis:service=RaftServer,group=group-DCC7C5F4CB89,id=289fcb57-3dc7-4202-a3b5-f15c84f9ab45
2019-09-26 16:41:52,043 [RatisPipelineUtilsThread] INFO  pipeline.PipelineStateManager (PipelineStateManager.java:addPipeline(56)) - Created pipeline Pipeline[ Id: fc223c65-34d9-4936-8e56-dcc7c5f4cb89, Nodes: 289fcb57-3dc7-4202-a3b5-f15c84f9ab45{ip: 192.168.157.234, host: pr-hdds-2162-htzpk-1451759861, networkLocation: /rack1, certSerialId: null}, Type:RATIS, Factor:ONE, State:OPEN]
2019-09-26 16:41:52,050 [grpc-default-executor-1] INFO  impl.RaftServerProxy (RaftServerProxy.java:addNew(89)) - f45586a2-d7c2-4816-9720-dd343377f456: addNew group-B0B5CC110A79:[f45586a2-d7c2-4816-9720-dd343377f456:192.168.157.234:34956] returns group-B0B5CC110A79:java.util.concurrent.CompletableFuture@3cfb2e86[Not completed]
2019-09-26 16:41:52,052 [pool-467-thread-1] INFO  impl.RaftServerImpl (RaftServerImpl.java:<init>(95)) - f45586a2-d7c2-4816-9720-dd343377f456: new RaftServerImpl for group-B0B5CC110A79:[f45586a2-d7c2-4816-9720-dd343377f456:192.168.157.234:34956] with ContainerStateMachine:uninitialized
2019-09-26 16:41:52,052 [pool-467-thread-1] INFO  server.RaftServerConfigKeys (ConfUtils.java:logGet(43)) - raft.server.rpc.timeout.min = 1s (custom)
2019-09-26 16:41:52,052 [pool-467-thread-1] INFO  server.RaftServerConfigKeys (ConfUtils.java:logGet(43)) - raft.server.rpc.timeout.max = 1200ms (custom)
2019-09-26 16:41:52,052 [pool-467-thread-1] INFO  server.RaftServerConfigKeys (ConfUtils.java:logGet(43)) - raft.server.rpcslowness.timeout = 120s (custom)
2019-09-26 16:41:52,052 [pool-467-thread-1] INFO  server.RaftServerConfigKeys (ConfUtils.java:logGet(43)) - raft.server.sleep.deviation.threshold = 300 (default)
2019-09-26 16:41:52,052 [pool-467-thread-1] INFO  server.RaftServerConfigKeys (ConfUtils.java:logGet(43)) - raft.server.log.appender.install.snapshot.enabled = false (custom)
2019-09-26 16:41:52,052 [pool-467-thread-1] INFO  impl.RaftServerImpl (ServerState.java:<init>(103)) - f45586a2-d7c2-4816-9720-dd343377f456@group-B0B5CC110A79: ConfigurationManager, init=-1: [f45586a2-d7c2-4816-9720-dd343377f456:192.168.157.234:34956], old=null, confs=<EMPTY_MAP>
2019-09-26 16:41:52,053 [pool-467-thread-1] INFO  server.RaftServerConfigKeys (ConfUtils.java:logGet(43)) - raft.server.storage.dir = [/workdir/hadoop-ozone/integration-test/target/test-dir/MiniOzoneClusterImpl-3c389332-0e16-4a63-91ed-68711720325b/datanode-8/data/ratis] (custom)
2019-09-26 16:41:52,053 [pool-467-thread-1] INFO  storage.RaftStorageDirectory (RaftStorageDirectory.java:analyzeStorage(246)) - The storage directory /workdir/hadoop-ozone/integration-test/target/test-dir/MiniOzoneClusterImpl-3c389332-0e16-4a63-91ed-68711720325b/datanode-8/data/ratis/71a29bcf-24e4-4a9b-a701-b0b5cc110a79 does not exist. Creating ...
2019-09-26 16:41:52,066 [pool-467-thread-1] INFO  storage.RaftStorageDirectory (RaftStorageDirectory.java:tryLock(328)) - Lock on /workdir/hadoop-ozone/integration-test/target/test-dir/MiniOzoneClusterImpl-3c389332-0e16-4a63-91ed-68711720325b/datanode-8/data/ratis/71a29bcf-24e4-4a9b-a701-b0b5cc110a79/in_use.lock acquired by nodename 16662@pr-hdds-2162-htzpk-1451759861
2019-09-26 16:41:52,070 [main] INFO  ozone.MiniOzoneClusterImpl (MiniOzoneClusterImpl.java:lambda$waitForClusterToBeReady$0(147)) - Waiting for cluster to be ready. Got 9 of 10 DN Heartbeats.
2019-09-26 16:41:52,071 [IPC Server handler 4 on 37185] INFO  net.NetworkTopology (NetworkTopologyImpl.java:add(111)) - Added a new node: /rack1/3837398e-557b-4755-8718-a3ecbfd2ca45
2019-09-26 16:41:52,071 [IPC Server handler 4 on 37185] INFO  node.SCMNodeManager (SCMNodeManager.java:register(266)) - Registered Data node : 3837398e-557b-4755-8718-a3ecbfd2ca45{ip: 192.168.157.234, host: pr-hdds-2162-htzpk-1451759861, networkLocation: /rack1, certSerialId: null}
2019-09-26 16:41:52,085 [pool-467-thread-1] INFO  storage.RaftStorage (RaftStorage.java:format(72)) - Storage directory /workdir/hadoop-ozone/integration-test/target/test-dir/MiniOzoneClusterImpl-3c389332-0e16-4a63-91ed-68711720325b/datanode-8/data/ratis/71a29bcf-24e4-4a9b-a701-b0b5cc110a79 has been successfully formatted.
2019-09-26 16:41:52,085 [pool-467-thread-1] INFO  ratis.ContainerStateMachine (ContainerStateMachine.java:loadSnapshot(230)) - group-B0B5CC110A79: The snapshot info is null. Setting the last applied indexto:(t:0, i:~)
2019-09-26 16:41:52,086 [pool-467-thread-1] INFO  server.RaftServerConfigKeys (ConfUtils.java:logGet(43)) - raft.server.notification.no-leader.timeout = 120s (custom)
2019-09-26 16:41:52,086 [pool-467-thread-1] INFO  server.RaftServerConfigKeys (ConfUtils.java:logGet(43)) - raft.server.log.use.memory = false (default)
2019-09-26 16:41:52,086 [pool-467-thread-1] INFO  server.RaftServerConfigKeys (ConfUtils.java:logGet(43)) - raft.server.log.purge.gap = 1000000 (custom)
2019-09-26 16:41:52,086 [pool-467-thread-1] INFO  server.RaftServerConfigKeys (ConfUtils.java:logGet(43)) - raft.server.log.appender.buffer.byte-limit = 33554432 (custom)
2019-09-26 16:41:52,086 [pool-467-thread-1] INFO  server.RaftServerConfigKeys (ConfUtils.java:logGet(43)) - raft.server.log.segment.size.max = 1048576 (custom)
2019-09-26 16:41:52,086 [pool-467-thread-1] INFO  server.RaftServerConfigKeys (ConfUtils.java:logGet(43)) - raft.server.log.segment.cache.num.max = 2 (custom)
2019-09-26 16:41:52,086 [pool-467-thread-1] INFO  segmented.SegmentedRaftLogWorker (SegmentedRaftLogWorker.java:<init>(172)) - new f45586a2-d7c2-4816-9720-dd343377f456@group-B0B5CC110A79-SegmentedRaftLogWorker for RaftStorage:Storage Directory /workdir/hadoop-ozone/integration-test/target/test-dir/MiniOzoneClusterImpl-3c389332-0e16-4a63-91ed-68711720325b/datanode-8/data/ratis/71a29bcf-24e4-4a9b-a701-b0b5cc110a79
2019-09-26 16:41:52,088 [pool-467-thread-1] INFO  server.RaftServerConfigKeys (ConfUtils.java:logGet(43)) - raft.server.log.queue.byte-limit = 2147483647 (custom)
2019-09-26 16:41:52,088 [pool-467-thread-1] INFO  server.RaftServerConfigKeys (ConfUtils.java:logGet(43)) - raft.server.log.queue.element-limit = 1024 (custom)
2019-09-26 16:41:52,089 [pool-467-thread-1] INFO  server.RaftServerConfigKeys (ConfUtils.java:logGet(43)) - raft.server.log.segment.size.max = 1048576 (custom)
2019-09-26 16:41:52,089 [pool-467-thread-1] INFO  server.RaftServerConfigKeys (ConfUtils.java:logGet(43)) - raft.server.log.preallocated.size = 16384 (custom)
2019-09-26 16:41:52,089 [pool-467-thread-1] INFO  server.RaftServerConfigKeys (ConfUtils.java:logGet(43)) - raft.server.log.write.buffer.size = 33554432 (custom)
2019-09-26 16:41:52,089 [pool-467-thread-1] INFO  server.RaftServerConfigKeys (ConfUtils.java:logGet(43)) - raft.server.log.force.sync.num = 128 (default)
2019-09-26 16:41:52,089 [pool-467-thread-1] INFO  server.RaftServerConfigKeys (ConfUtils.java:logGet(43)) - raft.server.log.statemachine.data.sync = true (default)
2019-09-26 16:41:52,089 [pool-467-thread-1] INFO  server.RaftServerConfigKeys (ConfUtils.java:logGet(43)) - raft.server.log.statemachine.data.sync.timeout = 10s (default)
2019-09-26 16:41:52,090 [pool-467-thread-1] INFO  server.RaftServerConfigKeys (ConfUtils.java:logGet(43)) - raft.server.log.statemachine.data.sync.timeout.retry = -1 (default)
2019-09-26 16:41:52,090 [pool-467-thread-1] INFO  server.RaftServerConfigKeys (ConfUtils.java:logGet(43)) - raft.server.log.statemachine.data.caching.enabled = true (custom)
2019-09-26 16:41:52,091 [pool-467-thread-1] INFO  segmented.SegmentedRaftLogWorker (SegmentedRaftLogWorker.java:lambda$new$0(132)) - f45586a2-d7c2-4816-9720-dd343377f456@group-B0B5CC110A79-SegmentedRaftLogWorker: flushIndex: setUnconditionally 0 -> -1
2019-09-26 16:41:52,091 [pool-467-thread-1] INFO  server.RaftServerConfigKeys (ConfUtils.java:logGet(43)) - raft.server.snapshot.auto.trigger.enabled = true (custom)
2019-09-26 16:41:52,091 [pool-467-thread-1] INFO  server.RaftServerConfigKeys (ConfUtils.java:logGet(43)) - raft.server.snapshot.auto.trigger.threshold = 10000 (custom)
2019-09-26 16:41:52,091 [pool-467-thread-1] INFO  server.RaftServerConfigKeys (ConfUtils.java:logGet(43)) - raft.server.snapshot.retention.num.files = 5 (custom)
2019-09-26 16:41:52,091 [pool-467-thread-1] INFO  server.RaftServerConfigKeys (ConfUtils.java:logGet(43)) - raft.server.retrycache.expirytime = 600000ms (custom)
2019-09-26 16:41:52,093 [pool-467-thread-1] INFO  impl.RaftServerImpl (RaftServerImpl.java:start(185)) - f45586a2-d7c2-4816-9720-dd343377f456@group-B0B5CC110A79: start as a follower, conf=-1: [f45586a2-d7c2-4816-9720-dd343377f456:192.168.157.234:34956], old=null
2019-09-26 16:41:52,093 [pool-467-thread-1] INFO  impl.RaftServerImpl (RaftServerImpl.java:setRole(174)) - f45586a2-d7c2-4816-9720-dd343377f456@group-B0B5CC110A79: changes role from      null to FOLLOWER at term 0 for startAsFollower
2019-09-26 16:41:52,093 [pool-467-thread-1] INFO  impl.RoleInfo (RoleInfo.java:updateAndGet(143)) - f45586a2-d7c2-4816-9720-dd343377f456: start FollowerState
2019-09-26 16:41:52,094 [pool-467-thread-1] INFO  util.JmxRegister (JmxRegister.java:tryRegister(44)) - Successfully registered JMX Bean with object name Ratis:service=RaftServer,group=group-B0B5CC110A79,id=f45586a2-d7c2-4816-9720-dd343377f456
2019-09-26 16:41:52,100 [RatisPipelineUtilsThread] INFO  pipeline.PipelineStateManager (PipelineStateManager.java:addPipeline(56)) - Created pipeline Pipeline[ Id: 71a29bcf-24e4-4a9b-a701-b0b5cc110a79, Nodes: f45586a2-d7c2-4816-9720-dd343377f456{ip: 192.168.157.234, host: pr-hdds-2162-htzpk-1451759861, networkLocation: /rack1, certSerialId: null}, Type:RATIS, Factor:ONE, State:OPEN]
2019-09-26 16:41:52,108 [grpc-default-executor-1] INFO  impl.RaftServerProxy (RaftServerProxy.java:addNew(89)) - 3837398e-557b-4755-8718-a3ecbfd2ca45: addNew group-203D0B0F5E11:[3837398e-557b-4755-8718-a3ecbfd2ca45:192.168.157.234:34238] returns group-203D0B0F5E11:java.util.concurrent.CompletableFuture@70d1d599[Not completed]
2019-09-26 16:41:52,109 [pool-477-thread-1] INFO  impl.RaftServerImpl (RaftServerImpl.java:<init>(95)) - 3837398e-557b-4755-8718-a3ecbfd2ca45: new RaftServerImpl for group-203D0B0F5E11:[3837398e-557b-4755-8718-a3ecbfd2ca45:192.168.157.234:34238] with ContainerStateMachine:uninitialized
2019-09-26 16:41:52,109 [pool-477-thread-1] INFO  server.RaftServerConfigKeys (ConfUtils.java:logGet(43)) - raft.server.rpc.timeout.min = 1s (custom)
2019-09-26 16:41:52,109 [pool-477-thread-1] INFO  server.RaftServerConfigKeys (ConfUtils.java:logGet(43)) - raft.server.rpc.timeout.max = 1200ms (custom)
2019-09-26 16:41:52,109 [pool-477-thread-1] INFO  server.RaftServerConfigKeys (ConfUtils.java:logGet(43)) - raft.server.rpcslowness.timeout = 120s (custom)
2019-09-26 16:41:52,109 [pool-477-thread-1] INFO  server.RaftServerConfigKeys (ConfUtils.java:logGet(43)) - raft.server.sleep.deviation.threshold = 300 (default)
2019-09-26 16:41:52,109 [pool-477-thread-1] INFO  server.RaftServerConfigKeys (ConfUtils.java:logGet(43)) - raft.server.log.appender.install.snapshot.enabled = false (custom)
2019-09-26 16:41:52,109 [pool-477-thread-1] INFO  impl.RaftServerImpl (ServerState.java:<init>(103)) - 3837398e-557b-4755-8718-a3ecbfd2ca45@group-203D0B0F5E11: ConfigurationManager, init=-1: [3837398e-557b-4755-8718-a3ecbfd2ca45:192.168.157.234:34238], old=null, confs=<EMPTY_MAP>
2019-09-26 16:41:52,110 [pool-477-thread-1] INFO  server.RaftServerConfigKeys (ConfUtils.java:logGet(43)) - raft.server.storage.dir = [/workdir/hadoop-ozone/integration-test/target/test-dir/MiniOzoneClusterImpl-3c389332-0e16-4a63-91ed-68711720325b/datanode-9/data/ratis] (custom)
2019-09-26 16:41:52,110 [pool-477-thread-1] INFO  storage.RaftStorageDirectory (RaftStorageDirectory.java:analyzeStorage(246)) - The storage directory /workdir/hadoop-ozone/integration-test/target/test-dir/MiniOzoneClusterImpl-3c389332-0e16-4a63-91ed-68711720325b/datanode-9/data/ratis/85e55a28-b57e-4f3b-b24d-203d0b0f5e11 does not exist. Creating ...
2019-09-26 16:41:52,124 [pool-477-thread-1] INFO  storage.RaftStorageDirectory (RaftStorageDirectory.java:tryLock(328)) - Lock on /workdir/hadoop-ozone/integration-test/target/test-dir/MiniOzoneClusterImpl-3c389332-0e16-4a63-91ed-68711720325b/datanode-9/data/ratis/85e55a28-b57e-4f3b-b24d-203d0b0f5e11/in_use.lock acquired by nodename 16662@pr-hdds-2162-htzpk-1451759861
2019-09-26 16:41:52,137 [pool-477-thread-1] INFO  storage.RaftStorage (RaftStorage.java:format(72)) - Storage directory /workdir/hadoop-ozone/integration-test/target/test-dir/MiniOzoneClusterImpl-3c389332-0e16-4a63-91ed-68711720325b/datanode-9/data/ratis/85e55a28-b57e-4f3b-b24d-203d0b0f5e11 has been successfully formatted.
2019-09-26 16:41:52,139 [pool-477-thread-1] INFO  ratis.ContainerStateMachine (ContainerStateMachine.java:loadSnapshot(230)) - group-203D0B0F5E11: The snapshot info is null. Setting the last applied indexto:(t:0, i:~)
2019-09-26 16:41:52,139 [pool-477-thread-1] INFO  server.RaftServerConfigKeys (ConfUtils.java:logGet(43)) - raft.server.notification.no-leader.timeout = 120s (custom)
2019-09-26 16:41:52,139 [pool-477-thread-1] INFO  server.RaftServerConfigKeys (ConfUtils.java:logGet(43)) - raft.server.log.use.memory = false (default)
2019-09-26 16:41:52,139 [pool-477-thread-1] INFO  server.RaftServerConfigKeys (ConfUtils.java:logGet(43)) - raft.server.log.purge.gap = 1000000 (custom)
2019-09-26 16:41:52,139 [pool-477-thread-1] INFO  server.RaftServerConfigKeys (ConfUtils.java:logGet(43)) - raft.server.log.appender.buffer.byte-limit = 33554432 (custom)
2019-09-26 16:41:52,139 [pool-477-thread-1] INFO  server.RaftServerConfigKeys (ConfUtils.java:logGet(43)) - raft.server.log.segment.size.max = 1048576 (custom)
2019-09-26 16:41:52,139 [pool-477-thread-1] INFO  server.RaftServerConfigKeys (ConfUtils.java:logGet(43)) - raft.server.log.segment.cache.num.max = 2 (custom)
2019-09-26 16:41:52,140 [pool-477-thread-1] INFO  segmented.SegmentedRaftLogWorker (SegmentedRaftLogWorker.java:<init>(172)) - new 3837398e-557b-4755-8718-a3ecbfd2ca45@group-203D0B0F5E11-SegmentedRaftLogWorker for RaftStorage:Storage Directory /workdir/hadoop-ozone/integration-test/target/test-dir/MiniOzoneClusterImpl-3c389332-0e16-4a63-91ed-68711720325b/datanode-9/data/ratis/85e55a28-b57e-4f3b-b24d-203d0b0f5e11
2019-09-26 16:41:52,141 [pool-477-thread-1] INFO  server.RaftServerConfigKeys (ConfUtils.java:logGet(43)) - raft.server.log.queue.byte-limit = 2147483647 (custom)
2019-09-26 16:41:52,141 [pool-477-thread-1] INFO  server.RaftServerConfigKeys (ConfUtils.java:logGet(43)) - raft.server.log.queue.element-limit = 1024 (custom)
2019-09-26 16:41:52,141 [pool-477-thread-1] INFO  server.RaftServerConfigKeys (ConfUtils.java:logGet(43)) - raft.server.log.segment.size.max = 1048576 (custom)
2019-09-26 16:41:52,141 [pool-477-thread-1] INFO  server.RaftServerConfigKeys (ConfUtils.java:logGet(43)) - raft.server.log.preallocated.size = 16384 (custom)
2019-09-26 16:41:52,142 [pool-477-thread-1] INFO  server.RaftServerConfigKeys (ConfUtils.java:logGet(43)) - raft.server.log.write.buffer.size = 33554432 (custom)
2019-09-26 16:41:52,142 [pool-477-thread-1] INFO  server.RaftServerConfigKeys (ConfUtils.java:logGet(43)) - raft.server.log.force.sync.num = 128 (default)
2019-09-26 16:41:52,142 [pool-477-thread-1] INFO  server.RaftServerConfigKeys (ConfUtils.java:logGet(43)) - raft.server.log.statemachine.data.sync = true (default)
2019-09-26 16:41:52,142 [pool-477-thread-1] INFO  server.RaftServerConfigKeys (ConfUtils.java:logGet(43)) - raft.server.log.statemachine.data.sync.timeout = 10s (default)
2019-09-26 16:41:52,142 [pool-477-thread-1] INFO  server.RaftServerConfigKeys (ConfUtils.java:logGet(43)) - raft.server.log.statemachine.data.sync.timeout.retry = -1 (default)
2019-09-26 16:41:52,142 [pool-477-thread-1] INFO  server.RaftServerConfigKeys (ConfUtils.java:logGet(43)) - raft.server.log.statemachine.data.caching.enabled = true (custom)
2019-09-26 16:41:52,143 [pool-477-thread-1] INFO  segmented.SegmentedRaftLogWorker (SegmentedRaftLogWorker.java:lambda$new$0(132)) - 3837398e-557b-4755-8718-a3ecbfd2ca45@group-203D0B0F5E11-SegmentedRaftLogWorker: flushIndex: setUnconditionally 0 -> -1
2019-09-26 16:41:52,143 [pool-477-thread-1] INFO  server.RaftServerConfigKeys (ConfUtils.java:logGet(43)) - raft.server.snapshot.auto.trigger.enabled = true (custom)
2019-09-26 16:41:52,143 [pool-477-thread-1] INFO  server.RaftServerConfigKeys (ConfUtils.java:logGet(43)) - raft.server.snapshot.auto.trigger.threshold = 10000 (custom)
2019-09-26 16:41:52,143 [pool-477-thread-1] INFO  server.RaftServerConfigKeys (ConfUtils.java:logGet(43)) - raft.server.snapshot.retention.num.files = 5 (custom)
2019-09-26 16:41:52,143 [pool-477-thread-1] INFO  server.RaftServerConfigKeys (ConfUtils.java:logGet(43)) - raft.server.retrycache.expirytime = 600000ms (custom)
2019-09-26 16:41:52,145 [pool-477-thread-1] INFO  impl.RaftServerImpl (RaftServerImpl.java:start(185)) - 3837398e-557b-4755-8718-a3ecbfd2ca45@group-203D0B0F5E11: start as a follower, conf=-1: [3837398e-557b-4755-8718-a3ecbfd2ca45:192.168.157.234:34238], old=null
2019-09-26 16:41:52,145 [pool-477-thread-1] INFO  impl.RaftServerImpl (RaftServerImpl.java:setRole(174)) - 3837398e-557b-4755-8718-a3ecbfd2ca45@group-203D0B0F5E11: changes role from      null to FOLLOWER at term 0 for startAsFollower
2019-09-26 16:41:52,146 [pool-477-thread-1] INFO  impl.RoleInfo (RoleInfo.java:updateAndGet(143)) - 3837398e-557b-4755-8718-a3ecbfd2ca45: start FollowerState
2019-09-26 16:41:52,146 [pool-477-thread-1] INFO  util.JmxRegister (JmxRegister.java:tryRegister(44)) - Successfully registered JMX Bean with object name Ratis:service=RaftServer,group=group-203D0B0F5E11,id=3837398e-557b-4755-8718-a3ecbfd2ca45
2019-09-26 16:41:52,152 [RatisPipelineUtilsThread] INFO  pipeline.PipelineStateManager (PipelineStateManager.java:addPipeline(56)) - Created pipeline Pipeline[ Id: 85e55a28-b57e-4f3b-b24d-203d0b0f5e11, Nodes: 3837398e-557b-4755-8718-a3ecbfd2ca45{ip: 192.168.157.234, host: pr-hdds-2162-htzpk-1451759861, networkLocation: /rack1, certSerialId: null}, Type:RATIS, Factor:ONE, State:OPEN]
2019-09-26 16:41:52,160 [grpc-default-executor-1] INFO  impl.RaftServerProxy (RaftServerProxy.java:addNew(89)) - dd403047-9c6e-40b9-92d3-171c1bb28f71: addNew group-3810D11AD87B:[dd403047-9c6e-40b9-92d3-171c1bb28f71:192.168.157.234:45454] returns group-3810D11AD87B:java.util.concurrent.CompletableFuture@4f04f059[Not completed]
2019-09-26 16:41:52,162 [pool-437-thread-1] INFO  impl.RaftServerImpl (RaftServerImpl.java:<init>(95)) - dd403047-9c6e-40b9-92d3-171c1bb28f71: new RaftServerImpl for group-3810D11AD87B:[dd403047-9c6e-40b9-92d3-171c1bb28f71:192.168.157.234:45454] with ContainerStateMachine:uninitialized
2019-09-26 16:41:52,162 [pool-437-thread-1] INFO  server.RaftServerConfigKeys (ConfUtils.java:logGet(43)) - raft.server.rpc.timeout.min = 1s (custom)
2019-09-26 16:41:52,162 [pool-437-thread-1] INFO  server.RaftServerConfigKeys (ConfUtils.java:logGet(43)) - raft.server.rpc.timeout.max = 1200ms (custom)
2019-09-26 16:41:52,162 [pool-437-thread-1] INFO  server.RaftServerConfigKeys (ConfUtils.java:logGet(43)) - raft.server.rpcslowness.timeout = 120s (custom)
2019-09-26 16:41:52,162 [pool-437-thread-1] INFO  server.RaftServerConfigKeys (ConfUtils.java:logGet(43)) - raft.server.sleep.deviation.threshold = 300 (default)
2019-09-26 16:41:52,162 [pool-437-thread-1] INFO  server.RaftServerConfigKeys (ConfUtils.java:logGet(43)) - raft.server.log.appender.install.snapshot.enabled = false (custom)
2019-09-26 16:41:52,162 [pool-437-thread-1] INFO  impl.RaftServerImpl (ServerState.java:<init>(103)) - dd403047-9c6e-40b9-92d3-171c1bb28f71@group-3810D11AD87B: ConfigurationManager, init=-1: [dd403047-9c6e-40b9-92d3-171c1bb28f71:192.168.157.234:45454], old=null, confs=<EMPTY_MAP>
2019-09-26 16:41:52,163 [pool-437-thread-1] INFO  server.RaftServerConfigKeys (ConfUtils.java:logGet(43)) - raft.server.storage.dir = [/workdir/hadoop-ozone/integration-test/target/test-dir/MiniOzoneClusterImpl-3c389332-0e16-4a63-91ed-68711720325b/datanode-5/data/ratis] (custom)
2019-09-26 16:41:52,163 [pool-437-thread-1] INFO  storage.RaftStorageDirectory (RaftStorageDirectory.java:analyzeStorage(246)) - The storage directory /workdir/hadoop-ozone/integration-test/target/test-dir/MiniOzoneClusterImpl-3c389332-0e16-4a63-91ed-68711720325b/datanode-5/data/ratis/80ba4dfb-1fc7-4fe4-a7e8-3810d11ad87b does not exist. Creating ...
2019-09-26 16:41:52,177 [pool-437-thread-1] INFO  storage.RaftStorageDirectory (RaftStorageDirectory.java:tryLock(328)) - Lock on /workdir/hadoop-ozone/integration-test/target/test-dir/MiniOzoneClusterImpl-3c389332-0e16-4a63-91ed-68711720325b/datanode-5/data/ratis/80ba4dfb-1fc7-4fe4-a7e8-3810d11ad87b/in_use.lock acquired by nodename 16662@pr-hdds-2162-htzpk-1451759861
2019-09-26 16:41:52,191 [pool-437-thread-1] INFO  storage.RaftStorage (RaftStorage.java:format(72)) - Storage directory /workdir/hadoop-ozone/integration-test/target/test-dir/MiniOzoneClusterImpl-3c389332-0e16-4a63-91ed-68711720325b/datanode-5/data/ratis/80ba4dfb-1fc7-4fe4-a7e8-3810d11ad87b has been successfully formatted.
2019-09-26 16:41:52,191 [pool-437-thread-1] INFO  ratis.ContainerStateMachine (ContainerStateMachine.java:loadSnapshot(230)) - group-3810D11AD87B: The snapshot info is null. Setting the last applied indexto:(t:0, i:~)
2019-09-26 16:41:52,191 [pool-437-thread-1] INFO  server.RaftServerConfigKeys (ConfUtils.java:logGet(43)) - raft.server.notification.no-leader.timeout = 120s (custom)
2019-09-26 16:41:52,192 [pool-437-thread-1] INFO  server.RaftServerConfigKeys (ConfUtils.java:logGet(43)) - raft.server.log.use.memory = false (default)
2019-09-26 16:41:52,192 [pool-437-thread-1] INFO  server.RaftServerConfigKeys (ConfUtils.java:logGet(43)) - raft.server.log.purge.gap = 1000000 (custom)
2019-09-26 16:41:52,192 [pool-437-thread-1] INFO  server.RaftServerConfigKeys (ConfUtils.java:logGet(43)) - raft.server.log.appender.buffer.byte-limit = 33554432 (custom)
2019-09-26 16:41:52,192 [pool-437-thread-1] INFO  server.RaftServerConfigKeys (ConfUtils.java:logGet(43)) - raft.server.log.segment.size.max = 1048576 (custom)
2019-09-26 16:41:52,192 [pool-437-thread-1] INFO  server.RaftServerConfigKeys (ConfUtils.java:logGet(43)) - raft.server.log.segment.cache.num.max = 2 (custom)
2019-09-26 16:41:52,192 [pool-437-thread-1] INFO  segmented.SegmentedRaftLogWorker (SegmentedRaftLogWorker.java:<init>(172)) - new dd403047-9c6e-40b9-92d3-171c1bb28f71@group-3810D11AD87B-SegmentedRaftLogWorker for RaftStorage:Storage Directory /workdir/hadoop-ozone/integration-test/target/test-dir/MiniOzoneClusterImpl-3c389332-0e16-4a63-91ed-68711720325b/datanode-5/data/ratis/80ba4dfb-1fc7-4fe4-a7e8-3810d11ad87b
2019-09-26 16:41:52,194 [pool-437-thread-1] INFO  server.RaftServerConfigKeys (ConfUtils.java:logGet(43)) - raft.server.log.queue.byte-limit = 2147483647 (custom)
2019-09-26 16:41:52,194 [pool-437-thread-1] INFO  server.RaftServerConfigKeys (ConfUtils.java:logGet(43)) - raft.server.log.queue.element-limit = 1024 (custom)
2019-09-26 16:41:52,194 [pool-437-thread-1] INFO  server.RaftServerConfigKeys (ConfUtils.java:logGet(43)) - raft.server.log.segment.size.max = 1048576 (custom)
2019-09-26 16:41:52,194 [pool-437-thread-1] INFO  server.RaftServerConfigKeys (ConfUtils.java:logGet(43)) - raft.server.log.preallocated.size = 16384 (custom)
2019-09-26 16:41:52,195 [pool-437-thread-1] INFO  server.RaftServerConfigKeys (ConfUtils.java:logGet(43)) - raft.server.log.write.buffer.size = 33554432 (custom)
2019-09-26 16:41:52,195 [pool-437-thread-1] INFO  server.RaftServerConfigKeys (ConfUtils.java:logGet(43)) - raft.server.log.force.sync.num = 128 (default)
2019-09-26 16:41:52,195 [pool-437-thread-1] INFO  server.RaftServerConfigKeys (ConfUtils.java:logGet(43)) - raft.server.log.statemachine.data.sync = true (default)
2019-09-26 16:41:52,195 [pool-437-thread-1] INFO  server.RaftServerConfigKeys (ConfUtils.java:logGet(43)) - raft.server.log.statemachine.data.sync.timeout = 10s (default)
2019-09-26 16:41:52,195 [pool-437-thread-1] INFO  server.RaftServerConfigKeys (ConfUtils.java:logGet(43)) - raft.server.log.statemachine.data.sync.timeout.retry = -1 (default)
2019-09-26 16:41:52,195 [pool-437-thread-1] INFO  server.RaftServerConfigKeys (ConfUtils.java:logGet(43)) - raft.server.log.statemachine.data.caching.enabled = true (custom)
2019-09-26 16:41:52,196 [pool-437-thread-1] INFO  segmented.SegmentedRaftLogWorker (SegmentedRaftLogWorker.java:lambda$new$0(132)) - dd403047-9c6e-40b9-92d3-171c1bb28f71@group-3810D11AD87B-SegmentedRaftLogWorker: flushIndex: setUnconditionally 0 -> -1
2019-09-26 16:41:52,196 [pool-437-thread-1] INFO  server.RaftServerConfigKeys (ConfUtils.java:logGet(43)) - raft.server.snapshot.auto.trigger.enabled = true (custom)
2019-09-26 16:41:52,196 [pool-437-thread-1] INFO  server.RaftServerConfigKeys (ConfUtils.java:logGet(43)) - raft.server.snapshot.auto.trigger.threshold = 10000 (custom)
2019-09-26 16:41:52,196 [pool-437-thread-1] INFO  server.RaftServerConfigKeys (ConfUtils.java:logGet(43)) - raft.server.snapshot.retention.num.files = 5 (custom)
2019-09-26 16:41:52,196 [pool-437-thread-1] INFO  server.RaftServerConfigKeys (ConfUtils.java:logGet(43)) - raft.server.retrycache.expirytime = 600000ms (custom)
2019-09-26 16:41:52,198 [pool-437-thread-1] INFO  impl.RaftServerImpl (RaftServerImpl.java:start(185)) - dd403047-9c6e-40b9-92d3-171c1bb28f71@group-3810D11AD87B: start as a follower, conf=-1: [dd403047-9c6e-40b9-92d3-171c1bb28f71:192.168.157.234:45454], old=null
2019-09-26 16:41:52,199 [pool-437-thread-1] INFO  impl.RaftServerImpl (RaftServerImpl.java:setRole(174)) - dd403047-9c6e-40b9-92d3-171c1bb28f71@group-3810D11AD87B: changes role from      null to FOLLOWER at term 0 for startAsFollower
2019-09-26 16:41:52,199 [pool-437-thread-1] INFO  impl.RoleInfo (RoleInfo.java:updateAndGet(143)) - dd403047-9c6e-40b9-92d3-171c1bb28f71: start FollowerState
2019-09-26 16:41:52,203 [pool-437-thread-1] INFO  util.JmxRegister (JmxRegister.java:tryRegister(44)) - Successfully registered JMX Bean with object name Ratis:service=RaftServer,group=group-3810D11AD87B,id=dd403047-9c6e-40b9-92d3-171c1bb28f71
2019-09-26 16:41:52,211 [RatisPipelineUtilsThread] INFO  pipeline.PipelineStateManager (PipelineStateManager.java:addPipeline(56)) - Created pipeline Pipeline[ Id: 80ba4dfb-1fc7-4fe4-a7e8-3810d11ad87b, Nodes: dd403047-9c6e-40b9-92d3-171c1bb28f71{ip: 192.168.157.234, host: pr-hdds-2162-htzpk-1451759861, networkLocation: /rack1, certSerialId: null}, Type:RATIS, Factor:ONE, State:OPEN]
2019-09-26 16:41:52,231 [grpc-default-executor-1] INFO  impl.RaftServerProxy (RaftServerProxy.java:addNew(89)) - aaf131e7-2dac-4210-b86d-af9f66f4fd82: addNew group-7FA0CED562BD:[aaf131e7-2dac-4210-b86d-af9f66f4fd82:192.168.157.234:42233] returns group-7FA0CED562BD:java.util.concurrent.CompletableFuture@365a5182[Not completed]
2019-09-26 16:41:52,233 [pool-457-thread-1] INFO  impl.RaftServerImpl (RaftServerImpl.java:<init>(95)) - aaf131e7-2dac-4210-b86d-af9f66f4fd82: new RaftServerImpl for group-7FA0CED562BD:[aaf131e7-2dac-4210-b86d-af9f66f4fd82:192.168.157.234:42233] with ContainerStateMachine:uninitialized
2019-09-26 16:41:52,233 [pool-457-thread-1] INFO  server.RaftServerConfigKeys (ConfUtils.java:logGet(43)) - raft.server.rpc.timeout.min = 1s (custom)
2019-09-26 16:41:52,233 [pool-457-thread-1] INFO  server.RaftServerConfigKeys (ConfUtils.java:logGet(43)) - raft.server.rpc.timeout.max = 1200ms (custom)
2019-09-26 16:41:52,233 [pool-457-thread-1] INFO  server.RaftServerConfigKeys (ConfUtils.java:logGet(43)) - raft.server.rpcslowness.timeout = 120s (custom)
2019-09-26 16:41:52,234 [pool-457-thread-1] INFO  server.RaftServerConfigKeys (ConfUtils.java:logGet(43)) - raft.server.sleep.deviation.threshold = 300 (default)
2019-09-26 16:41:52,234 [pool-457-thread-1] INFO  server.RaftServerConfigKeys (ConfUtils.java:logGet(43)) - raft.server.log.appender.install.snapshot.enabled = false (custom)
2019-09-26 16:41:52,234 [pool-457-thread-1] INFO  impl.RaftServerImpl (ServerState.java:<init>(103)) - aaf131e7-2dac-4210-b86d-af9f66f4fd82@group-7FA0CED562BD: ConfigurationManager, init=-1: [aaf131e7-2dac-4210-b86d-af9f66f4fd82:192.168.157.234:42233], old=null, confs=<EMPTY_MAP>
2019-09-26 16:41:52,234 [pool-457-thread-1] INFO  server.RaftServerConfigKeys (ConfUtils.java:logGet(43)) - raft.server.storage.dir = [/workdir/hadoop-ozone/integration-test/target/test-dir/MiniOzoneClusterImpl-3c389332-0e16-4a63-91ed-68711720325b/datanode-7/data/ratis] (custom)
2019-09-26 16:41:52,235 [pool-457-thread-1] INFO  storage.RaftStorageDirectory (RaftStorageDirectory.java:analyzeStorage(246)) - The storage directory /workdir/hadoop-ozone/integration-test/target/test-dir/MiniOzoneClusterImpl-3c389332-0e16-4a63-91ed-68711720325b/datanode-7/data/ratis/4fba9d29-02e6-4944-89d3-7fa0ced562bd does not exist. Creating ...
2019-09-26 16:41:52,249 [pool-457-thread-1] INFO  storage.RaftStorageDirectory (RaftStorageDirectory.java:tryLock(328)) - Lock on /workdir/hadoop-ozone/integration-test/target/test-dir/MiniOzoneClusterImpl-3c389332-0e16-4a63-91ed-68711720325b/datanode-7/data/ratis/4fba9d29-02e6-4944-89d3-7fa0ced562bd/in_use.lock acquired by nodename 16662@pr-hdds-2162-htzpk-1451759861
2019-09-26 16:41:52,262 [pool-457-thread-1] INFO  storage.RaftStorage (RaftStorage.java:format(72)) - Storage directory /workdir/hadoop-ozone/integration-test/target/test-dir/MiniOzoneClusterImpl-3c389332-0e16-4a63-91ed-68711720325b/datanode-7/data/ratis/4fba9d29-02e6-4944-89d3-7fa0ced562bd has been successfully formatted.
2019-09-26 16:41:52,263 [pool-457-thread-1] INFO  ratis.ContainerStateMachine (ContainerStateMachine.java:loadSnapshot(230)) - group-7FA0CED562BD: The snapshot info is null. Setting the last applied indexto:(t:0, i:~)
2019-09-26 16:41:52,263 [pool-457-thread-1] INFO  server.RaftServerConfigKeys (ConfUtils.java:logGet(43)) - raft.server.notification.no-leader.timeout = 120s (custom)
2019-09-26 16:41:52,263 [pool-457-thread-1] INFO  server.RaftServerConfigKeys (ConfUtils.java:logGet(43)) - raft.server.log.use.memory = false (default)
2019-09-26 16:41:52,263 [pool-457-thread-1] INFO  server.RaftServerConfigKeys (ConfUtils.java:logGet(43)) - raft.server.log.purge.gap = 1000000 (custom)
2019-09-26 16:41:52,263 [pool-457-thread-1] INFO  server.RaftServerConfigKeys (ConfUtils.java:logGet(43)) - raft.server.log.appender.buffer.byte-limit = 33554432 (custom)
2019-09-26 16:41:52,263 [pool-457-thread-1] INFO  server.RaftServerConfigKeys (ConfUtils.java:logGet(43)) - raft.server.log.segment.size.max = 1048576 (custom)
2019-09-26 16:41:52,263 [pool-457-thread-1] INFO  server.RaftServerConfigKeys (ConfUtils.java:logGet(43)) - raft.server.log.segment.cache.num.max = 2 (custom)
2019-09-26 16:41:52,264 [pool-457-thread-1] INFO  segmented.SegmentedRaftLogWorker (SegmentedRaftLogWorker.java:<init>(172)) - new aaf131e7-2dac-4210-b86d-af9f66f4fd82@group-7FA0CED562BD-SegmentedRaftLogWorker for RaftStorage:Storage Directory /workdir/hadoop-ozone/integration-test/target/test-dir/MiniOzoneClusterImpl-3c389332-0e16-4a63-91ed-68711720325b/datanode-7/data/ratis/4fba9d29-02e6-4944-89d3-7fa0ced562bd
2019-09-26 16:41:52,265 [pool-457-thread-1] INFO  server.RaftServerConfigKeys (ConfUtils.java:logGet(43)) - raft.server.log.queue.byte-limit = 2147483647 (custom)
2019-09-26 16:41:52,266 [pool-457-thread-1] INFO  server.RaftServerConfigKeys (ConfUtils.java:logGet(43)) - raft.server.log.queue.element-limit = 1024 (custom)
2019-09-26 16:41:52,266 [pool-457-thread-1] INFO  server.RaftServerConfigKeys (ConfUtils.java:logGet(43)) - raft.server.log.segment.size.max = 1048576 (custom)
2019-09-26 16:41:52,266 [pool-457-thread-1] INFO  server.RaftServerConfigKeys (ConfUtils.java:logGet(43)) - raft.server.log.preallocated.size = 16384 (custom)
2019-09-26 16:41:52,266 [pool-457-thread-1] INFO  server.RaftServerConfigKeys (ConfUtils.java:logGet(43)) - raft.server.log.write.buffer.size = 33554432 (custom)
2019-09-26 16:41:52,266 [pool-457-thread-1] INFO  server.RaftServerConfigKeys (ConfUtils.java:logGet(43)) - raft.server.log.force.sync.num = 128 (default)
2019-09-26 16:41:52,266 [pool-457-thread-1] INFO  server.RaftServerConfigKeys (ConfUtils.java:logGet(43)) - raft.server.log.statemachine.data.sync = true (default)
2019-09-26 16:41:52,267 [pool-457-thread-1] INFO  server.RaftServerConfigKeys (ConfUtils.java:logGet(43)) - raft.server.log.statemachine.data.sync.timeout = 10s (default)
2019-09-26 16:41:52,267 [pool-457-thread-1] INFO  server.RaftServerConfigKeys (ConfUtils.java:logGet(43)) - raft.server.log.statemachine.data.sync.timeout.retry = -1 (default)
2019-09-26 16:41:52,267 [pool-457-thread-1] INFO  server.RaftServerConfigKeys (ConfUtils.java:logGet(43)) - raft.server.log.statemachine.data.caching.enabled = true (custom)
2019-09-26 16:41:52,267 [pool-457-thread-1] INFO  segmented.SegmentedRaftLogWorker (SegmentedRaftLogWorker.java:lambda$new$0(132)) - aaf131e7-2dac-4210-b86d-af9f66f4fd82@group-7FA0CED562BD-SegmentedRaftLogWorker: flushIndex: setUnconditionally 0 -> -1
2019-09-26 16:41:52,268 [pool-457-thread-1] INFO  server.RaftServerConfigKeys (ConfUtils.java:logGet(43)) - raft.server.snapshot.auto.trigger.enabled = true (custom)
2019-09-26 16:41:52,268 [pool-457-thread-1] INFO  server.RaftServerConfigKeys (ConfUtils.java:logGet(43)) - raft.server.snapshot.auto.trigger.threshold = 10000 (custom)
2019-09-26 16:41:52,268 [pool-457-thread-1] INFO  server.RaftServerConfigKeys (ConfUtils.java:logGet(43)) - raft.server.snapshot.retention.num.files = 5 (custom)
2019-09-26 16:41:52,268 [pool-457-thread-1] INFO  server.RaftServerConfigKeys (ConfUtils.java:logGet(43)) - raft.server.retrycache.expirytime = 600000ms (custom)
2019-09-26 16:41:52,270 [pool-457-thread-1] INFO  impl.RaftServerImpl (RaftServerImpl.java:start(185)) - aaf131e7-2dac-4210-b86d-af9f66f4fd82@group-7FA0CED562BD: start as a follower, conf=-1: [aaf131e7-2dac-4210-b86d-af9f66f4fd82:192.168.157.234:42233], old=null
2019-09-26 16:41:52,270 [pool-457-thread-1] INFO  impl.RaftServerImpl (RaftServerImpl.java:setRole(174)) - aaf131e7-2dac-4210-b86d-af9f66f4fd82@group-7FA0CED562BD: changes role from      null to FOLLOWER at term 0 for startAsFollower
2019-09-26 16:41:52,270 [pool-457-thread-1] INFO  impl.RoleInfo (RoleInfo.java:updateAndGet(143)) - aaf131e7-2dac-4210-b86d-af9f66f4fd82: start FollowerState
2019-09-26 16:41:52,270 [pool-457-thread-1] INFO  util.JmxRegister (JmxRegister.java:tryRegister(44)) - Successfully registered JMX Bean with object name Ratis:service=RaftServer,group=group-7FA0CED562BD,id=aaf131e7-2dac-4210-b86d-af9f66f4fd82
2019-09-26 16:41:52,276 [RatisPipelineUtilsThread] INFO  pipeline.PipelineStateManager (PipelineStateManager.java:addPipeline(56)) - Created pipeline Pipeline[ Id: 4fba9d29-02e6-4944-89d3-7fa0ced562bd, Nodes: aaf131e7-2dac-4210-b86d-af9f66f4fd82{ip: 192.168.157.234, host: pr-hdds-2162-htzpk-1451759861, networkLocation: /rack1, certSerialId: null}, Type:RATIS, Factor:ONE, State:OPEN]
2019-09-26 16:41:52,287 [grpc-default-executor-2] INFO  impl.RaftServerProxy (RaftServerProxy.java:addNew(89)) - f45586a2-d7c2-4816-9720-dd343377f456: addNew group-A9934AC8BE5F:[f45586a2-d7c2-4816-9720-dd343377f456:192.168.157.234:34956, dd403047-9c6e-40b9-92d3-171c1bb28f71:192.168.157.234:45454, 3837398e-557b-4755-8718-a3ecbfd2ca45:192.168.157.234:34238] returns group-A9934AC8BE5F:java.util.concurrent.CompletableFuture@39dfee8a[Not completed]
2019-09-26 16:41:52,287 [grpc-default-executor-0] INFO  impl.RaftServerProxy (RaftServerProxy.java:addNew(89)) - 3837398e-557b-4755-8718-a3ecbfd2ca45: addNew group-A9934AC8BE5F:[f45586a2-d7c2-4816-9720-dd343377f456:192.168.157.234:34956, dd403047-9c6e-40b9-92d3-171c1bb28f71:192.168.157.234:45454, 3837398e-557b-4755-8718-a3ecbfd2ca45:192.168.157.234:34238] returns group-A9934AC8BE5F:java.util.concurrent.CompletableFuture@3d756640[Not completed]
2019-09-26 16:41:52,287 [grpc-default-executor-1] INFO  impl.RaftServerProxy (RaftServerProxy.java:addNew(89)) - dd403047-9c6e-40b9-92d3-171c1bb28f71: addNew group-A9934AC8BE5F:[f45586a2-d7c2-4816-9720-dd343377f456:192.168.157.234:34956, dd403047-9c6e-40b9-92d3-171c1bb28f71:192.168.157.234:45454, 3837398e-557b-4755-8718-a3ecbfd2ca45:192.168.157.234:34238] returns group-A9934AC8BE5F:java.util.concurrent.CompletableFuture@53f75db2[Not completed]
2019-09-26 16:41:52,289 [pool-467-thread-1] INFO  impl.RaftServerImpl (RaftServerImpl.java:<init>(95)) - f45586a2-d7c2-4816-9720-dd343377f456: new RaftServerImpl for group-A9934AC8BE5F:[f45586a2-d7c2-4816-9720-dd343377f456:192.168.157.234:34956, dd403047-9c6e-40b9-92d3-171c1bb28f71:192.168.157.234:45454, 3837398e-557b-4755-8718-a3ecbfd2ca45:192.168.157.234:34238] with ContainerStateMachine:uninitialized
2019-09-26 16:41:52,289 [pool-467-thread-1] INFO  server.RaftServerConfigKeys (ConfUtils.java:logGet(43)) - raft.server.rpc.timeout.min = 1s (custom)
2019-09-26 16:41:52,289 [pool-467-thread-1] INFO  server.RaftServerConfigKeys (ConfUtils.java:logGet(43)) - raft.server.rpc.timeout.max = 1200ms (custom)
2019-09-26 16:41:52,289 [pool-437-thread-1] INFO  impl.RaftServerImpl (RaftServerImpl.java:<init>(95)) - dd403047-9c6e-40b9-92d3-171c1bb28f71: new RaftServerImpl for group-A9934AC8BE5F:[f45586a2-d7c2-4816-9720-dd343377f456:192.168.157.234:34956, dd403047-9c6e-40b9-92d3-171c1bb28f71:192.168.157.234:45454, 3837398e-557b-4755-8718-a3ecbfd2ca45:192.168.157.234:34238] with ContainerStateMachine:uninitialized
2019-09-26 16:41:52,289 [pool-467-thread-1] INFO  server.RaftServerConfigKeys (ConfUtils.java:logGet(43)) - raft.server.rpcslowness.timeout = 120s (custom)
2019-09-26 16:41:52,289 [pool-437-thread-1] INFO  server.RaftServerConfigKeys (ConfUtils.java:logGet(43)) - raft.server.rpc.timeout.min = 1s (custom)
2019-09-26 16:41:52,289 [pool-477-thread-1] INFO  impl.RaftServerImpl (RaftServerImpl.java:<init>(95)) - 3837398e-557b-4755-8718-a3ecbfd2ca45: new RaftServerImpl for group-A9934AC8BE5F:[f45586a2-d7c2-4816-9720-dd343377f456:192.168.157.234:34956, dd403047-9c6e-40b9-92d3-171c1bb28f71:192.168.157.234:45454, 3837398e-557b-4755-8718-a3ecbfd2ca45:192.168.157.234:34238] with ContainerStateMachine:uninitialized
2019-09-26 16:41:52,289 [pool-467-thread-1] INFO  server.RaftServerConfigKeys (ConfUtils.java:logGet(43)) - raft.server.sleep.deviation.threshold = 300 (default)
2019-09-26 16:41:52,290 [pool-477-thread-1] INFO  server.RaftServerConfigKeys (ConfUtils.java:logGet(43)) - raft.server.rpc.timeout.min = 1s (custom)
2019-09-26 16:41:52,289 [pool-437-thread-1] INFO  server.RaftServerConfigKeys (ConfUtils.java:logGet(43)) - raft.server.rpc.timeout.max = 1200ms (custom)
2019-09-26 16:41:52,290 [pool-477-thread-1] INFO  server.RaftServerConfigKeys (ConfUtils.java:logGet(43)) - raft.server.rpc.timeout.max = 1200ms (custom)
2019-09-26 16:41:52,290 [pool-467-thread-1] INFO  server.RaftServerConfigKeys (ConfUtils.java:logGet(43)) - raft.server.log.appender.install.snapshot.enabled = false (custom)
2019-09-26 16:41:52,290 [pool-477-thread-1] INFO  server.RaftServerConfigKeys (ConfUtils.java:logGet(43)) - raft.server.rpcslowness.timeout = 120s (custom)
2019-09-26 16:41:52,290 [pool-437-thread-1] INFO  server.RaftServerConfigKeys (ConfUtils.java:logGet(43)) - raft.server.rpcslowness.timeout = 120s (custom)
2019-09-26 16:41:52,290 [pool-477-thread-1] INFO  server.RaftServerConfigKeys (ConfUtils.java:logGet(43)) - raft.server.sleep.deviation.threshold = 300 (default)
2019-09-26 16:41:52,291 [pool-477-thread-1] INFO  server.RaftServerConfigKeys (ConfUtils.java:logGet(43)) - raft.server.log.appender.install.snapshot.enabled = false (custom)
2019-09-26 16:41:52,290 [pool-467-thread-1] INFO  impl.RaftServerImpl (ServerState.java:<init>(103)) - f45586a2-d7c2-4816-9720-dd343377f456@group-A9934AC8BE5F: ConfigurationManager, init=-1: [f45586a2-d7c2-4816-9720-dd343377f456:192.168.157.234:34956, dd403047-9c6e-40b9-92d3-171c1bb28f71:192.168.157.234:45454, 3837398e-557b-4755-8718-a3ecbfd2ca45:192.168.157.234:34238], old=null, confs=<EMPTY_MAP>
2019-09-26 16:41:52,291 [pool-477-thread-1] INFO  impl.RaftServerImpl (ServerState.java:<init>(103)) - 3837398e-557b-4755-8718-a3ecbfd2ca45@group-A9934AC8BE5F: ConfigurationManager, init=-1: [f45586a2-d7c2-4816-9720-dd343377f456:192.168.157.234:34956, dd403047-9c6e-40b9-92d3-171c1bb28f71:192.168.157.234:45454, 3837398e-557b-4755-8718-a3ecbfd2ca45:192.168.157.234:34238], old=null, confs=<EMPTY_MAP>
2019-09-26 16:41:52,290 [pool-437-thread-1] INFO  server.RaftServerConfigKeys (ConfUtils.java:logGet(43)) - raft.server.sleep.deviation.threshold = 300 (default)
2019-09-26 16:41:52,291 [pool-477-thread-1] INFO  server.RaftServerConfigKeys (ConfUtils.java:logGet(43)) - raft.server.storage.dir = [/workdir/hadoop-ozone/integration-test/target/test-dir/MiniOzoneClusterImpl-3c389332-0e16-4a63-91ed-68711720325b/datanode-9/data/ratis] (custom)
2019-09-26 16:41:52,291 [pool-467-thread-1] INFO  server.RaftServerConfigKeys (ConfUtils.java:logGet(43)) - raft.server.storage.dir = [/workdir/hadoop-ozone/integration-test/target/test-dir/MiniOzoneClusterImpl-3c389332-0e16-4a63-91ed-68711720325b/datanode-8/data/ratis] (custom)
2019-09-26 16:41:52,291 [pool-437-thread-1] INFO  server.RaftServerConfigKeys (ConfUtils.java:logGet(43)) - raft.server.log.appender.install.snapshot.enabled = false (custom)
2019-09-26 16:41:52,292 [pool-437-thread-1] INFO  impl.RaftServerImpl (ServerState.java:<init>(103)) - dd403047-9c6e-40b9-92d3-171c1bb28f71@group-A9934AC8BE5F: ConfigurationManager, init=-1: [f45586a2-d7c2-4816-9720-dd343377f456:192.168.157.234:34956, dd403047-9c6e-40b9-92d3-171c1bb28f71:192.168.157.234:45454, 3837398e-557b-4755-8718-a3ecbfd2ca45:192.168.157.234:34238], old=null, confs=<EMPTY_MAP>
2019-09-26 16:41:52,292 [pool-467-thread-1] INFO  storage.RaftStorageDirectory (RaftStorageDirectory.java:analyzeStorage(246)) - The storage directory /workdir/hadoop-ozone/integration-test/target/test-dir/MiniOzoneClusterImpl-3c389332-0e16-4a63-91ed-68711720325b/datanode-8/data/ratis/0cfb7892-43b8-47a5-b2e1-a9934ac8be5f does not exist. Creating ...
2019-09-26 16:41:52,292 [pool-477-thread-1] INFO  storage.RaftStorageDirectory (RaftStorageDirectory.java:analyzeStorage(246)) - The storage directory /workdir/hadoop-ozone/integration-test/target/test-dir/MiniOzoneClusterImpl-3c389332-0e16-4a63-91ed-68711720325b/datanode-9/data/ratis/0cfb7892-43b8-47a5-b2e1-a9934ac8be5f does not exist. Creating ...
2019-09-26 16:41:52,292 [pool-437-thread-1] INFO  server.RaftServerConfigKeys (ConfUtils.java:logGet(43)) - raft.server.storage.dir = [/workdir/hadoop-ozone/integration-test/target/test-dir/MiniOzoneClusterImpl-3c389332-0e16-4a63-91ed-68711720325b/datanode-5/data/ratis] (custom)
2019-09-26 16:41:52,292 [pool-437-thread-1] INFO  storage.RaftStorageDirectory (RaftStorageDirectory.java:analyzeStorage(246)) - The storage directory /workdir/hadoop-ozone/integration-test/target/test-dir/MiniOzoneClusterImpl-3c389332-0e16-4a63-91ed-68711720325b/datanode-5/data/ratis/0cfb7892-43b8-47a5-b2e1-a9934ac8be5f does not exist. Creating ...
2019-09-26 16:41:52,305 [pool-437-thread-1] INFO  storage.RaftStorageDirectory (RaftStorageDirectory.java:tryLock(328)) - Lock on /workdir/hadoop-ozone/integration-test/target/test-dir/MiniOzoneClusterImpl-3c389332-0e16-4a63-91ed-68711720325b/datanode-5/data/ratis/0cfb7892-43b8-47a5-b2e1-a9934ac8be5f/in_use.lock acquired by nodename 16662@pr-hdds-2162-htzpk-1451759861
2019-09-26 16:41:52,305 [pool-477-thread-1] INFO  storage.RaftStorageDirectory (RaftStorageDirectory.java:tryLock(328)) - Lock on /workdir/hadoop-ozone/integration-test/target/test-dir/MiniOzoneClusterImpl-3c389332-0e16-4a63-91ed-68711720325b/datanode-9/data/ratis/0cfb7892-43b8-47a5-b2e1-a9934ac8be5f/in_use.lock acquired by nodename 16662@pr-hdds-2162-htzpk-1451759861
2019-09-26 16:41:52,305 [pool-467-thread-1] INFO  storage.RaftStorageDirectory (RaftStorageDirectory.java:tryLock(328)) - Lock on /workdir/hadoop-ozone/integration-test/target/test-dir/MiniOzoneClusterImpl-3c389332-0e16-4a63-91ed-68711720325b/datanode-8/data/ratis/0cfb7892-43b8-47a5-b2e1-a9934ac8be5f/in_use.lock acquired by nodename 16662@pr-hdds-2162-htzpk-1451759861
2019-09-26 16:41:52,331 [pool-437-thread-1] INFO  storage.RaftStorage (RaftStorage.java:format(72)) - Storage directory /workdir/hadoop-ozone/integration-test/target/test-dir/MiniOzoneClusterImpl-3c389332-0e16-4a63-91ed-68711720325b/datanode-5/data/ratis/0cfb7892-43b8-47a5-b2e1-a9934ac8be5f has been successfully formatted.
2019-09-26 16:41:52,331 [pool-467-thread-1] INFO  storage.RaftStorage (RaftStorage.java:format(72)) - Storage directory /workdir/hadoop-ozone/integration-test/target/test-dir/MiniOzoneClusterImpl-3c389332-0e16-4a63-91ed-68711720325b/datanode-8/data/ratis/0cfb7892-43b8-47a5-b2e1-a9934ac8be5f has been successfully formatted.
2019-09-26 16:41:52,331 [pool-437-thread-1] INFO  ratis.ContainerStateMachine (ContainerStateMachine.java:loadSnapshot(230)) - group-A9934AC8BE5F: The snapshot info is null. Setting the last applied indexto:(t:0, i:~)
2019-09-26 16:41:52,331 [pool-467-thread-1] INFO  ratis.ContainerStateMachine (ContainerStateMachine.java:loadSnapshot(230)) - group-A9934AC8BE5F: The snapshot info is null. Setting the last applied indexto:(t:0, i:~)
2019-09-26 16:41:52,331 [pool-477-thread-1] INFO  storage.RaftStorage (RaftStorage.java:format(72)) - Storage directory /workdir/hadoop-ozone/integration-test/target/test-dir/MiniOzoneClusterImpl-3c389332-0e16-4a63-91ed-68711720325b/datanode-9/data/ratis/0cfb7892-43b8-47a5-b2e1-a9934ac8be5f has been successfully formatted.
2019-09-26 16:41:52,331 [pool-467-thread-1] INFO  server.RaftServerConfigKeys (ConfUtils.java:logGet(43)) - raft.server.notification.no-leader.timeout = 120s (custom)
2019-09-26 16:41:52,332 [pool-477-thread-1] INFO  ratis.ContainerStateMachine (ContainerStateMachine.java:loadSnapshot(230)) - group-A9934AC8BE5F: The snapshot info is null. Setting the last applied indexto:(t:0, i:~)
2019-09-26 16:41:52,331 [pool-437-thread-1] INFO  server.RaftServerConfigKeys (ConfUtils.java:logGet(43)) - raft.server.notification.no-leader.timeout = 120s (custom)
2019-09-26 16:41:52,332 [pool-477-thread-1] INFO  server.RaftServerConfigKeys (ConfUtils.java:logGet(43)) - raft.server.notification.no-leader.timeout = 120s (custom)
2019-09-26 16:41:52,332 [pool-477-thread-1] INFO  server.RaftServerConfigKeys (ConfUtils.java:logGet(43)) - raft.server.log.use.memory = false (default)
2019-09-26 16:41:52,332 [pool-467-thread-1] INFO  server.RaftServerConfigKeys (ConfUtils.java:logGet(43)) - raft.server.log.use.memory = false (default)
2019-09-26 16:41:52,332 [pool-477-thread-1] INFO  server.RaftServerConfigKeys (ConfUtils.java:logGet(43)) - raft.server.log.purge.gap = 1000000 (custom)
2019-09-26 16:41:52,332 [pool-437-thread-1] INFO  server.RaftServerConfigKeys (ConfUtils.java:logGet(43)) - raft.server.log.use.memory = false (default)
2019-09-26 16:41:52,333 [pool-477-thread-1] INFO  server.RaftServerConfigKeys (ConfUtils.java:logGet(43)) - raft.server.log.appender.buffer.byte-limit = 33554432 (custom)
2019-09-26 16:41:52,332 [pool-467-thread-1] INFO  server.RaftServerConfigKeys (ConfUtils.java:logGet(43)) - raft.server.log.purge.gap = 1000000 (custom)
2019-09-26 16:41:52,333 [pool-477-thread-1] INFO  server.RaftServerConfigKeys (ConfUtils.java:logGet(43)) - raft.server.log.segment.size.max = 1048576 (custom)
2019-09-26 16:41:52,333 [pool-437-thread-1] INFO  server.RaftServerConfigKeys (ConfUtils.java:logGet(43)) - raft.server.log.purge.gap = 1000000 (custom)
2019-09-26 16:41:52,333 [pool-477-thread-1] INFO  server.RaftServerConfigKeys (ConfUtils.java:logGet(43)) - raft.server.log.segment.cache.num.max = 2 (custom)
2019-09-26 16:41:52,333 [pool-467-thread-1] INFO  server.RaftServerConfigKeys (ConfUtils.java:logGet(43)) - raft.server.log.appender.buffer.byte-limit = 33554432 (custom)
2019-09-26 16:41:52,334 [pool-477-thread-1] INFO  segmented.SegmentedRaftLogWorker (SegmentedRaftLogWorker.java:<init>(172)) - new 3837398e-557b-4755-8718-a3ecbfd2ca45@group-A9934AC8BE5F-SegmentedRaftLogWorker for RaftStorage:Storage Directory /workdir/hadoop-ozone/integration-test/target/test-dir/MiniOzoneClusterImpl-3c389332-0e16-4a63-91ed-68711720325b/datanode-9/data/ratis/0cfb7892-43b8-47a5-b2e1-a9934ac8be5f
2019-09-26 16:41:52,333 [pool-437-thread-1] INFO  server.RaftServerConfigKeys (ConfUtils.java:logGet(43)) - raft.server.log.appender.buffer.byte-limit = 33554432 (custom)
2019-09-26 16:41:52,334 [pool-477-thread-1] INFO  server.RaftServerConfigKeys (ConfUtils.java:logGet(43)) - raft.server.log.queue.byte-limit = 2147483647 (custom)
2019-09-26 16:41:52,334 [pool-477-thread-1] INFO  server.RaftServerConfigKeys (ConfUtils.java:logGet(43)) - raft.server.log.queue.element-limit = 1024 (custom)
2019-09-26 16:41:52,334 [pool-467-thread-1] INFO  server.RaftServerConfigKeys (ConfUtils.java:logGet(43)) - raft.server.log.segment.size.max = 1048576 (custom)
2019-09-26 16:41:52,334 [pool-477-thread-1] INFO  server.RaftServerConfigKeys (ConfUtils.java:logGet(43)) - raft.server.log.segment.size.max = 1048576 (custom)
2019-09-26 16:41:52,335 [pool-477-thread-1] INFO  server.RaftServerConfigKeys (ConfUtils.java:logGet(43)) - raft.server.log.preallocated.size = 16384 (custom)
2019-09-26 16:41:52,334 [pool-437-thread-1] INFO  server.RaftServerConfigKeys (ConfUtils.java:logGet(43)) - raft.server.log.segment.size.max = 1048576 (custom)
2019-09-26 16:41:52,335 [pool-477-thread-1] INFO  server.RaftServerConfigKeys (ConfUtils.java:logGet(43)) - raft.server.log.write.buffer.size = 33554432 (custom)
2019-09-26 16:41:52,335 [pool-477-thread-1] INFO  server.RaftServerConfigKeys (ConfUtils.java:logGet(43)) - raft.server.log.force.sync.num = 128 (default)
2019-09-26 16:41:52,335 [pool-467-thread-1] INFO  server.RaftServerConfigKeys (ConfUtils.java:logGet(43)) - raft.server.log.segment.cache.num.max = 2 (custom)
2019-09-26 16:41:52,335 [pool-477-thread-1] INFO  server.RaftServerConfigKeys (ConfUtils.java:logGet(43)) - raft.server.log.statemachine.data.sync = true (default)
2019-09-26 16:41:52,335 [pool-437-thread-1] INFO  server.RaftServerConfigKeys (ConfUtils.java:logGet(43)) - raft.server.log.segment.cache.num.max = 2 (custom)
2019-09-26 16:41:52,336 [pool-477-thread-1] INFO  server.RaftServerConfigKeys (ConfUtils.java:logGet(43)) - raft.server.log.statemachine.data.sync.timeout = 10s (default)
2019-09-26 16:41:52,336 [pool-467-thread-1] INFO  segmented.SegmentedRaftLogWorker (SegmentedRaftLogWorker.java:<init>(172)) - new f45586a2-d7c2-4816-9720-dd343377f456@group-A9934AC8BE5F-SegmentedRaftLogWorker for RaftStorage:Storage Directory /workdir/hadoop-ozone/integration-test/target/test-dir/MiniOzoneClusterImpl-3c389332-0e16-4a63-91ed-68711720325b/datanode-8/data/ratis/0cfb7892-43b8-47a5-b2e1-a9934ac8be5f
2019-09-26 16:41:52,336 [pool-477-thread-1] INFO  server.RaftServerConfigKeys (ConfUtils.java:logGet(43)) - raft.server.log.statemachine.data.sync.timeout.retry = -1 (default)
2019-09-26 16:41:52,336 [pool-437-thread-1] INFO  segmented.SegmentedRaftLogWorker (SegmentedRaftLogWorker.java:<init>(172)) - new dd403047-9c6e-40b9-92d3-171c1bb28f71@group-A9934AC8BE5F-SegmentedRaftLogWorker for RaftStorage:Storage Directory /workdir/hadoop-ozone/integration-test/target/test-dir/MiniOzoneClusterImpl-3c389332-0e16-4a63-91ed-68711720325b/datanode-5/data/ratis/0cfb7892-43b8-47a5-b2e1-a9934ac8be5f
2019-09-26 16:41:52,336 [pool-477-thread-1] INFO  server.RaftServerConfigKeys (ConfUtils.java:logGet(43)) - raft.server.log.statemachine.data.caching.enabled = true (custom)
2019-09-26 16:41:52,336 [pool-467-thread-1] INFO  server.RaftServerConfigKeys (ConfUtils.java:logGet(43)) - raft.server.log.queue.byte-limit = 2147483647 (custom)
2019-09-26 16:41:52,337 [pool-437-thread-1] INFO  server.RaftServerConfigKeys (ConfUtils.java:logGet(43)) - raft.server.log.queue.byte-limit = 2147483647 (custom)
2019-09-26 16:41:52,337 [pool-467-thread-1] INFO  server.RaftServerConfigKeys (ConfUtils.java:logGet(43)) - raft.server.log.queue.element-limit = 1024 (custom)
2019-09-26 16:41:52,337 [pool-477-thread-1] INFO  segmented.SegmentedRaftLogWorker (SegmentedRaftLogWorker.java:lambda$new$0(132)) - 3837398e-557b-4755-8718-a3ecbfd2ca45@group-A9934AC8BE5F-SegmentedRaftLogWorker: flushIndex: setUnconditionally 0 -> -1
2019-09-26 16:41:52,337 [pool-467-thread-1] INFO  server.RaftServerConfigKeys (ConfUtils.java:logGet(43)) - raft.server.log.segment.size.max = 1048576 (custom)
2019-09-26 16:41:52,338 [pool-467-thread-1] INFO  server.RaftServerConfigKeys (ConfUtils.java:logGet(43)) - raft.server.log.preallocated.size = 16384 (custom)
2019-09-26 16:41:52,337 [pool-437-thread-1] INFO  server.RaftServerConfigKeys (ConfUtils.java:logGet(43)) - raft.server.log.queue.element-limit = 1024 (custom)
2019-09-26 16:41:52,338 [pool-467-thread-1] INFO  server.RaftServerConfigKeys (ConfUtils.java:logGet(43)) - raft.server.log.write.buffer.size = 33554432 (custom)
2019-09-26 16:41:52,338 [pool-477-thread-1] INFO  server.RaftServerConfigKeys (ConfUtils.java:logGet(43)) - raft.server.snapshot.auto.trigger.enabled = true (custom)
2019-09-26 16:41:52,338 [pool-467-thread-1] INFO  server.RaftServerConfigKeys (ConfUtils.java:logGet(43)) - raft.server.log.force.sync.num = 128 (default)
2019-09-26 16:41:52,338 [pool-467-thread-1] INFO  server.RaftServerConfigKeys (ConfUtils.java:logGet(43)) - raft.server.log.statemachine.data.sync = true (default)
2019-09-26 16:41:52,338 [pool-437-thread-1] INFO  server.RaftServerConfigKeys (ConfUtils.java:logGet(43)) - raft.server.log.segment.size.max = 1048576 (custom)
2019-09-26 16:41:52,339 [pool-467-thread-1] INFO  server.RaftServerConfigKeys (ConfUtils.java:logGet(43)) - raft.server.log.statemachine.data.sync.timeout = 10s (default)
2019-09-26 16:41:52,338 [pool-477-thread-1] INFO  server.RaftServerConfigKeys (ConfUtils.java:logGet(43)) - raft.server.snapshot.auto.trigger.threshold = 10000 (custom)
2019-09-26 16:41:52,339 [pool-467-thread-1] INFO  server.RaftServerConfigKeys (ConfUtils.java:logGet(43)) - raft.server.log.statemachine.data.sync.timeout.retry = -1 (default)
2019-09-26 16:41:52,339 [pool-437-thread-1] INFO  server.RaftServerConfigKeys (ConfUtils.java:logGet(43)) - raft.server.log.preallocated.size = 16384 (custom)
2019-09-26 16:41:52,339 [pool-467-thread-1] INFO  server.RaftServerConfigKeys (ConfUtils.java:logGet(43)) - raft.server.log.statemachine.data.caching.enabled = true (custom)
2019-09-26 16:41:52,339 [pool-477-thread-1] INFO  server.RaftServerConfigKeys (ConfUtils.java:logGet(43)) - raft.server.snapshot.retention.num.files = 5 (custom)
2019-09-26 16:41:52,340 [pool-467-thread-1] INFO  segmented.SegmentedRaftLogWorker (SegmentedRaftLogWorker.java:lambda$new$0(132)) - f45586a2-d7c2-4816-9720-dd343377f456@group-A9934AC8BE5F-SegmentedRaftLogWorker: flushIndex: setUnconditionally 0 -> -1
2019-09-26 16:41:52,339 [pool-437-thread-1] INFO  server.RaftServerConfigKeys (ConfUtils.java:logGet(43)) - raft.server.log.write.buffer.size = 33554432 (custom)
2019-09-26 16:41:52,340 [pool-467-thread-1] INFO  server.RaftServerConfigKeys (ConfUtils.java:logGet(43)) - raft.server.snapshot.auto.trigger.enabled = true (custom)
2019-09-26 16:41:52,340 [pool-477-thread-1] INFO  server.RaftServerConfigKeys (ConfUtils.java:logGet(43)) - raft.server.retrycache.expirytime = 600000ms (custom)
2019-09-26 16:41:52,340 [pool-467-thread-1] INFO  server.RaftServerConfigKeys (ConfUtils.java:logGet(43)) - raft.server.snapshot.auto.trigger.threshold = 10000 (custom)
2019-09-26 16:41:52,340 [pool-437-thread-1] INFO  server.RaftServerConfigKeys (ConfUtils.java:logGet(43)) - raft.server.log.force.sync.num = 128 (default)
2019-09-26 16:41:52,340 [pool-467-thread-1] INFO  server.RaftServerConfigKeys (ConfUtils.java:logGet(43)) - raft.server.snapshot.retention.num.files = 5 (custom)
2019-09-26 16:41:52,341 [pool-437-thread-1] INFO  server.RaftServerConfigKeys (ConfUtils.java:logGet(43)) - raft.server.log.statemachine.data.sync = true (default)
2019-09-26 16:41:52,341 [pool-467-thread-1] INFO  server.RaftServerConfigKeys (ConfUtils.java:logGet(43)) - raft.server.retrycache.expirytime = 600000ms (custom)
2019-09-26 16:41:52,341 [pool-437-thread-1] INFO  server.RaftServerConfigKeys (ConfUtils.java:logGet(43)) - raft.server.log.statemachine.data.sync.timeout = 10s (default)
2019-09-26 16:41:52,341 [pool-437-thread-1] INFO  server.RaftServerConfigKeys (ConfUtils.java:logGet(43)) - raft.server.log.statemachine.data.sync.timeout.retry = -1 (default)
2019-09-26 16:41:52,341 [pool-437-thread-1] INFO  server.RaftServerConfigKeys (ConfUtils.java:logGet(43)) - raft.server.log.statemachine.data.caching.enabled = true (custom)
2019-09-26 16:41:52,342 [pool-437-thread-1] INFO  segmented.SegmentedRaftLogWorker (SegmentedRaftLogWorker.java:lambda$new$0(132)) - dd403047-9c6e-40b9-92d3-171c1bb28f71@group-A9934AC8BE5F-SegmentedRaftLogWorker: flushIndex: setUnconditionally 0 -> -1
2019-09-26 16:41:52,342 [pool-437-thread-1] INFO  server.RaftServerConfigKeys (ConfUtils.java:logGet(43)) - raft.server.snapshot.auto.trigger.enabled = true (custom)
2019-09-26 16:41:52,342 [pool-437-thread-1] INFO  server.RaftServerConfigKeys (ConfUtils.java:logGet(43)) - raft.server.snapshot.auto.trigger.threshold = 10000 (custom)
2019-09-26 16:41:52,342 [pool-477-thread-1] INFO  impl.RaftServerImpl (RaftServerImpl.java:start(185)) - 3837398e-557b-4755-8718-a3ecbfd2ca45@group-A9934AC8BE5F: start as a follower, conf=-1: [f45586a2-d7c2-4816-9720-dd343377f456:192.168.157.234:34956, dd403047-9c6e-40b9-92d3-171c1bb28f71:192.168.157.234:45454, 3837398e-557b-4755-8718-a3ecbfd2ca45:192.168.157.234:34238], old=null
2019-09-26 16:41:52,342 [pool-437-thread-1] INFO  server.RaftServerConfigKeys (ConfUtils.java:logGet(43)) - raft.server.snapshot.retention.num.files = 5 (custom)
2019-09-26 16:41:52,343 [pool-477-thread-1] INFO  impl.RaftServerImpl (RaftServerImpl.java:setRole(174)) - 3837398e-557b-4755-8718-a3ecbfd2ca45@group-A9934AC8BE5F: changes role from      null to FOLLOWER at term 0 for startAsFollower
2019-09-26 16:41:52,343 [pool-437-thread-1] INFO  server.RaftServerConfigKeys (ConfUtils.java:logGet(43)) - raft.server.retrycache.expirytime = 600000ms (custom)
2019-09-26 16:41:52,343 [pool-467-thread-1] INFO  impl.RaftServerImpl (RaftServerImpl.java:start(185)) - f45586a2-d7c2-4816-9720-dd343377f456@group-A9934AC8BE5F: start as a follower, conf=-1: [f45586a2-d7c2-4816-9720-dd343377f456:192.168.157.234:34956, dd403047-9c6e-40b9-92d3-171c1bb28f71:192.168.157.234:45454, 3837398e-557b-4755-8718-a3ecbfd2ca45:192.168.157.234:34238], old=null
2019-09-26 16:41:52,343 [pool-477-thread-1] INFO  impl.RoleInfo (RoleInfo.java:updateAndGet(143)) - 3837398e-557b-4755-8718-a3ecbfd2ca45: start FollowerState
2019-09-26 16:41:52,343 [pool-467-thread-1] INFO  impl.RaftServerImpl (RaftServerImpl.java:setRole(174)) - f45586a2-d7c2-4816-9720-dd343377f456@group-A9934AC8BE5F: changes role from      null to FOLLOWER at term 0 for startAsFollower
2019-09-26 16:41:52,344 [pool-467-thread-1] INFO  impl.RoleInfo (RoleInfo.java:updateAndGet(143)) - f45586a2-d7c2-4816-9720-dd343377f456: start FollowerState
2019-09-26 16:41:52,344 [pool-477-thread-1] INFO  util.JmxRegister (JmxRegister.java:tryRegister(44)) - Successfully registered JMX Bean with object name Ratis:service=RaftServer,group=group-A9934AC8BE5F,id=3837398e-557b-4755-8718-a3ecbfd2ca45
2019-09-26 16:41:52,344 [pool-467-thread-1] INFO  util.JmxRegister (JmxRegister.java:tryRegister(44)) - Successfully registered JMX Bean with object name Ratis:service=RaftServer,group=group-A9934AC8BE5F,id=f45586a2-d7c2-4816-9720-dd343377f456
2019-09-26 16:41:52,345 [pool-437-thread-1] INFO  impl.RaftServerImpl (RaftServerImpl.java:start(185)) - dd403047-9c6e-40b9-92d3-171c1bb28f71@group-A9934AC8BE5F: start as a follower, conf=-1: [f45586a2-d7c2-4816-9720-dd343377f456:192.168.157.234:34956, dd403047-9c6e-40b9-92d3-171c1bb28f71:192.168.157.234:45454, 3837398e-557b-4755-8718-a3ecbfd2ca45:192.168.157.234:34238], old=null
2019-09-26 16:41:52,345 [pool-437-thread-1] INFO  impl.RaftServerImpl (RaftServerImpl.java:setRole(174)) - dd403047-9c6e-40b9-92d3-171c1bb28f71@group-A9934AC8BE5F: changes role from      null to FOLLOWER at term 0 for startAsFollower
2019-09-26 16:41:52,345 [pool-437-thread-1] INFO  impl.RoleInfo (RoleInfo.java:updateAndGet(143)) - dd403047-9c6e-40b9-92d3-171c1bb28f71: start FollowerState
2019-09-26 16:41:52,350 [pool-437-thread-1] INFO  util.JmxRegister (JmxRegister.java:tryRegister(44)) - Successfully registered JMX Bean with object name Ratis:service=RaftServer,group=group-A9934AC8BE5F,id=dd403047-9c6e-40b9-92d3-171c1bb28f71
2019-09-26 16:41:52,356 [RatisPipelineUtilsThread] INFO  pipeline.PipelineStateManager (PipelineStateManager.java:addPipeline(56)) - Created pipeline Pipeline[ Id: 0cfb7892-43b8-47a5-b2e1-a9934ac8be5f, Nodes: 3837398e-557b-4755-8718-a3ecbfd2ca45{ip: 192.168.157.234, host: pr-hdds-2162-htzpk-1451759861, networkLocation: /rack1, certSerialId: null}f45586a2-d7c2-4816-9720-dd343377f456{ip: 192.168.157.234, host: pr-hdds-2162-htzpk-1451759861, networkLocation: /rack1, certSerialId: null}dd403047-9c6e-40b9-92d3-171c1bb28f71{ip: 192.168.157.234, host: pr-hdds-2162-htzpk-1451759861, networkLocation: /rack1, certSerialId: null}, Type:RATIS, Factor:THREE, State:OPEN]
2019-09-26 16:41:52,700 [Thread-5949] INFO  impl.FollowerState (FollowerState.java:run(106)) - bd1aaaac-53c2-4304-bd38-0d16eb0e5a88:group-81B46142DA7C changes to CANDIDATE, lastRpcTime:1134, electionTimeout:1134ms
2019-09-26 16:41:52,701 [Thread-5949] INFO  impl.RoleInfo (RoleInfo.java:shutdownFollowerState(121)) - bd1aaaac-53c2-4304-bd38-0d16eb0e5a88: shutdown FollowerState
2019-09-26 16:41:52,701 [Thread-5949] INFO  impl.RaftServerImpl (RaftServerImpl.java:setRole(174)) - bd1aaaac-53c2-4304-bd38-0d16eb0e5a88@group-81B46142DA7C: changes role from  FOLLOWER to CANDIDATE at term 0 for changeToCandidate
2019-09-26 16:41:52,701 [Thread-5949] INFO  impl.RoleInfo (RoleInfo.java:updateAndGet(143)) - bd1aaaac-53c2-4304-bd38-0d16eb0e5a88: start LeaderElection
2019-09-26 16:41:52,731 [Thread-5952] INFO  impl.FollowerState (FollowerState.java:run(106)) - 58c4a369-c250-4760-99a6-8b9370b39159:group-BAFD07591381 changes to CANDIDATE, lastRpcTime:1079, electionTimeout:1066ms
2019-09-26 16:41:52,734 [Thread-5952] INFO  impl.RoleInfo (RoleInfo.java:shutdownFollowerState(121)) - 58c4a369-c250-4760-99a6-8b9370b39159: shutdown FollowerState
2019-09-26 16:41:52,734 [Thread-5952] INFO  impl.RaftServerImpl (RaftServerImpl.java:setRole(174)) - 58c4a369-c250-4760-99a6-8b9370b39159@group-BAFD07591381: changes role from  FOLLOWER to CANDIDATE at term 0 for changeToCandidate
2019-09-26 16:41:52,734 [Thread-5952] INFO  impl.RoleInfo (RoleInfo.java:updateAndGet(143)) - 58c4a369-c250-4760-99a6-8b9370b39159: start LeaderElection
2019-09-26 16:41:52,748 [58c4a369-c250-4760-99a6-8b9370b39159@group-BAFD07591381:LeaderElection66] INFO  impl.LeaderElection (LeaderElection.java:askForVotes(182)) - 58c4a369-c250-4760-99a6-8b9370b39159@group-BAFD07591381:LeaderElection66: begin an election at term 1 for -1: [58c4a369-c250-4760-99a6-8b9370b39159:192.168.157.234:42613], old=null
2019-09-26 16:41:52,748 [bd1aaaac-53c2-4304-bd38-0d16eb0e5a88@group-81B46142DA7C:LeaderElection65] INFO  impl.LeaderElection (LeaderElection.java:askForVotes(182)) - bd1aaaac-53c2-4304-bd38-0d16eb0e5a88@group-81B46142DA7C:LeaderElection65: begin an election at term 1 for -1: [bd1aaaac-53c2-4304-bd38-0d16eb0e5a88:192.168.157.234:40409], old=null
2019-09-26 16:41:52,748 [58c4a369-c250-4760-99a6-8b9370b39159@group-BAFD07591381:LeaderElection66] INFO  impl.RoleInfo (RoleInfo.java:shutdownLeaderElection(134)) - 58c4a369-c250-4760-99a6-8b9370b39159: shutdown LeaderElection
2019-09-26 16:41:52,748 [bd1aaaac-53c2-4304-bd38-0d16eb0e5a88@group-81B46142DA7C:LeaderElection65] INFO  impl.RoleInfo (RoleInfo.java:shutdownLeaderElection(134)) - bd1aaaac-53c2-4304-bd38-0d16eb0e5a88: shutdown LeaderElection
2019-09-26 16:41:52,748 [58c4a369-c250-4760-99a6-8b9370b39159@group-BAFD07591381:LeaderElection66] INFO  impl.RaftServerImpl (RaftServerImpl.java:setRole(174)) - 58c4a369-c250-4760-99a6-8b9370b39159@group-BAFD07591381: changes role from CANDIDATE to LEADER at term 1 for changeToLeader
2019-09-26 16:41:52,749 [bd1aaaac-53c2-4304-bd38-0d16eb0e5a88@group-81B46142DA7C:LeaderElection65] INFO  impl.RaftServerImpl (RaftServerImpl.java:setRole(174)) - bd1aaaac-53c2-4304-bd38-0d16eb0e5a88@group-81B46142DA7C: changes role from CANDIDATE to LEADER at term 1 for changeToLeader
2019-09-26 16:41:52,749 [58c4a369-c250-4760-99a6-8b9370b39159@group-BAFD07591381:LeaderElection66] INFO  impl.RaftServerImpl (ServerState.java:setLeader(253)) - 58c4a369-c250-4760-99a6-8b9370b39159@group-BAFD07591381: change Leader from null to 58c4a369-c250-4760-99a6-8b9370b39159 at term 1 for becomeLeader, leader elected after 1105ms
2019-09-26 16:41:52,749 [bd1aaaac-53c2-4304-bd38-0d16eb0e5a88@group-81B46142DA7C:LeaderElection65] INFO  impl.RaftServerImpl (ServerState.java:setLeader(253)) - bd1aaaac-53c2-4304-bd38-0d16eb0e5a88@group-81B46142DA7C: change Leader from null to bd1aaaac-53c2-4304-bd38-0d16eb0e5a88 at term 1 for becomeLeader, leader elected after 1192ms
2019-09-26 16:41:52,749 [58c4a369-c250-4760-99a6-8b9370b39159@group-BAFD07591381:LeaderElection66] INFO  server.RaftServerConfigKeys (ConfUtils.java:logGet(43)) - raft.server.staging.catchup.gap = 1000 (default)
2019-09-26 16:41:52,749 [bd1aaaac-53c2-4304-bd38-0d16eb0e5a88@group-81B46142DA7C:LeaderElection65] INFO  server.RaftServerConfigKeys (ConfUtils.java:logGet(43)) - raft.server.staging.catchup.gap = 1000 (default)
2019-09-26 16:41:52,749 [58c4a369-c250-4760-99a6-8b9370b39159@group-BAFD07591381:LeaderElection66] INFO  server.RaftServerConfigKeys (ConfUtils.java:logGet(43)) - raft.server.rpc.sleep.time = 25ms (default)
2019-09-26 16:41:52,749 [bd1aaaac-53c2-4304-bd38-0d16eb0e5a88@group-81B46142DA7C:LeaderElection65] INFO  server.RaftServerConfigKeys (ConfUtils.java:logGet(43)) - raft.server.rpc.sleep.time = 25ms (default)
2019-09-26 16:41:52,749 [58c4a369-c250-4760-99a6-8b9370b39159@group-BAFD07591381:LeaderElection66] INFO  server.RaftServerConfigKeys (ConfUtils.java:logGet(43)) - raft.server.write.element-limit = 4096 (default)
2019-09-26 16:41:52,749 [bd1aaaac-53c2-4304-bd38-0d16eb0e5a88@group-81B46142DA7C:LeaderElection65] INFO  server.RaftServerConfigKeys (ConfUtils.java:logGet(43)) - raft.server.write.element-limit = 4096 (default)
2019-09-26 16:41:52,750 [58c4a369-c250-4760-99a6-8b9370b39159@group-BAFD07591381:LeaderElection66] INFO  server.RaftServerConfigKeys (ConfUtils.java:logGet(43)) - raft.server.watch.timeout = 10s (default)
2019-09-26 16:41:52,750 [bd1aaaac-53c2-4304-bd38-0d16eb0e5a88@group-81B46142DA7C:LeaderElection65] INFO  server.RaftServerConfigKeys (ConfUtils.java:logGet(43)) - raft.server.watch.timeout = 10s (default)
2019-09-26 16:41:52,750 [58c4a369-c250-4760-99a6-8b9370b39159@group-BAFD07591381:LeaderElection66] INFO  server.RaftServerConfigKeys (ConfUtils.java:logGet(43)) - raft.server.watch.timeout.denomination = 1s (default)
2019-09-26 16:41:52,750 [bd1aaaac-53c2-4304-bd38-0d16eb0e5a88@group-81B46142DA7C:LeaderElection65] INFO  server.RaftServerConfigKeys (ConfUtils.java:logGet(43)) - raft.server.watch.timeout.denomination = 1s (default)
2019-09-26 16:41:52,750 [58c4a369-c250-4760-99a6-8b9370b39159@group-BAFD07591381:LeaderElection66] INFO  server.RaftServerConfigKeys (ConfUtils.java:logGet(43)) - raft.server.watch.element-limit = 65536 (default)
2019-09-26 16:41:52,750 [bd1aaaac-53c2-4304-bd38-0d16eb0e5a88@group-81B46142DA7C:LeaderElection65] INFO  server.RaftServerConfigKeys (ConfUtils.java:logGet(43)) - raft.server.watch.element-limit = 65536 (default)
2019-09-26 16:41:52,753 [58c4a369-c250-4760-99a6-8b9370b39159@group-BAFD07591381:LeaderElection66] INFO  impl.RoleInfo (RoleInfo.java:updateAndGet(143)) - 58c4a369-c250-4760-99a6-8b9370b39159: start LeaderState
2019-09-26 16:41:52,753 [bd1aaaac-53c2-4304-bd38-0d16eb0e5a88@group-81B46142DA7C:LeaderElection65] INFO  impl.RoleInfo (RoleInfo.java:updateAndGet(143)) - bd1aaaac-53c2-4304-bd38-0d16eb0e5a88: start LeaderState
2019-09-26 16:41:52,753 [bd1aaaac-53c2-4304-bd38-0d16eb0e5a88@group-81B46142DA7C:LeaderElection65] INFO  segmented.SegmentedRaftLogWorker (SegmentedRaftLogWorker.java:startLogSegment(380)) - bd1aaaac-53c2-4304-bd38-0d16eb0e5a88@group-81B46142DA7C-SegmentedRaftLogWorker: Starting segment from index:0
2019-09-26 16:41:52,753 [58c4a369-c250-4760-99a6-8b9370b39159@group-BAFD07591381:LeaderElection66] INFO  segmented.SegmentedRaftLogWorker (SegmentedRaftLogWorker.java:startLogSegment(380)) - 58c4a369-c250-4760-99a6-8b9370b39159@group-BAFD07591381-SegmentedRaftLogWorker: Starting segment from index:0
2019-09-26 16:41:52,754 [bd1aaaac-53c2-4304-bd38-0d16eb0e5a88@group-81B46142DA7C:LeaderElection65] INFO  impl.RaftServerImpl (ServerState.java:setRaftConf(354)) - bd1aaaac-53c2-4304-bd38-0d16eb0e5a88@group-81B46142DA7C: set configuration 0: [bd1aaaac-53c2-4304-bd38-0d16eb0e5a88:192.168.157.234:40409], old=null at 0
2019-09-26 16:41:52,754 [58c4a369-c250-4760-99a6-8b9370b39159@group-BAFD07591381:LeaderElection66] INFO  impl.RaftServerImpl (ServerState.java:setRaftConf(354)) - 58c4a369-c250-4760-99a6-8b9370b39159@group-BAFD07591381: set configuration 0: [58c4a369-c250-4760-99a6-8b9370b39159:192.168.157.234:42613], old=null at 0
2019-09-26 16:41:52,793 [bd1aaaac-53c2-4304-bd38-0d16eb0e5a88@group-81B46142DA7C-SegmentedRaftLogWorker] INFO  segmented.SegmentedRaftLogWorker (SegmentedRaftLogWorker.java:execute(569)) - bd1aaaac-53c2-4304-bd38-0d16eb0e5a88@group-81B46142DA7C-SegmentedRaftLogWorker: created new log segment /workdir/hadoop-ozone/integration-test/target/test-dir/MiniOzoneClusterImpl-3c389332-0e16-4a63-91ed-68711720325b/datanode-0/data/ratis/8d837d72-6321-46eb-956f-81b46142da7c/current/log_inprogress_0
2019-09-26 16:41:52,793 [58c4a369-c250-4760-99a6-8b9370b39159@group-BAFD07591381-SegmentedRaftLogWorker] INFO  segmented.SegmentedRaftLogWorker (SegmentedRaftLogWorker.java:execute(569)) - 58c4a369-c250-4760-99a6-8b9370b39159@group-BAFD07591381-SegmentedRaftLogWorker: created new log segment /workdir/hadoop-ozone/integration-test/target/test-dir/MiniOzoneClusterImpl-3c389332-0e16-4a63-91ed-68711720325b/datanode-1/data/ratis/1c3b556a-d47f-4703-a7a5-bafd07591381/current/log_inprogress_0
2019-09-26 16:41:52,816 [Thread-5958] INFO  impl.FollowerState (FollowerState.java:run(106)) - ba66a674-5e84-4bd3-9f35-73a521070499:group-28A96B66D979 changes to CANDIDATE, lastRpcTime:1060, electionTimeout:1060ms
2019-09-26 16:41:52,816 [Thread-5958] INFO  impl.RoleInfo (RoleInfo.java:shutdownFollowerState(121)) - ba66a674-5e84-4bd3-9f35-73a521070499: shutdown FollowerState
2019-09-26 16:41:52,816 [Thread-5958] INFO  impl.RaftServerImpl (RaftServerImpl.java:setRole(174)) - ba66a674-5e84-4bd3-9f35-73a521070499@group-28A96B66D979: changes role from  FOLLOWER to CANDIDATE at term 0 for changeToCandidate
2019-09-26 16:41:52,816 [Thread-5958] INFO  impl.RoleInfo (RoleInfo.java:updateAndGet(143)) - ba66a674-5e84-4bd3-9f35-73a521070499: start LeaderElection
2019-09-26 16:41:52,835 [ba66a674-5e84-4bd3-9f35-73a521070499@group-28A96B66D979:LeaderElection67] INFO  impl.LeaderElection (LeaderElection.java:askForVotes(182)) - ba66a674-5e84-4bd3-9f35-73a521070499@group-28A96B66D979:LeaderElection67: begin an election at term 1 for -1: [ba66a674-5e84-4bd3-9f35-73a521070499:192.168.157.234:37282], old=null
2019-09-26 16:41:52,835 [ba66a674-5e84-4bd3-9f35-73a521070499@group-28A96B66D979:LeaderElection67] INFO  impl.RoleInfo (RoleInfo.java:shutdownLeaderElection(134)) - ba66a674-5e84-4bd3-9f35-73a521070499: shutdown LeaderElection
2019-09-26 16:41:52,835 [ba66a674-5e84-4bd3-9f35-73a521070499@group-28A96B66D979:LeaderElection67] INFO  impl.RaftServerImpl (RaftServerImpl.java:setRole(174)) - ba66a674-5e84-4bd3-9f35-73a521070499@group-28A96B66D979: changes role from CANDIDATE to LEADER at term 1 for changeToLeader
2019-09-26 16:41:52,836 [ba66a674-5e84-4bd3-9f35-73a521070499@group-28A96B66D979:LeaderElection67] INFO  impl.RaftServerImpl (ServerState.java:setLeader(253)) - ba66a674-5e84-4bd3-9f35-73a521070499@group-28A96B66D979: change Leader from null to ba66a674-5e84-4bd3-9f35-73a521070499 at term 1 for becomeLeader, leader elected after 1088ms
2019-09-26 16:41:52,836 [ba66a674-5e84-4bd3-9f35-73a521070499@group-28A96B66D979:LeaderElection67] INFO  server.RaftServerConfigKeys (ConfUtils.java:logGet(43)) - raft.server.staging.catchup.gap = 1000 (default)
2019-09-26 16:41:52,836 [ba66a674-5e84-4bd3-9f35-73a521070499@group-28A96B66D979:LeaderElection67] INFO  server.RaftServerConfigKeys (ConfUtils.java:logGet(43)) - raft.server.rpc.sleep.time = 25ms (default)
2019-09-26 16:41:52,836 [ba66a674-5e84-4bd3-9f35-73a521070499@group-28A96B66D979:LeaderElection67] INFO  server.RaftServerConfigKeys (ConfUtils.java:logGet(43)) - raft.server.write.element-limit = 4096 (default)
2019-09-26 16:41:52,836 [ba66a674-5e84-4bd3-9f35-73a521070499@group-28A96B66D979:LeaderElection67] INFO  server.RaftServerConfigKeys (ConfUtils.java:logGet(43)) - raft.server.watch.timeout = 10s (default)
2019-09-26 16:41:52,836 [ba66a674-5e84-4bd3-9f35-73a521070499@group-28A96B66D979:LeaderElection67] INFO  server.RaftServerConfigKeys (ConfUtils.java:logGet(43)) - raft.server.watch.timeout.denomination = 1s (default)
2019-09-26 16:41:52,836 [ba66a674-5e84-4bd3-9f35-73a521070499@group-28A96B66D979:LeaderElection67] INFO  server.RaftServerConfigKeys (ConfUtils.java:logGet(43)) - raft.server.watch.element-limit = 65536 (default)
2019-09-26 16:41:52,838 [ba66a674-5e84-4bd3-9f35-73a521070499@group-28A96B66D979:LeaderElection67] INFO  impl.RoleInfo (RoleInfo.java:updateAndGet(143)) - ba66a674-5e84-4bd3-9f35-73a521070499: start LeaderState
2019-09-26 16:41:52,838 [ba66a674-5e84-4bd3-9f35-73a521070499@group-28A96B66D979:LeaderElection67] INFO  segmented.SegmentedRaftLogWorker (SegmentedRaftLogWorker.java:startLogSegment(380)) - ba66a674-5e84-4bd3-9f35-73a521070499@group-28A96B66D979-SegmentedRaftLogWorker: Starting segment from index:0
2019-09-26 16:41:52,839 [ba66a674-5e84-4bd3-9f35-73a521070499@group-28A96B66D979:LeaderElection67] INFO  impl.RaftServerImpl (ServerState.java:setRaftConf(354)) - ba66a674-5e84-4bd3-9f35-73a521070499@group-28A96B66D979: set configuration 0: [ba66a674-5e84-4bd3-9f35-73a521070499:192.168.157.234:37282], old=null at 0
2019-09-26 16:41:52,871 [ba66a674-5e84-4bd3-9f35-73a521070499@group-28A96B66D979-SegmentedRaftLogWorker] INFO  segmented.SegmentedRaftLogWorker (SegmentedRaftLogWorker.java:execute(569)) - ba66a674-5e84-4bd3-9f35-73a521070499@group-28A96B66D979-SegmentedRaftLogWorker: created new log segment /workdir/hadoop-ozone/integration-test/target/test-dir/MiniOzoneClusterImpl-3c389332-0e16-4a63-91ed-68711720325b/datanode-3/data/ratis/418d85d9-c001-4928-8b84-28a96b66d979/current/log_inprogress_0
2019-09-26 16:41:52,874 [Thread-5955] INFO  impl.FollowerState (FollowerState.java:run(106)) - a15262cf-293c-4f16-a68b-da2cb3cd04b4:group-230DAC3E466D changes to CANDIDATE, lastRpcTime:1170, electionTimeout:1170ms
2019-09-26 16:41:52,874 [Thread-5955] INFO  impl.RoleInfo (RoleInfo.java:shutdownFollowerState(121)) - a15262cf-293c-4f16-a68b-da2cb3cd04b4: shutdown FollowerState
2019-09-26 16:41:52,875 [Thread-5955] INFO  impl.RaftServerImpl (RaftServerImpl.java:setRole(174)) - a15262cf-293c-4f16-a68b-da2cb3cd04b4@group-230DAC3E466D: changes role from  FOLLOWER to CANDIDATE at term 0 for changeToCandidate
2019-09-26 16:41:52,875 [Thread-5955] INFO  impl.RoleInfo (RoleInfo.java:updateAndGet(143)) - a15262cf-293c-4f16-a68b-da2cb3cd04b4: start LeaderElection
2019-09-26 16:41:52,883 [Thread-5969] INFO  impl.FollowerState (FollowerState.java:run(106)) - bd1aaaac-53c2-4304-bd38-0d16eb0e5a88:group-63DD3CFCC676 changes to CANDIDATE, lastRpcTime:1008, electionTimeout:1008ms
2019-09-26 16:41:52,884 [Thread-5969] INFO  impl.RoleInfo (RoleInfo.java:shutdownFollowerState(121)) - bd1aaaac-53c2-4304-bd38-0d16eb0e5a88: shutdown FollowerState
2019-09-26 16:41:52,884 [Thread-5969] INFO  impl.RaftServerImpl (RaftServerImpl.java:setRole(174)) - bd1aaaac-53c2-4304-bd38-0d16eb0e5a88@group-63DD3CFCC676: changes role from  FOLLOWER to CANDIDATE at term 0 for changeToCandidate
2019-09-26 16:41:52,884 [Thread-5969] INFO  impl.RoleInfo (RoleInfo.java:updateAndGet(143)) - bd1aaaac-53c2-4304-bd38-0d16eb0e5a88: start LeaderElection
2019-09-26 16:41:52,888 [a15262cf-293c-4f16-a68b-da2cb3cd04b4@group-230DAC3E466D:LeaderElection68] INFO  impl.LeaderElection (LeaderElection.java:askForVotes(182)) - a15262cf-293c-4f16-a68b-da2cb3cd04b4@group-230DAC3E466D:LeaderElection68: begin an election at term 1 for -1: [a15262cf-293c-4f16-a68b-da2cb3cd04b4:192.168.157.234:46487], old=null
2019-09-26 16:41:52,888 [a15262cf-293c-4f16-a68b-da2cb3cd04b4@group-230DAC3E466D:LeaderElection68] INFO  impl.RoleInfo (RoleInfo.java:shutdownLeaderElection(134)) - a15262cf-293c-4f16-a68b-da2cb3cd04b4: shutdown LeaderElection
2019-09-26 16:41:52,888 [a15262cf-293c-4f16-a68b-da2cb3cd04b4@group-230DAC3E466D:LeaderElection68] INFO  impl.RaftServerImpl (RaftServerImpl.java:setRole(174)) - a15262cf-293c-4f16-a68b-da2cb3cd04b4@group-230DAC3E466D: changes role from CANDIDATE to LEADER at term 1 for changeToLeader
2019-09-26 16:41:52,889 [a15262cf-293c-4f16-a68b-da2cb3cd04b4@group-230DAC3E466D:LeaderElection68] INFO  impl.RaftServerImpl (ServerState.java:setLeader(253)) - a15262cf-293c-4f16-a68b-da2cb3cd04b4@group-230DAC3E466D: change Leader from null to a15262cf-293c-4f16-a68b-da2cb3cd04b4 at term 1 for becomeLeader, leader elected after 1191ms
2019-09-26 16:41:52,889 [a15262cf-293c-4f16-a68b-da2cb3cd04b4@group-230DAC3E466D:LeaderElection68] INFO  server.RaftServerConfigKeys (ConfUtils.java:logGet(43)) - raft.server.staging.catchup.gap = 1000 (default)
2019-09-26 16:41:52,889 [a15262cf-293c-4f16-a68b-da2cb3cd04b4@group-230DAC3E466D:LeaderElection68] INFO  server.RaftServerConfigKeys (ConfUtils.java:logGet(43)) - raft.server.rpc.sleep.time = 25ms (default)
2019-09-26 16:41:52,889 [a15262cf-293c-4f16-a68b-da2cb3cd04b4@group-230DAC3E466D:LeaderElection68] INFO  server.RaftServerConfigKeys (ConfUtils.java:logGet(43)) - raft.server.write.element-limit = 4096 (default)
2019-09-26 16:41:52,889 [a15262cf-293c-4f16-a68b-da2cb3cd04b4@group-230DAC3E466D:LeaderElection68] INFO  server.RaftServerConfigKeys (ConfUtils.java:logGet(43)) - raft.server.watch.timeout = 10s (default)
2019-09-26 16:41:52,889 [a15262cf-293c-4f16-a68b-da2cb3cd04b4@group-230DAC3E466D:LeaderElection68] INFO  server.RaftServerConfigKeys (ConfUtils.java:logGet(43)) - raft.server.watch.timeout.denomination = 1s (default)
2019-09-26 16:41:52,889 [a15262cf-293c-4f16-a68b-da2cb3cd04b4@group-230DAC3E466D:LeaderElection68] INFO  server.RaftServerConfigKeys (ConfUtils.java:logGet(43)) - raft.server.watch.element-limit = 65536 (default)
2019-09-26 16:41:52,891 [a15262cf-293c-4f16-a68b-da2cb3cd04b4@group-230DAC3E466D:LeaderElection68] INFO  impl.RoleInfo (RoleInfo.java:updateAndGet(143)) - a15262cf-293c-4f16-a68b-da2cb3cd04b4: start LeaderState
2019-09-26 16:41:52,891 [a15262cf-293c-4f16-a68b-da2cb3cd04b4@group-230DAC3E466D:LeaderElection68] INFO  segmented.SegmentedRaftLogWorker (SegmentedRaftLogWorker.java:startLogSegment(380)) - a15262cf-293c-4f16-a68b-da2cb3cd04b4@group-230DAC3E466D-SegmentedRaftLogWorker: Starting segment from index:0
2019-09-26 16:41:52,892 [a15262cf-293c-4f16-a68b-da2cb3cd04b4@group-230DAC3E466D:LeaderElection68] INFO  impl.RaftServerImpl (ServerState.java:setRaftConf(354)) - a15262cf-293c-4f16-a68b-da2cb3cd04b4@group-230DAC3E466D: set configuration 0: [a15262cf-293c-4f16-a68b-da2cb3cd04b4:192.168.157.234:46487], old=null at 0
2019-09-26 16:41:52,935 [Thread-5961] INFO  impl.FollowerState (FollowerState.java:run(106)) - 159771ad-9275-4e40-b5e3-0b44f8b2602b:group-005C2C7EA218 changes to CANDIDATE, lastRpcTime:1130, electionTimeout:1119ms
2019-09-26 16:41:52,936 [bd1aaaac-53c2-4304-bd38-0d16eb0e5a88@group-63DD3CFCC676:LeaderElection69] INFO  impl.LeaderElection (LeaderElection.java:askForVotes(182)) - bd1aaaac-53c2-4304-bd38-0d16eb0e5a88@group-63DD3CFCC676:LeaderElection69: begin an election at term 1 for -1: [bd1aaaac-53c2-4304-bd38-0d16eb0e5a88:192.168.157.234:40409, 159771ad-9275-4e40-b5e3-0b44f8b2602b:192.168.157.234:44936, 58c4a369-c250-4760-99a6-8b9370b39159:192.168.157.234:42613], old=null
2019-09-26 16:41:52,936 [Thread-5961] INFO  impl.RoleInfo (RoleInfo.java:shutdownFollowerState(121)) - 159771ad-9275-4e40-b5e3-0b44f8b2602b: shutdown FollowerState
2019-09-26 16:41:52,936 [Thread-5961] INFO  impl.RaftServerImpl (RaftServerImpl.java:setRole(174)) - 159771ad-9275-4e40-b5e3-0b44f8b2602b@group-005C2C7EA218: changes role from  FOLLOWER to CANDIDATE at term 0 for changeToCandidate
2019-09-26 16:41:52,936 [Thread-5961] INFO  impl.RoleInfo (RoleInfo.java:updateAndGet(143)) - 159771ad-9275-4e40-b5e3-0b44f8b2602b: start LeaderElection
2019-09-26 16:41:52,948 [a15262cf-293c-4f16-a68b-da2cb3cd04b4@group-230DAC3E466D-SegmentedRaftLogWorker] INFO  segmented.SegmentedRaftLogWorker (SegmentedRaftLogWorker.java:execute(569)) - a15262cf-293c-4f16-a68b-da2cb3cd04b4@group-230DAC3E466D-SegmentedRaftLogWorker: created new log segment /workdir/hadoop-ozone/integration-test/target/test-dir/MiniOzoneClusterImpl-3c389332-0e16-4a63-91ed-68711720325b/datanode-2/data/ratis/bd7379ac-bc4a-4f03-9ab8-230dac3e466d/current/log_inprogress_0
2019-09-26 16:41:52,948 [159771ad-9275-4e40-b5e3-0b44f8b2602b@group-005C2C7EA218:LeaderElection70] INFO  impl.LeaderElection (LeaderElection.java:askForVotes(182)) - 159771ad-9275-4e40-b5e3-0b44f8b2602b@group-005C2C7EA218:LeaderElection70: begin an election at term 1 for -1: [159771ad-9275-4e40-b5e3-0b44f8b2602b:192.168.157.234:44936], old=null
2019-09-26 16:41:52,949 [159771ad-9275-4e40-b5e3-0b44f8b2602b@group-005C2C7EA218:LeaderElection70] INFO  impl.RoleInfo (RoleInfo.java:shutdownLeaderElection(134)) - 159771ad-9275-4e40-b5e3-0b44f8b2602b: shutdown LeaderElection
2019-09-26 16:41:52,949 [159771ad-9275-4e40-b5e3-0b44f8b2602b@group-005C2C7EA218:LeaderElection70] INFO  impl.RaftServerImpl (RaftServerImpl.java:setRole(174)) - 159771ad-9275-4e40-b5e3-0b44f8b2602b@group-005C2C7EA218: changes role from CANDIDATE to LEADER at term 1 for changeToLeader
2019-09-26 16:41:52,949 [159771ad-9275-4e40-b5e3-0b44f8b2602b@group-005C2C7EA218:LeaderElection70] INFO  impl.RaftServerImpl (ServerState.java:setLeader(253)) - 159771ad-9275-4e40-b5e3-0b44f8b2602b@group-005C2C7EA218: change Leader from null to 159771ad-9275-4e40-b5e3-0b44f8b2602b at term 1 for becomeLeader, leader elected after 1150ms
2019-09-26 16:41:52,949 [159771ad-9275-4e40-b5e3-0b44f8b2602b@group-005C2C7EA218:LeaderElection70] INFO  server.RaftServerConfigKeys (ConfUtils.java:logGet(43)) - raft.server.staging.catchup.gap = 1000 (default)
2019-09-26 16:41:52,949 [159771ad-9275-4e40-b5e3-0b44f8b2602b@group-005C2C7EA218:LeaderElection70] INFO  server.RaftServerConfigKeys (ConfUtils.java:logGet(43)) - raft.server.rpc.sleep.time = 25ms (default)
2019-09-26 16:41:52,950 [159771ad-9275-4e40-b5e3-0b44f8b2602b@group-005C2C7EA218:LeaderElection70] INFO  server.RaftServerConfigKeys (ConfUtils.java:logGet(43)) - raft.server.write.element-limit = 4096 (default)
2019-09-26 16:41:52,950 [grpc-default-executor-0] INFO  impl.RaftServerImpl (RaftServerImpl.java:setRole(174)) - 159771ad-9275-4e40-b5e3-0b44f8b2602b@group-63DD3CFCC676: changes role from  FOLLOWER to FOLLOWER at term 1 for recognizeCandidate:bd1aaaac-53c2-4304-bd38-0d16eb0e5a88
2019-09-26 16:41:52,950 [159771ad-9275-4e40-b5e3-0b44f8b2602b@group-005C2C7EA218:LeaderElection70] INFO  server.RaftServerConfigKeys (ConfUtils.java:logGet(43)) - raft.server.watch.timeout = 10s (default)
2019-09-26 16:41:52,950 [159771ad-9275-4e40-b5e3-0b44f8b2602b@group-005C2C7EA218:LeaderElection70] INFO  server.RaftServerConfigKeys (ConfUtils.java:logGet(43)) - raft.server.watch.timeout.denomination = 1s (default)
2019-09-26 16:41:52,950 [grpc-default-executor-1] INFO  impl.RaftServerImpl (RaftServerImpl.java:setRole(174)) - 58c4a369-c250-4760-99a6-8b9370b39159@group-63DD3CFCC676: changes role from  FOLLOWER to FOLLOWER at term 1 for recognizeCandidate:bd1aaaac-53c2-4304-bd38-0d16eb0e5a88
2019-09-26 16:41:52,950 [159771ad-9275-4e40-b5e3-0b44f8b2602b@group-005C2C7EA218:LeaderElection70] INFO  server.RaftServerConfigKeys (ConfUtils.java:logGet(43)) - raft.server.watch.element-limit = 65536 (default)
2019-09-26 16:41:52,950 [grpc-default-executor-0] INFO  impl.RoleInfo (RoleInfo.java:shutdownFollowerState(121)) - 159771ad-9275-4e40-b5e3-0b44f8b2602b: shutdown FollowerState
2019-09-26 16:41:52,951 [grpc-default-executor-1] INFO  impl.RoleInfo (RoleInfo.java:shutdownFollowerState(121)) - 58c4a369-c250-4760-99a6-8b9370b39159: shutdown FollowerState
2019-09-26 16:41:52,951 [Thread-5964] INFO  impl.FollowerState (FollowerState.java:run(115)) - 159771ad-9275-4e40-b5e3-0b44f8b2602b: FollowerState was interrupted: java.lang.InterruptedException: sleep interrupted
2019-09-26 16:41:52,951 [Thread-5968] INFO  impl.FollowerState (FollowerState.java:run(115)) - 58c4a369-c250-4760-99a6-8b9370b39159: FollowerState was interrupted: java.lang.InterruptedException: sleep interrupted
2019-09-26 16:41:52,951 [grpc-default-executor-0] INFO  impl.RoleInfo (RoleInfo.java:updateAndGet(143)) - 159771ad-9275-4e40-b5e3-0b44f8b2602b: start FollowerState
2019-09-26 16:41:52,951 [grpc-default-executor-1] INFO  impl.RoleInfo (RoleInfo.java:updateAndGet(143)) - 58c4a369-c250-4760-99a6-8b9370b39159: start FollowerState
2019-09-26 16:41:52,960 [159771ad-9275-4e40-b5e3-0b44f8b2602b@group-005C2C7EA218:LeaderElection70] INFO  impl.RoleInfo (RoleInfo.java:updateAndGet(143)) - 159771ad-9275-4e40-b5e3-0b44f8b2602b: start LeaderState
2019-09-26 16:41:52,960 [159771ad-9275-4e40-b5e3-0b44f8b2602b@group-005C2C7EA218:LeaderElection70] INFO  segmented.SegmentedRaftLogWorker (SegmentedRaftLogWorker.java:startLogSegment(380)) - 159771ad-9275-4e40-b5e3-0b44f8b2602b@group-005C2C7EA218-SegmentedRaftLogWorker: Starting segment from index:0
2019-09-26 16:41:52,961 [159771ad-9275-4e40-b5e3-0b44f8b2602b@group-005C2C7EA218:LeaderElection70] INFO  impl.RaftServerImpl (ServerState.java:setRaftConf(354)) - 159771ad-9275-4e40-b5e3-0b44f8b2602b@group-005C2C7EA218: set configuration 0: [159771ad-9275-4e40-b5e3-0b44f8b2602b:192.168.157.234:44936], old=null at 0
2019-09-26 16:41:52,999 [Thread-5977] INFO  impl.FollowerState (FollowerState.java:run(106)) - ba66a674-5e84-4bd3-9f35-73a521070499:group-DC19A4D7286F changes to CANDIDATE, lastRpcTime:1035, electionTimeout:1012ms
2019-09-26 16:41:52,999 [Thread-5977] INFO  impl.RoleInfo (RoleInfo.java:shutdownFollowerState(121)) - ba66a674-5e84-4bd3-9f35-73a521070499: shutdown FollowerState
2019-09-26 16:41:52,999 [Thread-5977] INFO  impl.RaftServerImpl (RaftServerImpl.java:setRole(174)) - ba66a674-5e84-4bd3-9f35-73a521070499@group-DC19A4D7286F: changes role from  FOLLOWER to CANDIDATE at term 0 for changeToCandidate
2019-09-26 16:41:52,999 [Thread-5977] INFO  impl.RoleInfo (RoleInfo.java:updateAndGet(143)) - ba66a674-5e84-4bd3-9f35-73a521070499: start LeaderElection
2019-09-26 16:41:52,999 [bd1aaaac-53c2-4304-bd38-0d16eb0e5a88@group-63DD3CFCC676:LeaderElection69] INFO  impl.LeaderElection (LeaderElection.java:logAndReturn(56)) - bd1aaaac-53c2-4304-bd38-0d16eb0e5a88@group-63DD3CFCC676:LeaderElection69: Election PASSED; received 1 response(s) [bd1aaaac-53c2-4304-bd38-0d16eb0e5a88<-58c4a369-c250-4760-99a6-8b9370b39159#0:OK-t1] and 0 exception(s); bd1aaaac-53c2-4304-bd38-0d16eb0e5a88@group-63DD3CFCC676:t1, leader=null, voted=bd1aaaac-53c2-4304-bd38-0d16eb0e5a88, raftlog=bd1aaaac-53c2-4304-bd38-0d16eb0e5a88@group-63DD3CFCC676-SegmentedRaftLog:OPENED:c-1,f-1,i0, conf=-1: [bd1aaaac-53c2-4304-bd38-0d16eb0e5a88:192.168.157.234:40409, 159771ad-9275-4e40-b5e3-0b44f8b2602b:192.168.157.234:44936, 58c4a369-c250-4760-99a6-8b9370b39159:192.168.157.234:42613], old=null
2019-09-26 16:41:52,999 [bd1aaaac-53c2-4304-bd38-0d16eb0e5a88@group-63DD3CFCC676:LeaderElection69] INFO  impl.RoleInfo (RoleInfo.java:shutdownLeaderElection(134)) - bd1aaaac-53c2-4304-bd38-0d16eb0e5a88: shutdown LeaderElection
2019-09-26 16:41:53,004 [bd1aaaac-53c2-4304-bd38-0d16eb0e5a88@group-63DD3CFCC676:LeaderElection69] INFO  impl.RaftServerImpl (RaftServerImpl.java:setRole(174)) - bd1aaaac-53c2-4304-bd38-0d16eb0e5a88@group-63DD3CFCC676: changes role from CANDIDATE to LEADER at term 1 for changeToLeader
2019-09-26 16:41:53,004 [bd1aaaac-53c2-4304-bd38-0d16eb0e5a88@group-63DD3CFCC676:LeaderElection69] INFO  impl.RaftServerImpl (ServerState.java:setLeader(253)) - bd1aaaac-53c2-4304-bd38-0d16eb0e5a88@group-63DD3CFCC676: change Leader from null to bd1aaaac-53c2-4304-bd38-0d16eb0e5a88 at term 1 for becomeLeader, leader elected after 1145ms
2019-09-26 16:41:53,008 [bd1aaaac-53c2-4304-bd38-0d16eb0e5a88@group-63DD3CFCC676:LeaderElection69] INFO  server.RaftServerConfigKeys (ConfUtils.java:logGet(43)) - raft.server.staging.catchup.gap = 1000 (default)
2019-09-26 16:41:53,008 [bd1aaaac-53c2-4304-bd38-0d16eb0e5a88@group-63DD3CFCC676:LeaderElection69] INFO  server.RaftServerConfigKeys (ConfUtils.java:logGet(43)) - raft.server.rpc.sleep.time = 25ms (default)
2019-09-26 16:41:53,008 [bd1aaaac-53c2-4304-bd38-0d16eb0e5a88@group-63DD3CFCC676:LeaderElection69] INFO  server.RaftServerConfigKeys (ConfUtils.java:logGet(43)) - raft.server.write.element-limit = 4096 (default)
2019-09-26 16:41:53,008 [bd1aaaac-53c2-4304-bd38-0d16eb0e5a88@group-63DD3CFCC676:LeaderElection69] INFO  server.RaftServerConfigKeys (ConfUtils.java:logGet(43)) - raft.server.watch.timeout = 10s (default)
2019-09-26 16:41:53,008 [bd1aaaac-53c2-4304-bd38-0d16eb0e5a88@group-63DD3CFCC676:LeaderElection69] INFO  server.RaftServerConfigKeys (ConfUtils.java:logGet(43)) - raft.server.watch.timeout.denomination = 1s (default)
2019-09-26 16:41:53,008 [bd1aaaac-53c2-4304-bd38-0d16eb0e5a88@group-63DD3CFCC676:LeaderElection69] INFO  server.RaftServerConfigKeys (ConfUtils.java:logGet(43)) - raft.server.watch.element-limit = 65536 (default)
2019-09-26 16:41:53,010 [bd1aaaac-53c2-4304-bd38-0d16eb0e5a88@group-63DD3CFCC676:LeaderElection69] INFO  server.RaftServerConfigKeys (ConfUtils.java:logGet(43)) - raft.server.log.appender.snapshot.chunk.size.max = 16MB (=16777216) (default)
2019-09-26 16:41:53,010 [bd1aaaac-53c2-4304-bd38-0d16eb0e5a88@group-63DD3CFCC676:LeaderElection69] INFO  server.RaftServerConfigKeys (ConfUtils.java:logGet(43)) - raft.server.log.appender.buffer.byte-limit = 33554432 (custom)
2019-09-26 16:41:53,010 [bd1aaaac-53c2-4304-bd38-0d16eb0e5a88@group-63DD3CFCC676:LeaderElection69] INFO  server.RaftServerConfigKeys (ConfUtils.java:logGet(43)) - raft.server.log.appender.buffer.element-limit = 1 (custom)
2019-09-26 16:41:53,011 [bd1aaaac-53c2-4304-bd38-0d16eb0e5a88@group-63DD3CFCC676:LeaderElection69] INFO  grpc.GrpcConfigKeys$Server (ConfUtils.java:logGet(43)) - raft.grpc.server.leader.outstanding.appends.max = 128 (default)
2019-09-26 16:41:53,011 [bd1aaaac-53c2-4304-bd38-0d16eb0e5a88@group-63DD3CFCC676:LeaderElection69] INFO  server.RaftServerConfigKeys (ConfUtils.java:logGet(43)) - raft.server.rpc.request.timeout = 3000ms (default)
2019-09-26 16:41:53,011 [bd1aaaac-53c2-4304-bd38-0d16eb0e5a88@group-63DD3CFCC676:LeaderElection69] INFO  server.RaftServerConfigKeys (ConfUtils.java:logGet(43)) - raft.server.log.appender.install.snapshot.enabled = false (custom)
2019-09-26 16:41:53,011 [bd1aaaac-53c2-4304-bd38-0d16eb0e5a88@group-63DD3CFCC676:LeaderElection69] INFO  server.RaftServerConfigKeys (ConfUtils.java:logGet(43)) - raft.server.log.appender.snapshot.chunk.size.max = 16MB (=16777216) (default)
2019-09-26 16:41:53,012 [bd1aaaac-53c2-4304-bd38-0d16eb0e5a88@group-63DD3CFCC676:LeaderElection69] INFO  server.RaftServerConfigKeys (ConfUtils.java:logGet(43)) - raft.server.log.appender.buffer.byte-limit = 33554432 (custom)
2019-09-26 16:41:53,012 [bd1aaaac-53c2-4304-bd38-0d16eb0e5a88@group-63DD3CFCC676:LeaderElection69] INFO  server.RaftServerConfigKeys (ConfUtils.java:logGet(43)) - raft.server.log.appender.buffer.element-limit = 1 (custom)
2019-09-26 16:41:53,012 [159771ad-9275-4e40-b5e3-0b44f8b2602b@group-005C2C7EA218-SegmentedRaftLogWorker] INFO  segmented.SegmentedRaftLogWorker (SegmentedRaftLogWorker.java:execute(569)) - 159771ad-9275-4e40-b5e3-0b44f8b2602b@group-005C2C7EA218-SegmentedRaftLogWorker: created new log segment /workdir/hadoop-ozone/integration-test/target/test-dir/MiniOzoneClusterImpl-3c389332-0e16-4a63-91ed-68711720325b/datanode-4/data/ratis/0572e95f-7c0f-452a-9112-005c2c7ea218/current/log_inprogress_0
2019-09-26 16:41:53,012 [bd1aaaac-53c2-4304-bd38-0d16eb0e5a88@group-63DD3CFCC676:LeaderElection69] INFO  grpc.GrpcConfigKeys$Server (ConfUtils.java:logGet(43)) - raft.grpc.server.leader.outstanding.appends.max = 128 (default)
2019-09-26 16:41:53,027 [bd1aaaac-53c2-4304-bd38-0d16eb0e5a88@group-63DD3CFCC676:LeaderElection69] INFO  server.RaftServerConfigKeys (ConfUtils.java:logGet(43)) - raft.server.rpc.request.timeout = 3000ms (default)
2019-09-26 16:41:53,012 [ba66a674-5e84-4bd3-9f35-73a521070499@group-DC19A4D7286F:LeaderElection71] INFO  impl.LeaderElection (LeaderElection.java:askForVotes(182)) - ba66a674-5e84-4bd3-9f35-73a521070499@group-DC19A4D7286F:LeaderElection71: begin an election at term 1 for -1: [ba66a674-5e84-4bd3-9f35-73a521070499:192.168.157.234:37282, 289fcb57-3dc7-4202-a3b5-f15c84f9ab45:192.168.157.234:45955, a15262cf-293c-4f16-a68b-da2cb3cd04b4:192.168.157.234:46487], old=null
2019-09-26 16:41:53,027 [bd1aaaac-53c2-4304-bd38-0d16eb0e5a88@group-63DD3CFCC676:LeaderElection69] INFO  server.RaftServerConfigKeys (ConfUtils.java:logGet(43)) - raft.server.log.appender.install.snapshot.enabled = false (custom)
2019-09-26 16:41:53,028 [bd1aaaac-53c2-4304-bd38-0d16eb0e5a88@group-63DD3CFCC676:LeaderElection69] INFO  impl.RoleInfo (RoleInfo.java:updateAndGet(143)) - bd1aaaac-53c2-4304-bd38-0d16eb0e5a88: start LeaderState
2019-09-26 16:41:53,028 [bd1aaaac-53c2-4304-bd38-0d16eb0e5a88@group-63DD3CFCC676:LeaderElection69] INFO  segmented.SegmentedRaftLogWorker (SegmentedRaftLogWorker.java:startLogSegment(380)) - bd1aaaac-53c2-4304-bd38-0d16eb0e5a88@group-63DD3CFCC676-SegmentedRaftLogWorker: Starting segment from index:0
2019-09-26 16:41:53,029 [bd1aaaac-53c2-4304-bd38-0d16eb0e5a88@group-63DD3CFCC676:LeaderElection69] INFO  impl.RaftServerImpl (ServerState.java:setRaftConf(354)) - bd1aaaac-53c2-4304-bd38-0d16eb0e5a88@group-63DD3CFCC676: set configuration 0: [bd1aaaac-53c2-4304-bd38-0d16eb0e5a88:192.168.157.234:40409, 159771ad-9275-4e40-b5e3-0b44f8b2602b:192.168.157.234:44936, 58c4a369-c250-4760-99a6-8b9370b39159:192.168.157.234:42613], old=null at 0
2019-09-26 16:41:53,067 [Thread-5982] INFO  impl.FollowerState (FollowerState.java:run(106)) - 289fcb57-3dc7-4202-a3b5-f15c84f9ab45:group-DCC7C5F4CB89 changes to CANDIDATE, lastRpcTime:1030, electionTimeout:1030ms
2019-09-26 16:41:53,068 [Thread-5982] INFO  impl.RoleInfo (RoleInfo.java:shutdownFollowerState(121)) - 289fcb57-3dc7-4202-a3b5-f15c84f9ab45: shutdown FollowerState
2019-09-26 16:41:53,068 [Thread-5982] INFO  impl.RaftServerImpl (RaftServerImpl.java:setRole(174)) - 289fcb57-3dc7-4202-a3b5-f15c84f9ab45@group-DCC7C5F4CB89: changes role from  FOLLOWER to CANDIDATE at term 0 for changeToCandidate
2019-09-26 16:41:53,068 [Thread-5982] INFO  impl.RoleInfo (RoleInfo.java:updateAndGet(143)) - 289fcb57-3dc7-4202-a3b5-f15c84f9ab45: start LeaderElection
2019-09-26 16:41:53,087 [main] INFO  ozone.MiniOzoneClusterImpl (MiniOzoneClusterImpl.java:lambda$waitForClusterToBeReady$0(147)) - Cluster is ready. Got 10 of 10 DN Heartbeats.
2019-09-26 16:41:53,087 [bd1aaaac-53c2-4304-bd38-0d16eb0e5a88@group-63DD3CFCC676-SegmentedRaftLogWorker] INFO  segmented.SegmentedRaftLogWorker (SegmentedRaftLogWorker.java:execute(569)) - bd1aaaac-53c2-4304-bd38-0d16eb0e5a88@group-63DD3CFCC676-SegmentedRaftLogWorker: created new log segment /workdir/hadoop-ozone/integration-test/target/test-dir/MiniOzoneClusterImpl-3c389332-0e16-4a63-91ed-68711720325b/datanode-0/data/ratis/98ada477-6929-41c7-b704-63dd3cfcc676/current/log_inprogress_0
2019-09-26 16:41:53,087 [Thread-5974] INFO  impl.FollowerState (FollowerState.java:run(106)) - a15262cf-293c-4f16-a68b-da2cb3cd04b4:group-DC19A4D7286F changes to CANDIDATE, lastRpcTime:1125, electionTimeout:1125ms
2019-09-26 16:41:53,088 [grpc-default-executor-0] INFO  impl.RaftServerImpl (ServerState.java:setLeader(253)) - 159771ad-9275-4e40-b5e3-0b44f8b2602b@group-63DD3CFCC676: change Leader from null to bd1aaaac-53c2-4304-bd38-0d16eb0e5a88 at term 1 for appendEntries, leader elected after 1230ms
2019-09-26 16:41:53,089 [Thread-5974] INFO  impl.RoleInfo (RoleInfo.java:shutdownFollowerState(121)) - a15262cf-293c-4f16-a68b-da2cb3cd04b4: shutdown FollowerState
2019-09-26 16:41:53,088 [grpc-default-executor-1] INFO  impl.RaftServerImpl (ServerState.java:setLeader(253)) - 58c4a369-c250-4760-99a6-8b9370b39159@group-63DD3CFCC676: change Leader from null to bd1aaaac-53c2-4304-bd38-0d16eb0e5a88 at term 1 for appendEntries, leader elected after 1231ms
2019-09-26 16:41:53,089 [Thread-5974] INFO  impl.RaftServerImpl (RaftServerImpl.java:setRole(174)) - a15262cf-293c-4f16-a68b-da2cb3cd04b4@group-DC19A4D7286F: changes role from  FOLLOWER to CANDIDATE at term 0 for changeToCandidate
2019-09-26 16:41:53,095 [grpc-default-executor-2] INFO  impl.RaftServerImpl (RaftServerImpl.java:setRole(174)) - 289fcb57-3dc7-4202-a3b5-f15c84f9ab45@group-DC19A4D7286F: changes role from  FOLLOWER to FOLLOWER at term 1 for recognizeCandidate:ba66a674-5e84-4bd3-9f35-73a521070499
2019-09-26 16:41:53,098 [grpc-default-executor-2] INFO  impl.RoleInfo (RoleInfo.java:shutdownFollowerState(121)) - 289fcb57-3dc7-4202-a3b5-f15c84f9ab45: shutdown FollowerState
2019-09-26 16:41:53,095 [Thread-5974] INFO  impl.RoleInfo (RoleInfo.java:updateAndGet(143)) - a15262cf-293c-4f16-a68b-da2cb3cd04b4: start LeaderElection
2019-09-26 16:41:53,099 [Thread-5979] INFO  impl.FollowerState (FollowerState.java:run(115)) - 289fcb57-3dc7-4202-a3b5-f15c84f9ab45: FollowerState was interrupted: java.lang.InterruptedException: sleep interrupted
2019-09-26 16:41:53,099 [grpc-default-executor-2] INFO  impl.RoleInfo (RoleInfo.java:updateAndGet(143)) - 289fcb57-3dc7-4202-a3b5-f15c84f9ab45: start FollowerState
2019-09-26 16:41:53,103 [289fcb57-3dc7-4202-a3b5-f15c84f9ab45@group-DCC7C5F4CB89:LeaderElection72] INFO  impl.LeaderElection (LeaderElection.java:askForVotes(182)) - 289fcb57-3dc7-4202-a3b5-f15c84f9ab45@group-DCC7C5F4CB89:LeaderElection72: begin an election at term 1 for -1: [289fcb57-3dc7-4202-a3b5-f15c84f9ab45:192.168.157.234:45955], old=null
2019-09-26 16:41:53,103 [grpc-default-executor-3] INFO  impl.RaftServerImpl (RaftServerImpl.java:setRole(174)) - a15262cf-293c-4f16-a68b-da2cb3cd04b4@group-DC19A4D7286F: changes role from CANDIDATE to FOLLOWER at term 1 for recognizeCandidate:ba66a674-5e84-4bd3-9f35-73a521070499
2019-09-26 16:41:53,117 [289fcb57-3dc7-4202-a3b5-f15c84f9ab45@group-DCC7C5F4CB89:LeaderElection72] INFO  impl.RoleInfo (RoleInfo.java:shutdownLeaderElection(134)) - 289fcb57-3dc7-4202-a3b5-f15c84f9ab45: shutdown LeaderElection
2019-09-26 16:41:53,117 [grpc-default-executor-3] INFO  impl.RoleInfo (RoleInfo.java:shutdownLeaderElection(134)) - a15262cf-293c-4f16-a68b-da2cb3cd04b4: shutdown LeaderElection
2019-09-26 16:41:53,117 [289fcb57-3dc7-4202-a3b5-f15c84f9ab45@group-DCC7C5F4CB89:LeaderElection72] INFO  impl.RaftServerImpl (RaftServerImpl.java:setRole(174)) - 289fcb57-3dc7-4202-a3b5-f15c84f9ab45@group-DCC7C5F4CB89: changes role from CANDIDATE to LEADER at term 1 for changeToLeader
2019-09-26 16:41:53,117 [grpc-default-executor-3] INFO  impl.RoleInfo (RoleInfo.java:updateAndGet(143)) - a15262cf-293c-4f16-a68b-da2cb3cd04b4: start FollowerState
2019-09-26 16:41:53,117 [289fcb57-3dc7-4202-a3b5-f15c84f9ab45@group-DCC7C5F4CB89:LeaderElection72] INFO  impl.RaftServerImpl (ServerState.java:setLeader(253)) - 289fcb57-3dc7-4202-a3b5-f15c84f9ab45@group-DCC7C5F4CB89: change Leader from null to 289fcb57-3dc7-4202-a3b5-f15c84f9ab45 at term 1 for becomeLeader, leader elected after 1086ms
2019-09-26 16:41:53,118 [289fcb57-3dc7-4202-a3b5-f15c84f9ab45@group-DCC7C5F4CB89:LeaderElection72] INFO  server.RaftServerConfigKeys (ConfUtils.java:logGet(43)) - raft.server.staging.catchup.gap = 1000 (default)
2019-09-26 16:41:53,118 [289fcb57-3dc7-4202-a3b5-f15c84f9ab45@group-DCC7C5F4CB89:LeaderElection72] INFO  server.RaftServerConfigKeys (ConfUtils.java:logGet(43)) - raft.server.rpc.sleep.time = 25ms (default)
2019-09-26 16:41:53,118 [289fcb57-3dc7-4202-a3b5-f15c84f9ab45@group-DCC7C5F4CB89:LeaderElection72] INFO  server.RaftServerConfigKeys (ConfUtils.java:logGet(43)) - raft.server.write.element-limit = 4096 (default)
2019-09-26 16:41:53,118 [grpc-default-executor-1] INFO  impl.RaftServerImpl (ServerState.java:setRaftConf(354)) - 58c4a369-c250-4760-99a6-8b9370b39159@group-63DD3CFCC676: set configuration 0: [bd1aaaac-53c2-4304-bd38-0d16eb0e5a88:192.168.157.234:40409, 159771ad-9275-4e40-b5e3-0b44f8b2602b:192.168.157.234:44936, 58c4a369-c250-4760-99a6-8b9370b39159:192.168.157.234:42613], old=null at 0
2019-09-26 16:41:53,118 [grpc-default-executor-0] INFO  impl.RaftServerImpl (ServerState.java:setRaftConf(354)) - 159771ad-9275-4e40-b5e3-0b44f8b2602b@group-63DD3CFCC676: set configuration 0: [bd1aaaac-53c2-4304-bd38-0d16eb0e5a88:192.168.157.234:40409, 159771ad-9275-4e40-b5e3-0b44f8b2602b:192.168.157.234:44936, 58c4a369-c250-4760-99a6-8b9370b39159:192.168.157.234:42613], old=null at 0
2019-09-26 16:41:53,119 [grpc-default-executor-1] INFO  segmented.SegmentedRaftLogWorker (SegmentedRaftLogWorker.java:startLogSegment(380)) - 58c4a369-c250-4760-99a6-8b9370b39159@group-63DD3CFCC676-SegmentedRaftLogWorker: Starting segment from index:0
2019-09-26 16:41:53,118 [289fcb57-3dc7-4202-a3b5-f15c84f9ab45@group-DCC7C5F4CB89:LeaderElection72] INFO  server.RaftServerConfigKeys (ConfUtils.java:logGet(43)) - raft.server.watch.timeout = 10s (default)
2019-09-26 16:41:53,119 [grpc-default-executor-0] INFO  segmented.SegmentedRaftLogWorker (SegmentedRaftLogWorker.java:startLogSegment(380)) - 159771ad-9275-4e40-b5e3-0b44f8b2602b@group-63DD3CFCC676-SegmentedRaftLogWorker: Starting segment from index:0
2019-09-26 16:41:53,120 [289fcb57-3dc7-4202-a3b5-f15c84f9ab45@group-DCC7C5F4CB89:LeaderElection72] INFO  server.RaftServerConfigKeys (ConfUtils.java:logGet(43)) - raft.server.watch.timeout.denomination = 1s (default)
2019-09-26 16:41:53,120 [289fcb57-3dc7-4202-a3b5-f15c84f9ab45@group-DCC7C5F4CB89:LeaderElection72] INFO  server.RaftServerConfigKeys (ConfUtils.java:logGet(43)) - raft.server.watch.element-limit = 65536 (default)
2019-09-26 16:41:53,123 [289fcb57-3dc7-4202-a3b5-f15c84f9ab45@group-DCC7C5F4CB89:LeaderElection72] INFO  impl.RoleInfo (RoleInfo.java:updateAndGet(143)) - 289fcb57-3dc7-4202-a3b5-f15c84f9ab45: start LeaderState
2019-09-26 16:41:53,123 [289fcb57-3dc7-4202-a3b5-f15c84f9ab45@group-DCC7C5F4CB89:LeaderElection72] INFO  segmented.SegmentedRaftLogWorker (SegmentedRaftLogWorker.java:startLogSegment(380)) - 289fcb57-3dc7-4202-a3b5-f15c84f9ab45@group-DCC7C5F4CB89-SegmentedRaftLogWorker: Starting segment from index:0
2019-09-26 16:41:53,123 [289fcb57-3dc7-4202-a3b5-f15c84f9ab45@group-DCC7C5F4CB89:LeaderElection72] INFO  impl.RaftServerImpl (ServerState.java:setRaftConf(354)) - 289fcb57-3dc7-4202-a3b5-f15c84f9ab45@group-DCC7C5F4CB89: set configuration 0: [289fcb57-3dc7-4202-a3b5-f15c84f9ab45:192.168.157.234:45955], old=null at 0
2019-09-26 16:41:53,169 [Thread-5985] INFO  impl.FollowerState (FollowerState.java:run(106)) - f45586a2-d7c2-4816-9720-dd343377f456:group-B0B5CC110A79 changes to CANDIDATE, lastRpcTime:1075, electionTimeout:1068ms
2019-09-26 16:41:53,169 [Thread-5985] INFO  impl.RoleInfo (RoleInfo.java:shutdownFollowerState(121)) - f45586a2-d7c2-4816-9720-dd343377f456: shutdown FollowerState
2019-09-26 16:41:53,169 [Thread-5985] INFO  impl.RaftServerImpl (RaftServerImpl.java:setRole(174)) - f45586a2-d7c2-4816-9720-dd343377f456@group-B0B5CC110A79: changes role from  FOLLOWER to CANDIDATE at term 0 for changeToCandidate
2019-09-26 16:41:53,169 [Thread-5985] INFO  impl.RoleInfo (RoleInfo.java:updateAndGet(143)) - f45586a2-d7c2-4816-9720-dd343377f456: start LeaderElection
2019-09-26 16:41:53,181 [ba66a674-5e84-4bd3-9f35-73a521070499@group-DC19A4D7286F:LeaderElection71] INFO  impl.LeaderElection (LeaderElection.java:logAndReturn(56)) - ba66a674-5e84-4bd3-9f35-73a521070499@group-DC19A4D7286F:LeaderElection71: Election PASSED; received 2 response(s) [ba66a674-5e84-4bd3-9f35-73a521070499<-a15262cf-293c-4f16-a68b-da2cb3cd04b4#0:FAIL-t1, ba66a674-5e84-4bd3-9f35-73a521070499<-289fcb57-3dc7-4202-a3b5-f15c84f9ab45#0:OK-t1] and 0 exception(s); ba66a674-5e84-4bd3-9f35-73a521070499@group-DC19A4D7286F:t1, leader=null, voted=ba66a674-5e84-4bd3-9f35-73a521070499, raftlog=ba66a674-5e84-4bd3-9f35-73a521070499@group-DC19A4D7286F-SegmentedRaftLog:OPENED:c-1,f-1,i0, conf=-1: [ba66a674-5e84-4bd3-9f35-73a521070499:192.168.157.234:37282, 289fcb57-3dc7-4202-a3b5-f15c84f9ab45:192.168.157.234:45955, a15262cf-293c-4f16-a68b-da2cb3cd04b4:192.168.157.234:46487], old=null
2019-09-26 16:41:53,182 [ba66a674-5e84-4bd3-9f35-73a521070499@group-DC19A4D7286F:LeaderElection71] INFO  impl.RoleInfo (RoleInfo.java:shutdownLeaderElection(134)) - ba66a674-5e84-4bd3-9f35-73a521070499: shutdown LeaderElection
2019-09-26 16:41:53,182 [ba66a674-5e84-4bd3-9f35-73a521070499@group-DC19A4D7286F:LeaderElection71] INFO  impl.RaftServerImpl (RaftServerImpl.java:setRole(174)) - ba66a674-5e84-4bd3-9f35-73a521070499@group-DC19A4D7286F: changes role from CANDIDATE to LEADER at term 1 for changeToLeader
2019-09-26 16:41:53,182 [ba66a674-5e84-4bd3-9f35-73a521070499@group-DC19A4D7286F:LeaderElection71] INFO  impl.RaftServerImpl (ServerState.java:setLeader(253)) - ba66a674-5e84-4bd3-9f35-73a521070499@group-DC19A4D7286F: change Leader from null to ba66a674-5e84-4bd3-9f35-73a521070499 at term 1 for becomeLeader, leader elected after 1231ms
2019-09-26 16:41:53,182 [58c4a369-c250-4760-99a6-8b9370b39159@group-63DD3CFCC676-SegmentedRaftLogWorker] INFO  segmented.SegmentedRaftLogWorker (SegmentedRaftLogWorker.java:execute(569)) - 58c4a369-c250-4760-99a6-8b9370b39159@group-63DD3CFCC676-SegmentedRaftLogWorker: created new log segment /workdir/hadoop-ozone/integration-test/target/test-dir/MiniOzoneClusterImpl-3c389332-0e16-4a63-91ed-68711720325b/datanode-1/data/ratis/98ada477-6929-41c7-b704-63dd3cfcc676/current/log_inprogress_0
2019-09-26 16:41:53,182 [289fcb57-3dc7-4202-a3b5-f15c84f9ab45@group-DCC7C5F4CB89-SegmentedRaftLogWorker] INFO  segmented.SegmentedRaftLogWorker (SegmentedRaftLogWorker.java:execute(569)) - 289fcb57-3dc7-4202-a3b5-f15c84f9ab45@group-DCC7C5F4CB89-SegmentedRaftLogWorker: created new log segment /workdir/hadoop-ozone/integration-test/target/test-dir/MiniOzoneClusterImpl-3c389332-0e16-4a63-91ed-68711720325b/datanode-6/data/ratis/fc223c65-34d9-4936-8e56-dcc7c5f4cb89/current/log_inprogress_0
2019-09-26 16:41:53,182 [159771ad-9275-4e40-b5e3-0b44f8b2602b@group-63DD3CFCC676-SegmentedRaftLogWorker] INFO  segmented.SegmentedRaftLogWorker (SegmentedRaftLogWorker.java:execute(569)) - 159771ad-9275-4e40-b5e3-0b44f8b2602b@group-63DD3CFCC676-SegmentedRaftLogWorker: created new log segment /workdir/hadoop-ozone/integration-test/target/test-dir/MiniOzoneClusterImpl-3c389332-0e16-4a63-91ed-68711720325b/datanode-4/data/ratis/98ada477-6929-41c7-b704-63dd3cfcc676/current/log_inprogress_0
2019-09-26 16:41:53,187 [f45586a2-d7c2-4816-9720-dd343377f456@group-B0B5CC110A79:LeaderElection74] INFO  impl.LeaderElection (LeaderElection.java:askForVotes(182)) - f45586a2-d7c2-4816-9720-dd343377f456@group-B0B5CC110A79:LeaderElection74: begin an election at term 1 for -1: [f45586a2-d7c2-4816-9720-dd343377f456:192.168.157.234:34956], old=null
2019-09-26 16:41:53,188 [f45586a2-d7c2-4816-9720-dd343377f456@group-B0B5CC110A79:LeaderElection74] INFO  impl.RoleInfo (RoleInfo.java:shutdownLeaderElection(134)) - f45586a2-d7c2-4816-9720-dd343377f456: shutdown LeaderElection
2019-09-26 16:41:53,188 [f45586a2-d7c2-4816-9720-dd343377f456@group-B0B5CC110A79:LeaderElection74] INFO  impl.RaftServerImpl (RaftServerImpl.java:setRole(174)) - f45586a2-d7c2-4816-9720-dd343377f456@group-B0B5CC110A79: changes role from CANDIDATE to LEADER at term 1 for changeToLeader
2019-09-26 16:41:53,188 [f45586a2-d7c2-4816-9720-dd343377f456@group-B0B5CC110A79:LeaderElection74] INFO  impl.RaftServerImpl (ServerState.java:setLeader(253)) - f45586a2-d7c2-4816-9720-dd343377f456@group-B0B5CC110A79: change Leader from null to f45586a2-d7c2-4816-9720-dd343377f456 at term 1 for becomeLeader, leader elected after 1102ms
2019-09-26 16:41:53,188 [f45586a2-d7c2-4816-9720-dd343377f456@group-B0B5CC110A79:LeaderElection74] INFO  server.RaftServerConfigKeys (ConfUtils.java:logGet(43)) - raft.server.staging.catchup.gap = 1000 (default)
2019-09-26 16:41:53,188 [f45586a2-d7c2-4816-9720-dd343377f456@group-B0B5CC110A79:LeaderElection74] INFO  server.RaftServerConfigKeys (ConfUtils.java:logGet(43)) - raft.server.rpc.sleep.time = 25ms (default)
2019-09-26 16:41:53,189 [f45586a2-d7c2-4816-9720-dd343377f456@group-B0B5CC110A79:LeaderElection74] INFO  server.RaftServerConfigKeys (ConfUtils.java:logGet(43)) - raft.server.write.element-limit = 4096 (default)
2019-09-26 16:41:53,189 [f45586a2-d7c2-4816-9720-dd343377f456@group-B0B5CC110A79:LeaderElection74] INFO  server.RaftServerConfigKeys (ConfUtils.java:logGet(43)) - raft.server.watch.timeout = 10s (default)
2019-09-26 16:41:53,189 [f45586a2-d7c2-4816-9720-dd343377f456@group-B0B5CC110A79:LeaderElection74] INFO  server.RaftServerConfigKeys (ConfUtils.java:logGet(43)) - raft.server.watch.timeout.denomination = 1s (default)
2019-09-26 16:41:53,189 [f45586a2-d7c2-4816-9720-dd343377f456@group-B0B5CC110A79:LeaderElection74] INFO  server.RaftServerConfigKeys (ConfUtils.java:logGet(43)) - raft.server.watch.element-limit = 65536 (default)
2019-09-26 16:41:53,191 [f45586a2-d7c2-4816-9720-dd343377f456@group-B0B5CC110A79:LeaderElection74] INFO  impl.RoleInfo (RoleInfo.java:updateAndGet(143)) - f45586a2-d7c2-4816-9720-dd343377f456: start LeaderState
2019-09-26 16:41:53,191 [f45586a2-d7c2-4816-9720-dd343377f456@group-B0B5CC110A79:LeaderElection74] INFO  segmented.SegmentedRaftLogWorker (SegmentedRaftLogWorker.java:startLogSegment(380)) - f45586a2-d7c2-4816-9720-dd343377f456@group-B0B5CC110A79-SegmentedRaftLogWorker: Starting segment from index:0
2019-09-26 16:41:53,192 [f45586a2-d7c2-4816-9720-dd343377f456@group-B0B5CC110A79:LeaderElection74] INFO  impl.RaftServerImpl (ServerState.java:setRaftConf(354)) - f45586a2-d7c2-4816-9720-dd343377f456@group-B0B5CC110A79: set configuration 0: [f45586a2-d7c2-4816-9720-dd343377f456:192.168.157.234:34956], old=null at 0
2019-09-26 16:41:53,192 [ba66a674-5e84-4bd3-9f35-73a521070499@group-DC19A4D7286F:LeaderElection71] INFO  server.RaftServerConfigKeys (ConfUtils.java:logGet(43)) - raft.server.staging.catchup.gap = 1000 (default)
2019-09-26 16:41:53,211 [a15262cf-293c-4f16-a68b-da2cb3cd04b4@group-DC19A4D7286F:LeaderElection73] INFO  impl.LeaderElection (LeaderElection.java:askForVotes(182)) - a15262cf-293c-4f16-a68b-da2cb3cd04b4@group-DC19A4D7286F:LeaderElection73: begin an election at term 2 for -1: [ba66a674-5e84-4bd3-9f35-73a521070499:192.168.157.234:37282, 289fcb57-3dc7-4202-a3b5-f15c84f9ab45:192.168.157.234:45955, a15262cf-293c-4f16-a68b-da2cb3cd04b4:192.168.157.234:46487], old=null
2019-09-26 16:41:53,211 [ba66a674-5e84-4bd3-9f35-73a521070499@group-DC19A4D7286F:LeaderElection71] INFO  server.RaftServerConfigKeys (ConfUtils.java:logGet(43)) - raft.server.rpc.sleep.time = 25ms (default)
2019-09-26 16:41:53,212 [ba66a674-5e84-4bd3-9f35-73a521070499@group-DC19A4D7286F:LeaderElection71] INFO  server.RaftServerConfigKeys (ConfUtils.java:logGet(43)) - raft.server.write.element-limit = 4096 (default)
2019-09-26 16:41:53,212 [ba66a674-5e84-4bd3-9f35-73a521070499@group-DC19A4D7286F:LeaderElection71] INFO  server.RaftServerConfigKeys (ConfUtils.java:logGet(43)) - raft.server.watch.timeout = 10s (default)
2019-09-26 16:41:53,212 [ba66a674-5e84-4bd3-9f35-73a521070499@group-DC19A4D7286F:LeaderElection71] INFO  server.RaftServerConfigKeys (ConfUtils.java:logGet(43)) - raft.server.watch.timeout.denomination = 1s (default)
2019-09-26 16:41:53,212 [ba66a674-5e84-4bd3-9f35-73a521070499@group-DC19A4D7286F:LeaderElection71] INFO  server.RaftServerConfigKeys (ConfUtils.java:logGet(43)) - raft.server.watch.element-limit = 65536 (default)
2019-09-26 16:41:53,212 [a15262cf-293c-4f16-a68b-da2cb3cd04b4@group-DC19A4D7286F:LeaderElection73] INFO  impl.LeaderElection (LeaderElection.java:logAndReturn(56)) - a15262cf-293c-4f16-a68b-da2cb3cd04b4@group-DC19A4D7286F:LeaderElection73: Election REJECTED; received 0 response(s) [] and 0 exception(s); a15262cf-293c-4f16-a68b-da2cb3cd04b4@group-DC19A4D7286F:t2, leader=null, voted=a15262cf-293c-4f16-a68b-da2cb3cd04b4, raftlog=a15262cf-293c-4f16-a68b-da2cb3cd04b4@group-DC19A4D7286F-SegmentedRaftLog:OPENED:c-1,f-1,i0, conf=-1: [ba66a674-5e84-4bd3-9f35-73a521070499:192.168.157.234:37282, 289fcb57-3dc7-4202-a3b5-f15c84f9ab45:192.168.157.234:45955, a15262cf-293c-4f16-a68b-da2cb3cd04b4:192.168.157.234:46487], old=null
2019-09-26 16:41:53,214 [ba66a674-5e84-4bd3-9f35-73a521070499@group-DC19A4D7286F:LeaderElection71] INFO  server.RaftServerConfigKeys (ConfUtils.java:logGet(43)) - raft.server.log.appender.snapshot.chunk.size.max = 16MB (=16777216) (default)
2019-09-26 16:41:53,214 [ba66a674-5e84-4bd3-9f35-73a521070499@group-DC19A4D7286F:LeaderElection71] INFO  server.RaftServerConfigKeys (ConfUtils.java:logGet(43)) - raft.server.log.appender.buffer.byte-limit = 33554432 (custom)
2019-09-26 16:41:53,214 [ba66a674-5e84-4bd3-9f35-73a521070499@group-DC19A4D7286F:LeaderElection71] INFO  server.RaftServerConfigKeys (ConfUtils.java:logGet(43)) - raft.server.log.appender.buffer.element-limit = 1 (custom)
2019-09-26 16:41:53,215 [ba66a674-5e84-4bd3-9f35-73a521070499@group-DC19A4D7286F:LeaderElection71] INFO  grpc.GrpcConfigKeys$Server (ConfUtils.java:logGet(43)) - raft.grpc.server.leader.outstanding.appends.max = 128 (default)
2019-09-26 16:41:53,215 [ba66a674-5e84-4bd3-9f35-73a521070499@group-DC19A4D7286F:LeaderElection71] INFO  server.RaftServerConfigKeys (ConfUtils.java:logGet(43)) - raft.server.rpc.request.timeout = 3000ms (default)
2019-09-26 16:41:53,215 [ba66a674-5e84-4bd3-9f35-73a521070499@group-DC19A4D7286F:LeaderElection71] INFO  server.RaftServerConfigKeys (ConfUtils.java:logGet(43)) - raft.server.log.appender.install.snapshot.enabled = false (custom)
2019-09-26 16:41:53,215 [ba66a674-5e84-4bd3-9f35-73a521070499@group-DC19A4D7286F:LeaderElection71] INFO  server.RaftServerConfigKeys (ConfUtils.java:logGet(43)) - raft.server.log.appender.snapshot.chunk.size.max = 16MB (=16777216) (default)
2019-09-26 16:41:53,215 [ba66a674-5e84-4bd3-9f35-73a521070499@group-DC19A4D7286F:LeaderElection71] INFO  server.RaftServerConfigKeys (ConfUtils.java:logGet(43)) - raft.server.log.appender.buffer.byte-limit = 33554432 (custom)
2019-09-26 16:41:53,215 [ba66a674-5e84-4bd3-9f35-73a521070499@group-DC19A4D7286F:LeaderElection71] INFO  server.RaftServerConfigKeys (ConfUtils.java:logGet(43)) - raft.server.log.appender.buffer.element-limit = 1 (custom)
2019-09-26 16:41:53,216 [ba66a674-5e84-4bd3-9f35-73a521070499@group-DC19A4D7286F:LeaderElection71] INFO  grpc.GrpcConfigKeys$Server (ConfUtils.java:logGet(43)) - raft.grpc.server.leader.outstanding.appends.max = 128 (default)
2019-09-26 16:41:53,216 [ba66a674-5e84-4bd3-9f35-73a521070499@group-DC19A4D7286F:LeaderElection71] INFO  server.RaftServerConfigKeys (ConfUtils.java:logGet(43)) - raft.server.rpc.request.timeout = 3000ms (default)
2019-09-26 16:41:53,216 [ba66a674-5e84-4bd3-9f35-73a521070499@group-DC19A4D7286F:LeaderElection71] INFO  server.RaftServerConfigKeys (ConfUtils.java:logGet(43)) - raft.server.log.appender.install.snapshot.enabled = false (custom)
2019-09-26 16:41:53,216 [grpc-default-executor-2] INFO  impl.RaftServerImpl (RaftServerImpl.java:setRole(174)) - 289fcb57-3dc7-4202-a3b5-f15c84f9ab45@group-DC19A4D7286F: changes role from  FOLLOWER to FOLLOWER at term 2 for recognizeCandidate:a15262cf-293c-4f16-a68b-da2cb3cd04b4
2019-09-26 16:41:53,219 [ba66a674-5e84-4bd3-9f35-73a521070499@group-DC19A4D7286F:LeaderElection71] INFO  impl.RoleInfo (RoleInfo.java:updateAndGet(143)) - ba66a674-5e84-4bd3-9f35-73a521070499: start LeaderState
2019-09-26 16:41:53,220 [grpc-default-executor-2] INFO  impl.RoleInfo (RoleInfo.java:shutdownFollowerState(121)) - 289fcb57-3dc7-4202-a3b5-f15c84f9ab45: shutdown FollowerState
2019-09-26 16:41:53,220 [ba66a674-5e84-4bd3-9f35-73a521070499@group-DC19A4D7286F:LeaderElection71] INFO  segmented.SegmentedRaftLogWorker (SegmentedRaftLogWorker.java:startLogSegment(380)) - ba66a674-5e84-4bd3-9f35-73a521070499@group-DC19A4D7286F-SegmentedRaftLogWorker: Starting segment from index:0
2019-09-26 16:41:53,220 [Thread-6032] INFO  impl.FollowerState (FollowerState.java:run(115)) - 289fcb57-3dc7-4202-a3b5-f15c84f9ab45: FollowerState was interrupted: java.lang.InterruptedException: sleep interrupted
2019-09-26 16:41:53,220 [grpc-default-executor-2] INFO  impl.RoleInfo (RoleInfo.java:updateAndGet(143)) - 289fcb57-3dc7-4202-a3b5-f15c84f9ab45: start FollowerState
2019-09-26 16:41:53,221 [ba66a674-5e84-4bd3-9f35-73a521070499@group-DC19A4D7286F:LeaderElection71] INFO  impl.RaftServerImpl (ServerState.java:setRaftConf(354)) - ba66a674-5e84-4bd3-9f35-73a521070499@group-DC19A4D7286F: set configuration 0: [ba66a674-5e84-4bd3-9f35-73a521070499:192.168.157.234:37282, 289fcb57-3dc7-4202-a3b5-f15c84f9ab45:192.168.157.234:45955, a15262cf-293c-4f16-a68b-da2cb3cd04b4:192.168.157.234:46487], old=null at 0
2019-09-26 16:41:53,264 [grpc-default-executor-3] INFO  impl.RaftServerImpl (ServerState.java:setLeader(253)) - ba66a674-5e84-4bd3-9f35-73a521070499@group-DC19A4D7286F: change Leader from ba66a674-5e84-4bd3-9f35-73a521070499 to null at term 2 for updateCurrentTerm
2019-09-26 16:41:53,264 [grpc-default-executor-3] INFO  impl.RaftServerImpl (RaftServerImpl.java:setRole(174)) - ba66a674-5e84-4bd3-9f35-73a521070499@group-DC19A4D7286F: changes role from    LEADER to FOLLOWER at term 2 for recognizeCandidate:a15262cf-293c-4f16-a68b-da2cb3cd04b4
2019-09-26 16:41:53,264 [f45586a2-d7c2-4816-9720-dd343377f456@group-B0B5CC110A79-SegmentedRaftLogWorker] INFO  segmented.SegmentedRaftLogWorker (SegmentedRaftLogWorker.java:execute(569)) - f45586a2-d7c2-4816-9720-dd343377f456@group-B0B5CC110A79-SegmentedRaftLogWorker: created new log segment /workdir/hadoop-ozone/integration-test/target/test-dir/MiniOzoneClusterImpl-3c389332-0e16-4a63-91ed-68711720325b/datanode-8/data/ratis/71a29bcf-24e4-4a9b-a701-b0b5cc110a79/current/log_inprogress_0
2019-09-26 16:41:53,264 [grpc-default-executor-3] INFO  impl.RoleInfo (RoleInfo.java:shutdownLeaderState(104)) - ba66a674-5e84-4bd3-9f35-73a521070499: shutdown LeaderState
2019-09-26 16:41:53,283 [ba66a674-5e84-4bd3-9f35-73a521070499@group-DC19A4D7286F-SegmentedRaftLogWorker] INFO  segmented.SegmentedRaftLogWorker (SegmentedRaftLogWorker.java:execute(569)) - ba66a674-5e84-4bd3-9f35-73a521070499@group-DC19A4D7286F-SegmentedRaftLogWorker: created new log segment /workdir/hadoop-ozone/integration-test/target/test-dir/MiniOzoneClusterImpl-3c389332-0e16-4a63-91ed-68711720325b/datanode-3/data/ratis/f8fa533e-4fc3-4d2c-9c60-dc19a4d7286f/current/log_inprogress_0
2019-09-26 16:41:53,283 [org.apache.ratis.server.impl.LogAppender$AppenderDaemon$$Lambda$414/452738001@9835449] WARN  server.GrpcLogAppender (GrpcLogAppender.java:mayWait(143)) - ba66a674-5e84-4bd3-9f35-73a521070499@group-DC19A4D7286F->289fcb57-3dc7-4202-a3b5-f15c84f9ab45-GrpcLogAppender: Wait interrupted by java.lang.InterruptedException
2019-09-26 16:41:53,287 [org.apache.ratis.server.impl.LogAppender$AppenderDaemon$$Lambda$414/452738001@2373a64] WARN  server.GrpcLogAppender (GrpcLogAppender.java:mayWait(143)) - ba66a674-5e84-4bd3-9f35-73a521070499@group-DC19A4D7286F->a15262cf-293c-4f16-a68b-da2cb3cd04b4-GrpcLogAppender: Wait interrupted by java.lang.InterruptedException
2019-09-26 16:41:53,291 [grpc-default-executor-2] INFO  server.GrpcServerProtocolService (GrpcServerProtocolService.java:onCompleted(113)) - a15262cf-293c-4f16-a68b-da2cb3cd04b4: Completed APPEND_ENTRIES, lastRequest: null
2019-09-26 16:41:53,291 [grpc-default-executor-2] INFO  server.GrpcLogAppender (GrpcLogAppender.java:onCompleted(293)) - ba66a674-5e84-4bd3-9f35-73a521070499@group-DC19A4D7286F->a15262cf-293c-4f16-a68b-da2cb3cd04b4-AppendLogResponseHandler: follower responses appendEntries COMPLETED
2019-09-26 16:41:53,292 [grpc-default-executor-0] INFO  server.GrpcServerProtocolService (GrpcServerProtocolService.java:onCompleted(113)) - 289fcb57-3dc7-4202-a3b5-f15c84f9ab45: Completed APPEND_ENTRIES, lastRequest: ba66a674-5e84-4bd3-9f35-73a521070499->289fcb57-3dc7-4202-a3b5-f15c84f9ab45#0-t1, previous=(t:0, i:0), leaderCommit=-1, initializing? false, entries: <empty>
2019-09-26 16:41:53,292 [grpc-default-executor-2] INFO  impl.FollowerInfo (FollowerInfo.java:lambda$new$0(51)) - ba66a674-5e84-4bd3-9f35-73a521070499@group-DC19A4D7286F->a15262cf-293c-4f16-a68b-da2cb3cd04b4: nextIndex: updateUnconditionally 0 -> 0
2019-09-26 16:41:53,292 [grpc-default-executor-3] INFO  impl.PendingRequests (PendingRequests.java:sendNotLeaderResponses(202)) - ba66a674-5e84-4bd3-9f35-73a521070499-PendingRequests: sendNotLeaderResponses
2019-09-26 16:41:53,292 [grpc-default-executor-3] INFO  impl.RoleInfo (RoleInfo.java:updateAndGet(143)) - ba66a674-5e84-4bd3-9f35-73a521070499: start FollowerState
2019-09-26 16:41:53,300 [grpc-default-executor-1] INFO  server.GrpcLogAppender (GrpcLogAppender.java:onCompleted(293)) - ba66a674-5e84-4bd3-9f35-73a521070499@group-DC19A4D7286F->289fcb57-3dc7-4202-a3b5-f15c84f9ab45-AppendLogResponseHandler: follower responses appendEntries COMPLETED
2019-09-26 16:41:53,301 [grpc-default-executor-1] INFO  impl.FollowerInfo (FollowerInfo.java:lambda$new$0(51)) - ba66a674-5e84-4bd3-9f35-73a521070499@group-DC19A4D7286F->289fcb57-3dc7-4202-a3b5-f15c84f9ab45: nextIndex: updateUnconditionally 0 -> 0
2019-09-26 16:41:53,305 [Thread-5988] INFO  impl.FollowerState (FollowerState.java:run(106)) - 3837398e-557b-4755-8718-a3ecbfd2ca45:group-203D0B0F5E11 changes to CANDIDATE, lastRpcTime:1159, electionTimeout:1159ms
2019-09-26 16:41:53,305 [Thread-5988] INFO  impl.RoleInfo (RoleInfo.java:shutdownFollowerState(121)) - 3837398e-557b-4755-8718-a3ecbfd2ca45: shutdown FollowerState
2019-09-26 16:41:53,305 [Thread-5988] INFO  impl.RaftServerImpl (RaftServerImpl.java:setRole(174)) - 3837398e-557b-4755-8718-a3ecbfd2ca45@group-203D0B0F5E11: changes role from  FOLLOWER to CANDIDATE at term 0 for changeToCandidate
2019-09-26 16:41:53,305 [Thread-5988] INFO  impl.RoleInfo (RoleInfo.java:updateAndGet(143)) - 3837398e-557b-4755-8718-a3ecbfd2ca45: start LeaderElection
2019-09-26 16:41:53,322 [3837398e-557b-4755-8718-a3ecbfd2ca45@group-203D0B0F5E11:LeaderElection75] INFO  impl.LeaderElection (LeaderElection.java:askForVotes(182)) - 3837398e-557b-4755-8718-a3ecbfd2ca45@group-203D0B0F5E11:LeaderElection75: begin an election at term 1 for -1: [3837398e-557b-4755-8718-a3ecbfd2ca45:192.168.157.234:34238], old=null
2019-09-26 16:41:53,322 [3837398e-557b-4755-8718-a3ecbfd2ca45@group-203D0B0F5E11:LeaderElection75] INFO  impl.RoleInfo (RoleInfo.java:shutdownLeaderElection(134)) - 3837398e-557b-4755-8718-a3ecbfd2ca45: shutdown LeaderElection
2019-09-26 16:41:53,323 [3837398e-557b-4755-8718-a3ecbfd2ca45@group-203D0B0F5E11:LeaderElection75] INFO  impl.RaftServerImpl (RaftServerImpl.java:setRole(174)) - 3837398e-557b-4755-8718-a3ecbfd2ca45@group-203D0B0F5E11: changes role from CANDIDATE to LEADER at term 1 for changeToLeader
2019-09-26 16:41:53,323 [3837398e-557b-4755-8718-a3ecbfd2ca45@group-203D0B0F5E11:LeaderElection75] INFO  impl.RaftServerImpl (ServerState.java:setLeader(253)) - 3837398e-557b-4755-8718-a3ecbfd2ca45@group-203D0B0F5E11: change Leader from null to 3837398e-557b-4755-8718-a3ecbfd2ca45 at term 1 for becomeLeader, leader elected after 1183ms
2019-09-26 16:41:53,323 [3837398e-557b-4755-8718-a3ecbfd2ca45@group-203D0B0F5E11:LeaderElection75] INFO  server.RaftServerConfigKeys (ConfUtils.java:logGet(43)) - raft.server.staging.catchup.gap = 1000 (default)
2019-09-26 16:41:53,323 [3837398e-557b-4755-8718-a3ecbfd2ca45@group-203D0B0F5E11:LeaderElection75] INFO  server.RaftServerConfigKeys (ConfUtils.java:logGet(43)) - raft.server.rpc.sleep.time = 25ms (default)
2019-09-26 16:41:53,323 [3837398e-557b-4755-8718-a3ecbfd2ca45@group-203D0B0F5E11:LeaderElection75] INFO  server.RaftServerConfigKeys (ConfUtils.java:logGet(43)) - raft.server.write.element-limit = 4096 (default)
2019-09-26 16:41:53,323 [3837398e-557b-4755-8718-a3ecbfd2ca45@group-203D0B0F5E11:LeaderElection75] INFO  server.RaftServerConfigKeys (ConfUtils.java:logGet(43)) - raft.server.watch.timeout = 10s (default)
2019-09-26 16:41:53,323 [3837398e-557b-4755-8718-a3ecbfd2ca45@group-203D0B0F5E11:LeaderElection75] INFO  server.RaftServerConfigKeys (ConfUtils.java:logGet(43)) - raft.server.watch.timeout.denomination = 1s (default)
2019-09-26 16:41:53,324 [3837398e-557b-4755-8718-a3ecbfd2ca45@group-203D0B0F5E11:LeaderElection75] INFO  server.RaftServerConfigKeys (ConfUtils.java:logGet(43)) - raft.server.watch.element-limit = 65536 (default)
2019-09-26 16:41:53,325 [3837398e-557b-4755-8718-a3ecbfd2ca45@group-203D0B0F5E11:LeaderElection75] INFO  impl.RoleInfo (RoleInfo.java:updateAndGet(143)) - 3837398e-557b-4755-8718-a3ecbfd2ca45: start LeaderState
2019-09-26 16:41:53,326 [3837398e-557b-4755-8718-a3ecbfd2ca45@group-203D0B0F5E11:LeaderElection75] INFO  segmented.SegmentedRaftLogWorker (SegmentedRaftLogWorker.java:startLogSegment(380)) - 3837398e-557b-4755-8718-a3ecbfd2ca45@group-203D0B0F5E11-SegmentedRaftLogWorker: Starting segment from index:0
2019-09-26 16:41:53,326 [3837398e-557b-4755-8718-a3ecbfd2ca45@group-203D0B0F5E11:LeaderElection75] INFO  impl.RaftServerImpl (ServerState.java:setRaftConf(354)) - 3837398e-557b-4755-8718-a3ecbfd2ca45@group-203D0B0F5E11: set configuration 0: [3837398e-557b-4755-8718-a3ecbfd2ca45:192.168.157.234:34238], old=null at 0
2019-09-26 16:41:53,367 [Thread-5991] INFO  impl.FollowerState (FollowerState.java:run(106)) - dd403047-9c6e-40b9-92d3-171c1bb28f71:group-3810D11AD87B changes to CANDIDATE, lastRpcTime:1168, electionTimeout:1163ms
2019-09-26 16:41:53,368 [Thread-5994] INFO  impl.FollowerState (FollowerState.java:run(106)) - aaf131e7-2dac-4210-b86d-af9f66f4fd82:group-7FA0CED562BD changes to CANDIDATE, lastRpcTime:1097, electionTimeout:1078ms
2019-09-26 16:41:53,368 [Thread-5991] INFO  impl.RoleInfo (RoleInfo.java:shutdownFollowerState(121)) - dd403047-9c6e-40b9-92d3-171c1bb28f71: shutdown FollowerState
2019-09-26 16:41:53,368 [Thread-5994] INFO  impl.RoleInfo (RoleInfo.java:shutdownFollowerState(121)) - aaf131e7-2dac-4210-b86d-af9f66f4fd82: shutdown FollowerState
2019-09-26 16:41:53,368 [Thread-5991] INFO  impl.RaftServerImpl (RaftServerImpl.java:setRole(174)) - dd403047-9c6e-40b9-92d3-171c1bb28f71@group-3810D11AD87B: changes role from  FOLLOWER to CANDIDATE at term 0 for changeToCandidate
2019-09-26 16:41:53,368 [Thread-5994] INFO  impl.RaftServerImpl (RaftServerImpl.java:setRole(174)) - aaf131e7-2dac-4210-b86d-af9f66f4fd82@group-7FA0CED562BD: changes role from  FOLLOWER to CANDIDATE at term 0 for changeToCandidate
2019-09-26 16:41:53,368 [Thread-5991] INFO  impl.RoleInfo (RoleInfo.java:updateAndGet(143)) - dd403047-9c6e-40b9-92d3-171c1bb28f71: start LeaderElection
2019-09-26 16:41:53,368 [Thread-5994] INFO  impl.RoleInfo (RoleInfo.java:updateAndGet(143)) - aaf131e7-2dac-4210-b86d-af9f66f4fd82: start LeaderElection
2019-09-26 16:41:53,381 [3837398e-557b-4755-8718-a3ecbfd2ca45@group-203D0B0F5E11-SegmentedRaftLogWorker] INFO  segmented.SegmentedRaftLogWorker (SegmentedRaftLogWorker.java:execute(569)) - 3837398e-557b-4755-8718-a3ecbfd2ca45@group-203D0B0F5E11-SegmentedRaftLogWorker: created new log segment /workdir/hadoop-ozone/integration-test/target/test-dir/MiniOzoneClusterImpl-3c389332-0e16-4a63-91ed-68711720325b/datanode-9/data/ratis/85e55a28-b57e-4f3b-b24d-203d0b0f5e11/current/log_inprogress_0
2019-09-26 16:41:53,381 [dd403047-9c6e-40b9-92d3-171c1bb28f71@group-3810D11AD87B:LeaderElection76] INFO  impl.LeaderElection (LeaderElection.java:askForVotes(182)) - dd403047-9c6e-40b9-92d3-171c1bb28f71@group-3810D11AD87B:LeaderElection76: begin an election at term 1 for -1: [dd403047-9c6e-40b9-92d3-171c1bb28f71:192.168.157.234:45454], old=null
2019-09-26 16:41:53,381 [aaf131e7-2dac-4210-b86d-af9f66f4fd82@group-7FA0CED562BD:LeaderElection77] INFO  impl.LeaderElection (LeaderElection.java:askForVotes(182)) - aaf131e7-2dac-4210-b86d-af9f66f4fd82@group-7FA0CED562BD:LeaderElection77: begin an election at term 1 for -1: [aaf131e7-2dac-4210-b86d-af9f66f4fd82:192.168.157.234:42233], old=null
2019-09-26 16:41:53,381 [dd403047-9c6e-40b9-92d3-171c1bb28f71@group-3810D11AD87B:LeaderElection76] INFO  impl.RoleInfo (RoleInfo.java:shutdownLeaderElection(134)) - dd403047-9c6e-40b9-92d3-171c1bb28f71: shutdown LeaderElection
2019-09-26 16:41:53,381 [aaf131e7-2dac-4210-b86d-af9f66f4fd82@group-7FA0CED562BD:LeaderElection77] INFO  impl.RoleInfo (RoleInfo.java:shutdownLeaderElection(134)) - aaf131e7-2dac-4210-b86d-af9f66f4fd82: shutdown LeaderElection
2019-09-26 16:41:53,381 [dd403047-9c6e-40b9-92d3-171c1bb28f71@group-3810D11AD87B:LeaderElection76] INFO  impl.RaftServerImpl (RaftServerImpl.java:setRole(174)) - dd403047-9c6e-40b9-92d3-171c1bb28f71@group-3810D11AD87B: changes role from CANDIDATE to LEADER at term 1 for changeToLeader
2019-09-26 16:41:53,381 [aaf131e7-2dac-4210-b86d-af9f66f4fd82@group-7FA0CED562BD:LeaderElection77] INFO  impl.RaftServerImpl (RaftServerImpl.java:setRole(174)) - aaf131e7-2dac-4210-b86d-af9f66f4fd82@group-7FA0CED562BD: changes role from CANDIDATE to LEADER at term 1 for changeToLeader
2019-09-26 16:41:53,381 [dd403047-9c6e-40b9-92d3-171c1bb28f71@group-3810D11AD87B:LeaderElection76] INFO  impl.RaftServerImpl (ServerState.java:setLeader(253)) - dd403047-9c6e-40b9-92d3-171c1bb28f71@group-3810D11AD87B: change Leader from null to dd403047-9c6e-40b9-92d3-171c1bb28f71 at term 1 for becomeLeader, leader elected after 1189ms
2019-09-26 16:41:53,381 [aaf131e7-2dac-4210-b86d-af9f66f4fd82@group-7FA0CED562BD:LeaderElection77] INFO  impl.RaftServerImpl (ServerState.java:setLeader(253)) - aaf131e7-2dac-4210-b86d-af9f66f4fd82@group-7FA0CED562BD: change Leader from null to aaf131e7-2dac-4210-b86d-af9f66f4fd82 at term 1 for becomeLeader, leader elected after 1118ms
2019-09-26 16:41:53,382 [dd403047-9c6e-40b9-92d3-171c1bb28f71@group-3810D11AD87B:LeaderElection76] INFO  server.RaftServerConfigKeys (ConfUtils.java:logGet(43)) - raft.server.staging.catchup.gap = 1000 (default)
2019-09-26 16:41:53,382 [aaf131e7-2dac-4210-b86d-af9f66f4fd82@group-7FA0CED562BD:LeaderElection77] INFO  server.RaftServerConfigKeys (ConfUtils.java:logGet(43)) - raft.server.staging.catchup.gap = 1000 (default)
2019-09-26 16:41:53,382 [dd403047-9c6e-40b9-92d3-171c1bb28f71@group-3810D11AD87B:LeaderElection76] INFO  server.RaftServerConfigKeys (ConfUtils.java:logGet(43)) - raft.server.rpc.sleep.time = 25ms (default)
2019-09-26 16:41:53,382 [aaf131e7-2dac-4210-b86d-af9f66f4fd82@group-7FA0CED562BD:LeaderElection77] INFO  server.RaftServerConfigKeys (ConfUtils.java:logGet(43)) - raft.server.rpc.sleep.time = 25ms (default)
2019-09-26 16:41:53,382 [dd403047-9c6e-40b9-92d3-171c1bb28f71@group-3810D11AD87B:LeaderElection76] INFO  server.RaftServerConfigKeys (ConfUtils.java:logGet(43)) - raft.server.write.element-limit = 4096 (default)
2019-09-26 16:41:53,382 [aaf131e7-2dac-4210-b86d-af9f66f4fd82@group-7FA0CED562BD:LeaderElection77] INFO  server.RaftServerConfigKeys (ConfUtils.java:logGet(43)) - raft.server.write.element-limit = 4096 (default)
2019-09-26 16:41:53,382 [dd403047-9c6e-40b9-92d3-171c1bb28f71@group-3810D11AD87B:LeaderElection76] INFO  server.RaftServerConfigKeys (ConfUtils.java:logGet(43)) - raft.server.watch.timeout = 10s (default)
2019-09-26 16:41:53,382 [aaf131e7-2dac-4210-b86d-af9f66f4fd82@group-7FA0CED562BD:LeaderElection77] INFO  server.RaftServerConfigKeys (ConfUtils.java:logGet(43)) - raft.server.watch.timeout = 10s (default)
2019-09-26 16:41:53,383 [dd403047-9c6e-40b9-92d3-171c1bb28f71@group-3810D11AD87B:LeaderElection76] INFO  server.RaftServerConfigKeys (ConfUtils.java:logGet(43)) - raft.server.watch.timeout.denomination = 1s (default)
2019-09-26 16:41:53,383 [aaf131e7-2dac-4210-b86d-af9f66f4fd82@group-7FA0CED562BD:LeaderElection77] INFO  server.RaftServerConfigKeys (ConfUtils.java:logGet(43)) - raft.server.watch.timeout.denomination = 1s (default)
2019-09-26 16:41:53,383 [dd403047-9c6e-40b9-92d3-171c1bb28f71@group-3810D11AD87B:LeaderElection76] INFO  server.RaftServerConfigKeys (ConfUtils.java:logGet(43)) - raft.server.watch.element-limit = 65536 (default)
2019-09-26 16:41:53,383 [aaf131e7-2dac-4210-b86d-af9f66f4fd82@group-7FA0CED562BD:LeaderElection77] INFO  server.RaftServerConfigKeys (ConfUtils.java:logGet(43)) - raft.server.watch.element-limit = 65536 (default)
2019-09-26 16:41:53,386 [dd403047-9c6e-40b9-92d3-171c1bb28f71@group-3810D11AD87B:LeaderElection76] INFO  impl.RoleInfo (RoleInfo.java:updateAndGet(143)) - dd403047-9c6e-40b9-92d3-171c1bb28f71: start LeaderState
2019-09-26 16:41:53,386 [aaf131e7-2dac-4210-b86d-af9f66f4fd82@group-7FA0CED562BD:LeaderElection77] INFO  impl.RoleInfo (RoleInfo.java:updateAndGet(143)) - aaf131e7-2dac-4210-b86d-af9f66f4fd82: start LeaderState
2019-09-26 16:41:53,386 [dd403047-9c6e-40b9-92d3-171c1bb28f71@group-3810D11AD87B:LeaderElection76] INFO  segmented.SegmentedRaftLogWorker (SegmentedRaftLogWorker.java:startLogSegment(380)) - dd403047-9c6e-40b9-92d3-171c1bb28f71@group-3810D11AD87B-SegmentedRaftLogWorker: Starting segment from index:0
2019-09-26 16:41:53,386 [aaf131e7-2dac-4210-b86d-af9f66f4fd82@group-7FA0CED562BD:LeaderElection77] INFO  segmented.SegmentedRaftLogWorker (SegmentedRaftLogWorker.java:startLogSegment(380)) - aaf131e7-2dac-4210-b86d-af9f66f4fd82@group-7FA0CED562BD-SegmentedRaftLogWorker: Starting segment from index:0
2019-09-26 16:41:53,386 [dd403047-9c6e-40b9-92d3-171c1bb28f71@group-3810D11AD87B:LeaderElection76] INFO  impl.RaftServerImpl (ServerState.java:setRaftConf(354)) - dd403047-9c6e-40b9-92d3-171c1bb28f71@group-3810D11AD87B: set configuration 0: [dd403047-9c6e-40b9-92d3-171c1bb28f71:192.168.157.234:45454], old=null at 0
2019-09-26 16:41:53,424 [Thread-6003] INFO  impl.FollowerState (FollowerState.java:run(106)) - dd403047-9c6e-40b9-92d3-171c1bb28f71:group-A9934AC8BE5F changes to CANDIDATE, lastRpcTime:1078, electionTimeout:1046ms
2019-09-26 16:41:53,424 [Thread-6003] INFO  impl.RoleInfo (RoleInfo.java:shutdownFollowerState(121)) - dd403047-9c6e-40b9-92d3-171c1bb28f71: shutdown FollowerState
2019-09-26 16:41:53,424 [Thread-6003] INFO  impl.RaftServerImpl (RaftServerImpl.java:setRole(174)) - dd403047-9c6e-40b9-92d3-171c1bb28f71@group-A9934AC8BE5F: changes role from  FOLLOWER to CANDIDATE at term 0 for changeToCandidate
2019-09-26 16:41:53,425 [Thread-6003] INFO  impl.RoleInfo (RoleInfo.java:updateAndGet(143)) - dd403047-9c6e-40b9-92d3-171c1bb28f71: start LeaderElection
2019-09-26 16:41:53,430 [aaf131e7-2dac-4210-b86d-af9f66f4fd82@group-7FA0CED562BD:LeaderElection77] INFO  impl.RaftServerImpl (ServerState.java:setRaftConf(354)) - aaf131e7-2dac-4210-b86d-af9f66f4fd82@group-7FA0CED562BD: set configuration 0: [aaf131e7-2dac-4210-b86d-af9f66f4fd82:192.168.157.234:42233], old=null at 0
2019-09-26 16:41:53,450 [dd403047-9c6e-40b9-92d3-171c1bb28f71@group-3810D11AD87B-SegmentedRaftLogWorker] INFO  segmented.SegmentedRaftLogWorker (SegmentedRaftLogWorker.java:execute(569)) - dd403047-9c6e-40b9-92d3-171c1bb28f71@group-3810D11AD87B-SegmentedRaftLogWorker: created new log segment /workdir/hadoop-ozone/integration-test/target/test-dir/MiniOzoneClusterImpl-3c389332-0e16-4a63-91ed-68711720325b/datanode-5/data/ratis/80ba4dfb-1fc7-4fe4-a7e8-3810d11ad87b/current/log_inprogress_0
2019-09-26 16:41:53,463 [aaf131e7-2dac-4210-b86d-af9f66f4fd82@group-7FA0CED562BD-SegmentedRaftLogWorker] INFO  segmented.SegmentedRaftLogWorker (SegmentedRaftLogWorker.java:execute(569)) - aaf131e7-2dac-4210-b86d-af9f66f4fd82@group-7FA0CED562BD-SegmentedRaftLogWorker: created new log segment /workdir/hadoop-ozone/integration-test/target/test-dir/MiniOzoneClusterImpl-3c389332-0e16-4a63-91ed-68711720325b/datanode-7/data/ratis/4fba9d29-02e6-4944-89d3-7fa0ced562bd/current/log_inprogress_0
2019-09-26 16:41:53,463 [dd403047-9c6e-40b9-92d3-171c1bb28f71@group-A9934AC8BE5F:LeaderElection78] INFO  impl.LeaderElection (LeaderElection.java:askForVotes(182)) - dd403047-9c6e-40b9-92d3-171c1bb28f71@group-A9934AC8BE5F:LeaderElection78: begin an election at term 1 for -1: [f45586a2-d7c2-4816-9720-dd343377f456:192.168.157.234:34956, dd403047-9c6e-40b9-92d3-171c1bb28f71:192.168.157.234:45454, 3837398e-557b-4755-8718-a3ecbfd2ca45:192.168.157.234:34238], old=null
2019-09-26 16:41:53,472 [grpc-default-executor-1] INFO  impl.RaftServerImpl (RaftServerImpl.java:setRole(174)) - 3837398e-557b-4755-8718-a3ecbfd2ca45@group-A9934AC8BE5F: changes role from  FOLLOWER to FOLLOWER at term 1 for recognizeCandidate:dd403047-9c6e-40b9-92d3-171c1bb28f71
2019-09-26 16:41:53,472 [grpc-default-executor-3] INFO  impl.RaftServerImpl (RaftServerImpl.java:setRole(174)) - f45586a2-d7c2-4816-9720-dd343377f456@group-A9934AC8BE5F: changes role from  FOLLOWER to FOLLOWER at term 1 for recognizeCandidate:dd403047-9c6e-40b9-92d3-171c1bb28f71
2019-09-26 16:41:53,472 [grpc-default-executor-1] INFO  impl.RoleInfo (RoleInfo.java:shutdownFollowerState(121)) - 3837398e-557b-4755-8718-a3ecbfd2ca45: shutdown FollowerState
2019-09-26 16:41:53,472 [grpc-default-executor-3] INFO  impl.RoleInfo (RoleInfo.java:shutdownFollowerState(121)) - f45586a2-d7c2-4816-9720-dd343377f456: shutdown FollowerState
2019-09-26 16:41:53,473 [Thread-5999] INFO  impl.FollowerState (FollowerState.java:run(115)) - 3837398e-557b-4755-8718-a3ecbfd2ca45: FollowerState was interrupted: java.lang.InterruptedException: sleep interrupted
2019-09-26 16:41:53,473 [grpc-default-executor-1] INFO  impl.RoleInfo (RoleInfo.java:updateAndGet(143)) - 3837398e-557b-4755-8718-a3ecbfd2ca45: start FollowerState
2019-09-26 16:41:53,473 [Thread-6000] INFO  impl.FollowerState (FollowerState.java:run(115)) - f45586a2-d7c2-4816-9720-dd343377f456: FollowerState was interrupted: java.lang.InterruptedException: sleep interrupted
2019-09-26 16:41:53,473 [grpc-default-executor-3] INFO  impl.RoleInfo (RoleInfo.java:updateAndGet(143)) - f45586a2-d7c2-4816-9720-dd343377f456: start FollowerState
2019-09-26 16:41:53,492 [dd403047-9c6e-40b9-92d3-171c1bb28f71@group-A9934AC8BE5F:LeaderElection78] INFO  impl.LeaderElection (LeaderElection.java:logAndReturn(56)) - dd403047-9c6e-40b9-92d3-171c1bb28f71@group-A9934AC8BE5F:LeaderElection78: Election PASSED; received 1 response(s) [dd403047-9c6e-40b9-92d3-171c1bb28f71<-3837398e-557b-4755-8718-a3ecbfd2ca45#0:OK-t1] and 0 exception(s); dd403047-9c6e-40b9-92d3-171c1bb28f71@group-A9934AC8BE5F:t1, leader=null, voted=dd403047-9c6e-40b9-92d3-171c1bb28f71, raftlog=dd403047-9c6e-40b9-92d3-171c1bb28f71@group-A9934AC8BE5F-SegmentedRaftLog:OPENED:c-1,f-1,i0, conf=-1: [f45586a2-d7c2-4816-9720-dd343377f456:192.168.157.234:34956, dd403047-9c6e-40b9-92d3-171c1bb28f71:192.168.157.234:45454, 3837398e-557b-4755-8718-a3ecbfd2ca45:192.168.157.234:34238], old=null
2019-09-26 16:41:53,492 [dd403047-9c6e-40b9-92d3-171c1bb28f71@group-A9934AC8BE5F:LeaderElection78] INFO  impl.RoleInfo (RoleInfo.java:shutdownLeaderElection(134)) - dd403047-9c6e-40b9-92d3-171c1bb28f71: shutdown LeaderElection
2019-09-26 16:41:53,492 [dd403047-9c6e-40b9-92d3-171c1bb28f71@group-A9934AC8BE5F:LeaderElection78] INFO  impl.RaftServerImpl (RaftServerImpl.java:setRole(174)) - dd403047-9c6e-40b9-92d3-171c1bb28f71@group-A9934AC8BE5F: changes role from CANDIDATE to LEADER at term 1 for changeToLeader
2019-09-26 16:41:53,492 [dd403047-9c6e-40b9-92d3-171c1bb28f71@group-A9934AC8BE5F:LeaderElection78] INFO  impl.RaftServerImpl (ServerState.java:setLeader(253)) - dd403047-9c6e-40b9-92d3-171c1bb28f71@group-A9934AC8BE5F: change Leader from null to dd403047-9c6e-40b9-92d3-171c1bb28f71 at term 1 for becomeLeader, leader elected after 1160ms
2019-09-26 16:41:53,492 [dd403047-9c6e-40b9-92d3-171c1bb28f71@group-A9934AC8BE5F:LeaderElection78] INFO  server.RaftServerConfigKeys (ConfUtils.java:logGet(43)) - raft.server.staging.catchup.gap = 1000 (default)
2019-09-26 16:41:53,492 [dd403047-9c6e-40b9-92d3-171c1bb28f71@group-A9934AC8BE5F:LeaderElection78] INFO  server.RaftServerConfigKeys (ConfUtils.java:logGet(43)) - raft.server.rpc.sleep.time = 25ms (default)
2019-09-26 16:41:53,493 [dd403047-9c6e-40b9-92d3-171c1bb28f71@group-A9934AC8BE5F:LeaderElection78] INFO  server.RaftServerConfigKeys (ConfUtils.java:logGet(43)) - raft.server.write.element-limit = 4096 (default)
2019-09-26 16:41:53,493 [dd403047-9c6e-40b9-92d3-171c1bb28f71@group-A9934AC8BE5F:LeaderElection78] INFO  server.RaftServerConfigKeys (ConfUtils.java:logGet(43)) - raft.server.watch.timeout = 10s (default)
2019-09-26 16:41:53,493 [dd403047-9c6e-40b9-92d3-171c1bb28f71@group-A9934AC8BE5F:LeaderElection78] INFO  server.RaftServerConfigKeys (ConfUtils.java:logGet(43)) - raft.server.watch.timeout.denomination = 1s (default)
2019-09-26 16:41:53,493 [dd403047-9c6e-40b9-92d3-171c1bb28f71@group-A9934AC8BE5F:LeaderElection78] INFO  server.RaftServerConfigKeys (ConfUtils.java:logGet(43)) - raft.server.watch.element-limit = 65536 (default)
2019-09-26 16:41:53,495 [dd403047-9c6e-40b9-92d3-171c1bb28f71@group-A9934AC8BE5F:LeaderElection78] INFO  server.RaftServerConfigKeys (ConfUtils.java:logGet(43)) - raft.server.log.appender.snapshot.chunk.size.max = 16MB (=16777216) (default)
2019-09-26 16:41:53,495 [dd403047-9c6e-40b9-92d3-171c1bb28f71@group-A9934AC8BE5F:LeaderElection78] INFO  server.RaftServerConfigKeys (ConfUtils.java:logGet(43)) - raft.server.log.appender.buffer.byte-limit = 33554432 (custom)
2019-09-26 16:41:53,495 [dd403047-9c6e-40b9-92d3-171c1bb28f71@group-A9934AC8BE5F:LeaderElection78] INFO  server.RaftServerConfigKeys (ConfUtils.java:logGet(43)) - raft.server.log.appender.buffer.element-limit = 1 (custom)
2019-09-26 16:41:53,495 [dd403047-9c6e-40b9-92d3-171c1bb28f71@group-A9934AC8BE5F:LeaderElection78] INFO  grpc.GrpcConfigKeys$Server (ConfUtils.java:logGet(43)) - raft.grpc.server.leader.outstanding.appends.max = 128 (default)
2019-09-26 16:41:53,496 [dd403047-9c6e-40b9-92d3-171c1bb28f71@group-A9934AC8BE5F:LeaderElection78] INFO  server.RaftServerConfigKeys (ConfUtils.java:logGet(43)) - raft.server.rpc.request.timeout = 3000ms (default)
2019-09-26 16:41:53,496 [dd403047-9c6e-40b9-92d3-171c1bb28f71@group-A9934AC8BE5F:LeaderElection78] INFO  server.RaftServerConfigKeys (ConfUtils.java:logGet(43)) - raft.server.log.appender.install.snapshot.enabled = false (custom)
2019-09-26 16:41:53,496 [dd403047-9c6e-40b9-92d3-171c1bb28f71@group-A9934AC8BE5F:LeaderElection78] INFO  server.RaftServerConfigKeys (ConfUtils.java:logGet(43)) - raft.server.log.appender.snapshot.chunk.size.max = 16MB (=16777216) (default)
2019-09-26 16:41:53,496 [dd403047-9c6e-40b9-92d3-171c1bb28f71@group-A9934AC8BE5F:LeaderElection78] INFO  server.RaftServerConfigKeys (ConfUtils.java:logGet(43)) - raft.server.log.appender.buffer.byte-limit = 33554432 (custom)
2019-09-26 16:41:53,496 [dd403047-9c6e-40b9-92d3-171c1bb28f71@group-A9934AC8BE5F:LeaderElection78] INFO  server.RaftServerConfigKeys (ConfUtils.java:logGet(43)) - raft.server.log.appender.buffer.element-limit = 1 (custom)
2019-09-26 16:41:53,497 [dd403047-9c6e-40b9-92d3-171c1bb28f71@group-A9934AC8BE5F:LeaderElection78] INFO  grpc.GrpcConfigKeys$Server (ConfUtils.java:logGet(43)) - raft.grpc.server.leader.outstanding.appends.max = 128 (default)
2019-09-26 16:41:53,497 [dd403047-9c6e-40b9-92d3-171c1bb28f71@group-A9934AC8BE5F:LeaderElection78] INFO  server.RaftServerConfigKeys (ConfUtils.java:logGet(43)) - raft.server.rpc.request.timeout = 3000ms (default)
2019-09-26 16:41:53,497 [dd403047-9c6e-40b9-92d3-171c1bb28f71@group-A9934AC8BE5F:LeaderElection78] INFO  server.RaftServerConfigKeys (ConfUtils.java:logGet(43)) - raft.server.log.appender.install.snapshot.enabled = false (custom)
2019-09-26 16:41:53,497 [dd403047-9c6e-40b9-92d3-171c1bb28f71@group-A9934AC8BE5F:LeaderElection78] INFO  impl.RoleInfo (RoleInfo.java:updateAndGet(143)) - dd403047-9c6e-40b9-92d3-171c1bb28f71: start LeaderState
2019-09-26 16:41:53,497 [dd403047-9c6e-40b9-92d3-171c1bb28f71@group-A9934AC8BE5F:LeaderElection78] INFO  segmented.SegmentedRaftLogWorker (SegmentedRaftLogWorker.java:startLogSegment(380)) - dd403047-9c6e-40b9-92d3-171c1bb28f71@group-A9934AC8BE5F-SegmentedRaftLogWorker: Starting segment from index:0
2019-09-26 16:41:53,498 [dd403047-9c6e-40b9-92d3-171c1bb28f71@group-A9934AC8BE5F:LeaderElection78] INFO  impl.RaftServerImpl (ServerState.java:setRaftConf(354)) - dd403047-9c6e-40b9-92d3-171c1bb28f71@group-A9934AC8BE5F: set configuration 0: [f45586a2-d7c2-4816-9720-dd343377f456:192.168.157.234:34956, dd403047-9c6e-40b9-92d3-171c1bb28f71:192.168.157.234:45454, 3837398e-557b-4755-8718-a3ecbfd2ca45:192.168.157.234:34238], old=null at 0
2019-09-26 16:41:53,521 [grpc-default-executor-1] INFO  impl.RaftServerImpl (ServerState.java:setLeader(253)) - f45586a2-d7c2-4816-9720-dd343377f456@group-A9934AC8BE5F: change Leader from null to dd403047-9c6e-40b9-92d3-171c1bb28f71 at term 1 for appendEntries, leader elected after 1190ms
2019-09-26 16:41:53,527 [grpc-default-executor-3] INFO  impl.RaftServerImpl (ServerState.java:setLeader(253)) - 3837398e-557b-4755-8718-a3ecbfd2ca45@group-A9934AC8BE5F: change Leader from null to dd403047-9c6e-40b9-92d3-171c1bb28f71 at term 1 for appendEntries, leader elected after 1194ms
2019-09-26 16:41:53,530 [grpc-default-executor-1] INFO  impl.RaftServerImpl (ServerState.java:setRaftConf(354)) - f45586a2-d7c2-4816-9720-dd343377f456@group-A9934AC8BE5F: set configuration 0: [f45586a2-d7c2-4816-9720-dd343377f456:192.168.157.234:34956, dd403047-9c6e-40b9-92d3-171c1bb28f71:192.168.157.234:45454, 3837398e-557b-4755-8718-a3ecbfd2ca45:192.168.157.234:34238], old=null at 0
2019-09-26 16:41:53,530 [grpc-default-executor-1] INFO  segmented.SegmentedRaftLogWorker (SegmentedRaftLogWorker.java:startLogSegment(380)) - f45586a2-d7c2-4816-9720-dd343377f456@group-A9934AC8BE5F-SegmentedRaftLogWorker: Starting segment from index:0
2019-09-26 16:41:53,531 [dd403047-9c6e-40b9-92d3-171c1bb28f71@group-A9934AC8BE5F-SegmentedRaftLogWorker] INFO  segmented.SegmentedRaftLogWorker (SegmentedRaftLogWorker.java:execute(569)) - dd403047-9c6e-40b9-92d3-171c1bb28f71@group-A9934AC8BE5F-SegmentedRaftLogWorker: created new log segment /workdir/hadoop-ozone/integration-test/target/test-dir/MiniOzoneClusterImpl-3c389332-0e16-4a63-91ed-68711720325b/datanode-5/data/ratis/0cfb7892-43b8-47a5-b2e1-a9934ac8be5f/current/log_inprogress_0
2019-09-26 16:41:53,533 [grpc-default-executor-3] INFO  impl.RaftServerImpl (ServerState.java:setRaftConf(354)) - 3837398e-557b-4755-8718-a3ecbfd2ca45@group-A9934AC8BE5F: set configuration 0: [f45586a2-d7c2-4816-9720-dd343377f456:192.168.157.234:34956, dd403047-9c6e-40b9-92d3-171c1bb28f71:192.168.157.234:45454, 3837398e-557b-4755-8718-a3ecbfd2ca45:192.168.157.234:34238], old=null at 0
2019-09-26 16:41:53,533 [grpc-default-executor-3] INFO  segmented.SegmentedRaftLogWorker (SegmentedRaftLogWorker.java:startLogSegment(380)) - 3837398e-557b-4755-8718-a3ecbfd2ca45@group-A9934AC8BE5F-SegmentedRaftLogWorker: Starting segment from index:0
2019-09-26 16:41:53,562 [3837398e-557b-4755-8718-a3ecbfd2ca45@group-A9934AC8BE5F-SegmentedRaftLogWorker] INFO  segmented.SegmentedRaftLogWorker (SegmentedRaftLogWorker.java:execute(569)) - 3837398e-557b-4755-8718-a3ecbfd2ca45@group-A9934AC8BE5F-SegmentedRaftLogWorker: created new log segment /workdir/hadoop-ozone/integration-test/target/test-dir/MiniOzoneClusterImpl-3c389332-0e16-4a63-91ed-68711720325b/datanode-9/data/ratis/0cfb7892-43b8-47a5-b2e1-a9934ac8be5f/current/log_inprogress_0
2019-09-26 16:41:53,575 [f45586a2-d7c2-4816-9720-dd343377f456@group-A9934AC8BE5F-SegmentedRaftLogWorker] INFO  segmented.SegmentedRaftLogWorker (SegmentedRaftLogWorker.java:execute(569)) - f45586a2-d7c2-4816-9720-dd343377f456@group-A9934AC8BE5F-SegmentedRaftLogWorker: created new log segment /workdir/hadoop-ozone/integration-test/target/test-dir/MiniOzoneClusterImpl-3c389332-0e16-4a63-91ed-68711720325b/datanode-8/data/ratis/0cfb7892-43b8-47a5-b2e1-a9934ac8be5f/current/log_inprogress_0
2019-09-26 16:41:54,121 [main] INFO  ipc.Client (Client.java:handleConnectionFailure(948)) - Retrying connect to server: localhost/127.0.0.1:0. Already tried 0 time(s); retry policy is RetryUpToMaximumCountWithFixedSleep(maxRetries=10, sleepTime=1000 MILLISECONDS)
2019-09-26 16:41:54,217 [Thread-6033] INFO  impl.FollowerState (FollowerState.java:run(106)) - a15262cf-293c-4f16-a68b-da2cb3cd04b4:group-DC19A4D7286F changes to CANDIDATE, lastRpcTime:1099, electionTimeout:1099ms
2019-09-26 16:41:54,217 [Thread-6033] INFO  impl.RoleInfo (RoleInfo.java:shutdownFollowerState(121)) - a15262cf-293c-4f16-a68b-da2cb3cd04b4: shutdown FollowerState
2019-09-26 16:41:54,218 [Thread-6033] INFO  impl.RaftServerImpl (RaftServerImpl.java:setRole(174)) - a15262cf-293c-4f16-a68b-da2cb3cd04b4@group-DC19A4D7286F: changes role from  FOLLOWER to CANDIDATE at term 2 for changeToCandidate
2019-09-26 16:41:54,218 [Thread-6033] INFO  impl.RoleInfo (RoleInfo.java:updateAndGet(143)) - a15262cf-293c-4f16-a68b-da2cb3cd04b4: start LeaderElection
2019-09-26 16:41:54,237 [a15262cf-293c-4f16-a68b-da2cb3cd04b4@group-DC19A4D7286F:LeaderElection79] INFO  impl.LeaderElection (LeaderElection.java:askForVotes(182)) - a15262cf-293c-4f16-a68b-da2cb3cd04b4@group-DC19A4D7286F:LeaderElection79: begin an election at term 3 for -1: [ba66a674-5e84-4bd3-9f35-73a521070499:192.168.157.234:37282, 289fcb57-3dc7-4202-a3b5-f15c84f9ab45:192.168.157.234:45955, a15262cf-293c-4f16-a68b-da2cb3cd04b4:192.168.157.234:46487], old=null
2019-09-26 16:41:54,243 [grpc-default-executor-3] INFO  impl.RaftServerImpl (RaftServerImpl.java:setRole(174)) - 289fcb57-3dc7-4202-a3b5-f15c84f9ab45@group-DC19A4D7286F: changes role from  FOLLOWER to FOLLOWER at term 3 for recognizeCandidate:a15262cf-293c-4f16-a68b-da2cb3cd04b4
2019-09-26 16:41:54,243 [grpc-default-executor-1] INFO  impl.RaftServerImpl (RaftServerImpl.java:setRole(174)) - ba66a674-5e84-4bd3-9f35-73a521070499@group-DC19A4D7286F: changes role from  FOLLOWER to FOLLOWER at term 3 for recognizeCandidate:a15262cf-293c-4f16-a68b-da2cb3cd04b4
2019-09-26 16:41:54,243 [grpc-default-executor-3] INFO  impl.RoleInfo (RoleInfo.java:shutdownFollowerState(121)) - 289fcb57-3dc7-4202-a3b5-f15c84f9ab45: shutdown FollowerState
2019-09-26 16:41:54,244 [grpc-default-executor-1] INFO  impl.RoleInfo (RoleInfo.java:shutdownFollowerState(121)) - ba66a674-5e84-4bd3-9f35-73a521070499: shutdown FollowerState
2019-09-26 16:41:54,244 [Thread-6045] INFO  impl.FollowerState (FollowerState.java:run(115)) - 289fcb57-3dc7-4202-a3b5-f15c84f9ab45: FollowerState was interrupted: java.lang.InterruptedException: sleep interrupted
2019-09-26 16:41:54,244 [Thread-6047] INFO  impl.FollowerState (FollowerState.java:run(115)) - ba66a674-5e84-4bd3-9f35-73a521070499: FollowerState was interrupted: java.lang.InterruptedException: sleep interrupted
2019-09-26 16:41:54,244 [grpc-default-executor-3] INFO  impl.RoleInfo (RoleInfo.java:updateAndGet(143)) - 289fcb57-3dc7-4202-a3b5-f15c84f9ab45: start FollowerState
2019-09-26 16:41:54,244 [grpc-default-executor-1] INFO  impl.RoleInfo (RoleInfo.java:updateAndGet(143)) - ba66a674-5e84-4bd3-9f35-73a521070499: start FollowerState
2019-09-26 16:41:54,258 [a15262cf-293c-4f16-a68b-da2cb3cd04b4@group-DC19A4D7286F:LeaderElection79] INFO  impl.LeaderElection (LeaderElection.java:logAndReturn(56)) - a15262cf-293c-4f16-a68b-da2cb3cd04b4@group-DC19A4D7286F:LeaderElection79: Election PASSED; received 1 response(s) [a15262cf-293c-4f16-a68b-da2cb3cd04b4<-289fcb57-3dc7-4202-a3b5-f15c84f9ab45#0:OK-t3] and 0 exception(s); a15262cf-293c-4f16-a68b-da2cb3cd04b4@group-DC19A4D7286F:t3, leader=null, voted=a15262cf-293c-4f16-a68b-da2cb3cd04b4, raftlog=a15262cf-293c-4f16-a68b-da2cb3cd04b4@group-DC19A4D7286F-SegmentedRaftLog:OPENED:c-1,f-1,i0, conf=-1: [ba66a674-5e84-4bd3-9f35-73a521070499:192.168.157.234:37282, 289fcb57-3dc7-4202-a3b5-f15c84f9ab45:192.168.157.234:45955, a15262cf-293c-4f16-a68b-da2cb3cd04b4:192.168.157.234:46487], old=null
2019-09-26 16:41:54,258 [a15262cf-293c-4f16-a68b-da2cb3cd04b4@group-DC19A4D7286F:LeaderElection79] INFO  impl.RoleInfo (RoleInfo.java:shutdownLeaderElection(134)) - a15262cf-293c-4f16-a68b-da2cb3cd04b4: shutdown LeaderElection
2019-09-26 16:41:54,258 [a15262cf-293c-4f16-a68b-da2cb3cd04b4@group-DC19A4D7286F:LeaderElection79] INFO  impl.RaftServerImpl (RaftServerImpl.java:setRole(174)) - a15262cf-293c-4f16-a68b-da2cb3cd04b4@group-DC19A4D7286F: changes role from CANDIDATE to LEADER at term 3 for changeToLeader
2019-09-26 16:41:54,258 [a15262cf-293c-4f16-a68b-da2cb3cd04b4@group-DC19A4D7286F:LeaderElection79] INFO  impl.RaftServerImpl (ServerState.java:setLeader(253)) - a15262cf-293c-4f16-a68b-da2cb3cd04b4@group-DC19A4D7286F: change Leader from null to a15262cf-293c-4f16-a68b-da2cb3cd04b4 at term 3 for becomeLeader, leader elected after 2307ms
2019-09-26 16:41:54,258 [a15262cf-293c-4f16-a68b-da2cb3cd04b4@group-DC19A4D7286F:LeaderElection79] INFO  server.RaftServerConfigKeys (ConfUtils.java:logGet(43)) - raft.server.staging.catchup.gap = 1000 (default)
2019-09-26 16:41:54,258 [a15262cf-293c-4f16-a68b-da2cb3cd04b4@group-DC19A4D7286F:LeaderElection79] INFO  server.RaftServerConfigKeys (ConfUtils.java:logGet(43)) - raft.server.rpc.sleep.time = 25ms (default)
2019-09-26 16:41:54,259 [a15262cf-293c-4f16-a68b-da2cb3cd04b4@group-DC19A4D7286F:LeaderElection79] INFO  server.RaftServerConfigKeys (ConfUtils.java:logGet(43)) - raft.server.write.element-limit = 4096 (default)
2019-09-26 16:41:54,259 [a15262cf-293c-4f16-a68b-da2cb3cd04b4@group-DC19A4D7286F:LeaderElection79] INFO  server.RaftServerConfigKeys (ConfUtils.java:logGet(43)) - raft.server.watch.timeout = 10s (default)
2019-09-26 16:41:54,259 [a15262cf-293c-4f16-a68b-da2cb3cd04b4@group-DC19A4D7286F:LeaderElection79] INFO  server.RaftServerConfigKeys (ConfUtils.java:logGet(43)) - raft.server.watch.timeout.denomination = 1s (default)
2019-09-26 16:41:54,259 [a15262cf-293c-4f16-a68b-da2cb3cd04b4@group-DC19A4D7286F:LeaderElection79] INFO  server.RaftServerConfigKeys (ConfUtils.java:logGet(43)) - raft.server.watch.element-limit = 65536 (default)
2019-09-26 16:41:54,261 [a15262cf-293c-4f16-a68b-da2cb3cd04b4@group-DC19A4D7286F:LeaderElection79] INFO  server.RaftServerConfigKeys (ConfUtils.java:logGet(43)) - raft.server.log.appender.snapshot.chunk.size.max = 16MB (=16777216) (default)
2019-09-26 16:41:54,262 [a15262cf-293c-4f16-a68b-da2cb3cd04b4@group-DC19A4D7286F:LeaderElection79] INFO  server.RaftServerConfigKeys (ConfUtils.java:logGet(43)) - raft.server.log.appender.buffer.byte-limit = 33554432 (custom)
2019-09-26 16:41:54,262 [a15262cf-293c-4f16-a68b-da2cb3cd04b4@group-DC19A4D7286F:LeaderElection79] INFO  server.RaftServerConfigKeys (ConfUtils.java:logGet(43)) - raft.server.log.appender.buffer.element-limit = 1 (custom)
2019-09-26 16:41:54,262 [a15262cf-293c-4f16-a68b-da2cb3cd04b4@group-DC19A4D7286F:LeaderElection79] INFO  grpc.GrpcConfigKeys$Server (ConfUtils.java:logGet(43)) - raft.grpc.server.leader.outstanding.appends.max = 128 (default)
2019-09-26 16:41:54,262 [a15262cf-293c-4f16-a68b-da2cb3cd04b4@group-DC19A4D7286F:LeaderElection79] INFO  server.RaftServerConfigKeys (ConfUtils.java:logGet(43)) - raft.server.rpc.request.timeout = 3000ms (default)
2019-09-26 16:41:54,262 [a15262cf-293c-4f16-a68b-da2cb3cd04b4@group-DC19A4D7286F:LeaderElection79] INFO  server.RaftServerConfigKeys (ConfUtils.java:logGet(43)) - raft.server.log.appender.install.snapshot.enabled = false (custom)
2019-09-26 16:41:54,263 [a15262cf-293c-4f16-a68b-da2cb3cd04b4@group-DC19A4D7286F:LeaderElection79] INFO  server.RaftServerConfigKeys (ConfUtils.java:logGet(43)) - raft.server.log.appender.snapshot.chunk.size.max = 16MB (=16777216) (default)
2019-09-26 16:41:54,263 [a15262cf-293c-4f16-a68b-da2cb3cd04b4@group-DC19A4D7286F:LeaderElection79] INFO  server.RaftServerConfigKeys (ConfUtils.java:logGet(43)) - raft.server.log.appender.buffer.byte-limit = 33554432 (custom)
2019-09-26 16:41:54,263 [a15262cf-293c-4f16-a68b-da2cb3cd04b4@group-DC19A4D7286F:LeaderElection79] INFO  server.RaftServerConfigKeys (ConfUtils.java:logGet(43)) - raft.server.log.appender.buffer.element-limit = 1 (custom)
2019-09-26 16:41:54,263 [a15262cf-293c-4f16-a68b-da2cb3cd04b4@group-DC19A4D7286F:LeaderElection79] INFO  grpc.GrpcConfigKeys$Server (ConfUtils.java:logGet(43)) - raft.grpc.server.leader.outstanding.appends.max = 128 (default)
2019-09-26 16:41:54,263 [a15262cf-293c-4f16-a68b-da2cb3cd04b4@group-DC19A4D7286F:LeaderElection79] INFO  server.RaftServerConfigKeys (ConfUtils.java:logGet(43)) - raft.server.rpc.request.timeout = 3000ms (default)
2019-09-26 16:41:54,264 [a15262cf-293c-4f16-a68b-da2cb3cd04b4@group-DC19A4D7286F:LeaderElection79] INFO  server.RaftServerConfigKeys (ConfUtils.java:logGet(43)) - raft.server.log.appender.install.snapshot.enabled = false (custom)
2019-09-26 16:41:54,264 [a15262cf-293c-4f16-a68b-da2cb3cd04b4@group-DC19A4D7286F:LeaderElection79] INFO  impl.RoleInfo (RoleInfo.java:updateAndGet(143)) - a15262cf-293c-4f16-a68b-da2cb3cd04b4: start LeaderState
2019-09-26 16:41:54,264 [a15262cf-293c-4f16-a68b-da2cb3cd04b4@group-DC19A4D7286F:LeaderElection79] INFO  segmented.SegmentedRaftLogWorker (SegmentedRaftLogWorker.java:startLogSegment(380)) - a15262cf-293c-4f16-a68b-da2cb3cd04b4@group-DC19A4D7286F-SegmentedRaftLogWorker: Starting segment from index:0
2019-09-26 16:41:54,265 [a15262cf-293c-4f16-a68b-da2cb3cd04b4@group-DC19A4D7286F:LeaderElection79] INFO  impl.RaftServerImpl (ServerState.java:setRaftConf(354)) - a15262cf-293c-4f16-a68b-da2cb3cd04b4@group-DC19A4D7286F: set configuration 0: [ba66a674-5e84-4bd3-9f35-73a521070499:192.168.157.234:37282, 289fcb57-3dc7-4202-a3b5-f15c84f9ab45:192.168.157.234:45955, a15262cf-293c-4f16-a68b-da2cb3cd04b4:192.168.157.234:46487], old=null at 0
2019-09-26 16:41:54,266 [grpc-default-executor-3] INFO  impl.RaftServerImpl (ServerState.java:setLeader(253)) - 289fcb57-3dc7-4202-a3b5-f15c84f9ab45@group-DC19A4D7286F: change Leader from null to a15262cf-293c-4f16-a68b-da2cb3cd04b4 at term 3 for appendEntries, leader elected after 2315ms
2019-09-26 16:41:54,309 [grpc-default-executor-1] INFO  impl.RaftServerImpl (ServerState.java:setLeader(253)) - ba66a674-5e84-4bd3-9f35-73a521070499@group-DC19A4D7286F: change Leader from null to a15262cf-293c-4f16-a68b-da2cb3cd04b4 at term 3 for appendEntries, leader elected after 1045ms
2019-09-26 16:41:54,311 [grpc-default-executor-3] INFO  impl.RaftServerImpl (ServerState.java:setRaftConf(354)) - 289fcb57-3dc7-4202-a3b5-f15c84f9ab45@group-DC19A4D7286F: set configuration 0: [ba66a674-5e84-4bd3-9f35-73a521070499:192.168.157.234:37282, 289fcb57-3dc7-4202-a3b5-f15c84f9ab45:192.168.157.234:45955, a15262cf-293c-4f16-a68b-da2cb3cd04b4:192.168.157.234:46487], old=null at 0
2019-09-26 16:41:54,312 [grpc-default-executor-3] INFO  segmented.SegmentedRaftLogWorker (SegmentedRaftLogWorker.java:startLogSegment(380)) - 289fcb57-3dc7-4202-a3b5-f15c84f9ab45@group-DC19A4D7286F-SegmentedRaftLogWorker: Starting segment from index:0
2019-09-26 16:41:54,312 [grpc-default-executor-1] INFO  impl.RaftServerImpl (ServerState.java:setRaftConf(354)) - ba66a674-5e84-4bd3-9f35-73a521070499@group-DC19A4D7286F: set configuration 0: [ba66a674-5e84-4bd3-9f35-73a521070499:192.168.157.234:37282, 289fcb57-3dc7-4202-a3b5-f15c84f9ab45:192.168.157.234:45955, a15262cf-293c-4f16-a68b-da2cb3cd04b4:192.168.157.234:46487], old=null at 0
2019-09-26 16:41:54,316 [grpc-default-executor-1] INFO  segmented.SegmentedRaftLogWorker (SegmentedRaftLogWorker.java:truncate(396)) - ba66a674-5e84-4bd3-9f35-73a521070499@group-DC19A4D7286F-SegmentedRaftLogWorker: Truncating segments toTruncate: null
  toDelete: [(0, 0) isOpen? true, length=0, newEndIndex=-1], start index 0
2019-09-26 16:41:54,317 [grpc-default-executor-1] INFO  segmented.SegmentedRaftLogWorker (SegmentedRaftLogWorker.java:startLogSegment(380)) - ba66a674-5e84-4bd3-9f35-73a521070499@group-DC19A4D7286F-SegmentedRaftLogWorker: Starting segment from index:0
2019-09-26 16:41:54,319 [ba66a674-5e84-4bd3-9f35-73a521070499@group-DC19A4D7286F-SegmentedRaftLogWorker] INFO  segmented.SegmentedRaftLogWorker (SegmentedRaftLogWorker.java:execute(633)) - ba66a674-5e84-4bd3-9f35-73a521070499@group-DC19A4D7286F-SegmentedRaftLogWorker: Deleted log file /workdir/hadoop-ozone/integration-test/target/test-dir/MiniOzoneClusterImpl-3c389332-0e16-4a63-91ed-68711720325b/datanode-3/data/ratis/f8fa533e-4fc3-4d2c-9c60-dc19a4d7286f/current/log_inprogress_0
2019-09-26 16:41:54,320 [ba66a674-5e84-4bd3-9f35-73a521070499@group-DC19A4D7286F-SegmentedRaftLogWorker] INFO  segmented.SegmentedRaftLogWorker (SegmentedRaftLogWorker.java:lambda$new$0(132)) - ba66a674-5e84-4bd3-9f35-73a521070499@group-DC19A4D7286F-SegmentedRaftLogWorker: flushIndex: setUnconditionally 0 -> -1
2019-09-26 16:41:54,322 [a15262cf-293c-4f16-a68b-da2cb3cd04b4@group-DC19A4D7286F-SegmentedRaftLogWorker] INFO  segmented.SegmentedRaftLogWorker (SegmentedRaftLogWorker.java:execute(569)) - a15262cf-293c-4f16-a68b-da2cb3cd04b4@group-DC19A4D7286F-SegmentedRaftLogWorker: created new log segment /workdir/hadoop-ozone/integration-test/target/test-dir/MiniOzoneClusterImpl-3c389332-0e16-4a63-91ed-68711720325b/datanode-2/data/ratis/f8fa533e-4fc3-4d2c-9c60-dc19a4d7286f/current/log_inprogress_0
2019-09-26 16:41:54,351 [289fcb57-3dc7-4202-a3b5-f15c84f9ab45@group-DC19A4D7286F-SegmentedRaftLogWorker] INFO  segmented.SegmentedRaftLogWorker (SegmentedRaftLogWorker.java:execute(569)) - 289fcb57-3dc7-4202-a3b5-f15c84f9ab45@group-DC19A4D7286F-SegmentedRaftLogWorker: created new log segment /workdir/hadoop-ozone/integration-test/target/test-dir/MiniOzoneClusterImpl-3c389332-0e16-4a63-91ed-68711720325b/datanode-6/data/ratis/f8fa533e-4fc3-4d2c-9c60-dc19a4d7286f/current/log_inprogress_0
2019-09-26 16:41:54,351 [ba66a674-5e84-4bd3-9f35-73a521070499@group-DC19A4D7286F-SegmentedRaftLogWorker] INFO  segmented.SegmentedRaftLogWorker (SegmentedRaftLogWorker.java:execute(569)) - ba66a674-5e84-4bd3-9f35-73a521070499@group-DC19A4D7286F-SegmentedRaftLogWorker: created new log segment /workdir/hadoop-ozone/integration-test/target/test-dir/MiniOzoneClusterImpl-3c389332-0e16-4a63-91ed-68711720325b/datanode-3/data/ratis/f8fa533e-4fc3-4d2c-9c60-dc19a4d7286f/current/log_inprogress_0
2019-09-26 16:41:54,512 [Thread-5947] INFO  container.ReplicationManager (ReplicationManager.java:start(162)) - Starting Replication Monitor Thread.
2019-09-26 16:41:54,516 [ReplicationMonitor] INFO  container.ReplicationManager (ReplicationManager.java:run(225)) - Replication Monitor Thread took 0 milliseconds for processing 0 containers.
2019-09-26 16:41:55,123 [main] INFO  ipc.Client (Client.java:handleConnectionFailure(948)) - Retrying connect to server: localhost/127.0.0.1:0. Already tried 1 time(s); retry policy is RetryUpToMaximumCountWithFixedSleep(maxRetries=10, sleepTime=1000 MILLISECONDS)
2019-09-26 16:41:56,124 [main] INFO  ipc.Client (Client.java:handleConnectionFailure(948)) - Retrying connect to server: localhost/127.0.0.1:0. Already tried 2 time(s); retry policy is RetryUpToMaximumCountWithFixedSleep(maxRetries=10, sleepTime=1000 MILLISECONDS)
2019-09-26 16:41:57,125 [main] INFO  ipc.Client (Client.java:handleConnectionFailure(948)) - Retrying connect to server: localhost/127.0.0.1:0. Already tried 3 time(s); retry policy is RetryUpToMaximumCountWithFixedSleep(maxRetries=10, sleepTime=1000 MILLISECONDS)
2019-09-26 16:41:58,126 [main] INFO  ipc.Client (Client.java:handleConnectionFailure(948)) - Retrying connect to server: localhost/127.0.0.1:0. Already tried 4 time(s); retry policy is RetryUpToMaximumCountWithFixedSleep(maxRetries=10, sleepTime=1000 MILLISECONDS)
2019-09-26 16:41:59,127 [main] INFO  ipc.Client (Client.java:handleConnectionFailure(948)) - Retrying connect to server: localhost/127.0.0.1:0. Already tried 5 time(s); retry policy is RetryUpToMaximumCountWithFixedSleep(maxRetries=10, sleepTime=1000 MILLISECONDS)
2019-09-26 16:42:00,129 [main] INFO  ipc.Client (Client.java:handleConnectionFailure(948)) - Retrying connect to server: localhost/127.0.0.1:0. Already tried 6 time(s); retry policy is RetryUpToMaximumCountWithFixedSleep(maxRetries=10, sleepTime=1000 MILLISECONDS)
2019-09-26 16:42:01,130 [main] INFO  ipc.Client (Client.java:handleConnectionFailure(948)) - Retrying connect to server: localhost/127.0.0.1:0. Already tried 7 time(s); retry policy is RetryUpToMaximumCountWithFixedSleep(maxRetries=10, sleepTime=1000 MILLISECONDS)
2019-09-26 16:42:02,131 [main] INFO  ipc.Client (Client.java:handleConnectionFailure(948)) - Retrying connect to server: localhost/127.0.0.1:0. Already tried 8 time(s); retry policy is RetryUpToMaximumCountWithFixedSleep(maxRetries=10, sleepTime=1000 MILLISECONDS)
2019-09-26 16:42:03,132 [main] INFO  ipc.Client (Client.java:handleConnectionFailure(948)) - Retrying connect to server: localhost/127.0.0.1:0. Already tried 9 time(s); retry policy is RetryUpToMaximumCountWithFixedSleep(maxRetries=10, sleepTime=1000 MILLISECONDS)
2019-09-26 16:42:04,157 [main] INFO  ipc.Client (Client.java:handleConnectionFailure(948)) - Retrying connect to server: localhost/127.0.0.1:0. Already tried 0 time(s); retry policy is RetryUpToMaximumCountWithFixedSleep(maxRetries=10, sleepTime=1000 MILLISECONDS)
2019-09-26 16:42:05,158 [main] INFO  ipc.Client (Client.java:handleConnectionFailure(948)) - Retrying connect to server: localhost/127.0.0.1:0. Already tried 1 time(s); retry policy is RetryUpToMaximumCountWithFixedSleep(maxRetries=10, sleepTime=1000 MILLISECONDS)
2019-09-26 16:42:06,160 [main] INFO  ipc.Client (Client.java:handleConnectionFailure(948)) - Retrying connect to server: localhost/127.0.0.1:0. Already tried 2 time(s); retry policy is RetryUpToMaximumCountWithFixedSleep(maxRetries=10, sleepTime=1000 MILLISECONDS)
2019-09-26 16:42:07,161 [main] INFO  ipc.Client (Client.java:handleConnectionFailure(948)) - Retrying connect to server: localhost/127.0.0.1:0. Already tried 3 time(s); retry policy is RetryUpToMaximumCountWithFixedSleep(maxRetries=10, sleepTime=1000 MILLISECONDS)
2019-09-26 16:42:08,162 [main] INFO  ipc.Client (Client.java:handleConnectionFailure(948)) - Retrying connect to server: localhost/127.0.0.1:0. Already tried 4 time(s); retry policy is RetryUpToMaximumCountWithFixedSleep(maxRetries=10, sleepTime=1000 MILLISECONDS)
2019-09-26 16:42:09,163 [main] INFO  ipc.Client (Client.java:handleConnectionFailure(948)) - Retrying connect to server: localhost/127.0.0.1:0. Already tried 5 time(s); retry policy is RetryUpToMaximumCountWithFixedSleep(maxRetries=10, sleepTime=1000 MILLISECONDS)
2019-09-26 16:42:10,164 [main] INFO  ipc.Client (Client.java:handleConnectionFailure(948)) - Retrying connect to server: localhost/127.0.0.1:0. Already tried 6 time(s); retry policy is RetryUpToMaximumCountWithFixedSleep(maxRetries=10, sleepTime=1000 MILLISECONDS)
2019-09-26 16:42:11,166 [main] INFO  ipc.Client (Client.java:handleConnectionFailure(948)) - Retrying connect to server: localhost/127.0.0.1:0. Already tried 7 time(s); retry policy is RetryUpToMaximumCountWithFixedSleep(maxRetries=10, sleepTime=1000 MILLISECONDS)
2019-09-26 16:42:12,167 [main] INFO  ipc.Client (Client.java:handleConnectionFailure(948)) - Retrying connect to server: localhost/127.0.0.1:0. Already tried 8 time(s); retry policy is RetryUpToMaximumCountWithFixedSleep(maxRetries=10, sleepTime=1000 MILLISECONDS)
2019-09-26 16:42:13,168 [main] INFO  ipc.Client (Client.java:handleConnectionFailure(948)) - Retrying connect to server: localhost/127.0.0.1:0. Already tried 9 time(s); retry policy is RetryUpToMaximumCountWithFixedSleep(maxRetries=10, sleepTime=1000 MILLISECONDS)
2019-09-26 16:42:13,170 [main] INFO  retry.RetryInvocationHandler (RetryInvocationHandler.java:log(411)) - com.google.protobuf.ServiceException: java.net.ConnectException: Your endpoint configuration is wrong; For more details see:  http://wiki.apache.org/hadoop/UnsetHostnameOrPort, while invoking $Proxy35.submitRequest over nodeId=null,nodeAddress=127.0.0.1:0 after 1 failover attempts. Trying to failover immediately.
2019-09-26 16:42:14,171 [main] INFO  ipc.Client (Client.java:handleConnectionFailure(948)) - Retrying connect to server: localhost/127.0.0.1:0. Already tried 0 time(s); retry policy is RetryUpToMaximumCountWithFixedSleep(maxRetries=10, sleepTime=1000 MILLISECONDS)
2019-09-26 16:42:15,172 [main] INFO  ipc.Client (Client.java:handleConnectionFailure(948)) - Retrying connect to server: localhost/127.0.0.1:0. Already tried 1 time(s); retry policy is RetryUpToMaximumCountWithFixedSleep(maxRetries=10, sleepTime=1000 MILLISECONDS)
2019-09-26 16:42:16,173 [main] INFO  ipc.Client (Client.java:handleConnectionFailure(948)) - Retrying connect to server: localhost/127.0.0.1:0. Already tried 2 time(s); retry policy is RetryUpToMaximumCountWithFixedSleep(maxRetries=10, sleepTime=1000 MILLISECONDS)
2019-09-26 16:42:17,174 [main] INFO  ipc.Client (Client.java:handleConnectionFailure(948)) - Retrying connect to server: localhost/127.0.0.1:0. Already tried 3 time(s); retry policy is RetryUpToMaximumCountWithFixedSleep(maxRetries=10, sleepTime=1000 MILLISECONDS)
2019-09-26 16:42:18,175 [main] INFO  ipc.Client (Client.java:handleConnectionFailure(948)) - Retrying connect to server: localhost/127.0.0.1:0. Already tried 4 time(s); retry policy is RetryUpToMaximumCountWithFixedSleep(maxRetries=10, sleepTime=1000 MILLISECONDS)
2019-09-26 16:42:19,176 [main] INFO  ipc.Client (Client.java:handleConnectionFailure(948)) - Retrying connect to server: localhost/127.0.0.1:0. Already tried 5 time(s); retry policy is RetryUpToMaximumCountWithFixedSleep(maxRetries=10, sleepTime=1000 MILLISECONDS)
2019-09-26 16:42:20,178 [main] INFO  ipc.Client (Client.java:handleConnectionFailure(948)) - Retrying connect to server: localhost/127.0.0.1:0. Already tried 6 time(s); retry policy is RetryUpToMaximumCountWithFixedSleep(maxRetries=10, sleepTime=1000 MILLISECONDS)
2019-09-26 16:42:21,179 [main] INFO  ipc.Client (Client.java:handleConnectionFailure(948)) - Retrying connect to server: localhost/127.0.0.1:0. Already tried 7 time(s); retry policy is RetryUpToMaximumCountWithFixedSleep(maxRetries=10, sleepTime=1000 MILLISECONDS)
2019-09-26 16:42:22,180 [main] INFO  ipc.Client (Client.java:handleConnectionFailure(948)) - Retrying connect to server: localhost/127.0.0.1:0. Already tried 8 time(s); retry policy is RetryUpToMaximumCountWithFixedSleep(maxRetries=10, sleepTime=1000 MILLISECONDS)
2019-09-26 16:42:23,181 [main] INFO  ipc.Client (Client.java:handleConnectionFailure(948)) - Retrying connect to server: localhost/127.0.0.1:0. Already tried 9 time(s); retry policy is RetryUpToMaximumCountWithFixedSleep(maxRetries=10, sleepTime=1000 MILLISECONDS)
2019-09-26 16:42:23,183 [main] INFO  retry.RetryInvocationHandler (RetryInvocationHandler.java:log(411)) - com.google.protobuf.ServiceException: java.net.ConnectException: Your endpoint configuration is wrong; For more details see:  http://wiki.apache.org/hadoop/UnsetHostnameOrPort, while invoking $Proxy35.submitRequest over nodeId=null,nodeAddress=127.0.0.1:0 after 2 failover attempts. Trying to failover immediately.
2019-09-26 16:42:24,184 [main] INFO  ipc.Client (Client.java:handleConnectionFailure(948)) - Retrying connect to server: localhost/127.0.0.1:0. Already tried 0 time(s); retry policy is RetryUpToMaximumCountWithFixedSleep(maxRetries=10, sleepTime=1000 MILLISECONDS)
2019-09-26 16:42:25,185 [main] INFO  ipc.Client (Client.java:handleConnectionFailure(948)) - Retrying connect to server: localhost/127.0.0.1:0. Already tried 1 time(s); retry policy is RetryUpToMaximumCountWithFixedSleep(maxRetries=10, sleepTime=1000 MILLISECONDS)
2019-09-26 16:42:26,186 [main] INFO  ipc.Client (Client.java:handleConnectionFailure(948)) - Retrying connect to server: localhost/127.0.0.1:0. Already tried 2 time(s); retry policy is RetryUpToMaximumCountWithFixedSleep(maxRetries=10, sleepTime=1000 MILLISECONDS)
2019-09-26 16:42:27,187 [main] INFO  ipc.Client (Client.java:handleConnectionFailure(948)) - Retrying connect to server: localhost/127.0.0.1:0. Already tried 3 time(s); retry policy is RetryUpToMaximumCountWithFixedSleep(maxRetries=10, sleepTime=1000 MILLISECONDS)
2019-09-26 16:42:28,188 [main] INFO  ipc.Client (Client.java:handleConnectionFailure(948)) - Retrying connect to server: localhost/127.0.0.1:0. Already tried 4 time(s); retry policy is RetryUpToMaximumCountWithFixedSleep(maxRetries=10, sleepTime=1000 MILLISECONDS)
2019-09-26 16:42:29,189 [main] INFO  ipc.Client (Client.java:handleConnectionFailure(948)) - Retrying connect to server: localhost/127.0.0.1:0. Already tried 5 time(s); retry policy is RetryUpToMaximumCountWithFixedSleep(maxRetries=10, sleepTime=1000 MILLISECONDS)
2019-09-26 16:42:30,191 [main] INFO  ipc.Client (Client.java:handleConnectionFailure(948)) - Retrying connect to server: localhost/127.0.0.1:0. Already tried 6 time(s); retry policy is RetryUpToMaximumCountWithFixedSleep(maxRetries=10, sleepTime=1000 MILLISECONDS)
2019-09-26 16:42:31,192 [main] INFO  ipc.Client (Client.java:handleConnectionFailure(948)) - Retrying connect to server: localhost/127.0.0.1:0. Already tried 7 time(s); retry policy is RetryUpToMaximumCountWithFixedSleep(maxRetries=10, sleepTime=1000 MILLISECONDS)
2019-09-26 16:42:32,193 [main] INFO  ipc.Client (Client.java:handleConnectionFailure(948)) - Retrying connect to server: localhost/127.0.0.1:0. Already tried 8 time(s); retry policy is RetryUpToMaximumCountWithFixedSleep(maxRetries=10, sleepTime=1000 MILLISECONDS)
2019-09-26 16:42:33,194 [main] INFO  ipc.Client (Client.java:handleConnectionFailure(948)) - Retrying connect to server: localhost/127.0.0.1:0. Already tried 9 time(s); retry policy is RetryUpToMaximumCountWithFixedSleep(maxRetries=10, sleepTime=1000 MILLISECONDS)
2019-09-26 16:42:33,196 [main] INFO  retry.RetryInvocationHandler (RetryInvocationHandler.java:log(411)) - com.google.protobuf.ServiceException: java.net.ConnectException: Your endpoint configuration is wrong; For more details see:  http://wiki.apache.org/hadoop/UnsetHostnameOrPort, while invoking $Proxy35.submitRequest over nodeId=null,nodeAddress=127.0.0.1:0 after 3 failover attempts. Trying to failover immediately.
2019-09-26 16:42:34,197 [main] INFO  ipc.Client (Client.java:handleConnectionFailure(948)) - Retrying connect to server: localhost/127.0.0.1:0. Already tried 0 time(s); retry policy is RetryUpToMaximumCountWithFixedSleep(maxRetries=10, sleepTime=1000 MILLISECONDS)
2019-09-26 16:42:35,198 [main] INFO  ipc.Client (Client.java:handleConnectionFailure(948)) - Retrying connect to server: localhost/127.0.0.1:0. Already tried 1 time(s); retry policy is RetryUpToMaximumCountWithFixedSleep(maxRetries=10, sleepTime=1000 MILLISECONDS)
2019-09-26 16:42:36,199 [main] INFO  ipc.Client (Client.java:handleConnectionFailure(948)) - Retrying connect to server: localhost/127.0.0.1:0. Already tried 2 time(s); retry policy is RetryUpToMaximumCountWithFixedSleep(maxRetries=10, sleepTime=1000 MILLISECONDS)
2019-09-26 16:42:37,200 [main] INFO  ipc.Client (Client.java:handleConnectionFailure(948)) - Retrying connect to server: localhost/127.0.0.1:0. Already tried 3 time(s); retry policy is RetryUpToMaximumCountWithFixedSleep(maxRetries=10, sleepTime=1000 MILLISECONDS)
2019-09-26 16:42:38,201 [main] INFO  ipc.Client (Client.java:handleConnectionFailure(948)) - Retrying connect to server: localhost/127.0.0.1:0. Already tried 4 time(s); retry policy is RetryUpToMaximumCountWithFixedSleep(maxRetries=10, sleepTime=1000 MILLISECONDS)
2019-09-26 16:42:39,202 [main] INFO  ipc.Client (Client.java:handleConnectionFailure(948)) - Retrying connect to server: localhost/127.0.0.1:0. Already tried 5 time(s); retry policy is RetryUpToMaximumCountWithFixedSleep(maxRetries=10, sleepTime=1000 MILLISECONDS)
2019-09-26 16:42:40,203 [main] INFO  ipc.Client (Client.java:handleConnectionFailure(948)) - Retrying connect to server: localhost/127.0.0.1:0. Already tried 6 time(s); retry policy is RetryUpToMaximumCountWithFixedSleep(maxRetries=10, sleepTime=1000 MILLISECONDS)
2019-09-26 16:42:41,204 [main] INFO  ipc.Client (Client.java:handleConnectionFailure(948)) - Retrying connect to server: localhost/127.0.0.1:0. Already tried 7 time(s); retry policy is RetryUpToMaximumCountWithFixedSleep(maxRetries=10, sleepTime=1000 MILLISECONDS)
2019-09-26 16:42:42,205 [main] INFO  ipc.Client (Client.java:handleConnectionFailure(948)) - Retrying connect to server: localhost/127.0.0.1:0. Already tried 8 time(s); retry policy is RetryUpToMaximumCountWithFixedSleep(maxRetries=10, sleepTime=1000 MILLISECONDS)
2019-09-26 16:42:43,206 [main] INFO  ipc.Client (Client.java:handleConnectionFailure(948)) - Retrying connect to server: localhost/127.0.0.1:0. Already tried 9 time(s); retry policy is RetryUpToMaximumCountWithFixedSleep(maxRetries=10, sleepTime=1000 MILLISECONDS)
2019-09-26 16:42:43,208 [main] INFO  retry.RetryInvocationHandler (RetryInvocationHandler.java:log(411)) - com.google.protobuf.ServiceException: java.net.ConnectException: Your endpoint configuration is wrong; For more details see:  http://wiki.apache.org/hadoop/UnsetHostnameOrPort, while invoking $Proxy35.submitRequest over nodeId=null,nodeAddress=127.0.0.1:0 after 4 failover attempts. Trying to failover immediately.
2019-09-26 16:42:44,208 [main] INFO  ipc.Client (Client.java:handleConnectionFailure(948)) - Retrying connect to server: localhost/127.0.0.1:0. Already tried 0 time(s); retry policy is RetryUpToMaximumCountWithFixedSleep(maxRetries=10, sleepTime=1000 MILLISECONDS)
2019-09-26 16:42:45,210 [main] INFO  ipc.Client (Client.java:handleConnectionFailure(948)) - Retrying connect to server: localhost/127.0.0.1:0. Already tried 1 time(s); retry policy is RetryUpToMaximumCountWithFixedSleep(maxRetries=10, sleepTime=1000 MILLISECONDS)
2019-09-26 16:42:46,211 [main] INFO  ipc.Client (Client.java:handleConnectionFailure(948)) - Retrying connect to server: localhost/127.0.0.1:0. Already tried 2 time(s); retry policy is RetryUpToMaximumCountWithFixedSleep(maxRetries=10, sleepTime=1000 MILLISECONDS)
2019-09-26 16:42:47,212 [main] INFO  ipc.Client (Client.java:handleConnectionFailure(948)) - Retrying connect to server: localhost/127.0.0.1:0. Already tried 3 time(s); retry policy is RetryUpToMaximumCountWithFixedSleep(maxRetries=10, sleepTime=1000 MILLISECONDS)
2019-09-26 16:42:48,214 [main] INFO  ipc.Client (Client.java:handleConnectionFailure(948)) - Retrying connect to server: localhost/127.0.0.1:0. Already tried 4 time(s); retry policy is RetryUpToMaximumCountWithFixedSleep(maxRetries=10, sleepTime=1000 MILLISECONDS)
2019-09-26 16:42:49,215 [main] INFO  ipc.Client (Client.java:handleConnectionFailure(948)) - Retrying connect to server: localhost/127.0.0.1:0. Already tried 5 time(s); retry policy is RetryUpToMaximumCountWithFixedSleep(maxRetries=10, sleepTime=1000 MILLISECONDS)
2019-09-26 16:42:50,216 [main] INFO  ipc.Client (Client.java:handleConnectionFailure(948)) - Retrying connect to server: localhost/127.0.0.1:0. Already tried 6 time(s); retry policy is RetryUpToMaximumCountWithFixedSleep(maxRetries=10, sleepTime=1000 MILLISECONDS)
2019-09-26 16:42:51,217 [main] INFO  ipc.Client (Client.java:handleConnectionFailure(948)) - Retrying connect to server: localhost/127.0.0.1:0. Already tried 7 time(s); retry policy is RetryUpToMaximumCountWithFixedSleep(maxRetries=10, sleepTime=1000 MILLISECONDS)
2019-09-26 16:42:52,218 [main] INFO  ipc.Client (Client.java:handleConnectionFailure(948)) - Retrying connect to server: localhost/127.0.0.1:0. Already tried 8 time(s); retry policy is RetryUpToMaximumCountWithFixedSleep(maxRetries=10, sleepTime=1000 MILLISECONDS)
2019-09-26 16:42:53,219 [main] INFO  ipc.Client (Client.java:handleConnectionFailure(948)) - Retrying connect to server: localhost/127.0.0.1:0. Already tried 9 time(s); retry policy is RetryUpToMaximumCountWithFixedSleep(maxRetries=10, sleepTime=1000 MILLISECONDS)
2019-09-26 16:42:53,221 [main] INFO  retry.RetryInvocationHandler (RetryInvocationHandler.java:log(411)) - com.google.protobuf.ServiceException: java.net.ConnectException: Your endpoint configuration is wrong; For more details see:  http://wiki.apache.org/hadoop/UnsetHostnameOrPort, while invoking $Proxy35.submitRequest over nodeId=null,nodeAddress=127.0.0.1:0 after 5 failover attempts. Trying to failover immediately.
2019-09-26 16:42:54,222 [main] INFO  ipc.Client (Client.java:handleConnectionFailure(948)) - Retrying connect to server: localhost/127.0.0.1:0. Already tried 0 time(s); retry policy is RetryUpToMaximumCountWithFixedSleep(maxRetries=10, sleepTime=1000 MILLISECONDS)
2019-09-26 16:42:55,223 [main] INFO  ipc.Client (Client.java:handleConnectionFailure(948)) - Retrying connect to server: localhost/127.0.0.1:0. Already tried 1 time(s); retry policy is RetryUpToMaximumCountWithFixedSleep(maxRetries=10, sleepTime=1000 MILLISECONDS)
2019-09-26 16:42:56,224 [main] INFO  ipc.Client (Client.java:handleConnectionFailure(948)) - Retrying connect to server: localhost/127.0.0.1:0. Already tried 2 time(s); retry policy is RetryUpToMaximumCountWithFixedSleep(maxRetries=10, sleepTime=1000 MILLISECONDS)
2019-09-26 16:42:57,225 [main] INFO  ipc.Client (Client.java:handleConnectionFailure(948)) - Retrying connect to server: localhost/127.0.0.1:0. Already tried 3 time(s); retry policy is RetryUpToMaximumCountWithFixedSleep(maxRetries=10, sleepTime=1000 MILLISECONDS)
2019-09-26 16:42:58,227 [main] INFO  ipc.Client (Client.java:handleConnectionFailure(948)) - Retrying connect to server: localhost/127.0.0.1:0. Already tried 4 time(s); retry policy is RetryUpToMaximumCountWithFixedSleep(maxRetries=10, sleepTime=1000 MILLISECONDS)
2019-09-26 16:42:59,228 [main] INFO  ipc.Client (Client.java:handleConnectionFailure(948)) - Retrying connect to server: localhost/127.0.0.1:0. Already tried 5 time(s); retry policy is RetryUpToMaximumCountWithFixedSleep(maxRetries=10, sleepTime=1000 MILLISECONDS)
2019-09-26 16:43:00,229 [main] INFO  ipc.Client (Client.java:handleConnectionFailure(948)) - Retrying connect to server: localhost/127.0.0.1:0. Already tried 6 time(s); retry policy is RetryUpToMaximumCountWithFixedSleep(maxRetries=10, sleepTime=1000 MILLISECONDS)
2019-09-26 16:43:01,231 [main] INFO  ipc.Client (Client.java:handleConnectionFailure(948)) - Retrying connect to server: localhost/127.0.0.1:0. Already tried 7 time(s); retry policy is RetryUpToMaximumCountWithFixedSleep(maxRetries=10, sleepTime=1000 MILLISECONDS)
2019-09-26 16:43:02,232 [main] INFO  ipc.Client (Client.java:handleConnectionFailure(948)) - Retrying connect to server: localhost/127.0.0.1:0. Already tried 8 time(s); retry policy is RetryUpToMaximumCountWithFixedSleep(maxRetries=10, sleepTime=1000 MILLISECONDS)
2019-09-26 16:43:03,233 [main] INFO  ipc.Client (Client.java:handleConnectionFailure(948)) - Retrying connect to server: localhost/127.0.0.1:0. Already tried 9 time(s); retry policy is RetryUpToMaximumCountWithFixedSleep(maxRetries=10, sleepTime=1000 MILLISECONDS)
2019-09-26 16:43:03,235 [main] INFO  retry.RetryInvocationHandler (RetryInvocationHandler.java:log(411)) - com.google.protobuf.ServiceException: java.net.ConnectException: Your endpoint configuration is wrong; For more details see:  http://wiki.apache.org/hadoop/UnsetHostnameOrPort, while invoking $Proxy35.submitRequest over nodeId=null,nodeAddress=127.0.0.1:0 after 6 failover attempts. Trying to failover immediately.
2019-09-26 16:43:04,236 [main] INFO  ipc.Client (Client.java:handleConnectionFailure(948)) - Retrying connect to server: localhost/127.0.0.1:0. Already tried 0 time(s); retry policy is RetryUpToMaximumCountWithFixedSleep(maxRetries=10, sleepTime=1000 MILLISECONDS)
2019-09-26 16:43:05,237 [main] INFO  ipc.Client (Client.java:handleConnectionFailure(948)) - Retrying connect to server: localhost/127.0.0.1:0. Already tried 1 time(s); retry policy is RetryUpToMaximumCountWithFixedSleep(maxRetries=10, sleepTime=1000 MILLISECONDS)
2019-09-26 16:43:06,238 [main] INFO  ipc.Client (Client.java:handleConnectionFailure(948)) - Retrying connect to server: localhost/127.0.0.1:0. Already tried 2 time(s); retry policy is RetryUpToMaximumCountWithFixedSleep(maxRetries=10, sleepTime=1000 MILLISECONDS)
2019-09-26 16:43:07,239 [main] INFO  ipc.Client (Client.java:handleConnectionFailure(948)) - Retrying connect to server: localhost/127.0.0.1:0. Already tried 3 time(s); retry policy is RetryUpToMaximumCountWithFixedSleep(maxRetries=10, sleepTime=1000 MILLISECONDS)
2019-09-26 16:43:08,240 [main] INFO  ipc.Client (Client.java:handleConnectionFailure(948)) - Retrying connect to server: localhost/127.0.0.1:0. Already tried 4 time(s); retry policy is RetryUpToMaximumCountWithFixedSleep(maxRetries=10, sleepTime=1000 MILLISECONDS)
2019-09-26 16:43:09,242 [main] INFO  ipc.Client (Client.java:handleConnectionFailure(948)) - Retrying connect to server: localhost/127.0.0.1:0. Already tried 5 time(s); retry policy is RetryUpToMaximumCountWithFixedSleep(maxRetries=10, sleepTime=1000 MILLISECONDS)
2019-09-26 16:43:10,242 [main] INFO  ipc.Client (Client.java:handleConnectionFailure(948)) - Retrying connect to server: localhost/127.0.0.1:0. Already tried 6 time(s); retry policy is RetryUpToMaximumCountWithFixedSleep(maxRetries=10, sleepTime=1000 MILLISECONDS)
2019-09-26 16:43:11,244 [main] INFO  ipc.Client (Client.java:handleConnectionFailure(948)) - Retrying connect to server: localhost/127.0.0.1:0. Already tried 7 time(s); retry policy is RetryUpToMaximumCountWithFixedSleep(maxRetries=10, sleepTime=1000 MILLISECONDS)
2019-09-26 16:43:12,245 [main] INFO  ipc.Client (Client.java:handleConnectionFailure(948)) - Retrying connect to server: localhost/127.0.0.1:0. Already tried 8 time(s); retry policy is RetryUpToMaximumCountWithFixedSleep(maxRetries=10, sleepTime=1000 MILLISECONDS)
2019-09-26 16:43:13,246 [main] INFO  ipc.Client (Client.java:handleConnectionFailure(948)) - Retrying connect to server: localhost/127.0.0.1:0. Already tried 9 time(s); retry policy is RetryUpToMaximumCountWithFixedSleep(maxRetries=10, sleepTime=1000 MILLISECONDS)
2019-09-26 16:43:13,247 [main] INFO  retry.RetryInvocationHandler (RetryInvocationHandler.java:log(411)) - com.google.protobuf.ServiceException: java.net.ConnectException: Your endpoint configuration is wrong; For more details see:  http://wiki.apache.org/hadoop/UnsetHostnameOrPort, while invoking $Proxy35.submitRequest over nodeId=null,nodeAddress=127.0.0.1:0 after 7 failover attempts. Trying to failover immediately.
2019-09-26 16:43:14,248 [main] INFO  ipc.Client (Client.java:handleConnectionFailure(948)) - Retrying connect to server: localhost/127.0.0.1:0. Already tried 0 time(s); retry policy is RetryUpToMaximumCountWithFixedSleep(maxRetries=10, sleepTime=1000 MILLISECONDS)
2019-09-26 16:43:15,249 [main] INFO  ipc.Client (Client.java:handleConnectionFailure(948)) - Retrying connect to server: localhost/127.0.0.1:0. Already tried 1 time(s); retry policy is RetryUpToMaximumCountWithFixedSleep(maxRetries=10, sleepTime=1000 MILLISECONDS)
2019-09-26 16:43:16,252 [main] INFO  ipc.Client (Client.java:handleConnectionFailure(948)) - Retrying connect to server: localhost/127.0.0.1:0. Already tried 2 time(s); retry policy is RetryUpToMaximumCountWithFixedSleep(maxRetries=10, sleepTime=1000 MILLISECONDS)
2019-09-26 16:43:17,253 [main] INFO  ipc.Client (Client.java:handleConnectionFailure(948)) - Retrying connect to server: localhost/127.0.0.1:0. Already tried 3 time(s); retry policy is RetryUpToMaximumCountWithFixedSleep(maxRetries=10, sleepTime=1000 MILLISECONDS)
2019-09-26 16:43:18,254 [main] INFO  ipc.Client (Client.java:handleConnectionFailure(948)) - Retrying connect to server: localhost/127.0.0.1:0. Already tried 4 time(s); retry policy is RetryUpToMaximumCountWithFixedSleep(maxRetries=10, sleepTime=1000 MILLISECONDS)
2019-09-26 16:43:19,255 [main] INFO  ipc.Client (Client.java:handleConnectionFailure(948)) - Retrying connect to server: localhost/127.0.0.1:0. Already tried 5 time(s); retry policy is RetryUpToMaximumCountWithFixedSleep(maxRetries=10, sleepTime=1000 MILLISECONDS)
2019-09-26 16:43:20,256 [main] INFO  ipc.Client (Client.java:handleConnectionFailure(948)) - Retrying connect to server: localhost/127.0.0.1:0. Already tried 6 time(s); retry policy is RetryUpToMaximumCountWithFixedSleep(maxRetries=10, sleepTime=1000 MILLISECONDS)
2019-09-26 16:43:21,257 [main] INFO  ipc.Client (Client.java:handleConnectionFailure(948)) - Retrying connect to server: localhost/127.0.0.1:0. Already tried 7 time(s); retry policy is RetryUpToMaximumCountWithFixedSleep(maxRetries=10, sleepTime=1000 MILLISECONDS)
2019-09-26 16:43:22,258 [main] INFO  ipc.Client (Client.java:handleConnectionFailure(948)) - Retrying connect to server: localhost/127.0.0.1:0. Already tried 8 time(s); retry policy is RetryUpToMaximumCountWithFixedSleep(maxRetries=10, sleepTime=1000 MILLISECONDS)
2019-09-26 16:43:23,260 [main] INFO  ipc.Client (Client.java:handleConnectionFailure(948)) - Retrying connect to server: localhost/127.0.0.1:0. Already tried 9 time(s); retry policy is RetryUpToMaximumCountWithFixedSleep(maxRetries=10, sleepTime=1000 MILLISECONDS)
2019-09-26 16:43:23,261 [main] INFO  retry.RetryInvocationHandler (RetryInvocationHandler.java:log(411)) - com.google.protobuf.ServiceException: java.net.ConnectException: Your endpoint configuration is wrong; For more details see:  http://wiki.apache.org/hadoop/UnsetHostnameOrPort, while invoking $Proxy35.submitRequest over nodeId=null,nodeAddress=127.0.0.1:0 after 8 failover attempts. Trying to failover immediately.
2019-09-26 16:43:24,263 [main] INFO  ipc.Client (Client.java:handleConnectionFailure(948)) - Retrying connect to server: localhost/127.0.0.1:0. Already tried 0 time(s); retry policy is RetryUpToMaximumCountWithFixedSleep(maxRetries=10, sleepTime=1000 MILLISECONDS)
2019-09-26 16:43:25,264 [main] INFO  ipc.Client (Client.java:handleConnectionFailure(948)) - Retrying connect to server: localhost/127.0.0.1:0. Already tried 1 time(s); retry policy is RetryUpToMaximumCountWithFixedSleep(maxRetries=10, sleepTime=1000 MILLISECONDS)
2019-09-26 16:43:26,265 [main] INFO  ipc.Client (Client.java:handleConnectionFailure(948)) - Retrying connect to server: localhost/127.0.0.1:0. Already tried 2 time(s); retry policy is RetryUpToMaximumCountWithFixedSleep(maxRetries=10, sleepTime=1000 MILLISECONDS)
2019-09-26 16:43:27,266 [main] INFO  ipc.Client (Client.java:handleConnectionFailure(948)) - Retrying connect to server: localhost/127.0.0.1:0. Already tried 3 time(s); retry policy is RetryUpToMaximumCountWithFixedSleep(maxRetries=10, sleepTime=1000 MILLISECONDS)
2019-09-26 16:43:28,267 [main] INFO  ipc.Client (Client.java:handleConnectionFailure(948)) - Retrying connect to server: localhost/127.0.0.1:0. Already tried 4 time(s); retry policy is RetryUpToMaximumCountWithFixedSleep(maxRetries=10, sleepTime=1000 MILLISECONDS)
2019-09-26 16:43:29,268 [main] INFO  ipc.Client (Client.java:handleConnectionFailure(948)) - Retrying connect to server: localhost/127.0.0.1:0. Already tried 5 time(s); retry policy is RetryUpToMaximumCountWithFixedSleep(maxRetries=10, sleepTime=1000 MILLISECONDS)
2019-09-26 16:43:30,270 [main] INFO  ipc.Client (Client.java:handleConnectionFailure(948)) - Retrying connect to server: localhost/127.0.0.1:0. Already tried 6 time(s); retry policy is RetryUpToMaximumCountWithFixedSleep(maxRetries=10, sleepTime=1000 MILLISECONDS)
2019-09-26 16:43:31,271 [main] INFO  ipc.Client (Client.java:handleConnectionFailure(948)) - Retrying connect to server: localhost/127.0.0.1:0. Already tried 7 time(s); retry policy is RetryUpToMaximumCountWithFixedSleep(maxRetries=10, sleepTime=1000 MILLISECONDS)
2019-09-26 16:43:32,272 [main] INFO  ipc.Client (Client.java:handleConnectionFailure(948)) - Retrying connect to server: localhost/127.0.0.1:0. Already tried 8 time(s); retry policy is RetryUpToMaximumCountWithFixedSleep(maxRetries=10, sleepTime=1000 MILLISECONDS)
2019-09-26 16:43:33,274 [main] INFO  ipc.Client (Client.java:handleConnectionFailure(948)) - Retrying connect to server: localhost/127.0.0.1:0. Already tried 9 time(s); retry policy is RetryUpToMaximumCountWithFixedSleep(maxRetries=10, sleepTime=1000 MILLISECONDS)
2019-09-26 16:43:33,275 [main] INFO  retry.RetryInvocationHandler (RetryInvocationHandler.java:log(411)) - com.google.protobuf.ServiceException: java.net.ConnectException: Your endpoint configuration is wrong; For more details see:  http://wiki.apache.org/hadoop/UnsetHostnameOrPort, while invoking $Proxy35.submitRequest over nodeId=null,nodeAddress=127.0.0.1:0 after 9 failover attempts. Trying to failover immediately.
2019-09-26 16:43:34,276 [main] INFO  ipc.Client (Client.java:handleConnectionFailure(948)) - Retrying connect to server: localhost/127.0.0.1:0. Already tried 0 time(s); retry policy is RetryUpToMaximumCountWithFixedSleep(maxRetries=10, sleepTime=1000 MILLISECONDS)
2019-09-26 16:43:35,277 [main] INFO  ipc.Client (Client.java:handleConnectionFailure(948)) - Retrying connect to server: localhost/127.0.0.1:0. Already tried 1 time(s); retry policy is RetryUpToMaximumCountWithFixedSleep(maxRetries=10, sleepTime=1000 MILLISECONDS)
2019-09-26 16:43:36,279 [main] INFO  ipc.Client (Client.java:handleConnectionFailure(948)) - Retrying connect to server: localhost/127.0.0.1:0. Already tried 2 time(s); retry policy is RetryUpToMaximumCountWithFixedSleep(maxRetries=10, sleepTime=1000 MILLISECONDS)
2019-09-26 16:43:37,280 [main] INFO  ipc.Client (Client.java:handleConnectionFailure(948)) - Retrying connect to server: localhost/127.0.0.1:0. Already tried 3 time(s); retry policy is RetryUpToMaximumCountWithFixedSleep(maxRetries=10, sleepTime=1000 MILLISECONDS)
2019-09-26 16:43:38,281 [main] INFO  ipc.Client (Client.java:handleConnectionFailure(948)) - Retrying connect to server: localhost/127.0.0.1:0. Already tried 4 time(s); retry policy is RetryUpToMaximumCountWithFixedSleep(maxRetries=10, sleepTime=1000 MILLISECONDS)
2019-09-26 16:43:39,282 [main] INFO  ipc.Client (Client.java:handleConnectionFailure(948)) - Retrying connect to server: localhost/127.0.0.1:0. Already tried 5 time(s); retry policy is RetryUpToMaximumCountWithFixedSleep(maxRetries=10, sleepTime=1000 MILLISECONDS)
2019-09-26 16:43:40,283 [main] INFO  ipc.Client (Client.java:handleConnectionFailure(948)) - Retrying connect to server: localhost/127.0.0.1:0. Already tried 6 time(s); retry policy is RetryUpToMaximumCountWithFixedSleep(maxRetries=10, sleepTime=1000 MILLISECONDS)
2019-09-26 16:43:41,284 [main] INFO  ipc.Client (Client.java:handleConnectionFailure(948)) - Retrying connect to server: localhost/127.0.0.1:0. Already tried 7 time(s); retry policy is RetryUpToMaximumCountWithFixedSleep(maxRetries=10, sleepTime=1000 MILLISECONDS)
2019-09-26 16:43:42,286 [main] INFO  ipc.Client (Client.java:handleConnectionFailure(948)) - Retrying connect to server: localhost/127.0.0.1:0. Already tried 8 time(s); retry policy is RetryUpToMaximumCountWithFixedSleep(maxRetries=10, sleepTime=1000 MILLISECONDS)
2019-09-26 16:43:43,287 [main] INFO  ipc.Client (Client.java:handleConnectionFailure(948)) - Retrying connect to server: localhost/127.0.0.1:0. Already tried 9 time(s); retry policy is RetryUpToMaximumCountWithFixedSleep(maxRetries=10, sleepTime=1000 MILLISECONDS)
2019-09-26 16:43:43,288 [main] ERROR ha.OMFailoverProxyProvider (OzoneManagerProtocolClientSideTranslatorPB.java:getRetryAction(268)) - Failed to connect to OM. Attempted 10 retries and 10 failovers
2019-09-26 16:43:43,289 [main] ERROR client.OzoneClientFactory (OzoneClientFactory.java:getClientProtocol(259)) - Couldn't create RpcClient protocol exception: 
java.net.ConnectException: Your endpoint configuration is wrong; For more details see:  http://wiki.apache.org/hadoop/UnsetHostnameOrPort
	at sun.reflect.GeneratedConstructorAccessor41.newInstance(Unknown Source)
	at sun.reflect.DelegatingConstructorAccessorImpl.newInstance(DelegatingConstructorAccessorImpl.java:45)
	at java.lang.reflect.Constructor.newInstance(Constructor.java:423)
	at org.apache.hadoop.net.NetUtils.wrapWithMessage(NetUtils.java:831)
	at org.apache.hadoop.net.NetUtils.wrapException(NetUtils.java:751)
	at org.apache.hadoop.ipc.Client.getRpcResponse(Client.java:1515)
	at org.apache.hadoop.ipc.Client.call(Client.java:1457)
	at org.apache.hadoop.ipc.Client.call(Client.java:1367)
	at org.apache.hadoop.ipc.ProtobufRpcEngine$Invoker.invoke(ProtobufRpcEngine.java:228)
	at org.apache.hadoop.ipc.ProtobufRpcEngine$Invoker.invoke(ProtobufRpcEngine.java:116)
	at com.sun.proxy.$Proxy35.submitRequest(Unknown Source)
	at sun.reflect.GeneratedMethodAccessor36.invoke(Unknown Source)
	at sun.reflect.DelegatingMethodAccessorImpl.invoke(DelegatingMethodAccessorImpl.java:43)
	at java.lang.reflect.Method.invoke(Method.java:498)
	at org.apache.hadoop.io.retry.RetryInvocationHandler.invokeMethod(RetryInvocationHandler.java:422)
	at org.apache.hadoop.io.retry.RetryInvocationHandler$Call.invokeMethod(RetryInvocationHandler.java:165)
	at org.apache.hadoop.io.retry.RetryInvocationHandler$Call.invoke(RetryInvocationHandler.java:157)
	at org.apache.hadoop.io.retry.RetryInvocationHandler$Call.invokeOnce(RetryInvocationHandler.java:95)
	at org.apache.hadoop.io.retry.RetryInvocationHandler.invoke(RetryInvocationHandler.java:359)
	at com.sun.proxy.$Proxy35.submitRequest(Unknown Source)
	at org.apache.hadoop.ozone.om.protocolPB.OzoneManagerProtocolClientSideTranslatorPB.submitRequest(OzoneManagerProtocolClientSideTranslatorPB.java:338)
	at org.apache.hadoop.ozone.om.protocolPB.OzoneManagerProtocolClientSideTranslatorPB.getServiceInfo(OzoneManagerProtocolClientSideTranslatorPB.java:1223)
	at sun.reflect.NativeMethodAccessorImpl.invoke0(Native Method)
	at sun.reflect.NativeMethodAccessorImpl.invoke(NativeMethodAccessorImpl.java:62)
	at sun.reflect.DelegatingMethodAccessorImpl.invoke(DelegatingMethodAccessorImpl.java:43)
	at java.lang.reflect.Method.invoke(Method.java:498)
	at org.apache.hadoop.hdds.tracing.TraceAllMethod.invoke(TraceAllMethod.java:66)
	at com.sun.proxy.$Proxy36.getServiceInfo(Unknown Source)
	at org.apache.hadoop.ozone.client.rpc.RpcClient.<init>(RpcClient.java:154)
	at org.apache.hadoop.ozone.client.OzoneClientFactory.getClientProtocol(OzoneClientFactory.java:256)
	at org.apache.hadoop.ozone.client.OzoneClientFactory.getClientProtocol(OzoneClientFactory.java:239)
	at org.apache.hadoop.ozone.client.OzoneClientFactory.getClient(OzoneClientFactory.java:75)
	at org.apache.hadoop.ozone.client.rpc.TestFailureHandlingByClient.init(TestFailureHandlingByClient.java:111)
	at org.apache.hadoop.ozone.client.rpc.TestFailureHandlingByClient.startCluster(TestFailureHandlingByClient.java:121)
	at org.apache.hadoop.ozone.client.rpc.TestFailureHandlingByClient.testBlockWritesWithDnFailures(TestFailureHandlingByClient.java:136)
	at sun.reflect.NativeMethodAccessorImpl.invoke0(Native Method)
	at sun.reflect.NativeMethodAccessorImpl.invoke(NativeMethodAccessorImpl.java:62)
	at sun.reflect.DelegatingMethodAccessorImpl.invoke(DelegatingMethodAccessorImpl.java:43)
	at java.lang.reflect.Method.invoke(Method.java:498)
	at org.junit.runners.model.FrameworkMethod$1.runReflectiveCall(FrameworkMethod.java:47)
	at org.junit.internal.runners.model.ReflectiveCallable.run(ReflectiveCallable.java:12)
	at org.junit.runners.model.FrameworkMethod.invokeExplosively(FrameworkMethod.java:44)
	at org.junit.internal.runners.statements.InvokeMethod.evaluate(InvokeMethod.java:17)
	at org.junit.internal.runners.statements.RunAfters.evaluate(RunAfters.java:27)
	at org.junit.runners.ParentRunner.runLeaf(ParentRunner.java:271)
	at org.junit.runners.BlockJUnit4ClassRunner.runChild(BlockJUnit4ClassRunner.java:70)
	at org.junit.runners.BlockJUnit4ClassRunner.runChild(BlockJUnit4ClassRunner.java:50)
	at org.junit.runners.ParentRunner$3.run(ParentRunner.java:238)
	at org.junit.runners.ParentRunner$1.schedule(ParentRunner.java:63)
	at org.junit.runners.ParentRunner.runChildren(ParentRunner.java:236)
	at org.junit.runners.ParentRunner.access$000(ParentRunner.java:53)
	at org.junit.runners.ParentRunner$2.evaluate(ParentRunner.java:229)
	at org.junit.runners.ParentRunner.run(ParentRunner.java:309)
	at org.apache.maven.surefire.junit4.JUnit4Provider.execute(JUnit4Provider.java:365)
	at org.apache.maven.surefire.junit4.JUnit4Provider.executeWithRerun(JUnit4Provider.java:273)
	at org.apache.maven.surefire.junit4.JUnit4Provider.executeTestSet(JUnit4Provider.java:238)
	at org.apache.maven.surefire.junit4.JUnit4Provider.invoke(JUnit4Provider.java:159)
	at org.apache.maven.surefire.booter.ForkedBooter.invokeProviderInSameClassLoader(ForkedBooter.java:384)
	at org.apache.maven.surefire.booter.ForkedBooter.runSuitesInProcess(ForkedBooter.java:345)
	at org.apache.maven.surefire.booter.ForkedBooter.execute(ForkedBooter.java:126)
	at org.apache.maven.surefire.booter.ForkedBooter.main(ForkedBooter.java:418)
Caused by: java.net.ConnectException: Connection refused
	at sun.nio.ch.SocketChannelImpl.checkConnect(Native Method)
	at sun.nio.ch.SocketChannelImpl.finishConnect(SocketChannelImpl.java:717)
	at org.apache.hadoop.net.SocketIOWithTimeout.connect(SocketIOWithTimeout.java:206)
	at org.apache.hadoop.net.NetUtils.connect(NetUtils.java:531)
	at org.apache.hadoop.ipc.Client$Connection.setupConnection(Client.java:690)
	at org.apache.hadoop.ipc.Client$Connection.setupIOstreams(Client.java:794)
	at org.apache.hadoop.ipc.Client$Connection.access$3700(Client.java:411)
	at org.apache.hadoop.ipc.Client.getConnection(Client.java:1572)
	at org.apache.hadoop.ipc.Client.call(Client.java:1403)
	... 54 more
2019-09-26 16:43:43,290 [main] INFO  ozone.MiniOzoneClusterImpl (MiniOzoneClusterImpl.java:shutdown(314)) - Shutting down the Mini Ozone Cluster
2019-09-26 16:43:43,291 [main] INFO  ozone.MiniOzoneClusterImpl (MiniOzoneClusterImpl.java:stop(330)) - Stopping the Mini Ozone Cluster
2019-09-26 16:43:43,291 [main] INFO  ozone.MiniOzoneClusterImpl (MiniOzoneClusterImpl.java:stopOM(400)) - Stopping the OzoneManager
2019-09-26 16:43:43,291 [main] INFO  ipc.Server (Server.java:stop(3082)) - Stopping server on 35385
2019-09-26 16:43:43,307 [IPC Server listener on 35385] INFO  ipc.Server (Server.java:run(1185)) - Stopping IPC Server listener on 35385
2019-09-26 16:43:43,313 [IPC Server Responder] INFO  ipc.Server (Server.java:run(1319)) - Stopping IPC Server Responder
2019-09-26 16:43:43,310 [main] INFO  ratis.OzoneManagerDoubleBuffer (OzoneManagerDoubleBuffer.java:stop(248)) - Stopping OMDoubleBuffer flush thread
2019-09-26 16:43:43,338 [OMDoubleBufferFlushThread] INFO  ratis.OzoneManagerDoubleBuffer (OzoneManagerDoubleBuffer.java:flushTransactions(191)) - OMDoubleBuffer flush thread OMDoubleBufferFlushThread is interrupted and will exit. OMDoubleBufferFlushThread
2019-09-26 16:43:43,339 [main] INFO  utils.BackgroundService (BackgroundService.java:shutdown(148)) - Shutting down service KeyDeletingService
2019-09-26 16:43:43,341 [main] INFO  handler.ContextHandler (ContextHandler.java:doStop(910)) - Stopped o.e.j.w.WebAppContext@644a3add{/,null,UNAVAILABLE}{/ozoneManager}
2019-09-26 16:43:43,343 [main] INFO  server.AbstractConnector (AbstractConnector.java:doStop(318)) - Stopped ServerConnector@4b765e92{HTTP/1.1,[http/1.1]}{0.0.0.0:0}
2019-09-26 16:43:43,343 [main] INFO  handler.ContextHandler (ContextHandler.java:doStop(910)) - Stopped o.e.j.s.ServletContextHandler@6401188a{/static,file:///workdir/hadoop-ozone/integration-test/target/test-classes/webapps/static,UNAVAILABLE}
2019-09-26 16:43:43,344 [main] INFO  handler.ContextHandler (ContextHandler.java:doStop(910)) - Stopped o.e.j.s.ServletContextHandler@30a7653e{/logs,file:///workdir/hadoop-ozone/integration-test/target/log,UNAVAILABLE}
2019-09-26 16:43:43,349 [main] INFO  ozone.MiniOzoneClusterImpl (MiniOzoneClusterImpl.java:stopDatanodes(377)) - Stopping the HddsDatanodes
2019-09-26 16:43:43,646 [Datanode State Machine Thread - 0] INFO  statemachine.DatanodeStateMachine (DatanodeStateMachine.java:lambda$startDaemon$0(350)) - Ozone container server started.
2019-09-26 16:43:43,973 [Datanode State Machine Thread - 0] INFO  statemachine.DatanodeStateMachine (DatanodeStateMachine.java:lambda$startDaemon$0(350)) - Ozone container server started.
2019-09-26 16:43:48,350 [main] INFO  ozoneimpl.OzoneContainer (OzoneContainer.java:stop(231)) - Attempting to stop container services.
2019-09-26 16:43:48,351 [ForkJoinPool.commonPool-worker-0] INFO  ozoneimpl.OzoneContainer (OzoneContainer.java:stop(231)) - Attempting to stop container services.
2019-09-26 16:43:48,351 [main] INFO  impl.RaftServerProxy (RaftServerProxy.java:lambda$close$4(314)) - dd403047-9c6e-40b9-92d3-171c1bb28f71: close
2019-09-26 16:43:48,351 [ForkJoinPool.commonPool-worker-0] INFO  impl.RaftServerProxy (RaftServerProxy.java:lambda$close$4(314)) - a15262cf-293c-4f16-a68b-da2cb3cd04b4: close
2019-09-26 16:43:48,352 [main] INFO  impl.RaftServerImpl (RaftServerImpl.java:lambda$shutdown$3(251)) - dd403047-9c6e-40b9-92d3-171c1bb28f71@group-A9934AC8BE5F: shutdown
2019-09-26 16:43:48,352 [ForkJoinPool.commonPool-worker-0] INFO  impl.RaftServerImpl (RaftServerImpl.java:lambda$shutdown$3(251)) - a15262cf-293c-4f16-a68b-da2cb3cd04b4@group-230DAC3E466D: shutdown
2019-09-26 16:43:48,353 [main] INFO  util.JmxRegister (JmxRegister.java:unregister(73)) - Successfully un-registered JMX Bean with object name Ratis:service=RaftServer,group=group-A9934AC8BE5F,id=dd403047-9c6e-40b9-92d3-171c1bb28f71
2019-09-26 16:43:48,353 [ForkJoinPool.commonPool-worker-0] INFO  util.JmxRegister (JmxRegister.java:unregister(73)) - Successfully un-registered JMX Bean with object name Ratis:service=RaftServer,group=group-230DAC3E466D,id=a15262cf-293c-4f16-a68b-da2cb3cd04b4
2019-09-26 16:43:48,353 [main] INFO  impl.RoleInfo (RoleInfo.java:shutdownLeaderState(104)) - dd403047-9c6e-40b9-92d3-171c1bb28f71: shutdown LeaderState
2019-09-26 16:43:48,353 [ForkJoinPool.commonPool-worker-0] INFO  impl.RoleInfo (RoleInfo.java:shutdownLeaderState(104)) - a15262cf-293c-4f16-a68b-da2cb3cd04b4: shutdown LeaderState
2019-09-26 16:43:48,361 [main] INFO  impl.PendingRequests (PendingRequests.java:sendNotLeaderResponses(202)) - dd403047-9c6e-40b9-92d3-171c1bb28f71-PendingRequests: sendNotLeaderResponses
2019-09-26 16:43:48,361 [org.apache.ratis.server.impl.LogAppender$AppenderDaemon$$Lambda$414/452738001@52e96010] WARN  server.GrpcLogAppender (GrpcLogAppender.java:mayWait(143)) - dd403047-9c6e-40b9-92d3-171c1bb28f71@group-A9934AC8BE5F->f45586a2-d7c2-4816-9720-dd343377f456-GrpcLogAppender: Wait interrupted by java.lang.InterruptedException
2019-09-26 16:43:48,361 [org.apache.ratis.server.impl.LogAppender$AppenderDaemon$$Lambda$414/452738001@53c409fb] WARN  server.GrpcLogAppender (GrpcLogAppender.java:mayWait(143)) - dd403047-9c6e-40b9-92d3-171c1bb28f71@group-A9934AC8BE5F->3837398e-557b-4755-8718-a3ecbfd2ca45-GrpcLogAppender: Wait interrupted by java.lang.InterruptedException
2019-09-26 16:43:48,361 [ForkJoinPool.commonPool-worker-0] INFO  impl.PendingRequests (PendingRequests.java:sendNotLeaderResponses(202)) - a15262cf-293c-4f16-a68b-da2cb3cd04b4-PendingRequests: sendNotLeaderResponses
2019-09-26 16:43:48,362 [main] INFO  impl.StateMachineUpdater (StateMachineUpdater.java:stopAndJoin(125)) - dd403047-9c6e-40b9-92d3-171c1bb28f71@group-A9934AC8BE5F-StateMachineUpdater: set stopIndex = 0
2019-09-26 16:43:48,363 [main] INFO  impl.RaftServerImpl (ServerState.java:close(385)) - dd403047-9c6e-40b9-92d3-171c1bb28f71@group-A9934AC8BE5F: closes. applyIndex: 0
2019-09-26 16:43:48,362 [ForkJoinPool.commonPool-worker-0] INFO  impl.StateMachineUpdater (StateMachineUpdater.java:stopAndJoin(125)) - a15262cf-293c-4f16-a68b-da2cb3cd04b4@group-230DAC3E466D-StateMachineUpdater: set stopIndex = 0
2019-09-26 16:43:48,363 [dd403047-9c6e-40b9-92d3-171c1bb28f71@group-A9934AC8BE5F-SegmentedRaftLogWorker] INFO  segmented.SegmentedRaftLogWorker (SegmentedRaftLogWorker.java:run(313)) - dd403047-9c6e-40b9-92d3-171c1bb28f71@group-A9934AC8BE5F-SegmentedRaftLogWorker was interrupted, exiting. There are 0 tasks remaining in the queue.
2019-09-26 16:43:48,363 [grpc-default-executor-4] INFO  server.GrpcServerProtocolService (GrpcServerProtocolService.java:onCompleted(113)) - 3837398e-557b-4755-8718-a3ecbfd2ca45: Completed APPEND_ENTRIES, lastRequest: dd403047-9c6e-40b9-92d3-171c1bb28f71->3837398e-557b-4755-8718-a3ecbfd2ca45#228-t1, previous=(t:1, i:0), leaderCommit=0, initializing? false, entries: <empty>
2019-09-26 16:43:48,363 [grpc-default-executor-3] INFO  server.GrpcServerProtocolService (GrpcServerProtocolService.java:onCompleted(113)) - f45586a2-d7c2-4816-9720-dd343377f456: Completed APPEND_ENTRIES, lastRequest: dd403047-9c6e-40b9-92d3-171c1bb28f71->f45586a2-d7c2-4816-9720-dd343377f456#229-t1, previous=(t:1, i:0), leaderCommit=0, initializing? false, entries: <empty>
2019-09-26 16:43:48,366 [main] INFO  segmented.SegmentedRaftLogWorker (SegmentedRaftLogWorker.java:close(228)) - dd403047-9c6e-40b9-92d3-171c1bb28f71@group-A9934AC8BE5F-SegmentedRaftLogWorker close()
2019-09-26 16:43:48,364 [ForkJoinPool.commonPool-worker-0] INFO  impl.RaftServerImpl (ServerState.java:close(385)) - a15262cf-293c-4f16-a68b-da2cb3cd04b4@group-230DAC3E466D: closes. applyIndex: 0
2019-09-26 16:43:48,386 [main] INFO  impl.RaftServerImpl (RaftServerImpl.java:lambda$shutdown$3(251)) - dd403047-9c6e-40b9-92d3-171c1bb28f71@group-3810D11AD87B: shutdown
2019-09-26 16:43:48,386 [grpc-default-executor-4] INFO  server.GrpcLogAppender (GrpcLogAppender.java:onCompleted(293)) - dd403047-9c6e-40b9-92d3-171c1bb28f71@group-A9934AC8BE5F->f45586a2-d7c2-4816-9720-dd343377f456-AppendLogResponseHandler: follower responses appendEntries COMPLETED
2019-09-26 16:43:48,386 [grpc-default-executor-3] INFO  server.GrpcLogAppender (GrpcLogAppender.java:onCompleted(293)) - dd403047-9c6e-40b9-92d3-171c1bb28f71@group-A9934AC8BE5F->3837398e-557b-4755-8718-a3ecbfd2ca45-AppendLogResponseHandler: follower responses appendEntries COMPLETED
2019-09-26 16:43:48,386 [a15262cf-293c-4f16-a68b-da2cb3cd04b4@group-230DAC3E466D-SegmentedRaftLogWorker] INFO  segmented.SegmentedRaftLogWorker (SegmentedRaftLogWorker.java:run(313)) - a15262cf-293c-4f16-a68b-da2cb3cd04b4@group-230DAC3E466D-SegmentedRaftLogWorker was interrupted, exiting. There are 0 tasks remaining in the queue.
2019-09-26 16:43:48,386 [main] INFO  util.JmxRegister (JmxRegister.java:unregister(73)) - Successfully un-registered JMX Bean with object name Ratis:service=RaftServer,group=group-3810D11AD87B,id=dd403047-9c6e-40b9-92d3-171c1bb28f71
2019-09-26 16:43:48,390 [ForkJoinPool.commonPool-worker-0] INFO  segmented.SegmentedRaftLogWorker (SegmentedRaftLogWorker.java:close(228)) - a15262cf-293c-4f16-a68b-da2cb3cd04b4@group-230DAC3E466D-SegmentedRaftLogWorker close()
2019-09-26 16:43:48,391 [grpc-default-executor-3] INFO  impl.FollowerInfo (FollowerInfo.java:lambda$new$0(51)) - dd403047-9c6e-40b9-92d3-171c1bb28f71@group-A9934AC8BE5F->3837398e-557b-4755-8718-a3ecbfd2ca45: nextIndex: updateUnconditionally 1 -> 0
2019-09-26 16:43:48,391 [grpc-default-executor-4] INFO  impl.FollowerInfo (FollowerInfo.java:lambda$new$0(51)) - dd403047-9c6e-40b9-92d3-171c1bb28f71@group-A9934AC8BE5F->f45586a2-d7c2-4816-9720-dd343377f456: nextIndex: updateUnconditionally 1 -> 0
2019-09-26 16:43:48,391 [main] INFO  impl.RoleInfo (RoleInfo.java:shutdownLeaderState(104)) - dd403047-9c6e-40b9-92d3-171c1bb28f71: shutdown LeaderState
2019-09-26 16:43:48,394 [ForkJoinPool.commonPool-worker-0] INFO  impl.RaftServerImpl (RaftServerImpl.java:lambda$shutdown$3(251)) - a15262cf-293c-4f16-a68b-da2cb3cd04b4@group-DC19A4D7286F: shutdown
2019-09-26 16:43:48,395 [main] INFO  impl.PendingRequests (PendingRequests.java:sendNotLeaderResponses(202)) - dd403047-9c6e-40b9-92d3-171c1bb28f71-PendingRequests: sendNotLeaderResponses
2019-09-26 16:43:48,395 [ForkJoinPool.commonPool-worker-0] INFO  util.JmxRegister (JmxRegister.java:unregister(73)) - Successfully un-registered JMX Bean with object name Ratis:service=RaftServer,group=group-DC19A4D7286F,id=a15262cf-293c-4f16-a68b-da2cb3cd04b4
2019-09-26 16:43:48,395 [main] INFO  impl.StateMachineUpdater (StateMachineUpdater.java:stopAndJoin(125)) - dd403047-9c6e-40b9-92d3-171c1bb28f71@group-3810D11AD87B-StateMachineUpdater: set stopIndex = 0
2019-09-26 16:43:48,396 [main] INFO  impl.RaftServerImpl (ServerState.java:close(385)) - dd403047-9c6e-40b9-92d3-171c1bb28f71@group-3810D11AD87B: closes. applyIndex: 0
2019-09-26 16:43:48,396 [ForkJoinPool.commonPool-worker-0] INFO  impl.RoleInfo (RoleInfo.java:shutdownLeaderState(104)) - a15262cf-293c-4f16-a68b-da2cb3cd04b4: shutdown LeaderState
2019-09-26 16:43:48,397 [dd403047-9c6e-40b9-92d3-171c1bb28f71@group-3810D11AD87B-SegmentedRaftLogWorker] INFO  segmented.SegmentedRaftLogWorker (SegmentedRaftLogWorker.java:run(313)) - dd403047-9c6e-40b9-92d3-171c1bb28f71@group-3810D11AD87B-SegmentedRaftLogWorker was interrupted, exiting. There are 0 tasks remaining in the queue.
2019-09-26 16:43:48,402 [ForkJoinPool.commonPool-worker-0] INFO  impl.PendingRequests (PendingRequests.java:sendNotLeaderResponses(202)) - a15262cf-293c-4f16-a68b-da2cb3cd04b4-PendingRequests: sendNotLeaderResponses
2019-09-26 16:43:48,405 [main] INFO  segmented.SegmentedRaftLogWorker (SegmentedRaftLogWorker.java:close(228)) - dd403047-9c6e-40b9-92d3-171c1bb28f71@group-3810D11AD87B-SegmentedRaftLogWorker close()
2019-09-26 16:43:48,405 [org.apache.ratis.server.impl.LogAppender$AppenderDaemon$$Lambda$414/452738001@23ba0fa8] WARN  server.GrpcLogAppender (GrpcLogAppender.java:mayWait(143)) - a15262cf-293c-4f16-a68b-da2cb3cd04b4@group-DC19A4D7286F->ba66a674-5e84-4bd3-9f35-73a521070499-GrpcLogAppender: Wait interrupted by java.lang.InterruptedException
2019-09-26 16:43:48,405 [org.apache.ratis.server.impl.LogAppender$AppenderDaemon$$Lambda$414/452738001@4822461a] WARN  server.GrpcLogAppender (GrpcLogAppender.java:mayWait(143)) - a15262cf-293c-4f16-a68b-da2cb3cd04b4@group-DC19A4D7286F->289fcb57-3dc7-4202-a3b5-f15c84f9ab45-GrpcLogAppender: Wait interrupted by java.lang.InterruptedException
2019-09-26 16:43:48,408 [main] INFO  server.GrpcService (GrpcService.java:closeImpl(164)) - dd403047-9c6e-40b9-92d3-171c1bb28f71: shutdown server with port 45454 now
2019-09-26 16:43:48,405 [ForkJoinPool.commonPool-worker-0] INFO  impl.StateMachineUpdater (StateMachineUpdater.java:stopAndJoin(125)) - a15262cf-293c-4f16-a68b-da2cb3cd04b4@group-DC19A4D7286F-StateMachineUpdater: set stopIndex = 0
2019-09-26 16:43:48,409 [grpc-default-executor-3] INFO  server.GrpcServerProtocolService (GrpcServerProtocolService.java:onCompleted(113)) - 289fcb57-3dc7-4202-a3b5-f15c84f9ab45: Completed APPEND_ENTRIES, lastRequest: a15262cf-293c-4f16-a68b-da2cb3cd04b4->289fcb57-3dc7-4202-a3b5-f15c84f9ab45#227-t3, previous=(t:3, i:0), leaderCommit=0, initializing? false, entries: <empty>
2019-09-26 16:43:48,408 [grpc-default-executor-4] INFO  server.GrpcServerProtocolService (GrpcServerProtocolService.java:onCompleted(113)) - ba66a674-5e84-4bd3-9f35-73a521070499: Completed APPEND_ENTRIES, lastRequest: a15262cf-293c-4f16-a68b-da2cb3cd04b4->ba66a674-5e84-4bd3-9f35-73a521070499#227-t3, previous=(t:3, i:0), leaderCommit=0, initializing? false, entries: <empty>
2019-09-26 16:43:48,409 [main] INFO  server.GrpcService (GrpcService.java:closeImpl(172)) - dd403047-9c6e-40b9-92d3-171c1bb28f71: shutdown server with port 45454 successfully
2019-09-26 16:43:48,409 [ForkJoinPool.commonPool-worker-0] INFO  impl.RaftServerImpl (ServerState.java:close(385)) - a15262cf-293c-4f16-a68b-da2cb3cd04b4@group-DC19A4D7286F: closes. applyIndex: 0
2019-09-26 16:43:48,410 [grpc-default-executor-4] INFO  server.GrpcLogAppender (GrpcLogAppender.java:onCompleted(293)) - a15262cf-293c-4f16-a68b-da2cb3cd04b4@group-DC19A4D7286F->ba66a674-5e84-4bd3-9f35-73a521070499-AppendLogResponseHandler: follower responses appendEntries COMPLETED
2019-09-26 16:43:48,410 [a15262cf-293c-4f16-a68b-da2cb3cd04b4@group-DC19A4D7286F-SegmentedRaftLogWorker] INFO  segmented.SegmentedRaftLogWorker (SegmentedRaftLogWorker.java:run(313)) - a15262cf-293c-4f16-a68b-da2cb3cd04b4@group-DC19A4D7286F-SegmentedRaftLogWorker was interrupted, exiting. There are 0 tasks remaining in the queue.
2019-09-26 16:43:48,409 [grpc-default-executor-3] INFO  server.GrpcLogAppender (GrpcLogAppender.java:onCompleted(293)) - a15262cf-293c-4f16-a68b-da2cb3cd04b4@group-DC19A4D7286F->289fcb57-3dc7-4202-a3b5-f15c84f9ab45-AppendLogResponseHandler: follower responses appendEntries COMPLETED
2019-09-26 16:43:48,410 [grpc-default-executor-4] INFO  impl.FollowerInfo (FollowerInfo.java:lambda$new$0(51)) - a15262cf-293c-4f16-a68b-da2cb3cd04b4@group-DC19A4D7286F->ba66a674-5e84-4bd3-9f35-73a521070499: nextIndex: updateUnconditionally 1 -> 0
2019-09-26 16:43:48,416 [grpc-default-executor-3] INFO  impl.FollowerInfo (FollowerInfo.java:lambda$new$0(51)) - a15262cf-293c-4f16-a68b-da2cb3cd04b4@group-DC19A4D7286F->289fcb57-3dc7-4202-a3b5-f15c84f9ab45: nextIndex: updateUnconditionally 1 -> 0
2019-09-26 16:43:48,415 [ForkJoinPool.commonPool-worker-0] INFO  segmented.SegmentedRaftLogWorker (SegmentedRaftLogWorker.java:close(228)) - a15262cf-293c-4f16-a68b-da2cb3cd04b4@group-DC19A4D7286F-SegmentedRaftLogWorker close()
2019-09-26 16:43:48,420 [ForkJoinPool.commonPool-worker-0] INFO  server.GrpcService (GrpcService.java:closeImpl(164)) - a15262cf-293c-4f16-a68b-da2cb3cd04b4: shutdown server with port 46487 now
2019-09-26 16:43:48,421 [ForkJoinPool.commonPool-worker-0] INFO  server.GrpcService (GrpcService.java:closeImpl(172)) - a15262cf-293c-4f16-a68b-da2cb3cd04b4: shutdown server with port 46487 successfully
2019-09-26 16:43:48,421 [refreshUsed-/workdir/hadoop-ozone/integration-test/target/test-dir/MiniOzoneClusterImpl-3c389332-0e16-4a63-91ed-68711720325b/datanode-5/data/containers] WARN  fs.CachingGetSpaceUsed (CachingGetSpaceUsed.java:run(183)) - Thread Interrupted waiting to refresh disk information: sleep interrupted
2019-09-26 16:43:48,424 [refreshUsed-/workdir/hadoop-ozone/integration-test/target/test-dir/MiniOzoneClusterImpl-3c389332-0e16-4a63-91ed-68711720325b/datanode-2/data/containers] WARN  fs.CachingGetSpaceUsed (CachingGetSpaceUsed.java:run(183)) - Thread Interrupted waiting to refresh disk information: sleep interrupted
2019-09-26 16:43:48,440 [main] INFO  utils.BackgroundService (BackgroundService.java:shutdown(148)) - Shutting down service BlockDeletingService
2019-09-26 16:43:48,448 [main] INFO  statemachine.DatanodeStateMachine (DatanodeStateMachine.java:stopDaemon(395)) - Ozone container server stopped.
2019-09-26 16:43:48,450 [main] INFO  handler.ContextHandler (ContextHandler.java:doStop(910)) - Stopped o.e.j.w.WebAppContext@14b275bd{/,null,UNAVAILABLE}{/hddsDatanode}
2019-09-26 16:43:48,450 [ForkJoinPool.commonPool-worker-0] INFO  utils.BackgroundService (BackgroundService.java:shutdown(148)) - Shutting down service BlockDeletingService
2019-09-26 16:43:48,451 [main] INFO  server.AbstractConnector (AbstractConnector.java:doStop(318)) - Stopped ServerConnector@4ed18798{HTTP/1.1,[http/1.1]}{0.0.0.0:0}
2019-09-26 16:43:48,455 [main] INFO  handler.ContextHandler (ContextHandler.java:doStop(910)) - Stopped o.e.j.s.ServletContextHandler@3830b06c{/static,jar:file:/home/user/.m2/repository/org/apache/hadoop/hadoop-hdds-container-service/0.5.0-SNAPSHOT/hadoop-hdds-container-service-0.5.0-SNAPSHOT.jar!/webapps/static,UNAVAILABLE}
2019-09-26 16:43:48,458 [ForkJoinPool.commonPool-worker-0] INFO  statemachine.DatanodeStateMachine (DatanodeStateMachine.java:stopDaemon(395)) - Ozone container server stopped.
2019-09-26 16:43:48,458 [main] INFO  handler.ContextHandler (ContextHandler.java:doStop(910)) - Stopped o.e.j.s.ServletContextHandler@73bb1337{/logs,file:///workdir/hadoop-ozone/integration-test/target/log,UNAVAILABLE}
2019-09-26 16:43:48,465 [ForkJoinPool.commonPool-worker-0] INFO  handler.ContextHandler (ContextHandler.java:doStop(910)) - Stopped o.e.j.w.WebAppContext@149274cb{/,null,UNAVAILABLE}{/hddsDatanode}
2019-09-26 16:43:48,466 [ForkJoinPool.commonPool-worker-0] INFO  server.AbstractConnector (AbstractConnector.java:doStop(318)) - Stopped ServerConnector@118acf70{HTTP/1.1,[http/1.1]}{0.0.0.0:0}
2019-09-26 16:43:48,469 [ForkJoinPool.commonPool-worker-0] INFO  handler.ContextHandler (ContextHandler.java:doStop(910)) - Stopped o.e.j.s.ServletContextHandler@195113de{/static,jar:file:/home/user/.m2/repository/org/apache/hadoop/hadoop-hdds-container-service/0.5.0-SNAPSHOT/hadoop-hdds-container-service-0.5.0-SNAPSHOT.jar!/webapps/static,UNAVAILABLE}
2019-09-26 16:43:48,471 [ForkJoinPool.commonPool-worker-0] INFO  handler.ContextHandler (ContextHandler.java:doStop(910)) - Stopped o.e.j.s.ServletContextHandler@25974207{/logs,file:///workdir/hadoop-ozone/integration-test/target/log,UNAVAILABLE}
2019-09-26 16:43:48,983 [Datanode State Machine Thread - 0] INFO  statemachine.DatanodeStateMachine (DatanodeStateMachine.java:lambda$startDaemon$0(350)) - Ozone container server started.
2019-09-26 16:43:48,984 [Datanode State Machine Thread - 0] INFO  statemachine.DatanodeStateMachine (DatanodeStateMachine.java:lambda$startDaemon$0(350)) - Ozone container server started.
2019-09-26 16:43:49,213 [Thread-6057] INFO  impl.FollowerState (FollowerState.java:run(106)) - 3837398e-557b-4755-8718-a3ecbfd2ca45:group-A9934AC8BE5F changes to CANDIDATE, lastRpcTime:1224, electionTimeout:1195ms
2019-09-26 16:43:49,213 [Thread-6057] INFO  impl.RoleInfo (RoleInfo.java:shutdownFollowerState(121)) - 3837398e-557b-4755-8718-a3ecbfd2ca45: shutdown FollowerState
2019-09-26 16:43:49,213 [Thread-6057] INFO  impl.RaftServerImpl (RaftServerImpl.java:setRole(174)) - 3837398e-557b-4755-8718-a3ecbfd2ca45@group-A9934AC8BE5F: changes role from  FOLLOWER to CANDIDATE at term 1 for changeToCandidate
2019-09-26 16:43:49,213 [Thread-6057] INFO  impl.RoleInfo (RoleInfo.java:updateAndGet(143)) - 3837398e-557b-4755-8718-a3ecbfd2ca45: start LeaderElection
2019-09-26 16:43:49,219 [3837398e-557b-4755-8718-a3ecbfd2ca45@group-A9934AC8BE5F:LeaderElection80] INFO  impl.RaftServerImpl (ServerState.java:setLeader(253)) - 3837398e-557b-4755-8718-a3ecbfd2ca45@group-A9934AC8BE5F: change Leader from dd403047-9c6e-40b9-92d3-171c1bb28f71 to null at term 1 for initElection
2019-09-26 16:43:49,234 [3837398e-557b-4755-8718-a3ecbfd2ca45@group-A9934AC8BE5F:LeaderElection80] INFO  impl.LeaderElection (LeaderElection.java:askForVotes(182)) - 3837398e-557b-4755-8718-a3ecbfd2ca45@group-A9934AC8BE5F:LeaderElection80: begin an election at term 2 for 0: [f45586a2-d7c2-4816-9720-dd343377f456:192.168.157.234:34956, dd403047-9c6e-40b9-92d3-171c1bb28f71:192.168.157.234:45454, 3837398e-557b-4755-8718-a3ecbfd2ca45:192.168.157.234:34238], old=null
2019-09-26 16:43:49,238 [3837398e-557b-4755-8718-a3ecbfd2ca45@group-A9934AC8BE5F:LeaderElection80] INFO  impl.LeaderElection (LogUtils.java:infoOrTrace(149)) - 3837398e-557b-4755-8718-a3ecbfd2ca45@group-A9934AC8BE5F:LeaderElection80 got exception when requesting votes: {}
java.util.concurrent.ExecutionException: org.apache.ratis.thirdparty.io.grpc.StatusRuntimeException: UNAVAILABLE: io exception
	at java.util.concurrent.FutureTask.report(FutureTask.java:122)
	at java.util.concurrent.FutureTask.get(FutureTask.java:192)
	at org.apache.ratis.server.impl.LeaderElection.waitForResults(LeaderElection.java:263)
	at org.apache.ratis.server.impl.LeaderElection.askForVotes(LeaderElection.java:201)
	at org.apache.ratis.server.impl.LeaderElection.run(LeaderElection.java:133)
	at java.lang.Thread.run(Thread.java:748)
Caused by: org.apache.ratis.thirdparty.io.grpc.StatusRuntimeException: UNAVAILABLE: io exception
	at org.apache.ratis.thirdparty.io.grpc.stub.ClientCalls.toStatusRuntimeException(ClientCalls.java:233)
	at org.apache.ratis.thirdparty.io.grpc.stub.ClientCalls.getUnchecked(ClientCalls.java:214)
	at org.apache.ratis.thirdparty.io.grpc.stub.ClientCalls.blockingUnaryCall(ClientCalls.java:139)
	at org.apache.ratis.proto.grpc.RaftServerProtocolServiceGrpc$RaftServerProtocolServiceBlockingStub.requestVote(RaftServerProtocolServiceGrpc.java:265)
	at org.apache.ratis.grpc.server.GrpcServerProtocolClient.requestVote(GrpcServerProtocolClient.java:90)
	at org.apache.ratis.grpc.server.GrpcService.requestVote(GrpcService.java:204)
	at org.apache.ratis.server.impl.LeaderElection.lambda$submitRequests$1(LeaderElection.java:238)
	at java.util.concurrent.FutureTask.run(FutureTask.java:266)
	at java.util.concurrent.Executors$RunnableAdapter.call(Executors.java:511)
	at java.util.concurrent.FutureTask.run(FutureTask.java:266)
	at java.util.concurrent.ThreadPoolExecutor.runWorker(ThreadPoolExecutor.java:1149)
	at java.util.concurrent.ThreadPoolExecutor$Worker.run(ThreadPoolExecutor.java:624)
	... 1 more
Caused by: org.apache.ratis.thirdparty.io.netty.channel.AbstractChannel$AnnotatedConnectException: Connection refused: /192.168.157.234:45454
	at sun.nio.ch.SocketChannelImpl.checkConnect(Native Method)
	at sun.nio.ch.SocketChannelImpl.finishConnect(SocketChannelImpl.java:717)
	at org.apache.ratis.thirdparty.io.netty.channel.socket.nio.NioSocketChannel.doFinishConnect(NioSocketChannel.java:327)
	at org.apache.ratis.thirdparty.io.netty.channel.nio.AbstractNioChannel$AbstractNioUnsafe.finishConnect(AbstractNioChannel.java:340)
	at org.apache.ratis.thirdparty.io.netty.channel.nio.NioEventLoop.processSelectedKey(NioEventLoop.java:632)
	at org.apache.ratis.thirdparty.io.netty.channel.nio.NioEventLoop.processSelectedKeysOptimized(NioEventLoop.java:579)
	at org.apache.ratis.thirdparty.io.netty.channel.nio.NioEventLoop.processSelectedKeys(NioEventLoop.java:496)
	at org.apache.ratis.thirdparty.io.netty.channel.nio.NioEventLoop.run(NioEventLoop.java:458)
	at org.apache.ratis.thirdparty.io.netty.util.concurrent.SingleThreadEventExecutor$5.run(SingleThreadEventExecutor.java:897)
	at org.apache.ratis.thirdparty.io.netty.util.concurrent.FastThreadLocalRunnable.run(FastThreadLocalRunnable.java:30)
	... 1 more
Caused by: java.net.ConnectException: Connection refused
	... 11 more
2019-09-26 16:43:49,243 [grpc-default-executor-4] INFO  impl.RaftServerImpl (ServerState.java:setLeader(253)) - f45586a2-d7c2-4816-9720-dd343377f456@group-A9934AC8BE5F: change Leader from dd403047-9c6e-40b9-92d3-171c1bb28f71 to null at term 2 for updateCurrentTerm
2019-09-26 16:43:49,243 [grpc-default-executor-4] INFO  impl.RaftServerImpl (RaftServerImpl.java:setRole(174)) - f45586a2-d7c2-4816-9720-dd343377f456@group-A9934AC8BE5F: changes role from  FOLLOWER to FOLLOWER at term 2 for recognizeCandidate:3837398e-557b-4755-8718-a3ecbfd2ca45
2019-09-26 16:43:49,244 [grpc-default-executor-4] INFO  impl.RoleInfo (RoleInfo.java:shutdownFollowerState(121)) - f45586a2-d7c2-4816-9720-dd343377f456: shutdown FollowerState
2019-09-26 16:43:49,244 [grpc-default-executor-4] INFO  impl.RoleInfo (RoleInfo.java:updateAndGet(143)) - f45586a2-d7c2-4816-9720-dd343377f456: start FollowerState
2019-09-26 16:43:49,244 [Thread-6058] INFO  impl.FollowerState (FollowerState.java:run(115)) - f45586a2-d7c2-4816-9720-dd343377f456: FollowerState was interrupted: java.lang.InterruptedException: sleep interrupted
2019-09-26 16:43:49,263 [3837398e-557b-4755-8718-a3ecbfd2ca45@group-A9934AC8BE5F:LeaderElection80] INFO  impl.LeaderElection (LeaderElection.java:logAndReturn(56)) - 3837398e-557b-4755-8718-a3ecbfd2ca45@group-A9934AC8BE5F:LeaderElection80: Election PASSED; received 1 response(s) [3837398e-557b-4755-8718-a3ecbfd2ca45<-f45586a2-d7c2-4816-9720-dd343377f456#0:OK-t2] and 1 exception(s); 3837398e-557b-4755-8718-a3ecbfd2ca45@group-A9934AC8BE5F:t2, leader=null, voted=3837398e-557b-4755-8718-a3ecbfd2ca45, raftlog=3837398e-557b-4755-8718-a3ecbfd2ca45@group-A9934AC8BE5F-SegmentedRaftLog:OPENED:c0,f0,i0, conf=0: [f45586a2-d7c2-4816-9720-dd343377f456:192.168.157.234:34956, dd403047-9c6e-40b9-92d3-171c1bb28f71:192.168.157.234:45454, 3837398e-557b-4755-8718-a3ecbfd2ca45:192.168.157.234:34238], old=null
2019-09-26 16:43:49,263 [3837398e-557b-4755-8718-a3ecbfd2ca45@group-A9934AC8BE5F:LeaderElection80] INFO  impl.LeaderElection (LogUtils.java:infoOrTrace(149)) -   Exception 0: {}
java.util.concurrent.ExecutionException: org.apache.ratis.thirdparty.io.grpc.StatusRuntimeException: UNAVAILABLE: io exception
	at java.util.concurrent.FutureTask.report(FutureTask.java:122)
	at java.util.concurrent.FutureTask.get(FutureTask.java:192)
	at org.apache.ratis.server.impl.LeaderElection.waitForResults(LeaderElection.java:263)
	at org.apache.ratis.server.impl.LeaderElection.askForVotes(LeaderElection.java:201)
	at org.apache.ratis.server.impl.LeaderElection.run(LeaderElection.java:133)
	at java.lang.Thread.run(Thread.java:748)
Caused by: org.apache.ratis.thirdparty.io.grpc.StatusRuntimeException: UNAVAILABLE: io exception
	at org.apache.ratis.thirdparty.io.grpc.stub.ClientCalls.toStatusRuntimeException(ClientCalls.java:233)
	at org.apache.ratis.thirdparty.io.grpc.stub.ClientCalls.getUnchecked(ClientCalls.java:214)
	at org.apache.ratis.thirdparty.io.grpc.stub.ClientCalls.blockingUnaryCall(ClientCalls.java:139)
	at org.apache.ratis.proto.grpc.RaftServerProtocolServiceGrpc$RaftServerProtocolServiceBlockingStub.requestVote(RaftServerProtocolServiceGrpc.java:265)
	at org.apache.ratis.grpc.server.GrpcServerProtocolClient.requestVote(GrpcServerProtocolClient.java:90)
	at org.apache.ratis.grpc.server.GrpcService.requestVote(GrpcService.java:204)
	at org.apache.ratis.server.impl.LeaderElection.lambda$submitRequests$1(LeaderElection.java:238)
	at java.util.concurrent.FutureTask.run(FutureTask.java:266)
	at java.util.concurrent.Executors$RunnableAdapter.call(Executors.java:511)
	at java.util.concurrent.FutureTask.run(FutureTask.java:266)
	at java.util.concurrent.ThreadPoolExecutor.runWorker(ThreadPoolExecutor.java:1149)
	at java.util.concurrent.ThreadPoolExecutor$Worker.run(ThreadPoolExecutor.java:624)
	... 1 more
Caused by: org.apache.ratis.thirdparty.io.netty.channel.AbstractChannel$AnnotatedConnectException: Connection refused: /192.168.157.234:45454
	at sun.nio.ch.SocketChannelImpl.checkConnect(Native Method)
	at sun.nio.ch.SocketChannelImpl.finishConnect(SocketChannelImpl.java:717)
	at org.apache.ratis.thirdparty.io.netty.channel.socket.nio.NioSocketChannel.doFinishConnect(NioSocketChannel.java:327)
	at org.apache.ratis.thirdparty.io.netty.channel.nio.AbstractNioChannel$AbstractNioUnsafe.finishConnect(AbstractNioChannel.java:340)
	at org.apache.ratis.thirdparty.io.netty.channel.nio.NioEventLoop.processSelectedKey(NioEventLoop.java:632)
	at org.apache.ratis.thirdparty.io.netty.channel.nio.NioEventLoop.processSelectedKeysOptimized(NioEventLoop.java:579)
	at org.apache.ratis.thirdparty.io.netty.channel.nio.NioEventLoop.processSelectedKeys(NioEventLoop.java:496)
	at org.apache.ratis.thirdparty.io.netty.channel.nio.NioEventLoop.run(NioEventLoop.java:458)
	at org.apache.ratis.thirdparty.io.netty.util.concurrent.SingleThreadEventExecutor$5.run(SingleThreadEventExecutor.java:897)
	at org.apache.ratis.thirdparty.io.netty.util.concurrent.FastThreadLocalRunnable.run(FastThreadLocalRunnable.java:30)
	... 1 more
Caused by: java.net.ConnectException: Connection refused
	... 11 more
2019-09-26 16:43:49,263 [3837398e-557b-4755-8718-a3ecbfd2ca45@group-A9934AC8BE5F:LeaderElection80] INFO  impl.RoleInfo (RoleInfo.java:shutdownLeaderElection(134)) - 3837398e-557b-4755-8718-a3ecbfd2ca45: shutdown LeaderElection
2019-09-26 16:43:49,263 [3837398e-557b-4755-8718-a3ecbfd2ca45@group-A9934AC8BE5F:LeaderElection80] INFO  impl.RaftServerImpl (RaftServerImpl.java:setRole(174)) - 3837398e-557b-4755-8718-a3ecbfd2ca45@group-A9934AC8BE5F: changes role from CANDIDATE to LEADER at term 2 for changeToLeader
2019-09-26 16:43:49,264 [3837398e-557b-4755-8718-a3ecbfd2ca45@group-A9934AC8BE5F:LeaderElection80] INFO  impl.RaftServerImpl (ServerState.java:setLeader(253)) - 3837398e-557b-4755-8718-a3ecbfd2ca45@group-A9934AC8BE5F: change Leader from null to 3837398e-557b-4755-8718-a3ecbfd2ca45 at term 2 for becomeLeader, leader elected after 45ms
2019-09-26 16:43:49,264 [3837398e-557b-4755-8718-a3ecbfd2ca45@group-A9934AC8BE5F:LeaderElection80] INFO  server.RaftServerConfigKeys (ConfUtils.java:logGet(43)) - raft.server.staging.catchup.gap = 1000 (default)
2019-09-26 16:43:49,264 [3837398e-557b-4755-8718-a3ecbfd2ca45@group-A9934AC8BE5F:LeaderElection80] INFO  server.RaftServerConfigKeys (ConfUtils.java:logGet(43)) - raft.server.rpc.sleep.time = 25ms (default)
2019-09-26 16:43:49,264 [3837398e-557b-4755-8718-a3ecbfd2ca45@group-A9934AC8BE5F:LeaderElection80] INFO  server.RaftServerConfigKeys (ConfUtils.java:logGet(43)) - raft.server.write.element-limit = 4096 (default)
2019-09-26 16:43:49,264 [3837398e-557b-4755-8718-a3ecbfd2ca45@group-A9934AC8BE5F:LeaderElection80] INFO  server.RaftServerConfigKeys (ConfUtils.java:logGet(43)) - raft.server.watch.timeout = 10s (default)
2019-09-26 16:43:49,265 [3837398e-557b-4755-8718-a3ecbfd2ca45@group-A9934AC8BE5F:LeaderElection80] INFO  server.RaftServerConfigKeys (ConfUtils.java:logGet(43)) - raft.server.watch.timeout.denomination = 1s (default)
2019-09-26 16:43:49,265 [3837398e-557b-4755-8718-a3ecbfd2ca45@group-A9934AC8BE5F:LeaderElection80] INFO  server.RaftServerConfigKeys (ConfUtils.java:logGet(43)) - raft.server.watch.element-limit = 65536 (default)
2019-09-26 16:43:49,268 [3837398e-557b-4755-8718-a3ecbfd2ca45@group-A9934AC8BE5F:LeaderElection80] INFO  server.RaftServerConfigKeys (ConfUtils.java:logGet(43)) - raft.server.log.appender.snapshot.chunk.size.max = 16MB (=16777216) (default)
2019-09-26 16:43:49,268 [3837398e-557b-4755-8718-a3ecbfd2ca45@group-A9934AC8BE5F:LeaderElection80] INFO  server.RaftServerConfigKeys (ConfUtils.java:logGet(43)) - raft.server.log.appender.buffer.byte-limit = 33554432 (custom)
2019-09-26 16:43:49,268 [3837398e-557b-4755-8718-a3ecbfd2ca45@group-A9934AC8BE5F:LeaderElection80] INFO  server.RaftServerConfigKeys (ConfUtils.java:logGet(43)) - raft.server.log.appender.buffer.element-limit = 1 (custom)
2019-09-26 16:43:49,269 [3837398e-557b-4755-8718-a3ecbfd2ca45@group-A9934AC8BE5F:LeaderElection80] INFO  grpc.GrpcConfigKeys$Server (ConfUtils.java:logGet(43)) - raft.grpc.server.leader.outstanding.appends.max = 128 (default)
2019-09-26 16:43:49,269 [3837398e-557b-4755-8718-a3ecbfd2ca45@group-A9934AC8BE5F:LeaderElection80] INFO  server.RaftServerConfigKeys (ConfUtils.java:logGet(43)) - raft.server.rpc.request.timeout = 3000ms (default)
2019-09-26 16:43:49,269 [3837398e-557b-4755-8718-a3ecbfd2ca45@group-A9934AC8BE5F:LeaderElection80] INFO  server.RaftServerConfigKeys (ConfUtils.java:logGet(43)) - raft.server.log.appender.install.snapshot.enabled = false (custom)
2019-09-26 16:43:49,269 [3837398e-557b-4755-8718-a3ecbfd2ca45@group-A9934AC8BE5F:LeaderElection80] INFO  server.RaftServerConfigKeys (ConfUtils.java:logGet(43)) - raft.server.log.appender.snapshot.chunk.size.max = 16MB (=16777216) (default)
2019-09-26 16:43:49,270 [3837398e-557b-4755-8718-a3ecbfd2ca45@group-A9934AC8BE5F:LeaderElection80] INFO  server.RaftServerConfigKeys (ConfUtils.java:logGet(43)) - raft.server.log.appender.buffer.byte-limit = 33554432 (custom)
2019-09-26 16:43:49,270 [3837398e-557b-4755-8718-a3ecbfd2ca45@group-A9934AC8BE5F:LeaderElection80] INFO  server.RaftServerConfigKeys (ConfUtils.java:logGet(43)) - raft.server.log.appender.buffer.element-limit = 1 (custom)
2019-09-26 16:43:49,270 [3837398e-557b-4755-8718-a3ecbfd2ca45@group-A9934AC8BE5F:LeaderElection80] INFO  grpc.GrpcConfigKeys$Server (ConfUtils.java:logGet(43)) - raft.grpc.server.leader.outstanding.appends.max = 128 (default)
2019-09-26 16:43:49,270 [3837398e-557b-4755-8718-a3ecbfd2ca45@group-A9934AC8BE5F:LeaderElection80] INFO  server.RaftServerConfigKeys (ConfUtils.java:logGet(43)) - raft.server.rpc.request.timeout = 3000ms (default)
2019-09-26 16:43:49,270 [3837398e-557b-4755-8718-a3ecbfd2ca45@group-A9934AC8BE5F:LeaderElection80] INFO  server.RaftServerConfigKeys (ConfUtils.java:logGet(43)) - raft.server.log.appender.install.snapshot.enabled = false (custom)
2019-09-26 16:43:49,271 [3837398e-557b-4755-8718-a3ecbfd2ca45@group-A9934AC8BE5F:LeaderElection80] INFO  impl.RoleInfo (RoleInfo.java:updateAndGet(143)) - 3837398e-557b-4755-8718-a3ecbfd2ca45: start LeaderState
2019-09-26 16:43:49,272 [3837398e-557b-4755-8718-a3ecbfd2ca45@group-A9934AC8BE5F:LeaderElection80] INFO  segmented.SegmentedRaftLogWorker (SegmentedRaftLogWorker.java:rollLogSegment(385)) - 3837398e-557b-4755-8718-a3ecbfd2ca45@group-A9934AC8BE5F-SegmentedRaftLogWorker: Rolling segment log-0_0 to index:0
2019-09-26 16:43:49,276 [3837398e-557b-4755-8718-a3ecbfd2ca45@group-A9934AC8BE5F-SegmentedRaftLogWorker] INFO  segmented.SegmentedRaftLogWorker (SegmentedRaftLogWorker.java:execute(526)) - 3837398e-557b-4755-8718-a3ecbfd2ca45@group-A9934AC8BE5F-SegmentedRaftLogWorker: Rolled log segment from /workdir/hadoop-ozone/integration-test/target/test-dir/MiniOzoneClusterImpl-3c389332-0e16-4a63-91ed-68711720325b/datanode-9/data/ratis/0cfb7892-43b8-47a5-b2e1-a9934ac8be5f/current/log_inprogress_0 to /workdir/hadoop-ozone/integration-test/target/test-dir/MiniOzoneClusterImpl-3c389332-0e16-4a63-91ed-68711720325b/datanode-9/data/ratis/0cfb7892-43b8-47a5-b2e1-a9934ac8be5f/current/log_0-0
2019-09-26 16:43:49,286 [3837398e-557b-4755-8718-a3ecbfd2ca45@group-A9934AC8BE5F:LeaderElection80] INFO  impl.RaftServerImpl (ServerState.java:setRaftConf(354)) - 3837398e-557b-4755-8718-a3ecbfd2ca45@group-A9934AC8BE5F: set configuration 1: [f45586a2-d7c2-4816-9720-dd343377f456:192.168.157.234:34956, dd403047-9c6e-40b9-92d3-171c1bb28f71:192.168.157.234:45454, 3837398e-557b-4755-8718-a3ecbfd2ca45:192.168.157.234:34238], old=null at 1
2019-09-26 16:43:49,287 [grpc-default-executor-4] WARN  server.GrpcLogAppender (LogUtils.java:warn(134)) - 3837398e-557b-4755-8718-a3ecbfd2ca45@group-A9934AC8BE5F->dd403047-9c6e-40b9-92d3-171c1bb28f71-AppendLogResponseHandler: Failed appendEntries: org.apache.ratis.thirdparty.io.grpc.StatusRuntimeException: UNAVAILABLE: io exception
2019-09-26 16:43:49,287 [grpc-default-executor-3] INFO  impl.RaftServerImpl (ServerState.java:setLeader(253)) - f45586a2-d7c2-4816-9720-dd343377f456@group-A9934AC8BE5F: change Leader from null to 3837398e-557b-4755-8718-a3ecbfd2ca45 at term 2 for appendEntries, leader elected after 44ms
2019-09-26 16:43:49,302 [grpc-default-executor-4] INFO  impl.FollowerInfo (FollowerInfo.java:lambda$new$0(51)) - 3837398e-557b-4755-8718-a3ecbfd2ca45@group-A9934AC8BE5F->dd403047-9c6e-40b9-92d3-171c1bb28f71: nextIndex: updateUnconditionally 1 -> 0
2019-09-26 16:43:49,307 [grpc-default-executor-4] INFO  impl.RaftServerImpl (ServerState.java:setRaftConf(354)) - f45586a2-d7c2-4816-9720-dd343377f456@group-A9934AC8BE5F: set configuration 1: [f45586a2-d7c2-4816-9720-dd343377f456:192.168.157.234:34956, dd403047-9c6e-40b9-92d3-171c1bb28f71:192.168.157.234:45454, 3837398e-557b-4755-8718-a3ecbfd2ca45:192.168.157.234:34238], old=null at 1
2019-09-26 16:43:49,308 [grpc-default-executor-4] INFO  segmented.SegmentedRaftLogWorker (SegmentedRaftLogWorker.java:rollLogSegment(385)) - f45586a2-d7c2-4816-9720-dd343377f456@group-A9934AC8BE5F-SegmentedRaftLogWorker: Rolling segment log-0_0 to index:0
2019-09-26 16:43:49,308 [f45586a2-d7c2-4816-9720-dd343377f456@group-A9934AC8BE5F-SegmentedRaftLogWorker] INFO  segmented.SegmentedRaftLogWorker (SegmentedRaftLogWorker.java:execute(526)) - f45586a2-d7c2-4816-9720-dd343377f456@group-A9934AC8BE5F-SegmentedRaftLogWorker: Rolled log segment from /workdir/hadoop-ozone/integration-test/target/test-dir/MiniOzoneClusterImpl-3c389332-0e16-4a63-91ed-68711720325b/datanode-8/data/ratis/0cfb7892-43b8-47a5-b2e1-a9934ac8be5f/current/log_inprogress_0 to /workdir/hadoop-ozone/integration-test/target/test-dir/MiniOzoneClusterImpl-3c389332-0e16-4a63-91ed-68711720325b/datanode-8/data/ratis/0cfb7892-43b8-47a5-b2e1-a9934ac8be5f/current/log_0-0
2019-09-26 16:43:49,314 [3837398e-557b-4755-8718-a3ecbfd2ca45@group-A9934AC8BE5F-SegmentedRaftLogWorker] INFO  segmented.SegmentedRaftLogWorker (SegmentedRaftLogWorker.java:execute(569)) - 3837398e-557b-4755-8718-a3ecbfd2ca45@group-A9934AC8BE5F-SegmentedRaftLogWorker: created new log segment /workdir/hadoop-ozone/integration-test/target/test-dir/MiniOzoneClusterImpl-3c389332-0e16-4a63-91ed-68711720325b/datanode-9/data/ratis/0cfb7892-43b8-47a5-b2e1-a9934ac8be5f/current/log_inprogress_1
2019-09-26 16:43:49,358 [f45586a2-d7c2-4816-9720-dd343377f456@group-A9934AC8BE5F-SegmentedRaftLogWorker] INFO  segmented.SegmentedRaftLogWorker (SegmentedRaftLogWorker.java:execute(569)) - f45586a2-d7c2-4816-9720-dd343377f456@group-A9934AC8BE5F-SegmentedRaftLogWorker: created new log segment /workdir/hadoop-ozone/integration-test/target/test-dir/MiniOzoneClusterImpl-3c389332-0e16-4a63-91ed-68711720325b/datanode-8/data/ratis/0cfb7892-43b8-47a5-b2e1-a9934ac8be5f/current/log_inprogress_1
2019-09-26 16:43:49,383 [grpc-default-executor-3] WARN  server.GrpcLogAppender (LogUtils.java:warn(134)) - 3837398e-557b-4755-8718-a3ecbfd2ca45@group-A9934AC8BE5F->dd403047-9c6e-40b9-92d3-171c1bb28f71-AppendLogResponseHandler: Failed appendEntries: org.apache.ratis.thirdparty.io.grpc.StatusRuntimeException: UNAVAILABLE: io exception
2019-09-26 16:43:49,384 [grpc-default-executor-3] INFO  impl.FollowerInfo (FollowerInfo.java:lambda$new$0(51)) - 3837398e-557b-4755-8718-a3ecbfd2ca45@group-A9934AC8BE5F->dd403047-9c6e-40b9-92d3-171c1bb28f71: nextIndex: updateUnconditionally 1 -> 0
2019-09-26 16:43:49,389 [grpc-default-executor-1] WARN  server.GrpcLogAppender (LogUtils.java:warn(134)) - 3837398e-557b-4755-8718-a3ecbfd2ca45@group-A9934AC8BE5F->dd403047-9c6e-40b9-92d3-171c1bb28f71-AppendLogResponseHandler: Failed appendEntries: org.apache.ratis.thirdparty.io.grpc.StatusRuntimeException: UNAVAILABLE: io exception
2019-09-26 16:43:49,389 [grpc-default-executor-1] INFO  impl.FollowerInfo (FollowerInfo.java:lambda$new$0(51)) - 3837398e-557b-4755-8718-a3ecbfd2ca45@group-A9934AC8BE5F->dd403047-9c6e-40b9-92d3-171c1bb28f71: nextIndex: updateUnconditionally 1 -> 0
2019-09-26 16:43:49,577 [Thread-6077] INFO  impl.FollowerState (FollowerState.java:run(106)) - 289fcb57-3dc7-4202-a3b5-f15c84f9ab45:group-DC19A4D7286F changes to CANDIDATE, lastRpcTime:1589, electionTimeout:1105ms
2019-09-26 16:43:49,577 [Thread-6077] INFO  impl.RoleInfo (RoleInfo.java:shutdownFollowerState(121)) - 289fcb57-3dc7-4202-a3b5-f15c84f9ab45: shutdown FollowerState
2019-09-26 16:43:49,578 [Thread-6077] INFO  impl.RaftServerImpl (RaftServerImpl.java:setRole(174)) - 289fcb57-3dc7-4202-a3b5-f15c84f9ab45@group-DC19A4D7286F: changes role from  FOLLOWER to CANDIDATE at term 3 for changeToCandidate
2019-09-26 16:43:49,579 [Thread-6077] INFO  impl.RoleInfo (RoleInfo.java:updateAndGet(143)) - 289fcb57-3dc7-4202-a3b5-f15c84f9ab45: start LeaderElection
2019-09-26 16:43:49,584 [289fcb57-3dc7-4202-a3b5-f15c84f9ab45@group-DC19A4D7286F:LeaderElection81] INFO  impl.RaftServerImpl (ServerState.java:setLeader(253)) - 289fcb57-3dc7-4202-a3b5-f15c84f9ab45@group-DC19A4D7286F: change Leader from a15262cf-293c-4f16-a68b-da2cb3cd04b4 to null at term 3 for initElection
2019-09-26 16:43:49,601 [289fcb57-3dc7-4202-a3b5-f15c84f9ab45@group-DC19A4D7286F:LeaderElection81] INFO  impl.LeaderElection (LeaderElection.java:askForVotes(182)) - 289fcb57-3dc7-4202-a3b5-f15c84f9ab45@group-DC19A4D7286F:LeaderElection81: begin an election at term 4 for 0: [ba66a674-5e84-4bd3-9f35-73a521070499:192.168.157.234:37282, 289fcb57-3dc7-4202-a3b5-f15c84f9ab45:192.168.157.234:45955, a15262cf-293c-4f16-a68b-da2cb3cd04b4:192.168.157.234:46487], old=null
2019-09-26 16:43:49,604 [289fcb57-3dc7-4202-a3b5-f15c84f9ab45@group-DC19A4D7286F:LeaderElection81] INFO  impl.LeaderElection (LogUtils.java:infoOrTrace(149)) - 289fcb57-3dc7-4202-a3b5-f15c84f9ab45@group-DC19A4D7286F:LeaderElection81 got exception when requesting votes: {}
java.util.concurrent.ExecutionException: org.apache.ratis.thirdparty.io.grpc.StatusRuntimeException: UNAVAILABLE: io exception
	at java.util.concurrent.FutureTask.report(FutureTask.java:122)
	at java.util.concurrent.FutureTask.get(FutureTask.java:192)
	at org.apache.ratis.server.impl.LeaderElection.waitForResults(LeaderElection.java:263)
	at org.apache.ratis.server.impl.LeaderElection.askForVotes(LeaderElection.java:201)
	at org.apache.ratis.server.impl.LeaderElection.run(LeaderElection.java:133)
	at java.lang.Thread.run(Thread.java:748)
Caused by: org.apache.ratis.thirdparty.io.grpc.StatusRuntimeException: UNAVAILABLE: io exception
	at org.apache.ratis.thirdparty.io.grpc.stub.ClientCalls.toStatusRuntimeException(ClientCalls.java:233)
	at org.apache.ratis.thirdparty.io.grpc.stub.ClientCalls.getUnchecked(ClientCalls.java:214)
	at org.apache.ratis.thirdparty.io.grpc.stub.ClientCalls.blockingUnaryCall(ClientCalls.java:139)
	at org.apache.ratis.proto.grpc.RaftServerProtocolServiceGrpc$RaftServerProtocolServiceBlockingStub.requestVote(RaftServerProtocolServiceGrpc.java:265)
	at org.apache.ratis.grpc.server.GrpcServerProtocolClient.requestVote(GrpcServerProtocolClient.java:90)
	at org.apache.ratis.grpc.server.GrpcService.requestVote(GrpcService.java:204)
	at org.apache.ratis.server.impl.LeaderElection.lambda$submitRequests$1(LeaderElection.java:238)
	at java.util.concurrent.FutureTask.run(FutureTask.java:266)
	at java.util.concurrent.Executors$RunnableAdapter.call(Executors.java:511)
	at java.util.concurrent.FutureTask.run(FutureTask.java:266)
	at java.util.concurrent.ThreadPoolExecutor.runWorker(ThreadPoolExecutor.java:1149)
	at java.util.concurrent.ThreadPoolExecutor$Worker.run(ThreadPoolExecutor.java:624)
	... 1 more
Caused by: org.apache.ratis.thirdparty.io.netty.channel.AbstractChannel$AnnotatedConnectException: Connection refused: /192.168.157.234:46487
	at sun.nio.ch.SocketChannelImpl.checkConnect(Native Method)
	at sun.nio.ch.SocketChannelImpl.finishConnect(SocketChannelImpl.java:717)
	at org.apache.ratis.thirdparty.io.netty.channel.socket.nio.NioSocketChannel.doFinishConnect(NioSocketChannel.java:327)
	at org.apache.ratis.thirdparty.io.netty.channel.nio.AbstractNioChannel$AbstractNioUnsafe.finishConnect(AbstractNioChannel.java:340)
	at org.apache.ratis.thirdparty.io.netty.channel.nio.NioEventLoop.processSelectedKey(NioEventLoop.java:632)
	at org.apache.ratis.thirdparty.io.netty.channel.nio.NioEventLoop.processSelectedKeysOptimized(NioEventLoop.java:579)
	at org.apache.ratis.thirdparty.io.netty.channel.nio.NioEventLoop.processSelectedKeys(NioEventLoop.java:496)
	at org.apache.ratis.thirdparty.io.netty.channel.nio.NioEventLoop.run(NioEventLoop.java:458)
	at org.apache.ratis.thirdparty.io.netty.util.concurrent.SingleThreadEventExecutor$5.run(SingleThreadEventExecutor.java:897)
	at org.apache.ratis.thirdparty.io.netty.util.concurrent.FastThreadLocalRunnable.run(FastThreadLocalRunnable.java:30)
	... 1 more
Caused by: java.net.ConnectException: Connection refused
	... 11 more
2019-09-26 16:43:49,609 [grpc-default-executor-1] INFO  impl.RaftServerImpl (ServerState.java:setLeader(253)) - ba66a674-5e84-4bd3-9f35-73a521070499@group-DC19A4D7286F: change Leader from a15262cf-293c-4f16-a68b-da2cb3cd04b4 to null at term 4 for updateCurrentTerm
2019-09-26 16:43:49,609 [grpc-default-executor-1] INFO  impl.RaftServerImpl (RaftServerImpl.java:setRole(174)) - ba66a674-5e84-4bd3-9f35-73a521070499@group-DC19A4D7286F: changes role from  FOLLOWER to FOLLOWER at term 4 for recognizeCandidate:289fcb57-3dc7-4202-a3b5-f15c84f9ab45
2019-09-26 16:43:49,610 [grpc-default-executor-1] INFO  impl.RoleInfo (RoleInfo.java:shutdownFollowerState(121)) - ba66a674-5e84-4bd3-9f35-73a521070499: shutdown FollowerState
2019-09-26 16:43:49,610 [grpc-default-executor-1] INFO  impl.RoleInfo (RoleInfo.java:updateAndGet(143)) - ba66a674-5e84-4bd3-9f35-73a521070499: start FollowerState
2019-09-26 16:43:49,610 [Thread-6078] INFO  impl.FollowerState (FollowerState.java:run(115)) - ba66a674-5e84-4bd3-9f35-73a521070499: FollowerState was interrupted: java.lang.InterruptedException: sleep interrupted
2019-09-26 16:43:49,630 [289fcb57-3dc7-4202-a3b5-f15c84f9ab45@group-DC19A4D7286F:LeaderElection81] INFO  impl.LeaderElection (LeaderElection.java:logAndReturn(56)) - 289fcb57-3dc7-4202-a3b5-f15c84f9ab45@group-DC19A4D7286F:LeaderElection81: Election PASSED; received 1 response(s) [289fcb57-3dc7-4202-a3b5-f15c84f9ab45<-ba66a674-5e84-4bd3-9f35-73a521070499#0:OK-t4] and 1 exception(s); 289fcb57-3dc7-4202-a3b5-f15c84f9ab45@group-DC19A4D7286F:t4, leader=null, voted=289fcb57-3dc7-4202-a3b5-f15c84f9ab45, raftlog=289fcb57-3dc7-4202-a3b5-f15c84f9ab45@group-DC19A4D7286F-SegmentedRaftLog:OPENED:c0,f0,i0, conf=0: [ba66a674-5e84-4bd3-9f35-73a521070499:192.168.157.234:37282, 289fcb57-3dc7-4202-a3b5-f15c84f9ab45:192.168.157.234:45955, a15262cf-293c-4f16-a68b-da2cb3cd04b4:192.168.157.234:46487], old=null
2019-09-26 16:43:49,631 [289fcb57-3dc7-4202-a3b5-f15c84f9ab45@group-DC19A4D7286F:LeaderElection81] INFO  impl.LeaderElection (LogUtils.java:infoOrTrace(149)) -   Exception 0: {}
java.util.concurrent.ExecutionException: org.apache.ratis.thirdparty.io.grpc.StatusRuntimeException: UNAVAILABLE: io exception
	at java.util.concurrent.FutureTask.report(FutureTask.java:122)
	at java.util.concurrent.FutureTask.get(FutureTask.java:192)
	at org.apache.ratis.server.impl.LeaderElection.waitForResults(LeaderElection.java:263)
	at org.apache.ratis.server.impl.LeaderElection.askForVotes(LeaderElection.java:201)
	at org.apache.ratis.server.impl.LeaderElection.run(LeaderElection.java:133)
	at java.lang.Thread.run(Thread.java:748)
Caused by: org.apache.ratis.thirdparty.io.grpc.StatusRuntimeException: UNAVAILABLE: io exception
	at org.apache.ratis.thirdparty.io.grpc.stub.ClientCalls.toStatusRuntimeException(ClientCalls.java:233)
	at org.apache.ratis.thirdparty.io.grpc.stub.ClientCalls.getUnchecked(ClientCalls.java:214)
	at org.apache.ratis.thirdparty.io.grpc.stub.ClientCalls.blockingUnaryCall(ClientCalls.java:139)
	at org.apache.ratis.proto.grpc.RaftServerProtocolServiceGrpc$RaftServerProtocolServiceBlockingStub.requestVote(RaftServerProtocolServiceGrpc.java:265)
	at org.apache.ratis.grpc.server.GrpcServerProtocolClient.requestVote(GrpcServerProtocolClient.java:90)
	at org.apache.ratis.grpc.server.GrpcService.requestVote(GrpcService.java:204)
	at org.apache.ratis.server.impl.LeaderElection.lambda$submitRequests$1(LeaderElection.java:238)
	at java.util.concurrent.FutureTask.run(FutureTask.java:266)
	at java.util.concurrent.Executors$RunnableAdapter.call(Executors.java:511)
	at java.util.concurrent.FutureTask.run(FutureTask.java:266)
	at java.util.concurrent.ThreadPoolExecutor.runWorker(ThreadPoolExecutor.java:1149)
	at java.util.concurrent.ThreadPoolExecutor$Worker.run(ThreadPoolExecutor.java:624)
	... 1 more
Caused by: org.apache.ratis.thirdparty.io.netty.channel.AbstractChannel$AnnotatedConnectException: Connection refused: /192.168.157.234:46487
	at sun.nio.ch.SocketChannelImpl.checkConnect(Native Method)
	at sun.nio.ch.SocketChannelImpl.finishConnect(SocketChannelImpl.java:717)
	at org.apache.ratis.thirdparty.io.netty.channel.socket.nio.NioSocketChannel.doFinishConnect(NioSocketChannel.java:327)
	at org.apache.ratis.thirdparty.io.netty.channel.nio.AbstractNioChannel$AbstractNioUnsafe.finishConnect(AbstractNioChannel.java:340)
	at org.apache.ratis.thirdparty.io.netty.channel.nio.NioEventLoop.processSelectedKey(NioEventLoop.java:632)
	at org.apache.ratis.thirdparty.io.netty.channel.nio.NioEventLoop.processSelectedKeysOptimized(NioEventLoop.java:579)
	at org.apache.ratis.thirdparty.io.netty.channel.nio.NioEventLoop.processSelectedKeys(NioEventLoop.java:496)
	at org.apache.ratis.thirdparty.io.netty.channel.nio.NioEventLoop.run(NioEventLoop.java:458)
	at org.apache.ratis.thirdparty.io.netty.util.concurrent.SingleThreadEventExecutor$5.run(SingleThreadEventExecutor.java:897)
	at org.apache.ratis.thirdparty.io.netty.util.concurrent.FastThreadLocalRunnable.run(FastThreadLocalRunnable.java:30)
	... 1 more
Caused by: java.net.ConnectException: Connection refused
	... 11 more
2019-09-26 16:43:49,631 [289fcb57-3dc7-4202-a3b5-f15c84f9ab45@group-DC19A4D7286F:LeaderElection81] INFO  impl.RoleInfo (RoleInfo.java:shutdownLeaderElection(134)) - 289fcb57-3dc7-4202-a3b5-f15c84f9ab45: shutdown LeaderElection
2019-09-26 16:43:49,631 [289fcb57-3dc7-4202-a3b5-f15c84f9ab45@group-DC19A4D7286F:LeaderElection81] INFO  impl.RaftServerImpl (RaftServerImpl.java:setRole(174)) - 289fcb57-3dc7-4202-a3b5-f15c84f9ab45@group-DC19A4D7286F: changes role from CANDIDATE to LEADER at term 4 for changeToLeader
2019-09-26 16:43:49,631 [289fcb57-3dc7-4202-a3b5-f15c84f9ab45@group-DC19A4D7286F:LeaderElection81] INFO  impl.RaftServerImpl (ServerState.java:setLeader(253)) - 289fcb57-3dc7-4202-a3b5-f15c84f9ab45@group-DC19A4D7286F: change Leader from null to 289fcb57-3dc7-4202-a3b5-f15c84f9ab45 at term 4 for becomeLeader, leader elected after 47ms
2019-09-26 16:43:49,631 [289fcb57-3dc7-4202-a3b5-f15c84f9ab45@group-DC19A4D7286F:LeaderElection81] INFO  server.RaftServerConfigKeys (ConfUtils.java:logGet(43)) - raft.server.staging.catchup.gap = 1000 (default)
2019-09-26 16:43:49,632 [289fcb57-3dc7-4202-a3b5-f15c84f9ab45@group-DC19A4D7286F:LeaderElection81] INFO  server.RaftServerConfigKeys (ConfUtils.java:logGet(43)) - raft.server.rpc.sleep.time = 25ms (default)
2019-09-26 16:43:49,632 [289fcb57-3dc7-4202-a3b5-f15c84f9ab45@group-DC19A4D7286F:LeaderElection81] INFO  server.RaftServerConfigKeys (ConfUtils.java:logGet(43)) - raft.server.write.element-limit = 4096 (default)
2019-09-26 16:43:49,632 [289fcb57-3dc7-4202-a3b5-f15c84f9ab45@group-DC19A4D7286F:LeaderElection81] INFO  server.RaftServerConfigKeys (ConfUtils.java:logGet(43)) - raft.server.watch.timeout = 10s (default)
2019-09-26 16:43:49,632 [289fcb57-3dc7-4202-a3b5-f15c84f9ab45@group-DC19A4D7286F:LeaderElection81] INFO  server.RaftServerConfigKeys (ConfUtils.java:logGet(43)) - raft.server.watch.timeout.denomination = 1s (default)
2019-09-26 16:43:49,632 [289fcb57-3dc7-4202-a3b5-f15c84f9ab45@group-DC19A4D7286F:LeaderElection81] INFO  server.RaftServerConfigKeys (ConfUtils.java:logGet(43)) - raft.server.watch.element-limit = 65536 (default)
2019-09-26 16:43:49,634 [289fcb57-3dc7-4202-a3b5-f15c84f9ab45@group-DC19A4D7286F:LeaderElection81] INFO  server.RaftServerConfigKeys (ConfUtils.java:logGet(43)) - raft.server.log.appender.snapshot.chunk.size.max = 16MB (=16777216) (default)
2019-09-26 16:43:49,634 [289fcb57-3dc7-4202-a3b5-f15c84f9ab45@group-DC19A4D7286F:LeaderElection81] INFO  server.RaftServerConfigKeys (ConfUtils.java:logGet(43)) - raft.server.log.appender.buffer.byte-limit = 33554432 (custom)
2019-09-26 16:43:49,634 [289fcb57-3dc7-4202-a3b5-f15c84f9ab45@group-DC19A4D7286F:LeaderElection81] INFO  server.RaftServerConfigKeys (ConfUtils.java:logGet(43)) - raft.server.log.appender.buffer.element-limit = 1 (custom)
2019-09-26 16:43:49,635 [289fcb57-3dc7-4202-a3b5-f15c84f9ab45@group-DC19A4D7286F:LeaderElection81] INFO  grpc.GrpcConfigKeys$Server (ConfUtils.java:logGet(43)) - raft.grpc.server.leader.outstanding.appends.max = 128 (default)
2019-09-26 16:43:49,635 [289fcb57-3dc7-4202-a3b5-f15c84f9ab45@group-DC19A4D7286F:LeaderElection81] INFO  server.RaftServerConfigKeys (ConfUtils.java:logGet(43)) - raft.server.rpc.request.timeout = 3000ms (default)
2019-09-26 16:43:49,635 [289fcb57-3dc7-4202-a3b5-f15c84f9ab45@group-DC19A4D7286F:LeaderElection81] INFO  server.RaftServerConfigKeys (ConfUtils.java:logGet(43)) - raft.server.log.appender.install.snapshot.enabled = false (custom)
2019-09-26 16:43:49,635 [289fcb57-3dc7-4202-a3b5-f15c84f9ab45@group-DC19A4D7286F:LeaderElection81] INFO  server.RaftServerConfigKeys (ConfUtils.java:logGet(43)) - raft.server.log.appender.snapshot.chunk.size.max = 16MB (=16777216) (default)
2019-09-26 16:43:49,635 [289fcb57-3dc7-4202-a3b5-f15c84f9ab45@group-DC19A4D7286F:LeaderElection81] INFO  server.RaftServerConfigKeys (ConfUtils.java:logGet(43)) - raft.server.log.appender.buffer.byte-limit = 33554432 (custom)
2019-09-26 16:43:49,635 [289fcb57-3dc7-4202-a3b5-f15c84f9ab45@group-DC19A4D7286F:LeaderElection81] INFO  server.RaftServerConfigKeys (ConfUtils.java:logGet(43)) - raft.server.log.appender.buffer.element-limit = 1 (custom)
2019-09-26 16:43:49,636 [289fcb57-3dc7-4202-a3b5-f15c84f9ab45@group-DC19A4D7286F:LeaderElection81] INFO  grpc.GrpcConfigKeys$Server (ConfUtils.java:logGet(43)) - raft.grpc.server.leader.outstanding.appends.max = 128 (default)
2019-09-26 16:43:49,636 [289fcb57-3dc7-4202-a3b5-f15c84f9ab45@group-DC19A4D7286F:LeaderElection81] INFO  server.RaftServerConfigKeys (ConfUtils.java:logGet(43)) - raft.server.rpc.request.timeout = 3000ms (default)
2019-09-26 16:43:49,636 [289fcb57-3dc7-4202-a3b5-f15c84f9ab45@group-DC19A4D7286F:LeaderElection81] INFO  server.RaftServerConfigKeys (ConfUtils.java:logGet(43)) - raft.server.log.appender.install.snapshot.enabled = false (custom)
2019-09-26 16:43:49,636 [289fcb57-3dc7-4202-a3b5-f15c84f9ab45@group-DC19A4D7286F:LeaderElection81] INFO  impl.RoleInfo (RoleInfo.java:updateAndGet(143)) - 289fcb57-3dc7-4202-a3b5-f15c84f9ab45: start LeaderState
2019-09-26 16:43:49,636 [289fcb57-3dc7-4202-a3b5-f15c84f9ab45@group-DC19A4D7286F:LeaderElection81] INFO  segmented.SegmentedRaftLogWorker (SegmentedRaftLogWorker.java:rollLogSegment(385)) - 289fcb57-3dc7-4202-a3b5-f15c84f9ab45@group-DC19A4D7286F-SegmentedRaftLogWorker: Rolling segment log-0_0 to index:0
2019-09-26 16:43:49,637 [289fcb57-3dc7-4202-a3b5-f15c84f9ab45@group-DC19A4D7286F-SegmentedRaftLogWorker] INFO  segmented.SegmentedRaftLogWorker (SegmentedRaftLogWorker.java:execute(526)) - 289fcb57-3dc7-4202-a3b5-f15c84f9ab45@group-DC19A4D7286F-SegmentedRaftLogWorker: Rolled log segment from /workdir/hadoop-ozone/integration-test/target/test-dir/MiniOzoneClusterImpl-3c389332-0e16-4a63-91ed-68711720325b/datanode-6/data/ratis/f8fa533e-4fc3-4d2c-9c60-dc19a4d7286f/current/log_inprogress_0 to /workdir/hadoop-ozone/integration-test/target/test-dir/MiniOzoneClusterImpl-3c389332-0e16-4a63-91ed-68711720325b/datanode-6/data/ratis/f8fa533e-4fc3-4d2c-9c60-dc19a4d7286f/current/log_0-0
2019-09-26 16:43:49,640 [289fcb57-3dc7-4202-a3b5-f15c84f9ab45@group-DC19A4D7286F:LeaderElection81] INFO  impl.RaftServerImpl (ServerState.java:setRaftConf(354)) - 289fcb57-3dc7-4202-a3b5-f15c84f9ab45@group-DC19A4D7286F: set configuration 1: [ba66a674-5e84-4bd3-9f35-73a521070499:192.168.157.234:37282, 289fcb57-3dc7-4202-a3b5-f15c84f9ab45:192.168.157.234:45955, a15262cf-293c-4f16-a68b-da2cb3cd04b4:192.168.157.234:46487], old=null at 1
2019-09-26 16:43:49,640 [grpc-default-executor-1] WARN  server.GrpcLogAppender (LogUtils.java:warn(134)) - 289fcb57-3dc7-4202-a3b5-f15c84f9ab45@group-DC19A4D7286F->a15262cf-293c-4f16-a68b-da2cb3cd04b4-AppendLogResponseHandler: Failed appendEntries: org.apache.ratis.thirdparty.io.grpc.StatusRuntimeException: UNAVAILABLE: io exception
2019-09-26 16:43:49,675 [grpc-default-executor-1] INFO  impl.FollowerInfo (FollowerInfo.java:lambda$new$0(51)) - 289fcb57-3dc7-4202-a3b5-f15c84f9ab45@group-DC19A4D7286F->a15262cf-293c-4f16-a68b-da2cb3cd04b4: nextIndex: updateUnconditionally 1 -> 0
2019-09-26 16:43:49,676 [grpc-default-executor-3] INFO  impl.RaftServerImpl (ServerState.java:setLeader(253)) - ba66a674-5e84-4bd3-9f35-73a521070499@group-DC19A4D7286F: change Leader from null to 289fcb57-3dc7-4202-a3b5-f15c84f9ab45 at term 4 for appendEntries, leader elected after 66ms
2019-09-26 16:43:49,678 [grpc-default-executor-3] INFO  impl.RaftServerImpl (ServerState.java:setRaftConf(354)) - ba66a674-5e84-4bd3-9f35-73a521070499@group-DC19A4D7286F: set configuration 1: [ba66a674-5e84-4bd3-9f35-73a521070499:192.168.157.234:37282, 289fcb57-3dc7-4202-a3b5-f15c84f9ab45:192.168.157.234:45955, a15262cf-293c-4f16-a68b-da2cb3cd04b4:192.168.157.234:46487], old=null at 1
2019-09-26 16:43:49,678 [grpc-default-executor-3] INFO  segmented.SegmentedRaftLogWorker (SegmentedRaftLogWorker.java:rollLogSegment(385)) - ba66a674-5e84-4bd3-9f35-73a521070499@group-DC19A4D7286F-SegmentedRaftLogWorker: Rolling segment log-0_0 to index:0
2019-09-26 16:43:49,678 [ba66a674-5e84-4bd3-9f35-73a521070499@group-DC19A4D7286F-SegmentedRaftLogWorker] INFO  segmented.SegmentedRaftLogWorker (SegmentedRaftLogWorker.java:execute(526)) - ba66a674-5e84-4bd3-9f35-73a521070499@group-DC19A4D7286F-SegmentedRaftLogWorker: Rolled log segment from /workdir/hadoop-ozone/integration-test/target/test-dir/MiniOzoneClusterImpl-3c389332-0e16-4a63-91ed-68711720325b/datanode-3/data/ratis/f8fa533e-4fc3-4d2c-9c60-dc19a4d7286f/current/log_inprogress_0 to /workdir/hadoop-ozone/integration-test/target/test-dir/MiniOzoneClusterImpl-3c389332-0e16-4a63-91ed-68711720325b/datanode-3/data/ratis/f8fa533e-4fc3-4d2c-9c60-dc19a4d7286f/current/log_0-0
2019-09-26 16:43:49,689 [289fcb57-3dc7-4202-a3b5-f15c84f9ab45@group-DC19A4D7286F-SegmentedRaftLogWorker] INFO  segmented.SegmentedRaftLogWorker (SegmentedRaftLogWorker.java:execute(569)) - 289fcb57-3dc7-4202-a3b5-f15c84f9ab45@group-DC19A4D7286F-SegmentedRaftLogWorker: created new log segment /workdir/hadoop-ozone/integration-test/target/test-dir/MiniOzoneClusterImpl-3c389332-0e16-4a63-91ed-68711720325b/datanode-6/data/ratis/f8fa533e-4fc3-4d2c-9c60-dc19a4d7286f/current/log_inprogress_1
2019-09-26 16:43:49,702 [ba66a674-5e84-4bd3-9f35-73a521070499@group-DC19A4D7286F-SegmentedRaftLogWorker] INFO  segmented.SegmentedRaftLogWorker (SegmentedRaftLogWorker.java:execute(569)) - ba66a674-5e84-4bd3-9f35-73a521070499@group-DC19A4D7286F-SegmentedRaftLogWorker: created new log segment /workdir/hadoop-ozone/integration-test/target/test-dir/MiniOzoneClusterImpl-3c389332-0e16-4a63-91ed-68711720325b/datanode-3/data/ratis/f8fa533e-4fc3-4d2c-9c60-dc19a4d7286f/current/log_inprogress_1
2019-09-26 16:43:49,719 [grpc-default-executor-3] WARN  server.GrpcLogAppender (LogUtils.java:warn(134)) - 289fcb57-3dc7-4202-a3b5-f15c84f9ab45@group-DC19A4D7286F->a15262cf-293c-4f16-a68b-da2cb3cd04b4-AppendLogResponseHandler: Failed appendEntries: org.apache.ratis.thirdparty.io.grpc.StatusRuntimeException: UNAVAILABLE: io exception
2019-09-26 16:43:49,720 [grpc-default-executor-3] INFO  impl.FollowerInfo (FollowerInfo.java:lambda$new$0(51)) - 289fcb57-3dc7-4202-a3b5-f15c84f9ab45@group-DC19A4D7286F->a15262cf-293c-4f16-a68b-da2cb3cd04b4: nextIndex: updateUnconditionally 1 -> 0
2019-09-26 16:43:49,731 [grpc-default-executor-3] WARN  server.GrpcLogAppender (LogUtils.java:warn(134)) - 289fcb57-3dc7-4202-a3b5-f15c84f9ab45@group-DC19A4D7286F->a15262cf-293c-4f16-a68b-da2cb3cd04b4-AppendLogResponseHandler: Failed appendEntries: org.apache.ratis.thirdparty.io.grpc.StatusRuntimeException: UNAVAILABLE: io exception
2019-09-26 16:43:49,731 [grpc-default-executor-3] INFO  impl.FollowerInfo (FollowerInfo.java:lambda$new$0(51)) - 289fcb57-3dc7-4202-a3b5-f15c84f9ab45@group-DC19A4D7286F->a15262cf-293c-4f16-a68b-da2cb3cd04b4: nextIndex: updateUnconditionally 1 -> 0
2019-09-26 16:43:49,892 [grpc-default-executor-1] WARN  server.GrpcLogAppender (LogUtils.java:warn(134)) - 3837398e-557b-4755-8718-a3ecbfd2ca45@group-A9934AC8BE5F->dd403047-9c6e-40b9-92d3-171c1bb28f71-AppendLogResponseHandler: Failed appendEntries: org.apache.ratis.thirdparty.io.grpc.StatusRuntimeException: UNAVAILABLE: io exception
2019-09-26 16:43:49,893 [grpc-default-executor-1] INFO  impl.FollowerInfo (FollowerInfo.java:lambda$new$0(51)) - 3837398e-557b-4755-8718-a3ecbfd2ca45@group-A9934AC8BE5F->dd403047-9c6e-40b9-92d3-171c1bb28f71: nextIndex: updateUnconditionally 0 -> 0
2019-09-26 16:43:50,235 [grpc-default-executor-3] WARN  server.GrpcLogAppender (LogUtils.java:warn(134)) - 289fcb57-3dc7-4202-a3b5-f15c84f9ab45@group-DC19A4D7286F->a15262cf-293c-4f16-a68b-da2cb3cd04b4-AppendLogResponseHandler: Failed appendEntries: org.apache.ratis.thirdparty.io.grpc.StatusRuntimeException: UNAVAILABLE: io exception
2019-09-26 16:43:50,235 [grpc-default-executor-3] INFO  impl.FollowerInfo (FollowerInfo.java:lambda$new$0(51)) - 289fcb57-3dc7-4202-a3b5-f15c84f9ab45@group-DC19A4D7286F->a15262cf-293c-4f16-a68b-da2cb3cd04b4: nextIndex: updateUnconditionally 0 -> 0
2019-09-26 16:43:50,390 [grpc-default-executor-3] WARN  server.GrpcLogAppender (LogUtils.java:warn(134)) - 3837398e-557b-4755-8718-a3ecbfd2ca45@group-A9934AC8BE5F->dd403047-9c6e-40b9-92d3-171c1bb28f71-AppendLogResponseHandler: Failed appendEntries: org.apache.ratis.thirdparty.io.grpc.StatusRuntimeException: UNAVAILABLE: io exception
2019-09-26 16:43:50,390 [grpc-default-executor-3] INFO  impl.FollowerInfo (FollowerInfo.java:lambda$new$0(51)) - 3837398e-557b-4755-8718-a3ecbfd2ca45@group-A9934AC8BE5F->dd403047-9c6e-40b9-92d3-171c1bb28f71: nextIndex: updateUnconditionally 0 -> 0
2019-09-26 16:43:50,732 [grpc-default-executor-4] WARN  server.GrpcLogAppender (LogUtils.java:warn(134)) - 289fcb57-3dc7-4202-a3b5-f15c84f9ab45@group-DC19A4D7286F->a15262cf-293c-4f16-a68b-da2cb3cd04b4-AppendLogResponseHandler: Failed appendEntries: org.apache.ratis.thirdparty.io.grpc.StatusRuntimeException: UNAVAILABLE: io exception
2019-09-26 16:43:50,733 [grpc-default-executor-4] INFO  impl.FollowerInfo (FollowerInfo.java:lambda$new$0(51)) - 289fcb57-3dc7-4202-a3b5-f15c84f9ab45@group-DC19A4D7286F->a15262cf-293c-4f16-a68b-da2cb3cd04b4: nextIndex: updateUnconditionally 0 -> 0
2019-09-26 16:43:50,890 [grpc-default-executor-4] WARN  server.GrpcLogAppender (LogUtils.java:warn(134)) - 3837398e-557b-4755-8718-a3ecbfd2ca45@group-A9934AC8BE5F->dd403047-9c6e-40b9-92d3-171c1bb28f71-AppendLogResponseHandler: Failed appendEntries: org.apache.ratis.thirdparty.io.grpc.StatusRuntimeException: UNAVAILABLE: io exception
2019-09-26 16:43:50,891 [grpc-default-executor-4] INFO  impl.FollowerInfo (FollowerInfo.java:lambda$new$0(51)) - 3837398e-557b-4755-8718-a3ecbfd2ca45@group-A9934AC8BE5F->dd403047-9c6e-40b9-92d3-171c1bb28f71: nextIndex: updateUnconditionally 0 -> 0
2019-09-26 16:43:51,233 [grpc-default-executor-1] WARN  server.GrpcLogAppender (LogUtils.java:warn(134)) - 289fcb57-3dc7-4202-a3b5-f15c84f9ab45@group-DC19A4D7286F->a15262cf-293c-4f16-a68b-da2cb3cd04b4-AppendLogResponseHandler: Failed appendEntries: org.apache.ratis.thirdparty.io.grpc.StatusRuntimeException: UNAVAILABLE: io exception
2019-09-26 16:43:51,234 [grpc-default-executor-1] INFO  impl.FollowerInfo (FollowerInfo.java:lambda$new$0(51)) - 289fcb57-3dc7-4202-a3b5-f15c84f9ab45@group-DC19A4D7286F->a15262cf-293c-4f16-a68b-da2cb3cd04b4: nextIndex: updateUnconditionally 0 -> 0
2019-09-26 16:43:51,391 [grpc-default-executor-1] WARN  server.GrpcLogAppender (LogUtils.java:warn(134)) - 3837398e-557b-4755-8718-a3ecbfd2ca45@group-A9934AC8BE5F->dd403047-9c6e-40b9-92d3-171c1bb28f71-AppendLogResponseHandler: Failed appendEntries: org.apache.ratis.thirdparty.io.grpc.StatusRuntimeException: UNAVAILABLE: io exception
2019-09-26 16:43:51,391 [grpc-default-executor-1] INFO  impl.FollowerInfo (FollowerInfo.java:lambda$new$0(51)) - 3837398e-557b-4755-8718-a3ecbfd2ca45@group-A9934AC8BE5F->dd403047-9c6e-40b9-92d3-171c1bb28f71: nextIndex: updateUnconditionally 0 -> 0
2019-09-26 16:43:51,734 [grpc-default-executor-1] WARN  server.GrpcLogAppender (LogUtils.java:warn(134)) - 289fcb57-3dc7-4202-a3b5-f15c84f9ab45@group-DC19A4D7286F->a15262cf-293c-4f16-a68b-da2cb3cd04b4-AppendLogResponseHandler: Failed appendEntries: org.apache.ratis.thirdparty.io.grpc.StatusRuntimeException: UNAVAILABLE: io exception
2019-09-26 16:43:51,734 [grpc-default-executor-1] INFO  impl.FollowerInfo (FollowerInfo.java:lambda$new$0(51)) - 289fcb57-3dc7-4202-a3b5-f15c84f9ab45@group-DC19A4D7286F->a15262cf-293c-4f16-a68b-da2cb3cd04b4: nextIndex: updateUnconditionally 0 -> 0
2019-09-26 16:43:51,892 [grpc-default-executor-3] WARN  server.GrpcLogAppender (LogUtils.java:warn(134)) - 3837398e-557b-4755-8718-a3ecbfd2ca45@group-A9934AC8BE5F->dd403047-9c6e-40b9-92d3-171c1bb28f71-AppendLogResponseHandler: Failed appendEntries: org.apache.ratis.thirdparty.io.grpc.StatusRuntimeException: UNAVAILABLE: io exception
2019-09-26 16:43:51,892 [grpc-default-executor-3] INFO  impl.FollowerInfo (FollowerInfo.java:lambda$new$0(51)) - 3837398e-557b-4755-8718-a3ecbfd2ca45@group-A9934AC8BE5F->dd403047-9c6e-40b9-92d3-171c1bb28f71: nextIndex: updateUnconditionally 0 -> 0
2019-09-26 16:43:52,234 [grpc-default-executor-4] WARN  server.GrpcLogAppender (LogUtils.java:warn(134)) - 289fcb57-3dc7-4202-a3b5-f15c84f9ab45@group-DC19A4D7286F->a15262cf-293c-4f16-a68b-da2cb3cd04b4-AppendLogResponseHandler: Failed appendEntries: org.apache.ratis.thirdparty.io.grpc.StatusRuntimeException: UNAVAILABLE: io exception
2019-09-26 16:43:52,235 [grpc-default-executor-4] INFO  impl.FollowerInfo (FollowerInfo.java:lambda$new$0(51)) - 289fcb57-3dc7-4202-a3b5-f15c84f9ab45@group-DC19A4D7286F->a15262cf-293c-4f16-a68b-da2cb3cd04b4: nextIndex: updateUnconditionally 0 -> 0
2019-09-26 16:43:52,392 [grpc-default-executor-4] WARN  server.GrpcLogAppender (LogUtils.java:warn(134)) - 3837398e-557b-4755-8718-a3ecbfd2ca45@group-A9934AC8BE5F->dd403047-9c6e-40b9-92d3-171c1bb28f71-AppendLogResponseHandler: Failed appendEntries: org.apache.ratis.thirdparty.io.grpc.StatusRuntimeException: UNAVAILABLE: io exception
2019-09-26 16:43:52,393 [grpc-default-executor-4] INFO  impl.FollowerInfo (FollowerInfo.java:lambda$new$0(51)) - 3837398e-557b-4755-8718-a3ecbfd2ca45@group-A9934AC8BE5F->dd403047-9c6e-40b9-92d3-171c1bb28f71: nextIndex: updateUnconditionally 0 -> 0
2019-09-26 16:43:52,735 [grpc-default-executor-3] WARN  server.GrpcLogAppender (LogUtils.java:warn(134)) - 289fcb57-3dc7-4202-a3b5-f15c84f9ab45@group-DC19A4D7286F->a15262cf-293c-4f16-a68b-da2cb3cd04b4-AppendLogResponseHandler: Failed appendEntries: org.apache.ratis.thirdparty.io.grpc.StatusRuntimeException: UNAVAILABLE: io exception
2019-09-26 16:43:52,736 [grpc-default-executor-3] INFO  impl.FollowerInfo (FollowerInfo.java:lambda$new$0(51)) - 289fcb57-3dc7-4202-a3b5-f15c84f9ab45@group-DC19A4D7286F->a15262cf-293c-4f16-a68b-da2cb3cd04b4: nextIndex: updateUnconditionally 0 -> 0
2019-09-26 16:43:52,893 [grpc-default-executor-1] WARN  server.GrpcLogAppender (LogUtils.java:warn(134)) - 3837398e-557b-4755-8718-a3ecbfd2ca45@group-A9934AC8BE5F->dd403047-9c6e-40b9-92d3-171c1bb28f71-AppendLogResponseHandler: Failed appendEntries: org.apache.ratis.thirdparty.io.grpc.StatusRuntimeException: UNAVAILABLE: io exception
2019-09-26 16:43:52,893 [grpc-default-executor-1] INFO  impl.FollowerInfo (FollowerInfo.java:lambda$new$0(51)) - 3837398e-557b-4755-8718-a3ecbfd2ca45@group-A9934AC8BE5F->dd403047-9c6e-40b9-92d3-171c1bb28f71: nextIndex: updateUnconditionally 0 -> 0
2019-09-26 16:43:53,240 [grpc-default-executor-3] WARN  server.GrpcLogAppender (LogUtils.java:warn(134)) - 289fcb57-3dc7-4202-a3b5-f15c84f9ab45@group-DC19A4D7286F->a15262cf-293c-4f16-a68b-da2cb3cd04b4-AppendLogResponseHandler: Failed appendEntries: org.apache.ratis.thirdparty.io.grpc.StatusRuntimeException: UNAVAILABLE: io exception
2019-09-26 16:43:53,241 [grpc-default-executor-3] INFO  impl.FollowerInfo (FollowerInfo.java:lambda$new$0(51)) - 289fcb57-3dc7-4202-a3b5-f15c84f9ab45@group-DC19A4D7286F->a15262cf-293c-4f16-a68b-da2cb3cd04b4: nextIndex: updateUnconditionally 0 -> 0
2019-09-26 16:43:53,393 [grpc-default-executor-4] WARN  server.GrpcLogAppender (LogUtils.java:warn(134)) - 3837398e-557b-4755-8718-a3ecbfd2ca45@group-A9934AC8BE5F->dd403047-9c6e-40b9-92d3-171c1bb28f71-AppendLogResponseHandler: Failed appendEntries: org.apache.ratis.thirdparty.io.grpc.StatusRuntimeException: UNAVAILABLE: io exception
2019-09-26 16:43:53,394 [grpc-default-executor-4] INFO  impl.FollowerInfo (FollowerInfo.java:lambda$new$0(51)) - 3837398e-557b-4755-8718-a3ecbfd2ca45@group-A9934AC8BE5F->dd403047-9c6e-40b9-92d3-171c1bb28f71: nextIndex: updateUnconditionally 0 -> 0
2019-09-26 16:43:53,467 [main] INFO  ozoneimpl.OzoneContainer (OzoneContainer.java:stop(231)) - Attempting to stop container services.
2019-09-26 16:43:53,468 [main] INFO  impl.RaftServerProxy (RaftServerProxy.java:lambda$close$4(314)) - 289fcb57-3dc7-4202-a3b5-f15c84f9ab45: close
2019-09-26 16:43:53,468 [main] INFO  impl.RaftServerImpl (RaftServerImpl.java:lambda$shutdown$3(251)) - 289fcb57-3dc7-4202-a3b5-f15c84f9ab45@group-DCC7C5F4CB89: shutdown
2019-09-26 16:43:53,469 [main] INFO  util.JmxRegister (JmxRegister.java:unregister(73)) - Successfully un-registered JMX Bean with object name Ratis:service=RaftServer,group=group-DCC7C5F4CB89,id=289fcb57-3dc7-4202-a3b5-f15c84f9ab45
2019-09-26 16:43:53,469 [main] INFO  impl.RoleInfo (RoleInfo.java:shutdownLeaderState(104)) - 289fcb57-3dc7-4202-a3b5-f15c84f9ab45: shutdown LeaderState
2019-09-26 16:43:53,470 [main] INFO  impl.PendingRequests (PendingRequests.java:sendNotLeaderResponses(202)) - 289fcb57-3dc7-4202-a3b5-f15c84f9ab45-PendingRequests: sendNotLeaderResponses
2019-09-26 16:43:53,471 [main] INFO  impl.StateMachineUpdater (StateMachineUpdater.java:stopAndJoin(125)) - 289fcb57-3dc7-4202-a3b5-f15c84f9ab45@group-DCC7C5F4CB89-StateMachineUpdater: set stopIndex = 0
2019-09-26 16:43:53,471 [main] INFO  impl.RaftServerImpl (ServerState.java:close(385)) - 289fcb57-3dc7-4202-a3b5-f15c84f9ab45@group-DCC7C5F4CB89: closes. applyIndex: 0
2019-09-26 16:43:53,472 [289fcb57-3dc7-4202-a3b5-f15c84f9ab45@group-DCC7C5F4CB89-SegmentedRaftLogWorker] INFO  segmented.SegmentedRaftLogWorker (SegmentedRaftLogWorker.java:run(313)) - 289fcb57-3dc7-4202-a3b5-f15c84f9ab45@group-DCC7C5F4CB89-SegmentedRaftLogWorker was interrupted, exiting. There are 0 tasks remaining in the queue.
2019-09-26 16:43:53,477 [ForkJoinPool.commonPool-worker-0] INFO  ozoneimpl.OzoneContainer (OzoneContainer.java:stop(231)) - Attempting to stop container services.
2019-09-26 16:43:53,477 [main] INFO  segmented.SegmentedRaftLogWorker (SegmentedRaftLogWorker.java:close(228)) - 289fcb57-3dc7-4202-a3b5-f15c84f9ab45@group-DCC7C5F4CB89-SegmentedRaftLogWorker close()
2019-09-26 16:43:53,478 [ForkJoinPool.commonPool-worker-0] INFO  impl.RaftServerProxy (RaftServerProxy.java:lambda$close$4(314)) - ba66a674-5e84-4bd3-9f35-73a521070499: close
2019-09-26 16:43:53,480 [main] INFO  impl.RaftServerImpl (RaftServerImpl.java:lambda$shutdown$3(251)) - 289fcb57-3dc7-4202-a3b5-f15c84f9ab45@group-DC19A4D7286F: shutdown
2019-09-26 16:43:53,481 [main] INFO  util.JmxRegister (JmxRegister.java:unregister(73)) - Successfully un-registered JMX Bean with object name Ratis:service=RaftServer,group=group-DC19A4D7286F,id=289fcb57-3dc7-4202-a3b5-f15c84f9ab45
2019-09-26 16:43:53,482 [main] INFO  impl.RoleInfo (RoleInfo.java:shutdownLeaderState(104)) - 289fcb57-3dc7-4202-a3b5-f15c84f9ab45: shutdown LeaderState
2019-09-26 16:43:53,481 [ForkJoinPool.commonPool-worker-0] INFO  impl.RaftServerImpl (RaftServerImpl.java:lambda$shutdown$3(251)) - ba66a674-5e84-4bd3-9f35-73a521070499@group-DC19A4D7286F: shutdown
2019-09-26 16:43:53,487 [org.apache.ratis.server.impl.LogAppender$AppenderDaemon$$Lambda$414/452738001@7e086569] WARN  server.GrpcLogAppender (GrpcLogAppender.java:mayWait(143)) - 289fcb57-3dc7-4202-a3b5-f15c84f9ab45@group-DC19A4D7286F->ba66a674-5e84-4bd3-9f35-73a521070499-GrpcLogAppender: Wait interrupted by java.lang.InterruptedException
2019-09-26 16:43:53,487 [org.apache.ratis.server.impl.LogAppender$AppenderDaemon$$Lambda$414/452738001@a4bc22e] WARN  server.GrpcLogAppender (GrpcLogAppender.java:mayWait(143)) - 289fcb57-3dc7-4202-a3b5-f15c84f9ab45@group-DC19A4D7286F->a15262cf-293c-4f16-a68b-da2cb3cd04b4-GrpcLogAppender: Wait interrupted by java.lang.InterruptedException
2019-09-26 16:43:53,487 [main] INFO  impl.PendingRequests (PendingRequests.java:sendNotLeaderResponses(202)) - 289fcb57-3dc7-4202-a3b5-f15c84f9ab45-PendingRequests: sendNotLeaderResponses
2019-09-26 16:43:53,488 [ForkJoinPool.commonPool-worker-0] INFO  util.JmxRegister (JmxRegister.java:unregister(73)) - Successfully un-registered JMX Bean with object name Ratis:service=RaftServer,group=group-DC19A4D7286F,id=ba66a674-5e84-4bd3-9f35-73a521070499
2019-09-26 16:43:53,491 [main] INFO  impl.StateMachineUpdater (StateMachineUpdater.java:stopAndJoin(125)) - 289fcb57-3dc7-4202-a3b5-f15c84f9ab45@group-DC19A4D7286F-StateMachineUpdater: set stopIndex = 2
2019-09-26 16:43:53,491 [main] INFO  impl.RaftServerImpl (ServerState.java:close(385)) - 289fcb57-3dc7-4202-a3b5-f15c84f9ab45@group-DC19A4D7286F: closes. applyIndex: 2
2019-09-26 16:43:53,488 [grpc-default-executor-4] INFO  server.GrpcServerProtocolService (GrpcServerProtocolService.java:onCompleted(113)) - ba66a674-5e84-4bd3-9f35-73a521070499: Completed APPEND_ENTRIES, lastRequest: 289fcb57-3dc7-4202-a3b5-f15c84f9ab45->ba66a674-5e84-4bd3-9f35-73a521070499#9-t4, previous=(t:4, i:2), leaderCommit=2, initializing? false, entries: <empty>
2019-09-26 16:43:53,492 [289fcb57-3dc7-4202-a3b5-f15c84f9ab45@group-DC19A4D7286F-SegmentedRaftLogWorker] INFO  segmented.SegmentedRaftLogWorker (SegmentedRaftLogWorker.java:run(313)) - 289fcb57-3dc7-4202-a3b5-f15c84f9ab45@group-DC19A4D7286F-SegmentedRaftLogWorker was interrupted, exiting. There are 0 tasks remaining in the queue.
2019-09-26 16:43:53,491 [ForkJoinPool.commonPool-worker-0] INFO  impl.RoleInfo (RoleInfo.java:shutdownFollowerState(121)) - ba66a674-5e84-4bd3-9f35-73a521070499: shutdown FollowerState
2019-09-26 16:43:53,495 [main] INFO  segmented.SegmentedRaftLogWorker (SegmentedRaftLogWorker.java:close(228)) - 289fcb57-3dc7-4202-a3b5-f15c84f9ab45@group-DC19A4D7286F-SegmentedRaftLogWorker close()
2019-09-26 16:43:53,495 [ForkJoinPool.commonPool-worker-0] INFO  impl.StateMachineUpdater (StateMachineUpdater.java:stopAndJoin(125)) - ba66a674-5e84-4bd3-9f35-73a521070499@group-DC19A4D7286F-StateMachineUpdater: set stopIndex = 2
2019-09-26 16:43:53,498 [grpc-default-executor-4] INFO  server.GrpcLogAppender (GrpcLogAppender.java:onCompleted(293)) - 289fcb57-3dc7-4202-a3b5-f15c84f9ab45@group-DC19A4D7286F->ba66a674-5e84-4bd3-9f35-73a521070499-AppendLogResponseHandler: follower responses appendEntries COMPLETED
2019-09-26 16:43:53,498 [main] INFO  server.GrpcService (GrpcService.java:closeImpl(164)) - 289fcb57-3dc7-4202-a3b5-f15c84f9ab45: shutdown server with port 45955 now
2019-09-26 16:43:53,498 [Thread-7490] INFO  impl.FollowerState (FollowerState.java:run(115)) - ba66a674-5e84-4bd3-9f35-73a521070499: FollowerState was interrupted: java.lang.InterruptedException: sleep interrupted
2019-09-26 16:43:53,499 [grpc-default-executor-4] INFO  impl.FollowerInfo (FollowerInfo.java:lambda$new$0(51)) - 289fcb57-3dc7-4202-a3b5-f15c84f9ab45@group-DC19A4D7286F->ba66a674-5e84-4bd3-9f35-73a521070499: nextIndex: updateUnconditionally 3 -> 2
2019-09-26 16:43:53,498 [ForkJoinPool.commonPool-worker-0] INFO  impl.RaftServerImpl (ServerState.java:close(385)) - ba66a674-5e84-4bd3-9f35-73a521070499@group-DC19A4D7286F: closes. applyIndex: 2
2019-09-26 16:43:53,502 [main] INFO  server.GrpcService (GrpcService.java:closeImpl(172)) - 289fcb57-3dc7-4202-a3b5-f15c84f9ab45: shutdown server with port 45955 successfully
2019-09-26 16:43:53,503 [ba66a674-5e84-4bd3-9f35-73a521070499@group-DC19A4D7286F-SegmentedRaftLogWorker] INFO  segmented.SegmentedRaftLogWorker (SegmentedRaftLogWorker.java:run(313)) - ba66a674-5e84-4bd3-9f35-73a521070499@group-DC19A4D7286F-SegmentedRaftLogWorker was interrupted, exiting. There are 0 tasks remaining in the queue.
2019-09-26 16:43:53,506 [ForkJoinPool.commonPool-worker-0] INFO  segmented.SegmentedRaftLogWorker (SegmentedRaftLogWorker.java:close(228)) - ba66a674-5e84-4bd3-9f35-73a521070499@group-DC19A4D7286F-SegmentedRaftLogWorker close()
2019-09-26 16:43:53,509 [ForkJoinPool.commonPool-worker-0] INFO  impl.RaftServerImpl (RaftServerImpl.java:lambda$shutdown$3(251)) - ba66a674-5e84-4bd3-9f35-73a521070499@group-28A96B66D979: shutdown
2019-09-26 16:43:53,510 [ForkJoinPool.commonPool-worker-0] INFO  util.JmxRegister (JmxRegister.java:unregister(73)) - Successfully un-registered JMX Bean with object name Ratis:service=RaftServer,group=group-28A96B66D979,id=ba66a674-5e84-4bd3-9f35-73a521070499
2019-09-26 16:43:53,510 [ForkJoinPool.commonPool-worker-0] INFO  impl.RoleInfo (RoleInfo.java:shutdownLeaderState(104)) - ba66a674-5e84-4bd3-9f35-73a521070499: shutdown LeaderState
2019-09-26 16:43:53,510 [ForkJoinPool.commonPool-worker-0] INFO  impl.PendingRequests (PendingRequests.java:sendNotLeaderResponses(202)) - ba66a674-5e84-4bd3-9f35-73a521070499-PendingRequests: sendNotLeaderResponses
2019-09-26 16:43:53,511 [ForkJoinPool.commonPool-worker-0] INFO  impl.StateMachineUpdater (StateMachineUpdater.java:stopAndJoin(125)) - ba66a674-5e84-4bd3-9f35-73a521070499@group-28A96B66D979-StateMachineUpdater: set stopIndex = 0
2019-09-26 16:43:53,511 [refreshUsed-/workdir/hadoop-ozone/integration-test/target/test-dir/MiniOzoneClusterImpl-3c389332-0e16-4a63-91ed-68711720325b/datanode-6/data/containers] WARN  fs.CachingGetSpaceUsed (CachingGetSpaceUsed.java:run(183)) - Thread Interrupted waiting to refresh disk information: sleep interrupted
2019-09-26 16:43:53,511 [ForkJoinPool.commonPool-worker-0] INFO  impl.RaftServerImpl (ServerState.java:close(385)) - ba66a674-5e84-4bd3-9f35-73a521070499@group-28A96B66D979: closes. applyIndex: 0
2019-09-26 16:43:53,512 [ba66a674-5e84-4bd3-9f35-73a521070499@group-28A96B66D979-SegmentedRaftLogWorker] INFO  segmented.SegmentedRaftLogWorker (SegmentedRaftLogWorker.java:run(313)) - ba66a674-5e84-4bd3-9f35-73a521070499@group-28A96B66D979-SegmentedRaftLogWorker was interrupted, exiting. There are 0 tasks remaining in the queue.
2019-09-26 16:43:53,517 [ForkJoinPool.commonPool-worker-0] INFO  segmented.SegmentedRaftLogWorker (SegmentedRaftLogWorker.java:close(228)) - ba66a674-5e84-4bd3-9f35-73a521070499@group-28A96B66D979-SegmentedRaftLogWorker close()
2019-09-26 16:43:53,520 [ForkJoinPool.commonPool-worker-0] INFO  server.GrpcService (GrpcService.java:closeImpl(164)) - ba66a674-5e84-4bd3-9f35-73a521070499: shutdown server with port 37282 now
2019-09-26 16:43:53,520 [ForkJoinPool.commonPool-worker-0] INFO  server.GrpcService (GrpcService.java:closeImpl(172)) - ba66a674-5e84-4bd3-9f35-73a521070499: shutdown server with port 37282 successfully
2019-09-26 16:43:53,524 [refreshUsed-/workdir/hadoop-ozone/integration-test/target/test-dir/MiniOzoneClusterImpl-3c389332-0e16-4a63-91ed-68711720325b/datanode-3/data/containers] WARN  fs.CachingGetSpaceUsed (CachingGetSpaceUsed.java:run(183)) - Thread Interrupted waiting to refresh disk information: sleep interrupted
2019-09-26 16:43:53,539 [main] INFO  utils.BackgroundService (BackgroundService.java:shutdown(148)) - Shutting down service BlockDeletingService
2019-09-26 16:43:53,546 [main] INFO  statemachine.DatanodeStateMachine (DatanodeStateMachine.java:stopDaemon(395)) - Ozone container server stopped.
2019-09-26 16:43:53,548 [main] INFO  handler.ContextHandler (ContextHandler.java:doStop(910)) - Stopped o.e.j.w.WebAppContext@2bebd114{/,null,UNAVAILABLE}{/hddsDatanode}
2019-09-26 16:43:53,548 [ForkJoinPool.commonPool-worker-0] INFO  utils.BackgroundService (BackgroundService.java:shutdown(148)) - Shutting down service BlockDeletingService
2019-09-26 16:43:53,549 [main] INFO  server.AbstractConnector (AbstractConnector.java:doStop(318)) - Stopped ServerConnector@b379bc6{HTTP/1.1,[http/1.1]}{0.0.0.0:0}
2019-09-26 16:43:53,555 [ForkJoinPool.commonPool-worker-0] INFO  statemachine.DatanodeStateMachine (DatanodeStateMachine.java:stopDaemon(395)) - Ozone container server stopped.
2019-09-26 16:43:53,555 [main] INFO  handler.ContextHandler (ContextHandler.java:doStop(910)) - Stopped o.e.j.s.ServletContextHandler@269222ae{/static,jar:file:/home/user/.m2/repository/org/apache/hadoop/hadoop-hdds-container-service/0.5.0-SNAPSHOT/hadoop-hdds-container-service-0.5.0-SNAPSHOT.jar!/webapps/static,UNAVAILABLE}
2019-09-26 16:43:53,560 [main] INFO  handler.ContextHandler (ContextHandler.java:doStop(910)) - Stopped o.e.j.s.ServletContextHandler@5600a5da{/logs,file:///workdir/hadoop-ozone/integration-test/target/log,UNAVAILABLE}
2019-09-26 16:43:53,562 [ForkJoinPool.commonPool-worker-0] INFO  handler.ContextHandler (ContextHandler.java:doStop(910)) - Stopped o.e.j.w.WebAppContext@3dbd7107{/,null,UNAVAILABLE}{/hddsDatanode}
2019-09-26 16:43:53,563 [ForkJoinPool.commonPool-worker-0] INFO  server.AbstractConnector (AbstractConnector.java:doStop(318)) - Stopped ServerConnector@4a6c0f38{HTTP/1.1,[http/1.1]}{0.0.0.0:0}
2019-09-26 16:43:53,578 [ForkJoinPool.commonPool-worker-0] INFO  handler.ContextHandler (ContextHandler.java:doStop(910)) - Stopped o.e.j.s.ServletContextHandler@14fc9bd{/static,jar:file:/home/user/.m2/repository/org/apache/hadoop/hadoop-hdds-container-service/0.5.0-SNAPSHOT/hadoop-hdds-container-service-0.5.0-SNAPSHOT.jar!/webapps/static,UNAVAILABLE}
2019-09-26 16:43:53,578 [ForkJoinPool.commonPool-worker-0] INFO  handler.ContextHandler (ContextHandler.java:doStop(910)) - Stopped o.e.j.s.ServletContextHandler@7742a45c{/logs,file:///workdir/hadoop-ozone/integration-test/target/log,UNAVAILABLE}
2019-09-26 16:43:53,894 [grpc-default-executor-4] WARN  server.GrpcLogAppender (LogUtils.java:warn(134)) - 3837398e-557b-4755-8718-a3ecbfd2ca45@group-A9934AC8BE5F->dd403047-9c6e-40b9-92d3-171c1bb28f71-AppendLogResponseHandler: Failed appendEntries: org.apache.ratis.thirdparty.io.grpc.StatusRuntimeException: UNAVAILABLE: io exception
2019-09-26 16:43:53,895 [grpc-default-executor-4] INFO  impl.FollowerInfo (FollowerInfo.java:lambda$new$0(51)) - 3837398e-557b-4755-8718-a3ecbfd2ca45@group-A9934AC8BE5F->dd403047-9c6e-40b9-92d3-171c1bb28f71: nextIndex: updateUnconditionally 0 -> 0
2019-09-26 16:43:53,983 [Datanode State Machine Thread - 0] INFO  statemachine.DatanodeStateMachine (DatanodeStateMachine.java:lambda$startDaemon$0(350)) - Ozone container server started.
2019-09-26 16:43:54,033 [Datanode State Machine Thread - 0] INFO  statemachine.DatanodeStateMachine (DatanodeStateMachine.java:lambda$startDaemon$0(350)) - Ozone container server started.
2019-09-26 16:43:54,395 [grpc-default-executor-1] WARN  server.GrpcLogAppender (LogUtils.java:warn(134)) - 3837398e-557b-4755-8718-a3ecbfd2ca45@group-A9934AC8BE5F->dd403047-9c6e-40b9-92d3-171c1bb28f71-AppendLogResponseHandler: Failed appendEntries: org.apache.ratis.thirdparty.io.grpc.StatusRuntimeException: UNAVAILABLE: io exception
2019-09-26 16:43:54,395 [grpc-default-executor-1] INFO  impl.FollowerInfo (FollowerInfo.java:lambda$new$0(51)) - 3837398e-557b-4755-8718-a3ecbfd2ca45@group-A9934AC8BE5F->dd403047-9c6e-40b9-92d3-171c1bb28f71: nextIndex: updateUnconditionally 0 -> 0
2019-09-26 16:43:54,895 [grpc-default-executor-1] WARN  server.GrpcLogAppender (LogUtils.java:warn(134)) - 3837398e-557b-4755-8718-a3ecbfd2ca45@group-A9934AC8BE5F->dd403047-9c6e-40b9-92d3-171c1bb28f71-AppendLogResponseHandler: Failed appendEntries: org.apache.ratis.thirdparty.io.grpc.StatusRuntimeException: UNAVAILABLE: io exception
2019-09-26 16:43:54,896 [grpc-default-executor-1] INFO  impl.FollowerInfo (FollowerInfo.java:lambda$new$0(51)) - 3837398e-557b-4755-8718-a3ecbfd2ca45@group-A9934AC8BE5F->dd403047-9c6e-40b9-92d3-171c1bb28f71: nextIndex: updateUnconditionally 0 -> 0
2019-09-26 16:43:55,396 [grpc-default-executor-3] WARN  server.GrpcLogAppender (LogUtils.java:warn(134)) - 3837398e-557b-4755-8718-a3ecbfd2ca45@group-A9934AC8BE5F->dd403047-9c6e-40b9-92d3-171c1bb28f71-AppendLogResponseHandler: Failed appendEntries: org.apache.ratis.thirdparty.io.grpc.StatusRuntimeException: UNAVAILABLE: io exception
2019-09-26 16:43:55,397 [grpc-default-executor-3] INFO  impl.FollowerInfo (FollowerInfo.java:lambda$new$0(51)) - 3837398e-557b-4755-8718-a3ecbfd2ca45@group-A9934AC8BE5F->dd403047-9c6e-40b9-92d3-171c1bb28f71: nextIndex: updateUnconditionally 0 -> 0
2019-09-26 16:43:55,896 [grpc-default-executor-4] WARN  server.GrpcLogAppender (LogUtils.java:warn(134)) - 3837398e-557b-4755-8718-a3ecbfd2ca45@group-A9934AC8BE5F->dd403047-9c6e-40b9-92d3-171c1bb28f71-AppendLogResponseHandler: Failed appendEntries: org.apache.ratis.thirdparty.io.grpc.StatusRuntimeException: UNAVAILABLE: io exception
2019-09-26 16:43:55,897 [grpc-default-executor-4] INFO  impl.FollowerInfo (FollowerInfo.java:lambda$new$0(51)) - 3837398e-557b-4755-8718-a3ecbfd2ca45@group-A9934AC8BE5F->dd403047-9c6e-40b9-92d3-171c1bb28f71: nextIndex: updateUnconditionally 0 -> 0
2019-09-26 16:43:56,399 [grpc-default-executor-1] WARN  server.GrpcLogAppender (LogUtils.java:warn(134)) - 3837398e-557b-4755-8718-a3ecbfd2ca45@group-A9934AC8BE5F->dd403047-9c6e-40b9-92d3-171c1bb28f71-AppendLogResponseHandler: Failed appendEntries: org.apache.ratis.thirdparty.io.grpc.StatusRuntimeException: UNAVAILABLE: io exception
2019-09-26 16:43:56,400 [grpc-default-executor-1] INFO  impl.FollowerInfo (FollowerInfo.java:lambda$new$0(51)) - 3837398e-557b-4755-8718-a3ecbfd2ca45@group-A9934AC8BE5F->dd403047-9c6e-40b9-92d3-171c1bb28f71: nextIndex: updateUnconditionally 0 -> 0
2019-09-26 16:43:56,898 [grpc-default-executor-1] WARN  server.GrpcLogAppender (LogUtils.java:warn(134)) - 3837398e-557b-4755-8718-a3ecbfd2ca45@group-A9934AC8BE5F->dd403047-9c6e-40b9-92d3-171c1bb28f71-AppendLogResponseHandler: Failed appendEntries: org.apache.ratis.thirdparty.io.grpc.StatusRuntimeException: UNAVAILABLE: io exception
2019-09-26 16:43:56,899 [grpc-default-executor-1] INFO  impl.FollowerInfo (FollowerInfo.java:lambda$new$0(51)) - 3837398e-557b-4755-8718-a3ecbfd2ca45@group-A9934AC8BE5F->dd403047-9c6e-40b9-92d3-171c1bb28f71: nextIndex: updateUnconditionally 0 -> 0
2019-09-26 16:43:57,399 [grpc-default-executor-4] WARN  server.GrpcLogAppender (LogUtils.java:warn(134)) - 3837398e-557b-4755-8718-a3ecbfd2ca45@group-A9934AC8BE5F->dd403047-9c6e-40b9-92d3-171c1bb28f71-AppendLogResponseHandler: Failed appendEntries: org.apache.ratis.thirdparty.io.grpc.StatusRuntimeException: UNAVAILABLE: io exception
2019-09-26 16:43:57,399 [grpc-default-executor-4] INFO  impl.FollowerInfo (FollowerInfo.java:lambda$new$0(51)) - 3837398e-557b-4755-8718-a3ecbfd2ca45@group-A9934AC8BE5F->dd403047-9c6e-40b9-92d3-171c1bb28f71: nextIndex: updateUnconditionally 0 -> 0
2019-09-26 16:43:57,900 [grpc-default-executor-1] WARN  server.GrpcLogAppender (LogUtils.java:warn(134)) - 3837398e-557b-4755-8718-a3ecbfd2ca45@group-A9934AC8BE5F->dd403047-9c6e-40b9-92d3-171c1bb28f71-AppendLogResponseHandler: Failed appendEntries: org.apache.ratis.thirdparty.io.grpc.StatusRuntimeException: UNAVAILABLE: io exception
2019-09-26 16:43:57,900 [grpc-default-executor-1] INFO  impl.FollowerInfo (FollowerInfo.java:lambda$new$0(51)) - 3837398e-557b-4755-8718-a3ecbfd2ca45@group-A9934AC8BE5F->dd403047-9c6e-40b9-92d3-171c1bb28f71: nextIndex: updateUnconditionally 0 -> 0
2019-09-26 16:43:58,401 [grpc-default-executor-4] WARN  server.GrpcLogAppender (LogUtils.java:warn(134)) - 3837398e-557b-4755-8718-a3ecbfd2ca45@group-A9934AC8BE5F->dd403047-9c6e-40b9-92d3-171c1bb28f71-AppendLogResponseHandler: Failed appendEntries: org.apache.ratis.thirdparty.io.grpc.StatusRuntimeException: UNAVAILABLE: io exception
2019-09-26 16:43:58,401 [grpc-default-executor-4] INFO  impl.FollowerInfo (FollowerInfo.java:lambda$new$0(51)) - 3837398e-557b-4755-8718-a3ecbfd2ca45@group-A9934AC8BE5F->dd403047-9c6e-40b9-92d3-171c1bb28f71: nextIndex: updateUnconditionally 0 -> 0
2019-09-26 16:43:58,563 [main] INFO  ozoneimpl.OzoneContainer (OzoneContainer.java:stop(231)) - Attempting to stop container services.
2019-09-26 16:43:58,564 [main] INFO  impl.RaftServerProxy (RaftServerProxy.java:lambda$close$4(314)) - f45586a2-d7c2-4816-9720-dd343377f456: close
2019-09-26 16:43:58,564 [main] INFO  impl.RaftServerImpl (RaftServerImpl.java:lambda$shutdown$3(251)) - f45586a2-d7c2-4816-9720-dd343377f456@group-A9934AC8BE5F: shutdown
2019-09-26 16:43:58,565 [main] INFO  util.JmxRegister (JmxRegister.java:unregister(73)) - Successfully un-registered JMX Bean with object name Ratis:service=RaftServer,group=group-A9934AC8BE5F,id=f45586a2-d7c2-4816-9720-dd343377f456
2019-09-26 16:43:58,565 [main] INFO  impl.RoleInfo (RoleInfo.java:shutdownFollowerState(121)) - f45586a2-d7c2-4816-9720-dd343377f456: shutdown FollowerState
2019-09-26 16:43:58,566 [main] INFO  impl.StateMachineUpdater (StateMachineUpdater.java:stopAndJoin(125)) - f45586a2-d7c2-4816-9720-dd343377f456@group-A9934AC8BE5F-StateMachineUpdater: set stopIndex = 2
2019-09-26 16:43:58,566 [main] INFO  impl.RaftServerImpl (ServerState.java:close(385)) - f45586a2-d7c2-4816-9720-dd343377f456@group-A9934AC8BE5F: closes. applyIndex: 2
2019-09-26 16:43:58,566 [Thread-7474] INFO  impl.FollowerState (FollowerState.java:run(115)) - f45586a2-d7c2-4816-9720-dd343377f456: FollowerState was interrupted: java.lang.InterruptedException: sleep interrupted
2019-09-26 16:43:58,567 [f45586a2-d7c2-4816-9720-dd343377f456@group-A9934AC8BE5F-SegmentedRaftLogWorker] INFO  segmented.SegmentedRaftLogWorker (SegmentedRaftLogWorker.java:run(313)) - f45586a2-d7c2-4816-9720-dd343377f456@group-A9934AC8BE5F-SegmentedRaftLogWorker was interrupted, exiting. There are 0 tasks remaining in the queue.
2019-09-26 16:43:58,573 [main] INFO  segmented.SegmentedRaftLogWorker (SegmentedRaftLogWorker.java:close(228)) - f45586a2-d7c2-4816-9720-dd343377f456@group-A9934AC8BE5F-SegmentedRaftLogWorker close()
2019-09-26 16:43:58,575 [main] INFO  impl.RaftServerImpl (RaftServerImpl.java:lambda$shutdown$3(251)) - f45586a2-d7c2-4816-9720-dd343377f456@group-B0B5CC110A79: shutdown
2019-09-26 16:43:58,576 [main] INFO  util.JmxRegister (JmxRegister.java:unregister(73)) - Successfully un-registered JMX Bean with object name Ratis:service=RaftServer,group=group-B0B5CC110A79,id=f45586a2-d7c2-4816-9720-dd343377f456
2019-09-26 16:43:58,576 [main] INFO  impl.RoleInfo (RoleInfo.java:shutdownLeaderState(104)) - f45586a2-d7c2-4816-9720-dd343377f456: shutdown LeaderState
2019-09-26 16:43:58,577 [main] INFO  impl.PendingRequests (PendingRequests.java:sendNotLeaderResponses(202)) - f45586a2-d7c2-4816-9720-dd343377f456-PendingRequests: sendNotLeaderResponses
2019-09-26 16:43:58,577 [main] INFO  impl.StateMachineUpdater (StateMachineUpdater.java:stopAndJoin(125)) - f45586a2-d7c2-4816-9720-dd343377f456@group-B0B5CC110A79-StateMachineUpdater: set stopIndex = 0
2019-09-26 16:43:58,578 [main] INFO  impl.RaftServerImpl (ServerState.java:close(385)) - f45586a2-d7c2-4816-9720-dd343377f456@group-B0B5CC110A79: closes. applyIndex: 0
2019-09-26 16:43:58,578 [f45586a2-d7c2-4816-9720-dd343377f456@group-B0B5CC110A79-SegmentedRaftLogWorker] INFO  segmented.SegmentedRaftLogWorker (SegmentedRaftLogWorker.java:run(313)) - f45586a2-d7c2-4816-9720-dd343377f456@group-B0B5CC110A79-SegmentedRaftLogWorker was interrupted, exiting. There are 0 tasks remaining in the queue.
2019-09-26 16:43:58,581 [main] INFO  segmented.SegmentedRaftLogWorker (SegmentedRaftLogWorker.java:close(228)) - f45586a2-d7c2-4816-9720-dd343377f456@group-B0B5CC110A79-SegmentedRaftLogWorker close()
2019-09-26 16:43:58,581 [ForkJoinPool.commonPool-worker-0] INFO  ozoneimpl.OzoneContainer (OzoneContainer.java:stop(231)) - Attempting to stop container services.
2019-09-26 16:43:58,592 [main] INFO  server.GrpcService (GrpcService.java:closeImpl(164)) - f45586a2-d7c2-4816-9720-dd343377f456: shutdown server with port 34956 now
2019-09-26 16:43:58,593 [ForkJoinPool.commonPool-worker-0] INFO  impl.RaftServerProxy (RaftServerProxy.java:lambda$close$4(314)) - 159771ad-9275-4e40-b5e3-0b44f8b2602b: close
2019-09-26 16:43:58,593 [ForkJoinPool.commonPool-worker-0] INFO  impl.RaftServerImpl (RaftServerImpl.java:lambda$shutdown$3(251)) - 159771ad-9275-4e40-b5e3-0b44f8b2602b@group-005C2C7EA218: shutdown
2019-09-26 16:43:58,593 [ForkJoinPool.commonPool-worker-0] INFO  util.JmxRegister (JmxRegister.java:unregister(73)) - Successfully un-registered JMX Bean with object name Ratis:service=RaftServer,group=group-005C2C7EA218,id=159771ad-9275-4e40-b5e3-0b44f8b2602b
2019-09-26 16:43:58,594 [grpc-default-executor-3] WARN  server.GrpcLogAppender (LogUtils.java:warn(134)) - 3837398e-557b-4755-8718-a3ecbfd2ca45@group-A9934AC8BE5F->f45586a2-d7c2-4816-9720-dd343377f456-AppendLogResponseHandler: Failed appendEntries: org.apache.ratis.thirdparty.io.grpc.StatusRuntimeException: CANCELLED: HTTP/2 error code: CANCEL
Received Rst Stream
2019-09-26 16:43:58,594 [main] INFO  server.GrpcService (GrpcService.java:closeImpl(172)) - f45586a2-d7c2-4816-9720-dd343377f456: shutdown server with port 34956 successfully
2019-09-26 16:43:58,594 [grpc-default-executor-1] WARN  server.GrpcServerProtocolService (LogUtils.java:warn(134)) - f45586a2-d7c2-4816-9720-dd343377f456: installSnapshot onError, lastRequest: 3837398e-557b-4755-8718-a3ecbfd2ca45->f45586a2-d7c2-4816-9720-dd343377f456#20-t2, previous=(t:2, i:2), leaderCommit=2, initializing? false, entries: <empty>: org.apache.ratis.thirdparty.io.grpc.StatusRuntimeException: CANCELLED: cancelled before receiving half close
2019-09-26 16:43:58,594 [grpc-default-executor-3] INFO  impl.FollowerInfo (FollowerInfo.java:lambda$new$0(51)) - 3837398e-557b-4755-8718-a3ecbfd2ca45@group-A9934AC8BE5F->f45586a2-d7c2-4816-9720-dd343377f456: nextIndex: updateUnconditionally 3 -> 2
2019-09-26 16:43:58,594 [ForkJoinPool.commonPool-worker-0] INFO  impl.RoleInfo (RoleInfo.java:shutdownLeaderState(104)) - 159771ad-9275-4e40-b5e3-0b44f8b2602b: shutdown LeaderState
2019-09-26 16:43:58,595 [ForkJoinPool.commonPool-worker-0] INFO  impl.PendingRequests (PendingRequests.java:sendNotLeaderResponses(202)) - 159771ad-9275-4e40-b5e3-0b44f8b2602b-PendingRequests: sendNotLeaderResponses
2019-09-26 16:43:58,596 [ForkJoinPool.commonPool-worker-0] INFO  impl.StateMachineUpdater (StateMachineUpdater.java:stopAndJoin(125)) - 159771ad-9275-4e40-b5e3-0b44f8b2602b@group-005C2C7EA218-StateMachineUpdater: set stopIndex = 0
2019-09-26 16:43:58,596 [refreshUsed-/workdir/hadoop-ozone/integration-test/target/test-dir/MiniOzoneClusterImpl-3c389332-0e16-4a63-91ed-68711720325b/datanode-8/data/containers] WARN  fs.CachingGetSpaceUsed (CachingGetSpaceUsed.java:run(183)) - Thread Interrupted waiting to refresh disk information: sleep interrupted
2019-09-26 16:43:58,597 [ForkJoinPool.commonPool-worker-0] INFO  impl.RaftServerImpl (ServerState.java:close(385)) - 159771ad-9275-4e40-b5e3-0b44f8b2602b@group-005C2C7EA218: closes. applyIndex: 0
2019-09-26 16:43:58,598 [159771ad-9275-4e40-b5e3-0b44f8b2602b@group-005C2C7EA218-SegmentedRaftLogWorker] INFO  segmented.SegmentedRaftLogWorker (SegmentedRaftLogWorker.java:run(313)) - 159771ad-9275-4e40-b5e3-0b44f8b2602b@group-005C2C7EA218-SegmentedRaftLogWorker was interrupted, exiting. There are 0 tasks remaining in the queue.
2019-09-26 16:43:58,598 [ForkJoinPool.commonPool-worker-0] INFO  segmented.SegmentedRaftLogWorker (SegmentedRaftLogWorker.java:close(228)) - 159771ad-9275-4e40-b5e3-0b44f8b2602b@group-005C2C7EA218-SegmentedRaftLogWorker close()
2019-09-26 16:43:58,599 [ForkJoinPool.commonPool-worker-0] INFO  impl.RaftServerImpl (RaftServerImpl.java:lambda$shutdown$3(251)) - 159771ad-9275-4e40-b5e3-0b44f8b2602b@group-63DD3CFCC676: shutdown
2019-09-26 16:43:58,599 [ForkJoinPool.commonPool-worker-0] INFO  util.JmxRegister (JmxRegister.java:unregister(73)) - Successfully un-registered JMX Bean with object name Ratis:service=RaftServer,group=group-63DD3CFCC676,id=159771ad-9275-4e40-b5e3-0b44f8b2602b
2019-09-26 16:43:58,599 [ForkJoinPool.commonPool-worker-0] INFO  impl.RoleInfo (RoleInfo.java:shutdownFollowerState(121)) - 159771ad-9275-4e40-b5e3-0b44f8b2602b: shutdown FollowerState
2019-09-26 16:43:58,600 [ForkJoinPool.commonPool-worker-0] INFO  impl.StateMachineUpdater (StateMachineUpdater.java:stopAndJoin(125)) - 159771ad-9275-4e40-b5e3-0b44f8b2602b@group-63DD3CFCC676-StateMachineUpdater: set stopIndex = 0
2019-09-26 16:43:58,601 [Thread-6018] INFO  impl.FollowerState (FollowerState.java:run(115)) - 159771ad-9275-4e40-b5e3-0b44f8b2602b: FollowerState was interrupted: java.lang.InterruptedException: sleep interrupted
2019-09-26 16:43:58,601 [ForkJoinPool.commonPool-worker-0] INFO  impl.RaftServerImpl (ServerState.java:close(385)) - 159771ad-9275-4e40-b5e3-0b44f8b2602b@group-63DD3CFCC676: closes. applyIndex: 0
2019-09-26 16:43:58,601 [159771ad-9275-4e40-b5e3-0b44f8b2602b@group-63DD3CFCC676-SegmentedRaftLogWorker] INFO  segmented.SegmentedRaftLogWorker (SegmentedRaftLogWorker.java:run(313)) - 159771ad-9275-4e40-b5e3-0b44f8b2602b@group-63DD3CFCC676-SegmentedRaftLogWorker was interrupted, exiting. There are 0 tasks remaining in the queue.
2019-09-26 16:43:58,602 [ForkJoinPool.commonPool-worker-0] INFO  segmented.SegmentedRaftLogWorker (SegmentedRaftLogWorker.java:close(228)) - 159771ad-9275-4e40-b5e3-0b44f8b2602b@group-63DD3CFCC676-SegmentedRaftLogWorker close()
2019-09-26 16:43:58,602 [ForkJoinPool.commonPool-worker-0] INFO  server.GrpcService (GrpcService.java:closeImpl(164)) - 159771ad-9275-4e40-b5e3-0b44f8b2602b: shutdown server with port 44936 now
2019-09-26 16:43:58,605 [grpc-default-executor-3] WARN  server.GrpcServerProtocolService (LogUtils.java:warn(134)) - 159771ad-9275-4e40-b5e3-0b44f8b2602b: installSnapshot onError, lastRequest: bd1aaaac-53c2-4304-bd38-0d16eb0e5a88->159771ad-9275-4e40-b5e3-0b44f8b2602b#250-t1, previous=(t:1, i:0), leaderCommit=0, initializing? false, entries: <empty>: org.apache.ratis.thirdparty.io.grpc.StatusRuntimeException: CANCELLED: cancelled before receiving half close
2019-09-26 16:43:58,605 [ForkJoinPool.commonPool-worker-0] INFO  server.GrpcService (GrpcService.java:closeImpl(172)) - 159771ad-9275-4e40-b5e3-0b44f8b2602b: shutdown server with port 44936 successfully
2019-09-26 16:43:58,607 [grpc-default-executor-4] WARN  server.GrpcLogAppender (LogUtils.java:warn(134)) - bd1aaaac-53c2-4304-bd38-0d16eb0e5a88@group-63DD3CFCC676->159771ad-9275-4e40-b5e3-0b44f8b2602b-AppendLogResponseHandler: Failed appendEntries: org.apache.ratis.thirdparty.io.grpc.StatusRuntimeException: CANCELLED: HTTP/2 error code: CANCEL
Received Rst Stream
2019-09-26 16:43:58,608 [grpc-default-executor-4] INFO  impl.FollowerInfo (FollowerInfo.java:lambda$new$0(51)) - bd1aaaac-53c2-4304-bd38-0d16eb0e5a88@group-63DD3CFCC676->159771ad-9275-4e40-b5e3-0b44f8b2602b: nextIndex: updateUnconditionally 1 -> 0
2019-09-26 16:43:58,610 [refreshUsed-/workdir/hadoop-ozone/integration-test/target/test-dir/MiniOzoneClusterImpl-3c389332-0e16-4a63-91ed-68711720325b/datanode-4/data/containers] WARN  fs.CachingGetSpaceUsed (CachingGetSpaceUsed.java:run(183)) - Thread Interrupted waiting to refresh disk information: sleep interrupted
2019-09-26 16:43:58,620 [main] INFO  utils.BackgroundService (BackgroundService.java:shutdown(148)) - Shutting down service BlockDeletingService
2019-09-26 16:43:58,627 [main] INFO  statemachine.DatanodeStateMachine (DatanodeStateMachine.java:stopDaemon(395)) - Ozone container server stopped.
2019-09-26 16:43:58,628 [main] INFO  handler.ContextHandler (ContextHandler.java:doStop(910)) - Stopped o.e.j.w.WebAppContext@5287ba5f{/,null,UNAVAILABLE}{/hddsDatanode}
2019-09-26 16:43:58,628 [main] INFO  server.AbstractConnector (AbstractConnector.java:doStop(318)) - Stopped ServerConnector@b768a65{HTTP/1.1,[http/1.1]}{0.0.0.0:0}
2019-09-26 16:43:58,629 [main] INFO  handler.ContextHandler (ContextHandler.java:doStop(910)) - Stopped o.e.j.s.ServletContextHandler@3c81cd82{/static,jar:file:/home/user/.m2/repository/org/apache/hadoop/hadoop-hdds-container-service/0.5.0-SNAPSHOT/hadoop-hdds-container-service-0.5.0-SNAPSHOT.jar!/webapps/static,UNAVAILABLE}
2019-09-26 16:43:58,629 [main] INFO  handler.ContextHandler (ContextHandler.java:doStop(910)) - Stopped o.e.j.s.ServletContextHandler@6af65f29{/logs,file:///workdir/hadoop-ozone/integration-test/target/log,UNAVAILABLE}
2019-09-26 16:43:58,634 [ForkJoinPool.commonPool-worker-0] INFO  utils.BackgroundService (BackgroundService.java:shutdown(148)) - Shutting down service BlockDeletingService
2019-09-26 16:43:58,640 [ForkJoinPool.commonPool-worker-0] INFO  statemachine.DatanodeStateMachine (DatanodeStateMachine.java:stopDaemon(395)) - Ozone container server stopped.
2019-09-26 16:43:58,644 [ForkJoinPool.commonPool-worker-0] INFO  handler.ContextHandler (ContextHandler.java:doStop(910)) - Stopped o.e.j.w.WebAppContext@29013ef2{/,null,UNAVAILABLE}{/hddsDatanode}
2019-09-26 16:43:58,646 [ForkJoinPool.commonPool-worker-0] INFO  server.AbstractConnector (AbstractConnector.java:doStop(318)) - Stopped ServerConnector@265c1a7c{HTTP/1.1,[http/1.1]}{0.0.0.0:0}
2019-09-26 16:43:58,646 [ForkJoinPool.commonPool-worker-0] INFO  handler.ContextHandler (ContextHandler.java:doStop(910)) - Stopped o.e.j.s.ServletContextHandler@30922f8d{/static,jar:file:/home/user/.m2/repository/org/apache/hadoop/hadoop-hdds-container-service/0.5.0-SNAPSHOT/hadoop-hdds-container-service-0.5.0-SNAPSHOT.jar!/webapps/static,UNAVAILABLE}
2019-09-26 16:43:58,647 [ForkJoinPool.commonPool-worker-0] INFO  handler.ContextHandler (ContextHandler.java:doStop(910)) - Stopped o.e.j.s.ServletContextHandler@36f6e521{/logs,file:///workdir/hadoop-ozone/integration-test/target/log,UNAVAILABLE}
2019-09-26 16:43:58,901 [grpc-default-executor-4] WARN  server.GrpcLogAppender (LogUtils.java:warn(134)) - 3837398e-557b-4755-8718-a3ecbfd2ca45@group-A9934AC8BE5F->dd403047-9c6e-40b9-92d3-171c1bb28f71-AppendLogResponseHandler: Failed appendEntries: org.apache.ratis.thirdparty.io.grpc.StatusRuntimeException: UNAVAILABLE: io exception
2019-09-26 16:43:58,902 [grpc-default-executor-4] INFO  impl.FollowerInfo (FollowerInfo.java:lambda$new$0(51)) - 3837398e-557b-4755-8718-a3ecbfd2ca45@group-A9934AC8BE5F->dd403047-9c6e-40b9-92d3-171c1bb28f71: nextIndex: updateUnconditionally 0 -> 0
2019-09-26 16:43:58,914 [grpc-default-executor-1] WARN  server.GrpcLogAppender (LogUtils.java:warn(134)) - 3837398e-557b-4755-8718-a3ecbfd2ca45@group-A9934AC8BE5F->f45586a2-d7c2-4816-9720-dd343377f456-AppendLogResponseHandler: Failed appendEntries: org.apache.ratis.thirdparty.io.grpc.StatusRuntimeException: UNAVAILABLE: io exception
2019-09-26 16:43:58,915 [grpc-default-executor-1] INFO  impl.FollowerInfo (FollowerInfo.java:lambda$new$0(51)) - 3837398e-557b-4755-8718-a3ecbfd2ca45@group-A9934AC8BE5F->f45586a2-d7c2-4816-9720-dd343377f456: nextIndex: updateUnconditionally 2 -> 1
2019-09-26 16:43:59,019 [grpc-default-executor-4] WARN  server.GrpcLogAppender (LogUtils.java:warn(134)) - bd1aaaac-53c2-4304-bd38-0d16eb0e5a88@group-63DD3CFCC676->159771ad-9275-4e40-b5e3-0b44f8b2602b-AppendLogResponseHandler: Failed appendEntries: org.apache.ratis.thirdparty.io.grpc.StatusRuntimeException: UNAVAILABLE: io exception
2019-09-26 16:43:59,019 [grpc-default-executor-4] INFO  impl.FollowerInfo (FollowerInfo.java:lambda$new$0(51)) - bd1aaaac-53c2-4304-bd38-0d16eb0e5a88@group-63DD3CFCC676->159771ad-9275-4e40-b5e3-0b44f8b2602b: nextIndex: updateUnconditionally 0 -> 0
2019-09-26 16:43:59,119 [Datanode State Machine Thread - 0] INFO  statemachine.DatanodeStateMachine (DatanodeStateMachine.java:lambda$startDaemon$0(350)) - Ozone container server started.
2019-09-26 16:43:59,402 [grpc-default-executor-3] WARN  server.GrpcLogAppender (LogUtils.java:warn(134)) - 3837398e-557b-4755-8718-a3ecbfd2ca45@group-A9934AC8BE5F->dd403047-9c6e-40b9-92d3-171c1bb28f71-AppendLogResponseHandler: Failed appendEntries: org.apache.ratis.thirdparty.io.grpc.StatusRuntimeException: UNAVAILABLE: io exception
2019-09-26 16:43:59,402 [grpc-default-executor-3] INFO  impl.FollowerInfo (FollowerInfo.java:lambda$new$0(51)) - 3837398e-557b-4755-8718-a3ecbfd2ca45@group-A9934AC8BE5F->dd403047-9c6e-40b9-92d3-171c1bb28f71: nextIndex: updateUnconditionally 0 -> 0
2019-09-26 16:43:59,415 [grpc-default-executor-1] WARN  server.GrpcLogAppender (LogUtils.java:warn(134)) - 3837398e-557b-4755-8718-a3ecbfd2ca45@group-A9934AC8BE5F->f45586a2-d7c2-4816-9720-dd343377f456-AppendLogResponseHandler: Failed appendEntries: org.apache.ratis.thirdparty.io.grpc.StatusRuntimeException: UNAVAILABLE: io exception
2019-09-26 16:43:59,415 [grpc-default-executor-1] INFO  impl.FollowerInfo (FollowerInfo.java:lambda$new$0(51)) - 3837398e-557b-4755-8718-a3ecbfd2ca45@group-A9934AC8BE5F->f45586a2-d7c2-4816-9720-dd343377f456: nextIndex: updateUnconditionally 1 -> 0
2019-09-26 16:43:59,511 [Datanode State Machine Thread - 0] INFO  statemachine.DatanodeStateMachine (DatanodeStateMachine.java:lambda$startDaemon$0(350)) - Ozone container server started.
2019-09-26 16:43:59,519 [grpc-default-executor-3] WARN  server.GrpcLogAppender (LogUtils.java:warn(134)) - bd1aaaac-53c2-4304-bd38-0d16eb0e5a88@group-63DD3CFCC676->159771ad-9275-4e40-b5e3-0b44f8b2602b-AppendLogResponseHandler: Failed appendEntries: org.apache.ratis.thirdparty.io.grpc.StatusRuntimeException: UNAVAILABLE: io exception
2019-09-26 16:43:59,520 [grpc-default-executor-3] INFO  impl.FollowerInfo (FollowerInfo.java:lambda$new$0(51)) - bd1aaaac-53c2-4304-bd38-0d16eb0e5a88@group-63DD3CFCC676->159771ad-9275-4e40-b5e3-0b44f8b2602b: nextIndex: updateUnconditionally 0 -> 0
2019-09-26 16:43:59,902 [grpc-default-executor-3] WARN  server.GrpcLogAppender (LogUtils.java:warn(134)) - 3837398e-557b-4755-8718-a3ecbfd2ca45@group-A9934AC8BE5F->dd403047-9c6e-40b9-92d3-171c1bb28f71-AppendLogResponseHandler: Failed appendEntries: org.apache.ratis.thirdparty.io.grpc.StatusRuntimeException: UNAVAILABLE: io exception
2019-09-26 16:43:59,903 [grpc-default-executor-3] INFO  impl.FollowerInfo (FollowerInfo.java:lambda$new$0(51)) - 3837398e-557b-4755-8718-a3ecbfd2ca45@group-A9934AC8BE5F->dd403047-9c6e-40b9-92d3-171c1bb28f71: nextIndex: updateUnconditionally 0 -> 0
2019-09-26 16:43:59,915 [grpc-default-executor-4] WARN  server.GrpcLogAppender (LogUtils.java:warn(134)) - 3837398e-557b-4755-8718-a3ecbfd2ca45@group-A9934AC8BE5F->f45586a2-d7c2-4816-9720-dd343377f456-AppendLogResponseHandler: Failed appendEntries: org.apache.ratis.thirdparty.io.grpc.StatusRuntimeException: UNAVAILABLE: io exception
2019-09-26 16:43:59,916 [grpc-default-executor-4] INFO  impl.FollowerInfo (FollowerInfo.java:lambda$new$0(51)) - 3837398e-557b-4755-8718-a3ecbfd2ca45@group-A9934AC8BE5F->f45586a2-d7c2-4816-9720-dd343377f456: nextIndex: updateUnconditionally 0 -> 0
2019-09-26 16:44:00,020 [grpc-default-executor-3] WARN  server.GrpcLogAppender (LogUtils.java:warn(134)) - bd1aaaac-53c2-4304-bd38-0d16eb0e5a88@group-63DD3CFCC676->159771ad-9275-4e40-b5e3-0b44f8b2602b-AppendLogResponseHandler: Failed appendEntries: org.apache.ratis.thirdparty.io.grpc.StatusRuntimeException: UNAVAILABLE: io exception
2019-09-26 16:44:00,020 [grpc-default-executor-3] INFO  impl.FollowerInfo (FollowerInfo.java:lambda$new$0(51)) - bd1aaaac-53c2-4304-bd38-0d16eb0e5a88@group-63DD3CFCC676->159771ad-9275-4e40-b5e3-0b44f8b2602b: nextIndex: updateUnconditionally 0 -> 0
2019-09-26 16:44:00,403 [grpc-default-executor-3] WARN  server.GrpcLogAppender (LogUtils.java:warn(134)) - 3837398e-557b-4755-8718-a3ecbfd2ca45@group-A9934AC8BE5F->dd403047-9c6e-40b9-92d3-171c1bb28f71-AppendLogResponseHandler: Failed appendEntries: org.apache.ratis.thirdparty.io.grpc.StatusRuntimeException: UNAVAILABLE: io exception
2019-09-26 16:44:00,404 [grpc-default-executor-3] INFO  impl.FollowerInfo (FollowerInfo.java:lambda$new$0(51)) - 3837398e-557b-4755-8718-a3ecbfd2ca45@group-A9934AC8BE5F->dd403047-9c6e-40b9-92d3-171c1bb28f71: nextIndex: updateUnconditionally 0 -> 0
2019-09-26 16:44:00,416 [grpc-default-executor-4] WARN  server.GrpcLogAppender (LogUtils.java:warn(134)) - 3837398e-557b-4755-8718-a3ecbfd2ca45@group-A9934AC8BE5F->f45586a2-d7c2-4816-9720-dd343377f456-AppendLogResponseHandler: Failed appendEntries: org.apache.ratis.thirdparty.io.grpc.StatusRuntimeException: UNAVAILABLE: io exception
2019-09-26 16:44:00,416 [grpc-default-executor-4] INFO  impl.FollowerInfo (FollowerInfo.java:lambda$new$0(51)) - 3837398e-557b-4755-8718-a3ecbfd2ca45@group-A9934AC8BE5F->f45586a2-d7c2-4816-9720-dd343377f456: nextIndex: updateUnconditionally 0 -> 0
2019-09-26 16:44:00,520 [grpc-default-executor-1] WARN  server.GrpcLogAppender (LogUtils.java:warn(134)) - bd1aaaac-53c2-4304-bd38-0d16eb0e5a88@group-63DD3CFCC676->159771ad-9275-4e40-b5e3-0b44f8b2602b-AppendLogResponseHandler: Failed appendEntries: org.apache.ratis.thirdparty.io.grpc.StatusRuntimeException: UNAVAILABLE: io exception
2019-09-26 16:44:00,521 [grpc-default-executor-1] INFO  impl.FollowerInfo (FollowerInfo.java:lambda$new$0(51)) - bd1aaaac-53c2-4304-bd38-0d16eb0e5a88@group-63DD3CFCC676->159771ad-9275-4e40-b5e3-0b44f8b2602b: nextIndex: updateUnconditionally 0 -> 0
2019-09-26 16:44:00,904 [grpc-default-executor-1] WARN  server.GrpcLogAppender (LogUtils.java:warn(134)) - 3837398e-557b-4755-8718-a3ecbfd2ca45@group-A9934AC8BE5F->dd403047-9c6e-40b9-92d3-171c1bb28f71-AppendLogResponseHandler: Failed appendEntries: org.apache.ratis.thirdparty.io.grpc.StatusRuntimeException: UNAVAILABLE: io exception
2019-09-26 16:44:00,904 [grpc-default-executor-1] INFO  impl.FollowerInfo (FollowerInfo.java:lambda$new$0(51)) - 3837398e-557b-4755-8718-a3ecbfd2ca45@group-A9934AC8BE5F->dd403047-9c6e-40b9-92d3-171c1bb28f71: nextIndex: updateUnconditionally 0 -> 0
2019-09-26 16:44:00,917 [grpc-default-executor-1] WARN  server.GrpcLogAppender (LogUtils.java:warn(134)) - 3837398e-557b-4755-8718-a3ecbfd2ca45@group-A9934AC8BE5F->f45586a2-d7c2-4816-9720-dd343377f456-AppendLogResponseHandler: Failed appendEntries: org.apache.ratis.thirdparty.io.grpc.StatusRuntimeException: UNAVAILABLE: io exception
2019-09-26 16:44:00,917 [grpc-default-executor-1] INFO  impl.FollowerInfo (FollowerInfo.java:lambda$new$0(51)) - 3837398e-557b-4755-8718-a3ecbfd2ca45@group-A9934AC8BE5F->f45586a2-d7c2-4816-9720-dd343377f456: nextIndex: updateUnconditionally 0 -> 0
2019-09-26 16:44:01,021 [grpc-default-executor-1] WARN  server.GrpcLogAppender (LogUtils.java:warn(134)) - bd1aaaac-53c2-4304-bd38-0d16eb0e5a88@group-63DD3CFCC676->159771ad-9275-4e40-b5e3-0b44f8b2602b-AppendLogResponseHandler: Failed appendEntries: org.apache.ratis.thirdparty.io.grpc.StatusRuntimeException: UNAVAILABLE: io exception
2019-09-26 16:44:01,021 [grpc-default-executor-1] INFO  impl.FollowerInfo (FollowerInfo.java:lambda$new$0(51)) - bd1aaaac-53c2-4304-bd38-0d16eb0e5a88@group-63DD3CFCC676->159771ad-9275-4e40-b5e3-0b44f8b2602b: nextIndex: updateUnconditionally 0 -> 0
2019-09-26 16:44:01,405 [grpc-default-executor-3] WARN  server.GrpcLogAppender (LogUtils.java:warn(134)) - 3837398e-557b-4755-8718-a3ecbfd2ca45@group-A9934AC8BE5F->dd403047-9c6e-40b9-92d3-171c1bb28f71-AppendLogResponseHandler: Failed appendEntries: org.apache.ratis.thirdparty.io.grpc.StatusRuntimeException: UNAVAILABLE: io exception
2019-09-26 16:44:01,405 [grpc-default-executor-3] INFO  impl.FollowerInfo (FollowerInfo.java:lambda$new$0(51)) - 3837398e-557b-4755-8718-a3ecbfd2ca45@group-A9934AC8BE5F->dd403047-9c6e-40b9-92d3-171c1bb28f71: nextIndex: updateUnconditionally 0 -> 0
2019-09-26 16:44:01,417 [grpc-default-executor-4] WARN  server.GrpcLogAppender (LogUtils.java:warn(134)) - 3837398e-557b-4755-8718-a3ecbfd2ca45@group-A9934AC8BE5F->f45586a2-d7c2-4816-9720-dd343377f456-AppendLogResponseHandler: Failed appendEntries: org.apache.ratis.thirdparty.io.grpc.StatusRuntimeException: UNAVAILABLE: io exception
2019-09-26 16:44:01,418 [grpc-default-executor-4] INFO  impl.FollowerInfo (FollowerInfo.java:lambda$new$0(51)) - 3837398e-557b-4755-8718-a3ecbfd2ca45@group-A9934AC8BE5F->f45586a2-d7c2-4816-9720-dd343377f456: nextIndex: updateUnconditionally 0 -> 0
2019-09-26 16:44:01,525 [grpc-default-executor-1] WARN  server.GrpcLogAppender (LogUtils.java:warn(134)) - bd1aaaac-53c2-4304-bd38-0d16eb0e5a88@group-63DD3CFCC676->159771ad-9275-4e40-b5e3-0b44f8b2602b-AppendLogResponseHandler: Failed appendEntries: org.apache.ratis.thirdparty.io.grpc.StatusRuntimeException: UNAVAILABLE: io exception
2019-09-26 16:44:01,526 [grpc-default-executor-1] INFO  impl.FollowerInfo (FollowerInfo.java:lambda$new$0(51)) - bd1aaaac-53c2-4304-bd38-0d16eb0e5a88@group-63DD3CFCC676->159771ad-9275-4e40-b5e3-0b44f8b2602b: nextIndex: updateUnconditionally 0 -> 0
2019-09-26 16:44:01,905 [grpc-default-executor-1] WARN  server.GrpcLogAppender (LogUtils.java:warn(134)) - 3837398e-557b-4755-8718-a3ecbfd2ca45@group-A9934AC8BE5F->dd403047-9c6e-40b9-92d3-171c1bb28f71-AppendLogResponseHandler: Failed appendEntries: org.apache.ratis.thirdparty.io.grpc.StatusRuntimeException: UNAVAILABLE: io exception
2019-09-26 16:44:01,906 [grpc-default-executor-1] INFO  impl.FollowerInfo (FollowerInfo.java:lambda$new$0(51)) - 3837398e-557b-4755-8718-a3ecbfd2ca45@group-A9934AC8BE5F->dd403047-9c6e-40b9-92d3-171c1bb28f71: nextIndex: updateUnconditionally 0 -> 0
2019-09-26 16:44:01,918 [grpc-default-executor-3] WARN  server.GrpcLogAppender (LogUtils.java:warn(134)) - 3837398e-557b-4755-8718-a3ecbfd2ca45@group-A9934AC8BE5F->f45586a2-d7c2-4816-9720-dd343377f456-AppendLogResponseHandler: Failed appendEntries: org.apache.ratis.thirdparty.io.grpc.StatusRuntimeException: UNAVAILABLE: io exception
2019-09-26 16:44:01,918 [grpc-default-executor-3] INFO  impl.FollowerInfo (FollowerInfo.java:lambda$new$0(51)) - 3837398e-557b-4755-8718-a3ecbfd2ca45@group-A9934AC8BE5F->f45586a2-d7c2-4816-9720-dd343377f456: nextIndex: updateUnconditionally 0 -> 0
2019-09-26 16:44:02,022 [grpc-default-executor-4] WARN  server.GrpcLogAppender (LogUtils.java:warn(134)) - bd1aaaac-53c2-4304-bd38-0d16eb0e5a88@group-63DD3CFCC676->159771ad-9275-4e40-b5e3-0b44f8b2602b-AppendLogResponseHandler: Failed appendEntries: org.apache.ratis.thirdparty.io.grpc.StatusRuntimeException: UNAVAILABLE: io exception
2019-09-26 16:44:02,023 [grpc-default-executor-4] INFO  impl.FollowerInfo (FollowerInfo.java:lambda$new$0(51)) - bd1aaaac-53c2-4304-bd38-0d16eb0e5a88@group-63DD3CFCC676->159771ad-9275-4e40-b5e3-0b44f8b2602b: nextIndex: updateUnconditionally 0 -> 0
2019-09-26 16:44:02,405 [grpc-default-executor-1] WARN  server.GrpcLogAppender (LogUtils.java:warn(134)) - 3837398e-557b-4755-8718-a3ecbfd2ca45@group-A9934AC8BE5F->dd403047-9c6e-40b9-92d3-171c1bb28f71-AppendLogResponseHandler: Failed appendEntries: org.apache.ratis.thirdparty.io.grpc.StatusRuntimeException: UNAVAILABLE: io exception
2019-09-26 16:44:02,406 [grpc-default-executor-1] INFO  impl.FollowerInfo (FollowerInfo.java:lambda$new$0(51)) - 3837398e-557b-4755-8718-a3ecbfd2ca45@group-A9934AC8BE5F->dd403047-9c6e-40b9-92d3-171c1bb28f71: nextIndex: updateUnconditionally 0 -> 0
2019-09-26 16:44:02,419 [grpc-default-executor-1] WARN  server.GrpcLogAppender (LogUtils.java:warn(134)) - 3837398e-557b-4755-8718-a3ecbfd2ca45@group-A9934AC8BE5F->f45586a2-d7c2-4816-9720-dd343377f456-AppendLogResponseHandler: Failed appendEntries: org.apache.ratis.thirdparty.io.grpc.StatusRuntimeException: UNAVAILABLE: io exception
2019-09-26 16:44:02,419 [grpc-default-executor-1] INFO  impl.FollowerInfo (FollowerInfo.java:lambda$new$0(51)) - 3837398e-557b-4755-8718-a3ecbfd2ca45@group-A9934AC8BE5F->f45586a2-d7c2-4816-9720-dd343377f456: nextIndex: updateUnconditionally 0 -> 0
2019-09-26 16:44:02,524 [grpc-default-executor-3] WARN  server.GrpcLogAppender (LogUtils.java:warn(134)) - bd1aaaac-53c2-4304-bd38-0d16eb0e5a88@group-63DD3CFCC676->159771ad-9275-4e40-b5e3-0b44f8b2602b-AppendLogResponseHandler: Failed appendEntries: org.apache.ratis.thirdparty.io.grpc.StatusRuntimeException: UNAVAILABLE: io exception
2019-09-26 16:44:02,524 [grpc-default-executor-3] INFO  impl.FollowerInfo (FollowerInfo.java:lambda$new$0(51)) - bd1aaaac-53c2-4304-bd38-0d16eb0e5a88@group-63DD3CFCC676->159771ad-9275-4e40-b5e3-0b44f8b2602b: nextIndex: updateUnconditionally 0 -> 0
2019-09-26 16:44:02,906 [grpc-default-executor-4] WARN  server.GrpcLogAppender (LogUtils.java:warn(134)) - 3837398e-557b-4755-8718-a3ecbfd2ca45@group-A9934AC8BE5F->dd403047-9c6e-40b9-92d3-171c1bb28f71-AppendLogResponseHandler: Failed appendEntries: org.apache.ratis.thirdparty.io.grpc.StatusRuntimeException: UNAVAILABLE: io exception
2019-09-26 16:44:02,907 [grpc-default-executor-4] INFO  impl.FollowerInfo (FollowerInfo.java:lambda$new$0(51)) - 3837398e-557b-4755-8718-a3ecbfd2ca45@group-A9934AC8BE5F->dd403047-9c6e-40b9-92d3-171c1bb28f71: nextIndex: updateUnconditionally 0 -> 0
2019-09-26 16:44:02,919 [grpc-default-executor-3] WARN  server.GrpcLogAppender (LogUtils.java:warn(134)) - 3837398e-557b-4755-8718-a3ecbfd2ca45@group-A9934AC8BE5F->f45586a2-d7c2-4816-9720-dd343377f456-AppendLogResponseHandler: Failed appendEntries: org.apache.ratis.thirdparty.io.grpc.StatusRuntimeException: UNAVAILABLE: io exception
2019-09-26 16:44:02,919 [grpc-default-executor-3] INFO  impl.FollowerInfo (FollowerInfo.java:lambda$new$0(51)) - 3837398e-557b-4755-8718-a3ecbfd2ca45@group-A9934AC8BE5F->f45586a2-d7c2-4816-9720-dd343377f456: nextIndex: updateUnconditionally 0 -> 0
2019-09-26 16:44:03,024 [grpc-default-executor-1] WARN  server.GrpcLogAppender (LogUtils.java:warn(134)) - bd1aaaac-53c2-4304-bd38-0d16eb0e5a88@group-63DD3CFCC676->159771ad-9275-4e40-b5e3-0b44f8b2602b-AppendLogResponseHandler: Failed appendEntries: org.apache.ratis.thirdparty.io.grpc.StatusRuntimeException: UNAVAILABLE: io exception
2019-09-26 16:44:03,025 [grpc-default-executor-1] INFO  impl.FollowerInfo (FollowerInfo.java:lambda$new$0(51)) - bd1aaaac-53c2-4304-bd38-0d16eb0e5a88@group-63DD3CFCC676->159771ad-9275-4e40-b5e3-0b44f8b2602b: nextIndex: updateUnconditionally 0 -> 0
2019-09-26 16:44:03,407 [grpc-default-executor-1] WARN  server.GrpcLogAppender (LogUtils.java:warn(134)) - 3837398e-557b-4755-8718-a3ecbfd2ca45@group-A9934AC8BE5F->dd403047-9c6e-40b9-92d3-171c1bb28f71-AppendLogResponseHandler: Failed appendEntries: org.apache.ratis.thirdparty.io.grpc.StatusRuntimeException: UNAVAILABLE: io exception
2019-09-26 16:44:03,408 [grpc-default-executor-1] INFO  impl.FollowerInfo (FollowerInfo.java:lambda$new$0(51)) - 3837398e-557b-4755-8718-a3ecbfd2ca45@group-A9934AC8BE5F->dd403047-9c6e-40b9-92d3-171c1bb28f71: nextIndex: updateUnconditionally 0 -> 0
2019-09-26 16:44:03,420 [grpc-default-executor-1] WARN  server.GrpcLogAppender (LogUtils.java:warn(134)) - 3837398e-557b-4755-8718-a3ecbfd2ca45@group-A9934AC8BE5F->f45586a2-d7c2-4816-9720-dd343377f456-AppendLogResponseHandler: Failed appendEntries: org.apache.ratis.thirdparty.io.grpc.StatusRuntimeException: UNAVAILABLE: io exception
2019-09-26 16:44:03,420 [grpc-default-executor-1] INFO  impl.FollowerInfo (FollowerInfo.java:lambda$new$0(51)) - 3837398e-557b-4755-8718-a3ecbfd2ca45@group-A9934AC8BE5F->f45586a2-d7c2-4816-9720-dd343377f456: nextIndex: updateUnconditionally 0 -> 0
2019-09-26 16:44:03,525 [grpc-default-executor-4] WARN  server.GrpcLogAppender (LogUtils.java:warn(134)) - bd1aaaac-53c2-4304-bd38-0d16eb0e5a88@group-63DD3CFCC676->159771ad-9275-4e40-b5e3-0b44f8b2602b-AppendLogResponseHandler: Failed appendEntries: org.apache.ratis.thirdparty.io.grpc.StatusRuntimeException: UNAVAILABLE: io exception
2019-09-26 16:44:03,525 [grpc-default-executor-4] INFO  impl.FollowerInfo (FollowerInfo.java:lambda$new$0(51)) - bd1aaaac-53c2-4304-bd38-0d16eb0e5a88@group-63DD3CFCC676->159771ad-9275-4e40-b5e3-0b44f8b2602b: nextIndex: updateUnconditionally 0 -> 0
2019-09-26 16:44:03,631 [main] INFO  ozoneimpl.OzoneContainer (OzoneContainer.java:stop(231)) - Attempting to stop container services.
2019-09-26 16:44:03,631 [main] INFO  impl.RaftServerProxy (RaftServerProxy.java:lambda$close$4(314)) - 3837398e-557b-4755-8718-a3ecbfd2ca45: close
2019-09-26 16:44:03,632 [main] INFO  impl.RaftServerImpl (RaftServerImpl.java:lambda$shutdown$3(251)) - 3837398e-557b-4755-8718-a3ecbfd2ca45@group-A9934AC8BE5F: shutdown
2019-09-26 16:44:03,632 [main] INFO  util.JmxRegister (JmxRegister.java:unregister(73)) - Successfully un-registered JMX Bean with object name Ratis:service=RaftServer,group=group-A9934AC8BE5F,id=3837398e-557b-4755-8718-a3ecbfd2ca45
2019-09-26 16:44:03,633 [main] INFO  impl.RoleInfo (RoleInfo.java:shutdownLeaderState(104)) - 3837398e-557b-4755-8718-a3ecbfd2ca45: shutdown LeaderState
2019-09-26 16:44:03,638 [org.apache.ratis.server.impl.LogAppender$AppenderDaemon$$Lambda$414/452738001@4b1cba53] WARN  server.GrpcLogAppender (GrpcLogAppender.java:mayWait(143)) - 3837398e-557b-4755-8718-a3ecbfd2ca45@group-A9934AC8BE5F->f45586a2-d7c2-4816-9720-dd343377f456-GrpcLogAppender: Wait interrupted by java.lang.InterruptedException
2019-09-26 16:44:03,638 [org.apache.ratis.server.impl.LogAppender$AppenderDaemon$$Lambda$414/452738001@4aa0809] WARN  server.GrpcLogAppender (GrpcLogAppender.java:mayWait(143)) - 3837398e-557b-4755-8718-a3ecbfd2ca45@group-A9934AC8BE5F->dd403047-9c6e-40b9-92d3-171c1bb28f71-GrpcLogAppender: Wait interrupted by java.lang.InterruptedException
2019-09-26 16:44:03,638 [main] INFO  impl.PendingRequests (PendingRequests.java:sendNotLeaderResponses(202)) - 3837398e-557b-4755-8718-a3ecbfd2ca45-PendingRequests: sendNotLeaderResponses
2019-09-26 16:44:03,641 [main] INFO  impl.StateMachineUpdater (StateMachineUpdater.java:stopAndJoin(125)) - 3837398e-557b-4755-8718-a3ecbfd2ca45@group-A9934AC8BE5F-StateMachineUpdater: set stopIndex = 2
2019-09-26 16:44:03,641 [main] INFO  impl.RaftServerImpl (ServerState.java:close(385)) - 3837398e-557b-4755-8718-a3ecbfd2ca45@group-A9934AC8BE5F: closes. applyIndex: 2
2019-09-26 16:44:03,642 [3837398e-557b-4755-8718-a3ecbfd2ca45@group-A9934AC8BE5F-SegmentedRaftLogWorker] INFO  segmented.SegmentedRaftLogWorker (SegmentedRaftLogWorker.java:run(313)) - 3837398e-557b-4755-8718-a3ecbfd2ca45@group-A9934AC8BE5F-SegmentedRaftLogWorker was interrupted, exiting. There are 0 tasks remaining in the queue.
2019-09-26 16:44:03,642 [main] INFO  segmented.SegmentedRaftLogWorker (SegmentedRaftLogWorker.java:close(228)) - 3837398e-557b-4755-8718-a3ecbfd2ca45@group-A9934AC8BE5F-SegmentedRaftLogWorker close()
2019-09-26 16:44:03,643 [main] INFO  impl.RaftServerImpl (RaftServerImpl.java:lambda$shutdown$3(251)) - 3837398e-557b-4755-8718-a3ecbfd2ca45@group-203D0B0F5E11: shutdown
2019-09-26 16:44:03,643 [main] INFO  util.JmxRegister (JmxRegister.java:unregister(73)) - Successfully un-registered JMX Bean with object name Ratis:service=RaftServer,group=group-203D0B0F5E11,id=3837398e-557b-4755-8718-a3ecbfd2ca45
2019-09-26 16:44:03,644 [main] INFO  impl.RoleInfo (RoleInfo.java:shutdownLeaderState(104)) - 3837398e-557b-4755-8718-a3ecbfd2ca45: shutdown LeaderState
2019-09-26 16:44:03,644 [main] INFO  impl.PendingRequests (PendingRequests.java:sendNotLeaderResponses(202)) - 3837398e-557b-4755-8718-a3ecbfd2ca45-PendingRequests: sendNotLeaderResponses
2019-09-26 16:44:03,645 [main] INFO  impl.StateMachineUpdater (StateMachineUpdater.java:stopAndJoin(125)) - 3837398e-557b-4755-8718-a3ecbfd2ca45@group-203D0B0F5E11-StateMachineUpdater: set stopIndex = 0
2019-09-26 16:44:03,645 [main] INFO  impl.RaftServerImpl (ServerState.java:close(385)) - 3837398e-557b-4755-8718-a3ecbfd2ca45@group-203D0B0F5E11: closes. applyIndex: 0
2019-09-26 16:44:03,646 [3837398e-557b-4755-8718-a3ecbfd2ca45@group-203D0B0F5E11-SegmentedRaftLogWorker] INFO  segmented.SegmentedRaftLogWorker (SegmentedRaftLogWorker.java:run(313)) - 3837398e-557b-4755-8718-a3ecbfd2ca45@group-203D0B0F5E11-SegmentedRaftLogWorker was interrupted, exiting. There are 0 tasks remaining in the queue.
2019-09-26 16:44:03,646 [main] INFO  segmented.SegmentedRaftLogWorker (SegmentedRaftLogWorker.java:close(228)) - 3837398e-557b-4755-8718-a3ecbfd2ca45@group-203D0B0F5E11-SegmentedRaftLogWorker close()
2019-09-26 16:44:03,647 [main] INFO  server.GrpcService (GrpcService.java:closeImpl(164)) - 3837398e-557b-4755-8718-a3ecbfd2ca45: shutdown server with port 34238 now
2019-09-26 16:44:03,647 [main] INFO  server.GrpcService (GrpcService.java:closeImpl(172)) - 3837398e-557b-4755-8718-a3ecbfd2ca45: shutdown server with port 34238 successfully
2019-09-26 16:44:03,649 [ForkJoinPool.commonPool-worker-0] INFO  ozoneimpl.OzoneContainer (OzoneContainer.java:stop(231)) - Attempting to stop container services.
2019-09-26 16:44:03,650 [ForkJoinPool.commonPool-worker-0] INFO  impl.RaftServerProxy (RaftServerProxy.java:lambda$close$4(314)) - bd1aaaac-53c2-4304-bd38-0d16eb0e5a88: close
2019-09-26 16:44:03,650 [ForkJoinPool.commonPool-worker-0] INFO  impl.RaftServerImpl (RaftServerImpl.java:lambda$shutdown$3(251)) - bd1aaaac-53c2-4304-bd38-0d16eb0e5a88@group-63DD3CFCC676: shutdown
2019-09-26 16:44:03,650 [ForkJoinPool.commonPool-worker-0] INFO  util.JmxRegister (JmxRegister.java:unregister(73)) - Successfully un-registered JMX Bean with object name Ratis:service=RaftServer,group=group-63DD3CFCC676,id=bd1aaaac-53c2-4304-bd38-0d16eb0e5a88
2019-09-26 16:44:03,651 [ForkJoinPool.commonPool-worker-0] INFO  impl.RoleInfo (RoleInfo.java:shutdownLeaderState(104)) - bd1aaaac-53c2-4304-bd38-0d16eb0e5a88: shutdown LeaderState
2019-09-26 16:44:03,651 [refreshUsed-/workdir/hadoop-ozone/integration-test/target/test-dir/MiniOzoneClusterImpl-3c389332-0e16-4a63-91ed-68711720325b/datanode-9/data/containers] WARN  fs.CachingGetSpaceUsed (CachingGetSpaceUsed.java:run(183)) - Thread Interrupted waiting to refresh disk information: sleep interrupted
2019-09-26 16:44:03,651 [org.apache.ratis.server.impl.LogAppender$AppenderDaemon$$Lambda$414/452738001@576c1930] WARN  server.GrpcLogAppender (GrpcLogAppender.java:mayWait(143)) - bd1aaaac-53c2-4304-bd38-0d16eb0e5a88@group-63DD3CFCC676->159771ad-9275-4e40-b5e3-0b44f8b2602b-GrpcLogAppender: Wait interrupted by java.lang.InterruptedException
2019-09-26 16:44:03,651 [org.apache.ratis.server.impl.LogAppender$AppenderDaemon$$Lambda$414/452738001@7826c002] WARN  server.GrpcLogAppender (GrpcLogAppender.java:mayWait(143)) - bd1aaaac-53c2-4304-bd38-0d16eb0e5a88@group-63DD3CFCC676->58c4a369-c250-4760-99a6-8b9370b39159-GrpcLogAppender: Wait interrupted by java.lang.InterruptedException
2019-09-26 16:44:03,651 [ForkJoinPool.commonPool-worker-0] INFO  impl.PendingRequests (PendingRequests.java:sendNotLeaderResponses(202)) - bd1aaaac-53c2-4304-bd38-0d16eb0e5a88-PendingRequests: sendNotLeaderResponses
2019-09-26 16:44:03,652 [grpc-default-executor-4] INFO  server.GrpcServerProtocolService (GrpcServerProtocolService.java:onCompleted(113)) - 58c4a369-c250-4760-99a6-8b9370b39159: Completed APPEND_ENTRIES, lastRequest: bd1aaaac-53c2-4304-bd38-0d16eb0e5a88->58c4a369-c250-4760-99a6-8b9370b39159#260-t1, previous=(t:1, i:0), leaderCommit=0, initializing? false, entries: <empty>
2019-09-26 16:44:03,652 [ForkJoinPool.commonPool-worker-0] INFO  impl.StateMachineUpdater (StateMachineUpdater.java:stopAndJoin(125)) - bd1aaaac-53c2-4304-bd38-0d16eb0e5a88@group-63DD3CFCC676-StateMachineUpdater: set stopIndex = 0
2019-09-26 16:44:03,652 [ForkJoinPool.commonPool-worker-0] INFO  impl.RaftServerImpl (ServerState.java:close(385)) - bd1aaaac-53c2-4304-bd38-0d16eb0e5a88@group-63DD3CFCC676: closes. applyIndex: 0
2019-09-26 16:44:03,653 [grpc-default-executor-4] INFO  server.GrpcLogAppender (GrpcLogAppender.java:onCompleted(293)) - bd1aaaac-53c2-4304-bd38-0d16eb0e5a88@group-63DD3CFCC676->58c4a369-c250-4760-99a6-8b9370b39159-AppendLogResponseHandler: follower responses appendEntries COMPLETED
2019-09-26 16:44:03,653 [bd1aaaac-53c2-4304-bd38-0d16eb0e5a88@group-63DD3CFCC676-SegmentedRaftLogWorker] INFO  segmented.SegmentedRaftLogWorker (SegmentedRaftLogWorker.java:run(313)) - bd1aaaac-53c2-4304-bd38-0d16eb0e5a88@group-63DD3CFCC676-SegmentedRaftLogWorker was interrupted, exiting. There are 0 tasks remaining in the queue.
2019-09-26 16:44:03,653 [grpc-default-executor-4] INFO  impl.FollowerInfo (FollowerInfo.java:lambda$new$0(51)) - bd1aaaac-53c2-4304-bd38-0d16eb0e5a88@group-63DD3CFCC676->58c4a369-c250-4760-99a6-8b9370b39159: nextIndex: updateUnconditionally 1 -> 0
2019-09-26 16:44:03,653 [ForkJoinPool.commonPool-worker-0] INFO  segmented.SegmentedRaftLogWorker (SegmentedRaftLogWorker.java:close(228)) - bd1aaaac-53c2-4304-bd38-0d16eb0e5a88@group-63DD3CFCC676-SegmentedRaftLogWorker close()
2019-09-26 16:44:03,654 [ForkJoinPool.commonPool-worker-0] INFO  impl.RaftServerImpl (RaftServerImpl.java:lambda$shutdown$3(251)) - bd1aaaac-53c2-4304-bd38-0d16eb0e5a88@group-81B46142DA7C: shutdown
2019-09-26 16:44:03,654 [ForkJoinPool.commonPool-worker-0] INFO  util.JmxRegister (JmxRegister.java:unregister(73)) - Successfully un-registered JMX Bean with object name Ratis:service=RaftServer,group=group-81B46142DA7C,id=bd1aaaac-53c2-4304-bd38-0d16eb0e5a88
2019-09-26 16:44:03,654 [ForkJoinPool.commonPool-worker-0] INFO  impl.RoleInfo (RoleInfo.java:shutdownLeaderState(104)) - bd1aaaac-53c2-4304-bd38-0d16eb0e5a88: shutdown LeaderState
2019-09-26 16:44:03,655 [ForkJoinPool.commonPool-worker-0] INFO  impl.PendingRequests (PendingRequests.java:sendNotLeaderResponses(202)) - bd1aaaac-53c2-4304-bd38-0d16eb0e5a88-PendingRequests: sendNotLeaderResponses
2019-09-26 16:44:03,655 [ForkJoinPool.commonPool-worker-0] INFO  impl.StateMachineUpdater (StateMachineUpdater.java:stopAndJoin(125)) - bd1aaaac-53c2-4304-bd38-0d16eb0e5a88@group-81B46142DA7C-StateMachineUpdater: set stopIndex = 0
2019-09-26 16:44:03,655 [ForkJoinPool.commonPool-worker-0] INFO  impl.RaftServerImpl (ServerState.java:close(385)) - bd1aaaac-53c2-4304-bd38-0d16eb0e5a88@group-81B46142DA7C: closes. applyIndex: 0
2019-09-26 16:44:03,656 [bd1aaaac-53c2-4304-bd38-0d16eb0e5a88@group-81B46142DA7C-SegmentedRaftLogWorker] INFO  segmented.SegmentedRaftLogWorker (SegmentedRaftLogWorker.java:run(313)) - bd1aaaac-53c2-4304-bd38-0d16eb0e5a88@group-81B46142DA7C-SegmentedRaftLogWorker was interrupted, exiting. There are 0 tasks remaining in the queue.
2019-09-26 16:44:03,656 [ForkJoinPool.commonPool-worker-0] INFO  segmented.SegmentedRaftLogWorker (SegmentedRaftLogWorker.java:close(228)) - bd1aaaac-53c2-4304-bd38-0d16eb0e5a88@group-81B46142DA7C-SegmentedRaftLogWorker close()
2019-09-26 16:44:03,657 [ForkJoinPool.commonPool-worker-0] INFO  server.GrpcService (GrpcService.java:closeImpl(164)) - bd1aaaac-53c2-4304-bd38-0d16eb0e5a88: shutdown server with port 40409 now
2019-09-26 16:44:03,657 [ForkJoinPool.commonPool-worker-0] INFO  server.GrpcService (GrpcService.java:closeImpl(172)) - bd1aaaac-53c2-4304-bd38-0d16eb0e5a88: shutdown server with port 40409 successfully
2019-09-26 16:44:03,659 [refreshUsed-/workdir/hadoop-ozone/integration-test/target/test-dir/MiniOzoneClusterImpl-3c389332-0e16-4a63-91ed-68711720325b/datanode-0/data/containers] WARN  fs.CachingGetSpaceUsed (CachingGetSpaceUsed.java:run(183)) - Thread Interrupted waiting to refresh disk information: sleep interrupted
2019-09-26 16:44:03,668 [main] INFO  utils.BackgroundService (BackgroundService.java:shutdown(148)) - Shutting down service BlockDeletingService
2019-09-26 16:44:03,678 [main] INFO  statemachine.DatanodeStateMachine (DatanodeStateMachine.java:stopDaemon(395)) - Ozone container server stopped.
2019-09-26 16:44:03,680 [main] INFO  handler.ContextHandler (ContextHandler.java:doStop(910)) - Stopped o.e.j.w.WebAppContext@570a62a5{/,null,UNAVAILABLE}{/hddsDatanode}
2019-09-26 16:44:03,681 [main] INFO  server.AbstractConnector (AbstractConnector.java:doStop(318)) - Stopped ServerConnector@36224f93{HTTP/1.1,[http/1.1]}{0.0.0.0:0}
2019-09-26 16:44:03,681 [main] INFO  handler.ContextHandler (ContextHandler.java:doStop(910)) - Stopped o.e.j.s.ServletContextHandler@2c9d90fc{/static,jar:file:/home/user/.m2/repository/org/apache/hadoop/hadoop-hdds-container-service/0.5.0-SNAPSHOT/hadoop-hdds-container-service-0.5.0-SNAPSHOT.jar!/webapps/static,UNAVAILABLE}
2019-09-26 16:44:03,682 [main] INFO  handler.ContextHandler (ContextHandler.java:doStop(910)) - Stopped o.e.j.s.ServletContextHandler@3e4d40ea{/logs,file:///workdir/hadoop-ozone/integration-test/target/log,UNAVAILABLE}
2019-09-26 16:44:03,685 [ForkJoinPool.commonPool-worker-0] INFO  utils.BackgroundService (BackgroundService.java:shutdown(148)) - Shutting down service BlockDeletingService
2019-09-26 16:44:03,689 [ForkJoinPool.commonPool-worker-0] INFO  statemachine.DatanodeStateMachine (DatanodeStateMachine.java:stopDaemon(395)) - Ozone container server stopped.
2019-09-26 16:44:03,692 [ForkJoinPool.commonPool-worker-0] INFO  handler.ContextHandler (ContextHandler.java:doStop(910)) - Stopped o.e.j.w.WebAppContext@18d47df0{/,null,UNAVAILABLE}{/hddsDatanode}
2019-09-26 16:44:03,693 [ForkJoinPool.commonPool-worker-0] INFO  server.AbstractConnector (AbstractConnector.java:doStop(318)) - Stopped ServerConnector@28393e82{HTTP/1.1,[http/1.1]}{0.0.0.0:0}
2019-09-26 16:44:03,693 [ForkJoinPool.commonPool-worker-0] INFO  handler.ContextHandler (ContextHandler.java:doStop(910)) - Stopped o.e.j.s.ServletContextHandler@46a795de{/static,jar:file:/home/user/.m2/repository/org/apache/hadoop/hadoop-hdds-container-service/0.5.0-SNAPSHOT/hadoop-hdds-container-service-0.5.0-SNAPSHOT.jar!/webapps/static,UNAVAILABLE}
2019-09-26 16:44:03,694 [ForkJoinPool.commonPool-worker-0] INFO  handler.ContextHandler (ContextHandler.java:doStop(910)) - Stopped o.e.j.s.ServletContextHandler@5e1a986c{/logs,file:///workdir/hadoop-ozone/integration-test/target/log,UNAVAILABLE}
2019-09-26 16:44:03,983 [Datanode State Machine Thread - 0] INFO  statemachine.DatanodeStateMachine (DatanodeStateMachine.java:lambda$startDaemon$0(350)) - Ozone container server started.
2019-09-26 16:44:04,579 [Datanode State Machine Thread - 0] INFO  statemachine.DatanodeStateMachine (DatanodeStateMachine.java:lambda$startDaemon$0(350)) - Ozone container server started.
2019-09-26 16:44:05,407 [Thread-6019] INFO  impl.FollowerState (FollowerState.java:run(106)) - 58c4a369-c250-4760-99a6-8b9370b39159:group-63DD3CFCC676 changes to CANDIDATE, lastRpcTime:1875, electionTimeout:1068ms
2019-09-26 16:44:05,408 [Thread-6019] INFO  impl.RoleInfo (RoleInfo.java:shutdownFollowerState(121)) - 58c4a369-c250-4760-99a6-8b9370b39159: shutdown FollowerState
2019-09-26 16:44:05,408 [Thread-6019] INFO  impl.RaftServerImpl (RaftServerImpl.java:setRole(174)) - 58c4a369-c250-4760-99a6-8b9370b39159@group-63DD3CFCC676: changes role from  FOLLOWER to CANDIDATE at term 1 for changeToCandidate
2019-09-26 16:44:05,408 [Thread-6019] INFO  impl.RoleInfo (RoleInfo.java:updateAndGet(143)) - 58c4a369-c250-4760-99a6-8b9370b39159: start LeaderElection
2019-09-26 16:44:05,408 [58c4a369-c250-4760-99a6-8b9370b39159@group-63DD3CFCC676:LeaderElection82] INFO  impl.RaftServerImpl (ServerState.java:setLeader(253)) - 58c4a369-c250-4760-99a6-8b9370b39159@group-63DD3CFCC676: change Leader from bd1aaaac-53c2-4304-bd38-0d16eb0e5a88 to null at term 1 for initElection
2019-09-26 16:44:05,426 [58c4a369-c250-4760-99a6-8b9370b39159@group-63DD3CFCC676:LeaderElection82] INFO  impl.LeaderElection (LeaderElection.java:askForVotes(182)) - 58c4a369-c250-4760-99a6-8b9370b39159@group-63DD3CFCC676:LeaderElection82: begin an election at term 2 for 0: [bd1aaaac-53c2-4304-bd38-0d16eb0e5a88:192.168.157.234:40409, 159771ad-9275-4e40-b5e3-0b44f8b2602b:192.168.157.234:44936, 58c4a369-c250-4760-99a6-8b9370b39159:192.168.157.234:42613], old=null
2019-09-26 16:44:05,429 [58c4a369-c250-4760-99a6-8b9370b39159@group-63DD3CFCC676:LeaderElection82] INFO  impl.LeaderElection (LogUtils.java:infoOrTrace(149)) - 58c4a369-c250-4760-99a6-8b9370b39159@group-63DD3CFCC676:LeaderElection82 got exception when requesting votes: {}
java.util.concurrent.ExecutionException: org.apache.ratis.thirdparty.io.grpc.StatusRuntimeException: UNAVAILABLE: io exception
	at java.util.concurrent.FutureTask.report(FutureTask.java:122)
	at java.util.concurrent.FutureTask.get(FutureTask.java:192)
	at org.apache.ratis.server.impl.LeaderElection.waitForResults(LeaderElection.java:263)
	at org.apache.ratis.server.impl.LeaderElection.askForVotes(LeaderElection.java:201)
	at org.apache.ratis.server.impl.LeaderElection.run(LeaderElection.java:133)
	at java.lang.Thread.run(Thread.java:748)
Caused by: org.apache.ratis.thirdparty.io.grpc.StatusRuntimeException: UNAVAILABLE: io exception
	at org.apache.ratis.thirdparty.io.grpc.stub.ClientCalls.toStatusRuntimeException(ClientCalls.java:233)
	at org.apache.ratis.thirdparty.io.grpc.stub.ClientCalls.getUnchecked(ClientCalls.java:214)
	at org.apache.ratis.thirdparty.io.grpc.stub.ClientCalls.blockingUnaryCall(ClientCalls.java:139)
	at org.apache.ratis.proto.grpc.RaftServerProtocolServiceGrpc$RaftServerProtocolServiceBlockingStub.requestVote(RaftServerProtocolServiceGrpc.java:265)
	at org.apache.ratis.grpc.server.GrpcServerProtocolClient.requestVote(GrpcServerProtocolClient.java:90)
	at org.apache.ratis.grpc.server.GrpcService.requestVote(GrpcService.java:204)
	at org.apache.ratis.server.impl.LeaderElection.lambda$submitRequests$1(LeaderElection.java:238)
	at java.util.concurrent.FutureTask.run(FutureTask.java:266)
	at java.util.concurrent.Executors$RunnableAdapter.call(Executors.java:511)
	at java.util.concurrent.FutureTask.run(FutureTask.java:266)
	at java.util.concurrent.ThreadPoolExecutor.runWorker(ThreadPoolExecutor.java:1149)
	at java.util.concurrent.ThreadPoolExecutor$Worker.run(ThreadPoolExecutor.java:624)
	... 1 more
Caused by: org.apache.ratis.thirdparty.io.netty.channel.AbstractChannel$AnnotatedConnectException: Connection refused: /192.168.157.234:40409
	at sun.nio.ch.SocketChannelImpl.checkConnect(Native Method)
	at sun.nio.ch.SocketChannelImpl.finishConnect(SocketChannelImpl.java:717)
	at org.apache.ratis.thirdparty.io.netty.channel.socket.nio.NioSocketChannel.doFinishConnect(NioSocketChannel.java:327)
	at org.apache.ratis.thirdparty.io.netty.channel.nio.AbstractNioChannel$AbstractNioUnsafe.finishConnect(AbstractNioChannel.java:340)
	at org.apache.ratis.thirdparty.io.netty.channel.nio.NioEventLoop.processSelectedKey(NioEventLoop.java:632)
	at org.apache.ratis.thirdparty.io.netty.channel.nio.NioEventLoop.processSelectedKeysOptimized(NioEventLoop.java:579)
	at org.apache.ratis.thirdparty.io.netty.channel.nio.NioEventLoop.processSelectedKeys(NioEventLoop.java:496)
	at org.apache.ratis.thirdparty.io.netty.channel.nio.NioEventLoop.run(NioEventLoop.java:458)
	at org.apache.ratis.thirdparty.io.netty.util.concurrent.SingleThreadEventExecutor$5.run(SingleThreadEventExecutor.java:897)
	at org.apache.ratis.thirdparty.io.netty.util.concurrent.FastThreadLocalRunnable.run(FastThreadLocalRunnable.java:30)
	... 1 more
Caused by: java.net.ConnectException: Connection refused
	... 11 more
2019-09-26 16:44:05,431 [58c4a369-c250-4760-99a6-8b9370b39159@group-63DD3CFCC676:LeaderElection82] INFO  impl.LeaderElection (LogUtils.java:infoOrTrace(149)) - 58c4a369-c250-4760-99a6-8b9370b39159@group-63DD3CFCC676:LeaderElection82 got exception when requesting votes: {}
java.util.concurrent.ExecutionException: org.apache.ratis.thirdparty.io.grpc.StatusRuntimeException: UNAVAILABLE: io exception
	at java.util.concurrent.FutureTask.report(FutureTask.java:122)
	at java.util.concurrent.FutureTask.get(FutureTask.java:192)
	at org.apache.ratis.server.impl.LeaderElection.waitForResults(LeaderElection.java:263)
	at org.apache.ratis.server.impl.LeaderElection.askForVotes(LeaderElection.java:201)
	at org.apache.ratis.server.impl.LeaderElection.run(LeaderElection.java:133)
	at java.lang.Thread.run(Thread.java:748)
Caused by: org.apache.ratis.thirdparty.io.grpc.StatusRuntimeException: UNAVAILABLE: io exception
	at org.apache.ratis.thirdparty.io.grpc.stub.ClientCalls.toStatusRuntimeException(ClientCalls.java:233)
	at org.apache.ratis.thirdparty.io.grpc.stub.ClientCalls.getUnchecked(ClientCalls.java:214)
	at org.apache.ratis.thirdparty.io.grpc.stub.ClientCalls.blockingUnaryCall(ClientCalls.java:139)
	at org.apache.ratis.proto.grpc.RaftServerProtocolServiceGrpc$RaftServerProtocolServiceBlockingStub.requestVote(RaftServerProtocolServiceGrpc.java:265)
	at org.apache.ratis.grpc.server.GrpcServerProtocolClient.requestVote(GrpcServerProtocolClient.java:90)
	at org.apache.ratis.grpc.server.GrpcService.requestVote(GrpcService.java:204)
	at org.apache.ratis.server.impl.LeaderElection.lambda$submitRequests$1(LeaderElection.java:238)
	at java.util.concurrent.FutureTask.run(FutureTask.java:266)
	at java.util.concurrent.Executors$RunnableAdapter.call(Executors.java:511)
	at java.util.concurrent.FutureTask.run(FutureTask.java:266)
	at java.util.concurrent.ThreadPoolExecutor.runWorker(ThreadPoolExecutor.java:1149)
	at java.util.concurrent.ThreadPoolExecutor$Worker.run(ThreadPoolExecutor.java:624)
	... 1 more
Caused by: org.apache.ratis.thirdparty.io.netty.channel.AbstractChannel$AnnotatedConnectException: Connection refused: /192.168.157.234:44936
	at sun.nio.ch.SocketChannelImpl.checkConnect(Native Method)
	at sun.nio.ch.SocketChannelImpl.finishConnect(SocketChannelImpl.java:717)
	at org.apache.ratis.thirdparty.io.netty.channel.socket.nio.NioSocketChannel.doFinishConnect(NioSocketChannel.java:327)
	at org.apache.ratis.thirdparty.io.netty.channel.nio.AbstractNioChannel$AbstractNioUnsafe.finishConnect(AbstractNioChannel.java:340)
	at org.apache.ratis.thirdparty.io.netty.channel.nio.NioEventLoop.processSelectedKey(NioEventLoop.java:632)
	at org.apache.ratis.thirdparty.io.netty.channel.nio.NioEventLoop.processSelectedKeysOptimized(NioEventLoop.java:579)
	at org.apache.ratis.thirdparty.io.netty.channel.nio.NioEventLoop.processSelectedKeys(NioEventLoop.java:496)
	at org.apache.ratis.thirdparty.io.netty.channel.nio.NioEventLoop.run(NioEventLoop.java:458)
	at org.apache.ratis.thirdparty.io.netty.util.concurrent.SingleThreadEventExecutor$5.run(SingleThreadEventExecutor.java:897)
	at org.apache.ratis.thirdparty.io.netty.util.concurrent.FastThreadLocalRunnable.run(FastThreadLocalRunnable.java:30)
	... 1 more
Caused by: java.net.ConnectException: Connection refused
	... 11 more
2019-09-26 16:44:05,433 [58c4a369-c250-4760-99a6-8b9370b39159@group-63DD3CFCC676:LeaderElection82] INFO  impl.LeaderElection (LeaderElection.java:logAndReturn(56)) - 58c4a369-c250-4760-99a6-8b9370b39159@group-63DD3CFCC676:LeaderElection82: Election REJECTED; received 0 response(s) [] and 2 exception(s); 58c4a369-c250-4760-99a6-8b9370b39159@group-63DD3CFCC676:t2, leader=null, voted=58c4a369-c250-4760-99a6-8b9370b39159, raftlog=58c4a369-c250-4760-99a6-8b9370b39159@group-63DD3CFCC676-SegmentedRaftLog:OPENED:c0,f0,i0, conf=0: [bd1aaaac-53c2-4304-bd38-0d16eb0e5a88:192.168.157.234:40409, 159771ad-9275-4e40-b5e3-0b44f8b2602b:192.168.157.234:44936, 58c4a369-c250-4760-99a6-8b9370b39159:192.168.157.234:42613], old=null
2019-09-26 16:44:05,433 [58c4a369-c250-4760-99a6-8b9370b39159@group-63DD3CFCC676:LeaderElection82] INFO  impl.LeaderElection (LogUtils.java:infoOrTrace(149)) -   Exception 0: {}
java.util.concurrent.ExecutionException: org.apache.ratis.thirdparty.io.grpc.StatusRuntimeException: UNAVAILABLE: io exception
	at java.util.concurrent.FutureTask.report(FutureTask.java:122)
	at java.util.concurrent.FutureTask.get(FutureTask.java:192)
	at org.apache.ratis.server.impl.LeaderElection.waitForResults(LeaderElection.java:263)
	at org.apache.ratis.server.impl.LeaderElection.askForVotes(LeaderElection.java:201)
	at org.apache.ratis.server.impl.LeaderElection.run(LeaderElection.java:133)
	at java.lang.Thread.run(Thread.java:748)
Caused by: org.apache.ratis.thirdparty.io.grpc.StatusRuntimeException: UNAVAILABLE: io exception
	at org.apache.ratis.thirdparty.io.grpc.stub.ClientCalls.toStatusRuntimeException(ClientCalls.java:233)
	at org.apache.ratis.thirdparty.io.grpc.stub.ClientCalls.getUnchecked(ClientCalls.java:214)
	at org.apache.ratis.thirdparty.io.grpc.stub.ClientCalls.blockingUnaryCall(ClientCalls.java:139)
	at org.apache.ratis.proto.grpc.RaftServerProtocolServiceGrpc$RaftServerProtocolServiceBlockingStub.requestVote(RaftServerProtocolServiceGrpc.java:265)
	at org.apache.ratis.grpc.server.GrpcServerProtocolClient.requestVote(GrpcServerProtocolClient.java:90)
	at org.apache.ratis.grpc.server.GrpcService.requestVote(GrpcService.java:204)
	at org.apache.ratis.server.impl.LeaderElection.lambda$submitRequests$1(LeaderElection.java:238)
	at java.util.concurrent.FutureTask.run(FutureTask.java:266)
	at java.util.concurrent.Executors$RunnableAdapter.call(Executors.java:511)
	at java.util.concurrent.FutureTask.run(FutureTask.java:266)
	at java.util.concurrent.ThreadPoolExecutor.runWorker(ThreadPoolExecutor.java:1149)
	at java.util.concurrent.ThreadPoolExecutor$Worker.run(ThreadPoolExecutor.java:624)
	... 1 more
Caused by: org.apache.ratis.thirdparty.io.netty.channel.AbstractChannel$AnnotatedConnectException: Connection refused: /192.168.157.234:40409
	at sun.nio.ch.SocketChannelImpl.checkConnect(Native Method)
	at sun.nio.ch.SocketChannelImpl.finishConnect(SocketChannelImpl.java:717)
	at org.apache.ratis.thirdparty.io.netty.channel.socket.nio.NioSocketChannel.doFinishConnect(NioSocketChannel.java:327)
	at org.apache.ratis.thirdparty.io.netty.channel.nio.AbstractNioChannel$AbstractNioUnsafe.finishConnect(AbstractNioChannel.java:340)
	at org.apache.ratis.thirdparty.io.netty.channel.nio.NioEventLoop.processSelectedKey(NioEventLoop.java:632)
	at org.apache.ratis.thirdparty.io.netty.channel.nio.NioEventLoop.processSelectedKeysOptimized(NioEventLoop.java:579)
	at org.apache.ratis.thirdparty.io.netty.channel.nio.NioEventLoop.processSelectedKeys(NioEventLoop.java:496)
	at org.apache.ratis.thirdparty.io.netty.channel.nio.NioEventLoop.run(NioEventLoop.java:458)
	at org.apache.ratis.thirdparty.io.netty.util.concurrent.SingleThreadEventExecutor$5.run(SingleThreadEventExecutor.java:897)
	at org.apache.ratis.thirdparty.io.netty.util.concurrent.FastThreadLocalRunnable.run(FastThreadLocalRunnable.java:30)
	... 1 more
Caused by: java.net.ConnectException: Connection refused
	... 11 more
2019-09-26 16:44:05,433 [58c4a369-c250-4760-99a6-8b9370b39159@group-63DD3CFCC676:LeaderElection82] INFO  impl.LeaderElection (LogUtils.java:infoOrTrace(149)) -   Exception 1: {}
java.util.concurrent.ExecutionException: org.apache.ratis.thirdparty.io.grpc.StatusRuntimeException: UNAVAILABLE: io exception
	at java.util.concurrent.FutureTask.report(FutureTask.java:122)
	at java.util.concurrent.FutureTask.get(FutureTask.java:192)
	at org.apache.ratis.server.impl.LeaderElection.waitForResults(LeaderElection.java:263)
	at org.apache.ratis.server.impl.LeaderElection.askForVotes(LeaderElection.java:201)
	at org.apache.ratis.server.impl.LeaderElection.run(LeaderElection.java:133)
	at java.lang.Thread.run(Thread.java:748)
Caused by: org.apache.ratis.thirdparty.io.grpc.StatusRuntimeException: UNAVAILABLE: io exception
	at org.apache.ratis.thirdparty.io.grpc.stub.ClientCalls.toStatusRuntimeException(ClientCalls.java:233)
	at org.apache.ratis.thirdparty.io.grpc.stub.ClientCalls.getUnchecked(ClientCalls.java:214)
	at org.apache.ratis.thirdparty.io.grpc.stub.ClientCalls.blockingUnaryCall(ClientCalls.java:139)
	at org.apache.ratis.proto.grpc.RaftServerProtocolServiceGrpc$RaftServerProtocolServiceBlockingStub.requestVote(RaftServerProtocolServiceGrpc.java:265)
	at org.apache.ratis.grpc.server.GrpcServerProtocolClient.requestVote(GrpcServerProtocolClient.java:90)
	at org.apache.ratis.grpc.server.GrpcService.requestVote(GrpcService.java:204)
	at org.apache.ratis.server.impl.LeaderElection.lambda$submitRequests$1(LeaderElection.java:238)
	at java.util.concurrent.FutureTask.run(FutureTask.java:266)
	at java.util.concurrent.Executors$RunnableAdapter.call(Executors.java:511)
	at java.util.concurrent.FutureTask.run(FutureTask.java:266)
	at java.util.concurrent.ThreadPoolExecutor.runWorker(ThreadPoolExecutor.java:1149)
	at java.util.concurrent.ThreadPoolExecutor$Worker.run(ThreadPoolExecutor.java:624)
	... 1 more
Caused by: org.apache.ratis.thirdparty.io.netty.channel.AbstractChannel$AnnotatedConnectException: Connection refused: /192.168.157.234:44936
	at sun.nio.ch.SocketChannelImpl.checkConnect(Native Method)
	at sun.nio.ch.SocketChannelImpl.finishConnect(SocketChannelImpl.java:717)
	at org.apache.ratis.thirdparty.io.netty.channel.socket.nio.NioSocketChannel.doFinishConnect(NioSocketChannel.java:327)
	at org.apache.ratis.thirdparty.io.netty.channel.nio.AbstractNioChannel$AbstractNioUnsafe.finishConnect(AbstractNioChannel.java:340)
	at org.apache.ratis.thirdparty.io.netty.channel.nio.NioEventLoop.processSelectedKey(NioEventLoop.java:632)
	at org.apache.ratis.thirdparty.io.netty.channel.nio.NioEventLoop.processSelectedKeysOptimized(NioEventLoop.java:579)
	at org.apache.ratis.thirdparty.io.netty.channel.nio.NioEventLoop.processSelectedKeys(NioEventLoop.java:496)
	at org.apache.ratis.thirdparty.io.netty.channel.nio.NioEventLoop.run(NioEventLoop.java:458)
	at org.apache.ratis.thirdparty.io.netty.util.concurrent.SingleThreadEventExecutor$5.run(SingleThreadEventExecutor.java:897)
	at org.apache.ratis.thirdparty.io.netty.util.concurrent.FastThreadLocalRunnable.run(FastThreadLocalRunnable.java:30)
	... 1 more
Caused by: java.net.ConnectException: Connection refused
	... 11 more
2019-09-26 16:44:05,433 [58c4a369-c250-4760-99a6-8b9370b39159@group-63DD3CFCC676:LeaderElection82] INFO  impl.RaftServerImpl (RaftServerImpl.java:setRole(174)) - 58c4a369-c250-4760-99a6-8b9370b39159@group-63DD3CFCC676: changes role from CANDIDATE to FOLLOWER at term 2 for DISCOVERED_A_NEW_TERM
2019-09-26 16:44:05,434 [58c4a369-c250-4760-99a6-8b9370b39159@group-63DD3CFCC676:LeaderElection82] INFO  impl.RoleInfo (RoleInfo.java:shutdownLeaderElection(134)) - 58c4a369-c250-4760-99a6-8b9370b39159: shutdown LeaderElection
2019-09-26 16:44:05,434 [58c4a369-c250-4760-99a6-8b9370b39159@group-63DD3CFCC676:LeaderElection82] INFO  impl.RoleInfo (RoleInfo.java:updateAndGet(143)) - 58c4a369-c250-4760-99a6-8b9370b39159: start FollowerState
2019-09-26 16:44:06,517 [Thread-7579] INFO  impl.FollowerState (FollowerState.java:run(106)) - 58c4a369-c250-4760-99a6-8b9370b39159:group-63DD3CFCC676 changes to CANDIDATE, lastRpcTime:1083, electionTimeout:1083ms
2019-09-26 16:44:06,520 [Thread-7579] INFO  impl.RoleInfo (RoleInfo.java:shutdownFollowerState(121)) - 58c4a369-c250-4760-99a6-8b9370b39159: shutdown FollowerState
2019-09-26 16:44:06,520 [Thread-7579] INFO  impl.RaftServerImpl (RaftServerImpl.java:setRole(174)) - 58c4a369-c250-4760-99a6-8b9370b39159@group-63DD3CFCC676: changes role from  FOLLOWER to CANDIDATE at term 2 for changeToCandidate
2019-09-26 16:44:06,520 [Thread-7579] INFO  impl.RoleInfo (RoleInfo.java:updateAndGet(143)) - 58c4a369-c250-4760-99a6-8b9370b39159: start LeaderElection
2019-09-26 16:44:06,537 [58c4a369-c250-4760-99a6-8b9370b39159@group-63DD3CFCC676:LeaderElection83] INFO  impl.LeaderElection (LeaderElection.java:askForVotes(182)) - 58c4a369-c250-4760-99a6-8b9370b39159@group-63DD3CFCC676:LeaderElection83: begin an election at term 3 for 0: [bd1aaaac-53c2-4304-bd38-0d16eb0e5a88:192.168.157.234:40409, 159771ad-9275-4e40-b5e3-0b44f8b2602b:192.168.157.234:44936, 58c4a369-c250-4760-99a6-8b9370b39159:192.168.157.234:42613], old=null
2019-09-26 16:44:06,538 [58c4a369-c250-4760-99a6-8b9370b39159@group-63DD3CFCC676:LeaderElection83] INFO  impl.LeaderElection (LogUtils.java:infoOrTrace(149)) - 58c4a369-c250-4760-99a6-8b9370b39159@group-63DD3CFCC676:LeaderElection83 got exception when requesting votes: {}
java.util.concurrent.ExecutionException: org.apache.ratis.thirdparty.io.grpc.StatusRuntimeException: UNAVAILABLE: io exception
	at java.util.concurrent.FutureTask.report(FutureTask.java:122)
	at java.util.concurrent.FutureTask.get(FutureTask.java:192)
	at org.apache.ratis.server.impl.LeaderElection.waitForResults(LeaderElection.java:263)
	at org.apache.ratis.server.impl.LeaderElection.askForVotes(LeaderElection.java:201)
	at org.apache.ratis.server.impl.LeaderElection.run(LeaderElection.java:133)
	at java.lang.Thread.run(Thread.java:748)
Caused by: org.apache.ratis.thirdparty.io.grpc.StatusRuntimeException: UNAVAILABLE: io exception
	at org.apache.ratis.thirdparty.io.grpc.stub.ClientCalls.toStatusRuntimeException(ClientCalls.java:233)
	at org.apache.ratis.thirdparty.io.grpc.stub.ClientCalls.getUnchecked(ClientCalls.java:214)
	at org.apache.ratis.thirdparty.io.grpc.stub.ClientCalls.blockingUnaryCall(ClientCalls.java:139)
	at org.apache.ratis.proto.grpc.RaftServerProtocolServiceGrpc$RaftServerProtocolServiceBlockingStub.requestVote(RaftServerProtocolServiceGrpc.java:265)
	at org.apache.ratis.grpc.server.GrpcServerProtocolClient.requestVote(GrpcServerProtocolClient.java:90)
	at org.apache.ratis.grpc.server.GrpcService.requestVote(GrpcService.java:204)
	at org.apache.ratis.server.impl.LeaderElection.lambda$submitRequests$1(LeaderElection.java:238)
	at java.util.concurrent.FutureTask.run(FutureTask.java:266)
	at java.util.concurrent.Executors$RunnableAdapter.call(Executors.java:511)
	at java.util.concurrent.FutureTask.run(FutureTask.java:266)
	at java.util.concurrent.ThreadPoolExecutor.runWorker(ThreadPoolExecutor.java:1149)
	at java.util.concurrent.ThreadPoolExecutor$Worker.run(ThreadPoolExecutor.java:624)
	... 1 more
Caused by: org.apache.ratis.thirdparty.io.netty.channel.AbstractChannel$AnnotatedConnectException: Connection refused: /192.168.157.234:44936
	at sun.nio.ch.SocketChannelImpl.checkConnect(Native Method)
	at sun.nio.ch.SocketChannelImpl.finishConnect(SocketChannelImpl.java:717)
	at org.apache.ratis.thirdparty.io.netty.channel.socket.nio.NioSocketChannel.doFinishConnect(NioSocketChannel.java:327)
	at org.apache.ratis.thirdparty.io.netty.channel.nio.AbstractNioChannel$AbstractNioUnsafe.finishConnect(AbstractNioChannel.java:340)
	at org.apache.ratis.thirdparty.io.netty.channel.nio.NioEventLoop.processSelectedKey(NioEventLoop.java:632)
	at org.apache.ratis.thirdparty.io.netty.channel.nio.NioEventLoop.processSelectedKeysOptimized(NioEventLoop.java:579)
	at org.apache.ratis.thirdparty.io.netty.channel.nio.NioEventLoop.processSelectedKeys(NioEventLoop.java:496)
	at org.apache.ratis.thirdparty.io.netty.channel.nio.NioEventLoop.run(NioEventLoop.java:458)
	at org.apache.ratis.thirdparty.io.netty.util.concurrent.SingleThreadEventExecutor$5.run(SingleThreadEventExecutor.java:897)
	at org.apache.ratis.thirdparty.io.netty.util.concurrent.FastThreadLocalRunnable.run(FastThreadLocalRunnable.java:30)
	... 1 more
Caused by: java.net.ConnectException: Connection refused
	... 11 more
2019-09-26 16:44:06,540 [58c4a369-c250-4760-99a6-8b9370b39159@group-63DD3CFCC676:LeaderElection83] INFO  impl.LeaderElection (LogUtils.java:infoOrTrace(149)) - 58c4a369-c250-4760-99a6-8b9370b39159@group-63DD3CFCC676:LeaderElection83 got exception when requesting votes: {}
java.util.concurrent.ExecutionException: org.apache.ratis.thirdparty.io.grpc.StatusRuntimeException: UNAVAILABLE: io exception
	at java.util.concurrent.FutureTask.report(FutureTask.java:122)
	at java.util.concurrent.FutureTask.get(FutureTask.java:192)
	at org.apache.ratis.server.impl.LeaderElection.waitForResults(LeaderElection.java:263)
	at org.apache.ratis.server.impl.LeaderElection.askForVotes(LeaderElection.java:201)
	at org.apache.ratis.server.impl.LeaderElection.run(LeaderElection.java:133)
	at java.lang.Thread.run(Thread.java:748)
Caused by: org.apache.ratis.thirdparty.io.grpc.StatusRuntimeException: UNAVAILABLE: io exception
	at org.apache.ratis.thirdparty.io.grpc.stub.ClientCalls.toStatusRuntimeException(ClientCalls.java:233)
	at org.apache.ratis.thirdparty.io.grpc.stub.ClientCalls.getUnchecked(ClientCalls.java:214)
	at org.apache.ratis.thirdparty.io.grpc.stub.ClientCalls.blockingUnaryCall(ClientCalls.java:139)
	at org.apache.ratis.proto.grpc.RaftServerProtocolServiceGrpc$RaftServerProtocolServiceBlockingStub.requestVote(RaftServerProtocolServiceGrpc.java:265)
	at org.apache.ratis.grpc.server.GrpcServerProtocolClient.requestVote(GrpcServerProtocolClient.java:90)
	at org.apache.ratis.grpc.server.GrpcService.requestVote(GrpcService.java:204)
	at org.apache.ratis.server.impl.LeaderElection.lambda$submitRequests$1(LeaderElection.java:238)
	at java.util.concurrent.FutureTask.run(FutureTask.java:266)
	at java.util.concurrent.Executors$RunnableAdapter.call(Executors.java:511)
	at java.util.concurrent.FutureTask.run(FutureTask.java:266)
	at java.util.concurrent.ThreadPoolExecutor.runWorker(ThreadPoolExecutor.java:1149)
	at java.util.concurrent.ThreadPoolExecutor$Worker.run(ThreadPoolExecutor.java:624)
	... 1 more
Caused by: org.apache.ratis.thirdparty.io.netty.channel.AbstractChannel$AnnotatedConnectException: Connection refused: /192.168.157.234:40409
	at sun.nio.ch.SocketChannelImpl.checkConnect(Native Method)
	at sun.nio.ch.SocketChannelImpl.finishConnect(SocketChannelImpl.java:717)
	at org.apache.ratis.thirdparty.io.netty.channel.socket.nio.NioSocketChannel.doFinishConnect(NioSocketChannel.java:327)
	at org.apache.ratis.thirdparty.io.netty.channel.nio.AbstractNioChannel$AbstractNioUnsafe.finishConnect(AbstractNioChannel.java:340)
	at org.apache.ratis.thirdparty.io.netty.channel.nio.NioEventLoop.processSelectedKey(NioEventLoop.java:632)
	at org.apache.ratis.thirdparty.io.netty.channel.nio.NioEventLoop.processSelectedKeysOptimized(NioEventLoop.java:579)
	at org.apache.ratis.thirdparty.io.netty.channel.nio.NioEventLoop.processSelectedKeys(NioEventLoop.java:496)
	at org.apache.ratis.thirdparty.io.netty.channel.nio.NioEventLoop.run(NioEventLoop.java:458)
	at org.apache.ratis.thirdparty.io.netty.util.concurrent.SingleThreadEventExecutor$5.run(SingleThreadEventExecutor.java:897)
	at org.apache.ratis.thirdparty.io.netty.util.concurrent.FastThreadLocalRunnable.run(FastThreadLocalRunnable.java:30)
	... 1 more
Caused by: java.net.ConnectException: Connection refused
	... 11 more
2019-09-26 16:44:06,547 [58c4a369-c250-4760-99a6-8b9370b39159@group-63DD3CFCC676:LeaderElection83] INFO  impl.LeaderElection (LeaderElection.java:logAndReturn(56)) - 58c4a369-c250-4760-99a6-8b9370b39159@group-63DD3CFCC676:LeaderElection83: Election REJECTED; received 0 response(s) [] and 2 exception(s); 58c4a369-c250-4760-99a6-8b9370b39159@group-63DD3CFCC676:t3, leader=null, voted=58c4a369-c250-4760-99a6-8b9370b39159, raftlog=58c4a369-c250-4760-99a6-8b9370b39159@group-63DD3CFCC676-SegmentedRaftLog:OPENED:c0,f0,i0, conf=0: [bd1aaaac-53c2-4304-bd38-0d16eb0e5a88:192.168.157.234:40409, 159771ad-9275-4e40-b5e3-0b44f8b2602b:192.168.157.234:44936, 58c4a369-c250-4760-99a6-8b9370b39159:192.168.157.234:42613], old=null
2019-09-26 16:44:06,547 [58c4a369-c250-4760-99a6-8b9370b39159@group-63DD3CFCC676:LeaderElection83] INFO  impl.LeaderElection (LogUtils.java:infoOrTrace(149)) -   Exception 0: {}
java.util.concurrent.ExecutionException: org.apache.ratis.thirdparty.io.grpc.StatusRuntimeException: UNAVAILABLE: io exception
	at java.util.concurrent.FutureTask.report(FutureTask.java:122)
	at java.util.concurrent.FutureTask.get(FutureTask.java:192)
	at org.apache.ratis.server.impl.LeaderElection.waitForResults(LeaderElection.java:263)
	at org.apache.ratis.server.impl.LeaderElection.askForVotes(LeaderElection.java:201)
	at org.apache.ratis.server.impl.LeaderElection.run(LeaderElection.java:133)
	at java.lang.Thread.run(Thread.java:748)
Caused by: org.apache.ratis.thirdparty.io.grpc.StatusRuntimeException: UNAVAILABLE: io exception
	at org.apache.ratis.thirdparty.io.grpc.stub.ClientCalls.toStatusRuntimeException(ClientCalls.java:233)
	at org.apache.ratis.thirdparty.io.grpc.stub.ClientCalls.getUnchecked(ClientCalls.java:214)
	at org.apache.ratis.thirdparty.io.grpc.stub.ClientCalls.blockingUnaryCall(ClientCalls.java:139)
	at org.apache.ratis.proto.grpc.RaftServerProtocolServiceGrpc$RaftServerProtocolServiceBlockingStub.requestVote(RaftServerProtocolServiceGrpc.java:265)
	at org.apache.ratis.grpc.server.GrpcServerProtocolClient.requestVote(GrpcServerProtocolClient.java:90)
	at org.apache.ratis.grpc.server.GrpcService.requestVote(GrpcService.java:204)
	at org.apache.ratis.server.impl.LeaderElection.lambda$submitRequests$1(LeaderElection.java:238)
	at java.util.concurrent.FutureTask.run(FutureTask.java:266)
	at java.util.concurrent.Executors$RunnableAdapter.call(Executors.java:511)
	at java.util.concurrent.FutureTask.run(FutureTask.java:266)
	at java.util.concurrent.ThreadPoolExecutor.runWorker(ThreadPoolExecutor.java:1149)
	at java.util.concurrent.ThreadPoolExecutor$Worker.run(ThreadPoolExecutor.java:624)
	... 1 more
Caused by: org.apache.ratis.thirdparty.io.netty.channel.AbstractChannel$AnnotatedConnectException: Connection refused: /192.168.157.234:44936
	at sun.nio.ch.SocketChannelImpl.checkConnect(Native Method)
	at sun.nio.ch.SocketChannelImpl.finishConnect(SocketChannelImpl.java:717)
	at org.apache.ratis.thirdparty.io.netty.channel.socket.nio.NioSocketChannel.doFinishConnect(NioSocketChannel.java:327)
	at org.apache.ratis.thirdparty.io.netty.channel.nio.AbstractNioChannel$AbstractNioUnsafe.finishConnect(AbstractNioChannel.java:340)
	at org.apache.ratis.thirdparty.io.netty.channel.nio.NioEventLoop.processSelectedKey(NioEventLoop.java:632)
	at org.apache.ratis.thirdparty.io.netty.channel.nio.NioEventLoop.processSelectedKeysOptimized(NioEventLoop.java:579)
	at org.apache.ratis.thirdparty.io.netty.channel.nio.NioEventLoop.processSelectedKeys(NioEventLoop.java:496)
	at org.apache.ratis.thirdparty.io.netty.channel.nio.NioEventLoop.run(NioEventLoop.java:458)
	at org.apache.ratis.thirdparty.io.netty.util.concurrent.SingleThreadEventExecutor$5.run(SingleThreadEventExecutor.java:897)
	at org.apache.ratis.thirdparty.io.netty.util.concurrent.FastThreadLocalRunnable.run(FastThreadLocalRunnable.java:30)
	... 1 more
Caused by: java.net.ConnectException: Connection refused
	... 11 more
2019-09-26 16:44:06,547 [58c4a369-c250-4760-99a6-8b9370b39159@group-63DD3CFCC676:LeaderElection83] INFO  impl.LeaderElection (LogUtils.java:infoOrTrace(149)) -   Exception 1: {}
java.util.concurrent.ExecutionException: org.apache.ratis.thirdparty.io.grpc.StatusRuntimeException: UNAVAILABLE: io exception
	at java.util.concurrent.FutureTask.report(FutureTask.java:122)
	at java.util.concurrent.FutureTask.get(FutureTask.java:192)
	at org.apache.ratis.server.impl.LeaderElection.waitForResults(LeaderElection.java:263)
	at org.apache.ratis.server.impl.LeaderElection.askForVotes(LeaderElection.java:201)
	at org.apache.ratis.server.impl.LeaderElection.run(LeaderElection.java:133)
	at java.lang.Thread.run(Thread.java:748)
Caused by: org.apache.ratis.thirdparty.io.grpc.StatusRuntimeException: UNAVAILABLE: io exception
	at org.apache.ratis.thirdparty.io.grpc.stub.ClientCalls.toStatusRuntimeException(ClientCalls.java:233)
	at org.apache.ratis.thirdparty.io.grpc.stub.ClientCalls.getUnchecked(ClientCalls.java:214)
	at org.apache.ratis.thirdparty.io.grpc.stub.ClientCalls.blockingUnaryCall(ClientCalls.java:139)
	at org.apache.ratis.proto.grpc.RaftServerProtocolServiceGrpc$RaftServerProtocolServiceBlockingStub.requestVote(RaftServerProtocolServiceGrpc.java:265)
	at org.apache.ratis.grpc.server.GrpcServerProtocolClient.requestVote(GrpcServerProtocolClient.java:90)
	at org.apache.ratis.grpc.server.GrpcService.requestVote(GrpcService.java:204)
	at org.apache.ratis.server.impl.LeaderElection.lambda$submitRequests$1(LeaderElection.java:238)
	at java.util.concurrent.FutureTask.run(FutureTask.java:266)
	at java.util.concurrent.Executors$RunnableAdapter.call(Executors.java:511)
	at java.util.concurrent.FutureTask.run(FutureTask.java:266)
	at java.util.concurrent.ThreadPoolExecutor.runWorker(ThreadPoolExecutor.java:1149)
	at java.util.concurrent.ThreadPoolExecutor$Worker.run(ThreadPoolExecutor.java:624)
	... 1 more
Caused by: org.apache.ratis.thirdparty.io.netty.channel.AbstractChannel$AnnotatedConnectException: Connection refused: /192.168.157.234:40409
	at sun.nio.ch.SocketChannelImpl.checkConnect(Native Method)
	at sun.nio.ch.SocketChannelImpl.finishConnect(SocketChannelImpl.java:717)
	at org.apache.ratis.thirdparty.io.netty.channel.socket.nio.NioSocketChannel.doFinishConnect(NioSocketChannel.java:327)
	at org.apache.ratis.thirdparty.io.netty.channel.nio.AbstractNioChannel$AbstractNioUnsafe.finishConnect(AbstractNioChannel.java:340)
	at org.apache.ratis.thirdparty.io.netty.channel.nio.NioEventLoop.processSelectedKey(NioEventLoop.java:632)
	at org.apache.ratis.thirdparty.io.netty.channel.nio.NioEventLoop.processSelectedKeysOptimized(NioEventLoop.java:579)
	at org.apache.ratis.thirdparty.io.netty.channel.nio.NioEventLoop.processSelectedKeys(NioEventLoop.java:496)
	at org.apache.ratis.thirdparty.io.netty.channel.nio.NioEventLoop.run(NioEventLoop.java:458)
	at org.apache.ratis.thirdparty.io.netty.util.concurrent.SingleThreadEventExecutor$5.run(SingleThreadEventExecutor.java:897)
	at org.apache.ratis.thirdparty.io.netty.util.concurrent.FastThreadLocalRunnable.run(FastThreadLocalRunnable.java:30)
	... 1 more
Caused by: java.net.ConnectException: Connection refused
	... 11 more
2019-09-26 16:44:06,547 [58c4a369-c250-4760-99a6-8b9370b39159@group-63DD3CFCC676:LeaderElection83] INFO  impl.RaftServerImpl (RaftServerImpl.java:setRole(174)) - 58c4a369-c250-4760-99a6-8b9370b39159@group-63DD3CFCC676: changes role from CANDIDATE to FOLLOWER at term 3 for DISCOVERED_A_NEW_TERM
2019-09-26 16:44:06,548 [58c4a369-c250-4760-99a6-8b9370b39159@group-63DD3CFCC676:LeaderElection83] INFO  impl.RoleInfo (RoleInfo.java:shutdownLeaderElection(134)) - 58c4a369-c250-4760-99a6-8b9370b39159: shutdown LeaderElection
2019-09-26 16:44:06,548 [58c4a369-c250-4760-99a6-8b9370b39159@group-63DD3CFCC676:LeaderElection83] INFO  impl.RoleInfo (RoleInfo.java:updateAndGet(143)) - 58c4a369-c250-4760-99a6-8b9370b39159: start FollowerState
2019-09-26 16:44:07,635 [Thread-7583] INFO  impl.FollowerState (FollowerState.java:run(106)) - 58c4a369-c250-4760-99a6-8b9370b39159:group-63DD3CFCC676 changes to CANDIDATE, lastRpcTime:1087, electionTimeout:1087ms
2019-09-26 16:44:07,638 [Thread-7583] INFO  impl.RoleInfo (RoleInfo.java:shutdownFollowerState(121)) - 58c4a369-c250-4760-99a6-8b9370b39159: shutdown FollowerState
2019-09-26 16:44:07,638 [Thread-7583] INFO  impl.RaftServerImpl (RaftServerImpl.java:setRole(174)) - 58c4a369-c250-4760-99a6-8b9370b39159@group-63DD3CFCC676: changes role from  FOLLOWER to CANDIDATE at term 3 for changeToCandidate
2019-09-26 16:44:07,639 [Thread-7583] INFO  impl.RoleInfo (RoleInfo.java:updateAndGet(143)) - 58c4a369-c250-4760-99a6-8b9370b39159: start LeaderElection
2019-09-26 16:44:07,655 [58c4a369-c250-4760-99a6-8b9370b39159@group-63DD3CFCC676:LeaderElection84] INFO  impl.LeaderElection (LeaderElection.java:askForVotes(182)) - 58c4a369-c250-4760-99a6-8b9370b39159@group-63DD3CFCC676:LeaderElection84: begin an election at term 4 for 0: [bd1aaaac-53c2-4304-bd38-0d16eb0e5a88:192.168.157.234:40409, 159771ad-9275-4e40-b5e3-0b44f8b2602b:192.168.157.234:44936, 58c4a369-c250-4760-99a6-8b9370b39159:192.168.157.234:42613], old=null
2019-09-26 16:44:07,657 [58c4a369-c250-4760-99a6-8b9370b39159@group-63DD3CFCC676:LeaderElection84] INFO  impl.LeaderElection (LogUtils.java:infoOrTrace(149)) - 58c4a369-c250-4760-99a6-8b9370b39159@group-63DD3CFCC676:LeaderElection84 got exception when requesting votes: {}
java.util.concurrent.ExecutionException: org.apache.ratis.thirdparty.io.grpc.StatusRuntimeException: UNAVAILABLE: io exception
	at java.util.concurrent.FutureTask.report(FutureTask.java:122)
	at java.util.concurrent.FutureTask.get(FutureTask.java:192)
	at org.apache.ratis.server.impl.LeaderElection.waitForResults(LeaderElection.java:263)
	at org.apache.ratis.server.impl.LeaderElection.askForVotes(LeaderElection.java:201)
	at org.apache.ratis.server.impl.LeaderElection.run(LeaderElection.java:133)
	at java.lang.Thread.run(Thread.java:748)
Caused by: org.apache.ratis.thirdparty.io.grpc.StatusRuntimeException: UNAVAILABLE: io exception
	at org.apache.ratis.thirdparty.io.grpc.stub.ClientCalls.toStatusRuntimeException(ClientCalls.java:233)
	at org.apache.ratis.thirdparty.io.grpc.stub.ClientCalls.getUnchecked(ClientCalls.java:214)
	at org.apache.ratis.thirdparty.io.grpc.stub.ClientCalls.blockingUnaryCall(ClientCalls.java:139)
	at org.apache.ratis.proto.grpc.RaftServerProtocolServiceGrpc$RaftServerProtocolServiceBlockingStub.requestVote(RaftServerProtocolServiceGrpc.java:265)
	at org.apache.ratis.grpc.server.GrpcServerProtocolClient.requestVote(GrpcServerProtocolClient.java:90)
	at org.apache.ratis.grpc.server.GrpcService.requestVote(GrpcService.java:204)
	at org.apache.ratis.server.impl.LeaderElection.lambda$submitRequests$1(LeaderElection.java:238)
	at java.util.concurrent.FutureTask.run(FutureTask.java:266)
	at java.util.concurrent.Executors$RunnableAdapter.call(Executors.java:511)
	at java.util.concurrent.FutureTask.run(FutureTask.java:266)
	at java.util.concurrent.ThreadPoolExecutor.runWorker(ThreadPoolExecutor.java:1149)
	at java.util.concurrent.ThreadPoolExecutor$Worker.run(ThreadPoolExecutor.java:624)
	... 1 more
Caused by: org.apache.ratis.thirdparty.io.netty.channel.AbstractChannel$AnnotatedConnectException: Connection refused: /192.168.157.234:40409
	at sun.nio.ch.SocketChannelImpl.checkConnect(Native Method)
	at sun.nio.ch.SocketChannelImpl.finishConnect(SocketChannelImpl.java:717)
	at org.apache.ratis.thirdparty.io.netty.channel.socket.nio.NioSocketChannel.doFinishConnect(NioSocketChannel.java:327)
	at org.apache.ratis.thirdparty.io.netty.channel.nio.AbstractNioChannel$AbstractNioUnsafe.finishConnect(AbstractNioChannel.java:340)
	at org.apache.ratis.thirdparty.io.netty.channel.nio.NioEventLoop.processSelectedKey(NioEventLoop.java:632)
	at org.apache.ratis.thirdparty.io.netty.channel.nio.NioEventLoop.processSelectedKeysOptimized(NioEventLoop.java:579)
	at org.apache.ratis.thirdparty.io.netty.channel.nio.NioEventLoop.processSelectedKeys(NioEventLoop.java:496)
	at org.apache.ratis.thirdparty.io.netty.channel.nio.NioEventLoop.run(NioEventLoop.java:458)
	at org.apache.ratis.thirdparty.io.netty.util.concurrent.SingleThreadEventExecutor$5.run(SingleThreadEventExecutor.java:897)
	at org.apache.ratis.thirdparty.io.netty.util.concurrent.FastThreadLocalRunnable.run(FastThreadLocalRunnable.java:30)
	... 1 more
Caused by: java.net.ConnectException: Connection refused
	... 11 more
2019-09-26 16:44:07,659 [58c4a369-c250-4760-99a6-8b9370b39159@group-63DD3CFCC676:LeaderElection84] INFO  impl.LeaderElection (LogUtils.java:infoOrTrace(149)) - 58c4a369-c250-4760-99a6-8b9370b39159@group-63DD3CFCC676:LeaderElection84 got exception when requesting votes: {}
java.util.concurrent.ExecutionException: org.apache.ratis.thirdparty.io.grpc.StatusRuntimeException: UNAVAILABLE: io exception
	at java.util.concurrent.FutureTask.report(FutureTask.java:122)
	at java.util.concurrent.FutureTask.get(FutureTask.java:192)
	at org.apache.ratis.server.impl.LeaderElection.waitForResults(LeaderElection.java:263)
	at org.apache.ratis.server.impl.LeaderElection.askForVotes(LeaderElection.java:201)
	at org.apache.ratis.server.impl.LeaderElection.run(LeaderElection.java:133)
	at java.lang.Thread.run(Thread.java:748)
Caused by: org.apache.ratis.thirdparty.io.grpc.StatusRuntimeException: UNAVAILABLE: io exception
	at org.apache.ratis.thirdparty.io.grpc.stub.ClientCalls.toStatusRuntimeException(ClientCalls.java:233)
	at org.apache.ratis.thirdparty.io.grpc.stub.ClientCalls.getUnchecked(ClientCalls.java:214)
	at org.apache.ratis.thirdparty.io.grpc.stub.ClientCalls.blockingUnaryCall(ClientCalls.java:139)
	at org.apache.ratis.proto.grpc.RaftServerProtocolServiceGrpc$RaftServerProtocolServiceBlockingStub.requestVote(RaftServerProtocolServiceGrpc.java:265)
	at org.apache.ratis.grpc.server.GrpcServerProtocolClient.requestVote(GrpcServerProtocolClient.java:90)
	at org.apache.ratis.grpc.server.GrpcService.requestVote(GrpcService.java:204)
	at org.apache.ratis.server.impl.LeaderElection.lambda$submitRequests$1(LeaderElection.java:238)
	at java.util.concurrent.FutureTask.run(FutureTask.java:266)
	at java.util.concurrent.Executors$RunnableAdapter.call(Executors.java:511)
	at java.util.concurrent.FutureTask.run(FutureTask.java:266)
	at java.util.concurrent.ThreadPoolExecutor.runWorker(ThreadPoolExecutor.java:1149)
	at java.util.concurrent.ThreadPoolExecutor$Worker.run(ThreadPoolExecutor.java:624)
	... 1 more
Caused by: org.apache.ratis.thirdparty.io.netty.channel.AbstractChannel$AnnotatedConnectException: Connection refused: /192.168.157.234:44936
	at sun.nio.ch.SocketChannelImpl.checkConnect(Native Method)
	at sun.nio.ch.SocketChannelImpl.finishConnect(SocketChannelImpl.java:717)
	at org.apache.ratis.thirdparty.io.netty.channel.socket.nio.NioSocketChannel.doFinishConnect(NioSocketChannel.java:327)
	at org.apache.ratis.thirdparty.io.netty.channel.nio.AbstractNioChannel$AbstractNioUnsafe.finishConnect(AbstractNioChannel.java:340)
	at org.apache.ratis.thirdparty.io.netty.channel.nio.NioEventLoop.processSelectedKey(NioEventLoop.java:632)
	at org.apache.ratis.thirdparty.io.netty.channel.nio.NioEventLoop.processSelectedKeysOptimized(NioEventLoop.java:579)
	at org.apache.ratis.thirdparty.io.netty.channel.nio.NioEventLoop.processSelectedKeys(NioEventLoop.java:496)
	at org.apache.ratis.thirdparty.io.netty.channel.nio.NioEventLoop.run(NioEventLoop.java:458)
	at org.apache.ratis.thirdparty.io.netty.util.concurrent.SingleThreadEventExecutor$5.run(SingleThreadEventExecutor.java:897)
	at org.apache.ratis.thirdparty.io.netty.util.concurrent.FastThreadLocalRunnable.run(FastThreadLocalRunnable.java:30)
	... 1 more
Caused by: java.net.ConnectException: Connection refused
	... 11 more
2019-09-26 16:44:07,661 [58c4a369-c250-4760-99a6-8b9370b39159@group-63DD3CFCC676:LeaderElection84] INFO  impl.LeaderElection (LeaderElection.java:logAndReturn(56)) - 58c4a369-c250-4760-99a6-8b9370b39159@group-63DD3CFCC676:LeaderElection84: Election REJECTED; received 0 response(s) [] and 2 exception(s); 58c4a369-c250-4760-99a6-8b9370b39159@group-63DD3CFCC676:t4, leader=null, voted=58c4a369-c250-4760-99a6-8b9370b39159, raftlog=58c4a369-c250-4760-99a6-8b9370b39159@group-63DD3CFCC676-SegmentedRaftLog:OPENED:c0,f0,i0, conf=0: [bd1aaaac-53c2-4304-bd38-0d16eb0e5a88:192.168.157.234:40409, 159771ad-9275-4e40-b5e3-0b44f8b2602b:192.168.157.234:44936, 58c4a369-c250-4760-99a6-8b9370b39159:192.168.157.234:42613], old=null
2019-09-26 16:44:07,661 [58c4a369-c250-4760-99a6-8b9370b39159@group-63DD3CFCC676:LeaderElection84] INFO  impl.LeaderElection (LogUtils.java:infoOrTrace(149)) -   Exception 0: {}
java.util.concurrent.ExecutionException: org.apache.ratis.thirdparty.io.grpc.StatusRuntimeException: UNAVAILABLE: io exception
	at java.util.concurrent.FutureTask.report(FutureTask.java:122)
	at java.util.concurrent.FutureTask.get(FutureTask.java:192)
	at org.apache.ratis.server.impl.LeaderElection.waitForResults(LeaderElection.java:263)
	at org.apache.ratis.server.impl.LeaderElection.askForVotes(LeaderElection.java:201)
	at org.apache.ratis.server.impl.LeaderElection.run(LeaderElection.java:133)
	at java.lang.Thread.run(Thread.java:748)
Caused by: org.apache.ratis.thirdparty.io.grpc.StatusRuntimeException: UNAVAILABLE: io exception
	at org.apache.ratis.thirdparty.io.grpc.stub.ClientCalls.toStatusRuntimeException(ClientCalls.java:233)
	at org.apache.ratis.thirdparty.io.grpc.stub.ClientCalls.getUnchecked(ClientCalls.java:214)
	at org.apache.ratis.thirdparty.io.grpc.stub.ClientCalls.blockingUnaryCall(ClientCalls.java:139)
	at org.apache.ratis.proto.grpc.RaftServerProtocolServiceGrpc$RaftServerProtocolServiceBlockingStub.requestVote(RaftServerProtocolServiceGrpc.java:265)
	at org.apache.ratis.grpc.server.GrpcServerProtocolClient.requestVote(GrpcServerProtocolClient.java:90)
	at org.apache.ratis.grpc.server.GrpcService.requestVote(GrpcService.java:204)
	at org.apache.ratis.server.impl.LeaderElection.lambda$submitRequests$1(LeaderElection.java:238)
	at java.util.concurrent.FutureTask.run(FutureTask.java:266)
	at java.util.concurrent.Executors$RunnableAdapter.call(Executors.java:511)
	at java.util.concurrent.FutureTask.run(FutureTask.java:266)
	at java.util.concurrent.ThreadPoolExecutor.runWorker(ThreadPoolExecutor.java:1149)
	at java.util.concurrent.ThreadPoolExecutor$Worker.run(ThreadPoolExecutor.java:624)
	... 1 more
Caused by: org.apache.ratis.thirdparty.io.netty.channel.AbstractChannel$AnnotatedConnectException: Connection refused: /192.168.157.234:40409
	at sun.nio.ch.SocketChannelImpl.checkConnect(Native Method)
	at sun.nio.ch.SocketChannelImpl.finishConnect(SocketChannelImpl.java:717)
	at org.apache.ratis.thirdparty.io.netty.channel.socket.nio.NioSocketChannel.doFinishConnect(NioSocketChannel.java:327)
	at org.apache.ratis.thirdparty.io.netty.channel.nio.AbstractNioChannel$AbstractNioUnsafe.finishConnect(AbstractNioChannel.java:340)
	at org.apache.ratis.thirdparty.io.netty.channel.nio.NioEventLoop.processSelectedKey(NioEventLoop.java:632)
	at org.apache.ratis.thirdparty.io.netty.channel.nio.NioEventLoop.processSelectedKeysOptimized(NioEventLoop.java:579)
	at org.apache.ratis.thirdparty.io.netty.channel.nio.NioEventLoop.processSelectedKeys(NioEventLoop.java:496)
	at org.apache.ratis.thirdparty.io.netty.channel.nio.NioEventLoop.run(NioEventLoop.java:458)
	at org.apache.ratis.thirdparty.io.netty.util.concurrent.SingleThreadEventExecutor$5.run(SingleThreadEventExecutor.java:897)
	at org.apache.ratis.thirdparty.io.netty.util.concurrent.FastThreadLocalRunnable.run(FastThreadLocalRunnable.java:30)
	... 1 more
Caused by: java.net.ConnectException: Connection refused
	... 11 more
2019-09-26 16:44:07,661 [58c4a369-c250-4760-99a6-8b9370b39159@group-63DD3CFCC676:LeaderElection84] INFO  impl.LeaderElection (LogUtils.java:infoOrTrace(149)) -   Exception 1: {}
java.util.concurrent.ExecutionException: org.apache.ratis.thirdparty.io.grpc.StatusRuntimeException: UNAVAILABLE: io exception
	at java.util.concurrent.FutureTask.report(FutureTask.java:122)
	at java.util.concurrent.FutureTask.get(FutureTask.java:192)
	at org.apache.ratis.server.impl.LeaderElection.waitForResults(LeaderElection.java:263)
	at org.apache.ratis.server.impl.LeaderElection.askForVotes(LeaderElection.java:201)
	at org.apache.ratis.server.impl.LeaderElection.run(LeaderElection.java:133)
	at java.lang.Thread.run(Thread.java:748)
Caused by: org.apache.ratis.thirdparty.io.grpc.StatusRuntimeException: UNAVAILABLE: io exception
	at org.apache.ratis.thirdparty.io.grpc.stub.ClientCalls.toStatusRuntimeException(ClientCalls.java:233)
	at org.apache.ratis.thirdparty.io.grpc.stub.ClientCalls.getUnchecked(ClientCalls.java:214)
	at org.apache.ratis.thirdparty.io.grpc.stub.ClientCalls.blockingUnaryCall(ClientCalls.java:139)
	at org.apache.ratis.proto.grpc.RaftServerProtocolServiceGrpc$RaftServerProtocolServiceBlockingStub.requestVote(RaftServerProtocolServiceGrpc.java:265)
	at org.apache.ratis.grpc.server.GrpcServerProtocolClient.requestVote(GrpcServerProtocolClient.java:90)
	at org.apache.ratis.grpc.server.GrpcService.requestVote(GrpcService.java:204)
	at org.apache.ratis.server.impl.LeaderElection.lambda$submitRequests$1(LeaderElection.java:238)
	at java.util.concurrent.FutureTask.run(FutureTask.java:266)
	at java.util.concurrent.Executors$RunnableAdapter.call(Executors.java:511)
	at java.util.concurrent.FutureTask.run(FutureTask.java:266)
	at java.util.concurrent.ThreadPoolExecutor.runWorker(ThreadPoolExecutor.java:1149)
	at java.util.concurrent.ThreadPoolExecutor$Worker.run(ThreadPoolExecutor.java:624)
	... 1 more
Caused by: org.apache.ratis.thirdparty.io.netty.channel.AbstractChannel$AnnotatedConnectException: Connection refused: /192.168.157.234:44936
	at sun.nio.ch.SocketChannelImpl.checkConnect(Native Method)
	at sun.nio.ch.SocketChannelImpl.finishConnect(SocketChannelImpl.java:717)
	at org.apache.ratis.thirdparty.io.netty.channel.socket.nio.NioSocketChannel.doFinishConnect(NioSocketChannel.java:327)
	at org.apache.ratis.thirdparty.io.netty.channel.nio.AbstractNioChannel$AbstractNioUnsafe.finishConnect(AbstractNioChannel.java:340)
	at org.apache.ratis.thirdparty.io.netty.channel.nio.NioEventLoop.processSelectedKey(NioEventLoop.java:632)
	at org.apache.ratis.thirdparty.io.netty.channel.nio.NioEventLoop.processSelectedKeysOptimized(NioEventLoop.java:579)
	at org.apache.ratis.thirdparty.io.netty.channel.nio.NioEventLoop.processSelectedKeys(NioEventLoop.java:496)
	at org.apache.ratis.thirdparty.io.netty.channel.nio.NioEventLoop.run(NioEventLoop.java:458)
	at org.apache.ratis.thirdparty.io.netty.util.concurrent.SingleThreadEventExecutor$5.run(SingleThreadEventExecutor.java:897)
	at org.apache.ratis.thirdparty.io.netty.util.concurrent.FastThreadLocalRunnable.run(FastThreadLocalRunnable.java:30)
	... 1 more
Caused by: java.net.ConnectException: Connection refused
	... 11 more
2019-09-26 16:44:07,661 [58c4a369-c250-4760-99a6-8b9370b39159@group-63DD3CFCC676:LeaderElection84] INFO  impl.RaftServerImpl (RaftServerImpl.java:setRole(174)) - 58c4a369-c250-4760-99a6-8b9370b39159@group-63DD3CFCC676: changes role from CANDIDATE to FOLLOWER at term 4 for DISCOVERED_A_NEW_TERM
2019-09-26 16:44:07,661 [58c4a369-c250-4760-99a6-8b9370b39159@group-63DD3CFCC676:LeaderElection84] INFO  impl.RoleInfo (RoleInfo.java:shutdownLeaderElection(134)) - 58c4a369-c250-4760-99a6-8b9370b39159: shutdown LeaderElection
2019-09-26 16:44:07,662 [58c4a369-c250-4760-99a6-8b9370b39159@group-63DD3CFCC676:LeaderElection84] INFO  impl.RoleInfo (RoleInfo.java:updateAndGet(143)) - 58c4a369-c250-4760-99a6-8b9370b39159: start FollowerState
2019-09-26 16:44:08,683 [main] INFO  ozoneimpl.OzoneContainer (OzoneContainer.java:stop(231)) - Attempting to stop container services.
2019-09-26 16:44:08,686 [main] INFO  impl.RaftServerProxy (RaftServerProxy.java:lambda$close$4(314)) - aaf131e7-2dac-4210-b86d-af9f66f4fd82: close
2019-09-26 16:44:08,686 [main] INFO  impl.RaftServerImpl (RaftServerImpl.java:lambda$shutdown$3(251)) - aaf131e7-2dac-4210-b86d-af9f66f4fd82@group-7FA0CED562BD: shutdown
2019-09-26 16:44:08,687 [main] INFO  util.JmxRegister (JmxRegister.java:unregister(73)) - Successfully un-registered JMX Bean with object name Ratis:service=RaftServer,group=group-7FA0CED562BD,id=aaf131e7-2dac-4210-b86d-af9f66f4fd82
2019-09-26 16:44:08,687 [main] INFO  impl.RoleInfo (RoleInfo.java:shutdownLeaderState(104)) - aaf131e7-2dac-4210-b86d-af9f66f4fd82: shutdown LeaderState
2019-09-26 16:44:08,687 [main] INFO  impl.PendingRequests (PendingRequests.java:sendNotLeaderResponses(202)) - aaf131e7-2dac-4210-b86d-af9f66f4fd82-PendingRequests: sendNotLeaderResponses
2019-09-26 16:44:08,688 [main] INFO  impl.StateMachineUpdater (StateMachineUpdater.java:stopAndJoin(125)) - aaf131e7-2dac-4210-b86d-af9f66f4fd82@group-7FA0CED562BD-StateMachineUpdater: set stopIndex = 0
2019-09-26 16:44:08,688 [main] INFO  impl.RaftServerImpl (ServerState.java:close(385)) - aaf131e7-2dac-4210-b86d-af9f66f4fd82@group-7FA0CED562BD: closes. applyIndex: 0
2019-09-26 16:44:08,689 [aaf131e7-2dac-4210-b86d-af9f66f4fd82@group-7FA0CED562BD-SegmentedRaftLogWorker] INFO  segmented.SegmentedRaftLogWorker (SegmentedRaftLogWorker.java:run(313)) - aaf131e7-2dac-4210-b86d-af9f66f4fd82@group-7FA0CED562BD-SegmentedRaftLogWorker was interrupted, exiting. There are 0 tasks remaining in the queue.
2019-09-26 16:44:08,689 [main] INFO  segmented.SegmentedRaftLogWorker (SegmentedRaftLogWorker.java:close(228)) - aaf131e7-2dac-4210-b86d-af9f66f4fd82@group-7FA0CED562BD-SegmentedRaftLogWorker close()
2019-09-26 16:44:08,690 [main] INFO  server.GrpcService (GrpcService.java:closeImpl(164)) - aaf131e7-2dac-4210-b86d-af9f66f4fd82: shutdown server with port 42233 now
2019-09-26 16:44:08,692 [main] INFO  server.GrpcService (GrpcService.java:closeImpl(172)) - aaf131e7-2dac-4210-b86d-af9f66f4fd82: shutdown server with port 42233 successfully
2019-09-26 16:44:08,695 [ForkJoinPool.commonPool-worker-0] INFO  ozoneimpl.OzoneContainer (OzoneContainer.java:stop(231)) - Attempting to stop container services.
2019-09-26 16:44:08,696 [refreshUsed-/workdir/hadoop-ozone/integration-test/target/test-dir/MiniOzoneClusterImpl-3c389332-0e16-4a63-91ed-68711720325b/datanode-7/data/containers] WARN  fs.CachingGetSpaceUsed (CachingGetSpaceUsed.java:run(183)) - Thread Interrupted waiting to refresh disk information: sleep interrupted
2019-09-26 16:44:08,696 [ForkJoinPool.commonPool-worker-0] INFO  impl.RaftServerProxy (RaftServerProxy.java:lambda$close$4(314)) - 58c4a369-c250-4760-99a6-8b9370b39159: close
2019-09-26 16:44:08,696 [ForkJoinPool.commonPool-worker-0] INFO  impl.RaftServerImpl (RaftServerImpl.java:lambda$shutdown$3(251)) - 58c4a369-c250-4760-99a6-8b9370b39159@group-63DD3CFCC676: shutdown
2019-09-26 16:44:08,697 [ForkJoinPool.commonPool-worker-0] INFO  util.JmxRegister (JmxRegister.java:unregister(73)) - Successfully un-registered JMX Bean with object name Ratis:service=RaftServer,group=group-63DD3CFCC676,id=58c4a369-c250-4760-99a6-8b9370b39159
2019-09-26 16:44:08,697 [ForkJoinPool.commonPool-worker-0] INFO  impl.RoleInfo (RoleInfo.java:shutdownFollowerState(121)) - 58c4a369-c250-4760-99a6-8b9370b39159: shutdown FollowerState
2019-09-26 16:44:08,697 [ForkJoinPool.commonPool-worker-0] INFO  impl.StateMachineUpdater (StateMachineUpdater.java:stopAndJoin(125)) - 58c4a369-c250-4760-99a6-8b9370b39159@group-63DD3CFCC676-StateMachineUpdater: set stopIndex = 0
2019-09-26 16:44:08,698 [Thread-7587] INFO  impl.FollowerState (FollowerState.java:run(115)) - 58c4a369-c250-4760-99a6-8b9370b39159: FollowerState was interrupted: java.lang.InterruptedException: sleep interrupted
2019-09-26 16:44:08,700 [ForkJoinPool.commonPool-worker-0] INFO  impl.RaftServerImpl (ServerState.java:close(385)) - 58c4a369-c250-4760-99a6-8b9370b39159@group-63DD3CFCC676: closes. applyIndex: 0
2019-09-26 16:44:08,700 [58c4a369-c250-4760-99a6-8b9370b39159@group-63DD3CFCC676-SegmentedRaftLogWorker] INFO  segmented.SegmentedRaftLogWorker (SegmentedRaftLogWorker.java:run(313)) - 58c4a369-c250-4760-99a6-8b9370b39159@group-63DD3CFCC676-SegmentedRaftLogWorker was interrupted, exiting. There are 0 tasks remaining in the queue.
2019-09-26 16:44:08,701 [ForkJoinPool.commonPool-worker-0] INFO  segmented.SegmentedRaftLogWorker (SegmentedRaftLogWorker.java:close(228)) - 58c4a369-c250-4760-99a6-8b9370b39159@group-63DD3CFCC676-SegmentedRaftLogWorker close()
2019-09-26 16:44:08,701 [ForkJoinPool.commonPool-worker-0] INFO  impl.RaftServerImpl (RaftServerImpl.java:lambda$shutdown$3(251)) - 58c4a369-c250-4760-99a6-8b9370b39159@group-BAFD07591381: shutdown
2019-09-26 16:44:08,702 [ForkJoinPool.commonPool-worker-0] INFO  util.JmxRegister (JmxRegister.java:unregister(73)) - Successfully un-registered JMX Bean with object name Ratis:service=RaftServer,group=group-BAFD07591381,id=58c4a369-c250-4760-99a6-8b9370b39159
2019-09-26 16:44:08,702 [ForkJoinPool.commonPool-worker-0] INFO  impl.RoleInfo (RoleInfo.java:shutdownLeaderState(104)) - 58c4a369-c250-4760-99a6-8b9370b39159: shutdown LeaderState
2019-09-26 16:44:08,702 [ForkJoinPool.commonPool-worker-0] INFO  impl.PendingRequests (PendingRequests.java:sendNotLeaderResponses(202)) - 58c4a369-c250-4760-99a6-8b9370b39159-PendingRequests: sendNotLeaderResponses
2019-09-26 16:44:08,703 [ForkJoinPool.commonPool-worker-0] INFO  impl.StateMachineUpdater (StateMachineUpdater.java:stopAndJoin(125)) - 58c4a369-c250-4760-99a6-8b9370b39159@group-BAFD07591381-StateMachineUpdater: set stopIndex = 0
2019-09-26 16:44:08,703 [ForkJoinPool.commonPool-worker-0] INFO  impl.RaftServerImpl (ServerState.java:close(385)) - 58c4a369-c250-4760-99a6-8b9370b39159@group-BAFD07591381: closes. applyIndex: 0
2019-09-26 16:44:08,703 [58c4a369-c250-4760-99a6-8b9370b39159@group-BAFD07591381-SegmentedRaftLogWorker] INFO  segmented.SegmentedRaftLogWorker (SegmentedRaftLogWorker.java:run(313)) - 58c4a369-c250-4760-99a6-8b9370b39159@group-BAFD07591381-SegmentedRaftLogWorker was interrupted, exiting. There are 0 tasks remaining in the queue.
2019-09-26 16:44:08,704 [ForkJoinPool.commonPool-worker-0] INFO  segmented.SegmentedRaftLogWorker (SegmentedRaftLogWorker.java:close(228)) - 58c4a369-c250-4760-99a6-8b9370b39159@group-BAFD07591381-SegmentedRaftLogWorker close()
2019-09-26 16:44:08,704 [ForkJoinPool.commonPool-worker-0] INFO  server.GrpcService (GrpcService.java:closeImpl(164)) - 58c4a369-c250-4760-99a6-8b9370b39159: shutdown server with port 42613 now
2019-09-26 16:44:08,704 [ForkJoinPool.commonPool-worker-0] INFO  server.GrpcService (GrpcService.java:closeImpl(172)) - 58c4a369-c250-4760-99a6-8b9370b39159: shutdown server with port 42613 successfully
2019-09-26 16:44:08,707 [refreshUsed-/workdir/hadoop-ozone/integration-test/target/test-dir/MiniOzoneClusterImpl-3c389332-0e16-4a63-91ed-68711720325b/datanode-1/data/containers] WARN  fs.CachingGetSpaceUsed (CachingGetSpaceUsed.java:run(183)) - Thread Interrupted waiting to refresh disk information: sleep interrupted
2019-09-26 16:44:08,714 [main] INFO  utils.BackgroundService (BackgroundService.java:shutdown(148)) - Shutting down service BlockDeletingService
2019-09-26 16:44:08,721 [main] INFO  statemachine.DatanodeStateMachine (DatanodeStateMachine.java:stopDaemon(395)) - Ozone container server stopped.
2019-09-26 16:44:08,722 [main] INFO  handler.ContextHandler (ContextHandler.java:doStop(910)) - Stopped o.e.j.w.WebAppContext@582e9152{/,null,UNAVAILABLE}{/hddsDatanode}
2019-09-26 16:44:08,723 [main] INFO  server.AbstractConnector (AbstractConnector.java:doStop(318)) - Stopped ServerConnector@7a31ca20{HTTP/1.1,[http/1.1]}{0.0.0.0:0}
2019-09-26 16:44:08,723 [main] INFO  handler.ContextHandler (ContextHandler.java:doStop(910)) - Stopped o.e.j.s.ServletContextHandler@8c43966{/static,jar:file:/home/user/.m2/repository/org/apache/hadoop/hadoop-hdds-container-service/0.5.0-SNAPSHOT/hadoop-hdds-container-service-0.5.0-SNAPSHOT.jar!/webapps/static,UNAVAILABLE}
2019-09-26 16:44:08,724 [main] INFO  handler.ContextHandler (ContextHandler.java:doStop(910)) - Stopped o.e.j.s.ServletContextHandler@3db65c0d{/logs,file:///workdir/hadoop-ozone/integration-test/target/log,UNAVAILABLE}
2019-09-26 16:44:08,728 [ForkJoinPool.commonPool-worker-0] INFO  utils.BackgroundService (BackgroundService.java:shutdown(148)) - Shutting down service BlockDeletingService
2019-09-26 16:44:08,733 [ForkJoinPool.commonPool-worker-0] INFO  statemachine.DatanodeStateMachine (DatanodeStateMachine.java:stopDaemon(395)) - Ozone container server stopped.
2019-09-26 16:44:08,739 [ForkJoinPool.commonPool-worker-0] INFO  handler.ContextHandler (ContextHandler.java:doStop(910)) - Stopped o.e.j.w.WebAppContext@372461a9{/,null,UNAVAILABLE}{/hddsDatanode}
2019-09-26 16:44:08,739 [ForkJoinPool.commonPool-worker-0] INFO  server.AbstractConnector (AbstractConnector.java:doStop(318)) - Stopped ServerConnector@5fffb692{HTTP/1.1,[http/1.1]}{0.0.0.0:0}
2019-09-26 16:44:08,740 [ForkJoinPool.commonPool-worker-0] INFO  handler.ContextHandler (ContextHandler.java:doStop(910)) - Stopped o.e.j.s.ServletContextHandler@6c3f1658{/static,jar:file:/home/user/.m2/repository/org/apache/hadoop/hadoop-hdds-container-service/0.5.0-SNAPSHOT/hadoop-hdds-container-service-0.5.0-SNAPSHOT.jar!/webapps/static,UNAVAILABLE}
2019-09-26 16:44:08,740 [ForkJoinPool.commonPool-worker-0] INFO  handler.ContextHandler (ContextHandler.java:doStop(910)) - Stopped o.e.j.s.ServletContextHandler@7f5614f9{/logs,file:///workdir/hadoop-ozone/integration-test/target/log,UNAVAILABLE}
2019-09-26 16:44:08,740 [main] INFO  ozone.MiniOzoneClusterImpl (MiniOzoneClusterImpl.java:stopSCM(392)) - Stopping the StorageContainerManager
2019-09-26 16:44:08,741 [main] INFO  server.StorageContainerManager (StorageContainerManager.java:stop(808)) - Stopping Replication Manager Service.
2019-09-26 16:44:08,741 [main] INFO  container.ReplicationManager (ReplicationManager.java:stop(203)) - Stopping Replication Monitor Thread.
2019-09-26 16:44:08,741 [main] INFO  server.StorageContainerManager (StorageContainerManager.java:stop(815)) - Stopping Lease Manager of the command watchers
2019-09-26 16:44:08,741 [main] INFO  server.StorageContainerManager (StorageContainerManager.java:stop(822)) - Stopping datanode service RPC server
2019-09-26 16:44:08,741 [main] INFO  server.SCMDatanodeProtocolServer (SCMDatanodeProtocolServer.java:stop(367)) - Stopping the RPC server for DataNodes
2019-09-26 16:44:08,741 [main] INFO  ipc.Server (Server.java:stop(3082)) - Stopping server on 37185
2019-09-26 16:44:08,744 [IPC Server listener on 37185] INFO  ipc.Server (Server.java:run(1185)) - Stopping IPC Server listener on 37185
2019-09-26 16:44:08,744 [IPC Server Responder] INFO  ipc.Server (Server.java:run(1319)) - Stopping IPC Server Responder
2019-09-26 16:44:08,817 [SCM Heartbeat Processing Thread - 0] WARN  node.NodeStateManager (NodeStateManager.java:scheduleNextHealthCheck(646)) - Current Thread is interrupted, shutting down HB processing thread for Node Manager.
2019-09-26 16:44:08,817 [main] INFO  server.StorageContainerManager (StorageContainerManager.java:stop(830)) - Stopping block service RPC server
2019-09-26 16:44:08,817 [main] INFO  server.SCMBlockProtocolServer (SCMBlockProtocolServer.java:stop(155)) - Stopping the RPC server for Block Protocol
2019-09-26 16:44:08,817 [main] INFO  ipc.Server (Server.java:stop(3082)) - Stopping server on 43395
2019-09-26 16:44:08,821 [IPC Server listener on 43395] INFO  ipc.Server (Server.java:run(1185)) - Stopping IPC Server listener on 43395
2019-09-26 16:44:08,821 [main] INFO  server.StorageContainerManager (StorageContainerManager.java:stop(837)) - Stopping the StorageContainerLocationProtocol RPC server
2019-09-26 16:44:08,822 [IPC Server Responder] INFO  ipc.Server (Server.java:run(1319)) - Stopping IPC Server Responder
2019-09-26 16:44:08,822 [main] INFO  server.SCMClientProtocolServer (SCMClientProtocolServer.java:stop(159)) - Stopping the RPC server for Client Protocol
2019-09-26 16:44:08,823 [main] INFO  ipc.Server (Server.java:stop(3082)) - Stopping server on 34782
2019-09-26 16:44:08,825 [IPC Server listener on 34782] INFO  ipc.Server (Server.java:run(1185)) - Stopping IPC Server listener on 34782
2019-09-26 16:44:08,825 [main] INFO  server.StorageContainerManager (StorageContainerManager.java:stop(844)) - Stopping Storage Container Manager HTTP server.
2019-09-26 16:44:08,825 [IPC Server Responder] INFO  ipc.Server (Server.java:run(1319)) - Stopping IPC Server Responder
2019-09-26 16:44:08,827 [main] INFO  handler.ContextHandler (ContextHandler.java:doStop(910)) - Stopped o.e.j.w.WebAppContext@28e8888d{/,null,UNAVAILABLE}{/scm}
2019-09-26 16:44:08,828 [main] INFO  server.AbstractConnector (AbstractConnector.java:doStop(318)) - Stopped ServerConnector@1e98b788{HTTP/1.1,[http/1.1]}{0.0.0.0:0}
2019-09-26 16:44:08,828 [main] INFO  handler.ContextHandler (ContextHandler.java:doStop(910)) - Stopped o.e.j.s.ServletContextHandler@45a1d057{/static,file:///workdir/hadoop-ozone/integration-test/target/test-classes/webapps/static,UNAVAILABLE}
2019-09-26 16:44:08,828 [main] INFO  handler.ContextHandler (ContextHandler.java:doStop(910)) - Stopped o.e.j.s.ServletContextHandler@4b033eac{/logs,file:///workdir/hadoop-ozone/integration-test/target/log,UNAVAILABLE}
2019-09-26 16:44:08,829 [main] INFO  server.StorageContainerManager (StorageContainerManager.java:stop(855)) - Stopping Block Manager Service.
2019-09-26 16:44:08,830 [main] INFO  utils.BackgroundService (BackgroundService.java:shutdown(148)) - Shutting down service SCMBlockDeletingService
2019-09-26 16:44:08,830 [main] INFO  utils.BackgroundService (BackgroundService.java:shutdown(148)) - Shutting down service SCMBlockDeletingService
2019-09-26 16:44:08,830 [main] INFO  server.StorageContainerManager (StorageContainerManager.java:stop(877)) - Stopping SCM Event Queue.
2019-09-26 16:44:08,835 [main] INFO  impl.MetricsSystemImpl (MetricsSystemImpl.java:stop(210)) - Stopping HddsDatanode metrics system...
2019-09-26 16:44:08,856 [main] INFO  impl.MetricsSystemImpl (MetricsSystemImpl.java:stop(216)) - HddsDatanode metrics system stopped.
]]></system-out>
    <system-err><![CDATA[Sep 26, 2019 4:43:58 PM org.apache.ratis.thirdparty.io.grpc.internal.SerializingExecutor run
SEVERE: Exception while executing runnable org.apache.ratis.thirdparty.io.grpc.internal.ServerImpl$JumpToApplicationThreadServerStreamListener$1Closed@76867a6
org.apache.ratis.thirdparty.io.grpc.StatusRuntimeException: CANCELLED: call already cancelled
	at org.apache.ratis.thirdparty.io.grpc.Status.asRuntimeException(Status.java:517)
	at org.apache.ratis.thirdparty.io.grpc.stub.ServerCalls$ServerCallStreamObserverImpl.onCompleted(ServerCalls.java:356)
	at org.apache.ratis.grpc.server.GrpcServerProtocolService$ServerRequestStreamObserver.onError(GrpcServerProtocolService.java:121)
	at org.apache.ratis.thirdparty.io.grpc.stub.ServerCalls$StreamingServerCallHandler$StreamingServerCallListener.onCancel(ServerCalls.java:269)
	at org.apache.ratis.thirdparty.io.grpc.internal.ServerCallImpl$ServerStreamListenerImpl.closed(ServerCallImpl.java:293)
	at org.apache.ratis.thirdparty.io.grpc.internal.ServerImpl$JumpToApplicationThreadServerStreamListener$1Closed.runInContext(ServerImpl.java:741)
	at org.apache.ratis.thirdparty.io.grpc.internal.ContextRunnable.run(ContextRunnable.java:37)
	at org.apache.ratis.thirdparty.io.grpc.internal.SerializingExecutor.run(SerializingExecutor.java:123)
	at java.util.concurrent.ThreadPoolExecutor.runWorker(ThreadPoolExecutor.java:1149)
	at java.util.concurrent.ThreadPoolExecutor$Worker.run(ThreadPoolExecutor.java:624)
	at java.lang.Thread.run(Thread.java:748)

Sep 26, 2019 4:43:58 PM org.apache.ratis.thirdparty.io.grpc.internal.SerializingExecutor run
SEVERE: Exception while executing runnable org.apache.ratis.thirdparty.io.grpc.internal.ServerImpl$JumpToApplicationThreadServerStreamListener$1Closed@3b350366
org.apache.ratis.thirdparty.io.grpc.StatusRuntimeException: CANCELLED: call already cancelled
	at org.apache.ratis.thirdparty.io.grpc.Status.asRuntimeException(Status.java:517)
	at org.apache.ratis.thirdparty.io.grpc.stub.ServerCalls$ServerCallStreamObserverImpl.onCompleted(ServerCalls.java:356)
	at org.apache.ratis.grpc.server.GrpcServerProtocolService$ServerRequestStreamObserver.onError(GrpcServerProtocolService.java:121)
	at org.apache.ratis.thirdparty.io.grpc.stub.ServerCalls$StreamingServerCallHandler$StreamingServerCallListener.onCancel(ServerCalls.java:269)
	at org.apache.ratis.thirdparty.io.grpc.internal.ServerCallImpl$ServerStreamListenerImpl.closed(ServerCallImpl.java:293)
	at org.apache.ratis.thirdparty.io.grpc.internal.ServerImpl$JumpToApplicationThreadServerStreamListener$1Closed.runInContext(ServerImpl.java:741)
	at org.apache.ratis.thirdparty.io.grpc.internal.ContextRunnable.run(ContextRunnable.java:37)
	at org.apache.ratis.thirdparty.io.grpc.internal.SerializingExecutor.run(SerializingExecutor.java:123)
	at java.util.concurrent.ThreadPoolExecutor.runWorker(ThreadPoolExecutor.java:1149)
	at java.util.concurrent.ThreadPoolExecutor$Worker.run(ThreadPoolExecutor.java:624)
	at java.lang.Thread.run(Thread.java:748)

]]></system-err>
  </testcase>
  <testcase name="testDatanodeExclusionWithMajorityCommit" classname="org.apache.hadoop.ozone.client.rpc.TestFailureHandlingByClient" time="142.523">
    <error message="Connection refused" type="java.net.ConnectException"><![CDATA[java.net.ConnectException: Connection refused
	at sun.nio.ch.SocketChannelImpl.checkConnect(Native Method)
	at sun.nio.ch.SocketChannelImpl.finishConnect(SocketChannelImpl.java:717)
	at org.apache.hadoop.net.SocketIOWithTimeout.connect(SocketIOWithTimeout.java:206)
	at org.apache.hadoop.net.NetUtils.connect(NetUtils.java:531)
	at org.apache.hadoop.ipc.Client$Connection.setupConnection(Client.java:690)
	at org.apache.hadoop.ipc.Client$Connection.setupIOstreams(Client.java:794)
	at org.apache.hadoop.ipc.Client$Connection.access$3700(Client.java:411)
	at org.apache.hadoop.ipc.Client.getConnection(Client.java:1572)
	at org.apache.hadoop.ipc.Client.call(Client.java:1403)
	at org.apache.hadoop.ipc.Client.call(Client.java:1367)
	at org.apache.hadoop.ipc.ProtobufRpcEngine$Invoker.invoke(ProtobufRpcEngine.java:228)
	at org.apache.hadoop.ipc.ProtobufRpcEngine$Invoker.invoke(ProtobufRpcEngine.java:116)
	at com.sun.proxy.$Proxy35.submitRequest(Unknown Source)
	at sun.reflect.GeneratedMethodAccessor36.invoke(Unknown Source)
	at sun.reflect.DelegatingMethodAccessorImpl.invoke(DelegatingMethodAccessorImpl.java:43)
	at java.lang.reflect.Method.invoke(Method.java:498)
	at org.apache.hadoop.io.retry.RetryInvocationHandler.invokeMethod(RetryInvocationHandler.java:422)
	at org.apache.hadoop.io.retry.RetryInvocationHandler$Call.invokeMethod(RetryInvocationHandler.java:165)
	at org.apache.hadoop.io.retry.RetryInvocationHandler$Call.invoke(RetryInvocationHandler.java:157)
	at org.apache.hadoop.io.retry.RetryInvocationHandler$Call.invokeOnce(RetryInvocationHandler.java:95)
	at org.apache.hadoop.io.retry.RetryInvocationHandler.invoke(RetryInvocationHandler.java:359)
	at com.sun.proxy.$Proxy35.submitRequest(Unknown Source)
	at org.apache.hadoop.ozone.om.protocolPB.OzoneManagerProtocolClientSideTranslatorPB.submitRequest(OzoneManagerProtocolClientSideTranslatorPB.java:338)
	at org.apache.hadoop.ozone.om.protocolPB.OzoneManagerProtocolClientSideTranslatorPB.getServiceInfo(OzoneManagerProtocolClientSideTranslatorPB.java:1223)
	at sun.reflect.NativeMethodAccessorImpl.invoke0(Native Method)
	at sun.reflect.NativeMethodAccessorImpl.invoke(NativeMethodAccessorImpl.java:62)
	at sun.reflect.DelegatingMethodAccessorImpl.invoke(DelegatingMethodAccessorImpl.java:43)
	at java.lang.reflect.Method.invoke(Method.java:498)
	at org.apache.hadoop.hdds.tracing.TraceAllMethod.invoke(TraceAllMethod.java:66)
	at com.sun.proxy.$Proxy36.getServiceInfo(Unknown Source)
	at org.apache.hadoop.ozone.client.rpc.RpcClient.<init>(RpcClient.java:154)
	at org.apache.hadoop.ozone.client.OzoneClientFactory.getClientProtocol(OzoneClientFactory.java:256)
	at org.apache.hadoop.ozone.client.OzoneClientFactory.getClientProtocol(OzoneClientFactory.java:239)
	at org.apache.hadoop.ozone.client.OzoneClientFactory.getClient(OzoneClientFactory.java:75)
	at org.apache.hadoop.ozone.client.rpc.TestFailureHandlingByClient.init(TestFailureHandlingByClient.java:111)
	at org.apache.hadoop.ozone.client.rpc.TestFailureHandlingByClient.startCluster(TestFailureHandlingByClient.java:121)
	at org.apache.hadoop.ozone.client.rpc.TestFailureHandlingByClient.testDatanodeExclusionWithMajorityCommit(TestFailureHandlingByClient.java:282)
	at sun.reflect.NativeMethodAccessorImpl.invoke0(Native Method)
	at sun.reflect.NativeMethodAccessorImpl.invoke(NativeMethodAccessorImpl.java:62)
	at sun.reflect.DelegatingMethodAccessorImpl.invoke(DelegatingMethodAccessorImpl.java:43)
	at java.lang.reflect.Method.invoke(Method.java:498)
	at org.junit.runners.model.FrameworkMethod$1.runReflectiveCall(FrameworkMethod.java:47)
	at org.junit.internal.runners.model.ReflectiveCallable.run(ReflectiveCallable.java:12)
	at org.junit.runners.model.FrameworkMethod.invokeExplosively(FrameworkMethod.java:44)
	at org.junit.internal.runners.statements.InvokeMethod.evaluate(InvokeMethod.java:17)
	at org.junit.internal.runners.statements.RunAfters.evaluate(RunAfters.java:27)
	at org.junit.runners.ParentRunner.runLeaf(ParentRunner.java:271)
	at org.junit.runners.BlockJUnit4ClassRunner.runChild(BlockJUnit4ClassRunner.java:70)
	at org.junit.runners.BlockJUnit4ClassRunner.runChild(BlockJUnit4ClassRunner.java:50)
	at org.junit.runners.ParentRunner$3.run(ParentRunner.java:238)
	at org.junit.runners.ParentRunner$1.schedule(ParentRunner.java:63)
	at org.junit.runners.ParentRunner.runChildren(ParentRunner.java:236)
	at org.junit.runners.ParentRunner.access$000(ParentRunner.java:53)
	at org.junit.runners.ParentRunner$2.evaluate(ParentRunner.java:229)
	at org.junit.runners.ParentRunner.run(ParentRunner.java:309)
	at org.apache.maven.surefire.junit4.JUnit4Provider.execute(JUnit4Provider.java:365)
	at org.apache.maven.surefire.junit4.JUnit4Provider.executeWithRerun(JUnit4Provider.java:273)
	at org.apache.maven.surefire.junit4.JUnit4Provider.executeTestSet(JUnit4Provider.java:238)
	at org.apache.maven.surefire.junit4.JUnit4Provider.invoke(JUnit4Provider.java:159)
	at org.apache.maven.surefire.booter.ForkedBooter.invokeProviderInSameClassLoader(ForkedBooter.java:384)
	at org.apache.maven.surefire.booter.ForkedBooter.runSuitesInProcess(ForkedBooter.java:345)
	at org.apache.maven.surefire.booter.ForkedBooter.execute(ForkedBooter.java:126)
	at org.apache.maven.surefire.booter.ForkedBooter.main(ForkedBooter.java:418)
]]></error>
    <system-out><![CDATA[2019-09-26 16:44:08,895 [main] WARN  server.ServerUtils (ServerUtils.java:getScmDbDir(145)) - ozone.scm.db.dirs is not configured. We recommend adding this setting. Falling back to ozone.metadata.dirs instead.
2019-09-26 16:44:08,921 [main] WARN  server.ServerUtils (ServerUtils.java:getScmDbDir(145)) - ozone.scm.db.dirs is not configured. We recommend adding this setting. Falling back to ozone.metadata.dirs instead.
2019-09-26 16:44:08,921 [main] WARN  server.ServerUtils (ServerUtils.java:getScmDbDir(145)) - ozone.scm.db.dirs is not configured. We recommend adding this setting. Falling back to ozone.metadata.dirs instead.
2019-09-26 16:44:08,921 [main] INFO  db.DBStoreBuilder (DBStoreBuilder.java:addTable(110)) - using custom profile for table: deletedBlocks
2019-09-26 16:44:08,922 [main] INFO  db.DBStoreBuilder (DBStoreBuilder.java:processTables(161)) - Using default column profile:DBProfile.DISK for Table:deletedBlocks
2019-09-26 16:44:08,922 [main] INFO  db.DBStoreBuilder (DBStoreBuilder.java:addTable(110)) - using custom profile for table: validCerts
2019-09-26 16:44:08,922 [main] INFO  db.DBStoreBuilder (DBStoreBuilder.java:processTables(161)) - Using default column profile:DBProfile.DISK for Table:validCerts
2019-09-26 16:44:08,922 [main] INFO  db.DBStoreBuilder (DBStoreBuilder.java:addTable(110)) - using custom profile for table: revokedCerts
2019-09-26 16:44:08,922 [main] INFO  db.DBStoreBuilder (DBStoreBuilder.java:processTables(161)) - Using default column profile:DBProfile.DISK for Table:revokedCerts
2019-09-26 16:44:08,923 [main] INFO  db.DBStoreBuilder (DBStoreBuilder.java:addTable(110)) - using custom profile for table: default
2019-09-26 16:44:08,923 [main] INFO  db.DBStoreBuilder (DBStoreBuilder.java:processTables(167)) - Using default column profile:DBProfile.DISK for Table:default
2019-09-26 16:44:08,923 [main] INFO  db.DBStoreBuilder (DBStoreBuilder.java:getDbProfile(198)) - Using default options. DBProfile.DISK
2019-09-26 16:44:09,089 [main] INFO  net.NodeSchemaLoader (NodeSchemaLoader.java:loadSchemaFromFile(125)) - Loading file from sun.misc.CompoundEnumeration@723e2d08
2019-09-26 16:44:09,089 [main] INFO  net.NodeSchemaLoader (NodeSchemaLoader.java:loadSchema(171)) - Loading network topology layer schema file
2019-09-26 16:44:09,094 [main] INFO  node.SCMNodeManager (SCMNodeManager.java:<init>(114)) - Entering startup safe mode.
2019-09-26 16:44:09,094 [main] INFO  algorithms.ContainerPlacementPolicyFactory (ContainerPlacementPolicyFactory.java:getPolicy(57)) - Create container placement policy of type org.apache.hadoop.hdds.scm.container.placement.algorithms.SCMContainerPlacementRandom
2019-09-26 16:44:09,094 [main] WARN  server.ServerUtils (ServerUtils.java:getScmDbDir(145)) - ozone.scm.db.dirs is not configured. We recommend adding this setting. Falling back to ozone.metadata.dirs instead.
2019-09-26 16:44:09,143 [main] INFO  pipeline.SCMPipelineManager (SCMPipelineManager.java:initializePipelineState(132)) - No pipeline exists in current db
2019-09-26 16:44:09,143 [main] WARN  server.ServerUtils (ServerUtils.java:getScmDbDir(145)) - ozone.scm.db.dirs is not configured. We recommend adding this setting. Falling back to ozone.metadata.dirs instead.
2019-09-26 16:44:09,196 [main] WARN  events.EventQueue (EventQueue.java:fireEvent(183)) - No event handler registered for event TypedEvent{payloadType=SafeModeStatus, name='SafeModeStatus'}
2019-09-26 16:44:09,197 [main] INFO  ipc.CallQueueManager (CallQueueManager.java:<init>(84)) - Using callQueue: class java.util.concurrent.LinkedBlockingQueue, queueCapacity: 2000, scheduler: class org.apache.hadoop.ipc.DefaultRpcScheduler, ipcBackoff: false.
2019-09-26 16:44:09,198 [Socket Reader #1 for port 46664] INFO  ipc.Server (Server.java:run(1074)) - Starting Socket Reader #1 for port 46664
2019-09-26 16:44:09,200 [main] INFO  ipc.CallQueueManager (CallQueueManager.java:<init>(84)) - Using callQueue: class java.util.concurrent.LinkedBlockingQueue, queueCapacity: 2000, scheduler: class org.apache.hadoop.ipc.DefaultRpcScheduler, ipcBackoff: false.
2019-09-26 16:44:09,201 [Socket Reader #1 for port 42820] INFO  ipc.Server (Server.java:run(1074)) - Starting Socket Reader #1 for port 42820
2019-09-26 16:44:09,203 [main] INFO  ipc.CallQueueManager (CallQueueManager.java:<init>(84)) - Using callQueue: class java.util.concurrent.LinkedBlockingQueue, queueCapacity: 2000, scheduler: class org.apache.hadoop.ipc.DefaultRpcScheduler, ipcBackoff: false.
2019-09-26 16:44:09,204 [Socket Reader #1 for port 41273] INFO  ipc.Server (Server.java:run(1074)) - Starting Socket Reader #1 for port 41273
2019-09-26 16:44:09,206 [main] INFO  hdfs.DFSUtil (DFSUtil.java:httpServerTemplateForNNAndJN(1641)) - Starting Web-server for scm at: http://0.0.0.0:0
2019-09-26 16:44:09,209 [main] INFO  server.AuthenticationFilter (AuthenticationFilter.java:constructSecretProvider(240)) - Unable to initialize FileSignerSecretProvider, falling back to use random secrets.
2019-09-26 16:44:09,209 [main] WARN  http.HttpRequestLog (HttpRequestLog.java:getRequestLog(97)) - Jetty request log can only be enabled using Log4j
2019-09-26 16:44:09,211 [main] INFO  http.HttpServer2 (HttpServer2.java:addGlobalFilter(975)) - Added global filter 'safety' (class=org.apache.hadoop.http.HttpServer2$QuotingInputFilter)
2019-09-26 16:44:09,212 [main] INFO  http.HttpServer2 (HttpServer2.java:addFilter(948)) - Added filter static_user_filter (class=org.apache.hadoop.http.lib.StaticUserWebFilter$StaticUserFilter) to context scm
2019-09-26 16:44:09,212 [main] INFO  http.HttpServer2 (HttpServer2.java:addFilter(958)) - Added filter static_user_filter (class=org.apache.hadoop.http.lib.StaticUserWebFilter$StaticUserFilter) to context static
2019-09-26 16:44:09,212 [main] INFO  http.HttpServer2 (HttpServer2.java:addFilter(958)) - Added filter static_user_filter (class=org.apache.hadoop.http.lib.StaticUserWebFilter$StaticUserFilter) to context logs
2019-09-26 16:44:09,214 [main] INFO  server.StorageContainerManager (StorageContainerManager.java:start(770)) - StorageContainerLocationProtocol RPC server is listening at /0.0.0.0:41273
2019-09-26 16:44:09,216 [main] WARN  impl.MetricsConfig (MetricsConfig.java:loadFirst(134)) - Cannot locate configuration: tried hadoop-metrics2-storagecontainermanager.properties,hadoop-metrics2.properties
2019-09-26 16:44:09,217 [main] INFO  impl.MetricsSystemImpl (MetricsSystemImpl.java:startTimer(374)) - Scheduled Metric snapshot period at 10 second(s).
2019-09-26 16:44:09,217 [main] INFO  impl.MetricsSystemImpl (MetricsSystemImpl.java:start(191)) - StorageContainerManager metrics system started
2019-09-26 16:44:09,326 [main] WARN  impl.MetricsSystemImpl (MetricsSystemImpl.java:register(276)) - Sink prometheus already exists!
2019-09-26 16:44:09,358 [main] INFO  server.SCMClientProtocolServer (SCMClientProtocolServer.java:start(151)) - RPC server for Client  is listening at /0.0.0.0:41273
2019-09-26 16:44:09,359 [IPC Server Responder] INFO  ipc.Server (Server.java:run(1314)) - IPC Server Responder: starting
2019-09-26 16:44:09,359 [IPC Server listener on 41273] INFO  ipc.Server (Server.java:run(1153)) - IPC Server listener on 41273: starting
2019-09-26 16:44:09,364 [main] INFO  server.StorageContainerManager (StorageContainerManager.java:start(780)) - ScmBlockLocationProtocol RPC server is listening at /0.0.0.0:42820
2019-09-26 16:44:09,364 [main] INFO  server.SCMBlockProtocolServer (SCMBlockProtocolServer.java:start(146)) - RPC server for Block Protocol is listening at /0.0.0.0:42820
2019-09-26 16:44:09,364 [IPC Server Responder] INFO  ipc.Server (Server.java:run(1314)) - IPC Server Responder: starting
2019-09-26 16:44:09,364 [IPC Server listener on 42820] INFO  ipc.Server (Server.java:run(1153)) - IPC Server listener on 42820: starting
2019-09-26 16:44:09,369 [main] INFO  server.StorageContainerManager (StorageContainerManager.java:start(784)) - ScmDatanodeProtocl RPC server is listening at /0.0.0.0:46664
2019-09-26 16:44:09,369 [main] INFO  server.SCMDatanodeProtocolServer (SCMDatanodeProtocolServer.java:start(191)) - RPC server for DataNodes is listening at /0.0.0.0:46664
2019-09-26 16:44:09,369 [IPC Server Responder] INFO  ipc.Server (Server.java:run(1314)) - IPC Server Responder: starting
2019-09-26 16:44:09,369 [IPC Server listener on 46664] INFO  ipc.Server (Server.java:run(1153)) - IPC Server listener on 46664: starting
2019-09-26 16:44:09,373 [main] INFO  http.HttpServer2 (HttpServer2.java:bindListener(1191)) - Jetty bound to port 39209
2019-09-26 16:44:09,373 [main] INFO  server.Server (Server.java:doStart(351)) - jetty-9.3.25.v20180904, build timestamp: 2018-09-04T21:11:46Z, git hash: 3ce520221d0240229c862b122d2b06c12a625732
2019-09-26 16:44:09,375 [main] INFO  handler.ContextHandler (ContextHandler.java:doStart(781)) - Started o.e.j.s.ServletContextHandler@28d739f1{/logs,file:///workdir/hadoop-ozone/integration-test/target/log,AVAILABLE}
2019-09-26 16:44:09,375 [main] INFO  handler.ContextHandler (ContextHandler.java:doStart(781)) - Started o.e.j.s.ServletContextHandler@7e3d2ebd{/static,file:///workdir/hadoop-ozone/integration-test/target/test-classes/webapps/static,AVAILABLE}
2019-09-26 16:44:09,379 [main] INFO  handler.ContextHandler (ContextHandler.java:doStart(781)) - Started o.e.j.w.WebAppContext@2997ddfc{/,file:///workdir/hadoop-ozone/integration-test/target/test-classes/webapps/scm/,AVAILABLE}{/scm}
2019-09-26 16:44:09,379 [main] INFO  server.AbstractConnector (AbstractConnector.java:doStart(278)) - Started ServerConnector@28ee882c{HTTP/1.1,[http/1.1]}{0.0.0.0:39209}
2019-09-26 16:44:09,380 [main] INFO  server.Server (Server.java:doStart(419)) - Started @577231ms
2019-09-26 16:44:09,381 [main] WARN  impl.MetricsSystemImpl (MetricsSystemImpl.java:register(276)) - Sink prometheus already exists!
2019-09-26 16:44:09,382 [main] INFO  server.BaseHttpServer (BaseHttpServer.java:updateConnectorAddress(215)) - HTTP server of SCM is listening at http://0.0.0.0:39209
2019-09-26 16:44:09,382 [main] WARN  server.ServerUtils (ServerUtils.java:getDBPath(222)) - ozone.om.db.dirs is not configured. We recommend adding this setting. Falling back to ozone.metadata.dirs instead.
2019-09-26 16:44:09,383 [org.apache.hadoop.util.JvmPauseMonitor$Monitor@238291d4] INFO  util.JvmPauseMonitor (JvmPauseMonitor.java:run(188)) - Starting JVM pause monitor
2019-09-26 16:44:09,398 [main] INFO  ha.OMHANodeDetails (OMHANodeDetails.java:loadOMHAConfig(194)) - Configuration either no ozone.om.address set. Falling back to the default OM address /127.0.0.1:0
2019-09-26 16:44:09,398 [main] INFO  ha.OMHANodeDetails (OMHANodeDetails.java:getOMNodeDetails(224)) - OM Service ID is not set. Setting it to the default ID: omServiceIdDefault
2019-09-26 16:44:09,398 [main] WARN  server.ServerUtils (ServerUtils.java:getDBPath(222)) - ozone.om.db.dirs is not configured. We recommend adding this setting. Falling back to ozone.metadata.dirs instead.
2019-09-26 16:44:09,399 [main] WARN  server.ServerUtils (ServerUtils.java:getDBPath(222)) - ozone.om.db.dirs is not configured. We recommend adding this setting. Falling back to ozone.metadata.dirs instead.
2019-09-26 16:44:09,407 [main] WARN  server.ServerUtils (ServerUtils.java:getDBPath(222)) - ozone.om.db.dirs is not configured. We recommend adding this setting. Falling back to ozone.metadata.dirs instead.
2019-09-26 16:44:09,408 [main] INFO  db.DBStoreBuilder (DBStoreBuilder.java:addTable(110)) - using custom profile for table: userTable
2019-09-26 16:44:09,408 [main] INFO  db.DBStoreBuilder (DBStoreBuilder.java:processTables(161)) - Using default column profile:DBProfile.DISK for Table:userTable
2019-09-26 16:44:09,408 [main] INFO  db.DBStoreBuilder (DBStoreBuilder.java:addTable(110)) - using custom profile for table: volumeTable
2019-09-26 16:44:09,408 [main] INFO  db.DBStoreBuilder (DBStoreBuilder.java:processTables(161)) - Using default column profile:DBProfile.DISK for Table:volumeTable
2019-09-26 16:44:09,408 [main] INFO  db.DBStoreBuilder (DBStoreBuilder.java:addTable(110)) - using custom profile for table: bucketTable
2019-09-26 16:44:09,409 [main] INFO  db.DBStoreBuilder (DBStoreBuilder.java:processTables(161)) - Using default column profile:DBProfile.DISK for Table:bucketTable
2019-09-26 16:44:09,409 [main] INFO  db.DBStoreBuilder (DBStoreBuilder.java:addTable(110)) - using custom profile for table: keyTable
2019-09-26 16:44:09,409 [main] INFO  db.DBStoreBuilder (DBStoreBuilder.java:processTables(161)) - Using default column profile:DBProfile.DISK for Table:keyTable
2019-09-26 16:44:09,409 [main] INFO  db.DBStoreBuilder (DBStoreBuilder.java:addTable(110)) - using custom profile for table: deletedTable
2019-09-26 16:44:09,409 [main] INFO  db.DBStoreBuilder (DBStoreBuilder.java:processTables(161)) - Using default column profile:DBProfile.DISK for Table:deletedTable
2019-09-26 16:44:09,410 [main] INFO  db.DBStoreBuilder (DBStoreBuilder.java:addTable(110)) - using custom profile for table: openKeyTable
2019-09-26 16:44:09,410 [main] INFO  db.DBStoreBuilder (DBStoreBuilder.java:processTables(161)) - Using default column profile:DBProfile.DISK for Table:openKeyTable
2019-09-26 16:44:09,410 [main] INFO  db.DBStoreBuilder (DBStoreBuilder.java:addTable(110)) - using custom profile for table: s3Table
2019-09-26 16:44:09,410 [main] INFO  db.DBStoreBuilder (DBStoreBuilder.java:processTables(161)) - Using default column profile:DBProfile.DISK for Table:s3Table
2019-09-26 16:44:09,411 [main] INFO  db.DBStoreBuilder (DBStoreBuilder.java:addTable(110)) - using custom profile for table: multipartInfoTable
2019-09-26 16:44:09,411 [main] INFO  db.DBStoreBuilder (DBStoreBuilder.java:processTables(161)) - Using default column profile:DBProfile.DISK for Table:multipartInfoTable
2019-09-26 16:44:09,411 [main] INFO  db.DBStoreBuilder (DBStoreBuilder.java:addTable(110)) - using custom profile for table: dTokenTable
2019-09-26 16:44:09,411 [main] INFO  db.DBStoreBuilder (DBStoreBuilder.java:processTables(161)) - Using default column profile:DBProfile.DISK for Table:dTokenTable
2019-09-26 16:44:09,411 [main] INFO  db.DBStoreBuilder (DBStoreBuilder.java:addTable(110)) - using custom profile for table: s3SecretTable
2019-09-26 16:44:09,412 [main] INFO  db.DBStoreBuilder (DBStoreBuilder.java:processTables(161)) - Using default column profile:DBProfile.DISK for Table:s3SecretTable
2019-09-26 16:44:09,412 [main] INFO  db.DBStoreBuilder (DBStoreBuilder.java:addTable(110)) - using custom profile for table: prefixTable
2019-09-26 16:44:09,412 [main] INFO  db.DBStoreBuilder (DBStoreBuilder.java:processTables(161)) - Using default column profile:DBProfile.DISK for Table:prefixTable
2019-09-26 16:44:09,412 [main] INFO  db.DBStoreBuilder (DBStoreBuilder.java:addTable(110)) - using custom profile for table: default
2019-09-26 16:44:09,412 [main] INFO  db.DBStoreBuilder (DBStoreBuilder.java:processTables(167)) - Using default column profile:DBProfile.DISK for Table:default
2019-09-26 16:44:09,413 [main] INFO  db.DBStoreBuilder (DBStoreBuilder.java:getDbProfile(198)) - Using default options. DBProfile.DISK
2019-09-26 16:44:09,944 [main] INFO  ipc.CallQueueManager (CallQueueManager.java:<init>(84)) - Using callQueue: class java.util.concurrent.LinkedBlockingQueue, queueCapacity: 2000, scheduler: class org.apache.hadoop.ipc.DefaultRpcScheduler, ipcBackoff: false.
2019-09-26 16:44:09,945 [Socket Reader #1 for port 38079] INFO  ipc.Server (Server.java:run(1074)) - Starting Socket Reader #1 for port 38079
2019-09-26 16:44:09,962 [main] INFO  om.OzoneManager (OzoneManager.java:start(1069)) - OzoneManager RPC server is listening at localhost/127.0.0.1:38079
2019-09-26 16:44:09,962 [main] INFO  impl.MetricsSystemImpl (MetricsSystemImpl.java:init(158)) - OzoneManager metrics system started (again)
2019-09-26 16:44:09,963 [IPC Server Responder] INFO  ipc.Server (Server.java:run(1314)) - IPC Server Responder: starting
2019-09-26 16:44:09,964 [IPC Server listener on 38079] INFO  ipc.Server (Server.java:run(1153)) - IPC Server listener on 38079: starting
2019-09-26 16:44:09,973 [main] INFO  hdfs.DFSUtil (DFSUtil.java:httpServerTemplateForNNAndJN(1641)) - Starting Web-server for ozoneManager at: http://0.0.0.0:0
2019-09-26 16:44:09,974 [main] INFO  server.AuthenticationFilter (AuthenticationFilter.java:constructSecretProvider(240)) - Unable to initialize FileSignerSecretProvider, falling back to use random secrets.
2019-09-26 16:44:09,975 [main] WARN  http.HttpRequestLog (HttpRequestLog.java:getRequestLog(97)) - Jetty request log can only be enabled using Log4j
2019-09-26 16:44:09,976 [main] INFO  http.HttpServer2 (HttpServer2.java:addGlobalFilter(975)) - Added global filter 'safety' (class=org.apache.hadoop.http.HttpServer2$QuotingInputFilter)
2019-09-26 16:44:09,977 [main] INFO  http.HttpServer2 (HttpServer2.java:addFilter(948)) - Added filter static_user_filter (class=org.apache.hadoop.http.lib.StaticUserWebFilter$StaticUserFilter) to context ozoneManager
2019-09-26 16:44:09,977 [main] INFO  http.HttpServer2 (HttpServer2.java:addFilter(958)) - Added filter static_user_filter (class=org.apache.hadoop.http.lib.StaticUserWebFilter$StaticUserFilter) to context static
2019-09-26 16:44:09,977 [main] INFO  http.HttpServer2 (HttpServer2.java:addFilter(958)) - Added filter static_user_filter (class=org.apache.hadoop.http.lib.StaticUserWebFilter$StaticUserFilter) to context logs
2019-09-26 16:44:09,978 [main] INFO  http.HttpServer2 (HttpServer2.java:bindListener(1191)) - Jetty bound to port 41847
2019-09-26 16:44:09,978 [main] INFO  server.Server (Server.java:doStart(351)) - jetty-9.3.25.v20180904, build timestamp: 2018-09-04T21:11:46Z, git hash: 3ce520221d0240229c862b122d2b06c12a625732
2019-09-26 16:44:09,980 [main] INFO  handler.ContextHandler (ContextHandler.java:doStart(781)) - Started o.e.j.s.ServletContextHandler@5a30722c{/logs,file:///workdir/hadoop-ozone/integration-test/target/log,AVAILABLE}
2019-09-26 16:44:09,980 [main] INFO  handler.ContextHandler (ContextHandler.java:doStart(781)) - Started o.e.j.s.ServletContextHandler@2484dbb7{/static,file:///workdir/hadoop-ozone/integration-test/target/test-classes/webapps/static,AVAILABLE}
2019-09-26 16:44:09,984 [main] INFO  handler.ContextHandler (ContextHandler.java:doStart(781)) - Started o.e.j.w.WebAppContext@279126f5{/,file:///workdir/hadoop-ozone/integration-test/target/test-classes/webapps/ozoneManager/,AVAILABLE}{/ozoneManager}
2019-09-26 16:44:09,985 [main] INFO  server.AbstractConnector (AbstractConnector.java:doStart(278)) - Started ServerConnector@7781263c{HTTP/1.1,[http/1.1]}{0.0.0.0:41847}
2019-09-26 16:44:09,986 [main] INFO  server.Server (Server.java:doStart(419)) - Started @577836ms
2019-09-26 16:44:09,986 [main] WARN  impl.MetricsSystemImpl (MetricsSystemImpl.java:register(276)) - Sink prometheus already exists!
2019-09-26 16:44:09,987 [main] INFO  server.BaseHttpServer (BaseHttpServer.java:updateConnectorAddress(215)) - HTTP server of OZONEMANAGER is listening at http://0.0.0.0:41847
2019-09-26 16:44:10,015 [main] INFO  impl.MetricsSystemImpl (MetricsSystemImpl.java:init(158)) - HddsDatanode metrics system started (again)
2019-09-26 16:44:10,019 [main] INFO  ozone.HddsDatanodeService (HddsDatanodeService.java:start(184)) - HddsDatanodeService host:pr-hdds-2162-htzpk-1451759861 ip:192.168.157.234
2019-09-26 16:44:10,025 [main] INFO  volume.HddsVolume (HddsVolume.java:<init>(176)) - Creating Volume: /workdir/hadoop-ozone/integration-test/target/test-dir/MiniOzoneClusterImpl-2d738554-168c-4e5d-822f-b5acc277bde2/datanode-0/data/containers/hdds of  storage type : DISK and capacity : 1482555576320
2019-09-26 16:44:10,025 [main] INFO  volume.VolumeSet (VolumeSet.java:initializeVolumeSet(170)) - Added Volume : /workdir/hadoop-ozone/integration-test/target/test-dir/MiniOzoneClusterImpl-2d738554-168c-4e5d-822f-b5acc277bde2/datanode-0/data/containers/hdds to VolumeSet
2019-09-26 16:44:10,026 [main] INFO  volume.ThrottledAsyncChecker (ThrottledAsyncChecker.java:schedule(139)) - Scheduling a check for org.apache.hadoop.ozone.container.common.volume.HddsVolume@6aae0e6f
2019-09-26 16:44:10,026 [main] INFO  volume.HddsVolumeChecker (HddsVolumeChecker.java:checkAllVolumes(202)) - Scheduled health check for volume org.apache.hadoop.ozone.container.common.volume.HddsVolume@6aae0e6f
2019-09-26 16:44:10,039 [main] INFO  impl.RaftServerProxy (ConfUtils.java:logGet(43)) - raft.rpc.type = GRPC (default)
2019-09-26 16:44:10,040 [main] INFO  grpc.GrpcFactory (GrpcFactory.java:checkPooledByteBufAllocatorUseCacheForAllThreads(45)) - PERFORMANCE WARNING: useCacheForAllThreads is true that may cause Netty to create a lot garbage objects and, as a result, trigger GC.
	It is recommended to disable useCacheForAllThreads by setting -Dorg.apache.ratis.thirdparty.io.netty.allocator.useCacheForAllThreads=false in command line.
2019-09-26 16:44:10,040 [main] INFO  grpc.GrpcConfigKeys$Server (ConfUtils.java:logGet(43)) - raft.grpc.server.port = 0 (default)
2019-09-26 16:44:10,040 [main] INFO  server.GrpcService (ConfUtils.java:logGet(43)) - raft.grpc.message.size.max = 33570816 (custom)
2019-09-26 16:44:10,040 [main] INFO  server.RaftServerConfigKeys (ConfUtils.java:logGet(43)) - raft.server.log.appender.buffer.byte-limit = 33554432 (custom)
2019-09-26 16:44:10,040 [main] INFO  server.GrpcService (ConfUtils.java:logGet(43)) - raft.grpc.flow.control.window = 1MB (=1048576) (default)
2019-09-26 16:44:10,041 [main] INFO  server.RaftServerConfigKeys (ConfUtils.java:logGet(43)) - raft.server.rpc.request.timeout = 3000ms (default)
2019-09-26 16:44:10,041 [main] INFO  server.RaftServerConfigKeys (ConfUtils.java:logGet(43)) - raft.server.storage.dir = [/workdir/hadoop-ozone/integration-test/target/test-dir/MiniOzoneClusterImpl-2d738554-168c-4e5d-822f-b5acc277bde2/datanode-0/data/ratis] (custom)
2019-09-26 16:44:10,043 [main] INFO  hdfs.DFSUtil (DFSUtil.java:httpServerTemplateForNNAndJN(1641)) - Starting Web-server for hddsDatanode at: http://0.0.0.0:0
2019-09-26 16:44:10,044 [main] INFO  server.AuthenticationFilter (AuthenticationFilter.java:constructSecretProvider(240)) - Unable to initialize FileSignerSecretProvider, falling back to use random secrets.
2019-09-26 16:44:10,045 [main] WARN  http.HttpRequestLog (HttpRequestLog.java:getRequestLog(97)) - Jetty request log can only be enabled using Log4j
2019-09-26 16:44:10,046 [main] INFO  http.HttpServer2 (HttpServer2.java:addGlobalFilter(975)) - Added global filter 'safety' (class=org.apache.hadoop.http.HttpServer2$QuotingInputFilter)
2019-09-26 16:44:10,046 [main] INFO  http.HttpServer2 (HttpServer2.java:addFilter(948)) - Added filter static_user_filter (class=org.apache.hadoop.http.lib.StaticUserWebFilter$StaticUserFilter) to context hddsDatanode
2019-09-26 16:44:10,046 [main] INFO  http.HttpServer2 (HttpServer2.java:addFilter(958)) - Added filter static_user_filter (class=org.apache.hadoop.http.lib.StaticUserWebFilter$StaticUserFilter) to context logs
2019-09-26 16:44:10,047 [main] INFO  http.HttpServer2 (HttpServer2.java:addFilter(958)) - Added filter static_user_filter (class=org.apache.hadoop.http.lib.StaticUserWebFilter$StaticUserFilter) to context static
2019-09-26 16:44:10,047 [main] INFO  http.HttpServer2 (HttpServer2.java:bindListener(1191)) - Jetty bound to port 41628
2019-09-26 16:44:10,047 [main] INFO  server.Server (Server.java:doStart(351)) - jetty-9.3.25.v20180904, build timestamp: 2018-09-04T21:11:46Z, git hash: 3ce520221d0240229c862b122d2b06c12a625732
2019-09-26 16:44:10,049 [main] INFO  handler.ContextHandler (ContextHandler.java:doStart(781)) - Started o.e.j.s.ServletContextHandler@78c74647{/logs,file:///workdir/hadoop-ozone/integration-test/target/log,AVAILABLE}
2019-09-26 16:44:10,049 [main] INFO  handler.ContextHandler (ContextHandler.java:doStart(781)) - Started o.e.j.s.ServletContextHandler@5763a655{/static,jar:file:/home/user/.m2/repository/org/apache/hadoop/hadoop-hdds-container-service/0.5.0-SNAPSHOT/hadoop-hdds-container-service-0.5.0-SNAPSHOT.jar!/webapps/static,AVAILABLE}
2019-09-26 16:44:10,081 [main] INFO  handler.ContextHandler (ContextHandler.java:doStart(781)) - Started o.e.j.w.WebAppContext@21274afe{/,file:///tmp/jetty-0.0.0.0-41628-hddsDatanode-_-any-7671123470671914627.dir/webapp/,AVAILABLE}{/hddsDatanode}
2019-09-26 16:44:10,081 [main] INFO  server.AbstractConnector (AbstractConnector.java:doStart(278)) - Started ServerConnector@76a362a4{HTTP/1.1,[http/1.1]}{0.0.0.0:41628}
2019-09-26 16:44:10,082 [main] INFO  server.Server (Server.java:doStart(419)) - Started @577932ms
2019-09-26 16:44:10,082 [main] WARN  impl.MetricsSystemImpl (MetricsSystemImpl.java:register(276)) - Sink prometheus already exists!
2019-09-26 16:44:10,083 [main] INFO  server.BaseHttpServer (BaseHttpServer.java:updateConnectorAddress(215)) - HTTP server of HDDSDATANODE is listening at http://0.0.0.0:41628
2019-09-26 16:44:10,083 [main] INFO  impl.MetricsSystemImpl (MetricsSystemImpl.java:init(158)) - HddsDatanode metrics system started (again)
2019-09-26 16:44:10,086 [main] INFO  ozone.HddsDatanodeService (HddsDatanodeService.java:start(184)) - HddsDatanodeService host:pr-hdds-2162-htzpk-1451759861 ip:192.168.157.234
2019-09-26 16:44:10,087 [org.apache.hadoop.util.JvmPauseMonitor$Monitor@30bce74b] INFO  util.JvmPauseMonitor (JvmPauseMonitor.java:run(188)) - Starting JVM pause monitor
2019-09-26 16:44:10,088 [Datanode State Machine Thread - 0] INFO  datanode.InitDatanodeState (InitDatanodeState.java:persistContainerDatanodeDetails(140)) - DatanodeDetails is persisted to /workdir/hadoop-ozone/integration-test/target/test-dir/MiniOzoneClusterImpl-2d738554-168c-4e5d-822f-b5acc277bde2/datanode-0/meta/datanode.id
2019-09-26 16:44:10,092 [main] INFO  volume.HddsVolume (HddsVolume.java:<init>(176)) - Creating Volume: /workdir/hadoop-ozone/integration-test/target/test-dir/MiniOzoneClusterImpl-2d738554-168c-4e5d-822f-b5acc277bde2/datanode-1/data/containers/hdds of  storage type : DISK and capacity : 1482555576320
2019-09-26 16:44:10,092 [main] INFO  volume.VolumeSet (VolumeSet.java:initializeVolumeSet(170)) - Added Volume : /workdir/hadoop-ozone/integration-test/target/test-dir/MiniOzoneClusterImpl-2d738554-168c-4e5d-822f-b5acc277bde2/datanode-1/data/containers/hdds to VolumeSet
2019-09-26 16:44:10,093 [main] INFO  volume.ThrottledAsyncChecker (ThrottledAsyncChecker.java:schedule(139)) - Scheduling a check for org.apache.hadoop.ozone.container.common.volume.HddsVolume@58a7dc4
2019-09-26 16:44:10,093 [main] INFO  volume.HddsVolumeChecker (HddsVolumeChecker.java:checkAllVolumes(202)) - Scheduled health check for volume org.apache.hadoop.ozone.container.common.volume.HddsVolume@58a7dc4
2019-09-26 16:44:10,105 [main] INFO  impl.RaftServerProxy (ConfUtils.java:logGet(43)) - raft.rpc.type = GRPC (default)
2019-09-26 16:44:10,105 [main] INFO  grpc.GrpcFactory (GrpcFactory.java:checkPooledByteBufAllocatorUseCacheForAllThreads(45)) - PERFORMANCE WARNING: useCacheForAllThreads is true that may cause Netty to create a lot garbage objects and, as a result, trigger GC.
	It is recommended to disable useCacheForAllThreads by setting -Dorg.apache.ratis.thirdparty.io.netty.allocator.useCacheForAllThreads=false in command line.
2019-09-26 16:44:10,105 [main] INFO  grpc.GrpcConfigKeys$Server (ConfUtils.java:logGet(43)) - raft.grpc.server.port = 0 (default)
2019-09-26 16:44:10,106 [main] INFO  server.GrpcService (ConfUtils.java:logGet(43)) - raft.grpc.message.size.max = 33570816 (custom)
2019-09-26 16:44:10,106 [main] INFO  server.RaftServerConfigKeys (ConfUtils.java:logGet(43)) - raft.server.log.appender.buffer.byte-limit = 33554432 (custom)
2019-09-26 16:44:10,106 [main] INFO  server.GrpcService (ConfUtils.java:logGet(43)) - raft.grpc.flow.control.window = 1MB (=1048576) (default)
2019-09-26 16:44:10,106 [main] INFO  server.RaftServerConfigKeys (ConfUtils.java:logGet(43)) - raft.server.rpc.request.timeout = 3000ms (default)
2019-09-26 16:44:10,107 [main] INFO  server.RaftServerConfigKeys (ConfUtils.java:logGet(43)) - raft.server.storage.dir = [/workdir/hadoop-ozone/integration-test/target/test-dir/MiniOzoneClusterImpl-2d738554-168c-4e5d-822f-b5acc277bde2/datanode-1/data/ratis] (custom)
2019-09-26 16:44:10,108 [main] INFO  hdfs.DFSUtil (DFSUtil.java:httpServerTemplateForNNAndJN(1641)) - Starting Web-server for hddsDatanode at: http://0.0.0.0:0
2019-09-26 16:44:10,109 [main] INFO  server.AuthenticationFilter (AuthenticationFilter.java:constructSecretProvider(240)) - Unable to initialize FileSignerSecretProvider, falling back to use random secrets.
2019-09-26 16:44:10,109 [main] WARN  http.HttpRequestLog (HttpRequestLog.java:getRequestLog(97)) - Jetty request log can only be enabled using Log4j
2019-09-26 16:44:10,110 [main] INFO  http.HttpServer2 (HttpServer2.java:addGlobalFilter(975)) - Added global filter 'safety' (class=org.apache.hadoop.http.HttpServer2$QuotingInputFilter)
2019-09-26 16:44:10,110 [main] INFO  http.HttpServer2 (HttpServer2.java:addFilter(948)) - Added filter static_user_filter (class=org.apache.hadoop.http.lib.StaticUserWebFilter$StaticUserFilter) to context hddsDatanode
2019-09-26 16:44:10,111 [main] INFO  http.HttpServer2 (HttpServer2.java:addFilter(958)) - Added filter static_user_filter (class=org.apache.hadoop.http.lib.StaticUserWebFilter$StaticUserFilter) to context static
2019-09-26 16:44:10,111 [main] INFO  http.HttpServer2 (HttpServer2.java:addFilter(958)) - Added filter static_user_filter (class=org.apache.hadoop.http.lib.StaticUserWebFilter$StaticUserFilter) to context logs
2019-09-26 16:44:10,111 [main] INFO  http.HttpServer2 (HttpServer2.java:bindListener(1191)) - Jetty bound to port 45767
2019-09-26 16:44:10,111 [main] INFO  server.Server (Server.java:doStart(351)) - jetty-9.3.25.v20180904, build timestamp: 2018-09-04T21:11:46Z, git hash: 3ce520221d0240229c862b122d2b06c12a625732
2019-09-26 16:44:10,113 [main] INFO  handler.ContextHandler (ContextHandler.java:doStart(781)) - Started o.e.j.s.ServletContextHandler@3869a6e5{/logs,file:///workdir/hadoop-ozone/integration-test/target/log,AVAILABLE}
2019-09-26 16:44:10,113 [main] INFO  handler.ContextHandler (ContextHandler.java:doStart(781)) - Started o.e.j.s.ServletContextHandler@7d484fcd{/static,jar:file:/home/user/.m2/repository/org/apache/hadoop/hadoop-hdds-container-service/0.5.0-SNAPSHOT/hadoop-hdds-container-service-0.5.0-SNAPSHOT.jar!/webapps/static,AVAILABLE}
2019-09-26 16:44:10,139 [main] INFO  handler.ContextHandler (ContextHandler.java:doStart(781)) - Started o.e.j.w.WebAppContext@99a8de3{/,file:///tmp/jetty-0.0.0.0-45767-hddsDatanode-_-any-3467013137624655488.dir/webapp/,AVAILABLE}{/hddsDatanode}
2019-09-26 16:44:10,140 [main] INFO  server.AbstractConnector (AbstractConnector.java:doStart(278)) - Started ServerConnector@87f501f{HTTP/1.1,[http/1.1]}{0.0.0.0:45767}
2019-09-26 16:44:10,140 [main] INFO  server.Server (Server.java:doStart(419)) - Started @577990ms
2019-09-26 16:44:10,141 [main] WARN  impl.MetricsSystemImpl (MetricsSystemImpl.java:register(276)) - Sink prometheus already exists!
2019-09-26 16:44:10,142 [main] INFO  server.BaseHttpServer (BaseHttpServer.java:updateConnectorAddress(215)) - HTTP server of HDDSDATANODE is listening at http://0.0.0.0:45767
2019-09-26 16:44:10,142 [main] INFO  impl.MetricsSystemImpl (MetricsSystemImpl.java:init(158)) - HddsDatanode metrics system started (again)
2019-09-26 16:44:10,146 [main] INFO  ozone.HddsDatanodeService (HddsDatanodeService.java:start(184)) - HddsDatanodeService host:pr-hdds-2162-htzpk-1451759861 ip:192.168.157.234
2019-09-26 16:44:10,146 [org.apache.hadoop.util.JvmPauseMonitor$Monitor@638c8d50] INFO  util.JvmPauseMonitor (JvmPauseMonitor.java:run(188)) - Starting JVM pause monitor
2019-09-26 16:44:10,147 [Datanode State Machine Thread - 0] INFO  datanode.InitDatanodeState (InitDatanodeState.java:persistContainerDatanodeDetails(140)) - DatanodeDetails is persisted to /workdir/hadoop-ozone/integration-test/target/test-dir/MiniOzoneClusterImpl-2d738554-168c-4e5d-822f-b5acc277bde2/datanode-1/meta/datanode.id
2019-09-26 16:44:10,152 [main] INFO  volume.HddsVolume (HddsVolume.java:<init>(176)) - Creating Volume: /workdir/hadoop-ozone/integration-test/target/test-dir/MiniOzoneClusterImpl-2d738554-168c-4e5d-822f-b5acc277bde2/datanode-2/data/containers/hdds of  storage type : DISK and capacity : 1482555576320
2019-09-26 16:44:10,152 [main] INFO  volume.VolumeSet (VolumeSet.java:initializeVolumeSet(170)) - Added Volume : /workdir/hadoop-ozone/integration-test/target/test-dir/MiniOzoneClusterImpl-2d738554-168c-4e5d-822f-b5acc277bde2/datanode-2/data/containers/hdds to VolumeSet
2019-09-26 16:44:10,152 [main] INFO  volume.ThrottledAsyncChecker (ThrottledAsyncChecker.java:schedule(139)) - Scheduling a check for org.apache.hadoop.ozone.container.common.volume.HddsVolume@2fde9469
2019-09-26 16:44:10,152 [main] INFO  volume.HddsVolumeChecker (HddsVolumeChecker.java:checkAllVolumes(202)) - Scheduled health check for volume org.apache.hadoop.ozone.container.common.volume.HddsVolume@2fde9469
2019-09-26 16:44:10,164 [main] INFO  impl.RaftServerProxy (ConfUtils.java:logGet(43)) - raft.rpc.type = GRPC (default)
2019-09-26 16:44:10,164 [main] INFO  grpc.GrpcFactory (GrpcFactory.java:checkPooledByteBufAllocatorUseCacheForAllThreads(45)) - PERFORMANCE WARNING: useCacheForAllThreads is true that may cause Netty to create a lot garbage objects and, as a result, trigger GC.
	It is recommended to disable useCacheForAllThreads by setting -Dorg.apache.ratis.thirdparty.io.netty.allocator.useCacheForAllThreads=false in command line.
2019-09-26 16:44:10,164 [main] INFO  grpc.GrpcConfigKeys$Server (ConfUtils.java:logGet(43)) - raft.grpc.server.port = 0 (default)
2019-09-26 16:44:10,165 [main] INFO  server.GrpcService (ConfUtils.java:logGet(43)) - raft.grpc.message.size.max = 33570816 (custom)
2019-09-26 16:44:10,165 [main] INFO  server.RaftServerConfigKeys (ConfUtils.java:logGet(43)) - raft.server.log.appender.buffer.byte-limit = 33554432 (custom)
2019-09-26 16:44:10,165 [main] INFO  server.GrpcService (ConfUtils.java:logGet(43)) - raft.grpc.flow.control.window = 1MB (=1048576) (default)
2019-09-26 16:44:10,165 [main] INFO  server.RaftServerConfigKeys (ConfUtils.java:logGet(43)) - raft.server.rpc.request.timeout = 3000ms (default)
2019-09-26 16:44:10,165 [main] INFO  server.RaftServerConfigKeys (ConfUtils.java:logGet(43)) - raft.server.storage.dir = [/workdir/hadoop-ozone/integration-test/target/test-dir/MiniOzoneClusterImpl-2d738554-168c-4e5d-822f-b5acc277bde2/datanode-2/data/ratis] (custom)
2019-09-26 16:44:10,167 [main] INFO  hdfs.DFSUtil (DFSUtil.java:httpServerTemplateForNNAndJN(1641)) - Starting Web-server for hddsDatanode at: http://0.0.0.0:0
2019-09-26 16:44:10,168 [main] INFO  server.AuthenticationFilter (AuthenticationFilter.java:constructSecretProvider(240)) - Unable to initialize FileSignerSecretProvider, falling back to use random secrets.
2019-09-26 16:44:10,168 [main] WARN  http.HttpRequestLog (HttpRequestLog.java:getRequestLog(97)) - Jetty request log can only be enabled using Log4j
2019-09-26 16:44:10,169 [main] INFO  http.HttpServer2 (HttpServer2.java:addGlobalFilter(975)) - Added global filter 'safety' (class=org.apache.hadoop.http.HttpServer2$QuotingInputFilter)
2019-09-26 16:44:10,169 [main] INFO  http.HttpServer2 (HttpServer2.java:addFilter(948)) - Added filter static_user_filter (class=org.apache.hadoop.http.lib.StaticUserWebFilter$StaticUserFilter) to context hddsDatanode
2019-09-26 16:44:10,170 [main] INFO  http.HttpServer2 (HttpServer2.java:addFilter(958)) - Added filter static_user_filter (class=org.apache.hadoop.http.lib.StaticUserWebFilter$StaticUserFilter) to context logs
2019-09-26 16:44:10,170 [main] INFO  http.HttpServer2 (HttpServer2.java:addFilter(958)) - Added filter static_user_filter (class=org.apache.hadoop.http.lib.StaticUserWebFilter$StaticUserFilter) to context static
2019-09-26 16:44:10,170 [main] INFO  http.HttpServer2 (HttpServer2.java:bindListener(1191)) - Jetty bound to port 43787
2019-09-26 16:44:10,170 [main] INFO  server.Server (Server.java:doStart(351)) - jetty-9.3.25.v20180904, build timestamp: 2018-09-04T21:11:46Z, git hash: 3ce520221d0240229c862b122d2b06c12a625732
2019-09-26 16:44:10,172 [main] INFO  handler.ContextHandler (ContextHandler.java:doStart(781)) - Started o.e.j.s.ServletContextHandler@27e44e9c{/logs,file:///workdir/hadoop-ozone/integration-test/target/log,AVAILABLE}
2019-09-26 16:44:10,172 [main] INFO  handler.ContextHandler (ContextHandler.java:doStart(781)) - Started o.e.j.s.ServletContextHandler@1bee0085{/static,jar:file:/home/user/.m2/repository/org/apache/hadoop/hadoop-hdds-container-service/0.5.0-SNAPSHOT/hadoop-hdds-container-service-0.5.0-SNAPSHOT.jar!/webapps/static,AVAILABLE}
2019-09-26 16:44:10,198 [main] INFO  handler.ContextHandler (ContextHandler.java:doStart(781)) - Started o.e.j.w.WebAppContext@7a36c83a{/,file:///tmp/jetty-0.0.0.0-43787-hddsDatanode-_-any-1926076120687444879.dir/webapp/,AVAILABLE}{/hddsDatanode}
2019-09-26 16:44:10,199 [main] INFO  server.AbstractConnector (AbstractConnector.java:doStart(278)) - Started ServerConnector@154b8cb6{HTTP/1.1,[http/1.1]}{0.0.0.0:43787}
2019-09-26 16:44:10,200 [main] INFO  server.Server (Server.java:doStart(419)) - Started @578050ms
2019-09-26 16:44:10,200 [main] WARN  impl.MetricsSystemImpl (MetricsSystemImpl.java:register(276)) - Sink prometheus already exists!
2019-09-26 16:44:10,201 [main] INFO  server.BaseHttpServer (BaseHttpServer.java:updateConnectorAddress(215)) - HTTP server of HDDSDATANODE is listening at http://0.0.0.0:43787
2019-09-26 16:44:10,201 [main] INFO  impl.MetricsSystemImpl (MetricsSystemImpl.java:init(158)) - HddsDatanode metrics system started (again)
2019-09-26 16:44:10,205 [main] INFO  ozone.HddsDatanodeService (HddsDatanodeService.java:start(184)) - HddsDatanodeService host:pr-hdds-2162-htzpk-1451759861 ip:192.168.157.234
2019-09-26 16:44:10,205 [org.apache.hadoop.util.JvmPauseMonitor$Monitor@2ea6a0c3] INFO  util.JvmPauseMonitor (JvmPauseMonitor.java:run(188)) - Starting JVM pause monitor
2019-09-26 16:44:10,206 [Datanode State Machine Thread - 0] INFO  datanode.InitDatanodeState (InitDatanodeState.java:persistContainerDatanodeDetails(140)) - DatanodeDetails is persisted to /workdir/hadoop-ozone/integration-test/target/test-dir/MiniOzoneClusterImpl-2d738554-168c-4e5d-822f-b5acc277bde2/datanode-2/meta/datanode.id
2019-09-26 16:44:10,211 [main] INFO  volume.HddsVolume (HddsVolume.java:<init>(176)) - Creating Volume: /workdir/hadoop-ozone/integration-test/target/test-dir/MiniOzoneClusterImpl-2d738554-168c-4e5d-822f-b5acc277bde2/datanode-3/data/containers/hdds of  storage type : DISK and capacity : 1482555576320
2019-09-26 16:44:10,211 [main] INFO  volume.VolumeSet (VolumeSet.java:initializeVolumeSet(170)) - Added Volume : /workdir/hadoop-ozone/integration-test/target/test-dir/MiniOzoneClusterImpl-2d738554-168c-4e5d-822f-b5acc277bde2/datanode-3/data/containers/hdds to VolumeSet
2019-09-26 16:44:10,212 [main] INFO  volume.ThrottledAsyncChecker (ThrottledAsyncChecker.java:schedule(139)) - Scheduling a check for org.apache.hadoop.ozone.container.common.volume.HddsVolume@6dd79214
2019-09-26 16:44:10,212 [main] INFO  volume.HddsVolumeChecker (HddsVolumeChecker.java:checkAllVolumes(202)) - Scheduled health check for volume org.apache.hadoop.ozone.container.common.volume.HddsVolume@6dd79214
2019-09-26 16:44:10,224 [main] INFO  impl.RaftServerProxy (ConfUtils.java:logGet(43)) - raft.rpc.type = GRPC (default)
2019-09-26 16:44:10,224 [main] INFO  grpc.GrpcFactory (GrpcFactory.java:checkPooledByteBufAllocatorUseCacheForAllThreads(45)) - PERFORMANCE WARNING: useCacheForAllThreads is true that may cause Netty to create a lot garbage objects and, as a result, trigger GC.
	It is recommended to disable useCacheForAllThreads by setting -Dorg.apache.ratis.thirdparty.io.netty.allocator.useCacheForAllThreads=false in command line.
2019-09-26 16:44:10,224 [main] INFO  grpc.GrpcConfigKeys$Server (ConfUtils.java:logGet(43)) - raft.grpc.server.port = 0 (default)
2019-09-26 16:44:10,225 [main] INFO  server.GrpcService (ConfUtils.java:logGet(43)) - raft.grpc.message.size.max = 33570816 (custom)
2019-09-26 16:44:10,225 [main] INFO  server.RaftServerConfigKeys (ConfUtils.java:logGet(43)) - raft.server.log.appender.buffer.byte-limit = 33554432 (custom)
2019-09-26 16:44:10,225 [main] INFO  server.GrpcService (ConfUtils.java:logGet(43)) - raft.grpc.flow.control.window = 1MB (=1048576) (default)
2019-09-26 16:44:10,225 [main] INFO  server.RaftServerConfigKeys (ConfUtils.java:logGet(43)) - raft.server.rpc.request.timeout = 3000ms (default)
2019-09-26 16:44:10,225 [main] INFO  server.RaftServerConfigKeys (ConfUtils.java:logGet(43)) - raft.server.storage.dir = [/workdir/hadoop-ozone/integration-test/target/test-dir/MiniOzoneClusterImpl-2d738554-168c-4e5d-822f-b5acc277bde2/datanode-3/data/ratis] (custom)
2019-09-26 16:44:10,227 [main] INFO  hdfs.DFSUtil (DFSUtil.java:httpServerTemplateForNNAndJN(1641)) - Starting Web-server for hddsDatanode at: http://0.0.0.0:0
2019-09-26 16:44:10,228 [main] INFO  server.AuthenticationFilter (AuthenticationFilter.java:constructSecretProvider(240)) - Unable to initialize FileSignerSecretProvider, falling back to use random secrets.
2019-09-26 16:44:10,228 [main] WARN  http.HttpRequestLog (HttpRequestLog.java:getRequestLog(97)) - Jetty request log can only be enabled using Log4j
2019-09-26 16:44:10,229 [main] INFO  http.HttpServer2 (HttpServer2.java:addGlobalFilter(975)) - Added global filter 'safety' (class=org.apache.hadoop.http.HttpServer2$QuotingInputFilter)
2019-09-26 16:44:10,229 [main] INFO  http.HttpServer2 (HttpServer2.java:addFilter(948)) - Added filter static_user_filter (class=org.apache.hadoop.http.lib.StaticUserWebFilter$StaticUserFilter) to context hddsDatanode
2019-09-26 16:44:10,230 [main] INFO  http.HttpServer2 (HttpServer2.java:addFilter(958)) - Added filter static_user_filter (class=org.apache.hadoop.http.lib.StaticUserWebFilter$StaticUserFilter) to context static
2019-09-26 16:44:10,230 [main] INFO  http.HttpServer2 (HttpServer2.java:addFilter(958)) - Added filter static_user_filter (class=org.apache.hadoop.http.lib.StaticUserWebFilter$StaticUserFilter) to context logs
2019-09-26 16:44:10,230 [main] INFO  http.HttpServer2 (HttpServer2.java:bindListener(1191)) - Jetty bound to port 36030
2019-09-26 16:44:10,230 [main] INFO  server.Server (Server.java:doStart(351)) - jetty-9.3.25.v20180904, build timestamp: 2018-09-04T21:11:46Z, git hash: 3ce520221d0240229c862b122d2b06c12a625732
2019-09-26 16:44:10,232 [main] INFO  handler.ContextHandler (ContextHandler.java:doStart(781)) - Started o.e.j.s.ServletContextHandler@2bf2d6eb{/logs,file:///workdir/hadoop-ozone/integration-test/target/log,AVAILABLE}
2019-09-26 16:44:10,232 [main] INFO  handler.ContextHandler (ContextHandler.java:doStart(781)) - Started o.e.j.s.ServletContextHandler@76a9a009{/static,jar:file:/home/user/.m2/repository/org/apache/hadoop/hadoop-hdds-container-service/0.5.0-SNAPSHOT/hadoop-hdds-container-service-0.5.0-SNAPSHOT.jar!/webapps/static,AVAILABLE}
2019-09-26 16:44:10,259 [main] INFO  handler.ContextHandler (ContextHandler.java:doStart(781)) - Started o.e.j.w.WebAppContext@19cdc217{/,file:///tmp/jetty-0.0.0.0-36030-hddsDatanode-_-any-399770202163565600.dir/webapp/,AVAILABLE}{/hddsDatanode}
2019-09-26 16:44:10,259 [main] INFO  server.AbstractConnector (AbstractConnector.java:doStart(278)) - Started ServerConnector@5f5297e3{HTTP/1.1,[http/1.1]}{0.0.0.0:36030}
2019-09-26 16:44:10,260 [main] INFO  server.Server (Server.java:doStart(419)) - Started @578109ms
2019-09-26 16:44:10,260 [main] WARN  impl.MetricsSystemImpl (MetricsSystemImpl.java:register(276)) - Sink prometheus already exists!
2019-09-26 16:44:10,261 [main] INFO  server.BaseHttpServer (BaseHttpServer.java:updateConnectorAddress(215)) - HTTP server of HDDSDATANODE is listening at http://0.0.0.0:36030
2019-09-26 16:44:10,262 [main] INFO  impl.MetricsSystemImpl (MetricsSystemImpl.java:init(158)) - HddsDatanode metrics system started (again)
2019-09-26 16:44:10,265 [main] INFO  ozone.HddsDatanodeService (HddsDatanodeService.java:start(184)) - HddsDatanodeService host:pr-hdds-2162-htzpk-1451759861 ip:192.168.157.234
2019-09-26 16:44:10,266 [org.apache.hadoop.util.JvmPauseMonitor$Monitor@321dae51] INFO  util.JvmPauseMonitor (JvmPauseMonitor.java:run(188)) - Starting JVM pause monitor
2019-09-26 16:44:10,267 [Datanode State Machine Thread - 0] INFO  datanode.InitDatanodeState (InitDatanodeState.java:persistContainerDatanodeDetails(140)) - DatanodeDetails is persisted to /workdir/hadoop-ozone/integration-test/target/test-dir/MiniOzoneClusterImpl-2d738554-168c-4e5d-822f-b5acc277bde2/datanode-3/meta/datanode.id
2019-09-26 16:44:10,272 [main] INFO  volume.HddsVolume (HddsVolume.java:<init>(176)) - Creating Volume: /workdir/hadoop-ozone/integration-test/target/test-dir/MiniOzoneClusterImpl-2d738554-168c-4e5d-822f-b5acc277bde2/datanode-4/data/containers/hdds of  storage type : DISK and capacity : 1482555576320
2019-09-26 16:44:10,272 [main] INFO  volume.VolumeSet (VolumeSet.java:initializeVolumeSet(170)) - Added Volume : /workdir/hadoop-ozone/integration-test/target/test-dir/MiniOzoneClusterImpl-2d738554-168c-4e5d-822f-b5acc277bde2/datanode-4/data/containers/hdds to VolumeSet
2019-09-26 16:44:10,272 [main] INFO  volume.ThrottledAsyncChecker (ThrottledAsyncChecker.java:schedule(139)) - Scheduling a check for org.apache.hadoop.ozone.container.common.volume.HddsVolume@3be3e76c
2019-09-26 16:44:10,272 [main] INFO  volume.HddsVolumeChecker (HddsVolumeChecker.java:checkAllVolumes(202)) - Scheduled health check for volume org.apache.hadoop.ozone.container.common.volume.HddsVolume@3be3e76c
2019-09-26 16:44:10,284 [main] INFO  impl.RaftServerProxy (ConfUtils.java:logGet(43)) - raft.rpc.type = GRPC (default)
2019-09-26 16:44:10,285 [main] INFO  grpc.GrpcFactory (GrpcFactory.java:checkPooledByteBufAllocatorUseCacheForAllThreads(45)) - PERFORMANCE WARNING: useCacheForAllThreads is true that may cause Netty to create a lot garbage objects and, as a result, trigger GC.
	It is recommended to disable useCacheForAllThreads by setting -Dorg.apache.ratis.thirdparty.io.netty.allocator.useCacheForAllThreads=false in command line.
2019-09-26 16:44:10,285 [main] INFO  grpc.GrpcConfigKeys$Server (ConfUtils.java:logGet(43)) - raft.grpc.server.port = 0 (default)
2019-09-26 16:44:10,285 [main] INFO  server.GrpcService (ConfUtils.java:logGet(43)) - raft.grpc.message.size.max = 33570816 (custom)
2019-09-26 16:44:10,285 [main] INFO  server.RaftServerConfigKeys (ConfUtils.java:logGet(43)) - raft.server.log.appender.buffer.byte-limit = 33554432 (custom)
2019-09-26 16:44:10,285 [main] INFO  server.GrpcService (ConfUtils.java:logGet(43)) - raft.grpc.flow.control.window = 1MB (=1048576) (default)
2019-09-26 16:44:10,285 [main] INFO  server.RaftServerConfigKeys (ConfUtils.java:logGet(43)) - raft.server.rpc.request.timeout = 3000ms (default)
2019-09-26 16:44:10,286 [main] INFO  server.RaftServerConfigKeys (ConfUtils.java:logGet(43)) - raft.server.storage.dir = [/workdir/hadoop-ozone/integration-test/target/test-dir/MiniOzoneClusterImpl-2d738554-168c-4e5d-822f-b5acc277bde2/datanode-4/data/ratis] (custom)
2019-09-26 16:44:10,287 [main] INFO  hdfs.DFSUtil (DFSUtil.java:httpServerTemplateForNNAndJN(1641)) - Starting Web-server for hddsDatanode at: http://0.0.0.0:0
2019-09-26 16:44:10,288 [main] INFO  server.AuthenticationFilter (AuthenticationFilter.java:constructSecretProvider(240)) - Unable to initialize FileSignerSecretProvider, falling back to use random secrets.
2019-09-26 16:44:10,288 [main] WARN  http.HttpRequestLog (HttpRequestLog.java:getRequestLog(97)) - Jetty request log can only be enabled using Log4j
2019-09-26 16:44:10,289 [main] INFO  http.HttpServer2 (HttpServer2.java:addGlobalFilter(975)) - Added global filter 'safety' (class=org.apache.hadoop.http.HttpServer2$QuotingInputFilter)
2019-09-26 16:44:10,290 [main] INFO  http.HttpServer2 (HttpServer2.java:addFilter(948)) - Added filter static_user_filter (class=org.apache.hadoop.http.lib.StaticUserWebFilter$StaticUserFilter) to context hddsDatanode
2019-09-26 16:44:10,290 [main] INFO  http.HttpServer2 (HttpServer2.java:addFilter(958)) - Added filter static_user_filter (class=org.apache.hadoop.http.lib.StaticUserWebFilter$StaticUserFilter) to context static
2019-09-26 16:44:10,290 [main] INFO  http.HttpServer2 (HttpServer2.java:addFilter(958)) - Added filter static_user_filter (class=org.apache.hadoop.http.lib.StaticUserWebFilter$StaticUserFilter) to context logs
2019-09-26 16:44:10,290 [main] INFO  http.HttpServer2 (HttpServer2.java:bindListener(1191)) - Jetty bound to port 37698
2019-09-26 16:44:10,291 [main] INFO  server.Server (Server.java:doStart(351)) - jetty-9.3.25.v20180904, build timestamp: 2018-09-04T21:11:46Z, git hash: 3ce520221d0240229c862b122d2b06c12a625732
2019-09-26 16:44:10,292 [main] INFO  handler.ContextHandler (ContextHandler.java:doStart(781)) - Started o.e.j.s.ServletContextHandler@1c1fa494{/logs,file:///workdir/hadoop-ozone/integration-test/target/log,AVAILABLE}
2019-09-26 16:44:10,292 [main] INFO  handler.ContextHandler (ContextHandler.java:doStart(781)) - Started o.e.j.s.ServletContextHandler@649b5891{/static,jar:file:/home/user/.m2/repository/org/apache/hadoop/hadoop-hdds-container-service/0.5.0-SNAPSHOT/hadoop-hdds-container-service-0.5.0-SNAPSHOT.jar!/webapps/static,AVAILABLE}
2019-09-26 16:44:10,319 [main] INFO  handler.ContextHandler (ContextHandler.java:doStart(781)) - Started o.e.j.w.WebAppContext@2616b618{/,file:///tmp/jetty-0.0.0.0-37698-hddsDatanode-_-any-2298405277803829291.dir/webapp/,AVAILABLE}{/hddsDatanode}
2019-09-26 16:44:10,319 [main] INFO  server.AbstractConnector (AbstractConnector.java:doStart(278)) - Started ServerConnector@73bb573d{HTTP/1.1,[http/1.1]}{0.0.0.0:37698}
2019-09-26 16:44:10,319 [main] INFO  server.Server (Server.java:doStart(419)) - Started @578169ms
2019-09-26 16:44:10,321 [main] WARN  impl.MetricsSystemImpl (MetricsSystemImpl.java:register(276)) - Sink prometheus already exists!
2019-09-26 16:44:10,321 [main] INFO  server.BaseHttpServer (BaseHttpServer.java:updateConnectorAddress(215)) - HTTP server of HDDSDATANODE is listening at http://0.0.0.0:37698
2019-09-26 16:44:10,321 [main] INFO  impl.MetricsSystemImpl (MetricsSystemImpl.java:init(158)) - HddsDatanode metrics system started (again)
2019-09-26 16:44:10,326 [main] INFO  ozone.HddsDatanodeService (HddsDatanodeService.java:start(184)) - HddsDatanodeService host:pr-hdds-2162-htzpk-1451759861 ip:192.168.157.234
2019-09-26 16:44:10,326 [org.apache.hadoop.util.JvmPauseMonitor$Monitor@6d30b295] INFO  util.JvmPauseMonitor (JvmPauseMonitor.java:run(188)) - Starting JVM pause monitor
2019-09-26 16:44:10,327 [Datanode State Machine Thread - 0] INFO  datanode.InitDatanodeState (InitDatanodeState.java:persistContainerDatanodeDetails(140)) - DatanodeDetails is persisted to /workdir/hadoop-ozone/integration-test/target/test-dir/MiniOzoneClusterImpl-2d738554-168c-4e5d-822f-b5acc277bde2/datanode-4/meta/datanode.id
2019-09-26 16:44:10,332 [main] INFO  volume.HddsVolume (HddsVolume.java:<init>(176)) - Creating Volume: /workdir/hadoop-ozone/integration-test/target/test-dir/MiniOzoneClusterImpl-2d738554-168c-4e5d-822f-b5acc277bde2/datanode-5/data/containers/hdds of  storage type : DISK and capacity : 1482555576320
2019-09-26 16:44:10,332 [main] INFO  volume.VolumeSet (VolumeSet.java:initializeVolumeSet(170)) - Added Volume : /workdir/hadoop-ozone/integration-test/target/test-dir/MiniOzoneClusterImpl-2d738554-168c-4e5d-822f-b5acc277bde2/datanode-5/data/containers/hdds to VolumeSet
2019-09-26 16:44:10,332 [main] INFO  volume.ThrottledAsyncChecker (ThrottledAsyncChecker.java:schedule(139)) - Scheduling a check for org.apache.hadoop.ozone.container.common.volume.HddsVolume@5c59a0f7
2019-09-26 16:44:10,333 [main] INFO  volume.HddsVolumeChecker (HddsVolumeChecker.java:checkAllVolumes(202)) - Scheduled health check for volume org.apache.hadoop.ozone.container.common.volume.HddsVolume@5c59a0f7
2019-09-26 16:44:10,348 [main] INFO  impl.RaftServerProxy (ConfUtils.java:logGet(43)) - raft.rpc.type = GRPC (default)
2019-09-26 16:44:10,349 [main] INFO  grpc.GrpcFactory (GrpcFactory.java:checkPooledByteBufAllocatorUseCacheForAllThreads(45)) - PERFORMANCE WARNING: useCacheForAllThreads is true that may cause Netty to create a lot garbage objects and, as a result, trigger GC.
	It is recommended to disable useCacheForAllThreads by setting -Dorg.apache.ratis.thirdparty.io.netty.allocator.useCacheForAllThreads=false in command line.
2019-09-26 16:44:10,349 [main] INFO  grpc.GrpcConfigKeys$Server (ConfUtils.java:logGet(43)) - raft.grpc.server.port = 0 (default)
2019-09-26 16:44:10,349 [main] INFO  server.GrpcService (ConfUtils.java:logGet(43)) - raft.grpc.message.size.max = 33570816 (custom)
2019-09-26 16:44:10,349 [main] INFO  server.RaftServerConfigKeys (ConfUtils.java:logGet(43)) - raft.server.log.appender.buffer.byte-limit = 33554432 (custom)
2019-09-26 16:44:10,349 [main] INFO  server.GrpcService (ConfUtils.java:logGet(43)) - raft.grpc.flow.control.window = 1MB (=1048576) (default)
2019-09-26 16:44:10,349 [main] INFO  server.RaftServerConfigKeys (ConfUtils.java:logGet(43)) - raft.server.rpc.request.timeout = 3000ms (default)
2019-09-26 16:44:10,350 [main] INFO  server.RaftServerConfigKeys (ConfUtils.java:logGet(43)) - raft.server.storage.dir = [/workdir/hadoop-ozone/integration-test/target/test-dir/MiniOzoneClusterImpl-2d738554-168c-4e5d-822f-b5acc277bde2/datanode-5/data/ratis] (custom)
2019-09-26 16:44:10,351 [main] INFO  hdfs.DFSUtil (DFSUtil.java:httpServerTemplateForNNAndJN(1641)) - Starting Web-server for hddsDatanode at: http://0.0.0.0:0
2019-09-26 16:44:10,352 [main] INFO  server.AuthenticationFilter (AuthenticationFilter.java:constructSecretProvider(240)) - Unable to initialize FileSignerSecretProvider, falling back to use random secrets.
2019-09-26 16:44:10,352 [main] WARN  http.HttpRequestLog (HttpRequestLog.java:getRequestLog(97)) - Jetty request log can only be enabled using Log4j
2019-09-26 16:44:10,353 [main] INFO  http.HttpServer2 (HttpServer2.java:addGlobalFilter(975)) - Added global filter 'safety' (class=org.apache.hadoop.http.HttpServer2$QuotingInputFilter)
2019-09-26 16:44:10,353 [main] INFO  http.HttpServer2 (HttpServer2.java:addFilter(948)) - Added filter static_user_filter (class=org.apache.hadoop.http.lib.StaticUserWebFilter$StaticUserFilter) to context hddsDatanode
2019-09-26 16:44:10,353 [main] INFO  http.HttpServer2 (HttpServer2.java:addFilter(958)) - Added filter static_user_filter (class=org.apache.hadoop.http.lib.StaticUserWebFilter$StaticUserFilter) to context static
2019-09-26 16:44:10,354 [main] INFO  http.HttpServer2 (HttpServer2.java:addFilter(958)) - Added filter static_user_filter (class=org.apache.hadoop.http.lib.StaticUserWebFilter$StaticUserFilter) to context logs
2019-09-26 16:44:10,354 [main] INFO  http.HttpServer2 (HttpServer2.java:bindListener(1191)) - Jetty bound to port 37300
2019-09-26 16:44:10,354 [main] INFO  server.Server (Server.java:doStart(351)) - jetty-9.3.25.v20180904, build timestamp: 2018-09-04T21:11:46Z, git hash: 3ce520221d0240229c862b122d2b06c12a625732
2019-09-26 16:44:10,356 [main] INFO  handler.ContextHandler (ContextHandler.java:doStart(781)) - Started o.e.j.s.ServletContextHandler@65593327{/logs,file:///workdir/hadoop-ozone/integration-test/target/log,AVAILABLE}
2019-09-26 16:44:10,356 [main] INFO  handler.ContextHandler (ContextHandler.java:doStart(781)) - Started o.e.j.s.ServletContextHandler@68bd8ca7{/static,jar:file:/home/user/.m2/repository/org/apache/hadoop/hadoop-hdds-container-service/0.5.0-SNAPSHOT/hadoop-hdds-container-service-0.5.0-SNAPSHOT.jar!/webapps/static,AVAILABLE}
2019-09-26 16:44:10,382 [main] INFO  handler.ContextHandler (ContextHandler.java:doStart(781)) - Started o.e.j.w.WebAppContext@165614f5{/,file:///tmp/jetty-0.0.0.0-37300-hddsDatanode-_-any-6469213230942390358.dir/webapp/,AVAILABLE}{/hddsDatanode}
2019-09-26 16:44:10,383 [main] INFO  server.AbstractConnector (AbstractConnector.java:doStart(278)) - Started ServerConnector@6e685e6c{HTTP/1.1,[http/1.1]}{0.0.0.0:37300}
2019-09-26 16:44:10,383 [main] INFO  server.Server (Server.java:doStart(419)) - Started @578233ms
2019-09-26 16:44:10,384 [main] WARN  impl.MetricsSystemImpl (MetricsSystemImpl.java:register(276)) - Sink prometheus already exists!
2019-09-26 16:44:10,385 [main] INFO  server.BaseHttpServer (BaseHttpServer.java:updateConnectorAddress(215)) - HTTP server of HDDSDATANODE is listening at http://0.0.0.0:37300
2019-09-26 16:44:10,385 [main] INFO  impl.MetricsSystemImpl (MetricsSystemImpl.java:init(158)) - HddsDatanode metrics system started (again)
2019-09-26 16:44:10,390 [main] INFO  ozone.HddsDatanodeService (HddsDatanodeService.java:start(184)) - HddsDatanodeService host:pr-hdds-2162-htzpk-1451759861 ip:192.168.157.234
2019-09-26 16:44:10,390 [org.apache.hadoop.util.JvmPauseMonitor$Monitor@460d95ab] INFO  util.JvmPauseMonitor (JvmPauseMonitor.java:run(188)) - Starting JVM pause monitor
2019-09-26 16:44:10,392 [Datanode State Machine Thread - 0] INFO  datanode.InitDatanodeState (InitDatanodeState.java:persistContainerDatanodeDetails(140)) - DatanodeDetails is persisted to /workdir/hadoop-ozone/integration-test/target/test-dir/MiniOzoneClusterImpl-2d738554-168c-4e5d-822f-b5acc277bde2/datanode-5/meta/datanode.id
2019-09-26 16:44:10,397 [main] INFO  volume.HddsVolume (HddsVolume.java:<init>(176)) - Creating Volume: /workdir/hadoop-ozone/integration-test/target/test-dir/MiniOzoneClusterImpl-2d738554-168c-4e5d-822f-b5acc277bde2/datanode-6/data/containers/hdds of  storage type : DISK and capacity : 1482555576320
2019-09-26 16:44:10,397 [main] INFO  volume.VolumeSet (VolumeSet.java:initializeVolumeSet(170)) - Added Volume : /workdir/hadoop-ozone/integration-test/target/test-dir/MiniOzoneClusterImpl-2d738554-168c-4e5d-822f-b5acc277bde2/datanode-6/data/containers/hdds to VolumeSet
2019-09-26 16:44:10,397 [main] INFO  volume.ThrottledAsyncChecker (ThrottledAsyncChecker.java:schedule(139)) - Scheduling a check for org.apache.hadoop.ozone.container.common.volume.HddsVolume@66756662
2019-09-26 16:44:10,398 [main] INFO  volume.HddsVolumeChecker (HddsVolumeChecker.java:checkAllVolumes(202)) - Scheduled health check for volume org.apache.hadoop.ozone.container.common.volume.HddsVolume@66756662
2019-09-26 16:44:10,410 [main] INFO  impl.RaftServerProxy (ConfUtils.java:logGet(43)) - raft.rpc.type = GRPC (default)
2019-09-26 16:44:10,410 [main] INFO  grpc.GrpcFactory (GrpcFactory.java:checkPooledByteBufAllocatorUseCacheForAllThreads(45)) - PERFORMANCE WARNING: useCacheForAllThreads is true that may cause Netty to create a lot garbage objects and, as a result, trigger GC.
	It is recommended to disable useCacheForAllThreads by setting -Dorg.apache.ratis.thirdparty.io.netty.allocator.useCacheForAllThreads=false in command line.
2019-09-26 16:44:10,410 [main] INFO  grpc.GrpcConfigKeys$Server (ConfUtils.java:logGet(43)) - raft.grpc.server.port = 0 (default)
2019-09-26 16:44:10,410 [main] INFO  server.GrpcService (ConfUtils.java:logGet(43)) - raft.grpc.message.size.max = 33570816 (custom)
2019-09-26 16:44:10,411 [main] INFO  server.RaftServerConfigKeys (ConfUtils.java:logGet(43)) - raft.server.log.appender.buffer.byte-limit = 33554432 (custom)
2019-09-26 16:44:10,411 [main] INFO  server.GrpcService (ConfUtils.java:logGet(43)) - raft.grpc.flow.control.window = 1MB (=1048576) (default)
2019-09-26 16:44:10,411 [main] INFO  server.RaftServerConfigKeys (ConfUtils.java:logGet(43)) - raft.server.rpc.request.timeout = 3000ms (default)
2019-09-26 16:44:10,411 [main] INFO  server.RaftServerConfigKeys (ConfUtils.java:logGet(43)) - raft.server.storage.dir = [/workdir/hadoop-ozone/integration-test/target/test-dir/MiniOzoneClusterImpl-2d738554-168c-4e5d-822f-b5acc277bde2/datanode-6/data/ratis] (custom)
2019-09-26 16:44:10,412 [main] INFO  hdfs.DFSUtil (DFSUtil.java:httpServerTemplateForNNAndJN(1641)) - Starting Web-server for hddsDatanode at: http://0.0.0.0:0
2019-09-26 16:44:10,413 [main] INFO  server.AuthenticationFilter (AuthenticationFilter.java:constructSecretProvider(240)) - Unable to initialize FileSignerSecretProvider, falling back to use random secrets.
2019-09-26 16:44:10,414 [main] WARN  http.HttpRequestLog (HttpRequestLog.java:getRequestLog(97)) - Jetty request log can only be enabled using Log4j
2019-09-26 16:44:10,415 [main] INFO  http.HttpServer2 (HttpServer2.java:addGlobalFilter(975)) - Added global filter 'safety' (class=org.apache.hadoop.http.HttpServer2$QuotingInputFilter)
2019-09-26 16:44:10,415 [main] INFO  http.HttpServer2 (HttpServer2.java:addFilter(948)) - Added filter static_user_filter (class=org.apache.hadoop.http.lib.StaticUserWebFilter$StaticUserFilter) to context hddsDatanode
2019-09-26 16:44:10,415 [main] INFO  http.HttpServer2 (HttpServer2.java:addFilter(958)) - Added filter static_user_filter (class=org.apache.hadoop.http.lib.StaticUserWebFilter$StaticUserFilter) to context static
2019-09-26 16:44:10,415 [main] INFO  http.HttpServer2 (HttpServer2.java:addFilter(958)) - Added filter static_user_filter (class=org.apache.hadoop.http.lib.StaticUserWebFilter$StaticUserFilter) to context logs
2019-09-26 16:44:10,416 [main] INFO  http.HttpServer2 (HttpServer2.java:bindListener(1191)) - Jetty bound to port 38992
2019-09-26 16:44:10,416 [main] INFO  server.Server (Server.java:doStart(351)) - jetty-9.3.25.v20180904, build timestamp: 2018-09-04T21:11:46Z, git hash: 3ce520221d0240229c862b122d2b06c12a625732
2019-09-26 16:44:10,417 [main] INFO  handler.ContextHandler (ContextHandler.java:doStart(781)) - Started o.e.j.s.ServletContextHandler@45d4421d{/logs,file:///workdir/hadoop-ozone/integration-test/target/log,AVAILABLE}
2019-09-26 16:44:10,418 [main] INFO  handler.ContextHandler (ContextHandler.java:doStart(781)) - Started o.e.j.s.ServletContextHandler@1537c744{/static,jar:file:/home/user/.m2/repository/org/apache/hadoop/hadoop-hdds-container-service/0.5.0-SNAPSHOT/hadoop-hdds-container-service-0.5.0-SNAPSHOT.jar!/webapps/static,AVAILABLE}
2019-09-26 16:44:10,444 [main] INFO  handler.ContextHandler (ContextHandler.java:doStart(781)) - Started o.e.j.w.WebAppContext@133aacbe{/,file:///tmp/jetty-0.0.0.0-38992-hddsDatanode-_-any-375825514652314850.dir/webapp/,AVAILABLE}{/hddsDatanode}
2019-09-26 16:44:10,444 [main] INFO  server.AbstractConnector (AbstractConnector.java:doStart(278)) - Started ServerConnector@2aa5bd48{HTTP/1.1,[http/1.1]}{0.0.0.0:38992}
2019-09-26 16:44:10,446 [main] INFO  server.Server (Server.java:doStart(419)) - Started @578294ms
2019-09-26 16:44:10,446 [main] WARN  impl.MetricsSystemImpl (MetricsSystemImpl.java:register(276)) - Sink prometheus already exists!
2019-09-26 16:44:10,446 [main] INFO  server.BaseHttpServer (BaseHttpServer.java:updateConnectorAddress(215)) - HTTP server of HDDSDATANODE is listening at http://0.0.0.0:38992
2019-09-26 16:44:10,447 [main] INFO  impl.MetricsSystemImpl (MetricsSystemImpl.java:init(158)) - HddsDatanode metrics system started (again)
2019-09-26 16:44:10,451 [main] INFO  ozone.HddsDatanodeService (HddsDatanodeService.java:start(184)) - HddsDatanodeService host:pr-hdds-2162-htzpk-1451759861 ip:192.168.157.234
2019-09-26 16:44:10,452 [org.apache.hadoop.util.JvmPauseMonitor$Monitor@63b55087] INFO  util.JvmPauseMonitor (JvmPauseMonitor.java:run(188)) - Starting JVM pause monitor
2019-09-26 16:44:10,453 [Datanode State Machine Thread - 0] INFO  datanode.InitDatanodeState (InitDatanodeState.java:persistContainerDatanodeDetails(140)) - DatanodeDetails is persisted to /workdir/hadoop-ozone/integration-test/target/test-dir/MiniOzoneClusterImpl-2d738554-168c-4e5d-822f-b5acc277bde2/datanode-6/meta/datanode.id
2019-09-26 16:44:10,458 [main] INFO  volume.HddsVolume (HddsVolume.java:<init>(176)) - Creating Volume: /workdir/hadoop-ozone/integration-test/target/test-dir/MiniOzoneClusterImpl-2d738554-168c-4e5d-822f-b5acc277bde2/datanode-7/data/containers/hdds of  storage type : DISK and capacity : 1482555576320
2019-09-26 16:44:10,458 [main] INFO  volume.VolumeSet (VolumeSet.java:initializeVolumeSet(170)) - Added Volume : /workdir/hadoop-ozone/integration-test/target/test-dir/MiniOzoneClusterImpl-2d738554-168c-4e5d-822f-b5acc277bde2/datanode-7/data/containers/hdds to VolumeSet
2019-09-26 16:44:10,459 [main] INFO  volume.ThrottledAsyncChecker (ThrottledAsyncChecker.java:schedule(139)) - Scheduling a check for org.apache.hadoop.ozone.container.common.volume.HddsVolume@6aff97d6
2019-09-26 16:44:10,459 [main] INFO  volume.HddsVolumeChecker (HddsVolumeChecker.java:checkAllVolumes(202)) - Scheduled health check for volume org.apache.hadoop.ozone.container.common.volume.HddsVolume@6aff97d6
2019-09-26 16:44:10,471 [main] INFO  impl.RaftServerProxy (ConfUtils.java:logGet(43)) - raft.rpc.type = GRPC (default)
2019-09-26 16:44:10,472 [main] INFO  grpc.GrpcFactory (GrpcFactory.java:checkPooledByteBufAllocatorUseCacheForAllThreads(45)) - PERFORMANCE WARNING: useCacheForAllThreads is true that may cause Netty to create a lot garbage objects and, as a result, trigger GC.
	It is recommended to disable useCacheForAllThreads by setting -Dorg.apache.ratis.thirdparty.io.netty.allocator.useCacheForAllThreads=false in command line.
2019-09-26 16:44:10,472 [main] INFO  grpc.GrpcConfigKeys$Server (ConfUtils.java:logGet(43)) - raft.grpc.server.port = 0 (default)
2019-09-26 16:44:10,472 [main] INFO  server.GrpcService (ConfUtils.java:logGet(43)) - raft.grpc.message.size.max = 33570816 (custom)
2019-09-26 16:44:10,472 [main] INFO  server.RaftServerConfigKeys (ConfUtils.java:logGet(43)) - raft.server.log.appender.buffer.byte-limit = 33554432 (custom)
2019-09-26 16:44:10,472 [main] INFO  server.GrpcService (ConfUtils.java:logGet(43)) - raft.grpc.flow.control.window = 1MB (=1048576) (default)
2019-09-26 16:44:10,472 [main] INFO  server.RaftServerConfigKeys (ConfUtils.java:logGet(43)) - raft.server.rpc.request.timeout = 3000ms (default)
2019-09-26 16:44:10,473 [main] INFO  server.RaftServerConfigKeys (ConfUtils.java:logGet(43)) - raft.server.storage.dir = [/workdir/hadoop-ozone/integration-test/target/test-dir/MiniOzoneClusterImpl-2d738554-168c-4e5d-822f-b5acc277bde2/datanode-7/data/ratis] (custom)
2019-09-26 16:44:10,474 [main] INFO  hdfs.DFSUtil (DFSUtil.java:httpServerTemplateForNNAndJN(1641)) - Starting Web-server for hddsDatanode at: http://0.0.0.0:0
2019-09-26 16:44:10,474 [main] INFO  server.AuthenticationFilter (AuthenticationFilter.java:constructSecretProvider(240)) - Unable to initialize FileSignerSecretProvider, falling back to use random secrets.
2019-09-26 16:44:10,475 [main] WARN  http.HttpRequestLog (HttpRequestLog.java:getRequestLog(97)) - Jetty request log can only be enabled using Log4j
2019-09-26 16:44:10,476 [main] INFO  http.HttpServer2 (HttpServer2.java:addGlobalFilter(975)) - Added global filter 'safety' (class=org.apache.hadoop.http.HttpServer2$QuotingInputFilter)
2019-09-26 16:44:10,476 [main] INFO  http.HttpServer2 (HttpServer2.java:addFilter(948)) - Added filter static_user_filter (class=org.apache.hadoop.http.lib.StaticUserWebFilter$StaticUserFilter) to context hddsDatanode
2019-09-26 16:44:10,476 [main] INFO  http.HttpServer2 (HttpServer2.java:addFilter(958)) - Added filter static_user_filter (class=org.apache.hadoop.http.lib.StaticUserWebFilter$StaticUserFilter) to context logs
2019-09-26 16:44:10,477 [main] INFO  http.HttpServer2 (HttpServer2.java:addFilter(958)) - Added filter static_user_filter (class=org.apache.hadoop.http.lib.StaticUserWebFilter$StaticUserFilter) to context static
2019-09-26 16:44:10,477 [main] INFO  http.HttpServer2 (HttpServer2.java:bindListener(1191)) - Jetty bound to port 43666
2019-09-26 16:44:10,477 [main] INFO  server.Server (Server.java:doStart(351)) - jetty-9.3.25.v20180904, build timestamp: 2018-09-04T21:11:46Z, git hash: 3ce520221d0240229c862b122d2b06c12a625732
2019-09-26 16:44:10,478 [main] INFO  handler.ContextHandler (ContextHandler.java:doStart(781)) - Started o.e.j.s.ServletContextHandler@1e92c3b6{/logs,file:///workdir/hadoop-ozone/integration-test/target/log,AVAILABLE}
2019-09-26 16:44:10,479 [main] INFO  handler.ContextHandler (ContextHandler.java:doStart(781)) - Started o.e.j.s.ServletContextHandler@207dd1b7{/static,jar:file:/home/user/.m2/repository/org/apache/hadoop/hadoop-hdds-container-service/0.5.0-SNAPSHOT/hadoop-hdds-container-service-0.5.0-SNAPSHOT.jar!/webapps/static,AVAILABLE}
2019-09-26 16:44:10,505 [main] INFO  handler.ContextHandler (ContextHandler.java:doStart(781)) - Started o.e.j.w.WebAppContext@59918c8f{/,file:///tmp/jetty-0.0.0.0-43666-hddsDatanode-_-any-1271052391727334080.dir/webapp/,AVAILABLE}{/hddsDatanode}
2019-09-26 16:44:10,506 [main] INFO  server.AbstractConnector (AbstractConnector.java:doStart(278)) - Started ServerConnector@2b7facc7{HTTP/1.1,[http/1.1]}{0.0.0.0:43666}
2019-09-26 16:44:10,506 [main] INFO  server.Server (Server.java:doStart(419)) - Started @578356ms
2019-09-26 16:44:10,507 [main] WARN  impl.MetricsSystemImpl (MetricsSystemImpl.java:register(276)) - Sink prometheus already exists!
2019-09-26 16:44:10,508 [main] INFO  server.BaseHttpServer (BaseHttpServer.java:updateConnectorAddress(215)) - HTTP server of HDDSDATANODE is listening at http://0.0.0.0:43666
2019-09-26 16:44:10,508 [main] INFO  impl.MetricsSystemImpl (MetricsSystemImpl.java:init(158)) - HddsDatanode metrics system started (again)
2019-09-26 16:44:10,514 [org.apache.hadoop.util.JvmPauseMonitor$Monitor@2eac695] INFO  util.JvmPauseMonitor (JvmPauseMonitor.java:run(188)) - Starting JVM pause monitor
2019-09-26 16:44:10,514 [main] INFO  ozone.HddsDatanodeService (HddsDatanodeService.java:start(184)) - HddsDatanodeService host:pr-hdds-2162-htzpk-1451759861 ip:192.168.157.234
2019-09-26 16:44:10,515 [Datanode State Machine Thread - 0] INFO  datanode.InitDatanodeState (InitDatanodeState.java:persistContainerDatanodeDetails(140)) - DatanodeDetails is persisted to /workdir/hadoop-ozone/integration-test/target/test-dir/MiniOzoneClusterImpl-2d738554-168c-4e5d-822f-b5acc277bde2/datanode-7/meta/datanode.id
2019-09-26 16:44:10,520 [main] INFO  volume.HddsVolume (HddsVolume.java:<init>(176)) - Creating Volume: /workdir/hadoop-ozone/integration-test/target/test-dir/MiniOzoneClusterImpl-2d738554-168c-4e5d-822f-b5acc277bde2/datanode-8/data/containers/hdds of  storage type : DISK and capacity : 1482555576320
2019-09-26 16:44:10,521 [main] INFO  volume.VolumeSet (VolumeSet.java:initializeVolumeSet(170)) - Added Volume : /workdir/hadoop-ozone/integration-test/target/test-dir/MiniOzoneClusterImpl-2d738554-168c-4e5d-822f-b5acc277bde2/datanode-8/data/containers/hdds to VolumeSet
2019-09-26 16:44:10,521 [main] INFO  volume.ThrottledAsyncChecker (ThrottledAsyncChecker.java:schedule(139)) - Scheduling a check for org.apache.hadoop.ozone.container.common.volume.HddsVolume@401e02b4
2019-09-26 16:44:10,521 [main] INFO  volume.HddsVolumeChecker (HddsVolumeChecker.java:checkAllVolumes(202)) - Scheduled health check for volume org.apache.hadoop.ozone.container.common.volume.HddsVolume@401e02b4
2019-09-26 16:44:10,534 [main] INFO  impl.RaftServerProxy (ConfUtils.java:logGet(43)) - raft.rpc.type = GRPC (default)
2019-09-26 16:44:10,534 [main] INFO  grpc.GrpcFactory (GrpcFactory.java:checkPooledByteBufAllocatorUseCacheForAllThreads(45)) - PERFORMANCE WARNING: useCacheForAllThreads is true that may cause Netty to create a lot garbage objects and, as a result, trigger GC.
	It is recommended to disable useCacheForAllThreads by setting -Dorg.apache.ratis.thirdparty.io.netty.allocator.useCacheForAllThreads=false in command line.
2019-09-26 16:44:10,534 [main] INFO  grpc.GrpcConfigKeys$Server (ConfUtils.java:logGet(43)) - raft.grpc.server.port = 0 (default)
2019-09-26 16:44:10,535 [main] INFO  server.GrpcService (ConfUtils.java:logGet(43)) - raft.grpc.message.size.max = 33570816 (custom)
2019-09-26 16:44:10,535 [main] INFO  server.RaftServerConfigKeys (ConfUtils.java:logGet(43)) - raft.server.log.appender.buffer.byte-limit = 33554432 (custom)
2019-09-26 16:44:10,535 [main] INFO  server.GrpcService (ConfUtils.java:logGet(43)) - raft.grpc.flow.control.window = 1MB (=1048576) (default)
2019-09-26 16:44:10,535 [main] INFO  server.RaftServerConfigKeys (ConfUtils.java:logGet(43)) - raft.server.rpc.request.timeout = 3000ms (default)
2019-09-26 16:44:10,535 [main] INFO  server.RaftServerConfigKeys (ConfUtils.java:logGet(43)) - raft.server.storage.dir = [/workdir/hadoop-ozone/integration-test/target/test-dir/MiniOzoneClusterImpl-2d738554-168c-4e5d-822f-b5acc277bde2/datanode-8/data/ratis] (custom)
2019-09-26 16:44:10,537 [main] INFO  hdfs.DFSUtil (DFSUtil.java:httpServerTemplateForNNAndJN(1641)) - Starting Web-server for hddsDatanode at: http://0.0.0.0:0
2019-09-26 16:44:10,538 [main] INFO  server.AuthenticationFilter (AuthenticationFilter.java:constructSecretProvider(240)) - Unable to initialize FileSignerSecretProvider, falling back to use random secrets.
2019-09-26 16:44:10,538 [main] WARN  http.HttpRequestLog (HttpRequestLog.java:getRequestLog(97)) - Jetty request log can only be enabled using Log4j
2019-09-26 16:44:10,539 [main] INFO  http.HttpServer2 (HttpServer2.java:addGlobalFilter(975)) - Added global filter 'safety' (class=org.apache.hadoop.http.HttpServer2$QuotingInputFilter)
2019-09-26 16:44:10,539 [main] INFO  http.HttpServer2 (HttpServer2.java:addFilter(948)) - Added filter static_user_filter (class=org.apache.hadoop.http.lib.StaticUserWebFilter$StaticUserFilter) to context hddsDatanode
2019-09-26 16:44:10,540 [main] INFO  http.HttpServer2 (HttpServer2.java:addFilter(958)) - Added filter static_user_filter (class=org.apache.hadoop.http.lib.StaticUserWebFilter$StaticUserFilter) to context logs
2019-09-26 16:44:10,540 [main] INFO  http.HttpServer2 (HttpServer2.java:addFilter(958)) - Added filter static_user_filter (class=org.apache.hadoop.http.lib.StaticUserWebFilter$StaticUserFilter) to context static
2019-09-26 16:44:10,540 [main] INFO  http.HttpServer2 (HttpServer2.java:bindListener(1191)) - Jetty bound to port 37076
2019-09-26 16:44:10,540 [main] INFO  server.Server (Server.java:doStart(351)) - jetty-9.3.25.v20180904, build timestamp: 2018-09-04T21:11:46Z, git hash: 3ce520221d0240229c862b122d2b06c12a625732
2019-09-26 16:44:10,542 [main] INFO  handler.ContextHandler (ContextHandler.java:doStart(781)) - Started o.e.j.s.ServletContextHandler@7c0df4ab{/logs,file:///workdir/hadoop-ozone/integration-test/target/log,AVAILABLE}
2019-09-26 16:44:10,542 [main] INFO  handler.ContextHandler (ContextHandler.java:doStart(781)) - Started o.e.j.s.ServletContextHandler@388be5fd{/static,jar:file:/home/user/.m2/repository/org/apache/hadoop/hadoop-hdds-container-service/0.5.0-SNAPSHOT/hadoop-hdds-container-service-0.5.0-SNAPSHOT.jar!/webapps/static,AVAILABLE}
2019-09-26 16:44:10,569 [main] INFO  handler.ContextHandler (ContextHandler.java:doStart(781)) - Started o.e.j.w.WebAppContext@4662752a{/,file:///tmp/jetty-0.0.0.0-37076-hddsDatanode-_-any-8678749983798562186.dir/webapp/,AVAILABLE}{/hddsDatanode}
2019-09-26 16:44:10,569 [main] INFO  server.AbstractConnector (AbstractConnector.java:doStart(278)) - Started ServerConnector@693f2213{HTTP/1.1,[http/1.1]}{0.0.0.0:37076}
2019-09-26 16:44:10,571 [main] INFO  server.Server (Server.java:doStart(419)) - Started @578421ms
2019-09-26 16:44:10,571 [main] WARN  impl.MetricsSystemImpl (MetricsSystemImpl.java:register(276)) - Sink prometheus already exists!
2019-09-26 16:44:10,572 [main] INFO  server.BaseHttpServer (BaseHttpServer.java:updateConnectorAddress(215)) - HTTP server of HDDSDATANODE is listening at http://0.0.0.0:37076
2019-09-26 16:44:10,572 [main] INFO  impl.MetricsSystemImpl (MetricsSystemImpl.java:init(158)) - HddsDatanode metrics system started (again)
2019-09-26 16:44:10,578 [org.apache.hadoop.util.JvmPauseMonitor$Monitor@27a621c1] INFO  util.JvmPauseMonitor (JvmPauseMonitor.java:run(188)) - Starting JVM pause monitor
2019-09-26 16:44:10,578 [main] INFO  ozone.HddsDatanodeService (HddsDatanodeService.java:start(184)) - HddsDatanodeService host:pr-hdds-2162-htzpk-1451759861 ip:192.168.157.234
2019-09-26 16:44:10,579 [Datanode State Machine Thread - 0] INFO  datanode.InitDatanodeState (InitDatanodeState.java:persistContainerDatanodeDetails(140)) - DatanodeDetails is persisted to /workdir/hadoop-ozone/integration-test/target/test-dir/MiniOzoneClusterImpl-2d738554-168c-4e5d-822f-b5acc277bde2/datanode-8/meta/datanode.id
2019-09-26 16:44:10,585 [main] INFO  volume.HddsVolume (HddsVolume.java:<init>(176)) - Creating Volume: /workdir/hadoop-ozone/integration-test/target/test-dir/MiniOzoneClusterImpl-2d738554-168c-4e5d-822f-b5acc277bde2/datanode-9/data/containers/hdds of  storage type : DISK and capacity : 1482555576320
2019-09-26 16:44:10,585 [main] INFO  volume.VolumeSet (VolumeSet.java:initializeVolumeSet(170)) - Added Volume : /workdir/hadoop-ozone/integration-test/target/test-dir/MiniOzoneClusterImpl-2d738554-168c-4e5d-822f-b5acc277bde2/datanode-9/data/containers/hdds to VolumeSet
2019-09-26 16:44:10,585 [main] INFO  volume.ThrottledAsyncChecker (ThrottledAsyncChecker.java:schedule(139)) - Scheduling a check for org.apache.hadoop.ozone.container.common.volume.HddsVolume@10a907ec
2019-09-26 16:44:10,586 [main] INFO  volume.HddsVolumeChecker (HddsVolumeChecker.java:checkAllVolumes(202)) - Scheduled health check for volume org.apache.hadoop.ozone.container.common.volume.HddsVolume@10a907ec
2019-09-26 16:44:10,598 [main] INFO  impl.RaftServerProxy (ConfUtils.java:logGet(43)) - raft.rpc.type = GRPC (default)
2019-09-26 16:44:10,598 [main] INFO  grpc.GrpcFactory (GrpcFactory.java:checkPooledByteBufAllocatorUseCacheForAllThreads(45)) - PERFORMANCE WARNING: useCacheForAllThreads is true that may cause Netty to create a lot garbage objects and, as a result, trigger GC.
	It is recommended to disable useCacheForAllThreads by setting -Dorg.apache.ratis.thirdparty.io.netty.allocator.useCacheForAllThreads=false in command line.
2019-09-26 16:44:10,598 [main] INFO  grpc.GrpcConfigKeys$Server (ConfUtils.java:logGet(43)) - raft.grpc.server.port = 0 (default)
2019-09-26 16:44:10,598 [main] INFO  server.GrpcService (ConfUtils.java:logGet(43)) - raft.grpc.message.size.max = 33570816 (custom)
2019-09-26 16:44:10,599 [main] INFO  server.RaftServerConfigKeys (ConfUtils.java:logGet(43)) - raft.server.log.appender.buffer.byte-limit = 33554432 (custom)
2019-09-26 16:44:10,599 [main] INFO  server.GrpcService (ConfUtils.java:logGet(43)) - raft.grpc.flow.control.window = 1MB (=1048576) (default)
2019-09-26 16:44:10,599 [main] INFO  server.RaftServerConfigKeys (ConfUtils.java:logGet(43)) - raft.server.rpc.request.timeout = 3000ms (default)
2019-09-26 16:44:10,599 [main] INFO  server.RaftServerConfigKeys (ConfUtils.java:logGet(43)) - raft.server.storage.dir = [/workdir/hadoop-ozone/integration-test/target/test-dir/MiniOzoneClusterImpl-2d738554-168c-4e5d-822f-b5acc277bde2/datanode-9/data/ratis] (custom)
2019-09-26 16:44:10,600 [main] INFO  hdfs.DFSUtil (DFSUtil.java:httpServerTemplateForNNAndJN(1641)) - Starting Web-server for hddsDatanode at: http://0.0.0.0:0
2019-09-26 16:44:10,602 [main] INFO  server.AuthenticationFilter (AuthenticationFilter.java:constructSecretProvider(240)) - Unable to initialize FileSignerSecretProvider, falling back to use random secrets.
2019-09-26 16:44:10,602 [main] WARN  http.HttpRequestLog (HttpRequestLog.java:getRequestLog(97)) - Jetty request log can only be enabled using Log4j
2019-09-26 16:44:10,603 [main] INFO  http.HttpServer2 (HttpServer2.java:addGlobalFilter(975)) - Added global filter 'safety' (class=org.apache.hadoop.http.HttpServer2$QuotingInputFilter)
2019-09-26 16:44:10,604 [main] INFO  http.HttpServer2 (HttpServer2.java:addFilter(948)) - Added filter static_user_filter (class=org.apache.hadoop.http.lib.StaticUserWebFilter$StaticUserFilter) to context hddsDatanode
2019-09-26 16:44:10,604 [main] INFO  http.HttpServer2 (HttpServer2.java:addFilter(958)) - Added filter static_user_filter (class=org.apache.hadoop.http.lib.StaticUserWebFilter$StaticUserFilter) to context static
2019-09-26 16:44:10,604 [main] INFO  http.HttpServer2 (HttpServer2.java:addFilter(958)) - Added filter static_user_filter (class=org.apache.hadoop.http.lib.StaticUserWebFilter$StaticUserFilter) to context logs
2019-09-26 16:44:10,605 [main] INFO  http.HttpServer2 (HttpServer2.java:bindListener(1191)) - Jetty bound to port 42384
2019-09-26 16:44:10,605 [main] INFO  server.Server (Server.java:doStart(351)) - jetty-9.3.25.v20180904, build timestamp: 2018-09-04T21:11:46Z, git hash: 3ce520221d0240229c862b122d2b06c12a625732
2019-09-26 16:44:10,606 [main] INFO  handler.ContextHandler (ContextHandler.java:doStart(781)) - Started o.e.j.s.ServletContextHandler@4e17442f{/logs,file:///workdir/hadoop-ozone/integration-test/target/log,AVAILABLE}
2019-09-26 16:44:10,606 [main] INFO  handler.ContextHandler (ContextHandler.java:doStart(781)) - Started o.e.j.s.ServletContextHandler@62e73ab6{/static,jar:file:/home/user/.m2/repository/org/apache/hadoop/hadoop-hdds-container-service/0.5.0-SNAPSHOT/hadoop-hdds-container-service-0.5.0-SNAPSHOT.jar!/webapps/static,AVAILABLE}
2019-09-26 16:44:10,633 [main] INFO  handler.ContextHandler (ContextHandler.java:doStart(781)) - Started o.e.j.w.WebAppContext@2a484710{/,file:///tmp/jetty-0.0.0.0-42384-hddsDatanode-_-any-4435481490906898740.dir/webapp/,AVAILABLE}{/hddsDatanode}
2019-09-26 16:44:10,634 [main] INFO  server.AbstractConnector (AbstractConnector.java:doStart(278)) - Started ServerConnector@661e1399{HTTP/1.1,[http/1.1]}{0.0.0.0:42384}
2019-09-26 16:44:10,634 [main] INFO  server.Server (Server.java:doStart(419)) - Started @578484ms
2019-09-26 16:44:10,636 [main] WARN  impl.MetricsSystemImpl (MetricsSystemImpl.java:register(276)) - Sink prometheus already exists!
2019-09-26 16:44:10,636 [main] INFO  server.BaseHttpServer (BaseHttpServer.java:updateConnectorAddress(215)) - HTTP server of HDDSDATANODE is listening at http://0.0.0.0:42384
2019-09-26 16:44:10,637 [main] INFO  ozone.MiniOzoneClusterImpl (MiniOzoneClusterImpl.java:lambda$waitForClusterToBeReady$0(147)) - Waiting for cluster to be ready. Got 0 of 10 DN Heartbeats.
2019-09-26 16:44:10,638 [org.apache.hadoop.util.JvmPauseMonitor$Monitor@2c7ff2d5] INFO  util.JvmPauseMonitor (JvmPauseMonitor.java:run(188)) - Starting JVM pause monitor
2019-09-26 16:44:10,639 [Datanode State Machine Thread - 0] INFO  datanode.InitDatanodeState (InitDatanodeState.java:persistContainerDatanodeDetails(140)) - DatanodeDetails is persisted to /workdir/hadoop-ozone/integration-test/target/test-dir/MiniOzoneClusterImpl-2d738554-168c-4e5d-822f-b5acc277bde2/datanode-9/meta/datanode.id
2019-09-26 16:44:11,637 [main] INFO  ozone.MiniOzoneClusterImpl (MiniOzoneClusterImpl.java:lambda$waitForClusterToBeReady$0(147)) - Waiting for cluster to be ready. Got 0 of 10 DN Heartbeats.
2019-09-26 16:44:12,129 [Datanode State Machine Thread - 0] INFO  ozoneimpl.OzoneContainer (OzoneContainer.java:start(217)) - Attempting to start container services.
2019-09-26 16:44:12,130 [Datanode State Machine Thread - 0] INFO  ozoneimpl.OzoneContainer (OzoneContainer.java:startContainerScrub(179)) - Background container scanner has been disabled.
2019-09-26 16:44:12,130 [Datanode State Machine Thread - 0] INFO  ratis.XceiverServerRatis (XceiverServerRatis.java:start(411)) - Starting XceiverServerRatis fd591185-5708-46de-8886-568dd8f93a08 at port 0
2019-09-26 16:44:12,137 [Datanode State Machine Thread - 0] INFO  impl.RaftServerProxy (RaftServerProxy.java:lambda$start$3(299)) - fd591185-5708-46de-8886-568dd8f93a08: start RPC server
2019-09-26 16:44:12,140 [Datanode State Machine Thread - 0] INFO  server.GrpcService (GrpcService.java:startImpl(158)) - fd591185-5708-46de-8886-568dd8f93a08: GrpcService started, listening on 0.0.0.0/0.0.0.0:36726
2019-09-26 16:44:12,140 [Datanode State Machine Thread - 0] INFO  ratis.XceiverServerRatis (XceiverServerRatis.java:start(421)) - XceiverServerRatis fd591185-5708-46de-8886-568dd8f93a08 is started using port 36726
2019-09-26 16:44:12,141 [Datanode State Machine Thread - 0] INFO  server.XceiverServerGrpc (XceiverServerGrpc.java:start(149)) - XceiverServerGrpc fd591185-5708-46de-8886-568dd8f93a08 is started using port 32959
2019-09-26 16:44:12,162 [Datanode State Machine Thread - 0] INFO  ozoneimpl.OzoneContainer (OzoneContainer.java:start(217)) - Attempting to start container services.
2019-09-26 16:44:12,162 [Datanode State Machine Thread - 0] INFO  ozoneimpl.OzoneContainer (OzoneContainer.java:startContainerScrub(179)) - Background container scanner has been disabled.
2019-09-26 16:44:12,163 [Datanode State Machine Thread - 0] INFO  ratis.XceiverServerRatis (XceiverServerRatis.java:start(411)) - Starting XceiverServerRatis 14d6961c-3415-464e-9dd6-39423b85916c at port 0
2019-09-26 16:44:12,170 [Datanode State Machine Thread - 0] INFO  impl.RaftServerProxy (RaftServerProxy.java:lambda$start$3(299)) - 14d6961c-3415-464e-9dd6-39423b85916c: start RPC server
2019-09-26 16:44:12,171 [Datanode State Machine Thread - 0] INFO  server.GrpcService (GrpcService.java:startImpl(158)) - 14d6961c-3415-464e-9dd6-39423b85916c: GrpcService started, listening on 0.0.0.0/0.0.0.0:39459
2019-09-26 16:44:12,171 [Datanode State Machine Thread - 0] INFO  ratis.XceiverServerRatis (XceiverServerRatis.java:start(421)) - XceiverServerRatis 14d6961c-3415-464e-9dd6-39423b85916c is started using port 39459
2019-09-26 16:44:12,173 [Datanode State Machine Thread - 0] INFO  server.XceiverServerGrpc (XceiverServerGrpc.java:start(149)) - XceiverServerGrpc 14d6961c-3415-464e-9dd6-39423b85916c is started using port 34898
2019-09-26 16:44:12,246 [Datanode State Machine Thread - 0] INFO  ozoneimpl.OzoneContainer (OzoneContainer.java:start(217)) - Attempting to start container services.
2019-09-26 16:44:12,246 [Datanode State Machine Thread - 0] INFO  ozoneimpl.OzoneContainer (OzoneContainer.java:startContainerScrub(179)) - Background container scanner has been disabled.
2019-09-26 16:44:12,247 [Datanode State Machine Thread - 0] INFO  ratis.XceiverServerRatis (XceiverServerRatis.java:start(411)) - Starting XceiverServerRatis 31eb9216-6704-4cc2-a524-a91f43cc4ef7 at port 0
2019-09-26 16:44:12,254 [Datanode State Machine Thread - 0] INFO  impl.RaftServerProxy (RaftServerProxy.java:lambda$start$3(299)) - 31eb9216-6704-4cc2-a524-a91f43cc4ef7: start RPC server
2019-09-26 16:44:12,254 [Datanode State Machine Thread - 0] INFO  server.GrpcService (GrpcService.java:startImpl(158)) - 31eb9216-6704-4cc2-a524-a91f43cc4ef7: GrpcService started, listening on 0.0.0.0/0.0.0.0:32775
2019-09-26 16:44:12,255 [Datanode State Machine Thread - 0] INFO  ratis.XceiverServerRatis (XceiverServerRatis.java:start(421)) - XceiverServerRatis 31eb9216-6704-4cc2-a524-a91f43cc4ef7 is started using port 32775
2019-09-26 16:44:12,257 [Datanode State Machine Thread - 0] INFO  server.XceiverServerGrpc (XceiverServerGrpc.java:start(149)) - XceiverServerGrpc 31eb9216-6704-4cc2-a524-a91f43cc4ef7 is started using port 33900
2019-09-26 16:44:12,279 [Datanode State Machine Thread - 0] INFO  ozoneimpl.OzoneContainer (OzoneContainer.java:start(217)) - Attempting to start container services.
2019-09-26 16:44:12,279 [Datanode State Machine Thread - 0] INFO  ozoneimpl.OzoneContainer (OzoneContainer.java:startContainerScrub(179)) - Background container scanner has been disabled.
2019-09-26 16:44:12,279 [Datanode State Machine Thread - 0] INFO  ratis.XceiverServerRatis (XceiverServerRatis.java:start(411)) - Starting XceiverServerRatis 59fe4627-77ba-4d6f-bbfd-1773d3bea00c at port 0
2019-09-26 16:44:12,287 [Datanode State Machine Thread - 0] INFO  impl.RaftServerProxy (RaftServerProxy.java:lambda$start$3(299)) - 59fe4627-77ba-4d6f-bbfd-1773d3bea00c: start RPC server
2019-09-26 16:44:12,287 [Datanode State Machine Thread - 0] INFO  server.GrpcService (GrpcService.java:startImpl(158)) - 59fe4627-77ba-4d6f-bbfd-1773d3bea00c: GrpcService started, listening on 0.0.0.0/0.0.0.0:45861
2019-09-26 16:44:12,288 [Datanode State Machine Thread - 0] INFO  ratis.XceiverServerRatis (XceiverServerRatis.java:start(421)) - XceiverServerRatis 59fe4627-77ba-4d6f-bbfd-1773d3bea00c is started using port 45861
2019-09-26 16:44:12,299 [Datanode State Machine Thread - 0] INFO  server.XceiverServerGrpc (XceiverServerGrpc.java:start(149)) - XceiverServerGrpc 59fe4627-77ba-4d6f-bbfd-1773d3bea00c is started using port 38409
2019-09-26 16:44:12,339 [Datanode State Machine Thread - 0] INFO  ozoneimpl.OzoneContainer (OzoneContainer.java:start(217)) - Attempting to start container services.
2019-09-26 16:44:12,339 [Datanode State Machine Thread - 0] INFO  ozoneimpl.OzoneContainer (OzoneContainer.java:startContainerScrub(179)) - Background container scanner has been disabled.
2019-09-26 16:44:12,340 [Datanode State Machine Thread - 0] INFO  ratis.XceiverServerRatis (XceiverServerRatis.java:start(411)) - Starting XceiverServerRatis b3b856ac-1ab1-4d7f-a378-339434076e6f at port 0
2019-09-26 16:44:12,348 [Datanode State Machine Thread - 0] INFO  impl.RaftServerProxy (RaftServerProxy.java:lambda$start$3(299)) - b3b856ac-1ab1-4d7f-a378-339434076e6f: start RPC server
2019-09-26 16:44:12,351 [Datanode State Machine Thread - 0] INFO  server.GrpcService (GrpcService.java:startImpl(158)) - b3b856ac-1ab1-4d7f-a378-339434076e6f: GrpcService started, listening on 0.0.0.0/0.0.0.0:36563
2019-09-26 16:44:12,352 [Datanode State Machine Thread - 0] INFO  ratis.XceiverServerRatis (XceiverServerRatis.java:start(421)) - XceiverServerRatis b3b856ac-1ab1-4d7f-a378-339434076e6f is started using port 36563
2019-09-26 16:44:12,355 [Datanode State Machine Thread - 0] INFO  server.XceiverServerGrpc (XceiverServerGrpc.java:start(149)) - XceiverServerGrpc b3b856ac-1ab1-4d7f-a378-339434076e6f is started using port 35151
2019-09-26 16:44:12,419 [Datanode State Machine Thread - 0] INFO  ozoneimpl.OzoneContainer (OzoneContainer.java:start(217)) - Attempting to start container services.
2019-09-26 16:44:12,419 [Datanode State Machine Thread - 0] INFO  ozoneimpl.OzoneContainer (OzoneContainer.java:startContainerScrub(179)) - Background container scanner has been disabled.
2019-09-26 16:44:12,420 [Datanode State Machine Thread - 0] INFO  ratis.XceiverServerRatis (XceiverServerRatis.java:start(411)) - Starting XceiverServerRatis 16d11c64-a500-4b3c-99b4-e07456a37d86 at port 0
2019-09-26 16:44:12,429 [Datanode State Machine Thread - 0] INFO  impl.RaftServerProxy (RaftServerProxy.java:lambda$start$3(299)) - 16d11c64-a500-4b3c-99b4-e07456a37d86: start RPC server
2019-09-26 16:44:12,429 [Datanode State Machine Thread - 0] INFO  server.GrpcService (GrpcService.java:startImpl(158)) - 16d11c64-a500-4b3c-99b4-e07456a37d86: GrpcService started, listening on 0.0.0.0/0.0.0.0:36011
2019-09-26 16:44:12,429 [Datanode State Machine Thread - 0] INFO  ratis.XceiverServerRatis (XceiverServerRatis.java:start(421)) - XceiverServerRatis 16d11c64-a500-4b3c-99b4-e07456a37d86 is started using port 36011
2019-09-26 16:44:12,433 [Datanode State Machine Thread - 0] INFO  server.XceiverServerGrpc (XceiverServerGrpc.java:start(149)) - XceiverServerGrpc 16d11c64-a500-4b3c-99b4-e07456a37d86 is started using port 38930
2019-09-26 16:44:12,465 [Datanode State Machine Thread - 0] INFO  ozoneimpl.OzoneContainer (OzoneContainer.java:start(217)) - Attempting to start container services.
2019-09-26 16:44:12,465 [Datanode State Machine Thread - 0] INFO  ozoneimpl.OzoneContainer (OzoneContainer.java:startContainerScrub(179)) - Background container scanner has been disabled.
2019-09-26 16:44:12,465 [Datanode State Machine Thread - 0] INFO  ratis.XceiverServerRatis (XceiverServerRatis.java:start(411)) - Starting XceiverServerRatis 0230ed67-c037-4463-8579-62facef95337 at port 0
2019-09-26 16:44:12,474 [Datanode State Machine Thread - 0] INFO  impl.RaftServerProxy (RaftServerProxy.java:lambda$start$3(299)) - 0230ed67-c037-4463-8579-62facef95337: start RPC server
2019-09-26 16:44:12,475 [Datanode State Machine Thread - 0] INFO  server.GrpcService (GrpcService.java:startImpl(158)) - 0230ed67-c037-4463-8579-62facef95337: GrpcService started, listening on 0.0.0.0/0.0.0.0:40760
2019-09-26 16:44:12,475 [Datanode State Machine Thread - 0] INFO  ratis.XceiverServerRatis (XceiverServerRatis.java:start(421)) - XceiverServerRatis 0230ed67-c037-4463-8579-62facef95337 is started using port 40760
2019-09-26 16:44:12,475 [Datanode State Machine Thread - 0] INFO  server.XceiverServerGrpc (XceiverServerGrpc.java:start(149)) - XceiverServerGrpc 0230ed67-c037-4463-8579-62facef95337 is started using port 42629
2019-09-26 16:44:12,528 [Datanode State Machine Thread - 0] INFO  ozoneimpl.OzoneContainer (OzoneContainer.java:start(217)) - Attempting to start container services.
2019-09-26 16:44:12,528 [Datanode State Machine Thread - 0] INFO  ozoneimpl.OzoneContainer (OzoneContainer.java:startContainerScrub(179)) - Background container scanner has been disabled.
2019-09-26 16:44:12,528 [Datanode State Machine Thread - 0] INFO  ratis.XceiverServerRatis (XceiverServerRatis.java:start(411)) - Starting XceiverServerRatis 0ded38ee-67df-4068-adb8-539d3d8b400f at port 0
2019-09-26 16:44:12,537 [Datanode State Machine Thread - 0] INFO  impl.RaftServerProxy (RaftServerProxy.java:lambda$start$3(299)) - 0ded38ee-67df-4068-adb8-539d3d8b400f: start RPC server
2019-09-26 16:44:12,540 [Datanode State Machine Thread - 0] INFO  server.GrpcService (GrpcService.java:startImpl(158)) - 0ded38ee-67df-4068-adb8-539d3d8b400f: GrpcService started, listening on 0.0.0.0/0.0.0.0:34114
2019-09-26 16:44:12,540 [Datanode State Machine Thread - 0] INFO  ratis.XceiverServerRatis (XceiverServerRatis.java:start(421)) - XceiverServerRatis 0ded38ee-67df-4068-adb8-539d3d8b400f is started using port 34114
2019-09-26 16:44:12,541 [Datanode State Machine Thread - 0] INFO  server.XceiverServerGrpc (XceiverServerGrpc.java:start(149)) - XceiverServerGrpc 0ded38ee-67df-4068-adb8-539d3d8b400f is started using port 39742
2019-09-26 16:44:12,591 [Datanode State Machine Thread - 0] INFO  ozoneimpl.OzoneContainer (OzoneContainer.java:start(217)) - Attempting to start container services.
2019-09-26 16:44:12,592 [Datanode State Machine Thread - 0] INFO  ozoneimpl.OzoneContainer (OzoneContainer.java:startContainerScrub(179)) - Background container scanner has been disabled.
2019-09-26 16:44:12,592 [Datanode State Machine Thread - 0] INFO  ratis.XceiverServerRatis (XceiverServerRatis.java:start(411)) - Starting XceiverServerRatis d33b97c7-2f19-4eba-ab29-dbf55e8d730b at port 0
2019-09-26 16:44:12,599 [Datanode State Machine Thread - 0] INFO  impl.RaftServerProxy (RaftServerProxy.java:lambda$start$3(299)) - d33b97c7-2f19-4eba-ab29-dbf55e8d730b: start RPC server
2019-09-26 16:44:12,603 [Datanode State Machine Thread - 0] INFO  server.GrpcService (GrpcService.java:startImpl(158)) - d33b97c7-2f19-4eba-ab29-dbf55e8d730b: GrpcService started, listening on 0.0.0.0/0.0.0.0:40702
2019-09-26 16:44:12,604 [Datanode State Machine Thread - 0] INFO  ratis.XceiverServerRatis (XceiverServerRatis.java:start(421)) - XceiverServerRatis d33b97c7-2f19-4eba-ab29-dbf55e8d730b is started using port 40702
2019-09-26 16:44:12,604 [Datanode State Machine Thread - 0] INFO  server.XceiverServerGrpc (XceiverServerGrpc.java:start(149)) - XceiverServerGrpc d33b97c7-2f19-4eba-ab29-dbf55e8d730b is started using port 36090
2019-09-26 16:44:12,637 [main] INFO  ozone.MiniOzoneClusterImpl (MiniOzoneClusterImpl.java:lambda$waitForClusterToBeReady$0(147)) - Waiting for cluster to be ready. Got 0 of 10 DN Heartbeats.
2019-09-26 16:44:12,652 [Datanode State Machine Thread - 0] INFO  ozoneimpl.OzoneContainer (OzoneContainer.java:start(217)) - Attempting to start container services.
2019-09-26 16:44:12,652 [Datanode State Machine Thread - 0] INFO  ozoneimpl.OzoneContainer (OzoneContainer.java:startContainerScrub(179)) - Background container scanner has been disabled.
2019-09-26 16:44:12,652 [Datanode State Machine Thread - 0] INFO  ratis.XceiverServerRatis (XceiverServerRatis.java:start(411)) - Starting XceiverServerRatis af201f12-6a5d-4f7c-8339-ef82b05a5091 at port 0
2019-09-26 16:44:12,660 [Datanode State Machine Thread - 0] INFO  impl.RaftServerProxy (RaftServerProxy.java:lambda$start$3(299)) - af201f12-6a5d-4f7c-8339-ef82b05a5091: start RPC server
2019-09-26 16:44:12,663 [Datanode State Machine Thread - 0] INFO  server.GrpcService (GrpcService.java:startImpl(158)) - af201f12-6a5d-4f7c-8339-ef82b05a5091: GrpcService started, listening on 0.0.0.0/0.0.0.0:43417
2019-09-26 16:44:12,663 [Datanode State Machine Thread - 0] INFO  ratis.XceiverServerRatis (XceiverServerRatis.java:start(421)) - XceiverServerRatis af201f12-6a5d-4f7c-8339-ef82b05a5091 is started using port 43417
2019-09-26 16:44:12,692 [Datanode State Machine Thread - 0] INFO  server.XceiverServerGrpc (XceiverServerGrpc.java:start(149)) - XceiverServerGrpc af201f12-6a5d-4f7c-8339-ef82b05a5091 is started using port 46611
2019-09-26 16:44:13,638 [main] INFO  ozone.MiniOzoneClusterImpl (MiniOzoneClusterImpl.java:lambda$waitForClusterToBeReady$0(147)) - Waiting for cluster to be ready. Got 0 of 10 DN Heartbeats.
2019-09-26 16:44:14,093 [IPC Server handler 7 on 46664] INFO  net.NetworkTopology (NetworkTopologyImpl.java:add(111)) - Added a new node: /rack1/fd591185-5708-46de-8886-568dd8f93a08
2019-09-26 16:44:14,097 [IPC Server handler 7 on 46664] INFO  node.SCMNodeManager (SCMNodeManager.java:register(266)) - Registered Data node : fd591185-5708-46de-8886-568dd8f93a08{ip: 192.168.157.234, host: pr-hdds-2162-htzpk-1451759861, networkLocation: /rack1, certSerialId: null}
2019-09-26 16:44:14,098 [EventQueue-NodeRegistrationContainerReportForDataNodeSafeModeRule] INFO  safemode.SCMSafeModeManager (DataNodeSafeModeRule.java:process(71)) - SCM in safe mode. 1 DataNodes registered, 1 required.
2019-09-26 16:44:14,101 [EventQueue-NodeRegistrationContainerReportForDataNodeSafeModeRule] INFO  safemode.SCMSafeModeManager (SCMSafeModeManager.java:validateSafeModeExitRules(177)) - ScmSafeModeManager, all rules are successfully validated
2019-09-26 16:44:14,102 [EventQueue-NodeRegistrationContainerReportForDataNodeSafeModeRule] INFO  safemode.SCMSafeModeManager (SCMSafeModeManager.java:exitSafeMode(193)) - SCM exiting safe mode.
2019-09-26 16:44:14,113 [grpc-default-executor-0] INFO  impl.RaftServerProxy (RaftServerProxy.java:addNew(89)) - fd591185-5708-46de-8886-568dd8f93a08: addNew group-A7F424CAD813:[fd591185-5708-46de-8886-568dd8f93a08:192.168.157.234:36726] returns group-A7F424CAD813:java.util.concurrent.CompletableFuture@199b23f7[Not completed]
2019-09-26 16:44:14,114 [pool-507-thread-1] INFO  impl.RaftServerImpl (RaftServerImpl.java:<init>(95)) - fd591185-5708-46de-8886-568dd8f93a08: new RaftServerImpl for group-A7F424CAD813:[fd591185-5708-46de-8886-568dd8f93a08:192.168.157.234:36726] with ContainerStateMachine:uninitialized
2019-09-26 16:44:14,115 [pool-507-thread-1] INFO  server.RaftServerConfigKeys (ConfUtils.java:logGet(43)) - raft.server.rpc.timeout.min = 1s (custom)
2019-09-26 16:44:14,115 [pool-507-thread-1] INFO  server.RaftServerConfigKeys (ConfUtils.java:logGet(43)) - raft.server.rpc.timeout.max = 1200ms (custom)
2019-09-26 16:44:14,115 [pool-507-thread-1] INFO  server.RaftServerConfigKeys (ConfUtils.java:logGet(43)) - raft.server.rpcslowness.timeout = 120s (custom)
2019-09-26 16:44:14,115 [pool-507-thread-1] INFO  server.RaftServerConfigKeys (ConfUtils.java:logGet(43)) - raft.server.sleep.deviation.threshold = 300 (default)
2019-09-26 16:44:14,115 [pool-507-thread-1] INFO  server.RaftServerConfigKeys (ConfUtils.java:logGet(43)) - raft.server.log.appender.install.snapshot.enabled = false (custom)
2019-09-26 16:44:14,115 [pool-507-thread-1] INFO  impl.RaftServerImpl (ServerState.java:<init>(103)) - fd591185-5708-46de-8886-568dd8f93a08@group-A7F424CAD813: ConfigurationManager, init=-1: [fd591185-5708-46de-8886-568dd8f93a08:192.168.157.234:36726], old=null, confs=<EMPTY_MAP>
2019-09-26 16:44:14,115 [pool-507-thread-1] INFO  server.RaftServerConfigKeys (ConfUtils.java:logGet(43)) - raft.server.storage.dir = [/workdir/hadoop-ozone/integration-test/target/test-dir/MiniOzoneClusterImpl-2d738554-168c-4e5d-822f-b5acc277bde2/datanode-0/data/ratis] (custom)
2019-09-26 16:44:14,116 [pool-507-thread-1] INFO  storage.RaftStorageDirectory (RaftStorageDirectory.java:analyzeStorage(246)) - The storage directory /workdir/hadoop-ozone/integration-test/target/test-dir/MiniOzoneClusterImpl-2d738554-168c-4e5d-822f-b5acc277bde2/datanode-0/data/ratis/c49bee8c-b224-48f6-a31c-a7f424cad813 does not exist. Creating ...
2019-09-26 16:44:14,130 [pool-507-thread-1] INFO  storage.RaftStorageDirectory (RaftStorageDirectory.java:tryLock(328)) - Lock on /workdir/hadoop-ozone/integration-test/target/test-dir/MiniOzoneClusterImpl-2d738554-168c-4e5d-822f-b5acc277bde2/datanode-0/data/ratis/c49bee8c-b224-48f6-a31c-a7f424cad813/in_use.lock acquired by nodename 16662@pr-hdds-2162-htzpk-1451759861
2019-09-26 16:44:14,143 [pool-507-thread-1] INFO  storage.RaftStorage (RaftStorage.java:format(72)) - Storage directory /workdir/hadoop-ozone/integration-test/target/test-dir/MiniOzoneClusterImpl-2d738554-168c-4e5d-822f-b5acc277bde2/datanode-0/data/ratis/c49bee8c-b224-48f6-a31c-a7f424cad813 has been successfully formatted.
2019-09-26 16:44:14,143 [pool-507-thread-1] INFO  ratis.ContainerStateMachine (ContainerStateMachine.java:loadSnapshot(230)) - group-A7F424CAD813: The snapshot info is null. Setting the last applied indexto:(t:0, i:~)
2019-09-26 16:44:14,143 [pool-507-thread-1] INFO  server.RaftServerConfigKeys (ConfUtils.java:logGet(43)) - raft.server.notification.no-leader.timeout = 120s (custom)
2019-09-26 16:44:14,144 [pool-507-thread-1] INFO  server.RaftServerConfigKeys (ConfUtils.java:logGet(43)) - raft.server.log.use.memory = false (default)
2019-09-26 16:44:14,144 [pool-507-thread-1] INFO  server.RaftServerConfigKeys (ConfUtils.java:logGet(43)) - raft.server.log.purge.gap = 1000000 (custom)
2019-09-26 16:44:14,144 [pool-507-thread-1] INFO  server.RaftServerConfigKeys (ConfUtils.java:logGet(43)) - raft.server.log.appender.buffer.byte-limit = 33554432 (custom)
2019-09-26 16:44:14,144 [pool-507-thread-1] INFO  server.RaftServerConfigKeys (ConfUtils.java:logGet(43)) - raft.server.log.segment.size.max = 1048576 (custom)
2019-09-26 16:44:14,144 [pool-507-thread-1] INFO  server.RaftServerConfigKeys (ConfUtils.java:logGet(43)) - raft.server.log.segment.cache.num.max = 2 (custom)
2019-09-26 16:44:14,144 [pool-507-thread-1] INFO  segmented.SegmentedRaftLogWorker (SegmentedRaftLogWorker.java:<init>(172)) - new fd591185-5708-46de-8886-568dd8f93a08@group-A7F424CAD813-SegmentedRaftLogWorker for RaftStorage:Storage Directory /workdir/hadoop-ozone/integration-test/target/test-dir/MiniOzoneClusterImpl-2d738554-168c-4e5d-822f-b5acc277bde2/datanode-0/data/ratis/c49bee8c-b224-48f6-a31c-a7f424cad813
2019-09-26 16:44:14,146 [pool-507-thread-1] INFO  server.RaftServerConfigKeys (ConfUtils.java:logGet(43)) - raft.server.log.queue.byte-limit = 2147483647 (custom)
2019-09-26 16:44:14,146 [pool-507-thread-1] INFO  server.RaftServerConfigKeys (ConfUtils.java:logGet(43)) - raft.server.log.queue.element-limit = 1024 (custom)
2019-09-26 16:44:14,146 [pool-507-thread-1] INFO  server.RaftServerConfigKeys (ConfUtils.java:logGet(43)) - raft.server.log.segment.size.max = 1048576 (custom)
2019-09-26 16:44:14,147 [pool-507-thread-1] INFO  server.RaftServerConfigKeys (ConfUtils.java:logGet(43)) - raft.server.log.preallocated.size = 16384 (custom)
2019-09-26 16:44:14,147 [pool-507-thread-1] INFO  server.RaftServerConfigKeys (ConfUtils.java:logGet(43)) - raft.server.log.write.buffer.size = 33554432 (custom)
2019-09-26 16:44:14,147 [pool-507-thread-1] INFO  server.RaftServerConfigKeys (ConfUtils.java:logGet(43)) - raft.server.log.force.sync.num = 128 (default)
2019-09-26 16:44:14,147 [pool-507-thread-1] INFO  server.RaftServerConfigKeys (ConfUtils.java:logGet(43)) - raft.server.log.statemachine.data.sync = true (default)
2019-09-26 16:44:14,147 [pool-507-thread-1] INFO  server.RaftServerConfigKeys (ConfUtils.java:logGet(43)) - raft.server.log.statemachine.data.sync.timeout = 10s (default)
2019-09-26 16:44:14,147 [pool-507-thread-1] INFO  server.RaftServerConfigKeys (ConfUtils.java:logGet(43)) - raft.server.log.statemachine.data.sync.timeout.retry = -1 (default)
2019-09-26 16:44:14,148 [pool-507-thread-1] INFO  server.RaftServerConfigKeys (ConfUtils.java:logGet(43)) - raft.server.log.statemachine.data.caching.enabled = true (custom)
2019-09-26 16:44:14,148 [IPC Server handler 5 on 46664] INFO  net.NetworkTopology (NetworkTopologyImpl.java:add(111)) - Added a new node: /rack1/14d6961c-3415-464e-9dd6-39423b85916c
2019-09-26 16:44:14,148 [pool-507-thread-1] INFO  segmented.SegmentedRaftLogWorker (SegmentedRaftLogWorker.java:lambda$new$0(132)) - fd591185-5708-46de-8886-568dd8f93a08@group-A7F424CAD813-SegmentedRaftLogWorker: flushIndex: setUnconditionally 0 -> -1
2019-09-26 16:44:14,148 [IPC Server handler 5 on 46664] INFO  node.SCMNodeManager (SCMNodeManager.java:register(266)) - Registered Data node : 14d6961c-3415-464e-9dd6-39423b85916c{ip: 192.168.157.234, host: pr-hdds-2162-htzpk-1451759861, networkLocation: /rack1, certSerialId: null}
2019-09-26 16:44:14,148 [pool-507-thread-1] INFO  server.RaftServerConfigKeys (ConfUtils.java:logGet(43)) - raft.server.snapshot.auto.trigger.enabled = true (custom)
2019-09-26 16:44:14,149 [pool-507-thread-1] INFO  server.RaftServerConfigKeys (ConfUtils.java:logGet(43)) - raft.server.snapshot.auto.trigger.threshold = 10000 (custom)
2019-09-26 16:44:14,149 [pool-507-thread-1] INFO  server.RaftServerConfigKeys (ConfUtils.java:logGet(43)) - raft.server.snapshot.retention.num.files = 5 (custom)
2019-09-26 16:44:14,149 [pool-507-thread-1] INFO  server.RaftServerConfigKeys (ConfUtils.java:logGet(43)) - raft.server.retrycache.expirytime = 600000ms (custom)
2019-09-26 16:44:14,151 [pool-507-thread-1] INFO  impl.RaftServerImpl (RaftServerImpl.java:start(185)) - fd591185-5708-46de-8886-568dd8f93a08@group-A7F424CAD813: start as a follower, conf=-1: [fd591185-5708-46de-8886-568dd8f93a08:192.168.157.234:36726], old=null
2019-09-26 16:44:14,151 [pool-507-thread-1] INFO  impl.RaftServerImpl (RaftServerImpl.java:setRole(174)) - fd591185-5708-46de-8886-568dd8f93a08@group-A7F424CAD813: changes role from      null to FOLLOWER at term 0 for startAsFollower
2019-09-26 16:44:14,151 [pool-507-thread-1] INFO  impl.RoleInfo (RoleInfo.java:updateAndGet(143)) - fd591185-5708-46de-8886-568dd8f93a08: start FollowerState
2019-09-26 16:44:14,151 [pool-507-thread-1] INFO  util.JmxRegister (JmxRegister.java:tryRegister(44)) - Successfully registered JMX Bean with object name Ratis:service=RaftServer,group=group-A7F424CAD813,id=fd591185-5708-46de-8886-568dd8f93a08
2019-09-26 16:44:14,157 [RatisPipelineUtilsThread] INFO  pipeline.PipelineStateManager (PipelineStateManager.java:addPipeline(56)) - Created pipeline Pipeline[ Id: c49bee8c-b224-48f6-a31c-a7f424cad813, Nodes: fd591185-5708-46de-8886-568dd8f93a08{ip: 192.168.157.234, host: pr-hdds-2162-htzpk-1451759861, networkLocation: /rack1, certSerialId: null}, Type:RATIS, Factor:ONE, State:OPEN]
2019-09-26 16:44:14,165 [grpc-default-executor-0] INFO  impl.RaftServerProxy (RaftServerProxy.java:addNew(89)) - 14d6961c-3415-464e-9dd6-39423b85916c: addNew group-AF61286BC2D3:[14d6961c-3415-464e-9dd6-39423b85916c:192.168.157.234:39459] returns group-AF61286BC2D3:java.util.concurrent.CompletableFuture@39f0c4ea[Not completed]
2019-09-26 16:44:14,165 [pool-517-thread-1] INFO  impl.RaftServerImpl (RaftServerImpl.java:<init>(95)) - 14d6961c-3415-464e-9dd6-39423b85916c: new RaftServerImpl for group-AF61286BC2D3:[14d6961c-3415-464e-9dd6-39423b85916c:192.168.157.234:39459] with ContainerStateMachine:uninitialized
2019-09-26 16:44:14,166 [pool-517-thread-1] INFO  server.RaftServerConfigKeys (ConfUtils.java:logGet(43)) - raft.server.rpc.timeout.min = 1s (custom)
2019-09-26 16:44:14,166 [pool-517-thread-1] INFO  server.RaftServerConfigKeys (ConfUtils.java:logGet(43)) - raft.server.rpc.timeout.max = 1200ms (custom)
2019-09-26 16:44:14,166 [pool-517-thread-1] INFO  server.RaftServerConfigKeys (ConfUtils.java:logGet(43)) - raft.server.rpcslowness.timeout = 120s (custom)
2019-09-26 16:44:14,166 [pool-517-thread-1] INFO  server.RaftServerConfigKeys (ConfUtils.java:logGet(43)) - raft.server.sleep.deviation.threshold = 300 (default)
2019-09-26 16:44:14,166 [pool-517-thread-1] INFO  server.RaftServerConfigKeys (ConfUtils.java:logGet(43)) - raft.server.log.appender.install.snapshot.enabled = false (custom)
2019-09-26 16:44:14,166 [pool-517-thread-1] INFO  impl.RaftServerImpl (ServerState.java:<init>(103)) - 14d6961c-3415-464e-9dd6-39423b85916c@group-AF61286BC2D3: ConfigurationManager, init=-1: [14d6961c-3415-464e-9dd6-39423b85916c:192.168.157.234:39459], old=null, confs=<EMPTY_MAP>
2019-09-26 16:44:14,166 [pool-517-thread-1] INFO  server.RaftServerConfigKeys (ConfUtils.java:logGet(43)) - raft.server.storage.dir = [/workdir/hadoop-ozone/integration-test/target/test-dir/MiniOzoneClusterImpl-2d738554-168c-4e5d-822f-b5acc277bde2/datanode-1/data/ratis] (custom)
2019-09-26 16:44:14,167 [pool-517-thread-1] INFO  storage.RaftStorageDirectory (RaftStorageDirectory.java:analyzeStorage(246)) - The storage directory /workdir/hadoop-ozone/integration-test/target/test-dir/MiniOzoneClusterImpl-2d738554-168c-4e5d-822f-b5acc277bde2/datanode-1/data/ratis/2bf5741c-4068-428d-b12b-af61286bc2d3 does not exist. Creating ...
2019-09-26 16:44:14,180 [pool-517-thread-1] INFO  storage.RaftStorageDirectory (RaftStorageDirectory.java:tryLock(328)) - Lock on /workdir/hadoop-ozone/integration-test/target/test-dir/MiniOzoneClusterImpl-2d738554-168c-4e5d-822f-b5acc277bde2/datanode-1/data/ratis/2bf5741c-4068-428d-b12b-af61286bc2d3/in_use.lock acquired by nodename 16662@pr-hdds-2162-htzpk-1451759861
2019-09-26 16:44:14,193 [pool-517-thread-1] INFO  storage.RaftStorage (RaftStorage.java:format(72)) - Storage directory /workdir/hadoop-ozone/integration-test/target/test-dir/MiniOzoneClusterImpl-2d738554-168c-4e5d-822f-b5acc277bde2/datanode-1/data/ratis/2bf5741c-4068-428d-b12b-af61286bc2d3 has been successfully formatted.
2019-09-26 16:44:14,193 [pool-517-thread-1] INFO  ratis.ContainerStateMachine (ContainerStateMachine.java:loadSnapshot(230)) - group-AF61286BC2D3: The snapshot info is null. Setting the last applied indexto:(t:0, i:~)
2019-09-26 16:44:14,193 [pool-517-thread-1] INFO  server.RaftServerConfigKeys (ConfUtils.java:logGet(43)) - raft.server.notification.no-leader.timeout = 120s (custom)
2019-09-26 16:44:14,193 [pool-517-thread-1] INFO  server.RaftServerConfigKeys (ConfUtils.java:logGet(43)) - raft.server.log.use.memory = false (default)
2019-09-26 16:44:14,194 [pool-517-thread-1] INFO  server.RaftServerConfigKeys (ConfUtils.java:logGet(43)) - raft.server.log.purge.gap = 1000000 (custom)
2019-09-26 16:44:14,194 [pool-517-thread-1] INFO  server.RaftServerConfigKeys (ConfUtils.java:logGet(43)) - raft.server.log.appender.buffer.byte-limit = 33554432 (custom)
2019-09-26 16:44:14,194 [pool-517-thread-1] INFO  server.RaftServerConfigKeys (ConfUtils.java:logGet(43)) - raft.server.log.segment.size.max = 1048576 (custom)
2019-09-26 16:44:14,194 [pool-517-thread-1] INFO  server.RaftServerConfigKeys (ConfUtils.java:logGet(43)) - raft.server.log.segment.cache.num.max = 2 (custom)
2019-09-26 16:44:14,194 [pool-517-thread-1] INFO  segmented.SegmentedRaftLogWorker (SegmentedRaftLogWorker.java:<init>(172)) - new 14d6961c-3415-464e-9dd6-39423b85916c@group-AF61286BC2D3-SegmentedRaftLogWorker for RaftStorage:Storage Directory /workdir/hadoop-ozone/integration-test/target/test-dir/MiniOzoneClusterImpl-2d738554-168c-4e5d-822f-b5acc277bde2/datanode-1/data/ratis/2bf5741c-4068-428d-b12b-af61286bc2d3
2019-09-26 16:44:14,196 [pool-517-thread-1] INFO  server.RaftServerConfigKeys (ConfUtils.java:logGet(43)) - raft.server.log.queue.byte-limit = 2147483647 (custom)
2019-09-26 16:44:14,196 [pool-517-thread-1] INFO  server.RaftServerConfigKeys (ConfUtils.java:logGet(43)) - raft.server.log.queue.element-limit = 1024 (custom)
2019-09-26 16:44:14,196 [pool-517-thread-1] INFO  server.RaftServerConfigKeys (ConfUtils.java:logGet(43)) - raft.server.log.segment.size.max = 1048576 (custom)
2019-09-26 16:44:14,196 [pool-517-thread-1] INFO  server.RaftServerConfigKeys (ConfUtils.java:logGet(43)) - raft.server.log.preallocated.size = 16384 (custom)
2019-09-26 16:44:14,196 [pool-517-thread-1] INFO  server.RaftServerConfigKeys (ConfUtils.java:logGet(43)) - raft.server.log.write.buffer.size = 33554432 (custom)
2019-09-26 16:44:14,196 [pool-517-thread-1] INFO  server.RaftServerConfigKeys (ConfUtils.java:logGet(43)) - raft.server.log.force.sync.num = 128 (default)
2019-09-26 16:44:14,196 [pool-517-thread-1] INFO  server.RaftServerConfigKeys (ConfUtils.java:logGet(43)) - raft.server.log.statemachine.data.sync = true (default)
2019-09-26 16:44:14,196 [pool-517-thread-1] INFO  server.RaftServerConfigKeys (ConfUtils.java:logGet(43)) - raft.server.log.statemachine.data.sync.timeout = 10s (default)
2019-09-26 16:44:14,197 [pool-517-thread-1] INFO  server.RaftServerConfigKeys (ConfUtils.java:logGet(43)) - raft.server.log.statemachine.data.sync.timeout.retry = -1 (default)
2019-09-26 16:44:14,197 [pool-517-thread-1] INFO  server.RaftServerConfigKeys (ConfUtils.java:logGet(43)) - raft.server.log.statemachine.data.caching.enabled = true (custom)
2019-09-26 16:44:14,197 [pool-517-thread-1] INFO  segmented.SegmentedRaftLogWorker (SegmentedRaftLogWorker.java:lambda$new$0(132)) - 14d6961c-3415-464e-9dd6-39423b85916c@group-AF61286BC2D3-SegmentedRaftLogWorker: flushIndex: setUnconditionally 0 -> -1
2019-09-26 16:44:14,197 [pool-517-thread-1] INFO  server.RaftServerConfigKeys (ConfUtils.java:logGet(43)) - raft.server.snapshot.auto.trigger.enabled = true (custom)
2019-09-26 16:44:14,198 [pool-517-thread-1] INFO  server.RaftServerConfigKeys (ConfUtils.java:logGet(43)) - raft.server.snapshot.auto.trigger.threshold = 10000 (custom)
2019-09-26 16:44:14,198 [pool-517-thread-1] INFO  server.RaftServerConfigKeys (ConfUtils.java:logGet(43)) - raft.server.snapshot.retention.num.files = 5 (custom)
2019-09-26 16:44:14,198 [pool-517-thread-1] INFO  server.RaftServerConfigKeys (ConfUtils.java:logGet(43)) - raft.server.retrycache.expirytime = 600000ms (custom)
2019-09-26 16:44:14,199 [pool-517-thread-1] INFO  impl.RaftServerImpl (RaftServerImpl.java:start(185)) - 14d6961c-3415-464e-9dd6-39423b85916c@group-AF61286BC2D3: start as a follower, conf=-1: [14d6961c-3415-464e-9dd6-39423b85916c:192.168.157.234:39459], old=null
2019-09-26 16:44:14,199 [pool-517-thread-1] INFO  impl.RaftServerImpl (RaftServerImpl.java:setRole(174)) - 14d6961c-3415-464e-9dd6-39423b85916c@group-AF61286BC2D3: changes role from      null to FOLLOWER at term 0 for startAsFollower
2019-09-26 16:44:14,199 [pool-517-thread-1] INFO  impl.RoleInfo (RoleInfo.java:updateAndGet(143)) - 14d6961c-3415-464e-9dd6-39423b85916c: start FollowerState
2019-09-26 16:44:14,200 [pool-517-thread-1] INFO  util.JmxRegister (JmxRegister.java:tryRegister(44)) - Successfully registered JMX Bean with object name Ratis:service=RaftServer,group=group-AF61286BC2D3,id=14d6961c-3415-464e-9dd6-39423b85916c
2019-09-26 16:44:14,205 [RatisPipelineUtilsThread] INFO  pipeline.PipelineStateManager (PipelineStateManager.java:addPipeline(56)) - Created pipeline Pipeline[ Id: 2bf5741c-4068-428d-b12b-af61286bc2d3, Nodes: 14d6961c-3415-464e-9dd6-39423b85916c{ip: 192.168.157.234, host: pr-hdds-2162-htzpk-1451759861, networkLocation: /rack1, certSerialId: null}, Type:RATIS, Factor:ONE, State:OPEN]
2019-09-26 16:44:14,209 [IPC Server handler 6 on 46664] INFO  net.NetworkTopology (NetworkTopologyImpl.java:add(111)) - Added a new node: /rack1/31eb9216-6704-4cc2-a524-a91f43cc4ef7
2019-09-26 16:44:14,212 [IPC Server handler 6 on 46664] INFO  node.SCMNodeManager (SCMNodeManager.java:register(266)) - Registered Data node : 31eb9216-6704-4cc2-a524-a91f43cc4ef7{ip: 192.168.157.234, host: pr-hdds-2162-htzpk-1451759861, networkLocation: /rack1, certSerialId: null}
2019-09-26 16:44:14,236 [grpc-default-executor-2] INFO  impl.RaftServerProxy (RaftServerProxy.java:addNew(89)) - 31eb9216-6704-4cc2-a524-a91f43cc4ef7: addNew group-9DD2DA11086B:[14d6961c-3415-464e-9dd6-39423b85916c:192.168.157.234:39459, fd591185-5708-46de-8886-568dd8f93a08:192.168.157.234:36726, 31eb9216-6704-4cc2-a524-a91f43cc4ef7:192.168.157.234:32775] returns group-9DD2DA11086B:java.util.concurrent.CompletableFuture@27963fda[Not completed]
2019-09-26 16:44:14,236 [grpc-default-executor-1] INFO  impl.RaftServerProxy (RaftServerProxy.java:addNew(89)) - fd591185-5708-46de-8886-568dd8f93a08: addNew group-9DD2DA11086B:[14d6961c-3415-464e-9dd6-39423b85916c:192.168.157.234:39459, fd591185-5708-46de-8886-568dd8f93a08:192.168.157.234:36726, 31eb9216-6704-4cc2-a524-a91f43cc4ef7:192.168.157.234:32775] returns group-9DD2DA11086B:java.util.concurrent.CompletableFuture@3beea409[Not completed]
2019-09-26 16:44:14,236 [grpc-default-executor-0] INFO  impl.RaftServerProxy (RaftServerProxy.java:addNew(89)) - 14d6961c-3415-464e-9dd6-39423b85916c: addNew group-9DD2DA11086B:[14d6961c-3415-464e-9dd6-39423b85916c:192.168.157.234:39459, fd591185-5708-46de-8886-568dd8f93a08:192.168.157.234:36726, 31eb9216-6704-4cc2-a524-a91f43cc4ef7:192.168.157.234:32775] returns group-9DD2DA11086B:java.util.concurrent.CompletableFuture@73481ad8[Not completed]
2019-09-26 16:44:14,237 [pool-527-thread-1] INFO  impl.RaftServerImpl (RaftServerImpl.java:<init>(95)) - 31eb9216-6704-4cc2-a524-a91f43cc4ef7: new RaftServerImpl for group-9DD2DA11086B:[14d6961c-3415-464e-9dd6-39423b85916c:192.168.157.234:39459, fd591185-5708-46de-8886-568dd8f93a08:192.168.157.234:36726, 31eb9216-6704-4cc2-a524-a91f43cc4ef7:192.168.157.234:32775] with ContainerStateMachine:uninitialized
2019-09-26 16:44:14,237 [pool-527-thread-1] INFO  server.RaftServerConfigKeys (ConfUtils.java:logGet(43)) - raft.server.rpc.timeout.min = 1s (custom)
2019-09-26 16:44:14,237 [pool-527-thread-1] INFO  server.RaftServerConfigKeys (ConfUtils.java:logGet(43)) - raft.server.rpc.timeout.max = 1200ms (custom)
2019-09-26 16:44:14,237 [pool-517-thread-1] INFO  impl.RaftServerImpl (RaftServerImpl.java:<init>(95)) - 14d6961c-3415-464e-9dd6-39423b85916c: new RaftServerImpl for group-9DD2DA11086B:[14d6961c-3415-464e-9dd6-39423b85916c:192.168.157.234:39459, fd591185-5708-46de-8886-568dd8f93a08:192.168.157.234:36726, 31eb9216-6704-4cc2-a524-a91f43cc4ef7:192.168.157.234:32775] with ContainerStateMachine:uninitialized
2019-09-26 16:44:14,237 [pool-527-thread-1] INFO  server.RaftServerConfigKeys (ConfUtils.java:logGet(43)) - raft.server.rpcslowness.timeout = 120s (custom)
2019-09-26 16:44:14,238 [pool-507-thread-1] INFO  impl.RaftServerImpl (RaftServerImpl.java:<init>(95)) - fd591185-5708-46de-8886-568dd8f93a08: new RaftServerImpl for group-9DD2DA11086B:[14d6961c-3415-464e-9dd6-39423b85916c:192.168.157.234:39459, fd591185-5708-46de-8886-568dd8f93a08:192.168.157.234:36726, 31eb9216-6704-4cc2-a524-a91f43cc4ef7:192.168.157.234:32775] with ContainerStateMachine:uninitialized
2019-09-26 16:44:14,237 [pool-517-thread-1] INFO  server.RaftServerConfigKeys (ConfUtils.java:logGet(43)) - raft.server.rpc.timeout.min = 1s (custom)
2019-09-26 16:44:14,238 [pool-507-thread-1] INFO  server.RaftServerConfigKeys (ConfUtils.java:logGet(43)) - raft.server.rpc.timeout.min = 1s (custom)
2019-09-26 16:44:14,238 [pool-507-thread-1] INFO  server.RaftServerConfigKeys (ConfUtils.java:logGet(43)) - raft.server.rpc.timeout.max = 1200ms (custom)
2019-09-26 16:44:14,238 [pool-527-thread-1] INFO  server.RaftServerConfigKeys (ConfUtils.java:logGet(43)) - raft.server.sleep.deviation.threshold = 300 (default)
2019-09-26 16:44:14,238 [pool-507-thread-1] INFO  server.RaftServerConfigKeys (ConfUtils.java:logGet(43)) - raft.server.rpcslowness.timeout = 120s (custom)
2019-09-26 16:44:14,238 [pool-507-thread-1] INFO  server.RaftServerConfigKeys (ConfUtils.java:logGet(43)) - raft.server.sleep.deviation.threshold = 300 (default)
2019-09-26 16:44:14,238 [pool-517-thread-1] INFO  server.RaftServerConfigKeys (ConfUtils.java:logGet(43)) - raft.server.rpc.timeout.max = 1200ms (custom)
2019-09-26 16:44:14,238 [pool-507-thread-1] INFO  server.RaftServerConfigKeys (ConfUtils.java:logGet(43)) - raft.server.log.appender.install.snapshot.enabled = false (custom)
2019-09-26 16:44:14,238 [pool-527-thread-1] INFO  server.RaftServerConfigKeys (ConfUtils.java:logGet(43)) - raft.server.log.appender.install.snapshot.enabled = false (custom)
2019-09-26 16:44:14,239 [pool-507-thread-1] INFO  impl.RaftServerImpl (ServerState.java:<init>(103)) - fd591185-5708-46de-8886-568dd8f93a08@group-9DD2DA11086B: ConfigurationManager, init=-1: [14d6961c-3415-464e-9dd6-39423b85916c:192.168.157.234:39459, fd591185-5708-46de-8886-568dd8f93a08:192.168.157.234:36726, 31eb9216-6704-4cc2-a524-a91f43cc4ef7:192.168.157.234:32775], old=null, confs=<EMPTY_MAP>
2019-09-26 16:44:14,239 [pool-517-thread-1] INFO  server.RaftServerConfigKeys (ConfUtils.java:logGet(43)) - raft.server.rpcslowness.timeout = 120s (custom)
2019-09-26 16:44:14,239 [pool-507-thread-1] INFO  server.RaftServerConfigKeys (ConfUtils.java:logGet(43)) - raft.server.storage.dir = [/workdir/hadoop-ozone/integration-test/target/test-dir/MiniOzoneClusterImpl-2d738554-168c-4e5d-822f-b5acc277bde2/datanode-0/data/ratis] (custom)
2019-09-26 16:44:14,239 [pool-527-thread-1] INFO  impl.RaftServerImpl (ServerState.java:<init>(103)) - 31eb9216-6704-4cc2-a524-a91f43cc4ef7@group-9DD2DA11086B: ConfigurationManager, init=-1: [14d6961c-3415-464e-9dd6-39423b85916c:192.168.157.234:39459, fd591185-5708-46de-8886-568dd8f93a08:192.168.157.234:36726, 31eb9216-6704-4cc2-a524-a91f43cc4ef7:192.168.157.234:32775], old=null, confs=<EMPTY_MAP>
2019-09-26 16:44:14,239 [pool-517-thread-1] INFO  server.RaftServerConfigKeys (ConfUtils.java:logGet(43)) - raft.server.sleep.deviation.threshold = 300 (default)
2019-09-26 16:44:14,239 [pool-507-thread-1] INFO  storage.RaftStorageDirectory (RaftStorageDirectory.java:analyzeStorage(246)) - The storage directory /workdir/hadoop-ozone/integration-test/target/test-dir/MiniOzoneClusterImpl-2d738554-168c-4e5d-822f-b5acc277bde2/datanode-0/data/ratis/acfc0e77-5737-41c7-99ff-9dd2da11086b does not exist. Creating ...
2019-09-26 16:44:14,239 [pool-527-thread-1] INFO  server.RaftServerConfigKeys (ConfUtils.java:logGet(43)) - raft.server.storage.dir = [/workdir/hadoop-ozone/integration-test/target/test-dir/MiniOzoneClusterImpl-2d738554-168c-4e5d-822f-b5acc277bde2/datanode-2/data/ratis] (custom)
2019-09-26 16:44:14,239 [pool-517-thread-1] INFO  server.RaftServerConfigKeys (ConfUtils.java:logGet(43)) - raft.server.log.appender.install.snapshot.enabled = false (custom)
2019-09-26 16:44:14,240 [pool-517-thread-1] INFO  impl.RaftServerImpl (ServerState.java:<init>(103)) - 14d6961c-3415-464e-9dd6-39423b85916c@group-9DD2DA11086B: ConfigurationManager, init=-1: [14d6961c-3415-464e-9dd6-39423b85916c:192.168.157.234:39459, fd591185-5708-46de-8886-568dd8f93a08:192.168.157.234:36726, 31eb9216-6704-4cc2-a524-a91f43cc4ef7:192.168.157.234:32775], old=null, confs=<EMPTY_MAP>
2019-09-26 16:44:14,240 [pool-527-thread-1] INFO  storage.RaftStorageDirectory (RaftStorageDirectory.java:analyzeStorage(246)) - The storage directory /workdir/hadoop-ozone/integration-test/target/test-dir/MiniOzoneClusterImpl-2d738554-168c-4e5d-822f-b5acc277bde2/datanode-2/data/ratis/acfc0e77-5737-41c7-99ff-9dd2da11086b does not exist. Creating ...
2019-09-26 16:44:14,240 [pool-517-thread-1] INFO  server.RaftServerConfigKeys (ConfUtils.java:logGet(43)) - raft.server.storage.dir = [/workdir/hadoop-ozone/integration-test/target/test-dir/MiniOzoneClusterImpl-2d738554-168c-4e5d-822f-b5acc277bde2/datanode-1/data/ratis] (custom)
2019-09-26 16:44:14,240 [pool-517-thread-1] INFO  storage.RaftStorageDirectory (RaftStorageDirectory.java:analyzeStorage(246)) - The storage directory /workdir/hadoop-ozone/integration-test/target/test-dir/MiniOzoneClusterImpl-2d738554-168c-4e5d-822f-b5acc277bde2/datanode-1/data/ratis/acfc0e77-5737-41c7-99ff-9dd2da11086b does not exist. Creating ...
2019-09-26 16:44:14,252 [pool-507-thread-1] INFO  storage.RaftStorageDirectory (RaftStorageDirectory.java:tryLock(328)) - Lock on /workdir/hadoop-ozone/integration-test/target/test-dir/MiniOzoneClusterImpl-2d738554-168c-4e5d-822f-b5acc277bde2/datanode-0/data/ratis/acfc0e77-5737-41c7-99ff-9dd2da11086b/in_use.lock acquired by nodename 16662@pr-hdds-2162-htzpk-1451759861
2019-09-26 16:44:14,252 [pool-517-thread-1] INFO  storage.RaftStorageDirectory (RaftStorageDirectory.java:tryLock(328)) - Lock on /workdir/hadoop-ozone/integration-test/target/test-dir/MiniOzoneClusterImpl-2d738554-168c-4e5d-822f-b5acc277bde2/datanode-1/data/ratis/acfc0e77-5737-41c7-99ff-9dd2da11086b/in_use.lock acquired by nodename 16662@pr-hdds-2162-htzpk-1451759861
2019-09-26 16:44:14,252 [pool-527-thread-1] INFO  storage.RaftStorageDirectory (RaftStorageDirectory.java:tryLock(328)) - Lock on /workdir/hadoop-ozone/integration-test/target/test-dir/MiniOzoneClusterImpl-2d738554-168c-4e5d-822f-b5acc277bde2/datanode-2/data/ratis/acfc0e77-5737-41c7-99ff-9dd2da11086b/in_use.lock acquired by nodename 16662@pr-hdds-2162-htzpk-1451759861
2019-09-26 16:44:14,266 [pool-507-thread-1] INFO  storage.RaftStorage (RaftStorage.java:format(72)) - Storage directory /workdir/hadoop-ozone/integration-test/target/test-dir/MiniOzoneClusterImpl-2d738554-168c-4e5d-822f-b5acc277bde2/datanode-0/data/ratis/acfc0e77-5737-41c7-99ff-9dd2da11086b has been successfully formatted.
2019-09-26 16:44:14,266 [IPC Server handler 9 on 46664] INFO  net.NetworkTopology (NetworkTopologyImpl.java:add(111)) - Added a new node: /rack1/59fe4627-77ba-4d6f-bbfd-1773d3bea00c
2019-09-26 16:44:14,266 [pool-507-thread-1] INFO  ratis.ContainerStateMachine (ContainerStateMachine.java:loadSnapshot(230)) - group-9DD2DA11086B: The snapshot info is null. Setting the last applied indexto:(t:0, i:~)
2019-09-26 16:44:14,267 [pool-507-thread-1] INFO  server.RaftServerConfigKeys (ConfUtils.java:logGet(43)) - raft.server.notification.no-leader.timeout = 120s (custom)
2019-09-26 16:44:14,266 [pool-517-thread-1] INFO  storage.RaftStorage (RaftStorage.java:format(72)) - Storage directory /workdir/hadoop-ozone/integration-test/target/test-dir/MiniOzoneClusterImpl-2d738554-168c-4e5d-822f-b5acc277bde2/datanode-1/data/ratis/acfc0e77-5737-41c7-99ff-9dd2da11086b has been successfully formatted.
2019-09-26 16:44:14,266 [pool-527-thread-1] INFO  storage.RaftStorage (RaftStorage.java:format(72)) - Storage directory /workdir/hadoop-ozone/integration-test/target/test-dir/MiniOzoneClusterImpl-2d738554-168c-4e5d-822f-b5acc277bde2/datanode-2/data/ratis/acfc0e77-5737-41c7-99ff-9dd2da11086b has been successfully formatted.
2019-09-26 16:44:14,267 [pool-517-thread-1] INFO  ratis.ContainerStateMachine (ContainerStateMachine.java:loadSnapshot(230)) - group-9DD2DA11086B: The snapshot info is null. Setting the last applied indexto:(t:0, i:~)
2019-09-26 16:44:14,267 [pool-507-thread-1] INFO  server.RaftServerConfigKeys (ConfUtils.java:logGet(43)) - raft.server.log.use.memory = false (default)
2019-09-26 16:44:14,267 [IPC Server handler 9 on 46664] INFO  node.SCMNodeManager (SCMNodeManager.java:register(266)) - Registered Data node : 59fe4627-77ba-4d6f-bbfd-1773d3bea00c{ip: 192.168.157.234, host: pr-hdds-2162-htzpk-1451759861, networkLocation: /rack1, certSerialId: null}
2019-09-26 16:44:14,267 [pool-507-thread-1] INFO  server.RaftServerConfigKeys (ConfUtils.java:logGet(43)) - raft.server.log.purge.gap = 1000000 (custom)
2019-09-26 16:44:14,268 [pool-507-thread-1] INFO  server.RaftServerConfigKeys (ConfUtils.java:logGet(43)) - raft.server.log.appender.buffer.byte-limit = 33554432 (custom)
2019-09-26 16:44:14,267 [pool-517-thread-1] INFO  server.RaftServerConfigKeys (ConfUtils.java:logGet(43)) - raft.server.notification.no-leader.timeout = 120s (custom)
2019-09-26 16:44:14,267 [pool-527-thread-1] INFO  ratis.ContainerStateMachine (ContainerStateMachine.java:loadSnapshot(230)) - group-9DD2DA11086B: The snapshot info is null. Setting the last applied indexto:(t:0, i:~)
2019-09-26 16:44:14,268 [pool-517-thread-1] INFO  server.RaftServerConfigKeys (ConfUtils.java:logGet(43)) - raft.server.log.use.memory = false (default)
2019-09-26 16:44:14,268 [pool-507-thread-1] INFO  server.RaftServerConfigKeys (ConfUtils.java:logGet(43)) - raft.server.log.segment.size.max = 1048576 (custom)
2019-09-26 16:44:14,268 [pool-517-thread-1] INFO  server.RaftServerConfigKeys (ConfUtils.java:logGet(43)) - raft.server.log.purge.gap = 1000000 (custom)
2019-09-26 16:44:14,268 [pool-527-thread-1] INFO  server.RaftServerConfigKeys (ConfUtils.java:logGet(43)) - raft.server.notification.no-leader.timeout = 120s (custom)
2019-09-26 16:44:14,269 [pool-517-thread-1] INFO  server.RaftServerConfigKeys (ConfUtils.java:logGet(43)) - raft.server.log.appender.buffer.byte-limit = 33554432 (custom)
2019-09-26 16:44:14,268 [pool-507-thread-1] INFO  server.RaftServerConfigKeys (ConfUtils.java:logGet(43)) - raft.server.log.segment.cache.num.max = 2 (custom)
2019-09-26 16:44:14,269 [pool-517-thread-1] INFO  server.RaftServerConfigKeys (ConfUtils.java:logGet(43)) - raft.server.log.segment.size.max = 1048576 (custom)
2019-09-26 16:44:14,269 [pool-527-thread-1] INFO  server.RaftServerConfigKeys (ConfUtils.java:logGet(43)) - raft.server.log.use.memory = false (default)
2019-09-26 16:44:14,269 [pool-517-thread-1] INFO  server.RaftServerConfigKeys (ConfUtils.java:logGet(43)) - raft.server.log.segment.cache.num.max = 2 (custom)
2019-09-26 16:44:14,269 [pool-507-thread-1] INFO  segmented.SegmentedRaftLogWorker (SegmentedRaftLogWorker.java:<init>(172)) - new fd591185-5708-46de-8886-568dd8f93a08@group-9DD2DA11086B-SegmentedRaftLogWorker for RaftStorage:Storage Directory /workdir/hadoop-ozone/integration-test/target/test-dir/MiniOzoneClusterImpl-2d738554-168c-4e5d-822f-b5acc277bde2/datanode-0/data/ratis/acfc0e77-5737-41c7-99ff-9dd2da11086b
2019-09-26 16:44:14,269 [pool-517-thread-1] INFO  segmented.SegmentedRaftLogWorker (SegmentedRaftLogWorker.java:<init>(172)) - new 14d6961c-3415-464e-9dd6-39423b85916c@group-9DD2DA11086B-SegmentedRaftLogWorker for RaftStorage:Storage Directory /workdir/hadoop-ozone/integration-test/target/test-dir/MiniOzoneClusterImpl-2d738554-168c-4e5d-822f-b5acc277bde2/datanode-1/data/ratis/acfc0e77-5737-41c7-99ff-9dd2da11086b
2019-09-26 16:44:14,269 [pool-527-thread-1] INFO  server.RaftServerConfigKeys (ConfUtils.java:logGet(43)) - raft.server.log.purge.gap = 1000000 (custom)
2019-09-26 16:44:14,270 [pool-517-thread-1] INFO  server.RaftServerConfigKeys (ConfUtils.java:logGet(43)) - raft.server.log.queue.byte-limit = 2147483647 (custom)
2019-09-26 16:44:14,269 [pool-507-thread-1] INFO  server.RaftServerConfigKeys (ConfUtils.java:logGet(43)) - raft.server.log.queue.byte-limit = 2147483647 (custom)
2019-09-26 16:44:14,270 [pool-517-thread-1] INFO  server.RaftServerConfigKeys (ConfUtils.java:logGet(43)) - raft.server.log.queue.element-limit = 1024 (custom)
2019-09-26 16:44:14,270 [pool-527-thread-1] INFO  server.RaftServerConfigKeys (ConfUtils.java:logGet(43)) - raft.server.log.appender.buffer.byte-limit = 33554432 (custom)
2019-09-26 16:44:14,270 [pool-517-thread-1] INFO  server.RaftServerConfigKeys (ConfUtils.java:logGet(43)) - raft.server.log.segment.size.max = 1048576 (custom)
2019-09-26 16:44:14,270 [pool-507-thread-1] INFO  server.RaftServerConfigKeys (ConfUtils.java:logGet(43)) - raft.server.log.queue.element-limit = 1024 (custom)
2019-09-26 16:44:14,270 [pool-517-thread-1] INFO  server.RaftServerConfigKeys (ConfUtils.java:logGet(43)) - raft.server.log.preallocated.size = 16384 (custom)
2019-09-26 16:44:14,270 [pool-527-thread-1] INFO  server.RaftServerConfigKeys (ConfUtils.java:logGet(43)) - raft.server.log.segment.size.max = 1048576 (custom)
2019-09-26 16:44:14,271 [pool-517-thread-1] INFO  server.RaftServerConfigKeys (ConfUtils.java:logGet(43)) - raft.server.log.write.buffer.size = 33554432 (custom)
2019-09-26 16:44:14,271 [pool-507-thread-1] INFO  server.RaftServerConfigKeys (ConfUtils.java:logGet(43)) - raft.server.log.segment.size.max = 1048576 (custom)
2019-09-26 16:44:14,271 [pool-517-thread-1] INFO  server.RaftServerConfigKeys (ConfUtils.java:logGet(43)) - raft.server.log.force.sync.num = 128 (default)
2019-09-26 16:44:14,271 [pool-527-thread-1] INFO  server.RaftServerConfigKeys (ConfUtils.java:logGet(43)) - raft.server.log.segment.cache.num.max = 2 (custom)
2019-09-26 16:44:14,271 [pool-517-thread-1] INFO  server.RaftServerConfigKeys (ConfUtils.java:logGet(43)) - raft.server.log.statemachine.data.sync = true (default)
2019-09-26 16:44:14,271 [pool-507-thread-1] INFO  server.RaftServerConfigKeys (ConfUtils.java:logGet(43)) - raft.server.log.preallocated.size = 16384 (custom)
2019-09-26 16:44:14,272 [pool-517-thread-1] INFO  server.RaftServerConfigKeys (ConfUtils.java:logGet(43)) - raft.server.log.statemachine.data.sync.timeout = 10s (default)
2019-09-26 16:44:14,271 [pool-527-thread-1] INFO  segmented.SegmentedRaftLogWorker (SegmentedRaftLogWorker.java:<init>(172)) - new 31eb9216-6704-4cc2-a524-a91f43cc4ef7@group-9DD2DA11086B-SegmentedRaftLogWorker for RaftStorage:Storage Directory /workdir/hadoop-ozone/integration-test/target/test-dir/MiniOzoneClusterImpl-2d738554-168c-4e5d-822f-b5acc277bde2/datanode-2/data/ratis/acfc0e77-5737-41c7-99ff-9dd2da11086b
2019-09-26 16:44:14,272 [pool-517-thread-1] INFO  server.RaftServerConfigKeys (ConfUtils.java:logGet(43)) - raft.server.log.statemachine.data.sync.timeout.retry = -1 (default)
2019-09-26 16:44:14,272 [pool-507-thread-1] INFO  server.RaftServerConfigKeys (ConfUtils.java:logGet(43)) - raft.server.log.write.buffer.size = 33554432 (custom)
2019-09-26 16:44:14,272 [pool-517-thread-1] INFO  server.RaftServerConfigKeys (ConfUtils.java:logGet(43)) - raft.server.log.statemachine.data.caching.enabled = true (custom)
2019-09-26 16:44:14,272 [pool-507-thread-1] INFO  server.RaftServerConfigKeys (ConfUtils.java:logGet(43)) - raft.server.log.force.sync.num = 128 (default)
2019-09-26 16:44:14,273 [pool-507-thread-1] INFO  server.RaftServerConfigKeys (ConfUtils.java:logGet(43)) - raft.server.log.statemachine.data.sync = true (default)
2019-09-26 16:44:14,273 [pool-517-thread-1] INFO  segmented.SegmentedRaftLogWorker (SegmentedRaftLogWorker.java:lambda$new$0(132)) - 14d6961c-3415-464e-9dd6-39423b85916c@group-9DD2DA11086B-SegmentedRaftLogWorker: flushIndex: setUnconditionally 0 -> -1
2019-09-26 16:44:14,273 [pool-507-thread-1] INFO  server.RaftServerConfigKeys (ConfUtils.java:logGet(43)) - raft.server.log.statemachine.data.sync.timeout = 10s (default)
2019-09-26 16:44:14,273 [pool-507-thread-1] INFO  server.RaftServerConfigKeys (ConfUtils.java:logGet(43)) - raft.server.log.statemachine.data.sync.timeout.retry = -1 (default)
2019-09-26 16:44:14,273 [pool-517-thread-1] INFO  server.RaftServerConfigKeys (ConfUtils.java:logGet(43)) - raft.server.snapshot.auto.trigger.enabled = true (custom)
2019-09-26 16:44:14,273 [pool-527-thread-1] INFO  server.RaftServerConfigKeys (ConfUtils.java:logGet(43)) - raft.server.log.queue.byte-limit = 2147483647 (custom)
2019-09-26 16:44:14,273 [pool-507-thread-1] INFO  server.RaftServerConfigKeys (ConfUtils.java:logGet(43)) - raft.server.log.statemachine.data.caching.enabled = true (custom)
2019-09-26 16:44:14,274 [pool-527-thread-1] INFO  server.RaftServerConfigKeys (ConfUtils.java:logGet(43)) - raft.server.log.queue.element-limit = 1024 (custom)
2019-09-26 16:44:14,273 [pool-517-thread-1] INFO  server.RaftServerConfigKeys (ConfUtils.java:logGet(43)) - raft.server.snapshot.auto.trigger.threshold = 10000 (custom)
2019-09-26 16:44:14,274 [pool-527-thread-1] INFO  server.RaftServerConfigKeys (ConfUtils.java:logGet(43)) - raft.server.log.segment.size.max = 1048576 (custom)
2019-09-26 16:44:14,274 [pool-507-thread-1] INFO  segmented.SegmentedRaftLogWorker (SegmentedRaftLogWorker.java:lambda$new$0(132)) - fd591185-5708-46de-8886-568dd8f93a08@group-9DD2DA11086B-SegmentedRaftLogWorker: flushIndex: setUnconditionally 0 -> -1
2019-09-26 16:44:14,274 [pool-527-thread-1] INFO  server.RaftServerConfigKeys (ConfUtils.java:logGet(43)) - raft.server.log.preallocated.size = 16384 (custom)
2019-09-26 16:44:14,274 [pool-517-thread-1] INFO  server.RaftServerConfigKeys (ConfUtils.java:logGet(43)) - raft.server.snapshot.retention.num.files = 5 (custom)
2019-09-26 16:44:14,274 [pool-507-thread-1] INFO  server.RaftServerConfigKeys (ConfUtils.java:logGet(43)) - raft.server.snapshot.auto.trigger.enabled = true (custom)
2019-09-26 16:44:14,274 [pool-527-thread-1] INFO  server.RaftServerConfigKeys (ConfUtils.java:logGet(43)) - raft.server.log.write.buffer.size = 33554432 (custom)
2019-09-26 16:44:14,275 [pool-507-thread-1] INFO  server.RaftServerConfigKeys (ConfUtils.java:logGet(43)) - raft.server.snapshot.auto.trigger.threshold = 10000 (custom)
2019-09-26 16:44:14,275 [pool-517-thread-1] INFO  server.RaftServerConfigKeys (ConfUtils.java:logGet(43)) - raft.server.retrycache.expirytime = 600000ms (custom)
2019-09-26 16:44:14,275 [pool-507-thread-1] INFO  server.RaftServerConfigKeys (ConfUtils.java:logGet(43)) - raft.server.snapshot.retention.num.files = 5 (custom)
2019-09-26 16:44:14,275 [pool-527-thread-1] INFO  server.RaftServerConfigKeys (ConfUtils.java:logGet(43)) - raft.server.log.force.sync.num = 128 (default)
2019-09-26 16:44:14,275 [pool-507-thread-1] INFO  server.RaftServerConfigKeys (ConfUtils.java:logGet(43)) - raft.server.retrycache.expirytime = 600000ms (custom)
2019-09-26 16:44:14,275 [pool-527-thread-1] INFO  server.RaftServerConfigKeys (ConfUtils.java:logGet(43)) - raft.server.log.statemachine.data.sync = true (default)
2019-09-26 16:44:14,276 [pool-527-thread-1] INFO  server.RaftServerConfigKeys (ConfUtils.java:logGet(43)) - raft.server.log.statemachine.data.sync.timeout = 10s (default)
2019-09-26 16:44:14,276 [pool-527-thread-1] INFO  server.RaftServerConfigKeys (ConfUtils.java:logGet(43)) - raft.server.log.statemachine.data.sync.timeout.retry = -1 (default)
2019-09-26 16:44:14,276 [pool-527-thread-1] INFO  server.RaftServerConfigKeys (ConfUtils.java:logGet(43)) - raft.server.log.statemachine.data.caching.enabled = true (custom)
2019-09-26 16:44:14,276 [pool-527-thread-1] INFO  segmented.SegmentedRaftLogWorker (SegmentedRaftLogWorker.java:lambda$new$0(132)) - 31eb9216-6704-4cc2-a524-a91f43cc4ef7@group-9DD2DA11086B-SegmentedRaftLogWorker: flushIndex: setUnconditionally 0 -> -1
2019-09-26 16:44:14,277 [pool-527-thread-1] INFO  server.RaftServerConfigKeys (ConfUtils.java:logGet(43)) - raft.server.snapshot.auto.trigger.enabled = true (custom)
2019-09-26 16:44:14,277 [pool-527-thread-1] INFO  server.RaftServerConfigKeys (ConfUtils.java:logGet(43)) - raft.server.snapshot.auto.trigger.threshold = 10000 (custom)
2019-09-26 16:44:14,277 [pool-527-thread-1] INFO  server.RaftServerConfigKeys (ConfUtils.java:logGet(43)) - raft.server.snapshot.retention.num.files = 5 (custom)
2019-09-26 16:44:14,277 [pool-527-thread-1] INFO  server.RaftServerConfigKeys (ConfUtils.java:logGet(43)) - raft.server.retrycache.expirytime = 600000ms (custom)
2019-09-26 16:44:14,278 [pool-517-thread-1] INFO  impl.RaftServerImpl (RaftServerImpl.java:start(185)) - 14d6961c-3415-464e-9dd6-39423b85916c@group-9DD2DA11086B: start as a follower, conf=-1: [14d6961c-3415-464e-9dd6-39423b85916c:192.168.157.234:39459, fd591185-5708-46de-8886-568dd8f93a08:192.168.157.234:36726, 31eb9216-6704-4cc2-a524-a91f43cc4ef7:192.168.157.234:32775], old=null
2019-09-26 16:44:14,278 [pool-517-thread-1] INFO  impl.RaftServerImpl (RaftServerImpl.java:setRole(174)) - 14d6961c-3415-464e-9dd6-39423b85916c@group-9DD2DA11086B: changes role from      null to FOLLOWER at term 0 for startAsFollower
2019-09-26 16:44:14,278 [pool-507-thread-1] INFO  impl.RaftServerImpl (RaftServerImpl.java:start(185)) - fd591185-5708-46de-8886-568dd8f93a08@group-9DD2DA11086B: start as a follower, conf=-1: [14d6961c-3415-464e-9dd6-39423b85916c:192.168.157.234:39459, fd591185-5708-46de-8886-568dd8f93a08:192.168.157.234:36726, 31eb9216-6704-4cc2-a524-a91f43cc4ef7:192.168.157.234:32775], old=null
2019-09-26 16:44:14,278 [pool-517-thread-1] INFO  impl.RoleInfo (RoleInfo.java:updateAndGet(143)) - 14d6961c-3415-464e-9dd6-39423b85916c: start FollowerState
2019-09-26 16:44:14,279 [pool-507-thread-1] INFO  impl.RaftServerImpl (RaftServerImpl.java:setRole(174)) - fd591185-5708-46de-8886-568dd8f93a08@group-9DD2DA11086B: changes role from      null to FOLLOWER at term 0 for startAsFollower
2019-09-26 16:44:14,279 [pool-507-thread-1] INFO  impl.RoleInfo (RoleInfo.java:updateAndGet(143)) - fd591185-5708-46de-8886-568dd8f93a08: start FollowerState
2019-09-26 16:44:14,279 [pool-527-thread-1] INFO  impl.RaftServerImpl (RaftServerImpl.java:start(185)) - 31eb9216-6704-4cc2-a524-a91f43cc4ef7@group-9DD2DA11086B: start as a follower, conf=-1: [14d6961c-3415-464e-9dd6-39423b85916c:192.168.157.234:39459, fd591185-5708-46de-8886-568dd8f93a08:192.168.157.234:36726, 31eb9216-6704-4cc2-a524-a91f43cc4ef7:192.168.157.234:32775], old=null
2019-09-26 16:44:14,279 [pool-517-thread-1] INFO  util.JmxRegister (JmxRegister.java:tryRegister(44)) - Successfully registered JMX Bean with object name Ratis:service=RaftServer,group=group-9DD2DA11086B,id=14d6961c-3415-464e-9dd6-39423b85916c
2019-09-26 16:44:14,279 [pool-507-thread-1] INFO  util.JmxRegister (JmxRegister.java:tryRegister(44)) - Successfully registered JMX Bean with object name Ratis:service=RaftServer,group=group-9DD2DA11086B,id=fd591185-5708-46de-8886-568dd8f93a08
2019-09-26 16:44:14,279 [pool-527-thread-1] INFO  impl.RaftServerImpl (RaftServerImpl.java:setRole(174)) - 31eb9216-6704-4cc2-a524-a91f43cc4ef7@group-9DD2DA11086B: changes role from      null to FOLLOWER at term 0 for startAsFollower
2019-09-26 16:44:14,280 [pool-527-thread-1] INFO  impl.RoleInfo (RoleInfo.java:updateAndGet(143)) - 31eb9216-6704-4cc2-a524-a91f43cc4ef7: start FollowerState
2019-09-26 16:44:14,280 [pool-527-thread-1] INFO  util.JmxRegister (JmxRegister.java:tryRegister(44)) - Successfully registered JMX Bean with object name Ratis:service=RaftServer,group=group-9DD2DA11086B,id=31eb9216-6704-4cc2-a524-a91f43cc4ef7
2019-09-26 16:44:14,298 [RatisPipelineUtilsThread] INFO  pipeline.PipelineStateManager (PipelineStateManager.java:addPipeline(56)) - Created pipeline Pipeline[ Id: acfc0e77-5737-41c7-99ff-9dd2da11086b, Nodes: fd591185-5708-46de-8886-568dd8f93a08{ip: 192.168.157.234, host: pr-hdds-2162-htzpk-1451759861, networkLocation: /rack1, certSerialId: null}31eb9216-6704-4cc2-a524-a91f43cc4ef7{ip: 192.168.157.234, host: pr-hdds-2162-htzpk-1451759861, networkLocation: /rack1, certSerialId: null}14d6961c-3415-464e-9dd6-39423b85916c{ip: 192.168.157.234, host: pr-hdds-2162-htzpk-1451759861, networkLocation: /rack1, certSerialId: null}, Type:RATIS, Factor:THREE, State:OPEN]
2019-09-26 16:44:14,326 [IPC Server handler 8 on 46664] INFO  net.NetworkTopology (NetworkTopologyImpl.java:add(111)) - Added a new node: /rack1/b3b856ac-1ab1-4d7f-a378-339434076e6f
2019-09-26 16:44:14,326 [IPC Server handler 8 on 46664] INFO  node.SCMNodeManager (SCMNodeManager.java:register(266)) - Registered Data node : b3b856ac-1ab1-4d7f-a378-339434076e6f{ip: 192.168.157.234, host: pr-hdds-2162-htzpk-1451759861, networkLocation: /rack1, certSerialId: null}
2019-09-26 16:44:14,333 [grpc-default-executor-0] INFO  impl.RaftServerProxy (RaftServerProxy.java:addNew(89)) - 59fe4627-77ba-4d6f-bbfd-1773d3bea00c: addNew group-82D59EDA2576:[59fe4627-77ba-4d6f-bbfd-1773d3bea00c:192.168.157.234:45861] returns group-82D59EDA2576:java.util.concurrent.CompletableFuture@7dfa41a5[Not completed]
2019-09-26 16:44:14,337 [pool-537-thread-1] INFO  impl.RaftServerImpl (RaftServerImpl.java:<init>(95)) - 59fe4627-77ba-4d6f-bbfd-1773d3bea00c: new RaftServerImpl for group-82D59EDA2576:[59fe4627-77ba-4d6f-bbfd-1773d3bea00c:192.168.157.234:45861] with ContainerStateMachine:uninitialized
2019-09-26 16:44:14,337 [pool-537-thread-1] INFO  server.RaftServerConfigKeys (ConfUtils.java:logGet(43)) - raft.server.rpc.timeout.min = 1s (custom)
2019-09-26 16:44:14,337 [pool-537-thread-1] INFO  server.RaftServerConfigKeys (ConfUtils.java:logGet(43)) - raft.server.rpc.timeout.max = 1200ms (custom)
2019-09-26 16:44:14,338 [pool-537-thread-1] INFO  server.RaftServerConfigKeys (ConfUtils.java:logGet(43)) - raft.server.rpcslowness.timeout = 120s (custom)
2019-09-26 16:44:14,338 [pool-537-thread-1] INFO  server.RaftServerConfigKeys (ConfUtils.java:logGet(43)) - raft.server.sleep.deviation.threshold = 300 (default)
2019-09-26 16:44:14,338 [pool-537-thread-1] INFO  server.RaftServerConfigKeys (ConfUtils.java:logGet(43)) - raft.server.log.appender.install.snapshot.enabled = false (custom)
2019-09-26 16:44:14,338 [pool-537-thread-1] INFO  impl.RaftServerImpl (ServerState.java:<init>(103)) - 59fe4627-77ba-4d6f-bbfd-1773d3bea00c@group-82D59EDA2576: ConfigurationManager, init=-1: [59fe4627-77ba-4d6f-bbfd-1773d3bea00c:192.168.157.234:45861], old=null, confs=<EMPTY_MAP>
2019-09-26 16:44:14,338 [pool-537-thread-1] INFO  server.RaftServerConfigKeys (ConfUtils.java:logGet(43)) - raft.server.storage.dir = [/workdir/hadoop-ozone/integration-test/target/test-dir/MiniOzoneClusterImpl-2d738554-168c-4e5d-822f-b5acc277bde2/datanode-3/data/ratis] (custom)
2019-09-26 16:44:14,338 [pool-537-thread-1] INFO  storage.RaftStorageDirectory (RaftStorageDirectory.java:analyzeStorage(246)) - The storage directory /workdir/hadoop-ozone/integration-test/target/test-dir/MiniOzoneClusterImpl-2d738554-168c-4e5d-822f-b5acc277bde2/datanode-3/data/ratis/7be86264-bbac-4f36-a2d0-82d59eda2576 does not exist. Creating ...
2019-09-26 16:44:14,351 [pool-537-thread-1] INFO  storage.RaftStorageDirectory (RaftStorageDirectory.java:tryLock(328)) - Lock on /workdir/hadoop-ozone/integration-test/target/test-dir/MiniOzoneClusterImpl-2d738554-168c-4e5d-822f-b5acc277bde2/datanode-3/data/ratis/7be86264-bbac-4f36-a2d0-82d59eda2576/in_use.lock acquired by nodename 16662@pr-hdds-2162-htzpk-1451759861
2019-09-26 16:44:14,364 [pool-537-thread-1] INFO  storage.RaftStorage (RaftStorage.java:format(72)) - Storage directory /workdir/hadoop-ozone/integration-test/target/test-dir/MiniOzoneClusterImpl-2d738554-168c-4e5d-822f-b5acc277bde2/datanode-3/data/ratis/7be86264-bbac-4f36-a2d0-82d59eda2576 has been successfully formatted.
2019-09-26 16:44:14,365 [pool-537-thread-1] INFO  ratis.ContainerStateMachine (ContainerStateMachine.java:loadSnapshot(230)) - group-82D59EDA2576: The snapshot info is null. Setting the last applied indexto:(t:0, i:~)
2019-09-26 16:44:14,365 [pool-537-thread-1] INFO  server.RaftServerConfigKeys (ConfUtils.java:logGet(43)) - raft.server.notification.no-leader.timeout = 120s (custom)
2019-09-26 16:44:14,365 [pool-537-thread-1] INFO  server.RaftServerConfigKeys (ConfUtils.java:logGet(43)) - raft.server.log.use.memory = false (default)
2019-09-26 16:44:14,365 [pool-537-thread-1] INFO  server.RaftServerConfigKeys (ConfUtils.java:logGet(43)) - raft.server.log.purge.gap = 1000000 (custom)
2019-09-26 16:44:14,365 [pool-537-thread-1] INFO  server.RaftServerConfigKeys (ConfUtils.java:logGet(43)) - raft.server.log.appender.buffer.byte-limit = 33554432 (custom)
2019-09-26 16:44:14,365 [pool-537-thread-1] INFO  server.RaftServerConfigKeys (ConfUtils.java:logGet(43)) - raft.server.log.segment.size.max = 1048576 (custom)
2019-09-26 16:44:14,365 [pool-537-thread-1] INFO  server.RaftServerConfigKeys (ConfUtils.java:logGet(43)) - raft.server.log.segment.cache.num.max = 2 (custom)
2019-09-26 16:44:14,366 [pool-537-thread-1] INFO  segmented.SegmentedRaftLogWorker (SegmentedRaftLogWorker.java:<init>(172)) - new 59fe4627-77ba-4d6f-bbfd-1773d3bea00c@group-82D59EDA2576-SegmentedRaftLogWorker for RaftStorage:Storage Directory /workdir/hadoop-ozone/integration-test/target/test-dir/MiniOzoneClusterImpl-2d738554-168c-4e5d-822f-b5acc277bde2/datanode-3/data/ratis/7be86264-bbac-4f36-a2d0-82d59eda2576
2019-09-26 16:44:14,367 [pool-537-thread-1] INFO  server.RaftServerConfigKeys (ConfUtils.java:logGet(43)) - raft.server.log.queue.byte-limit = 2147483647 (custom)
2019-09-26 16:44:14,367 [pool-537-thread-1] INFO  server.RaftServerConfigKeys (ConfUtils.java:logGet(43)) - raft.server.log.queue.element-limit = 1024 (custom)
2019-09-26 16:44:14,367 [pool-537-thread-1] INFO  server.RaftServerConfigKeys (ConfUtils.java:logGet(43)) - raft.server.log.segment.size.max = 1048576 (custom)
2019-09-26 16:44:14,367 [pool-537-thread-1] INFO  server.RaftServerConfigKeys (ConfUtils.java:logGet(43)) - raft.server.log.preallocated.size = 16384 (custom)
2019-09-26 16:44:14,367 [pool-537-thread-1] INFO  server.RaftServerConfigKeys (ConfUtils.java:logGet(43)) - raft.server.log.write.buffer.size = 33554432 (custom)
2019-09-26 16:44:14,367 [pool-537-thread-1] INFO  server.RaftServerConfigKeys (ConfUtils.java:logGet(43)) - raft.server.log.force.sync.num = 128 (default)
2019-09-26 16:44:14,367 [pool-537-thread-1] INFO  server.RaftServerConfigKeys (ConfUtils.java:logGet(43)) - raft.server.log.statemachine.data.sync = true (default)
2019-09-26 16:44:14,368 [pool-537-thread-1] INFO  server.RaftServerConfigKeys (ConfUtils.java:logGet(43)) - raft.server.log.statemachine.data.sync.timeout = 10s (default)
2019-09-26 16:44:14,368 [pool-537-thread-1] INFO  server.RaftServerConfigKeys (ConfUtils.java:logGet(43)) - raft.server.log.statemachine.data.sync.timeout.retry = -1 (default)
2019-09-26 16:44:14,368 [pool-537-thread-1] INFO  server.RaftServerConfigKeys (ConfUtils.java:logGet(43)) - raft.server.log.statemachine.data.caching.enabled = true (custom)
2019-09-26 16:44:14,368 [pool-537-thread-1] INFO  segmented.SegmentedRaftLogWorker (SegmentedRaftLogWorker.java:lambda$new$0(132)) - 59fe4627-77ba-4d6f-bbfd-1773d3bea00c@group-82D59EDA2576-SegmentedRaftLogWorker: flushIndex: setUnconditionally 0 -> -1
2019-09-26 16:44:14,368 [pool-537-thread-1] INFO  server.RaftServerConfigKeys (ConfUtils.java:logGet(43)) - raft.server.snapshot.auto.trigger.enabled = true (custom)
2019-09-26 16:44:14,369 [pool-537-thread-1] INFO  server.RaftServerConfigKeys (ConfUtils.java:logGet(43)) - raft.server.snapshot.auto.trigger.threshold = 10000 (custom)
2019-09-26 16:44:14,369 [pool-537-thread-1] INFO  server.RaftServerConfigKeys (ConfUtils.java:logGet(43)) - raft.server.snapshot.retention.num.files = 5 (custom)
2019-09-26 16:44:14,369 [pool-537-thread-1] INFO  server.RaftServerConfigKeys (ConfUtils.java:logGet(43)) - raft.server.retrycache.expirytime = 600000ms (custom)
2019-09-26 16:44:14,370 [pool-537-thread-1] INFO  impl.RaftServerImpl (RaftServerImpl.java:start(185)) - 59fe4627-77ba-4d6f-bbfd-1773d3bea00c@group-82D59EDA2576: start as a follower, conf=-1: [59fe4627-77ba-4d6f-bbfd-1773d3bea00c:192.168.157.234:45861], old=null
2019-09-26 16:44:14,370 [pool-537-thread-1] INFO  impl.RaftServerImpl (RaftServerImpl.java:setRole(174)) - 59fe4627-77ba-4d6f-bbfd-1773d3bea00c@group-82D59EDA2576: changes role from      null to FOLLOWER at term 0 for startAsFollower
2019-09-26 16:44:14,370 [pool-537-thread-1] INFO  impl.RoleInfo (RoleInfo.java:updateAndGet(143)) - 59fe4627-77ba-4d6f-bbfd-1773d3bea00c: start FollowerState
2019-09-26 16:44:14,370 [pool-537-thread-1] INFO  util.JmxRegister (JmxRegister.java:tryRegister(44)) - Successfully registered JMX Bean with object name Ratis:service=RaftServer,group=group-82D59EDA2576,id=59fe4627-77ba-4d6f-bbfd-1773d3bea00c
2019-09-26 16:44:14,375 [RatisPipelineUtilsThread] INFO  pipeline.PipelineStateManager (PipelineStateManager.java:addPipeline(56)) - Created pipeline Pipeline[ Id: 7be86264-bbac-4f36-a2d0-82d59eda2576, Nodes: 59fe4627-77ba-4d6f-bbfd-1773d3bea00c{ip: 192.168.157.234, host: pr-hdds-2162-htzpk-1451759861, networkLocation: /rack1, certSerialId: null}, Type:RATIS, Factor:ONE, State:OPEN]
2019-09-26 16:44:14,382 [grpc-default-executor-0] INFO  impl.RaftServerProxy (RaftServerProxy.java:addNew(89)) - 31eb9216-6704-4cc2-a524-a91f43cc4ef7: addNew group-53A044D7C55C:[31eb9216-6704-4cc2-a524-a91f43cc4ef7:192.168.157.234:32775] returns group-53A044D7C55C:java.util.concurrent.CompletableFuture@31709388[Not completed]
2019-09-26 16:44:14,383 [pool-527-thread-1] INFO  impl.RaftServerImpl (RaftServerImpl.java:<init>(95)) - 31eb9216-6704-4cc2-a524-a91f43cc4ef7: new RaftServerImpl for group-53A044D7C55C:[31eb9216-6704-4cc2-a524-a91f43cc4ef7:192.168.157.234:32775] with ContainerStateMachine:uninitialized
2019-09-26 16:44:14,383 [pool-527-thread-1] INFO  server.RaftServerConfigKeys (ConfUtils.java:logGet(43)) - raft.server.rpc.timeout.min = 1s (custom)
2019-09-26 16:44:14,383 [pool-527-thread-1] INFO  server.RaftServerConfigKeys (ConfUtils.java:logGet(43)) - raft.server.rpc.timeout.max = 1200ms (custom)
2019-09-26 16:44:14,383 [pool-527-thread-1] INFO  server.RaftServerConfigKeys (ConfUtils.java:logGet(43)) - raft.server.rpcslowness.timeout = 120s (custom)
2019-09-26 16:44:14,383 [pool-527-thread-1] INFO  server.RaftServerConfigKeys (ConfUtils.java:logGet(43)) - raft.server.sleep.deviation.threshold = 300 (default)
2019-09-26 16:44:14,383 [pool-527-thread-1] INFO  server.RaftServerConfigKeys (ConfUtils.java:logGet(43)) - raft.server.log.appender.install.snapshot.enabled = false (custom)
2019-09-26 16:44:14,383 [pool-527-thread-1] INFO  impl.RaftServerImpl (ServerState.java:<init>(103)) - 31eb9216-6704-4cc2-a524-a91f43cc4ef7@group-53A044D7C55C: ConfigurationManager, init=-1: [31eb9216-6704-4cc2-a524-a91f43cc4ef7:192.168.157.234:32775], old=null, confs=<EMPTY_MAP>
2019-09-26 16:44:14,383 [pool-527-thread-1] INFO  server.RaftServerConfigKeys (ConfUtils.java:logGet(43)) - raft.server.storage.dir = [/workdir/hadoop-ozone/integration-test/target/test-dir/MiniOzoneClusterImpl-2d738554-168c-4e5d-822f-b5acc277bde2/datanode-2/data/ratis] (custom)
2019-09-26 16:44:14,384 [pool-527-thread-1] INFO  storage.RaftStorageDirectory (RaftStorageDirectory.java:analyzeStorage(246)) - The storage directory /workdir/hadoop-ozone/integration-test/target/test-dir/MiniOzoneClusterImpl-2d738554-168c-4e5d-822f-b5acc277bde2/datanode-2/data/ratis/2de8df2a-2482-44a9-a58f-53a044d7c55c does not exist. Creating ...
2019-09-26 16:44:14,391 [IPC Server handler 0 on 46664] INFO  net.NetworkTopology (NetworkTopologyImpl.java:add(111)) - Added a new node: /rack1/16d11c64-a500-4b3c-99b4-e07456a37d86
2019-09-26 16:44:14,391 [IPC Server handler 0 on 46664] INFO  node.SCMNodeManager (SCMNodeManager.java:register(266)) - Registered Data node : 16d11c64-a500-4b3c-99b4-e07456a37d86{ip: 192.168.157.234, host: pr-hdds-2162-htzpk-1451759861, networkLocation: /rack1, certSerialId: null}
2019-09-26 16:44:14,396 [pool-527-thread-1] INFO  storage.RaftStorageDirectory (RaftStorageDirectory.java:tryLock(328)) - Lock on /workdir/hadoop-ozone/integration-test/target/test-dir/MiniOzoneClusterImpl-2d738554-168c-4e5d-822f-b5acc277bde2/datanode-2/data/ratis/2de8df2a-2482-44a9-a58f-53a044d7c55c/in_use.lock acquired by nodename 16662@pr-hdds-2162-htzpk-1451759861
2019-09-26 16:44:14,416 [pool-527-thread-1] INFO  storage.RaftStorage (RaftStorage.java:format(72)) - Storage directory /workdir/hadoop-ozone/integration-test/target/test-dir/MiniOzoneClusterImpl-2d738554-168c-4e5d-822f-b5acc277bde2/datanode-2/data/ratis/2de8df2a-2482-44a9-a58f-53a044d7c55c has been successfully formatted.
2019-09-26 16:44:14,416 [pool-527-thread-1] INFO  ratis.ContainerStateMachine (ContainerStateMachine.java:loadSnapshot(230)) - group-53A044D7C55C: The snapshot info is null. Setting the last applied indexto:(t:0, i:~)
2019-09-26 16:44:14,416 [pool-527-thread-1] INFO  server.RaftServerConfigKeys (ConfUtils.java:logGet(43)) - raft.server.notification.no-leader.timeout = 120s (custom)
2019-09-26 16:44:14,416 [pool-527-thread-1] INFO  server.RaftServerConfigKeys (ConfUtils.java:logGet(43)) - raft.server.log.use.memory = false (default)
2019-09-26 16:44:14,416 [pool-527-thread-1] INFO  server.RaftServerConfigKeys (ConfUtils.java:logGet(43)) - raft.server.log.purge.gap = 1000000 (custom)
2019-09-26 16:44:14,416 [pool-527-thread-1] INFO  server.RaftServerConfigKeys (ConfUtils.java:logGet(43)) - raft.server.log.appender.buffer.byte-limit = 33554432 (custom)
2019-09-26 16:44:14,416 [pool-527-thread-1] INFO  server.RaftServerConfigKeys (ConfUtils.java:logGet(43)) - raft.server.log.segment.size.max = 1048576 (custom)
2019-09-26 16:44:14,417 [pool-527-thread-1] INFO  server.RaftServerConfigKeys (ConfUtils.java:logGet(43)) - raft.server.log.segment.cache.num.max = 2 (custom)
2019-09-26 16:44:14,417 [pool-527-thread-1] INFO  segmented.SegmentedRaftLogWorker (SegmentedRaftLogWorker.java:<init>(172)) - new 31eb9216-6704-4cc2-a524-a91f43cc4ef7@group-53A044D7C55C-SegmentedRaftLogWorker for RaftStorage:Storage Directory /workdir/hadoop-ozone/integration-test/target/test-dir/MiniOzoneClusterImpl-2d738554-168c-4e5d-822f-b5acc277bde2/datanode-2/data/ratis/2de8df2a-2482-44a9-a58f-53a044d7c55c
2019-09-26 16:44:14,417 [pool-527-thread-1] INFO  server.RaftServerConfigKeys (ConfUtils.java:logGet(43)) - raft.server.log.queue.byte-limit = 2147483647 (custom)
2019-09-26 16:44:14,417 [pool-527-thread-1] INFO  server.RaftServerConfigKeys (ConfUtils.java:logGet(43)) - raft.server.log.queue.element-limit = 1024 (custom)
2019-09-26 16:44:14,417 [pool-527-thread-1] INFO  server.RaftServerConfigKeys (ConfUtils.java:logGet(43)) - raft.server.log.segment.size.max = 1048576 (custom)
2019-09-26 16:44:14,417 [pool-527-thread-1] INFO  server.RaftServerConfigKeys (ConfUtils.java:logGet(43)) - raft.server.log.preallocated.size = 16384 (custom)
2019-09-26 16:44:14,417 [pool-527-thread-1] INFO  server.RaftServerConfigKeys (ConfUtils.java:logGet(43)) - raft.server.log.write.buffer.size = 33554432 (custom)
2019-09-26 16:44:14,417 [pool-527-thread-1] INFO  server.RaftServerConfigKeys (ConfUtils.java:logGet(43)) - raft.server.log.force.sync.num = 128 (default)
2019-09-26 16:44:14,418 [pool-527-thread-1] INFO  server.RaftServerConfigKeys (ConfUtils.java:logGet(43)) - raft.server.log.statemachine.data.sync = true (default)
2019-09-26 16:44:14,418 [pool-527-thread-1] INFO  server.RaftServerConfigKeys (ConfUtils.java:logGet(43)) - raft.server.log.statemachine.data.sync.timeout = 10s (default)
2019-09-26 16:44:14,418 [pool-527-thread-1] INFO  server.RaftServerConfigKeys (ConfUtils.java:logGet(43)) - raft.server.log.statemachine.data.sync.timeout.retry = -1 (default)
2019-09-26 16:44:14,418 [pool-527-thread-1] INFO  server.RaftServerConfigKeys (ConfUtils.java:logGet(43)) - raft.server.log.statemachine.data.caching.enabled = true (custom)
2019-09-26 16:44:14,418 [pool-527-thread-1] INFO  segmented.SegmentedRaftLogWorker (SegmentedRaftLogWorker.java:lambda$new$0(132)) - 31eb9216-6704-4cc2-a524-a91f43cc4ef7@group-53A044D7C55C-SegmentedRaftLogWorker: flushIndex: setUnconditionally 0 -> -1
2019-09-26 16:44:14,419 [pool-527-thread-1] INFO  server.RaftServerConfigKeys (ConfUtils.java:logGet(43)) - raft.server.snapshot.auto.trigger.enabled = true (custom)
2019-09-26 16:44:14,419 [pool-527-thread-1] INFO  server.RaftServerConfigKeys (ConfUtils.java:logGet(43)) - raft.server.snapshot.auto.trigger.threshold = 10000 (custom)
2019-09-26 16:44:14,419 [pool-527-thread-1] INFO  server.RaftServerConfigKeys (ConfUtils.java:logGet(43)) - raft.server.snapshot.retention.num.files = 5 (custom)
2019-09-26 16:44:14,419 [pool-527-thread-1] INFO  server.RaftServerConfigKeys (ConfUtils.java:logGet(43)) - raft.server.retrycache.expirytime = 600000ms (custom)
2019-09-26 16:44:14,420 [pool-527-thread-1] INFO  impl.RaftServerImpl (RaftServerImpl.java:start(185)) - 31eb9216-6704-4cc2-a524-a91f43cc4ef7@group-53A044D7C55C: start as a follower, conf=-1: [31eb9216-6704-4cc2-a524-a91f43cc4ef7:192.168.157.234:32775], old=null
2019-09-26 16:44:14,421 [pool-527-thread-1] INFO  impl.RaftServerImpl (RaftServerImpl.java:setRole(174)) - 31eb9216-6704-4cc2-a524-a91f43cc4ef7@group-53A044D7C55C: changes role from      null to FOLLOWER at term 0 for startAsFollower
2019-09-26 16:44:14,421 [pool-527-thread-1] INFO  impl.RoleInfo (RoleInfo.java:updateAndGet(143)) - 31eb9216-6704-4cc2-a524-a91f43cc4ef7: start FollowerState
2019-09-26 16:44:14,421 [pool-527-thread-1] INFO  util.JmxRegister (JmxRegister.java:tryRegister(44)) - Successfully registered JMX Bean with object name Ratis:service=RaftServer,group=group-53A044D7C55C,id=31eb9216-6704-4cc2-a524-a91f43cc4ef7
2019-09-26 16:44:14,427 [RatisPipelineUtilsThread] INFO  pipeline.PipelineStateManager (PipelineStateManager.java:addPipeline(56)) - Created pipeline Pipeline[ Id: 2de8df2a-2482-44a9-a58f-53a044d7c55c, Nodes: 31eb9216-6704-4cc2-a524-a91f43cc4ef7{ip: 192.168.157.234, host: pr-hdds-2162-htzpk-1451759861, networkLocation: /rack1, certSerialId: null}, Type:RATIS, Factor:ONE, State:OPEN]
2019-09-26 16:44:14,435 [grpc-default-executor-0] INFO  impl.RaftServerProxy (RaftServerProxy.java:addNew(89)) - 16d11c64-a500-4b3c-99b4-e07456a37d86: addNew group-47E1568F7B54:[16d11c64-a500-4b3c-99b4-e07456a37d86:192.168.157.234:36011] returns group-47E1568F7B54:java.util.concurrent.CompletableFuture@6aed95fc[Not completed]
2019-09-26 16:44:14,436 [pool-557-thread-1] INFO  impl.RaftServerImpl (RaftServerImpl.java:<init>(95)) - 16d11c64-a500-4b3c-99b4-e07456a37d86: new RaftServerImpl for group-47E1568F7B54:[16d11c64-a500-4b3c-99b4-e07456a37d86:192.168.157.234:36011] with ContainerStateMachine:uninitialized
2019-09-26 16:44:14,436 [pool-557-thread-1] INFO  server.RaftServerConfigKeys (ConfUtils.java:logGet(43)) - raft.server.rpc.timeout.min = 1s (custom)
2019-09-26 16:44:14,436 [pool-557-thread-1] INFO  server.RaftServerConfigKeys (ConfUtils.java:logGet(43)) - raft.server.rpc.timeout.max = 1200ms (custom)
2019-09-26 16:44:14,436 [pool-557-thread-1] INFO  server.RaftServerConfigKeys (ConfUtils.java:logGet(43)) - raft.server.rpcslowness.timeout = 120s (custom)
2019-09-26 16:44:14,436 [pool-557-thread-1] INFO  server.RaftServerConfigKeys (ConfUtils.java:logGet(43)) - raft.server.sleep.deviation.threshold = 300 (default)
2019-09-26 16:44:14,436 [pool-557-thread-1] INFO  server.RaftServerConfigKeys (ConfUtils.java:logGet(43)) - raft.server.log.appender.install.snapshot.enabled = false (custom)
2019-09-26 16:44:14,436 [pool-557-thread-1] INFO  impl.RaftServerImpl (ServerState.java:<init>(103)) - 16d11c64-a500-4b3c-99b4-e07456a37d86@group-47E1568F7B54: ConfigurationManager, init=-1: [16d11c64-a500-4b3c-99b4-e07456a37d86:192.168.157.234:36011], old=null, confs=<EMPTY_MAP>
2019-09-26 16:44:14,437 [pool-557-thread-1] INFO  server.RaftServerConfigKeys (ConfUtils.java:logGet(43)) - raft.server.storage.dir = [/workdir/hadoop-ozone/integration-test/target/test-dir/MiniOzoneClusterImpl-2d738554-168c-4e5d-822f-b5acc277bde2/datanode-5/data/ratis] (custom)
2019-09-26 16:44:14,437 [pool-557-thread-1] INFO  storage.RaftStorageDirectory (RaftStorageDirectory.java:analyzeStorage(246)) - The storage directory /workdir/hadoop-ozone/integration-test/target/test-dir/MiniOzoneClusterImpl-2d738554-168c-4e5d-822f-b5acc277bde2/datanode-5/data/ratis/213a484c-14ac-479c-8519-47e1568f7b54 does not exist. Creating ...
2019-09-26 16:44:14,450 [pool-557-thread-1] INFO  storage.RaftStorageDirectory (RaftStorageDirectory.java:tryLock(328)) - Lock on /workdir/hadoop-ozone/integration-test/target/test-dir/MiniOzoneClusterImpl-2d738554-168c-4e5d-822f-b5acc277bde2/datanode-5/data/ratis/213a484c-14ac-479c-8519-47e1568f7b54/in_use.lock acquired by nodename 16662@pr-hdds-2162-htzpk-1451759861
2019-09-26 16:44:14,453 [IPC Server handler 1 on 46664] INFO  net.NetworkTopology (NetworkTopologyImpl.java:add(111)) - Added a new node: /rack1/0230ed67-c037-4463-8579-62facef95337
2019-09-26 16:44:14,453 [IPC Server handler 1 on 46664] INFO  node.SCMNodeManager (SCMNodeManager.java:register(266)) - Registered Data node : 0230ed67-c037-4463-8579-62facef95337{ip: 192.168.157.234, host: pr-hdds-2162-htzpk-1451759861, networkLocation: /rack1, certSerialId: null}
2019-09-26 16:44:14,463 [pool-557-thread-1] INFO  storage.RaftStorage (RaftStorage.java:format(72)) - Storage directory /workdir/hadoop-ozone/integration-test/target/test-dir/MiniOzoneClusterImpl-2d738554-168c-4e5d-822f-b5acc277bde2/datanode-5/data/ratis/213a484c-14ac-479c-8519-47e1568f7b54 has been successfully formatted.
2019-09-26 16:44:14,464 [pool-557-thread-1] INFO  ratis.ContainerStateMachine (ContainerStateMachine.java:loadSnapshot(230)) - group-47E1568F7B54: The snapshot info is null. Setting the last applied indexto:(t:0, i:~)
2019-09-26 16:44:14,464 [pool-557-thread-1] INFO  server.RaftServerConfigKeys (ConfUtils.java:logGet(43)) - raft.server.notification.no-leader.timeout = 120s (custom)
2019-09-26 16:44:14,464 [pool-557-thread-1] INFO  server.RaftServerConfigKeys (ConfUtils.java:logGet(43)) - raft.server.log.use.memory = false (default)
2019-09-26 16:44:14,464 [pool-557-thread-1] INFO  server.RaftServerConfigKeys (ConfUtils.java:logGet(43)) - raft.server.log.purge.gap = 1000000 (custom)
2019-09-26 16:44:14,464 [pool-557-thread-1] INFO  server.RaftServerConfigKeys (ConfUtils.java:logGet(43)) - raft.server.log.appender.buffer.byte-limit = 33554432 (custom)
2019-09-26 16:44:14,464 [pool-557-thread-1] INFO  server.RaftServerConfigKeys (ConfUtils.java:logGet(43)) - raft.server.log.segment.size.max = 1048576 (custom)
2019-09-26 16:44:14,464 [pool-557-thread-1] INFO  server.RaftServerConfigKeys (ConfUtils.java:logGet(43)) - raft.server.log.segment.cache.num.max = 2 (custom)
2019-09-26 16:44:14,464 [pool-557-thread-1] INFO  segmented.SegmentedRaftLogWorker (SegmentedRaftLogWorker.java:<init>(172)) - new 16d11c64-a500-4b3c-99b4-e07456a37d86@group-47E1568F7B54-SegmentedRaftLogWorker for RaftStorage:Storage Directory /workdir/hadoop-ozone/integration-test/target/test-dir/MiniOzoneClusterImpl-2d738554-168c-4e5d-822f-b5acc277bde2/datanode-5/data/ratis/213a484c-14ac-479c-8519-47e1568f7b54
2019-09-26 16:44:14,466 [pool-557-thread-1] INFO  server.RaftServerConfigKeys (ConfUtils.java:logGet(43)) - raft.server.log.queue.byte-limit = 2147483647 (custom)
2019-09-26 16:44:14,466 [pool-557-thread-1] INFO  server.RaftServerConfigKeys (ConfUtils.java:logGet(43)) - raft.server.log.queue.element-limit = 1024 (custom)
2019-09-26 16:44:14,466 [pool-557-thread-1] INFO  server.RaftServerConfigKeys (ConfUtils.java:logGet(43)) - raft.server.log.segment.size.max = 1048576 (custom)
2019-09-26 16:44:14,466 [pool-557-thread-1] INFO  server.RaftServerConfigKeys (ConfUtils.java:logGet(43)) - raft.server.log.preallocated.size = 16384 (custom)
2019-09-26 16:44:14,466 [pool-557-thread-1] INFO  server.RaftServerConfigKeys (ConfUtils.java:logGet(43)) - raft.server.log.write.buffer.size = 33554432 (custom)
2019-09-26 16:44:14,466 [pool-557-thread-1] INFO  server.RaftServerConfigKeys (ConfUtils.java:logGet(43)) - raft.server.log.force.sync.num = 128 (default)
2019-09-26 16:44:14,466 [pool-557-thread-1] INFO  server.RaftServerConfigKeys (ConfUtils.java:logGet(43)) - raft.server.log.statemachine.data.sync = true (default)
2019-09-26 16:44:14,467 [pool-557-thread-1] INFO  server.RaftServerConfigKeys (ConfUtils.java:logGet(43)) - raft.server.log.statemachine.data.sync.timeout = 10s (default)
2019-09-26 16:44:14,467 [pool-557-thread-1] INFO  server.RaftServerConfigKeys (ConfUtils.java:logGet(43)) - raft.server.log.statemachine.data.sync.timeout.retry = -1 (default)
2019-09-26 16:44:14,467 [pool-557-thread-1] INFO  server.RaftServerConfigKeys (ConfUtils.java:logGet(43)) - raft.server.log.statemachine.data.caching.enabled = true (custom)
2019-09-26 16:44:14,467 [pool-557-thread-1] INFO  segmented.SegmentedRaftLogWorker (SegmentedRaftLogWorker.java:lambda$new$0(132)) - 16d11c64-a500-4b3c-99b4-e07456a37d86@group-47E1568F7B54-SegmentedRaftLogWorker: flushIndex: setUnconditionally 0 -> -1
2019-09-26 16:44:14,467 [pool-557-thread-1] INFO  server.RaftServerConfigKeys (ConfUtils.java:logGet(43)) - raft.server.snapshot.auto.trigger.enabled = true (custom)
2019-09-26 16:44:14,468 [pool-557-thread-1] INFO  server.RaftServerConfigKeys (ConfUtils.java:logGet(43)) - raft.server.snapshot.auto.trigger.threshold = 10000 (custom)
2019-09-26 16:44:14,468 [pool-557-thread-1] INFO  server.RaftServerConfigKeys (ConfUtils.java:logGet(43)) - raft.server.snapshot.retention.num.files = 5 (custom)
2019-09-26 16:44:14,468 [pool-557-thread-1] INFO  server.RaftServerConfigKeys (ConfUtils.java:logGet(43)) - raft.server.retrycache.expirytime = 600000ms (custom)
2019-09-26 16:44:14,469 [pool-557-thread-1] INFO  impl.RaftServerImpl (RaftServerImpl.java:start(185)) - 16d11c64-a500-4b3c-99b4-e07456a37d86@group-47E1568F7B54: start as a follower, conf=-1: [16d11c64-a500-4b3c-99b4-e07456a37d86:192.168.157.234:36011], old=null
2019-09-26 16:44:14,469 [pool-557-thread-1] INFO  impl.RaftServerImpl (RaftServerImpl.java:setRole(174)) - 16d11c64-a500-4b3c-99b4-e07456a37d86@group-47E1568F7B54: changes role from      null to FOLLOWER at term 0 for startAsFollower
2019-09-26 16:44:14,469 [pool-557-thread-1] INFO  impl.RoleInfo (RoleInfo.java:updateAndGet(143)) - 16d11c64-a500-4b3c-99b4-e07456a37d86: start FollowerState
2019-09-26 16:44:14,470 [pool-557-thread-1] INFO  util.JmxRegister (JmxRegister.java:tryRegister(44)) - Successfully registered JMX Bean with object name Ratis:service=RaftServer,group=group-47E1568F7B54,id=16d11c64-a500-4b3c-99b4-e07456a37d86
2019-09-26 16:44:14,475 [RatisPipelineUtilsThread] INFO  pipeline.PipelineStateManager (PipelineStateManager.java:addPipeline(56)) - Created pipeline Pipeline[ Id: 213a484c-14ac-479c-8519-47e1568f7b54, Nodes: 16d11c64-a500-4b3c-99b4-e07456a37d86{ip: 192.168.157.234, host: pr-hdds-2162-htzpk-1451759861, networkLocation: /rack1, certSerialId: null}, Type:RATIS, Factor:ONE, State:OPEN]
2019-09-26 16:44:14,485 [grpc-default-executor-0] INFO  impl.RaftServerProxy (RaftServerProxy.java:addNew(89)) - b3b856ac-1ab1-4d7f-a378-339434076e6f: addNew group-F3EA1B2F3D18:[b3b856ac-1ab1-4d7f-a378-339434076e6f:192.168.157.234:36563] returns group-F3EA1B2F3D18:java.util.concurrent.CompletableFuture@34c2105f[Not completed]
2019-09-26 16:44:14,486 [pool-547-thread-1] INFO  impl.RaftServerImpl (RaftServerImpl.java:<init>(95)) - b3b856ac-1ab1-4d7f-a378-339434076e6f: new RaftServerImpl for group-F3EA1B2F3D18:[b3b856ac-1ab1-4d7f-a378-339434076e6f:192.168.157.234:36563] with ContainerStateMachine:uninitialized
2019-09-26 16:44:14,487 [pool-547-thread-1] INFO  server.RaftServerConfigKeys (ConfUtils.java:logGet(43)) - raft.server.rpc.timeout.min = 1s (custom)
2019-09-26 16:44:14,487 [pool-547-thread-1] INFO  server.RaftServerConfigKeys (ConfUtils.java:logGet(43)) - raft.server.rpc.timeout.max = 1200ms (custom)
2019-09-26 16:44:14,487 [pool-547-thread-1] INFO  server.RaftServerConfigKeys (ConfUtils.java:logGet(43)) - raft.server.rpcslowness.timeout = 120s (custom)
2019-09-26 16:44:14,487 [pool-547-thread-1] INFO  server.RaftServerConfigKeys (ConfUtils.java:logGet(43)) - raft.server.sleep.deviation.threshold = 300 (default)
2019-09-26 16:44:14,487 [pool-547-thread-1] INFO  server.RaftServerConfigKeys (ConfUtils.java:logGet(43)) - raft.server.log.appender.install.snapshot.enabled = false (custom)
2019-09-26 16:44:14,488 [pool-547-thread-1] INFO  impl.RaftServerImpl (ServerState.java:<init>(103)) - b3b856ac-1ab1-4d7f-a378-339434076e6f@group-F3EA1B2F3D18: ConfigurationManager, init=-1: [b3b856ac-1ab1-4d7f-a378-339434076e6f:192.168.157.234:36563], old=null, confs=<EMPTY_MAP>
2019-09-26 16:44:14,488 [pool-547-thread-1] INFO  server.RaftServerConfigKeys (ConfUtils.java:logGet(43)) - raft.server.storage.dir = [/workdir/hadoop-ozone/integration-test/target/test-dir/MiniOzoneClusterImpl-2d738554-168c-4e5d-822f-b5acc277bde2/datanode-4/data/ratis] (custom)
2019-09-26 16:44:14,489 [pool-547-thread-1] INFO  storage.RaftStorageDirectory (RaftStorageDirectory.java:analyzeStorage(246)) - The storage directory /workdir/hadoop-ozone/integration-test/target/test-dir/MiniOzoneClusterImpl-2d738554-168c-4e5d-822f-b5acc277bde2/datanode-4/data/ratis/18ffecbd-6795-4d94-914b-f3ea1b2f3d18 does not exist. Creating ...
2019-09-26 16:44:14,502 [pool-547-thread-1] INFO  storage.RaftStorageDirectory (RaftStorageDirectory.java:tryLock(328)) - Lock on /workdir/hadoop-ozone/integration-test/target/test-dir/MiniOzoneClusterImpl-2d738554-168c-4e5d-822f-b5acc277bde2/datanode-4/data/ratis/18ffecbd-6795-4d94-914b-f3ea1b2f3d18/in_use.lock acquired by nodename 16662@pr-hdds-2162-htzpk-1451759861
2019-09-26 16:44:14,515 [IPC Server handler 3 on 46664] INFO  net.NetworkTopology (NetworkTopologyImpl.java:add(111)) - Added a new node: /rack1/0ded38ee-67df-4068-adb8-539d3d8b400f
2019-09-26 16:44:14,515 [IPC Server handler 3 on 46664] INFO  node.SCMNodeManager (SCMNodeManager.java:register(266)) - Registered Data node : 0ded38ee-67df-4068-adb8-539d3d8b400f{ip: 192.168.157.234, host: pr-hdds-2162-htzpk-1451759861, networkLocation: /rack1, certSerialId: null}
2019-09-26 16:44:14,516 [pool-547-thread-1] INFO  storage.RaftStorage (RaftStorage.java:format(72)) - Storage directory /workdir/hadoop-ozone/integration-test/target/test-dir/MiniOzoneClusterImpl-2d738554-168c-4e5d-822f-b5acc277bde2/datanode-4/data/ratis/18ffecbd-6795-4d94-914b-f3ea1b2f3d18 has been successfully formatted.
2019-09-26 16:44:14,516 [pool-547-thread-1] INFO  ratis.ContainerStateMachine (ContainerStateMachine.java:loadSnapshot(230)) - group-F3EA1B2F3D18: The snapshot info is null. Setting the last applied indexto:(t:0, i:~)
2019-09-26 16:44:14,516 [pool-547-thread-1] INFO  server.RaftServerConfigKeys (ConfUtils.java:logGet(43)) - raft.server.notification.no-leader.timeout = 120s (custom)
2019-09-26 16:44:14,516 [pool-547-thread-1] INFO  server.RaftServerConfigKeys (ConfUtils.java:logGet(43)) - raft.server.log.use.memory = false (default)
2019-09-26 16:44:14,516 [pool-547-thread-1] INFO  server.RaftServerConfigKeys (ConfUtils.java:logGet(43)) - raft.server.log.purge.gap = 1000000 (custom)
2019-09-26 16:44:14,516 [pool-547-thread-1] INFO  server.RaftServerConfigKeys (ConfUtils.java:logGet(43)) - raft.server.log.appender.buffer.byte-limit = 33554432 (custom)
2019-09-26 16:44:14,517 [pool-547-thread-1] INFO  server.RaftServerConfigKeys (ConfUtils.java:logGet(43)) - raft.server.log.segment.size.max = 1048576 (custom)
2019-09-26 16:44:14,517 [pool-547-thread-1] INFO  server.RaftServerConfigKeys (ConfUtils.java:logGet(43)) - raft.server.log.segment.cache.num.max = 2 (custom)
2019-09-26 16:44:14,517 [pool-547-thread-1] INFO  segmented.SegmentedRaftLogWorker (SegmentedRaftLogWorker.java:<init>(172)) - new b3b856ac-1ab1-4d7f-a378-339434076e6f@group-F3EA1B2F3D18-SegmentedRaftLogWorker for RaftStorage:Storage Directory /workdir/hadoop-ozone/integration-test/target/test-dir/MiniOzoneClusterImpl-2d738554-168c-4e5d-822f-b5acc277bde2/datanode-4/data/ratis/18ffecbd-6795-4d94-914b-f3ea1b2f3d18
2019-09-26 16:44:14,518 [pool-547-thread-1] INFO  server.RaftServerConfigKeys (ConfUtils.java:logGet(43)) - raft.server.log.queue.byte-limit = 2147483647 (custom)
2019-09-26 16:44:14,518 [pool-547-thread-1] INFO  server.RaftServerConfigKeys (ConfUtils.java:logGet(43)) - raft.server.log.queue.element-limit = 1024 (custom)
2019-09-26 16:44:14,519 [pool-547-thread-1] INFO  server.RaftServerConfigKeys (ConfUtils.java:logGet(43)) - raft.server.log.segment.size.max = 1048576 (custom)
2019-09-26 16:44:14,519 [pool-547-thread-1] INFO  server.RaftServerConfigKeys (ConfUtils.java:logGet(43)) - raft.server.log.preallocated.size = 16384 (custom)
2019-09-26 16:44:14,519 [pool-547-thread-1] INFO  server.RaftServerConfigKeys (ConfUtils.java:logGet(43)) - raft.server.log.write.buffer.size = 33554432 (custom)
2019-09-26 16:44:14,519 [pool-547-thread-1] INFO  server.RaftServerConfigKeys (ConfUtils.java:logGet(43)) - raft.server.log.force.sync.num = 128 (default)
2019-09-26 16:44:14,519 [pool-547-thread-1] INFO  server.RaftServerConfigKeys (ConfUtils.java:logGet(43)) - raft.server.log.statemachine.data.sync = true (default)
2019-09-26 16:44:14,519 [pool-547-thread-1] INFO  server.RaftServerConfigKeys (ConfUtils.java:logGet(43)) - raft.server.log.statemachine.data.sync.timeout = 10s (default)
2019-09-26 16:44:14,519 [pool-547-thread-1] INFO  server.RaftServerConfigKeys (ConfUtils.java:logGet(43)) - raft.server.log.statemachine.data.sync.timeout.retry = -1 (default)
2019-09-26 16:44:14,520 [pool-547-thread-1] INFO  server.RaftServerConfigKeys (ConfUtils.java:logGet(43)) - raft.server.log.statemachine.data.caching.enabled = true (custom)
2019-09-26 16:44:14,520 [pool-547-thread-1] INFO  segmented.SegmentedRaftLogWorker (SegmentedRaftLogWorker.java:lambda$new$0(132)) - b3b856ac-1ab1-4d7f-a378-339434076e6f@group-F3EA1B2F3D18-SegmentedRaftLogWorker: flushIndex: setUnconditionally 0 -> -1
2019-09-26 16:44:14,520 [pool-547-thread-1] INFO  server.RaftServerConfigKeys (ConfUtils.java:logGet(43)) - raft.server.snapshot.auto.trigger.enabled = true (custom)
2019-09-26 16:44:14,520 [pool-547-thread-1] INFO  server.RaftServerConfigKeys (ConfUtils.java:logGet(43)) - raft.server.snapshot.auto.trigger.threshold = 10000 (custom)
2019-09-26 16:44:14,521 [pool-547-thread-1] INFO  server.RaftServerConfigKeys (ConfUtils.java:logGet(43)) - raft.server.snapshot.retention.num.files = 5 (custom)
2019-09-26 16:44:14,521 [pool-547-thread-1] INFO  server.RaftServerConfigKeys (ConfUtils.java:logGet(43)) - raft.server.retrycache.expirytime = 600000ms (custom)
2019-09-26 16:44:14,522 [pool-547-thread-1] INFO  impl.RaftServerImpl (RaftServerImpl.java:start(185)) - b3b856ac-1ab1-4d7f-a378-339434076e6f@group-F3EA1B2F3D18: start as a follower, conf=-1: [b3b856ac-1ab1-4d7f-a378-339434076e6f:192.168.157.234:36563], old=null
2019-09-26 16:44:14,522 [pool-547-thread-1] INFO  impl.RaftServerImpl (RaftServerImpl.java:setRole(174)) - b3b856ac-1ab1-4d7f-a378-339434076e6f@group-F3EA1B2F3D18: changes role from      null to FOLLOWER at term 0 for startAsFollower
2019-09-26 16:44:14,522 [pool-547-thread-1] INFO  impl.RoleInfo (RoleInfo.java:updateAndGet(143)) - b3b856ac-1ab1-4d7f-a378-339434076e6f: start FollowerState
2019-09-26 16:44:14,523 [pool-547-thread-1] INFO  util.JmxRegister (JmxRegister.java:tryRegister(44)) - Successfully registered JMX Bean with object name Ratis:service=RaftServer,group=group-F3EA1B2F3D18,id=b3b856ac-1ab1-4d7f-a378-339434076e6f
2019-09-26 16:44:14,529 [RatisPipelineUtilsThread] INFO  pipeline.PipelineStateManager (PipelineStateManager.java:addPipeline(56)) - Created pipeline Pipeline[ Id: 18ffecbd-6795-4d94-914b-f3ea1b2f3d18, Nodes: b3b856ac-1ab1-4d7f-a378-339434076e6f{ip: 192.168.157.234, host: pr-hdds-2162-htzpk-1451759861, networkLocation: /rack1, certSerialId: null}, Type:RATIS, Factor:ONE, State:OPEN]
2019-09-26 16:44:14,537 [grpc-default-executor-0] INFO  impl.RaftServerProxy (RaftServerProxy.java:addNew(89)) - 0ded38ee-67df-4068-adb8-539d3d8b400f: addNew group-22B615240C5B:[0ded38ee-67df-4068-adb8-539d3d8b400f:192.168.157.234:34114] returns group-22B615240C5B:java.util.concurrent.CompletableFuture@6df37818[Not completed]
2019-09-26 16:44:14,537 [pool-577-thread-1] INFO  impl.RaftServerImpl (RaftServerImpl.java:<init>(95)) - 0ded38ee-67df-4068-adb8-539d3d8b400f: new RaftServerImpl for group-22B615240C5B:[0ded38ee-67df-4068-adb8-539d3d8b400f:192.168.157.234:34114] with ContainerStateMachine:uninitialized
2019-09-26 16:44:14,538 [pool-577-thread-1] INFO  server.RaftServerConfigKeys (ConfUtils.java:logGet(43)) - raft.server.rpc.timeout.min = 1s (custom)
2019-09-26 16:44:14,538 [pool-577-thread-1] INFO  server.RaftServerConfigKeys (ConfUtils.java:logGet(43)) - raft.server.rpc.timeout.max = 1200ms (custom)
2019-09-26 16:44:14,538 [pool-577-thread-1] INFO  server.RaftServerConfigKeys (ConfUtils.java:logGet(43)) - raft.server.rpcslowness.timeout = 120s (custom)
2019-09-26 16:44:14,538 [pool-577-thread-1] INFO  server.RaftServerConfigKeys (ConfUtils.java:logGet(43)) - raft.server.sleep.deviation.threshold = 300 (default)
2019-09-26 16:44:14,538 [pool-577-thread-1] INFO  server.RaftServerConfigKeys (ConfUtils.java:logGet(43)) - raft.server.log.appender.install.snapshot.enabled = false (custom)
2019-09-26 16:44:14,538 [pool-577-thread-1] INFO  impl.RaftServerImpl (ServerState.java:<init>(103)) - 0ded38ee-67df-4068-adb8-539d3d8b400f@group-22B615240C5B: ConfigurationManager, init=-1: [0ded38ee-67df-4068-adb8-539d3d8b400f:192.168.157.234:34114], old=null, confs=<EMPTY_MAP>
2019-09-26 16:44:14,538 [pool-577-thread-1] INFO  server.RaftServerConfigKeys (ConfUtils.java:logGet(43)) - raft.server.storage.dir = [/workdir/hadoop-ozone/integration-test/target/test-dir/MiniOzoneClusterImpl-2d738554-168c-4e5d-822f-b5acc277bde2/datanode-7/data/ratis] (custom)
2019-09-26 16:44:14,539 [pool-577-thread-1] INFO  storage.RaftStorageDirectory (RaftStorageDirectory.java:analyzeStorage(246)) - The storage directory /workdir/hadoop-ozone/integration-test/target/test-dir/MiniOzoneClusterImpl-2d738554-168c-4e5d-822f-b5acc277bde2/datanode-7/data/ratis/45397ad7-0803-43cc-92ff-22b615240c5b does not exist. Creating ...
2019-09-26 16:44:14,552 [pool-577-thread-1] INFO  storage.RaftStorageDirectory (RaftStorageDirectory.java:tryLock(328)) - Lock on /workdir/hadoop-ozone/integration-test/target/test-dir/MiniOzoneClusterImpl-2d738554-168c-4e5d-822f-b5acc277bde2/datanode-7/data/ratis/45397ad7-0803-43cc-92ff-22b615240c5b/in_use.lock acquired by nodename 16662@pr-hdds-2162-htzpk-1451759861
2019-09-26 16:44:14,565 [pool-577-thread-1] INFO  storage.RaftStorage (RaftStorage.java:format(72)) - Storage directory /workdir/hadoop-ozone/integration-test/target/test-dir/MiniOzoneClusterImpl-2d738554-168c-4e5d-822f-b5acc277bde2/datanode-7/data/ratis/45397ad7-0803-43cc-92ff-22b615240c5b has been successfully formatted.
2019-09-26 16:44:14,566 [pool-577-thread-1] INFO  ratis.ContainerStateMachine (ContainerStateMachine.java:loadSnapshot(230)) - group-22B615240C5B: The snapshot info is null. Setting the last applied indexto:(t:0, i:~)
2019-09-26 16:44:14,566 [pool-577-thread-1] INFO  server.RaftServerConfigKeys (ConfUtils.java:logGet(43)) - raft.server.notification.no-leader.timeout = 120s (custom)
2019-09-26 16:44:14,566 [pool-577-thread-1] INFO  server.RaftServerConfigKeys (ConfUtils.java:logGet(43)) - raft.server.log.use.memory = false (default)
2019-09-26 16:44:14,566 [pool-577-thread-1] INFO  server.RaftServerConfigKeys (ConfUtils.java:logGet(43)) - raft.server.log.purge.gap = 1000000 (custom)
2019-09-26 16:44:14,566 [pool-577-thread-1] INFO  server.RaftServerConfigKeys (ConfUtils.java:logGet(43)) - raft.server.log.appender.buffer.byte-limit = 33554432 (custom)
2019-09-26 16:44:14,567 [pool-577-thread-1] INFO  server.RaftServerConfigKeys (ConfUtils.java:logGet(43)) - raft.server.log.segment.size.max = 1048576 (custom)
2019-09-26 16:44:14,567 [pool-577-thread-1] INFO  server.RaftServerConfigKeys (ConfUtils.java:logGet(43)) - raft.server.log.segment.cache.num.max = 2 (custom)
2019-09-26 16:44:14,567 [pool-577-thread-1] INFO  segmented.SegmentedRaftLogWorker (SegmentedRaftLogWorker.java:<init>(172)) - new 0ded38ee-67df-4068-adb8-539d3d8b400f@group-22B615240C5B-SegmentedRaftLogWorker for RaftStorage:Storage Directory /workdir/hadoop-ozone/integration-test/target/test-dir/MiniOzoneClusterImpl-2d738554-168c-4e5d-822f-b5acc277bde2/datanode-7/data/ratis/45397ad7-0803-43cc-92ff-22b615240c5b
2019-09-26 16:44:14,569 [pool-577-thread-1] INFO  server.RaftServerConfigKeys (ConfUtils.java:logGet(43)) - raft.server.log.queue.byte-limit = 2147483647 (custom)
2019-09-26 16:44:14,569 [pool-577-thread-1] INFO  server.RaftServerConfigKeys (ConfUtils.java:logGet(43)) - raft.server.log.queue.element-limit = 1024 (custom)
2019-09-26 16:44:14,569 [pool-577-thread-1] INFO  server.RaftServerConfigKeys (ConfUtils.java:logGet(43)) - raft.server.log.segment.size.max = 1048576 (custom)
2019-09-26 16:44:14,569 [pool-577-thread-1] INFO  server.RaftServerConfigKeys (ConfUtils.java:logGet(43)) - raft.server.log.preallocated.size = 16384 (custom)
2019-09-26 16:44:14,569 [pool-577-thread-1] INFO  server.RaftServerConfigKeys (ConfUtils.java:logGet(43)) - raft.server.log.write.buffer.size = 33554432 (custom)
2019-09-26 16:44:14,569 [pool-577-thread-1] INFO  server.RaftServerConfigKeys (ConfUtils.java:logGet(43)) - raft.server.log.force.sync.num = 128 (default)
2019-09-26 16:44:14,570 [pool-577-thread-1] INFO  server.RaftServerConfigKeys (ConfUtils.java:logGet(43)) - raft.server.log.statemachine.data.sync = true (default)
2019-09-26 16:44:14,570 [pool-577-thread-1] INFO  server.RaftServerConfigKeys (ConfUtils.java:logGet(43)) - raft.server.log.statemachine.data.sync.timeout = 10s (default)
2019-09-26 16:44:14,570 [pool-577-thread-1] INFO  server.RaftServerConfigKeys (ConfUtils.java:logGet(43)) - raft.server.log.statemachine.data.sync.timeout.retry = -1 (default)
2019-09-26 16:44:14,570 [pool-577-thread-1] INFO  server.RaftServerConfigKeys (ConfUtils.java:logGet(43)) - raft.server.log.statemachine.data.caching.enabled = true (custom)
2019-09-26 16:44:14,570 [pool-577-thread-1] INFO  segmented.SegmentedRaftLogWorker (SegmentedRaftLogWorker.java:lambda$new$0(132)) - 0ded38ee-67df-4068-adb8-539d3d8b400f@group-22B615240C5B-SegmentedRaftLogWorker: flushIndex: setUnconditionally 0 -> -1
2019-09-26 16:44:14,571 [pool-577-thread-1] INFO  server.RaftServerConfigKeys (ConfUtils.java:logGet(43)) - raft.server.snapshot.auto.trigger.enabled = true (custom)
2019-09-26 16:44:14,571 [pool-577-thread-1] INFO  server.RaftServerConfigKeys (ConfUtils.java:logGet(43)) - raft.server.snapshot.auto.trigger.threshold = 10000 (custom)
2019-09-26 16:44:14,571 [pool-577-thread-1] INFO  server.RaftServerConfigKeys (ConfUtils.java:logGet(43)) - raft.server.snapshot.retention.num.files = 5 (custom)
2019-09-26 16:44:14,571 [pool-577-thread-1] INFO  server.RaftServerConfigKeys (ConfUtils.java:logGet(43)) - raft.server.retrycache.expirytime = 600000ms (custom)
2019-09-26 16:44:14,573 [pool-577-thread-1] INFO  impl.RaftServerImpl (RaftServerImpl.java:start(185)) - 0ded38ee-67df-4068-adb8-539d3d8b400f@group-22B615240C5B: start as a follower, conf=-1: [0ded38ee-67df-4068-adb8-539d3d8b400f:192.168.157.234:34114], old=null
2019-09-26 16:44:14,573 [pool-577-thread-1] INFO  impl.RaftServerImpl (RaftServerImpl.java:setRole(174)) - 0ded38ee-67df-4068-adb8-539d3d8b400f@group-22B615240C5B: changes role from      null to FOLLOWER at term 0 for startAsFollower
2019-09-26 16:44:14,573 [pool-577-thread-1] INFO  impl.RoleInfo (RoleInfo.java:updateAndGet(143)) - 0ded38ee-67df-4068-adb8-539d3d8b400f: start FollowerState
2019-09-26 16:44:14,573 [pool-577-thread-1] INFO  util.JmxRegister (JmxRegister.java:tryRegister(44)) - Successfully registered JMX Bean with object name Ratis:service=RaftServer,group=group-22B615240C5B,id=0ded38ee-67df-4068-adb8-539d3d8b400f
2019-09-26 16:44:14,580 [RatisPipelineUtilsThread] INFO  pipeline.PipelineStateManager (PipelineStateManager.java:addPipeline(56)) - Created pipeline Pipeline[ Id: 45397ad7-0803-43cc-92ff-22b615240c5b, Nodes: 0ded38ee-67df-4068-adb8-539d3d8b400f{ip: 192.168.157.234, host: pr-hdds-2162-htzpk-1451759861, networkLocation: /rack1, certSerialId: null}, Type:RATIS, Factor:ONE, State:OPEN]
2019-09-26 16:44:14,580 [IPC Server handler 4 on 46664] INFO  net.NetworkTopology (NetworkTopologyImpl.java:add(111)) - Added a new node: /rack1/d33b97c7-2f19-4eba-ab29-dbf55e8d730b
2019-09-26 16:44:14,580 [IPC Server handler 4 on 46664] INFO  node.SCMNodeManager (SCMNodeManager.java:register(266)) - Registered Data node : d33b97c7-2f19-4eba-ab29-dbf55e8d730b{ip: 192.168.157.234, host: pr-hdds-2162-htzpk-1451759861, networkLocation: /rack1, certSerialId: null}
2019-09-26 16:44:14,588 [grpc-default-executor-0] INFO  impl.RaftServerProxy (RaftServerProxy.java:addNew(89)) - d33b97c7-2f19-4eba-ab29-dbf55e8d730b: addNew group-D4A06D310E62:[d33b97c7-2f19-4eba-ab29-dbf55e8d730b:192.168.157.234:40702] returns group-D4A06D310E62:java.util.concurrent.CompletableFuture@38c1782f[Not completed]
2019-09-26 16:44:14,589 [pool-587-thread-1] INFO  impl.RaftServerImpl (RaftServerImpl.java:<init>(95)) - d33b97c7-2f19-4eba-ab29-dbf55e8d730b: new RaftServerImpl for group-D4A06D310E62:[d33b97c7-2f19-4eba-ab29-dbf55e8d730b:192.168.157.234:40702] with ContainerStateMachine:uninitialized
2019-09-26 16:44:14,589 [pool-587-thread-1] INFO  server.RaftServerConfigKeys (ConfUtils.java:logGet(43)) - raft.server.rpc.timeout.min = 1s (custom)
2019-09-26 16:44:14,590 [pool-587-thread-1] INFO  server.RaftServerConfigKeys (ConfUtils.java:logGet(43)) - raft.server.rpc.timeout.max = 1200ms (custom)
2019-09-26 16:44:14,590 [pool-587-thread-1] INFO  server.RaftServerConfigKeys (ConfUtils.java:logGet(43)) - raft.server.rpcslowness.timeout = 120s (custom)
2019-09-26 16:44:14,590 [pool-587-thread-1] INFO  server.RaftServerConfigKeys (ConfUtils.java:logGet(43)) - raft.server.sleep.deviation.threshold = 300 (default)
2019-09-26 16:44:14,590 [pool-587-thread-1] INFO  server.RaftServerConfigKeys (ConfUtils.java:logGet(43)) - raft.server.log.appender.install.snapshot.enabled = false (custom)
2019-09-26 16:44:14,590 [pool-587-thread-1] INFO  impl.RaftServerImpl (ServerState.java:<init>(103)) - d33b97c7-2f19-4eba-ab29-dbf55e8d730b@group-D4A06D310E62: ConfigurationManager, init=-1: [d33b97c7-2f19-4eba-ab29-dbf55e8d730b:192.168.157.234:40702], old=null, confs=<EMPTY_MAP>
2019-09-26 16:44:14,590 [pool-587-thread-1] INFO  server.RaftServerConfigKeys (ConfUtils.java:logGet(43)) - raft.server.storage.dir = [/workdir/hadoop-ozone/integration-test/target/test-dir/MiniOzoneClusterImpl-2d738554-168c-4e5d-822f-b5acc277bde2/datanode-8/data/ratis] (custom)
2019-09-26 16:44:14,591 [pool-587-thread-1] INFO  storage.RaftStorageDirectory (RaftStorageDirectory.java:analyzeStorage(246)) - The storage directory /workdir/hadoop-ozone/integration-test/target/test-dir/MiniOzoneClusterImpl-2d738554-168c-4e5d-822f-b5acc277bde2/datanode-8/data/ratis/1a1e93ea-fdcf-45eb-a840-d4a06d310e62 does not exist. Creating ...
2019-09-26 16:44:14,603 [pool-587-thread-1] INFO  storage.RaftStorageDirectory (RaftStorageDirectory.java:tryLock(328)) - Lock on /workdir/hadoop-ozone/integration-test/target/test-dir/MiniOzoneClusterImpl-2d738554-168c-4e5d-822f-b5acc277bde2/datanode-8/data/ratis/1a1e93ea-fdcf-45eb-a840-d4a06d310e62/in_use.lock acquired by nodename 16662@pr-hdds-2162-htzpk-1451759861
2019-09-26 16:44:14,617 [pool-587-thread-1] INFO  storage.RaftStorage (RaftStorage.java:format(72)) - Storage directory /workdir/hadoop-ozone/integration-test/target/test-dir/MiniOzoneClusterImpl-2d738554-168c-4e5d-822f-b5acc277bde2/datanode-8/data/ratis/1a1e93ea-fdcf-45eb-a840-d4a06d310e62 has been successfully formatted.
2019-09-26 16:44:14,617 [pool-587-thread-1] INFO  ratis.ContainerStateMachine (ContainerStateMachine.java:loadSnapshot(230)) - group-D4A06D310E62: The snapshot info is null. Setting the last applied indexto:(t:0, i:~)
2019-09-26 16:44:14,617 [pool-587-thread-1] INFO  server.RaftServerConfigKeys (ConfUtils.java:logGet(43)) - raft.server.notification.no-leader.timeout = 120s (custom)
2019-09-26 16:44:14,617 [pool-587-thread-1] INFO  server.RaftServerConfigKeys (ConfUtils.java:logGet(43)) - raft.server.log.use.memory = false (default)
2019-09-26 16:44:14,617 [pool-587-thread-1] INFO  server.RaftServerConfigKeys (ConfUtils.java:logGet(43)) - raft.server.log.purge.gap = 1000000 (custom)
2019-09-26 16:44:14,617 [pool-587-thread-1] INFO  server.RaftServerConfigKeys (ConfUtils.java:logGet(43)) - raft.server.log.appender.buffer.byte-limit = 33554432 (custom)
2019-09-26 16:44:14,618 [pool-587-thread-1] INFO  server.RaftServerConfigKeys (ConfUtils.java:logGet(43)) - raft.server.log.segment.size.max = 1048576 (custom)
2019-09-26 16:44:14,618 [pool-587-thread-1] INFO  server.RaftServerConfigKeys (ConfUtils.java:logGet(43)) - raft.server.log.segment.cache.num.max = 2 (custom)
2019-09-26 16:44:14,618 [pool-587-thread-1] INFO  segmented.SegmentedRaftLogWorker (SegmentedRaftLogWorker.java:<init>(172)) - new d33b97c7-2f19-4eba-ab29-dbf55e8d730b@group-D4A06D310E62-SegmentedRaftLogWorker for RaftStorage:Storage Directory /workdir/hadoop-ozone/integration-test/target/test-dir/MiniOzoneClusterImpl-2d738554-168c-4e5d-822f-b5acc277bde2/datanode-8/data/ratis/1a1e93ea-fdcf-45eb-a840-d4a06d310e62
2019-09-26 16:44:14,619 [pool-587-thread-1] INFO  server.RaftServerConfigKeys (ConfUtils.java:logGet(43)) - raft.server.log.queue.byte-limit = 2147483647 (custom)
2019-09-26 16:44:14,619 [pool-587-thread-1] INFO  server.RaftServerConfigKeys (ConfUtils.java:logGet(43)) - raft.server.log.queue.element-limit = 1024 (custom)
2019-09-26 16:44:14,620 [pool-587-thread-1] INFO  server.RaftServerConfigKeys (ConfUtils.java:logGet(43)) - raft.server.log.segment.size.max = 1048576 (custom)
2019-09-26 16:44:14,620 [pool-587-thread-1] INFO  server.RaftServerConfigKeys (ConfUtils.java:logGet(43)) - raft.server.log.preallocated.size = 16384 (custom)
2019-09-26 16:44:14,620 [pool-587-thread-1] INFO  server.RaftServerConfigKeys (ConfUtils.java:logGet(43)) - raft.server.log.write.buffer.size = 33554432 (custom)
2019-09-26 16:44:14,620 [pool-587-thread-1] INFO  server.RaftServerConfigKeys (ConfUtils.java:logGet(43)) - raft.server.log.force.sync.num = 128 (default)
2019-09-26 16:44:14,620 [pool-587-thread-1] INFO  server.RaftServerConfigKeys (ConfUtils.java:logGet(43)) - raft.server.log.statemachine.data.sync = true (default)
2019-09-26 16:44:14,620 [pool-587-thread-1] INFO  server.RaftServerConfigKeys (ConfUtils.java:logGet(43)) - raft.server.log.statemachine.data.sync.timeout = 10s (default)
2019-09-26 16:44:14,620 [pool-587-thread-1] INFO  server.RaftServerConfigKeys (ConfUtils.java:logGet(43)) - raft.server.log.statemachine.data.sync.timeout.retry = -1 (default)
2019-09-26 16:44:14,620 [pool-587-thread-1] INFO  server.RaftServerConfigKeys (ConfUtils.java:logGet(43)) - raft.server.log.statemachine.data.caching.enabled = true (custom)
2019-09-26 16:44:14,621 [pool-587-thread-1] INFO  segmented.SegmentedRaftLogWorker (SegmentedRaftLogWorker.java:lambda$new$0(132)) - d33b97c7-2f19-4eba-ab29-dbf55e8d730b@group-D4A06D310E62-SegmentedRaftLogWorker: flushIndex: setUnconditionally 0 -> -1
2019-09-26 16:44:14,621 [pool-587-thread-1] INFO  server.RaftServerConfigKeys (ConfUtils.java:logGet(43)) - raft.server.snapshot.auto.trigger.enabled = true (custom)
2019-09-26 16:44:14,621 [pool-587-thread-1] INFO  server.RaftServerConfigKeys (ConfUtils.java:logGet(43)) - raft.server.snapshot.auto.trigger.threshold = 10000 (custom)
2019-09-26 16:44:14,621 [pool-587-thread-1] INFO  server.RaftServerConfigKeys (ConfUtils.java:logGet(43)) - raft.server.snapshot.retention.num.files = 5 (custom)
2019-09-26 16:44:14,621 [pool-587-thread-1] INFO  server.RaftServerConfigKeys (ConfUtils.java:logGet(43)) - raft.server.retrycache.expirytime = 600000ms (custom)
2019-09-26 16:44:14,623 [pool-587-thread-1] INFO  impl.RaftServerImpl (RaftServerImpl.java:start(185)) - d33b97c7-2f19-4eba-ab29-dbf55e8d730b@group-D4A06D310E62: start as a follower, conf=-1: [d33b97c7-2f19-4eba-ab29-dbf55e8d730b:192.168.157.234:40702], old=null
2019-09-26 16:44:14,623 [pool-587-thread-1] INFO  impl.RaftServerImpl (RaftServerImpl.java:setRole(174)) - d33b97c7-2f19-4eba-ab29-dbf55e8d730b@group-D4A06D310E62: changes role from      null to FOLLOWER at term 0 for startAsFollower
2019-09-26 16:44:14,623 [pool-587-thread-1] INFO  impl.RoleInfo (RoleInfo.java:updateAndGet(143)) - d33b97c7-2f19-4eba-ab29-dbf55e8d730b: start FollowerState
2019-09-26 16:44:14,623 [pool-587-thread-1] INFO  util.JmxRegister (JmxRegister.java:tryRegister(44)) - Successfully registered JMX Bean with object name Ratis:service=RaftServer,group=group-D4A06D310E62,id=d33b97c7-2f19-4eba-ab29-dbf55e8d730b
2019-09-26 16:44:14,643 [main] INFO  ozone.MiniOzoneClusterImpl (MiniOzoneClusterImpl.java:lambda$waitForClusterToBeReady$0(147)) - Waiting for cluster to be ready. Got 9 of 10 DN Heartbeats.
2019-09-26 16:44:14,645 [IPC Server handler 7 on 46664] INFO  net.NetworkTopology (NetworkTopologyImpl.java:add(111)) - Added a new node: /rack1/af201f12-6a5d-4f7c-8339-ef82b05a5091
2019-09-26 16:44:14,645 [IPC Server handler 7 on 46664] INFO  node.SCMNodeManager (SCMNodeManager.java:register(266)) - Registered Data node : af201f12-6a5d-4f7c-8339-ef82b05a5091{ip: 192.168.157.234, host: pr-hdds-2162-htzpk-1451759861, networkLocation: /rack1, certSerialId: null}
2019-09-26 16:44:14,645 [RatisPipelineUtilsThread] INFO  pipeline.PipelineStateManager (PipelineStateManager.java:addPipeline(56)) - Created pipeline Pipeline[ Id: 1a1e93ea-fdcf-45eb-a840-d4a06d310e62, Nodes: d33b97c7-2f19-4eba-ab29-dbf55e8d730b{ip: 192.168.157.234, host: pr-hdds-2162-htzpk-1451759861, networkLocation: /rack1, certSerialId: null}, Type:RATIS, Factor:ONE, State:OPEN]
2019-09-26 16:44:14,653 [grpc-default-executor-0] INFO  impl.RaftServerProxy (RaftServerProxy.java:addNew(89)) - af201f12-6a5d-4f7c-8339-ef82b05a5091: addNew group-79CFAEB4611F:[af201f12-6a5d-4f7c-8339-ef82b05a5091:192.168.157.234:43417] returns group-79CFAEB4611F:java.util.concurrent.CompletableFuture@37d3f877[Not completed]
2019-09-26 16:44:14,654 [pool-597-thread-1] INFO  impl.RaftServerImpl (RaftServerImpl.java:<init>(95)) - af201f12-6a5d-4f7c-8339-ef82b05a5091: new RaftServerImpl for group-79CFAEB4611F:[af201f12-6a5d-4f7c-8339-ef82b05a5091:192.168.157.234:43417] with ContainerStateMachine:uninitialized
2019-09-26 16:44:14,654 [pool-597-thread-1] INFO  server.RaftServerConfigKeys (ConfUtils.java:logGet(43)) - raft.server.rpc.timeout.min = 1s (custom)
2019-09-26 16:44:14,654 [pool-597-thread-1] INFO  server.RaftServerConfigKeys (ConfUtils.java:logGet(43)) - raft.server.rpc.timeout.max = 1200ms (custom)
2019-09-26 16:44:14,654 [pool-597-thread-1] INFO  server.RaftServerConfigKeys (ConfUtils.java:logGet(43)) - raft.server.rpcslowness.timeout = 120s (custom)
2019-09-26 16:44:14,654 [pool-597-thread-1] INFO  server.RaftServerConfigKeys (ConfUtils.java:logGet(43)) - raft.server.sleep.deviation.threshold = 300 (default)
2019-09-26 16:44:14,654 [pool-597-thread-1] INFO  server.RaftServerConfigKeys (ConfUtils.java:logGet(43)) - raft.server.log.appender.install.snapshot.enabled = false (custom)
2019-09-26 16:44:14,654 [pool-597-thread-1] INFO  impl.RaftServerImpl (ServerState.java:<init>(103)) - af201f12-6a5d-4f7c-8339-ef82b05a5091@group-79CFAEB4611F: ConfigurationManager, init=-1: [af201f12-6a5d-4f7c-8339-ef82b05a5091:192.168.157.234:43417], old=null, confs=<EMPTY_MAP>
2019-09-26 16:44:14,655 [pool-597-thread-1] INFO  server.RaftServerConfigKeys (ConfUtils.java:logGet(43)) - raft.server.storage.dir = [/workdir/hadoop-ozone/integration-test/target/test-dir/MiniOzoneClusterImpl-2d738554-168c-4e5d-822f-b5acc277bde2/datanode-9/data/ratis] (custom)
2019-09-26 16:44:14,655 [pool-597-thread-1] INFO  storage.RaftStorageDirectory (RaftStorageDirectory.java:analyzeStorage(246)) - The storage directory /workdir/hadoop-ozone/integration-test/target/test-dir/MiniOzoneClusterImpl-2d738554-168c-4e5d-822f-b5acc277bde2/datanode-9/data/ratis/a049d291-599f-4635-a6f9-79cfaeb4611f does not exist. Creating ...
2019-09-26 16:44:14,668 [pool-597-thread-1] INFO  storage.RaftStorageDirectory (RaftStorageDirectory.java:tryLock(328)) - Lock on /workdir/hadoop-ozone/integration-test/target/test-dir/MiniOzoneClusterImpl-2d738554-168c-4e5d-822f-b5acc277bde2/datanode-9/data/ratis/a049d291-599f-4635-a6f9-79cfaeb4611f/in_use.lock acquired by nodename 16662@pr-hdds-2162-htzpk-1451759861
2019-09-26 16:44:14,682 [pool-597-thread-1] INFO  storage.RaftStorage (RaftStorage.java:format(72)) - Storage directory /workdir/hadoop-ozone/integration-test/target/test-dir/MiniOzoneClusterImpl-2d738554-168c-4e5d-822f-b5acc277bde2/datanode-9/data/ratis/a049d291-599f-4635-a6f9-79cfaeb4611f has been successfully formatted.
2019-09-26 16:44:14,682 [pool-597-thread-1] INFO  ratis.ContainerStateMachine (ContainerStateMachine.java:loadSnapshot(230)) - group-79CFAEB4611F: The snapshot info is null. Setting the last applied indexto:(t:0, i:~)
2019-09-26 16:44:14,683 [pool-597-thread-1] INFO  server.RaftServerConfigKeys (ConfUtils.java:logGet(43)) - raft.server.notification.no-leader.timeout = 120s (custom)
2019-09-26 16:44:14,683 [pool-597-thread-1] INFO  server.RaftServerConfigKeys (ConfUtils.java:logGet(43)) - raft.server.log.use.memory = false (default)
2019-09-26 16:44:14,683 [pool-597-thread-1] INFO  server.RaftServerConfigKeys (ConfUtils.java:logGet(43)) - raft.server.log.purge.gap = 1000000 (custom)
2019-09-26 16:44:14,683 [pool-597-thread-1] INFO  server.RaftServerConfigKeys (ConfUtils.java:logGet(43)) - raft.server.log.appender.buffer.byte-limit = 33554432 (custom)
2019-09-26 16:44:14,683 [pool-597-thread-1] INFO  server.RaftServerConfigKeys (ConfUtils.java:logGet(43)) - raft.server.log.segment.size.max = 1048576 (custom)
2019-09-26 16:44:14,683 [pool-597-thread-1] INFO  server.RaftServerConfigKeys (ConfUtils.java:logGet(43)) - raft.server.log.segment.cache.num.max = 2 (custom)
2019-09-26 16:44:14,683 [pool-597-thread-1] INFO  segmented.SegmentedRaftLogWorker (SegmentedRaftLogWorker.java:<init>(172)) - new af201f12-6a5d-4f7c-8339-ef82b05a5091@group-79CFAEB4611F-SegmentedRaftLogWorker for RaftStorage:Storage Directory /workdir/hadoop-ozone/integration-test/target/test-dir/MiniOzoneClusterImpl-2d738554-168c-4e5d-822f-b5acc277bde2/datanode-9/data/ratis/a049d291-599f-4635-a6f9-79cfaeb4611f
2019-09-26 16:44:14,685 [pool-597-thread-1] INFO  server.RaftServerConfigKeys (ConfUtils.java:logGet(43)) - raft.server.log.queue.byte-limit = 2147483647 (custom)
2019-09-26 16:44:14,685 [pool-597-thread-1] INFO  server.RaftServerConfigKeys (ConfUtils.java:logGet(43)) - raft.server.log.queue.element-limit = 1024 (custom)
2019-09-26 16:44:14,685 [pool-597-thread-1] INFO  server.RaftServerConfigKeys (ConfUtils.java:logGet(43)) - raft.server.log.segment.size.max = 1048576 (custom)
2019-09-26 16:44:14,686 [pool-597-thread-1] INFO  server.RaftServerConfigKeys (ConfUtils.java:logGet(43)) - raft.server.log.preallocated.size = 16384 (custom)
2019-09-26 16:44:14,686 [pool-597-thread-1] INFO  server.RaftServerConfigKeys (ConfUtils.java:logGet(43)) - raft.server.log.write.buffer.size = 33554432 (custom)
2019-09-26 16:44:14,686 [pool-597-thread-1] INFO  server.RaftServerConfigKeys (ConfUtils.java:logGet(43)) - raft.server.log.force.sync.num = 128 (default)
2019-09-26 16:44:14,686 [pool-597-thread-1] INFO  server.RaftServerConfigKeys (ConfUtils.java:logGet(43)) - raft.server.log.statemachine.data.sync = true (default)
2019-09-26 16:44:14,686 [pool-597-thread-1] INFO  server.RaftServerConfigKeys (ConfUtils.java:logGet(43)) - raft.server.log.statemachine.data.sync.timeout = 10s (default)
2019-09-26 16:44:14,686 [pool-597-thread-1] INFO  server.RaftServerConfigKeys (ConfUtils.java:logGet(43)) - raft.server.log.statemachine.data.sync.timeout.retry = -1 (default)
2019-09-26 16:44:14,686 [pool-597-thread-1] INFO  server.RaftServerConfigKeys (ConfUtils.java:logGet(43)) - raft.server.log.statemachine.data.caching.enabled = true (custom)
2019-09-26 16:44:14,687 [pool-597-thread-1] INFO  segmented.SegmentedRaftLogWorker (SegmentedRaftLogWorker.java:lambda$new$0(132)) - af201f12-6a5d-4f7c-8339-ef82b05a5091@group-79CFAEB4611F-SegmentedRaftLogWorker: flushIndex: setUnconditionally 0 -> -1
2019-09-26 16:44:14,687 [pool-597-thread-1] INFO  server.RaftServerConfigKeys (ConfUtils.java:logGet(43)) - raft.server.snapshot.auto.trigger.enabled = true (custom)
2019-09-26 16:44:14,687 [pool-597-thread-1] INFO  server.RaftServerConfigKeys (ConfUtils.java:logGet(43)) - raft.server.snapshot.auto.trigger.threshold = 10000 (custom)
2019-09-26 16:44:14,687 [pool-597-thread-1] INFO  server.RaftServerConfigKeys (ConfUtils.java:logGet(43)) - raft.server.snapshot.retention.num.files = 5 (custom)
2019-09-26 16:44:14,688 [pool-597-thread-1] INFO  server.RaftServerConfigKeys (ConfUtils.java:logGet(43)) - raft.server.retrycache.expirytime = 600000ms (custom)
2019-09-26 16:44:14,690 [pool-597-thread-1] INFO  impl.RaftServerImpl (RaftServerImpl.java:start(185)) - af201f12-6a5d-4f7c-8339-ef82b05a5091@group-79CFAEB4611F: start as a follower, conf=-1: [af201f12-6a5d-4f7c-8339-ef82b05a5091:192.168.157.234:43417], old=null
2019-09-26 16:44:14,690 [pool-597-thread-1] INFO  impl.RaftServerImpl (RaftServerImpl.java:setRole(174)) - af201f12-6a5d-4f7c-8339-ef82b05a5091@group-79CFAEB4611F: changes role from      null to FOLLOWER at term 0 for startAsFollower
2019-09-26 16:44:14,690 [pool-597-thread-1] INFO  impl.RoleInfo (RoleInfo.java:updateAndGet(143)) - af201f12-6a5d-4f7c-8339-ef82b05a5091: start FollowerState
2019-09-26 16:44:14,691 [pool-597-thread-1] INFO  util.JmxRegister (JmxRegister.java:tryRegister(44)) - Successfully registered JMX Bean with object name Ratis:service=RaftServer,group=group-79CFAEB4611F,id=af201f12-6a5d-4f7c-8339-ef82b05a5091
2019-09-26 16:44:14,695 [RatisPipelineUtilsThread] INFO  pipeline.PipelineStateManager (PipelineStateManager.java:addPipeline(56)) - Created pipeline Pipeline[ Id: a049d291-599f-4635-a6f9-79cfaeb4611f, Nodes: af201f12-6a5d-4f7c-8339-ef82b05a5091{ip: 192.168.157.234, host: pr-hdds-2162-htzpk-1451759861, networkLocation: /rack1, certSerialId: null}, Type:RATIS, Factor:ONE, State:OPEN]
2019-09-26 16:44:14,702 [grpc-default-executor-0] INFO  impl.RaftServerProxy (RaftServerProxy.java:addNew(89)) - 0230ed67-c037-4463-8579-62facef95337: addNew group-F6F15F4B6D51:[0230ed67-c037-4463-8579-62facef95337:192.168.157.234:40760] returns group-F6F15F4B6D51:java.util.concurrent.CompletableFuture@3242e41c[Not completed]
2019-09-26 16:44:14,703 [pool-567-thread-1] INFO  impl.RaftServerImpl (RaftServerImpl.java:<init>(95)) - 0230ed67-c037-4463-8579-62facef95337: new RaftServerImpl for group-F6F15F4B6D51:[0230ed67-c037-4463-8579-62facef95337:192.168.157.234:40760] with ContainerStateMachine:uninitialized
2019-09-26 16:44:14,703 [pool-567-thread-1] INFO  server.RaftServerConfigKeys (ConfUtils.java:logGet(43)) - raft.server.rpc.timeout.min = 1s (custom)
2019-09-26 16:44:14,703 [pool-567-thread-1] INFO  server.RaftServerConfigKeys (ConfUtils.java:logGet(43)) - raft.server.rpc.timeout.max = 1200ms (custom)
2019-09-26 16:44:14,703 [pool-567-thread-1] INFO  server.RaftServerConfigKeys (ConfUtils.java:logGet(43)) - raft.server.rpcslowness.timeout = 120s (custom)
2019-09-26 16:44:14,703 [pool-567-thread-1] INFO  server.RaftServerConfigKeys (ConfUtils.java:logGet(43)) - raft.server.sleep.deviation.threshold = 300 (default)
2019-09-26 16:44:14,704 [pool-567-thread-1] INFO  server.RaftServerConfigKeys (ConfUtils.java:logGet(43)) - raft.server.log.appender.install.snapshot.enabled = false (custom)
2019-09-26 16:44:14,704 [pool-567-thread-1] INFO  impl.RaftServerImpl (ServerState.java:<init>(103)) - 0230ed67-c037-4463-8579-62facef95337@group-F6F15F4B6D51: ConfigurationManager, init=-1: [0230ed67-c037-4463-8579-62facef95337:192.168.157.234:40760], old=null, confs=<EMPTY_MAP>
2019-09-26 16:44:14,704 [pool-567-thread-1] INFO  server.RaftServerConfigKeys (ConfUtils.java:logGet(43)) - raft.server.storage.dir = [/workdir/hadoop-ozone/integration-test/target/test-dir/MiniOzoneClusterImpl-2d738554-168c-4e5d-822f-b5acc277bde2/datanode-6/data/ratis] (custom)
2019-09-26 16:44:14,704 [pool-567-thread-1] INFO  storage.RaftStorageDirectory (RaftStorageDirectory.java:analyzeStorage(246)) - The storage directory /workdir/hadoop-ozone/integration-test/target/test-dir/MiniOzoneClusterImpl-2d738554-168c-4e5d-822f-b5acc277bde2/datanode-6/data/ratis/1db7341a-a5e0-457b-ba45-f6f15f4b6d51 does not exist. Creating ...
2019-09-26 16:44:14,717 [pool-567-thread-1] INFO  storage.RaftStorageDirectory (RaftStorageDirectory.java:tryLock(328)) - Lock on /workdir/hadoop-ozone/integration-test/target/test-dir/MiniOzoneClusterImpl-2d738554-168c-4e5d-822f-b5acc277bde2/datanode-6/data/ratis/1db7341a-a5e0-457b-ba45-f6f15f4b6d51/in_use.lock acquired by nodename 16662@pr-hdds-2162-htzpk-1451759861
2019-09-26 16:44:14,731 [pool-567-thread-1] INFO  storage.RaftStorage (RaftStorage.java:format(72)) - Storage directory /workdir/hadoop-ozone/integration-test/target/test-dir/MiniOzoneClusterImpl-2d738554-168c-4e5d-822f-b5acc277bde2/datanode-6/data/ratis/1db7341a-a5e0-457b-ba45-f6f15f4b6d51 has been successfully formatted.
2019-09-26 16:44:14,731 [pool-567-thread-1] INFO  ratis.ContainerStateMachine (ContainerStateMachine.java:loadSnapshot(230)) - group-F6F15F4B6D51: The snapshot info is null. Setting the last applied indexto:(t:0, i:~)
2019-09-26 16:44:14,731 [pool-567-thread-1] INFO  server.RaftServerConfigKeys (ConfUtils.java:logGet(43)) - raft.server.notification.no-leader.timeout = 120s (custom)
2019-09-26 16:44:14,732 [pool-567-thread-1] INFO  server.RaftServerConfigKeys (ConfUtils.java:logGet(43)) - raft.server.log.use.memory = false (default)
2019-09-26 16:44:14,732 [pool-567-thread-1] INFO  server.RaftServerConfigKeys (ConfUtils.java:logGet(43)) - raft.server.log.purge.gap = 1000000 (custom)
2019-09-26 16:44:14,732 [pool-567-thread-1] INFO  server.RaftServerConfigKeys (ConfUtils.java:logGet(43)) - raft.server.log.appender.buffer.byte-limit = 33554432 (custom)
2019-09-26 16:44:14,732 [pool-567-thread-1] INFO  server.RaftServerConfigKeys (ConfUtils.java:logGet(43)) - raft.server.log.segment.size.max = 1048576 (custom)
2019-09-26 16:44:14,732 [pool-567-thread-1] INFO  server.RaftServerConfigKeys (ConfUtils.java:logGet(43)) - raft.server.log.segment.cache.num.max = 2 (custom)
2019-09-26 16:44:14,733 [pool-567-thread-1] INFO  segmented.SegmentedRaftLogWorker (SegmentedRaftLogWorker.java:<init>(172)) - new 0230ed67-c037-4463-8579-62facef95337@group-F6F15F4B6D51-SegmentedRaftLogWorker for RaftStorage:Storage Directory /workdir/hadoop-ozone/integration-test/target/test-dir/MiniOzoneClusterImpl-2d738554-168c-4e5d-822f-b5acc277bde2/datanode-6/data/ratis/1db7341a-a5e0-457b-ba45-f6f15f4b6d51
2019-09-26 16:44:14,734 [pool-567-thread-1] INFO  server.RaftServerConfigKeys (ConfUtils.java:logGet(43)) - raft.server.log.queue.byte-limit = 2147483647 (custom)
2019-09-26 16:44:14,735 [pool-567-thread-1] INFO  server.RaftServerConfigKeys (ConfUtils.java:logGet(43)) - raft.server.log.queue.element-limit = 1024 (custom)
2019-09-26 16:44:14,735 [pool-567-thread-1] INFO  server.RaftServerConfigKeys (ConfUtils.java:logGet(43)) - raft.server.log.segment.size.max = 1048576 (custom)
2019-09-26 16:44:14,735 [pool-567-thread-1] INFO  server.RaftServerConfigKeys (ConfUtils.java:logGet(43)) - raft.server.log.preallocated.size = 16384 (custom)
2019-09-26 16:44:14,735 [pool-567-thread-1] INFO  server.RaftServerConfigKeys (ConfUtils.java:logGet(43)) - raft.server.log.write.buffer.size = 33554432 (custom)
2019-09-26 16:44:14,735 [pool-567-thread-1] INFO  server.RaftServerConfigKeys (ConfUtils.java:logGet(43)) - raft.server.log.force.sync.num = 128 (default)
2019-09-26 16:44:14,735 [pool-567-thread-1] INFO  server.RaftServerConfigKeys (ConfUtils.java:logGet(43)) - raft.server.log.statemachine.data.sync = true (default)
2019-09-26 16:44:14,736 [pool-567-thread-1] INFO  server.RaftServerConfigKeys (ConfUtils.java:logGet(43)) - raft.server.log.statemachine.data.sync.timeout = 10s (default)
2019-09-26 16:44:14,736 [pool-567-thread-1] INFO  server.RaftServerConfigKeys (ConfUtils.java:logGet(43)) - raft.server.log.statemachine.data.sync.timeout.retry = -1 (default)
2019-09-26 16:44:14,736 [pool-567-thread-1] INFO  server.RaftServerConfigKeys (ConfUtils.java:logGet(43)) - raft.server.log.statemachine.data.caching.enabled = true (custom)
2019-09-26 16:44:14,736 [pool-567-thread-1] INFO  segmented.SegmentedRaftLogWorker (SegmentedRaftLogWorker.java:lambda$new$0(132)) - 0230ed67-c037-4463-8579-62facef95337@group-F6F15F4B6D51-SegmentedRaftLogWorker: flushIndex: setUnconditionally 0 -> -1
2019-09-26 16:44:14,737 [pool-567-thread-1] INFO  server.RaftServerConfigKeys (ConfUtils.java:logGet(43)) - raft.server.snapshot.auto.trigger.enabled = true (custom)
2019-09-26 16:44:14,737 [pool-567-thread-1] INFO  server.RaftServerConfigKeys (ConfUtils.java:logGet(43)) - raft.server.snapshot.auto.trigger.threshold = 10000 (custom)
2019-09-26 16:44:14,737 [pool-567-thread-1] INFO  server.RaftServerConfigKeys (ConfUtils.java:logGet(43)) - raft.server.snapshot.retention.num.files = 5 (custom)
2019-09-26 16:44:14,737 [pool-567-thread-1] INFO  server.RaftServerConfigKeys (ConfUtils.java:logGet(43)) - raft.server.retrycache.expirytime = 600000ms (custom)
2019-09-26 16:44:14,739 [pool-567-thread-1] INFO  impl.RaftServerImpl (RaftServerImpl.java:start(185)) - 0230ed67-c037-4463-8579-62facef95337@group-F6F15F4B6D51: start as a follower, conf=-1: [0230ed67-c037-4463-8579-62facef95337:192.168.157.234:40760], old=null
2019-09-26 16:44:14,739 [pool-567-thread-1] INFO  impl.RaftServerImpl (RaftServerImpl.java:setRole(174)) - 0230ed67-c037-4463-8579-62facef95337@group-F6F15F4B6D51: changes role from      null to FOLLOWER at term 0 for startAsFollower
2019-09-26 16:44:14,739 [pool-567-thread-1] INFO  impl.RoleInfo (RoleInfo.java:updateAndGet(143)) - 0230ed67-c037-4463-8579-62facef95337: start FollowerState
2019-09-26 16:44:14,740 [pool-567-thread-1] INFO  util.JmxRegister (JmxRegister.java:tryRegister(44)) - Successfully registered JMX Bean with object name Ratis:service=RaftServer,group=group-F6F15F4B6D51,id=0230ed67-c037-4463-8579-62facef95337
2019-09-26 16:44:14,745 [RatisPipelineUtilsThread] INFO  pipeline.PipelineStateManager (PipelineStateManager.java:addPipeline(56)) - Created pipeline Pipeline[ Id: 1db7341a-a5e0-457b-ba45-f6f15f4b6d51, Nodes: 0230ed67-c037-4463-8579-62facef95337{ip: 192.168.157.234, host: pr-hdds-2162-htzpk-1451759861, networkLocation: /rack1, certSerialId: null}, Type:RATIS, Factor:ONE, State:OPEN]
2019-09-26 16:44:14,764 [grpc-default-executor-0] INFO  impl.RaftServerProxy (RaftServerProxy.java:addNew(89)) - af201f12-6a5d-4f7c-8339-ef82b05a5091: addNew group-F67703B41CB5:[59fe4627-77ba-4d6f-bbfd-1773d3bea00c:192.168.157.234:45861, af201f12-6a5d-4f7c-8339-ef82b05a5091:192.168.157.234:43417, 0ded38ee-67df-4068-adb8-539d3d8b400f:192.168.157.234:34114] returns group-F67703B41CB5:java.util.concurrent.CompletableFuture@3c775d92[Not completed]
2019-09-26 16:44:14,764 [grpc-default-executor-1] INFO  impl.RaftServerProxy (RaftServerProxy.java:addNew(89)) - 59fe4627-77ba-4d6f-bbfd-1773d3bea00c: addNew group-F67703B41CB5:[59fe4627-77ba-4d6f-bbfd-1773d3bea00c:192.168.157.234:45861, af201f12-6a5d-4f7c-8339-ef82b05a5091:192.168.157.234:43417, 0ded38ee-67df-4068-adb8-539d3d8b400f:192.168.157.234:34114] returns group-F67703B41CB5:java.util.concurrent.CompletableFuture@7ad3ae32[Not completed]
2019-09-26 16:44:14,764 [grpc-default-executor-2] INFO  impl.RaftServerProxy (RaftServerProxy.java:addNew(89)) - 0ded38ee-67df-4068-adb8-539d3d8b400f: addNew group-F67703B41CB5:[59fe4627-77ba-4d6f-bbfd-1773d3bea00c:192.168.157.234:45861, af201f12-6a5d-4f7c-8339-ef82b05a5091:192.168.157.234:43417, 0ded38ee-67df-4068-adb8-539d3d8b400f:192.168.157.234:34114] returns group-F67703B41CB5:java.util.concurrent.CompletableFuture@29c05592[Not completed]
2019-09-26 16:44:14,765 [pool-597-thread-1] INFO  impl.RaftServerImpl (RaftServerImpl.java:<init>(95)) - af201f12-6a5d-4f7c-8339-ef82b05a5091: new RaftServerImpl for group-F67703B41CB5:[59fe4627-77ba-4d6f-bbfd-1773d3bea00c:192.168.157.234:45861, af201f12-6a5d-4f7c-8339-ef82b05a5091:192.168.157.234:43417, 0ded38ee-67df-4068-adb8-539d3d8b400f:192.168.157.234:34114] with ContainerStateMachine:uninitialized
2019-09-26 16:44:14,765 [pool-597-thread-1] INFO  server.RaftServerConfigKeys (ConfUtils.java:logGet(43)) - raft.server.rpc.timeout.min = 1s (custom)
2019-09-26 16:44:14,765 [pool-597-thread-1] INFO  server.RaftServerConfigKeys (ConfUtils.java:logGet(43)) - raft.server.rpc.timeout.max = 1200ms (custom)
2019-09-26 16:44:14,765 [pool-597-thread-1] INFO  server.RaftServerConfigKeys (ConfUtils.java:logGet(43)) - raft.server.rpcslowness.timeout = 120s (custom)
2019-09-26 16:44:14,765 [pool-577-thread-1] INFO  impl.RaftServerImpl (RaftServerImpl.java:<init>(95)) - 0ded38ee-67df-4068-adb8-539d3d8b400f: new RaftServerImpl for group-F67703B41CB5:[59fe4627-77ba-4d6f-bbfd-1773d3bea00c:192.168.157.234:45861, af201f12-6a5d-4f7c-8339-ef82b05a5091:192.168.157.234:43417, 0ded38ee-67df-4068-adb8-539d3d8b400f:192.168.157.234:34114] with ContainerStateMachine:uninitialized
2019-09-26 16:44:14,766 [pool-597-thread-1] INFO  server.RaftServerConfigKeys (ConfUtils.java:logGet(43)) - raft.server.sleep.deviation.threshold = 300 (default)
2019-09-26 16:44:14,766 [pool-577-thread-1] INFO  server.RaftServerConfigKeys (ConfUtils.java:logGet(43)) - raft.server.rpc.timeout.min = 1s (custom)
2019-09-26 16:44:14,766 [pool-537-thread-1] INFO  impl.RaftServerImpl (RaftServerImpl.java:<init>(95)) - 59fe4627-77ba-4d6f-bbfd-1773d3bea00c: new RaftServerImpl for group-F67703B41CB5:[59fe4627-77ba-4d6f-bbfd-1773d3bea00c:192.168.157.234:45861, af201f12-6a5d-4f7c-8339-ef82b05a5091:192.168.157.234:43417, 0ded38ee-67df-4068-adb8-539d3d8b400f:192.168.157.234:34114] with ContainerStateMachine:uninitialized
2019-09-26 16:44:14,766 [pool-597-thread-1] INFO  server.RaftServerConfigKeys (ConfUtils.java:logGet(43)) - raft.server.log.appender.install.snapshot.enabled = false (custom)
2019-09-26 16:44:14,766 [pool-537-thread-1] INFO  server.RaftServerConfigKeys (ConfUtils.java:logGet(43)) - raft.server.rpc.timeout.min = 1s (custom)
2019-09-26 16:44:14,766 [pool-577-thread-1] INFO  server.RaftServerConfigKeys (ConfUtils.java:logGet(43)) - raft.server.rpc.timeout.max = 1200ms (custom)
2019-09-26 16:44:14,766 [pool-537-thread-1] INFO  server.RaftServerConfigKeys (ConfUtils.java:logGet(43)) - raft.server.rpc.timeout.max = 1200ms (custom)
2019-09-26 16:44:14,767 [pool-537-thread-1] INFO  server.RaftServerConfigKeys (ConfUtils.java:logGet(43)) - raft.server.rpcslowness.timeout = 120s (custom)
2019-09-26 16:44:14,766 [pool-597-thread-1] INFO  impl.RaftServerImpl (ServerState.java:<init>(103)) - af201f12-6a5d-4f7c-8339-ef82b05a5091@group-F67703B41CB5: ConfigurationManager, init=-1: [59fe4627-77ba-4d6f-bbfd-1773d3bea00c:192.168.157.234:45861, af201f12-6a5d-4f7c-8339-ef82b05a5091:192.168.157.234:43417, 0ded38ee-67df-4068-adb8-539d3d8b400f:192.168.157.234:34114], old=null, confs=<EMPTY_MAP>
2019-09-26 16:44:14,767 [pool-537-thread-1] INFO  server.RaftServerConfigKeys (ConfUtils.java:logGet(43)) - raft.server.sleep.deviation.threshold = 300 (default)
2019-09-26 16:44:14,767 [pool-577-thread-1] INFO  server.RaftServerConfigKeys (ConfUtils.java:logGet(43)) - raft.server.rpcslowness.timeout = 120s (custom)
2019-09-26 16:44:14,767 [pool-537-thread-1] INFO  server.RaftServerConfigKeys (ConfUtils.java:logGet(43)) - raft.server.log.appender.install.snapshot.enabled = false (custom)
2019-09-26 16:44:14,767 [pool-597-thread-1] INFO  server.RaftServerConfigKeys (ConfUtils.java:logGet(43)) - raft.server.storage.dir = [/workdir/hadoop-ozone/integration-test/target/test-dir/MiniOzoneClusterImpl-2d738554-168c-4e5d-822f-b5acc277bde2/datanode-9/data/ratis] (custom)
2019-09-26 16:44:14,767 [pool-537-thread-1] INFO  impl.RaftServerImpl (ServerState.java:<init>(103)) - 59fe4627-77ba-4d6f-bbfd-1773d3bea00c@group-F67703B41CB5: ConfigurationManager, init=-1: [59fe4627-77ba-4d6f-bbfd-1773d3bea00c:192.168.157.234:45861, af201f12-6a5d-4f7c-8339-ef82b05a5091:192.168.157.234:43417, 0ded38ee-67df-4068-adb8-539d3d8b400f:192.168.157.234:34114], old=null, confs=<EMPTY_MAP>
2019-09-26 16:44:14,767 [pool-577-thread-1] INFO  server.RaftServerConfigKeys (ConfUtils.java:logGet(43)) - raft.server.sleep.deviation.threshold = 300 (default)
2019-09-26 16:44:14,768 [pool-597-thread-1] INFO  storage.RaftStorageDirectory (RaftStorageDirectory.java:analyzeStorage(246)) - The storage directory /workdir/hadoop-ozone/integration-test/target/test-dir/MiniOzoneClusterImpl-2d738554-168c-4e5d-822f-b5acc277bde2/datanode-9/data/ratis/50b5b5f8-cf25-4160-81f0-f67703b41cb5 does not exist. Creating ...
2019-09-26 16:44:14,768 [pool-537-thread-1] INFO  server.RaftServerConfigKeys (ConfUtils.java:logGet(43)) - raft.server.storage.dir = [/workdir/hadoop-ozone/integration-test/target/test-dir/MiniOzoneClusterImpl-2d738554-168c-4e5d-822f-b5acc277bde2/datanode-3/data/ratis] (custom)
2019-09-26 16:44:14,768 [pool-577-thread-1] INFO  server.RaftServerConfigKeys (ConfUtils.java:logGet(43)) - raft.server.log.appender.install.snapshot.enabled = false (custom)
2019-09-26 16:44:14,768 [pool-577-thread-1] INFO  impl.RaftServerImpl (ServerState.java:<init>(103)) - 0ded38ee-67df-4068-adb8-539d3d8b400f@group-F67703B41CB5: ConfigurationManager, init=-1: [59fe4627-77ba-4d6f-bbfd-1773d3bea00c:192.168.157.234:45861, af201f12-6a5d-4f7c-8339-ef82b05a5091:192.168.157.234:43417, 0ded38ee-67df-4068-adb8-539d3d8b400f:192.168.157.234:34114], old=null, confs=<EMPTY_MAP>
2019-09-26 16:44:14,768 [pool-537-thread-1] INFO  storage.RaftStorageDirectory (RaftStorageDirectory.java:analyzeStorage(246)) - The storage directory /workdir/hadoop-ozone/integration-test/target/test-dir/MiniOzoneClusterImpl-2d738554-168c-4e5d-822f-b5acc277bde2/datanode-3/data/ratis/50b5b5f8-cf25-4160-81f0-f67703b41cb5 does not exist. Creating ...
2019-09-26 16:44:14,769 [pool-577-thread-1] INFO  server.RaftServerConfigKeys (ConfUtils.java:logGet(43)) - raft.server.storage.dir = [/workdir/hadoop-ozone/integration-test/target/test-dir/MiniOzoneClusterImpl-2d738554-168c-4e5d-822f-b5acc277bde2/datanode-7/data/ratis] (custom)
2019-09-26 16:44:14,769 [pool-577-thread-1] INFO  storage.RaftStorageDirectory (RaftStorageDirectory.java:analyzeStorage(246)) - The storage directory /workdir/hadoop-ozone/integration-test/target/test-dir/MiniOzoneClusterImpl-2d738554-168c-4e5d-822f-b5acc277bde2/datanode-7/data/ratis/50b5b5f8-cf25-4160-81f0-f67703b41cb5 does not exist. Creating ...
2019-09-26 16:44:14,782 [pool-537-thread-1] INFO  storage.RaftStorageDirectory (RaftStorageDirectory.java:tryLock(328)) - Lock on /workdir/hadoop-ozone/integration-test/target/test-dir/MiniOzoneClusterImpl-2d738554-168c-4e5d-822f-b5acc277bde2/datanode-3/data/ratis/50b5b5f8-cf25-4160-81f0-f67703b41cb5/in_use.lock acquired by nodename 16662@pr-hdds-2162-htzpk-1451759861
2019-09-26 16:44:14,782 [pool-577-thread-1] INFO  storage.RaftStorageDirectory (RaftStorageDirectory.java:tryLock(328)) - Lock on /workdir/hadoop-ozone/integration-test/target/test-dir/MiniOzoneClusterImpl-2d738554-168c-4e5d-822f-b5acc277bde2/datanode-7/data/ratis/50b5b5f8-cf25-4160-81f0-f67703b41cb5/in_use.lock acquired by nodename 16662@pr-hdds-2162-htzpk-1451759861
2019-09-26 16:44:14,782 [pool-597-thread-1] INFO  storage.RaftStorageDirectory (RaftStorageDirectory.java:tryLock(328)) - Lock on /workdir/hadoop-ozone/integration-test/target/test-dir/MiniOzoneClusterImpl-2d738554-168c-4e5d-822f-b5acc277bde2/datanode-9/data/ratis/50b5b5f8-cf25-4160-81f0-f67703b41cb5/in_use.lock acquired by nodename 16662@pr-hdds-2162-htzpk-1451759861
2019-09-26 16:44:14,795 [pool-537-thread-1] INFO  storage.RaftStorage (RaftStorage.java:format(72)) - Storage directory /workdir/hadoop-ozone/integration-test/target/test-dir/MiniOzoneClusterImpl-2d738554-168c-4e5d-822f-b5acc277bde2/datanode-3/data/ratis/50b5b5f8-cf25-4160-81f0-f67703b41cb5 has been successfully formatted.
2019-09-26 16:44:14,796 [pool-577-thread-1] INFO  storage.RaftStorage (RaftStorage.java:format(72)) - Storage directory /workdir/hadoop-ozone/integration-test/target/test-dir/MiniOzoneClusterImpl-2d738554-168c-4e5d-822f-b5acc277bde2/datanode-7/data/ratis/50b5b5f8-cf25-4160-81f0-f67703b41cb5 has been successfully formatted.
2019-09-26 16:44:14,796 [pool-597-thread-1] INFO  storage.RaftStorage (RaftStorage.java:format(72)) - Storage directory /workdir/hadoop-ozone/integration-test/target/test-dir/MiniOzoneClusterImpl-2d738554-168c-4e5d-822f-b5acc277bde2/datanode-9/data/ratis/50b5b5f8-cf25-4160-81f0-f67703b41cb5 has been successfully formatted.
2019-09-26 16:44:14,796 [pool-577-thread-1] INFO  ratis.ContainerStateMachine (ContainerStateMachine.java:loadSnapshot(230)) - group-F67703B41CB5: The snapshot info is null. Setting the last applied indexto:(t:0, i:~)
2019-09-26 16:44:14,796 [pool-537-thread-1] INFO  ratis.ContainerStateMachine (ContainerStateMachine.java:loadSnapshot(230)) - group-F67703B41CB5: The snapshot info is null. Setting the last applied indexto:(t:0, i:~)
2019-09-26 16:44:14,796 [pool-577-thread-1] INFO  server.RaftServerConfigKeys (ConfUtils.java:logGet(43)) - raft.server.notification.no-leader.timeout = 120s (custom)
2019-09-26 16:44:14,796 [pool-597-thread-1] INFO  ratis.ContainerStateMachine (ContainerStateMachine.java:loadSnapshot(230)) - group-F67703B41CB5: The snapshot info is null. Setting the last applied indexto:(t:0, i:~)
2019-09-26 16:44:14,797 [pool-577-thread-1] INFO  server.RaftServerConfigKeys (ConfUtils.java:logGet(43)) - raft.server.log.use.memory = false (default)
2019-09-26 16:44:14,796 [pool-537-thread-1] INFO  server.RaftServerConfigKeys (ConfUtils.java:logGet(43)) - raft.server.notification.no-leader.timeout = 120s (custom)
2019-09-26 16:44:14,797 [pool-577-thread-1] INFO  server.RaftServerConfigKeys (ConfUtils.java:logGet(43)) - raft.server.log.purge.gap = 1000000 (custom)
2019-09-26 16:44:14,797 [pool-577-thread-1] INFO  server.RaftServerConfigKeys (ConfUtils.java:logGet(43)) - raft.server.log.appender.buffer.byte-limit = 33554432 (custom)
2019-09-26 16:44:14,797 [pool-597-thread-1] INFO  server.RaftServerConfigKeys (ConfUtils.java:logGet(43)) - raft.server.notification.no-leader.timeout = 120s (custom)
2019-09-26 16:44:14,797 [pool-577-thread-1] INFO  server.RaftServerConfigKeys (ConfUtils.java:logGet(43)) - raft.server.log.segment.size.max = 1048576 (custom)
2019-09-26 16:44:14,797 [pool-537-thread-1] INFO  server.RaftServerConfigKeys (ConfUtils.java:logGet(43)) - raft.server.log.use.memory = false (default)
2019-09-26 16:44:14,798 [pool-577-thread-1] INFO  server.RaftServerConfigKeys (ConfUtils.java:logGet(43)) - raft.server.log.segment.cache.num.max = 2 (custom)
2019-09-26 16:44:14,798 [pool-597-thread-1] INFO  server.RaftServerConfigKeys (ConfUtils.java:logGet(43)) - raft.server.log.use.memory = false (default)
2019-09-26 16:44:14,798 [pool-577-thread-1] INFO  segmented.SegmentedRaftLogWorker (SegmentedRaftLogWorker.java:<init>(172)) - new 0ded38ee-67df-4068-adb8-539d3d8b400f@group-F67703B41CB5-SegmentedRaftLogWorker for RaftStorage:Storage Directory /workdir/hadoop-ozone/integration-test/target/test-dir/MiniOzoneClusterImpl-2d738554-168c-4e5d-822f-b5acc277bde2/datanode-7/data/ratis/50b5b5f8-cf25-4160-81f0-f67703b41cb5
2019-09-26 16:44:14,798 [pool-537-thread-1] INFO  server.RaftServerConfigKeys (ConfUtils.java:logGet(43)) - raft.server.log.purge.gap = 1000000 (custom)
2019-09-26 16:44:14,798 [pool-577-thread-1] INFO  server.RaftServerConfigKeys (ConfUtils.java:logGet(43)) - raft.server.log.queue.byte-limit = 2147483647 (custom)
2019-09-26 16:44:14,798 [pool-597-thread-1] INFO  server.RaftServerConfigKeys (ConfUtils.java:logGet(43)) - raft.server.log.purge.gap = 1000000 (custom)
2019-09-26 16:44:14,799 [pool-577-thread-1] INFO  server.RaftServerConfigKeys (ConfUtils.java:logGet(43)) - raft.server.log.queue.element-limit = 1024 (custom)
2019-09-26 16:44:14,798 [pool-537-thread-1] INFO  server.RaftServerConfigKeys (ConfUtils.java:logGet(43)) - raft.server.log.appender.buffer.byte-limit = 33554432 (custom)
2019-09-26 16:44:14,799 [pool-577-thread-1] INFO  server.RaftServerConfigKeys (ConfUtils.java:logGet(43)) - raft.server.log.segment.size.max = 1048576 (custom)
2019-09-26 16:44:14,799 [pool-577-thread-1] INFO  server.RaftServerConfigKeys (ConfUtils.java:logGet(43)) - raft.server.log.preallocated.size = 16384 (custom)
2019-09-26 16:44:14,799 [pool-597-thread-1] INFO  server.RaftServerConfigKeys (ConfUtils.java:logGet(43)) - raft.server.log.appender.buffer.byte-limit = 33554432 (custom)
2019-09-26 16:44:14,799 [pool-577-thread-1] INFO  server.RaftServerConfigKeys (ConfUtils.java:logGet(43)) - raft.server.log.write.buffer.size = 33554432 (custom)
2019-09-26 16:44:14,800 [pool-577-thread-1] INFO  server.RaftServerConfigKeys (ConfUtils.java:logGet(43)) - raft.server.log.force.sync.num = 128 (default)
2019-09-26 16:44:14,799 [pool-537-thread-1] INFO  server.RaftServerConfigKeys (ConfUtils.java:logGet(43)) - raft.server.log.segment.size.max = 1048576 (custom)
2019-09-26 16:44:14,800 [pool-577-thread-1] INFO  server.RaftServerConfigKeys (ConfUtils.java:logGet(43)) - raft.server.log.statemachine.data.sync = true (default)
2019-09-26 16:44:14,800 [pool-577-thread-1] INFO  server.RaftServerConfigKeys (ConfUtils.java:logGet(43)) - raft.server.log.statemachine.data.sync.timeout = 10s (default)
2019-09-26 16:44:14,800 [pool-597-thread-1] INFO  server.RaftServerConfigKeys (ConfUtils.java:logGet(43)) - raft.server.log.segment.size.max = 1048576 (custom)
2019-09-26 16:44:14,800 [pool-577-thread-1] INFO  server.RaftServerConfigKeys (ConfUtils.java:logGet(43)) - raft.server.log.statemachine.data.sync.timeout.retry = -1 (default)
2019-09-26 16:44:14,800 [pool-537-thread-1] INFO  server.RaftServerConfigKeys (ConfUtils.java:logGet(43)) - raft.server.log.segment.cache.num.max = 2 (custom)
2019-09-26 16:44:14,801 [pool-577-thread-1] INFO  server.RaftServerConfigKeys (ConfUtils.java:logGet(43)) - raft.server.log.statemachine.data.caching.enabled = true (custom)
2019-09-26 16:44:14,801 [pool-597-thread-1] INFO  server.RaftServerConfigKeys (ConfUtils.java:logGet(43)) - raft.server.log.segment.cache.num.max = 2 (custom)
2019-09-26 16:44:14,801 [pool-577-thread-1] INFO  segmented.SegmentedRaftLogWorker (SegmentedRaftLogWorker.java:lambda$new$0(132)) - 0ded38ee-67df-4068-adb8-539d3d8b400f@group-F67703B41CB5-SegmentedRaftLogWorker: flushIndex: setUnconditionally 0 -> -1
2019-09-26 16:44:14,801 [pool-537-thread-1] INFO  segmented.SegmentedRaftLogWorker (SegmentedRaftLogWorker.java:<init>(172)) - new 59fe4627-77ba-4d6f-bbfd-1773d3bea00c@group-F67703B41CB5-SegmentedRaftLogWorker for RaftStorage:Storage Directory /workdir/hadoop-ozone/integration-test/target/test-dir/MiniOzoneClusterImpl-2d738554-168c-4e5d-822f-b5acc277bde2/datanode-3/data/ratis/50b5b5f8-cf25-4160-81f0-f67703b41cb5
2019-09-26 16:44:14,801 [pool-597-thread-1] INFO  segmented.SegmentedRaftLogWorker (SegmentedRaftLogWorker.java:<init>(172)) - new af201f12-6a5d-4f7c-8339-ef82b05a5091@group-F67703B41CB5-SegmentedRaftLogWorker for RaftStorage:Storage Directory /workdir/hadoop-ozone/integration-test/target/test-dir/MiniOzoneClusterImpl-2d738554-168c-4e5d-822f-b5acc277bde2/datanode-9/data/ratis/50b5b5f8-cf25-4160-81f0-f67703b41cb5
2019-09-26 16:44:14,802 [pool-537-thread-1] INFO  server.RaftServerConfigKeys (ConfUtils.java:logGet(43)) - raft.server.log.queue.byte-limit = 2147483647 (custom)
2019-09-26 16:44:14,802 [pool-577-thread-1] INFO  server.RaftServerConfigKeys (ConfUtils.java:logGet(43)) - raft.server.snapshot.auto.trigger.enabled = true (custom)
2019-09-26 16:44:14,802 [pool-537-thread-1] INFO  server.RaftServerConfigKeys (ConfUtils.java:logGet(43)) - raft.server.log.queue.element-limit = 1024 (custom)
2019-09-26 16:44:14,802 [pool-597-thread-1] INFO  server.RaftServerConfigKeys (ConfUtils.java:logGet(43)) - raft.server.log.queue.byte-limit = 2147483647 (custom)
2019-09-26 16:44:14,802 [pool-537-thread-1] INFO  server.RaftServerConfigKeys (ConfUtils.java:logGet(43)) - raft.server.log.segment.size.max = 1048576 (custom)
2019-09-26 16:44:14,803 [pool-537-thread-1] INFO  server.RaftServerConfigKeys (ConfUtils.java:logGet(43)) - raft.server.log.preallocated.size = 16384 (custom)
2019-09-26 16:44:14,802 [pool-577-thread-1] INFO  server.RaftServerConfigKeys (ConfUtils.java:logGet(43)) - raft.server.snapshot.auto.trigger.threshold = 10000 (custom)
2019-09-26 16:44:14,803 [pool-537-thread-1] INFO  server.RaftServerConfigKeys (ConfUtils.java:logGet(43)) - raft.server.log.write.buffer.size = 33554432 (custom)
2019-09-26 16:44:14,803 [pool-537-thread-1] INFO  server.RaftServerConfigKeys (ConfUtils.java:logGet(43)) - raft.server.log.force.sync.num = 128 (default)
2019-09-26 16:44:14,803 [pool-597-thread-1] INFO  server.RaftServerConfigKeys (ConfUtils.java:logGet(43)) - raft.server.log.queue.element-limit = 1024 (custom)
2019-09-26 16:44:14,803 [pool-537-thread-1] INFO  server.RaftServerConfigKeys (ConfUtils.java:logGet(43)) - raft.server.log.statemachine.data.sync = true (default)
2019-09-26 16:44:14,803 [pool-577-thread-1] INFO  server.RaftServerConfigKeys (ConfUtils.java:logGet(43)) - raft.server.snapshot.retention.num.files = 5 (custom)
2019-09-26 16:44:14,804 [pool-537-thread-1] INFO  server.RaftServerConfigKeys (ConfUtils.java:logGet(43)) - raft.server.log.statemachine.data.sync.timeout = 10s (default)
2019-09-26 16:44:14,804 [pool-597-thread-1] INFO  server.RaftServerConfigKeys (ConfUtils.java:logGet(43)) - raft.server.log.segment.size.max = 1048576 (custom)
2019-09-26 16:44:14,804 [pool-537-thread-1] INFO  server.RaftServerConfigKeys (ConfUtils.java:logGet(43)) - raft.server.log.statemachine.data.sync.timeout.retry = -1 (default)
2019-09-26 16:44:14,804 [pool-577-thread-1] INFO  server.RaftServerConfigKeys (ConfUtils.java:logGet(43)) - raft.server.retrycache.expirytime = 600000ms (custom)
2019-09-26 16:44:14,804 [pool-537-thread-1] INFO  server.RaftServerConfigKeys (ConfUtils.java:logGet(43)) - raft.server.log.statemachine.data.caching.enabled = true (custom)
2019-09-26 16:44:14,804 [pool-597-thread-1] INFO  server.RaftServerConfigKeys (ConfUtils.java:logGet(43)) - raft.server.log.preallocated.size = 16384 (custom)
2019-09-26 16:44:14,805 [pool-537-thread-1] INFO  segmented.SegmentedRaftLogWorker (SegmentedRaftLogWorker.java:lambda$new$0(132)) - 59fe4627-77ba-4d6f-bbfd-1773d3bea00c@group-F67703B41CB5-SegmentedRaftLogWorker: flushIndex: setUnconditionally 0 -> -1
2019-09-26 16:44:14,805 [pool-597-thread-1] INFO  server.RaftServerConfigKeys (ConfUtils.java:logGet(43)) - raft.server.log.write.buffer.size = 33554432 (custom)
2019-09-26 16:44:14,805 [pool-597-thread-1] INFO  server.RaftServerConfigKeys (ConfUtils.java:logGet(43)) - raft.server.log.force.sync.num = 128 (default)
2019-09-26 16:44:14,805 [pool-597-thread-1] INFO  server.RaftServerConfigKeys (ConfUtils.java:logGet(43)) - raft.server.log.statemachine.data.sync = true (default)
2019-09-26 16:44:14,805 [pool-537-thread-1] INFO  server.RaftServerConfigKeys (ConfUtils.java:logGet(43)) - raft.server.snapshot.auto.trigger.enabled = true (custom)
2019-09-26 16:44:14,806 [pool-597-thread-1] INFO  server.RaftServerConfigKeys (ConfUtils.java:logGet(43)) - raft.server.log.statemachine.data.sync.timeout = 10s (default)
2019-09-26 16:44:14,806 [pool-537-thread-1] INFO  server.RaftServerConfigKeys (ConfUtils.java:logGet(43)) - raft.server.snapshot.auto.trigger.threshold = 10000 (custom)
2019-09-26 16:44:14,806 [pool-597-thread-1] INFO  server.RaftServerConfigKeys (ConfUtils.java:logGet(43)) - raft.server.log.statemachine.data.sync.timeout.retry = -1 (default)
2019-09-26 16:44:14,806 [pool-537-thread-1] INFO  server.RaftServerConfigKeys (ConfUtils.java:logGet(43)) - raft.server.snapshot.retention.num.files = 5 (custom)
2019-09-26 16:44:14,806 [pool-597-thread-1] INFO  server.RaftServerConfigKeys (ConfUtils.java:logGet(43)) - raft.server.log.statemachine.data.caching.enabled = true (custom)
2019-09-26 16:44:14,806 [pool-577-thread-1] INFO  impl.RaftServerImpl (RaftServerImpl.java:start(185)) - 0ded38ee-67df-4068-adb8-539d3d8b400f@group-F67703B41CB5: start as a follower, conf=-1: [59fe4627-77ba-4d6f-bbfd-1773d3bea00c:192.168.157.234:45861, af201f12-6a5d-4f7c-8339-ef82b05a5091:192.168.157.234:43417, 0ded38ee-67df-4068-adb8-539d3d8b400f:192.168.157.234:34114], old=null
2019-09-26 16:44:14,807 [pool-597-thread-1] INFO  segmented.SegmentedRaftLogWorker (SegmentedRaftLogWorker.java:lambda$new$0(132)) - af201f12-6a5d-4f7c-8339-ef82b05a5091@group-F67703B41CB5-SegmentedRaftLogWorker: flushIndex: setUnconditionally 0 -> -1
2019-09-26 16:44:14,806 [pool-537-thread-1] INFO  server.RaftServerConfigKeys (ConfUtils.java:logGet(43)) - raft.server.retrycache.expirytime = 600000ms (custom)
2019-09-26 16:44:14,807 [pool-577-thread-1] INFO  impl.RaftServerImpl (RaftServerImpl.java:setRole(174)) - 0ded38ee-67df-4068-adb8-539d3d8b400f@group-F67703B41CB5: changes role from      null to FOLLOWER at term 0 for startAsFollower
2019-09-26 16:44:14,807 [pool-597-thread-1] INFO  server.RaftServerConfigKeys (ConfUtils.java:logGet(43)) - raft.server.snapshot.auto.trigger.enabled = true (custom)
2019-09-26 16:44:14,807 [pool-577-thread-1] INFO  impl.RoleInfo (RoleInfo.java:updateAndGet(143)) - 0ded38ee-67df-4068-adb8-539d3d8b400f: start FollowerState
2019-09-26 16:44:14,807 [pool-597-thread-1] INFO  server.RaftServerConfigKeys (ConfUtils.java:logGet(43)) - raft.server.snapshot.auto.trigger.threshold = 10000 (custom)
2019-09-26 16:44:14,808 [pool-597-thread-1] INFO  server.RaftServerConfigKeys (ConfUtils.java:logGet(43)) - raft.server.snapshot.retention.num.files = 5 (custom)
2019-09-26 16:44:14,808 [pool-577-thread-1] INFO  util.JmxRegister (JmxRegister.java:tryRegister(44)) - Successfully registered JMX Bean with object name Ratis:service=RaftServer,group=group-F67703B41CB5,id=0ded38ee-67df-4068-adb8-539d3d8b400f
2019-09-26 16:44:14,808 [pool-597-thread-1] INFO  server.RaftServerConfigKeys (ConfUtils.java:logGet(43)) - raft.server.retrycache.expirytime = 600000ms (custom)
2019-09-26 16:44:14,809 [pool-537-thread-1] INFO  impl.RaftServerImpl (RaftServerImpl.java:start(185)) - 59fe4627-77ba-4d6f-bbfd-1773d3bea00c@group-F67703B41CB5: start as a follower, conf=-1: [59fe4627-77ba-4d6f-bbfd-1773d3bea00c:192.168.157.234:45861, af201f12-6a5d-4f7c-8339-ef82b05a5091:192.168.157.234:43417, 0ded38ee-67df-4068-adb8-539d3d8b400f:192.168.157.234:34114], old=null
2019-09-26 16:44:14,809 [pool-537-thread-1] INFO  impl.RaftServerImpl (RaftServerImpl.java:setRole(174)) - 59fe4627-77ba-4d6f-bbfd-1773d3bea00c@group-F67703B41CB5: changes role from      null to FOLLOWER at term 0 for startAsFollower
2019-09-26 16:44:14,810 [pool-537-thread-1] INFO  impl.RoleInfo (RoleInfo.java:updateAndGet(143)) - 59fe4627-77ba-4d6f-bbfd-1773d3bea00c: start FollowerState
2019-09-26 16:44:14,810 [pool-597-thread-1] INFO  impl.RaftServerImpl (RaftServerImpl.java:start(185)) - af201f12-6a5d-4f7c-8339-ef82b05a5091@group-F67703B41CB5: start as a follower, conf=-1: [59fe4627-77ba-4d6f-bbfd-1773d3bea00c:192.168.157.234:45861, af201f12-6a5d-4f7c-8339-ef82b05a5091:192.168.157.234:43417, 0ded38ee-67df-4068-adb8-539d3d8b400f:192.168.157.234:34114], old=null
2019-09-26 16:44:14,814 [pool-597-thread-1] INFO  impl.RaftServerImpl (RaftServerImpl.java:setRole(174)) - af201f12-6a5d-4f7c-8339-ef82b05a5091@group-F67703B41CB5: changes role from      null to FOLLOWER at term 0 for startAsFollower
2019-09-26 16:44:14,815 [pool-537-thread-1] INFO  util.JmxRegister (JmxRegister.java:tryRegister(44)) - Successfully registered JMX Bean with object name Ratis:service=RaftServer,group=group-F67703B41CB5,id=59fe4627-77ba-4d6f-bbfd-1773d3bea00c
2019-09-26 16:44:14,815 [pool-597-thread-1] INFO  impl.RoleInfo (RoleInfo.java:updateAndGet(143)) - af201f12-6a5d-4f7c-8339-ef82b05a5091: start FollowerState
2019-09-26 16:44:14,815 [pool-597-thread-1] INFO  util.JmxRegister (JmxRegister.java:tryRegister(44)) - Successfully registered JMX Bean with object name Ratis:service=RaftServer,group=group-F67703B41CB5,id=af201f12-6a5d-4f7c-8339-ef82b05a5091
2019-09-26 16:44:14,824 [RatisPipelineUtilsThread] INFO  pipeline.PipelineStateManager (PipelineStateManager.java:addPipeline(56)) - Created pipeline Pipeline[ Id: 50b5b5f8-cf25-4160-81f0-f67703b41cb5, Nodes: 59fe4627-77ba-4d6f-bbfd-1773d3bea00c{ip: 192.168.157.234, host: pr-hdds-2162-htzpk-1451759861, networkLocation: /rack1, certSerialId: null}af201f12-6a5d-4f7c-8339-ef82b05a5091{ip: 192.168.157.234, host: pr-hdds-2162-htzpk-1451759861, networkLocation: /rack1, certSerialId: null}0ded38ee-67df-4068-adb8-539d3d8b400f{ip: 192.168.157.234, host: pr-hdds-2162-htzpk-1451759861, networkLocation: /rack1, certSerialId: null}, Type:RATIS, Factor:THREE, State:OPEN]
2019-09-26 16:44:14,837 [grpc-default-executor-2] INFO  impl.RaftServerProxy (RaftServerProxy.java:addNew(89)) - b3b856ac-1ab1-4d7f-a378-339434076e6f: addNew group-8ED6358F0D74:[d33b97c7-2f19-4eba-ab29-dbf55e8d730b:192.168.157.234:40702, 16d11c64-a500-4b3c-99b4-e07456a37d86:192.168.157.234:36011, b3b856ac-1ab1-4d7f-a378-339434076e6f:192.168.157.234:36563] returns group-8ED6358F0D74:java.util.concurrent.CompletableFuture@51c74d98[Not completed]
2019-09-26 16:44:14,838 [grpc-default-executor-1] INFO  impl.RaftServerProxy (RaftServerProxy.java:addNew(89)) - d33b97c7-2f19-4eba-ab29-dbf55e8d730b: addNew group-8ED6358F0D74:[d33b97c7-2f19-4eba-ab29-dbf55e8d730b:192.168.157.234:40702, 16d11c64-a500-4b3c-99b4-e07456a37d86:192.168.157.234:36011, b3b856ac-1ab1-4d7f-a378-339434076e6f:192.168.157.234:36563] returns group-8ED6358F0D74:java.util.concurrent.CompletableFuture@4b63f041[Not completed]
2019-09-26 16:44:14,837 [grpc-default-executor-0] INFO  impl.RaftServerProxy (RaftServerProxy.java:addNew(89)) - 16d11c64-a500-4b3c-99b4-e07456a37d86: addNew group-8ED6358F0D74:[d33b97c7-2f19-4eba-ab29-dbf55e8d730b:192.168.157.234:40702, 16d11c64-a500-4b3c-99b4-e07456a37d86:192.168.157.234:36011, b3b856ac-1ab1-4d7f-a378-339434076e6f:192.168.157.234:36563] returns group-8ED6358F0D74:java.util.concurrent.CompletableFuture@56967ceb[Not completed]
2019-09-26 16:44:14,842 [pool-547-thread-1] INFO  impl.RaftServerImpl (RaftServerImpl.java:<init>(95)) - b3b856ac-1ab1-4d7f-a378-339434076e6f: new RaftServerImpl for group-8ED6358F0D74:[d33b97c7-2f19-4eba-ab29-dbf55e8d730b:192.168.157.234:40702, 16d11c64-a500-4b3c-99b4-e07456a37d86:192.168.157.234:36011, b3b856ac-1ab1-4d7f-a378-339434076e6f:192.168.157.234:36563] with ContainerStateMachine:uninitialized
2019-09-26 16:44:14,842 [pool-547-thread-1] INFO  server.RaftServerConfigKeys (ConfUtils.java:logGet(43)) - raft.server.rpc.timeout.min = 1s (custom)
2019-09-26 16:44:14,842 [pool-547-thread-1] INFO  server.RaftServerConfigKeys (ConfUtils.java:logGet(43)) - raft.server.rpc.timeout.max = 1200ms (custom)
2019-09-26 16:44:14,842 [pool-547-thread-1] INFO  server.RaftServerConfigKeys (ConfUtils.java:logGet(43)) - raft.server.rpcslowness.timeout = 120s (custom)
2019-09-26 16:44:14,842 [pool-587-thread-1] INFO  impl.RaftServerImpl (RaftServerImpl.java:<init>(95)) - d33b97c7-2f19-4eba-ab29-dbf55e8d730b: new RaftServerImpl for group-8ED6358F0D74:[d33b97c7-2f19-4eba-ab29-dbf55e8d730b:192.168.157.234:40702, 16d11c64-a500-4b3c-99b4-e07456a37d86:192.168.157.234:36011, b3b856ac-1ab1-4d7f-a378-339434076e6f:192.168.157.234:36563] with ContainerStateMachine:uninitialized
2019-09-26 16:44:14,842 [pool-547-thread-1] INFO  server.RaftServerConfigKeys (ConfUtils.java:logGet(43)) - raft.server.sleep.deviation.threshold = 300 (default)
2019-09-26 16:44:14,842 [pool-587-thread-1] INFO  server.RaftServerConfigKeys (ConfUtils.java:logGet(43)) - raft.server.rpc.timeout.min = 1s (custom)
2019-09-26 16:44:14,843 [pool-557-thread-1] INFO  impl.RaftServerImpl (RaftServerImpl.java:<init>(95)) - 16d11c64-a500-4b3c-99b4-e07456a37d86: new RaftServerImpl for group-8ED6358F0D74:[d33b97c7-2f19-4eba-ab29-dbf55e8d730b:192.168.157.234:40702, 16d11c64-a500-4b3c-99b4-e07456a37d86:192.168.157.234:36011, b3b856ac-1ab1-4d7f-a378-339434076e6f:192.168.157.234:36563] with ContainerStateMachine:uninitialized
2019-09-26 16:44:14,843 [pool-547-thread-1] INFO  server.RaftServerConfigKeys (ConfUtils.java:logGet(43)) - raft.server.log.appender.install.snapshot.enabled = false (custom)
2019-09-26 16:44:14,843 [pool-557-thread-1] INFO  server.RaftServerConfigKeys (ConfUtils.java:logGet(43)) - raft.server.rpc.timeout.min = 1s (custom)
2019-09-26 16:44:14,843 [pool-557-thread-1] INFO  server.RaftServerConfigKeys (ConfUtils.java:logGet(43)) - raft.server.rpc.timeout.max = 1200ms (custom)
2019-09-26 16:44:14,843 [pool-587-thread-1] INFO  server.RaftServerConfigKeys (ConfUtils.java:logGet(43)) - raft.server.rpc.timeout.max = 1200ms (custom)
2019-09-26 16:44:14,843 [pool-557-thread-1] INFO  server.RaftServerConfigKeys (ConfUtils.java:logGet(43)) - raft.server.rpcslowness.timeout = 120s (custom)
2019-09-26 16:44:14,844 [pool-557-thread-1] INFO  server.RaftServerConfigKeys (ConfUtils.java:logGet(43)) - raft.server.sleep.deviation.threshold = 300 (default)
2019-09-26 16:44:14,843 [pool-547-thread-1] INFO  impl.RaftServerImpl (ServerState.java:<init>(103)) - b3b856ac-1ab1-4d7f-a378-339434076e6f@group-8ED6358F0D74: ConfigurationManager, init=-1: [d33b97c7-2f19-4eba-ab29-dbf55e8d730b:192.168.157.234:40702, 16d11c64-a500-4b3c-99b4-e07456a37d86:192.168.157.234:36011, b3b856ac-1ab1-4d7f-a378-339434076e6f:192.168.157.234:36563], old=null, confs=<EMPTY_MAP>
2019-09-26 16:44:14,844 [pool-557-thread-1] INFO  server.RaftServerConfigKeys (ConfUtils.java:logGet(43)) - raft.server.log.appender.install.snapshot.enabled = false (custom)
2019-09-26 16:44:14,843 [pool-587-thread-1] INFO  server.RaftServerConfigKeys (ConfUtils.java:logGet(43)) - raft.server.rpcslowness.timeout = 120s (custom)
2019-09-26 16:44:14,844 [pool-557-thread-1] INFO  impl.RaftServerImpl (ServerState.java:<init>(103)) - 16d11c64-a500-4b3c-99b4-e07456a37d86@group-8ED6358F0D74: ConfigurationManager, init=-1: [d33b97c7-2f19-4eba-ab29-dbf55e8d730b:192.168.157.234:40702, 16d11c64-a500-4b3c-99b4-e07456a37d86:192.168.157.234:36011, b3b856ac-1ab1-4d7f-a378-339434076e6f:192.168.157.234:36563], old=null, confs=<EMPTY_MAP>
2019-09-26 16:44:14,844 [pool-547-thread-1] INFO  server.RaftServerConfigKeys (ConfUtils.java:logGet(43)) - raft.server.storage.dir = [/workdir/hadoop-ozone/integration-test/target/test-dir/MiniOzoneClusterImpl-2d738554-168c-4e5d-822f-b5acc277bde2/datanode-4/data/ratis] (custom)
2019-09-26 16:44:14,844 [pool-557-thread-1] INFO  server.RaftServerConfigKeys (ConfUtils.java:logGet(43)) - raft.server.storage.dir = [/workdir/hadoop-ozone/integration-test/target/test-dir/MiniOzoneClusterImpl-2d738554-168c-4e5d-822f-b5acc277bde2/datanode-5/data/ratis] (custom)
2019-09-26 16:44:14,844 [pool-587-thread-1] INFO  server.RaftServerConfigKeys (ConfUtils.java:logGet(43)) - raft.server.sleep.deviation.threshold = 300 (default)
2019-09-26 16:44:14,845 [pool-557-thread-1] INFO  storage.RaftStorageDirectory (RaftStorageDirectory.java:analyzeStorage(246)) - The storage directory /workdir/hadoop-ozone/integration-test/target/test-dir/MiniOzoneClusterImpl-2d738554-168c-4e5d-822f-b5acc277bde2/datanode-5/data/ratis/e215c565-a85f-4b8b-9ef9-8ed6358f0d74 does not exist. Creating ...
2019-09-26 16:44:14,845 [pool-547-thread-1] INFO  storage.RaftStorageDirectory (RaftStorageDirectory.java:analyzeStorage(246)) - The storage directory /workdir/hadoop-ozone/integration-test/target/test-dir/MiniOzoneClusterImpl-2d738554-168c-4e5d-822f-b5acc277bde2/datanode-4/data/ratis/e215c565-a85f-4b8b-9ef9-8ed6358f0d74 does not exist. Creating ...
2019-09-26 16:44:14,845 [pool-587-thread-1] INFO  server.RaftServerConfigKeys (ConfUtils.java:logGet(43)) - raft.server.log.appender.install.snapshot.enabled = false (custom)
2019-09-26 16:44:14,845 [pool-587-thread-1] INFO  impl.RaftServerImpl (ServerState.java:<init>(103)) - d33b97c7-2f19-4eba-ab29-dbf55e8d730b@group-8ED6358F0D74: ConfigurationManager, init=-1: [d33b97c7-2f19-4eba-ab29-dbf55e8d730b:192.168.157.234:40702, 16d11c64-a500-4b3c-99b4-e07456a37d86:192.168.157.234:36011, b3b856ac-1ab1-4d7f-a378-339434076e6f:192.168.157.234:36563], old=null, confs=<EMPTY_MAP>
2019-09-26 16:44:14,845 [pool-587-thread-1] INFO  server.RaftServerConfigKeys (ConfUtils.java:logGet(43)) - raft.server.storage.dir = [/workdir/hadoop-ozone/integration-test/target/test-dir/MiniOzoneClusterImpl-2d738554-168c-4e5d-822f-b5acc277bde2/datanode-8/data/ratis] (custom)
2019-09-26 16:44:14,846 [pool-587-thread-1] INFO  storage.RaftStorageDirectory (RaftStorageDirectory.java:analyzeStorage(246)) - The storage directory /workdir/hadoop-ozone/integration-test/target/test-dir/MiniOzoneClusterImpl-2d738554-168c-4e5d-822f-b5acc277bde2/datanode-8/data/ratis/e215c565-a85f-4b8b-9ef9-8ed6358f0d74 does not exist. Creating ...
2019-09-26 16:44:14,858 [pool-587-thread-1] INFO  storage.RaftStorageDirectory (RaftStorageDirectory.java:tryLock(328)) - Lock on /workdir/hadoop-ozone/integration-test/target/test-dir/MiniOzoneClusterImpl-2d738554-168c-4e5d-822f-b5acc277bde2/datanode-8/data/ratis/e215c565-a85f-4b8b-9ef9-8ed6358f0d74/in_use.lock acquired by nodename 16662@pr-hdds-2162-htzpk-1451759861
2019-09-26 16:44:14,858 [pool-557-thread-1] INFO  storage.RaftStorageDirectory (RaftStorageDirectory.java:tryLock(328)) - Lock on /workdir/hadoop-ozone/integration-test/target/test-dir/MiniOzoneClusterImpl-2d738554-168c-4e5d-822f-b5acc277bde2/datanode-5/data/ratis/e215c565-a85f-4b8b-9ef9-8ed6358f0d74/in_use.lock acquired by nodename 16662@pr-hdds-2162-htzpk-1451759861
2019-09-26 16:44:14,858 [pool-547-thread-1] INFO  storage.RaftStorageDirectory (RaftStorageDirectory.java:tryLock(328)) - Lock on /workdir/hadoop-ozone/integration-test/target/test-dir/MiniOzoneClusterImpl-2d738554-168c-4e5d-822f-b5acc277bde2/datanode-4/data/ratis/e215c565-a85f-4b8b-9ef9-8ed6358f0d74/in_use.lock acquired by nodename 16662@pr-hdds-2162-htzpk-1451759861
2019-09-26 16:44:14,872 [pool-557-thread-1] INFO  storage.RaftStorage (RaftStorage.java:format(72)) - Storage directory /workdir/hadoop-ozone/integration-test/target/test-dir/MiniOzoneClusterImpl-2d738554-168c-4e5d-822f-b5acc277bde2/datanode-5/data/ratis/e215c565-a85f-4b8b-9ef9-8ed6358f0d74 has been successfully formatted.
2019-09-26 16:44:14,872 [pool-547-thread-1] INFO  storage.RaftStorage (RaftStorage.java:format(72)) - Storage directory /workdir/hadoop-ozone/integration-test/target/test-dir/MiniOzoneClusterImpl-2d738554-168c-4e5d-822f-b5acc277bde2/datanode-4/data/ratis/e215c565-a85f-4b8b-9ef9-8ed6358f0d74 has been successfully formatted.
2019-09-26 16:44:14,872 [pool-587-thread-1] INFO  storage.RaftStorage (RaftStorage.java:format(72)) - Storage directory /workdir/hadoop-ozone/integration-test/target/test-dir/MiniOzoneClusterImpl-2d738554-168c-4e5d-822f-b5acc277bde2/datanode-8/data/ratis/e215c565-a85f-4b8b-9ef9-8ed6358f0d74 has been successfully formatted.
2019-09-26 16:44:14,873 [pool-547-thread-1] INFO  ratis.ContainerStateMachine (ContainerStateMachine.java:loadSnapshot(230)) - group-8ED6358F0D74: The snapshot info is null. Setting the last applied indexto:(t:0, i:~)
2019-09-26 16:44:14,873 [pool-557-thread-1] INFO  ratis.ContainerStateMachine (ContainerStateMachine.java:loadSnapshot(230)) - group-8ED6358F0D74: The snapshot info is null. Setting the last applied indexto:(t:0, i:~)
2019-09-26 16:44:14,873 [pool-547-thread-1] INFO  server.RaftServerConfigKeys (ConfUtils.java:logGet(43)) - raft.server.notification.no-leader.timeout = 120s (custom)
2019-09-26 16:44:14,873 [pool-587-thread-1] INFO  ratis.ContainerStateMachine (ContainerStateMachine.java:loadSnapshot(230)) - group-8ED6358F0D74: The snapshot info is null. Setting the last applied indexto:(t:0, i:~)
2019-09-26 16:44:14,873 [pool-547-thread-1] INFO  server.RaftServerConfigKeys (ConfUtils.java:logGet(43)) - raft.server.log.use.memory = false (default)
2019-09-26 16:44:14,873 [pool-557-thread-1] INFO  server.RaftServerConfigKeys (ConfUtils.java:logGet(43)) - raft.server.notification.no-leader.timeout = 120s (custom)
2019-09-26 16:44:14,874 [pool-547-thread-1] INFO  server.RaftServerConfigKeys (ConfUtils.java:logGet(43)) - raft.server.log.purge.gap = 1000000 (custom)
2019-09-26 16:44:14,873 [pool-587-thread-1] INFO  server.RaftServerConfigKeys (ConfUtils.java:logGet(43)) - raft.server.notification.no-leader.timeout = 120s (custom)
2019-09-26 16:44:14,874 [pool-547-thread-1] INFO  server.RaftServerConfigKeys (ConfUtils.java:logGet(43)) - raft.server.log.appender.buffer.byte-limit = 33554432 (custom)
2019-09-26 16:44:14,874 [pool-557-thread-1] INFO  server.RaftServerConfigKeys (ConfUtils.java:logGet(43)) - raft.server.log.use.memory = false (default)
2019-09-26 16:44:14,874 [pool-547-thread-1] INFO  server.RaftServerConfigKeys (ConfUtils.java:logGet(43)) - raft.server.log.segment.size.max = 1048576 (custom)
2019-09-26 16:44:14,874 [pool-587-thread-1] INFO  server.RaftServerConfigKeys (ConfUtils.java:logGet(43)) - raft.server.log.use.memory = false (default)
2019-09-26 16:44:14,875 [pool-547-thread-1] INFO  server.RaftServerConfigKeys (ConfUtils.java:logGet(43)) - raft.server.log.segment.cache.num.max = 2 (custom)
2019-09-26 16:44:14,874 [pool-557-thread-1] INFO  server.RaftServerConfigKeys (ConfUtils.java:logGet(43)) - raft.server.log.purge.gap = 1000000 (custom)
2019-09-26 16:44:14,875 [pool-547-thread-1] INFO  segmented.SegmentedRaftLogWorker (SegmentedRaftLogWorker.java:<init>(172)) - new b3b856ac-1ab1-4d7f-a378-339434076e6f@group-8ED6358F0D74-SegmentedRaftLogWorker for RaftStorage:Storage Directory /workdir/hadoop-ozone/integration-test/target/test-dir/MiniOzoneClusterImpl-2d738554-168c-4e5d-822f-b5acc277bde2/datanode-4/data/ratis/e215c565-a85f-4b8b-9ef9-8ed6358f0d74
2019-09-26 16:44:14,875 [pool-587-thread-1] INFO  server.RaftServerConfigKeys (ConfUtils.java:logGet(43)) - raft.server.log.purge.gap = 1000000 (custom)
2019-09-26 16:44:14,875 [pool-547-thread-1] INFO  server.RaftServerConfigKeys (ConfUtils.java:logGet(43)) - raft.server.log.queue.byte-limit = 2147483647 (custom)
2019-09-26 16:44:14,876 [pool-547-thread-1] INFO  server.RaftServerConfigKeys (ConfUtils.java:logGet(43)) - raft.server.log.queue.element-limit = 1024 (custom)
2019-09-26 16:44:14,875 [pool-557-thread-1] INFO  server.RaftServerConfigKeys (ConfUtils.java:logGet(43)) - raft.server.log.appender.buffer.byte-limit = 33554432 (custom)
2019-09-26 16:44:14,876 [pool-547-thread-1] INFO  server.RaftServerConfigKeys (ConfUtils.java:logGet(43)) - raft.server.log.segment.size.max = 1048576 (custom)
2019-09-26 16:44:14,876 [pool-547-thread-1] INFO  server.RaftServerConfigKeys (ConfUtils.java:logGet(43)) - raft.server.log.preallocated.size = 16384 (custom)
2019-09-26 16:44:14,876 [pool-587-thread-1] INFO  server.RaftServerConfigKeys (ConfUtils.java:logGet(43)) - raft.server.log.appender.buffer.byte-limit = 33554432 (custom)
2019-09-26 16:44:14,876 [pool-547-thread-1] INFO  server.RaftServerConfigKeys (ConfUtils.java:logGet(43)) - raft.server.log.write.buffer.size = 33554432 (custom)
2019-09-26 16:44:14,876 [pool-557-thread-1] INFO  server.RaftServerConfigKeys (ConfUtils.java:logGet(43)) - raft.server.log.segment.size.max = 1048576 (custom)
2019-09-26 16:44:14,877 [pool-547-thread-1] INFO  server.RaftServerConfigKeys (ConfUtils.java:logGet(43)) - raft.server.log.force.sync.num = 128 (default)
2019-09-26 16:44:14,877 [pool-587-thread-1] INFO  server.RaftServerConfigKeys (ConfUtils.java:logGet(43)) - raft.server.log.segment.size.max = 1048576 (custom)
2019-09-26 16:44:14,877 [pool-547-thread-1] INFO  server.RaftServerConfigKeys (ConfUtils.java:logGet(43)) - raft.server.log.statemachine.data.sync = true (default)
2019-09-26 16:44:14,877 [pool-547-thread-1] INFO  server.RaftServerConfigKeys (ConfUtils.java:logGet(43)) - raft.server.log.statemachine.data.sync.timeout = 10s (default)
2019-09-26 16:44:14,877 [pool-557-thread-1] INFO  server.RaftServerConfigKeys (ConfUtils.java:logGet(43)) - raft.server.log.segment.cache.num.max = 2 (custom)
2019-09-26 16:44:14,877 [pool-547-thread-1] INFO  server.RaftServerConfigKeys (ConfUtils.java:logGet(43)) - raft.server.log.statemachine.data.sync.timeout.retry = -1 (default)
2019-09-26 16:44:14,877 [pool-587-thread-1] INFO  server.RaftServerConfigKeys (ConfUtils.java:logGet(43)) - raft.server.log.segment.cache.num.max = 2 (custom)
2019-09-26 16:44:14,878 [pool-547-thread-1] INFO  server.RaftServerConfigKeys (ConfUtils.java:logGet(43)) - raft.server.log.statemachine.data.caching.enabled = true (custom)
2019-09-26 16:44:14,878 [pool-557-thread-1] INFO  segmented.SegmentedRaftLogWorker (SegmentedRaftLogWorker.java:<init>(172)) - new 16d11c64-a500-4b3c-99b4-e07456a37d86@group-8ED6358F0D74-SegmentedRaftLogWorker for RaftStorage:Storage Directory /workdir/hadoop-ozone/integration-test/target/test-dir/MiniOzoneClusterImpl-2d738554-168c-4e5d-822f-b5acc277bde2/datanode-5/data/ratis/e215c565-a85f-4b8b-9ef9-8ed6358f0d74
2019-09-26 16:44:14,878 [pool-547-thread-1] INFO  segmented.SegmentedRaftLogWorker (SegmentedRaftLogWorker.java:lambda$new$0(132)) - b3b856ac-1ab1-4d7f-a378-339434076e6f@group-8ED6358F0D74-SegmentedRaftLogWorker: flushIndex: setUnconditionally 0 -> -1
2019-09-26 16:44:14,878 [pool-587-thread-1] INFO  segmented.SegmentedRaftLogWorker (SegmentedRaftLogWorker.java:<init>(172)) - new d33b97c7-2f19-4eba-ab29-dbf55e8d730b@group-8ED6358F0D74-SegmentedRaftLogWorker for RaftStorage:Storage Directory /workdir/hadoop-ozone/integration-test/target/test-dir/MiniOzoneClusterImpl-2d738554-168c-4e5d-822f-b5acc277bde2/datanode-8/data/ratis/e215c565-a85f-4b8b-9ef9-8ed6358f0d74
2019-09-26 16:44:14,878 [pool-557-thread-1] INFO  server.RaftServerConfigKeys (ConfUtils.java:logGet(43)) - raft.server.log.queue.byte-limit = 2147483647 (custom)
2019-09-26 16:44:14,879 [pool-587-thread-1] INFO  server.RaftServerConfigKeys (ConfUtils.java:logGet(43)) - raft.server.log.queue.byte-limit = 2147483647 (custom)
2019-09-26 16:44:14,879 [pool-547-thread-1] INFO  server.RaftServerConfigKeys (ConfUtils.java:logGet(43)) - raft.server.snapshot.auto.trigger.enabled = true (custom)
2019-09-26 16:44:14,879 [pool-587-thread-1] INFO  server.RaftServerConfigKeys (ConfUtils.java:logGet(43)) - raft.server.log.queue.element-limit = 1024 (custom)
2019-09-26 16:44:14,879 [pool-557-thread-1] INFO  server.RaftServerConfigKeys (ConfUtils.java:logGet(43)) - raft.server.log.queue.element-limit = 1024 (custom)
2019-09-26 16:44:14,879 [pool-587-thread-1] INFO  server.RaftServerConfigKeys (ConfUtils.java:logGet(43)) - raft.server.log.segment.size.max = 1048576 (custom)
2019-09-26 16:44:14,880 [pool-587-thread-1] INFO  server.RaftServerConfigKeys (ConfUtils.java:logGet(43)) - raft.server.log.preallocated.size = 16384 (custom)
2019-09-26 16:44:14,879 [pool-547-thread-1] INFO  server.RaftServerConfigKeys (ConfUtils.java:logGet(43)) - raft.server.snapshot.auto.trigger.threshold = 10000 (custom)
2019-09-26 16:44:14,880 [pool-587-thread-1] INFO  server.RaftServerConfigKeys (ConfUtils.java:logGet(43)) - raft.server.log.write.buffer.size = 33554432 (custom)
2019-09-26 16:44:14,879 [pool-557-thread-1] INFO  server.RaftServerConfigKeys (ConfUtils.java:logGet(43)) - raft.server.log.segment.size.max = 1048576 (custom)
2019-09-26 16:44:14,880 [pool-587-thread-1] INFO  server.RaftServerConfigKeys (ConfUtils.java:logGet(43)) - raft.server.log.force.sync.num = 128 (default)
2019-09-26 16:44:14,880 [pool-547-thread-1] INFO  server.RaftServerConfigKeys (ConfUtils.java:logGet(43)) - raft.server.snapshot.retention.num.files = 5 (custom)
2019-09-26 16:44:14,880 [pool-587-thread-1] INFO  server.RaftServerConfigKeys (ConfUtils.java:logGet(43)) - raft.server.log.statemachine.data.sync = true (default)
2019-09-26 16:44:14,880 [pool-557-thread-1] INFO  server.RaftServerConfigKeys (ConfUtils.java:logGet(43)) - raft.server.log.preallocated.size = 16384 (custom)
2019-09-26 16:44:14,881 [pool-587-thread-1] INFO  server.RaftServerConfigKeys (ConfUtils.java:logGet(43)) - raft.server.log.statemachine.data.sync.timeout = 10s (default)
2019-09-26 16:44:14,881 [pool-547-thread-1] INFO  server.RaftServerConfigKeys (ConfUtils.java:logGet(43)) - raft.server.retrycache.expirytime = 600000ms (custom)
2019-09-26 16:44:14,881 [pool-587-thread-1] INFO  server.RaftServerConfigKeys (ConfUtils.java:logGet(43)) - raft.server.log.statemachine.data.sync.timeout.retry = -1 (default)
2019-09-26 16:44:14,881 [pool-557-thread-1] INFO  server.RaftServerConfigKeys (ConfUtils.java:logGet(43)) - raft.server.log.write.buffer.size = 33554432 (custom)
2019-09-26 16:44:14,881 [pool-587-thread-1] INFO  server.RaftServerConfigKeys (ConfUtils.java:logGet(43)) - raft.server.log.statemachine.data.caching.enabled = true (custom)
2019-09-26 16:44:14,881 [pool-557-thread-1] INFO  server.RaftServerConfigKeys (ConfUtils.java:logGet(43)) - raft.server.log.force.sync.num = 128 (default)
2019-09-26 16:44:14,882 [pool-557-thread-1] INFO  server.RaftServerConfigKeys (ConfUtils.java:logGet(43)) - raft.server.log.statemachine.data.sync = true (default)
2019-09-26 16:44:14,882 [pool-587-thread-1] INFO  segmented.SegmentedRaftLogWorker (SegmentedRaftLogWorker.java:lambda$new$0(132)) - d33b97c7-2f19-4eba-ab29-dbf55e8d730b@group-8ED6358F0D74-SegmentedRaftLogWorker: flushIndex: setUnconditionally 0 -> -1
2019-09-26 16:44:14,882 [pool-557-thread-1] INFO  server.RaftServerConfigKeys (ConfUtils.java:logGet(43)) - raft.server.log.statemachine.data.sync.timeout = 10s (default)
2019-09-26 16:44:14,882 [pool-557-thread-1] INFO  server.RaftServerConfigKeys (ConfUtils.java:logGet(43)) - raft.server.log.statemachine.data.sync.timeout.retry = -1 (default)
2019-09-26 16:44:14,882 [pool-587-thread-1] INFO  server.RaftServerConfigKeys (ConfUtils.java:logGet(43)) - raft.server.snapshot.auto.trigger.enabled = true (custom)
2019-09-26 16:44:14,882 [pool-557-thread-1] INFO  server.RaftServerConfigKeys (ConfUtils.java:logGet(43)) - raft.server.log.statemachine.data.caching.enabled = true (custom)
2019-09-26 16:44:14,883 [pool-587-thread-1] INFO  server.RaftServerConfigKeys (ConfUtils.java:logGet(43)) - raft.server.snapshot.auto.trigger.threshold = 10000 (custom)
2019-09-26 16:44:14,883 [pool-547-thread-1] INFO  impl.RaftServerImpl (RaftServerImpl.java:start(185)) - b3b856ac-1ab1-4d7f-a378-339434076e6f@group-8ED6358F0D74: start as a follower, conf=-1: [d33b97c7-2f19-4eba-ab29-dbf55e8d730b:192.168.157.234:40702, 16d11c64-a500-4b3c-99b4-e07456a37d86:192.168.157.234:36011, b3b856ac-1ab1-4d7f-a378-339434076e6f:192.168.157.234:36563], old=null
2019-09-26 16:44:14,883 [pool-557-thread-1] INFO  segmented.SegmentedRaftLogWorker (SegmentedRaftLogWorker.java:lambda$new$0(132)) - 16d11c64-a500-4b3c-99b4-e07456a37d86@group-8ED6358F0D74-SegmentedRaftLogWorker: flushIndex: setUnconditionally 0 -> -1
2019-09-26 16:44:14,883 [pool-587-thread-1] INFO  server.RaftServerConfigKeys (ConfUtils.java:logGet(43)) - raft.server.snapshot.retention.num.files = 5 (custom)
2019-09-26 16:44:14,883 [pool-547-thread-1] INFO  impl.RaftServerImpl (RaftServerImpl.java:setRole(174)) - b3b856ac-1ab1-4d7f-a378-339434076e6f@group-8ED6358F0D74: changes role from      null to FOLLOWER at term 0 for startAsFollower
2019-09-26 16:44:14,883 [pool-557-thread-1] INFO  server.RaftServerConfigKeys (ConfUtils.java:logGet(43)) - raft.server.snapshot.auto.trigger.enabled = true (custom)
2019-09-26 16:44:14,883 [pool-587-thread-1] INFO  server.RaftServerConfigKeys (ConfUtils.java:logGet(43)) - raft.server.retrycache.expirytime = 600000ms (custom)
2019-09-26 16:44:14,884 [pool-557-thread-1] INFO  server.RaftServerConfigKeys (ConfUtils.java:logGet(43)) - raft.server.snapshot.auto.trigger.threshold = 10000 (custom)
2019-09-26 16:44:14,884 [pool-557-thread-1] INFO  server.RaftServerConfigKeys (ConfUtils.java:logGet(43)) - raft.server.snapshot.retention.num.files = 5 (custom)
2019-09-26 16:44:14,883 [pool-547-thread-1] INFO  impl.RoleInfo (RoleInfo.java:updateAndGet(143)) - b3b856ac-1ab1-4d7f-a378-339434076e6f: start FollowerState
2019-09-26 16:44:14,884 [pool-557-thread-1] INFO  server.RaftServerConfigKeys (ConfUtils.java:logGet(43)) - raft.server.retrycache.expirytime = 600000ms (custom)
2019-09-26 16:44:14,885 [pool-547-thread-1] INFO  util.JmxRegister (JmxRegister.java:tryRegister(44)) - Successfully registered JMX Bean with object name Ratis:service=RaftServer,group=group-8ED6358F0D74,id=b3b856ac-1ab1-4d7f-a378-339434076e6f
2019-09-26 16:44:14,886 [pool-587-thread-1] INFO  impl.RaftServerImpl (RaftServerImpl.java:start(185)) - d33b97c7-2f19-4eba-ab29-dbf55e8d730b@group-8ED6358F0D74: start as a follower, conf=-1: [d33b97c7-2f19-4eba-ab29-dbf55e8d730b:192.168.157.234:40702, 16d11c64-a500-4b3c-99b4-e07456a37d86:192.168.157.234:36011, b3b856ac-1ab1-4d7f-a378-339434076e6f:192.168.157.234:36563], old=null
2019-09-26 16:44:14,886 [pool-587-thread-1] INFO  impl.RaftServerImpl (RaftServerImpl.java:setRole(174)) - d33b97c7-2f19-4eba-ab29-dbf55e8d730b@group-8ED6358F0D74: changes role from      null to FOLLOWER at term 0 for startAsFollower
2019-09-26 16:44:14,886 [pool-587-thread-1] INFO  impl.RoleInfo (RoleInfo.java:updateAndGet(143)) - d33b97c7-2f19-4eba-ab29-dbf55e8d730b: start FollowerState
2019-09-26 16:44:14,886 [pool-557-thread-1] INFO  impl.RaftServerImpl (RaftServerImpl.java:start(185)) - 16d11c64-a500-4b3c-99b4-e07456a37d86@group-8ED6358F0D74: start as a follower, conf=-1: [d33b97c7-2f19-4eba-ab29-dbf55e8d730b:192.168.157.234:40702, 16d11c64-a500-4b3c-99b4-e07456a37d86:192.168.157.234:36011, b3b856ac-1ab1-4d7f-a378-339434076e6f:192.168.157.234:36563], old=null
2019-09-26 16:44:14,890 [pool-557-thread-1] INFO  impl.RaftServerImpl (RaftServerImpl.java:setRole(174)) - 16d11c64-a500-4b3c-99b4-e07456a37d86@group-8ED6358F0D74: changes role from      null to FOLLOWER at term 0 for startAsFollower
2019-09-26 16:44:14,890 [pool-587-thread-1] INFO  util.JmxRegister (JmxRegister.java:tryRegister(44)) - Successfully registered JMX Bean with object name Ratis:service=RaftServer,group=group-8ED6358F0D74,id=d33b97c7-2f19-4eba-ab29-dbf55e8d730b
2019-09-26 16:44:14,890 [pool-557-thread-1] INFO  impl.RoleInfo (RoleInfo.java:updateAndGet(143)) - 16d11c64-a500-4b3c-99b4-e07456a37d86: start FollowerState
2019-09-26 16:44:14,891 [pool-557-thread-1] INFO  util.JmxRegister (JmxRegister.java:tryRegister(44)) - Successfully registered JMX Bean with object name Ratis:service=RaftServer,group=group-8ED6358F0D74,id=16d11c64-a500-4b3c-99b4-e07456a37d86
2019-09-26 16:44:14,897 [RatisPipelineUtilsThread] INFO  pipeline.PipelineStateManager (PipelineStateManager.java:addPipeline(56)) - Created pipeline Pipeline[ Id: e215c565-a85f-4b8b-9ef9-8ed6358f0d74, Nodes: d33b97c7-2f19-4eba-ab29-dbf55e8d730b{ip: 192.168.157.234, host: pr-hdds-2162-htzpk-1451759861, networkLocation: /rack1, certSerialId: null}16d11c64-a500-4b3c-99b4-e07456a37d86{ip: 192.168.157.234, host: pr-hdds-2162-htzpk-1451759861, networkLocation: /rack1, certSerialId: null}b3b856ac-1ab1-4d7f-a378-339434076e6f{ip: 192.168.157.234, host: pr-hdds-2162-htzpk-1451759861, networkLocation: /rack1, certSerialId: null}, Type:RATIS, Factor:THREE, State:OPEN]
2019-09-26 16:44:15,192 [Thread-7866] INFO  impl.FollowerState (FollowerState.java:run(106)) - fd591185-5708-46de-8886-568dd8f93a08:group-A7F424CAD813 changes to CANDIDATE, lastRpcTime:1041, electionTimeout:1041ms
2019-09-26 16:44:15,193 [Thread-7866] INFO  impl.RoleInfo (RoleInfo.java:shutdownFollowerState(121)) - fd591185-5708-46de-8886-568dd8f93a08: shutdown FollowerState
2019-09-26 16:44:15,193 [Thread-7866] INFO  impl.RaftServerImpl (RaftServerImpl.java:setRole(174)) - fd591185-5708-46de-8886-568dd8f93a08@group-A7F424CAD813: changes role from  FOLLOWER to CANDIDATE at term 0 for changeToCandidate
2019-09-26 16:44:15,193 [Thread-7866] INFO  impl.RoleInfo (RoleInfo.java:updateAndGet(143)) - fd591185-5708-46de-8886-568dd8f93a08: start LeaderElection
2019-09-26 16:44:15,216 [fd591185-5708-46de-8886-568dd8f93a08@group-A7F424CAD813:LeaderElection85] INFO  impl.LeaderElection (LeaderElection.java:askForVotes(182)) - fd591185-5708-46de-8886-568dd8f93a08@group-A7F424CAD813:LeaderElection85: begin an election at term 1 for -1: [fd591185-5708-46de-8886-568dd8f93a08:192.168.157.234:36726], old=null
2019-09-26 16:44:15,220 [fd591185-5708-46de-8886-568dd8f93a08@group-A7F424CAD813:LeaderElection85] INFO  impl.RoleInfo (RoleInfo.java:shutdownLeaderElection(134)) - fd591185-5708-46de-8886-568dd8f93a08: shutdown LeaderElection
2019-09-26 16:44:15,220 [fd591185-5708-46de-8886-568dd8f93a08@group-A7F424CAD813:LeaderElection85] INFO  impl.RaftServerImpl (RaftServerImpl.java:setRole(174)) - fd591185-5708-46de-8886-568dd8f93a08@group-A7F424CAD813: changes role from CANDIDATE to LEADER at term 1 for changeToLeader
2019-09-26 16:44:15,220 [fd591185-5708-46de-8886-568dd8f93a08@group-A7F424CAD813:LeaderElection85] INFO  impl.RaftServerImpl (ServerState.java:setLeader(253)) - fd591185-5708-46de-8886-568dd8f93a08@group-A7F424CAD813: change Leader from null to fd591185-5708-46de-8886-568dd8f93a08 at term 1 for becomeLeader, leader elected after 1076ms
2019-09-26 16:44:15,220 [fd591185-5708-46de-8886-568dd8f93a08@group-A7F424CAD813:LeaderElection85] INFO  server.RaftServerConfigKeys (ConfUtils.java:logGet(43)) - raft.server.staging.catchup.gap = 1000 (default)
2019-09-26 16:44:15,220 [fd591185-5708-46de-8886-568dd8f93a08@group-A7F424CAD813:LeaderElection85] INFO  server.RaftServerConfigKeys (ConfUtils.java:logGet(43)) - raft.server.rpc.sleep.time = 25ms (default)
2019-09-26 16:44:15,221 [fd591185-5708-46de-8886-568dd8f93a08@group-A7F424CAD813:LeaderElection85] INFO  server.RaftServerConfigKeys (ConfUtils.java:logGet(43)) - raft.server.write.element-limit = 4096 (default)
2019-09-26 16:44:15,221 [fd591185-5708-46de-8886-568dd8f93a08@group-A7F424CAD813:LeaderElection85] INFO  server.RaftServerConfigKeys (ConfUtils.java:logGet(43)) - raft.server.watch.timeout = 10s (default)
2019-09-26 16:44:15,221 [fd591185-5708-46de-8886-568dd8f93a08@group-A7F424CAD813:LeaderElection85] INFO  server.RaftServerConfigKeys (ConfUtils.java:logGet(43)) - raft.server.watch.timeout.denomination = 1s (default)
2019-09-26 16:44:15,221 [fd591185-5708-46de-8886-568dd8f93a08@group-A7F424CAD813:LeaderElection85] INFO  server.RaftServerConfigKeys (ConfUtils.java:logGet(43)) - raft.server.watch.element-limit = 65536 (default)
2019-09-26 16:44:15,223 [fd591185-5708-46de-8886-568dd8f93a08@group-A7F424CAD813:LeaderElection85] INFO  impl.RoleInfo (RoleInfo.java:updateAndGet(143)) - fd591185-5708-46de-8886-568dd8f93a08: start LeaderState
2019-09-26 16:44:15,223 [fd591185-5708-46de-8886-568dd8f93a08@group-A7F424CAD813:LeaderElection85] INFO  segmented.SegmentedRaftLogWorker (SegmentedRaftLogWorker.java:startLogSegment(380)) - fd591185-5708-46de-8886-568dd8f93a08@group-A7F424CAD813-SegmentedRaftLogWorker: Starting segment from index:0
2019-09-26 16:44:15,224 [fd591185-5708-46de-8886-568dd8f93a08@group-A7F424CAD813:LeaderElection85] INFO  impl.RaftServerImpl (ServerState.java:setRaftConf(354)) - fd591185-5708-46de-8886-568dd8f93a08@group-A7F424CAD813: set configuration 0: [fd591185-5708-46de-8886-568dd8f93a08:192.168.157.234:36726], old=null at 0
2019-09-26 16:44:15,255 [fd591185-5708-46de-8886-568dd8f93a08@group-A7F424CAD813-SegmentedRaftLogWorker] INFO  segmented.SegmentedRaftLogWorker (SegmentedRaftLogWorker.java:execute(569)) - fd591185-5708-46de-8886-568dd8f93a08@group-A7F424CAD813-SegmentedRaftLogWorker: created new log segment /workdir/hadoop-ozone/integration-test/target/test-dir/MiniOzoneClusterImpl-2d738554-168c-4e5d-822f-b5acc277bde2/datanode-0/data/ratis/c49bee8c-b224-48f6-a31c-a7f424cad813/current/log_inprogress_0
2019-09-26 16:44:15,298 [Thread-7874] INFO  impl.FollowerState (FollowerState.java:run(106)) - 14d6961c-3415-464e-9dd6-39423b85916c:group-9DD2DA11086B changes to CANDIDATE, lastRpcTime:1019, electionTimeout:1019ms
2019-09-26 16:44:15,298 [Thread-7874] INFO  impl.RoleInfo (RoleInfo.java:shutdownFollowerState(121)) - 14d6961c-3415-464e-9dd6-39423b85916c: shutdown FollowerState
2019-09-26 16:44:15,299 [Thread-7874] INFO  impl.RaftServerImpl (RaftServerImpl.java:setRole(174)) - 14d6961c-3415-464e-9dd6-39423b85916c@group-9DD2DA11086B: changes role from  FOLLOWER to CANDIDATE at term 0 for changeToCandidate
2019-09-26 16:44:15,299 [Thread-7874] INFO  impl.RoleInfo (RoleInfo.java:updateAndGet(143)) - 14d6961c-3415-464e-9dd6-39423b85916c: start LeaderElection
2019-09-26 16:44:15,302 [Thread-7869] INFO  impl.FollowerState (FollowerState.java:run(106)) - 14d6961c-3415-464e-9dd6-39423b85916c:group-AF61286BC2D3 changes to CANDIDATE, lastRpcTime:1103, electionTimeout:1101ms
2019-09-26 16:44:15,307 [Thread-7869] INFO  impl.RoleInfo (RoleInfo.java:shutdownFollowerState(121)) - 14d6961c-3415-464e-9dd6-39423b85916c: shutdown FollowerState
2019-09-26 16:44:15,307 [Thread-7869] INFO  impl.RaftServerImpl (RaftServerImpl.java:setRole(174)) - 14d6961c-3415-464e-9dd6-39423b85916c@group-AF61286BC2D3: changes role from  FOLLOWER to CANDIDATE at term 0 for changeToCandidate
2019-09-26 16:44:15,307 [Thread-7869] INFO  impl.RoleInfo (RoleInfo.java:updateAndGet(143)) - 14d6961c-3415-464e-9dd6-39423b85916c: start LeaderElection
2019-09-26 16:44:15,321 [14d6961c-3415-464e-9dd6-39423b85916c@group-AF61286BC2D3:LeaderElection87] INFO  impl.LeaderElection (LeaderElection.java:askForVotes(182)) - 14d6961c-3415-464e-9dd6-39423b85916c@group-AF61286BC2D3:LeaderElection87: begin an election at term 1 for -1: [14d6961c-3415-464e-9dd6-39423b85916c:192.168.157.234:39459], old=null
2019-09-26 16:44:15,321 [14d6961c-3415-464e-9dd6-39423b85916c@group-9DD2DA11086B:LeaderElection86] INFO  impl.LeaderElection (LeaderElection.java:askForVotes(182)) - 14d6961c-3415-464e-9dd6-39423b85916c@group-9DD2DA11086B:LeaderElection86: begin an election at term 1 for -1: [14d6961c-3415-464e-9dd6-39423b85916c:192.168.157.234:39459, fd591185-5708-46de-8886-568dd8f93a08:192.168.157.234:36726, 31eb9216-6704-4cc2-a524-a91f43cc4ef7:192.168.157.234:32775], old=null
2019-09-26 16:44:15,321 [14d6961c-3415-464e-9dd6-39423b85916c@group-AF61286BC2D3:LeaderElection87] INFO  impl.RoleInfo (RoleInfo.java:shutdownLeaderElection(134)) - 14d6961c-3415-464e-9dd6-39423b85916c: shutdown LeaderElection
2019-09-26 16:44:15,321 [14d6961c-3415-464e-9dd6-39423b85916c@group-AF61286BC2D3:LeaderElection87] INFO  impl.RaftServerImpl (RaftServerImpl.java:setRole(174)) - 14d6961c-3415-464e-9dd6-39423b85916c@group-AF61286BC2D3: changes role from CANDIDATE to LEADER at term 1 for changeToLeader
2019-09-26 16:44:15,321 [14d6961c-3415-464e-9dd6-39423b85916c@group-AF61286BC2D3:LeaderElection87] INFO  impl.RaftServerImpl (ServerState.java:setLeader(253)) - 14d6961c-3415-464e-9dd6-39423b85916c@group-AF61286BC2D3: change Leader from null to 14d6961c-3415-464e-9dd6-39423b85916c at term 1 for becomeLeader, leader elected after 1127ms
2019-09-26 16:44:15,321 [14d6961c-3415-464e-9dd6-39423b85916c@group-AF61286BC2D3:LeaderElection87] INFO  server.RaftServerConfigKeys (ConfUtils.java:logGet(43)) - raft.server.staging.catchup.gap = 1000 (default)
2019-09-26 16:44:15,322 [14d6961c-3415-464e-9dd6-39423b85916c@group-AF61286BC2D3:LeaderElection87] INFO  server.RaftServerConfigKeys (ConfUtils.java:logGet(43)) - raft.server.rpc.sleep.time = 25ms (default)
2019-09-26 16:44:15,322 [14d6961c-3415-464e-9dd6-39423b85916c@group-AF61286BC2D3:LeaderElection87] INFO  server.RaftServerConfigKeys (ConfUtils.java:logGet(43)) - raft.server.write.element-limit = 4096 (default)
2019-09-26 16:44:15,322 [14d6961c-3415-464e-9dd6-39423b85916c@group-AF61286BC2D3:LeaderElection87] INFO  server.RaftServerConfigKeys (ConfUtils.java:logGet(43)) - raft.server.watch.timeout = 10s (default)
2019-09-26 16:44:15,322 [14d6961c-3415-464e-9dd6-39423b85916c@group-AF61286BC2D3:LeaderElection87] INFO  server.RaftServerConfigKeys (ConfUtils.java:logGet(43)) - raft.server.watch.timeout.denomination = 1s (default)
2019-09-26 16:44:15,322 [14d6961c-3415-464e-9dd6-39423b85916c@group-AF61286BC2D3:LeaderElection87] INFO  server.RaftServerConfigKeys (ConfUtils.java:logGet(43)) - raft.server.watch.element-limit = 65536 (default)
2019-09-26 16:44:15,328 [14d6961c-3415-464e-9dd6-39423b85916c@group-AF61286BC2D3:LeaderElection87] INFO  impl.RoleInfo (RoleInfo.java:updateAndGet(143)) - 14d6961c-3415-464e-9dd6-39423b85916c: start LeaderState
2019-09-26 16:44:15,329 [14d6961c-3415-464e-9dd6-39423b85916c@group-AF61286BC2D3:LeaderElection87] INFO  segmented.SegmentedRaftLogWorker (SegmentedRaftLogWorker.java:startLogSegment(380)) - 14d6961c-3415-464e-9dd6-39423b85916c@group-AF61286BC2D3-SegmentedRaftLogWorker: Starting segment from index:0
2019-09-26 16:44:15,332 [grpc-default-executor-0] INFO  impl.RaftServerImpl (RaftServerImpl.java:setRole(174)) - fd591185-5708-46de-8886-568dd8f93a08@group-9DD2DA11086B: changes role from  FOLLOWER to FOLLOWER at term 1 for recognizeCandidate:14d6961c-3415-464e-9dd6-39423b85916c
2019-09-26 16:44:15,336 [grpc-default-executor-1] INFO  impl.RaftServerImpl (RaftServerImpl.java:setRole(174)) - 31eb9216-6704-4cc2-a524-a91f43cc4ef7@group-9DD2DA11086B: changes role from  FOLLOWER to FOLLOWER at term 1 for recognizeCandidate:14d6961c-3415-464e-9dd6-39423b85916c
2019-09-26 16:44:15,336 [grpc-default-executor-1] INFO  impl.RoleInfo (RoleInfo.java:shutdownFollowerState(121)) - 31eb9216-6704-4cc2-a524-a91f43cc4ef7: shutdown FollowerState
2019-09-26 16:44:15,336 [grpc-default-executor-0] INFO  impl.RoleInfo (RoleInfo.java:shutdownFollowerState(121)) - fd591185-5708-46de-8886-568dd8f93a08: shutdown FollowerState
2019-09-26 16:44:15,336 [14d6961c-3415-464e-9dd6-39423b85916c@group-AF61286BC2D3:LeaderElection87] INFO  impl.RaftServerImpl (ServerState.java:setRaftConf(354)) - 14d6961c-3415-464e-9dd6-39423b85916c@group-AF61286BC2D3: set configuration 0: [14d6961c-3415-464e-9dd6-39423b85916c:192.168.157.234:39459], old=null at 0
2019-09-26 16:44:15,336 [grpc-default-executor-1] INFO  impl.RoleInfo (RoleInfo.java:updateAndGet(143)) - 31eb9216-6704-4cc2-a524-a91f43cc4ef7: start FollowerState
2019-09-26 16:44:15,337 [Thread-7875] INFO  impl.FollowerState (FollowerState.java:run(115)) - fd591185-5708-46de-8886-568dd8f93a08: FollowerState was interrupted: java.lang.InterruptedException: sleep interrupted
2019-09-26 16:44:15,336 [grpc-default-executor-0] INFO  impl.RoleInfo (RoleInfo.java:updateAndGet(143)) - fd591185-5708-46de-8886-568dd8f93a08: start FollowerState
2019-09-26 16:44:15,336 [Thread-7877] INFO  impl.FollowerState (FollowerState.java:run(115)) - 31eb9216-6704-4cc2-a524-a91f43cc4ef7: FollowerState was interrupted: java.lang.InterruptedException: sleep interrupted
2019-09-26 16:44:15,391 [Thread-7881] INFO  impl.FollowerState (FollowerState.java:run(106)) - 59fe4627-77ba-4d6f-bbfd-1773d3bea00c:group-82D59EDA2576 changes to CANDIDATE, lastRpcTime:1020, electionTimeout:1020ms
2019-09-26 16:44:15,391 [Thread-7881] INFO  impl.RoleInfo (RoleInfo.java:shutdownFollowerState(121)) - 59fe4627-77ba-4d6f-bbfd-1773d3bea00c: shutdown FollowerState
2019-09-26 16:44:15,391 [Thread-7881] INFO  impl.RaftServerImpl (RaftServerImpl.java:setRole(174)) - 59fe4627-77ba-4d6f-bbfd-1773d3bea00c@group-82D59EDA2576: changes role from  FOLLOWER to CANDIDATE at term 0 for changeToCandidate
2019-09-26 16:44:15,391 [Thread-7881] INFO  impl.RoleInfo (RoleInfo.java:updateAndGet(143)) - 59fe4627-77ba-4d6f-bbfd-1773d3bea00c: start LeaderElection
2019-09-26 16:44:15,404 [14d6961c-3415-464e-9dd6-39423b85916c@group-AF61286BC2D3-SegmentedRaftLogWorker] INFO  segmented.SegmentedRaftLogWorker (SegmentedRaftLogWorker.java:execute(569)) - 14d6961c-3415-464e-9dd6-39423b85916c@group-AF61286BC2D3-SegmentedRaftLogWorker: created new log segment /workdir/hadoop-ozone/integration-test/target/test-dir/MiniOzoneClusterImpl-2d738554-168c-4e5d-822f-b5acc277bde2/datanode-1/data/ratis/2bf5741c-4068-428d-b12b-af61286bc2d3/current/log_inprogress_0
2019-09-26 16:44:15,412 [14d6961c-3415-464e-9dd6-39423b85916c@group-9DD2DA11086B:LeaderElection86] INFO  impl.LeaderElection (LeaderElection.java:logAndReturn(56)) - 14d6961c-3415-464e-9dd6-39423b85916c@group-9DD2DA11086B:LeaderElection86: Election PASSED; received 1 response(s) [14d6961c-3415-464e-9dd6-39423b85916c<-fd591185-5708-46de-8886-568dd8f93a08#0:OK-t1] and 0 exception(s); 14d6961c-3415-464e-9dd6-39423b85916c@group-9DD2DA11086B:t1, leader=null, voted=14d6961c-3415-464e-9dd6-39423b85916c, raftlog=14d6961c-3415-464e-9dd6-39423b85916c@group-9DD2DA11086B-SegmentedRaftLog:OPENED:c-1,f-1,i0, conf=-1: [14d6961c-3415-464e-9dd6-39423b85916c:192.168.157.234:39459, fd591185-5708-46de-8886-568dd8f93a08:192.168.157.234:36726, 31eb9216-6704-4cc2-a524-a91f43cc4ef7:192.168.157.234:32775], old=null
2019-09-26 16:44:15,412 [14d6961c-3415-464e-9dd6-39423b85916c@group-9DD2DA11086B:LeaderElection86] INFO  impl.RoleInfo (RoleInfo.java:shutdownLeaderElection(134)) - 14d6961c-3415-464e-9dd6-39423b85916c: shutdown LeaderElection
2019-09-26 16:44:15,413 [14d6961c-3415-464e-9dd6-39423b85916c@group-9DD2DA11086B:LeaderElection86] INFO  impl.RaftServerImpl (RaftServerImpl.java:setRole(174)) - 14d6961c-3415-464e-9dd6-39423b85916c@group-9DD2DA11086B: changes role from CANDIDATE to LEADER at term 1 for changeToLeader
2019-09-26 16:44:15,413 [14d6961c-3415-464e-9dd6-39423b85916c@group-9DD2DA11086B:LeaderElection86] INFO  impl.RaftServerImpl (ServerState.java:setLeader(253)) - 14d6961c-3415-464e-9dd6-39423b85916c@group-9DD2DA11086B: change Leader from null to 14d6961c-3415-464e-9dd6-39423b85916c at term 1 for becomeLeader, leader elected after 1145ms
2019-09-26 16:44:15,413 [14d6961c-3415-464e-9dd6-39423b85916c@group-9DD2DA11086B:LeaderElection86] INFO  server.RaftServerConfigKeys (ConfUtils.java:logGet(43)) - raft.server.staging.catchup.gap = 1000 (default)
2019-09-26 16:44:15,413 [14d6961c-3415-464e-9dd6-39423b85916c@group-9DD2DA11086B:LeaderElection86] INFO  server.RaftServerConfigKeys (ConfUtils.java:logGet(43)) - raft.server.rpc.sleep.time = 25ms (default)
2019-09-26 16:44:15,413 [14d6961c-3415-464e-9dd6-39423b85916c@group-9DD2DA11086B:LeaderElection86] INFO  server.RaftServerConfigKeys (ConfUtils.java:logGet(43)) - raft.server.write.element-limit = 4096 (default)
2019-09-26 16:44:15,413 [14d6961c-3415-464e-9dd6-39423b85916c@group-9DD2DA11086B:LeaderElection86] INFO  server.RaftServerConfigKeys (ConfUtils.java:logGet(43)) - raft.server.watch.timeout = 10s (default)
2019-09-26 16:44:15,414 [14d6961c-3415-464e-9dd6-39423b85916c@group-9DD2DA11086B:LeaderElection86] INFO  server.RaftServerConfigKeys (ConfUtils.java:logGet(43)) - raft.server.watch.timeout.denomination = 1s (default)
2019-09-26 16:44:15,414 [14d6961c-3415-464e-9dd6-39423b85916c@group-9DD2DA11086B:LeaderElection86] INFO  server.RaftServerConfigKeys (ConfUtils.java:logGet(43)) - raft.server.watch.element-limit = 65536 (default)
2019-09-26 16:44:15,416 [14d6961c-3415-464e-9dd6-39423b85916c@group-9DD2DA11086B:LeaderElection86] INFO  server.RaftServerConfigKeys (ConfUtils.java:logGet(43)) - raft.server.log.appender.snapshot.chunk.size.max = 16MB (=16777216) (default)
2019-09-26 16:44:15,416 [14d6961c-3415-464e-9dd6-39423b85916c@group-9DD2DA11086B:LeaderElection86] INFO  server.RaftServerConfigKeys (ConfUtils.java:logGet(43)) - raft.server.log.appender.buffer.byte-limit = 33554432 (custom)
2019-09-26 16:44:15,416 [14d6961c-3415-464e-9dd6-39423b85916c@group-9DD2DA11086B:LeaderElection86] INFO  server.RaftServerConfigKeys (ConfUtils.java:logGet(43)) - raft.server.log.appender.buffer.element-limit = 1 (custom)
2019-09-26 16:44:15,417 [14d6961c-3415-464e-9dd6-39423b85916c@group-9DD2DA11086B:LeaderElection86] INFO  grpc.GrpcConfigKeys$Server (ConfUtils.java:logGet(43)) - raft.grpc.server.leader.outstanding.appends.max = 128 (default)
2019-09-26 16:44:15,417 [14d6961c-3415-464e-9dd6-39423b85916c@group-9DD2DA11086B:LeaderElection86] INFO  server.RaftServerConfigKeys (ConfUtils.java:logGet(43)) - raft.server.rpc.request.timeout = 3000ms (default)
2019-09-26 16:44:15,417 [14d6961c-3415-464e-9dd6-39423b85916c@group-9DD2DA11086B:LeaderElection86] INFO  server.RaftServerConfigKeys (ConfUtils.java:logGet(43)) - raft.server.log.appender.install.snapshot.enabled = false (custom)
2019-09-26 16:44:15,417 [14d6961c-3415-464e-9dd6-39423b85916c@group-9DD2DA11086B:LeaderElection86] INFO  server.RaftServerConfigKeys (ConfUtils.java:logGet(43)) - raft.server.log.appender.snapshot.chunk.size.max = 16MB (=16777216) (default)
2019-09-26 16:44:15,417 [14d6961c-3415-464e-9dd6-39423b85916c@group-9DD2DA11086B:LeaderElection86] INFO  server.RaftServerConfigKeys (ConfUtils.java:logGet(43)) - raft.server.log.appender.buffer.byte-limit = 33554432 (custom)
2019-09-26 16:44:15,418 [14d6961c-3415-464e-9dd6-39423b85916c@group-9DD2DA11086B:LeaderElection86] INFO  server.RaftServerConfigKeys (ConfUtils.java:logGet(43)) - raft.server.log.appender.buffer.element-limit = 1 (custom)
2019-09-26 16:44:15,418 [59fe4627-77ba-4d6f-bbfd-1773d3bea00c@group-82D59EDA2576:LeaderElection88] INFO  impl.LeaderElection (LeaderElection.java:askForVotes(182)) - 59fe4627-77ba-4d6f-bbfd-1773d3bea00c@group-82D59EDA2576:LeaderElection88: begin an election at term 1 for -1: [59fe4627-77ba-4d6f-bbfd-1773d3bea00c:192.168.157.234:45861], old=null
2019-09-26 16:44:15,421 [14d6961c-3415-464e-9dd6-39423b85916c@group-9DD2DA11086B:LeaderElection86] INFO  grpc.GrpcConfigKeys$Server (ConfUtils.java:logGet(43)) - raft.grpc.server.leader.outstanding.appends.max = 128 (default)
2019-09-26 16:44:15,421 [59fe4627-77ba-4d6f-bbfd-1773d3bea00c@group-82D59EDA2576:LeaderElection88] INFO  impl.RoleInfo (RoleInfo.java:shutdownLeaderElection(134)) - 59fe4627-77ba-4d6f-bbfd-1773d3bea00c: shutdown LeaderElection
2019-09-26 16:44:15,421 [14d6961c-3415-464e-9dd6-39423b85916c@group-9DD2DA11086B:LeaderElection86] INFO  server.RaftServerConfigKeys (ConfUtils.java:logGet(43)) - raft.server.rpc.request.timeout = 3000ms (default)
2019-09-26 16:44:15,421 [59fe4627-77ba-4d6f-bbfd-1773d3bea00c@group-82D59EDA2576:LeaderElection88] INFO  impl.RaftServerImpl (RaftServerImpl.java:setRole(174)) - 59fe4627-77ba-4d6f-bbfd-1773d3bea00c@group-82D59EDA2576: changes role from CANDIDATE to LEADER at term 1 for changeToLeader
2019-09-26 16:44:15,422 [14d6961c-3415-464e-9dd6-39423b85916c@group-9DD2DA11086B:LeaderElection86] INFO  server.RaftServerConfigKeys (ConfUtils.java:logGet(43)) - raft.server.log.appender.install.snapshot.enabled = false (custom)
2019-09-26 16:44:15,422 [59fe4627-77ba-4d6f-bbfd-1773d3bea00c@group-82D59EDA2576:LeaderElection88] INFO  impl.RaftServerImpl (ServerState.java:setLeader(253)) - 59fe4627-77ba-4d6f-bbfd-1773d3bea00c@group-82D59EDA2576: change Leader from null to 59fe4627-77ba-4d6f-bbfd-1773d3bea00c at term 1 for becomeLeader, leader elected after 1056ms
2019-09-26 16:44:15,422 [14d6961c-3415-464e-9dd6-39423b85916c@group-9DD2DA11086B:LeaderElection86] INFO  impl.RoleInfo (RoleInfo.java:updateAndGet(143)) - 14d6961c-3415-464e-9dd6-39423b85916c: start LeaderState
2019-09-26 16:44:15,422 [59fe4627-77ba-4d6f-bbfd-1773d3bea00c@group-82D59EDA2576:LeaderElection88] INFO  server.RaftServerConfigKeys (ConfUtils.java:logGet(43)) - raft.server.staging.catchup.gap = 1000 (default)
2019-09-26 16:44:15,422 [59fe4627-77ba-4d6f-bbfd-1773d3bea00c@group-82D59EDA2576:LeaderElection88] INFO  server.RaftServerConfigKeys (ConfUtils.java:logGet(43)) - raft.server.rpc.sleep.time = 25ms (default)
2019-09-26 16:44:15,422 [14d6961c-3415-464e-9dd6-39423b85916c@group-9DD2DA11086B:LeaderElection86] INFO  segmented.SegmentedRaftLogWorker (SegmentedRaftLogWorker.java:startLogSegment(380)) - 14d6961c-3415-464e-9dd6-39423b85916c@group-9DD2DA11086B-SegmentedRaftLogWorker: Starting segment from index:0
2019-09-26 16:44:15,422 [59fe4627-77ba-4d6f-bbfd-1773d3bea00c@group-82D59EDA2576:LeaderElection88] INFO  server.RaftServerConfigKeys (ConfUtils.java:logGet(43)) - raft.server.write.element-limit = 4096 (default)
2019-09-26 16:44:15,423 [59fe4627-77ba-4d6f-bbfd-1773d3bea00c@group-82D59EDA2576:LeaderElection88] INFO  server.RaftServerConfigKeys (ConfUtils.java:logGet(43)) - raft.server.watch.timeout = 10s (default)
2019-09-26 16:44:15,423 [59fe4627-77ba-4d6f-bbfd-1773d3bea00c@group-82D59EDA2576:LeaderElection88] INFO  server.RaftServerConfigKeys (ConfUtils.java:logGet(43)) - raft.server.watch.timeout.denomination = 1s (default)
2019-09-26 16:44:15,423 [59fe4627-77ba-4d6f-bbfd-1773d3bea00c@group-82D59EDA2576:LeaderElection88] INFO  server.RaftServerConfigKeys (ConfUtils.java:logGet(43)) - raft.server.watch.element-limit = 65536 (default)
2019-09-26 16:44:15,423 [14d6961c-3415-464e-9dd6-39423b85916c@group-9DD2DA11086B:LeaderElection86] INFO  impl.RaftServerImpl (ServerState.java:setRaftConf(354)) - 14d6961c-3415-464e-9dd6-39423b85916c@group-9DD2DA11086B: set configuration 0: [14d6961c-3415-464e-9dd6-39423b85916c:192.168.157.234:39459, fd591185-5708-46de-8886-568dd8f93a08:192.168.157.234:36726, 31eb9216-6704-4cc2-a524-a91f43cc4ef7:192.168.157.234:32775], old=null at 0
2019-09-26 16:44:15,425 [grpc-default-executor-0] INFO  impl.RaftServerImpl (ServerState.java:setLeader(253)) - fd591185-5708-46de-8886-568dd8f93a08@group-9DD2DA11086B: change Leader from null to 14d6961c-3415-464e-9dd6-39423b85916c at term 1 for appendEntries, leader elected after 1158ms
2019-09-26 16:44:15,425 [grpc-default-executor-1] INFO  impl.RaftServerImpl (ServerState.java:setLeader(253)) - 31eb9216-6704-4cc2-a524-a91f43cc4ef7@group-9DD2DA11086B: change Leader from null to 14d6961c-3415-464e-9dd6-39423b85916c at term 1 for appendEntries, leader elected after 1156ms
2019-09-26 16:44:15,425 [59fe4627-77ba-4d6f-bbfd-1773d3bea00c@group-82D59EDA2576:LeaderElection88] INFO  impl.RoleInfo (RoleInfo.java:updateAndGet(143)) - 59fe4627-77ba-4d6f-bbfd-1773d3bea00c: start LeaderState
2019-09-26 16:44:15,426 [59fe4627-77ba-4d6f-bbfd-1773d3bea00c@group-82D59EDA2576:LeaderElection88] INFO  segmented.SegmentedRaftLogWorker (SegmentedRaftLogWorker.java:startLogSegment(380)) - 59fe4627-77ba-4d6f-bbfd-1773d3bea00c@group-82D59EDA2576-SegmentedRaftLogWorker: Starting segment from index:0
2019-09-26 16:44:15,452 [59fe4627-77ba-4d6f-bbfd-1773d3bea00c@group-82D59EDA2576:LeaderElection88] INFO  impl.RaftServerImpl (ServerState.java:setRaftConf(354)) - 59fe4627-77ba-4d6f-bbfd-1773d3bea00c@group-82D59EDA2576: set configuration 0: [59fe4627-77ba-4d6f-bbfd-1773d3bea00c:192.168.157.234:45861], old=null at 0
2019-09-26 16:44:15,453 [grpc-default-executor-1] INFO  impl.RaftServerImpl (ServerState.java:setRaftConf(354)) - fd591185-5708-46de-8886-568dd8f93a08@group-9DD2DA11086B: set configuration 0: [14d6961c-3415-464e-9dd6-39423b85916c:192.168.157.234:39459, fd591185-5708-46de-8886-568dd8f93a08:192.168.157.234:36726, 31eb9216-6704-4cc2-a524-a91f43cc4ef7:192.168.157.234:32775], old=null at 0
2019-09-26 16:44:15,453 [grpc-default-executor-1] INFO  segmented.SegmentedRaftLogWorker (SegmentedRaftLogWorker.java:startLogSegment(380)) - fd591185-5708-46de-8886-568dd8f93a08@group-9DD2DA11086B-SegmentedRaftLogWorker: Starting segment from index:0
2019-09-26 16:44:15,453 [grpc-default-executor-0] INFO  impl.RaftServerImpl (ServerState.java:setRaftConf(354)) - 31eb9216-6704-4cc2-a524-a91f43cc4ef7@group-9DD2DA11086B: set configuration 0: [14d6961c-3415-464e-9dd6-39423b85916c:192.168.157.234:39459, fd591185-5708-46de-8886-568dd8f93a08:192.168.157.234:36726, 31eb9216-6704-4cc2-a524-a91f43cc4ef7:192.168.157.234:32775], old=null at 0
2019-09-26 16:44:15,454 [grpc-default-executor-0] INFO  segmented.SegmentedRaftLogWorker (SegmentedRaftLogWorker.java:startLogSegment(380)) - 31eb9216-6704-4cc2-a524-a91f43cc4ef7@group-9DD2DA11086B-SegmentedRaftLogWorker: Starting segment from index:0
2019-09-26 16:44:15,458 [14d6961c-3415-464e-9dd6-39423b85916c@group-9DD2DA11086B-SegmentedRaftLogWorker] INFO  segmented.SegmentedRaftLogWorker (SegmentedRaftLogWorker.java:execute(569)) - 14d6961c-3415-464e-9dd6-39423b85916c@group-9DD2DA11086B-SegmentedRaftLogWorker: created new log segment /workdir/hadoop-ozone/integration-test/target/test-dir/MiniOzoneClusterImpl-2d738554-168c-4e5d-822f-b5acc277bde2/datanode-1/data/ratis/acfc0e77-5737-41c7-99ff-9dd2da11086b/current/log_inprogress_0
2019-09-26 16:44:15,504 [59fe4627-77ba-4d6f-bbfd-1773d3bea00c@group-82D59EDA2576-SegmentedRaftLogWorker] INFO  segmented.SegmentedRaftLogWorker (SegmentedRaftLogWorker.java:execute(569)) - 59fe4627-77ba-4d6f-bbfd-1773d3bea00c@group-82D59EDA2576-SegmentedRaftLogWorker: created new log segment /workdir/hadoop-ozone/integration-test/target/test-dir/MiniOzoneClusterImpl-2d738554-168c-4e5d-822f-b5acc277bde2/datanode-3/data/ratis/7be86264-bbac-4f36-a2d0-82d59eda2576/current/log_inprogress_0
2019-09-26 16:44:15,504 [31eb9216-6704-4cc2-a524-a91f43cc4ef7@group-9DD2DA11086B-SegmentedRaftLogWorker] INFO  segmented.SegmentedRaftLogWorker (SegmentedRaftLogWorker.java:execute(569)) - 31eb9216-6704-4cc2-a524-a91f43cc4ef7@group-9DD2DA11086B-SegmentedRaftLogWorker: created new log segment /workdir/hadoop-ozone/integration-test/target/test-dir/MiniOzoneClusterImpl-2d738554-168c-4e5d-822f-b5acc277bde2/datanode-2/data/ratis/acfc0e77-5737-41c7-99ff-9dd2da11086b/current/log_inprogress_0
2019-09-26 16:44:15,504 [fd591185-5708-46de-8886-568dd8f93a08@group-9DD2DA11086B-SegmentedRaftLogWorker] INFO  segmented.SegmentedRaftLogWorker (SegmentedRaftLogWorker.java:execute(569)) - fd591185-5708-46de-8886-568dd8f93a08@group-9DD2DA11086B-SegmentedRaftLogWorker: created new log segment /workdir/hadoop-ozone/integration-test/target/test-dir/MiniOzoneClusterImpl-2d738554-168c-4e5d-822f-b5acc277bde2/datanode-0/data/ratis/acfc0e77-5737-41c7-99ff-9dd2da11086b/current/log_inprogress_0
2019-09-26 16:44:15,539 [Thread-7890] INFO  impl.FollowerState (FollowerState.java:run(106)) - b3b856ac-1ab1-4d7f-a378-339434076e6f:group-F3EA1B2F3D18 changes to CANDIDATE, lastRpcTime:1016, electionTimeout:1016ms
2019-09-26 16:44:15,539 [Thread-7890] INFO  impl.RoleInfo (RoleInfo.java:shutdownFollowerState(121)) - b3b856ac-1ab1-4d7f-a378-339434076e6f: shutdown FollowerState
2019-09-26 16:44:15,539 [Thread-7890] INFO  impl.RaftServerImpl (RaftServerImpl.java:setRole(174)) - b3b856ac-1ab1-4d7f-a378-339434076e6f@group-F3EA1B2F3D18: changes role from  FOLLOWER to CANDIDATE at term 0 for changeToCandidate
2019-09-26 16:44:15,540 [Thread-7890] INFO  impl.RoleInfo (RoleInfo.java:updateAndGet(143)) - b3b856ac-1ab1-4d7f-a378-339434076e6f: start LeaderElection
2019-09-26 16:44:15,565 [b3b856ac-1ab1-4d7f-a378-339434076e6f@group-F3EA1B2F3D18:LeaderElection89] INFO  impl.LeaderElection (LeaderElection.java:askForVotes(182)) - b3b856ac-1ab1-4d7f-a378-339434076e6f@group-F3EA1B2F3D18:LeaderElection89: begin an election at term 1 for -1: [b3b856ac-1ab1-4d7f-a378-339434076e6f:192.168.157.234:36563], old=null
2019-09-26 16:44:15,565 [b3b856ac-1ab1-4d7f-a378-339434076e6f@group-F3EA1B2F3D18:LeaderElection89] INFO  impl.RoleInfo (RoleInfo.java:shutdownLeaderElection(134)) - b3b856ac-1ab1-4d7f-a378-339434076e6f: shutdown LeaderElection
2019-09-26 16:44:15,565 [b3b856ac-1ab1-4d7f-a378-339434076e6f@group-F3EA1B2F3D18:LeaderElection89] INFO  impl.RaftServerImpl (RaftServerImpl.java:setRole(174)) - b3b856ac-1ab1-4d7f-a378-339434076e6f@group-F3EA1B2F3D18: changes role from CANDIDATE to LEADER at term 1 for changeToLeader
2019-09-26 16:44:15,565 [b3b856ac-1ab1-4d7f-a378-339434076e6f@group-F3EA1B2F3D18:LeaderElection89] INFO  impl.RaftServerImpl (ServerState.java:setLeader(253)) - b3b856ac-1ab1-4d7f-a378-339434076e6f@group-F3EA1B2F3D18: change Leader from null to b3b856ac-1ab1-4d7f-a378-339434076e6f at term 1 for becomeLeader, leader elected after 1049ms
2019-09-26 16:44:15,565 [b3b856ac-1ab1-4d7f-a378-339434076e6f@group-F3EA1B2F3D18:LeaderElection89] INFO  server.RaftServerConfigKeys (ConfUtils.java:logGet(43)) - raft.server.staging.catchup.gap = 1000 (default)
2019-09-26 16:44:15,566 [b3b856ac-1ab1-4d7f-a378-339434076e6f@group-F3EA1B2F3D18:LeaderElection89] INFO  server.RaftServerConfigKeys (ConfUtils.java:logGet(43)) - raft.server.rpc.sleep.time = 25ms (default)
2019-09-26 16:44:15,566 [b3b856ac-1ab1-4d7f-a378-339434076e6f@group-F3EA1B2F3D18:LeaderElection89] INFO  server.RaftServerConfigKeys (ConfUtils.java:logGet(43)) - raft.server.write.element-limit = 4096 (default)
2019-09-26 16:44:15,566 [b3b856ac-1ab1-4d7f-a378-339434076e6f@group-F3EA1B2F3D18:LeaderElection89] INFO  server.RaftServerConfigKeys (ConfUtils.java:logGet(43)) - raft.server.watch.timeout = 10s (default)
2019-09-26 16:44:15,566 [b3b856ac-1ab1-4d7f-a378-339434076e6f@group-F3EA1B2F3D18:LeaderElection89] INFO  server.RaftServerConfigKeys (ConfUtils.java:logGet(43)) - raft.server.watch.timeout.denomination = 1s (default)
2019-09-26 16:44:15,566 [b3b856ac-1ab1-4d7f-a378-339434076e6f@group-F3EA1B2F3D18:LeaderElection89] INFO  server.RaftServerConfigKeys (ConfUtils.java:logGet(43)) - raft.server.watch.element-limit = 65536 (default)
2019-09-26 16:44:15,569 [b3b856ac-1ab1-4d7f-a378-339434076e6f@group-F3EA1B2F3D18:LeaderElection89] INFO  impl.RoleInfo (RoleInfo.java:updateAndGet(143)) - b3b856ac-1ab1-4d7f-a378-339434076e6f: start LeaderState
2019-09-26 16:44:15,569 [b3b856ac-1ab1-4d7f-a378-339434076e6f@group-F3EA1B2F3D18:LeaderElection89] INFO  segmented.SegmentedRaftLogWorker (SegmentedRaftLogWorker.java:startLogSegment(380)) - b3b856ac-1ab1-4d7f-a378-339434076e6f@group-F3EA1B2F3D18-SegmentedRaftLogWorker: Starting segment from index:0
2019-09-26 16:44:15,570 [b3b856ac-1ab1-4d7f-a378-339434076e6f@group-F3EA1B2F3D18:LeaderElection89] INFO  impl.RaftServerImpl (ServerState.java:setRaftConf(354)) - b3b856ac-1ab1-4d7f-a378-339434076e6f@group-F3EA1B2F3D18: set configuration 0: [b3b856ac-1ab1-4d7f-a378-339434076e6f:192.168.157.234:36563], old=null at 0
2019-09-26 16:44:15,596 [Thread-7884] INFO  impl.FollowerState (FollowerState.java:run(106)) - 31eb9216-6704-4cc2-a524-a91f43cc4ef7:group-53A044D7C55C changes to CANDIDATE, lastRpcTime:1175, electionTimeout:1175ms
2019-09-26 16:44:15,596 [Thread-7884] INFO  impl.RoleInfo (RoleInfo.java:shutdownFollowerState(121)) - 31eb9216-6704-4cc2-a524-a91f43cc4ef7: shutdown FollowerState
2019-09-26 16:44:15,597 [Thread-7884] INFO  impl.RaftServerImpl (RaftServerImpl.java:setRole(174)) - 31eb9216-6704-4cc2-a524-a91f43cc4ef7@group-53A044D7C55C: changes role from  FOLLOWER to CANDIDATE at term 0 for changeToCandidate
2019-09-26 16:44:15,597 [Thread-7884] INFO  impl.RoleInfo (RoleInfo.java:updateAndGet(143)) - 31eb9216-6704-4cc2-a524-a91f43cc4ef7: start LeaderElection
2019-09-26 16:44:15,615 [Thread-7887] INFO  impl.FollowerState (FollowerState.java:run(106)) - 16d11c64-a500-4b3c-99b4-e07456a37d86:group-47E1568F7B54 changes to CANDIDATE, lastRpcTime:1145, electionTimeout:1139ms
2019-09-26 16:44:15,621 [Thread-7887] INFO  impl.RoleInfo (RoleInfo.java:shutdownFollowerState(121)) - 16d11c64-a500-4b3c-99b4-e07456a37d86: shutdown FollowerState
2019-09-26 16:44:15,621 [Thread-7887] INFO  impl.RaftServerImpl (RaftServerImpl.java:setRole(174)) - 16d11c64-a500-4b3c-99b4-e07456a37d86@group-47E1568F7B54: changes role from  FOLLOWER to CANDIDATE at term 0 for changeToCandidate
2019-09-26 16:44:15,621 [Thread-7887] INFO  impl.RoleInfo (RoleInfo.java:updateAndGet(143)) - 16d11c64-a500-4b3c-99b4-e07456a37d86: start LeaderElection
2019-09-26 16:44:15,630 [b3b856ac-1ab1-4d7f-a378-339434076e6f@group-F3EA1B2F3D18-SegmentedRaftLogWorker] INFO  segmented.SegmentedRaftLogWorker (SegmentedRaftLogWorker.java:execute(569)) - b3b856ac-1ab1-4d7f-a378-339434076e6f@group-F3EA1B2F3D18-SegmentedRaftLogWorker: created new log segment /workdir/hadoop-ozone/integration-test/target/test-dir/MiniOzoneClusterImpl-2d738554-168c-4e5d-822f-b5acc277bde2/datanode-4/data/ratis/18ffecbd-6795-4d94-914b-f3ea1b2f3d18/current/log_inprogress_0
2019-09-26 16:44:15,644 [main] INFO  ozone.MiniOzoneClusterImpl (MiniOzoneClusterImpl.java:lambda$waitForClusterToBeReady$0(147)) - Cluster is ready. Got 10 of 10 DN Heartbeats.
2019-09-26 16:44:15,644 [31eb9216-6704-4cc2-a524-a91f43cc4ef7@group-53A044D7C55C:LeaderElection90] INFO  impl.LeaderElection (LeaderElection.java:askForVotes(182)) - 31eb9216-6704-4cc2-a524-a91f43cc4ef7@group-53A044D7C55C:LeaderElection90: begin an election at term 1 for -1: [31eb9216-6704-4cc2-a524-a91f43cc4ef7:192.168.157.234:32775], old=null
2019-09-26 16:44:15,644 [16d11c64-a500-4b3c-99b4-e07456a37d86@group-47E1568F7B54:LeaderElection91] INFO  impl.LeaderElection (LeaderElection.java:askForVotes(182)) - 16d11c64-a500-4b3c-99b4-e07456a37d86@group-47E1568F7B54:LeaderElection91: begin an election at term 1 for -1: [16d11c64-a500-4b3c-99b4-e07456a37d86:192.168.157.234:36011], old=null
2019-09-26 16:44:15,644 [31eb9216-6704-4cc2-a524-a91f43cc4ef7@group-53A044D7C55C:LeaderElection90] INFO  impl.RoleInfo (RoleInfo.java:shutdownLeaderElection(134)) - 31eb9216-6704-4cc2-a524-a91f43cc4ef7: shutdown LeaderElection
2019-09-26 16:44:15,645 [16d11c64-a500-4b3c-99b4-e07456a37d86@group-47E1568F7B54:LeaderElection91] INFO  impl.RoleInfo (RoleInfo.java:shutdownLeaderElection(134)) - 16d11c64-a500-4b3c-99b4-e07456a37d86: shutdown LeaderElection
2019-09-26 16:44:15,645 [31eb9216-6704-4cc2-a524-a91f43cc4ef7@group-53A044D7C55C:LeaderElection90] INFO  impl.RaftServerImpl (RaftServerImpl.java:setRole(174)) - 31eb9216-6704-4cc2-a524-a91f43cc4ef7@group-53A044D7C55C: changes role from CANDIDATE to LEADER at term 1 for changeToLeader
2019-09-26 16:44:15,645 [16d11c64-a500-4b3c-99b4-e07456a37d86@group-47E1568F7B54:LeaderElection91] INFO  impl.RaftServerImpl (RaftServerImpl.java:setRole(174)) - 16d11c64-a500-4b3c-99b4-e07456a37d86@group-47E1568F7B54: changes role from CANDIDATE to LEADER at term 1 for changeToLeader
2019-09-26 16:44:15,645 [31eb9216-6704-4cc2-a524-a91f43cc4ef7@group-53A044D7C55C:LeaderElection90] INFO  impl.RaftServerImpl (ServerState.java:setLeader(253)) - 31eb9216-6704-4cc2-a524-a91f43cc4ef7@group-53A044D7C55C: change Leader from null to 31eb9216-6704-4cc2-a524-a91f43cc4ef7 at term 1 for becomeLeader, leader elected after 1229ms
2019-09-26 16:44:15,645 [16d11c64-a500-4b3c-99b4-e07456a37d86@group-47E1568F7B54:LeaderElection91] INFO  impl.RaftServerImpl (ServerState.java:setLeader(253)) - 16d11c64-a500-4b3c-99b4-e07456a37d86@group-47E1568F7B54: change Leader from null to 16d11c64-a500-4b3c-99b4-e07456a37d86 at term 1 for becomeLeader, leader elected after 1181ms
2019-09-26 16:44:15,645 [31eb9216-6704-4cc2-a524-a91f43cc4ef7@group-53A044D7C55C:LeaderElection90] INFO  server.RaftServerConfigKeys (ConfUtils.java:logGet(43)) - raft.server.staging.catchup.gap = 1000 (default)
2019-09-26 16:44:15,645 [16d11c64-a500-4b3c-99b4-e07456a37d86@group-47E1568F7B54:LeaderElection91] INFO  server.RaftServerConfigKeys (ConfUtils.java:logGet(43)) - raft.server.staging.catchup.gap = 1000 (default)
2019-09-26 16:44:15,646 [Thread-7896] INFO  impl.FollowerState (FollowerState.java:run(106)) - d33b97c7-2f19-4eba-ab29-dbf55e8d730b:group-D4A06D310E62 changes to CANDIDATE, lastRpcTime:1022, electionTimeout:1022ms
2019-09-26 16:44:15,645 [31eb9216-6704-4cc2-a524-a91f43cc4ef7@group-53A044D7C55C:LeaderElection90] INFO  server.RaftServerConfigKeys (ConfUtils.java:logGet(43)) - raft.server.rpc.sleep.time = 25ms (default)
2019-09-26 16:44:15,646 [16d11c64-a500-4b3c-99b4-e07456a37d86@group-47E1568F7B54:LeaderElection91] INFO  server.RaftServerConfigKeys (ConfUtils.java:logGet(43)) - raft.server.rpc.sleep.time = 25ms (default)
2019-09-26 16:44:15,646 [31eb9216-6704-4cc2-a524-a91f43cc4ef7@group-53A044D7C55C:LeaderElection90] INFO  server.RaftServerConfigKeys (ConfUtils.java:logGet(43)) - raft.server.write.element-limit = 4096 (default)
2019-09-26 16:44:15,646 [Thread-7896] INFO  impl.RoleInfo (RoleInfo.java:shutdownFollowerState(121)) - d33b97c7-2f19-4eba-ab29-dbf55e8d730b: shutdown FollowerState
2019-09-26 16:44:15,646 [31eb9216-6704-4cc2-a524-a91f43cc4ef7@group-53A044D7C55C:LeaderElection90] INFO  server.RaftServerConfigKeys (ConfUtils.java:logGet(43)) - raft.server.watch.timeout = 10s (default)
2019-09-26 16:44:15,646 [16d11c64-a500-4b3c-99b4-e07456a37d86@group-47E1568F7B54:LeaderElection91] INFO  server.RaftServerConfigKeys (ConfUtils.java:logGet(43)) - raft.server.write.element-limit = 4096 (default)
2019-09-26 16:44:15,646 [31eb9216-6704-4cc2-a524-a91f43cc4ef7@group-53A044D7C55C:LeaderElection90] INFO  server.RaftServerConfigKeys (ConfUtils.java:logGet(43)) - raft.server.watch.timeout.denomination = 1s (default)
2019-09-26 16:44:15,646 [Thread-7896] INFO  impl.RaftServerImpl (RaftServerImpl.java:setRole(174)) - d33b97c7-2f19-4eba-ab29-dbf55e8d730b@group-D4A06D310E62: changes role from  FOLLOWER to CANDIDATE at term 0 for changeToCandidate
2019-09-26 16:44:15,647 [31eb9216-6704-4cc2-a524-a91f43cc4ef7@group-53A044D7C55C:LeaderElection90] INFO  server.RaftServerConfigKeys (ConfUtils.java:logGet(43)) - raft.server.watch.element-limit = 65536 (default)
2019-09-26 16:44:15,647 [16d11c64-a500-4b3c-99b4-e07456a37d86@group-47E1568F7B54:LeaderElection91] INFO  server.RaftServerConfigKeys (ConfUtils.java:logGet(43)) - raft.server.watch.timeout = 10s (default)
2019-09-26 16:44:15,647 [Thread-7896] INFO  impl.RoleInfo (RoleInfo.java:updateAndGet(143)) - d33b97c7-2f19-4eba-ab29-dbf55e8d730b: start LeaderElection
2019-09-26 16:44:15,647 [16d11c64-a500-4b3c-99b4-e07456a37d86@group-47E1568F7B54:LeaderElection91] INFO  server.RaftServerConfigKeys (ConfUtils.java:logGet(43)) - raft.server.watch.timeout.denomination = 1s (default)
2019-09-26 16:44:15,647 [16d11c64-a500-4b3c-99b4-e07456a37d86@group-47E1568F7B54:LeaderElection91] INFO  server.RaftServerConfigKeys (ConfUtils.java:logGet(43)) - raft.server.watch.element-limit = 65536 (default)
2019-09-26 16:44:15,651 [Thread-7893] INFO  impl.FollowerState (FollowerState.java:run(106)) - 0ded38ee-67df-4068-adb8-539d3d8b400f:group-22B615240C5B changes to CANDIDATE, lastRpcTime:1077, electionTimeout:1074ms
2019-09-26 16:44:15,656 [Thread-7893] INFO  impl.RoleInfo (RoleInfo.java:shutdownFollowerState(121)) - 0ded38ee-67df-4068-adb8-539d3d8b400f: shutdown FollowerState
2019-09-26 16:44:15,656 [Thread-7893] INFO  impl.RaftServerImpl (RaftServerImpl.java:setRole(174)) - 0ded38ee-67df-4068-adb8-539d3d8b400f@group-22B615240C5B: changes role from  FOLLOWER to CANDIDATE at term 0 for changeToCandidate
2019-09-26 16:44:15,656 [Thread-7893] INFO  impl.RoleInfo (RoleInfo.java:updateAndGet(143)) - 0ded38ee-67df-4068-adb8-539d3d8b400f: start LeaderElection
2019-09-26 16:44:15,672 [31eb9216-6704-4cc2-a524-a91f43cc4ef7@group-53A044D7C55C:LeaderElection90] INFO  impl.RoleInfo (RoleInfo.java:updateAndGet(143)) - 31eb9216-6704-4cc2-a524-a91f43cc4ef7: start LeaderState
2019-09-26 16:44:15,672 [31eb9216-6704-4cc2-a524-a91f43cc4ef7@group-53A044D7C55C:LeaderElection90] INFO  segmented.SegmentedRaftLogWorker (SegmentedRaftLogWorker.java:startLogSegment(380)) - 31eb9216-6704-4cc2-a524-a91f43cc4ef7@group-53A044D7C55C-SegmentedRaftLogWorker: Starting segment from index:0
2019-09-26 16:44:15,672 [16d11c64-a500-4b3c-99b4-e07456a37d86@group-47E1568F7B54:LeaderElection91] INFO  impl.RoleInfo (RoleInfo.java:updateAndGet(143)) - 16d11c64-a500-4b3c-99b4-e07456a37d86: start LeaderState
2019-09-26 16:44:15,672 [31eb9216-6704-4cc2-a524-a91f43cc4ef7@group-53A044D7C55C:LeaderElection90] INFO  impl.RaftServerImpl (ServerState.java:setRaftConf(354)) - 31eb9216-6704-4cc2-a524-a91f43cc4ef7@group-53A044D7C55C: set configuration 0: [31eb9216-6704-4cc2-a524-a91f43cc4ef7:192.168.157.234:32775], old=null at 0
2019-09-26 16:44:15,672 [16d11c64-a500-4b3c-99b4-e07456a37d86@group-47E1568F7B54:LeaderElection91] INFO  segmented.SegmentedRaftLogWorker (SegmentedRaftLogWorker.java:startLogSegment(380)) - 16d11c64-a500-4b3c-99b4-e07456a37d86@group-47E1568F7B54-SegmentedRaftLogWorker: Starting segment from index:0
2019-09-26 16:44:15,673 [16d11c64-a500-4b3c-99b4-e07456a37d86@group-47E1568F7B54:LeaderElection91] INFO  impl.RaftServerImpl (ServerState.java:setRaftConf(354)) - 16d11c64-a500-4b3c-99b4-e07456a37d86@group-47E1568F7B54: set configuration 0: [16d11c64-a500-4b3c-99b4-e07456a37d86:192.168.157.234:36011], old=null at 0
2019-09-26 16:44:15,685 [0ded38ee-67df-4068-adb8-539d3d8b400f@group-22B615240C5B:LeaderElection93] INFO  impl.LeaderElection (LeaderElection.java:askForVotes(182)) - 0ded38ee-67df-4068-adb8-539d3d8b400f@group-22B615240C5B:LeaderElection93: begin an election at term 1 for -1: [0ded38ee-67df-4068-adb8-539d3d8b400f:192.168.157.234:34114], old=null
2019-09-26 16:44:15,685 [d33b97c7-2f19-4eba-ab29-dbf55e8d730b@group-D4A06D310E62:LeaderElection92] INFO  impl.LeaderElection (LeaderElection.java:askForVotes(182)) - d33b97c7-2f19-4eba-ab29-dbf55e8d730b@group-D4A06D310E62:LeaderElection92: begin an election at term 1 for -1: [d33b97c7-2f19-4eba-ab29-dbf55e8d730b:192.168.157.234:40702], old=null
2019-09-26 16:44:15,685 [0ded38ee-67df-4068-adb8-539d3d8b400f@group-22B615240C5B:LeaderElection93] INFO  impl.RoleInfo (RoleInfo.java:shutdownLeaderElection(134)) - 0ded38ee-67df-4068-adb8-539d3d8b400f: shutdown LeaderElection
2019-09-26 16:44:15,685 [d33b97c7-2f19-4eba-ab29-dbf55e8d730b@group-D4A06D310E62:LeaderElection92] INFO  impl.RoleInfo (RoleInfo.java:shutdownLeaderElection(134)) - d33b97c7-2f19-4eba-ab29-dbf55e8d730b: shutdown LeaderElection
2019-09-26 16:44:15,685 [0ded38ee-67df-4068-adb8-539d3d8b400f@group-22B615240C5B:LeaderElection93] INFO  impl.RaftServerImpl (RaftServerImpl.java:setRole(174)) - 0ded38ee-67df-4068-adb8-539d3d8b400f@group-22B615240C5B: changes role from CANDIDATE to LEADER at term 1 for changeToLeader
2019-09-26 16:44:15,685 [d33b97c7-2f19-4eba-ab29-dbf55e8d730b@group-D4A06D310E62:LeaderElection92] INFO  impl.RaftServerImpl (RaftServerImpl.java:setRole(174)) - d33b97c7-2f19-4eba-ab29-dbf55e8d730b@group-D4A06D310E62: changes role from CANDIDATE to LEADER at term 1 for changeToLeader
2019-09-26 16:44:15,685 [0ded38ee-67df-4068-adb8-539d3d8b400f@group-22B615240C5B:LeaderElection93] INFO  impl.RaftServerImpl (ServerState.java:setLeader(253)) - 0ded38ee-67df-4068-adb8-539d3d8b400f@group-22B615240C5B: change Leader from null to 0ded38ee-67df-4068-adb8-539d3d8b400f at term 1 for becomeLeader, leader elected after 1119ms
2019-09-26 16:44:15,685 [d33b97c7-2f19-4eba-ab29-dbf55e8d730b@group-D4A06D310E62:LeaderElection92] INFO  impl.RaftServerImpl (ServerState.java:setLeader(253)) - d33b97c7-2f19-4eba-ab29-dbf55e8d730b@group-D4A06D310E62: change Leader from null to d33b97c7-2f19-4eba-ab29-dbf55e8d730b at term 1 for becomeLeader, leader elected after 1068ms
2019-09-26 16:44:15,686 [0ded38ee-67df-4068-adb8-539d3d8b400f@group-22B615240C5B:LeaderElection93] INFO  server.RaftServerConfigKeys (ConfUtils.java:logGet(43)) - raft.server.staging.catchup.gap = 1000 (default)
2019-09-26 16:44:15,686 [d33b97c7-2f19-4eba-ab29-dbf55e8d730b@group-D4A06D310E62:LeaderElection92] INFO  server.RaftServerConfigKeys (ConfUtils.java:logGet(43)) - raft.server.staging.catchup.gap = 1000 (default)
2019-09-26 16:44:15,686 [0ded38ee-67df-4068-adb8-539d3d8b400f@group-22B615240C5B:LeaderElection93] INFO  server.RaftServerConfigKeys (ConfUtils.java:logGet(43)) - raft.server.rpc.sleep.time = 25ms (default)
2019-09-26 16:44:15,686 [d33b97c7-2f19-4eba-ab29-dbf55e8d730b@group-D4A06D310E62:LeaderElection92] INFO  server.RaftServerConfigKeys (ConfUtils.java:logGet(43)) - raft.server.rpc.sleep.time = 25ms (default)
2019-09-26 16:44:15,686 [0ded38ee-67df-4068-adb8-539d3d8b400f@group-22B615240C5B:LeaderElection93] INFO  server.RaftServerConfigKeys (ConfUtils.java:logGet(43)) - raft.server.write.element-limit = 4096 (default)
2019-09-26 16:44:15,686 [d33b97c7-2f19-4eba-ab29-dbf55e8d730b@group-D4A06D310E62:LeaderElection92] INFO  server.RaftServerConfigKeys (ConfUtils.java:logGet(43)) - raft.server.write.element-limit = 4096 (default)
2019-09-26 16:44:15,686 [0ded38ee-67df-4068-adb8-539d3d8b400f@group-22B615240C5B:LeaderElection93] INFO  server.RaftServerConfigKeys (ConfUtils.java:logGet(43)) - raft.server.watch.timeout = 10s (default)
2019-09-26 16:44:15,687 [d33b97c7-2f19-4eba-ab29-dbf55e8d730b@group-D4A06D310E62:LeaderElection92] INFO  server.RaftServerConfigKeys (ConfUtils.java:logGet(43)) - raft.server.watch.timeout = 10s (default)
2019-09-26 16:44:15,687 [0ded38ee-67df-4068-adb8-539d3d8b400f@group-22B615240C5B:LeaderElection93] INFO  server.RaftServerConfigKeys (ConfUtils.java:logGet(43)) - raft.server.watch.timeout.denomination = 1s (default)
2019-09-26 16:44:15,687 [d33b97c7-2f19-4eba-ab29-dbf55e8d730b@group-D4A06D310E62:LeaderElection92] INFO  server.RaftServerConfigKeys (ConfUtils.java:logGet(43)) - raft.server.watch.timeout.denomination = 1s (default)
2019-09-26 16:44:15,687 [0ded38ee-67df-4068-adb8-539d3d8b400f@group-22B615240C5B:LeaderElection93] INFO  server.RaftServerConfigKeys (ConfUtils.java:logGet(43)) - raft.server.watch.element-limit = 65536 (default)
2019-09-26 16:44:15,687 [d33b97c7-2f19-4eba-ab29-dbf55e8d730b@group-D4A06D310E62:LeaderElection92] INFO  server.RaftServerConfigKeys (ConfUtils.java:logGet(43)) - raft.server.watch.element-limit = 65536 (default)
2019-09-26 16:44:15,691 [0ded38ee-67df-4068-adb8-539d3d8b400f@group-22B615240C5B:LeaderElection93] INFO  impl.RoleInfo (RoleInfo.java:updateAndGet(143)) - 0ded38ee-67df-4068-adb8-539d3d8b400f: start LeaderState
2019-09-26 16:44:15,691 [d33b97c7-2f19-4eba-ab29-dbf55e8d730b@group-D4A06D310E62:LeaderElection92] INFO  impl.RoleInfo (RoleInfo.java:updateAndGet(143)) - d33b97c7-2f19-4eba-ab29-dbf55e8d730b: start LeaderState
2019-09-26 16:44:15,691 [0ded38ee-67df-4068-adb8-539d3d8b400f@group-22B615240C5B:LeaderElection93] INFO  segmented.SegmentedRaftLogWorker (SegmentedRaftLogWorker.java:startLogSegment(380)) - 0ded38ee-67df-4068-adb8-539d3d8b400f@group-22B615240C5B-SegmentedRaftLogWorker: Starting segment from index:0
2019-09-26 16:44:15,691 [d33b97c7-2f19-4eba-ab29-dbf55e8d730b@group-D4A06D310E62:LeaderElection92] INFO  segmented.SegmentedRaftLogWorker (SegmentedRaftLogWorker.java:startLogSegment(380)) - d33b97c7-2f19-4eba-ab29-dbf55e8d730b@group-D4A06D310E62-SegmentedRaftLogWorker: Starting segment from index:0
2019-09-26 16:44:15,692 [0ded38ee-67df-4068-adb8-539d3d8b400f@group-22B615240C5B:LeaderElection93] INFO  impl.RaftServerImpl (ServerState.java:setRaftConf(354)) - 0ded38ee-67df-4068-adb8-539d3d8b400f@group-22B615240C5B: set configuration 0: [0ded38ee-67df-4068-adb8-539d3d8b400f:192.168.157.234:34114], old=null at 0
2019-09-26 16:44:15,692 [d33b97c7-2f19-4eba-ab29-dbf55e8d730b@group-D4A06D310E62:LeaderElection92] INFO  impl.RaftServerImpl (ServerState.java:setRaftConf(354)) - d33b97c7-2f19-4eba-ab29-dbf55e8d730b@group-D4A06D310E62: set configuration 0: [d33b97c7-2f19-4eba-ab29-dbf55e8d730b:192.168.157.234:40702], old=null at 0
2019-09-26 16:44:15,719 [16d11c64-a500-4b3c-99b4-e07456a37d86@group-47E1568F7B54-SegmentedRaftLogWorker] INFO  segmented.SegmentedRaftLogWorker (SegmentedRaftLogWorker.java:execute(569)) - 16d11c64-a500-4b3c-99b4-e07456a37d86@group-47E1568F7B54-SegmentedRaftLogWorker: created new log segment /workdir/hadoop-ozone/integration-test/target/test-dir/MiniOzoneClusterImpl-2d738554-168c-4e5d-822f-b5acc277bde2/datanode-5/data/ratis/213a484c-14ac-479c-8519-47e1568f7b54/current/log_inprogress_0
2019-09-26 16:44:15,719 [31eb9216-6704-4cc2-a524-a91f43cc4ef7@group-53A044D7C55C-SegmentedRaftLogWorker] INFO  segmented.SegmentedRaftLogWorker (SegmentedRaftLogWorker.java:execute(569)) - 31eb9216-6704-4cc2-a524-a91f43cc4ef7@group-53A044D7C55C-SegmentedRaftLogWorker: created new log segment /workdir/hadoop-ozone/integration-test/target/test-dir/MiniOzoneClusterImpl-2d738554-168c-4e5d-822f-b5acc277bde2/datanode-2/data/ratis/2de8df2a-2482-44a9-a58f-53a044d7c55c/current/log_inprogress_0
2019-09-26 16:44:15,732 [0ded38ee-67df-4068-adb8-539d3d8b400f@group-22B615240C5B-SegmentedRaftLogWorker] INFO  segmented.SegmentedRaftLogWorker (SegmentedRaftLogWorker.java:execute(569)) - 0ded38ee-67df-4068-adb8-539d3d8b400f@group-22B615240C5B-SegmentedRaftLogWorker: created new log segment /workdir/hadoop-ozone/integration-test/target/test-dir/MiniOzoneClusterImpl-2d738554-168c-4e5d-822f-b5acc277bde2/datanode-7/data/ratis/45397ad7-0803-43cc-92ff-22b615240c5b/current/log_inprogress_0
2019-09-26 16:44:15,732 [d33b97c7-2f19-4eba-ab29-dbf55e8d730b@group-D4A06D310E62-SegmentedRaftLogWorker] INFO  segmented.SegmentedRaftLogWorker (SegmentedRaftLogWorker.java:execute(569)) - d33b97c7-2f19-4eba-ab29-dbf55e8d730b@group-D4A06D310E62-SegmentedRaftLogWorker: created new log segment /workdir/hadoop-ozone/integration-test/target/test-dir/MiniOzoneClusterImpl-2d738554-168c-4e5d-822f-b5acc277bde2/datanode-8/data/ratis/1a1e93ea-fdcf-45eb-a840-d4a06d310e62/current/log_inprogress_0
2019-09-26 16:44:15,821 [Thread-7899] INFO  impl.FollowerState (FollowerState.java:run(106)) - af201f12-6a5d-4f7c-8339-ef82b05a5091:group-79CFAEB4611F changes to CANDIDATE, lastRpcTime:1130, electionTimeout:1130ms
2019-09-26 16:44:15,821 [Thread-7899] INFO  impl.RoleInfo (RoleInfo.java:shutdownFollowerState(121)) - af201f12-6a5d-4f7c-8339-ef82b05a5091: shutdown FollowerState
2019-09-26 16:44:15,821 [Thread-7899] INFO  impl.RaftServerImpl (RaftServerImpl.java:setRole(174)) - af201f12-6a5d-4f7c-8339-ef82b05a5091@group-79CFAEB4611F: changes role from  FOLLOWER to CANDIDATE at term 0 for changeToCandidate
2019-09-26 16:44:15,821 [Thread-7899] INFO  impl.RoleInfo (RoleInfo.java:updateAndGet(143)) - af201f12-6a5d-4f7c-8339-ef82b05a5091: start LeaderElection
2019-09-26 16:44:15,843 [af201f12-6a5d-4f7c-8339-ef82b05a5091@group-79CFAEB4611F:LeaderElection94] INFO  impl.LeaderElection (LeaderElection.java:askForVotes(182)) - af201f12-6a5d-4f7c-8339-ef82b05a5091@group-79CFAEB4611F:LeaderElection94: begin an election at term 1 for -1: [af201f12-6a5d-4f7c-8339-ef82b05a5091:192.168.157.234:43417], old=null
2019-09-26 16:44:15,844 [af201f12-6a5d-4f7c-8339-ef82b05a5091@group-79CFAEB4611F:LeaderElection94] INFO  impl.RoleInfo (RoleInfo.java:shutdownLeaderElection(134)) - af201f12-6a5d-4f7c-8339-ef82b05a5091: shutdown LeaderElection
2019-09-26 16:44:15,844 [af201f12-6a5d-4f7c-8339-ef82b05a5091@group-79CFAEB4611F:LeaderElection94] INFO  impl.RaftServerImpl (RaftServerImpl.java:setRole(174)) - af201f12-6a5d-4f7c-8339-ef82b05a5091@group-79CFAEB4611F: changes role from CANDIDATE to LEADER at term 1 for changeToLeader
2019-09-26 16:44:15,844 [af201f12-6a5d-4f7c-8339-ef82b05a5091@group-79CFAEB4611F:LeaderElection94] INFO  impl.RaftServerImpl (ServerState.java:setLeader(253)) - af201f12-6a5d-4f7c-8339-ef82b05a5091@group-79CFAEB4611F: change Leader from null to af201f12-6a5d-4f7c-8339-ef82b05a5091 at term 1 for becomeLeader, leader elected after 1161ms
2019-09-26 16:44:15,844 [af201f12-6a5d-4f7c-8339-ef82b05a5091@group-79CFAEB4611F:LeaderElection94] INFO  server.RaftServerConfigKeys (ConfUtils.java:logGet(43)) - raft.server.staging.catchup.gap = 1000 (default)
2019-09-26 16:44:15,844 [af201f12-6a5d-4f7c-8339-ef82b05a5091@group-79CFAEB4611F:LeaderElection94] INFO  server.RaftServerConfigKeys (ConfUtils.java:logGet(43)) - raft.server.rpc.sleep.time = 25ms (default)
2019-09-26 16:44:15,844 [af201f12-6a5d-4f7c-8339-ef82b05a5091@group-79CFAEB4611F:LeaderElection94] INFO  server.RaftServerConfigKeys (ConfUtils.java:logGet(43)) - raft.server.write.element-limit = 4096 (default)
2019-09-26 16:44:15,844 [af201f12-6a5d-4f7c-8339-ef82b05a5091@group-79CFAEB4611F:LeaderElection94] INFO  server.RaftServerConfigKeys (ConfUtils.java:logGet(43)) - raft.server.watch.timeout = 10s (default)
2019-09-26 16:44:15,845 [af201f12-6a5d-4f7c-8339-ef82b05a5091@group-79CFAEB4611F:LeaderElection94] INFO  server.RaftServerConfigKeys (ConfUtils.java:logGet(43)) - raft.server.watch.timeout.denomination = 1s (default)
2019-09-26 16:44:15,845 [af201f12-6a5d-4f7c-8339-ef82b05a5091@group-79CFAEB4611F:LeaderElection94] INFO  server.RaftServerConfigKeys (ConfUtils.java:logGet(43)) - raft.server.watch.element-limit = 65536 (default)
2019-09-26 16:44:15,846 [af201f12-6a5d-4f7c-8339-ef82b05a5091@group-79CFAEB4611F:LeaderElection94] INFO  impl.RoleInfo (RoleInfo.java:updateAndGet(143)) - af201f12-6a5d-4f7c-8339-ef82b05a5091: start LeaderState
2019-09-26 16:44:15,847 [af201f12-6a5d-4f7c-8339-ef82b05a5091@group-79CFAEB4611F:LeaderElection94] INFO  segmented.SegmentedRaftLogWorker (SegmentedRaftLogWorker.java:startLogSegment(380)) - af201f12-6a5d-4f7c-8339-ef82b05a5091@group-79CFAEB4611F-SegmentedRaftLogWorker: Starting segment from index:0
2019-09-26 16:44:15,848 [af201f12-6a5d-4f7c-8339-ef82b05a5091@group-79CFAEB4611F:LeaderElection94] INFO  impl.RaftServerImpl (ServerState.java:setRaftConf(354)) - af201f12-6a5d-4f7c-8339-ef82b05a5091@group-79CFAEB4611F: set configuration 0: [af201f12-6a5d-4f7c-8339-ef82b05a5091:192.168.157.234:43417], old=null at 0
2019-09-26 16:44:15,866 [Thread-7909] INFO  impl.FollowerState (FollowerState.java:run(106)) - 59fe4627-77ba-4d6f-bbfd-1773d3bea00c:group-F67703B41CB5 changes to CANDIDATE, lastRpcTime:1056, electionTimeout:1051ms
2019-09-26 16:44:15,866 [Thread-7909] INFO  impl.RoleInfo (RoleInfo.java:shutdownFollowerState(121)) - 59fe4627-77ba-4d6f-bbfd-1773d3bea00c: shutdown FollowerState
2019-09-26 16:44:15,866 [Thread-7909] INFO  impl.RaftServerImpl (RaftServerImpl.java:setRole(174)) - 59fe4627-77ba-4d6f-bbfd-1773d3bea00c@group-F67703B41CB5: changes role from  FOLLOWER to CANDIDATE at term 0 for changeToCandidate
2019-09-26 16:44:15,866 [Thread-7909] INFO  impl.RoleInfo (RoleInfo.java:updateAndGet(143)) - 59fe4627-77ba-4d6f-bbfd-1773d3bea00c: start LeaderElection
2019-09-26 16:44:15,876 [af201f12-6a5d-4f7c-8339-ef82b05a5091@group-79CFAEB4611F-SegmentedRaftLogWorker] INFO  segmented.SegmentedRaftLogWorker (SegmentedRaftLogWorker.java:execute(569)) - af201f12-6a5d-4f7c-8339-ef82b05a5091@group-79CFAEB4611F-SegmentedRaftLogWorker: created new log segment /workdir/hadoop-ozone/integration-test/target/test-dir/MiniOzoneClusterImpl-2d738554-168c-4e5d-822f-b5acc277bde2/datanode-9/data/ratis/a049d291-599f-4635-a6f9-79cfaeb4611f/current/log_inprogress_0
2019-09-26 16:44:15,879 [59fe4627-77ba-4d6f-bbfd-1773d3bea00c@group-F67703B41CB5:LeaderElection95] INFO  impl.LeaderElection (LeaderElection.java:askForVotes(182)) - 59fe4627-77ba-4d6f-bbfd-1773d3bea00c@group-F67703B41CB5:LeaderElection95: begin an election at term 1 for -1: [59fe4627-77ba-4d6f-bbfd-1773d3bea00c:192.168.157.234:45861, af201f12-6a5d-4f7c-8339-ef82b05a5091:192.168.157.234:43417, 0ded38ee-67df-4068-adb8-539d3d8b400f:192.168.157.234:34114], old=null
2019-09-26 16:44:15,885 [grpc-default-executor-0] INFO  impl.RaftServerImpl (RaftServerImpl.java:setRole(174)) - af201f12-6a5d-4f7c-8339-ef82b05a5091@group-F67703B41CB5: changes role from  FOLLOWER to FOLLOWER at term 1 for recognizeCandidate:59fe4627-77ba-4d6f-bbfd-1773d3bea00c
2019-09-26 16:44:15,885 [grpc-default-executor-1] INFO  impl.RaftServerImpl (RaftServerImpl.java:setRole(174)) - 0ded38ee-67df-4068-adb8-539d3d8b400f@group-F67703B41CB5: changes role from  FOLLOWER to FOLLOWER at term 1 for recognizeCandidate:59fe4627-77ba-4d6f-bbfd-1773d3bea00c
2019-09-26 16:44:15,885 [grpc-default-executor-0] INFO  impl.RoleInfo (RoleInfo.java:shutdownFollowerState(121)) - af201f12-6a5d-4f7c-8339-ef82b05a5091: shutdown FollowerState
2019-09-26 16:44:15,886 [grpc-default-executor-1] INFO  impl.RoleInfo (RoleInfo.java:shutdownFollowerState(121)) - 0ded38ee-67df-4068-adb8-539d3d8b400f: shutdown FollowerState
2019-09-26 16:44:15,886 [Thread-7910] INFO  impl.FollowerState (FollowerState.java:run(115)) - af201f12-6a5d-4f7c-8339-ef82b05a5091: FollowerState was interrupted: java.lang.InterruptedException: sleep interrupted
2019-09-26 16:44:15,886 [grpc-default-executor-0] INFO  impl.RoleInfo (RoleInfo.java:updateAndGet(143)) - af201f12-6a5d-4f7c-8339-ef82b05a5091: start FollowerState
2019-09-26 16:44:15,886 [grpc-default-executor-1] INFO  impl.RoleInfo (RoleInfo.java:updateAndGet(143)) - 0ded38ee-67df-4068-adb8-539d3d8b400f: start FollowerState
2019-09-26 16:44:15,886 [Thread-7906] INFO  impl.FollowerState (FollowerState.java:run(115)) - 0ded38ee-67df-4068-adb8-539d3d8b400f: FollowerState was interrupted: java.lang.InterruptedException: sleep interrupted
2019-09-26 16:44:15,904 [59fe4627-77ba-4d6f-bbfd-1773d3bea00c@group-F67703B41CB5:LeaderElection95] INFO  impl.LeaderElection (LeaderElection.java:logAndReturn(56)) - 59fe4627-77ba-4d6f-bbfd-1773d3bea00c@group-F67703B41CB5:LeaderElection95: Election PASSED; received 1 response(s) [59fe4627-77ba-4d6f-bbfd-1773d3bea00c<-af201f12-6a5d-4f7c-8339-ef82b05a5091#0:OK-t1] and 0 exception(s); 59fe4627-77ba-4d6f-bbfd-1773d3bea00c@group-F67703B41CB5:t1, leader=null, voted=59fe4627-77ba-4d6f-bbfd-1773d3bea00c, raftlog=59fe4627-77ba-4d6f-bbfd-1773d3bea00c@group-F67703B41CB5-SegmentedRaftLog:OPENED:c-1,f-1,i0, conf=-1: [59fe4627-77ba-4d6f-bbfd-1773d3bea00c:192.168.157.234:45861, af201f12-6a5d-4f7c-8339-ef82b05a5091:192.168.157.234:43417, 0ded38ee-67df-4068-adb8-539d3d8b400f:192.168.157.234:34114], old=null
2019-09-26 16:44:15,904 [59fe4627-77ba-4d6f-bbfd-1773d3bea00c@group-F67703B41CB5:LeaderElection95] INFO  impl.RoleInfo (RoleInfo.java:shutdownLeaderElection(134)) - 59fe4627-77ba-4d6f-bbfd-1773d3bea00c: shutdown LeaderElection
2019-09-26 16:44:15,904 [59fe4627-77ba-4d6f-bbfd-1773d3bea00c@group-F67703B41CB5:LeaderElection95] INFO  impl.RaftServerImpl (RaftServerImpl.java:setRole(174)) - 59fe4627-77ba-4d6f-bbfd-1773d3bea00c@group-F67703B41CB5: changes role from CANDIDATE to LEADER at term 1 for changeToLeader
2019-09-26 16:44:15,904 [59fe4627-77ba-4d6f-bbfd-1773d3bea00c@group-F67703B41CB5:LeaderElection95] INFO  impl.RaftServerImpl (ServerState.java:setLeader(253)) - 59fe4627-77ba-4d6f-bbfd-1773d3bea00c@group-F67703B41CB5: change Leader from null to 59fe4627-77ba-4d6f-bbfd-1773d3bea00c at term 1 for becomeLeader, leader elected after 1107ms
2019-09-26 16:44:15,905 [59fe4627-77ba-4d6f-bbfd-1773d3bea00c@group-F67703B41CB5:LeaderElection95] INFO  server.RaftServerConfigKeys (ConfUtils.java:logGet(43)) - raft.server.staging.catchup.gap = 1000 (default)
2019-09-26 16:44:15,905 [59fe4627-77ba-4d6f-bbfd-1773d3bea00c@group-F67703B41CB5:LeaderElection95] INFO  server.RaftServerConfigKeys (ConfUtils.java:logGet(43)) - raft.server.rpc.sleep.time = 25ms (default)
2019-09-26 16:44:15,905 [59fe4627-77ba-4d6f-bbfd-1773d3bea00c@group-F67703B41CB5:LeaderElection95] INFO  server.RaftServerConfigKeys (ConfUtils.java:logGet(43)) - raft.server.write.element-limit = 4096 (default)
2019-09-26 16:44:15,905 [59fe4627-77ba-4d6f-bbfd-1773d3bea00c@group-F67703B41CB5:LeaderElection95] INFO  server.RaftServerConfigKeys (ConfUtils.java:logGet(43)) - raft.server.watch.timeout = 10s (default)
2019-09-26 16:44:15,905 [59fe4627-77ba-4d6f-bbfd-1773d3bea00c@group-F67703B41CB5:LeaderElection95] INFO  server.RaftServerConfigKeys (ConfUtils.java:logGet(43)) - raft.server.watch.timeout.denomination = 1s (default)
2019-09-26 16:44:15,905 [59fe4627-77ba-4d6f-bbfd-1773d3bea00c@group-F67703B41CB5:LeaderElection95] INFO  server.RaftServerConfigKeys (ConfUtils.java:logGet(43)) - raft.server.watch.element-limit = 65536 (default)
2019-09-26 16:44:15,908 [59fe4627-77ba-4d6f-bbfd-1773d3bea00c@group-F67703B41CB5:LeaderElection95] INFO  server.RaftServerConfigKeys (ConfUtils.java:logGet(43)) - raft.server.log.appender.snapshot.chunk.size.max = 16MB (=16777216) (default)
2019-09-26 16:44:15,908 [59fe4627-77ba-4d6f-bbfd-1773d3bea00c@group-F67703B41CB5:LeaderElection95] INFO  server.RaftServerConfigKeys (ConfUtils.java:logGet(43)) - raft.server.log.appender.buffer.byte-limit = 33554432 (custom)
2019-09-26 16:44:15,908 [59fe4627-77ba-4d6f-bbfd-1773d3bea00c@group-F67703B41CB5:LeaderElection95] INFO  server.RaftServerConfigKeys (ConfUtils.java:logGet(43)) - raft.server.log.appender.buffer.element-limit = 1 (custom)
2019-09-26 16:44:15,908 [59fe4627-77ba-4d6f-bbfd-1773d3bea00c@group-F67703B41CB5:LeaderElection95] INFO  grpc.GrpcConfigKeys$Server (ConfUtils.java:logGet(43)) - raft.grpc.server.leader.outstanding.appends.max = 128 (default)
2019-09-26 16:44:15,909 [59fe4627-77ba-4d6f-bbfd-1773d3bea00c@group-F67703B41CB5:LeaderElection95] INFO  server.RaftServerConfigKeys (ConfUtils.java:logGet(43)) - raft.server.rpc.request.timeout = 3000ms (default)
2019-09-26 16:44:15,909 [59fe4627-77ba-4d6f-bbfd-1773d3bea00c@group-F67703B41CB5:LeaderElection95] INFO  server.RaftServerConfigKeys (ConfUtils.java:logGet(43)) - raft.server.log.appender.install.snapshot.enabled = false (custom)
2019-09-26 16:44:15,909 [59fe4627-77ba-4d6f-bbfd-1773d3bea00c@group-F67703B41CB5:LeaderElection95] INFO  server.RaftServerConfigKeys (ConfUtils.java:logGet(43)) - raft.server.log.appender.snapshot.chunk.size.max = 16MB (=16777216) (default)
2019-09-26 16:44:15,909 [59fe4627-77ba-4d6f-bbfd-1773d3bea00c@group-F67703B41CB5:LeaderElection95] INFO  server.RaftServerConfigKeys (ConfUtils.java:logGet(43)) - raft.server.log.appender.buffer.byte-limit = 33554432 (custom)
2019-09-26 16:44:15,909 [59fe4627-77ba-4d6f-bbfd-1773d3bea00c@group-F67703B41CB5:LeaderElection95] INFO  server.RaftServerConfigKeys (ConfUtils.java:logGet(43)) - raft.server.log.appender.buffer.element-limit = 1 (custom)
2019-09-26 16:44:15,910 [59fe4627-77ba-4d6f-bbfd-1773d3bea00c@group-F67703B41CB5:LeaderElection95] INFO  grpc.GrpcConfigKeys$Server (ConfUtils.java:logGet(43)) - raft.grpc.server.leader.outstanding.appends.max = 128 (default)
2019-09-26 16:44:15,910 [59fe4627-77ba-4d6f-bbfd-1773d3bea00c@group-F67703B41CB5:LeaderElection95] INFO  server.RaftServerConfigKeys (ConfUtils.java:logGet(43)) - raft.server.rpc.request.timeout = 3000ms (default)
2019-09-26 16:44:15,910 [59fe4627-77ba-4d6f-bbfd-1773d3bea00c@group-F67703B41CB5:LeaderElection95] INFO  server.RaftServerConfigKeys (ConfUtils.java:logGet(43)) - raft.server.log.appender.install.snapshot.enabled = false (custom)
2019-09-26 16:44:15,910 [59fe4627-77ba-4d6f-bbfd-1773d3bea00c@group-F67703B41CB5:LeaderElection95] INFO  impl.RoleInfo (RoleInfo.java:updateAndGet(143)) - 59fe4627-77ba-4d6f-bbfd-1773d3bea00c: start LeaderState
2019-09-26 16:44:15,911 [59fe4627-77ba-4d6f-bbfd-1773d3bea00c@group-F67703B41CB5:LeaderElection95] INFO  segmented.SegmentedRaftLogWorker (SegmentedRaftLogWorker.java:startLogSegment(380)) - 59fe4627-77ba-4d6f-bbfd-1773d3bea00c@group-F67703B41CB5-SegmentedRaftLogWorker: Starting segment from index:0
2019-09-26 16:44:15,911 [59fe4627-77ba-4d6f-bbfd-1773d3bea00c@group-F67703B41CB5:LeaderElection95] INFO  impl.RaftServerImpl (ServerState.java:setRaftConf(354)) - 59fe4627-77ba-4d6f-bbfd-1773d3bea00c@group-F67703B41CB5: set configuration 0: [59fe4627-77ba-4d6f-bbfd-1773d3bea00c:192.168.157.234:45861, af201f12-6a5d-4f7c-8339-ef82b05a5091:192.168.157.234:43417, 0ded38ee-67df-4068-adb8-539d3d8b400f:192.168.157.234:34114], old=null at 0
2019-09-26 16:44:15,952 [grpc-default-executor-1] INFO  impl.RaftServerImpl (ServerState.java:setLeader(253)) - af201f12-6a5d-4f7c-8339-ef82b05a5091@group-F67703B41CB5: change Leader from null to 59fe4627-77ba-4d6f-bbfd-1773d3bea00c at term 1 for appendEntries, leader elected after 1155ms
2019-09-26 16:44:15,955 [Thread-7918] INFO  impl.FollowerState (FollowerState.java:run(106)) - d33b97c7-2f19-4eba-ab29-dbf55e8d730b:group-8ED6358F0D74 changes to CANDIDATE, lastRpcTime:1069, electionTimeout:1060ms
2019-09-26 16:44:15,956 [Thread-7918] INFO  impl.RoleInfo (RoleInfo.java:shutdownFollowerState(121)) - d33b97c7-2f19-4eba-ab29-dbf55e8d730b: shutdown FollowerState
2019-09-26 16:44:15,956 [Thread-7902] INFO  impl.FollowerState (FollowerState.java:run(106)) - 0230ed67-c037-4463-8579-62facef95337:group-F6F15F4B6D51 changes to CANDIDATE, lastRpcTime:1216, electionTimeout:1178ms
2019-09-26 16:44:15,956 [Thread-7918] INFO  impl.RaftServerImpl (RaftServerImpl.java:setRole(174)) - d33b97c7-2f19-4eba-ab29-dbf55e8d730b@group-8ED6358F0D74: changes role from  FOLLOWER to CANDIDATE at term 0 for changeToCandidate
2019-09-26 16:44:15,956 [Thread-7918] INFO  impl.RoleInfo (RoleInfo.java:updateAndGet(143)) - d33b97c7-2f19-4eba-ab29-dbf55e8d730b: start LeaderElection
2019-09-26 16:44:15,956 [Thread-7902] INFO  impl.RoleInfo (RoleInfo.java:shutdownFollowerState(121)) - 0230ed67-c037-4463-8579-62facef95337: shutdown FollowerState
2019-09-26 16:44:15,957 [Thread-7902] INFO  impl.RaftServerImpl (RaftServerImpl.java:setRole(174)) - 0230ed67-c037-4463-8579-62facef95337@group-F6F15F4B6D51: changes role from  FOLLOWER to CANDIDATE at term 0 for changeToCandidate
2019-09-26 16:44:15,960 [grpc-default-executor-0] INFO  impl.RaftServerImpl (ServerState.java:setLeader(253)) - 0ded38ee-67df-4068-adb8-539d3d8b400f@group-F67703B41CB5: change Leader from null to 59fe4627-77ba-4d6f-bbfd-1773d3bea00c at term 1 for appendEntries, leader elected after 1163ms
2019-09-26 16:44:15,960 [Thread-7902] INFO  impl.RoleInfo (RoleInfo.java:updateAndGet(143)) - 0230ed67-c037-4463-8579-62facef95337: start LeaderElection
2019-09-26 16:44:15,974 [Thread-7919] INFO  impl.FollowerState (FollowerState.java:run(106)) - 16d11c64-a500-4b3c-99b4-e07456a37d86:group-8ED6358F0D74 changes to CANDIDATE, lastRpcTime:1083, electionTimeout:1079ms
2019-09-26 16:44:15,974 [Thread-7915] INFO  impl.FollowerState (FollowerState.java:run(106)) - b3b856ac-1ab1-4d7f-a378-339434076e6f:group-8ED6358F0D74 changes to CANDIDATE, lastRpcTime:1090, electionTimeout:1084ms
2019-09-26 16:44:15,974 [Thread-7919] INFO  impl.RoleInfo (RoleInfo.java:shutdownFollowerState(121)) - 16d11c64-a500-4b3c-99b4-e07456a37d86: shutdown FollowerState
2019-09-26 16:44:15,974 [59fe4627-77ba-4d6f-bbfd-1773d3bea00c@group-F67703B41CB5-SegmentedRaftLogWorker] INFO  segmented.SegmentedRaftLogWorker (SegmentedRaftLogWorker.java:execute(569)) - 59fe4627-77ba-4d6f-bbfd-1773d3bea00c@group-F67703B41CB5-SegmentedRaftLogWorker: created new log segment /workdir/hadoop-ozone/integration-test/target/test-dir/MiniOzoneClusterImpl-2d738554-168c-4e5d-822f-b5acc277bde2/datanode-3/data/ratis/50b5b5f8-cf25-4160-81f0-f67703b41cb5/current/log_inprogress_0
2019-09-26 16:44:15,974 [Thread-7915] INFO  impl.RoleInfo (RoleInfo.java:shutdownFollowerState(121)) - b3b856ac-1ab1-4d7f-a378-339434076e6f: shutdown FollowerState
2019-09-26 16:44:15,975 [Thread-7915] INFO  impl.RaftServerImpl (RaftServerImpl.java:setRole(174)) - b3b856ac-1ab1-4d7f-a378-339434076e6f@group-8ED6358F0D74: changes role from  FOLLOWER to CANDIDATE at term 0 for changeToCandidate
2019-09-26 16:44:15,974 [Thread-7919] INFO  impl.RaftServerImpl (RaftServerImpl.java:setRole(174)) - 16d11c64-a500-4b3c-99b4-e07456a37d86@group-8ED6358F0D74: changes role from  FOLLOWER to CANDIDATE at term 0 for changeToCandidate
2019-09-26 16:44:15,974 [grpc-default-executor-0] INFO  impl.RaftServerImpl (ServerState.java:setRaftConf(354)) - af201f12-6a5d-4f7c-8339-ef82b05a5091@group-F67703B41CB5: set configuration 0: [59fe4627-77ba-4d6f-bbfd-1773d3bea00c:192.168.157.234:45861, af201f12-6a5d-4f7c-8339-ef82b05a5091:192.168.157.234:43417, 0ded38ee-67df-4068-adb8-539d3d8b400f:192.168.157.234:34114], old=null at 0
2019-09-26 16:44:15,975 [grpc-default-executor-1] INFO  impl.RaftServerImpl (ServerState.java:setRaftConf(354)) - 0ded38ee-67df-4068-adb8-539d3d8b400f@group-F67703B41CB5: set configuration 0: [59fe4627-77ba-4d6f-bbfd-1773d3bea00c:192.168.157.234:45861, af201f12-6a5d-4f7c-8339-ef82b05a5091:192.168.157.234:43417, 0ded38ee-67df-4068-adb8-539d3d8b400f:192.168.157.234:34114], old=null at 0
2019-09-26 16:44:15,975 [Thread-7919] INFO  impl.RoleInfo (RoleInfo.java:updateAndGet(143)) - 16d11c64-a500-4b3c-99b4-e07456a37d86: start LeaderElection
2019-09-26 16:44:15,975 [Thread-7915] INFO  impl.RoleInfo (RoleInfo.java:updateAndGet(143)) - b3b856ac-1ab1-4d7f-a378-339434076e6f: start LeaderElection
2019-09-26 16:44:15,975 [grpc-default-executor-1] INFO  segmented.SegmentedRaftLogWorker (SegmentedRaftLogWorker.java:startLogSegment(380)) - 0ded38ee-67df-4068-adb8-539d3d8b400f@group-F67703B41CB5-SegmentedRaftLogWorker: Starting segment from index:0
2019-09-26 16:44:15,975 [grpc-default-executor-0] INFO  segmented.SegmentedRaftLogWorker (SegmentedRaftLogWorker.java:startLogSegment(380)) - af201f12-6a5d-4f7c-8339-ef82b05a5091@group-F67703B41CB5-SegmentedRaftLogWorker: Starting segment from index:0
2019-09-26 16:44:16,040 [d33b97c7-2f19-4eba-ab29-dbf55e8d730b@group-8ED6358F0D74:LeaderElection96] INFO  impl.LeaderElection (LeaderElection.java:askForVotes(182)) - d33b97c7-2f19-4eba-ab29-dbf55e8d730b@group-8ED6358F0D74:LeaderElection96: begin an election at term 1 for -1: [d33b97c7-2f19-4eba-ab29-dbf55e8d730b:192.168.157.234:40702, 16d11c64-a500-4b3c-99b4-e07456a37d86:192.168.157.234:36011, b3b856ac-1ab1-4d7f-a378-339434076e6f:192.168.157.234:36563], old=null
2019-09-26 16:44:16,040 [0230ed67-c037-4463-8579-62facef95337@group-F6F15F4B6D51:LeaderElection97] INFO  impl.LeaderElection (LeaderElection.java:askForVotes(182)) - 0230ed67-c037-4463-8579-62facef95337@group-F6F15F4B6D51:LeaderElection97: begin an election at term 1 for -1: [0230ed67-c037-4463-8579-62facef95337:192.168.157.234:40760], old=null
2019-09-26 16:44:16,041 [0230ed67-c037-4463-8579-62facef95337@group-F6F15F4B6D51:LeaderElection97] INFO  impl.RoleInfo (RoleInfo.java:shutdownLeaderElection(134)) - 0230ed67-c037-4463-8579-62facef95337: shutdown LeaderElection
2019-09-26 16:44:16,041 [0230ed67-c037-4463-8579-62facef95337@group-F6F15F4B6D51:LeaderElection97] INFO  impl.RaftServerImpl (RaftServerImpl.java:setRole(174)) - 0230ed67-c037-4463-8579-62facef95337@group-F6F15F4B6D51: changes role from CANDIDATE to LEADER at term 1 for changeToLeader
2019-09-26 16:44:16,041 [0230ed67-c037-4463-8579-62facef95337@group-F6F15F4B6D51:LeaderElection97] INFO  impl.RaftServerImpl (ServerState.java:setLeader(253)) - 0230ed67-c037-4463-8579-62facef95337@group-F6F15F4B6D51: change Leader from null to 0230ed67-c037-4463-8579-62facef95337 at term 1 for becomeLeader, leader elected after 1309ms
2019-09-26 16:44:16,042 [0230ed67-c037-4463-8579-62facef95337@group-F6F15F4B6D51:LeaderElection97] INFO  server.RaftServerConfigKeys (ConfUtils.java:logGet(43)) - raft.server.staging.catchup.gap = 1000 (default)
2019-09-26 16:44:16,042 [0230ed67-c037-4463-8579-62facef95337@group-F6F15F4B6D51:LeaderElection97] INFO  server.RaftServerConfigKeys (ConfUtils.java:logGet(43)) - raft.server.rpc.sleep.time = 25ms (default)
2019-09-26 16:44:16,042 [0230ed67-c037-4463-8579-62facef95337@group-F6F15F4B6D51:LeaderElection97] INFO  server.RaftServerConfigKeys (ConfUtils.java:logGet(43)) - raft.server.write.element-limit = 4096 (default)
2019-09-26 16:44:16,043 [0230ed67-c037-4463-8579-62facef95337@group-F6F15F4B6D51:LeaderElection97] INFO  server.RaftServerConfigKeys (ConfUtils.java:logGet(43)) - raft.server.watch.timeout = 10s (default)
2019-09-26 16:44:16,043 [0230ed67-c037-4463-8579-62facef95337@group-F6F15F4B6D51:LeaderElection97] INFO  server.RaftServerConfigKeys (ConfUtils.java:logGet(43)) - raft.server.watch.timeout.denomination = 1s (default)
2019-09-26 16:44:16,043 [0230ed67-c037-4463-8579-62facef95337@group-F6F15F4B6D51:LeaderElection97] INFO  server.RaftServerConfigKeys (ConfUtils.java:logGet(43)) - raft.server.watch.element-limit = 65536 (default)
2019-09-26 16:44:16,046 [0230ed67-c037-4463-8579-62facef95337@group-F6F15F4B6D51:LeaderElection97] INFO  impl.RoleInfo (RoleInfo.java:updateAndGet(143)) - 0230ed67-c037-4463-8579-62facef95337: start LeaderState
2019-09-26 16:44:16,047 [0230ed67-c037-4463-8579-62facef95337@group-F6F15F4B6D51:LeaderElection97] INFO  segmented.SegmentedRaftLogWorker (SegmentedRaftLogWorker.java:startLogSegment(380)) - 0230ed67-c037-4463-8579-62facef95337@group-F6F15F4B6D51-SegmentedRaftLogWorker: Starting segment from index:0
2019-09-26 16:44:16,047 [0230ed67-c037-4463-8579-62facef95337@group-F6F15F4B6D51:LeaderElection97] INFO  impl.RaftServerImpl (ServerState.java:setRaftConf(354)) - 0230ed67-c037-4463-8579-62facef95337@group-F6F15F4B6D51: set configuration 0: [0230ed67-c037-4463-8579-62facef95337:192.168.157.234:40760], old=null at 0
2019-09-26 16:44:16,053 [0ded38ee-67df-4068-adb8-539d3d8b400f@group-F67703B41CB5-SegmentedRaftLogWorker] INFO  segmented.SegmentedRaftLogWorker (SegmentedRaftLogWorker.java:execute(569)) - 0ded38ee-67df-4068-adb8-539d3d8b400f@group-F67703B41CB5-SegmentedRaftLogWorker: created new log segment /workdir/hadoop-ozone/integration-test/target/test-dir/MiniOzoneClusterImpl-2d738554-168c-4e5d-822f-b5acc277bde2/datanode-7/data/ratis/50b5b5f8-cf25-4160-81f0-f67703b41cb5/current/log_inprogress_0
2019-09-26 16:44:16,053 [16d11c64-a500-4b3c-99b4-e07456a37d86@group-8ED6358F0D74:LeaderElection99] INFO  impl.LeaderElection (LeaderElection.java:askForVotes(182)) - 16d11c64-a500-4b3c-99b4-e07456a37d86@group-8ED6358F0D74:LeaderElection99: begin an election at term 1 for -1: [d33b97c7-2f19-4eba-ab29-dbf55e8d730b:192.168.157.234:40702, 16d11c64-a500-4b3c-99b4-e07456a37d86:192.168.157.234:36011, b3b856ac-1ab1-4d7f-a378-339434076e6f:192.168.157.234:36563], old=null
2019-09-26 16:44:16,053 [b3b856ac-1ab1-4d7f-a378-339434076e6f@group-8ED6358F0D74:LeaderElection98] INFO  impl.LeaderElection (LeaderElection.java:askForVotes(182)) - b3b856ac-1ab1-4d7f-a378-339434076e6f@group-8ED6358F0D74:LeaderElection98: begin an election at term 1 for -1: [d33b97c7-2f19-4eba-ab29-dbf55e8d730b:192.168.157.234:40702, 16d11c64-a500-4b3c-99b4-e07456a37d86:192.168.157.234:36011, b3b856ac-1ab1-4d7f-a378-339434076e6f:192.168.157.234:36563], old=null
2019-09-26 16:44:16,080 [d33b97c7-2f19-4eba-ab29-dbf55e8d730b@group-8ED6358F0D74:LeaderElection96] INFO  impl.LeaderElection (LeaderElection.java:logAndReturn(56)) - d33b97c7-2f19-4eba-ab29-dbf55e8d730b@group-8ED6358F0D74:LeaderElection96: Election REJECTED; received 2 response(s) [d33b97c7-2f19-4eba-ab29-dbf55e8d730b<-16d11c64-a500-4b3c-99b4-e07456a37d86#0:FAIL-t1, d33b97c7-2f19-4eba-ab29-dbf55e8d730b<-b3b856ac-1ab1-4d7f-a378-339434076e6f#0:FAIL-t1] and 0 exception(s); d33b97c7-2f19-4eba-ab29-dbf55e8d730b@group-8ED6358F0D74:t1, leader=null, voted=d33b97c7-2f19-4eba-ab29-dbf55e8d730b, raftlog=d33b97c7-2f19-4eba-ab29-dbf55e8d730b@group-8ED6358F0D74-SegmentedRaftLog:OPENED:c-1,f-1,i0, conf=-1: [d33b97c7-2f19-4eba-ab29-dbf55e8d730b:192.168.157.234:40702, 16d11c64-a500-4b3c-99b4-e07456a37d86:192.168.157.234:36011, b3b856ac-1ab1-4d7f-a378-339434076e6f:192.168.157.234:36563], old=null
2019-09-26 16:44:16,080 [d33b97c7-2f19-4eba-ab29-dbf55e8d730b@group-8ED6358F0D74:LeaderElection96] INFO  impl.RaftServerImpl (RaftServerImpl.java:setRole(174)) - d33b97c7-2f19-4eba-ab29-dbf55e8d730b@group-8ED6358F0D74: changes role from CANDIDATE to FOLLOWER at term 1 for DISCOVERED_A_NEW_TERM
2019-09-26 16:44:16,081 [d33b97c7-2f19-4eba-ab29-dbf55e8d730b@group-8ED6358F0D74:LeaderElection96] INFO  impl.RoleInfo (RoleInfo.java:shutdownLeaderElection(134)) - d33b97c7-2f19-4eba-ab29-dbf55e8d730b: shutdown LeaderElection
2019-09-26 16:44:16,081 [d33b97c7-2f19-4eba-ab29-dbf55e8d730b@group-8ED6358F0D74:LeaderElection96] INFO  impl.RoleInfo (RoleInfo.java:updateAndGet(143)) - d33b97c7-2f19-4eba-ab29-dbf55e8d730b: start FollowerState
2019-09-26 16:44:16,097 [af201f12-6a5d-4f7c-8339-ef82b05a5091@group-F67703B41CB5-SegmentedRaftLogWorker] INFO  segmented.SegmentedRaftLogWorker (SegmentedRaftLogWorker.java:execute(569)) - af201f12-6a5d-4f7c-8339-ef82b05a5091@group-F67703B41CB5-SegmentedRaftLogWorker: created new log segment /workdir/hadoop-ozone/integration-test/target/test-dir/MiniOzoneClusterImpl-2d738554-168c-4e5d-822f-b5acc277bde2/datanode-9/data/ratis/50b5b5f8-cf25-4160-81f0-f67703b41cb5/current/log_inprogress_0
2019-09-26 16:44:16,097 [0230ed67-c037-4463-8579-62facef95337@group-F6F15F4B6D51-SegmentedRaftLogWorker] INFO  segmented.SegmentedRaftLogWorker (SegmentedRaftLogWorker.java:execute(569)) - 0230ed67-c037-4463-8579-62facef95337@group-F6F15F4B6D51-SegmentedRaftLogWorker: created new log segment /workdir/hadoop-ozone/integration-test/target/test-dir/MiniOzoneClusterImpl-2d738554-168c-4e5d-822f-b5acc277bde2/datanode-6/data/ratis/1db7341a-a5e0-457b-ba45-f6f15f4b6d51/current/log_inprogress_0
2019-09-26 16:44:16,112 [16d11c64-a500-4b3c-99b4-e07456a37d86@group-8ED6358F0D74:LeaderElection99] INFO  impl.LeaderElection (LeaderElection.java:logAndReturn(56)) - 16d11c64-a500-4b3c-99b4-e07456a37d86@group-8ED6358F0D74:LeaderElection99: Election REJECTED; received 2 response(s) [16d11c64-a500-4b3c-99b4-e07456a37d86<-d33b97c7-2f19-4eba-ab29-dbf55e8d730b#0:FAIL-t1, 16d11c64-a500-4b3c-99b4-e07456a37d86<-b3b856ac-1ab1-4d7f-a378-339434076e6f#0:FAIL-t1] and 0 exception(s); 16d11c64-a500-4b3c-99b4-e07456a37d86@group-8ED6358F0D74:t1, leader=null, voted=16d11c64-a500-4b3c-99b4-e07456a37d86, raftlog=16d11c64-a500-4b3c-99b4-e07456a37d86@group-8ED6358F0D74-SegmentedRaftLog:OPENED:c-1,f-1,i0, conf=-1: [d33b97c7-2f19-4eba-ab29-dbf55e8d730b:192.168.157.234:40702, 16d11c64-a500-4b3c-99b4-e07456a37d86:192.168.157.234:36011, b3b856ac-1ab1-4d7f-a378-339434076e6f:192.168.157.234:36563], old=null
2019-09-26 16:44:16,115 [16d11c64-a500-4b3c-99b4-e07456a37d86@group-8ED6358F0D74:LeaderElection99] INFO  impl.RaftServerImpl (RaftServerImpl.java:setRole(174)) - 16d11c64-a500-4b3c-99b4-e07456a37d86@group-8ED6358F0D74: changes role from CANDIDATE to FOLLOWER at term 1 for DISCOVERED_A_NEW_TERM
2019-09-26 16:44:16,115 [16d11c64-a500-4b3c-99b4-e07456a37d86@group-8ED6358F0D74:LeaderElection99] INFO  impl.RoleInfo (RoleInfo.java:shutdownLeaderElection(134)) - 16d11c64-a500-4b3c-99b4-e07456a37d86: shutdown LeaderElection
2019-09-26 16:44:16,115 [16d11c64-a500-4b3c-99b4-e07456a37d86@group-8ED6358F0D74:LeaderElection99] INFO  impl.RoleInfo (RoleInfo.java:updateAndGet(143)) - 16d11c64-a500-4b3c-99b4-e07456a37d86: start FollowerState
2019-09-26 16:44:16,116 [b3b856ac-1ab1-4d7f-a378-339434076e6f@group-8ED6358F0D74:LeaderElection98] INFO  impl.LeaderElection (LeaderElection.java:logAndReturn(56)) - b3b856ac-1ab1-4d7f-a378-339434076e6f@group-8ED6358F0D74:LeaderElection98: Election REJECTED; received 2 response(s) [b3b856ac-1ab1-4d7f-a378-339434076e6f<-16d11c64-a500-4b3c-99b4-e07456a37d86#0:FAIL-t1, b3b856ac-1ab1-4d7f-a378-339434076e6f<-d33b97c7-2f19-4eba-ab29-dbf55e8d730b#0:FAIL-t1] and 0 exception(s); b3b856ac-1ab1-4d7f-a378-339434076e6f@group-8ED6358F0D74:t1, leader=null, voted=b3b856ac-1ab1-4d7f-a378-339434076e6f, raftlog=b3b856ac-1ab1-4d7f-a378-339434076e6f@group-8ED6358F0D74-SegmentedRaftLog:OPENED:c-1,f-1,i0, conf=-1: [d33b97c7-2f19-4eba-ab29-dbf55e8d730b:192.168.157.234:40702, 16d11c64-a500-4b3c-99b4-e07456a37d86:192.168.157.234:36011, b3b856ac-1ab1-4d7f-a378-339434076e6f:192.168.157.234:36563], old=null
2019-09-26 16:44:16,119 [b3b856ac-1ab1-4d7f-a378-339434076e6f@group-8ED6358F0D74:LeaderElection98] INFO  impl.RaftServerImpl (RaftServerImpl.java:setRole(174)) - b3b856ac-1ab1-4d7f-a378-339434076e6f@group-8ED6358F0D74: changes role from CANDIDATE to FOLLOWER at term 1 for DISCOVERED_A_NEW_TERM
2019-09-26 16:44:16,119 [b3b856ac-1ab1-4d7f-a378-339434076e6f@group-8ED6358F0D74:LeaderElection98] INFO  impl.RoleInfo (RoleInfo.java:shutdownLeaderElection(134)) - b3b856ac-1ab1-4d7f-a378-339434076e6f: shutdown LeaderElection
2019-09-26 16:44:16,119 [b3b856ac-1ab1-4d7f-a378-339434076e6f@group-8ED6358F0D74:LeaderElection98] INFO  impl.RoleInfo (RoleInfo.java:updateAndGet(143)) - b3b856ac-1ab1-4d7f-a378-339434076e6f: start FollowerState
2019-09-26 16:44:16,647 [main] INFO  ipc.Client (Client.java:handleConnectionFailure(948)) - Retrying connect to server: localhost/127.0.0.1:0. Already tried 0 time(s); retry policy is RetryUpToMaximumCountWithFixedSleep(maxRetries=10, sleepTime=1000 MILLISECONDS)
2019-09-26 16:44:17,103 [Thread-7864] INFO  container.ReplicationManager (ReplicationManager.java:start(162)) - Starting Replication Monitor Thread.
2019-09-26 16:44:17,109 [ReplicationMonitor] INFO  container.ReplicationManager (ReplicationManager.java:run(225)) - Replication Monitor Thread took 0 milliseconds for processing 0 containers.
2019-09-26 16:44:17,199 [Thread-7983] INFO  impl.FollowerState (FollowerState.java:run(106)) - 16d11c64-a500-4b3c-99b4-e07456a37d86:group-8ED6358F0D74 changes to CANDIDATE, lastRpcTime:1083, electionTimeout:1083ms
2019-09-26 16:44:17,199 [Thread-7983] INFO  impl.RoleInfo (RoleInfo.java:shutdownFollowerState(121)) - 16d11c64-a500-4b3c-99b4-e07456a37d86: shutdown FollowerState
2019-09-26 16:44:17,200 [Thread-7983] INFO  impl.RaftServerImpl (RaftServerImpl.java:setRole(174)) - 16d11c64-a500-4b3c-99b4-e07456a37d86@group-8ED6358F0D74: changes role from  FOLLOWER to CANDIDATE at term 1 for changeToCandidate
2019-09-26 16:44:17,200 [Thread-7983] INFO  impl.RoleInfo (RoleInfo.java:updateAndGet(143)) - 16d11c64-a500-4b3c-99b4-e07456a37d86: start LeaderElection
2019-09-26 16:44:17,209 [Thread-7981] INFO  impl.FollowerState (FollowerState.java:run(106)) - d33b97c7-2f19-4eba-ab29-dbf55e8d730b:group-8ED6358F0D74 changes to CANDIDATE, lastRpcTime:1128, electionTimeout:1112ms
2019-09-26 16:44:17,209 [Thread-7981] INFO  impl.RoleInfo (RoleInfo.java:shutdownFollowerState(121)) - d33b97c7-2f19-4eba-ab29-dbf55e8d730b: shutdown FollowerState
2019-09-26 16:44:17,209 [Thread-7981] INFO  impl.RaftServerImpl (RaftServerImpl.java:setRole(174)) - d33b97c7-2f19-4eba-ab29-dbf55e8d730b@group-8ED6358F0D74: changes role from  FOLLOWER to CANDIDATE at term 1 for changeToCandidate
2019-09-26 16:44:17,210 [Thread-7981] INFO  impl.RoleInfo (RoleInfo.java:updateAndGet(143)) - d33b97c7-2f19-4eba-ab29-dbf55e8d730b: start LeaderElection
2019-09-26 16:44:17,219 [16d11c64-a500-4b3c-99b4-e07456a37d86@group-8ED6358F0D74:LeaderElection100] INFO  impl.LeaderElection (LeaderElection.java:askForVotes(182)) - 16d11c64-a500-4b3c-99b4-e07456a37d86@group-8ED6358F0D74:LeaderElection100: begin an election at term 2 for -1: [d33b97c7-2f19-4eba-ab29-dbf55e8d730b:192.168.157.234:40702, 16d11c64-a500-4b3c-99b4-e07456a37d86:192.168.157.234:36011, b3b856ac-1ab1-4d7f-a378-339434076e6f:192.168.157.234:36563], old=null
2019-09-26 16:44:17,219 [d33b97c7-2f19-4eba-ab29-dbf55e8d730b@group-8ED6358F0D74:LeaderElection101] INFO  impl.LeaderElection (LeaderElection.java:askForVotes(182)) - d33b97c7-2f19-4eba-ab29-dbf55e8d730b@group-8ED6358F0D74:LeaderElection101: begin an election at term 2 for -1: [d33b97c7-2f19-4eba-ab29-dbf55e8d730b:192.168.157.234:40702, 16d11c64-a500-4b3c-99b4-e07456a37d86:192.168.157.234:36011, b3b856ac-1ab1-4d7f-a378-339434076e6f:192.168.157.234:36563], old=null
2019-09-26 16:44:17,222 [grpc-default-executor-2] INFO  impl.RaftServerImpl (RaftServerImpl.java:setRole(174)) - b3b856ac-1ab1-4d7f-a378-339434076e6f@group-8ED6358F0D74: changes role from  FOLLOWER to FOLLOWER at term 2 for recognizeCandidate:16d11c64-a500-4b3c-99b4-e07456a37d86
2019-09-26 16:44:17,222 [grpc-default-executor-2] INFO  impl.RoleInfo (RoleInfo.java:shutdownFollowerState(121)) - b3b856ac-1ab1-4d7f-a378-339434076e6f: shutdown FollowerState
2019-09-26 16:44:17,222 [grpc-default-executor-2] INFO  impl.RoleInfo (RoleInfo.java:updateAndGet(143)) - b3b856ac-1ab1-4d7f-a378-339434076e6f: start FollowerState
2019-09-26 16:44:17,223 [Thread-7984] INFO  impl.FollowerState (FollowerState.java:run(115)) - b3b856ac-1ab1-4d7f-a378-339434076e6f: FollowerState was interrupted: java.lang.InterruptedException: sleep interrupted
2019-09-26 16:44:17,241 [16d11c64-a500-4b3c-99b4-e07456a37d86@group-8ED6358F0D74:LeaderElection100] INFO  impl.LeaderElection (LeaderElection.java:logAndReturn(56)) - 16d11c64-a500-4b3c-99b4-e07456a37d86@group-8ED6358F0D74:LeaderElection100: Election PASSED; received 2 response(s) [16d11c64-a500-4b3c-99b4-e07456a37d86<-d33b97c7-2f19-4eba-ab29-dbf55e8d730b#0:FAIL-t2, 16d11c64-a500-4b3c-99b4-e07456a37d86<-b3b856ac-1ab1-4d7f-a378-339434076e6f#0:OK-t2] and 0 exception(s); 16d11c64-a500-4b3c-99b4-e07456a37d86@group-8ED6358F0D74:t2, leader=null, voted=16d11c64-a500-4b3c-99b4-e07456a37d86, raftlog=16d11c64-a500-4b3c-99b4-e07456a37d86@group-8ED6358F0D74-SegmentedRaftLog:OPENED:c-1,f-1,i0, conf=-1: [d33b97c7-2f19-4eba-ab29-dbf55e8d730b:192.168.157.234:40702, 16d11c64-a500-4b3c-99b4-e07456a37d86:192.168.157.234:36011, b3b856ac-1ab1-4d7f-a378-339434076e6f:192.168.157.234:36563], old=null
2019-09-26 16:44:17,241 [d33b97c7-2f19-4eba-ab29-dbf55e8d730b@group-8ED6358F0D74:LeaderElection101] INFO  impl.LeaderElection (LeaderElection.java:logAndReturn(56)) - d33b97c7-2f19-4eba-ab29-dbf55e8d730b@group-8ED6358F0D74:LeaderElection101: Election REJECTED; received 2 response(s) [d33b97c7-2f19-4eba-ab29-dbf55e8d730b<-16d11c64-a500-4b3c-99b4-e07456a37d86#0:FAIL-t2, d33b97c7-2f19-4eba-ab29-dbf55e8d730b<-b3b856ac-1ab1-4d7f-a378-339434076e6f#0:FAIL-t2] and 0 exception(s); d33b97c7-2f19-4eba-ab29-dbf55e8d730b@group-8ED6358F0D74:t2, leader=null, voted=d33b97c7-2f19-4eba-ab29-dbf55e8d730b, raftlog=d33b97c7-2f19-4eba-ab29-dbf55e8d730b@group-8ED6358F0D74-SegmentedRaftLog:OPENED:c-1,f-1,i0, conf=-1: [d33b97c7-2f19-4eba-ab29-dbf55e8d730b:192.168.157.234:40702, 16d11c64-a500-4b3c-99b4-e07456a37d86:192.168.157.234:36011, b3b856ac-1ab1-4d7f-a378-339434076e6f:192.168.157.234:36563], old=null
2019-09-26 16:44:17,242 [16d11c64-a500-4b3c-99b4-e07456a37d86@group-8ED6358F0D74:LeaderElection100] INFO  impl.RoleInfo (RoleInfo.java:shutdownLeaderElection(134)) - 16d11c64-a500-4b3c-99b4-e07456a37d86: shutdown LeaderElection
2019-09-26 16:44:17,246 [d33b97c7-2f19-4eba-ab29-dbf55e8d730b@group-8ED6358F0D74:LeaderElection101] INFO  impl.RaftServerImpl (RaftServerImpl.java:setRole(174)) - d33b97c7-2f19-4eba-ab29-dbf55e8d730b@group-8ED6358F0D74: changes role from CANDIDATE to FOLLOWER at term 2 for DISCOVERED_A_NEW_TERM
2019-09-26 16:44:17,249 [16d11c64-a500-4b3c-99b4-e07456a37d86@group-8ED6358F0D74:LeaderElection100] INFO  impl.RaftServerImpl (RaftServerImpl.java:setRole(174)) - 16d11c64-a500-4b3c-99b4-e07456a37d86@group-8ED6358F0D74: changes role from CANDIDATE to LEADER at term 2 for changeToLeader
2019-09-26 16:44:17,249 [d33b97c7-2f19-4eba-ab29-dbf55e8d730b@group-8ED6358F0D74:LeaderElection101] INFO  impl.RoleInfo (RoleInfo.java:shutdownLeaderElection(134)) - d33b97c7-2f19-4eba-ab29-dbf55e8d730b: shutdown LeaderElection
2019-09-26 16:44:17,249 [16d11c64-a500-4b3c-99b4-e07456a37d86@group-8ED6358F0D74:LeaderElection100] INFO  impl.RaftServerImpl (ServerState.java:setLeader(253)) - 16d11c64-a500-4b3c-99b4-e07456a37d86@group-8ED6358F0D74: change Leader from null to 16d11c64-a500-4b3c-99b4-e07456a37d86 at term 2 for becomeLeader, leader elected after 2376ms
2019-09-26 16:44:17,249 [d33b97c7-2f19-4eba-ab29-dbf55e8d730b@group-8ED6358F0D74:LeaderElection101] INFO  impl.RoleInfo (RoleInfo.java:updateAndGet(143)) - d33b97c7-2f19-4eba-ab29-dbf55e8d730b: start FollowerState
2019-09-26 16:44:17,250 [16d11c64-a500-4b3c-99b4-e07456a37d86@group-8ED6358F0D74:LeaderElection100] INFO  server.RaftServerConfigKeys (ConfUtils.java:logGet(43)) - raft.server.staging.catchup.gap = 1000 (default)
2019-09-26 16:44:17,250 [16d11c64-a500-4b3c-99b4-e07456a37d86@group-8ED6358F0D74:LeaderElection100] INFO  server.RaftServerConfigKeys (ConfUtils.java:logGet(43)) - raft.server.rpc.sleep.time = 25ms (default)
2019-09-26 16:44:17,250 [16d11c64-a500-4b3c-99b4-e07456a37d86@group-8ED6358F0D74:LeaderElection100] INFO  server.RaftServerConfigKeys (ConfUtils.java:logGet(43)) - raft.server.write.element-limit = 4096 (default)
2019-09-26 16:44:17,250 [16d11c64-a500-4b3c-99b4-e07456a37d86@group-8ED6358F0D74:LeaderElection100] INFO  server.RaftServerConfigKeys (ConfUtils.java:logGet(43)) - raft.server.watch.timeout = 10s (default)
2019-09-26 16:44:17,250 [16d11c64-a500-4b3c-99b4-e07456a37d86@group-8ED6358F0D74:LeaderElection100] INFO  server.RaftServerConfigKeys (ConfUtils.java:logGet(43)) - raft.server.watch.timeout.denomination = 1s (default)
2019-09-26 16:44:17,250 [16d11c64-a500-4b3c-99b4-e07456a37d86@group-8ED6358F0D74:LeaderElection100] INFO  server.RaftServerConfigKeys (ConfUtils.java:logGet(43)) - raft.server.watch.element-limit = 65536 (default)
2019-09-26 16:44:17,253 [16d11c64-a500-4b3c-99b4-e07456a37d86@group-8ED6358F0D74:LeaderElection100] INFO  server.RaftServerConfigKeys (ConfUtils.java:logGet(43)) - raft.server.log.appender.snapshot.chunk.size.max = 16MB (=16777216) (default)
2019-09-26 16:44:17,253 [16d11c64-a500-4b3c-99b4-e07456a37d86@group-8ED6358F0D74:LeaderElection100] INFO  server.RaftServerConfigKeys (ConfUtils.java:logGet(43)) - raft.server.log.appender.buffer.byte-limit = 33554432 (custom)
2019-09-26 16:44:17,254 [16d11c64-a500-4b3c-99b4-e07456a37d86@group-8ED6358F0D74:LeaderElection100] INFO  server.RaftServerConfigKeys (ConfUtils.java:logGet(43)) - raft.server.log.appender.buffer.element-limit = 1 (custom)
2019-09-26 16:44:17,254 [16d11c64-a500-4b3c-99b4-e07456a37d86@group-8ED6358F0D74:LeaderElection100] INFO  grpc.GrpcConfigKeys$Server (ConfUtils.java:logGet(43)) - raft.grpc.server.leader.outstanding.appends.max = 128 (default)
2019-09-26 16:44:17,254 [16d11c64-a500-4b3c-99b4-e07456a37d86@group-8ED6358F0D74:LeaderElection100] INFO  server.RaftServerConfigKeys (ConfUtils.java:logGet(43)) - raft.server.rpc.request.timeout = 3000ms (default)
2019-09-26 16:44:17,254 [16d11c64-a500-4b3c-99b4-e07456a37d86@group-8ED6358F0D74:LeaderElection100] INFO  server.RaftServerConfigKeys (ConfUtils.java:logGet(43)) - raft.server.log.appender.install.snapshot.enabled = false (custom)
2019-09-26 16:44:17,255 [16d11c64-a500-4b3c-99b4-e07456a37d86@group-8ED6358F0D74:LeaderElection100] INFO  server.RaftServerConfigKeys (ConfUtils.java:logGet(43)) - raft.server.log.appender.snapshot.chunk.size.max = 16MB (=16777216) (default)
2019-09-26 16:44:17,255 [16d11c64-a500-4b3c-99b4-e07456a37d86@group-8ED6358F0D74:LeaderElection100] INFO  server.RaftServerConfigKeys (ConfUtils.java:logGet(43)) - raft.server.log.appender.buffer.byte-limit = 33554432 (custom)
2019-09-26 16:44:17,255 [16d11c64-a500-4b3c-99b4-e07456a37d86@group-8ED6358F0D74:LeaderElection100] INFO  server.RaftServerConfigKeys (ConfUtils.java:logGet(43)) - raft.server.log.appender.buffer.element-limit = 1 (custom)
2019-09-26 16:44:17,255 [16d11c64-a500-4b3c-99b4-e07456a37d86@group-8ED6358F0D74:LeaderElection100] INFO  grpc.GrpcConfigKeys$Server (ConfUtils.java:logGet(43)) - raft.grpc.server.leader.outstanding.appends.max = 128 (default)
2019-09-26 16:44:17,255 [16d11c64-a500-4b3c-99b4-e07456a37d86@group-8ED6358F0D74:LeaderElection100] INFO  server.RaftServerConfigKeys (ConfUtils.java:logGet(43)) - raft.server.rpc.request.timeout = 3000ms (default)
2019-09-26 16:44:17,256 [16d11c64-a500-4b3c-99b4-e07456a37d86@group-8ED6358F0D74:LeaderElection100] INFO  server.RaftServerConfigKeys (ConfUtils.java:logGet(43)) - raft.server.log.appender.install.snapshot.enabled = false (custom)
2019-09-26 16:44:17,256 [16d11c64-a500-4b3c-99b4-e07456a37d86@group-8ED6358F0D74:LeaderElection100] INFO  impl.RoleInfo (RoleInfo.java:updateAndGet(143)) - 16d11c64-a500-4b3c-99b4-e07456a37d86: start LeaderState
2019-09-26 16:44:17,256 [16d11c64-a500-4b3c-99b4-e07456a37d86@group-8ED6358F0D74:LeaderElection100] INFO  segmented.SegmentedRaftLogWorker (SegmentedRaftLogWorker.java:startLogSegment(380)) - 16d11c64-a500-4b3c-99b4-e07456a37d86@group-8ED6358F0D74-SegmentedRaftLogWorker: Starting segment from index:0
2019-09-26 16:44:17,257 [16d11c64-a500-4b3c-99b4-e07456a37d86@group-8ED6358F0D74:LeaderElection100] INFO  impl.RaftServerImpl (ServerState.java:setRaftConf(354)) - 16d11c64-a500-4b3c-99b4-e07456a37d86@group-8ED6358F0D74: set configuration 0: [d33b97c7-2f19-4eba-ab29-dbf55e8d730b:192.168.157.234:40702, 16d11c64-a500-4b3c-99b4-e07456a37d86:192.168.157.234:36011, b3b856ac-1ab1-4d7f-a378-339434076e6f:192.168.157.234:36563], old=null at 0
2019-09-26 16:44:17,258 [grpc-default-executor-2] INFO  impl.RaftServerImpl (ServerState.java:setLeader(253)) - b3b856ac-1ab1-4d7f-a378-339434076e6f@group-8ED6358F0D74: change Leader from null to 16d11c64-a500-4b3c-99b4-e07456a37d86 at term 2 for appendEntries, leader elected after 2385ms
2019-09-26 16:44:17,259 [grpc-default-executor-0] INFO  impl.RaftServerImpl (ServerState.java:setLeader(253)) - d33b97c7-2f19-4eba-ab29-dbf55e8d730b@group-8ED6358F0D74: change Leader from null to 16d11c64-a500-4b3c-99b4-e07456a37d86 at term 2 for appendEntries, leader elected after 2385ms
2019-09-26 16:44:17,261 [grpc-default-executor-0] INFO  impl.RaftServerImpl (ServerState.java:setRaftConf(354)) - b3b856ac-1ab1-4d7f-a378-339434076e6f@group-8ED6358F0D74: set configuration 0: [d33b97c7-2f19-4eba-ab29-dbf55e8d730b:192.168.157.234:40702, 16d11c64-a500-4b3c-99b4-e07456a37d86:192.168.157.234:36011, b3b856ac-1ab1-4d7f-a378-339434076e6f:192.168.157.234:36563], old=null at 0
2019-09-26 16:44:17,261 [grpc-default-executor-2] INFO  impl.RaftServerImpl (ServerState.java:setRaftConf(354)) - d33b97c7-2f19-4eba-ab29-dbf55e8d730b@group-8ED6358F0D74: set configuration 0: [d33b97c7-2f19-4eba-ab29-dbf55e8d730b:192.168.157.234:40702, 16d11c64-a500-4b3c-99b4-e07456a37d86:192.168.157.234:36011, b3b856ac-1ab1-4d7f-a378-339434076e6f:192.168.157.234:36563], old=null at 0
2019-09-26 16:44:17,261 [grpc-default-executor-0] INFO  segmented.SegmentedRaftLogWorker (SegmentedRaftLogWorker.java:startLogSegment(380)) - b3b856ac-1ab1-4d7f-a378-339434076e6f@group-8ED6358F0D74-SegmentedRaftLogWorker: Starting segment from index:0
2019-09-26 16:44:17,262 [grpc-default-executor-2] INFO  segmented.SegmentedRaftLogWorker (SegmentedRaftLogWorker.java:startLogSegment(380)) - d33b97c7-2f19-4eba-ab29-dbf55e8d730b@group-8ED6358F0D74-SegmentedRaftLogWorker: Starting segment from index:0
2019-09-26 16:44:17,529 [b3b856ac-1ab1-4d7f-a378-339434076e6f@group-8ED6358F0D74-SegmentedRaftLogWorker] INFO  segmented.SegmentedRaftLogWorker (SegmentedRaftLogWorker.java:execute(569)) - b3b856ac-1ab1-4d7f-a378-339434076e6f@group-8ED6358F0D74-SegmentedRaftLogWorker: created new log segment /workdir/hadoop-ozone/integration-test/target/test-dir/MiniOzoneClusterImpl-2d738554-168c-4e5d-822f-b5acc277bde2/datanode-4/data/ratis/e215c565-a85f-4b8b-9ef9-8ed6358f0d74/current/log_inprogress_0
2019-09-26 16:44:17,529 [16d11c64-a500-4b3c-99b4-e07456a37d86@group-8ED6358F0D74-SegmentedRaftLogWorker] INFO  segmented.SegmentedRaftLogWorker (SegmentedRaftLogWorker.java:execute(569)) - 16d11c64-a500-4b3c-99b4-e07456a37d86@group-8ED6358F0D74-SegmentedRaftLogWorker: created new log segment /workdir/hadoop-ozone/integration-test/target/test-dir/MiniOzoneClusterImpl-2d738554-168c-4e5d-822f-b5acc277bde2/datanode-5/data/ratis/e215c565-a85f-4b8b-9ef9-8ed6358f0d74/current/log_inprogress_0
2019-09-26 16:44:17,529 [d33b97c7-2f19-4eba-ab29-dbf55e8d730b@group-8ED6358F0D74-SegmentedRaftLogWorker] INFO  segmented.SegmentedRaftLogWorker (SegmentedRaftLogWorker.java:execute(569)) - d33b97c7-2f19-4eba-ab29-dbf55e8d730b@group-8ED6358F0D74-SegmentedRaftLogWorker: created new log segment /workdir/hadoop-ozone/integration-test/target/test-dir/MiniOzoneClusterImpl-2d738554-168c-4e5d-822f-b5acc277bde2/datanode-8/data/ratis/e215c565-a85f-4b8b-9ef9-8ed6358f0d74/current/log_inprogress_0
2019-09-26 16:44:17,652 [main] INFO  ipc.Client (Client.java:handleConnectionFailure(948)) - Retrying connect to server: localhost/127.0.0.1:0. Already tried 1 time(s); retry policy is RetryUpToMaximumCountWithFixedSleep(maxRetries=10, sleepTime=1000 MILLISECONDS)
2019-09-26 16:44:18,653 [main] INFO  ipc.Client (Client.java:handleConnectionFailure(948)) - Retrying connect to server: localhost/127.0.0.1:0. Already tried 2 time(s); retry policy is RetryUpToMaximumCountWithFixedSleep(maxRetries=10, sleepTime=1000 MILLISECONDS)
2019-09-26 16:44:19,654 [main] INFO  ipc.Client (Client.java:handleConnectionFailure(948)) - Retrying connect to server: localhost/127.0.0.1:0. Already tried 3 time(s); retry policy is RetryUpToMaximumCountWithFixedSleep(maxRetries=10, sleepTime=1000 MILLISECONDS)
2019-09-26 16:44:20,656 [main] INFO  ipc.Client (Client.java:handleConnectionFailure(948)) - Retrying connect to server: localhost/127.0.0.1:0. Already tried 4 time(s); retry policy is RetryUpToMaximumCountWithFixedSleep(maxRetries=10, sleepTime=1000 MILLISECONDS)
2019-09-26 16:44:21,657 [main] INFO  ipc.Client (Client.java:handleConnectionFailure(948)) - Retrying connect to server: localhost/127.0.0.1:0. Already tried 5 time(s); retry policy is RetryUpToMaximumCountWithFixedSleep(maxRetries=10, sleepTime=1000 MILLISECONDS)
2019-09-26 16:44:22,658 [main] INFO  ipc.Client (Client.java:handleConnectionFailure(948)) - Retrying connect to server: localhost/127.0.0.1:0. Already tried 6 time(s); retry policy is RetryUpToMaximumCountWithFixedSleep(maxRetries=10, sleepTime=1000 MILLISECONDS)
2019-09-26 16:44:23,659 [main] INFO  ipc.Client (Client.java:handleConnectionFailure(948)) - Retrying connect to server: localhost/127.0.0.1:0. Already tried 7 time(s); retry policy is RetryUpToMaximumCountWithFixedSleep(maxRetries=10, sleepTime=1000 MILLISECONDS)
2019-09-26 16:44:24,660 [main] INFO  ipc.Client (Client.java:handleConnectionFailure(948)) - Retrying connect to server: localhost/127.0.0.1:0. Already tried 8 time(s); retry policy is RetryUpToMaximumCountWithFixedSleep(maxRetries=10, sleepTime=1000 MILLISECONDS)
2019-09-26 16:44:25,661 [main] INFO  ipc.Client (Client.java:handleConnectionFailure(948)) - Retrying connect to server: localhost/127.0.0.1:0. Already tried 9 time(s); retry policy is RetryUpToMaximumCountWithFixedSleep(maxRetries=10, sleepTime=1000 MILLISECONDS)
2019-09-26 16:44:26,663 [main] INFO  ipc.Client (Client.java:handleConnectionFailure(948)) - Retrying connect to server: localhost/127.0.0.1:0. Already tried 0 time(s); retry policy is RetryUpToMaximumCountWithFixedSleep(maxRetries=10, sleepTime=1000 MILLISECONDS)
2019-09-26 16:44:27,664 [main] INFO  ipc.Client (Client.java:handleConnectionFailure(948)) - Retrying connect to server: localhost/127.0.0.1:0. Already tried 1 time(s); retry policy is RetryUpToMaximumCountWithFixedSleep(maxRetries=10, sleepTime=1000 MILLISECONDS)
2019-09-26 16:44:28,665 [main] INFO  ipc.Client (Client.java:handleConnectionFailure(948)) - Retrying connect to server: localhost/127.0.0.1:0. Already tried 2 time(s); retry policy is RetryUpToMaximumCountWithFixedSleep(maxRetries=10, sleepTime=1000 MILLISECONDS)
2019-09-26 16:44:29,667 [main] INFO  ipc.Client (Client.java:handleConnectionFailure(948)) - Retrying connect to server: localhost/127.0.0.1:0. Already tried 3 time(s); retry policy is RetryUpToMaximumCountWithFixedSleep(maxRetries=10, sleepTime=1000 MILLISECONDS)
2019-09-26 16:44:30,668 [main] INFO  ipc.Client (Client.java:handleConnectionFailure(948)) - Retrying connect to server: localhost/127.0.0.1:0. Already tried 4 time(s); retry policy is RetryUpToMaximumCountWithFixedSleep(maxRetries=10, sleepTime=1000 MILLISECONDS)
2019-09-26 16:44:31,669 [main] INFO  ipc.Client (Client.java:handleConnectionFailure(948)) - Retrying connect to server: localhost/127.0.0.1:0. Already tried 5 time(s); retry policy is RetryUpToMaximumCountWithFixedSleep(maxRetries=10, sleepTime=1000 MILLISECONDS)
2019-09-26 16:44:32,670 [main] INFO  ipc.Client (Client.java:handleConnectionFailure(948)) - Retrying connect to server: localhost/127.0.0.1:0. Already tried 6 time(s); retry policy is RetryUpToMaximumCountWithFixedSleep(maxRetries=10, sleepTime=1000 MILLISECONDS)
2019-09-26 16:44:33,671 [main] INFO  ipc.Client (Client.java:handleConnectionFailure(948)) - Retrying connect to server: localhost/127.0.0.1:0. Already tried 7 time(s); retry policy is RetryUpToMaximumCountWithFixedSleep(maxRetries=10, sleepTime=1000 MILLISECONDS)
2019-09-26 16:44:34,672 [main] INFO  ipc.Client (Client.java:handleConnectionFailure(948)) - Retrying connect to server: localhost/127.0.0.1:0. Already tried 8 time(s); retry policy is RetryUpToMaximumCountWithFixedSleep(maxRetries=10, sleepTime=1000 MILLISECONDS)
2019-09-26 16:44:35,673 [main] INFO  ipc.Client (Client.java:handleConnectionFailure(948)) - Retrying connect to server: localhost/127.0.0.1:0. Already tried 9 time(s); retry policy is RetryUpToMaximumCountWithFixedSleep(maxRetries=10, sleepTime=1000 MILLISECONDS)
2019-09-26 16:44:35,675 [main] INFO  retry.RetryInvocationHandler (RetryInvocationHandler.java:log(411)) - com.google.protobuf.ServiceException: java.net.ConnectException: Your endpoint configuration is wrong; For more details see:  http://wiki.apache.org/hadoop/UnsetHostnameOrPort, while invoking $Proxy35.submitRequest over nodeId=null,nodeAddress=127.0.0.1:0 after 1 failover attempts. Trying to failover immediately.
2019-09-26 16:44:36,676 [main] INFO  ipc.Client (Client.java:handleConnectionFailure(948)) - Retrying connect to server: localhost/127.0.0.1:0. Already tried 0 time(s); retry policy is RetryUpToMaximumCountWithFixedSleep(maxRetries=10, sleepTime=1000 MILLISECONDS)
2019-09-26 16:44:37,677 [main] INFO  ipc.Client (Client.java:handleConnectionFailure(948)) - Retrying connect to server: localhost/127.0.0.1:0. Already tried 1 time(s); retry policy is RetryUpToMaximumCountWithFixedSleep(maxRetries=10, sleepTime=1000 MILLISECONDS)
2019-09-26 16:44:38,678 [main] INFO  ipc.Client (Client.java:handleConnectionFailure(948)) - Retrying connect to server: localhost/127.0.0.1:0. Already tried 2 time(s); retry policy is RetryUpToMaximumCountWithFixedSleep(maxRetries=10, sleepTime=1000 MILLISECONDS)
2019-09-26 16:44:39,679 [main] INFO  ipc.Client (Client.java:handleConnectionFailure(948)) - Retrying connect to server: localhost/127.0.0.1:0. Already tried 3 time(s); retry policy is RetryUpToMaximumCountWithFixedSleep(maxRetries=10, sleepTime=1000 MILLISECONDS)
2019-09-26 16:44:40,680 [main] INFO  ipc.Client (Client.java:handleConnectionFailure(948)) - Retrying connect to server: localhost/127.0.0.1:0. Already tried 4 time(s); retry policy is RetryUpToMaximumCountWithFixedSleep(maxRetries=10, sleepTime=1000 MILLISECONDS)
2019-09-26 16:44:41,682 [main] INFO  ipc.Client (Client.java:handleConnectionFailure(948)) - Retrying connect to server: localhost/127.0.0.1:0. Already tried 5 time(s); retry policy is RetryUpToMaximumCountWithFixedSleep(maxRetries=10, sleepTime=1000 MILLISECONDS)
2019-09-26 16:44:42,683 [main] INFO  ipc.Client (Client.java:handleConnectionFailure(948)) - Retrying connect to server: localhost/127.0.0.1:0. Already tried 6 time(s); retry policy is RetryUpToMaximumCountWithFixedSleep(maxRetries=10, sleepTime=1000 MILLISECONDS)
2019-09-26 16:44:43,684 [main] INFO  ipc.Client (Client.java:handleConnectionFailure(948)) - Retrying connect to server: localhost/127.0.0.1:0. Already tried 7 time(s); retry policy is RetryUpToMaximumCountWithFixedSleep(maxRetries=10, sleepTime=1000 MILLISECONDS)
2019-09-26 16:44:44,685 [main] INFO  ipc.Client (Client.java:handleConnectionFailure(948)) - Retrying connect to server: localhost/127.0.0.1:0. Already tried 8 time(s); retry policy is RetryUpToMaximumCountWithFixedSleep(maxRetries=10, sleepTime=1000 MILLISECONDS)
2019-09-26 16:44:45,686 [main] INFO  ipc.Client (Client.java:handleConnectionFailure(948)) - Retrying connect to server: localhost/127.0.0.1:0. Already tried 9 time(s); retry policy is RetryUpToMaximumCountWithFixedSleep(maxRetries=10, sleepTime=1000 MILLISECONDS)
2019-09-26 16:44:45,688 [main] INFO  retry.RetryInvocationHandler (RetryInvocationHandler.java:log(411)) - com.google.protobuf.ServiceException: java.net.ConnectException: Your endpoint configuration is wrong; For more details see:  http://wiki.apache.org/hadoop/UnsetHostnameOrPort, while invoking $Proxy35.submitRequest over nodeId=null,nodeAddress=127.0.0.1:0 after 2 failover attempts. Trying to failover immediately.
2019-09-26 16:44:46,689 [main] INFO  ipc.Client (Client.java:handleConnectionFailure(948)) - Retrying connect to server: localhost/127.0.0.1:0. Already tried 0 time(s); retry policy is RetryUpToMaximumCountWithFixedSleep(maxRetries=10, sleepTime=1000 MILLISECONDS)
2019-09-26 16:44:47,690 [main] INFO  ipc.Client (Client.java:handleConnectionFailure(948)) - Retrying connect to server: localhost/127.0.0.1:0. Already tried 1 time(s); retry policy is RetryUpToMaximumCountWithFixedSleep(maxRetries=10, sleepTime=1000 MILLISECONDS)
2019-09-26 16:44:48,691 [main] INFO  ipc.Client (Client.java:handleConnectionFailure(948)) - Retrying connect to server: localhost/127.0.0.1:0. Already tried 2 time(s); retry policy is RetryUpToMaximumCountWithFixedSleep(maxRetries=10, sleepTime=1000 MILLISECONDS)
2019-09-26 16:44:49,692 [main] INFO  ipc.Client (Client.java:handleConnectionFailure(948)) - Retrying connect to server: localhost/127.0.0.1:0. Already tried 3 time(s); retry policy is RetryUpToMaximumCountWithFixedSleep(maxRetries=10, sleepTime=1000 MILLISECONDS)
2019-09-26 16:44:50,693 [main] INFO  ipc.Client (Client.java:handleConnectionFailure(948)) - Retrying connect to server: localhost/127.0.0.1:0. Already tried 4 time(s); retry policy is RetryUpToMaximumCountWithFixedSleep(maxRetries=10, sleepTime=1000 MILLISECONDS)
2019-09-26 16:44:51,694 [main] INFO  ipc.Client (Client.java:handleConnectionFailure(948)) - Retrying connect to server: localhost/127.0.0.1:0. Already tried 5 time(s); retry policy is RetryUpToMaximumCountWithFixedSleep(maxRetries=10, sleepTime=1000 MILLISECONDS)
2019-09-26 16:44:52,696 [main] INFO  ipc.Client (Client.java:handleConnectionFailure(948)) - Retrying connect to server: localhost/127.0.0.1:0. Already tried 6 time(s); retry policy is RetryUpToMaximumCountWithFixedSleep(maxRetries=10, sleepTime=1000 MILLISECONDS)
2019-09-26 16:44:53,697 [main] INFO  ipc.Client (Client.java:handleConnectionFailure(948)) - Retrying connect to server: localhost/127.0.0.1:0. Already tried 7 time(s); retry policy is RetryUpToMaximumCountWithFixedSleep(maxRetries=10, sleepTime=1000 MILLISECONDS)
2019-09-26 16:44:54,698 [main] INFO  ipc.Client (Client.java:handleConnectionFailure(948)) - Retrying connect to server: localhost/127.0.0.1:0. Already tried 8 time(s); retry policy is RetryUpToMaximumCountWithFixedSleep(maxRetries=10, sleepTime=1000 MILLISECONDS)
2019-09-26 16:44:55,699 [main] INFO  ipc.Client (Client.java:handleConnectionFailure(948)) - Retrying connect to server: localhost/127.0.0.1:0. Already tried 9 time(s); retry policy is RetryUpToMaximumCountWithFixedSleep(maxRetries=10, sleepTime=1000 MILLISECONDS)
2019-09-26 16:44:55,700 [main] INFO  retry.RetryInvocationHandler (RetryInvocationHandler.java:log(411)) - com.google.protobuf.ServiceException: java.net.ConnectException: Your endpoint configuration is wrong; For more details see:  http://wiki.apache.org/hadoop/UnsetHostnameOrPort, while invoking $Proxy35.submitRequest over nodeId=null,nodeAddress=127.0.0.1:0 after 3 failover attempts. Trying to failover immediately.
2019-09-26 16:44:56,701 [main] INFO  ipc.Client (Client.java:handleConnectionFailure(948)) - Retrying connect to server: localhost/127.0.0.1:0. Already tried 0 time(s); retry policy is RetryUpToMaximumCountWithFixedSleep(maxRetries=10, sleepTime=1000 MILLISECONDS)
2019-09-26 16:44:57,702 [main] INFO  ipc.Client (Client.java:handleConnectionFailure(948)) - Retrying connect to server: localhost/127.0.0.1:0. Already tried 1 time(s); retry policy is RetryUpToMaximumCountWithFixedSleep(maxRetries=10, sleepTime=1000 MILLISECONDS)
2019-09-26 16:44:58,703 [main] INFO  ipc.Client (Client.java:handleConnectionFailure(948)) - Retrying connect to server: localhost/127.0.0.1:0. Already tried 2 time(s); retry policy is RetryUpToMaximumCountWithFixedSleep(maxRetries=10, sleepTime=1000 MILLISECONDS)
2019-09-26 16:44:59,704 [main] INFO  ipc.Client (Client.java:handleConnectionFailure(948)) - Retrying connect to server: localhost/127.0.0.1:0. Already tried 3 time(s); retry policy is RetryUpToMaximumCountWithFixedSleep(maxRetries=10, sleepTime=1000 MILLISECONDS)
2019-09-26 16:45:00,705 [main] INFO  ipc.Client (Client.java:handleConnectionFailure(948)) - Retrying connect to server: localhost/127.0.0.1:0. Already tried 4 time(s); retry policy is RetryUpToMaximumCountWithFixedSleep(maxRetries=10, sleepTime=1000 MILLISECONDS)
2019-09-26 16:45:01,706 [main] INFO  ipc.Client (Client.java:handleConnectionFailure(948)) - Retrying connect to server: localhost/127.0.0.1:0. Already tried 5 time(s); retry policy is RetryUpToMaximumCountWithFixedSleep(maxRetries=10, sleepTime=1000 MILLISECONDS)
2019-09-26 16:45:02,707 [main] INFO  ipc.Client (Client.java:handleConnectionFailure(948)) - Retrying connect to server: localhost/127.0.0.1:0. Already tried 6 time(s); retry policy is RetryUpToMaximumCountWithFixedSleep(maxRetries=10, sleepTime=1000 MILLISECONDS)
2019-09-26 16:45:03,710 [main] INFO  ipc.Client (Client.java:handleConnectionFailure(948)) - Retrying connect to server: localhost/127.0.0.1:0. Already tried 7 time(s); retry policy is RetryUpToMaximumCountWithFixedSleep(maxRetries=10, sleepTime=1000 MILLISECONDS)
2019-09-26 16:45:04,711 [main] INFO  ipc.Client (Client.java:handleConnectionFailure(948)) - Retrying connect to server: localhost/127.0.0.1:0. Already tried 8 time(s); retry policy is RetryUpToMaximumCountWithFixedSleep(maxRetries=10, sleepTime=1000 MILLISECONDS)
2019-09-26 16:45:05,712 [main] INFO  ipc.Client (Client.java:handleConnectionFailure(948)) - Retrying connect to server: localhost/127.0.0.1:0. Already tried 9 time(s); retry policy is RetryUpToMaximumCountWithFixedSleep(maxRetries=10, sleepTime=1000 MILLISECONDS)
2019-09-26 16:45:05,714 [main] INFO  retry.RetryInvocationHandler (RetryInvocationHandler.java:log(411)) - com.google.protobuf.ServiceException: java.net.ConnectException: Your endpoint configuration is wrong; For more details see:  http://wiki.apache.org/hadoop/UnsetHostnameOrPort, while invoking $Proxy35.submitRequest over nodeId=null,nodeAddress=127.0.0.1:0 after 4 failover attempts. Trying to failover immediately.
2019-09-26 16:45:06,714 [main] INFO  ipc.Client (Client.java:handleConnectionFailure(948)) - Retrying connect to server: localhost/127.0.0.1:0. Already tried 0 time(s); retry policy is RetryUpToMaximumCountWithFixedSleep(maxRetries=10, sleepTime=1000 MILLISECONDS)
2019-09-26 16:45:07,715 [main] INFO  ipc.Client (Client.java:handleConnectionFailure(948)) - Retrying connect to server: localhost/127.0.0.1:0. Already tried 1 time(s); retry policy is RetryUpToMaximumCountWithFixedSleep(maxRetries=10, sleepTime=1000 MILLISECONDS)
2019-09-26 16:45:08,717 [main] INFO  ipc.Client (Client.java:handleConnectionFailure(948)) - Retrying connect to server: localhost/127.0.0.1:0. Already tried 2 time(s); retry policy is RetryUpToMaximumCountWithFixedSleep(maxRetries=10, sleepTime=1000 MILLISECONDS)
2019-09-26 16:45:09,718 [main] INFO  ipc.Client (Client.java:handleConnectionFailure(948)) - Retrying connect to server: localhost/127.0.0.1:0. Already tried 3 time(s); retry policy is RetryUpToMaximumCountWithFixedSleep(maxRetries=10, sleepTime=1000 MILLISECONDS)
2019-09-26 16:45:10,719 [main] INFO  ipc.Client (Client.java:handleConnectionFailure(948)) - Retrying connect to server: localhost/127.0.0.1:0. Already tried 4 time(s); retry policy is RetryUpToMaximumCountWithFixedSleep(maxRetries=10, sleepTime=1000 MILLISECONDS)
2019-09-26 16:45:11,720 [main] INFO  ipc.Client (Client.java:handleConnectionFailure(948)) - Retrying connect to server: localhost/127.0.0.1:0. Already tried 5 time(s); retry policy is RetryUpToMaximumCountWithFixedSleep(maxRetries=10, sleepTime=1000 MILLISECONDS)
2019-09-26 16:45:12,721 [main] INFO  ipc.Client (Client.java:handleConnectionFailure(948)) - Retrying connect to server: localhost/127.0.0.1:0. Already tried 6 time(s); retry policy is RetryUpToMaximumCountWithFixedSleep(maxRetries=10, sleepTime=1000 MILLISECONDS)
2019-09-26 16:45:13,722 [main] INFO  ipc.Client (Client.java:handleConnectionFailure(948)) - Retrying connect to server: localhost/127.0.0.1:0. Already tried 7 time(s); retry policy is RetryUpToMaximumCountWithFixedSleep(maxRetries=10, sleepTime=1000 MILLISECONDS)
2019-09-26 16:45:14,723 [main] INFO  ipc.Client (Client.java:handleConnectionFailure(948)) - Retrying connect to server: localhost/127.0.0.1:0. Already tried 8 time(s); retry policy is RetryUpToMaximumCountWithFixedSleep(maxRetries=10, sleepTime=1000 MILLISECONDS)
2019-09-26 16:45:15,724 [main] INFO  ipc.Client (Client.java:handleConnectionFailure(948)) - Retrying connect to server: localhost/127.0.0.1:0. Already tried 9 time(s); retry policy is RetryUpToMaximumCountWithFixedSleep(maxRetries=10, sleepTime=1000 MILLISECONDS)
2019-09-26 16:45:15,726 [main] INFO  retry.RetryInvocationHandler (RetryInvocationHandler.java:log(411)) - com.google.protobuf.ServiceException: java.net.ConnectException: Your endpoint configuration is wrong; For more details see:  http://wiki.apache.org/hadoop/UnsetHostnameOrPort, while invoking $Proxy35.submitRequest over nodeId=null,nodeAddress=127.0.0.1:0 after 5 failover attempts. Trying to failover immediately.
2019-09-26 16:45:16,727 [main] INFO  ipc.Client (Client.java:handleConnectionFailure(948)) - Retrying connect to server: localhost/127.0.0.1:0. Already tried 0 time(s); retry policy is RetryUpToMaximumCountWithFixedSleep(maxRetries=10, sleepTime=1000 MILLISECONDS)
2019-09-26 16:45:17,728 [main] INFO  ipc.Client (Client.java:handleConnectionFailure(948)) - Retrying connect to server: localhost/127.0.0.1:0. Already tried 1 time(s); retry policy is RetryUpToMaximumCountWithFixedSleep(maxRetries=10, sleepTime=1000 MILLISECONDS)
2019-09-26 16:45:18,729 [main] INFO  ipc.Client (Client.java:handleConnectionFailure(948)) - Retrying connect to server: localhost/127.0.0.1:0. Already tried 2 time(s); retry policy is RetryUpToMaximumCountWithFixedSleep(maxRetries=10, sleepTime=1000 MILLISECONDS)
2019-09-26 16:45:19,730 [main] INFO  ipc.Client (Client.java:handleConnectionFailure(948)) - Retrying connect to server: localhost/127.0.0.1:0. Already tried 3 time(s); retry policy is RetryUpToMaximumCountWithFixedSleep(maxRetries=10, sleepTime=1000 MILLISECONDS)
2019-09-26 16:45:20,731 [main] INFO  ipc.Client (Client.java:handleConnectionFailure(948)) - Retrying connect to server: localhost/127.0.0.1:0. Already tried 4 time(s); retry policy is RetryUpToMaximumCountWithFixedSleep(maxRetries=10, sleepTime=1000 MILLISECONDS)
2019-09-26 16:45:21,732 [main] INFO  ipc.Client (Client.java:handleConnectionFailure(948)) - Retrying connect to server: localhost/127.0.0.1:0. Already tried 5 time(s); retry policy is RetryUpToMaximumCountWithFixedSleep(maxRetries=10, sleepTime=1000 MILLISECONDS)
2019-09-26 16:45:22,734 [main] INFO  ipc.Client (Client.java:handleConnectionFailure(948)) - Retrying connect to server: localhost/127.0.0.1:0. Already tried 6 time(s); retry policy is RetryUpToMaximumCountWithFixedSleep(maxRetries=10, sleepTime=1000 MILLISECONDS)
2019-09-26 16:45:23,735 [main] INFO  ipc.Client (Client.java:handleConnectionFailure(948)) - Retrying connect to server: localhost/127.0.0.1:0. Already tried 7 time(s); retry policy is RetryUpToMaximumCountWithFixedSleep(maxRetries=10, sleepTime=1000 MILLISECONDS)
2019-09-26 16:45:24,736 [main] INFO  ipc.Client (Client.java:handleConnectionFailure(948)) - Retrying connect to server: localhost/127.0.0.1:0. Already tried 8 time(s); retry policy is RetryUpToMaximumCountWithFixedSleep(maxRetries=10, sleepTime=1000 MILLISECONDS)
2019-09-26 16:45:25,737 [main] INFO  ipc.Client (Client.java:handleConnectionFailure(948)) - Retrying connect to server: localhost/127.0.0.1:0. Already tried 9 time(s); retry policy is RetryUpToMaximumCountWithFixedSleep(maxRetries=10, sleepTime=1000 MILLISECONDS)
2019-09-26 16:45:25,738 [main] INFO  retry.RetryInvocationHandler (RetryInvocationHandler.java:log(411)) - com.google.protobuf.ServiceException: java.net.ConnectException: Your endpoint configuration is wrong; For more details see:  http://wiki.apache.org/hadoop/UnsetHostnameOrPort, while invoking $Proxy35.submitRequest over nodeId=null,nodeAddress=127.0.0.1:0 after 6 failover attempts. Trying to failover immediately.
2019-09-26 16:45:26,739 [main] INFO  ipc.Client (Client.java:handleConnectionFailure(948)) - Retrying connect to server: localhost/127.0.0.1:0. Already tried 0 time(s); retry policy is RetryUpToMaximumCountWithFixedSleep(maxRetries=10, sleepTime=1000 MILLISECONDS)
2019-09-26 16:45:27,741 [main] INFO  ipc.Client (Client.java:handleConnectionFailure(948)) - Retrying connect to server: localhost/127.0.0.1:0. Already tried 1 time(s); retry policy is RetryUpToMaximumCountWithFixedSleep(maxRetries=10, sleepTime=1000 MILLISECONDS)
2019-09-26 16:45:28,742 [main] INFO  ipc.Client (Client.java:handleConnectionFailure(948)) - Retrying connect to server: localhost/127.0.0.1:0. Already tried 2 time(s); retry policy is RetryUpToMaximumCountWithFixedSleep(maxRetries=10, sleepTime=1000 MILLISECONDS)
2019-09-26 16:45:29,743 [main] INFO  ipc.Client (Client.java:handleConnectionFailure(948)) - Retrying connect to server: localhost/127.0.0.1:0. Already tried 3 time(s); retry policy is RetryUpToMaximumCountWithFixedSleep(maxRetries=10, sleepTime=1000 MILLISECONDS)
2019-09-26 16:45:30,744 [main] INFO  ipc.Client (Client.java:handleConnectionFailure(948)) - Retrying connect to server: localhost/127.0.0.1:0. Already tried 4 time(s); retry policy is RetryUpToMaximumCountWithFixedSleep(maxRetries=10, sleepTime=1000 MILLISECONDS)
2019-09-26 16:45:31,746 [main] INFO  ipc.Client (Client.java:handleConnectionFailure(948)) - Retrying connect to server: localhost/127.0.0.1:0. Already tried 5 time(s); retry policy is RetryUpToMaximumCountWithFixedSleep(maxRetries=10, sleepTime=1000 MILLISECONDS)
2019-09-26 16:45:32,747 [main] INFO  ipc.Client (Client.java:handleConnectionFailure(948)) - Retrying connect to server: localhost/127.0.0.1:0. Already tried 6 time(s); retry policy is RetryUpToMaximumCountWithFixedSleep(maxRetries=10, sleepTime=1000 MILLISECONDS)
2019-09-26 16:45:33,732 [Thread-7929] WARN  util.JavaUtils (JavaUtils.java:sleep(250)) - Unexpected long sleep: sleep(1072ms) actually took 1428ms which is over the threshold 300ms
2019-09-26 16:45:33,749 [main] INFO  ipc.Client (Client.java:handleConnectionFailure(948)) - Retrying connect to server: localhost/127.0.0.1:0. Already tried 7 time(s); retry policy is RetryUpToMaximumCountWithFixedSleep(maxRetries=10, sleepTime=1000 MILLISECONDS)
2019-09-26 16:45:34,750 [main] INFO  ipc.Client (Client.java:handleConnectionFailure(948)) - Retrying connect to server: localhost/127.0.0.1:0. Already tried 8 time(s); retry policy is RetryUpToMaximumCountWithFixedSleep(maxRetries=10, sleepTime=1000 MILLISECONDS)
2019-09-26 16:45:35,751 [main] INFO  ipc.Client (Client.java:handleConnectionFailure(948)) - Retrying connect to server: localhost/127.0.0.1:0. Already tried 9 time(s); retry policy is RetryUpToMaximumCountWithFixedSleep(maxRetries=10, sleepTime=1000 MILLISECONDS)
2019-09-26 16:45:35,754 [main] INFO  retry.RetryInvocationHandler (RetryInvocationHandler.java:log(411)) - com.google.protobuf.ServiceException: java.net.ConnectException: Your endpoint configuration is wrong; For more details see:  http://wiki.apache.org/hadoop/UnsetHostnameOrPort, while invoking $Proxy35.submitRequest over nodeId=null,nodeAddress=127.0.0.1:0 after 7 failover attempts. Trying to failover immediately.
2019-09-26 16:45:36,755 [main] INFO  ipc.Client (Client.java:handleConnectionFailure(948)) - Retrying connect to server: localhost/127.0.0.1:0. Already tried 0 time(s); retry policy is RetryUpToMaximumCountWithFixedSleep(maxRetries=10, sleepTime=1000 MILLISECONDS)
2019-09-26 16:45:37,756 [main] INFO  ipc.Client (Client.java:handleConnectionFailure(948)) - Retrying connect to server: localhost/127.0.0.1:0. Already tried 1 time(s); retry policy is RetryUpToMaximumCountWithFixedSleep(maxRetries=10, sleepTime=1000 MILLISECONDS)
2019-09-26 16:45:38,757 [main] INFO  ipc.Client (Client.java:handleConnectionFailure(948)) - Retrying connect to server: localhost/127.0.0.1:0. Already tried 2 time(s); retry policy is RetryUpToMaximumCountWithFixedSleep(maxRetries=10, sleepTime=1000 MILLISECONDS)
2019-09-26 16:45:39,758 [main] INFO  ipc.Client (Client.java:handleConnectionFailure(948)) - Retrying connect to server: localhost/127.0.0.1:0. Already tried 3 time(s); retry policy is RetryUpToMaximumCountWithFixedSleep(maxRetries=10, sleepTime=1000 MILLISECONDS)
2019-09-26 16:45:40,760 [main] INFO  ipc.Client (Client.java:handleConnectionFailure(948)) - Retrying connect to server: localhost/127.0.0.1:0. Already tried 4 time(s); retry policy is RetryUpToMaximumCountWithFixedSleep(maxRetries=10, sleepTime=1000 MILLISECONDS)
2019-09-26 16:45:41,761 [main] INFO  ipc.Client (Client.java:handleConnectionFailure(948)) - Retrying connect to server: localhost/127.0.0.1:0. Already tried 5 time(s); retry policy is RetryUpToMaximumCountWithFixedSleep(maxRetries=10, sleepTime=1000 MILLISECONDS)
2019-09-26 16:45:42,762 [main] INFO  ipc.Client (Client.java:handleConnectionFailure(948)) - Retrying connect to server: localhost/127.0.0.1:0. Already tried 6 time(s); retry policy is RetryUpToMaximumCountWithFixedSleep(maxRetries=10, sleepTime=1000 MILLISECONDS)
2019-09-26 16:45:43,763 [main] INFO  ipc.Client (Client.java:handleConnectionFailure(948)) - Retrying connect to server: localhost/127.0.0.1:0. Already tried 7 time(s); retry policy is RetryUpToMaximumCountWithFixedSleep(maxRetries=10, sleepTime=1000 MILLISECONDS)
2019-09-26 16:45:44,764 [main] INFO  ipc.Client (Client.java:handleConnectionFailure(948)) - Retrying connect to server: localhost/127.0.0.1:0. Already tried 8 time(s); retry policy is RetryUpToMaximumCountWithFixedSleep(maxRetries=10, sleepTime=1000 MILLISECONDS)
2019-09-26 16:45:45,765 [main] INFO  ipc.Client (Client.java:handleConnectionFailure(948)) - Retrying connect to server: localhost/127.0.0.1:0. Already tried 9 time(s); retry policy is RetryUpToMaximumCountWithFixedSleep(maxRetries=10, sleepTime=1000 MILLISECONDS)
2019-09-26 16:45:45,767 [main] INFO  retry.RetryInvocationHandler (RetryInvocationHandler.java:log(411)) - com.google.protobuf.ServiceException: java.net.ConnectException: Your endpoint configuration is wrong; For more details see:  http://wiki.apache.org/hadoop/UnsetHostnameOrPort, while invoking $Proxy35.submitRequest over nodeId=null,nodeAddress=127.0.0.1:0 after 8 failover attempts. Trying to failover immediately.
2019-09-26 16:45:46,768 [main] INFO  ipc.Client (Client.java:handleConnectionFailure(948)) - Retrying connect to server: localhost/127.0.0.1:0. Already tried 0 time(s); retry policy is RetryUpToMaximumCountWithFixedSleep(maxRetries=10, sleepTime=1000 MILLISECONDS)
2019-09-26 16:45:47,769 [main] INFO  ipc.Client (Client.java:handleConnectionFailure(948)) - Retrying connect to server: localhost/127.0.0.1:0. Already tried 1 time(s); retry policy is RetryUpToMaximumCountWithFixedSleep(maxRetries=10, sleepTime=1000 MILLISECONDS)
2019-09-26 16:45:48,770 [main] INFO  ipc.Client (Client.java:handleConnectionFailure(948)) - Retrying connect to server: localhost/127.0.0.1:0. Already tried 2 time(s); retry policy is RetryUpToMaximumCountWithFixedSleep(maxRetries=10, sleepTime=1000 MILLISECONDS)
2019-09-26 16:45:49,771 [main] INFO  ipc.Client (Client.java:handleConnectionFailure(948)) - Retrying connect to server: localhost/127.0.0.1:0. Already tried 3 time(s); retry policy is RetryUpToMaximumCountWithFixedSleep(maxRetries=10, sleepTime=1000 MILLISECONDS)
2019-09-26 16:45:50,775 [main] INFO  ipc.Client (Client.java:handleConnectionFailure(948)) - Retrying connect to server: localhost/127.0.0.1:0. Already tried 4 time(s); retry policy is RetryUpToMaximumCountWithFixedSleep(maxRetries=10, sleepTime=1000 MILLISECONDS)
2019-09-26 16:45:51,776 [main] INFO  ipc.Client (Client.java:handleConnectionFailure(948)) - Retrying connect to server: localhost/127.0.0.1:0. Already tried 5 time(s); retry policy is RetryUpToMaximumCountWithFixedSleep(maxRetries=10, sleepTime=1000 MILLISECONDS)
2019-09-26 16:45:52,777 [main] INFO  ipc.Client (Client.java:handleConnectionFailure(948)) - Retrying connect to server: localhost/127.0.0.1:0. Already tried 6 time(s); retry policy is RetryUpToMaximumCountWithFixedSleep(maxRetries=10, sleepTime=1000 MILLISECONDS)
2019-09-26 16:45:53,778 [main] INFO  ipc.Client (Client.java:handleConnectionFailure(948)) - Retrying connect to server: localhost/127.0.0.1:0. Already tried 7 time(s); retry policy is RetryUpToMaximumCountWithFixedSleep(maxRetries=10, sleepTime=1000 MILLISECONDS)
2019-09-26 16:45:54,779 [main] INFO  ipc.Client (Client.java:handleConnectionFailure(948)) - Retrying connect to server: localhost/127.0.0.1:0. Already tried 8 time(s); retry policy is RetryUpToMaximumCountWithFixedSleep(maxRetries=10, sleepTime=1000 MILLISECONDS)
2019-09-26 16:45:55,780 [main] INFO  ipc.Client (Client.java:handleConnectionFailure(948)) - Retrying connect to server: localhost/127.0.0.1:0. Already tried 9 time(s); retry policy is RetryUpToMaximumCountWithFixedSleep(maxRetries=10, sleepTime=1000 MILLISECONDS)
2019-09-26 16:45:55,781 [main] INFO  retry.RetryInvocationHandler (RetryInvocationHandler.java:log(411)) - com.google.protobuf.ServiceException: java.net.ConnectException: Your endpoint configuration is wrong; For more details see:  http://wiki.apache.org/hadoop/UnsetHostnameOrPort, while invoking $Proxy35.submitRequest over nodeId=null,nodeAddress=127.0.0.1:0 after 9 failover attempts. Trying to failover immediately.
2019-09-26 16:45:56,802 [main] INFO  ipc.Client (Client.java:handleConnectionFailure(948)) - Retrying connect to server: localhost/127.0.0.1:0. Already tried 0 time(s); retry policy is RetryUpToMaximumCountWithFixedSleep(maxRetries=10, sleepTime=1000 MILLISECONDS)
2019-09-26 16:45:57,803 [main] INFO  ipc.Client (Client.java:handleConnectionFailure(948)) - Retrying connect to server: localhost/127.0.0.1:0. Already tried 1 time(s); retry policy is RetryUpToMaximumCountWithFixedSleep(maxRetries=10, sleepTime=1000 MILLISECONDS)
2019-09-26 16:45:58,805 [main] INFO  ipc.Client (Client.java:handleConnectionFailure(948)) - Retrying connect to server: localhost/127.0.0.1:0. Already tried 2 time(s); retry policy is RetryUpToMaximumCountWithFixedSleep(maxRetries=10, sleepTime=1000 MILLISECONDS)
2019-09-26 16:45:59,806 [main] INFO  ipc.Client (Client.java:handleConnectionFailure(948)) - Retrying connect to server: localhost/127.0.0.1:0. Already tried 3 time(s); retry policy is RetryUpToMaximumCountWithFixedSleep(maxRetries=10, sleepTime=1000 MILLISECONDS)
2019-09-26 16:46:00,807 [main] INFO  ipc.Client (Client.java:handleConnectionFailure(948)) - Retrying connect to server: localhost/127.0.0.1:0. Already tried 4 time(s); retry policy is RetryUpToMaximumCountWithFixedSleep(maxRetries=10, sleepTime=1000 MILLISECONDS)
2019-09-26 16:46:01,808 [main] INFO  ipc.Client (Client.java:handleConnectionFailure(948)) - Retrying connect to server: localhost/127.0.0.1:0. Already tried 5 time(s); retry policy is RetryUpToMaximumCountWithFixedSleep(maxRetries=10, sleepTime=1000 MILLISECONDS)
2019-09-26 16:46:02,809 [main] INFO  ipc.Client (Client.java:handleConnectionFailure(948)) - Retrying connect to server: localhost/127.0.0.1:0. Already tried 6 time(s); retry policy is RetryUpToMaximumCountWithFixedSleep(maxRetries=10, sleepTime=1000 MILLISECONDS)
2019-09-26 16:46:03,810 [main] INFO  ipc.Client (Client.java:handleConnectionFailure(948)) - Retrying connect to server: localhost/127.0.0.1:0. Already tried 7 time(s); retry policy is RetryUpToMaximumCountWithFixedSleep(maxRetries=10, sleepTime=1000 MILLISECONDS)
2019-09-26 16:46:04,811 [main] INFO  ipc.Client (Client.java:handleConnectionFailure(948)) - Retrying connect to server: localhost/127.0.0.1:0. Already tried 8 time(s); retry policy is RetryUpToMaximumCountWithFixedSleep(maxRetries=10, sleepTime=1000 MILLISECONDS)
2019-09-26 16:46:05,812 [main] INFO  ipc.Client (Client.java:handleConnectionFailure(948)) - Retrying connect to server: localhost/127.0.0.1:0. Already tried 9 time(s); retry policy is RetryUpToMaximumCountWithFixedSleep(maxRetries=10, sleepTime=1000 MILLISECONDS)
2019-09-26 16:46:05,814 [main] ERROR ha.OMFailoverProxyProvider (OzoneManagerProtocolClientSideTranslatorPB.java:getRetryAction(268)) - Failed to connect to OM. Attempted 10 retries and 10 failovers
2019-09-26 16:46:05,815 [main] ERROR client.OzoneClientFactory (OzoneClientFactory.java:getClientProtocol(259)) - Couldn't create RpcClient protocol exception: 
java.net.ConnectException: Your endpoint configuration is wrong; For more details see:  http://wiki.apache.org/hadoop/UnsetHostnameOrPort
	at sun.reflect.GeneratedConstructorAccessor41.newInstance(Unknown Source)
	at sun.reflect.DelegatingConstructorAccessorImpl.newInstance(DelegatingConstructorAccessorImpl.java:45)
	at java.lang.reflect.Constructor.newInstance(Constructor.java:423)
	at org.apache.hadoop.net.NetUtils.wrapWithMessage(NetUtils.java:831)
	at org.apache.hadoop.net.NetUtils.wrapException(NetUtils.java:751)
	at org.apache.hadoop.ipc.Client.getRpcResponse(Client.java:1515)
	at org.apache.hadoop.ipc.Client.call(Client.java:1457)
	at org.apache.hadoop.ipc.Client.call(Client.java:1367)
	at org.apache.hadoop.ipc.ProtobufRpcEngine$Invoker.invoke(ProtobufRpcEngine.java:228)
	at org.apache.hadoop.ipc.ProtobufRpcEngine$Invoker.invoke(ProtobufRpcEngine.java:116)
	at com.sun.proxy.$Proxy35.submitRequest(Unknown Source)
	at sun.reflect.GeneratedMethodAccessor36.invoke(Unknown Source)
	at sun.reflect.DelegatingMethodAccessorImpl.invoke(DelegatingMethodAccessorImpl.java:43)
	at java.lang.reflect.Method.invoke(Method.java:498)
	at org.apache.hadoop.io.retry.RetryInvocationHandler.invokeMethod(RetryInvocationHandler.java:422)
	at org.apache.hadoop.io.retry.RetryInvocationHandler$Call.invokeMethod(RetryInvocationHandler.java:165)
	at org.apache.hadoop.io.retry.RetryInvocationHandler$Call.invoke(RetryInvocationHandler.java:157)
	at org.apache.hadoop.io.retry.RetryInvocationHandler$Call.invokeOnce(RetryInvocationHandler.java:95)
	at org.apache.hadoop.io.retry.RetryInvocationHandler.invoke(RetryInvocationHandler.java:359)
	at com.sun.proxy.$Proxy35.submitRequest(Unknown Source)
	at org.apache.hadoop.ozone.om.protocolPB.OzoneManagerProtocolClientSideTranslatorPB.submitRequest(OzoneManagerProtocolClientSideTranslatorPB.java:338)
	at org.apache.hadoop.ozone.om.protocolPB.OzoneManagerProtocolClientSideTranslatorPB.getServiceInfo(OzoneManagerProtocolClientSideTranslatorPB.java:1223)
	at sun.reflect.NativeMethodAccessorImpl.invoke0(Native Method)
	at sun.reflect.NativeMethodAccessorImpl.invoke(NativeMethodAccessorImpl.java:62)
	at sun.reflect.DelegatingMethodAccessorImpl.invoke(DelegatingMethodAccessorImpl.java:43)
	at java.lang.reflect.Method.invoke(Method.java:498)
	at org.apache.hadoop.hdds.tracing.TraceAllMethod.invoke(TraceAllMethod.java:66)
	at com.sun.proxy.$Proxy36.getServiceInfo(Unknown Source)
	at org.apache.hadoop.ozone.client.rpc.RpcClient.<init>(RpcClient.java:154)
	at org.apache.hadoop.ozone.client.OzoneClientFactory.getClientProtocol(OzoneClientFactory.java:256)
	at org.apache.hadoop.ozone.client.OzoneClientFactory.getClientProtocol(OzoneClientFactory.java:239)
	at org.apache.hadoop.ozone.client.OzoneClientFactory.getClient(OzoneClientFactory.java:75)
	at org.apache.hadoop.ozone.client.rpc.TestFailureHandlingByClient.init(TestFailureHandlingByClient.java:111)
	at org.apache.hadoop.ozone.client.rpc.TestFailureHandlingByClient.startCluster(TestFailureHandlingByClient.java:121)
	at org.apache.hadoop.ozone.client.rpc.TestFailureHandlingByClient.testDatanodeExclusionWithMajorityCommit(TestFailureHandlingByClient.java:282)
	at sun.reflect.NativeMethodAccessorImpl.invoke0(Native Method)
	at sun.reflect.NativeMethodAccessorImpl.invoke(NativeMethodAccessorImpl.java:62)
	at sun.reflect.DelegatingMethodAccessorImpl.invoke(DelegatingMethodAccessorImpl.java:43)
	at java.lang.reflect.Method.invoke(Method.java:498)
	at org.junit.runners.model.FrameworkMethod$1.runReflectiveCall(FrameworkMethod.java:47)
	at org.junit.internal.runners.model.ReflectiveCallable.run(ReflectiveCallable.java:12)
	at org.junit.runners.model.FrameworkMethod.invokeExplosively(FrameworkMethod.java:44)
	at org.junit.internal.runners.statements.InvokeMethod.evaluate(InvokeMethod.java:17)
	at org.junit.internal.runners.statements.RunAfters.evaluate(RunAfters.java:27)
	at org.junit.runners.ParentRunner.runLeaf(ParentRunner.java:271)
	at org.junit.runners.BlockJUnit4ClassRunner.runChild(BlockJUnit4ClassRunner.java:70)
	at org.junit.runners.BlockJUnit4ClassRunner.runChild(BlockJUnit4ClassRunner.java:50)
	at org.junit.runners.ParentRunner$3.run(ParentRunner.java:238)
	at org.junit.runners.ParentRunner$1.schedule(ParentRunner.java:63)
	at org.junit.runners.ParentRunner.runChildren(ParentRunner.java:236)
	at org.junit.runners.ParentRunner.access$000(ParentRunner.java:53)
	at org.junit.runners.ParentRunner$2.evaluate(ParentRunner.java:229)
	at org.junit.runners.ParentRunner.run(ParentRunner.java:309)
	at org.apache.maven.surefire.junit4.JUnit4Provider.execute(JUnit4Provider.java:365)
	at org.apache.maven.surefire.junit4.JUnit4Provider.executeWithRerun(JUnit4Provider.java:273)
	at org.apache.maven.surefire.junit4.JUnit4Provider.executeTestSet(JUnit4Provider.java:238)
	at org.apache.maven.surefire.junit4.JUnit4Provider.invoke(JUnit4Provider.java:159)
	at org.apache.maven.surefire.booter.ForkedBooter.invokeProviderInSameClassLoader(ForkedBooter.java:384)
	at org.apache.maven.surefire.booter.ForkedBooter.runSuitesInProcess(ForkedBooter.java:345)
	at org.apache.maven.surefire.booter.ForkedBooter.execute(ForkedBooter.java:126)
	at org.apache.maven.surefire.booter.ForkedBooter.main(ForkedBooter.java:418)
Caused by: java.net.ConnectException: Connection refused
	at sun.nio.ch.SocketChannelImpl.checkConnect(Native Method)
	at sun.nio.ch.SocketChannelImpl.finishConnect(SocketChannelImpl.java:717)
	at org.apache.hadoop.net.SocketIOWithTimeout.connect(SocketIOWithTimeout.java:206)
	at org.apache.hadoop.net.NetUtils.connect(NetUtils.java:531)
	at org.apache.hadoop.ipc.Client$Connection.setupConnection(Client.java:690)
	at org.apache.hadoop.ipc.Client$Connection.setupIOstreams(Client.java:794)
	at org.apache.hadoop.ipc.Client$Connection.access$3700(Client.java:411)
	at org.apache.hadoop.ipc.Client.getConnection(Client.java:1572)
	at org.apache.hadoop.ipc.Client.call(Client.java:1403)
	... 54 more
2019-09-26 16:46:05,817 [main] INFO  ozone.MiniOzoneClusterImpl (MiniOzoneClusterImpl.java:shutdown(314)) - Shutting down the Mini Ozone Cluster
2019-09-26 16:46:05,817 [main] INFO  ozone.MiniOzoneClusterImpl (MiniOzoneClusterImpl.java:stop(330)) - Stopping the Mini Ozone Cluster
2019-09-26 16:46:05,817 [main] INFO  ozone.MiniOzoneClusterImpl (MiniOzoneClusterImpl.java:stopOM(400)) - Stopping the OzoneManager
2019-09-26 16:46:05,817 [main] INFO  ipc.Server (Server.java:stop(3082)) - Stopping server on 38079
2019-09-26 16:46:05,841 [IPC Server listener on 38079] INFO  ipc.Server (Server.java:run(1185)) - Stopping IPC Server listener on 38079
2019-09-26 16:46:05,841 [main] INFO  ratis.OzoneManagerDoubleBuffer (OzoneManagerDoubleBuffer.java:stop(248)) - Stopping OMDoubleBuffer flush thread
2019-09-26 16:46:05,841 [IPC Server Responder] INFO  ipc.Server (Server.java:run(1319)) - Stopping IPC Server Responder
2019-09-26 16:46:05,866 [OMDoubleBufferFlushThread] INFO  ratis.OzoneManagerDoubleBuffer (OzoneManagerDoubleBuffer.java:flushTransactions(191)) - OMDoubleBuffer flush thread OMDoubleBufferFlushThread is interrupted and will exit. OMDoubleBufferFlushThread
2019-09-26 16:46:05,867 [main] INFO  utils.BackgroundService (BackgroundService.java:shutdown(148)) - Shutting down service KeyDeletingService
2019-09-26 16:46:05,870 [main] INFO  handler.ContextHandler (ContextHandler.java:doStop(910)) - Stopped o.e.j.w.WebAppContext@279126f5{/,null,UNAVAILABLE}{/ozoneManager}
2019-09-26 16:46:05,871 [main] INFO  server.AbstractConnector (AbstractConnector.java:doStop(318)) - Stopped ServerConnector@7781263c{HTTP/1.1,[http/1.1]}{0.0.0.0:0}
2019-09-26 16:46:05,871 [main] INFO  handler.ContextHandler (ContextHandler.java:doStop(910)) - Stopped o.e.j.s.ServletContextHandler@2484dbb7{/static,file:///workdir/hadoop-ozone/integration-test/target/test-classes/webapps/static,UNAVAILABLE}
2019-09-26 16:46:05,872 [main] INFO  handler.ContextHandler (ContextHandler.java:doStop(910)) - Stopped o.e.j.s.ServletContextHandler@5a30722c{/logs,file:///workdir/hadoop-ozone/integration-test/target/log,UNAVAILABLE}
2019-09-26 16:46:05,876 [main] INFO  ozone.MiniOzoneClusterImpl (MiniOzoneClusterImpl.java:stopDatanodes(377)) - Stopping the HddsDatanodes
2019-09-26 16:46:06,226 [Datanode State Machine Thread - 0] INFO  statemachine.DatanodeStateMachine (DatanodeStateMachine.java:lambda$startDaemon$0(350)) - Ozone container server started.
2019-09-26 16:46:06,741 [Datanode State Machine Thread - 0] INFO  statemachine.DatanodeStateMachine (DatanodeStateMachine.java:lambda$startDaemon$0(350)) - Ozone container server started.
2019-09-26 16:46:10,877 [main] INFO  ozoneimpl.OzoneContainer (OzoneContainer.java:stop(231)) - Attempting to stop container services.
2019-09-26 16:46:10,878 [ForkJoinPool.commonPool-worker-0] INFO  ozoneimpl.OzoneContainer (OzoneContainer.java:stop(231)) - Attempting to stop container services.
2019-09-26 16:46:10,878 [main] INFO  impl.RaftServerProxy (RaftServerProxy.java:lambda$close$4(314)) - 16d11c64-a500-4b3c-99b4-e07456a37d86: close
2019-09-26 16:46:10,878 [ForkJoinPool.commonPool-worker-0] INFO  impl.RaftServerProxy (RaftServerProxy.java:lambda$close$4(314)) - 31eb9216-6704-4cc2-a524-a91f43cc4ef7: close
2019-09-26 16:46:10,879 [main] INFO  impl.RaftServerImpl (RaftServerImpl.java:lambda$shutdown$3(251)) - 16d11c64-a500-4b3c-99b4-e07456a37d86@group-8ED6358F0D74: shutdown
2019-09-26 16:46:10,879 [ForkJoinPool.commonPool-worker-0] INFO  impl.RaftServerImpl (RaftServerImpl.java:lambda$shutdown$3(251)) - 31eb9216-6704-4cc2-a524-a91f43cc4ef7@group-9DD2DA11086B: shutdown
2019-09-26 16:46:10,880 [main] INFO  util.JmxRegister (JmxRegister.java:unregister(73)) - Successfully un-registered JMX Bean with object name Ratis:service=RaftServer,group=group-8ED6358F0D74,id=16d11c64-a500-4b3c-99b4-e07456a37d86
2019-09-26 16:46:10,880 [ForkJoinPool.commonPool-worker-0] INFO  util.JmxRegister (JmxRegister.java:unregister(73)) - Successfully un-registered JMX Bean with object name Ratis:service=RaftServer,group=group-9DD2DA11086B,id=31eb9216-6704-4cc2-a524-a91f43cc4ef7
2019-09-26 16:46:10,881 [ForkJoinPool.commonPool-worker-0] INFO  impl.RoleInfo (RoleInfo.java:shutdownFollowerState(121)) - 31eb9216-6704-4cc2-a524-a91f43cc4ef7: shutdown FollowerState
2019-09-26 16:46:10,881 [main] INFO  impl.RoleInfo (RoleInfo.java:shutdownLeaderState(104)) - 16d11c64-a500-4b3c-99b4-e07456a37d86: shutdown LeaderState
2019-09-26 16:46:10,882 [Thread-7929] INFO  impl.FollowerState (FollowerState.java:run(115)) - 31eb9216-6704-4cc2-a524-a91f43cc4ef7: FollowerState was interrupted: java.lang.InterruptedException: sleep interrupted
2019-09-26 16:46:10,893 [main] INFO  impl.PendingRequests (PendingRequests.java:sendNotLeaderResponses(202)) - 16d11c64-a500-4b3c-99b4-e07456a37d86-PendingRequests: sendNotLeaderResponses
2019-09-26 16:46:10,882 [ForkJoinPool.commonPool-worker-0] INFO  impl.StateMachineUpdater (StateMachineUpdater.java:stopAndJoin(125)) - 31eb9216-6704-4cc2-a524-a91f43cc4ef7@group-9DD2DA11086B-StateMachineUpdater: set stopIndex = 0
2019-09-26 16:46:10,894 [main] INFO  impl.StateMachineUpdater (StateMachineUpdater.java:stopAndJoin(125)) - 16d11c64-a500-4b3c-99b4-e07456a37d86@group-8ED6358F0D74-StateMachineUpdater: set stopIndex = 0
2019-09-26 16:46:10,895 [main] INFO  impl.RaftServerImpl (ServerState.java:close(385)) - 16d11c64-a500-4b3c-99b4-e07456a37d86@group-8ED6358F0D74: closes. applyIndex: 0
2019-09-26 16:46:10,893 [org.apache.ratis.server.impl.LogAppender$AppenderDaemon$$Lambda$414/452738001@4f491bd9] WARN  server.GrpcLogAppender (GrpcLogAppender.java:mayWait(143)) - 16d11c64-a500-4b3c-99b4-e07456a37d86@group-8ED6358F0D74->d33b97c7-2f19-4eba-ab29-dbf55e8d730b-GrpcLogAppender: Wait interrupted by java.lang.InterruptedException
2019-09-26 16:46:10,893 [org.apache.ratis.server.impl.LogAppender$AppenderDaemon$$Lambda$414/452738001@5019027b] WARN  server.GrpcLogAppender (GrpcLogAppender.java:mayWait(143)) - 16d11c64-a500-4b3c-99b4-e07456a37d86@group-8ED6358F0D74->b3b856ac-1ab1-4d7f-a378-339434076e6f-GrpcLogAppender: Wait interrupted by java.lang.InterruptedException
2019-09-26 16:46:10,894 [ForkJoinPool.commonPool-worker-0] INFO  impl.RaftServerImpl (ServerState.java:close(385)) - 31eb9216-6704-4cc2-a524-a91f43cc4ef7@group-9DD2DA11086B: closes. applyIndex: 0
2019-09-26 16:46:10,896 [16d11c64-a500-4b3c-99b4-e07456a37d86@group-8ED6358F0D74-SegmentedRaftLogWorker] INFO  segmented.SegmentedRaftLogWorker (SegmentedRaftLogWorker.java:run(313)) - 16d11c64-a500-4b3c-99b4-e07456a37d86@group-8ED6358F0D74-SegmentedRaftLogWorker was interrupted, exiting. There are 0 tasks remaining in the queue.
2019-09-26 16:46:10,900 [31eb9216-6704-4cc2-a524-a91f43cc4ef7@group-9DD2DA11086B-SegmentedRaftLogWorker] INFO  segmented.SegmentedRaftLogWorker (SegmentedRaftLogWorker.java:run(313)) - 31eb9216-6704-4cc2-a524-a91f43cc4ef7@group-9DD2DA11086B-SegmentedRaftLogWorker was interrupted, exiting. There are 0 tasks remaining in the queue.
2019-09-26 16:46:10,900 [main] INFO  segmented.SegmentedRaftLogWorker (SegmentedRaftLogWorker.java:close(228)) - 16d11c64-a500-4b3c-99b4-e07456a37d86@group-8ED6358F0D74-SegmentedRaftLogWorker close()
2019-09-26 16:46:10,903 [grpc-default-executor-5] INFO  server.GrpcServerProtocolService (GrpcServerProtocolService.java:onCompleted(113)) - b3b856ac-1ab1-4d7f-a378-339434076e6f: Completed APPEND_ENTRIES, lastRequest: 16d11c64-a500-4b3c-99b4-e07456a37d86->b3b856ac-1ab1-4d7f-a378-339434076e6f#226-t2, previous=(t:2, i:0), leaderCommit=0, initializing? false, entries: <empty>
2019-09-26 16:46:10,903 [grpc-default-executor-0] INFO  server.GrpcServerProtocolService (GrpcServerProtocolService.java:onCompleted(113)) - d33b97c7-2f19-4eba-ab29-dbf55e8d730b: Completed APPEND_ENTRIES, lastRequest: 16d11c64-a500-4b3c-99b4-e07456a37d86->d33b97c7-2f19-4eba-ab29-dbf55e8d730b#226-t2, previous=(t:2, i:0), leaderCommit=0, initializing? false, entries: <empty>
2019-09-26 16:46:10,903 [ForkJoinPool.commonPool-worker-0] INFO  segmented.SegmentedRaftLogWorker (SegmentedRaftLogWorker.java:close(228)) - 31eb9216-6704-4cc2-a524-a91f43cc4ef7@group-9DD2DA11086B-SegmentedRaftLogWorker close()
2019-09-26 16:46:10,907 [main] INFO  impl.RaftServerImpl (RaftServerImpl.java:lambda$shutdown$3(251)) - 16d11c64-a500-4b3c-99b4-e07456a37d86@group-47E1568F7B54: shutdown
2019-09-26 16:46:10,912 [ForkJoinPool.commonPool-worker-0] INFO  impl.RaftServerImpl (RaftServerImpl.java:lambda$shutdown$3(251)) - 31eb9216-6704-4cc2-a524-a91f43cc4ef7@group-53A044D7C55C: shutdown
2019-09-26 16:46:10,912 [main] INFO  util.JmxRegister (JmxRegister.java:unregister(73)) - Successfully un-registered JMX Bean with object name Ratis:service=RaftServer,group=group-47E1568F7B54,id=16d11c64-a500-4b3c-99b4-e07456a37d86
2019-09-26 16:46:10,913 [grpc-default-executor-0] INFO  server.GrpcLogAppender (GrpcLogAppender.java:onCompleted(293)) - 16d11c64-a500-4b3c-99b4-e07456a37d86@group-8ED6358F0D74->d33b97c7-2f19-4eba-ab29-dbf55e8d730b-AppendLogResponseHandler: follower responses appendEntries COMPLETED
2019-09-26 16:46:10,913 [ForkJoinPool.commonPool-worker-0] INFO  util.JmxRegister (JmxRegister.java:unregister(73)) - Successfully un-registered JMX Bean with object name Ratis:service=RaftServer,group=group-53A044D7C55C,id=31eb9216-6704-4cc2-a524-a91f43cc4ef7
2019-09-26 16:46:10,913 [main] INFO  impl.RoleInfo (RoleInfo.java:shutdownLeaderState(104)) - 16d11c64-a500-4b3c-99b4-e07456a37d86: shutdown LeaderState
2019-09-26 16:46:10,914 [grpc-default-executor-0] INFO  impl.FollowerInfo (FollowerInfo.java:lambda$new$0(51)) - 16d11c64-a500-4b3c-99b4-e07456a37d86@group-8ED6358F0D74->d33b97c7-2f19-4eba-ab29-dbf55e8d730b: nextIndex: updateUnconditionally 1 -> 0
2019-09-26 16:46:10,913 [grpc-default-executor-5] INFO  server.GrpcLogAppender (GrpcLogAppender.java:onCompleted(293)) - 16d11c64-a500-4b3c-99b4-e07456a37d86@group-8ED6358F0D74->b3b856ac-1ab1-4d7f-a378-339434076e6f-AppendLogResponseHandler: follower responses appendEntries COMPLETED
2019-09-26 16:46:10,914 [main] INFO  impl.PendingRequests (PendingRequests.java:sendNotLeaderResponses(202)) - 16d11c64-a500-4b3c-99b4-e07456a37d86-PendingRequests: sendNotLeaderResponses
2019-09-26 16:46:10,914 [ForkJoinPool.commonPool-worker-0] INFO  impl.RoleInfo (RoleInfo.java:shutdownLeaderState(104)) - 31eb9216-6704-4cc2-a524-a91f43cc4ef7: shutdown LeaderState
2019-09-26 16:46:10,914 [main] INFO  impl.StateMachineUpdater (StateMachineUpdater.java:stopAndJoin(125)) - 16d11c64-a500-4b3c-99b4-e07456a37d86@group-47E1568F7B54-StateMachineUpdater: set stopIndex = 0
2019-09-26 16:46:10,915 [main] INFO  impl.RaftServerImpl (ServerState.java:close(385)) - 16d11c64-a500-4b3c-99b4-e07456a37d86@group-47E1568F7B54: closes. applyIndex: 0
2019-09-26 16:46:10,914 [grpc-default-executor-5] INFO  impl.FollowerInfo (FollowerInfo.java:lambda$new$0(51)) - 16d11c64-a500-4b3c-99b4-e07456a37d86@group-8ED6358F0D74->b3b856ac-1ab1-4d7f-a378-339434076e6f: nextIndex: updateUnconditionally 1 -> 0
2019-09-26 16:46:10,915 [16d11c64-a500-4b3c-99b4-e07456a37d86@group-47E1568F7B54-SegmentedRaftLogWorker] INFO  segmented.SegmentedRaftLogWorker (SegmentedRaftLogWorker.java:run(313)) - 16d11c64-a500-4b3c-99b4-e07456a37d86@group-47E1568F7B54-SegmentedRaftLogWorker was interrupted, exiting. There are 0 tasks remaining in the queue.
2019-09-26 16:46:10,915 [ForkJoinPool.commonPool-worker-0] INFO  impl.PendingRequests (PendingRequests.java:sendNotLeaderResponses(202)) - 31eb9216-6704-4cc2-a524-a91f43cc4ef7-PendingRequests: sendNotLeaderResponses
2019-09-26 16:46:10,918 [main] INFO  segmented.SegmentedRaftLogWorker (SegmentedRaftLogWorker.java:close(228)) - 16d11c64-a500-4b3c-99b4-e07456a37d86@group-47E1568F7B54-SegmentedRaftLogWorker close()
2019-09-26 16:46:10,918 [ForkJoinPool.commonPool-worker-0] INFO  impl.StateMachineUpdater (StateMachineUpdater.java:stopAndJoin(125)) - 31eb9216-6704-4cc2-a524-a91f43cc4ef7@group-53A044D7C55C-StateMachineUpdater: set stopIndex = 0
2019-09-26 16:46:10,922 [ForkJoinPool.commonPool-worker-0] INFO  impl.RaftServerImpl (ServerState.java:close(385)) - 31eb9216-6704-4cc2-a524-a91f43cc4ef7@group-53A044D7C55C: closes. applyIndex: 0
2019-09-26 16:46:10,922 [main] INFO  server.GrpcService (GrpcService.java:closeImpl(164)) - 16d11c64-a500-4b3c-99b4-e07456a37d86: shutdown server with port 36011 now
2019-09-26 16:46:10,922 [31eb9216-6704-4cc2-a524-a91f43cc4ef7@group-53A044D7C55C-SegmentedRaftLogWorker] INFO  segmented.SegmentedRaftLogWorker (SegmentedRaftLogWorker.java:run(313)) - 31eb9216-6704-4cc2-a524-a91f43cc4ef7@group-53A044D7C55C-SegmentedRaftLogWorker was interrupted, exiting. There are 0 tasks remaining in the queue.
2019-09-26 16:46:10,925 [ForkJoinPool.commonPool-worker-0] INFO  segmented.SegmentedRaftLogWorker (SegmentedRaftLogWorker.java:close(228)) - 31eb9216-6704-4cc2-a524-a91f43cc4ef7@group-53A044D7C55C-SegmentedRaftLogWorker close()
2019-09-26 16:46:10,931 [ForkJoinPool.commonPool-worker-0] INFO  server.GrpcService (GrpcService.java:closeImpl(164)) - 31eb9216-6704-4cc2-a524-a91f43cc4ef7: shutdown server with port 32775 now
2019-09-26 16:46:10,931 [main] INFO  server.GrpcService (GrpcService.java:closeImpl(172)) - 16d11c64-a500-4b3c-99b4-e07456a37d86: shutdown server with port 36011 successfully
2019-09-26 16:46:10,932 [grpc-default-executor-2] WARN  server.GrpcServerProtocolService (LogUtils.java:warn(134)) - 31eb9216-6704-4cc2-a524-a91f43cc4ef7: installSnapshot onError, lastRequest: 14d6961c-3415-464e-9dd6-39423b85916c->31eb9216-6704-4cc2-a524-a91f43cc4ef7#230-t1, previous=(t:1, i:0), leaderCommit=0, initializing? false, entries: <empty>: org.apache.ratis.thirdparty.io.grpc.StatusRuntimeException: CANCELLED: cancelled before receiving half close
2019-09-26 16:46:10,932 [ForkJoinPool.commonPool-worker-0] INFO  server.GrpcService (GrpcService.java:closeImpl(172)) - 31eb9216-6704-4cc2-a524-a91f43cc4ef7: shutdown server with port 32775 successfully
2019-09-26 16:46:10,932 [grpc-default-executor-0] WARN  server.GrpcLogAppender (LogUtils.java:warn(134)) - 14d6961c-3415-464e-9dd6-39423b85916c@group-9DD2DA11086B->31eb9216-6704-4cc2-a524-a91f43cc4ef7-AppendLogResponseHandler: Failed appendEntries: org.apache.ratis.thirdparty.io.grpc.StatusRuntimeException: CANCELLED: HTTP/2 error code: CANCEL
Received Rst Stream
2019-09-26 16:46:10,932 [grpc-default-executor-0] INFO  impl.FollowerInfo (FollowerInfo.java:lambda$new$0(51)) - 14d6961c-3415-464e-9dd6-39423b85916c@group-9DD2DA11086B->31eb9216-6704-4cc2-a524-a91f43cc4ef7: nextIndex: updateUnconditionally 1 -> 0
2019-09-26 16:46:10,933 [refreshUsed-/workdir/hadoop-ozone/integration-test/target/test-dir/MiniOzoneClusterImpl-2d738554-168c-4e5d-822f-b5acc277bde2/datanode-5/data/containers] WARN  fs.CachingGetSpaceUsed (CachingGetSpaceUsed.java:run(183)) - Thread Interrupted waiting to refresh disk information: sleep interrupted
2019-09-26 16:46:10,934 [refreshUsed-/workdir/hadoop-ozone/integration-test/target/test-dir/MiniOzoneClusterImpl-2d738554-168c-4e5d-822f-b5acc277bde2/datanode-2/data/containers] WARN  fs.CachingGetSpaceUsed (CachingGetSpaceUsed.java:run(183)) - Thread Interrupted waiting to refresh disk information: sleep interrupted
2019-09-26 16:46:10,955 [ForkJoinPool.commonPool-worker-0] INFO  utils.BackgroundService (BackgroundService.java:shutdown(148)) - Shutting down service BlockDeletingService
2019-09-26 16:46:10,962 [ForkJoinPool.commonPool-worker-0] INFO  statemachine.DatanodeStateMachine (DatanodeStateMachine.java:stopDaemon(395)) - Ozone container server stopped.
2019-09-26 16:46:10,967 [ForkJoinPool.commonPool-worker-0] INFO  handler.ContextHandler (ContextHandler.java:doStop(910)) - Stopped o.e.j.w.WebAppContext@7a36c83a{/,null,UNAVAILABLE}{/hddsDatanode}
2019-09-26 16:46:10,968 [ForkJoinPool.commonPool-worker-0] INFO  server.AbstractConnector (AbstractConnector.java:doStop(318)) - Stopped ServerConnector@154b8cb6{HTTP/1.1,[http/1.1]}{0.0.0.0:0}
2019-09-26 16:46:10,970 [ForkJoinPool.commonPool-worker-0] INFO  handler.ContextHandler (ContextHandler.java:doStop(910)) - Stopped o.e.j.s.ServletContextHandler@1bee0085{/static,jar:file:/home/user/.m2/repository/org/apache/hadoop/hadoop-hdds-container-service/0.5.0-SNAPSHOT/hadoop-hdds-container-service-0.5.0-SNAPSHOT.jar!/webapps/static,UNAVAILABLE}
2019-09-26 16:46:10,971 [ForkJoinPool.commonPool-worker-0] INFO  handler.ContextHandler (ContextHandler.java:doStop(910)) - Stopped o.e.j.s.ServletContextHandler@27e44e9c{/logs,file:///workdir/hadoop-ozone/integration-test/target/log,UNAVAILABLE}
2019-09-26 16:46:10,973 [main] INFO  utils.BackgroundService (BackgroundService.java:shutdown(148)) - Shutting down service BlockDeletingService
2019-09-26 16:46:10,978 [main] INFO  statemachine.DatanodeStateMachine (DatanodeStateMachine.java:stopDaemon(395)) - Ozone container server stopped.
2019-09-26 16:46:10,979 [main] INFO  handler.ContextHandler (ContextHandler.java:doStop(910)) - Stopped o.e.j.w.WebAppContext@165614f5{/,null,UNAVAILABLE}{/hddsDatanode}
2019-09-26 16:46:10,980 [main] INFO  server.AbstractConnector (AbstractConnector.java:doStop(318)) - Stopped ServerConnector@6e685e6c{HTTP/1.1,[http/1.1]}{0.0.0.0:0}
2019-09-26 16:46:10,980 [main] INFO  handler.ContextHandler (ContextHandler.java:doStop(910)) - Stopped o.e.j.s.ServletContextHandler@68bd8ca7{/static,jar:file:/home/user/.m2/repository/org/apache/hadoop/hadoop-hdds-container-service/0.5.0-SNAPSHOT/hadoop-hdds-container-service-0.5.0-SNAPSHOT.jar!/webapps/static,UNAVAILABLE}
2019-09-26 16:46:10,980 [main] INFO  handler.ContextHandler (ContextHandler.java:doStop(910)) - Stopped o.e.j.s.ServletContextHandler@65593327{/logs,file:///workdir/hadoop-ozone/integration-test/target/log,UNAVAILABLE}
2019-09-26 16:46:11,275 [Datanode State Machine Thread - 0] INFO  statemachine.DatanodeStateMachine (DatanodeStateMachine.java:lambda$startDaemon$0(350)) - Ozone container server started.
2019-09-26 16:46:11,383 [grpc-default-executor-5] WARN  server.GrpcLogAppender (LogUtils.java:warn(134)) - 14d6961c-3415-464e-9dd6-39423b85916c@group-9DD2DA11086B->31eb9216-6704-4cc2-a524-a91f43cc4ef7-AppendLogResponseHandler: Failed appendEntries: org.apache.ratis.thirdparty.io.grpc.StatusRuntimeException: UNAVAILABLE: io exception
2019-09-26 16:46:11,384 [grpc-default-executor-5] INFO  impl.FollowerInfo (FollowerInfo.java:lambda$new$0(51)) - 14d6961c-3415-464e-9dd6-39423b85916c@group-9DD2DA11086B->31eb9216-6704-4cc2-a524-a91f43cc4ef7: nextIndex: updateUnconditionally 0 -> 0
2019-09-26 16:46:11,741 [Datanode State Machine Thread - 0] INFO  statemachine.DatanodeStateMachine (DatanodeStateMachine.java:lambda$startDaemon$0(350)) - Ozone container server started.
2019-09-26 16:46:11,882 [grpc-default-executor-4] WARN  server.GrpcLogAppender (LogUtils.java:warn(134)) - 14d6961c-3415-464e-9dd6-39423b85916c@group-9DD2DA11086B->31eb9216-6704-4cc2-a524-a91f43cc4ef7-AppendLogResponseHandler: Failed appendEntries: org.apache.ratis.thirdparty.io.grpc.StatusRuntimeException: UNAVAILABLE: io exception
2019-09-26 16:46:11,883 [grpc-default-executor-4] INFO  impl.FollowerInfo (FollowerInfo.java:lambda$new$0(51)) - 14d6961c-3415-464e-9dd6-39423b85916c@group-9DD2DA11086B->31eb9216-6704-4cc2-a524-a91f43cc4ef7: nextIndex: updateUnconditionally 0 -> 0
2019-09-26 16:46:11,962 [Thread-8000] INFO  impl.FollowerState (FollowerState.java:run(106)) - b3b856ac-1ab1-4d7f-a378-339434076e6f:group-8ED6358F0D74 changes to CANDIDATE, lastRpcTime:1081, electionTimeout:1035ms
2019-09-26 16:46:11,962 [Thread-8000] INFO  impl.RoleInfo (RoleInfo.java:shutdownFollowerState(121)) - b3b856ac-1ab1-4d7f-a378-339434076e6f: shutdown FollowerState
2019-09-26 16:46:11,962 [Thread-8000] INFO  impl.RaftServerImpl (RaftServerImpl.java:setRole(174)) - b3b856ac-1ab1-4d7f-a378-339434076e6f@group-8ED6358F0D74: changes role from  FOLLOWER to CANDIDATE at term 2 for changeToCandidate
2019-09-26 16:46:11,963 [Thread-8000] INFO  impl.RoleInfo (RoleInfo.java:updateAndGet(143)) - b3b856ac-1ab1-4d7f-a378-339434076e6f: start LeaderElection
2019-09-26 16:46:11,968 [b3b856ac-1ab1-4d7f-a378-339434076e6f@group-8ED6358F0D74:LeaderElection102] INFO  impl.RaftServerImpl (ServerState.java:setLeader(253)) - b3b856ac-1ab1-4d7f-a378-339434076e6f@group-8ED6358F0D74: change Leader from 16d11c64-a500-4b3c-99b4-e07456a37d86 to null at term 2 for initElection
2019-09-26 16:46:11,991 [b3b856ac-1ab1-4d7f-a378-339434076e6f@group-8ED6358F0D74:LeaderElection102] INFO  impl.LeaderElection (LeaderElection.java:askForVotes(182)) - b3b856ac-1ab1-4d7f-a378-339434076e6f@group-8ED6358F0D74:LeaderElection102: begin an election at term 3 for 0: [d33b97c7-2f19-4eba-ab29-dbf55e8d730b:192.168.157.234:40702, 16d11c64-a500-4b3c-99b4-e07456a37d86:192.168.157.234:36011, b3b856ac-1ab1-4d7f-a378-339434076e6f:192.168.157.234:36563], old=null
2019-09-26 16:46:11,993 [b3b856ac-1ab1-4d7f-a378-339434076e6f@group-8ED6358F0D74:LeaderElection102] INFO  impl.LeaderElection (LogUtils.java:infoOrTrace(149)) - b3b856ac-1ab1-4d7f-a378-339434076e6f@group-8ED6358F0D74:LeaderElection102 got exception when requesting votes: {}
java.util.concurrent.ExecutionException: org.apache.ratis.thirdparty.io.grpc.StatusRuntimeException: UNAVAILABLE: io exception
	at java.util.concurrent.FutureTask.report(FutureTask.java:122)
	at java.util.concurrent.FutureTask.get(FutureTask.java:192)
	at org.apache.ratis.server.impl.LeaderElection.waitForResults(LeaderElection.java:263)
	at org.apache.ratis.server.impl.LeaderElection.askForVotes(LeaderElection.java:201)
	at org.apache.ratis.server.impl.LeaderElection.run(LeaderElection.java:133)
	at java.lang.Thread.run(Thread.java:748)
Caused by: org.apache.ratis.thirdparty.io.grpc.StatusRuntimeException: UNAVAILABLE: io exception
	at org.apache.ratis.thirdparty.io.grpc.stub.ClientCalls.toStatusRuntimeException(ClientCalls.java:233)
	at org.apache.ratis.thirdparty.io.grpc.stub.ClientCalls.getUnchecked(ClientCalls.java:214)
	at org.apache.ratis.thirdparty.io.grpc.stub.ClientCalls.blockingUnaryCall(ClientCalls.java:139)
	at org.apache.ratis.proto.grpc.RaftServerProtocolServiceGrpc$RaftServerProtocolServiceBlockingStub.requestVote(RaftServerProtocolServiceGrpc.java:265)
	at org.apache.ratis.grpc.server.GrpcServerProtocolClient.requestVote(GrpcServerProtocolClient.java:90)
	at org.apache.ratis.grpc.server.GrpcService.requestVote(GrpcService.java:204)
	at org.apache.ratis.server.impl.LeaderElection.lambda$submitRequests$1(LeaderElection.java:238)
	at java.util.concurrent.FutureTask.run(FutureTask.java:266)
	at java.util.concurrent.Executors$RunnableAdapter.call(Executors.java:511)
	at java.util.concurrent.FutureTask.run(FutureTask.java:266)
	at java.util.concurrent.ThreadPoolExecutor.runWorker(ThreadPoolExecutor.java:1149)
	at java.util.concurrent.ThreadPoolExecutor$Worker.run(ThreadPoolExecutor.java:624)
	... 1 more
Caused by: org.apache.ratis.thirdparty.io.netty.channel.AbstractChannel$AnnotatedConnectException: Connection refused: /192.168.157.234:36011
	at sun.nio.ch.SocketChannelImpl.checkConnect(Native Method)
	at sun.nio.ch.SocketChannelImpl.finishConnect(SocketChannelImpl.java:717)
	at org.apache.ratis.thirdparty.io.netty.channel.socket.nio.NioSocketChannel.doFinishConnect(NioSocketChannel.java:327)
	at org.apache.ratis.thirdparty.io.netty.channel.nio.AbstractNioChannel$AbstractNioUnsafe.finishConnect(AbstractNioChannel.java:340)
	at org.apache.ratis.thirdparty.io.netty.channel.nio.NioEventLoop.processSelectedKey(NioEventLoop.java:632)
	at org.apache.ratis.thirdparty.io.netty.channel.nio.NioEventLoop.processSelectedKeysOptimized(NioEventLoop.java:579)
	at org.apache.ratis.thirdparty.io.netty.channel.nio.NioEventLoop.processSelectedKeys(NioEventLoop.java:496)
	at org.apache.ratis.thirdparty.io.netty.channel.nio.NioEventLoop.run(NioEventLoop.java:458)
	at org.apache.ratis.thirdparty.io.netty.util.concurrent.SingleThreadEventExecutor$5.run(SingleThreadEventExecutor.java:897)
	at org.apache.ratis.thirdparty.io.netty.util.concurrent.FastThreadLocalRunnable.run(FastThreadLocalRunnable.java:30)
	... 1 more
Caused by: java.net.ConnectException: Connection refused
	... 11 more
2019-09-26 16:46:11,998 [grpc-default-executor-4] INFO  impl.RaftServerImpl (ServerState.java:setLeader(253)) - d33b97c7-2f19-4eba-ab29-dbf55e8d730b@group-8ED6358F0D74: change Leader from 16d11c64-a500-4b3c-99b4-e07456a37d86 to null at term 3 for updateCurrentTerm
2019-09-26 16:46:11,998 [grpc-default-executor-4] INFO  impl.RaftServerImpl (RaftServerImpl.java:setRole(174)) - d33b97c7-2f19-4eba-ab29-dbf55e8d730b@group-8ED6358F0D74: changes role from  FOLLOWER to FOLLOWER at term 3 for recognizeCandidate:b3b856ac-1ab1-4d7f-a378-339434076e6f
2019-09-26 16:46:11,998 [grpc-default-executor-4] INFO  impl.RoleInfo (RoleInfo.java:shutdownFollowerState(121)) - d33b97c7-2f19-4eba-ab29-dbf55e8d730b: shutdown FollowerState
2019-09-26 16:46:11,999 [grpc-default-executor-4] INFO  impl.RoleInfo (RoleInfo.java:updateAndGet(143)) - d33b97c7-2f19-4eba-ab29-dbf55e8d730b: start FollowerState
2019-09-26 16:46:11,999 [Thread-8001] INFO  impl.FollowerState (FollowerState.java:run(115)) - d33b97c7-2f19-4eba-ab29-dbf55e8d730b: FollowerState was interrupted: java.lang.InterruptedException: sleep interrupted
2019-09-26 16:46:12,015 [b3b856ac-1ab1-4d7f-a378-339434076e6f@group-8ED6358F0D74:LeaderElection102] INFO  impl.LeaderElection (LeaderElection.java:logAndReturn(56)) - b3b856ac-1ab1-4d7f-a378-339434076e6f@group-8ED6358F0D74:LeaderElection102: Election PASSED; received 1 response(s) [b3b856ac-1ab1-4d7f-a378-339434076e6f<-d33b97c7-2f19-4eba-ab29-dbf55e8d730b#0:OK-t3] and 1 exception(s); b3b856ac-1ab1-4d7f-a378-339434076e6f@group-8ED6358F0D74:t3, leader=null, voted=b3b856ac-1ab1-4d7f-a378-339434076e6f, raftlog=b3b856ac-1ab1-4d7f-a378-339434076e6f@group-8ED6358F0D74-SegmentedRaftLog:OPENED:c0,f0,i0, conf=0: [d33b97c7-2f19-4eba-ab29-dbf55e8d730b:192.168.157.234:40702, 16d11c64-a500-4b3c-99b4-e07456a37d86:192.168.157.234:36011, b3b856ac-1ab1-4d7f-a378-339434076e6f:192.168.157.234:36563], old=null
2019-09-26 16:46:12,015 [b3b856ac-1ab1-4d7f-a378-339434076e6f@group-8ED6358F0D74:LeaderElection102] INFO  impl.LeaderElection (LogUtils.java:infoOrTrace(149)) -   Exception 0: {}
java.util.concurrent.ExecutionException: org.apache.ratis.thirdparty.io.grpc.StatusRuntimeException: UNAVAILABLE: io exception
	at java.util.concurrent.FutureTask.report(FutureTask.java:122)
	at java.util.concurrent.FutureTask.get(FutureTask.java:192)
	at org.apache.ratis.server.impl.LeaderElection.waitForResults(LeaderElection.java:263)
	at org.apache.ratis.server.impl.LeaderElection.askForVotes(LeaderElection.java:201)
	at org.apache.ratis.server.impl.LeaderElection.run(LeaderElection.java:133)
	at java.lang.Thread.run(Thread.java:748)
Caused by: org.apache.ratis.thirdparty.io.grpc.StatusRuntimeException: UNAVAILABLE: io exception
	at org.apache.ratis.thirdparty.io.grpc.stub.ClientCalls.toStatusRuntimeException(ClientCalls.java:233)
	at org.apache.ratis.thirdparty.io.grpc.stub.ClientCalls.getUnchecked(ClientCalls.java:214)
	at org.apache.ratis.thirdparty.io.grpc.stub.ClientCalls.blockingUnaryCall(ClientCalls.java:139)
	at org.apache.ratis.proto.grpc.RaftServerProtocolServiceGrpc$RaftServerProtocolServiceBlockingStub.requestVote(RaftServerProtocolServiceGrpc.java:265)
	at org.apache.ratis.grpc.server.GrpcServerProtocolClient.requestVote(GrpcServerProtocolClient.java:90)
	at org.apache.ratis.grpc.server.GrpcService.requestVote(GrpcService.java:204)
	at org.apache.ratis.server.impl.LeaderElection.lambda$submitRequests$1(LeaderElection.java:238)
	at java.util.concurrent.FutureTask.run(FutureTask.java:266)
	at java.util.concurrent.Executors$RunnableAdapter.call(Executors.java:511)
	at java.util.concurrent.FutureTask.run(FutureTask.java:266)
	at java.util.concurrent.ThreadPoolExecutor.runWorker(ThreadPoolExecutor.java:1149)
	at java.util.concurrent.ThreadPoolExecutor$Worker.run(ThreadPoolExecutor.java:624)
	... 1 more
Caused by: org.apache.ratis.thirdparty.io.netty.channel.AbstractChannel$AnnotatedConnectException: Connection refused: /192.168.157.234:36011
	at sun.nio.ch.SocketChannelImpl.checkConnect(Native Method)
	at sun.nio.ch.SocketChannelImpl.finishConnect(SocketChannelImpl.java:717)
	at org.apache.ratis.thirdparty.io.netty.channel.socket.nio.NioSocketChannel.doFinishConnect(NioSocketChannel.java:327)
	at org.apache.ratis.thirdparty.io.netty.channel.nio.AbstractNioChannel$AbstractNioUnsafe.finishConnect(AbstractNioChannel.java:340)
	at org.apache.ratis.thirdparty.io.netty.channel.nio.NioEventLoop.processSelectedKey(NioEventLoop.java:632)
	at org.apache.ratis.thirdparty.io.netty.channel.nio.NioEventLoop.processSelectedKeysOptimized(NioEventLoop.java:579)
	at org.apache.ratis.thirdparty.io.netty.channel.nio.NioEventLoop.processSelectedKeys(NioEventLoop.java:496)
	at org.apache.ratis.thirdparty.io.netty.channel.nio.NioEventLoop.run(NioEventLoop.java:458)
	at org.apache.ratis.thirdparty.io.netty.util.concurrent.SingleThreadEventExecutor$5.run(SingleThreadEventExecutor.java:897)
	at org.apache.ratis.thirdparty.io.netty.util.concurrent.FastThreadLocalRunnable.run(FastThreadLocalRunnable.java:30)
	... 1 more
Caused by: java.net.ConnectException: Connection refused
	... 11 more
2019-09-26 16:46:12,015 [b3b856ac-1ab1-4d7f-a378-339434076e6f@group-8ED6358F0D74:LeaderElection102] INFO  impl.RoleInfo (RoleInfo.java:shutdownLeaderElection(134)) - b3b856ac-1ab1-4d7f-a378-339434076e6f: shutdown LeaderElection
2019-09-26 16:46:12,015 [b3b856ac-1ab1-4d7f-a378-339434076e6f@group-8ED6358F0D74:LeaderElection102] INFO  impl.RaftServerImpl (RaftServerImpl.java:setRole(174)) - b3b856ac-1ab1-4d7f-a378-339434076e6f@group-8ED6358F0D74: changes role from CANDIDATE to LEADER at term 3 for changeToLeader
2019-09-26 16:46:12,016 [b3b856ac-1ab1-4d7f-a378-339434076e6f@group-8ED6358F0D74:LeaderElection102] INFO  impl.RaftServerImpl (ServerState.java:setLeader(253)) - b3b856ac-1ab1-4d7f-a378-339434076e6f@group-8ED6358F0D74: change Leader from null to b3b856ac-1ab1-4d7f-a378-339434076e6f at term 3 for becomeLeader, leader elected after 47ms
2019-09-26 16:46:12,016 [b3b856ac-1ab1-4d7f-a378-339434076e6f@group-8ED6358F0D74:LeaderElection102] INFO  server.RaftServerConfigKeys (ConfUtils.java:logGet(43)) - raft.server.staging.catchup.gap = 1000 (default)
2019-09-26 16:46:12,016 [b3b856ac-1ab1-4d7f-a378-339434076e6f@group-8ED6358F0D74:LeaderElection102] INFO  server.RaftServerConfigKeys (ConfUtils.java:logGet(43)) - raft.server.rpc.sleep.time = 25ms (default)
2019-09-26 16:46:12,016 [b3b856ac-1ab1-4d7f-a378-339434076e6f@group-8ED6358F0D74:LeaderElection102] INFO  server.RaftServerConfigKeys (ConfUtils.java:logGet(43)) - raft.server.write.element-limit = 4096 (default)
2019-09-26 16:46:12,016 [b3b856ac-1ab1-4d7f-a378-339434076e6f@group-8ED6358F0D74:LeaderElection102] INFO  server.RaftServerConfigKeys (ConfUtils.java:logGet(43)) - raft.server.watch.timeout = 10s (default)
2019-09-26 16:46:12,017 [b3b856ac-1ab1-4d7f-a378-339434076e6f@group-8ED6358F0D74:LeaderElection102] INFO  server.RaftServerConfigKeys (ConfUtils.java:logGet(43)) - raft.server.watch.timeout.denomination = 1s (default)
2019-09-26 16:46:12,017 [b3b856ac-1ab1-4d7f-a378-339434076e6f@group-8ED6358F0D74:LeaderElection102] INFO  server.RaftServerConfigKeys (ConfUtils.java:logGet(43)) - raft.server.watch.element-limit = 65536 (default)
2019-09-26 16:46:12,019 [b3b856ac-1ab1-4d7f-a378-339434076e6f@group-8ED6358F0D74:LeaderElection102] INFO  server.RaftServerConfigKeys (ConfUtils.java:logGet(43)) - raft.server.log.appender.snapshot.chunk.size.max = 16MB (=16777216) (default)
2019-09-26 16:46:12,020 [b3b856ac-1ab1-4d7f-a378-339434076e6f@group-8ED6358F0D74:LeaderElection102] INFO  server.RaftServerConfigKeys (ConfUtils.java:logGet(43)) - raft.server.log.appender.buffer.byte-limit = 33554432 (custom)
2019-09-26 16:46:12,020 [b3b856ac-1ab1-4d7f-a378-339434076e6f@group-8ED6358F0D74:LeaderElection102] INFO  server.RaftServerConfigKeys (ConfUtils.java:logGet(43)) - raft.server.log.appender.buffer.element-limit = 1 (custom)
2019-09-26 16:46:12,020 [b3b856ac-1ab1-4d7f-a378-339434076e6f@group-8ED6358F0D74:LeaderElection102] INFO  grpc.GrpcConfigKeys$Server (ConfUtils.java:logGet(43)) - raft.grpc.server.leader.outstanding.appends.max = 128 (default)
2019-09-26 16:46:12,020 [b3b856ac-1ab1-4d7f-a378-339434076e6f@group-8ED6358F0D74:LeaderElection102] INFO  server.RaftServerConfigKeys (ConfUtils.java:logGet(43)) - raft.server.rpc.request.timeout = 3000ms (default)
2019-09-26 16:46:12,021 [b3b856ac-1ab1-4d7f-a378-339434076e6f@group-8ED6358F0D74:LeaderElection102] INFO  server.RaftServerConfigKeys (ConfUtils.java:logGet(43)) - raft.server.log.appender.install.snapshot.enabled = false (custom)
2019-09-26 16:46:12,021 [b3b856ac-1ab1-4d7f-a378-339434076e6f@group-8ED6358F0D74:LeaderElection102] INFO  server.RaftServerConfigKeys (ConfUtils.java:logGet(43)) - raft.server.log.appender.snapshot.chunk.size.max = 16MB (=16777216) (default)
2019-09-26 16:46:12,021 [b3b856ac-1ab1-4d7f-a378-339434076e6f@group-8ED6358F0D74:LeaderElection102] INFO  server.RaftServerConfigKeys (ConfUtils.java:logGet(43)) - raft.server.log.appender.buffer.byte-limit = 33554432 (custom)
2019-09-26 16:46:12,021 [b3b856ac-1ab1-4d7f-a378-339434076e6f@group-8ED6358F0D74:LeaderElection102] INFO  server.RaftServerConfigKeys (ConfUtils.java:logGet(43)) - raft.server.log.appender.buffer.element-limit = 1 (custom)
2019-09-26 16:46:12,021 [b3b856ac-1ab1-4d7f-a378-339434076e6f@group-8ED6358F0D74:LeaderElection102] INFO  grpc.GrpcConfigKeys$Server (ConfUtils.java:logGet(43)) - raft.grpc.server.leader.outstanding.appends.max = 128 (default)
2019-09-26 16:46:12,022 [b3b856ac-1ab1-4d7f-a378-339434076e6f@group-8ED6358F0D74:LeaderElection102] INFO  server.RaftServerConfigKeys (ConfUtils.java:logGet(43)) - raft.server.rpc.request.timeout = 3000ms (default)
2019-09-26 16:46:12,022 [b3b856ac-1ab1-4d7f-a378-339434076e6f@group-8ED6358F0D74:LeaderElection102] INFO  server.RaftServerConfigKeys (ConfUtils.java:logGet(43)) - raft.server.log.appender.install.snapshot.enabled = false (custom)
2019-09-26 16:46:12,022 [b3b856ac-1ab1-4d7f-a378-339434076e6f@group-8ED6358F0D74:LeaderElection102] INFO  impl.RoleInfo (RoleInfo.java:updateAndGet(143)) - b3b856ac-1ab1-4d7f-a378-339434076e6f: start LeaderState
2019-09-26 16:46:12,023 [b3b856ac-1ab1-4d7f-a378-339434076e6f@group-8ED6358F0D74:LeaderElection102] INFO  segmented.SegmentedRaftLogWorker (SegmentedRaftLogWorker.java:rollLogSegment(385)) - b3b856ac-1ab1-4d7f-a378-339434076e6f@group-8ED6358F0D74-SegmentedRaftLogWorker: Rolling segment log-0_0 to index:0
2019-09-26 16:46:12,024 [b3b856ac-1ab1-4d7f-a378-339434076e6f@group-8ED6358F0D74-SegmentedRaftLogWorker] INFO  segmented.SegmentedRaftLogWorker (SegmentedRaftLogWorker.java:execute(526)) - b3b856ac-1ab1-4d7f-a378-339434076e6f@group-8ED6358F0D74-SegmentedRaftLogWorker: Rolled log segment from /workdir/hadoop-ozone/integration-test/target/test-dir/MiniOzoneClusterImpl-2d738554-168c-4e5d-822f-b5acc277bde2/datanode-4/data/ratis/e215c565-a85f-4b8b-9ef9-8ed6358f0d74/current/log_inprogress_0 to /workdir/hadoop-ozone/integration-test/target/test-dir/MiniOzoneClusterImpl-2d738554-168c-4e5d-822f-b5acc277bde2/datanode-4/data/ratis/e215c565-a85f-4b8b-9ef9-8ed6358f0d74/current/log_0-0
2019-09-26 16:46:12,042 [grpc-default-executor-4] WARN  server.GrpcLogAppender (LogUtils.java:warn(134)) - b3b856ac-1ab1-4d7f-a378-339434076e6f@group-8ED6358F0D74->16d11c64-a500-4b3c-99b4-e07456a37d86-AppendLogResponseHandler: Failed appendEntries: org.apache.ratis.thirdparty.io.grpc.StatusRuntimeException: UNAVAILABLE: io exception
2019-09-26 16:46:12,042 [b3b856ac-1ab1-4d7f-a378-339434076e6f@group-8ED6358F0D74:LeaderElection102] INFO  impl.RaftServerImpl (ServerState.java:setRaftConf(354)) - b3b856ac-1ab1-4d7f-a378-339434076e6f@group-8ED6358F0D74: set configuration 1: [d33b97c7-2f19-4eba-ab29-dbf55e8d730b:192.168.157.234:40702, 16d11c64-a500-4b3c-99b4-e07456a37d86:192.168.157.234:36011, b3b856ac-1ab1-4d7f-a378-339434076e6f:192.168.157.234:36563], old=null at 1
2019-09-26 16:46:12,049 [grpc-default-executor-4] INFO  impl.FollowerInfo (FollowerInfo.java:lambda$new$0(51)) - b3b856ac-1ab1-4d7f-a378-339434076e6f@group-8ED6358F0D74->16d11c64-a500-4b3c-99b4-e07456a37d86: nextIndex: updateUnconditionally 1 -> 0
2019-09-26 16:46:12,050 [grpc-default-executor-0] INFO  impl.RaftServerImpl (ServerState.java:setLeader(253)) - d33b97c7-2f19-4eba-ab29-dbf55e8d730b@group-8ED6358F0D74: change Leader from null to b3b856ac-1ab1-4d7f-a378-339434076e6f at term 3 for appendEntries, leader elected after 51ms
2019-09-26 16:46:12,053 [grpc-default-executor-0] INFO  impl.RaftServerImpl (ServerState.java:setRaftConf(354)) - d33b97c7-2f19-4eba-ab29-dbf55e8d730b@group-8ED6358F0D74: set configuration 1: [d33b97c7-2f19-4eba-ab29-dbf55e8d730b:192.168.157.234:40702, 16d11c64-a500-4b3c-99b4-e07456a37d86:192.168.157.234:36011, b3b856ac-1ab1-4d7f-a378-339434076e6f:192.168.157.234:36563], old=null at 1
2019-09-26 16:46:12,053 [grpc-default-executor-0] INFO  segmented.SegmentedRaftLogWorker (SegmentedRaftLogWorker.java:rollLogSegment(385)) - d33b97c7-2f19-4eba-ab29-dbf55e8d730b@group-8ED6358F0D74-SegmentedRaftLogWorker: Rolling segment log-0_0 to index:0
2019-09-26 16:46:12,054 [d33b97c7-2f19-4eba-ab29-dbf55e8d730b@group-8ED6358F0D74-SegmentedRaftLogWorker] INFO  segmented.SegmentedRaftLogWorker (SegmentedRaftLogWorker.java:execute(526)) - d33b97c7-2f19-4eba-ab29-dbf55e8d730b@group-8ED6358F0D74-SegmentedRaftLogWorker: Rolled log segment from /workdir/hadoop-ozone/integration-test/target/test-dir/MiniOzoneClusterImpl-2d738554-168c-4e5d-822f-b5acc277bde2/datanode-8/data/ratis/e215c565-a85f-4b8b-9ef9-8ed6358f0d74/current/log_inprogress_0 to /workdir/hadoop-ozone/integration-test/target/test-dir/MiniOzoneClusterImpl-2d738554-168c-4e5d-822f-b5acc277bde2/datanode-8/data/ratis/e215c565-a85f-4b8b-9ef9-8ed6358f0d74/current/log_0-0
2019-09-26 16:46:12,078 [b3b856ac-1ab1-4d7f-a378-339434076e6f@group-8ED6358F0D74-SegmentedRaftLogWorker] INFO  segmented.SegmentedRaftLogWorker (SegmentedRaftLogWorker.java:execute(569)) - b3b856ac-1ab1-4d7f-a378-339434076e6f@group-8ED6358F0D74-SegmentedRaftLogWorker: created new log segment /workdir/hadoop-ozone/integration-test/target/test-dir/MiniOzoneClusterImpl-2d738554-168c-4e5d-822f-b5acc277bde2/datanode-4/data/ratis/e215c565-a85f-4b8b-9ef9-8ed6358f0d74/current/log_inprogress_1
2019-09-26 16:46:12,078 [d33b97c7-2f19-4eba-ab29-dbf55e8d730b@group-8ED6358F0D74-SegmentedRaftLogWorker] INFO  segmented.SegmentedRaftLogWorker (SegmentedRaftLogWorker.java:execute(569)) - d33b97c7-2f19-4eba-ab29-dbf55e8d730b@group-8ED6358F0D74-SegmentedRaftLogWorker: created new log segment /workdir/hadoop-ozone/integration-test/target/test-dir/MiniOzoneClusterImpl-2d738554-168c-4e5d-822f-b5acc277bde2/datanode-8/data/ratis/e215c565-a85f-4b8b-9ef9-8ed6358f0d74/current/log_inprogress_1
2019-09-26 16:46:12,095 [grpc-default-executor-4] WARN  server.GrpcLogAppender (LogUtils.java:warn(134)) - b3b856ac-1ab1-4d7f-a378-339434076e6f@group-8ED6358F0D74->16d11c64-a500-4b3c-99b4-e07456a37d86-AppendLogResponseHandler: Failed appendEntries: org.apache.ratis.thirdparty.io.grpc.StatusRuntimeException: UNAVAILABLE: io exception
2019-09-26 16:46:12,096 [grpc-default-executor-4] INFO  impl.FollowerInfo (FollowerInfo.java:lambda$new$0(51)) - b3b856ac-1ab1-4d7f-a378-339434076e6f@group-8ED6358F0D74->16d11c64-a500-4b3c-99b4-e07456a37d86: nextIndex: updateUnconditionally 1 -> 0
2019-09-26 16:46:12,106 [grpc-default-executor-5] WARN  server.GrpcLogAppender (LogUtils.java:warn(134)) - b3b856ac-1ab1-4d7f-a378-339434076e6f@group-8ED6358F0D74->16d11c64-a500-4b3c-99b4-e07456a37d86-AppendLogResponseHandler: Failed appendEntries: org.apache.ratis.thirdparty.io.grpc.StatusRuntimeException: UNAVAILABLE: io exception
2019-09-26 16:46:12,106 [grpc-default-executor-5] INFO  impl.FollowerInfo (FollowerInfo.java:lambda$new$0(51)) - b3b856ac-1ab1-4d7f-a378-339434076e6f@group-8ED6358F0D74->16d11c64-a500-4b3c-99b4-e07456a37d86: nextIndex: updateUnconditionally 1 -> 0
2019-09-26 16:46:12,383 [grpc-default-executor-0] WARN  server.GrpcLogAppender (LogUtils.java:warn(134)) - 14d6961c-3415-464e-9dd6-39423b85916c@group-9DD2DA11086B->31eb9216-6704-4cc2-a524-a91f43cc4ef7-AppendLogResponseHandler: Failed appendEntries: org.apache.ratis.thirdparty.io.grpc.StatusRuntimeException: UNAVAILABLE: io exception
2019-09-26 16:46:12,384 [grpc-default-executor-0] INFO  impl.FollowerInfo (FollowerInfo.java:lambda$new$0(51)) - 14d6961c-3415-464e-9dd6-39423b85916c@group-9DD2DA11086B->31eb9216-6704-4cc2-a524-a91f43cc4ef7: nextIndex: updateUnconditionally 0 -> 0
2019-09-26 16:46:12,615 [grpc-default-executor-2] WARN  server.GrpcLogAppender (LogUtils.java:warn(134)) - b3b856ac-1ab1-4d7f-a378-339434076e6f@group-8ED6358F0D74->16d11c64-a500-4b3c-99b4-e07456a37d86-AppendLogResponseHandler: Failed appendEntries: org.apache.ratis.thirdparty.io.grpc.StatusRuntimeException: UNAVAILABLE: io exception
2019-09-26 16:46:12,615 [grpc-default-executor-2] INFO  impl.FollowerInfo (FollowerInfo.java:lambda$new$0(51)) - b3b856ac-1ab1-4d7f-a378-339434076e6f@group-8ED6358F0D74->16d11c64-a500-4b3c-99b4-e07456a37d86: nextIndex: updateUnconditionally 0 -> 0
2019-09-26 16:46:12,884 [grpc-default-executor-0] WARN  server.GrpcLogAppender (LogUtils.java:warn(134)) - 14d6961c-3415-464e-9dd6-39423b85916c@group-9DD2DA11086B->31eb9216-6704-4cc2-a524-a91f43cc4ef7-AppendLogResponseHandler: Failed appendEntries: org.apache.ratis.thirdparty.io.grpc.StatusRuntimeException: UNAVAILABLE: io exception
2019-09-26 16:46:12,884 [grpc-default-executor-0] INFO  impl.FollowerInfo (FollowerInfo.java:lambda$new$0(51)) - 14d6961c-3415-464e-9dd6-39423b85916c@group-9DD2DA11086B->31eb9216-6704-4cc2-a524-a91f43cc4ef7: nextIndex: updateUnconditionally 0 -> 0
2019-09-26 16:46:13,112 [grpc-default-executor-2] WARN  server.GrpcLogAppender (LogUtils.java:warn(134)) - b3b856ac-1ab1-4d7f-a378-339434076e6f@group-8ED6358F0D74->16d11c64-a500-4b3c-99b4-e07456a37d86-AppendLogResponseHandler: Failed appendEntries: org.apache.ratis.thirdparty.io.grpc.StatusRuntimeException: UNAVAILABLE: io exception
2019-09-26 16:46:13,112 [grpc-default-executor-2] INFO  impl.FollowerInfo (FollowerInfo.java:lambda$new$0(51)) - b3b856ac-1ab1-4d7f-a378-339434076e6f@group-8ED6358F0D74->16d11c64-a500-4b3c-99b4-e07456a37d86: nextIndex: updateUnconditionally 0 -> 0
2019-09-26 16:46:13,384 [grpc-default-executor-2] WARN  server.GrpcLogAppender (LogUtils.java:warn(134)) - 14d6961c-3415-464e-9dd6-39423b85916c@group-9DD2DA11086B->31eb9216-6704-4cc2-a524-a91f43cc4ef7-AppendLogResponseHandler: Failed appendEntries: org.apache.ratis.thirdparty.io.grpc.StatusRuntimeException: UNAVAILABLE: io exception
2019-09-26 16:46:13,385 [grpc-default-executor-2] INFO  impl.FollowerInfo (FollowerInfo.java:lambda$new$0(51)) - 14d6961c-3415-464e-9dd6-39423b85916c@group-9DD2DA11086B->31eb9216-6704-4cc2-a524-a91f43cc4ef7: nextIndex: updateUnconditionally 0 -> 0
2019-09-26 16:46:13,613 [grpc-default-executor-5] WARN  server.GrpcLogAppender (LogUtils.java:warn(134)) - b3b856ac-1ab1-4d7f-a378-339434076e6f@group-8ED6358F0D74->16d11c64-a500-4b3c-99b4-e07456a37d86-AppendLogResponseHandler: Failed appendEntries: org.apache.ratis.thirdparty.io.grpc.StatusRuntimeException: UNAVAILABLE: io exception
2019-09-26 16:46:13,613 [grpc-default-executor-5] INFO  impl.FollowerInfo (FollowerInfo.java:lambda$new$0(51)) - b3b856ac-1ab1-4d7f-a378-339434076e6f@group-8ED6358F0D74->16d11c64-a500-4b3c-99b4-e07456a37d86: nextIndex: updateUnconditionally 0 -> 0
2019-09-26 16:46:13,885 [grpc-default-executor-5] WARN  server.GrpcLogAppender (LogUtils.java:warn(134)) - 14d6961c-3415-464e-9dd6-39423b85916c@group-9DD2DA11086B->31eb9216-6704-4cc2-a524-a91f43cc4ef7-AppendLogResponseHandler: Failed appendEntries: org.apache.ratis.thirdparty.io.grpc.StatusRuntimeException: UNAVAILABLE: io exception
2019-09-26 16:46:13,885 [grpc-default-executor-5] INFO  impl.FollowerInfo (FollowerInfo.java:lambda$new$0(51)) - 14d6961c-3415-464e-9dd6-39423b85916c@group-9DD2DA11086B->31eb9216-6704-4cc2-a524-a91f43cc4ef7: nextIndex: updateUnconditionally 0 -> 0
2019-09-26 16:46:14,113 [grpc-default-executor-2] WARN  server.GrpcLogAppender (LogUtils.java:warn(134)) - b3b856ac-1ab1-4d7f-a378-339434076e6f@group-8ED6358F0D74->16d11c64-a500-4b3c-99b4-e07456a37d86-AppendLogResponseHandler: Failed appendEntries: org.apache.ratis.thirdparty.io.grpc.StatusRuntimeException: UNAVAILABLE: io exception
2019-09-26 16:46:14,113 [grpc-default-executor-2] INFO  impl.FollowerInfo (FollowerInfo.java:lambda$new$0(51)) - b3b856ac-1ab1-4d7f-a378-339434076e6f@group-8ED6358F0D74->16d11c64-a500-4b3c-99b4-e07456a37d86: nextIndex: updateUnconditionally 0 -> 0
2019-09-26 16:46:14,385 [grpc-default-executor-5] WARN  server.GrpcLogAppender (LogUtils.java:warn(134)) - 14d6961c-3415-464e-9dd6-39423b85916c@group-9DD2DA11086B->31eb9216-6704-4cc2-a524-a91f43cc4ef7-AppendLogResponseHandler: Failed appendEntries: org.apache.ratis.thirdparty.io.grpc.StatusRuntimeException: UNAVAILABLE: io exception
2019-09-26 16:46:14,385 [grpc-default-executor-5] INFO  impl.FollowerInfo (FollowerInfo.java:lambda$new$0(51)) - 14d6961c-3415-464e-9dd6-39423b85916c@group-9DD2DA11086B->31eb9216-6704-4cc2-a524-a91f43cc4ef7: nextIndex: updateUnconditionally 0 -> 0
2019-09-26 16:46:14,613 [grpc-default-executor-0] WARN  server.GrpcLogAppender (LogUtils.java:warn(134)) - b3b856ac-1ab1-4d7f-a378-339434076e6f@group-8ED6358F0D74->16d11c64-a500-4b3c-99b4-e07456a37d86-AppendLogResponseHandler: Failed appendEntries: org.apache.ratis.thirdparty.io.grpc.StatusRuntimeException: UNAVAILABLE: io exception
2019-09-26 16:46:14,613 [grpc-default-executor-0] INFO  impl.FollowerInfo (FollowerInfo.java:lambda$new$0(51)) - b3b856ac-1ab1-4d7f-a378-339434076e6f@group-8ED6358F0D74->16d11c64-a500-4b3c-99b4-e07456a37d86: nextIndex: updateUnconditionally 0 -> 0
2019-09-26 16:46:14,886 [grpc-default-executor-0] WARN  server.GrpcLogAppender (LogUtils.java:warn(134)) - 14d6961c-3415-464e-9dd6-39423b85916c@group-9DD2DA11086B->31eb9216-6704-4cc2-a524-a91f43cc4ef7-AppendLogResponseHandler: Failed appendEntries: org.apache.ratis.thirdparty.io.grpc.StatusRuntimeException: UNAVAILABLE: io exception
2019-09-26 16:46:14,886 [grpc-default-executor-0] INFO  impl.FollowerInfo (FollowerInfo.java:lambda$new$0(51)) - 14d6961c-3415-464e-9dd6-39423b85916c@group-9DD2DA11086B->31eb9216-6704-4cc2-a524-a91f43cc4ef7: nextIndex: updateUnconditionally 0 -> 0
2019-09-26 16:46:15,114 [grpc-default-executor-5] WARN  server.GrpcLogAppender (LogUtils.java:warn(134)) - b3b856ac-1ab1-4d7f-a378-339434076e6f@group-8ED6358F0D74->16d11c64-a500-4b3c-99b4-e07456a37d86-AppendLogResponseHandler: Failed appendEntries: org.apache.ratis.thirdparty.io.grpc.StatusRuntimeException: UNAVAILABLE: io exception
2019-09-26 16:46:15,115 [grpc-default-executor-5] INFO  impl.FollowerInfo (FollowerInfo.java:lambda$new$0(51)) - b3b856ac-1ab1-4d7f-a378-339434076e6f@group-8ED6358F0D74->16d11c64-a500-4b3c-99b4-e07456a37d86: nextIndex: updateUnconditionally 0 -> 0
2019-09-26 16:46:15,386 [grpc-default-executor-0] WARN  server.GrpcLogAppender (LogUtils.java:warn(134)) - 14d6961c-3415-464e-9dd6-39423b85916c@group-9DD2DA11086B->31eb9216-6704-4cc2-a524-a91f43cc4ef7-AppendLogResponseHandler: Failed appendEntries: org.apache.ratis.thirdparty.io.grpc.StatusRuntimeException: UNAVAILABLE: io exception
2019-09-26 16:46:15,386 [grpc-default-executor-0] INFO  impl.FollowerInfo (FollowerInfo.java:lambda$new$0(51)) - 14d6961c-3415-464e-9dd6-39423b85916c@group-9DD2DA11086B->31eb9216-6704-4cc2-a524-a91f43cc4ef7: nextIndex: updateUnconditionally 0 -> 0
2019-09-26 16:46:15,614 [grpc-default-executor-0] WARN  server.GrpcLogAppender (LogUtils.java:warn(134)) - b3b856ac-1ab1-4d7f-a378-339434076e6f@group-8ED6358F0D74->16d11c64-a500-4b3c-99b4-e07456a37d86-AppendLogResponseHandler: Failed appendEntries: org.apache.ratis.thirdparty.io.grpc.StatusRuntimeException: UNAVAILABLE: io exception
2019-09-26 16:46:15,614 [grpc-default-executor-0] INFO  impl.FollowerInfo (FollowerInfo.java:lambda$new$0(51)) - b3b856ac-1ab1-4d7f-a378-339434076e6f@group-8ED6358F0D74->16d11c64-a500-4b3c-99b4-e07456a37d86: nextIndex: updateUnconditionally 0 -> 0
2019-09-26 16:46:15,886 [grpc-default-executor-5] WARN  server.GrpcLogAppender (LogUtils.java:warn(134)) - 14d6961c-3415-464e-9dd6-39423b85916c@group-9DD2DA11086B->31eb9216-6704-4cc2-a524-a91f43cc4ef7-AppendLogResponseHandler: Failed appendEntries: org.apache.ratis.thirdparty.io.grpc.StatusRuntimeException: UNAVAILABLE: io exception
2019-09-26 16:46:15,887 [grpc-default-executor-5] INFO  impl.FollowerInfo (FollowerInfo.java:lambda$new$0(51)) - 14d6961c-3415-464e-9dd6-39423b85916c@group-9DD2DA11086B->31eb9216-6704-4cc2-a524-a91f43cc4ef7: nextIndex: updateUnconditionally 0 -> 0
2019-09-26 16:46:15,972 [ForkJoinPool.commonPool-worker-0] INFO  ozoneimpl.OzoneContainer (OzoneContainer.java:stop(231)) - Attempting to stop container services.
2019-09-26 16:46:15,973 [ForkJoinPool.commonPool-worker-0] INFO  impl.RaftServerProxy (RaftServerProxy.java:lambda$close$4(314)) - 59fe4627-77ba-4d6f-bbfd-1773d3bea00c: close
2019-09-26 16:46:15,973 [ForkJoinPool.commonPool-worker-0] INFO  impl.RaftServerImpl (RaftServerImpl.java:lambda$shutdown$3(251)) - 59fe4627-77ba-4d6f-bbfd-1773d3bea00c@group-F67703B41CB5: shutdown
2019-09-26 16:46:15,974 [ForkJoinPool.commonPool-worker-0] INFO  util.JmxRegister (JmxRegister.java:unregister(73)) - Successfully un-registered JMX Bean with object name Ratis:service=RaftServer,group=group-F67703B41CB5,id=59fe4627-77ba-4d6f-bbfd-1773d3bea00c
2019-09-26 16:46:15,974 [ForkJoinPool.commonPool-worker-0] INFO  impl.RoleInfo (RoleInfo.java:shutdownLeaderState(104)) - 59fe4627-77ba-4d6f-bbfd-1773d3bea00c: shutdown LeaderState
2019-09-26 16:46:15,981 [ForkJoinPool.commonPool-worker-0] INFO  impl.PendingRequests (PendingRequests.java:sendNotLeaderResponses(202)) - 59fe4627-77ba-4d6f-bbfd-1773d3bea00c-PendingRequests: sendNotLeaderResponses
2019-09-26 16:46:15,981 [org.apache.ratis.server.impl.LogAppender$AppenderDaemon$$Lambda$414/452738001@655ccdae] WARN  server.GrpcLogAppender (GrpcLogAppender.java:mayWait(143)) - 59fe4627-77ba-4d6f-bbfd-1773d3bea00c@group-F67703B41CB5->0ded38ee-67df-4068-adb8-539d3d8b400f-GrpcLogAppender: Wait interrupted by java.lang.InterruptedException
2019-09-26 16:46:15,981 [ForkJoinPool.commonPool-worker-0] INFO  impl.StateMachineUpdater (StateMachineUpdater.java:stopAndJoin(125)) - 59fe4627-77ba-4d6f-bbfd-1773d3bea00c@group-F67703B41CB5-StateMachineUpdater: set stopIndex = 0
2019-09-26 16:46:15,981 [org.apache.ratis.server.impl.LogAppender$AppenderDaemon$$Lambda$414/452738001@16dfa5c5] WARN  server.GrpcLogAppender (GrpcLogAppender.java:mayWait(143)) - 59fe4627-77ba-4d6f-bbfd-1773d3bea00c@group-F67703B41CB5->af201f12-6a5d-4f7c-8339-ef82b05a5091-GrpcLogAppender: Wait interrupted by java.lang.InterruptedException
2019-09-26 16:46:15,982 [grpc-default-executor-5] INFO  server.GrpcServerProtocolService (GrpcServerProtocolService.java:onCompleted(113)) - 0ded38ee-67df-4068-adb8-539d3d8b400f: Completed APPEND_ENTRIES, lastRequest: 59fe4627-77ba-4d6f-bbfd-1773d3bea00c->0ded38ee-67df-4068-adb8-539d3d8b400f#239-t1, previous=(t:1, i:0), leaderCommit=0, initializing? false, entries: <empty>
2019-09-26 16:46:15,982 [ForkJoinPool.commonPool-worker-0] INFO  impl.RaftServerImpl (ServerState.java:close(385)) - 59fe4627-77ba-4d6f-bbfd-1773d3bea00c@group-F67703B41CB5: closes. applyIndex: 0
2019-09-26 16:46:15,982 [main] INFO  ozoneimpl.OzoneContainer (OzoneContainer.java:stop(231)) - Attempting to stop container services.
2019-09-26 16:46:15,983 [59fe4627-77ba-4d6f-bbfd-1773d3bea00c@group-F67703B41CB5-SegmentedRaftLogWorker] INFO  segmented.SegmentedRaftLogWorker (SegmentedRaftLogWorker.java:run(313)) - 59fe4627-77ba-4d6f-bbfd-1773d3bea00c@group-F67703B41CB5-SegmentedRaftLogWorker was interrupted, exiting. There are 0 tasks remaining in the queue.
2019-09-26 16:46:15,983 [grpc-default-executor-5] INFO  server.GrpcLogAppender (GrpcLogAppender.java:onCompleted(293)) - 59fe4627-77ba-4d6f-bbfd-1773d3bea00c@group-F67703B41CB5->0ded38ee-67df-4068-adb8-539d3d8b400f-AppendLogResponseHandler: follower responses appendEntries COMPLETED
2019-09-26 16:46:15,986 [ForkJoinPool.commonPool-worker-0] INFO  segmented.SegmentedRaftLogWorker (SegmentedRaftLogWorker.java:close(228)) - 59fe4627-77ba-4d6f-bbfd-1773d3bea00c@group-F67703B41CB5-SegmentedRaftLogWorker close()
2019-09-26 16:46:15,982 [grpc-default-executor-0] INFO  server.GrpcServerProtocolService (GrpcServerProtocolService.java:onCompleted(113)) - af201f12-6a5d-4f7c-8339-ef82b05a5091: Completed APPEND_ENTRIES, lastRequest: 59fe4627-77ba-4d6f-bbfd-1773d3bea00c->af201f12-6a5d-4f7c-8339-ef82b05a5091#239-t1, previous=(t:1, i:0), leaderCommit=0, initializing? false, entries: <empty>
2019-09-26 16:46:15,992 [ForkJoinPool.commonPool-worker-0] INFO  impl.RaftServerImpl (RaftServerImpl.java:lambda$shutdown$3(251)) - 59fe4627-77ba-4d6f-bbfd-1773d3bea00c@group-82D59EDA2576: shutdown
2019-09-26 16:46:15,987 [grpc-default-executor-5] INFO  impl.FollowerInfo (FollowerInfo.java:lambda$new$0(51)) - 59fe4627-77ba-4d6f-bbfd-1773d3bea00c@group-F67703B41CB5->0ded38ee-67df-4068-adb8-539d3d8b400f: nextIndex: updateUnconditionally 1 -> 0
2019-09-26 16:46:15,986 [main] INFO  impl.RaftServerProxy (RaftServerProxy.java:lambda$close$4(314)) - 0230ed67-c037-4463-8579-62facef95337: close
2019-09-26 16:46:15,993 [grpc-default-executor-0] INFO  server.GrpcLogAppender (GrpcLogAppender.java:onCompleted(293)) - 59fe4627-77ba-4d6f-bbfd-1773d3bea00c@group-F67703B41CB5->af201f12-6a5d-4f7c-8339-ef82b05a5091-AppendLogResponseHandler: follower responses appendEntries COMPLETED
2019-09-26 16:46:15,992 [ForkJoinPool.commonPool-worker-0] INFO  util.JmxRegister (JmxRegister.java:unregister(73)) - Successfully un-registered JMX Bean with object name Ratis:service=RaftServer,group=group-82D59EDA2576,id=59fe4627-77ba-4d6f-bbfd-1773d3bea00c
2019-09-26 16:46:15,994 [grpc-default-executor-0] INFO  impl.FollowerInfo (FollowerInfo.java:lambda$new$0(51)) - 59fe4627-77ba-4d6f-bbfd-1773d3bea00c@group-F67703B41CB5->af201f12-6a5d-4f7c-8339-ef82b05a5091: nextIndex: updateUnconditionally 1 -> 0
2019-09-26 16:46:15,993 [main] INFO  impl.RaftServerImpl (RaftServerImpl.java:lambda$shutdown$3(251)) - 0230ed67-c037-4463-8579-62facef95337@group-F6F15F4B6D51: shutdown
2019-09-26 16:46:15,994 [ForkJoinPool.commonPool-worker-0] INFO  impl.RoleInfo (RoleInfo.java:shutdownLeaderState(104)) - 59fe4627-77ba-4d6f-bbfd-1773d3bea00c: shutdown LeaderState
2019-09-26 16:46:15,995 [main] INFO  util.JmxRegister (JmxRegister.java:unregister(73)) - Successfully un-registered JMX Bean with object name Ratis:service=RaftServer,group=group-F6F15F4B6D51,id=0230ed67-c037-4463-8579-62facef95337
2019-09-26 16:46:15,995 [ForkJoinPool.commonPool-worker-0] INFO  impl.PendingRequests (PendingRequests.java:sendNotLeaderResponses(202)) - 59fe4627-77ba-4d6f-bbfd-1773d3bea00c-PendingRequests: sendNotLeaderResponses
2019-09-26 16:46:15,995 [main] INFO  impl.RoleInfo (RoleInfo.java:shutdownLeaderState(104)) - 0230ed67-c037-4463-8579-62facef95337: shutdown LeaderState
2019-09-26 16:46:15,996 [ForkJoinPool.commonPool-worker-0] INFO  impl.StateMachineUpdater (StateMachineUpdater.java:stopAndJoin(125)) - 59fe4627-77ba-4d6f-bbfd-1773d3bea00c@group-82D59EDA2576-StateMachineUpdater: set stopIndex = 0
2019-09-26 16:46:15,996 [main] INFO  impl.PendingRequests (PendingRequests.java:sendNotLeaderResponses(202)) - 0230ed67-c037-4463-8579-62facef95337-PendingRequests: sendNotLeaderResponses
2019-09-26 16:46:15,997 [ForkJoinPool.commonPool-worker-0] INFO  impl.RaftServerImpl (ServerState.java:close(385)) - 59fe4627-77ba-4d6f-bbfd-1773d3bea00c@group-82D59EDA2576: closes. applyIndex: 0
2019-09-26 16:46:15,997 [main] INFO  impl.StateMachineUpdater (StateMachineUpdater.java:stopAndJoin(125)) - 0230ed67-c037-4463-8579-62facef95337@group-F6F15F4B6D51-StateMachineUpdater: set stopIndex = 0
2019-09-26 16:46:15,998 [main] INFO  impl.RaftServerImpl (ServerState.java:close(385)) - 0230ed67-c037-4463-8579-62facef95337@group-F6F15F4B6D51: closes. applyIndex: 0
2019-09-26 16:46:15,998 [59fe4627-77ba-4d6f-bbfd-1773d3bea00c@group-82D59EDA2576-SegmentedRaftLogWorker] INFO  segmented.SegmentedRaftLogWorker (SegmentedRaftLogWorker.java:run(313)) - 59fe4627-77ba-4d6f-bbfd-1773d3bea00c@group-82D59EDA2576-SegmentedRaftLogWorker was interrupted, exiting. There are 0 tasks remaining in the queue.
2019-09-26 16:46:15,998 [0230ed67-c037-4463-8579-62facef95337@group-F6F15F4B6D51-SegmentedRaftLogWorker] INFO  segmented.SegmentedRaftLogWorker (SegmentedRaftLogWorker.java:run(313)) - 0230ed67-c037-4463-8579-62facef95337@group-F6F15F4B6D51-SegmentedRaftLogWorker was interrupted, exiting. There are 0 tasks remaining in the queue.
2019-09-26 16:46:16,001 [ForkJoinPool.commonPool-worker-0] INFO  segmented.SegmentedRaftLogWorker (SegmentedRaftLogWorker.java:close(228)) - 59fe4627-77ba-4d6f-bbfd-1773d3bea00c@group-82D59EDA2576-SegmentedRaftLogWorker close()
2019-09-26 16:46:16,004 [main] INFO  segmented.SegmentedRaftLogWorker (SegmentedRaftLogWorker.java:close(228)) - 0230ed67-c037-4463-8579-62facef95337@group-F6F15F4B6D51-SegmentedRaftLogWorker close()
2019-09-26 16:46:16,011 [ForkJoinPool.commonPool-worker-0] INFO  server.GrpcService (GrpcService.java:closeImpl(164)) - 59fe4627-77ba-4d6f-bbfd-1773d3bea00c: shutdown server with port 45861 now
2019-09-26 16:46:16,016 [main] INFO  server.GrpcService (GrpcService.java:closeImpl(164)) - 0230ed67-c037-4463-8579-62facef95337: shutdown server with port 40760 now
2019-09-26 16:46:16,016 [ForkJoinPool.commonPool-worker-0] INFO  server.GrpcService (GrpcService.java:closeImpl(172)) - 59fe4627-77ba-4d6f-bbfd-1773d3bea00c: shutdown server with port 45861 successfully
2019-09-26 16:46:16,016 [main] INFO  server.GrpcService (GrpcService.java:closeImpl(172)) - 0230ed67-c037-4463-8579-62facef95337: shutdown server with port 40760 successfully
2019-09-26 16:46:16,020 [refreshUsed-/workdir/hadoop-ozone/integration-test/target/test-dir/MiniOzoneClusterImpl-2d738554-168c-4e5d-822f-b5acc277bde2/datanode-6/data/containers] WARN  fs.CachingGetSpaceUsed (CachingGetSpaceUsed.java:run(183)) - Thread Interrupted waiting to refresh disk information: sleep interrupted
2019-09-26 16:46:16,021 [refreshUsed-/workdir/hadoop-ozone/integration-test/target/test-dir/MiniOzoneClusterImpl-2d738554-168c-4e5d-822f-b5acc277bde2/datanode-3/data/containers] WARN  fs.CachingGetSpaceUsed (CachingGetSpaceUsed.java:run(183)) - Thread Interrupted waiting to refresh disk information: sleep interrupted
2019-09-26 16:46:16,037 [main] INFO  utils.BackgroundService (BackgroundService.java:shutdown(148)) - Shutting down service BlockDeletingService
2019-09-26 16:46:16,044 [main] INFO  statemachine.DatanodeStateMachine (DatanodeStateMachine.java:stopDaemon(395)) - Ozone container server stopped.
2019-09-26 16:46:16,045 [main] INFO  handler.ContextHandler (ContextHandler.java:doStop(910)) - Stopped o.e.j.w.WebAppContext@133aacbe{/,null,UNAVAILABLE}{/hddsDatanode}
2019-09-26 16:46:16,046 [ForkJoinPool.commonPool-worker-0] INFO  utils.BackgroundService (BackgroundService.java:shutdown(148)) - Shutting down service BlockDeletingService
2019-09-26 16:46:16,046 [main] INFO  server.AbstractConnector (AbstractConnector.java:doStop(318)) - Stopped ServerConnector@2aa5bd48{HTTP/1.1,[http/1.1]}{0.0.0.0:0}
2019-09-26 16:46:16,052 [ForkJoinPool.commonPool-worker-0] INFO  statemachine.DatanodeStateMachine (DatanodeStateMachine.java:stopDaemon(395)) - Ozone container server stopped.
2019-09-26 16:46:16,053 [main] INFO  handler.ContextHandler (ContextHandler.java:doStop(910)) - Stopped o.e.j.s.ServletContextHandler@1537c744{/static,jar:file:/home/user/.m2/repository/org/apache/hadoop/hadoop-hdds-container-service/0.5.0-SNAPSHOT/hadoop-hdds-container-service-0.5.0-SNAPSHOT.jar!/webapps/static,UNAVAILABLE}
2019-09-26 16:46:16,059 [main] INFO  handler.ContextHandler (ContextHandler.java:doStop(910)) - Stopped o.e.j.s.ServletContextHandler@45d4421d{/logs,file:///workdir/hadoop-ozone/integration-test/target/log,UNAVAILABLE}
2019-09-26 16:46:16,061 [ForkJoinPool.commonPool-worker-0] INFO  handler.ContextHandler (ContextHandler.java:doStop(910)) - Stopped o.e.j.w.WebAppContext@19cdc217{/,null,UNAVAILABLE}{/hddsDatanode}
2019-09-26 16:46:16,062 [ForkJoinPool.commonPool-worker-0] INFO  server.AbstractConnector (AbstractConnector.java:doStop(318)) - Stopped ServerConnector@5f5297e3{HTTP/1.1,[http/1.1]}{0.0.0.0:0}
2019-09-26 16:46:16,064 [ForkJoinPool.commonPool-worker-0] INFO  handler.ContextHandler (ContextHandler.java:doStop(910)) - Stopped o.e.j.s.ServletContextHandler@76a9a009{/static,jar:file:/home/user/.m2/repository/org/apache/hadoop/hadoop-hdds-container-service/0.5.0-SNAPSHOT/hadoop-hdds-container-service-0.5.0-SNAPSHOT.jar!/webapps/static,UNAVAILABLE}
2019-09-26 16:46:16,066 [ForkJoinPool.commonPool-worker-0] INFO  handler.ContextHandler (ContextHandler.java:doStop(910)) - Stopped o.e.j.s.ServletContextHandler@2bf2d6eb{/logs,file:///workdir/hadoop-ozone/integration-test/target/log,UNAVAILABLE}
2019-09-26 16:46:16,114 [grpc-default-executor-2] WARN  server.GrpcLogAppender (LogUtils.java:warn(134)) - b3b856ac-1ab1-4d7f-a378-339434076e6f@group-8ED6358F0D74->16d11c64-a500-4b3c-99b4-e07456a37d86-AppendLogResponseHandler: Failed appendEntries: org.apache.ratis.thirdparty.io.grpc.StatusRuntimeException: UNAVAILABLE: io exception
2019-09-26 16:46:16,115 [grpc-default-executor-2] INFO  impl.FollowerInfo (FollowerInfo.java:lambda$new$0(51)) - b3b856ac-1ab1-4d7f-a378-339434076e6f@group-8ED6358F0D74->16d11c64-a500-4b3c-99b4-e07456a37d86: nextIndex: updateUnconditionally 0 -> 0
2019-09-26 16:46:16,387 [grpc-default-executor-2] WARN  server.GrpcLogAppender (LogUtils.java:warn(134)) - 14d6961c-3415-464e-9dd6-39423b85916c@group-9DD2DA11086B->31eb9216-6704-4cc2-a524-a91f43cc4ef7-AppendLogResponseHandler: Failed appendEntries: org.apache.ratis.thirdparty.io.grpc.StatusRuntimeException: UNAVAILABLE: io exception
2019-09-26 16:46:16,387 [grpc-default-executor-2] INFO  impl.FollowerInfo (FollowerInfo.java:lambda$new$0(51)) - 14d6961c-3415-464e-9dd6-39423b85916c@group-9DD2DA11086B->31eb9216-6704-4cc2-a524-a91f43cc4ef7: nextIndex: updateUnconditionally 0 -> 0
2019-09-26 16:46:16,615 [grpc-default-executor-2] WARN  server.GrpcLogAppender (LogUtils.java:warn(134)) - b3b856ac-1ab1-4d7f-a378-339434076e6f@group-8ED6358F0D74->16d11c64-a500-4b3c-99b4-e07456a37d86-AppendLogResponseHandler: Failed appendEntries: org.apache.ratis.thirdparty.io.grpc.StatusRuntimeException: UNAVAILABLE: io exception
2019-09-26 16:46:16,616 [grpc-default-executor-2] INFO  impl.FollowerInfo (FollowerInfo.java:lambda$new$0(51)) - b3b856ac-1ab1-4d7f-a378-339434076e6f@group-8ED6358F0D74->16d11c64-a500-4b3c-99b4-e07456a37d86: nextIndex: updateUnconditionally 0 -> 0
2019-09-26 16:46:16,740 [Datanode State Machine Thread - 0] INFO  statemachine.DatanodeStateMachine (DatanodeStateMachine.java:lambda$startDaemon$0(350)) - Ozone container server started.
2019-09-26 16:46:16,746 [Datanode State Machine Thread - 0] INFO  statemachine.DatanodeStateMachine (DatanodeStateMachine.java:lambda$startDaemon$0(350)) - Ozone container server started.
2019-09-26 16:46:16,888 [grpc-default-executor-5] WARN  server.GrpcLogAppender (LogUtils.java:warn(134)) - 14d6961c-3415-464e-9dd6-39423b85916c@group-9DD2DA11086B->31eb9216-6704-4cc2-a524-a91f43cc4ef7-AppendLogResponseHandler: Failed appendEntries: org.apache.ratis.thirdparty.io.grpc.StatusRuntimeException: UNAVAILABLE: io exception
2019-09-26 16:46:16,888 [grpc-default-executor-5] INFO  impl.FollowerInfo (FollowerInfo.java:lambda$new$0(51)) - 14d6961c-3415-464e-9dd6-39423b85916c@group-9DD2DA11086B->31eb9216-6704-4cc2-a524-a91f43cc4ef7: nextIndex: updateUnconditionally 0 -> 0
2019-09-26 16:46:16,989 [Thread-7958] INFO  impl.FollowerState (FollowerState.java:run(106)) - af201f12-6a5d-4f7c-8339-ef82b05a5091:group-F67703B41CB5 changes to CANDIDATE, lastRpcTime:1095, electionTimeout:1015ms
2019-09-26 16:46:16,990 [Thread-7958] INFO  impl.RoleInfo (RoleInfo.java:shutdownFollowerState(121)) - af201f12-6a5d-4f7c-8339-ef82b05a5091: shutdown FollowerState
2019-09-26 16:46:16,990 [Thread-7958] INFO  impl.RaftServerImpl (RaftServerImpl.java:setRole(174)) - af201f12-6a5d-4f7c-8339-ef82b05a5091@group-F67703B41CB5: changes role from  FOLLOWER to CANDIDATE at term 1 for changeToCandidate
2019-09-26 16:46:16,990 [Thread-7958] INFO  impl.RoleInfo (RoleInfo.java:updateAndGet(143)) - af201f12-6a5d-4f7c-8339-ef82b05a5091: start LeaderElection
2019-09-26 16:46:16,993 [af201f12-6a5d-4f7c-8339-ef82b05a5091@group-F67703B41CB5:LeaderElection103] INFO  impl.RaftServerImpl (ServerState.java:setLeader(253)) - af201f12-6a5d-4f7c-8339-ef82b05a5091@group-F67703B41CB5: change Leader from 59fe4627-77ba-4d6f-bbfd-1773d3bea00c to null at term 1 for initElection
2019-09-26 16:46:17,008 [af201f12-6a5d-4f7c-8339-ef82b05a5091@group-F67703B41CB5:LeaderElection103] INFO  impl.LeaderElection (LeaderElection.java:askForVotes(182)) - af201f12-6a5d-4f7c-8339-ef82b05a5091@group-F67703B41CB5:LeaderElection103: begin an election at term 2 for 0: [59fe4627-77ba-4d6f-bbfd-1773d3bea00c:192.168.157.234:45861, af201f12-6a5d-4f7c-8339-ef82b05a5091:192.168.157.234:43417, 0ded38ee-67df-4068-adb8-539d3d8b400f:192.168.157.234:34114], old=null
2019-09-26 16:46:17,010 [af201f12-6a5d-4f7c-8339-ef82b05a5091@group-F67703B41CB5:LeaderElection103] INFO  impl.LeaderElection (LogUtils.java:infoOrTrace(149)) - af201f12-6a5d-4f7c-8339-ef82b05a5091@group-F67703B41CB5:LeaderElection103 got exception when requesting votes: {}
java.util.concurrent.ExecutionException: org.apache.ratis.thirdparty.io.grpc.StatusRuntimeException: UNAVAILABLE: io exception
	at java.util.concurrent.FutureTask.report(FutureTask.java:122)
	at java.util.concurrent.FutureTask.get(FutureTask.java:192)
	at org.apache.ratis.server.impl.LeaderElection.waitForResults(LeaderElection.java:263)
	at org.apache.ratis.server.impl.LeaderElection.askForVotes(LeaderElection.java:201)
	at org.apache.ratis.server.impl.LeaderElection.run(LeaderElection.java:133)
	at java.lang.Thread.run(Thread.java:748)
Caused by: org.apache.ratis.thirdparty.io.grpc.StatusRuntimeException: UNAVAILABLE: io exception
	at org.apache.ratis.thirdparty.io.grpc.stub.ClientCalls.toStatusRuntimeException(ClientCalls.java:233)
	at org.apache.ratis.thirdparty.io.grpc.stub.ClientCalls.getUnchecked(ClientCalls.java:214)
	at org.apache.ratis.thirdparty.io.grpc.stub.ClientCalls.blockingUnaryCall(ClientCalls.java:139)
	at org.apache.ratis.proto.grpc.RaftServerProtocolServiceGrpc$RaftServerProtocolServiceBlockingStub.requestVote(RaftServerProtocolServiceGrpc.java:265)
	at org.apache.ratis.grpc.server.GrpcServerProtocolClient.requestVote(GrpcServerProtocolClient.java:90)
	at org.apache.ratis.grpc.server.GrpcService.requestVote(GrpcService.java:204)
	at org.apache.ratis.server.impl.LeaderElection.lambda$submitRequests$1(LeaderElection.java:238)
	at java.util.concurrent.FutureTask.run(FutureTask.java:266)
	at java.util.concurrent.Executors$RunnableAdapter.call(Executors.java:511)
	at java.util.concurrent.FutureTask.run(FutureTask.java:266)
	at java.util.concurrent.ThreadPoolExecutor.runWorker(ThreadPoolExecutor.java:1149)
	at java.util.concurrent.ThreadPoolExecutor$Worker.run(ThreadPoolExecutor.java:624)
	... 1 more
Caused by: org.apache.ratis.thirdparty.io.netty.channel.AbstractChannel$AnnotatedConnectException: Connection refused: /192.168.157.234:45861
	at sun.nio.ch.SocketChannelImpl.checkConnect(Native Method)
	at sun.nio.ch.SocketChannelImpl.finishConnect(SocketChannelImpl.java:717)
	at org.apache.ratis.thirdparty.io.netty.channel.socket.nio.NioSocketChannel.doFinishConnect(NioSocketChannel.java:327)
	at org.apache.ratis.thirdparty.io.netty.channel.nio.AbstractNioChannel$AbstractNioUnsafe.finishConnect(AbstractNioChannel.java:340)
	at org.apache.ratis.thirdparty.io.netty.channel.nio.NioEventLoop.processSelectedKey(NioEventLoop.java:632)
	at org.apache.ratis.thirdparty.io.netty.channel.nio.NioEventLoop.processSelectedKeysOptimized(NioEventLoop.java:579)
	at org.apache.ratis.thirdparty.io.netty.channel.nio.NioEventLoop.processSelectedKeys(NioEventLoop.java:496)
	at org.apache.ratis.thirdparty.io.netty.channel.nio.NioEventLoop.run(NioEventLoop.java:458)
	at org.apache.ratis.thirdparty.io.netty.util.concurrent.SingleThreadEventExecutor$5.run(SingleThreadEventExecutor.java:897)
	at org.apache.ratis.thirdparty.io.netty.util.concurrent.FastThreadLocalRunnable.run(FastThreadLocalRunnable.java:30)
	... 1 more
Caused by: java.net.ConnectException: Connection refused
	... 11 more
2019-09-26 16:46:17,015 [grpc-default-executor-2] INFO  impl.RaftServerImpl (ServerState.java:setLeader(253)) - 0ded38ee-67df-4068-adb8-539d3d8b400f@group-F67703B41CB5: change Leader from 59fe4627-77ba-4d6f-bbfd-1773d3bea00c to null at term 2 for updateCurrentTerm
2019-09-26 16:46:17,015 [grpc-default-executor-2] INFO  impl.RaftServerImpl (RaftServerImpl.java:setRole(174)) - 0ded38ee-67df-4068-adb8-539d3d8b400f@group-F67703B41CB5: changes role from  FOLLOWER to FOLLOWER at term 2 for recognizeCandidate:af201f12-6a5d-4f7c-8339-ef82b05a5091
2019-09-26 16:46:17,015 [grpc-default-executor-2] INFO  impl.RoleInfo (RoleInfo.java:shutdownFollowerState(121)) - 0ded38ee-67df-4068-adb8-539d3d8b400f: shutdown FollowerState
2019-09-26 16:46:17,015 [grpc-default-executor-2] INFO  impl.RoleInfo (RoleInfo.java:updateAndGet(143)) - 0ded38ee-67df-4068-adb8-539d3d8b400f: start FollowerState
2019-09-26 16:46:17,016 [Thread-7959] INFO  impl.FollowerState (FollowerState.java:run(115)) - 0ded38ee-67df-4068-adb8-539d3d8b400f: FollowerState was interrupted: java.lang.InterruptedException: sleep interrupted
2019-09-26 16:46:17,034 [af201f12-6a5d-4f7c-8339-ef82b05a5091@group-F67703B41CB5:LeaderElection103] INFO  impl.LeaderElection (LeaderElection.java:logAndReturn(56)) - af201f12-6a5d-4f7c-8339-ef82b05a5091@group-F67703B41CB5:LeaderElection103: Election PASSED; received 1 response(s) [af201f12-6a5d-4f7c-8339-ef82b05a5091<-0ded38ee-67df-4068-adb8-539d3d8b400f#0:OK-t2] and 1 exception(s); af201f12-6a5d-4f7c-8339-ef82b05a5091@group-F67703B41CB5:t2, leader=null, voted=af201f12-6a5d-4f7c-8339-ef82b05a5091, raftlog=af201f12-6a5d-4f7c-8339-ef82b05a5091@group-F67703B41CB5-SegmentedRaftLog:OPENED:c0,f0,i0, conf=0: [59fe4627-77ba-4d6f-bbfd-1773d3bea00c:192.168.157.234:45861, af201f12-6a5d-4f7c-8339-ef82b05a5091:192.168.157.234:43417, 0ded38ee-67df-4068-adb8-539d3d8b400f:192.168.157.234:34114], old=null
2019-09-26 16:46:17,034 [af201f12-6a5d-4f7c-8339-ef82b05a5091@group-F67703B41CB5:LeaderElection103] INFO  impl.LeaderElection (LogUtils.java:infoOrTrace(149)) -   Exception 0: {}
java.util.concurrent.ExecutionException: org.apache.ratis.thirdparty.io.grpc.StatusRuntimeException: UNAVAILABLE: io exception
	at java.util.concurrent.FutureTask.report(FutureTask.java:122)
	at java.util.concurrent.FutureTask.get(FutureTask.java:192)
	at org.apache.ratis.server.impl.LeaderElection.waitForResults(LeaderElection.java:263)
	at org.apache.ratis.server.impl.LeaderElection.askForVotes(LeaderElection.java:201)
	at org.apache.ratis.server.impl.LeaderElection.run(LeaderElection.java:133)
	at java.lang.Thread.run(Thread.java:748)
Caused by: org.apache.ratis.thirdparty.io.grpc.StatusRuntimeException: UNAVAILABLE: io exception
	at org.apache.ratis.thirdparty.io.grpc.stub.ClientCalls.toStatusRuntimeException(ClientCalls.java:233)
	at org.apache.ratis.thirdparty.io.grpc.stub.ClientCalls.getUnchecked(ClientCalls.java:214)
	at org.apache.ratis.thirdparty.io.grpc.stub.ClientCalls.blockingUnaryCall(ClientCalls.java:139)
	at org.apache.ratis.proto.grpc.RaftServerProtocolServiceGrpc$RaftServerProtocolServiceBlockingStub.requestVote(RaftServerProtocolServiceGrpc.java:265)
	at org.apache.ratis.grpc.server.GrpcServerProtocolClient.requestVote(GrpcServerProtocolClient.java:90)
	at org.apache.ratis.grpc.server.GrpcService.requestVote(GrpcService.java:204)
	at org.apache.ratis.server.impl.LeaderElection.lambda$submitRequests$1(LeaderElection.java:238)
	at java.util.concurrent.FutureTask.run(FutureTask.java:266)
	at java.util.concurrent.Executors$RunnableAdapter.call(Executors.java:511)
	at java.util.concurrent.FutureTask.run(FutureTask.java:266)
	at java.util.concurrent.ThreadPoolExecutor.runWorker(ThreadPoolExecutor.java:1149)
	at java.util.concurrent.ThreadPoolExecutor$Worker.run(ThreadPoolExecutor.java:624)
	... 1 more
Caused by: org.apache.ratis.thirdparty.io.netty.channel.AbstractChannel$AnnotatedConnectException: Connection refused: /192.168.157.234:45861
	at sun.nio.ch.SocketChannelImpl.checkConnect(Native Method)
	at sun.nio.ch.SocketChannelImpl.finishConnect(SocketChannelImpl.java:717)
	at org.apache.ratis.thirdparty.io.netty.channel.socket.nio.NioSocketChannel.doFinishConnect(NioSocketChannel.java:327)
	at org.apache.ratis.thirdparty.io.netty.channel.nio.AbstractNioChannel$AbstractNioUnsafe.finishConnect(AbstractNioChannel.java:340)
	at org.apache.ratis.thirdparty.io.netty.channel.nio.NioEventLoop.processSelectedKey(NioEventLoop.java:632)
	at org.apache.ratis.thirdparty.io.netty.channel.nio.NioEventLoop.processSelectedKeysOptimized(NioEventLoop.java:579)
	at org.apache.ratis.thirdparty.io.netty.channel.nio.NioEventLoop.processSelectedKeys(NioEventLoop.java:496)
	at org.apache.ratis.thirdparty.io.netty.channel.nio.NioEventLoop.run(NioEventLoop.java:458)
	at org.apache.ratis.thirdparty.io.netty.util.concurrent.SingleThreadEventExecutor$5.run(SingleThreadEventExecutor.java:897)
	at org.apache.ratis.thirdparty.io.netty.util.concurrent.FastThreadLocalRunnable.run(FastThreadLocalRunnable.java:30)
	... 1 more
Caused by: java.net.ConnectException: Connection refused
	... 11 more
2019-09-26 16:46:17,035 [af201f12-6a5d-4f7c-8339-ef82b05a5091@group-F67703B41CB5:LeaderElection103] INFO  impl.RoleInfo (RoleInfo.java:shutdownLeaderElection(134)) - af201f12-6a5d-4f7c-8339-ef82b05a5091: shutdown LeaderElection
2019-09-26 16:46:17,035 [af201f12-6a5d-4f7c-8339-ef82b05a5091@group-F67703B41CB5:LeaderElection103] INFO  impl.RaftServerImpl (RaftServerImpl.java:setRole(174)) - af201f12-6a5d-4f7c-8339-ef82b05a5091@group-F67703B41CB5: changes role from CANDIDATE to LEADER at term 2 for changeToLeader
2019-09-26 16:46:17,035 [af201f12-6a5d-4f7c-8339-ef82b05a5091@group-F67703B41CB5:LeaderElection103] INFO  impl.RaftServerImpl (ServerState.java:setLeader(253)) - af201f12-6a5d-4f7c-8339-ef82b05a5091@group-F67703B41CB5: change Leader from null to af201f12-6a5d-4f7c-8339-ef82b05a5091 at term 2 for becomeLeader, leader elected after 41ms
2019-09-26 16:46:17,035 [af201f12-6a5d-4f7c-8339-ef82b05a5091@group-F67703B41CB5:LeaderElection103] INFO  server.RaftServerConfigKeys (ConfUtils.java:logGet(43)) - raft.server.staging.catchup.gap = 1000 (default)
2019-09-26 16:46:17,035 [af201f12-6a5d-4f7c-8339-ef82b05a5091@group-F67703B41CB5:LeaderElection103] INFO  server.RaftServerConfigKeys (ConfUtils.java:logGet(43)) - raft.server.rpc.sleep.time = 25ms (default)
2019-09-26 16:46:17,035 [af201f12-6a5d-4f7c-8339-ef82b05a5091@group-F67703B41CB5:LeaderElection103] INFO  server.RaftServerConfigKeys (ConfUtils.java:logGet(43)) - raft.server.write.element-limit = 4096 (default)
2019-09-26 16:46:17,036 [af201f12-6a5d-4f7c-8339-ef82b05a5091@group-F67703B41CB5:LeaderElection103] INFO  server.RaftServerConfigKeys (ConfUtils.java:logGet(43)) - raft.server.watch.timeout = 10s (default)
2019-09-26 16:46:17,036 [af201f12-6a5d-4f7c-8339-ef82b05a5091@group-F67703B41CB5:LeaderElection103] INFO  server.RaftServerConfigKeys (ConfUtils.java:logGet(43)) - raft.server.watch.timeout.denomination = 1s (default)
2019-09-26 16:46:17,036 [af201f12-6a5d-4f7c-8339-ef82b05a5091@group-F67703B41CB5:LeaderElection103] INFO  server.RaftServerConfigKeys (ConfUtils.java:logGet(43)) - raft.server.watch.element-limit = 65536 (default)
2019-09-26 16:46:17,038 [af201f12-6a5d-4f7c-8339-ef82b05a5091@group-F67703B41CB5:LeaderElection103] INFO  server.RaftServerConfigKeys (ConfUtils.java:logGet(43)) - raft.server.log.appender.snapshot.chunk.size.max = 16MB (=16777216) (default)
2019-09-26 16:46:17,038 [af201f12-6a5d-4f7c-8339-ef82b05a5091@group-F67703B41CB5:LeaderElection103] INFO  server.RaftServerConfigKeys (ConfUtils.java:logGet(43)) - raft.server.log.appender.buffer.byte-limit = 33554432 (custom)
2019-09-26 16:46:17,038 [af201f12-6a5d-4f7c-8339-ef82b05a5091@group-F67703B41CB5:LeaderElection103] INFO  server.RaftServerConfigKeys (ConfUtils.java:logGet(43)) - raft.server.log.appender.buffer.element-limit = 1 (custom)
2019-09-26 16:46:17,039 [af201f12-6a5d-4f7c-8339-ef82b05a5091@group-F67703B41CB5:LeaderElection103] INFO  grpc.GrpcConfigKeys$Server (ConfUtils.java:logGet(43)) - raft.grpc.server.leader.outstanding.appends.max = 128 (default)
2019-09-26 16:46:17,039 [af201f12-6a5d-4f7c-8339-ef82b05a5091@group-F67703B41CB5:LeaderElection103] INFO  server.RaftServerConfigKeys (ConfUtils.java:logGet(43)) - raft.server.rpc.request.timeout = 3000ms (default)
2019-09-26 16:46:17,039 [af201f12-6a5d-4f7c-8339-ef82b05a5091@group-F67703B41CB5:LeaderElection103] INFO  server.RaftServerConfigKeys (ConfUtils.java:logGet(43)) - raft.server.log.appender.install.snapshot.enabled = false (custom)
2019-09-26 16:46:17,039 [af201f12-6a5d-4f7c-8339-ef82b05a5091@group-F67703B41CB5:LeaderElection103] INFO  server.RaftServerConfigKeys (ConfUtils.java:logGet(43)) - raft.server.log.appender.snapshot.chunk.size.max = 16MB (=16777216) (default)
2019-09-26 16:46:17,039 [af201f12-6a5d-4f7c-8339-ef82b05a5091@group-F67703B41CB5:LeaderElection103] INFO  server.RaftServerConfigKeys (ConfUtils.java:logGet(43)) - raft.server.log.appender.buffer.byte-limit = 33554432 (custom)
2019-09-26 16:46:17,040 [af201f12-6a5d-4f7c-8339-ef82b05a5091@group-F67703B41CB5:LeaderElection103] INFO  server.RaftServerConfigKeys (ConfUtils.java:logGet(43)) - raft.server.log.appender.buffer.element-limit = 1 (custom)
2019-09-26 16:46:17,040 [af201f12-6a5d-4f7c-8339-ef82b05a5091@group-F67703B41CB5:LeaderElection103] INFO  grpc.GrpcConfigKeys$Server (ConfUtils.java:logGet(43)) - raft.grpc.server.leader.outstanding.appends.max = 128 (default)
2019-09-26 16:46:17,040 [af201f12-6a5d-4f7c-8339-ef82b05a5091@group-F67703B41CB5:LeaderElection103] INFO  server.RaftServerConfigKeys (ConfUtils.java:logGet(43)) - raft.server.rpc.request.timeout = 3000ms (default)
2019-09-26 16:46:17,040 [af201f12-6a5d-4f7c-8339-ef82b05a5091@group-F67703B41CB5:LeaderElection103] INFO  server.RaftServerConfigKeys (ConfUtils.java:logGet(43)) - raft.server.log.appender.install.snapshot.enabled = false (custom)
2019-09-26 16:46:17,040 [af201f12-6a5d-4f7c-8339-ef82b05a5091@group-F67703B41CB5:LeaderElection103] INFO  impl.RoleInfo (RoleInfo.java:updateAndGet(143)) - af201f12-6a5d-4f7c-8339-ef82b05a5091: start LeaderState
2019-09-26 16:46:17,041 [af201f12-6a5d-4f7c-8339-ef82b05a5091@group-F67703B41CB5:LeaderElection103] INFO  segmented.SegmentedRaftLogWorker (SegmentedRaftLogWorker.java:rollLogSegment(385)) - af201f12-6a5d-4f7c-8339-ef82b05a5091@group-F67703B41CB5-SegmentedRaftLogWorker: Rolling segment log-0_0 to index:0
2019-09-26 16:46:17,041 [af201f12-6a5d-4f7c-8339-ef82b05a5091@group-F67703B41CB5-SegmentedRaftLogWorker] INFO  segmented.SegmentedRaftLogWorker (SegmentedRaftLogWorker.java:execute(526)) - af201f12-6a5d-4f7c-8339-ef82b05a5091@group-F67703B41CB5-SegmentedRaftLogWorker: Rolled log segment from /workdir/hadoop-ozone/integration-test/target/test-dir/MiniOzoneClusterImpl-2d738554-168c-4e5d-822f-b5acc277bde2/datanode-9/data/ratis/50b5b5f8-cf25-4160-81f0-f67703b41cb5/current/log_inprogress_0 to /workdir/hadoop-ozone/integration-test/target/test-dir/MiniOzoneClusterImpl-2d738554-168c-4e5d-822f-b5acc277bde2/datanode-9/data/ratis/50b5b5f8-cf25-4160-81f0-f67703b41cb5/current/log_0-0
2019-09-26 16:46:17,044 [af201f12-6a5d-4f7c-8339-ef82b05a5091@group-F67703B41CB5:LeaderElection103] INFO  impl.RaftServerImpl (ServerState.java:setRaftConf(354)) - af201f12-6a5d-4f7c-8339-ef82b05a5091@group-F67703B41CB5: set configuration 1: [59fe4627-77ba-4d6f-bbfd-1773d3bea00c:192.168.157.234:45861, af201f12-6a5d-4f7c-8339-ef82b05a5091:192.168.157.234:43417, 0ded38ee-67df-4068-adb8-539d3d8b400f:192.168.157.234:34114], old=null at 1
2019-09-26 16:46:17,044 [grpc-default-executor-2] WARN  server.GrpcLogAppender (LogUtils.java:warn(134)) - af201f12-6a5d-4f7c-8339-ef82b05a5091@group-F67703B41CB5->59fe4627-77ba-4d6f-bbfd-1773d3bea00c-AppendLogResponseHandler: Failed appendEntries: org.apache.ratis.thirdparty.io.grpc.StatusRuntimeException: UNAVAILABLE: io exception
2019-09-26 16:46:17,069 [grpc-default-executor-2] INFO  impl.FollowerInfo (FollowerInfo.java:lambda$new$0(51)) - af201f12-6a5d-4f7c-8339-ef82b05a5091@group-F67703B41CB5->59fe4627-77ba-4d6f-bbfd-1773d3bea00c: nextIndex: updateUnconditionally 1 -> 0
2019-09-26 16:46:17,069 [grpc-default-executor-2] INFO  impl.RaftServerImpl (ServerState.java:setLeader(253)) - 0ded38ee-67df-4068-adb8-539d3d8b400f@group-F67703B41CB5: change Leader from null to af201f12-6a5d-4f7c-8339-ef82b05a5091 at term 2 for appendEntries, leader elected after 54ms
2019-09-26 16:46:17,072 [grpc-default-executor-2] INFO  impl.RaftServerImpl (ServerState.java:setRaftConf(354)) - 0ded38ee-67df-4068-adb8-539d3d8b400f@group-F67703B41CB5: set configuration 1: [59fe4627-77ba-4d6f-bbfd-1773d3bea00c:192.168.157.234:45861, af201f12-6a5d-4f7c-8339-ef82b05a5091:192.168.157.234:43417, 0ded38ee-67df-4068-adb8-539d3d8b400f:192.168.157.234:34114], old=null at 1
2019-09-26 16:46:17,072 [grpc-default-executor-2] INFO  segmented.SegmentedRaftLogWorker (SegmentedRaftLogWorker.java:rollLogSegment(385)) - 0ded38ee-67df-4068-adb8-539d3d8b400f@group-F67703B41CB5-SegmentedRaftLogWorker: Rolling segment log-0_0 to index:0
2019-09-26 16:46:17,073 [0ded38ee-67df-4068-adb8-539d3d8b400f@group-F67703B41CB5-SegmentedRaftLogWorker] INFO  segmented.SegmentedRaftLogWorker (SegmentedRaftLogWorker.java:execute(526)) - 0ded38ee-67df-4068-adb8-539d3d8b400f@group-F67703B41CB5-SegmentedRaftLogWorker: Rolled log segment from /workdir/hadoop-ozone/integration-test/target/test-dir/MiniOzoneClusterImpl-2d738554-168c-4e5d-822f-b5acc277bde2/datanode-7/data/ratis/50b5b5f8-cf25-4160-81f0-f67703b41cb5/current/log_inprogress_0 to /workdir/hadoop-ozone/integration-test/target/test-dir/MiniOzoneClusterImpl-2d738554-168c-4e5d-822f-b5acc277bde2/datanode-7/data/ratis/50b5b5f8-cf25-4160-81f0-f67703b41cb5/current/log_0-0
2019-09-26 16:46:17,080 [af201f12-6a5d-4f7c-8339-ef82b05a5091@group-F67703B41CB5-SegmentedRaftLogWorker] INFO  segmented.SegmentedRaftLogWorker (SegmentedRaftLogWorker.java:execute(569)) - af201f12-6a5d-4f7c-8339-ef82b05a5091@group-F67703B41CB5-SegmentedRaftLogWorker: created new log segment /workdir/hadoop-ozone/integration-test/target/test-dir/MiniOzoneClusterImpl-2d738554-168c-4e5d-822f-b5acc277bde2/datanode-9/data/ratis/50b5b5f8-cf25-4160-81f0-f67703b41cb5/current/log_inprogress_1
2019-09-26 16:46:17,116 [grpc-default-executor-2] WARN  server.GrpcLogAppender (LogUtils.java:warn(134)) - b3b856ac-1ab1-4d7f-a378-339434076e6f@group-8ED6358F0D74->16d11c64-a500-4b3c-99b4-e07456a37d86-AppendLogResponseHandler: Failed appendEntries: org.apache.ratis.thirdparty.io.grpc.StatusRuntimeException: UNAVAILABLE: io exception
2019-09-26 16:46:17,120 [grpc-default-executor-2] INFO  impl.FollowerInfo (FollowerInfo.java:lambda$new$0(51)) - b3b856ac-1ab1-4d7f-a378-339434076e6f@group-8ED6358F0D74->16d11c64-a500-4b3c-99b4-e07456a37d86: nextIndex: updateUnconditionally 0 -> 0
2019-09-26 16:46:17,121 [0ded38ee-67df-4068-adb8-539d3d8b400f@group-F67703B41CB5-SegmentedRaftLogWorker] INFO  segmented.SegmentedRaftLogWorker (SegmentedRaftLogWorker.java:execute(569)) - 0ded38ee-67df-4068-adb8-539d3d8b400f@group-F67703B41CB5-SegmentedRaftLogWorker: created new log segment /workdir/hadoop-ozone/integration-test/target/test-dir/MiniOzoneClusterImpl-2d738554-168c-4e5d-822f-b5acc277bde2/datanode-7/data/ratis/50b5b5f8-cf25-4160-81f0-f67703b41cb5/current/log_inprogress_1
2019-09-26 16:46:17,135 [grpc-default-executor-5] WARN  server.GrpcLogAppender (LogUtils.java:warn(134)) - af201f12-6a5d-4f7c-8339-ef82b05a5091@group-F67703B41CB5->59fe4627-77ba-4d6f-bbfd-1773d3bea00c-AppendLogResponseHandler: Failed appendEntries: org.apache.ratis.thirdparty.io.grpc.StatusRuntimeException: UNAVAILABLE: io exception
2019-09-26 16:46:17,136 [grpc-default-executor-5] INFO  impl.FollowerInfo (FollowerInfo.java:lambda$new$0(51)) - af201f12-6a5d-4f7c-8339-ef82b05a5091@group-F67703B41CB5->59fe4627-77ba-4d6f-bbfd-1773d3bea00c: nextIndex: updateUnconditionally 1 -> 0
2019-09-26 16:46:17,147 [grpc-default-executor-0] WARN  server.GrpcLogAppender (LogUtils.java:warn(134)) - af201f12-6a5d-4f7c-8339-ef82b05a5091@group-F67703B41CB5->59fe4627-77ba-4d6f-bbfd-1773d3bea00c-AppendLogResponseHandler: Failed appendEntries: org.apache.ratis.thirdparty.io.grpc.StatusRuntimeException: UNAVAILABLE: io exception
2019-09-26 16:46:17,147 [grpc-default-executor-0] INFO  impl.FollowerInfo (FollowerInfo.java:lambda$new$0(51)) - af201f12-6a5d-4f7c-8339-ef82b05a5091@group-F67703B41CB5->59fe4627-77ba-4d6f-bbfd-1773d3bea00c: nextIndex: updateUnconditionally 1 -> 0
2019-09-26 16:46:17,388 [grpc-default-executor-0] WARN  server.GrpcLogAppender (LogUtils.java:warn(134)) - 14d6961c-3415-464e-9dd6-39423b85916c@group-9DD2DA11086B->31eb9216-6704-4cc2-a524-a91f43cc4ef7-AppendLogResponseHandler: Failed appendEntries: org.apache.ratis.thirdparty.io.grpc.StatusRuntimeException: UNAVAILABLE: io exception
2019-09-26 16:46:17,388 [grpc-default-executor-0] INFO  impl.FollowerInfo (FollowerInfo.java:lambda$new$0(51)) - 14d6961c-3415-464e-9dd6-39423b85916c@group-9DD2DA11086B->31eb9216-6704-4cc2-a524-a91f43cc4ef7: nextIndex: updateUnconditionally 0 -> 0
2019-09-26 16:46:17,617 [grpc-default-executor-5] WARN  server.GrpcLogAppender (LogUtils.java:warn(134)) - b3b856ac-1ab1-4d7f-a378-339434076e6f@group-8ED6358F0D74->16d11c64-a500-4b3c-99b4-e07456a37d86-AppendLogResponseHandler: Failed appendEntries: org.apache.ratis.thirdparty.io.grpc.StatusRuntimeException: UNAVAILABLE: io exception
2019-09-26 16:46:17,617 [grpc-default-executor-5] INFO  impl.FollowerInfo (FollowerInfo.java:lambda$new$0(51)) - b3b856ac-1ab1-4d7f-a378-339434076e6f@group-8ED6358F0D74->16d11c64-a500-4b3c-99b4-e07456a37d86: nextIndex: updateUnconditionally 0 -> 0
2019-09-26 16:46:17,652 [grpc-default-executor-0] WARN  server.GrpcLogAppender (LogUtils.java:warn(134)) - af201f12-6a5d-4f7c-8339-ef82b05a5091@group-F67703B41CB5->59fe4627-77ba-4d6f-bbfd-1773d3bea00c-AppendLogResponseHandler: Failed appendEntries: org.apache.ratis.thirdparty.io.grpc.StatusRuntimeException: UNAVAILABLE: io exception
2019-09-26 16:46:17,652 [grpc-default-executor-0] INFO  impl.FollowerInfo (FollowerInfo.java:lambda$new$0(51)) - af201f12-6a5d-4f7c-8339-ef82b05a5091@group-F67703B41CB5->59fe4627-77ba-4d6f-bbfd-1773d3bea00c: nextIndex: updateUnconditionally 0 -> 0
2019-09-26 16:46:17,888 [grpc-default-executor-2] WARN  server.GrpcLogAppender (LogUtils.java:warn(134)) - 14d6961c-3415-464e-9dd6-39423b85916c@group-9DD2DA11086B->31eb9216-6704-4cc2-a524-a91f43cc4ef7-AppendLogResponseHandler: Failed appendEntries: org.apache.ratis.thirdparty.io.grpc.StatusRuntimeException: UNAVAILABLE: io exception
2019-09-26 16:46:17,889 [grpc-default-executor-2] INFO  impl.FollowerInfo (FollowerInfo.java:lambda$new$0(51)) - 14d6961c-3415-464e-9dd6-39423b85916c@group-9DD2DA11086B->31eb9216-6704-4cc2-a524-a91f43cc4ef7: nextIndex: updateUnconditionally 0 -> 0
2019-09-26 16:46:18,117 [grpc-default-executor-2] WARN  server.GrpcLogAppender (LogUtils.java:warn(134)) - b3b856ac-1ab1-4d7f-a378-339434076e6f@group-8ED6358F0D74->16d11c64-a500-4b3c-99b4-e07456a37d86-AppendLogResponseHandler: Failed appendEntries: org.apache.ratis.thirdparty.io.grpc.StatusRuntimeException: UNAVAILABLE: io exception
2019-09-26 16:46:18,117 [grpc-default-executor-2] INFO  impl.FollowerInfo (FollowerInfo.java:lambda$new$0(51)) - b3b856ac-1ab1-4d7f-a378-339434076e6f@group-8ED6358F0D74->16d11c64-a500-4b3c-99b4-e07456a37d86: nextIndex: updateUnconditionally 0 -> 0
2019-09-26 16:46:18,149 [grpc-default-executor-5] WARN  server.GrpcLogAppender (LogUtils.java:warn(134)) - af201f12-6a5d-4f7c-8339-ef82b05a5091@group-F67703B41CB5->59fe4627-77ba-4d6f-bbfd-1773d3bea00c-AppendLogResponseHandler: Failed appendEntries: org.apache.ratis.thirdparty.io.grpc.StatusRuntimeException: UNAVAILABLE: io exception
2019-09-26 16:46:18,149 [grpc-default-executor-5] INFO  impl.FollowerInfo (FollowerInfo.java:lambda$new$0(51)) - af201f12-6a5d-4f7c-8339-ef82b05a5091@group-F67703B41CB5->59fe4627-77ba-4d6f-bbfd-1773d3bea00c: nextIndex: updateUnconditionally 0 -> 0
2019-09-26 16:46:18,389 [grpc-default-executor-5] WARN  server.GrpcLogAppender (LogUtils.java:warn(134)) - 14d6961c-3415-464e-9dd6-39423b85916c@group-9DD2DA11086B->31eb9216-6704-4cc2-a524-a91f43cc4ef7-AppendLogResponseHandler: Failed appendEntries: org.apache.ratis.thirdparty.io.grpc.StatusRuntimeException: UNAVAILABLE: io exception
2019-09-26 16:46:18,389 [grpc-default-executor-5] INFO  impl.FollowerInfo (FollowerInfo.java:lambda$new$0(51)) - 14d6961c-3415-464e-9dd6-39423b85916c@group-9DD2DA11086B->31eb9216-6704-4cc2-a524-a91f43cc4ef7: nextIndex: updateUnconditionally 0 -> 0
2019-09-26 16:46:18,618 [grpc-default-executor-0] WARN  server.GrpcLogAppender (LogUtils.java:warn(134)) - b3b856ac-1ab1-4d7f-a378-339434076e6f@group-8ED6358F0D74->16d11c64-a500-4b3c-99b4-e07456a37d86-AppendLogResponseHandler: Failed appendEntries: org.apache.ratis.thirdparty.io.grpc.StatusRuntimeException: UNAVAILABLE: io exception
2019-09-26 16:46:18,618 [grpc-default-executor-0] INFO  impl.FollowerInfo (FollowerInfo.java:lambda$new$0(51)) - b3b856ac-1ab1-4d7f-a378-339434076e6f@group-8ED6358F0D74->16d11c64-a500-4b3c-99b4-e07456a37d86: nextIndex: updateUnconditionally 0 -> 0
2019-09-26 16:46:18,649 [grpc-default-executor-2] WARN  server.GrpcLogAppender (LogUtils.java:warn(134)) - af201f12-6a5d-4f7c-8339-ef82b05a5091@group-F67703B41CB5->59fe4627-77ba-4d6f-bbfd-1773d3bea00c-AppendLogResponseHandler: Failed appendEntries: org.apache.ratis.thirdparty.io.grpc.StatusRuntimeException: UNAVAILABLE: io exception
2019-09-26 16:46:18,650 [grpc-default-executor-2] INFO  impl.FollowerInfo (FollowerInfo.java:lambda$new$0(51)) - af201f12-6a5d-4f7c-8339-ef82b05a5091@group-F67703B41CB5->59fe4627-77ba-4d6f-bbfd-1773d3bea00c: nextIndex: updateUnconditionally 0 -> 0
2019-09-26 16:46:18,890 [grpc-default-executor-5] WARN  server.GrpcLogAppender (LogUtils.java:warn(134)) - 14d6961c-3415-464e-9dd6-39423b85916c@group-9DD2DA11086B->31eb9216-6704-4cc2-a524-a91f43cc4ef7-AppendLogResponseHandler: Failed appendEntries: org.apache.ratis.thirdparty.io.grpc.StatusRuntimeException: UNAVAILABLE: io exception
2019-09-26 16:46:18,890 [grpc-default-executor-5] INFO  impl.FollowerInfo (FollowerInfo.java:lambda$new$0(51)) - 14d6961c-3415-464e-9dd6-39423b85916c@group-9DD2DA11086B->31eb9216-6704-4cc2-a524-a91f43cc4ef7: nextIndex: updateUnconditionally 0 -> 0
2019-09-26 16:46:19,118 [grpc-default-executor-5] WARN  server.GrpcLogAppender (LogUtils.java:warn(134)) - b3b856ac-1ab1-4d7f-a378-339434076e6f@group-8ED6358F0D74->16d11c64-a500-4b3c-99b4-e07456a37d86-AppendLogResponseHandler: Failed appendEntries: org.apache.ratis.thirdparty.io.grpc.StatusRuntimeException: UNAVAILABLE: io exception
2019-09-26 16:46:19,119 [grpc-default-executor-5] INFO  impl.FollowerInfo (FollowerInfo.java:lambda$new$0(51)) - b3b856ac-1ab1-4d7f-a378-339434076e6f@group-8ED6358F0D74->16d11c64-a500-4b3c-99b4-e07456a37d86: nextIndex: updateUnconditionally 0 -> 0
2019-09-26 16:46:19,150 [grpc-default-executor-0] WARN  server.GrpcLogAppender (LogUtils.java:warn(134)) - af201f12-6a5d-4f7c-8339-ef82b05a5091@group-F67703B41CB5->59fe4627-77ba-4d6f-bbfd-1773d3bea00c-AppendLogResponseHandler: Failed appendEntries: org.apache.ratis.thirdparty.io.grpc.StatusRuntimeException: UNAVAILABLE: io exception
2019-09-26 16:46:19,150 [grpc-default-executor-0] INFO  impl.FollowerInfo (FollowerInfo.java:lambda$new$0(51)) - af201f12-6a5d-4f7c-8339-ef82b05a5091@group-F67703B41CB5->59fe4627-77ba-4d6f-bbfd-1773d3bea00c: nextIndex: updateUnconditionally 0 -> 0
2019-09-26 16:46:19,390 [grpc-default-executor-0] WARN  server.GrpcLogAppender (LogUtils.java:warn(134)) - 14d6961c-3415-464e-9dd6-39423b85916c@group-9DD2DA11086B->31eb9216-6704-4cc2-a524-a91f43cc4ef7-AppendLogResponseHandler: Failed appendEntries: org.apache.ratis.thirdparty.io.grpc.StatusRuntimeException: UNAVAILABLE: io exception
2019-09-26 16:46:19,390 [grpc-default-executor-0] INFO  impl.FollowerInfo (FollowerInfo.java:lambda$new$0(51)) - 14d6961c-3415-464e-9dd6-39423b85916c@group-9DD2DA11086B->31eb9216-6704-4cc2-a524-a91f43cc4ef7: nextIndex: updateUnconditionally 0 -> 0
2019-09-26 16:46:19,619 [grpc-default-executor-0] WARN  server.GrpcLogAppender (LogUtils.java:warn(134)) - b3b856ac-1ab1-4d7f-a378-339434076e6f@group-8ED6358F0D74->16d11c64-a500-4b3c-99b4-e07456a37d86-AppendLogResponseHandler: Failed appendEntries: org.apache.ratis.thirdparty.io.grpc.StatusRuntimeException: UNAVAILABLE: io exception
2019-09-26 16:46:19,619 [grpc-default-executor-0] INFO  impl.FollowerInfo (FollowerInfo.java:lambda$new$0(51)) - b3b856ac-1ab1-4d7f-a378-339434076e6f@group-8ED6358F0D74->16d11c64-a500-4b3c-99b4-e07456a37d86: nextIndex: updateUnconditionally 0 -> 0
2019-09-26 16:46:19,650 [grpc-default-executor-2] WARN  server.GrpcLogAppender (LogUtils.java:warn(134)) - af201f12-6a5d-4f7c-8339-ef82b05a5091@group-F67703B41CB5->59fe4627-77ba-4d6f-bbfd-1773d3bea00c-AppendLogResponseHandler: Failed appendEntries: org.apache.ratis.thirdparty.io.grpc.StatusRuntimeException: UNAVAILABLE: io exception
2019-09-26 16:46:19,651 [grpc-default-executor-2] INFO  impl.FollowerInfo (FollowerInfo.java:lambda$new$0(51)) - af201f12-6a5d-4f7c-8339-ef82b05a5091@group-F67703B41CB5->59fe4627-77ba-4d6f-bbfd-1773d3bea00c: nextIndex: updateUnconditionally 0 -> 0
2019-09-26 16:46:19,890 [grpc-default-executor-5] WARN  server.GrpcLogAppender (LogUtils.java:warn(134)) - 14d6961c-3415-464e-9dd6-39423b85916c@group-9DD2DA11086B->31eb9216-6704-4cc2-a524-a91f43cc4ef7-AppendLogResponseHandler: Failed appendEntries: org.apache.ratis.thirdparty.io.grpc.StatusRuntimeException: UNAVAILABLE: io exception
2019-09-26 16:46:19,891 [grpc-default-executor-5] INFO  impl.FollowerInfo (FollowerInfo.java:lambda$new$0(51)) - 14d6961c-3415-464e-9dd6-39423b85916c@group-9DD2DA11086B->31eb9216-6704-4cc2-a524-a91f43cc4ef7: nextIndex: updateUnconditionally 0 -> 0
2019-09-26 16:46:20,119 [grpc-default-executor-2] WARN  server.GrpcLogAppender (LogUtils.java:warn(134)) - b3b856ac-1ab1-4d7f-a378-339434076e6f@group-8ED6358F0D74->16d11c64-a500-4b3c-99b4-e07456a37d86-AppendLogResponseHandler: Failed appendEntries: org.apache.ratis.thirdparty.io.grpc.StatusRuntimeException: UNAVAILABLE: io exception
2019-09-26 16:46:20,120 [grpc-default-executor-2] INFO  impl.FollowerInfo (FollowerInfo.java:lambda$new$0(51)) - b3b856ac-1ab1-4d7f-a378-339434076e6f@group-8ED6358F0D74->16d11c64-a500-4b3c-99b4-e07456a37d86: nextIndex: updateUnconditionally 0 -> 0
2019-09-26 16:46:20,151 [grpc-default-executor-0] WARN  server.GrpcLogAppender (LogUtils.java:warn(134)) - af201f12-6a5d-4f7c-8339-ef82b05a5091@group-F67703B41CB5->59fe4627-77ba-4d6f-bbfd-1773d3bea00c-AppendLogResponseHandler: Failed appendEntries: org.apache.ratis.thirdparty.io.grpc.StatusRuntimeException: UNAVAILABLE: io exception
2019-09-26 16:46:20,151 [grpc-default-executor-0] INFO  impl.FollowerInfo (FollowerInfo.java:lambda$new$0(51)) - af201f12-6a5d-4f7c-8339-ef82b05a5091@group-F67703B41CB5->59fe4627-77ba-4d6f-bbfd-1773d3bea00c: nextIndex: updateUnconditionally 0 -> 0
2019-09-26 16:46:20,391 [grpc-default-executor-0] WARN  server.GrpcLogAppender (LogUtils.java:warn(134)) - 14d6961c-3415-464e-9dd6-39423b85916c@group-9DD2DA11086B->31eb9216-6704-4cc2-a524-a91f43cc4ef7-AppendLogResponseHandler: Failed appendEntries: org.apache.ratis.thirdparty.io.grpc.StatusRuntimeException: UNAVAILABLE: io exception
2019-09-26 16:46:20,391 [grpc-default-executor-0] INFO  impl.FollowerInfo (FollowerInfo.java:lambda$new$0(51)) - 14d6961c-3415-464e-9dd6-39423b85916c@group-9DD2DA11086B->31eb9216-6704-4cc2-a524-a91f43cc4ef7: nextIndex: updateUnconditionally 0 -> 0
2019-09-26 16:46:20,620 [grpc-default-executor-5] WARN  server.GrpcLogAppender (LogUtils.java:warn(134)) - b3b856ac-1ab1-4d7f-a378-339434076e6f@group-8ED6358F0D74->16d11c64-a500-4b3c-99b4-e07456a37d86-AppendLogResponseHandler: Failed appendEntries: org.apache.ratis.thirdparty.io.grpc.StatusRuntimeException: UNAVAILABLE: io exception
2019-09-26 16:46:20,620 [grpc-default-executor-5] INFO  impl.FollowerInfo (FollowerInfo.java:lambda$new$0(51)) - b3b856ac-1ab1-4d7f-a378-339434076e6f@group-8ED6358F0D74->16d11c64-a500-4b3c-99b4-e07456a37d86: nextIndex: updateUnconditionally 0 -> 0
2019-09-26 16:46:20,652 [grpc-default-executor-5] WARN  server.GrpcLogAppender (LogUtils.java:warn(134)) - af201f12-6a5d-4f7c-8339-ef82b05a5091@group-F67703B41CB5->59fe4627-77ba-4d6f-bbfd-1773d3bea00c-AppendLogResponseHandler: Failed appendEntries: org.apache.ratis.thirdparty.io.grpc.StatusRuntimeException: UNAVAILABLE: io exception
2019-09-26 16:46:20,652 [grpc-default-executor-5] INFO  impl.FollowerInfo (FollowerInfo.java:lambda$new$0(51)) - af201f12-6a5d-4f7c-8339-ef82b05a5091@group-F67703B41CB5->59fe4627-77ba-4d6f-bbfd-1773d3bea00c: nextIndex: updateUnconditionally 0 -> 0
2019-09-26 16:46:20,891 [grpc-default-executor-0] WARN  server.GrpcLogAppender (LogUtils.java:warn(134)) - 14d6961c-3415-464e-9dd6-39423b85916c@group-9DD2DA11086B->31eb9216-6704-4cc2-a524-a91f43cc4ef7-AppendLogResponseHandler: Failed appendEntries: org.apache.ratis.thirdparty.io.grpc.StatusRuntimeException: UNAVAILABLE: io exception
2019-09-26 16:46:20,892 [grpc-default-executor-0] INFO  impl.FollowerInfo (FollowerInfo.java:lambda$new$0(51)) - 14d6961c-3415-464e-9dd6-39423b85916c@group-9DD2DA11086B->31eb9216-6704-4cc2-a524-a91f43cc4ef7: nextIndex: updateUnconditionally 0 -> 0
2019-09-26 16:46:21,062 [main] INFO  ozoneimpl.OzoneContainer (OzoneContainer.java:stop(231)) - Attempting to stop container services.
2019-09-26 16:46:21,063 [main] INFO  impl.RaftServerProxy (RaftServerProxy.java:lambda$close$4(314)) - d33b97c7-2f19-4eba-ab29-dbf55e8d730b: close
2019-09-26 16:46:21,064 [main] INFO  impl.RaftServerImpl (RaftServerImpl.java:lambda$shutdown$3(251)) - d33b97c7-2f19-4eba-ab29-dbf55e8d730b@group-8ED6358F0D74: shutdown
2019-09-26 16:46:21,064 [main] INFO  util.JmxRegister (JmxRegister.java:unregister(73)) - Successfully un-registered JMX Bean with object name Ratis:service=RaftServer,group=group-8ED6358F0D74,id=d33b97c7-2f19-4eba-ab29-dbf55e8d730b
2019-09-26 16:46:21,064 [main] INFO  impl.RoleInfo (RoleInfo.java:shutdownFollowerState(121)) - d33b97c7-2f19-4eba-ab29-dbf55e8d730b: shutdown FollowerState
2019-09-26 16:46:21,065 [main] INFO  impl.StateMachineUpdater (StateMachineUpdater.java:stopAndJoin(125)) - d33b97c7-2f19-4eba-ab29-dbf55e8d730b@group-8ED6358F0D74-StateMachineUpdater: set stopIndex = 2
2019-09-26 16:46:21,065 [Thread-9394] INFO  impl.FollowerState (FollowerState.java:run(115)) - d33b97c7-2f19-4eba-ab29-dbf55e8d730b: FollowerState was interrupted: java.lang.InterruptedException: sleep interrupted
2019-09-26 16:46:21,065 [main] INFO  impl.RaftServerImpl (ServerState.java:close(385)) - d33b97c7-2f19-4eba-ab29-dbf55e8d730b@group-8ED6358F0D74: closes. applyIndex: 2
2019-09-26 16:46:21,069 [ForkJoinPool.commonPool-worker-0] INFO  ozoneimpl.OzoneContainer (OzoneContainer.java:stop(231)) - Attempting to stop container services.
2019-09-26 16:46:21,070 [d33b97c7-2f19-4eba-ab29-dbf55e8d730b@group-8ED6358F0D74-SegmentedRaftLogWorker] INFO  segmented.SegmentedRaftLogWorker (SegmentedRaftLogWorker.java:run(313)) - d33b97c7-2f19-4eba-ab29-dbf55e8d730b@group-8ED6358F0D74-SegmentedRaftLogWorker was interrupted, exiting. There are 0 tasks remaining in the queue.
2019-09-26 16:46:21,070 [ForkJoinPool.commonPool-worker-0] INFO  impl.RaftServerProxy (RaftServerProxy.java:lambda$close$4(314)) - b3b856ac-1ab1-4d7f-a378-339434076e6f: close
2019-09-26 16:46:21,073 [main] INFO  segmented.SegmentedRaftLogWorker (SegmentedRaftLogWorker.java:close(228)) - d33b97c7-2f19-4eba-ab29-dbf55e8d730b@group-8ED6358F0D74-SegmentedRaftLogWorker close()
2019-09-26 16:46:21,073 [ForkJoinPool.commonPool-worker-0] INFO  impl.RaftServerImpl (RaftServerImpl.java:lambda$shutdown$3(251)) - b3b856ac-1ab1-4d7f-a378-339434076e6f@group-8ED6358F0D74: shutdown
2019-09-26 16:46:21,077 [main] INFO  impl.RaftServerImpl (RaftServerImpl.java:lambda$shutdown$3(251)) - d33b97c7-2f19-4eba-ab29-dbf55e8d730b@group-D4A06D310E62: shutdown
2019-09-26 16:46:21,077 [ForkJoinPool.commonPool-worker-0] INFO  util.JmxRegister (JmxRegister.java:unregister(73)) - Successfully un-registered JMX Bean with object name Ratis:service=RaftServer,group=group-8ED6358F0D74,id=b3b856ac-1ab1-4d7f-a378-339434076e6f
2019-09-26 16:46:21,078 [main] INFO  util.JmxRegister (JmxRegister.java:unregister(73)) - Successfully un-registered JMX Bean with object name Ratis:service=RaftServer,group=group-D4A06D310E62,id=d33b97c7-2f19-4eba-ab29-dbf55e8d730b
2019-09-26 16:46:21,078 [ForkJoinPool.commonPool-worker-0] INFO  impl.RoleInfo (RoleInfo.java:shutdownLeaderState(104)) - b3b856ac-1ab1-4d7f-a378-339434076e6f: shutdown LeaderState
2019-09-26 16:46:21,078 [main] INFO  impl.RoleInfo (RoleInfo.java:shutdownLeaderState(104)) - d33b97c7-2f19-4eba-ab29-dbf55e8d730b: shutdown LeaderState
2019-09-26 16:46:21,082 [org.apache.ratis.server.impl.LogAppender$AppenderDaemon$$Lambda$414/452738001@33b59fd4] WARN  server.GrpcLogAppender (GrpcLogAppender.java:mayWait(143)) - b3b856ac-1ab1-4d7f-a378-339434076e6f@group-8ED6358F0D74->d33b97c7-2f19-4eba-ab29-dbf55e8d730b-GrpcLogAppender: Wait interrupted by java.lang.InterruptedException
2019-09-26 16:46:21,082 [org.apache.ratis.server.impl.LogAppender$AppenderDaemon$$Lambda$414/452738001@83c822f] WARN  server.GrpcLogAppender (GrpcLogAppender.java:mayWait(143)) - b3b856ac-1ab1-4d7f-a378-339434076e6f@group-8ED6358F0D74->16d11c64-a500-4b3c-99b4-e07456a37d86-GrpcLogAppender: Wait interrupted by java.lang.InterruptedException
2019-09-26 16:46:21,082 [ForkJoinPool.commonPool-worker-0] INFO  impl.PendingRequests (PendingRequests.java:sendNotLeaderResponses(202)) - b3b856ac-1ab1-4d7f-a378-339434076e6f-PendingRequests: sendNotLeaderResponses
2019-09-26 16:46:21,083 [grpc-default-executor-0] INFO  server.GrpcServerProtocolService (GrpcServerProtocolService.java:onCompleted(113)) - d33b97c7-2f19-4eba-ab29-dbf55e8d730b: Completed APPEND_ENTRIES, lastRequest: b3b856ac-1ab1-4d7f-a378-339434076e6f->d33b97c7-2f19-4eba-ab29-dbf55e8d730b#19-t3, previous=(t:3, i:2), leaderCommit=2, initializing? false, entries: <empty>
2019-09-26 16:46:21,083 [main] INFO  impl.PendingRequests (PendingRequests.java:sendNotLeaderResponses(202)) - d33b97c7-2f19-4eba-ab29-dbf55e8d730b-PendingRequests: sendNotLeaderResponses
2019-09-26 16:46:21,086 [grpc-default-executor-0] INFO  server.GrpcLogAppender (GrpcLogAppender.java:onCompleted(293)) - b3b856ac-1ab1-4d7f-a378-339434076e6f@group-8ED6358F0D74->d33b97c7-2f19-4eba-ab29-dbf55e8d730b-AppendLogResponseHandler: follower responses appendEntries COMPLETED
2019-09-26 16:46:21,085 [ForkJoinPool.commonPool-worker-0] INFO  impl.StateMachineUpdater (StateMachineUpdater.java:stopAndJoin(125)) - b3b856ac-1ab1-4d7f-a378-339434076e6f@group-8ED6358F0D74-StateMachineUpdater: set stopIndex = 2
2019-09-26 16:46:21,086 [grpc-default-executor-0] INFO  impl.FollowerInfo (FollowerInfo.java:lambda$new$0(51)) - b3b856ac-1ab1-4d7f-a378-339434076e6f@group-8ED6358F0D74->d33b97c7-2f19-4eba-ab29-dbf55e8d730b: nextIndex: updateUnconditionally 3 -> 2
2019-09-26 16:46:21,086 [main] INFO  impl.StateMachineUpdater (StateMachineUpdater.java:stopAndJoin(125)) - d33b97c7-2f19-4eba-ab29-dbf55e8d730b@group-D4A06D310E62-StateMachineUpdater: set stopIndex = 0
2019-09-26 16:46:21,086 [ForkJoinPool.commonPool-worker-0] INFO  impl.RaftServerImpl (ServerState.java:close(385)) - b3b856ac-1ab1-4d7f-a378-339434076e6f@group-8ED6358F0D74: closes. applyIndex: 2
2019-09-26 16:46:21,087 [main] INFO  impl.RaftServerImpl (ServerState.java:close(385)) - d33b97c7-2f19-4eba-ab29-dbf55e8d730b@group-D4A06D310E62: closes. applyIndex: 0
2019-09-26 16:46:21,087 [b3b856ac-1ab1-4d7f-a378-339434076e6f@group-8ED6358F0D74-SegmentedRaftLogWorker] INFO  segmented.SegmentedRaftLogWorker (SegmentedRaftLogWorker.java:run(313)) - b3b856ac-1ab1-4d7f-a378-339434076e6f@group-8ED6358F0D74-SegmentedRaftLogWorker was interrupted, exiting. There are 0 tasks remaining in the queue.
2019-09-26 16:46:21,090 [d33b97c7-2f19-4eba-ab29-dbf55e8d730b@group-D4A06D310E62-SegmentedRaftLogWorker] INFO  segmented.SegmentedRaftLogWorker (SegmentedRaftLogWorker.java:run(313)) - d33b97c7-2f19-4eba-ab29-dbf55e8d730b@group-D4A06D310E62-SegmentedRaftLogWorker was interrupted, exiting. There are 0 tasks remaining in the queue.
2019-09-26 16:46:21,090 [ForkJoinPool.commonPool-worker-0] INFO  segmented.SegmentedRaftLogWorker (SegmentedRaftLogWorker.java:close(228)) - b3b856ac-1ab1-4d7f-a378-339434076e6f@group-8ED6358F0D74-SegmentedRaftLogWorker close()
2019-09-26 16:46:21,092 [main] INFO  segmented.SegmentedRaftLogWorker (SegmentedRaftLogWorker.java:close(228)) - d33b97c7-2f19-4eba-ab29-dbf55e8d730b@group-D4A06D310E62-SegmentedRaftLogWorker close()
2019-09-26 16:46:21,095 [ForkJoinPool.commonPool-worker-0] INFO  impl.RaftServerImpl (RaftServerImpl.java:lambda$shutdown$3(251)) - b3b856ac-1ab1-4d7f-a378-339434076e6f@group-F3EA1B2F3D18: shutdown
2019-09-26 16:46:21,109 [main] INFO  server.GrpcService (GrpcService.java:closeImpl(164)) - d33b97c7-2f19-4eba-ab29-dbf55e8d730b: shutdown server with port 40702 now
2019-09-26 16:46:21,109 [ForkJoinPool.commonPool-worker-0] INFO  util.JmxRegister (JmxRegister.java:unregister(73)) - Successfully un-registered JMX Bean with object name Ratis:service=RaftServer,group=group-F3EA1B2F3D18,id=b3b856ac-1ab1-4d7f-a378-339434076e6f
2019-09-26 16:46:21,109 [main] INFO  server.GrpcService (GrpcService.java:closeImpl(172)) - d33b97c7-2f19-4eba-ab29-dbf55e8d730b: shutdown server with port 40702 successfully
2019-09-26 16:46:21,110 [ForkJoinPool.commonPool-worker-0] INFO  impl.RoleInfo (RoleInfo.java:shutdownLeaderState(104)) - b3b856ac-1ab1-4d7f-a378-339434076e6f: shutdown LeaderState
2019-09-26 16:46:21,110 [ForkJoinPool.commonPool-worker-0] INFO  impl.PendingRequests (PendingRequests.java:sendNotLeaderResponses(202)) - b3b856ac-1ab1-4d7f-a378-339434076e6f-PendingRequests: sendNotLeaderResponses
2019-09-26 16:46:21,111 [ForkJoinPool.commonPool-worker-0] INFO  impl.StateMachineUpdater (StateMachineUpdater.java:stopAndJoin(125)) - b3b856ac-1ab1-4d7f-a378-339434076e6f@group-F3EA1B2F3D18-StateMachineUpdater: set stopIndex = 0
2019-09-26 16:46:21,111 [ForkJoinPool.commonPool-worker-0] INFO  impl.RaftServerImpl (ServerState.java:close(385)) - b3b856ac-1ab1-4d7f-a378-339434076e6f@group-F3EA1B2F3D18: closes. applyIndex: 0
2019-09-26 16:46:21,112 [b3b856ac-1ab1-4d7f-a378-339434076e6f@group-F3EA1B2F3D18-SegmentedRaftLogWorker] INFO  segmented.SegmentedRaftLogWorker (SegmentedRaftLogWorker.java:run(313)) - b3b856ac-1ab1-4d7f-a378-339434076e6f@group-F3EA1B2F3D18-SegmentedRaftLogWorker was interrupted, exiting. There are 0 tasks remaining in the queue.
2019-09-26 16:46:21,112 [ForkJoinPool.commonPool-worker-0] INFO  segmented.SegmentedRaftLogWorker (SegmentedRaftLogWorker.java:close(228)) - b3b856ac-1ab1-4d7f-a378-339434076e6f@group-F3EA1B2F3D18-SegmentedRaftLogWorker close()
2019-09-26 16:46:21,112 [refreshUsed-/workdir/hadoop-ozone/integration-test/target/test-dir/MiniOzoneClusterImpl-2d738554-168c-4e5d-822f-b5acc277bde2/datanode-8/data/containers] WARN  fs.CachingGetSpaceUsed (CachingGetSpaceUsed.java:run(183)) - Thread Interrupted waiting to refresh disk information: sleep interrupted
2019-09-26 16:46:21,114 [ForkJoinPool.commonPool-worker-0] INFO  server.GrpcService (GrpcService.java:closeImpl(164)) - b3b856ac-1ab1-4d7f-a378-339434076e6f: shutdown server with port 36563 now
2019-09-26 16:46:21,115 [ForkJoinPool.commonPool-worker-0] INFO  server.GrpcService (GrpcService.java:closeImpl(172)) - b3b856ac-1ab1-4d7f-a378-339434076e6f: shutdown server with port 36563 successfully
2019-09-26 16:46:21,117 [refreshUsed-/workdir/hadoop-ozone/integration-test/target/test-dir/MiniOzoneClusterImpl-2d738554-168c-4e5d-822f-b5acc277bde2/datanode-4/data/containers] WARN  fs.CachingGetSpaceUsed (CachingGetSpaceUsed.java:run(183)) - Thread Interrupted waiting to refresh disk information: sleep interrupted
2019-09-26 16:46:21,130 [main] INFO  utils.BackgroundService (BackgroundService.java:shutdown(148)) - Shutting down service BlockDeletingService
2019-09-26 16:46:21,139 [main] INFO  statemachine.DatanodeStateMachine (DatanodeStateMachine.java:stopDaemon(395)) - Ozone container server stopped.
2019-09-26 16:46:21,140 [main] INFO  handler.ContextHandler (ContextHandler.java:doStop(910)) - Stopped o.e.j.w.WebAppContext@4662752a{/,null,UNAVAILABLE}{/hddsDatanode}
2019-09-26 16:46:21,141 [main] INFO  server.AbstractConnector (AbstractConnector.java:doStop(318)) - Stopped ServerConnector@693f2213{HTTP/1.1,[http/1.1]}{0.0.0.0:0}
2019-09-26 16:46:21,141 [ForkJoinPool.commonPool-worker-0] INFO  utils.BackgroundService (BackgroundService.java:shutdown(148)) - Shutting down service BlockDeletingService
2019-09-26 16:46:21,141 [main] INFO  handler.ContextHandler (ContextHandler.java:doStop(910)) - Stopped o.e.j.s.ServletContextHandler@388be5fd{/static,jar:file:/home/user/.m2/repository/org/apache/hadoop/hadoop-hdds-container-service/0.5.0-SNAPSHOT/hadoop-hdds-container-service-0.5.0-SNAPSHOT.jar!/webapps/static,UNAVAILABLE}
2019-09-26 16:46:21,142 [main] INFO  handler.ContextHandler (ContextHandler.java:doStop(910)) - Stopped o.e.j.s.ServletContextHandler@7c0df4ab{/logs,file:///workdir/hadoop-ozone/integration-test/target/log,UNAVAILABLE}
2019-09-26 16:46:21,146 [ForkJoinPool.commonPool-worker-0] INFO  statemachine.DatanodeStateMachine (DatanodeStateMachine.java:stopDaemon(395)) - Ozone container server stopped.
2019-09-26 16:46:21,151 [ForkJoinPool.commonPool-worker-0] INFO  handler.ContextHandler (ContextHandler.java:doStop(910)) - Stopped o.e.j.w.WebAppContext@2616b618{/,null,UNAVAILABLE}{/hddsDatanode}
2019-09-26 16:46:21,151 [ForkJoinPool.commonPool-worker-0] INFO  server.AbstractConnector (AbstractConnector.java:doStop(318)) - Stopped ServerConnector@73bb573d{HTTP/1.1,[http/1.1]}{0.0.0.0:0}
2019-09-26 16:46:21,153 [ForkJoinPool.commonPool-worker-0] INFO  handler.ContextHandler (ContextHandler.java:doStop(910)) - Stopped o.e.j.s.ServletContextHandler@649b5891{/static,jar:file:/home/user/.m2/repository/org/apache/hadoop/hadoop-hdds-container-service/0.5.0-SNAPSHOT/hadoop-hdds-container-service-0.5.0-SNAPSHOT.jar!/webapps/static,UNAVAILABLE}
2019-09-26 16:46:21,155 [ForkJoinPool.commonPool-worker-0] INFO  handler.ContextHandler (ContextHandler.java:doStop(910)) - Stopped o.e.j.s.ServletContextHandler@1c1fa494{/logs,file:///workdir/hadoop-ozone/integration-test/target/log,UNAVAILABLE}
2019-09-26 16:46:21,155 [grpc-default-executor-2] WARN  server.GrpcLogAppender (LogUtils.java:warn(134)) - af201f12-6a5d-4f7c-8339-ef82b05a5091@group-F67703B41CB5->59fe4627-77ba-4d6f-bbfd-1773d3bea00c-AppendLogResponseHandler: Failed appendEntries: org.apache.ratis.thirdparty.io.grpc.StatusRuntimeException: UNAVAILABLE: io exception
2019-09-26 16:46:21,155 [grpc-default-executor-2] INFO  impl.FollowerInfo (FollowerInfo.java:lambda$new$0(51)) - af201f12-6a5d-4f7c-8339-ef82b05a5091@group-F67703B41CB5->59fe4627-77ba-4d6f-bbfd-1773d3bea00c: nextIndex: updateUnconditionally 0 -> 0
2019-09-26 16:46:21,392 [grpc-default-executor-2] WARN  server.GrpcLogAppender (LogUtils.java:warn(134)) - 14d6961c-3415-464e-9dd6-39423b85916c@group-9DD2DA11086B->31eb9216-6704-4cc2-a524-a91f43cc4ef7-AppendLogResponseHandler: Failed appendEntries: org.apache.ratis.thirdparty.io.grpc.StatusRuntimeException: UNAVAILABLE: io exception
2019-09-26 16:46:21,392 [grpc-default-executor-2] INFO  impl.FollowerInfo (FollowerInfo.java:lambda$new$0(51)) - 14d6961c-3415-464e-9dd6-39423b85916c@group-9DD2DA11086B->31eb9216-6704-4cc2-a524-a91f43cc4ef7: nextIndex: updateUnconditionally 0 -> 0
2019-09-26 16:46:21,653 [grpc-default-executor-2] WARN  server.GrpcLogAppender (LogUtils.java:warn(134)) - af201f12-6a5d-4f7c-8339-ef82b05a5091@group-F67703B41CB5->59fe4627-77ba-4d6f-bbfd-1773d3bea00c-AppendLogResponseHandler: Failed appendEntries: org.apache.ratis.thirdparty.io.grpc.StatusRuntimeException: UNAVAILABLE: io exception
2019-09-26 16:46:21,653 [grpc-default-executor-2] INFO  impl.FollowerInfo (FollowerInfo.java:lambda$new$0(51)) - af201f12-6a5d-4f7c-8339-ef82b05a5091@group-F67703B41CB5->59fe4627-77ba-4d6f-bbfd-1773d3bea00c: nextIndex: updateUnconditionally 0 -> 0
2019-09-26 16:46:21,747 [Datanode State Machine Thread - 0] INFO  statemachine.DatanodeStateMachine (DatanodeStateMachine.java:lambda$startDaemon$0(350)) - Ozone container server started.
2019-09-26 16:46:21,892 [grpc-default-executor-5] WARN  server.GrpcLogAppender (LogUtils.java:warn(134)) - 14d6961c-3415-464e-9dd6-39423b85916c@group-9DD2DA11086B->31eb9216-6704-4cc2-a524-a91f43cc4ef7-AppendLogResponseHandler: Failed appendEntries: org.apache.ratis.thirdparty.io.grpc.StatusRuntimeException: UNAVAILABLE: io exception
2019-09-26 16:46:21,893 [grpc-default-executor-5] INFO  impl.FollowerInfo (FollowerInfo.java:lambda$new$0(51)) - 14d6961c-3415-464e-9dd6-39423b85916c@group-9DD2DA11086B->31eb9216-6704-4cc2-a524-a91f43cc4ef7: nextIndex: updateUnconditionally 0 -> 0
2019-09-26 16:46:22,110 [Datanode State Machine Thread - 0] INFO  statemachine.DatanodeStateMachine (DatanodeStateMachine.java:lambda$startDaemon$0(350)) - Ozone container server started.
2019-09-26 16:46:22,153 [grpc-default-executor-0] WARN  server.GrpcLogAppender (LogUtils.java:warn(134)) - af201f12-6a5d-4f7c-8339-ef82b05a5091@group-F67703B41CB5->59fe4627-77ba-4d6f-bbfd-1773d3bea00c-AppendLogResponseHandler: Failed appendEntries: org.apache.ratis.thirdparty.io.grpc.StatusRuntimeException: UNAVAILABLE: io exception
2019-09-26 16:46:22,154 [grpc-default-executor-0] INFO  impl.FollowerInfo (FollowerInfo.java:lambda$new$0(51)) - af201f12-6a5d-4f7c-8339-ef82b05a5091@group-F67703B41CB5->59fe4627-77ba-4d6f-bbfd-1773d3bea00c: nextIndex: updateUnconditionally 0 -> 0
2019-09-26 16:46:22,393 [grpc-default-executor-0] WARN  server.GrpcLogAppender (LogUtils.java:warn(134)) - 14d6961c-3415-464e-9dd6-39423b85916c@group-9DD2DA11086B->31eb9216-6704-4cc2-a524-a91f43cc4ef7-AppendLogResponseHandler: Failed appendEntries: org.apache.ratis.thirdparty.io.grpc.StatusRuntimeException: UNAVAILABLE: io exception
2019-09-26 16:46:22,393 [grpc-default-executor-0] INFO  impl.FollowerInfo (FollowerInfo.java:lambda$new$0(51)) - 14d6961c-3415-464e-9dd6-39423b85916c@group-9DD2DA11086B->31eb9216-6704-4cc2-a524-a91f43cc4ef7: nextIndex: updateUnconditionally 0 -> 0
2019-09-26 16:46:22,654 [grpc-default-executor-0] WARN  server.GrpcLogAppender (LogUtils.java:warn(134)) - af201f12-6a5d-4f7c-8339-ef82b05a5091@group-F67703B41CB5->59fe4627-77ba-4d6f-bbfd-1773d3bea00c-AppendLogResponseHandler: Failed appendEntries: org.apache.ratis.thirdparty.io.grpc.StatusRuntimeException: UNAVAILABLE: io exception
2019-09-26 16:46:22,655 [grpc-default-executor-0] INFO  impl.FollowerInfo (FollowerInfo.java:lambda$new$0(51)) - af201f12-6a5d-4f7c-8339-ef82b05a5091@group-F67703B41CB5->59fe4627-77ba-4d6f-bbfd-1773d3bea00c: nextIndex: updateUnconditionally 0 -> 0
2019-09-26 16:46:22,894 [grpc-default-executor-2] WARN  server.GrpcLogAppender (LogUtils.java:warn(134)) - 14d6961c-3415-464e-9dd6-39423b85916c@group-9DD2DA11086B->31eb9216-6704-4cc2-a524-a91f43cc4ef7-AppendLogResponseHandler: Failed appendEntries: org.apache.ratis.thirdparty.io.grpc.StatusRuntimeException: UNAVAILABLE: io exception
2019-09-26 16:46:22,894 [grpc-default-executor-2] INFO  impl.FollowerInfo (FollowerInfo.java:lambda$new$0(51)) - 14d6961c-3415-464e-9dd6-39423b85916c@group-9DD2DA11086B->31eb9216-6704-4cc2-a524-a91f43cc4ef7: nextIndex: updateUnconditionally 0 -> 0
2019-09-26 16:46:23,155 [grpc-default-executor-2] WARN  server.GrpcLogAppender (LogUtils.java:warn(134)) - af201f12-6a5d-4f7c-8339-ef82b05a5091@group-F67703B41CB5->59fe4627-77ba-4d6f-bbfd-1773d3bea00c-AppendLogResponseHandler: Failed appendEntries: org.apache.ratis.thirdparty.io.grpc.StatusRuntimeException: UNAVAILABLE: io exception
2019-09-26 16:46:23,156 [grpc-default-executor-2] INFO  impl.FollowerInfo (FollowerInfo.java:lambda$new$0(51)) - af201f12-6a5d-4f7c-8339-ef82b05a5091@group-F67703B41CB5->59fe4627-77ba-4d6f-bbfd-1773d3bea00c: nextIndex: updateUnconditionally 0 -> 0
2019-09-26 16:46:23,394 [grpc-default-executor-2] WARN  server.GrpcLogAppender (LogUtils.java:warn(134)) - 14d6961c-3415-464e-9dd6-39423b85916c@group-9DD2DA11086B->31eb9216-6704-4cc2-a524-a91f43cc4ef7-AppendLogResponseHandler: Failed appendEntries: org.apache.ratis.thirdparty.io.grpc.StatusRuntimeException: UNAVAILABLE: io exception
2019-09-26 16:46:23,394 [grpc-default-executor-2] INFO  impl.FollowerInfo (FollowerInfo.java:lambda$new$0(51)) - 14d6961c-3415-464e-9dd6-39423b85916c@group-9DD2DA11086B->31eb9216-6704-4cc2-a524-a91f43cc4ef7: nextIndex: updateUnconditionally 0 -> 0
2019-09-26 16:46:23,655 [grpc-default-executor-5] WARN  server.GrpcLogAppender (LogUtils.java:warn(134)) - af201f12-6a5d-4f7c-8339-ef82b05a5091@group-F67703B41CB5->59fe4627-77ba-4d6f-bbfd-1773d3bea00c-AppendLogResponseHandler: Failed appendEntries: org.apache.ratis.thirdparty.io.grpc.StatusRuntimeException: UNAVAILABLE: io exception
2019-09-26 16:46:23,656 [grpc-default-executor-5] INFO  impl.FollowerInfo (FollowerInfo.java:lambda$new$0(51)) - af201f12-6a5d-4f7c-8339-ef82b05a5091@group-F67703B41CB5->59fe4627-77ba-4d6f-bbfd-1773d3bea00c: nextIndex: updateUnconditionally 0 -> 0
2019-09-26 16:46:23,895 [grpc-default-executor-0] WARN  server.GrpcLogAppender (LogUtils.java:warn(134)) - 14d6961c-3415-464e-9dd6-39423b85916c@group-9DD2DA11086B->31eb9216-6704-4cc2-a524-a91f43cc4ef7-AppendLogResponseHandler: Failed appendEntries: org.apache.ratis.thirdparty.io.grpc.StatusRuntimeException: UNAVAILABLE: io exception
2019-09-26 16:46:23,895 [grpc-default-executor-0] INFO  impl.FollowerInfo (FollowerInfo.java:lambda$new$0(51)) - 14d6961c-3415-464e-9dd6-39423b85916c@group-9DD2DA11086B->31eb9216-6704-4cc2-a524-a91f43cc4ef7: nextIndex: updateUnconditionally 0 -> 0
2019-09-26 16:46:24,156 [grpc-default-executor-0] WARN  server.GrpcLogAppender (LogUtils.java:warn(134)) - af201f12-6a5d-4f7c-8339-ef82b05a5091@group-F67703B41CB5->59fe4627-77ba-4d6f-bbfd-1773d3bea00c-AppendLogResponseHandler: Failed appendEntries: org.apache.ratis.thirdparty.io.grpc.StatusRuntimeException: UNAVAILABLE: io exception
2019-09-26 16:46:24,157 [grpc-default-executor-0] INFO  impl.FollowerInfo (FollowerInfo.java:lambda$new$0(51)) - af201f12-6a5d-4f7c-8339-ef82b05a5091@group-F67703B41CB5->59fe4627-77ba-4d6f-bbfd-1773d3bea00c: nextIndex: updateUnconditionally 0 -> 0
2019-09-26 16:46:24,395 [grpc-default-executor-5] WARN  server.GrpcLogAppender (LogUtils.java:warn(134)) - 14d6961c-3415-464e-9dd6-39423b85916c@group-9DD2DA11086B->31eb9216-6704-4cc2-a524-a91f43cc4ef7-AppendLogResponseHandler: Failed appendEntries: org.apache.ratis.thirdparty.io.grpc.StatusRuntimeException: UNAVAILABLE: io exception
2019-09-26 16:46:24,395 [grpc-default-executor-5] INFO  impl.FollowerInfo (FollowerInfo.java:lambda$new$0(51)) - 14d6961c-3415-464e-9dd6-39423b85916c@group-9DD2DA11086B->31eb9216-6704-4cc2-a524-a91f43cc4ef7: nextIndex: updateUnconditionally 0 -> 0
2019-09-26 16:46:24,657 [grpc-default-executor-5] WARN  server.GrpcLogAppender (LogUtils.java:warn(134)) - af201f12-6a5d-4f7c-8339-ef82b05a5091@group-F67703B41CB5->59fe4627-77ba-4d6f-bbfd-1773d3bea00c-AppendLogResponseHandler: Failed appendEntries: org.apache.ratis.thirdparty.io.grpc.StatusRuntimeException: UNAVAILABLE: io exception
2019-09-26 16:46:24,657 [grpc-default-executor-5] INFO  impl.FollowerInfo (FollowerInfo.java:lambda$new$0(51)) - af201f12-6a5d-4f7c-8339-ef82b05a5091@group-F67703B41CB5->59fe4627-77ba-4d6f-bbfd-1773d3bea00c: nextIndex: updateUnconditionally 0 -> 0
2019-09-26 16:46:24,896 [grpc-default-executor-2] WARN  server.GrpcLogAppender (LogUtils.java:warn(134)) - 14d6961c-3415-464e-9dd6-39423b85916c@group-9DD2DA11086B->31eb9216-6704-4cc2-a524-a91f43cc4ef7-AppendLogResponseHandler: Failed appendEntries: org.apache.ratis.thirdparty.io.grpc.StatusRuntimeException: UNAVAILABLE: io exception
2019-09-26 16:46:24,896 [grpc-default-executor-2] INFO  impl.FollowerInfo (FollowerInfo.java:lambda$new$0(51)) - 14d6961c-3415-464e-9dd6-39423b85916c@group-9DD2DA11086B->31eb9216-6704-4cc2-a524-a91f43cc4ef7: nextIndex: updateUnconditionally 0 -> 0
2019-09-26 16:46:25,158 [grpc-default-executor-0] WARN  server.GrpcLogAppender (LogUtils.java:warn(134)) - af201f12-6a5d-4f7c-8339-ef82b05a5091@group-F67703B41CB5->59fe4627-77ba-4d6f-bbfd-1773d3bea00c-AppendLogResponseHandler: Failed appendEntries: org.apache.ratis.thirdparty.io.grpc.StatusRuntimeException: UNAVAILABLE: io exception
2019-09-26 16:46:25,158 [grpc-default-executor-0] INFO  impl.FollowerInfo (FollowerInfo.java:lambda$new$0(51)) - af201f12-6a5d-4f7c-8339-ef82b05a5091@group-F67703B41CB5->59fe4627-77ba-4d6f-bbfd-1773d3bea00c: nextIndex: updateUnconditionally 0 -> 0
2019-09-26 16:46:25,396 [grpc-default-executor-0] WARN  server.GrpcLogAppender (LogUtils.java:warn(134)) - 14d6961c-3415-464e-9dd6-39423b85916c@group-9DD2DA11086B->31eb9216-6704-4cc2-a524-a91f43cc4ef7-AppendLogResponseHandler: Failed appendEntries: org.apache.ratis.thirdparty.io.grpc.StatusRuntimeException: UNAVAILABLE: io exception
2019-09-26 16:46:25,397 [grpc-default-executor-0] INFO  impl.FollowerInfo (FollowerInfo.java:lambda$new$0(51)) - 14d6961c-3415-464e-9dd6-39423b85916c@group-9DD2DA11086B->31eb9216-6704-4cc2-a524-a91f43cc4ef7: nextIndex: updateUnconditionally 0 -> 0
2019-09-26 16:46:25,658 [grpc-default-executor-0] WARN  server.GrpcLogAppender (LogUtils.java:warn(134)) - af201f12-6a5d-4f7c-8339-ef82b05a5091@group-F67703B41CB5->59fe4627-77ba-4d6f-bbfd-1773d3bea00c-AppendLogResponseHandler: Failed appendEntries: org.apache.ratis.thirdparty.io.grpc.StatusRuntimeException: UNAVAILABLE: io exception
2019-09-26 16:46:25,659 [grpc-default-executor-0] INFO  impl.FollowerInfo (FollowerInfo.java:lambda$new$0(51)) - af201f12-6a5d-4f7c-8339-ef82b05a5091@group-F67703B41CB5->59fe4627-77ba-4d6f-bbfd-1773d3bea00c: nextIndex: updateUnconditionally 0 -> 0
2019-09-26 16:46:25,898 [grpc-default-executor-2] WARN  server.GrpcLogAppender (LogUtils.java:warn(134)) - 14d6961c-3415-464e-9dd6-39423b85916c@group-9DD2DA11086B->31eb9216-6704-4cc2-a524-a91f43cc4ef7-AppendLogResponseHandler: Failed appendEntries: org.apache.ratis.thirdparty.io.grpc.StatusRuntimeException: UNAVAILABLE: io exception
2019-09-26 16:46:25,898 [grpc-default-executor-2] INFO  impl.FollowerInfo (FollowerInfo.java:lambda$new$0(51)) - 14d6961c-3415-464e-9dd6-39423b85916c@group-9DD2DA11086B->31eb9216-6704-4cc2-a524-a91f43cc4ef7: nextIndex: updateUnconditionally 0 -> 0
2019-09-26 16:46:26,150 [main] INFO  ozoneimpl.OzoneContainer (OzoneContainer.java:stop(231)) - Attempting to stop container services.
2019-09-26 16:46:26,151 [main] INFO  impl.RaftServerProxy (RaftServerProxy.java:lambda$close$4(314)) - af201f12-6a5d-4f7c-8339-ef82b05a5091: close
2019-09-26 16:46:26,151 [main] INFO  impl.RaftServerImpl (RaftServerImpl.java:lambda$shutdown$3(251)) - af201f12-6a5d-4f7c-8339-ef82b05a5091@group-F67703B41CB5: shutdown
2019-09-26 16:46:26,152 [main] INFO  util.JmxRegister (JmxRegister.java:unregister(73)) - Successfully un-registered JMX Bean with object name Ratis:service=RaftServer,group=group-F67703B41CB5,id=af201f12-6a5d-4f7c-8339-ef82b05a5091
2019-09-26 16:46:26,152 [main] INFO  impl.RoleInfo (RoleInfo.java:shutdownLeaderState(104)) - af201f12-6a5d-4f7c-8339-ef82b05a5091: shutdown LeaderState
2019-09-26 16:46:26,158 [org.apache.ratis.server.impl.LogAppender$AppenderDaemon$$Lambda$414/452738001@19eb384] WARN  server.GrpcLogAppender (GrpcLogAppender.java:mayWait(143)) - af201f12-6a5d-4f7c-8339-ef82b05a5091@group-F67703B41CB5->59fe4627-77ba-4d6f-bbfd-1773d3bea00c-GrpcLogAppender: Wait interrupted by java.lang.InterruptedException
2019-09-26 16:46:26,158 [main] INFO  impl.PendingRequests (PendingRequests.java:sendNotLeaderResponses(202)) - af201f12-6a5d-4f7c-8339-ef82b05a5091-PendingRequests: sendNotLeaderResponses
2019-09-26 16:46:26,158 [ForkJoinPool.commonPool-worker-0] INFO  ozoneimpl.OzoneContainer (OzoneContainer.java:stop(231)) - Attempting to stop container services.
2019-09-26 16:46:26,158 [org.apache.ratis.server.impl.LogAppender$AppenderDaemon$$Lambda$414/452738001@40b83ce0] WARN  server.GrpcLogAppender (GrpcLogAppender.java:mayWait(143)) - af201f12-6a5d-4f7c-8339-ef82b05a5091@group-F67703B41CB5->0ded38ee-67df-4068-adb8-539d3d8b400f-GrpcLogAppender: Wait interrupted by java.lang.InterruptedException
2019-09-26 16:46:26,161 [ForkJoinPool.commonPool-worker-0] INFO  impl.RaftServerProxy (RaftServerProxy.java:lambda$close$4(314)) - fd591185-5708-46de-8886-568dd8f93a08: close
2019-09-26 16:46:26,161 [main] INFO  impl.StateMachineUpdater (StateMachineUpdater.java:stopAndJoin(125)) - af201f12-6a5d-4f7c-8339-ef82b05a5091@group-F67703B41CB5-StateMachineUpdater: set stopIndex = 2
2019-09-26 16:46:26,162 [grpc-default-executor-2] INFO  server.GrpcServerProtocolService (GrpcServerProtocolService.java:onCompleted(113)) - 0ded38ee-67df-4068-adb8-539d3d8b400f: Completed APPEND_ENTRIES, lastRequest: af201f12-6a5d-4f7c-8339-ef82b05a5091->0ded38ee-67df-4068-adb8-539d3d8b400f#19-t2, previous=(t:2, i:2), leaderCommit=2, initializing? false, entries: <empty>
2019-09-26 16:46:26,161 [ForkJoinPool.commonPool-worker-0] INFO  impl.RaftServerImpl (RaftServerImpl.java:lambda$shutdown$3(251)) - fd591185-5708-46de-8886-568dd8f93a08@group-A7F424CAD813: shutdown
2019-09-26 16:46:26,162 [main] INFO  impl.RaftServerImpl (ServerState.java:close(385)) - af201f12-6a5d-4f7c-8339-ef82b05a5091@group-F67703B41CB5: closes. applyIndex: 2
2019-09-26 16:46:26,162 [grpc-default-executor-2] INFO  server.GrpcLogAppender (GrpcLogAppender.java:onCompleted(293)) - af201f12-6a5d-4f7c-8339-ef82b05a5091@group-F67703B41CB5->0ded38ee-67df-4068-adb8-539d3d8b400f-AppendLogResponseHandler: follower responses appendEntries COMPLETED
2019-09-26 16:46:26,163 [af201f12-6a5d-4f7c-8339-ef82b05a5091@group-F67703B41CB5-SegmentedRaftLogWorker] INFO  segmented.SegmentedRaftLogWorker (SegmentedRaftLogWorker.java:run(313)) - af201f12-6a5d-4f7c-8339-ef82b05a5091@group-F67703B41CB5-SegmentedRaftLogWorker was interrupted, exiting. There are 0 tasks remaining in the queue.
2019-09-26 16:46:26,162 [ForkJoinPool.commonPool-worker-0] INFO  util.JmxRegister (JmxRegister.java:unregister(73)) - Successfully un-registered JMX Bean with object name Ratis:service=RaftServer,group=group-A7F424CAD813,id=fd591185-5708-46de-8886-568dd8f93a08
2019-09-26 16:46:26,163 [main] INFO  segmented.SegmentedRaftLogWorker (SegmentedRaftLogWorker.java:close(228)) - af201f12-6a5d-4f7c-8339-ef82b05a5091@group-F67703B41CB5-SegmentedRaftLogWorker close()
2019-09-26 16:46:26,163 [grpc-default-executor-2] INFO  impl.FollowerInfo (FollowerInfo.java:lambda$new$0(51)) - af201f12-6a5d-4f7c-8339-ef82b05a5091@group-F67703B41CB5->0ded38ee-67df-4068-adb8-539d3d8b400f: nextIndex: updateUnconditionally 3 -> 2
2019-09-26 16:46:26,166 [main] INFO  impl.RaftServerImpl (RaftServerImpl.java:lambda$shutdown$3(251)) - af201f12-6a5d-4f7c-8339-ef82b05a5091@group-79CFAEB4611F: shutdown
2019-09-26 16:46:26,166 [main] INFO  util.JmxRegister (JmxRegister.java:unregister(73)) - Successfully un-registered JMX Bean with object name Ratis:service=RaftServer,group=group-79CFAEB4611F,id=af201f12-6a5d-4f7c-8339-ef82b05a5091
2019-09-26 16:46:26,167 [main] INFO  impl.RoleInfo (RoleInfo.java:shutdownLeaderState(104)) - af201f12-6a5d-4f7c-8339-ef82b05a5091: shutdown LeaderState
2019-09-26 16:46:26,163 [ForkJoinPool.commonPool-worker-0] INFO  impl.RoleInfo (RoleInfo.java:shutdownLeaderState(104)) - fd591185-5708-46de-8886-568dd8f93a08: shutdown LeaderState
2019-09-26 16:46:26,167 [main] INFO  impl.PendingRequests (PendingRequests.java:sendNotLeaderResponses(202)) - af201f12-6a5d-4f7c-8339-ef82b05a5091-PendingRequests: sendNotLeaderResponses
2019-09-26 16:46:26,168 [ForkJoinPool.commonPool-worker-0] INFO  impl.PendingRequests (PendingRequests.java:sendNotLeaderResponses(202)) - fd591185-5708-46de-8886-568dd8f93a08-PendingRequests: sendNotLeaderResponses
2019-09-26 16:46:26,168 [main] INFO  impl.StateMachineUpdater (StateMachineUpdater.java:stopAndJoin(125)) - af201f12-6a5d-4f7c-8339-ef82b05a5091@group-79CFAEB4611F-StateMachineUpdater: set stopIndex = 0
2019-09-26 16:46:26,169 [main] INFO  impl.RaftServerImpl (ServerState.java:close(385)) - af201f12-6a5d-4f7c-8339-ef82b05a5091@group-79CFAEB4611F: closes. applyIndex: 0
2019-09-26 16:46:26,168 [ForkJoinPool.commonPool-worker-0] INFO  impl.StateMachineUpdater (StateMachineUpdater.java:stopAndJoin(125)) - fd591185-5708-46de-8886-568dd8f93a08@group-A7F424CAD813-StateMachineUpdater: set stopIndex = 0
2019-09-26 16:46:26,169 [af201f12-6a5d-4f7c-8339-ef82b05a5091@group-79CFAEB4611F-SegmentedRaftLogWorker] INFO  segmented.SegmentedRaftLogWorker (SegmentedRaftLogWorker.java:run(313)) - af201f12-6a5d-4f7c-8339-ef82b05a5091@group-79CFAEB4611F-SegmentedRaftLogWorker was interrupted, exiting. There are 0 tasks remaining in the queue.
2019-09-26 16:46:26,170 [ForkJoinPool.commonPool-worker-0] INFO  impl.RaftServerImpl (ServerState.java:close(385)) - fd591185-5708-46de-8886-568dd8f93a08@group-A7F424CAD813: closes. applyIndex: 0
2019-09-26 16:46:26,170 [main] INFO  segmented.SegmentedRaftLogWorker (SegmentedRaftLogWorker.java:close(228)) - af201f12-6a5d-4f7c-8339-ef82b05a5091@group-79CFAEB4611F-SegmentedRaftLogWorker close()
2019-09-26 16:46:26,170 [fd591185-5708-46de-8886-568dd8f93a08@group-A7F424CAD813-SegmentedRaftLogWorker] INFO  segmented.SegmentedRaftLogWorker (SegmentedRaftLogWorker.java:run(313)) - fd591185-5708-46de-8886-568dd8f93a08@group-A7F424CAD813-SegmentedRaftLogWorker was interrupted, exiting. There are 0 tasks remaining in the queue.
2019-09-26 16:46:26,172 [main] INFO  server.GrpcService (GrpcService.java:closeImpl(164)) - af201f12-6a5d-4f7c-8339-ef82b05a5091: shutdown server with port 43417 now
2019-09-26 16:46:26,172 [ForkJoinPool.commonPool-worker-0] INFO  segmented.SegmentedRaftLogWorker (SegmentedRaftLogWorker.java:close(228)) - fd591185-5708-46de-8886-568dd8f93a08@group-A7F424CAD813-SegmentedRaftLogWorker close()
2019-09-26 16:46:26,173 [main] INFO  server.GrpcService (GrpcService.java:closeImpl(172)) - af201f12-6a5d-4f7c-8339-ef82b05a5091: shutdown server with port 43417 successfully
2019-09-26 16:46:26,175 [ForkJoinPool.commonPool-worker-0] INFO  impl.RaftServerImpl (RaftServerImpl.java:lambda$shutdown$3(251)) - fd591185-5708-46de-8886-568dd8f93a08@group-9DD2DA11086B: shutdown
2019-09-26 16:46:26,176 [ForkJoinPool.commonPool-worker-0] INFO  util.JmxRegister (JmxRegister.java:unregister(73)) - Successfully un-registered JMX Bean with object name Ratis:service=RaftServer,group=group-9DD2DA11086B,id=fd591185-5708-46de-8886-568dd8f93a08
2019-09-26 16:46:26,176 [ForkJoinPool.commonPool-worker-0] INFO  impl.RoleInfo (RoleInfo.java:shutdownFollowerState(121)) - fd591185-5708-46de-8886-568dd8f93a08: shutdown FollowerState
2019-09-26 16:46:26,176 [ForkJoinPool.commonPool-worker-0] INFO  impl.StateMachineUpdater (StateMachineUpdater.java:stopAndJoin(125)) - fd591185-5708-46de-8886-568dd8f93a08@group-9DD2DA11086B-StateMachineUpdater: set stopIndex = 0
2019-09-26 16:46:26,177 [Thread-7930] INFO  impl.FollowerState (FollowerState.java:run(115)) - fd591185-5708-46de-8886-568dd8f93a08: FollowerState was interrupted: java.lang.InterruptedException: sleep interrupted
2019-09-26 16:46:26,177 [ForkJoinPool.commonPool-worker-0] INFO  impl.RaftServerImpl (ServerState.java:close(385)) - fd591185-5708-46de-8886-568dd8f93a08@group-9DD2DA11086B: closes. applyIndex: 0
2019-09-26 16:46:26,178 [refreshUsed-/workdir/hadoop-ozone/integration-test/target/test-dir/MiniOzoneClusterImpl-2d738554-168c-4e5d-822f-b5acc277bde2/datanode-9/data/containers] WARN  fs.CachingGetSpaceUsed (CachingGetSpaceUsed.java:run(183)) - Thread Interrupted waiting to refresh disk information: sleep interrupted
2019-09-26 16:46:26,178 [fd591185-5708-46de-8886-568dd8f93a08@group-9DD2DA11086B-SegmentedRaftLogWorker] INFO  segmented.SegmentedRaftLogWorker (SegmentedRaftLogWorker.java:run(313)) - fd591185-5708-46de-8886-568dd8f93a08@group-9DD2DA11086B-SegmentedRaftLogWorker was interrupted, exiting. There are 0 tasks remaining in the queue.
2019-09-26 16:46:26,179 [ForkJoinPool.commonPool-worker-0] INFO  segmented.SegmentedRaftLogWorker (SegmentedRaftLogWorker.java:close(228)) - fd591185-5708-46de-8886-568dd8f93a08@group-9DD2DA11086B-SegmentedRaftLogWorker close()
2019-09-26 16:46:26,181 [ForkJoinPool.commonPool-worker-0] INFO  server.GrpcService (GrpcService.java:closeImpl(164)) - fd591185-5708-46de-8886-568dd8f93a08: shutdown server with port 36726 now
2019-09-26 16:46:26,182 [grpc-default-executor-0] WARN  server.GrpcServerProtocolService (LogUtils.java:warn(134)) - fd591185-5708-46de-8886-568dd8f93a08: installSnapshot onError, lastRequest: 14d6961c-3415-464e-9dd6-39423b85916c->fd591185-5708-46de-8886-568dd8f93a08#260-t1, previous=(t:1, i:0), leaderCommit=0, initializing? false, entries: <empty>: org.apache.ratis.thirdparty.io.grpc.StatusRuntimeException: CANCELLED: cancelled before receiving half close
2019-09-26 16:46:26,182 [ForkJoinPool.commonPool-worker-0] INFO  server.GrpcService (GrpcService.java:closeImpl(172)) - fd591185-5708-46de-8886-568dd8f93a08: shutdown server with port 36726 successfully
2019-09-26 16:46:26,183 [grpc-default-executor-2] WARN  server.GrpcLogAppender (LogUtils.java:warn(134)) - 14d6961c-3415-464e-9dd6-39423b85916c@group-9DD2DA11086B->fd591185-5708-46de-8886-568dd8f93a08-AppendLogResponseHandler: Failed appendEntries: org.apache.ratis.thirdparty.io.grpc.StatusRuntimeException: CANCELLED: HTTP/2 error code: CANCEL
Received Rst Stream
2019-09-26 16:46:26,183 [grpc-default-executor-2] INFO  impl.FollowerInfo (FollowerInfo.java:lambda$new$0(51)) - 14d6961c-3415-464e-9dd6-39423b85916c@group-9DD2DA11086B->fd591185-5708-46de-8886-568dd8f93a08: nextIndex: updateUnconditionally 1 -> 0
2019-09-26 16:46:26,187 [refreshUsed-/workdir/hadoop-ozone/integration-test/target/test-dir/MiniOzoneClusterImpl-2d738554-168c-4e5d-822f-b5acc277bde2/datanode-0/data/containers] WARN  fs.CachingGetSpaceUsed (CachingGetSpaceUsed.java:run(183)) - Thread Interrupted waiting to refresh disk information: sleep interrupted
2019-09-26 16:46:26,201 [main] INFO  utils.BackgroundService (BackgroundService.java:shutdown(148)) - Shutting down service BlockDeletingService
2019-09-26 16:46:26,206 [main] INFO  statemachine.DatanodeStateMachine (DatanodeStateMachine.java:stopDaemon(395)) - Ozone container server stopped.
2019-09-26 16:46:26,208 [main] INFO  handler.ContextHandler (ContextHandler.java:doStop(910)) - Stopped o.e.j.w.WebAppContext@2a484710{/,null,UNAVAILABLE}{/hddsDatanode}
2019-09-26 16:46:26,209 [ForkJoinPool.commonPool-worker-0] INFO  utils.BackgroundService (BackgroundService.java:shutdown(148)) - Shutting down service BlockDeletingService
2019-09-26 16:46:26,209 [main] INFO  server.AbstractConnector (AbstractConnector.java:doStop(318)) - Stopped ServerConnector@661e1399{HTTP/1.1,[http/1.1]}{0.0.0.0:0}
2019-09-26 16:46:26,213 [main] INFO  handler.ContextHandler (ContextHandler.java:doStop(910)) - Stopped o.e.j.s.ServletContextHandler@62e73ab6{/static,jar:file:/home/user/.m2/repository/org/apache/hadoop/hadoop-hdds-container-service/0.5.0-SNAPSHOT/hadoop-hdds-container-service-0.5.0-SNAPSHOT.jar!/webapps/static,UNAVAILABLE}
2019-09-26 16:46:26,215 [ForkJoinPool.commonPool-worker-0] INFO  statemachine.DatanodeStateMachine (DatanodeStateMachine.java:stopDaemon(395)) - Ozone container server stopped.
2019-09-26 16:46:26,215 [main] INFO  handler.ContextHandler (ContextHandler.java:doStop(910)) - Stopped o.e.j.s.ServletContextHandler@4e17442f{/logs,file:///workdir/hadoop-ozone/integration-test/target/log,UNAVAILABLE}
2019-09-26 16:46:26,221 [ForkJoinPool.commonPool-worker-0] INFO  handler.ContextHandler (ContextHandler.java:doStop(910)) - Stopped o.e.j.w.WebAppContext@21274afe{/,null,UNAVAILABLE}{/hddsDatanode}
2019-09-26 16:46:26,222 [ForkJoinPool.commonPool-worker-0] INFO  server.AbstractConnector (AbstractConnector.java:doStop(318)) - Stopped ServerConnector@76a362a4{HTTP/1.1,[http/1.1]}{0.0.0.0:0}
2019-09-26 16:46:26,224 [ForkJoinPool.commonPool-worker-0] INFO  handler.ContextHandler (ContextHandler.java:doStop(910)) - Stopped o.e.j.s.ServletContextHandler@5763a655{/static,jar:file:/home/user/.m2/repository/org/apache/hadoop/hadoop-hdds-container-service/0.5.0-SNAPSHOT/hadoop-hdds-container-service-0.5.0-SNAPSHOT.jar!/webapps/static,UNAVAILABLE}
2019-09-26 16:46:26,226 [ForkJoinPool.commonPool-worker-0] INFO  handler.ContextHandler (ContextHandler.java:doStop(910)) - Stopped o.e.j.s.ServletContextHandler@78c74647{/logs,file:///workdir/hadoop-ozone/integration-test/target/log,UNAVAILABLE}
2019-09-26 16:46:26,398 [grpc-default-executor-5] WARN  server.GrpcLogAppender (LogUtils.java:warn(134)) - 14d6961c-3415-464e-9dd6-39423b85916c@group-9DD2DA11086B->31eb9216-6704-4cc2-a524-a91f43cc4ef7-AppendLogResponseHandler: Failed appendEntries: org.apache.ratis.thirdparty.io.grpc.StatusRuntimeException: UNAVAILABLE: io exception
2019-09-26 16:46:26,398 [grpc-default-executor-5] INFO  impl.FollowerInfo (FollowerInfo.java:lambda$new$0(51)) - 14d6961c-3415-464e-9dd6-39423b85916c@group-9DD2DA11086B->31eb9216-6704-4cc2-a524-a91f43cc4ef7: nextIndex: updateUnconditionally 0 -> 0
2019-09-26 16:46:26,422 [grpc-default-executor-2] WARN  server.GrpcLogAppender (LogUtils.java:warn(134)) - 14d6961c-3415-464e-9dd6-39423b85916c@group-9DD2DA11086B->fd591185-5708-46de-8886-568dd8f93a08-AppendLogResponseHandler: Failed appendEntries: org.apache.ratis.thirdparty.io.grpc.StatusRuntimeException: UNAVAILABLE: io exception
2019-09-26 16:46:26,423 [grpc-default-executor-2] INFO  impl.FollowerInfo (FollowerInfo.java:lambda$new$0(51)) - 14d6961c-3415-464e-9dd6-39423b85916c@group-9DD2DA11086B->fd591185-5708-46de-8886-568dd8f93a08: nextIndex: updateUnconditionally 0 -> 0
2019-09-26 16:46:26,750 [Datanode State Machine Thread - 0] INFO  statemachine.DatanodeStateMachine (DatanodeStateMachine.java:lambda$startDaemon$0(350)) - Ozone container server started.
2019-09-26 16:46:26,898 [grpc-default-executor-2] WARN  server.GrpcLogAppender (LogUtils.java:warn(134)) - 14d6961c-3415-464e-9dd6-39423b85916c@group-9DD2DA11086B->31eb9216-6704-4cc2-a524-a91f43cc4ef7-AppendLogResponseHandler: Failed appendEntries: org.apache.ratis.thirdparty.io.grpc.StatusRuntimeException: UNAVAILABLE: io exception
2019-09-26 16:46:26,899 [grpc-default-executor-2] INFO  impl.FollowerInfo (FollowerInfo.java:lambda$new$0(51)) - 14d6961c-3415-464e-9dd6-39423b85916c@group-9DD2DA11086B->31eb9216-6704-4cc2-a524-a91f43cc4ef7: nextIndex: updateUnconditionally 0 -> 0
2019-09-26 16:46:26,923 [grpc-default-executor-2] WARN  server.GrpcLogAppender (LogUtils.java:warn(134)) - 14d6961c-3415-464e-9dd6-39423b85916c@group-9DD2DA11086B->fd591185-5708-46de-8886-568dd8f93a08-AppendLogResponseHandler: Failed appendEntries: org.apache.ratis.thirdparty.io.grpc.StatusRuntimeException: UNAVAILABLE: io exception
2019-09-26 16:46:26,923 [grpc-default-executor-2] INFO  impl.FollowerInfo (FollowerInfo.java:lambda$new$0(51)) - 14d6961c-3415-464e-9dd6-39423b85916c@group-9DD2DA11086B->fd591185-5708-46de-8886-568dd8f93a08: nextIndex: updateUnconditionally 0 -> 0
2019-09-26 16:46:26,931 [Thread-9449] INFO  impl.FollowerState (FollowerState.java:run(106)) - 0ded38ee-67df-4068-adb8-539d3d8b400f:group-F67703B41CB5 changes to CANDIDATE, lastRpcTime:1261, electionTimeout:1120ms
2019-09-26 16:46:26,931 [Thread-9449] INFO  impl.RoleInfo (RoleInfo.java:shutdownFollowerState(121)) - 0ded38ee-67df-4068-adb8-539d3d8b400f: shutdown FollowerState
2019-09-26 16:46:26,932 [Thread-9449] INFO  impl.RaftServerImpl (RaftServerImpl.java:setRole(174)) - 0ded38ee-67df-4068-adb8-539d3d8b400f@group-F67703B41CB5: changes role from  FOLLOWER to CANDIDATE at term 2 for changeToCandidate
2019-09-26 16:46:26,932 [Thread-9449] INFO  impl.RoleInfo (RoleInfo.java:updateAndGet(143)) - 0ded38ee-67df-4068-adb8-539d3d8b400f: start LeaderElection
2019-09-26 16:46:26,934 [0ded38ee-67df-4068-adb8-539d3d8b400f@group-F67703B41CB5:LeaderElection104] INFO  impl.RaftServerImpl (ServerState.java:setLeader(253)) - 0ded38ee-67df-4068-adb8-539d3d8b400f@group-F67703B41CB5: change Leader from af201f12-6a5d-4f7c-8339-ef82b05a5091 to null at term 2 for initElection
2019-09-26 16:46:26,949 [0ded38ee-67df-4068-adb8-539d3d8b400f@group-F67703B41CB5:LeaderElection104] INFO  impl.LeaderElection (LeaderElection.java:askForVotes(182)) - 0ded38ee-67df-4068-adb8-539d3d8b400f@group-F67703B41CB5:LeaderElection104: begin an election at term 3 for 1: [59fe4627-77ba-4d6f-bbfd-1773d3bea00c:192.168.157.234:45861, af201f12-6a5d-4f7c-8339-ef82b05a5091:192.168.157.234:43417, 0ded38ee-67df-4068-adb8-539d3d8b400f:192.168.157.234:34114], old=null
2019-09-26 16:46:26,951 [0ded38ee-67df-4068-adb8-539d3d8b400f@group-F67703B41CB5:LeaderElection104] INFO  impl.LeaderElection (LogUtils.java:infoOrTrace(149)) - 0ded38ee-67df-4068-adb8-539d3d8b400f@group-F67703B41CB5:LeaderElection104 got exception when requesting votes: {}
java.util.concurrent.ExecutionException: org.apache.ratis.thirdparty.io.grpc.StatusRuntimeException: UNAVAILABLE: io exception
	at java.util.concurrent.FutureTask.report(FutureTask.java:122)
	at java.util.concurrent.FutureTask.get(FutureTask.java:192)
	at org.apache.ratis.server.impl.LeaderElection.waitForResults(LeaderElection.java:263)
	at org.apache.ratis.server.impl.LeaderElection.askForVotes(LeaderElection.java:201)
	at org.apache.ratis.server.impl.LeaderElection.run(LeaderElection.java:133)
	at java.lang.Thread.run(Thread.java:748)
Caused by: org.apache.ratis.thirdparty.io.grpc.StatusRuntimeException: UNAVAILABLE: io exception
	at org.apache.ratis.thirdparty.io.grpc.stub.ClientCalls.toStatusRuntimeException(ClientCalls.java:233)
	at org.apache.ratis.thirdparty.io.grpc.stub.ClientCalls.getUnchecked(ClientCalls.java:214)
	at org.apache.ratis.thirdparty.io.grpc.stub.ClientCalls.blockingUnaryCall(ClientCalls.java:139)
	at org.apache.ratis.proto.grpc.RaftServerProtocolServiceGrpc$RaftServerProtocolServiceBlockingStub.requestVote(RaftServerProtocolServiceGrpc.java:265)
	at org.apache.ratis.grpc.server.GrpcServerProtocolClient.requestVote(GrpcServerProtocolClient.java:90)
	at org.apache.ratis.grpc.server.GrpcService.requestVote(GrpcService.java:204)
	at org.apache.ratis.server.impl.LeaderElection.lambda$submitRequests$1(LeaderElection.java:238)
	at java.util.concurrent.FutureTask.run(FutureTask.java:266)
	at java.util.concurrent.Executors$RunnableAdapter.call(Executors.java:511)
	at java.util.concurrent.FutureTask.run(FutureTask.java:266)
	at java.util.concurrent.ThreadPoolExecutor.runWorker(ThreadPoolExecutor.java:1149)
	at java.util.concurrent.ThreadPoolExecutor$Worker.run(ThreadPoolExecutor.java:624)
	... 1 more
Caused by: org.apache.ratis.thirdparty.io.netty.channel.AbstractChannel$AnnotatedConnectException: Connection refused: /192.168.157.234:45861
	at sun.nio.ch.SocketChannelImpl.checkConnect(Native Method)
	at sun.nio.ch.SocketChannelImpl.finishConnect(SocketChannelImpl.java:717)
	at org.apache.ratis.thirdparty.io.netty.channel.socket.nio.NioSocketChannel.doFinishConnect(NioSocketChannel.java:327)
	at org.apache.ratis.thirdparty.io.netty.channel.nio.AbstractNioChannel$AbstractNioUnsafe.finishConnect(AbstractNioChannel.java:340)
	at org.apache.ratis.thirdparty.io.netty.channel.nio.NioEventLoop.processSelectedKey(NioEventLoop.java:632)
	at org.apache.ratis.thirdparty.io.netty.channel.nio.NioEventLoop.processSelectedKeysOptimized(NioEventLoop.java:579)
	at org.apache.ratis.thirdparty.io.netty.channel.nio.NioEventLoop.processSelectedKeys(NioEventLoop.java:496)
	at org.apache.ratis.thirdparty.io.netty.channel.nio.NioEventLoop.run(NioEventLoop.java:458)
	at org.apache.ratis.thirdparty.io.netty.util.concurrent.SingleThreadEventExecutor$5.run(SingleThreadEventExecutor.java:897)
	at org.apache.ratis.thirdparty.io.netty.util.concurrent.FastThreadLocalRunnable.run(FastThreadLocalRunnable.java:30)
	... 1 more
Caused by: java.net.ConnectException: Connection refused
	... 11 more
2019-09-26 16:46:26,954 [0ded38ee-67df-4068-adb8-539d3d8b400f@group-F67703B41CB5:LeaderElection104] INFO  impl.LeaderElection (LogUtils.java:infoOrTrace(149)) - 0ded38ee-67df-4068-adb8-539d3d8b400f@group-F67703B41CB5:LeaderElection104 got exception when requesting votes: {}
java.util.concurrent.ExecutionException: org.apache.ratis.thirdparty.io.grpc.StatusRuntimeException: UNAVAILABLE: io exception
	at java.util.concurrent.FutureTask.report(FutureTask.java:122)
	at java.util.concurrent.FutureTask.get(FutureTask.java:192)
	at org.apache.ratis.server.impl.LeaderElection.waitForResults(LeaderElection.java:263)
	at org.apache.ratis.server.impl.LeaderElection.askForVotes(LeaderElection.java:201)
	at org.apache.ratis.server.impl.LeaderElection.run(LeaderElection.java:133)
	at java.lang.Thread.run(Thread.java:748)
Caused by: org.apache.ratis.thirdparty.io.grpc.StatusRuntimeException: UNAVAILABLE: io exception
	at org.apache.ratis.thirdparty.io.grpc.stub.ClientCalls.toStatusRuntimeException(ClientCalls.java:233)
	at org.apache.ratis.thirdparty.io.grpc.stub.ClientCalls.getUnchecked(ClientCalls.java:214)
	at org.apache.ratis.thirdparty.io.grpc.stub.ClientCalls.blockingUnaryCall(ClientCalls.java:139)
	at org.apache.ratis.proto.grpc.RaftServerProtocolServiceGrpc$RaftServerProtocolServiceBlockingStub.requestVote(RaftServerProtocolServiceGrpc.java:265)
	at org.apache.ratis.grpc.server.GrpcServerProtocolClient.requestVote(GrpcServerProtocolClient.java:90)
	at org.apache.ratis.grpc.server.GrpcService.requestVote(GrpcService.java:204)
	at org.apache.ratis.server.impl.LeaderElection.lambda$submitRequests$1(LeaderElection.java:238)
	at java.util.concurrent.FutureTask.run(FutureTask.java:266)
	at java.util.concurrent.Executors$RunnableAdapter.call(Executors.java:511)
	at java.util.concurrent.FutureTask.run(FutureTask.java:266)
	at java.util.concurrent.ThreadPoolExecutor.runWorker(ThreadPoolExecutor.java:1149)
	at java.util.concurrent.ThreadPoolExecutor$Worker.run(ThreadPoolExecutor.java:624)
	... 1 more
Caused by: org.apache.ratis.thirdparty.io.netty.channel.AbstractChannel$AnnotatedConnectException: Connection refused: /192.168.157.234:43417
	at sun.nio.ch.SocketChannelImpl.checkConnect(Native Method)
	at sun.nio.ch.SocketChannelImpl.finishConnect(SocketChannelImpl.java:717)
	at org.apache.ratis.thirdparty.io.netty.channel.socket.nio.NioSocketChannel.doFinishConnect(NioSocketChannel.java:327)
	at org.apache.ratis.thirdparty.io.netty.channel.nio.AbstractNioChannel$AbstractNioUnsafe.finishConnect(AbstractNioChannel.java:340)
	at org.apache.ratis.thirdparty.io.netty.channel.nio.NioEventLoop.processSelectedKey(NioEventLoop.java:632)
	at org.apache.ratis.thirdparty.io.netty.channel.nio.NioEventLoop.processSelectedKeysOptimized(NioEventLoop.java:579)
	at org.apache.ratis.thirdparty.io.netty.channel.nio.NioEventLoop.processSelectedKeys(NioEventLoop.java:496)
	at org.apache.ratis.thirdparty.io.netty.channel.nio.NioEventLoop.run(NioEventLoop.java:458)
	at org.apache.ratis.thirdparty.io.netty.util.concurrent.SingleThreadEventExecutor$5.run(SingleThreadEventExecutor.java:897)
	at org.apache.ratis.thirdparty.io.netty.util.concurrent.FastThreadLocalRunnable.run(FastThreadLocalRunnable.java:30)
	... 1 more
Caused by: java.net.ConnectException: Connection refused
	... 11 more
2019-09-26 16:46:26,956 [0ded38ee-67df-4068-adb8-539d3d8b400f@group-F67703B41CB5:LeaderElection104] INFO  impl.LeaderElection (LeaderElection.java:logAndReturn(56)) - 0ded38ee-67df-4068-adb8-539d3d8b400f@group-F67703B41CB5:LeaderElection104: Election REJECTED; received 0 response(s) [] and 2 exception(s); 0ded38ee-67df-4068-adb8-539d3d8b400f@group-F67703B41CB5:t3, leader=null, voted=0ded38ee-67df-4068-adb8-539d3d8b400f, raftlog=0ded38ee-67df-4068-adb8-539d3d8b400f@group-F67703B41CB5-SegmentedRaftLog:OPENED:c2,f2,i2, conf=1: [59fe4627-77ba-4d6f-bbfd-1773d3bea00c:192.168.157.234:45861, af201f12-6a5d-4f7c-8339-ef82b05a5091:192.168.157.234:43417, 0ded38ee-67df-4068-adb8-539d3d8b400f:192.168.157.234:34114], old=null
2019-09-26 16:46:26,956 [0ded38ee-67df-4068-adb8-539d3d8b400f@group-F67703B41CB5:LeaderElection104] INFO  impl.LeaderElection (LogUtils.java:infoOrTrace(149)) -   Exception 0: {}
java.util.concurrent.ExecutionException: org.apache.ratis.thirdparty.io.grpc.StatusRuntimeException: UNAVAILABLE: io exception
	at java.util.concurrent.FutureTask.report(FutureTask.java:122)
	at java.util.concurrent.FutureTask.get(FutureTask.java:192)
	at org.apache.ratis.server.impl.LeaderElection.waitForResults(LeaderElection.java:263)
	at org.apache.ratis.server.impl.LeaderElection.askForVotes(LeaderElection.java:201)
	at org.apache.ratis.server.impl.LeaderElection.run(LeaderElection.java:133)
	at java.lang.Thread.run(Thread.java:748)
Caused by: org.apache.ratis.thirdparty.io.grpc.StatusRuntimeException: UNAVAILABLE: io exception
	at org.apache.ratis.thirdparty.io.grpc.stub.ClientCalls.toStatusRuntimeException(ClientCalls.java:233)
	at org.apache.ratis.thirdparty.io.grpc.stub.ClientCalls.getUnchecked(ClientCalls.java:214)
	at org.apache.ratis.thirdparty.io.grpc.stub.ClientCalls.blockingUnaryCall(ClientCalls.java:139)
	at org.apache.ratis.proto.grpc.RaftServerProtocolServiceGrpc$RaftServerProtocolServiceBlockingStub.requestVote(RaftServerProtocolServiceGrpc.java:265)
	at org.apache.ratis.grpc.server.GrpcServerProtocolClient.requestVote(GrpcServerProtocolClient.java:90)
	at org.apache.ratis.grpc.server.GrpcService.requestVote(GrpcService.java:204)
	at org.apache.ratis.server.impl.LeaderElection.lambda$submitRequests$1(LeaderElection.java:238)
	at java.util.concurrent.FutureTask.run(FutureTask.java:266)
	at java.util.concurrent.Executors$RunnableAdapter.call(Executors.java:511)
	at java.util.concurrent.FutureTask.run(FutureTask.java:266)
	at java.util.concurrent.ThreadPoolExecutor.runWorker(ThreadPoolExecutor.java:1149)
	at java.util.concurrent.ThreadPoolExecutor$Worker.run(ThreadPoolExecutor.java:624)
	... 1 more
Caused by: org.apache.ratis.thirdparty.io.netty.channel.AbstractChannel$AnnotatedConnectException: Connection refused: /192.168.157.234:45861
	at sun.nio.ch.SocketChannelImpl.checkConnect(Native Method)
	at sun.nio.ch.SocketChannelImpl.finishConnect(SocketChannelImpl.java:717)
	at org.apache.ratis.thirdparty.io.netty.channel.socket.nio.NioSocketChannel.doFinishConnect(NioSocketChannel.java:327)
	at org.apache.ratis.thirdparty.io.netty.channel.nio.AbstractNioChannel$AbstractNioUnsafe.finishConnect(AbstractNioChannel.java:340)
	at org.apache.ratis.thirdparty.io.netty.channel.nio.NioEventLoop.processSelectedKey(NioEventLoop.java:632)
	at org.apache.ratis.thirdparty.io.netty.channel.nio.NioEventLoop.processSelectedKeysOptimized(NioEventLoop.java:579)
	at org.apache.ratis.thirdparty.io.netty.channel.nio.NioEventLoop.processSelectedKeys(NioEventLoop.java:496)
	at org.apache.ratis.thirdparty.io.netty.channel.nio.NioEventLoop.run(NioEventLoop.java:458)
	at org.apache.ratis.thirdparty.io.netty.util.concurrent.SingleThreadEventExecutor$5.run(SingleThreadEventExecutor.java:897)
	at org.apache.ratis.thirdparty.io.netty.util.concurrent.FastThreadLocalRunnable.run(FastThreadLocalRunnable.java:30)
	... 1 more
Caused by: java.net.ConnectException: Connection refused
	... 11 more
2019-09-26 16:46:26,957 [0ded38ee-67df-4068-adb8-539d3d8b400f@group-F67703B41CB5:LeaderElection104] INFO  impl.LeaderElection (LogUtils.java:infoOrTrace(149)) -   Exception 1: {}
java.util.concurrent.ExecutionException: org.apache.ratis.thirdparty.io.grpc.StatusRuntimeException: UNAVAILABLE: io exception
	at java.util.concurrent.FutureTask.report(FutureTask.java:122)
	at java.util.concurrent.FutureTask.get(FutureTask.java:192)
	at org.apache.ratis.server.impl.LeaderElection.waitForResults(LeaderElection.java:263)
	at org.apache.ratis.server.impl.LeaderElection.askForVotes(LeaderElection.java:201)
	at org.apache.ratis.server.impl.LeaderElection.run(LeaderElection.java:133)
	at java.lang.Thread.run(Thread.java:748)
Caused by: org.apache.ratis.thirdparty.io.grpc.StatusRuntimeException: UNAVAILABLE: io exception
	at org.apache.ratis.thirdparty.io.grpc.stub.ClientCalls.toStatusRuntimeException(ClientCalls.java:233)
	at org.apache.ratis.thirdparty.io.grpc.stub.ClientCalls.getUnchecked(ClientCalls.java:214)
	at org.apache.ratis.thirdparty.io.grpc.stub.ClientCalls.blockingUnaryCall(ClientCalls.java:139)
	at org.apache.ratis.proto.grpc.RaftServerProtocolServiceGrpc$RaftServerProtocolServiceBlockingStub.requestVote(RaftServerProtocolServiceGrpc.java:265)
	at org.apache.ratis.grpc.server.GrpcServerProtocolClient.requestVote(GrpcServerProtocolClient.java:90)
	at org.apache.ratis.grpc.server.GrpcService.requestVote(GrpcService.java:204)
	at org.apache.ratis.server.impl.LeaderElection.lambda$submitRequests$1(LeaderElection.java:238)
	at java.util.concurrent.FutureTask.run(FutureTask.java:266)
	at java.util.concurrent.Executors$RunnableAdapter.call(Executors.java:511)
	at java.util.concurrent.FutureTask.run(FutureTask.java:266)
	at java.util.concurrent.ThreadPoolExecutor.runWorker(ThreadPoolExecutor.java:1149)
	at java.util.concurrent.ThreadPoolExecutor$Worker.run(ThreadPoolExecutor.java:624)
	... 1 more
Caused by: org.apache.ratis.thirdparty.io.netty.channel.AbstractChannel$AnnotatedConnectException: Connection refused: /192.168.157.234:43417
	at sun.nio.ch.SocketChannelImpl.checkConnect(Native Method)
	at sun.nio.ch.SocketChannelImpl.finishConnect(SocketChannelImpl.java:717)
	at org.apache.ratis.thirdparty.io.netty.channel.socket.nio.NioSocketChannel.doFinishConnect(NioSocketChannel.java:327)
	at org.apache.ratis.thirdparty.io.netty.channel.nio.AbstractNioChannel$AbstractNioUnsafe.finishConnect(AbstractNioChannel.java:340)
	at org.apache.ratis.thirdparty.io.netty.channel.nio.NioEventLoop.processSelectedKey(NioEventLoop.java:632)
	at org.apache.ratis.thirdparty.io.netty.channel.nio.NioEventLoop.processSelectedKeysOptimized(NioEventLoop.java:579)
	at org.apache.ratis.thirdparty.io.netty.channel.nio.NioEventLoop.processSelectedKeys(NioEventLoop.java:496)
	at org.apache.ratis.thirdparty.io.netty.channel.nio.NioEventLoop.run(NioEventLoop.java:458)
	at org.apache.ratis.thirdparty.io.netty.util.concurrent.SingleThreadEventExecutor$5.run(SingleThreadEventExecutor.java:897)
	at org.apache.ratis.thirdparty.io.netty.util.concurrent.FastThreadLocalRunnable.run(FastThreadLocalRunnable.java:30)
	... 1 more
Caused by: java.net.ConnectException: Connection refused
	... 11 more
2019-09-26 16:46:26,957 [0ded38ee-67df-4068-adb8-539d3d8b400f@group-F67703B41CB5:LeaderElection104] INFO  impl.RaftServerImpl (RaftServerImpl.java:setRole(174)) - 0ded38ee-67df-4068-adb8-539d3d8b400f@group-F67703B41CB5: changes role from CANDIDATE to FOLLOWER at term 3 for DISCOVERED_A_NEW_TERM
2019-09-26 16:46:26,958 [0ded38ee-67df-4068-adb8-539d3d8b400f@group-F67703B41CB5:LeaderElection104] INFO  impl.RoleInfo (RoleInfo.java:shutdownLeaderElection(134)) - 0ded38ee-67df-4068-adb8-539d3d8b400f: shutdown LeaderElection
2019-09-26 16:46:26,958 [0ded38ee-67df-4068-adb8-539d3d8b400f@group-F67703B41CB5:LeaderElection104] INFO  impl.RoleInfo (RoleInfo.java:updateAndGet(143)) - 0ded38ee-67df-4068-adb8-539d3d8b400f: start FollowerState
2019-09-26 16:46:27,161 [Datanode State Machine Thread - 0] INFO  statemachine.DatanodeStateMachine (DatanodeStateMachine.java:lambda$startDaemon$0(350)) - Ozone container server started.
2019-09-26 16:46:27,399 [grpc-default-executor-5] WARN  server.GrpcLogAppender (LogUtils.java:warn(134)) - 14d6961c-3415-464e-9dd6-39423b85916c@group-9DD2DA11086B->31eb9216-6704-4cc2-a524-a91f43cc4ef7-AppendLogResponseHandler: Failed appendEntries: org.apache.ratis.thirdparty.io.grpc.StatusRuntimeException: UNAVAILABLE: io exception
2019-09-26 16:46:27,399 [grpc-default-executor-5] INFO  impl.FollowerInfo (FollowerInfo.java:lambda$new$0(51)) - 14d6961c-3415-464e-9dd6-39423b85916c@group-9DD2DA11086B->31eb9216-6704-4cc2-a524-a91f43cc4ef7: nextIndex: updateUnconditionally 0 -> 0
2019-09-26 16:46:27,423 [grpc-default-executor-0] WARN  server.GrpcLogAppender (LogUtils.java:warn(134)) - 14d6961c-3415-464e-9dd6-39423b85916c@group-9DD2DA11086B->fd591185-5708-46de-8886-568dd8f93a08-AppendLogResponseHandler: Failed appendEntries: org.apache.ratis.thirdparty.io.grpc.StatusRuntimeException: UNAVAILABLE: io exception
2019-09-26 16:46:27,424 [grpc-default-executor-0] INFO  impl.FollowerInfo (FollowerInfo.java:lambda$new$0(51)) - 14d6961c-3415-464e-9dd6-39423b85916c@group-9DD2DA11086B->fd591185-5708-46de-8886-568dd8f93a08: nextIndex: updateUnconditionally 0 -> 0
2019-09-26 16:46:27,899 [grpc-default-executor-2] WARN  server.GrpcLogAppender (LogUtils.java:warn(134)) - 14d6961c-3415-464e-9dd6-39423b85916c@group-9DD2DA11086B->31eb9216-6704-4cc2-a524-a91f43cc4ef7-AppendLogResponseHandler: Failed appendEntries: org.apache.ratis.thirdparty.io.grpc.StatusRuntimeException: UNAVAILABLE: io exception
2019-09-26 16:46:27,900 [grpc-default-executor-2] INFO  impl.FollowerInfo (FollowerInfo.java:lambda$new$0(51)) - 14d6961c-3415-464e-9dd6-39423b85916c@group-9DD2DA11086B->31eb9216-6704-4cc2-a524-a91f43cc4ef7: nextIndex: updateUnconditionally 0 -> 0
2019-09-26 16:46:27,924 [grpc-default-executor-2] WARN  server.GrpcLogAppender (LogUtils.java:warn(134)) - 14d6961c-3415-464e-9dd6-39423b85916c@group-9DD2DA11086B->fd591185-5708-46de-8886-568dd8f93a08-AppendLogResponseHandler: Failed appendEntries: org.apache.ratis.thirdparty.io.grpc.StatusRuntimeException: UNAVAILABLE: io exception
2019-09-26 16:46:27,924 [grpc-default-executor-2] INFO  impl.FollowerInfo (FollowerInfo.java:lambda$new$0(51)) - 14d6961c-3415-464e-9dd6-39423b85916c@group-9DD2DA11086B->fd591185-5708-46de-8886-568dd8f93a08: nextIndex: updateUnconditionally 0 -> 0
2019-09-26 16:46:28,059 [Thread-9504] INFO  impl.FollowerState (FollowerState.java:run(106)) - 0ded38ee-67df-4068-adb8-539d3d8b400f:group-F67703B41CB5 changes to CANDIDATE, lastRpcTime:1101, electionTimeout:1101ms
2019-09-26 16:46:28,060 [Thread-9504] INFO  impl.RoleInfo (RoleInfo.java:shutdownFollowerState(121)) - 0ded38ee-67df-4068-adb8-539d3d8b400f: shutdown FollowerState
2019-09-26 16:46:28,060 [Thread-9504] INFO  impl.RaftServerImpl (RaftServerImpl.java:setRole(174)) - 0ded38ee-67df-4068-adb8-539d3d8b400f@group-F67703B41CB5: changes role from  FOLLOWER to CANDIDATE at term 3 for changeToCandidate
2019-09-26 16:46:28,060 [Thread-9504] INFO  impl.RoleInfo (RoleInfo.java:updateAndGet(143)) - 0ded38ee-67df-4068-adb8-539d3d8b400f: start LeaderElection
2019-09-26 16:46:28,077 [0ded38ee-67df-4068-adb8-539d3d8b400f@group-F67703B41CB5:LeaderElection105] INFO  impl.LeaderElection (LeaderElection.java:askForVotes(182)) - 0ded38ee-67df-4068-adb8-539d3d8b400f@group-F67703B41CB5:LeaderElection105: begin an election at term 4 for 1: [59fe4627-77ba-4d6f-bbfd-1773d3bea00c:192.168.157.234:45861, af201f12-6a5d-4f7c-8339-ef82b05a5091:192.168.157.234:43417, 0ded38ee-67df-4068-adb8-539d3d8b400f:192.168.157.234:34114], old=null
2019-09-26 16:46:28,078 [0ded38ee-67df-4068-adb8-539d3d8b400f@group-F67703B41CB5:LeaderElection105] INFO  impl.LeaderElection (LogUtils.java:infoOrTrace(149)) - 0ded38ee-67df-4068-adb8-539d3d8b400f@group-F67703B41CB5:LeaderElection105 got exception when requesting votes: {}
java.util.concurrent.ExecutionException: org.apache.ratis.thirdparty.io.grpc.StatusRuntimeException: UNAVAILABLE: io exception
	at java.util.concurrent.FutureTask.report(FutureTask.java:122)
	at java.util.concurrent.FutureTask.get(FutureTask.java:192)
	at org.apache.ratis.server.impl.LeaderElection.waitForResults(LeaderElection.java:263)
	at org.apache.ratis.server.impl.LeaderElection.askForVotes(LeaderElection.java:201)
	at org.apache.ratis.server.impl.LeaderElection.run(LeaderElection.java:133)
	at java.lang.Thread.run(Thread.java:748)
Caused by: org.apache.ratis.thirdparty.io.grpc.StatusRuntimeException: UNAVAILABLE: io exception
	at org.apache.ratis.thirdparty.io.grpc.stub.ClientCalls.toStatusRuntimeException(ClientCalls.java:233)
	at org.apache.ratis.thirdparty.io.grpc.stub.ClientCalls.getUnchecked(ClientCalls.java:214)
	at org.apache.ratis.thirdparty.io.grpc.stub.ClientCalls.blockingUnaryCall(ClientCalls.java:139)
	at org.apache.ratis.proto.grpc.RaftServerProtocolServiceGrpc$RaftServerProtocolServiceBlockingStub.requestVote(RaftServerProtocolServiceGrpc.java:265)
	at org.apache.ratis.grpc.server.GrpcServerProtocolClient.requestVote(GrpcServerProtocolClient.java:90)
	at org.apache.ratis.grpc.server.GrpcService.requestVote(GrpcService.java:204)
	at org.apache.ratis.server.impl.LeaderElection.lambda$submitRequests$1(LeaderElection.java:238)
	at java.util.concurrent.FutureTask.run(FutureTask.java:266)
	at java.util.concurrent.Executors$RunnableAdapter.call(Executors.java:511)
	at java.util.concurrent.FutureTask.run(FutureTask.java:266)
	at java.util.concurrent.ThreadPoolExecutor.runWorker(ThreadPoolExecutor.java:1149)
	at java.util.concurrent.ThreadPoolExecutor$Worker.run(ThreadPoolExecutor.java:624)
	... 1 more
Caused by: org.apache.ratis.thirdparty.io.netty.channel.AbstractChannel$AnnotatedConnectException: Connection refused: /192.168.157.234:45861
	at sun.nio.ch.SocketChannelImpl.checkConnect(Native Method)
	at sun.nio.ch.SocketChannelImpl.finishConnect(SocketChannelImpl.java:717)
	at org.apache.ratis.thirdparty.io.netty.channel.socket.nio.NioSocketChannel.doFinishConnect(NioSocketChannel.java:327)
	at org.apache.ratis.thirdparty.io.netty.channel.nio.AbstractNioChannel$AbstractNioUnsafe.finishConnect(AbstractNioChannel.java:340)
	at org.apache.ratis.thirdparty.io.netty.channel.nio.NioEventLoop.processSelectedKey(NioEventLoop.java:632)
	at org.apache.ratis.thirdparty.io.netty.channel.nio.NioEventLoop.processSelectedKeysOptimized(NioEventLoop.java:579)
	at org.apache.ratis.thirdparty.io.netty.channel.nio.NioEventLoop.processSelectedKeys(NioEventLoop.java:496)
	at org.apache.ratis.thirdparty.io.netty.channel.nio.NioEventLoop.run(NioEventLoop.java:458)
	at org.apache.ratis.thirdparty.io.netty.util.concurrent.SingleThreadEventExecutor$5.run(SingleThreadEventExecutor.java:897)
	at org.apache.ratis.thirdparty.io.netty.util.concurrent.FastThreadLocalRunnable.run(FastThreadLocalRunnable.java:30)
	... 1 more
Caused by: java.net.ConnectException: Connection refused
	... 11 more
2019-09-26 16:46:28,080 [0ded38ee-67df-4068-adb8-539d3d8b400f@group-F67703B41CB5:LeaderElection105] INFO  impl.LeaderElection (LogUtils.java:infoOrTrace(149)) - 0ded38ee-67df-4068-adb8-539d3d8b400f@group-F67703B41CB5:LeaderElection105 got exception when requesting votes: {}
java.util.concurrent.ExecutionException: org.apache.ratis.thirdparty.io.grpc.StatusRuntimeException: UNAVAILABLE: io exception
	at java.util.concurrent.FutureTask.report(FutureTask.java:122)
	at java.util.concurrent.FutureTask.get(FutureTask.java:192)
	at org.apache.ratis.server.impl.LeaderElection.waitForResults(LeaderElection.java:263)
	at org.apache.ratis.server.impl.LeaderElection.askForVotes(LeaderElection.java:201)
	at org.apache.ratis.server.impl.LeaderElection.run(LeaderElection.java:133)
	at java.lang.Thread.run(Thread.java:748)
Caused by: org.apache.ratis.thirdparty.io.grpc.StatusRuntimeException: UNAVAILABLE: io exception
	at org.apache.ratis.thirdparty.io.grpc.stub.ClientCalls.toStatusRuntimeException(ClientCalls.java:233)
	at org.apache.ratis.thirdparty.io.grpc.stub.ClientCalls.getUnchecked(ClientCalls.java:214)
	at org.apache.ratis.thirdparty.io.grpc.stub.ClientCalls.blockingUnaryCall(ClientCalls.java:139)
	at org.apache.ratis.proto.grpc.RaftServerProtocolServiceGrpc$RaftServerProtocolServiceBlockingStub.requestVote(RaftServerProtocolServiceGrpc.java:265)
	at org.apache.ratis.grpc.server.GrpcServerProtocolClient.requestVote(GrpcServerProtocolClient.java:90)
	at org.apache.ratis.grpc.server.GrpcService.requestVote(GrpcService.java:204)
	at org.apache.ratis.server.impl.LeaderElection.lambda$submitRequests$1(LeaderElection.java:238)
	at java.util.concurrent.FutureTask.run(FutureTask.java:266)
	at java.util.concurrent.Executors$RunnableAdapter.call(Executors.java:511)
	at java.util.concurrent.FutureTask.run(FutureTask.java:266)
	at java.util.concurrent.ThreadPoolExecutor.runWorker(ThreadPoolExecutor.java:1149)
	at java.util.concurrent.ThreadPoolExecutor$Worker.run(ThreadPoolExecutor.java:624)
	... 1 more
Caused by: org.apache.ratis.thirdparty.io.netty.channel.AbstractChannel$AnnotatedConnectException: Connection refused: /192.168.157.234:43417
	at sun.nio.ch.SocketChannelImpl.checkConnect(Native Method)
	at sun.nio.ch.SocketChannelImpl.finishConnect(SocketChannelImpl.java:717)
	at org.apache.ratis.thirdparty.io.netty.channel.socket.nio.NioSocketChannel.doFinishConnect(NioSocketChannel.java:327)
	at org.apache.ratis.thirdparty.io.netty.channel.nio.AbstractNioChannel$AbstractNioUnsafe.finishConnect(AbstractNioChannel.java:340)
	at org.apache.ratis.thirdparty.io.netty.channel.nio.NioEventLoop.processSelectedKey(NioEventLoop.java:632)
	at org.apache.ratis.thirdparty.io.netty.channel.nio.NioEventLoop.processSelectedKeysOptimized(NioEventLoop.java:579)
	at org.apache.ratis.thirdparty.io.netty.channel.nio.NioEventLoop.processSelectedKeys(NioEventLoop.java:496)
	at org.apache.ratis.thirdparty.io.netty.channel.nio.NioEventLoop.run(NioEventLoop.java:458)
	at org.apache.ratis.thirdparty.io.netty.util.concurrent.SingleThreadEventExecutor$5.run(SingleThreadEventExecutor.java:897)
	at org.apache.ratis.thirdparty.io.netty.util.concurrent.FastThreadLocalRunnable.run(FastThreadLocalRunnable.java:30)
	... 1 more
Caused by: java.net.ConnectException: Connection refused
	... 11 more
2019-09-26 16:46:28,083 [0ded38ee-67df-4068-adb8-539d3d8b400f@group-F67703B41CB5:LeaderElection105] INFO  impl.LeaderElection (LeaderElection.java:logAndReturn(56)) - 0ded38ee-67df-4068-adb8-539d3d8b400f@group-F67703B41CB5:LeaderElection105: Election REJECTED; received 0 response(s) [] and 2 exception(s); 0ded38ee-67df-4068-adb8-539d3d8b400f@group-F67703B41CB5:t4, leader=null, voted=0ded38ee-67df-4068-adb8-539d3d8b400f, raftlog=0ded38ee-67df-4068-adb8-539d3d8b400f@group-F67703B41CB5-SegmentedRaftLog:OPENED:c2,f2,i2, conf=1: [59fe4627-77ba-4d6f-bbfd-1773d3bea00c:192.168.157.234:45861, af201f12-6a5d-4f7c-8339-ef82b05a5091:192.168.157.234:43417, 0ded38ee-67df-4068-adb8-539d3d8b400f:192.168.157.234:34114], old=null
2019-09-26 16:46:28,083 [0ded38ee-67df-4068-adb8-539d3d8b400f@group-F67703B41CB5:LeaderElection105] INFO  impl.LeaderElection (LogUtils.java:infoOrTrace(149)) -   Exception 0: {}
java.util.concurrent.ExecutionException: org.apache.ratis.thirdparty.io.grpc.StatusRuntimeException: UNAVAILABLE: io exception
	at java.util.concurrent.FutureTask.report(FutureTask.java:122)
	at java.util.concurrent.FutureTask.get(FutureTask.java:192)
	at org.apache.ratis.server.impl.LeaderElection.waitForResults(LeaderElection.java:263)
	at org.apache.ratis.server.impl.LeaderElection.askForVotes(LeaderElection.java:201)
	at org.apache.ratis.server.impl.LeaderElection.run(LeaderElection.java:133)
	at java.lang.Thread.run(Thread.java:748)
Caused by: org.apache.ratis.thirdparty.io.grpc.StatusRuntimeException: UNAVAILABLE: io exception
	at org.apache.ratis.thirdparty.io.grpc.stub.ClientCalls.toStatusRuntimeException(ClientCalls.java:233)
	at org.apache.ratis.thirdparty.io.grpc.stub.ClientCalls.getUnchecked(ClientCalls.java:214)
	at org.apache.ratis.thirdparty.io.grpc.stub.ClientCalls.blockingUnaryCall(ClientCalls.java:139)
	at org.apache.ratis.proto.grpc.RaftServerProtocolServiceGrpc$RaftServerProtocolServiceBlockingStub.requestVote(RaftServerProtocolServiceGrpc.java:265)
	at org.apache.ratis.grpc.server.GrpcServerProtocolClient.requestVote(GrpcServerProtocolClient.java:90)
	at org.apache.ratis.grpc.server.GrpcService.requestVote(GrpcService.java:204)
	at org.apache.ratis.server.impl.LeaderElection.lambda$submitRequests$1(LeaderElection.java:238)
	at java.util.concurrent.FutureTask.run(FutureTask.java:266)
	at java.util.concurrent.Executors$RunnableAdapter.call(Executors.java:511)
	at java.util.concurrent.FutureTask.run(FutureTask.java:266)
	at java.util.concurrent.ThreadPoolExecutor.runWorker(ThreadPoolExecutor.java:1149)
	at java.util.concurrent.ThreadPoolExecutor$Worker.run(ThreadPoolExecutor.java:624)
	... 1 more
Caused by: org.apache.ratis.thirdparty.io.netty.channel.AbstractChannel$AnnotatedConnectException: Connection refused: /192.168.157.234:45861
	at sun.nio.ch.SocketChannelImpl.checkConnect(Native Method)
	at sun.nio.ch.SocketChannelImpl.finishConnect(SocketChannelImpl.java:717)
	at org.apache.ratis.thirdparty.io.netty.channel.socket.nio.NioSocketChannel.doFinishConnect(NioSocketChannel.java:327)
	at org.apache.ratis.thirdparty.io.netty.channel.nio.AbstractNioChannel$AbstractNioUnsafe.finishConnect(AbstractNioChannel.java:340)
	at org.apache.ratis.thirdparty.io.netty.channel.nio.NioEventLoop.processSelectedKey(NioEventLoop.java:632)
	at org.apache.ratis.thirdparty.io.netty.channel.nio.NioEventLoop.processSelectedKeysOptimized(NioEventLoop.java:579)
	at org.apache.ratis.thirdparty.io.netty.channel.nio.NioEventLoop.processSelectedKeys(NioEventLoop.java:496)
	at org.apache.ratis.thirdparty.io.netty.channel.nio.NioEventLoop.run(NioEventLoop.java:458)
	at org.apache.ratis.thirdparty.io.netty.util.concurrent.SingleThreadEventExecutor$5.run(SingleThreadEventExecutor.java:897)
	at org.apache.ratis.thirdparty.io.netty.util.concurrent.FastThreadLocalRunnable.run(FastThreadLocalRunnable.java:30)
	... 1 more
Caused by: java.net.ConnectException: Connection refused
	... 11 more
2019-09-26 16:46:28,083 [0ded38ee-67df-4068-adb8-539d3d8b400f@group-F67703B41CB5:LeaderElection105] INFO  impl.LeaderElection (LogUtils.java:infoOrTrace(149)) -   Exception 1: {}
java.util.concurrent.ExecutionException: org.apache.ratis.thirdparty.io.grpc.StatusRuntimeException: UNAVAILABLE: io exception
	at java.util.concurrent.FutureTask.report(FutureTask.java:122)
	at java.util.concurrent.FutureTask.get(FutureTask.java:192)
	at org.apache.ratis.server.impl.LeaderElection.waitForResults(LeaderElection.java:263)
	at org.apache.ratis.server.impl.LeaderElection.askForVotes(LeaderElection.java:201)
	at org.apache.ratis.server.impl.LeaderElection.run(LeaderElection.java:133)
	at java.lang.Thread.run(Thread.java:748)
Caused by: org.apache.ratis.thirdparty.io.grpc.StatusRuntimeException: UNAVAILABLE: io exception
	at org.apache.ratis.thirdparty.io.grpc.stub.ClientCalls.toStatusRuntimeException(ClientCalls.java:233)
	at org.apache.ratis.thirdparty.io.grpc.stub.ClientCalls.getUnchecked(ClientCalls.java:214)
	at org.apache.ratis.thirdparty.io.grpc.stub.ClientCalls.blockingUnaryCall(ClientCalls.java:139)
	at org.apache.ratis.proto.grpc.RaftServerProtocolServiceGrpc$RaftServerProtocolServiceBlockingStub.requestVote(RaftServerProtocolServiceGrpc.java:265)
	at org.apache.ratis.grpc.server.GrpcServerProtocolClient.requestVote(GrpcServerProtocolClient.java:90)
	at org.apache.ratis.grpc.server.GrpcService.requestVote(GrpcService.java:204)
	at org.apache.ratis.server.impl.LeaderElection.lambda$submitRequests$1(LeaderElection.java:238)
	at java.util.concurrent.FutureTask.run(FutureTask.java:266)
	at java.util.concurrent.Executors$RunnableAdapter.call(Executors.java:511)
	at java.util.concurrent.FutureTask.run(FutureTask.java:266)
	at java.util.concurrent.ThreadPoolExecutor.runWorker(ThreadPoolExecutor.java:1149)
	at java.util.concurrent.ThreadPoolExecutor$Worker.run(ThreadPoolExecutor.java:624)
	... 1 more
Caused by: org.apache.ratis.thirdparty.io.netty.channel.AbstractChannel$AnnotatedConnectException: Connection refused: /192.168.157.234:43417
	at sun.nio.ch.SocketChannelImpl.checkConnect(Native Method)
	at sun.nio.ch.SocketChannelImpl.finishConnect(SocketChannelImpl.java:717)
	at org.apache.ratis.thirdparty.io.netty.channel.socket.nio.NioSocketChannel.doFinishConnect(NioSocketChannel.java:327)
	at org.apache.ratis.thirdparty.io.netty.channel.nio.AbstractNioChannel$AbstractNioUnsafe.finishConnect(AbstractNioChannel.java:340)
	at org.apache.ratis.thirdparty.io.netty.channel.nio.NioEventLoop.processSelectedKey(NioEventLoop.java:632)
	at org.apache.ratis.thirdparty.io.netty.channel.nio.NioEventLoop.processSelectedKeysOptimized(NioEventLoop.java:579)
	at org.apache.ratis.thirdparty.io.netty.channel.nio.NioEventLoop.processSelectedKeys(NioEventLoop.java:496)
	at org.apache.ratis.thirdparty.io.netty.channel.nio.NioEventLoop.run(NioEventLoop.java:458)
	at org.apache.ratis.thirdparty.io.netty.util.concurrent.SingleThreadEventExecutor$5.run(SingleThreadEventExecutor.java:897)
	at org.apache.ratis.thirdparty.io.netty.util.concurrent.FastThreadLocalRunnable.run(FastThreadLocalRunnable.java:30)
	... 1 more
Caused by: java.net.ConnectException: Connection refused
	... 11 more
2019-09-26 16:46:28,084 [0ded38ee-67df-4068-adb8-539d3d8b400f@group-F67703B41CB5:LeaderElection105] INFO  impl.RaftServerImpl (RaftServerImpl.java:setRole(174)) - 0ded38ee-67df-4068-adb8-539d3d8b400f@group-F67703B41CB5: changes role from CANDIDATE to FOLLOWER at term 4 for DISCOVERED_A_NEW_TERM
2019-09-26 16:46:28,084 [0ded38ee-67df-4068-adb8-539d3d8b400f@group-F67703B41CB5:LeaderElection105] INFO  impl.RoleInfo (RoleInfo.java:shutdownLeaderElection(134)) - 0ded38ee-67df-4068-adb8-539d3d8b400f: shutdown LeaderElection
2019-09-26 16:46:28,084 [0ded38ee-67df-4068-adb8-539d3d8b400f@group-F67703B41CB5:LeaderElection105] INFO  impl.RoleInfo (RoleInfo.java:updateAndGet(143)) - 0ded38ee-67df-4068-adb8-539d3d8b400f: start FollowerState
2019-09-26 16:46:28,400 [grpc-default-executor-2] WARN  server.GrpcLogAppender (LogUtils.java:warn(134)) - 14d6961c-3415-464e-9dd6-39423b85916c@group-9DD2DA11086B->31eb9216-6704-4cc2-a524-a91f43cc4ef7-AppendLogResponseHandler: Failed appendEntries: org.apache.ratis.thirdparty.io.grpc.StatusRuntimeException: UNAVAILABLE: io exception
2019-09-26 16:46:28,402 [grpc-default-executor-2] INFO  impl.FollowerInfo (FollowerInfo.java:lambda$new$0(51)) - 14d6961c-3415-464e-9dd6-39423b85916c@group-9DD2DA11086B->31eb9216-6704-4cc2-a524-a91f43cc4ef7: nextIndex: updateUnconditionally 0 -> 0
2019-09-26 16:46:28,424 [grpc-default-executor-5] WARN  server.GrpcLogAppender (LogUtils.java:warn(134)) - 14d6961c-3415-464e-9dd6-39423b85916c@group-9DD2DA11086B->fd591185-5708-46de-8886-568dd8f93a08-AppendLogResponseHandler: Failed appendEntries: org.apache.ratis.thirdparty.io.grpc.StatusRuntimeException: UNAVAILABLE: io exception
2019-09-26 16:46:28,424 [grpc-default-executor-5] INFO  impl.FollowerInfo (FollowerInfo.java:lambda$new$0(51)) - 14d6961c-3415-464e-9dd6-39423b85916c@group-9DD2DA11086B->fd591185-5708-46de-8886-568dd8f93a08: nextIndex: updateUnconditionally 0 -> 0
2019-09-26 16:46:28,901 [grpc-default-executor-0] WARN  server.GrpcLogAppender (LogUtils.java:warn(134)) - 14d6961c-3415-464e-9dd6-39423b85916c@group-9DD2DA11086B->31eb9216-6704-4cc2-a524-a91f43cc4ef7-AppendLogResponseHandler: Failed appendEntries: org.apache.ratis.thirdparty.io.grpc.StatusRuntimeException: UNAVAILABLE: io exception
2019-09-26 16:46:28,901 [grpc-default-executor-0] INFO  impl.FollowerInfo (FollowerInfo.java:lambda$new$0(51)) - 14d6961c-3415-464e-9dd6-39423b85916c@group-9DD2DA11086B->31eb9216-6704-4cc2-a524-a91f43cc4ef7: nextIndex: updateUnconditionally 0 -> 0
2019-09-26 16:46:28,924 [grpc-default-executor-2] WARN  server.GrpcLogAppender (LogUtils.java:warn(134)) - 14d6961c-3415-464e-9dd6-39423b85916c@group-9DD2DA11086B->fd591185-5708-46de-8886-568dd8f93a08-AppendLogResponseHandler: Failed appendEntries: org.apache.ratis.thirdparty.io.grpc.StatusRuntimeException: UNAVAILABLE: io exception
2019-09-26 16:46:28,925 [grpc-default-executor-2] INFO  impl.FollowerInfo (FollowerInfo.java:lambda$new$0(51)) - 14d6961c-3415-464e-9dd6-39423b85916c@group-9DD2DA11086B->fd591185-5708-46de-8886-568dd8f93a08: nextIndex: updateUnconditionally 0 -> 0
2019-09-26 16:46:29,167 [Thread-9508] INFO  impl.FollowerState (FollowerState.java:run(106)) - 0ded38ee-67df-4068-adb8-539d3d8b400f:group-F67703B41CB5 changes to CANDIDATE, lastRpcTime:1082, electionTimeout:1082ms
2019-09-26 16:46:29,167 [Thread-9508] INFO  impl.RoleInfo (RoleInfo.java:shutdownFollowerState(121)) - 0ded38ee-67df-4068-adb8-539d3d8b400f: shutdown FollowerState
2019-09-26 16:46:29,167 [Thread-9508] INFO  impl.RaftServerImpl (RaftServerImpl.java:setRole(174)) - 0ded38ee-67df-4068-adb8-539d3d8b400f@group-F67703B41CB5: changes role from  FOLLOWER to CANDIDATE at term 4 for changeToCandidate
2019-09-26 16:46:29,167 [Thread-9508] INFO  impl.RoleInfo (RoleInfo.java:updateAndGet(143)) - 0ded38ee-67df-4068-adb8-539d3d8b400f: start LeaderElection
2019-09-26 16:46:29,184 [0ded38ee-67df-4068-adb8-539d3d8b400f@group-F67703B41CB5:LeaderElection106] INFO  impl.LeaderElection (LeaderElection.java:askForVotes(182)) - 0ded38ee-67df-4068-adb8-539d3d8b400f@group-F67703B41CB5:LeaderElection106: begin an election at term 5 for 1: [59fe4627-77ba-4d6f-bbfd-1773d3bea00c:192.168.157.234:45861, af201f12-6a5d-4f7c-8339-ef82b05a5091:192.168.157.234:43417, 0ded38ee-67df-4068-adb8-539d3d8b400f:192.168.157.234:34114], old=null
2019-09-26 16:46:29,186 [0ded38ee-67df-4068-adb8-539d3d8b400f@group-F67703B41CB5:LeaderElection106] INFO  impl.LeaderElection (LogUtils.java:infoOrTrace(149)) - 0ded38ee-67df-4068-adb8-539d3d8b400f@group-F67703B41CB5:LeaderElection106 got exception when requesting votes: {}
java.util.concurrent.ExecutionException: org.apache.ratis.thirdparty.io.grpc.StatusRuntimeException: UNAVAILABLE: io exception
	at java.util.concurrent.FutureTask.report(FutureTask.java:122)
	at java.util.concurrent.FutureTask.get(FutureTask.java:192)
	at org.apache.ratis.server.impl.LeaderElection.waitForResults(LeaderElection.java:263)
	at org.apache.ratis.server.impl.LeaderElection.askForVotes(LeaderElection.java:201)
	at org.apache.ratis.server.impl.LeaderElection.run(LeaderElection.java:133)
	at java.lang.Thread.run(Thread.java:748)
Caused by: org.apache.ratis.thirdparty.io.grpc.StatusRuntimeException: UNAVAILABLE: io exception
	at org.apache.ratis.thirdparty.io.grpc.stub.ClientCalls.toStatusRuntimeException(ClientCalls.java:233)
	at org.apache.ratis.thirdparty.io.grpc.stub.ClientCalls.getUnchecked(ClientCalls.java:214)
	at org.apache.ratis.thirdparty.io.grpc.stub.ClientCalls.blockingUnaryCall(ClientCalls.java:139)
	at org.apache.ratis.proto.grpc.RaftServerProtocolServiceGrpc$RaftServerProtocolServiceBlockingStub.requestVote(RaftServerProtocolServiceGrpc.java:265)
	at org.apache.ratis.grpc.server.GrpcServerProtocolClient.requestVote(GrpcServerProtocolClient.java:90)
	at org.apache.ratis.grpc.server.GrpcService.requestVote(GrpcService.java:204)
	at org.apache.ratis.server.impl.LeaderElection.lambda$submitRequests$1(LeaderElection.java:238)
	at java.util.concurrent.FutureTask.run(FutureTask.java:266)
	at java.util.concurrent.Executors$RunnableAdapter.call(Executors.java:511)
	at java.util.concurrent.FutureTask.run(FutureTask.java:266)
	at java.util.concurrent.ThreadPoolExecutor.runWorker(ThreadPoolExecutor.java:1149)
	at java.util.concurrent.ThreadPoolExecutor$Worker.run(ThreadPoolExecutor.java:624)
	... 1 more
Caused by: org.apache.ratis.thirdparty.io.netty.channel.AbstractChannel$AnnotatedConnectException: Connection refused: /192.168.157.234:45861
	at sun.nio.ch.SocketChannelImpl.checkConnect(Native Method)
	at sun.nio.ch.SocketChannelImpl.finishConnect(SocketChannelImpl.java:717)
	at org.apache.ratis.thirdparty.io.netty.channel.socket.nio.NioSocketChannel.doFinishConnect(NioSocketChannel.java:327)
	at org.apache.ratis.thirdparty.io.netty.channel.nio.AbstractNioChannel$AbstractNioUnsafe.finishConnect(AbstractNioChannel.java:340)
	at org.apache.ratis.thirdparty.io.netty.channel.nio.NioEventLoop.processSelectedKey(NioEventLoop.java:632)
	at org.apache.ratis.thirdparty.io.netty.channel.nio.NioEventLoop.processSelectedKeysOptimized(NioEventLoop.java:579)
	at org.apache.ratis.thirdparty.io.netty.channel.nio.NioEventLoop.processSelectedKeys(NioEventLoop.java:496)
	at org.apache.ratis.thirdparty.io.netty.channel.nio.NioEventLoop.run(NioEventLoop.java:458)
	at org.apache.ratis.thirdparty.io.netty.util.concurrent.SingleThreadEventExecutor$5.run(SingleThreadEventExecutor.java:897)
	at org.apache.ratis.thirdparty.io.netty.util.concurrent.FastThreadLocalRunnable.run(FastThreadLocalRunnable.java:30)
	... 1 more
Caused by: java.net.ConnectException: Connection refused
	... 11 more
2019-09-26 16:46:29,188 [0ded38ee-67df-4068-adb8-539d3d8b400f@group-F67703B41CB5:LeaderElection106] INFO  impl.LeaderElection (LogUtils.java:infoOrTrace(149)) - 0ded38ee-67df-4068-adb8-539d3d8b400f@group-F67703B41CB5:LeaderElection106 got exception when requesting votes: {}
java.util.concurrent.ExecutionException: org.apache.ratis.thirdparty.io.grpc.StatusRuntimeException: UNAVAILABLE: io exception
	at java.util.concurrent.FutureTask.report(FutureTask.java:122)
	at java.util.concurrent.FutureTask.get(FutureTask.java:192)
	at org.apache.ratis.server.impl.LeaderElection.waitForResults(LeaderElection.java:263)
	at org.apache.ratis.server.impl.LeaderElection.askForVotes(LeaderElection.java:201)
	at org.apache.ratis.server.impl.LeaderElection.run(LeaderElection.java:133)
	at java.lang.Thread.run(Thread.java:748)
Caused by: org.apache.ratis.thirdparty.io.grpc.StatusRuntimeException: UNAVAILABLE: io exception
	at org.apache.ratis.thirdparty.io.grpc.stub.ClientCalls.toStatusRuntimeException(ClientCalls.java:233)
	at org.apache.ratis.thirdparty.io.grpc.stub.ClientCalls.getUnchecked(ClientCalls.java:214)
	at org.apache.ratis.thirdparty.io.grpc.stub.ClientCalls.blockingUnaryCall(ClientCalls.java:139)
	at org.apache.ratis.proto.grpc.RaftServerProtocolServiceGrpc$RaftServerProtocolServiceBlockingStub.requestVote(RaftServerProtocolServiceGrpc.java:265)
	at org.apache.ratis.grpc.server.GrpcServerProtocolClient.requestVote(GrpcServerProtocolClient.java:90)
	at org.apache.ratis.grpc.server.GrpcService.requestVote(GrpcService.java:204)
	at org.apache.ratis.server.impl.LeaderElection.lambda$submitRequests$1(LeaderElection.java:238)
	at java.util.concurrent.FutureTask.run(FutureTask.java:266)
	at java.util.concurrent.Executors$RunnableAdapter.call(Executors.java:511)
	at java.util.concurrent.FutureTask.run(FutureTask.java:266)
	at java.util.concurrent.ThreadPoolExecutor.runWorker(ThreadPoolExecutor.java:1149)
	at java.util.concurrent.ThreadPoolExecutor$Worker.run(ThreadPoolExecutor.java:624)
	... 1 more
Caused by: org.apache.ratis.thirdparty.io.netty.channel.AbstractChannel$AnnotatedConnectException: Connection refused: /192.168.157.234:43417
	at sun.nio.ch.SocketChannelImpl.checkConnect(Native Method)
	at sun.nio.ch.SocketChannelImpl.finishConnect(SocketChannelImpl.java:717)
	at org.apache.ratis.thirdparty.io.netty.channel.socket.nio.NioSocketChannel.doFinishConnect(NioSocketChannel.java:327)
	at org.apache.ratis.thirdparty.io.netty.channel.nio.AbstractNioChannel$AbstractNioUnsafe.finishConnect(AbstractNioChannel.java:340)
	at org.apache.ratis.thirdparty.io.netty.channel.nio.NioEventLoop.processSelectedKey(NioEventLoop.java:632)
	at org.apache.ratis.thirdparty.io.netty.channel.nio.NioEventLoop.processSelectedKeysOptimized(NioEventLoop.java:579)
	at org.apache.ratis.thirdparty.io.netty.channel.nio.NioEventLoop.processSelectedKeys(NioEventLoop.java:496)
	at org.apache.ratis.thirdparty.io.netty.channel.nio.NioEventLoop.run(NioEventLoop.java:458)
	at org.apache.ratis.thirdparty.io.netty.util.concurrent.SingleThreadEventExecutor$5.run(SingleThreadEventExecutor.java:897)
	at org.apache.ratis.thirdparty.io.netty.util.concurrent.FastThreadLocalRunnable.run(FastThreadLocalRunnable.java:30)
	... 1 more
Caused by: java.net.ConnectException: Connection refused
	... 11 more
2019-09-26 16:46:29,190 [0ded38ee-67df-4068-adb8-539d3d8b400f@group-F67703B41CB5:LeaderElection106] INFO  impl.LeaderElection (LeaderElection.java:logAndReturn(56)) - 0ded38ee-67df-4068-adb8-539d3d8b400f@group-F67703B41CB5:LeaderElection106: Election REJECTED; received 0 response(s) [] and 2 exception(s); 0ded38ee-67df-4068-adb8-539d3d8b400f@group-F67703B41CB5:t5, leader=null, voted=0ded38ee-67df-4068-adb8-539d3d8b400f, raftlog=0ded38ee-67df-4068-adb8-539d3d8b400f@group-F67703B41CB5-SegmentedRaftLog:OPENED:c2,f2,i2, conf=1: [59fe4627-77ba-4d6f-bbfd-1773d3bea00c:192.168.157.234:45861, af201f12-6a5d-4f7c-8339-ef82b05a5091:192.168.157.234:43417, 0ded38ee-67df-4068-adb8-539d3d8b400f:192.168.157.234:34114], old=null
2019-09-26 16:46:29,190 [0ded38ee-67df-4068-adb8-539d3d8b400f@group-F67703B41CB5:LeaderElection106] INFO  impl.LeaderElection (LogUtils.java:infoOrTrace(149)) -   Exception 0: {}
java.util.concurrent.ExecutionException: org.apache.ratis.thirdparty.io.grpc.StatusRuntimeException: UNAVAILABLE: io exception
	at java.util.concurrent.FutureTask.report(FutureTask.java:122)
	at java.util.concurrent.FutureTask.get(FutureTask.java:192)
	at org.apache.ratis.server.impl.LeaderElection.waitForResults(LeaderElection.java:263)
	at org.apache.ratis.server.impl.LeaderElection.askForVotes(LeaderElection.java:201)
	at org.apache.ratis.server.impl.LeaderElection.run(LeaderElection.java:133)
	at java.lang.Thread.run(Thread.java:748)
Caused by: org.apache.ratis.thirdparty.io.grpc.StatusRuntimeException: UNAVAILABLE: io exception
	at org.apache.ratis.thirdparty.io.grpc.stub.ClientCalls.toStatusRuntimeException(ClientCalls.java:233)
	at org.apache.ratis.thirdparty.io.grpc.stub.ClientCalls.getUnchecked(ClientCalls.java:214)
	at org.apache.ratis.thirdparty.io.grpc.stub.ClientCalls.blockingUnaryCall(ClientCalls.java:139)
	at org.apache.ratis.proto.grpc.RaftServerProtocolServiceGrpc$RaftServerProtocolServiceBlockingStub.requestVote(RaftServerProtocolServiceGrpc.java:265)
	at org.apache.ratis.grpc.server.GrpcServerProtocolClient.requestVote(GrpcServerProtocolClient.java:90)
	at org.apache.ratis.grpc.server.GrpcService.requestVote(GrpcService.java:204)
	at org.apache.ratis.server.impl.LeaderElection.lambda$submitRequests$1(LeaderElection.java:238)
	at java.util.concurrent.FutureTask.run(FutureTask.java:266)
	at java.util.concurrent.Executors$RunnableAdapter.call(Executors.java:511)
	at java.util.concurrent.FutureTask.run(FutureTask.java:266)
	at java.util.concurrent.ThreadPoolExecutor.runWorker(ThreadPoolExecutor.java:1149)
	at java.util.concurrent.ThreadPoolExecutor$Worker.run(ThreadPoolExecutor.java:624)
	... 1 more
Caused by: org.apache.ratis.thirdparty.io.netty.channel.AbstractChannel$AnnotatedConnectException: Connection refused: /192.168.157.234:45861
	at sun.nio.ch.SocketChannelImpl.checkConnect(Native Method)
	at sun.nio.ch.SocketChannelImpl.finishConnect(SocketChannelImpl.java:717)
	at org.apache.ratis.thirdparty.io.netty.channel.socket.nio.NioSocketChannel.doFinishConnect(NioSocketChannel.java:327)
	at org.apache.ratis.thirdparty.io.netty.channel.nio.AbstractNioChannel$AbstractNioUnsafe.finishConnect(AbstractNioChannel.java:340)
	at org.apache.ratis.thirdparty.io.netty.channel.nio.NioEventLoop.processSelectedKey(NioEventLoop.java:632)
	at org.apache.ratis.thirdparty.io.netty.channel.nio.NioEventLoop.processSelectedKeysOptimized(NioEventLoop.java:579)
	at org.apache.ratis.thirdparty.io.netty.channel.nio.NioEventLoop.processSelectedKeys(NioEventLoop.java:496)
	at org.apache.ratis.thirdparty.io.netty.channel.nio.NioEventLoop.run(NioEventLoop.java:458)
	at org.apache.ratis.thirdparty.io.netty.util.concurrent.SingleThreadEventExecutor$5.run(SingleThreadEventExecutor.java:897)
	at org.apache.ratis.thirdparty.io.netty.util.concurrent.FastThreadLocalRunnable.run(FastThreadLocalRunnable.java:30)
	... 1 more
Caused by: java.net.ConnectException: Connection refused
	... 11 more
2019-09-26 16:46:29,191 [0ded38ee-67df-4068-adb8-539d3d8b400f@group-F67703B41CB5:LeaderElection106] INFO  impl.LeaderElection (LogUtils.java:infoOrTrace(149)) -   Exception 1: {}
java.util.concurrent.ExecutionException: org.apache.ratis.thirdparty.io.grpc.StatusRuntimeException: UNAVAILABLE: io exception
	at java.util.concurrent.FutureTask.report(FutureTask.java:122)
	at java.util.concurrent.FutureTask.get(FutureTask.java:192)
	at org.apache.ratis.server.impl.LeaderElection.waitForResults(LeaderElection.java:263)
	at org.apache.ratis.server.impl.LeaderElection.askForVotes(LeaderElection.java:201)
	at org.apache.ratis.server.impl.LeaderElection.run(LeaderElection.java:133)
	at java.lang.Thread.run(Thread.java:748)
Caused by: org.apache.ratis.thirdparty.io.grpc.StatusRuntimeException: UNAVAILABLE: io exception
	at org.apache.ratis.thirdparty.io.grpc.stub.ClientCalls.toStatusRuntimeException(ClientCalls.java:233)
	at org.apache.ratis.thirdparty.io.grpc.stub.ClientCalls.getUnchecked(ClientCalls.java:214)
	at org.apache.ratis.thirdparty.io.grpc.stub.ClientCalls.blockingUnaryCall(ClientCalls.java:139)
	at org.apache.ratis.proto.grpc.RaftServerProtocolServiceGrpc$RaftServerProtocolServiceBlockingStub.requestVote(RaftServerProtocolServiceGrpc.java:265)
	at org.apache.ratis.grpc.server.GrpcServerProtocolClient.requestVote(GrpcServerProtocolClient.java:90)
	at org.apache.ratis.grpc.server.GrpcService.requestVote(GrpcService.java:204)
	at org.apache.ratis.server.impl.LeaderElection.lambda$submitRequests$1(LeaderElection.java:238)
	at java.util.concurrent.FutureTask.run(FutureTask.java:266)
	at java.util.concurrent.Executors$RunnableAdapter.call(Executors.java:511)
	at java.util.concurrent.FutureTask.run(FutureTask.java:266)
	at java.util.concurrent.ThreadPoolExecutor.runWorker(ThreadPoolExecutor.java:1149)
	at java.util.concurrent.ThreadPoolExecutor$Worker.run(ThreadPoolExecutor.java:624)
	... 1 more
Caused by: org.apache.ratis.thirdparty.io.netty.channel.AbstractChannel$AnnotatedConnectException: Connection refused: /192.168.157.234:43417
	at sun.nio.ch.SocketChannelImpl.checkConnect(Native Method)
	at sun.nio.ch.SocketChannelImpl.finishConnect(SocketChannelImpl.java:717)
	at org.apache.ratis.thirdparty.io.netty.channel.socket.nio.NioSocketChannel.doFinishConnect(NioSocketChannel.java:327)
	at org.apache.ratis.thirdparty.io.netty.channel.nio.AbstractNioChannel$AbstractNioUnsafe.finishConnect(AbstractNioChannel.java:340)
	at org.apache.ratis.thirdparty.io.netty.channel.nio.NioEventLoop.processSelectedKey(NioEventLoop.java:632)
	at org.apache.ratis.thirdparty.io.netty.channel.nio.NioEventLoop.processSelectedKeysOptimized(NioEventLoop.java:579)
	at org.apache.ratis.thirdparty.io.netty.channel.nio.NioEventLoop.processSelectedKeys(NioEventLoop.java:496)
	at org.apache.ratis.thirdparty.io.netty.channel.nio.NioEventLoop.run(NioEventLoop.java:458)
	at org.apache.ratis.thirdparty.io.netty.util.concurrent.SingleThreadEventExecutor$5.run(SingleThreadEventExecutor.java:897)
	at org.apache.ratis.thirdparty.io.netty.util.concurrent.FastThreadLocalRunnable.run(FastThreadLocalRunnable.java:30)
	... 1 more
Caused by: java.net.ConnectException: Connection refused
	... 11 more
2019-09-26 16:46:29,191 [0ded38ee-67df-4068-adb8-539d3d8b400f@group-F67703B41CB5:LeaderElection106] INFO  impl.RaftServerImpl (RaftServerImpl.java:setRole(174)) - 0ded38ee-67df-4068-adb8-539d3d8b400f@group-F67703B41CB5: changes role from CANDIDATE to FOLLOWER at term 5 for DISCOVERED_A_NEW_TERM
2019-09-26 16:46:29,191 [0ded38ee-67df-4068-adb8-539d3d8b400f@group-F67703B41CB5:LeaderElection106] INFO  impl.RoleInfo (RoleInfo.java:shutdownLeaderElection(134)) - 0ded38ee-67df-4068-adb8-539d3d8b400f: shutdown LeaderElection
2019-09-26 16:46:29,191 [0ded38ee-67df-4068-adb8-539d3d8b400f@group-F67703B41CB5:LeaderElection106] INFO  impl.RoleInfo (RoleInfo.java:updateAndGet(143)) - 0ded38ee-67df-4068-adb8-539d3d8b400f: start FollowerState
2019-09-26 16:46:29,401 [grpc-default-executor-2] WARN  server.GrpcLogAppender (LogUtils.java:warn(134)) - 14d6961c-3415-464e-9dd6-39423b85916c@group-9DD2DA11086B->31eb9216-6704-4cc2-a524-a91f43cc4ef7-AppendLogResponseHandler: Failed appendEntries: org.apache.ratis.thirdparty.io.grpc.StatusRuntimeException: UNAVAILABLE: io exception
2019-09-26 16:46:29,403 [grpc-default-executor-2] INFO  impl.FollowerInfo (FollowerInfo.java:lambda$new$0(51)) - 14d6961c-3415-464e-9dd6-39423b85916c@group-9DD2DA11086B->31eb9216-6704-4cc2-a524-a91f43cc4ef7: nextIndex: updateUnconditionally 0 -> 0
2019-09-26 16:46:29,425 [grpc-default-executor-2] WARN  server.GrpcLogAppender (LogUtils.java:warn(134)) - 14d6961c-3415-464e-9dd6-39423b85916c@group-9DD2DA11086B->fd591185-5708-46de-8886-568dd8f93a08-AppendLogResponseHandler: Failed appendEntries: org.apache.ratis.thirdparty.io.grpc.StatusRuntimeException: UNAVAILABLE: io exception
2019-09-26 16:46:29,425 [grpc-default-executor-2] INFO  impl.FollowerInfo (FollowerInfo.java:lambda$new$0(51)) - 14d6961c-3415-464e-9dd6-39423b85916c@group-9DD2DA11086B->fd591185-5708-46de-8886-568dd8f93a08: nextIndex: updateUnconditionally 0 -> 0
2019-09-26 16:46:29,902 [grpc-default-executor-2] WARN  server.GrpcLogAppender (LogUtils.java:warn(134)) - 14d6961c-3415-464e-9dd6-39423b85916c@group-9DD2DA11086B->31eb9216-6704-4cc2-a524-a91f43cc4ef7-AppendLogResponseHandler: Failed appendEntries: org.apache.ratis.thirdparty.io.grpc.StatusRuntimeException: UNAVAILABLE: io exception
2019-09-26 16:46:29,902 [grpc-default-executor-2] INFO  impl.FollowerInfo (FollowerInfo.java:lambda$new$0(51)) - 14d6961c-3415-464e-9dd6-39423b85916c@group-9DD2DA11086B->31eb9216-6704-4cc2-a524-a91f43cc4ef7: nextIndex: updateUnconditionally 0 -> 0
2019-09-26 16:46:29,926 [grpc-default-executor-5] WARN  server.GrpcLogAppender (LogUtils.java:warn(134)) - 14d6961c-3415-464e-9dd6-39423b85916c@group-9DD2DA11086B->fd591185-5708-46de-8886-568dd8f93a08-AppendLogResponseHandler: Failed appendEntries: org.apache.ratis.thirdparty.io.grpc.StatusRuntimeException: UNAVAILABLE: io exception
2019-09-26 16:46:29,927 [grpc-default-executor-5] INFO  impl.FollowerInfo (FollowerInfo.java:lambda$new$0(51)) - 14d6961c-3415-464e-9dd6-39423b85916c@group-9DD2DA11086B->fd591185-5708-46de-8886-568dd8f93a08: nextIndex: updateUnconditionally 0 -> 0
2019-09-26 16:46:30,314 [Thread-9512] INFO  impl.FollowerState (FollowerState.java:run(106)) - 0ded38ee-67df-4068-adb8-539d3d8b400f:group-F67703B41CB5 changes to CANDIDATE, lastRpcTime:1122, electionTimeout:1122ms
2019-09-26 16:46:30,314 [Thread-9512] INFO  impl.RoleInfo (RoleInfo.java:shutdownFollowerState(121)) - 0ded38ee-67df-4068-adb8-539d3d8b400f: shutdown FollowerState
2019-09-26 16:46:30,314 [Thread-9512] INFO  impl.RaftServerImpl (RaftServerImpl.java:setRole(174)) - 0ded38ee-67df-4068-adb8-539d3d8b400f@group-F67703B41CB5: changes role from  FOLLOWER to CANDIDATE at term 5 for changeToCandidate
2019-09-26 16:46:30,315 [Thread-9512] INFO  impl.RoleInfo (RoleInfo.java:updateAndGet(143)) - 0ded38ee-67df-4068-adb8-539d3d8b400f: start LeaderElection
2019-09-26 16:46:30,332 [0ded38ee-67df-4068-adb8-539d3d8b400f@group-F67703B41CB5:LeaderElection107] INFO  impl.LeaderElection (LeaderElection.java:askForVotes(182)) - 0ded38ee-67df-4068-adb8-539d3d8b400f@group-F67703B41CB5:LeaderElection107: begin an election at term 6 for 1: [59fe4627-77ba-4d6f-bbfd-1773d3bea00c:192.168.157.234:45861, af201f12-6a5d-4f7c-8339-ef82b05a5091:192.168.157.234:43417, 0ded38ee-67df-4068-adb8-539d3d8b400f:192.168.157.234:34114], old=null
2019-09-26 16:46:30,333 [0ded38ee-67df-4068-adb8-539d3d8b400f@group-F67703B41CB5:LeaderElection107] INFO  impl.LeaderElection (LogUtils.java:infoOrTrace(149)) - 0ded38ee-67df-4068-adb8-539d3d8b400f@group-F67703B41CB5:LeaderElection107 got exception when requesting votes: {}
java.util.concurrent.ExecutionException: org.apache.ratis.thirdparty.io.grpc.StatusRuntimeException: UNAVAILABLE: io exception
	at java.util.concurrent.FutureTask.report(FutureTask.java:122)
	at java.util.concurrent.FutureTask.get(FutureTask.java:192)
	at org.apache.ratis.server.impl.LeaderElection.waitForResults(LeaderElection.java:263)
	at org.apache.ratis.server.impl.LeaderElection.askForVotes(LeaderElection.java:201)
	at org.apache.ratis.server.impl.LeaderElection.run(LeaderElection.java:133)
	at java.lang.Thread.run(Thread.java:748)
Caused by: org.apache.ratis.thirdparty.io.grpc.StatusRuntimeException: UNAVAILABLE: io exception
	at org.apache.ratis.thirdparty.io.grpc.stub.ClientCalls.toStatusRuntimeException(ClientCalls.java:233)
	at org.apache.ratis.thirdparty.io.grpc.stub.ClientCalls.getUnchecked(ClientCalls.java:214)
	at org.apache.ratis.thirdparty.io.grpc.stub.ClientCalls.blockingUnaryCall(ClientCalls.java:139)
	at org.apache.ratis.proto.grpc.RaftServerProtocolServiceGrpc$RaftServerProtocolServiceBlockingStub.requestVote(RaftServerProtocolServiceGrpc.java:265)
	at org.apache.ratis.grpc.server.GrpcServerProtocolClient.requestVote(GrpcServerProtocolClient.java:90)
	at org.apache.ratis.grpc.server.GrpcService.requestVote(GrpcService.java:204)
	at org.apache.ratis.server.impl.LeaderElection.lambda$submitRequests$1(LeaderElection.java:238)
	at java.util.concurrent.FutureTask.run(FutureTask.java:266)
	at java.util.concurrent.Executors$RunnableAdapter.call(Executors.java:511)
	at java.util.concurrent.FutureTask.run(FutureTask.java:266)
	at java.util.concurrent.ThreadPoolExecutor.runWorker(ThreadPoolExecutor.java:1149)
	at java.util.concurrent.ThreadPoolExecutor$Worker.run(ThreadPoolExecutor.java:624)
	... 1 more
Caused by: org.apache.ratis.thirdparty.io.netty.channel.AbstractChannel$AnnotatedConnectException: Connection refused: /192.168.157.234:45861
	at sun.nio.ch.SocketChannelImpl.checkConnect(Native Method)
	at sun.nio.ch.SocketChannelImpl.finishConnect(SocketChannelImpl.java:717)
	at org.apache.ratis.thirdparty.io.netty.channel.socket.nio.NioSocketChannel.doFinishConnect(NioSocketChannel.java:327)
	at org.apache.ratis.thirdparty.io.netty.channel.nio.AbstractNioChannel$AbstractNioUnsafe.finishConnect(AbstractNioChannel.java:340)
	at org.apache.ratis.thirdparty.io.netty.channel.nio.NioEventLoop.processSelectedKey(NioEventLoop.java:632)
	at org.apache.ratis.thirdparty.io.netty.channel.nio.NioEventLoop.processSelectedKeysOptimized(NioEventLoop.java:579)
	at org.apache.ratis.thirdparty.io.netty.channel.nio.NioEventLoop.processSelectedKeys(NioEventLoop.java:496)
	at org.apache.ratis.thirdparty.io.netty.channel.nio.NioEventLoop.run(NioEventLoop.java:458)
	at org.apache.ratis.thirdparty.io.netty.util.concurrent.SingleThreadEventExecutor$5.run(SingleThreadEventExecutor.java:897)
	at org.apache.ratis.thirdparty.io.netty.util.concurrent.FastThreadLocalRunnable.run(FastThreadLocalRunnable.java:30)
	... 1 more
Caused by: java.net.ConnectException: Connection refused
	... 11 more
2019-09-26 16:46:30,335 [0ded38ee-67df-4068-adb8-539d3d8b400f@group-F67703B41CB5:LeaderElection107] INFO  impl.LeaderElection (LogUtils.java:infoOrTrace(149)) - 0ded38ee-67df-4068-adb8-539d3d8b400f@group-F67703B41CB5:LeaderElection107 got exception when requesting votes: {}
java.util.concurrent.ExecutionException: org.apache.ratis.thirdparty.io.grpc.StatusRuntimeException: UNAVAILABLE: io exception
	at java.util.concurrent.FutureTask.report(FutureTask.java:122)
	at java.util.concurrent.FutureTask.get(FutureTask.java:192)
	at org.apache.ratis.server.impl.LeaderElection.waitForResults(LeaderElection.java:263)
	at org.apache.ratis.server.impl.LeaderElection.askForVotes(LeaderElection.java:201)
	at org.apache.ratis.server.impl.LeaderElection.run(LeaderElection.java:133)
	at java.lang.Thread.run(Thread.java:748)
Caused by: org.apache.ratis.thirdparty.io.grpc.StatusRuntimeException: UNAVAILABLE: io exception
	at org.apache.ratis.thirdparty.io.grpc.stub.ClientCalls.toStatusRuntimeException(ClientCalls.java:233)
	at org.apache.ratis.thirdparty.io.grpc.stub.ClientCalls.getUnchecked(ClientCalls.java:214)
	at org.apache.ratis.thirdparty.io.grpc.stub.ClientCalls.blockingUnaryCall(ClientCalls.java:139)
	at org.apache.ratis.proto.grpc.RaftServerProtocolServiceGrpc$RaftServerProtocolServiceBlockingStub.requestVote(RaftServerProtocolServiceGrpc.java:265)
	at org.apache.ratis.grpc.server.GrpcServerProtocolClient.requestVote(GrpcServerProtocolClient.java:90)
	at org.apache.ratis.grpc.server.GrpcService.requestVote(GrpcService.java:204)
	at org.apache.ratis.server.impl.LeaderElection.lambda$submitRequests$1(LeaderElection.java:238)
	at java.util.concurrent.FutureTask.run(FutureTask.java:266)
	at java.util.concurrent.Executors$RunnableAdapter.call(Executors.java:511)
	at java.util.concurrent.FutureTask.run(FutureTask.java:266)
	at java.util.concurrent.ThreadPoolExecutor.runWorker(ThreadPoolExecutor.java:1149)
	at java.util.concurrent.ThreadPoolExecutor$Worker.run(ThreadPoolExecutor.java:624)
	... 1 more
Caused by: org.apache.ratis.thirdparty.io.netty.channel.AbstractChannel$AnnotatedConnectException: Connection refused: /192.168.157.234:43417
	at sun.nio.ch.SocketChannelImpl.checkConnect(Native Method)
	at sun.nio.ch.SocketChannelImpl.finishConnect(SocketChannelImpl.java:717)
	at org.apache.ratis.thirdparty.io.netty.channel.socket.nio.NioSocketChannel.doFinishConnect(NioSocketChannel.java:327)
	at org.apache.ratis.thirdparty.io.netty.channel.nio.AbstractNioChannel$AbstractNioUnsafe.finishConnect(AbstractNioChannel.java:340)
	at org.apache.ratis.thirdparty.io.netty.channel.nio.NioEventLoop.processSelectedKey(NioEventLoop.java:632)
	at org.apache.ratis.thirdparty.io.netty.channel.nio.NioEventLoop.processSelectedKeysOptimized(NioEventLoop.java:579)
	at org.apache.ratis.thirdparty.io.netty.channel.nio.NioEventLoop.processSelectedKeys(NioEventLoop.java:496)
	at org.apache.ratis.thirdparty.io.netty.channel.nio.NioEventLoop.run(NioEventLoop.java:458)
	at org.apache.ratis.thirdparty.io.netty.util.concurrent.SingleThreadEventExecutor$5.run(SingleThreadEventExecutor.java:897)
	at org.apache.ratis.thirdparty.io.netty.util.concurrent.FastThreadLocalRunnable.run(FastThreadLocalRunnable.java:30)
	... 1 more
Caused by: java.net.ConnectException: Connection refused
	... 11 more
2019-09-26 16:46:30,337 [0ded38ee-67df-4068-adb8-539d3d8b400f@group-F67703B41CB5:LeaderElection107] INFO  impl.LeaderElection (LeaderElection.java:logAndReturn(56)) - 0ded38ee-67df-4068-adb8-539d3d8b400f@group-F67703B41CB5:LeaderElection107: Election REJECTED; received 0 response(s) [] and 2 exception(s); 0ded38ee-67df-4068-adb8-539d3d8b400f@group-F67703B41CB5:t6, leader=null, voted=0ded38ee-67df-4068-adb8-539d3d8b400f, raftlog=0ded38ee-67df-4068-adb8-539d3d8b400f@group-F67703B41CB5-SegmentedRaftLog:OPENED:c2,f2,i2, conf=1: [59fe4627-77ba-4d6f-bbfd-1773d3bea00c:192.168.157.234:45861, af201f12-6a5d-4f7c-8339-ef82b05a5091:192.168.157.234:43417, 0ded38ee-67df-4068-adb8-539d3d8b400f:192.168.157.234:34114], old=null
2019-09-26 16:46:30,337 [0ded38ee-67df-4068-adb8-539d3d8b400f@group-F67703B41CB5:LeaderElection107] INFO  impl.LeaderElection (LogUtils.java:infoOrTrace(149)) -   Exception 0: {}
java.util.concurrent.ExecutionException: org.apache.ratis.thirdparty.io.grpc.StatusRuntimeException: UNAVAILABLE: io exception
	at java.util.concurrent.FutureTask.report(FutureTask.java:122)
	at java.util.concurrent.FutureTask.get(FutureTask.java:192)
	at org.apache.ratis.server.impl.LeaderElection.waitForResults(LeaderElection.java:263)
	at org.apache.ratis.server.impl.LeaderElection.askForVotes(LeaderElection.java:201)
	at org.apache.ratis.server.impl.LeaderElection.run(LeaderElection.java:133)
	at java.lang.Thread.run(Thread.java:748)
Caused by: org.apache.ratis.thirdparty.io.grpc.StatusRuntimeException: UNAVAILABLE: io exception
	at org.apache.ratis.thirdparty.io.grpc.stub.ClientCalls.toStatusRuntimeException(ClientCalls.java:233)
	at org.apache.ratis.thirdparty.io.grpc.stub.ClientCalls.getUnchecked(ClientCalls.java:214)
	at org.apache.ratis.thirdparty.io.grpc.stub.ClientCalls.blockingUnaryCall(ClientCalls.java:139)
	at org.apache.ratis.proto.grpc.RaftServerProtocolServiceGrpc$RaftServerProtocolServiceBlockingStub.requestVote(RaftServerProtocolServiceGrpc.java:265)
	at org.apache.ratis.grpc.server.GrpcServerProtocolClient.requestVote(GrpcServerProtocolClient.java:90)
	at org.apache.ratis.grpc.server.GrpcService.requestVote(GrpcService.java:204)
	at org.apache.ratis.server.impl.LeaderElection.lambda$submitRequests$1(LeaderElection.java:238)
	at java.util.concurrent.FutureTask.run(FutureTask.java:266)
	at java.util.concurrent.Executors$RunnableAdapter.call(Executors.java:511)
	at java.util.concurrent.FutureTask.run(FutureTask.java:266)
	at java.util.concurrent.ThreadPoolExecutor.runWorker(ThreadPoolExecutor.java:1149)
	at java.util.concurrent.ThreadPoolExecutor$Worker.run(ThreadPoolExecutor.java:624)
	... 1 more
Caused by: org.apache.ratis.thirdparty.io.netty.channel.AbstractChannel$AnnotatedConnectException: Connection refused: /192.168.157.234:45861
	at sun.nio.ch.SocketChannelImpl.checkConnect(Native Method)
	at sun.nio.ch.SocketChannelImpl.finishConnect(SocketChannelImpl.java:717)
	at org.apache.ratis.thirdparty.io.netty.channel.socket.nio.NioSocketChannel.doFinishConnect(NioSocketChannel.java:327)
	at org.apache.ratis.thirdparty.io.netty.channel.nio.AbstractNioChannel$AbstractNioUnsafe.finishConnect(AbstractNioChannel.java:340)
	at org.apache.ratis.thirdparty.io.netty.channel.nio.NioEventLoop.processSelectedKey(NioEventLoop.java:632)
	at org.apache.ratis.thirdparty.io.netty.channel.nio.NioEventLoop.processSelectedKeysOptimized(NioEventLoop.java:579)
	at org.apache.ratis.thirdparty.io.netty.channel.nio.NioEventLoop.processSelectedKeys(NioEventLoop.java:496)
	at org.apache.ratis.thirdparty.io.netty.channel.nio.NioEventLoop.run(NioEventLoop.java:458)
	at org.apache.ratis.thirdparty.io.netty.util.concurrent.SingleThreadEventExecutor$5.run(SingleThreadEventExecutor.java:897)
	at org.apache.ratis.thirdparty.io.netty.util.concurrent.FastThreadLocalRunnable.run(FastThreadLocalRunnable.java:30)
	... 1 more
Caused by: java.net.ConnectException: Connection refused
	... 11 more
2019-09-26 16:46:30,337 [0ded38ee-67df-4068-adb8-539d3d8b400f@group-F67703B41CB5:LeaderElection107] INFO  impl.LeaderElection (LogUtils.java:infoOrTrace(149)) -   Exception 1: {}
java.util.concurrent.ExecutionException: org.apache.ratis.thirdparty.io.grpc.StatusRuntimeException: UNAVAILABLE: io exception
	at java.util.concurrent.FutureTask.report(FutureTask.java:122)
	at java.util.concurrent.FutureTask.get(FutureTask.java:192)
	at org.apache.ratis.server.impl.LeaderElection.waitForResults(LeaderElection.java:263)
	at org.apache.ratis.server.impl.LeaderElection.askForVotes(LeaderElection.java:201)
	at org.apache.ratis.server.impl.LeaderElection.run(LeaderElection.java:133)
	at java.lang.Thread.run(Thread.java:748)
Caused by: org.apache.ratis.thirdparty.io.grpc.StatusRuntimeException: UNAVAILABLE: io exception
	at org.apache.ratis.thirdparty.io.grpc.stub.ClientCalls.toStatusRuntimeException(ClientCalls.java:233)
	at org.apache.ratis.thirdparty.io.grpc.stub.ClientCalls.getUnchecked(ClientCalls.java:214)
	at org.apache.ratis.thirdparty.io.grpc.stub.ClientCalls.blockingUnaryCall(ClientCalls.java:139)
	at org.apache.ratis.proto.grpc.RaftServerProtocolServiceGrpc$RaftServerProtocolServiceBlockingStub.requestVote(RaftServerProtocolServiceGrpc.java:265)
	at org.apache.ratis.grpc.server.GrpcServerProtocolClient.requestVote(GrpcServerProtocolClient.java:90)
	at org.apache.ratis.grpc.server.GrpcService.requestVote(GrpcService.java:204)
	at org.apache.ratis.server.impl.LeaderElection.lambda$submitRequests$1(LeaderElection.java:238)
	at java.util.concurrent.FutureTask.run(FutureTask.java:266)
	at java.util.concurrent.Executors$RunnableAdapter.call(Executors.java:511)
	at java.util.concurrent.FutureTask.run(FutureTask.java:266)
	at java.util.concurrent.ThreadPoolExecutor.runWorker(ThreadPoolExecutor.java:1149)
	at java.util.concurrent.ThreadPoolExecutor$Worker.run(ThreadPoolExecutor.java:624)
	... 1 more
Caused by: org.apache.ratis.thirdparty.io.netty.channel.AbstractChannel$AnnotatedConnectException: Connection refused: /192.168.157.234:43417
	at sun.nio.ch.SocketChannelImpl.checkConnect(Native Method)
	at sun.nio.ch.SocketChannelImpl.finishConnect(SocketChannelImpl.java:717)
	at org.apache.ratis.thirdparty.io.netty.channel.socket.nio.NioSocketChannel.doFinishConnect(NioSocketChannel.java:327)
	at org.apache.ratis.thirdparty.io.netty.channel.nio.AbstractNioChannel$AbstractNioUnsafe.finishConnect(AbstractNioChannel.java:340)
	at org.apache.ratis.thirdparty.io.netty.channel.nio.NioEventLoop.processSelectedKey(NioEventLoop.java:632)
	at org.apache.ratis.thirdparty.io.netty.channel.nio.NioEventLoop.processSelectedKeysOptimized(NioEventLoop.java:579)
	at org.apache.ratis.thirdparty.io.netty.channel.nio.NioEventLoop.processSelectedKeys(NioEventLoop.java:496)
	at org.apache.ratis.thirdparty.io.netty.channel.nio.NioEventLoop.run(NioEventLoop.java:458)
	at org.apache.ratis.thirdparty.io.netty.util.concurrent.SingleThreadEventExecutor$5.run(SingleThreadEventExecutor.java:897)
	at org.apache.ratis.thirdparty.io.netty.util.concurrent.FastThreadLocalRunnable.run(FastThreadLocalRunnable.java:30)
	... 1 more
Caused by: java.net.ConnectException: Connection refused
	... 11 more
2019-09-26 16:46:30,338 [0ded38ee-67df-4068-adb8-539d3d8b400f@group-F67703B41CB5:LeaderElection107] INFO  impl.RaftServerImpl (RaftServerImpl.java:setRole(174)) - 0ded38ee-67df-4068-adb8-539d3d8b400f@group-F67703B41CB5: changes role from CANDIDATE to FOLLOWER at term 6 for DISCOVERED_A_NEW_TERM
2019-09-26 16:46:30,338 [0ded38ee-67df-4068-adb8-539d3d8b400f@group-F67703B41CB5:LeaderElection107] INFO  impl.RoleInfo (RoleInfo.java:shutdownLeaderElection(134)) - 0ded38ee-67df-4068-adb8-539d3d8b400f: shutdown LeaderElection
2019-09-26 16:46:30,338 [0ded38ee-67df-4068-adb8-539d3d8b400f@group-F67703B41CB5:LeaderElection107] INFO  impl.RoleInfo (RoleInfo.java:updateAndGet(143)) - 0ded38ee-67df-4068-adb8-539d3d8b400f: start FollowerState
2019-09-26 16:46:30,402 [grpc-default-executor-5] WARN  server.GrpcLogAppender (LogUtils.java:warn(134)) - 14d6961c-3415-464e-9dd6-39423b85916c@group-9DD2DA11086B->31eb9216-6704-4cc2-a524-a91f43cc4ef7-AppendLogResponseHandler: Failed appendEntries: org.apache.ratis.thirdparty.io.grpc.StatusRuntimeException: UNAVAILABLE: io exception
2019-09-26 16:46:30,404 [grpc-default-executor-5] INFO  impl.FollowerInfo (FollowerInfo.java:lambda$new$0(51)) - 14d6961c-3415-464e-9dd6-39423b85916c@group-9DD2DA11086B->31eb9216-6704-4cc2-a524-a91f43cc4ef7: nextIndex: updateUnconditionally 0 -> 0
2019-09-26 16:46:30,426 [grpc-default-executor-0] WARN  server.GrpcLogAppender (LogUtils.java:warn(134)) - 14d6961c-3415-464e-9dd6-39423b85916c@group-9DD2DA11086B->fd591185-5708-46de-8886-568dd8f93a08-AppendLogResponseHandler: Failed appendEntries: org.apache.ratis.thirdparty.io.grpc.StatusRuntimeException: UNAVAILABLE: io exception
2019-09-26 16:46:30,427 [grpc-default-executor-0] INFO  impl.FollowerInfo (FollowerInfo.java:lambda$new$0(51)) - 14d6961c-3415-464e-9dd6-39423b85916c@group-9DD2DA11086B->fd591185-5708-46de-8886-568dd8f93a08: nextIndex: updateUnconditionally 0 -> 0
2019-09-26 16:46:30,903 [grpc-default-executor-0] WARN  server.GrpcLogAppender (LogUtils.java:warn(134)) - 14d6961c-3415-464e-9dd6-39423b85916c@group-9DD2DA11086B->31eb9216-6704-4cc2-a524-a91f43cc4ef7-AppendLogResponseHandler: Failed appendEntries: org.apache.ratis.thirdparty.io.grpc.StatusRuntimeException: UNAVAILABLE: io exception
2019-09-26 16:46:30,904 [grpc-default-executor-0] INFO  impl.FollowerInfo (FollowerInfo.java:lambda$new$0(51)) - 14d6961c-3415-464e-9dd6-39423b85916c@group-9DD2DA11086B->31eb9216-6704-4cc2-a524-a91f43cc4ef7: nextIndex: updateUnconditionally 0 -> 0
2019-09-26 16:46:30,927 [grpc-default-executor-0] WARN  server.GrpcLogAppender (LogUtils.java:warn(134)) - 14d6961c-3415-464e-9dd6-39423b85916c@group-9DD2DA11086B->fd591185-5708-46de-8886-568dd8f93a08-AppendLogResponseHandler: Failed appendEntries: org.apache.ratis.thirdparty.io.grpc.StatusRuntimeException: UNAVAILABLE: io exception
2019-09-26 16:46:30,927 [grpc-default-executor-0] INFO  impl.FollowerInfo (FollowerInfo.java:lambda$new$0(51)) - 14d6961c-3415-464e-9dd6-39423b85916c@group-9DD2DA11086B->fd591185-5708-46de-8886-568dd8f93a08: nextIndex: updateUnconditionally 0 -> 0
2019-09-26 16:46:31,222 [main] INFO  ozoneimpl.OzoneContainer (OzoneContainer.java:stop(231)) - Attempting to stop container services.
2019-09-26 16:46:31,223 [main] INFO  impl.RaftServerProxy (RaftServerProxy.java:lambda$close$4(314)) - 0ded38ee-67df-4068-adb8-539d3d8b400f: close
2019-09-26 16:46:31,223 [main] INFO  impl.RaftServerImpl (RaftServerImpl.java:lambda$shutdown$3(251)) - 0ded38ee-67df-4068-adb8-539d3d8b400f@group-22B615240C5B: shutdown
2019-09-26 16:46:31,224 [main] INFO  util.JmxRegister (JmxRegister.java:unregister(73)) - Successfully un-registered JMX Bean with object name Ratis:service=RaftServer,group=group-22B615240C5B,id=0ded38ee-67df-4068-adb8-539d3d8b400f
2019-09-26 16:46:31,224 [main] INFO  impl.RoleInfo (RoleInfo.java:shutdownLeaderState(104)) - 0ded38ee-67df-4068-adb8-539d3d8b400f: shutdown LeaderState
2019-09-26 16:46:31,225 [main] INFO  impl.PendingRequests (PendingRequests.java:sendNotLeaderResponses(202)) - 0ded38ee-67df-4068-adb8-539d3d8b400f-PendingRequests: sendNotLeaderResponses
2019-09-26 16:46:31,225 [main] INFO  impl.StateMachineUpdater (StateMachineUpdater.java:stopAndJoin(125)) - 0ded38ee-67df-4068-adb8-539d3d8b400f@group-22B615240C5B-StateMachineUpdater: set stopIndex = 0
2019-09-26 16:46:31,226 [main] INFO  impl.RaftServerImpl (ServerState.java:close(385)) - 0ded38ee-67df-4068-adb8-539d3d8b400f@group-22B615240C5B: closes. applyIndex: 0
2019-09-26 16:46:31,227 [0ded38ee-67df-4068-adb8-539d3d8b400f@group-22B615240C5B-SegmentedRaftLogWorker] INFO  segmented.SegmentedRaftLogWorker (SegmentedRaftLogWorker.java:run(313)) - 0ded38ee-67df-4068-adb8-539d3d8b400f@group-22B615240C5B-SegmentedRaftLogWorker was interrupted, exiting. There are 0 tasks remaining in the queue.
2019-09-26 16:46:31,227 [ForkJoinPool.commonPool-worker-0] INFO  ozoneimpl.OzoneContainer (OzoneContainer.java:stop(231)) - Attempting to stop container services.
2019-09-26 16:46:31,227 [main] INFO  segmented.SegmentedRaftLogWorker (SegmentedRaftLogWorker.java:close(228)) - 0ded38ee-67df-4068-adb8-539d3d8b400f@group-22B615240C5B-SegmentedRaftLogWorker close()
2019-09-26 16:46:31,227 [ForkJoinPool.commonPool-worker-0] INFO  impl.RaftServerProxy (RaftServerProxy.java:lambda$close$4(314)) - 14d6961c-3415-464e-9dd6-39423b85916c: close
2019-09-26 16:46:31,230 [main] INFO  impl.RaftServerImpl (RaftServerImpl.java:lambda$shutdown$3(251)) - 0ded38ee-67df-4068-adb8-539d3d8b400f@group-F67703B41CB5: shutdown
2019-09-26 16:46:31,230 [ForkJoinPool.commonPool-worker-0] INFO  impl.RaftServerImpl (RaftServerImpl.java:lambda$shutdown$3(251)) - 14d6961c-3415-464e-9dd6-39423b85916c@group-9DD2DA11086B: shutdown
2019-09-26 16:46:31,231 [main] INFO  util.JmxRegister (JmxRegister.java:unregister(73)) - Successfully un-registered JMX Bean with object name Ratis:service=RaftServer,group=group-F67703B41CB5,id=0ded38ee-67df-4068-adb8-539d3d8b400f
2019-09-26 16:46:31,231 [ForkJoinPool.commonPool-worker-0] INFO  util.JmxRegister (JmxRegister.java:unregister(73)) - Successfully un-registered JMX Bean with object name Ratis:service=RaftServer,group=group-9DD2DA11086B,id=14d6961c-3415-464e-9dd6-39423b85916c
2019-09-26 16:46:31,231 [main] INFO  impl.RoleInfo (RoleInfo.java:shutdownFollowerState(121)) - 0ded38ee-67df-4068-adb8-539d3d8b400f: shutdown FollowerState
2019-09-26 16:46:31,232 [ForkJoinPool.commonPool-worker-0] INFO  impl.RoleInfo (RoleInfo.java:shutdownLeaderState(104)) - 14d6961c-3415-464e-9dd6-39423b85916c: shutdown LeaderState
2019-09-26 16:46:31,232 [main] INFO  impl.StateMachineUpdater (StateMachineUpdater.java:stopAndJoin(125)) - 0ded38ee-67df-4068-adb8-539d3d8b400f@group-F67703B41CB5-StateMachineUpdater: set stopIndex = 2
2019-09-26 16:46:31,236 [org.apache.ratis.server.impl.LogAppender$AppenderDaemon$$Lambda$414/452738001@71231bd3] WARN  server.GrpcLogAppender (GrpcLogAppender.java:mayWait(143)) - 14d6961c-3415-464e-9dd6-39423b85916c@group-9DD2DA11086B->fd591185-5708-46de-8886-568dd8f93a08-GrpcLogAppender: Wait interrupted by java.lang.InterruptedException
2019-09-26 16:46:31,236 [org.apache.ratis.server.impl.LogAppender$AppenderDaemon$$Lambda$414/452738001@496e44] WARN  server.GrpcLogAppender (GrpcLogAppender.java:mayWait(143)) - 14d6961c-3415-464e-9dd6-39423b85916c@group-9DD2DA11086B->31eb9216-6704-4cc2-a524-a91f43cc4ef7-GrpcLogAppender: Wait interrupted by java.lang.InterruptedException
2019-09-26 16:46:31,236 [ForkJoinPool.commonPool-worker-0] INFO  impl.PendingRequests (PendingRequests.java:sendNotLeaderResponses(202)) - 14d6961c-3415-464e-9dd6-39423b85916c-PendingRequests: sendNotLeaderResponses
2019-09-26 16:46:31,232 [Thread-9516] INFO  impl.FollowerState (FollowerState.java:run(115)) - 0ded38ee-67df-4068-adb8-539d3d8b400f: FollowerState was interrupted: java.lang.InterruptedException: sleep interrupted
2019-09-26 16:46:31,237 [ForkJoinPool.commonPool-worker-0] INFO  impl.StateMachineUpdater (StateMachineUpdater.java:stopAndJoin(125)) - 14d6961c-3415-464e-9dd6-39423b85916c@group-9DD2DA11086B-StateMachineUpdater: set stopIndex = 0
2019-09-26 16:46:31,236 [main] INFO  impl.RaftServerImpl (ServerState.java:close(385)) - 0ded38ee-67df-4068-adb8-539d3d8b400f@group-F67703B41CB5: closes. applyIndex: 2
2019-09-26 16:46:31,239 [ForkJoinPool.commonPool-worker-0] INFO  impl.RaftServerImpl (ServerState.java:close(385)) - 14d6961c-3415-464e-9dd6-39423b85916c@group-9DD2DA11086B: closes. applyIndex: 0
2019-09-26 16:46:31,240 [0ded38ee-67df-4068-adb8-539d3d8b400f@group-F67703B41CB5-SegmentedRaftLogWorker] INFO  segmented.SegmentedRaftLogWorker (SegmentedRaftLogWorker.java:run(313)) - 0ded38ee-67df-4068-adb8-539d3d8b400f@group-F67703B41CB5-SegmentedRaftLogWorker was interrupted, exiting. There are 0 tasks remaining in the queue.
2019-09-26 16:46:31,240 [14d6961c-3415-464e-9dd6-39423b85916c@group-9DD2DA11086B-SegmentedRaftLogWorker] INFO  segmented.SegmentedRaftLogWorker (SegmentedRaftLogWorker.java:run(313)) - 14d6961c-3415-464e-9dd6-39423b85916c@group-9DD2DA11086B-SegmentedRaftLogWorker was interrupted, exiting. There are 0 tasks remaining in the queue.
2019-09-26 16:46:31,240 [main] INFO  segmented.SegmentedRaftLogWorker (SegmentedRaftLogWorker.java:close(228)) - 0ded38ee-67df-4068-adb8-539d3d8b400f@group-F67703B41CB5-SegmentedRaftLogWorker close()
2019-09-26 16:46:31,240 [ForkJoinPool.commonPool-worker-0] INFO  segmented.SegmentedRaftLogWorker (SegmentedRaftLogWorker.java:close(228)) - 14d6961c-3415-464e-9dd6-39423b85916c@group-9DD2DA11086B-SegmentedRaftLogWorker close()
2019-09-26 16:46:31,242 [main] INFO  server.GrpcService (GrpcService.java:closeImpl(164)) - 0ded38ee-67df-4068-adb8-539d3d8b400f: shutdown server with port 34114 now
2019-09-26 16:46:31,244 [ForkJoinPool.commonPool-worker-0] INFO  impl.RaftServerImpl (RaftServerImpl.java:lambda$shutdown$3(251)) - 14d6961c-3415-464e-9dd6-39423b85916c@group-AF61286BC2D3: shutdown
2019-09-26 16:46:31,245 [ForkJoinPool.commonPool-worker-0] INFO  util.JmxRegister (JmxRegister.java:unregister(73)) - Successfully un-registered JMX Bean with object name Ratis:service=RaftServer,group=group-AF61286BC2D3,id=14d6961c-3415-464e-9dd6-39423b85916c
2019-09-26 16:46:31,246 [main] INFO  server.GrpcService (GrpcService.java:closeImpl(172)) - 0ded38ee-67df-4068-adb8-539d3d8b400f: shutdown server with port 34114 successfully
2019-09-26 16:46:31,246 [ForkJoinPool.commonPool-worker-0] INFO  impl.RoleInfo (RoleInfo.java:shutdownLeaderState(104)) - 14d6961c-3415-464e-9dd6-39423b85916c: shutdown LeaderState
2019-09-26 16:46:31,247 [ForkJoinPool.commonPool-worker-0] INFO  impl.PendingRequests (PendingRequests.java:sendNotLeaderResponses(202)) - 14d6961c-3415-464e-9dd6-39423b85916c-PendingRequests: sendNotLeaderResponses
2019-09-26 16:46:31,248 [ForkJoinPool.commonPool-worker-0] INFO  impl.StateMachineUpdater (StateMachineUpdater.java:stopAndJoin(125)) - 14d6961c-3415-464e-9dd6-39423b85916c@group-AF61286BC2D3-StateMachineUpdater: set stopIndex = 0
2019-09-26 16:46:31,248 [ForkJoinPool.commonPool-worker-0] INFO  impl.RaftServerImpl (ServerState.java:close(385)) - 14d6961c-3415-464e-9dd6-39423b85916c@group-AF61286BC2D3: closes. applyIndex: 0
2019-09-26 16:46:31,249 [refreshUsed-/workdir/hadoop-ozone/integration-test/target/test-dir/MiniOzoneClusterImpl-2d738554-168c-4e5d-822f-b5acc277bde2/datanode-7/data/containers] WARN  fs.CachingGetSpaceUsed (CachingGetSpaceUsed.java:run(183)) - Thread Interrupted waiting to refresh disk information: sleep interrupted
2019-09-26 16:46:31,250 [14d6961c-3415-464e-9dd6-39423b85916c@group-AF61286BC2D3-SegmentedRaftLogWorker] INFO  segmented.SegmentedRaftLogWorker (SegmentedRaftLogWorker.java:run(313)) - 14d6961c-3415-464e-9dd6-39423b85916c@group-AF61286BC2D3-SegmentedRaftLogWorker was interrupted, exiting. There are 0 tasks remaining in the queue.
2019-09-26 16:46:31,250 [ForkJoinPool.commonPool-worker-0] INFO  segmented.SegmentedRaftLogWorker (SegmentedRaftLogWorker.java:close(228)) - 14d6961c-3415-464e-9dd6-39423b85916c@group-AF61286BC2D3-SegmentedRaftLogWorker close()
2019-09-26 16:46:31,252 [ForkJoinPool.commonPool-worker-0] INFO  server.GrpcService (GrpcService.java:closeImpl(164)) - 14d6961c-3415-464e-9dd6-39423b85916c: shutdown server with port 39459 now
2019-09-26 16:46:31,253 [ForkJoinPool.commonPool-worker-0] INFO  server.GrpcService (GrpcService.java:closeImpl(172)) - 14d6961c-3415-464e-9dd6-39423b85916c: shutdown server with port 39459 successfully
2019-09-26 16:46:31,257 [refreshUsed-/workdir/hadoop-ozone/integration-test/target/test-dir/MiniOzoneClusterImpl-2d738554-168c-4e5d-822f-b5acc277bde2/datanode-1/data/containers] WARN  fs.CachingGetSpaceUsed (CachingGetSpaceUsed.java:run(183)) - Thread Interrupted waiting to refresh disk information: sleep interrupted
2019-09-26 16:46:31,277 [main] INFO  utils.BackgroundService (BackgroundService.java:shutdown(148)) - Shutting down service BlockDeletingService
2019-09-26 16:46:31,281 [main] INFO  statemachine.DatanodeStateMachine (DatanodeStateMachine.java:stopDaemon(395)) - Ozone container server stopped.
2019-09-26 16:46:31,283 [main] INFO  handler.ContextHandler (ContextHandler.java:doStop(910)) - Stopped o.e.j.w.WebAppContext@59918c8f{/,null,UNAVAILABLE}{/hddsDatanode}
2019-09-26 16:46:31,283 [ForkJoinPool.commonPool-worker-0] INFO  utils.BackgroundService (BackgroundService.java:shutdown(148)) - Shutting down service BlockDeletingService
2019-09-26 16:46:31,284 [main] INFO  server.AbstractConnector (AbstractConnector.java:doStop(318)) - Stopped ServerConnector@2b7facc7{HTTP/1.1,[http/1.1]}{0.0.0.0:0}
2019-09-26 16:46:31,287 [main] INFO  handler.ContextHandler (ContextHandler.java:doStop(910)) - Stopped o.e.j.s.ServletContextHandler@207dd1b7{/static,jar:file:/home/user/.m2/repository/org/apache/hadoop/hadoop-hdds-container-service/0.5.0-SNAPSHOT/hadoop-hdds-container-service-0.5.0-SNAPSHOT.jar!/webapps/static,UNAVAILABLE}
2019-09-26 16:46:31,288 [ForkJoinPool.commonPool-worker-0] INFO  statemachine.DatanodeStateMachine (DatanodeStateMachine.java:stopDaemon(395)) - Ozone container server stopped.
2019-09-26 16:46:31,288 [main] INFO  handler.ContextHandler (ContextHandler.java:doStop(910)) - Stopped o.e.j.s.ServletContextHandler@1e92c3b6{/logs,file:///workdir/hadoop-ozone/integration-test/target/log,UNAVAILABLE}
2019-09-26 16:46:31,293 [ForkJoinPool.commonPool-worker-0] INFO  handler.ContextHandler (ContextHandler.java:doStop(910)) - Stopped o.e.j.w.WebAppContext@99a8de3{/,null,UNAVAILABLE}{/hddsDatanode}
2019-09-26 16:46:31,294 [ForkJoinPool.commonPool-worker-0] INFO  server.AbstractConnector (AbstractConnector.java:doStop(318)) - Stopped ServerConnector@87f501f{HTTP/1.1,[http/1.1]}{0.0.0.0:0}
2019-09-26 16:46:31,295 [ForkJoinPool.commonPool-worker-0] INFO  handler.ContextHandler (ContextHandler.java:doStop(910)) - Stopped o.e.j.s.ServletContextHandler@7d484fcd{/static,jar:file:/home/user/.m2/repository/org/apache/hadoop/hadoop-hdds-container-service/0.5.0-SNAPSHOT/hadoop-hdds-container-service-0.5.0-SNAPSHOT.jar!/webapps/static,UNAVAILABLE}
2019-09-26 16:46:31,297 [ForkJoinPool.commonPool-worker-0] INFO  handler.ContextHandler (ContextHandler.java:doStop(910)) - Stopped o.e.j.s.ServletContextHandler@3869a6e5{/logs,file:///workdir/hadoop-ozone/integration-test/target/log,UNAVAILABLE}
2019-09-26 16:46:31,297 [main] INFO  ozone.MiniOzoneClusterImpl (MiniOzoneClusterImpl.java:stopSCM(392)) - Stopping the StorageContainerManager
2019-09-26 16:46:31,298 [main] INFO  server.StorageContainerManager (StorageContainerManager.java:stop(808)) - Stopping Replication Manager Service.
2019-09-26 16:46:31,298 [main] INFO  container.ReplicationManager (ReplicationManager.java:stop(203)) - Stopping Replication Monitor Thread.
2019-09-26 16:46:31,298 [main] INFO  server.StorageContainerManager (StorageContainerManager.java:stop(815)) - Stopping Lease Manager of the command watchers
2019-09-26 16:46:31,298 [main] INFO  server.StorageContainerManager (StorageContainerManager.java:stop(822)) - Stopping datanode service RPC server
2019-09-26 16:46:31,299 [main] INFO  server.SCMDatanodeProtocolServer (SCMDatanodeProtocolServer.java:stop(367)) - Stopping the RPC server for DataNodes
2019-09-26 16:46:31,299 [main] INFO  ipc.Server (Server.java:stop(3082)) - Stopping server on 46664
2019-09-26 16:46:31,303 [IPC Server listener on 46664] INFO  ipc.Server (Server.java:run(1185)) - Stopping IPC Server listener on 46664
2019-09-26 16:46:31,303 [IPC Server Responder] INFO  ipc.Server (Server.java:run(1319)) - Stopping IPC Server Responder
2019-09-26 16:46:31,322 [SCM Heartbeat Processing Thread - 0] WARN  node.NodeStateManager (NodeStateManager.java:scheduleNextHealthCheck(646)) - Current Thread is interrupted, shutting down HB processing thread for Node Manager.
2019-09-26 16:46:31,322 [main] INFO  server.StorageContainerManager (StorageContainerManager.java:stop(830)) - Stopping block service RPC server
2019-09-26 16:46:31,322 [main] INFO  server.SCMBlockProtocolServer (SCMBlockProtocolServer.java:stop(155)) - Stopping the RPC server for Block Protocol
2019-09-26 16:46:31,323 [main] INFO  ipc.Server (Server.java:stop(3082)) - Stopping server on 42820
2019-09-26 16:46:31,325 [IPC Server listener on 42820] INFO  ipc.Server (Server.java:run(1185)) - Stopping IPC Server listener on 42820
2019-09-26 16:46:31,325 [main] INFO  server.StorageContainerManager (StorageContainerManager.java:stop(837)) - Stopping the StorageContainerLocationProtocol RPC server
2019-09-26 16:46:31,327 [IPC Server Responder] INFO  ipc.Server (Server.java:run(1319)) - Stopping IPC Server Responder
2019-09-26 16:46:31,327 [main] INFO  server.SCMClientProtocolServer (SCMClientProtocolServer.java:stop(159)) - Stopping the RPC server for Client Protocol
2019-09-26 16:46:31,328 [main] INFO  ipc.Server (Server.java:stop(3082)) - Stopping server on 41273
2019-09-26 16:46:31,330 [IPC Server listener on 41273] INFO  ipc.Server (Server.java:run(1185)) - Stopping IPC Server listener on 41273
2019-09-26 16:46:31,330 [main] INFO  server.StorageContainerManager (StorageContainerManager.java:stop(844)) - Stopping Storage Container Manager HTTP server.
2019-09-26 16:46:31,331 [IPC Server Responder] INFO  ipc.Server (Server.java:run(1319)) - Stopping IPC Server Responder
2019-09-26 16:46:31,333 [main] INFO  handler.ContextHandler (ContextHandler.java:doStop(910)) - Stopped o.e.j.w.WebAppContext@2997ddfc{/,null,UNAVAILABLE}{/scm}
2019-09-26 16:46:31,334 [main] INFO  server.AbstractConnector (AbstractConnector.java:doStop(318)) - Stopped ServerConnector@28ee882c{HTTP/1.1,[http/1.1]}{0.0.0.0:0}
2019-09-26 16:46:31,334 [main] INFO  handler.ContextHandler (ContextHandler.java:doStop(910)) - Stopped o.e.j.s.ServletContextHandler@7e3d2ebd{/static,file:///workdir/hadoop-ozone/integration-test/target/test-classes/webapps/static,UNAVAILABLE}
2019-09-26 16:46:31,335 [main] INFO  handler.ContextHandler (ContextHandler.java:doStop(910)) - Stopped o.e.j.s.ServletContextHandler@28d739f1{/logs,file:///workdir/hadoop-ozone/integration-test/target/log,UNAVAILABLE}
2019-09-26 16:46:31,335 [main] INFO  server.StorageContainerManager (StorageContainerManager.java:stop(855)) - Stopping Block Manager Service.
2019-09-26 16:46:31,336 [main] INFO  utils.BackgroundService (BackgroundService.java:shutdown(148)) - Shutting down service SCMBlockDeletingService
2019-09-26 16:46:31,336 [main] INFO  utils.BackgroundService (BackgroundService.java:shutdown(148)) - Shutting down service SCMBlockDeletingService
2019-09-26 16:46:31,336 [main] INFO  server.StorageContainerManager (StorageContainerManager.java:stop(877)) - Stopping SCM Event Queue.
2019-09-26 16:46:31,343 [main] INFO  impl.MetricsSystemImpl (MetricsSystemImpl.java:stop(210)) - Stopping HddsDatanode metrics system...
2019-09-26 16:46:31,371 [main] INFO  impl.MetricsSystemImpl (MetricsSystemImpl.java:stop(216)) - HddsDatanode metrics system stopped.
]]></system-out>
    <system-err><![CDATA[Sep 26, 2019 4:46:10 PM org.apache.ratis.thirdparty.io.grpc.internal.SerializingExecutor run
SEVERE: Exception while executing runnable org.apache.ratis.thirdparty.io.grpc.internal.ServerImpl$JumpToApplicationThreadServerStreamListener$1Closed@6c7e6135
org.apache.ratis.thirdparty.io.grpc.StatusRuntimeException: CANCELLED: call already cancelled
	at org.apache.ratis.thirdparty.io.grpc.Status.asRuntimeException(Status.java:517)
	at org.apache.ratis.thirdparty.io.grpc.stub.ServerCalls$ServerCallStreamObserverImpl.onCompleted(ServerCalls.java:356)
	at org.apache.ratis.grpc.server.GrpcServerProtocolService$ServerRequestStreamObserver.onError(GrpcServerProtocolService.java:121)
	at org.apache.ratis.thirdparty.io.grpc.stub.ServerCalls$StreamingServerCallHandler$StreamingServerCallListener.onCancel(ServerCalls.java:269)
	at org.apache.ratis.thirdparty.io.grpc.internal.ServerCallImpl$ServerStreamListenerImpl.closed(ServerCallImpl.java:293)
	at org.apache.ratis.thirdparty.io.grpc.internal.ServerImpl$JumpToApplicationThreadServerStreamListener$1Closed.runInContext(ServerImpl.java:741)
	at org.apache.ratis.thirdparty.io.grpc.internal.ContextRunnable.run(ContextRunnable.java:37)
	at org.apache.ratis.thirdparty.io.grpc.internal.SerializingExecutor.run(SerializingExecutor.java:123)
	at java.util.concurrent.ThreadPoolExecutor.runWorker(ThreadPoolExecutor.java:1149)
	at java.util.concurrent.ThreadPoolExecutor$Worker.run(ThreadPoolExecutor.java:624)
	at java.lang.Thread.run(Thread.java:748)

Sep 26, 2019 4:46:26 PM org.apache.ratis.thirdparty.io.grpc.internal.SerializingExecutor run
SEVERE: Exception while executing runnable org.apache.ratis.thirdparty.io.grpc.internal.ServerImpl$JumpToApplicationThreadServerStreamListener$1Closed@3b977c81
org.apache.ratis.thirdparty.io.grpc.StatusRuntimeException: CANCELLED: call already cancelled
	at org.apache.ratis.thirdparty.io.grpc.Status.asRuntimeException(Status.java:517)
	at org.apache.ratis.thirdparty.io.grpc.stub.ServerCalls$ServerCallStreamObserverImpl.onCompleted(ServerCalls.java:356)
	at org.apache.ratis.grpc.server.GrpcServerProtocolService$ServerRequestStreamObserver.onError(GrpcServerProtocolService.java:121)
	at org.apache.ratis.thirdparty.io.grpc.stub.ServerCalls$StreamingServerCallHandler$StreamingServerCallListener.onCancel(ServerCalls.java:269)
	at org.apache.ratis.thirdparty.io.grpc.internal.ServerCallImpl$ServerStreamListenerImpl.closed(ServerCallImpl.java:293)
	at org.apache.ratis.thirdparty.io.grpc.internal.ServerImpl$JumpToApplicationThreadServerStreamListener$1Closed.runInContext(ServerImpl.java:741)
	at org.apache.ratis.thirdparty.io.grpc.internal.ContextRunnable.run(ContextRunnable.java:37)
	at org.apache.ratis.thirdparty.io.grpc.internal.SerializingExecutor.run(SerializingExecutor.java:123)
	at java.util.concurrent.ThreadPoolExecutor.runWorker(ThreadPoolExecutor.java:1149)
	at java.util.concurrent.ThreadPoolExecutor$Worker.run(ThreadPoolExecutor.java:624)
	at java.lang.Thread.run(Thread.java:748)

]]></system-err>
  </testcase>
</testsuite>