<?xml version="1.0" encoding="UTF-8"?>
<testsuite xmlns:xsi="http://www.w3.org/2001/XMLSchema-instance" xsi:noNamespaceSchemaLocation="https://maven.apache.org/surefire/maven-surefire-plugin/xsd/surefire-test-report.xsd" name="org.apache.hadoop.ozone.client.rpc.Test2WayCommitInRatis" time="121.125" tests="1" errors="1" skipped="0" failures="0">
  <properties>
    <property name="awt.toolkit" value="sun.awt.X11.XToolkit"/>
    <property name="file.encoding.pkg" value="sun.io"/>
    <property name="java.specification.version" value="1.8"/>
    <property name="sun.cpu.isalist" value=""/>
    <property name="sun.jnu.encoding" value="UTF-8"/>
    <property name="java.class.path" value="/workdir/hadoop-ozone/integration-test/target/test-classes:/workdir/hadoop-ozone/integration-test/target/classes:/home/user/.m2/repository/org/apache/hadoop/hadoop-ozone-common/0.5.0-SNAPSHOT/hadoop-ozone-common-0.5.0-SNAPSHOT.jar:/home/user/.m2/repository/org/apache/commons/commons-compress/1.4.1/commons-compress-1.4.1.jar:/home/user/.m2/repository/org/tukaani/xz/1.0/xz-1.0.jar:/home/user/.m2/repository/org/apache/hadoop/hadoop-common/3.2.0/hadoop-common-3.2.0.jar:/home/user/.m2/repository/org/apache/hadoop/hadoop-hdfs/3.2.0/hadoop-hdfs-3.2.0.jar:/home/user/.m2/repository/org/apache/hadoop/hadoop-hdfs-client/3.2.0/hadoop-hdfs-client-3.2.0.jar:/home/user/.m2/repository/com/fasterxml/jackson/core/jackson-annotations/2.9.9/jackson-annotations-2.9.9.jar:/home/user/.m2/repository/org/apache/hadoop/hadoop-hdds-common/0.5.0-SNAPSHOT/hadoop-hdds-common-0.5.0-SNAPSHOT.jar:/home/user/.m2/repository/javax/annotation/javax.annotation-api/1.2/javax.annotation-api-1.2.jar:/home/user/.m2/repository/org/apache/ratis/ratis-server/0.4.0/ratis-server-0.4.0.jar:/home/user/.m2/repository/org/apache/ratis/ratis-thirdparty-misc/0.2.0/ratis-thirdparty-misc-0.2.0.jar:/home/user/.m2/repository/org/apache/ratis/ratis-proto/0.4.0/ratis-proto-0.4.0.jar:/home/user/.m2/repository/org/apache/ratis/ratis-common/0.4.0/ratis-common-0.4.0.jar:/home/user/.m2/repository/org/apache/ratis/ratis-client/0.4.0/ratis-client-0.4.0.jar:/home/user/.m2/repository/org/apache/ratis/ratis-metrics/0.4.0/ratis-metrics-0.4.0.jar:/home/user/.m2/repository/com/github/joshelser/dropwizard-metrics-hadoop-metrics2-reporter/0.1.2/dropwizard-metrics-hadoop-metrics2-reporter-0.1.2.jar:/home/user/.m2/repository/io/dropwizard/metrics/metrics-jvm/3.2.5/metrics-jvm-3.2.5.jar:/home/user/.m2/repository/io/dropwizard/metrics/metrics-ganglia/3.2.5/metrics-ganglia-3.2.5.jar:/home/user/.m2/repository/info/ganglia/gmetric4j/gmetric4j/1.0.7/gmetric4j-1.0.7.jar:/home/user/.m2/repository/org/apache/ratis/ratis-netty/0.4.0/ratis-netty-0.4.0.jar:/home/user/.m2/repository/org/apache/ratis/ratis-grpc/0.4.0/ratis-grpc-0.4.0.jar:/home/user/.m2/repository/org/rocksdb/rocksdbjni/6.0.1/rocksdbjni-6.0.1.jar:/home/user/.m2/repository/org/apache/logging/log4j/log4j-api/2.11.0/log4j-api-2.11.0.jar:/home/user/.m2/repository/org/apache/logging/log4j/log4j-core/2.11.0/log4j-core-2.11.0.jar:/home/user/.m2/repository/com/lmax/disruptor/3.4.2/disruptor-3.4.2.jar:/home/user/.m2/repository/org/apache/commons/commons-pool2/2.6.0/commons-pool2-2.6.0.jar:/home/user/.m2/repository/org/bouncycastle/bcpkix-jdk15on/1.60/bcpkix-jdk15on-1.60.jar:/home/user/.m2/repository/commons-validator/commons-validator/1.6/commons-validator-1.6.jar:/home/user/.m2/repository/commons-digester/commons-digester/1.8.1/commons-digester-1.8.1.jar:/home/user/.m2/repository/io/jaegertracing/jaeger-client/0.34.0/jaeger-client-0.34.0.jar:/home/user/.m2/repository/io/jaegertracing/jaeger-thrift/0.34.0/jaeger-thrift-0.34.0.jar:/home/user/.m2/repository/org/apache/thrift/libthrift/0.12.0/libthrift-0.12.0.jar:/home/user/.m2/repository/com/squareup/okhttp3/okhttp/3.9.0/okhttp-3.9.0.jar:/home/user/.m2/repository/com/squareup/okio/okio/1.13.0/okio-1.13.0.jar:/home/user/.m2/repository/io/jaegertracing/jaeger-core/0.34.0/jaeger-core-0.34.0.jar:/home/user/.m2/repository/io/jaegertracing/jaeger-tracerresolver/0.34.0/jaeger-tracerresolver-0.34.0.jar:/home/user/.m2/repository/io/opentracing/contrib/opentracing-tracerresolver/0.1.5/opentracing-tracerresolver-0.1.5.jar:/home/user/.m2/repository/io/opentracing/opentracing-util/0.31.0/opentracing-util-0.31.0.jar:/home/user/.m2/repository/io/opentracing/opentracing-api/0.31.0/opentracing-api-0.31.0.jar:/home/user/.m2/repository/io/opentracing/opentracing-noop/0.31.0/opentracing-noop-0.31.0.jar:/home/user/.m2/repository/org/apache/hadoop/hadoop-hdds-server-framework/0.5.0-SNAPSHOT/hadoop-hdds-server-framework-0.5.0-SNAPSHOT.jar:/home/user/.m2/repository/org/apache/hadoop/hadoop-hdds-container-service/0.5.0-SNAPSHOT/hadoop-hdds-container-service-0.5.0-SNAPSHOT.jar:/home/user/.m2/repository/org/apache/hadoop/hadoop-hdds-client/0.5.0-SNAPSHOT/hadoop-hdds-client-0.5.0-SNAPSHOT.jar:/home/user/.m2/repository/org/apache/hadoop/hadoop-hdds-tools/0.5.0-SNAPSHOT/hadoop-hdds-tools-0.5.0-SNAPSHOT.jar:/home/user/.m2/repository/org/apache/hadoop/hadoop-hdds-server-scm/0.5.0-SNAPSHOT/hadoop-hdds-server-scm-0.5.0-SNAPSHOT.jar:/home/user/.m2/repository/org/apache/hadoop/hadoop-hdds-docs/0.5.0-SNAPSHOT/hadoop-hdds-docs-0.5.0-SNAPSHOT.jar:/home/user/.m2/repository/io/dropwizard/metrics/metrics-core/3.2.4/metrics-core-3.2.4.jar:/home/user/.m2/repository/org/hamcrest/hamcrest-all/1.3/hamcrest-all-1.3.jar:/home/user/.m2/repository/org/bouncycastle/bcprov-jdk15on/1.60/bcprov-jdk15on-1.60.jar:/home/user/.m2/repository/info/picocli/picocli/3.9.6/picocli-3.9.6.jar:/home/user/.m2/repository/com/google/protobuf/protobuf-java/2.5.0/protobuf-java-2.5.0.jar:/home/user/.m2/repository/com/google/guava/guava/11.0.2/guava-11.0.2.jar:/home/user/.m2/repository/org/apache/hadoop/hadoop-ozone-ozone-manager/0.5.0-SNAPSHOT/hadoop-ozone-ozone-manager-0.5.0-SNAPSHOT.jar:/home/user/.m2/repository/org/apache/hadoop/hadoop-minikdc/3.2.0/hadoop-minikdc-3.2.0.jar:/home/user/.m2/repository/commons-io/commons-io/2.5/commons-io-2.5.jar:/home/user/.m2/repository/org/apache/kerby/kerb-simplekdc/1.0.1/kerb-simplekdc-1.0.1.jar:/home/user/.m2/repository/org/apache/kerby/kerb-client/1.0.1/kerb-client-1.0.1.jar:/home/user/.m2/repository/org/apache/kerby/kerby-config/1.0.1/kerby-config-1.0.1.jar:/home/user/.m2/repository/org/apache/kerby/kerb-core/1.0.1/kerb-core-1.0.1.jar:/home/user/.m2/repository/org/apache/kerby/kerby-pkix/1.0.1/kerby-pkix-1.0.1.jar:/home/user/.m2/repository/org/apache/kerby/kerby-asn1/1.0.1/kerby-asn1-1.0.1.jar:/home/user/.m2/repository/org/apache/kerby/kerby-util/1.0.1/kerby-util-1.0.1.jar:/home/user/.m2/repository/org/apache/kerby/kerb-common/1.0.1/kerb-common-1.0.1.jar:/home/user/.m2/repository/org/apache/kerby/kerb-crypto/1.0.1/kerb-crypto-1.0.1.jar:/home/user/.m2/repository/org/apache/kerby/kerb-util/1.0.1/kerb-util-1.0.1.jar:/home/user/.m2/repository/org/apache/kerby/token-provider/1.0.1/token-provider-1.0.1.jar:/home/user/.m2/repository/org/apache/kerby/kerb-admin/1.0.1/kerb-admin-1.0.1.jar:/home/user/.m2/repository/org/apache/kerby/kerb-server/1.0.1/kerb-server-1.0.1.jar:/home/user/.m2/repository/org/apache/kerby/kerb-identity/1.0.1/kerb-identity-1.0.1.jar:/home/user/.m2/repository/org/apache/kerby/kerby-xdr/1.0.1/kerby-xdr-1.0.1.jar:/home/user/.m2/repository/org/slf4j/slf4j-log4j12/1.7.25/slf4j-log4j12-1.7.25.jar:/home/user/.m2/repository/org/apache/hadoop/hadoop-ozone-s3gateway/0.5.0-SNAPSHOT/hadoop-ozone-s3gateway-0.5.0-SNAPSHOT.jar:/home/user/.m2/repository/org/jboss/weld/servlet/weld-servlet/2.4.7.Final/weld-servlet-2.4.7.Final.jar:/home/user/.m2/repository/org/glassfish/jersey/containers/jersey-container-servlet-core/2.27/jersey-container-servlet-core-2.27.jar:/home/user/.m2/repository/org/glassfish/hk2/external/javax.inject/2.5.0-b42/javax.inject-2.5.0-b42.jar:/home/user/.m2/repository/org/glassfish/jersey/core/jersey-common/2.27/jersey-common-2.27.jar:/home/user/.m2/repository/org/glassfish/hk2/osgi-resource-locator/1.0.1/osgi-resource-locator-1.0.1.jar:/home/user/.m2/repository/javax/ws/rs/javax.ws.rs-api/2.1/javax.ws.rs-api-2.1.jar:/home/user/.m2/repository/org/glassfish/jersey/ext/cdi/jersey-cdi1x/2.27/jersey-cdi1x-2.27.jar:/home/user/.m2/repository/org/glassfish/jersey/inject/jersey-hk2/2.27/jersey-hk2-2.27.jar:/home/user/.m2/repository/org/glassfish/hk2/hk2-locator/2.5.0-b42/hk2-locator-2.5.0-b42.jar:/home/user/.m2/repository/org/javassist/javassist/3.22.0-CR2/javassist-3.22.0-CR2.jar:/home/user/.m2/repository/org/glassfish/hk2/hk2-api/2.5.0/hk2-api-2.5.0.jar:/home/user/.m2/repository/org/glassfish/hk2/external/jakarta.inject/2.5.0/jakarta.inject-2.5.0.jar:/home/user/.m2/repository/org/glassfish/hk2/hk2-utils/2.5.0/hk2-utils-2.5.0.jar:/home/user/.m2/repository/jakarta/annotation/jakarta.annotation-api/1.3.4/jakarta.annotation-api-1.3.4.jar:/home/user/.m2/repository/org/glassfish/hk2/external/aopalliance-repackaged/2.5.0/aopalliance-repackaged-2.5.0.jar:/home/user/.m2/repository/com/fasterxml/jackson/dataformat/jackson-dataformat-xml/2.9.0/jackson-dataformat-xml-2.9.0.jar:/home/user/.m2/repository/com/fasterxml/jackson/core/jackson-core/2.9.9/jackson-core-2.9.9.jar:/home/user/.m2/repository/com/fasterxml/jackson/module/jackson-module-jaxb-annotations/2.9.9/jackson-module-jaxb-annotations-2.9.9.jar:/home/user/.m2/repository/javax/enterprise/cdi-api/1.2/cdi-api-1.2.jar:/home/user/.m2/repository/javax/el/javax.el-api/3.0.0/javax.el-api-3.0.0.jar:/home/user/.m2/repository/javax/interceptor/javax.interceptor-api/1.2/javax.interceptor-api-1.2.jar:/home/user/.m2/repository/javax/inject/javax.inject/1/javax.inject-1.jar:/home/user/.m2/repository/com/sun/xml/bind/jaxb-impl/2.3.0.1/jaxb-impl-2.3.0.1.jar:/home/user/.m2/repository/com/sun/xml/bind/jaxb-core/2.3.0.1/jaxb-core-2.3.0.1.jar:/home/user/.m2/repository/javax/xml/bind/jaxb-api/2.3.0/jaxb-api-2.3.0.jar:/home/user/.m2/repository/javax/activation/activation/1.1.1/activation-1.1.1.jar:/home/user/.m2/repository/org/apache/hadoop/hadoop-ozone-csi/0.5.0-SNAPSHOT/hadoop-ozone-csi-0.5.0-SNAPSHOT.jar:/home/user/.m2/repository/com/google/protobuf/protobuf-java-util/3.5.1/protobuf-java-util-3.5.1.jar:/home/user/.m2/repository/org/apache/hadoop/hadoop-hdds-config/0.5.0-SNAPSHOT/hadoop-hdds-config-0.5.0-SNAPSHOT.jar:/home/user/.m2/repository/io/grpc/grpc-netty/1.17.1/grpc-netty-1.17.1.jar:/home/user/.m2/repository/io/grpc/grpc-core/1.17.1/grpc-core-1.17.1.jar:/home/user/.m2/repository/io/grpc/grpc-context/1.17.1/grpc-context-1.17.1.jar:/home/user/.m2/repository/com/google/errorprone/error_prone_annotations/2.2.0/error_prone_annotations-2.2.0.jar:/home/user/.m2/repository/org/codehaus/mojo/animal-sniffer-annotations/1.17/animal-sniffer-annotations-1.17.jar:/home/user/.m2/repository/io/opencensus/opencensus-api/0.17.0/opencensus-api-0.17.0.jar:/home/user/.m2/repository/io/opencensus/opencensus-contrib-grpc-metrics/0.17.0/opencensus-contrib-grpc-metrics-0.17.0.jar:/home/user/.m2/repository/io/netty/netty-codec-http2/4.1.30.Final/netty-codec-http2-4.1.30.Final.jar:/home/user/.m2/repository/io/netty/netty-codec-http/4.1.30.Final/netty-codec-http-4.1.30.Final.jar:/home/user/.m2/repository/io/netty/netty-codec/4.1.30.Final/netty-codec-4.1.30.Final.jar:/home/user/.m2/repository/io/netty/netty-handler/4.1.30.Final/netty-handler-4.1.30.Final.jar:/home/user/.m2/repository/io/netty/netty-handler-proxy/4.1.30.Final/netty-handler-proxy-4.1.30.Final.jar:/home/user/.m2/repository/io/netty/netty-codec-socks/4.1.30.Final/netty-codec-socks-4.1.30.Final.jar:/home/user/.m2/repository/io/netty/netty-transport-native-epoll/4.1.30.Final/netty-transport-native-epoll-4.1.30.Final.jar:/home/user/.m2/repository/io/netty/netty-common/4.1.30.Final/netty-common-4.1.30.Final.jar:/home/user/.m2/repository/io/netty/netty-buffer/4.1.30.Final/netty-buffer-4.1.30.Final.jar:/home/user/.m2/repository/io/netty/netty-transport/4.1.30.Final/netty-transport-4.1.30.Final.jar:/home/user/.m2/repository/io/netty/netty-resolver/4.1.30.Final/netty-resolver-4.1.30.Final.jar:/home/user/.m2/repository/io/netty/netty-transport-native-unix-common/4.1.30.Final/netty-transport-native-unix-common-4.1.30.Final.jar:/home/user/.m2/repository/io/grpc/grpc-protobuf/1.17.1/grpc-protobuf-1.17.1.jar:/home/user/.m2/repository/com/google/api/grpc/proto-google-common-protos/1.0.0/proto-google-common-protos-1.0.0.jar:/home/user/.m2/repository/io/grpc/grpc-protobuf-lite/1.17.1/grpc-protobuf-lite-1.17.1.jar:/home/user/.m2/repository/io/grpc/grpc-stub/1.17.1/grpc-stub-1.17.1.jar:/home/user/.m2/repository/org/apache/hadoop/hadoop-ozone-recon/0.5.0-SNAPSHOT/hadoop-ozone-recon-0.5.0-SNAPSHOT.jar:/home/user/.m2/repository/org/apache/hadoop/hadoop-ozone-reconcodegen/0.5.0-SNAPSHOT/hadoop-ozone-reconcodegen-0.5.0-SNAPSHOT.jar:/home/user/.m2/repository/com/google/inject/extensions/guice-multibindings/4.0/guice-multibindings-4.0.jar:/home/user/.m2/repository/com/google/inject/guice/4.0/guice-4.0.jar:/home/user/.m2/repository/aopalliance/aopalliance/1.0/aopalliance-1.0.jar:/home/user/.m2/repository/com/google/inject/extensions/guice-servlet/4.0/guice-servlet-4.0.jar:/home/user/.m2/repository/org/glassfish/jersey/containers/jersey-container-servlet/2.27/jersey-container-servlet-2.27.jar:/home/user/.m2/repository/org/glassfish/hk2/guice-bridge/2.5.0/guice-bridge-2.5.0.jar:/home/user/.m2/repository/org/glassfish/jersey/core/jersey-server/2.27/jersey-server-2.27.jar:/home/user/.m2/repository/org/glassfish/jersey/core/jersey-client/2.27/jersey-client-2.27.jar:/home/user/.m2/repository/org/glassfish/jersey/media/jersey-media-jaxb/2.27/jersey-media-jaxb-2.27.jar:/home/user/.m2/repository/javax/validation/validation-api/1.1.0.Final/validation-api-1.1.0.Final.jar:/home/user/.m2/repository/org/glassfish/jersey/media/jersey-media-json-jackson/2.27/jersey-media-json-jackson-2.27.jar:/home/user/.m2/repository/org/glassfish/jersey/ext/jersey-entity-filtering/2.27/jersey-entity-filtering-2.27.jar:/home/user/.m2/repository/com/google/inject/extensions/guice-assistedinject/4.0/guice-assistedinject-4.0.jar:/home/user/.m2/repository/org/jooq/jooq/3.11.10/jooq-3.11.10.jar:/home/user/.m2/repository/org/jooq/jooq-meta/3.11.10/jooq-meta-3.11.10.jar:/home/user/.m2/repository/org/jooq/jooq-codegen/3.11.10/jooq-codegen-3.11.10.jar:/home/user/.m2/repository/com/jolbox/bonecp/0.8.0.RELEASE/bonecp-0.8.0.RELEASE.jar:/home/user/.m2/repository/org/xerial/sqlite-jdbc/3.25.2/sqlite-jdbc-3.25.2.jar:/home/user/.m2/repository/org/springframework/spring-jdbc/5.1.3.RELEASE/spring-jdbc-5.1.3.RELEASE.jar:/home/user/.m2/repository/org/springframework/spring-beans/5.1.3.RELEASE/spring-beans-5.1.3.RELEASE.jar:/home/user/.m2/repository/org/springframework/spring-core/5.1.3.RELEASE/spring-core-5.1.3.RELEASE.jar:/home/user/.m2/repository/org/springframework/spring-jcl/5.1.3.RELEASE/spring-jcl-5.1.3.RELEASE.jar:/home/user/.m2/repository/org/springframework/spring-tx/5.1.3.RELEASE/spring-tx-5.1.3.RELEASE.jar:/home/user/.m2/repository/org/apache/hadoop/hadoop-ozone-client/0.5.0-SNAPSHOT/hadoop-ozone-client-0.5.0-SNAPSHOT.jar:/home/user/.m2/repository/commons-lang/commons-lang/2.6/commons-lang-2.6.jar:/home/user/.m2/repository/org/apache/hadoop/hadoop-ozone-ozone-manager/0.5.0-SNAPSHOT/hadoop-ozone-ozone-manager-0.5.0-SNAPSHOT-tests.jar:/home/user/.m2/repository/junit/junit/4.11/junit-4.11.jar:/home/user/.m2/repository/org/hamcrest/hamcrest-core/1.3/hamcrest-core-1.3.jar:/home/user/.m2/repository/org/openjdk/jmh/jmh-core/1.19/jmh-core-1.19.jar:/home/user/.m2/repository/net/sf/jopt-simple/jopt-simple/4.6/jopt-simple-4.6.jar:/home/user/.m2/repository/org/apache/commons/commons-math3/3.1.1/commons-math3-3.1.1.jar:/home/user/.m2/repository/org/openjdk/jmh/jmh-generator-annprocess/1.19/jmh-generator-annprocess-1.19.jar:/home/user/.m2/repository/org/mockito/mockito-all/1.8.5/mockito-all-1.8.5.jar:/home/user/.m2/repository/org/apache/hadoop/hadoop-kms/3.2.0/hadoop-kms-3.2.0.jar:/home/user/.m2/repository/org/apache/hadoop/hadoop-auth/3.2.0/hadoop-auth-3.2.0.jar:/home/user/.m2/repository/com/nimbusds/nimbus-jose-jwt/4.41.1/nimbus-jose-jwt-4.41.1.jar:/home/user/.m2/repository/com/github/stephenc/jcip/jcip-annotations/1.0-1/jcip-annotations-1.0-1.jar:/home/user/.m2/repository/net/minidev/json-smart/2.3/json-smart-2.3.jar:/home/user/.m2/repository/net/minidev/accessors-smart/1.2/accessors-smart-1.2.jar:/home/user/.m2/repository/org/ow2/asm/asm/5.0.4/asm-5.0.4.jar:/home/user/.m2/repository/org/apache/curator/curator-framework/2.12.0/curator-framework-2.12.0.jar:/home/user/.m2/repository/com/sun/jersey/jersey-core/1.19/jersey-core-1.19.jar:/home/user/.m2/repository/javax/ws/rs/jsr311-api/1.1.1/jsr311-api-1.1.1.jar:/home/user/.m2/repository/com/sun/jersey/jersey-server/1.19/jersey-server-1.19.jar:/home/user/.m2/repository/javax/servlet/javax.servlet-api/3.1.0/javax.servlet-api-3.1.0.jar:/home/user/.m2/repository/org/eclipse/jetty/jetty-server/9.3.25.v20180904/jetty-server-9.3.25.v20180904.jar:/home/user/.m2/repository/org/eclipse/jetty/jetty-http/9.3.25.v20180904/jetty-http-9.3.25.v20180904.jar:/home/user/.m2/repository/org/eclipse/jetty/jetty-io/9.3.25.v20180904/jetty-io-9.3.25.v20180904.jar:/home/user/.m2/repository/org/eclipse/jetty/jetty-webapp/9.3.25.v20180904/jetty-webapp-9.3.25.v20180904.jar:/home/user/.m2/repository/org/eclipse/jetty/jetty-xml/9.3.25.v20180904/jetty-xml-9.3.25.v20180904.jar:/home/user/.m2/repository/log4j/log4j/1.2.17/log4j-1.2.17.jar:/home/user/.m2/repository/org/slf4j/slf4j-api/1.7.25/slf4j-api-1.7.25.jar:/home/user/.m2/repository/org/slf4j/jul-to-slf4j/1.7.25/jul-to-slf4j-1.7.25.jar:/home/user/.m2/repository/org/eclipse/jetty/jetty-util/9.3.25.v20180904/jetty-util-9.3.25.v20180904.jar:/home/user/.m2/repository/com/fasterxml/jackson/core/jackson-databind/2.9.9/jackson-databind-2.9.9.jar:/home/user/.m2/repository/org/apache/hadoop/hadoop-kms/3.2.0/hadoop-kms-3.2.0-tests.jar:/home/user/.m2/repository/org/apache/hadoop/hadoop-hdds-server-scm/0.5.0-SNAPSHOT/hadoop-hdds-server-scm-0.5.0-SNAPSHOT-tests.jar:/home/user/.m2/repository/org/apache/hadoop/hadoop-hdds-container-service/0.5.0-SNAPSHOT/hadoop-hdds-container-service-0.5.0-SNAPSHOT-tests.jar:/home/user/.m2/repository/org/yaml/snakeyaml/1.16/snakeyaml-1.16.jar:/home/user/.m2/repository/org/apache/hadoop/hadoop-common/3.2.0/hadoop-common-3.2.0-tests.jar:/home/user/.m2/repository/org/apache/hadoop/hadoop-annotations/3.2.0/hadoop-annotations-3.2.0.jar:/usr/lib/jvm/java-1.8-openjdk/jre/../lib/tools.jar:/home/user/.m2/repository/commons-cli/commons-cli/1.2/commons-cli-1.2.jar:/home/user/.m2/repository/org/apache/httpcomponents/httpclient/4.5.2/httpclient-4.5.2.jar:/home/user/.m2/repository/org/apache/httpcomponents/httpcore/4.4.4/httpcore-4.4.4.jar:/home/user/.m2/repository/commons-codec/commons-codec/1.11/commons-codec-1.11.jar:/home/user/.m2/repository/commons-net/commons-net/3.6/commons-net-3.6.jar:/home/user/.m2/repository/commons-collections/commons-collections/3.2.2/commons-collections-3.2.2.jar:/home/user/.m2/repository/org/eclipse/jetty/jetty-servlet/9.3.25.v20180904/jetty-servlet-9.3.25.v20180904.jar:/home/user/.m2/repository/org/eclipse/jetty/jetty-security/9.3.25.v20180904/jetty-security-9.3.25.v20180904.jar:/home/user/.m2/repository/javax/servlet/jsp/jsp-api/2.1/jsp-api-2.1.jar:/home/user/.m2/repository/com/sun/jersey/jersey-servlet/1.19/jersey-servlet-1.19.jar:/home/user/.m2/repository/com/sun/jersey/jersey-json/1.19/jersey-json-1.19.jar:/home/user/.m2/repository/org/codehaus/jettison/jettison/1.1/jettison-1.1.jar:/home/user/.m2/repository/org/codehaus/jackson/jackson-core-asl/1.9.13/jackson-core-asl-1.9.13.jar:/home/user/.m2/repository/org/codehaus/jackson/jackson-mapper-asl/1.9.13/jackson-mapper-asl-1.9.13.jar:/home/user/.m2/repository/org/codehaus/jackson/jackson-jaxrs/1.9.13/jackson-jaxrs-1.9.13.jar:/home/user/.m2/repository/org/codehaus/jackson/jackson-xc/1.9.13/jackson-xc-1.9.13.jar:/home/user/.m2/repository/commons-logging/commons-logging/1.1.3/commons-logging-1.1.3.jar:/home/user/.m2/repository/commons-beanutils/commons-beanutils/1.9.4/commons-beanutils-1.9.4.jar:/home/user/.m2/repository/org/apache/commons/commons-configuration2/2.1.1/commons-configuration2-2.1.1.jar:/home/user/.m2/repository/org/apache/commons/commons-lang3/3.7/commons-lang3-3.7.jar:/home/user/.m2/repository/org/apache/commons/commons-text/1.4/commons-text-1.4.jar:/home/user/.m2/repository/org/apache/avro/avro/1.7.7/avro-1.7.7.jar:/home/user/.m2/repository/com/thoughtworks/paranamer/paranamer/2.3/paranamer-2.3.jar:/home/user/.m2/repository/org/xerial/snappy/snappy-java/1.0.5/snappy-java-1.0.5.jar:/home/user/.m2/repository/com/google/re2j/re2j/1.1/re2j-1.1.jar:/home/user/.m2/repository/com/google/code/gson/gson/2.2.4/gson-2.2.4.jar:/home/user/.m2/repository/com/jcraft/jsch/0.1.54/jsch-0.1.54.jar:/home/user/.m2/repository/org/apache/curator/curator-client/2.12.0/curator-client-2.12.0.jar:/home/user/.m2/repository/org/apache/curator/curator-recipes/2.12.0/curator-recipes-2.12.0.jar:/home/user/.m2/repository/com/google/code/findbugs/jsr305/3.0.0/jsr305-3.0.0.jar:/home/user/.m2/repository/org/apache/htrace/htrace-core4/4.1.0-incubating/htrace-core4-4.1.0-incubating.jar:/home/user/.m2/repository/org/apache/zookeeper/zookeeper/3.4.13/zookeeper-3.4.13.jar:/home/user/.m2/repository/jline/jline/0.9.94/jline-0.9.94.jar:/home/user/.m2/repository/org/apache/yetus/audience-annotations/0.5.0/audience-annotations-0.5.0.jar:/home/user/.m2/repository/org/codehaus/woodstox/stax2-api/3.1.4/stax2-api-3.1.4.jar:/home/user/.m2/repository/com/fasterxml/woodstox/woodstox-core/5.0.3/woodstox-core-5.0.3.jar:/home/user/.m2/repository/dnsjava/dnsjava/2.1.7/dnsjava-2.1.7.jar:/home/user/.m2/repository/org/apache/hadoop/hadoop-hdfs/3.2.0/hadoop-hdfs-3.2.0-tests.jar:/home/user/.m2/repository/org/eclipse/jetty/jetty-util-ajax/9.3.25.v20180904/jetty-util-ajax-9.3.25.v20180904.jar:/home/user/.m2/repository/commons-daemon/commons-daemon/1.0.13/commons-daemon-1.0.13.jar:/home/user/.m2/repository/io/netty/netty/3.10.5.Final/netty-3.10.5.Final.jar:/home/user/.m2/repository/io/netty/netty-all/4.0.52.Final/netty-all-4.0.52.Final.jar:/home/user/.m2/repository/org/fusesource/leveldbjni/leveldbjni-all/1.8/leveldbjni-all-1.8.jar:"/>
    <property name="java.vm.vendor" value="IcedTea"/>
    <property name="sun.arch.data.model" value="64"/>
    <property name="test.build.dir" value="/workdir/hadoop-ozone/integration-test/target/test-dir"/>
    <property name="test.cache.data" value=""/>
    <property name="java.vendor.url" value="https://icedtea.classpath.org"/>
    <property name="user.timezone" value=""/>
    <property name="java.vm.specification.version" value="1.8"/>
    <property name="os.name" value="Linux"/>
    <property name="test.build.data" value="/workdir/hadoop-ozone/integration-test/target/test-dir"/>
    <property name="user.country" value="US"/>
    <property name="sun.java.launcher" value="SUN_STANDARD"/>
    <property name="sun.boot.library.path" value="/usr/lib/jvm/java-1.8-openjdk/jre/lib/amd64"/>
    <property name="sun.java.command" value="/workdir/hadoop-ozone/integration-test/target/surefire/surefirebooter8041586382039999980.jar /workdir/hadoop-ozone/integration-test/target/surefire 2019-09-26T15-34-27_911-jvmRun1 surefire4437832308745798594tmp surefire_424614998125008829007tmp"/>
    <property name="test" value="!TestMiniChaosOzoneCluster"/>
    <property name="surefire.test.class.path" value="/workdir/hadoop-ozone/integration-test/target/test-classes:/workdir/hadoop-ozone/integration-test/target/classes:/home/user/.m2/repository/org/apache/hadoop/hadoop-ozone-common/0.5.0-SNAPSHOT/hadoop-ozone-common-0.5.0-SNAPSHOT.jar:/home/user/.m2/repository/org/apache/commons/commons-compress/1.4.1/commons-compress-1.4.1.jar:/home/user/.m2/repository/org/tukaani/xz/1.0/xz-1.0.jar:/home/user/.m2/repository/org/apache/hadoop/hadoop-common/3.2.0/hadoop-common-3.2.0.jar:/home/user/.m2/repository/org/apache/hadoop/hadoop-hdfs/3.2.0/hadoop-hdfs-3.2.0.jar:/home/user/.m2/repository/org/apache/hadoop/hadoop-hdfs-client/3.2.0/hadoop-hdfs-client-3.2.0.jar:/home/user/.m2/repository/com/fasterxml/jackson/core/jackson-annotations/2.9.9/jackson-annotations-2.9.9.jar:/home/user/.m2/repository/org/apache/hadoop/hadoop-hdds-common/0.5.0-SNAPSHOT/hadoop-hdds-common-0.5.0-SNAPSHOT.jar:/home/user/.m2/repository/javax/annotation/javax.annotation-api/1.2/javax.annotation-api-1.2.jar:/home/user/.m2/repository/org/apache/ratis/ratis-server/0.4.0/ratis-server-0.4.0.jar:/home/user/.m2/repository/org/apache/ratis/ratis-thirdparty-misc/0.2.0/ratis-thirdparty-misc-0.2.0.jar:/home/user/.m2/repository/org/apache/ratis/ratis-proto/0.4.0/ratis-proto-0.4.0.jar:/home/user/.m2/repository/org/apache/ratis/ratis-common/0.4.0/ratis-common-0.4.0.jar:/home/user/.m2/repository/org/apache/ratis/ratis-client/0.4.0/ratis-client-0.4.0.jar:/home/user/.m2/repository/org/apache/ratis/ratis-metrics/0.4.0/ratis-metrics-0.4.0.jar:/home/user/.m2/repository/com/github/joshelser/dropwizard-metrics-hadoop-metrics2-reporter/0.1.2/dropwizard-metrics-hadoop-metrics2-reporter-0.1.2.jar:/home/user/.m2/repository/io/dropwizard/metrics/metrics-jvm/3.2.5/metrics-jvm-3.2.5.jar:/home/user/.m2/repository/io/dropwizard/metrics/metrics-ganglia/3.2.5/metrics-ganglia-3.2.5.jar:/home/user/.m2/repository/info/ganglia/gmetric4j/gmetric4j/1.0.7/gmetric4j-1.0.7.jar:/home/user/.m2/repository/org/apache/ratis/ratis-netty/0.4.0/ratis-netty-0.4.0.jar:/home/user/.m2/repository/org/apache/ratis/ratis-grpc/0.4.0/ratis-grpc-0.4.0.jar:/home/user/.m2/repository/org/rocksdb/rocksdbjni/6.0.1/rocksdbjni-6.0.1.jar:/home/user/.m2/repository/org/apache/logging/log4j/log4j-api/2.11.0/log4j-api-2.11.0.jar:/home/user/.m2/repository/org/apache/logging/log4j/log4j-core/2.11.0/log4j-core-2.11.0.jar:/home/user/.m2/repository/com/lmax/disruptor/3.4.2/disruptor-3.4.2.jar:/home/user/.m2/repository/org/apache/commons/commons-pool2/2.6.0/commons-pool2-2.6.0.jar:/home/user/.m2/repository/org/bouncycastle/bcpkix-jdk15on/1.60/bcpkix-jdk15on-1.60.jar:/home/user/.m2/repository/commons-validator/commons-validator/1.6/commons-validator-1.6.jar:/home/user/.m2/repository/commons-digester/commons-digester/1.8.1/commons-digester-1.8.1.jar:/home/user/.m2/repository/io/jaegertracing/jaeger-client/0.34.0/jaeger-client-0.34.0.jar:/home/user/.m2/repository/io/jaegertracing/jaeger-thrift/0.34.0/jaeger-thrift-0.34.0.jar:/home/user/.m2/repository/org/apache/thrift/libthrift/0.12.0/libthrift-0.12.0.jar:/home/user/.m2/repository/com/squareup/okhttp3/okhttp/3.9.0/okhttp-3.9.0.jar:/home/user/.m2/repository/com/squareup/okio/okio/1.13.0/okio-1.13.0.jar:/home/user/.m2/repository/io/jaegertracing/jaeger-core/0.34.0/jaeger-core-0.34.0.jar:/home/user/.m2/repository/io/jaegertracing/jaeger-tracerresolver/0.34.0/jaeger-tracerresolver-0.34.0.jar:/home/user/.m2/repository/io/opentracing/contrib/opentracing-tracerresolver/0.1.5/opentracing-tracerresolver-0.1.5.jar:/home/user/.m2/repository/io/opentracing/opentracing-util/0.31.0/opentracing-util-0.31.0.jar:/home/user/.m2/repository/io/opentracing/opentracing-api/0.31.0/opentracing-api-0.31.0.jar:/home/user/.m2/repository/io/opentracing/opentracing-noop/0.31.0/opentracing-noop-0.31.0.jar:/home/user/.m2/repository/org/apache/hadoop/hadoop-hdds-server-framework/0.5.0-SNAPSHOT/hadoop-hdds-server-framework-0.5.0-SNAPSHOT.jar:/home/user/.m2/repository/org/apache/hadoop/hadoop-hdds-container-service/0.5.0-SNAPSHOT/hadoop-hdds-container-service-0.5.0-SNAPSHOT.jar:/home/user/.m2/repository/org/apache/hadoop/hadoop-hdds-client/0.5.0-SNAPSHOT/hadoop-hdds-client-0.5.0-SNAPSHOT.jar:/home/user/.m2/repository/org/apache/hadoop/hadoop-hdds-tools/0.5.0-SNAPSHOT/hadoop-hdds-tools-0.5.0-SNAPSHOT.jar:/home/user/.m2/repository/org/apache/hadoop/hadoop-hdds-server-scm/0.5.0-SNAPSHOT/hadoop-hdds-server-scm-0.5.0-SNAPSHOT.jar:/home/user/.m2/repository/org/apache/hadoop/hadoop-hdds-docs/0.5.0-SNAPSHOT/hadoop-hdds-docs-0.5.0-SNAPSHOT.jar:/home/user/.m2/repository/io/dropwizard/metrics/metrics-core/3.2.4/metrics-core-3.2.4.jar:/home/user/.m2/repository/org/hamcrest/hamcrest-all/1.3/hamcrest-all-1.3.jar:/home/user/.m2/repository/org/bouncycastle/bcprov-jdk15on/1.60/bcprov-jdk15on-1.60.jar:/home/user/.m2/repository/info/picocli/picocli/3.9.6/picocli-3.9.6.jar:/home/user/.m2/repository/com/google/protobuf/protobuf-java/2.5.0/protobuf-java-2.5.0.jar:/home/user/.m2/repository/com/google/guava/guava/11.0.2/guava-11.0.2.jar:/home/user/.m2/repository/org/apache/hadoop/hadoop-ozone-ozone-manager/0.5.0-SNAPSHOT/hadoop-ozone-ozone-manager-0.5.0-SNAPSHOT.jar:/home/user/.m2/repository/org/apache/hadoop/hadoop-minikdc/3.2.0/hadoop-minikdc-3.2.0.jar:/home/user/.m2/repository/commons-io/commons-io/2.5/commons-io-2.5.jar:/home/user/.m2/repository/org/apache/kerby/kerb-simplekdc/1.0.1/kerb-simplekdc-1.0.1.jar:/home/user/.m2/repository/org/apache/kerby/kerb-client/1.0.1/kerb-client-1.0.1.jar:/home/user/.m2/repository/org/apache/kerby/kerby-config/1.0.1/kerby-config-1.0.1.jar:/home/user/.m2/repository/org/apache/kerby/kerb-core/1.0.1/kerb-core-1.0.1.jar:/home/user/.m2/repository/org/apache/kerby/kerby-pkix/1.0.1/kerby-pkix-1.0.1.jar:/home/user/.m2/repository/org/apache/kerby/kerby-asn1/1.0.1/kerby-asn1-1.0.1.jar:/home/user/.m2/repository/org/apache/kerby/kerby-util/1.0.1/kerby-util-1.0.1.jar:/home/user/.m2/repository/org/apache/kerby/kerb-common/1.0.1/kerb-common-1.0.1.jar:/home/user/.m2/repository/org/apache/kerby/kerb-crypto/1.0.1/kerb-crypto-1.0.1.jar:/home/user/.m2/repository/org/apache/kerby/kerb-util/1.0.1/kerb-util-1.0.1.jar:/home/user/.m2/repository/org/apache/kerby/token-provider/1.0.1/token-provider-1.0.1.jar:/home/user/.m2/repository/org/apache/kerby/kerb-admin/1.0.1/kerb-admin-1.0.1.jar:/home/user/.m2/repository/org/apache/kerby/kerb-server/1.0.1/kerb-server-1.0.1.jar:/home/user/.m2/repository/org/apache/kerby/kerb-identity/1.0.1/kerb-identity-1.0.1.jar:/home/user/.m2/repository/org/apache/kerby/kerby-xdr/1.0.1/kerby-xdr-1.0.1.jar:/home/user/.m2/repository/org/slf4j/slf4j-log4j12/1.7.25/slf4j-log4j12-1.7.25.jar:/home/user/.m2/repository/org/apache/hadoop/hadoop-ozone-s3gateway/0.5.0-SNAPSHOT/hadoop-ozone-s3gateway-0.5.0-SNAPSHOT.jar:/home/user/.m2/repository/org/jboss/weld/servlet/weld-servlet/2.4.7.Final/weld-servlet-2.4.7.Final.jar:/home/user/.m2/repository/org/glassfish/jersey/containers/jersey-container-servlet-core/2.27/jersey-container-servlet-core-2.27.jar:/home/user/.m2/repository/org/glassfish/hk2/external/javax.inject/2.5.0-b42/javax.inject-2.5.0-b42.jar:/home/user/.m2/repository/org/glassfish/jersey/core/jersey-common/2.27/jersey-common-2.27.jar:/home/user/.m2/repository/org/glassfish/hk2/osgi-resource-locator/1.0.1/osgi-resource-locator-1.0.1.jar:/home/user/.m2/repository/javax/ws/rs/javax.ws.rs-api/2.1/javax.ws.rs-api-2.1.jar:/home/user/.m2/repository/org/glassfish/jersey/ext/cdi/jersey-cdi1x/2.27/jersey-cdi1x-2.27.jar:/home/user/.m2/repository/org/glassfish/jersey/inject/jersey-hk2/2.27/jersey-hk2-2.27.jar:/home/user/.m2/repository/org/glassfish/hk2/hk2-locator/2.5.0-b42/hk2-locator-2.5.0-b42.jar:/home/user/.m2/repository/org/javassist/javassist/3.22.0-CR2/javassist-3.22.0-CR2.jar:/home/user/.m2/repository/org/glassfish/hk2/hk2-api/2.5.0/hk2-api-2.5.0.jar:/home/user/.m2/repository/org/glassfish/hk2/external/jakarta.inject/2.5.0/jakarta.inject-2.5.0.jar:/home/user/.m2/repository/org/glassfish/hk2/hk2-utils/2.5.0/hk2-utils-2.5.0.jar:/home/user/.m2/repository/jakarta/annotation/jakarta.annotation-api/1.3.4/jakarta.annotation-api-1.3.4.jar:/home/user/.m2/repository/org/glassfish/hk2/external/aopalliance-repackaged/2.5.0/aopalliance-repackaged-2.5.0.jar:/home/user/.m2/repository/com/fasterxml/jackson/dataformat/jackson-dataformat-xml/2.9.0/jackson-dataformat-xml-2.9.0.jar:/home/user/.m2/repository/com/fasterxml/jackson/core/jackson-core/2.9.9/jackson-core-2.9.9.jar:/home/user/.m2/repository/com/fasterxml/jackson/module/jackson-module-jaxb-annotations/2.9.9/jackson-module-jaxb-annotations-2.9.9.jar:/home/user/.m2/repository/javax/enterprise/cdi-api/1.2/cdi-api-1.2.jar:/home/user/.m2/repository/javax/el/javax.el-api/3.0.0/javax.el-api-3.0.0.jar:/home/user/.m2/repository/javax/interceptor/javax.interceptor-api/1.2/javax.interceptor-api-1.2.jar:/home/user/.m2/repository/javax/inject/javax.inject/1/javax.inject-1.jar:/home/user/.m2/repository/com/sun/xml/bind/jaxb-impl/2.3.0.1/jaxb-impl-2.3.0.1.jar:/home/user/.m2/repository/com/sun/xml/bind/jaxb-core/2.3.0.1/jaxb-core-2.3.0.1.jar:/home/user/.m2/repository/javax/xml/bind/jaxb-api/2.3.0/jaxb-api-2.3.0.jar:/home/user/.m2/repository/javax/activation/activation/1.1.1/activation-1.1.1.jar:/home/user/.m2/repository/org/apache/hadoop/hadoop-ozone-csi/0.5.0-SNAPSHOT/hadoop-ozone-csi-0.5.0-SNAPSHOT.jar:/home/user/.m2/repository/com/google/protobuf/protobuf-java-util/3.5.1/protobuf-java-util-3.5.1.jar:/home/user/.m2/repository/org/apache/hadoop/hadoop-hdds-config/0.5.0-SNAPSHOT/hadoop-hdds-config-0.5.0-SNAPSHOT.jar:/home/user/.m2/repository/io/grpc/grpc-netty/1.17.1/grpc-netty-1.17.1.jar:/home/user/.m2/repository/io/grpc/grpc-core/1.17.1/grpc-core-1.17.1.jar:/home/user/.m2/repository/io/grpc/grpc-context/1.17.1/grpc-context-1.17.1.jar:/home/user/.m2/repository/com/google/errorprone/error_prone_annotations/2.2.0/error_prone_annotations-2.2.0.jar:/home/user/.m2/repository/org/codehaus/mojo/animal-sniffer-annotations/1.17/animal-sniffer-annotations-1.17.jar:/home/user/.m2/repository/io/opencensus/opencensus-api/0.17.0/opencensus-api-0.17.0.jar:/home/user/.m2/repository/io/opencensus/opencensus-contrib-grpc-metrics/0.17.0/opencensus-contrib-grpc-metrics-0.17.0.jar:/home/user/.m2/repository/io/netty/netty-codec-http2/4.1.30.Final/netty-codec-http2-4.1.30.Final.jar:/home/user/.m2/repository/io/netty/netty-codec-http/4.1.30.Final/netty-codec-http-4.1.30.Final.jar:/home/user/.m2/repository/io/netty/netty-codec/4.1.30.Final/netty-codec-4.1.30.Final.jar:/home/user/.m2/repository/io/netty/netty-handler/4.1.30.Final/netty-handler-4.1.30.Final.jar:/home/user/.m2/repository/io/netty/netty-handler-proxy/4.1.30.Final/netty-handler-proxy-4.1.30.Final.jar:/home/user/.m2/repository/io/netty/netty-codec-socks/4.1.30.Final/netty-codec-socks-4.1.30.Final.jar:/home/user/.m2/repository/io/netty/netty-transport-native-epoll/4.1.30.Final/netty-transport-native-epoll-4.1.30.Final.jar:/home/user/.m2/repository/io/netty/netty-common/4.1.30.Final/netty-common-4.1.30.Final.jar:/home/user/.m2/repository/io/netty/netty-buffer/4.1.30.Final/netty-buffer-4.1.30.Final.jar:/home/user/.m2/repository/io/netty/netty-transport/4.1.30.Final/netty-transport-4.1.30.Final.jar:/home/user/.m2/repository/io/netty/netty-resolver/4.1.30.Final/netty-resolver-4.1.30.Final.jar:/home/user/.m2/repository/io/netty/netty-transport-native-unix-common/4.1.30.Final/netty-transport-native-unix-common-4.1.30.Final.jar:/home/user/.m2/repository/io/grpc/grpc-protobuf/1.17.1/grpc-protobuf-1.17.1.jar:/home/user/.m2/repository/com/google/api/grpc/proto-google-common-protos/1.0.0/proto-google-common-protos-1.0.0.jar:/home/user/.m2/repository/io/grpc/grpc-protobuf-lite/1.17.1/grpc-protobuf-lite-1.17.1.jar:/home/user/.m2/repository/io/grpc/grpc-stub/1.17.1/grpc-stub-1.17.1.jar:/home/user/.m2/repository/org/apache/hadoop/hadoop-ozone-recon/0.5.0-SNAPSHOT/hadoop-ozone-recon-0.5.0-SNAPSHOT.jar:/home/user/.m2/repository/org/apache/hadoop/hadoop-ozone-reconcodegen/0.5.0-SNAPSHOT/hadoop-ozone-reconcodegen-0.5.0-SNAPSHOT.jar:/home/user/.m2/repository/com/google/inject/extensions/guice-multibindings/4.0/guice-multibindings-4.0.jar:/home/user/.m2/repository/com/google/inject/guice/4.0/guice-4.0.jar:/home/user/.m2/repository/aopalliance/aopalliance/1.0/aopalliance-1.0.jar:/home/user/.m2/repository/com/google/inject/extensions/guice-servlet/4.0/guice-servlet-4.0.jar:/home/user/.m2/repository/org/glassfish/jersey/containers/jersey-container-servlet/2.27/jersey-container-servlet-2.27.jar:/home/user/.m2/repository/org/glassfish/hk2/guice-bridge/2.5.0/guice-bridge-2.5.0.jar:/home/user/.m2/repository/org/glassfish/jersey/core/jersey-server/2.27/jersey-server-2.27.jar:/home/user/.m2/repository/org/glassfish/jersey/core/jersey-client/2.27/jersey-client-2.27.jar:/home/user/.m2/repository/org/glassfish/jersey/media/jersey-media-jaxb/2.27/jersey-media-jaxb-2.27.jar:/home/user/.m2/repository/javax/validation/validation-api/1.1.0.Final/validation-api-1.1.0.Final.jar:/home/user/.m2/repository/org/glassfish/jersey/media/jersey-media-json-jackson/2.27/jersey-media-json-jackson-2.27.jar:/home/user/.m2/repository/org/glassfish/jersey/ext/jersey-entity-filtering/2.27/jersey-entity-filtering-2.27.jar:/home/user/.m2/repository/com/google/inject/extensions/guice-assistedinject/4.0/guice-assistedinject-4.0.jar:/home/user/.m2/repository/org/jooq/jooq/3.11.10/jooq-3.11.10.jar:/home/user/.m2/repository/org/jooq/jooq-meta/3.11.10/jooq-meta-3.11.10.jar:/home/user/.m2/repository/org/jooq/jooq-codegen/3.11.10/jooq-codegen-3.11.10.jar:/home/user/.m2/repository/com/jolbox/bonecp/0.8.0.RELEASE/bonecp-0.8.0.RELEASE.jar:/home/user/.m2/repository/org/xerial/sqlite-jdbc/3.25.2/sqlite-jdbc-3.25.2.jar:/home/user/.m2/repository/org/springframework/spring-jdbc/5.1.3.RELEASE/spring-jdbc-5.1.3.RELEASE.jar:/home/user/.m2/repository/org/springframework/spring-beans/5.1.3.RELEASE/spring-beans-5.1.3.RELEASE.jar:/home/user/.m2/repository/org/springframework/spring-core/5.1.3.RELEASE/spring-core-5.1.3.RELEASE.jar:/home/user/.m2/repository/org/springframework/spring-jcl/5.1.3.RELEASE/spring-jcl-5.1.3.RELEASE.jar:/home/user/.m2/repository/org/springframework/spring-tx/5.1.3.RELEASE/spring-tx-5.1.3.RELEASE.jar:/home/user/.m2/repository/org/apache/hadoop/hadoop-ozone-client/0.5.0-SNAPSHOT/hadoop-ozone-client-0.5.0-SNAPSHOT.jar:/home/user/.m2/repository/commons-lang/commons-lang/2.6/commons-lang-2.6.jar:/home/user/.m2/repository/org/apache/hadoop/hadoop-ozone-ozone-manager/0.5.0-SNAPSHOT/hadoop-ozone-ozone-manager-0.5.0-SNAPSHOT-tests.jar:/home/user/.m2/repository/junit/junit/4.11/junit-4.11.jar:/home/user/.m2/repository/org/hamcrest/hamcrest-core/1.3/hamcrest-core-1.3.jar:/home/user/.m2/repository/org/openjdk/jmh/jmh-core/1.19/jmh-core-1.19.jar:/home/user/.m2/repository/net/sf/jopt-simple/jopt-simple/4.6/jopt-simple-4.6.jar:/home/user/.m2/repository/org/apache/commons/commons-math3/3.1.1/commons-math3-3.1.1.jar:/home/user/.m2/repository/org/openjdk/jmh/jmh-generator-annprocess/1.19/jmh-generator-annprocess-1.19.jar:/home/user/.m2/repository/org/mockito/mockito-all/1.8.5/mockito-all-1.8.5.jar:/home/user/.m2/repository/org/apache/hadoop/hadoop-kms/3.2.0/hadoop-kms-3.2.0.jar:/home/user/.m2/repository/org/apache/hadoop/hadoop-auth/3.2.0/hadoop-auth-3.2.0.jar:/home/user/.m2/repository/com/nimbusds/nimbus-jose-jwt/4.41.1/nimbus-jose-jwt-4.41.1.jar:/home/user/.m2/repository/com/github/stephenc/jcip/jcip-annotations/1.0-1/jcip-annotations-1.0-1.jar:/home/user/.m2/repository/net/minidev/json-smart/2.3/json-smart-2.3.jar:/home/user/.m2/repository/net/minidev/accessors-smart/1.2/accessors-smart-1.2.jar:/home/user/.m2/repository/org/ow2/asm/asm/5.0.4/asm-5.0.4.jar:/home/user/.m2/repository/org/apache/curator/curator-framework/2.12.0/curator-framework-2.12.0.jar:/home/user/.m2/repository/com/sun/jersey/jersey-core/1.19/jersey-core-1.19.jar:/home/user/.m2/repository/javax/ws/rs/jsr311-api/1.1.1/jsr311-api-1.1.1.jar:/home/user/.m2/repository/com/sun/jersey/jersey-server/1.19/jersey-server-1.19.jar:/home/user/.m2/repository/javax/servlet/javax.servlet-api/3.1.0/javax.servlet-api-3.1.0.jar:/home/user/.m2/repository/org/eclipse/jetty/jetty-server/9.3.25.v20180904/jetty-server-9.3.25.v20180904.jar:/home/user/.m2/repository/org/eclipse/jetty/jetty-http/9.3.25.v20180904/jetty-http-9.3.25.v20180904.jar:/home/user/.m2/repository/org/eclipse/jetty/jetty-io/9.3.25.v20180904/jetty-io-9.3.25.v20180904.jar:/home/user/.m2/repository/org/eclipse/jetty/jetty-webapp/9.3.25.v20180904/jetty-webapp-9.3.25.v20180904.jar:/home/user/.m2/repository/org/eclipse/jetty/jetty-xml/9.3.25.v20180904/jetty-xml-9.3.25.v20180904.jar:/home/user/.m2/repository/log4j/log4j/1.2.17/log4j-1.2.17.jar:/home/user/.m2/repository/org/slf4j/slf4j-api/1.7.25/slf4j-api-1.7.25.jar:/home/user/.m2/repository/org/slf4j/jul-to-slf4j/1.7.25/jul-to-slf4j-1.7.25.jar:/home/user/.m2/repository/org/eclipse/jetty/jetty-util/9.3.25.v20180904/jetty-util-9.3.25.v20180904.jar:/home/user/.m2/repository/com/fasterxml/jackson/core/jackson-databind/2.9.9/jackson-databind-2.9.9.jar:/home/user/.m2/repository/org/apache/hadoop/hadoop-kms/3.2.0/hadoop-kms-3.2.0-tests.jar:/home/user/.m2/repository/org/apache/hadoop/hadoop-hdds-server-scm/0.5.0-SNAPSHOT/hadoop-hdds-server-scm-0.5.0-SNAPSHOT-tests.jar:/home/user/.m2/repository/org/apache/hadoop/hadoop-hdds-container-service/0.5.0-SNAPSHOT/hadoop-hdds-container-service-0.5.0-SNAPSHOT-tests.jar:/home/user/.m2/repository/org/yaml/snakeyaml/1.16/snakeyaml-1.16.jar:/home/user/.m2/repository/org/apache/hadoop/hadoop-common/3.2.0/hadoop-common-3.2.0-tests.jar:/home/user/.m2/repository/org/apache/hadoop/hadoop-annotations/3.2.0/hadoop-annotations-3.2.0.jar:/usr/lib/jvm/java-1.8-openjdk/jre/../lib/tools.jar:/home/user/.m2/repository/commons-cli/commons-cli/1.2/commons-cli-1.2.jar:/home/user/.m2/repository/org/apache/httpcomponents/httpclient/4.5.2/httpclient-4.5.2.jar:/home/user/.m2/repository/org/apache/httpcomponents/httpcore/4.4.4/httpcore-4.4.4.jar:/home/user/.m2/repository/commons-codec/commons-codec/1.11/commons-codec-1.11.jar:/home/user/.m2/repository/commons-net/commons-net/3.6/commons-net-3.6.jar:/home/user/.m2/repository/commons-collections/commons-collections/3.2.2/commons-collections-3.2.2.jar:/home/user/.m2/repository/org/eclipse/jetty/jetty-servlet/9.3.25.v20180904/jetty-servlet-9.3.25.v20180904.jar:/home/user/.m2/repository/org/eclipse/jetty/jetty-security/9.3.25.v20180904/jetty-security-9.3.25.v20180904.jar:/home/user/.m2/repository/javax/servlet/jsp/jsp-api/2.1/jsp-api-2.1.jar:/home/user/.m2/repository/com/sun/jersey/jersey-servlet/1.19/jersey-servlet-1.19.jar:/home/user/.m2/repository/com/sun/jersey/jersey-json/1.19/jersey-json-1.19.jar:/home/user/.m2/repository/org/codehaus/jettison/jettison/1.1/jettison-1.1.jar:/home/user/.m2/repository/org/codehaus/jackson/jackson-core-asl/1.9.13/jackson-core-asl-1.9.13.jar:/home/user/.m2/repository/org/codehaus/jackson/jackson-mapper-asl/1.9.13/jackson-mapper-asl-1.9.13.jar:/home/user/.m2/repository/org/codehaus/jackson/jackson-jaxrs/1.9.13/jackson-jaxrs-1.9.13.jar:/home/user/.m2/repository/org/codehaus/jackson/jackson-xc/1.9.13/jackson-xc-1.9.13.jar:/home/user/.m2/repository/commons-logging/commons-logging/1.1.3/commons-logging-1.1.3.jar:/home/user/.m2/repository/commons-beanutils/commons-beanutils/1.9.4/commons-beanutils-1.9.4.jar:/home/user/.m2/repository/org/apache/commons/commons-configuration2/2.1.1/commons-configuration2-2.1.1.jar:/home/user/.m2/repository/org/apache/commons/commons-lang3/3.7/commons-lang3-3.7.jar:/home/user/.m2/repository/org/apache/commons/commons-text/1.4/commons-text-1.4.jar:/home/user/.m2/repository/org/apache/avro/avro/1.7.7/avro-1.7.7.jar:/home/user/.m2/repository/com/thoughtworks/paranamer/paranamer/2.3/paranamer-2.3.jar:/home/user/.m2/repository/org/xerial/snappy/snappy-java/1.0.5/snappy-java-1.0.5.jar:/home/user/.m2/repository/com/google/re2j/re2j/1.1/re2j-1.1.jar:/home/user/.m2/repository/com/google/code/gson/gson/2.2.4/gson-2.2.4.jar:/home/user/.m2/repository/com/jcraft/jsch/0.1.54/jsch-0.1.54.jar:/home/user/.m2/repository/org/apache/curator/curator-client/2.12.0/curator-client-2.12.0.jar:/home/user/.m2/repository/org/apache/curator/curator-recipes/2.12.0/curator-recipes-2.12.0.jar:/home/user/.m2/repository/com/google/code/findbugs/jsr305/3.0.0/jsr305-3.0.0.jar:/home/user/.m2/repository/org/apache/htrace/htrace-core4/4.1.0-incubating/htrace-core4-4.1.0-incubating.jar:/home/user/.m2/repository/org/apache/zookeeper/zookeeper/3.4.13/zookeeper-3.4.13.jar:/home/user/.m2/repository/jline/jline/0.9.94/jline-0.9.94.jar:/home/user/.m2/repository/org/apache/yetus/audience-annotations/0.5.0/audience-annotations-0.5.0.jar:/home/user/.m2/repository/org/codehaus/woodstox/stax2-api/3.1.4/stax2-api-3.1.4.jar:/home/user/.m2/repository/com/fasterxml/woodstox/woodstox-core/5.0.3/woodstox-core-5.0.3.jar:/home/user/.m2/repository/dnsjava/dnsjava/2.1.7/dnsjava-2.1.7.jar:/home/user/.m2/repository/org/apache/hadoop/hadoop-hdfs/3.2.0/hadoop-hdfs-3.2.0-tests.jar:/home/user/.m2/repository/org/eclipse/jetty/jetty-util-ajax/9.3.25.v20180904/jetty-util-ajax-9.3.25.v20180904.jar:/home/user/.m2/repository/commons-daemon/commons-daemon/1.0.13/commons-daemon-1.0.13.jar:/home/user/.m2/repository/io/netty/netty/3.10.5.Final/netty-3.10.5.Final.jar:/home/user/.m2/repository/io/netty/netty-all/4.0.52.Final/netty-all-4.0.52.Final.jar:/home/user/.m2/repository/org/fusesource/leveldbjni/leveldbjni-all/1.8/leveldbjni-all-1.8.jar:"/>
    <property name="sun.cpu.endian" value="little"/>
    <property name="user.home" value="/home/user"/>
    <property name="user.language" value="en"/>
    <property name="java.specification.vendor" value="Oracle Corporation"/>
    <property name="java.home" value="/usr/lib/jvm/java-1.8-openjdk/jre"/>
    <property name="java.security.krb5.conf" value="/workdir/hadoop-ozone/integration-test/target/test-classes/krb5.conf"/>
    <property name="basedir" value="/workdir/hadoop-ozone/integration-test"/>
    <property name="file.separator" value="/"/>
    <property name="line.separator" value="&#10;"/>
    <property name="java.vm.specification.vendor" value="Oracle Corporation"/>
    <property name="java.specification.name" value="Java Platform API Specification"/>
    <property name="java.awt.graphicsenv" value="sun.awt.X11GraphicsEnvironment"/>
    <property name="surefire.real.class.path" value="/workdir/hadoop-ozone/integration-test/target/surefire/surefirebooter8041586382039999980.jar"/>
    <property name="hadoop.log.dir" value="/workdir/hadoop-ozone/integration-test/target/log"/>
    <property name="sun.boot.class.path" value="/usr/lib/jvm/java-1.8-openjdk/jre/lib/resources.jar:/usr/lib/jvm/java-1.8-openjdk/jre/lib/rt.jar:/usr/lib/jvm/java-1.8-openjdk/jre/lib/sunrsasign.jar:/usr/lib/jvm/java-1.8-openjdk/jre/lib/jsse.jar:/usr/lib/jvm/java-1.8-openjdk/jre/lib/jce.jar:/usr/lib/jvm/java-1.8-openjdk/jre/lib/charsets.jar:/usr/lib/jvm/java-1.8-openjdk/jre/lib/jfr.jar:/usr/lib/jvm/java-1.8-openjdk/jre/classes"/>
    <property name="sun.management.compiler" value="HotSpot 64-Bit Tiered Compilers"/>
    <property name="java.runtime.version" value="1.8.0_212-b04"/>
    <property name="java.net.preferIPv4Stack" value="true"/>
    <property name="user.name" value="jenkins1000"/>
    <property name="path.separator" value=":"/>
    <property name="java.security.egd" value="file:///dev/urandom"/>
    <property name="os.version" value="3.10.0-957.12.2.el7.x86_64"/>
    <property name="java.endorsed.dirs" value="/usr/lib/jvm/java-1.8-openjdk/jre/lib/endorsed"/>
    <property name="java.runtime.name" value="OpenJDK Runtime Environment"/>
    <property name="file.encoding" value="UTF-8"/>
    <property name="java.vm.name" value="OpenJDK 64-Bit Server VM"/>
    <property name="test.build.webapps" value=""/>
    <property name="localRepository" value="/home/user/.m2/repository"/>
    <property name="java.vendor.url.bug" value="https://icedtea.classpath.org/bugzilla"/>
    <property name="java.io.tmpdir" value="/tmp"/>
    <property name="require.test.libhadoop" value=""/>
    <property name="java.version" value="1.8.0_212"/>
    <property name="user.dir" value="/workdir/hadoop-ozone/integration-test"/>
    <property name="os.arch" value="amd64"/>
    <property name="java.vm.specification.name" value="Java Virtual Machine Specification"/>
    <property name="test.build.classes" value="/workdir/hadoop-ozone/integration-test/target/test-classes"/>
    <property name="java.awt.printerjob" value="sun.print.PSPrinterJob"/>
    <property name="sun.os.patch.level" value="unknown"/>
    <property name="hadoop.tmp.dir" value="/workdir/hadoop-ozone/integration-test/target/tmp"/>
    <property name="java.library.path" value="/usr/lib/jvm/java-1.8-openjdk/jre/lib/amd64/server:/usr/lib/jvm/java-1.8-openjdk/jre/lib/amd64:/usr/lib/jvm/java-1.8-openjdk/jre/../lib/amd64:/workdir/hadoop-ozone/integration-test/target/native/target/usr/local/lib:/workdir/hadoop-ozone/integration-test/../../hadoop-common-project/hadoop-common/target/native/target/usr/local/lib:/usr/java/packages/lib/amd64:/usr/lib64:/lib64:/lib:/usr/lib"/>
    <property name="java.vm.info" value="mixed mode"/>
    <property name="java.vendor" value="IcedTea"/>
    <property name="java.vm.version" value="25.212-b04"/>
    <property name="java.ext.dirs" value="/usr/lib/jvm/java-1.8-openjdk/jre/lib/ext:/usr/java/packages/lib/ext"/>
    <property name="sun.io.unicode.encoding" value="UnicodeLittle"/>
    <property name="java.class.version" value="52.0"/>
  </properties>
  <testcase name="test2WayCommitForRetryfailure" classname="org.apache.hadoop.ozone.client.rpc.Test2WayCommitInRatis" time="121.035">
    <error message="Connection refused" type="java.net.ConnectException"><![CDATA[java.net.ConnectException: Connection refused
	at sun.nio.ch.SocketChannelImpl.checkConnect(Native Method)
	at sun.nio.ch.SocketChannelImpl.finishConnect(SocketChannelImpl.java:717)
	at org.apache.hadoop.net.SocketIOWithTimeout.connect(SocketIOWithTimeout.java:206)
	at org.apache.hadoop.net.NetUtils.connect(NetUtils.java:531)
	at org.apache.hadoop.ipc.Client$Connection.setupConnection(Client.java:690)
	at org.apache.hadoop.ipc.Client$Connection.setupIOstreams(Client.java:794)
	at org.apache.hadoop.ipc.Client$Connection.access$3700(Client.java:411)
	at org.apache.hadoop.ipc.Client.getConnection(Client.java:1572)
	at org.apache.hadoop.ipc.Client.call(Client.java:1403)
	at org.apache.hadoop.ipc.Client.call(Client.java:1367)
	at org.apache.hadoop.ipc.ProtobufRpcEngine$Invoker.invoke(ProtobufRpcEngine.java:228)
	at org.apache.hadoop.ipc.ProtobufRpcEngine$Invoker.invoke(ProtobufRpcEngine.java:116)
	at com.sun.proxy.$Proxy34.submitRequest(Unknown Source)
	at sun.reflect.NativeMethodAccessorImpl.invoke0(Native Method)
	at sun.reflect.NativeMethodAccessorImpl.invoke(NativeMethodAccessorImpl.java:62)
	at sun.reflect.DelegatingMethodAccessorImpl.invoke(DelegatingMethodAccessorImpl.java:43)
	at java.lang.reflect.Method.invoke(Method.java:498)
	at org.apache.hadoop.io.retry.RetryInvocationHandler.invokeMethod(RetryInvocationHandler.java:422)
	at org.apache.hadoop.io.retry.RetryInvocationHandler$Call.invokeMethod(RetryInvocationHandler.java:165)
	at org.apache.hadoop.io.retry.RetryInvocationHandler$Call.invoke(RetryInvocationHandler.java:157)
	at org.apache.hadoop.io.retry.RetryInvocationHandler$Call.invokeOnce(RetryInvocationHandler.java:95)
	at org.apache.hadoop.io.retry.RetryInvocationHandler.invoke(RetryInvocationHandler.java:359)
	at com.sun.proxy.$Proxy34.submitRequest(Unknown Source)
	at org.apache.hadoop.ozone.om.protocolPB.OzoneManagerProtocolClientSideTranslatorPB.submitRequest(OzoneManagerProtocolClientSideTranslatorPB.java:338)
	at org.apache.hadoop.ozone.om.protocolPB.OzoneManagerProtocolClientSideTranslatorPB.getServiceInfo(OzoneManagerProtocolClientSideTranslatorPB.java:1223)
	at sun.reflect.NativeMethodAccessorImpl.invoke0(Native Method)
	at sun.reflect.NativeMethodAccessorImpl.invoke(NativeMethodAccessorImpl.java:62)
	at sun.reflect.DelegatingMethodAccessorImpl.invoke(DelegatingMethodAccessorImpl.java:43)
	at java.lang.reflect.Method.invoke(Method.java:498)
	at org.apache.hadoop.hdds.tracing.TraceAllMethod.invoke(TraceAllMethod.java:66)
	at com.sun.proxy.$Proxy35.getServiceInfo(Unknown Source)
	at org.apache.hadoop.ozone.client.rpc.RpcClient.<init>(RpcClient.java:154)
	at org.apache.hadoop.ozone.client.OzoneClientFactory.getClientProtocol(OzoneClientFactory.java:256)
	at org.apache.hadoop.ozone.client.OzoneClientFactory.getClientProtocol(OzoneClientFactory.java:239)
	at org.apache.hadoop.ozone.client.OzoneClientFactory.getClient(OzoneClientFactory.java:75)
	at org.apache.hadoop.ozone.client.rpc.Test2WayCommitInRatis.startCluster(Test2WayCommitInRatis.java:92)
	at org.apache.hadoop.ozone.client.rpc.Test2WayCommitInRatis.test2WayCommitForRetryfailure(Test2WayCommitInRatis.java:119)
	at sun.reflect.NativeMethodAccessorImpl.invoke0(Native Method)
	at sun.reflect.NativeMethodAccessorImpl.invoke(NativeMethodAccessorImpl.java:62)
	at sun.reflect.DelegatingMethodAccessorImpl.invoke(DelegatingMethodAccessorImpl.java:43)
	at java.lang.reflect.Method.invoke(Method.java:498)
	at org.junit.runners.model.FrameworkMethod$1.runReflectiveCall(FrameworkMethod.java:47)
	at org.junit.internal.runners.model.ReflectiveCallable.run(ReflectiveCallable.java:12)
	at org.junit.runners.model.FrameworkMethod.invokeExplosively(FrameworkMethod.java:44)
	at org.junit.internal.runners.statements.InvokeMethod.evaluate(InvokeMethod.java:17)
	at org.junit.runners.ParentRunner.runLeaf(ParentRunner.java:271)
	at org.junit.runners.BlockJUnit4ClassRunner.runChild(BlockJUnit4ClassRunner.java:70)
	at org.junit.runners.BlockJUnit4ClassRunner.runChild(BlockJUnit4ClassRunner.java:50)
	at org.junit.runners.ParentRunner$3.run(ParentRunner.java:238)
	at org.junit.runners.ParentRunner$1.schedule(ParentRunner.java:63)
	at org.junit.runners.ParentRunner.runChildren(ParentRunner.java:236)
	at org.junit.runners.ParentRunner.access$000(ParentRunner.java:53)
	at org.junit.runners.ParentRunner$2.evaluate(ParentRunner.java:229)
	at org.junit.runners.ParentRunner.run(ParentRunner.java:309)
	at org.apache.maven.surefire.junit4.JUnit4Provider.execute(JUnit4Provider.java:365)
	at org.apache.maven.surefire.junit4.JUnit4Provider.executeWithRerun(JUnit4Provider.java:273)
	at org.apache.maven.surefire.junit4.JUnit4Provider.executeTestSet(JUnit4Provider.java:238)
	at org.apache.maven.surefire.junit4.JUnit4Provider.invoke(JUnit4Provider.java:159)
	at org.apache.maven.surefire.booter.ForkedBooter.invokeProviderInSameClassLoader(ForkedBooter.java:384)
	at org.apache.maven.surefire.booter.ForkedBooter.runSuitesInProcess(ForkedBooter.java:345)
	at org.apache.maven.surefire.booter.ForkedBooter.execute(ForkedBooter.java:126)
	at org.apache.maven.surefire.booter.ForkedBooter.main(ForkedBooter.java:418)
]]></error>
    <system-out><![CDATA[2019-09-26 17:08:21,433 [main] WARN  server.ServerUtils (ServerUtils.java:getScmDbDir(145)) - ozone.scm.db.dirs is not configured. We recommend adding this setting. Falling back to ozone.metadata.dirs instead.
2019-09-26 17:08:21,541 [main] WARN  server.ServerUtils (ServerUtils.java:getScmDbDir(145)) - ozone.scm.db.dirs is not configured. We recommend adding this setting. Falling back to ozone.metadata.dirs instead.
2019-09-26 17:08:21,544 [main] WARN  server.ServerUtils (ServerUtils.java:getScmDbDir(145)) - ozone.scm.db.dirs is not configured. We recommend adding this setting. Falling back to ozone.metadata.dirs instead.
2019-09-26 17:08:21,561 [main] INFO  util.log (Log.java:initialized(192)) - Logging initialized @934ms
2019-09-26 17:08:21,662 [main] INFO  db.DBStoreBuilder (DBStoreBuilder.java:addTable(110)) - using custom profile for table: deletedBlocks
2019-09-26 17:08:21,663 [main] INFO  db.DBStoreBuilder (DBStoreBuilder.java:processTables(161)) - Using default column profile:DBProfile.DISK for Table:deletedBlocks
2019-09-26 17:08:21,663 [main] INFO  db.DBStoreBuilder (DBStoreBuilder.java:addTable(110)) - using custom profile for table: validCerts
2019-09-26 17:08:21,664 [main] INFO  db.DBStoreBuilder (DBStoreBuilder.java:processTables(161)) - Using default column profile:DBProfile.DISK for Table:validCerts
2019-09-26 17:08:21,664 [main] INFO  db.DBStoreBuilder (DBStoreBuilder.java:addTable(110)) - using custom profile for table: revokedCerts
2019-09-26 17:08:21,664 [main] INFO  db.DBStoreBuilder (DBStoreBuilder.java:processTables(161)) - Using default column profile:DBProfile.DISK for Table:revokedCerts
2019-09-26 17:08:21,677 [main] INFO  db.DBStoreBuilder (DBStoreBuilder.java:addTable(110)) - using custom profile for table: default
2019-09-26 17:08:21,678 [main] INFO  db.DBStoreBuilder (DBStoreBuilder.java:processTables(167)) - Using default column profile:DBProfile.DISK for Table:default
2019-09-26 17:08:21,679 [main] INFO  db.DBStoreBuilder (DBStoreBuilder.java:getDbProfile(198)) - Using default options. DBProfile.DISK
2019-09-26 17:08:21,927 [main] INFO  net.NodeSchemaLoader (NodeSchemaLoader.java:loadSchemaFromFile(125)) - Loading file from sun.misc.CompoundEnumeration@77888435
2019-09-26 17:08:21,929 [main] INFO  net.NodeSchemaLoader (NodeSchemaLoader.java:loadSchema(171)) - Loading network topology layer schema file
2019-09-26 17:08:21,997 [main] WARN  server.ServerUtils (ServerUtils.java:sanitizeUserArgs(70)) - ozone.scm.stale.node.interval value = 300000 is larger than max = 100000 based on the key value of ozone.scm.heartbeat.thread.interval, reset to the max value 100000.
2019-09-26 17:08:21,999 [main] WARN  server.ServerUtils (ServerUtils.java:sanitizeUserArgs(70)) - ozone.scm.stale.node.interval value = 300000 is larger than max = 100000 based on the key value of ozone.scm.heartbeat.thread.interval, reset to the max value 100000.
2019-09-26 17:08:22,001 [main] INFO  node.SCMNodeManager (SCMNodeManager.java:<init>(114)) - Entering startup safe mode.
2019-09-26 17:08:22,071 [main] INFO  algorithms.ContainerPlacementPolicyFactory (ContainerPlacementPolicyFactory.java:getPolicy(57)) - Create container placement policy of type org.apache.hadoop.hdds.scm.container.placement.algorithms.SCMContainerPlacementRandom
2019-09-26 17:08:22,085 [main] WARN  server.ServerUtils (ServerUtils.java:getScmDbDir(145)) - ozone.scm.db.dirs is not configured. We recommend adding this setting. Falling back to ozone.metadata.dirs instead.
2019-09-26 17:08:22,144 [main] INFO  pipeline.SCMPipelineManager (SCMPipelineManager.java:initializePipelineState(132)) - No pipeline exists in current db
2019-09-26 17:08:22,147 [main] WARN  server.ServerUtils (ServerUtils.java:getScmDbDir(145)) - ozone.scm.db.dirs is not configured. We recommend adding this setting. Falling back to ozone.metadata.dirs instead.
2019-09-26 17:08:22,252 [main] WARN  events.EventQueue (EventQueue.java:fireEvent(183)) - No event handler registered for event TypedEvent{payloadType=SafeModeStatus, name='SafeModeStatus'}
2019-09-26 17:08:22,609 [main] INFO  ipc.CallQueueManager (CallQueueManager.java:<init>(84)) - Using callQueue: class java.util.concurrent.LinkedBlockingQueue, queueCapacity: 2000, scheduler: class org.apache.hadoop.ipc.DefaultRpcScheduler, ipcBackoff: false.
2019-09-26 17:08:22,649 [Socket Reader #1 for port 34551] INFO  ipc.Server (Server.java:run(1074)) - Starting Socket Reader #1 for port 34551
2019-09-26 17:08:22,809 [main] INFO  ipc.CallQueueManager (CallQueueManager.java:<init>(84)) - Using callQueue: class java.util.concurrent.LinkedBlockingQueue, queueCapacity: 2000, scheduler: class org.apache.hadoop.ipc.DefaultRpcScheduler, ipcBackoff: false.
2019-09-26 17:08:22,810 [Socket Reader #1 for port 41280] INFO  ipc.Server (Server.java:run(1074)) - Starting Socket Reader #1 for port 41280
2019-09-26 17:08:22,822 [main] INFO  ipc.CallQueueManager (CallQueueManager.java:<init>(84)) - Using callQueue: class java.util.concurrent.LinkedBlockingQueue, queueCapacity: 2000, scheduler: class org.apache.hadoop.ipc.DefaultRpcScheduler, ipcBackoff: false.
2019-09-26 17:08:22,824 [Socket Reader #1 for port 43689] INFO  ipc.Server (Server.java:run(1074)) - Starting Socket Reader #1 for port 43689
2019-09-26 17:08:22,849 [main] INFO  hdfs.DFSUtil (DFSUtil.java:httpServerTemplateForNNAndJN(1641)) - Starting Web-server for scm at: http://0.0.0.0:0
2019-09-26 17:08:23,019 [main] INFO  server.AuthenticationFilter (AuthenticationFilter.java:constructSecretProvider(240)) - Unable to initialize FileSignerSecretProvider, falling back to use random secrets.
2019-09-26 17:08:23,027 [main] WARN  http.HttpRequestLog (HttpRequestLog.java:getRequestLog(97)) - Jetty request log can only be enabled using Log4j
2019-09-26 17:08:23,035 [main] INFO  http.HttpServer2 (HttpServer2.java:addGlobalFilter(975)) - Added global filter 'safety' (class=org.apache.hadoop.http.HttpServer2$QuotingInputFilter)
2019-09-26 17:08:23,037 [main] INFO  http.HttpServer2 (HttpServer2.java:addFilter(948)) - Added filter static_user_filter (class=org.apache.hadoop.http.lib.StaticUserWebFilter$StaticUserFilter) to context scm
2019-09-26 17:08:23,038 [main] INFO  http.HttpServer2 (HttpServer2.java:addFilter(958)) - Added filter static_user_filter (class=org.apache.hadoop.http.lib.StaticUserWebFilter$StaticUserFilter) to context static
2019-09-26 17:08:23,038 [main] INFO  http.HttpServer2 (HttpServer2.java:addFilter(958)) - Added filter static_user_filter (class=org.apache.hadoop.http.lib.StaticUserWebFilter$StaticUserFilter) to context logs
2019-09-26 17:08:23,073 [main] INFO  server.StorageContainerManager (StorageContainerManager.java:start(770)) - StorageContainerLocationProtocol RPC server is listening at /0.0.0.0:43689
2019-09-26 17:08:23,137 [main] WARN  impl.MetricsConfig (MetricsConfig.java:loadFirst(134)) - Cannot locate configuration: tried hadoop-metrics2-storagecontainermanager.properties,hadoop-metrics2.properties
2019-09-26 17:08:23,149 [main] INFO  impl.MetricsSystemImpl (MetricsSystemImpl.java:startTimer(374)) - Scheduled Metric snapshot period at 10 second(s).
2019-09-26 17:08:23,150 [main] INFO  impl.MetricsSystemImpl (MetricsSystemImpl.java:start(191)) - StorageContainerManager metrics system started
2019-09-26 17:08:23,370 [main] INFO  server.SCMClientProtocolServer (SCMClientProtocolServer.java:start(151)) - RPC server for Client  is listening at /0.0.0.0:43689
2019-09-26 17:08:23,371 [IPC Server Responder] INFO  ipc.Server (Server.java:run(1314)) - IPC Server Responder: starting
2019-09-26 17:08:23,372 [IPC Server listener on 43689] INFO  ipc.Server (Server.java:run(1153)) - IPC Server listener on 43689: starting
2019-09-26 17:08:23,376 [main] INFO  server.StorageContainerManager (StorageContainerManager.java:start(780)) - ScmBlockLocationProtocol RPC server is listening at /0.0.0.0:41280
2019-09-26 17:08:23,377 [main] INFO  server.SCMBlockProtocolServer (SCMBlockProtocolServer.java:start(146)) - RPC server for Block Protocol is listening at /0.0.0.0:41280
2019-09-26 17:08:23,378 [IPC Server Responder] INFO  ipc.Server (Server.java:run(1314)) - IPC Server Responder: starting
2019-09-26 17:08:23,378 [IPC Server listener on 41280] INFO  ipc.Server (Server.java:run(1153)) - IPC Server listener on 41280: starting
2019-09-26 17:08:23,385 [main] INFO  server.StorageContainerManager (StorageContainerManager.java:start(784)) - ScmDatanodeProtocl RPC server is listening at /0.0.0.0:34551
2019-09-26 17:08:23,385 [main] INFO  server.SCMDatanodeProtocolServer (SCMDatanodeProtocolServer.java:start(191)) - RPC server for DataNodes is listening at /0.0.0.0:34551
2019-09-26 17:08:23,386 [IPC Server Responder] INFO  ipc.Server (Server.java:run(1314)) - IPC Server Responder: starting
2019-09-26 17:08:23,386 [IPC Server listener on 34551] INFO  ipc.Server (Server.java:run(1153)) - IPC Server listener on 34551: starting
2019-09-26 17:08:23,397 [main] INFO  http.HttpServer2 (HttpServer2.java:bindListener(1191)) - Jetty bound to port 44601
2019-09-26 17:08:23,399 [main] INFO  server.Server (Server.java:doStart(351)) - jetty-9.3.25.v20180904, build timestamp: 2018-09-04T21:11:46Z, git hash: 3ce520221d0240229c862b122d2b06c12a625732
2019-09-26 17:08:23,438 [main] INFO  handler.ContextHandler (ContextHandler.java:doStart(781)) - Started o.e.j.s.ServletContextHandler@6b00f608{/logs,file:///workdir/hadoop-ozone/integration-test/target/log,AVAILABLE}
2019-09-26 17:08:23,439 [main] INFO  handler.ContextHandler (ContextHandler.java:doStart(781)) - Started o.e.j.s.ServletContextHandler@3e821657{/static,file:///workdir/hadoop-ozone/integration-test/target/test-classes/webapps/static,AVAILABLE}
2019-09-26 17:08:23,474 [main] INFO  handler.ContextHandler (ContextHandler.java:doStart(781)) - Started o.e.j.w.WebAppContext@6928f576{/,file:///workdir/hadoop-ozone/integration-test/target/test-classes/webapps/scm/,AVAILABLE}{/scm}
2019-09-26 17:08:23,480 [main] INFO  server.AbstractConnector (AbstractConnector.java:doStart(278)) - Started ServerConnector@548e76f1{HTTP/1.1,[http/1.1]}{0.0.0.0:44601}
2019-09-26 17:08:23,481 [main] INFO  server.Server (Server.java:doStart(419)) - Started @2854ms
2019-09-26 17:08:23,483 [main] INFO  impl.MetricsSinkAdapter (MetricsSinkAdapter.java:start(204)) - Sink prometheus started
2019-09-26 17:08:23,483 [main] INFO  impl.MetricsSystemImpl (MetricsSystemImpl.java:registerSink(301)) - Registered sink prometheus
2019-09-26 17:08:23,484 [main] INFO  server.BaseHttpServer (BaseHttpServer.java:updateConnectorAddress(215)) - HTTP server of SCM is listening at http://0.0.0.0:44601
2019-09-26 17:08:23,490 [org.apache.hadoop.util.JvmPauseMonitor$Monitor@73511076] INFO  util.JvmPauseMonitor (JvmPauseMonitor.java:run(188)) - Starting JVM pause monitor
2019-09-26 17:08:23,493 [main] WARN  server.ServerUtils (ServerUtils.java:getDBPath(222)) - ozone.om.db.dirs is not configured. We recommend adding this setting. Falling back to ozone.metadata.dirs instead.
2019-09-26 17:08:23,625 [main] INFO  ha.OMHANodeDetails (OMHANodeDetails.java:loadOMHAConfig(194)) - Configuration either no ozone.om.address set. Falling back to the default OM address /127.0.0.1:0
2019-09-26 17:08:23,625 [main] INFO  ha.OMHANodeDetails (OMHANodeDetails.java:getOMNodeDetails(224)) - OM Service ID is not set. Setting it to the default ID: omServiceIdDefault
2019-09-26 17:08:23,627 [main] WARN  server.ServerUtils (ServerUtils.java:getDBPath(222)) - ozone.om.db.dirs is not configured. We recommend adding this setting. Falling back to ozone.metadata.dirs instead.
2019-09-26 17:08:23,628 [main] WARN  server.ServerUtils (ServerUtils.java:getDBPath(222)) - ozone.om.db.dirs is not configured. We recommend adding this setting. Falling back to ozone.metadata.dirs instead.
2019-09-26 17:08:24,401 [main] WARN  server.ServerUtils (ServerUtils.java:getDBPath(222)) - ozone.om.db.dirs is not configured. We recommend adding this setting. Falling back to ozone.metadata.dirs instead.
2019-09-26 17:08:24,409 [main] INFO  db.DBStoreBuilder (DBStoreBuilder.java:addTable(110)) - using custom profile for table: userTable
2019-09-26 17:08:24,409 [main] INFO  db.DBStoreBuilder (DBStoreBuilder.java:processTables(161)) - Using default column profile:DBProfile.DISK for Table:userTable
2019-09-26 17:08:24,410 [main] INFO  db.DBStoreBuilder (DBStoreBuilder.java:addTable(110)) - using custom profile for table: volumeTable
2019-09-26 17:08:24,410 [main] INFO  db.DBStoreBuilder (DBStoreBuilder.java:processTables(161)) - Using default column profile:DBProfile.DISK for Table:volumeTable
2019-09-26 17:08:24,410 [main] INFO  db.DBStoreBuilder (DBStoreBuilder.java:addTable(110)) - using custom profile for table: bucketTable
2019-09-26 17:08:24,411 [main] INFO  db.DBStoreBuilder (DBStoreBuilder.java:processTables(161)) - Using default column profile:DBProfile.DISK for Table:bucketTable
2019-09-26 17:08:24,411 [main] INFO  db.DBStoreBuilder (DBStoreBuilder.java:addTable(110)) - using custom profile for table: keyTable
2019-09-26 17:08:24,411 [main] INFO  db.DBStoreBuilder (DBStoreBuilder.java:processTables(161)) - Using default column profile:DBProfile.DISK for Table:keyTable
2019-09-26 17:08:24,411 [main] INFO  db.DBStoreBuilder (DBStoreBuilder.java:addTable(110)) - using custom profile for table: deletedTable
2019-09-26 17:08:24,412 [main] INFO  db.DBStoreBuilder (DBStoreBuilder.java:processTables(161)) - Using default column profile:DBProfile.DISK for Table:deletedTable
2019-09-26 17:08:24,412 [main] INFO  db.DBStoreBuilder (DBStoreBuilder.java:addTable(110)) - using custom profile for table: openKeyTable
2019-09-26 17:08:24,412 [main] INFO  db.DBStoreBuilder (DBStoreBuilder.java:processTables(161)) - Using default column profile:DBProfile.DISK for Table:openKeyTable
2019-09-26 17:08:24,412 [main] INFO  db.DBStoreBuilder (DBStoreBuilder.java:addTable(110)) - using custom profile for table: s3Table
2019-09-26 17:08:24,413 [main] INFO  db.DBStoreBuilder (DBStoreBuilder.java:processTables(161)) - Using default column profile:DBProfile.DISK for Table:s3Table
2019-09-26 17:08:24,413 [main] INFO  db.DBStoreBuilder (DBStoreBuilder.java:addTable(110)) - using custom profile for table: multipartInfoTable
2019-09-26 17:08:24,413 [main] INFO  db.DBStoreBuilder (DBStoreBuilder.java:processTables(161)) - Using default column profile:DBProfile.DISK for Table:multipartInfoTable
2019-09-26 17:08:24,414 [main] INFO  db.DBStoreBuilder (DBStoreBuilder.java:addTable(110)) - using custom profile for table: dTokenTable
2019-09-26 17:08:24,414 [main] INFO  db.DBStoreBuilder (DBStoreBuilder.java:processTables(161)) - Using default column profile:DBProfile.DISK for Table:dTokenTable
2019-09-26 17:08:24,414 [main] INFO  db.DBStoreBuilder (DBStoreBuilder.java:addTable(110)) - using custom profile for table: s3SecretTable
2019-09-26 17:08:24,414 [main] INFO  db.DBStoreBuilder (DBStoreBuilder.java:processTables(161)) - Using default column profile:DBProfile.DISK for Table:s3SecretTable
2019-09-26 17:08:24,415 [main] INFO  db.DBStoreBuilder (DBStoreBuilder.java:addTable(110)) - using custom profile for table: prefixTable
2019-09-26 17:08:24,415 [main] INFO  db.DBStoreBuilder (DBStoreBuilder.java:processTables(161)) - Using default column profile:DBProfile.DISK for Table:prefixTable
2019-09-26 17:08:24,415 [main] INFO  db.DBStoreBuilder (DBStoreBuilder.java:addTable(110)) - using custom profile for table: default
2019-09-26 17:08:24,415 [main] INFO  db.DBStoreBuilder (DBStoreBuilder.java:processTables(167)) - Using default column profile:DBProfile.DISK for Table:default
2019-09-26 17:08:24,416 [main] INFO  db.DBStoreBuilder (DBStoreBuilder.java:getDbProfile(198)) - Using default options. DBProfile.DISK
2019-09-26 17:08:24,896 [main] INFO  ipc.CallQueueManager (CallQueueManager.java:<init>(84)) - Using callQueue: class java.util.concurrent.LinkedBlockingQueue, queueCapacity: 2000, scheduler: class org.apache.hadoop.ipc.DefaultRpcScheduler, ipcBackoff: false.
2019-09-26 17:08:24,898 [Socket Reader #1 for port 46554] INFO  ipc.Server (Server.java:run(1074)) - Starting Socket Reader #1 for port 46554
2019-09-26 17:08:24,916 [main] INFO  om.OzoneManager (OzoneManager.java:start(1069)) - OzoneManager RPC server is listening at localhost/127.0.0.1:46554
2019-09-26 17:08:24,917 [main] INFO  impl.MetricsSystemImpl (MetricsSystemImpl.java:init(158)) - OzoneManager metrics system started (again)
2019-09-26 17:08:24,919 [IPC Server Responder] INFO  ipc.Server (Server.java:run(1314)) - IPC Server Responder: starting
2019-09-26 17:08:24,921 [IPC Server listener on 46554] INFO  ipc.Server (Server.java:run(1153)) - IPC Server listener on 46554: starting
2019-09-26 17:08:24,929 [main] INFO  hdfs.DFSUtil (DFSUtil.java:httpServerTemplateForNNAndJN(1641)) - Starting Web-server for ozoneManager at: http://0.0.0.0:0
2019-09-26 17:08:24,930 [main] INFO  server.AuthenticationFilter (AuthenticationFilter.java:constructSecretProvider(240)) - Unable to initialize FileSignerSecretProvider, falling back to use random secrets.
2019-09-26 17:08:24,931 [main] WARN  http.HttpRequestLog (HttpRequestLog.java:getRequestLog(97)) - Jetty request log can only be enabled using Log4j
2019-09-26 17:08:24,933 [main] INFO  http.HttpServer2 (HttpServer2.java:addGlobalFilter(975)) - Added global filter 'safety' (class=org.apache.hadoop.http.HttpServer2$QuotingInputFilter)
2019-09-26 17:08:24,934 [main] INFO  http.HttpServer2 (HttpServer2.java:addFilter(948)) - Added filter static_user_filter (class=org.apache.hadoop.http.lib.StaticUserWebFilter$StaticUserFilter) to context ozoneManager
2019-09-26 17:08:24,934 [main] INFO  http.HttpServer2 (HttpServer2.java:addFilter(958)) - Added filter static_user_filter (class=org.apache.hadoop.http.lib.StaticUserWebFilter$StaticUserFilter) to context logs
2019-09-26 17:08:24,934 [main] INFO  http.HttpServer2 (HttpServer2.java:addFilter(958)) - Added filter static_user_filter (class=org.apache.hadoop.http.lib.StaticUserWebFilter$StaticUserFilter) to context static
2019-09-26 17:08:24,936 [main] INFO  http.HttpServer2 (HttpServer2.java:bindListener(1191)) - Jetty bound to port 46759
2019-09-26 17:08:24,936 [main] INFO  server.Server (Server.java:doStart(351)) - jetty-9.3.25.v20180904, build timestamp: 2018-09-04T21:11:46Z, git hash: 3ce520221d0240229c862b122d2b06c12a625732
2019-09-26 17:08:24,938 [main] INFO  handler.ContextHandler (ContextHandler.java:doStart(781)) - Started o.e.j.s.ServletContextHandler@1542af63{/logs,file:///workdir/hadoop-ozone/integration-test/target/log,AVAILABLE}
2019-09-26 17:08:24,939 [main] INFO  handler.ContextHandler (ContextHandler.java:doStart(781)) - Started o.e.j.s.ServletContextHandler@20ed3303{/static,file:///workdir/hadoop-ozone/integration-test/target/test-classes/webapps/static,AVAILABLE}
2019-09-26 17:08:24,943 [main] INFO  handler.ContextHandler (ContextHandler.java:doStart(781)) - Started o.e.j.w.WebAppContext@319854f0{/,file:///workdir/hadoop-ozone/integration-test/target/test-classes/webapps/ozoneManager/,AVAILABLE}{/ozoneManager}
2019-09-26 17:08:24,944 [main] INFO  server.AbstractConnector (AbstractConnector.java:doStart(278)) - Started ServerConnector@748fe51d{HTTP/1.1,[http/1.1]}{0.0.0.0:46759}
2019-09-26 17:08:24,945 [main] INFO  server.Server (Server.java:doStart(419)) - Started @4319ms
2019-09-26 17:08:24,945 [main] WARN  impl.MetricsSystemImpl (MetricsSystemImpl.java:register(276)) - Sink prometheus already exists!
2019-09-26 17:08:24,947 [main] INFO  server.BaseHttpServer (BaseHttpServer.java:updateConnectorAddress(215)) - HTTP server of OZONEMANAGER is listening at http://0.0.0.0:46759
2019-09-26 17:08:25,331 [main] INFO  impl.MetricsSystemImpl (MetricsSystemImpl.java:init(158)) - HddsDatanode metrics system started (again)
2019-09-26 17:08:25,407 [main] INFO  ozone.HddsDatanodeService (HddsDatanodeService.java:start(184)) - HddsDatanodeService host:pr-hdds-2162-htzpk-1451759861 ip:192.168.157.234
2019-09-26 17:08:25,448 [main] INFO  volume.HddsVolume (HddsVolume.java:<init>(176)) - Creating Volume: /workdir/hadoop-ozone/integration-test/target/test-dir/MiniOzoneClusterImpl-803902cc-acfe-4386-bc2c-ad5c5c049692/datanode-0/data/containers/hdds of  storage type : DISK and capacity : 1482555576320
2019-09-26 17:08:25,450 [main] INFO  volume.VolumeSet (VolumeSet.java:initializeVolumeSet(170)) - Added Volume : /workdir/hadoop-ozone/integration-test/target/test-dir/MiniOzoneClusterImpl-803902cc-acfe-4386-bc2c-ad5c5c049692/datanode-0/data/containers/hdds to VolumeSet
2019-09-26 17:08:25,454 [main] INFO  volume.ThrottledAsyncChecker (ThrottledAsyncChecker.java:schedule(139)) - Scheduling a check for org.apache.hadoop.ozone.container.common.volume.HddsVolume@69da0b12
2019-09-26 17:08:25,473 [main] INFO  volume.HddsVolumeChecker (HddsVolumeChecker.java:checkAllVolumes(202)) - Scheduled health check for volume org.apache.hadoop.ozone.container.common.volume.HddsVolume@69da0b12
2019-09-26 17:08:25,583 [main] INFO  impl.RaftServerProxy (ConfUtils.java:logGet(43)) - raft.rpc.type = GRPC (default)
2019-09-26 17:08:25,650 [main] INFO  grpc.GrpcFactory (GrpcFactory.java:checkPooledByteBufAllocatorUseCacheForAllThreads(45)) - PERFORMANCE WARNING: useCacheForAllThreads is true that may cause Netty to create a lot garbage objects and, as a result, trigger GC.
	It is recommended to disable useCacheForAllThreads by setting -Dorg.apache.ratis.thirdparty.io.netty.allocator.useCacheForAllThreads=false in command line.
2019-09-26 17:08:25,655 [main] INFO  grpc.GrpcConfigKeys$Server (ConfUtils.java:logGet(43)) - raft.grpc.server.port = 0 (default)
2019-09-26 17:08:25,656 [main] INFO  server.GrpcService (ConfUtils.java:logGet(43)) - raft.grpc.message.size.max = 33570816 (custom)
2019-09-26 17:08:25,658 [main] INFO  server.RaftServerConfigKeys (ConfUtils.java:logGet(43)) - raft.server.log.appender.buffer.byte-limit = 33554432 (custom)
2019-09-26 17:08:25,659 [main] INFO  server.GrpcService (ConfUtils.java:logGet(43)) - raft.grpc.flow.control.window = 1MB (=1048576) (default)
2019-09-26 17:08:25,660 [main] INFO  server.RaftServerConfigKeys (ConfUtils.java:logGet(43)) - raft.server.rpc.request.timeout = 3000ms (default)
2019-09-26 17:08:25,872 [main] INFO  server.RaftServerConfigKeys (ConfUtils.java:logGet(43)) - raft.server.storage.dir = [/workdir/hadoop-ozone/integration-test/target/test-dir/MiniOzoneClusterImpl-803902cc-acfe-4386-bc2c-ad5c5c049692/datanode-0/data/ratis] (custom)
2019-09-26 17:08:25,942 [main] INFO  hdfs.DFSUtil (DFSUtil.java:httpServerTemplateForNNAndJN(1641)) - Starting Web-server for hddsDatanode at: http://0.0.0.0:0
2019-09-26 17:08:25,945 [main] INFO  server.AuthenticationFilter (AuthenticationFilter.java:constructSecretProvider(240)) - Unable to initialize FileSignerSecretProvider, falling back to use random secrets.
2019-09-26 17:08:25,946 [main] WARN  http.HttpRequestLog (HttpRequestLog.java:getRequestLog(97)) - Jetty request log can only be enabled using Log4j
2019-09-26 17:08:25,949 [main] INFO  http.HttpServer2 (HttpServer2.java:addGlobalFilter(975)) - Added global filter 'safety' (class=org.apache.hadoop.http.HttpServer2$QuotingInputFilter)
2019-09-26 17:08:25,950 [main] INFO  http.HttpServer2 (HttpServer2.java:addFilter(948)) - Added filter static_user_filter (class=org.apache.hadoop.http.lib.StaticUserWebFilter$StaticUserFilter) to context hddsDatanode
2019-09-26 17:08:25,951 [main] INFO  http.HttpServer2 (HttpServer2.java:addFilter(958)) - Added filter static_user_filter (class=org.apache.hadoop.http.lib.StaticUserWebFilter$StaticUserFilter) to context static
2019-09-26 17:08:25,951 [main] INFO  http.HttpServer2 (HttpServer2.java:addFilter(958)) - Added filter static_user_filter (class=org.apache.hadoop.http.lib.StaticUserWebFilter$StaticUserFilter) to context logs
2019-09-26 17:08:25,953 [main] INFO  http.HttpServer2 (HttpServer2.java:bindListener(1191)) - Jetty bound to port 34200
2019-09-26 17:08:25,953 [main] INFO  server.Server (Server.java:doStart(351)) - jetty-9.3.25.v20180904, build timestamp: 2018-09-04T21:11:46Z, git hash: 3ce520221d0240229c862b122d2b06c12a625732
2019-09-26 17:08:25,957 [main] INFO  handler.ContextHandler (ContextHandler.java:doStart(781)) - Started o.e.j.s.ServletContextHandler@6403e24c{/logs,file:///workdir/hadoop-ozone/integration-test/target/log,AVAILABLE}
2019-09-26 17:08:25,958 [main] INFO  handler.ContextHandler (ContextHandler.java:doStart(781)) - Started o.e.j.s.ServletContextHandler@4eba373c{/static,jar:file:/home/user/.m2/repository/org/apache/hadoop/hadoop-hdds-container-service/0.5.0-SNAPSHOT/hadoop-hdds-container-service-0.5.0-SNAPSHOT.jar!/webapps/static,AVAILABLE}
2019-09-26 17:08:26,010 [main] INFO  handler.ContextHandler (ContextHandler.java:doStart(781)) - Started o.e.j.w.WebAppContext@71a06021{/,file:///tmp/jetty-0.0.0.0-34200-hddsDatanode-_-any-3507778042389409076.dir/webapp/,AVAILABLE}{/hddsDatanode}
2019-09-26 17:08:26,012 [main] INFO  server.AbstractConnector (AbstractConnector.java:doStart(278)) - Started ServerConnector@80bfdc6{HTTP/1.1,[http/1.1]}{0.0.0.0:34200}
2019-09-26 17:08:26,013 [main] INFO  server.Server (Server.java:doStart(419)) - Started @5386ms
2019-09-26 17:08:26,013 [main] WARN  impl.MetricsSystemImpl (MetricsSystemImpl.java:register(276)) - Sink prometheus already exists!
2019-09-26 17:08:26,014 [main] INFO  server.BaseHttpServer (BaseHttpServer.java:updateConnectorAddress(215)) - HTTP server of HDDSDATANODE is listening at http://0.0.0.0:34200
2019-09-26 17:08:26,015 [main] INFO  impl.MetricsSystemImpl (MetricsSystemImpl.java:init(158)) - HddsDatanode metrics system started (again)
2019-09-26 17:08:26,024 [main] INFO  ozone.HddsDatanodeService (HddsDatanodeService.java:start(184)) - HddsDatanodeService host:pr-hdds-2162-htzpk-1451759861 ip:192.168.157.234
2019-09-26 17:08:26,031 [org.apache.hadoop.util.JvmPauseMonitor$Monitor@688c1474] INFO  util.JvmPauseMonitor (JvmPauseMonitor.java:run(188)) - Starting JVM pause monitor
2019-09-26 17:08:26,037 [main] INFO  volume.HddsVolume (HddsVolume.java:<init>(176)) - Creating Volume: /workdir/hadoop-ozone/integration-test/target/test-dir/MiniOzoneClusterImpl-803902cc-acfe-4386-bc2c-ad5c5c049692/datanode-1/data/containers/hdds of  storage type : DISK and capacity : 1482555576320
2019-09-26 17:08:26,038 [main] INFO  volume.VolumeSet (VolumeSet.java:initializeVolumeSet(170)) - Added Volume : /workdir/hadoop-ozone/integration-test/target/test-dir/MiniOzoneClusterImpl-803902cc-acfe-4386-bc2c-ad5c5c049692/datanode-1/data/containers/hdds to VolumeSet
2019-09-26 17:08:26,038 [main] INFO  volume.ThrottledAsyncChecker (ThrottledAsyncChecker.java:schedule(139)) - Scheduling a check for org.apache.hadoop.ozone.container.common.volume.HddsVolume@6dfa915a
2019-09-26 17:08:26,039 [main] INFO  volume.HddsVolumeChecker (HddsVolumeChecker.java:checkAllVolumes(202)) - Scheduled health check for volume org.apache.hadoop.ozone.container.common.volume.HddsVolume@6dfa915a
2019-09-26 17:08:26,058 [main] INFO  impl.RaftServerProxy (ConfUtils.java:logGet(43)) - raft.rpc.type = GRPC (default)
2019-09-26 17:08:26,058 [main] INFO  grpc.GrpcFactory (GrpcFactory.java:checkPooledByteBufAllocatorUseCacheForAllThreads(45)) - PERFORMANCE WARNING: useCacheForAllThreads is true that may cause Netty to create a lot garbage objects and, as a result, trigger GC.
	It is recommended to disable useCacheForAllThreads by setting -Dorg.apache.ratis.thirdparty.io.netty.allocator.useCacheForAllThreads=false in command line.
2019-09-26 17:08:26,058 [main] INFO  grpc.GrpcConfigKeys$Server (ConfUtils.java:logGet(43)) - raft.grpc.server.port = 0 (default)
2019-09-26 17:08:26,059 [main] INFO  server.GrpcService (ConfUtils.java:logGet(43)) - raft.grpc.message.size.max = 33570816 (custom)
2019-09-26 17:08:26,059 [main] INFO  server.RaftServerConfigKeys (ConfUtils.java:logGet(43)) - raft.server.log.appender.buffer.byte-limit = 33554432 (custom)
2019-09-26 17:08:26,059 [main] INFO  server.GrpcService (ConfUtils.java:logGet(43)) - raft.grpc.flow.control.window = 1MB (=1048576) (default)
2019-09-26 17:08:26,059 [main] INFO  server.RaftServerConfigKeys (ConfUtils.java:logGet(43)) - raft.server.rpc.request.timeout = 3000ms (default)
2019-09-26 17:08:26,060 [main] INFO  server.RaftServerConfigKeys (ConfUtils.java:logGet(43)) - raft.server.storage.dir = [/workdir/hadoop-ozone/integration-test/target/test-dir/MiniOzoneClusterImpl-803902cc-acfe-4386-bc2c-ad5c5c049692/datanode-1/data/ratis] (custom)
2019-09-26 17:08:26,062 [main] INFO  hdfs.DFSUtil (DFSUtil.java:httpServerTemplateForNNAndJN(1641)) - Starting Web-server for hddsDatanode at: http://0.0.0.0:0
2019-09-26 17:08:26,063 [main] INFO  server.AuthenticationFilter (AuthenticationFilter.java:constructSecretProvider(240)) - Unable to initialize FileSignerSecretProvider, falling back to use random secrets.
2019-09-26 17:08:26,064 [main] WARN  http.HttpRequestLog (HttpRequestLog.java:getRequestLog(97)) - Jetty request log can only be enabled using Log4j
2019-09-26 17:08:26,066 [main] INFO  http.HttpServer2 (HttpServer2.java:addGlobalFilter(975)) - Added global filter 'safety' (class=org.apache.hadoop.http.HttpServer2$QuotingInputFilter)
2019-09-26 17:08:26,067 [main] INFO  http.HttpServer2 (HttpServer2.java:addFilter(948)) - Added filter static_user_filter (class=org.apache.hadoop.http.lib.StaticUserWebFilter$StaticUserFilter) to context hddsDatanode
2019-09-26 17:08:26,067 [main] INFO  http.HttpServer2 (HttpServer2.java:addFilter(958)) - Added filter static_user_filter (class=org.apache.hadoop.http.lib.StaticUserWebFilter$StaticUserFilter) to context static
2019-09-26 17:08:26,067 [main] INFO  http.HttpServer2 (HttpServer2.java:addFilter(958)) - Added filter static_user_filter (class=org.apache.hadoop.http.lib.StaticUserWebFilter$StaticUserFilter) to context logs
2019-09-26 17:08:26,068 [main] INFO  http.HttpServer2 (HttpServer2.java:bindListener(1191)) - Jetty bound to port 46620
2019-09-26 17:08:26,068 [main] INFO  server.Server (Server.java:doStart(351)) - jetty-9.3.25.v20180904, build timestamp: 2018-09-04T21:11:46Z, git hash: 3ce520221d0240229c862b122d2b06c12a625732
2019-09-26 17:08:26,073 [main] INFO  handler.ContextHandler (ContextHandler.java:doStart(781)) - Started o.e.j.s.ServletContextHandler@1a2bcd56{/logs,file:///workdir/hadoop-ozone/integration-test/target/log,AVAILABLE}
2019-09-26 17:08:26,074 [main] INFO  handler.ContextHandler (ContextHandler.java:doStart(781)) - Started o.e.j.s.ServletContextHandler@59dc36d4{/static,jar:file:/home/user/.m2/repository/org/apache/hadoop/hadoop-hdds-container-service/0.5.0-SNAPSHOT/hadoop-hdds-container-service-0.5.0-SNAPSHOT.jar!/webapps/static,AVAILABLE}
2019-09-26 17:08:26,105 [main] INFO  handler.ContextHandler (ContextHandler.java:doStart(781)) - Started o.e.j.w.WebAppContext@5e5af8e1{/,file:///tmp/jetty-0.0.0.0-46620-hddsDatanode-_-any-6520099049835707855.dir/webapp/,AVAILABLE}{/hddsDatanode}
2019-09-26 17:08:26,106 [main] INFO  server.AbstractConnector (AbstractConnector.java:doStart(278)) - Started ServerConnector@30b131b2{HTTP/1.1,[http/1.1]}{0.0.0.0:46620}
2019-09-26 17:08:26,106 [main] INFO  server.Server (Server.java:doStart(419)) - Started @5480ms
2019-09-26 17:08:26,107 [main] WARN  impl.MetricsSystemImpl (MetricsSystemImpl.java:register(276)) - Sink prometheus already exists!
2019-09-26 17:08:26,108 [main] INFO  server.BaseHttpServer (BaseHttpServer.java:updateConnectorAddress(215)) - HTTP server of HDDSDATANODE is listening at http://0.0.0.0:46620
2019-09-26 17:08:26,108 [main] INFO  impl.MetricsSystemImpl (MetricsSystemImpl.java:init(158)) - HddsDatanode metrics system started (again)
2019-09-26 17:08:26,112 [org.apache.hadoop.util.JvmPauseMonitor$Monitor@ce56b9f] INFO  util.JvmPauseMonitor (JvmPauseMonitor.java:run(188)) - Starting JVM pause monitor
2019-09-26 17:08:26,112 [main] INFO  ozone.HddsDatanodeService (HddsDatanodeService.java:start(184)) - HddsDatanodeService host:pr-hdds-2162-htzpk-1451759861 ip:192.168.157.234
2019-09-26 17:08:26,121 [main] INFO  volume.HddsVolume (HddsVolume.java:<init>(176)) - Creating Volume: /workdir/hadoop-ozone/integration-test/target/test-dir/MiniOzoneClusterImpl-803902cc-acfe-4386-bc2c-ad5c5c049692/datanode-2/data/containers/hdds of  storage type : DISK and capacity : 1482555576320
2019-09-26 17:08:26,122 [main] INFO  volume.VolumeSet (VolumeSet.java:initializeVolumeSet(170)) - Added Volume : /workdir/hadoop-ozone/integration-test/target/test-dir/MiniOzoneClusterImpl-803902cc-acfe-4386-bc2c-ad5c5c049692/datanode-2/data/containers/hdds to VolumeSet
2019-09-26 17:08:26,122 [main] INFO  volume.ThrottledAsyncChecker (ThrottledAsyncChecker.java:schedule(139)) - Scheduling a check for org.apache.hadoop.ozone.container.common.volume.HddsVolume@522bf64e
2019-09-26 17:08:26,123 [main] INFO  volume.HddsVolumeChecker (HddsVolumeChecker.java:checkAllVolumes(202)) - Scheduled health check for volume org.apache.hadoop.ozone.container.common.volume.HddsVolume@522bf64e
2019-09-26 17:08:26,137 [main] INFO  impl.RaftServerProxy (ConfUtils.java:logGet(43)) - raft.rpc.type = GRPC (default)
2019-09-26 17:08:26,137 [main] INFO  grpc.GrpcFactory (GrpcFactory.java:checkPooledByteBufAllocatorUseCacheForAllThreads(45)) - PERFORMANCE WARNING: useCacheForAllThreads is true that may cause Netty to create a lot garbage objects and, as a result, trigger GC.
	It is recommended to disable useCacheForAllThreads by setting -Dorg.apache.ratis.thirdparty.io.netty.allocator.useCacheForAllThreads=false in command line.
2019-09-26 17:08:26,137 [main] INFO  grpc.GrpcConfigKeys$Server (ConfUtils.java:logGet(43)) - raft.grpc.server.port = 0 (default)
2019-09-26 17:08:26,137 [main] INFO  server.GrpcService (ConfUtils.java:logGet(43)) - raft.grpc.message.size.max = 33570816 (custom)
2019-09-26 17:08:26,138 [main] INFO  server.RaftServerConfigKeys (ConfUtils.java:logGet(43)) - raft.server.log.appender.buffer.byte-limit = 33554432 (custom)
2019-09-26 17:08:26,138 [main] INFO  server.GrpcService (ConfUtils.java:logGet(43)) - raft.grpc.flow.control.window = 1MB (=1048576) (default)
2019-09-26 17:08:26,138 [main] INFO  server.RaftServerConfigKeys (ConfUtils.java:logGet(43)) - raft.server.rpc.request.timeout = 3000ms (default)
2019-09-26 17:08:26,139 [main] INFO  server.RaftServerConfigKeys (ConfUtils.java:logGet(43)) - raft.server.storage.dir = [/workdir/hadoop-ozone/integration-test/target/test-dir/MiniOzoneClusterImpl-803902cc-acfe-4386-bc2c-ad5c5c049692/datanode-2/data/ratis] (custom)
2019-09-26 17:08:26,141 [main] INFO  hdfs.DFSUtil (DFSUtil.java:httpServerTemplateForNNAndJN(1641)) - Starting Web-server for hddsDatanode at: http://0.0.0.0:0
2019-09-26 17:08:26,142 [main] INFO  server.AuthenticationFilter (AuthenticationFilter.java:constructSecretProvider(240)) - Unable to initialize FileSignerSecretProvider, falling back to use random secrets.
2019-09-26 17:08:26,143 [main] WARN  http.HttpRequestLog (HttpRequestLog.java:getRequestLog(97)) - Jetty request log can only be enabled using Log4j
2019-09-26 17:08:26,144 [main] INFO  http.HttpServer2 (HttpServer2.java:addGlobalFilter(975)) - Added global filter 'safety' (class=org.apache.hadoop.http.HttpServer2$QuotingInputFilter)
2019-09-26 17:08:26,145 [main] INFO  http.HttpServer2 (HttpServer2.java:addFilter(948)) - Added filter static_user_filter (class=org.apache.hadoop.http.lib.StaticUserWebFilter$StaticUserFilter) to context hddsDatanode
2019-09-26 17:08:26,145 [main] INFO  http.HttpServer2 (HttpServer2.java:addFilter(958)) - Added filter static_user_filter (class=org.apache.hadoop.http.lib.StaticUserWebFilter$StaticUserFilter) to context static
2019-09-26 17:08:26,145 [main] INFO  http.HttpServer2 (HttpServer2.java:addFilter(958)) - Added filter static_user_filter (class=org.apache.hadoop.http.lib.StaticUserWebFilter$StaticUserFilter) to context logs
2019-09-26 17:08:26,146 [main] INFO  http.HttpServer2 (HttpServer2.java:bindListener(1191)) - Jetty bound to port 33086
2019-09-26 17:08:26,146 [main] INFO  server.Server (Server.java:doStart(351)) - jetty-9.3.25.v20180904, build timestamp: 2018-09-04T21:11:46Z, git hash: 3ce520221d0240229c862b122d2b06c12a625732
2019-09-26 17:08:26,149 [main] INFO  handler.ContextHandler (ContextHandler.java:doStart(781)) - Started o.e.j.s.ServletContextHandler@32e54a9d{/logs,file:///workdir/hadoop-ozone/integration-test/target/log,AVAILABLE}
2019-09-26 17:08:26,150 [main] INFO  handler.ContextHandler (ContextHandler.java:doStart(781)) - Started o.e.j.s.ServletContextHandler@121bb45b{/static,jar:file:/home/user/.m2/repository/org/apache/hadoop/hadoop-hdds-container-service/0.5.0-SNAPSHOT/hadoop-hdds-container-service-0.5.0-SNAPSHOT.jar!/webapps/static,AVAILABLE}
2019-09-26 17:08:26,171 [Datanode State Machine Thread - 0] INFO  datanode.InitDatanodeState (InitDatanodeState.java:persistContainerDatanodeDetails(140)) - DatanodeDetails is persisted to /workdir/hadoop-ozone/integration-test/target/test-dir/MiniOzoneClusterImpl-803902cc-acfe-4386-bc2c-ad5c5c049692/datanode-0/meta/datanode.id
2019-09-26 17:08:26,176 [Datanode State Machine Thread - 0] INFO  datanode.InitDatanodeState (InitDatanodeState.java:persistContainerDatanodeDetails(140)) - DatanodeDetails is persisted to /workdir/hadoop-ozone/integration-test/target/test-dir/MiniOzoneClusterImpl-803902cc-acfe-4386-bc2c-ad5c5c049692/datanode-1/meta/datanode.id
2019-09-26 17:08:26,187 [main] INFO  handler.ContextHandler (ContextHandler.java:doStart(781)) - Started o.e.j.w.WebAppContext@1981d861{/,file:///tmp/jetty-0.0.0.0-33086-hddsDatanode-_-any-3509664089026475073.dir/webapp/,AVAILABLE}{/hddsDatanode}
2019-09-26 17:08:26,188 [main] INFO  server.AbstractConnector (AbstractConnector.java:doStart(278)) - Started ServerConnector@118ffcfd{HTTP/1.1,[http/1.1]}{0.0.0.0:33086}
2019-09-26 17:08:26,188 [main] INFO  server.Server (Server.java:doStart(419)) - Started @5562ms
2019-09-26 17:08:26,189 [main] WARN  impl.MetricsSystemImpl (MetricsSystemImpl.java:register(276)) - Sink prometheus already exists!
2019-09-26 17:08:26,190 [main] INFO  server.BaseHttpServer (BaseHttpServer.java:updateConnectorAddress(215)) - HTTP server of HDDSDATANODE is listening at http://0.0.0.0:33086
2019-09-26 17:08:26,191 [main] INFO  impl.MetricsSystemImpl (MetricsSystemImpl.java:init(158)) - HddsDatanode metrics system started (again)
2019-09-26 17:08:26,194 [main] INFO  ozone.HddsDatanodeService (HddsDatanodeService.java:start(184)) - HddsDatanodeService host:pr-hdds-2162-htzpk-1451759861 ip:192.168.157.234
2019-09-26 17:08:26,194 [org.apache.hadoop.util.JvmPauseMonitor$Monitor@143bf2cc] INFO  util.JvmPauseMonitor (JvmPauseMonitor.java:run(188)) - Starting JVM pause monitor
2019-09-26 17:08:26,197 [Datanode State Machine Thread - 0] INFO  datanode.InitDatanodeState (InitDatanodeState.java:persistContainerDatanodeDetails(140)) - DatanodeDetails is persisted to /workdir/hadoop-ozone/integration-test/target/test-dir/MiniOzoneClusterImpl-803902cc-acfe-4386-bc2c-ad5c5c049692/datanode-2/meta/datanode.id
2019-09-26 17:08:26,202 [main] INFO  volume.HddsVolume (HddsVolume.java:<init>(176)) - Creating Volume: /workdir/hadoop-ozone/integration-test/target/test-dir/MiniOzoneClusterImpl-803902cc-acfe-4386-bc2c-ad5c5c049692/datanode-3/data/containers/hdds of  storage type : DISK and capacity : 1482555576320
2019-09-26 17:08:26,203 [main] INFO  volume.VolumeSet (VolumeSet.java:initializeVolumeSet(170)) - Added Volume : /workdir/hadoop-ozone/integration-test/target/test-dir/MiniOzoneClusterImpl-803902cc-acfe-4386-bc2c-ad5c5c049692/datanode-3/data/containers/hdds to VolumeSet
2019-09-26 17:08:26,203 [main] INFO  volume.ThrottledAsyncChecker (ThrottledAsyncChecker.java:schedule(139)) - Scheduling a check for org.apache.hadoop.ozone.container.common.volume.HddsVolume@7724704f
2019-09-26 17:08:26,204 [main] INFO  volume.HddsVolumeChecker (HddsVolumeChecker.java:checkAllVolumes(202)) - Scheduled health check for volume org.apache.hadoop.ozone.container.common.volume.HddsVolume@7724704f
2019-09-26 17:08:26,219 [main] INFO  impl.RaftServerProxy (ConfUtils.java:logGet(43)) - raft.rpc.type = GRPC (default)
2019-09-26 17:08:26,219 [main] INFO  grpc.GrpcFactory (GrpcFactory.java:checkPooledByteBufAllocatorUseCacheForAllThreads(45)) - PERFORMANCE WARNING: useCacheForAllThreads is true that may cause Netty to create a lot garbage objects and, as a result, trigger GC.
	It is recommended to disable useCacheForAllThreads by setting -Dorg.apache.ratis.thirdparty.io.netty.allocator.useCacheForAllThreads=false in command line.
2019-09-26 17:08:26,219 [main] INFO  grpc.GrpcConfigKeys$Server (ConfUtils.java:logGet(43)) - raft.grpc.server.port = 0 (default)
2019-09-26 17:08:26,219 [main] INFO  server.GrpcService (ConfUtils.java:logGet(43)) - raft.grpc.message.size.max = 33570816 (custom)
2019-09-26 17:08:26,220 [main] INFO  server.RaftServerConfigKeys (ConfUtils.java:logGet(43)) - raft.server.log.appender.buffer.byte-limit = 33554432 (custom)
2019-09-26 17:08:26,220 [main] INFO  server.GrpcService (ConfUtils.java:logGet(43)) - raft.grpc.flow.control.window = 1MB (=1048576) (default)
2019-09-26 17:08:26,220 [main] INFO  server.RaftServerConfigKeys (ConfUtils.java:logGet(43)) - raft.server.rpc.request.timeout = 3000ms (default)
2019-09-26 17:08:26,221 [main] INFO  server.RaftServerConfigKeys (ConfUtils.java:logGet(43)) - raft.server.storage.dir = [/workdir/hadoop-ozone/integration-test/target/test-dir/MiniOzoneClusterImpl-803902cc-acfe-4386-bc2c-ad5c5c049692/datanode-3/data/ratis] (custom)
2019-09-26 17:08:26,223 [main] INFO  hdfs.DFSUtil (DFSUtil.java:httpServerTemplateForNNAndJN(1641)) - Starting Web-server for hddsDatanode at: http://0.0.0.0:0
2019-09-26 17:08:26,224 [main] INFO  server.AuthenticationFilter (AuthenticationFilter.java:constructSecretProvider(240)) - Unable to initialize FileSignerSecretProvider, falling back to use random secrets.
2019-09-26 17:08:26,225 [main] WARN  http.HttpRequestLog (HttpRequestLog.java:getRequestLog(97)) - Jetty request log can only be enabled using Log4j
2019-09-26 17:08:26,227 [main] INFO  http.HttpServer2 (HttpServer2.java:addGlobalFilter(975)) - Added global filter 'safety' (class=org.apache.hadoop.http.HttpServer2$QuotingInputFilter)
2019-09-26 17:08:26,228 [main] INFO  http.HttpServer2 (HttpServer2.java:addFilter(948)) - Added filter static_user_filter (class=org.apache.hadoop.http.lib.StaticUserWebFilter$StaticUserFilter) to context hddsDatanode
2019-09-26 17:08:26,228 [main] INFO  http.HttpServer2 (HttpServer2.java:addFilter(958)) - Added filter static_user_filter (class=org.apache.hadoop.http.lib.StaticUserWebFilter$StaticUserFilter) to context logs
2019-09-26 17:08:26,228 [main] INFO  http.HttpServer2 (HttpServer2.java:addFilter(958)) - Added filter static_user_filter (class=org.apache.hadoop.http.lib.StaticUserWebFilter$StaticUserFilter) to context static
2019-09-26 17:08:26,229 [main] INFO  http.HttpServer2 (HttpServer2.java:bindListener(1191)) - Jetty bound to port 45106
2019-09-26 17:08:26,229 [main] INFO  server.Server (Server.java:doStart(351)) - jetty-9.3.25.v20180904, build timestamp: 2018-09-04T21:11:46Z, git hash: 3ce520221d0240229c862b122d2b06c12a625732
2019-09-26 17:08:26,234 [main] INFO  handler.ContextHandler (ContextHandler.java:doStart(781)) - Started o.e.j.s.ServletContextHandler@4c1bdcc2{/logs,file:///workdir/hadoop-ozone/integration-test/target/log,AVAILABLE}
2019-09-26 17:08:26,234 [main] INFO  handler.ContextHandler (ContextHandler.java:doStart(781)) - Started o.e.j.s.ServletContextHandler@4b97c4ad{/static,jar:file:/home/user/.m2/repository/org/apache/hadoop/hadoop-hdds-container-service/0.5.0-SNAPSHOT/hadoop-hdds-container-service-0.5.0-SNAPSHOT.jar!/webapps/static,AVAILABLE}
2019-09-26 17:08:26,264 [main] INFO  handler.ContextHandler (ContextHandler.java:doStart(781)) - Started o.e.j.w.WebAppContext@7fb29ca9{/,file:///tmp/jetty-0.0.0.0-45106-hddsDatanode-_-any-5019714004101076506.dir/webapp/,AVAILABLE}{/hddsDatanode}
2019-09-26 17:08:26,265 [main] INFO  server.AbstractConnector (AbstractConnector.java:doStart(278)) - Started ServerConnector@1e253c9d{HTTP/1.1,[http/1.1]}{0.0.0.0:45106}
2019-09-26 17:08:26,266 [main] INFO  server.Server (Server.java:doStart(419)) - Started @5640ms
2019-09-26 17:08:26,266 [main] WARN  impl.MetricsSystemImpl (MetricsSystemImpl.java:register(276)) - Sink prometheus already exists!
2019-09-26 17:08:26,268 [main] INFO  server.BaseHttpServer (BaseHttpServer.java:updateConnectorAddress(215)) - HTTP server of HDDSDATANODE is listening at http://0.0.0.0:45106
2019-09-26 17:08:26,269 [main] INFO  impl.MetricsSystemImpl (MetricsSystemImpl.java:init(158)) - HddsDatanode metrics system started (again)
2019-09-26 17:08:26,272 [main] INFO  ozone.HddsDatanodeService (HddsDatanodeService.java:start(184)) - HddsDatanodeService host:pr-hdds-2162-htzpk-1451759861 ip:192.168.157.234
2019-09-26 17:08:26,272 [org.apache.hadoop.util.JvmPauseMonitor$Monitor@75f210b5] INFO  util.JvmPauseMonitor (JvmPauseMonitor.java:run(188)) - Starting JVM pause monitor
2019-09-26 17:08:26,276 [Datanode State Machine Thread - 0] INFO  datanode.InitDatanodeState (InitDatanodeState.java:persistContainerDatanodeDetails(140)) - DatanodeDetails is persisted to /workdir/hadoop-ozone/integration-test/target/test-dir/MiniOzoneClusterImpl-803902cc-acfe-4386-bc2c-ad5c5c049692/datanode-3/meta/datanode.id
2019-09-26 17:08:26,282 [main] INFO  volume.HddsVolume (HddsVolume.java:<init>(176)) - Creating Volume: /workdir/hadoop-ozone/integration-test/target/test-dir/MiniOzoneClusterImpl-803902cc-acfe-4386-bc2c-ad5c5c049692/datanode-4/data/containers/hdds of  storage type : DISK and capacity : 1482555576320
2019-09-26 17:08:26,282 [main] INFO  volume.VolumeSet (VolumeSet.java:initializeVolumeSet(170)) - Added Volume : /workdir/hadoop-ozone/integration-test/target/test-dir/MiniOzoneClusterImpl-803902cc-acfe-4386-bc2c-ad5c5c049692/datanode-4/data/containers/hdds to VolumeSet
2019-09-26 17:08:26,283 [main] INFO  volume.ThrottledAsyncChecker (ThrottledAsyncChecker.java:schedule(139)) - Scheduling a check for org.apache.hadoop.ozone.container.common.volume.HddsVolume@3a082ff4
2019-09-26 17:08:26,283 [main] INFO  volume.HddsVolumeChecker (HddsVolumeChecker.java:checkAllVolumes(202)) - Scheduled health check for volume org.apache.hadoop.ozone.container.common.volume.HddsVolume@3a082ff4
2019-09-26 17:08:26,298 [main] INFO  impl.RaftServerProxy (ConfUtils.java:logGet(43)) - raft.rpc.type = GRPC (default)
2019-09-26 17:08:26,298 [main] INFO  grpc.GrpcFactory (GrpcFactory.java:checkPooledByteBufAllocatorUseCacheForAllThreads(45)) - PERFORMANCE WARNING: useCacheForAllThreads is true that may cause Netty to create a lot garbage objects and, as a result, trigger GC.
	It is recommended to disable useCacheForAllThreads by setting -Dorg.apache.ratis.thirdparty.io.netty.allocator.useCacheForAllThreads=false in command line.
2019-09-26 17:08:26,298 [main] INFO  grpc.GrpcConfigKeys$Server (ConfUtils.java:logGet(43)) - raft.grpc.server.port = 0 (default)
2019-09-26 17:08:26,298 [main] INFO  server.GrpcService (ConfUtils.java:logGet(43)) - raft.grpc.message.size.max = 33570816 (custom)
2019-09-26 17:08:26,299 [main] INFO  server.RaftServerConfigKeys (ConfUtils.java:logGet(43)) - raft.server.log.appender.buffer.byte-limit = 33554432 (custom)
2019-09-26 17:08:26,299 [main] INFO  server.GrpcService (ConfUtils.java:logGet(43)) - raft.grpc.flow.control.window = 1MB (=1048576) (default)
2019-09-26 17:08:26,299 [main] INFO  server.RaftServerConfigKeys (ConfUtils.java:logGet(43)) - raft.server.rpc.request.timeout = 3000ms (default)
2019-09-26 17:08:26,300 [main] INFO  server.RaftServerConfigKeys (ConfUtils.java:logGet(43)) - raft.server.storage.dir = [/workdir/hadoop-ozone/integration-test/target/test-dir/MiniOzoneClusterImpl-803902cc-acfe-4386-bc2c-ad5c5c049692/datanode-4/data/ratis] (custom)
2019-09-26 17:08:26,302 [main] INFO  hdfs.DFSUtil (DFSUtil.java:httpServerTemplateForNNAndJN(1641)) - Starting Web-server for hddsDatanode at: http://0.0.0.0:0
2019-09-26 17:08:26,303 [main] INFO  server.AuthenticationFilter (AuthenticationFilter.java:constructSecretProvider(240)) - Unable to initialize FileSignerSecretProvider, falling back to use random secrets.
2019-09-26 17:08:26,304 [main] WARN  http.HttpRequestLog (HttpRequestLog.java:getRequestLog(97)) - Jetty request log can only be enabled using Log4j
2019-09-26 17:08:26,305 [main] INFO  http.HttpServer2 (HttpServer2.java:addGlobalFilter(975)) - Added global filter 'safety' (class=org.apache.hadoop.http.HttpServer2$QuotingInputFilter)
2019-09-26 17:08:26,306 [main] INFO  http.HttpServer2 (HttpServer2.java:addFilter(948)) - Added filter static_user_filter (class=org.apache.hadoop.http.lib.StaticUserWebFilter$StaticUserFilter) to context hddsDatanode
2019-09-26 17:08:26,306 [main] INFO  http.HttpServer2 (HttpServer2.java:addFilter(958)) - Added filter static_user_filter (class=org.apache.hadoop.http.lib.StaticUserWebFilter$StaticUserFilter) to context static
2019-09-26 17:08:26,307 [main] INFO  http.HttpServer2 (HttpServer2.java:addFilter(958)) - Added filter static_user_filter (class=org.apache.hadoop.http.lib.StaticUserWebFilter$StaticUserFilter) to context logs
2019-09-26 17:08:26,307 [main] INFO  http.HttpServer2 (HttpServer2.java:bindListener(1191)) - Jetty bound to port 39947
2019-09-26 17:08:26,308 [main] INFO  server.Server (Server.java:doStart(351)) - jetty-9.3.25.v20180904, build timestamp: 2018-09-04T21:11:46Z, git hash: 3ce520221d0240229c862b122d2b06c12a625732
2019-09-26 17:08:26,310 [main] INFO  handler.ContextHandler (ContextHandler.java:doStart(781)) - Started o.e.j.s.ServletContextHandler@17fa1336{/logs,file:///workdir/hadoop-ozone/integration-test/target/log,AVAILABLE}
2019-09-26 17:08:26,311 [main] INFO  handler.ContextHandler (ContextHandler.java:doStart(781)) - Started o.e.j.s.ServletContextHandler@68b9834c{/static,jar:file:/home/user/.m2/repository/org/apache/hadoop/hadoop-hdds-container-service/0.5.0-SNAPSHOT/hadoop-hdds-container-service-0.5.0-SNAPSHOT.jar!/webapps/static,AVAILABLE}
2019-09-26 17:08:26,340 [main] INFO  handler.ContextHandler (ContextHandler.java:doStart(781)) - Started o.e.j.w.WebAppContext@5ea4300e{/,file:///tmp/jetty-0.0.0.0-39947-hddsDatanode-_-any-1698517071202464963.dir/webapp/,AVAILABLE}{/hddsDatanode}
2019-09-26 17:08:26,341 [main] INFO  server.AbstractConnector (AbstractConnector.java:doStart(278)) - Started ServerConnector@5a1c3cb4{HTTP/1.1,[http/1.1]}{0.0.0.0:39947}
2019-09-26 17:08:26,342 [main] INFO  server.Server (Server.java:doStart(419)) - Started @5716ms
2019-09-26 17:08:26,347 [main] WARN  impl.MetricsSystemImpl (MetricsSystemImpl.java:register(276)) - Sink prometheus already exists!
2019-09-26 17:08:26,348 [main] INFO  server.BaseHttpServer (BaseHttpServer.java:updateConnectorAddress(215)) - HTTP server of HDDSDATANODE is listening at http://0.0.0.0:39947
2019-09-26 17:08:26,349 [main] INFO  impl.MetricsSystemImpl (MetricsSystemImpl.java:init(158)) - HddsDatanode metrics system started (again)
2019-09-26 17:08:26,353 [main] INFO  ozone.HddsDatanodeService (HddsDatanodeService.java:start(184)) - HddsDatanodeService host:pr-hdds-2162-htzpk-1451759861 ip:192.168.157.234
2019-09-26 17:08:26,353 [org.apache.hadoop.util.JvmPauseMonitor$Monitor@32e83abb] INFO  util.JvmPauseMonitor (JvmPauseMonitor.java:run(188)) - Starting JVM pause monitor
2019-09-26 17:08:26,356 [Datanode State Machine Thread - 0] INFO  datanode.InitDatanodeState (InitDatanodeState.java:persistContainerDatanodeDetails(140)) - DatanodeDetails is persisted to /workdir/hadoop-ozone/integration-test/target/test-dir/MiniOzoneClusterImpl-803902cc-acfe-4386-bc2c-ad5c5c049692/datanode-4/meta/datanode.id
2019-09-26 17:08:26,362 [main] INFO  volume.HddsVolume (HddsVolume.java:<init>(176)) - Creating Volume: /workdir/hadoop-ozone/integration-test/target/test-dir/MiniOzoneClusterImpl-803902cc-acfe-4386-bc2c-ad5c5c049692/datanode-5/data/containers/hdds of  storage type : DISK and capacity : 1482555576320
2019-09-26 17:08:26,362 [main] INFO  volume.VolumeSet (VolumeSet.java:initializeVolumeSet(170)) - Added Volume : /workdir/hadoop-ozone/integration-test/target/test-dir/MiniOzoneClusterImpl-803902cc-acfe-4386-bc2c-ad5c5c049692/datanode-5/data/containers/hdds to VolumeSet
2019-09-26 17:08:26,362 [main] INFO  volume.ThrottledAsyncChecker (ThrottledAsyncChecker.java:schedule(139)) - Scheduling a check for org.apache.hadoop.ozone.container.common.volume.HddsVolume@32130e61
2019-09-26 17:08:26,363 [main] INFO  volume.HddsVolumeChecker (HddsVolumeChecker.java:checkAllVolumes(202)) - Scheduled health check for volume org.apache.hadoop.ozone.container.common.volume.HddsVolume@32130e61
2019-09-26 17:08:26,380 [main] INFO  impl.RaftServerProxy (ConfUtils.java:logGet(43)) - raft.rpc.type = GRPC (default)
2019-09-26 17:08:26,381 [main] INFO  grpc.GrpcFactory (GrpcFactory.java:checkPooledByteBufAllocatorUseCacheForAllThreads(45)) - PERFORMANCE WARNING: useCacheForAllThreads is true that may cause Netty to create a lot garbage objects and, as a result, trigger GC.
	It is recommended to disable useCacheForAllThreads by setting -Dorg.apache.ratis.thirdparty.io.netty.allocator.useCacheForAllThreads=false in command line.
2019-09-26 17:08:26,381 [main] INFO  grpc.GrpcConfigKeys$Server (ConfUtils.java:logGet(43)) - raft.grpc.server.port = 0 (default)
2019-09-26 17:08:26,381 [main] INFO  server.GrpcService (ConfUtils.java:logGet(43)) - raft.grpc.message.size.max = 33570816 (custom)
2019-09-26 17:08:26,381 [main] INFO  server.RaftServerConfigKeys (ConfUtils.java:logGet(43)) - raft.server.log.appender.buffer.byte-limit = 33554432 (custom)
2019-09-26 17:08:26,382 [main] INFO  server.GrpcService (ConfUtils.java:logGet(43)) - raft.grpc.flow.control.window = 1MB (=1048576) (default)
2019-09-26 17:08:26,382 [main] INFO  server.RaftServerConfigKeys (ConfUtils.java:logGet(43)) - raft.server.rpc.request.timeout = 3000ms (default)
2019-09-26 17:08:26,382 [main] INFO  server.RaftServerConfigKeys (ConfUtils.java:logGet(43)) - raft.server.storage.dir = [/workdir/hadoop-ozone/integration-test/target/test-dir/MiniOzoneClusterImpl-803902cc-acfe-4386-bc2c-ad5c5c049692/datanode-5/data/ratis] (custom)
2019-09-26 17:08:26,384 [main] INFO  hdfs.DFSUtil (DFSUtil.java:httpServerTemplateForNNAndJN(1641)) - Starting Web-server for hddsDatanode at: http://0.0.0.0:0
2019-09-26 17:08:26,386 [main] INFO  server.AuthenticationFilter (AuthenticationFilter.java:constructSecretProvider(240)) - Unable to initialize FileSignerSecretProvider, falling back to use random secrets.
2019-09-26 17:08:26,386 [main] WARN  http.HttpRequestLog (HttpRequestLog.java:getRequestLog(97)) - Jetty request log can only be enabled using Log4j
2019-09-26 17:08:26,388 [main] INFO  http.HttpServer2 (HttpServer2.java:addGlobalFilter(975)) - Added global filter 'safety' (class=org.apache.hadoop.http.HttpServer2$QuotingInputFilter)
2019-09-26 17:08:26,389 [main] INFO  http.HttpServer2 (HttpServer2.java:addFilter(948)) - Added filter static_user_filter (class=org.apache.hadoop.http.lib.StaticUserWebFilter$StaticUserFilter) to context hddsDatanode
2019-09-26 17:08:26,389 [main] INFO  http.HttpServer2 (HttpServer2.java:addFilter(958)) - Added filter static_user_filter (class=org.apache.hadoop.http.lib.StaticUserWebFilter$StaticUserFilter) to context static
2019-09-26 17:08:26,389 [main] INFO  http.HttpServer2 (HttpServer2.java:addFilter(958)) - Added filter static_user_filter (class=org.apache.hadoop.http.lib.StaticUserWebFilter$StaticUserFilter) to context logs
2019-09-26 17:08:26,390 [main] INFO  http.HttpServer2 (HttpServer2.java:bindListener(1191)) - Jetty bound to port 40959
2019-09-26 17:08:26,390 [main] INFO  server.Server (Server.java:doStart(351)) - jetty-9.3.25.v20180904, build timestamp: 2018-09-04T21:11:46Z, git hash: 3ce520221d0240229c862b122d2b06c12a625732
2019-09-26 17:08:26,392 [main] INFO  handler.ContextHandler (ContextHandler.java:doStart(781)) - Started o.e.j.s.ServletContextHandler@1352434e{/logs,file:///workdir/hadoop-ozone/integration-test/target/log,AVAILABLE}
2019-09-26 17:08:26,393 [main] INFO  handler.ContextHandler (ContextHandler.java:doStart(781)) - Started o.e.j.s.ServletContextHandler@2b6fcb9f{/static,jar:file:/home/user/.m2/repository/org/apache/hadoop/hadoop-hdds-container-service/0.5.0-SNAPSHOT/hadoop-hdds-container-service-0.5.0-SNAPSHOT.jar!/webapps/static,AVAILABLE}
2019-09-26 17:08:26,423 [main] INFO  handler.ContextHandler (ContextHandler.java:doStart(781)) - Started o.e.j.w.WebAppContext@17f3eefb{/,file:///tmp/jetty-0.0.0.0-40959-hddsDatanode-_-any-4227533988820480484.dir/webapp/,AVAILABLE}{/hddsDatanode}
2019-09-26 17:08:26,424 [main] INFO  server.AbstractConnector (AbstractConnector.java:doStart(278)) - Started ServerConnector@3ba46e63{HTTP/1.1,[http/1.1]}{0.0.0.0:40959}
2019-09-26 17:08:26,424 [main] INFO  server.Server (Server.java:doStart(419)) - Started @5798ms
2019-09-26 17:08:26,424 [main] WARN  impl.MetricsSystemImpl (MetricsSystemImpl.java:register(276)) - Sink prometheus already exists!
2019-09-26 17:08:26,425 [main] INFO  server.BaseHttpServer (BaseHttpServer.java:updateConnectorAddress(215)) - HTTP server of HDDSDATANODE is listening at http://0.0.0.0:40959
2019-09-26 17:08:26,426 [main] INFO  impl.MetricsSystemImpl (MetricsSystemImpl.java:init(158)) - HddsDatanode metrics system started (again)
2019-09-26 17:08:26,429 [org.apache.hadoop.util.JvmPauseMonitor$Monitor@456de62c] INFO  util.JvmPauseMonitor (JvmPauseMonitor.java:run(188)) - Starting JVM pause monitor
2019-09-26 17:08:26,430 [main] INFO  ozone.HddsDatanodeService (HddsDatanodeService.java:start(184)) - HddsDatanodeService host:pr-hdds-2162-htzpk-1451759861 ip:192.168.157.234
2019-09-26 17:08:26,433 [Datanode State Machine Thread - 0] INFO  datanode.InitDatanodeState (InitDatanodeState.java:persistContainerDatanodeDetails(140)) - DatanodeDetails is persisted to /workdir/hadoop-ozone/integration-test/target/test-dir/MiniOzoneClusterImpl-803902cc-acfe-4386-bc2c-ad5c5c049692/datanode-5/meta/datanode.id
2019-09-26 17:08:26,438 [main] INFO  volume.HddsVolume (HddsVolume.java:<init>(176)) - Creating Volume: /workdir/hadoop-ozone/integration-test/target/test-dir/MiniOzoneClusterImpl-803902cc-acfe-4386-bc2c-ad5c5c049692/datanode-6/data/containers/hdds of  storage type : DISK and capacity : 1482555576320
2019-09-26 17:08:26,439 [main] INFO  volume.VolumeSet (VolumeSet.java:initializeVolumeSet(170)) - Added Volume : /workdir/hadoop-ozone/integration-test/target/test-dir/MiniOzoneClusterImpl-803902cc-acfe-4386-bc2c-ad5c5c049692/datanode-6/data/containers/hdds to VolumeSet
2019-09-26 17:08:26,439 [main] INFO  volume.ThrottledAsyncChecker (ThrottledAsyncChecker.java:schedule(139)) - Scheduling a check for org.apache.hadoop.ozone.container.common.volume.HddsVolume@2a4f5433
2019-09-26 17:08:26,439 [main] INFO  volume.HddsVolumeChecker (HddsVolumeChecker.java:checkAllVolumes(202)) - Scheduled health check for volume org.apache.hadoop.ozone.container.common.volume.HddsVolume@2a4f5433
2019-09-26 17:08:26,455 [main] INFO  impl.RaftServerProxy (ConfUtils.java:logGet(43)) - raft.rpc.type = GRPC (default)
2019-09-26 17:08:26,455 [main] INFO  grpc.GrpcFactory (GrpcFactory.java:checkPooledByteBufAllocatorUseCacheForAllThreads(45)) - PERFORMANCE WARNING: useCacheForAllThreads is true that may cause Netty to create a lot garbage objects and, as a result, trigger GC.
	It is recommended to disable useCacheForAllThreads by setting -Dorg.apache.ratis.thirdparty.io.netty.allocator.useCacheForAllThreads=false in command line.
2019-09-26 17:08:26,455 [main] INFO  grpc.GrpcConfigKeys$Server (ConfUtils.java:logGet(43)) - raft.grpc.server.port = 0 (default)
2019-09-26 17:08:26,456 [main] INFO  server.GrpcService (ConfUtils.java:logGet(43)) - raft.grpc.message.size.max = 33570816 (custom)
2019-09-26 17:08:26,456 [main] INFO  server.RaftServerConfigKeys (ConfUtils.java:logGet(43)) - raft.server.log.appender.buffer.byte-limit = 33554432 (custom)
2019-09-26 17:08:26,456 [main] INFO  server.GrpcService (ConfUtils.java:logGet(43)) - raft.grpc.flow.control.window = 1MB (=1048576) (default)
2019-09-26 17:08:26,456 [main] INFO  server.RaftServerConfigKeys (ConfUtils.java:logGet(43)) - raft.server.rpc.request.timeout = 3000ms (default)
2019-09-26 17:08:26,457 [main] INFO  server.RaftServerConfigKeys (ConfUtils.java:logGet(43)) - raft.server.storage.dir = [/workdir/hadoop-ozone/integration-test/target/test-dir/MiniOzoneClusterImpl-803902cc-acfe-4386-bc2c-ad5c5c049692/datanode-6/data/ratis] (custom)
2019-09-26 17:08:26,459 [main] INFO  hdfs.DFSUtil (DFSUtil.java:httpServerTemplateForNNAndJN(1641)) - Starting Web-server for hddsDatanode at: http://0.0.0.0:0
2019-09-26 17:08:26,460 [main] INFO  server.AuthenticationFilter (AuthenticationFilter.java:constructSecretProvider(240)) - Unable to initialize FileSignerSecretProvider, falling back to use random secrets.
2019-09-26 17:08:26,461 [main] WARN  http.HttpRequestLog (HttpRequestLog.java:getRequestLog(97)) - Jetty request log can only be enabled using Log4j
2019-09-26 17:08:26,462 [main] INFO  http.HttpServer2 (HttpServer2.java:addGlobalFilter(975)) - Added global filter 'safety' (class=org.apache.hadoop.http.HttpServer2$QuotingInputFilter)
2019-09-26 17:08:26,463 [main] INFO  http.HttpServer2 (HttpServer2.java:addFilter(948)) - Added filter static_user_filter (class=org.apache.hadoop.http.lib.StaticUserWebFilter$StaticUserFilter) to context hddsDatanode
2019-09-26 17:08:26,463 [main] INFO  http.HttpServer2 (HttpServer2.java:addFilter(958)) - Added filter static_user_filter (class=org.apache.hadoop.http.lib.StaticUserWebFilter$StaticUserFilter) to context logs
2019-09-26 17:08:26,463 [main] INFO  http.HttpServer2 (HttpServer2.java:addFilter(958)) - Added filter static_user_filter (class=org.apache.hadoop.http.lib.StaticUserWebFilter$StaticUserFilter) to context static
2019-09-26 17:08:26,464 [main] INFO  http.HttpServer2 (HttpServer2.java:bindListener(1191)) - Jetty bound to port 36976
2019-09-26 17:08:26,464 [main] INFO  server.Server (Server.java:doStart(351)) - jetty-9.3.25.v20180904, build timestamp: 2018-09-04T21:11:46Z, git hash: 3ce520221d0240229c862b122d2b06c12a625732
2019-09-26 17:08:26,466 [main] INFO  handler.ContextHandler (ContextHandler.java:doStart(781)) - Started o.e.j.s.ServletContextHandler@4437ac07{/logs,file:///workdir/hadoop-ozone/integration-test/target/log,AVAILABLE}
2019-09-26 17:08:26,467 [main] INFO  handler.ContextHandler (ContextHandler.java:doStart(781)) - Started o.e.j.s.ServletContextHandler@753aca85{/static,jar:file:/home/user/.m2/repository/org/apache/hadoop/hadoop-hdds-container-service/0.5.0-SNAPSHOT/hadoop-hdds-container-service-0.5.0-SNAPSHOT.jar!/webapps/static,AVAILABLE}
2019-09-26 17:08:26,496 [main] INFO  handler.ContextHandler (ContextHandler.java:doStart(781)) - Started o.e.j.w.WebAppContext@17273273{/,file:///tmp/jetty-0.0.0.0-36976-hddsDatanode-_-any-2487177247058645118.dir/webapp/,AVAILABLE}{/hddsDatanode}
2019-09-26 17:08:26,496 [main] INFO  server.AbstractConnector (AbstractConnector.java:doStart(278)) - Started ServerConnector@5f69e2b{HTTP/1.1,[http/1.1]}{0.0.0.0:36976}
2019-09-26 17:08:26,497 [main] INFO  server.Server (Server.java:doStart(419)) - Started @5871ms
2019-09-26 17:08:26,497 [main] WARN  impl.MetricsSystemImpl (MetricsSystemImpl.java:register(276)) - Sink prometheus already exists!
2019-09-26 17:08:26,498 [main] INFO  server.BaseHttpServer (BaseHttpServer.java:updateConnectorAddress(215)) - HTTP server of HDDSDATANODE is listening at http://0.0.0.0:36976
2019-09-26 17:08:26,501 [main] INFO  ozone.MiniOzoneClusterImpl (MiniOzoneClusterImpl.java:lambda$waitForClusterToBeReady$0(147)) - Waiting for cluster to be ready. Got 0 of 7 DN Heartbeats.
2019-09-26 17:08:26,501 [org.apache.hadoop.util.JvmPauseMonitor$Monitor@78fe8717] INFO  util.JvmPauseMonitor (JvmPauseMonitor.java:run(188)) - Starting JVM pause monitor
2019-09-26 17:08:26,505 [Datanode State Machine Thread - 0] INFO  datanode.InitDatanodeState (InitDatanodeState.java:persistContainerDatanodeDetails(140)) - DatanodeDetails is persisted to /workdir/hadoop-ozone/integration-test/target/test-dir/MiniOzoneClusterImpl-803902cc-acfe-4386-bc2c-ad5c5c049692/datanode-6/meta/datanode.id
2019-09-26 17:08:27,501 [main] INFO  ozone.MiniOzoneClusterImpl (MiniOzoneClusterImpl.java:lambda$waitForClusterToBeReady$0(147)) - Waiting for cluster to be ready. Got 0 of 7 DN Heartbeats.
2019-09-26 17:08:28,091 [Datanode State Machine Thread - 0] INFO  ozoneimpl.OzoneContainer (OzoneContainer.java:start(217)) - Attempting to start container services.
2019-09-26 17:08:28,094 [Datanode State Machine Thread - 0] INFO  ozoneimpl.OzoneContainer (OzoneContainer.java:startContainerScrub(179)) - Background container scanner has been disabled.
2019-09-26 17:08:28,095 [Datanode State Machine Thread - 0] INFO  ratis.XceiverServerRatis (XceiverServerRatis.java:start(411)) - Starting XceiverServerRatis f5099b68-b325-4483-8045-ecdc9d46cec7 at port 0
2019-09-26 17:08:28,122 [Datanode State Machine Thread - 0] INFO  impl.RaftServerProxy (RaftServerProxy.java:lambda$start$3(299)) - f5099b68-b325-4483-8045-ecdc9d46cec7: start RPC server
2019-09-26 17:08:28,133 [Datanode State Machine Thread - 0] INFO  ozoneimpl.OzoneContainer (OzoneContainer.java:start(217)) - Attempting to start container services.
2019-09-26 17:08:28,140 [Datanode State Machine Thread - 0] INFO  ozoneimpl.OzoneContainer (OzoneContainer.java:startContainerScrub(179)) - Background container scanner has been disabled.
2019-09-26 17:08:28,140 [Datanode State Machine Thread - 0] INFO  ratis.XceiverServerRatis (XceiverServerRatis.java:start(411)) - Starting XceiverServerRatis 976348bf-752d-474b-bf3f-4c140837206e at port 0
2019-09-26 17:08:28,153 [Datanode State Machine Thread - 0] INFO  impl.RaftServerProxy (RaftServerProxy.java:lambda$start$3(299)) - 976348bf-752d-474b-bf3f-4c140837206e: start RPC server
2019-09-26 17:08:28,214 [Datanode State Machine Thread - 0] INFO  ozoneimpl.OzoneContainer (OzoneContainer.java:start(217)) - Attempting to start container services.
2019-09-26 17:08:28,220 [Datanode State Machine Thread - 0] INFO  ozoneimpl.OzoneContainer (OzoneContainer.java:startContainerScrub(179)) - Background container scanner has been disabled.
2019-09-26 17:08:28,220 [Datanode State Machine Thread - 0] INFO  ratis.XceiverServerRatis (XceiverServerRatis.java:start(411)) - Starting XceiverServerRatis a06278e8-8500-4a0d-b21a-10769a037851 at port 0
2019-09-26 17:08:28,229 [Datanode State Machine Thread - 0] INFO  impl.RaftServerProxy (RaftServerProxy.java:lambda$start$3(299)) - a06278e8-8500-4a0d-b21a-10769a037851: start RPC server
2019-09-26 17:08:28,288 [Datanode State Machine Thread - 0] INFO  server.GrpcService (GrpcService.java:startImpl(158)) - 976348bf-752d-474b-bf3f-4c140837206e: GrpcService started, listening on 0.0.0.0/0.0.0.0:41274
2019-09-26 17:08:28,288 [Datanode State Machine Thread - 0] INFO  server.GrpcService (GrpcService.java:startImpl(158)) - a06278e8-8500-4a0d-b21a-10769a037851: GrpcService started, listening on 0.0.0.0/0.0.0.0:36171
2019-09-26 17:08:28,288 [Datanode State Machine Thread - 0] INFO  server.GrpcService (GrpcService.java:startImpl(158)) - f5099b68-b325-4483-8045-ecdc9d46cec7: GrpcService started, listening on 0.0.0.0/0.0.0.0:41474
2019-09-26 17:08:28,290 [Datanode State Machine Thread - 0] INFO  ratis.XceiverServerRatis (XceiverServerRatis.java:start(421)) - XceiverServerRatis a06278e8-8500-4a0d-b21a-10769a037851 is started using port 36171
2019-09-26 17:08:28,290 [Datanode State Machine Thread - 0] INFO  ratis.XceiverServerRatis (XceiverServerRatis.java:start(421)) - XceiverServerRatis 976348bf-752d-474b-bf3f-4c140837206e is started using port 41274
2019-09-26 17:08:28,290 [Datanode State Machine Thread - 0] INFO  ratis.XceiverServerRatis (XceiverServerRatis.java:start(421)) - XceiverServerRatis f5099b68-b325-4483-8045-ecdc9d46cec7 is started using port 41474
2019-09-26 17:08:28,295 [Datanode State Machine Thread - 0] INFO  ozoneimpl.OzoneContainer (OzoneContainer.java:start(217)) - Attempting to start container services.
2019-09-26 17:08:28,299 [Datanode State Machine Thread - 0] INFO  ozoneimpl.OzoneContainer (OzoneContainer.java:startContainerScrub(179)) - Background container scanner has been disabled.
2019-09-26 17:08:28,299 [Datanode State Machine Thread - 0] INFO  ratis.XceiverServerRatis (XceiverServerRatis.java:start(411)) - Starting XceiverServerRatis 3fb71bf3-6feb-4b84-8871-a94f5c8b0267 at port 0
2019-09-26 17:08:28,299 [Datanode State Machine Thread - 0] INFO  server.XceiverServerGrpc (XceiverServerGrpc.java:start(149)) - XceiverServerGrpc f5099b68-b325-4483-8045-ecdc9d46cec7 is started using port 40108
2019-09-26 17:08:28,299 [Datanode State Machine Thread - 0] INFO  server.XceiverServerGrpc (XceiverServerGrpc.java:start(149)) - XceiverServerGrpc a06278e8-8500-4a0d-b21a-10769a037851 is started using port 44541
2019-09-26 17:08:28,300 [Datanode State Machine Thread - 0] INFO  server.XceiverServerGrpc (XceiverServerGrpc.java:start(149)) - XceiverServerGrpc 976348bf-752d-474b-bf3f-4c140837206e is started using port 35376
2019-09-26 17:08:28,317 [Datanode State Machine Thread - 0] INFO  impl.RaftServerProxy (RaftServerProxy.java:lambda$start$3(299)) - 3fb71bf3-6feb-4b84-8871-a94f5c8b0267: start RPC server
2019-09-26 17:08:28,320 [Datanode State Machine Thread - 0] INFO  server.GrpcService (GrpcService.java:startImpl(158)) - 3fb71bf3-6feb-4b84-8871-a94f5c8b0267: GrpcService started, listening on 0.0.0.0/0.0.0.0:36251
2019-09-26 17:08:28,320 [Datanode State Machine Thread - 0] INFO  ratis.XceiverServerRatis (XceiverServerRatis.java:start(421)) - XceiverServerRatis 3fb71bf3-6feb-4b84-8871-a94f5c8b0267 is started using port 36251
2019-09-26 17:08:28,323 [Datanode State Machine Thread - 0] INFO  server.XceiverServerGrpc (XceiverServerGrpc.java:start(149)) - XceiverServerGrpc 3fb71bf3-6feb-4b84-8871-a94f5c8b0267 is started using port 36620
2019-09-26 17:08:28,369 [Datanode State Machine Thread - 0] INFO  ozoneimpl.OzoneContainer (OzoneContainer.java:start(217)) - Attempting to start container services.
2019-09-26 17:08:28,369 [Datanode State Machine Thread - 0] INFO  ozoneimpl.OzoneContainer (OzoneContainer.java:startContainerScrub(179)) - Background container scanner has been disabled.
2019-09-26 17:08:28,370 [Datanode State Machine Thread - 0] INFO  ratis.XceiverServerRatis (XceiverServerRatis.java:start(411)) - Starting XceiverServerRatis cbea0b3b-f476-41f1-83de-5e743f10a31d at port 0
2019-09-26 17:08:28,379 [Datanode State Machine Thread - 0] INFO  impl.RaftServerProxy (RaftServerProxy.java:lambda$start$3(299)) - cbea0b3b-f476-41f1-83de-5e743f10a31d: start RPC server
2019-09-26 17:08:28,382 [Datanode State Machine Thread - 0] INFO  server.GrpcService (GrpcService.java:startImpl(158)) - cbea0b3b-f476-41f1-83de-5e743f10a31d: GrpcService started, listening on 0.0.0.0/0.0.0.0:38619
2019-09-26 17:08:28,382 [Datanode State Machine Thread - 0] INFO  ratis.XceiverServerRatis (XceiverServerRatis.java:start(421)) - XceiverServerRatis cbea0b3b-f476-41f1-83de-5e743f10a31d is started using port 38619
2019-09-26 17:08:28,384 [Datanode State Machine Thread - 0] INFO  server.XceiverServerGrpc (XceiverServerGrpc.java:start(149)) - XceiverServerGrpc cbea0b3b-f476-41f1-83de-5e743f10a31d is started using port 38941
2019-09-26 17:08:28,446 [Datanode State Machine Thread - 0] INFO  ozoneimpl.OzoneContainer (OzoneContainer.java:start(217)) - Attempting to start container services.
2019-09-26 17:08:28,446 [Datanode State Machine Thread - 0] INFO  ozoneimpl.OzoneContainer (OzoneContainer.java:startContainerScrub(179)) - Background container scanner has been disabled.
2019-09-26 17:08:28,446 [Datanode State Machine Thread - 0] INFO  ratis.XceiverServerRatis (XceiverServerRatis.java:start(411)) - Starting XceiverServerRatis 59a99ee5-408e-4965-9769-9416b82e2659 at port 0
2019-09-26 17:08:28,455 [Datanode State Machine Thread - 0] INFO  impl.RaftServerProxy (RaftServerProxy.java:lambda$start$3(299)) - 59a99ee5-408e-4965-9769-9416b82e2659: start RPC server
2019-09-26 17:08:28,459 [Datanode State Machine Thread - 0] INFO  server.GrpcService (GrpcService.java:startImpl(158)) - 59a99ee5-408e-4965-9769-9416b82e2659: GrpcService started, listening on 0.0.0.0/0.0.0.0:46168
2019-09-26 17:08:28,460 [Datanode State Machine Thread - 0] INFO  ratis.XceiverServerRatis (XceiverServerRatis.java:start(421)) - XceiverServerRatis 59a99ee5-408e-4965-9769-9416b82e2659 is started using port 46168
2019-09-26 17:08:28,463 [Datanode State Machine Thread - 0] INFO  server.XceiverServerGrpc (XceiverServerGrpc.java:start(149)) - XceiverServerGrpc 59a99ee5-408e-4965-9769-9416b82e2659 is started using port 44881
2019-09-26 17:08:28,503 [main] INFO  ozone.MiniOzoneClusterImpl (MiniOzoneClusterImpl.java:lambda$waitForClusterToBeReady$0(147)) - Waiting for cluster to be ready. Got 0 of 7 DN Heartbeats.
2019-09-26 17:08:28,518 [Datanode State Machine Thread - 0] INFO  ozoneimpl.OzoneContainer (OzoneContainer.java:start(217)) - Attempting to start container services.
2019-09-26 17:08:28,518 [Datanode State Machine Thread - 0] INFO  ozoneimpl.OzoneContainer (OzoneContainer.java:startContainerScrub(179)) - Background container scanner has been disabled.
2019-09-26 17:08:28,518 [Datanode State Machine Thread - 0] INFO  ratis.XceiverServerRatis (XceiverServerRatis.java:start(411)) - Starting XceiverServerRatis c4ce83d4-301f-402e-8bea-6e9c1e173b42 at port 0
2019-09-26 17:08:28,528 [Datanode State Machine Thread - 0] INFO  impl.RaftServerProxy (RaftServerProxy.java:lambda$start$3(299)) - c4ce83d4-301f-402e-8bea-6e9c1e173b42: start RPC server
2019-09-26 17:08:28,532 [Datanode State Machine Thread - 0] INFO  server.GrpcService (GrpcService.java:startImpl(158)) - c4ce83d4-301f-402e-8bea-6e9c1e173b42: GrpcService started, listening on 0.0.0.0/0.0.0.0:46067
2019-09-26 17:08:28,532 [Datanode State Machine Thread - 0] INFO  ratis.XceiverServerRatis (XceiverServerRatis.java:start(421)) - XceiverServerRatis c4ce83d4-301f-402e-8bea-6e9c1e173b42 is started using port 46067
2019-09-26 17:08:28,537 [Datanode State Machine Thread - 0] INFO  server.XceiverServerGrpc (XceiverServerGrpc.java:start(149)) - XceiverServerGrpc c4ce83d4-301f-402e-8bea-6e9c1e173b42 is started using port 39493
2019-09-26 17:08:29,504 [main] INFO  ozone.MiniOzoneClusterImpl (MiniOzoneClusterImpl.java:lambda$waitForClusterToBeReady$0(147)) - Waiting for cluster to be ready. Got 0 of 7 DN Heartbeats.
2019-09-26 17:08:30,077 [IPC Server handler 2 on 34551] INFO  net.NetworkTopology (NetworkTopologyImpl.java:add(111)) - Added a new node: /default-rack/f5099b68-b325-4483-8045-ecdc9d46cec7
2019-09-26 17:08:30,078 [IPC Server handler 2 on 34551] INFO  node.SCMNodeManager (SCMNodeManager.java:register(266)) - Registered Data node : f5099b68-b325-4483-8045-ecdc9d46cec7{ip: 192.168.157.234, host: pr-hdds-2162-htzpk-1451759861, networkLocation: /default-rack, certSerialId: null}
2019-09-26 17:08:30,083 [EventQueue-NodeRegistrationContainerReportForDataNodeSafeModeRule] INFO  safemode.SCMSafeModeManager (DataNodeSafeModeRule.java:process(71)) - SCM in safe mode. 1 DataNodes registered, 1 required.
2019-09-26 17:08:30,083 [EventQueue-NodeRegistrationContainerReportForDataNodeSafeModeRule] INFO  safemode.SCMSafeModeManager (SCMSafeModeManager.java:validateSafeModeExitRules(177)) - ScmSafeModeManager, all rules are successfully validated
2019-09-26 17:08:30,083 [EventQueue-NodeRegistrationContainerReportForDataNodeSafeModeRule] INFO  safemode.SCMSafeModeManager (SCMSafeModeManager.java:exitSafeMode(193)) - SCM exiting safe mode.
2019-09-26 17:08:30,116 [IPC Server handler 4 on 34551] INFO  net.NetworkTopology (NetworkTopologyImpl.java:add(111)) - Added a new node: /default-rack/976348bf-752d-474b-bf3f-4c140837206e
2019-09-26 17:08:30,116 [IPC Server handler 4 on 34551] INFO  node.SCMNodeManager (SCMNodeManager.java:register(266)) - Registered Data node : 976348bf-752d-474b-bf3f-4c140837206e{ip: 192.168.157.234, host: pr-hdds-2162-htzpk-1451759861, networkLocation: /default-rack, certSerialId: null}
2019-09-26 17:08:30,213 [IPC Server handler 3 on 34551] INFO  net.NetworkTopology (NetworkTopologyImpl.java:add(111)) - Added a new node: /default-rack/a06278e8-8500-4a0d-b21a-10769a037851
2019-09-26 17:08:30,213 [IPC Server handler 3 on 34551] INFO  node.SCMNodeManager (SCMNodeManager.java:register(266)) - Registered Data node : a06278e8-8500-4a0d-b21a-10769a037851{ip: 192.168.157.234, host: pr-hdds-2162-htzpk-1451759861, networkLocation: /default-rack, certSerialId: null}
2019-09-26 17:08:30,278 [IPC Server handler 5 on 34551] INFO  net.NetworkTopology (NetworkTopologyImpl.java:add(111)) - Added a new node: /default-rack/3fb71bf3-6feb-4b84-8871-a94f5c8b0267
2019-09-26 17:08:30,278 [IPC Server handler 5 on 34551] INFO  node.SCMNodeManager (SCMNodeManager.java:register(266)) - Registered Data node : 3fb71bf3-6feb-4b84-8871-a94f5c8b0267{ip: 192.168.157.234, host: pr-hdds-2162-htzpk-1451759861, networkLocation: /default-rack, certSerialId: null}
2019-09-26 17:08:30,357 [IPC Server handler 6 on 34551] INFO  net.NetworkTopology (NetworkTopologyImpl.java:add(111)) - Added a new node: /default-rack/cbea0b3b-f476-41f1-83de-5e743f10a31d
2019-09-26 17:08:30,357 [IPC Server handler 6 on 34551] INFO  node.SCMNodeManager (SCMNodeManager.java:register(266)) - Registered Data node : cbea0b3b-f476-41f1-83de-5e743f10a31d{ip: 192.168.157.234, host: pr-hdds-2162-htzpk-1451759861, networkLocation: /default-rack, certSerialId: null}
2019-09-26 17:08:30,434 [IPC Server handler 0 on 34551] INFO  net.NetworkTopology (NetworkTopologyImpl.java:add(111)) - Added a new node: /default-rack/59a99ee5-408e-4965-9769-9416b82e2659
2019-09-26 17:08:30,434 [IPC Server handler 0 on 34551] INFO  node.SCMNodeManager (SCMNodeManager.java:register(266)) - Registered Data node : 59a99ee5-408e-4965-9769-9416b82e2659{ip: 192.168.157.234, host: pr-hdds-2162-htzpk-1451759861, networkLocation: /default-rack, certSerialId: null}
2019-09-26 17:08:30,506 [main] INFO  ozone.MiniOzoneClusterImpl (MiniOzoneClusterImpl.java:lambda$waitForClusterToBeReady$0(147)) - Waiting for cluster to be ready. Got 6 of 7 DN Heartbeats.
2019-09-26 17:08:30,510 [IPC Server handler 2 on 34551] INFO  net.NetworkTopology (NetworkTopologyImpl.java:add(111)) - Added a new node: /default-rack/c4ce83d4-301f-402e-8bea-6e9c1e173b42
2019-09-26 17:08:30,510 [IPC Server handler 2 on 34551] INFO  node.SCMNodeManager (SCMNodeManager.java:register(266)) - Registered Data node : c4ce83d4-301f-402e-8bea-6e9c1e173b42{ip: 192.168.157.234, host: pr-hdds-2162-htzpk-1451759861, networkLocation: /default-rack, certSerialId: null}
2019-09-26 17:08:30,667 [grpc-default-executor-0] INFO  impl.RaftServerProxy (RaftServerProxy.java:addNew(89)) - f5099b68-b325-4483-8045-ecdc9d46cec7: addNew group-B59057AFA883:[f5099b68-b325-4483-8045-ecdc9d46cec7:192.168.157.234:41474] returns group-B59057AFA883:java.util.concurrent.CompletableFuture@66e78911[Not completed]
2019-09-26 17:08:30,683 [pool-27-thread-1] INFO  impl.RaftServerImpl (RaftServerImpl.java:<init>(95)) - f5099b68-b325-4483-8045-ecdc9d46cec7: new RaftServerImpl for group-B59057AFA883:[f5099b68-b325-4483-8045-ecdc9d46cec7:192.168.157.234:41474] with ContainerStateMachine:uninitialized
2019-09-26 17:08:30,685 [pool-27-thread-1] INFO  server.RaftServerConfigKeys (ConfUtils.java:logGet(43)) - raft.server.rpc.timeout.min = 5s (custom)
2019-09-26 17:08:30,687 [pool-27-thread-1] INFO  server.RaftServerConfigKeys (ConfUtils.java:logGet(43)) - raft.server.rpc.timeout.max = 5200ms (custom)
2019-09-26 17:08:30,687 [pool-27-thread-1] INFO  server.RaftServerConfigKeys (ConfUtils.java:logGet(43)) - raft.server.rpcslowness.timeout = 120s (custom)
2019-09-26 17:08:30,688 [pool-27-thread-1] INFO  server.RaftServerConfigKeys (ConfUtils.java:logGet(43)) - raft.server.sleep.deviation.threshold = 300 (default)
2019-09-26 17:08:30,689 [pool-27-thread-1] INFO  server.RaftServerConfigKeys (ConfUtils.java:logGet(43)) - raft.server.log.appender.install.snapshot.enabled = false (custom)
2019-09-26 17:08:30,698 [pool-27-thread-1] INFO  impl.RaftServerImpl (ServerState.java:<init>(103)) - f5099b68-b325-4483-8045-ecdc9d46cec7@group-B59057AFA883: ConfigurationManager, init=-1: [f5099b68-b325-4483-8045-ecdc9d46cec7:192.168.157.234:41474], old=null, confs=<EMPTY_MAP>
2019-09-26 17:08:30,698 [pool-27-thread-1] INFO  server.RaftServerConfigKeys (ConfUtils.java:logGet(43)) - raft.server.storage.dir = [/workdir/hadoop-ozone/integration-test/target/test-dir/MiniOzoneClusterImpl-803902cc-acfe-4386-bc2c-ad5c5c049692/datanode-0/data/ratis] (custom)
2019-09-26 17:08:30,707 [pool-27-thread-1] INFO  storage.RaftStorageDirectory (RaftStorageDirectory.java:analyzeStorage(246)) - The storage directory /workdir/hadoop-ozone/integration-test/target/test-dir/MiniOzoneClusterImpl-803902cc-acfe-4386-bc2c-ad5c5c049692/datanode-0/data/ratis/bb2d3be4-dbca-4b62-be21-b59057afa883 does not exist. Creating ...
2019-09-26 17:08:30,725 [pool-27-thread-1] INFO  storage.RaftStorageDirectory (RaftStorageDirectory.java:tryLock(328)) - Lock on /workdir/hadoop-ozone/integration-test/target/test-dir/MiniOzoneClusterImpl-803902cc-acfe-4386-bc2c-ad5c5c049692/datanode-0/data/ratis/bb2d3be4-dbca-4b62-be21-b59057afa883/in_use.lock acquired by nodename 19355@pr-hdds-2162-htzpk-1451759861
2019-09-26 17:08:30,741 [pool-27-thread-1] INFO  storage.RaftStorage (RaftStorage.java:format(72)) - Storage directory /workdir/hadoop-ozone/integration-test/target/test-dir/MiniOzoneClusterImpl-803902cc-acfe-4386-bc2c-ad5c5c049692/datanode-0/data/ratis/bb2d3be4-dbca-4b62-be21-b59057afa883 has been successfully formatted.
2019-09-26 17:08:30,743 [pool-27-thread-1] INFO  ratis.ContainerStateMachine (ContainerStateMachine.java:loadSnapshot(230)) - group-B59057AFA883: The snapshot info is null. Setting the last applied indexto:(t:0, i:~)
2019-09-26 17:08:30,743 [pool-27-thread-1] INFO  server.RaftServerConfigKeys (ConfUtils.java:logGet(43)) - raft.server.notification.no-leader.timeout = 120s (custom)
2019-09-26 17:08:30,746 [pool-27-thread-1] INFO  server.RaftServerConfigKeys (ConfUtils.java:logGet(43)) - raft.server.log.use.memory = false (default)
2019-09-26 17:08:30,752 [pool-27-thread-1] INFO  server.RaftServerConfigKeys (ConfUtils.java:logGet(43)) - raft.server.log.purge.gap = 1000000 (custom)
2019-09-26 17:08:30,753 [pool-27-thread-1] INFO  server.RaftServerConfigKeys (ConfUtils.java:logGet(43)) - raft.server.log.appender.buffer.byte-limit = 33554432 (custom)
2019-09-26 17:08:30,755 [pool-27-thread-1] INFO  server.RaftServerConfigKeys (ConfUtils.java:logGet(43)) - raft.server.log.segment.size.max = 1048576 (custom)
2019-09-26 17:08:30,760 [pool-27-thread-1] INFO  server.RaftServerConfigKeys (ConfUtils.java:logGet(43)) - raft.server.log.segment.cache.num.max = 2 (custom)
2019-09-26 17:08:30,766 [pool-27-thread-1] INFO  segmented.SegmentedRaftLogWorker (SegmentedRaftLogWorker.java:<init>(172)) - new f5099b68-b325-4483-8045-ecdc9d46cec7@group-B59057AFA883-SegmentedRaftLogWorker for RaftStorage:Storage Directory /workdir/hadoop-ozone/integration-test/target/test-dir/MiniOzoneClusterImpl-803902cc-acfe-4386-bc2c-ad5c5c049692/datanode-0/data/ratis/bb2d3be4-dbca-4b62-be21-b59057afa883
2019-09-26 17:08:30,768 [pool-27-thread-1] INFO  impl.MetricsSystemImpl (MetricsSystemImpl.java:init(158)) - ratis metrics system started (again)
2019-09-26 17:08:30,774 [pool-27-thread-1] INFO  metrics.MetricRegistries (MetricRegistriesLoader.java:load(64)) - Loaded MetricRegistries class org.apache.ratis.metrics.impl.MetricRegistriesImpl
2019-09-26 17:08:30,803 [pool-27-thread-1] INFO  server.RaftServerConfigKeys (ConfUtils.java:logGet(43)) - raft.server.log.queue.byte-limit = 2147483647 (custom)
2019-09-26 17:08:30,804 [pool-27-thread-1] INFO  server.RaftServerConfigKeys (ConfUtils.java:logGet(43)) - raft.server.log.queue.element-limit = 1024 (custom)
2019-09-26 17:08:30,806 [pool-27-thread-1] INFO  server.RaftServerConfigKeys (ConfUtils.java:logGet(43)) - raft.server.log.segment.size.max = 1048576 (custom)
2019-09-26 17:08:30,807 [pool-27-thread-1] INFO  server.RaftServerConfigKeys (ConfUtils.java:logGet(43)) - raft.server.log.preallocated.size = 16384 (custom)
2019-09-26 17:08:30,807 [pool-27-thread-1] INFO  server.RaftServerConfigKeys (ConfUtils.java:logGet(43)) - raft.server.log.write.buffer.size = 33554432 (custom)
2019-09-26 17:08:30,808 [pool-27-thread-1] INFO  server.RaftServerConfigKeys (ConfUtils.java:logGet(43)) - raft.server.log.force.sync.num = 128 (default)
2019-09-26 17:08:30,808 [pool-27-thread-1] INFO  server.RaftServerConfigKeys (ConfUtils.java:logGet(43)) - raft.server.log.statemachine.data.sync = true (default)
2019-09-26 17:08:30,809 [pool-27-thread-1] INFO  server.RaftServerConfigKeys (ConfUtils.java:logGet(43)) - raft.server.log.statemachine.data.sync.timeout = 10s (default)
2019-09-26 17:08:30,809 [pool-27-thread-1] INFO  server.RaftServerConfigKeys (ConfUtils.java:logGet(43)) - raft.server.log.statemachine.data.sync.timeout.retry = -1 (default)
2019-09-26 17:08:30,817 [pool-27-thread-1] INFO  server.RaftServerConfigKeys (ConfUtils.java:logGet(43)) - raft.server.log.statemachine.data.caching.enabled = true (custom)
2019-09-26 17:08:30,821 [pool-27-thread-1] INFO  segmented.SegmentedRaftLogWorker (SegmentedRaftLogWorker.java:lambda$new$0(132)) - f5099b68-b325-4483-8045-ecdc9d46cec7@group-B59057AFA883-SegmentedRaftLogWorker: flushIndex: setUnconditionally 0 -> -1
2019-09-26 17:08:30,825 [pool-27-thread-1] INFO  server.RaftServerConfigKeys (ConfUtils.java:logGet(43)) - raft.server.snapshot.auto.trigger.enabled = true (custom)
2019-09-26 17:08:30,826 [pool-27-thread-1] INFO  server.RaftServerConfigKeys (ConfUtils.java:logGet(43)) - raft.server.snapshot.auto.trigger.threshold = 10000 (custom)
2019-09-26 17:08:30,826 [pool-27-thread-1] INFO  server.RaftServerConfigKeys (ConfUtils.java:logGet(43)) - raft.server.snapshot.retention.num.files = 5 (custom)
2019-09-26 17:08:30,827 [pool-27-thread-1] INFO  server.RaftServerConfigKeys (ConfUtils.java:logGet(43)) - raft.server.retrycache.expirytime = 600000ms (custom)
2019-09-26 17:08:30,852 [pool-27-thread-1] INFO  impl.RaftServerImpl (RaftServerImpl.java:start(185)) - f5099b68-b325-4483-8045-ecdc9d46cec7@group-B59057AFA883: start as a follower, conf=-1: [f5099b68-b325-4483-8045-ecdc9d46cec7:192.168.157.234:41474], old=null
2019-09-26 17:08:30,852 [pool-27-thread-1] INFO  impl.RaftServerImpl (RaftServerImpl.java:setRole(174)) - f5099b68-b325-4483-8045-ecdc9d46cec7@group-B59057AFA883: changes role from      null to FOLLOWER at term 0 for startAsFollower
2019-09-26 17:08:30,853 [pool-27-thread-1] INFO  impl.RoleInfo (RoleInfo.java:updateAndGet(143)) - f5099b68-b325-4483-8045-ecdc9d46cec7: start FollowerState
2019-09-26 17:08:30,855 [pool-27-thread-1] INFO  util.JmxRegister (JmxRegister.java:tryRegister(44)) - Successfully registered JMX Bean with object name Ratis:service=RaftServer,group=group-B59057AFA883,id=f5099b68-b325-4483-8045-ecdc9d46cec7
2019-09-26 17:08:30,914 [RatisPipelineUtilsThread] INFO  pipeline.PipelineStateManager (PipelineStateManager.java:addPipeline(56)) - Created pipeline Pipeline[ Id: bb2d3be4-dbca-4b62-be21-b59057afa883, Nodes: f5099b68-b325-4483-8045-ecdc9d46cec7{ip: 192.168.157.234, host: pr-hdds-2162-htzpk-1451759861, networkLocation: /default-rack, certSerialId: null}, Type:RATIS, Factor:ONE, State:OPEN]
2019-09-26 17:08:30,945 [grpc-default-executor-0] INFO  impl.RaftServerProxy (RaftServerProxy.java:addNew(89)) - cbea0b3b-f476-41f1-83de-5e743f10a31d: addNew group-D526AF08A45F:[cbea0b3b-f476-41f1-83de-5e743f10a31d:192.168.157.234:38619] returns group-D526AF08A45F:java.util.concurrent.CompletableFuture@62e01e8d[Not completed]
2019-09-26 17:08:31,002 [pool-67-thread-1] INFO  impl.RaftServerImpl (RaftServerImpl.java:<init>(95)) - cbea0b3b-f476-41f1-83de-5e743f10a31d: new RaftServerImpl for group-D526AF08A45F:[cbea0b3b-f476-41f1-83de-5e743f10a31d:192.168.157.234:38619] with ContainerStateMachine:uninitialized
2019-09-26 17:08:31,004 [pool-67-thread-1] INFO  server.RaftServerConfigKeys (ConfUtils.java:logGet(43)) - raft.server.rpc.timeout.min = 5s (custom)
2019-09-26 17:08:31,004 [pool-67-thread-1] INFO  server.RaftServerConfigKeys (ConfUtils.java:logGet(43)) - raft.server.rpc.timeout.max = 5200ms (custom)
2019-09-26 17:08:31,004 [pool-67-thread-1] INFO  server.RaftServerConfigKeys (ConfUtils.java:logGet(43)) - raft.server.rpcslowness.timeout = 120s (custom)
2019-09-26 17:08:31,004 [pool-67-thread-1] INFO  server.RaftServerConfigKeys (ConfUtils.java:logGet(43)) - raft.server.sleep.deviation.threshold = 300 (default)
2019-09-26 17:08:31,005 [pool-67-thread-1] INFO  server.RaftServerConfigKeys (ConfUtils.java:logGet(43)) - raft.server.log.appender.install.snapshot.enabled = false (custom)
2019-09-26 17:08:31,005 [pool-67-thread-1] INFO  impl.RaftServerImpl (ServerState.java:<init>(103)) - cbea0b3b-f476-41f1-83de-5e743f10a31d@group-D526AF08A45F: ConfigurationManager, init=-1: [cbea0b3b-f476-41f1-83de-5e743f10a31d:192.168.157.234:38619], old=null, confs=<EMPTY_MAP>
2019-09-26 17:08:31,005 [pool-67-thread-1] INFO  server.RaftServerConfigKeys (ConfUtils.java:logGet(43)) - raft.server.storage.dir = [/workdir/hadoop-ozone/integration-test/target/test-dir/MiniOzoneClusterImpl-803902cc-acfe-4386-bc2c-ad5c5c049692/datanode-4/data/ratis] (custom)
2019-09-26 17:08:31,006 [pool-67-thread-1] INFO  storage.RaftStorageDirectory (RaftStorageDirectory.java:analyzeStorage(246)) - The storage directory /workdir/hadoop-ozone/integration-test/target/test-dir/MiniOzoneClusterImpl-803902cc-acfe-4386-bc2c-ad5c5c049692/datanode-4/data/ratis/114e35d3-ae3f-4b50-9b06-d526af08a45f does not exist. Creating ...
2019-09-26 17:08:31,013 [pool-67-thread-1] INFO  storage.RaftStorageDirectory (RaftStorageDirectory.java:tryLock(328)) - Lock on /workdir/hadoop-ozone/integration-test/target/test-dir/MiniOzoneClusterImpl-803902cc-acfe-4386-bc2c-ad5c5c049692/datanode-4/data/ratis/114e35d3-ae3f-4b50-9b06-d526af08a45f/in_use.lock acquired by nodename 19355@pr-hdds-2162-htzpk-1451759861
2019-09-26 17:08:31,026 [pool-67-thread-1] INFO  storage.RaftStorage (RaftStorage.java:format(72)) - Storage directory /workdir/hadoop-ozone/integration-test/target/test-dir/MiniOzoneClusterImpl-803902cc-acfe-4386-bc2c-ad5c5c049692/datanode-4/data/ratis/114e35d3-ae3f-4b50-9b06-d526af08a45f has been successfully formatted.
2019-09-26 17:08:31,028 [pool-67-thread-1] INFO  ratis.ContainerStateMachine (ContainerStateMachine.java:loadSnapshot(230)) - group-D526AF08A45F: The snapshot info is null. Setting the last applied indexto:(t:0, i:~)
2019-09-26 17:08:31,030 [pool-67-thread-1] INFO  server.RaftServerConfigKeys (ConfUtils.java:logGet(43)) - raft.server.notification.no-leader.timeout = 120s (custom)
2019-09-26 17:08:31,030 [pool-67-thread-1] INFO  server.RaftServerConfigKeys (ConfUtils.java:logGet(43)) - raft.server.log.use.memory = false (default)
2019-09-26 17:08:31,030 [pool-67-thread-1] INFO  server.RaftServerConfigKeys (ConfUtils.java:logGet(43)) - raft.server.log.purge.gap = 1000000 (custom)
2019-09-26 17:08:31,030 [pool-67-thread-1] INFO  server.RaftServerConfigKeys (ConfUtils.java:logGet(43)) - raft.server.log.appender.buffer.byte-limit = 33554432 (custom)
2019-09-26 17:08:31,030 [pool-67-thread-1] INFO  server.RaftServerConfigKeys (ConfUtils.java:logGet(43)) - raft.server.log.segment.size.max = 1048576 (custom)
2019-09-26 17:08:31,031 [pool-67-thread-1] INFO  server.RaftServerConfigKeys (ConfUtils.java:logGet(43)) - raft.server.log.segment.cache.num.max = 2 (custom)
2019-09-26 17:08:31,031 [pool-67-thread-1] INFO  segmented.SegmentedRaftLogWorker (SegmentedRaftLogWorker.java:<init>(172)) - new cbea0b3b-f476-41f1-83de-5e743f10a31d@group-D526AF08A45F-SegmentedRaftLogWorker for RaftStorage:Storage Directory /workdir/hadoop-ozone/integration-test/target/test-dir/MiniOzoneClusterImpl-803902cc-acfe-4386-bc2c-ad5c5c049692/datanode-4/data/ratis/114e35d3-ae3f-4b50-9b06-d526af08a45f
2019-09-26 17:08:31,039 [pool-67-thread-1] INFO  server.RaftServerConfigKeys (ConfUtils.java:logGet(43)) - raft.server.log.queue.byte-limit = 2147483647 (custom)
2019-09-26 17:08:31,039 [pool-67-thread-1] INFO  server.RaftServerConfigKeys (ConfUtils.java:logGet(43)) - raft.server.log.queue.element-limit = 1024 (custom)
2019-09-26 17:08:31,039 [pool-67-thread-1] INFO  server.RaftServerConfigKeys (ConfUtils.java:logGet(43)) - raft.server.log.segment.size.max = 1048576 (custom)
2019-09-26 17:08:31,039 [pool-67-thread-1] INFO  server.RaftServerConfigKeys (ConfUtils.java:logGet(43)) - raft.server.log.preallocated.size = 16384 (custom)
2019-09-26 17:08:31,040 [pool-67-thread-1] INFO  server.RaftServerConfigKeys (ConfUtils.java:logGet(43)) - raft.server.log.write.buffer.size = 33554432 (custom)
2019-09-26 17:08:31,040 [pool-67-thread-1] INFO  server.RaftServerConfigKeys (ConfUtils.java:logGet(43)) - raft.server.log.force.sync.num = 128 (default)
2019-09-26 17:08:31,040 [pool-67-thread-1] INFO  server.RaftServerConfigKeys (ConfUtils.java:logGet(43)) - raft.server.log.statemachine.data.sync = true (default)
2019-09-26 17:08:31,040 [pool-67-thread-1] INFO  server.RaftServerConfigKeys (ConfUtils.java:logGet(43)) - raft.server.log.statemachine.data.sync.timeout = 10s (default)
2019-09-26 17:08:31,040 [pool-67-thread-1] INFO  server.RaftServerConfigKeys (ConfUtils.java:logGet(43)) - raft.server.log.statemachine.data.sync.timeout.retry = -1 (default)
2019-09-26 17:08:31,041 [pool-67-thread-1] INFO  server.RaftServerConfigKeys (ConfUtils.java:logGet(43)) - raft.server.log.statemachine.data.caching.enabled = true (custom)
2019-09-26 17:08:31,041 [pool-67-thread-1] INFO  segmented.SegmentedRaftLogWorker (SegmentedRaftLogWorker.java:lambda$new$0(132)) - cbea0b3b-f476-41f1-83de-5e743f10a31d@group-D526AF08A45F-SegmentedRaftLogWorker: flushIndex: setUnconditionally 0 -> -1
2019-09-26 17:08:31,042 [pool-67-thread-1] INFO  server.RaftServerConfigKeys (ConfUtils.java:logGet(43)) - raft.server.snapshot.auto.trigger.enabled = true (custom)
2019-09-26 17:08:31,042 [pool-67-thread-1] INFO  server.RaftServerConfigKeys (ConfUtils.java:logGet(43)) - raft.server.snapshot.auto.trigger.threshold = 10000 (custom)
2019-09-26 17:08:31,042 [pool-67-thread-1] INFO  server.RaftServerConfigKeys (ConfUtils.java:logGet(43)) - raft.server.snapshot.retention.num.files = 5 (custom)
2019-09-26 17:08:31,042 [pool-67-thread-1] INFO  server.RaftServerConfigKeys (ConfUtils.java:logGet(43)) - raft.server.retrycache.expirytime = 600000ms (custom)
2019-09-26 17:08:31,051 [pool-67-thread-1] INFO  impl.RaftServerImpl (RaftServerImpl.java:start(185)) - cbea0b3b-f476-41f1-83de-5e743f10a31d@group-D526AF08A45F: start as a follower, conf=-1: [cbea0b3b-f476-41f1-83de-5e743f10a31d:192.168.157.234:38619], old=null
2019-09-26 17:08:31,051 [pool-67-thread-1] INFO  impl.RaftServerImpl (RaftServerImpl.java:setRole(174)) - cbea0b3b-f476-41f1-83de-5e743f10a31d@group-D526AF08A45F: changes role from      null to FOLLOWER at term 0 for startAsFollower
2019-09-26 17:08:31,051 [pool-67-thread-1] INFO  impl.RoleInfo (RoleInfo.java:updateAndGet(143)) - cbea0b3b-f476-41f1-83de-5e743f10a31d: start FollowerState
2019-09-26 17:08:31,053 [pool-67-thread-1] INFO  util.JmxRegister (JmxRegister.java:tryRegister(44)) - Successfully registered JMX Bean with object name Ratis:service=RaftServer,group=group-D526AF08A45F,id=cbea0b3b-f476-41f1-83de-5e743f10a31d
2019-09-26 17:08:31,072 [RatisPipelineUtilsThread] INFO  pipeline.PipelineStateManager (PipelineStateManager.java:addPipeline(56)) - Created pipeline Pipeline[ Id: 114e35d3-ae3f-4b50-9b06-d526af08a45f, Nodes: cbea0b3b-f476-41f1-83de-5e743f10a31d{ip: 192.168.157.234, host: pr-hdds-2162-htzpk-1451759861, networkLocation: /default-rack, certSerialId: null}, Type:RATIS, Factor:ONE, State:OPEN]
2019-09-26 17:08:31,102 [grpc-default-executor-0] INFO  impl.RaftServerProxy (RaftServerProxy.java:addNew(89)) - 976348bf-752d-474b-bf3f-4c140837206e: addNew group-F4FC2A2E10B0:[976348bf-752d-474b-bf3f-4c140837206e:192.168.157.234:41274] returns group-F4FC2A2E10B0:java.util.concurrent.CompletableFuture@60193a57[Not completed]
2019-09-26 17:08:31,130 [pool-37-thread-1] INFO  impl.RaftServerImpl (RaftServerImpl.java:<init>(95)) - 976348bf-752d-474b-bf3f-4c140837206e: new RaftServerImpl for group-F4FC2A2E10B0:[976348bf-752d-474b-bf3f-4c140837206e:192.168.157.234:41274] with ContainerStateMachine:uninitialized
2019-09-26 17:08:31,130 [pool-37-thread-1] INFO  server.RaftServerConfigKeys (ConfUtils.java:logGet(43)) - raft.server.rpc.timeout.min = 5s (custom)
2019-09-26 17:08:31,130 [pool-37-thread-1] INFO  server.RaftServerConfigKeys (ConfUtils.java:logGet(43)) - raft.server.rpc.timeout.max = 5200ms (custom)
2019-09-26 17:08:31,130 [pool-37-thread-1] INFO  server.RaftServerConfigKeys (ConfUtils.java:logGet(43)) - raft.server.rpcslowness.timeout = 120s (custom)
2019-09-26 17:08:31,131 [pool-37-thread-1] INFO  server.RaftServerConfigKeys (ConfUtils.java:logGet(43)) - raft.server.sleep.deviation.threshold = 300 (default)
2019-09-26 17:08:31,131 [pool-37-thread-1] INFO  server.RaftServerConfigKeys (ConfUtils.java:logGet(43)) - raft.server.log.appender.install.snapshot.enabled = false (custom)
2019-09-26 17:08:31,131 [pool-37-thread-1] INFO  impl.RaftServerImpl (ServerState.java:<init>(103)) - 976348bf-752d-474b-bf3f-4c140837206e@group-F4FC2A2E10B0: ConfigurationManager, init=-1: [976348bf-752d-474b-bf3f-4c140837206e:192.168.157.234:41274], old=null, confs=<EMPTY_MAP>
2019-09-26 17:08:31,131 [pool-37-thread-1] INFO  server.RaftServerConfigKeys (ConfUtils.java:logGet(43)) - raft.server.storage.dir = [/workdir/hadoop-ozone/integration-test/target/test-dir/MiniOzoneClusterImpl-803902cc-acfe-4386-bc2c-ad5c5c049692/datanode-1/data/ratis] (custom)
2019-09-26 17:08:31,132 [pool-37-thread-1] INFO  storage.RaftStorageDirectory (RaftStorageDirectory.java:analyzeStorage(246)) - The storage directory /workdir/hadoop-ozone/integration-test/target/test-dir/MiniOzoneClusterImpl-803902cc-acfe-4386-bc2c-ad5c5c049692/datanode-1/data/ratis/072c1c75-985f-44b7-84ab-f4fc2a2e10b0 does not exist. Creating ...
2019-09-26 17:08:31,145 [pool-37-thread-1] INFO  storage.RaftStorageDirectory (RaftStorageDirectory.java:tryLock(328)) - Lock on /workdir/hadoop-ozone/integration-test/target/test-dir/MiniOzoneClusterImpl-803902cc-acfe-4386-bc2c-ad5c5c049692/datanode-1/data/ratis/072c1c75-985f-44b7-84ab-f4fc2a2e10b0/in_use.lock acquired by nodename 19355@pr-hdds-2162-htzpk-1451759861
2019-09-26 17:08:31,159 [pool-37-thread-1] INFO  storage.RaftStorage (RaftStorage.java:format(72)) - Storage directory /workdir/hadoop-ozone/integration-test/target/test-dir/MiniOzoneClusterImpl-803902cc-acfe-4386-bc2c-ad5c5c049692/datanode-1/data/ratis/072c1c75-985f-44b7-84ab-f4fc2a2e10b0 has been successfully formatted.
2019-09-26 17:08:31,159 [pool-37-thread-1] INFO  ratis.ContainerStateMachine (ContainerStateMachine.java:loadSnapshot(230)) - group-F4FC2A2E10B0: The snapshot info is null. Setting the last applied indexto:(t:0, i:~)
2019-09-26 17:08:31,159 [pool-37-thread-1] INFO  server.RaftServerConfigKeys (ConfUtils.java:logGet(43)) - raft.server.notification.no-leader.timeout = 120s (custom)
2019-09-26 17:08:31,160 [pool-37-thread-1] INFO  server.RaftServerConfigKeys (ConfUtils.java:logGet(43)) - raft.server.log.use.memory = false (default)
2019-09-26 17:08:31,160 [pool-37-thread-1] INFO  server.RaftServerConfigKeys (ConfUtils.java:logGet(43)) - raft.server.log.purge.gap = 1000000 (custom)
2019-09-26 17:08:31,160 [pool-37-thread-1] INFO  server.RaftServerConfigKeys (ConfUtils.java:logGet(43)) - raft.server.log.appender.buffer.byte-limit = 33554432 (custom)
2019-09-26 17:08:31,160 [pool-37-thread-1] INFO  server.RaftServerConfigKeys (ConfUtils.java:logGet(43)) - raft.server.log.segment.size.max = 1048576 (custom)
2019-09-26 17:08:31,160 [pool-37-thread-1] INFO  server.RaftServerConfigKeys (ConfUtils.java:logGet(43)) - raft.server.log.segment.cache.num.max = 2 (custom)
2019-09-26 17:08:31,160 [pool-37-thread-1] INFO  segmented.SegmentedRaftLogWorker (SegmentedRaftLogWorker.java:<init>(172)) - new 976348bf-752d-474b-bf3f-4c140837206e@group-F4FC2A2E10B0-SegmentedRaftLogWorker for RaftStorage:Storage Directory /workdir/hadoop-ozone/integration-test/target/test-dir/MiniOzoneClusterImpl-803902cc-acfe-4386-bc2c-ad5c5c049692/datanode-1/data/ratis/072c1c75-985f-44b7-84ab-f4fc2a2e10b0
2019-09-26 17:08:31,192 [pool-37-thread-1] INFO  server.RaftServerConfigKeys (ConfUtils.java:logGet(43)) - raft.server.log.queue.byte-limit = 2147483647 (custom)
2019-09-26 17:08:31,192 [pool-37-thread-1] INFO  server.RaftServerConfigKeys (ConfUtils.java:logGet(43)) - raft.server.log.queue.element-limit = 1024 (custom)
2019-09-26 17:08:31,192 [pool-37-thread-1] INFO  server.RaftServerConfigKeys (ConfUtils.java:logGet(43)) - raft.server.log.segment.size.max = 1048576 (custom)
2019-09-26 17:08:31,192 [pool-37-thread-1] INFO  server.RaftServerConfigKeys (ConfUtils.java:logGet(43)) - raft.server.log.preallocated.size = 16384 (custom)
2019-09-26 17:08:31,192 [pool-37-thread-1] INFO  server.RaftServerConfigKeys (ConfUtils.java:logGet(43)) - raft.server.log.write.buffer.size = 33554432 (custom)
2019-09-26 17:08:31,193 [pool-37-thread-1] INFO  server.RaftServerConfigKeys (ConfUtils.java:logGet(43)) - raft.server.log.force.sync.num = 128 (default)
2019-09-26 17:08:31,193 [pool-37-thread-1] INFO  server.RaftServerConfigKeys (ConfUtils.java:logGet(43)) - raft.server.log.statemachine.data.sync = true (default)
2019-09-26 17:08:31,193 [pool-37-thread-1] INFO  server.RaftServerConfigKeys (ConfUtils.java:logGet(43)) - raft.server.log.statemachine.data.sync.timeout = 10s (default)
2019-09-26 17:08:31,193 [pool-37-thread-1] INFO  server.RaftServerConfigKeys (ConfUtils.java:logGet(43)) - raft.server.log.statemachine.data.sync.timeout.retry = -1 (default)
2019-09-26 17:08:31,193 [pool-37-thread-1] INFO  server.RaftServerConfigKeys (ConfUtils.java:logGet(43)) - raft.server.log.statemachine.data.caching.enabled = true (custom)
2019-09-26 17:08:31,194 [pool-37-thread-1] INFO  segmented.SegmentedRaftLogWorker (SegmentedRaftLogWorker.java:lambda$new$0(132)) - 976348bf-752d-474b-bf3f-4c140837206e@group-F4FC2A2E10B0-SegmentedRaftLogWorker: flushIndex: setUnconditionally 0 -> -1
2019-09-26 17:08:31,194 [pool-37-thread-1] INFO  server.RaftServerConfigKeys (ConfUtils.java:logGet(43)) - raft.server.snapshot.auto.trigger.enabled = true (custom)
2019-09-26 17:08:31,194 [pool-37-thread-1] INFO  server.RaftServerConfigKeys (ConfUtils.java:logGet(43)) - raft.server.snapshot.auto.trigger.threshold = 10000 (custom)
2019-09-26 17:08:31,194 [pool-37-thread-1] INFO  server.RaftServerConfigKeys (ConfUtils.java:logGet(43)) - raft.server.snapshot.retention.num.files = 5 (custom)
2019-09-26 17:08:31,194 [pool-37-thread-1] INFO  server.RaftServerConfigKeys (ConfUtils.java:logGet(43)) - raft.server.retrycache.expirytime = 600000ms (custom)
2019-09-26 17:08:31,198 [pool-37-thread-1] INFO  impl.RaftServerImpl (RaftServerImpl.java:start(185)) - 976348bf-752d-474b-bf3f-4c140837206e@group-F4FC2A2E10B0: start as a follower, conf=-1: [976348bf-752d-474b-bf3f-4c140837206e:192.168.157.234:41274], old=null
2019-09-26 17:08:31,198 [pool-37-thread-1] INFO  impl.RaftServerImpl (RaftServerImpl.java:setRole(174)) - 976348bf-752d-474b-bf3f-4c140837206e@group-F4FC2A2E10B0: changes role from      null to FOLLOWER at term 0 for startAsFollower
2019-09-26 17:08:31,198 [pool-37-thread-1] INFO  impl.RoleInfo (RoleInfo.java:updateAndGet(143)) - 976348bf-752d-474b-bf3f-4c140837206e: start FollowerState
2019-09-26 17:08:31,199 [pool-37-thread-1] INFO  util.JmxRegister (JmxRegister.java:tryRegister(44)) - Successfully registered JMX Bean with object name Ratis:service=RaftServer,group=group-F4FC2A2E10B0,id=976348bf-752d-474b-bf3f-4c140837206e
2019-09-26 17:08:31,209 [RatisPipelineUtilsThread] INFO  pipeline.PipelineStateManager (PipelineStateManager.java:addPipeline(56)) - Created pipeline Pipeline[ Id: 072c1c75-985f-44b7-84ab-f4fc2a2e10b0, Nodes: 976348bf-752d-474b-bf3f-4c140837206e{ip: 192.168.157.234, host: pr-hdds-2162-htzpk-1451759861, networkLocation: /default-rack, certSerialId: null}, Type:RATIS, Factor:ONE, State:OPEN]
2019-09-26 17:08:31,237 [grpc-default-executor-0] INFO  impl.RaftServerProxy (RaftServerProxy.java:addNew(89)) - c4ce83d4-301f-402e-8bea-6e9c1e173b42: addNew group-ECF7D164BC61:[c4ce83d4-301f-402e-8bea-6e9c1e173b42:192.168.157.234:46067] returns group-ECF7D164BC61:java.util.concurrent.CompletableFuture@6dc47988[Not completed]
2019-09-26 17:08:31,240 [pool-87-thread-1] INFO  impl.RaftServerImpl (RaftServerImpl.java:<init>(95)) - c4ce83d4-301f-402e-8bea-6e9c1e173b42: new RaftServerImpl for group-ECF7D164BC61:[c4ce83d4-301f-402e-8bea-6e9c1e173b42:192.168.157.234:46067] with ContainerStateMachine:uninitialized
2019-09-26 17:08:31,241 [pool-87-thread-1] INFO  server.RaftServerConfigKeys (ConfUtils.java:logGet(43)) - raft.server.rpc.timeout.min = 5s (custom)
2019-09-26 17:08:31,241 [pool-87-thread-1] INFO  server.RaftServerConfigKeys (ConfUtils.java:logGet(43)) - raft.server.rpc.timeout.max = 5200ms (custom)
2019-09-26 17:08:31,241 [pool-87-thread-1] INFO  server.RaftServerConfigKeys (ConfUtils.java:logGet(43)) - raft.server.rpcslowness.timeout = 120s (custom)
2019-09-26 17:08:31,241 [pool-87-thread-1] INFO  server.RaftServerConfigKeys (ConfUtils.java:logGet(43)) - raft.server.sleep.deviation.threshold = 300 (default)
2019-09-26 17:08:31,241 [pool-87-thread-1] INFO  server.RaftServerConfigKeys (ConfUtils.java:logGet(43)) - raft.server.log.appender.install.snapshot.enabled = false (custom)
2019-09-26 17:08:31,241 [pool-87-thread-1] INFO  impl.RaftServerImpl (ServerState.java:<init>(103)) - c4ce83d4-301f-402e-8bea-6e9c1e173b42@group-ECF7D164BC61: ConfigurationManager, init=-1: [c4ce83d4-301f-402e-8bea-6e9c1e173b42:192.168.157.234:46067], old=null, confs=<EMPTY_MAP>
2019-09-26 17:08:31,241 [pool-87-thread-1] INFO  server.RaftServerConfigKeys (ConfUtils.java:logGet(43)) - raft.server.storage.dir = [/workdir/hadoop-ozone/integration-test/target/test-dir/MiniOzoneClusterImpl-803902cc-acfe-4386-bc2c-ad5c5c049692/datanode-6/data/ratis] (custom)
2019-09-26 17:08:31,242 [pool-87-thread-1] INFO  storage.RaftStorageDirectory (RaftStorageDirectory.java:analyzeStorage(246)) - The storage directory /workdir/hadoop-ozone/integration-test/target/test-dir/MiniOzoneClusterImpl-803902cc-acfe-4386-bc2c-ad5c5c049692/datanode-6/data/ratis/232ca8dd-36d0-4ca3-8c00-ecf7d164bc61 does not exist. Creating ...
2019-09-26 17:08:31,255 [pool-87-thread-1] INFO  storage.RaftStorageDirectory (RaftStorageDirectory.java:tryLock(328)) - Lock on /workdir/hadoop-ozone/integration-test/target/test-dir/MiniOzoneClusterImpl-803902cc-acfe-4386-bc2c-ad5c5c049692/datanode-6/data/ratis/232ca8dd-36d0-4ca3-8c00-ecf7d164bc61/in_use.lock acquired by nodename 19355@pr-hdds-2162-htzpk-1451759861
2019-09-26 17:08:31,268 [pool-87-thread-1] INFO  storage.RaftStorage (RaftStorage.java:format(72)) - Storage directory /workdir/hadoop-ozone/integration-test/target/test-dir/MiniOzoneClusterImpl-803902cc-acfe-4386-bc2c-ad5c5c049692/datanode-6/data/ratis/232ca8dd-36d0-4ca3-8c00-ecf7d164bc61 has been successfully formatted.
2019-09-26 17:08:31,268 [pool-87-thread-1] INFO  ratis.ContainerStateMachine (ContainerStateMachine.java:loadSnapshot(230)) - group-ECF7D164BC61: The snapshot info is null. Setting the last applied indexto:(t:0, i:~)
2019-09-26 17:08:31,269 [pool-87-thread-1] INFO  server.RaftServerConfigKeys (ConfUtils.java:logGet(43)) - raft.server.notification.no-leader.timeout = 120s (custom)
2019-09-26 17:08:31,269 [pool-87-thread-1] INFO  server.RaftServerConfigKeys (ConfUtils.java:logGet(43)) - raft.server.log.use.memory = false (default)
2019-09-26 17:08:31,269 [pool-87-thread-1] INFO  server.RaftServerConfigKeys (ConfUtils.java:logGet(43)) - raft.server.log.purge.gap = 1000000 (custom)
2019-09-26 17:08:31,269 [pool-87-thread-1] INFO  server.RaftServerConfigKeys (ConfUtils.java:logGet(43)) - raft.server.log.appender.buffer.byte-limit = 33554432 (custom)
2019-09-26 17:08:31,270 [pool-87-thread-1] INFO  server.RaftServerConfigKeys (ConfUtils.java:logGet(43)) - raft.server.log.segment.size.max = 1048576 (custom)
2019-09-26 17:08:31,270 [pool-87-thread-1] INFO  server.RaftServerConfigKeys (ConfUtils.java:logGet(43)) - raft.server.log.segment.cache.num.max = 2 (custom)
2019-09-26 17:08:31,270 [pool-87-thread-1] INFO  segmented.SegmentedRaftLogWorker (SegmentedRaftLogWorker.java:<init>(172)) - new c4ce83d4-301f-402e-8bea-6e9c1e173b42@group-ECF7D164BC61-SegmentedRaftLogWorker for RaftStorage:Storage Directory /workdir/hadoop-ozone/integration-test/target/test-dir/MiniOzoneClusterImpl-803902cc-acfe-4386-bc2c-ad5c5c049692/datanode-6/data/ratis/232ca8dd-36d0-4ca3-8c00-ecf7d164bc61
2019-09-26 17:08:31,273 [pool-87-thread-1] INFO  server.RaftServerConfigKeys (ConfUtils.java:logGet(43)) - raft.server.log.queue.byte-limit = 2147483647 (custom)
2019-09-26 17:08:31,273 [pool-87-thread-1] INFO  server.RaftServerConfigKeys (ConfUtils.java:logGet(43)) - raft.server.log.queue.element-limit = 1024 (custom)
2019-09-26 17:08:31,274 [pool-87-thread-1] INFO  server.RaftServerConfigKeys (ConfUtils.java:logGet(43)) - raft.server.log.segment.size.max = 1048576 (custom)
2019-09-26 17:08:31,274 [pool-87-thread-1] INFO  server.RaftServerConfigKeys (ConfUtils.java:logGet(43)) - raft.server.log.preallocated.size = 16384 (custom)
2019-09-26 17:08:31,274 [pool-87-thread-1] INFO  server.RaftServerConfigKeys (ConfUtils.java:logGet(43)) - raft.server.log.write.buffer.size = 33554432 (custom)
2019-09-26 17:08:31,274 [pool-87-thread-1] INFO  server.RaftServerConfigKeys (ConfUtils.java:logGet(43)) - raft.server.log.force.sync.num = 128 (default)
2019-09-26 17:08:31,274 [pool-87-thread-1] INFO  server.RaftServerConfigKeys (ConfUtils.java:logGet(43)) - raft.server.log.statemachine.data.sync = true (default)
2019-09-26 17:08:31,274 [pool-87-thread-1] INFO  server.RaftServerConfigKeys (ConfUtils.java:logGet(43)) - raft.server.log.statemachine.data.sync.timeout = 10s (default)
2019-09-26 17:08:31,274 [pool-87-thread-1] INFO  server.RaftServerConfigKeys (ConfUtils.java:logGet(43)) - raft.server.log.statemachine.data.sync.timeout.retry = -1 (default)
2019-09-26 17:08:31,275 [pool-87-thread-1] INFO  server.RaftServerConfigKeys (ConfUtils.java:logGet(43)) - raft.server.log.statemachine.data.caching.enabled = true (custom)
2019-09-26 17:08:31,275 [pool-87-thread-1] INFO  segmented.SegmentedRaftLogWorker (SegmentedRaftLogWorker.java:lambda$new$0(132)) - c4ce83d4-301f-402e-8bea-6e9c1e173b42@group-ECF7D164BC61-SegmentedRaftLogWorker: flushIndex: setUnconditionally 0 -> -1
2019-09-26 17:08:31,275 [pool-87-thread-1] INFO  server.RaftServerConfigKeys (ConfUtils.java:logGet(43)) - raft.server.snapshot.auto.trigger.enabled = true (custom)
2019-09-26 17:08:31,275 [pool-87-thread-1] INFO  server.RaftServerConfigKeys (ConfUtils.java:logGet(43)) - raft.server.snapshot.auto.trigger.threshold = 10000 (custom)
2019-09-26 17:08:31,275 [pool-87-thread-1] INFO  server.RaftServerConfigKeys (ConfUtils.java:logGet(43)) - raft.server.snapshot.retention.num.files = 5 (custom)
2019-09-26 17:08:31,276 [pool-87-thread-1] INFO  server.RaftServerConfigKeys (ConfUtils.java:logGet(43)) - raft.server.retrycache.expirytime = 600000ms (custom)
2019-09-26 17:08:31,279 [pool-87-thread-1] INFO  impl.RaftServerImpl (RaftServerImpl.java:start(185)) - c4ce83d4-301f-402e-8bea-6e9c1e173b42@group-ECF7D164BC61: start as a follower, conf=-1: [c4ce83d4-301f-402e-8bea-6e9c1e173b42:192.168.157.234:46067], old=null
2019-09-26 17:08:31,279 [pool-87-thread-1] INFO  impl.RaftServerImpl (RaftServerImpl.java:setRole(174)) - c4ce83d4-301f-402e-8bea-6e9c1e173b42@group-ECF7D164BC61: changes role from      null to FOLLOWER at term 0 for startAsFollower
2019-09-26 17:08:31,280 [pool-87-thread-1] INFO  impl.RoleInfo (RoleInfo.java:updateAndGet(143)) - c4ce83d4-301f-402e-8bea-6e9c1e173b42: start FollowerState
2019-09-26 17:08:31,280 [pool-87-thread-1] INFO  util.JmxRegister (JmxRegister.java:tryRegister(44)) - Successfully registered JMX Bean with object name Ratis:service=RaftServer,group=group-ECF7D164BC61,id=c4ce83d4-301f-402e-8bea-6e9c1e173b42
2019-09-26 17:08:31,295 [RatisPipelineUtilsThread] INFO  pipeline.PipelineStateManager (PipelineStateManager.java:addPipeline(56)) - Created pipeline Pipeline[ Id: 232ca8dd-36d0-4ca3-8c00-ecf7d164bc61, Nodes: c4ce83d4-301f-402e-8bea-6e9c1e173b42{ip: 192.168.157.234, host: pr-hdds-2162-htzpk-1451759861, networkLocation: /default-rack, certSerialId: null}, Type:RATIS, Factor:ONE, State:OPEN]
2019-09-26 17:08:31,319 [grpc-default-executor-0] INFO  impl.RaftServerProxy (RaftServerProxy.java:addNew(89)) - a06278e8-8500-4a0d-b21a-10769a037851: addNew group-3AA1FB0B5CA3:[a06278e8-8500-4a0d-b21a-10769a037851:192.168.157.234:36171] returns group-3AA1FB0B5CA3:java.util.concurrent.CompletableFuture@427a33ba[Not completed]
2019-09-26 17:08:31,323 [pool-47-thread-1] INFO  impl.RaftServerImpl (RaftServerImpl.java:<init>(95)) - a06278e8-8500-4a0d-b21a-10769a037851: new RaftServerImpl for group-3AA1FB0B5CA3:[a06278e8-8500-4a0d-b21a-10769a037851:192.168.157.234:36171] with ContainerStateMachine:uninitialized
2019-09-26 17:08:31,324 [pool-47-thread-1] INFO  server.RaftServerConfigKeys (ConfUtils.java:logGet(43)) - raft.server.rpc.timeout.min = 5s (custom)
2019-09-26 17:08:31,324 [pool-47-thread-1] INFO  server.RaftServerConfigKeys (ConfUtils.java:logGet(43)) - raft.server.rpc.timeout.max = 5200ms (custom)
2019-09-26 17:08:31,324 [pool-47-thread-1] INFO  server.RaftServerConfigKeys (ConfUtils.java:logGet(43)) - raft.server.rpcslowness.timeout = 120s (custom)
2019-09-26 17:08:31,324 [pool-47-thread-1] INFO  server.RaftServerConfigKeys (ConfUtils.java:logGet(43)) - raft.server.sleep.deviation.threshold = 300 (default)
2019-09-26 17:08:31,324 [pool-47-thread-1] INFO  server.RaftServerConfigKeys (ConfUtils.java:logGet(43)) - raft.server.log.appender.install.snapshot.enabled = false (custom)
2019-09-26 17:08:31,324 [pool-47-thread-1] INFO  impl.RaftServerImpl (ServerState.java:<init>(103)) - a06278e8-8500-4a0d-b21a-10769a037851@group-3AA1FB0B5CA3: ConfigurationManager, init=-1: [a06278e8-8500-4a0d-b21a-10769a037851:192.168.157.234:36171], old=null, confs=<EMPTY_MAP>
2019-09-26 17:08:31,324 [pool-47-thread-1] INFO  server.RaftServerConfigKeys (ConfUtils.java:logGet(43)) - raft.server.storage.dir = [/workdir/hadoop-ozone/integration-test/target/test-dir/MiniOzoneClusterImpl-803902cc-acfe-4386-bc2c-ad5c5c049692/datanode-2/data/ratis] (custom)
2019-09-26 17:08:31,325 [pool-47-thread-1] INFO  storage.RaftStorageDirectory (RaftStorageDirectory.java:analyzeStorage(246)) - The storage directory /workdir/hadoop-ozone/integration-test/target/test-dir/MiniOzoneClusterImpl-803902cc-acfe-4386-bc2c-ad5c5c049692/datanode-2/data/ratis/2cd9392b-7d11-4df2-8a9b-3aa1fb0b5ca3 does not exist. Creating ...
2019-09-26 17:08:31,338 [pool-47-thread-1] INFO  storage.RaftStorageDirectory (RaftStorageDirectory.java:tryLock(328)) - Lock on /workdir/hadoop-ozone/integration-test/target/test-dir/MiniOzoneClusterImpl-803902cc-acfe-4386-bc2c-ad5c5c049692/datanode-2/data/ratis/2cd9392b-7d11-4df2-8a9b-3aa1fb0b5ca3/in_use.lock acquired by nodename 19355@pr-hdds-2162-htzpk-1451759861
2019-09-26 17:08:31,352 [pool-47-thread-1] INFO  storage.RaftStorage (RaftStorage.java:format(72)) - Storage directory /workdir/hadoop-ozone/integration-test/target/test-dir/MiniOzoneClusterImpl-803902cc-acfe-4386-bc2c-ad5c5c049692/datanode-2/data/ratis/2cd9392b-7d11-4df2-8a9b-3aa1fb0b5ca3 has been successfully formatted.
2019-09-26 17:08:31,352 [pool-47-thread-1] INFO  ratis.ContainerStateMachine (ContainerStateMachine.java:loadSnapshot(230)) - group-3AA1FB0B5CA3: The snapshot info is null. Setting the last applied indexto:(t:0, i:~)
2019-09-26 17:08:31,352 [pool-47-thread-1] INFO  server.RaftServerConfigKeys (ConfUtils.java:logGet(43)) - raft.server.notification.no-leader.timeout = 120s (custom)
2019-09-26 17:08:31,352 [pool-47-thread-1] INFO  server.RaftServerConfigKeys (ConfUtils.java:logGet(43)) - raft.server.log.use.memory = false (default)
2019-09-26 17:08:31,352 [pool-47-thread-1] INFO  server.RaftServerConfigKeys (ConfUtils.java:logGet(43)) - raft.server.log.purge.gap = 1000000 (custom)
2019-09-26 17:08:31,353 [pool-47-thread-1] INFO  server.RaftServerConfigKeys (ConfUtils.java:logGet(43)) - raft.server.log.appender.buffer.byte-limit = 33554432 (custom)
2019-09-26 17:08:31,353 [pool-47-thread-1] INFO  server.RaftServerConfigKeys (ConfUtils.java:logGet(43)) - raft.server.log.segment.size.max = 1048576 (custom)
2019-09-26 17:08:31,353 [pool-47-thread-1] INFO  server.RaftServerConfigKeys (ConfUtils.java:logGet(43)) - raft.server.log.segment.cache.num.max = 2 (custom)
2019-09-26 17:08:31,353 [pool-47-thread-1] INFO  segmented.SegmentedRaftLogWorker (SegmentedRaftLogWorker.java:<init>(172)) - new a06278e8-8500-4a0d-b21a-10769a037851@group-3AA1FB0B5CA3-SegmentedRaftLogWorker for RaftStorage:Storage Directory /workdir/hadoop-ozone/integration-test/target/test-dir/MiniOzoneClusterImpl-803902cc-acfe-4386-bc2c-ad5c5c049692/datanode-2/data/ratis/2cd9392b-7d11-4df2-8a9b-3aa1fb0b5ca3
2019-09-26 17:08:31,358 [pool-47-thread-1] INFO  server.RaftServerConfigKeys (ConfUtils.java:logGet(43)) - raft.server.log.queue.byte-limit = 2147483647 (custom)
2019-09-26 17:08:31,358 [pool-47-thread-1] INFO  server.RaftServerConfigKeys (ConfUtils.java:logGet(43)) - raft.server.log.queue.element-limit = 1024 (custom)
2019-09-26 17:08:31,358 [pool-47-thread-1] INFO  server.RaftServerConfigKeys (ConfUtils.java:logGet(43)) - raft.server.log.segment.size.max = 1048576 (custom)
2019-09-26 17:08:31,358 [pool-47-thread-1] INFO  server.RaftServerConfigKeys (ConfUtils.java:logGet(43)) - raft.server.log.preallocated.size = 16384 (custom)
2019-09-26 17:08:31,359 [pool-47-thread-1] INFO  server.RaftServerConfigKeys (ConfUtils.java:logGet(43)) - raft.server.log.write.buffer.size = 33554432 (custom)
2019-09-26 17:08:31,359 [pool-47-thread-1] INFO  server.RaftServerConfigKeys (ConfUtils.java:logGet(43)) - raft.server.log.force.sync.num = 128 (default)
2019-09-26 17:08:31,359 [pool-47-thread-1] INFO  server.RaftServerConfigKeys (ConfUtils.java:logGet(43)) - raft.server.log.statemachine.data.sync = true (default)
2019-09-26 17:08:31,359 [pool-47-thread-1] INFO  server.RaftServerConfigKeys (ConfUtils.java:logGet(43)) - raft.server.log.statemachine.data.sync.timeout = 10s (default)
2019-09-26 17:08:31,359 [pool-47-thread-1] INFO  server.RaftServerConfigKeys (ConfUtils.java:logGet(43)) - raft.server.log.statemachine.data.sync.timeout.retry = -1 (default)
2019-09-26 17:08:31,359 [pool-47-thread-1] INFO  server.RaftServerConfigKeys (ConfUtils.java:logGet(43)) - raft.server.log.statemachine.data.caching.enabled = true (custom)
2019-09-26 17:08:31,360 [pool-47-thread-1] INFO  segmented.SegmentedRaftLogWorker (SegmentedRaftLogWorker.java:lambda$new$0(132)) - a06278e8-8500-4a0d-b21a-10769a037851@group-3AA1FB0B5CA3-SegmentedRaftLogWorker: flushIndex: setUnconditionally 0 -> -1
2019-09-26 17:08:31,360 [pool-47-thread-1] INFO  server.RaftServerConfigKeys (ConfUtils.java:logGet(43)) - raft.server.snapshot.auto.trigger.enabled = true (custom)
2019-09-26 17:08:31,360 [pool-47-thread-1] INFO  server.RaftServerConfigKeys (ConfUtils.java:logGet(43)) - raft.server.snapshot.auto.trigger.threshold = 10000 (custom)
2019-09-26 17:08:31,361 [pool-47-thread-1] INFO  server.RaftServerConfigKeys (ConfUtils.java:logGet(43)) - raft.server.snapshot.retention.num.files = 5 (custom)
2019-09-26 17:08:31,361 [pool-47-thread-1] INFO  server.RaftServerConfigKeys (ConfUtils.java:logGet(43)) - raft.server.retrycache.expirytime = 600000ms (custom)
2019-09-26 17:08:31,365 [pool-47-thread-1] INFO  impl.RaftServerImpl (RaftServerImpl.java:start(185)) - a06278e8-8500-4a0d-b21a-10769a037851@group-3AA1FB0B5CA3: start as a follower, conf=-1: [a06278e8-8500-4a0d-b21a-10769a037851:192.168.157.234:36171], old=null
2019-09-26 17:08:31,366 [pool-47-thread-1] INFO  impl.RaftServerImpl (RaftServerImpl.java:setRole(174)) - a06278e8-8500-4a0d-b21a-10769a037851@group-3AA1FB0B5CA3: changes role from      null to FOLLOWER at term 0 for startAsFollower
2019-09-26 17:08:31,366 [pool-47-thread-1] INFO  impl.RoleInfo (RoleInfo.java:updateAndGet(143)) - a06278e8-8500-4a0d-b21a-10769a037851: start FollowerState
2019-09-26 17:08:31,366 [pool-47-thread-1] INFO  util.JmxRegister (JmxRegister.java:tryRegister(44)) - Successfully registered JMX Bean with object name Ratis:service=RaftServer,group=group-3AA1FB0B5CA3,id=a06278e8-8500-4a0d-b21a-10769a037851
2019-09-26 17:08:31,380 [RatisPipelineUtilsThread] INFO  pipeline.PipelineStateManager (PipelineStateManager.java:addPipeline(56)) - Created pipeline Pipeline[ Id: 2cd9392b-7d11-4df2-8a9b-3aa1fb0b5ca3, Nodes: a06278e8-8500-4a0d-b21a-10769a037851{ip: 192.168.157.234, host: pr-hdds-2162-htzpk-1451759861, networkLocation: /default-rack, certSerialId: null}, Type:RATIS, Factor:ONE, State:OPEN]
2019-09-26 17:08:31,405 [grpc-default-executor-0] INFO  impl.RaftServerProxy (RaftServerProxy.java:addNew(89)) - 3fb71bf3-6feb-4b84-8871-a94f5c8b0267: addNew group-C8F0811277F6:[3fb71bf3-6feb-4b84-8871-a94f5c8b0267:192.168.157.234:36251] returns group-C8F0811277F6:java.util.concurrent.CompletableFuture@67159022[Not completed]
2019-09-26 17:08:31,410 [pool-57-thread-1] INFO  impl.RaftServerImpl (RaftServerImpl.java:<init>(95)) - 3fb71bf3-6feb-4b84-8871-a94f5c8b0267: new RaftServerImpl for group-C8F0811277F6:[3fb71bf3-6feb-4b84-8871-a94f5c8b0267:192.168.157.234:36251] with ContainerStateMachine:uninitialized
2019-09-26 17:08:31,411 [pool-57-thread-1] INFO  server.RaftServerConfigKeys (ConfUtils.java:logGet(43)) - raft.server.rpc.timeout.min = 5s (custom)
2019-09-26 17:08:31,411 [pool-57-thread-1] INFO  server.RaftServerConfigKeys (ConfUtils.java:logGet(43)) - raft.server.rpc.timeout.max = 5200ms (custom)
2019-09-26 17:08:31,411 [pool-57-thread-1] INFO  server.RaftServerConfigKeys (ConfUtils.java:logGet(43)) - raft.server.rpcslowness.timeout = 120s (custom)
2019-09-26 17:08:31,411 [pool-57-thread-1] INFO  server.RaftServerConfigKeys (ConfUtils.java:logGet(43)) - raft.server.sleep.deviation.threshold = 300 (default)
2019-09-26 17:08:31,412 [pool-57-thread-1] INFO  server.RaftServerConfigKeys (ConfUtils.java:logGet(43)) - raft.server.log.appender.install.snapshot.enabled = false (custom)
2019-09-26 17:08:31,412 [pool-57-thread-1] INFO  impl.RaftServerImpl (ServerState.java:<init>(103)) - 3fb71bf3-6feb-4b84-8871-a94f5c8b0267@group-C8F0811277F6: ConfigurationManager, init=-1: [3fb71bf3-6feb-4b84-8871-a94f5c8b0267:192.168.157.234:36251], old=null, confs=<EMPTY_MAP>
2019-09-26 17:08:31,412 [pool-57-thread-1] INFO  server.RaftServerConfigKeys (ConfUtils.java:logGet(43)) - raft.server.storage.dir = [/workdir/hadoop-ozone/integration-test/target/test-dir/MiniOzoneClusterImpl-803902cc-acfe-4386-bc2c-ad5c5c049692/datanode-3/data/ratis] (custom)
2019-09-26 17:08:31,413 [pool-57-thread-1] INFO  storage.RaftStorageDirectory (RaftStorageDirectory.java:analyzeStorage(246)) - The storage directory /workdir/hadoop-ozone/integration-test/target/test-dir/MiniOzoneClusterImpl-803902cc-acfe-4386-bc2c-ad5c5c049692/datanode-3/data/ratis/31a0f086-f925-4cde-8b63-c8f0811277f6 does not exist. Creating ...
2019-09-26 17:08:31,425 [pool-57-thread-1] INFO  storage.RaftStorageDirectory (RaftStorageDirectory.java:tryLock(328)) - Lock on /workdir/hadoop-ozone/integration-test/target/test-dir/MiniOzoneClusterImpl-803902cc-acfe-4386-bc2c-ad5c5c049692/datanode-3/data/ratis/31a0f086-f925-4cde-8b63-c8f0811277f6/in_use.lock acquired by nodename 19355@pr-hdds-2162-htzpk-1451759861
2019-09-26 17:08:31,439 [pool-57-thread-1] INFO  storage.RaftStorage (RaftStorage.java:format(72)) - Storage directory /workdir/hadoop-ozone/integration-test/target/test-dir/MiniOzoneClusterImpl-803902cc-acfe-4386-bc2c-ad5c5c049692/datanode-3/data/ratis/31a0f086-f925-4cde-8b63-c8f0811277f6 has been successfully formatted.
2019-09-26 17:08:31,439 [pool-57-thread-1] INFO  ratis.ContainerStateMachine (ContainerStateMachine.java:loadSnapshot(230)) - group-C8F0811277F6: The snapshot info is null. Setting the last applied indexto:(t:0, i:~)
2019-09-26 17:08:31,439 [pool-57-thread-1] INFO  server.RaftServerConfigKeys (ConfUtils.java:logGet(43)) - raft.server.notification.no-leader.timeout = 120s (custom)
2019-09-26 17:08:31,440 [pool-57-thread-1] INFO  server.RaftServerConfigKeys (ConfUtils.java:logGet(43)) - raft.server.log.use.memory = false (default)
2019-09-26 17:08:31,440 [pool-57-thread-1] INFO  server.RaftServerConfigKeys (ConfUtils.java:logGet(43)) - raft.server.log.purge.gap = 1000000 (custom)
2019-09-26 17:08:31,440 [pool-57-thread-1] INFO  server.RaftServerConfigKeys (ConfUtils.java:logGet(43)) - raft.server.log.appender.buffer.byte-limit = 33554432 (custom)
2019-09-26 17:08:31,440 [pool-57-thread-1] INFO  server.RaftServerConfigKeys (ConfUtils.java:logGet(43)) - raft.server.log.segment.size.max = 1048576 (custom)
2019-09-26 17:08:31,440 [pool-57-thread-1] INFO  server.RaftServerConfigKeys (ConfUtils.java:logGet(43)) - raft.server.log.segment.cache.num.max = 2 (custom)
2019-09-26 17:08:31,441 [pool-57-thread-1] INFO  segmented.SegmentedRaftLogWorker (SegmentedRaftLogWorker.java:<init>(172)) - new 3fb71bf3-6feb-4b84-8871-a94f5c8b0267@group-C8F0811277F6-SegmentedRaftLogWorker for RaftStorage:Storage Directory /workdir/hadoop-ozone/integration-test/target/test-dir/MiniOzoneClusterImpl-803902cc-acfe-4386-bc2c-ad5c5c049692/datanode-3/data/ratis/31a0f086-f925-4cde-8b63-c8f0811277f6
2019-09-26 17:08:31,445 [pool-57-thread-1] INFO  server.RaftServerConfigKeys (ConfUtils.java:logGet(43)) - raft.server.log.queue.byte-limit = 2147483647 (custom)
2019-09-26 17:08:31,445 [pool-57-thread-1] INFO  server.RaftServerConfigKeys (ConfUtils.java:logGet(43)) - raft.server.log.queue.element-limit = 1024 (custom)
2019-09-26 17:08:31,445 [pool-57-thread-1] INFO  server.RaftServerConfigKeys (ConfUtils.java:logGet(43)) - raft.server.log.segment.size.max = 1048576 (custom)
2019-09-26 17:08:31,445 [pool-57-thread-1] INFO  server.RaftServerConfigKeys (ConfUtils.java:logGet(43)) - raft.server.log.preallocated.size = 16384 (custom)
2019-09-26 17:08:31,446 [pool-57-thread-1] INFO  server.RaftServerConfigKeys (ConfUtils.java:logGet(43)) - raft.server.log.write.buffer.size = 33554432 (custom)
2019-09-26 17:08:31,446 [pool-57-thread-1] INFO  server.RaftServerConfigKeys (ConfUtils.java:logGet(43)) - raft.server.log.force.sync.num = 128 (default)
2019-09-26 17:08:31,446 [pool-57-thread-1] INFO  server.RaftServerConfigKeys (ConfUtils.java:logGet(43)) - raft.server.log.statemachine.data.sync = true (default)
2019-09-26 17:08:31,446 [pool-57-thread-1] INFO  server.RaftServerConfigKeys (ConfUtils.java:logGet(43)) - raft.server.log.statemachine.data.sync.timeout = 10s (default)
2019-09-26 17:08:31,446 [pool-57-thread-1] INFO  server.RaftServerConfigKeys (ConfUtils.java:logGet(43)) - raft.server.log.statemachine.data.sync.timeout.retry = -1 (default)
2019-09-26 17:08:31,447 [pool-57-thread-1] INFO  server.RaftServerConfigKeys (ConfUtils.java:logGet(43)) - raft.server.log.statemachine.data.caching.enabled = true (custom)
2019-09-26 17:08:31,447 [pool-57-thread-1] INFO  segmented.SegmentedRaftLogWorker (SegmentedRaftLogWorker.java:lambda$new$0(132)) - 3fb71bf3-6feb-4b84-8871-a94f5c8b0267@group-C8F0811277F6-SegmentedRaftLogWorker: flushIndex: setUnconditionally 0 -> -1
2019-09-26 17:08:31,448 [pool-57-thread-1] INFO  server.RaftServerConfigKeys (ConfUtils.java:logGet(43)) - raft.server.snapshot.auto.trigger.enabled = true (custom)
2019-09-26 17:08:31,448 [pool-57-thread-1] INFO  server.RaftServerConfigKeys (ConfUtils.java:logGet(43)) - raft.server.snapshot.auto.trigger.threshold = 10000 (custom)
2019-09-26 17:08:31,448 [pool-57-thread-1] INFO  server.RaftServerConfigKeys (ConfUtils.java:logGet(43)) - raft.server.snapshot.retention.num.files = 5 (custom)
2019-09-26 17:08:31,448 [pool-57-thread-1] INFO  server.RaftServerConfigKeys (ConfUtils.java:logGet(43)) - raft.server.retrycache.expirytime = 600000ms (custom)
2019-09-26 17:08:31,452 [pool-57-thread-1] INFO  impl.RaftServerImpl (RaftServerImpl.java:start(185)) - 3fb71bf3-6feb-4b84-8871-a94f5c8b0267@group-C8F0811277F6: start as a follower, conf=-1: [3fb71bf3-6feb-4b84-8871-a94f5c8b0267:192.168.157.234:36251], old=null
2019-09-26 17:08:31,453 [pool-57-thread-1] INFO  impl.RaftServerImpl (RaftServerImpl.java:setRole(174)) - 3fb71bf3-6feb-4b84-8871-a94f5c8b0267@group-C8F0811277F6: changes role from      null to FOLLOWER at term 0 for startAsFollower
2019-09-26 17:08:31,453 [pool-57-thread-1] INFO  impl.RoleInfo (RoleInfo.java:updateAndGet(143)) - 3fb71bf3-6feb-4b84-8871-a94f5c8b0267: start FollowerState
2019-09-26 17:08:31,453 [pool-57-thread-1] INFO  util.JmxRegister (JmxRegister.java:tryRegister(44)) - Successfully registered JMX Bean with object name Ratis:service=RaftServer,group=group-C8F0811277F6,id=3fb71bf3-6feb-4b84-8871-a94f5c8b0267
2019-09-26 17:08:31,467 [RatisPipelineUtilsThread] INFO  pipeline.PipelineStateManager (PipelineStateManager.java:addPipeline(56)) - Created pipeline Pipeline[ Id: 31a0f086-f925-4cde-8b63-c8f0811277f6, Nodes: 3fb71bf3-6feb-4b84-8871-a94f5c8b0267{ip: 192.168.157.234, host: pr-hdds-2162-htzpk-1451759861, networkLocation: /default-rack, certSerialId: null}, Type:RATIS, Factor:ONE, State:OPEN]
2019-09-26 17:08:31,486 [grpc-default-executor-0] INFO  impl.RaftServerProxy (RaftServerProxy.java:addNew(89)) - 59a99ee5-408e-4965-9769-9416b82e2659: addNew group-57A32536345C:[59a99ee5-408e-4965-9769-9416b82e2659:192.168.157.234:46168] returns group-57A32536345C:java.util.concurrent.CompletableFuture@6321379b[Not completed]
2019-09-26 17:08:31,492 [pool-77-thread-1] INFO  impl.RaftServerImpl (RaftServerImpl.java:<init>(95)) - 59a99ee5-408e-4965-9769-9416b82e2659: new RaftServerImpl for group-57A32536345C:[59a99ee5-408e-4965-9769-9416b82e2659:192.168.157.234:46168] with ContainerStateMachine:uninitialized
2019-09-26 17:08:31,492 [pool-77-thread-1] INFO  server.RaftServerConfigKeys (ConfUtils.java:logGet(43)) - raft.server.rpc.timeout.min = 5s (custom)
2019-09-26 17:08:31,492 [pool-77-thread-1] INFO  server.RaftServerConfigKeys (ConfUtils.java:logGet(43)) - raft.server.rpc.timeout.max = 5200ms (custom)
2019-09-26 17:08:31,492 [pool-77-thread-1] INFO  server.RaftServerConfigKeys (ConfUtils.java:logGet(43)) - raft.server.rpcslowness.timeout = 120s (custom)
2019-09-26 17:08:31,492 [pool-77-thread-1] INFO  server.RaftServerConfigKeys (ConfUtils.java:logGet(43)) - raft.server.sleep.deviation.threshold = 300 (default)
2019-09-26 17:08:31,493 [pool-77-thread-1] INFO  server.RaftServerConfigKeys (ConfUtils.java:logGet(43)) - raft.server.log.appender.install.snapshot.enabled = false (custom)
2019-09-26 17:08:31,493 [pool-77-thread-1] INFO  impl.RaftServerImpl (ServerState.java:<init>(103)) - 59a99ee5-408e-4965-9769-9416b82e2659@group-57A32536345C: ConfigurationManager, init=-1: [59a99ee5-408e-4965-9769-9416b82e2659:192.168.157.234:46168], old=null, confs=<EMPTY_MAP>
2019-09-26 17:08:31,493 [pool-77-thread-1] INFO  server.RaftServerConfigKeys (ConfUtils.java:logGet(43)) - raft.server.storage.dir = [/workdir/hadoop-ozone/integration-test/target/test-dir/MiniOzoneClusterImpl-803902cc-acfe-4386-bc2c-ad5c5c049692/datanode-5/data/ratis] (custom)
2019-09-26 17:08:31,494 [pool-77-thread-1] INFO  storage.RaftStorageDirectory (RaftStorageDirectory.java:analyzeStorage(246)) - The storage directory /workdir/hadoop-ozone/integration-test/target/test-dir/MiniOzoneClusterImpl-803902cc-acfe-4386-bc2c-ad5c5c049692/datanode-5/data/ratis/abf0a63e-4dee-4d14-bb41-57a32536345c does not exist. Creating ...
2019-09-26 17:08:31,506 [main] INFO  ozone.MiniOzoneClusterImpl (MiniOzoneClusterImpl.java:lambda$waitForClusterToBeReady$0(147)) - Cluster is ready. Got 7 of 7 DN Heartbeats.
2019-09-26 17:08:31,507 [pool-77-thread-1] INFO  storage.RaftStorageDirectory (RaftStorageDirectory.java:tryLock(328)) - Lock on /workdir/hadoop-ozone/integration-test/target/test-dir/MiniOzoneClusterImpl-803902cc-acfe-4386-bc2c-ad5c5c049692/datanode-5/data/ratis/abf0a63e-4dee-4d14-bb41-57a32536345c/in_use.lock acquired by nodename 19355@pr-hdds-2162-htzpk-1451759861
2019-09-26 17:08:31,521 [pool-77-thread-1] INFO  storage.RaftStorage (RaftStorage.java:format(72)) - Storage directory /workdir/hadoop-ozone/integration-test/target/test-dir/MiniOzoneClusterImpl-803902cc-acfe-4386-bc2c-ad5c5c049692/datanode-5/data/ratis/abf0a63e-4dee-4d14-bb41-57a32536345c has been successfully formatted.
2019-09-26 17:08:31,521 [pool-77-thread-1] INFO  ratis.ContainerStateMachine (ContainerStateMachine.java:loadSnapshot(230)) - group-57A32536345C: The snapshot info is null. Setting the last applied indexto:(t:0, i:~)
2019-09-26 17:08:31,521 [pool-77-thread-1] INFO  server.RaftServerConfigKeys (ConfUtils.java:logGet(43)) - raft.server.notification.no-leader.timeout = 120s (custom)
2019-09-26 17:08:31,521 [pool-77-thread-1] INFO  server.RaftServerConfigKeys (ConfUtils.java:logGet(43)) - raft.server.log.use.memory = false (default)
2019-09-26 17:08:31,522 [pool-77-thread-1] INFO  server.RaftServerConfigKeys (ConfUtils.java:logGet(43)) - raft.server.log.purge.gap = 1000000 (custom)
2019-09-26 17:08:31,522 [pool-77-thread-1] INFO  server.RaftServerConfigKeys (ConfUtils.java:logGet(43)) - raft.server.log.appender.buffer.byte-limit = 33554432 (custom)
2019-09-26 17:08:31,522 [pool-77-thread-1] INFO  server.RaftServerConfigKeys (ConfUtils.java:logGet(43)) - raft.server.log.segment.size.max = 1048576 (custom)
2019-09-26 17:08:31,522 [pool-77-thread-1] INFO  server.RaftServerConfigKeys (ConfUtils.java:logGet(43)) - raft.server.log.segment.cache.num.max = 2 (custom)
2019-09-26 17:08:31,523 [pool-77-thread-1] INFO  segmented.SegmentedRaftLogWorker (SegmentedRaftLogWorker.java:<init>(172)) - new 59a99ee5-408e-4965-9769-9416b82e2659@group-57A32536345C-SegmentedRaftLogWorker for RaftStorage:Storage Directory /workdir/hadoop-ozone/integration-test/target/test-dir/MiniOzoneClusterImpl-803902cc-acfe-4386-bc2c-ad5c5c049692/datanode-5/data/ratis/abf0a63e-4dee-4d14-bb41-57a32536345c
2019-09-26 17:08:31,528 [pool-77-thread-1] INFO  server.RaftServerConfigKeys (ConfUtils.java:logGet(43)) - raft.server.log.queue.byte-limit = 2147483647 (custom)
2019-09-26 17:08:31,528 [pool-77-thread-1] INFO  server.RaftServerConfigKeys (ConfUtils.java:logGet(43)) - raft.server.log.queue.element-limit = 1024 (custom)
2019-09-26 17:08:31,528 [pool-77-thread-1] INFO  server.RaftServerConfigKeys (ConfUtils.java:logGet(43)) - raft.server.log.segment.size.max = 1048576 (custom)
2019-09-26 17:08:31,528 [pool-77-thread-1] INFO  server.RaftServerConfigKeys (ConfUtils.java:logGet(43)) - raft.server.log.preallocated.size = 16384 (custom)
2019-09-26 17:08:31,529 [pool-77-thread-1] INFO  server.RaftServerConfigKeys (ConfUtils.java:logGet(43)) - raft.server.log.write.buffer.size = 33554432 (custom)
2019-09-26 17:08:31,529 [pool-77-thread-1] INFO  server.RaftServerConfigKeys (ConfUtils.java:logGet(43)) - raft.server.log.force.sync.num = 128 (default)
2019-09-26 17:08:31,529 [pool-77-thread-1] INFO  server.RaftServerConfigKeys (ConfUtils.java:logGet(43)) - raft.server.log.statemachine.data.sync = true (default)
2019-09-26 17:08:31,529 [pool-77-thread-1] INFO  server.RaftServerConfigKeys (ConfUtils.java:logGet(43)) - raft.server.log.statemachine.data.sync.timeout = 10s (default)
2019-09-26 17:08:31,530 [pool-77-thread-1] INFO  server.RaftServerConfigKeys (ConfUtils.java:logGet(43)) - raft.server.log.statemachine.data.sync.timeout.retry = -1 (default)
2019-09-26 17:08:31,530 [pool-77-thread-1] INFO  server.RaftServerConfigKeys (ConfUtils.java:logGet(43)) - raft.server.log.statemachine.data.caching.enabled = true (custom)
2019-09-26 17:08:31,530 [pool-77-thread-1] INFO  segmented.SegmentedRaftLogWorker (SegmentedRaftLogWorker.java:lambda$new$0(132)) - 59a99ee5-408e-4965-9769-9416b82e2659@group-57A32536345C-SegmentedRaftLogWorker: flushIndex: setUnconditionally 0 -> -1
2019-09-26 17:08:31,531 [pool-77-thread-1] INFO  server.RaftServerConfigKeys (ConfUtils.java:logGet(43)) - raft.server.snapshot.auto.trigger.enabled = true (custom)
2019-09-26 17:08:31,531 [pool-77-thread-1] INFO  server.RaftServerConfigKeys (ConfUtils.java:logGet(43)) - raft.server.snapshot.auto.trigger.threshold = 10000 (custom)
2019-09-26 17:08:31,531 [pool-77-thread-1] INFO  server.RaftServerConfigKeys (ConfUtils.java:logGet(43)) - raft.server.snapshot.retention.num.files = 5 (custom)
2019-09-26 17:08:31,532 [pool-77-thread-1] INFO  server.RaftServerConfigKeys (ConfUtils.java:logGet(43)) - raft.server.retrycache.expirytime = 600000ms (custom)
2019-09-26 17:08:31,537 [pool-77-thread-1] INFO  impl.RaftServerImpl (RaftServerImpl.java:start(185)) - 59a99ee5-408e-4965-9769-9416b82e2659@group-57A32536345C: start as a follower, conf=-1: [59a99ee5-408e-4965-9769-9416b82e2659:192.168.157.234:46168], old=null
2019-09-26 17:08:31,537 [pool-77-thread-1] INFO  impl.RaftServerImpl (RaftServerImpl.java:setRole(174)) - 59a99ee5-408e-4965-9769-9416b82e2659@group-57A32536345C: changes role from      null to FOLLOWER at term 0 for startAsFollower
2019-09-26 17:08:31,537 [pool-77-thread-1] INFO  impl.RoleInfo (RoleInfo.java:updateAndGet(143)) - 59a99ee5-408e-4965-9769-9416b82e2659: start FollowerState
2019-09-26 17:08:31,538 [pool-77-thread-1] INFO  util.JmxRegister (JmxRegister.java:tryRegister(44)) - Successfully registered JMX Bean with object name Ratis:service=RaftServer,group=group-57A32536345C,id=59a99ee5-408e-4965-9769-9416b82e2659
2019-09-26 17:08:31,563 [RatisPipelineUtilsThread] INFO  pipeline.PipelineStateManager (PipelineStateManager.java:addPipeline(56)) - Created pipeline Pipeline[ Id: abf0a63e-4dee-4d14-bb41-57a32536345c, Nodes: 59a99ee5-408e-4965-9769-9416b82e2659{ip: 192.168.157.234, host: pr-hdds-2162-htzpk-1451759861, networkLocation: /default-rack, certSerialId: null}, Type:RATIS, Factor:ONE, State:OPEN]
2019-09-26 17:08:31,619 [grpc-default-executor-2] INFO  impl.RaftServerProxy (RaftServerProxy.java:addNew(89)) - 976348bf-752d-474b-bf3f-4c140837206e: addNew group-B20AE24D12A6:[cbea0b3b-f476-41f1-83de-5e743f10a31d:192.168.157.234:38619, 976348bf-752d-474b-bf3f-4c140837206e:192.168.157.234:41274, c4ce83d4-301f-402e-8bea-6e9c1e173b42:192.168.157.234:46067] returns group-B20AE24D12A6:java.util.concurrent.CompletableFuture@6c605dd1[Not completed]
2019-09-26 17:08:31,619 [grpc-default-executor-1] INFO  impl.RaftServerProxy (RaftServerProxy.java:addNew(89)) - cbea0b3b-f476-41f1-83de-5e743f10a31d: addNew group-B20AE24D12A6:[cbea0b3b-f476-41f1-83de-5e743f10a31d:192.168.157.234:38619, 976348bf-752d-474b-bf3f-4c140837206e:192.168.157.234:41274, c4ce83d4-301f-402e-8bea-6e9c1e173b42:192.168.157.234:46067] returns group-B20AE24D12A6:java.util.concurrent.CompletableFuture@25605ab3[Not completed]
2019-09-26 17:08:31,623 [pool-37-thread-1] INFO  impl.RaftServerImpl (RaftServerImpl.java:<init>(95)) - 976348bf-752d-474b-bf3f-4c140837206e: new RaftServerImpl for group-B20AE24D12A6:[cbea0b3b-f476-41f1-83de-5e743f10a31d:192.168.157.234:38619, 976348bf-752d-474b-bf3f-4c140837206e:192.168.157.234:41274, c4ce83d4-301f-402e-8bea-6e9c1e173b42:192.168.157.234:46067] with ContainerStateMachine:uninitialized
2019-09-26 17:08:31,623 [grpc-default-executor-1] INFO  impl.RaftServerProxy (RaftServerProxy.java:addNew(89)) - c4ce83d4-301f-402e-8bea-6e9c1e173b42: addNew group-B20AE24D12A6:[cbea0b3b-f476-41f1-83de-5e743f10a31d:192.168.157.234:38619, 976348bf-752d-474b-bf3f-4c140837206e:192.168.157.234:41274, c4ce83d4-301f-402e-8bea-6e9c1e173b42:192.168.157.234:46067] returns group-B20AE24D12A6:java.util.concurrent.CompletableFuture@215fdac7[Not completed]
2019-09-26 17:08:31,623 [pool-37-thread-1] INFO  server.RaftServerConfigKeys (ConfUtils.java:logGet(43)) - raft.server.rpc.timeout.min = 5s (custom)
2019-09-26 17:08:31,624 [pool-37-thread-1] INFO  server.RaftServerConfigKeys (ConfUtils.java:logGet(43)) - raft.server.rpc.timeout.max = 5200ms (custom)
2019-09-26 17:08:31,624 [pool-37-thread-1] INFO  server.RaftServerConfigKeys (ConfUtils.java:logGet(43)) - raft.server.rpcslowness.timeout = 120s (custom)
2019-09-26 17:08:31,624 [pool-37-thread-1] INFO  server.RaftServerConfigKeys (ConfUtils.java:logGet(43)) - raft.server.sleep.deviation.threshold = 300 (default)
2019-09-26 17:08:31,624 [pool-37-thread-1] INFO  server.RaftServerConfigKeys (ConfUtils.java:logGet(43)) - raft.server.log.appender.install.snapshot.enabled = false (custom)
2019-09-26 17:08:31,624 [pool-67-thread-1] INFO  impl.RaftServerImpl (RaftServerImpl.java:<init>(95)) - cbea0b3b-f476-41f1-83de-5e743f10a31d: new RaftServerImpl for group-B20AE24D12A6:[cbea0b3b-f476-41f1-83de-5e743f10a31d:192.168.157.234:38619, 976348bf-752d-474b-bf3f-4c140837206e:192.168.157.234:41274, c4ce83d4-301f-402e-8bea-6e9c1e173b42:192.168.157.234:46067] with ContainerStateMachine:uninitialized
2019-09-26 17:08:31,624 [pool-37-thread-1] INFO  impl.RaftServerImpl (ServerState.java:<init>(103)) - 976348bf-752d-474b-bf3f-4c140837206e@group-B20AE24D12A6: ConfigurationManager, init=-1: [cbea0b3b-f476-41f1-83de-5e743f10a31d:192.168.157.234:38619, 976348bf-752d-474b-bf3f-4c140837206e:192.168.157.234:41274, c4ce83d4-301f-402e-8bea-6e9c1e173b42:192.168.157.234:46067], old=null, confs=<EMPTY_MAP>
2019-09-26 17:08:31,625 [pool-67-thread-1] INFO  server.RaftServerConfigKeys (ConfUtils.java:logGet(43)) - raft.server.rpc.timeout.min = 5s (custom)
2019-09-26 17:08:31,625 [pool-37-thread-1] INFO  server.RaftServerConfigKeys (ConfUtils.java:logGet(43)) - raft.server.storage.dir = [/workdir/hadoop-ozone/integration-test/target/test-dir/MiniOzoneClusterImpl-803902cc-acfe-4386-bc2c-ad5c5c049692/datanode-1/data/ratis] (custom)
2019-09-26 17:08:31,625 [pool-67-thread-1] INFO  server.RaftServerConfigKeys (ConfUtils.java:logGet(43)) - raft.server.rpc.timeout.max = 5200ms (custom)
2019-09-26 17:08:31,625 [pool-67-thread-1] INFO  server.RaftServerConfigKeys (ConfUtils.java:logGet(43)) - raft.server.rpcslowness.timeout = 120s (custom)
2019-09-26 17:08:31,625 [pool-67-thread-1] INFO  server.RaftServerConfigKeys (ConfUtils.java:logGet(43)) - raft.server.sleep.deviation.threshold = 300 (default)
2019-09-26 17:08:31,625 [pool-37-thread-1] INFO  storage.RaftStorageDirectory (RaftStorageDirectory.java:analyzeStorage(246)) - The storage directory /workdir/hadoop-ozone/integration-test/target/test-dir/MiniOzoneClusterImpl-803902cc-acfe-4386-bc2c-ad5c5c049692/datanode-1/data/ratis/0136b66b-c316-44c1-a85a-b20ae24d12a6 does not exist. Creating ...
2019-09-26 17:08:31,625 [pool-87-thread-1] INFO  impl.RaftServerImpl (RaftServerImpl.java:<init>(95)) - c4ce83d4-301f-402e-8bea-6e9c1e173b42: new RaftServerImpl for group-B20AE24D12A6:[cbea0b3b-f476-41f1-83de-5e743f10a31d:192.168.157.234:38619, 976348bf-752d-474b-bf3f-4c140837206e:192.168.157.234:41274, c4ce83d4-301f-402e-8bea-6e9c1e173b42:192.168.157.234:46067] with ContainerStateMachine:uninitialized
2019-09-26 17:08:31,625 [pool-67-thread-1] INFO  server.RaftServerConfigKeys (ConfUtils.java:logGet(43)) - raft.server.log.appender.install.snapshot.enabled = false (custom)
2019-09-26 17:08:31,626 [pool-87-thread-1] INFO  server.RaftServerConfigKeys (ConfUtils.java:logGet(43)) - raft.server.rpc.timeout.min = 5s (custom)
2019-09-26 17:08:31,626 [pool-67-thread-1] INFO  impl.RaftServerImpl (ServerState.java:<init>(103)) - cbea0b3b-f476-41f1-83de-5e743f10a31d@group-B20AE24D12A6: ConfigurationManager, init=-1: [cbea0b3b-f476-41f1-83de-5e743f10a31d:192.168.157.234:38619, 976348bf-752d-474b-bf3f-4c140837206e:192.168.157.234:41274, c4ce83d4-301f-402e-8bea-6e9c1e173b42:192.168.157.234:46067], old=null, confs=<EMPTY_MAP>
2019-09-26 17:08:31,626 [pool-87-thread-1] INFO  server.RaftServerConfigKeys (ConfUtils.java:logGet(43)) - raft.server.rpc.timeout.max = 5200ms (custom)
2019-09-26 17:08:31,626 [pool-67-thread-1] INFO  server.RaftServerConfigKeys (ConfUtils.java:logGet(43)) - raft.server.storage.dir = [/workdir/hadoop-ozone/integration-test/target/test-dir/MiniOzoneClusterImpl-803902cc-acfe-4386-bc2c-ad5c5c049692/datanode-4/data/ratis] (custom)
2019-09-26 17:08:31,626 [pool-87-thread-1] INFO  server.RaftServerConfigKeys (ConfUtils.java:logGet(43)) - raft.server.rpcslowness.timeout = 120s (custom)
2019-09-26 17:08:31,627 [pool-87-thread-1] INFO  server.RaftServerConfigKeys (ConfUtils.java:logGet(43)) - raft.server.sleep.deviation.threshold = 300 (default)
2019-09-26 17:08:31,627 [pool-87-thread-1] INFO  server.RaftServerConfigKeys (ConfUtils.java:logGet(43)) - raft.server.log.appender.install.snapshot.enabled = false (custom)
2019-09-26 17:08:31,627 [pool-67-thread-1] INFO  storage.RaftStorageDirectory (RaftStorageDirectory.java:analyzeStorage(246)) - The storage directory /workdir/hadoop-ozone/integration-test/target/test-dir/MiniOzoneClusterImpl-803902cc-acfe-4386-bc2c-ad5c5c049692/datanode-4/data/ratis/0136b66b-c316-44c1-a85a-b20ae24d12a6 does not exist. Creating ...
2019-09-26 17:08:31,627 [pool-87-thread-1] INFO  impl.RaftServerImpl (ServerState.java:<init>(103)) - c4ce83d4-301f-402e-8bea-6e9c1e173b42@group-B20AE24D12A6: ConfigurationManager, init=-1: [cbea0b3b-f476-41f1-83de-5e743f10a31d:192.168.157.234:38619, 976348bf-752d-474b-bf3f-4c140837206e:192.168.157.234:41274, c4ce83d4-301f-402e-8bea-6e9c1e173b42:192.168.157.234:46067], old=null, confs=<EMPTY_MAP>
2019-09-26 17:08:31,627 [pool-87-thread-1] INFO  server.RaftServerConfigKeys (ConfUtils.java:logGet(43)) - raft.server.storage.dir = [/workdir/hadoop-ozone/integration-test/target/test-dir/MiniOzoneClusterImpl-803902cc-acfe-4386-bc2c-ad5c5c049692/datanode-6/data/ratis] (custom)
2019-09-26 17:08:31,627 [pool-87-thread-1] INFO  storage.RaftStorageDirectory (RaftStorageDirectory.java:analyzeStorage(246)) - The storage directory /workdir/hadoop-ozone/integration-test/target/test-dir/MiniOzoneClusterImpl-803902cc-acfe-4386-bc2c-ad5c5c049692/datanode-6/data/ratis/0136b66b-c316-44c1-a85a-b20ae24d12a6 does not exist. Creating ...
2019-09-26 17:08:31,640 [pool-37-thread-1] INFO  storage.RaftStorageDirectory (RaftStorageDirectory.java:tryLock(328)) - Lock on /workdir/hadoop-ozone/integration-test/target/test-dir/MiniOzoneClusterImpl-803902cc-acfe-4386-bc2c-ad5c5c049692/datanode-1/data/ratis/0136b66b-c316-44c1-a85a-b20ae24d12a6/in_use.lock acquired by nodename 19355@pr-hdds-2162-htzpk-1451759861
2019-09-26 17:08:31,640 [pool-87-thread-1] INFO  storage.RaftStorageDirectory (RaftStorageDirectory.java:tryLock(328)) - Lock on /workdir/hadoop-ozone/integration-test/target/test-dir/MiniOzoneClusterImpl-803902cc-acfe-4386-bc2c-ad5c5c049692/datanode-6/data/ratis/0136b66b-c316-44c1-a85a-b20ae24d12a6/in_use.lock acquired by nodename 19355@pr-hdds-2162-htzpk-1451759861
2019-09-26 17:08:31,640 [pool-67-thread-1] INFO  storage.RaftStorageDirectory (RaftStorageDirectory.java:tryLock(328)) - Lock on /workdir/hadoop-ozone/integration-test/target/test-dir/MiniOzoneClusterImpl-803902cc-acfe-4386-bc2c-ad5c5c049692/datanode-4/data/ratis/0136b66b-c316-44c1-a85a-b20ae24d12a6/in_use.lock acquired by nodename 19355@pr-hdds-2162-htzpk-1451759861
2019-09-26 17:08:31,653 [pool-87-thread-1] INFO  storage.RaftStorage (RaftStorage.java:format(72)) - Storage directory /workdir/hadoop-ozone/integration-test/target/test-dir/MiniOzoneClusterImpl-803902cc-acfe-4386-bc2c-ad5c5c049692/datanode-6/data/ratis/0136b66b-c316-44c1-a85a-b20ae24d12a6 has been successfully formatted.
2019-09-26 17:08:31,654 [pool-67-thread-1] INFO  storage.RaftStorage (RaftStorage.java:format(72)) - Storage directory /workdir/hadoop-ozone/integration-test/target/test-dir/MiniOzoneClusterImpl-803902cc-acfe-4386-bc2c-ad5c5c049692/datanode-4/data/ratis/0136b66b-c316-44c1-a85a-b20ae24d12a6 has been successfully formatted.
2019-09-26 17:08:31,653 [pool-37-thread-1] INFO  storage.RaftStorage (RaftStorage.java:format(72)) - Storage directory /workdir/hadoop-ozone/integration-test/target/test-dir/MiniOzoneClusterImpl-803902cc-acfe-4386-bc2c-ad5c5c049692/datanode-1/data/ratis/0136b66b-c316-44c1-a85a-b20ae24d12a6 has been successfully formatted.
2019-09-26 17:08:31,654 [pool-87-thread-1] INFO  ratis.ContainerStateMachine (ContainerStateMachine.java:loadSnapshot(230)) - group-B20AE24D12A6: The snapshot info is null. Setting the last applied indexto:(t:0, i:~)
2019-09-26 17:08:31,654 [pool-67-thread-1] INFO  ratis.ContainerStateMachine (ContainerStateMachine.java:loadSnapshot(230)) - group-B20AE24D12A6: The snapshot info is null. Setting the last applied indexto:(t:0, i:~)
2019-09-26 17:08:31,654 [pool-37-thread-1] INFO  ratis.ContainerStateMachine (ContainerStateMachine.java:loadSnapshot(230)) - group-B20AE24D12A6: The snapshot info is null. Setting the last applied indexto:(t:0, i:~)
2019-09-26 17:08:31,654 [pool-87-thread-1] INFO  server.RaftServerConfigKeys (ConfUtils.java:logGet(43)) - raft.server.notification.no-leader.timeout = 120s (custom)
2019-09-26 17:08:31,655 [pool-37-thread-1] INFO  server.RaftServerConfigKeys (ConfUtils.java:logGet(43)) - raft.server.notification.no-leader.timeout = 120s (custom)
2019-09-26 17:08:31,654 [pool-67-thread-1] INFO  server.RaftServerConfigKeys (ConfUtils.java:logGet(43)) - raft.server.notification.no-leader.timeout = 120s (custom)
2019-09-26 17:08:31,655 [pool-37-thread-1] INFO  server.RaftServerConfigKeys (ConfUtils.java:logGet(43)) - raft.server.log.use.memory = false (default)
2019-09-26 17:08:31,655 [pool-87-thread-1] INFO  server.RaftServerConfigKeys (ConfUtils.java:logGet(43)) - raft.server.log.use.memory = false (default)
2019-09-26 17:08:31,655 [pool-37-thread-1] INFO  server.RaftServerConfigKeys (ConfUtils.java:logGet(43)) - raft.server.log.purge.gap = 1000000 (custom)
2019-09-26 17:08:31,655 [pool-67-thread-1] INFO  server.RaftServerConfigKeys (ConfUtils.java:logGet(43)) - raft.server.log.use.memory = false (default)
2019-09-26 17:08:31,656 [pool-37-thread-1] INFO  server.RaftServerConfigKeys (ConfUtils.java:logGet(43)) - raft.server.log.appender.buffer.byte-limit = 33554432 (custom)
2019-09-26 17:08:31,655 [pool-87-thread-1] INFO  server.RaftServerConfigKeys (ConfUtils.java:logGet(43)) - raft.server.log.purge.gap = 1000000 (custom)
2019-09-26 17:08:31,656 [pool-37-thread-1] INFO  server.RaftServerConfigKeys (ConfUtils.java:logGet(43)) - raft.server.log.segment.size.max = 1048576 (custom)
2019-09-26 17:08:31,656 [pool-67-thread-1] INFO  server.RaftServerConfigKeys (ConfUtils.java:logGet(43)) - raft.server.log.purge.gap = 1000000 (custom)
2019-09-26 17:08:31,656 [pool-37-thread-1] INFO  server.RaftServerConfigKeys (ConfUtils.java:logGet(43)) - raft.server.log.segment.cache.num.max = 2 (custom)
2019-09-26 17:08:31,656 [pool-87-thread-1] INFO  server.RaftServerConfigKeys (ConfUtils.java:logGet(43)) - raft.server.log.appender.buffer.byte-limit = 33554432 (custom)
2019-09-26 17:08:31,657 [pool-37-thread-1] INFO  segmented.SegmentedRaftLogWorker (SegmentedRaftLogWorker.java:<init>(172)) - new 976348bf-752d-474b-bf3f-4c140837206e@group-B20AE24D12A6-SegmentedRaftLogWorker for RaftStorage:Storage Directory /workdir/hadoop-ozone/integration-test/target/test-dir/MiniOzoneClusterImpl-803902cc-acfe-4386-bc2c-ad5c5c049692/datanode-1/data/ratis/0136b66b-c316-44c1-a85a-b20ae24d12a6
2019-09-26 17:08:31,656 [pool-67-thread-1] INFO  server.RaftServerConfigKeys (ConfUtils.java:logGet(43)) - raft.server.log.appender.buffer.byte-limit = 33554432 (custom)
2019-09-26 17:08:31,657 [pool-37-thread-1] INFO  server.RaftServerConfigKeys (ConfUtils.java:logGet(43)) - raft.server.log.queue.byte-limit = 2147483647 (custom)
2019-09-26 17:08:31,657 [pool-87-thread-1] INFO  server.RaftServerConfigKeys (ConfUtils.java:logGet(43)) - raft.server.log.segment.size.max = 1048576 (custom)
2019-09-26 17:08:31,657 [pool-37-thread-1] INFO  server.RaftServerConfigKeys (ConfUtils.java:logGet(43)) - raft.server.log.queue.element-limit = 1024 (custom)
2019-09-26 17:08:31,657 [pool-67-thread-1] INFO  server.RaftServerConfigKeys (ConfUtils.java:logGet(43)) - raft.server.log.segment.size.max = 1048576 (custom)
2019-09-26 17:08:31,657 [pool-37-thread-1] INFO  server.RaftServerConfigKeys (ConfUtils.java:logGet(43)) - raft.server.log.segment.size.max = 1048576 (custom)
2019-09-26 17:08:31,657 [pool-87-thread-1] INFO  server.RaftServerConfigKeys (ConfUtils.java:logGet(43)) - raft.server.log.segment.cache.num.max = 2 (custom)
2019-09-26 17:08:31,658 [pool-37-thread-1] INFO  server.RaftServerConfigKeys (ConfUtils.java:logGet(43)) - raft.server.log.preallocated.size = 16384 (custom)
2019-09-26 17:08:31,658 [pool-67-thread-1] INFO  server.RaftServerConfigKeys (ConfUtils.java:logGet(43)) - raft.server.log.segment.cache.num.max = 2 (custom)
2019-09-26 17:08:31,658 [pool-37-thread-1] INFO  server.RaftServerConfigKeys (ConfUtils.java:logGet(43)) - raft.server.log.write.buffer.size = 33554432 (custom)
2019-09-26 17:08:31,658 [pool-87-thread-1] INFO  segmented.SegmentedRaftLogWorker (SegmentedRaftLogWorker.java:<init>(172)) - new c4ce83d4-301f-402e-8bea-6e9c1e173b42@group-B20AE24D12A6-SegmentedRaftLogWorker for RaftStorage:Storage Directory /workdir/hadoop-ozone/integration-test/target/test-dir/MiniOzoneClusterImpl-803902cc-acfe-4386-bc2c-ad5c5c049692/datanode-6/data/ratis/0136b66b-c316-44c1-a85a-b20ae24d12a6
2019-09-26 17:08:31,658 [pool-37-thread-1] INFO  server.RaftServerConfigKeys (ConfUtils.java:logGet(43)) - raft.server.log.force.sync.num = 128 (default)
2019-09-26 17:08:31,658 [pool-67-thread-1] INFO  segmented.SegmentedRaftLogWorker (SegmentedRaftLogWorker.java:<init>(172)) - new cbea0b3b-f476-41f1-83de-5e743f10a31d@group-B20AE24D12A6-SegmentedRaftLogWorker for RaftStorage:Storage Directory /workdir/hadoop-ozone/integration-test/target/test-dir/MiniOzoneClusterImpl-803902cc-acfe-4386-bc2c-ad5c5c049692/datanode-4/data/ratis/0136b66b-c316-44c1-a85a-b20ae24d12a6
2019-09-26 17:08:31,659 [pool-37-thread-1] INFO  server.RaftServerConfigKeys (ConfUtils.java:logGet(43)) - raft.server.log.statemachine.data.sync = true (default)
2019-09-26 17:08:31,658 [pool-87-thread-1] INFO  server.RaftServerConfigKeys (ConfUtils.java:logGet(43)) - raft.server.log.queue.byte-limit = 2147483647 (custom)
2019-09-26 17:08:31,659 [pool-37-thread-1] INFO  server.RaftServerConfigKeys (ConfUtils.java:logGet(43)) - raft.server.log.statemachine.data.sync.timeout = 10s (default)
2019-09-26 17:08:31,659 [pool-67-thread-1] INFO  server.RaftServerConfigKeys (ConfUtils.java:logGet(43)) - raft.server.log.queue.byte-limit = 2147483647 (custom)
2019-09-26 17:08:31,659 [pool-37-thread-1] INFO  server.RaftServerConfigKeys (ConfUtils.java:logGet(43)) - raft.server.log.statemachine.data.sync.timeout.retry = -1 (default)
2019-09-26 17:08:31,659 [pool-87-thread-1] INFO  server.RaftServerConfigKeys (ConfUtils.java:logGet(43)) - raft.server.log.queue.element-limit = 1024 (custom)
2019-09-26 17:08:31,660 [pool-37-thread-1] INFO  server.RaftServerConfigKeys (ConfUtils.java:logGet(43)) - raft.server.log.statemachine.data.caching.enabled = true (custom)
2019-09-26 17:08:31,659 [pool-67-thread-1] INFO  server.RaftServerConfigKeys (ConfUtils.java:logGet(43)) - raft.server.log.queue.element-limit = 1024 (custom)
2019-09-26 17:08:31,660 [pool-87-thread-1] INFO  server.RaftServerConfigKeys (ConfUtils.java:logGet(43)) - raft.server.log.segment.size.max = 1048576 (custom)
2019-09-26 17:08:31,660 [pool-37-thread-1] INFO  segmented.SegmentedRaftLogWorker (SegmentedRaftLogWorker.java:lambda$new$0(132)) - 976348bf-752d-474b-bf3f-4c140837206e@group-B20AE24D12A6-SegmentedRaftLogWorker: flushIndex: setUnconditionally 0 -> -1
2019-09-26 17:08:31,660 [pool-67-thread-1] INFO  server.RaftServerConfigKeys (ConfUtils.java:logGet(43)) - raft.server.log.segment.size.max = 1048576 (custom)
2019-09-26 17:08:31,660 [pool-87-thread-1] INFO  server.RaftServerConfigKeys (ConfUtils.java:logGet(43)) - raft.server.log.preallocated.size = 16384 (custom)
2019-09-26 17:08:31,661 [pool-37-thread-1] INFO  server.RaftServerConfigKeys (ConfUtils.java:logGet(43)) - raft.server.snapshot.auto.trigger.enabled = true (custom)
2019-09-26 17:08:31,661 [pool-67-thread-1] INFO  server.RaftServerConfigKeys (ConfUtils.java:logGet(43)) - raft.server.log.preallocated.size = 16384 (custom)
2019-09-26 17:08:31,661 [pool-37-thread-1] INFO  server.RaftServerConfigKeys (ConfUtils.java:logGet(43)) - raft.server.snapshot.auto.trigger.threshold = 10000 (custom)
2019-09-26 17:08:31,661 [pool-87-thread-1] INFO  server.RaftServerConfigKeys (ConfUtils.java:logGet(43)) - raft.server.log.write.buffer.size = 33554432 (custom)
2019-09-26 17:08:31,661 [pool-37-thread-1] INFO  server.RaftServerConfigKeys (ConfUtils.java:logGet(43)) - raft.server.snapshot.retention.num.files = 5 (custom)
2019-09-26 17:08:31,661 [pool-67-thread-1] INFO  server.RaftServerConfigKeys (ConfUtils.java:logGet(43)) - raft.server.log.write.buffer.size = 33554432 (custom)
2019-09-26 17:08:31,662 [pool-37-thread-1] INFO  server.RaftServerConfigKeys (ConfUtils.java:logGet(43)) - raft.server.retrycache.expirytime = 600000ms (custom)
2019-09-26 17:08:31,661 [pool-87-thread-1] INFO  server.RaftServerConfigKeys (ConfUtils.java:logGet(43)) - raft.server.log.force.sync.num = 128 (default)
2019-09-26 17:08:31,662 [pool-67-thread-1] INFO  server.RaftServerConfigKeys (ConfUtils.java:logGet(43)) - raft.server.log.force.sync.num = 128 (default)
2019-09-26 17:08:31,662 [pool-87-thread-1] INFO  server.RaftServerConfigKeys (ConfUtils.java:logGet(43)) - raft.server.log.statemachine.data.sync = true (default)
2019-09-26 17:08:31,662 [pool-67-thread-1] INFO  server.RaftServerConfigKeys (ConfUtils.java:logGet(43)) - raft.server.log.statemachine.data.sync = true (default)
2019-09-26 17:08:31,662 [pool-87-thread-1] INFO  server.RaftServerConfigKeys (ConfUtils.java:logGet(43)) - raft.server.log.statemachine.data.sync.timeout = 10s (default)
2019-09-26 17:08:31,662 [pool-67-thread-1] INFO  server.RaftServerConfigKeys (ConfUtils.java:logGet(43)) - raft.server.log.statemachine.data.sync.timeout = 10s (default)
2019-09-26 17:08:31,663 [pool-87-thread-1] INFO  server.RaftServerConfigKeys (ConfUtils.java:logGet(43)) - raft.server.log.statemachine.data.sync.timeout.retry = -1 (default)
2019-09-26 17:08:31,663 [pool-67-thread-1] INFO  server.RaftServerConfigKeys (ConfUtils.java:logGet(43)) - raft.server.log.statemachine.data.sync.timeout.retry = -1 (default)
2019-09-26 17:08:31,663 [pool-87-thread-1] INFO  server.RaftServerConfigKeys (ConfUtils.java:logGet(43)) - raft.server.log.statemachine.data.caching.enabled = true (custom)
2019-09-26 17:08:31,663 [pool-67-thread-1] INFO  server.RaftServerConfigKeys (ConfUtils.java:logGet(43)) - raft.server.log.statemachine.data.caching.enabled = true (custom)
2019-09-26 17:08:31,663 [pool-87-thread-1] INFO  segmented.SegmentedRaftLogWorker (SegmentedRaftLogWorker.java:lambda$new$0(132)) - c4ce83d4-301f-402e-8bea-6e9c1e173b42@group-B20AE24D12A6-SegmentedRaftLogWorker: flushIndex: setUnconditionally 0 -> -1
2019-09-26 17:08:31,664 [pool-67-thread-1] INFO  segmented.SegmentedRaftLogWorker (SegmentedRaftLogWorker.java:lambda$new$0(132)) - cbea0b3b-f476-41f1-83de-5e743f10a31d@group-B20AE24D12A6-SegmentedRaftLogWorker: flushIndex: setUnconditionally 0 -> -1
2019-09-26 17:08:31,664 [pool-87-thread-1] INFO  server.RaftServerConfigKeys (ConfUtils.java:logGet(43)) - raft.server.snapshot.auto.trigger.enabled = true (custom)
2019-09-26 17:08:31,664 [pool-87-thread-1] INFO  server.RaftServerConfigKeys (ConfUtils.java:logGet(43)) - raft.server.snapshot.auto.trigger.threshold = 10000 (custom)
2019-09-26 17:08:31,664 [pool-67-thread-1] INFO  server.RaftServerConfigKeys (ConfUtils.java:logGet(43)) - raft.server.snapshot.auto.trigger.enabled = true (custom)
2019-09-26 17:08:31,664 [pool-87-thread-1] INFO  server.RaftServerConfigKeys (ConfUtils.java:logGet(43)) - raft.server.snapshot.retention.num.files = 5 (custom)
2019-09-26 17:08:31,664 [pool-67-thread-1] INFO  server.RaftServerConfigKeys (ConfUtils.java:logGet(43)) - raft.server.snapshot.auto.trigger.threshold = 10000 (custom)
2019-09-26 17:08:31,664 [pool-87-thread-1] INFO  server.RaftServerConfigKeys (ConfUtils.java:logGet(43)) - raft.server.retrycache.expirytime = 600000ms (custom)
2019-09-26 17:08:31,664 [pool-67-thread-1] INFO  server.RaftServerConfigKeys (ConfUtils.java:logGet(43)) - raft.server.snapshot.retention.num.files = 5 (custom)
2019-09-26 17:08:31,665 [pool-67-thread-1] INFO  server.RaftServerConfigKeys (ConfUtils.java:logGet(43)) - raft.server.retrycache.expirytime = 600000ms (custom)
2019-09-26 17:08:31,665 [pool-37-thread-1] INFO  impl.RaftServerImpl (RaftServerImpl.java:start(185)) - 976348bf-752d-474b-bf3f-4c140837206e@group-B20AE24D12A6: start as a follower, conf=-1: [cbea0b3b-f476-41f1-83de-5e743f10a31d:192.168.157.234:38619, 976348bf-752d-474b-bf3f-4c140837206e:192.168.157.234:41274, c4ce83d4-301f-402e-8bea-6e9c1e173b42:192.168.157.234:46067], old=null
2019-09-26 17:08:31,665 [pool-37-thread-1] INFO  impl.RaftServerImpl (RaftServerImpl.java:setRole(174)) - 976348bf-752d-474b-bf3f-4c140837206e@group-B20AE24D12A6: changes role from      null to FOLLOWER at term 0 for startAsFollower
2019-09-26 17:08:31,666 [pool-37-thread-1] INFO  impl.RoleInfo (RoleInfo.java:updateAndGet(143)) - 976348bf-752d-474b-bf3f-4c140837206e: start FollowerState
2019-09-26 17:08:31,666 [pool-37-thread-1] INFO  util.JmxRegister (JmxRegister.java:tryRegister(44)) - Successfully registered JMX Bean with object name Ratis:service=RaftServer,group=group-B20AE24D12A6,id=976348bf-752d-474b-bf3f-4c140837206e
2019-09-26 17:08:31,667 [pool-87-thread-1] INFO  impl.RaftServerImpl (RaftServerImpl.java:start(185)) - c4ce83d4-301f-402e-8bea-6e9c1e173b42@group-B20AE24D12A6: start as a follower, conf=-1: [cbea0b3b-f476-41f1-83de-5e743f10a31d:192.168.157.234:38619, 976348bf-752d-474b-bf3f-4c140837206e:192.168.157.234:41274, c4ce83d4-301f-402e-8bea-6e9c1e173b42:192.168.157.234:46067], old=null
2019-09-26 17:08:31,668 [pool-87-thread-1] INFO  impl.RaftServerImpl (RaftServerImpl.java:setRole(174)) - c4ce83d4-301f-402e-8bea-6e9c1e173b42@group-B20AE24D12A6: changes role from      null to FOLLOWER at term 0 for startAsFollower
2019-09-26 17:08:31,668 [pool-87-thread-1] INFO  impl.RoleInfo (RoleInfo.java:updateAndGet(143)) - c4ce83d4-301f-402e-8bea-6e9c1e173b42: start FollowerState
2019-09-26 17:08:31,668 [pool-87-thread-1] INFO  util.JmxRegister (JmxRegister.java:tryRegister(44)) - Successfully registered JMX Bean with object name Ratis:service=RaftServer,group=group-B20AE24D12A6,id=c4ce83d4-301f-402e-8bea-6e9c1e173b42
2019-09-26 17:08:31,668 [pool-67-thread-1] INFO  impl.RaftServerImpl (RaftServerImpl.java:start(185)) - cbea0b3b-f476-41f1-83de-5e743f10a31d@group-B20AE24D12A6: start as a follower, conf=-1: [cbea0b3b-f476-41f1-83de-5e743f10a31d:192.168.157.234:38619, 976348bf-752d-474b-bf3f-4c140837206e:192.168.157.234:41274, c4ce83d4-301f-402e-8bea-6e9c1e173b42:192.168.157.234:46067], old=null
2019-09-26 17:08:31,668 [pool-67-thread-1] INFO  impl.RaftServerImpl (RaftServerImpl.java:setRole(174)) - cbea0b3b-f476-41f1-83de-5e743f10a31d@group-B20AE24D12A6: changes role from      null to FOLLOWER at term 0 for startAsFollower
2019-09-26 17:08:31,669 [pool-67-thread-1] INFO  impl.RoleInfo (RoleInfo.java:updateAndGet(143)) - cbea0b3b-f476-41f1-83de-5e743f10a31d: start FollowerState
2019-09-26 17:08:31,669 [pool-67-thread-1] INFO  util.JmxRegister (JmxRegister.java:tryRegister(44)) - Successfully registered JMX Bean with object name Ratis:service=RaftServer,group=group-B20AE24D12A6,id=cbea0b3b-f476-41f1-83de-5e743f10a31d
2019-09-26 17:08:31,697 [RatisPipelineUtilsThread] INFO  pipeline.PipelineStateManager (PipelineStateManager.java:addPipeline(56)) - Created pipeline Pipeline[ Id: 0136b66b-c316-44c1-a85a-b20ae24d12a6, Nodes: cbea0b3b-f476-41f1-83de-5e743f10a31d{ip: 192.168.157.234, host: pr-hdds-2162-htzpk-1451759861, networkLocation: /default-rack, certSerialId: null}976348bf-752d-474b-bf3f-4c140837206e{ip: 192.168.157.234, host: pr-hdds-2162-htzpk-1451759861, networkLocation: /default-rack, certSerialId: null}c4ce83d4-301f-402e-8bea-6e9c1e173b42{ip: 192.168.157.234, host: pr-hdds-2162-htzpk-1451759861, networkLocation: /default-rack, certSerialId: null}, Type:RATIS, Factor:THREE, State:OPEN]
2019-09-26 17:08:31,732 [grpc-default-executor-0] INFO  impl.RaftServerProxy (RaftServerProxy.java:addNew(89)) - f5099b68-b325-4483-8045-ecdc9d46cec7: addNew group-E967BAEB7D49:[a06278e8-8500-4a0d-b21a-10769a037851:192.168.157.234:36171, 3fb71bf3-6feb-4b84-8871-a94f5c8b0267:192.168.157.234:36251, f5099b68-b325-4483-8045-ecdc9d46cec7:192.168.157.234:41474] returns group-E967BAEB7D49:java.util.concurrent.CompletableFuture@56d53ffe[Not completed]
2019-09-26 17:08:31,732 [grpc-default-executor-1] INFO  impl.RaftServerProxy (RaftServerProxy.java:addNew(89)) - 3fb71bf3-6feb-4b84-8871-a94f5c8b0267: addNew group-E967BAEB7D49:[a06278e8-8500-4a0d-b21a-10769a037851:192.168.157.234:36171, 3fb71bf3-6feb-4b84-8871-a94f5c8b0267:192.168.157.234:36251, f5099b68-b325-4483-8045-ecdc9d46cec7:192.168.157.234:41474] returns group-E967BAEB7D49:java.util.concurrent.CompletableFuture@72e17fbd[Not completed]
2019-09-26 17:08:31,737 [grpc-default-executor-1] INFO  impl.RaftServerProxy (RaftServerProxy.java:addNew(89)) - a06278e8-8500-4a0d-b21a-10769a037851: addNew group-E967BAEB7D49:[a06278e8-8500-4a0d-b21a-10769a037851:192.168.157.234:36171, 3fb71bf3-6feb-4b84-8871-a94f5c8b0267:192.168.157.234:36251, f5099b68-b325-4483-8045-ecdc9d46cec7:192.168.157.234:41474] returns group-E967BAEB7D49:java.util.concurrent.CompletableFuture@55731690[Not completed]
2019-09-26 17:08:31,737 [pool-27-thread-1] INFO  impl.RaftServerImpl (RaftServerImpl.java:<init>(95)) - f5099b68-b325-4483-8045-ecdc9d46cec7: new RaftServerImpl for group-E967BAEB7D49:[a06278e8-8500-4a0d-b21a-10769a037851:192.168.157.234:36171, 3fb71bf3-6feb-4b84-8871-a94f5c8b0267:192.168.157.234:36251, f5099b68-b325-4483-8045-ecdc9d46cec7:192.168.157.234:41474] with ContainerStateMachine:uninitialized
2019-09-26 17:08:31,738 [pool-27-thread-1] INFO  server.RaftServerConfigKeys (ConfUtils.java:logGet(43)) - raft.server.rpc.timeout.min = 5s (custom)
2019-09-26 17:08:31,738 [pool-27-thread-1] INFO  server.RaftServerConfigKeys (ConfUtils.java:logGet(43)) - raft.server.rpc.timeout.max = 5200ms (custom)
2019-09-26 17:08:31,738 [pool-27-thread-1] INFO  server.RaftServerConfigKeys (ConfUtils.java:logGet(43)) - raft.server.rpcslowness.timeout = 120s (custom)
2019-09-26 17:08:31,738 [pool-27-thread-1] INFO  server.RaftServerConfigKeys (ConfUtils.java:logGet(43)) - raft.server.sleep.deviation.threshold = 300 (default)
2019-09-26 17:08:31,738 [pool-27-thread-1] INFO  server.RaftServerConfigKeys (ConfUtils.java:logGet(43)) - raft.server.log.appender.install.snapshot.enabled = false (custom)
2019-09-26 17:08:31,739 [pool-27-thread-1] INFO  impl.RaftServerImpl (ServerState.java:<init>(103)) - f5099b68-b325-4483-8045-ecdc9d46cec7@group-E967BAEB7D49: ConfigurationManager, init=-1: [a06278e8-8500-4a0d-b21a-10769a037851:192.168.157.234:36171, 3fb71bf3-6feb-4b84-8871-a94f5c8b0267:192.168.157.234:36251, f5099b68-b325-4483-8045-ecdc9d46cec7:192.168.157.234:41474], old=null, confs=<EMPTY_MAP>
2019-09-26 17:08:31,739 [pool-57-thread-1] INFO  impl.RaftServerImpl (RaftServerImpl.java:<init>(95)) - 3fb71bf3-6feb-4b84-8871-a94f5c8b0267: new RaftServerImpl for group-E967BAEB7D49:[a06278e8-8500-4a0d-b21a-10769a037851:192.168.157.234:36171, 3fb71bf3-6feb-4b84-8871-a94f5c8b0267:192.168.157.234:36251, f5099b68-b325-4483-8045-ecdc9d46cec7:192.168.157.234:41474] with ContainerStateMachine:uninitialized
2019-09-26 17:08:31,739 [pool-57-thread-1] INFO  server.RaftServerConfigKeys (ConfUtils.java:logGet(43)) - raft.server.rpc.timeout.min = 5s (custom)
2019-09-26 17:08:31,739 [pool-27-thread-1] INFO  server.RaftServerConfigKeys (ConfUtils.java:logGet(43)) - raft.server.storage.dir = [/workdir/hadoop-ozone/integration-test/target/test-dir/MiniOzoneClusterImpl-803902cc-acfe-4386-bc2c-ad5c5c049692/datanode-0/data/ratis] (custom)
2019-09-26 17:08:31,739 [pool-57-thread-1] INFO  server.RaftServerConfigKeys (ConfUtils.java:logGet(43)) - raft.server.rpc.timeout.max = 5200ms (custom)
2019-09-26 17:08:31,739 [pool-57-thread-1] INFO  server.RaftServerConfigKeys (ConfUtils.java:logGet(43)) - raft.server.rpcslowness.timeout = 120s (custom)
2019-09-26 17:08:31,739 [pool-57-thread-1] INFO  server.RaftServerConfigKeys (ConfUtils.java:logGet(43)) - raft.server.sleep.deviation.threshold = 300 (default)
2019-09-26 17:08:31,739 [pool-57-thread-1] INFO  server.RaftServerConfigKeys (ConfUtils.java:logGet(43)) - raft.server.log.appender.install.snapshot.enabled = false (custom)
2019-09-26 17:08:31,739 [pool-27-thread-1] INFO  storage.RaftStorageDirectory (RaftStorageDirectory.java:analyzeStorage(246)) - The storage directory /workdir/hadoop-ozone/integration-test/target/test-dir/MiniOzoneClusterImpl-803902cc-acfe-4386-bc2c-ad5c5c049692/datanode-0/data/ratis/762063da-76e2-4507-805d-e967baeb7d49 does not exist. Creating ...
2019-09-26 17:08:31,740 [pool-47-thread-1] INFO  impl.RaftServerImpl (RaftServerImpl.java:<init>(95)) - a06278e8-8500-4a0d-b21a-10769a037851: new RaftServerImpl for group-E967BAEB7D49:[a06278e8-8500-4a0d-b21a-10769a037851:192.168.157.234:36171, 3fb71bf3-6feb-4b84-8871-a94f5c8b0267:192.168.157.234:36251, f5099b68-b325-4483-8045-ecdc9d46cec7:192.168.157.234:41474] with ContainerStateMachine:uninitialized
2019-09-26 17:08:31,740 [pool-57-thread-1] INFO  impl.RaftServerImpl (ServerState.java:<init>(103)) - 3fb71bf3-6feb-4b84-8871-a94f5c8b0267@group-E967BAEB7D49: ConfigurationManager, init=-1: [a06278e8-8500-4a0d-b21a-10769a037851:192.168.157.234:36171, 3fb71bf3-6feb-4b84-8871-a94f5c8b0267:192.168.157.234:36251, f5099b68-b325-4483-8045-ecdc9d46cec7:192.168.157.234:41474], old=null, confs=<EMPTY_MAP>
2019-09-26 17:08:31,740 [pool-47-thread-1] INFO  server.RaftServerConfigKeys (ConfUtils.java:logGet(43)) - raft.server.rpc.timeout.min = 5s (custom)
2019-09-26 17:08:31,740 [pool-57-thread-1] INFO  server.RaftServerConfigKeys (ConfUtils.java:logGet(43)) - raft.server.storage.dir = [/workdir/hadoop-ozone/integration-test/target/test-dir/MiniOzoneClusterImpl-803902cc-acfe-4386-bc2c-ad5c5c049692/datanode-3/data/ratis] (custom)
2019-09-26 17:08:31,740 [pool-47-thread-1] INFO  server.RaftServerConfigKeys (ConfUtils.java:logGet(43)) - raft.server.rpc.timeout.max = 5200ms (custom)
2019-09-26 17:08:31,740 [pool-47-thread-1] INFO  server.RaftServerConfigKeys (ConfUtils.java:logGet(43)) - raft.server.rpcslowness.timeout = 120s (custom)
2019-09-26 17:08:31,740 [pool-57-thread-1] INFO  storage.RaftStorageDirectory (RaftStorageDirectory.java:analyzeStorage(246)) - The storage directory /workdir/hadoop-ozone/integration-test/target/test-dir/MiniOzoneClusterImpl-803902cc-acfe-4386-bc2c-ad5c5c049692/datanode-3/data/ratis/762063da-76e2-4507-805d-e967baeb7d49 does not exist. Creating ...
2019-09-26 17:08:31,740 [pool-47-thread-1] INFO  server.RaftServerConfigKeys (ConfUtils.java:logGet(43)) - raft.server.sleep.deviation.threshold = 300 (default)
2019-09-26 17:08:31,741 [pool-47-thread-1] INFO  server.RaftServerConfigKeys (ConfUtils.java:logGet(43)) - raft.server.log.appender.install.snapshot.enabled = false (custom)
2019-09-26 17:08:31,741 [pool-47-thread-1] INFO  impl.RaftServerImpl (ServerState.java:<init>(103)) - a06278e8-8500-4a0d-b21a-10769a037851@group-E967BAEB7D49: ConfigurationManager, init=-1: [a06278e8-8500-4a0d-b21a-10769a037851:192.168.157.234:36171, 3fb71bf3-6feb-4b84-8871-a94f5c8b0267:192.168.157.234:36251, f5099b68-b325-4483-8045-ecdc9d46cec7:192.168.157.234:41474], old=null, confs=<EMPTY_MAP>
2019-09-26 17:08:31,741 [pool-47-thread-1] INFO  server.RaftServerConfigKeys (ConfUtils.java:logGet(43)) - raft.server.storage.dir = [/workdir/hadoop-ozone/integration-test/target/test-dir/MiniOzoneClusterImpl-803902cc-acfe-4386-bc2c-ad5c5c049692/datanode-2/data/ratis] (custom)
2019-09-26 17:08:31,741 [pool-47-thread-1] INFO  storage.RaftStorageDirectory (RaftStorageDirectory.java:analyzeStorage(246)) - The storage directory /workdir/hadoop-ozone/integration-test/target/test-dir/MiniOzoneClusterImpl-803902cc-acfe-4386-bc2c-ad5c5c049692/datanode-2/data/ratis/762063da-76e2-4507-805d-e967baeb7d49 does not exist. Creating ...
2019-09-26 17:08:31,753 [pool-27-thread-1] INFO  storage.RaftStorageDirectory (RaftStorageDirectory.java:tryLock(328)) - Lock on /workdir/hadoop-ozone/integration-test/target/test-dir/MiniOzoneClusterImpl-803902cc-acfe-4386-bc2c-ad5c5c049692/datanode-0/data/ratis/762063da-76e2-4507-805d-e967baeb7d49/in_use.lock acquired by nodename 19355@pr-hdds-2162-htzpk-1451759861
2019-09-26 17:08:31,753 [pool-57-thread-1] INFO  storage.RaftStorageDirectory (RaftStorageDirectory.java:tryLock(328)) - Lock on /workdir/hadoop-ozone/integration-test/target/test-dir/MiniOzoneClusterImpl-803902cc-acfe-4386-bc2c-ad5c5c049692/datanode-3/data/ratis/762063da-76e2-4507-805d-e967baeb7d49/in_use.lock acquired by nodename 19355@pr-hdds-2162-htzpk-1451759861
2019-09-26 17:08:31,753 [pool-47-thread-1] INFO  storage.RaftStorageDirectory (RaftStorageDirectory.java:tryLock(328)) - Lock on /workdir/hadoop-ozone/integration-test/target/test-dir/MiniOzoneClusterImpl-803902cc-acfe-4386-bc2c-ad5c5c049692/datanode-2/data/ratis/762063da-76e2-4507-805d-e967baeb7d49/in_use.lock acquired by nodename 19355@pr-hdds-2162-htzpk-1451759861
2019-09-26 17:08:31,768 [pool-57-thread-1] INFO  storage.RaftStorage (RaftStorage.java:format(72)) - Storage directory /workdir/hadoop-ozone/integration-test/target/test-dir/MiniOzoneClusterImpl-803902cc-acfe-4386-bc2c-ad5c5c049692/datanode-3/data/ratis/762063da-76e2-4507-805d-e967baeb7d49 has been successfully formatted.
2019-09-26 17:08:31,768 [pool-47-thread-1] INFO  storage.RaftStorage (RaftStorage.java:format(72)) - Storage directory /workdir/hadoop-ozone/integration-test/target/test-dir/MiniOzoneClusterImpl-803902cc-acfe-4386-bc2c-ad5c5c049692/datanode-2/data/ratis/762063da-76e2-4507-805d-e967baeb7d49 has been successfully formatted.
2019-09-26 17:08:31,768 [pool-27-thread-1] INFO  storage.RaftStorage (RaftStorage.java:format(72)) - Storage directory /workdir/hadoop-ozone/integration-test/target/test-dir/MiniOzoneClusterImpl-803902cc-acfe-4386-bc2c-ad5c5c049692/datanode-0/data/ratis/762063da-76e2-4507-805d-e967baeb7d49 has been successfully formatted.
2019-09-26 17:08:31,768 [pool-57-thread-1] INFO  ratis.ContainerStateMachine (ContainerStateMachine.java:loadSnapshot(230)) - group-E967BAEB7D49: The snapshot info is null. Setting the last applied indexto:(t:0, i:~)
2019-09-26 17:08:31,768 [pool-27-thread-1] INFO  ratis.ContainerStateMachine (ContainerStateMachine.java:loadSnapshot(230)) - group-E967BAEB7D49: The snapshot info is null. Setting the last applied indexto:(t:0, i:~)
2019-09-26 17:08:31,768 [pool-47-thread-1] INFO  ratis.ContainerStateMachine (ContainerStateMachine.java:loadSnapshot(230)) - group-E967BAEB7D49: The snapshot info is null. Setting the last applied indexto:(t:0, i:~)
2019-09-26 17:08:31,768 [pool-27-thread-1] INFO  server.RaftServerConfigKeys (ConfUtils.java:logGet(43)) - raft.server.notification.no-leader.timeout = 120s (custom)
2019-09-26 17:08:31,768 [pool-57-thread-1] INFO  server.RaftServerConfigKeys (ConfUtils.java:logGet(43)) - raft.server.notification.no-leader.timeout = 120s (custom)
2019-09-26 17:08:31,769 [pool-27-thread-1] INFO  server.RaftServerConfigKeys (ConfUtils.java:logGet(43)) - raft.server.log.use.memory = false (default)
2019-09-26 17:08:31,769 [pool-47-thread-1] INFO  server.RaftServerConfigKeys (ConfUtils.java:logGet(43)) - raft.server.notification.no-leader.timeout = 120s (custom)
2019-09-26 17:08:31,769 [pool-27-thread-1] INFO  server.RaftServerConfigKeys (ConfUtils.java:logGet(43)) - raft.server.log.purge.gap = 1000000 (custom)
2019-09-26 17:08:31,769 [pool-57-thread-1] INFO  server.RaftServerConfigKeys (ConfUtils.java:logGet(43)) - raft.server.log.use.memory = false (default)
2019-09-26 17:08:31,769 [pool-27-thread-1] INFO  server.RaftServerConfigKeys (ConfUtils.java:logGet(43)) - raft.server.log.appender.buffer.byte-limit = 33554432 (custom)
2019-09-26 17:08:31,769 [pool-47-thread-1] INFO  server.RaftServerConfigKeys (ConfUtils.java:logGet(43)) - raft.server.log.use.memory = false (default)
2019-09-26 17:08:31,770 [pool-27-thread-1] INFO  server.RaftServerConfigKeys (ConfUtils.java:logGet(43)) - raft.server.log.segment.size.max = 1048576 (custom)
2019-09-26 17:08:31,769 [pool-57-thread-1] INFO  server.RaftServerConfigKeys (ConfUtils.java:logGet(43)) - raft.server.log.purge.gap = 1000000 (custom)
2019-09-26 17:08:31,770 [pool-27-thread-1] INFO  server.RaftServerConfigKeys (ConfUtils.java:logGet(43)) - raft.server.log.segment.cache.num.max = 2 (custom)
2019-09-26 17:08:31,770 [pool-27-thread-1] INFO  segmented.SegmentedRaftLogWorker (SegmentedRaftLogWorker.java:<init>(172)) - new f5099b68-b325-4483-8045-ecdc9d46cec7@group-E967BAEB7D49-SegmentedRaftLogWorker for RaftStorage:Storage Directory /workdir/hadoop-ozone/integration-test/target/test-dir/MiniOzoneClusterImpl-803902cc-acfe-4386-bc2c-ad5c5c049692/datanode-0/data/ratis/762063da-76e2-4507-805d-e967baeb7d49
2019-09-26 17:08:31,770 [pool-47-thread-1] INFO  server.RaftServerConfigKeys (ConfUtils.java:logGet(43)) - raft.server.log.purge.gap = 1000000 (custom)
2019-09-26 17:08:31,770 [pool-27-thread-1] INFO  server.RaftServerConfigKeys (ConfUtils.java:logGet(43)) - raft.server.log.queue.byte-limit = 2147483647 (custom)
2019-09-26 17:08:31,770 [pool-57-thread-1] INFO  server.RaftServerConfigKeys (ConfUtils.java:logGet(43)) - raft.server.log.appender.buffer.byte-limit = 33554432 (custom)
2019-09-26 17:08:31,773 [pool-27-thread-1] INFO  server.RaftServerConfigKeys (ConfUtils.java:logGet(43)) - raft.server.log.queue.element-limit = 1024 (custom)
2019-09-26 17:08:31,773 [pool-47-thread-1] INFO  server.RaftServerConfigKeys (ConfUtils.java:logGet(43)) - raft.server.log.appender.buffer.byte-limit = 33554432 (custom)
2019-09-26 17:08:31,773 [pool-27-thread-1] INFO  server.RaftServerConfigKeys (ConfUtils.java:logGet(43)) - raft.server.log.segment.size.max = 1048576 (custom)
2019-09-26 17:08:31,773 [pool-57-thread-1] INFO  server.RaftServerConfigKeys (ConfUtils.java:logGet(43)) - raft.server.log.segment.size.max = 1048576 (custom)
2019-09-26 17:08:31,773 [pool-27-thread-1] INFO  server.RaftServerConfigKeys (ConfUtils.java:logGet(43)) - raft.server.log.preallocated.size = 16384 (custom)
2019-09-26 17:08:31,773 [pool-47-thread-1] INFO  server.RaftServerConfigKeys (ConfUtils.java:logGet(43)) - raft.server.log.segment.size.max = 1048576 (custom)
2019-09-26 17:08:31,774 [pool-27-thread-1] INFO  server.RaftServerConfigKeys (ConfUtils.java:logGet(43)) - raft.server.log.write.buffer.size = 33554432 (custom)
2019-09-26 17:08:31,773 [pool-57-thread-1] INFO  server.RaftServerConfigKeys (ConfUtils.java:logGet(43)) - raft.server.log.segment.cache.num.max = 2 (custom)
2019-09-26 17:08:31,774 [pool-27-thread-1] INFO  server.RaftServerConfigKeys (ConfUtils.java:logGet(43)) - raft.server.log.force.sync.num = 128 (default)
2019-09-26 17:08:31,774 [pool-27-thread-1] INFO  server.RaftServerConfigKeys (ConfUtils.java:logGet(43)) - raft.server.log.statemachine.data.sync = true (default)
2019-09-26 17:08:31,774 [pool-47-thread-1] INFO  server.RaftServerConfigKeys (ConfUtils.java:logGet(43)) - raft.server.log.segment.cache.num.max = 2 (custom)
2019-09-26 17:08:31,774 [pool-27-thread-1] INFO  server.RaftServerConfigKeys (ConfUtils.java:logGet(43)) - raft.server.log.statemachine.data.sync.timeout = 10s (default)
2019-09-26 17:08:31,774 [pool-57-thread-1] INFO  segmented.SegmentedRaftLogWorker (SegmentedRaftLogWorker.java:<init>(172)) - new 3fb71bf3-6feb-4b84-8871-a94f5c8b0267@group-E967BAEB7D49-SegmentedRaftLogWorker for RaftStorage:Storage Directory /workdir/hadoop-ozone/integration-test/target/test-dir/MiniOzoneClusterImpl-803902cc-acfe-4386-bc2c-ad5c5c049692/datanode-3/data/ratis/762063da-76e2-4507-805d-e967baeb7d49
2019-09-26 17:08:31,775 [pool-27-thread-1] INFO  server.RaftServerConfigKeys (ConfUtils.java:logGet(43)) - raft.server.log.statemachine.data.sync.timeout.retry = -1 (default)
2019-09-26 17:08:31,775 [pool-47-thread-1] INFO  segmented.SegmentedRaftLogWorker (SegmentedRaftLogWorker.java:<init>(172)) - new a06278e8-8500-4a0d-b21a-10769a037851@group-E967BAEB7D49-SegmentedRaftLogWorker for RaftStorage:Storage Directory /workdir/hadoop-ozone/integration-test/target/test-dir/MiniOzoneClusterImpl-803902cc-acfe-4386-bc2c-ad5c5c049692/datanode-2/data/ratis/762063da-76e2-4507-805d-e967baeb7d49
2019-09-26 17:08:31,775 [pool-27-thread-1] INFO  server.RaftServerConfigKeys (ConfUtils.java:logGet(43)) - raft.server.log.statemachine.data.caching.enabled = true (custom)
2019-09-26 17:08:31,775 [pool-57-thread-1] INFO  server.RaftServerConfigKeys (ConfUtils.java:logGet(43)) - raft.server.log.queue.byte-limit = 2147483647 (custom)
2019-09-26 17:08:31,775 [pool-47-thread-1] INFO  server.RaftServerConfigKeys (ConfUtils.java:logGet(43)) - raft.server.log.queue.byte-limit = 2147483647 (custom)
2019-09-26 17:08:31,776 [pool-27-thread-1] INFO  segmented.SegmentedRaftLogWorker (SegmentedRaftLogWorker.java:lambda$new$0(132)) - f5099b68-b325-4483-8045-ecdc9d46cec7@group-E967BAEB7D49-SegmentedRaftLogWorker: flushIndex: setUnconditionally 0 -> -1
2019-09-26 17:08:31,775 [pool-57-thread-1] INFO  server.RaftServerConfigKeys (ConfUtils.java:logGet(43)) - raft.server.log.queue.element-limit = 1024 (custom)
2019-09-26 17:08:31,776 [pool-47-thread-1] INFO  server.RaftServerConfigKeys (ConfUtils.java:logGet(43)) - raft.server.log.queue.element-limit = 1024 (custom)
2019-09-26 17:08:31,776 [pool-27-thread-1] INFO  server.RaftServerConfigKeys (ConfUtils.java:logGet(43)) - raft.server.snapshot.auto.trigger.enabled = true (custom)
2019-09-26 17:08:31,776 [pool-57-thread-1] INFO  server.RaftServerConfigKeys (ConfUtils.java:logGet(43)) - raft.server.log.segment.size.max = 1048576 (custom)
2019-09-26 17:08:31,778 [pool-27-thread-1] INFO  server.RaftServerConfigKeys (ConfUtils.java:logGet(43)) - raft.server.snapshot.auto.trigger.threshold = 10000 (custom)
2019-09-26 17:08:31,778 [pool-47-thread-1] INFO  server.RaftServerConfigKeys (ConfUtils.java:logGet(43)) - raft.server.log.segment.size.max = 1048576 (custom)
2019-09-26 17:08:31,779 [pool-27-thread-1] INFO  server.RaftServerConfigKeys (ConfUtils.java:logGet(43)) - raft.server.snapshot.retention.num.files = 5 (custom)
2019-09-26 17:08:31,778 [pool-57-thread-1] INFO  server.RaftServerConfigKeys (ConfUtils.java:logGet(43)) - raft.server.log.preallocated.size = 16384 (custom)
2019-09-26 17:08:31,779 [pool-27-thread-1] INFO  server.RaftServerConfigKeys (ConfUtils.java:logGet(43)) - raft.server.retrycache.expirytime = 600000ms (custom)
2019-09-26 17:08:31,779 [pool-47-thread-1] INFO  server.RaftServerConfigKeys (ConfUtils.java:logGet(43)) - raft.server.log.preallocated.size = 16384 (custom)
2019-09-26 17:08:31,779 [pool-57-thread-1] INFO  server.RaftServerConfigKeys (ConfUtils.java:logGet(43)) - raft.server.log.write.buffer.size = 33554432 (custom)
2019-09-26 17:08:31,779 [pool-47-thread-1] INFO  server.RaftServerConfigKeys (ConfUtils.java:logGet(43)) - raft.server.log.write.buffer.size = 33554432 (custom)
2019-09-26 17:08:31,780 [pool-57-thread-1] INFO  server.RaftServerConfigKeys (ConfUtils.java:logGet(43)) - raft.server.log.force.sync.num = 128 (default)
2019-09-26 17:08:31,780 [pool-47-thread-1] INFO  server.RaftServerConfigKeys (ConfUtils.java:logGet(43)) - raft.server.log.force.sync.num = 128 (default)
2019-09-26 17:08:31,780 [pool-57-thread-1] INFO  server.RaftServerConfigKeys (ConfUtils.java:logGet(43)) - raft.server.log.statemachine.data.sync = true (default)
2019-09-26 17:08:31,780 [pool-47-thread-1] INFO  server.RaftServerConfigKeys (ConfUtils.java:logGet(43)) - raft.server.log.statemachine.data.sync = true (default)
2019-09-26 17:08:31,780 [pool-57-thread-1] INFO  server.RaftServerConfigKeys (ConfUtils.java:logGet(43)) - raft.server.log.statemachine.data.sync.timeout = 10s (default)
2019-09-26 17:08:31,780 [pool-47-thread-1] INFO  server.RaftServerConfigKeys (ConfUtils.java:logGet(43)) - raft.server.log.statemachine.data.sync.timeout = 10s (default)
2019-09-26 17:08:31,781 [pool-57-thread-1] INFO  server.RaftServerConfigKeys (ConfUtils.java:logGet(43)) - raft.server.log.statemachine.data.sync.timeout.retry = -1 (default)
2019-09-26 17:08:31,781 [pool-47-thread-1] INFO  server.RaftServerConfigKeys (ConfUtils.java:logGet(43)) - raft.server.log.statemachine.data.sync.timeout.retry = -1 (default)
2019-09-26 17:08:31,781 [pool-57-thread-1] INFO  server.RaftServerConfigKeys (ConfUtils.java:logGet(43)) - raft.server.log.statemachine.data.caching.enabled = true (custom)
2019-09-26 17:08:31,781 [pool-47-thread-1] INFO  server.RaftServerConfigKeys (ConfUtils.java:logGet(43)) - raft.server.log.statemachine.data.caching.enabled = true (custom)
2019-09-26 17:08:31,781 [pool-57-thread-1] INFO  segmented.SegmentedRaftLogWorker (SegmentedRaftLogWorker.java:lambda$new$0(132)) - 3fb71bf3-6feb-4b84-8871-a94f5c8b0267@group-E967BAEB7D49-SegmentedRaftLogWorker: flushIndex: setUnconditionally 0 -> -1
2019-09-26 17:08:31,782 [pool-47-thread-1] INFO  segmented.SegmentedRaftLogWorker (SegmentedRaftLogWorker.java:lambda$new$0(132)) - a06278e8-8500-4a0d-b21a-10769a037851@group-E967BAEB7D49-SegmentedRaftLogWorker: flushIndex: setUnconditionally 0 -> -1
2019-09-26 17:08:31,782 [pool-57-thread-1] INFO  server.RaftServerConfigKeys (ConfUtils.java:logGet(43)) - raft.server.snapshot.auto.trigger.enabled = true (custom)
2019-09-26 17:08:31,782 [pool-57-thread-1] INFO  server.RaftServerConfigKeys (ConfUtils.java:logGet(43)) - raft.server.snapshot.auto.trigger.threshold = 10000 (custom)
2019-09-26 17:08:31,782 [pool-47-thread-1] INFO  server.RaftServerConfigKeys (ConfUtils.java:logGet(43)) - raft.server.snapshot.auto.trigger.enabled = true (custom)
2019-09-26 17:08:31,782 [pool-57-thread-1] INFO  server.RaftServerConfigKeys (ConfUtils.java:logGet(43)) - raft.server.snapshot.retention.num.files = 5 (custom)
2019-09-26 17:08:31,782 [pool-47-thread-1] INFO  server.RaftServerConfigKeys (ConfUtils.java:logGet(43)) - raft.server.snapshot.auto.trigger.threshold = 10000 (custom)
2019-09-26 17:08:31,782 [pool-57-thread-1] INFO  server.RaftServerConfigKeys (ConfUtils.java:logGet(43)) - raft.server.retrycache.expirytime = 600000ms (custom)
2019-09-26 17:08:31,782 [pool-47-thread-1] INFO  server.RaftServerConfigKeys (ConfUtils.java:logGet(43)) - raft.server.snapshot.retention.num.files = 5 (custom)
2019-09-26 17:08:31,783 [pool-47-thread-1] INFO  server.RaftServerConfigKeys (ConfUtils.java:logGet(43)) - raft.server.retrycache.expirytime = 600000ms (custom)
2019-09-26 17:08:31,783 [pool-27-thread-1] INFO  impl.RaftServerImpl (RaftServerImpl.java:start(185)) - f5099b68-b325-4483-8045-ecdc9d46cec7@group-E967BAEB7D49: start as a follower, conf=-1: [a06278e8-8500-4a0d-b21a-10769a037851:192.168.157.234:36171, 3fb71bf3-6feb-4b84-8871-a94f5c8b0267:192.168.157.234:36251, f5099b68-b325-4483-8045-ecdc9d46cec7:192.168.157.234:41474], old=null
2019-09-26 17:08:31,783 [pool-27-thread-1] INFO  impl.RaftServerImpl (RaftServerImpl.java:setRole(174)) - f5099b68-b325-4483-8045-ecdc9d46cec7@group-E967BAEB7D49: changes role from      null to FOLLOWER at term 0 for startAsFollower
2019-09-26 17:08:31,783 [pool-27-thread-1] INFO  impl.RoleInfo (RoleInfo.java:updateAndGet(143)) - f5099b68-b325-4483-8045-ecdc9d46cec7: start FollowerState
2019-09-26 17:08:31,784 [pool-27-thread-1] INFO  util.JmxRegister (JmxRegister.java:tryRegister(44)) - Successfully registered JMX Bean with object name Ratis:service=RaftServer,group=group-E967BAEB7D49,id=f5099b68-b325-4483-8045-ecdc9d46cec7
2019-09-26 17:08:31,785 [pool-57-thread-1] INFO  impl.RaftServerImpl (RaftServerImpl.java:start(185)) - 3fb71bf3-6feb-4b84-8871-a94f5c8b0267@group-E967BAEB7D49: start as a follower, conf=-1: [a06278e8-8500-4a0d-b21a-10769a037851:192.168.157.234:36171, 3fb71bf3-6feb-4b84-8871-a94f5c8b0267:192.168.157.234:36251, f5099b68-b325-4483-8045-ecdc9d46cec7:192.168.157.234:41474], old=null
2019-09-26 17:08:31,786 [pool-57-thread-1] INFO  impl.RaftServerImpl (RaftServerImpl.java:setRole(174)) - 3fb71bf3-6feb-4b84-8871-a94f5c8b0267@group-E967BAEB7D49: changes role from      null to FOLLOWER at term 0 for startAsFollower
2019-09-26 17:08:31,786 [pool-57-thread-1] INFO  impl.RoleInfo (RoleInfo.java:updateAndGet(143)) - 3fb71bf3-6feb-4b84-8871-a94f5c8b0267: start FollowerState
2019-09-26 17:08:31,786 [pool-57-thread-1] INFO  util.JmxRegister (JmxRegister.java:tryRegister(44)) - Successfully registered JMX Bean with object name Ratis:service=RaftServer,group=group-E967BAEB7D49,id=3fb71bf3-6feb-4b84-8871-a94f5c8b0267
2019-09-26 17:08:31,786 [pool-47-thread-1] INFO  impl.RaftServerImpl (RaftServerImpl.java:start(185)) - a06278e8-8500-4a0d-b21a-10769a037851@group-E967BAEB7D49: start as a follower, conf=-1: [a06278e8-8500-4a0d-b21a-10769a037851:192.168.157.234:36171, 3fb71bf3-6feb-4b84-8871-a94f5c8b0267:192.168.157.234:36251, f5099b68-b325-4483-8045-ecdc9d46cec7:192.168.157.234:41474], old=null
2019-09-26 17:08:31,786 [pool-47-thread-1] INFO  impl.RaftServerImpl (RaftServerImpl.java:setRole(174)) - a06278e8-8500-4a0d-b21a-10769a037851@group-E967BAEB7D49: changes role from      null to FOLLOWER at term 0 for startAsFollower
2019-09-26 17:08:31,787 [pool-47-thread-1] INFO  impl.RoleInfo (RoleInfo.java:updateAndGet(143)) - a06278e8-8500-4a0d-b21a-10769a037851: start FollowerState
2019-09-26 17:08:31,789 [pool-47-thread-1] INFO  util.JmxRegister (JmxRegister.java:tryRegister(44)) - Successfully registered JMX Bean with object name Ratis:service=RaftServer,group=group-E967BAEB7D49,id=a06278e8-8500-4a0d-b21a-10769a037851
2019-09-26 17:08:31,811 [RatisPipelineUtilsThread] INFO  pipeline.PipelineStateManager (PipelineStateManager.java:addPipeline(56)) - Created pipeline Pipeline[ Id: 762063da-76e2-4507-805d-e967baeb7d49, Nodes: a06278e8-8500-4a0d-b21a-10769a037851{ip: 192.168.157.234, host: pr-hdds-2162-htzpk-1451759861, networkLocation: /default-rack, certSerialId: null}3fb71bf3-6feb-4b84-8871-a94f5c8b0267{ip: 192.168.157.234, host: pr-hdds-2162-htzpk-1451759861, networkLocation: /default-rack, certSerialId: null}f5099b68-b325-4483-8045-ecdc9d46cec7{ip: 192.168.157.234, host: pr-hdds-2162-htzpk-1451759861, networkLocation: /default-rack, certSerialId: null}, Type:RATIS, Factor:THREE, State:OPEN]
2019-09-26 17:08:32,887 [main] INFO  ipc.Client (Client.java:handleConnectionFailure(948)) - Retrying connect to server: localhost/127.0.0.1:0. Already tried 0 time(s); retry policy is RetryUpToMaximumCountWithFixedSleep(maxRetries=10, sleepTime=1000 MILLISECONDS)
2019-09-26 17:08:33,091 [Thread-238] INFO  container.ReplicationManager (ReplicationManager.java:start(162)) - Starting Replication Monitor Thread.
2019-09-26 17:08:33,098 [ReplicationMonitor] INFO  container.ReplicationManager (ReplicationManager.java:run(225)) - Replication Monitor Thread took 1 milliseconds for processing 0 containers.
2019-09-26 17:08:33,889 [main] INFO  ipc.Client (Client.java:handleConnectionFailure(948)) - Retrying connect to server: localhost/127.0.0.1:0. Already tried 1 time(s); retry policy is RetryUpToMaximumCountWithFixedSleep(maxRetries=10, sleepTime=1000 MILLISECONDS)
2019-09-26 17:08:34,890 [main] INFO  ipc.Client (Client.java:handleConnectionFailure(948)) - Retrying connect to server: localhost/127.0.0.1:0. Already tried 2 time(s); retry policy is RetryUpToMaximumCountWithFixedSleep(maxRetries=10, sleepTime=1000 MILLISECONDS)
2019-09-26 17:08:35,865 [Thread-240] INFO  impl.FollowerState (FollowerState.java:run(106)) - f5099b68-b325-4483-8045-ecdc9d46cec7:group-B59057AFA883 changes to CANDIDATE, lastRpcTime:5012, electionTimeout:5011ms
2019-09-26 17:08:35,868 [Thread-240] INFO  impl.RoleInfo (RoleInfo.java:shutdownFollowerState(121)) - f5099b68-b325-4483-8045-ecdc9d46cec7: shutdown FollowerState
2019-09-26 17:08:35,868 [Thread-240] INFO  impl.RaftServerImpl (RaftServerImpl.java:setRole(174)) - f5099b68-b325-4483-8045-ecdc9d46cec7@group-B59057AFA883: changes role from  FOLLOWER to CANDIDATE at term 0 for changeToCandidate
2019-09-26 17:08:35,878 [Thread-240] INFO  impl.RoleInfo (RoleInfo.java:updateAndGet(143)) - f5099b68-b325-4483-8045-ecdc9d46cec7: start LeaderElection
2019-09-26 17:08:35,892 [main] INFO  ipc.Client (Client.java:handleConnectionFailure(948)) - Retrying connect to server: localhost/127.0.0.1:0. Already tried 3 time(s); retry policy is RetryUpToMaximumCountWithFixedSleep(maxRetries=10, sleepTime=1000 MILLISECONDS)
2019-09-26 17:08:35,898 [f5099b68-b325-4483-8045-ecdc9d46cec7@group-B59057AFA883:LeaderElection1] INFO  impl.LeaderElection (LeaderElection.java:askForVotes(182)) - f5099b68-b325-4483-8045-ecdc9d46cec7@group-B59057AFA883:LeaderElection1: begin an election at term 1 for -1: [f5099b68-b325-4483-8045-ecdc9d46cec7:192.168.157.234:41474], old=null
2019-09-26 17:08:35,900 [f5099b68-b325-4483-8045-ecdc9d46cec7@group-B59057AFA883:LeaderElection1] INFO  impl.RoleInfo (RoleInfo.java:shutdownLeaderElection(134)) - f5099b68-b325-4483-8045-ecdc9d46cec7: shutdown LeaderElection
2019-09-26 17:08:35,901 [f5099b68-b325-4483-8045-ecdc9d46cec7@group-B59057AFA883:LeaderElection1] INFO  impl.RaftServerImpl (RaftServerImpl.java:setRole(174)) - f5099b68-b325-4483-8045-ecdc9d46cec7@group-B59057AFA883: changes role from CANDIDATE to LEADER at term 1 for changeToLeader
2019-09-26 17:08:35,901 [f5099b68-b325-4483-8045-ecdc9d46cec7@group-B59057AFA883:LeaderElection1] INFO  impl.RaftServerImpl (ServerState.java:setLeader(253)) - f5099b68-b325-4483-8045-ecdc9d46cec7@group-B59057AFA883: change Leader from null to f5099b68-b325-4483-8045-ecdc9d46cec7 at term 1 for becomeLeader, leader elected after 5157ms
2019-09-26 17:08:35,910 [f5099b68-b325-4483-8045-ecdc9d46cec7@group-B59057AFA883:LeaderElection1] INFO  server.RaftServerConfigKeys (ConfUtils.java:logGet(43)) - raft.server.staging.catchup.gap = 1000 (default)
2019-09-26 17:08:35,910 [f5099b68-b325-4483-8045-ecdc9d46cec7@group-B59057AFA883:LeaderElection1] INFO  server.RaftServerConfigKeys (ConfUtils.java:logGet(43)) - raft.server.rpc.sleep.time = 25ms (default)
2019-09-26 17:08:35,914 [f5099b68-b325-4483-8045-ecdc9d46cec7@group-B59057AFA883:LeaderElection1] INFO  server.RaftServerConfigKeys (ConfUtils.java:logGet(43)) - raft.server.write.element-limit = 4096 (default)
2019-09-26 17:08:35,917 [f5099b68-b325-4483-8045-ecdc9d46cec7@group-B59057AFA883:LeaderElection1] INFO  server.RaftServerConfigKeys (ConfUtils.java:logGet(43)) - raft.server.watch.timeout = 10s (default)
2019-09-26 17:08:35,917 [f5099b68-b325-4483-8045-ecdc9d46cec7@group-B59057AFA883:LeaderElection1] INFO  server.RaftServerConfigKeys (ConfUtils.java:logGet(43)) - raft.server.watch.timeout.denomination = 1s (default)
2019-09-26 17:08:35,918 [f5099b68-b325-4483-8045-ecdc9d46cec7@group-B59057AFA883:LeaderElection1] INFO  server.RaftServerConfigKeys (ConfUtils.java:logGet(43)) - raft.server.watch.element-limit = 65536 (default)
2019-09-26 17:08:35,933 [f5099b68-b325-4483-8045-ecdc9d46cec7@group-B59057AFA883:LeaderElection1] INFO  impl.RoleInfo (RoleInfo.java:updateAndGet(143)) - f5099b68-b325-4483-8045-ecdc9d46cec7: start LeaderState
2019-09-26 17:08:35,955 [f5099b68-b325-4483-8045-ecdc9d46cec7@group-B59057AFA883:LeaderElection1] INFO  segmented.SegmentedRaftLogWorker (SegmentedRaftLogWorker.java:startLogSegment(380)) - f5099b68-b325-4483-8045-ecdc9d46cec7@group-B59057AFA883-SegmentedRaftLogWorker: Starting segment from index:0
2019-09-26 17:08:35,962 [f5099b68-b325-4483-8045-ecdc9d46cec7@group-B59057AFA883:LeaderElection1] INFO  impl.RaftServerImpl (ServerState.java:setRaftConf(354)) - f5099b68-b325-4483-8045-ecdc9d46cec7@group-B59057AFA883: set configuration 0: [f5099b68-b325-4483-8045-ecdc9d46cec7:192.168.157.234:41474], old=null at 0
2019-09-26 17:08:36,138 [f5099b68-b325-4483-8045-ecdc9d46cec7@group-B59057AFA883-SegmentedRaftLogWorker] INFO  segmented.SegmentedRaftLogWorker (SegmentedRaftLogWorker.java:execute(569)) - f5099b68-b325-4483-8045-ecdc9d46cec7@group-B59057AFA883-SegmentedRaftLogWorker: created new log segment /workdir/hadoop-ozone/integration-test/target/test-dir/MiniOzoneClusterImpl-803902cc-acfe-4386-bc2c-ad5c5c049692/datanode-0/data/ratis/bb2d3be4-dbca-4b62-be21-b59057afa883/current/log_inprogress_0
2019-09-26 17:08:36,241 [Thread-246] INFO  impl.FollowerState (FollowerState.java:run(106)) - 976348bf-752d-474b-bf3f-4c140837206e:group-F4FC2A2E10B0 changes to CANDIDATE, lastRpcTime:5042, electionTimeout:5042ms
2019-09-26 17:08:36,244 [Thread-243] INFO  impl.FollowerState (FollowerState.java:run(106)) - cbea0b3b-f476-41f1-83de-5e743f10a31d:group-D526AF08A45F changes to CANDIDATE, lastRpcTime:5193, electionTimeout:5191ms
2019-09-26 17:08:36,245 [Thread-246] INFO  impl.RoleInfo (RoleInfo.java:shutdownFollowerState(121)) - 976348bf-752d-474b-bf3f-4c140837206e: shutdown FollowerState
2019-09-26 17:08:36,245 [Thread-243] INFO  impl.RoleInfo (RoleInfo.java:shutdownFollowerState(121)) - cbea0b3b-f476-41f1-83de-5e743f10a31d: shutdown FollowerState
2019-09-26 17:08:36,245 [Thread-246] INFO  impl.RaftServerImpl (RaftServerImpl.java:setRole(174)) - 976348bf-752d-474b-bf3f-4c140837206e@group-F4FC2A2E10B0: changes role from  FOLLOWER to CANDIDATE at term 0 for changeToCandidate
2019-09-26 17:08:36,245 [Thread-243] INFO  impl.RaftServerImpl (RaftServerImpl.java:setRole(174)) - cbea0b3b-f476-41f1-83de-5e743f10a31d@group-D526AF08A45F: changes role from  FOLLOWER to CANDIDATE at term 0 for changeToCandidate
2019-09-26 17:08:36,245 [Thread-246] INFO  impl.RoleInfo (RoleInfo.java:updateAndGet(143)) - 976348bf-752d-474b-bf3f-4c140837206e: start LeaderElection
2019-09-26 17:08:36,245 [Thread-243] INFO  impl.RoleInfo (RoleInfo.java:updateAndGet(143)) - cbea0b3b-f476-41f1-83de-5e743f10a31d: start LeaderElection
2019-09-26 17:08:36,268 [cbea0b3b-f476-41f1-83de-5e743f10a31d@group-D526AF08A45F:LeaderElection3] INFO  impl.LeaderElection (LeaderElection.java:askForVotes(182)) - cbea0b3b-f476-41f1-83de-5e743f10a31d@group-D526AF08A45F:LeaderElection3: begin an election at term 1 for -1: [cbea0b3b-f476-41f1-83de-5e743f10a31d:192.168.157.234:38619], old=null
2019-09-26 17:08:36,268 [976348bf-752d-474b-bf3f-4c140837206e@group-F4FC2A2E10B0:LeaderElection2] INFO  impl.LeaderElection (LeaderElection.java:askForVotes(182)) - 976348bf-752d-474b-bf3f-4c140837206e@group-F4FC2A2E10B0:LeaderElection2: begin an election at term 1 for -1: [976348bf-752d-474b-bf3f-4c140837206e:192.168.157.234:41274], old=null
2019-09-26 17:08:36,270 [cbea0b3b-f476-41f1-83de-5e743f10a31d@group-D526AF08A45F:LeaderElection3] INFO  impl.RoleInfo (RoleInfo.java:shutdownLeaderElection(134)) - cbea0b3b-f476-41f1-83de-5e743f10a31d: shutdown LeaderElection
2019-09-26 17:08:36,271 [976348bf-752d-474b-bf3f-4c140837206e@group-F4FC2A2E10B0:LeaderElection2] INFO  impl.RoleInfo (RoleInfo.java:shutdownLeaderElection(134)) - 976348bf-752d-474b-bf3f-4c140837206e: shutdown LeaderElection
2019-09-26 17:08:36,271 [cbea0b3b-f476-41f1-83de-5e743f10a31d@group-D526AF08A45F:LeaderElection3] INFO  impl.RaftServerImpl (RaftServerImpl.java:setRole(174)) - cbea0b3b-f476-41f1-83de-5e743f10a31d@group-D526AF08A45F: changes role from CANDIDATE to LEADER at term 1 for changeToLeader
2019-09-26 17:08:36,271 [976348bf-752d-474b-bf3f-4c140837206e@group-F4FC2A2E10B0:LeaderElection2] INFO  impl.RaftServerImpl (RaftServerImpl.java:setRole(174)) - 976348bf-752d-474b-bf3f-4c140837206e@group-F4FC2A2E10B0: changes role from CANDIDATE to LEADER at term 1 for changeToLeader
2019-09-26 17:08:36,271 [cbea0b3b-f476-41f1-83de-5e743f10a31d@group-D526AF08A45F:LeaderElection3] INFO  impl.RaftServerImpl (ServerState.java:setLeader(253)) - cbea0b3b-f476-41f1-83de-5e743f10a31d@group-D526AF08A45F: change Leader from null to cbea0b3b-f476-41f1-83de-5e743f10a31d at term 1 for becomeLeader, leader elected after 5241ms
2019-09-26 17:08:36,271 [976348bf-752d-474b-bf3f-4c140837206e@group-F4FC2A2E10B0:LeaderElection2] INFO  impl.RaftServerImpl (ServerState.java:setLeader(253)) - 976348bf-752d-474b-bf3f-4c140837206e@group-F4FC2A2E10B0: change Leader from null to 976348bf-752d-474b-bf3f-4c140837206e at term 1 for becomeLeader, leader elected after 5111ms
2019-09-26 17:08:36,273 [cbea0b3b-f476-41f1-83de-5e743f10a31d@group-D526AF08A45F:LeaderElection3] INFO  server.RaftServerConfigKeys (ConfUtils.java:logGet(43)) - raft.server.staging.catchup.gap = 1000 (default)
2019-09-26 17:08:36,275 [976348bf-752d-474b-bf3f-4c140837206e@group-F4FC2A2E10B0:LeaderElection2] INFO  server.RaftServerConfigKeys (ConfUtils.java:logGet(43)) - raft.server.staging.catchup.gap = 1000 (default)
2019-09-26 17:08:36,275 [cbea0b3b-f476-41f1-83de-5e743f10a31d@group-D526AF08A45F:LeaderElection3] INFO  server.RaftServerConfigKeys (ConfUtils.java:logGet(43)) - raft.server.rpc.sleep.time = 25ms (default)
2019-09-26 17:08:36,275 [976348bf-752d-474b-bf3f-4c140837206e@group-F4FC2A2E10B0:LeaderElection2] INFO  server.RaftServerConfigKeys (ConfUtils.java:logGet(43)) - raft.server.rpc.sleep.time = 25ms (default)
2019-09-26 17:08:36,275 [cbea0b3b-f476-41f1-83de-5e743f10a31d@group-D526AF08A45F:LeaderElection3] INFO  server.RaftServerConfigKeys (ConfUtils.java:logGet(43)) - raft.server.write.element-limit = 4096 (default)
2019-09-26 17:08:36,276 [976348bf-752d-474b-bf3f-4c140837206e@group-F4FC2A2E10B0:LeaderElection2] INFO  server.RaftServerConfigKeys (ConfUtils.java:logGet(43)) - raft.server.write.element-limit = 4096 (default)
2019-09-26 17:08:36,276 [cbea0b3b-f476-41f1-83de-5e743f10a31d@group-D526AF08A45F:LeaderElection3] INFO  server.RaftServerConfigKeys (ConfUtils.java:logGet(43)) - raft.server.watch.timeout = 10s (default)
2019-09-26 17:08:36,276 [976348bf-752d-474b-bf3f-4c140837206e@group-F4FC2A2E10B0:LeaderElection2] INFO  server.RaftServerConfigKeys (ConfUtils.java:logGet(43)) - raft.server.watch.timeout = 10s (default)
2019-09-26 17:08:36,276 [cbea0b3b-f476-41f1-83de-5e743f10a31d@group-D526AF08A45F:LeaderElection3] INFO  server.RaftServerConfigKeys (ConfUtils.java:logGet(43)) - raft.server.watch.timeout.denomination = 1s (default)
2019-09-26 17:08:36,276 [976348bf-752d-474b-bf3f-4c140837206e@group-F4FC2A2E10B0:LeaderElection2] INFO  server.RaftServerConfigKeys (ConfUtils.java:logGet(43)) - raft.server.watch.timeout.denomination = 1s (default)
2019-09-26 17:08:36,276 [cbea0b3b-f476-41f1-83de-5e743f10a31d@group-D526AF08A45F:LeaderElection3] INFO  server.RaftServerConfigKeys (ConfUtils.java:logGet(43)) - raft.server.watch.element-limit = 65536 (default)
2019-09-26 17:08:36,276 [976348bf-752d-474b-bf3f-4c140837206e@group-F4FC2A2E10B0:LeaderElection2] INFO  server.RaftServerConfigKeys (ConfUtils.java:logGet(43)) - raft.server.watch.element-limit = 65536 (default)
2019-09-26 17:08:36,281 [cbea0b3b-f476-41f1-83de-5e743f10a31d@group-D526AF08A45F:LeaderElection3] INFO  impl.RoleInfo (RoleInfo.java:updateAndGet(143)) - cbea0b3b-f476-41f1-83de-5e743f10a31d: start LeaderState
2019-09-26 17:08:36,281 [cbea0b3b-f476-41f1-83de-5e743f10a31d@group-D526AF08A45F:LeaderElection3] INFO  segmented.SegmentedRaftLogWorker (SegmentedRaftLogWorker.java:startLogSegment(380)) - cbea0b3b-f476-41f1-83de-5e743f10a31d@group-D526AF08A45F-SegmentedRaftLogWorker: Starting segment from index:0
2019-09-26 17:08:36,281 [976348bf-752d-474b-bf3f-4c140837206e@group-F4FC2A2E10B0:LeaderElection2] INFO  impl.RoleInfo (RoleInfo.java:updateAndGet(143)) - 976348bf-752d-474b-bf3f-4c140837206e: start LeaderState
2019-09-26 17:08:36,282 [976348bf-752d-474b-bf3f-4c140837206e@group-F4FC2A2E10B0:LeaderElection2] INFO  segmented.SegmentedRaftLogWorker (SegmentedRaftLogWorker.java:startLogSegment(380)) - 976348bf-752d-474b-bf3f-4c140837206e@group-F4FC2A2E10B0-SegmentedRaftLogWorker: Starting segment from index:0
2019-09-26 17:08:36,282 [cbea0b3b-f476-41f1-83de-5e743f10a31d@group-D526AF08A45F:LeaderElection3] INFO  impl.RaftServerImpl (ServerState.java:setRaftConf(354)) - cbea0b3b-f476-41f1-83de-5e743f10a31d@group-D526AF08A45F: set configuration 0: [cbea0b3b-f476-41f1-83de-5e743f10a31d:192.168.157.234:38619], old=null at 0
2019-09-26 17:08:36,322 [976348bf-752d-474b-bf3f-4c140837206e@group-F4FC2A2E10B0:LeaderElection2] INFO  impl.RaftServerImpl (ServerState.java:setRaftConf(354)) - 976348bf-752d-474b-bf3f-4c140837206e@group-F4FC2A2E10B0: set configuration 0: [976348bf-752d-474b-bf3f-4c140837206e:192.168.157.234:41274], old=null at 0
2019-09-26 17:08:36,354 [cbea0b3b-f476-41f1-83de-5e743f10a31d@group-D526AF08A45F-SegmentedRaftLogWorker] INFO  segmented.SegmentedRaftLogWorker (SegmentedRaftLogWorker.java:execute(569)) - cbea0b3b-f476-41f1-83de-5e743f10a31d@group-D526AF08A45F-SegmentedRaftLogWorker: created new log segment /workdir/hadoop-ozone/integration-test/target/test-dir/MiniOzoneClusterImpl-803902cc-acfe-4386-bc2c-ad5c5c049692/datanode-4/data/ratis/114e35d3-ae3f-4b50-9b06-d526af08a45f/current/log_inprogress_0
2019-09-26 17:08:36,367 [976348bf-752d-474b-bf3f-4c140837206e@group-F4FC2A2E10B0-SegmentedRaftLogWorker] INFO  segmented.SegmentedRaftLogWorker (SegmentedRaftLogWorker.java:execute(569)) - 976348bf-752d-474b-bf3f-4c140837206e@group-F4FC2A2E10B0-SegmentedRaftLogWorker: created new log segment /workdir/hadoop-ozone/integration-test/target/test-dir/MiniOzoneClusterImpl-803902cc-acfe-4386-bc2c-ad5c5c049692/datanode-1/data/ratis/072c1c75-985f-44b7-84ab-f4fc2a2e10b0/current/log_inprogress_0
2019-09-26 17:08:36,471 [Thread-249] INFO  impl.FollowerState (FollowerState.java:run(106)) - c4ce83d4-301f-402e-8bea-6e9c1e173b42:group-ECF7D164BC61 changes to CANDIDATE, lastRpcTime:5191, electionTimeout:5191ms
2019-09-26 17:08:36,471 [Thread-249] INFO  impl.RoleInfo (RoleInfo.java:shutdownFollowerState(121)) - c4ce83d4-301f-402e-8bea-6e9c1e173b42: shutdown FollowerState
2019-09-26 17:08:36,472 [Thread-249] INFO  impl.RaftServerImpl (RaftServerImpl.java:setRole(174)) - c4ce83d4-301f-402e-8bea-6e9c1e173b42@group-ECF7D164BC61: changes role from  FOLLOWER to CANDIDATE at term 0 for changeToCandidate
2019-09-26 17:08:36,472 [Thread-249] INFO  impl.RoleInfo (RoleInfo.java:updateAndGet(143)) - c4ce83d4-301f-402e-8bea-6e9c1e173b42: start LeaderElection
2019-09-26 17:08:36,489 [c4ce83d4-301f-402e-8bea-6e9c1e173b42@group-ECF7D164BC61:LeaderElection4] INFO  impl.LeaderElection (LeaderElection.java:askForVotes(182)) - c4ce83d4-301f-402e-8bea-6e9c1e173b42@group-ECF7D164BC61:LeaderElection4: begin an election at term 1 for -1: [c4ce83d4-301f-402e-8bea-6e9c1e173b42:192.168.157.234:46067], old=null
2019-09-26 17:08:36,489 [c4ce83d4-301f-402e-8bea-6e9c1e173b42@group-ECF7D164BC61:LeaderElection4] INFO  impl.RoleInfo (RoleInfo.java:shutdownLeaderElection(134)) - c4ce83d4-301f-402e-8bea-6e9c1e173b42: shutdown LeaderElection
2019-09-26 17:08:36,490 [c4ce83d4-301f-402e-8bea-6e9c1e173b42@group-ECF7D164BC61:LeaderElection4] INFO  impl.RaftServerImpl (RaftServerImpl.java:setRole(174)) - c4ce83d4-301f-402e-8bea-6e9c1e173b42@group-ECF7D164BC61: changes role from CANDIDATE to LEADER at term 1 for changeToLeader
2019-09-26 17:08:36,490 [c4ce83d4-301f-402e-8bea-6e9c1e173b42@group-ECF7D164BC61:LeaderElection4] INFO  impl.RaftServerImpl (ServerState.java:setLeader(253)) - c4ce83d4-301f-402e-8bea-6e9c1e173b42@group-ECF7D164BC61: change Leader from null to c4ce83d4-301f-402e-8bea-6e9c1e173b42 at term 1 for becomeLeader, leader elected after 5221ms
2019-09-26 17:08:36,491 [c4ce83d4-301f-402e-8bea-6e9c1e173b42@group-ECF7D164BC61:LeaderElection4] INFO  server.RaftServerConfigKeys (ConfUtils.java:logGet(43)) - raft.server.staging.catchup.gap = 1000 (default)
2019-09-26 17:08:36,492 [c4ce83d4-301f-402e-8bea-6e9c1e173b42@group-ECF7D164BC61:LeaderElection4] INFO  server.RaftServerConfigKeys (ConfUtils.java:logGet(43)) - raft.server.rpc.sleep.time = 25ms (default)
2019-09-26 17:08:36,492 [c4ce83d4-301f-402e-8bea-6e9c1e173b42@group-ECF7D164BC61:LeaderElection4] INFO  server.RaftServerConfigKeys (ConfUtils.java:logGet(43)) - raft.server.write.element-limit = 4096 (default)
2019-09-26 17:08:36,492 [c4ce83d4-301f-402e-8bea-6e9c1e173b42@group-ECF7D164BC61:LeaderElection4] INFO  server.RaftServerConfigKeys (ConfUtils.java:logGet(43)) - raft.server.watch.timeout = 10s (default)
2019-09-26 17:08:36,492 [c4ce83d4-301f-402e-8bea-6e9c1e173b42@group-ECF7D164BC61:LeaderElection4] INFO  server.RaftServerConfigKeys (ConfUtils.java:logGet(43)) - raft.server.watch.timeout.denomination = 1s (default)
2019-09-26 17:08:36,492 [c4ce83d4-301f-402e-8bea-6e9c1e173b42@group-ECF7D164BC61:LeaderElection4] INFO  server.RaftServerConfigKeys (ConfUtils.java:logGet(43)) - raft.server.watch.element-limit = 65536 (default)
2019-09-26 17:08:36,496 [c4ce83d4-301f-402e-8bea-6e9c1e173b42@group-ECF7D164BC61:LeaderElection4] INFO  impl.RoleInfo (RoleInfo.java:updateAndGet(143)) - c4ce83d4-301f-402e-8bea-6e9c1e173b42: start LeaderState
2019-09-26 17:08:36,496 [c4ce83d4-301f-402e-8bea-6e9c1e173b42@group-ECF7D164BC61:LeaderElection4] INFO  segmented.SegmentedRaftLogWorker (SegmentedRaftLogWorker.java:startLogSegment(380)) - c4ce83d4-301f-402e-8bea-6e9c1e173b42@group-ECF7D164BC61-SegmentedRaftLogWorker: Starting segment from index:0
2019-09-26 17:08:36,497 [c4ce83d4-301f-402e-8bea-6e9c1e173b42@group-ECF7D164BC61:LeaderElection4] INFO  impl.RaftServerImpl (ServerState.java:setRaftConf(354)) - c4ce83d4-301f-402e-8bea-6e9c1e173b42@group-ECF7D164BC61: set configuration 0: [c4ce83d4-301f-402e-8bea-6e9c1e173b42:192.168.157.234:46067], old=null at 0
2019-09-26 17:08:36,517 [Thread-252] INFO  impl.FollowerState (FollowerState.java:run(106)) - a06278e8-8500-4a0d-b21a-10769a037851:group-3AA1FB0B5CA3 changes to CANDIDATE, lastRpcTime:5151, electionTimeout:5151ms
2019-09-26 17:08:36,518 [Thread-252] INFO  impl.RoleInfo (RoleInfo.java:shutdownFollowerState(121)) - a06278e8-8500-4a0d-b21a-10769a037851: shutdown FollowerState
2019-09-26 17:08:36,518 [Thread-252] INFO  impl.RaftServerImpl (RaftServerImpl.java:setRole(174)) - a06278e8-8500-4a0d-b21a-10769a037851@group-3AA1FB0B5CA3: changes role from  FOLLOWER to CANDIDATE at term 0 for changeToCandidate
2019-09-26 17:08:36,518 [Thread-252] INFO  impl.RoleInfo (RoleInfo.java:updateAndGet(143)) - a06278e8-8500-4a0d-b21a-10769a037851: start LeaderElection
2019-09-26 17:08:36,531 [c4ce83d4-301f-402e-8bea-6e9c1e173b42@group-ECF7D164BC61-SegmentedRaftLogWorker] INFO  segmented.SegmentedRaftLogWorker (SegmentedRaftLogWorker.java:execute(569)) - c4ce83d4-301f-402e-8bea-6e9c1e173b42@group-ECF7D164BC61-SegmentedRaftLogWorker: created new log segment /workdir/hadoop-ozone/integration-test/target/test-dir/MiniOzoneClusterImpl-803902cc-acfe-4386-bc2c-ad5c5c049692/datanode-6/data/ratis/232ca8dd-36d0-4ca3-8c00-ecf7d164bc61/current/log_inprogress_0
2019-09-26 17:08:36,531 [a06278e8-8500-4a0d-b21a-10769a037851@group-3AA1FB0B5CA3:LeaderElection5] INFO  impl.LeaderElection (LeaderElection.java:askForVotes(182)) - a06278e8-8500-4a0d-b21a-10769a037851@group-3AA1FB0B5CA3:LeaderElection5: begin an election at term 1 for -1: [a06278e8-8500-4a0d-b21a-10769a037851:192.168.157.234:36171], old=null
2019-09-26 17:08:36,532 [a06278e8-8500-4a0d-b21a-10769a037851@group-3AA1FB0B5CA3:LeaderElection5] INFO  impl.RoleInfo (RoleInfo.java:shutdownLeaderElection(134)) - a06278e8-8500-4a0d-b21a-10769a037851: shutdown LeaderElection
2019-09-26 17:08:36,532 [a06278e8-8500-4a0d-b21a-10769a037851@group-3AA1FB0B5CA3:LeaderElection5] INFO  impl.RaftServerImpl (RaftServerImpl.java:setRole(174)) - a06278e8-8500-4a0d-b21a-10769a037851@group-3AA1FB0B5CA3: changes role from CANDIDATE to LEADER at term 1 for changeToLeader
2019-09-26 17:08:36,532 [a06278e8-8500-4a0d-b21a-10769a037851@group-3AA1FB0B5CA3:LeaderElection5] INFO  impl.RaftServerImpl (ServerState.java:setLeader(253)) - a06278e8-8500-4a0d-b21a-10769a037851@group-3AA1FB0B5CA3: change Leader from null to a06278e8-8500-4a0d-b21a-10769a037851 at term 1 for becomeLeader, leader elected after 5179ms
2019-09-26 17:08:36,534 [a06278e8-8500-4a0d-b21a-10769a037851@group-3AA1FB0B5CA3:LeaderElection5] INFO  server.RaftServerConfigKeys (ConfUtils.java:logGet(43)) - raft.server.staging.catchup.gap = 1000 (default)
2019-09-26 17:08:36,534 [a06278e8-8500-4a0d-b21a-10769a037851@group-3AA1FB0B5CA3:LeaderElection5] INFO  server.RaftServerConfigKeys (ConfUtils.java:logGet(43)) - raft.server.rpc.sleep.time = 25ms (default)
2019-09-26 17:08:36,534 [a06278e8-8500-4a0d-b21a-10769a037851@group-3AA1FB0B5CA3:LeaderElection5] INFO  server.RaftServerConfigKeys (ConfUtils.java:logGet(43)) - raft.server.write.element-limit = 4096 (default)
2019-09-26 17:08:36,534 [a06278e8-8500-4a0d-b21a-10769a037851@group-3AA1FB0B5CA3:LeaderElection5] INFO  server.RaftServerConfigKeys (ConfUtils.java:logGet(43)) - raft.server.watch.timeout = 10s (default)
2019-09-26 17:08:36,535 [a06278e8-8500-4a0d-b21a-10769a037851@group-3AA1FB0B5CA3:LeaderElection5] INFO  server.RaftServerConfigKeys (ConfUtils.java:logGet(43)) - raft.server.watch.timeout.denomination = 1s (default)
2019-09-26 17:08:36,535 [a06278e8-8500-4a0d-b21a-10769a037851@group-3AA1FB0B5CA3:LeaderElection5] INFO  server.RaftServerConfigKeys (ConfUtils.java:logGet(43)) - raft.server.watch.element-limit = 65536 (default)
2019-09-26 17:08:36,538 [a06278e8-8500-4a0d-b21a-10769a037851@group-3AA1FB0B5CA3:LeaderElection5] INFO  impl.RoleInfo (RoleInfo.java:updateAndGet(143)) - a06278e8-8500-4a0d-b21a-10769a037851: start LeaderState
2019-09-26 17:08:36,538 [a06278e8-8500-4a0d-b21a-10769a037851@group-3AA1FB0B5CA3:LeaderElection5] INFO  segmented.SegmentedRaftLogWorker (SegmentedRaftLogWorker.java:startLogSegment(380)) - a06278e8-8500-4a0d-b21a-10769a037851@group-3AA1FB0B5CA3-SegmentedRaftLogWorker: Starting segment from index:0
2019-09-26 17:08:36,539 [a06278e8-8500-4a0d-b21a-10769a037851@group-3AA1FB0B5CA3:LeaderElection5] INFO  impl.RaftServerImpl (ServerState.java:setRaftConf(354)) - a06278e8-8500-4a0d-b21a-10769a037851@group-3AA1FB0B5CA3: set configuration 0: [a06278e8-8500-4a0d-b21a-10769a037851:192.168.157.234:36171], old=null at 0
2019-09-26 17:08:36,571 [a06278e8-8500-4a0d-b21a-10769a037851@group-3AA1FB0B5CA3-SegmentedRaftLogWorker] INFO  segmented.SegmentedRaftLogWorker (SegmentedRaftLogWorker.java:execute(569)) - a06278e8-8500-4a0d-b21a-10769a037851@group-3AA1FB0B5CA3-SegmentedRaftLogWorker: created new log segment /workdir/hadoop-ozone/integration-test/target/test-dir/MiniOzoneClusterImpl-803902cc-acfe-4386-bc2c-ad5c5c049692/datanode-2/data/ratis/2cd9392b-7d11-4df2-8a9b-3aa1fb0b5ca3/current/log_inprogress_0
2019-09-26 17:08:36,635 [Thread-255] INFO  impl.FollowerState (FollowerState.java:run(106)) - 3fb71bf3-6feb-4b84-8871-a94f5c8b0267:group-C8F0811277F6 changes to CANDIDATE, lastRpcTime:5182, electionTimeout:5182ms
2019-09-26 17:08:36,636 [Thread-255] INFO  impl.RoleInfo (RoleInfo.java:shutdownFollowerState(121)) - 3fb71bf3-6feb-4b84-8871-a94f5c8b0267: shutdown FollowerState
2019-09-26 17:08:36,636 [Thread-255] INFO  impl.RaftServerImpl (RaftServerImpl.java:setRole(174)) - 3fb71bf3-6feb-4b84-8871-a94f5c8b0267@group-C8F0811277F6: changes role from  FOLLOWER to CANDIDATE at term 0 for changeToCandidate
2019-09-26 17:08:36,636 [Thread-255] INFO  impl.RoleInfo (RoleInfo.java:updateAndGet(143)) - 3fb71bf3-6feb-4b84-8871-a94f5c8b0267: start LeaderElection
2019-09-26 17:08:36,654 [3fb71bf3-6feb-4b84-8871-a94f5c8b0267@group-C8F0811277F6:LeaderElection6] INFO  impl.LeaderElection (LeaderElection.java:askForVotes(182)) - 3fb71bf3-6feb-4b84-8871-a94f5c8b0267@group-C8F0811277F6:LeaderElection6: begin an election at term 1 for -1: [3fb71bf3-6feb-4b84-8871-a94f5c8b0267:192.168.157.234:36251], old=null
2019-09-26 17:08:36,654 [3fb71bf3-6feb-4b84-8871-a94f5c8b0267@group-C8F0811277F6:LeaderElection6] INFO  impl.RoleInfo (RoleInfo.java:shutdownLeaderElection(134)) - 3fb71bf3-6feb-4b84-8871-a94f5c8b0267: shutdown LeaderElection
2019-09-26 17:08:36,655 [3fb71bf3-6feb-4b84-8871-a94f5c8b0267@group-C8F0811277F6:LeaderElection6] INFO  impl.RaftServerImpl (RaftServerImpl.java:setRole(174)) - 3fb71bf3-6feb-4b84-8871-a94f5c8b0267@group-C8F0811277F6: changes role from CANDIDATE to LEADER at term 1 for changeToLeader
2019-09-26 17:08:36,655 [3fb71bf3-6feb-4b84-8871-a94f5c8b0267@group-C8F0811277F6:LeaderElection6] INFO  impl.RaftServerImpl (ServerState.java:setLeader(253)) - 3fb71bf3-6feb-4b84-8871-a94f5c8b0267@group-C8F0811277F6: change Leader from null to 3fb71bf3-6feb-4b84-8871-a94f5c8b0267 at term 1 for becomeLeader, leader elected after 5215ms
2019-09-26 17:08:36,656 [3fb71bf3-6feb-4b84-8871-a94f5c8b0267@group-C8F0811277F6:LeaderElection6] INFO  server.RaftServerConfigKeys (ConfUtils.java:logGet(43)) - raft.server.staging.catchup.gap = 1000 (default)
2019-09-26 17:08:36,656 [3fb71bf3-6feb-4b84-8871-a94f5c8b0267@group-C8F0811277F6:LeaderElection6] INFO  server.RaftServerConfigKeys (ConfUtils.java:logGet(43)) - raft.server.rpc.sleep.time = 25ms (default)
2019-09-26 17:08:36,656 [3fb71bf3-6feb-4b84-8871-a94f5c8b0267@group-C8F0811277F6:LeaderElection6] INFO  server.RaftServerConfigKeys (ConfUtils.java:logGet(43)) - raft.server.write.element-limit = 4096 (default)
2019-09-26 17:08:36,657 [3fb71bf3-6feb-4b84-8871-a94f5c8b0267@group-C8F0811277F6:LeaderElection6] INFO  server.RaftServerConfigKeys (ConfUtils.java:logGet(43)) - raft.server.watch.timeout = 10s (default)
2019-09-26 17:08:36,657 [3fb71bf3-6feb-4b84-8871-a94f5c8b0267@group-C8F0811277F6:LeaderElection6] INFO  server.RaftServerConfigKeys (ConfUtils.java:logGet(43)) - raft.server.watch.timeout.denomination = 1s (default)
2019-09-26 17:08:36,657 [3fb71bf3-6feb-4b84-8871-a94f5c8b0267@group-C8F0811277F6:LeaderElection6] INFO  server.RaftServerConfigKeys (ConfUtils.java:logGet(43)) - raft.server.watch.element-limit = 65536 (default)
2019-09-26 17:08:36,659 [3fb71bf3-6feb-4b84-8871-a94f5c8b0267@group-C8F0811277F6:LeaderElection6] INFO  impl.RoleInfo (RoleInfo.java:updateAndGet(143)) - 3fb71bf3-6feb-4b84-8871-a94f5c8b0267: start LeaderState
2019-09-26 17:08:36,660 [3fb71bf3-6feb-4b84-8871-a94f5c8b0267@group-C8F0811277F6:LeaderElection6] INFO  segmented.SegmentedRaftLogWorker (SegmentedRaftLogWorker.java:startLogSegment(380)) - 3fb71bf3-6feb-4b84-8871-a94f5c8b0267@group-C8F0811277F6-SegmentedRaftLogWorker: Starting segment from index:0
2019-09-26 17:08:36,660 [3fb71bf3-6feb-4b84-8871-a94f5c8b0267@group-C8F0811277F6:LeaderElection6] INFO  impl.RaftServerImpl (ServerState.java:setRaftConf(354)) - 3fb71bf3-6feb-4b84-8871-a94f5c8b0267@group-C8F0811277F6: set configuration 0: [3fb71bf3-6feb-4b84-8871-a94f5c8b0267:192.168.157.234:36251], old=null at 0
2019-09-26 17:08:36,692 [Thread-267] INFO  impl.FollowerState (FollowerState.java:run(106)) - cbea0b3b-f476-41f1-83de-5e743f10a31d:group-B20AE24D12A6 changes to CANDIDATE, lastRpcTime:5023, electionTimeout:5014ms
2019-09-26 17:08:36,692 [Thread-258] INFO  impl.FollowerState (FollowerState.java:run(106)) - 59a99ee5-408e-4965-9769-9416b82e2659:group-57A32536345C changes to CANDIDATE, lastRpcTime:5154, electionTimeout:5141ms
2019-09-26 17:08:36,692 [Thread-267] INFO  impl.RoleInfo (RoleInfo.java:shutdownFollowerState(121)) - cbea0b3b-f476-41f1-83de-5e743f10a31d: shutdown FollowerState
2019-09-26 17:08:36,692 [Thread-258] INFO  impl.RoleInfo (RoleInfo.java:shutdownFollowerState(121)) - 59a99ee5-408e-4965-9769-9416b82e2659: shutdown FollowerState
2019-09-26 17:08:36,692 [Thread-267] INFO  impl.RaftServerImpl (RaftServerImpl.java:setRole(174)) - cbea0b3b-f476-41f1-83de-5e743f10a31d@group-B20AE24D12A6: changes role from  FOLLOWER to CANDIDATE at term 0 for changeToCandidate
2019-09-26 17:08:36,693 [Thread-258] INFO  impl.RaftServerImpl (RaftServerImpl.java:setRole(174)) - 59a99ee5-408e-4965-9769-9416b82e2659@group-57A32536345C: changes role from  FOLLOWER to CANDIDATE at term 0 for changeToCandidate
2019-09-26 17:08:36,693 [Thread-267] INFO  impl.RoleInfo (RoleInfo.java:updateAndGet(143)) - cbea0b3b-f476-41f1-83de-5e743f10a31d: start LeaderElection
2019-09-26 17:08:36,693 [Thread-258] INFO  impl.RoleInfo (RoleInfo.java:updateAndGet(143)) - 59a99ee5-408e-4965-9769-9416b82e2659: start LeaderElection
2019-09-26 17:08:36,705 [3fb71bf3-6feb-4b84-8871-a94f5c8b0267@group-C8F0811277F6-SegmentedRaftLogWorker] INFO  segmented.SegmentedRaftLogWorker (SegmentedRaftLogWorker.java:execute(569)) - 3fb71bf3-6feb-4b84-8871-a94f5c8b0267@group-C8F0811277F6-SegmentedRaftLogWorker: created new log segment /workdir/hadoop-ozone/integration-test/target/test-dir/MiniOzoneClusterImpl-803902cc-acfe-4386-bc2c-ad5c5c049692/datanode-3/data/ratis/31a0f086-f925-4cde-8b63-c8f0811277f6/current/log_inprogress_0
2019-09-26 17:08:36,705 [59a99ee5-408e-4965-9769-9416b82e2659@group-57A32536345C:LeaderElection8] INFO  impl.LeaderElection (LeaderElection.java:askForVotes(182)) - 59a99ee5-408e-4965-9769-9416b82e2659@group-57A32536345C:LeaderElection8: begin an election at term 1 for -1: [59a99ee5-408e-4965-9769-9416b82e2659:192.168.157.234:46168], old=null
2019-09-26 17:08:36,705 [cbea0b3b-f476-41f1-83de-5e743f10a31d@group-B20AE24D12A6:LeaderElection7] INFO  impl.LeaderElection (LeaderElection.java:askForVotes(182)) - cbea0b3b-f476-41f1-83de-5e743f10a31d@group-B20AE24D12A6:LeaderElection7: begin an election at term 1 for -1: [cbea0b3b-f476-41f1-83de-5e743f10a31d:192.168.157.234:38619, 976348bf-752d-474b-bf3f-4c140837206e:192.168.157.234:41274, c4ce83d4-301f-402e-8bea-6e9c1e173b42:192.168.157.234:46067], old=null
2019-09-26 17:08:36,705 [59a99ee5-408e-4965-9769-9416b82e2659@group-57A32536345C:LeaderElection8] INFO  impl.RoleInfo (RoleInfo.java:shutdownLeaderElection(134)) - 59a99ee5-408e-4965-9769-9416b82e2659: shutdown LeaderElection
2019-09-26 17:08:36,705 [59a99ee5-408e-4965-9769-9416b82e2659@group-57A32536345C:LeaderElection8] INFO  impl.RaftServerImpl (RaftServerImpl.java:setRole(174)) - 59a99ee5-408e-4965-9769-9416b82e2659@group-57A32536345C: changes role from CANDIDATE to LEADER at term 1 for changeToLeader
2019-09-26 17:08:36,705 [59a99ee5-408e-4965-9769-9416b82e2659@group-57A32536345C:LeaderElection8] INFO  impl.RaftServerImpl (ServerState.java:setLeader(253)) - 59a99ee5-408e-4965-9769-9416b82e2659@group-57A32536345C: change Leader from null to 59a99ee5-408e-4965-9769-9416b82e2659 at term 1 for becomeLeader, leader elected after 5184ms
2019-09-26 17:08:36,707 [59a99ee5-408e-4965-9769-9416b82e2659@group-57A32536345C:LeaderElection8] INFO  server.RaftServerConfigKeys (ConfUtils.java:logGet(43)) - raft.server.staging.catchup.gap = 1000 (default)
2019-09-26 17:08:36,707 [59a99ee5-408e-4965-9769-9416b82e2659@group-57A32536345C:LeaderElection8] INFO  server.RaftServerConfigKeys (ConfUtils.java:logGet(43)) - raft.server.rpc.sleep.time = 25ms (default)
2019-09-26 17:08:36,707 [59a99ee5-408e-4965-9769-9416b82e2659@group-57A32536345C:LeaderElection8] INFO  server.RaftServerConfigKeys (ConfUtils.java:logGet(43)) - raft.server.write.element-limit = 4096 (default)
2019-09-26 17:08:36,707 [59a99ee5-408e-4965-9769-9416b82e2659@group-57A32536345C:LeaderElection8] INFO  server.RaftServerConfigKeys (ConfUtils.java:logGet(43)) - raft.server.watch.timeout = 10s (default)
2019-09-26 17:08:36,707 [59a99ee5-408e-4965-9769-9416b82e2659@group-57A32536345C:LeaderElection8] INFO  server.RaftServerConfigKeys (ConfUtils.java:logGet(43)) - raft.server.watch.timeout.denomination = 1s (default)
2019-09-26 17:08:36,708 [59a99ee5-408e-4965-9769-9416b82e2659@group-57A32536345C:LeaderElection8] INFO  server.RaftServerConfigKeys (ConfUtils.java:logGet(43)) - raft.server.watch.element-limit = 65536 (default)
2019-09-26 17:08:36,710 [59a99ee5-408e-4965-9769-9416b82e2659@group-57A32536345C:LeaderElection8] INFO  impl.RoleInfo (RoleInfo.java:updateAndGet(143)) - 59a99ee5-408e-4965-9769-9416b82e2659: start LeaderState
2019-09-26 17:08:36,711 [59a99ee5-408e-4965-9769-9416b82e2659@group-57A32536345C:LeaderElection8] INFO  segmented.SegmentedRaftLogWorker (SegmentedRaftLogWorker.java:startLogSegment(380)) - 59a99ee5-408e-4965-9769-9416b82e2659@group-57A32536345C-SegmentedRaftLogWorker: Starting segment from index:0
2019-09-26 17:08:36,711 [59a99ee5-408e-4965-9769-9416b82e2659@group-57A32536345C:LeaderElection8] INFO  impl.RaftServerImpl (ServerState.java:setRaftConf(354)) - 59a99ee5-408e-4965-9769-9416b82e2659@group-57A32536345C: set configuration 0: [59a99ee5-408e-4965-9769-9416b82e2659:192.168.157.234:46168], old=null at 0
2019-09-26 17:08:36,737 [59a99ee5-408e-4965-9769-9416b82e2659@group-57A32536345C-SegmentedRaftLogWorker] INFO  segmented.SegmentedRaftLogWorker (SegmentedRaftLogWorker.java:execute(569)) - 59a99ee5-408e-4965-9769-9416b82e2659@group-57A32536345C-SegmentedRaftLogWorker: created new log segment /workdir/hadoop-ozone/integration-test/target/test-dir/MiniOzoneClusterImpl-803902cc-acfe-4386-bc2c-ad5c5c049692/datanode-5/data/ratis/abf0a63e-4dee-4d14-bb41-57a32536345c/current/log_inprogress_0
2019-09-26 17:08:36,748 [grpc-default-executor-0] INFO  impl.RaftServerImpl (RaftServerImpl.java:setRole(174)) - 976348bf-752d-474b-bf3f-4c140837206e@group-B20AE24D12A6: changes role from  FOLLOWER to FOLLOWER at term 1 for recognizeCandidate:cbea0b3b-f476-41f1-83de-5e743f10a31d
2019-09-26 17:08:36,748 [grpc-default-executor-1] INFO  impl.RaftServerImpl (RaftServerImpl.java:setRole(174)) - c4ce83d4-301f-402e-8bea-6e9c1e173b42@group-B20AE24D12A6: changes role from  FOLLOWER to FOLLOWER at term 1 for recognizeCandidate:cbea0b3b-f476-41f1-83de-5e743f10a31d
2019-09-26 17:08:36,748 [grpc-default-executor-0] INFO  impl.RoleInfo (RoleInfo.java:shutdownFollowerState(121)) - 976348bf-752d-474b-bf3f-4c140837206e: shutdown FollowerState
2019-09-26 17:08:36,748 [grpc-default-executor-1] INFO  impl.RoleInfo (RoleInfo.java:shutdownFollowerState(121)) - c4ce83d4-301f-402e-8bea-6e9c1e173b42: shutdown FollowerState
2019-09-26 17:08:36,748 [grpc-default-executor-0] INFO  impl.RoleInfo (RoleInfo.java:updateAndGet(143)) - 976348bf-752d-474b-bf3f-4c140837206e: start FollowerState
2019-09-26 17:08:36,748 [grpc-default-executor-1] INFO  impl.RoleInfo (RoleInfo.java:updateAndGet(143)) - c4ce83d4-301f-402e-8bea-6e9c1e173b42: start FollowerState
2019-09-26 17:08:36,748 [Thread-263] INFO  impl.FollowerState (FollowerState.java:run(115)) - 976348bf-752d-474b-bf3f-4c140837206e: FollowerState was interrupted: java.lang.InterruptedException: sleep interrupted
2019-09-26 17:08:36,748 [Thread-265] INFO  impl.FollowerState (FollowerState.java:run(115)) - c4ce83d4-301f-402e-8bea-6e9c1e173b42: FollowerState was interrupted: java.lang.InterruptedException: sleep interrupted
2019-09-26 17:08:36,781 [cbea0b3b-f476-41f1-83de-5e743f10a31d@group-B20AE24D12A6:LeaderElection7] INFO  impl.LeaderElection (LeaderElection.java:logAndReturn(56)) - cbea0b3b-f476-41f1-83de-5e743f10a31d@group-B20AE24D12A6:LeaderElection7: Election PASSED; received 1 response(s) [cbea0b3b-f476-41f1-83de-5e743f10a31d<-c4ce83d4-301f-402e-8bea-6e9c1e173b42#0:OK-t1] and 0 exception(s); cbea0b3b-f476-41f1-83de-5e743f10a31d@group-B20AE24D12A6:t1, leader=null, voted=cbea0b3b-f476-41f1-83de-5e743f10a31d, raftlog=cbea0b3b-f476-41f1-83de-5e743f10a31d@group-B20AE24D12A6-SegmentedRaftLog:OPENED:c-1,f-1,i0, conf=-1: [cbea0b3b-f476-41f1-83de-5e743f10a31d:192.168.157.234:38619, 976348bf-752d-474b-bf3f-4c140837206e:192.168.157.234:41274, c4ce83d4-301f-402e-8bea-6e9c1e173b42:192.168.157.234:46067], old=null
2019-09-26 17:08:36,782 [cbea0b3b-f476-41f1-83de-5e743f10a31d@group-B20AE24D12A6:LeaderElection7] INFO  impl.RoleInfo (RoleInfo.java:shutdownLeaderElection(134)) - cbea0b3b-f476-41f1-83de-5e743f10a31d: shutdown LeaderElection
2019-09-26 17:08:36,782 [cbea0b3b-f476-41f1-83de-5e743f10a31d@group-B20AE24D12A6:LeaderElection7] INFO  impl.RaftServerImpl (RaftServerImpl.java:setRole(174)) - cbea0b3b-f476-41f1-83de-5e743f10a31d@group-B20AE24D12A6: changes role from CANDIDATE to LEADER at term 1 for changeToLeader
2019-09-26 17:08:36,782 [cbea0b3b-f476-41f1-83de-5e743f10a31d@group-B20AE24D12A6:LeaderElection7] INFO  impl.RaftServerImpl (ServerState.java:setLeader(253)) - cbea0b3b-f476-41f1-83de-5e743f10a31d@group-B20AE24D12A6: change Leader from null to cbea0b3b-f476-41f1-83de-5e743f10a31d at term 1 for becomeLeader, leader elected after 5127ms
2019-09-26 17:08:36,784 [cbea0b3b-f476-41f1-83de-5e743f10a31d@group-B20AE24D12A6:LeaderElection7] INFO  server.RaftServerConfigKeys (ConfUtils.java:logGet(43)) - raft.server.staging.catchup.gap = 1000 (default)
2019-09-26 17:08:36,785 [cbea0b3b-f476-41f1-83de-5e743f10a31d@group-B20AE24D12A6:LeaderElection7] INFO  server.RaftServerConfigKeys (ConfUtils.java:logGet(43)) - raft.server.rpc.sleep.time = 25ms (default)
2019-09-26 17:08:36,785 [cbea0b3b-f476-41f1-83de-5e743f10a31d@group-B20AE24D12A6:LeaderElection7] INFO  server.RaftServerConfigKeys (ConfUtils.java:logGet(43)) - raft.server.write.element-limit = 4096 (default)
2019-09-26 17:08:36,785 [cbea0b3b-f476-41f1-83de-5e743f10a31d@group-B20AE24D12A6:LeaderElection7] INFO  server.RaftServerConfigKeys (ConfUtils.java:logGet(43)) - raft.server.watch.timeout = 10s (default)
2019-09-26 17:08:36,785 [cbea0b3b-f476-41f1-83de-5e743f10a31d@group-B20AE24D12A6:LeaderElection7] INFO  server.RaftServerConfigKeys (ConfUtils.java:logGet(43)) - raft.server.watch.timeout.denomination = 1s (default)
2019-09-26 17:08:36,785 [cbea0b3b-f476-41f1-83de-5e743f10a31d@group-B20AE24D12A6:LeaderElection7] INFO  server.RaftServerConfigKeys (ConfUtils.java:logGet(43)) - raft.server.watch.element-limit = 65536 (default)
2019-09-26 17:08:36,787 [Thread-274] INFO  impl.FollowerState (FollowerState.java:run(106)) - 3fb71bf3-6feb-4b84-8871-a94f5c8b0267:group-E967BAEB7D49 changes to CANDIDATE, lastRpcTime:5001, electionTimeout:5001ms
2019-09-26 17:08:36,789 [Thread-274] INFO  impl.RoleInfo (RoleInfo.java:shutdownFollowerState(121)) - 3fb71bf3-6feb-4b84-8871-a94f5c8b0267: shutdown FollowerState
2019-09-26 17:08:36,789 [Thread-274] INFO  impl.RaftServerImpl (RaftServerImpl.java:setRole(174)) - 3fb71bf3-6feb-4b84-8871-a94f5c8b0267@group-E967BAEB7D49: changes role from  FOLLOWER to CANDIDATE at term 0 for changeToCandidate
2019-09-26 17:08:36,790 [Thread-274] INFO  impl.RoleInfo (RoleInfo.java:updateAndGet(143)) - 3fb71bf3-6feb-4b84-8871-a94f5c8b0267: start LeaderElection
2019-09-26 17:08:36,795 [cbea0b3b-f476-41f1-83de-5e743f10a31d@group-B20AE24D12A6:LeaderElection7] INFO  server.RaftServerConfigKeys (ConfUtils.java:logGet(43)) - raft.server.log.appender.snapshot.chunk.size.max = 16MB (=16777216) (default)
2019-09-26 17:08:36,796 [cbea0b3b-f476-41f1-83de-5e743f10a31d@group-B20AE24D12A6:LeaderElection7] INFO  server.RaftServerConfigKeys (ConfUtils.java:logGet(43)) - raft.server.log.appender.buffer.byte-limit = 33554432 (custom)
2019-09-26 17:08:36,796 [cbea0b3b-f476-41f1-83de-5e743f10a31d@group-B20AE24D12A6:LeaderElection7] INFO  server.RaftServerConfigKeys (ConfUtils.java:logGet(43)) - raft.server.log.appender.buffer.element-limit = 1 (custom)
2019-09-26 17:08:36,799 [cbea0b3b-f476-41f1-83de-5e743f10a31d@group-B20AE24D12A6:LeaderElection7] INFO  grpc.GrpcConfigKeys$Server (ConfUtils.java:logGet(43)) - raft.grpc.server.leader.outstanding.appends.max = 128 (default)
2019-09-26 17:08:36,805 [cbea0b3b-f476-41f1-83de-5e743f10a31d@group-B20AE24D12A6:LeaderElection7] INFO  server.RaftServerConfigKeys (ConfUtils.java:logGet(43)) - raft.server.rpc.request.timeout = 3000ms (default)
2019-09-26 17:08:36,805 [cbea0b3b-f476-41f1-83de-5e743f10a31d@group-B20AE24D12A6:LeaderElection7] INFO  server.RaftServerConfigKeys (ConfUtils.java:logGet(43)) - raft.server.log.appender.install.snapshot.enabled = false (custom)
2019-09-26 17:08:36,806 [cbea0b3b-f476-41f1-83de-5e743f10a31d@group-B20AE24D12A6:LeaderElection7] INFO  server.RaftServerConfigKeys (ConfUtils.java:logGet(43)) - raft.server.log.appender.snapshot.chunk.size.max = 16MB (=16777216) (default)
2019-09-26 17:08:36,806 [cbea0b3b-f476-41f1-83de-5e743f10a31d@group-B20AE24D12A6:LeaderElection7] INFO  server.RaftServerConfigKeys (ConfUtils.java:logGet(43)) - raft.server.log.appender.buffer.byte-limit = 33554432 (custom)
2019-09-26 17:08:36,806 [cbea0b3b-f476-41f1-83de-5e743f10a31d@group-B20AE24D12A6:LeaderElection7] INFO  server.RaftServerConfigKeys (ConfUtils.java:logGet(43)) - raft.server.log.appender.buffer.element-limit = 1 (custom)
2019-09-26 17:08:36,807 [cbea0b3b-f476-41f1-83de-5e743f10a31d@group-B20AE24D12A6:LeaderElection7] INFO  grpc.GrpcConfigKeys$Server (ConfUtils.java:logGet(43)) - raft.grpc.server.leader.outstanding.appends.max = 128 (default)
2019-09-26 17:08:36,807 [cbea0b3b-f476-41f1-83de-5e743f10a31d@group-B20AE24D12A6:LeaderElection7] INFO  server.RaftServerConfigKeys (ConfUtils.java:logGet(43)) - raft.server.rpc.request.timeout = 3000ms (default)
2019-09-26 17:08:36,807 [cbea0b3b-f476-41f1-83de-5e743f10a31d@group-B20AE24D12A6:LeaderElection7] INFO  server.RaftServerConfigKeys (ConfUtils.java:logGet(43)) - raft.server.log.appender.install.snapshot.enabled = false (custom)
2019-09-26 17:08:36,807 [3fb71bf3-6feb-4b84-8871-a94f5c8b0267@group-E967BAEB7D49:LeaderElection9] INFO  impl.LeaderElection (LeaderElection.java:askForVotes(182)) - 3fb71bf3-6feb-4b84-8871-a94f5c8b0267@group-E967BAEB7D49:LeaderElection9: begin an election at term 1 for -1: [a06278e8-8500-4a0d-b21a-10769a037851:192.168.157.234:36171, 3fb71bf3-6feb-4b84-8871-a94f5c8b0267:192.168.157.234:36251, f5099b68-b325-4483-8045-ecdc9d46cec7:192.168.157.234:41474], old=null
2019-09-26 17:08:36,884 [Thread-272] INFO  impl.FollowerState (FollowerState.java:run(106)) - f5099b68-b325-4483-8045-ecdc9d46cec7:group-E967BAEB7D49 changes to CANDIDATE, lastRpcTime:5100, electionTimeout:5099ms
2019-09-26 17:08:36,886 [Thread-272] INFO  impl.RoleInfo (RoleInfo.java:shutdownFollowerState(121)) - f5099b68-b325-4483-8045-ecdc9d46cec7: shutdown FollowerState
2019-09-26 17:08:36,886 [Thread-272] INFO  impl.RaftServerImpl (RaftServerImpl.java:setRole(174)) - f5099b68-b325-4483-8045-ecdc9d46cec7@group-E967BAEB7D49: changes role from  FOLLOWER to CANDIDATE at term 0 for changeToCandidate
2019-09-26 17:08:36,887 [Thread-272] INFO  impl.RoleInfo (RoleInfo.java:updateAndGet(143)) - f5099b68-b325-4483-8045-ecdc9d46cec7: start LeaderElection
2019-09-26 17:08:36,887 [cbea0b3b-f476-41f1-83de-5e743f10a31d@group-B20AE24D12A6:LeaderElection7] INFO  impl.RoleInfo (RoleInfo.java:updateAndGet(143)) - cbea0b3b-f476-41f1-83de-5e743f10a31d: start LeaderState
2019-09-26 17:08:36,891 [cbea0b3b-f476-41f1-83de-5e743f10a31d@group-B20AE24D12A6:LeaderElection7] INFO  segmented.SegmentedRaftLogWorker (SegmentedRaftLogWorker.java:startLogSegment(380)) - cbea0b3b-f476-41f1-83de-5e743f10a31d@group-B20AE24D12A6-SegmentedRaftLogWorker: Starting segment from index:0
2019-09-26 17:08:36,893 [main] INFO  ipc.Client (Client.java:handleConnectionFailure(948)) - Retrying connect to server: localhost/127.0.0.1:0. Already tried 4 time(s); retry policy is RetryUpToMaximumCountWithFixedSleep(maxRetries=10, sleepTime=1000 MILLISECONDS)
2019-09-26 17:08:36,930 [cbea0b3b-f476-41f1-83de-5e743f10a31d@group-B20AE24D12A6:LeaderElection7] INFO  impl.RaftServerImpl (ServerState.java:setRaftConf(354)) - cbea0b3b-f476-41f1-83de-5e743f10a31d@group-B20AE24D12A6: set configuration 0: [cbea0b3b-f476-41f1-83de-5e743f10a31d:192.168.157.234:38619, 976348bf-752d-474b-bf3f-4c140837206e:192.168.157.234:41274, c4ce83d4-301f-402e-8bea-6e9c1e173b42:192.168.157.234:46067], old=null at 0
2019-09-26 17:08:36,945 [cbea0b3b-f476-41f1-83de-5e743f10a31d@group-B20AE24D12A6-SegmentedRaftLogWorker] INFO  segmented.SegmentedRaftLogWorker (SegmentedRaftLogWorker.java:execute(569)) - cbea0b3b-f476-41f1-83de-5e743f10a31d@group-B20AE24D12A6-SegmentedRaftLogWorker: created new log segment /workdir/hadoop-ozone/integration-test/target/test-dir/MiniOzoneClusterImpl-803902cc-acfe-4386-bc2c-ad5c5c049692/datanode-4/data/ratis/0136b66b-c316-44c1-a85a-b20ae24d12a6/current/log_inprogress_0
2019-09-26 17:08:36,946 [Thread-276] INFO  impl.FollowerState (FollowerState.java:run(106)) - a06278e8-8500-4a0d-b21a-10769a037851:group-E967BAEB7D49 changes to CANDIDATE, lastRpcTime:5147, electionTimeout:5144ms
2019-09-26 17:08:36,959 [f5099b68-b325-4483-8045-ecdc9d46cec7@group-E967BAEB7D49:LeaderElection10] INFO  impl.LeaderElection (LeaderElection.java:askForVotes(182)) - f5099b68-b325-4483-8045-ecdc9d46cec7@group-E967BAEB7D49:LeaderElection10: begin an election at term 1 for -1: [a06278e8-8500-4a0d-b21a-10769a037851:192.168.157.234:36171, 3fb71bf3-6feb-4b84-8871-a94f5c8b0267:192.168.157.234:36251, f5099b68-b325-4483-8045-ecdc9d46cec7:192.168.157.234:41474], old=null
2019-09-26 17:08:36,959 [Thread-276] INFO  impl.RoleInfo (RoleInfo.java:shutdownFollowerState(121)) - a06278e8-8500-4a0d-b21a-10769a037851: shutdown FollowerState
2019-09-26 17:08:36,960 [Thread-276] INFO  impl.RaftServerImpl (RaftServerImpl.java:setRole(174)) - a06278e8-8500-4a0d-b21a-10769a037851@group-E967BAEB7D49: changes role from  FOLLOWER to CANDIDATE at term 0 for changeToCandidate
2019-09-26 17:08:36,960 [Thread-276] INFO  impl.RoleInfo (RoleInfo.java:updateAndGet(143)) - a06278e8-8500-4a0d-b21a-10769a037851: start LeaderElection
2019-09-26 17:08:36,973 [a06278e8-8500-4a0d-b21a-10769a037851@group-E967BAEB7D49:LeaderElection11] INFO  impl.LeaderElection (LeaderElection.java:askForVotes(182)) - a06278e8-8500-4a0d-b21a-10769a037851@group-E967BAEB7D49:LeaderElection11: begin an election at term 1 for -1: [a06278e8-8500-4a0d-b21a-10769a037851:192.168.157.234:36171, 3fb71bf3-6feb-4b84-8871-a94f5c8b0267:192.168.157.234:36251, f5099b68-b325-4483-8045-ecdc9d46cec7:192.168.157.234:41474], old=null
2019-09-26 17:08:36,991 [3fb71bf3-6feb-4b84-8871-a94f5c8b0267@group-E967BAEB7D49:LeaderElection9] INFO  impl.LeaderElection (LeaderElection.java:logAndReturn(56)) - 3fb71bf3-6feb-4b84-8871-a94f5c8b0267@group-E967BAEB7D49:LeaderElection9: Election REJECTED; received 2 response(s) [3fb71bf3-6feb-4b84-8871-a94f5c8b0267<-a06278e8-8500-4a0d-b21a-10769a037851#0:FAIL-t1, 3fb71bf3-6feb-4b84-8871-a94f5c8b0267<-f5099b68-b325-4483-8045-ecdc9d46cec7#0:FAIL-t1] and 0 exception(s); 3fb71bf3-6feb-4b84-8871-a94f5c8b0267@group-E967BAEB7D49:t1, leader=null, voted=3fb71bf3-6feb-4b84-8871-a94f5c8b0267, raftlog=3fb71bf3-6feb-4b84-8871-a94f5c8b0267@group-E967BAEB7D49-SegmentedRaftLog:OPENED:c-1,f-1,i0, conf=-1: [a06278e8-8500-4a0d-b21a-10769a037851:192.168.157.234:36171, 3fb71bf3-6feb-4b84-8871-a94f5c8b0267:192.168.157.234:36251, f5099b68-b325-4483-8045-ecdc9d46cec7:192.168.157.234:41474], old=null
2019-09-26 17:08:36,992 [3fb71bf3-6feb-4b84-8871-a94f5c8b0267@group-E967BAEB7D49:LeaderElection9] INFO  impl.RaftServerImpl (RaftServerImpl.java:setRole(174)) - 3fb71bf3-6feb-4b84-8871-a94f5c8b0267@group-E967BAEB7D49: changes role from CANDIDATE to FOLLOWER at term 1 for DISCOVERED_A_NEW_TERM
2019-09-26 17:08:36,995 [3fb71bf3-6feb-4b84-8871-a94f5c8b0267@group-E967BAEB7D49:LeaderElection9] INFO  impl.RoleInfo (RoleInfo.java:shutdownLeaderElection(134)) - 3fb71bf3-6feb-4b84-8871-a94f5c8b0267: shutdown LeaderElection
2019-09-26 17:08:36,996 [3fb71bf3-6feb-4b84-8871-a94f5c8b0267@group-E967BAEB7D49:LeaderElection9] INFO  impl.RoleInfo (RoleInfo.java:updateAndGet(143)) - 3fb71bf3-6feb-4b84-8871-a94f5c8b0267: start FollowerState
2019-09-26 17:08:37,006 [f5099b68-b325-4483-8045-ecdc9d46cec7@group-E967BAEB7D49:LeaderElection10] INFO  impl.LeaderElection (LeaderElection.java:logAndReturn(56)) - f5099b68-b325-4483-8045-ecdc9d46cec7@group-E967BAEB7D49:LeaderElection10: Election REJECTED; received 2 response(s) [f5099b68-b325-4483-8045-ecdc9d46cec7<-a06278e8-8500-4a0d-b21a-10769a037851#0:FAIL-t1, f5099b68-b325-4483-8045-ecdc9d46cec7<-3fb71bf3-6feb-4b84-8871-a94f5c8b0267#0:FAIL-t1] and 0 exception(s); f5099b68-b325-4483-8045-ecdc9d46cec7@group-E967BAEB7D49:t1, leader=null, voted=f5099b68-b325-4483-8045-ecdc9d46cec7, raftlog=f5099b68-b325-4483-8045-ecdc9d46cec7@group-E967BAEB7D49-SegmentedRaftLog:OPENED:c-1,f-1,i0, conf=-1: [a06278e8-8500-4a0d-b21a-10769a037851:192.168.157.234:36171, 3fb71bf3-6feb-4b84-8871-a94f5c8b0267:192.168.157.234:36251, f5099b68-b325-4483-8045-ecdc9d46cec7:192.168.157.234:41474], old=null
2019-09-26 17:08:37,008 [f5099b68-b325-4483-8045-ecdc9d46cec7@group-E967BAEB7D49:LeaderElection10] INFO  impl.RaftServerImpl (RaftServerImpl.java:setRole(174)) - f5099b68-b325-4483-8045-ecdc9d46cec7@group-E967BAEB7D49: changes role from CANDIDATE to FOLLOWER at term 1 for DISCOVERED_A_NEW_TERM
2019-09-26 17:08:37,011 [f5099b68-b325-4483-8045-ecdc9d46cec7@group-E967BAEB7D49:LeaderElection10] INFO  impl.RoleInfo (RoleInfo.java:shutdownLeaderElection(134)) - f5099b68-b325-4483-8045-ecdc9d46cec7: shutdown LeaderElection
2019-09-26 17:08:37,017 [f5099b68-b325-4483-8045-ecdc9d46cec7@group-E967BAEB7D49:LeaderElection10] INFO  impl.RoleInfo (RoleInfo.java:updateAndGet(143)) - f5099b68-b325-4483-8045-ecdc9d46cec7: start FollowerState
2019-09-26 17:08:37,030 [a06278e8-8500-4a0d-b21a-10769a037851@group-E967BAEB7D49:LeaderElection11] INFO  impl.LeaderElection (LeaderElection.java:logAndReturn(56)) - a06278e8-8500-4a0d-b21a-10769a037851@group-E967BAEB7D49:LeaderElection11: Election REJECTED; received 2 response(s) [a06278e8-8500-4a0d-b21a-10769a037851<-3fb71bf3-6feb-4b84-8871-a94f5c8b0267#0:FAIL-t1, a06278e8-8500-4a0d-b21a-10769a037851<-f5099b68-b325-4483-8045-ecdc9d46cec7#0:FAIL-t1] and 0 exception(s); a06278e8-8500-4a0d-b21a-10769a037851@group-E967BAEB7D49:t1, leader=null, voted=a06278e8-8500-4a0d-b21a-10769a037851, raftlog=a06278e8-8500-4a0d-b21a-10769a037851@group-E967BAEB7D49-SegmentedRaftLog:OPENED:c-1,f-1,i0, conf=-1: [a06278e8-8500-4a0d-b21a-10769a037851:192.168.157.234:36171, 3fb71bf3-6feb-4b84-8871-a94f5c8b0267:192.168.157.234:36251, f5099b68-b325-4483-8045-ecdc9d46cec7:192.168.157.234:41474], old=null
2019-09-26 17:08:37,032 [a06278e8-8500-4a0d-b21a-10769a037851@group-E967BAEB7D49:LeaderElection11] INFO  impl.RaftServerImpl (RaftServerImpl.java:setRole(174)) - a06278e8-8500-4a0d-b21a-10769a037851@group-E967BAEB7D49: changes role from CANDIDATE to FOLLOWER at term 1 for DISCOVERED_A_NEW_TERM
2019-09-26 17:08:37,033 [a06278e8-8500-4a0d-b21a-10769a037851@group-E967BAEB7D49:LeaderElection11] INFO  impl.RoleInfo (RoleInfo.java:shutdownLeaderElection(134)) - a06278e8-8500-4a0d-b21a-10769a037851: shutdown LeaderElection
2019-09-26 17:08:37,035 [a06278e8-8500-4a0d-b21a-10769a037851@group-E967BAEB7D49:LeaderElection11] INFO  impl.RoleInfo (RoleInfo.java:updateAndGet(143)) - a06278e8-8500-4a0d-b21a-10769a037851: start FollowerState
2019-09-26 17:08:37,042 [grpc-default-executor-0] INFO  impl.RaftServerImpl (ServerState.java:setLeader(253)) - 976348bf-752d-474b-bf3f-4c140837206e@group-B20AE24D12A6: change Leader from null to cbea0b3b-f476-41f1-83de-5e743f10a31d at term 1 for appendEntries, leader elected after 5387ms
2019-09-26 17:08:37,042 [grpc-default-executor-3] INFO  impl.RaftServerImpl (ServerState.java:setLeader(253)) - c4ce83d4-301f-402e-8bea-6e9c1e173b42@group-B20AE24D12A6: change Leader from null to cbea0b3b-f476-41f1-83de-5e743f10a31d at term 1 for appendEntries, leader elected after 5387ms
2019-09-26 17:08:37,073 [grpc-default-executor-3] INFO  impl.RaftServerImpl (ServerState.java:setRaftConf(354)) - 976348bf-752d-474b-bf3f-4c140837206e@group-B20AE24D12A6: set configuration 0: [cbea0b3b-f476-41f1-83de-5e743f10a31d:192.168.157.234:38619, 976348bf-752d-474b-bf3f-4c140837206e:192.168.157.234:41274, c4ce83d4-301f-402e-8bea-6e9c1e173b42:192.168.157.234:46067], old=null at 0
2019-09-26 17:08:37,073 [grpc-default-executor-0] INFO  impl.RaftServerImpl (ServerState.java:setRaftConf(354)) - c4ce83d4-301f-402e-8bea-6e9c1e173b42@group-B20AE24D12A6: set configuration 0: [cbea0b3b-f476-41f1-83de-5e743f10a31d:192.168.157.234:38619, 976348bf-752d-474b-bf3f-4c140837206e:192.168.157.234:41274, c4ce83d4-301f-402e-8bea-6e9c1e173b42:192.168.157.234:46067], old=null at 0
2019-09-26 17:08:37,073 [grpc-default-executor-3] INFO  segmented.SegmentedRaftLogWorker (SegmentedRaftLogWorker.java:startLogSegment(380)) - 976348bf-752d-474b-bf3f-4c140837206e@group-B20AE24D12A6-SegmentedRaftLogWorker: Starting segment from index:0
2019-09-26 17:08:37,073 [grpc-default-executor-0] INFO  segmented.SegmentedRaftLogWorker (SegmentedRaftLogWorker.java:startLogSegment(380)) - c4ce83d4-301f-402e-8bea-6e9c1e173b42@group-B20AE24D12A6-SegmentedRaftLogWorker: Starting segment from index:0
2019-09-26 17:08:37,116 [c4ce83d4-301f-402e-8bea-6e9c1e173b42@group-B20AE24D12A6-SegmentedRaftLogWorker] INFO  segmented.SegmentedRaftLogWorker (SegmentedRaftLogWorker.java:execute(569)) - c4ce83d4-301f-402e-8bea-6e9c1e173b42@group-B20AE24D12A6-SegmentedRaftLogWorker: created new log segment /workdir/hadoop-ozone/integration-test/target/test-dir/MiniOzoneClusterImpl-803902cc-acfe-4386-bc2c-ad5c5c049692/datanode-6/data/ratis/0136b66b-c316-44c1-a85a-b20ae24d12a6/current/log_inprogress_0
2019-09-26 17:08:37,116 [976348bf-752d-474b-bf3f-4c140837206e@group-B20AE24D12A6-SegmentedRaftLogWorker] INFO  segmented.SegmentedRaftLogWorker (SegmentedRaftLogWorker.java:execute(569)) - 976348bf-752d-474b-bf3f-4c140837206e@group-B20AE24D12A6-SegmentedRaftLogWorker: created new log segment /workdir/hadoop-ozone/integration-test/target/test-dir/MiniOzoneClusterImpl-803902cc-acfe-4386-bc2c-ad5c5c049692/datanode-1/data/ratis/0136b66b-c316-44c1-a85a-b20ae24d12a6/current/log_inprogress_0
2019-09-26 17:08:37,931 [main] INFO  ipc.Client (Client.java:handleConnectionFailure(948)) - Retrying connect to server: localhost/127.0.0.1:0. Already tried 5 time(s); retry policy is RetryUpToMaximumCountWithFixedSleep(maxRetries=10, sleepTime=1000 MILLISECONDS)
2019-09-26 17:08:38,932 [main] INFO  ipc.Client (Client.java:handleConnectionFailure(948)) - Retrying connect to server: localhost/127.0.0.1:0. Already tried 6 time(s); retry policy is RetryUpToMaximumCountWithFixedSleep(maxRetries=10, sleepTime=1000 MILLISECONDS)
2019-09-26 17:08:39,933 [main] INFO  ipc.Client (Client.java:handleConnectionFailure(948)) - Retrying connect to server: localhost/127.0.0.1:0. Already tried 7 time(s); retry policy is RetryUpToMaximumCountWithFixedSleep(maxRetries=10, sleepTime=1000 MILLISECONDS)
2019-09-26 17:08:40,935 [main] INFO  ipc.Client (Client.java:handleConnectionFailure(948)) - Retrying connect to server: localhost/127.0.0.1:0. Already tried 8 time(s); retry policy is RetryUpToMaximumCountWithFixedSleep(maxRetries=10, sleepTime=1000 MILLISECONDS)
2019-09-26 17:08:41,936 [main] INFO  ipc.Client (Client.java:handleConnectionFailure(948)) - Retrying connect to server: localhost/127.0.0.1:0. Already tried 9 time(s); retry policy is RetryUpToMaximumCountWithFixedSleep(maxRetries=10, sleepTime=1000 MILLISECONDS)
2019-09-26 17:08:42,118 [Thread-311] INFO  impl.FollowerState (FollowerState.java:run(106)) - 3fb71bf3-6feb-4b84-8871-a94f5c8b0267:group-E967BAEB7D49 changes to CANDIDATE, lastRpcTime:5121, electionTimeout:5120ms
2019-09-26 17:08:42,119 [Thread-311] INFO  impl.RoleInfo (RoleInfo.java:shutdownFollowerState(121)) - 3fb71bf3-6feb-4b84-8871-a94f5c8b0267: shutdown FollowerState
2019-09-26 17:08:42,119 [Thread-311] INFO  impl.RaftServerImpl (RaftServerImpl.java:setRole(174)) - 3fb71bf3-6feb-4b84-8871-a94f5c8b0267@group-E967BAEB7D49: changes role from  FOLLOWER to CANDIDATE at term 1 for changeToCandidate
2019-09-26 17:08:42,119 [Thread-311] INFO  impl.RoleInfo (RoleInfo.java:updateAndGet(143)) - 3fb71bf3-6feb-4b84-8871-a94f5c8b0267: start LeaderElection
2019-09-26 17:08:42,138 [3fb71bf3-6feb-4b84-8871-a94f5c8b0267@group-E967BAEB7D49:LeaderElection12] INFO  impl.LeaderElection (LeaderElection.java:askForVotes(182)) - 3fb71bf3-6feb-4b84-8871-a94f5c8b0267@group-E967BAEB7D49:LeaderElection12: begin an election at term 2 for -1: [a06278e8-8500-4a0d-b21a-10769a037851:192.168.157.234:36171, 3fb71bf3-6feb-4b84-8871-a94f5c8b0267:192.168.157.234:36251, f5099b68-b325-4483-8045-ecdc9d46cec7:192.168.157.234:41474], old=null
2019-09-26 17:08:42,145 [Thread-315] INFO  impl.FollowerState (FollowerState.java:run(106)) - a06278e8-8500-4a0d-b21a-10769a037851:group-E967BAEB7D49 changes to CANDIDATE, lastRpcTime:5110, electionTimeout:5106ms
2019-09-26 17:08:42,145 [Thread-315] INFO  impl.RoleInfo (RoleInfo.java:shutdownFollowerState(121)) - a06278e8-8500-4a0d-b21a-10769a037851: shutdown FollowerState
2019-09-26 17:08:42,147 [Thread-314] INFO  impl.FollowerState (FollowerState.java:run(106)) - f5099b68-b325-4483-8045-ecdc9d46cec7:group-E967BAEB7D49 changes to CANDIDATE, lastRpcTime:5130, electionTimeout:5126ms
2019-09-26 17:08:42,148 [Thread-315] INFO  impl.RaftServerImpl (RaftServerImpl.java:setRole(174)) - a06278e8-8500-4a0d-b21a-10769a037851@group-E967BAEB7D49: changes role from  FOLLOWER to CANDIDATE at term 1 for changeToCandidate
2019-09-26 17:08:42,148 [Thread-314] INFO  impl.RoleInfo (RoleInfo.java:shutdownFollowerState(121)) - f5099b68-b325-4483-8045-ecdc9d46cec7: shutdown FollowerState
2019-09-26 17:08:42,148 [Thread-315] INFO  impl.RoleInfo (RoleInfo.java:updateAndGet(143)) - a06278e8-8500-4a0d-b21a-10769a037851: start LeaderElection
2019-09-26 17:08:42,148 [Thread-314] INFO  impl.RaftServerImpl (RaftServerImpl.java:setRole(174)) - f5099b68-b325-4483-8045-ecdc9d46cec7@group-E967BAEB7D49: changes role from  FOLLOWER to CANDIDATE at term 1 for changeToCandidate
2019-09-26 17:08:42,151 [grpc-default-executor-3] INFO  impl.RaftServerImpl (RaftServerImpl.java:setRole(174)) - a06278e8-8500-4a0d-b21a-10769a037851@group-E967BAEB7D49: changes role from CANDIDATE to FOLLOWER at term 2 for recognizeCandidate:3fb71bf3-6feb-4b84-8871-a94f5c8b0267
2019-09-26 17:08:42,151 [Thread-314] INFO  impl.RoleInfo (RoleInfo.java:updateAndGet(143)) - f5099b68-b325-4483-8045-ecdc9d46cec7: start LeaderElection
2019-09-26 17:08:42,151 [grpc-default-executor-3] INFO  impl.RoleInfo (RoleInfo.java:shutdownLeaderElection(134)) - a06278e8-8500-4a0d-b21a-10769a037851: shutdown LeaderElection
2019-09-26 17:08:42,152 [grpc-default-executor-3] INFO  impl.RoleInfo (RoleInfo.java:updateAndGet(143)) - a06278e8-8500-4a0d-b21a-10769a037851: start FollowerState
2019-09-26 17:08:42,152 [grpc-default-executor-0] INFO  impl.RaftServerImpl (RaftServerImpl.java:setRole(174)) - f5099b68-b325-4483-8045-ecdc9d46cec7@group-E967BAEB7D49: changes role from CANDIDATE to FOLLOWER at term 2 for recognizeCandidate:3fb71bf3-6feb-4b84-8871-a94f5c8b0267
2019-09-26 17:08:42,154 [grpc-default-executor-0] INFO  impl.RoleInfo (RoleInfo.java:shutdownLeaderElection(134)) - f5099b68-b325-4483-8045-ecdc9d46cec7: shutdown LeaderElection
2019-09-26 17:08:42,155 [grpc-default-executor-0] INFO  impl.RoleInfo (RoleInfo.java:updateAndGet(143)) - f5099b68-b325-4483-8045-ecdc9d46cec7: start FollowerState
2019-09-26 17:08:42,171 [3fb71bf3-6feb-4b84-8871-a94f5c8b0267@group-E967BAEB7D49:LeaderElection12] INFO  impl.LeaderElection (LeaderElection.java:logAndReturn(56)) - 3fb71bf3-6feb-4b84-8871-a94f5c8b0267@group-E967BAEB7D49:LeaderElection12: Election REJECTED; received 2 response(s) [3fb71bf3-6feb-4b84-8871-a94f5c8b0267<-a06278e8-8500-4a0d-b21a-10769a037851#0:FAIL-t2, 3fb71bf3-6feb-4b84-8871-a94f5c8b0267<-f5099b68-b325-4483-8045-ecdc9d46cec7#0:FAIL-t2] and 0 exception(s); 3fb71bf3-6feb-4b84-8871-a94f5c8b0267@group-E967BAEB7D49:t2, leader=null, voted=3fb71bf3-6feb-4b84-8871-a94f5c8b0267, raftlog=3fb71bf3-6feb-4b84-8871-a94f5c8b0267@group-E967BAEB7D49-SegmentedRaftLog:OPENED:c-1,f-1,i0, conf=-1: [a06278e8-8500-4a0d-b21a-10769a037851:192.168.157.234:36171, 3fb71bf3-6feb-4b84-8871-a94f5c8b0267:192.168.157.234:36251, f5099b68-b325-4483-8045-ecdc9d46cec7:192.168.157.234:41474], old=null
2019-09-26 17:08:42,171 [3fb71bf3-6feb-4b84-8871-a94f5c8b0267@group-E967BAEB7D49:LeaderElection12] INFO  impl.RaftServerImpl (RaftServerImpl.java:setRole(174)) - 3fb71bf3-6feb-4b84-8871-a94f5c8b0267@group-E967BAEB7D49: changes role from CANDIDATE to FOLLOWER at term 2 for DISCOVERED_A_NEW_TERM
2019-09-26 17:08:42,183 [f5099b68-b325-4483-8045-ecdc9d46cec7@group-E967BAEB7D49:LeaderElection14] INFO  impl.LeaderElection (LeaderElection.java:askForVotes(182)) - f5099b68-b325-4483-8045-ecdc9d46cec7@group-E967BAEB7D49:LeaderElection14: begin an election at term 3 for -1: [a06278e8-8500-4a0d-b21a-10769a037851:192.168.157.234:36171, 3fb71bf3-6feb-4b84-8871-a94f5c8b0267:192.168.157.234:36251, f5099b68-b325-4483-8045-ecdc9d46cec7:192.168.157.234:41474], old=null
2019-09-26 17:08:42,183 [3fb71bf3-6feb-4b84-8871-a94f5c8b0267@group-E967BAEB7D49:LeaderElection12] INFO  impl.RoleInfo (RoleInfo.java:shutdownLeaderElection(134)) - 3fb71bf3-6feb-4b84-8871-a94f5c8b0267: shutdown LeaderElection
2019-09-26 17:08:42,183 [a06278e8-8500-4a0d-b21a-10769a037851@group-E967BAEB7D49:LeaderElection13] INFO  impl.LeaderElection (LeaderElection.java:askForVotes(182)) - a06278e8-8500-4a0d-b21a-10769a037851@group-E967BAEB7D49:LeaderElection13: begin an election at term 3 for -1: [a06278e8-8500-4a0d-b21a-10769a037851:192.168.157.234:36171, 3fb71bf3-6feb-4b84-8871-a94f5c8b0267:192.168.157.234:36251, f5099b68-b325-4483-8045-ecdc9d46cec7:192.168.157.234:41474], old=null
2019-09-26 17:08:42,185 [3fb71bf3-6feb-4b84-8871-a94f5c8b0267@group-E967BAEB7D49:LeaderElection12] INFO  impl.RoleInfo (RoleInfo.java:updateAndGet(143)) - 3fb71bf3-6feb-4b84-8871-a94f5c8b0267: start FollowerState
2019-09-26 17:08:42,186 [f5099b68-b325-4483-8045-ecdc9d46cec7@group-E967BAEB7D49:LeaderElection14] INFO  impl.LeaderElection (LeaderElection.java:logAndReturn(56)) - f5099b68-b325-4483-8045-ecdc9d46cec7@group-E967BAEB7D49:LeaderElection14: Election REJECTED; received 0 response(s) [] and 0 exception(s); f5099b68-b325-4483-8045-ecdc9d46cec7@group-E967BAEB7D49:t3, leader=null, voted=f5099b68-b325-4483-8045-ecdc9d46cec7, raftlog=f5099b68-b325-4483-8045-ecdc9d46cec7@group-E967BAEB7D49-SegmentedRaftLog:OPENED:c-1,f-1,i0, conf=-1: [a06278e8-8500-4a0d-b21a-10769a037851:192.168.157.234:36171, 3fb71bf3-6feb-4b84-8871-a94f5c8b0267:192.168.157.234:36251, f5099b68-b325-4483-8045-ecdc9d46cec7:192.168.157.234:41474], old=null
2019-09-26 17:08:42,187 [a06278e8-8500-4a0d-b21a-10769a037851@group-E967BAEB7D49:LeaderElection13] INFO  impl.LeaderElection (LeaderElection.java:logAndReturn(56)) - a06278e8-8500-4a0d-b21a-10769a037851@group-E967BAEB7D49:LeaderElection13: Election REJECTED; received 0 response(s) [] and 0 exception(s); a06278e8-8500-4a0d-b21a-10769a037851@group-E967BAEB7D49:t3, leader=null, voted=a06278e8-8500-4a0d-b21a-10769a037851, raftlog=a06278e8-8500-4a0d-b21a-10769a037851@group-E967BAEB7D49-SegmentedRaftLog:OPENED:c-1,f-1,i0, conf=-1: [a06278e8-8500-4a0d-b21a-10769a037851:192.168.157.234:36171, 3fb71bf3-6feb-4b84-8871-a94f5c8b0267:192.168.157.234:36251, f5099b68-b325-4483-8045-ecdc9d46cec7:192.168.157.234:41474], old=null
2019-09-26 17:08:42,191 [grpc-default-executor-3] INFO  impl.RaftServerImpl (RaftServerImpl.java:setRole(174)) - 3fb71bf3-6feb-4b84-8871-a94f5c8b0267@group-E967BAEB7D49: changes role from  FOLLOWER to FOLLOWER at term 3 for recognizeCandidate:f5099b68-b325-4483-8045-ecdc9d46cec7
2019-09-26 17:08:42,193 [grpc-default-executor-3] INFO  impl.RoleInfo (RoleInfo.java:shutdownFollowerState(121)) - 3fb71bf3-6feb-4b84-8871-a94f5c8b0267: shutdown FollowerState
2019-09-26 17:08:42,194 [grpc-default-executor-3] INFO  impl.RoleInfo (RoleInfo.java:updateAndGet(143)) - 3fb71bf3-6feb-4b84-8871-a94f5c8b0267: start FollowerState
2019-09-26 17:08:42,194 [Thread-333] INFO  impl.FollowerState (FollowerState.java:run(115)) - 3fb71bf3-6feb-4b84-8871-a94f5c8b0267: FollowerState was interrupted: java.lang.InterruptedException: sleep interrupted
2019-09-26 17:08:42,943 [main] INFO  ipc.Client (Client.java:handleConnectionFailure(948)) - Retrying connect to server: localhost/127.0.0.1:0. Already tried 0 time(s); retry policy is RetryUpToMaximumCountWithFixedSleep(maxRetries=10, sleepTime=1000 MILLISECONDS)
2019-09-26 17:08:43,944 [main] INFO  ipc.Client (Client.java:handleConnectionFailure(948)) - Retrying connect to server: localhost/127.0.0.1:0. Already tried 1 time(s); retry policy is RetryUpToMaximumCountWithFixedSleep(maxRetries=10, sleepTime=1000 MILLISECONDS)
2019-09-26 17:08:44,945 [main] INFO  ipc.Client (Client.java:handleConnectionFailure(948)) - Retrying connect to server: localhost/127.0.0.1:0. Already tried 2 time(s); retry policy is RetryUpToMaximumCountWithFixedSleep(maxRetries=10, sleepTime=1000 MILLISECONDS)
2019-09-26 17:08:45,947 [main] INFO  ipc.Client (Client.java:handleConnectionFailure(948)) - Retrying connect to server: localhost/127.0.0.1:0. Already tried 3 time(s); retry policy is RetryUpToMaximumCountWithFixedSleep(maxRetries=10, sleepTime=1000 MILLISECONDS)
2019-09-26 17:08:46,949 [main] INFO  ipc.Client (Client.java:handleConnectionFailure(948)) - Retrying connect to server: localhost/127.0.0.1:0. Already tried 4 time(s); retry policy is RetryUpToMaximumCountWithFixedSleep(maxRetries=10, sleepTime=1000 MILLISECONDS)
2019-09-26 17:08:47,263 [Thread-331] INFO  impl.FollowerState (FollowerState.java:run(106)) - f5099b68-b325-4483-8045-ecdc9d46cec7:group-E967BAEB7D49 changes to CANDIDATE, lastRpcTime:5108, electionTimeout:5108ms
2019-09-26 17:08:47,263 [Thread-337] INFO  impl.FollowerState (FollowerState.java:run(106)) - 3fb71bf3-6feb-4b84-8871-a94f5c8b0267:group-E967BAEB7D49 changes to CANDIDATE, lastRpcTime:5069, electionTimeout:5065ms
2019-09-26 17:08:47,264 [Thread-331] INFO  impl.RoleInfo (RoleInfo.java:shutdownFollowerState(121)) - f5099b68-b325-4483-8045-ecdc9d46cec7: shutdown FollowerState
2019-09-26 17:08:47,264 [Thread-331] INFO  impl.RaftServerImpl (RaftServerImpl.java:setRole(174)) - f5099b68-b325-4483-8045-ecdc9d46cec7@group-E967BAEB7D49: changes role from  FOLLOWER to CANDIDATE at term 3 for changeToCandidate
2019-09-26 17:08:47,264 [Thread-337] INFO  impl.RoleInfo (RoleInfo.java:shutdownFollowerState(121)) - 3fb71bf3-6feb-4b84-8871-a94f5c8b0267: shutdown FollowerState
2019-09-26 17:08:47,264 [Thread-331] INFO  impl.RoleInfo (RoleInfo.java:updateAndGet(143)) - f5099b68-b325-4483-8045-ecdc9d46cec7: start LeaderElection
2019-09-26 17:08:47,264 [Thread-337] INFO  impl.RaftServerImpl (RaftServerImpl.java:setRole(174)) - 3fb71bf3-6feb-4b84-8871-a94f5c8b0267@group-E967BAEB7D49: changes role from  FOLLOWER to CANDIDATE at term 3 for changeToCandidate
2019-09-26 17:08:47,265 [Thread-337] INFO  impl.RoleInfo (RoleInfo.java:updateAndGet(143)) - 3fb71bf3-6feb-4b84-8871-a94f5c8b0267: start LeaderElection
2019-09-26 17:08:47,283 [3fb71bf3-6feb-4b84-8871-a94f5c8b0267@group-E967BAEB7D49:LeaderElection16] INFO  impl.LeaderElection (LeaderElection.java:askForVotes(182)) - 3fb71bf3-6feb-4b84-8871-a94f5c8b0267@group-E967BAEB7D49:LeaderElection16: begin an election at term 4 for -1: [a06278e8-8500-4a0d-b21a-10769a037851:192.168.157.234:36171, 3fb71bf3-6feb-4b84-8871-a94f5c8b0267:192.168.157.234:36251, f5099b68-b325-4483-8045-ecdc9d46cec7:192.168.157.234:41474], old=null
2019-09-26 17:08:47,283 [f5099b68-b325-4483-8045-ecdc9d46cec7@group-E967BAEB7D49:LeaderElection15] INFO  impl.LeaderElection (LeaderElection.java:askForVotes(182)) - f5099b68-b325-4483-8045-ecdc9d46cec7@group-E967BAEB7D49:LeaderElection15: begin an election at term 4 for -1: [a06278e8-8500-4a0d-b21a-10769a037851:192.168.157.234:36171, 3fb71bf3-6feb-4b84-8871-a94f5c8b0267:192.168.157.234:36251, f5099b68-b325-4483-8045-ecdc9d46cec7:192.168.157.234:41474], old=null
2019-09-26 17:08:47,290 [grpc-default-executor-3] INFO  impl.RaftServerImpl (RaftServerImpl.java:setRole(174)) - a06278e8-8500-4a0d-b21a-10769a037851@group-E967BAEB7D49: changes role from  FOLLOWER to FOLLOWER at term 4 for recognizeCandidate:f5099b68-b325-4483-8045-ecdc9d46cec7
2019-09-26 17:08:47,290 [grpc-default-executor-3] INFO  impl.RoleInfo (RoleInfo.java:shutdownFollowerState(121)) - a06278e8-8500-4a0d-b21a-10769a037851: shutdown FollowerState
2019-09-26 17:08:47,290 [grpc-default-executor-3] INFO  impl.RoleInfo (RoleInfo.java:updateAndGet(143)) - a06278e8-8500-4a0d-b21a-10769a037851: start FollowerState
2019-09-26 17:08:47,292 [Thread-330] INFO  impl.FollowerState (FollowerState.java:run(115)) - a06278e8-8500-4a0d-b21a-10769a037851: FollowerState was interrupted: java.lang.InterruptedException: sleep interrupted
2019-09-26 17:08:47,323 [f5099b68-b325-4483-8045-ecdc9d46cec7@group-E967BAEB7D49:LeaderElection15] INFO  impl.LeaderElection (LeaderElection.java:logAndReturn(56)) - f5099b68-b325-4483-8045-ecdc9d46cec7@group-E967BAEB7D49:LeaderElection15: Election PASSED; received 2 response(s) [f5099b68-b325-4483-8045-ecdc9d46cec7<-a06278e8-8500-4a0d-b21a-10769a037851#0:OK-t4, f5099b68-b325-4483-8045-ecdc9d46cec7<-3fb71bf3-6feb-4b84-8871-a94f5c8b0267#0:FAIL-t4] and 0 exception(s); f5099b68-b325-4483-8045-ecdc9d46cec7@group-E967BAEB7D49:t4, leader=null, voted=f5099b68-b325-4483-8045-ecdc9d46cec7, raftlog=f5099b68-b325-4483-8045-ecdc9d46cec7@group-E967BAEB7D49-SegmentedRaftLog:OPENED:c-1,f-1,i0, conf=-1: [a06278e8-8500-4a0d-b21a-10769a037851:192.168.157.234:36171, 3fb71bf3-6feb-4b84-8871-a94f5c8b0267:192.168.157.234:36251, f5099b68-b325-4483-8045-ecdc9d46cec7:192.168.157.234:41474], old=null
2019-09-26 17:08:47,323 [f5099b68-b325-4483-8045-ecdc9d46cec7@group-E967BAEB7D49:LeaderElection15] INFO  impl.RoleInfo (RoleInfo.java:shutdownLeaderElection(134)) - f5099b68-b325-4483-8045-ecdc9d46cec7: shutdown LeaderElection
2019-09-26 17:08:47,325 [f5099b68-b325-4483-8045-ecdc9d46cec7@group-E967BAEB7D49:LeaderElection15] INFO  impl.RaftServerImpl (RaftServerImpl.java:setRole(174)) - f5099b68-b325-4483-8045-ecdc9d46cec7@group-E967BAEB7D49: changes role from CANDIDATE to LEADER at term 4 for changeToLeader
2019-09-26 17:08:47,325 [f5099b68-b325-4483-8045-ecdc9d46cec7@group-E967BAEB7D49:LeaderElection15] INFO  impl.RaftServerImpl (ServerState.java:setLeader(253)) - f5099b68-b325-4483-8045-ecdc9d46cec7@group-E967BAEB7D49: change Leader from null to f5099b68-b325-4483-8045-ecdc9d46cec7 at term 4 for becomeLeader, leader elected after 15556ms
2019-09-26 17:08:47,325 [f5099b68-b325-4483-8045-ecdc9d46cec7@group-E967BAEB7D49:LeaderElection15] INFO  server.RaftServerConfigKeys (ConfUtils.java:logGet(43)) - raft.server.staging.catchup.gap = 1000 (default)
2019-09-26 17:08:47,326 [3fb71bf3-6feb-4b84-8871-a94f5c8b0267@group-E967BAEB7D49:LeaderElection16] INFO  impl.LeaderElection (LeaderElection.java:logAndReturn(56)) - 3fb71bf3-6feb-4b84-8871-a94f5c8b0267@group-E967BAEB7D49:LeaderElection16: Election REJECTED; received 2 response(s) [3fb71bf3-6feb-4b84-8871-a94f5c8b0267<-a06278e8-8500-4a0d-b21a-10769a037851#0:FAIL-t4, 3fb71bf3-6feb-4b84-8871-a94f5c8b0267<-f5099b68-b325-4483-8045-ecdc9d46cec7#0:FAIL-t4] and 0 exception(s); 3fb71bf3-6feb-4b84-8871-a94f5c8b0267@group-E967BAEB7D49:t4, leader=null, voted=3fb71bf3-6feb-4b84-8871-a94f5c8b0267, raftlog=3fb71bf3-6feb-4b84-8871-a94f5c8b0267@group-E967BAEB7D49-SegmentedRaftLog:OPENED:c-1,f-1,i0, conf=-1: [a06278e8-8500-4a0d-b21a-10769a037851:192.168.157.234:36171, 3fb71bf3-6feb-4b84-8871-a94f5c8b0267:192.168.157.234:36251, f5099b68-b325-4483-8045-ecdc9d46cec7:192.168.157.234:41474], old=null
2019-09-26 17:08:47,327 [f5099b68-b325-4483-8045-ecdc9d46cec7@group-E967BAEB7D49:LeaderElection15] INFO  server.RaftServerConfigKeys (ConfUtils.java:logGet(43)) - raft.server.rpc.sleep.time = 25ms (default)
2019-09-26 17:08:47,328 [3fb71bf3-6feb-4b84-8871-a94f5c8b0267@group-E967BAEB7D49:LeaderElection16] INFO  impl.RaftServerImpl (RaftServerImpl.java:setRole(174)) - 3fb71bf3-6feb-4b84-8871-a94f5c8b0267@group-E967BAEB7D49: changes role from CANDIDATE to FOLLOWER at term 4 for DISCOVERED_A_NEW_TERM
2019-09-26 17:08:47,332 [3fb71bf3-6feb-4b84-8871-a94f5c8b0267@group-E967BAEB7D49:LeaderElection16] INFO  impl.RoleInfo (RoleInfo.java:shutdownLeaderElection(134)) - 3fb71bf3-6feb-4b84-8871-a94f5c8b0267: shutdown LeaderElection
2019-09-26 17:08:47,332 [f5099b68-b325-4483-8045-ecdc9d46cec7@group-E967BAEB7D49:LeaderElection15] INFO  server.RaftServerConfigKeys (ConfUtils.java:logGet(43)) - raft.server.write.element-limit = 4096 (default)
2019-09-26 17:08:47,332 [3fb71bf3-6feb-4b84-8871-a94f5c8b0267@group-E967BAEB7D49:LeaderElection16] INFO  impl.RoleInfo (RoleInfo.java:updateAndGet(143)) - 3fb71bf3-6feb-4b84-8871-a94f5c8b0267: start FollowerState
2019-09-26 17:08:47,332 [f5099b68-b325-4483-8045-ecdc9d46cec7@group-E967BAEB7D49:LeaderElection15] INFO  server.RaftServerConfigKeys (ConfUtils.java:logGet(43)) - raft.server.watch.timeout = 10s (default)
2019-09-26 17:08:47,332 [f5099b68-b325-4483-8045-ecdc9d46cec7@group-E967BAEB7D49:LeaderElection15] INFO  server.RaftServerConfigKeys (ConfUtils.java:logGet(43)) - raft.server.watch.timeout.denomination = 1s (default)
2019-09-26 17:08:47,334 [f5099b68-b325-4483-8045-ecdc9d46cec7@group-E967BAEB7D49:LeaderElection15] INFO  server.RaftServerConfigKeys (ConfUtils.java:logGet(43)) - raft.server.watch.element-limit = 65536 (default)
2019-09-26 17:08:47,338 [f5099b68-b325-4483-8045-ecdc9d46cec7@group-E967BAEB7D49:LeaderElection15] INFO  server.RaftServerConfigKeys (ConfUtils.java:logGet(43)) - raft.server.log.appender.snapshot.chunk.size.max = 16MB (=16777216) (default)
2019-09-26 17:08:47,338 [f5099b68-b325-4483-8045-ecdc9d46cec7@group-E967BAEB7D49:LeaderElection15] INFO  server.RaftServerConfigKeys (ConfUtils.java:logGet(43)) - raft.server.log.appender.buffer.byte-limit = 33554432 (custom)
2019-09-26 17:08:47,339 [f5099b68-b325-4483-8045-ecdc9d46cec7@group-E967BAEB7D49:LeaderElection15] INFO  server.RaftServerConfigKeys (ConfUtils.java:logGet(43)) - raft.server.log.appender.buffer.element-limit = 1 (custom)
2019-09-26 17:08:47,339 [f5099b68-b325-4483-8045-ecdc9d46cec7@group-E967BAEB7D49:LeaderElection15] INFO  grpc.GrpcConfigKeys$Server (ConfUtils.java:logGet(43)) - raft.grpc.server.leader.outstanding.appends.max = 128 (default)
2019-09-26 17:08:47,341 [f5099b68-b325-4483-8045-ecdc9d46cec7@group-E967BAEB7D49:LeaderElection15] INFO  server.RaftServerConfigKeys (ConfUtils.java:logGet(43)) - raft.server.rpc.request.timeout = 3000ms (default)
2019-09-26 17:08:47,341 [f5099b68-b325-4483-8045-ecdc9d46cec7@group-E967BAEB7D49:LeaderElection15] INFO  server.RaftServerConfigKeys (ConfUtils.java:logGet(43)) - raft.server.log.appender.install.snapshot.enabled = false (custom)
2019-09-26 17:08:47,342 [f5099b68-b325-4483-8045-ecdc9d46cec7@group-E967BAEB7D49:LeaderElection15] INFO  server.RaftServerConfigKeys (ConfUtils.java:logGet(43)) - raft.server.log.appender.snapshot.chunk.size.max = 16MB (=16777216) (default)
2019-09-26 17:08:47,342 [f5099b68-b325-4483-8045-ecdc9d46cec7@group-E967BAEB7D49:LeaderElection15] INFO  server.RaftServerConfigKeys (ConfUtils.java:logGet(43)) - raft.server.log.appender.buffer.byte-limit = 33554432 (custom)
2019-09-26 17:08:47,342 [f5099b68-b325-4483-8045-ecdc9d46cec7@group-E967BAEB7D49:LeaderElection15] INFO  server.RaftServerConfigKeys (ConfUtils.java:logGet(43)) - raft.server.log.appender.buffer.element-limit = 1 (custom)
2019-09-26 17:08:47,342 [f5099b68-b325-4483-8045-ecdc9d46cec7@group-E967BAEB7D49:LeaderElection15] INFO  grpc.GrpcConfigKeys$Server (ConfUtils.java:logGet(43)) - raft.grpc.server.leader.outstanding.appends.max = 128 (default)
2019-09-26 17:08:47,343 [f5099b68-b325-4483-8045-ecdc9d46cec7@group-E967BAEB7D49:LeaderElection15] INFO  server.RaftServerConfigKeys (ConfUtils.java:logGet(43)) - raft.server.rpc.request.timeout = 3000ms (default)
2019-09-26 17:08:47,343 [f5099b68-b325-4483-8045-ecdc9d46cec7@group-E967BAEB7D49:LeaderElection15] INFO  server.RaftServerConfigKeys (ConfUtils.java:logGet(43)) - raft.server.log.appender.install.snapshot.enabled = false (custom)
2019-09-26 17:08:47,343 [f5099b68-b325-4483-8045-ecdc9d46cec7@group-E967BAEB7D49:LeaderElection15] INFO  impl.RoleInfo (RoleInfo.java:updateAndGet(143)) - f5099b68-b325-4483-8045-ecdc9d46cec7: start LeaderState
2019-09-26 17:08:47,343 [f5099b68-b325-4483-8045-ecdc9d46cec7@group-E967BAEB7D49:LeaderElection15] INFO  segmented.SegmentedRaftLogWorker (SegmentedRaftLogWorker.java:startLogSegment(380)) - f5099b68-b325-4483-8045-ecdc9d46cec7@group-E967BAEB7D49-SegmentedRaftLogWorker: Starting segment from index:0
2019-09-26 17:08:47,345 [f5099b68-b325-4483-8045-ecdc9d46cec7@group-E967BAEB7D49:LeaderElection15] INFO  impl.RaftServerImpl (ServerState.java:setRaftConf(354)) - f5099b68-b325-4483-8045-ecdc9d46cec7@group-E967BAEB7D49: set configuration 0: [a06278e8-8500-4a0d-b21a-10769a037851:192.168.157.234:36171, 3fb71bf3-6feb-4b84-8871-a94f5c8b0267:192.168.157.234:36251, f5099b68-b325-4483-8045-ecdc9d46cec7:192.168.157.234:41474], old=null at 0
2019-09-26 17:08:47,389 [grpc-default-executor-1] INFO  impl.RaftServerImpl (ServerState.java:setLeader(253)) - 3fb71bf3-6feb-4b84-8871-a94f5c8b0267@group-E967BAEB7D49: change Leader from null to f5099b68-b325-4483-8045-ecdc9d46cec7 at term 4 for appendEntries, leader elected after 15620ms
2019-09-26 17:08:47,389 [grpc-default-executor-3] INFO  impl.RaftServerImpl (ServerState.java:setLeader(253)) - a06278e8-8500-4a0d-b21a-10769a037851@group-E967BAEB7D49: change Leader from null to f5099b68-b325-4483-8045-ecdc9d46cec7 at term 4 for appendEntries, leader elected after 15620ms
2019-09-26 17:08:47,394 [grpc-default-executor-1] INFO  impl.RaftServerImpl (ServerState.java:setRaftConf(354)) - 3fb71bf3-6feb-4b84-8871-a94f5c8b0267@group-E967BAEB7D49: set configuration 0: [a06278e8-8500-4a0d-b21a-10769a037851:192.168.157.234:36171, 3fb71bf3-6feb-4b84-8871-a94f5c8b0267:192.168.157.234:36251, f5099b68-b325-4483-8045-ecdc9d46cec7:192.168.157.234:41474], old=null at 0
2019-09-26 17:08:47,394 [grpc-default-executor-3] INFO  impl.RaftServerImpl (ServerState.java:setRaftConf(354)) - a06278e8-8500-4a0d-b21a-10769a037851@group-E967BAEB7D49: set configuration 0: [a06278e8-8500-4a0d-b21a-10769a037851:192.168.157.234:36171, 3fb71bf3-6feb-4b84-8871-a94f5c8b0267:192.168.157.234:36251, f5099b68-b325-4483-8045-ecdc9d46cec7:192.168.157.234:41474], old=null at 0
2019-09-26 17:08:47,394 [grpc-default-executor-1] INFO  segmented.SegmentedRaftLogWorker (SegmentedRaftLogWorker.java:startLogSegment(380)) - 3fb71bf3-6feb-4b84-8871-a94f5c8b0267@group-E967BAEB7D49-SegmentedRaftLogWorker: Starting segment from index:0
2019-09-26 17:08:47,394 [grpc-default-executor-3] INFO  segmented.SegmentedRaftLogWorker (SegmentedRaftLogWorker.java:startLogSegment(380)) - a06278e8-8500-4a0d-b21a-10769a037851@group-E967BAEB7D49-SegmentedRaftLogWorker: Starting segment from index:0
2019-09-26 17:08:47,398 [f5099b68-b325-4483-8045-ecdc9d46cec7@group-E967BAEB7D49-SegmentedRaftLogWorker] INFO  segmented.SegmentedRaftLogWorker (SegmentedRaftLogWorker.java:execute(569)) - f5099b68-b325-4483-8045-ecdc9d46cec7@group-E967BAEB7D49-SegmentedRaftLogWorker: created new log segment /workdir/hadoop-ozone/integration-test/target/test-dir/MiniOzoneClusterImpl-803902cc-acfe-4386-bc2c-ad5c5c049692/datanode-0/data/ratis/762063da-76e2-4507-805d-e967baeb7d49/current/log_inprogress_0
2019-09-26 17:08:47,446 [3fb71bf3-6feb-4b84-8871-a94f5c8b0267@group-E967BAEB7D49-SegmentedRaftLogWorker] INFO  segmented.SegmentedRaftLogWorker (SegmentedRaftLogWorker.java:execute(569)) - 3fb71bf3-6feb-4b84-8871-a94f5c8b0267@group-E967BAEB7D49-SegmentedRaftLogWorker: created new log segment /workdir/hadoop-ozone/integration-test/target/test-dir/MiniOzoneClusterImpl-803902cc-acfe-4386-bc2c-ad5c5c049692/datanode-3/data/ratis/762063da-76e2-4507-805d-e967baeb7d49/current/log_inprogress_0
2019-09-26 17:08:47,446 [a06278e8-8500-4a0d-b21a-10769a037851@group-E967BAEB7D49-SegmentedRaftLogWorker] INFO  segmented.SegmentedRaftLogWorker (SegmentedRaftLogWorker.java:execute(569)) - a06278e8-8500-4a0d-b21a-10769a037851@group-E967BAEB7D49-SegmentedRaftLogWorker: created new log segment /workdir/hadoop-ozone/integration-test/target/test-dir/MiniOzoneClusterImpl-803902cc-acfe-4386-bc2c-ad5c5c049692/datanode-2/data/ratis/762063da-76e2-4507-805d-e967baeb7d49/current/log_inprogress_0
2019-09-26 17:08:47,950 [main] INFO  ipc.Client (Client.java:handleConnectionFailure(948)) - Retrying connect to server: localhost/127.0.0.1:0. Already tried 5 time(s); retry policy is RetryUpToMaximumCountWithFixedSleep(maxRetries=10, sleepTime=1000 MILLISECONDS)
2019-09-26 17:08:48,951 [main] INFO  ipc.Client (Client.java:handleConnectionFailure(948)) - Retrying connect to server: localhost/127.0.0.1:0. Already tried 6 time(s); retry policy is RetryUpToMaximumCountWithFixedSleep(maxRetries=10, sleepTime=1000 MILLISECONDS)
2019-09-26 17:08:49,953 [main] INFO  ipc.Client (Client.java:handleConnectionFailure(948)) - Retrying connect to server: localhost/127.0.0.1:0. Already tried 7 time(s); retry policy is RetryUpToMaximumCountWithFixedSleep(maxRetries=10, sleepTime=1000 MILLISECONDS)
2019-09-26 17:08:50,954 [main] INFO  ipc.Client (Client.java:handleConnectionFailure(948)) - Retrying connect to server: localhost/127.0.0.1:0. Already tried 8 time(s); retry policy is RetryUpToMaximumCountWithFixedSleep(maxRetries=10, sleepTime=1000 MILLISECONDS)
2019-09-26 17:08:51,956 [main] INFO  ipc.Client (Client.java:handleConnectionFailure(948)) - Retrying connect to server: localhost/127.0.0.1:0. Already tried 9 time(s); retry policy is RetryUpToMaximumCountWithFixedSleep(maxRetries=10, sleepTime=1000 MILLISECONDS)
2019-09-26 17:08:51,958 [main] INFO  retry.RetryInvocationHandler (RetryInvocationHandler.java:log(411)) - com.google.protobuf.ServiceException: java.net.ConnectException: Your endpoint configuration is wrong; For more details see:  http://wiki.apache.org/hadoop/UnsetHostnameOrPort, while invoking $Proxy34.submitRequest over nodeId=null,nodeAddress=127.0.0.1:0 after 1 failover attempts. Trying to failover immediately.
2019-09-26 17:08:52,959 [main] INFO  ipc.Client (Client.java:handleConnectionFailure(948)) - Retrying connect to server: localhost/127.0.0.1:0. Already tried 0 time(s); retry policy is RetryUpToMaximumCountWithFixedSleep(maxRetries=10, sleepTime=1000 MILLISECONDS)
2019-09-26 17:08:53,961 [main] INFO  ipc.Client (Client.java:handleConnectionFailure(948)) - Retrying connect to server: localhost/127.0.0.1:0. Already tried 1 time(s); retry policy is RetryUpToMaximumCountWithFixedSleep(maxRetries=10, sleepTime=1000 MILLISECONDS)
2019-09-26 17:08:54,962 [main] INFO  ipc.Client (Client.java:handleConnectionFailure(948)) - Retrying connect to server: localhost/127.0.0.1:0. Already tried 2 time(s); retry policy is RetryUpToMaximumCountWithFixedSleep(maxRetries=10, sleepTime=1000 MILLISECONDS)
2019-09-26 17:08:55,964 [main] INFO  ipc.Client (Client.java:handleConnectionFailure(948)) - Retrying connect to server: localhost/127.0.0.1:0. Already tried 3 time(s); retry policy is RetryUpToMaximumCountWithFixedSleep(maxRetries=10, sleepTime=1000 MILLISECONDS)
2019-09-26 17:08:56,965 [main] INFO  ipc.Client (Client.java:handleConnectionFailure(948)) - Retrying connect to server: localhost/127.0.0.1:0. Already tried 4 time(s); retry policy is RetryUpToMaximumCountWithFixedSleep(maxRetries=10, sleepTime=1000 MILLISECONDS)
2019-09-26 17:08:57,966 [main] INFO  ipc.Client (Client.java:handleConnectionFailure(948)) - Retrying connect to server: localhost/127.0.0.1:0. Already tried 5 time(s); retry policy is RetryUpToMaximumCountWithFixedSleep(maxRetries=10, sleepTime=1000 MILLISECONDS)
2019-09-26 17:08:58,968 [main] INFO  ipc.Client (Client.java:handleConnectionFailure(948)) - Retrying connect to server: localhost/127.0.0.1:0. Already tried 6 time(s); retry policy is RetryUpToMaximumCountWithFixedSleep(maxRetries=10, sleepTime=1000 MILLISECONDS)
2019-09-26 17:08:59,969 [main] INFO  ipc.Client (Client.java:handleConnectionFailure(948)) - Retrying connect to server: localhost/127.0.0.1:0. Already tried 7 time(s); retry policy is RetryUpToMaximumCountWithFixedSleep(maxRetries=10, sleepTime=1000 MILLISECONDS)
2019-09-26 17:09:00,971 [main] INFO  ipc.Client (Client.java:handleConnectionFailure(948)) - Retrying connect to server: localhost/127.0.0.1:0. Already tried 8 time(s); retry policy is RetryUpToMaximumCountWithFixedSleep(maxRetries=10, sleepTime=1000 MILLISECONDS)
2019-09-26 17:09:01,973 [main] INFO  ipc.Client (Client.java:handleConnectionFailure(948)) - Retrying connect to server: localhost/127.0.0.1:0. Already tried 9 time(s); retry policy is RetryUpToMaximumCountWithFixedSleep(maxRetries=10, sleepTime=1000 MILLISECONDS)
2019-09-26 17:09:01,974 [main] INFO  retry.RetryInvocationHandler (RetryInvocationHandler.java:log(411)) - com.google.protobuf.ServiceException: java.net.ConnectException: Your endpoint configuration is wrong; For more details see:  http://wiki.apache.org/hadoop/UnsetHostnameOrPort, while invoking $Proxy34.submitRequest over nodeId=null,nodeAddress=127.0.0.1:0 after 2 failover attempts. Trying to failover immediately.
2019-09-26 17:09:02,976 [main] INFO  ipc.Client (Client.java:handleConnectionFailure(948)) - Retrying connect to server: localhost/127.0.0.1:0. Already tried 0 time(s); retry policy is RetryUpToMaximumCountWithFixedSleep(maxRetries=10, sleepTime=1000 MILLISECONDS)
2019-09-26 17:09:03,977 [main] INFO  ipc.Client (Client.java:handleConnectionFailure(948)) - Retrying connect to server: localhost/127.0.0.1:0. Already tried 1 time(s); retry policy is RetryUpToMaximumCountWithFixedSleep(maxRetries=10, sleepTime=1000 MILLISECONDS)
2019-09-26 17:09:04,979 [main] INFO  ipc.Client (Client.java:handleConnectionFailure(948)) - Retrying connect to server: localhost/127.0.0.1:0. Already tried 2 time(s); retry policy is RetryUpToMaximumCountWithFixedSleep(maxRetries=10, sleepTime=1000 MILLISECONDS)
2019-09-26 17:09:05,980 [main] INFO  ipc.Client (Client.java:handleConnectionFailure(948)) - Retrying connect to server: localhost/127.0.0.1:0. Already tried 3 time(s); retry policy is RetryUpToMaximumCountWithFixedSleep(maxRetries=10, sleepTime=1000 MILLISECONDS)
2019-09-26 17:09:06,982 [main] INFO  ipc.Client (Client.java:handleConnectionFailure(948)) - Retrying connect to server: localhost/127.0.0.1:0. Already tried 4 time(s); retry policy is RetryUpToMaximumCountWithFixedSleep(maxRetries=10, sleepTime=1000 MILLISECONDS)
2019-09-26 17:09:07,983 [main] INFO  ipc.Client (Client.java:handleConnectionFailure(948)) - Retrying connect to server: localhost/127.0.0.1:0. Already tried 5 time(s); retry policy is RetryUpToMaximumCountWithFixedSleep(maxRetries=10, sleepTime=1000 MILLISECONDS)
2019-09-26 17:09:08,984 [main] INFO  ipc.Client (Client.java:handleConnectionFailure(948)) - Retrying connect to server: localhost/127.0.0.1:0. Already tried 6 time(s); retry policy is RetryUpToMaximumCountWithFixedSleep(maxRetries=10, sleepTime=1000 MILLISECONDS)
2019-09-26 17:09:09,986 [main] INFO  ipc.Client (Client.java:handleConnectionFailure(948)) - Retrying connect to server: localhost/127.0.0.1:0. Already tried 7 time(s); retry policy is RetryUpToMaximumCountWithFixedSleep(maxRetries=10, sleepTime=1000 MILLISECONDS)
2019-09-26 17:09:10,987 [main] INFO  ipc.Client (Client.java:handleConnectionFailure(948)) - Retrying connect to server: localhost/127.0.0.1:0. Already tried 8 time(s); retry policy is RetryUpToMaximumCountWithFixedSleep(maxRetries=10, sleepTime=1000 MILLISECONDS)
2019-09-26 17:09:11,989 [main] INFO  ipc.Client (Client.java:handleConnectionFailure(948)) - Retrying connect to server: localhost/127.0.0.1:0. Already tried 9 time(s); retry policy is RetryUpToMaximumCountWithFixedSleep(maxRetries=10, sleepTime=1000 MILLISECONDS)
2019-09-26 17:09:11,991 [main] INFO  retry.RetryInvocationHandler (RetryInvocationHandler.java:log(411)) - com.google.protobuf.ServiceException: java.net.ConnectException: Your endpoint configuration is wrong; For more details see:  http://wiki.apache.org/hadoop/UnsetHostnameOrPort, while invoking $Proxy34.submitRequest over nodeId=null,nodeAddress=127.0.0.1:0 after 3 failover attempts. Trying to failover immediately.
2019-09-26 17:09:12,992 [main] INFO  ipc.Client (Client.java:handleConnectionFailure(948)) - Retrying connect to server: localhost/127.0.0.1:0. Already tried 0 time(s); retry policy is RetryUpToMaximumCountWithFixedSleep(maxRetries=10, sleepTime=1000 MILLISECONDS)
2019-09-26 17:09:13,994 [main] INFO  ipc.Client (Client.java:handleConnectionFailure(948)) - Retrying connect to server: localhost/127.0.0.1:0. Already tried 1 time(s); retry policy is RetryUpToMaximumCountWithFixedSleep(maxRetries=10, sleepTime=1000 MILLISECONDS)
2019-09-26 17:09:14,996 [main] INFO  ipc.Client (Client.java:handleConnectionFailure(948)) - Retrying connect to server: localhost/127.0.0.1:0. Already tried 2 time(s); retry policy is RetryUpToMaximumCountWithFixedSleep(maxRetries=10, sleepTime=1000 MILLISECONDS)
2019-09-26 17:09:15,997 [main] INFO  ipc.Client (Client.java:handleConnectionFailure(948)) - Retrying connect to server: localhost/127.0.0.1:0. Already tried 3 time(s); retry policy is RetryUpToMaximumCountWithFixedSleep(maxRetries=10, sleepTime=1000 MILLISECONDS)
2019-09-26 17:09:16,999 [main] INFO  ipc.Client (Client.java:handleConnectionFailure(948)) - Retrying connect to server: localhost/127.0.0.1:0. Already tried 4 time(s); retry policy is RetryUpToMaximumCountWithFixedSleep(maxRetries=10, sleepTime=1000 MILLISECONDS)
2019-09-26 17:09:18,000 [main] INFO  ipc.Client (Client.java:handleConnectionFailure(948)) - Retrying connect to server: localhost/127.0.0.1:0. Already tried 5 time(s); retry policy is RetryUpToMaximumCountWithFixedSleep(maxRetries=10, sleepTime=1000 MILLISECONDS)
2019-09-26 17:09:19,002 [main] INFO  ipc.Client (Client.java:handleConnectionFailure(948)) - Retrying connect to server: localhost/127.0.0.1:0. Already tried 6 time(s); retry policy is RetryUpToMaximumCountWithFixedSleep(maxRetries=10, sleepTime=1000 MILLISECONDS)
2019-09-26 17:09:20,003 [main] INFO  ipc.Client (Client.java:handleConnectionFailure(948)) - Retrying connect to server: localhost/127.0.0.1:0. Already tried 7 time(s); retry policy is RetryUpToMaximumCountWithFixedSleep(maxRetries=10, sleepTime=1000 MILLISECONDS)
2019-09-26 17:09:21,004 [main] INFO  ipc.Client (Client.java:handleConnectionFailure(948)) - Retrying connect to server: localhost/127.0.0.1:0. Already tried 8 time(s); retry policy is RetryUpToMaximumCountWithFixedSleep(maxRetries=10, sleepTime=1000 MILLISECONDS)
2019-09-26 17:09:22,006 [main] INFO  ipc.Client (Client.java:handleConnectionFailure(948)) - Retrying connect to server: localhost/127.0.0.1:0. Already tried 9 time(s); retry policy is RetryUpToMaximumCountWithFixedSleep(maxRetries=10, sleepTime=1000 MILLISECONDS)
2019-09-26 17:09:22,008 [main] INFO  retry.RetryInvocationHandler (RetryInvocationHandler.java:log(411)) - com.google.protobuf.ServiceException: java.net.ConnectException: Your endpoint configuration is wrong; For more details see:  http://wiki.apache.org/hadoop/UnsetHostnameOrPort, while invoking $Proxy34.submitRequest over nodeId=null,nodeAddress=127.0.0.1:0 after 4 failover attempts. Trying to failover immediately.
2019-09-26 17:09:23,010 [main] INFO  ipc.Client (Client.java:handleConnectionFailure(948)) - Retrying connect to server: localhost/127.0.0.1:0. Already tried 0 time(s); retry policy is RetryUpToMaximumCountWithFixedSleep(maxRetries=10, sleepTime=1000 MILLISECONDS)
2019-09-26 17:09:24,011 [main] INFO  ipc.Client (Client.java:handleConnectionFailure(948)) - Retrying connect to server: localhost/127.0.0.1:0. Already tried 1 time(s); retry policy is RetryUpToMaximumCountWithFixedSleep(maxRetries=10, sleepTime=1000 MILLISECONDS)
2019-09-26 17:09:25,013 [main] INFO  ipc.Client (Client.java:handleConnectionFailure(948)) - Retrying connect to server: localhost/127.0.0.1:0. Already tried 2 time(s); retry policy is RetryUpToMaximumCountWithFixedSleep(maxRetries=10, sleepTime=1000 MILLISECONDS)
2019-09-26 17:09:26,014 [main] INFO  ipc.Client (Client.java:handleConnectionFailure(948)) - Retrying connect to server: localhost/127.0.0.1:0. Already tried 3 time(s); retry policy is RetryUpToMaximumCountWithFixedSleep(maxRetries=10, sleepTime=1000 MILLISECONDS)
2019-09-26 17:09:27,016 [main] INFO  ipc.Client (Client.java:handleConnectionFailure(948)) - Retrying connect to server: localhost/127.0.0.1:0. Already tried 4 time(s); retry policy is RetryUpToMaximumCountWithFixedSleep(maxRetries=10, sleepTime=1000 MILLISECONDS)
2019-09-26 17:09:28,017 [main] INFO  ipc.Client (Client.java:handleConnectionFailure(948)) - Retrying connect to server: localhost/127.0.0.1:0. Already tried 5 time(s); retry policy is RetryUpToMaximumCountWithFixedSleep(maxRetries=10, sleepTime=1000 MILLISECONDS)
2019-09-26 17:09:29,019 [main] INFO  ipc.Client (Client.java:handleConnectionFailure(948)) - Retrying connect to server: localhost/127.0.0.1:0. Already tried 6 time(s); retry policy is RetryUpToMaximumCountWithFixedSleep(maxRetries=10, sleepTime=1000 MILLISECONDS)
2019-09-26 17:09:30,020 [main] INFO  ipc.Client (Client.java:handleConnectionFailure(948)) - Retrying connect to server: localhost/127.0.0.1:0. Already tried 7 time(s); retry policy is RetryUpToMaximumCountWithFixedSleep(maxRetries=10, sleepTime=1000 MILLISECONDS)
2019-09-26 17:09:31,022 [main] INFO  ipc.Client (Client.java:handleConnectionFailure(948)) - Retrying connect to server: localhost/127.0.0.1:0. Already tried 8 time(s); retry policy is RetryUpToMaximumCountWithFixedSleep(maxRetries=10, sleepTime=1000 MILLISECONDS)
2019-09-26 17:09:32,023 [main] INFO  ipc.Client (Client.java:handleConnectionFailure(948)) - Retrying connect to server: localhost/127.0.0.1:0. Already tried 9 time(s); retry policy is RetryUpToMaximumCountWithFixedSleep(maxRetries=10, sleepTime=1000 MILLISECONDS)
2019-09-26 17:09:32,025 [main] INFO  retry.RetryInvocationHandler (RetryInvocationHandler.java:log(411)) - com.google.protobuf.ServiceException: java.net.ConnectException: Your endpoint configuration is wrong; For more details see:  http://wiki.apache.org/hadoop/UnsetHostnameOrPort, while invoking $Proxy34.submitRequest over nodeId=null,nodeAddress=127.0.0.1:0 after 5 failover attempts. Trying to failover immediately.
2019-09-26 17:09:33,026 [main] INFO  ipc.Client (Client.java:handleConnectionFailure(948)) - Retrying connect to server: localhost/127.0.0.1:0. Already tried 0 time(s); retry policy is RetryUpToMaximumCountWithFixedSleep(maxRetries=10, sleepTime=1000 MILLISECONDS)
2019-09-26 17:09:34,028 [main] INFO  ipc.Client (Client.java:handleConnectionFailure(948)) - Retrying connect to server: localhost/127.0.0.1:0. Already tried 1 time(s); retry policy is RetryUpToMaximumCountWithFixedSleep(maxRetries=10, sleepTime=1000 MILLISECONDS)
2019-09-26 17:09:35,029 [main] INFO  ipc.Client (Client.java:handleConnectionFailure(948)) - Retrying connect to server: localhost/127.0.0.1:0. Already tried 2 time(s); retry policy is RetryUpToMaximumCountWithFixedSleep(maxRetries=10, sleepTime=1000 MILLISECONDS)
2019-09-26 17:09:36,031 [main] INFO  ipc.Client (Client.java:handleConnectionFailure(948)) - Retrying connect to server: localhost/127.0.0.1:0. Already tried 3 time(s); retry policy is RetryUpToMaximumCountWithFixedSleep(maxRetries=10, sleepTime=1000 MILLISECONDS)
2019-09-26 17:09:37,032 [main] INFO  ipc.Client (Client.java:handleConnectionFailure(948)) - Retrying connect to server: localhost/127.0.0.1:0. Already tried 4 time(s); retry policy is RetryUpToMaximumCountWithFixedSleep(maxRetries=10, sleepTime=1000 MILLISECONDS)
2019-09-26 17:09:38,034 [main] INFO  ipc.Client (Client.java:handleConnectionFailure(948)) - Retrying connect to server: localhost/127.0.0.1:0. Already tried 5 time(s); retry policy is RetryUpToMaximumCountWithFixedSleep(maxRetries=10, sleepTime=1000 MILLISECONDS)
2019-09-26 17:09:39,035 [main] INFO  ipc.Client (Client.java:handleConnectionFailure(948)) - Retrying connect to server: localhost/127.0.0.1:0. Already tried 6 time(s); retry policy is RetryUpToMaximumCountWithFixedSleep(maxRetries=10, sleepTime=1000 MILLISECONDS)
2019-09-26 17:09:40,037 [main] INFO  ipc.Client (Client.java:handleConnectionFailure(948)) - Retrying connect to server: localhost/127.0.0.1:0. Already tried 7 time(s); retry policy is RetryUpToMaximumCountWithFixedSleep(maxRetries=10, sleepTime=1000 MILLISECONDS)
2019-09-26 17:09:41,038 [main] INFO  ipc.Client (Client.java:handleConnectionFailure(948)) - Retrying connect to server: localhost/127.0.0.1:0. Already tried 8 time(s); retry policy is RetryUpToMaximumCountWithFixedSleep(maxRetries=10, sleepTime=1000 MILLISECONDS)
2019-09-26 17:09:42,039 [main] INFO  ipc.Client (Client.java:handleConnectionFailure(948)) - Retrying connect to server: localhost/127.0.0.1:0. Already tried 9 time(s); retry policy is RetryUpToMaximumCountWithFixedSleep(maxRetries=10, sleepTime=1000 MILLISECONDS)
2019-09-26 17:09:42,041 [main] INFO  retry.RetryInvocationHandler (RetryInvocationHandler.java:log(411)) - com.google.protobuf.ServiceException: java.net.ConnectException: Your endpoint configuration is wrong; For more details see:  http://wiki.apache.org/hadoop/UnsetHostnameOrPort, while invoking $Proxy34.submitRequest over nodeId=null,nodeAddress=127.0.0.1:0 after 6 failover attempts. Trying to failover immediately.
2019-09-26 17:09:43,042 [main] INFO  ipc.Client (Client.java:handleConnectionFailure(948)) - Retrying connect to server: localhost/127.0.0.1:0. Already tried 0 time(s); retry policy is RetryUpToMaximumCountWithFixedSleep(maxRetries=10, sleepTime=1000 MILLISECONDS)
2019-09-26 17:09:44,044 [main] INFO  ipc.Client (Client.java:handleConnectionFailure(948)) - Retrying connect to server: localhost/127.0.0.1:0. Already tried 1 time(s); retry policy is RetryUpToMaximumCountWithFixedSleep(maxRetries=10, sleepTime=1000 MILLISECONDS)
2019-09-26 17:09:45,046 [main] INFO  ipc.Client (Client.java:handleConnectionFailure(948)) - Retrying connect to server: localhost/127.0.0.1:0. Already tried 2 time(s); retry policy is RetryUpToMaximumCountWithFixedSleep(maxRetries=10, sleepTime=1000 MILLISECONDS)
2019-09-26 17:09:46,048 [main] INFO  ipc.Client (Client.java:handleConnectionFailure(948)) - Retrying connect to server: localhost/127.0.0.1:0. Already tried 3 time(s); retry policy is RetryUpToMaximumCountWithFixedSleep(maxRetries=10, sleepTime=1000 MILLISECONDS)
2019-09-26 17:09:47,049 [main] INFO  ipc.Client (Client.java:handleConnectionFailure(948)) - Retrying connect to server: localhost/127.0.0.1:0. Already tried 4 time(s); retry policy is RetryUpToMaximumCountWithFixedSleep(maxRetries=10, sleepTime=1000 MILLISECONDS)
2019-09-26 17:09:48,050 [main] INFO  ipc.Client (Client.java:handleConnectionFailure(948)) - Retrying connect to server: localhost/127.0.0.1:0. Already tried 5 time(s); retry policy is RetryUpToMaximumCountWithFixedSleep(maxRetries=10, sleepTime=1000 MILLISECONDS)
2019-09-26 17:09:49,052 [main] INFO  ipc.Client (Client.java:handleConnectionFailure(948)) - Retrying connect to server: localhost/127.0.0.1:0. Already tried 6 time(s); retry policy is RetryUpToMaximumCountWithFixedSleep(maxRetries=10, sleepTime=1000 MILLISECONDS)
2019-09-26 17:09:50,053 [main] INFO  ipc.Client (Client.java:handleConnectionFailure(948)) - Retrying connect to server: localhost/127.0.0.1:0. Already tried 7 time(s); retry policy is RetryUpToMaximumCountWithFixedSleep(maxRetries=10, sleepTime=1000 MILLISECONDS)
2019-09-26 17:09:51,055 [main] INFO  ipc.Client (Client.java:handleConnectionFailure(948)) - Retrying connect to server: localhost/127.0.0.1:0. Already tried 8 time(s); retry policy is RetryUpToMaximumCountWithFixedSleep(maxRetries=10, sleepTime=1000 MILLISECONDS)
2019-09-26 17:09:52,056 [main] INFO  ipc.Client (Client.java:handleConnectionFailure(948)) - Retrying connect to server: localhost/127.0.0.1:0. Already tried 9 time(s); retry policy is RetryUpToMaximumCountWithFixedSleep(maxRetries=10, sleepTime=1000 MILLISECONDS)
2019-09-26 17:09:52,058 [main] INFO  retry.RetryInvocationHandler (RetryInvocationHandler.java:log(411)) - com.google.protobuf.ServiceException: java.net.ConnectException: Your endpoint configuration is wrong; For more details see:  http://wiki.apache.org/hadoop/UnsetHostnameOrPort, while invoking $Proxy34.submitRequest over nodeId=null,nodeAddress=127.0.0.1:0 after 7 failover attempts. Trying to failover immediately.
2019-09-26 17:09:53,059 [main] INFO  ipc.Client (Client.java:handleConnectionFailure(948)) - Retrying connect to server: localhost/127.0.0.1:0. Already tried 0 time(s); retry policy is RetryUpToMaximumCountWithFixedSleep(maxRetries=10, sleepTime=1000 MILLISECONDS)
2019-09-26 17:09:54,061 [main] INFO  ipc.Client (Client.java:handleConnectionFailure(948)) - Retrying connect to server: localhost/127.0.0.1:0. Already tried 1 time(s); retry policy is RetryUpToMaximumCountWithFixedSleep(maxRetries=10, sleepTime=1000 MILLISECONDS)
2019-09-26 17:09:55,062 [main] INFO  ipc.Client (Client.java:handleConnectionFailure(948)) - Retrying connect to server: localhost/127.0.0.1:0. Already tried 2 time(s); retry policy is RetryUpToMaximumCountWithFixedSleep(maxRetries=10, sleepTime=1000 MILLISECONDS)
2019-09-26 17:09:56,064 [main] INFO  ipc.Client (Client.java:handleConnectionFailure(948)) - Retrying connect to server: localhost/127.0.0.1:0. Already tried 3 time(s); retry policy is RetryUpToMaximumCountWithFixedSleep(maxRetries=10, sleepTime=1000 MILLISECONDS)
2019-09-26 17:09:57,065 [main] INFO  ipc.Client (Client.java:handleConnectionFailure(948)) - Retrying connect to server: localhost/127.0.0.1:0. Already tried 4 time(s); retry policy is RetryUpToMaximumCountWithFixedSleep(maxRetries=10, sleepTime=1000 MILLISECONDS)
2019-09-26 17:09:58,066 [main] INFO  ipc.Client (Client.java:handleConnectionFailure(948)) - Retrying connect to server: localhost/127.0.0.1:0. Already tried 5 time(s); retry policy is RetryUpToMaximumCountWithFixedSleep(maxRetries=10, sleepTime=1000 MILLISECONDS)
2019-09-26 17:09:59,067 [main] INFO  ipc.Client (Client.java:handleConnectionFailure(948)) - Retrying connect to server: localhost/127.0.0.1:0. Already tried 6 time(s); retry policy is RetryUpToMaximumCountWithFixedSleep(maxRetries=10, sleepTime=1000 MILLISECONDS)
2019-09-26 17:10:00,069 [main] INFO  ipc.Client (Client.java:handleConnectionFailure(948)) - Retrying connect to server: localhost/127.0.0.1:0. Already tried 7 time(s); retry policy is RetryUpToMaximumCountWithFixedSleep(maxRetries=10, sleepTime=1000 MILLISECONDS)
2019-09-26 17:10:01,070 [main] INFO  ipc.Client (Client.java:handleConnectionFailure(948)) - Retrying connect to server: localhost/127.0.0.1:0. Already tried 8 time(s); retry policy is RetryUpToMaximumCountWithFixedSleep(maxRetries=10, sleepTime=1000 MILLISECONDS)
2019-09-26 17:10:02,071 [main] INFO  ipc.Client (Client.java:handleConnectionFailure(948)) - Retrying connect to server: localhost/127.0.0.1:0. Already tried 9 time(s); retry policy is RetryUpToMaximumCountWithFixedSleep(maxRetries=10, sleepTime=1000 MILLISECONDS)
2019-09-26 17:10:02,074 [main] INFO  retry.RetryInvocationHandler (RetryInvocationHandler.java:log(411)) - com.google.protobuf.ServiceException: java.net.ConnectException: Your endpoint configuration is wrong; For more details see:  http://wiki.apache.org/hadoop/UnsetHostnameOrPort, while invoking $Proxy34.submitRequest over nodeId=null,nodeAddress=127.0.0.1:0 after 8 failover attempts. Trying to failover immediately.
2019-09-26 17:10:03,076 [main] INFO  ipc.Client (Client.java:handleConnectionFailure(948)) - Retrying connect to server: localhost/127.0.0.1:0. Already tried 0 time(s); retry policy is RetryUpToMaximumCountWithFixedSleep(maxRetries=10, sleepTime=1000 MILLISECONDS)
2019-09-26 17:10:04,078 [main] INFO  ipc.Client (Client.java:handleConnectionFailure(948)) - Retrying connect to server: localhost/127.0.0.1:0. Already tried 1 time(s); retry policy is RetryUpToMaximumCountWithFixedSleep(maxRetries=10, sleepTime=1000 MILLISECONDS)
2019-09-26 17:10:05,080 [main] INFO  ipc.Client (Client.java:handleConnectionFailure(948)) - Retrying connect to server: localhost/127.0.0.1:0. Already tried 2 time(s); retry policy is RetryUpToMaximumCountWithFixedSleep(maxRetries=10, sleepTime=1000 MILLISECONDS)
2019-09-26 17:10:06,082 [main] INFO  ipc.Client (Client.java:handleConnectionFailure(948)) - Retrying connect to server: localhost/127.0.0.1:0. Already tried 3 time(s); retry policy is RetryUpToMaximumCountWithFixedSleep(maxRetries=10, sleepTime=1000 MILLISECONDS)
2019-09-26 17:10:07,083 [main] INFO  ipc.Client (Client.java:handleConnectionFailure(948)) - Retrying connect to server: localhost/127.0.0.1:0. Already tried 4 time(s); retry policy is RetryUpToMaximumCountWithFixedSleep(maxRetries=10, sleepTime=1000 MILLISECONDS)
2019-09-26 17:10:08,085 [main] INFO  ipc.Client (Client.java:handleConnectionFailure(948)) - Retrying connect to server: localhost/127.0.0.1:0. Already tried 5 time(s); retry policy is RetryUpToMaximumCountWithFixedSleep(maxRetries=10, sleepTime=1000 MILLISECONDS)
2019-09-26 17:10:09,086 [main] INFO  ipc.Client (Client.java:handleConnectionFailure(948)) - Retrying connect to server: localhost/127.0.0.1:0. Already tried 6 time(s); retry policy is RetryUpToMaximumCountWithFixedSleep(maxRetries=10, sleepTime=1000 MILLISECONDS)
2019-09-26 17:10:10,087 [main] INFO  ipc.Client (Client.java:handleConnectionFailure(948)) - Retrying connect to server: localhost/127.0.0.1:0. Already tried 7 time(s); retry policy is RetryUpToMaximumCountWithFixedSleep(maxRetries=10, sleepTime=1000 MILLISECONDS)
2019-09-26 17:10:11,089 [main] INFO  ipc.Client (Client.java:handleConnectionFailure(948)) - Retrying connect to server: localhost/127.0.0.1:0. Already tried 8 time(s); retry policy is RetryUpToMaximumCountWithFixedSleep(maxRetries=10, sleepTime=1000 MILLISECONDS)
2019-09-26 17:10:12,090 [main] INFO  ipc.Client (Client.java:handleConnectionFailure(948)) - Retrying connect to server: localhost/127.0.0.1:0. Already tried 9 time(s); retry policy is RetryUpToMaximumCountWithFixedSleep(maxRetries=10, sleepTime=1000 MILLISECONDS)
2019-09-26 17:10:12,093 [main] INFO  retry.RetryInvocationHandler (RetryInvocationHandler.java:log(411)) - com.google.protobuf.ServiceException: java.net.ConnectException: Your endpoint configuration is wrong; For more details see:  http://wiki.apache.org/hadoop/UnsetHostnameOrPort, while invoking $Proxy34.submitRequest over nodeId=null,nodeAddress=127.0.0.1:0 after 9 failover attempts. Trying to failover immediately.
2019-09-26 17:10:13,094 [main] INFO  ipc.Client (Client.java:handleConnectionFailure(948)) - Retrying connect to server: localhost/127.0.0.1:0. Already tried 0 time(s); retry policy is RetryUpToMaximumCountWithFixedSleep(maxRetries=10, sleepTime=1000 MILLISECONDS)
2019-09-26 17:10:14,095 [main] INFO  ipc.Client (Client.java:handleConnectionFailure(948)) - Retrying connect to server: localhost/127.0.0.1:0. Already tried 1 time(s); retry policy is RetryUpToMaximumCountWithFixedSleep(maxRetries=10, sleepTime=1000 MILLISECONDS)
2019-09-26 17:10:15,097 [main] INFO  ipc.Client (Client.java:handleConnectionFailure(948)) - Retrying connect to server: localhost/127.0.0.1:0. Already tried 2 time(s); retry policy is RetryUpToMaximumCountWithFixedSleep(maxRetries=10, sleepTime=1000 MILLISECONDS)
2019-09-26 17:10:16,098 [main] INFO  ipc.Client (Client.java:handleConnectionFailure(948)) - Retrying connect to server: localhost/127.0.0.1:0. Already tried 3 time(s); retry policy is RetryUpToMaximumCountWithFixedSleep(maxRetries=10, sleepTime=1000 MILLISECONDS)
2019-09-26 17:10:17,100 [main] INFO  ipc.Client (Client.java:handleConnectionFailure(948)) - Retrying connect to server: localhost/127.0.0.1:0. Already tried 4 time(s); retry policy is RetryUpToMaximumCountWithFixedSleep(maxRetries=10, sleepTime=1000 MILLISECONDS)
2019-09-26 17:10:18,101 [main] INFO  ipc.Client (Client.java:handleConnectionFailure(948)) - Retrying connect to server: localhost/127.0.0.1:0. Already tried 5 time(s); retry policy is RetryUpToMaximumCountWithFixedSleep(maxRetries=10, sleepTime=1000 MILLISECONDS)
2019-09-26 17:10:19,102 [main] INFO  ipc.Client (Client.java:handleConnectionFailure(948)) - Retrying connect to server: localhost/127.0.0.1:0. Already tried 6 time(s); retry policy is RetryUpToMaximumCountWithFixedSleep(maxRetries=10, sleepTime=1000 MILLISECONDS)
2019-09-26 17:10:20,104 [main] INFO  ipc.Client (Client.java:handleConnectionFailure(948)) - Retrying connect to server: localhost/127.0.0.1:0. Already tried 7 time(s); retry policy is RetryUpToMaximumCountWithFixedSleep(maxRetries=10, sleepTime=1000 MILLISECONDS)
2019-09-26 17:10:21,105 [main] INFO  ipc.Client (Client.java:handleConnectionFailure(948)) - Retrying connect to server: localhost/127.0.0.1:0. Already tried 8 time(s); retry policy is RetryUpToMaximumCountWithFixedSleep(maxRetries=10, sleepTime=1000 MILLISECONDS)
2019-09-26 17:10:22,107 [main] INFO  ipc.Client (Client.java:handleConnectionFailure(948)) - Retrying connect to server: localhost/127.0.0.1:0. Already tried 9 time(s); retry policy is RetryUpToMaximumCountWithFixedSleep(maxRetries=10, sleepTime=1000 MILLISECONDS)
2019-09-26 17:10:22,108 [main] ERROR ha.OMFailoverProxyProvider (OzoneManagerProtocolClientSideTranslatorPB.java:getRetryAction(268)) - Failed to connect to OM. Attempted 10 retries and 10 failovers
2019-09-26 17:10:22,112 [main] ERROR client.OzoneClientFactory (OzoneClientFactory.java:getClientProtocol(259)) - Couldn't create RpcClient protocol exception: 
java.net.ConnectException: Your endpoint configuration is wrong; For more details see:  http://wiki.apache.org/hadoop/UnsetHostnameOrPort
	at sun.reflect.NativeConstructorAccessorImpl.newInstance0(Native Method)
	at sun.reflect.NativeConstructorAccessorImpl.newInstance(NativeConstructorAccessorImpl.java:62)
	at sun.reflect.DelegatingConstructorAccessorImpl.newInstance(DelegatingConstructorAccessorImpl.java:45)
	at java.lang.reflect.Constructor.newInstance(Constructor.java:423)
	at org.apache.hadoop.net.NetUtils.wrapWithMessage(NetUtils.java:831)
	at org.apache.hadoop.net.NetUtils.wrapException(NetUtils.java:751)
	at org.apache.hadoop.ipc.Client.getRpcResponse(Client.java:1515)
	at org.apache.hadoop.ipc.Client.call(Client.java:1457)
	at org.apache.hadoop.ipc.Client.call(Client.java:1367)
	at org.apache.hadoop.ipc.ProtobufRpcEngine$Invoker.invoke(ProtobufRpcEngine.java:228)
	at org.apache.hadoop.ipc.ProtobufRpcEngine$Invoker.invoke(ProtobufRpcEngine.java:116)
	at com.sun.proxy.$Proxy34.submitRequest(Unknown Source)
	at sun.reflect.NativeMethodAccessorImpl.invoke0(Native Method)
	at sun.reflect.NativeMethodAccessorImpl.invoke(NativeMethodAccessorImpl.java:62)
	at sun.reflect.DelegatingMethodAccessorImpl.invoke(DelegatingMethodAccessorImpl.java:43)
	at java.lang.reflect.Method.invoke(Method.java:498)
	at org.apache.hadoop.io.retry.RetryInvocationHandler.invokeMethod(RetryInvocationHandler.java:422)
	at org.apache.hadoop.io.retry.RetryInvocationHandler$Call.invokeMethod(RetryInvocationHandler.java:165)
	at org.apache.hadoop.io.retry.RetryInvocationHandler$Call.invoke(RetryInvocationHandler.java:157)
	at org.apache.hadoop.io.retry.RetryInvocationHandler$Call.invokeOnce(RetryInvocationHandler.java:95)
	at org.apache.hadoop.io.retry.RetryInvocationHandler.invoke(RetryInvocationHandler.java:359)
	at com.sun.proxy.$Proxy34.submitRequest(Unknown Source)
	at org.apache.hadoop.ozone.om.protocolPB.OzoneManagerProtocolClientSideTranslatorPB.submitRequest(OzoneManagerProtocolClientSideTranslatorPB.java:338)
	at org.apache.hadoop.ozone.om.protocolPB.OzoneManagerProtocolClientSideTranslatorPB.getServiceInfo(OzoneManagerProtocolClientSideTranslatorPB.java:1223)
	at sun.reflect.NativeMethodAccessorImpl.invoke0(Native Method)
	at sun.reflect.NativeMethodAccessorImpl.invoke(NativeMethodAccessorImpl.java:62)
	at sun.reflect.DelegatingMethodAccessorImpl.invoke(DelegatingMethodAccessorImpl.java:43)
	at java.lang.reflect.Method.invoke(Method.java:498)
	at org.apache.hadoop.hdds.tracing.TraceAllMethod.invoke(TraceAllMethod.java:66)
	at com.sun.proxy.$Proxy35.getServiceInfo(Unknown Source)
	at org.apache.hadoop.ozone.client.rpc.RpcClient.<init>(RpcClient.java:154)
	at org.apache.hadoop.ozone.client.OzoneClientFactory.getClientProtocol(OzoneClientFactory.java:256)
	at org.apache.hadoop.ozone.client.OzoneClientFactory.getClientProtocol(OzoneClientFactory.java:239)
	at org.apache.hadoop.ozone.client.OzoneClientFactory.getClient(OzoneClientFactory.java:75)
	at org.apache.hadoop.ozone.client.rpc.Test2WayCommitInRatis.startCluster(Test2WayCommitInRatis.java:92)
	at org.apache.hadoop.ozone.client.rpc.Test2WayCommitInRatis.test2WayCommitForRetryfailure(Test2WayCommitInRatis.java:119)
	at sun.reflect.NativeMethodAccessorImpl.invoke0(Native Method)
	at sun.reflect.NativeMethodAccessorImpl.invoke(NativeMethodAccessorImpl.java:62)
	at sun.reflect.DelegatingMethodAccessorImpl.invoke(DelegatingMethodAccessorImpl.java:43)
	at java.lang.reflect.Method.invoke(Method.java:498)
	at org.junit.runners.model.FrameworkMethod$1.runReflectiveCall(FrameworkMethod.java:47)
	at org.junit.internal.runners.model.ReflectiveCallable.run(ReflectiveCallable.java:12)
	at org.junit.runners.model.FrameworkMethod.invokeExplosively(FrameworkMethod.java:44)
	at org.junit.internal.runners.statements.InvokeMethod.evaluate(InvokeMethod.java:17)
	at org.junit.runners.ParentRunner.runLeaf(ParentRunner.java:271)
	at org.junit.runners.BlockJUnit4ClassRunner.runChild(BlockJUnit4ClassRunner.java:70)
	at org.junit.runners.BlockJUnit4ClassRunner.runChild(BlockJUnit4ClassRunner.java:50)
	at org.junit.runners.ParentRunner$3.run(ParentRunner.java:238)
	at org.junit.runners.ParentRunner$1.schedule(ParentRunner.java:63)
	at org.junit.runners.ParentRunner.runChildren(ParentRunner.java:236)
	at org.junit.runners.ParentRunner.access$000(ParentRunner.java:53)
	at org.junit.runners.ParentRunner$2.evaluate(ParentRunner.java:229)
	at org.junit.runners.ParentRunner.run(ParentRunner.java:309)
	at org.apache.maven.surefire.junit4.JUnit4Provider.execute(JUnit4Provider.java:365)
	at org.apache.maven.surefire.junit4.JUnit4Provider.executeWithRerun(JUnit4Provider.java:273)
	at org.apache.maven.surefire.junit4.JUnit4Provider.executeTestSet(JUnit4Provider.java:238)
	at org.apache.maven.surefire.junit4.JUnit4Provider.invoke(JUnit4Provider.java:159)
	at org.apache.maven.surefire.booter.ForkedBooter.invokeProviderInSameClassLoader(ForkedBooter.java:384)
	at org.apache.maven.surefire.booter.ForkedBooter.runSuitesInProcess(ForkedBooter.java:345)
	at org.apache.maven.surefire.booter.ForkedBooter.execute(ForkedBooter.java:126)
	at org.apache.maven.surefire.booter.ForkedBooter.main(ForkedBooter.java:418)
Caused by: java.net.ConnectException: Connection refused
	at sun.nio.ch.SocketChannelImpl.checkConnect(Native Method)
	at sun.nio.ch.SocketChannelImpl.finishConnect(SocketChannelImpl.java:717)
	at org.apache.hadoop.net.SocketIOWithTimeout.connect(SocketIOWithTimeout.java:206)
	at org.apache.hadoop.net.NetUtils.connect(NetUtils.java:531)
	at org.apache.hadoop.ipc.Client$Connection.setupConnection(Client.java:690)
	at org.apache.hadoop.ipc.Client$Connection.setupIOstreams(Client.java:794)
	at org.apache.hadoop.ipc.Client$Connection.access$3700(Client.java:411)
	at org.apache.hadoop.ipc.Client.getConnection(Client.java:1572)
	at org.apache.hadoop.ipc.Client.call(Client.java:1403)
	... 53 more
]]></system-out>
    <system-err><![CDATA[ERROR StatusLogger No Log4j 2 configuration file found. Using default configuration (logging only errors to the console), or user programmatically provided configurations. Set system property 'log4j2.debug' to show Log4j 2 internal initialization logging. See https://logging.apache.org/log4j/2.x/manual/configuration.html for instructions on how to configure Log4j 2
]]></system-err>
  </testcase>
</testsuite>