<?xml version="1.0" encoding="UTF-8"?>
<testsuite xmlns:xsi="http://www.w3.org/2001/XMLSchema-instance" xsi:noNamespaceSchemaLocation="https://maven.apache.org/surefire/maven-surefire-plugin/xsd/surefire-test-report.xsd" name="org.apache.hadoop.ozone.client.rpc.TestCloseContainerHandlingByClient" time="141.273" tests="1" errors="1" skipped="0" failures="0">
  <properties>
    <property name="awt.toolkit" value="sun.awt.X11.XToolkit"/>
    <property name="file.encoding.pkg" value="sun.io"/>
    <property name="java.specification.version" value="1.8"/>
    <property name="sun.cpu.isalist" value=""/>
    <property name="sun.jnu.encoding" value="UTF-8"/>
    <property name="java.class.path" value="/workdir/hadoop-ozone/integration-test/target/test-classes:/workdir/hadoop-ozone/integration-test/target/classes:/home/user/.m2/repository/org/apache/hadoop/hadoop-ozone-common/0.5.0-SNAPSHOT/hadoop-ozone-common-0.5.0-SNAPSHOT.jar:/home/user/.m2/repository/org/apache/commons/commons-compress/1.4.1/commons-compress-1.4.1.jar:/home/user/.m2/repository/org/tukaani/xz/1.0/xz-1.0.jar:/home/user/.m2/repository/org/apache/hadoop/hadoop-common/3.2.0/hadoop-common-3.2.0.jar:/home/user/.m2/repository/org/apache/hadoop/hadoop-hdfs/3.2.0/hadoop-hdfs-3.2.0.jar:/home/user/.m2/repository/org/apache/hadoop/hadoop-hdfs-client/3.2.0/hadoop-hdfs-client-3.2.0.jar:/home/user/.m2/repository/com/fasterxml/jackson/core/jackson-annotations/2.9.9/jackson-annotations-2.9.9.jar:/home/user/.m2/repository/org/apache/hadoop/hadoop-hdds-common/0.5.0-SNAPSHOT/hadoop-hdds-common-0.5.0-SNAPSHOT.jar:/home/user/.m2/repository/javax/annotation/javax.annotation-api/1.2/javax.annotation-api-1.2.jar:/home/user/.m2/repository/org/apache/ratis/ratis-server/0.4.0/ratis-server-0.4.0.jar:/home/user/.m2/repository/org/apache/ratis/ratis-thirdparty-misc/0.2.0/ratis-thirdparty-misc-0.2.0.jar:/home/user/.m2/repository/org/apache/ratis/ratis-proto/0.4.0/ratis-proto-0.4.0.jar:/home/user/.m2/repository/org/apache/ratis/ratis-common/0.4.0/ratis-common-0.4.0.jar:/home/user/.m2/repository/org/apache/ratis/ratis-client/0.4.0/ratis-client-0.4.0.jar:/home/user/.m2/repository/org/apache/ratis/ratis-metrics/0.4.0/ratis-metrics-0.4.0.jar:/home/user/.m2/repository/com/github/joshelser/dropwizard-metrics-hadoop-metrics2-reporter/0.1.2/dropwizard-metrics-hadoop-metrics2-reporter-0.1.2.jar:/home/user/.m2/repository/io/dropwizard/metrics/metrics-jvm/3.2.5/metrics-jvm-3.2.5.jar:/home/user/.m2/repository/io/dropwizard/metrics/metrics-ganglia/3.2.5/metrics-ganglia-3.2.5.jar:/home/user/.m2/repository/info/ganglia/gmetric4j/gmetric4j/1.0.7/gmetric4j-1.0.7.jar:/home/user/.m2/repository/org/apache/ratis/ratis-netty/0.4.0/ratis-netty-0.4.0.jar:/home/user/.m2/repository/org/apache/ratis/ratis-grpc/0.4.0/ratis-grpc-0.4.0.jar:/home/user/.m2/repository/org/rocksdb/rocksdbjni/6.0.1/rocksdbjni-6.0.1.jar:/home/user/.m2/repository/org/apache/logging/log4j/log4j-api/2.11.0/log4j-api-2.11.0.jar:/home/user/.m2/repository/org/apache/logging/log4j/log4j-core/2.11.0/log4j-core-2.11.0.jar:/home/user/.m2/repository/com/lmax/disruptor/3.4.2/disruptor-3.4.2.jar:/home/user/.m2/repository/org/apache/commons/commons-pool2/2.6.0/commons-pool2-2.6.0.jar:/home/user/.m2/repository/org/bouncycastle/bcpkix-jdk15on/1.60/bcpkix-jdk15on-1.60.jar:/home/user/.m2/repository/commons-validator/commons-validator/1.6/commons-validator-1.6.jar:/home/user/.m2/repository/commons-digester/commons-digester/1.8.1/commons-digester-1.8.1.jar:/home/user/.m2/repository/io/jaegertracing/jaeger-client/0.34.0/jaeger-client-0.34.0.jar:/home/user/.m2/repository/io/jaegertracing/jaeger-thrift/0.34.0/jaeger-thrift-0.34.0.jar:/home/user/.m2/repository/org/apache/thrift/libthrift/0.12.0/libthrift-0.12.0.jar:/home/user/.m2/repository/com/squareup/okhttp3/okhttp/3.9.0/okhttp-3.9.0.jar:/home/user/.m2/repository/com/squareup/okio/okio/1.13.0/okio-1.13.0.jar:/home/user/.m2/repository/io/jaegertracing/jaeger-core/0.34.0/jaeger-core-0.34.0.jar:/home/user/.m2/repository/io/jaegertracing/jaeger-tracerresolver/0.34.0/jaeger-tracerresolver-0.34.0.jar:/home/user/.m2/repository/io/opentracing/contrib/opentracing-tracerresolver/0.1.5/opentracing-tracerresolver-0.1.5.jar:/home/user/.m2/repository/io/opentracing/opentracing-util/0.31.0/opentracing-util-0.31.0.jar:/home/user/.m2/repository/io/opentracing/opentracing-api/0.31.0/opentracing-api-0.31.0.jar:/home/user/.m2/repository/io/opentracing/opentracing-noop/0.31.0/opentracing-noop-0.31.0.jar:/home/user/.m2/repository/org/apache/hadoop/hadoop-hdds-server-framework/0.5.0-SNAPSHOT/hadoop-hdds-server-framework-0.5.0-SNAPSHOT.jar:/home/user/.m2/repository/org/apache/hadoop/hadoop-hdds-container-service/0.5.0-SNAPSHOT/hadoop-hdds-container-service-0.5.0-SNAPSHOT.jar:/home/user/.m2/repository/org/apache/hadoop/hadoop-hdds-client/0.5.0-SNAPSHOT/hadoop-hdds-client-0.5.0-SNAPSHOT.jar:/home/user/.m2/repository/org/apache/hadoop/hadoop-hdds-tools/0.5.0-SNAPSHOT/hadoop-hdds-tools-0.5.0-SNAPSHOT.jar:/home/user/.m2/repository/org/apache/hadoop/hadoop-hdds-server-scm/0.5.0-SNAPSHOT/hadoop-hdds-server-scm-0.5.0-SNAPSHOT.jar:/home/user/.m2/repository/org/apache/hadoop/hadoop-hdds-docs/0.5.0-SNAPSHOT/hadoop-hdds-docs-0.5.0-SNAPSHOT.jar:/home/user/.m2/repository/io/dropwizard/metrics/metrics-core/3.2.4/metrics-core-3.2.4.jar:/home/user/.m2/repository/org/hamcrest/hamcrest-all/1.3/hamcrest-all-1.3.jar:/home/user/.m2/repository/org/bouncycastle/bcprov-jdk15on/1.60/bcprov-jdk15on-1.60.jar:/home/user/.m2/repository/info/picocli/picocli/3.9.6/picocli-3.9.6.jar:/home/user/.m2/repository/com/google/protobuf/protobuf-java/2.5.0/protobuf-java-2.5.0.jar:/home/user/.m2/repository/com/google/guava/guava/11.0.2/guava-11.0.2.jar:/home/user/.m2/repository/org/apache/hadoop/hadoop-ozone-ozone-manager/0.5.0-SNAPSHOT/hadoop-ozone-ozone-manager-0.5.0-SNAPSHOT.jar:/home/user/.m2/repository/org/apache/hadoop/hadoop-minikdc/3.2.0/hadoop-minikdc-3.2.0.jar:/home/user/.m2/repository/commons-io/commons-io/2.5/commons-io-2.5.jar:/home/user/.m2/repository/org/apache/kerby/kerb-simplekdc/1.0.1/kerb-simplekdc-1.0.1.jar:/home/user/.m2/repository/org/apache/kerby/kerb-client/1.0.1/kerb-client-1.0.1.jar:/home/user/.m2/repository/org/apache/kerby/kerby-config/1.0.1/kerby-config-1.0.1.jar:/home/user/.m2/repository/org/apache/kerby/kerb-core/1.0.1/kerb-core-1.0.1.jar:/home/user/.m2/repository/org/apache/kerby/kerby-pkix/1.0.1/kerby-pkix-1.0.1.jar:/home/user/.m2/repository/org/apache/kerby/kerby-asn1/1.0.1/kerby-asn1-1.0.1.jar:/home/user/.m2/repository/org/apache/kerby/kerby-util/1.0.1/kerby-util-1.0.1.jar:/home/user/.m2/repository/org/apache/kerby/kerb-common/1.0.1/kerb-common-1.0.1.jar:/home/user/.m2/repository/org/apache/kerby/kerb-crypto/1.0.1/kerb-crypto-1.0.1.jar:/home/user/.m2/repository/org/apache/kerby/kerb-util/1.0.1/kerb-util-1.0.1.jar:/home/user/.m2/repository/org/apache/kerby/token-provider/1.0.1/token-provider-1.0.1.jar:/home/user/.m2/repository/org/apache/kerby/kerb-admin/1.0.1/kerb-admin-1.0.1.jar:/home/user/.m2/repository/org/apache/kerby/kerb-server/1.0.1/kerb-server-1.0.1.jar:/home/user/.m2/repository/org/apache/kerby/kerb-identity/1.0.1/kerb-identity-1.0.1.jar:/home/user/.m2/repository/org/apache/kerby/kerby-xdr/1.0.1/kerby-xdr-1.0.1.jar:/home/user/.m2/repository/org/slf4j/slf4j-log4j12/1.7.25/slf4j-log4j12-1.7.25.jar:/home/user/.m2/repository/org/apache/hadoop/hadoop-ozone-s3gateway/0.5.0-SNAPSHOT/hadoop-ozone-s3gateway-0.5.0-SNAPSHOT.jar:/home/user/.m2/repository/org/jboss/weld/servlet/weld-servlet/2.4.7.Final/weld-servlet-2.4.7.Final.jar:/home/user/.m2/repository/org/glassfish/jersey/containers/jersey-container-servlet-core/2.27/jersey-container-servlet-core-2.27.jar:/home/user/.m2/repository/org/glassfish/hk2/external/javax.inject/2.5.0-b42/javax.inject-2.5.0-b42.jar:/home/user/.m2/repository/org/glassfish/jersey/core/jersey-common/2.27/jersey-common-2.27.jar:/home/user/.m2/repository/org/glassfish/hk2/osgi-resource-locator/1.0.1/osgi-resource-locator-1.0.1.jar:/home/user/.m2/repository/javax/ws/rs/javax.ws.rs-api/2.1/javax.ws.rs-api-2.1.jar:/home/user/.m2/repository/org/glassfish/jersey/ext/cdi/jersey-cdi1x/2.27/jersey-cdi1x-2.27.jar:/home/user/.m2/repository/org/glassfish/jersey/inject/jersey-hk2/2.27/jersey-hk2-2.27.jar:/home/user/.m2/repository/org/glassfish/hk2/hk2-locator/2.5.0-b42/hk2-locator-2.5.0-b42.jar:/home/user/.m2/repository/org/javassist/javassist/3.22.0-CR2/javassist-3.22.0-CR2.jar:/home/user/.m2/repository/org/glassfish/hk2/hk2-api/2.5.0/hk2-api-2.5.0.jar:/home/user/.m2/repository/org/glassfish/hk2/external/jakarta.inject/2.5.0/jakarta.inject-2.5.0.jar:/home/user/.m2/repository/org/glassfish/hk2/hk2-utils/2.5.0/hk2-utils-2.5.0.jar:/home/user/.m2/repository/jakarta/annotation/jakarta.annotation-api/1.3.4/jakarta.annotation-api-1.3.4.jar:/home/user/.m2/repository/org/glassfish/hk2/external/aopalliance-repackaged/2.5.0/aopalliance-repackaged-2.5.0.jar:/home/user/.m2/repository/com/fasterxml/jackson/dataformat/jackson-dataformat-xml/2.9.0/jackson-dataformat-xml-2.9.0.jar:/home/user/.m2/repository/com/fasterxml/jackson/core/jackson-core/2.9.9/jackson-core-2.9.9.jar:/home/user/.m2/repository/com/fasterxml/jackson/module/jackson-module-jaxb-annotations/2.9.9/jackson-module-jaxb-annotations-2.9.9.jar:/home/user/.m2/repository/javax/enterprise/cdi-api/1.2/cdi-api-1.2.jar:/home/user/.m2/repository/javax/el/javax.el-api/3.0.0/javax.el-api-3.0.0.jar:/home/user/.m2/repository/javax/interceptor/javax.interceptor-api/1.2/javax.interceptor-api-1.2.jar:/home/user/.m2/repository/javax/inject/javax.inject/1/javax.inject-1.jar:/home/user/.m2/repository/com/sun/xml/bind/jaxb-impl/2.3.0.1/jaxb-impl-2.3.0.1.jar:/home/user/.m2/repository/com/sun/xml/bind/jaxb-core/2.3.0.1/jaxb-core-2.3.0.1.jar:/home/user/.m2/repository/javax/xml/bind/jaxb-api/2.3.0/jaxb-api-2.3.0.jar:/home/user/.m2/repository/javax/activation/activation/1.1.1/activation-1.1.1.jar:/home/user/.m2/repository/org/apache/hadoop/hadoop-ozone-csi/0.5.0-SNAPSHOT/hadoop-ozone-csi-0.5.0-SNAPSHOT.jar:/home/user/.m2/repository/com/google/protobuf/protobuf-java-util/3.5.1/protobuf-java-util-3.5.1.jar:/home/user/.m2/repository/org/apache/hadoop/hadoop-hdds-config/0.5.0-SNAPSHOT/hadoop-hdds-config-0.5.0-SNAPSHOT.jar:/home/user/.m2/repository/io/grpc/grpc-netty/1.17.1/grpc-netty-1.17.1.jar:/home/user/.m2/repository/io/grpc/grpc-core/1.17.1/grpc-core-1.17.1.jar:/home/user/.m2/repository/io/grpc/grpc-context/1.17.1/grpc-context-1.17.1.jar:/home/user/.m2/repository/com/google/errorprone/error_prone_annotations/2.2.0/error_prone_annotations-2.2.0.jar:/home/user/.m2/repository/org/codehaus/mojo/animal-sniffer-annotations/1.17/animal-sniffer-annotations-1.17.jar:/home/user/.m2/repository/io/opencensus/opencensus-api/0.17.0/opencensus-api-0.17.0.jar:/home/user/.m2/repository/io/opencensus/opencensus-contrib-grpc-metrics/0.17.0/opencensus-contrib-grpc-metrics-0.17.0.jar:/home/user/.m2/repository/io/netty/netty-codec-http2/4.1.30.Final/netty-codec-http2-4.1.30.Final.jar:/home/user/.m2/repository/io/netty/netty-codec-http/4.1.30.Final/netty-codec-http-4.1.30.Final.jar:/home/user/.m2/repository/io/netty/netty-codec/4.1.30.Final/netty-codec-4.1.30.Final.jar:/home/user/.m2/repository/io/netty/netty-handler/4.1.30.Final/netty-handler-4.1.30.Final.jar:/home/user/.m2/repository/io/netty/netty-handler-proxy/4.1.30.Final/netty-handler-proxy-4.1.30.Final.jar:/home/user/.m2/repository/io/netty/netty-codec-socks/4.1.30.Final/netty-codec-socks-4.1.30.Final.jar:/home/user/.m2/repository/io/netty/netty-transport-native-epoll/4.1.30.Final/netty-transport-native-epoll-4.1.30.Final.jar:/home/user/.m2/repository/io/netty/netty-common/4.1.30.Final/netty-common-4.1.30.Final.jar:/home/user/.m2/repository/io/netty/netty-buffer/4.1.30.Final/netty-buffer-4.1.30.Final.jar:/home/user/.m2/repository/io/netty/netty-transport/4.1.30.Final/netty-transport-4.1.30.Final.jar:/home/user/.m2/repository/io/netty/netty-resolver/4.1.30.Final/netty-resolver-4.1.30.Final.jar:/home/user/.m2/repository/io/netty/netty-transport-native-unix-common/4.1.30.Final/netty-transport-native-unix-common-4.1.30.Final.jar:/home/user/.m2/repository/io/grpc/grpc-protobuf/1.17.1/grpc-protobuf-1.17.1.jar:/home/user/.m2/repository/com/google/api/grpc/proto-google-common-protos/1.0.0/proto-google-common-protos-1.0.0.jar:/home/user/.m2/repository/io/grpc/grpc-protobuf-lite/1.17.1/grpc-protobuf-lite-1.17.1.jar:/home/user/.m2/repository/io/grpc/grpc-stub/1.17.1/grpc-stub-1.17.1.jar:/home/user/.m2/repository/org/apache/hadoop/hadoop-ozone-recon/0.5.0-SNAPSHOT/hadoop-ozone-recon-0.5.0-SNAPSHOT.jar:/home/user/.m2/repository/org/apache/hadoop/hadoop-ozone-reconcodegen/0.5.0-SNAPSHOT/hadoop-ozone-reconcodegen-0.5.0-SNAPSHOT.jar:/home/user/.m2/repository/com/google/inject/extensions/guice-multibindings/4.0/guice-multibindings-4.0.jar:/home/user/.m2/repository/com/google/inject/guice/4.0/guice-4.0.jar:/home/user/.m2/repository/aopalliance/aopalliance/1.0/aopalliance-1.0.jar:/home/user/.m2/repository/com/google/inject/extensions/guice-servlet/4.0/guice-servlet-4.0.jar:/home/user/.m2/repository/org/glassfish/jersey/containers/jersey-container-servlet/2.27/jersey-container-servlet-2.27.jar:/home/user/.m2/repository/org/glassfish/hk2/guice-bridge/2.5.0/guice-bridge-2.5.0.jar:/home/user/.m2/repository/org/glassfish/jersey/core/jersey-server/2.27/jersey-server-2.27.jar:/home/user/.m2/repository/org/glassfish/jersey/core/jersey-client/2.27/jersey-client-2.27.jar:/home/user/.m2/repository/org/glassfish/jersey/media/jersey-media-jaxb/2.27/jersey-media-jaxb-2.27.jar:/home/user/.m2/repository/javax/validation/validation-api/1.1.0.Final/validation-api-1.1.0.Final.jar:/home/user/.m2/repository/org/glassfish/jersey/media/jersey-media-json-jackson/2.27/jersey-media-json-jackson-2.27.jar:/home/user/.m2/repository/org/glassfish/jersey/ext/jersey-entity-filtering/2.27/jersey-entity-filtering-2.27.jar:/home/user/.m2/repository/com/google/inject/extensions/guice-assistedinject/4.0/guice-assistedinject-4.0.jar:/home/user/.m2/repository/org/jooq/jooq/3.11.10/jooq-3.11.10.jar:/home/user/.m2/repository/org/jooq/jooq-meta/3.11.10/jooq-meta-3.11.10.jar:/home/user/.m2/repository/org/jooq/jooq-codegen/3.11.10/jooq-codegen-3.11.10.jar:/home/user/.m2/repository/com/jolbox/bonecp/0.8.0.RELEASE/bonecp-0.8.0.RELEASE.jar:/home/user/.m2/repository/org/xerial/sqlite-jdbc/3.25.2/sqlite-jdbc-3.25.2.jar:/home/user/.m2/repository/org/springframework/spring-jdbc/5.1.3.RELEASE/spring-jdbc-5.1.3.RELEASE.jar:/home/user/.m2/repository/org/springframework/spring-beans/5.1.3.RELEASE/spring-beans-5.1.3.RELEASE.jar:/home/user/.m2/repository/org/springframework/spring-core/5.1.3.RELEASE/spring-core-5.1.3.RELEASE.jar:/home/user/.m2/repository/org/springframework/spring-jcl/5.1.3.RELEASE/spring-jcl-5.1.3.RELEASE.jar:/home/user/.m2/repository/org/springframework/spring-tx/5.1.3.RELEASE/spring-tx-5.1.3.RELEASE.jar:/home/user/.m2/repository/org/apache/hadoop/hadoop-ozone-client/0.5.0-SNAPSHOT/hadoop-ozone-client-0.5.0-SNAPSHOT.jar:/home/user/.m2/repository/commons-lang/commons-lang/2.6/commons-lang-2.6.jar:/home/user/.m2/repository/org/apache/hadoop/hadoop-ozone-ozone-manager/0.5.0-SNAPSHOT/hadoop-ozone-ozone-manager-0.5.0-SNAPSHOT-tests.jar:/home/user/.m2/repository/junit/junit/4.11/junit-4.11.jar:/home/user/.m2/repository/org/hamcrest/hamcrest-core/1.3/hamcrest-core-1.3.jar:/home/user/.m2/repository/org/openjdk/jmh/jmh-core/1.19/jmh-core-1.19.jar:/home/user/.m2/repository/net/sf/jopt-simple/jopt-simple/4.6/jopt-simple-4.6.jar:/home/user/.m2/repository/org/apache/commons/commons-math3/3.1.1/commons-math3-3.1.1.jar:/home/user/.m2/repository/org/openjdk/jmh/jmh-generator-annprocess/1.19/jmh-generator-annprocess-1.19.jar:/home/user/.m2/repository/org/mockito/mockito-all/1.8.5/mockito-all-1.8.5.jar:/home/user/.m2/repository/org/apache/hadoop/hadoop-kms/3.2.0/hadoop-kms-3.2.0.jar:/home/user/.m2/repository/org/apache/hadoop/hadoop-auth/3.2.0/hadoop-auth-3.2.0.jar:/home/user/.m2/repository/com/nimbusds/nimbus-jose-jwt/4.41.1/nimbus-jose-jwt-4.41.1.jar:/home/user/.m2/repository/com/github/stephenc/jcip/jcip-annotations/1.0-1/jcip-annotations-1.0-1.jar:/home/user/.m2/repository/net/minidev/json-smart/2.3/json-smart-2.3.jar:/home/user/.m2/repository/net/minidev/accessors-smart/1.2/accessors-smart-1.2.jar:/home/user/.m2/repository/org/ow2/asm/asm/5.0.4/asm-5.0.4.jar:/home/user/.m2/repository/org/apache/curator/curator-framework/2.12.0/curator-framework-2.12.0.jar:/home/user/.m2/repository/com/sun/jersey/jersey-core/1.19/jersey-core-1.19.jar:/home/user/.m2/repository/javax/ws/rs/jsr311-api/1.1.1/jsr311-api-1.1.1.jar:/home/user/.m2/repository/com/sun/jersey/jersey-server/1.19/jersey-server-1.19.jar:/home/user/.m2/repository/javax/servlet/javax.servlet-api/3.1.0/javax.servlet-api-3.1.0.jar:/home/user/.m2/repository/org/eclipse/jetty/jetty-server/9.3.25.v20180904/jetty-server-9.3.25.v20180904.jar:/home/user/.m2/repository/org/eclipse/jetty/jetty-http/9.3.25.v20180904/jetty-http-9.3.25.v20180904.jar:/home/user/.m2/repository/org/eclipse/jetty/jetty-io/9.3.25.v20180904/jetty-io-9.3.25.v20180904.jar:/home/user/.m2/repository/org/eclipse/jetty/jetty-webapp/9.3.25.v20180904/jetty-webapp-9.3.25.v20180904.jar:/home/user/.m2/repository/org/eclipse/jetty/jetty-xml/9.3.25.v20180904/jetty-xml-9.3.25.v20180904.jar:/home/user/.m2/repository/log4j/log4j/1.2.17/log4j-1.2.17.jar:/home/user/.m2/repository/org/slf4j/slf4j-api/1.7.25/slf4j-api-1.7.25.jar:/home/user/.m2/repository/org/slf4j/jul-to-slf4j/1.7.25/jul-to-slf4j-1.7.25.jar:/home/user/.m2/repository/org/eclipse/jetty/jetty-util/9.3.25.v20180904/jetty-util-9.3.25.v20180904.jar:/home/user/.m2/repository/com/fasterxml/jackson/core/jackson-databind/2.9.9/jackson-databind-2.9.9.jar:/home/user/.m2/repository/org/apache/hadoop/hadoop-kms/3.2.0/hadoop-kms-3.2.0-tests.jar:/home/user/.m2/repository/org/apache/hadoop/hadoop-hdds-server-scm/0.5.0-SNAPSHOT/hadoop-hdds-server-scm-0.5.0-SNAPSHOT-tests.jar:/home/user/.m2/repository/org/apache/hadoop/hadoop-hdds-container-service/0.5.0-SNAPSHOT/hadoop-hdds-container-service-0.5.0-SNAPSHOT-tests.jar:/home/user/.m2/repository/org/yaml/snakeyaml/1.16/snakeyaml-1.16.jar:/home/user/.m2/repository/org/apache/hadoop/hadoop-common/3.2.0/hadoop-common-3.2.0-tests.jar:/home/user/.m2/repository/org/apache/hadoop/hadoop-annotations/3.2.0/hadoop-annotations-3.2.0.jar:/usr/lib/jvm/java-1.8-openjdk/jre/../lib/tools.jar:/home/user/.m2/repository/commons-cli/commons-cli/1.2/commons-cli-1.2.jar:/home/user/.m2/repository/org/apache/httpcomponents/httpclient/4.5.2/httpclient-4.5.2.jar:/home/user/.m2/repository/org/apache/httpcomponents/httpcore/4.4.4/httpcore-4.4.4.jar:/home/user/.m2/repository/commons-codec/commons-codec/1.11/commons-codec-1.11.jar:/home/user/.m2/repository/commons-net/commons-net/3.6/commons-net-3.6.jar:/home/user/.m2/repository/commons-collections/commons-collections/3.2.2/commons-collections-3.2.2.jar:/home/user/.m2/repository/org/eclipse/jetty/jetty-servlet/9.3.25.v20180904/jetty-servlet-9.3.25.v20180904.jar:/home/user/.m2/repository/org/eclipse/jetty/jetty-security/9.3.25.v20180904/jetty-security-9.3.25.v20180904.jar:/home/user/.m2/repository/javax/servlet/jsp/jsp-api/2.1/jsp-api-2.1.jar:/home/user/.m2/repository/com/sun/jersey/jersey-servlet/1.19/jersey-servlet-1.19.jar:/home/user/.m2/repository/com/sun/jersey/jersey-json/1.19/jersey-json-1.19.jar:/home/user/.m2/repository/org/codehaus/jettison/jettison/1.1/jettison-1.1.jar:/home/user/.m2/repository/org/codehaus/jackson/jackson-core-asl/1.9.13/jackson-core-asl-1.9.13.jar:/home/user/.m2/repository/org/codehaus/jackson/jackson-mapper-asl/1.9.13/jackson-mapper-asl-1.9.13.jar:/home/user/.m2/repository/org/codehaus/jackson/jackson-jaxrs/1.9.13/jackson-jaxrs-1.9.13.jar:/home/user/.m2/repository/org/codehaus/jackson/jackson-xc/1.9.13/jackson-xc-1.9.13.jar:/home/user/.m2/repository/commons-logging/commons-logging/1.1.3/commons-logging-1.1.3.jar:/home/user/.m2/repository/commons-beanutils/commons-beanutils/1.9.4/commons-beanutils-1.9.4.jar:/home/user/.m2/repository/org/apache/commons/commons-configuration2/2.1.1/commons-configuration2-2.1.1.jar:/home/user/.m2/repository/org/apache/commons/commons-lang3/3.7/commons-lang3-3.7.jar:/home/user/.m2/repository/org/apache/commons/commons-text/1.4/commons-text-1.4.jar:/home/user/.m2/repository/org/apache/avro/avro/1.7.7/avro-1.7.7.jar:/home/user/.m2/repository/com/thoughtworks/paranamer/paranamer/2.3/paranamer-2.3.jar:/home/user/.m2/repository/org/xerial/snappy/snappy-java/1.0.5/snappy-java-1.0.5.jar:/home/user/.m2/repository/com/google/re2j/re2j/1.1/re2j-1.1.jar:/home/user/.m2/repository/com/google/code/gson/gson/2.2.4/gson-2.2.4.jar:/home/user/.m2/repository/com/jcraft/jsch/0.1.54/jsch-0.1.54.jar:/home/user/.m2/repository/org/apache/curator/curator-client/2.12.0/curator-client-2.12.0.jar:/home/user/.m2/repository/org/apache/curator/curator-recipes/2.12.0/curator-recipes-2.12.0.jar:/home/user/.m2/repository/com/google/code/findbugs/jsr305/3.0.0/jsr305-3.0.0.jar:/home/user/.m2/repository/org/apache/htrace/htrace-core4/4.1.0-incubating/htrace-core4-4.1.0-incubating.jar:/home/user/.m2/repository/org/apache/zookeeper/zookeeper/3.4.13/zookeeper-3.4.13.jar:/home/user/.m2/repository/jline/jline/0.9.94/jline-0.9.94.jar:/home/user/.m2/repository/org/apache/yetus/audience-annotations/0.5.0/audience-annotations-0.5.0.jar:/home/user/.m2/repository/org/codehaus/woodstox/stax2-api/3.1.4/stax2-api-3.1.4.jar:/home/user/.m2/repository/com/fasterxml/woodstox/woodstox-core/5.0.3/woodstox-core-5.0.3.jar:/home/user/.m2/repository/dnsjava/dnsjava/2.1.7/dnsjava-2.1.7.jar:/home/user/.m2/repository/org/apache/hadoop/hadoop-hdfs/3.2.0/hadoop-hdfs-3.2.0-tests.jar:/home/user/.m2/repository/org/eclipse/jetty/jetty-util-ajax/9.3.25.v20180904/jetty-util-ajax-9.3.25.v20180904.jar:/home/user/.m2/repository/commons-daemon/commons-daemon/1.0.13/commons-daemon-1.0.13.jar:/home/user/.m2/repository/io/netty/netty/3.10.5.Final/netty-3.10.5.Final.jar:/home/user/.m2/repository/io/netty/netty-all/4.0.52.Final/netty-all-4.0.52.Final.jar:/home/user/.m2/repository/org/fusesource/leveldbjni/leveldbjni-all/1.8/leveldbjni-all-1.8.jar:"/>
    <property name="java.vm.vendor" value="IcedTea"/>
    <property name="sun.arch.data.model" value="64"/>
    <property name="test.build.dir" value="/workdir/hadoop-ozone/integration-test/target/test-dir"/>
    <property name="test.cache.data" value=""/>
    <property name="java.vendor.url" value="https://icedtea.classpath.org"/>
    <property name="user.timezone" value=""/>
    <property name="java.vm.specification.version" value="1.8"/>
    <property name="os.name" value="Linux"/>
    <property name="test.build.data" value="/workdir/hadoop-ozone/integration-test/target/test-dir"/>
    <property name="user.country" value="US"/>
    <property name="sun.java.launcher" value="SUN_STANDARD"/>
    <property name="sun.boot.library.path" value="/usr/lib/jvm/java-1.8-openjdk/jre/lib/amd64"/>
    <property name="sun.java.command" value="/workdir/hadoop-ozone/integration-test/target/surefire/surefirebooter1882854320751900983.jar /workdir/hadoop-ozone/integration-test/target/surefire 2019-09-26T15-34-27_911-jvmRun1 surefire1560607580947015269tmp surefire_281379634370370153770tmp"/>
    <property name="test" value="!TestMiniChaosOzoneCluster"/>
    <property name="surefire.test.class.path" value="/workdir/hadoop-ozone/integration-test/target/test-classes:/workdir/hadoop-ozone/integration-test/target/classes:/home/user/.m2/repository/org/apache/hadoop/hadoop-ozone-common/0.5.0-SNAPSHOT/hadoop-ozone-common-0.5.0-SNAPSHOT.jar:/home/user/.m2/repository/org/apache/commons/commons-compress/1.4.1/commons-compress-1.4.1.jar:/home/user/.m2/repository/org/tukaani/xz/1.0/xz-1.0.jar:/home/user/.m2/repository/org/apache/hadoop/hadoop-common/3.2.0/hadoop-common-3.2.0.jar:/home/user/.m2/repository/org/apache/hadoop/hadoop-hdfs/3.2.0/hadoop-hdfs-3.2.0.jar:/home/user/.m2/repository/org/apache/hadoop/hadoop-hdfs-client/3.2.0/hadoop-hdfs-client-3.2.0.jar:/home/user/.m2/repository/com/fasterxml/jackson/core/jackson-annotations/2.9.9/jackson-annotations-2.9.9.jar:/home/user/.m2/repository/org/apache/hadoop/hadoop-hdds-common/0.5.0-SNAPSHOT/hadoop-hdds-common-0.5.0-SNAPSHOT.jar:/home/user/.m2/repository/javax/annotation/javax.annotation-api/1.2/javax.annotation-api-1.2.jar:/home/user/.m2/repository/org/apache/ratis/ratis-server/0.4.0/ratis-server-0.4.0.jar:/home/user/.m2/repository/org/apache/ratis/ratis-thirdparty-misc/0.2.0/ratis-thirdparty-misc-0.2.0.jar:/home/user/.m2/repository/org/apache/ratis/ratis-proto/0.4.0/ratis-proto-0.4.0.jar:/home/user/.m2/repository/org/apache/ratis/ratis-common/0.4.0/ratis-common-0.4.0.jar:/home/user/.m2/repository/org/apache/ratis/ratis-client/0.4.0/ratis-client-0.4.0.jar:/home/user/.m2/repository/org/apache/ratis/ratis-metrics/0.4.0/ratis-metrics-0.4.0.jar:/home/user/.m2/repository/com/github/joshelser/dropwizard-metrics-hadoop-metrics2-reporter/0.1.2/dropwizard-metrics-hadoop-metrics2-reporter-0.1.2.jar:/home/user/.m2/repository/io/dropwizard/metrics/metrics-jvm/3.2.5/metrics-jvm-3.2.5.jar:/home/user/.m2/repository/io/dropwizard/metrics/metrics-ganglia/3.2.5/metrics-ganglia-3.2.5.jar:/home/user/.m2/repository/info/ganglia/gmetric4j/gmetric4j/1.0.7/gmetric4j-1.0.7.jar:/home/user/.m2/repository/org/apache/ratis/ratis-netty/0.4.0/ratis-netty-0.4.0.jar:/home/user/.m2/repository/org/apache/ratis/ratis-grpc/0.4.0/ratis-grpc-0.4.0.jar:/home/user/.m2/repository/org/rocksdb/rocksdbjni/6.0.1/rocksdbjni-6.0.1.jar:/home/user/.m2/repository/org/apache/logging/log4j/log4j-api/2.11.0/log4j-api-2.11.0.jar:/home/user/.m2/repository/org/apache/logging/log4j/log4j-core/2.11.0/log4j-core-2.11.0.jar:/home/user/.m2/repository/com/lmax/disruptor/3.4.2/disruptor-3.4.2.jar:/home/user/.m2/repository/org/apache/commons/commons-pool2/2.6.0/commons-pool2-2.6.0.jar:/home/user/.m2/repository/org/bouncycastle/bcpkix-jdk15on/1.60/bcpkix-jdk15on-1.60.jar:/home/user/.m2/repository/commons-validator/commons-validator/1.6/commons-validator-1.6.jar:/home/user/.m2/repository/commons-digester/commons-digester/1.8.1/commons-digester-1.8.1.jar:/home/user/.m2/repository/io/jaegertracing/jaeger-client/0.34.0/jaeger-client-0.34.0.jar:/home/user/.m2/repository/io/jaegertracing/jaeger-thrift/0.34.0/jaeger-thrift-0.34.0.jar:/home/user/.m2/repository/org/apache/thrift/libthrift/0.12.0/libthrift-0.12.0.jar:/home/user/.m2/repository/com/squareup/okhttp3/okhttp/3.9.0/okhttp-3.9.0.jar:/home/user/.m2/repository/com/squareup/okio/okio/1.13.0/okio-1.13.0.jar:/home/user/.m2/repository/io/jaegertracing/jaeger-core/0.34.0/jaeger-core-0.34.0.jar:/home/user/.m2/repository/io/jaegertracing/jaeger-tracerresolver/0.34.0/jaeger-tracerresolver-0.34.0.jar:/home/user/.m2/repository/io/opentracing/contrib/opentracing-tracerresolver/0.1.5/opentracing-tracerresolver-0.1.5.jar:/home/user/.m2/repository/io/opentracing/opentracing-util/0.31.0/opentracing-util-0.31.0.jar:/home/user/.m2/repository/io/opentracing/opentracing-api/0.31.0/opentracing-api-0.31.0.jar:/home/user/.m2/repository/io/opentracing/opentracing-noop/0.31.0/opentracing-noop-0.31.0.jar:/home/user/.m2/repository/org/apache/hadoop/hadoop-hdds-server-framework/0.5.0-SNAPSHOT/hadoop-hdds-server-framework-0.5.0-SNAPSHOT.jar:/home/user/.m2/repository/org/apache/hadoop/hadoop-hdds-container-service/0.5.0-SNAPSHOT/hadoop-hdds-container-service-0.5.0-SNAPSHOT.jar:/home/user/.m2/repository/org/apache/hadoop/hadoop-hdds-client/0.5.0-SNAPSHOT/hadoop-hdds-client-0.5.0-SNAPSHOT.jar:/home/user/.m2/repository/org/apache/hadoop/hadoop-hdds-tools/0.5.0-SNAPSHOT/hadoop-hdds-tools-0.5.0-SNAPSHOT.jar:/home/user/.m2/repository/org/apache/hadoop/hadoop-hdds-server-scm/0.5.0-SNAPSHOT/hadoop-hdds-server-scm-0.5.0-SNAPSHOT.jar:/home/user/.m2/repository/org/apache/hadoop/hadoop-hdds-docs/0.5.0-SNAPSHOT/hadoop-hdds-docs-0.5.0-SNAPSHOT.jar:/home/user/.m2/repository/io/dropwizard/metrics/metrics-core/3.2.4/metrics-core-3.2.4.jar:/home/user/.m2/repository/org/hamcrest/hamcrest-all/1.3/hamcrest-all-1.3.jar:/home/user/.m2/repository/org/bouncycastle/bcprov-jdk15on/1.60/bcprov-jdk15on-1.60.jar:/home/user/.m2/repository/info/picocli/picocli/3.9.6/picocli-3.9.6.jar:/home/user/.m2/repository/com/google/protobuf/protobuf-java/2.5.0/protobuf-java-2.5.0.jar:/home/user/.m2/repository/com/google/guava/guava/11.0.2/guava-11.0.2.jar:/home/user/.m2/repository/org/apache/hadoop/hadoop-ozone-ozone-manager/0.5.0-SNAPSHOT/hadoop-ozone-ozone-manager-0.5.0-SNAPSHOT.jar:/home/user/.m2/repository/org/apache/hadoop/hadoop-minikdc/3.2.0/hadoop-minikdc-3.2.0.jar:/home/user/.m2/repository/commons-io/commons-io/2.5/commons-io-2.5.jar:/home/user/.m2/repository/org/apache/kerby/kerb-simplekdc/1.0.1/kerb-simplekdc-1.0.1.jar:/home/user/.m2/repository/org/apache/kerby/kerb-client/1.0.1/kerb-client-1.0.1.jar:/home/user/.m2/repository/org/apache/kerby/kerby-config/1.0.1/kerby-config-1.0.1.jar:/home/user/.m2/repository/org/apache/kerby/kerb-core/1.0.1/kerb-core-1.0.1.jar:/home/user/.m2/repository/org/apache/kerby/kerby-pkix/1.0.1/kerby-pkix-1.0.1.jar:/home/user/.m2/repository/org/apache/kerby/kerby-asn1/1.0.1/kerby-asn1-1.0.1.jar:/home/user/.m2/repository/org/apache/kerby/kerby-util/1.0.1/kerby-util-1.0.1.jar:/home/user/.m2/repository/org/apache/kerby/kerb-common/1.0.1/kerb-common-1.0.1.jar:/home/user/.m2/repository/org/apache/kerby/kerb-crypto/1.0.1/kerb-crypto-1.0.1.jar:/home/user/.m2/repository/org/apache/kerby/kerb-util/1.0.1/kerb-util-1.0.1.jar:/home/user/.m2/repository/org/apache/kerby/token-provider/1.0.1/token-provider-1.0.1.jar:/home/user/.m2/repository/org/apache/kerby/kerb-admin/1.0.1/kerb-admin-1.0.1.jar:/home/user/.m2/repository/org/apache/kerby/kerb-server/1.0.1/kerb-server-1.0.1.jar:/home/user/.m2/repository/org/apache/kerby/kerb-identity/1.0.1/kerb-identity-1.0.1.jar:/home/user/.m2/repository/org/apache/kerby/kerby-xdr/1.0.1/kerby-xdr-1.0.1.jar:/home/user/.m2/repository/org/slf4j/slf4j-log4j12/1.7.25/slf4j-log4j12-1.7.25.jar:/home/user/.m2/repository/org/apache/hadoop/hadoop-ozone-s3gateway/0.5.0-SNAPSHOT/hadoop-ozone-s3gateway-0.5.0-SNAPSHOT.jar:/home/user/.m2/repository/org/jboss/weld/servlet/weld-servlet/2.4.7.Final/weld-servlet-2.4.7.Final.jar:/home/user/.m2/repository/org/glassfish/jersey/containers/jersey-container-servlet-core/2.27/jersey-container-servlet-core-2.27.jar:/home/user/.m2/repository/org/glassfish/hk2/external/javax.inject/2.5.0-b42/javax.inject-2.5.0-b42.jar:/home/user/.m2/repository/org/glassfish/jersey/core/jersey-common/2.27/jersey-common-2.27.jar:/home/user/.m2/repository/org/glassfish/hk2/osgi-resource-locator/1.0.1/osgi-resource-locator-1.0.1.jar:/home/user/.m2/repository/javax/ws/rs/javax.ws.rs-api/2.1/javax.ws.rs-api-2.1.jar:/home/user/.m2/repository/org/glassfish/jersey/ext/cdi/jersey-cdi1x/2.27/jersey-cdi1x-2.27.jar:/home/user/.m2/repository/org/glassfish/jersey/inject/jersey-hk2/2.27/jersey-hk2-2.27.jar:/home/user/.m2/repository/org/glassfish/hk2/hk2-locator/2.5.0-b42/hk2-locator-2.5.0-b42.jar:/home/user/.m2/repository/org/javassist/javassist/3.22.0-CR2/javassist-3.22.0-CR2.jar:/home/user/.m2/repository/org/glassfish/hk2/hk2-api/2.5.0/hk2-api-2.5.0.jar:/home/user/.m2/repository/org/glassfish/hk2/external/jakarta.inject/2.5.0/jakarta.inject-2.5.0.jar:/home/user/.m2/repository/org/glassfish/hk2/hk2-utils/2.5.0/hk2-utils-2.5.0.jar:/home/user/.m2/repository/jakarta/annotation/jakarta.annotation-api/1.3.4/jakarta.annotation-api-1.3.4.jar:/home/user/.m2/repository/org/glassfish/hk2/external/aopalliance-repackaged/2.5.0/aopalliance-repackaged-2.5.0.jar:/home/user/.m2/repository/com/fasterxml/jackson/dataformat/jackson-dataformat-xml/2.9.0/jackson-dataformat-xml-2.9.0.jar:/home/user/.m2/repository/com/fasterxml/jackson/core/jackson-core/2.9.9/jackson-core-2.9.9.jar:/home/user/.m2/repository/com/fasterxml/jackson/module/jackson-module-jaxb-annotations/2.9.9/jackson-module-jaxb-annotations-2.9.9.jar:/home/user/.m2/repository/javax/enterprise/cdi-api/1.2/cdi-api-1.2.jar:/home/user/.m2/repository/javax/el/javax.el-api/3.0.0/javax.el-api-3.0.0.jar:/home/user/.m2/repository/javax/interceptor/javax.interceptor-api/1.2/javax.interceptor-api-1.2.jar:/home/user/.m2/repository/javax/inject/javax.inject/1/javax.inject-1.jar:/home/user/.m2/repository/com/sun/xml/bind/jaxb-impl/2.3.0.1/jaxb-impl-2.3.0.1.jar:/home/user/.m2/repository/com/sun/xml/bind/jaxb-core/2.3.0.1/jaxb-core-2.3.0.1.jar:/home/user/.m2/repository/javax/xml/bind/jaxb-api/2.3.0/jaxb-api-2.3.0.jar:/home/user/.m2/repository/javax/activation/activation/1.1.1/activation-1.1.1.jar:/home/user/.m2/repository/org/apache/hadoop/hadoop-ozone-csi/0.5.0-SNAPSHOT/hadoop-ozone-csi-0.5.0-SNAPSHOT.jar:/home/user/.m2/repository/com/google/protobuf/protobuf-java-util/3.5.1/protobuf-java-util-3.5.1.jar:/home/user/.m2/repository/org/apache/hadoop/hadoop-hdds-config/0.5.0-SNAPSHOT/hadoop-hdds-config-0.5.0-SNAPSHOT.jar:/home/user/.m2/repository/io/grpc/grpc-netty/1.17.1/grpc-netty-1.17.1.jar:/home/user/.m2/repository/io/grpc/grpc-core/1.17.1/grpc-core-1.17.1.jar:/home/user/.m2/repository/io/grpc/grpc-context/1.17.1/grpc-context-1.17.1.jar:/home/user/.m2/repository/com/google/errorprone/error_prone_annotations/2.2.0/error_prone_annotations-2.2.0.jar:/home/user/.m2/repository/org/codehaus/mojo/animal-sniffer-annotations/1.17/animal-sniffer-annotations-1.17.jar:/home/user/.m2/repository/io/opencensus/opencensus-api/0.17.0/opencensus-api-0.17.0.jar:/home/user/.m2/repository/io/opencensus/opencensus-contrib-grpc-metrics/0.17.0/opencensus-contrib-grpc-metrics-0.17.0.jar:/home/user/.m2/repository/io/netty/netty-codec-http2/4.1.30.Final/netty-codec-http2-4.1.30.Final.jar:/home/user/.m2/repository/io/netty/netty-codec-http/4.1.30.Final/netty-codec-http-4.1.30.Final.jar:/home/user/.m2/repository/io/netty/netty-codec/4.1.30.Final/netty-codec-4.1.30.Final.jar:/home/user/.m2/repository/io/netty/netty-handler/4.1.30.Final/netty-handler-4.1.30.Final.jar:/home/user/.m2/repository/io/netty/netty-handler-proxy/4.1.30.Final/netty-handler-proxy-4.1.30.Final.jar:/home/user/.m2/repository/io/netty/netty-codec-socks/4.1.30.Final/netty-codec-socks-4.1.30.Final.jar:/home/user/.m2/repository/io/netty/netty-transport-native-epoll/4.1.30.Final/netty-transport-native-epoll-4.1.30.Final.jar:/home/user/.m2/repository/io/netty/netty-common/4.1.30.Final/netty-common-4.1.30.Final.jar:/home/user/.m2/repository/io/netty/netty-buffer/4.1.30.Final/netty-buffer-4.1.30.Final.jar:/home/user/.m2/repository/io/netty/netty-transport/4.1.30.Final/netty-transport-4.1.30.Final.jar:/home/user/.m2/repository/io/netty/netty-resolver/4.1.30.Final/netty-resolver-4.1.30.Final.jar:/home/user/.m2/repository/io/netty/netty-transport-native-unix-common/4.1.30.Final/netty-transport-native-unix-common-4.1.30.Final.jar:/home/user/.m2/repository/io/grpc/grpc-protobuf/1.17.1/grpc-protobuf-1.17.1.jar:/home/user/.m2/repository/com/google/api/grpc/proto-google-common-protos/1.0.0/proto-google-common-protos-1.0.0.jar:/home/user/.m2/repository/io/grpc/grpc-protobuf-lite/1.17.1/grpc-protobuf-lite-1.17.1.jar:/home/user/.m2/repository/io/grpc/grpc-stub/1.17.1/grpc-stub-1.17.1.jar:/home/user/.m2/repository/org/apache/hadoop/hadoop-ozone-recon/0.5.0-SNAPSHOT/hadoop-ozone-recon-0.5.0-SNAPSHOT.jar:/home/user/.m2/repository/org/apache/hadoop/hadoop-ozone-reconcodegen/0.5.0-SNAPSHOT/hadoop-ozone-reconcodegen-0.5.0-SNAPSHOT.jar:/home/user/.m2/repository/com/google/inject/extensions/guice-multibindings/4.0/guice-multibindings-4.0.jar:/home/user/.m2/repository/com/google/inject/guice/4.0/guice-4.0.jar:/home/user/.m2/repository/aopalliance/aopalliance/1.0/aopalliance-1.0.jar:/home/user/.m2/repository/com/google/inject/extensions/guice-servlet/4.0/guice-servlet-4.0.jar:/home/user/.m2/repository/org/glassfish/jersey/containers/jersey-container-servlet/2.27/jersey-container-servlet-2.27.jar:/home/user/.m2/repository/org/glassfish/hk2/guice-bridge/2.5.0/guice-bridge-2.5.0.jar:/home/user/.m2/repository/org/glassfish/jersey/core/jersey-server/2.27/jersey-server-2.27.jar:/home/user/.m2/repository/org/glassfish/jersey/core/jersey-client/2.27/jersey-client-2.27.jar:/home/user/.m2/repository/org/glassfish/jersey/media/jersey-media-jaxb/2.27/jersey-media-jaxb-2.27.jar:/home/user/.m2/repository/javax/validation/validation-api/1.1.0.Final/validation-api-1.1.0.Final.jar:/home/user/.m2/repository/org/glassfish/jersey/media/jersey-media-json-jackson/2.27/jersey-media-json-jackson-2.27.jar:/home/user/.m2/repository/org/glassfish/jersey/ext/jersey-entity-filtering/2.27/jersey-entity-filtering-2.27.jar:/home/user/.m2/repository/com/google/inject/extensions/guice-assistedinject/4.0/guice-assistedinject-4.0.jar:/home/user/.m2/repository/org/jooq/jooq/3.11.10/jooq-3.11.10.jar:/home/user/.m2/repository/org/jooq/jooq-meta/3.11.10/jooq-meta-3.11.10.jar:/home/user/.m2/repository/org/jooq/jooq-codegen/3.11.10/jooq-codegen-3.11.10.jar:/home/user/.m2/repository/com/jolbox/bonecp/0.8.0.RELEASE/bonecp-0.8.0.RELEASE.jar:/home/user/.m2/repository/org/xerial/sqlite-jdbc/3.25.2/sqlite-jdbc-3.25.2.jar:/home/user/.m2/repository/org/springframework/spring-jdbc/5.1.3.RELEASE/spring-jdbc-5.1.3.RELEASE.jar:/home/user/.m2/repository/org/springframework/spring-beans/5.1.3.RELEASE/spring-beans-5.1.3.RELEASE.jar:/home/user/.m2/repository/org/springframework/spring-core/5.1.3.RELEASE/spring-core-5.1.3.RELEASE.jar:/home/user/.m2/repository/org/springframework/spring-jcl/5.1.3.RELEASE/spring-jcl-5.1.3.RELEASE.jar:/home/user/.m2/repository/org/springframework/spring-tx/5.1.3.RELEASE/spring-tx-5.1.3.RELEASE.jar:/home/user/.m2/repository/org/apache/hadoop/hadoop-ozone-client/0.5.0-SNAPSHOT/hadoop-ozone-client-0.5.0-SNAPSHOT.jar:/home/user/.m2/repository/commons-lang/commons-lang/2.6/commons-lang-2.6.jar:/home/user/.m2/repository/org/apache/hadoop/hadoop-ozone-ozone-manager/0.5.0-SNAPSHOT/hadoop-ozone-ozone-manager-0.5.0-SNAPSHOT-tests.jar:/home/user/.m2/repository/junit/junit/4.11/junit-4.11.jar:/home/user/.m2/repository/org/hamcrest/hamcrest-core/1.3/hamcrest-core-1.3.jar:/home/user/.m2/repository/org/openjdk/jmh/jmh-core/1.19/jmh-core-1.19.jar:/home/user/.m2/repository/net/sf/jopt-simple/jopt-simple/4.6/jopt-simple-4.6.jar:/home/user/.m2/repository/org/apache/commons/commons-math3/3.1.1/commons-math3-3.1.1.jar:/home/user/.m2/repository/org/openjdk/jmh/jmh-generator-annprocess/1.19/jmh-generator-annprocess-1.19.jar:/home/user/.m2/repository/org/mockito/mockito-all/1.8.5/mockito-all-1.8.5.jar:/home/user/.m2/repository/org/apache/hadoop/hadoop-kms/3.2.0/hadoop-kms-3.2.0.jar:/home/user/.m2/repository/org/apache/hadoop/hadoop-auth/3.2.0/hadoop-auth-3.2.0.jar:/home/user/.m2/repository/com/nimbusds/nimbus-jose-jwt/4.41.1/nimbus-jose-jwt-4.41.1.jar:/home/user/.m2/repository/com/github/stephenc/jcip/jcip-annotations/1.0-1/jcip-annotations-1.0-1.jar:/home/user/.m2/repository/net/minidev/json-smart/2.3/json-smart-2.3.jar:/home/user/.m2/repository/net/minidev/accessors-smart/1.2/accessors-smart-1.2.jar:/home/user/.m2/repository/org/ow2/asm/asm/5.0.4/asm-5.0.4.jar:/home/user/.m2/repository/org/apache/curator/curator-framework/2.12.0/curator-framework-2.12.0.jar:/home/user/.m2/repository/com/sun/jersey/jersey-core/1.19/jersey-core-1.19.jar:/home/user/.m2/repository/javax/ws/rs/jsr311-api/1.1.1/jsr311-api-1.1.1.jar:/home/user/.m2/repository/com/sun/jersey/jersey-server/1.19/jersey-server-1.19.jar:/home/user/.m2/repository/javax/servlet/javax.servlet-api/3.1.0/javax.servlet-api-3.1.0.jar:/home/user/.m2/repository/org/eclipse/jetty/jetty-server/9.3.25.v20180904/jetty-server-9.3.25.v20180904.jar:/home/user/.m2/repository/org/eclipse/jetty/jetty-http/9.3.25.v20180904/jetty-http-9.3.25.v20180904.jar:/home/user/.m2/repository/org/eclipse/jetty/jetty-io/9.3.25.v20180904/jetty-io-9.3.25.v20180904.jar:/home/user/.m2/repository/org/eclipse/jetty/jetty-webapp/9.3.25.v20180904/jetty-webapp-9.3.25.v20180904.jar:/home/user/.m2/repository/org/eclipse/jetty/jetty-xml/9.3.25.v20180904/jetty-xml-9.3.25.v20180904.jar:/home/user/.m2/repository/log4j/log4j/1.2.17/log4j-1.2.17.jar:/home/user/.m2/repository/org/slf4j/slf4j-api/1.7.25/slf4j-api-1.7.25.jar:/home/user/.m2/repository/org/slf4j/jul-to-slf4j/1.7.25/jul-to-slf4j-1.7.25.jar:/home/user/.m2/repository/org/eclipse/jetty/jetty-util/9.3.25.v20180904/jetty-util-9.3.25.v20180904.jar:/home/user/.m2/repository/com/fasterxml/jackson/core/jackson-databind/2.9.9/jackson-databind-2.9.9.jar:/home/user/.m2/repository/org/apache/hadoop/hadoop-kms/3.2.0/hadoop-kms-3.2.0-tests.jar:/home/user/.m2/repository/org/apache/hadoop/hadoop-hdds-server-scm/0.5.0-SNAPSHOT/hadoop-hdds-server-scm-0.5.0-SNAPSHOT-tests.jar:/home/user/.m2/repository/org/apache/hadoop/hadoop-hdds-container-service/0.5.0-SNAPSHOT/hadoop-hdds-container-service-0.5.0-SNAPSHOT-tests.jar:/home/user/.m2/repository/org/yaml/snakeyaml/1.16/snakeyaml-1.16.jar:/home/user/.m2/repository/org/apache/hadoop/hadoop-common/3.2.0/hadoop-common-3.2.0-tests.jar:/home/user/.m2/repository/org/apache/hadoop/hadoop-annotations/3.2.0/hadoop-annotations-3.2.0.jar:/usr/lib/jvm/java-1.8-openjdk/jre/../lib/tools.jar:/home/user/.m2/repository/commons-cli/commons-cli/1.2/commons-cli-1.2.jar:/home/user/.m2/repository/org/apache/httpcomponents/httpclient/4.5.2/httpclient-4.5.2.jar:/home/user/.m2/repository/org/apache/httpcomponents/httpcore/4.4.4/httpcore-4.4.4.jar:/home/user/.m2/repository/commons-codec/commons-codec/1.11/commons-codec-1.11.jar:/home/user/.m2/repository/commons-net/commons-net/3.6/commons-net-3.6.jar:/home/user/.m2/repository/commons-collections/commons-collections/3.2.2/commons-collections-3.2.2.jar:/home/user/.m2/repository/org/eclipse/jetty/jetty-servlet/9.3.25.v20180904/jetty-servlet-9.3.25.v20180904.jar:/home/user/.m2/repository/org/eclipse/jetty/jetty-security/9.3.25.v20180904/jetty-security-9.3.25.v20180904.jar:/home/user/.m2/repository/javax/servlet/jsp/jsp-api/2.1/jsp-api-2.1.jar:/home/user/.m2/repository/com/sun/jersey/jersey-servlet/1.19/jersey-servlet-1.19.jar:/home/user/.m2/repository/com/sun/jersey/jersey-json/1.19/jersey-json-1.19.jar:/home/user/.m2/repository/org/codehaus/jettison/jettison/1.1/jettison-1.1.jar:/home/user/.m2/repository/org/codehaus/jackson/jackson-core-asl/1.9.13/jackson-core-asl-1.9.13.jar:/home/user/.m2/repository/org/codehaus/jackson/jackson-mapper-asl/1.9.13/jackson-mapper-asl-1.9.13.jar:/home/user/.m2/repository/org/codehaus/jackson/jackson-jaxrs/1.9.13/jackson-jaxrs-1.9.13.jar:/home/user/.m2/repository/org/codehaus/jackson/jackson-xc/1.9.13/jackson-xc-1.9.13.jar:/home/user/.m2/repository/commons-logging/commons-logging/1.1.3/commons-logging-1.1.3.jar:/home/user/.m2/repository/commons-beanutils/commons-beanutils/1.9.4/commons-beanutils-1.9.4.jar:/home/user/.m2/repository/org/apache/commons/commons-configuration2/2.1.1/commons-configuration2-2.1.1.jar:/home/user/.m2/repository/org/apache/commons/commons-lang3/3.7/commons-lang3-3.7.jar:/home/user/.m2/repository/org/apache/commons/commons-text/1.4/commons-text-1.4.jar:/home/user/.m2/repository/org/apache/avro/avro/1.7.7/avro-1.7.7.jar:/home/user/.m2/repository/com/thoughtworks/paranamer/paranamer/2.3/paranamer-2.3.jar:/home/user/.m2/repository/org/xerial/snappy/snappy-java/1.0.5/snappy-java-1.0.5.jar:/home/user/.m2/repository/com/google/re2j/re2j/1.1/re2j-1.1.jar:/home/user/.m2/repository/com/google/code/gson/gson/2.2.4/gson-2.2.4.jar:/home/user/.m2/repository/com/jcraft/jsch/0.1.54/jsch-0.1.54.jar:/home/user/.m2/repository/org/apache/curator/curator-client/2.12.0/curator-client-2.12.0.jar:/home/user/.m2/repository/org/apache/curator/curator-recipes/2.12.0/curator-recipes-2.12.0.jar:/home/user/.m2/repository/com/google/code/findbugs/jsr305/3.0.0/jsr305-3.0.0.jar:/home/user/.m2/repository/org/apache/htrace/htrace-core4/4.1.0-incubating/htrace-core4-4.1.0-incubating.jar:/home/user/.m2/repository/org/apache/zookeeper/zookeeper/3.4.13/zookeeper-3.4.13.jar:/home/user/.m2/repository/jline/jline/0.9.94/jline-0.9.94.jar:/home/user/.m2/repository/org/apache/yetus/audience-annotations/0.5.0/audience-annotations-0.5.0.jar:/home/user/.m2/repository/org/codehaus/woodstox/stax2-api/3.1.4/stax2-api-3.1.4.jar:/home/user/.m2/repository/com/fasterxml/woodstox/woodstox-core/5.0.3/woodstox-core-5.0.3.jar:/home/user/.m2/repository/dnsjava/dnsjava/2.1.7/dnsjava-2.1.7.jar:/home/user/.m2/repository/org/apache/hadoop/hadoop-hdfs/3.2.0/hadoop-hdfs-3.2.0-tests.jar:/home/user/.m2/repository/org/eclipse/jetty/jetty-util-ajax/9.3.25.v20180904/jetty-util-ajax-9.3.25.v20180904.jar:/home/user/.m2/repository/commons-daemon/commons-daemon/1.0.13/commons-daemon-1.0.13.jar:/home/user/.m2/repository/io/netty/netty/3.10.5.Final/netty-3.10.5.Final.jar:/home/user/.m2/repository/io/netty/netty-all/4.0.52.Final/netty-all-4.0.52.Final.jar:/home/user/.m2/repository/org/fusesource/leveldbjni/leveldbjni-all/1.8/leveldbjni-all-1.8.jar:"/>
    <property name="sun.cpu.endian" value="little"/>
    <property name="user.home" value="/home/user"/>
    <property name="user.language" value="en"/>
    <property name="java.specification.vendor" value="Oracle Corporation"/>
    <property name="java.home" value="/usr/lib/jvm/java-1.8-openjdk/jre"/>
    <property name="java.security.krb5.conf" value="/workdir/hadoop-ozone/integration-test/target/test-classes/krb5.conf"/>
    <property name="basedir" value="/workdir/hadoop-ozone/integration-test"/>
    <property name="file.separator" value="/"/>
    <property name="line.separator" value="&#10;"/>
    <property name="java.vm.specification.vendor" value="Oracle Corporation"/>
    <property name="java.specification.name" value="Java Platform API Specification"/>
    <property name="java.awt.graphicsenv" value="sun.awt.X11GraphicsEnvironment"/>
    <property name="surefire.real.class.path" value="/workdir/hadoop-ozone/integration-test/target/surefire/surefirebooter1882854320751900983.jar"/>
    <property name="hadoop.log.dir" value="/workdir/hadoop-ozone/integration-test/target/log"/>
    <property name="sun.boot.class.path" value="/usr/lib/jvm/java-1.8-openjdk/jre/lib/resources.jar:/usr/lib/jvm/java-1.8-openjdk/jre/lib/rt.jar:/usr/lib/jvm/java-1.8-openjdk/jre/lib/sunrsasign.jar:/usr/lib/jvm/java-1.8-openjdk/jre/lib/jsse.jar:/usr/lib/jvm/java-1.8-openjdk/jre/lib/jce.jar:/usr/lib/jvm/java-1.8-openjdk/jre/lib/charsets.jar:/usr/lib/jvm/java-1.8-openjdk/jre/lib/jfr.jar:/usr/lib/jvm/java-1.8-openjdk/jre/classes"/>
    <property name="sun.management.compiler" value="HotSpot 64-Bit Tiered Compilers"/>
    <property name="java.runtime.version" value="1.8.0_212-b04"/>
    <property name="java.net.preferIPv4Stack" value="true"/>
    <property name="user.name" value="jenkins1000"/>
    <property name="path.separator" value=":"/>
    <property name="java.security.egd" value="file:///dev/urandom"/>
    <property name="os.version" value="3.10.0-957.12.2.el7.x86_64"/>
    <property name="java.endorsed.dirs" value="/usr/lib/jvm/java-1.8-openjdk/jre/lib/endorsed"/>
    <property name="java.runtime.name" value="OpenJDK Runtime Environment"/>
    <property name="file.encoding" value="UTF-8"/>
    <property name="java.vm.name" value="OpenJDK 64-Bit Server VM"/>
    <property name="test.build.webapps" value=""/>
    <property name="localRepository" value="/home/user/.m2/repository"/>
    <property name="java.vendor.url.bug" value="https://icedtea.classpath.org/bugzilla"/>
    <property name="java.io.tmpdir" value="/tmp"/>
    <property name="require.test.libhadoop" value=""/>
    <property name="java.version" value="1.8.0_212"/>
    <property name="user.dir" value="/workdir/hadoop-ozone/integration-test"/>
    <property name="os.arch" value="amd64"/>
    <property name="java.vm.specification.name" value="Java Virtual Machine Specification"/>
    <property name="test.build.classes" value="/workdir/hadoop-ozone/integration-test/target/test-classes"/>
    <property name="java.awt.printerjob" value="sun.print.PSPrinterJob"/>
    <property name="sun.os.patch.level" value="unknown"/>
    <property name="hadoop.tmp.dir" value="/workdir/hadoop-ozone/integration-test/target/tmp"/>
    <property name="java.library.path" value="/usr/lib/jvm/java-1.8-openjdk/jre/lib/amd64/server:/usr/lib/jvm/java-1.8-openjdk/jre/lib/amd64:/usr/lib/jvm/java-1.8-openjdk/jre/../lib/amd64:/workdir/hadoop-ozone/integration-test/target/native/target/usr/local/lib:/workdir/hadoop-ozone/integration-test/../../hadoop-common-project/hadoop-common/target/native/target/usr/local/lib:/usr/java/packages/lib/amd64:/usr/lib64:/lib64:/lib:/usr/lib"/>
    <property name="java.vm.info" value="mixed mode"/>
    <property name="java.vendor" value="IcedTea"/>
    <property name="java.vm.version" value="25.212-b04"/>
    <property name="java.ext.dirs" value="/usr/lib/jvm/java-1.8-openjdk/jre/lib/ext:/usr/java/packages/lib/ext"/>
    <property name="sun.io.unicode.encoding" value="UnicodeLittle"/>
    <property name="java.class.version" value="52.0"/>
  </properties>
  <testcase name="org.apache.hadoop.ozone.client.rpc.TestCloseContainerHandlingByClient" classname="org.apache.hadoop.ozone.client.rpc.TestCloseContainerHandlingByClient" time="141.273">
    <error message="Connection refused" type="java.net.ConnectException"><![CDATA[java.net.ConnectException: Connection refused
	at sun.nio.ch.SocketChannelImpl.checkConnect(Native Method)
	at sun.nio.ch.SocketChannelImpl.finishConnect(SocketChannelImpl.java:717)
	at org.apache.hadoop.net.SocketIOWithTimeout.connect(SocketIOWithTimeout.java:206)
	at org.apache.hadoop.net.NetUtils.connect(NetUtils.java:531)
	at org.apache.hadoop.ipc.Client$Connection.setupConnection(Client.java:690)
	at org.apache.hadoop.ipc.Client$Connection.setupIOstreams(Client.java:794)
	at org.apache.hadoop.ipc.Client$Connection.access$3700(Client.java:411)
	at org.apache.hadoop.ipc.Client.getConnection(Client.java:1572)
	at org.apache.hadoop.ipc.Client.call(Client.java:1403)
	at org.apache.hadoop.ipc.Client.call(Client.java:1367)
	at org.apache.hadoop.ipc.ProtobufRpcEngine$Invoker.invoke(ProtobufRpcEngine.java:228)
	at org.apache.hadoop.ipc.ProtobufRpcEngine$Invoker.invoke(ProtobufRpcEngine.java:116)
	at com.sun.proxy.$Proxy37.submitRequest(Unknown Source)
	at sun.reflect.NativeMethodAccessorImpl.invoke0(Native Method)
	at sun.reflect.NativeMethodAccessorImpl.invoke(NativeMethodAccessorImpl.java:62)
	at sun.reflect.DelegatingMethodAccessorImpl.invoke(DelegatingMethodAccessorImpl.java:43)
	at java.lang.reflect.Method.invoke(Method.java:498)
	at org.apache.hadoop.io.retry.RetryInvocationHandler.invokeMethod(RetryInvocationHandler.java:422)
	at org.apache.hadoop.io.retry.RetryInvocationHandler$Call.invokeMethod(RetryInvocationHandler.java:165)
	at org.apache.hadoop.io.retry.RetryInvocationHandler$Call.invoke(RetryInvocationHandler.java:157)
	at org.apache.hadoop.io.retry.RetryInvocationHandler$Call.invokeOnce(RetryInvocationHandler.java:95)
	at org.apache.hadoop.io.retry.RetryInvocationHandler.invoke(RetryInvocationHandler.java:359)
	at com.sun.proxy.$Proxy37.submitRequest(Unknown Source)
	at org.apache.hadoop.ozone.om.protocolPB.OzoneManagerProtocolClientSideTranslatorPB.submitRequest(OzoneManagerProtocolClientSideTranslatorPB.java:338)
	at org.apache.hadoop.ozone.om.protocolPB.OzoneManagerProtocolClientSideTranslatorPB.getServiceInfo(OzoneManagerProtocolClientSideTranslatorPB.java:1223)
	at sun.reflect.NativeMethodAccessorImpl.invoke0(Native Method)
	at sun.reflect.NativeMethodAccessorImpl.invoke(NativeMethodAccessorImpl.java:62)
	at sun.reflect.DelegatingMethodAccessorImpl.invoke(DelegatingMethodAccessorImpl.java:43)
	at java.lang.reflect.Method.invoke(Method.java:498)
	at org.apache.hadoop.hdds.tracing.TraceAllMethod.invoke(TraceAllMethod.java:66)
	at com.sun.proxy.$Proxy38.getServiceInfo(Unknown Source)
	at org.apache.hadoop.ozone.client.rpc.RpcClient.<init>(RpcClient.java:154)
	at org.apache.hadoop.ozone.client.OzoneClientFactory.getClientProtocol(OzoneClientFactory.java:256)
	at org.apache.hadoop.ozone.client.OzoneClientFactory.getClientProtocol(OzoneClientFactory.java:239)
	at org.apache.hadoop.ozone.client.OzoneClientFactory.getClient(OzoneClientFactory.java:75)
	at org.apache.hadoop.ozone.client.rpc.TestCloseContainerHandlingByClient.init(TestCloseContainerHandlingByClient.java:97)
	at sun.reflect.NativeMethodAccessorImpl.invoke0(Native Method)
	at sun.reflect.NativeMethodAccessorImpl.invoke(NativeMethodAccessorImpl.java:62)
	at sun.reflect.DelegatingMethodAccessorImpl.invoke(DelegatingMethodAccessorImpl.java:43)
	at java.lang.reflect.Method.invoke(Method.java:498)
	at org.junit.runners.model.FrameworkMethod$1.runReflectiveCall(FrameworkMethod.java:47)
	at org.junit.internal.runners.model.ReflectiveCallable.run(ReflectiveCallable.java:12)
	at org.junit.runners.model.FrameworkMethod.invokeExplosively(FrameworkMethod.java:44)
	at org.junit.internal.runners.statements.RunBefores.evaluate(RunBefores.java:24)
	at org.junit.internal.runners.statements.RunAfters.evaluate(RunAfters.java:27)
	at org.junit.runners.ParentRunner.run(ParentRunner.java:309)
	at org.apache.maven.surefire.junit4.JUnit4Provider.execute(JUnit4Provider.java:365)
	at org.apache.maven.surefire.junit4.JUnit4Provider.executeWithRerun(JUnit4Provider.java:273)
	at org.apache.maven.surefire.junit4.JUnit4Provider.executeTestSet(JUnit4Provider.java:238)
	at org.apache.maven.surefire.junit4.JUnit4Provider.invoke(JUnit4Provider.java:159)
	at org.apache.maven.surefire.booter.ForkedBooter.invokeProviderInSameClassLoader(ForkedBooter.java:384)
	at org.apache.maven.surefire.booter.ForkedBooter.runSuitesInProcess(ForkedBooter.java:345)
	at org.apache.maven.surefire.booter.ForkedBooter.execute(ForkedBooter.java:126)
	at org.apache.maven.surefire.booter.ForkedBooter.main(ForkedBooter.java:418)
]]></error>
    <system-out><![CDATA[2019-09-26 15:58:46,774 [main] WARN  server.ServerUtils (ServerUtils.java:getScmDbDir(145)) - ozone.scm.db.dirs is not configured. We recommend adding this setting. Falling back to ozone.metadata.dirs instead.
2019-09-26 15:58:46,905 [main] WARN  server.ServerUtils (ServerUtils.java:getScmDbDir(145)) - ozone.scm.db.dirs is not configured. We recommend adding this setting. Falling back to ozone.metadata.dirs instead.
2019-09-26 15:58:46,909 [main] WARN  server.ServerUtils (ServerUtils.java:getScmDbDir(145)) - ozone.scm.db.dirs is not configured. We recommend adding this setting. Falling back to ozone.metadata.dirs instead.
2019-09-26 15:58:46,929 [main] INFO  util.log (Log.java:initialized(192)) - Logging initialized @884ms
2019-09-26 15:58:47,033 [main] INFO  db.DBStoreBuilder (DBStoreBuilder.java:addTable(110)) - using custom profile for table: deletedBlocks
2019-09-26 15:58:47,034 [main] INFO  db.DBStoreBuilder (DBStoreBuilder.java:processTables(161)) - Using default column profile:DBProfile.DISK for Table:deletedBlocks
2019-09-26 15:58:47,034 [main] INFO  db.DBStoreBuilder (DBStoreBuilder.java:addTable(110)) - using custom profile for table: validCerts
2019-09-26 15:58:47,035 [main] INFO  db.DBStoreBuilder (DBStoreBuilder.java:processTables(161)) - Using default column profile:DBProfile.DISK for Table:validCerts
2019-09-26 15:58:47,035 [main] INFO  db.DBStoreBuilder (DBStoreBuilder.java:addTable(110)) - using custom profile for table: revokedCerts
2019-09-26 15:58:47,035 [main] INFO  db.DBStoreBuilder (DBStoreBuilder.java:processTables(161)) - Using default column profile:DBProfile.DISK for Table:revokedCerts
2019-09-26 15:58:47,048 [main] INFO  db.DBStoreBuilder (DBStoreBuilder.java:addTable(110)) - using custom profile for table: default
2019-09-26 15:58:47,048 [main] INFO  db.DBStoreBuilder (DBStoreBuilder.java:processTables(167)) - Using default column profile:DBProfile.DISK for Table:default
2019-09-26 15:58:47,049 [main] INFO  db.DBStoreBuilder (DBStoreBuilder.java:getDbProfile(198)) - Using default options. DBProfile.DISK
2019-09-26 15:58:47,367 [main] INFO  net.NodeSchemaLoader (NodeSchemaLoader.java:loadSchemaFromFile(125)) - Loading file from sun.misc.CompoundEnumeration@47eaca72
2019-09-26 15:58:47,369 [main] INFO  net.NodeSchemaLoader (NodeSchemaLoader.java:loadSchema(171)) - Loading network topology layer schema file
2019-09-26 15:58:47,442 [main] INFO  node.SCMNodeManager (SCMNodeManager.java:<init>(114)) - Entering startup safe mode.
2019-09-26 15:58:47,550 [main] INFO  algorithms.ContainerPlacementPolicyFactory (ContainerPlacementPolicyFactory.java:getPolicy(57)) - Create container placement policy of type org.apache.hadoop.hdds.scm.container.placement.algorithms.SCMContainerPlacementRandom
2019-09-26 15:58:47,575 [main] WARN  server.ServerUtils (ServerUtils.java:getScmDbDir(145)) - ozone.scm.db.dirs is not configured. We recommend adding this setting. Falling back to ozone.metadata.dirs instead.
2019-09-26 15:58:47,672 [main] INFO  pipeline.SCMPipelineManager (SCMPipelineManager.java:initializePipelineState(132)) - No pipeline exists in current db
2019-09-26 15:58:47,676 [main] WARN  server.ServerUtils (ServerUtils.java:getScmDbDir(145)) - ozone.scm.db.dirs is not configured. We recommend adding this setting. Falling back to ozone.metadata.dirs instead.
2019-09-26 15:58:47,823 [main] WARN  events.EventQueue (EventQueue.java:fireEvent(183)) - No event handler registered for event TypedEvent{payloadType=SafeModeStatus, name='SafeModeStatus'}
2019-09-26 15:58:48,205 [main] INFO  ipc.CallQueueManager (CallQueueManager.java:<init>(84)) - Using callQueue: class java.util.concurrent.LinkedBlockingQueue, queueCapacity: 2000, scheduler: class org.apache.hadoop.ipc.DefaultRpcScheduler, ipcBackoff: false.
2019-09-26 15:58:48,234 [Socket Reader #1 for port 34800] INFO  ipc.Server (Server.java:run(1074)) - Starting Socket Reader #1 for port 34800
2019-09-26 15:58:48,403 [main] INFO  ipc.CallQueueManager (CallQueueManager.java:<init>(84)) - Using callQueue: class java.util.concurrent.LinkedBlockingQueue, queueCapacity: 2000, scheduler: class org.apache.hadoop.ipc.DefaultRpcScheduler, ipcBackoff: false.
2019-09-26 15:58:48,404 [Socket Reader #1 for port 46405] INFO  ipc.Server (Server.java:run(1074)) - Starting Socket Reader #1 for port 46405
2019-09-26 15:58:48,416 [main] INFO  ipc.CallQueueManager (CallQueueManager.java:<init>(84)) - Using callQueue: class java.util.concurrent.LinkedBlockingQueue, queueCapacity: 2000, scheduler: class org.apache.hadoop.ipc.DefaultRpcScheduler, ipcBackoff: false.
2019-09-26 15:58:48,417 [Socket Reader #1 for port 39011] INFO  ipc.Server (Server.java:run(1074)) - Starting Socket Reader #1 for port 39011
2019-09-26 15:58:48,444 [main] INFO  hdfs.DFSUtil (DFSUtil.java:httpServerTemplateForNNAndJN(1641)) - Starting Web-server for scm at: http://0.0.0.0:0
2019-09-26 15:58:48,602 [main] INFO  server.AuthenticationFilter (AuthenticationFilter.java:constructSecretProvider(240)) - Unable to initialize FileSignerSecretProvider, falling back to use random secrets.
2019-09-26 15:58:48,613 [main] WARN  http.HttpRequestLog (HttpRequestLog.java:getRequestLog(97)) - Jetty request log can only be enabled using Log4j
2019-09-26 15:58:48,625 [main] INFO  http.HttpServer2 (HttpServer2.java:addGlobalFilter(975)) - Added global filter 'safety' (class=org.apache.hadoop.http.HttpServer2$QuotingInputFilter)
2019-09-26 15:58:48,628 [main] INFO  http.HttpServer2 (HttpServer2.java:addFilter(948)) - Added filter static_user_filter (class=org.apache.hadoop.http.lib.StaticUserWebFilter$StaticUserFilter) to context scm
2019-09-26 15:58:48,628 [main] INFO  http.HttpServer2 (HttpServer2.java:addFilter(958)) - Added filter static_user_filter (class=org.apache.hadoop.http.lib.StaticUserWebFilter$StaticUserFilter) to context logs
2019-09-26 15:58:48,629 [main] INFO  http.HttpServer2 (HttpServer2.java:addFilter(958)) - Added filter static_user_filter (class=org.apache.hadoop.http.lib.StaticUserWebFilter$StaticUserFilter) to context static
2019-09-26 15:58:48,663 [main] INFO  server.StorageContainerManager (StorageContainerManager.java:start(770)) - StorageContainerLocationProtocol RPC server is listening at /0.0.0.0:39011
2019-09-26 15:58:48,727 [main] WARN  impl.MetricsConfig (MetricsConfig.java:loadFirst(134)) - Cannot locate configuration: tried hadoop-metrics2-storagecontainermanager.properties,hadoop-metrics2.properties
2019-09-26 15:58:48,739 [main] INFO  impl.MetricsSystemImpl (MetricsSystemImpl.java:startTimer(374)) - Scheduled Metric snapshot period at 10 second(s).
2019-09-26 15:58:48,739 [main] INFO  impl.MetricsSystemImpl (MetricsSystemImpl.java:start(191)) - StorageContainerManager metrics system started
2019-09-26 15:58:48,963 [main] INFO  server.SCMClientProtocolServer (SCMClientProtocolServer.java:start(151)) - RPC server for Client  is listening at /0.0.0.0:39011
2019-09-26 15:58:48,964 [IPC Server Responder] INFO  ipc.Server (Server.java:run(1314)) - IPC Server Responder: starting
2019-09-26 15:58:48,964 [IPC Server listener on 39011] INFO  ipc.Server (Server.java:run(1153)) - IPC Server listener on 39011: starting
2019-09-26 15:58:48,967 [main] INFO  server.StorageContainerManager (StorageContainerManager.java:start(780)) - ScmBlockLocationProtocol RPC server is listening at /0.0.0.0:46405
2019-09-26 15:58:48,968 [main] INFO  server.SCMBlockProtocolServer (SCMBlockProtocolServer.java:start(146)) - RPC server for Block Protocol is listening at /0.0.0.0:46405
2019-09-26 15:58:48,969 [IPC Server Responder] INFO  ipc.Server (Server.java:run(1314)) - IPC Server Responder: starting
2019-09-26 15:58:48,969 [IPC Server listener on 46405] INFO  ipc.Server (Server.java:run(1153)) - IPC Server listener on 46405: starting
2019-09-26 15:58:48,974 [main] INFO  server.StorageContainerManager (StorageContainerManager.java:start(784)) - ScmDatanodeProtocl RPC server is listening at /0.0.0.0:34800
2019-09-26 15:58:48,974 [main] INFO  server.SCMDatanodeProtocolServer (SCMDatanodeProtocolServer.java:start(191)) - RPC server for DataNodes is listening at /0.0.0.0:34800
2019-09-26 15:58:48,975 [IPC Server Responder] INFO  ipc.Server (Server.java:run(1314)) - IPC Server Responder: starting
2019-09-26 15:58:48,975 [IPC Server listener on 34800] INFO  ipc.Server (Server.java:run(1153)) - IPC Server listener on 34800: starting
2019-09-26 15:58:48,985 [main] INFO  http.HttpServer2 (HttpServer2.java:bindListener(1191)) - Jetty bound to port 44217
2019-09-26 15:58:48,987 [main] INFO  server.Server (Server.java:doStart(351)) - jetty-9.3.25.v20180904, build timestamp: 2018-09-04T21:11:46Z, git hash: 3ce520221d0240229c862b122d2b06c12a625732
2019-09-26 15:58:49,026 [main] INFO  handler.ContextHandler (ContextHandler.java:doStart(781)) - Started o.e.j.s.ServletContextHandler@299321e2{/logs,file:///workdir/hadoop-ozone/integration-test/target/log,AVAILABLE}
2019-09-26 15:58:49,027 [main] INFO  handler.ContextHandler (ContextHandler.java:doStart(781)) - Started o.e.j.s.ServletContextHandler@64ba3208{/static,file:///workdir/hadoop-ozone/integration-test/target/test-classes/webapps/static,AVAILABLE}
2019-09-26 15:58:49,062 [main] INFO  handler.ContextHandler (ContextHandler.java:doStart(781)) - Started o.e.j.w.WebAppContext@3591009c{/,file:///workdir/hadoop-ozone/integration-test/target/test-classes/webapps/scm/,AVAILABLE}{/scm}
2019-09-26 15:58:49,068 [main] INFO  server.AbstractConnector (AbstractConnector.java:doStart(278)) - Started ServerConnector@2de366bb{HTTP/1.1,[http/1.1]}{0.0.0.0:44217}
2019-09-26 15:58:49,069 [main] INFO  server.Server (Server.java:doStart(419)) - Started @3024ms
2019-09-26 15:58:49,071 [main] INFO  impl.MetricsSinkAdapter (MetricsSinkAdapter.java:start(204)) - Sink prometheus started
2019-09-26 15:58:49,071 [main] INFO  impl.MetricsSystemImpl (MetricsSystemImpl.java:registerSink(301)) - Registered sink prometheus
2019-09-26 15:58:49,073 [main] INFO  server.BaseHttpServer (BaseHttpServer.java:updateConnectorAddress(215)) - HTTP server of SCM is listening at http://0.0.0.0:44217
2019-09-26 15:58:49,081 [org.apache.hadoop.util.JvmPauseMonitor$Monitor@64f857e7] INFO  util.JvmPauseMonitor (JvmPauseMonitor.java:run(188)) - Starting JVM pause monitor
2019-09-26 15:58:49,086 [main] WARN  server.ServerUtils (ServerUtils.java:getDBPath(222)) - ozone.om.db.dirs is not configured. We recommend adding this setting. Falling back to ozone.metadata.dirs instead.
2019-09-26 15:58:49,216 [main] INFO  ha.OMHANodeDetails (OMHANodeDetails.java:loadOMHAConfig(194)) - Configuration either no ozone.om.address set. Falling back to the default OM address /127.0.0.1:0
2019-09-26 15:58:49,216 [main] INFO  ha.OMHANodeDetails (OMHANodeDetails.java:getOMNodeDetails(224)) - OM Service ID is not set. Setting it to the default ID: omServiceIdDefault
2019-09-26 15:58:49,218 [main] WARN  server.ServerUtils (ServerUtils.java:getDBPath(222)) - ozone.om.db.dirs is not configured. We recommend adding this setting. Falling back to ozone.metadata.dirs instead.
2019-09-26 15:58:49,218 [main] WARN  server.ServerUtils (ServerUtils.java:getDBPath(222)) - ozone.om.db.dirs is not configured. We recommend adding this setting. Falling back to ozone.metadata.dirs instead.
2019-09-26 15:58:49,961 [main] WARN  server.ServerUtils (ServerUtils.java:getDBPath(222)) - ozone.om.db.dirs is not configured. We recommend adding this setting. Falling back to ozone.metadata.dirs instead.
2019-09-26 15:58:49,968 [main] INFO  db.DBStoreBuilder (DBStoreBuilder.java:addTable(110)) - using custom profile for table: userTable
2019-09-26 15:58:49,968 [main] INFO  db.DBStoreBuilder (DBStoreBuilder.java:processTables(161)) - Using default column profile:DBProfile.DISK for Table:userTable
2019-09-26 15:58:49,969 [main] INFO  db.DBStoreBuilder (DBStoreBuilder.java:addTable(110)) - using custom profile for table: volumeTable
2019-09-26 15:58:49,969 [main] INFO  db.DBStoreBuilder (DBStoreBuilder.java:processTables(161)) - Using default column profile:DBProfile.DISK for Table:volumeTable
2019-09-26 15:58:49,969 [main] INFO  db.DBStoreBuilder (DBStoreBuilder.java:addTable(110)) - using custom profile for table: bucketTable
2019-09-26 15:58:49,969 [main] INFO  db.DBStoreBuilder (DBStoreBuilder.java:processTables(161)) - Using default column profile:DBProfile.DISK for Table:bucketTable
2019-09-26 15:58:49,970 [main] INFO  db.DBStoreBuilder (DBStoreBuilder.java:addTable(110)) - using custom profile for table: keyTable
2019-09-26 15:58:49,970 [main] INFO  db.DBStoreBuilder (DBStoreBuilder.java:processTables(161)) - Using default column profile:DBProfile.DISK for Table:keyTable
2019-09-26 15:58:49,970 [main] INFO  db.DBStoreBuilder (DBStoreBuilder.java:addTable(110)) - using custom profile for table: deletedTable
2019-09-26 15:58:49,970 [main] INFO  db.DBStoreBuilder (DBStoreBuilder.java:processTables(161)) - Using default column profile:DBProfile.DISK for Table:deletedTable
2019-09-26 15:58:49,971 [main] INFO  db.DBStoreBuilder (DBStoreBuilder.java:addTable(110)) - using custom profile for table: openKeyTable
2019-09-26 15:58:49,971 [main] INFO  db.DBStoreBuilder (DBStoreBuilder.java:processTables(161)) - Using default column profile:DBProfile.DISK for Table:openKeyTable
2019-09-26 15:58:49,971 [main] INFO  db.DBStoreBuilder (DBStoreBuilder.java:addTable(110)) - using custom profile for table: s3Table
2019-09-26 15:58:49,971 [main] INFO  db.DBStoreBuilder (DBStoreBuilder.java:processTables(161)) - Using default column profile:DBProfile.DISK for Table:s3Table
2019-09-26 15:58:49,971 [main] INFO  db.DBStoreBuilder (DBStoreBuilder.java:addTable(110)) - using custom profile for table: multipartInfoTable
2019-09-26 15:58:49,972 [main] INFO  db.DBStoreBuilder (DBStoreBuilder.java:processTables(161)) - Using default column profile:DBProfile.DISK for Table:multipartInfoTable
2019-09-26 15:58:49,972 [main] INFO  db.DBStoreBuilder (DBStoreBuilder.java:addTable(110)) - using custom profile for table: dTokenTable
2019-09-26 15:58:49,972 [main] INFO  db.DBStoreBuilder (DBStoreBuilder.java:processTables(161)) - Using default column profile:DBProfile.DISK for Table:dTokenTable
2019-09-26 15:58:49,972 [main] INFO  db.DBStoreBuilder (DBStoreBuilder.java:addTable(110)) - using custom profile for table: s3SecretTable
2019-09-26 15:58:49,973 [main] INFO  db.DBStoreBuilder (DBStoreBuilder.java:processTables(161)) - Using default column profile:DBProfile.DISK for Table:s3SecretTable
2019-09-26 15:58:49,973 [main] INFO  db.DBStoreBuilder (DBStoreBuilder.java:addTable(110)) - using custom profile for table: prefixTable
2019-09-26 15:58:49,973 [main] INFO  db.DBStoreBuilder (DBStoreBuilder.java:processTables(161)) - Using default column profile:DBProfile.DISK for Table:prefixTable
2019-09-26 15:58:49,973 [main] INFO  db.DBStoreBuilder (DBStoreBuilder.java:addTable(110)) - using custom profile for table: default
2019-09-26 15:58:49,973 [main] INFO  db.DBStoreBuilder (DBStoreBuilder.java:processTables(167)) - Using default column profile:DBProfile.DISK for Table:default
2019-09-26 15:58:49,974 [main] INFO  db.DBStoreBuilder (DBStoreBuilder.java:getDbProfile(198)) - Using default options. DBProfile.DISK
2019-09-26 15:58:50,535 [main] INFO  ipc.CallQueueManager (CallQueueManager.java:<init>(84)) - Using callQueue: class java.util.concurrent.LinkedBlockingQueue, queueCapacity: 2000, scheduler: class org.apache.hadoop.ipc.DefaultRpcScheduler, ipcBackoff: false.
2019-09-26 15:58:50,536 [Socket Reader #1 for port 34285] INFO  ipc.Server (Server.java:run(1074)) - Starting Socket Reader #1 for port 34285
2019-09-26 15:58:50,561 [main] INFO  om.OzoneManager (OzoneManager.java:start(1069)) - OzoneManager RPC server is listening at localhost/127.0.0.1:34285
2019-09-26 15:58:50,561 [main] INFO  impl.MetricsSystemImpl (MetricsSystemImpl.java:init(158)) - OzoneManager metrics system started (again)
2019-09-26 15:58:50,562 [IPC Server Responder] INFO  ipc.Server (Server.java:run(1314)) - IPC Server Responder: starting
2019-09-26 15:58:50,565 [IPC Server listener on 34285] INFO  ipc.Server (Server.java:run(1153)) - IPC Server listener on 34285: starting
2019-09-26 15:58:50,591 [main] INFO  hdfs.DFSUtil (DFSUtil.java:httpServerTemplateForNNAndJN(1641)) - Starting Web-server for ozoneManager at: http://0.0.0.0:0
2019-09-26 15:58:50,593 [main] INFO  server.AuthenticationFilter (AuthenticationFilter.java:constructSecretProvider(240)) - Unable to initialize FileSignerSecretProvider, falling back to use random secrets.
2019-09-26 15:58:50,594 [main] WARN  http.HttpRequestLog (HttpRequestLog.java:getRequestLog(97)) - Jetty request log can only be enabled using Log4j
2019-09-26 15:58:50,598 [main] INFO  http.HttpServer2 (HttpServer2.java:addGlobalFilter(975)) - Added global filter 'safety' (class=org.apache.hadoop.http.HttpServer2$QuotingInputFilter)
2019-09-26 15:58:50,599 [main] INFO  http.HttpServer2 (HttpServer2.java:addFilter(948)) - Added filter static_user_filter (class=org.apache.hadoop.http.lib.StaticUserWebFilter$StaticUserFilter) to context ozoneManager
2019-09-26 15:58:50,599 [main] INFO  http.HttpServer2 (HttpServer2.java:addFilter(958)) - Added filter static_user_filter (class=org.apache.hadoop.http.lib.StaticUserWebFilter$StaticUserFilter) to context static
2019-09-26 15:58:50,600 [main] INFO  http.HttpServer2 (HttpServer2.java:addFilter(958)) - Added filter static_user_filter (class=org.apache.hadoop.http.lib.StaticUserWebFilter$StaticUserFilter) to context logs
2019-09-26 15:58:50,603 [main] INFO  http.HttpServer2 (HttpServer2.java:bindListener(1191)) - Jetty bound to port 38486
2019-09-26 15:58:50,603 [main] INFO  server.Server (Server.java:doStart(351)) - jetty-9.3.25.v20180904, build timestamp: 2018-09-04T21:11:46Z, git hash: 3ce520221d0240229c862b122d2b06c12a625732
2019-09-26 15:58:50,606 [main] INFO  handler.ContextHandler (ContextHandler.java:doStart(781)) - Started o.e.j.s.ServletContextHandler@5cf8edcf{/logs,file:///workdir/hadoop-ozone/integration-test/target/log,AVAILABLE}
2019-09-26 15:58:50,607 [main] INFO  handler.ContextHandler (ContextHandler.java:doStart(781)) - Started o.e.j.s.ServletContextHandler@629f066f{/static,file:///workdir/hadoop-ozone/integration-test/target/test-classes/webapps/static,AVAILABLE}
2019-09-26 15:58:50,614 [main] INFO  handler.ContextHandler (ContextHandler.java:doStart(781)) - Started o.e.j.w.WebAppContext@1cbb3d3b{/,file:///workdir/hadoop-ozone/integration-test/target/test-classes/webapps/ozoneManager/,AVAILABLE}{/ozoneManager}
2019-09-26 15:58:50,616 [main] INFO  server.AbstractConnector (AbstractConnector.java:doStart(278)) - Started ServerConnector@529cfee5{HTTP/1.1,[http/1.1]}{0.0.0.0:38486}
2019-09-26 15:58:50,617 [main] INFO  server.Server (Server.java:doStart(419)) - Started @4573ms
2019-09-26 15:58:50,617 [main] WARN  impl.MetricsSystemImpl (MetricsSystemImpl.java:register(276)) - Sink prometheus already exists!
2019-09-26 15:58:50,618 [main] INFO  server.BaseHttpServer (BaseHttpServer.java:updateConnectorAddress(215)) - HTTP server of OZONEMANAGER is listening at http://0.0.0.0:38486
2019-09-26 15:58:50,973 [main] INFO  impl.MetricsSystemImpl (MetricsSystemImpl.java:init(158)) - HddsDatanode metrics system started (again)
2019-09-26 15:58:51,080 [main] INFO  ozone.HddsDatanodeService (HddsDatanodeService.java:start(184)) - HddsDatanodeService host:pr-hdds-2162-htzpk-1451759861 ip:192.168.157.234
2019-09-26 15:58:51,127 [main] INFO  volume.HddsVolume (HddsVolume.java:<init>(176)) - Creating Volume: /workdir/hadoop-ozone/integration-test/target/test-dir/MiniOzoneClusterImpl-cc90927b-9788-4d55-bf9d-8c156a856a16/datanode-0/data/containers/hdds of  storage type : DISK and capacity : 1482555576320
2019-09-26 15:58:51,129 [main] INFO  volume.VolumeSet (VolumeSet.java:initializeVolumeSet(170)) - Added Volume : /workdir/hadoop-ozone/integration-test/target/test-dir/MiniOzoneClusterImpl-cc90927b-9788-4d55-bf9d-8c156a856a16/datanode-0/data/containers/hdds to VolumeSet
2019-09-26 15:58:51,134 [main] INFO  volume.ThrottledAsyncChecker (ThrottledAsyncChecker.java:schedule(139)) - Scheduling a check for org.apache.hadoop.ozone.container.common.volume.HddsVolume@3cee53dc
2019-09-26 15:58:51,155 [main] INFO  volume.HddsVolumeChecker (HddsVolumeChecker.java:checkAllVolumes(202)) - Scheduled health check for volume org.apache.hadoop.ozone.container.common.volume.HddsVolume@3cee53dc
2019-09-26 15:58:51,267 [main] INFO  impl.RaftServerProxy (ConfUtils.java:logGet(43)) - raft.rpc.type = GRPC (default)
2019-09-26 15:58:51,333 [main] INFO  grpc.GrpcFactory (GrpcFactory.java:checkPooledByteBufAllocatorUseCacheForAllThreads(45)) - PERFORMANCE WARNING: useCacheForAllThreads is true that may cause Netty to create a lot garbage objects and, as a result, trigger GC.
	It is recommended to disable useCacheForAllThreads by setting -Dorg.apache.ratis.thirdparty.io.netty.allocator.useCacheForAllThreads=false in command line.
2019-09-26 15:58:51,338 [main] INFO  grpc.GrpcConfigKeys$Server (ConfUtils.java:logGet(43)) - raft.grpc.server.port = 0 (default)
2019-09-26 15:58:51,339 [main] INFO  server.GrpcService (ConfUtils.java:logGet(43)) - raft.grpc.message.size.max = 33570816 (custom)
2019-09-26 15:58:51,340 [main] INFO  server.RaftServerConfigKeys (ConfUtils.java:logGet(43)) - raft.server.log.appender.buffer.byte-limit = 33554432 (custom)
2019-09-26 15:58:51,341 [main] INFO  server.GrpcService (ConfUtils.java:logGet(43)) - raft.grpc.flow.control.window = 1MB (=1048576) (default)
2019-09-26 15:58:51,342 [main] INFO  server.RaftServerConfigKeys (ConfUtils.java:logGet(43)) - raft.server.rpc.request.timeout = 3000ms (default)
2019-09-26 15:58:51,506 [main] INFO  server.RaftServerConfigKeys (ConfUtils.java:logGet(43)) - raft.server.storage.dir = [/workdir/hadoop-ozone/integration-test/target/test-dir/MiniOzoneClusterImpl-cc90927b-9788-4d55-bf9d-8c156a856a16/datanode-0/data/ratis] (custom)
2019-09-26 15:58:51,585 [main] INFO  hdfs.DFSUtil (DFSUtil.java:httpServerTemplateForNNAndJN(1641)) - Starting Web-server for hddsDatanode at: http://0.0.0.0:0
2019-09-26 15:58:51,589 [main] INFO  server.AuthenticationFilter (AuthenticationFilter.java:constructSecretProvider(240)) - Unable to initialize FileSignerSecretProvider, falling back to use random secrets.
2019-09-26 15:58:51,590 [main] WARN  http.HttpRequestLog (HttpRequestLog.java:getRequestLog(97)) - Jetty request log can only be enabled using Log4j
2019-09-26 15:58:51,595 [main] INFO  http.HttpServer2 (HttpServer2.java:addGlobalFilter(975)) - Added global filter 'safety' (class=org.apache.hadoop.http.HttpServer2$QuotingInputFilter)
2019-09-26 15:58:51,596 [main] INFO  http.HttpServer2 (HttpServer2.java:addFilter(948)) - Added filter static_user_filter (class=org.apache.hadoop.http.lib.StaticUserWebFilter$StaticUserFilter) to context hddsDatanode
2019-09-26 15:58:51,596 [main] INFO  http.HttpServer2 (HttpServer2.java:addFilter(958)) - Added filter static_user_filter (class=org.apache.hadoop.http.lib.StaticUserWebFilter$StaticUserFilter) to context static
2019-09-26 15:58:51,597 [main] INFO  http.HttpServer2 (HttpServer2.java:addFilter(958)) - Added filter static_user_filter (class=org.apache.hadoop.http.lib.StaticUserWebFilter$StaticUserFilter) to context logs
2019-09-26 15:58:51,599 [main] INFO  http.HttpServer2 (HttpServer2.java:bindListener(1191)) - Jetty bound to port 37576
2019-09-26 15:58:51,600 [main] INFO  server.Server (Server.java:doStart(351)) - jetty-9.3.25.v20180904, build timestamp: 2018-09-04T21:11:46Z, git hash: 3ce520221d0240229c862b122d2b06c12a625732
2019-09-26 15:58:51,603 [main] INFO  handler.ContextHandler (ContextHandler.java:doStart(781)) - Started o.e.j.s.ServletContextHandler@7ff35a3f{/logs,file:///workdir/hadoop-ozone/integration-test/target/log,AVAILABLE}
2019-09-26 15:58:51,604 [main] INFO  handler.ContextHandler (ContextHandler.java:doStart(781)) - Started o.e.j.s.ServletContextHandler@252dc8c4{/static,jar:file:/home/user/.m2/repository/org/apache/hadoop/hadoop-hdds-container-service/0.5.0-SNAPSHOT/hadoop-hdds-container-service-0.5.0-SNAPSHOT.jar!/webapps/static,AVAILABLE}
2019-09-26 15:58:51,650 [main] INFO  handler.ContextHandler (ContextHandler.java:doStart(781)) - Started o.e.j.w.WebAppContext@cdb2d95{/,file:///tmp/jetty-0.0.0.0-37576-hddsDatanode-_-any-8204407214482369853.dir/webapp/,AVAILABLE}{/hddsDatanode}
2019-09-26 15:58:51,651 [main] INFO  server.AbstractConnector (AbstractConnector.java:doStart(278)) - Started ServerConnector@122d6c22{HTTP/1.1,[http/1.1]}{0.0.0.0:37576}
2019-09-26 15:58:51,652 [main] INFO  server.Server (Server.java:doStart(419)) - Started @5607ms
2019-09-26 15:58:51,652 [main] WARN  impl.MetricsSystemImpl (MetricsSystemImpl.java:register(276)) - Sink prometheus already exists!
2019-09-26 15:58:51,653 [main] INFO  server.BaseHttpServer (BaseHttpServer.java:updateConnectorAddress(215)) - HTTP server of HDDSDATANODE is listening at http://0.0.0.0:37576
2019-09-26 15:58:51,655 [main] INFO  impl.MetricsSystemImpl (MetricsSystemImpl.java:init(158)) - HddsDatanode metrics system started (again)
2019-09-26 15:58:51,658 [main] INFO  ozone.HddsDatanodeService (HddsDatanodeService.java:start(184)) - HddsDatanodeService host:pr-hdds-2162-htzpk-1451759861 ip:192.168.157.234
2019-09-26 15:58:51,660 [org.apache.hadoop.util.JvmPauseMonitor$Monitor@8835a20] INFO  util.JvmPauseMonitor (JvmPauseMonitor.java:run(188)) - Starting JVM pause monitor
2019-09-26 15:58:51,666 [main] INFO  volume.HddsVolume (HddsVolume.java:<init>(176)) - Creating Volume: /workdir/hadoop-ozone/integration-test/target/test-dir/MiniOzoneClusterImpl-cc90927b-9788-4d55-bf9d-8c156a856a16/datanode-1/data/containers/hdds of  storage type : DISK and capacity : 1482555576320
2019-09-26 15:58:51,667 [main] INFO  volume.VolumeSet (VolumeSet.java:initializeVolumeSet(170)) - Added Volume : /workdir/hadoop-ozone/integration-test/target/test-dir/MiniOzoneClusterImpl-cc90927b-9788-4d55-bf9d-8c156a856a16/datanode-1/data/containers/hdds to VolumeSet
2019-09-26 15:58:51,668 [main] INFO  volume.ThrottledAsyncChecker (ThrottledAsyncChecker.java:schedule(139)) - Scheduling a check for org.apache.hadoop.ozone.container.common.volume.HddsVolume@46963479
2019-09-26 15:58:51,668 [main] INFO  volume.HddsVolumeChecker (HddsVolumeChecker.java:checkAllVolumes(202)) - Scheduled health check for volume org.apache.hadoop.ozone.container.common.volume.HddsVolume@46963479
2019-09-26 15:58:51,683 [main] INFO  impl.RaftServerProxy (ConfUtils.java:logGet(43)) - raft.rpc.type = GRPC (default)
2019-09-26 15:58:51,684 [main] INFO  grpc.GrpcFactory (GrpcFactory.java:checkPooledByteBufAllocatorUseCacheForAllThreads(45)) - PERFORMANCE WARNING: useCacheForAllThreads is true that may cause Netty to create a lot garbage objects and, as a result, trigger GC.
	It is recommended to disable useCacheForAllThreads by setting -Dorg.apache.ratis.thirdparty.io.netty.allocator.useCacheForAllThreads=false in command line.
2019-09-26 15:58:51,684 [main] INFO  grpc.GrpcConfigKeys$Server (ConfUtils.java:logGet(43)) - raft.grpc.server.port = 0 (default)
2019-09-26 15:58:51,684 [main] INFO  server.GrpcService (ConfUtils.java:logGet(43)) - raft.grpc.message.size.max = 33570816 (custom)
2019-09-26 15:58:51,684 [main] INFO  server.RaftServerConfigKeys (ConfUtils.java:logGet(43)) - raft.server.log.appender.buffer.byte-limit = 33554432 (custom)
2019-09-26 15:58:51,684 [main] INFO  server.GrpcService (ConfUtils.java:logGet(43)) - raft.grpc.flow.control.window = 1MB (=1048576) (default)
2019-09-26 15:58:51,685 [main] INFO  server.RaftServerConfigKeys (ConfUtils.java:logGet(43)) - raft.server.rpc.request.timeout = 3000ms (default)
2019-09-26 15:58:51,685 [main] INFO  server.RaftServerConfigKeys (ConfUtils.java:logGet(43)) - raft.server.storage.dir = [/workdir/hadoop-ozone/integration-test/target/test-dir/MiniOzoneClusterImpl-cc90927b-9788-4d55-bf9d-8c156a856a16/datanode-1/data/ratis] (custom)
2019-09-26 15:58:51,687 [main] INFO  hdfs.DFSUtil (DFSUtil.java:httpServerTemplateForNNAndJN(1641)) - Starting Web-server for hddsDatanode at: http://0.0.0.0:0
2019-09-26 15:58:51,688 [main] INFO  server.AuthenticationFilter (AuthenticationFilter.java:constructSecretProvider(240)) - Unable to initialize FileSignerSecretProvider, falling back to use random secrets.
2019-09-26 15:58:51,689 [main] WARN  http.HttpRequestLog (HttpRequestLog.java:getRequestLog(97)) - Jetty request log can only be enabled using Log4j
2019-09-26 15:58:51,691 [main] INFO  http.HttpServer2 (HttpServer2.java:addGlobalFilter(975)) - Added global filter 'safety' (class=org.apache.hadoop.http.HttpServer2$QuotingInputFilter)
2019-09-26 15:58:51,692 [main] INFO  http.HttpServer2 (HttpServer2.java:addFilter(948)) - Added filter static_user_filter (class=org.apache.hadoop.http.lib.StaticUserWebFilter$StaticUserFilter) to context hddsDatanode
2019-09-26 15:58:51,692 [main] INFO  http.HttpServer2 (HttpServer2.java:addFilter(958)) - Added filter static_user_filter (class=org.apache.hadoop.http.lib.StaticUserWebFilter$StaticUserFilter) to context static
2019-09-26 15:58:51,693 [main] INFO  http.HttpServer2 (HttpServer2.java:addFilter(958)) - Added filter static_user_filter (class=org.apache.hadoop.http.lib.StaticUserWebFilter$StaticUserFilter) to context logs
2019-09-26 15:58:51,693 [main] INFO  http.HttpServer2 (HttpServer2.java:bindListener(1191)) - Jetty bound to port 41899
2019-09-26 15:58:51,694 [main] INFO  server.Server (Server.java:doStart(351)) - jetty-9.3.25.v20180904, build timestamp: 2018-09-04T21:11:46Z, git hash: 3ce520221d0240229c862b122d2b06c12a625732
2019-09-26 15:58:51,699 [main] INFO  handler.ContextHandler (ContextHandler.java:doStart(781)) - Started o.e.j.s.ServletContextHandler@620c8641{/logs,file:///workdir/hadoop-ozone/integration-test/target/log,AVAILABLE}
2019-09-26 15:58:51,700 [main] INFO  handler.ContextHandler (ContextHandler.java:doStart(781)) - Started o.e.j.s.ServletContextHandler@5460b754{/static,jar:file:/home/user/.m2/repository/org/apache/hadoop/hadoop-hdds-container-service/0.5.0-SNAPSHOT/hadoop-hdds-container-service-0.5.0-SNAPSHOT.jar!/webapps/static,AVAILABLE}
2019-09-26 15:58:51,729 [main] INFO  handler.ContextHandler (ContextHandler.java:doStart(781)) - Started o.e.j.w.WebAppContext@58472096{/,file:///tmp/jetty-0.0.0.0-41899-hddsDatanode-_-any-4695152781815215202.dir/webapp/,AVAILABLE}{/hddsDatanode}
2019-09-26 15:58:51,730 [main] INFO  server.AbstractConnector (AbstractConnector.java:doStart(278)) - Started ServerConnector@a92be4f{HTTP/1.1,[http/1.1]}{0.0.0.0:41899}
2019-09-26 15:58:51,731 [main] INFO  server.Server (Server.java:doStart(419)) - Started @5686ms
2019-09-26 15:58:51,731 [main] WARN  impl.MetricsSystemImpl (MetricsSystemImpl.java:register(276)) - Sink prometheus already exists!
2019-09-26 15:58:51,733 [main] INFO  server.BaseHttpServer (BaseHttpServer.java:updateConnectorAddress(215)) - HTTP server of HDDSDATANODE is listening at http://0.0.0.0:41899
2019-09-26 15:58:51,733 [main] INFO  impl.MetricsSystemImpl (MetricsSystemImpl.java:init(158)) - HddsDatanode metrics system started (again)
2019-09-26 15:58:51,736 [main] INFO  ozone.HddsDatanodeService (HddsDatanodeService.java:start(184)) - HddsDatanodeService host:pr-hdds-2162-htzpk-1451759861 ip:192.168.157.234
2019-09-26 15:58:51,736 [org.apache.hadoop.util.JvmPauseMonitor$Monitor@42c21901] INFO  util.JvmPauseMonitor (JvmPauseMonitor.java:run(188)) - Starting JVM pause monitor
2019-09-26 15:58:51,745 [main] INFO  volume.HddsVolume (HddsVolume.java:<init>(176)) - Creating Volume: /workdir/hadoop-ozone/integration-test/target/test-dir/MiniOzoneClusterImpl-cc90927b-9788-4d55-bf9d-8c156a856a16/datanode-2/data/containers/hdds of  storage type : DISK and capacity : 1482555576320
2019-09-26 15:58:51,746 [main] INFO  volume.VolumeSet (VolumeSet.java:initializeVolumeSet(170)) - Added Volume : /workdir/hadoop-ozone/integration-test/target/test-dir/MiniOzoneClusterImpl-cc90927b-9788-4d55-bf9d-8c156a856a16/datanode-2/data/containers/hdds to VolumeSet
2019-09-26 15:58:51,747 [main] INFO  volume.ThrottledAsyncChecker (ThrottledAsyncChecker.java:schedule(139)) - Scheduling a check for org.apache.hadoop.ozone.container.common.volume.HddsVolume@7cbeac65
2019-09-26 15:58:51,747 [main] INFO  volume.HddsVolumeChecker (HddsVolumeChecker.java:checkAllVolumes(202)) - Scheduled health check for volume org.apache.hadoop.ozone.container.common.volume.HddsVolume@7cbeac65
2019-09-26 15:58:51,761 [main] INFO  impl.RaftServerProxy (ConfUtils.java:logGet(43)) - raft.rpc.type = GRPC (default)
2019-09-26 15:58:51,761 [main] INFO  grpc.GrpcFactory (GrpcFactory.java:checkPooledByteBufAllocatorUseCacheForAllThreads(45)) - PERFORMANCE WARNING: useCacheForAllThreads is true that may cause Netty to create a lot garbage objects and, as a result, trigger GC.
	It is recommended to disable useCacheForAllThreads by setting -Dorg.apache.ratis.thirdparty.io.netty.allocator.useCacheForAllThreads=false in command line.
2019-09-26 15:58:51,762 [main] INFO  grpc.GrpcConfigKeys$Server (ConfUtils.java:logGet(43)) - raft.grpc.server.port = 0 (default)
2019-09-26 15:58:51,762 [main] INFO  server.GrpcService (ConfUtils.java:logGet(43)) - raft.grpc.message.size.max = 33570816 (custom)
2019-09-26 15:58:51,762 [main] INFO  server.RaftServerConfigKeys (ConfUtils.java:logGet(43)) - raft.server.log.appender.buffer.byte-limit = 33554432 (custom)
2019-09-26 15:58:51,762 [main] INFO  server.GrpcService (ConfUtils.java:logGet(43)) - raft.grpc.flow.control.window = 1MB (=1048576) (default)
2019-09-26 15:58:51,762 [main] INFO  server.RaftServerConfigKeys (ConfUtils.java:logGet(43)) - raft.server.rpc.request.timeout = 3000ms (default)
2019-09-26 15:58:51,763 [main] INFO  server.RaftServerConfigKeys (ConfUtils.java:logGet(43)) - raft.server.storage.dir = [/workdir/hadoop-ozone/integration-test/target/test-dir/MiniOzoneClusterImpl-cc90927b-9788-4d55-bf9d-8c156a856a16/datanode-2/data/ratis] (custom)
2019-09-26 15:58:51,765 [main] INFO  hdfs.DFSUtil (DFSUtil.java:httpServerTemplateForNNAndJN(1641)) - Starting Web-server for hddsDatanode at: http://0.0.0.0:0
2019-09-26 15:58:51,766 [main] INFO  server.AuthenticationFilter (AuthenticationFilter.java:constructSecretProvider(240)) - Unable to initialize FileSignerSecretProvider, falling back to use random secrets.
2019-09-26 15:58:51,767 [main] WARN  http.HttpRequestLog (HttpRequestLog.java:getRequestLog(97)) - Jetty request log can only be enabled using Log4j
2019-09-26 15:58:51,768 [main] INFO  http.HttpServer2 (HttpServer2.java:addGlobalFilter(975)) - Added global filter 'safety' (class=org.apache.hadoop.http.HttpServer2$QuotingInputFilter)
2019-09-26 15:58:51,769 [main] INFO  http.HttpServer2 (HttpServer2.java:addFilter(948)) - Added filter static_user_filter (class=org.apache.hadoop.http.lib.StaticUserWebFilter$StaticUserFilter) to context hddsDatanode
2019-09-26 15:58:51,769 [main] INFO  http.HttpServer2 (HttpServer2.java:addFilter(958)) - Added filter static_user_filter (class=org.apache.hadoop.http.lib.StaticUserWebFilter$StaticUserFilter) to context static
2019-09-26 15:58:51,769 [main] INFO  http.HttpServer2 (HttpServer2.java:addFilter(958)) - Added filter static_user_filter (class=org.apache.hadoop.http.lib.StaticUserWebFilter$StaticUserFilter) to context logs
2019-09-26 15:58:51,770 [main] INFO  http.HttpServer2 (HttpServer2.java:bindListener(1191)) - Jetty bound to port 43044
2019-09-26 15:58:51,770 [main] INFO  server.Server (Server.java:doStart(351)) - jetty-9.3.25.v20180904, build timestamp: 2018-09-04T21:11:46Z, git hash: 3ce520221d0240229c862b122d2b06c12a625732
2019-09-26 15:58:51,772 [main] INFO  handler.ContextHandler (ContextHandler.java:doStart(781)) - Started o.e.j.s.ServletContextHandler@36681447{/logs,file:///workdir/hadoop-ozone/integration-test/target/log,AVAILABLE}
2019-09-26 15:58:51,773 [main] INFO  handler.ContextHandler (ContextHandler.java:doStart(781)) - Started o.e.j.s.ServletContextHandler@726aa968{/static,jar:file:/home/user/.m2/repository/org/apache/hadoop/hadoop-hdds-container-service/0.5.0-SNAPSHOT/hadoop-hdds-container-service-0.5.0-SNAPSHOT.jar!/webapps/static,AVAILABLE}
2019-09-26 15:58:51,782 [Datanode State Machine Thread - 0] INFO  datanode.InitDatanodeState (InitDatanodeState.java:persistContainerDatanodeDetails(140)) - DatanodeDetails is persisted to /workdir/hadoop-ozone/integration-test/target/test-dir/MiniOzoneClusterImpl-cc90927b-9788-4d55-bf9d-8c156a856a16/datanode-0/meta/datanode.id
2019-09-26 15:58:51,787 [Datanode State Machine Thread - 0] INFO  datanode.InitDatanodeState (InitDatanodeState.java:persistContainerDatanodeDetails(140)) - DatanodeDetails is persisted to /workdir/hadoop-ozone/integration-test/target/test-dir/MiniOzoneClusterImpl-cc90927b-9788-4d55-bf9d-8c156a856a16/datanode-1/meta/datanode.id
2019-09-26 15:58:51,806 [main] INFO  handler.ContextHandler (ContextHandler.java:doStart(781)) - Started o.e.j.w.WebAppContext@7e642b88{/,file:///tmp/jetty-0.0.0.0-43044-hddsDatanode-_-any-3696266274699598642.dir/webapp/,AVAILABLE}{/hddsDatanode}
2019-09-26 15:58:51,806 [main] INFO  server.AbstractConnector (AbstractConnector.java:doStart(278)) - Started ServerConnector@6b350309{HTTP/1.1,[http/1.1]}{0.0.0.0:43044}
2019-09-26 15:58:51,807 [main] INFO  server.Server (Server.java:doStart(419)) - Started @5763ms
2019-09-26 15:58:51,808 [main] WARN  impl.MetricsSystemImpl (MetricsSystemImpl.java:register(276)) - Sink prometheus already exists!
2019-09-26 15:58:51,809 [main] INFO  server.BaseHttpServer (BaseHttpServer.java:updateConnectorAddress(215)) - HTTP server of HDDSDATANODE is listening at http://0.0.0.0:43044
2019-09-26 15:58:51,810 [main] INFO  impl.MetricsSystemImpl (MetricsSystemImpl.java:init(158)) - HddsDatanode metrics system started (again)
2019-09-26 15:58:51,813 [main] INFO  ozone.HddsDatanodeService (HddsDatanodeService.java:start(184)) - HddsDatanodeService host:pr-hdds-2162-htzpk-1451759861 ip:192.168.157.234
2019-09-26 15:58:51,813 [org.apache.hadoop.util.JvmPauseMonitor$Monitor@55b083e9] INFO  util.JvmPauseMonitor (JvmPauseMonitor.java:run(188)) - Starting JVM pause monitor
2019-09-26 15:58:51,816 [Datanode State Machine Thread - 0] INFO  datanode.InitDatanodeState (InitDatanodeState.java:persistContainerDatanodeDetails(140)) - DatanodeDetails is persisted to /workdir/hadoop-ozone/integration-test/target/test-dir/MiniOzoneClusterImpl-cc90927b-9788-4d55-bf9d-8c156a856a16/datanode-2/meta/datanode.id
2019-09-26 15:58:51,821 [main] INFO  volume.HddsVolume (HddsVolume.java:<init>(176)) - Creating Volume: /workdir/hadoop-ozone/integration-test/target/test-dir/MiniOzoneClusterImpl-cc90927b-9788-4d55-bf9d-8c156a856a16/datanode-3/data/containers/hdds of  storage type : DISK and capacity : 1482555576320
2019-09-26 15:58:51,822 [main] INFO  volume.VolumeSet (VolumeSet.java:initializeVolumeSet(170)) - Added Volume : /workdir/hadoop-ozone/integration-test/target/test-dir/MiniOzoneClusterImpl-cc90927b-9788-4d55-bf9d-8c156a856a16/datanode-3/data/containers/hdds to VolumeSet
2019-09-26 15:58:51,823 [main] INFO  volume.ThrottledAsyncChecker (ThrottledAsyncChecker.java:schedule(139)) - Scheduling a check for org.apache.hadoop.ozone.container.common.volume.HddsVolume@bc042d5
2019-09-26 15:58:51,823 [main] INFO  volume.HddsVolumeChecker (HddsVolumeChecker.java:checkAllVolumes(202)) - Scheduled health check for volume org.apache.hadoop.ozone.container.common.volume.HddsVolume@bc042d5
2019-09-26 15:58:51,837 [main] INFO  impl.RaftServerProxy (ConfUtils.java:logGet(43)) - raft.rpc.type = GRPC (default)
2019-09-26 15:58:51,837 [main] INFO  grpc.GrpcFactory (GrpcFactory.java:checkPooledByteBufAllocatorUseCacheForAllThreads(45)) - PERFORMANCE WARNING: useCacheForAllThreads is true that may cause Netty to create a lot garbage objects and, as a result, trigger GC.
	It is recommended to disable useCacheForAllThreads by setting -Dorg.apache.ratis.thirdparty.io.netty.allocator.useCacheForAllThreads=false in command line.
2019-09-26 15:58:51,837 [main] INFO  grpc.GrpcConfigKeys$Server (ConfUtils.java:logGet(43)) - raft.grpc.server.port = 0 (default)
2019-09-26 15:58:51,838 [main] INFO  server.GrpcService (ConfUtils.java:logGet(43)) - raft.grpc.message.size.max = 33570816 (custom)
2019-09-26 15:58:51,838 [main] INFO  server.RaftServerConfigKeys (ConfUtils.java:logGet(43)) - raft.server.log.appender.buffer.byte-limit = 33554432 (custom)
2019-09-26 15:58:51,838 [main] INFO  server.GrpcService (ConfUtils.java:logGet(43)) - raft.grpc.flow.control.window = 1MB (=1048576) (default)
2019-09-26 15:58:51,838 [main] INFO  server.RaftServerConfigKeys (ConfUtils.java:logGet(43)) - raft.server.rpc.request.timeout = 3000ms (default)
2019-09-26 15:58:51,839 [main] INFO  server.RaftServerConfigKeys (ConfUtils.java:logGet(43)) - raft.server.storage.dir = [/workdir/hadoop-ozone/integration-test/target/test-dir/MiniOzoneClusterImpl-cc90927b-9788-4d55-bf9d-8c156a856a16/datanode-3/data/ratis] (custom)
2019-09-26 15:58:51,840 [main] INFO  hdfs.DFSUtil (DFSUtil.java:httpServerTemplateForNNAndJN(1641)) - Starting Web-server for hddsDatanode at: http://0.0.0.0:0
2019-09-26 15:58:51,842 [main] INFO  server.AuthenticationFilter (AuthenticationFilter.java:constructSecretProvider(240)) - Unable to initialize FileSignerSecretProvider, falling back to use random secrets.
2019-09-26 15:58:51,842 [main] WARN  http.HttpRequestLog (HttpRequestLog.java:getRequestLog(97)) - Jetty request log can only be enabled using Log4j
2019-09-26 15:58:51,844 [main] INFO  http.HttpServer2 (HttpServer2.java:addGlobalFilter(975)) - Added global filter 'safety' (class=org.apache.hadoop.http.HttpServer2$QuotingInputFilter)
2019-09-26 15:58:51,844 [main] INFO  http.HttpServer2 (HttpServer2.java:addFilter(948)) - Added filter static_user_filter (class=org.apache.hadoop.http.lib.StaticUserWebFilter$StaticUserFilter) to context hddsDatanode
2019-09-26 15:58:51,844 [main] INFO  http.HttpServer2 (HttpServer2.java:addFilter(958)) - Added filter static_user_filter (class=org.apache.hadoop.http.lib.StaticUserWebFilter$StaticUserFilter) to context logs
2019-09-26 15:58:51,845 [main] INFO  http.HttpServer2 (HttpServer2.java:addFilter(958)) - Added filter static_user_filter (class=org.apache.hadoop.http.lib.StaticUserWebFilter$StaticUserFilter) to context static
2019-09-26 15:58:51,845 [main] INFO  http.HttpServer2 (HttpServer2.java:bindListener(1191)) - Jetty bound to port 42509
2019-09-26 15:58:51,846 [main] INFO  server.Server (Server.java:doStart(351)) - jetty-9.3.25.v20180904, build timestamp: 2018-09-04T21:11:46Z, git hash: 3ce520221d0240229c862b122d2b06c12a625732
2019-09-26 15:58:51,850 [main] INFO  handler.ContextHandler (ContextHandler.java:doStart(781)) - Started o.e.j.s.ServletContextHandler@5e7c141d{/logs,file:///workdir/hadoop-ozone/integration-test/target/log,AVAILABLE}
2019-09-26 15:58:51,850 [main] INFO  handler.ContextHandler (ContextHandler.java:doStart(781)) - Started o.e.j.s.ServletContextHandler@1305c126{/static,jar:file:/home/user/.m2/repository/org/apache/hadoop/hadoop-hdds-container-service/0.5.0-SNAPSHOT/hadoop-hdds-container-service-0.5.0-SNAPSHOT.jar!/webapps/static,AVAILABLE}
2019-09-26 15:58:51,879 [main] INFO  handler.ContextHandler (ContextHandler.java:doStart(781)) - Started o.e.j.w.WebAppContext@518bfd90{/,file:///tmp/jetty-0.0.0.0-42509-hddsDatanode-_-any-8870134257952986343.dir/webapp/,AVAILABLE}{/hddsDatanode}
2019-09-26 15:58:51,879 [main] INFO  server.AbstractConnector (AbstractConnector.java:doStart(278)) - Started ServerConnector@317a118b{HTTP/1.1,[http/1.1]}{0.0.0.0:42509}
2019-09-26 15:58:51,880 [main] INFO  server.Server (Server.java:doStart(419)) - Started @5836ms
2019-09-26 15:58:51,880 [main] WARN  impl.MetricsSystemImpl (MetricsSystemImpl.java:register(276)) - Sink prometheus already exists!
2019-09-26 15:58:51,882 [main] INFO  server.BaseHttpServer (BaseHttpServer.java:updateConnectorAddress(215)) - HTTP server of HDDSDATANODE is listening at http://0.0.0.0:42509
2019-09-26 15:58:51,882 [main] INFO  impl.MetricsSystemImpl (MetricsSystemImpl.java:init(158)) - HddsDatanode metrics system started (again)
2019-09-26 15:58:51,886 [main] INFO  ozone.HddsDatanodeService (HddsDatanodeService.java:start(184)) - HddsDatanodeService host:pr-hdds-2162-htzpk-1451759861 ip:192.168.157.234
2019-09-26 15:58:51,886 [org.apache.hadoop.util.JvmPauseMonitor$Monitor@65b946b] INFO  util.JvmPauseMonitor (JvmPauseMonitor.java:run(188)) - Starting JVM pause monitor
2019-09-26 15:58:51,890 [Datanode State Machine Thread - 0] INFO  datanode.InitDatanodeState (InitDatanodeState.java:persistContainerDatanodeDetails(140)) - DatanodeDetails is persisted to /workdir/hadoop-ozone/integration-test/target/test-dir/MiniOzoneClusterImpl-cc90927b-9788-4d55-bf9d-8c156a856a16/datanode-3/meta/datanode.id
2019-09-26 15:58:51,900 [main] INFO  volume.HddsVolume (HddsVolume.java:<init>(176)) - Creating Volume: /workdir/hadoop-ozone/integration-test/target/test-dir/MiniOzoneClusterImpl-cc90927b-9788-4d55-bf9d-8c156a856a16/datanode-4/data/containers/hdds of  storage type : DISK and capacity : 1482555576320
2019-09-26 15:58:51,901 [main] INFO  volume.VolumeSet (VolumeSet.java:initializeVolumeSet(170)) - Added Volume : /workdir/hadoop-ozone/integration-test/target/test-dir/MiniOzoneClusterImpl-cc90927b-9788-4d55-bf9d-8c156a856a16/datanode-4/data/containers/hdds to VolumeSet
2019-09-26 15:58:51,901 [main] INFO  volume.ThrottledAsyncChecker (ThrottledAsyncChecker.java:schedule(139)) - Scheduling a check for org.apache.hadoop.ozone.container.common.volume.HddsVolume@2f897dab
2019-09-26 15:58:51,902 [main] INFO  volume.HddsVolumeChecker (HddsVolumeChecker.java:checkAllVolumes(202)) - Scheduled health check for volume org.apache.hadoop.ozone.container.common.volume.HddsVolume@2f897dab
2019-09-26 15:58:51,916 [main] INFO  impl.RaftServerProxy (ConfUtils.java:logGet(43)) - raft.rpc.type = GRPC (default)
2019-09-26 15:58:51,918 [main] INFO  grpc.GrpcFactory (GrpcFactory.java:checkPooledByteBufAllocatorUseCacheForAllThreads(45)) - PERFORMANCE WARNING: useCacheForAllThreads is true that may cause Netty to create a lot garbage objects and, as a result, trigger GC.
	It is recommended to disable useCacheForAllThreads by setting -Dorg.apache.ratis.thirdparty.io.netty.allocator.useCacheForAllThreads=false in command line.
2019-09-26 15:58:51,918 [main] INFO  grpc.GrpcConfigKeys$Server (ConfUtils.java:logGet(43)) - raft.grpc.server.port = 0 (default)
2019-09-26 15:58:51,919 [main] INFO  server.GrpcService (ConfUtils.java:logGet(43)) - raft.grpc.message.size.max = 33570816 (custom)
2019-09-26 15:58:51,919 [main] INFO  server.RaftServerConfigKeys (ConfUtils.java:logGet(43)) - raft.server.log.appender.buffer.byte-limit = 33554432 (custom)
2019-09-26 15:58:51,919 [main] INFO  server.GrpcService (ConfUtils.java:logGet(43)) - raft.grpc.flow.control.window = 1MB (=1048576) (default)
2019-09-26 15:58:51,919 [main] INFO  server.RaftServerConfigKeys (ConfUtils.java:logGet(43)) - raft.server.rpc.request.timeout = 3000ms (default)
2019-09-26 15:58:51,921 [main] INFO  server.RaftServerConfigKeys (ConfUtils.java:logGet(43)) - raft.server.storage.dir = [/workdir/hadoop-ozone/integration-test/target/test-dir/MiniOzoneClusterImpl-cc90927b-9788-4d55-bf9d-8c156a856a16/datanode-4/data/ratis] (custom)
2019-09-26 15:58:51,923 [main] INFO  hdfs.DFSUtil (DFSUtil.java:httpServerTemplateForNNAndJN(1641)) - Starting Web-server for hddsDatanode at: http://0.0.0.0:0
2019-09-26 15:58:51,924 [main] INFO  server.AuthenticationFilter (AuthenticationFilter.java:constructSecretProvider(240)) - Unable to initialize FileSignerSecretProvider, falling back to use random secrets.
2019-09-26 15:58:51,925 [main] WARN  http.HttpRequestLog (HttpRequestLog.java:getRequestLog(97)) - Jetty request log can only be enabled using Log4j
2019-09-26 15:58:51,926 [main] INFO  http.HttpServer2 (HttpServer2.java:addGlobalFilter(975)) - Added global filter 'safety' (class=org.apache.hadoop.http.HttpServer2$QuotingInputFilter)
2019-09-26 15:58:51,927 [main] INFO  http.HttpServer2 (HttpServer2.java:addFilter(948)) - Added filter static_user_filter (class=org.apache.hadoop.http.lib.StaticUserWebFilter$StaticUserFilter) to context hddsDatanode
2019-09-26 15:58:51,927 [main] INFO  http.HttpServer2 (HttpServer2.java:addFilter(958)) - Added filter static_user_filter (class=org.apache.hadoop.http.lib.StaticUserWebFilter$StaticUserFilter) to context logs
2019-09-26 15:58:51,927 [main] INFO  http.HttpServer2 (HttpServer2.java:addFilter(958)) - Added filter static_user_filter (class=org.apache.hadoop.http.lib.StaticUserWebFilter$StaticUserFilter) to context static
2019-09-26 15:58:51,928 [main] INFO  http.HttpServer2 (HttpServer2.java:bindListener(1191)) - Jetty bound to port 42750
2019-09-26 15:58:51,928 [main] INFO  server.Server (Server.java:doStart(351)) - jetty-9.3.25.v20180904, build timestamp: 2018-09-04T21:11:46Z, git hash: 3ce520221d0240229c862b122d2b06c12a625732
2019-09-26 15:58:51,931 [main] INFO  handler.ContextHandler (ContextHandler.java:doStart(781)) - Started o.e.j.s.ServletContextHandler@67e13bd0{/logs,file:///workdir/hadoop-ozone/integration-test/target/log,AVAILABLE}
2019-09-26 15:58:51,931 [main] INFO  handler.ContextHandler (ContextHandler.java:doStart(781)) - Started o.e.j.s.ServletContextHandler@2cae9b8{/static,jar:file:/home/user/.m2/repository/org/apache/hadoop/hadoop-hdds-container-service/0.5.0-SNAPSHOT/hadoop-hdds-container-service-0.5.0-SNAPSHOT.jar!/webapps/static,AVAILABLE}
2019-09-26 15:58:51,960 [main] INFO  handler.ContextHandler (ContextHandler.java:doStart(781)) - Started o.e.j.w.WebAppContext@53cf9c99{/,file:///tmp/jetty-0.0.0.0-42750-hddsDatanode-_-any-7756009257078136064.dir/webapp/,AVAILABLE}{/hddsDatanode}
2019-09-26 15:58:51,961 [main] INFO  server.AbstractConnector (AbstractConnector.java:doStart(278)) - Started ServerConnector@7b306b9f{HTTP/1.1,[http/1.1]}{0.0.0.0:42750}
2019-09-26 15:58:51,962 [main] INFO  server.Server (Server.java:doStart(419)) - Started @5918ms
2019-09-26 15:58:51,962 [main] WARN  impl.MetricsSystemImpl (MetricsSystemImpl.java:register(276)) - Sink prometheus already exists!
2019-09-26 15:58:51,963 [main] INFO  server.BaseHttpServer (BaseHttpServer.java:updateConnectorAddress(215)) - HTTP server of HDDSDATANODE is listening at http://0.0.0.0:42750
2019-09-26 15:58:51,963 [main] INFO  impl.MetricsSystemImpl (MetricsSystemImpl.java:init(158)) - HddsDatanode metrics system started (again)
2019-09-26 15:58:51,967 [main] INFO  ozone.HddsDatanodeService (HddsDatanodeService.java:start(184)) - HddsDatanodeService host:pr-hdds-2162-htzpk-1451759861 ip:192.168.157.234
2019-09-26 15:58:51,967 [org.apache.hadoop.util.JvmPauseMonitor$Monitor@208400de] INFO  util.JvmPauseMonitor (JvmPauseMonitor.java:run(188)) - Starting JVM pause monitor
2019-09-26 15:58:51,972 [Datanode State Machine Thread - 0] INFO  datanode.InitDatanodeState (InitDatanodeState.java:persistContainerDatanodeDetails(140)) - DatanodeDetails is persisted to /workdir/hadoop-ozone/integration-test/target/test-dir/MiniOzoneClusterImpl-cc90927b-9788-4d55-bf9d-8c156a856a16/datanode-4/meta/datanode.id
2019-09-26 15:58:51,975 [main] INFO  volume.HddsVolume (HddsVolume.java:<init>(176)) - Creating Volume: /workdir/hadoop-ozone/integration-test/target/test-dir/MiniOzoneClusterImpl-cc90927b-9788-4d55-bf9d-8c156a856a16/datanode-5/data/containers/hdds of  storage type : DISK and capacity : 1482555576320
2019-09-26 15:58:51,976 [main] INFO  volume.VolumeSet (VolumeSet.java:initializeVolumeSet(170)) - Added Volume : /workdir/hadoop-ozone/integration-test/target/test-dir/MiniOzoneClusterImpl-cc90927b-9788-4d55-bf9d-8c156a856a16/datanode-5/data/containers/hdds to VolumeSet
2019-09-26 15:58:51,976 [main] INFO  volume.ThrottledAsyncChecker (ThrottledAsyncChecker.java:schedule(139)) - Scheduling a check for org.apache.hadoop.ozone.container.common.volume.HddsVolume@6e4f263e
2019-09-26 15:58:51,976 [main] INFO  volume.HddsVolumeChecker (HddsVolumeChecker.java:checkAllVolumes(202)) - Scheduled health check for volume org.apache.hadoop.ozone.container.common.volume.HddsVolume@6e4f263e
2019-09-26 15:58:51,994 [main] INFO  impl.RaftServerProxy (ConfUtils.java:logGet(43)) - raft.rpc.type = GRPC (default)
2019-09-26 15:58:51,994 [main] INFO  grpc.GrpcFactory (GrpcFactory.java:checkPooledByteBufAllocatorUseCacheForAllThreads(45)) - PERFORMANCE WARNING: useCacheForAllThreads is true that may cause Netty to create a lot garbage objects and, as a result, trigger GC.
	It is recommended to disable useCacheForAllThreads by setting -Dorg.apache.ratis.thirdparty.io.netty.allocator.useCacheForAllThreads=false in command line.
2019-09-26 15:58:51,994 [main] INFO  grpc.GrpcConfigKeys$Server (ConfUtils.java:logGet(43)) - raft.grpc.server.port = 0 (default)
2019-09-26 15:58:51,995 [main] INFO  server.GrpcService (ConfUtils.java:logGet(43)) - raft.grpc.message.size.max = 33570816 (custom)
2019-09-26 15:58:51,995 [main] INFO  server.RaftServerConfigKeys (ConfUtils.java:logGet(43)) - raft.server.log.appender.buffer.byte-limit = 33554432 (custom)
2019-09-26 15:58:51,995 [main] INFO  server.GrpcService (ConfUtils.java:logGet(43)) - raft.grpc.flow.control.window = 1MB (=1048576) (default)
2019-09-26 15:58:51,995 [main] INFO  server.RaftServerConfigKeys (ConfUtils.java:logGet(43)) - raft.server.rpc.request.timeout = 3000ms (default)
2019-09-26 15:58:51,996 [main] INFO  server.RaftServerConfigKeys (ConfUtils.java:logGet(43)) - raft.server.storage.dir = [/workdir/hadoop-ozone/integration-test/target/test-dir/MiniOzoneClusterImpl-cc90927b-9788-4d55-bf9d-8c156a856a16/datanode-5/data/ratis] (custom)
2019-09-26 15:58:51,997 [main] INFO  hdfs.DFSUtil (DFSUtil.java:httpServerTemplateForNNAndJN(1641)) - Starting Web-server for hddsDatanode at: http://0.0.0.0:0
2019-09-26 15:58:51,999 [main] INFO  server.AuthenticationFilter (AuthenticationFilter.java:constructSecretProvider(240)) - Unable to initialize FileSignerSecretProvider, falling back to use random secrets.
2019-09-26 15:58:51,999 [main] WARN  http.HttpRequestLog (HttpRequestLog.java:getRequestLog(97)) - Jetty request log can only be enabled using Log4j
2019-09-26 15:58:52,001 [main] INFO  http.HttpServer2 (HttpServer2.java:addGlobalFilter(975)) - Added global filter 'safety' (class=org.apache.hadoop.http.HttpServer2$QuotingInputFilter)
2019-09-26 15:58:52,002 [main] INFO  http.HttpServer2 (HttpServer2.java:addFilter(948)) - Added filter static_user_filter (class=org.apache.hadoop.http.lib.StaticUserWebFilter$StaticUserFilter) to context hddsDatanode
2019-09-26 15:58:52,002 [main] INFO  http.HttpServer2 (HttpServer2.java:addFilter(958)) - Added filter static_user_filter (class=org.apache.hadoop.http.lib.StaticUserWebFilter$StaticUserFilter) to context logs
2019-09-26 15:58:52,002 [main] INFO  http.HttpServer2 (HttpServer2.java:addFilter(958)) - Added filter static_user_filter (class=org.apache.hadoop.http.lib.StaticUserWebFilter$StaticUserFilter) to context static
2019-09-26 15:58:52,003 [main] INFO  http.HttpServer2 (HttpServer2.java:bindListener(1191)) - Jetty bound to port 35200
2019-09-26 15:58:52,003 [main] INFO  server.Server (Server.java:doStart(351)) - jetty-9.3.25.v20180904, build timestamp: 2018-09-04T21:11:46Z, git hash: 3ce520221d0240229c862b122d2b06c12a625732
2019-09-26 15:58:52,005 [main] INFO  handler.ContextHandler (ContextHandler.java:doStart(781)) - Started o.e.j.s.ServletContextHandler@7e53339{/logs,file:///workdir/hadoop-ozone/integration-test/target/log,AVAILABLE}
2019-09-26 15:58:52,006 [main] INFO  handler.ContextHandler (ContextHandler.java:doStart(781)) - Started o.e.j.s.ServletContextHandler@31ddb930{/static,jar:file:/home/user/.m2/repository/org/apache/hadoop/hadoop-hdds-container-service/0.5.0-SNAPSHOT/hadoop-hdds-container-service-0.5.0-SNAPSHOT.jar!/webapps/static,AVAILABLE}
2019-09-26 15:58:52,036 [main] INFO  handler.ContextHandler (ContextHandler.java:doStart(781)) - Started o.e.j.w.WebAppContext@2bc378f7{/,file:///tmp/jetty-0.0.0.0-35200-hddsDatanode-_-any-364795057352991022.dir/webapp/,AVAILABLE}{/hddsDatanode}
2019-09-26 15:58:52,037 [main] INFO  server.AbstractConnector (AbstractConnector.java:doStart(278)) - Started ServerConnector@268cbb86{HTTP/1.1,[http/1.1]}{0.0.0.0:35200}
2019-09-26 15:58:52,038 [main] INFO  server.Server (Server.java:doStart(419)) - Started @5993ms
2019-09-26 15:58:52,038 [main] WARN  impl.MetricsSystemImpl (MetricsSystemImpl.java:register(276)) - Sink prometheus already exists!
2019-09-26 15:58:52,038 [main] INFO  server.BaseHttpServer (BaseHttpServer.java:updateConnectorAddress(215)) - HTTP server of HDDSDATANODE is listening at http://0.0.0.0:35200
2019-09-26 15:58:52,039 [main] INFO  impl.MetricsSystemImpl (MetricsSystemImpl.java:init(158)) - HddsDatanode metrics system started (again)
2019-09-26 15:58:52,044 [org.apache.hadoop.util.JvmPauseMonitor$Monitor@14563a59] INFO  util.JvmPauseMonitor (JvmPauseMonitor.java:run(188)) - Starting JVM pause monitor
2019-09-26 15:58:52,044 [main] INFO  ozone.HddsDatanodeService (HddsDatanodeService.java:start(184)) - HddsDatanodeService host:pr-hdds-2162-htzpk-1451759861 ip:192.168.157.234
2019-09-26 15:58:52,048 [Datanode State Machine Thread - 0] INFO  datanode.InitDatanodeState (InitDatanodeState.java:persistContainerDatanodeDetails(140)) - DatanodeDetails is persisted to /workdir/hadoop-ozone/integration-test/target/test-dir/MiniOzoneClusterImpl-cc90927b-9788-4d55-bf9d-8c156a856a16/datanode-5/meta/datanode.id
2019-09-26 15:58:52,054 [main] INFO  volume.HddsVolume (HddsVolume.java:<init>(176)) - Creating Volume: /workdir/hadoop-ozone/integration-test/target/test-dir/MiniOzoneClusterImpl-cc90927b-9788-4d55-bf9d-8c156a856a16/datanode-6/data/containers/hdds of  storage type : DISK and capacity : 1482555576320
2019-09-26 15:58:52,056 [main] INFO  volume.VolumeSet (VolumeSet.java:initializeVolumeSet(170)) - Added Volume : /workdir/hadoop-ozone/integration-test/target/test-dir/MiniOzoneClusterImpl-cc90927b-9788-4d55-bf9d-8c156a856a16/datanode-6/data/containers/hdds to VolumeSet
2019-09-26 15:58:52,056 [main] INFO  volume.ThrottledAsyncChecker (ThrottledAsyncChecker.java:schedule(139)) - Scheduling a check for org.apache.hadoop.ozone.container.common.volume.HddsVolume@1a1f5f71
2019-09-26 15:58:52,056 [main] INFO  volume.HddsVolumeChecker (HddsVolumeChecker.java:checkAllVolumes(202)) - Scheduled health check for volume org.apache.hadoop.ozone.container.common.volume.HddsVolume@1a1f5f71
2019-09-26 15:58:52,072 [main] INFO  impl.RaftServerProxy (ConfUtils.java:logGet(43)) - raft.rpc.type = GRPC (default)
2019-09-26 15:58:52,072 [main] INFO  grpc.GrpcFactory (GrpcFactory.java:checkPooledByteBufAllocatorUseCacheForAllThreads(45)) - PERFORMANCE WARNING: useCacheForAllThreads is true that may cause Netty to create a lot garbage objects and, as a result, trigger GC.
	It is recommended to disable useCacheForAllThreads by setting -Dorg.apache.ratis.thirdparty.io.netty.allocator.useCacheForAllThreads=false in command line.
2019-09-26 15:58:52,072 [main] INFO  grpc.GrpcConfigKeys$Server (ConfUtils.java:logGet(43)) - raft.grpc.server.port = 0 (default)
2019-09-26 15:58:52,073 [main] INFO  server.GrpcService (ConfUtils.java:logGet(43)) - raft.grpc.message.size.max = 33570816 (custom)
2019-09-26 15:58:52,073 [main] INFO  server.RaftServerConfigKeys (ConfUtils.java:logGet(43)) - raft.server.log.appender.buffer.byte-limit = 33554432 (custom)
2019-09-26 15:58:52,073 [main] INFO  server.GrpcService (ConfUtils.java:logGet(43)) - raft.grpc.flow.control.window = 1MB (=1048576) (default)
2019-09-26 15:58:52,073 [main] INFO  server.RaftServerConfigKeys (ConfUtils.java:logGet(43)) - raft.server.rpc.request.timeout = 3000ms (default)
2019-09-26 15:58:52,074 [main] INFO  server.RaftServerConfigKeys (ConfUtils.java:logGet(43)) - raft.server.storage.dir = [/workdir/hadoop-ozone/integration-test/target/test-dir/MiniOzoneClusterImpl-cc90927b-9788-4d55-bf9d-8c156a856a16/datanode-6/data/ratis] (custom)
2019-09-26 15:58:52,075 [main] INFO  hdfs.DFSUtil (DFSUtil.java:httpServerTemplateForNNAndJN(1641)) - Starting Web-server for hddsDatanode at: http://0.0.0.0:0
2019-09-26 15:58:52,076 [main] INFO  server.AuthenticationFilter (AuthenticationFilter.java:constructSecretProvider(240)) - Unable to initialize FileSignerSecretProvider, falling back to use random secrets.
2019-09-26 15:58:52,077 [main] WARN  http.HttpRequestLog (HttpRequestLog.java:getRequestLog(97)) - Jetty request log can only be enabled using Log4j
2019-09-26 15:58:52,078 [main] INFO  http.HttpServer2 (HttpServer2.java:addGlobalFilter(975)) - Added global filter 'safety' (class=org.apache.hadoop.http.HttpServer2$QuotingInputFilter)
2019-09-26 15:58:52,079 [main] INFO  http.HttpServer2 (HttpServer2.java:addFilter(948)) - Added filter static_user_filter (class=org.apache.hadoop.http.lib.StaticUserWebFilter$StaticUserFilter) to context hddsDatanode
2019-09-26 15:58:52,079 [main] INFO  http.HttpServer2 (HttpServer2.java:addFilter(958)) - Added filter static_user_filter (class=org.apache.hadoop.http.lib.StaticUserWebFilter$StaticUserFilter) to context static
2019-09-26 15:58:52,079 [main] INFO  http.HttpServer2 (HttpServer2.java:addFilter(958)) - Added filter static_user_filter (class=org.apache.hadoop.http.lib.StaticUserWebFilter$StaticUserFilter) to context logs
2019-09-26 15:58:52,080 [main] INFO  http.HttpServer2 (HttpServer2.java:bindListener(1191)) - Jetty bound to port 39385
2019-09-26 15:58:52,080 [main] INFO  server.Server (Server.java:doStart(351)) - jetty-9.3.25.v20180904, build timestamp: 2018-09-04T21:11:46Z, git hash: 3ce520221d0240229c862b122d2b06c12a625732
2019-09-26 15:58:52,082 [main] INFO  handler.ContextHandler (ContextHandler.java:doStart(781)) - Started o.e.j.s.ServletContextHandler@6edf29c1{/logs,file:///workdir/hadoop-ozone/integration-test/target/log,AVAILABLE}
2019-09-26 15:58:52,083 [main] INFO  handler.ContextHandler (ContextHandler.java:doStart(781)) - Started o.e.j.s.ServletContextHandler@66b59b7d{/static,jar:file:/home/user/.m2/repository/org/apache/hadoop/hadoop-hdds-container-service/0.5.0-SNAPSHOT/hadoop-hdds-container-service-0.5.0-SNAPSHOT.jar!/webapps/static,AVAILABLE}
2019-09-26 15:58:52,111 [main] INFO  handler.ContextHandler (ContextHandler.java:doStart(781)) - Started o.e.j.w.WebAppContext@57272109{/,file:///tmp/jetty-0.0.0.0-39385-hddsDatanode-_-any-2169322422495615656.dir/webapp/,AVAILABLE}{/hddsDatanode}
2019-09-26 15:58:52,112 [main] INFO  server.AbstractConnector (AbstractConnector.java:doStart(278)) - Started ServerConnector@59696551{HTTP/1.1,[http/1.1]}{0.0.0.0:39385}
2019-09-26 15:58:52,112 [main] INFO  server.Server (Server.java:doStart(419)) - Started @6068ms
2019-09-26 15:58:52,112 [main] WARN  impl.MetricsSystemImpl (MetricsSystemImpl.java:register(276)) - Sink prometheus already exists!
2019-09-26 15:58:52,113 [main] INFO  server.BaseHttpServer (BaseHttpServer.java:updateConnectorAddress(215)) - HTTP server of HDDSDATANODE is listening at http://0.0.0.0:39385
2019-09-26 15:58:52,116 [main] INFO  ozone.MiniOzoneClusterImpl (MiniOzoneClusterImpl.java:lambda$waitForClusterToBeReady$0(147)) - Waiting for cluster to be ready. Got 0 of 7 DN Heartbeats.
2019-09-26 15:58:52,117 [org.apache.hadoop.util.JvmPauseMonitor$Monitor@5ab2435a] INFO  util.JvmPauseMonitor (JvmPauseMonitor.java:run(188)) - Starting JVM pause monitor
2019-09-26 15:58:52,120 [Datanode State Machine Thread - 0] INFO  datanode.InitDatanodeState (InitDatanodeState.java:persistContainerDatanodeDetails(140)) - DatanodeDetails is persisted to /workdir/hadoop-ozone/integration-test/target/test-dir/MiniOzoneClusterImpl-cc90927b-9788-4d55-bf9d-8c156a856a16/datanode-6/meta/datanode.id
2019-09-26 15:58:53,116 [main] INFO  ozone.MiniOzoneClusterImpl (MiniOzoneClusterImpl.java:lambda$waitForClusterToBeReady$0(147)) - Waiting for cluster to be ready. Got 0 of 7 DN Heartbeats.
2019-09-26 15:58:53,724 [Datanode State Machine Thread - 0] INFO  ozoneimpl.OzoneContainer (OzoneContainer.java:start(217)) - Attempting to start container services.
2019-09-26 15:58:53,727 [Datanode State Machine Thread - 0] INFO  ozoneimpl.OzoneContainer (OzoneContainer.java:startContainerScrub(179)) - Background container scanner has been disabled.
2019-09-26 15:58:53,727 [Datanode State Machine Thread - 0] INFO  ratis.XceiverServerRatis (XceiverServerRatis.java:start(411)) - Starting XceiverServerRatis f133cb17-324a-49b7-a0dd-425bb032eccb at port 0
2019-09-26 15:58:53,755 [Datanode State Machine Thread - 0] INFO  impl.RaftServerProxy (RaftServerProxy.java:lambda$start$3(299)) - f133cb17-324a-49b7-a0dd-425bb032eccb: start RPC server
2019-09-26 15:58:53,757 [Datanode State Machine Thread - 0] INFO  ozoneimpl.OzoneContainer (OzoneContainer.java:start(217)) - Attempting to start container services.
2019-09-26 15:58:53,764 [Datanode State Machine Thread - 0] INFO  ozoneimpl.OzoneContainer (OzoneContainer.java:startContainerScrub(179)) - Background container scanner has been disabled.
2019-09-26 15:58:53,764 [Datanode State Machine Thread - 0] INFO  ratis.XceiverServerRatis (XceiverServerRatis.java:start(411)) - Starting XceiverServerRatis 72b5c033-f1d7-4ec2-94c9-edc10ba65d6d at port 0
2019-09-26 15:58:53,774 [Datanode State Machine Thread - 0] INFO  impl.RaftServerProxy (RaftServerProxy.java:lambda$start$3(299)) - 72b5c033-f1d7-4ec2-94c9-edc10ba65d6d: start RPC server
2019-09-26 15:58:53,832 [Datanode State Machine Thread - 0] INFO  ozoneimpl.OzoneContainer (OzoneContainer.java:start(217)) - Attempting to start container services.
2019-09-26 15:58:53,838 [Datanode State Machine Thread - 0] INFO  ozoneimpl.OzoneContainer (OzoneContainer.java:startContainerScrub(179)) - Background container scanner has been disabled.
2019-09-26 15:58:53,838 [Datanode State Machine Thread - 0] INFO  ratis.XceiverServerRatis (XceiverServerRatis.java:start(411)) - Starting XceiverServerRatis c16f8f41-3eb5-47da-89d5-23b9f4bc14e7 at port 0
2019-09-26 15:58:53,849 [Datanode State Machine Thread - 0] INFO  impl.RaftServerProxy (RaftServerProxy.java:lambda$start$3(299)) - c16f8f41-3eb5-47da-89d5-23b9f4bc14e7: start RPC server
2019-09-26 15:58:53,904 [Datanode State Machine Thread - 0] INFO  ozoneimpl.OzoneContainer (OzoneContainer.java:start(217)) - Attempting to start container services.
2019-09-26 15:58:53,906 [Datanode State Machine Thread - 0] INFO  ozoneimpl.OzoneContainer (OzoneContainer.java:startContainerScrub(179)) - Background container scanner has been disabled.
2019-09-26 15:58:53,906 [Datanode State Machine Thread - 0] INFO  ratis.XceiverServerRatis (XceiverServerRatis.java:start(411)) - Starting XceiverServerRatis 531ce5b0-66ed-4449-a691-14fda0eca003 at port 0
2019-09-26 15:58:53,925 [Datanode State Machine Thread - 0] INFO  impl.RaftServerProxy (RaftServerProxy.java:lambda$start$3(299)) - 531ce5b0-66ed-4449-a691-14fda0eca003: start RPC server
2019-09-26 15:58:53,942 [Datanode State Machine Thread - 0] INFO  server.GrpcService (GrpcService.java:startImpl(158)) - f133cb17-324a-49b7-a0dd-425bb032eccb: GrpcService started, listening on 0.0.0.0/0.0.0.0:43928
2019-09-26 15:58:53,942 [Datanode State Machine Thread - 0] INFO  server.GrpcService (GrpcService.java:startImpl(158)) - 531ce5b0-66ed-4449-a691-14fda0eca003: GrpcService started, listening on 0.0.0.0/0.0.0.0:45725
2019-09-26 15:58:53,942 [Datanode State Machine Thread - 0] INFO  server.GrpcService (GrpcService.java:startImpl(158)) - c16f8f41-3eb5-47da-89d5-23b9f4bc14e7: GrpcService started, listening on 0.0.0.0/0.0.0.0:45714
2019-09-26 15:58:53,942 [Datanode State Machine Thread - 0] INFO  server.GrpcService (GrpcService.java:startImpl(158)) - 72b5c033-f1d7-4ec2-94c9-edc10ba65d6d: GrpcService started, listening on 0.0.0.0/0.0.0.0:37666
2019-09-26 15:58:53,943 [Datanode State Machine Thread - 0] INFO  ratis.XceiverServerRatis (XceiverServerRatis.java:start(421)) - XceiverServerRatis c16f8f41-3eb5-47da-89d5-23b9f4bc14e7 is started using port 45714
2019-09-26 15:58:53,943 [Datanode State Machine Thread - 0] INFO  ratis.XceiverServerRatis (XceiverServerRatis.java:start(421)) - XceiverServerRatis 531ce5b0-66ed-4449-a691-14fda0eca003 is started using port 45725
2019-09-26 15:58:53,943 [Datanode State Machine Thread - 0] INFO  ratis.XceiverServerRatis (XceiverServerRatis.java:start(421)) - XceiverServerRatis f133cb17-324a-49b7-a0dd-425bb032eccb is started using port 43928
2019-09-26 15:58:53,944 [Datanode State Machine Thread - 0] INFO  ratis.XceiverServerRatis (XceiverServerRatis.java:start(421)) - XceiverServerRatis 72b5c033-f1d7-4ec2-94c9-edc10ba65d6d is started using port 37666
2019-09-26 15:58:53,952 [Datanode State Machine Thread - 0] INFO  server.XceiverServerGrpc (XceiverServerGrpc.java:start(149)) - XceiverServerGrpc 72b5c033-f1d7-4ec2-94c9-edc10ba65d6d is started using port 37407
2019-09-26 15:58:53,953 [Datanode State Machine Thread - 0] INFO  server.XceiverServerGrpc (XceiverServerGrpc.java:start(149)) - XceiverServerGrpc c16f8f41-3eb5-47da-89d5-23b9f4bc14e7 is started using port 43467
2019-09-26 15:58:53,952 [Datanode State Machine Thread - 0] INFO  server.XceiverServerGrpc (XceiverServerGrpc.java:start(149)) - XceiverServerGrpc 531ce5b0-66ed-4449-a691-14fda0eca003 is started using port 37682
2019-09-26 15:58:53,952 [Datanode State Machine Thread - 0] INFO  server.XceiverServerGrpc (XceiverServerGrpc.java:start(149)) - XceiverServerGrpc f133cb17-324a-49b7-a0dd-425bb032eccb is started using port 44911
2019-09-26 15:58:53,985 [Datanode State Machine Thread - 0] INFO  ozoneimpl.OzoneContainer (OzoneContainer.java:start(217)) - Attempting to start container services.
2019-09-26 15:58:53,985 [Datanode State Machine Thread - 0] INFO  ozoneimpl.OzoneContainer (OzoneContainer.java:startContainerScrub(179)) - Background container scanner has been disabled.
2019-09-26 15:58:53,985 [Datanode State Machine Thread - 0] INFO  ratis.XceiverServerRatis (XceiverServerRatis.java:start(411)) - Starting XceiverServerRatis 46167d95-d80a-4b08-b2a5-664081495ac0 at port 0
2019-09-26 15:58:53,993 [Datanode State Machine Thread - 0] INFO  impl.RaftServerProxy (RaftServerProxy.java:lambda$start$3(299)) - 46167d95-d80a-4b08-b2a5-664081495ac0: start RPC server
2019-09-26 15:58:53,996 [Datanode State Machine Thread - 0] INFO  server.GrpcService (GrpcService.java:startImpl(158)) - 46167d95-d80a-4b08-b2a5-664081495ac0: GrpcService started, listening on 0.0.0.0/0.0.0.0:37564
2019-09-26 15:58:53,996 [Datanode State Machine Thread - 0] INFO  ratis.XceiverServerRatis (XceiverServerRatis.java:start(421)) - XceiverServerRatis 46167d95-d80a-4b08-b2a5-664081495ac0 is started using port 37564
2019-09-26 15:58:53,999 [Datanode State Machine Thread - 0] INFO  server.XceiverServerGrpc (XceiverServerGrpc.java:start(149)) - XceiverServerGrpc 46167d95-d80a-4b08-b2a5-664081495ac0 is started using port 43468
2019-09-26 15:58:54,061 [Datanode State Machine Thread - 0] INFO  ozoneimpl.OzoneContainer (OzoneContainer.java:start(217)) - Attempting to start container services.
2019-09-26 15:58:54,061 [Datanode State Machine Thread - 0] INFO  ozoneimpl.OzoneContainer (OzoneContainer.java:startContainerScrub(179)) - Background container scanner has been disabled.
2019-09-26 15:58:54,061 [Datanode State Machine Thread - 0] INFO  ratis.XceiverServerRatis (XceiverServerRatis.java:start(411)) - Starting XceiverServerRatis c7167ead-7a9c-4e16-bf2a-ea12ed09b37e at port 0
2019-09-26 15:58:54,068 [Datanode State Machine Thread - 0] INFO  impl.RaftServerProxy (RaftServerProxy.java:lambda$start$3(299)) - c7167ead-7a9c-4e16-bf2a-ea12ed09b37e: start RPC server
2019-09-26 15:58:54,072 [Datanode State Machine Thread - 0] INFO  server.GrpcService (GrpcService.java:startImpl(158)) - c7167ead-7a9c-4e16-bf2a-ea12ed09b37e: GrpcService started, listening on 0.0.0.0/0.0.0.0:33739
2019-09-26 15:58:54,072 [Datanode State Machine Thread - 0] INFO  ratis.XceiverServerRatis (XceiverServerRatis.java:start(421)) - XceiverServerRatis c7167ead-7a9c-4e16-bf2a-ea12ed09b37e is started using port 33739
2019-09-26 15:58:54,076 [Datanode State Machine Thread - 0] INFO  server.XceiverServerGrpc (XceiverServerGrpc.java:start(149)) - XceiverServerGrpc c7167ead-7a9c-4e16-bf2a-ea12ed09b37e is started using port 35448
2019-09-26 15:58:54,118 [main] INFO  ozone.MiniOzoneClusterImpl (MiniOzoneClusterImpl.java:lambda$waitForClusterToBeReady$0(147)) - Waiting for cluster to be ready. Got 0 of 7 DN Heartbeats.
2019-09-26 15:58:54,133 [Datanode State Machine Thread - 0] INFO  ozoneimpl.OzoneContainer (OzoneContainer.java:start(217)) - Attempting to start container services.
2019-09-26 15:58:54,134 [Datanode State Machine Thread - 0] INFO  ozoneimpl.OzoneContainer (OzoneContainer.java:startContainerScrub(179)) - Background container scanner has been disabled.
2019-09-26 15:58:54,134 [Datanode State Machine Thread - 0] INFO  ratis.XceiverServerRatis (XceiverServerRatis.java:start(411)) - Starting XceiverServerRatis 3592649d-296e-49cb-9cdc-4bedca6b1b14 at port 0
2019-09-26 15:58:54,143 [Datanode State Machine Thread - 0] INFO  impl.RaftServerProxy (RaftServerProxy.java:lambda$start$3(299)) - 3592649d-296e-49cb-9cdc-4bedca6b1b14: start RPC server
2019-09-26 15:58:54,148 [Datanode State Machine Thread - 0] INFO  server.GrpcService (GrpcService.java:startImpl(158)) - 3592649d-296e-49cb-9cdc-4bedca6b1b14: GrpcService started, listening on 0.0.0.0/0.0.0.0:38338
2019-09-26 15:58:54,148 [Datanode State Machine Thread - 0] INFO  ratis.XceiverServerRatis (XceiverServerRatis.java:start(421)) - XceiverServerRatis 3592649d-296e-49cb-9cdc-4bedca6b1b14 is started using port 38338
2019-09-26 15:58:54,153 [Datanode State Machine Thread - 0] INFO  server.XceiverServerGrpc (XceiverServerGrpc.java:start(149)) - XceiverServerGrpc 3592649d-296e-49cb-9cdc-4bedca6b1b14 is started using port 35532
2019-09-26 15:58:55,119 [main] INFO  ozone.MiniOzoneClusterImpl (MiniOzoneClusterImpl.java:lambda$waitForClusterToBeReady$0(147)) - Waiting for cluster to be ready. Got 0 of 7 DN Heartbeats.
2019-09-26 15:58:55,707 [IPC Server handler 2 on 34800] INFO  net.NetworkTopology (NetworkTopologyImpl.java:add(111)) - Added a new node: /default-rack/f133cb17-324a-49b7-a0dd-425bb032eccb
2019-09-26 15:58:55,707 [IPC Server handler 2 on 34800] INFO  node.SCMNodeManager (SCMNodeManager.java:register(266)) - Registered Data node : f133cb17-324a-49b7-a0dd-425bb032eccb{ip: 192.168.157.234, host: pr-hdds-2162-htzpk-1451759861, networkLocation: /default-rack, certSerialId: null}
2019-09-26 15:58:55,713 [EventQueue-NodeRegistrationContainerReportForDataNodeSafeModeRule] INFO  safemode.SCMSafeModeManager (DataNodeSafeModeRule.java:process(71)) - SCM in safe mode. 1 DataNodes registered, 1 required.
2019-09-26 15:58:55,713 [EventQueue-NodeRegistrationContainerReportForDataNodeSafeModeRule] INFO  safemode.SCMSafeModeManager (SCMSafeModeManager.java:validateSafeModeExitRules(177)) - ScmSafeModeManager, all rules are successfully validated
2019-09-26 15:58:55,713 [EventQueue-NodeRegistrationContainerReportForDataNodeSafeModeRule] INFO  safemode.SCMSafeModeManager (SCMSafeModeManager.java:exitSafeMode(193)) - SCM exiting safe mode.
2019-09-26 15:58:55,740 [IPC Server handler 3 on 34800] INFO  net.NetworkTopology (NetworkTopologyImpl.java:add(111)) - Added a new node: /default-rack/72b5c033-f1d7-4ec2-94c9-edc10ba65d6d
2019-09-26 15:58:55,740 [IPC Server handler 3 on 34800] INFO  node.SCMNodeManager (SCMNodeManager.java:register(266)) - Registered Data node : 72b5c033-f1d7-4ec2-94c9-edc10ba65d6d{ip: 192.168.157.234, host: pr-hdds-2162-htzpk-1451759861, networkLocation: /default-rack, certSerialId: null}
2019-09-26 15:58:55,817 [IPC Server handler 4 on 34800] INFO  net.NetworkTopology (NetworkTopologyImpl.java:add(111)) - Added a new node: /default-rack/c16f8f41-3eb5-47da-89d5-23b9f4bc14e7
2019-09-26 15:58:55,818 [IPC Server handler 4 on 34800] INFO  node.SCMNodeManager (SCMNodeManager.java:register(266)) - Registered Data node : c16f8f41-3eb5-47da-89d5-23b9f4bc14e7{ip: 192.168.157.234, host: pr-hdds-2162-htzpk-1451759861, networkLocation: /default-rack, certSerialId: null}
2019-09-26 15:58:55,892 [IPC Server handler 5 on 34800] INFO  net.NetworkTopology (NetworkTopologyImpl.java:add(111)) - Added a new node: /default-rack/531ce5b0-66ed-4449-a691-14fda0eca003
2019-09-26 15:58:55,892 [IPC Server handler 5 on 34800] INFO  node.SCMNodeManager (SCMNodeManager.java:register(266)) - Registered Data node : 531ce5b0-66ed-4449-a691-14fda0eca003{ip: 192.168.157.234, host: pr-hdds-2162-htzpk-1451759861, networkLocation: /default-rack, certSerialId: null}
2019-09-26 15:58:55,972 [IPC Server handler 6 on 34800] INFO  net.NetworkTopology (NetworkTopologyImpl.java:add(111)) - Added a new node: /default-rack/46167d95-d80a-4b08-b2a5-664081495ac0
2019-09-26 15:58:55,973 [IPC Server handler 6 on 34800] INFO  node.SCMNodeManager (SCMNodeManager.java:register(266)) - Registered Data node : 46167d95-d80a-4b08-b2a5-664081495ac0{ip: 192.168.157.234, host: pr-hdds-2162-htzpk-1451759861, networkLocation: /default-rack, certSerialId: null}
2019-09-26 15:58:56,048 [IPC Server handler 1 on 34800] INFO  net.NetworkTopology (NetworkTopologyImpl.java:add(111)) - Added a new node: /default-rack/c7167ead-7a9c-4e16-bf2a-ea12ed09b37e
2019-09-26 15:58:56,048 [IPC Server handler 1 on 34800] INFO  node.SCMNodeManager (SCMNodeManager.java:register(266)) - Registered Data node : c7167ead-7a9c-4e16-bf2a-ea12ed09b37e{ip: 192.168.157.234, host: pr-hdds-2162-htzpk-1451759861, networkLocation: /default-rack, certSerialId: null}
2019-09-26 15:58:56,120 [IPC Server handler 2 on 34800] INFO  net.NetworkTopology (NetworkTopologyImpl.java:add(111)) - Added a new node: /default-rack/3592649d-296e-49cb-9cdc-4bedca6b1b14
2019-09-26 15:58:56,120 [main] INFO  ozone.MiniOzoneClusterImpl (MiniOzoneClusterImpl.java:lambda$waitForClusterToBeReady$0(147)) - Cluster is ready. Got 7 of 7 DN Heartbeats.
2019-09-26 15:58:56,120 [IPC Server handler 2 on 34800] INFO  node.SCMNodeManager (SCMNodeManager.java:register(266)) - Registered Data node : 3592649d-296e-49cb-9cdc-4bedca6b1b14{ip: 192.168.157.234, host: pr-hdds-2162-htzpk-1451759861, networkLocation: /default-rack, certSerialId: null}
2019-09-26 15:58:56,252 [grpc-default-executor-0] INFO  impl.RaftServerProxy (RaftServerProxy.java:addNew(89)) - f133cb17-324a-49b7-a0dd-425bb032eccb: addNew group-93975E2EAA4A:[f133cb17-324a-49b7-a0dd-425bb032eccb:192.168.157.234:43928] returns group-93975E2EAA4A:java.util.concurrent.CompletableFuture@6e6353a7[Not completed]
2019-09-26 15:58:56,277 [pool-27-thread-1] INFO  impl.RaftServerImpl (RaftServerImpl.java:<init>(95)) - f133cb17-324a-49b7-a0dd-425bb032eccb: new RaftServerImpl for group-93975E2EAA4A:[f133cb17-324a-49b7-a0dd-425bb032eccb:192.168.157.234:43928] with ContainerStateMachine:uninitialized
2019-09-26 15:58:56,279 [pool-27-thread-1] INFO  server.RaftServerConfigKeys (ConfUtils.java:logGet(43)) - raft.server.rpc.timeout.min = 5s (custom)
2019-09-26 15:58:56,281 [pool-27-thread-1] INFO  server.RaftServerConfigKeys (ConfUtils.java:logGet(43)) - raft.server.rpc.timeout.max = 5200ms (custom)
2019-09-26 15:58:56,281 [pool-27-thread-1] INFO  server.RaftServerConfigKeys (ConfUtils.java:logGet(43)) - raft.server.rpcslowness.timeout = 120s (custom)
2019-09-26 15:58:56,282 [pool-27-thread-1] INFO  server.RaftServerConfigKeys (ConfUtils.java:logGet(43)) - raft.server.sleep.deviation.threshold = 300 (default)
2019-09-26 15:58:56,283 [pool-27-thread-1] INFO  server.RaftServerConfigKeys (ConfUtils.java:logGet(43)) - raft.server.log.appender.install.snapshot.enabled = false (custom)
2019-09-26 15:58:56,292 [pool-27-thread-1] INFO  impl.RaftServerImpl (ServerState.java:<init>(103)) - f133cb17-324a-49b7-a0dd-425bb032eccb@group-93975E2EAA4A: ConfigurationManager, init=-1: [f133cb17-324a-49b7-a0dd-425bb032eccb:192.168.157.234:43928], old=null, confs=<EMPTY_MAP>
2019-09-26 15:58:56,292 [pool-27-thread-1] INFO  server.RaftServerConfigKeys (ConfUtils.java:logGet(43)) - raft.server.storage.dir = [/workdir/hadoop-ozone/integration-test/target/test-dir/MiniOzoneClusterImpl-cc90927b-9788-4d55-bf9d-8c156a856a16/datanode-0/data/ratis] (custom)
2019-09-26 15:58:56,300 [pool-27-thread-1] INFO  storage.RaftStorageDirectory (RaftStorageDirectory.java:analyzeStorage(246)) - The storage directory /workdir/hadoop-ozone/integration-test/target/test-dir/MiniOzoneClusterImpl-cc90927b-9788-4d55-bf9d-8c156a856a16/datanode-0/data/ratis/2185cbce-3d0d-478d-bb4a-93975e2eaa4a does not exist. Creating ...
2019-09-26 15:58:56,328 [pool-27-thread-1] INFO  storage.RaftStorageDirectory (RaftStorageDirectory.java:tryLock(328)) - Lock on /workdir/hadoop-ozone/integration-test/target/test-dir/MiniOzoneClusterImpl-cc90927b-9788-4d55-bf9d-8c156a856a16/datanode-0/data/ratis/2185cbce-3d0d-478d-bb4a-93975e2eaa4a/in_use.lock acquired by nodename 28844@pr-hdds-2162-htzpk-1451759861
2019-09-26 15:58:56,354 [pool-27-thread-1] INFO  storage.RaftStorage (RaftStorage.java:format(72)) - Storage directory /workdir/hadoop-ozone/integration-test/target/test-dir/MiniOzoneClusterImpl-cc90927b-9788-4d55-bf9d-8c156a856a16/datanode-0/data/ratis/2185cbce-3d0d-478d-bb4a-93975e2eaa4a has been successfully formatted.
2019-09-26 15:58:56,356 [pool-27-thread-1] INFO  ratis.ContainerStateMachine (ContainerStateMachine.java:loadSnapshot(230)) - group-93975E2EAA4A: The snapshot info is null. Setting the last applied indexto:(t:0, i:~)
2019-09-26 15:58:56,357 [pool-27-thread-1] INFO  server.RaftServerConfigKeys (ConfUtils.java:logGet(43)) - raft.server.notification.no-leader.timeout = 120s (custom)
2019-09-26 15:58:56,359 [pool-27-thread-1] INFO  server.RaftServerConfigKeys (ConfUtils.java:logGet(43)) - raft.server.log.use.memory = false (default)
2019-09-26 15:58:56,365 [pool-27-thread-1] INFO  server.RaftServerConfigKeys (ConfUtils.java:logGet(43)) - raft.server.log.purge.gap = 1000000 (custom)
2019-09-26 15:58:56,365 [pool-27-thread-1] INFO  server.RaftServerConfigKeys (ConfUtils.java:logGet(43)) - raft.server.log.appender.buffer.byte-limit = 33554432 (custom)
2019-09-26 15:58:56,368 [pool-27-thread-1] INFO  server.RaftServerConfigKeys (ConfUtils.java:logGet(43)) - raft.server.log.segment.size.max = 1048576 (custom)
2019-09-26 15:58:56,373 [pool-27-thread-1] INFO  server.RaftServerConfigKeys (ConfUtils.java:logGet(43)) - raft.server.log.segment.cache.num.max = 2 (custom)
2019-09-26 15:58:56,378 [pool-27-thread-1] INFO  segmented.SegmentedRaftLogWorker (SegmentedRaftLogWorker.java:<init>(172)) - new f133cb17-324a-49b7-a0dd-425bb032eccb@group-93975E2EAA4A-SegmentedRaftLogWorker for RaftStorage:Storage Directory /workdir/hadoop-ozone/integration-test/target/test-dir/MiniOzoneClusterImpl-cc90927b-9788-4d55-bf9d-8c156a856a16/datanode-0/data/ratis/2185cbce-3d0d-478d-bb4a-93975e2eaa4a
2019-09-26 15:58:56,380 [pool-27-thread-1] INFO  impl.MetricsSystemImpl (MetricsSystemImpl.java:init(158)) - ratis metrics system started (again)
2019-09-26 15:58:56,386 [pool-27-thread-1] INFO  metrics.MetricRegistries (MetricRegistriesLoader.java:load(64)) - Loaded MetricRegistries class org.apache.ratis.metrics.impl.MetricRegistriesImpl
2019-09-26 15:58:56,414 [pool-27-thread-1] INFO  server.RaftServerConfigKeys (ConfUtils.java:logGet(43)) - raft.server.log.queue.byte-limit = 2147483647 (custom)
2019-09-26 15:58:56,415 [pool-27-thread-1] INFO  server.RaftServerConfigKeys (ConfUtils.java:logGet(43)) - raft.server.log.queue.element-limit = 1024 (custom)
2019-09-26 15:58:56,418 [pool-27-thread-1] INFO  server.RaftServerConfigKeys (ConfUtils.java:logGet(43)) - raft.server.log.segment.size.max = 1048576 (custom)
2019-09-26 15:58:56,418 [pool-27-thread-1] INFO  server.RaftServerConfigKeys (ConfUtils.java:logGet(43)) - raft.server.log.preallocated.size = 16384 (custom)
2019-09-26 15:58:56,418 [pool-27-thread-1] INFO  server.RaftServerConfigKeys (ConfUtils.java:logGet(43)) - raft.server.log.write.buffer.size = 33554432 (custom)
2019-09-26 15:58:56,419 [pool-27-thread-1] INFO  server.RaftServerConfigKeys (ConfUtils.java:logGet(43)) - raft.server.log.force.sync.num = 128 (default)
2019-09-26 15:58:56,420 [pool-27-thread-1] INFO  server.RaftServerConfigKeys (ConfUtils.java:logGet(43)) - raft.server.log.statemachine.data.sync = true (default)
2019-09-26 15:58:56,420 [pool-27-thread-1] INFO  server.RaftServerConfigKeys (ConfUtils.java:logGet(43)) - raft.server.log.statemachine.data.sync.timeout = 10s (default)
2019-09-26 15:58:56,420 [pool-27-thread-1] INFO  server.RaftServerConfigKeys (ConfUtils.java:logGet(43)) - raft.server.log.statemachine.data.sync.timeout.retry = -1 (default)
2019-09-26 15:58:56,428 [pool-27-thread-1] INFO  server.RaftServerConfigKeys (ConfUtils.java:logGet(43)) - raft.server.log.statemachine.data.caching.enabled = true (custom)
2019-09-26 15:58:56,433 [pool-27-thread-1] INFO  segmented.SegmentedRaftLogWorker (SegmentedRaftLogWorker.java:lambda$new$0(132)) - f133cb17-324a-49b7-a0dd-425bb032eccb@group-93975E2EAA4A-SegmentedRaftLogWorker: flushIndex: setUnconditionally 0 -> -1
2019-09-26 15:58:56,437 [pool-27-thread-1] INFO  server.RaftServerConfigKeys (ConfUtils.java:logGet(43)) - raft.server.snapshot.auto.trigger.enabled = true (custom)
2019-09-26 15:58:56,438 [pool-27-thread-1] INFO  server.RaftServerConfigKeys (ConfUtils.java:logGet(43)) - raft.server.snapshot.auto.trigger.threshold = 10000 (custom)
2019-09-26 15:58:56,438 [pool-27-thread-1] INFO  server.RaftServerConfigKeys (ConfUtils.java:logGet(43)) - raft.server.snapshot.retention.num.files = 5 (custom)
2019-09-26 15:58:56,438 [pool-27-thread-1] INFO  server.RaftServerConfigKeys (ConfUtils.java:logGet(43)) - raft.server.retrycache.expirytime = 600000ms (custom)
2019-09-26 15:58:56,462 [pool-27-thread-1] INFO  impl.RaftServerImpl (RaftServerImpl.java:start(185)) - f133cb17-324a-49b7-a0dd-425bb032eccb@group-93975E2EAA4A: start as a follower, conf=-1: [f133cb17-324a-49b7-a0dd-425bb032eccb:192.168.157.234:43928], old=null
2019-09-26 15:58:56,463 [pool-27-thread-1] INFO  impl.RaftServerImpl (RaftServerImpl.java:setRole(174)) - f133cb17-324a-49b7-a0dd-425bb032eccb@group-93975E2EAA4A: changes role from      null to FOLLOWER at term 0 for startAsFollower
2019-09-26 15:58:56,464 [pool-27-thread-1] INFO  impl.RoleInfo (RoleInfo.java:updateAndGet(143)) - f133cb17-324a-49b7-a0dd-425bb032eccb: start FollowerState
2019-09-26 15:58:56,466 [pool-27-thread-1] INFO  util.JmxRegister (JmxRegister.java:tryRegister(44)) - Successfully registered JMX Bean with object name Ratis:service=RaftServer,group=group-93975E2EAA4A,id=f133cb17-324a-49b7-a0dd-425bb032eccb
2019-09-26 15:58:56,533 [RatisPipelineUtilsThread] INFO  pipeline.PipelineStateManager (PipelineStateManager.java:addPipeline(56)) - Created pipeline Pipeline[ Id: 2185cbce-3d0d-478d-bb4a-93975e2eaa4a, Nodes: f133cb17-324a-49b7-a0dd-425bb032eccb{ip: 192.168.157.234, host: pr-hdds-2162-htzpk-1451759861, networkLocation: /default-rack, certSerialId: null}, Type:RATIS, Factor:ONE, State:OPEN]
2019-09-26 15:58:56,569 [grpc-default-executor-0] INFO  impl.RaftServerProxy (RaftServerProxy.java:addNew(89)) - 72b5c033-f1d7-4ec2-94c9-edc10ba65d6d: addNew group-69698DDF0AD1:[72b5c033-f1d7-4ec2-94c9-edc10ba65d6d:192.168.157.234:37666] returns group-69698DDF0AD1:java.util.concurrent.CompletableFuture@7d6764fa[Not completed]
2019-09-26 15:58:56,634 [pool-37-thread-1] INFO  impl.RaftServerImpl (RaftServerImpl.java:<init>(95)) - 72b5c033-f1d7-4ec2-94c9-edc10ba65d6d: new RaftServerImpl for group-69698DDF0AD1:[72b5c033-f1d7-4ec2-94c9-edc10ba65d6d:192.168.157.234:37666] with ContainerStateMachine:uninitialized
2019-09-26 15:58:56,636 [pool-37-thread-1] INFO  server.RaftServerConfigKeys (ConfUtils.java:logGet(43)) - raft.server.rpc.timeout.min = 5s (custom)
2019-09-26 15:58:56,636 [pool-37-thread-1] INFO  server.RaftServerConfigKeys (ConfUtils.java:logGet(43)) - raft.server.rpc.timeout.max = 5200ms (custom)
2019-09-26 15:58:56,636 [pool-37-thread-1] INFO  server.RaftServerConfigKeys (ConfUtils.java:logGet(43)) - raft.server.rpcslowness.timeout = 120s (custom)
2019-09-26 15:58:56,636 [pool-37-thread-1] INFO  server.RaftServerConfigKeys (ConfUtils.java:logGet(43)) - raft.server.sleep.deviation.threshold = 300 (default)
2019-09-26 15:58:56,636 [pool-37-thread-1] INFO  server.RaftServerConfigKeys (ConfUtils.java:logGet(43)) - raft.server.log.appender.install.snapshot.enabled = false (custom)
2019-09-26 15:58:56,637 [pool-37-thread-1] INFO  impl.RaftServerImpl (ServerState.java:<init>(103)) - 72b5c033-f1d7-4ec2-94c9-edc10ba65d6d@group-69698DDF0AD1: ConfigurationManager, init=-1: [72b5c033-f1d7-4ec2-94c9-edc10ba65d6d:192.168.157.234:37666], old=null, confs=<EMPTY_MAP>
2019-09-26 15:58:56,637 [pool-37-thread-1] INFO  server.RaftServerConfigKeys (ConfUtils.java:logGet(43)) - raft.server.storage.dir = [/workdir/hadoop-ozone/integration-test/target/test-dir/MiniOzoneClusterImpl-cc90927b-9788-4d55-bf9d-8c156a856a16/datanode-1/data/ratis] (custom)
2019-09-26 15:58:56,637 [pool-37-thread-1] INFO  storage.RaftStorageDirectory (RaftStorageDirectory.java:analyzeStorage(246)) - The storage directory /workdir/hadoop-ozone/integration-test/target/test-dir/MiniOzoneClusterImpl-cc90927b-9788-4d55-bf9d-8c156a856a16/datanode-1/data/ratis/973c46a6-1608-4103-8c47-69698ddf0ad1 does not exist. Creating ...
2019-09-26 15:58:56,653 [pool-37-thread-1] INFO  storage.RaftStorageDirectory (RaftStorageDirectory.java:tryLock(328)) - Lock on /workdir/hadoop-ozone/integration-test/target/test-dir/MiniOzoneClusterImpl-cc90927b-9788-4d55-bf9d-8c156a856a16/datanode-1/data/ratis/973c46a6-1608-4103-8c47-69698ddf0ad1/in_use.lock acquired by nodename 28844@pr-hdds-2162-htzpk-1451759861
2019-09-26 15:58:56,666 [pool-37-thread-1] INFO  storage.RaftStorage (RaftStorage.java:format(72)) - Storage directory /workdir/hadoop-ozone/integration-test/target/test-dir/MiniOzoneClusterImpl-cc90927b-9788-4d55-bf9d-8c156a856a16/datanode-1/data/ratis/973c46a6-1608-4103-8c47-69698ddf0ad1 has been successfully formatted.
2019-09-26 15:58:56,668 [pool-37-thread-1] INFO  ratis.ContainerStateMachine (ContainerStateMachine.java:loadSnapshot(230)) - group-69698DDF0AD1: The snapshot info is null. Setting the last applied indexto:(t:0, i:~)
2019-09-26 15:58:56,670 [pool-37-thread-1] INFO  server.RaftServerConfigKeys (ConfUtils.java:logGet(43)) - raft.server.notification.no-leader.timeout = 120s (custom)
2019-09-26 15:58:56,670 [pool-37-thread-1] INFO  server.RaftServerConfigKeys (ConfUtils.java:logGet(43)) - raft.server.log.use.memory = false (default)
2019-09-26 15:58:56,670 [pool-37-thread-1] INFO  server.RaftServerConfigKeys (ConfUtils.java:logGet(43)) - raft.server.log.purge.gap = 1000000 (custom)
2019-09-26 15:58:56,670 [pool-37-thread-1] INFO  server.RaftServerConfigKeys (ConfUtils.java:logGet(43)) - raft.server.log.appender.buffer.byte-limit = 33554432 (custom)
2019-09-26 15:58:56,670 [pool-37-thread-1] INFO  server.RaftServerConfigKeys (ConfUtils.java:logGet(43)) - raft.server.log.segment.size.max = 1048576 (custom)
2019-09-26 15:58:56,671 [pool-37-thread-1] INFO  server.RaftServerConfigKeys (ConfUtils.java:logGet(43)) - raft.server.log.segment.cache.num.max = 2 (custom)
2019-09-26 15:58:56,671 [pool-37-thread-1] INFO  segmented.SegmentedRaftLogWorker (SegmentedRaftLogWorker.java:<init>(172)) - new 72b5c033-f1d7-4ec2-94c9-edc10ba65d6d@group-69698DDF0AD1-SegmentedRaftLogWorker for RaftStorage:Storage Directory /workdir/hadoop-ozone/integration-test/target/test-dir/MiniOzoneClusterImpl-cc90927b-9788-4d55-bf9d-8c156a856a16/datanode-1/data/ratis/973c46a6-1608-4103-8c47-69698ddf0ad1
2019-09-26 15:58:56,679 [pool-37-thread-1] INFO  server.RaftServerConfigKeys (ConfUtils.java:logGet(43)) - raft.server.log.queue.byte-limit = 2147483647 (custom)
2019-09-26 15:58:56,679 [pool-37-thread-1] INFO  server.RaftServerConfigKeys (ConfUtils.java:logGet(43)) - raft.server.log.queue.element-limit = 1024 (custom)
2019-09-26 15:58:56,680 [pool-37-thread-1] INFO  server.RaftServerConfigKeys (ConfUtils.java:logGet(43)) - raft.server.log.segment.size.max = 1048576 (custom)
2019-09-26 15:58:56,680 [pool-37-thread-1] INFO  server.RaftServerConfigKeys (ConfUtils.java:logGet(43)) - raft.server.log.preallocated.size = 16384 (custom)
2019-09-26 15:58:56,680 [pool-37-thread-1] INFO  server.RaftServerConfigKeys (ConfUtils.java:logGet(43)) - raft.server.log.write.buffer.size = 33554432 (custom)
2019-09-26 15:58:56,680 [pool-37-thread-1] INFO  server.RaftServerConfigKeys (ConfUtils.java:logGet(43)) - raft.server.log.force.sync.num = 128 (default)
2019-09-26 15:58:56,681 [pool-37-thread-1] INFO  server.RaftServerConfigKeys (ConfUtils.java:logGet(43)) - raft.server.log.statemachine.data.sync = true (default)
2019-09-26 15:58:56,681 [pool-37-thread-1] INFO  server.RaftServerConfigKeys (ConfUtils.java:logGet(43)) - raft.server.log.statemachine.data.sync.timeout = 10s (default)
2019-09-26 15:58:56,681 [pool-37-thread-1] INFO  server.RaftServerConfigKeys (ConfUtils.java:logGet(43)) - raft.server.log.statemachine.data.sync.timeout.retry = -1 (default)
2019-09-26 15:58:56,681 [pool-37-thread-1] INFO  server.RaftServerConfigKeys (ConfUtils.java:logGet(43)) - raft.server.log.statemachine.data.caching.enabled = true (custom)
2019-09-26 15:58:56,682 [pool-37-thread-1] INFO  segmented.SegmentedRaftLogWorker (SegmentedRaftLogWorker.java:lambda$new$0(132)) - 72b5c033-f1d7-4ec2-94c9-edc10ba65d6d@group-69698DDF0AD1-SegmentedRaftLogWorker: flushIndex: setUnconditionally 0 -> -1
2019-09-26 15:58:56,682 [pool-37-thread-1] INFO  server.RaftServerConfigKeys (ConfUtils.java:logGet(43)) - raft.server.snapshot.auto.trigger.enabled = true (custom)
2019-09-26 15:58:56,683 [pool-37-thread-1] INFO  server.RaftServerConfigKeys (ConfUtils.java:logGet(43)) - raft.server.snapshot.auto.trigger.threshold = 10000 (custom)
2019-09-26 15:58:56,683 [pool-37-thread-1] INFO  server.RaftServerConfigKeys (ConfUtils.java:logGet(43)) - raft.server.snapshot.retention.num.files = 5 (custom)
2019-09-26 15:58:56,683 [pool-37-thread-1] INFO  server.RaftServerConfigKeys (ConfUtils.java:logGet(43)) - raft.server.retrycache.expirytime = 600000ms (custom)
2019-09-26 15:58:56,689 [pool-37-thread-1] INFO  impl.RaftServerImpl (RaftServerImpl.java:start(185)) - 72b5c033-f1d7-4ec2-94c9-edc10ba65d6d@group-69698DDF0AD1: start as a follower, conf=-1: [72b5c033-f1d7-4ec2-94c9-edc10ba65d6d:192.168.157.234:37666], old=null
2019-09-26 15:58:56,690 [pool-37-thread-1] INFO  impl.RaftServerImpl (RaftServerImpl.java:setRole(174)) - 72b5c033-f1d7-4ec2-94c9-edc10ba65d6d@group-69698DDF0AD1: changes role from      null to FOLLOWER at term 0 for startAsFollower
2019-09-26 15:58:56,690 [pool-37-thread-1] INFO  impl.RoleInfo (RoleInfo.java:updateAndGet(143)) - 72b5c033-f1d7-4ec2-94c9-edc10ba65d6d: start FollowerState
2019-09-26 15:58:56,692 [pool-37-thread-1] INFO  util.JmxRegister (JmxRegister.java:tryRegister(44)) - Successfully registered JMX Bean with object name Ratis:service=RaftServer,group=group-69698DDF0AD1,id=72b5c033-f1d7-4ec2-94c9-edc10ba65d6d
2019-09-26 15:58:56,706 [RatisPipelineUtilsThread] INFO  pipeline.PipelineStateManager (PipelineStateManager.java:addPipeline(56)) - Created pipeline Pipeline[ Id: 973c46a6-1608-4103-8c47-69698ddf0ad1, Nodes: 72b5c033-f1d7-4ec2-94c9-edc10ba65d6d{ip: 192.168.157.234, host: pr-hdds-2162-htzpk-1451759861, networkLocation: /default-rack, certSerialId: null}, Type:RATIS, Factor:ONE, State:OPEN]
2019-09-26 15:58:56,733 [grpc-default-executor-0] INFO  impl.RaftServerProxy (RaftServerProxy.java:addNew(89)) - 3592649d-296e-49cb-9cdc-4bedca6b1b14: addNew group-F35DEF8D4715:[3592649d-296e-49cb-9cdc-4bedca6b1b14:192.168.157.234:38338] returns group-F35DEF8D4715:java.util.concurrent.CompletableFuture@4b4513c2[Not completed]
2019-09-26 15:58:56,759 [pool-87-thread-1] INFO  impl.RaftServerImpl (RaftServerImpl.java:<init>(95)) - 3592649d-296e-49cb-9cdc-4bedca6b1b14: new RaftServerImpl for group-F35DEF8D4715:[3592649d-296e-49cb-9cdc-4bedca6b1b14:192.168.157.234:38338] with ContainerStateMachine:uninitialized
2019-09-26 15:58:56,760 [pool-87-thread-1] INFO  server.RaftServerConfigKeys (ConfUtils.java:logGet(43)) - raft.server.rpc.timeout.min = 5s (custom)
2019-09-26 15:58:56,760 [pool-87-thread-1] INFO  server.RaftServerConfigKeys (ConfUtils.java:logGet(43)) - raft.server.rpc.timeout.max = 5200ms (custom)
2019-09-26 15:58:56,760 [pool-87-thread-1] INFO  server.RaftServerConfigKeys (ConfUtils.java:logGet(43)) - raft.server.rpcslowness.timeout = 120s (custom)
2019-09-26 15:58:56,760 [pool-87-thread-1] INFO  server.RaftServerConfigKeys (ConfUtils.java:logGet(43)) - raft.server.sleep.deviation.threshold = 300 (default)
2019-09-26 15:58:56,760 [pool-87-thread-1] INFO  server.RaftServerConfigKeys (ConfUtils.java:logGet(43)) - raft.server.log.appender.install.snapshot.enabled = false (custom)
2019-09-26 15:58:56,760 [pool-87-thread-1] INFO  impl.RaftServerImpl (ServerState.java:<init>(103)) - 3592649d-296e-49cb-9cdc-4bedca6b1b14@group-F35DEF8D4715: ConfigurationManager, init=-1: [3592649d-296e-49cb-9cdc-4bedca6b1b14:192.168.157.234:38338], old=null, confs=<EMPTY_MAP>
2019-09-26 15:58:56,761 [pool-87-thread-1] INFO  server.RaftServerConfigKeys (ConfUtils.java:logGet(43)) - raft.server.storage.dir = [/workdir/hadoop-ozone/integration-test/target/test-dir/MiniOzoneClusterImpl-cc90927b-9788-4d55-bf9d-8c156a856a16/datanode-6/data/ratis] (custom)
2019-09-26 15:58:56,761 [pool-87-thread-1] INFO  storage.RaftStorageDirectory (RaftStorageDirectory.java:analyzeStorage(246)) - The storage directory /workdir/hadoop-ozone/integration-test/target/test-dir/MiniOzoneClusterImpl-cc90927b-9788-4d55-bf9d-8c156a856a16/datanode-6/data/ratis/5251135e-767b-452d-8064-f35def8d4715 does not exist. Creating ...
2019-09-26 15:58:56,775 [pool-87-thread-1] INFO  storage.RaftStorageDirectory (RaftStorageDirectory.java:tryLock(328)) - Lock on /workdir/hadoop-ozone/integration-test/target/test-dir/MiniOzoneClusterImpl-cc90927b-9788-4d55-bf9d-8c156a856a16/datanode-6/data/ratis/5251135e-767b-452d-8064-f35def8d4715/in_use.lock acquired by nodename 28844@pr-hdds-2162-htzpk-1451759861
2019-09-26 15:58:56,788 [pool-87-thread-1] INFO  storage.RaftStorage (RaftStorage.java:format(72)) - Storage directory /workdir/hadoop-ozone/integration-test/target/test-dir/MiniOzoneClusterImpl-cc90927b-9788-4d55-bf9d-8c156a856a16/datanode-6/data/ratis/5251135e-767b-452d-8064-f35def8d4715 has been successfully formatted.
2019-09-26 15:58:56,788 [pool-87-thread-1] INFO  ratis.ContainerStateMachine (ContainerStateMachine.java:loadSnapshot(230)) - group-F35DEF8D4715: The snapshot info is null. Setting the last applied indexto:(t:0, i:~)
2019-09-26 15:58:56,789 [pool-87-thread-1] INFO  server.RaftServerConfigKeys (ConfUtils.java:logGet(43)) - raft.server.notification.no-leader.timeout = 120s (custom)
2019-09-26 15:58:56,789 [pool-87-thread-1] INFO  server.RaftServerConfigKeys (ConfUtils.java:logGet(43)) - raft.server.log.use.memory = false (default)
2019-09-26 15:58:56,789 [pool-87-thread-1] INFO  server.RaftServerConfigKeys (ConfUtils.java:logGet(43)) - raft.server.log.purge.gap = 1000000 (custom)
2019-09-26 15:58:56,789 [pool-87-thread-1] INFO  server.RaftServerConfigKeys (ConfUtils.java:logGet(43)) - raft.server.log.appender.buffer.byte-limit = 33554432 (custom)
2019-09-26 15:58:56,789 [pool-87-thread-1] INFO  server.RaftServerConfigKeys (ConfUtils.java:logGet(43)) - raft.server.log.segment.size.max = 1048576 (custom)
2019-09-26 15:58:56,789 [pool-87-thread-1] INFO  server.RaftServerConfigKeys (ConfUtils.java:logGet(43)) - raft.server.log.segment.cache.num.max = 2 (custom)
2019-09-26 15:58:56,790 [pool-87-thread-1] INFO  segmented.SegmentedRaftLogWorker (SegmentedRaftLogWorker.java:<init>(172)) - new 3592649d-296e-49cb-9cdc-4bedca6b1b14@group-F35DEF8D4715-SegmentedRaftLogWorker for RaftStorage:Storage Directory /workdir/hadoop-ozone/integration-test/target/test-dir/MiniOzoneClusterImpl-cc90927b-9788-4d55-bf9d-8c156a856a16/datanode-6/data/ratis/5251135e-767b-452d-8064-f35def8d4715
2019-09-26 15:58:56,822 [pool-87-thread-1] INFO  server.RaftServerConfigKeys (ConfUtils.java:logGet(43)) - raft.server.log.queue.byte-limit = 2147483647 (custom)
2019-09-26 15:58:56,822 [pool-87-thread-1] INFO  server.RaftServerConfigKeys (ConfUtils.java:logGet(43)) - raft.server.log.queue.element-limit = 1024 (custom)
2019-09-26 15:58:56,823 [pool-87-thread-1] INFO  server.RaftServerConfigKeys (ConfUtils.java:logGet(43)) - raft.server.log.segment.size.max = 1048576 (custom)
2019-09-26 15:58:56,823 [pool-87-thread-1] INFO  server.RaftServerConfigKeys (ConfUtils.java:logGet(43)) - raft.server.log.preallocated.size = 16384 (custom)
2019-09-26 15:58:56,823 [pool-87-thread-1] INFO  server.RaftServerConfigKeys (ConfUtils.java:logGet(43)) - raft.server.log.write.buffer.size = 33554432 (custom)
2019-09-26 15:58:56,824 [pool-87-thread-1] INFO  server.RaftServerConfigKeys (ConfUtils.java:logGet(43)) - raft.server.log.force.sync.num = 128 (default)
2019-09-26 15:58:56,824 [pool-87-thread-1] INFO  server.RaftServerConfigKeys (ConfUtils.java:logGet(43)) - raft.server.log.statemachine.data.sync = true (default)
2019-09-26 15:58:56,824 [pool-87-thread-1] INFO  server.RaftServerConfigKeys (ConfUtils.java:logGet(43)) - raft.server.log.statemachine.data.sync.timeout = 10s (default)
2019-09-26 15:58:56,824 [pool-87-thread-1] INFO  server.RaftServerConfigKeys (ConfUtils.java:logGet(43)) - raft.server.log.statemachine.data.sync.timeout.retry = -1 (default)
2019-09-26 15:58:56,825 [pool-87-thread-1] INFO  server.RaftServerConfigKeys (ConfUtils.java:logGet(43)) - raft.server.log.statemachine.data.caching.enabled = true (custom)
2019-09-26 15:58:56,825 [pool-87-thread-1] INFO  segmented.SegmentedRaftLogWorker (SegmentedRaftLogWorker.java:lambda$new$0(132)) - 3592649d-296e-49cb-9cdc-4bedca6b1b14@group-F35DEF8D4715-SegmentedRaftLogWorker: flushIndex: setUnconditionally 0 -> -1
2019-09-26 15:58:56,826 [pool-87-thread-1] INFO  server.RaftServerConfigKeys (ConfUtils.java:logGet(43)) - raft.server.snapshot.auto.trigger.enabled = true (custom)
2019-09-26 15:58:56,826 [pool-87-thread-1] INFO  server.RaftServerConfigKeys (ConfUtils.java:logGet(43)) - raft.server.snapshot.auto.trigger.threshold = 10000 (custom)
2019-09-26 15:58:56,826 [pool-87-thread-1] INFO  server.RaftServerConfigKeys (ConfUtils.java:logGet(43)) - raft.server.snapshot.retention.num.files = 5 (custom)
2019-09-26 15:58:56,826 [pool-87-thread-1] INFO  server.RaftServerConfigKeys (ConfUtils.java:logGet(43)) - raft.server.retrycache.expirytime = 600000ms (custom)
2019-09-26 15:58:56,831 [pool-87-thread-1] INFO  impl.RaftServerImpl (RaftServerImpl.java:start(185)) - 3592649d-296e-49cb-9cdc-4bedca6b1b14@group-F35DEF8D4715: start as a follower, conf=-1: [3592649d-296e-49cb-9cdc-4bedca6b1b14:192.168.157.234:38338], old=null
2019-09-26 15:58:56,832 [pool-87-thread-1] INFO  impl.RaftServerImpl (RaftServerImpl.java:setRole(174)) - 3592649d-296e-49cb-9cdc-4bedca6b1b14@group-F35DEF8D4715: changes role from      null to FOLLOWER at term 0 for startAsFollower
2019-09-26 15:58:56,832 [pool-87-thread-1] INFO  impl.RoleInfo (RoleInfo.java:updateAndGet(143)) - 3592649d-296e-49cb-9cdc-4bedca6b1b14: start FollowerState
2019-09-26 15:58:56,832 [pool-87-thread-1] INFO  util.JmxRegister (JmxRegister.java:tryRegister(44)) - Successfully registered JMX Bean with object name Ratis:service=RaftServer,group=group-F35DEF8D4715,id=3592649d-296e-49cb-9cdc-4bedca6b1b14
2019-09-26 15:58:56,844 [RatisPipelineUtilsThread] INFO  pipeline.PipelineStateManager (PipelineStateManager.java:addPipeline(56)) - Created pipeline Pipeline[ Id: 5251135e-767b-452d-8064-f35def8d4715, Nodes: 3592649d-296e-49cb-9cdc-4bedca6b1b14{ip: 192.168.157.234, host: pr-hdds-2162-htzpk-1451759861, networkLocation: /default-rack, certSerialId: null}, Type:RATIS, Factor:ONE, State:OPEN]
2019-09-26 15:58:56,868 [grpc-default-executor-0] INFO  impl.RaftServerProxy (RaftServerProxy.java:addNew(89)) - c16f8f41-3eb5-47da-89d5-23b9f4bc14e7: addNew group-620CAE97254A:[c16f8f41-3eb5-47da-89d5-23b9f4bc14e7:192.168.157.234:45714] returns group-620CAE97254A:java.util.concurrent.CompletableFuture@3a92183d[Not completed]
2019-09-26 15:58:56,873 [pool-47-thread-1] INFO  impl.RaftServerImpl (RaftServerImpl.java:<init>(95)) - c16f8f41-3eb5-47da-89d5-23b9f4bc14e7: new RaftServerImpl for group-620CAE97254A:[c16f8f41-3eb5-47da-89d5-23b9f4bc14e7:192.168.157.234:45714] with ContainerStateMachine:uninitialized
2019-09-26 15:58:56,873 [pool-47-thread-1] INFO  server.RaftServerConfigKeys (ConfUtils.java:logGet(43)) - raft.server.rpc.timeout.min = 5s (custom)
2019-09-26 15:58:56,874 [pool-47-thread-1] INFO  server.RaftServerConfigKeys (ConfUtils.java:logGet(43)) - raft.server.rpc.timeout.max = 5200ms (custom)
2019-09-26 15:58:56,874 [pool-47-thread-1] INFO  server.RaftServerConfigKeys (ConfUtils.java:logGet(43)) - raft.server.rpcslowness.timeout = 120s (custom)
2019-09-26 15:58:56,874 [pool-47-thread-1] INFO  server.RaftServerConfigKeys (ConfUtils.java:logGet(43)) - raft.server.sleep.deviation.threshold = 300 (default)
2019-09-26 15:58:56,874 [pool-47-thread-1] INFO  server.RaftServerConfigKeys (ConfUtils.java:logGet(43)) - raft.server.log.appender.install.snapshot.enabled = false (custom)
2019-09-26 15:58:56,874 [pool-47-thread-1] INFO  impl.RaftServerImpl (ServerState.java:<init>(103)) - c16f8f41-3eb5-47da-89d5-23b9f4bc14e7@group-620CAE97254A: ConfigurationManager, init=-1: [c16f8f41-3eb5-47da-89d5-23b9f4bc14e7:192.168.157.234:45714], old=null, confs=<EMPTY_MAP>
2019-09-26 15:58:56,875 [pool-47-thread-1] INFO  server.RaftServerConfigKeys (ConfUtils.java:logGet(43)) - raft.server.storage.dir = [/workdir/hadoop-ozone/integration-test/target/test-dir/MiniOzoneClusterImpl-cc90927b-9788-4d55-bf9d-8c156a856a16/datanode-2/data/ratis] (custom)
2019-09-26 15:58:56,875 [pool-47-thread-1] INFO  storage.RaftStorageDirectory (RaftStorageDirectory.java:analyzeStorage(246)) - The storage directory /workdir/hadoop-ozone/integration-test/target/test-dir/MiniOzoneClusterImpl-cc90927b-9788-4d55-bf9d-8c156a856a16/datanode-2/data/ratis/a8ad0475-b204-4df7-a40c-620cae97254a does not exist. Creating ...
2019-09-26 15:58:56,900 [pool-47-thread-1] INFO  storage.RaftStorageDirectory (RaftStorageDirectory.java:tryLock(328)) - Lock on /workdir/hadoop-ozone/integration-test/target/test-dir/MiniOzoneClusterImpl-cc90927b-9788-4d55-bf9d-8c156a856a16/datanode-2/data/ratis/a8ad0475-b204-4df7-a40c-620cae97254a/in_use.lock acquired by nodename 28844@pr-hdds-2162-htzpk-1451759861
2019-09-26 15:58:56,924 [pool-47-thread-1] INFO  storage.RaftStorage (RaftStorage.java:format(72)) - Storage directory /workdir/hadoop-ozone/integration-test/target/test-dir/MiniOzoneClusterImpl-cc90927b-9788-4d55-bf9d-8c156a856a16/datanode-2/data/ratis/a8ad0475-b204-4df7-a40c-620cae97254a has been successfully formatted.
2019-09-26 15:58:56,925 [pool-47-thread-1] INFO  ratis.ContainerStateMachine (ContainerStateMachine.java:loadSnapshot(230)) - group-620CAE97254A: The snapshot info is null. Setting the last applied indexto:(t:0, i:~)
2019-09-26 15:58:56,925 [pool-47-thread-1] INFO  server.RaftServerConfigKeys (ConfUtils.java:logGet(43)) - raft.server.notification.no-leader.timeout = 120s (custom)
2019-09-26 15:58:56,925 [pool-47-thread-1] INFO  server.RaftServerConfigKeys (ConfUtils.java:logGet(43)) - raft.server.log.use.memory = false (default)
2019-09-26 15:58:56,925 [pool-47-thread-1] INFO  server.RaftServerConfigKeys (ConfUtils.java:logGet(43)) - raft.server.log.purge.gap = 1000000 (custom)
2019-09-26 15:58:56,926 [pool-47-thread-1] INFO  server.RaftServerConfigKeys (ConfUtils.java:logGet(43)) - raft.server.log.appender.buffer.byte-limit = 33554432 (custom)
2019-09-26 15:58:56,926 [pool-47-thread-1] INFO  server.RaftServerConfigKeys (ConfUtils.java:logGet(43)) - raft.server.log.segment.size.max = 1048576 (custom)
2019-09-26 15:58:56,926 [pool-47-thread-1] INFO  server.RaftServerConfigKeys (ConfUtils.java:logGet(43)) - raft.server.log.segment.cache.num.max = 2 (custom)
2019-09-26 15:58:56,926 [pool-47-thread-1] INFO  segmented.SegmentedRaftLogWorker (SegmentedRaftLogWorker.java:<init>(172)) - new c16f8f41-3eb5-47da-89d5-23b9f4bc14e7@group-620CAE97254A-SegmentedRaftLogWorker for RaftStorage:Storage Directory /workdir/hadoop-ozone/integration-test/target/test-dir/MiniOzoneClusterImpl-cc90927b-9788-4d55-bf9d-8c156a856a16/datanode-2/data/ratis/a8ad0475-b204-4df7-a40c-620cae97254a
2019-09-26 15:58:56,933 [pool-47-thread-1] INFO  server.RaftServerConfigKeys (ConfUtils.java:logGet(43)) - raft.server.log.queue.byte-limit = 2147483647 (custom)
2019-09-26 15:58:56,933 [pool-47-thread-1] INFO  server.RaftServerConfigKeys (ConfUtils.java:logGet(43)) - raft.server.log.queue.element-limit = 1024 (custom)
2019-09-26 15:58:56,933 [pool-47-thread-1] INFO  server.RaftServerConfigKeys (ConfUtils.java:logGet(43)) - raft.server.log.segment.size.max = 1048576 (custom)
2019-09-26 15:58:56,934 [pool-47-thread-1] INFO  server.RaftServerConfigKeys (ConfUtils.java:logGet(43)) - raft.server.log.preallocated.size = 16384 (custom)
2019-09-26 15:58:56,934 [pool-47-thread-1] INFO  server.RaftServerConfigKeys (ConfUtils.java:logGet(43)) - raft.server.log.write.buffer.size = 33554432 (custom)
2019-09-26 15:58:56,934 [pool-47-thread-1] INFO  server.RaftServerConfigKeys (ConfUtils.java:logGet(43)) - raft.server.log.force.sync.num = 128 (default)
2019-09-26 15:58:56,934 [pool-47-thread-1] INFO  server.RaftServerConfigKeys (ConfUtils.java:logGet(43)) - raft.server.log.statemachine.data.sync = true (default)
2019-09-26 15:58:56,934 [pool-47-thread-1] INFO  server.RaftServerConfigKeys (ConfUtils.java:logGet(43)) - raft.server.log.statemachine.data.sync.timeout = 10s (default)
2019-09-26 15:58:56,935 [pool-47-thread-1] INFO  server.RaftServerConfigKeys (ConfUtils.java:logGet(43)) - raft.server.log.statemachine.data.sync.timeout.retry = -1 (default)
2019-09-26 15:58:56,935 [pool-47-thread-1] INFO  server.RaftServerConfigKeys (ConfUtils.java:logGet(43)) - raft.server.log.statemachine.data.caching.enabled = true (custom)
2019-09-26 15:58:56,936 [pool-47-thread-1] INFO  segmented.SegmentedRaftLogWorker (SegmentedRaftLogWorker.java:lambda$new$0(132)) - c16f8f41-3eb5-47da-89d5-23b9f4bc14e7@group-620CAE97254A-SegmentedRaftLogWorker: flushIndex: setUnconditionally 0 -> -1
2019-09-26 15:58:56,936 [pool-47-thread-1] INFO  server.RaftServerConfigKeys (ConfUtils.java:logGet(43)) - raft.server.snapshot.auto.trigger.enabled = true (custom)
2019-09-26 15:58:56,936 [pool-47-thread-1] INFO  server.RaftServerConfigKeys (ConfUtils.java:logGet(43)) - raft.server.snapshot.auto.trigger.threshold = 10000 (custom)
2019-09-26 15:58:56,937 [pool-47-thread-1] INFO  server.RaftServerConfigKeys (ConfUtils.java:logGet(43)) - raft.server.snapshot.retention.num.files = 5 (custom)
2019-09-26 15:58:56,937 [pool-47-thread-1] INFO  server.RaftServerConfigKeys (ConfUtils.java:logGet(43)) - raft.server.retrycache.expirytime = 600000ms (custom)
2019-09-26 15:58:56,943 [pool-47-thread-1] INFO  impl.RaftServerImpl (RaftServerImpl.java:start(185)) - c16f8f41-3eb5-47da-89d5-23b9f4bc14e7@group-620CAE97254A: start as a follower, conf=-1: [c16f8f41-3eb5-47da-89d5-23b9f4bc14e7:192.168.157.234:45714], old=null
2019-09-26 15:58:56,944 [pool-47-thread-1] INFO  impl.RaftServerImpl (RaftServerImpl.java:setRole(174)) - c16f8f41-3eb5-47da-89d5-23b9f4bc14e7@group-620CAE97254A: changes role from      null to FOLLOWER at term 0 for startAsFollower
2019-09-26 15:58:56,944 [pool-47-thread-1] INFO  impl.RoleInfo (RoleInfo.java:updateAndGet(143)) - c16f8f41-3eb5-47da-89d5-23b9f4bc14e7: start FollowerState
2019-09-26 15:58:56,944 [pool-47-thread-1] INFO  util.JmxRegister (JmxRegister.java:tryRegister(44)) - Successfully registered JMX Bean with object name Ratis:service=RaftServer,group=group-620CAE97254A,id=c16f8f41-3eb5-47da-89d5-23b9f4bc14e7
2019-09-26 15:58:56,963 [RatisPipelineUtilsThread] INFO  pipeline.PipelineStateManager (PipelineStateManager.java:addPipeline(56)) - Created pipeline Pipeline[ Id: a8ad0475-b204-4df7-a40c-620cae97254a, Nodes: c16f8f41-3eb5-47da-89d5-23b9f4bc14e7{ip: 192.168.157.234, host: pr-hdds-2162-htzpk-1451759861, networkLocation: /default-rack, certSerialId: null}, Type:RATIS, Factor:ONE, State:OPEN]
2019-09-26 15:58:56,989 [grpc-default-executor-0] INFO  impl.RaftServerProxy (RaftServerProxy.java:addNew(89)) - 531ce5b0-66ed-4449-a691-14fda0eca003: addNew group-B93632C1686C:[531ce5b0-66ed-4449-a691-14fda0eca003:192.168.157.234:45725] returns group-B93632C1686C:java.util.concurrent.CompletableFuture@70993b3[Not completed]
2019-09-26 15:58:56,995 [pool-57-thread-1] INFO  impl.RaftServerImpl (RaftServerImpl.java:<init>(95)) - 531ce5b0-66ed-4449-a691-14fda0eca003: new RaftServerImpl for group-B93632C1686C:[531ce5b0-66ed-4449-a691-14fda0eca003:192.168.157.234:45725] with ContainerStateMachine:uninitialized
2019-09-26 15:58:56,995 [pool-57-thread-1] INFO  server.RaftServerConfigKeys (ConfUtils.java:logGet(43)) - raft.server.rpc.timeout.min = 5s (custom)
2019-09-26 15:58:56,995 [pool-57-thread-1] INFO  server.RaftServerConfigKeys (ConfUtils.java:logGet(43)) - raft.server.rpc.timeout.max = 5200ms (custom)
2019-09-26 15:58:56,996 [pool-57-thread-1] INFO  server.RaftServerConfigKeys (ConfUtils.java:logGet(43)) - raft.server.rpcslowness.timeout = 120s (custom)
2019-09-26 15:58:56,996 [pool-57-thread-1] INFO  server.RaftServerConfigKeys (ConfUtils.java:logGet(43)) - raft.server.sleep.deviation.threshold = 300 (default)
2019-09-26 15:58:56,996 [pool-57-thread-1] INFO  server.RaftServerConfigKeys (ConfUtils.java:logGet(43)) - raft.server.log.appender.install.snapshot.enabled = false (custom)
2019-09-26 15:58:56,996 [pool-57-thread-1] INFO  impl.RaftServerImpl (ServerState.java:<init>(103)) - 531ce5b0-66ed-4449-a691-14fda0eca003@group-B93632C1686C: ConfigurationManager, init=-1: [531ce5b0-66ed-4449-a691-14fda0eca003:192.168.157.234:45725], old=null, confs=<EMPTY_MAP>
2019-09-26 15:58:56,996 [pool-57-thread-1] INFO  server.RaftServerConfigKeys (ConfUtils.java:logGet(43)) - raft.server.storage.dir = [/workdir/hadoop-ozone/integration-test/target/test-dir/MiniOzoneClusterImpl-cc90927b-9788-4d55-bf9d-8c156a856a16/datanode-3/data/ratis] (custom)
2019-09-26 15:58:56,997 [pool-57-thread-1] INFO  storage.RaftStorageDirectory (RaftStorageDirectory.java:analyzeStorage(246)) - The storage directory /workdir/hadoop-ozone/integration-test/target/test-dir/MiniOzoneClusterImpl-cc90927b-9788-4d55-bf9d-8c156a856a16/datanode-3/data/ratis/2c5c7ba7-bc9b-4352-b0e8-b93632c1686c does not exist. Creating ...
2019-09-26 15:58:57,020 [pool-57-thread-1] INFO  storage.RaftStorageDirectory (RaftStorageDirectory.java:tryLock(328)) - Lock on /workdir/hadoop-ozone/integration-test/target/test-dir/MiniOzoneClusterImpl-cc90927b-9788-4d55-bf9d-8c156a856a16/datanode-3/data/ratis/2c5c7ba7-bc9b-4352-b0e8-b93632c1686c/in_use.lock acquired by nodename 28844@pr-hdds-2162-htzpk-1451759861
2019-09-26 15:58:57,035 [pool-57-thread-1] INFO  storage.RaftStorage (RaftStorage.java:format(72)) - Storage directory /workdir/hadoop-ozone/integration-test/target/test-dir/MiniOzoneClusterImpl-cc90927b-9788-4d55-bf9d-8c156a856a16/datanode-3/data/ratis/2c5c7ba7-bc9b-4352-b0e8-b93632c1686c has been successfully formatted.
2019-09-26 15:58:57,035 [pool-57-thread-1] INFO  ratis.ContainerStateMachine (ContainerStateMachine.java:loadSnapshot(230)) - group-B93632C1686C: The snapshot info is null. Setting the last applied indexto:(t:0, i:~)
2019-09-26 15:58:57,035 [pool-57-thread-1] INFO  server.RaftServerConfigKeys (ConfUtils.java:logGet(43)) - raft.server.notification.no-leader.timeout = 120s (custom)
2019-09-26 15:58:57,035 [pool-57-thread-1] INFO  server.RaftServerConfigKeys (ConfUtils.java:logGet(43)) - raft.server.log.use.memory = false (default)
2019-09-26 15:58:57,036 [pool-57-thread-1] INFO  server.RaftServerConfigKeys (ConfUtils.java:logGet(43)) - raft.server.log.purge.gap = 1000000 (custom)
2019-09-26 15:58:57,036 [pool-57-thread-1] INFO  server.RaftServerConfigKeys (ConfUtils.java:logGet(43)) - raft.server.log.appender.buffer.byte-limit = 33554432 (custom)
2019-09-26 15:58:57,036 [pool-57-thread-1] INFO  server.RaftServerConfigKeys (ConfUtils.java:logGet(43)) - raft.server.log.segment.size.max = 1048576 (custom)
2019-09-26 15:58:57,036 [pool-57-thread-1] INFO  server.RaftServerConfigKeys (ConfUtils.java:logGet(43)) - raft.server.log.segment.cache.num.max = 2 (custom)
2019-09-26 15:58:57,036 [pool-57-thread-1] INFO  segmented.SegmentedRaftLogWorker (SegmentedRaftLogWorker.java:<init>(172)) - new 531ce5b0-66ed-4449-a691-14fda0eca003@group-B93632C1686C-SegmentedRaftLogWorker for RaftStorage:Storage Directory /workdir/hadoop-ozone/integration-test/target/test-dir/MiniOzoneClusterImpl-cc90927b-9788-4d55-bf9d-8c156a856a16/datanode-3/data/ratis/2c5c7ba7-bc9b-4352-b0e8-b93632c1686c
2019-09-26 15:58:57,041 [pool-57-thread-1] INFO  server.RaftServerConfigKeys (ConfUtils.java:logGet(43)) - raft.server.log.queue.byte-limit = 2147483647 (custom)
2019-09-26 15:58:57,041 [pool-57-thread-1] INFO  server.RaftServerConfigKeys (ConfUtils.java:logGet(43)) - raft.server.log.queue.element-limit = 1024 (custom)
2019-09-26 15:58:57,042 [pool-57-thread-1] INFO  server.RaftServerConfigKeys (ConfUtils.java:logGet(43)) - raft.server.log.segment.size.max = 1048576 (custom)
2019-09-26 15:58:57,042 [pool-57-thread-1] INFO  server.RaftServerConfigKeys (ConfUtils.java:logGet(43)) - raft.server.log.preallocated.size = 16384 (custom)
2019-09-26 15:58:57,042 [pool-57-thread-1] INFO  server.RaftServerConfigKeys (ConfUtils.java:logGet(43)) - raft.server.log.write.buffer.size = 33554432 (custom)
2019-09-26 15:58:57,042 [pool-57-thread-1] INFO  server.RaftServerConfigKeys (ConfUtils.java:logGet(43)) - raft.server.log.force.sync.num = 128 (default)
2019-09-26 15:58:57,042 [pool-57-thread-1] INFO  server.RaftServerConfigKeys (ConfUtils.java:logGet(43)) - raft.server.log.statemachine.data.sync = true (default)
2019-09-26 15:58:57,043 [pool-57-thread-1] INFO  server.RaftServerConfigKeys (ConfUtils.java:logGet(43)) - raft.server.log.statemachine.data.sync.timeout = 10s (default)
2019-09-26 15:58:57,043 [pool-57-thread-1] INFO  server.RaftServerConfigKeys (ConfUtils.java:logGet(43)) - raft.server.log.statemachine.data.sync.timeout.retry = -1 (default)
2019-09-26 15:58:57,043 [pool-57-thread-1] INFO  server.RaftServerConfigKeys (ConfUtils.java:logGet(43)) - raft.server.log.statemachine.data.caching.enabled = true (custom)
2019-09-26 15:58:57,044 [pool-57-thread-1] INFO  segmented.SegmentedRaftLogWorker (SegmentedRaftLogWorker.java:lambda$new$0(132)) - 531ce5b0-66ed-4449-a691-14fda0eca003@group-B93632C1686C-SegmentedRaftLogWorker: flushIndex: setUnconditionally 0 -> -1
2019-09-26 15:58:57,044 [pool-57-thread-1] INFO  server.RaftServerConfigKeys (ConfUtils.java:logGet(43)) - raft.server.snapshot.auto.trigger.enabled = true (custom)
2019-09-26 15:58:57,044 [pool-57-thread-1] INFO  server.RaftServerConfigKeys (ConfUtils.java:logGet(43)) - raft.server.snapshot.auto.trigger.threshold = 10000 (custom)
2019-09-26 15:58:57,045 [pool-57-thread-1] INFO  server.RaftServerConfigKeys (ConfUtils.java:logGet(43)) - raft.server.snapshot.retention.num.files = 5 (custom)
2019-09-26 15:58:57,045 [pool-57-thread-1] INFO  server.RaftServerConfigKeys (ConfUtils.java:logGet(43)) - raft.server.retrycache.expirytime = 600000ms (custom)
2019-09-26 15:58:57,053 [pool-57-thread-1] INFO  impl.RaftServerImpl (RaftServerImpl.java:start(185)) - 531ce5b0-66ed-4449-a691-14fda0eca003@group-B93632C1686C: start as a follower, conf=-1: [531ce5b0-66ed-4449-a691-14fda0eca003:192.168.157.234:45725], old=null
2019-09-26 15:58:57,053 [pool-57-thread-1] INFO  impl.RaftServerImpl (RaftServerImpl.java:setRole(174)) - 531ce5b0-66ed-4449-a691-14fda0eca003@group-B93632C1686C: changes role from      null to FOLLOWER at term 0 for startAsFollower
2019-09-26 15:58:57,053 [pool-57-thread-1] INFO  impl.RoleInfo (RoleInfo.java:updateAndGet(143)) - 531ce5b0-66ed-4449-a691-14fda0eca003: start FollowerState
2019-09-26 15:58:57,054 [pool-57-thread-1] INFO  util.JmxRegister (JmxRegister.java:tryRegister(44)) - Successfully registered JMX Bean with object name Ratis:service=RaftServer,group=group-B93632C1686C,id=531ce5b0-66ed-4449-a691-14fda0eca003
2019-09-26 15:58:57,070 [RatisPipelineUtilsThread] INFO  pipeline.PipelineStateManager (PipelineStateManager.java:addPipeline(56)) - Created pipeline Pipeline[ Id: 2c5c7ba7-bc9b-4352-b0e8-b93632c1686c, Nodes: 531ce5b0-66ed-4449-a691-14fda0eca003{ip: 192.168.157.234, host: pr-hdds-2162-htzpk-1451759861, networkLocation: /default-rack, certSerialId: null}, Type:RATIS, Factor:ONE, State:OPEN]
2019-09-26 15:58:57,097 [grpc-default-executor-0] INFO  impl.RaftServerProxy (RaftServerProxy.java:addNew(89)) - 46167d95-d80a-4b08-b2a5-664081495ac0: addNew group-93218C050F6D:[46167d95-d80a-4b08-b2a5-664081495ac0:192.168.157.234:37564] returns group-93218C050F6D:java.util.concurrent.CompletableFuture@87b96ea[Not completed]
2019-09-26 15:58:57,103 [pool-67-thread-1] INFO  impl.RaftServerImpl (RaftServerImpl.java:<init>(95)) - 46167d95-d80a-4b08-b2a5-664081495ac0: new RaftServerImpl for group-93218C050F6D:[46167d95-d80a-4b08-b2a5-664081495ac0:192.168.157.234:37564] with ContainerStateMachine:uninitialized
2019-09-26 15:58:57,104 [pool-67-thread-1] INFO  server.RaftServerConfigKeys (ConfUtils.java:logGet(43)) - raft.server.rpc.timeout.min = 5s (custom)
2019-09-26 15:58:57,104 [pool-67-thread-1] INFO  server.RaftServerConfigKeys (ConfUtils.java:logGet(43)) - raft.server.rpc.timeout.max = 5200ms (custom)
2019-09-26 15:58:57,104 [pool-67-thread-1] INFO  server.RaftServerConfigKeys (ConfUtils.java:logGet(43)) - raft.server.rpcslowness.timeout = 120s (custom)
2019-09-26 15:58:57,104 [pool-67-thread-1] INFO  server.RaftServerConfigKeys (ConfUtils.java:logGet(43)) - raft.server.sleep.deviation.threshold = 300 (default)
2019-09-26 15:58:57,105 [pool-67-thread-1] INFO  server.RaftServerConfigKeys (ConfUtils.java:logGet(43)) - raft.server.log.appender.install.snapshot.enabled = false (custom)
2019-09-26 15:58:57,105 [pool-67-thread-1] INFO  impl.RaftServerImpl (ServerState.java:<init>(103)) - 46167d95-d80a-4b08-b2a5-664081495ac0@group-93218C050F6D: ConfigurationManager, init=-1: [46167d95-d80a-4b08-b2a5-664081495ac0:192.168.157.234:37564], old=null, confs=<EMPTY_MAP>
2019-09-26 15:58:57,105 [pool-67-thread-1] INFO  server.RaftServerConfigKeys (ConfUtils.java:logGet(43)) - raft.server.storage.dir = [/workdir/hadoop-ozone/integration-test/target/test-dir/MiniOzoneClusterImpl-cc90927b-9788-4d55-bf9d-8c156a856a16/datanode-4/data/ratis] (custom)
2019-09-26 15:58:57,106 [pool-67-thread-1] INFO  storage.RaftStorageDirectory (RaftStorageDirectory.java:analyzeStorage(246)) - The storage directory /workdir/hadoop-ozone/integration-test/target/test-dir/MiniOzoneClusterImpl-cc90927b-9788-4d55-bf9d-8c156a856a16/datanode-4/data/ratis/55205370-061e-4fac-aa65-93218c050f6d does not exist. Creating ...
2019-09-26 15:58:57,120 [pool-67-thread-1] INFO  storage.RaftStorageDirectory (RaftStorageDirectory.java:tryLock(328)) - Lock on /workdir/hadoop-ozone/integration-test/target/test-dir/MiniOzoneClusterImpl-cc90927b-9788-4d55-bf9d-8c156a856a16/datanode-4/data/ratis/55205370-061e-4fac-aa65-93218c050f6d/in_use.lock acquired by nodename 28844@pr-hdds-2162-htzpk-1451759861
2019-09-26 15:58:57,133 [pool-67-thread-1] INFO  storage.RaftStorage (RaftStorage.java:format(72)) - Storage directory /workdir/hadoop-ozone/integration-test/target/test-dir/MiniOzoneClusterImpl-cc90927b-9788-4d55-bf9d-8c156a856a16/datanode-4/data/ratis/55205370-061e-4fac-aa65-93218c050f6d has been successfully formatted.
2019-09-26 15:58:57,134 [pool-67-thread-1] INFO  ratis.ContainerStateMachine (ContainerStateMachine.java:loadSnapshot(230)) - group-93218C050F6D: The snapshot info is null. Setting the last applied indexto:(t:0, i:~)
2019-09-26 15:58:57,134 [pool-67-thread-1] INFO  server.RaftServerConfigKeys (ConfUtils.java:logGet(43)) - raft.server.notification.no-leader.timeout = 120s (custom)
2019-09-26 15:58:57,134 [pool-67-thread-1] INFO  server.RaftServerConfigKeys (ConfUtils.java:logGet(43)) - raft.server.log.use.memory = false (default)
2019-09-26 15:58:57,135 [pool-67-thread-1] INFO  server.RaftServerConfigKeys (ConfUtils.java:logGet(43)) - raft.server.log.purge.gap = 1000000 (custom)
2019-09-26 15:58:57,135 [pool-67-thread-1] INFO  server.RaftServerConfigKeys (ConfUtils.java:logGet(43)) - raft.server.log.appender.buffer.byte-limit = 33554432 (custom)
2019-09-26 15:58:57,135 [pool-67-thread-1] INFO  server.RaftServerConfigKeys (ConfUtils.java:logGet(43)) - raft.server.log.segment.size.max = 1048576 (custom)
2019-09-26 15:58:57,136 [pool-67-thread-1] INFO  server.RaftServerConfigKeys (ConfUtils.java:logGet(43)) - raft.server.log.segment.cache.num.max = 2 (custom)
2019-09-26 15:58:57,136 [pool-67-thread-1] INFO  segmented.SegmentedRaftLogWorker (SegmentedRaftLogWorker.java:<init>(172)) - new 46167d95-d80a-4b08-b2a5-664081495ac0@group-93218C050F6D-SegmentedRaftLogWorker for RaftStorage:Storage Directory /workdir/hadoop-ozone/integration-test/target/test-dir/MiniOzoneClusterImpl-cc90927b-9788-4d55-bf9d-8c156a856a16/datanode-4/data/ratis/55205370-061e-4fac-aa65-93218c050f6d
2019-09-26 15:58:57,142 [pool-67-thread-1] INFO  server.RaftServerConfigKeys (ConfUtils.java:logGet(43)) - raft.server.log.queue.byte-limit = 2147483647 (custom)
2019-09-26 15:58:57,142 [pool-67-thread-1] INFO  server.RaftServerConfigKeys (ConfUtils.java:logGet(43)) - raft.server.log.queue.element-limit = 1024 (custom)
2019-09-26 15:58:57,143 [pool-67-thread-1] INFO  server.RaftServerConfigKeys (ConfUtils.java:logGet(43)) - raft.server.log.segment.size.max = 1048576 (custom)
2019-09-26 15:58:57,143 [pool-67-thread-1] INFO  server.RaftServerConfigKeys (ConfUtils.java:logGet(43)) - raft.server.log.preallocated.size = 16384 (custom)
2019-09-26 15:58:57,143 [pool-67-thread-1] INFO  server.RaftServerConfigKeys (ConfUtils.java:logGet(43)) - raft.server.log.write.buffer.size = 33554432 (custom)
2019-09-26 15:58:57,143 [pool-67-thread-1] INFO  server.RaftServerConfigKeys (ConfUtils.java:logGet(43)) - raft.server.log.force.sync.num = 128 (default)
2019-09-26 15:58:57,144 [pool-67-thread-1] INFO  server.RaftServerConfigKeys (ConfUtils.java:logGet(43)) - raft.server.log.statemachine.data.sync = true (default)
2019-09-26 15:58:57,144 [pool-67-thread-1] INFO  server.RaftServerConfigKeys (ConfUtils.java:logGet(43)) - raft.server.log.statemachine.data.sync.timeout = 10s (default)
2019-09-26 15:58:57,144 [pool-67-thread-1] INFO  server.RaftServerConfigKeys (ConfUtils.java:logGet(43)) - raft.server.log.statemachine.data.sync.timeout.retry = -1 (default)
2019-09-26 15:58:57,144 [pool-67-thread-1] INFO  server.RaftServerConfigKeys (ConfUtils.java:logGet(43)) - raft.server.log.statemachine.data.caching.enabled = true (custom)
2019-09-26 15:58:57,145 [pool-67-thread-1] INFO  segmented.SegmentedRaftLogWorker (SegmentedRaftLogWorker.java:lambda$new$0(132)) - 46167d95-d80a-4b08-b2a5-664081495ac0@group-93218C050F6D-SegmentedRaftLogWorker: flushIndex: setUnconditionally 0 -> -1
2019-09-26 15:58:57,145 [pool-67-thread-1] INFO  server.RaftServerConfigKeys (ConfUtils.java:logGet(43)) - raft.server.snapshot.auto.trigger.enabled = true (custom)
2019-09-26 15:58:57,146 [pool-67-thread-1] INFO  server.RaftServerConfigKeys (ConfUtils.java:logGet(43)) - raft.server.snapshot.auto.trigger.threshold = 10000 (custom)
2019-09-26 15:58:57,146 [pool-67-thread-1] INFO  server.RaftServerConfigKeys (ConfUtils.java:logGet(43)) - raft.server.snapshot.retention.num.files = 5 (custom)
2019-09-26 15:58:57,146 [pool-67-thread-1] INFO  server.RaftServerConfigKeys (ConfUtils.java:logGet(43)) - raft.server.retrycache.expirytime = 600000ms (custom)
2019-09-26 15:58:57,150 [pool-67-thread-1] INFO  impl.RaftServerImpl (RaftServerImpl.java:start(185)) - 46167d95-d80a-4b08-b2a5-664081495ac0@group-93218C050F6D: start as a follower, conf=-1: [46167d95-d80a-4b08-b2a5-664081495ac0:192.168.157.234:37564], old=null
2019-09-26 15:58:57,150 [pool-67-thread-1] INFO  impl.RaftServerImpl (RaftServerImpl.java:setRole(174)) - 46167d95-d80a-4b08-b2a5-664081495ac0@group-93218C050F6D: changes role from      null to FOLLOWER at term 0 for startAsFollower
2019-09-26 15:58:57,150 [pool-67-thread-1] INFO  impl.RoleInfo (RoleInfo.java:updateAndGet(143)) - 46167d95-d80a-4b08-b2a5-664081495ac0: start FollowerState
2019-09-26 15:58:57,151 [pool-67-thread-1] INFO  util.JmxRegister (JmxRegister.java:tryRegister(44)) - Successfully registered JMX Bean with object name Ratis:service=RaftServer,group=group-93218C050F6D,id=46167d95-d80a-4b08-b2a5-664081495ac0
2019-09-26 15:58:57,165 [RatisPipelineUtilsThread] INFO  pipeline.PipelineStateManager (PipelineStateManager.java:addPipeline(56)) - Created pipeline Pipeline[ Id: 55205370-061e-4fac-aa65-93218c050f6d, Nodes: 46167d95-d80a-4b08-b2a5-664081495ac0{ip: 192.168.157.234, host: pr-hdds-2162-htzpk-1451759861, networkLocation: /default-rack, certSerialId: null}, Type:RATIS, Factor:ONE, State:OPEN]
2019-09-26 15:58:57,186 [grpc-default-executor-0] INFO  impl.RaftServerProxy (RaftServerProxy.java:addNew(89)) - c7167ead-7a9c-4e16-bf2a-ea12ed09b37e: addNew group-098876A5761C:[c7167ead-7a9c-4e16-bf2a-ea12ed09b37e:192.168.157.234:33739] returns group-098876A5761C:java.util.concurrent.CompletableFuture@d5fa57c[Not completed]
2019-09-26 15:58:57,192 [pool-77-thread-1] INFO  impl.RaftServerImpl (RaftServerImpl.java:<init>(95)) - c7167ead-7a9c-4e16-bf2a-ea12ed09b37e: new RaftServerImpl for group-098876A5761C:[c7167ead-7a9c-4e16-bf2a-ea12ed09b37e:192.168.157.234:33739] with ContainerStateMachine:uninitialized
2019-09-26 15:58:57,192 [pool-77-thread-1] INFO  server.RaftServerConfigKeys (ConfUtils.java:logGet(43)) - raft.server.rpc.timeout.min = 5s (custom)
2019-09-26 15:58:57,193 [pool-77-thread-1] INFO  server.RaftServerConfigKeys (ConfUtils.java:logGet(43)) - raft.server.rpc.timeout.max = 5200ms (custom)
2019-09-26 15:58:57,193 [pool-77-thread-1] INFO  server.RaftServerConfigKeys (ConfUtils.java:logGet(43)) - raft.server.rpcslowness.timeout = 120s (custom)
2019-09-26 15:58:57,193 [pool-77-thread-1] INFO  server.RaftServerConfigKeys (ConfUtils.java:logGet(43)) - raft.server.sleep.deviation.threshold = 300 (default)
2019-09-26 15:58:57,193 [pool-77-thread-1] INFO  server.RaftServerConfigKeys (ConfUtils.java:logGet(43)) - raft.server.log.appender.install.snapshot.enabled = false (custom)
2019-09-26 15:58:57,194 [pool-77-thread-1] INFO  impl.RaftServerImpl (ServerState.java:<init>(103)) - c7167ead-7a9c-4e16-bf2a-ea12ed09b37e@group-098876A5761C: ConfigurationManager, init=-1: [c7167ead-7a9c-4e16-bf2a-ea12ed09b37e:192.168.157.234:33739], old=null, confs=<EMPTY_MAP>
2019-09-26 15:58:57,194 [pool-77-thread-1] INFO  server.RaftServerConfigKeys (ConfUtils.java:logGet(43)) - raft.server.storage.dir = [/workdir/hadoop-ozone/integration-test/target/test-dir/MiniOzoneClusterImpl-cc90927b-9788-4d55-bf9d-8c156a856a16/datanode-5/data/ratis] (custom)
2019-09-26 15:58:57,195 [pool-77-thread-1] INFO  storage.RaftStorageDirectory (RaftStorageDirectory.java:analyzeStorage(246)) - The storage directory /workdir/hadoop-ozone/integration-test/target/test-dir/MiniOzoneClusterImpl-cc90927b-9788-4d55-bf9d-8c156a856a16/datanode-5/data/ratis/6e4892e5-e18a-4b27-aa77-098876a5761c does not exist. Creating ...
2019-09-26 15:58:57,218 [pool-77-thread-1] INFO  storage.RaftStorageDirectory (RaftStorageDirectory.java:tryLock(328)) - Lock on /workdir/hadoop-ozone/integration-test/target/test-dir/MiniOzoneClusterImpl-cc90927b-9788-4d55-bf9d-8c156a856a16/datanode-5/data/ratis/6e4892e5-e18a-4b27-aa77-098876a5761c/in_use.lock acquired by nodename 28844@pr-hdds-2162-htzpk-1451759861
2019-09-26 15:58:57,242 [pool-77-thread-1] INFO  storage.RaftStorage (RaftStorage.java:format(72)) - Storage directory /workdir/hadoop-ozone/integration-test/target/test-dir/MiniOzoneClusterImpl-cc90927b-9788-4d55-bf9d-8c156a856a16/datanode-5/data/ratis/6e4892e5-e18a-4b27-aa77-098876a5761c has been successfully formatted.
2019-09-26 15:58:57,242 [pool-77-thread-1] INFO  ratis.ContainerStateMachine (ContainerStateMachine.java:loadSnapshot(230)) - group-098876A5761C: The snapshot info is null. Setting the last applied indexto:(t:0, i:~)
2019-09-26 15:58:57,243 [pool-77-thread-1] INFO  server.RaftServerConfigKeys (ConfUtils.java:logGet(43)) - raft.server.notification.no-leader.timeout = 120s (custom)
2019-09-26 15:58:57,243 [pool-77-thread-1] INFO  server.RaftServerConfigKeys (ConfUtils.java:logGet(43)) - raft.server.log.use.memory = false (default)
2019-09-26 15:58:57,243 [pool-77-thread-1] INFO  server.RaftServerConfigKeys (ConfUtils.java:logGet(43)) - raft.server.log.purge.gap = 1000000 (custom)
2019-09-26 15:58:57,243 [pool-77-thread-1] INFO  server.RaftServerConfigKeys (ConfUtils.java:logGet(43)) - raft.server.log.appender.buffer.byte-limit = 33554432 (custom)
2019-09-26 15:58:57,243 [pool-77-thread-1] INFO  server.RaftServerConfigKeys (ConfUtils.java:logGet(43)) - raft.server.log.segment.size.max = 1048576 (custom)
2019-09-26 15:58:57,244 [pool-77-thread-1] INFO  server.RaftServerConfigKeys (ConfUtils.java:logGet(43)) - raft.server.log.segment.cache.num.max = 2 (custom)
2019-09-26 15:58:57,244 [pool-77-thread-1] INFO  segmented.SegmentedRaftLogWorker (SegmentedRaftLogWorker.java:<init>(172)) - new c7167ead-7a9c-4e16-bf2a-ea12ed09b37e@group-098876A5761C-SegmentedRaftLogWorker for RaftStorage:Storage Directory /workdir/hadoop-ozone/integration-test/target/test-dir/MiniOzoneClusterImpl-cc90927b-9788-4d55-bf9d-8c156a856a16/datanode-5/data/ratis/6e4892e5-e18a-4b27-aa77-098876a5761c
2019-09-26 15:58:57,248 [pool-77-thread-1] INFO  server.RaftServerConfigKeys (ConfUtils.java:logGet(43)) - raft.server.log.queue.byte-limit = 2147483647 (custom)
2019-09-26 15:58:57,248 [pool-77-thread-1] INFO  server.RaftServerConfigKeys (ConfUtils.java:logGet(43)) - raft.server.log.queue.element-limit = 1024 (custom)
2019-09-26 15:58:57,248 [pool-77-thread-1] INFO  server.RaftServerConfigKeys (ConfUtils.java:logGet(43)) - raft.server.log.segment.size.max = 1048576 (custom)
2019-09-26 15:58:57,249 [pool-77-thread-1] INFO  server.RaftServerConfigKeys (ConfUtils.java:logGet(43)) - raft.server.log.preallocated.size = 16384 (custom)
2019-09-26 15:58:57,249 [pool-77-thread-1] INFO  server.RaftServerConfigKeys (ConfUtils.java:logGet(43)) - raft.server.log.write.buffer.size = 33554432 (custom)
2019-09-26 15:58:57,249 [pool-77-thread-1] INFO  server.RaftServerConfigKeys (ConfUtils.java:logGet(43)) - raft.server.log.force.sync.num = 128 (default)
2019-09-26 15:58:57,249 [pool-77-thread-1] INFO  server.RaftServerConfigKeys (ConfUtils.java:logGet(43)) - raft.server.log.statemachine.data.sync = true (default)
2019-09-26 15:58:57,249 [pool-77-thread-1] INFO  server.RaftServerConfigKeys (ConfUtils.java:logGet(43)) - raft.server.log.statemachine.data.sync.timeout = 10s (default)
2019-09-26 15:58:57,250 [pool-77-thread-1] INFO  server.RaftServerConfigKeys (ConfUtils.java:logGet(43)) - raft.server.log.statemachine.data.sync.timeout.retry = -1 (default)
2019-09-26 15:58:57,250 [pool-77-thread-1] INFO  server.RaftServerConfigKeys (ConfUtils.java:logGet(43)) - raft.server.log.statemachine.data.caching.enabled = true (custom)
2019-09-26 15:58:57,251 [pool-77-thread-1] INFO  segmented.SegmentedRaftLogWorker (SegmentedRaftLogWorker.java:lambda$new$0(132)) - c7167ead-7a9c-4e16-bf2a-ea12ed09b37e@group-098876A5761C-SegmentedRaftLogWorker: flushIndex: setUnconditionally 0 -> -1
2019-09-26 15:58:57,251 [pool-77-thread-1] INFO  server.RaftServerConfigKeys (ConfUtils.java:logGet(43)) - raft.server.snapshot.auto.trigger.enabled = true (custom)
2019-09-26 15:58:57,251 [pool-77-thread-1] INFO  server.RaftServerConfigKeys (ConfUtils.java:logGet(43)) - raft.server.snapshot.auto.trigger.threshold = 10000 (custom)
2019-09-26 15:58:57,252 [pool-77-thread-1] INFO  server.RaftServerConfigKeys (ConfUtils.java:logGet(43)) - raft.server.snapshot.retention.num.files = 5 (custom)
2019-09-26 15:58:57,252 [pool-77-thread-1] INFO  server.RaftServerConfigKeys (ConfUtils.java:logGet(43)) - raft.server.retrycache.expirytime = 600000ms (custom)
2019-09-26 15:58:57,255 [pool-77-thread-1] INFO  impl.RaftServerImpl (RaftServerImpl.java:start(185)) - c7167ead-7a9c-4e16-bf2a-ea12ed09b37e@group-098876A5761C: start as a follower, conf=-1: [c7167ead-7a9c-4e16-bf2a-ea12ed09b37e:192.168.157.234:33739], old=null
2019-09-26 15:58:57,255 [pool-77-thread-1] INFO  impl.RaftServerImpl (RaftServerImpl.java:setRole(174)) - c7167ead-7a9c-4e16-bf2a-ea12ed09b37e@group-098876A5761C: changes role from      null to FOLLOWER at term 0 for startAsFollower
2019-09-26 15:58:57,256 [pool-77-thread-1] INFO  impl.RoleInfo (RoleInfo.java:updateAndGet(143)) - c7167ead-7a9c-4e16-bf2a-ea12ed09b37e: start FollowerState
2019-09-26 15:58:57,256 [pool-77-thread-1] INFO  util.JmxRegister (JmxRegister.java:tryRegister(44)) - Successfully registered JMX Bean with object name Ratis:service=RaftServer,group=group-098876A5761C,id=c7167ead-7a9c-4e16-bf2a-ea12ed09b37e
2019-09-26 15:58:57,277 [RatisPipelineUtilsThread] INFO  pipeline.PipelineStateManager (PipelineStateManager.java:addPipeline(56)) - Created pipeline Pipeline[ Id: 6e4892e5-e18a-4b27-aa77-098876a5761c, Nodes: c7167ead-7a9c-4e16-bf2a-ea12ed09b37e{ip: 192.168.157.234, host: pr-hdds-2162-htzpk-1451759861, networkLocation: /default-rack, certSerialId: null}, Type:RATIS, Factor:ONE, State:OPEN]
2019-09-26 15:58:57,322 [grpc-default-executor-2] INFO  impl.RaftServerProxy (RaftServerProxy.java:addNew(89)) - 3592649d-296e-49cb-9cdc-4bedca6b1b14: addNew group-0057A25079F2:[72b5c033-f1d7-4ec2-94c9-edc10ba65d6d:192.168.157.234:37666, 3592649d-296e-49cb-9cdc-4bedca6b1b14:192.168.157.234:38338, f133cb17-324a-49b7-a0dd-425bb032eccb:192.168.157.234:43928] returns group-0057A25079F2:java.util.concurrent.CompletableFuture@3a22f042[Not completed]
2019-09-26 15:58:57,324 [grpc-default-executor-1] INFO  impl.RaftServerProxy (RaftServerProxy.java:addNew(89)) - f133cb17-324a-49b7-a0dd-425bb032eccb: addNew group-0057A25079F2:[72b5c033-f1d7-4ec2-94c9-edc10ba65d6d:192.168.157.234:37666, 3592649d-296e-49cb-9cdc-4bedca6b1b14:192.168.157.234:38338, f133cb17-324a-49b7-a0dd-425bb032eccb:192.168.157.234:43928] returns group-0057A25079F2:java.util.concurrent.CompletableFuture@5fb4c741[Not completed]
2019-09-26 15:58:57,324 [grpc-default-executor-2] INFO  impl.RaftServerProxy (RaftServerProxy.java:addNew(89)) - 72b5c033-f1d7-4ec2-94c9-edc10ba65d6d: addNew group-0057A25079F2:[72b5c033-f1d7-4ec2-94c9-edc10ba65d6d:192.168.157.234:37666, 3592649d-296e-49cb-9cdc-4bedca6b1b14:192.168.157.234:38338, f133cb17-324a-49b7-a0dd-425bb032eccb:192.168.157.234:43928] returns group-0057A25079F2:java.util.concurrent.CompletableFuture@7f207962[Not completed]
2019-09-26 15:58:57,326 [pool-87-thread-1] INFO  impl.RaftServerImpl (RaftServerImpl.java:<init>(95)) - 3592649d-296e-49cb-9cdc-4bedca6b1b14: new RaftServerImpl for group-0057A25079F2:[72b5c033-f1d7-4ec2-94c9-edc10ba65d6d:192.168.157.234:37666, 3592649d-296e-49cb-9cdc-4bedca6b1b14:192.168.157.234:38338, f133cb17-324a-49b7-a0dd-425bb032eccb:192.168.157.234:43928] with ContainerStateMachine:uninitialized
2019-09-26 15:58:57,326 [pool-87-thread-1] INFO  server.RaftServerConfigKeys (ConfUtils.java:logGet(43)) - raft.server.rpc.timeout.min = 5s (custom)
2019-09-26 15:58:57,326 [pool-87-thread-1] INFO  server.RaftServerConfigKeys (ConfUtils.java:logGet(43)) - raft.server.rpc.timeout.max = 5200ms (custom)
2019-09-26 15:58:57,326 [pool-87-thread-1] INFO  server.RaftServerConfigKeys (ConfUtils.java:logGet(43)) - raft.server.rpcslowness.timeout = 120s (custom)
2019-09-26 15:58:57,326 [pool-87-thread-1] INFO  server.RaftServerConfigKeys (ConfUtils.java:logGet(43)) - raft.server.sleep.deviation.threshold = 300 (default)
2019-09-26 15:58:57,326 [pool-87-thread-1] INFO  server.RaftServerConfigKeys (ConfUtils.java:logGet(43)) - raft.server.log.appender.install.snapshot.enabled = false (custom)
2019-09-26 15:58:57,327 [pool-87-thread-1] INFO  impl.RaftServerImpl (ServerState.java:<init>(103)) - 3592649d-296e-49cb-9cdc-4bedca6b1b14@group-0057A25079F2: ConfigurationManager, init=-1: [72b5c033-f1d7-4ec2-94c9-edc10ba65d6d:192.168.157.234:37666, 3592649d-296e-49cb-9cdc-4bedca6b1b14:192.168.157.234:38338, f133cb17-324a-49b7-a0dd-425bb032eccb:192.168.157.234:43928], old=null, confs=<EMPTY_MAP>
2019-09-26 15:58:57,327 [pool-37-thread-1] INFO  impl.RaftServerImpl (RaftServerImpl.java:<init>(95)) - 72b5c033-f1d7-4ec2-94c9-edc10ba65d6d: new RaftServerImpl for group-0057A25079F2:[72b5c033-f1d7-4ec2-94c9-edc10ba65d6d:192.168.157.234:37666, 3592649d-296e-49cb-9cdc-4bedca6b1b14:192.168.157.234:38338, f133cb17-324a-49b7-a0dd-425bb032eccb:192.168.157.234:43928] with ContainerStateMachine:uninitialized
2019-09-26 15:58:57,327 [pool-87-thread-1] INFO  server.RaftServerConfigKeys (ConfUtils.java:logGet(43)) - raft.server.storage.dir = [/workdir/hadoop-ozone/integration-test/target/test-dir/MiniOzoneClusterImpl-cc90927b-9788-4d55-bf9d-8c156a856a16/datanode-6/data/ratis] (custom)
2019-09-26 15:58:57,327 [pool-37-thread-1] INFO  server.RaftServerConfigKeys (ConfUtils.java:logGet(43)) - raft.server.rpc.timeout.min = 5s (custom)
2019-09-26 15:58:57,327 [pool-37-thread-1] INFO  server.RaftServerConfigKeys (ConfUtils.java:logGet(43)) - raft.server.rpc.timeout.max = 5200ms (custom)
2019-09-26 15:58:57,329 [pool-37-thread-1] INFO  server.RaftServerConfigKeys (ConfUtils.java:logGet(43)) - raft.server.rpcslowness.timeout = 120s (custom)
2019-09-26 15:58:57,329 [pool-87-thread-1] INFO  storage.RaftStorageDirectory (RaftStorageDirectory.java:analyzeStorage(246)) - The storage directory /workdir/hadoop-ozone/integration-test/target/test-dir/MiniOzoneClusterImpl-cc90927b-9788-4d55-bf9d-8c156a856a16/datanode-6/data/ratis/ffb2be11-0272-44c6-953b-0057a25079f2 does not exist. Creating ...
2019-09-26 15:58:57,329 [pool-37-thread-1] INFO  server.RaftServerConfigKeys (ConfUtils.java:logGet(43)) - raft.server.sleep.deviation.threshold = 300 (default)
2019-09-26 15:58:57,329 [pool-27-thread-1] INFO  impl.RaftServerImpl (RaftServerImpl.java:<init>(95)) - f133cb17-324a-49b7-a0dd-425bb032eccb: new RaftServerImpl for group-0057A25079F2:[72b5c033-f1d7-4ec2-94c9-edc10ba65d6d:192.168.157.234:37666, 3592649d-296e-49cb-9cdc-4bedca6b1b14:192.168.157.234:38338, f133cb17-324a-49b7-a0dd-425bb032eccb:192.168.157.234:43928] with ContainerStateMachine:uninitialized
2019-09-26 15:58:57,330 [pool-37-thread-1] INFO  server.RaftServerConfigKeys (ConfUtils.java:logGet(43)) - raft.server.log.appender.install.snapshot.enabled = false (custom)
2019-09-26 15:58:57,330 [pool-27-thread-1] INFO  server.RaftServerConfigKeys (ConfUtils.java:logGet(43)) - raft.server.rpc.timeout.min = 5s (custom)
2019-09-26 15:58:57,330 [pool-37-thread-1] INFO  impl.RaftServerImpl (ServerState.java:<init>(103)) - 72b5c033-f1d7-4ec2-94c9-edc10ba65d6d@group-0057A25079F2: ConfigurationManager, init=-1: [72b5c033-f1d7-4ec2-94c9-edc10ba65d6d:192.168.157.234:37666, 3592649d-296e-49cb-9cdc-4bedca6b1b14:192.168.157.234:38338, f133cb17-324a-49b7-a0dd-425bb032eccb:192.168.157.234:43928], old=null, confs=<EMPTY_MAP>
2019-09-26 15:58:57,330 [pool-27-thread-1] INFO  server.RaftServerConfigKeys (ConfUtils.java:logGet(43)) - raft.server.rpc.timeout.max = 5200ms (custom)
2019-09-26 15:58:57,330 [pool-37-thread-1] INFO  server.RaftServerConfigKeys (ConfUtils.java:logGet(43)) - raft.server.storage.dir = [/workdir/hadoop-ozone/integration-test/target/test-dir/MiniOzoneClusterImpl-cc90927b-9788-4d55-bf9d-8c156a856a16/datanode-1/data/ratis] (custom)
2019-09-26 15:58:57,330 [pool-27-thread-1] INFO  server.RaftServerConfigKeys (ConfUtils.java:logGet(43)) - raft.server.rpcslowness.timeout = 120s (custom)
2019-09-26 15:58:57,331 [pool-27-thread-1] INFO  server.RaftServerConfigKeys (ConfUtils.java:logGet(43)) - raft.server.sleep.deviation.threshold = 300 (default)
2019-09-26 15:58:57,331 [pool-27-thread-1] INFO  server.RaftServerConfigKeys (ConfUtils.java:logGet(43)) - raft.server.log.appender.install.snapshot.enabled = false (custom)
2019-09-26 15:58:57,331 [pool-37-thread-1] INFO  storage.RaftStorageDirectory (RaftStorageDirectory.java:analyzeStorage(246)) - The storage directory /workdir/hadoop-ozone/integration-test/target/test-dir/MiniOzoneClusterImpl-cc90927b-9788-4d55-bf9d-8c156a856a16/datanode-1/data/ratis/ffb2be11-0272-44c6-953b-0057a25079f2 does not exist. Creating ...
2019-09-26 15:58:57,331 [pool-27-thread-1] INFO  impl.RaftServerImpl (ServerState.java:<init>(103)) - f133cb17-324a-49b7-a0dd-425bb032eccb@group-0057A25079F2: ConfigurationManager, init=-1: [72b5c033-f1d7-4ec2-94c9-edc10ba65d6d:192.168.157.234:37666, 3592649d-296e-49cb-9cdc-4bedca6b1b14:192.168.157.234:38338, f133cb17-324a-49b7-a0dd-425bb032eccb:192.168.157.234:43928], old=null, confs=<EMPTY_MAP>
2019-09-26 15:58:57,331 [pool-27-thread-1] INFO  server.RaftServerConfigKeys (ConfUtils.java:logGet(43)) - raft.server.storage.dir = [/workdir/hadoop-ozone/integration-test/target/test-dir/MiniOzoneClusterImpl-cc90927b-9788-4d55-bf9d-8c156a856a16/datanode-0/data/ratis] (custom)
2019-09-26 15:58:57,332 [pool-27-thread-1] INFO  storage.RaftStorageDirectory (RaftStorageDirectory.java:analyzeStorage(246)) - The storage directory /workdir/hadoop-ozone/integration-test/target/test-dir/MiniOzoneClusterImpl-cc90927b-9788-4d55-bf9d-8c156a856a16/datanode-0/data/ratis/ffb2be11-0272-44c6-953b-0057a25079f2 does not exist. Creating ...
2019-09-26 15:58:57,344 [pool-87-thread-1] INFO  storage.RaftStorageDirectory (RaftStorageDirectory.java:tryLock(328)) - Lock on /workdir/hadoop-ozone/integration-test/target/test-dir/MiniOzoneClusterImpl-cc90927b-9788-4d55-bf9d-8c156a856a16/datanode-6/data/ratis/ffb2be11-0272-44c6-953b-0057a25079f2/in_use.lock acquired by nodename 28844@pr-hdds-2162-htzpk-1451759861
2019-09-26 15:58:57,344 [pool-37-thread-1] INFO  storage.RaftStorageDirectory (RaftStorageDirectory.java:tryLock(328)) - Lock on /workdir/hadoop-ozone/integration-test/target/test-dir/MiniOzoneClusterImpl-cc90927b-9788-4d55-bf9d-8c156a856a16/datanode-1/data/ratis/ffb2be11-0272-44c6-953b-0057a25079f2/in_use.lock acquired by nodename 28844@pr-hdds-2162-htzpk-1451759861
2019-09-26 15:58:57,344 [pool-27-thread-1] INFO  storage.RaftStorageDirectory (RaftStorageDirectory.java:tryLock(328)) - Lock on /workdir/hadoop-ozone/integration-test/target/test-dir/MiniOzoneClusterImpl-cc90927b-9788-4d55-bf9d-8c156a856a16/datanode-0/data/ratis/ffb2be11-0272-44c6-953b-0057a25079f2/in_use.lock acquired by nodename 28844@pr-hdds-2162-htzpk-1451759861
2019-09-26 15:58:57,359 [pool-87-thread-1] INFO  storage.RaftStorage (RaftStorage.java:format(72)) - Storage directory /workdir/hadoop-ozone/integration-test/target/test-dir/MiniOzoneClusterImpl-cc90927b-9788-4d55-bf9d-8c156a856a16/datanode-6/data/ratis/ffb2be11-0272-44c6-953b-0057a25079f2 has been successfully formatted.
2019-09-26 15:58:57,359 [pool-27-thread-1] INFO  storage.RaftStorage (RaftStorage.java:format(72)) - Storage directory /workdir/hadoop-ozone/integration-test/target/test-dir/MiniOzoneClusterImpl-cc90927b-9788-4d55-bf9d-8c156a856a16/datanode-0/data/ratis/ffb2be11-0272-44c6-953b-0057a25079f2 has been successfully formatted.
2019-09-26 15:58:57,359 [pool-87-thread-1] INFO  ratis.ContainerStateMachine (ContainerStateMachine.java:loadSnapshot(230)) - group-0057A25079F2: The snapshot info is null. Setting the last applied indexto:(t:0, i:~)
2019-09-26 15:58:57,359 [pool-37-thread-1] INFO  storage.RaftStorage (RaftStorage.java:format(72)) - Storage directory /workdir/hadoop-ozone/integration-test/target/test-dir/MiniOzoneClusterImpl-cc90927b-9788-4d55-bf9d-8c156a856a16/datanode-1/data/ratis/ffb2be11-0272-44c6-953b-0057a25079f2 has been successfully formatted.
2019-09-26 15:58:57,360 [pool-27-thread-1] INFO  ratis.ContainerStateMachine (ContainerStateMachine.java:loadSnapshot(230)) - group-0057A25079F2: The snapshot info is null. Setting the last applied indexto:(t:0, i:~)
2019-09-26 15:58:57,360 [pool-37-thread-1] INFO  ratis.ContainerStateMachine (ContainerStateMachine.java:loadSnapshot(230)) - group-0057A25079F2: The snapshot info is null. Setting the last applied indexto:(t:0, i:~)
2019-09-26 15:58:57,360 [pool-87-thread-1] INFO  server.RaftServerConfigKeys (ConfUtils.java:logGet(43)) - raft.server.notification.no-leader.timeout = 120s (custom)
2019-09-26 15:58:57,360 [pool-37-thread-1] INFO  server.RaftServerConfigKeys (ConfUtils.java:logGet(43)) - raft.server.notification.no-leader.timeout = 120s (custom)
2019-09-26 15:58:57,360 [pool-27-thread-1] INFO  server.RaftServerConfigKeys (ConfUtils.java:logGet(43)) - raft.server.notification.no-leader.timeout = 120s (custom)
2019-09-26 15:58:57,360 [pool-37-thread-1] INFO  server.RaftServerConfigKeys (ConfUtils.java:logGet(43)) - raft.server.log.use.memory = false (default)
2019-09-26 15:58:57,360 [pool-87-thread-1] INFO  server.RaftServerConfigKeys (ConfUtils.java:logGet(43)) - raft.server.log.use.memory = false (default)
2019-09-26 15:58:57,361 [pool-37-thread-1] INFO  server.RaftServerConfigKeys (ConfUtils.java:logGet(43)) - raft.server.log.purge.gap = 1000000 (custom)
2019-09-26 15:58:57,361 [pool-27-thread-1] INFO  server.RaftServerConfigKeys (ConfUtils.java:logGet(43)) - raft.server.log.use.memory = false (default)
2019-09-26 15:58:57,361 [pool-37-thread-1] INFO  server.RaftServerConfigKeys (ConfUtils.java:logGet(43)) - raft.server.log.appender.buffer.byte-limit = 33554432 (custom)
2019-09-26 15:58:57,361 [pool-87-thread-1] INFO  server.RaftServerConfigKeys (ConfUtils.java:logGet(43)) - raft.server.log.purge.gap = 1000000 (custom)
2019-09-26 15:58:57,361 [pool-37-thread-1] INFO  server.RaftServerConfigKeys (ConfUtils.java:logGet(43)) - raft.server.log.segment.size.max = 1048576 (custom)
2019-09-26 15:58:57,361 [pool-27-thread-1] INFO  server.RaftServerConfigKeys (ConfUtils.java:logGet(43)) - raft.server.log.purge.gap = 1000000 (custom)
2019-09-26 15:58:57,362 [pool-37-thread-1] INFO  server.RaftServerConfigKeys (ConfUtils.java:logGet(43)) - raft.server.log.segment.cache.num.max = 2 (custom)
2019-09-26 15:58:57,362 [pool-87-thread-1] INFO  server.RaftServerConfigKeys (ConfUtils.java:logGet(43)) - raft.server.log.appender.buffer.byte-limit = 33554432 (custom)
2019-09-26 15:58:57,362 [pool-37-thread-1] INFO  segmented.SegmentedRaftLogWorker (SegmentedRaftLogWorker.java:<init>(172)) - new 72b5c033-f1d7-4ec2-94c9-edc10ba65d6d@group-0057A25079F2-SegmentedRaftLogWorker for RaftStorage:Storage Directory /workdir/hadoop-ozone/integration-test/target/test-dir/MiniOzoneClusterImpl-cc90927b-9788-4d55-bf9d-8c156a856a16/datanode-1/data/ratis/ffb2be11-0272-44c6-953b-0057a25079f2
2019-09-26 15:58:57,362 [pool-27-thread-1] INFO  server.RaftServerConfigKeys (ConfUtils.java:logGet(43)) - raft.server.log.appender.buffer.byte-limit = 33554432 (custom)
2019-09-26 15:58:57,363 [pool-37-thread-1] INFO  server.RaftServerConfigKeys (ConfUtils.java:logGet(43)) - raft.server.log.queue.byte-limit = 2147483647 (custom)
2019-09-26 15:58:57,363 [pool-87-thread-1] INFO  server.RaftServerConfigKeys (ConfUtils.java:logGet(43)) - raft.server.log.segment.size.max = 1048576 (custom)
2019-09-26 15:58:57,363 [pool-37-thread-1] INFO  server.RaftServerConfigKeys (ConfUtils.java:logGet(43)) - raft.server.log.queue.element-limit = 1024 (custom)
2019-09-26 15:58:57,363 [pool-27-thread-1] INFO  server.RaftServerConfigKeys (ConfUtils.java:logGet(43)) - raft.server.log.segment.size.max = 1048576 (custom)
2019-09-26 15:58:57,363 [pool-37-thread-1] INFO  server.RaftServerConfigKeys (ConfUtils.java:logGet(43)) - raft.server.log.segment.size.max = 1048576 (custom)
2019-09-26 15:58:57,363 [pool-87-thread-1] INFO  server.RaftServerConfigKeys (ConfUtils.java:logGet(43)) - raft.server.log.segment.cache.num.max = 2 (custom)
2019-09-26 15:58:57,364 [pool-37-thread-1] INFO  server.RaftServerConfigKeys (ConfUtils.java:logGet(43)) - raft.server.log.preallocated.size = 16384 (custom)
2019-09-26 15:58:57,363 [pool-27-thread-1] INFO  server.RaftServerConfigKeys (ConfUtils.java:logGet(43)) - raft.server.log.segment.cache.num.max = 2 (custom)
2019-09-26 15:58:57,364 [pool-37-thread-1] INFO  server.RaftServerConfigKeys (ConfUtils.java:logGet(43)) - raft.server.log.write.buffer.size = 33554432 (custom)
2019-09-26 15:58:57,364 [pool-87-thread-1] INFO  segmented.SegmentedRaftLogWorker (SegmentedRaftLogWorker.java:<init>(172)) - new 3592649d-296e-49cb-9cdc-4bedca6b1b14@group-0057A25079F2-SegmentedRaftLogWorker for RaftStorage:Storage Directory /workdir/hadoop-ozone/integration-test/target/test-dir/MiniOzoneClusterImpl-cc90927b-9788-4d55-bf9d-8c156a856a16/datanode-6/data/ratis/ffb2be11-0272-44c6-953b-0057a25079f2
2019-09-26 15:58:57,364 [pool-37-thread-1] INFO  server.RaftServerConfigKeys (ConfUtils.java:logGet(43)) - raft.server.log.force.sync.num = 128 (default)
2019-09-26 15:58:57,364 [pool-27-thread-1] INFO  segmented.SegmentedRaftLogWorker (SegmentedRaftLogWorker.java:<init>(172)) - new f133cb17-324a-49b7-a0dd-425bb032eccb@group-0057A25079F2-SegmentedRaftLogWorker for RaftStorage:Storage Directory /workdir/hadoop-ozone/integration-test/target/test-dir/MiniOzoneClusterImpl-cc90927b-9788-4d55-bf9d-8c156a856a16/datanode-0/data/ratis/ffb2be11-0272-44c6-953b-0057a25079f2
2019-09-26 15:58:57,365 [pool-37-thread-1] INFO  server.RaftServerConfigKeys (ConfUtils.java:logGet(43)) - raft.server.log.statemachine.data.sync = true (default)
2019-09-26 15:58:57,364 [pool-87-thread-1] INFO  server.RaftServerConfigKeys (ConfUtils.java:logGet(43)) - raft.server.log.queue.byte-limit = 2147483647 (custom)
2019-09-26 15:58:57,365 [pool-37-thread-1] INFO  server.RaftServerConfigKeys (ConfUtils.java:logGet(43)) - raft.server.log.statemachine.data.sync.timeout = 10s (default)
2019-09-26 15:58:57,365 [pool-27-thread-1] INFO  server.RaftServerConfigKeys (ConfUtils.java:logGet(43)) - raft.server.log.queue.byte-limit = 2147483647 (custom)
2019-09-26 15:58:57,365 [pool-37-thread-1] INFO  server.RaftServerConfigKeys (ConfUtils.java:logGet(43)) - raft.server.log.statemachine.data.sync.timeout.retry = -1 (default)
2019-09-26 15:58:57,365 [pool-87-thread-1] INFO  server.RaftServerConfigKeys (ConfUtils.java:logGet(43)) - raft.server.log.queue.element-limit = 1024 (custom)
2019-09-26 15:58:57,366 [pool-37-thread-1] INFO  server.RaftServerConfigKeys (ConfUtils.java:logGet(43)) - raft.server.log.statemachine.data.caching.enabled = true (custom)
2019-09-26 15:58:57,365 [pool-27-thread-1] INFO  server.RaftServerConfigKeys (ConfUtils.java:logGet(43)) - raft.server.log.queue.element-limit = 1024 (custom)
2019-09-26 15:58:57,366 [pool-87-thread-1] INFO  server.RaftServerConfigKeys (ConfUtils.java:logGet(43)) - raft.server.log.segment.size.max = 1048576 (custom)
2019-09-26 15:58:57,366 [pool-37-thread-1] INFO  segmented.SegmentedRaftLogWorker (SegmentedRaftLogWorker.java:lambda$new$0(132)) - 72b5c033-f1d7-4ec2-94c9-edc10ba65d6d@group-0057A25079F2-SegmentedRaftLogWorker: flushIndex: setUnconditionally 0 -> -1
2019-09-26 15:58:57,366 [pool-27-thread-1] INFO  server.RaftServerConfigKeys (ConfUtils.java:logGet(43)) - raft.server.log.segment.size.max = 1048576 (custom)
2019-09-26 15:58:57,366 [pool-87-thread-1] INFO  server.RaftServerConfigKeys (ConfUtils.java:logGet(43)) - raft.server.log.preallocated.size = 16384 (custom)
2019-09-26 15:58:57,367 [pool-27-thread-1] INFO  server.RaftServerConfigKeys (ConfUtils.java:logGet(43)) - raft.server.log.preallocated.size = 16384 (custom)
2019-09-26 15:58:57,367 [pool-37-thread-1] INFO  server.RaftServerConfigKeys (ConfUtils.java:logGet(43)) - raft.server.snapshot.auto.trigger.enabled = true (custom)
2019-09-26 15:58:57,367 [pool-27-thread-1] INFO  server.RaftServerConfigKeys (ConfUtils.java:logGet(43)) - raft.server.log.write.buffer.size = 33554432 (custom)
2019-09-26 15:58:57,367 [pool-87-thread-1] INFO  server.RaftServerConfigKeys (ConfUtils.java:logGet(43)) - raft.server.log.write.buffer.size = 33554432 (custom)
2019-09-26 15:58:57,367 [pool-27-thread-1] INFO  server.RaftServerConfigKeys (ConfUtils.java:logGet(43)) - raft.server.log.force.sync.num = 128 (default)
2019-09-26 15:58:57,367 [pool-37-thread-1] INFO  server.RaftServerConfigKeys (ConfUtils.java:logGet(43)) - raft.server.snapshot.auto.trigger.threshold = 10000 (custom)
2019-09-26 15:58:57,368 [pool-27-thread-1] INFO  server.RaftServerConfigKeys (ConfUtils.java:logGet(43)) - raft.server.log.statemachine.data.sync = true (default)
2019-09-26 15:58:57,368 [pool-87-thread-1] INFO  server.RaftServerConfigKeys (ConfUtils.java:logGet(43)) - raft.server.log.force.sync.num = 128 (default)
2019-09-26 15:58:57,368 [pool-27-thread-1] INFO  server.RaftServerConfigKeys (ConfUtils.java:logGet(43)) - raft.server.log.statemachine.data.sync.timeout = 10s (default)
2019-09-26 15:58:57,368 [pool-37-thread-1] INFO  server.RaftServerConfigKeys (ConfUtils.java:logGet(43)) - raft.server.snapshot.retention.num.files = 5 (custom)
2019-09-26 15:58:57,369 [pool-27-thread-1] INFO  server.RaftServerConfigKeys (ConfUtils.java:logGet(43)) - raft.server.log.statemachine.data.sync.timeout.retry = -1 (default)
2019-09-26 15:58:57,368 [pool-87-thread-1] INFO  server.RaftServerConfigKeys (ConfUtils.java:logGet(43)) - raft.server.log.statemachine.data.sync = true (default)
2019-09-26 15:58:57,369 [pool-27-thread-1] INFO  server.RaftServerConfigKeys (ConfUtils.java:logGet(43)) - raft.server.log.statemachine.data.caching.enabled = true (custom)
2019-09-26 15:58:57,369 [pool-37-thread-1] INFO  server.RaftServerConfigKeys (ConfUtils.java:logGet(43)) - raft.server.retrycache.expirytime = 600000ms (custom)
2019-09-26 15:58:57,369 [pool-87-thread-1] INFO  server.RaftServerConfigKeys (ConfUtils.java:logGet(43)) - raft.server.log.statemachine.data.sync.timeout = 10s (default)
2019-09-26 15:58:57,370 [pool-27-thread-1] INFO  segmented.SegmentedRaftLogWorker (SegmentedRaftLogWorker.java:lambda$new$0(132)) - f133cb17-324a-49b7-a0dd-425bb032eccb@group-0057A25079F2-SegmentedRaftLogWorker: flushIndex: setUnconditionally 0 -> -1
2019-09-26 15:58:57,370 [pool-87-thread-1] INFO  server.RaftServerConfigKeys (ConfUtils.java:logGet(43)) - raft.server.log.statemachine.data.sync.timeout.retry = -1 (default)
2019-09-26 15:58:57,370 [pool-27-thread-1] INFO  server.RaftServerConfigKeys (ConfUtils.java:logGet(43)) - raft.server.snapshot.auto.trigger.enabled = true (custom)
2019-09-26 15:58:57,370 [pool-87-thread-1] INFO  server.RaftServerConfigKeys (ConfUtils.java:logGet(43)) - raft.server.log.statemachine.data.caching.enabled = true (custom)
2019-09-26 15:58:57,370 [pool-27-thread-1] INFO  server.RaftServerConfigKeys (ConfUtils.java:logGet(43)) - raft.server.snapshot.auto.trigger.threshold = 10000 (custom)
2019-09-26 15:58:57,371 [pool-27-thread-1] INFO  server.RaftServerConfigKeys (ConfUtils.java:logGet(43)) - raft.server.snapshot.retention.num.files = 5 (custom)
2019-09-26 15:58:57,371 [pool-87-thread-1] INFO  segmented.SegmentedRaftLogWorker (SegmentedRaftLogWorker.java:lambda$new$0(132)) - 3592649d-296e-49cb-9cdc-4bedca6b1b14@group-0057A25079F2-SegmentedRaftLogWorker: flushIndex: setUnconditionally 0 -> -1
2019-09-26 15:58:57,371 [pool-27-thread-1] INFO  server.RaftServerConfigKeys (ConfUtils.java:logGet(43)) - raft.server.retrycache.expirytime = 600000ms (custom)
2019-09-26 15:58:57,371 [pool-87-thread-1] INFO  server.RaftServerConfigKeys (ConfUtils.java:logGet(43)) - raft.server.snapshot.auto.trigger.enabled = true (custom)
2019-09-26 15:58:57,371 [pool-87-thread-1] INFO  server.RaftServerConfigKeys (ConfUtils.java:logGet(43)) - raft.server.snapshot.auto.trigger.threshold = 10000 (custom)
2019-09-26 15:58:57,372 [pool-87-thread-1] INFO  server.RaftServerConfigKeys (ConfUtils.java:logGet(43)) - raft.server.snapshot.retention.num.files = 5 (custom)
2019-09-26 15:58:57,372 [pool-87-thread-1] INFO  server.RaftServerConfigKeys (ConfUtils.java:logGet(43)) - raft.server.retrycache.expirytime = 600000ms (custom)
2019-09-26 15:58:57,374 [pool-37-thread-1] INFO  impl.RaftServerImpl (RaftServerImpl.java:start(185)) - 72b5c033-f1d7-4ec2-94c9-edc10ba65d6d@group-0057A25079F2: start as a follower, conf=-1: [72b5c033-f1d7-4ec2-94c9-edc10ba65d6d:192.168.157.234:37666, 3592649d-296e-49cb-9cdc-4bedca6b1b14:192.168.157.234:38338, f133cb17-324a-49b7-a0dd-425bb032eccb:192.168.157.234:43928], old=null
2019-09-26 15:58:57,374 [pool-37-thread-1] INFO  impl.RaftServerImpl (RaftServerImpl.java:setRole(174)) - 72b5c033-f1d7-4ec2-94c9-edc10ba65d6d@group-0057A25079F2: changes role from      null to FOLLOWER at term 0 for startAsFollower
2019-09-26 15:58:57,375 [pool-37-thread-1] INFO  impl.RoleInfo (RoleInfo.java:updateAndGet(143)) - 72b5c033-f1d7-4ec2-94c9-edc10ba65d6d: start FollowerState
2019-09-26 15:58:57,375 [pool-37-thread-1] INFO  util.JmxRegister (JmxRegister.java:tryRegister(44)) - Successfully registered JMX Bean with object name Ratis:service=RaftServer,group=group-0057A25079F2,id=72b5c033-f1d7-4ec2-94c9-edc10ba65d6d
2019-09-26 15:58:57,376 [pool-27-thread-1] INFO  impl.RaftServerImpl (RaftServerImpl.java:start(185)) - f133cb17-324a-49b7-a0dd-425bb032eccb@group-0057A25079F2: start as a follower, conf=-1: [72b5c033-f1d7-4ec2-94c9-edc10ba65d6d:192.168.157.234:37666, 3592649d-296e-49cb-9cdc-4bedca6b1b14:192.168.157.234:38338, f133cb17-324a-49b7-a0dd-425bb032eccb:192.168.157.234:43928], old=null
2019-09-26 15:58:57,376 [pool-27-thread-1] INFO  impl.RaftServerImpl (RaftServerImpl.java:setRole(174)) - f133cb17-324a-49b7-a0dd-425bb032eccb@group-0057A25079F2: changes role from      null to FOLLOWER at term 0 for startAsFollower
2019-09-26 15:58:57,376 [pool-87-thread-1] INFO  impl.RaftServerImpl (RaftServerImpl.java:start(185)) - 3592649d-296e-49cb-9cdc-4bedca6b1b14@group-0057A25079F2: start as a follower, conf=-1: [72b5c033-f1d7-4ec2-94c9-edc10ba65d6d:192.168.157.234:37666, 3592649d-296e-49cb-9cdc-4bedca6b1b14:192.168.157.234:38338, f133cb17-324a-49b7-a0dd-425bb032eccb:192.168.157.234:43928], old=null
2019-09-26 15:58:57,377 [pool-27-thread-1] INFO  impl.RoleInfo (RoleInfo.java:updateAndGet(143)) - f133cb17-324a-49b7-a0dd-425bb032eccb: start FollowerState
2019-09-26 15:58:57,377 [pool-87-thread-1] INFO  impl.RaftServerImpl (RaftServerImpl.java:setRole(174)) - 3592649d-296e-49cb-9cdc-4bedca6b1b14@group-0057A25079F2: changes role from      null to FOLLOWER at term 0 for startAsFollower
2019-09-26 15:58:57,377 [pool-87-thread-1] INFO  impl.RoleInfo (RoleInfo.java:updateAndGet(143)) - 3592649d-296e-49cb-9cdc-4bedca6b1b14: start FollowerState
2019-09-26 15:58:57,377 [pool-27-thread-1] INFO  util.JmxRegister (JmxRegister.java:tryRegister(44)) - Successfully registered JMX Bean with object name Ratis:service=RaftServer,group=group-0057A25079F2,id=f133cb17-324a-49b7-a0dd-425bb032eccb
2019-09-26 15:58:57,377 [pool-87-thread-1] INFO  util.JmxRegister (JmxRegister.java:tryRegister(44)) - Successfully registered JMX Bean with object name Ratis:service=RaftServer,group=group-0057A25079F2,id=3592649d-296e-49cb-9cdc-4bedca6b1b14
2019-09-26 15:58:57,404 [RatisPipelineUtilsThread] INFO  pipeline.PipelineStateManager (PipelineStateManager.java:addPipeline(56)) - Created pipeline Pipeline[ Id: ffb2be11-0272-44c6-953b-0057a25079f2, Nodes: 72b5c033-f1d7-4ec2-94c9-edc10ba65d6d{ip: 192.168.157.234, host: pr-hdds-2162-htzpk-1451759861, networkLocation: /default-rack, certSerialId: null}3592649d-296e-49cb-9cdc-4bedca6b1b14{ip: 192.168.157.234, host: pr-hdds-2162-htzpk-1451759861, networkLocation: /default-rack, certSerialId: null}f133cb17-324a-49b7-a0dd-425bb032eccb{ip: 192.168.157.234, host: pr-hdds-2162-htzpk-1451759861, networkLocation: /default-rack, certSerialId: null}, Type:RATIS, Factor:THREE, State:OPEN]
2019-09-26 15:58:57,410 [main] INFO  ipc.Client (Client.java:handleConnectionFailure(948)) - Retrying connect to server: localhost/127.0.0.1:0. Already tried 0 time(s); retry policy is RetryUpToMaximumCountWithFixedSleep(maxRetries=10, sleepTime=1000 MILLISECONDS)
2019-09-26 15:58:57,444 [grpc-default-executor-0] INFO  impl.RaftServerProxy (RaftServerProxy.java:addNew(89)) - 46167d95-d80a-4b08-b2a5-664081495ac0: addNew group-2600C1A698C4:[c16f8f41-3eb5-47da-89d5-23b9f4bc14e7:192.168.157.234:45714, 46167d95-d80a-4b08-b2a5-664081495ac0:192.168.157.234:37564, 531ce5b0-66ed-4449-a691-14fda0eca003:192.168.157.234:45725] returns group-2600C1A698C4:java.util.concurrent.CompletableFuture@34d37784[Not completed]
2019-09-26 15:58:57,446 [grpc-default-executor-2] INFO  impl.RaftServerProxy (RaftServerProxy.java:addNew(89)) - c16f8f41-3eb5-47da-89d5-23b9f4bc14e7: addNew group-2600C1A698C4:[c16f8f41-3eb5-47da-89d5-23b9f4bc14e7:192.168.157.234:45714, 46167d95-d80a-4b08-b2a5-664081495ac0:192.168.157.234:37564, 531ce5b0-66ed-4449-a691-14fda0eca003:192.168.157.234:45725] returns group-2600C1A698C4:java.util.concurrent.CompletableFuture@4e154135[Not completed]
2019-09-26 15:58:57,448 [pool-67-thread-1] INFO  impl.RaftServerImpl (RaftServerImpl.java:<init>(95)) - 46167d95-d80a-4b08-b2a5-664081495ac0: new RaftServerImpl for group-2600C1A698C4:[c16f8f41-3eb5-47da-89d5-23b9f4bc14e7:192.168.157.234:45714, 46167d95-d80a-4b08-b2a5-664081495ac0:192.168.157.234:37564, 531ce5b0-66ed-4449-a691-14fda0eca003:192.168.157.234:45725] with ContainerStateMachine:uninitialized
2019-09-26 15:58:57,448 [pool-67-thread-1] INFO  server.RaftServerConfigKeys (ConfUtils.java:logGet(43)) - raft.server.rpc.timeout.min = 5s (custom)
2019-09-26 15:58:57,448 [pool-67-thread-1] INFO  server.RaftServerConfigKeys (ConfUtils.java:logGet(43)) - raft.server.rpc.timeout.max = 5200ms (custom)
2019-09-26 15:58:57,449 [pool-67-thread-1] INFO  server.RaftServerConfigKeys (ConfUtils.java:logGet(43)) - raft.server.rpcslowness.timeout = 120s (custom)
2019-09-26 15:58:57,450 [pool-67-thread-1] INFO  server.RaftServerConfigKeys (ConfUtils.java:logGet(43)) - raft.server.sleep.deviation.threshold = 300 (default)
2019-09-26 15:58:57,451 [pool-67-thread-1] INFO  server.RaftServerConfigKeys (ConfUtils.java:logGet(43)) - raft.server.log.appender.install.snapshot.enabled = false (custom)
2019-09-26 15:58:57,451 [grpc-default-executor-2] INFO  impl.RaftServerProxy (RaftServerProxy.java:addNew(89)) - 531ce5b0-66ed-4449-a691-14fda0eca003: addNew group-2600C1A698C4:[c16f8f41-3eb5-47da-89d5-23b9f4bc14e7:192.168.157.234:45714, 46167d95-d80a-4b08-b2a5-664081495ac0:192.168.157.234:37564, 531ce5b0-66ed-4449-a691-14fda0eca003:192.168.157.234:45725] returns group-2600C1A698C4:java.util.concurrent.CompletableFuture@63981855[Not completed]
2019-09-26 15:58:57,451 [pool-67-thread-1] INFO  impl.RaftServerImpl (ServerState.java:<init>(103)) - 46167d95-d80a-4b08-b2a5-664081495ac0@group-2600C1A698C4: ConfigurationManager, init=-1: [c16f8f41-3eb5-47da-89d5-23b9f4bc14e7:192.168.157.234:45714, 46167d95-d80a-4b08-b2a5-664081495ac0:192.168.157.234:37564, 531ce5b0-66ed-4449-a691-14fda0eca003:192.168.157.234:45725], old=null, confs=<EMPTY_MAP>
2019-09-26 15:58:57,451 [pool-47-thread-1] INFO  impl.RaftServerImpl (RaftServerImpl.java:<init>(95)) - c16f8f41-3eb5-47da-89d5-23b9f4bc14e7: new RaftServerImpl for group-2600C1A698C4:[c16f8f41-3eb5-47da-89d5-23b9f4bc14e7:192.168.157.234:45714, 46167d95-d80a-4b08-b2a5-664081495ac0:192.168.157.234:37564, 531ce5b0-66ed-4449-a691-14fda0eca003:192.168.157.234:45725] with ContainerStateMachine:uninitialized
2019-09-26 15:58:57,451 [pool-67-thread-1] INFO  server.RaftServerConfigKeys (ConfUtils.java:logGet(43)) - raft.server.storage.dir = [/workdir/hadoop-ozone/integration-test/target/test-dir/MiniOzoneClusterImpl-cc90927b-9788-4d55-bf9d-8c156a856a16/datanode-4/data/ratis] (custom)
2019-09-26 15:58:57,451 [pool-47-thread-1] INFO  server.RaftServerConfigKeys (ConfUtils.java:logGet(43)) - raft.server.rpc.timeout.min = 5s (custom)
2019-09-26 15:58:57,452 [pool-47-thread-1] INFO  server.RaftServerConfigKeys (ConfUtils.java:logGet(43)) - raft.server.rpc.timeout.max = 5200ms (custom)
2019-09-26 15:58:57,452 [pool-47-thread-1] INFO  server.RaftServerConfigKeys (ConfUtils.java:logGet(43)) - raft.server.rpcslowness.timeout = 120s (custom)
2019-09-26 15:58:57,452 [pool-67-thread-1] INFO  storage.RaftStorageDirectory (RaftStorageDirectory.java:analyzeStorage(246)) - The storage directory /workdir/hadoop-ozone/integration-test/target/test-dir/MiniOzoneClusterImpl-cc90927b-9788-4d55-bf9d-8c156a856a16/datanode-4/data/ratis/0e35e86a-de54-45c2-932f-2600c1a698c4 does not exist. Creating ...
2019-09-26 15:58:57,452 [pool-47-thread-1] INFO  server.RaftServerConfigKeys (ConfUtils.java:logGet(43)) - raft.server.sleep.deviation.threshold = 300 (default)
2019-09-26 15:58:57,452 [pool-47-thread-1] INFO  server.RaftServerConfigKeys (ConfUtils.java:logGet(43)) - raft.server.log.appender.install.snapshot.enabled = false (custom)
2019-09-26 15:58:57,453 [pool-47-thread-1] INFO  impl.RaftServerImpl (ServerState.java:<init>(103)) - c16f8f41-3eb5-47da-89d5-23b9f4bc14e7@group-2600C1A698C4: ConfigurationManager, init=-1: [c16f8f41-3eb5-47da-89d5-23b9f4bc14e7:192.168.157.234:45714, 46167d95-d80a-4b08-b2a5-664081495ac0:192.168.157.234:37564, 531ce5b0-66ed-4449-a691-14fda0eca003:192.168.157.234:45725], old=null, confs=<EMPTY_MAP>
2019-09-26 15:58:57,453 [pool-47-thread-1] INFO  server.RaftServerConfigKeys (ConfUtils.java:logGet(43)) - raft.server.storage.dir = [/workdir/hadoop-ozone/integration-test/target/test-dir/MiniOzoneClusterImpl-cc90927b-9788-4d55-bf9d-8c156a856a16/datanode-2/data/ratis] (custom)
2019-09-26 15:58:57,453 [pool-57-thread-1] INFO  impl.RaftServerImpl (RaftServerImpl.java:<init>(95)) - 531ce5b0-66ed-4449-a691-14fda0eca003: new RaftServerImpl for group-2600C1A698C4:[c16f8f41-3eb5-47da-89d5-23b9f4bc14e7:192.168.157.234:45714, 46167d95-d80a-4b08-b2a5-664081495ac0:192.168.157.234:37564, 531ce5b0-66ed-4449-a691-14fda0eca003:192.168.157.234:45725] with ContainerStateMachine:uninitialized
2019-09-26 15:58:57,453 [pool-57-thread-1] INFO  server.RaftServerConfigKeys (ConfUtils.java:logGet(43)) - raft.server.rpc.timeout.min = 5s (custom)
2019-09-26 15:58:57,453 [pool-47-thread-1] INFO  storage.RaftStorageDirectory (RaftStorageDirectory.java:analyzeStorage(246)) - The storage directory /workdir/hadoop-ozone/integration-test/target/test-dir/MiniOzoneClusterImpl-cc90927b-9788-4d55-bf9d-8c156a856a16/datanode-2/data/ratis/0e35e86a-de54-45c2-932f-2600c1a698c4 does not exist. Creating ...
2019-09-26 15:58:57,453 [pool-57-thread-1] INFO  server.RaftServerConfigKeys (ConfUtils.java:logGet(43)) - raft.server.rpc.timeout.max = 5200ms (custom)
2019-09-26 15:58:57,454 [pool-57-thread-1] INFO  server.RaftServerConfigKeys (ConfUtils.java:logGet(43)) - raft.server.rpcslowness.timeout = 120s (custom)
2019-09-26 15:58:57,454 [pool-57-thread-1] INFO  server.RaftServerConfigKeys (ConfUtils.java:logGet(43)) - raft.server.sleep.deviation.threshold = 300 (default)
2019-09-26 15:58:57,454 [pool-57-thread-1] INFO  server.RaftServerConfigKeys (ConfUtils.java:logGet(43)) - raft.server.log.appender.install.snapshot.enabled = false (custom)
2019-09-26 15:58:57,454 [pool-57-thread-1] INFO  impl.RaftServerImpl (ServerState.java:<init>(103)) - 531ce5b0-66ed-4449-a691-14fda0eca003@group-2600C1A698C4: ConfigurationManager, init=-1: [c16f8f41-3eb5-47da-89d5-23b9f4bc14e7:192.168.157.234:45714, 46167d95-d80a-4b08-b2a5-664081495ac0:192.168.157.234:37564, 531ce5b0-66ed-4449-a691-14fda0eca003:192.168.157.234:45725], old=null, confs=<EMPTY_MAP>
2019-09-26 15:58:57,454 [pool-57-thread-1] INFO  server.RaftServerConfigKeys (ConfUtils.java:logGet(43)) - raft.server.storage.dir = [/workdir/hadoop-ozone/integration-test/target/test-dir/MiniOzoneClusterImpl-cc90927b-9788-4d55-bf9d-8c156a856a16/datanode-3/data/ratis] (custom)
2019-09-26 15:58:57,455 [pool-57-thread-1] INFO  storage.RaftStorageDirectory (RaftStorageDirectory.java:analyzeStorage(246)) - The storage directory /workdir/hadoop-ozone/integration-test/target/test-dir/MiniOzoneClusterImpl-cc90927b-9788-4d55-bf9d-8c156a856a16/datanode-3/data/ratis/0e35e86a-de54-45c2-932f-2600c1a698c4 does not exist. Creating ...
2019-09-26 15:58:57,467 [pool-47-thread-1] INFO  storage.RaftStorageDirectory (RaftStorageDirectory.java:tryLock(328)) - Lock on /workdir/hadoop-ozone/integration-test/target/test-dir/MiniOzoneClusterImpl-cc90927b-9788-4d55-bf9d-8c156a856a16/datanode-2/data/ratis/0e35e86a-de54-45c2-932f-2600c1a698c4/in_use.lock acquired by nodename 28844@pr-hdds-2162-htzpk-1451759861
2019-09-26 15:58:57,467 [pool-67-thread-1] INFO  storage.RaftStorageDirectory (RaftStorageDirectory.java:tryLock(328)) - Lock on /workdir/hadoop-ozone/integration-test/target/test-dir/MiniOzoneClusterImpl-cc90927b-9788-4d55-bf9d-8c156a856a16/datanode-4/data/ratis/0e35e86a-de54-45c2-932f-2600c1a698c4/in_use.lock acquired by nodename 28844@pr-hdds-2162-htzpk-1451759861
2019-09-26 15:58:57,467 [pool-57-thread-1] INFO  storage.RaftStorageDirectory (RaftStorageDirectory.java:tryLock(328)) - Lock on /workdir/hadoop-ozone/integration-test/target/test-dir/MiniOzoneClusterImpl-cc90927b-9788-4d55-bf9d-8c156a856a16/datanode-3/data/ratis/0e35e86a-de54-45c2-932f-2600c1a698c4/in_use.lock acquired by nodename 28844@pr-hdds-2162-htzpk-1451759861
2019-09-26 15:58:57,483 [pool-67-thread-1] INFO  storage.RaftStorage (RaftStorage.java:format(72)) - Storage directory /workdir/hadoop-ozone/integration-test/target/test-dir/MiniOzoneClusterImpl-cc90927b-9788-4d55-bf9d-8c156a856a16/datanode-4/data/ratis/0e35e86a-de54-45c2-932f-2600c1a698c4 has been successfully formatted.
2019-09-26 15:58:57,483 [pool-47-thread-1] INFO  storage.RaftStorage (RaftStorage.java:format(72)) - Storage directory /workdir/hadoop-ozone/integration-test/target/test-dir/MiniOzoneClusterImpl-cc90927b-9788-4d55-bf9d-8c156a856a16/datanode-2/data/ratis/0e35e86a-de54-45c2-932f-2600c1a698c4 has been successfully formatted.
2019-09-26 15:58:57,483 [pool-57-thread-1] INFO  storage.RaftStorage (RaftStorage.java:format(72)) - Storage directory /workdir/hadoop-ozone/integration-test/target/test-dir/MiniOzoneClusterImpl-cc90927b-9788-4d55-bf9d-8c156a856a16/datanode-3/data/ratis/0e35e86a-de54-45c2-932f-2600c1a698c4 has been successfully formatted.
2019-09-26 15:58:57,483 [pool-67-thread-1] INFO  ratis.ContainerStateMachine (ContainerStateMachine.java:loadSnapshot(230)) - group-2600C1A698C4: The snapshot info is null. Setting the last applied indexto:(t:0, i:~)
2019-09-26 15:58:57,483 [pool-57-thread-1] INFO  ratis.ContainerStateMachine (ContainerStateMachine.java:loadSnapshot(230)) - group-2600C1A698C4: The snapshot info is null. Setting the last applied indexto:(t:0, i:~)
2019-09-26 15:58:57,483 [pool-47-thread-1] INFO  ratis.ContainerStateMachine (ContainerStateMachine.java:loadSnapshot(230)) - group-2600C1A698C4: The snapshot info is null. Setting the last applied indexto:(t:0, i:~)
2019-09-26 15:58:57,484 [pool-57-thread-1] INFO  server.RaftServerConfigKeys (ConfUtils.java:logGet(43)) - raft.server.notification.no-leader.timeout = 120s (custom)
2019-09-26 15:58:57,483 [pool-67-thread-1] INFO  server.RaftServerConfigKeys (ConfUtils.java:logGet(43)) - raft.server.notification.no-leader.timeout = 120s (custom)
2019-09-26 15:58:57,484 [pool-57-thread-1] INFO  server.RaftServerConfigKeys (ConfUtils.java:logGet(43)) - raft.server.log.use.memory = false (default)
2019-09-26 15:58:57,484 [pool-47-thread-1] INFO  server.RaftServerConfigKeys (ConfUtils.java:logGet(43)) - raft.server.notification.no-leader.timeout = 120s (custom)
2019-09-26 15:58:57,484 [pool-57-thread-1] INFO  server.RaftServerConfigKeys (ConfUtils.java:logGet(43)) - raft.server.log.purge.gap = 1000000 (custom)
2019-09-26 15:58:57,484 [pool-67-thread-1] INFO  server.RaftServerConfigKeys (ConfUtils.java:logGet(43)) - raft.server.log.use.memory = false (default)
2019-09-26 15:58:57,485 [pool-57-thread-1] INFO  server.RaftServerConfigKeys (ConfUtils.java:logGet(43)) - raft.server.log.appender.buffer.byte-limit = 33554432 (custom)
2019-09-26 15:58:57,484 [pool-47-thread-1] INFO  server.RaftServerConfigKeys (ConfUtils.java:logGet(43)) - raft.server.log.use.memory = false (default)
2019-09-26 15:58:57,485 [pool-57-thread-1] INFO  server.RaftServerConfigKeys (ConfUtils.java:logGet(43)) - raft.server.log.segment.size.max = 1048576 (custom)
2019-09-26 15:58:57,485 [pool-67-thread-1] INFO  server.RaftServerConfigKeys (ConfUtils.java:logGet(43)) - raft.server.log.purge.gap = 1000000 (custom)
2019-09-26 15:58:57,485 [pool-57-thread-1] INFO  server.RaftServerConfigKeys (ConfUtils.java:logGet(43)) - raft.server.log.segment.cache.num.max = 2 (custom)
2019-09-26 15:58:57,485 [pool-47-thread-1] INFO  server.RaftServerConfigKeys (ConfUtils.java:logGet(43)) - raft.server.log.purge.gap = 1000000 (custom)
2019-09-26 15:58:57,485 [pool-57-thread-1] INFO  segmented.SegmentedRaftLogWorker (SegmentedRaftLogWorker.java:<init>(172)) - new 531ce5b0-66ed-4449-a691-14fda0eca003@group-2600C1A698C4-SegmentedRaftLogWorker for RaftStorage:Storage Directory /workdir/hadoop-ozone/integration-test/target/test-dir/MiniOzoneClusterImpl-cc90927b-9788-4d55-bf9d-8c156a856a16/datanode-3/data/ratis/0e35e86a-de54-45c2-932f-2600c1a698c4
2019-09-26 15:58:57,485 [pool-67-thread-1] INFO  server.RaftServerConfigKeys (ConfUtils.java:logGet(43)) - raft.server.log.appender.buffer.byte-limit = 33554432 (custom)
2019-09-26 15:58:57,486 [pool-57-thread-1] INFO  server.RaftServerConfigKeys (ConfUtils.java:logGet(43)) - raft.server.log.queue.byte-limit = 2147483647 (custom)
2019-09-26 15:58:57,486 [pool-47-thread-1] INFO  server.RaftServerConfigKeys (ConfUtils.java:logGet(43)) - raft.server.log.appender.buffer.byte-limit = 33554432 (custom)
2019-09-26 15:58:57,486 [pool-57-thread-1] INFO  server.RaftServerConfigKeys (ConfUtils.java:logGet(43)) - raft.server.log.queue.element-limit = 1024 (custom)
2019-09-26 15:58:57,486 [pool-67-thread-1] INFO  server.RaftServerConfigKeys (ConfUtils.java:logGet(43)) - raft.server.log.segment.size.max = 1048576 (custom)
2019-09-26 15:58:57,487 [pool-57-thread-1] INFO  server.RaftServerConfigKeys (ConfUtils.java:logGet(43)) - raft.server.log.segment.size.max = 1048576 (custom)
2019-09-26 15:58:57,486 [pool-47-thread-1] INFO  server.RaftServerConfigKeys (ConfUtils.java:logGet(43)) - raft.server.log.segment.size.max = 1048576 (custom)
2019-09-26 15:58:57,487 [pool-57-thread-1] INFO  server.RaftServerConfigKeys (ConfUtils.java:logGet(43)) - raft.server.log.preallocated.size = 16384 (custom)
2019-09-26 15:58:57,487 [pool-67-thread-1] INFO  server.RaftServerConfigKeys (ConfUtils.java:logGet(43)) - raft.server.log.segment.cache.num.max = 2 (custom)
2019-09-26 15:58:57,487 [pool-57-thread-1] INFO  server.RaftServerConfigKeys (ConfUtils.java:logGet(43)) - raft.server.log.write.buffer.size = 33554432 (custom)
2019-09-26 15:58:57,487 [pool-47-thread-1] INFO  server.RaftServerConfigKeys (ConfUtils.java:logGet(43)) - raft.server.log.segment.cache.num.max = 2 (custom)
2019-09-26 15:58:57,487 [pool-57-thread-1] INFO  server.RaftServerConfigKeys (ConfUtils.java:logGet(43)) - raft.server.log.force.sync.num = 128 (default)
2019-09-26 15:58:57,487 [pool-67-thread-1] INFO  segmented.SegmentedRaftLogWorker (SegmentedRaftLogWorker.java:<init>(172)) - new 46167d95-d80a-4b08-b2a5-664081495ac0@group-2600C1A698C4-SegmentedRaftLogWorker for RaftStorage:Storage Directory /workdir/hadoop-ozone/integration-test/target/test-dir/MiniOzoneClusterImpl-cc90927b-9788-4d55-bf9d-8c156a856a16/datanode-4/data/ratis/0e35e86a-de54-45c2-932f-2600c1a698c4
2019-09-26 15:58:57,488 [pool-57-thread-1] INFO  server.RaftServerConfigKeys (ConfUtils.java:logGet(43)) - raft.server.log.statemachine.data.sync = true (default)
2019-09-26 15:58:57,488 [pool-47-thread-1] INFO  segmented.SegmentedRaftLogWorker (SegmentedRaftLogWorker.java:<init>(172)) - new c16f8f41-3eb5-47da-89d5-23b9f4bc14e7@group-2600C1A698C4-SegmentedRaftLogWorker for RaftStorage:Storage Directory /workdir/hadoop-ozone/integration-test/target/test-dir/MiniOzoneClusterImpl-cc90927b-9788-4d55-bf9d-8c156a856a16/datanode-2/data/ratis/0e35e86a-de54-45c2-932f-2600c1a698c4
2019-09-26 15:58:57,488 [pool-57-thread-1] INFO  server.RaftServerConfigKeys (ConfUtils.java:logGet(43)) - raft.server.log.statemachine.data.sync.timeout = 10s (default)
2019-09-26 15:58:57,488 [pool-67-thread-1] INFO  server.RaftServerConfigKeys (ConfUtils.java:logGet(43)) - raft.server.log.queue.byte-limit = 2147483647 (custom)
2019-09-26 15:58:57,488 [pool-57-thread-1] INFO  server.RaftServerConfigKeys (ConfUtils.java:logGet(43)) - raft.server.log.statemachine.data.sync.timeout.retry = -1 (default)
2019-09-26 15:58:57,488 [pool-47-thread-1] INFO  server.RaftServerConfigKeys (ConfUtils.java:logGet(43)) - raft.server.log.queue.byte-limit = 2147483647 (custom)
2019-09-26 15:58:57,489 [pool-57-thread-1] INFO  server.RaftServerConfigKeys (ConfUtils.java:logGet(43)) - raft.server.log.statemachine.data.caching.enabled = true (custom)
2019-09-26 15:58:57,488 [pool-67-thread-1] INFO  server.RaftServerConfigKeys (ConfUtils.java:logGet(43)) - raft.server.log.queue.element-limit = 1024 (custom)
2019-09-26 15:58:57,489 [pool-47-thread-1] INFO  server.RaftServerConfigKeys (ConfUtils.java:logGet(43)) - raft.server.log.queue.element-limit = 1024 (custom)
2019-09-26 15:58:57,489 [pool-57-thread-1] INFO  segmented.SegmentedRaftLogWorker (SegmentedRaftLogWorker.java:lambda$new$0(132)) - 531ce5b0-66ed-4449-a691-14fda0eca003@group-2600C1A698C4-SegmentedRaftLogWorker: flushIndex: setUnconditionally 0 -> -1
2019-09-26 15:58:57,489 [pool-67-thread-1] INFO  server.RaftServerConfigKeys (ConfUtils.java:logGet(43)) - raft.server.log.segment.size.max = 1048576 (custom)
2019-09-26 15:58:57,489 [pool-47-thread-1] INFO  server.RaftServerConfigKeys (ConfUtils.java:logGet(43)) - raft.server.log.segment.size.max = 1048576 (custom)
2019-09-26 15:58:57,490 [pool-57-thread-1] INFO  server.RaftServerConfigKeys (ConfUtils.java:logGet(43)) - raft.server.snapshot.auto.trigger.enabled = true (custom)
2019-09-26 15:58:57,490 [pool-67-thread-1] INFO  server.RaftServerConfigKeys (ConfUtils.java:logGet(43)) - raft.server.log.preallocated.size = 16384 (custom)
2019-09-26 15:58:57,490 [pool-57-thread-1] INFO  server.RaftServerConfigKeys (ConfUtils.java:logGet(43)) - raft.server.snapshot.auto.trigger.threshold = 10000 (custom)
2019-09-26 15:58:57,490 [pool-57-thread-1] INFO  server.RaftServerConfigKeys (ConfUtils.java:logGet(43)) - raft.server.snapshot.retention.num.files = 5 (custom)
2019-09-26 15:58:57,490 [pool-47-thread-1] INFO  server.RaftServerConfigKeys (ConfUtils.java:logGet(43)) - raft.server.log.preallocated.size = 16384 (custom)
2019-09-26 15:58:57,490 [pool-57-thread-1] INFO  server.RaftServerConfigKeys (ConfUtils.java:logGet(43)) - raft.server.retrycache.expirytime = 600000ms (custom)
2019-09-26 15:58:57,490 [pool-67-thread-1] INFO  server.RaftServerConfigKeys (ConfUtils.java:logGet(43)) - raft.server.log.write.buffer.size = 33554432 (custom)
2019-09-26 15:58:57,491 [pool-47-thread-1] INFO  server.RaftServerConfigKeys (ConfUtils.java:logGet(43)) - raft.server.log.write.buffer.size = 33554432 (custom)
2019-09-26 15:58:57,491 [pool-67-thread-1] INFO  server.RaftServerConfigKeys (ConfUtils.java:logGet(43)) - raft.server.log.force.sync.num = 128 (default)
2019-09-26 15:58:57,491 [pool-47-thread-1] INFO  server.RaftServerConfigKeys (ConfUtils.java:logGet(43)) - raft.server.log.force.sync.num = 128 (default)
2019-09-26 15:58:57,491 [pool-67-thread-1] INFO  server.RaftServerConfigKeys (ConfUtils.java:logGet(43)) - raft.server.log.statemachine.data.sync = true (default)
2019-09-26 15:58:57,491 [pool-47-thread-1] INFO  server.RaftServerConfigKeys (ConfUtils.java:logGet(43)) - raft.server.log.statemachine.data.sync = true (default)
2019-09-26 15:58:57,492 [pool-67-thread-1] INFO  server.RaftServerConfigKeys (ConfUtils.java:logGet(43)) - raft.server.log.statemachine.data.sync.timeout = 10s (default)
2019-09-26 15:58:57,492 [pool-47-thread-1] INFO  server.RaftServerConfigKeys (ConfUtils.java:logGet(43)) - raft.server.log.statemachine.data.sync.timeout = 10s (default)
2019-09-26 15:58:57,492 [pool-67-thread-1] INFO  server.RaftServerConfigKeys (ConfUtils.java:logGet(43)) - raft.server.log.statemachine.data.sync.timeout.retry = -1 (default)
2019-09-26 15:58:57,492 [pool-47-thread-1] INFO  server.RaftServerConfigKeys (ConfUtils.java:logGet(43)) - raft.server.log.statemachine.data.sync.timeout.retry = -1 (default)
2019-09-26 15:58:57,492 [pool-67-thread-1] INFO  server.RaftServerConfigKeys (ConfUtils.java:logGet(43)) - raft.server.log.statemachine.data.caching.enabled = true (custom)
2019-09-26 15:58:57,493 [pool-47-thread-1] INFO  server.RaftServerConfigKeys (ConfUtils.java:logGet(43)) - raft.server.log.statemachine.data.caching.enabled = true (custom)
2019-09-26 15:58:57,493 [pool-67-thread-1] INFO  segmented.SegmentedRaftLogWorker (SegmentedRaftLogWorker.java:lambda$new$0(132)) - 46167d95-d80a-4b08-b2a5-664081495ac0@group-2600C1A698C4-SegmentedRaftLogWorker: flushIndex: setUnconditionally 0 -> -1
2019-09-26 15:58:57,493 [pool-47-thread-1] INFO  segmented.SegmentedRaftLogWorker (SegmentedRaftLogWorker.java:lambda$new$0(132)) - c16f8f41-3eb5-47da-89d5-23b9f4bc14e7@group-2600C1A698C4-SegmentedRaftLogWorker: flushIndex: setUnconditionally 0 -> -1
2019-09-26 15:58:57,493 [pool-67-thread-1] INFO  server.RaftServerConfigKeys (ConfUtils.java:logGet(43)) - raft.server.snapshot.auto.trigger.enabled = true (custom)
2019-09-26 15:58:57,493 [pool-67-thread-1] INFO  server.RaftServerConfigKeys (ConfUtils.java:logGet(43)) - raft.server.snapshot.auto.trigger.threshold = 10000 (custom)
2019-09-26 15:58:57,493 [pool-47-thread-1] INFO  server.RaftServerConfigKeys (ConfUtils.java:logGet(43)) - raft.server.snapshot.auto.trigger.enabled = true (custom)
2019-09-26 15:58:57,493 [pool-67-thread-1] INFO  server.RaftServerConfigKeys (ConfUtils.java:logGet(43)) - raft.server.snapshot.retention.num.files = 5 (custom)
2019-09-26 15:58:57,494 [pool-47-thread-1] INFO  server.RaftServerConfigKeys (ConfUtils.java:logGet(43)) - raft.server.snapshot.auto.trigger.threshold = 10000 (custom)
2019-09-26 15:58:57,494 [pool-57-thread-1] INFO  impl.RaftServerImpl (RaftServerImpl.java:start(185)) - 531ce5b0-66ed-4449-a691-14fda0eca003@group-2600C1A698C4: start as a follower, conf=-1: [c16f8f41-3eb5-47da-89d5-23b9f4bc14e7:192.168.157.234:45714, 46167d95-d80a-4b08-b2a5-664081495ac0:192.168.157.234:37564, 531ce5b0-66ed-4449-a691-14fda0eca003:192.168.157.234:45725], old=null
2019-09-26 15:58:57,494 [pool-67-thread-1] INFO  server.RaftServerConfigKeys (ConfUtils.java:logGet(43)) - raft.server.retrycache.expirytime = 600000ms (custom)
2019-09-26 15:58:57,494 [pool-57-thread-1] INFO  impl.RaftServerImpl (RaftServerImpl.java:setRole(174)) - 531ce5b0-66ed-4449-a691-14fda0eca003@group-2600C1A698C4: changes role from      null to FOLLOWER at term 0 for startAsFollower
2019-09-26 15:58:57,494 [pool-47-thread-1] INFO  server.RaftServerConfigKeys (ConfUtils.java:logGet(43)) - raft.server.snapshot.retention.num.files = 5 (custom)
2019-09-26 15:58:57,494 [pool-57-thread-1] INFO  impl.RoleInfo (RoleInfo.java:updateAndGet(143)) - 531ce5b0-66ed-4449-a691-14fda0eca003: start FollowerState
2019-09-26 15:58:57,495 [pool-47-thread-1] INFO  server.RaftServerConfigKeys (ConfUtils.java:logGet(43)) - raft.server.retrycache.expirytime = 600000ms (custom)
2019-09-26 15:58:57,495 [pool-57-thread-1] INFO  util.JmxRegister (JmxRegister.java:tryRegister(44)) - Successfully registered JMX Bean with object name Ratis:service=RaftServer,group=group-2600C1A698C4,id=531ce5b0-66ed-4449-a691-14fda0eca003
2019-09-26 15:58:57,501 [pool-67-thread-1] INFO  impl.RaftServerImpl (RaftServerImpl.java:start(185)) - 46167d95-d80a-4b08-b2a5-664081495ac0@group-2600C1A698C4: start as a follower, conf=-1: [c16f8f41-3eb5-47da-89d5-23b9f4bc14e7:192.168.157.234:45714, 46167d95-d80a-4b08-b2a5-664081495ac0:192.168.157.234:37564, 531ce5b0-66ed-4449-a691-14fda0eca003:192.168.157.234:45725], old=null
2019-09-26 15:58:57,503 [pool-67-thread-1] INFO  impl.RaftServerImpl (RaftServerImpl.java:setRole(174)) - 46167d95-d80a-4b08-b2a5-664081495ac0@group-2600C1A698C4: changes role from      null to FOLLOWER at term 0 for startAsFollower
2019-09-26 15:58:57,503 [pool-67-thread-1] INFO  impl.RoleInfo (RoleInfo.java:updateAndGet(143)) - 46167d95-d80a-4b08-b2a5-664081495ac0: start FollowerState
2019-09-26 15:58:57,503 [pool-47-thread-1] INFO  impl.RaftServerImpl (RaftServerImpl.java:start(185)) - c16f8f41-3eb5-47da-89d5-23b9f4bc14e7@group-2600C1A698C4: start as a follower, conf=-1: [c16f8f41-3eb5-47da-89d5-23b9f4bc14e7:192.168.157.234:45714, 46167d95-d80a-4b08-b2a5-664081495ac0:192.168.157.234:37564, 531ce5b0-66ed-4449-a691-14fda0eca003:192.168.157.234:45725], old=null
2019-09-26 15:58:57,505 [pool-67-thread-1] INFO  util.JmxRegister (JmxRegister.java:tryRegister(44)) - Successfully registered JMX Bean with object name Ratis:service=RaftServer,group=group-2600C1A698C4,id=46167d95-d80a-4b08-b2a5-664081495ac0
2019-09-26 15:58:57,505 [pool-47-thread-1] INFO  impl.RaftServerImpl (RaftServerImpl.java:setRole(174)) - c16f8f41-3eb5-47da-89d5-23b9f4bc14e7@group-2600C1A698C4: changes role from      null to FOLLOWER at term 0 for startAsFollower
2019-09-26 15:58:57,507 [pool-47-thread-1] INFO  impl.RoleInfo (RoleInfo.java:updateAndGet(143)) - c16f8f41-3eb5-47da-89d5-23b9f4bc14e7: start FollowerState
2019-09-26 15:58:57,508 [pool-47-thread-1] INFO  util.JmxRegister (JmxRegister.java:tryRegister(44)) - Successfully registered JMX Bean with object name Ratis:service=RaftServer,group=group-2600C1A698C4,id=c16f8f41-3eb5-47da-89d5-23b9f4bc14e7
2019-09-26 15:58:57,522 [RatisPipelineUtilsThread] INFO  pipeline.PipelineStateManager (PipelineStateManager.java:addPipeline(56)) - Created pipeline Pipeline[ Id: 0e35e86a-de54-45c2-932f-2600c1a698c4, Nodes: c16f8f41-3eb5-47da-89d5-23b9f4bc14e7{ip: 192.168.157.234, host: pr-hdds-2162-htzpk-1451759861, networkLocation: /default-rack, certSerialId: null}531ce5b0-66ed-4449-a691-14fda0eca003{ip: 192.168.157.234, host: pr-hdds-2162-htzpk-1451759861, networkLocation: /default-rack, certSerialId: null}46167d95-d80a-4b08-b2a5-664081495ac0{ip: 192.168.157.234, host: pr-hdds-2162-htzpk-1451759861, networkLocation: /default-rack, certSerialId: null}, Type:RATIS, Factor:THREE, State:OPEN]
2019-09-26 15:58:58,415 [main] INFO  ipc.Client (Client.java:handleConnectionFailure(948)) - Retrying connect to server: localhost/127.0.0.1:0. Already tried 1 time(s); retry policy is RetryUpToMaximumCountWithFixedSleep(maxRetries=10, sleepTime=1000 MILLISECONDS)
2019-09-26 15:58:58,719 [Thread-238] INFO  container.ReplicationManager (ReplicationManager.java:start(162)) - Starting Replication Monitor Thread.
2019-09-26 15:58:58,724 [ReplicationMonitor] INFO  container.ReplicationManager (ReplicationManager.java:run(225)) - Replication Monitor Thread took 1 milliseconds for processing 0 containers.
2019-09-26 15:58:59,416 [main] INFO  ipc.Client (Client.java:handleConnectionFailure(948)) - Retrying connect to server: localhost/127.0.0.1:0. Already tried 2 time(s); retry policy is RetryUpToMaximumCountWithFixedSleep(maxRetries=10, sleepTime=1000 MILLISECONDS)
2019-09-26 15:59:00,418 [main] INFO  ipc.Client (Client.java:handleConnectionFailure(948)) - Retrying connect to server: localhost/127.0.0.1:0. Already tried 3 time(s); retry policy is RetryUpToMaximumCountWithFixedSleep(maxRetries=10, sleepTime=1000 MILLISECONDS)
2019-09-26 15:59:01,419 [main] INFO  ipc.Client (Client.java:handleConnectionFailure(948)) - Retrying connect to server: localhost/127.0.0.1:0. Already tried 4 time(s); retry policy is RetryUpToMaximumCountWithFixedSleep(maxRetries=10, sleepTime=1000 MILLISECONDS)
2019-09-26 15:59:01,530 [Thread-241] INFO  impl.FollowerState (FollowerState.java:run(106)) - f133cb17-324a-49b7-a0dd-425bb032eccb:group-93975E2EAA4A changes to CANDIDATE, lastRpcTime:5066, electionTimeout:5065ms
2019-09-26 15:59:01,533 [Thread-241] INFO  impl.RoleInfo (RoleInfo.java:shutdownFollowerState(121)) - f133cb17-324a-49b7-a0dd-425bb032eccb: shutdown FollowerState
2019-09-26 15:59:01,533 [Thread-241] INFO  impl.RaftServerImpl (RaftServerImpl.java:setRole(174)) - f133cb17-324a-49b7-a0dd-425bb032eccb@group-93975E2EAA4A: changes role from  FOLLOWER to CANDIDATE at term 0 for changeToCandidate
2019-09-26 15:59:01,543 [Thread-241] INFO  impl.RoleInfo (RoleInfo.java:updateAndGet(143)) - f133cb17-324a-49b7-a0dd-425bb032eccb: start LeaderElection
2019-09-26 15:59:01,564 [f133cb17-324a-49b7-a0dd-425bb032eccb@group-93975E2EAA4A:LeaderElection1] INFO  impl.LeaderElection (LeaderElection.java:askForVotes(182)) - f133cb17-324a-49b7-a0dd-425bb032eccb@group-93975E2EAA4A:LeaderElection1: begin an election at term 1 for -1: [f133cb17-324a-49b7-a0dd-425bb032eccb:192.168.157.234:43928], old=null
2019-09-26 15:59:01,566 [f133cb17-324a-49b7-a0dd-425bb032eccb@group-93975E2EAA4A:LeaderElection1] INFO  impl.RoleInfo (RoleInfo.java:shutdownLeaderElection(134)) - f133cb17-324a-49b7-a0dd-425bb032eccb: shutdown LeaderElection
2019-09-26 15:59:01,566 [f133cb17-324a-49b7-a0dd-425bb032eccb@group-93975E2EAA4A:LeaderElection1] INFO  impl.RaftServerImpl (RaftServerImpl.java:setRole(174)) - f133cb17-324a-49b7-a0dd-425bb032eccb@group-93975E2EAA4A: changes role from CANDIDATE to LEADER at term 1 for changeToLeader
2019-09-26 15:59:01,567 [f133cb17-324a-49b7-a0dd-425bb032eccb@group-93975E2EAA4A:LeaderElection1] INFO  impl.RaftServerImpl (ServerState.java:setLeader(253)) - f133cb17-324a-49b7-a0dd-425bb032eccb@group-93975E2EAA4A: change Leader from null to f133cb17-324a-49b7-a0dd-425bb032eccb at term 1 for becomeLeader, leader elected after 5209ms
2019-09-26 15:59:01,576 [f133cb17-324a-49b7-a0dd-425bb032eccb@group-93975E2EAA4A:LeaderElection1] INFO  server.RaftServerConfigKeys (ConfUtils.java:logGet(43)) - raft.server.staging.catchup.gap = 1000 (default)
2019-09-26 15:59:01,576 [f133cb17-324a-49b7-a0dd-425bb032eccb@group-93975E2EAA4A:LeaderElection1] INFO  server.RaftServerConfigKeys (ConfUtils.java:logGet(43)) - raft.server.rpc.sleep.time = 25ms (default)
2019-09-26 15:59:01,579 [f133cb17-324a-49b7-a0dd-425bb032eccb@group-93975E2EAA4A:LeaderElection1] INFO  server.RaftServerConfigKeys (ConfUtils.java:logGet(43)) - raft.server.write.element-limit = 4096 (default)
2019-09-26 15:59:01,582 [f133cb17-324a-49b7-a0dd-425bb032eccb@group-93975E2EAA4A:LeaderElection1] INFO  server.RaftServerConfigKeys (ConfUtils.java:logGet(43)) - raft.server.watch.timeout = 10s (default)
2019-09-26 15:59:01,582 [f133cb17-324a-49b7-a0dd-425bb032eccb@group-93975E2EAA4A:LeaderElection1] INFO  server.RaftServerConfigKeys (ConfUtils.java:logGet(43)) - raft.server.watch.timeout.denomination = 1s (default)
2019-09-26 15:59:01,583 [f133cb17-324a-49b7-a0dd-425bb032eccb@group-93975E2EAA4A:LeaderElection1] INFO  server.RaftServerConfigKeys (ConfUtils.java:logGet(43)) - raft.server.watch.element-limit = 65536 (default)
2019-09-26 15:59:01,595 [f133cb17-324a-49b7-a0dd-425bb032eccb@group-93975E2EAA4A:LeaderElection1] INFO  impl.RoleInfo (RoleInfo.java:updateAndGet(143)) - f133cb17-324a-49b7-a0dd-425bb032eccb: start LeaderState
2019-09-26 15:59:01,620 [f133cb17-324a-49b7-a0dd-425bb032eccb@group-93975E2EAA4A:LeaderElection1] INFO  segmented.SegmentedRaftLogWorker (SegmentedRaftLogWorker.java:startLogSegment(380)) - f133cb17-324a-49b7-a0dd-425bb032eccb@group-93975E2EAA4A-SegmentedRaftLogWorker: Starting segment from index:0
2019-09-26 15:59:01,632 [f133cb17-324a-49b7-a0dd-425bb032eccb@group-93975E2EAA4A:LeaderElection1] INFO  impl.RaftServerImpl (ServerState.java:setRaftConf(354)) - f133cb17-324a-49b7-a0dd-425bb032eccb@group-93975E2EAA4A: set configuration 0: [f133cb17-324a-49b7-a0dd-425bb032eccb:192.168.157.234:43928], old=null at 0
2019-09-26 15:59:01,764 [Thread-244] INFO  impl.FollowerState (FollowerState.java:run(106)) - 72b5c033-f1d7-4ec2-94c9-edc10ba65d6d:group-69698DDF0AD1 changes to CANDIDATE, lastRpcTime:5074, electionTimeout:5072ms
2019-09-26 15:59:01,767 [Thread-244] INFO  impl.RoleInfo (RoleInfo.java:shutdownFollowerState(121)) - 72b5c033-f1d7-4ec2-94c9-edc10ba65d6d: shutdown FollowerState
2019-09-26 15:59:01,767 [Thread-244] INFO  impl.RaftServerImpl (RaftServerImpl.java:setRole(174)) - 72b5c033-f1d7-4ec2-94c9-edc10ba65d6d@group-69698DDF0AD1: changes role from  FOLLOWER to CANDIDATE at term 0 for changeToCandidate
2019-09-26 15:59:01,767 [Thread-244] INFO  impl.RoleInfo (RoleInfo.java:updateAndGet(143)) - 72b5c033-f1d7-4ec2-94c9-edc10ba65d6d: start LeaderElection
2019-09-26 15:59:01,788 [72b5c033-f1d7-4ec2-94c9-edc10ba65d6d@group-69698DDF0AD1:LeaderElection2] INFO  impl.LeaderElection (LeaderElection.java:askForVotes(182)) - 72b5c033-f1d7-4ec2-94c9-edc10ba65d6d@group-69698DDF0AD1:LeaderElection2: begin an election at term 1 for -1: [72b5c033-f1d7-4ec2-94c9-edc10ba65d6d:192.168.157.234:37666], old=null
2019-09-26 15:59:01,795 [72b5c033-f1d7-4ec2-94c9-edc10ba65d6d@group-69698DDF0AD1:LeaderElection2] INFO  impl.RoleInfo (RoleInfo.java:shutdownLeaderElection(134)) - 72b5c033-f1d7-4ec2-94c9-edc10ba65d6d: shutdown LeaderElection
2019-09-26 15:59:01,795 [72b5c033-f1d7-4ec2-94c9-edc10ba65d6d@group-69698DDF0AD1:LeaderElection2] INFO  impl.RaftServerImpl (RaftServerImpl.java:setRole(174)) - 72b5c033-f1d7-4ec2-94c9-edc10ba65d6d@group-69698DDF0AD1: changes role from CANDIDATE to LEADER at term 1 for changeToLeader
2019-09-26 15:59:01,795 [72b5c033-f1d7-4ec2-94c9-edc10ba65d6d@group-69698DDF0AD1:LeaderElection2] INFO  impl.RaftServerImpl (ServerState.java:setLeader(253)) - 72b5c033-f1d7-4ec2-94c9-edc10ba65d6d@group-69698DDF0AD1: change Leader from null to 72b5c033-f1d7-4ec2-94c9-edc10ba65d6d at term 1 for becomeLeader, leader elected after 5125ms
2019-09-26 15:59:01,798 [72b5c033-f1d7-4ec2-94c9-edc10ba65d6d@group-69698DDF0AD1:LeaderElection2] INFO  server.RaftServerConfigKeys (ConfUtils.java:logGet(43)) - raft.server.staging.catchup.gap = 1000 (default)
2019-09-26 15:59:01,798 [72b5c033-f1d7-4ec2-94c9-edc10ba65d6d@group-69698DDF0AD1:LeaderElection2] INFO  server.RaftServerConfigKeys (ConfUtils.java:logGet(43)) - raft.server.rpc.sleep.time = 25ms (default)
2019-09-26 15:59:01,798 [72b5c033-f1d7-4ec2-94c9-edc10ba65d6d@group-69698DDF0AD1:LeaderElection2] INFO  server.RaftServerConfigKeys (ConfUtils.java:logGet(43)) - raft.server.write.element-limit = 4096 (default)
2019-09-26 15:59:01,798 [72b5c033-f1d7-4ec2-94c9-edc10ba65d6d@group-69698DDF0AD1:LeaderElection2] INFO  server.RaftServerConfigKeys (ConfUtils.java:logGet(43)) - raft.server.watch.timeout = 10s (default)
2019-09-26 15:59:01,798 [72b5c033-f1d7-4ec2-94c9-edc10ba65d6d@group-69698DDF0AD1:LeaderElection2] INFO  server.RaftServerConfigKeys (ConfUtils.java:logGet(43)) - raft.server.watch.timeout.denomination = 1s (default)
2019-09-26 15:59:01,799 [72b5c033-f1d7-4ec2-94c9-edc10ba65d6d@group-69698DDF0AD1:LeaderElection2] INFO  server.RaftServerConfigKeys (ConfUtils.java:logGet(43)) - raft.server.watch.element-limit = 65536 (default)
2019-09-26 15:59:01,802 [72b5c033-f1d7-4ec2-94c9-edc10ba65d6d@group-69698DDF0AD1:LeaderElection2] INFO  impl.RoleInfo (RoleInfo.java:updateAndGet(143)) - 72b5c033-f1d7-4ec2-94c9-edc10ba65d6d: start LeaderState
2019-09-26 15:59:01,803 [72b5c033-f1d7-4ec2-94c9-edc10ba65d6d@group-69698DDF0AD1:LeaderElection2] INFO  segmented.SegmentedRaftLogWorker (SegmentedRaftLogWorker.java:startLogSegment(380)) - 72b5c033-f1d7-4ec2-94c9-edc10ba65d6d@group-69698DDF0AD1-SegmentedRaftLogWorker: Starting segment from index:0
2019-09-26 15:59:01,803 [72b5c033-f1d7-4ec2-94c9-edc10ba65d6d@group-69698DDF0AD1:LeaderElection2] INFO  impl.RaftServerImpl (ServerState.java:setRaftConf(354)) - 72b5c033-f1d7-4ec2-94c9-edc10ba65d6d@group-69698DDF0AD1: set configuration 0: [72b5c033-f1d7-4ec2-94c9-edc10ba65d6d:192.168.157.234:37666], old=null at 0
2019-09-26 15:59:01,847 [72b5c033-f1d7-4ec2-94c9-edc10ba65d6d@group-69698DDF0AD1-SegmentedRaftLogWorker] INFO  segmented.SegmentedRaftLogWorker (SegmentedRaftLogWorker.java:execute(569)) - 72b5c033-f1d7-4ec2-94c9-edc10ba65d6d@group-69698DDF0AD1-SegmentedRaftLogWorker: created new log segment /workdir/hadoop-ozone/integration-test/target/test-dir/MiniOzoneClusterImpl-cc90927b-9788-4d55-bf9d-8c156a856a16/datanode-1/data/ratis/973c46a6-1608-4103-8c47-69698ddf0ad1/current/log_inprogress_0
2019-09-26 15:59:01,847 [f133cb17-324a-49b7-a0dd-425bb032eccb@group-93975E2EAA4A-SegmentedRaftLogWorker] INFO  segmented.SegmentedRaftLogWorker (SegmentedRaftLogWorker.java:execute(569)) - f133cb17-324a-49b7-a0dd-425bb032eccb@group-93975E2EAA4A-SegmentedRaftLogWorker: created new log segment /workdir/hadoop-ozone/integration-test/target/test-dir/MiniOzoneClusterImpl-cc90927b-9788-4d55-bf9d-8c156a856a16/datanode-0/data/ratis/2185cbce-3d0d-478d-bb4a-93975e2eaa4a/current/log_inprogress_0
2019-09-26 15:59:02,033 [Thread-247] INFO  impl.FollowerState (FollowerState.java:run(106)) - 3592649d-296e-49cb-9cdc-4bedca6b1b14:group-F35DEF8D4715 changes to CANDIDATE, lastRpcTime:5201, electionTimeout:5200ms
2019-09-26 15:59:02,034 [Thread-247] INFO  impl.RoleInfo (RoleInfo.java:shutdownFollowerState(121)) - 3592649d-296e-49cb-9cdc-4bedca6b1b14: shutdown FollowerState
2019-09-26 15:59:02,034 [Thread-247] INFO  impl.RaftServerImpl (RaftServerImpl.java:setRole(174)) - 3592649d-296e-49cb-9cdc-4bedca6b1b14@group-F35DEF8D4715: changes role from  FOLLOWER to CANDIDATE at term 0 for changeToCandidate
2019-09-26 15:59:02,034 [Thread-247] INFO  impl.RoleInfo (RoleInfo.java:updateAndGet(143)) - 3592649d-296e-49cb-9cdc-4bedca6b1b14: start LeaderElection
2019-09-26 15:59:02,053 [3592649d-296e-49cb-9cdc-4bedca6b1b14@group-F35DEF8D4715:LeaderElection3] INFO  impl.LeaderElection (LeaderElection.java:askForVotes(182)) - 3592649d-296e-49cb-9cdc-4bedca6b1b14@group-F35DEF8D4715:LeaderElection3: begin an election at term 1 for -1: [3592649d-296e-49cb-9cdc-4bedca6b1b14:192.168.157.234:38338], old=null
2019-09-26 15:59:02,056 [3592649d-296e-49cb-9cdc-4bedca6b1b14@group-F35DEF8D4715:LeaderElection3] INFO  impl.RoleInfo (RoleInfo.java:shutdownLeaderElection(134)) - 3592649d-296e-49cb-9cdc-4bedca6b1b14: shutdown LeaderElection
2019-09-26 15:59:02,056 [3592649d-296e-49cb-9cdc-4bedca6b1b14@group-F35DEF8D4715:LeaderElection3] INFO  impl.RaftServerImpl (RaftServerImpl.java:setRole(174)) - 3592649d-296e-49cb-9cdc-4bedca6b1b14@group-F35DEF8D4715: changes role from CANDIDATE to LEADER at term 1 for changeToLeader
2019-09-26 15:59:02,056 [3592649d-296e-49cb-9cdc-4bedca6b1b14@group-F35DEF8D4715:LeaderElection3] INFO  impl.RaftServerImpl (ServerState.java:setLeader(253)) - 3592649d-296e-49cb-9cdc-4bedca6b1b14@group-F35DEF8D4715: change Leader from null to 3592649d-296e-49cb-9cdc-4bedca6b1b14 at term 1 for becomeLeader, leader elected after 5267ms
2019-09-26 15:59:02,058 [3592649d-296e-49cb-9cdc-4bedca6b1b14@group-F35DEF8D4715:LeaderElection3] INFO  server.RaftServerConfigKeys (ConfUtils.java:logGet(43)) - raft.server.staging.catchup.gap = 1000 (default)
2019-09-26 15:59:02,058 [3592649d-296e-49cb-9cdc-4bedca6b1b14@group-F35DEF8D4715:LeaderElection3] INFO  server.RaftServerConfigKeys (ConfUtils.java:logGet(43)) - raft.server.rpc.sleep.time = 25ms (default)
2019-09-26 15:59:02,059 [3592649d-296e-49cb-9cdc-4bedca6b1b14@group-F35DEF8D4715:LeaderElection3] INFO  server.RaftServerConfigKeys (ConfUtils.java:logGet(43)) - raft.server.write.element-limit = 4096 (default)
2019-09-26 15:59:02,059 [3592649d-296e-49cb-9cdc-4bedca6b1b14@group-F35DEF8D4715:LeaderElection3] INFO  server.RaftServerConfigKeys (ConfUtils.java:logGet(43)) - raft.server.watch.timeout = 10s (default)
2019-09-26 15:59:02,059 [3592649d-296e-49cb-9cdc-4bedca6b1b14@group-F35DEF8D4715:LeaderElection3] INFO  server.RaftServerConfigKeys (ConfUtils.java:logGet(43)) - raft.server.watch.timeout.denomination = 1s (default)
2019-09-26 15:59:02,059 [3592649d-296e-49cb-9cdc-4bedca6b1b14@group-F35DEF8D4715:LeaderElection3] INFO  server.RaftServerConfigKeys (ConfUtils.java:logGet(43)) - raft.server.watch.element-limit = 65536 (default)
2019-09-26 15:59:02,063 [3592649d-296e-49cb-9cdc-4bedca6b1b14@group-F35DEF8D4715:LeaderElection3] INFO  impl.RoleInfo (RoleInfo.java:updateAndGet(143)) - 3592649d-296e-49cb-9cdc-4bedca6b1b14: start LeaderState
2019-09-26 15:59:02,063 [3592649d-296e-49cb-9cdc-4bedca6b1b14@group-F35DEF8D4715:LeaderElection3] INFO  segmented.SegmentedRaftLogWorker (SegmentedRaftLogWorker.java:startLogSegment(380)) - 3592649d-296e-49cb-9cdc-4bedca6b1b14@group-F35DEF8D4715-SegmentedRaftLogWorker: Starting segment from index:0
2019-09-26 15:59:02,064 [3592649d-296e-49cb-9cdc-4bedca6b1b14@group-F35DEF8D4715:LeaderElection3] INFO  impl.RaftServerImpl (ServerState.java:setRaftConf(354)) - 3592649d-296e-49cb-9cdc-4bedca6b1b14@group-F35DEF8D4715: set configuration 0: [3592649d-296e-49cb-9cdc-4bedca6b1b14:192.168.157.234:38338], old=null at 0
2019-09-26 15:59:02,097 [3592649d-296e-49cb-9cdc-4bedca6b1b14@group-F35DEF8D4715-SegmentedRaftLogWorker] INFO  segmented.SegmentedRaftLogWorker (SegmentedRaftLogWorker.java:execute(569)) - 3592649d-296e-49cb-9cdc-4bedca6b1b14@group-F35DEF8D4715-SegmentedRaftLogWorker: created new log segment /workdir/hadoop-ozone/integration-test/target/test-dir/MiniOzoneClusterImpl-cc90927b-9788-4d55-bf9d-8c156a856a16/datanode-6/data/ratis/5251135e-767b-452d-8064-f35def8d4715/current/log_inprogress_0
2019-09-26 15:59:02,101 [Thread-250] INFO  impl.FollowerState (FollowerState.java:run(106)) - c16f8f41-3eb5-47da-89d5-23b9f4bc14e7:group-620CAE97254A changes to CANDIDATE, lastRpcTime:5157, electionTimeout:5157ms
2019-09-26 15:59:02,102 [Thread-250] INFO  impl.RoleInfo (RoleInfo.java:shutdownFollowerState(121)) - c16f8f41-3eb5-47da-89d5-23b9f4bc14e7: shutdown FollowerState
2019-09-26 15:59:02,102 [Thread-250] INFO  impl.RaftServerImpl (RaftServerImpl.java:setRole(174)) - c16f8f41-3eb5-47da-89d5-23b9f4bc14e7@group-620CAE97254A: changes role from  FOLLOWER to CANDIDATE at term 0 for changeToCandidate
2019-09-26 15:59:02,102 [Thread-250] INFO  impl.RoleInfo (RoleInfo.java:updateAndGet(143)) - c16f8f41-3eb5-47da-89d5-23b9f4bc14e7: start LeaderElection
2019-09-26 15:59:02,112 [c16f8f41-3eb5-47da-89d5-23b9f4bc14e7@group-620CAE97254A:LeaderElection4] INFO  impl.LeaderElection (LeaderElection.java:askForVotes(182)) - c16f8f41-3eb5-47da-89d5-23b9f4bc14e7@group-620CAE97254A:LeaderElection4: begin an election at term 1 for -1: [c16f8f41-3eb5-47da-89d5-23b9f4bc14e7:192.168.157.234:45714], old=null
2019-09-26 15:59:02,113 [c16f8f41-3eb5-47da-89d5-23b9f4bc14e7@group-620CAE97254A:LeaderElection4] INFO  impl.RoleInfo (RoleInfo.java:shutdownLeaderElection(134)) - c16f8f41-3eb5-47da-89d5-23b9f4bc14e7: shutdown LeaderElection
2019-09-26 15:59:02,113 [c16f8f41-3eb5-47da-89d5-23b9f4bc14e7@group-620CAE97254A:LeaderElection4] INFO  impl.RaftServerImpl (RaftServerImpl.java:setRole(174)) - c16f8f41-3eb5-47da-89d5-23b9f4bc14e7@group-620CAE97254A: changes role from CANDIDATE to LEADER at term 1 for changeToLeader
2019-09-26 15:59:02,113 [c16f8f41-3eb5-47da-89d5-23b9f4bc14e7@group-620CAE97254A:LeaderElection4] INFO  impl.RaftServerImpl (ServerState.java:setLeader(253)) - c16f8f41-3eb5-47da-89d5-23b9f4bc14e7@group-620CAE97254A: change Leader from null to c16f8f41-3eb5-47da-89d5-23b9f4bc14e7 at term 1 for becomeLeader, leader elected after 5188ms
2019-09-26 15:59:02,115 [c16f8f41-3eb5-47da-89d5-23b9f4bc14e7@group-620CAE97254A:LeaderElection4] INFO  server.RaftServerConfigKeys (ConfUtils.java:logGet(43)) - raft.server.staging.catchup.gap = 1000 (default)
2019-09-26 15:59:02,115 [c16f8f41-3eb5-47da-89d5-23b9f4bc14e7@group-620CAE97254A:LeaderElection4] INFO  server.RaftServerConfigKeys (ConfUtils.java:logGet(43)) - raft.server.rpc.sleep.time = 25ms (default)
2019-09-26 15:59:02,115 [c16f8f41-3eb5-47da-89d5-23b9f4bc14e7@group-620CAE97254A:LeaderElection4] INFO  server.RaftServerConfigKeys (ConfUtils.java:logGet(43)) - raft.server.write.element-limit = 4096 (default)
2019-09-26 15:59:02,116 [c16f8f41-3eb5-47da-89d5-23b9f4bc14e7@group-620CAE97254A:LeaderElection4] INFO  server.RaftServerConfigKeys (ConfUtils.java:logGet(43)) - raft.server.watch.timeout = 10s (default)
2019-09-26 15:59:02,116 [c16f8f41-3eb5-47da-89d5-23b9f4bc14e7@group-620CAE97254A:LeaderElection4] INFO  server.RaftServerConfigKeys (ConfUtils.java:logGet(43)) - raft.server.watch.timeout.denomination = 1s (default)
2019-09-26 15:59:02,116 [c16f8f41-3eb5-47da-89d5-23b9f4bc14e7@group-620CAE97254A:LeaderElection4] INFO  server.RaftServerConfigKeys (ConfUtils.java:logGet(43)) - raft.server.watch.element-limit = 65536 (default)
2019-09-26 15:59:02,120 [c16f8f41-3eb5-47da-89d5-23b9f4bc14e7@group-620CAE97254A:LeaderElection4] INFO  impl.RoleInfo (RoleInfo.java:updateAndGet(143)) - c16f8f41-3eb5-47da-89d5-23b9f4bc14e7: start LeaderState
2019-09-26 15:59:02,120 [c16f8f41-3eb5-47da-89d5-23b9f4bc14e7@group-620CAE97254A:LeaderElection4] INFO  segmented.SegmentedRaftLogWorker (SegmentedRaftLogWorker.java:startLogSegment(380)) - c16f8f41-3eb5-47da-89d5-23b9f4bc14e7@group-620CAE97254A-SegmentedRaftLogWorker: Starting segment from index:0
2019-09-26 15:59:02,121 [c16f8f41-3eb5-47da-89d5-23b9f4bc14e7@group-620CAE97254A:LeaderElection4] INFO  impl.RaftServerImpl (ServerState.java:setRaftConf(354)) - c16f8f41-3eb5-47da-89d5-23b9f4bc14e7@group-620CAE97254A: set configuration 0: [c16f8f41-3eb5-47da-89d5-23b9f4bc14e7:192.168.157.234:45714], old=null at 0
2019-09-26 15:59:02,140 [Thread-253] INFO  impl.FollowerState (FollowerState.java:run(106)) - 531ce5b0-66ed-4449-a691-14fda0eca003:group-B93632C1686C changes to CANDIDATE, lastRpcTime:5086, electionTimeout:5080ms
2019-09-26 15:59:02,141 [Thread-253] INFO  impl.RoleInfo (RoleInfo.java:shutdownFollowerState(121)) - 531ce5b0-66ed-4449-a691-14fda0eca003: shutdown FollowerState
2019-09-26 15:59:02,141 [Thread-253] INFO  impl.RaftServerImpl (RaftServerImpl.java:setRole(174)) - 531ce5b0-66ed-4449-a691-14fda0eca003@group-B93632C1686C: changes role from  FOLLOWER to CANDIDATE at term 0 for changeToCandidate
2019-09-26 15:59:02,141 [Thread-253] INFO  impl.RoleInfo (RoleInfo.java:updateAndGet(143)) - 531ce5b0-66ed-4449-a691-14fda0eca003: start LeaderElection
2019-09-26 15:59:02,154 [c16f8f41-3eb5-47da-89d5-23b9f4bc14e7@group-620CAE97254A-SegmentedRaftLogWorker] INFO  segmented.SegmentedRaftLogWorker (SegmentedRaftLogWorker.java:execute(569)) - c16f8f41-3eb5-47da-89d5-23b9f4bc14e7@group-620CAE97254A-SegmentedRaftLogWorker: created new log segment /workdir/hadoop-ozone/integration-test/target/test-dir/MiniOzoneClusterImpl-cc90927b-9788-4d55-bf9d-8c156a856a16/datanode-2/data/ratis/a8ad0475-b204-4df7-a40c-620cae97254a/current/log_inprogress_0
2019-09-26 15:59:02,154 [531ce5b0-66ed-4449-a691-14fda0eca003@group-B93632C1686C:LeaderElection5] INFO  impl.LeaderElection (LeaderElection.java:askForVotes(182)) - 531ce5b0-66ed-4449-a691-14fda0eca003@group-B93632C1686C:LeaderElection5: begin an election at term 1 for -1: [531ce5b0-66ed-4449-a691-14fda0eca003:192.168.157.234:45725], old=null
2019-09-26 15:59:02,155 [531ce5b0-66ed-4449-a691-14fda0eca003@group-B93632C1686C:LeaderElection5] INFO  impl.RoleInfo (RoleInfo.java:shutdownLeaderElection(134)) - 531ce5b0-66ed-4449-a691-14fda0eca003: shutdown LeaderElection
2019-09-26 15:59:02,155 [531ce5b0-66ed-4449-a691-14fda0eca003@group-B93632C1686C:LeaderElection5] INFO  impl.RaftServerImpl (RaftServerImpl.java:setRole(174)) - 531ce5b0-66ed-4449-a691-14fda0eca003@group-B93632C1686C: changes role from CANDIDATE to LEADER at term 1 for changeToLeader
2019-09-26 15:59:02,155 [531ce5b0-66ed-4449-a691-14fda0eca003@group-B93632C1686C:LeaderElection5] INFO  impl.RaftServerImpl (ServerState.java:setLeader(253)) - 531ce5b0-66ed-4449-a691-14fda0eca003@group-B93632C1686C: change Leader from null to 531ce5b0-66ed-4449-a691-14fda0eca003 at term 1 for becomeLeader, leader elected after 5119ms
2019-09-26 15:59:02,157 [531ce5b0-66ed-4449-a691-14fda0eca003@group-B93632C1686C:LeaderElection5] INFO  server.RaftServerConfigKeys (ConfUtils.java:logGet(43)) - raft.server.staging.catchup.gap = 1000 (default)
2019-09-26 15:59:02,157 [531ce5b0-66ed-4449-a691-14fda0eca003@group-B93632C1686C:LeaderElection5] INFO  server.RaftServerConfigKeys (ConfUtils.java:logGet(43)) - raft.server.rpc.sleep.time = 25ms (default)
2019-09-26 15:59:02,158 [531ce5b0-66ed-4449-a691-14fda0eca003@group-B93632C1686C:LeaderElection5] INFO  server.RaftServerConfigKeys (ConfUtils.java:logGet(43)) - raft.server.write.element-limit = 4096 (default)
2019-09-26 15:59:02,158 [531ce5b0-66ed-4449-a691-14fda0eca003@group-B93632C1686C:LeaderElection5] INFO  server.RaftServerConfigKeys (ConfUtils.java:logGet(43)) - raft.server.watch.timeout = 10s (default)
2019-09-26 15:59:02,158 [531ce5b0-66ed-4449-a691-14fda0eca003@group-B93632C1686C:LeaderElection5] INFO  server.RaftServerConfigKeys (ConfUtils.java:logGet(43)) - raft.server.watch.timeout.denomination = 1s (default)
2019-09-26 15:59:02,158 [531ce5b0-66ed-4449-a691-14fda0eca003@group-B93632C1686C:LeaderElection5] INFO  server.RaftServerConfigKeys (ConfUtils.java:logGet(43)) - raft.server.watch.element-limit = 65536 (default)
2019-09-26 15:59:02,161 [531ce5b0-66ed-4449-a691-14fda0eca003@group-B93632C1686C:LeaderElection5] INFO  impl.RoleInfo (RoleInfo.java:updateAndGet(143)) - 531ce5b0-66ed-4449-a691-14fda0eca003: start LeaderState
2019-09-26 15:59:02,161 [531ce5b0-66ed-4449-a691-14fda0eca003@group-B93632C1686C:LeaderElection5] INFO  segmented.SegmentedRaftLogWorker (SegmentedRaftLogWorker.java:startLogSegment(380)) - 531ce5b0-66ed-4449-a691-14fda0eca003@group-B93632C1686C-SegmentedRaftLogWorker: Starting segment from index:0
2019-09-26 15:59:02,162 [531ce5b0-66ed-4449-a691-14fda0eca003@group-B93632C1686C:LeaderElection5] INFO  impl.RaftServerImpl (ServerState.java:setRaftConf(354)) - 531ce5b0-66ed-4449-a691-14fda0eca003@group-B93632C1686C: set configuration 0: [531ce5b0-66ed-4449-a691-14fda0eca003:192.168.157.234:45725], old=null at 0
2019-09-26 15:59:02,196 [531ce5b0-66ed-4449-a691-14fda0eca003@group-B93632C1686C-SegmentedRaftLogWorker] INFO  segmented.SegmentedRaftLogWorker (SegmentedRaftLogWorker.java:execute(569)) - 531ce5b0-66ed-4449-a691-14fda0eca003@group-B93632C1686C-SegmentedRaftLogWorker: created new log segment /workdir/hadoop-ozone/integration-test/target/test-dir/MiniOzoneClusterImpl-cc90927b-9788-4d55-bf9d-8c156a856a16/datanode-3/data/ratis/2c5c7ba7-bc9b-4352-b0e8-b93632c1686c/current/log_inprogress_0
2019-09-26 15:59:02,348 [Thread-256] INFO  impl.FollowerState (FollowerState.java:run(106)) - 46167d95-d80a-4b08-b2a5-664081495ac0:group-93218C050F6D changes to CANDIDATE, lastRpcTime:5197, electionTimeout:5197ms
2019-09-26 15:59:02,348 [Thread-256] INFO  impl.RoleInfo (RoleInfo.java:shutdownFollowerState(121)) - 46167d95-d80a-4b08-b2a5-664081495ac0: shutdown FollowerState
2019-09-26 15:59:02,349 [Thread-256] INFO  impl.RaftServerImpl (RaftServerImpl.java:setRole(174)) - 46167d95-d80a-4b08-b2a5-664081495ac0@group-93218C050F6D: changes role from  FOLLOWER to CANDIDATE at term 0 for changeToCandidate
2019-09-26 15:59:02,349 [Thread-256] INFO  impl.RoleInfo (RoleInfo.java:updateAndGet(143)) - 46167d95-d80a-4b08-b2a5-664081495ac0: start LeaderElection
2019-09-26 15:59:02,377 [46167d95-d80a-4b08-b2a5-664081495ac0@group-93218C050F6D:LeaderElection6] INFO  impl.LeaderElection (LeaderElection.java:askForVotes(182)) - 46167d95-d80a-4b08-b2a5-664081495ac0@group-93218C050F6D:LeaderElection6: begin an election at term 1 for -1: [46167d95-d80a-4b08-b2a5-664081495ac0:192.168.157.234:37564], old=null
2019-09-26 15:59:02,377 [46167d95-d80a-4b08-b2a5-664081495ac0@group-93218C050F6D:LeaderElection6] INFO  impl.RoleInfo (RoleInfo.java:shutdownLeaderElection(134)) - 46167d95-d80a-4b08-b2a5-664081495ac0: shutdown LeaderElection
2019-09-26 15:59:02,378 [46167d95-d80a-4b08-b2a5-664081495ac0@group-93218C050F6D:LeaderElection6] INFO  impl.RaftServerImpl (RaftServerImpl.java:setRole(174)) - 46167d95-d80a-4b08-b2a5-664081495ac0@group-93218C050F6D: changes role from CANDIDATE to LEADER at term 1 for changeToLeader
2019-09-26 15:59:02,378 [46167d95-d80a-4b08-b2a5-664081495ac0@group-93218C050F6D:LeaderElection6] INFO  impl.RaftServerImpl (ServerState.java:setLeader(253)) - 46167d95-d80a-4b08-b2a5-664081495ac0@group-93218C050F6D: change Leader from null to 46167d95-d80a-4b08-b2a5-664081495ac0 at term 1 for becomeLeader, leader elected after 5243ms
2019-09-26 15:59:02,380 [46167d95-d80a-4b08-b2a5-664081495ac0@group-93218C050F6D:LeaderElection6] INFO  server.RaftServerConfigKeys (ConfUtils.java:logGet(43)) - raft.server.staging.catchup.gap = 1000 (default)
2019-09-26 15:59:02,380 [46167d95-d80a-4b08-b2a5-664081495ac0@group-93218C050F6D:LeaderElection6] INFO  server.RaftServerConfigKeys (ConfUtils.java:logGet(43)) - raft.server.rpc.sleep.time = 25ms (default)
2019-09-26 15:59:02,380 [46167d95-d80a-4b08-b2a5-664081495ac0@group-93218C050F6D:LeaderElection6] INFO  server.RaftServerConfigKeys (ConfUtils.java:logGet(43)) - raft.server.write.element-limit = 4096 (default)
2019-09-26 15:59:02,380 [46167d95-d80a-4b08-b2a5-664081495ac0@group-93218C050F6D:LeaderElection6] INFO  server.RaftServerConfigKeys (ConfUtils.java:logGet(43)) - raft.server.watch.timeout = 10s (default)
2019-09-26 15:59:02,381 [46167d95-d80a-4b08-b2a5-664081495ac0@group-93218C050F6D:LeaderElection6] INFO  server.RaftServerConfigKeys (ConfUtils.java:logGet(43)) - raft.server.watch.timeout.denomination = 1s (default)
2019-09-26 15:59:02,381 [46167d95-d80a-4b08-b2a5-664081495ac0@group-93218C050F6D:LeaderElection6] INFO  server.RaftServerConfigKeys (ConfUtils.java:logGet(43)) - raft.server.watch.element-limit = 65536 (default)
2019-09-26 15:59:02,384 [46167d95-d80a-4b08-b2a5-664081495ac0@group-93218C050F6D:LeaderElection6] INFO  impl.RoleInfo (RoleInfo.java:updateAndGet(143)) - 46167d95-d80a-4b08-b2a5-664081495ac0: start LeaderState
2019-09-26 15:59:02,384 [46167d95-d80a-4b08-b2a5-664081495ac0@group-93218C050F6D:LeaderElection6] INFO  segmented.SegmentedRaftLogWorker (SegmentedRaftLogWorker.java:startLogSegment(380)) - 46167d95-d80a-4b08-b2a5-664081495ac0@group-93218C050F6D-SegmentedRaftLogWorker: Starting segment from index:0
2019-09-26 15:59:02,384 [Thread-259] INFO  impl.FollowerState (FollowerState.java:run(106)) - c7167ead-7a9c-4e16-bf2a-ea12ed09b37e:group-098876A5761C changes to CANDIDATE, lastRpcTime:5128, electionTimeout:5128ms
2019-09-26 15:59:02,385 [Thread-259] INFO  impl.RoleInfo (RoleInfo.java:shutdownFollowerState(121)) - c7167ead-7a9c-4e16-bf2a-ea12ed09b37e: shutdown FollowerState
2019-09-26 15:59:02,385 [46167d95-d80a-4b08-b2a5-664081495ac0@group-93218C050F6D:LeaderElection6] INFO  impl.RaftServerImpl (ServerState.java:setRaftConf(354)) - 46167d95-d80a-4b08-b2a5-664081495ac0@group-93218C050F6D: set configuration 0: [46167d95-d80a-4b08-b2a5-664081495ac0:192.168.157.234:37564], old=null at 0
2019-09-26 15:59:02,385 [Thread-259] INFO  impl.RaftServerImpl (RaftServerImpl.java:setRole(174)) - c7167ead-7a9c-4e16-bf2a-ea12ed09b37e@group-098876A5761C: changes role from  FOLLOWER to CANDIDATE at term 0 for changeToCandidate
2019-09-26 15:59:02,405 [Thread-259] INFO  impl.RoleInfo (RoleInfo.java:updateAndGet(143)) - c7167ead-7a9c-4e16-bf2a-ea12ed09b37e: start LeaderElection
2019-09-26 15:59:02,412 [Thread-266] INFO  impl.FollowerState (FollowerState.java:run(106)) - f133cb17-324a-49b7-a0dd-425bb032eccb:group-0057A25079F2 changes to CANDIDATE, lastRpcTime:5032, electionTimeout:5031ms
2019-09-26 15:59:02,413 [Thread-266] INFO  impl.RoleInfo (RoleInfo.java:shutdownFollowerState(121)) - f133cb17-324a-49b7-a0dd-425bb032eccb: shutdown FollowerState
2019-09-26 15:59:02,413 [Thread-266] INFO  impl.RaftServerImpl (RaftServerImpl.java:setRole(174)) - f133cb17-324a-49b7-a0dd-425bb032eccb@group-0057A25079F2: changes role from  FOLLOWER to CANDIDATE at term 0 for changeToCandidate
2019-09-26 15:59:02,413 [Thread-266] INFO  impl.RoleInfo (RoleInfo.java:updateAndGet(143)) - f133cb17-324a-49b7-a0dd-425bb032eccb: start LeaderElection
2019-09-26 15:59:02,419 [46167d95-d80a-4b08-b2a5-664081495ac0@group-93218C050F6D-SegmentedRaftLogWorker] INFO  segmented.SegmentedRaftLogWorker (SegmentedRaftLogWorker.java:execute(569)) - 46167d95-d80a-4b08-b2a5-664081495ac0@group-93218C050F6D-SegmentedRaftLogWorker: created new log segment /workdir/hadoop-ozone/integration-test/target/test-dir/MiniOzoneClusterImpl-cc90927b-9788-4d55-bf9d-8c156a856a16/datanode-4/data/ratis/55205370-061e-4fac-aa65-93218c050f6d/current/log_inprogress_0
2019-09-26 15:59:02,420 [c7167ead-7a9c-4e16-bf2a-ea12ed09b37e@group-098876A5761C:LeaderElection7] INFO  impl.LeaderElection (LeaderElection.java:askForVotes(182)) - c7167ead-7a9c-4e16-bf2a-ea12ed09b37e@group-098876A5761C:LeaderElection7: begin an election at term 1 for -1: [c7167ead-7a9c-4e16-bf2a-ea12ed09b37e:192.168.157.234:33739], old=null
2019-09-26 15:59:02,420 [c7167ead-7a9c-4e16-bf2a-ea12ed09b37e@group-098876A5761C:LeaderElection7] INFO  impl.RoleInfo (RoleInfo.java:shutdownLeaderElection(134)) - c7167ead-7a9c-4e16-bf2a-ea12ed09b37e: shutdown LeaderElection
2019-09-26 15:59:02,420 [c7167ead-7a9c-4e16-bf2a-ea12ed09b37e@group-098876A5761C:LeaderElection7] INFO  impl.RaftServerImpl (RaftServerImpl.java:setRole(174)) - c7167ead-7a9c-4e16-bf2a-ea12ed09b37e@group-098876A5761C: changes role from CANDIDATE to LEADER at term 1 for changeToLeader
2019-09-26 15:59:02,420 [c7167ead-7a9c-4e16-bf2a-ea12ed09b37e@group-098876A5761C:LeaderElection7] INFO  impl.RaftServerImpl (ServerState.java:setLeader(253)) - c7167ead-7a9c-4e16-bf2a-ea12ed09b37e@group-098876A5761C: change Leader from null to c7167ead-7a9c-4e16-bf2a-ea12ed09b37e at term 1 for becomeLeader, leader elected after 5177ms
2019-09-26 15:59:02,422 [c7167ead-7a9c-4e16-bf2a-ea12ed09b37e@group-098876A5761C:LeaderElection7] INFO  server.RaftServerConfigKeys (ConfUtils.java:logGet(43)) - raft.server.staging.catchup.gap = 1000 (default)
2019-09-26 15:59:02,423 [main] INFO  ipc.Client (Client.java:handleConnectionFailure(948)) - Retrying connect to server: localhost/127.0.0.1:0. Already tried 5 time(s); retry policy is RetryUpToMaximumCountWithFixedSleep(maxRetries=10, sleepTime=1000 MILLISECONDS)
2019-09-26 15:59:02,423 [c7167ead-7a9c-4e16-bf2a-ea12ed09b37e@group-098876A5761C:LeaderElection7] INFO  server.RaftServerConfigKeys (ConfUtils.java:logGet(43)) - raft.server.rpc.sleep.time = 25ms (default)
2019-09-26 15:59:02,423 [c7167ead-7a9c-4e16-bf2a-ea12ed09b37e@group-098876A5761C:LeaderElection7] INFO  server.RaftServerConfigKeys (ConfUtils.java:logGet(43)) - raft.server.write.element-limit = 4096 (default)
2019-09-26 15:59:02,424 [f133cb17-324a-49b7-a0dd-425bb032eccb@group-0057A25079F2:LeaderElection8] INFO  impl.LeaderElection (LeaderElection.java:askForVotes(182)) - f133cb17-324a-49b7-a0dd-425bb032eccb@group-0057A25079F2:LeaderElection8: begin an election at term 1 for -1: [72b5c033-f1d7-4ec2-94c9-edc10ba65d6d:192.168.157.234:37666, 3592649d-296e-49cb-9cdc-4bedca6b1b14:192.168.157.234:38338, f133cb17-324a-49b7-a0dd-425bb032eccb:192.168.157.234:43928], old=null
2019-09-26 15:59:02,424 [Thread-267] INFO  impl.FollowerState (FollowerState.java:run(106)) - 3592649d-296e-49cb-9cdc-4bedca6b1b14:group-0057A25079F2 changes to CANDIDATE, lastRpcTime:5046, electionTimeout:5046ms
2019-09-26 15:59:02,424 [c7167ead-7a9c-4e16-bf2a-ea12ed09b37e@group-098876A5761C:LeaderElection7] INFO  server.RaftServerConfigKeys (ConfUtils.java:logGet(43)) - raft.server.watch.timeout = 10s (default)
2019-09-26 15:59:02,424 [Thread-267] INFO  impl.RoleInfo (RoleInfo.java:shutdownFollowerState(121)) - 3592649d-296e-49cb-9cdc-4bedca6b1b14: shutdown FollowerState
2019-09-26 15:59:02,424 [c7167ead-7a9c-4e16-bf2a-ea12ed09b37e@group-098876A5761C:LeaderElection7] INFO  server.RaftServerConfigKeys (ConfUtils.java:logGet(43)) - raft.server.watch.timeout.denomination = 1s (default)
2019-09-26 15:59:02,424 [Thread-267] INFO  impl.RaftServerImpl (RaftServerImpl.java:setRole(174)) - 3592649d-296e-49cb-9cdc-4bedca6b1b14@group-0057A25079F2: changes role from  FOLLOWER to CANDIDATE at term 0 for changeToCandidate
2019-09-26 15:59:02,425 [c7167ead-7a9c-4e16-bf2a-ea12ed09b37e@group-098876A5761C:LeaderElection7] INFO  server.RaftServerConfigKeys (ConfUtils.java:logGet(43)) - raft.server.watch.element-limit = 65536 (default)
2019-09-26 15:59:02,425 [Thread-267] INFO  impl.RoleInfo (RoleInfo.java:updateAndGet(143)) - 3592649d-296e-49cb-9cdc-4bedca6b1b14: start LeaderElection
2019-09-26 15:59:02,433 [c7167ead-7a9c-4e16-bf2a-ea12ed09b37e@group-098876A5761C:LeaderElection7] INFO  impl.RoleInfo (RoleInfo.java:updateAndGet(143)) - c7167ead-7a9c-4e16-bf2a-ea12ed09b37e: start LeaderState
2019-09-26 15:59:02,433 [c7167ead-7a9c-4e16-bf2a-ea12ed09b37e@group-098876A5761C:LeaderElection7] INFO  segmented.SegmentedRaftLogWorker (SegmentedRaftLogWorker.java:startLogSegment(380)) - c7167ead-7a9c-4e16-bf2a-ea12ed09b37e@group-098876A5761C-SegmentedRaftLogWorker: Starting segment from index:0
2019-09-26 15:59:02,434 [c7167ead-7a9c-4e16-bf2a-ea12ed09b37e@group-098876A5761C:LeaderElection7] INFO  impl.RaftServerImpl (ServerState.java:setRaftConf(354)) - c7167ead-7a9c-4e16-bf2a-ea12ed09b37e@group-098876A5761C: set configuration 0: [c7167ead-7a9c-4e16-bf2a-ea12ed09b37e:192.168.157.234:33739], old=null at 0
2019-09-26 15:59:02,477 [3592649d-296e-49cb-9cdc-4bedca6b1b14@group-0057A25079F2:LeaderElection9] INFO  impl.LeaderElection (LeaderElection.java:askForVotes(182)) - 3592649d-296e-49cb-9cdc-4bedca6b1b14@group-0057A25079F2:LeaderElection9: begin an election at term 1 for -1: [72b5c033-f1d7-4ec2-94c9-edc10ba65d6d:192.168.157.234:37666, 3592649d-296e-49cb-9cdc-4bedca6b1b14:192.168.157.234:38338, f133cb17-324a-49b7-a0dd-425bb032eccb:192.168.157.234:43928], old=null
2019-09-26 15:59:02,490 [c7167ead-7a9c-4e16-bf2a-ea12ed09b37e@group-098876A5761C-SegmentedRaftLogWorker] INFO  segmented.SegmentedRaftLogWorker (SegmentedRaftLogWorker.java:execute(569)) - c7167ead-7a9c-4e16-bf2a-ea12ed09b37e@group-098876A5761C-SegmentedRaftLogWorker: created new log segment /workdir/hadoop-ozone/integration-test/target/test-dir/MiniOzoneClusterImpl-cc90927b-9788-4d55-bf9d-8c156a856a16/datanode-5/data/ratis/6e4892e5-e18a-4b27-aa77-098876a5761c/current/log_inprogress_0
2019-09-26 15:59:02,516 [grpc-default-executor-1] INFO  impl.RaftServerImpl (RaftServerImpl.java:setRole(174)) - 72b5c033-f1d7-4ec2-94c9-edc10ba65d6d@group-0057A25079F2: changes role from  FOLLOWER to FOLLOWER at term 1 for recognizeCandidate:f133cb17-324a-49b7-a0dd-425bb032eccb
2019-09-26 15:59:02,516 [grpc-default-executor-1] INFO  impl.RoleInfo (RoleInfo.java:shutdownFollowerState(121)) - 72b5c033-f1d7-4ec2-94c9-edc10ba65d6d: shutdown FollowerState
2019-09-26 15:59:02,517 [grpc-default-executor-1] INFO  impl.RoleInfo (RoleInfo.java:updateAndGet(143)) - 72b5c033-f1d7-4ec2-94c9-edc10ba65d6d: start FollowerState
2019-09-26 15:59:02,517 [Thread-264] INFO  impl.FollowerState (FollowerState.java:run(115)) - 72b5c033-f1d7-4ec2-94c9-edc10ba65d6d: FollowerState was interrupted: java.lang.InterruptedException: sleep interrupted
2019-09-26 15:59:02,559 [3592649d-296e-49cb-9cdc-4bedca6b1b14@group-0057A25079F2:LeaderElection9] INFO  impl.LeaderElection (LeaderElection.java:logAndReturn(56)) - 3592649d-296e-49cb-9cdc-4bedca6b1b14@group-0057A25079F2:LeaderElection9: Election REJECTED; received 2 response(s) [3592649d-296e-49cb-9cdc-4bedca6b1b14<-72b5c033-f1d7-4ec2-94c9-edc10ba65d6d#0:FAIL-t1, 3592649d-296e-49cb-9cdc-4bedca6b1b14<-f133cb17-324a-49b7-a0dd-425bb032eccb#0:FAIL-t1] and 0 exception(s); 3592649d-296e-49cb-9cdc-4bedca6b1b14@group-0057A25079F2:t1, leader=null, voted=3592649d-296e-49cb-9cdc-4bedca6b1b14, raftlog=3592649d-296e-49cb-9cdc-4bedca6b1b14@group-0057A25079F2-SegmentedRaftLog:OPENED:c-1,f-1,i0, conf=-1: [72b5c033-f1d7-4ec2-94c9-edc10ba65d6d:192.168.157.234:37666, 3592649d-296e-49cb-9cdc-4bedca6b1b14:192.168.157.234:38338, f133cb17-324a-49b7-a0dd-425bb032eccb:192.168.157.234:43928], old=null
2019-09-26 15:59:02,559 [f133cb17-324a-49b7-a0dd-425bb032eccb@group-0057A25079F2:LeaderElection8] INFO  impl.LeaderElection (LeaderElection.java:logAndReturn(56)) - f133cb17-324a-49b7-a0dd-425bb032eccb@group-0057A25079F2:LeaderElection8: Election PASSED; received 2 response(s) [f133cb17-324a-49b7-a0dd-425bb032eccb<-72b5c033-f1d7-4ec2-94c9-edc10ba65d6d#0:OK-t1, f133cb17-324a-49b7-a0dd-425bb032eccb<-3592649d-296e-49cb-9cdc-4bedca6b1b14#0:FAIL-t1] and 0 exception(s); f133cb17-324a-49b7-a0dd-425bb032eccb@group-0057A25079F2:t1, leader=null, voted=f133cb17-324a-49b7-a0dd-425bb032eccb, raftlog=f133cb17-324a-49b7-a0dd-425bb032eccb@group-0057A25079F2-SegmentedRaftLog:OPENED:c-1,f-1,i0, conf=-1: [72b5c033-f1d7-4ec2-94c9-edc10ba65d6d:192.168.157.234:37666, 3592649d-296e-49cb-9cdc-4bedca6b1b14:192.168.157.234:38338, f133cb17-324a-49b7-a0dd-425bb032eccb:192.168.157.234:43928], old=null
2019-09-26 15:59:02,559 [3592649d-296e-49cb-9cdc-4bedca6b1b14@group-0057A25079F2:LeaderElection9] INFO  impl.RaftServerImpl (RaftServerImpl.java:setRole(174)) - 3592649d-296e-49cb-9cdc-4bedca6b1b14@group-0057A25079F2: changes role from CANDIDATE to FOLLOWER at term 1 for DISCOVERED_A_NEW_TERM
2019-09-26 15:59:02,564 [f133cb17-324a-49b7-a0dd-425bb032eccb@group-0057A25079F2:LeaderElection8] INFO  impl.RoleInfo (RoleInfo.java:shutdownLeaderElection(134)) - f133cb17-324a-49b7-a0dd-425bb032eccb: shutdown LeaderElection
2019-09-26 15:59:02,564 [3592649d-296e-49cb-9cdc-4bedca6b1b14@group-0057A25079F2:LeaderElection9] INFO  impl.RoleInfo (RoleInfo.java:shutdownLeaderElection(134)) - 3592649d-296e-49cb-9cdc-4bedca6b1b14: shutdown LeaderElection
2019-09-26 15:59:02,566 [f133cb17-324a-49b7-a0dd-425bb032eccb@group-0057A25079F2:LeaderElection8] INFO  impl.RaftServerImpl (RaftServerImpl.java:setRole(174)) - f133cb17-324a-49b7-a0dd-425bb032eccb@group-0057A25079F2: changes role from CANDIDATE to LEADER at term 1 for changeToLeader
2019-09-26 15:59:02,566 [3592649d-296e-49cb-9cdc-4bedca6b1b14@group-0057A25079F2:LeaderElection9] INFO  impl.RoleInfo (RoleInfo.java:updateAndGet(143)) - 3592649d-296e-49cb-9cdc-4bedca6b1b14: start FollowerState
2019-09-26 15:59:02,567 [f133cb17-324a-49b7-a0dd-425bb032eccb@group-0057A25079F2:LeaderElection8] INFO  impl.RaftServerImpl (ServerState.java:setLeader(253)) - f133cb17-324a-49b7-a0dd-425bb032eccb@group-0057A25079F2: change Leader from null to f133cb17-324a-49b7-a0dd-425bb032eccb at term 1 for becomeLeader, leader elected after 5206ms
2019-09-26 15:59:02,567 [f133cb17-324a-49b7-a0dd-425bb032eccb@group-0057A25079F2:LeaderElection8] INFO  server.RaftServerConfigKeys (ConfUtils.java:logGet(43)) - raft.server.staging.catchup.gap = 1000 (default)
2019-09-26 15:59:02,569 [f133cb17-324a-49b7-a0dd-425bb032eccb@group-0057A25079F2:LeaderElection8] INFO  server.RaftServerConfigKeys (ConfUtils.java:logGet(43)) - raft.server.rpc.sleep.time = 25ms (default)
2019-09-26 15:59:02,569 [f133cb17-324a-49b7-a0dd-425bb032eccb@group-0057A25079F2:LeaderElection8] INFO  server.RaftServerConfigKeys (ConfUtils.java:logGet(43)) - raft.server.write.element-limit = 4096 (default)
2019-09-26 15:59:02,570 [f133cb17-324a-49b7-a0dd-425bb032eccb@group-0057A25079F2:LeaderElection8] INFO  server.RaftServerConfigKeys (ConfUtils.java:logGet(43)) - raft.server.watch.timeout = 10s (default)
2019-09-26 15:59:02,570 [f133cb17-324a-49b7-a0dd-425bb032eccb@group-0057A25079F2:LeaderElection8] INFO  server.RaftServerConfigKeys (ConfUtils.java:logGet(43)) - raft.server.watch.timeout.denomination = 1s (default)
2019-09-26 15:59:02,570 [f133cb17-324a-49b7-a0dd-425bb032eccb@group-0057A25079F2:LeaderElection8] INFO  server.RaftServerConfigKeys (ConfUtils.java:logGet(43)) - raft.server.watch.element-limit = 65536 (default)
2019-09-26 15:59:02,576 [f133cb17-324a-49b7-a0dd-425bb032eccb@group-0057A25079F2:LeaderElection8] INFO  server.RaftServerConfigKeys (ConfUtils.java:logGet(43)) - raft.server.log.appender.snapshot.chunk.size.max = 16MB (=16777216) (default)
2019-09-26 15:59:02,577 [f133cb17-324a-49b7-a0dd-425bb032eccb@group-0057A25079F2:LeaderElection8] INFO  server.RaftServerConfigKeys (ConfUtils.java:logGet(43)) - raft.server.log.appender.buffer.byte-limit = 33554432 (custom)
2019-09-26 15:59:02,577 [f133cb17-324a-49b7-a0dd-425bb032eccb@group-0057A25079F2:LeaderElection8] INFO  server.RaftServerConfigKeys (ConfUtils.java:logGet(43)) - raft.server.log.appender.buffer.element-limit = 1 (custom)
2019-09-26 15:59:02,582 [f133cb17-324a-49b7-a0dd-425bb032eccb@group-0057A25079F2:LeaderElection8] INFO  grpc.GrpcConfigKeys$Server (ConfUtils.java:logGet(43)) - raft.grpc.server.leader.outstanding.appends.max = 128 (default)
2019-09-26 15:59:02,582 [f133cb17-324a-49b7-a0dd-425bb032eccb@group-0057A25079F2:LeaderElection8] INFO  server.RaftServerConfigKeys (ConfUtils.java:logGet(43)) - raft.server.rpc.request.timeout = 3000ms (default)
2019-09-26 15:59:02,582 [f133cb17-324a-49b7-a0dd-425bb032eccb@group-0057A25079F2:LeaderElection8] INFO  server.RaftServerConfigKeys (ConfUtils.java:logGet(43)) - raft.server.log.appender.install.snapshot.enabled = false (custom)
2019-09-26 15:59:02,583 [f133cb17-324a-49b7-a0dd-425bb032eccb@group-0057A25079F2:LeaderElection8] INFO  server.RaftServerConfigKeys (ConfUtils.java:logGet(43)) - raft.server.log.appender.snapshot.chunk.size.max = 16MB (=16777216) (default)
2019-09-26 15:59:02,584 [f133cb17-324a-49b7-a0dd-425bb032eccb@group-0057A25079F2:LeaderElection8] INFO  server.RaftServerConfigKeys (ConfUtils.java:logGet(43)) - raft.server.log.appender.buffer.byte-limit = 33554432 (custom)
2019-09-26 15:59:02,584 [f133cb17-324a-49b7-a0dd-425bb032eccb@group-0057A25079F2:LeaderElection8] INFO  server.RaftServerConfigKeys (ConfUtils.java:logGet(43)) - raft.server.log.appender.buffer.element-limit = 1 (custom)
2019-09-26 15:59:02,584 [f133cb17-324a-49b7-a0dd-425bb032eccb@group-0057A25079F2:LeaderElection8] INFO  grpc.GrpcConfigKeys$Server (ConfUtils.java:logGet(43)) - raft.grpc.server.leader.outstanding.appends.max = 128 (default)
2019-09-26 15:59:02,584 [f133cb17-324a-49b7-a0dd-425bb032eccb@group-0057A25079F2:LeaderElection8] INFO  server.RaftServerConfigKeys (ConfUtils.java:logGet(43)) - raft.server.rpc.request.timeout = 3000ms (default)
2019-09-26 15:59:02,584 [f133cb17-324a-49b7-a0dd-425bb032eccb@group-0057A25079F2:LeaderElection8] INFO  server.RaftServerConfigKeys (ConfUtils.java:logGet(43)) - raft.server.log.appender.install.snapshot.enabled = false (custom)
2019-09-26 15:59:02,588 [f133cb17-324a-49b7-a0dd-425bb032eccb@group-0057A25079F2:LeaderElection8] INFO  impl.RoleInfo (RoleInfo.java:updateAndGet(143)) - f133cb17-324a-49b7-a0dd-425bb032eccb: start LeaderState
2019-09-26 15:59:02,589 [f133cb17-324a-49b7-a0dd-425bb032eccb@group-0057A25079F2:LeaderElection8] INFO  segmented.SegmentedRaftLogWorker (SegmentedRaftLogWorker.java:startLogSegment(380)) - f133cb17-324a-49b7-a0dd-425bb032eccb@group-0057A25079F2-SegmentedRaftLogWorker: Starting segment from index:0
2019-09-26 15:59:02,590 [f133cb17-324a-49b7-a0dd-425bb032eccb@group-0057A25079F2:LeaderElection8] INFO  impl.RaftServerImpl (ServerState.java:setRaftConf(354)) - f133cb17-324a-49b7-a0dd-425bb032eccb@group-0057A25079F2: set configuration 0: [72b5c033-f1d7-4ec2-94c9-edc10ba65d6d:192.168.157.234:37666, 3592649d-296e-49cb-9cdc-4bedca6b1b14:192.168.157.234:38338, f133cb17-324a-49b7-a0dd-425bb032eccb:192.168.157.234:43928], old=null at 0
2019-09-26 15:59:02,615 [Thread-272] INFO  impl.FollowerState (FollowerState.java:run(106)) - 531ce5b0-66ed-4449-a691-14fda0eca003:group-2600C1A698C4 changes to CANDIDATE, lastRpcTime:5120, electionTimeout:5119ms
2019-09-26 15:59:02,616 [Thread-272] INFO  impl.RoleInfo (RoleInfo.java:shutdownFollowerState(121)) - 531ce5b0-66ed-4449-a691-14fda0eca003: shutdown FollowerState
2019-09-26 15:59:02,616 [Thread-272] INFO  impl.RaftServerImpl (RaftServerImpl.java:setRole(174)) - 531ce5b0-66ed-4449-a691-14fda0eca003@group-2600C1A698C4: changes role from  FOLLOWER to CANDIDATE at term 0 for changeToCandidate
2019-09-26 15:59:02,617 [Thread-272] INFO  impl.RoleInfo (RoleInfo.java:updateAndGet(143)) - 531ce5b0-66ed-4449-a691-14fda0eca003: start LeaderElection
2019-09-26 15:59:02,623 [f133cb17-324a-49b7-a0dd-425bb032eccb@group-0057A25079F2-SegmentedRaftLogWorker] INFO  segmented.SegmentedRaftLogWorker (SegmentedRaftLogWorker.java:execute(569)) - f133cb17-324a-49b7-a0dd-425bb032eccb@group-0057A25079F2-SegmentedRaftLogWorker: created new log segment /workdir/hadoop-ozone/integration-test/target/test-dir/MiniOzoneClusterImpl-cc90927b-9788-4d55-bf9d-8c156a856a16/datanode-0/data/ratis/ffb2be11-0272-44c6-953b-0057a25079f2/current/log_inprogress_0
2019-09-26 15:59:02,640 [531ce5b0-66ed-4449-a691-14fda0eca003@group-2600C1A698C4:LeaderElection10] INFO  impl.LeaderElection (LeaderElection.java:askForVotes(182)) - 531ce5b0-66ed-4449-a691-14fda0eca003@group-2600C1A698C4:LeaderElection10: begin an election at term 1 for -1: [c16f8f41-3eb5-47da-89d5-23b9f4bc14e7:192.168.157.234:45714, 46167d95-d80a-4b08-b2a5-664081495ac0:192.168.157.234:37564, 531ce5b0-66ed-4449-a691-14fda0eca003:192.168.157.234:45725], old=null
2019-09-26 15:59:02,657 [grpc-default-executor-1] INFO  impl.RaftServerImpl (ServerState.java:setLeader(253)) - 72b5c033-f1d7-4ec2-94c9-edc10ba65d6d@group-0057A25079F2: change Leader from null to f133cb17-324a-49b7-a0dd-425bb032eccb at term 1 for appendEntries, leader elected after 5296ms
2019-09-26 15:59:02,657 [grpc-default-executor-3] INFO  impl.RaftServerImpl (ServerState.java:setLeader(253)) - 3592649d-296e-49cb-9cdc-4bedca6b1b14@group-0057A25079F2: change Leader from null to f133cb17-324a-49b7-a0dd-425bb032eccb at term 1 for appendEntries, leader elected after 5297ms
2019-09-26 15:59:02,657 [Thread-275] INFO  impl.FollowerState (FollowerState.java:run(106)) - 46167d95-d80a-4b08-b2a5-664081495ac0:group-2600C1A698C4 changes to CANDIDATE, lastRpcTime:5154, electionTimeout:5150ms
2019-09-26 15:59:02,663 [grpc-default-executor-2] INFO  impl.RaftServerImpl (RaftServerImpl.java:setRole(174)) - c16f8f41-3eb5-47da-89d5-23b9f4bc14e7@group-2600C1A698C4: changes role from  FOLLOWER to FOLLOWER at term 1 for recognizeCandidate:531ce5b0-66ed-4449-a691-14fda0eca003
2019-09-26 15:59:02,678 [grpc-default-executor-2] INFO  impl.RoleInfo (RoleInfo.java:shutdownFollowerState(121)) - c16f8f41-3eb5-47da-89d5-23b9f4bc14e7: shutdown FollowerState
2019-09-26 15:59:02,663 [Thread-275] INFO  impl.RoleInfo (RoleInfo.java:shutdownFollowerState(121)) - 46167d95-d80a-4b08-b2a5-664081495ac0: shutdown FollowerState
2019-09-26 15:59:02,688 [Thread-275] INFO  impl.RaftServerImpl (RaftServerImpl.java:setRole(174)) - 46167d95-d80a-4b08-b2a5-664081495ac0@group-2600C1A698C4: changes role from  FOLLOWER to CANDIDATE at term 0 for changeToCandidate
2019-09-26 15:59:02,688 [grpc-default-executor-2] INFO  impl.RoleInfo (RoleInfo.java:updateAndGet(143)) - c16f8f41-3eb5-47da-89d5-23b9f4bc14e7: start FollowerState
2019-09-26 15:59:02,688 [Thread-275] INFO  impl.RoleInfo (RoleInfo.java:updateAndGet(143)) - 46167d95-d80a-4b08-b2a5-664081495ac0: start LeaderElection
2019-09-26 15:59:02,691 [grpc-default-executor-0] INFO  impl.RaftServerImpl (RaftServerImpl.java:setRole(174)) - 46167d95-d80a-4b08-b2a5-664081495ac0@group-2600C1A698C4: changes role from CANDIDATE to FOLLOWER at term 1 for recognizeCandidate:531ce5b0-66ed-4449-a691-14fda0eca003
2019-09-26 15:59:02,691 [grpc-default-executor-0] INFO  impl.RoleInfo (RoleInfo.java:shutdownLeaderElection(134)) - 46167d95-d80a-4b08-b2a5-664081495ac0: shutdown LeaderElection
2019-09-26 15:59:02,692 [grpc-default-executor-0] INFO  impl.RoleInfo (RoleInfo.java:updateAndGet(143)) - 46167d95-d80a-4b08-b2a5-664081495ac0: start FollowerState
2019-09-26 15:59:02,776 [531ce5b0-66ed-4449-a691-14fda0eca003@group-2600C1A698C4:LeaderElection10] INFO  impl.LeaderElection (LeaderElection.java:logAndReturn(56)) - 531ce5b0-66ed-4449-a691-14fda0eca003@group-2600C1A698C4:LeaderElection10: Election PASSED; received 1 response(s) [531ce5b0-66ed-4449-a691-14fda0eca003<-c16f8f41-3eb5-47da-89d5-23b9f4bc14e7#0:OK-t1] and 0 exception(s); 531ce5b0-66ed-4449-a691-14fda0eca003@group-2600C1A698C4:t1, leader=null, voted=531ce5b0-66ed-4449-a691-14fda0eca003, raftlog=531ce5b0-66ed-4449-a691-14fda0eca003@group-2600C1A698C4-SegmentedRaftLog:OPENED:c-1,f-1,i0, conf=-1: [c16f8f41-3eb5-47da-89d5-23b9f4bc14e7:192.168.157.234:45714, 46167d95-d80a-4b08-b2a5-664081495ac0:192.168.157.234:37564, 531ce5b0-66ed-4449-a691-14fda0eca003:192.168.157.234:45725], old=null
2019-09-26 15:59:02,776 [531ce5b0-66ed-4449-a691-14fda0eca003@group-2600C1A698C4:LeaderElection10] INFO  impl.RoleInfo (RoleInfo.java:shutdownLeaderElection(134)) - 531ce5b0-66ed-4449-a691-14fda0eca003: shutdown LeaderElection
2019-09-26 15:59:02,779 [531ce5b0-66ed-4449-a691-14fda0eca003@group-2600C1A698C4:LeaderElection10] INFO  impl.RaftServerImpl (RaftServerImpl.java:setRole(174)) - 531ce5b0-66ed-4449-a691-14fda0eca003@group-2600C1A698C4: changes role from CANDIDATE to LEADER at term 1 for changeToLeader
2019-09-26 15:59:02,779 [531ce5b0-66ed-4449-a691-14fda0eca003@group-2600C1A698C4:LeaderElection10] INFO  impl.RaftServerImpl (ServerState.java:setLeader(253)) - 531ce5b0-66ed-4449-a691-14fda0eca003@group-2600C1A698C4: change Leader from null to 531ce5b0-66ed-4449-a691-14fda0eca003 at term 1 for becomeLeader, leader elected after 5295ms
2019-09-26 15:59:02,779 [531ce5b0-66ed-4449-a691-14fda0eca003@group-2600C1A698C4:LeaderElection10] INFO  server.RaftServerConfigKeys (ConfUtils.java:logGet(43)) - raft.server.staging.catchup.gap = 1000 (default)
2019-09-26 15:59:02,781 [531ce5b0-66ed-4449-a691-14fda0eca003@group-2600C1A698C4:LeaderElection10] INFO  server.RaftServerConfigKeys (ConfUtils.java:logGet(43)) - raft.server.rpc.sleep.time = 25ms (default)
2019-09-26 15:59:02,782 [531ce5b0-66ed-4449-a691-14fda0eca003@group-2600C1A698C4:LeaderElection10] INFO  server.RaftServerConfigKeys (ConfUtils.java:logGet(43)) - raft.server.write.element-limit = 4096 (default)
2019-09-26 15:59:02,782 [531ce5b0-66ed-4449-a691-14fda0eca003@group-2600C1A698C4:LeaderElection10] INFO  server.RaftServerConfigKeys (ConfUtils.java:logGet(43)) - raft.server.watch.timeout = 10s (default)
2019-09-26 15:59:02,782 [531ce5b0-66ed-4449-a691-14fda0eca003@group-2600C1A698C4:LeaderElection10] INFO  server.RaftServerConfigKeys (ConfUtils.java:logGet(43)) - raft.server.watch.timeout.denomination = 1s (default)
2019-09-26 15:59:02,782 [531ce5b0-66ed-4449-a691-14fda0eca003@group-2600C1A698C4:LeaderElection10] INFO  server.RaftServerConfigKeys (ConfUtils.java:logGet(43)) - raft.server.watch.element-limit = 65536 (default)
2019-09-26 15:59:02,817 [46167d95-d80a-4b08-b2a5-664081495ac0@group-2600C1A698C4:LeaderElection11] INFO  impl.LeaderElection (LeaderElection.java:askForVotes(182)) - 46167d95-d80a-4b08-b2a5-664081495ac0@group-2600C1A698C4:LeaderElection11: begin an election at term 2 for -1: [c16f8f41-3eb5-47da-89d5-23b9f4bc14e7:192.168.157.234:45714, 46167d95-d80a-4b08-b2a5-664081495ac0:192.168.157.234:37564, 531ce5b0-66ed-4449-a691-14fda0eca003:192.168.157.234:45725], old=null
2019-09-26 15:59:02,822 [46167d95-d80a-4b08-b2a5-664081495ac0@group-2600C1A698C4:LeaderElection11] INFO  impl.LeaderElection (LeaderElection.java:logAndReturn(56)) - 46167d95-d80a-4b08-b2a5-664081495ac0@group-2600C1A698C4:LeaderElection11: Election REJECTED; received 0 response(s) [] and 0 exception(s); 46167d95-d80a-4b08-b2a5-664081495ac0@group-2600C1A698C4:t2, leader=null, voted=46167d95-d80a-4b08-b2a5-664081495ac0, raftlog=46167d95-d80a-4b08-b2a5-664081495ac0@group-2600C1A698C4-SegmentedRaftLog:OPENED:c-1,f-1,i0, conf=-1: [c16f8f41-3eb5-47da-89d5-23b9f4bc14e7:192.168.157.234:45714, 46167d95-d80a-4b08-b2a5-664081495ac0:192.168.157.234:37564, 531ce5b0-66ed-4449-a691-14fda0eca003:192.168.157.234:45725], old=null
2019-09-26 15:59:02,830 [531ce5b0-66ed-4449-a691-14fda0eca003@group-2600C1A698C4:LeaderElection10] INFO  server.RaftServerConfigKeys (ConfUtils.java:logGet(43)) - raft.server.log.appender.snapshot.chunk.size.max = 16MB (=16777216) (default)
2019-09-26 15:59:02,830 [531ce5b0-66ed-4449-a691-14fda0eca003@group-2600C1A698C4:LeaderElection10] INFO  server.RaftServerConfigKeys (ConfUtils.java:logGet(43)) - raft.server.log.appender.buffer.byte-limit = 33554432 (custom)
2019-09-26 15:59:02,831 [531ce5b0-66ed-4449-a691-14fda0eca003@group-2600C1A698C4:LeaderElection10] INFO  server.RaftServerConfigKeys (ConfUtils.java:logGet(43)) - raft.server.log.appender.buffer.element-limit = 1 (custom)
2019-09-26 15:59:02,831 [531ce5b0-66ed-4449-a691-14fda0eca003@group-2600C1A698C4:LeaderElection10] INFO  grpc.GrpcConfigKeys$Server (ConfUtils.java:logGet(43)) - raft.grpc.server.leader.outstanding.appends.max = 128 (default)
2019-09-26 15:59:02,833 [531ce5b0-66ed-4449-a691-14fda0eca003@group-2600C1A698C4:LeaderElection10] INFO  server.RaftServerConfigKeys (ConfUtils.java:logGet(43)) - raft.server.rpc.request.timeout = 3000ms (default)
2019-09-26 15:59:02,833 [531ce5b0-66ed-4449-a691-14fda0eca003@group-2600C1A698C4:LeaderElection10] INFO  server.RaftServerConfigKeys (ConfUtils.java:logGet(43)) - raft.server.log.appender.install.snapshot.enabled = false (custom)
2019-09-26 15:59:02,833 [531ce5b0-66ed-4449-a691-14fda0eca003@group-2600C1A698C4:LeaderElection10] INFO  server.RaftServerConfigKeys (ConfUtils.java:logGet(43)) - raft.server.log.appender.snapshot.chunk.size.max = 16MB (=16777216) (default)
2019-09-26 15:59:02,833 [531ce5b0-66ed-4449-a691-14fda0eca003@group-2600C1A698C4:LeaderElection10] INFO  server.RaftServerConfigKeys (ConfUtils.java:logGet(43)) - raft.server.log.appender.buffer.byte-limit = 33554432 (custom)
2019-09-26 15:59:02,833 [531ce5b0-66ed-4449-a691-14fda0eca003@group-2600C1A698C4:LeaderElection10] INFO  server.RaftServerConfigKeys (ConfUtils.java:logGet(43)) - raft.server.log.appender.buffer.element-limit = 1 (custom)
2019-09-26 15:59:02,835 [531ce5b0-66ed-4449-a691-14fda0eca003@group-2600C1A698C4:LeaderElection10] INFO  grpc.GrpcConfigKeys$Server (ConfUtils.java:logGet(43)) - raft.grpc.server.leader.outstanding.appends.max = 128 (default)
2019-09-26 15:59:02,835 [531ce5b0-66ed-4449-a691-14fda0eca003@group-2600C1A698C4:LeaderElection10] INFO  server.RaftServerConfigKeys (ConfUtils.java:logGet(43)) - raft.server.rpc.request.timeout = 3000ms (default)
2019-09-26 15:59:02,835 [531ce5b0-66ed-4449-a691-14fda0eca003@group-2600C1A698C4:LeaderElection10] INFO  server.RaftServerConfigKeys (ConfUtils.java:logGet(43)) - raft.server.log.appender.install.snapshot.enabled = false (custom)
2019-09-26 15:59:02,835 [531ce5b0-66ed-4449-a691-14fda0eca003@group-2600C1A698C4:LeaderElection10] INFO  impl.RoleInfo (RoleInfo.java:updateAndGet(143)) - 531ce5b0-66ed-4449-a691-14fda0eca003: start LeaderState
2019-09-26 15:59:02,838 [531ce5b0-66ed-4449-a691-14fda0eca003@group-2600C1A698C4:LeaderElection10] INFO  segmented.SegmentedRaftLogWorker (SegmentedRaftLogWorker.java:startLogSegment(380)) - 531ce5b0-66ed-4449-a691-14fda0eca003@group-2600C1A698C4-SegmentedRaftLogWorker: Starting segment from index:0
2019-09-26 15:59:02,839 [531ce5b0-66ed-4449-a691-14fda0eca003@group-2600C1A698C4:LeaderElection10] INFO  impl.RaftServerImpl (ServerState.java:setRaftConf(354)) - 531ce5b0-66ed-4449-a691-14fda0eca003@group-2600C1A698C4: set configuration 0: [c16f8f41-3eb5-47da-89d5-23b9f4bc14e7:192.168.157.234:45714, 46167d95-d80a-4b08-b2a5-664081495ac0:192.168.157.234:37564, 531ce5b0-66ed-4449-a691-14fda0eca003:192.168.157.234:45725], old=null at 0
2019-09-26 15:59:02,896 [grpc-default-executor-1] INFO  impl.RaftServerImpl (RaftServerImpl.java:setRole(174)) - c16f8f41-3eb5-47da-89d5-23b9f4bc14e7@group-2600C1A698C4: changes role from  FOLLOWER to FOLLOWER at term 2 for recognizeCandidate:46167d95-d80a-4b08-b2a5-664081495ac0
2019-09-26 15:59:02,899 [grpc-default-executor-1] INFO  impl.RoleInfo (RoleInfo.java:shutdownFollowerState(121)) - c16f8f41-3eb5-47da-89d5-23b9f4bc14e7: shutdown FollowerState
2019-09-26 15:59:02,899 [grpc-default-executor-1] INFO  impl.RoleInfo (RoleInfo.java:updateAndGet(143)) - c16f8f41-3eb5-47da-89d5-23b9f4bc14e7: start FollowerState
2019-09-26 15:59:02,899 [grpc-default-executor-0] INFO  impl.RaftServerImpl (ServerState.java:setLeader(253)) - 531ce5b0-66ed-4449-a691-14fda0eca003@group-2600C1A698C4: change Leader from 531ce5b0-66ed-4449-a691-14fda0eca003 to null at term 2 for updateCurrentTerm
2019-09-26 15:59:02,899 [Thread-310] INFO  impl.FollowerState (FollowerState.java:run(115)) - c16f8f41-3eb5-47da-89d5-23b9f4bc14e7: FollowerState was interrupted: java.lang.InterruptedException: sleep interrupted
2019-09-26 15:59:02,900 [grpc-default-executor-0] INFO  impl.RaftServerImpl (RaftServerImpl.java:setRole(174)) - 531ce5b0-66ed-4449-a691-14fda0eca003@group-2600C1A698C4: changes role from    LEADER to FOLLOWER at term 2 for recognizeCandidate:46167d95-d80a-4b08-b2a5-664081495ac0
2019-09-26 15:59:02,902 [grpc-default-executor-0] INFO  impl.RoleInfo (RoleInfo.java:shutdownLeaderState(104)) - 531ce5b0-66ed-4449-a691-14fda0eca003: shutdown LeaderState
2019-09-26 15:59:02,902 [531ce5b0-66ed-4449-a691-14fda0eca003@group-2600C1A698C4-SegmentedRaftLogWorker] INFO  segmented.SegmentedRaftLogWorker (SegmentedRaftLogWorker.java:execute(569)) - 531ce5b0-66ed-4449-a691-14fda0eca003@group-2600C1A698C4-SegmentedRaftLogWorker: created new log segment /workdir/hadoop-ozone/integration-test/target/test-dir/MiniOzoneClusterImpl-cc90927b-9788-4d55-bf9d-8c156a856a16/datanode-3/data/ratis/0e35e86a-de54-45c2-932f-2600c1a698c4/current/log_inprogress_0
2019-09-26 15:59:02,906 [org.apache.ratis.server.impl.LogAppender$AppenderDaemon$$Lambda$408/1900515338@258d4fcf] WARN  server.GrpcLogAppender (GrpcLogAppender.java:mayWait(143)) - 531ce5b0-66ed-4449-a691-14fda0eca003@group-2600C1A698C4->c16f8f41-3eb5-47da-89d5-23b9f4bc14e7-GrpcLogAppender: Wait interrupted by java.lang.InterruptedException
2019-09-26 15:59:02,906 [org.apache.ratis.server.impl.LogAppender$AppenderDaemon$$Lambda$408/1900515338@729bfc42] WARN  server.GrpcLogAppender (GrpcLogAppender.java:mayWait(143)) - 531ce5b0-66ed-4449-a691-14fda0eca003@group-2600C1A698C4->46167d95-d80a-4b08-b2a5-664081495ac0-GrpcLogAppender: Wait interrupted by java.lang.InterruptedException
2019-09-26 15:59:02,912 [grpc-default-executor-0] INFO  impl.PendingRequests (PendingRequests.java:sendNotLeaderResponses(202)) - 531ce5b0-66ed-4449-a691-14fda0eca003-PendingRequests: sendNotLeaderResponses
2019-09-26 15:59:02,914 [grpc-default-executor-5] INFO  server.GrpcServerProtocolService (GrpcServerProtocolService.java:onCompleted(113)) - 46167d95-d80a-4b08-b2a5-664081495ac0: Completed APPEND_ENTRIES, lastRequest: 531ce5b0-66ed-4449-a691-14fda0eca003->46167d95-d80a-4b08-b2a5-664081495ac0#0-t1, previous=(t:0, i:0), leaderCommit=-1, initializing? false, entries: <empty>
2019-09-26 15:59:02,914 [grpc-default-executor-0] INFO  impl.RoleInfo (RoleInfo.java:updateAndGet(143)) - 531ce5b0-66ed-4449-a691-14fda0eca003: start FollowerState
2019-09-26 15:59:02,918 [grpc-default-executor-3] INFO  server.GrpcServerProtocolService (GrpcServerProtocolService.java:onCompleted(113)) - c16f8f41-3eb5-47da-89d5-23b9f4bc14e7: Completed APPEND_ENTRIES, lastRequest: 531ce5b0-66ed-4449-a691-14fda0eca003->c16f8f41-3eb5-47da-89d5-23b9f4bc14e7#0-t1, previous=(t:0, i:0), leaderCommit=-1, initializing? false, entries: <empty>
2019-09-26 15:59:02,919 [grpc-default-executor-6] INFO  impl.RaftServerImpl (ServerState.java:setRaftConf(354)) - 72b5c033-f1d7-4ec2-94c9-edc10ba65d6d@group-0057A25079F2: set configuration 0: [72b5c033-f1d7-4ec2-94c9-edc10ba65d6d:192.168.157.234:37666, 3592649d-296e-49cb-9cdc-4bedca6b1b14:192.168.157.234:38338, f133cb17-324a-49b7-a0dd-425bb032eccb:192.168.157.234:43928], old=null at 0
2019-09-26 15:59:02,919 [grpc-default-executor-4] INFO  impl.RaftServerImpl (ServerState.java:setRaftConf(354)) - 3592649d-296e-49cb-9cdc-4bedca6b1b14@group-0057A25079F2: set configuration 0: [72b5c033-f1d7-4ec2-94c9-edc10ba65d6d:192.168.157.234:37666, 3592649d-296e-49cb-9cdc-4bedca6b1b14:192.168.157.234:38338, f133cb17-324a-49b7-a0dd-425bb032eccb:192.168.157.234:43928], old=null at 0
2019-09-26 15:59:02,920 [grpc-default-executor-6] INFO  segmented.SegmentedRaftLogWorker (SegmentedRaftLogWorker.java:startLogSegment(380)) - 72b5c033-f1d7-4ec2-94c9-edc10ba65d6d@group-0057A25079F2-SegmentedRaftLogWorker: Starting segment from index:0
2019-09-26 15:59:02,921 [grpc-default-executor-4] INFO  segmented.SegmentedRaftLogWorker (SegmentedRaftLogWorker.java:startLogSegment(380)) - 3592649d-296e-49cb-9cdc-4bedca6b1b14@group-0057A25079F2-SegmentedRaftLogWorker: Starting segment from index:0
2019-09-26 15:59:02,952 [grpc-default-executor-2] INFO  server.GrpcLogAppender (GrpcLogAppender.java:onCompleted(293)) - 531ce5b0-66ed-4449-a691-14fda0eca003@group-2600C1A698C4->46167d95-d80a-4b08-b2a5-664081495ac0-AppendLogResponseHandler: follower responses appendEntries COMPLETED
2019-09-26 15:59:02,952 [grpc-default-executor-6] INFO  server.GrpcLogAppender (GrpcLogAppender.java:onCompleted(293)) - 531ce5b0-66ed-4449-a691-14fda0eca003@group-2600C1A698C4->c16f8f41-3eb5-47da-89d5-23b9f4bc14e7-AppendLogResponseHandler: follower responses appendEntries COMPLETED
2019-09-26 15:59:02,956 [grpc-default-executor-6] INFO  impl.FollowerInfo (FollowerInfo.java:lambda$new$0(51)) - 531ce5b0-66ed-4449-a691-14fda0eca003@group-2600C1A698C4->c16f8f41-3eb5-47da-89d5-23b9f4bc14e7: nextIndex: updateUnconditionally 0 -> 0
2019-09-26 15:59:02,956 [grpc-default-executor-2] INFO  impl.FollowerInfo (FollowerInfo.java:lambda$new$0(51)) - 531ce5b0-66ed-4449-a691-14fda0eca003@group-2600C1A698C4->46167d95-d80a-4b08-b2a5-664081495ac0: nextIndex: updateUnconditionally 0 -> 0
2019-09-26 15:59:02,963 [72b5c033-f1d7-4ec2-94c9-edc10ba65d6d@group-0057A25079F2-SegmentedRaftLogWorker] INFO  segmented.SegmentedRaftLogWorker (SegmentedRaftLogWorker.java:execute(569)) - 72b5c033-f1d7-4ec2-94c9-edc10ba65d6d@group-0057A25079F2-SegmentedRaftLogWorker: created new log segment /workdir/hadoop-ozone/integration-test/target/test-dir/MiniOzoneClusterImpl-cc90927b-9788-4d55-bf9d-8c156a856a16/datanode-1/data/ratis/ffb2be11-0272-44c6-953b-0057a25079f2/current/log_inprogress_0
2019-09-26 15:59:02,963 [3592649d-296e-49cb-9cdc-4bedca6b1b14@group-0057A25079F2-SegmentedRaftLogWorker] INFO  segmented.SegmentedRaftLogWorker (SegmentedRaftLogWorker.java:execute(569)) - 3592649d-296e-49cb-9cdc-4bedca6b1b14@group-0057A25079F2-SegmentedRaftLogWorker: created new log segment /workdir/hadoop-ozone/integration-test/target/test-dir/MiniOzoneClusterImpl-cc90927b-9788-4d55-bf9d-8c156a856a16/datanode-6/data/ratis/ffb2be11-0272-44c6-953b-0057a25079f2/current/log_inprogress_0
2019-09-26 15:59:03,424 [main] INFO  ipc.Client (Client.java:handleConnectionFailure(948)) - Retrying connect to server: localhost/127.0.0.1:0. Already tried 6 time(s); retry policy is RetryUpToMaximumCountWithFixedSleep(maxRetries=10, sleepTime=1000 MILLISECONDS)
2019-09-26 15:59:04,425 [main] INFO  ipc.Client (Client.java:handleConnectionFailure(948)) - Retrying connect to server: localhost/127.0.0.1:0. Already tried 7 time(s); retry policy is RetryUpToMaximumCountWithFixedSleep(maxRetries=10, sleepTime=1000 MILLISECONDS)
2019-09-26 15:59:05,427 [main] INFO  ipc.Client (Client.java:handleConnectionFailure(948)) - Retrying connect to server: localhost/127.0.0.1:0. Already tried 8 time(s); retry policy is RetryUpToMaximumCountWithFixedSleep(maxRetries=10, sleepTime=1000 MILLISECONDS)
2019-09-26 15:59:06,428 [main] INFO  ipc.Client (Client.java:handleConnectionFailure(948)) - Retrying connect to server: localhost/127.0.0.1:0. Already tried 9 time(s); retry policy is RetryUpToMaximumCountWithFixedSleep(maxRetries=10, sleepTime=1000 MILLISECONDS)
2019-09-26 15:59:07,434 [main] INFO  ipc.Client (Client.java:handleConnectionFailure(948)) - Retrying connect to server: localhost/127.0.0.1:0. Already tried 0 time(s); retry policy is RetryUpToMaximumCountWithFixedSleep(maxRetries=10, sleepTime=1000 MILLISECONDS)
2019-09-26 15:59:07,815 [Thread-314] INFO  impl.FollowerState (FollowerState.java:run(106)) - 46167d95-d80a-4b08-b2a5-664081495ac0:group-2600C1A698C4 changes to CANDIDATE, lastRpcTime:5123, electionTimeout:5060ms
2019-09-26 15:59:07,815 [Thread-314] INFO  impl.RoleInfo (RoleInfo.java:shutdownFollowerState(121)) - 46167d95-d80a-4b08-b2a5-664081495ac0: shutdown FollowerState
2019-09-26 15:59:07,815 [Thread-314] INFO  impl.RaftServerImpl (RaftServerImpl.java:setRole(174)) - 46167d95-d80a-4b08-b2a5-664081495ac0@group-2600C1A698C4: changes role from  FOLLOWER to CANDIDATE at term 2 for changeToCandidate
2019-09-26 15:59:07,816 [Thread-314] INFO  impl.RoleInfo (RoleInfo.java:updateAndGet(143)) - 46167d95-d80a-4b08-b2a5-664081495ac0: start LeaderElection
2019-09-26 15:59:07,832 [46167d95-d80a-4b08-b2a5-664081495ac0@group-2600C1A698C4:LeaderElection12] INFO  impl.LeaderElection (LeaderElection.java:askForVotes(182)) - 46167d95-d80a-4b08-b2a5-664081495ac0@group-2600C1A698C4:LeaderElection12: begin an election at term 3 for -1: [c16f8f41-3eb5-47da-89d5-23b9f4bc14e7:192.168.157.234:45714, 46167d95-d80a-4b08-b2a5-664081495ac0:192.168.157.234:37564, 531ce5b0-66ed-4449-a691-14fda0eca003:192.168.157.234:45725], old=null
2019-09-26 15:59:07,842 [grpc-default-executor-6] INFO  impl.RaftServerImpl (RaftServerImpl.java:setRole(174)) - 531ce5b0-66ed-4449-a691-14fda0eca003@group-2600C1A698C4: changes role from  FOLLOWER to FOLLOWER at term 3 for recognizeCandidate:46167d95-d80a-4b08-b2a5-664081495ac0
2019-09-26 15:59:07,842 [grpc-default-executor-2] INFO  impl.RaftServerImpl (RaftServerImpl.java:setRole(174)) - c16f8f41-3eb5-47da-89d5-23b9f4bc14e7@group-2600C1A698C4: changes role from  FOLLOWER to FOLLOWER at term 3 for recognizeCandidate:46167d95-d80a-4b08-b2a5-664081495ac0
2019-09-26 15:59:07,842 [grpc-default-executor-6] INFO  impl.RoleInfo (RoleInfo.java:shutdownFollowerState(121)) - 531ce5b0-66ed-4449-a691-14fda0eca003: shutdown FollowerState
2019-09-26 15:59:07,842 [grpc-default-executor-2] INFO  impl.RoleInfo (RoleInfo.java:shutdownFollowerState(121)) - c16f8f41-3eb5-47da-89d5-23b9f4bc14e7: shutdown FollowerState
2019-09-26 15:59:07,843 [Thread-323] INFO  impl.FollowerState (FollowerState.java:run(115)) - 531ce5b0-66ed-4449-a691-14fda0eca003: FollowerState was interrupted: java.lang.InterruptedException: sleep interrupted
2019-09-26 15:59:07,843 [grpc-default-executor-6] INFO  impl.RoleInfo (RoleInfo.java:updateAndGet(143)) - 531ce5b0-66ed-4449-a691-14fda0eca003: start FollowerState
2019-09-26 15:59:07,843 [grpc-default-executor-2] INFO  impl.RoleInfo (RoleInfo.java:updateAndGet(143)) - c16f8f41-3eb5-47da-89d5-23b9f4bc14e7: start FollowerState
2019-09-26 15:59:07,843 [Thread-322] INFO  impl.FollowerState (FollowerState.java:run(115)) - c16f8f41-3eb5-47da-89d5-23b9f4bc14e7: FollowerState was interrupted: java.lang.InterruptedException: sleep interrupted
2019-09-26 15:59:07,864 [46167d95-d80a-4b08-b2a5-664081495ac0@group-2600C1A698C4:LeaderElection12] INFO  impl.LeaderElection (LeaderElection.java:logAndReturn(56)) - 46167d95-d80a-4b08-b2a5-664081495ac0@group-2600C1A698C4:LeaderElection12: Election PASSED; received 1 response(s) [46167d95-d80a-4b08-b2a5-664081495ac0<-c16f8f41-3eb5-47da-89d5-23b9f4bc14e7#0:OK-t3] and 0 exception(s); 46167d95-d80a-4b08-b2a5-664081495ac0@group-2600C1A698C4:t3, leader=null, voted=46167d95-d80a-4b08-b2a5-664081495ac0, raftlog=46167d95-d80a-4b08-b2a5-664081495ac0@group-2600C1A698C4-SegmentedRaftLog:OPENED:c-1,f-1,i0, conf=-1: [c16f8f41-3eb5-47da-89d5-23b9f4bc14e7:192.168.157.234:45714, 46167d95-d80a-4b08-b2a5-664081495ac0:192.168.157.234:37564, 531ce5b0-66ed-4449-a691-14fda0eca003:192.168.157.234:45725], old=null
2019-09-26 15:59:07,865 [46167d95-d80a-4b08-b2a5-664081495ac0@group-2600C1A698C4:LeaderElection12] INFO  impl.RoleInfo (RoleInfo.java:shutdownLeaderElection(134)) - 46167d95-d80a-4b08-b2a5-664081495ac0: shutdown LeaderElection
2019-09-26 15:59:07,868 [46167d95-d80a-4b08-b2a5-664081495ac0@group-2600C1A698C4:LeaderElection12] INFO  impl.RaftServerImpl (RaftServerImpl.java:setRole(174)) - 46167d95-d80a-4b08-b2a5-664081495ac0@group-2600C1A698C4: changes role from CANDIDATE to LEADER at term 3 for changeToLeader
2019-09-26 15:59:07,869 [46167d95-d80a-4b08-b2a5-664081495ac0@group-2600C1A698C4:LeaderElection12] INFO  impl.RaftServerImpl (ServerState.java:setLeader(253)) - 46167d95-d80a-4b08-b2a5-664081495ac0@group-2600C1A698C4: change Leader from null to 46167d95-d80a-4b08-b2a5-664081495ac0 at term 3 for becomeLeader, leader elected after 10385ms
2019-09-26 15:59:07,869 [46167d95-d80a-4b08-b2a5-664081495ac0@group-2600C1A698C4:LeaderElection12] INFO  server.RaftServerConfigKeys (ConfUtils.java:logGet(43)) - raft.server.staging.catchup.gap = 1000 (default)
2019-09-26 15:59:07,869 [46167d95-d80a-4b08-b2a5-664081495ac0@group-2600C1A698C4:LeaderElection12] INFO  server.RaftServerConfigKeys (ConfUtils.java:logGet(43)) - raft.server.rpc.sleep.time = 25ms (default)
2019-09-26 15:59:07,869 [46167d95-d80a-4b08-b2a5-664081495ac0@group-2600C1A698C4:LeaderElection12] INFO  server.RaftServerConfigKeys (ConfUtils.java:logGet(43)) - raft.server.write.element-limit = 4096 (default)
2019-09-26 15:59:07,869 [46167d95-d80a-4b08-b2a5-664081495ac0@group-2600C1A698C4:LeaderElection12] INFO  server.RaftServerConfigKeys (ConfUtils.java:logGet(43)) - raft.server.watch.timeout = 10s (default)
2019-09-26 15:59:07,870 [46167d95-d80a-4b08-b2a5-664081495ac0@group-2600C1A698C4:LeaderElection12] INFO  server.RaftServerConfigKeys (ConfUtils.java:logGet(43)) - raft.server.watch.timeout.denomination = 1s (default)
2019-09-26 15:59:07,870 [46167d95-d80a-4b08-b2a5-664081495ac0@group-2600C1A698C4:LeaderElection12] INFO  server.RaftServerConfigKeys (ConfUtils.java:logGet(43)) - raft.server.watch.element-limit = 65536 (default)
2019-09-26 15:59:07,873 [46167d95-d80a-4b08-b2a5-664081495ac0@group-2600C1A698C4:LeaderElection12] INFO  server.RaftServerConfigKeys (ConfUtils.java:logGet(43)) - raft.server.log.appender.snapshot.chunk.size.max = 16MB (=16777216) (default)
2019-09-26 15:59:07,873 [46167d95-d80a-4b08-b2a5-664081495ac0@group-2600C1A698C4:LeaderElection12] INFO  server.RaftServerConfigKeys (ConfUtils.java:logGet(43)) - raft.server.log.appender.buffer.byte-limit = 33554432 (custom)
2019-09-26 15:59:07,873 [46167d95-d80a-4b08-b2a5-664081495ac0@group-2600C1A698C4:LeaderElection12] INFO  server.RaftServerConfigKeys (ConfUtils.java:logGet(43)) - raft.server.log.appender.buffer.element-limit = 1 (custom)
2019-09-26 15:59:07,873 [46167d95-d80a-4b08-b2a5-664081495ac0@group-2600C1A698C4:LeaderElection12] INFO  grpc.GrpcConfigKeys$Server (ConfUtils.java:logGet(43)) - raft.grpc.server.leader.outstanding.appends.max = 128 (default)
2019-09-26 15:59:07,874 [46167d95-d80a-4b08-b2a5-664081495ac0@group-2600C1A698C4:LeaderElection12] INFO  server.RaftServerConfigKeys (ConfUtils.java:logGet(43)) - raft.server.rpc.request.timeout = 3000ms (default)
2019-09-26 15:59:07,874 [46167d95-d80a-4b08-b2a5-664081495ac0@group-2600C1A698C4:LeaderElection12] INFO  server.RaftServerConfigKeys (ConfUtils.java:logGet(43)) - raft.server.log.appender.install.snapshot.enabled = false (custom)
2019-09-26 15:59:07,874 [46167d95-d80a-4b08-b2a5-664081495ac0@group-2600C1A698C4:LeaderElection12] INFO  server.RaftServerConfigKeys (ConfUtils.java:logGet(43)) - raft.server.log.appender.snapshot.chunk.size.max = 16MB (=16777216) (default)
2019-09-26 15:59:07,874 [46167d95-d80a-4b08-b2a5-664081495ac0@group-2600C1A698C4:LeaderElection12] INFO  server.RaftServerConfigKeys (ConfUtils.java:logGet(43)) - raft.server.log.appender.buffer.byte-limit = 33554432 (custom)
2019-09-26 15:59:07,874 [46167d95-d80a-4b08-b2a5-664081495ac0@group-2600C1A698C4:LeaderElection12] INFO  server.RaftServerConfigKeys (ConfUtils.java:logGet(43)) - raft.server.log.appender.buffer.element-limit = 1 (custom)
2019-09-26 15:59:07,875 [46167d95-d80a-4b08-b2a5-664081495ac0@group-2600C1A698C4:LeaderElection12] INFO  grpc.GrpcConfigKeys$Server (ConfUtils.java:logGet(43)) - raft.grpc.server.leader.outstanding.appends.max = 128 (default)
2019-09-26 15:59:07,875 [46167d95-d80a-4b08-b2a5-664081495ac0@group-2600C1A698C4:LeaderElection12] INFO  server.RaftServerConfigKeys (ConfUtils.java:logGet(43)) - raft.server.rpc.request.timeout = 3000ms (default)
2019-09-26 15:59:07,875 [46167d95-d80a-4b08-b2a5-664081495ac0@group-2600C1A698C4:LeaderElection12] INFO  server.RaftServerConfigKeys (ConfUtils.java:logGet(43)) - raft.server.log.appender.install.snapshot.enabled = false (custom)
2019-09-26 15:59:07,875 [46167d95-d80a-4b08-b2a5-664081495ac0@group-2600C1A698C4:LeaderElection12] INFO  impl.RoleInfo (RoleInfo.java:updateAndGet(143)) - 46167d95-d80a-4b08-b2a5-664081495ac0: start LeaderState
2019-09-26 15:59:07,876 [46167d95-d80a-4b08-b2a5-664081495ac0@group-2600C1A698C4:LeaderElection12] INFO  segmented.SegmentedRaftLogWorker (SegmentedRaftLogWorker.java:startLogSegment(380)) - 46167d95-d80a-4b08-b2a5-664081495ac0@group-2600C1A698C4-SegmentedRaftLogWorker: Starting segment from index:0
2019-09-26 15:59:07,876 [46167d95-d80a-4b08-b2a5-664081495ac0@group-2600C1A698C4:LeaderElection12] INFO  impl.RaftServerImpl (ServerState.java:setRaftConf(354)) - 46167d95-d80a-4b08-b2a5-664081495ac0@group-2600C1A698C4: set configuration 0: [c16f8f41-3eb5-47da-89d5-23b9f4bc14e7:192.168.157.234:45714, 46167d95-d80a-4b08-b2a5-664081495ac0:192.168.157.234:37564, 531ce5b0-66ed-4449-a691-14fda0eca003:192.168.157.234:45725], old=null at 0
2019-09-26 15:59:07,898 [grpc-default-executor-6] INFO  impl.RaftServerImpl (ServerState.java:setLeader(253)) - c16f8f41-3eb5-47da-89d5-23b9f4bc14e7@group-2600C1A698C4: change Leader from null to 46167d95-d80a-4b08-b2a5-664081495ac0 at term 3 for appendEntries, leader elected after 10413ms
2019-09-26 15:59:07,899 [grpc-default-executor-2] INFO  impl.RaftServerImpl (ServerState.java:setLeader(253)) - 531ce5b0-66ed-4449-a691-14fda0eca003@group-2600C1A698C4: change Leader from null to 46167d95-d80a-4b08-b2a5-664081495ac0 at term 3 for appendEntries, leader elected after 4998ms
2019-09-26 15:59:07,904 [grpc-default-executor-2] INFO  impl.RaftServerImpl (ServerState.java:setRaftConf(354)) - c16f8f41-3eb5-47da-89d5-23b9f4bc14e7@group-2600C1A698C4: set configuration 0: [c16f8f41-3eb5-47da-89d5-23b9f4bc14e7:192.168.157.234:45714, 46167d95-d80a-4b08-b2a5-664081495ac0:192.168.157.234:37564, 531ce5b0-66ed-4449-a691-14fda0eca003:192.168.157.234:45725], old=null at 0
2019-09-26 15:59:07,904 [grpc-default-executor-2] INFO  segmented.SegmentedRaftLogWorker (SegmentedRaftLogWorker.java:startLogSegment(380)) - c16f8f41-3eb5-47da-89d5-23b9f4bc14e7@group-2600C1A698C4-SegmentedRaftLogWorker: Starting segment from index:0
2019-09-26 15:59:07,904 [grpc-default-executor-6] INFO  impl.RaftServerImpl (ServerState.java:setRaftConf(354)) - 531ce5b0-66ed-4449-a691-14fda0eca003@group-2600C1A698C4: set configuration 0: [c16f8f41-3eb5-47da-89d5-23b9f4bc14e7:192.168.157.234:45714, 46167d95-d80a-4b08-b2a5-664081495ac0:192.168.157.234:37564, 531ce5b0-66ed-4449-a691-14fda0eca003:192.168.157.234:45725], old=null at 0
2019-09-26 15:59:07,907 [46167d95-d80a-4b08-b2a5-664081495ac0@group-2600C1A698C4-SegmentedRaftLogWorker] INFO  segmented.SegmentedRaftLogWorker (SegmentedRaftLogWorker.java:execute(569)) - 46167d95-d80a-4b08-b2a5-664081495ac0@group-2600C1A698C4-SegmentedRaftLogWorker: created new log segment /workdir/hadoop-ozone/integration-test/target/test-dir/MiniOzoneClusterImpl-cc90927b-9788-4d55-bf9d-8c156a856a16/datanode-4/data/ratis/0e35e86a-de54-45c2-932f-2600c1a698c4/current/log_inprogress_0
2019-09-26 15:59:07,909 [grpc-default-executor-6] INFO  segmented.SegmentedRaftLogWorker (SegmentedRaftLogWorker.java:truncate(396)) - 531ce5b0-66ed-4449-a691-14fda0eca003@group-2600C1A698C4-SegmentedRaftLogWorker: Truncating segments toTruncate: null
  toDelete: [(0, 0) isOpen? true, length=0, newEndIndex=-1], start index 0
2019-09-26 15:59:07,910 [grpc-default-executor-6] INFO  segmented.SegmentedRaftLogWorker (SegmentedRaftLogWorker.java:startLogSegment(380)) - 531ce5b0-66ed-4449-a691-14fda0eca003@group-2600C1A698C4-SegmentedRaftLogWorker: Starting segment from index:0
2019-09-26 15:59:07,912 [531ce5b0-66ed-4449-a691-14fda0eca003@group-2600C1A698C4-SegmentedRaftLogWorker] INFO  segmented.SegmentedRaftLogWorker (SegmentedRaftLogWorker.java:execute(633)) - 531ce5b0-66ed-4449-a691-14fda0eca003@group-2600C1A698C4-SegmentedRaftLogWorker: Deleted log file /workdir/hadoop-ozone/integration-test/target/test-dir/MiniOzoneClusterImpl-cc90927b-9788-4d55-bf9d-8c156a856a16/datanode-3/data/ratis/0e35e86a-de54-45c2-932f-2600c1a698c4/current/log_inprogress_0
2019-09-26 15:59:07,913 [531ce5b0-66ed-4449-a691-14fda0eca003@group-2600C1A698C4-SegmentedRaftLogWorker] INFO  segmented.SegmentedRaftLogWorker (SegmentedRaftLogWorker.java:lambda$new$0(132)) - 531ce5b0-66ed-4449-a691-14fda0eca003@group-2600C1A698C4-SegmentedRaftLogWorker: flushIndex: setUnconditionally 0 -> -1
2019-09-26 15:59:07,947 [c16f8f41-3eb5-47da-89d5-23b9f4bc14e7@group-2600C1A698C4-SegmentedRaftLogWorker] INFO  segmented.SegmentedRaftLogWorker (SegmentedRaftLogWorker.java:execute(569)) - c16f8f41-3eb5-47da-89d5-23b9f4bc14e7@group-2600C1A698C4-SegmentedRaftLogWorker: created new log segment /workdir/hadoop-ozone/integration-test/target/test-dir/MiniOzoneClusterImpl-cc90927b-9788-4d55-bf9d-8c156a856a16/datanode-2/data/ratis/0e35e86a-de54-45c2-932f-2600c1a698c4/current/log_inprogress_0
2019-09-26 15:59:07,961 [531ce5b0-66ed-4449-a691-14fda0eca003@group-2600C1A698C4-SegmentedRaftLogWorker] INFO  segmented.SegmentedRaftLogWorker (SegmentedRaftLogWorker.java:execute(569)) - 531ce5b0-66ed-4449-a691-14fda0eca003@group-2600C1A698C4-SegmentedRaftLogWorker: created new log segment /workdir/hadoop-ozone/integration-test/target/test-dir/MiniOzoneClusterImpl-cc90927b-9788-4d55-bf9d-8c156a856a16/datanode-3/data/ratis/0e35e86a-de54-45c2-932f-2600c1a698c4/current/log_inprogress_0
2019-09-26 15:59:08,436 [main] INFO  ipc.Client (Client.java:handleConnectionFailure(948)) - Retrying connect to server: localhost/127.0.0.1:0. Already tried 1 time(s); retry policy is RetryUpToMaximumCountWithFixedSleep(maxRetries=10, sleepTime=1000 MILLISECONDS)
2019-09-26 15:59:09,437 [main] INFO  ipc.Client (Client.java:handleConnectionFailure(948)) - Retrying connect to server: localhost/127.0.0.1:0. Already tried 2 time(s); retry policy is RetryUpToMaximumCountWithFixedSleep(maxRetries=10, sleepTime=1000 MILLISECONDS)
2019-09-26 15:59:10,439 [main] INFO  ipc.Client (Client.java:handleConnectionFailure(948)) - Retrying connect to server: localhost/127.0.0.1:0. Already tried 3 time(s); retry policy is RetryUpToMaximumCountWithFixedSleep(maxRetries=10, sleepTime=1000 MILLISECONDS)
2019-09-26 15:59:11,441 [main] INFO  ipc.Client (Client.java:handleConnectionFailure(948)) - Retrying connect to server: localhost/127.0.0.1:0. Already tried 4 time(s); retry policy is RetryUpToMaximumCountWithFixedSleep(maxRetries=10, sleepTime=1000 MILLISECONDS)
2019-09-26 15:59:12,442 [main] INFO  ipc.Client (Client.java:handleConnectionFailure(948)) - Retrying connect to server: localhost/127.0.0.1:0. Already tried 5 time(s); retry policy is RetryUpToMaximumCountWithFixedSleep(maxRetries=10, sleepTime=1000 MILLISECONDS)
2019-09-26 15:59:13,443 [main] INFO  ipc.Client (Client.java:handleConnectionFailure(948)) - Retrying connect to server: localhost/127.0.0.1:0. Already tried 6 time(s); retry policy is RetryUpToMaximumCountWithFixedSleep(maxRetries=10, sleepTime=1000 MILLISECONDS)
2019-09-26 15:59:14,445 [main] INFO  ipc.Client (Client.java:handleConnectionFailure(948)) - Retrying connect to server: localhost/127.0.0.1:0. Already tried 7 time(s); retry policy is RetryUpToMaximumCountWithFixedSleep(maxRetries=10, sleepTime=1000 MILLISECONDS)
2019-09-26 15:59:15,446 [main] INFO  ipc.Client (Client.java:handleConnectionFailure(948)) - Retrying connect to server: localhost/127.0.0.1:0. Already tried 8 time(s); retry policy is RetryUpToMaximumCountWithFixedSleep(maxRetries=10, sleepTime=1000 MILLISECONDS)
2019-09-26 15:59:16,447 [main] INFO  ipc.Client (Client.java:handleConnectionFailure(948)) - Retrying connect to server: localhost/127.0.0.1:0. Already tried 9 time(s); retry policy is RetryUpToMaximumCountWithFixedSleep(maxRetries=10, sleepTime=1000 MILLISECONDS)
2019-09-26 15:59:16,450 [main] INFO  retry.RetryInvocationHandler (RetryInvocationHandler.java:log(411)) - com.google.protobuf.ServiceException: java.net.ConnectException: Your endpoint configuration is wrong; For more details see:  http://wiki.apache.org/hadoop/UnsetHostnameOrPort, while invoking $Proxy37.submitRequest over nodeId=null,nodeAddress=127.0.0.1:0 after 1 failover attempts. Trying to failover immediately.
2019-09-26 15:59:17,451 [main] INFO  ipc.Client (Client.java:handleConnectionFailure(948)) - Retrying connect to server: localhost/127.0.0.1:0. Already tried 0 time(s); retry policy is RetryUpToMaximumCountWithFixedSleep(maxRetries=10, sleepTime=1000 MILLISECONDS)
2019-09-26 15:59:18,453 [main] INFO  ipc.Client (Client.java:handleConnectionFailure(948)) - Retrying connect to server: localhost/127.0.0.1:0. Already tried 1 time(s); retry policy is RetryUpToMaximumCountWithFixedSleep(maxRetries=10, sleepTime=1000 MILLISECONDS)
2019-09-26 15:59:19,459 [main] INFO  ipc.Client (Client.java:handleConnectionFailure(948)) - Retrying connect to server: localhost/127.0.0.1:0. Already tried 2 time(s); retry policy is RetryUpToMaximumCountWithFixedSleep(maxRetries=10, sleepTime=1000 MILLISECONDS)
2019-09-26 15:59:20,461 [main] INFO  ipc.Client (Client.java:handleConnectionFailure(948)) - Retrying connect to server: localhost/127.0.0.1:0. Already tried 3 time(s); retry policy is RetryUpToMaximumCountWithFixedSleep(maxRetries=10, sleepTime=1000 MILLISECONDS)
2019-09-26 15:59:21,462 [main] INFO  ipc.Client (Client.java:handleConnectionFailure(948)) - Retrying connect to server: localhost/127.0.0.1:0. Already tried 4 time(s); retry policy is RetryUpToMaximumCountWithFixedSleep(maxRetries=10, sleepTime=1000 MILLISECONDS)
2019-09-26 15:59:22,464 [main] INFO  ipc.Client (Client.java:handleConnectionFailure(948)) - Retrying connect to server: localhost/127.0.0.1:0. Already tried 5 time(s); retry policy is RetryUpToMaximumCountWithFixedSleep(maxRetries=10, sleepTime=1000 MILLISECONDS)
2019-09-26 15:59:23,465 [main] INFO  ipc.Client (Client.java:handleConnectionFailure(948)) - Retrying connect to server: localhost/127.0.0.1:0. Already tried 6 time(s); retry policy is RetryUpToMaximumCountWithFixedSleep(maxRetries=10, sleepTime=1000 MILLISECONDS)
2019-09-26 15:59:24,467 [main] INFO  ipc.Client (Client.java:handleConnectionFailure(948)) - Retrying connect to server: localhost/127.0.0.1:0. Already tried 7 time(s); retry policy is RetryUpToMaximumCountWithFixedSleep(maxRetries=10, sleepTime=1000 MILLISECONDS)
2019-09-26 15:59:25,468 [main] INFO  ipc.Client (Client.java:handleConnectionFailure(948)) - Retrying connect to server: localhost/127.0.0.1:0. Already tried 8 time(s); retry policy is RetryUpToMaximumCountWithFixedSleep(maxRetries=10, sleepTime=1000 MILLISECONDS)
2019-09-26 15:59:26,469 [main] INFO  ipc.Client (Client.java:handleConnectionFailure(948)) - Retrying connect to server: localhost/127.0.0.1:0. Already tried 9 time(s); retry policy is RetryUpToMaximumCountWithFixedSleep(maxRetries=10, sleepTime=1000 MILLISECONDS)
2019-09-26 15:59:26,471 [main] INFO  retry.RetryInvocationHandler (RetryInvocationHandler.java:log(411)) - com.google.protobuf.ServiceException: java.net.ConnectException: Your endpoint configuration is wrong; For more details see:  http://wiki.apache.org/hadoop/UnsetHostnameOrPort, while invoking $Proxy37.submitRequest over nodeId=null,nodeAddress=127.0.0.1:0 after 2 failover attempts. Trying to failover immediately.
2019-09-26 15:59:27,473 [main] INFO  ipc.Client (Client.java:handleConnectionFailure(948)) - Retrying connect to server: localhost/127.0.0.1:0. Already tried 0 time(s); retry policy is RetryUpToMaximumCountWithFixedSleep(maxRetries=10, sleepTime=1000 MILLISECONDS)
2019-09-26 15:59:28,475 [main] INFO  ipc.Client (Client.java:handleConnectionFailure(948)) - Retrying connect to server: localhost/127.0.0.1:0. Already tried 1 time(s); retry policy is RetryUpToMaximumCountWithFixedSleep(maxRetries=10, sleepTime=1000 MILLISECONDS)
2019-09-26 15:59:29,476 [main] INFO  ipc.Client (Client.java:handleConnectionFailure(948)) - Retrying connect to server: localhost/127.0.0.1:0. Already tried 2 time(s); retry policy is RetryUpToMaximumCountWithFixedSleep(maxRetries=10, sleepTime=1000 MILLISECONDS)
2019-09-26 15:59:30,479 [main] INFO  ipc.Client (Client.java:handleConnectionFailure(948)) - Retrying connect to server: localhost/127.0.0.1:0. Already tried 3 time(s); retry policy is RetryUpToMaximumCountWithFixedSleep(maxRetries=10, sleepTime=1000 MILLISECONDS)
2019-09-26 15:59:31,480 [main] INFO  ipc.Client (Client.java:handleConnectionFailure(948)) - Retrying connect to server: localhost/127.0.0.1:0. Already tried 4 time(s); retry policy is RetryUpToMaximumCountWithFixedSleep(maxRetries=10, sleepTime=1000 MILLISECONDS)
2019-09-26 15:59:32,481 [main] INFO  ipc.Client (Client.java:handleConnectionFailure(948)) - Retrying connect to server: localhost/127.0.0.1:0. Already tried 5 time(s); retry policy is RetryUpToMaximumCountWithFixedSleep(maxRetries=10, sleepTime=1000 MILLISECONDS)
2019-09-26 15:59:33,483 [main] INFO  ipc.Client (Client.java:handleConnectionFailure(948)) - Retrying connect to server: localhost/127.0.0.1:0. Already tried 6 time(s); retry policy is RetryUpToMaximumCountWithFixedSleep(maxRetries=10, sleepTime=1000 MILLISECONDS)
2019-09-26 15:59:34,484 [main] INFO  ipc.Client (Client.java:handleConnectionFailure(948)) - Retrying connect to server: localhost/127.0.0.1:0. Already tried 7 time(s); retry policy is RetryUpToMaximumCountWithFixedSleep(maxRetries=10, sleepTime=1000 MILLISECONDS)
2019-09-26 15:59:35,486 [main] INFO  ipc.Client (Client.java:handleConnectionFailure(948)) - Retrying connect to server: localhost/127.0.0.1:0. Already tried 8 time(s); retry policy is RetryUpToMaximumCountWithFixedSleep(maxRetries=10, sleepTime=1000 MILLISECONDS)
2019-09-26 15:59:36,487 [main] INFO  ipc.Client (Client.java:handleConnectionFailure(948)) - Retrying connect to server: localhost/127.0.0.1:0. Already tried 9 time(s); retry policy is RetryUpToMaximumCountWithFixedSleep(maxRetries=10, sleepTime=1000 MILLISECONDS)
2019-09-26 15:59:36,490 [main] INFO  retry.RetryInvocationHandler (RetryInvocationHandler.java:log(411)) - com.google.protobuf.ServiceException: java.net.ConnectException: Your endpoint configuration is wrong; For more details see:  http://wiki.apache.org/hadoop/UnsetHostnameOrPort, while invoking $Proxy37.submitRequest over nodeId=null,nodeAddress=127.0.0.1:0 after 3 failover attempts. Trying to failover immediately.
2019-09-26 15:59:37,491 [main] INFO  ipc.Client (Client.java:handleConnectionFailure(948)) - Retrying connect to server: localhost/127.0.0.1:0. Already tried 0 time(s); retry policy is RetryUpToMaximumCountWithFixedSleep(maxRetries=10, sleepTime=1000 MILLISECONDS)
2019-09-26 15:59:38,492 [main] INFO  ipc.Client (Client.java:handleConnectionFailure(948)) - Retrying connect to server: localhost/127.0.0.1:0. Already tried 1 time(s); retry policy is RetryUpToMaximumCountWithFixedSleep(maxRetries=10, sleepTime=1000 MILLISECONDS)
2019-09-26 15:59:39,494 [main] INFO  ipc.Client (Client.java:handleConnectionFailure(948)) - Retrying connect to server: localhost/127.0.0.1:0. Already tried 2 time(s); retry policy is RetryUpToMaximumCountWithFixedSleep(maxRetries=10, sleepTime=1000 MILLISECONDS)
2019-09-26 15:59:40,495 [main] INFO  ipc.Client (Client.java:handleConnectionFailure(948)) - Retrying connect to server: localhost/127.0.0.1:0. Already tried 3 time(s); retry policy is RetryUpToMaximumCountWithFixedSleep(maxRetries=10, sleepTime=1000 MILLISECONDS)
2019-09-26 15:59:41,496 [main] INFO  ipc.Client (Client.java:handleConnectionFailure(948)) - Retrying connect to server: localhost/127.0.0.1:0. Already tried 4 time(s); retry policy is RetryUpToMaximumCountWithFixedSleep(maxRetries=10, sleepTime=1000 MILLISECONDS)
2019-09-26 15:59:42,498 [main] INFO  ipc.Client (Client.java:handleConnectionFailure(948)) - Retrying connect to server: localhost/127.0.0.1:0. Already tried 5 time(s); retry policy is RetryUpToMaximumCountWithFixedSleep(maxRetries=10, sleepTime=1000 MILLISECONDS)
2019-09-26 15:59:43,499 [main] INFO  ipc.Client (Client.java:handleConnectionFailure(948)) - Retrying connect to server: localhost/127.0.0.1:0. Already tried 6 time(s); retry policy is RetryUpToMaximumCountWithFixedSleep(maxRetries=10, sleepTime=1000 MILLISECONDS)
2019-09-26 15:59:44,500 [main] INFO  ipc.Client (Client.java:handleConnectionFailure(948)) - Retrying connect to server: localhost/127.0.0.1:0. Already tried 7 time(s); retry policy is RetryUpToMaximumCountWithFixedSleep(maxRetries=10, sleepTime=1000 MILLISECONDS)
2019-09-26 15:59:45,502 [main] INFO  ipc.Client (Client.java:handleConnectionFailure(948)) - Retrying connect to server: localhost/127.0.0.1:0. Already tried 8 time(s); retry policy is RetryUpToMaximumCountWithFixedSleep(maxRetries=10, sleepTime=1000 MILLISECONDS)
2019-09-26 15:59:46,503 [main] INFO  ipc.Client (Client.java:handleConnectionFailure(948)) - Retrying connect to server: localhost/127.0.0.1:0. Already tried 9 time(s); retry policy is RetryUpToMaximumCountWithFixedSleep(maxRetries=10, sleepTime=1000 MILLISECONDS)
2019-09-26 15:59:46,505 [main] INFO  retry.RetryInvocationHandler (RetryInvocationHandler.java:log(411)) - com.google.protobuf.ServiceException: java.net.ConnectException: Your endpoint configuration is wrong; For more details see:  http://wiki.apache.org/hadoop/UnsetHostnameOrPort, while invoking $Proxy37.submitRequest over nodeId=null,nodeAddress=127.0.0.1:0 after 4 failover attempts. Trying to failover immediately.
2019-09-26 15:59:47,506 [main] INFO  ipc.Client (Client.java:handleConnectionFailure(948)) - Retrying connect to server: localhost/127.0.0.1:0. Already tried 0 time(s); retry policy is RetryUpToMaximumCountWithFixedSleep(maxRetries=10, sleepTime=1000 MILLISECONDS)
2019-09-26 15:59:48,507 [main] INFO  ipc.Client (Client.java:handleConnectionFailure(948)) - Retrying connect to server: localhost/127.0.0.1:0. Already tried 1 time(s); retry policy is RetryUpToMaximumCountWithFixedSleep(maxRetries=10, sleepTime=1000 MILLISECONDS)
2019-09-26 15:59:49,509 [main] INFO  ipc.Client (Client.java:handleConnectionFailure(948)) - Retrying connect to server: localhost/127.0.0.1:0. Already tried 2 time(s); retry policy is RetryUpToMaximumCountWithFixedSleep(maxRetries=10, sleepTime=1000 MILLISECONDS)
2019-09-26 15:59:50,510 [main] INFO  ipc.Client (Client.java:handleConnectionFailure(948)) - Retrying connect to server: localhost/127.0.0.1:0. Already tried 3 time(s); retry policy is RetryUpToMaximumCountWithFixedSleep(maxRetries=10, sleepTime=1000 MILLISECONDS)
2019-09-26 15:59:51,512 [main] INFO  ipc.Client (Client.java:handleConnectionFailure(948)) - Retrying connect to server: localhost/127.0.0.1:0. Already tried 4 time(s); retry policy is RetryUpToMaximumCountWithFixedSleep(maxRetries=10, sleepTime=1000 MILLISECONDS)
2019-09-26 15:59:52,513 [main] INFO  ipc.Client (Client.java:handleConnectionFailure(948)) - Retrying connect to server: localhost/127.0.0.1:0. Already tried 5 time(s); retry policy is RetryUpToMaximumCountWithFixedSleep(maxRetries=10, sleepTime=1000 MILLISECONDS)
2019-09-26 15:59:53,514 [main] INFO  ipc.Client (Client.java:handleConnectionFailure(948)) - Retrying connect to server: localhost/127.0.0.1:0. Already tried 6 time(s); retry policy is RetryUpToMaximumCountWithFixedSleep(maxRetries=10, sleepTime=1000 MILLISECONDS)
2019-09-26 15:59:54,516 [main] INFO  ipc.Client (Client.java:handleConnectionFailure(948)) - Retrying connect to server: localhost/127.0.0.1:0. Already tried 7 time(s); retry policy is RetryUpToMaximumCountWithFixedSleep(maxRetries=10, sleepTime=1000 MILLISECONDS)
2019-09-26 15:59:55,517 [main] INFO  ipc.Client (Client.java:handleConnectionFailure(948)) - Retrying connect to server: localhost/127.0.0.1:0. Already tried 8 time(s); retry policy is RetryUpToMaximumCountWithFixedSleep(maxRetries=10, sleepTime=1000 MILLISECONDS)
2019-09-26 15:59:56,518 [main] INFO  ipc.Client (Client.java:handleConnectionFailure(948)) - Retrying connect to server: localhost/127.0.0.1:0. Already tried 9 time(s); retry policy is RetryUpToMaximumCountWithFixedSleep(maxRetries=10, sleepTime=1000 MILLISECONDS)
2019-09-26 15:59:56,520 [main] INFO  retry.RetryInvocationHandler (RetryInvocationHandler.java:log(411)) - com.google.protobuf.ServiceException: java.net.ConnectException: Your endpoint configuration is wrong; For more details see:  http://wiki.apache.org/hadoop/UnsetHostnameOrPort, while invoking $Proxy37.submitRequest over nodeId=null,nodeAddress=127.0.0.1:0 after 5 failover attempts. Trying to failover immediately.
2019-09-26 15:59:57,521 [main] INFO  ipc.Client (Client.java:handleConnectionFailure(948)) - Retrying connect to server: localhost/127.0.0.1:0. Already tried 0 time(s); retry policy is RetryUpToMaximumCountWithFixedSleep(maxRetries=10, sleepTime=1000 MILLISECONDS)
2019-09-26 15:59:58,523 [main] INFO  ipc.Client (Client.java:handleConnectionFailure(948)) - Retrying connect to server: localhost/127.0.0.1:0. Already tried 1 time(s); retry policy is RetryUpToMaximumCountWithFixedSleep(maxRetries=10, sleepTime=1000 MILLISECONDS)
2019-09-26 15:59:59,524 [main] INFO  ipc.Client (Client.java:handleConnectionFailure(948)) - Retrying connect to server: localhost/127.0.0.1:0. Already tried 2 time(s); retry policy is RetryUpToMaximumCountWithFixedSleep(maxRetries=10, sleepTime=1000 MILLISECONDS)
2019-09-26 16:00:00,525 [main] INFO  ipc.Client (Client.java:handleConnectionFailure(948)) - Retrying connect to server: localhost/127.0.0.1:0. Already tried 3 time(s); retry policy is RetryUpToMaximumCountWithFixedSleep(maxRetries=10, sleepTime=1000 MILLISECONDS)
2019-09-26 16:00:01,526 [main] INFO  ipc.Client (Client.java:handleConnectionFailure(948)) - Retrying connect to server: localhost/127.0.0.1:0. Already tried 4 time(s); retry policy is RetryUpToMaximumCountWithFixedSleep(maxRetries=10, sleepTime=1000 MILLISECONDS)
2019-09-26 16:00:02,528 [main] INFO  ipc.Client (Client.java:handleConnectionFailure(948)) - Retrying connect to server: localhost/127.0.0.1:0. Already tried 5 time(s); retry policy is RetryUpToMaximumCountWithFixedSleep(maxRetries=10, sleepTime=1000 MILLISECONDS)
2019-09-26 16:00:03,529 [main] INFO  ipc.Client (Client.java:handleConnectionFailure(948)) - Retrying connect to server: localhost/127.0.0.1:0. Already tried 6 time(s); retry policy is RetryUpToMaximumCountWithFixedSleep(maxRetries=10, sleepTime=1000 MILLISECONDS)
2019-09-26 16:00:04,531 [main] INFO  ipc.Client (Client.java:handleConnectionFailure(948)) - Retrying connect to server: localhost/127.0.0.1:0. Already tried 7 time(s); retry policy is RetryUpToMaximumCountWithFixedSleep(maxRetries=10, sleepTime=1000 MILLISECONDS)
2019-09-26 16:00:05,532 [main] INFO  ipc.Client (Client.java:handleConnectionFailure(948)) - Retrying connect to server: localhost/127.0.0.1:0. Already tried 8 time(s); retry policy is RetryUpToMaximumCountWithFixedSleep(maxRetries=10, sleepTime=1000 MILLISECONDS)
2019-09-26 16:00:06,533 [main] INFO  ipc.Client (Client.java:handleConnectionFailure(948)) - Retrying connect to server: localhost/127.0.0.1:0. Already tried 9 time(s); retry policy is RetryUpToMaximumCountWithFixedSleep(maxRetries=10, sleepTime=1000 MILLISECONDS)
2019-09-26 16:00:06,535 [main] INFO  retry.RetryInvocationHandler (RetryInvocationHandler.java:log(411)) - com.google.protobuf.ServiceException: java.net.ConnectException: Your endpoint configuration is wrong; For more details see:  http://wiki.apache.org/hadoop/UnsetHostnameOrPort, while invoking $Proxy37.submitRequest over nodeId=null,nodeAddress=127.0.0.1:0 after 6 failover attempts. Trying to failover immediately.
2019-09-26 16:00:07,536 [main] INFO  ipc.Client (Client.java:handleConnectionFailure(948)) - Retrying connect to server: localhost/127.0.0.1:0. Already tried 0 time(s); retry policy is RetryUpToMaximumCountWithFixedSleep(maxRetries=10, sleepTime=1000 MILLISECONDS)
2019-09-26 16:00:08,537 [main] INFO  ipc.Client (Client.java:handleConnectionFailure(948)) - Retrying connect to server: localhost/127.0.0.1:0. Already tried 1 time(s); retry policy is RetryUpToMaximumCountWithFixedSleep(maxRetries=10, sleepTime=1000 MILLISECONDS)
2019-09-26 16:00:09,539 [main] INFO  ipc.Client (Client.java:handleConnectionFailure(948)) - Retrying connect to server: localhost/127.0.0.1:0. Already tried 2 time(s); retry policy is RetryUpToMaximumCountWithFixedSleep(maxRetries=10, sleepTime=1000 MILLISECONDS)
2019-09-26 16:00:10,541 [main] INFO  ipc.Client (Client.java:handleConnectionFailure(948)) - Retrying connect to server: localhost/127.0.0.1:0. Already tried 3 time(s); retry policy is RetryUpToMaximumCountWithFixedSleep(maxRetries=10, sleepTime=1000 MILLISECONDS)
2019-09-26 16:00:11,542 [main] INFO  ipc.Client (Client.java:handleConnectionFailure(948)) - Retrying connect to server: localhost/127.0.0.1:0. Already tried 4 time(s); retry policy is RetryUpToMaximumCountWithFixedSleep(maxRetries=10, sleepTime=1000 MILLISECONDS)
2019-09-26 16:00:12,543 [main] INFO  ipc.Client (Client.java:handleConnectionFailure(948)) - Retrying connect to server: localhost/127.0.0.1:0. Already tried 5 time(s); retry policy is RetryUpToMaximumCountWithFixedSleep(maxRetries=10, sleepTime=1000 MILLISECONDS)
2019-09-26 16:00:13,545 [main] INFO  ipc.Client (Client.java:handleConnectionFailure(948)) - Retrying connect to server: localhost/127.0.0.1:0. Already tried 6 time(s); retry policy is RetryUpToMaximumCountWithFixedSleep(maxRetries=10, sleepTime=1000 MILLISECONDS)
2019-09-26 16:00:14,546 [main] INFO  ipc.Client (Client.java:handleConnectionFailure(948)) - Retrying connect to server: localhost/127.0.0.1:0. Already tried 7 time(s); retry policy is RetryUpToMaximumCountWithFixedSleep(maxRetries=10, sleepTime=1000 MILLISECONDS)
2019-09-26 16:00:15,547 [main] INFO  ipc.Client (Client.java:handleConnectionFailure(948)) - Retrying connect to server: localhost/127.0.0.1:0. Already tried 8 time(s); retry policy is RetryUpToMaximumCountWithFixedSleep(maxRetries=10, sleepTime=1000 MILLISECONDS)
2019-09-26 16:00:16,549 [main] INFO  ipc.Client (Client.java:handleConnectionFailure(948)) - Retrying connect to server: localhost/127.0.0.1:0. Already tried 9 time(s); retry policy is RetryUpToMaximumCountWithFixedSleep(maxRetries=10, sleepTime=1000 MILLISECONDS)
2019-09-26 16:00:16,551 [main] INFO  retry.RetryInvocationHandler (RetryInvocationHandler.java:log(411)) - com.google.protobuf.ServiceException: java.net.ConnectException: Your endpoint configuration is wrong; For more details see:  http://wiki.apache.org/hadoop/UnsetHostnameOrPort, while invoking $Proxy37.submitRequest over nodeId=null,nodeAddress=127.0.0.1:0 after 7 failover attempts. Trying to failover immediately.
2019-09-26 16:00:17,552 [main] INFO  ipc.Client (Client.java:handleConnectionFailure(948)) - Retrying connect to server: localhost/127.0.0.1:0. Already tried 0 time(s); retry policy is RetryUpToMaximumCountWithFixedSleep(maxRetries=10, sleepTime=1000 MILLISECONDS)
2019-09-26 16:00:18,553 [main] INFO  ipc.Client (Client.java:handleConnectionFailure(948)) - Retrying connect to server: localhost/127.0.0.1:0. Already tried 1 time(s); retry policy is RetryUpToMaximumCountWithFixedSleep(maxRetries=10, sleepTime=1000 MILLISECONDS)
2019-09-26 16:00:19,555 [main] INFO  ipc.Client (Client.java:handleConnectionFailure(948)) - Retrying connect to server: localhost/127.0.0.1:0. Already tried 2 time(s); retry policy is RetryUpToMaximumCountWithFixedSleep(maxRetries=10, sleepTime=1000 MILLISECONDS)
2019-09-26 16:00:20,556 [main] INFO  ipc.Client (Client.java:handleConnectionFailure(948)) - Retrying connect to server: localhost/127.0.0.1:0. Already tried 3 time(s); retry policy is RetryUpToMaximumCountWithFixedSleep(maxRetries=10, sleepTime=1000 MILLISECONDS)
2019-09-26 16:00:21,558 [main] INFO  ipc.Client (Client.java:handleConnectionFailure(948)) - Retrying connect to server: localhost/127.0.0.1:0. Already tried 4 time(s); retry policy is RetryUpToMaximumCountWithFixedSleep(maxRetries=10, sleepTime=1000 MILLISECONDS)
2019-09-26 16:00:22,559 [main] INFO  ipc.Client (Client.java:handleConnectionFailure(948)) - Retrying connect to server: localhost/127.0.0.1:0. Already tried 5 time(s); retry policy is RetryUpToMaximumCountWithFixedSleep(maxRetries=10, sleepTime=1000 MILLISECONDS)
2019-09-26 16:00:23,560 [main] INFO  ipc.Client (Client.java:handleConnectionFailure(948)) - Retrying connect to server: localhost/127.0.0.1:0. Already tried 6 time(s); retry policy is RetryUpToMaximumCountWithFixedSleep(maxRetries=10, sleepTime=1000 MILLISECONDS)
2019-09-26 16:00:24,561 [main] INFO  ipc.Client (Client.java:handleConnectionFailure(948)) - Retrying connect to server: localhost/127.0.0.1:0. Already tried 7 time(s); retry policy is RetryUpToMaximumCountWithFixedSleep(maxRetries=10, sleepTime=1000 MILLISECONDS)
2019-09-26 16:00:25,563 [main] INFO  ipc.Client (Client.java:handleConnectionFailure(948)) - Retrying connect to server: localhost/127.0.0.1:0. Already tried 8 time(s); retry policy is RetryUpToMaximumCountWithFixedSleep(maxRetries=10, sleepTime=1000 MILLISECONDS)
2019-09-26 16:00:26,564 [main] INFO  ipc.Client (Client.java:handleConnectionFailure(948)) - Retrying connect to server: localhost/127.0.0.1:0. Already tried 9 time(s); retry policy is RetryUpToMaximumCountWithFixedSleep(maxRetries=10, sleepTime=1000 MILLISECONDS)
2019-09-26 16:00:26,566 [main] INFO  retry.RetryInvocationHandler (RetryInvocationHandler.java:log(411)) - com.google.protobuf.ServiceException: java.net.ConnectException: Your endpoint configuration is wrong; For more details see:  http://wiki.apache.org/hadoop/UnsetHostnameOrPort, while invoking $Proxy37.submitRequest over nodeId=null,nodeAddress=127.0.0.1:0 after 8 failover attempts. Trying to failover immediately.
2019-09-26 16:00:27,567 [main] INFO  ipc.Client (Client.java:handleConnectionFailure(948)) - Retrying connect to server: localhost/127.0.0.1:0. Already tried 0 time(s); retry policy is RetryUpToMaximumCountWithFixedSleep(maxRetries=10, sleepTime=1000 MILLISECONDS)
2019-09-26 16:00:28,569 [main] INFO  ipc.Client (Client.java:handleConnectionFailure(948)) - Retrying connect to server: localhost/127.0.0.1:0. Already tried 1 time(s); retry policy is RetryUpToMaximumCountWithFixedSleep(maxRetries=10, sleepTime=1000 MILLISECONDS)
2019-09-26 16:00:29,570 [main] INFO  ipc.Client (Client.java:handleConnectionFailure(948)) - Retrying connect to server: localhost/127.0.0.1:0. Already tried 2 time(s); retry policy is RetryUpToMaximumCountWithFixedSleep(maxRetries=10, sleepTime=1000 MILLISECONDS)
2019-09-26 16:00:30,573 [main] INFO  ipc.Client (Client.java:handleConnectionFailure(948)) - Retrying connect to server: localhost/127.0.0.1:0. Already tried 3 time(s); retry policy is RetryUpToMaximumCountWithFixedSleep(maxRetries=10, sleepTime=1000 MILLISECONDS)
2019-09-26 16:00:31,574 [main] INFO  ipc.Client (Client.java:handleConnectionFailure(948)) - Retrying connect to server: localhost/127.0.0.1:0. Already tried 4 time(s); retry policy is RetryUpToMaximumCountWithFixedSleep(maxRetries=10, sleepTime=1000 MILLISECONDS)
2019-09-26 16:00:32,575 [main] INFO  ipc.Client (Client.java:handleConnectionFailure(948)) - Retrying connect to server: localhost/127.0.0.1:0. Already tried 5 time(s); retry policy is RetryUpToMaximumCountWithFixedSleep(maxRetries=10, sleepTime=1000 MILLISECONDS)
2019-09-26 16:00:33,577 [main] INFO  ipc.Client (Client.java:handleConnectionFailure(948)) - Retrying connect to server: localhost/127.0.0.1:0. Already tried 6 time(s); retry policy is RetryUpToMaximumCountWithFixedSleep(maxRetries=10, sleepTime=1000 MILLISECONDS)
2019-09-26 16:00:34,578 [main] INFO  ipc.Client (Client.java:handleConnectionFailure(948)) - Retrying connect to server: localhost/127.0.0.1:0. Already tried 7 time(s); retry policy is RetryUpToMaximumCountWithFixedSleep(maxRetries=10, sleepTime=1000 MILLISECONDS)
2019-09-26 16:00:35,579 [main] INFO  ipc.Client (Client.java:handleConnectionFailure(948)) - Retrying connect to server: localhost/127.0.0.1:0. Already tried 8 time(s); retry policy is RetryUpToMaximumCountWithFixedSleep(maxRetries=10, sleepTime=1000 MILLISECONDS)
2019-09-26 16:00:36,581 [main] INFO  ipc.Client (Client.java:handleConnectionFailure(948)) - Retrying connect to server: localhost/127.0.0.1:0. Already tried 9 time(s); retry policy is RetryUpToMaximumCountWithFixedSleep(maxRetries=10, sleepTime=1000 MILLISECONDS)
2019-09-26 16:00:36,582 [main] INFO  retry.RetryInvocationHandler (RetryInvocationHandler.java:log(411)) - com.google.protobuf.ServiceException: java.net.ConnectException: Your endpoint configuration is wrong; For more details see:  http://wiki.apache.org/hadoop/UnsetHostnameOrPort, while invoking $Proxy37.submitRequest over nodeId=null,nodeAddress=127.0.0.1:0 after 9 failover attempts. Trying to failover immediately.
2019-09-26 16:00:37,583 [main] INFO  ipc.Client (Client.java:handleConnectionFailure(948)) - Retrying connect to server: localhost/127.0.0.1:0. Already tried 0 time(s); retry policy is RetryUpToMaximumCountWithFixedSleep(maxRetries=10, sleepTime=1000 MILLISECONDS)
2019-09-26 16:00:38,585 [main] INFO  ipc.Client (Client.java:handleConnectionFailure(948)) - Retrying connect to server: localhost/127.0.0.1:0. Already tried 1 time(s); retry policy is RetryUpToMaximumCountWithFixedSleep(maxRetries=10, sleepTime=1000 MILLISECONDS)
2019-09-26 16:00:39,586 [main] INFO  ipc.Client (Client.java:handleConnectionFailure(948)) - Retrying connect to server: localhost/127.0.0.1:0. Already tried 2 time(s); retry policy is RetryUpToMaximumCountWithFixedSleep(maxRetries=10, sleepTime=1000 MILLISECONDS)
2019-09-26 16:00:40,587 [main] INFO  ipc.Client (Client.java:handleConnectionFailure(948)) - Retrying connect to server: localhost/127.0.0.1:0. Already tried 3 time(s); retry policy is RetryUpToMaximumCountWithFixedSleep(maxRetries=10, sleepTime=1000 MILLISECONDS)
2019-09-26 16:00:41,589 [main] INFO  ipc.Client (Client.java:handleConnectionFailure(948)) - Retrying connect to server: localhost/127.0.0.1:0. Already tried 4 time(s); retry policy is RetryUpToMaximumCountWithFixedSleep(maxRetries=10, sleepTime=1000 MILLISECONDS)
2019-09-26 16:00:42,590 [main] INFO  ipc.Client (Client.java:handleConnectionFailure(948)) - Retrying connect to server: localhost/127.0.0.1:0. Already tried 5 time(s); retry policy is RetryUpToMaximumCountWithFixedSleep(maxRetries=10, sleepTime=1000 MILLISECONDS)
2019-09-26 16:00:43,591 [main] INFO  ipc.Client (Client.java:handleConnectionFailure(948)) - Retrying connect to server: localhost/127.0.0.1:0. Already tried 6 time(s); retry policy is RetryUpToMaximumCountWithFixedSleep(maxRetries=10, sleepTime=1000 MILLISECONDS)
2019-09-26 16:00:44,593 [main] INFO  ipc.Client (Client.java:handleConnectionFailure(948)) - Retrying connect to server: localhost/127.0.0.1:0. Already tried 7 time(s); retry policy is RetryUpToMaximumCountWithFixedSleep(maxRetries=10, sleepTime=1000 MILLISECONDS)
2019-09-26 16:00:45,594 [main] INFO  ipc.Client (Client.java:handleConnectionFailure(948)) - Retrying connect to server: localhost/127.0.0.1:0. Already tried 8 time(s); retry policy is RetryUpToMaximumCountWithFixedSleep(maxRetries=10, sleepTime=1000 MILLISECONDS)
2019-09-26 16:00:46,595 [main] INFO  ipc.Client (Client.java:handleConnectionFailure(948)) - Retrying connect to server: localhost/127.0.0.1:0. Already tried 9 time(s); retry policy is RetryUpToMaximumCountWithFixedSleep(maxRetries=10, sleepTime=1000 MILLISECONDS)
2019-09-26 16:00:46,597 [main] ERROR ha.OMFailoverProxyProvider (OzoneManagerProtocolClientSideTranslatorPB.java:getRetryAction(268)) - Failed to connect to OM. Attempted 10 retries and 10 failovers
2019-09-26 16:00:46,601 [main] ERROR client.OzoneClientFactory (OzoneClientFactory.java:getClientProtocol(259)) - Couldn't create RpcClient protocol exception: 
java.net.ConnectException: Your endpoint configuration is wrong; For more details see:  http://wiki.apache.org/hadoop/UnsetHostnameOrPort
	at sun.reflect.NativeConstructorAccessorImpl.newInstance0(Native Method)
	at sun.reflect.NativeConstructorAccessorImpl.newInstance(NativeConstructorAccessorImpl.java:62)
	at sun.reflect.DelegatingConstructorAccessorImpl.newInstance(DelegatingConstructorAccessorImpl.java:45)
	at java.lang.reflect.Constructor.newInstance(Constructor.java:423)
	at org.apache.hadoop.net.NetUtils.wrapWithMessage(NetUtils.java:831)
	at org.apache.hadoop.net.NetUtils.wrapException(NetUtils.java:751)
	at org.apache.hadoop.ipc.Client.getRpcResponse(Client.java:1515)
	at org.apache.hadoop.ipc.Client.call(Client.java:1457)
	at org.apache.hadoop.ipc.Client.call(Client.java:1367)
	at org.apache.hadoop.ipc.ProtobufRpcEngine$Invoker.invoke(ProtobufRpcEngine.java:228)
	at org.apache.hadoop.ipc.ProtobufRpcEngine$Invoker.invoke(ProtobufRpcEngine.java:116)
	at com.sun.proxy.$Proxy37.submitRequest(Unknown Source)
	at sun.reflect.NativeMethodAccessorImpl.invoke0(Native Method)
	at sun.reflect.NativeMethodAccessorImpl.invoke(NativeMethodAccessorImpl.java:62)
	at sun.reflect.DelegatingMethodAccessorImpl.invoke(DelegatingMethodAccessorImpl.java:43)
	at java.lang.reflect.Method.invoke(Method.java:498)
	at org.apache.hadoop.io.retry.RetryInvocationHandler.invokeMethod(RetryInvocationHandler.java:422)
	at org.apache.hadoop.io.retry.RetryInvocationHandler$Call.invokeMethod(RetryInvocationHandler.java:165)
	at org.apache.hadoop.io.retry.RetryInvocationHandler$Call.invoke(RetryInvocationHandler.java:157)
	at org.apache.hadoop.io.retry.RetryInvocationHandler$Call.invokeOnce(RetryInvocationHandler.java:95)
	at org.apache.hadoop.io.retry.RetryInvocationHandler.invoke(RetryInvocationHandler.java:359)
	at com.sun.proxy.$Proxy37.submitRequest(Unknown Source)
	at org.apache.hadoop.ozone.om.protocolPB.OzoneManagerProtocolClientSideTranslatorPB.submitRequest(OzoneManagerProtocolClientSideTranslatorPB.java:338)
	at org.apache.hadoop.ozone.om.protocolPB.OzoneManagerProtocolClientSideTranslatorPB.getServiceInfo(OzoneManagerProtocolClientSideTranslatorPB.java:1223)
	at sun.reflect.NativeMethodAccessorImpl.invoke0(Native Method)
	at sun.reflect.NativeMethodAccessorImpl.invoke(NativeMethodAccessorImpl.java:62)
	at sun.reflect.DelegatingMethodAccessorImpl.invoke(DelegatingMethodAccessorImpl.java:43)
	at java.lang.reflect.Method.invoke(Method.java:498)
	at org.apache.hadoop.hdds.tracing.TraceAllMethod.invoke(TraceAllMethod.java:66)
	at com.sun.proxy.$Proxy38.getServiceInfo(Unknown Source)
	at org.apache.hadoop.ozone.client.rpc.RpcClient.<init>(RpcClient.java:154)
	at org.apache.hadoop.ozone.client.OzoneClientFactory.getClientProtocol(OzoneClientFactory.java:256)
	at org.apache.hadoop.ozone.client.OzoneClientFactory.getClientProtocol(OzoneClientFactory.java:239)
	at org.apache.hadoop.ozone.client.OzoneClientFactory.getClient(OzoneClientFactory.java:75)
	at org.apache.hadoop.ozone.client.rpc.TestCloseContainerHandlingByClient.init(TestCloseContainerHandlingByClient.java:97)
	at sun.reflect.NativeMethodAccessorImpl.invoke0(Native Method)
	at sun.reflect.NativeMethodAccessorImpl.invoke(NativeMethodAccessorImpl.java:62)
	at sun.reflect.DelegatingMethodAccessorImpl.invoke(DelegatingMethodAccessorImpl.java:43)
	at java.lang.reflect.Method.invoke(Method.java:498)
	at org.junit.runners.model.FrameworkMethod$1.runReflectiveCall(FrameworkMethod.java:47)
	at org.junit.internal.runners.model.ReflectiveCallable.run(ReflectiveCallable.java:12)
	at org.junit.runners.model.FrameworkMethod.invokeExplosively(FrameworkMethod.java:44)
	at org.junit.internal.runners.statements.RunBefores.evaluate(RunBefores.java:24)
	at org.junit.internal.runners.statements.RunAfters.evaluate(RunAfters.java:27)
	at org.junit.runners.ParentRunner.run(ParentRunner.java:309)
	at org.apache.maven.surefire.junit4.JUnit4Provider.execute(JUnit4Provider.java:365)
	at org.apache.maven.surefire.junit4.JUnit4Provider.executeWithRerun(JUnit4Provider.java:273)
	at org.apache.maven.surefire.junit4.JUnit4Provider.executeTestSet(JUnit4Provider.java:238)
	at org.apache.maven.surefire.junit4.JUnit4Provider.invoke(JUnit4Provider.java:159)
	at org.apache.maven.surefire.booter.ForkedBooter.invokeProviderInSameClassLoader(ForkedBooter.java:384)
	at org.apache.maven.surefire.booter.ForkedBooter.runSuitesInProcess(ForkedBooter.java:345)
	at org.apache.maven.surefire.booter.ForkedBooter.execute(ForkedBooter.java:126)
	at org.apache.maven.surefire.booter.ForkedBooter.main(ForkedBooter.java:418)
Caused by: java.net.ConnectException: Connection refused
	at sun.nio.ch.SocketChannelImpl.checkConnect(Native Method)
	at sun.nio.ch.SocketChannelImpl.finishConnect(SocketChannelImpl.java:717)
	at org.apache.hadoop.net.SocketIOWithTimeout.connect(SocketIOWithTimeout.java:206)
	at org.apache.hadoop.net.NetUtils.connect(NetUtils.java:531)
	at org.apache.hadoop.ipc.Client$Connection.setupConnection(Client.java:690)
	at org.apache.hadoop.ipc.Client$Connection.setupIOstreams(Client.java:794)
	at org.apache.hadoop.ipc.Client$Connection.access$3700(Client.java:411)
	at org.apache.hadoop.ipc.Client.getConnection(Client.java:1572)
	at org.apache.hadoop.ipc.Client.call(Client.java:1403)
	... 45 more
2019-09-26 16:00:46,605 [main] INFO  ozone.MiniOzoneClusterImpl (MiniOzoneClusterImpl.java:shutdown(314)) - Shutting down the Mini Ozone Cluster
2019-09-26 16:00:46,606 [main] INFO  ozone.MiniOzoneClusterImpl (MiniOzoneClusterImpl.java:stop(330)) - Stopping the Mini Ozone Cluster
2019-09-26 16:00:46,606 [main] INFO  ozone.MiniOzoneClusterImpl (MiniOzoneClusterImpl.java:stopOM(400)) - Stopping the OzoneManager
2019-09-26 16:00:46,606 [main] INFO  ipc.Server (Server.java:stop(3082)) - Stopping server on 34285
2019-09-26 16:00:46,636 [IPC Server listener on 34285] INFO  ipc.Server (Server.java:run(1185)) - Stopping IPC Server listener on 34285
2019-09-26 16:00:46,637 [main] INFO  ratis.OzoneManagerDoubleBuffer (OzoneManagerDoubleBuffer.java:stop(248)) - Stopping OMDoubleBuffer flush thread
2019-09-26 16:00:46,637 [IPC Server Responder] INFO  ipc.Server (Server.java:run(1319)) - Stopping IPC Server Responder
2019-09-26 16:00:46,640 [OMDoubleBufferFlushThread] INFO  ratis.OzoneManagerDoubleBuffer (OzoneManagerDoubleBuffer.java:flushTransactions(191)) - OMDoubleBuffer flush thread OMDoubleBufferFlushThread is interrupted and will exit. OMDoubleBufferFlushThread
2019-09-26 16:00:46,642 [main] INFO  utils.BackgroundService (BackgroundService.java:shutdown(148)) - Shutting down service KeyDeletingService
2019-09-26 16:00:46,648 [main] INFO  handler.ContextHandler (ContextHandler.java:doStop(910)) - Stopped o.e.j.w.WebAppContext@1cbb3d3b{/,null,UNAVAILABLE}{/ozoneManager}
2019-09-26 16:00:46,655 [main] INFO  server.AbstractConnector (AbstractConnector.java:doStop(318)) - Stopped ServerConnector@529cfee5{HTTP/1.1,[http/1.1]}{0.0.0.0:0}
2019-09-26 16:00:46,655 [main] INFO  handler.ContextHandler (ContextHandler.java:doStop(910)) - Stopped o.e.j.s.ServletContextHandler@629f066f{/static,file:///workdir/hadoop-ozone/integration-test/target/test-classes/webapps/static,UNAVAILABLE}
2019-09-26 16:00:46,656 [main] INFO  handler.ContextHandler (ContextHandler.java:doStop(910)) - Stopped o.e.j.s.ServletContextHandler@5cf8edcf{/logs,file:///workdir/hadoop-ozone/integration-test/target/log,UNAVAILABLE}
2019-09-26 16:00:46,661 [main] INFO  ozone.MiniOzoneClusterImpl (MiniOzoneClusterImpl.java:stopDatanodes(377)) - Stopping the HddsDatanodes
2019-09-26 16:00:46,786 [Datanode State Machine Thread - 0] INFO  statemachine.DatanodeStateMachine (DatanodeStateMachine.java:lambda$startDaemon$0(350)) - Ozone container server started.
2019-09-26 16:00:46,983 [Datanode State Machine Thread - 0] INFO  statemachine.DatanodeStateMachine (DatanodeStateMachine.java:lambda$startDaemon$0(350)) - Ozone container server started.
2019-09-26 16:00:48,817 [EventQueue-StaleNodeForStaleNodeHandler] INFO  node.StaleNodeHandler (StaleNodeHandler.java:onMessage(58)) - Datanode 72b5c033-f1d7-4ec2-94c9-edc10ba65d6d{ip: 192.168.157.234, host: pr-hdds-2162-htzpk-1451759861, networkLocation: /default-rack, certSerialId: null} moved to stale state. Finalizing its pipelines [PipelineID=973c46a6-1608-4103-8c47-69698ddf0ad1, PipelineID=ffb2be11-0272-44c6-953b-0057a25079f2]
2019-09-26 16:00:48,818 [EventQueue-StaleNodeForStaleNodeHandler] INFO  pipeline.SCMPipelineManager (SCMPipelineManager.java:finalizeAndDestroyPipeline(315)) - destroying pipeline:Pipeline[ Id: 973c46a6-1608-4103-8c47-69698ddf0ad1, Nodes: 72b5c033-f1d7-4ec2-94c9-edc10ba65d6d{ip: 192.168.157.234, host: pr-hdds-2162-htzpk-1451759861, networkLocation: /default-rack, certSerialId: null}, Type:RATIS, Factor:ONE, State:OPEN]
2019-09-26 16:00:48,822 [EventQueue-StaleNodeForStaleNodeHandler] INFO  pipeline.PipelineStateManager (PipelineStateManager.java:finalizePipeline(123)) - Pipeline Pipeline[ Id: 973c46a6-1608-4103-8c47-69698ddf0ad1, Nodes: 72b5c033-f1d7-4ec2-94c9-edc10ba65d6d{ip: 192.168.157.234, host: pr-hdds-2162-htzpk-1451759861, networkLocation: /default-rack, certSerialId: null}, Type:RATIS, Factor:ONE, State:CLOSED] moved to CLOSED state
2019-09-26 16:00:48,824 [EventQueue-StaleNodeForStaleNodeHandler] INFO  pipeline.SCMPipelineManager (SCMPipelineManager.java:finalizeAndDestroyPipeline(315)) - destroying pipeline:Pipeline[ Id: ffb2be11-0272-44c6-953b-0057a25079f2, Nodes: 72b5c033-f1d7-4ec2-94c9-edc10ba65d6d{ip: 192.168.157.234, host: pr-hdds-2162-htzpk-1451759861, networkLocation: /default-rack, certSerialId: null}3592649d-296e-49cb-9cdc-4bedca6b1b14{ip: 192.168.157.234, host: pr-hdds-2162-htzpk-1451759861, networkLocation: /default-rack, certSerialId: null}f133cb17-324a-49b7-a0dd-425bb032eccb{ip: 192.168.157.234, host: pr-hdds-2162-htzpk-1451759861, networkLocation: /default-rack, certSerialId: null}, Type:RATIS, Factor:THREE, State:OPEN]
2019-09-26 16:00:48,824 [EventQueue-StaleNodeForStaleNodeHandler] INFO  pipeline.PipelineStateManager (PipelineStateManager.java:finalizePipeline(123)) - Pipeline Pipeline[ Id: ffb2be11-0272-44c6-953b-0057a25079f2, Nodes: 72b5c033-f1d7-4ec2-94c9-edc10ba65d6d{ip: 192.168.157.234, host: pr-hdds-2162-htzpk-1451759861, networkLocation: /default-rack, certSerialId: null}3592649d-296e-49cb-9cdc-4bedca6b1b14{ip: 192.168.157.234, host: pr-hdds-2162-htzpk-1451759861, networkLocation: /default-rack, certSerialId: null}f133cb17-324a-49b7-a0dd-425bb032eccb{ip: 192.168.157.234, host: pr-hdds-2162-htzpk-1451759861, networkLocation: /default-rack, certSerialId: null}, Type:RATIS, Factor:THREE, State:CLOSED] moved to CLOSED state
2019-09-26 16:00:49,017 [EventQueue-StaleNodeForStaleNodeHandler] INFO  node.StaleNodeHandler (StaleNodeHandler.java:onMessage(58)) - Datanode 46167d95-d80a-4b08-b2a5-664081495ac0{ip: 192.168.157.234, host: pr-hdds-2162-htzpk-1451759861, networkLocation: /default-rack, certSerialId: null} moved to stale state. Finalizing its pipelines [PipelineID=0e35e86a-de54-45c2-932f-2600c1a698c4, PipelineID=55205370-061e-4fac-aa65-93218c050f6d]
2019-09-26 16:00:49,018 [EventQueue-StaleNodeForStaleNodeHandler] INFO  pipeline.SCMPipelineManager (SCMPipelineManager.java:finalizeAndDestroyPipeline(315)) - destroying pipeline:Pipeline[ Id: 0e35e86a-de54-45c2-932f-2600c1a698c4, Nodes: c16f8f41-3eb5-47da-89d5-23b9f4bc14e7{ip: 192.168.157.234, host: pr-hdds-2162-htzpk-1451759861, networkLocation: /default-rack, certSerialId: null}531ce5b0-66ed-4449-a691-14fda0eca003{ip: 192.168.157.234, host: pr-hdds-2162-htzpk-1451759861, networkLocation: /default-rack, certSerialId: null}46167d95-d80a-4b08-b2a5-664081495ac0{ip: 192.168.157.234, host: pr-hdds-2162-htzpk-1451759861, networkLocation: /default-rack, certSerialId: null}, Type:RATIS, Factor:THREE, State:OPEN]
2019-09-26 16:00:49,018 [EventQueue-StaleNodeForStaleNodeHandler] INFO  pipeline.PipelineStateManager (PipelineStateManager.java:finalizePipeline(123)) - Pipeline Pipeline[ Id: 0e35e86a-de54-45c2-932f-2600c1a698c4, Nodes: c16f8f41-3eb5-47da-89d5-23b9f4bc14e7{ip: 192.168.157.234, host: pr-hdds-2162-htzpk-1451759861, networkLocation: /default-rack, certSerialId: null}531ce5b0-66ed-4449-a691-14fda0eca003{ip: 192.168.157.234, host: pr-hdds-2162-htzpk-1451759861, networkLocation: /default-rack, certSerialId: null}46167d95-d80a-4b08-b2a5-664081495ac0{ip: 192.168.157.234, host: pr-hdds-2162-htzpk-1451759861, networkLocation: /default-rack, certSerialId: null}, Type:RATIS, Factor:THREE, State:CLOSED] moved to CLOSED state
2019-09-26 16:00:49,018 [EventQueue-StaleNodeForStaleNodeHandler] INFO  pipeline.SCMPipelineManager (SCMPipelineManager.java:finalizeAndDestroyPipeline(315)) - destroying pipeline:Pipeline[ Id: 55205370-061e-4fac-aa65-93218c050f6d, Nodes: 46167d95-d80a-4b08-b2a5-664081495ac0{ip: 192.168.157.234, host: pr-hdds-2162-htzpk-1451759861, networkLocation: /default-rack, certSerialId: null}, Type:RATIS, Factor:ONE, State:OPEN]
2019-09-26 16:00:49,018 [EventQueue-StaleNodeForStaleNodeHandler] INFO  pipeline.PipelineStateManager (PipelineStateManager.java:finalizePipeline(123)) - Pipeline Pipeline[ Id: 55205370-061e-4fac-aa65-93218c050f6d, Nodes: 46167d95-d80a-4b08-b2a5-664081495ac0{ip: 192.168.157.234, host: pr-hdds-2162-htzpk-1451759861, networkLocation: /default-rack, certSerialId: null}, Type:RATIS, Factor:ONE, State:CLOSED] moved to CLOSED state
2019-09-26 16:00:51,665 [main] INFO  ozoneimpl.OzoneContainer (OzoneContainer.java:stop(231)) - Attempting to stop container services.
2019-09-26 16:00:51,665 [ForkJoinPool.commonPool-worker-0] INFO  ozoneimpl.OzoneContainer (OzoneContainer.java:stop(231)) - Attempting to stop container services.
2019-09-26 16:00:52,136 [ForkJoinPool.commonPool-worker-0] INFO  impl.RaftServerProxy (RaftServerProxy.java:lambda$close$4(314)) - 72b5c033-f1d7-4ec2-94c9-edc10ba65d6d: close
2019-09-26 16:00:52,138 [main] INFO  impl.RaftServerProxy (RaftServerProxy.java:lambda$close$4(314)) - 46167d95-d80a-4b08-b2a5-664081495ac0: close
2019-09-26 16:00:52,140 [main] INFO  impl.RaftServerImpl (RaftServerImpl.java:lambda$shutdown$3(251)) - 46167d95-d80a-4b08-b2a5-664081495ac0@group-2600C1A698C4: shutdown
2019-09-26 16:00:52,140 [ForkJoinPool.commonPool-worker-0] INFO  impl.RaftServerImpl (RaftServerImpl.java:lambda$shutdown$3(251)) - 72b5c033-f1d7-4ec2-94c9-edc10ba65d6d@group-69698DDF0AD1: shutdown
2019-09-26 16:00:52,141 [main] INFO  util.JmxRegister (JmxRegister.java:unregister(73)) - Successfully un-registered JMX Bean with object name Ratis:service=RaftServer,group=group-2600C1A698C4,id=46167d95-d80a-4b08-b2a5-664081495ac0
2019-09-26 16:00:52,141 [ForkJoinPool.commonPool-worker-0] INFO  util.JmxRegister (JmxRegister.java:unregister(73)) - Successfully un-registered JMX Bean with object name Ratis:service=RaftServer,group=group-69698DDF0AD1,id=72b5c033-f1d7-4ec2-94c9-edc10ba65d6d
2019-09-26 16:00:52,141 [main] INFO  impl.RoleInfo (RoleInfo.java:shutdownLeaderState(104)) - 46167d95-d80a-4b08-b2a5-664081495ac0: shutdown LeaderState
2019-09-26 16:00:52,142 [ForkJoinPool.commonPool-worker-0] INFO  impl.RoleInfo (RoleInfo.java:shutdownLeaderState(104)) - 72b5c033-f1d7-4ec2-94c9-edc10ba65d6d: shutdown LeaderState
2019-09-26 16:00:52,149 [org.apache.ratis.server.impl.LogAppender$AppenderDaemon$$Lambda$408/1900515338@429db685] WARN  server.GrpcLogAppender (GrpcLogAppender.java:mayWait(143)) - 46167d95-d80a-4b08-b2a5-664081495ac0@group-2600C1A698C4->c16f8f41-3eb5-47da-89d5-23b9f4bc14e7-GrpcLogAppender: Wait interrupted by java.lang.InterruptedException
2019-09-26 16:00:52,147 [main] INFO  impl.PendingRequests (PendingRequests.java:sendNotLeaderResponses(202)) - 46167d95-d80a-4b08-b2a5-664081495ac0-PendingRequests: sendNotLeaderResponses
2019-09-26 16:00:52,147 [org.apache.ratis.server.impl.LogAppender$AppenderDaemon$$Lambda$408/1900515338@75d601f7] WARN  server.GrpcLogAppender (GrpcLogAppender.java:mayWait(143)) - 46167d95-d80a-4b08-b2a5-664081495ac0@group-2600C1A698C4->531ce5b0-66ed-4449-a691-14fda0eca003-GrpcLogAppender: Wait interrupted by java.lang.InterruptedException
2019-09-26 16:00:52,150 [ForkJoinPool.commonPool-worker-0] INFO  impl.PendingRequests (PendingRequests.java:sendNotLeaderResponses(202)) - 72b5c033-f1d7-4ec2-94c9-edc10ba65d6d-PendingRequests: sendNotLeaderResponses
2019-09-26 16:00:52,152 [main] INFO  impl.StateMachineUpdater (StateMachineUpdater.java:stopAndJoin(125)) - 46167d95-d80a-4b08-b2a5-664081495ac0@group-2600C1A698C4-StateMachineUpdater: set stopIndex = 0
2019-09-26 16:00:52,154 [ForkJoinPool.commonPool-worker-0] INFO  impl.StateMachineUpdater (StateMachineUpdater.java:stopAndJoin(125)) - 72b5c033-f1d7-4ec2-94c9-edc10ba65d6d@group-69698DDF0AD1-StateMachineUpdater: set stopIndex = 0
2019-09-26 16:00:52,157 [main] INFO  impl.RaftServerImpl (ServerState.java:close(385)) - 46167d95-d80a-4b08-b2a5-664081495ac0@group-2600C1A698C4: closes. applyIndex: 0
2019-09-26 16:00:52,157 [grpc-default-executor-6] INFO  server.GrpcServerProtocolService (GrpcServerProtocolService.java:onCompleted(113)) - 531ce5b0-66ed-4449-a691-14fda0eca003: Completed APPEND_ENTRIES, lastRequest: 46167d95-d80a-4b08-b2a5-664081495ac0->531ce5b0-66ed-4449-a691-14fda0eca003#42-t3, previous=(t:3, i:0), leaderCommit=0, initializing? false, entries: <empty>
2019-09-26 16:00:52,157 [grpc-default-executor-2] INFO  server.GrpcServerProtocolService (GrpcServerProtocolService.java:onCompleted(113)) - c16f8f41-3eb5-47da-89d5-23b9f4bc14e7: Completed APPEND_ENTRIES, lastRequest: 46167d95-d80a-4b08-b2a5-664081495ac0->c16f8f41-3eb5-47da-89d5-23b9f4bc14e7#42-t3, previous=(t:3, i:0), leaderCommit=0, initializing? false, entries: <empty>
2019-09-26 16:00:52,157 [ForkJoinPool.commonPool-worker-0] INFO  impl.RaftServerImpl (ServerState.java:close(385)) - 72b5c033-f1d7-4ec2-94c9-edc10ba65d6d@group-69698DDF0AD1: closes. applyIndex: 0
2019-09-26 16:00:52,161 [grpc-default-executor-2] INFO  server.GrpcLogAppender (GrpcLogAppender.java:onCompleted(293)) - 46167d95-d80a-4b08-b2a5-664081495ac0@group-2600C1A698C4->531ce5b0-66ed-4449-a691-14fda0eca003-AppendLogResponseHandler: follower responses appendEntries COMPLETED
2019-09-26 16:00:52,161 [72b5c033-f1d7-4ec2-94c9-edc10ba65d6d@group-69698DDF0AD1-SegmentedRaftLogWorker] INFO  segmented.SegmentedRaftLogWorker (SegmentedRaftLogWorker.java:run(313)) - 72b5c033-f1d7-4ec2-94c9-edc10ba65d6d@group-69698DDF0AD1-SegmentedRaftLogWorker was interrupted, exiting. There are 0 tasks remaining in the queue.
2019-09-26 16:00:52,161 [46167d95-d80a-4b08-b2a5-664081495ac0@group-2600C1A698C4-SegmentedRaftLogWorker] INFO  segmented.SegmentedRaftLogWorker (SegmentedRaftLogWorker.java:run(313)) - 46167d95-d80a-4b08-b2a5-664081495ac0@group-2600C1A698C4-SegmentedRaftLogWorker was interrupted, exiting. There are 0 tasks remaining in the queue.
2019-09-26 16:00:52,161 [grpc-default-executor-6] INFO  server.GrpcLogAppender (GrpcLogAppender.java:onCompleted(293)) - 46167d95-d80a-4b08-b2a5-664081495ac0@group-2600C1A698C4->c16f8f41-3eb5-47da-89d5-23b9f4bc14e7-AppendLogResponseHandler: follower responses appendEntries COMPLETED
2019-09-26 16:00:52,167 [grpc-default-executor-2] INFO  impl.FollowerInfo (FollowerInfo.java:lambda$new$0(51)) - 46167d95-d80a-4b08-b2a5-664081495ac0@group-2600C1A698C4->531ce5b0-66ed-4449-a691-14fda0eca003: nextIndex: updateUnconditionally 1 -> 0
2019-09-26 16:00:52,165 [ForkJoinPool.commonPool-worker-0] INFO  segmented.SegmentedRaftLogWorker (SegmentedRaftLogWorker.java:close(228)) - 72b5c033-f1d7-4ec2-94c9-edc10ba65d6d@group-69698DDF0AD1-SegmentedRaftLogWorker close()
2019-09-26 16:00:52,169 [grpc-default-executor-6] INFO  impl.FollowerInfo (FollowerInfo.java:lambda$new$0(51)) - 46167d95-d80a-4b08-b2a5-664081495ac0@group-2600C1A698C4->c16f8f41-3eb5-47da-89d5-23b9f4bc14e7: nextIndex: updateUnconditionally 1 -> 0
2019-09-26 16:00:52,174 [ForkJoinPool.commonPool-worker-0] INFO  impl.RaftServerImpl (RaftServerImpl.java:lambda$shutdown$3(251)) - 72b5c033-f1d7-4ec2-94c9-edc10ba65d6d@group-0057A25079F2: shutdown
2019-09-26 16:00:52,174 [ForkJoinPool.commonPool-worker-0] INFO  util.JmxRegister (JmxRegister.java:unregister(73)) - Successfully un-registered JMX Bean with object name Ratis:service=RaftServer,group=group-0057A25079F2,id=72b5c033-f1d7-4ec2-94c9-edc10ba65d6d
2019-09-26 16:00:52,175 [ForkJoinPool.commonPool-worker-0] INFO  impl.RoleInfo (RoleInfo.java:shutdownFollowerState(121)) - 72b5c033-f1d7-4ec2-94c9-edc10ba65d6d: shutdown FollowerState
2019-09-26 16:00:52,175 [ForkJoinPool.commonPool-worker-0] INFO  impl.StateMachineUpdater (StateMachineUpdater.java:stopAndJoin(125)) - 72b5c033-f1d7-4ec2-94c9-edc10ba65d6d@group-0057A25079F2-StateMachineUpdater: set stopIndex = 0
2019-09-26 16:00:52,175 [Thread-300] INFO  impl.FollowerState (FollowerState.java:run(115)) - 72b5c033-f1d7-4ec2-94c9-edc10ba65d6d: FollowerState was interrupted: java.lang.InterruptedException: sleep interrupted
2019-09-26 16:00:52,177 [main] INFO  segmented.SegmentedRaftLogWorker (SegmentedRaftLogWorker.java:close(228)) - 46167d95-d80a-4b08-b2a5-664081495ac0@group-2600C1A698C4-SegmentedRaftLogWorker close()
2019-09-26 16:00:52,177 [ForkJoinPool.commonPool-worker-0] INFO  impl.RaftServerImpl (ServerState.java:close(385)) - 72b5c033-f1d7-4ec2-94c9-edc10ba65d6d@group-0057A25079F2: closes. applyIndex: 0
2019-09-26 16:00:52,182 [main] INFO  impl.RaftServerImpl (RaftServerImpl.java:lambda$shutdown$3(251)) - 46167d95-d80a-4b08-b2a5-664081495ac0@group-93218C050F6D: shutdown
2019-09-26 16:00:52,182 [72b5c033-f1d7-4ec2-94c9-edc10ba65d6d@group-0057A25079F2-SegmentedRaftLogWorker] INFO  segmented.SegmentedRaftLogWorker (SegmentedRaftLogWorker.java:run(313)) - 72b5c033-f1d7-4ec2-94c9-edc10ba65d6d@group-0057A25079F2-SegmentedRaftLogWorker was interrupted, exiting. There are 0 tasks remaining in the queue.
2019-09-26 16:00:52,182 [main] INFO  util.JmxRegister (JmxRegister.java:unregister(73)) - Successfully un-registered JMX Bean with object name Ratis:service=RaftServer,group=group-93218C050F6D,id=46167d95-d80a-4b08-b2a5-664081495ac0
2019-09-26 16:00:52,184 [ForkJoinPool.commonPool-worker-0] INFO  segmented.SegmentedRaftLogWorker (SegmentedRaftLogWorker.java:close(228)) - 72b5c033-f1d7-4ec2-94c9-edc10ba65d6d@group-0057A25079F2-SegmentedRaftLogWorker close()
2019-09-26 16:00:52,185 [main] INFO  impl.RoleInfo (RoleInfo.java:shutdownLeaderState(104)) - 46167d95-d80a-4b08-b2a5-664081495ac0: shutdown LeaderState
2019-09-26 16:00:52,189 [main] INFO  impl.PendingRequests (PendingRequests.java:sendNotLeaderResponses(202)) - 46167d95-d80a-4b08-b2a5-664081495ac0-PendingRequests: sendNotLeaderResponses
2019-09-26 16:00:52,190 [main] INFO  impl.StateMachineUpdater (StateMachineUpdater.java:stopAndJoin(125)) - 46167d95-d80a-4b08-b2a5-664081495ac0@group-93218C050F6D-StateMachineUpdater: set stopIndex = 0
2019-09-26 16:00:52,190 [ForkJoinPool.commonPool-worker-0] INFO  server.GrpcService (GrpcService.java:closeImpl(164)) - 72b5c033-f1d7-4ec2-94c9-edc10ba65d6d: shutdown server with port 37666 now
2019-09-26 16:00:52,190 [main] INFO  impl.RaftServerImpl (ServerState.java:close(385)) - 46167d95-d80a-4b08-b2a5-664081495ac0@group-93218C050F6D: closes. applyIndex: 0
2019-09-26 16:00:52,191 [46167d95-d80a-4b08-b2a5-664081495ac0@group-93218C050F6D-SegmentedRaftLogWorker] INFO  segmented.SegmentedRaftLogWorker (SegmentedRaftLogWorker.java:run(313)) - 46167d95-d80a-4b08-b2a5-664081495ac0@group-93218C050F6D-SegmentedRaftLogWorker was interrupted, exiting. There are 0 tasks remaining in the queue.
2019-09-26 16:00:52,193 [main] INFO  segmented.SegmentedRaftLogWorker (SegmentedRaftLogWorker.java:close(228)) - 46167d95-d80a-4b08-b2a5-664081495ac0@group-93218C050F6D-SegmentedRaftLogWorker close()
2019-09-26 16:00:52,199 [main] INFO  server.GrpcService (GrpcService.java:closeImpl(164)) - 46167d95-d80a-4b08-b2a5-664081495ac0: shutdown server with port 37564 now
2019-09-26 16:00:52,200 [main] INFO  server.GrpcService (GrpcService.java:closeImpl(172)) - 46167d95-d80a-4b08-b2a5-664081495ac0: shutdown server with port 37564 successfully
2019-09-26 16:00:52,204 [refreshUsed-/workdir/hadoop-ozone/integration-test/target/test-dir/MiniOzoneClusterImpl-cc90927b-9788-4d55-bf9d-8c156a856a16/datanode-4/data/containers] WARN  fs.CachingGetSpaceUsed (CachingGetSpaceUsed.java:run(183)) - Thread Interrupted waiting to refresh disk information: sleep interrupted
2019-09-26 16:00:52,204 [grpc-default-executor-2] WARN  server.GrpcServerProtocolService (LogUtils.java:warn(134)) - 72b5c033-f1d7-4ec2-94c9-edc10ba65d6d: installSnapshot onError, lastRequest: f133cb17-324a-49b7-a0dd-425bb032eccb->72b5c033-f1d7-4ec2-94c9-edc10ba65d6d#44-t1, previous=(t:1, i:0), leaderCommit=0, initializing? false, entries: <empty>: org.apache.ratis.thirdparty.io.grpc.StatusRuntimeException: CANCELLED: cancelled before receiving half close
2019-09-26 16:00:52,208 [ForkJoinPool.commonPool-worker-0] INFO  server.GrpcService (GrpcService.java:closeImpl(172)) - 72b5c033-f1d7-4ec2-94c9-edc10ba65d6d: shutdown server with port 37666 successfully
2019-09-26 16:00:52,216 [refreshUsed-/workdir/hadoop-ozone/integration-test/target/test-dir/MiniOzoneClusterImpl-cc90927b-9788-4d55-bf9d-8c156a856a16/datanode-1/data/containers] WARN  fs.CachingGetSpaceUsed (CachingGetSpaceUsed.java:run(183)) - Thread Interrupted waiting to refresh disk information: sleep interrupted
2019-09-26 16:00:52,219 [grpc-default-executor-0] WARN  server.GrpcLogAppender (LogUtils.java:warn(134)) - f133cb17-324a-49b7-a0dd-425bb032eccb@group-0057A25079F2->72b5c033-f1d7-4ec2-94c9-edc10ba65d6d-AppendLogResponseHandler: Failed appendEntries: org.apache.ratis.thirdparty.io.grpc.StatusRuntimeException: CANCELLED: HTTP/2 error code: CANCEL
Received Rst Stream
2019-09-26 16:00:52,221 [grpc-default-executor-0] INFO  impl.FollowerInfo (FollowerInfo.java:lambda$new$0(51)) - f133cb17-324a-49b7-a0dd-425bb032eccb@group-0057A25079F2->72b5c033-f1d7-4ec2-94c9-edc10ba65d6d: nextIndex: updateUnconditionally 1 -> 0
2019-09-26 16:00:52,240 [main] INFO  utils.BackgroundService (BackgroundService.java:shutdown(148)) - Shutting down service BlockDeletingService
2019-09-26 16:00:52,245 [main] INFO  statemachine.DatanodeStateMachine (DatanodeStateMachine.java:stopDaemon(395)) - Ozone container server stopped.
2019-09-26 16:00:52,247 [ForkJoinPool.commonPool-worker-0] INFO  utils.BackgroundService (BackgroundService.java:shutdown(148)) - Shutting down service BlockDeletingService
2019-09-26 16:00:52,250 [main] INFO  handler.ContextHandler (ContextHandler.java:doStop(910)) - Stopped o.e.j.w.WebAppContext@53cf9c99{/,null,UNAVAILABLE}{/hddsDatanode}
2019-09-26 16:00:52,251 [ForkJoinPool.commonPool-worker-0] INFO  statemachine.DatanodeStateMachine (DatanodeStateMachine.java:stopDaemon(395)) - Ozone container server stopped.
2019-09-26 16:00:52,254 [main] INFO  server.AbstractConnector (AbstractConnector.java:doStop(318)) - Stopped ServerConnector@7b306b9f{HTTP/1.1,[http/1.1]}{0.0.0.0:0}
2019-09-26 16:00:52,255 [ForkJoinPool.commonPool-worker-0] INFO  handler.ContextHandler (ContextHandler.java:doStop(910)) - Stopped o.e.j.w.WebAppContext@58472096{/,null,UNAVAILABLE}{/hddsDatanode}
2019-09-26 16:00:52,255 [main] INFO  handler.ContextHandler (ContextHandler.java:doStop(910)) - Stopped o.e.j.s.ServletContextHandler@2cae9b8{/static,jar:file:/home/user/.m2/repository/org/apache/hadoop/hadoop-hdds-container-service/0.5.0-SNAPSHOT/hadoop-hdds-container-service-0.5.0-SNAPSHOT.jar!/webapps/static,UNAVAILABLE}
2019-09-26 16:00:52,256 [ForkJoinPool.commonPool-worker-0] INFO  server.AbstractConnector (AbstractConnector.java:doStop(318)) - Stopped ServerConnector@a92be4f{HTTP/1.1,[http/1.1]}{0.0.0.0:0}
2019-09-26 16:00:52,256 [main] INFO  handler.ContextHandler (ContextHandler.java:doStop(910)) - Stopped o.e.j.s.ServletContextHandler@67e13bd0{/logs,file:///workdir/hadoop-ozone/integration-test/target/log,UNAVAILABLE}
2019-09-26 16:00:52,257 [ForkJoinPool.commonPool-worker-0] INFO  handler.ContextHandler (ContextHandler.java:doStop(910)) - Stopped o.e.j.s.ServletContextHandler@5460b754{/static,jar:file:/home/user/.m2/repository/org/apache/hadoop/hadoop-hdds-container-service/0.5.0-SNAPSHOT/hadoop-hdds-container-service-0.5.0-SNAPSHOT.jar!/webapps/static,UNAVAILABLE}
2019-09-26 16:00:52,258 [ForkJoinPool.commonPool-worker-0] INFO  handler.ContextHandler (ContextHandler.java:doStop(910)) - Stopped o.e.j.s.ServletContextHandler@620c8641{/logs,file:///workdir/hadoop-ozone/integration-test/target/log,UNAVAILABLE}
2019-09-26 16:00:53,135 [Datanode State Machine Thread - 0] INFO  statemachine.DatanodeStateMachine (DatanodeStateMachine.java:lambda$startDaemon$0(350)) - Ozone container server started.
2019-09-26 16:00:53,136 [Datanode State Machine Thread - 0] INFO  statemachine.DatanodeStateMachine (DatanodeStateMachine.java:lambda$startDaemon$0(350)) - Ozone container server started.
2019-09-26 16:00:53,198 [grpc-default-executor-2] WARN  server.GrpcLogAppender (LogUtils.java:warn(134)) - f133cb17-324a-49b7-a0dd-425bb032eccb@group-0057A25079F2->72b5c033-f1d7-4ec2-94c9-edc10ba65d6d-AppendLogResponseHandler: Failed appendEntries: org.apache.ratis.thirdparty.io.grpc.StatusRuntimeException: UNAVAILABLE: io exception
2019-09-26 16:00:53,201 [grpc-default-executor-2] INFO  impl.FollowerInfo (FollowerInfo.java:lambda$new$0(51)) - f133cb17-324a-49b7-a0dd-425bb032eccb@group-0057A25079F2->72b5c033-f1d7-4ec2-94c9-edc10ba65d6d: nextIndex: updateUnconditionally 0 -> 0
2019-09-26 16:00:55,142 [EventQueue-StaleNodeForStaleNodeHandler] INFO  node.StaleNodeHandler (StaleNodeHandler.java:onMessage(58)) - Datanode c16f8f41-3eb5-47da-89d5-23b9f4bc14e7{ip: 192.168.157.234, host: pr-hdds-2162-htzpk-1451759861, networkLocation: /default-rack, certSerialId: null} moved to stale state. Finalizing its pipelines [PipelineID=0e35e86a-de54-45c2-932f-2600c1a698c4, PipelineID=a8ad0475-b204-4df7-a40c-620cae97254a]
2019-09-26 16:00:55,143 [EventQueue-StaleNodeForStaleNodeHandler] INFO  pipeline.SCMPipelineManager (SCMPipelineManager.java:finalizeAndDestroyPipeline(315)) - destroying pipeline:Pipeline[ Id: 0e35e86a-de54-45c2-932f-2600c1a698c4, Nodes: c16f8f41-3eb5-47da-89d5-23b9f4bc14e7{ip: 192.168.157.234, host: pr-hdds-2162-htzpk-1451759861, networkLocation: /default-rack, certSerialId: null}531ce5b0-66ed-4449-a691-14fda0eca003{ip: 192.168.157.234, host: pr-hdds-2162-htzpk-1451759861, networkLocation: /default-rack, certSerialId: null}46167d95-d80a-4b08-b2a5-664081495ac0{ip: 192.168.157.234, host: pr-hdds-2162-htzpk-1451759861, networkLocation: /default-rack, certSerialId: null}, Type:RATIS, Factor:THREE, State:CLOSED]
2019-09-26 16:00:55,143 [EventQueue-StaleNodeForStaleNodeHandler] INFO  pipeline.SCMPipelineManager (SCMPipelineManager.java:finalizeAndDestroyPipeline(315)) - destroying pipeline:Pipeline[ Id: a8ad0475-b204-4df7-a40c-620cae97254a, Nodes: c16f8f41-3eb5-47da-89d5-23b9f4bc14e7{ip: 192.168.157.234, host: pr-hdds-2162-htzpk-1451759861, networkLocation: /default-rack, certSerialId: null}, Type:RATIS, Factor:ONE, State:OPEN]
2019-09-26 16:00:55,144 [EventQueue-StaleNodeForStaleNodeHandler] INFO  pipeline.PipelineStateManager (PipelineStateManager.java:finalizePipeline(123)) - Pipeline Pipeline[ Id: a8ad0475-b204-4df7-a40c-620cae97254a, Nodes: c16f8f41-3eb5-47da-89d5-23b9f4bc14e7{ip: 192.168.157.234, host: pr-hdds-2162-htzpk-1451759861, networkLocation: /default-rack, certSerialId: null}, Type:RATIS, Factor:ONE, State:CLOSED] moved to CLOSED state
2019-09-26 16:00:55,144 [EventQueue-StaleNodeForStaleNodeHandler] INFO  node.StaleNodeHandler (StaleNodeHandler.java:onMessage(58)) - Datanode 531ce5b0-66ed-4449-a691-14fda0eca003{ip: 192.168.157.234, host: pr-hdds-2162-htzpk-1451759861, networkLocation: /default-rack, certSerialId: null} moved to stale state. Finalizing its pipelines [PipelineID=2c5c7ba7-bc9b-4352-b0e8-b93632c1686c, PipelineID=0e35e86a-de54-45c2-932f-2600c1a698c4]
2019-09-26 16:00:55,144 [EventQueue-StaleNodeForStaleNodeHandler] INFO  pipeline.SCMPipelineManager (SCMPipelineManager.java:finalizeAndDestroyPipeline(315)) - destroying pipeline:Pipeline[ Id: 2c5c7ba7-bc9b-4352-b0e8-b93632c1686c, Nodes: 531ce5b0-66ed-4449-a691-14fda0eca003{ip: 192.168.157.234, host: pr-hdds-2162-htzpk-1451759861, networkLocation: /default-rack, certSerialId: null}, Type:RATIS, Factor:ONE, State:OPEN]
2019-09-26 16:00:55,144 [EventQueue-StaleNodeForStaleNodeHandler] INFO  pipeline.PipelineStateManager (PipelineStateManager.java:finalizePipeline(123)) - Pipeline Pipeline[ Id: 2c5c7ba7-bc9b-4352-b0e8-b93632c1686c, Nodes: 531ce5b0-66ed-4449-a691-14fda0eca003{ip: 192.168.157.234, host: pr-hdds-2162-htzpk-1451759861, networkLocation: /default-rack, certSerialId: null}, Type:RATIS, Factor:ONE, State:CLOSED] moved to CLOSED state
2019-09-26 16:00:55,145 [EventQueue-StaleNodeForStaleNodeHandler] INFO  pipeline.SCMPipelineManager (SCMPipelineManager.java:finalizeAndDestroyPipeline(315)) - destroying pipeline:Pipeline[ Id: 0e35e86a-de54-45c2-932f-2600c1a698c4, Nodes: c16f8f41-3eb5-47da-89d5-23b9f4bc14e7{ip: 192.168.157.234, host: pr-hdds-2162-htzpk-1451759861, networkLocation: /default-rack, certSerialId: null}531ce5b0-66ed-4449-a691-14fda0eca003{ip: 192.168.157.234, host: pr-hdds-2162-htzpk-1451759861, networkLocation: /default-rack, certSerialId: null}46167d95-d80a-4b08-b2a5-664081495ac0{ip: 192.168.157.234, host: pr-hdds-2162-htzpk-1451759861, networkLocation: /default-rack, certSerialId: null}, Type:RATIS, Factor:THREE, State:CLOSED]
2019-09-26 16:00:55,695 [grpc-default-executor-6] WARN  server.GrpcLogAppender (LogUtils.java:warn(134)) - f133cb17-324a-49b7-a0dd-425bb032eccb@group-0057A25079F2->72b5c033-f1d7-4ec2-94c9-edc10ba65d6d-AppendLogResponseHandler: Failed appendEntries: org.apache.ratis.thirdparty.io.grpc.StatusRuntimeException: UNAVAILABLE: io exception
2019-09-26 16:00:55,699 [grpc-default-executor-6] INFO  impl.FollowerInfo (FollowerInfo.java:lambda$new$0(51)) - f133cb17-324a-49b7-a0dd-425bb032eccb@group-0057A25079F2->72b5c033-f1d7-4ec2-94c9-edc10ba65d6d: nextIndex: updateUnconditionally 0 -> 0
2019-09-26 16:00:57,260 [ForkJoinPool.commonPool-worker-0] INFO  ozoneimpl.OzoneContainer (OzoneContainer.java:stop(231)) - Attempting to stop container services.
2019-09-26 16:00:57,260 [main] INFO  ozoneimpl.OzoneContainer (OzoneContainer.java:stop(231)) - Attempting to stop container services.
2019-09-26 16:00:57,264 [ForkJoinPool.commonPool-worker-0] INFO  impl.RaftServerProxy (RaftServerProxy.java:lambda$close$4(314)) - c16f8f41-3eb5-47da-89d5-23b9f4bc14e7: close
2019-09-26 16:00:57,264 [main] INFO  impl.RaftServerProxy (RaftServerProxy.java:lambda$close$4(314)) - 531ce5b0-66ed-4449-a691-14fda0eca003: close
2019-09-26 16:00:57,264 [ForkJoinPool.commonPool-worker-0] INFO  impl.RaftServerImpl (RaftServerImpl.java:lambda$shutdown$3(251)) - c16f8f41-3eb5-47da-89d5-23b9f4bc14e7@group-2600C1A698C4: shutdown
2019-09-26 16:00:57,265 [main] INFO  impl.RaftServerImpl (RaftServerImpl.java:lambda$shutdown$3(251)) - 531ce5b0-66ed-4449-a691-14fda0eca003@group-B93632C1686C: shutdown
2019-09-26 16:00:57,265 [ForkJoinPool.commonPool-worker-0] INFO  util.JmxRegister (JmxRegister.java:unregister(73)) - Successfully un-registered JMX Bean with object name Ratis:service=RaftServer,group=group-2600C1A698C4,id=c16f8f41-3eb5-47da-89d5-23b9f4bc14e7
2019-09-26 16:00:57,265 [main] INFO  util.JmxRegister (JmxRegister.java:unregister(73)) - Successfully un-registered JMX Bean with object name Ratis:service=RaftServer,group=group-B93632C1686C,id=531ce5b0-66ed-4449-a691-14fda0eca003
2019-09-26 16:00:57,266 [main] INFO  impl.RoleInfo (RoleInfo.java:shutdownLeaderState(104)) - 531ce5b0-66ed-4449-a691-14fda0eca003: shutdown LeaderState
2019-09-26 16:00:57,266 [ForkJoinPool.commonPool-worker-0] INFO  impl.RoleInfo (RoleInfo.java:shutdownFollowerState(121)) - c16f8f41-3eb5-47da-89d5-23b9f4bc14e7: shutdown FollowerState
2019-09-26 16:00:57,267 [main] INFO  impl.PendingRequests (PendingRequests.java:sendNotLeaderResponses(202)) - 531ce5b0-66ed-4449-a691-14fda0eca003-PendingRequests: sendNotLeaderResponses
2019-09-26 16:00:57,267 [Thread-333] INFO  impl.FollowerState (FollowerState.java:run(115)) - c16f8f41-3eb5-47da-89d5-23b9f4bc14e7: FollowerState was interrupted: java.lang.InterruptedException: sleep interrupted
2019-09-26 16:00:57,267 [ForkJoinPool.commonPool-worker-0] INFO  impl.StateMachineUpdater (StateMachineUpdater.java:stopAndJoin(125)) - c16f8f41-3eb5-47da-89d5-23b9f4bc14e7@group-2600C1A698C4-StateMachineUpdater: set stopIndex = 0
2019-09-26 16:00:57,270 [ForkJoinPool.commonPool-worker-0] INFO  impl.RaftServerImpl (ServerState.java:close(385)) - c16f8f41-3eb5-47da-89d5-23b9f4bc14e7@group-2600C1A698C4: closes. applyIndex: 0
2019-09-26 16:00:57,268 [main] INFO  impl.StateMachineUpdater (StateMachineUpdater.java:stopAndJoin(125)) - 531ce5b0-66ed-4449-a691-14fda0eca003@group-B93632C1686C-StateMachineUpdater: set stopIndex = 0
2019-09-26 16:00:57,271 [c16f8f41-3eb5-47da-89d5-23b9f4bc14e7@group-2600C1A698C4-SegmentedRaftLogWorker] INFO  segmented.SegmentedRaftLogWorker (SegmentedRaftLogWorker.java:run(313)) - c16f8f41-3eb5-47da-89d5-23b9f4bc14e7@group-2600C1A698C4-SegmentedRaftLogWorker was interrupted, exiting. There are 0 tasks remaining in the queue.
2019-09-26 16:00:57,271 [main] INFO  impl.RaftServerImpl (ServerState.java:close(385)) - 531ce5b0-66ed-4449-a691-14fda0eca003@group-B93632C1686C: closes. applyIndex: 0
2019-09-26 16:00:57,273 [531ce5b0-66ed-4449-a691-14fda0eca003@group-B93632C1686C-SegmentedRaftLogWorker] INFO  segmented.SegmentedRaftLogWorker (SegmentedRaftLogWorker.java:run(313)) - 531ce5b0-66ed-4449-a691-14fda0eca003@group-B93632C1686C-SegmentedRaftLogWorker was interrupted, exiting. There are 0 tasks remaining in the queue.
2019-09-26 16:00:57,282 [ForkJoinPool.commonPool-worker-0] INFO  segmented.SegmentedRaftLogWorker (SegmentedRaftLogWorker.java:close(228)) - c16f8f41-3eb5-47da-89d5-23b9f4bc14e7@group-2600C1A698C4-SegmentedRaftLogWorker close()
2019-09-26 16:00:57,282 [main] INFO  segmented.SegmentedRaftLogWorker (SegmentedRaftLogWorker.java:close(228)) - 531ce5b0-66ed-4449-a691-14fda0eca003@group-B93632C1686C-SegmentedRaftLogWorker close()
2019-09-26 16:00:57,286 [ForkJoinPool.commonPool-worker-0] INFO  impl.RaftServerImpl (RaftServerImpl.java:lambda$shutdown$3(251)) - c16f8f41-3eb5-47da-89d5-23b9f4bc14e7@group-620CAE97254A: shutdown
2019-09-26 16:00:57,289 [main] INFO  impl.RaftServerImpl (RaftServerImpl.java:lambda$shutdown$3(251)) - 531ce5b0-66ed-4449-a691-14fda0eca003@group-2600C1A698C4: shutdown
2019-09-26 16:00:57,290 [ForkJoinPool.commonPool-worker-0] INFO  util.JmxRegister (JmxRegister.java:unregister(73)) - Successfully un-registered JMX Bean with object name Ratis:service=RaftServer,group=group-620CAE97254A,id=c16f8f41-3eb5-47da-89d5-23b9f4bc14e7
2019-09-26 16:00:57,290 [main] INFO  util.JmxRegister (JmxRegister.java:unregister(73)) - Successfully un-registered JMX Bean with object name Ratis:service=RaftServer,group=group-2600C1A698C4,id=531ce5b0-66ed-4449-a691-14fda0eca003
2019-09-26 16:00:57,291 [main] INFO  impl.RoleInfo (RoleInfo.java:shutdownFollowerState(121)) - 531ce5b0-66ed-4449-a691-14fda0eca003: shutdown FollowerState
2019-09-26 16:00:57,290 [ForkJoinPool.commonPool-worker-0] INFO  impl.RoleInfo (RoleInfo.java:shutdownLeaderState(104)) - c16f8f41-3eb5-47da-89d5-23b9f4bc14e7: shutdown LeaderState
2019-09-26 16:00:57,291 [Thread-332] INFO  impl.FollowerState (FollowerState.java:run(115)) - 531ce5b0-66ed-4449-a691-14fda0eca003: FollowerState was interrupted: java.lang.InterruptedException: sleep interrupted
2019-09-26 16:00:57,291 [main] INFO  impl.StateMachineUpdater (StateMachineUpdater.java:stopAndJoin(125)) - 531ce5b0-66ed-4449-a691-14fda0eca003@group-2600C1A698C4-StateMachineUpdater: set stopIndex = 0
2019-09-26 16:00:57,301 [main] INFO  impl.RaftServerImpl (ServerState.java:close(385)) - 531ce5b0-66ed-4449-a691-14fda0eca003@group-2600C1A698C4: closes. applyIndex: 0
2019-09-26 16:00:57,292 [ForkJoinPool.commonPool-worker-0] INFO  impl.PendingRequests (PendingRequests.java:sendNotLeaderResponses(202)) - c16f8f41-3eb5-47da-89d5-23b9f4bc14e7-PendingRequests: sendNotLeaderResponses
2019-09-26 16:00:57,302 [531ce5b0-66ed-4449-a691-14fda0eca003@group-2600C1A698C4-SegmentedRaftLogWorker] INFO  segmented.SegmentedRaftLogWorker (SegmentedRaftLogWorker.java:run(313)) - 531ce5b0-66ed-4449-a691-14fda0eca003@group-2600C1A698C4-SegmentedRaftLogWorker was interrupted, exiting. There are 0 tasks remaining in the queue.
2019-09-26 16:00:57,302 [ForkJoinPool.commonPool-worker-0] INFO  impl.StateMachineUpdater (StateMachineUpdater.java:stopAndJoin(125)) - c16f8f41-3eb5-47da-89d5-23b9f4bc14e7@group-620CAE97254A-StateMachineUpdater: set stopIndex = 0
2019-09-26 16:00:57,304 [main] INFO  segmented.SegmentedRaftLogWorker (SegmentedRaftLogWorker.java:close(228)) - 531ce5b0-66ed-4449-a691-14fda0eca003@group-2600C1A698C4-SegmentedRaftLogWorker close()
2019-09-26 16:00:57,304 [ForkJoinPool.commonPool-worker-0] INFO  impl.RaftServerImpl (ServerState.java:close(385)) - c16f8f41-3eb5-47da-89d5-23b9f4bc14e7@group-620CAE97254A: closes. applyIndex: 0
2019-09-26 16:00:57,308 [main] INFO  server.GrpcService (GrpcService.java:closeImpl(164)) - 531ce5b0-66ed-4449-a691-14fda0eca003: shutdown server with port 45725 now
2019-09-26 16:00:57,308 [c16f8f41-3eb5-47da-89d5-23b9f4bc14e7@group-620CAE97254A-SegmentedRaftLogWorker] INFO  segmented.SegmentedRaftLogWorker (SegmentedRaftLogWorker.java:run(313)) - c16f8f41-3eb5-47da-89d5-23b9f4bc14e7@group-620CAE97254A-SegmentedRaftLogWorker was interrupted, exiting. There are 0 tasks remaining in the queue.
2019-09-26 16:00:57,310 [ForkJoinPool.commonPool-worker-0] INFO  segmented.SegmentedRaftLogWorker (SegmentedRaftLogWorker.java:close(228)) - c16f8f41-3eb5-47da-89d5-23b9f4bc14e7@group-620CAE97254A-SegmentedRaftLogWorker close()
2019-09-26 16:00:57,310 [main] INFO  server.GrpcService (GrpcService.java:closeImpl(172)) - 531ce5b0-66ed-4449-a691-14fda0eca003: shutdown server with port 45725 successfully
2019-09-26 16:00:57,313 [ForkJoinPool.commonPool-worker-0] INFO  server.GrpcService (GrpcService.java:closeImpl(164)) - c16f8f41-3eb5-47da-89d5-23b9f4bc14e7: shutdown server with port 45714 now
2019-09-26 16:00:57,314 [ForkJoinPool.commonPool-worker-0] INFO  server.GrpcService (GrpcService.java:closeImpl(172)) - c16f8f41-3eb5-47da-89d5-23b9f4bc14e7: shutdown server with port 45714 successfully
2019-09-26 16:00:57,316 [refreshUsed-/workdir/hadoop-ozone/integration-test/target/test-dir/MiniOzoneClusterImpl-cc90927b-9788-4d55-bf9d-8c156a856a16/datanode-2/data/containers] WARN  fs.CachingGetSpaceUsed (CachingGetSpaceUsed.java:run(183)) - Thread Interrupted waiting to refresh disk information: sleep interrupted
2019-09-26 16:00:57,334 [refreshUsed-/workdir/hadoop-ozone/integration-test/target/test-dir/MiniOzoneClusterImpl-cc90927b-9788-4d55-bf9d-8c156a856a16/datanode-3/data/containers] WARN  fs.CachingGetSpaceUsed (CachingGetSpaceUsed.java:run(183)) - Thread Interrupted waiting to refresh disk information: sleep interrupted
2019-09-26 16:00:57,335 [ForkJoinPool.commonPool-worker-0] INFO  utils.BackgroundService (BackgroundService.java:shutdown(148)) - Shutting down service BlockDeletingService
2019-09-26 16:00:57,342 [ForkJoinPool.commonPool-worker-0] INFO  statemachine.DatanodeStateMachine (DatanodeStateMachine.java:stopDaemon(395)) - Ozone container server stopped.
2019-09-26 16:00:57,346 [ForkJoinPool.commonPool-worker-0] INFO  handler.ContextHandler (ContextHandler.java:doStop(910)) - Stopped o.e.j.w.WebAppContext@7e642b88{/,null,UNAVAILABLE}{/hddsDatanode}
2019-09-26 16:00:57,347 [ForkJoinPool.commonPool-worker-0] INFO  server.AbstractConnector (AbstractConnector.java:doStop(318)) - Stopped ServerConnector@6b350309{HTTP/1.1,[http/1.1]}{0.0.0.0:0}
2019-09-26 16:00:57,348 [ForkJoinPool.commonPool-worker-0] INFO  handler.ContextHandler (ContextHandler.java:doStop(910)) - Stopped o.e.j.s.ServletContextHandler@726aa968{/static,jar:file:/home/user/.m2/repository/org/apache/hadoop/hadoop-hdds-container-service/0.5.0-SNAPSHOT/hadoop-hdds-container-service-0.5.0-SNAPSHOT.jar!/webapps/static,UNAVAILABLE}
2019-09-26 16:00:57,349 [ForkJoinPool.commonPool-worker-0] INFO  handler.ContextHandler (ContextHandler.java:doStop(910)) - Stopped o.e.j.s.ServletContextHandler@36681447{/logs,file:///workdir/hadoop-ozone/integration-test/target/log,UNAVAILABLE}
2019-09-26 16:00:57,358 [main] INFO  utils.BackgroundService (BackgroundService.java:shutdown(148)) - Shutting down service BlockDeletingService
2019-09-26 16:00:57,362 [main] INFO  statemachine.DatanodeStateMachine (DatanodeStateMachine.java:stopDaemon(395)) - Ozone container server stopped.
2019-09-26 16:00:57,363 [main] INFO  handler.ContextHandler (ContextHandler.java:doStop(910)) - Stopped o.e.j.w.WebAppContext@518bfd90{/,null,UNAVAILABLE}{/hddsDatanode}
2019-09-26 16:00:57,364 [main] INFO  server.AbstractConnector (AbstractConnector.java:doStop(318)) - Stopped ServerConnector@317a118b{HTTP/1.1,[http/1.1]}{0.0.0.0:0}
2019-09-26 16:00:57,364 [main] INFO  handler.ContextHandler (ContextHandler.java:doStop(910)) - Stopped o.e.j.s.ServletContextHandler@1305c126{/static,jar:file:/home/user/.m2/repository/org/apache/hadoop/hadoop-hdds-container-service/0.5.0-SNAPSHOT/hadoop-hdds-container-service-0.5.0-SNAPSHOT.jar!/webapps/static,UNAVAILABLE}
2019-09-26 16:00:57,365 [main] INFO  handler.ContextHandler (ContextHandler.java:doStop(910)) - Stopped o.e.j.s.ServletContextHandler@5e7c141d{/logs,file:///workdir/hadoop-ozone/integration-test/target/log,UNAVAILABLE}
2019-09-26 16:00:57,540 [grpc-default-executor-2] INFO  impl.RaftServerProxy (RaftServerProxy.java:addNew(89)) - c7167ead-7a9c-4e16-bf2a-ea12ed09b37e: addNew group-E807495B08FC:[3592649d-296e-49cb-9cdc-4bedca6b1b14:192.168.157.234:38338, f133cb17-324a-49b7-a0dd-425bb032eccb:192.168.157.234:43928, c7167ead-7a9c-4e16-bf2a-ea12ed09b37e:192.168.157.234:33739] returns group-E807495B08FC:java.util.concurrent.CompletableFuture@b520f79[Not completed]
2019-09-26 16:00:57,540 [grpc-default-executor-0] INFO  impl.RaftServerProxy (RaftServerProxy.java:addNew(89)) - f133cb17-324a-49b7-a0dd-425bb032eccb: addNew group-E807495B08FC:[3592649d-296e-49cb-9cdc-4bedca6b1b14:192.168.157.234:38338, f133cb17-324a-49b7-a0dd-425bb032eccb:192.168.157.234:43928, c7167ead-7a9c-4e16-bf2a-ea12ed09b37e:192.168.157.234:33739] returns group-E807495B08FC:java.util.concurrent.CompletableFuture@4276905e[Not completed]
2019-09-26 16:00:57,541 [grpc-default-executor-6] INFO  impl.RaftServerProxy (RaftServerProxy.java:addNew(89)) - 3592649d-296e-49cb-9cdc-4bedca6b1b14: addNew group-E807495B08FC:[3592649d-296e-49cb-9cdc-4bedca6b1b14:192.168.157.234:38338, f133cb17-324a-49b7-a0dd-425bb032eccb:192.168.157.234:43928, c7167ead-7a9c-4e16-bf2a-ea12ed09b37e:192.168.157.234:33739] returns group-E807495B08FC:java.util.concurrent.CompletableFuture@670bfd53[Not completed]
2019-09-26 16:00:57,543 [pool-77-thread-1] INFO  impl.RaftServerImpl (RaftServerImpl.java:<init>(95)) - c7167ead-7a9c-4e16-bf2a-ea12ed09b37e: new RaftServerImpl for group-E807495B08FC:[3592649d-296e-49cb-9cdc-4bedca6b1b14:192.168.157.234:38338, f133cb17-324a-49b7-a0dd-425bb032eccb:192.168.157.234:43928, c7167ead-7a9c-4e16-bf2a-ea12ed09b37e:192.168.157.234:33739] with ContainerStateMachine:uninitialized
2019-09-26 16:00:57,544 [pool-77-thread-1] INFO  server.RaftServerConfigKeys (ConfUtils.java:logGet(43)) - raft.server.rpc.timeout.min = 5s (custom)
2019-09-26 16:00:57,544 [pool-77-thread-1] INFO  server.RaftServerConfigKeys (ConfUtils.java:logGet(43)) - raft.server.rpc.timeout.max = 5200ms (custom)
2019-09-26 16:00:57,544 [pool-77-thread-1] INFO  server.RaftServerConfigKeys (ConfUtils.java:logGet(43)) - raft.server.rpcslowness.timeout = 120s (custom)
2019-09-26 16:00:57,544 [pool-77-thread-1] INFO  server.RaftServerConfigKeys (ConfUtils.java:logGet(43)) - raft.server.sleep.deviation.threshold = 300 (default)
2019-09-26 16:00:57,545 [pool-77-thread-1] INFO  server.RaftServerConfigKeys (ConfUtils.java:logGet(43)) - raft.server.log.appender.install.snapshot.enabled = false (custom)
2019-09-26 16:00:57,545 [pool-77-thread-1] INFO  impl.RaftServerImpl (ServerState.java:<init>(103)) - c7167ead-7a9c-4e16-bf2a-ea12ed09b37e@group-E807495B08FC: ConfigurationManager, init=-1: [3592649d-296e-49cb-9cdc-4bedca6b1b14:192.168.157.234:38338, f133cb17-324a-49b7-a0dd-425bb032eccb:192.168.157.234:43928, c7167ead-7a9c-4e16-bf2a-ea12ed09b37e:192.168.157.234:33739], old=null, confs=<EMPTY_MAP>
2019-09-26 16:00:57,545 [pool-87-thread-1] INFO  impl.RaftServerImpl (RaftServerImpl.java:<init>(95)) - 3592649d-296e-49cb-9cdc-4bedca6b1b14: new RaftServerImpl for group-E807495B08FC:[3592649d-296e-49cb-9cdc-4bedca6b1b14:192.168.157.234:38338, f133cb17-324a-49b7-a0dd-425bb032eccb:192.168.157.234:43928, c7167ead-7a9c-4e16-bf2a-ea12ed09b37e:192.168.157.234:33739] with ContainerStateMachine:uninitialized
2019-09-26 16:00:57,545 [pool-87-thread-1] INFO  server.RaftServerConfigKeys (ConfUtils.java:logGet(43)) - raft.server.rpc.timeout.min = 5s (custom)
2019-09-26 16:00:57,545 [pool-77-thread-1] INFO  server.RaftServerConfigKeys (ConfUtils.java:logGet(43)) - raft.server.storage.dir = [/workdir/hadoop-ozone/integration-test/target/test-dir/MiniOzoneClusterImpl-cc90927b-9788-4d55-bf9d-8c156a856a16/datanode-5/data/ratis] (custom)
2019-09-26 16:00:57,545 [pool-87-thread-1] INFO  server.RaftServerConfigKeys (ConfUtils.java:logGet(43)) - raft.server.rpc.timeout.max = 5200ms (custom)
2019-09-26 16:00:57,546 [pool-87-thread-1] INFO  server.RaftServerConfigKeys (ConfUtils.java:logGet(43)) - raft.server.rpcslowness.timeout = 120s (custom)
2019-09-26 16:00:57,546 [pool-87-thread-1] INFO  server.RaftServerConfigKeys (ConfUtils.java:logGet(43)) - raft.server.sleep.deviation.threshold = 300 (default)
2019-09-26 16:00:57,546 [pool-87-thread-1] INFO  server.RaftServerConfigKeys (ConfUtils.java:logGet(43)) - raft.server.log.appender.install.snapshot.enabled = false (custom)
2019-09-26 16:00:57,546 [pool-77-thread-1] INFO  storage.RaftStorageDirectory (RaftStorageDirectory.java:analyzeStorage(246)) - The storage directory /workdir/hadoop-ozone/integration-test/target/test-dir/MiniOzoneClusterImpl-cc90927b-9788-4d55-bf9d-8c156a856a16/datanode-5/data/ratis/ee0cd7c7-9bdc-4c78-a716-e807495b08fc does not exist. Creating ...
2019-09-26 16:00:57,546 [pool-27-thread-1] INFO  impl.RaftServerImpl (RaftServerImpl.java:<init>(95)) - f133cb17-324a-49b7-a0dd-425bb032eccb: new RaftServerImpl for group-E807495B08FC:[3592649d-296e-49cb-9cdc-4bedca6b1b14:192.168.157.234:38338, f133cb17-324a-49b7-a0dd-425bb032eccb:192.168.157.234:43928, c7167ead-7a9c-4e16-bf2a-ea12ed09b37e:192.168.157.234:33739] with ContainerStateMachine:uninitialized
2019-09-26 16:00:57,546 [pool-87-thread-1] INFO  impl.RaftServerImpl (ServerState.java:<init>(103)) - 3592649d-296e-49cb-9cdc-4bedca6b1b14@group-E807495B08FC: ConfigurationManager, init=-1: [3592649d-296e-49cb-9cdc-4bedca6b1b14:192.168.157.234:38338, f133cb17-324a-49b7-a0dd-425bb032eccb:192.168.157.234:43928, c7167ead-7a9c-4e16-bf2a-ea12ed09b37e:192.168.157.234:33739], old=null, confs=<EMPTY_MAP>
2019-09-26 16:00:57,546 [pool-27-thread-1] INFO  server.RaftServerConfigKeys (ConfUtils.java:logGet(43)) - raft.server.rpc.timeout.min = 5s (custom)
2019-09-26 16:00:57,547 [pool-87-thread-1] INFO  server.RaftServerConfigKeys (ConfUtils.java:logGet(43)) - raft.server.storage.dir = [/workdir/hadoop-ozone/integration-test/target/test-dir/MiniOzoneClusterImpl-cc90927b-9788-4d55-bf9d-8c156a856a16/datanode-6/data/ratis] (custom)
2019-09-26 16:00:57,547 [pool-27-thread-1] INFO  server.RaftServerConfigKeys (ConfUtils.java:logGet(43)) - raft.server.rpc.timeout.max = 5200ms (custom)
2019-09-26 16:00:57,547 [pool-27-thread-1] INFO  server.RaftServerConfigKeys (ConfUtils.java:logGet(43)) - raft.server.rpcslowness.timeout = 120s (custom)
2019-09-26 16:00:57,547 [pool-87-thread-1] INFO  storage.RaftStorageDirectory (RaftStorageDirectory.java:analyzeStorage(246)) - The storage directory /workdir/hadoop-ozone/integration-test/target/test-dir/MiniOzoneClusterImpl-cc90927b-9788-4d55-bf9d-8c156a856a16/datanode-6/data/ratis/ee0cd7c7-9bdc-4c78-a716-e807495b08fc does not exist. Creating ...
2019-09-26 16:00:57,547 [pool-27-thread-1] INFO  server.RaftServerConfigKeys (ConfUtils.java:logGet(43)) - raft.server.sleep.deviation.threshold = 300 (default)
2019-09-26 16:00:57,548 [pool-27-thread-1] INFO  server.RaftServerConfigKeys (ConfUtils.java:logGet(43)) - raft.server.log.appender.install.snapshot.enabled = false (custom)
2019-09-26 16:00:57,548 [pool-27-thread-1] INFO  impl.RaftServerImpl (ServerState.java:<init>(103)) - f133cb17-324a-49b7-a0dd-425bb032eccb@group-E807495B08FC: ConfigurationManager, init=-1: [3592649d-296e-49cb-9cdc-4bedca6b1b14:192.168.157.234:38338, f133cb17-324a-49b7-a0dd-425bb032eccb:192.168.157.234:43928, c7167ead-7a9c-4e16-bf2a-ea12ed09b37e:192.168.157.234:33739], old=null, confs=<EMPTY_MAP>
2019-09-26 16:00:57,548 [pool-27-thread-1] INFO  server.RaftServerConfigKeys (ConfUtils.java:logGet(43)) - raft.server.storage.dir = [/workdir/hadoop-ozone/integration-test/target/test-dir/MiniOzoneClusterImpl-cc90927b-9788-4d55-bf9d-8c156a856a16/datanode-0/data/ratis] (custom)
2019-09-26 16:00:57,548 [pool-27-thread-1] INFO  storage.RaftStorageDirectory (RaftStorageDirectory.java:analyzeStorage(246)) - The storage directory /workdir/hadoop-ozone/integration-test/target/test-dir/MiniOzoneClusterImpl-cc90927b-9788-4d55-bf9d-8c156a856a16/datanode-0/data/ratis/ee0cd7c7-9bdc-4c78-a716-e807495b08fc does not exist. Creating ...
2019-09-26 16:00:57,561 [pool-77-thread-1] INFO  storage.RaftStorageDirectory (RaftStorageDirectory.java:tryLock(328)) - Lock on /workdir/hadoop-ozone/integration-test/target/test-dir/MiniOzoneClusterImpl-cc90927b-9788-4d55-bf9d-8c156a856a16/datanode-5/data/ratis/ee0cd7c7-9bdc-4c78-a716-e807495b08fc/in_use.lock acquired by nodename 28844@pr-hdds-2162-htzpk-1451759861
2019-09-26 16:00:57,561 [pool-87-thread-1] INFO  storage.RaftStorageDirectory (RaftStorageDirectory.java:tryLock(328)) - Lock on /workdir/hadoop-ozone/integration-test/target/test-dir/MiniOzoneClusterImpl-cc90927b-9788-4d55-bf9d-8c156a856a16/datanode-6/data/ratis/ee0cd7c7-9bdc-4c78-a716-e807495b08fc/in_use.lock acquired by nodename 28844@pr-hdds-2162-htzpk-1451759861
2019-09-26 16:00:57,561 [pool-27-thread-1] INFO  storage.RaftStorageDirectory (RaftStorageDirectory.java:tryLock(328)) - Lock on /workdir/hadoop-ozone/integration-test/target/test-dir/MiniOzoneClusterImpl-cc90927b-9788-4d55-bf9d-8c156a856a16/datanode-0/data/ratis/ee0cd7c7-9bdc-4c78-a716-e807495b08fc/in_use.lock acquired by nodename 28844@pr-hdds-2162-htzpk-1451759861
2019-09-26 16:00:57,579 [pool-87-thread-1] INFO  storage.RaftStorage (RaftStorage.java:format(72)) - Storage directory /workdir/hadoop-ozone/integration-test/target/test-dir/MiniOzoneClusterImpl-cc90927b-9788-4d55-bf9d-8c156a856a16/datanode-6/data/ratis/ee0cd7c7-9bdc-4c78-a716-e807495b08fc has been successfully formatted.
2019-09-26 16:00:57,579 [pool-77-thread-1] INFO  storage.RaftStorage (RaftStorage.java:format(72)) - Storage directory /workdir/hadoop-ozone/integration-test/target/test-dir/MiniOzoneClusterImpl-cc90927b-9788-4d55-bf9d-8c156a856a16/datanode-5/data/ratis/ee0cd7c7-9bdc-4c78-a716-e807495b08fc has been successfully formatted.
2019-09-26 16:00:57,579 [pool-27-thread-1] INFO  storage.RaftStorage (RaftStorage.java:format(72)) - Storage directory /workdir/hadoop-ozone/integration-test/target/test-dir/MiniOzoneClusterImpl-cc90927b-9788-4d55-bf9d-8c156a856a16/datanode-0/data/ratis/ee0cd7c7-9bdc-4c78-a716-e807495b08fc has been successfully formatted.
2019-09-26 16:00:57,579 [pool-87-thread-1] INFO  ratis.ContainerStateMachine (ContainerStateMachine.java:loadSnapshot(230)) - group-E807495B08FC: The snapshot info is null. Setting the last applied indexto:(t:0, i:~)
2019-09-26 16:00:57,579 [pool-27-thread-1] INFO  ratis.ContainerStateMachine (ContainerStateMachine.java:loadSnapshot(230)) - group-E807495B08FC: The snapshot info is null. Setting the last applied indexto:(t:0, i:~)
2019-09-26 16:00:57,579 [pool-77-thread-1] INFO  ratis.ContainerStateMachine (ContainerStateMachine.java:loadSnapshot(230)) - group-E807495B08FC: The snapshot info is null. Setting the last applied indexto:(t:0, i:~)
2019-09-26 16:00:57,580 [pool-27-thread-1] INFO  server.RaftServerConfigKeys (ConfUtils.java:logGet(43)) - raft.server.notification.no-leader.timeout = 120s (custom)
2019-09-26 16:00:57,580 [pool-87-thread-1] INFO  server.RaftServerConfigKeys (ConfUtils.java:logGet(43)) - raft.server.notification.no-leader.timeout = 120s (custom)
2019-09-26 16:00:57,580 [pool-27-thread-1] INFO  server.RaftServerConfigKeys (ConfUtils.java:logGet(43)) - raft.server.log.use.memory = false (default)
2019-09-26 16:00:57,580 [pool-77-thread-1] INFO  server.RaftServerConfigKeys (ConfUtils.java:logGet(43)) - raft.server.notification.no-leader.timeout = 120s (custom)
2019-09-26 16:00:57,580 [pool-27-thread-1] INFO  server.RaftServerConfigKeys (ConfUtils.java:logGet(43)) - raft.server.log.purge.gap = 1000000 (custom)
2019-09-26 16:00:57,580 [pool-87-thread-1] INFO  server.RaftServerConfigKeys (ConfUtils.java:logGet(43)) - raft.server.log.use.memory = false (default)
2019-09-26 16:00:57,580 [pool-27-thread-1] INFO  server.RaftServerConfigKeys (ConfUtils.java:logGet(43)) - raft.server.log.appender.buffer.byte-limit = 33554432 (custom)
2019-09-26 16:00:57,580 [pool-77-thread-1] INFO  server.RaftServerConfigKeys (ConfUtils.java:logGet(43)) - raft.server.log.use.memory = false (default)
2019-09-26 16:00:57,581 [pool-27-thread-1] INFO  server.RaftServerConfigKeys (ConfUtils.java:logGet(43)) - raft.server.log.segment.size.max = 1048576 (custom)
2019-09-26 16:00:57,581 [pool-87-thread-1] INFO  server.RaftServerConfigKeys (ConfUtils.java:logGet(43)) - raft.server.log.purge.gap = 1000000 (custom)
2019-09-26 16:00:57,581 [pool-27-thread-1] INFO  server.RaftServerConfigKeys (ConfUtils.java:logGet(43)) - raft.server.log.segment.cache.num.max = 2 (custom)
2019-09-26 16:00:57,581 [pool-77-thread-1] INFO  server.RaftServerConfigKeys (ConfUtils.java:logGet(43)) - raft.server.log.purge.gap = 1000000 (custom)
2019-09-26 16:00:57,581 [pool-27-thread-1] INFO  segmented.SegmentedRaftLogWorker (SegmentedRaftLogWorker.java:<init>(172)) - new f133cb17-324a-49b7-a0dd-425bb032eccb@group-E807495B08FC-SegmentedRaftLogWorker for RaftStorage:Storage Directory /workdir/hadoop-ozone/integration-test/target/test-dir/MiniOzoneClusterImpl-cc90927b-9788-4d55-bf9d-8c156a856a16/datanode-0/data/ratis/ee0cd7c7-9bdc-4c78-a716-e807495b08fc
2019-09-26 16:00:57,581 [pool-87-thread-1] INFO  server.RaftServerConfigKeys (ConfUtils.java:logGet(43)) - raft.server.log.appender.buffer.byte-limit = 33554432 (custom)
2019-09-26 16:00:57,581 [pool-27-thread-1] INFO  server.RaftServerConfigKeys (ConfUtils.java:logGet(43)) - raft.server.log.queue.byte-limit = 2147483647 (custom)
2019-09-26 16:00:57,581 [pool-77-thread-1] INFO  server.RaftServerConfigKeys (ConfUtils.java:logGet(43)) - raft.server.log.appender.buffer.byte-limit = 33554432 (custom)
2019-09-26 16:00:57,582 [pool-27-thread-1] INFO  server.RaftServerConfigKeys (ConfUtils.java:logGet(43)) - raft.server.log.queue.element-limit = 1024 (custom)
2019-09-26 16:00:57,582 [pool-87-thread-1] INFO  server.RaftServerConfigKeys (ConfUtils.java:logGet(43)) - raft.server.log.segment.size.max = 1048576 (custom)
2019-09-26 16:00:57,582 [pool-27-thread-1] INFO  server.RaftServerConfigKeys (ConfUtils.java:logGet(43)) - raft.server.log.segment.size.max = 1048576 (custom)
2019-09-26 16:00:57,582 [pool-27-thread-1] INFO  server.RaftServerConfigKeys (ConfUtils.java:logGet(43)) - raft.server.log.preallocated.size = 16384 (custom)
2019-09-26 16:00:57,582 [pool-77-thread-1] INFO  server.RaftServerConfigKeys (ConfUtils.java:logGet(43)) - raft.server.log.segment.size.max = 1048576 (custom)
2019-09-26 16:00:57,582 [pool-27-thread-1] INFO  server.RaftServerConfigKeys (ConfUtils.java:logGet(43)) - raft.server.log.write.buffer.size = 33554432 (custom)
2019-09-26 16:00:57,582 [pool-87-thread-1] INFO  server.RaftServerConfigKeys (ConfUtils.java:logGet(43)) - raft.server.log.segment.cache.num.max = 2 (custom)
2019-09-26 16:00:57,583 [pool-27-thread-1] INFO  server.RaftServerConfigKeys (ConfUtils.java:logGet(43)) - raft.server.log.force.sync.num = 128 (default)
2019-09-26 16:00:57,582 [pool-77-thread-1] INFO  server.RaftServerConfigKeys (ConfUtils.java:logGet(43)) - raft.server.log.segment.cache.num.max = 2 (custom)
2019-09-26 16:00:57,583 [pool-27-thread-1] INFO  server.RaftServerConfigKeys (ConfUtils.java:logGet(43)) - raft.server.log.statemachine.data.sync = true (default)
2019-09-26 16:00:57,583 [pool-87-thread-1] INFO  segmented.SegmentedRaftLogWorker (SegmentedRaftLogWorker.java:<init>(172)) - new 3592649d-296e-49cb-9cdc-4bedca6b1b14@group-E807495B08FC-SegmentedRaftLogWorker for RaftStorage:Storage Directory /workdir/hadoop-ozone/integration-test/target/test-dir/MiniOzoneClusterImpl-cc90927b-9788-4d55-bf9d-8c156a856a16/datanode-6/data/ratis/ee0cd7c7-9bdc-4c78-a716-e807495b08fc
2019-09-26 16:00:57,583 [pool-27-thread-1] INFO  server.RaftServerConfigKeys (ConfUtils.java:logGet(43)) - raft.server.log.statemachine.data.sync.timeout = 10s (default)
2019-09-26 16:00:57,583 [pool-77-thread-1] INFO  segmented.SegmentedRaftLogWorker (SegmentedRaftLogWorker.java:<init>(172)) - new c7167ead-7a9c-4e16-bf2a-ea12ed09b37e@group-E807495B08FC-SegmentedRaftLogWorker for RaftStorage:Storage Directory /workdir/hadoop-ozone/integration-test/target/test-dir/MiniOzoneClusterImpl-cc90927b-9788-4d55-bf9d-8c156a856a16/datanode-5/data/ratis/ee0cd7c7-9bdc-4c78-a716-e807495b08fc
2019-09-26 16:00:57,583 [pool-27-thread-1] INFO  server.RaftServerConfigKeys (ConfUtils.java:logGet(43)) - raft.server.log.statemachine.data.sync.timeout.retry = -1 (default)
2019-09-26 16:00:57,583 [pool-87-thread-1] INFO  server.RaftServerConfigKeys (ConfUtils.java:logGet(43)) - raft.server.log.queue.byte-limit = 2147483647 (custom)
2019-09-26 16:00:57,584 [pool-27-thread-1] INFO  server.RaftServerConfigKeys (ConfUtils.java:logGet(43)) - raft.server.log.statemachine.data.caching.enabled = true (custom)
2019-09-26 16:00:57,583 [pool-77-thread-1] INFO  server.RaftServerConfigKeys (ConfUtils.java:logGet(43)) - raft.server.log.queue.byte-limit = 2147483647 (custom)
2019-09-26 16:00:57,584 [pool-87-thread-1] INFO  server.RaftServerConfigKeys (ConfUtils.java:logGet(43)) - raft.server.log.queue.element-limit = 1024 (custom)
2019-09-26 16:00:57,584 [pool-77-thread-1] INFO  server.RaftServerConfigKeys (ConfUtils.java:logGet(43)) - raft.server.log.queue.element-limit = 1024 (custom)
2019-09-26 16:00:57,584 [pool-27-thread-1] INFO  segmented.SegmentedRaftLogWorker (SegmentedRaftLogWorker.java:lambda$new$0(132)) - f133cb17-324a-49b7-a0dd-425bb032eccb@group-E807495B08FC-SegmentedRaftLogWorker: flushIndex: setUnconditionally 0 -> -1
2019-09-26 16:00:57,584 [pool-77-thread-1] INFO  server.RaftServerConfigKeys (ConfUtils.java:logGet(43)) - raft.server.log.segment.size.max = 1048576 (custom)
2019-09-26 16:00:57,584 [pool-87-thread-1] INFO  server.RaftServerConfigKeys (ConfUtils.java:logGet(43)) - raft.server.log.segment.size.max = 1048576 (custom)
2019-09-26 16:00:57,584 [pool-27-thread-1] INFO  server.RaftServerConfigKeys (ConfUtils.java:logGet(43)) - raft.server.snapshot.auto.trigger.enabled = true (custom)
2019-09-26 16:00:57,584 [pool-77-thread-1] INFO  server.RaftServerConfigKeys (ConfUtils.java:logGet(43)) - raft.server.log.preallocated.size = 16384 (custom)
2019-09-26 16:00:57,585 [pool-27-thread-1] INFO  server.RaftServerConfigKeys (ConfUtils.java:logGet(43)) - raft.server.snapshot.auto.trigger.threshold = 10000 (custom)
2019-09-26 16:00:57,585 [pool-87-thread-1] INFO  server.RaftServerConfigKeys (ConfUtils.java:logGet(43)) - raft.server.log.preallocated.size = 16384 (custom)
2019-09-26 16:00:57,585 [pool-27-thread-1] INFO  server.RaftServerConfigKeys (ConfUtils.java:logGet(43)) - raft.server.snapshot.retention.num.files = 5 (custom)
2019-09-26 16:00:57,585 [pool-77-thread-1] INFO  server.RaftServerConfigKeys (ConfUtils.java:logGet(43)) - raft.server.log.write.buffer.size = 33554432 (custom)
2019-09-26 16:00:57,585 [pool-27-thread-1] INFO  server.RaftServerConfigKeys (ConfUtils.java:logGet(43)) - raft.server.retrycache.expirytime = 600000ms (custom)
2019-09-26 16:00:57,585 [pool-87-thread-1] INFO  server.RaftServerConfigKeys (ConfUtils.java:logGet(43)) - raft.server.log.write.buffer.size = 33554432 (custom)
2019-09-26 16:00:57,585 [pool-77-thread-1] INFO  server.RaftServerConfigKeys (ConfUtils.java:logGet(43)) - raft.server.log.force.sync.num = 128 (default)
2019-09-26 16:00:57,585 [pool-87-thread-1] INFO  server.RaftServerConfigKeys (ConfUtils.java:logGet(43)) - raft.server.log.force.sync.num = 128 (default)
2019-09-26 16:00:57,586 [pool-77-thread-1] INFO  server.RaftServerConfigKeys (ConfUtils.java:logGet(43)) - raft.server.log.statemachine.data.sync = true (default)
2019-09-26 16:00:57,586 [pool-87-thread-1] INFO  server.RaftServerConfigKeys (ConfUtils.java:logGet(43)) - raft.server.log.statemachine.data.sync = true (default)
2019-09-26 16:00:57,586 [pool-77-thread-1] INFO  server.RaftServerConfigKeys (ConfUtils.java:logGet(43)) - raft.server.log.statemachine.data.sync.timeout = 10s (default)
2019-09-26 16:00:57,586 [pool-87-thread-1] INFO  server.RaftServerConfigKeys (ConfUtils.java:logGet(43)) - raft.server.log.statemachine.data.sync.timeout = 10s (default)
2019-09-26 16:00:57,586 [pool-77-thread-1] INFO  server.RaftServerConfigKeys (ConfUtils.java:logGet(43)) - raft.server.log.statemachine.data.sync.timeout.retry = -1 (default)
2019-09-26 16:00:57,586 [pool-87-thread-1] INFO  server.RaftServerConfigKeys (ConfUtils.java:logGet(43)) - raft.server.log.statemachine.data.sync.timeout.retry = -1 (default)
2019-09-26 16:00:57,587 [pool-77-thread-1] INFO  server.RaftServerConfigKeys (ConfUtils.java:logGet(43)) - raft.server.log.statemachine.data.caching.enabled = true (custom)
2019-09-26 16:00:57,587 [pool-87-thread-1] INFO  server.RaftServerConfigKeys (ConfUtils.java:logGet(43)) - raft.server.log.statemachine.data.caching.enabled = true (custom)
2019-09-26 16:00:57,587 [pool-77-thread-1] INFO  segmented.SegmentedRaftLogWorker (SegmentedRaftLogWorker.java:lambda$new$0(132)) - c7167ead-7a9c-4e16-bf2a-ea12ed09b37e@group-E807495B08FC-SegmentedRaftLogWorker: flushIndex: setUnconditionally 0 -> -1
2019-09-26 16:00:57,587 [pool-87-thread-1] INFO  segmented.SegmentedRaftLogWorker (SegmentedRaftLogWorker.java:lambda$new$0(132)) - 3592649d-296e-49cb-9cdc-4bedca6b1b14@group-E807495B08FC-SegmentedRaftLogWorker: flushIndex: setUnconditionally 0 -> -1
2019-09-26 16:00:57,587 [pool-77-thread-1] INFO  server.RaftServerConfigKeys (ConfUtils.java:logGet(43)) - raft.server.snapshot.auto.trigger.enabled = true (custom)
2019-09-26 16:00:57,587 [pool-87-thread-1] INFO  server.RaftServerConfigKeys (ConfUtils.java:logGet(43)) - raft.server.snapshot.auto.trigger.enabled = true (custom)
2019-09-26 16:00:57,587 [pool-77-thread-1] INFO  server.RaftServerConfigKeys (ConfUtils.java:logGet(43)) - raft.server.snapshot.auto.trigger.threshold = 10000 (custom)
2019-09-26 16:00:57,588 [pool-87-thread-1] INFO  server.RaftServerConfigKeys (ConfUtils.java:logGet(43)) - raft.server.snapshot.auto.trigger.threshold = 10000 (custom)
2019-09-26 16:00:57,588 [pool-77-thread-1] INFO  server.RaftServerConfigKeys (ConfUtils.java:logGet(43)) - raft.server.snapshot.retention.num.files = 5 (custom)
2019-09-26 16:00:57,588 [pool-87-thread-1] INFO  server.RaftServerConfigKeys (ConfUtils.java:logGet(43)) - raft.server.snapshot.retention.num.files = 5 (custom)
2019-09-26 16:00:57,588 [pool-77-thread-1] INFO  server.RaftServerConfigKeys (ConfUtils.java:logGet(43)) - raft.server.retrycache.expirytime = 600000ms (custom)
2019-09-26 16:00:57,588 [pool-87-thread-1] INFO  server.RaftServerConfigKeys (ConfUtils.java:logGet(43)) - raft.server.retrycache.expirytime = 600000ms (custom)
2019-09-26 16:00:57,588 [pool-27-thread-1] INFO  impl.RaftServerImpl (RaftServerImpl.java:start(185)) - f133cb17-324a-49b7-a0dd-425bb032eccb@group-E807495B08FC: start as a follower, conf=-1: [3592649d-296e-49cb-9cdc-4bedca6b1b14:192.168.157.234:38338, f133cb17-324a-49b7-a0dd-425bb032eccb:192.168.157.234:43928, c7167ead-7a9c-4e16-bf2a-ea12ed09b37e:192.168.157.234:33739], old=null
2019-09-26 16:00:57,589 [pool-27-thread-1] INFO  impl.RaftServerImpl (RaftServerImpl.java:setRole(174)) - f133cb17-324a-49b7-a0dd-425bb032eccb@group-E807495B08FC: changes role from      null to FOLLOWER at term 0 for startAsFollower
2019-09-26 16:00:57,589 [pool-27-thread-1] INFO  impl.RoleInfo (RoleInfo.java:updateAndGet(143)) - f133cb17-324a-49b7-a0dd-425bb032eccb: start FollowerState
2019-09-26 16:00:57,589 [pool-27-thread-1] INFO  util.JmxRegister (JmxRegister.java:tryRegister(44)) - Successfully registered JMX Bean with object name Ratis:service=RaftServer,group=group-E807495B08FC,id=f133cb17-324a-49b7-a0dd-425bb032eccb
2019-09-26 16:00:57,594 [pool-77-thread-1] INFO  impl.RaftServerImpl (RaftServerImpl.java:start(185)) - c7167ead-7a9c-4e16-bf2a-ea12ed09b37e@group-E807495B08FC: start as a follower, conf=-1: [3592649d-296e-49cb-9cdc-4bedca6b1b14:192.168.157.234:38338, f133cb17-324a-49b7-a0dd-425bb032eccb:192.168.157.234:43928, c7167ead-7a9c-4e16-bf2a-ea12ed09b37e:192.168.157.234:33739], old=null
2019-09-26 16:00:57,594 [pool-77-thread-1] INFO  impl.RaftServerImpl (RaftServerImpl.java:setRole(174)) - c7167ead-7a9c-4e16-bf2a-ea12ed09b37e@group-E807495B08FC: changes role from      null to FOLLOWER at term 0 for startAsFollower
2019-09-26 16:00:57,595 [pool-87-thread-1] INFO  impl.RaftServerImpl (RaftServerImpl.java:start(185)) - 3592649d-296e-49cb-9cdc-4bedca6b1b14@group-E807495B08FC: start as a follower, conf=-1: [3592649d-296e-49cb-9cdc-4bedca6b1b14:192.168.157.234:38338, f133cb17-324a-49b7-a0dd-425bb032eccb:192.168.157.234:43928, c7167ead-7a9c-4e16-bf2a-ea12ed09b37e:192.168.157.234:33739], old=null
2019-09-26 16:00:57,595 [pool-77-thread-1] INFO  impl.RoleInfo (RoleInfo.java:updateAndGet(143)) - c7167ead-7a9c-4e16-bf2a-ea12ed09b37e: start FollowerState
2019-09-26 16:00:57,595 [pool-87-thread-1] INFO  impl.RaftServerImpl (RaftServerImpl.java:setRole(174)) - 3592649d-296e-49cb-9cdc-4bedca6b1b14@group-E807495B08FC: changes role from      null to FOLLOWER at term 0 for startAsFollower
2019-09-26 16:00:57,595 [pool-87-thread-1] INFO  impl.RoleInfo (RoleInfo.java:updateAndGet(143)) - 3592649d-296e-49cb-9cdc-4bedca6b1b14: start FollowerState
2019-09-26 16:00:57,595 [pool-77-thread-1] INFO  util.JmxRegister (JmxRegister.java:tryRegister(44)) - Successfully registered JMX Bean with object name Ratis:service=RaftServer,group=group-E807495B08FC,id=c7167ead-7a9c-4e16-bf2a-ea12ed09b37e
2019-09-26 16:00:57,595 [pool-87-thread-1] INFO  util.JmxRegister (JmxRegister.java:tryRegister(44)) - Successfully registered JMX Bean with object name Ratis:service=RaftServer,group=group-E807495B08FC,id=3592649d-296e-49cb-9cdc-4bedca6b1b14
2019-09-26 16:00:57,602 [RatisPipelineUtilsThread] INFO  pipeline.PipelineStateManager (PipelineStateManager.java:addPipeline(56)) - Created pipeline Pipeline[ Id: ee0cd7c7-9bdc-4c78-a716-e807495b08fc, Nodes: 3592649d-296e-49cb-9cdc-4bedca6b1b14{ip: 192.168.157.234, host: pr-hdds-2162-htzpk-1451759861, networkLocation: /default-rack, certSerialId: null}f133cb17-324a-49b7-a0dd-425bb032eccb{ip: 192.168.157.234, host: pr-hdds-2162-htzpk-1451759861, networkLocation: /default-rack, certSerialId: null}c7167ead-7a9c-4e16-bf2a-ea12ed09b37e{ip: 192.168.157.234, host: pr-hdds-2162-htzpk-1451759861, networkLocation: /default-rack, certSerialId: null}, Type:RATIS, Factor:THREE, State:OPEN]
2019-09-26 16:00:58,138 [Datanode State Machine Thread - 0] INFO  statemachine.DatanodeStateMachine (DatanodeStateMachine.java:lambda$startDaemon$0(350)) - Ozone container server started.
2019-09-26 16:00:58,142 [Datanode State Machine Thread - 0] INFO  statemachine.DatanodeStateMachine (DatanodeStateMachine.java:lambda$startDaemon$0(350)) - Ozone container server started.
2019-09-26 16:00:58,197 [grpc-default-executor-2] WARN  server.GrpcLogAppender (LogUtils.java:warn(134)) - f133cb17-324a-49b7-a0dd-425bb032eccb@group-0057A25079F2->72b5c033-f1d7-4ec2-94c9-edc10ba65d6d-AppendLogResponseHandler: Failed appendEntries: org.apache.ratis.thirdparty.io.grpc.StatusRuntimeException: UNAVAILABLE: io exception
2019-09-26 16:00:58,199 [grpc-default-executor-2] INFO  impl.FollowerInfo (FollowerInfo.java:lambda$new$0(51)) - f133cb17-324a-49b7-a0dd-425bb032eccb@group-0057A25079F2->72b5c033-f1d7-4ec2-94c9-edc10ba65d6d: nextIndex: updateUnconditionally 0 -> 0
2019-09-26 16:01:00,151 [EventQueue-StaleNodeForStaleNodeHandler] INFO  node.StaleNodeHandler (StaleNodeHandler.java:onMessage(58)) - Datanode 3592649d-296e-49cb-9cdc-4bedca6b1b14{ip: 192.168.157.234, host: pr-hdds-2162-htzpk-1451759861, networkLocation: /default-rack, certSerialId: null} moved to stale state. Finalizing its pipelines [PipelineID=5251135e-767b-452d-8064-f35def8d4715, PipelineID=ffb2be11-0272-44c6-953b-0057a25079f2, PipelineID=ee0cd7c7-9bdc-4c78-a716-e807495b08fc]
2019-09-26 16:01:00,151 [EventQueue-StaleNodeForStaleNodeHandler] INFO  pipeline.SCMPipelineManager (SCMPipelineManager.java:finalizeAndDestroyPipeline(315)) - destroying pipeline:Pipeline[ Id: 5251135e-767b-452d-8064-f35def8d4715, Nodes: 3592649d-296e-49cb-9cdc-4bedca6b1b14{ip: 192.168.157.234, host: pr-hdds-2162-htzpk-1451759861, networkLocation: /default-rack, certSerialId: null}, Type:RATIS, Factor:ONE, State:OPEN]
2019-09-26 16:01:00,151 [EventQueue-StaleNodeForStaleNodeHandler] INFO  pipeline.PipelineStateManager (PipelineStateManager.java:finalizePipeline(123)) - Pipeline Pipeline[ Id: 5251135e-767b-452d-8064-f35def8d4715, Nodes: 3592649d-296e-49cb-9cdc-4bedca6b1b14{ip: 192.168.157.234, host: pr-hdds-2162-htzpk-1451759861, networkLocation: /default-rack, certSerialId: null}, Type:RATIS, Factor:ONE, State:CLOSED] moved to CLOSED state
2019-09-26 16:01:00,152 [EventQueue-StaleNodeForStaleNodeHandler] INFO  pipeline.SCMPipelineManager (SCMPipelineManager.java:finalizeAndDestroyPipeline(315)) - destroying pipeline:Pipeline[ Id: ffb2be11-0272-44c6-953b-0057a25079f2, Nodes: 72b5c033-f1d7-4ec2-94c9-edc10ba65d6d{ip: 192.168.157.234, host: pr-hdds-2162-htzpk-1451759861, networkLocation: /default-rack, certSerialId: null}3592649d-296e-49cb-9cdc-4bedca6b1b14{ip: 192.168.157.234, host: pr-hdds-2162-htzpk-1451759861, networkLocation: /default-rack, certSerialId: null}f133cb17-324a-49b7-a0dd-425bb032eccb{ip: 192.168.157.234, host: pr-hdds-2162-htzpk-1451759861, networkLocation: /default-rack, certSerialId: null}, Type:RATIS, Factor:THREE, State:CLOSED]
2019-09-26 16:01:00,152 [EventQueue-StaleNodeForStaleNodeHandler] INFO  pipeline.SCMPipelineManager (SCMPipelineManager.java:finalizeAndDestroyPipeline(315)) - destroying pipeline:Pipeline[ Id: ee0cd7c7-9bdc-4c78-a716-e807495b08fc, Nodes: 3592649d-296e-49cb-9cdc-4bedca6b1b14{ip: 192.168.157.234, host: pr-hdds-2162-htzpk-1451759861, networkLocation: /default-rack, certSerialId: null}f133cb17-324a-49b7-a0dd-425bb032eccb{ip: 192.168.157.234, host: pr-hdds-2162-htzpk-1451759861, networkLocation: /default-rack, certSerialId: null}c7167ead-7a9c-4e16-bf2a-ea12ed09b37e{ip: 192.168.157.234, host: pr-hdds-2162-htzpk-1451759861, networkLocation: /default-rack, certSerialId: null}, Type:RATIS, Factor:THREE, State:OPEN]
2019-09-26 16:01:00,152 [EventQueue-StaleNodeForStaleNodeHandler] INFO  pipeline.PipelineStateManager (PipelineStateManager.java:finalizePipeline(123)) - Pipeline Pipeline[ Id: ee0cd7c7-9bdc-4c78-a716-e807495b08fc, Nodes: 3592649d-296e-49cb-9cdc-4bedca6b1b14{ip: 192.168.157.234, host: pr-hdds-2162-htzpk-1451759861, networkLocation: /default-rack, certSerialId: null}f133cb17-324a-49b7-a0dd-425bb032eccb{ip: 192.168.157.234, host: pr-hdds-2162-htzpk-1451759861, networkLocation: /default-rack, certSerialId: null}c7167ead-7a9c-4e16-bf2a-ea12ed09b37e{ip: 192.168.157.234, host: pr-hdds-2162-htzpk-1451759861, networkLocation: /default-rack, certSerialId: null}, Type:RATIS, Factor:THREE, State:CLOSED] moved to CLOSED state
2019-09-26 16:01:00,153 [EventQueue-StaleNodeForStaleNodeHandler] INFO  node.StaleNodeHandler (StaleNodeHandler.java:onMessage(58)) - Datanode f133cb17-324a-49b7-a0dd-425bb032eccb{ip: 192.168.157.234, host: pr-hdds-2162-htzpk-1451759861, networkLocation: /default-rack, certSerialId: null} moved to stale state. Finalizing its pipelines [PipelineID=2185cbce-3d0d-478d-bb4a-93975e2eaa4a, PipelineID=ffb2be11-0272-44c6-953b-0057a25079f2, PipelineID=ee0cd7c7-9bdc-4c78-a716-e807495b08fc]
2019-09-26 16:01:00,153 [EventQueue-StaleNodeForStaleNodeHandler] INFO  pipeline.SCMPipelineManager (SCMPipelineManager.java:finalizeAndDestroyPipeline(315)) - destroying pipeline:Pipeline[ Id: 2185cbce-3d0d-478d-bb4a-93975e2eaa4a, Nodes: f133cb17-324a-49b7-a0dd-425bb032eccb{ip: 192.168.157.234, host: pr-hdds-2162-htzpk-1451759861, networkLocation: /default-rack, certSerialId: null}, Type:RATIS, Factor:ONE, State:OPEN]
2019-09-26 16:01:00,153 [EventQueue-StaleNodeForStaleNodeHandler] INFO  pipeline.PipelineStateManager (PipelineStateManager.java:finalizePipeline(123)) - Pipeline Pipeline[ Id: 2185cbce-3d0d-478d-bb4a-93975e2eaa4a, Nodes: f133cb17-324a-49b7-a0dd-425bb032eccb{ip: 192.168.157.234, host: pr-hdds-2162-htzpk-1451759861, networkLocation: /default-rack, certSerialId: null}, Type:RATIS, Factor:ONE, State:CLOSED] moved to CLOSED state
2019-09-26 16:01:00,153 [EventQueue-StaleNodeForStaleNodeHandler] INFO  pipeline.SCMPipelineManager (SCMPipelineManager.java:finalizeAndDestroyPipeline(315)) - destroying pipeline:Pipeline[ Id: ffb2be11-0272-44c6-953b-0057a25079f2, Nodes: 72b5c033-f1d7-4ec2-94c9-edc10ba65d6d{ip: 192.168.157.234, host: pr-hdds-2162-htzpk-1451759861, networkLocation: /default-rack, certSerialId: null}3592649d-296e-49cb-9cdc-4bedca6b1b14{ip: 192.168.157.234, host: pr-hdds-2162-htzpk-1451759861, networkLocation: /default-rack, certSerialId: null}f133cb17-324a-49b7-a0dd-425bb032eccb{ip: 192.168.157.234, host: pr-hdds-2162-htzpk-1451759861, networkLocation: /default-rack, certSerialId: null}, Type:RATIS, Factor:THREE, State:CLOSED]
2019-09-26 16:01:00,154 [EventQueue-StaleNodeForStaleNodeHandler] INFO  pipeline.SCMPipelineManager (SCMPipelineManager.java:finalizeAndDestroyPipeline(315)) - destroying pipeline:Pipeline[ Id: ee0cd7c7-9bdc-4c78-a716-e807495b08fc, Nodes: 3592649d-296e-49cb-9cdc-4bedca6b1b14{ip: 192.168.157.234, host: pr-hdds-2162-htzpk-1451759861, networkLocation: /default-rack, certSerialId: null}f133cb17-324a-49b7-a0dd-425bb032eccb{ip: 192.168.157.234, host: pr-hdds-2162-htzpk-1451759861, networkLocation: /default-rack, certSerialId: null}c7167ead-7a9c-4e16-bf2a-ea12ed09b37e{ip: 192.168.157.234, host: pr-hdds-2162-htzpk-1451759861, networkLocation: /default-rack, certSerialId: null}, Type:RATIS, Factor:THREE, State:CLOSED]
2019-09-26 16:01:00,701 [grpc-default-executor-0] WARN  server.GrpcLogAppender (LogUtils.java:warn(134)) - f133cb17-324a-49b7-a0dd-425bb032eccb@group-0057A25079F2->72b5c033-f1d7-4ec2-94c9-edc10ba65d6d-AppendLogResponseHandler: Failed appendEntries: org.apache.ratis.thirdparty.io.grpc.StatusRuntimeException: UNAVAILABLE: io exception
2019-09-26 16:01:00,705 [grpc-default-executor-0] INFO  impl.FollowerInfo (FollowerInfo.java:lambda$new$0(51)) - f133cb17-324a-49b7-a0dd-425bb032eccb@group-0057A25079F2->72b5c033-f1d7-4ec2-94c9-edc10ba65d6d: nextIndex: updateUnconditionally 0 -> 0
2019-09-26 16:01:02,351 [ForkJoinPool.commonPool-worker-0] INFO  ozoneimpl.OzoneContainer (OzoneContainer.java:stop(231)) - Attempting to stop container services.
2019-09-26 16:01:02,354 [ForkJoinPool.commonPool-worker-0] INFO  impl.RaftServerProxy (RaftServerProxy.java:lambda$close$4(314)) - f133cb17-324a-49b7-a0dd-425bb032eccb: close
2019-09-26 16:01:02,354 [ForkJoinPool.commonPool-worker-0] INFO  impl.RaftServerImpl (RaftServerImpl.java:lambda$shutdown$3(251)) - f133cb17-324a-49b7-a0dd-425bb032eccb@group-93975E2EAA4A: shutdown
2019-09-26 16:01:02,355 [ForkJoinPool.commonPool-worker-0] INFO  util.JmxRegister (JmxRegister.java:unregister(73)) - Successfully un-registered JMX Bean with object name Ratis:service=RaftServer,group=group-93975E2EAA4A,id=f133cb17-324a-49b7-a0dd-425bb032eccb
2019-09-26 16:01:02,355 [ForkJoinPool.commonPool-worker-0] INFO  impl.RoleInfo (RoleInfo.java:shutdownLeaderState(104)) - f133cb17-324a-49b7-a0dd-425bb032eccb: shutdown LeaderState
2019-09-26 16:01:02,356 [ForkJoinPool.commonPool-worker-0] INFO  impl.PendingRequests (PendingRequests.java:sendNotLeaderResponses(202)) - f133cb17-324a-49b7-a0dd-425bb032eccb-PendingRequests: sendNotLeaderResponses
2019-09-26 16:01:02,356 [ForkJoinPool.commonPool-worker-0] INFO  impl.StateMachineUpdater (StateMachineUpdater.java:stopAndJoin(125)) - f133cb17-324a-49b7-a0dd-425bb032eccb@group-93975E2EAA4A-StateMachineUpdater: set stopIndex = 0
2019-09-26 16:01:02,358 [ForkJoinPool.commonPool-worker-0] INFO  impl.RaftServerImpl (ServerState.java:close(385)) - f133cb17-324a-49b7-a0dd-425bb032eccb@group-93975E2EAA4A: closes. applyIndex: 0
2019-09-26 16:01:02,359 [f133cb17-324a-49b7-a0dd-425bb032eccb@group-93975E2EAA4A-SegmentedRaftLogWorker] INFO  segmented.SegmentedRaftLogWorker (SegmentedRaftLogWorker.java:run(313)) - f133cb17-324a-49b7-a0dd-425bb032eccb@group-93975E2EAA4A-SegmentedRaftLogWorker was interrupted, exiting. There are 0 tasks remaining in the queue.
2019-09-26 16:01:02,361 [ForkJoinPool.commonPool-worker-0] INFO  segmented.SegmentedRaftLogWorker (SegmentedRaftLogWorker.java:close(228)) - f133cb17-324a-49b7-a0dd-425bb032eccb@group-93975E2EAA4A-SegmentedRaftLogWorker close()
2019-09-26 16:01:02,364 [ForkJoinPool.commonPool-worker-0] INFO  impl.RaftServerImpl (RaftServerImpl.java:lambda$shutdown$3(251)) - f133cb17-324a-49b7-a0dd-425bb032eccb@group-0057A25079F2: shutdown
2019-09-26 16:01:02,364 [ForkJoinPool.commonPool-worker-0] INFO  util.JmxRegister (JmxRegister.java:unregister(73)) - Successfully un-registered JMX Bean with object name Ratis:service=RaftServer,group=group-0057A25079F2,id=f133cb17-324a-49b7-a0dd-425bb032eccb
2019-09-26 16:01:02,365 [ForkJoinPool.commonPool-worker-0] INFO  impl.RoleInfo (RoleInfo.java:shutdownLeaderState(104)) - f133cb17-324a-49b7-a0dd-425bb032eccb: shutdown LeaderState
2019-09-26 16:01:02,368 [ForkJoinPool.commonPool-worker-0] INFO  impl.PendingRequests (PendingRequests.java:sendNotLeaderResponses(202)) - f133cb17-324a-49b7-a0dd-425bb032eccb-PendingRequests: sendNotLeaderResponses
2019-09-26 16:01:02,368 [main] INFO  ozoneimpl.OzoneContainer (OzoneContainer.java:stop(231)) - Attempting to stop container services.
2019-09-26 16:01:02,368 [ForkJoinPool.commonPool-worker-0] INFO  impl.StateMachineUpdater (StateMachineUpdater.java:stopAndJoin(125)) - f133cb17-324a-49b7-a0dd-425bb032eccb@group-0057A25079F2-StateMachineUpdater: set stopIndex = 0
2019-09-26 16:01:02,369 [ForkJoinPool.commonPool-worker-0] INFO  impl.RaftServerImpl (ServerState.java:close(385)) - f133cb17-324a-49b7-a0dd-425bb032eccb@group-0057A25079F2: closes. applyIndex: 0
2019-09-26 16:01:02,368 [org.apache.ratis.server.impl.LogAppender$AppenderDaemon$$Lambda$408/1900515338@30873725] WARN  server.GrpcLogAppender (GrpcLogAppender.java:mayWait(143)) - f133cb17-324a-49b7-a0dd-425bb032eccb@group-0057A25079F2->72b5c033-f1d7-4ec2-94c9-edc10ba65d6d-GrpcLogAppender: Wait interrupted by java.lang.InterruptedException
2019-09-26 16:01:02,368 [org.apache.ratis.server.impl.LogAppender$AppenderDaemon$$Lambda$408/1900515338@5dc1bfaf] WARN  server.GrpcLogAppender (GrpcLogAppender.java:mayWait(143)) - f133cb17-324a-49b7-a0dd-425bb032eccb@group-0057A25079F2->3592649d-296e-49cb-9cdc-4bedca6b1b14-GrpcLogAppender: Wait interrupted by java.lang.InterruptedException
2019-09-26 16:01:02,369 [f133cb17-324a-49b7-a0dd-425bb032eccb@group-0057A25079F2-SegmentedRaftLogWorker] INFO  segmented.SegmentedRaftLogWorker (SegmentedRaftLogWorker.java:run(313)) - f133cb17-324a-49b7-a0dd-425bb032eccb@group-0057A25079F2-SegmentedRaftLogWorker was interrupted, exiting. There are 0 tasks remaining in the queue.
2019-09-26 16:01:02,369 [main] INFO  impl.RaftServerProxy (RaftServerProxy.java:lambda$close$4(314)) - 3592649d-296e-49cb-9cdc-4bedca6b1b14: close
2019-09-26 16:01:02,372 [ForkJoinPool.commonPool-worker-0] INFO  segmented.SegmentedRaftLogWorker (SegmentedRaftLogWorker.java:close(228)) - f133cb17-324a-49b7-a0dd-425bb032eccb@group-0057A25079F2-SegmentedRaftLogWorker close()
2019-09-26 16:01:02,372 [main] INFO  impl.RaftServerImpl (RaftServerImpl.java:lambda$shutdown$3(251)) - 3592649d-296e-49cb-9cdc-4bedca6b1b14@group-F35DEF8D4715: shutdown
2019-09-26 16:01:02,383 [ForkJoinPool.commonPool-worker-0] INFO  impl.RaftServerImpl (RaftServerImpl.java:lambda$shutdown$3(251)) - f133cb17-324a-49b7-a0dd-425bb032eccb@group-E807495B08FC: shutdown
2019-09-26 16:01:02,384 [main] INFO  util.JmxRegister (JmxRegister.java:unregister(73)) - Successfully un-registered JMX Bean with object name Ratis:service=RaftServer,group=group-F35DEF8D4715,id=3592649d-296e-49cb-9cdc-4bedca6b1b14
2019-09-26 16:01:02,384 [grpc-default-executor-0] INFO  server.GrpcServerProtocolService (GrpcServerProtocolService.java:onCompleted(113)) - 3592649d-296e-49cb-9cdc-4bedca6b1b14: Completed APPEND_ENTRIES, lastRequest: f133cb17-324a-49b7-a0dd-425bb032eccb->3592649d-296e-49cb-9cdc-4bedca6b1b14#48-t1, previous=(t:1, i:0), leaderCommit=0, initializing? false, entries: <empty>
2019-09-26 16:01:02,384 [ForkJoinPool.commonPool-worker-0] INFO  util.JmxRegister (JmxRegister.java:unregister(73)) - Successfully un-registered JMX Bean with object name Ratis:service=RaftServer,group=group-E807495B08FC,id=f133cb17-324a-49b7-a0dd-425bb032eccb
2019-09-26 16:01:02,384 [main] INFO  impl.RoleInfo (RoleInfo.java:shutdownLeaderState(104)) - 3592649d-296e-49cb-9cdc-4bedca6b1b14: shutdown LeaderState
2019-09-26 16:01:02,385 [ForkJoinPool.commonPool-worker-0] INFO  impl.RoleInfo (RoleInfo.java:shutdownFollowerState(121)) - f133cb17-324a-49b7-a0dd-425bb032eccb: shutdown FollowerState
2019-09-26 16:01:02,385 [main] INFO  impl.PendingRequests (PendingRequests.java:sendNotLeaderResponses(202)) - 3592649d-296e-49cb-9cdc-4bedca6b1b14-PendingRequests: sendNotLeaderResponses
2019-09-26 16:01:02,386 [ForkJoinPool.commonPool-worker-0] INFO  impl.StateMachineUpdater (StateMachineUpdater.java:stopAndJoin(125)) - f133cb17-324a-49b7-a0dd-425bb032eccb@group-E807495B08FC-StateMachineUpdater: set stopIndex = -1
2019-09-26 16:01:02,386 [Thread-537] INFO  impl.FollowerState (FollowerState.java:run(115)) - f133cb17-324a-49b7-a0dd-425bb032eccb: FollowerState was interrupted: java.lang.InterruptedException: sleep interrupted
2019-09-26 16:01:02,388 [ForkJoinPool.commonPool-worker-0] INFO  impl.RaftServerImpl (ServerState.java:close(385)) - f133cb17-324a-49b7-a0dd-425bb032eccb@group-E807495B08FC: closes. applyIndex: -1
2019-09-26 16:01:02,387 [main] INFO  impl.StateMachineUpdater (StateMachineUpdater.java:stopAndJoin(125)) - 3592649d-296e-49cb-9cdc-4bedca6b1b14@group-F35DEF8D4715-StateMachineUpdater: set stopIndex = 0
2019-09-26 16:01:02,387 [grpc-default-executor-0] INFO  server.GrpcLogAppender (GrpcLogAppender.java:onCompleted(293)) - f133cb17-324a-49b7-a0dd-425bb032eccb@group-0057A25079F2->3592649d-296e-49cb-9cdc-4bedca6b1b14-AppendLogResponseHandler: follower responses appendEntries COMPLETED
2019-09-26 16:01:02,390 [main] INFO  impl.RaftServerImpl (ServerState.java:close(385)) - 3592649d-296e-49cb-9cdc-4bedca6b1b14@group-F35DEF8D4715: closes. applyIndex: 0
2019-09-26 16:01:02,390 [f133cb17-324a-49b7-a0dd-425bb032eccb@group-E807495B08FC-SegmentedRaftLogWorker] INFO  segmented.SegmentedRaftLogWorker (SegmentedRaftLogWorker.java:run(313)) - f133cb17-324a-49b7-a0dd-425bb032eccb@group-E807495B08FC-SegmentedRaftLogWorker was interrupted, exiting. There are 0 tasks remaining in the queue.
2019-09-26 16:01:02,392 [3592649d-296e-49cb-9cdc-4bedca6b1b14@group-F35DEF8D4715-SegmentedRaftLogWorker] INFO  segmented.SegmentedRaftLogWorker (SegmentedRaftLogWorker.java:run(313)) - 3592649d-296e-49cb-9cdc-4bedca6b1b14@group-F35DEF8D4715-SegmentedRaftLogWorker was interrupted, exiting. There are 0 tasks remaining in the queue.
2019-09-26 16:01:02,392 [ForkJoinPool.commonPool-worker-0] INFO  segmented.SegmentedRaftLogWorker (SegmentedRaftLogWorker.java:close(228)) - f133cb17-324a-49b7-a0dd-425bb032eccb@group-E807495B08FC-SegmentedRaftLogWorker close()
2019-09-26 16:01:02,392 [grpc-default-executor-0] INFO  impl.FollowerInfo (FollowerInfo.java:lambda$new$0(51)) - f133cb17-324a-49b7-a0dd-425bb032eccb@group-0057A25079F2->3592649d-296e-49cb-9cdc-4bedca6b1b14: nextIndex: updateUnconditionally 1 -> 0
2019-09-26 16:01:02,394 [ForkJoinPool.commonPool-worker-0] INFO  server.GrpcService (GrpcService.java:closeImpl(164)) - f133cb17-324a-49b7-a0dd-425bb032eccb: shutdown server with port 43928 now
2019-09-26 16:01:02,392 [main] INFO  segmented.SegmentedRaftLogWorker (SegmentedRaftLogWorker.java:close(228)) - 3592649d-296e-49cb-9cdc-4bedca6b1b14@group-F35DEF8D4715-SegmentedRaftLogWorker close()
2019-09-26 16:01:02,396 [main] INFO  impl.RaftServerImpl (RaftServerImpl.java:lambda$shutdown$3(251)) - 3592649d-296e-49cb-9cdc-4bedca6b1b14@group-0057A25079F2: shutdown
2019-09-26 16:01:02,397 [ForkJoinPool.commonPool-worker-0] INFO  server.GrpcService (GrpcService.java:closeImpl(172)) - f133cb17-324a-49b7-a0dd-425bb032eccb: shutdown server with port 43928 successfully
2019-09-26 16:01:02,397 [main] INFO  util.JmxRegister (JmxRegister.java:unregister(73)) - Successfully un-registered JMX Bean with object name Ratis:service=RaftServer,group=group-0057A25079F2,id=3592649d-296e-49cb-9cdc-4bedca6b1b14
2019-09-26 16:01:02,398 [main] INFO  impl.RoleInfo (RoleInfo.java:shutdownFollowerState(121)) - 3592649d-296e-49cb-9cdc-4bedca6b1b14: shutdown FollowerState
2019-09-26 16:01:02,398 [main] INFO  impl.StateMachineUpdater (StateMachineUpdater.java:stopAndJoin(125)) - 3592649d-296e-49cb-9cdc-4bedca6b1b14@group-0057A25079F2-StateMachineUpdater: set stopIndex = 0
2019-09-26 16:01:02,398 [Thread-301] INFO  impl.FollowerState (FollowerState.java:run(115)) - 3592649d-296e-49cb-9cdc-4bedca6b1b14: FollowerState was interrupted: java.lang.InterruptedException: sleep interrupted
2019-09-26 16:01:02,400 [main] INFO  impl.RaftServerImpl (ServerState.java:close(385)) - 3592649d-296e-49cb-9cdc-4bedca6b1b14@group-0057A25079F2: closes. applyIndex: 0
2019-09-26 16:01:02,400 [refreshUsed-/workdir/hadoop-ozone/integration-test/target/test-dir/MiniOzoneClusterImpl-cc90927b-9788-4d55-bf9d-8c156a856a16/datanode-0/data/containers] WARN  fs.CachingGetSpaceUsed (CachingGetSpaceUsed.java:run(183)) - Thread Interrupted waiting to refresh disk information: sleep interrupted
2019-09-26 16:01:02,401 [3592649d-296e-49cb-9cdc-4bedca6b1b14@group-0057A25079F2-SegmentedRaftLogWorker] INFO  segmented.SegmentedRaftLogWorker (SegmentedRaftLogWorker.java:run(313)) - 3592649d-296e-49cb-9cdc-4bedca6b1b14@group-0057A25079F2-SegmentedRaftLogWorker was interrupted, exiting. There are 0 tasks remaining in the queue.
2019-09-26 16:01:02,401 [main] INFO  segmented.SegmentedRaftLogWorker (SegmentedRaftLogWorker.java:close(228)) - 3592649d-296e-49cb-9cdc-4bedca6b1b14@group-0057A25079F2-SegmentedRaftLogWorker close()
2019-09-26 16:01:02,404 [main] INFO  impl.RaftServerImpl (RaftServerImpl.java:lambda$shutdown$3(251)) - 3592649d-296e-49cb-9cdc-4bedca6b1b14@group-E807495B08FC: shutdown
2019-09-26 16:01:02,405 [main] INFO  util.JmxRegister (JmxRegister.java:unregister(73)) - Successfully un-registered JMX Bean with object name Ratis:service=RaftServer,group=group-E807495B08FC,id=3592649d-296e-49cb-9cdc-4bedca6b1b14
2019-09-26 16:01:02,405 [main] INFO  impl.RoleInfo (RoleInfo.java:shutdownFollowerState(121)) - 3592649d-296e-49cb-9cdc-4bedca6b1b14: shutdown FollowerState
2019-09-26 16:01:02,406 [main] INFO  impl.StateMachineUpdater (StateMachineUpdater.java:stopAndJoin(125)) - 3592649d-296e-49cb-9cdc-4bedca6b1b14@group-E807495B08FC-StateMachineUpdater: set stopIndex = -1
2019-09-26 16:01:02,407 [Thread-540] INFO  impl.FollowerState (FollowerState.java:run(115)) - 3592649d-296e-49cb-9cdc-4bedca6b1b14: FollowerState was interrupted: java.lang.InterruptedException: sleep interrupted
2019-09-26 16:01:02,411 [main] INFO  impl.RaftServerImpl (ServerState.java:close(385)) - 3592649d-296e-49cb-9cdc-4bedca6b1b14@group-E807495B08FC: closes. applyIndex: -1
2019-09-26 16:01:02,412 [3592649d-296e-49cb-9cdc-4bedca6b1b14@group-E807495B08FC-SegmentedRaftLogWorker] INFO  segmented.SegmentedRaftLogWorker (SegmentedRaftLogWorker.java:run(313)) - 3592649d-296e-49cb-9cdc-4bedca6b1b14@group-E807495B08FC-SegmentedRaftLogWorker was interrupted, exiting. There are 0 tasks remaining in the queue.
2019-09-26 16:01:02,413 [main] INFO  segmented.SegmentedRaftLogWorker (SegmentedRaftLogWorker.java:close(228)) - 3592649d-296e-49cb-9cdc-4bedca6b1b14@group-E807495B08FC-SegmentedRaftLogWorker close()
2019-09-26 16:01:02,414 [main] INFO  server.GrpcService (GrpcService.java:closeImpl(164)) - 3592649d-296e-49cb-9cdc-4bedca6b1b14: shutdown server with port 38338 now
2019-09-26 16:01:02,417 [main] INFO  server.GrpcService (GrpcService.java:closeImpl(172)) - 3592649d-296e-49cb-9cdc-4bedca6b1b14: shutdown server with port 38338 successfully
2019-09-26 16:01:02,425 [refreshUsed-/workdir/hadoop-ozone/integration-test/target/test-dir/MiniOzoneClusterImpl-cc90927b-9788-4d55-bf9d-8c156a856a16/datanode-6/data/containers] WARN  fs.CachingGetSpaceUsed (CachingGetSpaceUsed.java:run(183)) - Thread Interrupted waiting to refresh disk information: sleep interrupted
2019-09-26 16:01:02,435 [ForkJoinPool.commonPool-worker-0] INFO  utils.BackgroundService (BackgroundService.java:shutdown(148)) - Shutting down service BlockDeletingService
2019-09-26 16:01:02,439 [ForkJoinPool.commonPool-worker-0] INFO  statemachine.DatanodeStateMachine (DatanodeStateMachine.java:stopDaemon(395)) - Ozone container server stopped.
2019-09-26 16:01:02,443 [ForkJoinPool.commonPool-worker-0] INFO  handler.ContextHandler (ContextHandler.java:doStop(910)) - Stopped o.e.j.w.WebAppContext@cdb2d95{/,null,UNAVAILABLE}{/hddsDatanode}
2019-09-26 16:01:02,444 [ForkJoinPool.commonPool-worker-0] INFO  server.AbstractConnector (AbstractConnector.java:doStop(318)) - Stopped ServerConnector@122d6c22{HTTP/1.1,[http/1.1]}{0.0.0.0:0}
2019-09-26 16:01:02,446 [ForkJoinPool.commonPool-worker-0] INFO  handler.ContextHandler (ContextHandler.java:doStop(910)) - Stopped o.e.j.s.ServletContextHandler@252dc8c4{/static,jar:file:/home/user/.m2/repository/org/apache/hadoop/hadoop-hdds-container-service/0.5.0-SNAPSHOT/hadoop-hdds-container-service-0.5.0-SNAPSHOT.jar!/webapps/static,UNAVAILABLE}
2019-09-26 16:01:02,447 [ForkJoinPool.commonPool-worker-0] INFO  handler.ContextHandler (ContextHandler.java:doStop(910)) - Stopped o.e.j.s.ServletContextHandler@7ff35a3f{/logs,file:///workdir/hadoop-ozone/integration-test/target/log,UNAVAILABLE}
2019-09-26 16:01:02,448 [main] INFO  utils.BackgroundService (BackgroundService.java:shutdown(148)) - Shutting down service BlockDeletingService
2019-09-26 16:01:02,451 [main] INFO  statemachine.DatanodeStateMachine (DatanodeStateMachine.java:stopDaemon(395)) - Ozone container server stopped.
2019-09-26 16:01:02,452 [main] INFO  handler.ContextHandler (ContextHandler.java:doStop(910)) - Stopped o.e.j.w.WebAppContext@57272109{/,null,UNAVAILABLE}{/hddsDatanode}
2019-09-26 16:01:02,452 [main] INFO  server.AbstractConnector (AbstractConnector.java:doStop(318)) - Stopped ServerConnector@59696551{HTTP/1.1,[http/1.1]}{0.0.0.0:0}
2019-09-26 16:01:02,453 [main] INFO  handler.ContextHandler (ContextHandler.java:doStop(910)) - Stopped o.e.j.s.ServletContextHandler@66b59b7d{/static,jar:file:/home/user/.m2/repository/org/apache/hadoop/hadoop-hdds-container-service/0.5.0-SNAPSHOT/hadoop-hdds-container-service-0.5.0-SNAPSHOT.jar!/webapps/static,UNAVAILABLE}
2019-09-26 16:01:02,453 [main] INFO  handler.ContextHandler (ContextHandler.java:doStop(910)) - Stopped o.e.j.s.ServletContextHandler@6edf29c1{/logs,file:///workdir/hadoop-ozone/integration-test/target/log,UNAVAILABLE}
2019-09-26 16:01:02,744 [Thread-539] INFO  impl.FollowerState (FollowerState.java:run(106)) - c7167ead-7a9c-4e16-bf2a-ea12ed09b37e:group-E807495B08FC changes to CANDIDATE, lastRpcTime:5149, electionTimeout:5149ms
2019-09-26 16:01:02,745 [Thread-539] INFO  impl.RoleInfo (RoleInfo.java:shutdownFollowerState(121)) - c7167ead-7a9c-4e16-bf2a-ea12ed09b37e: shutdown FollowerState
2019-09-26 16:01:02,745 [Thread-539] INFO  impl.RaftServerImpl (RaftServerImpl.java:setRole(174)) - c7167ead-7a9c-4e16-bf2a-ea12ed09b37e@group-E807495B08FC: changes role from  FOLLOWER to CANDIDATE at term 0 for changeToCandidate
2019-09-26 16:01:02,745 [Thread-539] INFO  impl.RoleInfo (RoleInfo.java:updateAndGet(143)) - c7167ead-7a9c-4e16-bf2a-ea12ed09b37e: start LeaderElection
2019-09-26 16:01:02,774 [c7167ead-7a9c-4e16-bf2a-ea12ed09b37e@group-E807495B08FC:LeaderElection13] INFO  impl.LeaderElection (LeaderElection.java:askForVotes(182)) - c7167ead-7a9c-4e16-bf2a-ea12ed09b37e@group-E807495B08FC:LeaderElection13: begin an election at term 1 for -1: [3592649d-296e-49cb-9cdc-4bedca6b1b14:192.168.157.234:38338, f133cb17-324a-49b7-a0dd-425bb032eccb:192.168.157.234:43928, c7167ead-7a9c-4e16-bf2a-ea12ed09b37e:192.168.157.234:33739], old=null
2019-09-26 16:01:02,783 [c7167ead-7a9c-4e16-bf2a-ea12ed09b37e@group-E807495B08FC:LeaderElection13] INFO  impl.LeaderElection (LogUtils.java:infoOrTrace(149)) - c7167ead-7a9c-4e16-bf2a-ea12ed09b37e@group-E807495B08FC:LeaderElection13 got exception when requesting votes: {}
java.util.concurrent.ExecutionException: org.apache.ratis.thirdparty.io.grpc.StatusRuntimeException: UNAVAILABLE: io exception
	at java.util.concurrent.FutureTask.report(FutureTask.java:122)
	at java.util.concurrent.FutureTask.get(FutureTask.java:192)
	at org.apache.ratis.server.impl.LeaderElection.waitForResults(LeaderElection.java:263)
	at org.apache.ratis.server.impl.LeaderElection.askForVotes(LeaderElection.java:201)
	at org.apache.ratis.server.impl.LeaderElection.run(LeaderElection.java:133)
	at java.lang.Thread.run(Thread.java:748)
Caused by: org.apache.ratis.thirdparty.io.grpc.StatusRuntimeException: UNAVAILABLE: io exception
	at org.apache.ratis.thirdparty.io.grpc.stub.ClientCalls.toStatusRuntimeException(ClientCalls.java:233)
	at org.apache.ratis.thirdparty.io.grpc.stub.ClientCalls.getUnchecked(ClientCalls.java:214)
	at org.apache.ratis.thirdparty.io.grpc.stub.ClientCalls.blockingUnaryCall(ClientCalls.java:139)
	at org.apache.ratis.proto.grpc.RaftServerProtocolServiceGrpc$RaftServerProtocolServiceBlockingStub.requestVote(RaftServerProtocolServiceGrpc.java:265)
	at org.apache.ratis.grpc.server.GrpcServerProtocolClient.requestVote(GrpcServerProtocolClient.java:90)
	at org.apache.ratis.grpc.server.GrpcService.requestVote(GrpcService.java:204)
	at org.apache.ratis.server.impl.LeaderElection.lambda$submitRequests$1(LeaderElection.java:238)
	at java.util.concurrent.FutureTask.run(FutureTask.java:266)
	at java.util.concurrent.Executors$RunnableAdapter.call(Executors.java:511)
	at java.util.concurrent.FutureTask.run(FutureTask.java:266)
	at java.util.concurrent.ThreadPoolExecutor.runWorker(ThreadPoolExecutor.java:1149)
	at java.util.concurrent.ThreadPoolExecutor$Worker.run(ThreadPoolExecutor.java:624)
	... 1 more
Caused by: org.apache.ratis.thirdparty.io.netty.channel.AbstractChannel$AnnotatedConnectException: Connection refused: /192.168.157.234:43928
	at sun.nio.ch.SocketChannelImpl.checkConnect(Native Method)
	at sun.nio.ch.SocketChannelImpl.finishConnect(SocketChannelImpl.java:717)
	at org.apache.ratis.thirdparty.io.netty.channel.socket.nio.NioSocketChannel.doFinishConnect(NioSocketChannel.java:327)
	at org.apache.ratis.thirdparty.io.netty.channel.nio.AbstractNioChannel$AbstractNioUnsafe.finishConnect(AbstractNioChannel.java:340)
	at org.apache.ratis.thirdparty.io.netty.channel.nio.NioEventLoop.processSelectedKey(NioEventLoop.java:632)
	at org.apache.ratis.thirdparty.io.netty.channel.nio.NioEventLoop.processSelectedKeysOptimized(NioEventLoop.java:579)
	at org.apache.ratis.thirdparty.io.netty.channel.nio.NioEventLoop.processSelectedKeys(NioEventLoop.java:496)
	at org.apache.ratis.thirdparty.io.netty.channel.nio.NioEventLoop.run(NioEventLoop.java:458)
	at org.apache.ratis.thirdparty.io.netty.util.concurrent.SingleThreadEventExecutor$5.run(SingleThreadEventExecutor.java:897)
	at org.apache.ratis.thirdparty.io.netty.util.concurrent.FastThreadLocalRunnable.run(FastThreadLocalRunnable.java:30)
	... 1 more
Caused by: java.net.ConnectException: Connection refused
	... 11 more
2019-09-26 16:01:02,785 [c7167ead-7a9c-4e16-bf2a-ea12ed09b37e@group-E807495B08FC:LeaderElection13] INFO  impl.LeaderElection (LogUtils.java:infoOrTrace(149)) - c7167ead-7a9c-4e16-bf2a-ea12ed09b37e@group-E807495B08FC:LeaderElection13 got exception when requesting votes: {}
java.util.concurrent.ExecutionException: org.apache.ratis.thirdparty.io.grpc.StatusRuntimeException: UNAVAILABLE: io exception
	at java.util.concurrent.FutureTask.report(FutureTask.java:122)
	at java.util.concurrent.FutureTask.get(FutureTask.java:192)
	at org.apache.ratis.server.impl.LeaderElection.waitForResults(LeaderElection.java:263)
	at org.apache.ratis.server.impl.LeaderElection.askForVotes(LeaderElection.java:201)
	at org.apache.ratis.server.impl.LeaderElection.run(LeaderElection.java:133)
	at java.lang.Thread.run(Thread.java:748)
Caused by: org.apache.ratis.thirdparty.io.grpc.StatusRuntimeException: UNAVAILABLE: io exception
	at org.apache.ratis.thirdparty.io.grpc.stub.ClientCalls.toStatusRuntimeException(ClientCalls.java:233)
	at org.apache.ratis.thirdparty.io.grpc.stub.ClientCalls.getUnchecked(ClientCalls.java:214)
	at org.apache.ratis.thirdparty.io.grpc.stub.ClientCalls.blockingUnaryCall(ClientCalls.java:139)
	at org.apache.ratis.proto.grpc.RaftServerProtocolServiceGrpc$RaftServerProtocolServiceBlockingStub.requestVote(RaftServerProtocolServiceGrpc.java:265)
	at org.apache.ratis.grpc.server.GrpcServerProtocolClient.requestVote(GrpcServerProtocolClient.java:90)
	at org.apache.ratis.grpc.server.GrpcService.requestVote(GrpcService.java:204)
	at org.apache.ratis.server.impl.LeaderElection.lambda$submitRequests$1(LeaderElection.java:238)
	at java.util.concurrent.FutureTask.run(FutureTask.java:266)
	at java.util.concurrent.Executors$RunnableAdapter.call(Executors.java:511)
	at java.util.concurrent.FutureTask.run(FutureTask.java:266)
	at java.util.concurrent.ThreadPoolExecutor.runWorker(ThreadPoolExecutor.java:1149)
	at java.util.concurrent.ThreadPoolExecutor$Worker.run(ThreadPoolExecutor.java:624)
	... 1 more
Caused by: org.apache.ratis.thirdparty.io.netty.channel.AbstractChannel$AnnotatedConnectException: Connection refused: /192.168.157.234:38338
	at sun.nio.ch.SocketChannelImpl.checkConnect(Native Method)
	at sun.nio.ch.SocketChannelImpl.finishConnect(SocketChannelImpl.java:717)
	at org.apache.ratis.thirdparty.io.netty.channel.socket.nio.NioSocketChannel.doFinishConnect(NioSocketChannel.java:327)
	at org.apache.ratis.thirdparty.io.netty.channel.nio.AbstractNioChannel$AbstractNioUnsafe.finishConnect(AbstractNioChannel.java:340)
	at org.apache.ratis.thirdparty.io.netty.channel.nio.NioEventLoop.processSelectedKey(NioEventLoop.java:632)
	at org.apache.ratis.thirdparty.io.netty.channel.nio.NioEventLoop.processSelectedKeysOptimized(NioEventLoop.java:579)
	at org.apache.ratis.thirdparty.io.netty.channel.nio.NioEventLoop.processSelectedKeys(NioEventLoop.java:496)
	at org.apache.ratis.thirdparty.io.netty.channel.nio.NioEventLoop.run(NioEventLoop.java:458)
	at org.apache.ratis.thirdparty.io.netty.util.concurrent.SingleThreadEventExecutor$5.run(SingleThreadEventExecutor.java:897)
	at org.apache.ratis.thirdparty.io.netty.util.concurrent.FastThreadLocalRunnable.run(FastThreadLocalRunnable.java:30)
	... 1 more
Caused by: java.net.ConnectException: Connection refused
	... 11 more
2019-09-26 16:01:02,786 [c7167ead-7a9c-4e16-bf2a-ea12ed09b37e@group-E807495B08FC:LeaderElection13] INFO  impl.LeaderElection (LeaderElection.java:logAndReturn(56)) - c7167ead-7a9c-4e16-bf2a-ea12ed09b37e@group-E807495B08FC:LeaderElection13: Election REJECTED; received 0 response(s) [] and 2 exception(s); c7167ead-7a9c-4e16-bf2a-ea12ed09b37e@group-E807495B08FC:t1, leader=null, voted=c7167ead-7a9c-4e16-bf2a-ea12ed09b37e, raftlog=c7167ead-7a9c-4e16-bf2a-ea12ed09b37e@group-E807495B08FC-SegmentedRaftLog:OPENED:c-1,f-1,i0, conf=-1: [3592649d-296e-49cb-9cdc-4bedca6b1b14:192.168.157.234:38338, f133cb17-324a-49b7-a0dd-425bb032eccb:192.168.157.234:43928, c7167ead-7a9c-4e16-bf2a-ea12ed09b37e:192.168.157.234:33739], old=null
2019-09-26 16:01:02,787 [c7167ead-7a9c-4e16-bf2a-ea12ed09b37e@group-E807495B08FC:LeaderElection13] INFO  impl.LeaderElection (LogUtils.java:infoOrTrace(149)) -   Exception 0: {}
java.util.concurrent.ExecutionException: org.apache.ratis.thirdparty.io.grpc.StatusRuntimeException: UNAVAILABLE: io exception
	at java.util.concurrent.FutureTask.report(FutureTask.java:122)
	at java.util.concurrent.FutureTask.get(FutureTask.java:192)
	at org.apache.ratis.server.impl.LeaderElection.waitForResults(LeaderElection.java:263)
	at org.apache.ratis.server.impl.LeaderElection.askForVotes(LeaderElection.java:201)
	at org.apache.ratis.server.impl.LeaderElection.run(LeaderElection.java:133)
	at java.lang.Thread.run(Thread.java:748)
Caused by: org.apache.ratis.thirdparty.io.grpc.StatusRuntimeException: UNAVAILABLE: io exception
	at org.apache.ratis.thirdparty.io.grpc.stub.ClientCalls.toStatusRuntimeException(ClientCalls.java:233)
	at org.apache.ratis.thirdparty.io.grpc.stub.ClientCalls.getUnchecked(ClientCalls.java:214)
	at org.apache.ratis.thirdparty.io.grpc.stub.ClientCalls.blockingUnaryCall(ClientCalls.java:139)
	at org.apache.ratis.proto.grpc.RaftServerProtocolServiceGrpc$RaftServerProtocolServiceBlockingStub.requestVote(RaftServerProtocolServiceGrpc.java:265)
	at org.apache.ratis.grpc.server.GrpcServerProtocolClient.requestVote(GrpcServerProtocolClient.java:90)
	at org.apache.ratis.grpc.server.GrpcService.requestVote(GrpcService.java:204)
	at org.apache.ratis.server.impl.LeaderElection.lambda$submitRequests$1(LeaderElection.java:238)
	at java.util.concurrent.FutureTask.run(FutureTask.java:266)
	at java.util.concurrent.Executors$RunnableAdapter.call(Executors.java:511)
	at java.util.concurrent.FutureTask.run(FutureTask.java:266)
	at java.util.concurrent.ThreadPoolExecutor.runWorker(ThreadPoolExecutor.java:1149)
	at java.util.concurrent.ThreadPoolExecutor$Worker.run(ThreadPoolExecutor.java:624)
	... 1 more
Caused by: org.apache.ratis.thirdparty.io.netty.channel.AbstractChannel$AnnotatedConnectException: Connection refused: /192.168.157.234:43928
	at sun.nio.ch.SocketChannelImpl.checkConnect(Native Method)
	at sun.nio.ch.SocketChannelImpl.finishConnect(SocketChannelImpl.java:717)
	at org.apache.ratis.thirdparty.io.netty.channel.socket.nio.NioSocketChannel.doFinishConnect(NioSocketChannel.java:327)
	at org.apache.ratis.thirdparty.io.netty.channel.nio.AbstractNioChannel$AbstractNioUnsafe.finishConnect(AbstractNioChannel.java:340)
	at org.apache.ratis.thirdparty.io.netty.channel.nio.NioEventLoop.processSelectedKey(NioEventLoop.java:632)
	at org.apache.ratis.thirdparty.io.netty.channel.nio.NioEventLoop.processSelectedKeysOptimized(NioEventLoop.java:579)
	at org.apache.ratis.thirdparty.io.netty.channel.nio.NioEventLoop.processSelectedKeys(NioEventLoop.java:496)
	at org.apache.ratis.thirdparty.io.netty.channel.nio.NioEventLoop.run(NioEventLoop.java:458)
	at org.apache.ratis.thirdparty.io.netty.util.concurrent.SingleThreadEventExecutor$5.run(SingleThreadEventExecutor.java:897)
	at org.apache.ratis.thirdparty.io.netty.util.concurrent.FastThreadLocalRunnable.run(FastThreadLocalRunnable.java:30)
	... 1 more
Caused by: java.net.ConnectException: Connection refused
	... 11 more
2019-09-26 16:01:02,787 [c7167ead-7a9c-4e16-bf2a-ea12ed09b37e@group-E807495B08FC:LeaderElection13] INFO  impl.LeaderElection (LogUtils.java:infoOrTrace(149)) -   Exception 1: {}
java.util.concurrent.ExecutionException: org.apache.ratis.thirdparty.io.grpc.StatusRuntimeException: UNAVAILABLE: io exception
	at java.util.concurrent.FutureTask.report(FutureTask.java:122)
	at java.util.concurrent.FutureTask.get(FutureTask.java:192)
	at org.apache.ratis.server.impl.LeaderElection.waitForResults(LeaderElection.java:263)
	at org.apache.ratis.server.impl.LeaderElection.askForVotes(LeaderElection.java:201)
	at org.apache.ratis.server.impl.LeaderElection.run(LeaderElection.java:133)
	at java.lang.Thread.run(Thread.java:748)
Caused by: org.apache.ratis.thirdparty.io.grpc.StatusRuntimeException: UNAVAILABLE: io exception
	at org.apache.ratis.thirdparty.io.grpc.stub.ClientCalls.toStatusRuntimeException(ClientCalls.java:233)
	at org.apache.ratis.thirdparty.io.grpc.stub.ClientCalls.getUnchecked(ClientCalls.java:214)
	at org.apache.ratis.thirdparty.io.grpc.stub.ClientCalls.blockingUnaryCall(ClientCalls.java:139)
	at org.apache.ratis.proto.grpc.RaftServerProtocolServiceGrpc$RaftServerProtocolServiceBlockingStub.requestVote(RaftServerProtocolServiceGrpc.java:265)
	at org.apache.ratis.grpc.server.GrpcServerProtocolClient.requestVote(GrpcServerProtocolClient.java:90)
	at org.apache.ratis.grpc.server.GrpcService.requestVote(GrpcService.java:204)
	at org.apache.ratis.server.impl.LeaderElection.lambda$submitRequests$1(LeaderElection.java:238)
	at java.util.concurrent.FutureTask.run(FutureTask.java:266)
	at java.util.concurrent.Executors$RunnableAdapter.call(Executors.java:511)
	at java.util.concurrent.FutureTask.run(FutureTask.java:266)
	at java.util.concurrent.ThreadPoolExecutor.runWorker(ThreadPoolExecutor.java:1149)
	at java.util.concurrent.ThreadPoolExecutor$Worker.run(ThreadPoolExecutor.java:624)
	... 1 more
Caused by: org.apache.ratis.thirdparty.io.netty.channel.AbstractChannel$AnnotatedConnectException: Connection refused: /192.168.157.234:38338
	at sun.nio.ch.SocketChannelImpl.checkConnect(Native Method)
	at sun.nio.ch.SocketChannelImpl.finishConnect(SocketChannelImpl.java:717)
	at org.apache.ratis.thirdparty.io.netty.channel.socket.nio.NioSocketChannel.doFinishConnect(NioSocketChannel.java:327)
	at org.apache.ratis.thirdparty.io.netty.channel.nio.AbstractNioChannel$AbstractNioUnsafe.finishConnect(AbstractNioChannel.java:340)
	at org.apache.ratis.thirdparty.io.netty.channel.nio.NioEventLoop.processSelectedKey(NioEventLoop.java:632)
	at org.apache.ratis.thirdparty.io.netty.channel.nio.NioEventLoop.processSelectedKeysOptimized(NioEventLoop.java:579)
	at org.apache.ratis.thirdparty.io.netty.channel.nio.NioEventLoop.processSelectedKeys(NioEventLoop.java:496)
	at org.apache.ratis.thirdparty.io.netty.channel.nio.NioEventLoop.run(NioEventLoop.java:458)
	at org.apache.ratis.thirdparty.io.netty.util.concurrent.SingleThreadEventExecutor$5.run(SingleThreadEventExecutor.java:897)
	at org.apache.ratis.thirdparty.io.netty.util.concurrent.FastThreadLocalRunnable.run(FastThreadLocalRunnable.java:30)
	... 1 more
Caused by: java.net.ConnectException: Connection refused
	... 11 more
2019-09-26 16:01:02,788 [c7167ead-7a9c-4e16-bf2a-ea12ed09b37e@group-E807495B08FC:LeaderElection13] INFO  impl.RaftServerImpl (RaftServerImpl.java:setRole(174)) - c7167ead-7a9c-4e16-bf2a-ea12ed09b37e@group-E807495B08FC: changes role from CANDIDATE to FOLLOWER at term 1 for DISCOVERED_A_NEW_TERM
2019-09-26 16:01:02,788 [c7167ead-7a9c-4e16-bf2a-ea12ed09b37e@group-E807495B08FC:LeaderElection13] INFO  impl.RoleInfo (RoleInfo.java:shutdownLeaderElection(134)) - c7167ead-7a9c-4e16-bf2a-ea12ed09b37e: shutdown LeaderElection
2019-09-26 16:01:02,789 [c7167ead-7a9c-4e16-bf2a-ea12ed09b37e@group-E807495B08FC:LeaderElection13] INFO  impl.RoleInfo (RoleInfo.java:updateAndGet(143)) - c7167ead-7a9c-4e16-bf2a-ea12ed09b37e: start FollowerState
2019-09-26 16:01:03,133 [Datanode State Machine Thread - 0] INFO  statemachine.DatanodeStateMachine (DatanodeStateMachine.java:lambda$startDaemon$0(350)) - Ozone container server started.
2019-09-26 16:01:05,158 [EventQueue-StaleNodeForStaleNodeHandler] INFO  node.StaleNodeHandler (StaleNodeHandler.java:onMessage(58)) - Datanode c7167ead-7a9c-4e16-bf2a-ea12ed09b37e{ip: 192.168.157.234, host: pr-hdds-2162-htzpk-1451759861, networkLocation: /default-rack, certSerialId: null} moved to stale state. Finalizing its pipelines [PipelineID=6e4892e5-e18a-4b27-aa77-098876a5761c, PipelineID=ee0cd7c7-9bdc-4c78-a716-e807495b08fc]
2019-09-26 16:01:05,159 [EventQueue-StaleNodeForStaleNodeHandler] INFO  pipeline.SCMPipelineManager (SCMPipelineManager.java:finalizeAndDestroyPipeline(315)) - destroying pipeline:Pipeline[ Id: 6e4892e5-e18a-4b27-aa77-098876a5761c, Nodes: c7167ead-7a9c-4e16-bf2a-ea12ed09b37e{ip: 192.168.157.234, host: pr-hdds-2162-htzpk-1451759861, networkLocation: /default-rack, certSerialId: null}, Type:RATIS, Factor:ONE, State:OPEN]
2019-09-26 16:01:05,159 [EventQueue-StaleNodeForStaleNodeHandler] INFO  pipeline.PipelineStateManager (PipelineStateManager.java:finalizePipeline(123)) - Pipeline Pipeline[ Id: 6e4892e5-e18a-4b27-aa77-098876a5761c, Nodes: c7167ead-7a9c-4e16-bf2a-ea12ed09b37e{ip: 192.168.157.234, host: pr-hdds-2162-htzpk-1451759861, networkLocation: /default-rack, certSerialId: null}, Type:RATIS, Factor:ONE, State:CLOSED] moved to CLOSED state
2019-09-26 16:01:05,160 [EventQueue-StaleNodeForStaleNodeHandler] INFO  pipeline.SCMPipelineManager (SCMPipelineManager.java:finalizeAndDestroyPipeline(315)) - destroying pipeline:Pipeline[ Id: ee0cd7c7-9bdc-4c78-a716-e807495b08fc, Nodes: 3592649d-296e-49cb-9cdc-4bedca6b1b14{ip: 192.168.157.234, host: pr-hdds-2162-htzpk-1451759861, networkLocation: /default-rack, certSerialId: null}f133cb17-324a-49b7-a0dd-425bb032eccb{ip: 192.168.157.234, host: pr-hdds-2162-htzpk-1451759861, networkLocation: /default-rack, certSerialId: null}c7167ead-7a9c-4e16-bf2a-ea12ed09b37e{ip: 192.168.157.234, host: pr-hdds-2162-htzpk-1451759861, networkLocation: /default-rack, certSerialId: null}, Type:RATIS, Factor:THREE, State:CLOSED]
2019-09-26 16:01:07,449 [ForkJoinPool.commonPool-worker-0] INFO  ozoneimpl.OzoneContainer (OzoneContainer.java:stop(231)) - Attempting to stop container services.
2019-09-26 16:01:07,449 [ForkJoinPool.commonPool-worker-0] INFO  impl.RaftServerProxy (RaftServerProxy.java:lambda$close$4(314)) - c7167ead-7a9c-4e16-bf2a-ea12ed09b37e: close
2019-09-26 16:01:07,450 [ForkJoinPool.commonPool-worker-0] INFO  impl.RaftServerImpl (RaftServerImpl.java:lambda$shutdown$3(251)) - c7167ead-7a9c-4e16-bf2a-ea12ed09b37e@group-098876A5761C: shutdown
2019-09-26 16:01:07,450 [ForkJoinPool.commonPool-worker-0] INFO  util.JmxRegister (JmxRegister.java:unregister(73)) - Successfully un-registered JMX Bean with object name Ratis:service=RaftServer,group=group-098876A5761C,id=c7167ead-7a9c-4e16-bf2a-ea12ed09b37e
2019-09-26 16:01:07,450 [ForkJoinPool.commonPool-worker-0] INFO  impl.RoleInfo (RoleInfo.java:shutdownLeaderState(104)) - c7167ead-7a9c-4e16-bf2a-ea12ed09b37e: shutdown LeaderState
2019-09-26 16:01:07,451 [ForkJoinPool.commonPool-worker-0] INFO  impl.PendingRequests (PendingRequests.java:sendNotLeaderResponses(202)) - c7167ead-7a9c-4e16-bf2a-ea12ed09b37e-PendingRequests: sendNotLeaderResponses
2019-09-26 16:01:07,451 [ForkJoinPool.commonPool-worker-0] INFO  impl.StateMachineUpdater (StateMachineUpdater.java:stopAndJoin(125)) - c7167ead-7a9c-4e16-bf2a-ea12ed09b37e@group-098876A5761C-StateMachineUpdater: set stopIndex = 0
2019-09-26 16:01:07,452 [ForkJoinPool.commonPool-worker-0] INFO  impl.RaftServerImpl (ServerState.java:close(385)) - c7167ead-7a9c-4e16-bf2a-ea12ed09b37e@group-098876A5761C: closes. applyIndex: 0
2019-09-26 16:01:07,452 [c7167ead-7a9c-4e16-bf2a-ea12ed09b37e@group-098876A5761C-SegmentedRaftLogWorker] INFO  segmented.SegmentedRaftLogWorker (SegmentedRaftLogWorker.java:run(313)) - c7167ead-7a9c-4e16-bf2a-ea12ed09b37e@group-098876A5761C-SegmentedRaftLogWorker was interrupted, exiting. There are 0 tasks remaining in the queue.
2019-09-26 16:01:07,454 [ForkJoinPool.commonPool-worker-0] INFO  segmented.SegmentedRaftLogWorker (SegmentedRaftLogWorker.java:close(228)) - c7167ead-7a9c-4e16-bf2a-ea12ed09b37e@group-098876A5761C-SegmentedRaftLogWorker close()
2019-09-26 16:01:07,456 [ForkJoinPool.commonPool-worker-0] INFO  impl.RaftServerImpl (RaftServerImpl.java:lambda$shutdown$3(251)) - c7167ead-7a9c-4e16-bf2a-ea12ed09b37e@group-E807495B08FC: shutdown
2019-09-26 16:01:07,456 [ForkJoinPool.commonPool-worker-0] INFO  util.JmxRegister (JmxRegister.java:unregister(73)) - Successfully un-registered JMX Bean with object name Ratis:service=RaftServer,group=group-E807495B08FC,id=c7167ead-7a9c-4e16-bf2a-ea12ed09b37e
2019-09-26 16:01:07,456 [ForkJoinPool.commonPool-worker-0] INFO  impl.RoleInfo (RoleInfo.java:shutdownFollowerState(121)) - c7167ead-7a9c-4e16-bf2a-ea12ed09b37e: shutdown FollowerState
2019-09-26 16:01:07,457 [ForkJoinPool.commonPool-worker-0] INFO  impl.StateMachineUpdater (StateMachineUpdater.java:stopAndJoin(125)) - c7167ead-7a9c-4e16-bf2a-ea12ed09b37e@group-E807495B08FC-StateMachineUpdater: set stopIndex = -1
2019-09-26 16:01:07,457 [Thread-548] INFO  impl.FollowerState (FollowerState.java:run(115)) - c7167ead-7a9c-4e16-bf2a-ea12ed09b37e: FollowerState was interrupted: java.lang.InterruptedException: sleep interrupted
2019-09-26 16:01:07,458 [ForkJoinPool.commonPool-worker-0] INFO  impl.RaftServerImpl (ServerState.java:close(385)) - c7167ead-7a9c-4e16-bf2a-ea12ed09b37e@group-E807495B08FC: closes. applyIndex: -1
2019-09-26 16:01:07,459 [c7167ead-7a9c-4e16-bf2a-ea12ed09b37e@group-E807495B08FC-SegmentedRaftLogWorker] INFO  segmented.SegmentedRaftLogWorker (SegmentedRaftLogWorker.java:run(313)) - c7167ead-7a9c-4e16-bf2a-ea12ed09b37e@group-E807495B08FC-SegmentedRaftLogWorker was interrupted, exiting. There are 0 tasks remaining in the queue.
2019-09-26 16:01:07,460 [ForkJoinPool.commonPool-worker-0] INFO  segmented.SegmentedRaftLogWorker (SegmentedRaftLogWorker.java:close(228)) - c7167ead-7a9c-4e16-bf2a-ea12ed09b37e@group-E807495B08FC-SegmentedRaftLogWorker close()
2019-09-26 16:01:07,461 [ForkJoinPool.commonPool-worker-0] INFO  server.GrpcService (GrpcService.java:closeImpl(164)) - c7167ead-7a9c-4e16-bf2a-ea12ed09b37e: shutdown server with port 33739 now
2019-09-26 16:01:07,464 [ForkJoinPool.commonPool-worker-0] INFO  server.GrpcService (GrpcService.java:closeImpl(172)) - c7167ead-7a9c-4e16-bf2a-ea12ed09b37e: shutdown server with port 33739 successfully
2019-09-26 16:01:07,469 [refreshUsed-/workdir/hadoop-ozone/integration-test/target/test-dir/MiniOzoneClusterImpl-cc90927b-9788-4d55-bf9d-8c156a856a16/datanode-5/data/containers] WARN  fs.CachingGetSpaceUsed (CachingGetSpaceUsed.java:run(183)) - Thread Interrupted waiting to refresh disk information: sleep interrupted
2019-09-26 16:01:07,489 [ForkJoinPool.commonPool-worker-0] INFO  utils.BackgroundService (BackgroundService.java:shutdown(148)) - Shutting down service BlockDeletingService
2019-09-26 16:01:07,492 [ForkJoinPool.commonPool-worker-0] INFO  statemachine.DatanodeStateMachine (DatanodeStateMachine.java:stopDaemon(395)) - Ozone container server stopped.
2019-09-26 16:01:07,495 [ForkJoinPool.commonPool-worker-0] INFO  handler.ContextHandler (ContextHandler.java:doStop(910)) - Stopped o.e.j.w.WebAppContext@2bc378f7{/,null,UNAVAILABLE}{/hddsDatanode}
2019-09-26 16:01:07,496 [ForkJoinPool.commonPool-worker-0] INFO  server.AbstractConnector (AbstractConnector.java:doStop(318)) - Stopped ServerConnector@268cbb86{HTTP/1.1,[http/1.1]}{0.0.0.0:0}
2019-09-26 16:01:07,497 [ForkJoinPool.commonPool-worker-0] INFO  handler.ContextHandler (ContextHandler.java:doStop(910)) - Stopped o.e.j.s.ServletContextHandler@31ddb930{/static,jar:file:/home/user/.m2/repository/org/apache/hadoop/hadoop-hdds-container-service/0.5.0-SNAPSHOT/hadoop-hdds-container-service-0.5.0-SNAPSHOT.jar!/webapps/static,UNAVAILABLE}
2019-09-26 16:01:07,498 [ForkJoinPool.commonPool-worker-0] INFO  handler.ContextHandler (ContextHandler.java:doStop(910)) - Stopped o.e.j.s.ServletContextHandler@7e53339{/logs,file:///workdir/hadoop-ozone/integration-test/target/log,UNAVAILABLE}
2019-09-26 16:01:07,499 [main] INFO  ozone.MiniOzoneClusterImpl (MiniOzoneClusterImpl.java:stopSCM(392)) - Stopping the StorageContainerManager
2019-09-26 16:01:07,499 [main] INFO  server.StorageContainerManager (StorageContainerManager.java:stop(808)) - Stopping Replication Manager Service.
2019-09-26 16:01:07,499 [main] INFO  container.ReplicationManager (ReplicationManager.java:stop(203)) - Stopping Replication Monitor Thread.
2019-09-26 16:01:07,499 [main] INFO  server.StorageContainerManager (StorageContainerManager.java:stop(815)) - Stopping Lease Manager of the command watchers
2019-09-26 16:01:07,500 [main] INFO  server.StorageContainerManager (StorageContainerManager.java:stop(822)) - Stopping datanode service RPC server
2019-09-26 16:01:07,500 [main] INFO  server.SCMDatanodeProtocolServer (SCMDatanodeProtocolServer.java:stop(367)) - Stopping the RPC server for DataNodes
2019-09-26 16:01:07,500 [main] INFO  ipc.Server (Server.java:stop(3082)) - Stopping server on 34800
2019-09-26 16:01:07,502 [IPC Server listener on 34800] INFO  ipc.Server (Server.java:run(1185)) - Stopping IPC Server listener on 34800
2019-09-26 16:01:07,503 [IPC Server Responder] INFO  ipc.Server (Server.java:run(1319)) - Stopping IPC Server Responder
2019-09-26 16:01:07,562 [SCM Heartbeat Processing Thread - 0] WARN  node.NodeStateManager (NodeStateManager.java:scheduleNextHealthCheck(646)) - Current Thread is interrupted, shutting down HB processing thread for Node Manager.
2019-09-26 16:01:07,563 [main] INFO  server.StorageContainerManager (StorageContainerManager.java:stop(830)) - Stopping block service RPC server
2019-09-26 16:01:07,563 [main] INFO  server.SCMBlockProtocolServer (SCMBlockProtocolServer.java:stop(155)) - Stopping the RPC server for Block Protocol
2019-09-26 16:01:07,563 [main] INFO  ipc.Server (Server.java:stop(3082)) - Stopping server on 46405
2019-09-26 16:01:07,566 [IPC Server listener on 46405] INFO  ipc.Server (Server.java:run(1185)) - Stopping IPC Server listener on 46405
2019-09-26 16:01:07,566 [main] INFO  server.StorageContainerManager (StorageContainerManager.java:stop(837)) - Stopping the StorageContainerLocationProtocol RPC server
2019-09-26 16:01:07,566 [IPC Server Responder] INFO  ipc.Server (Server.java:run(1319)) - Stopping IPC Server Responder
2019-09-26 16:01:07,566 [main] INFO  server.SCMClientProtocolServer (SCMClientProtocolServer.java:stop(159)) - Stopping the RPC server for Client Protocol
2019-09-26 16:01:07,567 [main] INFO  ipc.Server (Server.java:stop(3082)) - Stopping server on 39011
2019-09-26 16:01:07,570 [IPC Server listener on 39011] INFO  ipc.Server (Server.java:run(1185)) - Stopping IPC Server listener on 39011
2019-09-26 16:01:07,570 [IPC Server Responder] INFO  ipc.Server (Server.java:run(1319)) - Stopping IPC Server Responder
2019-09-26 16:01:07,570 [main] INFO  server.StorageContainerManager (StorageContainerManager.java:stop(844)) - Stopping Storage Container Manager HTTP server.
2019-09-26 16:01:07,571 [main] INFO  handler.ContextHandler (ContextHandler.java:doStop(910)) - Stopped o.e.j.w.WebAppContext@3591009c{/,null,UNAVAILABLE}{/scm}
2019-09-26 16:01:07,572 [main] INFO  server.AbstractConnector (AbstractConnector.java:doStop(318)) - Stopped ServerConnector@2de366bb{HTTP/1.1,[http/1.1]}{0.0.0.0:0}
2019-09-26 16:01:07,573 [main] INFO  handler.ContextHandler (ContextHandler.java:doStop(910)) - Stopped o.e.j.s.ServletContextHandler@64ba3208{/static,file:///workdir/hadoop-ozone/integration-test/target/test-classes/webapps/static,UNAVAILABLE}
2019-09-26 16:01:07,574 [main] INFO  handler.ContextHandler (ContextHandler.java:doStop(910)) - Stopped o.e.j.s.ServletContextHandler@299321e2{/logs,file:///workdir/hadoop-ozone/integration-test/target/log,UNAVAILABLE}
2019-09-26 16:01:07,574 [main] INFO  server.StorageContainerManager (StorageContainerManager.java:stop(855)) - Stopping Block Manager Service.
2019-09-26 16:01:07,575 [main] INFO  utils.BackgroundService (BackgroundService.java:shutdown(148)) - Shutting down service SCMBlockDeletingService
2019-09-26 16:01:07,575 [main] INFO  utils.BackgroundService (BackgroundService.java:shutdown(148)) - Shutting down service SCMBlockDeletingService
2019-09-26 16:01:07,576 [main] INFO  server.StorageContainerManager (StorageContainerManager.java:stop(877)) - Stopping SCM Event Queue.
2019-09-26 16:01:07,586 [main] INFO  impl.MetricsSystemImpl (MetricsSystemImpl.java:stop(210)) - Stopping ratis metrics system...
2019-09-26 16:01:07,598 [prometheus] INFO  impl.MetricsSinkAdapter (MetricsSinkAdapter.java:publishMetricsFromQueue(141)) - prometheus thread interrupted.
2019-09-26 16:01:07,598 [main] INFO  impl.MetricsSystemImpl (MetricsSystemImpl.java:stop(216)) - ratis metrics system stopped.
]]></system-out>
    <system-err><![CDATA[ERROR StatusLogger No Log4j 2 configuration file found. Using default configuration (logging only errors to the console), or user programmatically provided configurations. Set system property 'log4j2.debug' to show Log4j 2 internal initialization logging. See https://logging.apache.org/log4j/2.x/manual/configuration.html for instructions on how to configure Log4j 2
Sep 26, 2019 4:00:52 PM org.apache.ratis.thirdparty.io.grpc.internal.SerializingExecutor run
SEVERE: Exception while executing runnable org.apache.ratis.thirdparty.io.grpc.internal.ServerImpl$JumpToApplicationThreadServerStreamListener$1Closed@6d27e877
org.apache.ratis.thirdparty.io.grpc.StatusRuntimeException: CANCELLED: call already cancelled
	at org.apache.ratis.thirdparty.io.grpc.Status.asRuntimeException(Status.java:517)
	at org.apache.ratis.thirdparty.io.grpc.stub.ServerCalls$ServerCallStreamObserverImpl.onCompleted(ServerCalls.java:356)
	at org.apache.ratis.grpc.server.GrpcServerProtocolService$ServerRequestStreamObserver.onError(GrpcServerProtocolService.java:121)
	at org.apache.ratis.thirdparty.io.grpc.stub.ServerCalls$StreamingServerCallHandler$StreamingServerCallListener.onCancel(ServerCalls.java:269)
	at org.apache.ratis.thirdparty.io.grpc.internal.ServerCallImpl$ServerStreamListenerImpl.closed(ServerCallImpl.java:293)
	at org.apache.ratis.thirdparty.io.grpc.internal.ServerImpl$JumpToApplicationThreadServerStreamListener$1Closed.runInContext(ServerImpl.java:741)
	at org.apache.ratis.thirdparty.io.grpc.internal.ContextRunnable.run(ContextRunnable.java:37)
	at org.apache.ratis.thirdparty.io.grpc.internal.SerializingExecutor.run(SerializingExecutor.java:123)
	at java.util.concurrent.ThreadPoolExecutor.runWorker(ThreadPoolExecutor.java:1149)
	at java.util.concurrent.ThreadPoolExecutor$Worker.run(ThreadPoolExecutor.java:624)
	at java.lang.Thread.run(Thread.java:748)

]]></system-err>
  </testcase>
</testsuite>