<?xml version="1.0" encoding="UTF-8"?>
<testsuite xmlns:xsi="http://www.w3.org/2001/XMLSchema-instance" xsi:noNamespaceSchemaLocation="https://maven.apache.org/surefire/maven-surefire-plugin/xsd/surefire-test-report.xsd" name="org.apache.hadoop.ozone.client.rpc.TestSecureOzoneRpcClient" time="147.492" tests="1" errors="1" skipped="0" failures="0">
  <properties>
    <property name="awt.toolkit" value="sun.awt.X11.XToolkit"/>
    <property name="file.encoding.pkg" value="sun.io"/>
    <property name="java.specification.version" value="1.8"/>
    <property name="sun.cpu.isalist" value=""/>
    <property name="sun.jnu.encoding" value="UTF-8"/>
    <property name="java.class.path" value="/workdir/hadoop-ozone/integration-test/target/test-classes:/workdir/hadoop-ozone/integration-test/target/classes:/home/user/.m2/repository/org/apache/hadoop/hadoop-ozone-common/0.5.0-SNAPSHOT/hadoop-ozone-common-0.5.0-SNAPSHOT.jar:/home/user/.m2/repository/org/apache/commons/commons-compress/1.4.1/commons-compress-1.4.1.jar:/home/user/.m2/repository/org/tukaani/xz/1.0/xz-1.0.jar:/home/user/.m2/repository/org/apache/hadoop/hadoop-common/3.2.0/hadoop-common-3.2.0.jar:/home/user/.m2/repository/org/apache/hadoop/hadoop-hdfs/3.2.0/hadoop-hdfs-3.2.0.jar:/home/user/.m2/repository/org/apache/hadoop/hadoop-hdfs-client/3.2.0/hadoop-hdfs-client-3.2.0.jar:/home/user/.m2/repository/com/fasterxml/jackson/core/jackson-annotations/2.9.9/jackson-annotations-2.9.9.jar:/home/user/.m2/repository/org/apache/hadoop/hadoop-hdds-common/0.5.0-SNAPSHOT/hadoop-hdds-common-0.5.0-SNAPSHOT.jar:/home/user/.m2/repository/javax/annotation/javax.annotation-api/1.2/javax.annotation-api-1.2.jar:/home/user/.m2/repository/org/apache/ratis/ratis-server/0.4.0/ratis-server-0.4.0.jar:/home/user/.m2/repository/org/apache/ratis/ratis-thirdparty-misc/0.2.0/ratis-thirdparty-misc-0.2.0.jar:/home/user/.m2/repository/org/apache/ratis/ratis-proto/0.4.0/ratis-proto-0.4.0.jar:/home/user/.m2/repository/org/apache/ratis/ratis-common/0.4.0/ratis-common-0.4.0.jar:/home/user/.m2/repository/org/apache/ratis/ratis-client/0.4.0/ratis-client-0.4.0.jar:/home/user/.m2/repository/org/apache/ratis/ratis-metrics/0.4.0/ratis-metrics-0.4.0.jar:/home/user/.m2/repository/com/github/joshelser/dropwizard-metrics-hadoop-metrics2-reporter/0.1.2/dropwizard-metrics-hadoop-metrics2-reporter-0.1.2.jar:/home/user/.m2/repository/io/dropwizard/metrics/metrics-jvm/3.2.5/metrics-jvm-3.2.5.jar:/home/user/.m2/repository/io/dropwizard/metrics/metrics-ganglia/3.2.5/metrics-ganglia-3.2.5.jar:/home/user/.m2/repository/info/ganglia/gmetric4j/gmetric4j/1.0.7/gmetric4j-1.0.7.jar:/home/user/.m2/repository/org/apache/ratis/ratis-netty/0.4.0/ratis-netty-0.4.0.jar:/home/user/.m2/repository/org/apache/ratis/ratis-grpc/0.4.0/ratis-grpc-0.4.0.jar:/home/user/.m2/repository/org/rocksdb/rocksdbjni/6.0.1/rocksdbjni-6.0.1.jar:/home/user/.m2/repository/org/apache/logging/log4j/log4j-api/2.11.0/log4j-api-2.11.0.jar:/home/user/.m2/repository/org/apache/logging/log4j/log4j-core/2.11.0/log4j-core-2.11.0.jar:/home/user/.m2/repository/com/lmax/disruptor/3.4.2/disruptor-3.4.2.jar:/home/user/.m2/repository/org/apache/commons/commons-pool2/2.6.0/commons-pool2-2.6.0.jar:/home/user/.m2/repository/org/bouncycastle/bcpkix-jdk15on/1.60/bcpkix-jdk15on-1.60.jar:/home/user/.m2/repository/commons-validator/commons-validator/1.6/commons-validator-1.6.jar:/home/user/.m2/repository/commons-digester/commons-digester/1.8.1/commons-digester-1.8.1.jar:/home/user/.m2/repository/io/jaegertracing/jaeger-client/0.34.0/jaeger-client-0.34.0.jar:/home/user/.m2/repository/io/jaegertracing/jaeger-thrift/0.34.0/jaeger-thrift-0.34.0.jar:/home/user/.m2/repository/org/apache/thrift/libthrift/0.12.0/libthrift-0.12.0.jar:/home/user/.m2/repository/com/squareup/okhttp3/okhttp/3.9.0/okhttp-3.9.0.jar:/home/user/.m2/repository/com/squareup/okio/okio/1.13.0/okio-1.13.0.jar:/home/user/.m2/repository/io/jaegertracing/jaeger-core/0.34.0/jaeger-core-0.34.0.jar:/home/user/.m2/repository/io/jaegertracing/jaeger-tracerresolver/0.34.0/jaeger-tracerresolver-0.34.0.jar:/home/user/.m2/repository/io/opentracing/contrib/opentracing-tracerresolver/0.1.5/opentracing-tracerresolver-0.1.5.jar:/home/user/.m2/repository/io/opentracing/opentracing-util/0.31.0/opentracing-util-0.31.0.jar:/home/user/.m2/repository/io/opentracing/opentracing-api/0.31.0/opentracing-api-0.31.0.jar:/home/user/.m2/repository/io/opentracing/opentracing-noop/0.31.0/opentracing-noop-0.31.0.jar:/home/user/.m2/repository/org/apache/hadoop/hadoop-hdds-server-framework/0.5.0-SNAPSHOT/hadoop-hdds-server-framework-0.5.0-SNAPSHOT.jar:/home/user/.m2/repository/org/apache/hadoop/hadoop-hdds-container-service/0.5.0-SNAPSHOT/hadoop-hdds-container-service-0.5.0-SNAPSHOT.jar:/home/user/.m2/repository/org/apache/hadoop/hadoop-hdds-client/0.5.0-SNAPSHOT/hadoop-hdds-client-0.5.0-SNAPSHOT.jar:/home/user/.m2/repository/org/apache/hadoop/hadoop-hdds-tools/0.5.0-SNAPSHOT/hadoop-hdds-tools-0.5.0-SNAPSHOT.jar:/home/user/.m2/repository/org/apache/hadoop/hadoop-hdds-server-scm/0.5.0-SNAPSHOT/hadoop-hdds-server-scm-0.5.0-SNAPSHOT.jar:/home/user/.m2/repository/org/apache/hadoop/hadoop-hdds-docs/0.5.0-SNAPSHOT/hadoop-hdds-docs-0.5.0-SNAPSHOT.jar:/home/user/.m2/repository/io/dropwizard/metrics/metrics-core/3.2.4/metrics-core-3.2.4.jar:/home/user/.m2/repository/org/hamcrest/hamcrest-all/1.3/hamcrest-all-1.3.jar:/home/user/.m2/repository/org/bouncycastle/bcprov-jdk15on/1.60/bcprov-jdk15on-1.60.jar:/home/user/.m2/repository/info/picocli/picocli/3.9.6/picocli-3.9.6.jar:/home/user/.m2/repository/com/google/protobuf/protobuf-java/2.5.0/protobuf-java-2.5.0.jar:/home/user/.m2/repository/com/google/guava/guava/11.0.2/guava-11.0.2.jar:/home/user/.m2/repository/org/apache/hadoop/hadoop-ozone-ozone-manager/0.5.0-SNAPSHOT/hadoop-ozone-ozone-manager-0.5.0-SNAPSHOT.jar:/home/user/.m2/repository/org/apache/hadoop/hadoop-minikdc/3.2.0/hadoop-minikdc-3.2.0.jar:/home/user/.m2/repository/commons-io/commons-io/2.5/commons-io-2.5.jar:/home/user/.m2/repository/org/apache/kerby/kerb-simplekdc/1.0.1/kerb-simplekdc-1.0.1.jar:/home/user/.m2/repository/org/apache/kerby/kerb-client/1.0.1/kerb-client-1.0.1.jar:/home/user/.m2/repository/org/apache/kerby/kerby-config/1.0.1/kerby-config-1.0.1.jar:/home/user/.m2/repository/org/apache/kerby/kerb-core/1.0.1/kerb-core-1.0.1.jar:/home/user/.m2/repository/org/apache/kerby/kerby-pkix/1.0.1/kerby-pkix-1.0.1.jar:/home/user/.m2/repository/org/apache/kerby/kerby-asn1/1.0.1/kerby-asn1-1.0.1.jar:/home/user/.m2/repository/org/apache/kerby/kerby-util/1.0.1/kerby-util-1.0.1.jar:/home/user/.m2/repository/org/apache/kerby/kerb-common/1.0.1/kerb-common-1.0.1.jar:/home/user/.m2/repository/org/apache/kerby/kerb-crypto/1.0.1/kerb-crypto-1.0.1.jar:/home/user/.m2/repository/org/apache/kerby/kerb-util/1.0.1/kerb-util-1.0.1.jar:/home/user/.m2/repository/org/apache/kerby/token-provider/1.0.1/token-provider-1.0.1.jar:/home/user/.m2/repository/org/apache/kerby/kerb-admin/1.0.1/kerb-admin-1.0.1.jar:/home/user/.m2/repository/org/apache/kerby/kerb-server/1.0.1/kerb-server-1.0.1.jar:/home/user/.m2/repository/org/apache/kerby/kerb-identity/1.0.1/kerb-identity-1.0.1.jar:/home/user/.m2/repository/org/apache/kerby/kerby-xdr/1.0.1/kerby-xdr-1.0.1.jar:/home/user/.m2/repository/org/slf4j/slf4j-log4j12/1.7.25/slf4j-log4j12-1.7.25.jar:/home/user/.m2/repository/org/apache/hadoop/hadoop-ozone-s3gateway/0.5.0-SNAPSHOT/hadoop-ozone-s3gateway-0.5.0-SNAPSHOT.jar:/home/user/.m2/repository/org/jboss/weld/servlet/weld-servlet/2.4.7.Final/weld-servlet-2.4.7.Final.jar:/home/user/.m2/repository/org/glassfish/jersey/containers/jersey-container-servlet-core/2.27/jersey-container-servlet-core-2.27.jar:/home/user/.m2/repository/org/glassfish/hk2/external/javax.inject/2.5.0-b42/javax.inject-2.5.0-b42.jar:/home/user/.m2/repository/org/glassfish/jersey/core/jersey-common/2.27/jersey-common-2.27.jar:/home/user/.m2/repository/org/glassfish/hk2/osgi-resource-locator/1.0.1/osgi-resource-locator-1.0.1.jar:/home/user/.m2/repository/javax/ws/rs/javax.ws.rs-api/2.1/javax.ws.rs-api-2.1.jar:/home/user/.m2/repository/org/glassfish/jersey/ext/cdi/jersey-cdi1x/2.27/jersey-cdi1x-2.27.jar:/home/user/.m2/repository/org/glassfish/jersey/inject/jersey-hk2/2.27/jersey-hk2-2.27.jar:/home/user/.m2/repository/org/glassfish/hk2/hk2-locator/2.5.0-b42/hk2-locator-2.5.0-b42.jar:/home/user/.m2/repository/org/javassist/javassist/3.22.0-CR2/javassist-3.22.0-CR2.jar:/home/user/.m2/repository/org/glassfish/hk2/hk2-api/2.5.0/hk2-api-2.5.0.jar:/home/user/.m2/repository/org/glassfish/hk2/external/jakarta.inject/2.5.0/jakarta.inject-2.5.0.jar:/home/user/.m2/repository/org/glassfish/hk2/hk2-utils/2.5.0/hk2-utils-2.5.0.jar:/home/user/.m2/repository/jakarta/annotation/jakarta.annotation-api/1.3.4/jakarta.annotation-api-1.3.4.jar:/home/user/.m2/repository/org/glassfish/hk2/external/aopalliance-repackaged/2.5.0/aopalliance-repackaged-2.5.0.jar:/home/user/.m2/repository/com/fasterxml/jackson/dataformat/jackson-dataformat-xml/2.9.0/jackson-dataformat-xml-2.9.0.jar:/home/user/.m2/repository/com/fasterxml/jackson/core/jackson-core/2.9.9/jackson-core-2.9.9.jar:/home/user/.m2/repository/com/fasterxml/jackson/module/jackson-module-jaxb-annotations/2.9.9/jackson-module-jaxb-annotations-2.9.9.jar:/home/user/.m2/repository/javax/enterprise/cdi-api/1.2/cdi-api-1.2.jar:/home/user/.m2/repository/javax/el/javax.el-api/3.0.0/javax.el-api-3.0.0.jar:/home/user/.m2/repository/javax/interceptor/javax.interceptor-api/1.2/javax.interceptor-api-1.2.jar:/home/user/.m2/repository/javax/inject/javax.inject/1/javax.inject-1.jar:/home/user/.m2/repository/com/sun/xml/bind/jaxb-impl/2.3.0.1/jaxb-impl-2.3.0.1.jar:/home/user/.m2/repository/com/sun/xml/bind/jaxb-core/2.3.0.1/jaxb-core-2.3.0.1.jar:/home/user/.m2/repository/javax/xml/bind/jaxb-api/2.3.0/jaxb-api-2.3.0.jar:/home/user/.m2/repository/javax/activation/activation/1.1.1/activation-1.1.1.jar:/home/user/.m2/repository/org/apache/hadoop/hadoop-ozone-csi/0.5.0-SNAPSHOT/hadoop-ozone-csi-0.5.0-SNAPSHOT.jar:/home/user/.m2/repository/com/google/protobuf/protobuf-java-util/3.5.1/protobuf-java-util-3.5.1.jar:/home/user/.m2/repository/org/apache/hadoop/hadoop-hdds-config/0.5.0-SNAPSHOT/hadoop-hdds-config-0.5.0-SNAPSHOT.jar:/home/user/.m2/repository/io/grpc/grpc-netty/1.17.1/grpc-netty-1.17.1.jar:/home/user/.m2/repository/io/grpc/grpc-core/1.17.1/grpc-core-1.17.1.jar:/home/user/.m2/repository/io/grpc/grpc-context/1.17.1/grpc-context-1.17.1.jar:/home/user/.m2/repository/com/google/errorprone/error_prone_annotations/2.2.0/error_prone_annotations-2.2.0.jar:/home/user/.m2/repository/org/codehaus/mojo/animal-sniffer-annotations/1.17/animal-sniffer-annotations-1.17.jar:/home/user/.m2/repository/io/opencensus/opencensus-api/0.17.0/opencensus-api-0.17.0.jar:/home/user/.m2/repository/io/opencensus/opencensus-contrib-grpc-metrics/0.17.0/opencensus-contrib-grpc-metrics-0.17.0.jar:/home/user/.m2/repository/io/netty/netty-codec-http2/4.1.30.Final/netty-codec-http2-4.1.30.Final.jar:/home/user/.m2/repository/io/netty/netty-codec-http/4.1.30.Final/netty-codec-http-4.1.30.Final.jar:/home/user/.m2/repository/io/netty/netty-codec/4.1.30.Final/netty-codec-4.1.30.Final.jar:/home/user/.m2/repository/io/netty/netty-handler/4.1.30.Final/netty-handler-4.1.30.Final.jar:/home/user/.m2/repository/io/netty/netty-handler-proxy/4.1.30.Final/netty-handler-proxy-4.1.30.Final.jar:/home/user/.m2/repository/io/netty/netty-codec-socks/4.1.30.Final/netty-codec-socks-4.1.30.Final.jar:/home/user/.m2/repository/io/netty/netty-transport-native-epoll/4.1.30.Final/netty-transport-native-epoll-4.1.30.Final.jar:/home/user/.m2/repository/io/netty/netty-common/4.1.30.Final/netty-common-4.1.30.Final.jar:/home/user/.m2/repository/io/netty/netty-buffer/4.1.30.Final/netty-buffer-4.1.30.Final.jar:/home/user/.m2/repository/io/netty/netty-transport/4.1.30.Final/netty-transport-4.1.30.Final.jar:/home/user/.m2/repository/io/netty/netty-resolver/4.1.30.Final/netty-resolver-4.1.30.Final.jar:/home/user/.m2/repository/io/netty/netty-transport-native-unix-common/4.1.30.Final/netty-transport-native-unix-common-4.1.30.Final.jar:/home/user/.m2/repository/io/grpc/grpc-protobuf/1.17.1/grpc-protobuf-1.17.1.jar:/home/user/.m2/repository/com/google/api/grpc/proto-google-common-protos/1.0.0/proto-google-common-protos-1.0.0.jar:/home/user/.m2/repository/io/grpc/grpc-protobuf-lite/1.17.1/grpc-protobuf-lite-1.17.1.jar:/home/user/.m2/repository/io/grpc/grpc-stub/1.17.1/grpc-stub-1.17.1.jar:/home/user/.m2/repository/org/apache/hadoop/hadoop-ozone-recon/0.5.0-SNAPSHOT/hadoop-ozone-recon-0.5.0-SNAPSHOT.jar:/home/user/.m2/repository/org/apache/hadoop/hadoop-ozone-reconcodegen/0.5.0-SNAPSHOT/hadoop-ozone-reconcodegen-0.5.0-SNAPSHOT.jar:/home/user/.m2/repository/com/google/inject/extensions/guice-multibindings/4.0/guice-multibindings-4.0.jar:/home/user/.m2/repository/com/google/inject/guice/4.0/guice-4.0.jar:/home/user/.m2/repository/aopalliance/aopalliance/1.0/aopalliance-1.0.jar:/home/user/.m2/repository/com/google/inject/extensions/guice-servlet/4.0/guice-servlet-4.0.jar:/home/user/.m2/repository/org/glassfish/jersey/containers/jersey-container-servlet/2.27/jersey-container-servlet-2.27.jar:/home/user/.m2/repository/org/glassfish/hk2/guice-bridge/2.5.0/guice-bridge-2.5.0.jar:/home/user/.m2/repository/org/glassfish/jersey/core/jersey-server/2.27/jersey-server-2.27.jar:/home/user/.m2/repository/org/glassfish/jersey/core/jersey-client/2.27/jersey-client-2.27.jar:/home/user/.m2/repository/org/glassfish/jersey/media/jersey-media-jaxb/2.27/jersey-media-jaxb-2.27.jar:/home/user/.m2/repository/javax/validation/validation-api/1.1.0.Final/validation-api-1.1.0.Final.jar:/home/user/.m2/repository/org/glassfish/jersey/media/jersey-media-json-jackson/2.27/jersey-media-json-jackson-2.27.jar:/home/user/.m2/repository/org/glassfish/jersey/ext/jersey-entity-filtering/2.27/jersey-entity-filtering-2.27.jar:/home/user/.m2/repository/com/google/inject/extensions/guice-assistedinject/4.0/guice-assistedinject-4.0.jar:/home/user/.m2/repository/org/jooq/jooq/3.11.10/jooq-3.11.10.jar:/home/user/.m2/repository/org/jooq/jooq-meta/3.11.10/jooq-meta-3.11.10.jar:/home/user/.m2/repository/org/jooq/jooq-codegen/3.11.10/jooq-codegen-3.11.10.jar:/home/user/.m2/repository/com/jolbox/bonecp/0.8.0.RELEASE/bonecp-0.8.0.RELEASE.jar:/home/user/.m2/repository/org/xerial/sqlite-jdbc/3.25.2/sqlite-jdbc-3.25.2.jar:/home/user/.m2/repository/org/springframework/spring-jdbc/5.1.3.RELEASE/spring-jdbc-5.1.3.RELEASE.jar:/home/user/.m2/repository/org/springframework/spring-beans/5.1.3.RELEASE/spring-beans-5.1.3.RELEASE.jar:/home/user/.m2/repository/org/springframework/spring-core/5.1.3.RELEASE/spring-core-5.1.3.RELEASE.jar:/home/user/.m2/repository/org/springframework/spring-jcl/5.1.3.RELEASE/spring-jcl-5.1.3.RELEASE.jar:/home/user/.m2/repository/org/springframework/spring-tx/5.1.3.RELEASE/spring-tx-5.1.3.RELEASE.jar:/home/user/.m2/repository/org/apache/hadoop/hadoop-ozone-client/0.5.0-SNAPSHOT/hadoop-ozone-client-0.5.0-SNAPSHOT.jar:/home/user/.m2/repository/commons-lang/commons-lang/2.6/commons-lang-2.6.jar:/home/user/.m2/repository/org/apache/hadoop/hadoop-ozone-ozone-manager/0.5.0-SNAPSHOT/hadoop-ozone-ozone-manager-0.5.0-SNAPSHOT-tests.jar:/home/user/.m2/repository/junit/junit/4.11/junit-4.11.jar:/home/user/.m2/repository/org/hamcrest/hamcrest-core/1.3/hamcrest-core-1.3.jar:/home/user/.m2/repository/org/openjdk/jmh/jmh-core/1.19/jmh-core-1.19.jar:/home/user/.m2/repository/net/sf/jopt-simple/jopt-simple/4.6/jopt-simple-4.6.jar:/home/user/.m2/repository/org/apache/commons/commons-math3/3.1.1/commons-math3-3.1.1.jar:/home/user/.m2/repository/org/openjdk/jmh/jmh-generator-annprocess/1.19/jmh-generator-annprocess-1.19.jar:/home/user/.m2/repository/org/mockito/mockito-all/1.8.5/mockito-all-1.8.5.jar:/home/user/.m2/repository/org/apache/hadoop/hadoop-kms/3.2.0/hadoop-kms-3.2.0.jar:/home/user/.m2/repository/org/apache/hadoop/hadoop-auth/3.2.0/hadoop-auth-3.2.0.jar:/home/user/.m2/repository/com/nimbusds/nimbus-jose-jwt/4.41.1/nimbus-jose-jwt-4.41.1.jar:/home/user/.m2/repository/com/github/stephenc/jcip/jcip-annotations/1.0-1/jcip-annotations-1.0-1.jar:/home/user/.m2/repository/net/minidev/json-smart/2.3/json-smart-2.3.jar:/home/user/.m2/repository/net/minidev/accessors-smart/1.2/accessors-smart-1.2.jar:/home/user/.m2/repository/org/ow2/asm/asm/5.0.4/asm-5.0.4.jar:/home/user/.m2/repository/org/apache/curator/curator-framework/2.12.0/curator-framework-2.12.0.jar:/home/user/.m2/repository/com/sun/jersey/jersey-core/1.19/jersey-core-1.19.jar:/home/user/.m2/repository/javax/ws/rs/jsr311-api/1.1.1/jsr311-api-1.1.1.jar:/home/user/.m2/repository/com/sun/jersey/jersey-server/1.19/jersey-server-1.19.jar:/home/user/.m2/repository/javax/servlet/javax.servlet-api/3.1.0/javax.servlet-api-3.1.0.jar:/home/user/.m2/repository/org/eclipse/jetty/jetty-server/9.3.25.v20180904/jetty-server-9.3.25.v20180904.jar:/home/user/.m2/repository/org/eclipse/jetty/jetty-http/9.3.25.v20180904/jetty-http-9.3.25.v20180904.jar:/home/user/.m2/repository/org/eclipse/jetty/jetty-io/9.3.25.v20180904/jetty-io-9.3.25.v20180904.jar:/home/user/.m2/repository/org/eclipse/jetty/jetty-webapp/9.3.25.v20180904/jetty-webapp-9.3.25.v20180904.jar:/home/user/.m2/repository/org/eclipse/jetty/jetty-xml/9.3.25.v20180904/jetty-xml-9.3.25.v20180904.jar:/home/user/.m2/repository/log4j/log4j/1.2.17/log4j-1.2.17.jar:/home/user/.m2/repository/org/slf4j/slf4j-api/1.7.25/slf4j-api-1.7.25.jar:/home/user/.m2/repository/org/slf4j/jul-to-slf4j/1.7.25/jul-to-slf4j-1.7.25.jar:/home/user/.m2/repository/org/eclipse/jetty/jetty-util/9.3.25.v20180904/jetty-util-9.3.25.v20180904.jar:/home/user/.m2/repository/com/fasterxml/jackson/core/jackson-databind/2.9.9/jackson-databind-2.9.9.jar:/home/user/.m2/repository/org/apache/hadoop/hadoop-kms/3.2.0/hadoop-kms-3.2.0-tests.jar:/home/user/.m2/repository/org/apache/hadoop/hadoop-hdds-server-scm/0.5.0-SNAPSHOT/hadoop-hdds-server-scm-0.5.0-SNAPSHOT-tests.jar:/home/user/.m2/repository/org/apache/hadoop/hadoop-hdds-container-service/0.5.0-SNAPSHOT/hadoop-hdds-container-service-0.5.0-SNAPSHOT-tests.jar:/home/user/.m2/repository/org/yaml/snakeyaml/1.16/snakeyaml-1.16.jar:/home/user/.m2/repository/org/apache/hadoop/hadoop-common/3.2.0/hadoop-common-3.2.0-tests.jar:/home/user/.m2/repository/org/apache/hadoop/hadoop-annotations/3.2.0/hadoop-annotations-3.2.0.jar:/usr/lib/jvm/java-1.8-openjdk/jre/../lib/tools.jar:/home/user/.m2/repository/commons-cli/commons-cli/1.2/commons-cli-1.2.jar:/home/user/.m2/repository/org/apache/httpcomponents/httpclient/4.5.2/httpclient-4.5.2.jar:/home/user/.m2/repository/org/apache/httpcomponents/httpcore/4.4.4/httpcore-4.4.4.jar:/home/user/.m2/repository/commons-codec/commons-codec/1.11/commons-codec-1.11.jar:/home/user/.m2/repository/commons-net/commons-net/3.6/commons-net-3.6.jar:/home/user/.m2/repository/commons-collections/commons-collections/3.2.2/commons-collections-3.2.2.jar:/home/user/.m2/repository/org/eclipse/jetty/jetty-servlet/9.3.25.v20180904/jetty-servlet-9.3.25.v20180904.jar:/home/user/.m2/repository/org/eclipse/jetty/jetty-security/9.3.25.v20180904/jetty-security-9.3.25.v20180904.jar:/home/user/.m2/repository/javax/servlet/jsp/jsp-api/2.1/jsp-api-2.1.jar:/home/user/.m2/repository/com/sun/jersey/jersey-servlet/1.19/jersey-servlet-1.19.jar:/home/user/.m2/repository/com/sun/jersey/jersey-json/1.19/jersey-json-1.19.jar:/home/user/.m2/repository/org/codehaus/jettison/jettison/1.1/jettison-1.1.jar:/home/user/.m2/repository/org/codehaus/jackson/jackson-core-asl/1.9.13/jackson-core-asl-1.9.13.jar:/home/user/.m2/repository/org/codehaus/jackson/jackson-mapper-asl/1.9.13/jackson-mapper-asl-1.9.13.jar:/home/user/.m2/repository/org/codehaus/jackson/jackson-jaxrs/1.9.13/jackson-jaxrs-1.9.13.jar:/home/user/.m2/repository/org/codehaus/jackson/jackson-xc/1.9.13/jackson-xc-1.9.13.jar:/home/user/.m2/repository/commons-logging/commons-logging/1.1.3/commons-logging-1.1.3.jar:/home/user/.m2/repository/commons-beanutils/commons-beanutils/1.9.4/commons-beanutils-1.9.4.jar:/home/user/.m2/repository/org/apache/commons/commons-configuration2/2.1.1/commons-configuration2-2.1.1.jar:/home/user/.m2/repository/org/apache/commons/commons-lang3/3.7/commons-lang3-3.7.jar:/home/user/.m2/repository/org/apache/commons/commons-text/1.4/commons-text-1.4.jar:/home/user/.m2/repository/org/apache/avro/avro/1.7.7/avro-1.7.7.jar:/home/user/.m2/repository/com/thoughtworks/paranamer/paranamer/2.3/paranamer-2.3.jar:/home/user/.m2/repository/org/xerial/snappy/snappy-java/1.0.5/snappy-java-1.0.5.jar:/home/user/.m2/repository/com/google/re2j/re2j/1.1/re2j-1.1.jar:/home/user/.m2/repository/com/google/code/gson/gson/2.2.4/gson-2.2.4.jar:/home/user/.m2/repository/com/jcraft/jsch/0.1.54/jsch-0.1.54.jar:/home/user/.m2/repository/org/apache/curator/curator-client/2.12.0/curator-client-2.12.0.jar:/home/user/.m2/repository/org/apache/curator/curator-recipes/2.12.0/curator-recipes-2.12.0.jar:/home/user/.m2/repository/com/google/code/findbugs/jsr305/3.0.0/jsr305-3.0.0.jar:/home/user/.m2/repository/org/apache/htrace/htrace-core4/4.1.0-incubating/htrace-core4-4.1.0-incubating.jar:/home/user/.m2/repository/org/apache/zookeeper/zookeeper/3.4.13/zookeeper-3.4.13.jar:/home/user/.m2/repository/jline/jline/0.9.94/jline-0.9.94.jar:/home/user/.m2/repository/org/apache/yetus/audience-annotations/0.5.0/audience-annotations-0.5.0.jar:/home/user/.m2/repository/org/codehaus/woodstox/stax2-api/3.1.4/stax2-api-3.1.4.jar:/home/user/.m2/repository/com/fasterxml/woodstox/woodstox-core/5.0.3/woodstox-core-5.0.3.jar:/home/user/.m2/repository/dnsjava/dnsjava/2.1.7/dnsjava-2.1.7.jar:/home/user/.m2/repository/org/apache/hadoop/hadoop-hdfs/3.2.0/hadoop-hdfs-3.2.0-tests.jar:/home/user/.m2/repository/org/eclipse/jetty/jetty-util-ajax/9.3.25.v20180904/jetty-util-ajax-9.3.25.v20180904.jar:/home/user/.m2/repository/commons-daemon/commons-daemon/1.0.13/commons-daemon-1.0.13.jar:/home/user/.m2/repository/io/netty/netty/3.10.5.Final/netty-3.10.5.Final.jar:/home/user/.m2/repository/io/netty/netty-all/4.0.52.Final/netty-all-4.0.52.Final.jar:/home/user/.m2/repository/org/fusesource/leveldbjni/leveldbjni-all/1.8/leveldbjni-all-1.8.jar:"/>
    <property name="java.vm.vendor" value="IcedTea"/>
    <property name="sun.arch.data.model" value="64"/>
    <property name="test.build.dir" value="/workdir/hadoop-ozone/integration-test/target/test-dir"/>
    <property name="test.cache.data" value=""/>
    <property name="java.vendor.url" value="https://icedtea.classpath.org"/>
    <property name="user.timezone" value=""/>
    <property name="java.vm.specification.version" value="1.8"/>
    <property name="os.name" value="Linux"/>
    <property name="test.build.data" value="/workdir/hadoop-ozone/integration-test/target/test-dir"/>
    <property name="user.country" value="US"/>
    <property name="sun.java.launcher" value="SUN_STANDARD"/>
    <property name="sun.boot.library.path" value="/usr/lib/jvm/java-1.8-openjdk/jre/lib/amd64"/>
    <property name="sun.java.command" value="/workdir/hadoop-ozone/integration-test/target/surefire/surefirebooter7747860938068448173.jar /workdir/hadoop-ozone/integration-test/target/surefire 2019-09-26T15-34-27_911-jvmRun1 surefire2566085940958132671tmp surefire_264006541555604684625tmp"/>
    <property name="test" value="!TestMiniChaosOzoneCluster"/>
    <property name="surefire.test.class.path" value="/workdir/hadoop-ozone/integration-test/target/test-classes:/workdir/hadoop-ozone/integration-test/target/classes:/home/user/.m2/repository/org/apache/hadoop/hadoop-ozone-common/0.5.0-SNAPSHOT/hadoop-ozone-common-0.5.0-SNAPSHOT.jar:/home/user/.m2/repository/org/apache/commons/commons-compress/1.4.1/commons-compress-1.4.1.jar:/home/user/.m2/repository/org/tukaani/xz/1.0/xz-1.0.jar:/home/user/.m2/repository/org/apache/hadoop/hadoop-common/3.2.0/hadoop-common-3.2.0.jar:/home/user/.m2/repository/org/apache/hadoop/hadoop-hdfs/3.2.0/hadoop-hdfs-3.2.0.jar:/home/user/.m2/repository/org/apache/hadoop/hadoop-hdfs-client/3.2.0/hadoop-hdfs-client-3.2.0.jar:/home/user/.m2/repository/com/fasterxml/jackson/core/jackson-annotations/2.9.9/jackson-annotations-2.9.9.jar:/home/user/.m2/repository/org/apache/hadoop/hadoop-hdds-common/0.5.0-SNAPSHOT/hadoop-hdds-common-0.5.0-SNAPSHOT.jar:/home/user/.m2/repository/javax/annotation/javax.annotation-api/1.2/javax.annotation-api-1.2.jar:/home/user/.m2/repository/org/apache/ratis/ratis-server/0.4.0/ratis-server-0.4.0.jar:/home/user/.m2/repository/org/apache/ratis/ratis-thirdparty-misc/0.2.0/ratis-thirdparty-misc-0.2.0.jar:/home/user/.m2/repository/org/apache/ratis/ratis-proto/0.4.0/ratis-proto-0.4.0.jar:/home/user/.m2/repository/org/apache/ratis/ratis-common/0.4.0/ratis-common-0.4.0.jar:/home/user/.m2/repository/org/apache/ratis/ratis-client/0.4.0/ratis-client-0.4.0.jar:/home/user/.m2/repository/org/apache/ratis/ratis-metrics/0.4.0/ratis-metrics-0.4.0.jar:/home/user/.m2/repository/com/github/joshelser/dropwizard-metrics-hadoop-metrics2-reporter/0.1.2/dropwizard-metrics-hadoop-metrics2-reporter-0.1.2.jar:/home/user/.m2/repository/io/dropwizard/metrics/metrics-jvm/3.2.5/metrics-jvm-3.2.5.jar:/home/user/.m2/repository/io/dropwizard/metrics/metrics-ganglia/3.2.5/metrics-ganglia-3.2.5.jar:/home/user/.m2/repository/info/ganglia/gmetric4j/gmetric4j/1.0.7/gmetric4j-1.0.7.jar:/home/user/.m2/repository/org/apache/ratis/ratis-netty/0.4.0/ratis-netty-0.4.0.jar:/home/user/.m2/repository/org/apache/ratis/ratis-grpc/0.4.0/ratis-grpc-0.4.0.jar:/home/user/.m2/repository/org/rocksdb/rocksdbjni/6.0.1/rocksdbjni-6.0.1.jar:/home/user/.m2/repository/org/apache/logging/log4j/log4j-api/2.11.0/log4j-api-2.11.0.jar:/home/user/.m2/repository/org/apache/logging/log4j/log4j-core/2.11.0/log4j-core-2.11.0.jar:/home/user/.m2/repository/com/lmax/disruptor/3.4.2/disruptor-3.4.2.jar:/home/user/.m2/repository/org/apache/commons/commons-pool2/2.6.0/commons-pool2-2.6.0.jar:/home/user/.m2/repository/org/bouncycastle/bcpkix-jdk15on/1.60/bcpkix-jdk15on-1.60.jar:/home/user/.m2/repository/commons-validator/commons-validator/1.6/commons-validator-1.6.jar:/home/user/.m2/repository/commons-digester/commons-digester/1.8.1/commons-digester-1.8.1.jar:/home/user/.m2/repository/io/jaegertracing/jaeger-client/0.34.0/jaeger-client-0.34.0.jar:/home/user/.m2/repository/io/jaegertracing/jaeger-thrift/0.34.0/jaeger-thrift-0.34.0.jar:/home/user/.m2/repository/org/apache/thrift/libthrift/0.12.0/libthrift-0.12.0.jar:/home/user/.m2/repository/com/squareup/okhttp3/okhttp/3.9.0/okhttp-3.9.0.jar:/home/user/.m2/repository/com/squareup/okio/okio/1.13.0/okio-1.13.0.jar:/home/user/.m2/repository/io/jaegertracing/jaeger-core/0.34.0/jaeger-core-0.34.0.jar:/home/user/.m2/repository/io/jaegertracing/jaeger-tracerresolver/0.34.0/jaeger-tracerresolver-0.34.0.jar:/home/user/.m2/repository/io/opentracing/contrib/opentracing-tracerresolver/0.1.5/opentracing-tracerresolver-0.1.5.jar:/home/user/.m2/repository/io/opentracing/opentracing-util/0.31.0/opentracing-util-0.31.0.jar:/home/user/.m2/repository/io/opentracing/opentracing-api/0.31.0/opentracing-api-0.31.0.jar:/home/user/.m2/repository/io/opentracing/opentracing-noop/0.31.0/opentracing-noop-0.31.0.jar:/home/user/.m2/repository/org/apache/hadoop/hadoop-hdds-server-framework/0.5.0-SNAPSHOT/hadoop-hdds-server-framework-0.5.0-SNAPSHOT.jar:/home/user/.m2/repository/org/apache/hadoop/hadoop-hdds-container-service/0.5.0-SNAPSHOT/hadoop-hdds-container-service-0.5.0-SNAPSHOT.jar:/home/user/.m2/repository/org/apache/hadoop/hadoop-hdds-client/0.5.0-SNAPSHOT/hadoop-hdds-client-0.5.0-SNAPSHOT.jar:/home/user/.m2/repository/org/apache/hadoop/hadoop-hdds-tools/0.5.0-SNAPSHOT/hadoop-hdds-tools-0.5.0-SNAPSHOT.jar:/home/user/.m2/repository/org/apache/hadoop/hadoop-hdds-server-scm/0.5.0-SNAPSHOT/hadoop-hdds-server-scm-0.5.0-SNAPSHOT.jar:/home/user/.m2/repository/org/apache/hadoop/hadoop-hdds-docs/0.5.0-SNAPSHOT/hadoop-hdds-docs-0.5.0-SNAPSHOT.jar:/home/user/.m2/repository/io/dropwizard/metrics/metrics-core/3.2.4/metrics-core-3.2.4.jar:/home/user/.m2/repository/org/hamcrest/hamcrest-all/1.3/hamcrest-all-1.3.jar:/home/user/.m2/repository/org/bouncycastle/bcprov-jdk15on/1.60/bcprov-jdk15on-1.60.jar:/home/user/.m2/repository/info/picocli/picocli/3.9.6/picocli-3.9.6.jar:/home/user/.m2/repository/com/google/protobuf/protobuf-java/2.5.0/protobuf-java-2.5.0.jar:/home/user/.m2/repository/com/google/guava/guava/11.0.2/guava-11.0.2.jar:/home/user/.m2/repository/org/apache/hadoop/hadoop-ozone-ozone-manager/0.5.0-SNAPSHOT/hadoop-ozone-ozone-manager-0.5.0-SNAPSHOT.jar:/home/user/.m2/repository/org/apache/hadoop/hadoop-minikdc/3.2.0/hadoop-minikdc-3.2.0.jar:/home/user/.m2/repository/commons-io/commons-io/2.5/commons-io-2.5.jar:/home/user/.m2/repository/org/apache/kerby/kerb-simplekdc/1.0.1/kerb-simplekdc-1.0.1.jar:/home/user/.m2/repository/org/apache/kerby/kerb-client/1.0.1/kerb-client-1.0.1.jar:/home/user/.m2/repository/org/apache/kerby/kerby-config/1.0.1/kerby-config-1.0.1.jar:/home/user/.m2/repository/org/apache/kerby/kerb-core/1.0.1/kerb-core-1.0.1.jar:/home/user/.m2/repository/org/apache/kerby/kerby-pkix/1.0.1/kerby-pkix-1.0.1.jar:/home/user/.m2/repository/org/apache/kerby/kerby-asn1/1.0.1/kerby-asn1-1.0.1.jar:/home/user/.m2/repository/org/apache/kerby/kerby-util/1.0.1/kerby-util-1.0.1.jar:/home/user/.m2/repository/org/apache/kerby/kerb-common/1.0.1/kerb-common-1.0.1.jar:/home/user/.m2/repository/org/apache/kerby/kerb-crypto/1.0.1/kerb-crypto-1.0.1.jar:/home/user/.m2/repository/org/apache/kerby/kerb-util/1.0.1/kerb-util-1.0.1.jar:/home/user/.m2/repository/org/apache/kerby/token-provider/1.0.1/token-provider-1.0.1.jar:/home/user/.m2/repository/org/apache/kerby/kerb-admin/1.0.1/kerb-admin-1.0.1.jar:/home/user/.m2/repository/org/apache/kerby/kerb-server/1.0.1/kerb-server-1.0.1.jar:/home/user/.m2/repository/org/apache/kerby/kerb-identity/1.0.1/kerb-identity-1.0.1.jar:/home/user/.m2/repository/org/apache/kerby/kerby-xdr/1.0.1/kerby-xdr-1.0.1.jar:/home/user/.m2/repository/org/slf4j/slf4j-log4j12/1.7.25/slf4j-log4j12-1.7.25.jar:/home/user/.m2/repository/org/apache/hadoop/hadoop-ozone-s3gateway/0.5.0-SNAPSHOT/hadoop-ozone-s3gateway-0.5.0-SNAPSHOT.jar:/home/user/.m2/repository/org/jboss/weld/servlet/weld-servlet/2.4.7.Final/weld-servlet-2.4.7.Final.jar:/home/user/.m2/repository/org/glassfish/jersey/containers/jersey-container-servlet-core/2.27/jersey-container-servlet-core-2.27.jar:/home/user/.m2/repository/org/glassfish/hk2/external/javax.inject/2.5.0-b42/javax.inject-2.5.0-b42.jar:/home/user/.m2/repository/org/glassfish/jersey/core/jersey-common/2.27/jersey-common-2.27.jar:/home/user/.m2/repository/org/glassfish/hk2/osgi-resource-locator/1.0.1/osgi-resource-locator-1.0.1.jar:/home/user/.m2/repository/javax/ws/rs/javax.ws.rs-api/2.1/javax.ws.rs-api-2.1.jar:/home/user/.m2/repository/org/glassfish/jersey/ext/cdi/jersey-cdi1x/2.27/jersey-cdi1x-2.27.jar:/home/user/.m2/repository/org/glassfish/jersey/inject/jersey-hk2/2.27/jersey-hk2-2.27.jar:/home/user/.m2/repository/org/glassfish/hk2/hk2-locator/2.5.0-b42/hk2-locator-2.5.0-b42.jar:/home/user/.m2/repository/org/javassist/javassist/3.22.0-CR2/javassist-3.22.0-CR2.jar:/home/user/.m2/repository/org/glassfish/hk2/hk2-api/2.5.0/hk2-api-2.5.0.jar:/home/user/.m2/repository/org/glassfish/hk2/external/jakarta.inject/2.5.0/jakarta.inject-2.5.0.jar:/home/user/.m2/repository/org/glassfish/hk2/hk2-utils/2.5.0/hk2-utils-2.5.0.jar:/home/user/.m2/repository/jakarta/annotation/jakarta.annotation-api/1.3.4/jakarta.annotation-api-1.3.4.jar:/home/user/.m2/repository/org/glassfish/hk2/external/aopalliance-repackaged/2.5.0/aopalliance-repackaged-2.5.0.jar:/home/user/.m2/repository/com/fasterxml/jackson/dataformat/jackson-dataformat-xml/2.9.0/jackson-dataformat-xml-2.9.0.jar:/home/user/.m2/repository/com/fasterxml/jackson/core/jackson-core/2.9.9/jackson-core-2.9.9.jar:/home/user/.m2/repository/com/fasterxml/jackson/module/jackson-module-jaxb-annotations/2.9.9/jackson-module-jaxb-annotations-2.9.9.jar:/home/user/.m2/repository/javax/enterprise/cdi-api/1.2/cdi-api-1.2.jar:/home/user/.m2/repository/javax/el/javax.el-api/3.0.0/javax.el-api-3.0.0.jar:/home/user/.m2/repository/javax/interceptor/javax.interceptor-api/1.2/javax.interceptor-api-1.2.jar:/home/user/.m2/repository/javax/inject/javax.inject/1/javax.inject-1.jar:/home/user/.m2/repository/com/sun/xml/bind/jaxb-impl/2.3.0.1/jaxb-impl-2.3.0.1.jar:/home/user/.m2/repository/com/sun/xml/bind/jaxb-core/2.3.0.1/jaxb-core-2.3.0.1.jar:/home/user/.m2/repository/javax/xml/bind/jaxb-api/2.3.0/jaxb-api-2.3.0.jar:/home/user/.m2/repository/javax/activation/activation/1.1.1/activation-1.1.1.jar:/home/user/.m2/repository/org/apache/hadoop/hadoop-ozone-csi/0.5.0-SNAPSHOT/hadoop-ozone-csi-0.5.0-SNAPSHOT.jar:/home/user/.m2/repository/com/google/protobuf/protobuf-java-util/3.5.1/protobuf-java-util-3.5.1.jar:/home/user/.m2/repository/org/apache/hadoop/hadoop-hdds-config/0.5.0-SNAPSHOT/hadoop-hdds-config-0.5.0-SNAPSHOT.jar:/home/user/.m2/repository/io/grpc/grpc-netty/1.17.1/grpc-netty-1.17.1.jar:/home/user/.m2/repository/io/grpc/grpc-core/1.17.1/grpc-core-1.17.1.jar:/home/user/.m2/repository/io/grpc/grpc-context/1.17.1/grpc-context-1.17.1.jar:/home/user/.m2/repository/com/google/errorprone/error_prone_annotations/2.2.0/error_prone_annotations-2.2.0.jar:/home/user/.m2/repository/org/codehaus/mojo/animal-sniffer-annotations/1.17/animal-sniffer-annotations-1.17.jar:/home/user/.m2/repository/io/opencensus/opencensus-api/0.17.0/opencensus-api-0.17.0.jar:/home/user/.m2/repository/io/opencensus/opencensus-contrib-grpc-metrics/0.17.0/opencensus-contrib-grpc-metrics-0.17.0.jar:/home/user/.m2/repository/io/netty/netty-codec-http2/4.1.30.Final/netty-codec-http2-4.1.30.Final.jar:/home/user/.m2/repository/io/netty/netty-codec-http/4.1.30.Final/netty-codec-http-4.1.30.Final.jar:/home/user/.m2/repository/io/netty/netty-codec/4.1.30.Final/netty-codec-4.1.30.Final.jar:/home/user/.m2/repository/io/netty/netty-handler/4.1.30.Final/netty-handler-4.1.30.Final.jar:/home/user/.m2/repository/io/netty/netty-handler-proxy/4.1.30.Final/netty-handler-proxy-4.1.30.Final.jar:/home/user/.m2/repository/io/netty/netty-codec-socks/4.1.30.Final/netty-codec-socks-4.1.30.Final.jar:/home/user/.m2/repository/io/netty/netty-transport-native-epoll/4.1.30.Final/netty-transport-native-epoll-4.1.30.Final.jar:/home/user/.m2/repository/io/netty/netty-common/4.1.30.Final/netty-common-4.1.30.Final.jar:/home/user/.m2/repository/io/netty/netty-buffer/4.1.30.Final/netty-buffer-4.1.30.Final.jar:/home/user/.m2/repository/io/netty/netty-transport/4.1.30.Final/netty-transport-4.1.30.Final.jar:/home/user/.m2/repository/io/netty/netty-resolver/4.1.30.Final/netty-resolver-4.1.30.Final.jar:/home/user/.m2/repository/io/netty/netty-transport-native-unix-common/4.1.30.Final/netty-transport-native-unix-common-4.1.30.Final.jar:/home/user/.m2/repository/io/grpc/grpc-protobuf/1.17.1/grpc-protobuf-1.17.1.jar:/home/user/.m2/repository/com/google/api/grpc/proto-google-common-protos/1.0.0/proto-google-common-protos-1.0.0.jar:/home/user/.m2/repository/io/grpc/grpc-protobuf-lite/1.17.1/grpc-protobuf-lite-1.17.1.jar:/home/user/.m2/repository/io/grpc/grpc-stub/1.17.1/grpc-stub-1.17.1.jar:/home/user/.m2/repository/org/apache/hadoop/hadoop-ozone-recon/0.5.0-SNAPSHOT/hadoop-ozone-recon-0.5.0-SNAPSHOT.jar:/home/user/.m2/repository/org/apache/hadoop/hadoop-ozone-reconcodegen/0.5.0-SNAPSHOT/hadoop-ozone-reconcodegen-0.5.0-SNAPSHOT.jar:/home/user/.m2/repository/com/google/inject/extensions/guice-multibindings/4.0/guice-multibindings-4.0.jar:/home/user/.m2/repository/com/google/inject/guice/4.0/guice-4.0.jar:/home/user/.m2/repository/aopalliance/aopalliance/1.0/aopalliance-1.0.jar:/home/user/.m2/repository/com/google/inject/extensions/guice-servlet/4.0/guice-servlet-4.0.jar:/home/user/.m2/repository/org/glassfish/jersey/containers/jersey-container-servlet/2.27/jersey-container-servlet-2.27.jar:/home/user/.m2/repository/org/glassfish/hk2/guice-bridge/2.5.0/guice-bridge-2.5.0.jar:/home/user/.m2/repository/org/glassfish/jersey/core/jersey-server/2.27/jersey-server-2.27.jar:/home/user/.m2/repository/org/glassfish/jersey/core/jersey-client/2.27/jersey-client-2.27.jar:/home/user/.m2/repository/org/glassfish/jersey/media/jersey-media-jaxb/2.27/jersey-media-jaxb-2.27.jar:/home/user/.m2/repository/javax/validation/validation-api/1.1.0.Final/validation-api-1.1.0.Final.jar:/home/user/.m2/repository/org/glassfish/jersey/media/jersey-media-json-jackson/2.27/jersey-media-json-jackson-2.27.jar:/home/user/.m2/repository/org/glassfish/jersey/ext/jersey-entity-filtering/2.27/jersey-entity-filtering-2.27.jar:/home/user/.m2/repository/com/google/inject/extensions/guice-assistedinject/4.0/guice-assistedinject-4.0.jar:/home/user/.m2/repository/org/jooq/jooq/3.11.10/jooq-3.11.10.jar:/home/user/.m2/repository/org/jooq/jooq-meta/3.11.10/jooq-meta-3.11.10.jar:/home/user/.m2/repository/org/jooq/jooq-codegen/3.11.10/jooq-codegen-3.11.10.jar:/home/user/.m2/repository/com/jolbox/bonecp/0.8.0.RELEASE/bonecp-0.8.0.RELEASE.jar:/home/user/.m2/repository/org/xerial/sqlite-jdbc/3.25.2/sqlite-jdbc-3.25.2.jar:/home/user/.m2/repository/org/springframework/spring-jdbc/5.1.3.RELEASE/spring-jdbc-5.1.3.RELEASE.jar:/home/user/.m2/repository/org/springframework/spring-beans/5.1.3.RELEASE/spring-beans-5.1.3.RELEASE.jar:/home/user/.m2/repository/org/springframework/spring-core/5.1.3.RELEASE/spring-core-5.1.3.RELEASE.jar:/home/user/.m2/repository/org/springframework/spring-jcl/5.1.3.RELEASE/spring-jcl-5.1.3.RELEASE.jar:/home/user/.m2/repository/org/springframework/spring-tx/5.1.3.RELEASE/spring-tx-5.1.3.RELEASE.jar:/home/user/.m2/repository/org/apache/hadoop/hadoop-ozone-client/0.5.0-SNAPSHOT/hadoop-ozone-client-0.5.0-SNAPSHOT.jar:/home/user/.m2/repository/commons-lang/commons-lang/2.6/commons-lang-2.6.jar:/home/user/.m2/repository/org/apache/hadoop/hadoop-ozone-ozone-manager/0.5.0-SNAPSHOT/hadoop-ozone-ozone-manager-0.5.0-SNAPSHOT-tests.jar:/home/user/.m2/repository/junit/junit/4.11/junit-4.11.jar:/home/user/.m2/repository/org/hamcrest/hamcrest-core/1.3/hamcrest-core-1.3.jar:/home/user/.m2/repository/org/openjdk/jmh/jmh-core/1.19/jmh-core-1.19.jar:/home/user/.m2/repository/net/sf/jopt-simple/jopt-simple/4.6/jopt-simple-4.6.jar:/home/user/.m2/repository/org/apache/commons/commons-math3/3.1.1/commons-math3-3.1.1.jar:/home/user/.m2/repository/org/openjdk/jmh/jmh-generator-annprocess/1.19/jmh-generator-annprocess-1.19.jar:/home/user/.m2/repository/org/mockito/mockito-all/1.8.5/mockito-all-1.8.5.jar:/home/user/.m2/repository/org/apache/hadoop/hadoop-kms/3.2.0/hadoop-kms-3.2.0.jar:/home/user/.m2/repository/org/apache/hadoop/hadoop-auth/3.2.0/hadoop-auth-3.2.0.jar:/home/user/.m2/repository/com/nimbusds/nimbus-jose-jwt/4.41.1/nimbus-jose-jwt-4.41.1.jar:/home/user/.m2/repository/com/github/stephenc/jcip/jcip-annotations/1.0-1/jcip-annotations-1.0-1.jar:/home/user/.m2/repository/net/minidev/json-smart/2.3/json-smart-2.3.jar:/home/user/.m2/repository/net/minidev/accessors-smart/1.2/accessors-smart-1.2.jar:/home/user/.m2/repository/org/ow2/asm/asm/5.0.4/asm-5.0.4.jar:/home/user/.m2/repository/org/apache/curator/curator-framework/2.12.0/curator-framework-2.12.0.jar:/home/user/.m2/repository/com/sun/jersey/jersey-core/1.19/jersey-core-1.19.jar:/home/user/.m2/repository/javax/ws/rs/jsr311-api/1.1.1/jsr311-api-1.1.1.jar:/home/user/.m2/repository/com/sun/jersey/jersey-server/1.19/jersey-server-1.19.jar:/home/user/.m2/repository/javax/servlet/javax.servlet-api/3.1.0/javax.servlet-api-3.1.0.jar:/home/user/.m2/repository/org/eclipse/jetty/jetty-server/9.3.25.v20180904/jetty-server-9.3.25.v20180904.jar:/home/user/.m2/repository/org/eclipse/jetty/jetty-http/9.3.25.v20180904/jetty-http-9.3.25.v20180904.jar:/home/user/.m2/repository/org/eclipse/jetty/jetty-io/9.3.25.v20180904/jetty-io-9.3.25.v20180904.jar:/home/user/.m2/repository/org/eclipse/jetty/jetty-webapp/9.3.25.v20180904/jetty-webapp-9.3.25.v20180904.jar:/home/user/.m2/repository/org/eclipse/jetty/jetty-xml/9.3.25.v20180904/jetty-xml-9.3.25.v20180904.jar:/home/user/.m2/repository/log4j/log4j/1.2.17/log4j-1.2.17.jar:/home/user/.m2/repository/org/slf4j/slf4j-api/1.7.25/slf4j-api-1.7.25.jar:/home/user/.m2/repository/org/slf4j/jul-to-slf4j/1.7.25/jul-to-slf4j-1.7.25.jar:/home/user/.m2/repository/org/eclipse/jetty/jetty-util/9.3.25.v20180904/jetty-util-9.3.25.v20180904.jar:/home/user/.m2/repository/com/fasterxml/jackson/core/jackson-databind/2.9.9/jackson-databind-2.9.9.jar:/home/user/.m2/repository/org/apache/hadoop/hadoop-kms/3.2.0/hadoop-kms-3.2.0-tests.jar:/home/user/.m2/repository/org/apache/hadoop/hadoop-hdds-server-scm/0.5.0-SNAPSHOT/hadoop-hdds-server-scm-0.5.0-SNAPSHOT-tests.jar:/home/user/.m2/repository/org/apache/hadoop/hadoop-hdds-container-service/0.5.0-SNAPSHOT/hadoop-hdds-container-service-0.5.0-SNAPSHOT-tests.jar:/home/user/.m2/repository/org/yaml/snakeyaml/1.16/snakeyaml-1.16.jar:/home/user/.m2/repository/org/apache/hadoop/hadoop-common/3.2.0/hadoop-common-3.2.0-tests.jar:/home/user/.m2/repository/org/apache/hadoop/hadoop-annotations/3.2.0/hadoop-annotations-3.2.0.jar:/usr/lib/jvm/java-1.8-openjdk/jre/../lib/tools.jar:/home/user/.m2/repository/commons-cli/commons-cli/1.2/commons-cli-1.2.jar:/home/user/.m2/repository/org/apache/httpcomponents/httpclient/4.5.2/httpclient-4.5.2.jar:/home/user/.m2/repository/org/apache/httpcomponents/httpcore/4.4.4/httpcore-4.4.4.jar:/home/user/.m2/repository/commons-codec/commons-codec/1.11/commons-codec-1.11.jar:/home/user/.m2/repository/commons-net/commons-net/3.6/commons-net-3.6.jar:/home/user/.m2/repository/commons-collections/commons-collections/3.2.2/commons-collections-3.2.2.jar:/home/user/.m2/repository/org/eclipse/jetty/jetty-servlet/9.3.25.v20180904/jetty-servlet-9.3.25.v20180904.jar:/home/user/.m2/repository/org/eclipse/jetty/jetty-security/9.3.25.v20180904/jetty-security-9.3.25.v20180904.jar:/home/user/.m2/repository/javax/servlet/jsp/jsp-api/2.1/jsp-api-2.1.jar:/home/user/.m2/repository/com/sun/jersey/jersey-servlet/1.19/jersey-servlet-1.19.jar:/home/user/.m2/repository/com/sun/jersey/jersey-json/1.19/jersey-json-1.19.jar:/home/user/.m2/repository/org/codehaus/jettison/jettison/1.1/jettison-1.1.jar:/home/user/.m2/repository/org/codehaus/jackson/jackson-core-asl/1.9.13/jackson-core-asl-1.9.13.jar:/home/user/.m2/repository/org/codehaus/jackson/jackson-mapper-asl/1.9.13/jackson-mapper-asl-1.9.13.jar:/home/user/.m2/repository/org/codehaus/jackson/jackson-jaxrs/1.9.13/jackson-jaxrs-1.9.13.jar:/home/user/.m2/repository/org/codehaus/jackson/jackson-xc/1.9.13/jackson-xc-1.9.13.jar:/home/user/.m2/repository/commons-logging/commons-logging/1.1.3/commons-logging-1.1.3.jar:/home/user/.m2/repository/commons-beanutils/commons-beanutils/1.9.4/commons-beanutils-1.9.4.jar:/home/user/.m2/repository/org/apache/commons/commons-configuration2/2.1.1/commons-configuration2-2.1.1.jar:/home/user/.m2/repository/org/apache/commons/commons-lang3/3.7/commons-lang3-3.7.jar:/home/user/.m2/repository/org/apache/commons/commons-text/1.4/commons-text-1.4.jar:/home/user/.m2/repository/org/apache/avro/avro/1.7.7/avro-1.7.7.jar:/home/user/.m2/repository/com/thoughtworks/paranamer/paranamer/2.3/paranamer-2.3.jar:/home/user/.m2/repository/org/xerial/snappy/snappy-java/1.0.5/snappy-java-1.0.5.jar:/home/user/.m2/repository/com/google/re2j/re2j/1.1/re2j-1.1.jar:/home/user/.m2/repository/com/google/code/gson/gson/2.2.4/gson-2.2.4.jar:/home/user/.m2/repository/com/jcraft/jsch/0.1.54/jsch-0.1.54.jar:/home/user/.m2/repository/org/apache/curator/curator-client/2.12.0/curator-client-2.12.0.jar:/home/user/.m2/repository/org/apache/curator/curator-recipes/2.12.0/curator-recipes-2.12.0.jar:/home/user/.m2/repository/com/google/code/findbugs/jsr305/3.0.0/jsr305-3.0.0.jar:/home/user/.m2/repository/org/apache/htrace/htrace-core4/4.1.0-incubating/htrace-core4-4.1.0-incubating.jar:/home/user/.m2/repository/org/apache/zookeeper/zookeeper/3.4.13/zookeeper-3.4.13.jar:/home/user/.m2/repository/jline/jline/0.9.94/jline-0.9.94.jar:/home/user/.m2/repository/org/apache/yetus/audience-annotations/0.5.0/audience-annotations-0.5.0.jar:/home/user/.m2/repository/org/codehaus/woodstox/stax2-api/3.1.4/stax2-api-3.1.4.jar:/home/user/.m2/repository/com/fasterxml/woodstox/woodstox-core/5.0.3/woodstox-core-5.0.3.jar:/home/user/.m2/repository/dnsjava/dnsjava/2.1.7/dnsjava-2.1.7.jar:/home/user/.m2/repository/org/apache/hadoop/hadoop-hdfs/3.2.0/hadoop-hdfs-3.2.0-tests.jar:/home/user/.m2/repository/org/eclipse/jetty/jetty-util-ajax/9.3.25.v20180904/jetty-util-ajax-9.3.25.v20180904.jar:/home/user/.m2/repository/commons-daemon/commons-daemon/1.0.13/commons-daemon-1.0.13.jar:/home/user/.m2/repository/io/netty/netty/3.10.5.Final/netty-3.10.5.Final.jar:/home/user/.m2/repository/io/netty/netty-all/4.0.52.Final/netty-all-4.0.52.Final.jar:/home/user/.m2/repository/org/fusesource/leveldbjni/leveldbjni-all/1.8/leveldbjni-all-1.8.jar:"/>
    <property name="sun.cpu.endian" value="little"/>
    <property name="user.home" value="/home/user"/>
    <property name="user.language" value="en"/>
    <property name="java.specification.vendor" value="Oracle Corporation"/>
    <property name="java.home" value="/usr/lib/jvm/java-1.8-openjdk/jre"/>
    <property name="java.security.krb5.conf" value="/workdir/hadoop-ozone/integration-test/target/test-classes/krb5.conf"/>
    <property name="basedir" value="/workdir/hadoop-ozone/integration-test"/>
    <property name="file.separator" value="/"/>
    <property name="line.separator" value="&#10;"/>
    <property name="java.vm.specification.vendor" value="Oracle Corporation"/>
    <property name="java.specification.name" value="Java Platform API Specification"/>
    <property name="java.awt.graphicsenv" value="sun.awt.X11GraphicsEnvironment"/>
    <property name="surefire.real.class.path" value="/workdir/hadoop-ozone/integration-test/target/surefire/surefirebooter7747860938068448173.jar"/>
    <property name="hadoop.log.dir" value="/workdir/hadoop-ozone/integration-test/target/log"/>
    <property name="sun.boot.class.path" value="/usr/lib/jvm/java-1.8-openjdk/jre/lib/resources.jar:/usr/lib/jvm/java-1.8-openjdk/jre/lib/rt.jar:/usr/lib/jvm/java-1.8-openjdk/jre/lib/sunrsasign.jar:/usr/lib/jvm/java-1.8-openjdk/jre/lib/jsse.jar:/usr/lib/jvm/java-1.8-openjdk/jre/lib/jce.jar:/usr/lib/jvm/java-1.8-openjdk/jre/lib/charsets.jar:/usr/lib/jvm/java-1.8-openjdk/jre/lib/jfr.jar:/usr/lib/jvm/java-1.8-openjdk/jre/classes"/>
    <property name="sun.management.compiler" value="HotSpot 64-Bit Tiered Compilers"/>
    <property name="java.runtime.version" value="1.8.0_212-b04"/>
    <property name="java.net.preferIPv4Stack" value="true"/>
    <property name="user.name" value="jenkins1000"/>
    <property name="path.separator" value=":"/>
    <property name="java.security.egd" value="file:///dev/urandom"/>
    <property name="os.version" value="3.10.0-957.12.2.el7.x86_64"/>
    <property name="java.endorsed.dirs" value="/usr/lib/jvm/java-1.8-openjdk/jre/lib/endorsed"/>
    <property name="java.runtime.name" value="OpenJDK Runtime Environment"/>
    <property name="file.encoding" value="UTF-8"/>
    <property name="java.vm.name" value="OpenJDK 64-Bit Server VM"/>
    <property name="test.build.webapps" value=""/>
    <property name="localRepository" value="/home/user/.m2/repository"/>
    <property name="java.vendor.url.bug" value="https://icedtea.classpath.org/bugzilla"/>
    <property name="java.io.tmpdir" value="/tmp"/>
    <property name="require.test.libhadoop" value=""/>
    <property name="java.version" value="1.8.0_212"/>
    <property name="user.dir" value="/workdir/hadoop-ozone/integration-test"/>
    <property name="os.arch" value="amd64"/>
    <property name="java.vm.specification.name" value="Java Virtual Machine Specification"/>
    <property name="test.build.classes" value="/workdir/hadoop-ozone/integration-test/target/test-classes"/>
    <property name="java.awt.printerjob" value="sun.print.PSPrinterJob"/>
    <property name="sun.os.patch.level" value="unknown"/>
    <property name="hadoop.tmp.dir" value="/workdir/hadoop-ozone/integration-test/target/tmp"/>
    <property name="java.library.path" value="/usr/lib/jvm/java-1.8-openjdk/jre/lib/amd64/server:/usr/lib/jvm/java-1.8-openjdk/jre/lib/amd64:/usr/lib/jvm/java-1.8-openjdk/jre/../lib/amd64:/workdir/hadoop-ozone/integration-test/target/native/target/usr/local/lib:/workdir/hadoop-ozone/integration-test/../../hadoop-common-project/hadoop-common/target/native/target/usr/local/lib:/usr/java/packages/lib/amd64:/usr/lib64:/lib64:/lib:/usr/lib"/>
    <property name="java.vm.info" value="mixed mode"/>
    <property name="java.vendor" value="IcedTea"/>
    <property name="java.vm.version" value="25.212-b04"/>
    <property name="java.ext.dirs" value="/usr/lib/jvm/java-1.8-openjdk/jre/lib/ext:/usr/java/packages/lib/ext"/>
    <property name="sun.io.unicode.encoding" value="UnicodeLittle"/>
    <property name="java.class.version" value="52.0"/>
  </properties>
  <testcase name="org.apache.hadoop.ozone.client.rpc.TestSecureOzoneRpcClient" classname="org.apache.hadoop.ozone.client.rpc.TestSecureOzoneRpcClient" time="147.491">
    <error message="Connection refused" type="java.net.ConnectException"><![CDATA[java.net.ConnectException: Connection refused
	at sun.nio.ch.SocketChannelImpl.checkConnect(Native Method)
	at sun.nio.ch.SocketChannelImpl.finishConnect(SocketChannelImpl.java:717)
	at org.apache.hadoop.net.SocketIOWithTimeout.connect(SocketIOWithTimeout.java:206)
	at org.apache.hadoop.net.NetUtils.connect(NetUtils.java:531)
	at org.apache.hadoop.ipc.Client$Connection.setupConnection(Client.java:690)
	at org.apache.hadoop.ipc.Client$Connection.setupIOstreams(Client.java:794)
	at org.apache.hadoop.ipc.Client$Connection.access$3700(Client.java:411)
	at org.apache.hadoop.ipc.Client.getConnection(Client.java:1572)
	at org.apache.hadoop.ipc.Client.call(Client.java:1403)
	at org.apache.hadoop.ipc.Client.call(Client.java:1367)
	at org.apache.hadoop.ipc.ProtobufRpcEngine$Invoker.invoke(ProtobufRpcEngine.java:228)
	at org.apache.hadoop.ipc.ProtobufRpcEngine$Invoker.invoke(ProtobufRpcEngine.java:116)
	at com.sun.proxy.$Proxy37.submitRequest(Unknown Source)
	at sun.reflect.NativeMethodAccessorImpl.invoke0(Native Method)
	at sun.reflect.NativeMethodAccessorImpl.invoke(NativeMethodAccessorImpl.java:62)
	at sun.reflect.DelegatingMethodAccessorImpl.invoke(DelegatingMethodAccessorImpl.java:43)
	at java.lang.reflect.Method.invoke(Method.java:498)
	at org.apache.hadoop.io.retry.RetryInvocationHandler.invokeMethod(RetryInvocationHandler.java:422)
	at org.apache.hadoop.io.retry.RetryInvocationHandler$Call.invokeMethod(RetryInvocationHandler.java:165)
	at org.apache.hadoop.io.retry.RetryInvocationHandler$Call.invoke(RetryInvocationHandler.java:157)
	at org.apache.hadoop.io.retry.RetryInvocationHandler$Call.invokeOnce(RetryInvocationHandler.java:95)
	at org.apache.hadoop.io.retry.RetryInvocationHandler.invoke(RetryInvocationHandler.java:359)
	at com.sun.proxy.$Proxy37.submitRequest(Unknown Source)
	at org.apache.hadoop.ozone.om.protocolPB.OzoneManagerProtocolClientSideTranslatorPB.submitRequest(OzoneManagerProtocolClientSideTranslatorPB.java:338)
	at org.apache.hadoop.ozone.om.protocolPB.OzoneManagerProtocolClientSideTranslatorPB.getServiceInfo(OzoneManagerProtocolClientSideTranslatorPB.java:1223)
	at sun.reflect.NativeMethodAccessorImpl.invoke0(Native Method)
	at sun.reflect.NativeMethodAccessorImpl.invoke(NativeMethodAccessorImpl.java:62)
	at sun.reflect.DelegatingMethodAccessorImpl.invoke(DelegatingMethodAccessorImpl.java:43)
	at java.lang.reflect.Method.invoke(Method.java:498)
	at org.apache.hadoop.hdds.tracing.TraceAllMethod.invoke(TraceAllMethod.java:66)
	at com.sun.proxy.$Proxy38.getServiceInfo(Unknown Source)
	at org.apache.hadoop.ozone.client.rpc.RpcClient.<init>(RpcClient.java:154)
	at org.apache.hadoop.ozone.client.OzoneClientFactory.getClientProtocol(OzoneClientFactory.java:256)
	at org.apache.hadoop.ozone.client.OzoneClientFactory.getClientProtocol(OzoneClientFactory.java:239)
	at org.apache.hadoop.ozone.client.OzoneClientFactory.getRpcClient(OzoneClientFactory.java:203)
	at org.apache.hadoop.ozone.client.rpc.TestSecureOzoneRpcClient.init(TestSecureOzoneRpcClient.java:118)
	at sun.reflect.NativeMethodAccessorImpl.invoke0(Native Method)
	at sun.reflect.NativeMethodAccessorImpl.invoke(NativeMethodAccessorImpl.java:62)
	at sun.reflect.DelegatingMethodAccessorImpl.invoke(DelegatingMethodAccessorImpl.java:43)
	at java.lang.reflect.Method.invoke(Method.java:498)
	at org.junit.runners.model.FrameworkMethod$1.runReflectiveCall(FrameworkMethod.java:47)
	at org.junit.internal.runners.model.ReflectiveCallable.run(ReflectiveCallable.java:12)
	at org.junit.runners.model.FrameworkMethod.invokeExplosively(FrameworkMethod.java:44)
	at org.junit.internal.runners.statements.RunBefores.evaluate(RunBefores.java:24)
	at org.junit.internal.runners.statements.RunAfters.evaluate(RunAfters.java:27)
	at org.junit.runners.ParentRunner.run(ParentRunner.java:309)
	at org.apache.maven.surefire.junit4.JUnit4Provider.execute(JUnit4Provider.java:365)
	at org.apache.maven.surefire.junit4.JUnit4Provider.executeWithRerun(JUnit4Provider.java:273)
	at org.apache.maven.surefire.junit4.JUnit4Provider.executeTestSet(JUnit4Provider.java:238)
	at org.apache.maven.surefire.junit4.JUnit4Provider.invoke(JUnit4Provider.java:159)
	at org.apache.maven.surefire.booter.ForkedBooter.invokeProviderInSameClassLoader(ForkedBooter.java:384)
	at org.apache.maven.surefire.booter.ForkedBooter.runSuitesInProcess(ForkedBooter.java:345)
	at org.apache.maven.surefire.booter.ForkedBooter.execute(ForkedBooter.java:126)
	at org.apache.maven.surefire.booter.ForkedBooter.main(ForkedBooter.java:418)
]]></error>
    <system-out><![CDATA[2019-09-26 15:54:12,996 [main] WARN  server.ServerUtils (ServerUtils.java:getScmDbDir(145)) - ozone.scm.db.dirs is not configured. We recommend adding this setting. Falling back to ozone.metadata.dirs instead.
2019-09-26 15:54:13,059 [main] WARN  server.ServerUtils (ServerUtils.java:getScmDbDir(145)) - ozone.scm.db.dirs is not configured. We recommend adding this setting. Falling back to ozone.metadata.dirs instead.
2019-09-26 15:54:13,062 [main] WARN  server.ServerUtils (ServerUtils.java:getScmDbDir(145)) - ozone.scm.db.dirs is not configured. We recommend adding this setting. Falling back to ozone.metadata.dirs instead.
2019-09-26 15:54:13,074 [main] INFO  util.log (Log.java:initialized(192)) - Logging initialized @2665ms
2019-09-26 15:54:13,158 [main] INFO  db.DBStoreBuilder (DBStoreBuilder.java:addTable(110)) - using custom profile for table: deletedBlocks
2019-09-26 15:54:13,158 [main] INFO  db.DBStoreBuilder (DBStoreBuilder.java:processTables(161)) - Using default column profile:DBProfile.DISK for Table:deletedBlocks
2019-09-26 15:54:13,158 [main] INFO  db.DBStoreBuilder (DBStoreBuilder.java:addTable(110)) - using custom profile for table: validCerts
2019-09-26 15:54:13,159 [main] INFO  db.DBStoreBuilder (DBStoreBuilder.java:processTables(161)) - Using default column profile:DBProfile.DISK for Table:validCerts
2019-09-26 15:54:13,159 [main] INFO  db.DBStoreBuilder (DBStoreBuilder.java:addTable(110)) - using custom profile for table: revokedCerts
2019-09-26 15:54:13,159 [main] INFO  db.DBStoreBuilder (DBStoreBuilder.java:processTables(161)) - Using default column profile:DBProfile.DISK for Table:revokedCerts
2019-09-26 15:54:13,169 [main] INFO  db.DBStoreBuilder (DBStoreBuilder.java:addTable(110)) - using custom profile for table: default
2019-09-26 15:54:13,169 [main] INFO  db.DBStoreBuilder (DBStoreBuilder.java:processTables(167)) - Using default column profile:DBProfile.DISK for Table:default
2019-09-26 15:54:13,170 [main] INFO  db.DBStoreBuilder (DBStoreBuilder.java:getDbProfile(198)) - Using default options. DBProfile.DISK
2019-09-26 15:54:13,436 [main] INFO  net.NodeSchemaLoader (NodeSchemaLoader.java:loadSchemaFromFile(125)) - Loading file from sun.misc.CompoundEnumeration@3f053c80
2019-09-26 15:54:13,439 [main] INFO  net.NodeSchemaLoader (NodeSchemaLoader.java:loadSchema(171)) - Loading network topology layer schema file
2019-09-26 15:54:13,509 [main] WARN  server.ServerUtils (ServerUtils.java:sanitizeUserArgs(70)) - ozone.scm.stale.node.interval value = 300000 is larger than max = 100000 based on the key value of ozone.scm.heartbeat.thread.interval, reset to the max value 100000.
2019-09-26 15:54:13,511 [main] WARN  server.ServerUtils (ServerUtils.java:sanitizeUserArgs(70)) - ozone.scm.stale.node.interval value = 300000 is larger than max = 100000 based on the key value of ozone.scm.heartbeat.thread.interval, reset to the max value 100000.
2019-09-26 15:54:13,513 [main] INFO  node.SCMNodeManager (SCMNodeManager.java:<init>(114)) - Entering startup safe mode.
2019-09-26 15:54:13,532 [main] INFO  algorithms.ContainerPlacementPolicyFactory (ContainerPlacementPolicyFactory.java:getPolicy(57)) - Create container placement policy of type org.apache.hadoop.hdds.scm.container.placement.algorithms.SCMContainerPlacementRandom
2019-09-26 15:54:13,546 [main] WARN  server.ServerUtils (ServerUtils.java:getScmDbDir(145)) - ozone.scm.db.dirs is not configured. We recommend adding this setting. Falling back to ozone.metadata.dirs instead.
2019-09-26 15:54:13,620 [main] INFO  pipeline.SCMPipelineManager (SCMPipelineManager.java:initializePipelineState(132)) - No pipeline exists in current db
2019-09-26 15:54:13,624 [main] WARN  server.ServerUtils (ServerUtils.java:getScmDbDir(145)) - ozone.scm.db.dirs is not configured. We recommend adding this setting. Falling back to ozone.metadata.dirs instead.
2019-09-26 15:54:13,740 [main] WARN  events.EventQueue (EventQueue.java:fireEvent(183)) - No event handler registered for event TypedEvent{payloadType=SafeModeStatus, name='SafeModeStatus'}
2019-09-26 15:54:13,840 [main] INFO  ipc.CallQueueManager (CallQueueManager.java:<init>(84)) - Using callQueue: class java.util.concurrent.LinkedBlockingQueue, queueCapacity: 2000, scheduler: class org.apache.hadoop.ipc.DefaultRpcScheduler, ipcBackoff: false.
2019-09-26 15:54:13,868 [Socket Reader #1 for port 40464] INFO  ipc.Server (Server.java:run(1074)) - Starting Socket Reader #1 for port 40464
2019-09-26 15:54:13,893 [main] INFO  ipc.CallQueueManager (CallQueueManager.java:<init>(84)) - Using callQueue: class java.util.concurrent.LinkedBlockingQueue, queueCapacity: 2000, scheduler: class org.apache.hadoop.ipc.DefaultRpcScheduler, ipcBackoff: false.
2019-09-26 15:54:13,894 [Socket Reader #1 for port 34438] INFO  ipc.Server (Server.java:run(1074)) - Starting Socket Reader #1 for port 34438
2019-09-26 15:54:13,901 [main] INFO  ipc.CallQueueManager (CallQueueManager.java:<init>(84)) - Using callQueue: class java.util.concurrent.LinkedBlockingQueue, queueCapacity: 2000, scheduler: class org.apache.hadoop.ipc.DefaultRpcScheduler, ipcBackoff: false.
2019-09-26 15:54:13,902 [Socket Reader #1 for port 46435] INFO  ipc.Server (Server.java:run(1074)) - Starting Socket Reader #1 for port 46435
2019-09-26 15:54:13,922 [main] INFO  hdfs.DFSUtil (DFSUtil.java:httpServerTemplateForNNAndJN(1641)) - Starting Web-server for scm at: http://0.0.0.0:0
2019-09-26 15:54:14,067 [main] INFO  server.AuthenticationFilter (AuthenticationFilter.java:constructSecretProvider(240)) - Unable to initialize FileSignerSecretProvider, falling back to use random secrets.
2019-09-26 15:54:14,075 [main] WARN  http.HttpRequestLog (HttpRequestLog.java:getRequestLog(97)) - Jetty request log can only be enabled using Log4j
2019-09-26 15:54:14,082 [main] INFO  http.HttpServer2 (HttpServer2.java:addGlobalFilter(975)) - Added global filter 'safety' (class=org.apache.hadoop.http.HttpServer2$QuotingInputFilter)
2019-09-26 15:54:14,085 [main] INFO  http.HttpServer2 (HttpServer2.java:addFilter(948)) - Added filter static_user_filter (class=org.apache.hadoop.http.lib.StaticUserWebFilter$StaticUserFilter) to context scm
2019-09-26 15:54:14,085 [main] INFO  http.HttpServer2 (HttpServer2.java:addFilter(958)) - Added filter static_user_filter (class=org.apache.hadoop.http.lib.StaticUserWebFilter$StaticUserFilter) to context static
2019-09-26 15:54:14,085 [main] INFO  http.HttpServer2 (HttpServer2.java:addFilter(958)) - Added filter static_user_filter (class=org.apache.hadoop.http.lib.StaticUserWebFilter$StaticUserFilter) to context logs
2019-09-26 15:54:14,115 [main] INFO  server.StorageContainerManager (StorageContainerManager.java:start(770)) - StorageContainerLocationProtocol RPC server is listening at /0.0.0.0:46435
2019-09-26 15:54:14,179 [main] WARN  impl.MetricsConfig (MetricsConfig.java:loadFirst(134)) - Cannot locate configuration: tried hadoop-metrics2-storagecontainermanager.properties,hadoop-metrics2.properties
2019-09-26 15:54:14,200 [main] INFO  impl.MetricsSystemImpl (MetricsSystemImpl.java:startTimer(374)) - Scheduled Metric snapshot period at 10 second(s).
2019-09-26 15:54:14,200 [main] INFO  impl.MetricsSystemImpl (MetricsSystemImpl.java:start(191)) - StorageContainerManager metrics system started
2019-09-26 15:54:14,271 [main] INFO  server.SCMClientProtocolServer (SCMClientProtocolServer.java:start(151)) - RPC server for Client  is listening at /0.0.0.0:46435
2019-09-26 15:54:14,272 [IPC Server Responder] INFO  ipc.Server (Server.java:run(1314)) - IPC Server Responder: starting
2019-09-26 15:54:14,273 [IPC Server listener on 46435] INFO  ipc.Server (Server.java:run(1153)) - IPC Server listener on 46435: starting
2019-09-26 15:54:14,275 [main] INFO  server.StorageContainerManager (StorageContainerManager.java:start(780)) - ScmBlockLocationProtocol RPC server is listening at /0.0.0.0:34438
2019-09-26 15:54:14,277 [main] INFO  server.SCMBlockProtocolServer (SCMBlockProtocolServer.java:start(146)) - RPC server for Block Protocol is listening at /0.0.0.0:34438
2019-09-26 15:54:14,278 [IPC Server Responder] INFO  ipc.Server (Server.java:run(1314)) - IPC Server Responder: starting
2019-09-26 15:54:14,278 [IPC Server listener on 34438] INFO  ipc.Server (Server.java:run(1153)) - IPC Server listener on 34438: starting
2019-09-26 15:54:14,281 [main] INFO  server.StorageContainerManager (StorageContainerManager.java:start(784)) - ScmDatanodeProtocl RPC server is listening at /0.0.0.0:40464
2019-09-26 15:54:14,281 [main] INFO  server.SCMDatanodeProtocolServer (SCMDatanodeProtocolServer.java:start(191)) - RPC server for DataNodes is listening at /0.0.0.0:40464
2019-09-26 15:54:14,282 [IPC Server Responder] INFO  ipc.Server (Server.java:run(1314)) - IPC Server Responder: starting
2019-09-26 15:54:14,282 [IPC Server listener on 40464] INFO  ipc.Server (Server.java:run(1153)) - IPC Server listener on 40464: starting
2019-09-26 15:54:14,289 [main] INFO  http.HttpServer2 (HttpServer2.java:bindListener(1191)) - Jetty bound to port 33785
2019-09-26 15:54:14,291 [main] INFO  server.Server (Server.java:doStart(351)) - jetty-9.3.25.v20180904, build timestamp: 2018-09-04T21:11:46Z, git hash: 3ce520221d0240229c862b122d2b06c12a625732
2019-09-26 15:54:14,336 [main] INFO  handler.ContextHandler (ContextHandler.java:doStart(781)) - Started o.e.j.s.ServletContextHandler@5987e932{/logs,file:///workdir/hadoop-ozone/integration-test/target/log,AVAILABLE}
2019-09-26 15:54:14,336 [main] INFO  handler.ContextHandler (ContextHandler.java:doStart(781)) - Started o.e.j.s.ServletContextHandler@5bbbdd4b{/static,file:///workdir/hadoop-ozone/integration-test/target/test-classes/webapps/static,AVAILABLE}
2019-09-26 15:54:14,369 [main] INFO  handler.ContextHandler (ContextHandler.java:doStart(781)) - Started o.e.j.w.WebAppContext@41477a6d{/,file:///workdir/hadoop-ozone/integration-test/target/test-classes/webapps/scm/,AVAILABLE}{/scm}
2019-09-26 15:54:14,375 [main] INFO  server.AbstractConnector (AbstractConnector.java:doStart(278)) - Started ServerConnector@45394b31{HTTP/1.1,[http/1.1]}{0.0.0.0:33785}
2019-09-26 15:54:14,376 [main] INFO  server.Server (Server.java:doStart(419)) - Started @3966ms
2019-09-26 15:54:14,378 [main] INFO  impl.MetricsSinkAdapter (MetricsSinkAdapter.java:start(204)) - Sink prometheus started
2019-09-26 15:54:14,378 [main] INFO  impl.MetricsSystemImpl (MetricsSystemImpl.java:registerSink(301)) - Registered sink prometheus
2019-09-26 15:54:14,379 [main] INFO  server.BaseHttpServer (BaseHttpServer.java:updateConnectorAddress(215)) - HTTP server of SCM is listening at http://0.0.0.0:33785
2019-09-26 15:54:14,388 [org.apache.hadoop.util.JvmPauseMonitor$Monitor@56781d96] INFO  util.JvmPauseMonitor (JvmPauseMonitor.java:run(188)) - Starting JVM pause monitor
2019-09-26 15:54:14,392 [main] WARN  server.ServerUtils (ServerUtils.java:getDBPath(222)) - ozone.om.db.dirs is not configured. We recommend adding this setting. Falling back to ozone.metadata.dirs instead.
2019-09-26 15:54:14,413 [main] INFO  ha.OMHANodeDetails (OMHANodeDetails.java:loadOMHAConfig(194)) - Configuration either no ozone.om.address set. Falling back to the default OM address /127.0.0.1:0
2019-09-26 15:54:14,413 [main] INFO  ha.OMHANodeDetails (OMHANodeDetails.java:getOMNodeDetails(224)) - OM Service ID is not set. Setting it to the default ID: omServiceIdDefault
2019-09-26 15:54:14,416 [main] WARN  server.ServerUtils (ServerUtils.java:getDBPath(222)) - ozone.om.db.dirs is not configured. We recommend adding this setting. Falling back to ozone.metadata.dirs instead.
2019-09-26 15:54:14,417 [main] WARN  server.ServerUtils (ServerUtils.java:getDBPath(222)) - ozone.om.db.dirs is not configured. We recommend adding this setting. Falling back to ozone.metadata.dirs instead.
2019-09-26 15:54:14,546 [main] WARN  server.ServerUtils (ServerUtils.java:getDBPath(222)) - ozone.om.db.dirs is not configured. We recommend adding this setting. Falling back to ozone.metadata.dirs instead.
2019-09-26 15:54:14,554 [main] INFO  db.DBStoreBuilder (DBStoreBuilder.java:addTable(110)) - using custom profile for table: userTable
2019-09-26 15:54:14,554 [main] INFO  db.DBStoreBuilder (DBStoreBuilder.java:processTables(161)) - Using default column profile:DBProfile.DISK for Table:userTable
2019-09-26 15:54:14,554 [main] INFO  db.DBStoreBuilder (DBStoreBuilder.java:addTable(110)) - using custom profile for table: volumeTable
2019-09-26 15:54:14,555 [main] INFO  db.DBStoreBuilder (DBStoreBuilder.java:processTables(161)) - Using default column profile:DBProfile.DISK for Table:volumeTable
2019-09-26 15:54:14,555 [main] INFO  db.DBStoreBuilder (DBStoreBuilder.java:addTable(110)) - using custom profile for table: bucketTable
2019-09-26 15:54:14,555 [main] INFO  db.DBStoreBuilder (DBStoreBuilder.java:processTables(161)) - Using default column profile:DBProfile.DISK for Table:bucketTable
2019-09-26 15:54:14,555 [main] INFO  db.DBStoreBuilder (DBStoreBuilder.java:addTable(110)) - using custom profile for table: keyTable
2019-09-26 15:54:14,555 [main] INFO  db.DBStoreBuilder (DBStoreBuilder.java:processTables(161)) - Using default column profile:DBProfile.DISK for Table:keyTable
2019-09-26 15:54:14,556 [main] INFO  db.DBStoreBuilder (DBStoreBuilder.java:addTable(110)) - using custom profile for table: deletedTable
2019-09-26 15:54:14,556 [main] INFO  db.DBStoreBuilder (DBStoreBuilder.java:processTables(161)) - Using default column profile:DBProfile.DISK for Table:deletedTable
2019-09-26 15:54:14,556 [main] INFO  db.DBStoreBuilder (DBStoreBuilder.java:addTable(110)) - using custom profile for table: openKeyTable
2019-09-26 15:54:14,556 [main] INFO  db.DBStoreBuilder (DBStoreBuilder.java:processTables(161)) - Using default column profile:DBProfile.DISK for Table:openKeyTable
2019-09-26 15:54:14,557 [main] INFO  db.DBStoreBuilder (DBStoreBuilder.java:addTable(110)) - using custom profile for table: s3Table
2019-09-26 15:54:14,557 [main] INFO  db.DBStoreBuilder (DBStoreBuilder.java:processTables(161)) - Using default column profile:DBProfile.DISK for Table:s3Table
2019-09-26 15:54:14,557 [main] INFO  db.DBStoreBuilder (DBStoreBuilder.java:addTable(110)) - using custom profile for table: multipartInfoTable
2019-09-26 15:54:14,557 [main] INFO  db.DBStoreBuilder (DBStoreBuilder.java:processTables(161)) - Using default column profile:DBProfile.DISK for Table:multipartInfoTable
2019-09-26 15:54:14,558 [main] INFO  db.DBStoreBuilder (DBStoreBuilder.java:addTable(110)) - using custom profile for table: dTokenTable
2019-09-26 15:54:14,558 [main] INFO  db.DBStoreBuilder (DBStoreBuilder.java:processTables(161)) - Using default column profile:DBProfile.DISK for Table:dTokenTable
2019-09-26 15:54:14,558 [main] INFO  db.DBStoreBuilder (DBStoreBuilder.java:addTable(110)) - using custom profile for table: s3SecretTable
2019-09-26 15:54:14,558 [main] INFO  db.DBStoreBuilder (DBStoreBuilder.java:processTables(161)) - Using default column profile:DBProfile.DISK for Table:s3SecretTable
2019-09-26 15:54:14,559 [main] INFO  db.DBStoreBuilder (DBStoreBuilder.java:addTable(110)) - using custom profile for table: prefixTable
2019-09-26 15:54:14,559 [main] INFO  db.DBStoreBuilder (DBStoreBuilder.java:processTables(161)) - Using default column profile:DBProfile.DISK for Table:prefixTable
2019-09-26 15:54:14,559 [main] INFO  db.DBStoreBuilder (DBStoreBuilder.java:addTable(110)) - using custom profile for table: default
2019-09-26 15:54:14,559 [main] INFO  db.DBStoreBuilder (DBStoreBuilder.java:processTables(167)) - Using default column profile:DBProfile.DISK for Table:default
2019-09-26 15:54:14,559 [main] INFO  db.DBStoreBuilder (DBStoreBuilder.java:getDbProfile(198)) - Using default options. DBProfile.DISK
2019-09-26 15:54:15,087 [main] INFO  ipc.CallQueueManager (CallQueueManager.java:<init>(84)) - Using callQueue: class java.util.concurrent.LinkedBlockingQueue, queueCapacity: 2000, scheduler: class org.apache.hadoop.ipc.DefaultRpcScheduler, ipcBackoff: false.
2019-09-26 15:54:15,088 [Socket Reader #1 for port 44956] INFO  ipc.Server (Server.java:run(1074)) - Starting Socket Reader #1 for port 44956
2019-09-26 15:54:15,110 [main] INFO  om.OzoneManager (OzoneManager.java:start(1069)) - OzoneManager RPC server is listening at localhost/127.0.0.1:44956
2019-09-26 15:54:15,110 [main] INFO  impl.MetricsSystemImpl (MetricsSystemImpl.java:init(158)) - OzoneManager metrics system started (again)
2019-09-26 15:54:15,121 [IPC Server listener on 44956] INFO  ipc.Server (Server.java:run(1153)) - IPC Server listener on 44956: starting
2019-09-26 15:54:15,121 [IPC Server Responder] INFO  ipc.Server (Server.java:run(1314)) - IPC Server Responder: starting
2019-09-26 15:54:15,132 [main] INFO  hdfs.DFSUtil (DFSUtil.java:httpServerTemplateForNNAndJN(1641)) - Starting Web-server for ozoneManager at: http://0.0.0.0:0
2019-09-26 15:54:15,135 [main] INFO  server.AuthenticationFilter (AuthenticationFilter.java:constructSecretProvider(240)) - Unable to initialize FileSignerSecretProvider, falling back to use random secrets.
2019-09-26 15:54:15,136 [main] WARN  http.HttpRequestLog (HttpRequestLog.java:getRequestLog(97)) - Jetty request log can only be enabled using Log4j
2019-09-26 15:54:15,140 [main] INFO  http.HttpServer2 (HttpServer2.java:addGlobalFilter(975)) - Added global filter 'safety' (class=org.apache.hadoop.http.HttpServer2$QuotingInputFilter)
2019-09-26 15:54:15,142 [main] INFO  http.HttpServer2 (HttpServer2.java:addFilter(948)) - Added filter static_user_filter (class=org.apache.hadoop.http.lib.StaticUserWebFilter$StaticUserFilter) to context ozoneManager
2019-09-26 15:54:15,142 [main] INFO  http.HttpServer2 (HttpServer2.java:addFilter(958)) - Added filter static_user_filter (class=org.apache.hadoop.http.lib.StaticUserWebFilter$StaticUserFilter) to context static
2019-09-26 15:54:15,142 [main] INFO  http.HttpServer2 (HttpServer2.java:addFilter(958)) - Added filter static_user_filter (class=org.apache.hadoop.http.lib.StaticUserWebFilter$StaticUserFilter) to context logs
2019-09-26 15:54:15,145 [main] INFO  http.HttpServer2 (HttpServer2.java:bindListener(1191)) - Jetty bound to port 41367
2019-09-26 15:54:15,146 [main] INFO  server.Server (Server.java:doStart(351)) - jetty-9.3.25.v20180904, build timestamp: 2018-09-04T21:11:46Z, git hash: 3ce520221d0240229c862b122d2b06c12a625732
2019-09-26 15:54:15,149 [main] INFO  handler.ContextHandler (ContextHandler.java:doStart(781)) - Started o.e.j.s.ServletContextHandler@185f7840{/logs,file:///workdir/hadoop-ozone/integration-test/target/log,AVAILABLE}
2019-09-26 15:54:15,150 [main] INFO  handler.ContextHandler (ContextHandler.java:doStart(781)) - Started o.e.j.s.ServletContextHandler@7e7f0f0a{/static,file:///workdir/hadoop-ozone/integration-test/target/test-classes/webapps/static,AVAILABLE}
2019-09-26 15:54:15,157 [main] INFO  handler.ContextHandler (ContextHandler.java:doStart(781)) - Started o.e.j.w.WebAppContext@55f8669d{/,file:///workdir/hadoop-ozone/integration-test/target/test-classes/webapps/ozoneManager/,AVAILABLE}{/ozoneManager}
2019-09-26 15:54:15,157 [main] INFO  server.AbstractConnector (AbstractConnector.java:doStart(278)) - Started ServerConnector@6be25526{HTTP/1.1,[http/1.1]}{0.0.0.0:41367}
2019-09-26 15:54:15,158 [main] INFO  server.Server (Server.java:doStart(419)) - Started @4749ms
2019-09-26 15:54:15,159 [main] WARN  impl.MetricsSystemImpl (MetricsSystemImpl.java:register(276)) - Sink prometheus already exists!
2019-09-26 15:54:15,161 [main] INFO  server.BaseHttpServer (BaseHttpServer.java:updateConnectorAddress(215)) - HTTP server of OZONEMANAGER is listening at http://0.0.0.0:41367
2019-09-26 15:54:15,438 [main] INFO  impl.MetricsSystemImpl (MetricsSystemImpl.java:init(158)) - HddsDatanode metrics system started (again)
2019-09-26 15:54:15,505 [main] INFO  ozone.HddsDatanodeService (HddsDatanodeService.java:start(184)) - HddsDatanodeService host:pr-hdds-2162-htzpk-1451759861 ip:192.168.157.234
2019-09-26 15:54:15,540 [main] INFO  volume.HddsVolume (HddsVolume.java:<init>(176)) - Creating Volume: /workdir/hadoop-ozone/integration-test/target/test-dir/MiniOzoneClusterImpl-b52dc576-3a90-4436-b01d-af36ccb82095/datanode-0/data/containers/hdds of  storage type : DISK and capacity : 1482555576320
2019-09-26 15:54:15,542 [main] INFO  volume.VolumeSet (VolumeSet.java:initializeVolumeSet(170)) - Added Volume : /workdir/hadoop-ozone/integration-test/target/test-dir/MiniOzoneClusterImpl-b52dc576-3a90-4436-b01d-af36ccb82095/datanode-0/data/containers/hdds to VolumeSet
2019-09-26 15:54:15,545 [main] INFO  volume.ThrottledAsyncChecker (ThrottledAsyncChecker.java:schedule(139)) - Scheduling a check for org.apache.hadoop.ozone.container.common.volume.HddsVolume@13f9ad9
2019-09-26 15:54:15,561 [main] INFO  volume.HddsVolumeChecker (HddsVolumeChecker.java:checkAllVolumes(202)) - Scheduled health check for volume org.apache.hadoop.ozone.container.common.volume.HddsVolume@13f9ad9
2019-09-26 15:54:15,710 [main] INFO  impl.RaftServerProxy (ConfUtils.java:logGet(43)) - raft.rpc.type = GRPC (default)
2019-09-26 15:54:15,813 [main] INFO  grpc.GrpcFactory (GrpcFactory.java:checkPooledByteBufAllocatorUseCacheForAllThreads(45)) - PERFORMANCE WARNING: useCacheForAllThreads is true that may cause Netty to create a lot garbage objects and, as a result, trigger GC.
	It is recommended to disable useCacheForAllThreads by setting -Dorg.apache.ratis.thirdparty.io.netty.allocator.useCacheForAllThreads=false in command line.
2019-09-26 15:54:15,819 [main] INFO  grpc.GrpcConfigKeys$Server (ConfUtils.java:logGet(43)) - raft.grpc.server.port = 0 (default)
2019-09-26 15:54:15,820 [main] INFO  server.GrpcService (ConfUtils.java:logGet(43)) - raft.grpc.message.size.max = 33570816 (custom)
2019-09-26 15:54:15,821 [main] INFO  server.RaftServerConfigKeys (ConfUtils.java:logGet(43)) - raft.server.log.appender.buffer.byte-limit = 33554432 (custom)
2019-09-26 15:54:15,822 [main] INFO  server.GrpcService (ConfUtils.java:logGet(43)) - raft.grpc.flow.control.window = 1MB (=1048576) (default)
2019-09-26 15:54:15,823 [main] INFO  server.RaftServerConfigKeys (ConfUtils.java:logGet(43)) - raft.server.rpc.request.timeout = 3000ms (default)
2019-09-26 15:54:16,011 [main] INFO  server.RaftServerConfigKeys (ConfUtils.java:logGet(43)) - raft.server.storage.dir = [/workdir/hadoop-ozone/integration-test/target/test-dir/MiniOzoneClusterImpl-b52dc576-3a90-4436-b01d-af36ccb82095/datanode-0/data/ratis] (custom)
2019-09-26 15:54:16,067 [main] INFO  hdfs.DFSUtil (DFSUtil.java:httpServerTemplateForNNAndJN(1641)) - Starting Web-server for hddsDatanode at: http://0.0.0.0:0
2019-09-26 15:54:16,070 [main] INFO  server.AuthenticationFilter (AuthenticationFilter.java:constructSecretProvider(240)) - Unable to initialize FileSignerSecretProvider, falling back to use random secrets.
2019-09-26 15:54:16,071 [main] WARN  http.HttpRequestLog (HttpRequestLog.java:getRequestLog(97)) - Jetty request log can only be enabled using Log4j
2019-09-26 15:54:16,073 [main] INFO  http.HttpServer2 (HttpServer2.java:addGlobalFilter(975)) - Added global filter 'safety' (class=org.apache.hadoop.http.HttpServer2$QuotingInputFilter)
2019-09-26 15:54:16,074 [main] INFO  http.HttpServer2 (HttpServer2.java:addFilter(948)) - Added filter static_user_filter (class=org.apache.hadoop.http.lib.StaticUserWebFilter$StaticUserFilter) to context hddsDatanode
2019-09-26 15:54:16,075 [main] INFO  http.HttpServer2 (HttpServer2.java:addFilter(958)) - Added filter static_user_filter (class=org.apache.hadoop.http.lib.StaticUserWebFilter$StaticUserFilter) to context logs
2019-09-26 15:54:16,075 [main] INFO  http.HttpServer2 (HttpServer2.java:addFilter(958)) - Added filter static_user_filter (class=org.apache.hadoop.http.lib.StaticUserWebFilter$StaticUserFilter) to context static
2019-09-26 15:54:16,077 [main] INFO  http.HttpServer2 (HttpServer2.java:bindListener(1191)) - Jetty bound to port 42568
2019-09-26 15:54:16,077 [main] INFO  server.Server (Server.java:doStart(351)) - jetty-9.3.25.v20180904, build timestamp: 2018-09-04T21:11:46Z, git hash: 3ce520221d0240229c862b122d2b06c12a625732
2019-09-26 15:54:16,081 [main] INFO  handler.ContextHandler (ContextHandler.java:doStart(781)) - Started o.e.j.s.ServletContextHandler@43af351a{/logs,file:///workdir/hadoop-ozone/integration-test/target/log,AVAILABLE}
2019-09-26 15:54:16,082 [main] INFO  handler.ContextHandler (ContextHandler.java:doStart(781)) - Started o.e.j.s.ServletContextHandler@72f9f27c{/static,jar:file:/home/user/.m2/repository/org/apache/hadoop/hadoop-hdds-container-service/0.5.0-SNAPSHOT/hadoop-hdds-container-service-0.5.0-SNAPSHOT.jar!/webapps/static,AVAILABLE}
2019-09-26 15:54:16,127 [main] INFO  handler.ContextHandler (ContextHandler.java:doStart(781)) - Started o.e.j.w.WebAppContext@56dfab87{/,file:///tmp/jetty-0.0.0.0-42568-hddsDatanode-_-any-1621842119824479886.dir/webapp/,AVAILABLE}{/hddsDatanode}
2019-09-26 15:54:16,129 [main] INFO  server.AbstractConnector (AbstractConnector.java:doStart(278)) - Started ServerConnector@715b886f{HTTP/1.1,[http/1.1]}{0.0.0.0:42568}
2019-09-26 15:54:16,131 [main] INFO  server.Server (Server.java:doStart(419)) - Started @5722ms
2019-09-26 15:54:16,131 [main] WARN  impl.MetricsSystemImpl (MetricsSystemImpl.java:register(276)) - Sink prometheus already exists!
2019-09-26 15:54:16,132 [main] INFO  server.BaseHttpServer (BaseHttpServer.java:updateConnectorAddress(215)) - HTTP server of HDDSDATANODE is listening at http://0.0.0.0:42568
2019-09-26 15:54:16,133 [main] INFO  impl.MetricsSystemImpl (MetricsSystemImpl.java:init(158)) - HddsDatanode metrics system started (again)
2019-09-26 15:54:16,137 [main] INFO  ozone.HddsDatanodeService (HddsDatanodeService.java:start(184)) - HddsDatanodeService host:pr-hdds-2162-htzpk-1451759861 ip:192.168.157.234
2019-09-26 15:54:16,140 [org.apache.hadoop.util.JvmPauseMonitor$Monitor@54ed101] INFO  util.JvmPauseMonitor (JvmPauseMonitor.java:run(188)) - Starting JVM pause monitor
2019-09-26 15:54:16,144 [main] INFO  volume.HddsVolume (HddsVolume.java:<init>(176)) - Creating Volume: /workdir/hadoop-ozone/integration-test/target/test-dir/MiniOzoneClusterImpl-b52dc576-3a90-4436-b01d-af36ccb82095/datanode-1/data/containers/hdds of  storage type : DISK and capacity : 1482555576320
2019-09-26 15:54:16,145 [main] INFO  volume.VolumeSet (VolumeSet.java:initializeVolumeSet(170)) - Added Volume : /workdir/hadoop-ozone/integration-test/target/test-dir/MiniOzoneClusterImpl-b52dc576-3a90-4436-b01d-af36ccb82095/datanode-1/data/containers/hdds to VolumeSet
2019-09-26 15:54:16,146 [main] INFO  volume.ThrottledAsyncChecker (ThrottledAsyncChecker.java:schedule(139)) - Scheduling a check for org.apache.hadoop.ozone.container.common.volume.HddsVolume@45acdd11
2019-09-26 15:54:16,147 [main] INFO  volume.HddsVolumeChecker (HddsVolumeChecker.java:checkAllVolumes(202)) - Scheduled health check for volume org.apache.hadoop.ozone.container.common.volume.HddsVolume@45acdd11
2019-09-26 15:54:16,163 [main] INFO  impl.RaftServerProxy (ConfUtils.java:logGet(43)) - raft.rpc.type = GRPC (default)
2019-09-26 15:54:16,163 [main] INFO  grpc.GrpcFactory (GrpcFactory.java:checkPooledByteBufAllocatorUseCacheForAllThreads(45)) - PERFORMANCE WARNING: useCacheForAllThreads is true that may cause Netty to create a lot garbage objects and, as a result, trigger GC.
	It is recommended to disable useCacheForAllThreads by setting -Dorg.apache.ratis.thirdparty.io.netty.allocator.useCacheForAllThreads=false in command line.
2019-09-26 15:54:16,163 [main] INFO  grpc.GrpcConfigKeys$Server (ConfUtils.java:logGet(43)) - raft.grpc.server.port = 0 (default)
2019-09-26 15:54:16,163 [main] INFO  server.GrpcService (ConfUtils.java:logGet(43)) - raft.grpc.message.size.max = 33570816 (custom)
2019-09-26 15:54:16,164 [main] INFO  server.RaftServerConfigKeys (ConfUtils.java:logGet(43)) - raft.server.log.appender.buffer.byte-limit = 33554432 (custom)
2019-09-26 15:54:16,164 [main] INFO  server.GrpcService (ConfUtils.java:logGet(43)) - raft.grpc.flow.control.window = 1MB (=1048576) (default)
2019-09-26 15:54:16,164 [main] INFO  server.RaftServerConfigKeys (ConfUtils.java:logGet(43)) - raft.server.rpc.request.timeout = 3000ms (default)
2019-09-26 15:54:16,165 [main] INFO  server.RaftServerConfigKeys (ConfUtils.java:logGet(43)) - raft.server.storage.dir = [/workdir/hadoop-ozone/integration-test/target/test-dir/MiniOzoneClusterImpl-b52dc576-3a90-4436-b01d-af36ccb82095/datanode-1/data/ratis] (custom)
2019-09-26 15:54:16,166 [main] INFO  hdfs.DFSUtil (DFSUtil.java:httpServerTemplateForNNAndJN(1641)) - Starting Web-server for hddsDatanode at: http://0.0.0.0:0
2019-09-26 15:54:16,168 [main] INFO  server.AuthenticationFilter (AuthenticationFilter.java:constructSecretProvider(240)) - Unable to initialize FileSignerSecretProvider, falling back to use random secrets.
2019-09-26 15:54:16,168 [main] WARN  http.HttpRequestLog (HttpRequestLog.java:getRequestLog(97)) - Jetty request log can only be enabled using Log4j
2019-09-26 15:54:16,169 [main] INFO  http.HttpServer2 (HttpServer2.java:addGlobalFilter(975)) - Added global filter 'safety' (class=org.apache.hadoop.http.HttpServer2$QuotingInputFilter)
2019-09-26 15:54:16,170 [main] INFO  http.HttpServer2 (HttpServer2.java:addFilter(948)) - Added filter static_user_filter (class=org.apache.hadoop.http.lib.StaticUserWebFilter$StaticUserFilter) to context hddsDatanode
2019-09-26 15:54:16,170 [main] INFO  http.HttpServer2 (HttpServer2.java:addFilter(958)) - Added filter static_user_filter (class=org.apache.hadoop.http.lib.StaticUserWebFilter$StaticUserFilter) to context logs
2019-09-26 15:54:16,170 [main] INFO  http.HttpServer2 (HttpServer2.java:addFilter(958)) - Added filter static_user_filter (class=org.apache.hadoop.http.lib.StaticUserWebFilter$StaticUserFilter) to context static
2019-09-26 15:54:16,171 [main] INFO  http.HttpServer2 (HttpServer2.java:bindListener(1191)) - Jetty bound to port 34723
2019-09-26 15:54:16,171 [main] INFO  server.Server (Server.java:doStart(351)) - jetty-9.3.25.v20180904, build timestamp: 2018-09-04T21:11:46Z, git hash: 3ce520221d0240229c862b122d2b06c12a625732
2019-09-26 15:54:16,176 [main] INFO  handler.ContextHandler (ContextHandler.java:doStart(781)) - Started o.e.j.s.ServletContextHandler@4228bf58{/logs,file:///workdir/hadoop-ozone/integration-test/target/log,AVAILABLE}
2019-09-26 15:54:16,176 [main] INFO  handler.ContextHandler (ContextHandler.java:doStart(781)) - Started o.e.j.s.ServletContextHandler@20b9d5d5{/static,jar:file:/home/user/.m2/repository/org/apache/hadoop/hadoop-hdds-container-service/0.5.0-SNAPSHOT/hadoop-hdds-container-service-0.5.0-SNAPSHOT.jar!/webapps/static,AVAILABLE}
2019-09-26 15:54:16,205 [main] INFO  handler.ContextHandler (ContextHandler.java:doStart(781)) - Started o.e.j.w.WebAppContext@5ea4300e{/,file:///tmp/jetty-0.0.0.0-34723-hddsDatanode-_-any-3610410866262541245.dir/webapp/,AVAILABLE}{/hddsDatanode}
2019-09-26 15:54:16,206 [main] INFO  server.AbstractConnector (AbstractConnector.java:doStart(278)) - Started ServerConnector@5a1c3cb4{HTTP/1.1,[http/1.1]}{0.0.0.0:34723}
2019-09-26 15:54:16,206 [main] INFO  server.Server (Server.java:doStart(419)) - Started @5797ms
2019-09-26 15:54:16,206 [main] WARN  impl.MetricsSystemImpl (MetricsSystemImpl.java:register(276)) - Sink prometheus already exists!
2019-09-26 15:54:16,208 [main] INFO  server.BaseHttpServer (BaseHttpServer.java:updateConnectorAddress(215)) - HTTP server of HDDSDATANODE is listening at http://0.0.0.0:34723
2019-09-26 15:54:16,208 [main] INFO  impl.MetricsSystemImpl (MetricsSystemImpl.java:init(158)) - HddsDatanode metrics system started (again)
2019-09-26 15:54:16,211 [main] INFO  ozone.HddsDatanodeService (HddsDatanodeService.java:start(184)) - HddsDatanodeService host:pr-hdds-2162-htzpk-1451759861 ip:192.168.157.234
2019-09-26 15:54:16,212 [org.apache.hadoop.util.JvmPauseMonitor$Monitor@7f728005] INFO  util.JvmPauseMonitor (JvmPauseMonitor.java:run(188)) - Starting JVM pause monitor
2019-09-26 15:54:16,220 [main] INFO  volume.HddsVolume (HddsVolume.java:<init>(176)) - Creating Volume: /workdir/hadoop-ozone/integration-test/target/test-dir/MiniOzoneClusterImpl-b52dc576-3a90-4436-b01d-af36ccb82095/datanode-2/data/containers/hdds of  storage type : DISK and capacity : 1482555576320
2019-09-26 15:54:16,220 [main] INFO  volume.VolumeSet (VolumeSet.java:initializeVolumeSet(170)) - Added Volume : /workdir/hadoop-ozone/integration-test/target/test-dir/MiniOzoneClusterImpl-b52dc576-3a90-4436-b01d-af36ccb82095/datanode-2/data/containers/hdds to VolumeSet
2019-09-26 15:54:16,220 [main] INFO  volume.ThrottledAsyncChecker (ThrottledAsyncChecker.java:schedule(139)) - Scheduling a check for org.apache.hadoop.ozone.container.common.volume.HddsVolume@32130e61
2019-09-26 15:54:16,221 [main] INFO  volume.HddsVolumeChecker (HddsVolumeChecker.java:checkAllVolumes(202)) - Scheduled health check for volume org.apache.hadoop.ozone.container.common.volume.HddsVolume@32130e61
2019-09-26 15:54:16,234 [main] INFO  impl.RaftServerProxy (ConfUtils.java:logGet(43)) - raft.rpc.type = GRPC (default)
2019-09-26 15:54:16,234 [main] INFO  grpc.GrpcFactory (GrpcFactory.java:checkPooledByteBufAllocatorUseCacheForAllThreads(45)) - PERFORMANCE WARNING: useCacheForAllThreads is true that may cause Netty to create a lot garbage objects and, as a result, trigger GC.
	It is recommended to disable useCacheForAllThreads by setting -Dorg.apache.ratis.thirdparty.io.netty.allocator.useCacheForAllThreads=false in command line.
2019-09-26 15:54:16,234 [main] INFO  grpc.GrpcConfigKeys$Server (ConfUtils.java:logGet(43)) - raft.grpc.server.port = 0 (default)
2019-09-26 15:54:16,234 [main] INFO  server.GrpcService (ConfUtils.java:logGet(43)) - raft.grpc.message.size.max = 33570816 (custom)
2019-09-26 15:54:16,235 [main] INFO  server.RaftServerConfigKeys (ConfUtils.java:logGet(43)) - raft.server.log.appender.buffer.byte-limit = 33554432 (custom)
2019-09-26 15:54:16,235 [main] INFO  server.GrpcService (ConfUtils.java:logGet(43)) - raft.grpc.flow.control.window = 1MB (=1048576) (default)
2019-09-26 15:54:16,235 [main] INFO  server.RaftServerConfigKeys (ConfUtils.java:logGet(43)) - raft.server.rpc.request.timeout = 3000ms (default)
2019-09-26 15:54:16,236 [main] INFO  server.RaftServerConfigKeys (ConfUtils.java:logGet(43)) - raft.server.storage.dir = [/workdir/hadoop-ozone/integration-test/target/test-dir/MiniOzoneClusterImpl-b52dc576-3a90-4436-b01d-af36ccb82095/datanode-2/data/ratis] (custom)
2019-09-26 15:54:16,237 [main] INFO  hdfs.DFSUtil (DFSUtil.java:httpServerTemplateForNNAndJN(1641)) - Starting Web-server for hddsDatanode at: http://0.0.0.0:0
2019-09-26 15:54:16,238 [main] INFO  server.AuthenticationFilter (AuthenticationFilter.java:constructSecretProvider(240)) - Unable to initialize FileSignerSecretProvider, falling back to use random secrets.
2019-09-26 15:54:16,239 [main] WARN  http.HttpRequestLog (HttpRequestLog.java:getRequestLog(97)) - Jetty request log can only be enabled using Log4j
2019-09-26 15:54:16,240 [main] INFO  http.HttpServer2 (HttpServer2.java:addGlobalFilter(975)) - Added global filter 'safety' (class=org.apache.hadoop.http.HttpServer2$QuotingInputFilter)
2019-09-26 15:54:16,240 [main] INFO  http.HttpServer2 (HttpServer2.java:addFilter(948)) - Added filter static_user_filter (class=org.apache.hadoop.http.lib.StaticUserWebFilter$StaticUserFilter) to context hddsDatanode
2019-09-26 15:54:16,241 [main] INFO  http.HttpServer2 (HttpServer2.java:addFilter(958)) - Added filter static_user_filter (class=org.apache.hadoop.http.lib.StaticUserWebFilter$StaticUserFilter) to context logs
2019-09-26 15:54:16,241 [main] INFO  http.HttpServer2 (HttpServer2.java:addFilter(958)) - Added filter static_user_filter (class=org.apache.hadoop.http.lib.StaticUserWebFilter$StaticUserFilter) to context static
2019-09-26 15:54:16,241 [main] INFO  http.HttpServer2 (HttpServer2.java:bindListener(1191)) - Jetty bound to port 38246
2019-09-26 15:54:16,242 [main] INFO  server.Server (Server.java:doStart(351)) - jetty-9.3.25.v20180904, build timestamp: 2018-09-04T21:11:46Z, git hash: 3ce520221d0240229c862b122d2b06c12a625732
2019-09-26 15:54:16,244 [main] INFO  handler.ContextHandler (ContextHandler.java:doStart(781)) - Started o.e.j.s.ServletContextHandler@4f9a6c2d{/logs,file:///workdir/hadoop-ozone/integration-test/target/log,AVAILABLE}
2019-09-26 15:54:16,244 [main] INFO  handler.ContextHandler (ContextHandler.java:doStart(781)) - Started o.e.j.s.ServletContextHandler@75de6341{/static,jar:file:/home/user/.m2/repository/org/apache/hadoop/hadoop-hdds-container-service/0.5.0-SNAPSHOT/hadoop-hdds-container-service-0.5.0-SNAPSHOT.jar!/webapps/static,AVAILABLE}
2019-09-26 15:54:16,267 [Datanode State Machine Thread - 0] INFO  datanode.InitDatanodeState (InitDatanodeState.java:persistContainerDatanodeDetails(140)) - DatanodeDetails is persisted to /workdir/hadoop-ozone/integration-test/target/test-dir/MiniOzoneClusterImpl-b52dc576-3a90-4436-b01d-af36ccb82095/datanode-0/meta/datanode.id
2019-09-26 15:54:16,272 [Datanode State Machine Thread - 0] INFO  datanode.InitDatanodeState (InitDatanodeState.java:persistContainerDatanodeDetails(140)) - DatanodeDetails is persisted to /workdir/hadoop-ozone/integration-test/target/test-dir/MiniOzoneClusterImpl-b52dc576-3a90-4436-b01d-af36ccb82095/datanode-1/meta/datanode.id
2019-09-26 15:54:16,276 [main] INFO  handler.ContextHandler (ContextHandler.java:doStart(781)) - Started o.e.j.w.WebAppContext@3ba46e63{/,file:///tmp/jetty-0.0.0.0-38246-hddsDatanode-_-any-8510689721602805521.dir/webapp/,AVAILABLE}{/hddsDatanode}
2019-09-26 15:54:16,277 [main] INFO  server.AbstractConnector (AbstractConnector.java:doStart(278)) - Started ServerConnector@788ddc1f{HTTP/1.1,[http/1.1]}{0.0.0.0:38246}
2019-09-26 15:54:16,277 [main] INFO  server.Server (Server.java:doStart(419)) - Started @5868ms
2019-09-26 15:54:16,279 [main] WARN  impl.MetricsSystemImpl (MetricsSystemImpl.java:register(276)) - Sink prometheus already exists!
2019-09-26 15:54:16,279 [main] INFO  server.BaseHttpServer (BaseHttpServer.java:updateConnectorAddress(215)) - HTTP server of HDDSDATANODE is listening at http://0.0.0.0:38246
2019-09-26 15:54:16,280 [main] INFO  impl.MetricsSystemImpl (MetricsSystemImpl.java:init(158)) - HddsDatanode metrics system started (again)
2019-09-26 15:54:16,282 [org.apache.hadoop.util.JvmPauseMonitor$Monitor@750ccb37] INFO  util.JvmPauseMonitor (JvmPauseMonitor.java:run(188)) - Starting JVM pause monitor
2019-09-26 15:54:16,283 [main] INFO  ozone.HddsDatanodeService (HddsDatanodeService.java:start(184)) - HddsDatanodeService host:pr-hdds-2162-htzpk-1451759861 ip:192.168.157.234
2019-09-26 15:54:16,284 [Datanode State Machine Thread - 0] INFO  datanode.InitDatanodeState (InitDatanodeState.java:persistContainerDatanodeDetails(140)) - DatanodeDetails is persisted to /workdir/hadoop-ozone/integration-test/target/test-dir/MiniOzoneClusterImpl-b52dc576-3a90-4436-b01d-af36ccb82095/datanode-2/meta/datanode.id
2019-09-26 15:54:16,291 [main] INFO  volume.HddsVolume (HddsVolume.java:<init>(176)) - Creating Volume: /workdir/hadoop-ozone/integration-test/target/test-dir/MiniOzoneClusterImpl-b52dc576-3a90-4436-b01d-af36ccb82095/datanode-3/data/containers/hdds of  storage type : DISK and capacity : 1482555576320
2019-09-26 15:54:16,292 [main] INFO  volume.VolumeSet (VolumeSet.java:initializeVolumeSet(170)) - Added Volume : /workdir/hadoop-ozone/integration-test/target/test-dir/MiniOzoneClusterImpl-b52dc576-3a90-4436-b01d-af36ccb82095/datanode-3/data/containers/hdds to VolumeSet
2019-09-26 15:54:16,292 [main] INFO  volume.ThrottledAsyncChecker (ThrottledAsyncChecker.java:schedule(139)) - Scheduling a check for org.apache.hadoop.ozone.container.common.volume.HddsVolume@29149030
2019-09-26 15:54:16,292 [main] INFO  volume.HddsVolumeChecker (HddsVolumeChecker.java:checkAllVolumes(202)) - Scheduled health check for volume org.apache.hadoop.ozone.container.common.volume.HddsVolume@29149030
2019-09-26 15:54:16,305 [main] INFO  impl.RaftServerProxy (ConfUtils.java:logGet(43)) - raft.rpc.type = GRPC (default)
2019-09-26 15:54:16,305 [main] INFO  grpc.GrpcFactory (GrpcFactory.java:checkPooledByteBufAllocatorUseCacheForAllThreads(45)) - PERFORMANCE WARNING: useCacheForAllThreads is true that may cause Netty to create a lot garbage objects and, as a result, trigger GC.
	It is recommended to disable useCacheForAllThreads by setting -Dorg.apache.ratis.thirdparty.io.netty.allocator.useCacheForAllThreads=false in command line.
2019-09-26 15:54:16,305 [main] INFO  grpc.GrpcConfigKeys$Server (ConfUtils.java:logGet(43)) - raft.grpc.server.port = 0 (default)
2019-09-26 15:54:16,306 [main] INFO  server.GrpcService (ConfUtils.java:logGet(43)) - raft.grpc.message.size.max = 33570816 (custom)
2019-09-26 15:54:16,306 [main] INFO  server.RaftServerConfigKeys (ConfUtils.java:logGet(43)) - raft.server.log.appender.buffer.byte-limit = 33554432 (custom)
2019-09-26 15:54:16,306 [main] INFO  server.GrpcService (ConfUtils.java:logGet(43)) - raft.grpc.flow.control.window = 1MB (=1048576) (default)
2019-09-26 15:54:16,306 [main] INFO  server.RaftServerConfigKeys (ConfUtils.java:logGet(43)) - raft.server.rpc.request.timeout = 3000ms (default)
2019-09-26 15:54:16,307 [main] INFO  server.RaftServerConfigKeys (ConfUtils.java:logGet(43)) - raft.server.storage.dir = [/workdir/hadoop-ozone/integration-test/target/test-dir/MiniOzoneClusterImpl-b52dc576-3a90-4436-b01d-af36ccb82095/datanode-3/data/ratis] (custom)
2019-09-26 15:54:16,308 [main] INFO  hdfs.DFSUtil (DFSUtil.java:httpServerTemplateForNNAndJN(1641)) - Starting Web-server for hddsDatanode at: http://0.0.0.0:0
2019-09-26 15:54:16,309 [main] INFO  server.AuthenticationFilter (AuthenticationFilter.java:constructSecretProvider(240)) - Unable to initialize FileSignerSecretProvider, falling back to use random secrets.
2019-09-26 15:54:16,309 [main] WARN  http.HttpRequestLog (HttpRequestLog.java:getRequestLog(97)) - Jetty request log can only be enabled using Log4j
2019-09-26 15:54:16,311 [main] INFO  http.HttpServer2 (HttpServer2.java:addGlobalFilter(975)) - Added global filter 'safety' (class=org.apache.hadoop.http.HttpServer2$QuotingInputFilter)
2019-09-26 15:54:16,311 [main] INFO  http.HttpServer2 (HttpServer2.java:addFilter(948)) - Added filter static_user_filter (class=org.apache.hadoop.http.lib.StaticUserWebFilter$StaticUserFilter) to context hddsDatanode
2019-09-26 15:54:16,311 [main] INFO  http.HttpServer2 (HttpServer2.java:addFilter(958)) - Added filter static_user_filter (class=org.apache.hadoop.http.lib.StaticUserWebFilter$StaticUserFilter) to context static
2019-09-26 15:54:16,312 [main] INFO  http.HttpServer2 (HttpServer2.java:addFilter(958)) - Added filter static_user_filter (class=org.apache.hadoop.http.lib.StaticUserWebFilter$StaticUserFilter) to context logs
2019-09-26 15:54:16,312 [main] INFO  http.HttpServer2 (HttpServer2.java:bindListener(1191)) - Jetty bound to port 34995
2019-09-26 15:54:16,312 [main] INFO  server.Server (Server.java:doStart(351)) - jetty-9.3.25.v20180904, build timestamp: 2018-09-04T21:11:46Z, git hash: 3ce520221d0240229c862b122d2b06c12a625732
2019-09-26 15:54:16,316 [main] INFO  handler.ContextHandler (ContextHandler.java:doStart(781)) - Started o.e.j.s.ServletContextHandler@753aca85{/logs,file:///workdir/hadoop-ozone/integration-test/target/log,AVAILABLE}
2019-09-26 15:54:16,317 [main] INFO  handler.ContextHandler (ContextHandler.java:doStart(781)) - Started o.e.j.s.ServletContextHandler@574a89e2{/static,jar:file:/home/user/.m2/repository/org/apache/hadoop/hadoop-hdds-container-service/0.5.0-SNAPSHOT/hadoop-hdds-container-service-0.5.0-SNAPSHOT.jar!/webapps/static,AVAILABLE}
2019-09-26 15:54:16,343 [main] INFO  handler.ContextHandler (ContextHandler.java:doStart(781)) - Started o.e.j.w.WebAppContext@984169e{/,file:///tmp/jetty-0.0.0.0-34995-hddsDatanode-_-any-1416032952406084111.dir/webapp/,AVAILABLE}{/hddsDatanode}
2019-09-26 15:54:16,344 [main] INFO  server.AbstractConnector (AbstractConnector.java:doStart(278)) - Started ServerConnector@43f1bb92{HTTP/1.1,[http/1.1]}{0.0.0.0:34995}
2019-09-26 15:54:16,345 [main] INFO  server.Server (Server.java:doStart(419)) - Started @5936ms
2019-09-26 15:54:16,346 [main] WARN  impl.MetricsSystemImpl (MetricsSystemImpl.java:register(276)) - Sink prometheus already exists!
2019-09-26 15:54:16,346 [main] INFO  server.BaseHttpServer (BaseHttpServer.java:updateConnectorAddress(215)) - HTTP server of HDDSDATANODE is listening at http://0.0.0.0:34995
2019-09-26 15:54:16,347 [main] INFO  impl.MetricsSystemImpl (MetricsSystemImpl.java:init(158)) - HddsDatanode metrics system started (again)
2019-09-26 15:54:16,350 [org.apache.hadoop.util.JvmPauseMonitor$Monitor@59288c3c] INFO  util.JvmPauseMonitor (JvmPauseMonitor.java:run(188)) - Starting JVM pause monitor
2019-09-26 15:54:16,350 [main] INFO  ozone.HddsDatanodeService (HddsDatanodeService.java:start(184)) - HddsDatanodeService host:pr-hdds-2162-htzpk-1451759861 ip:192.168.157.234
2019-09-26 15:54:16,353 [Datanode State Machine Thread - 0] INFO  datanode.InitDatanodeState (InitDatanodeState.java:persistContainerDatanodeDetails(140)) - DatanodeDetails is persisted to /workdir/hadoop-ozone/integration-test/target/test-dir/MiniOzoneClusterImpl-b52dc576-3a90-4436-b01d-af36ccb82095/datanode-3/meta/datanode.id
2019-09-26 15:54:16,361 [main] INFO  volume.HddsVolume (HddsVolume.java:<init>(176)) - Creating Volume: /workdir/hadoop-ozone/integration-test/target/test-dir/MiniOzoneClusterImpl-b52dc576-3a90-4436-b01d-af36ccb82095/datanode-4/data/containers/hdds of  storage type : DISK and capacity : 1482555576320
2019-09-26 15:54:16,362 [main] INFO  volume.VolumeSet (VolumeSet.java:initializeVolumeSet(170)) - Added Volume : /workdir/hadoop-ozone/integration-test/target/test-dir/MiniOzoneClusterImpl-b52dc576-3a90-4436-b01d-af36ccb82095/datanode-4/data/containers/hdds to VolumeSet
2019-09-26 15:54:16,362 [main] INFO  volume.ThrottledAsyncChecker (ThrottledAsyncChecker.java:schedule(139)) - Scheduling a check for org.apache.hadoop.ozone.container.common.volume.HddsVolume@378f002a
2019-09-26 15:54:16,362 [main] INFO  volume.HddsVolumeChecker (HddsVolumeChecker.java:checkAllVolumes(202)) - Scheduled health check for volume org.apache.hadoop.ozone.container.common.volume.HddsVolume@378f002a
2019-09-26 15:54:16,382 [main] INFO  impl.RaftServerProxy (ConfUtils.java:logGet(43)) - raft.rpc.type = GRPC (default)
2019-09-26 15:54:16,383 [main] INFO  grpc.GrpcFactory (GrpcFactory.java:checkPooledByteBufAllocatorUseCacheForAllThreads(45)) - PERFORMANCE WARNING: useCacheForAllThreads is true that may cause Netty to create a lot garbage objects and, as a result, trigger GC.
	It is recommended to disable useCacheForAllThreads by setting -Dorg.apache.ratis.thirdparty.io.netty.allocator.useCacheForAllThreads=false in command line.
2019-09-26 15:54:16,384 [main] INFO  grpc.GrpcConfigKeys$Server (ConfUtils.java:logGet(43)) - raft.grpc.server.port = 0 (default)
2019-09-26 15:54:16,384 [main] INFO  server.GrpcService (ConfUtils.java:logGet(43)) - raft.grpc.message.size.max = 33570816 (custom)
2019-09-26 15:54:16,384 [main] INFO  server.RaftServerConfigKeys (ConfUtils.java:logGet(43)) - raft.server.log.appender.buffer.byte-limit = 33554432 (custom)
2019-09-26 15:54:16,384 [main] INFO  server.GrpcService (ConfUtils.java:logGet(43)) - raft.grpc.flow.control.window = 1MB (=1048576) (default)
2019-09-26 15:54:16,385 [main] INFO  server.RaftServerConfigKeys (ConfUtils.java:logGet(43)) - raft.server.rpc.request.timeout = 3000ms (default)
2019-09-26 15:54:16,386 [main] INFO  server.RaftServerConfigKeys (ConfUtils.java:logGet(43)) - raft.server.storage.dir = [/workdir/hadoop-ozone/integration-test/target/test-dir/MiniOzoneClusterImpl-b52dc576-3a90-4436-b01d-af36ccb82095/datanode-4/data/ratis] (custom)
2019-09-26 15:54:16,389 [main] INFO  hdfs.DFSUtil (DFSUtil.java:httpServerTemplateForNNAndJN(1641)) - Starting Web-server for hddsDatanode at: http://0.0.0.0:0
2019-09-26 15:54:16,391 [main] INFO  server.AuthenticationFilter (AuthenticationFilter.java:constructSecretProvider(240)) - Unable to initialize FileSignerSecretProvider, falling back to use random secrets.
2019-09-26 15:54:16,391 [main] WARN  http.HttpRequestLog (HttpRequestLog.java:getRequestLog(97)) - Jetty request log can only be enabled using Log4j
2019-09-26 15:54:16,393 [main] INFO  http.HttpServer2 (HttpServer2.java:addGlobalFilter(975)) - Added global filter 'safety' (class=org.apache.hadoop.http.HttpServer2$QuotingInputFilter)
2019-09-26 15:54:16,394 [main] INFO  http.HttpServer2 (HttpServer2.java:addFilter(948)) - Added filter static_user_filter (class=org.apache.hadoop.http.lib.StaticUserWebFilter$StaticUserFilter) to context hddsDatanode
2019-09-26 15:54:16,394 [main] INFO  http.HttpServer2 (HttpServer2.java:addFilter(958)) - Added filter static_user_filter (class=org.apache.hadoop.http.lib.StaticUserWebFilter$StaticUserFilter) to context logs
2019-09-26 15:54:16,394 [main] INFO  http.HttpServer2 (HttpServer2.java:addFilter(958)) - Added filter static_user_filter (class=org.apache.hadoop.http.lib.StaticUserWebFilter$StaticUserFilter) to context static
2019-09-26 15:54:16,395 [main] INFO  http.HttpServer2 (HttpServer2.java:bindListener(1191)) - Jetty bound to port 37012
2019-09-26 15:54:16,395 [main] INFO  server.Server (Server.java:doStart(351)) - jetty-9.3.25.v20180904, build timestamp: 2018-09-04T21:11:46Z, git hash: 3ce520221d0240229c862b122d2b06c12a625732
2019-09-26 15:54:16,397 [main] INFO  handler.ContextHandler (ContextHandler.java:doStart(781)) - Started o.e.j.s.ServletContextHandler@544e8149{/logs,file:///workdir/hadoop-ozone/integration-test/target/log,AVAILABLE}
2019-09-26 15:54:16,398 [main] INFO  handler.ContextHandler (ContextHandler.java:doStart(781)) - Started o.e.j.s.ServletContextHandler@1a96d94c{/static,jar:file:/home/user/.m2/repository/org/apache/hadoop/hadoop-hdds-container-service/0.5.0-SNAPSHOT/hadoop-hdds-container-service-0.5.0-SNAPSHOT.jar!/webapps/static,AVAILABLE}
2019-09-26 15:54:16,427 [main] INFO  handler.ContextHandler (ContextHandler.java:doStart(781)) - Started o.e.j.w.WebAppContext@6d5c2745{/,file:///tmp/jetty-0.0.0.0-37012-hddsDatanode-_-any-5452989361010434029.dir/webapp/,AVAILABLE}{/hddsDatanode}
2019-09-26 15:54:16,427 [main] INFO  server.AbstractConnector (AbstractConnector.java:doStart(278)) - Started ServerConnector@44b29496{HTTP/1.1,[http/1.1]}{0.0.0.0:37012}
2019-09-26 15:54:16,428 [main] INFO  server.Server (Server.java:doStart(419)) - Started @6019ms
2019-09-26 15:54:16,428 [main] WARN  impl.MetricsSystemImpl (MetricsSystemImpl.java:register(276)) - Sink prometheus already exists!
2019-09-26 15:54:16,429 [main] INFO  server.BaseHttpServer (BaseHttpServer.java:updateConnectorAddress(215)) - HTTP server of HDDSDATANODE is listening at http://0.0.0.0:37012
2019-09-26 15:54:16,429 [main] INFO  impl.MetricsSystemImpl (MetricsSystemImpl.java:init(158)) - HddsDatanode metrics system started (again)
2019-09-26 15:54:16,433 [org.apache.hadoop.util.JvmPauseMonitor$Monitor@2e8a0b0f] INFO  util.JvmPauseMonitor (JvmPauseMonitor.java:run(188)) - Starting JVM pause monitor
2019-09-26 15:54:16,433 [main] INFO  ozone.HddsDatanodeService (HddsDatanodeService.java:start(184)) - HddsDatanodeService host:pr-hdds-2162-htzpk-1451759861 ip:192.168.157.234
2019-09-26 15:54:16,436 [Datanode State Machine Thread - 0] INFO  datanode.InitDatanodeState (InitDatanodeState.java:persistContainerDatanodeDetails(140)) - DatanodeDetails is persisted to /workdir/hadoop-ozone/integration-test/target/test-dir/MiniOzoneClusterImpl-b52dc576-3a90-4436-b01d-af36ccb82095/datanode-4/meta/datanode.id
2019-09-26 15:54:16,443 [main] INFO  volume.HddsVolume (HddsVolume.java:<init>(176)) - Creating Volume: /workdir/hadoop-ozone/integration-test/target/test-dir/MiniOzoneClusterImpl-b52dc576-3a90-4436-b01d-af36ccb82095/datanode-5/data/containers/hdds of  storage type : DISK and capacity : 1482555576320
2019-09-26 15:54:16,443 [main] INFO  volume.VolumeSet (VolumeSet.java:initializeVolumeSet(170)) - Added Volume : /workdir/hadoop-ozone/integration-test/target/test-dir/MiniOzoneClusterImpl-b52dc576-3a90-4436-b01d-af36ccb82095/datanode-5/data/containers/hdds to VolumeSet
2019-09-26 15:54:16,443 [main] INFO  volume.ThrottledAsyncChecker (ThrottledAsyncChecker.java:schedule(139)) - Scheduling a check for org.apache.hadoop.ozone.container.common.volume.HddsVolume@5a3a1bf9
2019-09-26 15:54:16,444 [main] INFO  volume.HddsVolumeChecker (HddsVolumeChecker.java:checkAllVolumes(202)) - Scheduled health check for volume org.apache.hadoop.ozone.container.common.volume.HddsVolume@5a3a1bf9
2019-09-26 15:54:16,467 [main] INFO  impl.RaftServerProxy (ConfUtils.java:logGet(43)) - raft.rpc.type = GRPC (default)
2019-09-26 15:54:16,468 [main] INFO  grpc.GrpcFactory (GrpcFactory.java:checkPooledByteBufAllocatorUseCacheForAllThreads(45)) - PERFORMANCE WARNING: useCacheForAllThreads is true that may cause Netty to create a lot garbage objects and, as a result, trigger GC.
	It is recommended to disable useCacheForAllThreads by setting -Dorg.apache.ratis.thirdparty.io.netty.allocator.useCacheForAllThreads=false in command line.
2019-09-26 15:54:16,468 [main] INFO  grpc.GrpcConfigKeys$Server (ConfUtils.java:logGet(43)) - raft.grpc.server.port = 0 (default)
2019-09-26 15:54:16,468 [main] INFO  server.GrpcService (ConfUtils.java:logGet(43)) - raft.grpc.message.size.max = 33570816 (custom)
2019-09-26 15:54:16,469 [main] INFO  server.RaftServerConfigKeys (ConfUtils.java:logGet(43)) - raft.server.log.appender.buffer.byte-limit = 33554432 (custom)
2019-09-26 15:54:16,469 [main] INFO  server.GrpcService (ConfUtils.java:logGet(43)) - raft.grpc.flow.control.window = 1MB (=1048576) (default)
2019-09-26 15:54:16,469 [main] INFO  server.RaftServerConfigKeys (ConfUtils.java:logGet(43)) - raft.server.rpc.request.timeout = 3000ms (default)
2019-09-26 15:54:16,470 [main] INFO  server.RaftServerConfigKeys (ConfUtils.java:logGet(43)) - raft.server.storage.dir = [/workdir/hadoop-ozone/integration-test/target/test-dir/MiniOzoneClusterImpl-b52dc576-3a90-4436-b01d-af36ccb82095/datanode-5/data/ratis] (custom)
2019-09-26 15:54:16,472 [main] INFO  hdfs.DFSUtil (DFSUtil.java:httpServerTemplateForNNAndJN(1641)) - Starting Web-server for hddsDatanode at: http://0.0.0.0:0
2019-09-26 15:54:16,474 [main] INFO  server.AuthenticationFilter (AuthenticationFilter.java:constructSecretProvider(240)) - Unable to initialize FileSignerSecretProvider, falling back to use random secrets.
2019-09-26 15:54:16,475 [main] WARN  http.HttpRequestLog (HttpRequestLog.java:getRequestLog(97)) - Jetty request log can only be enabled using Log4j
2019-09-26 15:54:16,477 [main] INFO  http.HttpServer2 (HttpServer2.java:addGlobalFilter(975)) - Added global filter 'safety' (class=org.apache.hadoop.http.HttpServer2$QuotingInputFilter)
2019-09-26 15:54:16,478 [main] INFO  http.HttpServer2 (HttpServer2.java:addFilter(948)) - Added filter static_user_filter (class=org.apache.hadoop.http.lib.StaticUserWebFilter$StaticUserFilter) to context hddsDatanode
2019-09-26 15:54:16,478 [main] INFO  http.HttpServer2 (HttpServer2.java:addFilter(958)) - Added filter static_user_filter (class=org.apache.hadoop.http.lib.StaticUserWebFilter$StaticUserFilter) to context static
2019-09-26 15:54:16,479 [main] INFO  http.HttpServer2 (HttpServer2.java:addFilter(958)) - Added filter static_user_filter (class=org.apache.hadoop.http.lib.StaticUserWebFilter$StaticUserFilter) to context logs
2019-09-26 15:54:16,480 [main] INFO  http.HttpServer2 (HttpServer2.java:bindListener(1191)) - Jetty bound to port 37602
2019-09-26 15:54:16,480 [main] INFO  server.Server (Server.java:doStart(351)) - jetty-9.3.25.v20180904, build timestamp: 2018-09-04T21:11:46Z, git hash: 3ce520221d0240229c862b122d2b06c12a625732
2019-09-26 15:54:16,483 [main] INFO  handler.ContextHandler (ContextHandler.java:doStart(781)) - Started o.e.j.s.ServletContextHandler@714f3da4{/logs,file:///workdir/hadoop-ozone/integration-test/target/log,AVAILABLE}
2019-09-26 15:54:16,484 [main] INFO  handler.ContextHandler (ContextHandler.java:doStart(781)) - Started o.e.j.s.ServletContextHandler@1f53481b{/static,jar:file:/home/user/.m2/repository/org/apache/hadoop/hadoop-hdds-container-service/0.5.0-SNAPSHOT/hadoop-hdds-container-service-0.5.0-SNAPSHOT.jar!/webapps/static,AVAILABLE}
2019-09-26 15:54:16,529 [main] INFO  handler.ContextHandler (ContextHandler.java:doStart(781)) - Started o.e.j.w.WebAppContext@2975a9e{/,file:///tmp/jetty-0.0.0.0-37602-hddsDatanode-_-any-3549719476479267128.dir/webapp/,AVAILABLE}{/hddsDatanode}
2019-09-26 15:54:16,530 [main] INFO  server.AbstractConnector (AbstractConnector.java:doStart(278)) - Started ServerConnector@765ffb14{HTTP/1.1,[http/1.1]}{0.0.0.0:37602}
2019-09-26 15:54:16,531 [main] INFO  server.Server (Server.java:doStart(419)) - Started @6122ms
2019-09-26 15:54:16,531 [main] WARN  impl.MetricsSystemImpl (MetricsSystemImpl.java:register(276)) - Sink prometheus already exists!
2019-09-26 15:54:16,532 [main] INFO  server.BaseHttpServer (BaseHttpServer.java:updateConnectorAddress(215)) - HTTP server of HDDSDATANODE is listening at http://0.0.0.0:37602
2019-09-26 15:54:16,533 [main] INFO  impl.MetricsSystemImpl (MetricsSystemImpl.java:init(158)) - HddsDatanode metrics system started (again)
2019-09-26 15:54:16,537 [main] INFO  ozone.HddsDatanodeService (HddsDatanodeService.java:start(184)) - HddsDatanodeService host:pr-hdds-2162-htzpk-1451759861 ip:192.168.157.234
2019-09-26 15:54:16,537 [org.apache.hadoop.util.JvmPauseMonitor$Monitor@7f153bc2] INFO  util.JvmPauseMonitor (JvmPauseMonitor.java:run(188)) - Starting JVM pause monitor
2019-09-26 15:54:16,540 [Datanode State Machine Thread - 0] INFO  datanode.InitDatanodeState (InitDatanodeState.java:persistContainerDatanodeDetails(140)) - DatanodeDetails is persisted to /workdir/hadoop-ozone/integration-test/target/test-dir/MiniOzoneClusterImpl-b52dc576-3a90-4436-b01d-af36ccb82095/datanode-5/meta/datanode.id
2019-09-26 15:54:16,546 [main] INFO  volume.HddsVolume (HddsVolume.java:<init>(176)) - Creating Volume: /workdir/hadoop-ozone/integration-test/target/test-dir/MiniOzoneClusterImpl-b52dc576-3a90-4436-b01d-af36ccb82095/datanode-6/data/containers/hdds of  storage type : DISK and capacity : 1482555576320
2019-09-26 15:54:16,546 [main] INFO  volume.VolumeSet (VolumeSet.java:initializeVolumeSet(170)) - Added Volume : /workdir/hadoop-ozone/integration-test/target/test-dir/MiniOzoneClusterImpl-b52dc576-3a90-4436-b01d-af36ccb82095/datanode-6/data/containers/hdds to VolumeSet
2019-09-26 15:54:16,546 [main] INFO  volume.ThrottledAsyncChecker (ThrottledAsyncChecker.java:schedule(139)) - Scheduling a check for org.apache.hadoop.ozone.container.common.volume.HddsVolume@52ff99cd
2019-09-26 15:54:16,547 [main] INFO  volume.HddsVolumeChecker (HddsVolumeChecker.java:checkAllVolumes(202)) - Scheduled health check for volume org.apache.hadoop.ozone.container.common.volume.HddsVolume@52ff99cd
2019-09-26 15:54:16,564 [main] INFO  impl.RaftServerProxy (ConfUtils.java:logGet(43)) - raft.rpc.type = GRPC (default)
2019-09-26 15:54:16,564 [main] INFO  grpc.GrpcFactory (GrpcFactory.java:checkPooledByteBufAllocatorUseCacheForAllThreads(45)) - PERFORMANCE WARNING: useCacheForAllThreads is true that may cause Netty to create a lot garbage objects and, as a result, trigger GC.
	It is recommended to disable useCacheForAllThreads by setting -Dorg.apache.ratis.thirdparty.io.netty.allocator.useCacheForAllThreads=false in command line.
2019-09-26 15:54:16,564 [main] INFO  grpc.GrpcConfigKeys$Server (ConfUtils.java:logGet(43)) - raft.grpc.server.port = 0 (default)
2019-09-26 15:54:16,565 [main] INFO  server.GrpcService (ConfUtils.java:logGet(43)) - raft.grpc.message.size.max = 33570816 (custom)
2019-09-26 15:54:16,565 [main] INFO  server.RaftServerConfigKeys (ConfUtils.java:logGet(43)) - raft.server.log.appender.buffer.byte-limit = 33554432 (custom)
2019-09-26 15:54:16,565 [main] INFO  server.GrpcService (ConfUtils.java:logGet(43)) - raft.grpc.flow.control.window = 1MB (=1048576) (default)
2019-09-26 15:54:16,565 [main] INFO  server.RaftServerConfigKeys (ConfUtils.java:logGet(43)) - raft.server.rpc.request.timeout = 3000ms (default)
2019-09-26 15:54:16,566 [main] INFO  server.RaftServerConfigKeys (ConfUtils.java:logGet(43)) - raft.server.storage.dir = [/workdir/hadoop-ozone/integration-test/target/test-dir/MiniOzoneClusterImpl-b52dc576-3a90-4436-b01d-af36ccb82095/datanode-6/data/ratis] (custom)
2019-09-26 15:54:16,568 [main] INFO  hdfs.DFSUtil (DFSUtil.java:httpServerTemplateForNNAndJN(1641)) - Starting Web-server for hddsDatanode at: http://0.0.0.0:0
2019-09-26 15:54:16,570 [main] INFO  server.AuthenticationFilter (AuthenticationFilter.java:constructSecretProvider(240)) - Unable to initialize FileSignerSecretProvider, falling back to use random secrets.
2019-09-26 15:54:16,571 [main] WARN  http.HttpRequestLog (HttpRequestLog.java:getRequestLog(97)) - Jetty request log can only be enabled using Log4j
2019-09-26 15:54:16,573 [main] INFO  http.HttpServer2 (HttpServer2.java:addGlobalFilter(975)) - Added global filter 'safety' (class=org.apache.hadoop.http.HttpServer2$QuotingInputFilter)
2019-09-26 15:54:16,575 [main] INFO  http.HttpServer2 (HttpServer2.java:addFilter(948)) - Added filter static_user_filter (class=org.apache.hadoop.http.lib.StaticUserWebFilter$StaticUserFilter) to context hddsDatanode
2019-09-26 15:54:16,575 [main] INFO  http.HttpServer2 (HttpServer2.java:addFilter(958)) - Added filter static_user_filter (class=org.apache.hadoop.http.lib.StaticUserWebFilter$StaticUserFilter) to context logs
2019-09-26 15:54:16,575 [main] INFO  http.HttpServer2 (HttpServer2.java:addFilter(958)) - Added filter static_user_filter (class=org.apache.hadoop.http.lib.StaticUserWebFilter$StaticUserFilter) to context static
2019-09-26 15:54:16,576 [main] INFO  http.HttpServer2 (HttpServer2.java:bindListener(1191)) - Jetty bound to port 40535
2019-09-26 15:54:16,577 [main] INFO  server.Server (Server.java:doStart(351)) - jetty-9.3.25.v20180904, build timestamp: 2018-09-04T21:11:46Z, git hash: 3ce520221d0240229c862b122d2b06c12a625732
2019-09-26 15:54:16,580 [main] INFO  handler.ContextHandler (ContextHandler.java:doStart(781)) - Started o.e.j.s.ServletContextHandler@77049094{/logs,file:///workdir/hadoop-ozone/integration-test/target/log,AVAILABLE}
2019-09-26 15:54:16,580 [main] INFO  handler.ContextHandler (ContextHandler.java:doStart(781)) - Started o.e.j.s.ServletContextHandler@59bbe88a{/static,jar:file:/home/user/.m2/repository/org/apache/hadoop/hadoop-hdds-container-service/0.5.0-SNAPSHOT/hadoop-hdds-container-service-0.5.0-SNAPSHOT.jar!/webapps/static,AVAILABLE}
2019-09-26 15:54:16,620 [main] INFO  handler.ContextHandler (ContextHandler.java:doStart(781)) - Started o.e.j.w.WebAppContext@640ab13c{/,file:///tmp/jetty-0.0.0.0-40535-hddsDatanode-_-any-8229078712804653532.dir/webapp/,AVAILABLE}{/hddsDatanode}
2019-09-26 15:54:16,621 [main] INFO  server.AbstractConnector (AbstractConnector.java:doStart(278)) - Started ServerConnector@1e0a864d{HTTP/1.1,[http/1.1]}{0.0.0.0:40535}
2019-09-26 15:54:16,622 [main] INFO  server.Server (Server.java:doStart(419)) - Started @6212ms
2019-09-26 15:54:16,622 [main] WARN  impl.MetricsSystemImpl (MetricsSystemImpl.java:register(276)) - Sink prometheus already exists!
2019-09-26 15:54:16,623 [main] INFO  server.BaseHttpServer (BaseHttpServer.java:updateConnectorAddress(215)) - HTTP server of HDDSDATANODE is listening at http://0.0.0.0:40535
2019-09-26 15:54:16,623 [main] INFO  impl.MetricsSystemImpl (MetricsSystemImpl.java:init(158)) - HddsDatanode metrics system started (again)
2019-09-26 15:54:16,627 [org.apache.hadoop.util.JvmPauseMonitor$Monitor@55ad6c67] INFO  util.JvmPauseMonitor (JvmPauseMonitor.java:run(188)) - Starting JVM pause monitor
2019-09-26 15:54:16,628 [main] INFO  ozone.HddsDatanodeService (HddsDatanodeService.java:start(184)) - HddsDatanodeService host:pr-hdds-2162-htzpk-1451759861 ip:192.168.157.234
2019-09-26 15:54:16,630 [Datanode State Machine Thread - 0] INFO  datanode.InitDatanodeState (InitDatanodeState.java:persistContainerDatanodeDetails(140)) - DatanodeDetails is persisted to /workdir/hadoop-ozone/integration-test/target/test-dir/MiniOzoneClusterImpl-b52dc576-3a90-4436-b01d-af36ccb82095/datanode-6/meta/datanode.id
2019-09-26 15:54:16,635 [main] INFO  volume.HddsVolume (HddsVolume.java:<init>(176)) - Creating Volume: /workdir/hadoop-ozone/integration-test/target/test-dir/MiniOzoneClusterImpl-b52dc576-3a90-4436-b01d-af36ccb82095/datanode-7/data/containers/hdds of  storage type : DISK and capacity : 1482555576320
2019-09-26 15:54:16,635 [main] INFO  volume.VolumeSet (VolumeSet.java:initializeVolumeSet(170)) - Added Volume : /workdir/hadoop-ozone/integration-test/target/test-dir/MiniOzoneClusterImpl-b52dc576-3a90-4436-b01d-af36ccb82095/datanode-7/data/containers/hdds to VolumeSet
2019-09-26 15:54:16,635 [main] INFO  volume.ThrottledAsyncChecker (ThrottledAsyncChecker.java:schedule(139)) - Scheduling a check for org.apache.hadoop.ozone.container.common.volume.HddsVolume@5c723f2d
2019-09-26 15:54:16,636 [main] INFO  volume.HddsVolumeChecker (HddsVolumeChecker.java:checkAllVolumes(202)) - Scheduled health check for volume org.apache.hadoop.ozone.container.common.volume.HddsVolume@5c723f2d
2019-09-26 15:54:16,649 [main] INFO  impl.RaftServerProxy (ConfUtils.java:logGet(43)) - raft.rpc.type = GRPC (default)
2019-09-26 15:54:16,649 [main] INFO  grpc.GrpcFactory (GrpcFactory.java:checkPooledByteBufAllocatorUseCacheForAllThreads(45)) - PERFORMANCE WARNING: useCacheForAllThreads is true that may cause Netty to create a lot garbage objects and, as a result, trigger GC.
	It is recommended to disable useCacheForAllThreads by setting -Dorg.apache.ratis.thirdparty.io.netty.allocator.useCacheForAllThreads=false in command line.
2019-09-26 15:54:16,650 [main] INFO  grpc.GrpcConfigKeys$Server (ConfUtils.java:logGet(43)) - raft.grpc.server.port = 0 (default)
2019-09-26 15:54:16,650 [main] INFO  server.GrpcService (ConfUtils.java:logGet(43)) - raft.grpc.message.size.max = 33570816 (custom)
2019-09-26 15:54:16,650 [main] INFO  server.RaftServerConfigKeys (ConfUtils.java:logGet(43)) - raft.server.log.appender.buffer.byte-limit = 33554432 (custom)
2019-09-26 15:54:16,650 [main] INFO  server.GrpcService (ConfUtils.java:logGet(43)) - raft.grpc.flow.control.window = 1MB (=1048576) (default)
2019-09-26 15:54:16,650 [main] INFO  server.RaftServerConfigKeys (ConfUtils.java:logGet(43)) - raft.server.rpc.request.timeout = 3000ms (default)
2019-09-26 15:54:16,651 [main] INFO  server.RaftServerConfigKeys (ConfUtils.java:logGet(43)) - raft.server.storage.dir = [/workdir/hadoop-ozone/integration-test/target/test-dir/MiniOzoneClusterImpl-b52dc576-3a90-4436-b01d-af36ccb82095/datanode-7/data/ratis] (custom)
2019-09-26 15:54:16,653 [main] INFO  hdfs.DFSUtil (DFSUtil.java:httpServerTemplateForNNAndJN(1641)) - Starting Web-server for hddsDatanode at: http://0.0.0.0:0
2019-09-26 15:54:16,654 [main] INFO  server.AuthenticationFilter (AuthenticationFilter.java:constructSecretProvider(240)) - Unable to initialize FileSignerSecretProvider, falling back to use random secrets.
2019-09-26 15:54:16,654 [main] WARN  http.HttpRequestLog (HttpRequestLog.java:getRequestLog(97)) - Jetty request log can only be enabled using Log4j
2019-09-26 15:54:16,656 [main] INFO  http.HttpServer2 (HttpServer2.java:addGlobalFilter(975)) - Added global filter 'safety' (class=org.apache.hadoop.http.HttpServer2$QuotingInputFilter)
2019-09-26 15:54:16,656 [main] INFO  http.HttpServer2 (HttpServer2.java:addFilter(948)) - Added filter static_user_filter (class=org.apache.hadoop.http.lib.StaticUserWebFilter$StaticUserFilter) to context hddsDatanode
2019-09-26 15:54:16,656 [main] INFO  http.HttpServer2 (HttpServer2.java:addFilter(958)) - Added filter static_user_filter (class=org.apache.hadoop.http.lib.StaticUserWebFilter$StaticUserFilter) to context logs
2019-09-26 15:54:16,656 [main] INFO  http.HttpServer2 (HttpServer2.java:addFilter(958)) - Added filter static_user_filter (class=org.apache.hadoop.http.lib.StaticUserWebFilter$StaticUserFilter) to context static
2019-09-26 15:54:16,657 [main] INFO  http.HttpServer2 (HttpServer2.java:bindListener(1191)) - Jetty bound to port 36065
2019-09-26 15:54:16,657 [main] INFO  server.Server (Server.java:doStart(351)) - jetty-9.3.25.v20180904, build timestamp: 2018-09-04T21:11:46Z, git hash: 3ce520221d0240229c862b122d2b06c12a625732
2019-09-26 15:54:16,659 [main] INFO  handler.ContextHandler (ContextHandler.java:doStart(781)) - Started o.e.j.s.ServletContextHandler@5ed4bc{/logs,file:///workdir/hadoop-ozone/integration-test/target/log,AVAILABLE}
2019-09-26 15:54:16,659 [main] INFO  handler.ContextHandler (ContextHandler.java:doStart(781)) - Started o.e.j.s.ServletContextHandler@65f651eb{/static,jar:file:/home/user/.m2/repository/org/apache/hadoop/hadoop-hdds-container-service/0.5.0-SNAPSHOT/hadoop-hdds-container-service-0.5.0-SNAPSHOT.jar!/webapps/static,AVAILABLE}
2019-09-26 15:54:16,687 [main] INFO  handler.ContextHandler (ContextHandler.java:doStart(781)) - Started o.e.j.w.WebAppContext@57cb70be{/,file:///tmp/jetty-0.0.0.0-36065-hddsDatanode-_-any-6791172258491847312.dir/webapp/,AVAILABLE}{/hddsDatanode}
2019-09-26 15:54:16,688 [main] INFO  server.AbstractConnector (AbstractConnector.java:doStart(278)) - Started ServerConnector@2d4608a6{HTTP/1.1,[http/1.1]}{0.0.0.0:36065}
2019-09-26 15:54:16,688 [main] INFO  server.Server (Server.java:doStart(419)) - Started @6279ms
2019-09-26 15:54:16,689 [main] WARN  impl.MetricsSystemImpl (MetricsSystemImpl.java:register(276)) - Sink prometheus already exists!
2019-09-26 15:54:16,689 [main] INFO  server.BaseHttpServer (BaseHttpServer.java:updateConnectorAddress(215)) - HTTP server of HDDSDATANODE is listening at http://0.0.0.0:36065
2019-09-26 15:54:16,689 [main] INFO  impl.MetricsSystemImpl (MetricsSystemImpl.java:init(158)) - HddsDatanode metrics system started (again)
2019-09-26 15:54:16,693 [org.apache.hadoop.util.JvmPauseMonitor$Monitor@330afb35] INFO  util.JvmPauseMonitor (JvmPauseMonitor.java:run(188)) - Starting JVM pause monitor
2019-09-26 15:54:16,693 [main] INFO  ozone.HddsDatanodeService (HddsDatanodeService.java:start(184)) - HddsDatanodeService host:pr-hdds-2162-htzpk-1451759861 ip:192.168.157.234
2019-09-26 15:54:16,696 [Datanode State Machine Thread - 0] INFO  datanode.InitDatanodeState (InitDatanodeState.java:persistContainerDatanodeDetails(140)) - DatanodeDetails is persisted to /workdir/hadoop-ozone/integration-test/target/test-dir/MiniOzoneClusterImpl-b52dc576-3a90-4436-b01d-af36ccb82095/datanode-7/meta/datanode.id
2019-09-26 15:54:16,702 [main] INFO  volume.HddsVolume (HddsVolume.java:<init>(176)) - Creating Volume: /workdir/hadoop-ozone/integration-test/target/test-dir/MiniOzoneClusterImpl-b52dc576-3a90-4436-b01d-af36ccb82095/datanode-8/data/containers/hdds of  storage type : DISK and capacity : 1482555576320
2019-09-26 15:54:16,702 [main] INFO  volume.VolumeSet (VolumeSet.java:initializeVolumeSet(170)) - Added Volume : /workdir/hadoop-ozone/integration-test/target/test-dir/MiniOzoneClusterImpl-b52dc576-3a90-4436-b01d-af36ccb82095/datanode-8/data/containers/hdds to VolumeSet
2019-09-26 15:54:16,702 [main] INFO  volume.ThrottledAsyncChecker (ThrottledAsyncChecker.java:schedule(139)) - Scheduling a check for org.apache.hadoop.ozone.container.common.volume.HddsVolume@33956d1a
2019-09-26 15:54:16,703 [main] INFO  volume.HddsVolumeChecker (HddsVolumeChecker.java:checkAllVolumes(202)) - Scheduled health check for volume org.apache.hadoop.ozone.container.common.volume.HddsVolume@33956d1a
2019-09-26 15:54:16,716 [main] INFO  impl.RaftServerProxy (ConfUtils.java:logGet(43)) - raft.rpc.type = GRPC (default)
2019-09-26 15:54:16,716 [main] INFO  grpc.GrpcFactory (GrpcFactory.java:checkPooledByteBufAllocatorUseCacheForAllThreads(45)) - PERFORMANCE WARNING: useCacheForAllThreads is true that may cause Netty to create a lot garbage objects and, as a result, trigger GC.
	It is recommended to disable useCacheForAllThreads by setting -Dorg.apache.ratis.thirdparty.io.netty.allocator.useCacheForAllThreads=false in command line.
2019-09-26 15:54:16,716 [main] INFO  grpc.GrpcConfigKeys$Server (ConfUtils.java:logGet(43)) - raft.grpc.server.port = 0 (default)
2019-09-26 15:54:16,716 [main] INFO  server.GrpcService (ConfUtils.java:logGet(43)) - raft.grpc.message.size.max = 33570816 (custom)
2019-09-26 15:54:16,716 [main] INFO  server.RaftServerConfigKeys (ConfUtils.java:logGet(43)) - raft.server.log.appender.buffer.byte-limit = 33554432 (custom)
2019-09-26 15:54:16,717 [main] INFO  server.GrpcService (ConfUtils.java:logGet(43)) - raft.grpc.flow.control.window = 1MB (=1048576) (default)
2019-09-26 15:54:16,717 [main] INFO  server.RaftServerConfigKeys (ConfUtils.java:logGet(43)) - raft.server.rpc.request.timeout = 3000ms (default)
2019-09-26 15:54:16,717 [main] INFO  server.RaftServerConfigKeys (ConfUtils.java:logGet(43)) - raft.server.storage.dir = [/workdir/hadoop-ozone/integration-test/target/test-dir/MiniOzoneClusterImpl-b52dc576-3a90-4436-b01d-af36ccb82095/datanode-8/data/ratis] (custom)
2019-09-26 15:54:16,719 [main] INFO  hdfs.DFSUtil (DFSUtil.java:httpServerTemplateForNNAndJN(1641)) - Starting Web-server for hddsDatanode at: http://0.0.0.0:0
2019-09-26 15:54:16,720 [main] INFO  server.AuthenticationFilter (AuthenticationFilter.java:constructSecretProvider(240)) - Unable to initialize FileSignerSecretProvider, falling back to use random secrets.
2019-09-26 15:54:16,720 [main] WARN  http.HttpRequestLog (HttpRequestLog.java:getRequestLog(97)) - Jetty request log can only be enabled using Log4j
2019-09-26 15:54:16,722 [main] INFO  http.HttpServer2 (HttpServer2.java:addGlobalFilter(975)) - Added global filter 'safety' (class=org.apache.hadoop.http.HttpServer2$QuotingInputFilter)
2019-09-26 15:54:16,722 [main] INFO  http.HttpServer2 (HttpServer2.java:addFilter(948)) - Added filter static_user_filter (class=org.apache.hadoop.http.lib.StaticUserWebFilter$StaticUserFilter) to context hddsDatanode
2019-09-26 15:54:16,722 [main] INFO  http.HttpServer2 (HttpServer2.java:addFilter(958)) - Added filter static_user_filter (class=org.apache.hadoop.http.lib.StaticUserWebFilter$StaticUserFilter) to context static
2019-09-26 15:54:16,722 [main] INFO  http.HttpServer2 (HttpServer2.java:addFilter(958)) - Added filter static_user_filter (class=org.apache.hadoop.http.lib.StaticUserWebFilter$StaticUserFilter) to context logs
2019-09-26 15:54:16,723 [main] INFO  http.HttpServer2 (HttpServer2.java:bindListener(1191)) - Jetty bound to port 46541
2019-09-26 15:54:16,723 [main] INFO  server.Server (Server.java:doStart(351)) - jetty-9.3.25.v20180904, build timestamp: 2018-09-04T21:11:46Z, git hash: 3ce520221d0240229c862b122d2b06c12a625732
2019-09-26 15:54:16,725 [main] INFO  handler.ContextHandler (ContextHandler.java:doStart(781)) - Started o.e.j.s.ServletContextHandler@75120e58{/logs,file:///workdir/hadoop-ozone/integration-test/target/log,AVAILABLE}
2019-09-26 15:54:16,725 [main] INFO  handler.ContextHandler (ContextHandler.java:doStart(781)) - Started o.e.j.s.ServletContextHandler@2a367e93{/static,jar:file:/home/user/.m2/repository/org/apache/hadoop/hadoop-hdds-container-service/0.5.0-SNAPSHOT/hadoop-hdds-container-service-0.5.0-SNAPSHOT.jar!/webapps/static,AVAILABLE}
2019-09-26 15:54:16,755 [main] INFO  handler.ContextHandler (ContextHandler.java:doStart(781)) - Started o.e.j.w.WebAppContext@4e682398{/,file:///tmp/jetty-0.0.0.0-46541-hddsDatanode-_-any-6498022584797784578.dir/webapp/,AVAILABLE}{/hddsDatanode}
2019-09-26 15:54:16,755 [main] INFO  server.AbstractConnector (AbstractConnector.java:doStart(278)) - Started ServerConnector@670b3ca{HTTP/1.1,[http/1.1]}{0.0.0.0:46541}
2019-09-26 15:54:16,756 [main] INFO  server.Server (Server.java:doStart(419)) - Started @6347ms
2019-09-26 15:54:16,756 [main] WARN  impl.MetricsSystemImpl (MetricsSystemImpl.java:register(276)) - Sink prometheus already exists!
2019-09-26 15:54:16,757 [main] INFO  server.BaseHttpServer (BaseHttpServer.java:updateConnectorAddress(215)) - HTTP server of HDDSDATANODE is listening at http://0.0.0.0:46541
2019-09-26 15:54:16,757 [main] INFO  impl.MetricsSystemImpl (MetricsSystemImpl.java:init(158)) - HddsDatanode metrics system started (again)
2019-09-26 15:54:16,762 [main] INFO  ozone.HddsDatanodeService (HddsDatanodeService.java:start(184)) - HddsDatanodeService host:pr-hdds-2162-htzpk-1451759861 ip:192.168.157.234
2019-09-26 15:54:16,762 [org.apache.hadoop.util.JvmPauseMonitor$Monitor@65b3721e] INFO  util.JvmPauseMonitor (JvmPauseMonitor.java:run(188)) - Starting JVM pause monitor
2019-09-26 15:54:16,765 [Datanode State Machine Thread - 0] INFO  datanode.InitDatanodeState (InitDatanodeState.java:persistContainerDatanodeDetails(140)) - DatanodeDetails is persisted to /workdir/hadoop-ozone/integration-test/target/test-dir/MiniOzoneClusterImpl-b52dc576-3a90-4436-b01d-af36ccb82095/datanode-8/meta/datanode.id
2019-09-26 15:54:16,770 [main] INFO  volume.HddsVolume (HddsVolume.java:<init>(176)) - Creating Volume: /workdir/hadoop-ozone/integration-test/target/test-dir/MiniOzoneClusterImpl-b52dc576-3a90-4436-b01d-af36ccb82095/datanode-9/data/containers/hdds of  storage type : DISK and capacity : 1482555576320
2019-09-26 15:54:16,770 [main] INFO  volume.VolumeSet (VolumeSet.java:initializeVolumeSet(170)) - Added Volume : /workdir/hadoop-ozone/integration-test/target/test-dir/MiniOzoneClusterImpl-b52dc576-3a90-4436-b01d-af36ccb82095/datanode-9/data/containers/hdds to VolumeSet
2019-09-26 15:54:16,771 [main] INFO  volume.ThrottledAsyncChecker (ThrottledAsyncChecker.java:schedule(139)) - Scheduling a check for org.apache.hadoop.ozone.container.common.volume.HddsVolume@474821de
2019-09-26 15:54:16,771 [main] INFO  volume.HddsVolumeChecker (HddsVolumeChecker.java:checkAllVolumes(202)) - Scheduled health check for volume org.apache.hadoop.ozone.container.common.volume.HddsVolume@474821de
2019-09-26 15:54:16,785 [main] INFO  impl.RaftServerProxy (ConfUtils.java:logGet(43)) - raft.rpc.type = GRPC (default)
2019-09-26 15:54:16,785 [main] INFO  grpc.GrpcFactory (GrpcFactory.java:checkPooledByteBufAllocatorUseCacheForAllThreads(45)) - PERFORMANCE WARNING: useCacheForAllThreads is true that may cause Netty to create a lot garbage objects and, as a result, trigger GC.
	It is recommended to disable useCacheForAllThreads by setting -Dorg.apache.ratis.thirdparty.io.netty.allocator.useCacheForAllThreads=false in command line.
2019-09-26 15:54:16,785 [main] INFO  grpc.GrpcConfigKeys$Server (ConfUtils.java:logGet(43)) - raft.grpc.server.port = 0 (default)
2019-09-26 15:54:16,785 [main] INFO  server.GrpcService (ConfUtils.java:logGet(43)) - raft.grpc.message.size.max = 33570816 (custom)
2019-09-26 15:54:16,785 [main] INFO  server.RaftServerConfigKeys (ConfUtils.java:logGet(43)) - raft.server.log.appender.buffer.byte-limit = 33554432 (custom)
2019-09-26 15:54:16,785 [main] INFO  server.GrpcService (ConfUtils.java:logGet(43)) - raft.grpc.flow.control.window = 1MB (=1048576) (default)
2019-09-26 15:54:16,786 [main] INFO  server.RaftServerConfigKeys (ConfUtils.java:logGet(43)) - raft.server.rpc.request.timeout = 3000ms (default)
2019-09-26 15:54:16,786 [main] INFO  server.RaftServerConfigKeys (ConfUtils.java:logGet(43)) - raft.server.storage.dir = [/workdir/hadoop-ozone/integration-test/target/test-dir/MiniOzoneClusterImpl-b52dc576-3a90-4436-b01d-af36ccb82095/datanode-9/data/ratis] (custom)
2019-09-26 15:54:16,788 [main] INFO  hdfs.DFSUtil (DFSUtil.java:httpServerTemplateForNNAndJN(1641)) - Starting Web-server for hddsDatanode at: http://0.0.0.0:0
2019-09-26 15:54:16,789 [main] INFO  server.AuthenticationFilter (AuthenticationFilter.java:constructSecretProvider(240)) - Unable to initialize FileSignerSecretProvider, falling back to use random secrets.
2019-09-26 15:54:16,789 [main] WARN  http.HttpRequestLog (HttpRequestLog.java:getRequestLog(97)) - Jetty request log can only be enabled using Log4j
2019-09-26 15:54:16,790 [main] INFO  http.HttpServer2 (HttpServer2.java:addGlobalFilter(975)) - Added global filter 'safety' (class=org.apache.hadoop.http.HttpServer2$QuotingInputFilter)
2019-09-26 15:54:16,791 [main] INFO  http.HttpServer2 (HttpServer2.java:addFilter(948)) - Added filter static_user_filter (class=org.apache.hadoop.http.lib.StaticUserWebFilter$StaticUserFilter) to context hddsDatanode
2019-09-26 15:54:16,791 [main] INFO  http.HttpServer2 (HttpServer2.java:addFilter(958)) - Added filter static_user_filter (class=org.apache.hadoop.http.lib.StaticUserWebFilter$StaticUserFilter) to context logs
2019-09-26 15:54:16,791 [main] INFO  http.HttpServer2 (HttpServer2.java:addFilter(958)) - Added filter static_user_filter (class=org.apache.hadoop.http.lib.StaticUserWebFilter$StaticUserFilter) to context static
2019-09-26 15:54:16,792 [main] INFO  http.HttpServer2 (HttpServer2.java:bindListener(1191)) - Jetty bound to port 34065
2019-09-26 15:54:16,792 [main] INFO  server.Server (Server.java:doStart(351)) - jetty-9.3.25.v20180904, build timestamp: 2018-09-04T21:11:46Z, git hash: 3ce520221d0240229c862b122d2b06c12a625732
2019-09-26 15:54:16,794 [main] INFO  handler.ContextHandler (ContextHandler.java:doStart(781)) - Started o.e.j.s.ServletContextHandler@5e1dde44{/logs,file:///workdir/hadoop-ozone/integration-test/target/log,AVAILABLE}
2019-09-26 15:54:16,795 [main] INFO  handler.ContextHandler (ContextHandler.java:doStart(781)) - Started o.e.j.s.ServletContextHandler@71e35c4{/static,jar:file:/home/user/.m2/repository/org/apache/hadoop/hadoop-hdds-container-service/0.5.0-SNAPSHOT/hadoop-hdds-container-service-0.5.0-SNAPSHOT.jar!/webapps/static,AVAILABLE}
2019-09-26 15:54:16,823 [main] INFO  handler.ContextHandler (ContextHandler.java:doStart(781)) - Started o.e.j.w.WebAppContext@6f76c2cc{/,file:///tmp/jetty-0.0.0.0-34065-hddsDatanode-_-any-7847964488381371849.dir/webapp/,AVAILABLE}{/hddsDatanode}
2019-09-26 15:54:16,823 [main] INFO  server.AbstractConnector (AbstractConnector.java:doStart(278)) - Started ServerConnector@306f6f1d{HTTP/1.1,[http/1.1]}{0.0.0.0:34065}
2019-09-26 15:54:16,825 [main] INFO  server.Server (Server.java:doStart(419)) - Started @6415ms
2019-09-26 15:54:16,825 [main] WARN  impl.MetricsSystemImpl (MetricsSystemImpl.java:register(276)) - Sink prometheus already exists!
2019-09-26 15:54:16,825 [main] INFO  server.BaseHttpServer (BaseHttpServer.java:updateConnectorAddress(215)) - HTTP server of HDDSDATANODE is listening at http://0.0.0.0:34065
2019-09-26 15:54:16,830 [main] INFO  security.OzoneBlockTokenSecretManager (OzoneSecretManager.java:updateCurrentKey(167)) - Updating the current master key for generating tokens
2019-09-26 15:54:16,831 [org.apache.hadoop.util.JvmPauseMonitor$Monitor@2ce6a301] INFO  util.JvmPauseMonitor (JvmPauseMonitor.java:run(188)) - Starting JVM pause monitor
2019-09-26 15:54:16,835 [Datanode State Machine Thread - 0] INFO  datanode.InitDatanodeState (InitDatanodeState.java:persistContainerDatanodeDetails(140)) - DatanodeDetails is persisted to /workdir/hadoop-ozone/integration-test/target/test-dir/MiniOzoneClusterImpl-b52dc576-3a90-4436-b01d-af36ccb82095/datanode-9/meta/datanode.id
2019-09-26 15:54:16,850 [main] INFO  om.OzoneManager (OzoneManager.java:readKeyPair(713)) - Reading keypair and certificate from file system.
2019-09-26 15:54:16,850 [main] INFO  om.OzoneManager (OzoneManager.java:startSecretManager(679)) - Starting OM block token secret manager
2019-09-26 15:54:16,850 [main] INFO  security.OzoneBlockTokenSecretManager (OzoneSecretManager.java:updateCurrentKey(167)) - Updating the current master key for generating tokens
2019-09-26 15:54:16,851 [main] INFO  ozone.MiniOzoneClusterImpl (MiniOzoneClusterImpl.java:lambda$waitForClusterToBeReady$0(147)) - Waiting for cluster to be ready. Got 0 of 10 DN Heartbeats.
2019-09-26 15:54:17,852 [main] INFO  ozone.MiniOzoneClusterImpl (MiniOzoneClusterImpl.java:lambda$waitForClusterToBeReady$0(147)) - Waiting for cluster to be ready. Got 0 of 10 DN Heartbeats.
2019-09-26 15:54:18,390 [Datanode State Machine Thread - 0] INFO  ozoneimpl.OzoneContainer (OzoneContainer.java:start(217)) - Attempting to start container services.
2019-09-26 15:54:18,390 [Datanode State Machine Thread - 0] INFO  ozoneimpl.OzoneContainer (OzoneContainer.java:start(217)) - Attempting to start container services.
2019-09-26 15:54:18,390 [Datanode State Machine Thread - 0] INFO  ozoneimpl.OzoneContainer (OzoneContainer.java:start(217)) - Attempting to start container services.
2019-09-26 15:54:18,390 [Datanode State Machine Thread - 0] INFO  ozoneimpl.OzoneContainer (OzoneContainer.java:start(217)) - Attempting to start container services.
2019-09-26 15:54:18,395 [Datanode State Machine Thread - 0] INFO  ozoneimpl.OzoneContainer (OzoneContainer.java:startContainerScrub(179)) - Background container scanner has been disabled.
2019-09-26 15:54:18,397 [Datanode State Machine Thread - 0] INFO  ratis.XceiverServerRatis (XceiverServerRatis.java:start(411)) - Starting XceiverServerRatis 84fb3a66-3f41-460d-9e69-4cc62332d47e at port 0
2019-09-26 15:54:18,397 [Datanode State Machine Thread - 0] INFO  ozoneimpl.OzoneContainer (OzoneContainer.java:startContainerScrub(179)) - Background container scanner has been disabled.
2019-09-26 15:54:18,397 [Datanode State Machine Thread - 0] INFO  ozoneimpl.OzoneContainer (OzoneContainer.java:startContainerScrub(179)) - Background container scanner has been disabled.
2019-09-26 15:54:18,397 [Datanode State Machine Thread - 0] INFO  ozoneimpl.OzoneContainer (OzoneContainer.java:startContainerScrub(179)) - Background container scanner has been disabled.
2019-09-26 15:54:18,398 [Datanode State Machine Thread - 0] INFO  ratis.XceiverServerRatis (XceiverServerRatis.java:start(411)) - Starting XceiverServerRatis f949701e-f635-4de4-9d83-19655f8fd504 at port 0
2019-09-26 15:54:18,397 [Datanode State Machine Thread - 0] INFO  ratis.XceiverServerRatis (XceiverServerRatis.java:start(411)) - Starting XceiverServerRatis 277796b0-7c1f-4e5e-9d69-130dc6003588 at port 0
2019-09-26 15:54:18,398 [Datanode State Machine Thread - 0] INFO  ratis.XceiverServerRatis (XceiverServerRatis.java:start(411)) - Starting XceiverServerRatis b1b47c16-4b16-47f9-8a1c-bd43cd9891d3 at port 0
2019-09-26 15:54:18,446 [Datanode State Machine Thread - 0] INFO  impl.RaftServerProxy (RaftServerProxy.java:lambda$start$3(299)) - 84fb3a66-3f41-460d-9e69-4cc62332d47e: start RPC server
2019-09-26 15:54:18,446 [Datanode State Machine Thread - 0] INFO  impl.RaftServerProxy (RaftServerProxy.java:lambda$start$3(299)) - 277796b0-7c1f-4e5e-9d69-130dc6003588: start RPC server
2019-09-26 15:54:18,446 [Datanode State Machine Thread - 0] INFO  impl.RaftServerProxy (RaftServerProxy.java:lambda$start$3(299)) - b1b47c16-4b16-47f9-8a1c-bd43cd9891d3: start RPC server
2019-09-26 15:54:18,446 [Datanode State Machine Thread - 0] INFO  impl.RaftServerProxy (RaftServerProxy.java:lambda$start$3(299)) - f949701e-f635-4de4-9d83-19655f8fd504: start RPC server
2019-09-26 15:54:18,451 [Datanode State Machine Thread - 0] INFO  ozoneimpl.OzoneContainer (OzoneContainer.java:start(217)) - Attempting to start container services.
2019-09-26 15:54:18,452 [Datanode State Machine Thread - 0] INFO  ozoneimpl.OzoneContainer (OzoneContainer.java:startContainerScrub(179)) - Background container scanner has been disabled.
2019-09-26 15:54:18,452 [Datanode State Machine Thread - 0] INFO  ratis.XceiverServerRatis (XceiverServerRatis.java:start(411)) - Starting XceiverServerRatis 1b3d0591-2738-428f-9259-44499a4c704f at port 0
2019-09-26 15:54:18,461 [Datanode State Machine Thread - 0] INFO  impl.RaftServerProxy (RaftServerProxy.java:lambda$start$3(299)) - 1b3d0591-2738-428f-9259-44499a4c704f: start RPC server
2019-09-26 15:54:18,553 [Datanode State Machine Thread - 0] INFO  ozoneimpl.OzoneContainer (OzoneContainer.java:start(217)) - Attempting to start container services.
2019-09-26 15:54:18,554 [Datanode State Machine Thread - 0] INFO  ozoneimpl.OzoneContainer (OzoneContainer.java:startContainerScrub(179)) - Background container scanner has been disabled.
2019-09-26 15:54:18,554 [Datanode State Machine Thread - 0] INFO  ratis.XceiverServerRatis (XceiverServerRatis.java:start(411)) - Starting XceiverServerRatis 1db74e33-95b2-4a02-afc0-c3b777a2f5f7 at port 0
2019-09-26 15:54:18,566 [Datanode State Machine Thread - 0] INFO  impl.RaftServerProxy (RaftServerProxy.java:lambda$start$3(299)) - 1db74e33-95b2-4a02-afc0-c3b777a2f5f7: start RPC server
2019-09-26 15:54:18,598 [Datanode State Machine Thread - 0] INFO  server.GrpcService (GrpcService.java:startImpl(158)) - 1db74e33-95b2-4a02-afc0-c3b777a2f5f7: GrpcService started, listening on 0.0.0.0/0.0.0.0:42936
2019-09-26 15:54:18,598 [Datanode State Machine Thread - 0] INFO  server.GrpcService (GrpcService.java:startImpl(158)) - f949701e-f635-4de4-9d83-19655f8fd504: GrpcService started, listening on 0.0.0.0/0.0.0.0:39702
2019-09-26 15:54:18,598 [Datanode State Machine Thread - 0] INFO  server.GrpcService (GrpcService.java:startImpl(158)) - 84fb3a66-3f41-460d-9e69-4cc62332d47e: GrpcService started, listening on 0.0.0.0/0.0.0.0:41202
2019-09-26 15:54:18,598 [Datanode State Machine Thread - 0] INFO  server.GrpcService (GrpcService.java:startImpl(158)) - 277796b0-7c1f-4e5e-9d69-130dc6003588: GrpcService started, listening on 0.0.0.0/0.0.0.0:40474
2019-09-26 15:54:18,598 [Datanode State Machine Thread - 0] INFO  server.GrpcService (GrpcService.java:startImpl(158)) - b1b47c16-4b16-47f9-8a1c-bd43cd9891d3: GrpcService started, listening on 0.0.0.0/0.0.0.0:40890
2019-09-26 15:54:18,598 [Datanode State Machine Thread - 0] INFO  server.GrpcService (GrpcService.java:startImpl(158)) - 1b3d0591-2738-428f-9259-44499a4c704f: GrpcService started, listening on 0.0.0.0/0.0.0.0:35407
2019-09-26 15:54:18,600 [Datanode State Machine Thread - 0] INFO  ratis.XceiverServerRatis (XceiverServerRatis.java:start(421)) - XceiverServerRatis b1b47c16-4b16-47f9-8a1c-bd43cd9891d3 is started using port 40890
2019-09-26 15:54:18,600 [Datanode State Machine Thread - 0] INFO  ratis.XceiverServerRatis (XceiverServerRatis.java:start(421)) - XceiverServerRatis 277796b0-7c1f-4e5e-9d69-130dc6003588 is started using port 40474
2019-09-26 15:54:18,600 [Datanode State Machine Thread - 0] INFO  ratis.XceiverServerRatis (XceiverServerRatis.java:start(421)) - XceiverServerRatis 84fb3a66-3f41-460d-9e69-4cc62332d47e is started using port 41202
2019-09-26 15:54:18,599 [Datanode State Machine Thread - 0] INFO  ratis.XceiverServerRatis (XceiverServerRatis.java:start(421)) - XceiverServerRatis f949701e-f635-4de4-9d83-19655f8fd504 is started using port 39702
2019-09-26 15:54:18,599 [Datanode State Machine Thread - 0] INFO  ratis.XceiverServerRatis (XceiverServerRatis.java:start(421)) - XceiverServerRatis 1db74e33-95b2-4a02-afc0-c3b777a2f5f7 is started using port 42936
2019-09-26 15:54:18,600 [Datanode State Machine Thread - 0] INFO  ratis.XceiverServerRatis (XceiverServerRatis.java:start(421)) - XceiverServerRatis 1b3d0591-2738-428f-9259-44499a4c704f is started using port 35407
2019-09-26 15:54:18,616 [Datanode State Machine Thread - 0] INFO  server.XceiverServerGrpc (XceiverServerGrpc.java:start(149)) - XceiverServerGrpc 84fb3a66-3f41-460d-9e69-4cc62332d47e is started using port 33933
2019-09-26 15:54:18,616 [Datanode State Machine Thread - 0] INFO  server.XceiverServerGrpc (XceiverServerGrpc.java:start(149)) - XceiverServerGrpc 1db74e33-95b2-4a02-afc0-c3b777a2f5f7 is started using port 40300
2019-09-26 15:54:18,617 [Datanode State Machine Thread - 0] INFO  server.XceiverServerGrpc (XceiverServerGrpc.java:start(149)) - XceiverServerGrpc 277796b0-7c1f-4e5e-9d69-130dc6003588 is started using port 44134
2019-09-26 15:54:18,617 [Datanode State Machine Thread - 0] INFO  server.XceiverServerGrpc (XceiverServerGrpc.java:start(149)) - XceiverServerGrpc f949701e-f635-4de4-9d83-19655f8fd504 is started using port 35598
2019-09-26 15:54:18,617 [Datanode State Machine Thread - 0] INFO  server.XceiverServerGrpc (XceiverServerGrpc.java:start(149)) - XceiverServerGrpc b1b47c16-4b16-47f9-8a1c-bd43cd9891d3 is started using port 42277
2019-09-26 15:54:18,617 [Datanode State Machine Thread - 0] INFO  server.XceiverServerGrpc (XceiverServerGrpc.java:start(149)) - XceiverServerGrpc 1b3d0591-2738-428f-9259-44499a4c704f is started using port 36765
2019-09-26 15:54:18,645 [Datanode State Machine Thread - 0] INFO  ozoneimpl.OzoneContainer (OzoneContainer.java:start(217)) - Attempting to start container services.
2019-09-26 15:54:18,646 [Datanode State Machine Thread - 0] INFO  ozoneimpl.OzoneContainer (OzoneContainer.java:startContainerScrub(179)) - Background container scanner has been disabled.
2019-09-26 15:54:18,646 [Datanode State Machine Thread - 0] INFO  ratis.XceiverServerRatis (XceiverServerRatis.java:start(411)) - Starting XceiverServerRatis 6258f0da-10d7-4ff4-befa-56fd7261fe8a at port 0
2019-09-26 15:54:18,653 [Datanode State Machine Thread - 0] INFO  impl.RaftServerProxy (RaftServerProxy.java:lambda$start$3(299)) - 6258f0da-10d7-4ff4-befa-56fd7261fe8a: start RPC server
2019-09-26 15:54:18,657 [Datanode State Machine Thread - 0] INFO  server.GrpcService (GrpcService.java:startImpl(158)) - 6258f0da-10d7-4ff4-befa-56fd7261fe8a: GrpcService started, listening on 0.0.0.0/0.0.0.0:43279
2019-09-26 15:54:18,657 [Datanode State Machine Thread - 0] INFO  ratis.XceiverServerRatis (XceiverServerRatis.java:start(421)) - XceiverServerRatis 6258f0da-10d7-4ff4-befa-56fd7261fe8a is started using port 43279
2019-09-26 15:54:18,660 [Datanode State Machine Thread - 0] INFO  server.XceiverServerGrpc (XceiverServerGrpc.java:start(149)) - XceiverServerGrpc 6258f0da-10d7-4ff4-befa-56fd7261fe8a is started using port 35917
2019-09-26 15:54:18,710 [Datanode State Machine Thread - 0] INFO  ozoneimpl.OzoneContainer (OzoneContainer.java:start(217)) - Attempting to start container services.
2019-09-26 15:54:18,710 [Datanode State Machine Thread - 0] INFO  ozoneimpl.OzoneContainer (OzoneContainer.java:startContainerScrub(179)) - Background container scanner has been disabled.
2019-09-26 15:54:18,710 [Datanode State Machine Thread - 0] INFO  ratis.XceiverServerRatis (XceiverServerRatis.java:start(411)) - Starting XceiverServerRatis 5e8efae4-1bfc-4920-bedf-2411f13adce7 at port 0
2019-09-26 15:54:18,720 [Datanode State Machine Thread - 0] INFO  impl.RaftServerProxy (RaftServerProxy.java:lambda$start$3(299)) - 5e8efae4-1bfc-4920-bedf-2411f13adce7: start RPC server
2019-09-26 15:54:18,725 [Datanode State Machine Thread - 0] INFO  server.GrpcService (GrpcService.java:startImpl(158)) - 5e8efae4-1bfc-4920-bedf-2411f13adce7: GrpcService started, listening on 0.0.0.0/0.0.0.0:40706
2019-09-26 15:54:18,726 [Datanode State Machine Thread - 0] INFO  ratis.XceiverServerRatis (XceiverServerRatis.java:start(421)) - XceiverServerRatis 5e8efae4-1bfc-4920-bedf-2411f13adce7 is started using port 40706
2019-09-26 15:54:18,730 [Datanode State Machine Thread - 0] INFO  server.XceiverServerGrpc (XceiverServerGrpc.java:start(149)) - XceiverServerGrpc 5e8efae4-1bfc-4920-bedf-2411f13adce7 is started using port 41587
2019-09-26 15:54:18,779 [Datanode State Machine Thread - 0] INFO  ozoneimpl.OzoneContainer (OzoneContainer.java:start(217)) - Attempting to start container services.
2019-09-26 15:54:18,780 [Datanode State Machine Thread - 0] INFO  ozoneimpl.OzoneContainer (OzoneContainer.java:startContainerScrub(179)) - Background container scanner has been disabled.
2019-09-26 15:54:18,780 [Datanode State Machine Thread - 0] INFO  ratis.XceiverServerRatis (XceiverServerRatis.java:start(411)) - Starting XceiverServerRatis 64635f80-cc5b-405f-98b2-f991c2a0e60e at port 0
2019-09-26 15:54:18,791 [Datanode State Machine Thread - 0] INFO  impl.RaftServerProxy (RaftServerProxy.java:lambda$start$3(299)) - 64635f80-cc5b-405f-98b2-f991c2a0e60e: start RPC server
2019-09-26 15:54:18,795 [Datanode State Machine Thread - 0] INFO  server.GrpcService (GrpcService.java:startImpl(158)) - 64635f80-cc5b-405f-98b2-f991c2a0e60e: GrpcService started, listening on 0.0.0.0/0.0.0.0:33176
2019-09-26 15:54:18,795 [Datanode State Machine Thread - 0] INFO  ratis.XceiverServerRatis (XceiverServerRatis.java:start(421)) - XceiverServerRatis 64635f80-cc5b-405f-98b2-f991c2a0e60e is started using port 33176
2019-09-26 15:54:18,799 [Datanode State Machine Thread - 0] INFO  server.XceiverServerGrpc (XceiverServerGrpc.java:start(149)) - XceiverServerGrpc 64635f80-cc5b-405f-98b2-f991c2a0e60e is started using port 36503
2019-09-26 15:54:18,849 [Datanode State Machine Thread - 0] INFO  ozoneimpl.OzoneContainer (OzoneContainer.java:start(217)) - Attempting to start container services.
2019-09-26 15:54:18,850 [Datanode State Machine Thread - 0] INFO  ozoneimpl.OzoneContainer (OzoneContainer.java:startContainerScrub(179)) - Background container scanner has been disabled.
2019-09-26 15:54:18,850 [Datanode State Machine Thread - 0] INFO  ratis.XceiverServerRatis (XceiverServerRatis.java:start(411)) - Starting XceiverServerRatis 0a9353e1-ac44-4328-9be7-ee392af6c194 at port 0
2019-09-26 15:54:18,852 [main] INFO  ozone.MiniOzoneClusterImpl (MiniOzoneClusterImpl.java:lambda$waitForClusterToBeReady$0(147)) - Waiting for cluster to be ready. Got 0 of 10 DN Heartbeats.
2019-09-26 15:54:18,862 [Datanode State Machine Thread - 0] INFO  impl.RaftServerProxy (RaftServerProxy.java:lambda$start$3(299)) - 0a9353e1-ac44-4328-9be7-ee392af6c194: start RPC server
2019-09-26 15:54:18,875 [Datanode State Machine Thread - 0] INFO  server.GrpcService (GrpcService.java:startImpl(158)) - 0a9353e1-ac44-4328-9be7-ee392af6c194: GrpcService started, listening on 0.0.0.0/0.0.0.0:38051
2019-09-26 15:54:18,875 [Datanode State Machine Thread - 0] INFO  ratis.XceiverServerRatis (XceiverServerRatis.java:start(421)) - XceiverServerRatis 0a9353e1-ac44-4328-9be7-ee392af6c194 is started using port 38051
2019-09-26 15:54:18,892 [Datanode State Machine Thread - 0] INFO  server.XceiverServerGrpc (XceiverServerGrpc.java:start(149)) - XceiverServerGrpc 0a9353e1-ac44-4328-9be7-ee392af6c194 is started using port 42899
2019-09-26 15:54:19,853 [main] INFO  ozone.MiniOzoneClusterImpl (MiniOzoneClusterImpl.java:lambda$waitForClusterToBeReady$0(147)) - Waiting for cluster to be ready. Got 0 of 10 DN Heartbeats.
2019-09-26 15:54:20,178 [IPC Server handler 4 on 40464] INFO  net.NetworkTopology (NetworkTopologyImpl.java:add(111)) - Added a new node: /default-rack/277796b0-7c1f-4e5e-9d69-130dc6003588
2019-09-26 15:54:20,178 [IPC Server handler 4 on 40464] INFO  node.SCMNodeManager (SCMNodeManager.java:register(266)) - Registered Data node : 277796b0-7c1f-4e5e-9d69-130dc6003588{ip: 192.168.157.234, host: pr-hdds-2162-htzpk-1451759861, networkLocation: /default-rack, certSerialId: null}
2019-09-26 15:54:20,185 [EventQueue-NodeRegistrationContainerReportForDataNodeSafeModeRule] INFO  safemode.SCMSafeModeManager (DataNodeSafeModeRule.java:process(71)) - SCM in safe mode. 1 DataNodes registered, 1 required.
2019-09-26 15:54:20,185 [EventQueue-NodeRegistrationContainerReportForDataNodeSafeModeRule] INFO  safemode.SCMSafeModeManager (SCMSafeModeManager.java:validateSafeModeExitRules(177)) - ScmSafeModeManager, all rules are successfully validated
2019-09-26 15:54:20,185 [EventQueue-NodeRegistrationContainerReportForDataNodeSafeModeRule] INFO  safemode.SCMSafeModeManager (SCMSafeModeManager.java:exitSafeMode(193)) - SCM exiting safe mode.
2019-09-26 15:54:20,215 [IPC Server handler 6 on 40464] INFO  net.NetworkTopology (NetworkTopologyImpl.java:add(111)) - Added a new node: /default-rack/b1b47c16-4b16-47f9-8a1c-bd43cd9891d3
2019-09-26 15:54:20,215 [IPC Server handler 6 on 40464] INFO  node.SCMNodeManager (SCMNodeManager.java:register(266)) - Registered Data node : b1b47c16-4b16-47f9-8a1c-bd43cd9891d3{ip: 192.168.157.234, host: pr-hdds-2162-htzpk-1451759861, networkLocation: /default-rack, certSerialId: null}
2019-09-26 15:54:20,287 [IPC Server handler 2 on 40464] INFO  net.NetworkTopology (NetworkTopologyImpl.java:add(111)) - Added a new node: /default-rack/f949701e-f635-4de4-9d83-19655f8fd504
2019-09-26 15:54:20,288 [IPC Server handler 2 on 40464] INFO  node.SCMNodeManager (SCMNodeManager.java:register(266)) - Registered Data node : f949701e-f635-4de4-9d83-19655f8fd504{ip: 192.168.157.234, host: pr-hdds-2162-htzpk-1451759861, networkLocation: /default-rack, certSerialId: null}
2019-09-26 15:54:20,354 [IPC Server handler 19 on 40464] INFO  net.NetworkTopology (NetworkTopologyImpl.java:add(111)) - Added a new node: /default-rack/84fb3a66-3f41-460d-9e69-4cc62332d47e
2019-09-26 15:54:20,354 [IPC Server handler 19 on 40464] INFO  node.SCMNodeManager (SCMNodeManager.java:register(266)) - Registered Data node : 84fb3a66-3f41-460d-9e69-4cc62332d47e{ip: 192.168.157.234, host: pr-hdds-2162-htzpk-1451759861, networkLocation: /default-rack, certSerialId: null}
2019-09-26 15:54:20,439 [IPC Server handler 13 on 40464] INFO  net.NetworkTopology (NetworkTopologyImpl.java:add(111)) - Added a new node: /default-rack/1b3d0591-2738-428f-9259-44499a4c704f
2019-09-26 15:54:20,439 [IPC Server handler 13 on 40464] INFO  node.SCMNodeManager (SCMNodeManager.java:register(266)) - Registered Data node : 1b3d0591-2738-428f-9259-44499a4c704f{ip: 192.168.157.234, host: pr-hdds-2162-htzpk-1451759861, networkLocation: /default-rack, certSerialId: null}
2019-09-26 15:54:20,541 [IPC Server handler 15 on 40464] INFO  net.NetworkTopology (NetworkTopologyImpl.java:add(111)) - Added a new node: /default-rack/1db74e33-95b2-4a02-afc0-c3b777a2f5f7
2019-09-26 15:54:20,546 [IPC Server handler 15 on 40464] INFO  node.SCMNodeManager (SCMNodeManager.java:register(266)) - Registered Data node : 1db74e33-95b2-4a02-afc0-c3b777a2f5f7{ip: 192.168.157.234, host: pr-hdds-2162-htzpk-1451759861, networkLocation: /default-rack, certSerialId: null}
2019-09-26 15:54:20,633 [IPC Server handler 14 on 40464] INFO  net.NetworkTopology (NetworkTopologyImpl.java:add(111)) - Added a new node: /default-rack/6258f0da-10d7-4ff4-befa-56fd7261fe8a
2019-09-26 15:54:20,633 [IPC Server handler 14 on 40464] INFO  node.SCMNodeManager (SCMNodeManager.java:register(266)) - Registered Data node : 6258f0da-10d7-4ff4-befa-56fd7261fe8a{ip: 192.168.157.234, host: pr-hdds-2162-htzpk-1451759861, networkLocation: /default-rack, certSerialId: null}
2019-09-26 15:54:20,696 [IPC Server handler 11 on 40464] INFO  net.NetworkTopology (NetworkTopologyImpl.java:add(111)) - Added a new node: /default-rack/5e8efae4-1bfc-4920-bedf-2411f13adce7
2019-09-26 15:54:20,697 [IPC Server handler 11 on 40464] INFO  node.SCMNodeManager (SCMNodeManager.java:register(266)) - Registered Data node : 5e8efae4-1bfc-4920-bedf-2411f13adce7{ip: 192.168.157.234, host: pr-hdds-2162-htzpk-1451759861, networkLocation: /default-rack, certSerialId: null}
2019-09-26 15:54:20,766 [IPC Server handler 12 on 40464] INFO  net.NetworkTopology (NetworkTopologyImpl.java:add(111)) - Added a new node: /default-rack/64635f80-cc5b-405f-98b2-f991c2a0e60e
2019-09-26 15:54:20,766 [IPC Server handler 12 on 40464] INFO  node.SCMNodeManager (SCMNodeManager.java:register(266)) - Registered Data node : 64635f80-cc5b-405f-98b2-f991c2a0e60e{ip: 192.168.157.234, host: pr-hdds-2162-htzpk-1451759861, networkLocation: /default-rack, certSerialId: null}
2019-09-26 15:54:20,818 [grpc-default-executor-0] INFO  impl.RaftServerProxy (RaftServerProxy.java:addNew(89)) - 277796b0-7c1f-4e5e-9d69-130dc6003588: addNew group-43B5FB212988:[277796b0-7c1f-4e5e-9d69-130dc6003588:192.168.157.234:40474] returns group-43B5FB212988:java.util.concurrent.CompletableFuture@496fb305[Not completed]
2019-09-26 15:54:20,856 [main] INFO  ozone.MiniOzoneClusterImpl (MiniOzoneClusterImpl.java:lambda$waitForClusterToBeReady$0(147)) - Waiting for cluster to be ready. Got 9 of 10 DN Heartbeats.
2019-09-26 15:54:20,857 [IPC Server handler 4 on 40464] INFO  net.NetworkTopology (NetworkTopologyImpl.java:add(111)) - Added a new node: /default-rack/0a9353e1-ac44-4328-9be7-ee392af6c194
2019-09-26 15:54:20,858 [pool-27-thread-1] INFO  impl.RaftServerImpl (RaftServerImpl.java:<init>(95)) - 277796b0-7c1f-4e5e-9d69-130dc6003588: new RaftServerImpl for group-43B5FB212988:[277796b0-7c1f-4e5e-9d69-130dc6003588:192.168.157.234:40474] with ContainerStateMachine:uninitialized
2019-09-26 15:54:20,858 [IPC Server handler 4 on 40464] INFO  node.SCMNodeManager (SCMNodeManager.java:register(266)) - Registered Data node : 0a9353e1-ac44-4328-9be7-ee392af6c194{ip: 192.168.157.234, host: pr-hdds-2162-htzpk-1451759861, networkLocation: /default-rack, certSerialId: null}
2019-09-26 15:54:20,860 [pool-27-thread-1] INFO  server.RaftServerConfigKeys (ConfUtils.java:logGet(43)) - raft.server.rpc.timeout.min = 5s (custom)
2019-09-26 15:54:20,862 [pool-27-thread-1] INFO  server.RaftServerConfigKeys (ConfUtils.java:logGet(43)) - raft.server.rpc.timeout.max = 5200ms (custom)
2019-09-26 15:54:20,862 [pool-27-thread-1] INFO  server.RaftServerConfigKeys (ConfUtils.java:logGet(43)) - raft.server.rpcslowness.timeout = 120s (custom)
2019-09-26 15:54:20,863 [pool-27-thread-1] INFO  server.RaftServerConfigKeys (ConfUtils.java:logGet(43)) - raft.server.sleep.deviation.threshold = 300 (default)
2019-09-26 15:54:20,864 [pool-27-thread-1] INFO  server.RaftServerConfigKeys (ConfUtils.java:logGet(43)) - raft.server.log.appender.install.snapshot.enabled = false (custom)
2019-09-26 15:54:20,874 [pool-27-thread-1] INFO  impl.RaftServerImpl (ServerState.java:<init>(103)) - 277796b0-7c1f-4e5e-9d69-130dc6003588@group-43B5FB212988: ConfigurationManager, init=-1: [277796b0-7c1f-4e5e-9d69-130dc6003588:192.168.157.234:40474], old=null, confs=<EMPTY_MAP>
2019-09-26 15:54:20,874 [pool-27-thread-1] INFO  server.RaftServerConfigKeys (ConfUtils.java:logGet(43)) - raft.server.storage.dir = [/workdir/hadoop-ozone/integration-test/target/test-dir/MiniOzoneClusterImpl-b52dc576-3a90-4436-b01d-af36ccb82095/datanode-0/data/ratis] (custom)
2019-09-26 15:54:20,884 [pool-27-thread-1] INFO  storage.RaftStorageDirectory (RaftStorageDirectory.java:analyzeStorage(246)) - The storage directory /workdir/hadoop-ozone/integration-test/target/test-dir/MiniOzoneClusterImpl-b52dc576-3a90-4436-b01d-af36ccb82095/datanode-0/data/ratis/c40ccbb7-75e3-446b-b33a-43b5fb212988 does not exist. Creating ...
2019-09-26 15:54:20,903 [pool-27-thread-1] INFO  storage.RaftStorageDirectory (RaftStorageDirectory.java:tryLock(328)) - Lock on /workdir/hadoop-ozone/integration-test/target/test-dir/MiniOzoneClusterImpl-b52dc576-3a90-4436-b01d-af36ccb82095/datanode-0/data/ratis/c40ccbb7-75e3-446b-b33a-43b5fb212988/in_use.lock acquired by nodename 26544@pr-hdds-2162-htzpk-1451759861
2019-09-26 15:54:20,920 [pool-27-thread-1] INFO  storage.RaftStorage (RaftStorage.java:format(72)) - Storage directory /workdir/hadoop-ozone/integration-test/target/test-dir/MiniOzoneClusterImpl-b52dc576-3a90-4436-b01d-af36ccb82095/datanode-0/data/ratis/c40ccbb7-75e3-446b-b33a-43b5fb212988 has been successfully formatted.
2019-09-26 15:54:20,923 [pool-27-thread-1] INFO  ratis.ContainerStateMachine (ContainerStateMachine.java:loadSnapshot(230)) - group-43B5FB212988: The snapshot info is null. Setting the last applied indexto:(t:0, i:~)
2019-09-26 15:54:20,923 [pool-27-thread-1] INFO  server.RaftServerConfigKeys (ConfUtils.java:logGet(43)) - raft.server.notification.no-leader.timeout = 120s (custom)
2019-09-26 15:54:20,925 [pool-27-thread-1] INFO  server.RaftServerConfigKeys (ConfUtils.java:logGet(43)) - raft.server.log.use.memory = false (default)
2019-09-26 15:54:20,930 [pool-27-thread-1] INFO  server.RaftServerConfigKeys (ConfUtils.java:logGet(43)) - raft.server.log.purge.gap = 1000000 (custom)
2019-09-26 15:54:20,930 [pool-27-thread-1] INFO  server.RaftServerConfigKeys (ConfUtils.java:logGet(43)) - raft.server.log.appender.buffer.byte-limit = 33554432 (custom)
2019-09-26 15:54:20,932 [pool-27-thread-1] INFO  server.RaftServerConfigKeys (ConfUtils.java:logGet(43)) - raft.server.log.segment.size.max = 1048576 (custom)
2019-09-26 15:54:20,936 [pool-27-thread-1] INFO  server.RaftServerConfigKeys (ConfUtils.java:logGet(43)) - raft.server.log.segment.cache.num.max = 2 (custom)
2019-09-26 15:54:20,940 [pool-27-thread-1] INFO  segmented.SegmentedRaftLogWorker (SegmentedRaftLogWorker.java:<init>(172)) - new 277796b0-7c1f-4e5e-9d69-130dc6003588@group-43B5FB212988-SegmentedRaftLogWorker for RaftStorage:Storage Directory /workdir/hadoop-ozone/integration-test/target/test-dir/MiniOzoneClusterImpl-b52dc576-3a90-4436-b01d-af36ccb82095/datanode-0/data/ratis/c40ccbb7-75e3-446b-b33a-43b5fb212988
2019-09-26 15:54:20,942 [pool-27-thread-1] INFO  impl.MetricsSystemImpl (MetricsSystemImpl.java:init(158)) - ratis metrics system started (again)
2019-09-26 15:54:20,947 [pool-27-thread-1] INFO  metrics.MetricRegistries (MetricRegistriesLoader.java:load(64)) - Loaded MetricRegistries class org.apache.ratis.metrics.impl.MetricRegistriesImpl
2019-09-26 15:54:20,979 [pool-27-thread-1] INFO  server.RaftServerConfigKeys (ConfUtils.java:logGet(43)) - raft.server.log.queue.byte-limit = 2147483647 (custom)
2019-09-26 15:54:20,980 [pool-27-thread-1] INFO  server.RaftServerConfigKeys (ConfUtils.java:logGet(43)) - raft.server.log.queue.element-limit = 1024 (custom)
2019-09-26 15:54:20,983 [pool-27-thread-1] INFO  server.RaftServerConfigKeys (ConfUtils.java:logGet(43)) - raft.server.log.segment.size.max = 1048576 (custom)
2019-09-26 15:54:20,983 [pool-27-thread-1] INFO  server.RaftServerConfigKeys (ConfUtils.java:logGet(43)) - raft.server.log.preallocated.size = 16384 (custom)
2019-09-26 15:54:20,983 [pool-27-thread-1] INFO  server.RaftServerConfigKeys (ConfUtils.java:logGet(43)) - raft.server.log.write.buffer.size = 33554432 (custom)
2019-09-26 15:54:20,984 [pool-27-thread-1] INFO  server.RaftServerConfigKeys (ConfUtils.java:logGet(43)) - raft.server.log.force.sync.num = 128 (default)
2019-09-26 15:54:20,985 [pool-27-thread-1] INFO  server.RaftServerConfigKeys (ConfUtils.java:logGet(43)) - raft.server.log.statemachine.data.sync = true (default)
2019-09-26 15:54:20,985 [pool-27-thread-1] INFO  server.RaftServerConfigKeys (ConfUtils.java:logGet(43)) - raft.server.log.statemachine.data.sync.timeout = 10s (default)
2019-09-26 15:54:20,985 [pool-27-thread-1] INFO  server.RaftServerConfigKeys (ConfUtils.java:logGet(43)) - raft.server.log.statemachine.data.sync.timeout.retry = -1 (default)
2019-09-26 15:54:20,993 [pool-27-thread-1] INFO  server.RaftServerConfigKeys (ConfUtils.java:logGet(43)) - raft.server.log.statemachine.data.caching.enabled = true (custom)
2019-09-26 15:54:20,997 [pool-27-thread-1] INFO  segmented.SegmentedRaftLogWorker (SegmentedRaftLogWorker.java:lambda$new$0(132)) - 277796b0-7c1f-4e5e-9d69-130dc6003588@group-43B5FB212988-SegmentedRaftLogWorker: flushIndex: setUnconditionally 0 -> -1
2019-09-26 15:54:21,001 [pool-27-thread-1] INFO  server.RaftServerConfigKeys (ConfUtils.java:logGet(43)) - raft.server.snapshot.auto.trigger.enabled = true (custom)
2019-09-26 15:54:21,002 [pool-27-thread-1] INFO  server.RaftServerConfigKeys (ConfUtils.java:logGet(43)) - raft.server.snapshot.auto.trigger.threshold = 10000 (custom)
2019-09-26 15:54:21,003 [pool-27-thread-1] INFO  server.RaftServerConfigKeys (ConfUtils.java:logGet(43)) - raft.server.snapshot.retention.num.files = 5 (custom)
2019-09-26 15:54:21,003 [pool-27-thread-1] INFO  server.RaftServerConfigKeys (ConfUtils.java:logGet(43)) - raft.server.retrycache.expirytime = 600000ms (custom)
2019-09-26 15:54:21,132 [pool-27-thread-1] INFO  impl.RaftServerImpl (RaftServerImpl.java:start(185)) - 277796b0-7c1f-4e5e-9d69-130dc6003588@group-43B5FB212988: start as a follower, conf=-1: [277796b0-7c1f-4e5e-9d69-130dc6003588:192.168.157.234:40474], old=null
2019-09-26 15:54:21,134 [pool-27-thread-1] INFO  impl.RaftServerImpl (RaftServerImpl.java:setRole(174)) - 277796b0-7c1f-4e5e-9d69-130dc6003588@group-43B5FB212988: changes role from      null to FOLLOWER at term 0 for startAsFollower
2019-09-26 15:54:21,136 [pool-27-thread-1] INFO  impl.RoleInfo (RoleInfo.java:updateAndGet(143)) - 277796b0-7c1f-4e5e-9d69-130dc6003588: start FollowerState
2019-09-26 15:54:21,138 [pool-27-thread-1] INFO  util.JmxRegister (JmxRegister.java:tryRegister(44)) - Successfully registered JMX Bean with object name Ratis:service=RaftServer,group=group-43B5FB212988,id=277796b0-7c1f-4e5e-9d69-130dc6003588
2019-09-26 15:54:21,250 [RatisPipelineUtilsThread] INFO  pipeline.PipelineStateManager (PipelineStateManager.java:addPipeline(56)) - Created pipeline Pipeline[ Id: c40ccbb7-75e3-446b-b33a-43b5fb212988, Nodes: 277796b0-7c1f-4e5e-9d69-130dc6003588{ip: 192.168.157.234, host: pr-hdds-2162-htzpk-1451759861, networkLocation: /default-rack, certSerialId: null}, Type:RATIS, Factor:ONE, State:OPEN]
2019-09-26 15:54:21,278 [grpc-default-executor-0] INFO  impl.RaftServerProxy (RaftServerProxy.java:addNew(89)) - 84fb3a66-3f41-460d-9e69-4cc62332d47e: addNew group-61C6842D17CC:[84fb3a66-3f41-460d-9e69-4cc62332d47e:192.168.157.234:41202] returns group-61C6842D17CC:java.util.concurrent.CompletableFuture@3d2e6620[Not completed]
2019-09-26 15:54:21,363 [pool-57-thread-1] INFO  impl.RaftServerImpl (RaftServerImpl.java:<init>(95)) - 84fb3a66-3f41-460d-9e69-4cc62332d47e: new RaftServerImpl for group-61C6842D17CC:[84fb3a66-3f41-460d-9e69-4cc62332d47e:192.168.157.234:41202] with ContainerStateMachine:uninitialized
2019-09-26 15:54:21,365 [pool-57-thread-1] INFO  server.RaftServerConfigKeys (ConfUtils.java:logGet(43)) - raft.server.rpc.timeout.min = 5s (custom)
2019-09-26 15:54:21,366 [pool-57-thread-1] INFO  server.RaftServerConfigKeys (ConfUtils.java:logGet(43)) - raft.server.rpc.timeout.max = 5200ms (custom)
2019-09-26 15:54:21,366 [pool-57-thread-1] INFO  server.RaftServerConfigKeys (ConfUtils.java:logGet(43)) - raft.server.rpcslowness.timeout = 120s (custom)
2019-09-26 15:54:21,366 [pool-57-thread-1] INFO  server.RaftServerConfigKeys (ConfUtils.java:logGet(43)) - raft.server.sleep.deviation.threshold = 300 (default)
2019-09-26 15:54:21,366 [pool-57-thread-1] INFO  server.RaftServerConfigKeys (ConfUtils.java:logGet(43)) - raft.server.log.appender.install.snapshot.enabled = false (custom)
2019-09-26 15:54:21,366 [pool-57-thread-1] INFO  impl.RaftServerImpl (ServerState.java:<init>(103)) - 84fb3a66-3f41-460d-9e69-4cc62332d47e@group-61C6842D17CC: ConfigurationManager, init=-1: [84fb3a66-3f41-460d-9e69-4cc62332d47e:192.168.157.234:41202], old=null, confs=<EMPTY_MAP>
2019-09-26 15:54:21,367 [pool-57-thread-1] INFO  server.RaftServerConfigKeys (ConfUtils.java:logGet(43)) - raft.server.storage.dir = [/workdir/hadoop-ozone/integration-test/target/test-dir/MiniOzoneClusterImpl-b52dc576-3a90-4436-b01d-af36ccb82095/datanode-3/data/ratis] (custom)
2019-09-26 15:54:21,367 [pool-57-thread-1] INFO  storage.RaftStorageDirectory (RaftStorageDirectory.java:analyzeStorage(246)) - The storage directory /workdir/hadoop-ozone/integration-test/target/test-dir/MiniOzoneClusterImpl-b52dc576-3a90-4436-b01d-af36ccb82095/datanode-3/data/ratis/11460f69-3107-44df-971f-61c6842d17cc does not exist. Creating ...
2019-09-26 15:54:21,383 [pool-57-thread-1] INFO  storage.RaftStorageDirectory (RaftStorageDirectory.java:tryLock(328)) - Lock on /workdir/hadoop-ozone/integration-test/target/test-dir/MiniOzoneClusterImpl-b52dc576-3a90-4436-b01d-af36ccb82095/datanode-3/data/ratis/11460f69-3107-44df-971f-61c6842d17cc/in_use.lock acquired by nodename 26544@pr-hdds-2162-htzpk-1451759861
2019-09-26 15:54:21,398 [pool-57-thread-1] INFO  storage.RaftStorage (RaftStorage.java:format(72)) - Storage directory /workdir/hadoop-ozone/integration-test/target/test-dir/MiniOzoneClusterImpl-b52dc576-3a90-4436-b01d-af36ccb82095/datanode-3/data/ratis/11460f69-3107-44df-971f-61c6842d17cc has been successfully formatted.
2019-09-26 15:54:21,407 [pool-57-thread-1] INFO  ratis.ContainerStateMachine (ContainerStateMachine.java:loadSnapshot(230)) - group-61C6842D17CC: The snapshot info is null. Setting the last applied indexto:(t:0, i:~)
2019-09-26 15:54:21,407 [pool-57-thread-1] INFO  server.RaftServerConfigKeys (ConfUtils.java:logGet(43)) - raft.server.notification.no-leader.timeout = 120s (custom)
2019-09-26 15:54:21,407 [pool-57-thread-1] INFO  server.RaftServerConfigKeys (ConfUtils.java:logGet(43)) - raft.server.log.use.memory = false (default)
2019-09-26 15:54:21,407 [pool-57-thread-1] INFO  server.RaftServerConfigKeys (ConfUtils.java:logGet(43)) - raft.server.log.purge.gap = 1000000 (custom)
2019-09-26 15:54:21,408 [pool-57-thread-1] INFO  server.RaftServerConfigKeys (ConfUtils.java:logGet(43)) - raft.server.log.appender.buffer.byte-limit = 33554432 (custom)
2019-09-26 15:54:21,408 [pool-57-thread-1] INFO  server.RaftServerConfigKeys (ConfUtils.java:logGet(43)) - raft.server.log.segment.size.max = 1048576 (custom)
2019-09-26 15:54:21,408 [pool-57-thread-1] INFO  server.RaftServerConfigKeys (ConfUtils.java:logGet(43)) - raft.server.log.segment.cache.num.max = 2 (custom)
2019-09-26 15:54:21,408 [pool-57-thread-1] INFO  segmented.SegmentedRaftLogWorker (SegmentedRaftLogWorker.java:<init>(172)) - new 84fb3a66-3f41-460d-9e69-4cc62332d47e@group-61C6842D17CC-SegmentedRaftLogWorker for RaftStorage:Storage Directory /workdir/hadoop-ozone/integration-test/target/test-dir/MiniOzoneClusterImpl-b52dc576-3a90-4436-b01d-af36ccb82095/datanode-3/data/ratis/11460f69-3107-44df-971f-61c6842d17cc
2019-09-26 15:54:21,415 [pool-57-thread-1] INFO  server.RaftServerConfigKeys (ConfUtils.java:logGet(43)) - raft.server.log.queue.byte-limit = 2147483647 (custom)
2019-09-26 15:54:21,416 [pool-57-thread-1] INFO  server.RaftServerConfigKeys (ConfUtils.java:logGet(43)) - raft.server.log.queue.element-limit = 1024 (custom)
2019-09-26 15:54:21,416 [pool-57-thread-1] INFO  server.RaftServerConfigKeys (ConfUtils.java:logGet(43)) - raft.server.log.segment.size.max = 1048576 (custom)
2019-09-26 15:54:21,416 [pool-57-thread-1] INFO  server.RaftServerConfigKeys (ConfUtils.java:logGet(43)) - raft.server.log.preallocated.size = 16384 (custom)
2019-09-26 15:54:21,416 [pool-57-thread-1] INFO  server.RaftServerConfigKeys (ConfUtils.java:logGet(43)) - raft.server.log.write.buffer.size = 33554432 (custom)
2019-09-26 15:54:21,417 [pool-57-thread-1] INFO  server.RaftServerConfigKeys (ConfUtils.java:logGet(43)) - raft.server.log.force.sync.num = 128 (default)
2019-09-26 15:54:21,417 [pool-57-thread-1] INFO  server.RaftServerConfigKeys (ConfUtils.java:logGet(43)) - raft.server.log.statemachine.data.sync = true (default)
2019-09-26 15:54:21,417 [pool-57-thread-1] INFO  server.RaftServerConfigKeys (ConfUtils.java:logGet(43)) - raft.server.log.statemachine.data.sync.timeout = 10s (default)
2019-09-26 15:54:21,417 [pool-57-thread-1] INFO  server.RaftServerConfigKeys (ConfUtils.java:logGet(43)) - raft.server.log.statemachine.data.sync.timeout.retry = -1 (default)
2019-09-26 15:54:21,418 [pool-57-thread-1] INFO  server.RaftServerConfigKeys (ConfUtils.java:logGet(43)) - raft.server.log.statemachine.data.caching.enabled = true (custom)
2019-09-26 15:54:21,418 [pool-57-thread-1] INFO  segmented.SegmentedRaftLogWorker (SegmentedRaftLogWorker.java:lambda$new$0(132)) - 84fb3a66-3f41-460d-9e69-4cc62332d47e@group-61C6842D17CC-SegmentedRaftLogWorker: flushIndex: setUnconditionally 0 -> -1
2019-09-26 15:54:21,419 [pool-57-thread-1] INFO  server.RaftServerConfigKeys (ConfUtils.java:logGet(43)) - raft.server.snapshot.auto.trigger.enabled = true (custom)
2019-09-26 15:54:21,419 [pool-57-thread-1] INFO  server.RaftServerConfigKeys (ConfUtils.java:logGet(43)) - raft.server.snapshot.auto.trigger.threshold = 10000 (custom)
2019-09-26 15:54:21,419 [pool-57-thread-1] INFO  server.RaftServerConfigKeys (ConfUtils.java:logGet(43)) - raft.server.snapshot.retention.num.files = 5 (custom)
2019-09-26 15:54:21,419 [pool-57-thread-1] INFO  server.RaftServerConfigKeys (ConfUtils.java:logGet(43)) - raft.server.retrycache.expirytime = 600000ms (custom)
2019-09-26 15:54:21,426 [pool-57-thread-1] INFO  impl.RaftServerImpl (RaftServerImpl.java:start(185)) - 84fb3a66-3f41-460d-9e69-4cc62332d47e@group-61C6842D17CC: start as a follower, conf=-1: [84fb3a66-3f41-460d-9e69-4cc62332d47e:192.168.157.234:41202], old=null
2019-09-26 15:54:21,426 [pool-57-thread-1] INFO  impl.RaftServerImpl (RaftServerImpl.java:setRole(174)) - 84fb3a66-3f41-460d-9e69-4cc62332d47e@group-61C6842D17CC: changes role from      null to FOLLOWER at term 0 for startAsFollower
2019-09-26 15:54:21,426 [pool-57-thread-1] INFO  impl.RoleInfo (RoleInfo.java:updateAndGet(143)) - 84fb3a66-3f41-460d-9e69-4cc62332d47e: start FollowerState
2019-09-26 15:54:21,427 [pool-57-thread-1] INFO  util.JmxRegister (JmxRegister.java:tryRegister(44)) - Successfully registered JMX Bean with object name Ratis:service=RaftServer,group=group-61C6842D17CC,id=84fb3a66-3f41-460d-9e69-4cc62332d47e
2019-09-26 15:54:21,449 [RatisPipelineUtilsThread] INFO  pipeline.PipelineStateManager (PipelineStateManager.java:addPipeline(56)) - Created pipeline Pipeline[ Id: 11460f69-3107-44df-971f-61c6842d17cc, Nodes: 84fb3a66-3f41-460d-9e69-4cc62332d47e{ip: 192.168.157.234, host: pr-hdds-2162-htzpk-1451759861, networkLocation: /default-rack, certSerialId: null}, Type:RATIS, Factor:ONE, State:OPEN]
2019-09-26 15:54:21,483 [grpc-default-executor-0] INFO  impl.RaftServerProxy (RaftServerProxy.java:addNew(89)) - 0a9353e1-ac44-4328-9be7-ee392af6c194: addNew group-31D2F32906B8:[0a9353e1-ac44-4328-9be7-ee392af6c194:192.168.157.234:38051] returns group-31D2F32906B8:java.util.concurrent.CompletableFuture@52cae632[Not completed]
2019-09-26 15:54:21,527 [pool-117-thread-1] INFO  impl.RaftServerImpl (RaftServerImpl.java:<init>(95)) - 0a9353e1-ac44-4328-9be7-ee392af6c194: new RaftServerImpl for group-31D2F32906B8:[0a9353e1-ac44-4328-9be7-ee392af6c194:192.168.157.234:38051] with ContainerStateMachine:uninitialized
2019-09-26 15:54:21,528 [pool-117-thread-1] INFO  server.RaftServerConfigKeys (ConfUtils.java:logGet(43)) - raft.server.rpc.timeout.min = 5s (custom)
2019-09-26 15:54:21,528 [pool-117-thread-1] INFO  server.RaftServerConfigKeys (ConfUtils.java:logGet(43)) - raft.server.rpc.timeout.max = 5200ms (custom)
2019-09-26 15:54:21,528 [pool-117-thread-1] INFO  server.RaftServerConfigKeys (ConfUtils.java:logGet(43)) - raft.server.rpcslowness.timeout = 120s (custom)
2019-09-26 15:54:21,528 [pool-117-thread-1] INFO  server.RaftServerConfigKeys (ConfUtils.java:logGet(43)) - raft.server.sleep.deviation.threshold = 300 (default)
2019-09-26 15:54:21,528 [pool-117-thread-1] INFO  server.RaftServerConfigKeys (ConfUtils.java:logGet(43)) - raft.server.log.appender.install.snapshot.enabled = false (custom)
2019-09-26 15:54:21,528 [pool-117-thread-1] INFO  impl.RaftServerImpl (ServerState.java:<init>(103)) - 0a9353e1-ac44-4328-9be7-ee392af6c194@group-31D2F32906B8: ConfigurationManager, init=-1: [0a9353e1-ac44-4328-9be7-ee392af6c194:192.168.157.234:38051], old=null, confs=<EMPTY_MAP>
2019-09-26 15:54:21,529 [pool-117-thread-1] INFO  server.RaftServerConfigKeys (ConfUtils.java:logGet(43)) - raft.server.storage.dir = [/workdir/hadoop-ozone/integration-test/target/test-dir/MiniOzoneClusterImpl-b52dc576-3a90-4436-b01d-af36ccb82095/datanode-9/data/ratis] (custom)
2019-09-26 15:54:21,529 [pool-117-thread-1] INFO  storage.RaftStorageDirectory (RaftStorageDirectory.java:analyzeStorage(246)) - The storage directory /workdir/hadoop-ozone/integration-test/target/test-dir/MiniOzoneClusterImpl-b52dc576-3a90-4436-b01d-af36ccb82095/datanode-9/data/ratis/42d73e90-e804-42d3-84af-31d2f32906b8 does not exist. Creating ...
2019-09-26 15:54:21,543 [pool-117-thread-1] INFO  storage.RaftStorageDirectory (RaftStorageDirectory.java:tryLock(328)) - Lock on /workdir/hadoop-ozone/integration-test/target/test-dir/MiniOzoneClusterImpl-b52dc576-3a90-4436-b01d-af36ccb82095/datanode-9/data/ratis/42d73e90-e804-42d3-84af-31d2f32906b8/in_use.lock acquired by nodename 26544@pr-hdds-2162-htzpk-1451759861
2019-09-26 15:54:21,557 [pool-117-thread-1] INFO  storage.RaftStorage (RaftStorage.java:format(72)) - Storage directory /workdir/hadoop-ozone/integration-test/target/test-dir/MiniOzoneClusterImpl-b52dc576-3a90-4436-b01d-af36ccb82095/datanode-9/data/ratis/42d73e90-e804-42d3-84af-31d2f32906b8 has been successfully formatted.
2019-09-26 15:54:21,560 [pool-117-thread-1] INFO  ratis.ContainerStateMachine (ContainerStateMachine.java:loadSnapshot(230)) - group-31D2F32906B8: The snapshot info is null. Setting the last applied indexto:(t:0, i:~)
2019-09-26 15:54:21,563 [pool-117-thread-1] INFO  server.RaftServerConfigKeys (ConfUtils.java:logGet(43)) - raft.server.notification.no-leader.timeout = 120s (custom)
2019-09-26 15:54:21,563 [pool-117-thread-1] INFO  server.RaftServerConfigKeys (ConfUtils.java:logGet(43)) - raft.server.log.use.memory = false (default)
2019-09-26 15:54:21,563 [pool-117-thread-1] INFO  server.RaftServerConfigKeys (ConfUtils.java:logGet(43)) - raft.server.log.purge.gap = 1000000 (custom)
2019-09-26 15:54:21,563 [pool-117-thread-1] INFO  server.RaftServerConfigKeys (ConfUtils.java:logGet(43)) - raft.server.log.appender.buffer.byte-limit = 33554432 (custom)
2019-09-26 15:54:21,563 [pool-117-thread-1] INFO  server.RaftServerConfigKeys (ConfUtils.java:logGet(43)) - raft.server.log.segment.size.max = 1048576 (custom)
2019-09-26 15:54:21,564 [pool-117-thread-1] INFO  server.RaftServerConfigKeys (ConfUtils.java:logGet(43)) - raft.server.log.segment.cache.num.max = 2 (custom)
2019-09-26 15:54:21,564 [pool-117-thread-1] INFO  segmented.SegmentedRaftLogWorker (SegmentedRaftLogWorker.java:<init>(172)) - new 0a9353e1-ac44-4328-9be7-ee392af6c194@group-31D2F32906B8-SegmentedRaftLogWorker for RaftStorage:Storage Directory /workdir/hadoop-ozone/integration-test/target/test-dir/MiniOzoneClusterImpl-b52dc576-3a90-4436-b01d-af36ccb82095/datanode-9/data/ratis/42d73e90-e804-42d3-84af-31d2f32906b8
2019-09-26 15:54:21,627 [pool-117-thread-1] INFO  server.RaftServerConfigKeys (ConfUtils.java:logGet(43)) - raft.server.log.queue.byte-limit = 2147483647 (custom)
2019-09-26 15:54:21,627 [pool-117-thread-1] INFO  server.RaftServerConfigKeys (ConfUtils.java:logGet(43)) - raft.server.log.queue.element-limit = 1024 (custom)
2019-09-26 15:54:21,628 [pool-117-thread-1] INFO  server.RaftServerConfigKeys (ConfUtils.java:logGet(43)) - raft.server.log.segment.size.max = 1048576 (custom)
2019-09-26 15:54:21,628 [pool-117-thread-1] INFO  server.RaftServerConfigKeys (ConfUtils.java:logGet(43)) - raft.server.log.preallocated.size = 16384 (custom)
2019-09-26 15:54:21,628 [pool-117-thread-1] INFO  server.RaftServerConfigKeys (ConfUtils.java:logGet(43)) - raft.server.log.write.buffer.size = 33554432 (custom)
2019-09-26 15:54:21,628 [pool-117-thread-1] INFO  server.RaftServerConfigKeys (ConfUtils.java:logGet(43)) - raft.server.log.force.sync.num = 128 (default)
2019-09-26 15:54:21,628 [pool-117-thread-1] INFO  server.RaftServerConfigKeys (ConfUtils.java:logGet(43)) - raft.server.log.statemachine.data.sync = true (default)
2019-09-26 15:54:21,629 [pool-117-thread-1] INFO  server.RaftServerConfigKeys (ConfUtils.java:logGet(43)) - raft.server.log.statemachine.data.sync.timeout = 10s (default)
2019-09-26 15:54:21,629 [pool-117-thread-1] INFO  server.RaftServerConfigKeys (ConfUtils.java:logGet(43)) - raft.server.log.statemachine.data.sync.timeout.retry = -1 (default)
2019-09-26 15:54:21,629 [pool-117-thread-1] INFO  server.RaftServerConfigKeys (ConfUtils.java:logGet(43)) - raft.server.log.statemachine.data.caching.enabled = true (custom)
2019-09-26 15:54:21,630 [pool-117-thread-1] INFO  segmented.SegmentedRaftLogWorker (SegmentedRaftLogWorker.java:lambda$new$0(132)) - 0a9353e1-ac44-4328-9be7-ee392af6c194@group-31D2F32906B8-SegmentedRaftLogWorker: flushIndex: setUnconditionally 0 -> -1
2019-09-26 15:54:21,630 [pool-117-thread-1] INFO  server.RaftServerConfigKeys (ConfUtils.java:logGet(43)) - raft.server.snapshot.auto.trigger.enabled = true (custom)
2019-09-26 15:54:21,630 [pool-117-thread-1] INFO  server.RaftServerConfigKeys (ConfUtils.java:logGet(43)) - raft.server.snapshot.auto.trigger.threshold = 10000 (custom)
2019-09-26 15:54:21,631 [pool-117-thread-1] INFO  server.RaftServerConfigKeys (ConfUtils.java:logGet(43)) - raft.server.snapshot.retention.num.files = 5 (custom)
2019-09-26 15:54:21,631 [pool-117-thread-1] INFO  server.RaftServerConfigKeys (ConfUtils.java:logGet(43)) - raft.server.retrycache.expirytime = 600000ms (custom)
2019-09-26 15:54:21,640 [pool-117-thread-1] INFO  impl.RaftServerImpl (RaftServerImpl.java:start(185)) - 0a9353e1-ac44-4328-9be7-ee392af6c194@group-31D2F32906B8: start as a follower, conf=-1: [0a9353e1-ac44-4328-9be7-ee392af6c194:192.168.157.234:38051], old=null
2019-09-26 15:54:21,640 [pool-117-thread-1] INFO  impl.RaftServerImpl (RaftServerImpl.java:setRole(174)) - 0a9353e1-ac44-4328-9be7-ee392af6c194@group-31D2F32906B8: changes role from      null to FOLLOWER at term 0 for startAsFollower
2019-09-26 15:54:21,640 [pool-117-thread-1] INFO  impl.RoleInfo (RoleInfo.java:updateAndGet(143)) - 0a9353e1-ac44-4328-9be7-ee392af6c194: start FollowerState
2019-09-26 15:54:21,644 [pool-117-thread-1] INFO  util.JmxRegister (JmxRegister.java:tryRegister(44)) - Successfully registered JMX Bean with object name Ratis:service=RaftServer,group=group-31D2F32906B8,id=0a9353e1-ac44-4328-9be7-ee392af6c194
2019-09-26 15:54:21,659 [RatisPipelineUtilsThread] INFO  pipeline.PipelineStateManager (PipelineStateManager.java:addPipeline(56)) - Created pipeline Pipeline[ Id: 42d73e90-e804-42d3-84af-31d2f32906b8, Nodes: 0a9353e1-ac44-4328-9be7-ee392af6c194{ip: 192.168.157.234, host: pr-hdds-2162-htzpk-1451759861, networkLocation: /default-rack, certSerialId: null}, Type:RATIS, Factor:ONE, State:OPEN]
2019-09-26 15:54:21,682 [grpc-default-executor-0] INFO  impl.RaftServerProxy (RaftServerProxy.java:addNew(89)) - 5e8efae4-1bfc-4920-bedf-2411f13adce7: addNew group-BD6655452631:[5e8efae4-1bfc-4920-bedf-2411f13adce7:192.168.157.234:40706] returns group-BD6655452631:java.util.concurrent.CompletableFuture@205db57c[Not completed]
2019-09-26 15:54:21,687 [pool-97-thread-1] INFO  impl.RaftServerImpl (RaftServerImpl.java:<init>(95)) - 5e8efae4-1bfc-4920-bedf-2411f13adce7: new RaftServerImpl for group-BD6655452631:[5e8efae4-1bfc-4920-bedf-2411f13adce7:192.168.157.234:40706] with ContainerStateMachine:uninitialized
2019-09-26 15:54:21,688 [pool-97-thread-1] INFO  server.RaftServerConfigKeys (ConfUtils.java:logGet(43)) - raft.server.rpc.timeout.min = 5s (custom)
2019-09-26 15:54:21,688 [pool-97-thread-1] INFO  server.RaftServerConfigKeys (ConfUtils.java:logGet(43)) - raft.server.rpc.timeout.max = 5200ms (custom)
2019-09-26 15:54:21,688 [pool-97-thread-1] INFO  server.RaftServerConfigKeys (ConfUtils.java:logGet(43)) - raft.server.rpcslowness.timeout = 120s (custom)
2019-09-26 15:54:21,688 [pool-97-thread-1] INFO  server.RaftServerConfigKeys (ConfUtils.java:logGet(43)) - raft.server.sleep.deviation.threshold = 300 (default)
2019-09-26 15:54:21,688 [pool-97-thread-1] INFO  server.RaftServerConfigKeys (ConfUtils.java:logGet(43)) - raft.server.log.appender.install.snapshot.enabled = false (custom)
2019-09-26 15:54:21,689 [pool-97-thread-1] INFO  impl.RaftServerImpl (ServerState.java:<init>(103)) - 5e8efae4-1bfc-4920-bedf-2411f13adce7@group-BD6655452631: ConfigurationManager, init=-1: [5e8efae4-1bfc-4920-bedf-2411f13adce7:192.168.157.234:40706], old=null, confs=<EMPTY_MAP>
2019-09-26 15:54:21,689 [pool-97-thread-1] INFO  server.RaftServerConfigKeys (ConfUtils.java:logGet(43)) - raft.server.storage.dir = [/workdir/hadoop-ozone/integration-test/target/test-dir/MiniOzoneClusterImpl-b52dc576-3a90-4436-b01d-af36ccb82095/datanode-7/data/ratis] (custom)
2019-09-26 15:54:21,689 [pool-97-thread-1] INFO  storage.RaftStorageDirectory (RaftStorageDirectory.java:analyzeStorage(246)) - The storage directory /workdir/hadoop-ozone/integration-test/target/test-dir/MiniOzoneClusterImpl-b52dc576-3a90-4436-b01d-af36ccb82095/datanode-7/data/ratis/7edf7a46-2596-4add-85fd-bd6655452631 does not exist. Creating ...
2019-09-26 15:54:21,700 [pool-97-thread-1] INFO  storage.RaftStorageDirectory (RaftStorageDirectory.java:tryLock(328)) - Lock on /workdir/hadoop-ozone/integration-test/target/test-dir/MiniOzoneClusterImpl-b52dc576-3a90-4436-b01d-af36ccb82095/datanode-7/data/ratis/7edf7a46-2596-4add-85fd-bd6655452631/in_use.lock acquired by nodename 26544@pr-hdds-2162-htzpk-1451759861
2019-09-26 15:54:21,714 [pool-97-thread-1] INFO  storage.RaftStorage (RaftStorage.java:format(72)) - Storage directory /workdir/hadoop-ozone/integration-test/target/test-dir/MiniOzoneClusterImpl-b52dc576-3a90-4436-b01d-af36ccb82095/datanode-7/data/ratis/7edf7a46-2596-4add-85fd-bd6655452631 has been successfully formatted.
2019-09-26 15:54:21,714 [pool-97-thread-1] INFO  ratis.ContainerStateMachine (ContainerStateMachine.java:loadSnapshot(230)) - group-BD6655452631: The snapshot info is null. Setting the last applied indexto:(t:0, i:~)
2019-09-26 15:54:21,715 [pool-97-thread-1] INFO  server.RaftServerConfigKeys (ConfUtils.java:logGet(43)) - raft.server.notification.no-leader.timeout = 120s (custom)
2019-09-26 15:54:21,715 [pool-97-thread-1] INFO  server.RaftServerConfigKeys (ConfUtils.java:logGet(43)) - raft.server.log.use.memory = false (default)
2019-09-26 15:54:21,715 [pool-97-thread-1] INFO  server.RaftServerConfigKeys (ConfUtils.java:logGet(43)) - raft.server.log.purge.gap = 1000000 (custom)
2019-09-26 15:54:21,715 [pool-97-thread-1] INFO  server.RaftServerConfigKeys (ConfUtils.java:logGet(43)) - raft.server.log.appender.buffer.byte-limit = 33554432 (custom)
2019-09-26 15:54:21,715 [pool-97-thread-1] INFO  server.RaftServerConfigKeys (ConfUtils.java:logGet(43)) - raft.server.log.segment.size.max = 1048576 (custom)
2019-09-26 15:54:21,716 [pool-97-thread-1] INFO  server.RaftServerConfigKeys (ConfUtils.java:logGet(43)) - raft.server.log.segment.cache.num.max = 2 (custom)
2019-09-26 15:54:21,716 [pool-97-thread-1] INFO  segmented.SegmentedRaftLogWorker (SegmentedRaftLogWorker.java:<init>(172)) - new 5e8efae4-1bfc-4920-bedf-2411f13adce7@group-BD6655452631-SegmentedRaftLogWorker for RaftStorage:Storage Directory /workdir/hadoop-ozone/integration-test/target/test-dir/MiniOzoneClusterImpl-b52dc576-3a90-4436-b01d-af36ccb82095/datanode-7/data/ratis/7edf7a46-2596-4add-85fd-bd6655452631
2019-09-26 15:54:21,721 [pool-97-thread-1] INFO  server.RaftServerConfigKeys (ConfUtils.java:logGet(43)) - raft.server.log.queue.byte-limit = 2147483647 (custom)
2019-09-26 15:54:21,721 [pool-97-thread-1] INFO  server.RaftServerConfigKeys (ConfUtils.java:logGet(43)) - raft.server.log.queue.element-limit = 1024 (custom)
2019-09-26 15:54:21,722 [pool-97-thread-1] INFO  server.RaftServerConfigKeys (ConfUtils.java:logGet(43)) - raft.server.log.segment.size.max = 1048576 (custom)
2019-09-26 15:54:21,722 [pool-97-thread-1] INFO  server.RaftServerConfigKeys (ConfUtils.java:logGet(43)) - raft.server.log.preallocated.size = 16384 (custom)
2019-09-26 15:54:21,722 [pool-97-thread-1] INFO  server.RaftServerConfigKeys (ConfUtils.java:logGet(43)) - raft.server.log.write.buffer.size = 33554432 (custom)
2019-09-26 15:54:21,722 [pool-97-thread-1] INFO  server.RaftServerConfigKeys (ConfUtils.java:logGet(43)) - raft.server.log.force.sync.num = 128 (default)
2019-09-26 15:54:21,723 [pool-97-thread-1] INFO  server.RaftServerConfigKeys (ConfUtils.java:logGet(43)) - raft.server.log.statemachine.data.sync = true (default)
2019-09-26 15:54:21,723 [pool-97-thread-1] INFO  server.RaftServerConfigKeys (ConfUtils.java:logGet(43)) - raft.server.log.statemachine.data.sync.timeout = 10s (default)
2019-09-26 15:54:21,723 [pool-97-thread-1] INFO  server.RaftServerConfigKeys (ConfUtils.java:logGet(43)) - raft.server.log.statemachine.data.sync.timeout.retry = -1 (default)
2019-09-26 15:54:21,723 [pool-97-thread-1] INFO  server.RaftServerConfigKeys (ConfUtils.java:logGet(43)) - raft.server.log.statemachine.data.caching.enabled = true (custom)
2019-09-26 15:54:21,724 [pool-97-thread-1] INFO  segmented.SegmentedRaftLogWorker (SegmentedRaftLogWorker.java:lambda$new$0(132)) - 5e8efae4-1bfc-4920-bedf-2411f13adce7@group-BD6655452631-SegmentedRaftLogWorker: flushIndex: setUnconditionally 0 -> -1
2019-09-26 15:54:21,724 [pool-97-thread-1] INFO  server.RaftServerConfigKeys (ConfUtils.java:logGet(43)) - raft.server.snapshot.auto.trigger.enabled = true (custom)
2019-09-26 15:54:21,724 [pool-97-thread-1] INFO  server.RaftServerConfigKeys (ConfUtils.java:logGet(43)) - raft.server.snapshot.auto.trigger.threshold = 10000 (custom)
2019-09-26 15:54:21,724 [pool-97-thread-1] INFO  server.RaftServerConfigKeys (ConfUtils.java:logGet(43)) - raft.server.snapshot.retention.num.files = 5 (custom)
2019-09-26 15:54:21,725 [pool-97-thread-1] INFO  server.RaftServerConfigKeys (ConfUtils.java:logGet(43)) - raft.server.retrycache.expirytime = 600000ms (custom)
2019-09-26 15:54:21,730 [pool-97-thread-1] INFO  impl.RaftServerImpl (RaftServerImpl.java:start(185)) - 5e8efae4-1bfc-4920-bedf-2411f13adce7@group-BD6655452631: start as a follower, conf=-1: [5e8efae4-1bfc-4920-bedf-2411f13adce7:192.168.157.234:40706], old=null
2019-09-26 15:54:21,730 [pool-97-thread-1] INFO  impl.RaftServerImpl (RaftServerImpl.java:setRole(174)) - 5e8efae4-1bfc-4920-bedf-2411f13adce7@group-BD6655452631: changes role from      null to FOLLOWER at term 0 for startAsFollower
2019-09-26 15:54:21,731 [pool-97-thread-1] INFO  impl.RoleInfo (RoleInfo.java:updateAndGet(143)) - 5e8efae4-1bfc-4920-bedf-2411f13adce7: start FollowerState
2019-09-26 15:54:21,731 [pool-97-thread-1] INFO  util.JmxRegister (JmxRegister.java:tryRegister(44)) - Successfully registered JMX Bean with object name Ratis:service=RaftServer,group=group-BD6655452631,id=5e8efae4-1bfc-4920-bedf-2411f13adce7
2019-09-26 15:54:21,758 [RatisPipelineUtilsThread] INFO  pipeline.PipelineStateManager (PipelineStateManager.java:addPipeline(56)) - Created pipeline Pipeline[ Id: 7edf7a46-2596-4add-85fd-bd6655452631, Nodes: 5e8efae4-1bfc-4920-bedf-2411f13adce7{ip: 192.168.157.234, host: pr-hdds-2162-htzpk-1451759861, networkLocation: /default-rack, certSerialId: null}, Type:RATIS, Factor:ONE, State:OPEN]
2019-09-26 15:54:21,780 [grpc-default-executor-0] INFO  impl.RaftServerProxy (RaftServerProxy.java:addNew(89)) - 1db74e33-95b2-4a02-afc0-c3b777a2f5f7: addNew group-D8E33A113E5F:[1db74e33-95b2-4a02-afc0-c3b777a2f5f7:192.168.157.234:42936] returns group-D8E33A113E5F:java.util.concurrent.CompletableFuture@6f84a23b[Not completed]
2019-09-26 15:54:21,785 [pool-77-thread-1] INFO  impl.RaftServerImpl (RaftServerImpl.java:<init>(95)) - 1db74e33-95b2-4a02-afc0-c3b777a2f5f7: new RaftServerImpl for group-D8E33A113E5F:[1db74e33-95b2-4a02-afc0-c3b777a2f5f7:192.168.157.234:42936] with ContainerStateMachine:uninitialized
2019-09-26 15:54:21,785 [pool-77-thread-1] INFO  server.RaftServerConfigKeys (ConfUtils.java:logGet(43)) - raft.server.rpc.timeout.min = 5s (custom)
2019-09-26 15:54:21,786 [pool-77-thread-1] INFO  server.RaftServerConfigKeys (ConfUtils.java:logGet(43)) - raft.server.rpc.timeout.max = 5200ms (custom)
2019-09-26 15:54:21,786 [pool-77-thread-1] INFO  server.RaftServerConfigKeys (ConfUtils.java:logGet(43)) - raft.server.rpcslowness.timeout = 120s (custom)
2019-09-26 15:54:21,786 [pool-77-thread-1] INFO  server.RaftServerConfigKeys (ConfUtils.java:logGet(43)) - raft.server.sleep.deviation.threshold = 300 (default)
2019-09-26 15:54:21,786 [pool-77-thread-1] INFO  server.RaftServerConfigKeys (ConfUtils.java:logGet(43)) - raft.server.log.appender.install.snapshot.enabled = false (custom)
2019-09-26 15:54:21,786 [pool-77-thread-1] INFO  impl.RaftServerImpl (ServerState.java:<init>(103)) - 1db74e33-95b2-4a02-afc0-c3b777a2f5f7@group-D8E33A113E5F: ConfigurationManager, init=-1: [1db74e33-95b2-4a02-afc0-c3b777a2f5f7:192.168.157.234:42936], old=null, confs=<EMPTY_MAP>
2019-09-26 15:54:21,787 [pool-77-thread-1] INFO  server.RaftServerConfigKeys (ConfUtils.java:logGet(43)) - raft.server.storage.dir = [/workdir/hadoop-ozone/integration-test/target/test-dir/MiniOzoneClusterImpl-b52dc576-3a90-4436-b01d-af36ccb82095/datanode-5/data/ratis] (custom)
2019-09-26 15:54:21,787 [pool-77-thread-1] INFO  storage.RaftStorageDirectory (RaftStorageDirectory.java:analyzeStorage(246)) - The storage directory /workdir/hadoop-ozone/integration-test/target/test-dir/MiniOzoneClusterImpl-b52dc576-3a90-4436-b01d-af36ccb82095/datanode-5/data/ratis/6f9a56d6-009f-4950-84a5-d8e33a113e5f does not exist. Creating ...
2019-09-26 15:54:21,801 [pool-77-thread-1] INFO  storage.RaftStorageDirectory (RaftStorageDirectory.java:tryLock(328)) - Lock on /workdir/hadoop-ozone/integration-test/target/test-dir/MiniOzoneClusterImpl-b52dc576-3a90-4436-b01d-af36ccb82095/datanode-5/data/ratis/6f9a56d6-009f-4950-84a5-d8e33a113e5f/in_use.lock acquired by nodename 26544@pr-hdds-2162-htzpk-1451759861
2019-09-26 15:54:21,815 [pool-77-thread-1] INFO  storage.RaftStorage (RaftStorage.java:format(72)) - Storage directory /workdir/hadoop-ozone/integration-test/target/test-dir/MiniOzoneClusterImpl-b52dc576-3a90-4436-b01d-af36ccb82095/datanode-5/data/ratis/6f9a56d6-009f-4950-84a5-d8e33a113e5f has been successfully formatted.
2019-09-26 15:54:21,815 [pool-77-thread-1] INFO  ratis.ContainerStateMachine (ContainerStateMachine.java:loadSnapshot(230)) - group-D8E33A113E5F: The snapshot info is null. Setting the last applied indexto:(t:0, i:~)
2019-09-26 15:54:21,815 [pool-77-thread-1] INFO  server.RaftServerConfigKeys (ConfUtils.java:logGet(43)) - raft.server.notification.no-leader.timeout = 120s (custom)
2019-09-26 15:54:21,816 [pool-77-thread-1] INFO  server.RaftServerConfigKeys (ConfUtils.java:logGet(43)) - raft.server.log.use.memory = false (default)
2019-09-26 15:54:21,816 [pool-77-thread-1] INFO  server.RaftServerConfigKeys (ConfUtils.java:logGet(43)) - raft.server.log.purge.gap = 1000000 (custom)
2019-09-26 15:54:21,816 [pool-77-thread-1] INFO  server.RaftServerConfigKeys (ConfUtils.java:logGet(43)) - raft.server.log.appender.buffer.byte-limit = 33554432 (custom)
2019-09-26 15:54:21,816 [pool-77-thread-1] INFO  server.RaftServerConfigKeys (ConfUtils.java:logGet(43)) - raft.server.log.segment.size.max = 1048576 (custom)
2019-09-26 15:54:21,816 [pool-77-thread-1] INFO  server.RaftServerConfigKeys (ConfUtils.java:logGet(43)) - raft.server.log.segment.cache.num.max = 2 (custom)
2019-09-26 15:54:21,817 [pool-77-thread-1] INFO  segmented.SegmentedRaftLogWorker (SegmentedRaftLogWorker.java:<init>(172)) - new 1db74e33-95b2-4a02-afc0-c3b777a2f5f7@group-D8E33A113E5F-SegmentedRaftLogWorker for RaftStorage:Storage Directory /workdir/hadoop-ozone/integration-test/target/test-dir/MiniOzoneClusterImpl-b52dc576-3a90-4436-b01d-af36ccb82095/datanode-5/data/ratis/6f9a56d6-009f-4950-84a5-d8e33a113e5f
2019-09-26 15:54:21,822 [pool-77-thread-1] INFO  server.RaftServerConfigKeys (ConfUtils.java:logGet(43)) - raft.server.log.queue.byte-limit = 2147483647 (custom)
2019-09-26 15:54:21,822 [pool-77-thread-1] INFO  server.RaftServerConfigKeys (ConfUtils.java:logGet(43)) - raft.server.log.queue.element-limit = 1024 (custom)
2019-09-26 15:54:21,823 [pool-77-thread-1] INFO  server.RaftServerConfigKeys (ConfUtils.java:logGet(43)) - raft.server.log.segment.size.max = 1048576 (custom)
2019-09-26 15:54:21,823 [pool-77-thread-1] INFO  server.RaftServerConfigKeys (ConfUtils.java:logGet(43)) - raft.server.log.preallocated.size = 16384 (custom)
2019-09-26 15:54:21,823 [pool-77-thread-1] INFO  server.RaftServerConfigKeys (ConfUtils.java:logGet(43)) - raft.server.log.write.buffer.size = 33554432 (custom)
2019-09-26 15:54:21,823 [pool-77-thread-1] INFO  server.RaftServerConfigKeys (ConfUtils.java:logGet(43)) - raft.server.log.force.sync.num = 128 (default)
2019-09-26 15:54:21,823 [pool-77-thread-1] INFO  server.RaftServerConfigKeys (ConfUtils.java:logGet(43)) - raft.server.log.statemachine.data.sync = true (default)
2019-09-26 15:54:21,824 [pool-77-thread-1] INFO  server.RaftServerConfigKeys (ConfUtils.java:logGet(43)) - raft.server.log.statemachine.data.sync.timeout = 10s (default)
2019-09-26 15:54:21,824 [pool-77-thread-1] INFO  server.RaftServerConfigKeys (ConfUtils.java:logGet(43)) - raft.server.log.statemachine.data.sync.timeout.retry = -1 (default)
2019-09-26 15:54:21,824 [pool-77-thread-1] INFO  server.RaftServerConfigKeys (ConfUtils.java:logGet(43)) - raft.server.log.statemachine.data.caching.enabled = true (custom)
2019-09-26 15:54:21,825 [pool-77-thread-1] INFO  segmented.SegmentedRaftLogWorker (SegmentedRaftLogWorker.java:lambda$new$0(132)) - 1db74e33-95b2-4a02-afc0-c3b777a2f5f7@group-D8E33A113E5F-SegmentedRaftLogWorker: flushIndex: setUnconditionally 0 -> -1
2019-09-26 15:54:21,825 [pool-77-thread-1] INFO  server.RaftServerConfigKeys (ConfUtils.java:logGet(43)) - raft.server.snapshot.auto.trigger.enabled = true (custom)
2019-09-26 15:54:21,825 [pool-77-thread-1] INFO  server.RaftServerConfigKeys (ConfUtils.java:logGet(43)) - raft.server.snapshot.auto.trigger.threshold = 10000 (custom)
2019-09-26 15:54:21,825 [pool-77-thread-1] INFO  server.RaftServerConfigKeys (ConfUtils.java:logGet(43)) - raft.server.snapshot.retention.num.files = 5 (custom)
2019-09-26 15:54:21,826 [pool-77-thread-1] INFO  server.RaftServerConfigKeys (ConfUtils.java:logGet(43)) - raft.server.retrycache.expirytime = 600000ms (custom)
2019-09-26 15:54:21,831 [pool-77-thread-1] INFO  impl.RaftServerImpl (RaftServerImpl.java:start(185)) - 1db74e33-95b2-4a02-afc0-c3b777a2f5f7@group-D8E33A113E5F: start as a follower, conf=-1: [1db74e33-95b2-4a02-afc0-c3b777a2f5f7:192.168.157.234:42936], old=null
2019-09-26 15:54:21,831 [pool-77-thread-1] INFO  impl.RaftServerImpl (RaftServerImpl.java:setRole(174)) - 1db74e33-95b2-4a02-afc0-c3b777a2f5f7@group-D8E33A113E5F: changes role from      null to FOLLOWER at term 0 for startAsFollower
2019-09-26 15:54:21,831 [pool-77-thread-1] INFO  impl.RoleInfo (RoleInfo.java:updateAndGet(143)) - 1db74e33-95b2-4a02-afc0-c3b777a2f5f7: start FollowerState
2019-09-26 15:54:21,832 [pool-77-thread-1] INFO  util.JmxRegister (JmxRegister.java:tryRegister(44)) - Successfully registered JMX Bean with object name Ratis:service=RaftServer,group=group-D8E33A113E5F,id=1db74e33-95b2-4a02-afc0-c3b777a2f5f7
2019-09-26 15:54:21,848 [RatisPipelineUtilsThread] INFO  pipeline.PipelineStateManager (PipelineStateManager.java:addPipeline(56)) - Created pipeline Pipeline[ Id: 6f9a56d6-009f-4950-84a5-d8e33a113e5f, Nodes: 1db74e33-95b2-4a02-afc0-c3b777a2f5f7{ip: 192.168.157.234, host: pr-hdds-2162-htzpk-1451759861, networkLocation: /default-rack, certSerialId: null}, Type:RATIS, Factor:ONE, State:OPEN]
2019-09-26 15:54:21,857 [main] INFO  ozone.MiniOzoneClusterImpl (MiniOzoneClusterImpl.java:lambda$waitForClusterToBeReady$0(147)) - Cluster is ready. Got 10 of 10 DN Heartbeats.
2019-09-26 15:54:21,872 [grpc-default-executor-0] INFO  impl.RaftServerProxy (RaftServerProxy.java:addNew(89)) - 1b3d0591-2738-428f-9259-44499a4c704f: addNew group-E39AFB520914:[1b3d0591-2738-428f-9259-44499a4c704f:192.168.157.234:35407] returns group-E39AFB520914:java.util.concurrent.CompletableFuture@7440c9f2[Not completed]
2019-09-26 15:54:21,879 [pool-67-thread-1] INFO  impl.RaftServerImpl (RaftServerImpl.java:<init>(95)) - 1b3d0591-2738-428f-9259-44499a4c704f: new RaftServerImpl for group-E39AFB520914:[1b3d0591-2738-428f-9259-44499a4c704f:192.168.157.234:35407] with ContainerStateMachine:uninitialized
2019-09-26 15:54:21,879 [pool-67-thread-1] INFO  server.RaftServerConfigKeys (ConfUtils.java:logGet(43)) - raft.server.rpc.timeout.min = 5s (custom)
2019-09-26 15:54:21,879 [pool-67-thread-1] INFO  server.RaftServerConfigKeys (ConfUtils.java:logGet(43)) - raft.server.rpc.timeout.max = 5200ms (custom)
2019-09-26 15:54:21,879 [pool-67-thread-1] INFO  server.RaftServerConfigKeys (ConfUtils.java:logGet(43)) - raft.server.rpcslowness.timeout = 120s (custom)
2019-09-26 15:54:21,880 [pool-67-thread-1] INFO  server.RaftServerConfigKeys (ConfUtils.java:logGet(43)) - raft.server.sleep.deviation.threshold = 300 (default)
2019-09-26 15:54:21,880 [pool-67-thread-1] INFO  server.RaftServerConfigKeys (ConfUtils.java:logGet(43)) - raft.server.log.appender.install.snapshot.enabled = false (custom)
2019-09-26 15:54:21,880 [pool-67-thread-1] INFO  impl.RaftServerImpl (ServerState.java:<init>(103)) - 1b3d0591-2738-428f-9259-44499a4c704f@group-E39AFB520914: ConfigurationManager, init=-1: [1b3d0591-2738-428f-9259-44499a4c704f:192.168.157.234:35407], old=null, confs=<EMPTY_MAP>
2019-09-26 15:54:21,880 [pool-67-thread-1] INFO  server.RaftServerConfigKeys (ConfUtils.java:logGet(43)) - raft.server.storage.dir = [/workdir/hadoop-ozone/integration-test/target/test-dir/MiniOzoneClusterImpl-b52dc576-3a90-4436-b01d-af36ccb82095/datanode-4/data/ratis] (custom)
2019-09-26 15:54:21,881 [pool-67-thread-1] INFO  storage.RaftStorageDirectory (RaftStorageDirectory.java:analyzeStorage(246)) - The storage directory /workdir/hadoop-ozone/integration-test/target/test-dir/MiniOzoneClusterImpl-b52dc576-3a90-4436-b01d-af36ccb82095/datanode-4/data/ratis/434a89d1-fe96-4bca-8d2f-e39afb520914 does not exist. Creating ...
2019-09-26 15:54:21,895 [pool-67-thread-1] INFO  storage.RaftStorageDirectory (RaftStorageDirectory.java:tryLock(328)) - Lock on /workdir/hadoop-ozone/integration-test/target/test-dir/MiniOzoneClusterImpl-b52dc576-3a90-4436-b01d-af36ccb82095/datanode-4/data/ratis/434a89d1-fe96-4bca-8d2f-e39afb520914/in_use.lock acquired by nodename 26544@pr-hdds-2162-htzpk-1451759861
2019-09-26 15:54:21,909 [pool-67-thread-1] INFO  storage.RaftStorage (RaftStorage.java:format(72)) - Storage directory /workdir/hadoop-ozone/integration-test/target/test-dir/MiniOzoneClusterImpl-b52dc576-3a90-4436-b01d-af36ccb82095/datanode-4/data/ratis/434a89d1-fe96-4bca-8d2f-e39afb520914 has been successfully formatted.
2019-09-26 15:54:21,909 [pool-67-thread-1] INFO  ratis.ContainerStateMachine (ContainerStateMachine.java:loadSnapshot(230)) - group-E39AFB520914: The snapshot info is null. Setting the last applied indexto:(t:0, i:~)
2019-09-26 15:54:21,909 [pool-67-thread-1] INFO  server.RaftServerConfigKeys (ConfUtils.java:logGet(43)) - raft.server.notification.no-leader.timeout = 120s (custom)
2019-09-26 15:54:21,909 [pool-67-thread-1] INFO  server.RaftServerConfigKeys (ConfUtils.java:logGet(43)) - raft.server.log.use.memory = false (default)
2019-09-26 15:54:21,909 [pool-67-thread-1] INFO  server.RaftServerConfigKeys (ConfUtils.java:logGet(43)) - raft.server.log.purge.gap = 1000000 (custom)
2019-09-26 15:54:21,913 [pool-67-thread-1] INFO  server.RaftServerConfigKeys (ConfUtils.java:logGet(43)) - raft.server.log.appender.buffer.byte-limit = 33554432 (custom)
2019-09-26 15:54:21,913 [pool-67-thread-1] INFO  server.RaftServerConfigKeys (ConfUtils.java:logGet(43)) - raft.server.log.segment.size.max = 1048576 (custom)
2019-09-26 15:54:21,913 [pool-67-thread-1] INFO  server.RaftServerConfigKeys (ConfUtils.java:logGet(43)) - raft.server.log.segment.cache.num.max = 2 (custom)
2019-09-26 15:54:21,914 [pool-67-thread-1] INFO  segmented.SegmentedRaftLogWorker (SegmentedRaftLogWorker.java:<init>(172)) - new 1b3d0591-2738-428f-9259-44499a4c704f@group-E39AFB520914-SegmentedRaftLogWorker for RaftStorage:Storage Directory /workdir/hadoop-ozone/integration-test/target/test-dir/MiniOzoneClusterImpl-b52dc576-3a90-4436-b01d-af36ccb82095/datanode-4/data/ratis/434a89d1-fe96-4bca-8d2f-e39afb520914
2019-09-26 15:54:21,917 [pool-67-thread-1] INFO  server.RaftServerConfigKeys (ConfUtils.java:logGet(43)) - raft.server.log.queue.byte-limit = 2147483647 (custom)
2019-09-26 15:54:21,917 [pool-67-thread-1] INFO  server.RaftServerConfigKeys (ConfUtils.java:logGet(43)) - raft.server.log.queue.element-limit = 1024 (custom)
2019-09-26 15:54:21,918 [pool-67-thread-1] INFO  server.RaftServerConfigKeys (ConfUtils.java:logGet(43)) - raft.server.log.segment.size.max = 1048576 (custom)
2019-09-26 15:54:21,918 [pool-67-thread-1] INFO  server.RaftServerConfigKeys (ConfUtils.java:logGet(43)) - raft.server.log.preallocated.size = 16384 (custom)
2019-09-26 15:54:21,918 [pool-67-thread-1] INFO  server.RaftServerConfigKeys (ConfUtils.java:logGet(43)) - raft.server.log.write.buffer.size = 33554432 (custom)
2019-09-26 15:54:21,918 [pool-67-thread-1] INFO  server.RaftServerConfigKeys (ConfUtils.java:logGet(43)) - raft.server.log.force.sync.num = 128 (default)
2019-09-26 15:54:21,918 [pool-67-thread-1] INFO  server.RaftServerConfigKeys (ConfUtils.java:logGet(43)) - raft.server.log.statemachine.data.sync = true (default)
2019-09-26 15:54:21,918 [pool-67-thread-1] INFO  server.RaftServerConfigKeys (ConfUtils.java:logGet(43)) - raft.server.log.statemachine.data.sync.timeout = 10s (default)
2019-09-26 15:54:21,919 [pool-67-thread-1] INFO  server.RaftServerConfigKeys (ConfUtils.java:logGet(43)) - raft.server.log.statemachine.data.sync.timeout.retry = -1 (default)
2019-09-26 15:54:21,919 [pool-67-thread-1] INFO  server.RaftServerConfigKeys (ConfUtils.java:logGet(43)) - raft.server.log.statemachine.data.caching.enabled = true (custom)
2019-09-26 15:54:21,919 [pool-67-thread-1] INFO  segmented.SegmentedRaftLogWorker (SegmentedRaftLogWorker.java:lambda$new$0(132)) - 1b3d0591-2738-428f-9259-44499a4c704f@group-E39AFB520914-SegmentedRaftLogWorker: flushIndex: setUnconditionally 0 -> -1
2019-09-26 15:54:21,920 [pool-67-thread-1] INFO  server.RaftServerConfigKeys (ConfUtils.java:logGet(43)) - raft.server.snapshot.auto.trigger.enabled = true (custom)
2019-09-26 15:54:21,920 [pool-67-thread-1] INFO  server.RaftServerConfigKeys (ConfUtils.java:logGet(43)) - raft.server.snapshot.auto.trigger.threshold = 10000 (custom)
2019-09-26 15:54:21,920 [pool-67-thread-1] INFO  server.RaftServerConfigKeys (ConfUtils.java:logGet(43)) - raft.server.snapshot.retention.num.files = 5 (custom)
2019-09-26 15:54:21,922 [pool-67-thread-1] INFO  server.RaftServerConfigKeys (ConfUtils.java:logGet(43)) - raft.server.retrycache.expirytime = 600000ms (custom)
2019-09-26 15:54:21,925 [pool-67-thread-1] INFO  impl.RaftServerImpl (RaftServerImpl.java:start(185)) - 1b3d0591-2738-428f-9259-44499a4c704f@group-E39AFB520914: start as a follower, conf=-1: [1b3d0591-2738-428f-9259-44499a4c704f:192.168.157.234:35407], old=null
2019-09-26 15:54:21,926 [pool-67-thread-1] INFO  impl.RaftServerImpl (RaftServerImpl.java:setRole(174)) - 1b3d0591-2738-428f-9259-44499a4c704f@group-E39AFB520914: changes role from      null to FOLLOWER at term 0 for startAsFollower
2019-09-26 15:54:21,926 [pool-67-thread-1] INFO  impl.RoleInfo (RoleInfo.java:updateAndGet(143)) - 1b3d0591-2738-428f-9259-44499a4c704f: start FollowerState
2019-09-26 15:54:21,926 [pool-67-thread-1] INFO  util.JmxRegister (JmxRegister.java:tryRegister(44)) - Successfully registered JMX Bean with object name Ratis:service=RaftServer,group=group-E39AFB520914,id=1b3d0591-2738-428f-9259-44499a4c704f
2019-09-26 15:54:21,941 [RatisPipelineUtilsThread] INFO  pipeline.PipelineStateManager (PipelineStateManager.java:addPipeline(56)) - Created pipeline Pipeline[ Id: 434a89d1-fe96-4bca-8d2f-e39afb520914, Nodes: 1b3d0591-2738-428f-9259-44499a4c704f{ip: 192.168.157.234, host: pr-hdds-2162-htzpk-1451759861, networkLocation: /default-rack, certSerialId: null}, Type:RATIS, Factor:ONE, State:OPEN]
2019-09-26 15:54:21,966 [grpc-default-executor-0] INFO  impl.RaftServerProxy (RaftServerProxy.java:addNew(89)) - b1b47c16-4b16-47f9-8a1c-bd43cd9891d3: addNew group-B26695E054CA:[b1b47c16-4b16-47f9-8a1c-bd43cd9891d3:192.168.157.234:40890] returns group-B26695E054CA:java.util.concurrent.CompletableFuture@75bcb949[Not completed]
2019-09-26 15:54:21,973 [pool-37-thread-1] INFO  impl.RaftServerImpl (RaftServerImpl.java:<init>(95)) - b1b47c16-4b16-47f9-8a1c-bd43cd9891d3: new RaftServerImpl for group-B26695E054CA:[b1b47c16-4b16-47f9-8a1c-bd43cd9891d3:192.168.157.234:40890] with ContainerStateMachine:uninitialized
2019-09-26 15:54:21,973 [pool-37-thread-1] INFO  server.RaftServerConfigKeys (ConfUtils.java:logGet(43)) - raft.server.rpc.timeout.min = 5s (custom)
2019-09-26 15:54:21,973 [pool-37-thread-1] INFO  server.RaftServerConfigKeys (ConfUtils.java:logGet(43)) - raft.server.rpc.timeout.max = 5200ms (custom)
2019-09-26 15:54:21,973 [pool-37-thread-1] INFO  server.RaftServerConfigKeys (ConfUtils.java:logGet(43)) - raft.server.rpcslowness.timeout = 120s (custom)
2019-09-26 15:54:21,973 [pool-37-thread-1] INFO  server.RaftServerConfigKeys (ConfUtils.java:logGet(43)) - raft.server.sleep.deviation.threshold = 300 (default)
2019-09-26 15:54:21,973 [pool-37-thread-1] INFO  server.RaftServerConfigKeys (ConfUtils.java:logGet(43)) - raft.server.log.appender.install.snapshot.enabled = false (custom)
2019-09-26 15:54:21,974 [pool-37-thread-1] INFO  impl.RaftServerImpl (ServerState.java:<init>(103)) - b1b47c16-4b16-47f9-8a1c-bd43cd9891d3@group-B26695E054CA: ConfigurationManager, init=-1: [b1b47c16-4b16-47f9-8a1c-bd43cd9891d3:192.168.157.234:40890], old=null, confs=<EMPTY_MAP>
2019-09-26 15:54:21,974 [pool-37-thread-1] INFO  server.RaftServerConfigKeys (ConfUtils.java:logGet(43)) - raft.server.storage.dir = [/workdir/hadoop-ozone/integration-test/target/test-dir/MiniOzoneClusterImpl-b52dc576-3a90-4436-b01d-af36ccb82095/datanode-1/data/ratis] (custom)
2019-09-26 15:54:21,974 [pool-37-thread-1] INFO  storage.RaftStorageDirectory (RaftStorageDirectory.java:analyzeStorage(246)) - The storage directory /workdir/hadoop-ozone/integration-test/target/test-dir/MiniOzoneClusterImpl-b52dc576-3a90-4436-b01d-af36ccb82095/datanode-1/data/ratis/2110849e-c5b6-4fe8-9944-b26695e054ca does not exist. Creating ...
2019-09-26 15:54:22,015 [pool-37-thread-1] INFO  storage.RaftStorageDirectory (RaftStorageDirectory.java:tryLock(328)) - Lock on /workdir/hadoop-ozone/integration-test/target/test-dir/MiniOzoneClusterImpl-b52dc576-3a90-4436-b01d-af36ccb82095/datanode-1/data/ratis/2110849e-c5b6-4fe8-9944-b26695e054ca/in_use.lock acquired by nodename 26544@pr-hdds-2162-htzpk-1451759861
2019-09-26 15:54:22,030 [pool-37-thread-1] INFO  storage.RaftStorage (RaftStorage.java:format(72)) - Storage directory /workdir/hadoop-ozone/integration-test/target/test-dir/MiniOzoneClusterImpl-b52dc576-3a90-4436-b01d-af36ccb82095/datanode-1/data/ratis/2110849e-c5b6-4fe8-9944-b26695e054ca has been successfully formatted.
2019-09-26 15:54:22,030 [pool-37-thread-1] INFO  ratis.ContainerStateMachine (ContainerStateMachine.java:loadSnapshot(230)) - group-B26695E054CA: The snapshot info is null. Setting the last applied indexto:(t:0, i:~)
2019-09-26 15:54:22,030 [pool-37-thread-1] INFO  server.RaftServerConfigKeys (ConfUtils.java:logGet(43)) - raft.server.notification.no-leader.timeout = 120s (custom)
2019-09-26 15:54:22,031 [pool-37-thread-1] INFO  server.RaftServerConfigKeys (ConfUtils.java:logGet(43)) - raft.server.log.use.memory = false (default)
2019-09-26 15:54:22,031 [pool-37-thread-1] INFO  server.RaftServerConfigKeys (ConfUtils.java:logGet(43)) - raft.server.log.purge.gap = 1000000 (custom)
2019-09-26 15:54:22,031 [pool-37-thread-1] INFO  server.RaftServerConfigKeys (ConfUtils.java:logGet(43)) - raft.server.log.appender.buffer.byte-limit = 33554432 (custom)
2019-09-26 15:54:22,031 [pool-37-thread-1] INFO  server.RaftServerConfigKeys (ConfUtils.java:logGet(43)) - raft.server.log.segment.size.max = 1048576 (custom)
2019-09-26 15:54:22,031 [pool-37-thread-1] INFO  server.RaftServerConfigKeys (ConfUtils.java:logGet(43)) - raft.server.log.segment.cache.num.max = 2 (custom)
2019-09-26 15:54:22,032 [pool-37-thread-1] INFO  segmented.SegmentedRaftLogWorker (SegmentedRaftLogWorker.java:<init>(172)) - new b1b47c16-4b16-47f9-8a1c-bd43cd9891d3@group-B26695E054CA-SegmentedRaftLogWorker for RaftStorage:Storage Directory /workdir/hadoop-ozone/integration-test/target/test-dir/MiniOzoneClusterImpl-b52dc576-3a90-4436-b01d-af36ccb82095/datanode-1/data/ratis/2110849e-c5b6-4fe8-9944-b26695e054ca
2019-09-26 15:54:22,035 [pool-37-thread-1] INFO  server.RaftServerConfigKeys (ConfUtils.java:logGet(43)) - raft.server.log.queue.byte-limit = 2147483647 (custom)
2019-09-26 15:54:22,036 [pool-37-thread-1] INFO  server.RaftServerConfigKeys (ConfUtils.java:logGet(43)) - raft.server.log.queue.element-limit = 1024 (custom)
2019-09-26 15:54:22,036 [pool-37-thread-1] INFO  server.RaftServerConfigKeys (ConfUtils.java:logGet(43)) - raft.server.log.segment.size.max = 1048576 (custom)
2019-09-26 15:54:22,036 [pool-37-thread-1] INFO  server.RaftServerConfigKeys (ConfUtils.java:logGet(43)) - raft.server.log.preallocated.size = 16384 (custom)
2019-09-26 15:54:22,036 [pool-37-thread-1] INFO  server.RaftServerConfigKeys (ConfUtils.java:logGet(43)) - raft.server.log.write.buffer.size = 33554432 (custom)
2019-09-26 15:54:22,036 [pool-37-thread-1] INFO  server.RaftServerConfigKeys (ConfUtils.java:logGet(43)) - raft.server.log.force.sync.num = 128 (default)
2019-09-26 15:54:22,037 [pool-37-thread-1] INFO  server.RaftServerConfigKeys (ConfUtils.java:logGet(43)) - raft.server.log.statemachine.data.sync = true (default)
2019-09-26 15:54:22,037 [pool-37-thread-1] INFO  server.RaftServerConfigKeys (ConfUtils.java:logGet(43)) - raft.server.log.statemachine.data.sync.timeout = 10s (default)
2019-09-26 15:54:22,037 [pool-37-thread-1] INFO  server.RaftServerConfigKeys (ConfUtils.java:logGet(43)) - raft.server.log.statemachine.data.sync.timeout.retry = -1 (default)
2019-09-26 15:54:22,037 [pool-37-thread-1] INFO  server.RaftServerConfigKeys (ConfUtils.java:logGet(43)) - raft.server.log.statemachine.data.caching.enabled = true (custom)
2019-09-26 15:54:22,038 [pool-37-thread-1] INFO  segmented.SegmentedRaftLogWorker (SegmentedRaftLogWorker.java:lambda$new$0(132)) - b1b47c16-4b16-47f9-8a1c-bd43cd9891d3@group-B26695E054CA-SegmentedRaftLogWorker: flushIndex: setUnconditionally 0 -> -1
2019-09-26 15:54:22,038 [pool-37-thread-1] INFO  server.RaftServerConfigKeys (ConfUtils.java:logGet(43)) - raft.server.snapshot.auto.trigger.enabled = true (custom)
2019-09-26 15:54:22,038 [pool-37-thread-1] INFO  server.RaftServerConfigKeys (ConfUtils.java:logGet(43)) - raft.server.snapshot.auto.trigger.threshold = 10000 (custom)
2019-09-26 15:54:22,038 [pool-37-thread-1] INFO  server.RaftServerConfigKeys (ConfUtils.java:logGet(43)) - raft.server.snapshot.retention.num.files = 5 (custom)
2019-09-26 15:54:22,039 [pool-37-thread-1] INFO  server.RaftServerConfigKeys (ConfUtils.java:logGet(43)) - raft.server.retrycache.expirytime = 600000ms (custom)
2019-09-26 15:54:22,042 [pool-37-thread-1] INFO  impl.RaftServerImpl (RaftServerImpl.java:start(185)) - b1b47c16-4b16-47f9-8a1c-bd43cd9891d3@group-B26695E054CA: start as a follower, conf=-1: [b1b47c16-4b16-47f9-8a1c-bd43cd9891d3:192.168.157.234:40890], old=null
2019-09-26 15:54:22,042 [pool-37-thread-1] INFO  impl.RaftServerImpl (RaftServerImpl.java:setRole(174)) - b1b47c16-4b16-47f9-8a1c-bd43cd9891d3@group-B26695E054CA: changes role from      null to FOLLOWER at term 0 for startAsFollower
2019-09-26 15:54:22,042 [pool-37-thread-1] INFO  impl.RoleInfo (RoleInfo.java:updateAndGet(143)) - b1b47c16-4b16-47f9-8a1c-bd43cd9891d3: start FollowerState
2019-09-26 15:54:22,043 [pool-37-thread-1] INFO  util.JmxRegister (JmxRegister.java:tryRegister(44)) - Successfully registered JMX Bean with object name Ratis:service=RaftServer,group=group-B26695E054CA,id=b1b47c16-4b16-47f9-8a1c-bd43cd9891d3
2019-09-26 15:54:22,068 [RatisPipelineUtilsThread] INFO  pipeline.PipelineStateManager (PipelineStateManager.java:addPipeline(56)) - Created pipeline Pipeline[ Id: 2110849e-c5b6-4fe8-9944-b26695e054ca, Nodes: b1b47c16-4b16-47f9-8a1c-bd43cd9891d3{ip: 192.168.157.234, host: pr-hdds-2162-htzpk-1451759861, networkLocation: /default-rack, certSerialId: null}, Type:RATIS, Factor:ONE, State:OPEN]
2019-09-26 15:54:22,091 [grpc-default-executor-0] INFO  impl.RaftServerProxy (RaftServerProxy.java:addNew(89)) - 64635f80-cc5b-405f-98b2-f991c2a0e60e: addNew group-CA6B03E60EDE:[64635f80-cc5b-405f-98b2-f991c2a0e60e:192.168.157.234:33176] returns group-CA6B03E60EDE:java.util.concurrent.CompletableFuture@4b164920[Not completed]
2019-09-26 15:54:22,097 [pool-107-thread-1] INFO  impl.RaftServerImpl (RaftServerImpl.java:<init>(95)) - 64635f80-cc5b-405f-98b2-f991c2a0e60e: new RaftServerImpl for group-CA6B03E60EDE:[64635f80-cc5b-405f-98b2-f991c2a0e60e:192.168.157.234:33176] with ContainerStateMachine:uninitialized
2019-09-26 15:54:22,097 [pool-107-thread-1] INFO  server.RaftServerConfigKeys (ConfUtils.java:logGet(43)) - raft.server.rpc.timeout.min = 5s (custom)
2019-09-26 15:54:22,097 [pool-107-thread-1] INFO  server.RaftServerConfigKeys (ConfUtils.java:logGet(43)) - raft.server.rpc.timeout.max = 5200ms (custom)
2019-09-26 15:54:22,098 [pool-107-thread-1] INFO  server.RaftServerConfigKeys (ConfUtils.java:logGet(43)) - raft.server.rpcslowness.timeout = 120s (custom)
2019-09-26 15:54:22,098 [pool-107-thread-1] INFO  server.RaftServerConfigKeys (ConfUtils.java:logGet(43)) - raft.server.sleep.deviation.threshold = 300 (default)
2019-09-26 15:54:22,098 [pool-107-thread-1] INFO  server.RaftServerConfigKeys (ConfUtils.java:logGet(43)) - raft.server.log.appender.install.snapshot.enabled = false (custom)
2019-09-26 15:54:22,098 [pool-107-thread-1] INFO  impl.RaftServerImpl (ServerState.java:<init>(103)) - 64635f80-cc5b-405f-98b2-f991c2a0e60e@group-CA6B03E60EDE: ConfigurationManager, init=-1: [64635f80-cc5b-405f-98b2-f991c2a0e60e:192.168.157.234:33176], old=null, confs=<EMPTY_MAP>
2019-09-26 15:54:22,098 [pool-107-thread-1] INFO  server.RaftServerConfigKeys (ConfUtils.java:logGet(43)) - raft.server.storage.dir = [/workdir/hadoop-ozone/integration-test/target/test-dir/MiniOzoneClusterImpl-b52dc576-3a90-4436-b01d-af36ccb82095/datanode-8/data/ratis] (custom)
2019-09-26 15:54:22,099 [pool-107-thread-1] INFO  storage.RaftStorageDirectory (RaftStorageDirectory.java:analyzeStorage(246)) - The storage directory /workdir/hadoop-ozone/integration-test/target/test-dir/MiniOzoneClusterImpl-b52dc576-3a90-4436-b01d-af36ccb82095/datanode-8/data/ratis/b198e4d3-2459-4eb6-a1d7-ca6b03e60ede does not exist. Creating ...
2019-09-26 15:54:22,113 [pool-107-thread-1] INFO  storage.RaftStorageDirectory (RaftStorageDirectory.java:tryLock(328)) - Lock on /workdir/hadoop-ozone/integration-test/target/test-dir/MiniOzoneClusterImpl-b52dc576-3a90-4436-b01d-af36ccb82095/datanode-8/data/ratis/b198e4d3-2459-4eb6-a1d7-ca6b03e60ede/in_use.lock acquired by nodename 26544@pr-hdds-2162-htzpk-1451759861
2019-09-26 15:54:22,127 [pool-107-thread-1] INFO  storage.RaftStorage (RaftStorage.java:format(72)) - Storage directory /workdir/hadoop-ozone/integration-test/target/test-dir/MiniOzoneClusterImpl-b52dc576-3a90-4436-b01d-af36ccb82095/datanode-8/data/ratis/b198e4d3-2459-4eb6-a1d7-ca6b03e60ede has been successfully formatted.
2019-09-26 15:54:22,127 [pool-107-thread-1] INFO  ratis.ContainerStateMachine (ContainerStateMachine.java:loadSnapshot(230)) - group-CA6B03E60EDE: The snapshot info is null. Setting the last applied indexto:(t:0, i:~)
2019-09-26 15:54:22,128 [pool-107-thread-1] INFO  server.RaftServerConfigKeys (ConfUtils.java:logGet(43)) - raft.server.notification.no-leader.timeout = 120s (custom)
2019-09-26 15:54:22,128 [pool-107-thread-1] INFO  server.RaftServerConfigKeys (ConfUtils.java:logGet(43)) - raft.server.log.use.memory = false (default)
2019-09-26 15:54:22,128 [pool-107-thread-1] INFO  server.RaftServerConfigKeys (ConfUtils.java:logGet(43)) - raft.server.log.purge.gap = 1000000 (custom)
2019-09-26 15:54:22,128 [pool-107-thread-1] INFO  server.RaftServerConfigKeys (ConfUtils.java:logGet(43)) - raft.server.log.appender.buffer.byte-limit = 33554432 (custom)
2019-09-26 15:54:22,128 [pool-107-thread-1] INFO  server.RaftServerConfigKeys (ConfUtils.java:logGet(43)) - raft.server.log.segment.size.max = 1048576 (custom)
2019-09-26 15:54:22,129 [pool-107-thread-1] INFO  server.RaftServerConfigKeys (ConfUtils.java:logGet(43)) - raft.server.log.segment.cache.num.max = 2 (custom)
2019-09-26 15:54:22,129 [pool-107-thread-1] INFO  segmented.SegmentedRaftLogWorker (SegmentedRaftLogWorker.java:<init>(172)) - new 64635f80-cc5b-405f-98b2-f991c2a0e60e@group-CA6B03E60EDE-SegmentedRaftLogWorker for RaftStorage:Storage Directory /workdir/hadoop-ozone/integration-test/target/test-dir/MiniOzoneClusterImpl-b52dc576-3a90-4436-b01d-af36ccb82095/datanode-8/data/ratis/b198e4d3-2459-4eb6-a1d7-ca6b03e60ede
2019-09-26 15:54:22,132 [pool-107-thread-1] INFO  server.RaftServerConfigKeys (ConfUtils.java:logGet(43)) - raft.server.log.queue.byte-limit = 2147483647 (custom)
2019-09-26 15:54:22,132 [pool-107-thread-1] INFO  server.RaftServerConfigKeys (ConfUtils.java:logGet(43)) - raft.server.log.queue.element-limit = 1024 (custom)
2019-09-26 15:54:22,132 [pool-107-thread-1] INFO  server.RaftServerConfigKeys (ConfUtils.java:logGet(43)) - raft.server.log.segment.size.max = 1048576 (custom)
2019-09-26 15:54:22,135 [pool-107-thread-1] INFO  server.RaftServerConfigKeys (ConfUtils.java:logGet(43)) - raft.server.log.preallocated.size = 16384 (custom)
2019-09-26 15:54:22,135 [pool-107-thread-1] INFO  server.RaftServerConfigKeys (ConfUtils.java:logGet(43)) - raft.server.log.write.buffer.size = 33554432 (custom)
2019-09-26 15:54:22,135 [pool-107-thread-1] INFO  server.RaftServerConfigKeys (ConfUtils.java:logGet(43)) - raft.server.log.force.sync.num = 128 (default)
2019-09-26 15:54:22,135 [pool-107-thread-1] INFO  server.RaftServerConfigKeys (ConfUtils.java:logGet(43)) - raft.server.log.statemachine.data.sync = true (default)
2019-09-26 15:54:22,136 [pool-107-thread-1] INFO  server.RaftServerConfigKeys (ConfUtils.java:logGet(43)) - raft.server.log.statemachine.data.sync.timeout = 10s (default)
2019-09-26 15:54:22,136 [pool-107-thread-1] INFO  server.RaftServerConfigKeys (ConfUtils.java:logGet(43)) - raft.server.log.statemachine.data.sync.timeout.retry = -1 (default)
2019-09-26 15:54:22,136 [pool-107-thread-1] INFO  server.RaftServerConfigKeys (ConfUtils.java:logGet(43)) - raft.server.log.statemachine.data.caching.enabled = true (custom)
2019-09-26 15:54:22,136 [pool-107-thread-1] INFO  segmented.SegmentedRaftLogWorker (SegmentedRaftLogWorker.java:lambda$new$0(132)) - 64635f80-cc5b-405f-98b2-f991c2a0e60e@group-CA6B03E60EDE-SegmentedRaftLogWorker: flushIndex: setUnconditionally 0 -> -1
2019-09-26 15:54:22,137 [pool-107-thread-1] INFO  server.RaftServerConfigKeys (ConfUtils.java:logGet(43)) - raft.server.snapshot.auto.trigger.enabled = true (custom)
2019-09-26 15:54:22,137 [pool-107-thread-1] INFO  server.RaftServerConfigKeys (ConfUtils.java:logGet(43)) - raft.server.snapshot.auto.trigger.threshold = 10000 (custom)
2019-09-26 15:54:22,137 [pool-107-thread-1] INFO  server.RaftServerConfigKeys (ConfUtils.java:logGet(43)) - raft.server.snapshot.retention.num.files = 5 (custom)
2019-09-26 15:54:22,137 [pool-107-thread-1] INFO  server.RaftServerConfigKeys (ConfUtils.java:logGet(43)) - raft.server.retrycache.expirytime = 600000ms (custom)
2019-09-26 15:54:22,140 [pool-107-thread-1] INFO  impl.RaftServerImpl (RaftServerImpl.java:start(185)) - 64635f80-cc5b-405f-98b2-f991c2a0e60e@group-CA6B03E60EDE: start as a follower, conf=-1: [64635f80-cc5b-405f-98b2-f991c2a0e60e:192.168.157.234:33176], old=null
2019-09-26 15:54:22,140 [pool-107-thread-1] INFO  impl.RaftServerImpl (RaftServerImpl.java:setRole(174)) - 64635f80-cc5b-405f-98b2-f991c2a0e60e@group-CA6B03E60EDE: changes role from      null to FOLLOWER at term 0 for startAsFollower
2019-09-26 15:54:22,140 [pool-107-thread-1] INFO  impl.RoleInfo (RoleInfo.java:updateAndGet(143)) - 64635f80-cc5b-405f-98b2-f991c2a0e60e: start FollowerState
2019-09-26 15:54:22,141 [pool-107-thread-1] INFO  util.JmxRegister (JmxRegister.java:tryRegister(44)) - Successfully registered JMX Bean with object name Ratis:service=RaftServer,group=group-CA6B03E60EDE,id=64635f80-cc5b-405f-98b2-f991c2a0e60e
2019-09-26 15:54:22,158 [RatisPipelineUtilsThread] INFO  pipeline.PipelineStateManager (PipelineStateManager.java:addPipeline(56)) - Created pipeline Pipeline[ Id: b198e4d3-2459-4eb6-a1d7-ca6b03e60ede, Nodes: 64635f80-cc5b-405f-98b2-f991c2a0e60e{ip: 192.168.157.234, host: pr-hdds-2162-htzpk-1451759861, networkLocation: /default-rack, certSerialId: null}, Type:RATIS, Factor:ONE, State:OPEN]
2019-09-26 15:54:22,178 [grpc-default-executor-0] INFO  impl.RaftServerProxy (RaftServerProxy.java:addNew(89)) - f949701e-f635-4de4-9d83-19655f8fd504: addNew group-796B0C068227:[f949701e-f635-4de4-9d83-19655f8fd504:192.168.157.234:39702] returns group-796B0C068227:java.util.concurrent.CompletableFuture@55968877[Not completed]
2019-09-26 15:54:22,184 [pool-47-thread-1] INFO  impl.RaftServerImpl (RaftServerImpl.java:<init>(95)) - f949701e-f635-4de4-9d83-19655f8fd504: new RaftServerImpl for group-796B0C068227:[f949701e-f635-4de4-9d83-19655f8fd504:192.168.157.234:39702] with ContainerStateMachine:uninitialized
2019-09-26 15:54:22,184 [pool-47-thread-1] INFO  server.RaftServerConfigKeys (ConfUtils.java:logGet(43)) - raft.server.rpc.timeout.min = 5s (custom)
2019-09-26 15:54:22,184 [pool-47-thread-1] INFO  server.RaftServerConfigKeys (ConfUtils.java:logGet(43)) - raft.server.rpc.timeout.max = 5200ms (custom)
2019-09-26 15:54:22,185 [pool-47-thread-1] INFO  server.RaftServerConfigKeys (ConfUtils.java:logGet(43)) - raft.server.rpcslowness.timeout = 120s (custom)
2019-09-26 15:54:22,185 [pool-47-thread-1] INFO  server.RaftServerConfigKeys (ConfUtils.java:logGet(43)) - raft.server.sleep.deviation.threshold = 300 (default)
2019-09-26 15:54:22,185 [pool-47-thread-1] INFO  server.RaftServerConfigKeys (ConfUtils.java:logGet(43)) - raft.server.log.appender.install.snapshot.enabled = false (custom)
2019-09-26 15:54:22,185 [pool-47-thread-1] INFO  impl.RaftServerImpl (ServerState.java:<init>(103)) - f949701e-f635-4de4-9d83-19655f8fd504@group-796B0C068227: ConfigurationManager, init=-1: [f949701e-f635-4de4-9d83-19655f8fd504:192.168.157.234:39702], old=null, confs=<EMPTY_MAP>
2019-09-26 15:54:22,185 [pool-47-thread-1] INFO  server.RaftServerConfigKeys (ConfUtils.java:logGet(43)) - raft.server.storage.dir = [/workdir/hadoop-ozone/integration-test/target/test-dir/MiniOzoneClusterImpl-b52dc576-3a90-4436-b01d-af36ccb82095/datanode-2/data/ratis] (custom)
2019-09-26 15:54:22,186 [pool-47-thread-1] INFO  storage.RaftStorageDirectory (RaftStorageDirectory.java:analyzeStorage(246)) - The storage directory /workdir/hadoop-ozone/integration-test/target/test-dir/MiniOzoneClusterImpl-b52dc576-3a90-4436-b01d-af36ccb82095/datanode-2/data/ratis/162700bc-92de-4053-8522-796b0c068227 does not exist. Creating ...
2019-09-26 15:54:22,199 [pool-47-thread-1] INFO  storage.RaftStorageDirectory (RaftStorageDirectory.java:tryLock(328)) - Lock on /workdir/hadoop-ozone/integration-test/target/test-dir/MiniOzoneClusterImpl-b52dc576-3a90-4436-b01d-af36ccb82095/datanode-2/data/ratis/162700bc-92de-4053-8522-796b0c068227/in_use.lock acquired by nodename 26544@pr-hdds-2162-htzpk-1451759861
2019-09-26 15:54:22,228 [pool-47-thread-1] INFO  storage.RaftStorage (RaftStorage.java:format(72)) - Storage directory /workdir/hadoop-ozone/integration-test/target/test-dir/MiniOzoneClusterImpl-b52dc576-3a90-4436-b01d-af36ccb82095/datanode-2/data/ratis/162700bc-92de-4053-8522-796b0c068227 has been successfully formatted.
2019-09-26 15:54:22,231 [pool-47-thread-1] INFO  ratis.ContainerStateMachine (ContainerStateMachine.java:loadSnapshot(230)) - group-796B0C068227: The snapshot info is null. Setting the last applied indexto:(t:0, i:~)
2019-09-26 15:54:22,231 [pool-47-thread-1] INFO  server.RaftServerConfigKeys (ConfUtils.java:logGet(43)) - raft.server.notification.no-leader.timeout = 120s (custom)
2019-09-26 15:54:22,231 [pool-47-thread-1] INFO  server.RaftServerConfigKeys (ConfUtils.java:logGet(43)) - raft.server.log.use.memory = false (default)
2019-09-26 15:54:22,232 [pool-47-thread-1] INFO  server.RaftServerConfigKeys (ConfUtils.java:logGet(43)) - raft.server.log.purge.gap = 1000000 (custom)
2019-09-26 15:54:22,232 [pool-47-thread-1] INFO  server.RaftServerConfigKeys (ConfUtils.java:logGet(43)) - raft.server.log.appender.buffer.byte-limit = 33554432 (custom)
2019-09-26 15:54:22,232 [pool-47-thread-1] INFO  server.RaftServerConfigKeys (ConfUtils.java:logGet(43)) - raft.server.log.segment.size.max = 1048576 (custom)
2019-09-26 15:54:22,232 [pool-47-thread-1] INFO  server.RaftServerConfigKeys (ConfUtils.java:logGet(43)) - raft.server.log.segment.cache.num.max = 2 (custom)
2019-09-26 15:54:22,232 [pool-47-thread-1] INFO  segmented.SegmentedRaftLogWorker (SegmentedRaftLogWorker.java:<init>(172)) - new f949701e-f635-4de4-9d83-19655f8fd504@group-796B0C068227-SegmentedRaftLogWorker for RaftStorage:Storage Directory /workdir/hadoop-ozone/integration-test/target/test-dir/MiniOzoneClusterImpl-b52dc576-3a90-4436-b01d-af36ccb82095/datanode-2/data/ratis/162700bc-92de-4053-8522-796b0c068227
2019-09-26 15:54:22,235 [pool-47-thread-1] INFO  server.RaftServerConfigKeys (ConfUtils.java:logGet(43)) - raft.server.log.queue.byte-limit = 2147483647 (custom)
2019-09-26 15:54:22,235 [pool-47-thread-1] INFO  server.RaftServerConfigKeys (ConfUtils.java:logGet(43)) - raft.server.log.queue.element-limit = 1024 (custom)
2019-09-26 15:54:22,236 [pool-47-thread-1] INFO  server.RaftServerConfigKeys (ConfUtils.java:logGet(43)) - raft.server.log.segment.size.max = 1048576 (custom)
2019-09-26 15:54:22,236 [pool-47-thread-1] INFO  server.RaftServerConfigKeys (ConfUtils.java:logGet(43)) - raft.server.log.preallocated.size = 16384 (custom)
2019-09-26 15:54:22,236 [pool-47-thread-1] INFO  server.RaftServerConfigKeys (ConfUtils.java:logGet(43)) - raft.server.log.write.buffer.size = 33554432 (custom)
2019-09-26 15:54:22,236 [pool-47-thread-1] INFO  server.RaftServerConfigKeys (ConfUtils.java:logGet(43)) - raft.server.log.force.sync.num = 128 (default)
2019-09-26 15:54:22,236 [pool-47-thread-1] INFO  server.RaftServerConfigKeys (ConfUtils.java:logGet(43)) - raft.server.log.statemachine.data.sync = true (default)
2019-09-26 15:54:22,237 [pool-47-thread-1] INFO  server.RaftServerConfigKeys (ConfUtils.java:logGet(43)) - raft.server.log.statemachine.data.sync.timeout = 10s (default)
2019-09-26 15:54:22,237 [pool-47-thread-1] INFO  server.RaftServerConfigKeys (ConfUtils.java:logGet(43)) - raft.server.log.statemachine.data.sync.timeout.retry = -1 (default)
2019-09-26 15:54:22,237 [pool-47-thread-1] INFO  server.RaftServerConfigKeys (ConfUtils.java:logGet(43)) - raft.server.log.statemachine.data.caching.enabled = true (custom)
2019-09-26 15:54:22,237 [pool-47-thread-1] INFO  segmented.SegmentedRaftLogWorker (SegmentedRaftLogWorker.java:lambda$new$0(132)) - f949701e-f635-4de4-9d83-19655f8fd504@group-796B0C068227-SegmentedRaftLogWorker: flushIndex: setUnconditionally 0 -> -1
2019-09-26 15:54:22,238 [pool-47-thread-1] INFO  server.RaftServerConfigKeys (ConfUtils.java:logGet(43)) - raft.server.snapshot.auto.trigger.enabled = true (custom)
2019-09-26 15:54:22,238 [pool-47-thread-1] INFO  server.RaftServerConfigKeys (ConfUtils.java:logGet(43)) - raft.server.snapshot.auto.trigger.threshold = 10000 (custom)
2019-09-26 15:54:22,238 [pool-47-thread-1] INFO  server.RaftServerConfigKeys (ConfUtils.java:logGet(43)) - raft.server.snapshot.retention.num.files = 5 (custom)
2019-09-26 15:54:22,238 [pool-47-thread-1] INFO  server.RaftServerConfigKeys (ConfUtils.java:logGet(43)) - raft.server.retrycache.expirytime = 600000ms (custom)
2019-09-26 15:54:22,241 [pool-47-thread-1] INFO  impl.RaftServerImpl (RaftServerImpl.java:start(185)) - f949701e-f635-4de4-9d83-19655f8fd504@group-796B0C068227: start as a follower, conf=-1: [f949701e-f635-4de4-9d83-19655f8fd504:192.168.157.234:39702], old=null
2019-09-26 15:54:22,241 [pool-47-thread-1] INFO  impl.RaftServerImpl (RaftServerImpl.java:setRole(174)) - f949701e-f635-4de4-9d83-19655f8fd504@group-796B0C068227: changes role from      null to FOLLOWER at term 0 for startAsFollower
2019-09-26 15:54:22,241 [pool-47-thread-1] INFO  impl.RoleInfo (RoleInfo.java:updateAndGet(143)) - f949701e-f635-4de4-9d83-19655f8fd504: start FollowerState
2019-09-26 15:54:22,242 [pool-47-thread-1] INFO  util.JmxRegister (JmxRegister.java:tryRegister(44)) - Successfully registered JMX Bean with object name Ratis:service=RaftServer,group=group-796B0C068227,id=f949701e-f635-4de4-9d83-19655f8fd504
2019-09-26 15:54:22,258 [RatisPipelineUtilsThread] INFO  pipeline.PipelineStateManager (PipelineStateManager.java:addPipeline(56)) - Created pipeline Pipeline[ Id: 162700bc-92de-4053-8522-796b0c068227, Nodes: f949701e-f635-4de4-9d83-19655f8fd504{ip: 192.168.157.234, host: pr-hdds-2162-htzpk-1451759861, networkLocation: /default-rack, certSerialId: null}, Type:RATIS, Factor:ONE, State:OPEN]
2019-09-26 15:54:22,291 [grpc-default-executor-0] INFO  impl.RaftServerProxy (RaftServerProxy.java:addNew(89)) - 6258f0da-10d7-4ff4-befa-56fd7261fe8a: addNew group-51DDB47F5F7C:[6258f0da-10d7-4ff4-befa-56fd7261fe8a:192.168.157.234:43279] returns group-51DDB47F5F7C:java.util.concurrent.CompletableFuture@382c0ef5[Not completed]
2019-09-26 15:54:22,304 [pool-87-thread-1] INFO  impl.RaftServerImpl (RaftServerImpl.java:<init>(95)) - 6258f0da-10d7-4ff4-befa-56fd7261fe8a: new RaftServerImpl for group-51DDB47F5F7C:[6258f0da-10d7-4ff4-befa-56fd7261fe8a:192.168.157.234:43279] with ContainerStateMachine:uninitialized
2019-09-26 15:54:22,304 [pool-87-thread-1] INFO  server.RaftServerConfigKeys (ConfUtils.java:logGet(43)) - raft.server.rpc.timeout.min = 5s (custom)
2019-09-26 15:54:22,305 [pool-87-thread-1] INFO  server.RaftServerConfigKeys (ConfUtils.java:logGet(43)) - raft.server.rpc.timeout.max = 5200ms (custom)
2019-09-26 15:54:22,305 [pool-87-thread-1] INFO  server.RaftServerConfigKeys (ConfUtils.java:logGet(43)) - raft.server.rpcslowness.timeout = 120s (custom)
2019-09-26 15:54:22,305 [pool-87-thread-1] INFO  server.RaftServerConfigKeys (ConfUtils.java:logGet(43)) - raft.server.sleep.deviation.threshold = 300 (default)
2019-09-26 15:54:22,306 [pool-87-thread-1] INFO  server.RaftServerConfigKeys (ConfUtils.java:logGet(43)) - raft.server.log.appender.install.snapshot.enabled = false (custom)
2019-09-26 15:54:22,306 [pool-87-thread-1] INFO  impl.RaftServerImpl (ServerState.java:<init>(103)) - 6258f0da-10d7-4ff4-befa-56fd7261fe8a@group-51DDB47F5F7C: ConfigurationManager, init=-1: [6258f0da-10d7-4ff4-befa-56fd7261fe8a:192.168.157.234:43279], old=null, confs=<EMPTY_MAP>
2019-09-26 15:54:22,306 [pool-87-thread-1] INFO  server.RaftServerConfigKeys (ConfUtils.java:logGet(43)) - raft.server.storage.dir = [/workdir/hadoop-ozone/integration-test/target/test-dir/MiniOzoneClusterImpl-b52dc576-3a90-4436-b01d-af36ccb82095/datanode-6/data/ratis] (custom)
2019-09-26 15:54:22,307 [pool-87-thread-1] INFO  storage.RaftStorageDirectory (RaftStorageDirectory.java:analyzeStorage(246)) - The storage directory /workdir/hadoop-ozone/integration-test/target/test-dir/MiniOzoneClusterImpl-b52dc576-3a90-4436-b01d-af36ccb82095/datanode-6/data/ratis/b7540f79-a0a7-4a87-9c9b-51ddb47f5f7c does not exist. Creating ...
2019-09-26 15:54:22,323 [pool-87-thread-1] INFO  storage.RaftStorageDirectory (RaftStorageDirectory.java:tryLock(328)) - Lock on /workdir/hadoop-ozone/integration-test/target/test-dir/MiniOzoneClusterImpl-b52dc576-3a90-4436-b01d-af36ccb82095/datanode-6/data/ratis/b7540f79-a0a7-4a87-9c9b-51ddb47f5f7c/in_use.lock acquired by nodename 26544@pr-hdds-2162-htzpk-1451759861
2019-09-26 15:54:22,338 [pool-87-thread-1] INFO  storage.RaftStorage (RaftStorage.java:format(72)) - Storage directory /workdir/hadoop-ozone/integration-test/target/test-dir/MiniOzoneClusterImpl-b52dc576-3a90-4436-b01d-af36ccb82095/datanode-6/data/ratis/b7540f79-a0a7-4a87-9c9b-51ddb47f5f7c has been successfully formatted.
2019-09-26 15:54:22,339 [pool-87-thread-1] INFO  ratis.ContainerStateMachine (ContainerStateMachine.java:loadSnapshot(230)) - group-51DDB47F5F7C: The snapshot info is null. Setting the last applied indexto:(t:0, i:~)
2019-09-26 15:54:22,339 [pool-87-thread-1] INFO  server.RaftServerConfigKeys (ConfUtils.java:logGet(43)) - raft.server.notification.no-leader.timeout = 120s (custom)
2019-09-26 15:54:22,339 [pool-87-thread-1] INFO  server.RaftServerConfigKeys (ConfUtils.java:logGet(43)) - raft.server.log.use.memory = false (default)
2019-09-26 15:54:22,339 [pool-87-thread-1] INFO  server.RaftServerConfigKeys (ConfUtils.java:logGet(43)) - raft.server.log.purge.gap = 1000000 (custom)
2019-09-26 15:54:22,339 [pool-87-thread-1] INFO  server.RaftServerConfigKeys (ConfUtils.java:logGet(43)) - raft.server.log.appender.buffer.byte-limit = 33554432 (custom)
2019-09-26 15:54:22,339 [pool-87-thread-1] INFO  server.RaftServerConfigKeys (ConfUtils.java:logGet(43)) - raft.server.log.segment.size.max = 1048576 (custom)
2019-09-26 15:54:22,340 [pool-87-thread-1] INFO  server.RaftServerConfigKeys (ConfUtils.java:logGet(43)) - raft.server.log.segment.cache.num.max = 2 (custom)
2019-09-26 15:54:22,340 [pool-87-thread-1] INFO  segmented.SegmentedRaftLogWorker (SegmentedRaftLogWorker.java:<init>(172)) - new 6258f0da-10d7-4ff4-befa-56fd7261fe8a@group-51DDB47F5F7C-SegmentedRaftLogWorker for RaftStorage:Storage Directory /workdir/hadoop-ozone/integration-test/target/test-dir/MiniOzoneClusterImpl-b52dc576-3a90-4436-b01d-af36ccb82095/datanode-6/data/ratis/b7540f79-a0a7-4a87-9c9b-51ddb47f5f7c
2019-09-26 15:54:22,342 [pool-87-thread-1] INFO  server.RaftServerConfigKeys (ConfUtils.java:logGet(43)) - raft.server.log.queue.byte-limit = 2147483647 (custom)
2019-09-26 15:54:22,342 [pool-87-thread-1] INFO  server.RaftServerConfigKeys (ConfUtils.java:logGet(43)) - raft.server.log.queue.element-limit = 1024 (custom)
2019-09-26 15:54:22,343 [pool-87-thread-1] INFO  server.RaftServerConfigKeys (ConfUtils.java:logGet(43)) - raft.server.log.segment.size.max = 1048576 (custom)
2019-09-26 15:54:22,343 [pool-87-thread-1] INFO  server.RaftServerConfigKeys (ConfUtils.java:logGet(43)) - raft.server.log.preallocated.size = 16384 (custom)
2019-09-26 15:54:22,343 [pool-87-thread-1] INFO  server.RaftServerConfigKeys (ConfUtils.java:logGet(43)) - raft.server.log.write.buffer.size = 33554432 (custom)
2019-09-26 15:54:22,343 [pool-87-thread-1] INFO  server.RaftServerConfigKeys (ConfUtils.java:logGet(43)) - raft.server.log.force.sync.num = 128 (default)
2019-09-26 15:54:22,343 [pool-87-thread-1] INFO  server.RaftServerConfigKeys (ConfUtils.java:logGet(43)) - raft.server.log.statemachine.data.sync = true (default)
2019-09-26 15:54:22,343 [pool-87-thread-1] INFO  server.RaftServerConfigKeys (ConfUtils.java:logGet(43)) - raft.server.log.statemachine.data.sync.timeout = 10s (default)
2019-09-26 15:54:22,343 [pool-87-thread-1] INFO  server.RaftServerConfigKeys (ConfUtils.java:logGet(43)) - raft.server.log.statemachine.data.sync.timeout.retry = -1 (default)
2019-09-26 15:54:22,344 [pool-87-thread-1] INFO  server.RaftServerConfigKeys (ConfUtils.java:logGet(43)) - raft.server.log.statemachine.data.caching.enabled = true (custom)
2019-09-26 15:54:22,344 [pool-87-thread-1] INFO  segmented.SegmentedRaftLogWorker (SegmentedRaftLogWorker.java:lambda$new$0(132)) - 6258f0da-10d7-4ff4-befa-56fd7261fe8a@group-51DDB47F5F7C-SegmentedRaftLogWorker: flushIndex: setUnconditionally 0 -> -1
2019-09-26 15:54:22,344 [pool-87-thread-1] INFO  server.RaftServerConfigKeys (ConfUtils.java:logGet(43)) - raft.server.snapshot.auto.trigger.enabled = true (custom)
2019-09-26 15:54:22,345 [pool-87-thread-1] INFO  server.RaftServerConfigKeys (ConfUtils.java:logGet(43)) - raft.server.snapshot.auto.trigger.threshold = 10000 (custom)
2019-09-26 15:54:22,345 [pool-87-thread-1] INFO  server.RaftServerConfigKeys (ConfUtils.java:logGet(43)) - raft.server.snapshot.retention.num.files = 5 (custom)
2019-09-26 15:54:22,345 [pool-87-thread-1] INFO  server.RaftServerConfigKeys (ConfUtils.java:logGet(43)) - raft.server.retrycache.expirytime = 600000ms (custom)
2019-09-26 15:54:22,347 [pool-87-thread-1] INFO  impl.RaftServerImpl (RaftServerImpl.java:start(185)) - 6258f0da-10d7-4ff4-befa-56fd7261fe8a@group-51DDB47F5F7C: start as a follower, conf=-1: [6258f0da-10d7-4ff4-befa-56fd7261fe8a:192.168.157.234:43279], old=null
2019-09-26 15:54:22,347 [pool-87-thread-1] INFO  impl.RaftServerImpl (RaftServerImpl.java:setRole(174)) - 6258f0da-10d7-4ff4-befa-56fd7261fe8a@group-51DDB47F5F7C: changes role from      null to FOLLOWER at term 0 for startAsFollower
2019-09-26 15:54:22,347 [pool-87-thread-1] INFO  impl.RoleInfo (RoleInfo.java:updateAndGet(143)) - 6258f0da-10d7-4ff4-befa-56fd7261fe8a: start FollowerState
2019-09-26 15:54:22,348 [pool-87-thread-1] INFO  util.JmxRegister (JmxRegister.java:tryRegister(44)) - Successfully registered JMX Bean with object name Ratis:service=RaftServer,group=group-51DDB47F5F7C,id=6258f0da-10d7-4ff4-befa-56fd7261fe8a
2019-09-26 15:54:22,364 [RatisPipelineUtilsThread] INFO  pipeline.PipelineStateManager (PipelineStateManager.java:addPipeline(56)) - Created pipeline Pipeline[ Id: b7540f79-a0a7-4a87-9c9b-51ddb47f5f7c, Nodes: 6258f0da-10d7-4ff4-befa-56fd7261fe8a{ip: 192.168.157.234, host: pr-hdds-2162-htzpk-1451759861, networkLocation: /default-rack, certSerialId: null}, Type:RATIS, Factor:ONE, State:OPEN]
2019-09-26 15:54:22,394 [grpc-default-executor-2] INFO  impl.RaftServerProxy (RaftServerProxy.java:addNew(89)) - 5e8efae4-1bfc-4920-bedf-2411f13adce7: addNew group-6BA2059DE0D3:[5e8efae4-1bfc-4920-bedf-2411f13adce7:192.168.157.234:40706, 84fb3a66-3f41-460d-9e69-4cc62332d47e:192.168.157.234:41202, 0a9353e1-ac44-4328-9be7-ee392af6c194:192.168.157.234:38051] returns group-6BA2059DE0D3:java.util.concurrent.CompletableFuture@6ba5977e[Not completed]
2019-09-26 15:54:22,394 [grpc-default-executor-1] INFO  impl.RaftServerProxy (RaftServerProxy.java:addNew(89)) - 84fb3a66-3f41-460d-9e69-4cc62332d47e: addNew group-6BA2059DE0D3:[5e8efae4-1bfc-4920-bedf-2411f13adce7:192.168.157.234:40706, 84fb3a66-3f41-460d-9e69-4cc62332d47e:192.168.157.234:41202, 0a9353e1-ac44-4328-9be7-ee392af6c194:192.168.157.234:38051] returns group-6BA2059DE0D3:java.util.concurrent.CompletableFuture@71ae29a7[Not completed]
2019-09-26 15:54:22,394 [grpc-default-executor-0] INFO  impl.RaftServerProxy (RaftServerProxy.java:addNew(89)) - 0a9353e1-ac44-4328-9be7-ee392af6c194: addNew group-6BA2059DE0D3:[5e8efae4-1bfc-4920-bedf-2411f13adce7:192.168.157.234:40706, 84fb3a66-3f41-460d-9e69-4cc62332d47e:192.168.157.234:41202, 0a9353e1-ac44-4328-9be7-ee392af6c194:192.168.157.234:38051] returns group-6BA2059DE0D3:java.util.concurrent.CompletableFuture@71a596cc[Not completed]
2019-09-26 15:54:22,395 [pool-97-thread-1] INFO  impl.RaftServerImpl (RaftServerImpl.java:<init>(95)) - 5e8efae4-1bfc-4920-bedf-2411f13adce7: new RaftServerImpl for group-6BA2059DE0D3:[5e8efae4-1bfc-4920-bedf-2411f13adce7:192.168.157.234:40706, 84fb3a66-3f41-460d-9e69-4cc62332d47e:192.168.157.234:41202, 0a9353e1-ac44-4328-9be7-ee392af6c194:192.168.157.234:38051] with ContainerStateMachine:uninitialized
2019-09-26 15:54:22,396 [pool-97-thread-1] INFO  server.RaftServerConfigKeys (ConfUtils.java:logGet(43)) - raft.server.rpc.timeout.min = 5s (custom)
2019-09-26 15:54:22,396 [pool-97-thread-1] INFO  server.RaftServerConfigKeys (ConfUtils.java:logGet(43)) - raft.server.rpc.timeout.max = 5200ms (custom)
2019-09-26 15:54:22,396 [pool-117-thread-1] INFO  impl.RaftServerImpl (RaftServerImpl.java:<init>(95)) - 0a9353e1-ac44-4328-9be7-ee392af6c194: new RaftServerImpl for group-6BA2059DE0D3:[5e8efae4-1bfc-4920-bedf-2411f13adce7:192.168.157.234:40706, 84fb3a66-3f41-460d-9e69-4cc62332d47e:192.168.157.234:41202, 0a9353e1-ac44-4328-9be7-ee392af6c194:192.168.157.234:38051] with ContainerStateMachine:uninitialized
2019-09-26 15:54:22,396 [pool-97-thread-1] INFO  server.RaftServerConfigKeys (ConfUtils.java:logGet(43)) - raft.server.rpcslowness.timeout = 120s (custom)
2019-09-26 15:54:22,396 [pool-117-thread-1] INFO  server.RaftServerConfigKeys (ConfUtils.java:logGet(43)) - raft.server.rpc.timeout.min = 5s (custom)
2019-09-26 15:54:22,396 [pool-97-thread-1] INFO  server.RaftServerConfigKeys (ConfUtils.java:logGet(43)) - raft.server.sleep.deviation.threshold = 300 (default)
2019-09-26 15:54:22,396 [pool-117-thread-1] INFO  server.RaftServerConfigKeys (ConfUtils.java:logGet(43)) - raft.server.rpc.timeout.max = 5200ms (custom)
2019-09-26 15:54:22,396 [pool-97-thread-1] INFO  server.RaftServerConfigKeys (ConfUtils.java:logGet(43)) - raft.server.log.appender.install.snapshot.enabled = false (custom)
2019-09-26 15:54:22,397 [pool-117-thread-1] INFO  server.RaftServerConfigKeys (ConfUtils.java:logGet(43)) - raft.server.rpcslowness.timeout = 120s (custom)
2019-09-26 15:54:22,397 [pool-97-thread-1] INFO  impl.RaftServerImpl (ServerState.java:<init>(103)) - 5e8efae4-1bfc-4920-bedf-2411f13adce7@group-6BA2059DE0D3: ConfigurationManager, init=-1: [5e8efae4-1bfc-4920-bedf-2411f13adce7:192.168.157.234:40706, 84fb3a66-3f41-460d-9e69-4cc62332d47e:192.168.157.234:41202, 0a9353e1-ac44-4328-9be7-ee392af6c194:192.168.157.234:38051], old=null, confs=<EMPTY_MAP>
2019-09-26 15:54:22,397 [pool-117-thread-1] INFO  server.RaftServerConfigKeys (ConfUtils.java:logGet(43)) - raft.server.sleep.deviation.threshold = 300 (default)
2019-09-26 15:54:22,397 [pool-97-thread-1] INFO  server.RaftServerConfigKeys (ConfUtils.java:logGet(43)) - raft.server.storage.dir = [/workdir/hadoop-ozone/integration-test/target/test-dir/MiniOzoneClusterImpl-b52dc576-3a90-4436-b01d-af36ccb82095/datanode-7/data/ratis] (custom)
2019-09-26 15:54:22,397 [pool-57-thread-1] INFO  impl.RaftServerImpl (RaftServerImpl.java:<init>(95)) - 84fb3a66-3f41-460d-9e69-4cc62332d47e: new RaftServerImpl for group-6BA2059DE0D3:[5e8efae4-1bfc-4920-bedf-2411f13adce7:192.168.157.234:40706, 84fb3a66-3f41-460d-9e69-4cc62332d47e:192.168.157.234:41202, 0a9353e1-ac44-4328-9be7-ee392af6c194:192.168.157.234:38051] with ContainerStateMachine:uninitialized
2019-09-26 15:54:22,397 [pool-117-thread-1] INFO  server.RaftServerConfigKeys (ConfUtils.java:logGet(43)) - raft.server.log.appender.install.snapshot.enabled = false (custom)
2019-09-26 15:54:22,397 [pool-57-thread-1] INFO  server.RaftServerConfigKeys (ConfUtils.java:logGet(43)) - raft.server.rpc.timeout.min = 5s (custom)
2019-09-26 15:54:22,397 [pool-117-thread-1] INFO  impl.RaftServerImpl (ServerState.java:<init>(103)) - 0a9353e1-ac44-4328-9be7-ee392af6c194@group-6BA2059DE0D3: ConfigurationManager, init=-1: [5e8efae4-1bfc-4920-bedf-2411f13adce7:192.168.157.234:40706, 84fb3a66-3f41-460d-9e69-4cc62332d47e:192.168.157.234:41202, 0a9353e1-ac44-4328-9be7-ee392af6c194:192.168.157.234:38051], old=null, confs=<EMPTY_MAP>
2019-09-26 15:54:22,397 [pool-57-thread-1] INFO  server.RaftServerConfigKeys (ConfUtils.java:logGet(43)) - raft.server.rpc.timeout.max = 5200ms (custom)
2019-09-26 15:54:22,397 [pool-97-thread-1] INFO  storage.RaftStorageDirectory (RaftStorageDirectory.java:analyzeStorage(246)) - The storage directory /workdir/hadoop-ozone/integration-test/target/test-dir/MiniOzoneClusterImpl-b52dc576-3a90-4436-b01d-af36ccb82095/datanode-7/data/ratis/91b8609f-353b-4f3b-81b5-6ba2059de0d3 does not exist. Creating ...
2019-09-26 15:54:22,398 [pool-57-thread-1] INFO  server.RaftServerConfigKeys (ConfUtils.java:logGet(43)) - raft.server.rpcslowness.timeout = 120s (custom)
2019-09-26 15:54:22,397 [pool-117-thread-1] INFO  server.RaftServerConfigKeys (ConfUtils.java:logGet(43)) - raft.server.storage.dir = [/workdir/hadoop-ozone/integration-test/target/test-dir/MiniOzoneClusterImpl-b52dc576-3a90-4436-b01d-af36ccb82095/datanode-9/data/ratis] (custom)
2019-09-26 15:54:22,398 [pool-57-thread-1] INFO  server.RaftServerConfigKeys (ConfUtils.java:logGet(43)) - raft.server.sleep.deviation.threshold = 300 (default)
2019-09-26 15:54:22,398 [pool-57-thread-1] INFO  server.RaftServerConfigKeys (ConfUtils.java:logGet(43)) - raft.server.log.appender.install.snapshot.enabled = false (custom)
2019-09-26 15:54:22,398 [pool-117-thread-1] INFO  storage.RaftStorageDirectory (RaftStorageDirectory.java:analyzeStorage(246)) - The storage directory /workdir/hadoop-ozone/integration-test/target/test-dir/MiniOzoneClusterImpl-b52dc576-3a90-4436-b01d-af36ccb82095/datanode-9/data/ratis/91b8609f-353b-4f3b-81b5-6ba2059de0d3 does not exist. Creating ...
2019-09-26 15:54:22,398 [pool-57-thread-1] INFO  impl.RaftServerImpl (ServerState.java:<init>(103)) - 84fb3a66-3f41-460d-9e69-4cc62332d47e@group-6BA2059DE0D3: ConfigurationManager, init=-1: [5e8efae4-1bfc-4920-bedf-2411f13adce7:192.168.157.234:40706, 84fb3a66-3f41-460d-9e69-4cc62332d47e:192.168.157.234:41202, 0a9353e1-ac44-4328-9be7-ee392af6c194:192.168.157.234:38051], old=null, confs=<EMPTY_MAP>
2019-09-26 15:54:22,398 [pool-57-thread-1] INFO  server.RaftServerConfigKeys (ConfUtils.java:logGet(43)) - raft.server.storage.dir = [/workdir/hadoop-ozone/integration-test/target/test-dir/MiniOzoneClusterImpl-b52dc576-3a90-4436-b01d-af36ccb82095/datanode-3/data/ratis] (custom)
2019-09-26 15:54:22,399 [pool-57-thread-1] INFO  storage.RaftStorageDirectory (RaftStorageDirectory.java:analyzeStorage(246)) - The storage directory /workdir/hadoop-ozone/integration-test/target/test-dir/MiniOzoneClusterImpl-b52dc576-3a90-4436-b01d-af36ccb82095/datanode-3/data/ratis/91b8609f-353b-4f3b-81b5-6ba2059de0d3 does not exist. Creating ...
2019-09-26 15:54:22,412 [pool-57-thread-1] INFO  storage.RaftStorageDirectory (RaftStorageDirectory.java:tryLock(328)) - Lock on /workdir/hadoop-ozone/integration-test/target/test-dir/MiniOzoneClusterImpl-b52dc576-3a90-4436-b01d-af36ccb82095/datanode-3/data/ratis/91b8609f-353b-4f3b-81b5-6ba2059de0d3/in_use.lock acquired by nodename 26544@pr-hdds-2162-htzpk-1451759861
2019-09-26 15:54:22,412 [pool-97-thread-1] INFO  storage.RaftStorageDirectory (RaftStorageDirectory.java:tryLock(328)) - Lock on /workdir/hadoop-ozone/integration-test/target/test-dir/MiniOzoneClusterImpl-b52dc576-3a90-4436-b01d-af36ccb82095/datanode-7/data/ratis/91b8609f-353b-4f3b-81b5-6ba2059de0d3/in_use.lock acquired by nodename 26544@pr-hdds-2162-htzpk-1451759861
2019-09-26 15:54:22,412 [pool-117-thread-1] INFO  storage.RaftStorageDirectory (RaftStorageDirectory.java:tryLock(328)) - Lock on /workdir/hadoop-ozone/integration-test/target/test-dir/MiniOzoneClusterImpl-b52dc576-3a90-4436-b01d-af36ccb82095/datanode-9/data/ratis/91b8609f-353b-4f3b-81b5-6ba2059de0d3/in_use.lock acquired by nodename 26544@pr-hdds-2162-htzpk-1451759861
2019-09-26 15:54:22,427 [pool-57-thread-1] INFO  storage.RaftStorage (RaftStorage.java:format(72)) - Storage directory /workdir/hadoop-ozone/integration-test/target/test-dir/MiniOzoneClusterImpl-b52dc576-3a90-4436-b01d-af36ccb82095/datanode-3/data/ratis/91b8609f-353b-4f3b-81b5-6ba2059de0d3 has been successfully formatted.
2019-09-26 15:54:22,427 [pool-117-thread-1] INFO  storage.RaftStorage (RaftStorage.java:format(72)) - Storage directory /workdir/hadoop-ozone/integration-test/target/test-dir/MiniOzoneClusterImpl-b52dc576-3a90-4436-b01d-af36ccb82095/datanode-9/data/ratis/91b8609f-353b-4f3b-81b5-6ba2059de0d3 has been successfully formatted.
2019-09-26 15:54:22,427 [pool-97-thread-1] INFO  storage.RaftStorage (RaftStorage.java:format(72)) - Storage directory /workdir/hadoop-ozone/integration-test/target/test-dir/MiniOzoneClusterImpl-b52dc576-3a90-4436-b01d-af36ccb82095/datanode-7/data/ratis/91b8609f-353b-4f3b-81b5-6ba2059de0d3 has been successfully formatted.
2019-09-26 15:54:22,428 [pool-57-thread-1] INFO  ratis.ContainerStateMachine (ContainerStateMachine.java:loadSnapshot(230)) - group-6BA2059DE0D3: The snapshot info is null. Setting the last applied indexto:(t:0, i:~)
2019-09-26 15:54:22,428 [pool-117-thread-1] INFO  ratis.ContainerStateMachine (ContainerStateMachine.java:loadSnapshot(230)) - group-6BA2059DE0D3: The snapshot info is null. Setting the last applied indexto:(t:0, i:~)
2019-09-26 15:54:22,428 [pool-57-thread-1] INFO  server.RaftServerConfigKeys (ConfUtils.java:logGet(43)) - raft.server.notification.no-leader.timeout = 120s (custom)
2019-09-26 15:54:22,428 [pool-97-thread-1] INFO  ratis.ContainerStateMachine (ContainerStateMachine.java:loadSnapshot(230)) - group-6BA2059DE0D3: The snapshot info is null. Setting the last applied indexto:(t:0, i:~)
2019-09-26 15:54:22,428 [pool-57-thread-1] INFO  server.RaftServerConfigKeys (ConfUtils.java:logGet(43)) - raft.server.log.use.memory = false (default)
2019-09-26 15:54:22,428 [pool-117-thread-1] INFO  server.RaftServerConfigKeys (ConfUtils.java:logGet(43)) - raft.server.notification.no-leader.timeout = 120s (custom)
2019-09-26 15:54:22,428 [pool-57-thread-1] INFO  server.RaftServerConfigKeys (ConfUtils.java:logGet(43)) - raft.server.log.purge.gap = 1000000 (custom)
2019-09-26 15:54:22,428 [pool-97-thread-1] INFO  server.RaftServerConfigKeys (ConfUtils.java:logGet(43)) - raft.server.notification.no-leader.timeout = 120s (custom)
2019-09-26 15:54:22,428 [pool-57-thread-1] INFO  server.RaftServerConfigKeys (ConfUtils.java:logGet(43)) - raft.server.log.appender.buffer.byte-limit = 33554432 (custom)
2019-09-26 15:54:22,428 [pool-117-thread-1] INFO  server.RaftServerConfigKeys (ConfUtils.java:logGet(43)) - raft.server.log.use.memory = false (default)
2019-09-26 15:54:22,429 [pool-57-thread-1] INFO  server.RaftServerConfigKeys (ConfUtils.java:logGet(43)) - raft.server.log.segment.size.max = 1048576 (custom)
2019-09-26 15:54:22,428 [pool-97-thread-1] INFO  server.RaftServerConfigKeys (ConfUtils.java:logGet(43)) - raft.server.log.use.memory = false (default)
2019-09-26 15:54:22,429 [pool-57-thread-1] INFO  server.RaftServerConfigKeys (ConfUtils.java:logGet(43)) - raft.server.log.segment.cache.num.max = 2 (custom)
2019-09-26 15:54:22,429 [pool-117-thread-1] INFO  server.RaftServerConfigKeys (ConfUtils.java:logGet(43)) - raft.server.log.purge.gap = 1000000 (custom)
2019-09-26 15:54:22,429 [pool-57-thread-1] INFO  segmented.SegmentedRaftLogWorker (SegmentedRaftLogWorker.java:<init>(172)) - new 84fb3a66-3f41-460d-9e69-4cc62332d47e@group-6BA2059DE0D3-SegmentedRaftLogWorker for RaftStorage:Storage Directory /workdir/hadoop-ozone/integration-test/target/test-dir/MiniOzoneClusterImpl-b52dc576-3a90-4436-b01d-af36ccb82095/datanode-3/data/ratis/91b8609f-353b-4f3b-81b5-6ba2059de0d3
2019-09-26 15:54:22,429 [pool-97-thread-1] INFO  server.RaftServerConfigKeys (ConfUtils.java:logGet(43)) - raft.server.log.purge.gap = 1000000 (custom)
2019-09-26 15:54:22,429 [pool-57-thread-1] INFO  server.RaftServerConfigKeys (ConfUtils.java:logGet(43)) - raft.server.log.queue.byte-limit = 2147483647 (custom)
2019-09-26 15:54:22,429 [pool-117-thread-1] INFO  server.RaftServerConfigKeys (ConfUtils.java:logGet(43)) - raft.server.log.appender.buffer.byte-limit = 33554432 (custom)
2019-09-26 15:54:22,429 [pool-57-thread-1] INFO  server.RaftServerConfigKeys (ConfUtils.java:logGet(43)) - raft.server.log.queue.element-limit = 1024 (custom)
2019-09-26 15:54:22,429 [pool-97-thread-1] INFO  server.RaftServerConfigKeys (ConfUtils.java:logGet(43)) - raft.server.log.appender.buffer.byte-limit = 33554432 (custom)
2019-09-26 15:54:22,429 [pool-57-thread-1] INFO  server.RaftServerConfigKeys (ConfUtils.java:logGet(43)) - raft.server.log.segment.size.max = 1048576 (custom)
2019-09-26 15:54:22,429 [pool-117-thread-1] INFO  server.RaftServerConfigKeys (ConfUtils.java:logGet(43)) - raft.server.log.segment.size.max = 1048576 (custom)
2019-09-26 15:54:22,430 [pool-57-thread-1] INFO  server.RaftServerConfigKeys (ConfUtils.java:logGet(43)) - raft.server.log.preallocated.size = 16384 (custom)
2019-09-26 15:54:22,430 [pool-97-thread-1] INFO  server.RaftServerConfigKeys (ConfUtils.java:logGet(43)) - raft.server.log.segment.size.max = 1048576 (custom)
2019-09-26 15:54:22,430 [pool-57-thread-1] INFO  server.RaftServerConfigKeys (ConfUtils.java:logGet(43)) - raft.server.log.write.buffer.size = 33554432 (custom)
2019-09-26 15:54:22,430 [pool-117-thread-1] INFO  server.RaftServerConfigKeys (ConfUtils.java:logGet(43)) - raft.server.log.segment.cache.num.max = 2 (custom)
2019-09-26 15:54:22,430 [pool-57-thread-1] INFO  server.RaftServerConfigKeys (ConfUtils.java:logGet(43)) - raft.server.log.force.sync.num = 128 (default)
2019-09-26 15:54:22,430 [pool-97-thread-1] INFO  server.RaftServerConfigKeys (ConfUtils.java:logGet(43)) - raft.server.log.segment.cache.num.max = 2 (custom)
2019-09-26 15:54:22,430 [pool-57-thread-1] INFO  server.RaftServerConfigKeys (ConfUtils.java:logGet(43)) - raft.server.log.statemachine.data.sync = true (default)
2019-09-26 15:54:22,430 [pool-117-thread-1] INFO  segmented.SegmentedRaftLogWorker (SegmentedRaftLogWorker.java:<init>(172)) - new 0a9353e1-ac44-4328-9be7-ee392af6c194@group-6BA2059DE0D3-SegmentedRaftLogWorker for RaftStorage:Storage Directory /workdir/hadoop-ozone/integration-test/target/test-dir/MiniOzoneClusterImpl-b52dc576-3a90-4436-b01d-af36ccb82095/datanode-9/data/ratis/91b8609f-353b-4f3b-81b5-6ba2059de0d3
2019-09-26 15:54:22,430 [pool-57-thread-1] INFO  server.RaftServerConfigKeys (ConfUtils.java:logGet(43)) - raft.server.log.statemachine.data.sync.timeout = 10s (default)
2019-09-26 15:54:22,430 [pool-97-thread-1] INFO  segmented.SegmentedRaftLogWorker (SegmentedRaftLogWorker.java:<init>(172)) - new 5e8efae4-1bfc-4920-bedf-2411f13adce7@group-6BA2059DE0D3-SegmentedRaftLogWorker for RaftStorage:Storage Directory /workdir/hadoop-ozone/integration-test/target/test-dir/MiniOzoneClusterImpl-b52dc576-3a90-4436-b01d-af36ccb82095/datanode-7/data/ratis/91b8609f-353b-4f3b-81b5-6ba2059de0d3
2019-09-26 15:54:22,431 [pool-57-thread-1] INFO  server.RaftServerConfigKeys (ConfUtils.java:logGet(43)) - raft.server.log.statemachine.data.sync.timeout.retry = -1 (default)
2019-09-26 15:54:22,430 [pool-117-thread-1] INFO  server.RaftServerConfigKeys (ConfUtils.java:logGet(43)) - raft.server.log.queue.byte-limit = 2147483647 (custom)
2019-09-26 15:54:22,431 [pool-97-thread-1] INFO  server.RaftServerConfigKeys (ConfUtils.java:logGet(43)) - raft.server.log.queue.byte-limit = 2147483647 (custom)
2019-09-26 15:54:22,431 [pool-117-thread-1] INFO  server.RaftServerConfigKeys (ConfUtils.java:logGet(43)) - raft.server.log.queue.element-limit = 1024 (custom)
2019-09-26 15:54:22,431 [pool-57-thread-1] INFO  server.RaftServerConfigKeys (ConfUtils.java:logGet(43)) - raft.server.log.statemachine.data.caching.enabled = true (custom)
2019-09-26 15:54:22,431 [pool-117-thread-1] INFO  server.RaftServerConfigKeys (ConfUtils.java:logGet(43)) - raft.server.log.segment.size.max = 1048576 (custom)
2019-09-26 15:54:22,431 [pool-97-thread-1] INFO  server.RaftServerConfigKeys (ConfUtils.java:logGet(43)) - raft.server.log.queue.element-limit = 1024 (custom)
2019-09-26 15:54:22,431 [pool-57-thread-1] INFO  segmented.SegmentedRaftLogWorker (SegmentedRaftLogWorker.java:lambda$new$0(132)) - 84fb3a66-3f41-460d-9e69-4cc62332d47e@group-6BA2059DE0D3-SegmentedRaftLogWorker: flushIndex: setUnconditionally 0 -> -1
2019-09-26 15:54:22,431 [pool-117-thread-1] INFO  server.RaftServerConfigKeys (ConfUtils.java:logGet(43)) - raft.server.log.preallocated.size = 16384 (custom)
2019-09-26 15:54:22,431 [pool-97-thread-1] INFO  server.RaftServerConfigKeys (ConfUtils.java:logGet(43)) - raft.server.log.segment.size.max = 1048576 (custom)
2019-09-26 15:54:22,431 [pool-117-thread-1] INFO  server.RaftServerConfigKeys (ConfUtils.java:logGet(43)) - raft.server.log.write.buffer.size = 33554432 (custom)
2019-09-26 15:54:22,432 [pool-97-thread-1] INFO  server.RaftServerConfigKeys (ConfUtils.java:logGet(43)) - raft.server.log.preallocated.size = 16384 (custom)
2019-09-26 15:54:22,432 [pool-57-thread-1] INFO  server.RaftServerConfigKeys (ConfUtils.java:logGet(43)) - raft.server.snapshot.auto.trigger.enabled = true (custom)
2019-09-26 15:54:22,434 [pool-97-thread-1] INFO  server.RaftServerConfigKeys (ConfUtils.java:logGet(43)) - raft.server.log.write.buffer.size = 33554432 (custom)
2019-09-26 15:54:22,434 [pool-97-thread-1] INFO  server.RaftServerConfigKeys (ConfUtils.java:logGet(43)) - raft.server.log.force.sync.num = 128 (default)
2019-09-26 15:54:22,433 [pool-117-thread-1] INFO  server.RaftServerConfigKeys (ConfUtils.java:logGet(43)) - raft.server.log.force.sync.num = 128 (default)
2019-09-26 15:54:22,434 [pool-97-thread-1] INFO  server.RaftServerConfigKeys (ConfUtils.java:logGet(43)) - raft.server.log.statemachine.data.sync = true (default)
2019-09-26 15:54:22,434 [pool-57-thread-1] INFO  server.RaftServerConfigKeys (ConfUtils.java:logGet(43)) - raft.server.snapshot.auto.trigger.threshold = 10000 (custom)
2019-09-26 15:54:22,434 [pool-97-thread-1] INFO  server.RaftServerConfigKeys (ConfUtils.java:logGet(43)) - raft.server.log.statemachine.data.sync.timeout = 10s (default)
2019-09-26 15:54:22,434 [pool-117-thread-1] INFO  server.RaftServerConfigKeys (ConfUtils.java:logGet(43)) - raft.server.log.statemachine.data.sync = true (default)
2019-09-26 15:54:22,434 [pool-97-thread-1] INFO  server.RaftServerConfigKeys (ConfUtils.java:logGet(43)) - raft.server.log.statemachine.data.sync.timeout.retry = -1 (default)
2019-09-26 15:54:22,434 [pool-57-thread-1] INFO  server.RaftServerConfigKeys (ConfUtils.java:logGet(43)) - raft.server.snapshot.retention.num.files = 5 (custom)
2019-09-26 15:54:22,435 [pool-97-thread-1] INFO  server.RaftServerConfigKeys (ConfUtils.java:logGet(43)) - raft.server.log.statemachine.data.caching.enabled = true (custom)
2019-09-26 15:54:22,435 [pool-57-thread-1] INFO  server.RaftServerConfigKeys (ConfUtils.java:logGet(43)) - raft.server.retrycache.expirytime = 600000ms (custom)
2019-09-26 15:54:22,434 [pool-117-thread-1] INFO  server.RaftServerConfigKeys (ConfUtils.java:logGet(43)) - raft.server.log.statemachine.data.sync.timeout = 10s (default)
2019-09-26 15:54:22,435 [pool-97-thread-1] INFO  segmented.SegmentedRaftLogWorker (SegmentedRaftLogWorker.java:lambda$new$0(132)) - 5e8efae4-1bfc-4920-bedf-2411f13adce7@group-6BA2059DE0D3-SegmentedRaftLogWorker: flushIndex: setUnconditionally 0 -> -1
2019-09-26 15:54:22,435 [pool-117-thread-1] INFO  server.RaftServerConfigKeys (ConfUtils.java:logGet(43)) - raft.server.log.statemachine.data.sync.timeout.retry = -1 (default)
2019-09-26 15:54:22,435 [pool-97-thread-1] INFO  server.RaftServerConfigKeys (ConfUtils.java:logGet(43)) - raft.server.snapshot.auto.trigger.enabled = true (custom)
2019-09-26 15:54:22,435 [pool-97-thread-1] INFO  server.RaftServerConfigKeys (ConfUtils.java:logGet(43)) - raft.server.snapshot.auto.trigger.threshold = 10000 (custom)
2019-09-26 15:54:22,437 [pool-97-thread-1] INFO  server.RaftServerConfigKeys (ConfUtils.java:logGet(43)) - raft.server.snapshot.retention.num.files = 5 (custom)
2019-09-26 15:54:22,435 [pool-117-thread-1] INFO  server.RaftServerConfigKeys (ConfUtils.java:logGet(43)) - raft.server.log.statemachine.data.caching.enabled = true (custom)
2019-09-26 15:54:22,437 [pool-97-thread-1] INFO  server.RaftServerConfigKeys (ConfUtils.java:logGet(43)) - raft.server.retrycache.expirytime = 600000ms (custom)
2019-09-26 15:54:22,438 [pool-117-thread-1] INFO  segmented.SegmentedRaftLogWorker (SegmentedRaftLogWorker.java:lambda$new$0(132)) - 0a9353e1-ac44-4328-9be7-ee392af6c194@group-6BA2059DE0D3-SegmentedRaftLogWorker: flushIndex: setUnconditionally 0 -> -1
2019-09-26 15:54:22,438 [pool-117-thread-1] INFO  server.RaftServerConfigKeys (ConfUtils.java:logGet(43)) - raft.server.snapshot.auto.trigger.enabled = true (custom)
2019-09-26 15:54:22,438 [pool-117-thread-1] INFO  server.RaftServerConfigKeys (ConfUtils.java:logGet(43)) - raft.server.snapshot.auto.trigger.threshold = 10000 (custom)
2019-09-26 15:54:22,438 [pool-117-thread-1] INFO  server.RaftServerConfigKeys (ConfUtils.java:logGet(43)) - raft.server.snapshot.retention.num.files = 5 (custom)
2019-09-26 15:54:22,438 [pool-117-thread-1] INFO  server.RaftServerConfigKeys (ConfUtils.java:logGet(43)) - raft.server.retrycache.expirytime = 600000ms (custom)
2019-09-26 15:54:22,439 [pool-57-thread-1] INFO  impl.RaftServerImpl (RaftServerImpl.java:start(185)) - 84fb3a66-3f41-460d-9e69-4cc62332d47e@group-6BA2059DE0D3: start as a follower, conf=-1: [5e8efae4-1bfc-4920-bedf-2411f13adce7:192.168.157.234:40706, 84fb3a66-3f41-460d-9e69-4cc62332d47e:192.168.157.234:41202, 0a9353e1-ac44-4328-9be7-ee392af6c194:192.168.157.234:38051], old=null
2019-09-26 15:54:22,439 [pool-57-thread-1] INFO  impl.RaftServerImpl (RaftServerImpl.java:setRole(174)) - 84fb3a66-3f41-460d-9e69-4cc62332d47e@group-6BA2059DE0D3: changes role from      null to FOLLOWER at term 0 for startAsFollower
2019-09-26 15:54:22,440 [pool-57-thread-1] INFO  impl.RoleInfo (RoleInfo.java:updateAndGet(143)) - 84fb3a66-3f41-460d-9e69-4cc62332d47e: start FollowerState
2019-09-26 15:54:22,440 [pool-57-thread-1] INFO  util.JmxRegister (JmxRegister.java:tryRegister(44)) - Successfully registered JMX Bean with object name Ratis:service=RaftServer,group=group-6BA2059DE0D3,id=84fb3a66-3f41-460d-9e69-4cc62332d47e
2019-09-26 15:54:22,440 [pool-97-thread-1] INFO  impl.RaftServerImpl (RaftServerImpl.java:start(185)) - 5e8efae4-1bfc-4920-bedf-2411f13adce7@group-6BA2059DE0D3: start as a follower, conf=-1: [5e8efae4-1bfc-4920-bedf-2411f13adce7:192.168.157.234:40706, 84fb3a66-3f41-460d-9e69-4cc62332d47e:192.168.157.234:41202, 0a9353e1-ac44-4328-9be7-ee392af6c194:192.168.157.234:38051], old=null
2019-09-26 15:54:22,440 [pool-97-thread-1] INFO  impl.RaftServerImpl (RaftServerImpl.java:setRole(174)) - 5e8efae4-1bfc-4920-bedf-2411f13adce7@group-6BA2059DE0D3: changes role from      null to FOLLOWER at term 0 for startAsFollower
2019-09-26 15:54:22,440 [pool-97-thread-1] INFO  impl.RoleInfo (RoleInfo.java:updateAndGet(143)) - 5e8efae4-1bfc-4920-bedf-2411f13adce7: start FollowerState
2019-09-26 15:54:22,441 [pool-97-thread-1] INFO  util.JmxRegister (JmxRegister.java:tryRegister(44)) - Successfully registered JMX Bean with object name Ratis:service=RaftServer,group=group-6BA2059DE0D3,id=5e8efae4-1bfc-4920-bedf-2411f13adce7
2019-09-26 15:54:22,441 [pool-117-thread-1] INFO  impl.RaftServerImpl (RaftServerImpl.java:start(185)) - 0a9353e1-ac44-4328-9be7-ee392af6c194@group-6BA2059DE0D3: start as a follower, conf=-1: [5e8efae4-1bfc-4920-bedf-2411f13adce7:192.168.157.234:40706, 84fb3a66-3f41-460d-9e69-4cc62332d47e:192.168.157.234:41202, 0a9353e1-ac44-4328-9be7-ee392af6c194:192.168.157.234:38051], old=null
2019-09-26 15:54:22,441 [pool-117-thread-1] INFO  impl.RaftServerImpl (RaftServerImpl.java:setRole(174)) - 0a9353e1-ac44-4328-9be7-ee392af6c194@group-6BA2059DE0D3: changes role from      null to FOLLOWER at term 0 for startAsFollower
2019-09-26 15:54:22,443 [pool-117-thread-1] INFO  impl.RoleInfo (RoleInfo.java:updateAndGet(143)) - 0a9353e1-ac44-4328-9be7-ee392af6c194: start FollowerState
2019-09-26 15:54:22,444 [pool-117-thread-1] INFO  util.JmxRegister (JmxRegister.java:tryRegister(44)) - Successfully registered JMX Bean with object name Ratis:service=RaftServer,group=group-6BA2059DE0D3,id=0a9353e1-ac44-4328-9be7-ee392af6c194
2019-09-26 15:54:22,464 [RatisPipelineUtilsThread] INFO  pipeline.PipelineStateManager (PipelineStateManager.java:addPipeline(56)) - Created pipeline Pipeline[ Id: 91b8609f-353b-4f3b-81b5-6ba2059de0d3, Nodes: 84fb3a66-3f41-460d-9e69-4cc62332d47e{ip: 192.168.157.234, host: pr-hdds-2162-htzpk-1451759861, networkLocation: /default-rack, certSerialId: null}0a9353e1-ac44-4328-9be7-ee392af6c194{ip: 192.168.157.234, host: pr-hdds-2162-htzpk-1451759861, networkLocation: /default-rack, certSerialId: null}5e8efae4-1bfc-4920-bedf-2411f13adce7{ip: 192.168.157.234, host: pr-hdds-2162-htzpk-1451759861, networkLocation: /default-rack, certSerialId: null}, Type:RATIS, Factor:THREE, State:OPEN]
2019-09-26 15:54:22,491 [grpc-default-executor-1] INFO  impl.RaftServerProxy (RaftServerProxy.java:addNew(89)) - 1b3d0591-2738-428f-9259-44499a4c704f: addNew group-E19CBEF779EE:[b1b47c16-4b16-47f9-8a1c-bd43cd9891d3:192.168.157.234:40890, 1b3d0591-2738-428f-9259-44499a4c704f:192.168.157.234:35407, 1db74e33-95b2-4a02-afc0-c3b777a2f5f7:192.168.157.234:42936] returns group-E19CBEF779EE:java.util.concurrent.CompletableFuture@7d25154e[Not completed]
2019-09-26 15:54:22,491 [grpc-default-executor-0] INFO  impl.RaftServerProxy (RaftServerProxy.java:addNew(89)) - 1db74e33-95b2-4a02-afc0-c3b777a2f5f7: addNew group-E19CBEF779EE:[b1b47c16-4b16-47f9-8a1c-bd43cd9891d3:192.168.157.234:40890, 1b3d0591-2738-428f-9259-44499a4c704f:192.168.157.234:35407, 1db74e33-95b2-4a02-afc0-c3b777a2f5f7:192.168.157.234:42936] returns group-E19CBEF779EE:java.util.concurrent.CompletableFuture@4e2dea58[Not completed]
2019-09-26 15:54:22,491 [grpc-default-executor-2] INFO  impl.RaftServerProxy (RaftServerProxy.java:addNew(89)) - b1b47c16-4b16-47f9-8a1c-bd43cd9891d3: addNew group-E19CBEF779EE:[b1b47c16-4b16-47f9-8a1c-bd43cd9891d3:192.168.157.234:40890, 1b3d0591-2738-428f-9259-44499a4c704f:192.168.157.234:35407, 1db74e33-95b2-4a02-afc0-c3b777a2f5f7:192.168.157.234:42936] returns group-E19CBEF779EE:java.util.concurrent.CompletableFuture@589a1028[Not completed]
2019-09-26 15:54:22,495 [pool-37-thread-1] INFO  impl.RaftServerImpl (RaftServerImpl.java:<init>(95)) - b1b47c16-4b16-47f9-8a1c-bd43cd9891d3: new RaftServerImpl for group-E19CBEF779EE:[b1b47c16-4b16-47f9-8a1c-bd43cd9891d3:192.168.157.234:40890, 1b3d0591-2738-428f-9259-44499a4c704f:192.168.157.234:35407, 1db74e33-95b2-4a02-afc0-c3b777a2f5f7:192.168.157.234:42936] with ContainerStateMachine:uninitialized
2019-09-26 15:54:22,495 [pool-37-thread-1] INFO  server.RaftServerConfigKeys (ConfUtils.java:logGet(43)) - raft.server.rpc.timeout.min = 5s (custom)
2019-09-26 15:54:22,495 [pool-37-thread-1] INFO  server.RaftServerConfigKeys (ConfUtils.java:logGet(43)) - raft.server.rpc.timeout.max = 5200ms (custom)
2019-09-26 15:54:22,495 [pool-37-thread-1] INFO  server.RaftServerConfigKeys (ConfUtils.java:logGet(43)) - raft.server.rpcslowness.timeout = 120s (custom)
2019-09-26 15:54:22,495 [pool-37-thread-1] INFO  server.RaftServerConfigKeys (ConfUtils.java:logGet(43)) - raft.server.sleep.deviation.threshold = 300 (default)
2019-09-26 15:54:22,495 [pool-37-thread-1] INFO  server.RaftServerConfigKeys (ConfUtils.java:logGet(43)) - raft.server.log.appender.install.snapshot.enabled = false (custom)
2019-09-26 15:54:22,496 [pool-37-thread-1] INFO  impl.RaftServerImpl (ServerState.java:<init>(103)) - b1b47c16-4b16-47f9-8a1c-bd43cd9891d3@group-E19CBEF779EE: ConfigurationManager, init=-1: [b1b47c16-4b16-47f9-8a1c-bd43cd9891d3:192.168.157.234:40890, 1b3d0591-2738-428f-9259-44499a4c704f:192.168.157.234:35407, 1db74e33-95b2-4a02-afc0-c3b777a2f5f7:192.168.157.234:42936], old=null, confs=<EMPTY_MAP>
2019-09-26 15:54:22,496 [pool-37-thread-1] INFO  server.RaftServerConfigKeys (ConfUtils.java:logGet(43)) - raft.server.storage.dir = [/workdir/hadoop-ozone/integration-test/target/test-dir/MiniOzoneClusterImpl-b52dc576-3a90-4436-b01d-af36ccb82095/datanode-1/data/ratis] (custom)
2019-09-26 15:54:22,496 [pool-77-thread-1] INFO  impl.RaftServerImpl (RaftServerImpl.java:<init>(95)) - 1db74e33-95b2-4a02-afc0-c3b777a2f5f7: new RaftServerImpl for group-E19CBEF779EE:[b1b47c16-4b16-47f9-8a1c-bd43cd9891d3:192.168.157.234:40890, 1b3d0591-2738-428f-9259-44499a4c704f:192.168.157.234:35407, 1db74e33-95b2-4a02-afc0-c3b777a2f5f7:192.168.157.234:42936] with ContainerStateMachine:uninitialized
2019-09-26 15:54:22,496 [pool-77-thread-1] INFO  server.RaftServerConfigKeys (ConfUtils.java:logGet(43)) - raft.server.rpc.timeout.min = 5s (custom)
2019-09-26 15:54:22,496 [pool-37-thread-1] INFO  storage.RaftStorageDirectory (RaftStorageDirectory.java:analyzeStorage(246)) - The storage directory /workdir/hadoop-ozone/integration-test/target/test-dir/MiniOzoneClusterImpl-b52dc576-3a90-4436-b01d-af36ccb82095/datanode-1/data/ratis/c0da0010-0168-4e1a-9700-e19cbef779ee does not exist. Creating ...
2019-09-26 15:54:22,496 [pool-77-thread-1] INFO  server.RaftServerConfigKeys (ConfUtils.java:logGet(43)) - raft.server.rpc.timeout.max = 5200ms (custom)
2019-09-26 15:54:22,496 [pool-77-thread-1] INFO  server.RaftServerConfigKeys (ConfUtils.java:logGet(43)) - raft.server.rpcslowness.timeout = 120s (custom)
2019-09-26 15:54:22,497 [pool-77-thread-1] INFO  server.RaftServerConfigKeys (ConfUtils.java:logGet(43)) - raft.server.sleep.deviation.threshold = 300 (default)
2019-09-26 15:54:22,497 [pool-77-thread-1] INFO  server.RaftServerConfigKeys (ConfUtils.java:logGet(43)) - raft.server.log.appender.install.snapshot.enabled = false (custom)
2019-09-26 15:54:22,497 [pool-77-thread-1] INFO  impl.RaftServerImpl (ServerState.java:<init>(103)) - 1db74e33-95b2-4a02-afc0-c3b777a2f5f7@group-E19CBEF779EE: ConfigurationManager, init=-1: [b1b47c16-4b16-47f9-8a1c-bd43cd9891d3:192.168.157.234:40890, 1b3d0591-2738-428f-9259-44499a4c704f:192.168.157.234:35407, 1db74e33-95b2-4a02-afc0-c3b777a2f5f7:192.168.157.234:42936], old=null, confs=<EMPTY_MAP>
2019-09-26 15:54:22,497 [pool-77-thread-1] INFO  server.RaftServerConfigKeys (ConfUtils.java:logGet(43)) - raft.server.storage.dir = [/workdir/hadoop-ozone/integration-test/target/test-dir/MiniOzoneClusterImpl-b52dc576-3a90-4436-b01d-af36ccb82095/datanode-5/data/ratis] (custom)
2019-09-26 15:54:22,497 [pool-67-thread-1] INFO  impl.RaftServerImpl (RaftServerImpl.java:<init>(95)) - 1b3d0591-2738-428f-9259-44499a4c704f: new RaftServerImpl for group-E19CBEF779EE:[b1b47c16-4b16-47f9-8a1c-bd43cd9891d3:192.168.157.234:40890, 1b3d0591-2738-428f-9259-44499a4c704f:192.168.157.234:35407, 1db74e33-95b2-4a02-afc0-c3b777a2f5f7:192.168.157.234:42936] with ContainerStateMachine:uninitialized
2019-09-26 15:54:22,497 [pool-77-thread-1] INFO  storage.RaftStorageDirectory (RaftStorageDirectory.java:analyzeStorage(246)) - The storage directory /workdir/hadoop-ozone/integration-test/target/test-dir/MiniOzoneClusterImpl-b52dc576-3a90-4436-b01d-af36ccb82095/datanode-5/data/ratis/c0da0010-0168-4e1a-9700-e19cbef779ee does not exist. Creating ...
2019-09-26 15:54:22,498 [pool-67-thread-1] INFO  server.RaftServerConfigKeys (ConfUtils.java:logGet(43)) - raft.server.rpc.timeout.min = 5s (custom)
2019-09-26 15:54:22,498 [pool-67-thread-1] INFO  server.RaftServerConfigKeys (ConfUtils.java:logGet(43)) - raft.server.rpc.timeout.max = 5200ms (custom)
2019-09-26 15:54:22,498 [pool-67-thread-1] INFO  server.RaftServerConfigKeys (ConfUtils.java:logGet(43)) - raft.server.rpcslowness.timeout = 120s (custom)
2019-09-26 15:54:22,498 [pool-67-thread-1] INFO  server.RaftServerConfigKeys (ConfUtils.java:logGet(43)) - raft.server.sleep.deviation.threshold = 300 (default)
2019-09-26 15:54:22,498 [pool-67-thread-1] INFO  server.RaftServerConfigKeys (ConfUtils.java:logGet(43)) - raft.server.log.appender.install.snapshot.enabled = false (custom)
2019-09-26 15:54:22,498 [pool-67-thread-1] INFO  impl.RaftServerImpl (ServerState.java:<init>(103)) - 1b3d0591-2738-428f-9259-44499a4c704f@group-E19CBEF779EE: ConfigurationManager, init=-1: [b1b47c16-4b16-47f9-8a1c-bd43cd9891d3:192.168.157.234:40890, 1b3d0591-2738-428f-9259-44499a4c704f:192.168.157.234:35407, 1db74e33-95b2-4a02-afc0-c3b777a2f5f7:192.168.157.234:42936], old=null, confs=<EMPTY_MAP>
2019-09-26 15:54:22,499 [pool-67-thread-1] INFO  server.RaftServerConfigKeys (ConfUtils.java:logGet(43)) - raft.server.storage.dir = [/workdir/hadoop-ozone/integration-test/target/test-dir/MiniOzoneClusterImpl-b52dc576-3a90-4436-b01d-af36ccb82095/datanode-4/data/ratis] (custom)
2019-09-26 15:54:22,499 [pool-67-thread-1] INFO  storage.RaftStorageDirectory (RaftStorageDirectory.java:analyzeStorage(246)) - The storage directory /workdir/hadoop-ozone/integration-test/target/test-dir/MiniOzoneClusterImpl-b52dc576-3a90-4436-b01d-af36ccb82095/datanode-4/data/ratis/c0da0010-0168-4e1a-9700-e19cbef779ee does not exist. Creating ...
2019-09-26 15:54:22,511 [pool-77-thread-1] INFO  storage.RaftStorageDirectory (RaftStorageDirectory.java:tryLock(328)) - Lock on /workdir/hadoop-ozone/integration-test/target/test-dir/MiniOzoneClusterImpl-b52dc576-3a90-4436-b01d-af36ccb82095/datanode-5/data/ratis/c0da0010-0168-4e1a-9700-e19cbef779ee/in_use.lock acquired by nodename 26544@pr-hdds-2162-htzpk-1451759861
2019-09-26 15:54:22,511 [pool-37-thread-1] INFO  storage.RaftStorageDirectory (RaftStorageDirectory.java:tryLock(328)) - Lock on /workdir/hadoop-ozone/integration-test/target/test-dir/MiniOzoneClusterImpl-b52dc576-3a90-4436-b01d-af36ccb82095/datanode-1/data/ratis/c0da0010-0168-4e1a-9700-e19cbef779ee/in_use.lock acquired by nodename 26544@pr-hdds-2162-htzpk-1451759861
2019-09-26 15:54:22,511 [pool-67-thread-1] INFO  storage.RaftStorageDirectory (RaftStorageDirectory.java:tryLock(328)) - Lock on /workdir/hadoop-ozone/integration-test/target/test-dir/MiniOzoneClusterImpl-b52dc576-3a90-4436-b01d-af36ccb82095/datanode-4/data/ratis/c0da0010-0168-4e1a-9700-e19cbef779ee/in_use.lock acquired by nodename 26544@pr-hdds-2162-htzpk-1451759861
2019-09-26 15:54:22,525 [pool-67-thread-1] INFO  storage.RaftStorage (RaftStorage.java:format(72)) - Storage directory /workdir/hadoop-ozone/integration-test/target/test-dir/MiniOzoneClusterImpl-b52dc576-3a90-4436-b01d-af36ccb82095/datanode-4/data/ratis/c0da0010-0168-4e1a-9700-e19cbef779ee has been successfully formatted.
2019-09-26 15:54:22,525 [pool-77-thread-1] INFO  storage.RaftStorage (RaftStorage.java:format(72)) - Storage directory /workdir/hadoop-ozone/integration-test/target/test-dir/MiniOzoneClusterImpl-b52dc576-3a90-4436-b01d-af36ccb82095/datanode-5/data/ratis/c0da0010-0168-4e1a-9700-e19cbef779ee has been successfully formatted.
2019-09-26 15:54:22,525 [pool-37-thread-1] INFO  storage.RaftStorage (RaftStorage.java:format(72)) - Storage directory /workdir/hadoop-ozone/integration-test/target/test-dir/MiniOzoneClusterImpl-b52dc576-3a90-4436-b01d-af36ccb82095/datanode-1/data/ratis/c0da0010-0168-4e1a-9700-e19cbef779ee has been successfully formatted.
2019-09-26 15:54:22,526 [pool-67-thread-1] INFO  ratis.ContainerStateMachine (ContainerStateMachine.java:loadSnapshot(230)) - group-E19CBEF779EE: The snapshot info is null. Setting the last applied indexto:(t:0, i:~)
2019-09-26 15:54:22,526 [pool-77-thread-1] INFO  ratis.ContainerStateMachine (ContainerStateMachine.java:loadSnapshot(230)) - group-E19CBEF779EE: The snapshot info is null. Setting the last applied indexto:(t:0, i:~)
2019-09-26 15:54:22,526 [pool-67-thread-1] INFO  server.RaftServerConfigKeys (ConfUtils.java:logGet(43)) - raft.server.notification.no-leader.timeout = 120s (custom)
2019-09-26 15:54:22,526 [pool-37-thread-1] INFO  ratis.ContainerStateMachine (ContainerStateMachine.java:loadSnapshot(230)) - group-E19CBEF779EE: The snapshot info is null. Setting the last applied indexto:(t:0, i:~)
2019-09-26 15:54:22,526 [pool-67-thread-1] INFO  server.RaftServerConfigKeys (ConfUtils.java:logGet(43)) - raft.server.log.use.memory = false (default)
2019-09-26 15:54:22,526 [pool-77-thread-1] INFO  server.RaftServerConfigKeys (ConfUtils.java:logGet(43)) - raft.server.notification.no-leader.timeout = 120s (custom)
2019-09-26 15:54:22,526 [pool-67-thread-1] INFO  server.RaftServerConfigKeys (ConfUtils.java:logGet(43)) - raft.server.log.purge.gap = 1000000 (custom)
2019-09-26 15:54:22,526 [pool-37-thread-1] INFO  server.RaftServerConfigKeys (ConfUtils.java:logGet(43)) - raft.server.notification.no-leader.timeout = 120s (custom)
2019-09-26 15:54:22,527 [pool-67-thread-1] INFO  server.RaftServerConfigKeys (ConfUtils.java:logGet(43)) - raft.server.log.appender.buffer.byte-limit = 33554432 (custom)
2019-09-26 15:54:22,526 [pool-77-thread-1] INFO  server.RaftServerConfigKeys (ConfUtils.java:logGet(43)) - raft.server.log.use.memory = false (default)
2019-09-26 15:54:22,527 [pool-67-thread-1] INFO  server.RaftServerConfigKeys (ConfUtils.java:logGet(43)) - raft.server.log.segment.size.max = 1048576 (custom)
2019-09-26 15:54:22,527 [pool-37-thread-1] INFO  server.RaftServerConfigKeys (ConfUtils.java:logGet(43)) - raft.server.log.use.memory = false (default)
2019-09-26 15:54:22,527 [pool-67-thread-1] INFO  server.RaftServerConfigKeys (ConfUtils.java:logGet(43)) - raft.server.log.segment.cache.num.max = 2 (custom)
2019-09-26 15:54:22,527 [pool-77-thread-1] INFO  server.RaftServerConfigKeys (ConfUtils.java:logGet(43)) - raft.server.log.purge.gap = 1000000 (custom)
2019-09-26 15:54:22,527 [pool-67-thread-1] INFO  segmented.SegmentedRaftLogWorker (SegmentedRaftLogWorker.java:<init>(172)) - new 1b3d0591-2738-428f-9259-44499a4c704f@group-E19CBEF779EE-SegmentedRaftLogWorker for RaftStorage:Storage Directory /workdir/hadoop-ozone/integration-test/target/test-dir/MiniOzoneClusterImpl-b52dc576-3a90-4436-b01d-af36ccb82095/datanode-4/data/ratis/c0da0010-0168-4e1a-9700-e19cbef779ee
2019-09-26 15:54:22,527 [pool-37-thread-1] INFO  server.RaftServerConfigKeys (ConfUtils.java:logGet(43)) - raft.server.log.purge.gap = 1000000 (custom)
2019-09-26 15:54:22,528 [pool-67-thread-1] INFO  server.RaftServerConfigKeys (ConfUtils.java:logGet(43)) - raft.server.log.queue.byte-limit = 2147483647 (custom)
2019-09-26 15:54:22,527 [pool-77-thread-1] INFO  server.RaftServerConfigKeys (ConfUtils.java:logGet(43)) - raft.server.log.appender.buffer.byte-limit = 33554432 (custom)
2019-09-26 15:54:22,528 [pool-67-thread-1] INFO  server.RaftServerConfigKeys (ConfUtils.java:logGet(43)) - raft.server.log.queue.element-limit = 1024 (custom)
2019-09-26 15:54:22,528 [pool-37-thread-1] INFO  server.RaftServerConfigKeys (ConfUtils.java:logGet(43)) - raft.server.log.appender.buffer.byte-limit = 33554432 (custom)
2019-09-26 15:54:22,528 [pool-67-thread-1] INFO  server.RaftServerConfigKeys (ConfUtils.java:logGet(43)) - raft.server.log.segment.size.max = 1048576 (custom)
2019-09-26 15:54:22,528 [pool-77-thread-1] INFO  server.RaftServerConfigKeys (ConfUtils.java:logGet(43)) - raft.server.log.segment.size.max = 1048576 (custom)
2019-09-26 15:54:22,528 [pool-67-thread-1] INFO  server.RaftServerConfigKeys (ConfUtils.java:logGet(43)) - raft.server.log.preallocated.size = 16384 (custom)
2019-09-26 15:54:22,528 [pool-37-thread-1] INFO  server.RaftServerConfigKeys (ConfUtils.java:logGet(43)) - raft.server.log.segment.size.max = 1048576 (custom)
2019-09-26 15:54:22,528 [pool-67-thread-1] INFO  server.RaftServerConfigKeys (ConfUtils.java:logGet(43)) - raft.server.log.write.buffer.size = 33554432 (custom)
2019-09-26 15:54:22,528 [pool-77-thread-1] INFO  server.RaftServerConfigKeys (ConfUtils.java:logGet(43)) - raft.server.log.segment.cache.num.max = 2 (custom)
2019-09-26 15:54:22,529 [pool-67-thread-1] INFO  server.RaftServerConfigKeys (ConfUtils.java:logGet(43)) - raft.server.log.force.sync.num = 128 (default)
2019-09-26 15:54:22,529 [pool-37-thread-1] INFO  server.RaftServerConfigKeys (ConfUtils.java:logGet(43)) - raft.server.log.segment.cache.num.max = 2 (custom)
2019-09-26 15:54:22,529 [pool-67-thread-1] INFO  server.RaftServerConfigKeys (ConfUtils.java:logGet(43)) - raft.server.log.statemachine.data.sync = true (default)
2019-09-26 15:54:22,529 [pool-77-thread-1] INFO  segmented.SegmentedRaftLogWorker (SegmentedRaftLogWorker.java:<init>(172)) - new 1db74e33-95b2-4a02-afc0-c3b777a2f5f7@group-E19CBEF779EE-SegmentedRaftLogWorker for RaftStorage:Storage Directory /workdir/hadoop-ozone/integration-test/target/test-dir/MiniOzoneClusterImpl-b52dc576-3a90-4436-b01d-af36ccb82095/datanode-5/data/ratis/c0da0010-0168-4e1a-9700-e19cbef779ee
2019-09-26 15:54:22,529 [pool-67-thread-1] INFO  server.RaftServerConfigKeys (ConfUtils.java:logGet(43)) - raft.server.log.statemachine.data.sync.timeout = 10s (default)
2019-09-26 15:54:22,529 [pool-37-thread-1] INFO  segmented.SegmentedRaftLogWorker (SegmentedRaftLogWorker.java:<init>(172)) - new b1b47c16-4b16-47f9-8a1c-bd43cd9891d3@group-E19CBEF779EE-SegmentedRaftLogWorker for RaftStorage:Storage Directory /workdir/hadoop-ozone/integration-test/target/test-dir/MiniOzoneClusterImpl-b52dc576-3a90-4436-b01d-af36ccb82095/datanode-1/data/ratis/c0da0010-0168-4e1a-9700-e19cbef779ee
2019-09-26 15:54:22,529 [pool-67-thread-1] INFO  server.RaftServerConfigKeys (ConfUtils.java:logGet(43)) - raft.server.log.statemachine.data.sync.timeout.retry = -1 (default)
2019-09-26 15:54:22,529 [pool-77-thread-1] INFO  server.RaftServerConfigKeys (ConfUtils.java:logGet(43)) - raft.server.log.queue.byte-limit = 2147483647 (custom)
2019-09-26 15:54:22,530 [pool-67-thread-1] INFO  server.RaftServerConfigKeys (ConfUtils.java:logGet(43)) - raft.server.log.statemachine.data.caching.enabled = true (custom)
2019-09-26 15:54:22,530 [pool-37-thread-1] INFO  server.RaftServerConfigKeys (ConfUtils.java:logGet(43)) - raft.server.log.queue.byte-limit = 2147483647 (custom)
2019-09-26 15:54:22,530 [pool-77-thread-1] INFO  server.RaftServerConfigKeys (ConfUtils.java:logGet(43)) - raft.server.log.queue.element-limit = 1024 (custom)
2019-09-26 15:54:22,530 [pool-67-thread-1] INFO  segmented.SegmentedRaftLogWorker (SegmentedRaftLogWorker.java:lambda$new$0(132)) - 1b3d0591-2738-428f-9259-44499a4c704f@group-E19CBEF779EE-SegmentedRaftLogWorker: flushIndex: setUnconditionally 0 -> -1
2019-09-26 15:54:22,530 [pool-37-thread-1] INFO  server.RaftServerConfigKeys (ConfUtils.java:logGet(43)) - raft.server.log.queue.element-limit = 1024 (custom)
2019-09-26 15:54:22,530 [pool-77-thread-1] INFO  server.RaftServerConfigKeys (ConfUtils.java:logGet(43)) - raft.server.log.segment.size.max = 1048576 (custom)
2019-09-26 15:54:22,531 [pool-37-thread-1] INFO  server.RaftServerConfigKeys (ConfUtils.java:logGet(43)) - raft.server.log.segment.size.max = 1048576 (custom)
2019-09-26 15:54:22,531 [pool-67-thread-1] INFO  server.RaftServerConfigKeys (ConfUtils.java:logGet(43)) - raft.server.snapshot.auto.trigger.enabled = true (custom)
2019-09-26 15:54:22,531 [pool-37-thread-1] INFO  server.RaftServerConfigKeys (ConfUtils.java:logGet(43)) - raft.server.log.preallocated.size = 16384 (custom)
2019-09-26 15:54:22,531 [pool-77-thread-1] INFO  server.RaftServerConfigKeys (ConfUtils.java:logGet(43)) - raft.server.log.preallocated.size = 16384 (custom)
2019-09-26 15:54:22,531 [pool-37-thread-1] INFO  server.RaftServerConfigKeys (ConfUtils.java:logGet(43)) - raft.server.log.write.buffer.size = 33554432 (custom)
2019-09-26 15:54:22,531 [pool-67-thread-1] INFO  server.RaftServerConfigKeys (ConfUtils.java:logGet(43)) - raft.server.snapshot.auto.trigger.threshold = 10000 (custom)
2019-09-26 15:54:22,532 [pool-37-thread-1] INFO  server.RaftServerConfigKeys (ConfUtils.java:logGet(43)) - raft.server.log.force.sync.num = 128 (default)
2019-09-26 15:54:22,531 [pool-77-thread-1] INFO  server.RaftServerConfigKeys (ConfUtils.java:logGet(43)) - raft.server.log.write.buffer.size = 33554432 (custom)
2019-09-26 15:54:22,532 [pool-37-thread-1] INFO  server.RaftServerConfigKeys (ConfUtils.java:logGet(43)) - raft.server.log.statemachine.data.sync = true (default)
2019-09-26 15:54:22,532 [pool-67-thread-1] INFO  server.RaftServerConfigKeys (ConfUtils.java:logGet(43)) - raft.server.snapshot.retention.num.files = 5 (custom)
2019-09-26 15:54:22,532 [pool-37-thread-1] INFO  server.RaftServerConfigKeys (ConfUtils.java:logGet(43)) - raft.server.log.statemachine.data.sync.timeout = 10s (default)
2019-09-26 15:54:22,532 [pool-77-thread-1] INFO  server.RaftServerConfigKeys (ConfUtils.java:logGet(43)) - raft.server.log.force.sync.num = 128 (default)
2019-09-26 15:54:22,532 [pool-37-thread-1] INFO  server.RaftServerConfigKeys (ConfUtils.java:logGet(43)) - raft.server.log.statemachine.data.sync.timeout.retry = -1 (default)
2019-09-26 15:54:22,532 [pool-67-thread-1] INFO  server.RaftServerConfigKeys (ConfUtils.java:logGet(43)) - raft.server.retrycache.expirytime = 600000ms (custom)
2019-09-26 15:54:22,533 [pool-37-thread-1] INFO  server.RaftServerConfigKeys (ConfUtils.java:logGet(43)) - raft.server.log.statemachine.data.caching.enabled = true (custom)
2019-09-26 15:54:22,533 [pool-77-thread-1] INFO  server.RaftServerConfigKeys (ConfUtils.java:logGet(43)) - raft.server.log.statemachine.data.sync = true (default)
2019-09-26 15:54:22,536 [pool-77-thread-1] INFO  server.RaftServerConfigKeys (ConfUtils.java:logGet(43)) - raft.server.log.statemachine.data.sync.timeout = 10s (default)
2019-09-26 15:54:22,536 [pool-37-thread-1] INFO  segmented.SegmentedRaftLogWorker (SegmentedRaftLogWorker.java:lambda$new$0(132)) - b1b47c16-4b16-47f9-8a1c-bd43cd9891d3@group-E19CBEF779EE-SegmentedRaftLogWorker: flushIndex: setUnconditionally 0 -> -1
2019-09-26 15:54:22,536 [pool-77-thread-1] INFO  server.RaftServerConfigKeys (ConfUtils.java:logGet(43)) - raft.server.log.statemachine.data.sync.timeout.retry = -1 (default)
2019-09-26 15:54:22,536 [pool-37-thread-1] INFO  server.RaftServerConfigKeys (ConfUtils.java:logGet(43)) - raft.server.snapshot.auto.trigger.enabled = true (custom)
2019-09-26 15:54:22,536 [pool-77-thread-1] INFO  server.RaftServerConfigKeys (ConfUtils.java:logGet(43)) - raft.server.log.statemachine.data.caching.enabled = true (custom)
2019-09-26 15:54:22,536 [pool-37-thread-1] INFO  server.RaftServerConfigKeys (ConfUtils.java:logGet(43)) - raft.server.snapshot.auto.trigger.threshold = 10000 (custom)
2019-09-26 15:54:22,537 [pool-37-thread-1] INFO  server.RaftServerConfigKeys (ConfUtils.java:logGet(43)) - raft.server.snapshot.retention.num.files = 5 (custom)
2019-09-26 15:54:22,540 [pool-77-thread-1] INFO  segmented.SegmentedRaftLogWorker (SegmentedRaftLogWorker.java:lambda$new$0(132)) - 1db74e33-95b2-4a02-afc0-c3b777a2f5f7@group-E19CBEF779EE-SegmentedRaftLogWorker: flushIndex: setUnconditionally 0 -> -1
2019-09-26 15:54:22,542 [pool-37-thread-1] INFO  server.RaftServerConfigKeys (ConfUtils.java:logGet(43)) - raft.server.retrycache.expirytime = 600000ms (custom)
2019-09-26 15:54:22,543 [pool-77-thread-1] INFO  server.RaftServerConfigKeys (ConfUtils.java:logGet(43)) - raft.server.snapshot.auto.trigger.enabled = true (custom)
2019-09-26 15:54:22,543 [pool-77-thread-1] INFO  server.RaftServerConfigKeys (ConfUtils.java:logGet(43)) - raft.server.snapshot.auto.trigger.threshold = 10000 (custom)
2019-09-26 15:54:22,543 [pool-77-thread-1] INFO  server.RaftServerConfigKeys (ConfUtils.java:logGet(43)) - raft.server.snapshot.retention.num.files = 5 (custom)
2019-09-26 15:54:22,543 [pool-77-thread-1] INFO  server.RaftServerConfigKeys (ConfUtils.java:logGet(43)) - raft.server.retrycache.expirytime = 600000ms (custom)
2019-09-26 15:54:22,545 [pool-67-thread-1] INFO  impl.RaftServerImpl (RaftServerImpl.java:start(185)) - 1b3d0591-2738-428f-9259-44499a4c704f@group-E19CBEF779EE: start as a follower, conf=-1: [b1b47c16-4b16-47f9-8a1c-bd43cd9891d3:192.168.157.234:40890, 1b3d0591-2738-428f-9259-44499a4c704f:192.168.157.234:35407, 1db74e33-95b2-4a02-afc0-c3b777a2f5f7:192.168.157.234:42936], old=null
2019-09-26 15:54:22,546 [pool-67-thread-1] INFO  impl.RaftServerImpl (RaftServerImpl.java:setRole(174)) - 1b3d0591-2738-428f-9259-44499a4c704f@group-E19CBEF779EE: changes role from      null to FOLLOWER at term 0 for startAsFollower
2019-09-26 15:54:22,546 [pool-67-thread-1] INFO  impl.RoleInfo (RoleInfo.java:updateAndGet(143)) - 1b3d0591-2738-428f-9259-44499a4c704f: start FollowerState
2019-09-26 15:54:22,546 [pool-67-thread-1] INFO  util.JmxRegister (JmxRegister.java:tryRegister(44)) - Successfully registered JMX Bean with object name Ratis:service=RaftServer,group=group-E19CBEF779EE,id=1b3d0591-2738-428f-9259-44499a4c704f
2019-09-26 15:54:22,547 [pool-37-thread-1] INFO  impl.RaftServerImpl (RaftServerImpl.java:start(185)) - b1b47c16-4b16-47f9-8a1c-bd43cd9891d3@group-E19CBEF779EE: start as a follower, conf=-1: [b1b47c16-4b16-47f9-8a1c-bd43cd9891d3:192.168.157.234:40890, 1b3d0591-2738-428f-9259-44499a4c704f:192.168.157.234:35407, 1db74e33-95b2-4a02-afc0-c3b777a2f5f7:192.168.157.234:42936], old=null
2019-09-26 15:54:22,548 [pool-37-thread-1] INFO  impl.RaftServerImpl (RaftServerImpl.java:setRole(174)) - b1b47c16-4b16-47f9-8a1c-bd43cd9891d3@group-E19CBEF779EE: changes role from      null to FOLLOWER at term 0 for startAsFollower
2019-09-26 15:54:22,548 [pool-37-thread-1] INFO  impl.RoleInfo (RoleInfo.java:updateAndGet(143)) - b1b47c16-4b16-47f9-8a1c-bd43cd9891d3: start FollowerState
2019-09-26 15:54:22,548 [pool-77-thread-1] INFO  impl.RaftServerImpl (RaftServerImpl.java:start(185)) - 1db74e33-95b2-4a02-afc0-c3b777a2f5f7@group-E19CBEF779EE: start as a follower, conf=-1: [b1b47c16-4b16-47f9-8a1c-bd43cd9891d3:192.168.157.234:40890, 1b3d0591-2738-428f-9259-44499a4c704f:192.168.157.234:35407, 1db74e33-95b2-4a02-afc0-c3b777a2f5f7:192.168.157.234:42936], old=null
2019-09-26 15:54:22,548 [pool-37-thread-1] INFO  util.JmxRegister (JmxRegister.java:tryRegister(44)) - Successfully registered JMX Bean with object name Ratis:service=RaftServer,group=group-E19CBEF779EE,id=b1b47c16-4b16-47f9-8a1c-bd43cd9891d3
2019-09-26 15:54:22,548 [pool-77-thread-1] INFO  impl.RaftServerImpl (RaftServerImpl.java:setRole(174)) - 1db74e33-95b2-4a02-afc0-c3b777a2f5f7@group-E19CBEF779EE: changes role from      null to FOLLOWER at term 0 for startAsFollower
2019-09-26 15:54:22,549 [pool-77-thread-1] INFO  impl.RoleInfo (RoleInfo.java:updateAndGet(143)) - 1db74e33-95b2-4a02-afc0-c3b777a2f5f7: start FollowerState
2019-09-26 15:54:22,549 [pool-77-thread-1] INFO  util.JmxRegister (JmxRegister.java:tryRegister(44)) - Successfully registered JMX Bean with object name Ratis:service=RaftServer,group=group-E19CBEF779EE,id=1db74e33-95b2-4a02-afc0-c3b777a2f5f7
2019-09-26 15:54:22,575 [RatisPipelineUtilsThread] INFO  pipeline.PipelineStateManager (PipelineStateManager.java:addPipeline(56)) - Created pipeline Pipeline[ Id: c0da0010-0168-4e1a-9700-e19cbef779ee, Nodes: 1db74e33-95b2-4a02-afc0-c3b777a2f5f7{ip: 192.168.157.234, host: pr-hdds-2162-htzpk-1451759861, networkLocation: /default-rack, certSerialId: null}1b3d0591-2738-428f-9259-44499a4c704f{ip: 192.168.157.234, host: pr-hdds-2162-htzpk-1451759861, networkLocation: /default-rack, certSerialId: null}b1b47c16-4b16-47f9-8a1c-bd43cd9891d3{ip: 192.168.157.234, host: pr-hdds-2162-htzpk-1451759861, networkLocation: /default-rack, certSerialId: null}, Type:RATIS, Factor:THREE, State:OPEN]
2019-09-26 15:54:22,605 [grpc-default-executor-2] INFO  impl.RaftServerProxy (RaftServerProxy.java:addNew(89)) - 277796b0-7c1f-4e5e-9d69-130dc6003588: addNew group-D67BCD275C49:[277796b0-7c1f-4e5e-9d69-130dc6003588:192.168.157.234:40474, f949701e-f635-4de4-9d83-19655f8fd504:192.168.157.234:39702, 64635f80-cc5b-405f-98b2-f991c2a0e60e:192.168.157.234:33176] returns group-D67BCD275C49:java.util.concurrent.CompletableFuture@4f9c8728[Not completed]
2019-09-26 15:54:22,605 [grpc-default-executor-0] INFO  impl.RaftServerProxy (RaftServerProxy.java:addNew(89)) - 64635f80-cc5b-405f-98b2-f991c2a0e60e: addNew group-D67BCD275C49:[277796b0-7c1f-4e5e-9d69-130dc6003588:192.168.157.234:40474, f949701e-f635-4de4-9d83-19655f8fd504:192.168.157.234:39702, 64635f80-cc5b-405f-98b2-f991c2a0e60e:192.168.157.234:33176] returns group-D67BCD275C49:java.util.concurrent.CompletableFuture@d00a55d[Not completed]
2019-09-26 15:54:22,605 [grpc-default-executor-1] INFO  impl.RaftServerProxy (RaftServerProxy.java:addNew(89)) - f949701e-f635-4de4-9d83-19655f8fd504: addNew group-D67BCD275C49:[277796b0-7c1f-4e5e-9d69-130dc6003588:192.168.157.234:40474, f949701e-f635-4de4-9d83-19655f8fd504:192.168.157.234:39702, 64635f80-cc5b-405f-98b2-f991c2a0e60e:192.168.157.234:33176] returns group-D67BCD275C49:java.util.concurrent.CompletableFuture@5313ce0[Not completed]
2019-09-26 15:54:22,609 [pool-27-thread-1] INFO  impl.RaftServerImpl (RaftServerImpl.java:<init>(95)) - 277796b0-7c1f-4e5e-9d69-130dc6003588: new RaftServerImpl for group-D67BCD275C49:[277796b0-7c1f-4e5e-9d69-130dc6003588:192.168.157.234:40474, f949701e-f635-4de4-9d83-19655f8fd504:192.168.157.234:39702, 64635f80-cc5b-405f-98b2-f991c2a0e60e:192.168.157.234:33176] with ContainerStateMachine:uninitialized
2019-09-26 15:54:22,609 [pool-27-thread-1] INFO  server.RaftServerConfigKeys (ConfUtils.java:logGet(43)) - raft.server.rpc.timeout.min = 5s (custom)
2019-09-26 15:54:22,609 [pool-27-thread-1] INFO  server.RaftServerConfigKeys (ConfUtils.java:logGet(43)) - raft.server.rpc.timeout.max = 5200ms (custom)
2019-09-26 15:54:22,609 [pool-27-thread-1] INFO  server.RaftServerConfigKeys (ConfUtils.java:logGet(43)) - raft.server.rpcslowness.timeout = 120s (custom)
2019-09-26 15:54:22,609 [pool-27-thread-1] INFO  server.RaftServerConfigKeys (ConfUtils.java:logGet(43)) - raft.server.sleep.deviation.threshold = 300 (default)
2019-09-26 15:54:22,609 [pool-27-thread-1] INFO  server.RaftServerConfigKeys (ConfUtils.java:logGet(43)) - raft.server.log.appender.install.snapshot.enabled = false (custom)
2019-09-26 15:54:22,610 [pool-107-thread-1] INFO  impl.RaftServerImpl (RaftServerImpl.java:<init>(95)) - 64635f80-cc5b-405f-98b2-f991c2a0e60e: new RaftServerImpl for group-D67BCD275C49:[277796b0-7c1f-4e5e-9d69-130dc6003588:192.168.157.234:40474, f949701e-f635-4de4-9d83-19655f8fd504:192.168.157.234:39702, 64635f80-cc5b-405f-98b2-f991c2a0e60e:192.168.157.234:33176] with ContainerStateMachine:uninitialized
2019-09-26 15:54:22,610 [pool-27-thread-1] INFO  impl.RaftServerImpl (ServerState.java:<init>(103)) - 277796b0-7c1f-4e5e-9d69-130dc6003588@group-D67BCD275C49: ConfigurationManager, init=-1: [277796b0-7c1f-4e5e-9d69-130dc6003588:192.168.157.234:40474, f949701e-f635-4de4-9d83-19655f8fd504:192.168.157.234:39702, 64635f80-cc5b-405f-98b2-f991c2a0e60e:192.168.157.234:33176], old=null, confs=<EMPTY_MAP>
2019-09-26 15:54:22,610 [pool-107-thread-1] INFO  server.RaftServerConfigKeys (ConfUtils.java:logGet(43)) - raft.server.rpc.timeout.min = 5s (custom)
2019-09-26 15:54:22,610 [pool-27-thread-1] INFO  server.RaftServerConfigKeys (ConfUtils.java:logGet(43)) - raft.server.storage.dir = [/workdir/hadoop-ozone/integration-test/target/test-dir/MiniOzoneClusterImpl-b52dc576-3a90-4436-b01d-af36ccb82095/datanode-0/data/ratis] (custom)
2019-09-26 15:54:22,610 [pool-107-thread-1] INFO  server.RaftServerConfigKeys (ConfUtils.java:logGet(43)) - raft.server.rpc.timeout.max = 5200ms (custom)
2019-09-26 15:54:22,610 [pool-107-thread-1] INFO  server.RaftServerConfigKeys (ConfUtils.java:logGet(43)) - raft.server.rpcslowness.timeout = 120s (custom)
2019-09-26 15:54:22,610 [pool-107-thread-1] INFO  server.RaftServerConfigKeys (ConfUtils.java:logGet(43)) - raft.server.sleep.deviation.threshold = 300 (default)
2019-09-26 15:54:22,610 [pool-27-thread-1] INFO  storage.RaftStorageDirectory (RaftStorageDirectory.java:analyzeStorage(246)) - The storage directory /workdir/hadoop-ozone/integration-test/target/test-dir/MiniOzoneClusterImpl-b52dc576-3a90-4436-b01d-af36ccb82095/datanode-0/data/ratis/b50c069c-3d1d-4e02-8a81-d67bcd275c49 does not exist. Creating ...
2019-09-26 15:54:22,611 [pool-107-thread-1] INFO  server.RaftServerConfigKeys (ConfUtils.java:logGet(43)) - raft.server.log.appender.install.snapshot.enabled = false (custom)
2019-09-26 15:54:22,611 [pool-107-thread-1] INFO  impl.RaftServerImpl (ServerState.java:<init>(103)) - 64635f80-cc5b-405f-98b2-f991c2a0e60e@group-D67BCD275C49: ConfigurationManager, init=-1: [277796b0-7c1f-4e5e-9d69-130dc6003588:192.168.157.234:40474, f949701e-f635-4de4-9d83-19655f8fd504:192.168.157.234:39702, 64635f80-cc5b-405f-98b2-f991c2a0e60e:192.168.157.234:33176], old=null, confs=<EMPTY_MAP>
2019-09-26 15:54:22,611 [pool-47-thread-1] INFO  impl.RaftServerImpl (RaftServerImpl.java:<init>(95)) - f949701e-f635-4de4-9d83-19655f8fd504: new RaftServerImpl for group-D67BCD275C49:[277796b0-7c1f-4e5e-9d69-130dc6003588:192.168.157.234:40474, f949701e-f635-4de4-9d83-19655f8fd504:192.168.157.234:39702, 64635f80-cc5b-405f-98b2-f991c2a0e60e:192.168.157.234:33176] with ContainerStateMachine:uninitialized
2019-09-26 15:54:22,611 [pool-107-thread-1] INFO  server.RaftServerConfigKeys (ConfUtils.java:logGet(43)) - raft.server.storage.dir = [/workdir/hadoop-ozone/integration-test/target/test-dir/MiniOzoneClusterImpl-b52dc576-3a90-4436-b01d-af36ccb82095/datanode-8/data/ratis] (custom)
2019-09-26 15:54:22,611 [pool-47-thread-1] INFO  server.RaftServerConfigKeys (ConfUtils.java:logGet(43)) - raft.server.rpc.timeout.min = 5s (custom)
2019-09-26 15:54:22,612 [pool-47-thread-1] INFO  server.RaftServerConfigKeys (ConfUtils.java:logGet(43)) - raft.server.rpc.timeout.max = 5200ms (custom)
2019-09-26 15:54:22,612 [pool-47-thread-1] INFO  server.RaftServerConfigKeys (ConfUtils.java:logGet(43)) - raft.server.rpcslowness.timeout = 120s (custom)
2019-09-26 15:54:22,612 [pool-107-thread-1] INFO  storage.RaftStorageDirectory (RaftStorageDirectory.java:analyzeStorage(246)) - The storage directory /workdir/hadoop-ozone/integration-test/target/test-dir/MiniOzoneClusterImpl-b52dc576-3a90-4436-b01d-af36ccb82095/datanode-8/data/ratis/b50c069c-3d1d-4e02-8a81-d67bcd275c49 does not exist. Creating ...
2019-09-26 15:54:22,612 [pool-47-thread-1] INFO  server.RaftServerConfigKeys (ConfUtils.java:logGet(43)) - raft.server.sleep.deviation.threshold = 300 (default)
2019-09-26 15:54:22,612 [pool-47-thread-1] INFO  server.RaftServerConfigKeys (ConfUtils.java:logGet(43)) - raft.server.log.appender.install.snapshot.enabled = false (custom)
2019-09-26 15:54:22,612 [pool-47-thread-1] INFO  impl.RaftServerImpl (ServerState.java:<init>(103)) - f949701e-f635-4de4-9d83-19655f8fd504@group-D67BCD275C49: ConfigurationManager, init=-1: [277796b0-7c1f-4e5e-9d69-130dc6003588:192.168.157.234:40474, f949701e-f635-4de4-9d83-19655f8fd504:192.168.157.234:39702, 64635f80-cc5b-405f-98b2-f991c2a0e60e:192.168.157.234:33176], old=null, confs=<EMPTY_MAP>
2019-09-26 15:54:22,612 [pool-47-thread-1] INFO  server.RaftServerConfigKeys (ConfUtils.java:logGet(43)) - raft.server.storage.dir = [/workdir/hadoop-ozone/integration-test/target/test-dir/MiniOzoneClusterImpl-b52dc576-3a90-4436-b01d-af36ccb82095/datanode-2/data/ratis] (custom)
2019-09-26 15:54:22,613 [pool-47-thread-1] INFO  storage.RaftStorageDirectory (RaftStorageDirectory.java:analyzeStorage(246)) - The storage directory /workdir/hadoop-ozone/integration-test/target/test-dir/MiniOzoneClusterImpl-b52dc576-3a90-4436-b01d-af36ccb82095/datanode-2/data/ratis/b50c069c-3d1d-4e02-8a81-d67bcd275c49 does not exist. Creating ...
2019-09-26 15:54:22,625 [pool-27-thread-1] INFO  storage.RaftStorageDirectory (RaftStorageDirectory.java:tryLock(328)) - Lock on /workdir/hadoop-ozone/integration-test/target/test-dir/MiniOzoneClusterImpl-b52dc576-3a90-4436-b01d-af36ccb82095/datanode-0/data/ratis/b50c069c-3d1d-4e02-8a81-d67bcd275c49/in_use.lock acquired by nodename 26544@pr-hdds-2162-htzpk-1451759861
2019-09-26 15:54:22,632 [pool-107-thread-1] INFO  storage.RaftStorageDirectory (RaftStorageDirectory.java:tryLock(328)) - Lock on /workdir/hadoop-ozone/integration-test/target/test-dir/MiniOzoneClusterImpl-b52dc576-3a90-4436-b01d-af36ccb82095/datanode-8/data/ratis/b50c069c-3d1d-4e02-8a81-d67bcd275c49/in_use.lock acquired by nodename 26544@pr-hdds-2162-htzpk-1451759861
2019-09-26 15:54:22,632 [pool-27-thread-1] INFO  storage.RaftStorage (RaftStorage.java:format(72)) - Storage directory /workdir/hadoop-ozone/integration-test/target/test-dir/MiniOzoneClusterImpl-b52dc576-3a90-4436-b01d-af36ccb82095/datanode-0/data/ratis/b50c069c-3d1d-4e02-8a81-d67bcd275c49 has been successfully formatted.
2019-09-26 15:54:22,632 [pool-47-thread-1] INFO  storage.RaftStorageDirectory (RaftStorageDirectory.java:tryLock(328)) - Lock on /workdir/hadoop-ozone/integration-test/target/test-dir/MiniOzoneClusterImpl-b52dc576-3a90-4436-b01d-af36ccb82095/datanode-2/data/ratis/b50c069c-3d1d-4e02-8a81-d67bcd275c49/in_use.lock acquired by nodename 26544@pr-hdds-2162-htzpk-1451759861
2019-09-26 15:54:22,633 [pool-27-thread-1] INFO  ratis.ContainerStateMachine (ContainerStateMachine.java:loadSnapshot(230)) - group-D67BCD275C49: The snapshot info is null. Setting the last applied indexto:(t:0, i:~)
2019-09-26 15:54:22,633 [pool-27-thread-1] INFO  server.RaftServerConfigKeys (ConfUtils.java:logGet(43)) - raft.server.notification.no-leader.timeout = 120s (custom)
2019-09-26 15:54:22,633 [pool-27-thread-1] INFO  server.RaftServerConfigKeys (ConfUtils.java:logGet(43)) - raft.server.log.use.memory = false (default)
2019-09-26 15:54:22,633 [pool-27-thread-1] INFO  server.RaftServerConfigKeys (ConfUtils.java:logGet(43)) - raft.server.log.purge.gap = 1000000 (custom)
2019-09-26 15:54:22,634 [pool-27-thread-1] INFO  server.RaftServerConfigKeys (ConfUtils.java:logGet(43)) - raft.server.log.appender.buffer.byte-limit = 33554432 (custom)
2019-09-26 15:54:22,634 [pool-27-thread-1] INFO  server.RaftServerConfigKeys (ConfUtils.java:logGet(43)) - raft.server.log.segment.size.max = 1048576 (custom)
2019-09-26 15:54:22,634 [pool-27-thread-1] INFO  server.RaftServerConfigKeys (ConfUtils.java:logGet(43)) - raft.server.log.segment.cache.num.max = 2 (custom)
2019-09-26 15:54:22,634 [pool-27-thread-1] INFO  segmented.SegmentedRaftLogWorker (SegmentedRaftLogWorker.java:<init>(172)) - new 277796b0-7c1f-4e5e-9d69-130dc6003588@group-D67BCD275C49-SegmentedRaftLogWorker for RaftStorage:Storage Directory /workdir/hadoop-ozone/integration-test/target/test-dir/MiniOzoneClusterImpl-b52dc576-3a90-4436-b01d-af36ccb82095/datanode-0/data/ratis/b50c069c-3d1d-4e02-8a81-d67bcd275c49
2019-09-26 15:54:22,634 [pool-27-thread-1] INFO  server.RaftServerConfigKeys (ConfUtils.java:logGet(43)) - raft.server.log.queue.byte-limit = 2147483647 (custom)
2019-09-26 15:54:22,634 [pool-27-thread-1] INFO  server.RaftServerConfigKeys (ConfUtils.java:logGet(43)) - raft.server.log.queue.element-limit = 1024 (custom)
2019-09-26 15:54:22,634 [pool-27-thread-1] INFO  server.RaftServerConfigKeys (ConfUtils.java:logGet(43)) - raft.server.log.segment.size.max = 1048576 (custom)
2019-09-26 15:54:22,634 [pool-27-thread-1] INFO  server.RaftServerConfigKeys (ConfUtils.java:logGet(43)) - raft.server.log.preallocated.size = 16384 (custom)
2019-09-26 15:54:22,635 [pool-27-thread-1] INFO  server.RaftServerConfigKeys (ConfUtils.java:logGet(43)) - raft.server.log.write.buffer.size = 33554432 (custom)
2019-09-26 15:54:22,635 [pool-27-thread-1] INFO  server.RaftServerConfigKeys (ConfUtils.java:logGet(43)) - raft.server.log.force.sync.num = 128 (default)
2019-09-26 15:54:22,635 [pool-27-thread-1] INFO  server.RaftServerConfigKeys (ConfUtils.java:logGet(43)) - raft.server.log.statemachine.data.sync = true (default)
2019-09-26 15:54:22,635 [pool-27-thread-1] INFO  server.RaftServerConfigKeys (ConfUtils.java:logGet(43)) - raft.server.log.statemachine.data.sync.timeout = 10s (default)
2019-09-26 15:54:22,635 [pool-27-thread-1] INFO  server.RaftServerConfigKeys (ConfUtils.java:logGet(43)) - raft.server.log.statemachine.data.sync.timeout.retry = -1 (default)
2019-09-26 15:54:22,635 [pool-27-thread-1] INFO  server.RaftServerConfigKeys (ConfUtils.java:logGet(43)) - raft.server.log.statemachine.data.caching.enabled = true (custom)
2019-09-26 15:54:22,636 [pool-27-thread-1] INFO  segmented.SegmentedRaftLogWorker (SegmentedRaftLogWorker.java:lambda$new$0(132)) - 277796b0-7c1f-4e5e-9d69-130dc6003588@group-D67BCD275C49-SegmentedRaftLogWorker: flushIndex: setUnconditionally 0 -> -1
2019-09-26 15:54:22,636 [pool-27-thread-1] INFO  server.RaftServerConfigKeys (ConfUtils.java:logGet(43)) - raft.server.snapshot.auto.trigger.enabled = true (custom)
2019-09-26 15:54:22,636 [pool-27-thread-1] INFO  server.RaftServerConfigKeys (ConfUtils.java:logGet(43)) - raft.server.snapshot.auto.trigger.threshold = 10000 (custom)
2019-09-26 15:54:22,636 [pool-27-thread-1] INFO  server.RaftServerConfigKeys (ConfUtils.java:logGet(43)) - raft.server.snapshot.retention.num.files = 5 (custom)
2019-09-26 15:54:22,636 [pool-27-thread-1] INFO  server.RaftServerConfigKeys (ConfUtils.java:logGet(43)) - raft.server.retrycache.expirytime = 600000ms (custom)
2019-09-26 15:54:22,641 [pool-27-thread-1] INFO  impl.RaftServerImpl (RaftServerImpl.java:start(185)) - 277796b0-7c1f-4e5e-9d69-130dc6003588@group-D67BCD275C49: start as a follower, conf=-1: [277796b0-7c1f-4e5e-9d69-130dc6003588:192.168.157.234:40474, f949701e-f635-4de4-9d83-19655f8fd504:192.168.157.234:39702, 64635f80-cc5b-405f-98b2-f991c2a0e60e:192.168.157.234:33176], old=null
2019-09-26 15:54:22,641 [pool-27-thread-1] INFO  impl.RaftServerImpl (RaftServerImpl.java:setRole(174)) - 277796b0-7c1f-4e5e-9d69-130dc6003588@group-D67BCD275C49: changes role from      null to FOLLOWER at term 0 for startAsFollower
2019-09-26 15:54:22,641 [pool-27-thread-1] INFO  impl.RoleInfo (RoleInfo.java:updateAndGet(143)) - 277796b0-7c1f-4e5e-9d69-130dc6003588: start FollowerState
2019-09-26 15:54:22,642 [pool-27-thread-1] INFO  util.JmxRegister (JmxRegister.java:tryRegister(44)) - Successfully registered JMX Bean with object name Ratis:service=RaftServer,group=group-D67BCD275C49,id=277796b0-7c1f-4e5e-9d69-130dc6003588
2019-09-26 15:54:22,647 [pool-47-thread-1] INFO  storage.RaftStorage (RaftStorage.java:format(72)) - Storage directory /workdir/hadoop-ozone/integration-test/target/test-dir/MiniOzoneClusterImpl-b52dc576-3a90-4436-b01d-af36ccb82095/datanode-2/data/ratis/b50c069c-3d1d-4e02-8a81-d67bcd275c49 has been successfully formatted.
2019-09-26 15:54:22,647 [pool-107-thread-1] INFO  storage.RaftStorage (RaftStorage.java:format(72)) - Storage directory /workdir/hadoop-ozone/integration-test/target/test-dir/MiniOzoneClusterImpl-b52dc576-3a90-4436-b01d-af36ccb82095/datanode-8/data/ratis/b50c069c-3d1d-4e02-8a81-d67bcd275c49 has been successfully formatted.
2019-09-26 15:54:22,647 [pool-47-thread-1] INFO  ratis.ContainerStateMachine (ContainerStateMachine.java:loadSnapshot(230)) - group-D67BCD275C49: The snapshot info is null. Setting the last applied indexto:(t:0, i:~)
2019-09-26 15:54:22,647 [pool-107-thread-1] INFO  ratis.ContainerStateMachine (ContainerStateMachine.java:loadSnapshot(230)) - group-D67BCD275C49: The snapshot info is null. Setting the last applied indexto:(t:0, i:~)
2019-09-26 15:54:22,647 [pool-47-thread-1] INFO  server.RaftServerConfigKeys (ConfUtils.java:logGet(43)) - raft.server.notification.no-leader.timeout = 120s (custom)
2019-09-26 15:54:22,647 [pool-107-thread-1] INFO  server.RaftServerConfigKeys (ConfUtils.java:logGet(43)) - raft.server.notification.no-leader.timeout = 120s (custom)
2019-09-26 15:54:22,647 [pool-47-thread-1] INFO  server.RaftServerConfigKeys (ConfUtils.java:logGet(43)) - raft.server.log.use.memory = false (default)
2019-09-26 15:54:22,648 [pool-107-thread-1] INFO  server.RaftServerConfigKeys (ConfUtils.java:logGet(43)) - raft.server.log.use.memory = false (default)
2019-09-26 15:54:22,648 [pool-47-thread-1] INFO  server.RaftServerConfigKeys (ConfUtils.java:logGet(43)) - raft.server.log.purge.gap = 1000000 (custom)
2019-09-26 15:54:22,648 [pool-107-thread-1] INFO  server.RaftServerConfigKeys (ConfUtils.java:logGet(43)) - raft.server.log.purge.gap = 1000000 (custom)
2019-09-26 15:54:22,648 [pool-47-thread-1] INFO  server.RaftServerConfigKeys (ConfUtils.java:logGet(43)) - raft.server.log.appender.buffer.byte-limit = 33554432 (custom)
2019-09-26 15:54:22,648 [pool-107-thread-1] INFO  server.RaftServerConfigKeys (ConfUtils.java:logGet(43)) - raft.server.log.appender.buffer.byte-limit = 33554432 (custom)
2019-09-26 15:54:22,648 [pool-47-thread-1] INFO  server.RaftServerConfigKeys (ConfUtils.java:logGet(43)) - raft.server.log.segment.size.max = 1048576 (custom)
2019-09-26 15:54:22,648 [pool-107-thread-1] INFO  server.RaftServerConfigKeys (ConfUtils.java:logGet(43)) - raft.server.log.segment.size.max = 1048576 (custom)
2019-09-26 15:54:22,648 [pool-47-thread-1] INFO  server.RaftServerConfigKeys (ConfUtils.java:logGet(43)) - raft.server.log.segment.cache.num.max = 2 (custom)
2019-09-26 15:54:22,649 [pool-107-thread-1] INFO  server.RaftServerConfigKeys (ConfUtils.java:logGet(43)) - raft.server.log.segment.cache.num.max = 2 (custom)
2019-09-26 15:54:22,649 [pool-47-thread-1] INFO  segmented.SegmentedRaftLogWorker (SegmentedRaftLogWorker.java:<init>(172)) - new f949701e-f635-4de4-9d83-19655f8fd504@group-D67BCD275C49-SegmentedRaftLogWorker for RaftStorage:Storage Directory /workdir/hadoop-ozone/integration-test/target/test-dir/MiniOzoneClusterImpl-b52dc576-3a90-4436-b01d-af36ccb82095/datanode-2/data/ratis/b50c069c-3d1d-4e02-8a81-d67bcd275c49
2019-09-26 15:54:22,649 [pool-107-thread-1] INFO  segmented.SegmentedRaftLogWorker (SegmentedRaftLogWorker.java:<init>(172)) - new 64635f80-cc5b-405f-98b2-f991c2a0e60e@group-D67BCD275C49-SegmentedRaftLogWorker for RaftStorage:Storage Directory /workdir/hadoop-ozone/integration-test/target/test-dir/MiniOzoneClusterImpl-b52dc576-3a90-4436-b01d-af36ccb82095/datanode-8/data/ratis/b50c069c-3d1d-4e02-8a81-d67bcd275c49
2019-09-26 15:54:22,649 [pool-47-thread-1] INFO  server.RaftServerConfigKeys (ConfUtils.java:logGet(43)) - raft.server.log.queue.byte-limit = 2147483647 (custom)
2019-09-26 15:54:22,649 [pool-107-thread-1] INFO  server.RaftServerConfigKeys (ConfUtils.java:logGet(43)) - raft.server.log.queue.byte-limit = 2147483647 (custom)
2019-09-26 15:54:22,649 [pool-47-thread-1] INFO  server.RaftServerConfigKeys (ConfUtils.java:logGet(43)) - raft.server.log.queue.element-limit = 1024 (custom)
2019-09-26 15:54:22,649 [pool-107-thread-1] INFO  server.RaftServerConfigKeys (ConfUtils.java:logGet(43)) - raft.server.log.queue.element-limit = 1024 (custom)
2019-09-26 15:54:22,649 [pool-47-thread-1] INFO  server.RaftServerConfigKeys (ConfUtils.java:logGet(43)) - raft.server.log.segment.size.max = 1048576 (custom)
2019-09-26 15:54:22,649 [pool-107-thread-1] INFO  server.RaftServerConfigKeys (ConfUtils.java:logGet(43)) - raft.server.log.segment.size.max = 1048576 (custom)
2019-09-26 15:54:22,650 [pool-47-thread-1] INFO  server.RaftServerConfigKeys (ConfUtils.java:logGet(43)) - raft.server.log.preallocated.size = 16384 (custom)
2019-09-26 15:54:22,650 [pool-107-thread-1] INFO  server.RaftServerConfigKeys (ConfUtils.java:logGet(43)) - raft.server.log.preallocated.size = 16384 (custom)
2019-09-26 15:54:22,650 [pool-47-thread-1] INFO  server.RaftServerConfigKeys (ConfUtils.java:logGet(43)) - raft.server.log.write.buffer.size = 33554432 (custom)
2019-09-26 15:54:22,650 [pool-107-thread-1] INFO  server.RaftServerConfigKeys (ConfUtils.java:logGet(43)) - raft.server.log.write.buffer.size = 33554432 (custom)
2019-09-26 15:54:22,650 [pool-47-thread-1] INFO  server.RaftServerConfigKeys (ConfUtils.java:logGet(43)) - raft.server.log.force.sync.num = 128 (default)
2019-09-26 15:54:22,650 [pool-107-thread-1] INFO  server.RaftServerConfigKeys (ConfUtils.java:logGet(43)) - raft.server.log.force.sync.num = 128 (default)
2019-09-26 15:54:22,650 [pool-47-thread-1] INFO  server.RaftServerConfigKeys (ConfUtils.java:logGet(43)) - raft.server.log.statemachine.data.sync = true (default)
2019-09-26 15:54:22,650 [pool-107-thread-1] INFO  server.RaftServerConfigKeys (ConfUtils.java:logGet(43)) - raft.server.log.statemachine.data.sync = true (default)
2019-09-26 15:54:22,651 [pool-47-thread-1] INFO  server.RaftServerConfigKeys (ConfUtils.java:logGet(43)) - raft.server.log.statemachine.data.sync.timeout = 10s (default)
2019-09-26 15:54:22,651 [pool-107-thread-1] INFO  server.RaftServerConfigKeys (ConfUtils.java:logGet(43)) - raft.server.log.statemachine.data.sync.timeout = 10s (default)
2019-09-26 15:54:22,651 [pool-47-thread-1] INFO  server.RaftServerConfigKeys (ConfUtils.java:logGet(43)) - raft.server.log.statemachine.data.sync.timeout.retry = -1 (default)
2019-09-26 15:54:22,651 [pool-107-thread-1] INFO  server.RaftServerConfigKeys (ConfUtils.java:logGet(43)) - raft.server.log.statemachine.data.sync.timeout.retry = -1 (default)
2019-09-26 15:54:22,651 [pool-47-thread-1] INFO  server.RaftServerConfigKeys (ConfUtils.java:logGet(43)) - raft.server.log.statemachine.data.caching.enabled = true (custom)
2019-09-26 15:54:22,651 [pool-107-thread-1] INFO  server.RaftServerConfigKeys (ConfUtils.java:logGet(43)) - raft.server.log.statemachine.data.caching.enabled = true (custom)
2019-09-26 15:54:22,652 [pool-47-thread-1] INFO  segmented.SegmentedRaftLogWorker (SegmentedRaftLogWorker.java:lambda$new$0(132)) - f949701e-f635-4de4-9d83-19655f8fd504@group-D67BCD275C49-SegmentedRaftLogWorker: flushIndex: setUnconditionally 0 -> -1
2019-09-26 15:54:22,652 [pool-107-thread-1] INFO  segmented.SegmentedRaftLogWorker (SegmentedRaftLogWorker.java:lambda$new$0(132)) - 64635f80-cc5b-405f-98b2-f991c2a0e60e@group-D67BCD275C49-SegmentedRaftLogWorker: flushIndex: setUnconditionally 0 -> -1
2019-09-26 15:54:22,652 [pool-47-thread-1] INFO  server.RaftServerConfigKeys (ConfUtils.java:logGet(43)) - raft.server.snapshot.auto.trigger.enabled = true (custom)
2019-09-26 15:54:22,652 [pool-107-thread-1] INFO  server.RaftServerConfigKeys (ConfUtils.java:logGet(43)) - raft.server.snapshot.auto.trigger.enabled = true (custom)
2019-09-26 15:54:22,652 [pool-47-thread-1] INFO  server.RaftServerConfigKeys (ConfUtils.java:logGet(43)) - raft.server.snapshot.auto.trigger.threshold = 10000 (custom)
2019-09-26 15:54:22,652 [pool-107-thread-1] INFO  server.RaftServerConfigKeys (ConfUtils.java:logGet(43)) - raft.server.snapshot.auto.trigger.threshold = 10000 (custom)
2019-09-26 15:54:22,652 [pool-47-thread-1] INFO  server.RaftServerConfigKeys (ConfUtils.java:logGet(43)) - raft.server.snapshot.retention.num.files = 5 (custom)
2019-09-26 15:54:22,652 [pool-107-thread-1] INFO  server.RaftServerConfigKeys (ConfUtils.java:logGet(43)) - raft.server.snapshot.retention.num.files = 5 (custom)
2019-09-26 15:54:22,653 [pool-47-thread-1] INFO  server.RaftServerConfigKeys (ConfUtils.java:logGet(43)) - raft.server.retrycache.expirytime = 600000ms (custom)
2019-09-26 15:54:22,653 [pool-107-thread-1] INFO  server.RaftServerConfigKeys (ConfUtils.java:logGet(43)) - raft.server.retrycache.expirytime = 600000ms (custom)
2019-09-26 15:54:22,655 [pool-47-thread-1] INFO  impl.RaftServerImpl (RaftServerImpl.java:start(185)) - f949701e-f635-4de4-9d83-19655f8fd504@group-D67BCD275C49: start as a follower, conf=-1: [277796b0-7c1f-4e5e-9d69-130dc6003588:192.168.157.234:40474, f949701e-f635-4de4-9d83-19655f8fd504:192.168.157.234:39702, 64635f80-cc5b-405f-98b2-f991c2a0e60e:192.168.157.234:33176], old=null
2019-09-26 15:54:22,656 [pool-47-thread-1] INFO  impl.RaftServerImpl (RaftServerImpl.java:setRole(174)) - f949701e-f635-4de4-9d83-19655f8fd504@group-D67BCD275C49: changes role from      null to FOLLOWER at term 0 for startAsFollower
2019-09-26 15:54:22,656 [pool-47-thread-1] INFO  impl.RoleInfo (RoleInfo.java:updateAndGet(143)) - f949701e-f635-4de4-9d83-19655f8fd504: start FollowerState
2019-09-26 15:54:22,656 [pool-107-thread-1] INFO  impl.RaftServerImpl (RaftServerImpl.java:start(185)) - 64635f80-cc5b-405f-98b2-f991c2a0e60e@group-D67BCD275C49: start as a follower, conf=-1: [277796b0-7c1f-4e5e-9d69-130dc6003588:192.168.157.234:40474, f949701e-f635-4de4-9d83-19655f8fd504:192.168.157.234:39702, 64635f80-cc5b-405f-98b2-f991c2a0e60e:192.168.157.234:33176], old=null
2019-09-26 15:54:22,656 [pool-107-thread-1] INFO  impl.RaftServerImpl (RaftServerImpl.java:setRole(174)) - 64635f80-cc5b-405f-98b2-f991c2a0e60e@group-D67BCD275C49: changes role from      null to FOLLOWER at term 0 for startAsFollower
2019-09-26 15:54:22,656 [pool-107-thread-1] INFO  impl.RoleInfo (RoleInfo.java:updateAndGet(143)) - 64635f80-cc5b-405f-98b2-f991c2a0e60e: start FollowerState
2019-09-26 15:54:22,656 [pool-47-thread-1] INFO  util.JmxRegister (JmxRegister.java:tryRegister(44)) - Successfully registered JMX Bean with object name Ratis:service=RaftServer,group=group-D67BCD275C49,id=f949701e-f635-4de4-9d83-19655f8fd504
2019-09-26 15:54:22,657 [pool-107-thread-1] INFO  util.JmxRegister (JmxRegister.java:tryRegister(44)) - Successfully registered JMX Bean with object name Ratis:service=RaftServer,group=group-D67BCD275C49,id=64635f80-cc5b-405f-98b2-f991c2a0e60e
2019-09-26 15:54:22,666 [RatisPipelineUtilsThread] INFO  pipeline.PipelineStateManager (PipelineStateManager.java:addPipeline(56)) - Created pipeline Pipeline[ Id: b50c069c-3d1d-4e02-8a81-d67bcd275c49, Nodes: 277796b0-7c1f-4e5e-9d69-130dc6003588{ip: 192.168.157.234, host: pr-hdds-2162-htzpk-1451759861, networkLocation: /default-rack, certSerialId: null}64635f80-cc5b-405f-98b2-f991c2a0e60e{ip: 192.168.157.234, host: pr-hdds-2162-htzpk-1451759861, networkLocation: /default-rack, certSerialId: null}f949701e-f635-4de4-9d83-19655f8fd504{ip: 192.168.157.234, host: pr-hdds-2162-htzpk-1451759861, networkLocation: /default-rack, certSerialId: null}, Type:RATIS, Factor:THREE, State:OPEN]
2019-09-26 15:54:23,191 [Thread-283] INFO  container.ReplicationManager (ReplicationManager.java:start(162)) - Starting Replication Monitor Thread.
2019-09-26 15:54:23,194 [ReplicationMonitor] INFO  container.ReplicationManager (ReplicationManager.java:run(225)) - Replication Monitor Thread took 1 milliseconds for processing 0 containers.
2019-09-26 15:54:23,235 [main] INFO  ipc.Client (Client.java:handleConnectionFailure(948)) - Retrying connect to server: localhost/127.0.0.1:0. Already tried 0 time(s); retry policy is RetryUpToMaximumCountWithFixedSleep(maxRetries=10, sleepTime=1000 MILLISECONDS)
2019-09-26 15:54:24,240 [main] INFO  ipc.Client (Client.java:handleConnectionFailure(948)) - Retrying connect to server: localhost/127.0.0.1:0. Already tried 1 time(s); retry policy is RetryUpToMaximumCountWithFixedSleep(maxRetries=10, sleepTime=1000 MILLISECONDS)
2019-09-26 15:54:25,264 [main] INFO  ipc.Client (Client.java:handleConnectionFailure(948)) - Retrying connect to server: localhost/127.0.0.1:0. Already tried 2 time(s); retry policy is RetryUpToMaximumCountWithFixedSleep(maxRetries=10, sleepTime=1000 MILLISECONDS)
2019-09-26 15:54:26,265 [main] INFO  ipc.Client (Client.java:handleConnectionFailure(948)) - Retrying connect to server: localhost/127.0.0.1:0. Already tried 3 time(s); retry policy is RetryUpToMaximumCountWithFixedSleep(maxRetries=10, sleepTime=1000 MILLISECONDS)
2019-09-26 15:54:26,276 [Thread-285] INFO  impl.FollowerState (FollowerState.java:run(106)) - 277796b0-7c1f-4e5e-9d69-130dc6003588:group-43B5FB212988 changes to CANDIDATE, lastRpcTime:5140, electionTimeout:5139ms
2019-09-26 15:54:26,281 [Thread-285] INFO  impl.RoleInfo (RoleInfo.java:shutdownFollowerState(121)) - 277796b0-7c1f-4e5e-9d69-130dc6003588: shutdown FollowerState
2019-09-26 15:54:26,281 [Thread-285] INFO  impl.RaftServerImpl (RaftServerImpl.java:setRole(174)) - 277796b0-7c1f-4e5e-9d69-130dc6003588@group-43B5FB212988: changes role from  FOLLOWER to CANDIDATE at term 0 for changeToCandidate
2019-09-26 15:54:26,294 [Thread-285] INFO  impl.RoleInfo (RoleInfo.java:updateAndGet(143)) - 277796b0-7c1f-4e5e-9d69-130dc6003588: start LeaderElection
2019-09-26 15:54:26,319 [277796b0-7c1f-4e5e-9d69-130dc6003588@group-43B5FB212988:LeaderElection1] INFO  impl.LeaderElection (LeaderElection.java:askForVotes(182)) - 277796b0-7c1f-4e5e-9d69-130dc6003588@group-43B5FB212988:LeaderElection1: begin an election at term 1 for -1: [277796b0-7c1f-4e5e-9d69-130dc6003588:192.168.157.234:40474], old=null
2019-09-26 15:54:26,321 [277796b0-7c1f-4e5e-9d69-130dc6003588@group-43B5FB212988:LeaderElection1] INFO  impl.RoleInfo (RoleInfo.java:shutdownLeaderElection(134)) - 277796b0-7c1f-4e5e-9d69-130dc6003588: shutdown LeaderElection
2019-09-26 15:54:26,322 [277796b0-7c1f-4e5e-9d69-130dc6003588@group-43B5FB212988:LeaderElection1] INFO  impl.RaftServerImpl (RaftServerImpl.java:setRole(174)) - 277796b0-7c1f-4e5e-9d69-130dc6003588@group-43B5FB212988: changes role from CANDIDATE to LEADER at term 1 for changeToLeader
2019-09-26 15:54:26,322 [277796b0-7c1f-4e5e-9d69-130dc6003588@group-43B5FB212988:LeaderElection1] INFO  impl.RaftServerImpl (ServerState.java:setLeader(253)) - 277796b0-7c1f-4e5e-9d69-130dc6003588@group-43B5FB212988: change Leader from null to 277796b0-7c1f-4e5e-9d69-130dc6003588 at term 1 for becomeLeader, leader elected after 5399ms
2019-09-26 15:54:26,328 [277796b0-7c1f-4e5e-9d69-130dc6003588@group-43B5FB212988:LeaderElection1] INFO  server.RaftServerConfigKeys (ConfUtils.java:logGet(43)) - raft.server.staging.catchup.gap = 1000 (default)
2019-09-26 15:54:26,329 [277796b0-7c1f-4e5e-9d69-130dc6003588@group-43B5FB212988:LeaderElection1] INFO  server.RaftServerConfigKeys (ConfUtils.java:logGet(43)) - raft.server.rpc.sleep.time = 25ms (default)
2019-09-26 15:54:26,331 [277796b0-7c1f-4e5e-9d69-130dc6003588@group-43B5FB212988:LeaderElection1] INFO  server.RaftServerConfigKeys (ConfUtils.java:logGet(43)) - raft.server.write.element-limit = 4096 (default)
2019-09-26 15:54:26,334 [277796b0-7c1f-4e5e-9d69-130dc6003588@group-43B5FB212988:LeaderElection1] INFO  server.RaftServerConfigKeys (ConfUtils.java:logGet(43)) - raft.server.watch.timeout = 10s (default)
2019-09-26 15:54:26,334 [277796b0-7c1f-4e5e-9d69-130dc6003588@group-43B5FB212988:LeaderElection1] INFO  server.RaftServerConfigKeys (ConfUtils.java:logGet(43)) - raft.server.watch.timeout.denomination = 1s (default)
2019-09-26 15:54:26,335 [277796b0-7c1f-4e5e-9d69-130dc6003588@group-43B5FB212988:LeaderElection1] INFO  server.RaftServerConfigKeys (ConfUtils.java:logGet(43)) - raft.server.watch.element-limit = 65536 (default)
2019-09-26 15:54:26,347 [277796b0-7c1f-4e5e-9d69-130dc6003588@group-43B5FB212988:LeaderElection1] INFO  impl.RoleInfo (RoleInfo.java:updateAndGet(143)) - 277796b0-7c1f-4e5e-9d69-130dc6003588: start LeaderState
2019-09-26 15:54:26,371 [277796b0-7c1f-4e5e-9d69-130dc6003588@group-43B5FB212988:LeaderElection1] INFO  segmented.SegmentedRaftLogWorker (SegmentedRaftLogWorker.java:startLogSegment(380)) - 277796b0-7c1f-4e5e-9d69-130dc6003588@group-43B5FB212988-SegmentedRaftLogWorker: Starting segment from index:0
2019-09-26 15:54:26,383 [277796b0-7c1f-4e5e-9d69-130dc6003588@group-43B5FB212988:LeaderElection1] INFO  impl.RaftServerImpl (ServerState.java:setRaftConf(354)) - 277796b0-7c1f-4e5e-9d69-130dc6003588@group-43B5FB212988: set configuration 0: [277796b0-7c1f-4e5e-9d69-130dc6003588:192.168.157.234:40474], old=null at 0
2019-09-26 15:54:26,543 [277796b0-7c1f-4e5e-9d69-130dc6003588@group-43B5FB212988-SegmentedRaftLogWorker] INFO  segmented.SegmentedRaftLogWorker (SegmentedRaftLogWorker.java:execute(569)) - 277796b0-7c1f-4e5e-9d69-130dc6003588@group-43B5FB212988-SegmentedRaftLogWorker: created new log segment /workdir/hadoop-ozone/integration-test/target/test-dir/MiniOzoneClusterImpl-b52dc576-3a90-4436-b01d-af36ccb82095/datanode-0/data/ratis/c40ccbb7-75e3-446b-b33a-43b5fb212988/current/log_inprogress_0
2019-09-26 15:54:26,625 [Thread-288] INFO  impl.FollowerState (FollowerState.java:run(106)) - 84fb3a66-3f41-460d-9e69-4cc62332d47e:group-61C6842D17CC changes to CANDIDATE, lastRpcTime:5198, electionTimeout:5198ms
2019-09-26 15:54:26,629 [Thread-288] INFO  impl.RoleInfo (RoleInfo.java:shutdownFollowerState(121)) - 84fb3a66-3f41-460d-9e69-4cc62332d47e: shutdown FollowerState
2019-09-26 15:54:26,629 [Thread-288] INFO  impl.RaftServerImpl (RaftServerImpl.java:setRole(174)) - 84fb3a66-3f41-460d-9e69-4cc62332d47e@group-61C6842D17CC: changes role from  FOLLOWER to CANDIDATE at term 0 for changeToCandidate
2019-09-26 15:54:26,629 [Thread-288] INFO  impl.RoleInfo (RoleInfo.java:updateAndGet(143)) - 84fb3a66-3f41-460d-9e69-4cc62332d47e: start LeaderElection
2019-09-26 15:54:26,648 [84fb3a66-3f41-460d-9e69-4cc62332d47e@group-61C6842D17CC:LeaderElection2] INFO  impl.LeaderElection (LeaderElection.java:askForVotes(182)) - 84fb3a66-3f41-460d-9e69-4cc62332d47e@group-61C6842D17CC:LeaderElection2: begin an election at term 1 for -1: [84fb3a66-3f41-460d-9e69-4cc62332d47e:192.168.157.234:41202], old=null
2019-09-26 15:54:26,651 [84fb3a66-3f41-460d-9e69-4cc62332d47e@group-61C6842D17CC:LeaderElection2] INFO  impl.RoleInfo (RoleInfo.java:shutdownLeaderElection(134)) - 84fb3a66-3f41-460d-9e69-4cc62332d47e: shutdown LeaderElection
2019-09-26 15:54:26,651 [84fb3a66-3f41-460d-9e69-4cc62332d47e@group-61C6842D17CC:LeaderElection2] INFO  impl.RaftServerImpl (RaftServerImpl.java:setRole(174)) - 84fb3a66-3f41-460d-9e69-4cc62332d47e@group-61C6842D17CC: changes role from CANDIDATE to LEADER at term 1 for changeToLeader
2019-09-26 15:54:26,651 [84fb3a66-3f41-460d-9e69-4cc62332d47e@group-61C6842D17CC:LeaderElection2] INFO  impl.RaftServerImpl (ServerState.java:setLeader(253)) - 84fb3a66-3f41-460d-9e69-4cc62332d47e@group-61C6842D17CC: change Leader from null to 84fb3a66-3f41-460d-9e69-4cc62332d47e at term 1 for becomeLeader, leader elected after 5244ms
2019-09-26 15:54:26,652 [84fb3a66-3f41-460d-9e69-4cc62332d47e@group-61C6842D17CC:LeaderElection2] INFO  server.RaftServerConfigKeys (ConfUtils.java:logGet(43)) - raft.server.staging.catchup.gap = 1000 (default)
2019-09-26 15:54:26,652 [84fb3a66-3f41-460d-9e69-4cc62332d47e@group-61C6842D17CC:LeaderElection2] INFO  server.RaftServerConfigKeys (ConfUtils.java:logGet(43)) - raft.server.rpc.sleep.time = 25ms (default)
2019-09-26 15:54:26,652 [84fb3a66-3f41-460d-9e69-4cc62332d47e@group-61C6842D17CC:LeaderElection2] INFO  server.RaftServerConfigKeys (ConfUtils.java:logGet(43)) - raft.server.write.element-limit = 4096 (default)
2019-09-26 15:54:26,652 [84fb3a66-3f41-460d-9e69-4cc62332d47e@group-61C6842D17CC:LeaderElection2] INFO  server.RaftServerConfigKeys (ConfUtils.java:logGet(43)) - raft.server.watch.timeout = 10s (default)
2019-09-26 15:54:26,652 [84fb3a66-3f41-460d-9e69-4cc62332d47e@group-61C6842D17CC:LeaderElection2] INFO  server.RaftServerConfigKeys (ConfUtils.java:logGet(43)) - raft.server.watch.timeout.denomination = 1s (default)
2019-09-26 15:54:26,652 [84fb3a66-3f41-460d-9e69-4cc62332d47e@group-61C6842D17CC:LeaderElection2] INFO  server.RaftServerConfigKeys (ConfUtils.java:logGet(43)) - raft.server.watch.element-limit = 65536 (default)
2019-09-26 15:54:26,655 [84fb3a66-3f41-460d-9e69-4cc62332d47e@group-61C6842D17CC:LeaderElection2] INFO  impl.RoleInfo (RoleInfo.java:updateAndGet(143)) - 84fb3a66-3f41-460d-9e69-4cc62332d47e: start LeaderState
2019-09-26 15:54:26,655 [84fb3a66-3f41-460d-9e69-4cc62332d47e@group-61C6842D17CC:LeaderElection2] INFO  segmented.SegmentedRaftLogWorker (SegmentedRaftLogWorker.java:startLogSegment(380)) - 84fb3a66-3f41-460d-9e69-4cc62332d47e@group-61C6842D17CC-SegmentedRaftLogWorker: Starting segment from index:0
2019-09-26 15:54:26,655 [84fb3a66-3f41-460d-9e69-4cc62332d47e@group-61C6842D17CC:LeaderElection2] INFO  impl.RaftServerImpl (ServerState.java:setRaftConf(354)) - 84fb3a66-3f41-460d-9e69-4cc62332d47e@group-61C6842D17CC: set configuration 0: [84fb3a66-3f41-460d-9e69-4cc62332d47e:192.168.157.234:41202], old=null at 0
2019-09-26 15:54:26,673 [Thread-291] INFO  impl.FollowerState (FollowerState.java:run(106)) - 0a9353e1-ac44-4328-9be7-ee392af6c194:group-31D2F32906B8 changes to CANDIDATE, lastRpcTime:5032, electionTimeout:5029ms
2019-09-26 15:54:26,673 [Thread-291] INFO  impl.RoleInfo (RoleInfo.java:shutdownFollowerState(121)) - 0a9353e1-ac44-4328-9be7-ee392af6c194: shutdown FollowerState
2019-09-26 15:54:26,673 [Thread-291] INFO  impl.RaftServerImpl (RaftServerImpl.java:setRole(174)) - 0a9353e1-ac44-4328-9be7-ee392af6c194@group-31D2F32906B8: changes role from  FOLLOWER to CANDIDATE at term 0 for changeToCandidate
2019-09-26 15:54:26,673 [Thread-291] INFO  impl.RoleInfo (RoleInfo.java:updateAndGet(143)) - 0a9353e1-ac44-4328-9be7-ee392af6c194: start LeaderElection
2019-09-26 15:54:26,685 [84fb3a66-3f41-460d-9e69-4cc62332d47e@group-61C6842D17CC-SegmentedRaftLogWorker] INFO  segmented.SegmentedRaftLogWorker (SegmentedRaftLogWorker.java:execute(569)) - 84fb3a66-3f41-460d-9e69-4cc62332d47e@group-61C6842D17CC-SegmentedRaftLogWorker: created new log segment /workdir/hadoop-ozone/integration-test/target/test-dir/MiniOzoneClusterImpl-b52dc576-3a90-4436-b01d-af36ccb82095/datanode-3/data/ratis/11460f69-3107-44df-971f-61c6842d17cc/current/log_inprogress_0
2019-09-26 15:54:26,685 [0a9353e1-ac44-4328-9be7-ee392af6c194@group-31D2F32906B8:LeaderElection3] INFO  impl.LeaderElection (LeaderElection.java:askForVotes(182)) - 0a9353e1-ac44-4328-9be7-ee392af6c194@group-31D2F32906B8:LeaderElection3: begin an election at term 1 for -1: [0a9353e1-ac44-4328-9be7-ee392af6c194:192.168.157.234:38051], old=null
2019-09-26 15:54:26,685 [0a9353e1-ac44-4328-9be7-ee392af6c194@group-31D2F32906B8:LeaderElection3] INFO  impl.RoleInfo (RoleInfo.java:shutdownLeaderElection(134)) - 0a9353e1-ac44-4328-9be7-ee392af6c194: shutdown LeaderElection
2019-09-26 15:54:26,686 [0a9353e1-ac44-4328-9be7-ee392af6c194@group-31D2F32906B8:LeaderElection3] INFO  impl.RaftServerImpl (RaftServerImpl.java:setRole(174)) - 0a9353e1-ac44-4328-9be7-ee392af6c194@group-31D2F32906B8: changes role from CANDIDATE to LEADER at term 1 for changeToLeader
2019-09-26 15:54:26,686 [0a9353e1-ac44-4328-9be7-ee392af6c194@group-31D2F32906B8:LeaderElection3] INFO  impl.RaftServerImpl (ServerState.java:setLeader(253)) - 0a9353e1-ac44-4328-9be7-ee392af6c194@group-31D2F32906B8: change Leader from null to 0a9353e1-ac44-4328-9be7-ee392af6c194 at term 1 for becomeLeader, leader elected after 5123ms
2019-09-26 15:54:26,686 [0a9353e1-ac44-4328-9be7-ee392af6c194@group-31D2F32906B8:LeaderElection3] INFO  server.RaftServerConfigKeys (ConfUtils.java:logGet(43)) - raft.server.staging.catchup.gap = 1000 (default)
2019-09-26 15:54:26,686 [0a9353e1-ac44-4328-9be7-ee392af6c194@group-31D2F32906B8:LeaderElection3] INFO  server.RaftServerConfigKeys (ConfUtils.java:logGet(43)) - raft.server.rpc.sleep.time = 25ms (default)
2019-09-26 15:54:26,686 [0a9353e1-ac44-4328-9be7-ee392af6c194@group-31D2F32906B8:LeaderElection3] INFO  server.RaftServerConfigKeys (ConfUtils.java:logGet(43)) - raft.server.write.element-limit = 4096 (default)
2019-09-26 15:54:26,686 [0a9353e1-ac44-4328-9be7-ee392af6c194@group-31D2F32906B8:LeaderElection3] INFO  server.RaftServerConfigKeys (ConfUtils.java:logGet(43)) - raft.server.watch.timeout = 10s (default)
2019-09-26 15:54:26,687 [0a9353e1-ac44-4328-9be7-ee392af6c194@group-31D2F32906B8:LeaderElection3] INFO  server.RaftServerConfigKeys (ConfUtils.java:logGet(43)) - raft.server.watch.timeout.denomination = 1s (default)
2019-09-26 15:54:26,687 [0a9353e1-ac44-4328-9be7-ee392af6c194@group-31D2F32906B8:LeaderElection3] INFO  server.RaftServerConfigKeys (ConfUtils.java:logGet(43)) - raft.server.watch.element-limit = 65536 (default)
2019-09-26 15:54:26,690 [0a9353e1-ac44-4328-9be7-ee392af6c194@group-31D2F32906B8:LeaderElection3] INFO  impl.RoleInfo (RoleInfo.java:updateAndGet(143)) - 0a9353e1-ac44-4328-9be7-ee392af6c194: start LeaderState
2019-09-26 15:54:26,690 [0a9353e1-ac44-4328-9be7-ee392af6c194@group-31D2F32906B8:LeaderElection3] INFO  segmented.SegmentedRaftLogWorker (SegmentedRaftLogWorker.java:startLogSegment(380)) - 0a9353e1-ac44-4328-9be7-ee392af6c194@group-31D2F32906B8-SegmentedRaftLogWorker: Starting segment from index:0
2019-09-26 15:54:26,691 [0a9353e1-ac44-4328-9be7-ee392af6c194@group-31D2F32906B8:LeaderElection3] INFO  impl.RaftServerImpl (ServerState.java:setRaftConf(354)) - 0a9353e1-ac44-4328-9be7-ee392af6c194@group-31D2F32906B8: set configuration 0: [0a9353e1-ac44-4328-9be7-ee392af6c194:192.168.157.234:38051], old=null at 0
2019-09-26 15:54:26,746 [0a9353e1-ac44-4328-9be7-ee392af6c194@group-31D2F32906B8-SegmentedRaftLogWorker] INFO  segmented.SegmentedRaftLogWorker (SegmentedRaftLogWorker.java:execute(569)) - 0a9353e1-ac44-4328-9be7-ee392af6c194@group-31D2F32906B8-SegmentedRaftLogWorker: created new log segment /workdir/hadoop-ozone/integration-test/target/test-dir/MiniOzoneClusterImpl-b52dc576-3a90-4436-b01d-af36ccb82095/datanode-9/data/ratis/42d73e90-e804-42d3-84af-31d2f32906b8/current/log_inprogress_0
2019-09-26 15:54:26,752 [Thread-294] INFO  impl.FollowerState (FollowerState.java:run(106)) - 5e8efae4-1bfc-4920-bedf-2411f13adce7:group-BD6655452631 changes to CANDIDATE, lastRpcTime:5021, electionTimeout:5021ms
2019-09-26 15:54:26,752 [Thread-294] INFO  impl.RoleInfo (RoleInfo.java:shutdownFollowerState(121)) - 5e8efae4-1bfc-4920-bedf-2411f13adce7: shutdown FollowerState
2019-09-26 15:54:26,753 [Thread-294] INFO  impl.RaftServerImpl (RaftServerImpl.java:setRole(174)) - 5e8efae4-1bfc-4920-bedf-2411f13adce7@group-BD6655452631: changes role from  FOLLOWER to CANDIDATE at term 0 for changeToCandidate
2019-09-26 15:54:26,753 [Thread-294] INFO  impl.RoleInfo (RoleInfo.java:updateAndGet(143)) - 5e8efae4-1bfc-4920-bedf-2411f13adce7: start LeaderElection
2019-09-26 15:54:26,772 [5e8efae4-1bfc-4920-bedf-2411f13adce7@group-BD6655452631:LeaderElection4] INFO  impl.LeaderElection (LeaderElection.java:askForVotes(182)) - 5e8efae4-1bfc-4920-bedf-2411f13adce7@group-BD6655452631:LeaderElection4: begin an election at term 1 for -1: [5e8efae4-1bfc-4920-bedf-2411f13adce7:192.168.157.234:40706], old=null
2019-09-26 15:54:26,772 [5e8efae4-1bfc-4920-bedf-2411f13adce7@group-BD6655452631:LeaderElection4] INFO  impl.RoleInfo (RoleInfo.java:shutdownLeaderElection(134)) - 5e8efae4-1bfc-4920-bedf-2411f13adce7: shutdown LeaderElection
2019-09-26 15:54:26,772 [5e8efae4-1bfc-4920-bedf-2411f13adce7@group-BD6655452631:LeaderElection4] INFO  impl.RaftServerImpl (RaftServerImpl.java:setRole(174)) - 5e8efae4-1bfc-4920-bedf-2411f13adce7@group-BD6655452631: changes role from CANDIDATE to LEADER at term 1 for changeToLeader
2019-09-26 15:54:26,772 [5e8efae4-1bfc-4920-bedf-2411f13adce7@group-BD6655452631:LeaderElection4] INFO  impl.RaftServerImpl (ServerState.java:setLeader(253)) - 5e8efae4-1bfc-4920-bedf-2411f13adce7@group-BD6655452631: change Leader from null to 5e8efae4-1bfc-4920-bedf-2411f13adce7 at term 1 for becomeLeader, leader elected after 5057ms
2019-09-26 15:54:26,772 [5e8efae4-1bfc-4920-bedf-2411f13adce7@group-BD6655452631:LeaderElection4] INFO  server.RaftServerConfigKeys (ConfUtils.java:logGet(43)) - raft.server.staging.catchup.gap = 1000 (default)
2019-09-26 15:54:26,772 [5e8efae4-1bfc-4920-bedf-2411f13adce7@group-BD6655452631:LeaderElection4] INFO  server.RaftServerConfigKeys (ConfUtils.java:logGet(43)) - raft.server.rpc.sleep.time = 25ms (default)
2019-09-26 15:54:26,773 [5e8efae4-1bfc-4920-bedf-2411f13adce7@group-BD6655452631:LeaderElection4] INFO  server.RaftServerConfigKeys (ConfUtils.java:logGet(43)) - raft.server.write.element-limit = 4096 (default)
2019-09-26 15:54:26,773 [5e8efae4-1bfc-4920-bedf-2411f13adce7@group-BD6655452631:LeaderElection4] INFO  server.RaftServerConfigKeys (ConfUtils.java:logGet(43)) - raft.server.watch.timeout = 10s (default)
2019-09-26 15:54:26,773 [5e8efae4-1bfc-4920-bedf-2411f13adce7@group-BD6655452631:LeaderElection4] INFO  server.RaftServerConfigKeys (ConfUtils.java:logGet(43)) - raft.server.watch.timeout.denomination = 1s (default)
2019-09-26 15:54:26,773 [5e8efae4-1bfc-4920-bedf-2411f13adce7@group-BD6655452631:LeaderElection4] INFO  server.RaftServerConfigKeys (ConfUtils.java:logGet(43)) - raft.server.watch.element-limit = 65536 (default)
2019-09-26 15:54:26,775 [5e8efae4-1bfc-4920-bedf-2411f13adce7@group-BD6655452631:LeaderElection4] INFO  impl.RoleInfo (RoleInfo.java:updateAndGet(143)) - 5e8efae4-1bfc-4920-bedf-2411f13adce7: start LeaderState
2019-09-26 15:54:26,776 [5e8efae4-1bfc-4920-bedf-2411f13adce7@group-BD6655452631:LeaderElection4] INFO  segmented.SegmentedRaftLogWorker (SegmentedRaftLogWorker.java:startLogSegment(380)) - 5e8efae4-1bfc-4920-bedf-2411f13adce7@group-BD6655452631-SegmentedRaftLogWorker: Starting segment from index:0
2019-09-26 15:54:26,776 [5e8efae4-1bfc-4920-bedf-2411f13adce7@group-BD6655452631:LeaderElection4] INFO  impl.RaftServerImpl (ServerState.java:setRaftConf(354)) - 5e8efae4-1bfc-4920-bedf-2411f13adce7@group-BD6655452631: set configuration 0: [5e8efae4-1bfc-4920-bedf-2411f13adce7:192.168.157.234:40706], old=null at 0
2019-09-26 15:54:26,819 [5e8efae4-1bfc-4920-bedf-2411f13adce7@group-BD6655452631-SegmentedRaftLogWorker] INFO  segmented.SegmentedRaftLogWorker (SegmentedRaftLogWorker.java:execute(569)) - 5e8efae4-1bfc-4920-bedf-2411f13adce7@group-BD6655452631-SegmentedRaftLogWorker: created new log segment /workdir/hadoop-ozone/integration-test/target/test-dir/MiniOzoneClusterImpl-b52dc576-3a90-4436-b01d-af36ccb82095/datanode-7/data/ratis/7edf7a46-2596-4add-85fd-bd6655452631/current/log_inprogress_0
2019-09-26 15:54:26,957 [Thread-300] INFO  impl.FollowerState (FollowerState.java:run(106)) - 1b3d0591-2738-428f-9259-44499a4c704f:group-E39AFB520914 changes to CANDIDATE, lastRpcTime:5031, electionTimeout:5031ms
2019-09-26 15:54:26,958 [Thread-300] INFO  impl.RoleInfo (RoleInfo.java:shutdownFollowerState(121)) - 1b3d0591-2738-428f-9259-44499a4c704f: shutdown FollowerState
2019-09-26 15:54:26,958 [Thread-300] INFO  impl.RaftServerImpl (RaftServerImpl.java:setRole(174)) - 1b3d0591-2738-428f-9259-44499a4c704f@group-E39AFB520914: changes role from  FOLLOWER to CANDIDATE at term 0 for changeToCandidate
2019-09-26 15:54:26,958 [Thread-300] INFO  impl.RoleInfo (RoleInfo.java:updateAndGet(143)) - 1b3d0591-2738-428f-9259-44499a4c704f: start LeaderElection
2019-09-26 15:54:26,988 [1b3d0591-2738-428f-9259-44499a4c704f@group-E39AFB520914:LeaderElection5] INFO  impl.LeaderElection (LeaderElection.java:askForVotes(182)) - 1b3d0591-2738-428f-9259-44499a4c704f@group-E39AFB520914:LeaderElection5: begin an election at term 1 for -1: [1b3d0591-2738-428f-9259-44499a4c704f:192.168.157.234:35407], old=null
2019-09-26 15:54:26,988 [1b3d0591-2738-428f-9259-44499a4c704f@group-E39AFB520914:LeaderElection5] INFO  impl.RoleInfo (RoleInfo.java:shutdownLeaderElection(134)) - 1b3d0591-2738-428f-9259-44499a4c704f: shutdown LeaderElection
2019-09-26 15:54:26,989 [1b3d0591-2738-428f-9259-44499a4c704f@group-E39AFB520914:LeaderElection5] INFO  impl.RaftServerImpl (RaftServerImpl.java:setRole(174)) - 1b3d0591-2738-428f-9259-44499a4c704f@group-E39AFB520914: changes role from CANDIDATE to LEADER at term 1 for changeToLeader
2019-09-26 15:54:26,989 [1b3d0591-2738-428f-9259-44499a4c704f@group-E39AFB520914:LeaderElection5] INFO  impl.RaftServerImpl (ServerState.java:setLeader(253)) - 1b3d0591-2738-428f-9259-44499a4c704f@group-E39AFB520914: change Leader from null to 1b3d0591-2738-428f-9259-44499a4c704f at term 1 for becomeLeader, leader elected after 5079ms
2019-09-26 15:54:26,989 [1b3d0591-2738-428f-9259-44499a4c704f@group-E39AFB520914:LeaderElection5] INFO  server.RaftServerConfigKeys (ConfUtils.java:logGet(43)) - raft.server.staging.catchup.gap = 1000 (default)
2019-09-26 15:54:26,989 [1b3d0591-2738-428f-9259-44499a4c704f@group-E39AFB520914:LeaderElection5] INFO  server.RaftServerConfigKeys (ConfUtils.java:logGet(43)) - raft.server.rpc.sleep.time = 25ms (default)
2019-09-26 15:54:26,989 [1b3d0591-2738-428f-9259-44499a4c704f@group-E39AFB520914:LeaderElection5] INFO  server.RaftServerConfigKeys (ConfUtils.java:logGet(43)) - raft.server.write.element-limit = 4096 (default)
2019-09-26 15:54:26,990 [1b3d0591-2738-428f-9259-44499a4c704f@group-E39AFB520914:LeaderElection5] INFO  server.RaftServerConfigKeys (ConfUtils.java:logGet(43)) - raft.server.watch.timeout = 10s (default)
2019-09-26 15:54:26,990 [1b3d0591-2738-428f-9259-44499a4c704f@group-E39AFB520914:LeaderElection5] INFO  server.RaftServerConfigKeys (ConfUtils.java:logGet(43)) - raft.server.watch.timeout.denomination = 1s (default)
2019-09-26 15:54:26,990 [1b3d0591-2738-428f-9259-44499a4c704f@group-E39AFB520914:LeaderElection5] INFO  server.RaftServerConfigKeys (ConfUtils.java:logGet(43)) - raft.server.watch.element-limit = 65536 (default)
2019-09-26 15:54:26,993 [1b3d0591-2738-428f-9259-44499a4c704f@group-E39AFB520914:LeaderElection5] INFO  impl.RoleInfo (RoleInfo.java:updateAndGet(143)) - 1b3d0591-2738-428f-9259-44499a4c704f: start LeaderState
2019-09-26 15:54:26,994 [1b3d0591-2738-428f-9259-44499a4c704f@group-E39AFB520914:LeaderElection5] INFO  segmented.SegmentedRaftLogWorker (SegmentedRaftLogWorker.java:startLogSegment(380)) - 1b3d0591-2738-428f-9259-44499a4c704f@group-E39AFB520914-SegmentedRaftLogWorker: Starting segment from index:0
2019-09-26 15:54:26,994 [1b3d0591-2738-428f-9259-44499a4c704f@group-E39AFB520914:LeaderElection5] INFO  impl.RaftServerImpl (ServerState.java:setRaftConf(354)) - 1b3d0591-2738-428f-9259-44499a4c704f@group-E39AFB520914: set configuration 0: [1b3d0591-2738-428f-9259-44499a4c704f:192.168.157.234:35407], old=null at 0
2019-09-26 15:54:27,023 [1b3d0591-2738-428f-9259-44499a4c704f@group-E39AFB520914-SegmentedRaftLogWorker] INFO  segmented.SegmentedRaftLogWorker (SegmentedRaftLogWorker.java:execute(569)) - 1b3d0591-2738-428f-9259-44499a4c704f@group-E39AFB520914-SegmentedRaftLogWorker: created new log segment /workdir/hadoop-ozone/integration-test/target/test-dir/MiniOzoneClusterImpl-b52dc576-3a90-4436-b01d-af36ccb82095/datanode-4/data/ratis/434a89d1-fe96-4bca-8d2f-e39afb520914/current/log_inprogress_0
2019-09-26 15:54:27,030 [Thread-297] INFO  impl.FollowerState (FollowerState.java:run(106)) - 1db74e33-95b2-4a02-afc0-c3b777a2f5f7:group-D8E33A113E5F changes to CANDIDATE, lastRpcTime:5198, electionTimeout:5198ms
2019-09-26 15:54:27,030 [Thread-297] INFO  impl.RoleInfo (RoleInfo.java:shutdownFollowerState(121)) - 1db74e33-95b2-4a02-afc0-c3b777a2f5f7: shutdown FollowerState
2019-09-26 15:54:27,030 [Thread-297] INFO  impl.RaftServerImpl (RaftServerImpl.java:setRole(174)) - 1db74e33-95b2-4a02-afc0-c3b777a2f5f7@group-D8E33A113E5F: changes role from  FOLLOWER to CANDIDATE at term 0 for changeToCandidate
2019-09-26 15:54:27,030 [Thread-297] INFO  impl.RoleInfo (RoleInfo.java:updateAndGet(143)) - 1db74e33-95b2-4a02-afc0-c3b777a2f5f7: start LeaderElection
2019-09-26 15:54:27,051 [1db74e33-95b2-4a02-afc0-c3b777a2f5f7@group-D8E33A113E5F:LeaderElection6] INFO  impl.LeaderElection (LeaderElection.java:askForVotes(182)) - 1db74e33-95b2-4a02-afc0-c3b777a2f5f7@group-D8E33A113E5F:LeaderElection6: begin an election at term 1 for -1: [1db74e33-95b2-4a02-afc0-c3b777a2f5f7:192.168.157.234:42936], old=null
2019-09-26 15:54:27,051 [1db74e33-95b2-4a02-afc0-c3b777a2f5f7@group-D8E33A113E5F:LeaderElection6] INFO  impl.RoleInfo (RoleInfo.java:shutdownLeaderElection(134)) - 1db74e33-95b2-4a02-afc0-c3b777a2f5f7: shutdown LeaderElection
2019-09-26 15:54:27,051 [1db74e33-95b2-4a02-afc0-c3b777a2f5f7@group-D8E33A113E5F:LeaderElection6] INFO  impl.RaftServerImpl (RaftServerImpl.java:setRole(174)) - 1db74e33-95b2-4a02-afc0-c3b777a2f5f7@group-D8E33A113E5F: changes role from CANDIDATE to LEADER at term 1 for changeToLeader
2019-09-26 15:54:27,051 [1db74e33-95b2-4a02-afc0-c3b777a2f5f7@group-D8E33A113E5F:LeaderElection6] INFO  impl.RaftServerImpl (ServerState.java:setLeader(253)) - 1db74e33-95b2-4a02-afc0-c3b777a2f5f7@group-D8E33A113E5F: change Leader from null to 1db74e33-95b2-4a02-afc0-c3b777a2f5f7 at term 1 for becomeLeader, leader elected after 5236ms
2019-09-26 15:54:27,052 [1db74e33-95b2-4a02-afc0-c3b777a2f5f7@group-D8E33A113E5F:LeaderElection6] INFO  server.RaftServerConfigKeys (ConfUtils.java:logGet(43)) - raft.server.staging.catchup.gap = 1000 (default)
2019-09-26 15:54:27,052 [1db74e33-95b2-4a02-afc0-c3b777a2f5f7@group-D8E33A113E5F:LeaderElection6] INFO  server.RaftServerConfigKeys (ConfUtils.java:logGet(43)) - raft.server.rpc.sleep.time = 25ms (default)
2019-09-26 15:54:27,052 [1db74e33-95b2-4a02-afc0-c3b777a2f5f7@group-D8E33A113E5F:LeaderElection6] INFO  server.RaftServerConfigKeys (ConfUtils.java:logGet(43)) - raft.server.write.element-limit = 4096 (default)
2019-09-26 15:54:27,052 [1db74e33-95b2-4a02-afc0-c3b777a2f5f7@group-D8E33A113E5F:LeaderElection6] INFO  server.RaftServerConfigKeys (ConfUtils.java:logGet(43)) - raft.server.watch.timeout = 10s (default)
2019-09-26 15:54:27,052 [1db74e33-95b2-4a02-afc0-c3b777a2f5f7@group-D8E33A113E5F:LeaderElection6] INFO  server.RaftServerConfigKeys (ConfUtils.java:logGet(43)) - raft.server.watch.timeout.denomination = 1s (default)
2019-09-26 15:54:27,053 [1db74e33-95b2-4a02-afc0-c3b777a2f5f7@group-D8E33A113E5F:LeaderElection6] INFO  server.RaftServerConfigKeys (ConfUtils.java:logGet(43)) - raft.server.watch.element-limit = 65536 (default)
2019-09-26 15:54:27,056 [1db74e33-95b2-4a02-afc0-c3b777a2f5f7@group-D8E33A113E5F:LeaderElection6] INFO  impl.RoleInfo (RoleInfo.java:updateAndGet(143)) - 1db74e33-95b2-4a02-afc0-c3b777a2f5f7: start LeaderState
2019-09-26 15:54:27,056 [1db74e33-95b2-4a02-afc0-c3b777a2f5f7@group-D8E33A113E5F:LeaderElection6] INFO  segmented.SegmentedRaftLogWorker (SegmentedRaftLogWorker.java:startLogSegment(380)) - 1db74e33-95b2-4a02-afc0-c3b777a2f5f7@group-D8E33A113E5F-SegmentedRaftLogWorker: Starting segment from index:0
2019-09-26 15:54:27,057 [1db74e33-95b2-4a02-afc0-c3b777a2f5f7@group-D8E33A113E5F:LeaderElection6] INFO  impl.RaftServerImpl (ServerState.java:setRaftConf(354)) - 1db74e33-95b2-4a02-afc0-c3b777a2f5f7@group-D8E33A113E5F: set configuration 0: [1db74e33-95b2-4a02-afc0-c3b777a2f5f7:192.168.157.234:42936], old=null at 0
2019-09-26 15:54:27,118 [1db74e33-95b2-4a02-afc0-c3b777a2f5f7@group-D8E33A113E5F-SegmentedRaftLogWorker] INFO  segmented.SegmentedRaftLogWorker (SegmentedRaftLogWorker.java:execute(569)) - 1db74e33-95b2-4a02-afc0-c3b777a2f5f7@group-D8E33A113E5F-SegmentedRaftLogWorker: created new log segment /workdir/hadoop-ozone/integration-test/target/test-dir/MiniOzoneClusterImpl-b52dc576-3a90-4436-b01d-af36ccb82095/datanode-5/data/ratis/6f9a56d6-009f-4950-84a5-d8e33a113e5f/current/log_inprogress_0
2019-09-26 15:54:27,202 [Thread-303] INFO  impl.FollowerState (FollowerState.java:run(106)) - b1b47c16-4b16-47f9-8a1c-bd43cd9891d3:group-B26695E054CA changes to CANDIDATE, lastRpcTime:5159, electionTimeout:5159ms
2019-09-26 15:54:27,202 [Thread-303] INFO  impl.RoleInfo (RoleInfo.java:shutdownFollowerState(121)) - b1b47c16-4b16-47f9-8a1c-bd43cd9891d3: shutdown FollowerState
2019-09-26 15:54:27,202 [Thread-303] INFO  impl.RaftServerImpl (RaftServerImpl.java:setRole(174)) - b1b47c16-4b16-47f9-8a1c-bd43cd9891d3@group-B26695E054CA: changes role from  FOLLOWER to CANDIDATE at term 0 for changeToCandidate
2019-09-26 15:54:27,203 [Thread-303] INFO  impl.RoleInfo (RoleInfo.java:updateAndGet(143)) - b1b47c16-4b16-47f9-8a1c-bd43cd9891d3: start LeaderElection
2019-09-26 15:54:27,227 [Thread-306] INFO  impl.FollowerState (FollowerState.java:run(106)) - 64635f80-cc5b-405f-98b2-f991c2a0e60e:group-CA6B03E60EDE changes to CANDIDATE, lastRpcTime:5086, electionTimeout:5086ms
2019-09-26 15:54:27,227 [Thread-306] INFO  impl.RoleInfo (RoleInfo.java:shutdownFollowerState(121)) - 64635f80-cc5b-405f-98b2-f991c2a0e60e: shutdown FollowerState
2019-09-26 15:54:27,227 [Thread-306] INFO  impl.RaftServerImpl (RaftServerImpl.java:setRole(174)) - 64635f80-cc5b-405f-98b2-f991c2a0e60e@group-CA6B03E60EDE: changes role from  FOLLOWER to CANDIDATE at term 0 for changeToCandidate
2019-09-26 15:54:27,228 [Thread-306] INFO  impl.RoleInfo (RoleInfo.java:updateAndGet(143)) - 64635f80-cc5b-405f-98b2-f991c2a0e60e: start LeaderElection
2019-09-26 15:54:27,233 [b1b47c16-4b16-47f9-8a1c-bd43cd9891d3@group-B26695E054CA:LeaderElection7] INFO  impl.LeaderElection (LeaderElection.java:askForVotes(182)) - b1b47c16-4b16-47f9-8a1c-bd43cd9891d3@group-B26695E054CA:LeaderElection7: begin an election at term 1 for -1: [b1b47c16-4b16-47f9-8a1c-bd43cd9891d3:192.168.157.234:40890], old=null
2019-09-26 15:54:27,233 [b1b47c16-4b16-47f9-8a1c-bd43cd9891d3@group-B26695E054CA:LeaderElection7] INFO  impl.RoleInfo (RoleInfo.java:shutdownLeaderElection(134)) - b1b47c16-4b16-47f9-8a1c-bd43cd9891d3: shutdown LeaderElection
2019-09-26 15:54:27,233 [b1b47c16-4b16-47f9-8a1c-bd43cd9891d3@group-B26695E054CA:LeaderElection7] INFO  impl.RaftServerImpl (RaftServerImpl.java:setRole(174)) - b1b47c16-4b16-47f9-8a1c-bd43cd9891d3@group-B26695E054CA: changes role from CANDIDATE to LEADER at term 1 for changeToLeader
2019-09-26 15:54:27,233 [b1b47c16-4b16-47f9-8a1c-bd43cd9891d3@group-B26695E054CA:LeaderElection7] INFO  impl.RaftServerImpl (ServerState.java:setLeader(253)) - b1b47c16-4b16-47f9-8a1c-bd43cd9891d3@group-B26695E054CA: change Leader from null to b1b47c16-4b16-47f9-8a1c-bd43cd9891d3 at term 1 for becomeLeader, leader elected after 5202ms
2019-09-26 15:54:27,233 [b1b47c16-4b16-47f9-8a1c-bd43cd9891d3@group-B26695E054CA:LeaderElection7] INFO  server.RaftServerConfigKeys (ConfUtils.java:logGet(43)) - raft.server.staging.catchup.gap = 1000 (default)
2019-09-26 15:54:27,234 [b1b47c16-4b16-47f9-8a1c-bd43cd9891d3@group-B26695E054CA:LeaderElection7] INFO  server.RaftServerConfigKeys (ConfUtils.java:logGet(43)) - raft.server.rpc.sleep.time = 25ms (default)
2019-09-26 15:54:27,234 [b1b47c16-4b16-47f9-8a1c-bd43cd9891d3@group-B26695E054CA:LeaderElection7] INFO  server.RaftServerConfigKeys (ConfUtils.java:logGet(43)) - raft.server.write.element-limit = 4096 (default)
2019-09-26 15:54:27,234 [b1b47c16-4b16-47f9-8a1c-bd43cd9891d3@group-B26695E054CA:LeaderElection7] INFO  server.RaftServerConfigKeys (ConfUtils.java:logGet(43)) - raft.server.watch.timeout = 10s (default)
2019-09-26 15:54:27,234 [b1b47c16-4b16-47f9-8a1c-bd43cd9891d3@group-B26695E054CA:LeaderElection7] INFO  server.RaftServerConfigKeys (ConfUtils.java:logGet(43)) - raft.server.watch.timeout.denomination = 1s (default)
2019-09-26 15:54:27,234 [b1b47c16-4b16-47f9-8a1c-bd43cd9891d3@group-B26695E054CA:LeaderElection7] INFO  server.RaftServerConfigKeys (ConfUtils.java:logGet(43)) - raft.server.watch.element-limit = 65536 (default)
2019-09-26 15:54:27,238 [b1b47c16-4b16-47f9-8a1c-bd43cd9891d3@group-B26695E054CA:LeaderElection7] INFO  impl.RoleInfo (RoleInfo.java:updateAndGet(143)) - b1b47c16-4b16-47f9-8a1c-bd43cd9891d3: start LeaderState
2019-09-26 15:54:27,238 [b1b47c16-4b16-47f9-8a1c-bd43cd9891d3@group-B26695E054CA:LeaderElection7] INFO  segmented.SegmentedRaftLogWorker (SegmentedRaftLogWorker.java:startLogSegment(380)) - b1b47c16-4b16-47f9-8a1c-bd43cd9891d3@group-B26695E054CA-SegmentedRaftLogWorker: Starting segment from index:0
2019-09-26 15:54:27,239 [b1b47c16-4b16-47f9-8a1c-bd43cd9891d3@group-B26695E054CA:LeaderElection7] INFO  impl.RaftServerImpl (ServerState.java:setRaftConf(354)) - b1b47c16-4b16-47f9-8a1c-bd43cd9891d3@group-B26695E054CA: set configuration 0: [b1b47c16-4b16-47f9-8a1c-bd43cd9891d3:192.168.157.234:40890], old=null at 0
2019-09-26 15:54:27,256 [64635f80-cc5b-405f-98b2-f991c2a0e60e@group-CA6B03E60EDE:LeaderElection8] INFO  impl.LeaderElection (LeaderElection.java:askForVotes(182)) - 64635f80-cc5b-405f-98b2-f991c2a0e60e@group-CA6B03E60EDE:LeaderElection8: begin an election at term 1 for -1: [64635f80-cc5b-405f-98b2-f991c2a0e60e:192.168.157.234:33176], old=null
2019-09-26 15:54:27,256 [64635f80-cc5b-405f-98b2-f991c2a0e60e@group-CA6B03E60EDE:LeaderElection8] INFO  impl.RoleInfo (RoleInfo.java:shutdownLeaderElection(134)) - 64635f80-cc5b-405f-98b2-f991c2a0e60e: shutdown LeaderElection
2019-09-26 15:54:27,256 [64635f80-cc5b-405f-98b2-f991c2a0e60e@group-CA6B03E60EDE:LeaderElection8] INFO  impl.RaftServerImpl (RaftServerImpl.java:setRole(174)) - 64635f80-cc5b-405f-98b2-f991c2a0e60e@group-CA6B03E60EDE: changes role from CANDIDATE to LEADER at term 1 for changeToLeader
2019-09-26 15:54:27,256 [64635f80-cc5b-405f-98b2-f991c2a0e60e@group-CA6B03E60EDE:LeaderElection8] INFO  impl.RaftServerImpl (ServerState.java:setLeader(253)) - 64635f80-cc5b-405f-98b2-f991c2a0e60e@group-CA6B03E60EDE: change Leader from null to 64635f80-cc5b-405f-98b2-f991c2a0e60e at term 1 for becomeLeader, leader elected after 5128ms
2019-09-26 15:54:27,256 [64635f80-cc5b-405f-98b2-f991c2a0e60e@group-CA6B03E60EDE:LeaderElection8] INFO  server.RaftServerConfigKeys (ConfUtils.java:logGet(43)) - raft.server.staging.catchup.gap = 1000 (default)
2019-09-26 15:54:27,256 [64635f80-cc5b-405f-98b2-f991c2a0e60e@group-CA6B03E60EDE:LeaderElection8] INFO  server.RaftServerConfigKeys (ConfUtils.java:logGet(43)) - raft.server.rpc.sleep.time = 25ms (default)
2019-09-26 15:54:27,257 [64635f80-cc5b-405f-98b2-f991c2a0e60e@group-CA6B03E60EDE:LeaderElection8] INFO  server.RaftServerConfigKeys (ConfUtils.java:logGet(43)) - raft.server.write.element-limit = 4096 (default)
2019-09-26 15:54:27,257 [64635f80-cc5b-405f-98b2-f991c2a0e60e@group-CA6B03E60EDE:LeaderElection8] INFO  server.RaftServerConfigKeys (ConfUtils.java:logGet(43)) - raft.server.watch.timeout = 10s (default)
2019-09-26 15:54:27,257 [64635f80-cc5b-405f-98b2-f991c2a0e60e@group-CA6B03E60EDE:LeaderElection8] INFO  server.RaftServerConfigKeys (ConfUtils.java:logGet(43)) - raft.server.watch.timeout.denomination = 1s (default)
2019-09-26 15:54:27,257 [64635f80-cc5b-405f-98b2-f991c2a0e60e@group-CA6B03E60EDE:LeaderElection8] INFO  server.RaftServerConfigKeys (ConfUtils.java:logGet(43)) - raft.server.watch.element-limit = 65536 (default)
2019-09-26 15:54:27,259 [b1b47c16-4b16-47f9-8a1c-bd43cd9891d3@group-B26695E054CA-SegmentedRaftLogWorker] INFO  segmented.SegmentedRaftLogWorker (SegmentedRaftLogWorker.java:execute(569)) - b1b47c16-4b16-47f9-8a1c-bd43cd9891d3@group-B26695E054CA-SegmentedRaftLogWorker: created new log segment /workdir/hadoop-ozone/integration-test/target/test-dir/MiniOzoneClusterImpl-b52dc576-3a90-4436-b01d-af36ccb82095/datanode-1/data/ratis/2110849e-c5b6-4fe8-9944-b26695e054ca/current/log_inprogress_0
2019-09-26 15:54:27,259 [64635f80-cc5b-405f-98b2-f991c2a0e60e@group-CA6B03E60EDE:LeaderElection8] INFO  impl.RoleInfo (RoleInfo.java:updateAndGet(143)) - 64635f80-cc5b-405f-98b2-f991c2a0e60e: start LeaderState
2019-09-26 15:54:27,259 [64635f80-cc5b-405f-98b2-f991c2a0e60e@group-CA6B03E60EDE:LeaderElection8] INFO  segmented.SegmentedRaftLogWorker (SegmentedRaftLogWorker.java:startLogSegment(380)) - 64635f80-cc5b-405f-98b2-f991c2a0e60e@group-CA6B03E60EDE-SegmentedRaftLogWorker: Starting segment from index:0
2019-09-26 15:54:27,259 [64635f80-cc5b-405f-98b2-f991c2a0e60e@group-CA6B03E60EDE:LeaderElection8] INFO  impl.RaftServerImpl (ServerState.java:setRaftConf(354)) - 64635f80-cc5b-405f-98b2-f991c2a0e60e@group-CA6B03E60EDE: set configuration 0: [64635f80-cc5b-405f-98b2-f991c2a0e60e:192.168.157.234:33176], old=null at 0
2019-09-26 15:54:27,275 [Thread-310] INFO  impl.FollowerState (FollowerState.java:run(106)) - f949701e-f635-4de4-9d83-19655f8fd504:group-796B0C068227 changes to CANDIDATE, lastRpcTime:5034, electionTimeout:5030ms
2019-09-26 15:54:27,275 [main] INFO  ipc.Client (Client.java:handleConnectionFailure(948)) - Retrying connect to server: localhost/127.0.0.1:0. Already tried 4 time(s); retry policy is RetryUpToMaximumCountWithFixedSleep(maxRetries=10, sleepTime=1000 MILLISECONDS)
2019-09-26 15:54:27,279 [Thread-310] INFO  impl.RoleInfo (RoleInfo.java:shutdownFollowerState(121)) - f949701e-f635-4de4-9d83-19655f8fd504: shutdown FollowerState
2019-09-26 15:54:27,279 [Thread-310] INFO  impl.RaftServerImpl (RaftServerImpl.java:setRole(174)) - f949701e-f635-4de4-9d83-19655f8fd504@group-796B0C068227: changes role from  FOLLOWER to CANDIDATE at term 0 for changeToCandidate
2019-09-26 15:54:27,279 [Thread-310] INFO  impl.RoleInfo (RoleInfo.java:updateAndGet(143)) - f949701e-f635-4de4-9d83-19655f8fd504: start LeaderElection
2019-09-26 15:54:27,290 [64635f80-cc5b-405f-98b2-f991c2a0e60e@group-CA6B03E60EDE-SegmentedRaftLogWorker] INFO  segmented.SegmentedRaftLogWorker (SegmentedRaftLogWorker.java:execute(569)) - 64635f80-cc5b-405f-98b2-f991c2a0e60e@group-CA6B03E60EDE-SegmentedRaftLogWorker: created new log segment /workdir/hadoop-ozone/integration-test/target/test-dir/MiniOzoneClusterImpl-b52dc576-3a90-4436-b01d-af36ccb82095/datanode-8/data/ratis/b198e4d3-2459-4eb6-a1d7-ca6b03e60ede/current/log_inprogress_0
2019-09-26 15:54:27,290 [f949701e-f635-4de4-9d83-19655f8fd504@group-796B0C068227:LeaderElection9] INFO  impl.LeaderElection (LeaderElection.java:askForVotes(182)) - f949701e-f635-4de4-9d83-19655f8fd504@group-796B0C068227:LeaderElection9: begin an election at term 1 for -1: [f949701e-f635-4de4-9d83-19655f8fd504:192.168.157.234:39702], old=null
2019-09-26 15:54:27,291 [f949701e-f635-4de4-9d83-19655f8fd504@group-796B0C068227:LeaderElection9] INFO  impl.RoleInfo (RoleInfo.java:shutdownLeaderElection(134)) - f949701e-f635-4de4-9d83-19655f8fd504: shutdown LeaderElection
2019-09-26 15:54:27,291 [f949701e-f635-4de4-9d83-19655f8fd504@group-796B0C068227:LeaderElection9] INFO  impl.RaftServerImpl (RaftServerImpl.java:setRole(174)) - f949701e-f635-4de4-9d83-19655f8fd504@group-796B0C068227: changes role from CANDIDATE to LEADER at term 1 for changeToLeader
2019-09-26 15:54:27,291 [f949701e-f635-4de4-9d83-19655f8fd504@group-796B0C068227:LeaderElection9] INFO  impl.RaftServerImpl (ServerState.java:setLeader(253)) - f949701e-f635-4de4-9d83-19655f8fd504@group-796B0C068227: change Leader from null to f949701e-f635-4de4-9d83-19655f8fd504 at term 1 for becomeLeader, leader elected after 5059ms
2019-09-26 15:54:27,291 [f949701e-f635-4de4-9d83-19655f8fd504@group-796B0C068227:LeaderElection9] INFO  server.RaftServerConfigKeys (ConfUtils.java:logGet(43)) - raft.server.staging.catchup.gap = 1000 (default)
2019-09-26 15:54:27,291 [f949701e-f635-4de4-9d83-19655f8fd504@group-796B0C068227:LeaderElection9] INFO  server.RaftServerConfigKeys (ConfUtils.java:logGet(43)) - raft.server.rpc.sleep.time = 25ms (default)
2019-09-26 15:54:27,292 [f949701e-f635-4de4-9d83-19655f8fd504@group-796B0C068227:LeaderElection9] INFO  server.RaftServerConfigKeys (ConfUtils.java:logGet(43)) - raft.server.write.element-limit = 4096 (default)
2019-09-26 15:54:27,292 [f949701e-f635-4de4-9d83-19655f8fd504@group-796B0C068227:LeaderElection9] INFO  server.RaftServerConfigKeys (ConfUtils.java:logGet(43)) - raft.server.watch.timeout = 10s (default)
2019-09-26 15:54:27,292 [f949701e-f635-4de4-9d83-19655f8fd504@group-796B0C068227:LeaderElection9] INFO  server.RaftServerConfigKeys (ConfUtils.java:logGet(43)) - raft.server.watch.timeout.denomination = 1s (default)
2019-09-26 15:54:27,292 [f949701e-f635-4de4-9d83-19655f8fd504@group-796B0C068227:LeaderElection9] INFO  server.RaftServerConfigKeys (ConfUtils.java:logGet(43)) - raft.server.watch.element-limit = 65536 (default)
2019-09-26 15:54:27,295 [f949701e-f635-4de4-9d83-19655f8fd504@group-796B0C068227:LeaderElection9] INFO  impl.RoleInfo (RoleInfo.java:updateAndGet(143)) - f949701e-f635-4de4-9d83-19655f8fd504: start LeaderState
2019-09-26 15:54:27,295 [f949701e-f635-4de4-9d83-19655f8fd504@group-796B0C068227:LeaderElection9] INFO  segmented.SegmentedRaftLogWorker (SegmentedRaftLogWorker.java:startLogSegment(380)) - f949701e-f635-4de4-9d83-19655f8fd504@group-796B0C068227-SegmentedRaftLogWorker: Starting segment from index:0
2019-09-26 15:54:27,295 [f949701e-f635-4de4-9d83-19655f8fd504@group-796B0C068227:LeaderElection9] INFO  impl.RaftServerImpl (ServerState.java:setRaftConf(354)) - f949701e-f635-4de4-9d83-19655f8fd504@group-796B0C068227: set configuration 0: [f949701e-f635-4de4-9d83-19655f8fd504:192.168.157.234:39702], old=null at 0
2019-09-26 15:54:27,348 [f949701e-f635-4de4-9d83-19655f8fd504@group-796B0C068227-SegmentedRaftLogWorker] INFO  segmented.SegmentedRaftLogWorker (SegmentedRaftLogWorker.java:execute(569)) - f949701e-f635-4de4-9d83-19655f8fd504@group-796B0C068227-SegmentedRaftLogWorker: created new log segment /workdir/hadoop-ozone/integration-test/target/test-dir/MiniOzoneClusterImpl-b52dc576-3a90-4436-b01d-af36ccb82095/datanode-2/data/ratis/162700bc-92de-4053-8522-796b0c068227/current/log_inprogress_0
2019-09-26 15:54:27,410 [Thread-313] INFO  impl.FollowerState (FollowerState.java:run(106)) - 6258f0da-10d7-4ff4-befa-56fd7261fe8a:group-51DDB47F5F7C changes to CANDIDATE, lastRpcTime:5062, electionTimeout:5062ms
2019-09-26 15:54:27,410 [Thread-313] INFO  impl.RoleInfo (RoleInfo.java:shutdownFollowerState(121)) - 6258f0da-10d7-4ff4-befa-56fd7261fe8a: shutdown FollowerState
2019-09-26 15:54:27,410 [Thread-313] INFO  impl.RaftServerImpl (RaftServerImpl.java:setRole(174)) - 6258f0da-10d7-4ff4-befa-56fd7261fe8a@group-51DDB47F5F7C: changes role from  FOLLOWER to CANDIDATE at term 0 for changeToCandidate
2019-09-26 15:54:27,411 [Thread-313] INFO  impl.RoleInfo (RoleInfo.java:updateAndGet(143)) - 6258f0da-10d7-4ff4-befa-56fd7261fe8a: start LeaderElection
2019-09-26 15:54:27,434 [6258f0da-10d7-4ff4-befa-56fd7261fe8a@group-51DDB47F5F7C:LeaderElection10] INFO  impl.LeaderElection (LeaderElection.java:askForVotes(182)) - 6258f0da-10d7-4ff4-befa-56fd7261fe8a@group-51DDB47F5F7C:LeaderElection10: begin an election at term 1 for -1: [6258f0da-10d7-4ff4-befa-56fd7261fe8a:192.168.157.234:43279], old=null
2019-09-26 15:54:27,434 [6258f0da-10d7-4ff4-befa-56fd7261fe8a@group-51DDB47F5F7C:LeaderElection10] INFO  impl.RoleInfo (RoleInfo.java:shutdownLeaderElection(134)) - 6258f0da-10d7-4ff4-befa-56fd7261fe8a: shutdown LeaderElection
2019-09-26 15:54:27,435 [6258f0da-10d7-4ff4-befa-56fd7261fe8a@group-51DDB47F5F7C:LeaderElection10] INFO  impl.RaftServerImpl (RaftServerImpl.java:setRole(174)) - 6258f0da-10d7-4ff4-befa-56fd7261fe8a@group-51DDB47F5F7C: changes role from CANDIDATE to LEADER at term 1 for changeToLeader
2019-09-26 15:54:27,435 [6258f0da-10d7-4ff4-befa-56fd7261fe8a@group-51DDB47F5F7C:LeaderElection10] INFO  impl.RaftServerImpl (ServerState.java:setLeader(253)) - 6258f0da-10d7-4ff4-befa-56fd7261fe8a@group-51DDB47F5F7C: change Leader from null to 6258f0da-10d7-4ff4-befa-56fd7261fe8a at term 1 for becomeLeader, leader elected after 5095ms
2019-09-26 15:54:27,435 [6258f0da-10d7-4ff4-befa-56fd7261fe8a@group-51DDB47F5F7C:LeaderElection10] INFO  server.RaftServerConfigKeys (ConfUtils.java:logGet(43)) - raft.server.staging.catchup.gap = 1000 (default)
2019-09-26 15:54:27,435 [6258f0da-10d7-4ff4-befa-56fd7261fe8a@group-51DDB47F5F7C:LeaderElection10] INFO  server.RaftServerConfigKeys (ConfUtils.java:logGet(43)) - raft.server.rpc.sleep.time = 25ms (default)
2019-09-26 15:54:27,435 [6258f0da-10d7-4ff4-befa-56fd7261fe8a@group-51DDB47F5F7C:LeaderElection10] INFO  server.RaftServerConfigKeys (ConfUtils.java:logGet(43)) - raft.server.write.element-limit = 4096 (default)
2019-09-26 15:54:27,436 [6258f0da-10d7-4ff4-befa-56fd7261fe8a@group-51DDB47F5F7C:LeaderElection10] INFO  server.RaftServerConfigKeys (ConfUtils.java:logGet(43)) - raft.server.watch.timeout = 10s (default)
2019-09-26 15:54:27,436 [6258f0da-10d7-4ff4-befa-56fd7261fe8a@group-51DDB47F5F7C:LeaderElection10] INFO  server.RaftServerConfigKeys (ConfUtils.java:logGet(43)) - raft.server.watch.timeout.denomination = 1s (default)
2019-09-26 15:54:27,436 [6258f0da-10d7-4ff4-befa-56fd7261fe8a@group-51DDB47F5F7C:LeaderElection10] INFO  server.RaftServerConfigKeys (ConfUtils.java:logGet(43)) - raft.server.watch.element-limit = 65536 (default)
2019-09-26 15:54:27,439 [6258f0da-10d7-4ff4-befa-56fd7261fe8a@group-51DDB47F5F7C:LeaderElection10] INFO  impl.RoleInfo (RoleInfo.java:updateAndGet(143)) - 6258f0da-10d7-4ff4-befa-56fd7261fe8a: start LeaderState
2019-09-26 15:54:27,439 [6258f0da-10d7-4ff4-befa-56fd7261fe8a@group-51DDB47F5F7C:LeaderElection10] INFO  segmented.SegmentedRaftLogWorker (SegmentedRaftLogWorker.java:startLogSegment(380)) - 6258f0da-10d7-4ff4-befa-56fd7261fe8a@group-51DDB47F5F7C-SegmentedRaftLogWorker: Starting segment from index:0
2019-09-26 15:54:27,440 [6258f0da-10d7-4ff4-befa-56fd7261fe8a@group-51DDB47F5F7C:LeaderElection10] INFO  impl.RaftServerImpl (ServerState.java:setRaftConf(354)) - 6258f0da-10d7-4ff4-befa-56fd7261fe8a@group-51DDB47F5F7C: set configuration 0: [6258f0da-10d7-4ff4-befa-56fd7261fe8a:192.168.157.234:43279], old=null at 0
2019-09-26 15:54:27,482 [6258f0da-10d7-4ff4-befa-56fd7261fe8a@group-51DDB47F5F7C-SegmentedRaftLogWorker] INFO  segmented.SegmentedRaftLogWorker (SegmentedRaftLogWorker.java:execute(569)) - 6258f0da-10d7-4ff4-befa-56fd7261fe8a@group-51DDB47F5F7C-SegmentedRaftLogWorker: created new log segment /workdir/hadoop-ozone/integration-test/target/test-dir/MiniOzoneClusterImpl-b52dc576-3a90-4436-b01d-af36ccb82095/datanode-6/data/ratis/b7540f79-a0a7-4a87-9c9b-51ddb47f5f7c/current/log_inprogress_0
2019-09-26 15:54:27,513 [Thread-320] INFO  impl.FollowerState (FollowerState.java:run(106)) - 5e8efae4-1bfc-4920-bedf-2411f13adce7:group-6BA2059DE0D3 changes to CANDIDATE, lastRpcTime:5072, electionTimeout:5072ms
2019-09-26 15:54:27,513 [Thread-320] INFO  impl.RoleInfo (RoleInfo.java:shutdownFollowerState(121)) - 5e8efae4-1bfc-4920-bedf-2411f13adce7: shutdown FollowerState
2019-09-26 15:54:27,513 [Thread-320] INFO  impl.RaftServerImpl (RaftServerImpl.java:setRole(174)) - 5e8efae4-1bfc-4920-bedf-2411f13adce7@group-6BA2059DE0D3: changes role from  FOLLOWER to CANDIDATE at term 0 for changeToCandidate
2019-09-26 15:54:27,514 [Thread-320] INFO  impl.RoleInfo (RoleInfo.java:updateAndGet(143)) - 5e8efae4-1bfc-4920-bedf-2411f13adce7: start LeaderElection
2019-09-26 15:54:27,518 [Thread-322] INFO  impl.FollowerState (FollowerState.java:run(106)) - 0a9353e1-ac44-4328-9be7-ee392af6c194:group-6BA2059DE0D3 changes to CANDIDATE, lastRpcTime:5075, electionTimeout:5070ms
2019-09-26 15:54:27,521 [Thread-322] INFO  impl.RoleInfo (RoleInfo.java:shutdownFollowerState(121)) - 0a9353e1-ac44-4328-9be7-ee392af6c194: shutdown FollowerState
2019-09-26 15:54:27,521 [Thread-322] INFO  impl.RaftServerImpl (RaftServerImpl.java:setRole(174)) - 0a9353e1-ac44-4328-9be7-ee392af6c194@group-6BA2059DE0D3: changes role from  FOLLOWER to CANDIDATE at term 0 for changeToCandidate
2019-09-26 15:54:27,521 [Thread-322] INFO  impl.RoleInfo (RoleInfo.java:updateAndGet(143)) - 0a9353e1-ac44-4328-9be7-ee392af6c194: start LeaderElection
2019-09-26 15:54:27,535 [5e8efae4-1bfc-4920-bedf-2411f13adce7@group-6BA2059DE0D3:LeaderElection11] INFO  impl.LeaderElection (LeaderElection.java:askForVotes(182)) - 5e8efae4-1bfc-4920-bedf-2411f13adce7@group-6BA2059DE0D3:LeaderElection11: begin an election at term 1 for -1: [5e8efae4-1bfc-4920-bedf-2411f13adce7:192.168.157.234:40706, 84fb3a66-3f41-460d-9e69-4cc62332d47e:192.168.157.234:41202, 0a9353e1-ac44-4328-9be7-ee392af6c194:192.168.157.234:38051], old=null
2019-09-26 15:54:27,535 [0a9353e1-ac44-4328-9be7-ee392af6c194@group-6BA2059DE0D3:LeaderElection12] INFO  impl.LeaderElection (LeaderElection.java:askForVotes(182)) - 0a9353e1-ac44-4328-9be7-ee392af6c194@group-6BA2059DE0D3:LeaderElection12: begin an election at term 1 for -1: [5e8efae4-1bfc-4920-bedf-2411f13adce7:192.168.157.234:40706, 84fb3a66-3f41-460d-9e69-4cc62332d47e:192.168.157.234:41202, 0a9353e1-ac44-4328-9be7-ee392af6c194:192.168.157.234:38051], old=null
2019-09-26 15:54:27,565 [Thread-327] INFO  impl.FollowerState (FollowerState.java:run(106)) - 1b3d0591-2738-428f-9259-44499a4c704f:group-E19CBEF779EE changes to CANDIDATE, lastRpcTime:5019, electionTimeout:5004ms
2019-09-26 15:54:27,570 [Thread-327] INFO  impl.RoleInfo (RoleInfo.java:shutdownFollowerState(121)) - 1b3d0591-2738-428f-9259-44499a4c704f: shutdown FollowerState
2019-09-26 15:54:27,573 [Thread-327] INFO  impl.RaftServerImpl (RaftServerImpl.java:setRole(174)) - 1b3d0591-2738-428f-9259-44499a4c704f@group-E19CBEF779EE: changes role from  FOLLOWER to CANDIDATE at term 0 for changeToCandidate
2019-09-26 15:54:27,573 [Thread-327] INFO  impl.RoleInfo (RoleInfo.java:updateAndGet(143)) - 1b3d0591-2738-428f-9259-44499a4c704f: start LeaderElection
2019-09-26 15:54:27,603 [1b3d0591-2738-428f-9259-44499a4c704f@group-E19CBEF779EE:LeaderElection13] INFO  impl.LeaderElection (LeaderElection.java:askForVotes(182)) - 1b3d0591-2738-428f-9259-44499a4c704f@group-E19CBEF779EE:LeaderElection13: begin an election at term 1 for -1: [b1b47c16-4b16-47f9-8a1c-bd43cd9891d3:192.168.157.234:40890, 1b3d0591-2738-428f-9259-44499a4c704f:192.168.157.234:35407, 1db74e33-95b2-4a02-afc0-c3b777a2f5f7:192.168.157.234:42936], old=null
2019-09-26 15:54:27,621 [grpc-default-executor-3] INFO  impl.RaftServerImpl (RaftServerImpl.java:setRole(174)) - 84fb3a66-3f41-460d-9e69-4cc62332d47e@group-6BA2059DE0D3: changes role from  FOLLOWER to FOLLOWER at term 1 for recognizeCandidate:0a9353e1-ac44-4328-9be7-ee392af6c194
2019-09-26 15:54:27,622 [grpc-default-executor-3] INFO  impl.RoleInfo (RoleInfo.java:shutdownFollowerState(121)) - 84fb3a66-3f41-460d-9e69-4cc62332d47e: shutdown FollowerState
2019-09-26 15:54:27,622 [grpc-default-executor-3] INFO  impl.RoleInfo (RoleInfo.java:updateAndGet(143)) - 84fb3a66-3f41-460d-9e69-4cc62332d47e: start FollowerState
2019-09-26 15:54:27,622 [Thread-318] INFO  impl.FollowerState (FollowerState.java:run(115)) - 84fb3a66-3f41-460d-9e69-4cc62332d47e: FollowerState was interrupted: java.lang.InterruptedException: sleep interrupted
2019-09-26 15:54:27,648 [grpc-default-executor-0] INFO  impl.RaftServerImpl (RaftServerImpl.java:setRole(174)) - b1b47c16-4b16-47f9-8a1c-bd43cd9891d3@group-E19CBEF779EE: changes role from  FOLLOWER to FOLLOWER at term 1 for recognizeCandidate:1b3d0591-2738-428f-9259-44499a4c704f
2019-09-26 15:54:27,648 [grpc-default-executor-2] INFO  impl.RaftServerImpl (RaftServerImpl.java:setRole(174)) - 1db74e33-95b2-4a02-afc0-c3b777a2f5f7@group-E19CBEF779EE: changes role from  FOLLOWER to FOLLOWER at term 1 for recognizeCandidate:1b3d0591-2738-428f-9259-44499a4c704f
2019-09-26 15:54:27,648 [grpc-default-executor-0] INFO  impl.RoleInfo (RoleInfo.java:shutdownFollowerState(121)) - b1b47c16-4b16-47f9-8a1c-bd43cd9891d3: shutdown FollowerState
2019-09-26 15:54:27,648 [grpc-default-executor-2] INFO  impl.RoleInfo (RoleInfo.java:shutdownFollowerState(121)) - 1db74e33-95b2-4a02-afc0-c3b777a2f5f7: shutdown FollowerState
2019-09-26 15:54:27,648 [Thread-329] INFO  impl.FollowerState (FollowerState.java:run(115)) - b1b47c16-4b16-47f9-8a1c-bd43cd9891d3: FollowerState was interrupted: java.lang.InterruptedException: sleep interrupted
2019-09-26 15:54:27,648 [Thread-330] INFO  impl.FollowerState (FollowerState.java:run(115)) - 1db74e33-95b2-4a02-afc0-c3b777a2f5f7: FollowerState was interrupted: java.lang.InterruptedException: sleep interrupted
2019-09-26 15:54:27,648 [grpc-default-executor-0] INFO  impl.RoleInfo (RoleInfo.java:updateAndGet(143)) - b1b47c16-4b16-47f9-8a1c-bd43cd9891d3: start FollowerState
2019-09-26 15:54:27,648 [grpc-default-executor-2] INFO  impl.RoleInfo (RoleInfo.java:updateAndGet(143)) - 1db74e33-95b2-4a02-afc0-c3b777a2f5f7: start FollowerState
2019-09-26 15:54:27,659 [0a9353e1-ac44-4328-9be7-ee392af6c194@group-6BA2059DE0D3:LeaderElection12] INFO  impl.LeaderElection (LeaderElection.java:logAndReturn(56)) - 0a9353e1-ac44-4328-9be7-ee392af6c194@group-6BA2059DE0D3:LeaderElection12: Election PASSED; received 2 response(s) [0a9353e1-ac44-4328-9be7-ee392af6c194<-5e8efae4-1bfc-4920-bedf-2411f13adce7#0:FAIL-t1, 0a9353e1-ac44-4328-9be7-ee392af6c194<-84fb3a66-3f41-460d-9e69-4cc62332d47e#0:OK-t1] and 0 exception(s); 0a9353e1-ac44-4328-9be7-ee392af6c194@group-6BA2059DE0D3:t1, leader=null, voted=0a9353e1-ac44-4328-9be7-ee392af6c194, raftlog=0a9353e1-ac44-4328-9be7-ee392af6c194@group-6BA2059DE0D3-SegmentedRaftLog:OPENED:c-1,f-1,i0, conf=-1: [5e8efae4-1bfc-4920-bedf-2411f13adce7:192.168.157.234:40706, 84fb3a66-3f41-460d-9e69-4cc62332d47e:192.168.157.234:41202, 0a9353e1-ac44-4328-9be7-ee392af6c194:192.168.157.234:38051], old=null
2019-09-26 15:54:27,659 [5e8efae4-1bfc-4920-bedf-2411f13adce7@group-6BA2059DE0D3:LeaderElection11] INFO  impl.LeaderElection (LeaderElection.java:logAndReturn(56)) - 5e8efae4-1bfc-4920-bedf-2411f13adce7@group-6BA2059DE0D3:LeaderElection11: Election REJECTED; received 2 response(s) [5e8efae4-1bfc-4920-bedf-2411f13adce7<-84fb3a66-3f41-460d-9e69-4cc62332d47e#0:FAIL-t1, 5e8efae4-1bfc-4920-bedf-2411f13adce7<-0a9353e1-ac44-4328-9be7-ee392af6c194#0:FAIL-t1] and 0 exception(s); 5e8efae4-1bfc-4920-bedf-2411f13adce7@group-6BA2059DE0D3:t1, leader=null, voted=5e8efae4-1bfc-4920-bedf-2411f13adce7, raftlog=5e8efae4-1bfc-4920-bedf-2411f13adce7@group-6BA2059DE0D3-SegmentedRaftLog:OPENED:c-1,f-1,i0, conf=-1: [5e8efae4-1bfc-4920-bedf-2411f13adce7:192.168.157.234:40706, 84fb3a66-3f41-460d-9e69-4cc62332d47e:192.168.157.234:41202, 0a9353e1-ac44-4328-9be7-ee392af6c194:192.168.157.234:38051], old=null
2019-09-26 15:54:27,659 [0a9353e1-ac44-4328-9be7-ee392af6c194@group-6BA2059DE0D3:LeaderElection12] INFO  impl.RoleInfo (RoleInfo.java:shutdownLeaderElection(134)) - 0a9353e1-ac44-4328-9be7-ee392af6c194: shutdown LeaderElection
2019-09-26 15:54:27,665 [5e8efae4-1bfc-4920-bedf-2411f13adce7@group-6BA2059DE0D3:LeaderElection11] INFO  impl.RaftServerImpl (RaftServerImpl.java:setRole(174)) - 5e8efae4-1bfc-4920-bedf-2411f13adce7@group-6BA2059DE0D3: changes role from CANDIDATE to FOLLOWER at term 1 for DISCOVERED_A_NEW_TERM
2019-09-26 15:54:27,667 [0a9353e1-ac44-4328-9be7-ee392af6c194@group-6BA2059DE0D3:LeaderElection12] INFO  impl.RaftServerImpl (RaftServerImpl.java:setRole(174)) - 0a9353e1-ac44-4328-9be7-ee392af6c194@group-6BA2059DE0D3: changes role from CANDIDATE to LEADER at term 1 for changeToLeader
2019-09-26 15:54:27,667 [5e8efae4-1bfc-4920-bedf-2411f13adce7@group-6BA2059DE0D3:LeaderElection11] INFO  impl.RoleInfo (RoleInfo.java:shutdownLeaderElection(134)) - 5e8efae4-1bfc-4920-bedf-2411f13adce7: shutdown LeaderElection
2019-09-26 15:54:27,667 [0a9353e1-ac44-4328-9be7-ee392af6c194@group-6BA2059DE0D3:LeaderElection12] INFO  impl.RaftServerImpl (ServerState.java:setLeader(253)) - 0a9353e1-ac44-4328-9be7-ee392af6c194@group-6BA2059DE0D3: change Leader from null to 0a9353e1-ac44-4328-9be7-ee392af6c194 at term 1 for becomeLeader, leader elected after 5239ms
2019-09-26 15:54:27,667 [5e8efae4-1bfc-4920-bedf-2411f13adce7@group-6BA2059DE0D3:LeaderElection11] INFO  impl.RoleInfo (RoleInfo.java:updateAndGet(143)) - 5e8efae4-1bfc-4920-bedf-2411f13adce7: start FollowerState
2019-09-26 15:54:27,667 [0a9353e1-ac44-4328-9be7-ee392af6c194@group-6BA2059DE0D3:LeaderElection12] INFO  server.RaftServerConfigKeys (ConfUtils.java:logGet(43)) - raft.server.staging.catchup.gap = 1000 (default)
2019-09-26 15:54:27,671 [0a9353e1-ac44-4328-9be7-ee392af6c194@group-6BA2059DE0D3:LeaderElection12] INFO  server.RaftServerConfigKeys (ConfUtils.java:logGet(43)) - raft.server.rpc.sleep.time = 25ms (default)
2019-09-26 15:54:27,671 [0a9353e1-ac44-4328-9be7-ee392af6c194@group-6BA2059DE0D3:LeaderElection12] INFO  server.RaftServerConfigKeys (ConfUtils.java:logGet(43)) - raft.server.write.element-limit = 4096 (default)
2019-09-26 15:54:27,671 [0a9353e1-ac44-4328-9be7-ee392af6c194@group-6BA2059DE0D3:LeaderElection12] INFO  server.RaftServerConfigKeys (ConfUtils.java:logGet(43)) - raft.server.watch.timeout = 10s (default)
2019-09-26 15:54:27,671 [0a9353e1-ac44-4328-9be7-ee392af6c194@group-6BA2059DE0D3:LeaderElection12] INFO  server.RaftServerConfigKeys (ConfUtils.java:logGet(43)) - raft.server.watch.timeout.denomination = 1s (default)
2019-09-26 15:54:27,671 [0a9353e1-ac44-4328-9be7-ee392af6c194@group-6BA2059DE0D3:LeaderElection12] INFO  server.RaftServerConfigKeys (ConfUtils.java:logGet(43)) - raft.server.watch.element-limit = 65536 (default)
2019-09-26 15:54:27,675 [1b3d0591-2738-428f-9259-44499a4c704f@group-E19CBEF779EE:LeaderElection13] INFO  impl.LeaderElection (LeaderElection.java:logAndReturn(56)) - 1b3d0591-2738-428f-9259-44499a4c704f@group-E19CBEF779EE:LeaderElection13: Election PASSED; received 1 response(s) [1b3d0591-2738-428f-9259-44499a4c704f<-b1b47c16-4b16-47f9-8a1c-bd43cd9891d3#0:OK-t1] and 0 exception(s); 1b3d0591-2738-428f-9259-44499a4c704f@group-E19CBEF779EE:t1, leader=null, voted=1b3d0591-2738-428f-9259-44499a4c704f, raftlog=1b3d0591-2738-428f-9259-44499a4c704f@group-E19CBEF779EE-SegmentedRaftLog:OPENED:c-1,f-1,i0, conf=-1: [b1b47c16-4b16-47f9-8a1c-bd43cd9891d3:192.168.157.234:40890, 1b3d0591-2738-428f-9259-44499a4c704f:192.168.157.234:35407, 1db74e33-95b2-4a02-afc0-c3b777a2f5f7:192.168.157.234:42936], old=null
2019-09-26 15:54:27,676 [1b3d0591-2738-428f-9259-44499a4c704f@group-E19CBEF779EE:LeaderElection13] INFO  impl.RoleInfo (RoleInfo.java:shutdownLeaderElection(134)) - 1b3d0591-2738-428f-9259-44499a4c704f: shutdown LeaderElection
2019-09-26 15:54:27,679 [1b3d0591-2738-428f-9259-44499a4c704f@group-E19CBEF779EE:LeaderElection13] INFO  impl.RaftServerImpl (RaftServerImpl.java:setRole(174)) - 1b3d0591-2738-428f-9259-44499a4c704f@group-E19CBEF779EE: changes role from CANDIDATE to LEADER at term 1 for changeToLeader
2019-09-26 15:54:27,679 [1b3d0591-2738-428f-9259-44499a4c704f@group-E19CBEF779EE:LeaderElection13] INFO  impl.RaftServerImpl (ServerState.java:setLeader(253)) - 1b3d0591-2738-428f-9259-44499a4c704f@group-E19CBEF779EE: change Leader from null to 1b3d0591-2738-428f-9259-44499a4c704f at term 1 for becomeLeader, leader elected after 5153ms
2019-09-26 15:54:27,679 [1b3d0591-2738-428f-9259-44499a4c704f@group-E19CBEF779EE:LeaderElection13] INFO  server.RaftServerConfigKeys (ConfUtils.java:logGet(43)) - raft.server.staging.catchup.gap = 1000 (default)
2019-09-26 15:54:27,679 [1b3d0591-2738-428f-9259-44499a4c704f@group-E19CBEF779EE:LeaderElection13] INFO  server.RaftServerConfigKeys (ConfUtils.java:logGet(43)) - raft.server.rpc.sleep.time = 25ms (default)
2019-09-26 15:54:27,680 [1b3d0591-2738-428f-9259-44499a4c704f@group-E19CBEF779EE:LeaderElection13] INFO  server.RaftServerConfigKeys (ConfUtils.java:logGet(43)) - raft.server.write.element-limit = 4096 (default)
2019-09-26 15:54:27,680 [1b3d0591-2738-428f-9259-44499a4c704f@group-E19CBEF779EE:LeaderElection13] INFO  server.RaftServerConfigKeys (ConfUtils.java:logGet(43)) - raft.server.watch.timeout = 10s (default)
2019-09-26 15:54:27,680 [1b3d0591-2738-428f-9259-44499a4c704f@group-E19CBEF779EE:LeaderElection13] INFO  server.RaftServerConfigKeys (ConfUtils.java:logGet(43)) - raft.server.watch.timeout.denomination = 1s (default)
2019-09-26 15:54:27,680 [1b3d0591-2738-428f-9259-44499a4c704f@group-E19CBEF779EE:LeaderElection13] INFO  server.RaftServerConfigKeys (ConfUtils.java:logGet(43)) - raft.server.watch.element-limit = 65536 (default)
2019-09-26 15:54:27,683 [0a9353e1-ac44-4328-9be7-ee392af6c194@group-6BA2059DE0D3:LeaderElection12] INFO  server.RaftServerConfigKeys (ConfUtils.java:logGet(43)) - raft.server.log.appender.snapshot.chunk.size.max = 16MB (=16777216) (default)
2019-09-26 15:54:27,683 [1b3d0591-2738-428f-9259-44499a4c704f@group-E19CBEF779EE:LeaderElection13] INFO  server.RaftServerConfigKeys (ConfUtils.java:logGet(43)) - raft.server.log.appender.snapshot.chunk.size.max = 16MB (=16777216) (default)
2019-09-26 15:54:27,685 [0a9353e1-ac44-4328-9be7-ee392af6c194@group-6BA2059DE0D3:LeaderElection12] INFO  server.RaftServerConfigKeys (ConfUtils.java:logGet(43)) - raft.server.log.appender.buffer.byte-limit = 33554432 (custom)
2019-09-26 15:54:27,685 [1b3d0591-2738-428f-9259-44499a4c704f@group-E19CBEF779EE:LeaderElection13] INFO  server.RaftServerConfigKeys (ConfUtils.java:logGet(43)) - raft.server.log.appender.buffer.byte-limit = 33554432 (custom)
2019-09-26 15:54:27,685 [0a9353e1-ac44-4328-9be7-ee392af6c194@group-6BA2059DE0D3:LeaderElection12] INFO  server.RaftServerConfigKeys (ConfUtils.java:logGet(43)) - raft.server.log.appender.buffer.element-limit = 1 (custom)
2019-09-26 15:54:27,685 [1b3d0591-2738-428f-9259-44499a4c704f@group-E19CBEF779EE:LeaderElection13] INFO  server.RaftServerConfigKeys (ConfUtils.java:logGet(43)) - raft.server.log.appender.buffer.element-limit = 1 (custom)
2019-09-26 15:54:27,689 [1b3d0591-2738-428f-9259-44499a4c704f@group-E19CBEF779EE:LeaderElection13] INFO  grpc.GrpcConfigKeys$Server (ConfUtils.java:logGet(43)) - raft.grpc.server.leader.outstanding.appends.max = 128 (default)
2019-09-26 15:54:27,689 [0a9353e1-ac44-4328-9be7-ee392af6c194@group-6BA2059DE0D3:LeaderElection12] INFO  grpc.GrpcConfigKeys$Server (ConfUtils.java:logGet(43)) - raft.grpc.server.leader.outstanding.appends.max = 128 (default)
2019-09-26 15:54:27,691 [1b3d0591-2738-428f-9259-44499a4c704f@group-E19CBEF779EE:LeaderElection13] INFO  server.RaftServerConfigKeys (ConfUtils.java:logGet(43)) - raft.server.rpc.request.timeout = 3000ms (default)
2019-09-26 15:54:27,691 [0a9353e1-ac44-4328-9be7-ee392af6c194@group-6BA2059DE0D3:LeaderElection12] INFO  server.RaftServerConfigKeys (ConfUtils.java:logGet(43)) - raft.server.rpc.request.timeout = 3000ms (default)
2019-09-26 15:54:27,691 [1b3d0591-2738-428f-9259-44499a4c704f@group-E19CBEF779EE:LeaderElection13] INFO  server.RaftServerConfigKeys (ConfUtils.java:logGet(43)) - raft.server.log.appender.install.snapshot.enabled = false (custom)
2019-09-26 15:54:27,691 [0a9353e1-ac44-4328-9be7-ee392af6c194@group-6BA2059DE0D3:LeaderElection12] INFO  server.RaftServerConfigKeys (ConfUtils.java:logGet(43)) - raft.server.log.appender.install.snapshot.enabled = false (custom)
2019-09-26 15:54:27,692 [1b3d0591-2738-428f-9259-44499a4c704f@group-E19CBEF779EE:LeaderElection13] INFO  server.RaftServerConfigKeys (ConfUtils.java:logGet(43)) - raft.server.log.appender.snapshot.chunk.size.max = 16MB (=16777216) (default)
2019-09-26 15:54:27,692 [0a9353e1-ac44-4328-9be7-ee392af6c194@group-6BA2059DE0D3:LeaderElection12] INFO  server.RaftServerConfigKeys (ConfUtils.java:logGet(43)) - raft.server.log.appender.snapshot.chunk.size.max = 16MB (=16777216) (default)
2019-09-26 15:54:27,692 [1b3d0591-2738-428f-9259-44499a4c704f@group-E19CBEF779EE:LeaderElection13] INFO  server.RaftServerConfigKeys (ConfUtils.java:logGet(43)) - raft.server.log.appender.buffer.byte-limit = 33554432 (custom)
2019-09-26 15:54:27,693 [0a9353e1-ac44-4328-9be7-ee392af6c194@group-6BA2059DE0D3:LeaderElection12] INFO  server.RaftServerConfigKeys (ConfUtils.java:logGet(43)) - raft.server.log.appender.buffer.byte-limit = 33554432 (custom)
2019-09-26 15:54:27,693 [1b3d0591-2738-428f-9259-44499a4c704f@group-E19CBEF779EE:LeaderElection13] INFO  server.RaftServerConfigKeys (ConfUtils.java:logGet(43)) - raft.server.log.appender.buffer.element-limit = 1 (custom)
2019-09-26 15:54:27,693 [0a9353e1-ac44-4328-9be7-ee392af6c194@group-6BA2059DE0D3:LeaderElection12] INFO  server.RaftServerConfigKeys (ConfUtils.java:logGet(43)) - raft.server.log.appender.buffer.element-limit = 1 (custom)
2019-09-26 15:54:27,693 [1b3d0591-2738-428f-9259-44499a4c704f@group-E19CBEF779EE:LeaderElection13] INFO  grpc.GrpcConfigKeys$Server (ConfUtils.java:logGet(43)) - raft.grpc.server.leader.outstanding.appends.max = 128 (default)
2019-09-26 15:54:27,693 [0a9353e1-ac44-4328-9be7-ee392af6c194@group-6BA2059DE0D3:LeaderElection12] INFO  grpc.GrpcConfigKeys$Server (ConfUtils.java:logGet(43)) - raft.grpc.server.leader.outstanding.appends.max = 128 (default)
2019-09-26 15:54:27,693 [1b3d0591-2738-428f-9259-44499a4c704f@group-E19CBEF779EE:LeaderElection13] INFO  server.RaftServerConfigKeys (ConfUtils.java:logGet(43)) - raft.server.rpc.request.timeout = 3000ms (default)
2019-09-26 15:54:27,693 [0a9353e1-ac44-4328-9be7-ee392af6c194@group-6BA2059DE0D3:LeaderElection12] INFO  server.RaftServerConfigKeys (ConfUtils.java:logGet(43)) - raft.server.rpc.request.timeout = 3000ms (default)
2019-09-26 15:54:27,693 [1b3d0591-2738-428f-9259-44499a4c704f@group-E19CBEF779EE:LeaderElection13] INFO  server.RaftServerConfigKeys (ConfUtils.java:logGet(43)) - raft.server.log.appender.install.snapshot.enabled = false (custom)
2019-09-26 15:54:27,694 [0a9353e1-ac44-4328-9be7-ee392af6c194@group-6BA2059DE0D3:LeaderElection12] INFO  server.RaftServerConfigKeys (ConfUtils.java:logGet(43)) - raft.server.log.appender.install.snapshot.enabled = false (custom)
2019-09-26 15:54:27,697 [0a9353e1-ac44-4328-9be7-ee392af6c194@group-6BA2059DE0D3:LeaderElection12] INFO  impl.RoleInfo (RoleInfo.java:updateAndGet(143)) - 0a9353e1-ac44-4328-9be7-ee392af6c194: start LeaderState
2019-09-26 15:54:27,697 [1b3d0591-2738-428f-9259-44499a4c704f@group-E19CBEF779EE:LeaderElection13] INFO  impl.RoleInfo (RoleInfo.java:updateAndGet(143)) - 1b3d0591-2738-428f-9259-44499a4c704f: start LeaderState
2019-09-26 15:54:27,697 [1b3d0591-2738-428f-9259-44499a4c704f@group-E19CBEF779EE:LeaderElection13] INFO  segmented.SegmentedRaftLogWorker (SegmentedRaftLogWorker.java:startLogSegment(380)) - 1b3d0591-2738-428f-9259-44499a4c704f@group-E19CBEF779EE-SegmentedRaftLogWorker: Starting segment from index:0
2019-09-26 15:54:27,697 [0a9353e1-ac44-4328-9be7-ee392af6c194@group-6BA2059DE0D3:LeaderElection12] INFO  segmented.SegmentedRaftLogWorker (SegmentedRaftLogWorker.java:startLogSegment(380)) - 0a9353e1-ac44-4328-9be7-ee392af6c194@group-6BA2059DE0D3-SegmentedRaftLogWorker: Starting segment from index:0
2019-09-26 15:54:27,698 [1b3d0591-2738-428f-9259-44499a4c704f@group-E19CBEF779EE:LeaderElection13] INFO  impl.RaftServerImpl (ServerState.java:setRaftConf(354)) - 1b3d0591-2738-428f-9259-44499a4c704f@group-E19CBEF779EE: set configuration 0: [b1b47c16-4b16-47f9-8a1c-bd43cd9891d3:192.168.157.234:40890, 1b3d0591-2738-428f-9259-44499a4c704f:192.168.157.234:35407, 1db74e33-95b2-4a02-afc0-c3b777a2f5f7:192.168.157.234:42936], old=null at 0
2019-09-26 15:54:27,698 [0a9353e1-ac44-4328-9be7-ee392af6c194@group-6BA2059DE0D3:LeaderElection12] INFO  impl.RaftServerImpl (ServerState.java:setRaftConf(354)) - 0a9353e1-ac44-4328-9be7-ee392af6c194@group-6BA2059DE0D3: set configuration 0: [5e8efae4-1bfc-4920-bedf-2411f13adce7:192.168.157.234:40706, 84fb3a66-3f41-460d-9e69-4cc62332d47e:192.168.157.234:41202, 0a9353e1-ac44-4328-9be7-ee392af6c194:192.168.157.234:38051], old=null at 0
2019-09-26 15:54:27,730 [Thread-339] INFO  impl.FollowerState (FollowerState.java:run(106)) - 64635f80-cc5b-405f-98b2-f991c2a0e60e:group-D67BCD275C49 changes to CANDIDATE, lastRpcTime:5073, electionTimeout:5056ms
2019-09-26 15:54:27,732 [Thread-339] INFO  impl.RoleInfo (RoleInfo.java:shutdownFollowerState(121)) - 64635f80-cc5b-405f-98b2-f991c2a0e60e: shutdown FollowerState
2019-09-26 15:54:27,732 [Thread-339] INFO  impl.RaftServerImpl (RaftServerImpl.java:setRole(174)) - 64635f80-cc5b-405f-98b2-f991c2a0e60e@group-D67BCD275C49: changes role from  FOLLOWER to CANDIDATE at term 0 for changeToCandidate
2019-09-26 15:54:27,732 [Thread-339] INFO  impl.RoleInfo (RoleInfo.java:updateAndGet(143)) - 64635f80-cc5b-405f-98b2-f991c2a0e60e: start LeaderElection
2019-09-26 15:54:27,750 [Thread-334] INFO  impl.FollowerState (FollowerState.java:run(106)) - 277796b0-7c1f-4e5e-9d69-130dc6003588:group-D67BCD275C49 changes to CANDIDATE, lastRpcTime:5108, electionTimeout:5108ms
2019-09-26 15:54:27,750 [Thread-334] INFO  impl.RoleInfo (RoleInfo.java:shutdownFollowerState(121)) - 277796b0-7c1f-4e5e-9d69-130dc6003588: shutdown FollowerState
2019-09-26 15:54:27,750 [Thread-334] INFO  impl.RaftServerImpl (RaftServerImpl.java:setRole(174)) - 277796b0-7c1f-4e5e-9d69-130dc6003588@group-D67BCD275C49: changes role from  FOLLOWER to CANDIDATE at term 0 for changeToCandidate
2019-09-26 15:54:27,750 [Thread-334] INFO  impl.RoleInfo (RoleInfo.java:updateAndGet(143)) - 277796b0-7c1f-4e5e-9d69-130dc6003588: start LeaderElection
2019-09-26 15:54:27,763 [0a9353e1-ac44-4328-9be7-ee392af6c194@group-6BA2059DE0D3-SegmentedRaftLogWorker] INFO  segmented.SegmentedRaftLogWorker (SegmentedRaftLogWorker.java:execute(569)) - 0a9353e1-ac44-4328-9be7-ee392af6c194@group-6BA2059DE0D3-SegmentedRaftLogWorker: created new log segment /workdir/hadoop-ozone/integration-test/target/test-dir/MiniOzoneClusterImpl-b52dc576-3a90-4436-b01d-af36ccb82095/datanode-9/data/ratis/91b8609f-353b-4f3b-81b5-6ba2059de0d3/current/log_inprogress_0
2019-09-26 15:54:27,763 [1b3d0591-2738-428f-9259-44499a4c704f@group-E19CBEF779EE-SegmentedRaftLogWorker] INFO  segmented.SegmentedRaftLogWorker (SegmentedRaftLogWorker.java:execute(569)) - 1b3d0591-2738-428f-9259-44499a4c704f@group-E19CBEF779EE-SegmentedRaftLogWorker: created new log segment /workdir/hadoop-ozone/integration-test/target/test-dir/MiniOzoneClusterImpl-b52dc576-3a90-4436-b01d-af36ccb82095/datanode-4/data/ratis/c0da0010-0168-4e1a-9700-e19cbef779ee/current/log_inprogress_0
2019-09-26 15:54:27,764 [64635f80-cc5b-405f-98b2-f991c2a0e60e@group-D67BCD275C49:LeaderElection14] INFO  impl.LeaderElection (LeaderElection.java:askForVotes(182)) - 64635f80-cc5b-405f-98b2-f991c2a0e60e@group-D67BCD275C49:LeaderElection14: begin an election at term 1 for -1: [277796b0-7c1f-4e5e-9d69-130dc6003588:192.168.157.234:40474, f949701e-f635-4de4-9d83-19655f8fd504:192.168.157.234:39702, 64635f80-cc5b-405f-98b2-f991c2a0e60e:192.168.157.234:33176], old=null
2019-09-26 15:54:27,777 [grpc-default-executor-1] INFO  impl.RaftServerImpl (ServerState.java:setLeader(253)) - b1b47c16-4b16-47f9-8a1c-bd43cd9891d3@group-E19CBEF779EE: change Leader from null to 1b3d0591-2738-428f-9259-44499a4c704f at term 1 for appendEntries, leader elected after 5250ms
2019-09-26 15:54:27,777 [grpc-default-executor-2] INFO  impl.RaftServerImpl (ServerState.java:setLeader(253)) - 1db74e33-95b2-4a02-afc0-c3b777a2f5f7@group-E19CBEF779EE: change Leader from null to 1b3d0591-2738-428f-9259-44499a4c704f at term 1 for appendEntries, leader elected after 5250ms
2019-09-26 15:54:27,777 [grpc-default-executor-0] INFO  impl.RaftServerImpl (ServerState.java:setLeader(253)) - 84fb3a66-3f41-460d-9e69-4cc62332d47e@group-6BA2059DE0D3: change Leader from null to 0a9353e1-ac44-4328-9be7-ee392af6c194 at term 1 for appendEntries, leader elected after 5349ms
2019-09-26 15:54:27,777 [277796b0-7c1f-4e5e-9d69-130dc6003588@group-D67BCD275C49:LeaderElection15] INFO  impl.LeaderElection (LeaderElection.java:askForVotes(182)) - 277796b0-7c1f-4e5e-9d69-130dc6003588@group-D67BCD275C49:LeaderElection15: begin an election at term 1 for -1: [277796b0-7c1f-4e5e-9d69-130dc6003588:192.168.157.234:40474, f949701e-f635-4de4-9d83-19655f8fd504:192.168.157.234:39702, 64635f80-cc5b-405f-98b2-f991c2a0e60e:192.168.157.234:33176], old=null
2019-09-26 15:54:27,777 [grpc-default-executor-3] INFO  impl.RaftServerImpl (ServerState.java:setLeader(253)) - 5e8efae4-1bfc-4920-bedf-2411f13adce7@group-6BA2059DE0D3: change Leader from null to 0a9353e1-ac44-4328-9be7-ee392af6c194 at term 1 for appendEntries, leader elected after 5349ms
2019-09-26 15:54:27,798 [grpc-default-executor-5] INFO  impl.RaftServerImpl (RaftServerImpl.java:setRole(174)) - f949701e-f635-4de4-9d83-19655f8fd504@group-D67BCD275C49: changes role from  FOLLOWER to FOLLOWER at term 1 for recognizeCandidate:64635f80-cc5b-405f-98b2-f991c2a0e60e
2019-09-26 15:54:27,798 [grpc-default-executor-5] INFO  impl.RoleInfo (RoleInfo.java:shutdownFollowerState(121)) - f949701e-f635-4de4-9d83-19655f8fd504: shutdown FollowerState
2019-09-26 15:54:27,798 [grpc-default-executor-5] INFO  impl.RoleInfo (RoleInfo.java:updateAndGet(143)) - f949701e-f635-4de4-9d83-19655f8fd504: start FollowerState
2019-09-26 15:54:27,798 [Thread-338] INFO  impl.FollowerState (FollowerState.java:run(115)) - f949701e-f635-4de4-9d83-19655f8fd504: FollowerState was interrupted: java.lang.InterruptedException: sleep interrupted
2019-09-26 15:54:27,819 [64635f80-cc5b-405f-98b2-f991c2a0e60e@group-D67BCD275C49:LeaderElection14] INFO  impl.LeaderElection (LeaderElection.java:logAndReturn(56)) - 64635f80-cc5b-405f-98b2-f991c2a0e60e@group-D67BCD275C49:LeaderElection14: Election PASSED; received 2 response(s) [64635f80-cc5b-405f-98b2-f991c2a0e60e<-277796b0-7c1f-4e5e-9d69-130dc6003588#0:FAIL-t1, 64635f80-cc5b-405f-98b2-f991c2a0e60e<-f949701e-f635-4de4-9d83-19655f8fd504#0:OK-t1] and 0 exception(s); 64635f80-cc5b-405f-98b2-f991c2a0e60e@group-D67BCD275C49:t1, leader=null, voted=64635f80-cc5b-405f-98b2-f991c2a0e60e, raftlog=64635f80-cc5b-405f-98b2-f991c2a0e60e@group-D67BCD275C49-SegmentedRaftLog:OPENED:c-1,f-1,i0, conf=-1: [277796b0-7c1f-4e5e-9d69-130dc6003588:192.168.157.234:40474, f949701e-f635-4de4-9d83-19655f8fd504:192.168.157.234:39702, 64635f80-cc5b-405f-98b2-f991c2a0e60e:192.168.157.234:33176], old=null
2019-09-26 15:54:27,819 [277796b0-7c1f-4e5e-9d69-130dc6003588@group-D67BCD275C49:LeaderElection15] INFO  impl.LeaderElection (LeaderElection.java:logAndReturn(56)) - 277796b0-7c1f-4e5e-9d69-130dc6003588@group-D67BCD275C49:LeaderElection15: Election REJECTED; received 2 response(s) [277796b0-7c1f-4e5e-9d69-130dc6003588<-f949701e-f635-4de4-9d83-19655f8fd504#0:FAIL-t1, 277796b0-7c1f-4e5e-9d69-130dc6003588<-64635f80-cc5b-405f-98b2-f991c2a0e60e#0:FAIL-t1] and 0 exception(s); 277796b0-7c1f-4e5e-9d69-130dc6003588@group-D67BCD275C49:t1, leader=null, voted=277796b0-7c1f-4e5e-9d69-130dc6003588, raftlog=277796b0-7c1f-4e5e-9d69-130dc6003588@group-D67BCD275C49-SegmentedRaftLog:OPENED:c-1,f-1,i0, conf=-1: [277796b0-7c1f-4e5e-9d69-130dc6003588:192.168.157.234:40474, f949701e-f635-4de4-9d83-19655f8fd504:192.168.157.234:39702, 64635f80-cc5b-405f-98b2-f991c2a0e60e:192.168.157.234:33176], old=null
2019-09-26 15:54:27,819 [64635f80-cc5b-405f-98b2-f991c2a0e60e@group-D67BCD275C49:LeaderElection14] INFO  impl.RoleInfo (RoleInfo.java:shutdownLeaderElection(134)) - 64635f80-cc5b-405f-98b2-f991c2a0e60e: shutdown LeaderElection
2019-09-26 15:54:27,829 [64635f80-cc5b-405f-98b2-f991c2a0e60e@group-D67BCD275C49:LeaderElection14] INFO  impl.RaftServerImpl (RaftServerImpl.java:setRole(174)) - 64635f80-cc5b-405f-98b2-f991c2a0e60e@group-D67BCD275C49: changes role from CANDIDATE to LEADER at term 1 for changeToLeader
2019-09-26 15:54:27,829 [277796b0-7c1f-4e5e-9d69-130dc6003588@group-D67BCD275C49:LeaderElection15] INFO  impl.RaftServerImpl (RaftServerImpl.java:setRole(174)) - 277796b0-7c1f-4e5e-9d69-130dc6003588@group-D67BCD275C49: changes role from CANDIDATE to FOLLOWER at term 1 for DISCOVERED_A_NEW_TERM
2019-09-26 15:54:27,833 [277796b0-7c1f-4e5e-9d69-130dc6003588@group-D67BCD275C49:LeaderElection15] INFO  impl.RoleInfo (RoleInfo.java:shutdownLeaderElection(134)) - 277796b0-7c1f-4e5e-9d69-130dc6003588: shutdown LeaderElection
2019-09-26 15:54:27,829 [64635f80-cc5b-405f-98b2-f991c2a0e60e@group-D67BCD275C49:LeaderElection14] INFO  impl.RaftServerImpl (ServerState.java:setLeader(253)) - 64635f80-cc5b-405f-98b2-f991c2a0e60e@group-D67BCD275C49: change Leader from null to 64635f80-cc5b-405f-98b2-f991c2a0e60e at term 1 for becomeLeader, leader elected after 5181ms
2019-09-26 15:54:27,833 [277796b0-7c1f-4e5e-9d69-130dc6003588@group-D67BCD275C49:LeaderElection15] INFO  impl.RoleInfo (RoleInfo.java:updateAndGet(143)) - 277796b0-7c1f-4e5e-9d69-130dc6003588: start FollowerState
2019-09-26 15:54:27,833 [64635f80-cc5b-405f-98b2-f991c2a0e60e@group-D67BCD275C49:LeaderElection14] INFO  server.RaftServerConfigKeys (ConfUtils.java:logGet(43)) - raft.server.staging.catchup.gap = 1000 (default)
2019-09-26 15:54:27,833 [64635f80-cc5b-405f-98b2-f991c2a0e60e@group-D67BCD275C49:LeaderElection14] INFO  server.RaftServerConfigKeys (ConfUtils.java:logGet(43)) - raft.server.rpc.sleep.time = 25ms (default)
2019-09-26 15:54:27,833 [64635f80-cc5b-405f-98b2-f991c2a0e60e@group-D67BCD275C49:LeaderElection14] INFO  server.RaftServerConfigKeys (ConfUtils.java:logGet(43)) - raft.server.write.element-limit = 4096 (default)
2019-09-26 15:54:27,833 [64635f80-cc5b-405f-98b2-f991c2a0e60e@group-D67BCD275C49:LeaderElection14] INFO  server.RaftServerConfigKeys (ConfUtils.java:logGet(43)) - raft.server.watch.timeout = 10s (default)
2019-09-26 15:54:27,833 [64635f80-cc5b-405f-98b2-f991c2a0e60e@group-D67BCD275C49:LeaderElection14] INFO  server.RaftServerConfigKeys (ConfUtils.java:logGet(43)) - raft.server.watch.timeout.denomination = 1s (default)
2019-09-26 15:54:27,833 [64635f80-cc5b-405f-98b2-f991c2a0e60e@group-D67BCD275C49:LeaderElection14] INFO  server.RaftServerConfigKeys (ConfUtils.java:logGet(43)) - raft.server.watch.element-limit = 65536 (default)
2019-09-26 15:54:27,839 [64635f80-cc5b-405f-98b2-f991c2a0e60e@group-D67BCD275C49:LeaderElection14] INFO  server.RaftServerConfigKeys (ConfUtils.java:logGet(43)) - raft.server.log.appender.snapshot.chunk.size.max = 16MB (=16777216) (default)
2019-09-26 15:54:27,839 [64635f80-cc5b-405f-98b2-f991c2a0e60e@group-D67BCD275C49:LeaderElection14] INFO  server.RaftServerConfigKeys (ConfUtils.java:logGet(43)) - raft.server.log.appender.buffer.byte-limit = 33554432 (custom)
2019-09-26 15:54:27,839 [64635f80-cc5b-405f-98b2-f991c2a0e60e@group-D67BCD275C49:LeaderElection14] INFO  server.RaftServerConfigKeys (ConfUtils.java:logGet(43)) - raft.server.log.appender.buffer.element-limit = 1 (custom)
2019-09-26 15:54:27,839 [64635f80-cc5b-405f-98b2-f991c2a0e60e@group-D67BCD275C49:LeaderElection14] INFO  grpc.GrpcConfigKeys$Server (ConfUtils.java:logGet(43)) - raft.grpc.server.leader.outstanding.appends.max = 128 (default)
2019-09-26 15:54:27,839 [64635f80-cc5b-405f-98b2-f991c2a0e60e@group-D67BCD275C49:LeaderElection14] INFO  server.RaftServerConfigKeys (ConfUtils.java:logGet(43)) - raft.server.rpc.request.timeout = 3000ms (default)
2019-09-26 15:54:27,840 [64635f80-cc5b-405f-98b2-f991c2a0e60e@group-D67BCD275C49:LeaderElection14] INFO  server.RaftServerConfigKeys (ConfUtils.java:logGet(43)) - raft.server.log.appender.install.snapshot.enabled = false (custom)
2019-09-26 15:54:27,840 [64635f80-cc5b-405f-98b2-f991c2a0e60e@group-D67BCD275C49:LeaderElection14] INFO  server.RaftServerConfigKeys (ConfUtils.java:logGet(43)) - raft.server.log.appender.snapshot.chunk.size.max = 16MB (=16777216) (default)
2019-09-26 15:54:27,840 [64635f80-cc5b-405f-98b2-f991c2a0e60e@group-D67BCD275C49:LeaderElection14] INFO  server.RaftServerConfigKeys (ConfUtils.java:logGet(43)) - raft.server.log.appender.buffer.byte-limit = 33554432 (custom)
2019-09-26 15:54:27,840 [64635f80-cc5b-405f-98b2-f991c2a0e60e@group-D67BCD275C49:LeaderElection14] INFO  server.RaftServerConfigKeys (ConfUtils.java:logGet(43)) - raft.server.log.appender.buffer.element-limit = 1 (custom)
2019-09-26 15:54:27,840 [64635f80-cc5b-405f-98b2-f991c2a0e60e@group-D67BCD275C49:LeaderElection14] INFO  grpc.GrpcConfigKeys$Server (ConfUtils.java:logGet(43)) - raft.grpc.server.leader.outstanding.appends.max = 128 (default)
2019-09-26 15:54:27,840 [64635f80-cc5b-405f-98b2-f991c2a0e60e@group-D67BCD275C49:LeaderElection14] INFO  server.RaftServerConfigKeys (ConfUtils.java:logGet(43)) - raft.server.rpc.request.timeout = 3000ms (default)
2019-09-26 15:54:27,840 [64635f80-cc5b-405f-98b2-f991c2a0e60e@group-D67BCD275C49:LeaderElection14] INFO  server.RaftServerConfigKeys (ConfUtils.java:logGet(43)) - raft.server.log.appender.install.snapshot.enabled = false (custom)
2019-09-26 15:54:27,841 [64635f80-cc5b-405f-98b2-f991c2a0e60e@group-D67BCD275C49:LeaderElection14] INFO  impl.RoleInfo (RoleInfo.java:updateAndGet(143)) - 64635f80-cc5b-405f-98b2-f991c2a0e60e: start LeaderState
2019-09-26 15:54:27,841 [64635f80-cc5b-405f-98b2-f991c2a0e60e@group-D67BCD275C49:LeaderElection14] INFO  segmented.SegmentedRaftLogWorker (SegmentedRaftLogWorker.java:startLogSegment(380)) - 64635f80-cc5b-405f-98b2-f991c2a0e60e@group-D67BCD275C49-SegmentedRaftLogWorker: Starting segment from index:0
2019-09-26 15:54:27,842 [64635f80-cc5b-405f-98b2-f991c2a0e60e@group-D67BCD275C49:LeaderElection14] INFO  impl.RaftServerImpl (ServerState.java:setRaftConf(354)) - 64635f80-cc5b-405f-98b2-f991c2a0e60e@group-D67BCD275C49: set configuration 0: [277796b0-7c1f-4e5e-9d69-130dc6003588:192.168.157.234:40474, f949701e-f635-4de4-9d83-19655f8fd504:192.168.157.234:39702, 64635f80-cc5b-405f-98b2-f991c2a0e60e:192.168.157.234:33176], old=null at 0
2019-09-26 15:54:27,857 [grpc-default-executor-5] INFO  impl.RaftServerImpl (ServerState.java:setLeader(253)) - f949701e-f635-4de4-9d83-19655f8fd504@group-D67BCD275C49: change Leader from null to 64635f80-cc5b-405f-98b2-f991c2a0e60e at term 1 for appendEntries, leader elected after 5209ms
2019-09-26 15:54:27,857 [grpc-default-executor-4] INFO  impl.RaftServerImpl (ServerState.java:setLeader(253)) - 277796b0-7c1f-4e5e-9d69-130dc6003588@group-D67BCD275C49: change Leader from null to 64635f80-cc5b-405f-98b2-f991c2a0e60e at term 1 for appendEntries, leader elected after 5223ms
2019-09-26 15:54:27,858 [grpc-default-executor-3] INFO  impl.RaftServerImpl (ServerState.java:setRaftConf(354)) - 5e8efae4-1bfc-4920-bedf-2411f13adce7@group-6BA2059DE0D3: set configuration 0: [5e8efae4-1bfc-4920-bedf-2411f13adce7:192.168.157.234:40706, 84fb3a66-3f41-460d-9e69-4cc62332d47e:192.168.157.234:41202, 0a9353e1-ac44-4328-9be7-ee392af6c194:192.168.157.234:38051], old=null at 0
2019-09-26 15:54:27,858 [grpc-default-executor-0] INFO  impl.RaftServerImpl (ServerState.java:setRaftConf(354)) - 84fb3a66-3f41-460d-9e69-4cc62332d47e@group-6BA2059DE0D3: set configuration 0: [5e8efae4-1bfc-4920-bedf-2411f13adce7:192.168.157.234:40706, 84fb3a66-3f41-460d-9e69-4cc62332d47e:192.168.157.234:41202, 0a9353e1-ac44-4328-9be7-ee392af6c194:192.168.157.234:38051], old=null at 0
2019-09-26 15:54:27,858 [grpc-default-executor-2] INFO  impl.RaftServerImpl (ServerState.java:setRaftConf(354)) - 1db74e33-95b2-4a02-afc0-c3b777a2f5f7@group-E19CBEF779EE: set configuration 0: [b1b47c16-4b16-47f9-8a1c-bd43cd9891d3:192.168.157.234:40890, 1b3d0591-2738-428f-9259-44499a4c704f:192.168.157.234:35407, 1db74e33-95b2-4a02-afc0-c3b777a2f5f7:192.168.157.234:42936], old=null at 0
2019-09-26 15:54:27,858 [grpc-default-executor-6] INFO  impl.RaftServerImpl (ServerState.java:setRaftConf(354)) - b1b47c16-4b16-47f9-8a1c-bd43cd9891d3@group-E19CBEF779EE: set configuration 0: [b1b47c16-4b16-47f9-8a1c-bd43cd9891d3:192.168.157.234:40890, 1b3d0591-2738-428f-9259-44499a4c704f:192.168.157.234:35407, 1db74e33-95b2-4a02-afc0-c3b777a2f5f7:192.168.157.234:42936], old=null at 0
2019-09-26 15:54:27,859 [grpc-default-executor-2] INFO  segmented.SegmentedRaftLogWorker (SegmentedRaftLogWorker.java:startLogSegment(380)) - 1db74e33-95b2-4a02-afc0-c3b777a2f5f7@group-E19CBEF779EE-SegmentedRaftLogWorker: Starting segment from index:0
2019-09-26 15:54:27,859 [grpc-default-executor-0] INFO  segmented.SegmentedRaftLogWorker (SegmentedRaftLogWorker.java:startLogSegment(380)) - 84fb3a66-3f41-460d-9e69-4cc62332d47e@group-6BA2059DE0D3-SegmentedRaftLogWorker: Starting segment from index:0
2019-09-26 15:54:27,858 [grpc-default-executor-3] INFO  segmented.SegmentedRaftLogWorker (SegmentedRaftLogWorker.java:startLogSegment(380)) - 5e8efae4-1bfc-4920-bedf-2411f13adce7@group-6BA2059DE0D3-SegmentedRaftLogWorker: Starting segment from index:0
2019-09-26 15:54:27,859 [grpc-default-executor-6] INFO  segmented.SegmentedRaftLogWorker (SegmentedRaftLogWorker.java:startLogSegment(380)) - b1b47c16-4b16-47f9-8a1c-bd43cd9891d3@group-E19CBEF779EE-SegmentedRaftLogWorker: Starting segment from index:0
2019-09-26 15:54:27,862 [grpc-default-executor-3] INFO  impl.RaftServerImpl (ServerState.java:setRaftConf(354)) - f949701e-f635-4de4-9d83-19655f8fd504@group-D67BCD275C49: set configuration 0: [277796b0-7c1f-4e5e-9d69-130dc6003588:192.168.157.234:40474, f949701e-f635-4de4-9d83-19655f8fd504:192.168.157.234:39702, 64635f80-cc5b-405f-98b2-f991c2a0e60e:192.168.157.234:33176], old=null at 0
2019-09-26 15:54:27,862 [grpc-default-executor-3] INFO  segmented.SegmentedRaftLogWorker (SegmentedRaftLogWorker.java:startLogSegment(380)) - f949701e-f635-4de4-9d83-19655f8fd504@group-D67BCD275C49-SegmentedRaftLogWorker: Starting segment from index:0
2019-09-26 15:54:27,862 [grpc-default-executor-3] INFO  impl.RaftServerImpl (ServerState.java:setRaftConf(354)) - 277796b0-7c1f-4e5e-9d69-130dc6003588@group-D67BCD275C49: set configuration 0: [277796b0-7c1f-4e5e-9d69-130dc6003588:192.168.157.234:40474, f949701e-f635-4de4-9d83-19655f8fd504:192.168.157.234:39702, 64635f80-cc5b-405f-98b2-f991c2a0e60e:192.168.157.234:33176], old=null at 0
2019-09-26 15:54:27,863 [grpc-default-executor-3] INFO  segmented.SegmentedRaftLogWorker (SegmentedRaftLogWorker.java:startLogSegment(380)) - 277796b0-7c1f-4e5e-9d69-130dc6003588@group-D67BCD275C49-SegmentedRaftLogWorker: Starting segment from index:0
2019-09-26 15:54:27,879 [64635f80-cc5b-405f-98b2-f991c2a0e60e@group-D67BCD275C49-SegmentedRaftLogWorker] INFO  segmented.SegmentedRaftLogWorker (SegmentedRaftLogWorker.java:execute(569)) - 64635f80-cc5b-405f-98b2-f991c2a0e60e@group-D67BCD275C49-SegmentedRaftLogWorker: created new log segment /workdir/hadoop-ozone/integration-test/target/test-dir/MiniOzoneClusterImpl-b52dc576-3a90-4436-b01d-af36ccb82095/datanode-8/data/ratis/b50c069c-3d1d-4e02-8a81-d67bcd275c49/current/log_inprogress_0
2019-09-26 15:54:27,893 [5e8efae4-1bfc-4920-bedf-2411f13adce7@group-6BA2059DE0D3-SegmentedRaftLogWorker] INFO  segmented.SegmentedRaftLogWorker (SegmentedRaftLogWorker.java:execute(569)) - 5e8efae4-1bfc-4920-bedf-2411f13adce7@group-6BA2059DE0D3-SegmentedRaftLogWorker: created new log segment /workdir/hadoop-ozone/integration-test/target/test-dir/MiniOzoneClusterImpl-b52dc576-3a90-4436-b01d-af36ccb82095/datanode-7/data/ratis/91b8609f-353b-4f3b-81b5-6ba2059de0d3/current/log_inprogress_0
2019-09-26 15:54:27,893 [277796b0-7c1f-4e5e-9d69-130dc6003588@group-D67BCD275C49-SegmentedRaftLogWorker] INFO  segmented.SegmentedRaftLogWorker (SegmentedRaftLogWorker.java:execute(569)) - 277796b0-7c1f-4e5e-9d69-130dc6003588@group-D67BCD275C49-SegmentedRaftLogWorker: created new log segment /workdir/hadoop-ozone/integration-test/target/test-dir/MiniOzoneClusterImpl-b52dc576-3a90-4436-b01d-af36ccb82095/datanode-0/data/ratis/b50c069c-3d1d-4e02-8a81-d67bcd275c49/current/log_inprogress_0
2019-09-26 15:54:28,060 [f949701e-f635-4de4-9d83-19655f8fd504@group-D67BCD275C49-SegmentedRaftLogWorker] INFO  segmented.SegmentedRaftLogWorker (SegmentedRaftLogWorker.java:execute(569)) - f949701e-f635-4de4-9d83-19655f8fd504@group-D67BCD275C49-SegmentedRaftLogWorker: created new log segment /workdir/hadoop-ozone/integration-test/target/test-dir/MiniOzoneClusterImpl-b52dc576-3a90-4436-b01d-af36ccb82095/datanode-2/data/ratis/b50c069c-3d1d-4e02-8a81-d67bcd275c49/current/log_inprogress_0
2019-09-26 15:54:28,060 [1db74e33-95b2-4a02-afc0-c3b777a2f5f7@group-E19CBEF779EE-SegmentedRaftLogWorker] INFO  segmented.SegmentedRaftLogWorker (SegmentedRaftLogWorker.java:execute(569)) - 1db74e33-95b2-4a02-afc0-c3b777a2f5f7@group-E19CBEF779EE-SegmentedRaftLogWorker: created new log segment /workdir/hadoop-ozone/integration-test/target/test-dir/MiniOzoneClusterImpl-b52dc576-3a90-4436-b01d-af36ccb82095/datanode-5/data/ratis/c0da0010-0168-4e1a-9700-e19cbef779ee/current/log_inprogress_0
2019-09-26 15:54:28,060 [84fb3a66-3f41-460d-9e69-4cc62332d47e@group-6BA2059DE0D3-SegmentedRaftLogWorker] INFO  segmented.SegmentedRaftLogWorker (SegmentedRaftLogWorker.java:execute(569)) - 84fb3a66-3f41-460d-9e69-4cc62332d47e@group-6BA2059DE0D3-SegmentedRaftLogWorker: created new log segment /workdir/hadoop-ozone/integration-test/target/test-dir/MiniOzoneClusterImpl-b52dc576-3a90-4436-b01d-af36ccb82095/datanode-3/data/ratis/91b8609f-353b-4f3b-81b5-6ba2059de0d3/current/log_inprogress_0
2019-09-26 15:54:28,062 [b1b47c16-4b16-47f9-8a1c-bd43cd9891d3@group-E19CBEF779EE-SegmentedRaftLogWorker] INFO  segmented.SegmentedRaftLogWorker (SegmentedRaftLogWorker.java:execute(569)) - b1b47c16-4b16-47f9-8a1c-bd43cd9891d3@group-E19CBEF779EE-SegmentedRaftLogWorker: created new log segment /workdir/hadoop-ozone/integration-test/target/test-dir/MiniOzoneClusterImpl-b52dc576-3a90-4436-b01d-af36ccb82095/datanode-1/data/ratis/c0da0010-0168-4e1a-9700-e19cbef779ee/current/log_inprogress_0
2019-09-26 15:54:28,279 [main] INFO  ipc.Client (Client.java:handleConnectionFailure(948)) - Retrying connect to server: localhost/127.0.0.1:0. Already tried 5 time(s); retry policy is RetryUpToMaximumCountWithFixedSleep(maxRetries=10, sleepTime=1000 MILLISECONDS)
2019-09-26 15:54:29,281 [main] INFO  ipc.Client (Client.java:handleConnectionFailure(948)) - Retrying connect to server: localhost/127.0.0.1:0. Already tried 6 time(s); retry policy is RetryUpToMaximumCountWithFixedSleep(maxRetries=10, sleepTime=1000 MILLISECONDS)
2019-09-26 15:54:30,282 [main] INFO  ipc.Client (Client.java:handleConnectionFailure(948)) - Retrying connect to server: localhost/127.0.0.1:0. Already tried 7 time(s); retry policy is RetryUpToMaximumCountWithFixedSleep(maxRetries=10, sleepTime=1000 MILLISECONDS)
2019-09-26 15:54:31,283 [main] INFO  ipc.Client (Client.java:handleConnectionFailure(948)) - Retrying connect to server: localhost/127.0.0.1:0. Already tried 8 time(s); retry policy is RetryUpToMaximumCountWithFixedSleep(maxRetries=10, sleepTime=1000 MILLISECONDS)
2019-09-26 15:54:32,285 [main] INFO  ipc.Client (Client.java:handleConnectionFailure(948)) - Retrying connect to server: localhost/127.0.0.1:0. Already tried 9 time(s); retry policy is RetryUpToMaximumCountWithFixedSleep(maxRetries=10, sleepTime=1000 MILLISECONDS)
2019-09-26 15:54:33,291 [main] INFO  ipc.Client (Client.java:handleConnectionFailure(948)) - Retrying connect to server: localhost/127.0.0.1:0. Already tried 0 time(s); retry policy is RetryUpToMaximumCountWithFixedSleep(maxRetries=10, sleepTime=1000 MILLISECONDS)
2019-09-26 15:54:34,292 [main] INFO  ipc.Client (Client.java:handleConnectionFailure(948)) - Retrying connect to server: localhost/127.0.0.1:0. Already tried 1 time(s); retry policy is RetryUpToMaximumCountWithFixedSleep(maxRetries=10, sleepTime=1000 MILLISECONDS)
2019-09-26 15:54:35,293 [main] INFO  ipc.Client (Client.java:handleConnectionFailure(948)) - Retrying connect to server: localhost/127.0.0.1:0. Already tried 2 time(s); retry policy is RetryUpToMaximumCountWithFixedSleep(maxRetries=10, sleepTime=1000 MILLISECONDS)
2019-09-26 15:54:36,295 [main] INFO  ipc.Client (Client.java:handleConnectionFailure(948)) - Retrying connect to server: localhost/127.0.0.1:0. Already tried 3 time(s); retry policy is RetryUpToMaximumCountWithFixedSleep(maxRetries=10, sleepTime=1000 MILLISECONDS)
2019-09-26 15:54:37,296 [main] INFO  ipc.Client (Client.java:handleConnectionFailure(948)) - Retrying connect to server: localhost/127.0.0.1:0. Already tried 4 time(s); retry policy is RetryUpToMaximumCountWithFixedSleep(maxRetries=10, sleepTime=1000 MILLISECONDS)
2019-09-26 15:54:38,314 [main] INFO  ipc.Client (Client.java:handleConnectionFailure(948)) - Retrying connect to server: localhost/127.0.0.1:0. Already tried 5 time(s); retry policy is RetryUpToMaximumCountWithFixedSleep(maxRetries=10, sleepTime=1000 MILLISECONDS)
2019-09-26 15:54:39,327 [main] INFO  ipc.Client (Client.java:handleConnectionFailure(948)) - Retrying connect to server: localhost/127.0.0.1:0. Already tried 6 time(s); retry policy is RetryUpToMaximumCountWithFixedSleep(maxRetries=10, sleepTime=1000 MILLISECONDS)
2019-09-26 15:54:40,329 [main] INFO  ipc.Client (Client.java:handleConnectionFailure(948)) - Retrying connect to server: localhost/127.0.0.1:0. Already tried 7 time(s); retry policy is RetryUpToMaximumCountWithFixedSleep(maxRetries=10, sleepTime=1000 MILLISECONDS)
2019-09-26 15:54:41,330 [main] INFO  ipc.Client (Client.java:handleConnectionFailure(948)) - Retrying connect to server: localhost/127.0.0.1:0. Already tried 8 time(s); retry policy is RetryUpToMaximumCountWithFixedSleep(maxRetries=10, sleepTime=1000 MILLISECONDS)
2019-09-26 15:54:42,332 [main] INFO  ipc.Client (Client.java:handleConnectionFailure(948)) - Retrying connect to server: localhost/127.0.0.1:0. Already tried 9 time(s); retry policy is RetryUpToMaximumCountWithFixedSleep(maxRetries=10, sleepTime=1000 MILLISECONDS)
2019-09-26 15:54:42,334 [main] INFO  retry.RetryInvocationHandler (RetryInvocationHandler.java:log(411)) - com.google.protobuf.ServiceException: java.net.ConnectException: Your endpoint configuration is wrong; For more details see:  http://wiki.apache.org/hadoop/UnsetHostnameOrPort, while invoking $Proxy37.submitRequest over nodeId=null,nodeAddress=127.0.0.1:0 after 1 failover attempts. Trying to failover immediately.
2019-09-26 15:54:43,335 [main] INFO  ipc.Client (Client.java:handleConnectionFailure(948)) - Retrying connect to server: localhost/127.0.0.1:0. Already tried 0 time(s); retry policy is RetryUpToMaximumCountWithFixedSleep(maxRetries=10, sleepTime=1000 MILLISECONDS)
2019-09-26 15:54:44,337 [main] INFO  ipc.Client (Client.java:handleConnectionFailure(948)) - Retrying connect to server: localhost/127.0.0.1:0. Already tried 1 time(s); retry policy is RetryUpToMaximumCountWithFixedSleep(maxRetries=10, sleepTime=1000 MILLISECONDS)
2019-09-26 15:54:45,338 [main] INFO  ipc.Client (Client.java:handleConnectionFailure(948)) - Retrying connect to server: localhost/127.0.0.1:0. Already tried 2 time(s); retry policy is RetryUpToMaximumCountWithFixedSleep(maxRetries=10, sleepTime=1000 MILLISECONDS)
2019-09-26 15:54:46,339 [main] INFO  ipc.Client (Client.java:handleConnectionFailure(948)) - Retrying connect to server: localhost/127.0.0.1:0. Already tried 3 time(s); retry policy is RetryUpToMaximumCountWithFixedSleep(maxRetries=10, sleepTime=1000 MILLISECONDS)
2019-09-26 15:54:47,341 [main] INFO  ipc.Client (Client.java:handleConnectionFailure(948)) - Retrying connect to server: localhost/127.0.0.1:0. Already tried 4 time(s); retry policy is RetryUpToMaximumCountWithFixedSleep(maxRetries=10, sleepTime=1000 MILLISECONDS)
2019-09-26 15:54:48,342 [main] INFO  ipc.Client (Client.java:handleConnectionFailure(948)) - Retrying connect to server: localhost/127.0.0.1:0. Already tried 5 time(s); retry policy is RetryUpToMaximumCountWithFixedSleep(maxRetries=10, sleepTime=1000 MILLISECONDS)
2019-09-26 15:54:49,343 [main] INFO  ipc.Client (Client.java:handleConnectionFailure(948)) - Retrying connect to server: localhost/127.0.0.1:0. Already tried 6 time(s); retry policy is RetryUpToMaximumCountWithFixedSleep(maxRetries=10, sleepTime=1000 MILLISECONDS)
2019-09-26 15:54:50,345 [main] INFO  ipc.Client (Client.java:handleConnectionFailure(948)) - Retrying connect to server: localhost/127.0.0.1:0. Already tried 7 time(s); retry policy is RetryUpToMaximumCountWithFixedSleep(maxRetries=10, sleepTime=1000 MILLISECONDS)
2019-09-26 15:54:51,346 [main] INFO  ipc.Client (Client.java:handleConnectionFailure(948)) - Retrying connect to server: localhost/127.0.0.1:0. Already tried 8 time(s); retry policy is RetryUpToMaximumCountWithFixedSleep(maxRetries=10, sleepTime=1000 MILLISECONDS)
2019-09-26 15:54:52,348 [main] INFO  ipc.Client (Client.java:handleConnectionFailure(948)) - Retrying connect to server: localhost/127.0.0.1:0. Already tried 9 time(s); retry policy is RetryUpToMaximumCountWithFixedSleep(maxRetries=10, sleepTime=1000 MILLISECONDS)
2019-09-26 15:54:52,350 [main] INFO  retry.RetryInvocationHandler (RetryInvocationHandler.java:log(411)) - com.google.protobuf.ServiceException: java.net.ConnectException: Your endpoint configuration is wrong; For more details see:  http://wiki.apache.org/hadoop/UnsetHostnameOrPort, while invoking $Proxy37.submitRequest over nodeId=null,nodeAddress=127.0.0.1:0 after 2 failover attempts. Trying to failover immediately.
2019-09-26 15:54:53,351 [main] INFO  ipc.Client (Client.java:handleConnectionFailure(948)) - Retrying connect to server: localhost/127.0.0.1:0. Already tried 0 time(s); retry policy is RetryUpToMaximumCountWithFixedSleep(maxRetries=10, sleepTime=1000 MILLISECONDS)
2019-09-26 15:54:54,352 [main] INFO  ipc.Client (Client.java:handleConnectionFailure(948)) - Retrying connect to server: localhost/127.0.0.1:0. Already tried 1 time(s); retry policy is RetryUpToMaximumCountWithFixedSleep(maxRetries=10, sleepTime=1000 MILLISECONDS)
2019-09-26 15:54:55,353 [main] INFO  ipc.Client (Client.java:handleConnectionFailure(948)) - Retrying connect to server: localhost/127.0.0.1:0. Already tried 2 time(s); retry policy is RetryUpToMaximumCountWithFixedSleep(maxRetries=10, sleepTime=1000 MILLISECONDS)
2019-09-26 15:54:56,355 [main] INFO  ipc.Client (Client.java:handleConnectionFailure(948)) - Retrying connect to server: localhost/127.0.0.1:0. Already tried 3 time(s); retry policy is RetryUpToMaximumCountWithFixedSleep(maxRetries=10, sleepTime=1000 MILLISECONDS)
2019-09-26 15:54:57,356 [main] INFO  ipc.Client (Client.java:handleConnectionFailure(948)) - Retrying connect to server: localhost/127.0.0.1:0. Already tried 4 time(s); retry policy is RetryUpToMaximumCountWithFixedSleep(maxRetries=10, sleepTime=1000 MILLISECONDS)
2019-09-26 15:54:58,357 [main] INFO  ipc.Client (Client.java:handleConnectionFailure(948)) - Retrying connect to server: localhost/127.0.0.1:0. Already tried 5 time(s); retry policy is RetryUpToMaximumCountWithFixedSleep(maxRetries=10, sleepTime=1000 MILLISECONDS)
2019-09-26 15:54:59,359 [main] INFO  ipc.Client (Client.java:handleConnectionFailure(948)) - Retrying connect to server: localhost/127.0.0.1:0. Already tried 6 time(s); retry policy is RetryUpToMaximumCountWithFixedSleep(maxRetries=10, sleepTime=1000 MILLISECONDS)
2019-09-26 15:55:00,360 [main] INFO  ipc.Client (Client.java:handleConnectionFailure(948)) - Retrying connect to server: localhost/127.0.0.1:0. Already tried 7 time(s); retry policy is RetryUpToMaximumCountWithFixedSleep(maxRetries=10, sleepTime=1000 MILLISECONDS)
2019-09-26 15:55:01,362 [main] INFO  ipc.Client (Client.java:handleConnectionFailure(948)) - Retrying connect to server: localhost/127.0.0.1:0. Already tried 8 time(s); retry policy is RetryUpToMaximumCountWithFixedSleep(maxRetries=10, sleepTime=1000 MILLISECONDS)
2019-09-26 15:55:02,363 [main] INFO  ipc.Client (Client.java:handleConnectionFailure(948)) - Retrying connect to server: localhost/127.0.0.1:0. Already tried 9 time(s); retry policy is RetryUpToMaximumCountWithFixedSleep(maxRetries=10, sleepTime=1000 MILLISECONDS)
2019-09-26 15:55:02,365 [main] INFO  retry.RetryInvocationHandler (RetryInvocationHandler.java:log(411)) - com.google.protobuf.ServiceException: java.net.ConnectException: Your endpoint configuration is wrong; For more details see:  http://wiki.apache.org/hadoop/UnsetHostnameOrPort, while invoking $Proxy37.submitRequest over nodeId=null,nodeAddress=127.0.0.1:0 after 3 failover attempts. Trying to failover immediately.
2019-09-26 15:55:03,366 [main] INFO  ipc.Client (Client.java:handleConnectionFailure(948)) - Retrying connect to server: localhost/127.0.0.1:0. Already tried 0 time(s); retry policy is RetryUpToMaximumCountWithFixedSleep(maxRetries=10, sleepTime=1000 MILLISECONDS)
2019-09-26 15:55:04,367 [main] INFO  ipc.Client (Client.java:handleConnectionFailure(948)) - Retrying connect to server: localhost/127.0.0.1:0. Already tried 1 time(s); retry policy is RetryUpToMaximumCountWithFixedSleep(maxRetries=10, sleepTime=1000 MILLISECONDS)
2019-09-26 15:55:05,368 [main] INFO  ipc.Client (Client.java:handleConnectionFailure(948)) - Retrying connect to server: localhost/127.0.0.1:0. Already tried 2 time(s); retry policy is RetryUpToMaximumCountWithFixedSleep(maxRetries=10, sleepTime=1000 MILLISECONDS)
2019-09-26 15:55:06,370 [main] INFO  ipc.Client (Client.java:handleConnectionFailure(948)) - Retrying connect to server: localhost/127.0.0.1:0. Already tried 3 time(s); retry policy is RetryUpToMaximumCountWithFixedSleep(maxRetries=10, sleepTime=1000 MILLISECONDS)
2019-09-26 15:55:07,371 [main] INFO  ipc.Client (Client.java:handleConnectionFailure(948)) - Retrying connect to server: localhost/127.0.0.1:0. Already tried 4 time(s); retry policy is RetryUpToMaximumCountWithFixedSleep(maxRetries=10, sleepTime=1000 MILLISECONDS)
2019-09-26 15:55:08,373 [main] INFO  ipc.Client (Client.java:handleConnectionFailure(948)) - Retrying connect to server: localhost/127.0.0.1:0. Already tried 5 time(s); retry policy is RetryUpToMaximumCountWithFixedSleep(maxRetries=10, sleepTime=1000 MILLISECONDS)
2019-09-26 15:55:09,374 [main] INFO  ipc.Client (Client.java:handleConnectionFailure(948)) - Retrying connect to server: localhost/127.0.0.1:0. Already tried 6 time(s); retry policy is RetryUpToMaximumCountWithFixedSleep(maxRetries=10, sleepTime=1000 MILLISECONDS)
2019-09-26 15:55:10,375 [main] INFO  ipc.Client (Client.java:handleConnectionFailure(948)) - Retrying connect to server: localhost/127.0.0.1:0. Already tried 7 time(s); retry policy is RetryUpToMaximumCountWithFixedSleep(maxRetries=10, sleepTime=1000 MILLISECONDS)
2019-09-26 15:55:11,377 [main] INFO  ipc.Client (Client.java:handleConnectionFailure(948)) - Retrying connect to server: localhost/127.0.0.1:0. Already tried 8 time(s); retry policy is RetryUpToMaximumCountWithFixedSleep(maxRetries=10, sleepTime=1000 MILLISECONDS)
2019-09-26 15:55:12,379 [main] INFO  ipc.Client (Client.java:handleConnectionFailure(948)) - Retrying connect to server: localhost/127.0.0.1:0. Already tried 9 time(s); retry policy is RetryUpToMaximumCountWithFixedSleep(maxRetries=10, sleepTime=1000 MILLISECONDS)
2019-09-26 15:55:12,381 [main] INFO  retry.RetryInvocationHandler (RetryInvocationHandler.java:log(411)) - com.google.protobuf.ServiceException: java.net.ConnectException: Your endpoint configuration is wrong; For more details see:  http://wiki.apache.org/hadoop/UnsetHostnameOrPort, while invoking $Proxy37.submitRequest over nodeId=null,nodeAddress=127.0.0.1:0 after 4 failover attempts. Trying to failover immediately.
2019-09-26 15:55:13,382 [main] INFO  ipc.Client (Client.java:handleConnectionFailure(948)) - Retrying connect to server: localhost/127.0.0.1:0. Already tried 0 time(s); retry policy is RetryUpToMaximumCountWithFixedSleep(maxRetries=10, sleepTime=1000 MILLISECONDS)
2019-09-26 15:55:14,383 [main] INFO  ipc.Client (Client.java:handleConnectionFailure(948)) - Retrying connect to server: localhost/127.0.0.1:0. Already tried 1 time(s); retry policy is RetryUpToMaximumCountWithFixedSleep(maxRetries=10, sleepTime=1000 MILLISECONDS)
2019-09-26 15:55:15,385 [main] INFO  ipc.Client (Client.java:handleConnectionFailure(948)) - Retrying connect to server: localhost/127.0.0.1:0. Already tried 2 time(s); retry policy is RetryUpToMaximumCountWithFixedSleep(maxRetries=10, sleepTime=1000 MILLISECONDS)
2019-09-26 15:55:16,386 [main] INFO  ipc.Client (Client.java:handleConnectionFailure(948)) - Retrying connect to server: localhost/127.0.0.1:0. Already tried 3 time(s); retry policy is RetryUpToMaximumCountWithFixedSleep(maxRetries=10, sleepTime=1000 MILLISECONDS)
2019-09-26 15:55:17,388 [main] INFO  ipc.Client (Client.java:handleConnectionFailure(948)) - Retrying connect to server: localhost/127.0.0.1:0. Already tried 4 time(s); retry policy is RetryUpToMaximumCountWithFixedSleep(maxRetries=10, sleepTime=1000 MILLISECONDS)
2019-09-26 15:55:18,389 [main] INFO  ipc.Client (Client.java:handleConnectionFailure(948)) - Retrying connect to server: localhost/127.0.0.1:0. Already tried 5 time(s); retry policy is RetryUpToMaximumCountWithFixedSleep(maxRetries=10, sleepTime=1000 MILLISECONDS)
2019-09-26 15:55:19,390 [main] INFO  ipc.Client (Client.java:handleConnectionFailure(948)) - Retrying connect to server: localhost/127.0.0.1:0. Already tried 6 time(s); retry policy is RetryUpToMaximumCountWithFixedSleep(maxRetries=10, sleepTime=1000 MILLISECONDS)
2019-09-26 15:55:20,391 [main] INFO  ipc.Client (Client.java:handleConnectionFailure(948)) - Retrying connect to server: localhost/127.0.0.1:0. Already tried 7 time(s); retry policy is RetryUpToMaximumCountWithFixedSleep(maxRetries=10, sleepTime=1000 MILLISECONDS)
2019-09-26 15:55:21,393 [main] INFO  ipc.Client (Client.java:handleConnectionFailure(948)) - Retrying connect to server: localhost/127.0.0.1:0. Already tried 8 time(s); retry policy is RetryUpToMaximumCountWithFixedSleep(maxRetries=10, sleepTime=1000 MILLISECONDS)
2019-09-26 15:55:22,394 [main] INFO  ipc.Client (Client.java:handleConnectionFailure(948)) - Retrying connect to server: localhost/127.0.0.1:0. Already tried 9 time(s); retry policy is RetryUpToMaximumCountWithFixedSleep(maxRetries=10, sleepTime=1000 MILLISECONDS)
2019-09-26 15:55:22,396 [main] INFO  retry.RetryInvocationHandler (RetryInvocationHandler.java:log(411)) - com.google.protobuf.ServiceException: java.net.ConnectException: Your endpoint configuration is wrong; For more details see:  http://wiki.apache.org/hadoop/UnsetHostnameOrPort, while invoking $Proxy37.submitRequest over nodeId=null,nodeAddress=127.0.0.1:0 after 5 failover attempts. Trying to failover immediately.
2019-09-26 15:55:23,397 [main] INFO  ipc.Client (Client.java:handleConnectionFailure(948)) - Retrying connect to server: localhost/127.0.0.1:0. Already tried 0 time(s); retry policy is RetryUpToMaximumCountWithFixedSleep(maxRetries=10, sleepTime=1000 MILLISECONDS)
2019-09-26 15:55:24,399 [main] INFO  ipc.Client (Client.java:handleConnectionFailure(948)) - Retrying connect to server: localhost/127.0.0.1:0. Already tried 1 time(s); retry policy is RetryUpToMaximumCountWithFixedSleep(maxRetries=10, sleepTime=1000 MILLISECONDS)
2019-09-26 15:55:25,400 [main] INFO  ipc.Client (Client.java:handleConnectionFailure(948)) - Retrying connect to server: localhost/127.0.0.1:0. Already tried 2 time(s); retry policy is RetryUpToMaximumCountWithFixedSleep(maxRetries=10, sleepTime=1000 MILLISECONDS)
2019-09-26 15:55:26,402 [main] INFO  ipc.Client (Client.java:handleConnectionFailure(948)) - Retrying connect to server: localhost/127.0.0.1:0. Already tried 3 time(s); retry policy is RetryUpToMaximumCountWithFixedSleep(maxRetries=10, sleepTime=1000 MILLISECONDS)
2019-09-26 15:55:27,403 [main] INFO  ipc.Client (Client.java:handleConnectionFailure(948)) - Retrying connect to server: localhost/127.0.0.1:0. Already tried 4 time(s); retry policy is RetryUpToMaximumCountWithFixedSleep(maxRetries=10, sleepTime=1000 MILLISECONDS)
2019-09-26 15:55:28,404 [main] INFO  ipc.Client (Client.java:handleConnectionFailure(948)) - Retrying connect to server: localhost/127.0.0.1:0. Already tried 5 time(s); retry policy is RetryUpToMaximumCountWithFixedSleep(maxRetries=10, sleepTime=1000 MILLISECONDS)
2019-09-26 15:55:29,406 [main] INFO  ipc.Client (Client.java:handleConnectionFailure(948)) - Retrying connect to server: localhost/127.0.0.1:0. Already tried 6 time(s); retry policy is RetryUpToMaximumCountWithFixedSleep(maxRetries=10, sleepTime=1000 MILLISECONDS)
2019-09-26 15:55:30,407 [main] INFO  ipc.Client (Client.java:handleConnectionFailure(948)) - Retrying connect to server: localhost/127.0.0.1:0. Already tried 7 time(s); retry policy is RetryUpToMaximumCountWithFixedSleep(maxRetries=10, sleepTime=1000 MILLISECONDS)
2019-09-26 15:55:31,408 [main] INFO  ipc.Client (Client.java:handleConnectionFailure(948)) - Retrying connect to server: localhost/127.0.0.1:0. Already tried 8 time(s); retry policy is RetryUpToMaximumCountWithFixedSleep(maxRetries=10, sleepTime=1000 MILLISECONDS)
2019-09-26 15:55:32,410 [main] INFO  ipc.Client (Client.java:handleConnectionFailure(948)) - Retrying connect to server: localhost/127.0.0.1:0. Already tried 9 time(s); retry policy is RetryUpToMaximumCountWithFixedSleep(maxRetries=10, sleepTime=1000 MILLISECONDS)
2019-09-26 15:55:32,412 [main] INFO  retry.RetryInvocationHandler (RetryInvocationHandler.java:log(411)) - com.google.protobuf.ServiceException: java.net.ConnectException: Your endpoint configuration is wrong; For more details see:  http://wiki.apache.org/hadoop/UnsetHostnameOrPort, while invoking $Proxy37.submitRequest over nodeId=null,nodeAddress=127.0.0.1:0 after 6 failover attempts. Trying to failover immediately.
2019-09-26 15:55:33,413 [main] INFO  ipc.Client (Client.java:handleConnectionFailure(948)) - Retrying connect to server: localhost/127.0.0.1:0. Already tried 0 time(s); retry policy is RetryUpToMaximumCountWithFixedSleep(maxRetries=10, sleepTime=1000 MILLISECONDS)
2019-09-26 15:55:34,414 [main] INFO  ipc.Client (Client.java:handleConnectionFailure(948)) - Retrying connect to server: localhost/127.0.0.1:0. Already tried 1 time(s); retry policy is RetryUpToMaximumCountWithFixedSleep(maxRetries=10, sleepTime=1000 MILLISECONDS)
2019-09-26 15:55:35,415 [main] INFO  ipc.Client (Client.java:handleConnectionFailure(948)) - Retrying connect to server: localhost/127.0.0.1:0. Already tried 2 time(s); retry policy is RetryUpToMaximumCountWithFixedSleep(maxRetries=10, sleepTime=1000 MILLISECONDS)
2019-09-26 15:55:36,417 [main] INFO  ipc.Client (Client.java:handleConnectionFailure(948)) - Retrying connect to server: localhost/127.0.0.1:0. Already tried 3 time(s); retry policy is RetryUpToMaximumCountWithFixedSleep(maxRetries=10, sleepTime=1000 MILLISECONDS)
2019-09-26 15:55:37,418 [main] INFO  ipc.Client (Client.java:handleConnectionFailure(948)) - Retrying connect to server: localhost/127.0.0.1:0. Already tried 4 time(s); retry policy is RetryUpToMaximumCountWithFixedSleep(maxRetries=10, sleepTime=1000 MILLISECONDS)
2019-09-26 15:55:38,420 [main] INFO  ipc.Client (Client.java:handleConnectionFailure(948)) - Retrying connect to server: localhost/127.0.0.1:0. Already tried 5 time(s); retry policy is RetryUpToMaximumCountWithFixedSleep(maxRetries=10, sleepTime=1000 MILLISECONDS)
2019-09-26 15:55:39,421 [main] INFO  ipc.Client (Client.java:handleConnectionFailure(948)) - Retrying connect to server: localhost/127.0.0.1:0. Already tried 6 time(s); retry policy is RetryUpToMaximumCountWithFixedSleep(maxRetries=10, sleepTime=1000 MILLISECONDS)
2019-09-26 15:55:40,423 [main] INFO  ipc.Client (Client.java:handleConnectionFailure(948)) - Retrying connect to server: localhost/127.0.0.1:0. Already tried 7 time(s); retry policy is RetryUpToMaximumCountWithFixedSleep(maxRetries=10, sleepTime=1000 MILLISECONDS)
2019-09-26 15:55:41,424 [main] INFO  ipc.Client (Client.java:handleConnectionFailure(948)) - Retrying connect to server: localhost/127.0.0.1:0. Already tried 8 time(s); retry policy is RetryUpToMaximumCountWithFixedSleep(maxRetries=10, sleepTime=1000 MILLISECONDS)
2019-09-26 15:55:42,427 [main] INFO  ipc.Client (Client.java:handleConnectionFailure(948)) - Retrying connect to server: localhost/127.0.0.1:0. Already tried 9 time(s); retry policy is RetryUpToMaximumCountWithFixedSleep(maxRetries=10, sleepTime=1000 MILLISECONDS)
2019-09-26 15:55:42,429 [main] INFO  retry.RetryInvocationHandler (RetryInvocationHandler.java:log(411)) - com.google.protobuf.ServiceException: java.net.ConnectException: Your endpoint configuration is wrong; For more details see:  http://wiki.apache.org/hadoop/UnsetHostnameOrPort, while invoking $Proxy37.submitRequest over nodeId=null,nodeAddress=127.0.0.1:0 after 7 failover attempts. Trying to failover immediately.
2019-09-26 15:55:43,430 [main] INFO  ipc.Client (Client.java:handleConnectionFailure(948)) - Retrying connect to server: localhost/127.0.0.1:0. Already tried 0 time(s); retry policy is RetryUpToMaximumCountWithFixedSleep(maxRetries=10, sleepTime=1000 MILLISECONDS)
2019-09-26 15:55:44,432 [main] INFO  ipc.Client (Client.java:handleConnectionFailure(948)) - Retrying connect to server: localhost/127.0.0.1:0. Already tried 1 time(s); retry policy is RetryUpToMaximumCountWithFixedSleep(maxRetries=10, sleepTime=1000 MILLISECONDS)
2019-09-26 15:55:45,433 [main] INFO  ipc.Client (Client.java:handleConnectionFailure(948)) - Retrying connect to server: localhost/127.0.0.1:0. Already tried 2 time(s); retry policy is RetryUpToMaximumCountWithFixedSleep(maxRetries=10, sleepTime=1000 MILLISECONDS)
2019-09-26 15:55:46,434 [main] INFO  ipc.Client (Client.java:handleConnectionFailure(948)) - Retrying connect to server: localhost/127.0.0.1:0. Already tried 3 time(s); retry policy is RetryUpToMaximumCountWithFixedSleep(maxRetries=10, sleepTime=1000 MILLISECONDS)
2019-09-26 15:55:47,436 [main] INFO  ipc.Client (Client.java:handleConnectionFailure(948)) - Retrying connect to server: localhost/127.0.0.1:0. Already tried 4 time(s); retry policy is RetryUpToMaximumCountWithFixedSleep(maxRetries=10, sleepTime=1000 MILLISECONDS)
2019-09-26 15:55:48,437 [main] INFO  ipc.Client (Client.java:handleConnectionFailure(948)) - Retrying connect to server: localhost/127.0.0.1:0. Already tried 5 time(s); retry policy is RetryUpToMaximumCountWithFixedSleep(maxRetries=10, sleepTime=1000 MILLISECONDS)
2019-09-26 15:55:49,438 [main] INFO  ipc.Client (Client.java:handleConnectionFailure(948)) - Retrying connect to server: localhost/127.0.0.1:0. Already tried 6 time(s); retry policy is RetryUpToMaximumCountWithFixedSleep(maxRetries=10, sleepTime=1000 MILLISECONDS)
2019-09-26 15:55:50,441 [main] INFO  ipc.Client (Client.java:handleConnectionFailure(948)) - Retrying connect to server: localhost/127.0.0.1:0. Already tried 7 time(s); retry policy is RetryUpToMaximumCountWithFixedSleep(maxRetries=10, sleepTime=1000 MILLISECONDS)
2019-09-26 15:55:51,442 [main] INFO  ipc.Client (Client.java:handleConnectionFailure(948)) - Retrying connect to server: localhost/127.0.0.1:0. Already tried 8 time(s); retry policy is RetryUpToMaximumCountWithFixedSleep(maxRetries=10, sleepTime=1000 MILLISECONDS)
2019-09-26 15:55:52,444 [main] INFO  ipc.Client (Client.java:handleConnectionFailure(948)) - Retrying connect to server: localhost/127.0.0.1:0. Already tried 9 time(s); retry policy is RetryUpToMaximumCountWithFixedSleep(maxRetries=10, sleepTime=1000 MILLISECONDS)
2019-09-26 15:55:52,446 [main] INFO  retry.RetryInvocationHandler (RetryInvocationHandler.java:log(411)) - com.google.protobuf.ServiceException: java.net.ConnectException: Your endpoint configuration is wrong; For more details see:  http://wiki.apache.org/hadoop/UnsetHostnameOrPort, while invoking $Proxy37.submitRequest over nodeId=null,nodeAddress=127.0.0.1:0 after 8 failover attempts. Trying to failover immediately.
2019-09-26 15:55:53,448 [main] INFO  ipc.Client (Client.java:handleConnectionFailure(948)) - Retrying connect to server: localhost/127.0.0.1:0. Already tried 0 time(s); retry policy is RetryUpToMaximumCountWithFixedSleep(maxRetries=10, sleepTime=1000 MILLISECONDS)
2019-09-26 15:55:54,450 [main] INFO  ipc.Client (Client.java:handleConnectionFailure(948)) - Retrying connect to server: localhost/127.0.0.1:0. Already tried 1 time(s); retry policy is RetryUpToMaximumCountWithFixedSleep(maxRetries=10, sleepTime=1000 MILLISECONDS)
2019-09-26 15:55:55,453 [main] INFO  ipc.Client (Client.java:handleConnectionFailure(948)) - Retrying connect to server: localhost/127.0.0.1:0. Already tried 2 time(s); retry policy is RetryUpToMaximumCountWithFixedSleep(maxRetries=10, sleepTime=1000 MILLISECONDS)
2019-09-26 15:55:56,454 [main] INFO  ipc.Client (Client.java:handleConnectionFailure(948)) - Retrying connect to server: localhost/127.0.0.1:0. Already tried 3 time(s); retry policy is RetryUpToMaximumCountWithFixedSleep(maxRetries=10, sleepTime=1000 MILLISECONDS)
2019-09-26 15:55:57,456 [main] INFO  ipc.Client (Client.java:handleConnectionFailure(948)) - Retrying connect to server: localhost/127.0.0.1:0. Already tried 4 time(s); retry policy is RetryUpToMaximumCountWithFixedSleep(maxRetries=10, sleepTime=1000 MILLISECONDS)
2019-09-26 15:55:58,457 [main] INFO  ipc.Client (Client.java:handleConnectionFailure(948)) - Retrying connect to server: localhost/127.0.0.1:0. Already tried 5 time(s); retry policy is RetryUpToMaximumCountWithFixedSleep(maxRetries=10, sleepTime=1000 MILLISECONDS)
2019-09-26 15:55:59,459 [main] INFO  ipc.Client (Client.java:handleConnectionFailure(948)) - Retrying connect to server: localhost/127.0.0.1:0. Already tried 6 time(s); retry policy is RetryUpToMaximumCountWithFixedSleep(maxRetries=10, sleepTime=1000 MILLISECONDS)
2019-09-26 15:56:00,460 [main] INFO  ipc.Client (Client.java:handleConnectionFailure(948)) - Retrying connect to server: localhost/127.0.0.1:0. Already tried 7 time(s); retry policy is RetryUpToMaximumCountWithFixedSleep(maxRetries=10, sleepTime=1000 MILLISECONDS)
2019-09-26 15:56:01,461 [main] INFO  ipc.Client (Client.java:handleConnectionFailure(948)) - Retrying connect to server: localhost/127.0.0.1:0. Already tried 8 time(s); retry policy is RetryUpToMaximumCountWithFixedSleep(maxRetries=10, sleepTime=1000 MILLISECONDS)
2019-09-26 15:56:02,462 [main] INFO  ipc.Client (Client.java:handleConnectionFailure(948)) - Retrying connect to server: localhost/127.0.0.1:0. Already tried 9 time(s); retry policy is RetryUpToMaximumCountWithFixedSleep(maxRetries=10, sleepTime=1000 MILLISECONDS)
2019-09-26 15:56:02,465 [main] INFO  retry.RetryInvocationHandler (RetryInvocationHandler.java:log(411)) - com.google.protobuf.ServiceException: java.net.ConnectException: Your endpoint configuration is wrong; For more details see:  http://wiki.apache.org/hadoop/UnsetHostnameOrPort, while invoking $Proxy37.submitRequest over nodeId=null,nodeAddress=127.0.0.1:0 after 9 failover attempts. Trying to failover immediately.
2019-09-26 15:56:03,466 [main] INFO  ipc.Client (Client.java:handleConnectionFailure(948)) - Retrying connect to server: localhost/127.0.0.1:0. Already tried 0 time(s); retry policy is RetryUpToMaximumCountWithFixedSleep(maxRetries=10, sleepTime=1000 MILLISECONDS)
2019-09-26 15:56:04,468 [main] INFO  ipc.Client (Client.java:handleConnectionFailure(948)) - Retrying connect to server: localhost/127.0.0.1:0. Already tried 1 time(s); retry policy is RetryUpToMaximumCountWithFixedSleep(maxRetries=10, sleepTime=1000 MILLISECONDS)
2019-09-26 15:56:05,469 [main] INFO  ipc.Client (Client.java:handleConnectionFailure(948)) - Retrying connect to server: localhost/127.0.0.1:0. Already tried 2 time(s); retry policy is RetryUpToMaximumCountWithFixedSleep(maxRetries=10, sleepTime=1000 MILLISECONDS)
2019-09-26 15:56:06,470 [main] INFO  ipc.Client (Client.java:handleConnectionFailure(948)) - Retrying connect to server: localhost/127.0.0.1:0. Already tried 3 time(s); retry policy is RetryUpToMaximumCountWithFixedSleep(maxRetries=10, sleepTime=1000 MILLISECONDS)
2019-09-26 15:56:07,472 [main] INFO  ipc.Client (Client.java:handleConnectionFailure(948)) - Retrying connect to server: localhost/127.0.0.1:0. Already tried 4 time(s); retry policy is RetryUpToMaximumCountWithFixedSleep(maxRetries=10, sleepTime=1000 MILLISECONDS)
2019-09-26 15:56:08,473 [main] INFO  ipc.Client (Client.java:handleConnectionFailure(948)) - Retrying connect to server: localhost/127.0.0.1:0. Already tried 5 time(s); retry policy is RetryUpToMaximumCountWithFixedSleep(maxRetries=10, sleepTime=1000 MILLISECONDS)
2019-09-26 15:56:09,475 [main] INFO  ipc.Client (Client.java:handleConnectionFailure(948)) - Retrying connect to server: localhost/127.0.0.1:0. Already tried 6 time(s); retry policy is RetryUpToMaximumCountWithFixedSleep(maxRetries=10, sleepTime=1000 MILLISECONDS)
2019-09-26 15:56:10,476 [main] INFO  ipc.Client (Client.java:handleConnectionFailure(948)) - Retrying connect to server: localhost/127.0.0.1:0. Already tried 7 time(s); retry policy is RetryUpToMaximumCountWithFixedSleep(maxRetries=10, sleepTime=1000 MILLISECONDS)
2019-09-26 15:56:11,477 [main] INFO  ipc.Client (Client.java:handleConnectionFailure(948)) - Retrying connect to server: localhost/127.0.0.1:0. Already tried 8 time(s); retry policy is RetryUpToMaximumCountWithFixedSleep(maxRetries=10, sleepTime=1000 MILLISECONDS)
2019-09-26 15:56:12,479 [main] INFO  ipc.Client (Client.java:handleConnectionFailure(948)) - Retrying connect to server: localhost/127.0.0.1:0. Already tried 9 time(s); retry policy is RetryUpToMaximumCountWithFixedSleep(maxRetries=10, sleepTime=1000 MILLISECONDS)
2019-09-26 15:56:12,481 [main] ERROR ha.OMFailoverProxyProvider (OzoneManagerProtocolClientSideTranslatorPB.java:getRetryAction(268)) - Failed to connect to OM. Attempted 10 retries and 10 failovers
2019-09-26 15:56:12,486 [main] ERROR client.OzoneClientFactory (OzoneClientFactory.java:getClientProtocol(259)) - Couldn't create RpcClient protocol exception: 
java.net.ConnectException: Your endpoint configuration is wrong; For more details see:  http://wiki.apache.org/hadoop/UnsetHostnameOrPort
	at sun.reflect.NativeConstructorAccessorImpl.newInstance0(Native Method)
	at sun.reflect.NativeConstructorAccessorImpl.newInstance(NativeConstructorAccessorImpl.java:62)
	at sun.reflect.DelegatingConstructorAccessorImpl.newInstance(DelegatingConstructorAccessorImpl.java:45)
	at java.lang.reflect.Constructor.newInstance(Constructor.java:423)
	at org.apache.hadoop.net.NetUtils.wrapWithMessage(NetUtils.java:831)
	at org.apache.hadoop.net.NetUtils.wrapException(NetUtils.java:751)
	at org.apache.hadoop.ipc.Client.getRpcResponse(Client.java:1515)
	at org.apache.hadoop.ipc.Client.call(Client.java:1457)
	at org.apache.hadoop.ipc.Client.call(Client.java:1367)
	at org.apache.hadoop.ipc.ProtobufRpcEngine$Invoker.invoke(ProtobufRpcEngine.java:228)
	at org.apache.hadoop.ipc.ProtobufRpcEngine$Invoker.invoke(ProtobufRpcEngine.java:116)
	at com.sun.proxy.$Proxy37.submitRequest(Unknown Source)
	at sun.reflect.NativeMethodAccessorImpl.invoke0(Native Method)
	at sun.reflect.NativeMethodAccessorImpl.invoke(NativeMethodAccessorImpl.java:62)
	at sun.reflect.DelegatingMethodAccessorImpl.invoke(DelegatingMethodAccessorImpl.java:43)
	at java.lang.reflect.Method.invoke(Method.java:498)
	at org.apache.hadoop.io.retry.RetryInvocationHandler.invokeMethod(RetryInvocationHandler.java:422)
	at org.apache.hadoop.io.retry.RetryInvocationHandler$Call.invokeMethod(RetryInvocationHandler.java:165)
	at org.apache.hadoop.io.retry.RetryInvocationHandler$Call.invoke(RetryInvocationHandler.java:157)
	at org.apache.hadoop.io.retry.RetryInvocationHandler$Call.invokeOnce(RetryInvocationHandler.java:95)
	at org.apache.hadoop.io.retry.RetryInvocationHandler.invoke(RetryInvocationHandler.java:359)
	at com.sun.proxy.$Proxy37.submitRequest(Unknown Source)
	at org.apache.hadoop.ozone.om.protocolPB.OzoneManagerProtocolClientSideTranslatorPB.submitRequest(OzoneManagerProtocolClientSideTranslatorPB.java:338)
	at org.apache.hadoop.ozone.om.protocolPB.OzoneManagerProtocolClientSideTranslatorPB.getServiceInfo(OzoneManagerProtocolClientSideTranslatorPB.java:1223)
	at sun.reflect.NativeMethodAccessorImpl.invoke0(Native Method)
	at sun.reflect.NativeMethodAccessorImpl.invoke(NativeMethodAccessorImpl.java:62)
	at sun.reflect.DelegatingMethodAccessorImpl.invoke(DelegatingMethodAccessorImpl.java:43)
	at java.lang.reflect.Method.invoke(Method.java:498)
	at org.apache.hadoop.hdds.tracing.TraceAllMethod.invoke(TraceAllMethod.java:66)
	at com.sun.proxy.$Proxy38.getServiceInfo(Unknown Source)
	at org.apache.hadoop.ozone.client.rpc.RpcClient.<init>(RpcClient.java:154)
	at org.apache.hadoop.ozone.client.OzoneClientFactory.getClientProtocol(OzoneClientFactory.java:256)
	at org.apache.hadoop.ozone.client.OzoneClientFactory.getClientProtocol(OzoneClientFactory.java:239)
	at org.apache.hadoop.ozone.client.OzoneClientFactory.getRpcClient(OzoneClientFactory.java:203)
	at org.apache.hadoop.ozone.client.rpc.TestSecureOzoneRpcClient.init(TestSecureOzoneRpcClient.java:118)
	at sun.reflect.NativeMethodAccessorImpl.invoke0(Native Method)
	at sun.reflect.NativeMethodAccessorImpl.invoke(NativeMethodAccessorImpl.java:62)
	at sun.reflect.DelegatingMethodAccessorImpl.invoke(DelegatingMethodAccessorImpl.java:43)
	at java.lang.reflect.Method.invoke(Method.java:498)
	at org.junit.runners.model.FrameworkMethod$1.runReflectiveCall(FrameworkMethod.java:47)
	at org.junit.internal.runners.model.ReflectiveCallable.run(ReflectiveCallable.java:12)
	at org.junit.runners.model.FrameworkMethod.invokeExplosively(FrameworkMethod.java:44)
	at org.junit.internal.runners.statements.RunBefores.evaluate(RunBefores.java:24)
	at org.junit.internal.runners.statements.RunAfters.evaluate(RunAfters.java:27)
	at org.junit.runners.ParentRunner.run(ParentRunner.java:309)
	at org.apache.maven.surefire.junit4.JUnit4Provider.execute(JUnit4Provider.java:365)
	at org.apache.maven.surefire.junit4.JUnit4Provider.executeWithRerun(JUnit4Provider.java:273)
	at org.apache.maven.surefire.junit4.JUnit4Provider.executeTestSet(JUnit4Provider.java:238)
	at org.apache.maven.surefire.junit4.JUnit4Provider.invoke(JUnit4Provider.java:159)
	at org.apache.maven.surefire.booter.ForkedBooter.invokeProviderInSameClassLoader(ForkedBooter.java:384)
	at org.apache.maven.surefire.booter.ForkedBooter.runSuitesInProcess(ForkedBooter.java:345)
	at org.apache.maven.surefire.booter.ForkedBooter.execute(ForkedBooter.java:126)
	at org.apache.maven.surefire.booter.ForkedBooter.main(ForkedBooter.java:418)
Caused by: java.net.ConnectException: Connection refused
	at sun.nio.ch.SocketChannelImpl.checkConnect(Native Method)
	at sun.nio.ch.SocketChannelImpl.finishConnect(SocketChannelImpl.java:717)
	at org.apache.hadoop.net.SocketIOWithTimeout.connect(SocketIOWithTimeout.java:206)
	at org.apache.hadoop.net.NetUtils.connect(NetUtils.java:531)
	at org.apache.hadoop.ipc.Client$Connection.setupConnection(Client.java:690)
	at org.apache.hadoop.ipc.Client$Connection.setupIOstreams(Client.java:794)
	at org.apache.hadoop.ipc.Client$Connection.access$3700(Client.java:411)
	at org.apache.hadoop.ipc.Client.getConnection(Client.java:1572)
	at org.apache.hadoop.ipc.Client.call(Client.java:1403)
	... 45 more
2019-09-26 15:56:12,492 [main] INFO  ozone.MiniOzoneClusterImpl (MiniOzoneClusterImpl.java:shutdown(314)) - Shutting down the Mini Ozone Cluster
2019-09-26 15:56:12,494 [main] INFO  ozone.MiniOzoneClusterImpl (MiniOzoneClusterImpl.java:stop(330)) - Stopping the Mini Ozone Cluster
2019-09-26 15:56:12,494 [main] INFO  ozone.MiniOzoneClusterImpl (MiniOzoneClusterImpl.java:stopOM(400)) - Stopping the OzoneManager
2019-09-26 15:56:12,494 [main] INFO  ipc.Server (Server.java:stop(3082)) - Stopping server on 44956
2019-09-26 15:56:12,518 [IPC Server listener on 44956] INFO  ipc.Server (Server.java:run(1185)) - Stopping IPC Server listener on 44956
2019-09-26 15:56:12,522 [main] INFO  ratis.OzoneManagerDoubleBuffer (OzoneManagerDoubleBuffer.java:stop(248)) - Stopping OMDoubleBuffer flush thread
2019-09-26 15:56:12,531 [IPC Server Responder] INFO  ipc.Server (Server.java:run(1319)) - Stopping IPC Server Responder
2019-09-26 15:56:12,542 [OMDoubleBufferFlushThread] INFO  ratis.OzoneManagerDoubleBuffer (OzoneManagerDoubleBuffer.java:flushTransactions(191)) - OMDoubleBuffer flush thread OMDoubleBufferFlushThread is interrupted and will exit. OMDoubleBufferFlushThread
2019-09-26 15:56:12,577 [main] INFO  utils.BackgroundService (BackgroundService.java:shutdown(148)) - Shutting down service KeyDeletingService
2019-09-26 15:56:12,578 [main] INFO  om.OzoneManager (OzoneManager.java:stopSecretManager(651)) - Stopping OM block token manager.
2019-09-26 15:56:12,584 [main] INFO  handler.ContextHandler (ContextHandler.java:doStop(910)) - Stopped o.e.j.w.WebAppContext@55f8669d{/,null,UNAVAILABLE}{/ozoneManager}
2019-09-26 15:56:12,592 [main] INFO  server.AbstractConnector (AbstractConnector.java:doStop(318)) - Stopped ServerConnector@6be25526{HTTP/1.1,[http/1.1]}{0.0.0.0:0}
2019-09-26 15:56:12,593 [main] INFO  handler.ContextHandler (ContextHandler.java:doStop(910)) - Stopped o.e.j.s.ServletContextHandler@7e7f0f0a{/static,file:///workdir/hadoop-ozone/integration-test/target/test-classes/webapps/static,UNAVAILABLE}
2019-09-26 15:56:12,593 [main] INFO  handler.ContextHandler (ContextHandler.java:doStop(910)) - Stopped o.e.j.s.ServletContextHandler@185f7840{/logs,file:///workdir/hadoop-ozone/integration-test/target/log,UNAVAILABLE}
2019-09-26 15:56:12,599 [main] INFO  ozone.MiniOzoneClusterImpl (MiniOzoneClusterImpl.java:stopDatanodes(377)) - Stopping the HddsDatanodes
2019-09-26 15:56:12,879 [Datanode State Machine Thread - 0] INFO  statemachine.DatanodeStateMachine (DatanodeStateMachine.java:lambda$startDaemon$0(350)) - Ozone container server started.
2019-09-26 15:56:13,303 [Datanode State Machine Thread - 0] INFO  statemachine.DatanodeStateMachine (DatanodeStateMachine.java:lambda$startDaemon$0(350)) - Ozone container server started.
2019-09-26 15:56:17,603 [ForkJoinPool.commonPool-worker-0] INFO  ozoneimpl.OzoneContainer (OzoneContainer.java:stop(231)) - Attempting to stop container services.
2019-09-26 15:56:17,603 [main] INFO  ozoneimpl.OzoneContainer (OzoneContainer.java:stop(231)) - Attempting to stop container services.
2019-09-26 15:56:17,604 [ForkJoinPool.commonPool-worker-0] INFO  impl.RaftServerProxy (RaftServerProxy.java:lambda$close$4(314)) - f949701e-f635-4de4-9d83-19655f8fd504: close
2019-09-26 15:56:17,605 [main] INFO  impl.RaftServerProxy (RaftServerProxy.java:lambda$close$4(314)) - 1db74e33-95b2-4a02-afc0-c3b777a2f5f7: close
2019-09-26 15:56:17,607 [ForkJoinPool.commonPool-worker-0] INFO  impl.RaftServerImpl (RaftServerImpl.java:lambda$shutdown$3(251)) - f949701e-f635-4de4-9d83-19655f8fd504@group-D67BCD275C49: shutdown
2019-09-26 15:56:17,607 [main] INFO  impl.RaftServerImpl (RaftServerImpl.java:lambda$shutdown$3(251)) - 1db74e33-95b2-4a02-afc0-c3b777a2f5f7@group-D8E33A113E5F: shutdown
2019-09-26 15:56:17,607 [ForkJoinPool.commonPool-worker-0] INFO  util.JmxRegister (JmxRegister.java:unregister(73)) - Successfully un-registered JMX Bean with object name Ratis:service=RaftServer,group=group-D67BCD275C49,id=f949701e-f635-4de4-9d83-19655f8fd504
2019-09-26 15:56:17,608 [main] INFO  util.JmxRegister (JmxRegister.java:unregister(73)) - Successfully un-registered JMX Bean with object name Ratis:service=RaftServer,group=group-D8E33A113E5F,id=1db74e33-95b2-4a02-afc0-c3b777a2f5f7
2019-09-26 15:56:17,608 [ForkJoinPool.commonPool-worker-0] INFO  impl.RoleInfo (RoleInfo.java:shutdownFollowerState(121)) - f949701e-f635-4de4-9d83-19655f8fd504: shutdown FollowerState
2019-09-26 15:56:17,608 [main] INFO  impl.RoleInfo (RoleInfo.java:shutdownLeaderState(104)) - 1db74e33-95b2-4a02-afc0-c3b777a2f5f7: shutdown LeaderState
2019-09-26 15:56:17,609 [Thread-396] INFO  impl.FollowerState (FollowerState.java:run(115)) - f949701e-f635-4de4-9d83-19655f8fd504: FollowerState was interrupted: java.lang.InterruptedException: sleep interrupted
2019-09-26 15:56:17,609 [ForkJoinPool.commonPool-worker-0] INFO  impl.StateMachineUpdater (StateMachineUpdater.java:stopAndJoin(125)) - f949701e-f635-4de4-9d83-19655f8fd504@group-D67BCD275C49-StateMachineUpdater: set stopIndex = 0
2019-09-26 15:56:17,629 [ForkJoinPool.commonPool-worker-0] INFO  impl.RaftServerImpl (ServerState.java:close(385)) - f949701e-f635-4de4-9d83-19655f8fd504@group-D67BCD275C49: closes. applyIndex: 0
2019-09-26 15:56:17,629 [main] INFO  impl.PendingRequests (PendingRequests.java:sendNotLeaderResponses(202)) - 1db74e33-95b2-4a02-afc0-c3b777a2f5f7-PendingRequests: sendNotLeaderResponses
2019-09-26 15:56:17,632 [f949701e-f635-4de4-9d83-19655f8fd504@group-D67BCD275C49-SegmentedRaftLogWorker] INFO  segmented.SegmentedRaftLogWorker (SegmentedRaftLogWorker.java:run(313)) - f949701e-f635-4de4-9d83-19655f8fd504@group-D67BCD275C49-SegmentedRaftLogWorker was interrupted, exiting. There are 0 tasks remaining in the queue.
2019-09-26 15:56:17,632 [main] INFO  impl.StateMachineUpdater (StateMachineUpdater.java:stopAndJoin(125)) - 1db74e33-95b2-4a02-afc0-c3b777a2f5f7@group-D8E33A113E5F-StateMachineUpdater: set stopIndex = 0
2019-09-26 15:56:17,638 [ForkJoinPool.commonPool-worker-0] INFO  segmented.SegmentedRaftLogWorker (SegmentedRaftLogWorker.java:close(228)) - f949701e-f635-4de4-9d83-19655f8fd504@group-D67BCD275C49-SegmentedRaftLogWorker close()
2019-09-26 15:56:17,638 [main] INFO  impl.RaftServerImpl (ServerState.java:close(385)) - 1db74e33-95b2-4a02-afc0-c3b777a2f5f7@group-D8E33A113E5F: closes. applyIndex: 0
2019-09-26 15:56:17,643 [ForkJoinPool.commonPool-worker-0] INFO  impl.RaftServerImpl (RaftServerImpl.java:lambda$shutdown$3(251)) - f949701e-f635-4de4-9d83-19655f8fd504@group-796B0C068227: shutdown
2019-09-26 15:56:17,643 [1db74e33-95b2-4a02-afc0-c3b777a2f5f7@group-D8E33A113E5F-SegmentedRaftLogWorker] INFO  segmented.SegmentedRaftLogWorker (SegmentedRaftLogWorker.java:run(313)) - 1db74e33-95b2-4a02-afc0-c3b777a2f5f7@group-D8E33A113E5F-SegmentedRaftLogWorker was interrupted, exiting. There are 0 tasks remaining in the queue.
2019-09-26 15:56:17,643 [ForkJoinPool.commonPool-worker-0] INFO  util.JmxRegister (JmxRegister.java:unregister(73)) - Successfully un-registered JMX Bean with object name Ratis:service=RaftServer,group=group-796B0C068227,id=f949701e-f635-4de4-9d83-19655f8fd504
2019-09-26 15:56:17,646 [main] INFO  segmented.SegmentedRaftLogWorker (SegmentedRaftLogWorker.java:close(228)) - 1db74e33-95b2-4a02-afc0-c3b777a2f5f7@group-D8E33A113E5F-SegmentedRaftLogWorker close()
2019-09-26 15:56:17,646 [ForkJoinPool.commonPool-worker-0] INFO  impl.RoleInfo (RoleInfo.java:shutdownLeaderState(104)) - f949701e-f635-4de4-9d83-19655f8fd504: shutdown LeaderState
2019-09-26 15:56:17,650 [main] INFO  impl.RaftServerImpl (RaftServerImpl.java:lambda$shutdown$3(251)) - 1db74e33-95b2-4a02-afc0-c3b777a2f5f7@group-E19CBEF779EE: shutdown
2019-09-26 15:56:17,651 [ForkJoinPool.commonPool-worker-0] INFO  impl.PendingRequests (PendingRequests.java:sendNotLeaderResponses(202)) - f949701e-f635-4de4-9d83-19655f8fd504-PendingRequests: sendNotLeaderResponses
2019-09-26 15:56:17,653 [main] INFO  util.JmxRegister (JmxRegister.java:unregister(73)) - Successfully un-registered JMX Bean with object name Ratis:service=RaftServer,group=group-E19CBEF779EE,id=1db74e33-95b2-4a02-afc0-c3b777a2f5f7
2019-09-26 15:56:17,654 [main] INFO  impl.RoleInfo (RoleInfo.java:shutdownFollowerState(121)) - 1db74e33-95b2-4a02-afc0-c3b777a2f5f7: shutdown FollowerState
2019-09-26 15:56:17,654 [ForkJoinPool.commonPool-worker-0] INFO  impl.StateMachineUpdater (StateMachineUpdater.java:stopAndJoin(125)) - f949701e-f635-4de4-9d83-19655f8fd504@group-796B0C068227-StateMachineUpdater: set stopIndex = 0
2019-09-26 15:56:17,655 [Thread-374] INFO  impl.FollowerState (FollowerState.java:run(115)) - 1db74e33-95b2-4a02-afc0-c3b777a2f5f7: FollowerState was interrupted: java.lang.InterruptedException: sleep interrupted
2019-09-26 15:56:17,655 [main] INFO  impl.StateMachineUpdater (StateMachineUpdater.java:stopAndJoin(125)) - 1db74e33-95b2-4a02-afc0-c3b777a2f5f7@group-E19CBEF779EE-StateMachineUpdater: set stopIndex = 0
2019-09-26 15:56:17,655 [ForkJoinPool.commonPool-worker-0] INFO  impl.RaftServerImpl (ServerState.java:close(385)) - f949701e-f635-4de4-9d83-19655f8fd504@group-796B0C068227: closes. applyIndex: 0
2019-09-26 15:56:17,656 [main] INFO  impl.RaftServerImpl (ServerState.java:close(385)) - 1db74e33-95b2-4a02-afc0-c3b777a2f5f7@group-E19CBEF779EE: closes. applyIndex: 0
2019-09-26 15:56:17,656 [f949701e-f635-4de4-9d83-19655f8fd504@group-796B0C068227-SegmentedRaftLogWorker] INFO  segmented.SegmentedRaftLogWorker (SegmentedRaftLogWorker.java:run(313)) - f949701e-f635-4de4-9d83-19655f8fd504@group-796B0C068227-SegmentedRaftLogWorker was interrupted, exiting. There are 0 tasks remaining in the queue.
2019-09-26 15:56:17,656 [1db74e33-95b2-4a02-afc0-c3b777a2f5f7@group-E19CBEF779EE-SegmentedRaftLogWorker] INFO  segmented.SegmentedRaftLogWorker (SegmentedRaftLogWorker.java:run(313)) - 1db74e33-95b2-4a02-afc0-c3b777a2f5f7@group-E19CBEF779EE-SegmentedRaftLogWorker was interrupted, exiting. There are 0 tasks remaining in the queue.
2019-09-26 15:56:17,659 [ForkJoinPool.commonPool-worker-0] INFO  segmented.SegmentedRaftLogWorker (SegmentedRaftLogWorker.java:close(228)) - f949701e-f635-4de4-9d83-19655f8fd504@group-796B0C068227-SegmentedRaftLogWorker close()
2019-09-26 15:56:17,661 [main] INFO  segmented.SegmentedRaftLogWorker (SegmentedRaftLogWorker.java:close(228)) - 1db74e33-95b2-4a02-afc0-c3b777a2f5f7@group-E19CBEF779EE-SegmentedRaftLogWorker close()
2019-09-26 15:56:17,669 [ForkJoinPool.commonPool-worker-0] INFO  server.GrpcService (GrpcService.java:closeImpl(164)) - f949701e-f635-4de4-9d83-19655f8fd504: shutdown server with port 39702 now
2019-09-26 15:56:17,669 [main] INFO  server.GrpcService (GrpcService.java:closeImpl(164)) - 1db74e33-95b2-4a02-afc0-c3b777a2f5f7: shutdown server with port 42936 now
2019-09-26 15:56:17,682 [main] INFO  server.GrpcService (GrpcService.java:closeImpl(172)) - 1db74e33-95b2-4a02-afc0-c3b777a2f5f7: shutdown server with port 42936 successfully
2019-09-26 15:56:17,682 [grpc-default-executor-6] WARN  server.GrpcServerProtocolService (LogUtils.java:warn(134)) - f949701e-f635-4de4-9d83-19655f8fd504: installSnapshot onError, lastRequest: 64635f80-cc5b-405f-98b2-f991c2a0e60e->f949701e-f635-4de4-9d83-19655f8fd504#44-t1, previous=(t:1, i:0), leaderCommit=0, initializing? false, entries: <empty>: org.apache.ratis.thirdparty.io.grpc.StatusRuntimeException: CANCELLED: cancelled before receiving half close
2019-09-26 15:56:17,682 [grpc-default-executor-3] WARN  server.GrpcServerProtocolService (LogUtils.java:warn(134)) - 1db74e33-95b2-4a02-afc0-c3b777a2f5f7: installSnapshot onError, lastRequest: 1b3d0591-2738-428f-9259-44499a4c704f->1db74e33-95b2-4a02-afc0-c3b777a2f5f7#44-t1, previous=(t:1, i:0), leaderCommit=0, initializing? false, entries: <empty>: org.apache.ratis.thirdparty.io.grpc.StatusRuntimeException: CANCELLED: cancelled before receiving half close
2019-09-26 15:56:17,682 [ForkJoinPool.commonPool-worker-0] INFO  server.GrpcService (GrpcService.java:closeImpl(172)) - f949701e-f635-4de4-9d83-19655f8fd504: shutdown server with port 39702 successfully
2019-09-26 15:56:17,685 [grpc-default-executor-4] WARN  server.GrpcLogAppender (LogUtils.java:warn(134)) - 1b3d0591-2738-428f-9259-44499a4c704f@group-E19CBEF779EE->1db74e33-95b2-4a02-afc0-c3b777a2f5f7-AppendLogResponseHandler: Failed appendEntries: org.apache.ratis.thirdparty.io.grpc.StatusRuntimeException: CANCELLED: HTTP/2 error code: CANCEL
Received Rst Stream
2019-09-26 15:56:17,685 [grpc-default-executor-0] WARN  server.GrpcLogAppender (LogUtils.java:warn(134)) - 64635f80-cc5b-405f-98b2-f991c2a0e60e@group-D67BCD275C49->f949701e-f635-4de4-9d83-19655f8fd504-AppendLogResponseHandler: Failed appendEntries: org.apache.ratis.thirdparty.io.grpc.StatusRuntimeException: CANCELLED: HTTP/2 error code: CANCEL
Received Rst Stream
2019-09-26 15:56:17,692 [grpc-default-executor-0] INFO  impl.FollowerInfo (FollowerInfo.java:lambda$new$0(51)) - 64635f80-cc5b-405f-98b2-f991c2a0e60e@group-D67BCD275C49->f949701e-f635-4de4-9d83-19655f8fd504: nextIndex: updateUnconditionally 1 -> 0
2019-09-26 15:56:17,694 [grpc-default-executor-4] INFO  impl.FollowerInfo (FollowerInfo.java:lambda$new$0(51)) - 1b3d0591-2738-428f-9259-44499a4c704f@group-E19CBEF779EE->1db74e33-95b2-4a02-afc0-c3b777a2f5f7: nextIndex: updateUnconditionally 1 -> 0
2019-09-26 15:56:17,699 [refreshUsed-/workdir/hadoop-ozone/integration-test/target/test-dir/MiniOzoneClusterImpl-b52dc576-3a90-4436-b01d-af36ccb82095/datanode-5/data/containers] WARN  fs.CachingGetSpaceUsed (CachingGetSpaceUsed.java:run(183)) - Thread Interrupted waiting to refresh disk information: sleep interrupted
2019-09-26 15:56:17,699 [refreshUsed-/workdir/hadoop-ozone/integration-test/target/test-dir/MiniOzoneClusterImpl-b52dc576-3a90-4436-b01d-af36ccb82095/datanode-2/data/containers] WARN  fs.CachingGetSpaceUsed (CachingGetSpaceUsed.java:run(183)) - Thread Interrupted waiting to refresh disk information: sleep interrupted
2019-09-26 15:56:17,734 [main] INFO  utils.BackgroundService (BackgroundService.java:shutdown(148)) - Shutting down service BlockDeletingService
2019-09-26 15:56:17,742 [main] INFO  statemachine.DatanodeStateMachine (DatanodeStateMachine.java:stopDaemon(395)) - Ozone container server stopped.
2019-09-26 15:56:17,745 [ForkJoinPool.commonPool-worker-0] INFO  utils.BackgroundService (BackgroundService.java:shutdown(148)) - Shutting down service BlockDeletingService
2019-09-26 15:56:17,745 [main] INFO  handler.ContextHandler (ContextHandler.java:doStop(910)) - Stopped o.e.j.w.WebAppContext@2975a9e{/,null,UNAVAILABLE}{/hddsDatanode}
2019-09-26 15:56:17,751 [ForkJoinPool.commonPool-worker-0] INFO  statemachine.DatanodeStateMachine (DatanodeStateMachine.java:stopDaemon(395)) - Ozone container server stopped.
2019-09-26 15:56:17,756 [main] INFO  server.AbstractConnector (AbstractConnector.java:doStop(318)) - Stopped ServerConnector@765ffb14{HTTP/1.1,[http/1.1]}{0.0.0.0:0}
2019-09-26 15:56:17,758 [ForkJoinPool.commonPool-worker-0] INFO  handler.ContextHandler (ContextHandler.java:doStop(910)) - Stopped o.e.j.w.WebAppContext@3ba46e63{/,null,UNAVAILABLE}{/hddsDatanode}
2019-09-26 15:56:17,758 [main] INFO  handler.ContextHandler (ContextHandler.java:doStop(910)) - Stopped o.e.j.s.ServletContextHandler@1f53481b{/static,jar:file:/home/user/.m2/repository/org/apache/hadoop/hadoop-hdds-container-service/0.5.0-SNAPSHOT/hadoop-hdds-container-service-0.5.0-SNAPSHOT.jar!/webapps/static,UNAVAILABLE}
2019-09-26 15:56:17,759 [main] INFO  handler.ContextHandler (ContextHandler.java:doStop(910)) - Stopped o.e.j.s.ServletContextHandler@714f3da4{/logs,file:///workdir/hadoop-ozone/integration-test/target/log,UNAVAILABLE}
2019-09-26 15:56:17,759 [ForkJoinPool.commonPool-worker-0] INFO  server.AbstractConnector (AbstractConnector.java:doStop(318)) - Stopped ServerConnector@788ddc1f{HTTP/1.1,[http/1.1]}{0.0.0.0:0}
2019-09-26 15:56:17,761 [ForkJoinPool.commonPool-worker-0] INFO  handler.ContextHandler (ContextHandler.java:doStop(910)) - Stopped o.e.j.s.ServletContextHandler@75de6341{/static,jar:file:/home/user/.m2/repository/org/apache/hadoop/hadoop-hdds-container-service/0.5.0-SNAPSHOT/hadoop-hdds-container-service-0.5.0-SNAPSHOT.jar!/webapps/static,UNAVAILABLE}
2019-09-26 15:56:17,764 [ForkJoinPool.commonPool-worker-0] INFO  handler.ContextHandler (ContextHandler.java:doStop(910)) - Stopped o.e.j.s.ServletContextHandler@4f9a6c2d{/logs,file:///workdir/hadoop-ozone/integration-test/target/log,UNAVAILABLE}
2019-09-26 15:56:17,872 [Datanode State Machine Thread - 0] INFO  statemachine.DatanodeStateMachine (DatanodeStateMachine.java:lambda$startDaemon$0(350)) - Ozone container server started.
2019-09-26 15:56:18,376 [Datanode State Machine Thread - 0] INFO  statemachine.DatanodeStateMachine (DatanodeStateMachine.java:lambda$startDaemon$0(350)) - Ozone container server started.
2019-09-26 15:56:18,593 [grpc-default-executor-6] WARN  server.GrpcLogAppender (LogUtils.java:warn(134)) - 64635f80-cc5b-405f-98b2-f991c2a0e60e@group-D67BCD275C49->f949701e-f635-4de4-9d83-19655f8fd504-AppendLogResponseHandler: Failed appendEntries: org.apache.ratis.thirdparty.io.grpc.StatusRuntimeException: UNAVAILABLE: io exception
2019-09-26 15:56:18,593 [grpc-default-executor-0] WARN  server.GrpcLogAppender (LogUtils.java:warn(134)) - 1b3d0591-2738-428f-9259-44499a4c704f@group-E19CBEF779EE->1db74e33-95b2-4a02-afc0-c3b777a2f5f7-AppendLogResponseHandler: Failed appendEntries: org.apache.ratis.thirdparty.io.grpc.StatusRuntimeException: UNAVAILABLE: io exception
2019-09-26 15:56:18,598 [grpc-default-executor-6] INFO  impl.FollowerInfo (FollowerInfo.java:lambda$new$0(51)) - 64635f80-cc5b-405f-98b2-f991c2a0e60e@group-D67BCD275C49->f949701e-f635-4de4-9d83-19655f8fd504: nextIndex: updateUnconditionally 0 -> 0
2019-09-26 15:56:18,599 [grpc-default-executor-0] INFO  impl.FollowerInfo (FollowerInfo.java:lambda$new$0(51)) - 1b3d0591-2738-428f-9259-44499a4c704f@group-E19CBEF779EE->1db74e33-95b2-4a02-afc0-c3b777a2f5f7: nextIndex: updateUnconditionally 0 -> 0
2019-09-26 15:56:21,088 [grpc-default-executor-7] WARN  server.GrpcLogAppender (LogUtils.java:warn(134)) - 1b3d0591-2738-428f-9259-44499a4c704f@group-E19CBEF779EE->1db74e33-95b2-4a02-afc0-c3b777a2f5f7-AppendLogResponseHandler: Failed appendEntries: org.apache.ratis.thirdparty.io.grpc.StatusRuntimeException: UNAVAILABLE: io exception
2019-09-26 15:56:21,088 [grpc-default-executor-8] WARN  server.GrpcLogAppender (LogUtils.java:warn(134)) - 64635f80-cc5b-405f-98b2-f991c2a0e60e@group-D67BCD275C49->f949701e-f635-4de4-9d83-19655f8fd504-AppendLogResponseHandler: Failed appendEntries: org.apache.ratis.thirdparty.io.grpc.StatusRuntimeException: UNAVAILABLE: io exception
2019-09-26 15:56:21,091 [grpc-default-executor-7] INFO  impl.FollowerInfo (FollowerInfo.java:lambda$new$0(51)) - 1b3d0591-2738-428f-9259-44499a4c704f@group-E19CBEF779EE->1db74e33-95b2-4a02-afc0-c3b777a2f5f7: nextIndex: updateUnconditionally 0 -> 0
2019-09-26 15:56:21,093 [grpc-default-executor-8] INFO  impl.FollowerInfo (FollowerInfo.java:lambda$new$0(51)) - 64635f80-cc5b-405f-98b2-f991c2a0e60e@group-D67BCD275C49->f949701e-f635-4de4-9d83-19655f8fd504: nextIndex: updateUnconditionally 0 -> 0
2019-09-26 15:56:22,764 [main] INFO  ozoneimpl.OzoneContainer (OzoneContainer.java:stop(231)) - Attempting to stop container services.
2019-09-26 15:56:22,765 [ForkJoinPool.commonPool-worker-0] INFO  ozoneimpl.OzoneContainer (OzoneContainer.java:stop(231)) - Attempting to stop container services.
2019-09-26 15:56:22,766 [main] INFO  impl.RaftServerProxy (RaftServerProxy.java:lambda$close$4(314)) - 6258f0da-10d7-4ff4-befa-56fd7261fe8a: close
2019-09-26 15:56:22,766 [ForkJoinPool.commonPool-worker-0] INFO  impl.RaftServerProxy (RaftServerProxy.java:lambda$close$4(314)) - 84fb3a66-3f41-460d-9e69-4cc62332d47e: close
2019-09-26 15:56:22,766 [main] INFO  impl.RaftServerImpl (RaftServerImpl.java:lambda$shutdown$3(251)) - 6258f0da-10d7-4ff4-befa-56fd7261fe8a@group-51DDB47F5F7C: shutdown
2019-09-26 15:56:22,767 [ForkJoinPool.commonPool-worker-0] INFO  impl.RaftServerImpl (RaftServerImpl.java:lambda$shutdown$3(251)) - 84fb3a66-3f41-460d-9e69-4cc62332d47e@group-6BA2059DE0D3: shutdown
2019-09-26 15:56:22,767 [main] INFO  util.JmxRegister (JmxRegister.java:unregister(73)) - Successfully un-registered JMX Bean with object name Ratis:service=RaftServer,group=group-51DDB47F5F7C,id=6258f0da-10d7-4ff4-befa-56fd7261fe8a
2019-09-26 15:56:22,771 [ForkJoinPool.commonPool-worker-0] INFO  util.JmxRegister (JmxRegister.java:unregister(73)) - Successfully un-registered JMX Bean with object name Ratis:service=RaftServer,group=group-6BA2059DE0D3,id=84fb3a66-3f41-460d-9e69-4cc62332d47e
2019-09-26 15:56:22,772 [main] INFO  impl.RoleInfo (RoleInfo.java:shutdownLeaderState(104)) - 6258f0da-10d7-4ff4-befa-56fd7261fe8a: shutdown LeaderState
2019-09-26 15:56:22,772 [ForkJoinPool.commonPool-worker-0] INFO  impl.RoleInfo (RoleInfo.java:shutdownFollowerState(121)) - 84fb3a66-3f41-460d-9e69-4cc62332d47e: shutdown FollowerState
2019-09-26 15:56:22,773 [main] INFO  impl.PendingRequests (PendingRequests.java:sendNotLeaderResponses(202)) - 6258f0da-10d7-4ff4-befa-56fd7261fe8a-PendingRequests: sendNotLeaderResponses
2019-09-26 15:56:22,773 [Thread-372] INFO  impl.FollowerState (FollowerState.java:run(115)) - 84fb3a66-3f41-460d-9e69-4cc62332d47e: FollowerState was interrupted: java.lang.InterruptedException: sleep interrupted
2019-09-26 15:56:22,773 [ForkJoinPool.commonPool-worker-0] INFO  impl.StateMachineUpdater (StateMachineUpdater.java:stopAndJoin(125)) - 84fb3a66-3f41-460d-9e69-4cc62332d47e@group-6BA2059DE0D3-StateMachineUpdater: set stopIndex = 0
2019-09-26 15:56:22,777 [ForkJoinPool.commonPool-worker-0] INFO  impl.RaftServerImpl (ServerState.java:close(385)) - 84fb3a66-3f41-460d-9e69-4cc62332d47e@group-6BA2059DE0D3: closes. applyIndex: 0
2019-09-26 15:56:22,774 [main] INFO  impl.StateMachineUpdater (StateMachineUpdater.java:stopAndJoin(125)) - 6258f0da-10d7-4ff4-befa-56fd7261fe8a@group-51DDB47F5F7C-StateMachineUpdater: set stopIndex = 0
2019-09-26 15:56:22,778 [84fb3a66-3f41-460d-9e69-4cc62332d47e@group-6BA2059DE0D3-SegmentedRaftLogWorker] INFO  segmented.SegmentedRaftLogWorker (SegmentedRaftLogWorker.java:run(313)) - 84fb3a66-3f41-460d-9e69-4cc62332d47e@group-6BA2059DE0D3-SegmentedRaftLogWorker was interrupted, exiting. There are 0 tasks remaining in the queue.
2019-09-26 15:56:22,778 [main] INFO  impl.RaftServerImpl (ServerState.java:close(385)) - 6258f0da-10d7-4ff4-befa-56fd7261fe8a@group-51DDB47F5F7C: closes. applyIndex: 0
2019-09-26 15:56:22,781 [ForkJoinPool.commonPool-worker-0] INFO  segmented.SegmentedRaftLogWorker (SegmentedRaftLogWorker.java:close(228)) - 84fb3a66-3f41-460d-9e69-4cc62332d47e@group-6BA2059DE0D3-SegmentedRaftLogWorker close()
2019-09-26 15:56:22,781 [6258f0da-10d7-4ff4-befa-56fd7261fe8a@group-51DDB47F5F7C-SegmentedRaftLogWorker] INFO  segmented.SegmentedRaftLogWorker (SegmentedRaftLogWorker.java:run(313)) - 6258f0da-10d7-4ff4-befa-56fd7261fe8a@group-51DDB47F5F7C-SegmentedRaftLogWorker was interrupted, exiting. There are 0 tasks remaining in the queue.
2019-09-26 15:56:22,786 [ForkJoinPool.commonPool-worker-0] INFO  impl.RaftServerImpl (RaftServerImpl.java:lambda$shutdown$3(251)) - 84fb3a66-3f41-460d-9e69-4cc62332d47e@group-61C6842D17CC: shutdown
2019-09-26 15:56:22,789 [ForkJoinPool.commonPool-worker-0] INFO  util.JmxRegister (JmxRegister.java:unregister(73)) - Successfully un-registered JMX Bean with object name Ratis:service=RaftServer,group=group-61C6842D17CC,id=84fb3a66-3f41-460d-9e69-4cc62332d47e
2019-09-26 15:56:22,789 [ForkJoinPool.commonPool-worker-0] INFO  impl.RoleInfo (RoleInfo.java:shutdownLeaderState(104)) - 84fb3a66-3f41-460d-9e69-4cc62332d47e: shutdown LeaderState
2019-09-26 15:56:22,789 [ForkJoinPool.commonPool-worker-0] INFO  impl.PendingRequests (PendingRequests.java:sendNotLeaderResponses(202)) - 84fb3a66-3f41-460d-9e69-4cc62332d47e-PendingRequests: sendNotLeaderResponses
2019-09-26 15:56:22,790 [ForkJoinPool.commonPool-worker-0] INFO  impl.StateMachineUpdater (StateMachineUpdater.java:stopAndJoin(125)) - 84fb3a66-3f41-460d-9e69-4cc62332d47e@group-61C6842D17CC-StateMachineUpdater: set stopIndex = 0
2019-09-26 15:56:22,790 [ForkJoinPool.commonPool-worker-0] INFO  impl.RaftServerImpl (ServerState.java:close(385)) - 84fb3a66-3f41-460d-9e69-4cc62332d47e@group-61C6842D17CC: closes. applyIndex: 0
2019-09-26 15:56:22,791 [84fb3a66-3f41-460d-9e69-4cc62332d47e@group-61C6842D17CC-SegmentedRaftLogWorker] INFO  segmented.SegmentedRaftLogWorker (SegmentedRaftLogWorker.java:run(313)) - 84fb3a66-3f41-460d-9e69-4cc62332d47e@group-61C6842D17CC-SegmentedRaftLogWorker was interrupted, exiting. There are 0 tasks remaining in the queue.
2019-09-26 15:56:22,793 [main] INFO  segmented.SegmentedRaftLogWorker (SegmentedRaftLogWorker.java:close(228)) - 6258f0da-10d7-4ff4-befa-56fd7261fe8a@group-51DDB47F5F7C-SegmentedRaftLogWorker close()
2019-09-26 15:56:22,793 [ForkJoinPool.commonPool-worker-0] INFO  segmented.SegmentedRaftLogWorker (SegmentedRaftLogWorker.java:close(228)) - 84fb3a66-3f41-460d-9e69-4cc62332d47e@group-61C6842D17CC-SegmentedRaftLogWorker close()
2019-09-26 15:56:22,798 [main] INFO  server.GrpcService (GrpcService.java:closeImpl(164)) - 6258f0da-10d7-4ff4-befa-56fd7261fe8a: shutdown server with port 43279 now
2019-09-26 15:56:22,803 [ForkJoinPool.commonPool-worker-0] INFO  server.GrpcService (GrpcService.java:closeImpl(164)) - 84fb3a66-3f41-460d-9e69-4cc62332d47e: shutdown server with port 41202 now
2019-09-26 15:56:22,806 [main] INFO  server.GrpcService (GrpcService.java:closeImpl(172)) - 6258f0da-10d7-4ff4-befa-56fd7261fe8a: shutdown server with port 43279 successfully
2019-09-26 15:56:22,809 [grpc-default-executor-7] WARN  server.GrpcServerProtocolService (LogUtils.java:warn(134)) - 84fb3a66-3f41-460d-9e69-4cc62332d47e: installSnapshot onError, lastRequest: 0a9353e1-ac44-4328-9be7-ee392af6c194->84fb3a66-3f41-460d-9e69-4cc62332d47e#46-t1, previous=(t:1, i:0), leaderCommit=0, initializing? false, entries: <empty>: org.apache.ratis.thirdparty.io.grpc.StatusRuntimeException: CANCELLED: cancelled before receiving half close
2019-09-26 15:56:22,809 [ForkJoinPool.commonPool-worker-0] INFO  server.GrpcService (GrpcService.java:closeImpl(172)) - 84fb3a66-3f41-460d-9e69-4cc62332d47e: shutdown server with port 41202 successfully
2019-09-26 15:56:22,810 [grpc-default-executor-4] WARN  server.GrpcLogAppender (LogUtils.java:warn(134)) - 0a9353e1-ac44-4328-9be7-ee392af6c194@group-6BA2059DE0D3->84fb3a66-3f41-460d-9e69-4cc62332d47e-AppendLogResponseHandler: Failed appendEntries: org.apache.ratis.thirdparty.io.grpc.StatusRuntimeException: CANCELLED: HTTP/2 error code: CANCEL
Received Rst Stream
2019-09-26 15:56:22,813 [grpc-default-executor-4] INFO  impl.FollowerInfo (FollowerInfo.java:lambda$new$0(51)) - 0a9353e1-ac44-4328-9be7-ee392af6c194@group-6BA2059DE0D3->84fb3a66-3f41-460d-9e69-4cc62332d47e: nextIndex: updateUnconditionally 1 -> 0
2019-09-26 15:56:22,814 [refreshUsed-/workdir/hadoop-ozone/integration-test/target/test-dir/MiniOzoneClusterImpl-b52dc576-3a90-4436-b01d-af36ccb82095/datanode-6/data/containers] WARN  fs.CachingGetSpaceUsed (CachingGetSpaceUsed.java:run(183)) - Thread Interrupted waiting to refresh disk information: sleep interrupted
2019-09-26 15:56:22,839 [refreshUsed-/workdir/hadoop-ozone/integration-test/target/test-dir/MiniOzoneClusterImpl-b52dc576-3a90-4436-b01d-af36ccb82095/datanode-3/data/containers] WARN  fs.CachingGetSpaceUsed (CachingGetSpaceUsed.java:run(183)) - Thread Interrupted waiting to refresh disk information: sleep interrupted
2019-09-26 15:56:22,844 [main] INFO  utils.BackgroundService (BackgroundService.java:shutdown(148)) - Shutting down service BlockDeletingService
2019-09-26 15:56:22,850 [main] INFO  statemachine.DatanodeStateMachine (DatanodeStateMachine.java:stopDaemon(395)) - Ozone container server stopped.
2019-09-26 15:56:22,851 [main] INFO  handler.ContextHandler (ContextHandler.java:doStop(910)) - Stopped o.e.j.w.WebAppContext@640ab13c{/,null,UNAVAILABLE}{/hddsDatanode}
2019-09-26 15:56:22,852 [main] INFO  server.AbstractConnector (AbstractConnector.java:doStop(318)) - Stopped ServerConnector@1e0a864d{HTTP/1.1,[http/1.1]}{0.0.0.0:0}
2019-09-26 15:56:22,852 [main] INFO  handler.ContextHandler (ContextHandler.java:doStop(910)) - Stopped o.e.j.s.ServletContextHandler@59bbe88a{/static,jar:file:/home/user/.m2/repository/org/apache/hadoop/hadoop-hdds-container-service/0.5.0-SNAPSHOT/hadoop-hdds-container-service-0.5.0-SNAPSHOT.jar!/webapps/static,UNAVAILABLE}
2019-09-26 15:56:22,853 [main] INFO  handler.ContextHandler (ContextHandler.java:doStop(910)) - Stopped o.e.j.s.ServletContextHandler@77049094{/logs,file:///workdir/hadoop-ozone/integration-test/target/log,UNAVAILABLE}
2019-09-26 15:56:22,860 [ForkJoinPool.commonPool-worker-0] INFO  utils.BackgroundService (BackgroundService.java:shutdown(148)) - Shutting down service BlockDeletingService
2019-09-26 15:56:22,867 [ForkJoinPool.commonPool-worker-0] INFO  statemachine.DatanodeStateMachine (DatanodeStateMachine.java:stopDaemon(395)) - Ozone container server stopped.
2019-09-26 15:56:22,873 [ForkJoinPool.commonPool-worker-0] INFO  handler.ContextHandler (ContextHandler.java:doStop(910)) - Stopped o.e.j.w.WebAppContext@984169e{/,null,UNAVAILABLE}{/hddsDatanode}
2019-09-26 15:56:22,875 [ForkJoinPool.commonPool-worker-0] INFO  server.AbstractConnector (AbstractConnector.java:doStop(318)) - Stopped ServerConnector@43f1bb92{HTTP/1.1,[http/1.1]}{0.0.0.0:0}
2019-09-26 15:56:22,877 [ForkJoinPool.commonPool-worker-0] INFO  handler.ContextHandler (ContextHandler.java:doStop(910)) - Stopped o.e.j.s.ServletContextHandler@574a89e2{/static,jar:file:/home/user/.m2/repository/org/apache/hadoop/hadoop-hdds-container-service/0.5.0-SNAPSHOT/hadoop-hdds-container-service-0.5.0-SNAPSHOT.jar!/webapps/static,UNAVAILABLE}
2019-09-26 15:56:22,878 [Datanode State Machine Thread - 0] INFO  statemachine.DatanodeStateMachine (DatanodeStateMachine.java:lambda$startDaemon$0(350)) - Ozone container server started.
2019-09-26 15:56:22,879 [ForkJoinPool.commonPool-worker-0] INFO  handler.ContextHandler (ContextHandler.java:doStop(910)) - Stopped o.e.j.s.ServletContextHandler@753aca85{/logs,file:///workdir/hadoop-ozone/integration-test/target/log,UNAVAILABLE}
2019-09-26 15:56:23,592 [grpc-default-executor-6] WARN  server.GrpcLogAppender (LogUtils.java:warn(134)) - 64635f80-cc5b-405f-98b2-f991c2a0e60e@group-D67BCD275C49->f949701e-f635-4de4-9d83-19655f8fd504-AppendLogResponseHandler: Failed appendEntries: org.apache.ratis.thirdparty.io.grpc.StatusRuntimeException: UNAVAILABLE: io exception
2019-09-26 15:56:23,592 [grpc-default-executor-4] WARN  server.GrpcLogAppender (LogUtils.java:warn(134)) - 1b3d0591-2738-428f-9259-44499a4c704f@group-E19CBEF779EE->1db74e33-95b2-4a02-afc0-c3b777a2f5f7-AppendLogResponseHandler: Failed appendEntries: org.apache.ratis.thirdparty.io.grpc.StatusRuntimeException: UNAVAILABLE: io exception
2019-09-26 15:56:23,596 [grpc-default-executor-6] INFO  impl.FollowerInfo (FollowerInfo.java:lambda$new$0(51)) - 64635f80-cc5b-405f-98b2-f991c2a0e60e@group-D67BCD275C49->f949701e-f635-4de4-9d83-19655f8fd504: nextIndex: updateUnconditionally 0 -> 0
2019-09-26 15:56:23,596 [grpc-default-executor-4] INFO  impl.FollowerInfo (FollowerInfo.java:lambda$new$0(51)) - 1b3d0591-2738-428f-9259-44499a4c704f@group-E19CBEF779EE->1db74e33-95b2-4a02-afc0-c3b777a2f5f7: nextIndex: updateUnconditionally 0 -> 0
2019-09-26 15:56:23,601 [grpc-default-executor-8] WARN  server.GrpcLogAppender (LogUtils.java:warn(134)) - 0a9353e1-ac44-4328-9be7-ee392af6c194@group-6BA2059DE0D3->84fb3a66-3f41-460d-9e69-4cc62332d47e-AppendLogResponseHandler: Failed appendEntries: org.apache.ratis.thirdparty.io.grpc.StatusRuntimeException: UNAVAILABLE: io exception
2019-09-26 15:56:23,603 [grpc-default-executor-8] INFO  impl.FollowerInfo (FollowerInfo.java:lambda$new$0(51)) - 0a9353e1-ac44-4328-9be7-ee392af6c194@group-6BA2059DE0D3->84fb3a66-3f41-460d-9e69-4cc62332d47e: nextIndex: updateUnconditionally 0 -> 0
2019-09-26 15:56:23,878 [Datanode State Machine Thread - 0] INFO  statemachine.DatanodeStateMachine (DatanodeStateMachine.java:lambda$startDaemon$0(350)) - Ozone container server started.
2019-09-26 15:56:26,093 [grpc-default-executor-8] WARN  server.GrpcLogAppender (LogUtils.java:warn(134)) - 1b3d0591-2738-428f-9259-44499a4c704f@group-E19CBEF779EE->1db74e33-95b2-4a02-afc0-c3b777a2f5f7-AppendLogResponseHandler: Failed appendEntries: org.apache.ratis.thirdparty.io.grpc.StatusRuntimeException: UNAVAILABLE: io exception
2019-09-26 15:56:26,093 [grpc-default-executor-7] WARN  server.GrpcLogAppender (LogUtils.java:warn(134)) - 64635f80-cc5b-405f-98b2-f991c2a0e60e@group-D67BCD275C49->f949701e-f635-4de4-9d83-19655f8fd504-AppendLogResponseHandler: Failed appendEntries: org.apache.ratis.thirdparty.io.grpc.StatusRuntimeException: UNAVAILABLE: io exception
2019-09-26 15:56:26,097 [grpc-default-executor-8] INFO  impl.FollowerInfo (FollowerInfo.java:lambda$new$0(51)) - 1b3d0591-2738-428f-9259-44499a4c704f@group-E19CBEF779EE->1db74e33-95b2-4a02-afc0-c3b777a2f5f7: nextIndex: updateUnconditionally 0 -> 0
2019-09-26 15:56:26,097 [grpc-default-executor-7] INFO  impl.FollowerInfo (FollowerInfo.java:lambda$new$0(51)) - 64635f80-cc5b-405f-98b2-f991c2a0e60e@group-D67BCD275C49->f949701e-f635-4de4-9d83-19655f8fd504: nextIndex: updateUnconditionally 0 -> 0
2019-09-26 15:56:26,104 [grpc-default-executor-6] WARN  server.GrpcLogAppender (LogUtils.java:warn(134)) - 0a9353e1-ac44-4328-9be7-ee392af6c194@group-6BA2059DE0D3->84fb3a66-3f41-460d-9e69-4cc62332d47e-AppendLogResponseHandler: Failed appendEntries: org.apache.ratis.thirdparty.io.grpc.StatusRuntimeException: UNAVAILABLE: io exception
2019-09-26 15:56:26,106 [grpc-default-executor-6] INFO  impl.FollowerInfo (FollowerInfo.java:lambda$new$0(51)) - 0a9353e1-ac44-4328-9be7-ee392af6c194@group-6BA2059DE0D3->84fb3a66-3f41-460d-9e69-4cc62332d47e: nextIndex: updateUnconditionally 0 -> 0
2019-09-26 15:56:27,855 [main] INFO  ozoneimpl.OzoneContainer (OzoneContainer.java:stop(231)) - Attempting to stop container services.
2019-09-26 15:56:27,856 [main] INFO  impl.RaftServerProxy (RaftServerProxy.java:lambda$close$4(314)) - 64635f80-cc5b-405f-98b2-f991c2a0e60e: close
2019-09-26 15:56:27,857 [main] INFO  impl.RaftServerImpl (RaftServerImpl.java:lambda$shutdown$3(251)) - 64635f80-cc5b-405f-98b2-f991c2a0e60e@group-CA6B03E60EDE: shutdown
2019-09-26 15:56:27,858 [main] INFO  util.JmxRegister (JmxRegister.java:unregister(73)) - Successfully un-registered JMX Bean with object name Ratis:service=RaftServer,group=group-CA6B03E60EDE,id=64635f80-cc5b-405f-98b2-f991c2a0e60e
2019-09-26 15:56:27,858 [main] INFO  impl.RoleInfo (RoleInfo.java:shutdownLeaderState(104)) - 64635f80-cc5b-405f-98b2-f991c2a0e60e: shutdown LeaderState
2019-09-26 15:56:27,859 [main] INFO  impl.PendingRequests (PendingRequests.java:sendNotLeaderResponses(202)) - 64635f80-cc5b-405f-98b2-f991c2a0e60e-PendingRequests: sendNotLeaderResponses
2019-09-26 15:56:27,859 [main] INFO  impl.StateMachineUpdater (StateMachineUpdater.java:stopAndJoin(125)) - 64635f80-cc5b-405f-98b2-f991c2a0e60e@group-CA6B03E60EDE-StateMachineUpdater: set stopIndex = 0
2019-09-26 15:56:27,860 [main] INFO  impl.RaftServerImpl (ServerState.java:close(385)) - 64635f80-cc5b-405f-98b2-f991c2a0e60e@group-CA6B03E60EDE: closes. applyIndex: 0
2019-09-26 15:56:27,860 [64635f80-cc5b-405f-98b2-f991c2a0e60e@group-CA6B03E60EDE-SegmentedRaftLogWorker] INFO  segmented.SegmentedRaftLogWorker (SegmentedRaftLogWorker.java:run(313)) - 64635f80-cc5b-405f-98b2-f991c2a0e60e@group-CA6B03E60EDE-SegmentedRaftLogWorker was interrupted, exiting. There are 0 tasks remaining in the queue.
2019-09-26 15:56:27,865 [main] INFO  segmented.SegmentedRaftLogWorker (SegmentedRaftLogWorker.java:close(228)) - 64635f80-cc5b-405f-98b2-f991c2a0e60e@group-CA6B03E60EDE-SegmentedRaftLogWorker close()
2019-09-26 15:56:27,869 [main] INFO  impl.RaftServerImpl (RaftServerImpl.java:lambda$shutdown$3(251)) - 64635f80-cc5b-405f-98b2-f991c2a0e60e@group-D67BCD275C49: shutdown
2019-09-26 15:56:27,869 [main] INFO  util.JmxRegister (JmxRegister.java:unregister(73)) - Successfully un-registered JMX Bean with object name Ratis:service=RaftServer,group=group-D67BCD275C49,id=64635f80-cc5b-405f-98b2-f991c2a0e60e
2019-09-26 15:56:27,870 [main] INFO  impl.RoleInfo (RoleInfo.java:shutdownLeaderState(104)) - 64635f80-cc5b-405f-98b2-f991c2a0e60e: shutdown LeaderState
2019-09-26 15:56:27,873 [main] INFO  impl.PendingRequests (PendingRequests.java:sendNotLeaderResponses(202)) - 64635f80-cc5b-405f-98b2-f991c2a0e60e-PendingRequests: sendNotLeaderResponses
2019-09-26 15:56:27,874 [org.apache.ratis.server.impl.LogAppender$AppenderDaemon$$Lambda$424/479410469@57132126] WARN  server.GrpcLogAppender (GrpcLogAppender.java:mayWait(143)) - 64635f80-cc5b-405f-98b2-f991c2a0e60e@group-D67BCD275C49->f949701e-f635-4de4-9d83-19655f8fd504-GrpcLogAppender: Wait interrupted by java.lang.InterruptedException
2019-09-26 15:56:27,874 [org.apache.ratis.server.impl.LogAppender$AppenderDaemon$$Lambda$424/479410469@6969fa68] WARN  server.GrpcLogAppender (GrpcLogAppender.java:mayWait(143)) - 64635f80-cc5b-405f-98b2-f991c2a0e60e@group-D67BCD275C49->277796b0-7c1f-4e5e-9d69-130dc6003588-GrpcLogAppender: Wait interrupted by java.lang.InterruptedException
2019-09-26 15:56:27,874 [main] INFO  impl.StateMachineUpdater (StateMachineUpdater.java:stopAndJoin(125)) - 64635f80-cc5b-405f-98b2-f991c2a0e60e@group-D67BCD275C49-StateMachineUpdater: set stopIndex = 0
2019-09-26 15:56:27,875 [main] INFO  impl.RaftServerImpl (ServerState.java:close(385)) - 64635f80-cc5b-405f-98b2-f991c2a0e60e@group-D67BCD275C49: closes. applyIndex: 0
2019-09-26 15:56:27,877 [64635f80-cc5b-405f-98b2-f991c2a0e60e@group-D67BCD275C49-SegmentedRaftLogWorker] INFO  segmented.SegmentedRaftLogWorker (SegmentedRaftLogWorker.java:run(313)) - 64635f80-cc5b-405f-98b2-f991c2a0e60e@group-D67BCD275C49-SegmentedRaftLogWorker was interrupted, exiting. There are 0 tasks remaining in the queue.
2019-09-26 15:56:27,881 [main] INFO  segmented.SegmentedRaftLogWorker (SegmentedRaftLogWorker.java:close(228)) - 64635f80-cc5b-405f-98b2-f991c2a0e60e@group-D67BCD275C49-SegmentedRaftLogWorker close()
2019-09-26 15:56:27,881 [ForkJoinPool.commonPool-worker-0] INFO  ozoneimpl.OzoneContainer (OzoneContainer.java:stop(231)) - Attempting to stop container services.
2019-09-26 15:56:27,884 [main] INFO  server.GrpcService (GrpcService.java:closeImpl(164)) - 64635f80-cc5b-405f-98b2-f991c2a0e60e: shutdown server with port 33176 now
2019-09-26 15:56:27,884 [ForkJoinPool.commonPool-worker-0] INFO  impl.RaftServerProxy (RaftServerProxy.java:lambda$close$4(314)) - 1b3d0591-2738-428f-9259-44499a4c704f: close
2019-09-26 15:56:27,886 [ForkJoinPool.commonPool-worker-0] INFO  impl.RaftServerImpl (RaftServerImpl.java:lambda$shutdown$3(251)) - 1b3d0591-2738-428f-9259-44499a4c704f@group-E39AFB520914: shutdown
2019-09-26 15:56:27,886 [ForkJoinPool.commonPool-worker-0] INFO  util.JmxRegister (JmxRegister.java:unregister(73)) - Successfully un-registered JMX Bean with object name Ratis:service=RaftServer,group=group-E39AFB520914,id=1b3d0591-2738-428f-9259-44499a4c704f
2019-09-26 15:56:27,886 [ForkJoinPool.commonPool-worker-0] INFO  impl.RoleInfo (RoleInfo.java:shutdownLeaderState(104)) - 1b3d0591-2738-428f-9259-44499a4c704f: shutdown LeaderState
2019-09-26 15:56:27,886 [ForkJoinPool.commonPool-worker-0] INFO  impl.PendingRequests (PendingRequests.java:sendNotLeaderResponses(202)) - 1b3d0591-2738-428f-9259-44499a4c704f-PendingRequests: sendNotLeaderResponses
2019-09-26 15:56:27,886 [ForkJoinPool.commonPool-worker-0] INFO  impl.StateMachineUpdater (StateMachineUpdater.java:stopAndJoin(125)) - 1b3d0591-2738-428f-9259-44499a4c704f@group-E39AFB520914-StateMachineUpdater: set stopIndex = 0
2019-09-26 15:56:27,887 [main] INFO  server.GrpcService (GrpcService.java:closeImpl(172)) - 64635f80-cc5b-405f-98b2-f991c2a0e60e: shutdown server with port 33176 successfully
2019-09-26 15:56:27,887 [ForkJoinPool.commonPool-worker-0] INFO  impl.RaftServerImpl (ServerState.java:close(385)) - 1b3d0591-2738-428f-9259-44499a4c704f@group-E39AFB520914: closes. applyIndex: 0
2019-09-26 15:56:27,887 [grpc-default-executor-7] INFO  server.GrpcLogAppender (GrpcLogAppender.java:onError(282)) - 64635f80-cc5b-405f-98b2-f991c2a0e60e@group-D67BCD275C49->277796b0-7c1f-4e5e-9d69-130dc6003588-GrpcLogAppender is stopped
2019-09-26 15:56:27,887 [grpc-default-executor-6] INFO  server.GrpcServerProtocolService (GrpcServerProtocolService.java:onCompleted(113)) - 277796b0-7c1f-4e5e-9d69-130dc6003588: Completed APPEND_ENTRIES, lastRequest: 64635f80-cc5b-405f-98b2-f991c2a0e60e->277796b0-7c1f-4e5e-9d69-130dc6003588#48-t1, previous=(t:1, i:0), leaderCommit=0, initializing? false, entries: <empty>
2019-09-26 15:56:27,890 [1b3d0591-2738-428f-9259-44499a4c704f@group-E39AFB520914-SegmentedRaftLogWorker] INFO  segmented.SegmentedRaftLogWorker (SegmentedRaftLogWorker.java:run(313)) - 1b3d0591-2738-428f-9259-44499a4c704f@group-E39AFB520914-SegmentedRaftLogWorker was interrupted, exiting. There are 0 tasks remaining in the queue.
2019-09-26 15:56:27,891 [ForkJoinPool.commonPool-worker-0] INFO  segmented.SegmentedRaftLogWorker (SegmentedRaftLogWorker.java:close(228)) - 1b3d0591-2738-428f-9259-44499a4c704f@group-E39AFB520914-SegmentedRaftLogWorker close()
2019-09-26 15:56:27,900 [ForkJoinPool.commonPool-worker-0] INFO  impl.RaftServerImpl (RaftServerImpl.java:lambda$shutdown$3(251)) - 1b3d0591-2738-428f-9259-44499a4c704f@group-E19CBEF779EE: shutdown
2019-09-26 15:56:27,900 [ForkJoinPool.commonPool-worker-0] INFO  util.JmxRegister (JmxRegister.java:unregister(73)) - Successfully un-registered JMX Bean with object name Ratis:service=RaftServer,group=group-E19CBEF779EE,id=1b3d0591-2738-428f-9259-44499a4c704f
2019-09-26 15:56:27,900 [ForkJoinPool.commonPool-worker-0] INFO  impl.RoleInfo (RoleInfo.java:shutdownLeaderState(104)) - 1b3d0591-2738-428f-9259-44499a4c704f: shutdown LeaderState
2019-09-26 15:56:27,903 [ForkJoinPool.commonPool-worker-0] INFO  impl.PendingRequests (PendingRequests.java:sendNotLeaderResponses(202)) - 1b3d0591-2738-428f-9259-44499a4c704f-PendingRequests: sendNotLeaderResponses
2019-09-26 15:56:27,903 [org.apache.ratis.server.impl.LogAppender$AppenderDaemon$$Lambda$424/479410469@5b2a2b3a] WARN  server.GrpcLogAppender (GrpcLogAppender.java:mayWait(143)) - 1b3d0591-2738-428f-9259-44499a4c704f@group-E19CBEF779EE->b1b47c16-4b16-47f9-8a1c-bd43cd9891d3-GrpcLogAppender: Wait interrupted by java.lang.InterruptedException
2019-09-26 15:56:27,903 [org.apache.ratis.server.impl.LogAppender$AppenderDaemon$$Lambda$424/479410469@3e59f302] WARN  server.GrpcLogAppender (GrpcLogAppender.java:mayWait(143)) - 1b3d0591-2738-428f-9259-44499a4c704f@group-E19CBEF779EE->1db74e33-95b2-4a02-afc0-c3b777a2f5f7-GrpcLogAppender: Wait interrupted by java.lang.InterruptedException
2019-09-26 15:56:27,904 [ForkJoinPool.commonPool-worker-0] INFO  impl.StateMachineUpdater (StateMachineUpdater.java:stopAndJoin(125)) - 1b3d0591-2738-428f-9259-44499a4c704f@group-E19CBEF779EE-StateMachineUpdater: set stopIndex = 0
2019-09-26 15:56:27,904 [ForkJoinPool.commonPool-worker-0] INFO  impl.RaftServerImpl (ServerState.java:close(385)) - 1b3d0591-2738-428f-9259-44499a4c704f@group-E19CBEF779EE: closes. applyIndex: 0
2019-09-26 15:56:27,904 [grpc-default-executor-6] INFO  server.GrpcServerProtocolService (GrpcServerProtocolService.java:onCompleted(113)) - b1b47c16-4b16-47f9-8a1c-bd43cd9891d3: Completed APPEND_ENTRIES, lastRequest: 1b3d0591-2738-428f-9259-44499a4c704f->b1b47c16-4b16-47f9-8a1c-bd43cd9891d3#48-t1, previous=(t:1, i:0), leaderCommit=0, initializing? false, entries: <empty>
2019-09-26 15:56:27,905 [1b3d0591-2738-428f-9259-44499a4c704f@group-E19CBEF779EE-SegmentedRaftLogWorker] INFO  segmented.SegmentedRaftLogWorker (SegmentedRaftLogWorker.java:run(313)) - 1b3d0591-2738-428f-9259-44499a4c704f@group-E19CBEF779EE-SegmentedRaftLogWorker was interrupted, exiting. There are 0 tasks remaining in the queue.
2019-09-26 15:56:27,905 [ForkJoinPool.commonPool-worker-0] INFO  segmented.SegmentedRaftLogWorker (SegmentedRaftLogWorker.java:close(228)) - 1b3d0591-2738-428f-9259-44499a4c704f@group-E19CBEF779EE-SegmentedRaftLogWorker close()
2019-09-26 15:56:27,909 [ForkJoinPool.commonPool-worker-0] INFO  server.GrpcService (GrpcService.java:closeImpl(164)) - 1b3d0591-2738-428f-9259-44499a4c704f: shutdown server with port 35407 now
2019-09-26 15:56:27,909 [refreshUsed-/workdir/hadoop-ozone/integration-test/target/test-dir/MiniOzoneClusterImpl-b52dc576-3a90-4436-b01d-af36ccb82095/datanode-8/data/containers] WARN  fs.CachingGetSpaceUsed (CachingGetSpaceUsed.java:run(183)) - Thread Interrupted waiting to refresh disk information: sleep interrupted
2019-09-26 15:56:27,910 [ForkJoinPool.commonPool-worker-0] INFO  server.GrpcService (GrpcService.java:closeImpl(172)) - 1b3d0591-2738-428f-9259-44499a4c704f: shutdown server with port 35407 successfully
2019-09-26 15:56:27,911 [grpc-default-executor-6] INFO  server.GrpcLogAppender (GrpcLogAppender.java:onError(282)) - 1b3d0591-2738-428f-9259-44499a4c704f@group-E19CBEF779EE->b1b47c16-4b16-47f9-8a1c-bd43cd9891d3-GrpcLogAppender is stopped
2019-09-26 15:56:27,914 [refreshUsed-/workdir/hadoop-ozone/integration-test/target/test-dir/MiniOzoneClusterImpl-b52dc576-3a90-4436-b01d-af36ccb82095/datanode-4/data/containers] WARN  fs.CachingGetSpaceUsed (CachingGetSpaceUsed.java:run(183)) - Thread Interrupted waiting to refresh disk information: sleep interrupted
2019-09-26 15:56:27,932 [main] INFO  utils.BackgroundService (BackgroundService.java:shutdown(148)) - Shutting down service BlockDeletingService
2019-09-26 15:56:27,936 [main] INFO  statemachine.DatanodeStateMachine (DatanodeStateMachine.java:stopDaemon(395)) - Ozone container server stopped.
2019-09-26 15:56:27,937 [main] INFO  handler.ContextHandler (ContextHandler.java:doStop(910)) - Stopped o.e.j.w.WebAppContext@4e682398{/,null,UNAVAILABLE}{/hddsDatanode}
2019-09-26 15:56:27,938 [main] INFO  server.AbstractConnector (AbstractConnector.java:doStop(318)) - Stopped ServerConnector@670b3ca{HTTP/1.1,[http/1.1]}{0.0.0.0:0}
2019-09-26 15:56:27,938 [main] INFO  handler.ContextHandler (ContextHandler.java:doStop(910)) - Stopped o.e.j.s.ServletContextHandler@2a367e93{/static,jar:file:/home/user/.m2/repository/org/apache/hadoop/hadoop-hdds-container-service/0.5.0-SNAPSHOT/hadoop-hdds-container-service-0.5.0-SNAPSHOT.jar!/webapps/static,UNAVAILABLE}
2019-09-26 15:56:27,939 [ForkJoinPool.commonPool-worker-0] INFO  utils.BackgroundService (BackgroundService.java:shutdown(148)) - Shutting down service BlockDeletingService
2019-09-26 15:56:27,939 [main] INFO  handler.ContextHandler (ContextHandler.java:doStop(910)) - Stopped o.e.j.s.ServletContextHandler@75120e58{/logs,file:///workdir/hadoop-ozone/integration-test/target/log,UNAVAILABLE}
2019-09-26 15:56:27,943 [ForkJoinPool.commonPool-worker-0] INFO  statemachine.DatanodeStateMachine (DatanodeStateMachine.java:stopDaemon(395)) - Ozone container server stopped.
2019-09-26 15:56:27,946 [ForkJoinPool.commonPool-worker-0] INFO  handler.ContextHandler (ContextHandler.java:doStop(910)) - Stopped o.e.j.w.WebAppContext@6d5c2745{/,null,UNAVAILABLE}{/hddsDatanode}
2019-09-26 15:56:27,947 [ForkJoinPool.commonPool-worker-0] INFO  server.AbstractConnector (AbstractConnector.java:doStop(318)) - Stopped ServerConnector@44b29496{HTTP/1.1,[http/1.1]}{0.0.0.0:0}
2019-09-26 15:56:27,948 [ForkJoinPool.commonPool-worker-0] INFO  handler.ContextHandler (ContextHandler.java:doStop(910)) - Stopped o.e.j.s.ServletContextHandler@1a96d94c{/static,jar:file:/home/user/.m2/repository/org/apache/hadoop/hadoop-hdds-container-service/0.5.0-SNAPSHOT/hadoop-hdds-container-service-0.5.0-SNAPSHOT.jar!/webapps/static,UNAVAILABLE}
2019-09-26 15:56:27,950 [ForkJoinPool.commonPool-worker-0] INFO  handler.ContextHandler (ContextHandler.java:doStop(910)) - Stopped o.e.j.s.ServletContextHandler@544e8149{/logs,file:///workdir/hadoop-ozone/integration-test/target/log,UNAVAILABLE}
2019-09-26 15:56:28,156 [Datanode State Machine Thread - 0] INFO  statemachine.DatanodeStateMachine (DatanodeStateMachine.java:lambda$startDaemon$0(350)) - Ozone container server started.
2019-09-26 15:56:28,608 [grpc-default-executor-4] WARN  server.GrpcLogAppender (LogUtils.java:warn(134)) - 0a9353e1-ac44-4328-9be7-ee392af6c194@group-6BA2059DE0D3->84fb3a66-3f41-460d-9e69-4cc62332d47e-AppendLogResponseHandler: Failed appendEntries: org.apache.ratis.thirdparty.io.grpc.StatusRuntimeException: UNAVAILABLE: io exception
2019-09-26 15:56:28,610 [grpc-default-executor-4] INFO  impl.FollowerInfo (FollowerInfo.java:lambda$new$0(51)) - 0a9353e1-ac44-4328-9be7-ee392af6c194@group-6BA2059DE0D3->84fb3a66-3f41-460d-9e69-4cc62332d47e: nextIndex: updateUnconditionally 0 -> 0
2019-09-26 15:56:28,865 [Datanode State Machine Thread - 0] INFO  statemachine.DatanodeStateMachine (DatanodeStateMachine.java:lambda$startDaemon$0(350)) - Ozone container server started.
2019-09-26 15:56:31,113 [grpc-default-executor-6] WARN  server.GrpcLogAppender (LogUtils.java:warn(134)) - 0a9353e1-ac44-4328-9be7-ee392af6c194@group-6BA2059DE0D3->84fb3a66-3f41-460d-9e69-4cc62332d47e-AppendLogResponseHandler: Failed appendEntries: org.apache.ratis.thirdparty.io.grpc.StatusRuntimeException: UNAVAILABLE: io exception
2019-09-26 15:56:31,116 [grpc-default-executor-6] INFO  impl.FollowerInfo (FollowerInfo.java:lambda$new$0(51)) - 0a9353e1-ac44-4328-9be7-ee392af6c194@group-6BA2059DE0D3->84fb3a66-3f41-460d-9e69-4cc62332d47e: nextIndex: updateUnconditionally 0 -> 0
2019-09-26 15:56:32,942 [main] INFO  ozoneimpl.OzoneContainer (OzoneContainer.java:stop(231)) - Attempting to stop container services.
2019-09-26 15:56:32,944 [main] INFO  impl.RaftServerProxy (RaftServerProxy.java:lambda$close$4(314)) - 0a9353e1-ac44-4328-9be7-ee392af6c194: close
2019-09-26 15:56:32,944 [main] INFO  impl.RaftServerImpl (RaftServerImpl.java:lambda$shutdown$3(251)) - 0a9353e1-ac44-4328-9be7-ee392af6c194@group-31D2F32906B8: shutdown
2019-09-26 15:56:32,945 [main] INFO  util.JmxRegister (JmxRegister.java:unregister(73)) - Successfully un-registered JMX Bean with object name Ratis:service=RaftServer,group=group-31D2F32906B8,id=0a9353e1-ac44-4328-9be7-ee392af6c194
2019-09-26 15:56:32,945 [main] INFO  impl.RoleInfo (RoleInfo.java:shutdownLeaderState(104)) - 0a9353e1-ac44-4328-9be7-ee392af6c194: shutdown LeaderState
2019-09-26 15:56:32,945 [main] INFO  impl.PendingRequests (PendingRequests.java:sendNotLeaderResponses(202)) - 0a9353e1-ac44-4328-9be7-ee392af6c194-PendingRequests: sendNotLeaderResponses
2019-09-26 15:56:32,946 [main] INFO  impl.StateMachineUpdater (StateMachineUpdater.java:stopAndJoin(125)) - 0a9353e1-ac44-4328-9be7-ee392af6c194@group-31D2F32906B8-StateMachineUpdater: set stopIndex = 0
2019-09-26 15:56:32,947 [main] INFO  impl.RaftServerImpl (ServerState.java:close(385)) - 0a9353e1-ac44-4328-9be7-ee392af6c194@group-31D2F32906B8: closes. applyIndex: 0
2019-09-26 15:56:32,947 [0a9353e1-ac44-4328-9be7-ee392af6c194@group-31D2F32906B8-SegmentedRaftLogWorker] INFO  segmented.SegmentedRaftLogWorker (SegmentedRaftLogWorker.java:run(313)) - 0a9353e1-ac44-4328-9be7-ee392af6c194@group-31D2F32906B8-SegmentedRaftLogWorker was interrupted, exiting. There are 0 tasks remaining in the queue.
2019-09-26 15:56:32,948 [main] INFO  segmented.SegmentedRaftLogWorker (SegmentedRaftLogWorker.java:close(228)) - 0a9353e1-ac44-4328-9be7-ee392af6c194@group-31D2F32906B8-SegmentedRaftLogWorker close()
2019-09-26 15:56:32,952 [main] INFO  impl.RaftServerImpl (RaftServerImpl.java:lambda$shutdown$3(251)) - 0a9353e1-ac44-4328-9be7-ee392af6c194@group-6BA2059DE0D3: shutdown
2019-09-26 15:56:32,952 [ForkJoinPool.commonPool-worker-0] INFO  ozoneimpl.OzoneContainer (OzoneContainer.java:stop(231)) - Attempting to stop container services.
2019-09-26 15:56:32,952 [main] INFO  util.JmxRegister (JmxRegister.java:unregister(73)) - Successfully un-registered JMX Bean with object name Ratis:service=RaftServer,group=group-6BA2059DE0D3,id=0a9353e1-ac44-4328-9be7-ee392af6c194
2019-09-26 15:56:32,953 [ForkJoinPool.commonPool-worker-0] INFO  impl.RaftServerProxy (RaftServerProxy.java:lambda$close$4(314)) - 277796b0-7c1f-4e5e-9d69-130dc6003588: close
2019-09-26 15:56:32,953 [main] INFO  impl.RoleInfo (RoleInfo.java:shutdownLeaderState(104)) - 0a9353e1-ac44-4328-9be7-ee392af6c194: shutdown LeaderState
2019-09-26 15:56:32,953 [ForkJoinPool.commonPool-worker-0] INFO  impl.RaftServerImpl (RaftServerImpl.java:lambda$shutdown$3(251)) - 277796b0-7c1f-4e5e-9d69-130dc6003588@group-43B5FB212988: shutdown
2019-09-26 15:56:32,957 [org.apache.ratis.server.impl.LogAppender$AppenderDaemon$$Lambda$424/479410469@4dd7e87a] WARN  server.GrpcLogAppender (GrpcLogAppender.java:mayWait(143)) - 0a9353e1-ac44-4328-9be7-ee392af6c194@group-6BA2059DE0D3->84fb3a66-3f41-460d-9e69-4cc62332d47e-GrpcLogAppender: Wait interrupted by java.lang.InterruptedException
2019-09-26 15:56:32,957 [org.apache.ratis.server.impl.LogAppender$AppenderDaemon$$Lambda$424/479410469@4d815263] WARN  server.GrpcLogAppender (GrpcLogAppender.java:mayWait(143)) - 0a9353e1-ac44-4328-9be7-ee392af6c194@group-6BA2059DE0D3->5e8efae4-1bfc-4920-bedf-2411f13adce7-GrpcLogAppender: Wait interrupted by java.lang.InterruptedException
2019-09-26 15:56:32,957 [main] INFO  impl.PendingRequests (PendingRequests.java:sendNotLeaderResponses(202)) - 0a9353e1-ac44-4328-9be7-ee392af6c194-PendingRequests: sendNotLeaderResponses
2019-09-26 15:56:32,957 [ForkJoinPool.commonPool-worker-0] INFO  util.JmxRegister (JmxRegister.java:unregister(73)) - Successfully un-registered JMX Bean with object name Ratis:service=RaftServer,group=group-43B5FB212988,id=277796b0-7c1f-4e5e-9d69-130dc6003588
2019-09-26 15:56:32,958 [main] INFO  impl.StateMachineUpdater (StateMachineUpdater.java:stopAndJoin(125)) - 0a9353e1-ac44-4328-9be7-ee392af6c194@group-6BA2059DE0D3-StateMachineUpdater: set stopIndex = 0
2019-09-26 15:56:32,959 [main] INFO  impl.RaftServerImpl (ServerState.java:close(385)) - 0a9353e1-ac44-4328-9be7-ee392af6c194@group-6BA2059DE0D3: closes. applyIndex: 0
2019-09-26 15:56:32,959 [grpc-default-executor-6] INFO  server.GrpcServerProtocolService (GrpcServerProtocolService.java:onCompleted(113)) - 5e8efae4-1bfc-4920-bedf-2411f13adce7: Completed APPEND_ENTRIES, lastRequest: 0a9353e1-ac44-4328-9be7-ee392af6c194->5e8efae4-1bfc-4920-bedf-2411f13adce7#50-t1, previous=(t:1, i:0), leaderCommit=0, initializing? false, entries: <empty>
2019-09-26 15:56:32,959 [ForkJoinPool.commonPool-worker-0] INFO  impl.RoleInfo (RoleInfo.java:shutdownLeaderState(104)) - 277796b0-7c1f-4e5e-9d69-130dc6003588: shutdown LeaderState
2019-09-26 15:56:32,960 [0a9353e1-ac44-4328-9be7-ee392af6c194@group-6BA2059DE0D3-SegmentedRaftLogWorker] INFO  segmented.SegmentedRaftLogWorker (SegmentedRaftLogWorker.java:run(313)) - 0a9353e1-ac44-4328-9be7-ee392af6c194@group-6BA2059DE0D3-SegmentedRaftLogWorker was interrupted, exiting. There are 0 tasks remaining in the queue.
2019-09-26 15:56:32,960 [ForkJoinPool.commonPool-worker-0] INFO  impl.PendingRequests (PendingRequests.java:sendNotLeaderResponses(202)) - 277796b0-7c1f-4e5e-9d69-130dc6003588-PendingRequests: sendNotLeaderResponses
2019-09-26 15:56:32,962 [main] INFO  segmented.SegmentedRaftLogWorker (SegmentedRaftLogWorker.java:close(228)) - 0a9353e1-ac44-4328-9be7-ee392af6c194@group-6BA2059DE0D3-SegmentedRaftLogWorker close()
2019-09-26 15:56:32,963 [grpc-default-executor-6] INFO  server.GrpcLogAppender (GrpcLogAppender.java:onCompleted(293)) - 0a9353e1-ac44-4328-9be7-ee392af6c194@group-6BA2059DE0D3->5e8efae4-1bfc-4920-bedf-2411f13adce7-AppendLogResponseHandler: follower responses appendEntries COMPLETED
2019-09-26 15:56:32,965 [main] INFO  server.GrpcService (GrpcService.java:closeImpl(164)) - 0a9353e1-ac44-4328-9be7-ee392af6c194: shutdown server with port 38051 now
2019-09-26 15:56:32,963 [ForkJoinPool.commonPool-worker-0] INFO  impl.StateMachineUpdater (StateMachineUpdater.java:stopAndJoin(125)) - 277796b0-7c1f-4e5e-9d69-130dc6003588@group-43B5FB212988-StateMachineUpdater: set stopIndex = 0
2019-09-26 15:56:32,967 [grpc-default-executor-6] INFO  impl.FollowerInfo (FollowerInfo.java:lambda$new$0(51)) - 0a9353e1-ac44-4328-9be7-ee392af6c194@group-6BA2059DE0D3->5e8efae4-1bfc-4920-bedf-2411f13adce7: nextIndex: updateUnconditionally 1 -> 0
2019-09-26 15:56:32,968 [ForkJoinPool.commonPool-worker-0] INFO  impl.RaftServerImpl (ServerState.java:close(385)) - 277796b0-7c1f-4e5e-9d69-130dc6003588@group-43B5FB212988: closes. applyIndex: 0
2019-09-26 15:56:32,968 [main] INFO  server.GrpcService (GrpcService.java:closeImpl(172)) - 0a9353e1-ac44-4328-9be7-ee392af6c194: shutdown server with port 38051 successfully
2019-09-26 15:56:32,970 [277796b0-7c1f-4e5e-9d69-130dc6003588@group-43B5FB212988-SegmentedRaftLogWorker] INFO  segmented.SegmentedRaftLogWorker (SegmentedRaftLogWorker.java:run(313)) - 277796b0-7c1f-4e5e-9d69-130dc6003588@group-43B5FB212988-SegmentedRaftLogWorker was interrupted, exiting. There are 0 tasks remaining in the queue.
2019-09-26 15:56:32,970 [ForkJoinPool.commonPool-worker-0] INFO  segmented.SegmentedRaftLogWorker (SegmentedRaftLogWorker.java:close(228)) - 277796b0-7c1f-4e5e-9d69-130dc6003588@group-43B5FB212988-SegmentedRaftLogWorker close()
2019-09-26 15:56:32,973 [ForkJoinPool.commonPool-worker-0] INFO  impl.RaftServerImpl (RaftServerImpl.java:lambda$shutdown$3(251)) - 277796b0-7c1f-4e5e-9d69-130dc6003588@group-D67BCD275C49: shutdown
2019-09-26 15:56:32,973 [ForkJoinPool.commonPool-worker-0] INFO  util.JmxRegister (JmxRegister.java:unregister(73)) - Successfully un-registered JMX Bean with object name Ratis:service=RaftServer,group=group-D67BCD275C49,id=277796b0-7c1f-4e5e-9d69-130dc6003588
2019-09-26 15:56:32,974 [ForkJoinPool.commonPool-worker-0] INFO  impl.RoleInfo (RoleInfo.java:shutdownFollowerState(121)) - 277796b0-7c1f-4e5e-9d69-130dc6003588: shutdown FollowerState
2019-09-26 15:56:32,974 [refreshUsed-/workdir/hadoop-ozone/integration-test/target/test-dir/MiniOzoneClusterImpl-b52dc576-3a90-4436-b01d-af36ccb82095/datanode-9/data/containers] WARN  fs.CachingGetSpaceUsed (CachingGetSpaceUsed.java:run(183)) - Thread Interrupted waiting to refresh disk information: sleep interrupted
2019-09-26 15:56:32,974 [ForkJoinPool.commonPool-worker-0] INFO  impl.StateMachineUpdater (StateMachineUpdater.java:stopAndJoin(125)) - 277796b0-7c1f-4e5e-9d69-130dc6003588@group-D67BCD275C49-StateMachineUpdater: set stopIndex = 0
2019-09-26 15:56:32,974 [Thread-397] INFO  impl.FollowerState (FollowerState.java:run(115)) - 277796b0-7c1f-4e5e-9d69-130dc6003588: FollowerState was interrupted: java.lang.InterruptedException: sleep interrupted
2019-09-26 15:56:32,975 [ForkJoinPool.commonPool-worker-0] INFO  impl.RaftServerImpl (ServerState.java:close(385)) - 277796b0-7c1f-4e5e-9d69-130dc6003588@group-D67BCD275C49: closes. applyIndex: 0
2019-09-26 15:56:32,975 [277796b0-7c1f-4e5e-9d69-130dc6003588@group-D67BCD275C49-SegmentedRaftLogWorker] INFO  segmented.SegmentedRaftLogWorker (SegmentedRaftLogWorker.java:run(313)) - 277796b0-7c1f-4e5e-9d69-130dc6003588@group-D67BCD275C49-SegmentedRaftLogWorker was interrupted, exiting. There are 0 tasks remaining in the queue.
2019-09-26 15:56:32,976 [ForkJoinPool.commonPool-worker-0] INFO  segmented.SegmentedRaftLogWorker (SegmentedRaftLogWorker.java:close(228)) - 277796b0-7c1f-4e5e-9d69-130dc6003588@group-D67BCD275C49-SegmentedRaftLogWorker close()
2019-09-26 15:56:32,978 [ForkJoinPool.commonPool-worker-0] INFO  server.GrpcService (GrpcService.java:closeImpl(164)) - 277796b0-7c1f-4e5e-9d69-130dc6003588: shutdown server with port 40474 now
2019-09-26 15:56:32,986 [ForkJoinPool.commonPool-worker-0] INFO  server.GrpcService (GrpcService.java:closeImpl(172)) - 277796b0-7c1f-4e5e-9d69-130dc6003588: shutdown server with port 40474 successfully
2019-09-26 15:56:32,994 [refreshUsed-/workdir/hadoop-ozone/integration-test/target/test-dir/MiniOzoneClusterImpl-b52dc576-3a90-4436-b01d-af36ccb82095/datanode-0/data/containers] WARN  fs.CachingGetSpaceUsed (CachingGetSpaceUsed.java:run(183)) - Thread Interrupted waiting to refresh disk information: sleep interrupted
2019-09-26 15:56:33,008 [main] INFO  utils.BackgroundService (BackgroundService.java:shutdown(148)) - Shutting down service BlockDeletingService
2019-09-26 15:56:33,013 [main] INFO  statemachine.DatanodeStateMachine (DatanodeStateMachine.java:stopDaemon(395)) - Ozone container server stopped.
2019-09-26 15:56:33,014 [main] INFO  handler.ContextHandler (ContextHandler.java:doStop(910)) - Stopped o.e.j.w.WebAppContext@6f76c2cc{/,null,UNAVAILABLE}{/hddsDatanode}
2019-09-26 15:56:33,015 [main] INFO  server.AbstractConnector (AbstractConnector.java:doStop(318)) - Stopped ServerConnector@306f6f1d{HTTP/1.1,[http/1.1]}{0.0.0.0:0}
2019-09-26 15:56:33,015 [main] INFO  handler.ContextHandler (ContextHandler.java:doStop(910)) - Stopped o.e.j.s.ServletContextHandler@71e35c4{/static,jar:file:/home/user/.m2/repository/org/apache/hadoop/hadoop-hdds-container-service/0.5.0-SNAPSHOT/hadoop-hdds-container-service-0.5.0-SNAPSHOT.jar!/webapps/static,UNAVAILABLE}
2019-09-26 15:56:33,016 [main] INFO  handler.ContextHandler (ContextHandler.java:doStop(910)) - Stopped o.e.j.s.ServletContextHandler@5e1dde44{/logs,file:///workdir/hadoop-ozone/integration-test/target/log,UNAVAILABLE}
2019-09-26 15:56:33,023 [ForkJoinPool.commonPool-worker-0] INFO  utils.BackgroundService (BackgroundService.java:shutdown(148)) - Shutting down service BlockDeletingService
2019-09-26 15:56:33,027 [ForkJoinPool.commonPool-worker-0] INFO  statemachine.DatanodeStateMachine (DatanodeStateMachine.java:stopDaemon(395)) - Ozone container server stopped.
2019-09-26 15:56:33,031 [ForkJoinPool.commonPool-worker-0] INFO  handler.ContextHandler (ContextHandler.java:doStop(910)) - Stopped o.e.j.w.WebAppContext@56dfab87{/,null,UNAVAILABLE}{/hddsDatanode}
2019-09-26 15:56:33,031 [ForkJoinPool.commonPool-worker-0] INFO  server.AbstractConnector (AbstractConnector.java:doStop(318)) - Stopped ServerConnector@715b886f{HTTP/1.1,[http/1.1]}{0.0.0.0:0}
2019-09-26 15:56:33,033 [ForkJoinPool.commonPool-worker-0] INFO  handler.ContextHandler (ContextHandler.java:doStop(910)) - Stopped o.e.j.s.ServletContextHandler@72f9f27c{/static,jar:file:/home/user/.m2/repository/org/apache/hadoop/hadoop-hdds-container-service/0.5.0-SNAPSHOT/hadoop-hdds-container-service-0.5.0-SNAPSHOT.jar!/webapps/static,UNAVAILABLE}
2019-09-26 15:56:33,034 [ForkJoinPool.commonPool-worker-0] INFO  handler.ContextHandler (ContextHandler.java:doStop(910)) - Stopped o.e.j.s.ServletContextHandler@43af351a{/logs,file:///workdir/hadoop-ozone/integration-test/target/log,UNAVAILABLE}
2019-09-26 15:56:33,228 [Datanode State Machine Thread - 0] INFO  statemachine.DatanodeStateMachine (DatanodeStateMachine.java:lambda$startDaemon$0(350)) - Ozone container server started.
2019-09-26 15:56:33,900 [Datanode State Machine Thread - 0] INFO  statemachine.DatanodeStateMachine (DatanodeStateMachine.java:lambda$startDaemon$0(350)) - Ozone container server started.
2019-09-26 15:56:35,146 [Thread-373] INFO  impl.FollowerState (FollowerState.java:run(106)) - b1b47c16-4b16-47f9-8a1c-bd43cd9891d3:group-E19CBEF779EE changes to CANDIDATE, lastRpcTime:9065, electionTimeout:5199ms
2019-09-26 15:56:35,146 [Thread-373] INFO  impl.RoleInfo (RoleInfo.java:shutdownFollowerState(121)) - b1b47c16-4b16-47f9-8a1c-bd43cd9891d3: shutdown FollowerState
2019-09-26 15:56:35,146 [Thread-373] INFO  impl.RaftServerImpl (RaftServerImpl.java:setRole(174)) - b1b47c16-4b16-47f9-8a1c-bd43cd9891d3@group-E19CBEF779EE: changes role from  FOLLOWER to CANDIDATE at term 1 for changeToCandidate
2019-09-26 15:56:35,147 [Thread-373] INFO  impl.RoleInfo (RoleInfo.java:updateAndGet(143)) - b1b47c16-4b16-47f9-8a1c-bd43cd9891d3: start LeaderElection
2019-09-26 15:56:35,147 [b1b47c16-4b16-47f9-8a1c-bd43cd9891d3@group-E19CBEF779EE:LeaderElection16] INFO  impl.RaftServerImpl (ServerState.java:setLeader(253)) - b1b47c16-4b16-47f9-8a1c-bd43cd9891d3@group-E19CBEF779EE: change Leader from 1b3d0591-2738-428f-9259-44499a4c704f to null at term 1 for initElection
2019-09-26 15:56:35,162 [b1b47c16-4b16-47f9-8a1c-bd43cd9891d3@group-E19CBEF779EE:LeaderElection16] INFO  impl.LeaderElection (LeaderElection.java:askForVotes(182)) - b1b47c16-4b16-47f9-8a1c-bd43cd9891d3@group-E19CBEF779EE:LeaderElection16: begin an election at term 2 for 0: [b1b47c16-4b16-47f9-8a1c-bd43cd9891d3:192.168.157.234:40890, 1b3d0591-2738-428f-9259-44499a4c704f:192.168.157.234:35407, 1db74e33-95b2-4a02-afc0-c3b777a2f5f7:192.168.157.234:42936], old=null
2019-09-26 15:56:35,172 [b1b47c16-4b16-47f9-8a1c-bd43cd9891d3@group-E19CBEF779EE:LeaderElection16] INFO  impl.LeaderElection (LogUtils.java:infoOrTrace(149)) - b1b47c16-4b16-47f9-8a1c-bd43cd9891d3@group-E19CBEF779EE:LeaderElection16 got exception when requesting votes: {}
java.util.concurrent.ExecutionException: org.apache.ratis.thirdparty.io.grpc.StatusRuntimeException: UNAVAILABLE: io exception
	at java.util.concurrent.FutureTask.report(FutureTask.java:122)
	at java.util.concurrent.FutureTask.get(FutureTask.java:192)
	at org.apache.ratis.server.impl.LeaderElection.waitForResults(LeaderElection.java:263)
	at org.apache.ratis.server.impl.LeaderElection.askForVotes(LeaderElection.java:201)
	at org.apache.ratis.server.impl.LeaderElection.run(LeaderElection.java:133)
	at java.lang.Thread.run(Thread.java:748)
Caused by: org.apache.ratis.thirdparty.io.grpc.StatusRuntimeException: UNAVAILABLE: io exception
	at org.apache.ratis.thirdparty.io.grpc.stub.ClientCalls.toStatusRuntimeException(ClientCalls.java:233)
	at org.apache.ratis.thirdparty.io.grpc.stub.ClientCalls.getUnchecked(ClientCalls.java:214)
	at org.apache.ratis.thirdparty.io.grpc.stub.ClientCalls.blockingUnaryCall(ClientCalls.java:139)
	at org.apache.ratis.proto.grpc.RaftServerProtocolServiceGrpc$RaftServerProtocolServiceBlockingStub.requestVote(RaftServerProtocolServiceGrpc.java:265)
	at org.apache.ratis.grpc.server.GrpcServerProtocolClient.requestVote(GrpcServerProtocolClient.java:90)
	at org.apache.ratis.grpc.server.GrpcService.requestVote(GrpcService.java:204)
	at org.apache.ratis.server.impl.LeaderElection.lambda$submitRequests$1(LeaderElection.java:238)
	at java.util.concurrent.FutureTask.run(FutureTask.java:266)
	at java.util.concurrent.Executors$RunnableAdapter.call(Executors.java:511)
	at java.util.concurrent.FutureTask.run(FutureTask.java:266)
	at java.util.concurrent.ThreadPoolExecutor.runWorker(ThreadPoolExecutor.java:1149)
	at java.util.concurrent.ThreadPoolExecutor$Worker.run(ThreadPoolExecutor.java:624)
	... 1 more
Caused by: org.apache.ratis.thirdparty.io.netty.channel.AbstractChannel$AnnotatedConnectException: Connection refused: /192.168.157.234:35407
	at sun.nio.ch.SocketChannelImpl.checkConnect(Native Method)
	at sun.nio.ch.SocketChannelImpl.finishConnect(SocketChannelImpl.java:717)
	at org.apache.ratis.thirdparty.io.netty.channel.socket.nio.NioSocketChannel.doFinishConnect(NioSocketChannel.java:327)
	at org.apache.ratis.thirdparty.io.netty.channel.nio.AbstractNioChannel$AbstractNioUnsafe.finishConnect(AbstractNioChannel.java:340)
	at org.apache.ratis.thirdparty.io.netty.channel.nio.NioEventLoop.processSelectedKey(NioEventLoop.java:632)
	at org.apache.ratis.thirdparty.io.netty.channel.nio.NioEventLoop.processSelectedKeysOptimized(NioEventLoop.java:579)
	at org.apache.ratis.thirdparty.io.netty.channel.nio.NioEventLoop.processSelectedKeys(NioEventLoop.java:496)
	at org.apache.ratis.thirdparty.io.netty.channel.nio.NioEventLoop.run(NioEventLoop.java:458)
	at org.apache.ratis.thirdparty.io.netty.util.concurrent.SingleThreadEventExecutor$5.run(SingleThreadEventExecutor.java:897)
	at org.apache.ratis.thirdparty.io.netty.util.concurrent.FastThreadLocalRunnable.run(FastThreadLocalRunnable.java:30)
	... 1 more
Caused by: java.net.ConnectException: Connection refused
	... 11 more
2019-09-26 15:56:35,173 [b1b47c16-4b16-47f9-8a1c-bd43cd9891d3@group-E19CBEF779EE:LeaderElection16] INFO  impl.LeaderElection (LogUtils.java:infoOrTrace(149)) - b1b47c16-4b16-47f9-8a1c-bd43cd9891d3@group-E19CBEF779EE:LeaderElection16 got exception when requesting votes: {}
java.util.concurrent.ExecutionException: org.apache.ratis.thirdparty.io.grpc.StatusRuntimeException: UNAVAILABLE: io exception
	at java.util.concurrent.FutureTask.report(FutureTask.java:122)
	at java.util.concurrent.FutureTask.get(FutureTask.java:192)
	at org.apache.ratis.server.impl.LeaderElection.waitForResults(LeaderElection.java:263)
	at org.apache.ratis.server.impl.LeaderElection.askForVotes(LeaderElection.java:201)
	at org.apache.ratis.server.impl.LeaderElection.run(LeaderElection.java:133)
	at java.lang.Thread.run(Thread.java:748)
Caused by: org.apache.ratis.thirdparty.io.grpc.StatusRuntimeException: UNAVAILABLE: io exception
	at org.apache.ratis.thirdparty.io.grpc.stub.ClientCalls.toStatusRuntimeException(ClientCalls.java:233)
	at org.apache.ratis.thirdparty.io.grpc.stub.ClientCalls.getUnchecked(ClientCalls.java:214)
	at org.apache.ratis.thirdparty.io.grpc.stub.ClientCalls.blockingUnaryCall(ClientCalls.java:139)
	at org.apache.ratis.proto.grpc.RaftServerProtocolServiceGrpc$RaftServerProtocolServiceBlockingStub.requestVote(RaftServerProtocolServiceGrpc.java:265)
	at org.apache.ratis.grpc.server.GrpcServerProtocolClient.requestVote(GrpcServerProtocolClient.java:90)
	at org.apache.ratis.grpc.server.GrpcService.requestVote(GrpcService.java:204)
	at org.apache.ratis.server.impl.LeaderElection.lambda$submitRequests$1(LeaderElection.java:238)
	at java.util.concurrent.FutureTask.run(FutureTask.java:266)
	at java.util.concurrent.Executors$RunnableAdapter.call(Executors.java:511)
	at java.util.concurrent.FutureTask.run(FutureTask.java:266)
	at java.util.concurrent.ThreadPoolExecutor.runWorker(ThreadPoolExecutor.java:1149)
	at java.util.concurrent.ThreadPoolExecutor$Worker.run(ThreadPoolExecutor.java:624)
	... 1 more
Caused by: org.apache.ratis.thirdparty.io.netty.channel.AbstractChannel$AnnotatedConnectException: Connection refused: /192.168.157.234:42936
	at sun.nio.ch.SocketChannelImpl.checkConnect(Native Method)
	at sun.nio.ch.SocketChannelImpl.finishConnect(SocketChannelImpl.java:717)
	at org.apache.ratis.thirdparty.io.netty.channel.socket.nio.NioSocketChannel.doFinishConnect(NioSocketChannel.java:327)
	at org.apache.ratis.thirdparty.io.netty.channel.nio.AbstractNioChannel$AbstractNioUnsafe.finishConnect(AbstractNioChannel.java:340)
	at org.apache.ratis.thirdparty.io.netty.channel.nio.NioEventLoop.processSelectedKey(NioEventLoop.java:632)
	at org.apache.ratis.thirdparty.io.netty.channel.nio.NioEventLoop.processSelectedKeysOptimized(NioEventLoop.java:579)
	at org.apache.ratis.thirdparty.io.netty.channel.nio.NioEventLoop.processSelectedKeys(NioEventLoop.java:496)
	at org.apache.ratis.thirdparty.io.netty.channel.nio.NioEventLoop.run(NioEventLoop.java:458)
	at org.apache.ratis.thirdparty.io.netty.util.concurrent.SingleThreadEventExecutor$5.run(SingleThreadEventExecutor.java:897)
	at org.apache.ratis.thirdparty.io.netty.util.concurrent.FastThreadLocalRunnable.run(FastThreadLocalRunnable.java:30)
	... 1 more
Caused by: java.net.ConnectException: Connection refused
	... 11 more
2019-09-26 15:56:35,175 [b1b47c16-4b16-47f9-8a1c-bd43cd9891d3@group-E19CBEF779EE:LeaderElection16] INFO  impl.LeaderElection (LeaderElection.java:logAndReturn(56)) - b1b47c16-4b16-47f9-8a1c-bd43cd9891d3@group-E19CBEF779EE:LeaderElection16: Election REJECTED; received 0 response(s) [] and 2 exception(s); b1b47c16-4b16-47f9-8a1c-bd43cd9891d3@group-E19CBEF779EE:t2, leader=null, voted=b1b47c16-4b16-47f9-8a1c-bd43cd9891d3, raftlog=b1b47c16-4b16-47f9-8a1c-bd43cd9891d3@group-E19CBEF779EE-SegmentedRaftLog:OPENED:c0,f0,i0, conf=0: [b1b47c16-4b16-47f9-8a1c-bd43cd9891d3:192.168.157.234:40890, 1b3d0591-2738-428f-9259-44499a4c704f:192.168.157.234:35407, 1db74e33-95b2-4a02-afc0-c3b777a2f5f7:192.168.157.234:42936], old=null
2019-09-26 15:56:35,176 [b1b47c16-4b16-47f9-8a1c-bd43cd9891d3@group-E19CBEF779EE:LeaderElection16] INFO  impl.LeaderElection (LogUtils.java:infoOrTrace(149)) -   Exception 0: {}
java.util.concurrent.ExecutionException: org.apache.ratis.thirdparty.io.grpc.StatusRuntimeException: UNAVAILABLE: io exception
	at java.util.concurrent.FutureTask.report(FutureTask.java:122)
	at java.util.concurrent.FutureTask.get(FutureTask.java:192)
	at org.apache.ratis.server.impl.LeaderElection.waitForResults(LeaderElection.java:263)
	at org.apache.ratis.server.impl.LeaderElection.askForVotes(LeaderElection.java:201)
	at org.apache.ratis.server.impl.LeaderElection.run(LeaderElection.java:133)
	at java.lang.Thread.run(Thread.java:748)
Caused by: org.apache.ratis.thirdparty.io.grpc.StatusRuntimeException: UNAVAILABLE: io exception
	at org.apache.ratis.thirdparty.io.grpc.stub.ClientCalls.toStatusRuntimeException(ClientCalls.java:233)
	at org.apache.ratis.thirdparty.io.grpc.stub.ClientCalls.getUnchecked(ClientCalls.java:214)
	at org.apache.ratis.thirdparty.io.grpc.stub.ClientCalls.blockingUnaryCall(ClientCalls.java:139)
	at org.apache.ratis.proto.grpc.RaftServerProtocolServiceGrpc$RaftServerProtocolServiceBlockingStub.requestVote(RaftServerProtocolServiceGrpc.java:265)
	at org.apache.ratis.grpc.server.GrpcServerProtocolClient.requestVote(GrpcServerProtocolClient.java:90)
	at org.apache.ratis.grpc.server.GrpcService.requestVote(GrpcService.java:204)
	at org.apache.ratis.server.impl.LeaderElection.lambda$submitRequests$1(LeaderElection.java:238)
	at java.util.concurrent.FutureTask.run(FutureTask.java:266)
	at java.util.concurrent.Executors$RunnableAdapter.call(Executors.java:511)
	at java.util.concurrent.FutureTask.run(FutureTask.java:266)
	at java.util.concurrent.ThreadPoolExecutor.runWorker(ThreadPoolExecutor.java:1149)
	at java.util.concurrent.ThreadPoolExecutor$Worker.run(ThreadPoolExecutor.java:624)
	... 1 more
Caused by: org.apache.ratis.thirdparty.io.netty.channel.AbstractChannel$AnnotatedConnectException: Connection refused: /192.168.157.234:35407
	at sun.nio.ch.SocketChannelImpl.checkConnect(Native Method)
	at sun.nio.ch.SocketChannelImpl.finishConnect(SocketChannelImpl.java:717)
	at org.apache.ratis.thirdparty.io.netty.channel.socket.nio.NioSocketChannel.doFinishConnect(NioSocketChannel.java:327)
	at org.apache.ratis.thirdparty.io.netty.channel.nio.AbstractNioChannel$AbstractNioUnsafe.finishConnect(AbstractNioChannel.java:340)
	at org.apache.ratis.thirdparty.io.netty.channel.nio.NioEventLoop.processSelectedKey(NioEventLoop.java:632)
	at org.apache.ratis.thirdparty.io.netty.channel.nio.NioEventLoop.processSelectedKeysOptimized(NioEventLoop.java:579)
	at org.apache.ratis.thirdparty.io.netty.channel.nio.NioEventLoop.processSelectedKeys(NioEventLoop.java:496)
	at org.apache.ratis.thirdparty.io.netty.channel.nio.NioEventLoop.run(NioEventLoop.java:458)
	at org.apache.ratis.thirdparty.io.netty.util.concurrent.SingleThreadEventExecutor$5.run(SingleThreadEventExecutor.java:897)
	at org.apache.ratis.thirdparty.io.netty.util.concurrent.FastThreadLocalRunnable.run(FastThreadLocalRunnable.java:30)
	... 1 more
Caused by: java.net.ConnectException: Connection refused
	... 11 more
2019-09-26 15:56:35,176 [b1b47c16-4b16-47f9-8a1c-bd43cd9891d3@group-E19CBEF779EE:LeaderElection16] INFO  impl.LeaderElection (LogUtils.java:infoOrTrace(149)) -   Exception 1: {}
java.util.concurrent.ExecutionException: org.apache.ratis.thirdparty.io.grpc.StatusRuntimeException: UNAVAILABLE: io exception
	at java.util.concurrent.FutureTask.report(FutureTask.java:122)
	at java.util.concurrent.FutureTask.get(FutureTask.java:192)
	at org.apache.ratis.server.impl.LeaderElection.waitForResults(LeaderElection.java:263)
	at org.apache.ratis.server.impl.LeaderElection.askForVotes(LeaderElection.java:201)
	at org.apache.ratis.server.impl.LeaderElection.run(LeaderElection.java:133)
	at java.lang.Thread.run(Thread.java:748)
Caused by: org.apache.ratis.thirdparty.io.grpc.StatusRuntimeException: UNAVAILABLE: io exception
	at org.apache.ratis.thirdparty.io.grpc.stub.ClientCalls.toStatusRuntimeException(ClientCalls.java:233)
	at org.apache.ratis.thirdparty.io.grpc.stub.ClientCalls.getUnchecked(ClientCalls.java:214)
	at org.apache.ratis.thirdparty.io.grpc.stub.ClientCalls.blockingUnaryCall(ClientCalls.java:139)
	at org.apache.ratis.proto.grpc.RaftServerProtocolServiceGrpc$RaftServerProtocolServiceBlockingStub.requestVote(RaftServerProtocolServiceGrpc.java:265)
	at org.apache.ratis.grpc.server.GrpcServerProtocolClient.requestVote(GrpcServerProtocolClient.java:90)
	at org.apache.ratis.grpc.server.GrpcService.requestVote(GrpcService.java:204)
	at org.apache.ratis.server.impl.LeaderElection.lambda$submitRequests$1(LeaderElection.java:238)
	at java.util.concurrent.FutureTask.run(FutureTask.java:266)
	at java.util.concurrent.Executors$RunnableAdapter.call(Executors.java:511)
	at java.util.concurrent.FutureTask.run(FutureTask.java:266)
	at java.util.concurrent.ThreadPoolExecutor.runWorker(ThreadPoolExecutor.java:1149)
	at java.util.concurrent.ThreadPoolExecutor$Worker.run(ThreadPoolExecutor.java:624)
	... 1 more
Caused by: org.apache.ratis.thirdparty.io.netty.channel.AbstractChannel$AnnotatedConnectException: Connection refused: /192.168.157.234:42936
	at sun.nio.ch.SocketChannelImpl.checkConnect(Native Method)
	at sun.nio.ch.SocketChannelImpl.finishConnect(SocketChannelImpl.java:717)
	at org.apache.ratis.thirdparty.io.netty.channel.socket.nio.NioSocketChannel.doFinishConnect(NioSocketChannel.java:327)
	at org.apache.ratis.thirdparty.io.netty.channel.nio.AbstractNioChannel$AbstractNioUnsafe.finishConnect(AbstractNioChannel.java:340)
	at org.apache.ratis.thirdparty.io.netty.channel.nio.NioEventLoop.processSelectedKey(NioEventLoop.java:632)
	at org.apache.ratis.thirdparty.io.netty.channel.nio.NioEventLoop.processSelectedKeysOptimized(NioEventLoop.java:579)
	at org.apache.ratis.thirdparty.io.netty.channel.nio.NioEventLoop.processSelectedKeys(NioEventLoop.java:496)
	at org.apache.ratis.thirdparty.io.netty.channel.nio.NioEventLoop.run(NioEventLoop.java:458)
	at org.apache.ratis.thirdparty.io.netty.util.concurrent.SingleThreadEventExecutor$5.run(SingleThreadEventExecutor.java:897)
	at org.apache.ratis.thirdparty.io.netty.util.concurrent.FastThreadLocalRunnable.run(FastThreadLocalRunnable.java:30)
	... 1 more
Caused by: java.net.ConnectException: Connection refused
	... 11 more
2019-09-26 15:56:35,177 [b1b47c16-4b16-47f9-8a1c-bd43cd9891d3@group-E19CBEF779EE:LeaderElection16] INFO  impl.RaftServerImpl (RaftServerImpl.java:setRole(174)) - b1b47c16-4b16-47f9-8a1c-bd43cd9891d3@group-E19CBEF779EE: changes role from CANDIDATE to FOLLOWER at term 2 for DISCOVERED_A_NEW_TERM
2019-09-26 15:56:35,178 [b1b47c16-4b16-47f9-8a1c-bd43cd9891d3@group-E19CBEF779EE:LeaderElection16] INFO  impl.RoleInfo (RoleInfo.java:shutdownLeaderElection(134)) - b1b47c16-4b16-47f9-8a1c-bd43cd9891d3: shutdown LeaderElection
2019-09-26 15:56:35,178 [b1b47c16-4b16-47f9-8a1c-bd43cd9891d3@group-E19CBEF779EE:LeaderElection16] INFO  impl.RoleInfo (RoleInfo.java:updateAndGet(143)) - b1b47c16-4b16-47f9-8a1c-bd43cd9891d3: start FollowerState
2019-09-26 15:56:38,018 [main] INFO  ozoneimpl.OzoneContainer (OzoneContainer.java:stop(231)) - Attempting to stop container services.
2019-09-26 15:56:38,020 [main] INFO  impl.RaftServerProxy (RaftServerProxy.java:lambda$close$4(314)) - 5e8efae4-1bfc-4920-bedf-2411f13adce7: close
2019-09-26 15:56:38,020 [main] INFO  impl.RaftServerImpl (RaftServerImpl.java:lambda$shutdown$3(251)) - 5e8efae4-1bfc-4920-bedf-2411f13adce7@group-BD6655452631: shutdown
2019-09-26 15:56:38,021 [main] INFO  util.JmxRegister (JmxRegister.java:unregister(73)) - Successfully un-registered JMX Bean with object name Ratis:service=RaftServer,group=group-BD6655452631,id=5e8efae4-1bfc-4920-bedf-2411f13adce7
2019-09-26 15:56:38,021 [main] INFO  impl.RoleInfo (RoleInfo.java:shutdownLeaderState(104)) - 5e8efae4-1bfc-4920-bedf-2411f13adce7: shutdown LeaderState
2019-09-26 15:56:38,022 [main] INFO  impl.PendingRequests (PendingRequests.java:sendNotLeaderResponses(202)) - 5e8efae4-1bfc-4920-bedf-2411f13adce7-PendingRequests: sendNotLeaderResponses
2019-09-26 15:56:38,022 [main] INFO  impl.StateMachineUpdater (StateMachineUpdater.java:stopAndJoin(125)) - 5e8efae4-1bfc-4920-bedf-2411f13adce7@group-BD6655452631-StateMachineUpdater: set stopIndex = 0
2019-09-26 15:56:38,023 [main] INFO  impl.RaftServerImpl (ServerState.java:close(385)) - 5e8efae4-1bfc-4920-bedf-2411f13adce7@group-BD6655452631: closes. applyIndex: 0
2019-09-26 15:56:38,024 [5e8efae4-1bfc-4920-bedf-2411f13adce7@group-BD6655452631-SegmentedRaftLogWorker] INFO  segmented.SegmentedRaftLogWorker (SegmentedRaftLogWorker.java:run(313)) - 5e8efae4-1bfc-4920-bedf-2411f13adce7@group-BD6655452631-SegmentedRaftLogWorker was interrupted, exiting. There are 0 tasks remaining in the queue.
2019-09-26 15:56:38,024 [main] INFO  segmented.SegmentedRaftLogWorker (SegmentedRaftLogWorker.java:close(228)) - 5e8efae4-1bfc-4920-bedf-2411f13adce7@group-BD6655452631-SegmentedRaftLogWorker close()
2019-09-26 15:56:38,026 [main] INFO  impl.RaftServerImpl (RaftServerImpl.java:lambda$shutdown$3(251)) - 5e8efae4-1bfc-4920-bedf-2411f13adce7@group-6BA2059DE0D3: shutdown
2019-09-26 15:56:38,027 [main] INFO  util.JmxRegister (JmxRegister.java:unregister(73)) - Successfully un-registered JMX Bean with object name Ratis:service=RaftServer,group=group-6BA2059DE0D3,id=5e8efae4-1bfc-4920-bedf-2411f13adce7
2019-09-26 15:56:38,027 [main] INFO  impl.RoleInfo (RoleInfo.java:shutdownFollowerState(121)) - 5e8efae4-1bfc-4920-bedf-2411f13adce7: shutdown FollowerState
2019-09-26 15:56:38,028 [main] INFO  impl.StateMachineUpdater (StateMachineUpdater.java:stopAndJoin(125)) - 5e8efae4-1bfc-4920-bedf-2411f13adce7@group-6BA2059DE0D3-StateMachineUpdater: set stopIndex = 0
2019-09-26 15:56:38,028 [Thread-375] INFO  impl.FollowerState (FollowerState.java:run(115)) - 5e8efae4-1bfc-4920-bedf-2411f13adce7: FollowerState was interrupted: java.lang.InterruptedException: sleep interrupted
2019-09-26 15:56:38,029 [main] INFO  impl.RaftServerImpl (ServerState.java:close(385)) - 5e8efae4-1bfc-4920-bedf-2411f13adce7@group-6BA2059DE0D3: closes. applyIndex: 0
2019-09-26 15:56:38,029 [5e8efae4-1bfc-4920-bedf-2411f13adce7@group-6BA2059DE0D3-SegmentedRaftLogWorker] INFO  segmented.SegmentedRaftLogWorker (SegmentedRaftLogWorker.java:run(313)) - 5e8efae4-1bfc-4920-bedf-2411f13adce7@group-6BA2059DE0D3-SegmentedRaftLogWorker was interrupted, exiting. There are 0 tasks remaining in the queue.
2019-09-26 15:56:38,030 [main] INFO  segmented.SegmentedRaftLogWorker (SegmentedRaftLogWorker.java:close(228)) - 5e8efae4-1bfc-4920-bedf-2411f13adce7@group-6BA2059DE0D3-SegmentedRaftLogWorker close()
2019-09-26 15:56:38,031 [main] INFO  server.GrpcService (GrpcService.java:closeImpl(164)) - 5e8efae4-1bfc-4920-bedf-2411f13adce7: shutdown server with port 40706 now
2019-09-26 15:56:38,032 [main] INFO  server.GrpcService (GrpcService.java:closeImpl(172)) - 5e8efae4-1bfc-4920-bedf-2411f13adce7: shutdown server with port 40706 successfully
2019-09-26 15:56:38,034 [refreshUsed-/workdir/hadoop-ozone/integration-test/target/test-dir/MiniOzoneClusterImpl-b52dc576-3a90-4436-b01d-af36ccb82095/datanode-7/data/containers] WARN  fs.CachingGetSpaceUsed (CachingGetSpaceUsed.java:run(183)) - Thread Interrupted waiting to refresh disk information: sleep interrupted
2019-09-26 15:56:38,035 [ForkJoinPool.commonPool-worker-0] INFO  ozoneimpl.OzoneContainer (OzoneContainer.java:stop(231)) - Attempting to stop container services.
2019-09-26 15:56:38,036 [ForkJoinPool.commonPool-worker-0] INFO  impl.RaftServerProxy (RaftServerProxy.java:lambda$close$4(314)) - b1b47c16-4b16-47f9-8a1c-bd43cd9891d3: close
2019-09-26 15:56:38,036 [ForkJoinPool.commonPool-worker-0] INFO  impl.RaftServerImpl (RaftServerImpl.java:lambda$shutdown$3(251)) - b1b47c16-4b16-47f9-8a1c-bd43cd9891d3@group-B26695E054CA: shutdown
2019-09-26 15:56:38,037 [ForkJoinPool.commonPool-worker-0] INFO  util.JmxRegister (JmxRegister.java:unregister(73)) - Successfully un-registered JMX Bean with object name Ratis:service=RaftServer,group=group-B26695E054CA,id=b1b47c16-4b16-47f9-8a1c-bd43cd9891d3
2019-09-26 15:56:38,040 [ForkJoinPool.commonPool-worker-0] INFO  impl.RoleInfo (RoleInfo.java:shutdownLeaderState(104)) - b1b47c16-4b16-47f9-8a1c-bd43cd9891d3: shutdown LeaderState
2019-09-26 15:56:38,040 [ForkJoinPool.commonPool-worker-0] INFO  impl.PendingRequests (PendingRequests.java:sendNotLeaderResponses(202)) - b1b47c16-4b16-47f9-8a1c-bd43cd9891d3-PendingRequests: sendNotLeaderResponses
2019-09-26 15:56:38,041 [ForkJoinPool.commonPool-worker-0] INFO  impl.StateMachineUpdater (StateMachineUpdater.java:stopAndJoin(125)) - b1b47c16-4b16-47f9-8a1c-bd43cd9891d3@group-B26695E054CA-StateMachineUpdater: set stopIndex = 0
2019-09-26 15:56:38,041 [ForkJoinPool.commonPool-worker-0] INFO  impl.RaftServerImpl (ServerState.java:close(385)) - b1b47c16-4b16-47f9-8a1c-bd43cd9891d3@group-B26695E054CA: closes. applyIndex: 0
2019-09-26 15:56:38,042 [b1b47c16-4b16-47f9-8a1c-bd43cd9891d3@group-B26695E054CA-SegmentedRaftLogWorker] INFO  segmented.SegmentedRaftLogWorker (SegmentedRaftLogWorker.java:run(313)) - b1b47c16-4b16-47f9-8a1c-bd43cd9891d3@group-B26695E054CA-SegmentedRaftLogWorker was interrupted, exiting. There are 0 tasks remaining in the queue.
2019-09-26 15:56:38,042 [ForkJoinPool.commonPool-worker-0] INFO  segmented.SegmentedRaftLogWorker (SegmentedRaftLogWorker.java:close(228)) - b1b47c16-4b16-47f9-8a1c-bd43cd9891d3@group-B26695E054CA-SegmentedRaftLogWorker close()
2019-09-26 15:56:38,044 [ForkJoinPool.commonPool-worker-0] INFO  impl.RaftServerImpl (RaftServerImpl.java:lambda$shutdown$3(251)) - b1b47c16-4b16-47f9-8a1c-bd43cd9891d3@group-E19CBEF779EE: shutdown
2019-09-26 15:56:38,044 [ForkJoinPool.commonPool-worker-0] INFO  util.JmxRegister (JmxRegister.java:unregister(73)) - Successfully un-registered JMX Bean with object name Ratis:service=RaftServer,group=group-E19CBEF779EE,id=b1b47c16-4b16-47f9-8a1c-bd43cd9891d3
2019-09-26 15:56:38,044 [ForkJoinPool.commonPool-worker-0] INFO  impl.RoleInfo (RoleInfo.java:shutdownFollowerState(121)) - b1b47c16-4b16-47f9-8a1c-bd43cd9891d3: shutdown FollowerState
2019-09-26 15:56:38,044 [ForkJoinPool.commonPool-worker-0] INFO  impl.StateMachineUpdater (StateMachineUpdater.java:stopAndJoin(125)) - b1b47c16-4b16-47f9-8a1c-bd43cd9891d3@group-E19CBEF779EE-StateMachineUpdater: set stopIndex = 0
2019-09-26 15:56:38,045 [Thread-717] INFO  impl.FollowerState (FollowerState.java:run(115)) - b1b47c16-4b16-47f9-8a1c-bd43cd9891d3: FollowerState was interrupted: java.lang.InterruptedException: sleep interrupted
2019-09-26 15:56:38,046 [ForkJoinPool.commonPool-worker-0] INFO  impl.RaftServerImpl (ServerState.java:close(385)) - b1b47c16-4b16-47f9-8a1c-bd43cd9891d3@group-E19CBEF779EE: closes. applyIndex: 0
2019-09-26 15:56:38,047 [b1b47c16-4b16-47f9-8a1c-bd43cd9891d3@group-E19CBEF779EE-SegmentedRaftLogWorker] INFO  segmented.SegmentedRaftLogWorker (SegmentedRaftLogWorker.java:run(313)) - b1b47c16-4b16-47f9-8a1c-bd43cd9891d3@group-E19CBEF779EE-SegmentedRaftLogWorker was interrupted, exiting. There are 0 tasks remaining in the queue.
2019-09-26 15:56:38,047 [ForkJoinPool.commonPool-worker-0] INFO  segmented.SegmentedRaftLogWorker (SegmentedRaftLogWorker.java:close(228)) - b1b47c16-4b16-47f9-8a1c-bd43cd9891d3@group-E19CBEF779EE-SegmentedRaftLogWorker close()
2019-09-26 15:56:38,048 [ForkJoinPool.commonPool-worker-0] INFO  server.GrpcService (GrpcService.java:closeImpl(164)) - b1b47c16-4b16-47f9-8a1c-bd43cd9891d3: shutdown server with port 40890 now
2019-09-26 15:56:38,051 [ForkJoinPool.commonPool-worker-0] INFO  server.GrpcService (GrpcService.java:closeImpl(172)) - b1b47c16-4b16-47f9-8a1c-bd43cd9891d3: shutdown server with port 40890 successfully
2019-09-26 15:56:38,061 [main] INFO  utils.BackgroundService (BackgroundService.java:shutdown(148)) - Shutting down service BlockDeletingService
2019-09-26 15:56:38,065 [main] INFO  statemachine.DatanodeStateMachine (DatanodeStateMachine.java:stopDaemon(395)) - Ozone container server stopped.
2019-09-26 15:56:38,066 [main] INFO  handler.ContextHandler (ContextHandler.java:doStop(910)) - Stopped o.e.j.w.WebAppContext@57cb70be{/,null,UNAVAILABLE}{/hddsDatanode}
2019-09-26 15:56:38,067 [main] INFO  server.AbstractConnector (AbstractConnector.java:doStop(318)) - Stopped ServerConnector@2d4608a6{HTTP/1.1,[http/1.1]}{0.0.0.0:0}
2019-09-26 15:56:38,068 [main] INFO  handler.ContextHandler (ContextHandler.java:doStop(910)) - Stopped o.e.j.s.ServletContextHandler@65f651eb{/static,jar:file:/home/user/.m2/repository/org/apache/hadoop/hadoop-hdds-container-service/0.5.0-SNAPSHOT/hadoop-hdds-container-service-0.5.0-SNAPSHOT.jar!/webapps/static,UNAVAILABLE}
2019-09-26 15:56:38,068 [main] INFO  handler.ContextHandler (ContextHandler.java:doStop(910)) - Stopped o.e.j.s.ServletContextHandler@5ed4bc{/logs,file:///workdir/hadoop-ozone/integration-test/target/log,UNAVAILABLE}
2019-09-26 15:56:38,069 [refreshUsed-/workdir/hadoop-ozone/integration-test/target/test-dir/MiniOzoneClusterImpl-b52dc576-3a90-4436-b01d-af36ccb82095/datanode-1/data/containers] WARN  fs.CachingGetSpaceUsed (CachingGetSpaceUsed.java:run(183)) - Thread Interrupted waiting to refresh disk information: sleep interrupted
2019-09-26 15:56:38,086 [ForkJoinPool.commonPool-worker-0] INFO  utils.BackgroundService (BackgroundService.java:shutdown(148)) - Shutting down service BlockDeletingService
2019-09-26 15:56:38,090 [ForkJoinPool.commonPool-worker-0] INFO  statemachine.DatanodeStateMachine (DatanodeStateMachine.java:stopDaemon(395)) - Ozone container server stopped.
2019-09-26 15:56:38,093 [ForkJoinPool.commonPool-worker-0] INFO  handler.ContextHandler (ContextHandler.java:doStop(910)) - Stopped o.e.j.w.WebAppContext@5ea4300e{/,null,UNAVAILABLE}{/hddsDatanode}
2019-09-26 15:56:38,094 [ForkJoinPool.commonPool-worker-0] INFO  server.AbstractConnector (AbstractConnector.java:doStop(318)) - Stopped ServerConnector@5a1c3cb4{HTTP/1.1,[http/1.1]}{0.0.0.0:0}
2019-09-26 15:56:38,095 [ForkJoinPool.commonPool-worker-0] INFO  handler.ContextHandler (ContextHandler.java:doStop(910)) - Stopped o.e.j.s.ServletContextHandler@20b9d5d5{/static,jar:file:/home/user/.m2/repository/org/apache/hadoop/hadoop-hdds-container-service/0.5.0-SNAPSHOT/hadoop-hdds-container-service-0.5.0-SNAPSHOT.jar!/webapps/static,UNAVAILABLE}
2019-09-26 15:56:38,096 [ForkJoinPool.commonPool-worker-0] INFO  handler.ContextHandler (ContextHandler.java:doStop(910)) - Stopped o.e.j.s.ServletContextHandler@4228bf58{/logs,file:///workdir/hadoop-ozone/integration-test/target/log,UNAVAILABLE}
2019-09-26 15:56:38,097 [main] INFO  ozone.MiniOzoneClusterImpl (MiniOzoneClusterImpl.java:stopSCM(392)) - Stopping the StorageContainerManager
2019-09-26 15:56:38,097 [main] INFO  server.StorageContainerManager (StorageContainerManager.java:stop(808)) - Stopping Replication Manager Service.
2019-09-26 15:56:38,097 [main] INFO  container.ReplicationManager (ReplicationManager.java:stop(203)) - Stopping Replication Monitor Thread.
2019-09-26 15:56:38,097 [main] INFO  server.StorageContainerManager (StorageContainerManager.java:stop(815)) - Stopping Lease Manager of the command watchers
2019-09-26 15:56:38,098 [main] INFO  server.StorageContainerManager (StorageContainerManager.java:stop(822)) - Stopping datanode service RPC server
2019-09-26 15:56:38,098 [main] INFO  server.SCMDatanodeProtocolServer (SCMDatanodeProtocolServer.java:stop(367)) - Stopping the RPC server for DataNodes
2019-09-26 15:56:38,098 [main] INFO  ipc.Server (Server.java:stop(3082)) - Stopping server on 40464
2019-09-26 15:56:38,100 [IPC Server listener on 40464] INFO  ipc.Server (Server.java:run(1185)) - Stopping IPC Server listener on 40464
2019-09-26 15:56:38,100 [IPC Server Responder] INFO  ipc.Server (Server.java:run(1319)) - Stopping IPC Server Responder
2019-09-26 15:56:38,187 [SCM Heartbeat Processing Thread - 0] WARN  node.NodeStateManager (NodeStateManager.java:scheduleNextHealthCheck(646)) - Current Thread is interrupted, shutting down HB processing thread for Node Manager.
2019-09-26 15:56:38,187 [main] INFO  server.StorageContainerManager (StorageContainerManager.java:stop(830)) - Stopping block service RPC server
2019-09-26 15:56:38,188 [main] INFO  server.SCMBlockProtocolServer (SCMBlockProtocolServer.java:stop(155)) - Stopping the RPC server for Block Protocol
2019-09-26 15:56:38,188 [main] INFO  ipc.Server (Server.java:stop(3082)) - Stopping server on 34438
2019-09-26 15:56:38,191 [IPC Server listener on 34438] INFO  ipc.Server (Server.java:run(1185)) - Stopping IPC Server listener on 34438
2019-09-26 15:56:38,191 [main] INFO  server.StorageContainerManager (StorageContainerManager.java:stop(837)) - Stopping the StorageContainerLocationProtocol RPC server
2019-09-26 15:56:38,191 [IPC Server Responder] INFO  ipc.Server (Server.java:run(1319)) - Stopping IPC Server Responder
2019-09-26 15:56:38,191 [main] INFO  server.SCMClientProtocolServer (SCMClientProtocolServer.java:stop(159)) - Stopping the RPC server for Client Protocol
2019-09-26 15:56:38,192 [main] INFO  ipc.Server (Server.java:stop(3082)) - Stopping server on 46435
2019-09-26 15:56:38,194 [IPC Server listener on 46435] INFO  ipc.Server (Server.java:run(1185)) - Stopping IPC Server listener on 46435
2019-09-26 15:56:38,194 [main] INFO  server.StorageContainerManager (StorageContainerManager.java:stop(844)) - Stopping Storage Container Manager HTTP server.
2019-09-26 15:56:38,194 [IPC Server Responder] INFO  ipc.Server (Server.java:run(1319)) - Stopping IPC Server Responder
2019-09-26 15:56:38,195 [main] INFO  handler.ContextHandler (ContextHandler.java:doStop(910)) - Stopped o.e.j.w.WebAppContext@41477a6d{/,null,UNAVAILABLE}{/scm}
2019-09-26 15:56:38,196 [main] INFO  server.AbstractConnector (AbstractConnector.java:doStop(318)) - Stopped ServerConnector@45394b31{HTTP/1.1,[http/1.1]}{0.0.0.0:0}
2019-09-26 15:56:38,197 [main] INFO  handler.ContextHandler (ContextHandler.java:doStop(910)) - Stopped o.e.j.s.ServletContextHandler@5bbbdd4b{/static,file:///workdir/hadoop-ozone/integration-test/target/test-classes/webapps/static,UNAVAILABLE}
2019-09-26 15:56:38,197 [main] INFO  handler.ContextHandler (ContextHandler.java:doStop(910)) - Stopped o.e.j.s.ServletContextHandler@5987e932{/logs,file:///workdir/hadoop-ozone/integration-test/target/log,UNAVAILABLE}
2019-09-26 15:56:38,198 [main] INFO  server.StorageContainerManager (StorageContainerManager.java:stop(855)) - Stopping Block Manager Service.
2019-09-26 15:56:38,198 [main] INFO  utils.BackgroundService (BackgroundService.java:shutdown(148)) - Shutting down service SCMBlockDeletingService
2019-09-26 15:56:38,199 [main] INFO  utils.BackgroundService (BackgroundService.java:shutdown(148)) - Shutting down service SCMBlockDeletingService
2019-09-26 15:56:38,199 [main] INFO  server.StorageContainerManager (StorageContainerManager.java:stop(877)) - Stopping SCM Event Queue.
2019-09-26 15:56:38,207 [main] INFO  impl.MetricsSystemImpl (MetricsSystemImpl.java:stop(210)) - Stopping ratis metrics system...
2019-09-26 15:56:38,221 [prometheus] INFO  impl.MetricsSinkAdapter (MetricsSinkAdapter.java:publishMetricsFromQueue(141)) - prometheus thread interrupted.
2019-09-26 15:56:38,221 [main] INFO  impl.MetricsSystemImpl (MetricsSystemImpl.java:stop(216)) - ratis metrics system stopped.
]]></system-out>
    <system-err><![CDATA[ERROR StatusLogger No Log4j 2 configuration file found. Using default configuration (logging only errors to the console), or user programmatically provided configurations. Set system property 'log4j2.debug' to show Log4j 2 internal initialization logging. See https://logging.apache.org/log4j/2.x/manual/configuration.html for instructions on how to configure Log4j 2
Sep 26, 2019 3:56:17 PM org.apache.ratis.thirdparty.io.grpc.internal.SerializingExecutor run
SEVERE: Exception while executing runnable org.apache.ratis.thirdparty.io.grpc.internal.ServerImpl$JumpToApplicationThreadServerStreamListener$1Closed@416bf217
org.apache.ratis.thirdparty.io.grpc.StatusRuntimeException: CANCELLED: call already cancelled
	at org.apache.ratis.thirdparty.io.grpc.Status.asRuntimeException(Status.java:517)
	at org.apache.ratis.thirdparty.io.grpc.stub.ServerCalls$ServerCallStreamObserverImpl.onCompleted(ServerCalls.java:356)
	at org.apache.ratis.grpc.server.GrpcServerProtocolService$ServerRequestStreamObserver.onError(GrpcServerProtocolService.java:121)
	at org.apache.ratis.thirdparty.io.grpc.stub.ServerCalls$StreamingServerCallHandler$StreamingServerCallListener.onCancel(ServerCalls.java:269)
	at org.apache.ratis.thirdparty.io.grpc.internal.ServerCallImpl$ServerStreamListenerImpl.closed(ServerCallImpl.java:293)
	at org.apache.ratis.thirdparty.io.grpc.internal.ServerImpl$JumpToApplicationThreadServerStreamListener$1Closed.runInContext(ServerImpl.java:741)
	at org.apache.ratis.thirdparty.io.grpc.internal.ContextRunnable.run(ContextRunnable.java:37)
	at org.apache.ratis.thirdparty.io.grpc.internal.SerializingExecutor.run(SerializingExecutor.java:123)
	at java.util.concurrent.ThreadPoolExecutor.runWorker(ThreadPoolExecutor.java:1149)
	at java.util.concurrent.ThreadPoolExecutor$Worker.run(ThreadPoolExecutor.java:624)
	at java.lang.Thread.run(Thread.java:748)

Sep 26, 2019 3:56:17 PM org.apache.ratis.thirdparty.io.grpc.internal.SerializingExecutor run
SEVERE: Exception while executing runnable org.apache.ratis.thirdparty.io.grpc.internal.ServerImpl$JumpToApplicationThreadServerStreamListener$1Closed@556a9287
org.apache.ratis.thirdparty.io.grpc.StatusRuntimeException: CANCELLED: call already cancelled
	at org.apache.ratis.thirdparty.io.grpc.Status.asRuntimeException(Status.java:517)
	at org.apache.ratis.thirdparty.io.grpc.stub.ServerCalls$ServerCallStreamObserverImpl.onCompleted(ServerCalls.java:356)
	at org.apache.ratis.grpc.server.GrpcServerProtocolService$ServerRequestStreamObserver.onError(GrpcServerProtocolService.java:121)
	at org.apache.ratis.thirdparty.io.grpc.stub.ServerCalls$StreamingServerCallHandler$StreamingServerCallListener.onCancel(ServerCalls.java:269)
	at org.apache.ratis.thirdparty.io.grpc.internal.ServerCallImpl$ServerStreamListenerImpl.closed(ServerCallImpl.java:293)
	at org.apache.ratis.thirdparty.io.grpc.internal.ServerImpl$JumpToApplicationThreadServerStreamListener$1Closed.runInContext(ServerImpl.java:741)
	at org.apache.ratis.thirdparty.io.grpc.internal.ContextRunnable.run(ContextRunnable.java:37)
	at org.apache.ratis.thirdparty.io.grpc.internal.SerializingExecutor.run(SerializingExecutor.java:123)
	at java.util.concurrent.ThreadPoolExecutor.runWorker(ThreadPoolExecutor.java:1149)
	at java.util.concurrent.ThreadPoolExecutor$Worker.run(ThreadPoolExecutor.java:624)
	at java.lang.Thread.run(Thread.java:748)

Sep 26, 2019 3:56:22 PM org.apache.ratis.thirdparty.io.grpc.internal.SerializingExecutor run
SEVERE: Exception while executing runnable org.apache.ratis.thirdparty.io.grpc.internal.ServerImpl$JumpToApplicationThreadServerStreamListener$1Closed@103fefef
org.apache.ratis.thirdparty.io.grpc.StatusRuntimeException: CANCELLED: call already cancelled
	at org.apache.ratis.thirdparty.io.grpc.Status.asRuntimeException(Status.java:517)
	at org.apache.ratis.thirdparty.io.grpc.stub.ServerCalls$ServerCallStreamObserverImpl.onCompleted(ServerCalls.java:356)
	at org.apache.ratis.grpc.server.GrpcServerProtocolService$ServerRequestStreamObserver.onError(GrpcServerProtocolService.java:121)
	at org.apache.ratis.thirdparty.io.grpc.stub.ServerCalls$StreamingServerCallHandler$StreamingServerCallListener.onCancel(ServerCalls.java:269)
	at org.apache.ratis.thirdparty.io.grpc.internal.ServerCallImpl$ServerStreamListenerImpl.closed(ServerCallImpl.java:293)
	at org.apache.ratis.thirdparty.io.grpc.internal.ServerImpl$JumpToApplicationThreadServerStreamListener$1Closed.runInContext(ServerImpl.java:741)
	at org.apache.ratis.thirdparty.io.grpc.internal.ContextRunnable.run(ContextRunnable.java:37)
	at org.apache.ratis.thirdparty.io.grpc.internal.SerializingExecutor.run(SerializingExecutor.java:123)
	at java.util.concurrent.ThreadPoolExecutor.runWorker(ThreadPoolExecutor.java:1149)
	at java.util.concurrent.ThreadPoolExecutor$Worker.run(ThreadPoolExecutor.java:624)
	at java.lang.Thread.run(Thread.java:748)

]]></system-err>
  </testcase>
</testsuite>